<?xml version="1.0" encoding="UTF-8"?>
<TestRun id="ccb99f48-1259-4ff3-a342-7dc193faf310" name="SYSTEM@DESKTOP-5AJ0SB3 2021-01-27 13:03:23" runUser="NT AUTHORITY\SYSTEM" xmlns="http://microsoft.com/schemas/VisualStudio/TeamTest/2010">
  <TestSettings name="Default Test Settings" id="b78b51d1-5bc0-4a61-aac7-b8abe3797517">
    <Deployment userDeploymentRoot="E:\Automation\Automation_API_Windows\Monetization_Automation\Monetization_Automation\Monetization_Automation\AutomationAPIExecutionResultsFiles" useDefaultDeploymentRoot="false" runDeploymentRoot="SYSTEM_DESKTOP-5AJ0SB3 2021-01-27 13_03_23" />
    <Execution>
      <TestTypeSpecific />
      <AgentRule name="Execution Agents">
      </AgentRule>
    </Execution>
    <Properties />
  </TestSettings>
  <Times creation="2021-01-27T13:03:23.0251547+05:00" queuing="2021-01-27T13:03:26.7491534+05:00" start="2021-01-27T13:03:26.8390996+05:00" finish="2021-01-27T13:18:55.3340723+05:00" />
  <ResultSummary outcome="Warning">
    <Counters total="7" executed="7" passed="7" error="0" failed="0" timeout="0" aborted="0" inconclusive="0" passedButRunAborted="0" notRunnable="0" notExecuted="0" disconnected="0" warning="0" completed="0" inProgress="0" pending="0" />
    <RunInfos>
      <RunInfo computerName="DESKTOP-5AJ0SB3" outcome="Warning" timestamp="2021-01-27T13:03:26.7291623+05:00">
        <Text>Warning: conflict during test run deployment: deployment item 'E:\Automation\Automation_API_Windows\Monetization_Automation\Monetization_Automation\Monetization_Automation\Monetization_Automation.Utils\Monetization_Automation.Utils\bin\Debug\Monetization_Automation.Utils.dll' specified by the test 'Monetization_Automation.Test.F_SyncAppUnityAPIInputGenerator.G_SyncAppunityMainMethodCodeGenerator' cannot be deployed to 'Google.Protobuf.dll' because otherwise the file 'E:\Automation\Automation_API_Windows\Monetization_Automation\Monetization_Automation\Monetization_Automation\Monetization_Automation.Utils\Monetization_Automation.Utils\bin\Debug\Google.Protobuf.dll' would overwrite deployment item 'e:\automation\automation_api_windows\monetization_automation\monetization_automation\monetization_automation\testingapi\bin\debug\Google.Protobuf.dll' directly or indirectly referenced by the test container 'e:\automation\automation_api_windows\monetization_automation\monetization_automation\monetization_automation\testingapi\bin\debug\monetization_automation.test.dll'.</Text>
      </RunInfo>
      <RunInfo computerName="DESKTOP-5AJ0SB3" outcome="Warning" timestamp="2021-01-27T13:03:26.7301642+05:00">
        <Text>Warning: conflict during test run deployment: deployment item 'E:\Automation\Automation_API_Windows\Monetization_Automation\Monetization_Automation\Monetization_Automation\Monetization_Automation.Utils\Monetization_Automation.Utils\bin\Debug\Monetization_Automation.Utils.dll' specified by the test 'Monetization_Automation.Test.F_SyncAppUnityAPIInputGenerator.G_SyncAppunityMainMethodCodeGenerator' cannot be deployed to 'K4os.Compression.LZ4.Streams.dll' because otherwise the file 'E:\Automation\Automation_API_Windows\Monetization_Automation\Monetization_Automation\Monetization_Automation\Monetization_Automation.Utils\Monetization_Automation.Utils\bin\Debug\K4os.Compression.LZ4.Streams.dll' would overwrite deployment item 'e:\automation\automation_api_windows\monetization_automation\monetization_automation\monetization_automation\testingapi\bin\debug\K4os.Compression.LZ4.Streams.dll' directly or indirectly referenced by the test container 'e:\automation\automation_api_windows\monetization_automation\monetization_automation\monetization_automation\testingapi\bin\debug\monetization_automation.test.dll'.</Text>
      </RunInfo>
      <RunInfo computerName="DESKTOP-5AJ0SB3" outcome="Warning" timestamp="2021-01-27T13:03:26.7301642+05:00">
        <Text>Warning: conflict during test run deployment: deployment item 'E:\Automation\Automation_API_Windows\Monetization_Automation\Monetization_Automation\Monetization_Automation\Monetization_Automation.Utils\Monetization_Automation.Utils\bin\Debug\Monetization_Automation.Utils.dll' specified by the test 'Monetization_Automation.Test.F_SyncAppUnityAPIInputGenerator.G_SyncAppunityMainMethodCodeGenerator' cannot be deployed to 'K4os.Compression.LZ4.dll' because otherwise the file 'E:\Automation\Automation_API_Windows\Monetization_Automation\Monetization_Automation\Monetization_Automation\Monetization_Automation.Utils\Monetization_Automation.Utils\bin\Debug\K4os.Compression.LZ4.dll' would overwrite deployment item 'e:\automation\automation_api_windows\monetization_automation\monetization_automation\monetization_automation\testingapi\bin\debug\K4os.Compression.LZ4.dll' directly or indirectly referenced by the test container 'e:\automation\automation_api_windows\monetization_automation\monetization_automation\monetization_automation\testingapi\bin\debug\monetization_automation.test.dll'.</Text>
      </RunInfo>
      <RunInfo computerName="DESKTOP-5AJ0SB3" outcome="Warning" timestamp="2021-01-27T13:03:26.7301642+05:00">
        <Text>Warning: conflict during test run deployment: deployment item 'E:\Automation\Automation_API_Windows\Monetization_Automation\Monetization_Automation\Monetization_Automation\Monetization_Automation.Utils\Monetization_Automation.Utils\bin\Debug\Monetization_Automation.Utils.dll' specified by the test 'Monetization_Automation.Test.F_SyncAppUnityAPIInputGenerator.G_SyncAppunityMainMethodCodeGenerator' cannot be deployed to 'System.Memory.dll' because otherwise the file 'E:\Automation\Automation_API_Windows\Monetization_Automation\Monetization_Automation\Monetization_Automation\Monetization_Automation.Utils\Monetization_Automation.Utils\bin\Debug\System.Memory.dll' would overwrite deployment item 'e:\automation\automation_api_windows\monetization_automation\monetization_automation\monetization_automation\testingapi\bin\debug\System.Memory.dll' directly or indirectly referenced by the test container 'e:\automation\automation_api_windows\monetization_automation\monetization_automation\monetization_automation\testingapi\bin\debug\monetization_automation.test.dll'.</Text>
      </RunInfo>
      <RunInfo computerName="DESKTOP-5AJ0SB3" outcome="Warning" timestamp="2021-01-27T13:03:26.7301642+05:00">
        <Text>Warning: conflict during test run deployment: deployment item 'E:\Automation\Automation_API_Windows\Monetization_Automation\Monetization_Automation\Monetization_Automation\Monetization_Automation.Utils\Monetization_Automation.Utils\bin\Debug\Monetization_Automation.Utils.dll' specified by the test 'Monetization_Automation.Test.F_SyncAppUnityAPIInputGenerator.G_SyncAppunityMainMethodCodeGenerator' cannot be deployed to 'System.Numerics.Vectors.dll' because otherwise the file 'E:\Automation\Automation_API_Windows\Monetization_Automation\Monetization_Automation\Monetization_Automation\Monetization_Automation.Utils\Monetization_Automation.Utils\bin\Debug\System.Numerics.Vectors.dll' would overwrite deployment item 'e:\automation\automation_api_windows\monetization_automation\monetization_automation\monetization_automation\testingapi\bin\debug\System.Numerics.Vectors.dll' directly or indirectly referenced by the test container 'e:\automation\automation_api_windows\monetization_automation\monetization_automation\monetization_automation\testingapi\bin\debug\monetization_automation.test.dll'.</Text>
      </RunInfo>
      <RunInfo computerName="DESKTOP-5AJ0SB3" outcome="Warning" timestamp="2021-01-27T13:03:26.7301642+05:00">
        <Text>Warning: conflict during test run deployment: deployment item 'E:\Automation\Automation_API_Windows\Monetization_Automation\Monetization_Automation\Monetization_Automation\Monetization_Automation.Utils\Monetization_Automation.Utils\bin\Debug\Monetization_Automation.Utils.dll' specified by the test 'Monetization_Automation.Test.F_SyncAppUnityAPIInputGenerator.G_SyncAppunityMainMethodCodeGenerator' cannot be deployed to 'BouncyCastle.Crypto.dll' because otherwise the file 'E:\Automation\Automation_API_Windows\Monetization_Automation\Monetization_Automation\Monetization_Automation\Monetization_Automation.Utils\Monetization_Automation.Utils\bin\Debug\BouncyCastle.Crypto.dll' would overwrite deployment item 'e:\automation\automation_api_windows\monetization_automation\monetization_automation\monetization_automation\testingapi\bin\debug\BouncyCastle.Crypto.dll' directly or indirectly referenced by the test container 'e:\automation\automation_api_windows\monetization_automation\monetization_automation\monetization_automation\testingapi\bin\debug\monetization_automation.test.dll'.</Text>
      </RunInfo>
      <RunInfo computerName="DESKTOP-5AJ0SB3" outcome="Warning" timestamp="2021-01-27T13:03:26.7301642+05:00">
        <Text>Warning: Test Run deployment issue: The assembly or module 'office' directly or indirectly referenced by the test container 'e:\automation\automation_api_windows\monetization_automation\monetization_automation\monetization_automation\testingapi\bin\debug\monetization_automation.test.dll' was not found.</Text>
      </RunInfo>
      <RunInfo computerName="DESKTOP-5AJ0SB3" outcome="Warning" timestamp="2021-01-27T13:03:26.7301642+05:00">
        <Text>Warning: Test Run deployment issue: The assembly or module 'Microsoft.Vbe.Interop' directly or indirectly referenced by the test container 'e:\automation\automation_api_windows\monetization_automation\monetization_automation\monetization_automation\testingapi\bin\debug\monetization_automation.test.dll' was not found.</Text>
      </RunInfo>
      <RunInfo computerName="DESKTOP-5AJ0SB3" outcome="Warning" timestamp="2021-01-27T13:03:26.7301642+05:00">
        <Text>Warning: Test Run deployment issue: The assembly or module 'System.Memory' directly or indirectly referenced by deployment item 'E:\Automation\Automation_API_Windows\Monetization_Automation\Monetization_Automation\Monetization_Automation\Monetization_Automation.Utils\Monetization_Automation.Utils\bin\Debug\Monetization_Automation.Utils.dll' specified by the test 'Monetization_Automation.Test.F_SyncAppUnityAPIInputGenerator.G_SyncAppunityMainMethodCodeGenerator' was not found.</Text>
      </RunInfo>
      <RunInfo computerName="DESKTOP-5AJ0SB3" outcome="Warning" timestamp="2021-01-27T13:03:26.7301642+05:00">
        <Text>Warning: Test Run deployment issue: The assembly or module 'System.Runtime.CompilerServices.Unsafe' directly or indirectly referenced by deployment item 'E:\Automation\Automation_API_Windows\Monetization_Automation\Monetization_Automation\Monetization_Automation\Monetization_Automation.Utils\Monetization_Automation.Utils\bin\Debug\Monetization_Automation.Utils.dll' specified by the test 'Monetization_Automation.Test.F_SyncAppUnityAPIInputGenerator.G_SyncAppunityMainMethodCodeGenerator' was not found.</Text>
      </RunInfo>
      <RunInfo computerName="DESKTOP-5AJ0SB3" outcome="Warning" timestamp="2021-01-27T13:03:26.7301642+05:00">
        <Text>Warning: Test Run deployment issue: The assembly or module 'System.Buffers' directly or indirectly referenced by deployment item 'E:\Automation\Automation_API_Windows\Monetization_Automation\Monetization_Automation\Monetization_Automation\Monetization_Automation.Utils\Monetization_Automation.Utils\bin\Debug\Monetization_Automation.Utils.dll' specified by the test 'Monetization_Automation.Test.F_SyncAppUnityAPIInputGenerator.G_SyncAppunityMainMethodCodeGenerator' was not found.</Text>
      </RunInfo>
    </RunInfos>
  </ResultSummary>
  <TestDefinitions>
    <UnitTest name="G_SyncAppunityMainMethodCodeGenerator" storage="e:\automation\automation_api_windows\monetization_automation\monetization_automation\monetization_automation\testingapi\bin\debug\monetization_automation.test.dll" id="f70c910a-cc07-24cb-0d1c-bc2c00fc396f">
      <DeploymentItems>
        <DeploymentItem filename="E:\Automation\Automation_API_Windows\Monetization_Automation\Monetization_Automation\Monetization_Automation\Monetization_Automation.Utils\Monetization_Automation.Utils\bin\Debug\Monetization_Automation.Utils.dll" />
      </DeploymentItems>
      <Execution id="0aaae918-a9f5-4717-8dca-7df215fced08" />
      <TestMethod codeBase="E:/Automation/Automation_API_Windows/Monetization_Automation/Monetization_Automation/Monetization_Automation/TestingAPI/bin/Debug/Monetization_Automation.Test.DLL" adapterTypeName="Microsoft.VisualStudio.TestTools.TestTypes.Unit.UnitTestAdapter, Microsoft.VisualStudio.QualityTools.Tips.UnitTest.Adapter, Version=16.0.0.0, Culture=neutral, PublicKeyToken=b03f5f7f11d50a3a" className="Monetization_Automation.Test.F_SyncAppUnityAPIInputGenerator, Monetization_Automation.Test, Version=1.0.0.0, Culture=neutral, PublicKeyToken=null" name="G_SyncAppunityMainMethodCodeGenerator" />
    </UnitTest>
    <UnitTest name="B_CampaignLogSummaryMainMethodCodeGenerator" storage="e:\automation\automation_api_windows\monetization_automation\monetization_automation\monetization_automation\testingapi\bin\debug\monetization_automation.test.dll" id="04151d7f-9c61-1489-4cc0-5cc1dc07baee">
      <DeploymentItems>
        <DeploymentItem filename="E:\Automation\Automation_API_Windows\Monetization_Automation\Monetization_Automation\Monetization_Automation\Monetization_Automation.Utils\Monetization_Automation.Utils\bin\Debug\Monetization_Automation.Utils.dll" />
      </DeploymentItems>
      <Execution id="85e31a8e-79db-408f-a25c-328a7f590c0c" />
      <TestMethod codeBase="E:/Automation/Automation_API_Windows/Monetization_Automation/Monetization_Automation/Monetization_Automation/TestingAPI/bin/Debug/Monetization_Automation.Test.DLL" adapterTypeName="Microsoft.VisualStudio.TestTools.TestTypes.Unit.UnitTestAdapter, Microsoft.VisualStudio.QualityTools.Tips.UnitTest.Adapter, Version=16.0.0.0, Culture=neutral, PublicKeyToken=b03f5f7f11d50a3a" className="Monetization_Automation.Test.B_CampaignLogSummaryAPIInputGenerator, Monetization_Automation.Test, Version=1.0.0.0, Culture=neutral, PublicKeyToken=null" name="B_CampaignLogSummaryMainMethodCodeGenerator" />
    </UnitTest>
    <UnitTest name="E_StartNewAdSessionMainInputGenerator" storage="e:\automation\automation_api_windows\monetization_automation\monetization_automation\monetization_automation\testingapi\bin\debug\monetization_automation.test.dll" id="bfc1b289-dbbb-3bad-fc5e-78e601449e19">
      <DeploymentItems>
        <DeploymentItem filename="E:\Automation\Automation_API_Windows\Monetization_Automation\Monetization_Automation\Monetization_Automation\Monetization_Automation.Utils\Monetization_Automation.Utils\bin\Debug\Monetization_Automation.Utils.dll" />
      </DeploymentItems>
      <Execution id="5d6b6911-1b70-47e9-87d5-d9b2300a465f" />
      <TestMethod codeBase="E:/Automation/Automation_API_Windows/Monetization_Automation/Monetization_Automation/Monetization_Automation/TestingAPI/bin/Debug/Monetization_Automation.Test.DLL" adapterTypeName="Microsoft.VisualStudio.TestTools.TestTypes.Unit.UnitTestAdapter, Microsoft.VisualStudio.QualityTools.Tips.UnitTest.Adapter, Version=16.0.0.0, Culture=neutral, PublicKeyToken=b03f5f7f11d50a3a" className="Monetization_Automation.Test.E_StartNewAdSessionInputGenerator, Monetization_Automation.Test, Version=1.0.0.0, Culture=neutral, PublicKeyToken=null" name="E_StartNewAdSessionMainInputGenerator" />
    </UnitTest>
    <UnitTest name="A_SyncAppNativeMainMethodInputGenerator" storage="e:\automation\automation_api_windows\monetization_automation\monetization_automation\monetization_automation\testingapi\bin\debug\monetization_automation.test.dll" id="b1df3d41-c071-e99d-12ca-f9fb92f1350c">
      <DeploymentItems>
        <DeploymentItem filename="E:\Automation\Automation_API_Windows\Monetization_Automation\Monetization_Automation\Monetization_Automation\Monetization_Automation.Utils\Monetization_Automation.Utils\bin\Debug\Monetization_Automation.Utils.dll" />
      </DeploymentItems>
      <Execution id="c41d35cf-57cf-4ba8-8d62-3aa037dbe149" />
      <TestMethod codeBase="E:/Automation/Automation_API_Windows/Monetization_Automation/Monetization_Automation/Monetization_Automation/TestingAPI/bin/Debug/Monetization_Automation.Test.DLL" adapterTypeName="Microsoft.VisualStudio.TestTools.TestTypes.Unit.UnitTestAdapter, Microsoft.VisualStudio.QualityTools.Tips.UnitTest.Adapter, Version=16.0.0.0, Culture=neutral, PublicKeyToken=b03f5f7f11d50a3a" className="Monetization_Automation.Test.A_SyncAppNativeAPIInputGenerator, Monetization_Automation.Test, Version=1.0.0.0, Culture=neutral, PublicKeyToken=null" name="A_SyncAppNativeMainMethodInputGenerator" />
    </UnitTest>
    <UnitTest name="D_SaveNetworkrStatsMainMethodCodeGenerator" storage="e:\automation\automation_api_windows\monetization_automation\monetization_automation\monetization_automation\testingapi\bin\debug\monetization_automation.test.dll" id="20f0da05-06f5-50cc-bee5-9ac7cf561794">
      <DeploymentItems>
        <DeploymentItem filename="E:\Automation\Automation_API_Windows\Monetization_Automation\Monetization_Automation\Monetization_Automation\Monetization_Automation.Utils\Monetization_Automation.Utils\bin\Debug\Monetization_Automation.Utils.dll" />
      </DeploymentItems>
      <Execution id="88aca343-1f63-431a-859b-2e43d78ecc2a" />
      <TestMethod codeBase="E:/Automation/Automation_API_Windows/Monetization_Automation/Monetization_Automation/Monetization_Automation/TestingAPI/bin/Debug/Monetization_Automation.Test.DLL" adapterTypeName="Microsoft.VisualStudio.TestTools.TestTypes.Unit.UnitTestAdapter, Microsoft.VisualStudio.QualityTools.Tips.UnitTest.Adapter, Version=16.0.0.0, Culture=neutral, PublicKeyToken=b03f5f7f11d50a3a" className="Monetization_Automation.Test.D_SaveNetworkrStatsAPIInputGenerator, Monetization_Automation.Test, Version=1.0.0.0, Culture=neutral, PublicKeyToken=null" name="D_SaveNetworkrStatsMainMethodCodeGenerator" />
    </UnitTest>
    <UnitTest name="C_RecordClicksFromDeviceMainMethodCodeGenerator" storage="e:\automation\automation_api_windows\monetization_automation\monetization_automation\monetization_automation\testingapi\bin\debug\monetization_automation.test.dll" id="d249d328-6d44-2c2d-6ed9-e0b5d6f69772">
      <DeploymentItems>
        <DeploymentItem filename="E:\Automation\Automation_API_Windows\Monetization_Automation\Monetization_Automation\Monetization_Automation\Monetization_Automation.Utils\Monetization_Automation.Utils\bin\Debug\Monetization_Automation.Utils.dll" />
      </DeploymentItems>
      <Execution id="c07ddbbe-dc6e-4d71-80ca-9564e495a606" />
      <TestMethod codeBase="E:/Automation/Automation_API_Windows/Monetization_Automation/Monetization_Automation/Monetization_Automation/TestingAPI/bin/Debug/Monetization_Automation.Test.DLL" adapterTypeName="Microsoft.VisualStudio.TestTools.TestTypes.Unit.UnitTestAdapter, Microsoft.VisualStudio.QualityTools.Tips.UnitTest.Adapter, Version=16.0.0.0, Culture=neutral, PublicKeyToken=b03f5f7f11d50a3a" className="Monetization_Automation.Test.C_RecordClicksFromDeviceInputGenerator, Monetization_Automation.Test, Version=1.0.0.0, Culture=neutral, PublicKeyToken=null" name="C_RecordClicksFromDeviceMainMethodCodeGenerator" />
    </UnitTest>
    <UnitTest name="F_SyncUserDeviceMainMethodCodeGenerator" storage="e:\automation\automation_api_windows\monetization_automation\monetization_automation\monetization_automation\testingapi\bin\debug\monetization_automation.test.dll" id="4d0749f1-2acf-bf6d-9151-b617319ecfaf">
      <DeploymentItems>
        <DeploymentItem filename="E:\Automation\Automation_API_Windows\Monetization_Automation\Monetization_Automation\Monetization_Automation\Monetization_Automation.Utils\Monetization_Automation.Utils\bin\Debug\Monetization_Automation.Utils.dll" />
      </DeploymentItems>
      <Execution id="979b58d8-494d-4f81-a814-951efab68c7d" />
      <TestMethod codeBase="E:/Automation/Automation_API_Windows/Monetization_Automation/Monetization_Automation/Monetization_Automation/TestingAPI/bin/Debug/Monetization_Automation.Test.DLL" adapterTypeName="Microsoft.VisualStudio.TestTools.TestTypes.Unit.UnitTestAdapter, Microsoft.VisualStudio.QualityTools.Tips.UnitTest.Adapter, Version=16.0.0.0, Culture=neutral, PublicKeyToken=b03f5f7f11d50a3a" className="Monetization_Automation.Test.G_SyncUserDeviceAPIInputGenerator, Monetization_Automation.Test, Version=1.0.0.0, Culture=neutral, PublicKeyToken=null" name="F_SyncUserDeviceMainMethodCodeGenerator" />
    </UnitTest>
  </TestDefinitions>
  <TestLists>
    <TestList name="Results Not in a List" id="8c84fa94-04c1-424b-9868-57a2d4851a1d" />
    <TestList name="All Loaded Results" id="19431567-8539-422a-85d7-44ee4e166bda" />
  </TestLists>
  <TestEntries>
    <TestEntry testId="b1df3d41-c071-e99d-12ca-f9fb92f1350c" executionId="c41d35cf-57cf-4ba8-8d62-3aa037dbe149" testListId="8c84fa94-04c1-424b-9868-57a2d4851a1d" />
    <TestEntry testId="04151d7f-9c61-1489-4cc0-5cc1dc07baee" executionId="85e31a8e-79db-408f-a25c-328a7f590c0c" testListId="8c84fa94-04c1-424b-9868-57a2d4851a1d" />
    <TestEntry testId="d249d328-6d44-2c2d-6ed9-e0b5d6f69772" executionId="c07ddbbe-dc6e-4d71-80ca-9564e495a606" testListId="8c84fa94-04c1-424b-9868-57a2d4851a1d" />
    <TestEntry testId="20f0da05-06f5-50cc-bee5-9ac7cf561794" executionId="88aca343-1f63-431a-859b-2e43d78ecc2a" testListId="8c84fa94-04c1-424b-9868-57a2d4851a1d" />
    <TestEntry testId="bfc1b289-dbbb-3bad-fc5e-78e601449e19" executionId="5d6b6911-1b70-47e9-87d5-d9b2300a465f" testListId="8c84fa94-04c1-424b-9868-57a2d4851a1d" />
    <TestEntry testId="f70c910a-cc07-24cb-0d1c-bc2c00fc396f" executionId="0aaae918-a9f5-4717-8dca-7df215fced08" testListId="8c84fa94-04c1-424b-9868-57a2d4851a1d" />
    <TestEntry testId="4d0749f1-2acf-bf6d-9151-b617319ecfaf" executionId="979b58d8-494d-4f81-a814-951efab68c7d" testListId="8c84fa94-04c1-424b-9868-57a2d4851a1d" />
  </TestEntries>
  <Results>
    <UnitTestResult executionId="c41d35cf-57cf-4ba8-8d62-3aa037dbe149" testId="b1df3d41-c071-e99d-12ca-f9fb92f1350c" testName="A_SyncAppNativeMainMethodInputGenerator" computerName="DESKTOP-5AJ0SB3" duration="00:02:38.6921405" startTime="2021-01-27T13:03:26.9683049+05:00" endTime="2021-01-27T13:05:43.4078575+05:00" testType="13cdc9d9-ddb5-4fa4-a97d-d965ccfc6d4b" outcome="Passed" testListId="8c84fa94-04c1-424b-9868-57a2d4851a1d" relativeResultsDirectory="c41d35cf-57cf-4ba8-8d62-3aa037dbe149">
      <Output>
        <DebugTrace>****************** http://52.13.174.6/sheeda/admin/json/syncApp
****************** 
SELECT apps.package, apps.osID, apps.companyID, users.userSignature, apps.appVersionCode, apps.appVersionName
FROM apps JOIN users ON apps.companyID = users.companyID
WHERE apps.sdkID &gt; 20 AND apps.app_type = 'app' AND users.isAdmin = 1 AND users. STATUS = 1 ORDER BY companyID ASC
LIMIT 50
****************** 
****************** SELECT sdkID, ver FROM `sdk_info` WHERE `description` LIKE '%Native mediation%' AND sdkID &gt; 2173 LIMIT 50
****************** 
****************** select adID from ads where ad_type != 'analytics' and ad_type ='interstitial'
****************** select adID from ads where ad_type != 'analytics' and ad_type ='banner'
****************** select adID from ads where ad_type != 'analytics' and ad_type ='native'
****************** select adID from ads where ad_type != 'analytics' and ad_type ='rewarded_video'
Ads mediation queue value is set
Mediation mode value is set
child directed value is set
Sequences value is set
Is hide ads value is set
Ads mediation queue value is set
Mediation mode value is set
child directed value is set
Sequences value is set
Is hide ads value is set
Ads mediation queue value is set
Mediation mode value is set
child directed value is set
Sequences value is set
Is hide ads value is set
Ads mediation queue value is set
Mediation mode value is set
child directed value is set
Sequences value is set
Is hide ads value is set
Ads mediation queue value is set
Mediation mode value is set
child directed value is set
Sequences value is set
Is hide ads value is set
Ads mediation queue value is set
Mediation mode value is set
child directed value is set
Sequences value is set
Is hide ads value is set
Ads mediation queue value is set
Mediation mode value is set
child directed value is set
Sequences value is set
Is hide ads value is set
Ads mediation queue value is set
Mediation mode value is set
child directed value is set
Sequences value is set
Is hide ads value is set
Ads mediation queue value is set
Mediation mode value is set
child directed value is set
Sequences value is set
Is hide ads value is set
Ads mediation queue value is set
Mediation mode value is set
child directed value is set
Sequences value is set
Is hide ads value is set
Ads mediation queue value is set
Mediation mode value is set
child directed value is set
Sequences value is set
Is hide ads value is set
Ads mediation queue value is set
Mediation mode value is set
child directed value is set
Sequences value is set
Is hide ads value is set
Ads mediation queue value is set
Mediation mode value is set
child directed value is set
Sequences value is set
Is hide ads value is set
Ads mediation queue value is set
Mediation mode value is set
child directed value is set
Sequences value is set
Is hide ads value is set
Ads mediation queue value is set
Mediation mode value is set
child directed value is set
Sequences value is set
Is hide ads value is set
Ads mediation queue value is set
Mediation mode value is set
child directed value is set
Sequences value is set
Is hide ads value is set
Ads mediation queue value is set
Mediation mode value is set
child directed value is set
Sequences value is set
Is hide ads value is set
Ads mediation queue value is set
Mediation mode value is set
child directed value is set
Sequences value is set
Is hide ads value is set
Ads mediation queue value is set
Mediation mode value is set
child directed value is set
Sequences value is set
Is hide ads value is set
Ads mediation queue value is set
Mediation mode value is set
child directed value is set
Sequences value is set
Is hide ads value is set
Ads mediation queue value is set
Mediation mode value is set
child directed value is set
Sequences value is set
Is hide ads value is set
Ads mediation queue value is set
Mediation mode value is set
child directed value is set
Sequences value is set
Is hide ads value is set
Ads mediation queue value is set
Mediation mode value is set
child directed value is set
Sequences value is set
Is hide ads value is set
Ads mediation queue value is set
Mediation mode value is set
child directed value is set
Sequences value is set
Is hide ads value is set
</DebugTrace>
      </Output>
    </UnitTestResult>
    <UnitTestResult executionId="85e31a8e-79db-408f-a25c-328a7f590c0c" testId="04151d7f-9c61-1489-4cc0-5cc1dc07baee" testName="B_CampaignLogSummaryMainMethodCodeGenerator" computerName="DESKTOP-5AJ0SB3" duration="00:03:24.7159762" startTime="2021-01-27T13:05:43.4098562+05:00" endTime="2021-01-27T13:09:08.1311858+05:00" testType="13cdc9d9-ddb5-4fa4-a97d-d965ccfc6d4b" outcome="Passed" testListId="8c84fa94-04c1-424b-9868-57a2d4851a1d" relativeResultsDirectory="85e31a8e-79db-408f-a25c-328a7f590c0c">
      <Output>
        <DebugTrace>****************** SELECT apps.appKey, campaigns.campaignID, apps.package, apps.sdkID, apps.companyID, apps.osID FROM apps INNER JOIN campaigns ON apps.appID = campaigns.appID WHERE apps.sdkID &gt; 20 AND apps.appKey != '' AND campaigns.campaignID NOT IN (0 ,- 1 ,- 2 ,- 3 ,- 4 ,- 5) LIMIT 50

****************** 

{"appKey":"87749f0a5e72d3c88e3f0a2ceae0e8ad","deviceID":"6864","stats":[{"campaignID":47,"packageID":"com.mizo.city.ambulance","sceneStats":[{"sceneID":"18","eventStats":"368,268,168,68,68,0,0"}]}],"sdkVersion":"2056","sessionToken":"vhRDZd5MK+4lIH8X/mNh9q3AWhAF6oQpsHzkSChxcELpqKx6kQxk3RdbBSxO0WdoUKHfmD2btxDbDaOk1jW1lp611h8JJ+FxRc8NQutzk0X7xTjJHvfIKjdMGZMp8Lax"}
cache_ttl value is correct

Refresh Ad Rate value is correct
mode value is set

 Aspect ratio value is correct
sentry_log value is set
local_logging value is set
sentry_initialization value is set
sentry_debugging value is set
showPreRewardedDialogue value is set
showPostRewardedDialogue value is set
isSkipable value is set
{"cache_ttl":10080,"cache_ttl_rewarded":10080,"cache_ttl_banner":10080,"cache_ttl_native":10080,"cache_ttl_icon":10080,"refreshAdRate":30,"mode":"Production","aspectRatio":"4_3","cdnPath":"https:\/\/df8ymybeo92md.cloudfront.net\/images\/","sentry_log":0,"local_logging":0,"sentry_dsn":"https:\/\/93ffa1c9a4124f67b8888a53265f751a:bbf998e04584477fa9a145838e9d3b26@sentry.io\/168994","sentry_initialization":1,"sentry_debugging":0,"bannerSizes":[],"aspectRatioVideo":"16_9","app_id":"1035","showPreRewardedDialogue":0,"showPostRewardedDialogue":0,"rewardCurrency":"coins","rewardValue":0,"isSkipable":0,"privacyPolicyURL":"https:\/\/www.consoliads.com\/privacy-policy\/","sessionToken":"tipgCo1RdVKj\/J+vxFJwkqJlL8osJWPKdVb5nCYpVXPN9WSaDImUlaS2BEkqgC6IDz1fdXD\/oysh9SyOM9GzhLoMkFEAQgxDXcbEz\/b8d3NTpGo078jubqFM\/msu3dQpRrllxWhYs03JCMyvxsFu+3PMigfOTsum+wNHBpxaYJM="}
Session token value is set


{"appKey":"03a90424d48d01cab7124698a3b141c5","deviceID":"7290","stats":[{"campaignID":48,"packageID":"com.mizo.construction.crane.hill.climb","sceneStats":[{"sceneID":"19","eventStats":"373,273,173,73,73,0,0"}]}],"sdkVersion":"39","sessionToken":"tipgCo1RdVKj\/J+vxFJwkqJlL8osJWPKdVb5nCYpVXPN9WSaDImUlaS2BEkqgC6IDz1fdXD\/oysh9SyOM9GzhLoMkFEAQgxDXcbEz\/b8d3NTpGo078jubqFM\/msu3dQpRrllxWhYs03JCMyvxsFu+3PMigfOTsum+wNHBpxaYJM="}
cache_ttl value is correct

Refresh Ad Rate value is correct
mode value is set

 Aspect ratio value is correct
sentry_log value is set
local_logging value is set
sentry_initialization value is set
sentry_debugging value is set
showPreRewardedDialogue value is set
showPostRewardedDialogue value is set
isSkipable value is set
{"cache_ttl":10080,"cache_ttl_rewarded":10080,"cache_ttl_banner":10080,"cache_ttl_native":10080,"cache_ttl_icon":10080,"campaigns":[{"campaignID":"9277","attribution_link":"","attribution":1,"priority":"5","appToPromote":{"appToPromoteID":"17609","usesDefaultFrameImage":"0","usesDefaultCloseImage":"0","marketURL":"https:\/\/smartbear.com\/learn\/automated-testing\/test-automation-frameworks\/","packageID":"com.buntoo.buntooAd"},"showTemplate":1,"s2s_tracking_url":"","activeCreativeID":"4702","scenes":["1","2","6","4","5"],"campaignAdType":"Interstitial","productId":"","purchaseBit":0,"licenseKey":""},{"campaignID":"9278","attribution":0,"priority":"5","appToPromote":{"appToPromoteID":"17609","usesDefaultFrameImage":"0","usesDefaultCloseImage":"0","marketURL":"https:\/\/smartbear.com\/learn\/automated-testing\/test-automation-frameworks\/","packageID":"com.buntoo.buntooAd"},"showTemplate":1,"s2s_tracking_url":"https:\/\/smartbear.com\/learn\/automated-testing\/test-automation-frameworks\/","activeCreativeID":"4701","scenes":["1","2","6","4","5"],"campaignAdType":"Interstitial","productId":"","purchaseBit":0,"licenseKey":""},{"campaignID":"9279","attribution":0,"priority":"5","appToPromote":{"appToPromoteID":"17609","usesDefaultFrameImage":"0","usesDefaultCloseImage":"0","marketURL":"https:\/\/smartbear.com\/learn\/automated-testing\/test-automation-frameworks\/","packageID":"com.buntoo.buntooAd"},"showTemplate":1,"s2s_tracking_url":"https:\/\/smartbear.com\/learn\/automated-testing\/test-automation-frameworks\/","activeCreativeID":"4701","scenes":["1","2","6","4","5"],"campaignAdType":"Interstitial","productId":"","purchaseBit":0,"licenseKey":""},{"campaignID":"9280","attribution":0,"priority":"5","appToPromote":{"appToPromoteID":"17609","usesDefaultFrameImage":"0","usesDefaultCloseImage":"0","marketURL":"https:\/\/smartbear.com\/learn\/automated-testing\/test-automation-frameworks\/","packageID":"com.buntoo.buntooAd"},"showTemplate":1,"s2s_tracking_url":"https:\/\/smartbear.com\/learn\/automated-testing\/test-automation-frameworks\/","activeCreativeID":"4701","scenes":["1","2","6","4","5"],"campaignAdType":"Interstitial","productId":"","purchaseBit":0,"licenseKey":""},{"campaignID":"9281","attribution":0,"priority":"5","appToPromote":{"appToPromoteID":"17609","usesDefaultFrameImage":"0","usesDefaultCloseImage":"0","marketURL":"https:\/\/smartbear.com\/learn\/automated-testing\/test-automation-frameworks\/","packageID":"com.buntoo.buntooAd"},"showTemplate":1,"s2s_tracking_url":"https:\/\/smartbear.com\/learn\/automated-testing\/test-automation-frameworks\/","activeCreativeID":"4701","scenes":["1","2","6","4","5"],"campaignAdType":"Interstitial","productId":"","purchaseBit":0,"licenseKey":""},{"campaignID":"9282","attribution":0,"priority":"5","appToPromote":{"appToPromoteID":"17609","usesDefaultFrameImage":"0","usesDefaultCloseImage":"0","marketURL":"https:\/\/smartbear.com\/learn\/automated-testing\/test-automation-frameworks\/","packageID":"com.buntoo.buntooAd"},"showTemplate":1,"s2s_tracking_url":"https:\/\/smartbear.com\/learn\/automated-testing\/test-automation-frameworks\/","activeCreativeID":"4701","scenes":["1","2","6","4","5"],"campaignAdType":"Interstitial","productId":"","purchaseBit":0,"licenseKey":""},{"campaignID":"9283","attribution":0,"priority":"5","appToPromote":{"appToPromoteID":"17609","usesDefaultFrameImage":"0","usesDefaultCloseImage":"0","marketURL":"https:\/\/smartbear.com\/learn\/automated-testing\/test-automation-frameworks\/","packageID":"com.buntoo.buntooAd"},"showTemplate":1,"s2s_tracking_url":"https:\/\/smartbear.com\/learn\/automated-testing\/test-automation-frameworks\/","activeCreativeID":"4701","scenes":["1","2","6","4","5"],"campaignAdType":"Interstitial","productId":"","purchaseBit":0,"licenseKey":""},{"campaignID":"9285","attribution":0,"priority":"5","appToPromote":{"appToPromoteID":"14746","usesDefaultFrameImage":"0","usesDefaultCloseImage":"0","marketURL":"https:\/\/play.google.com\/store\/apps\/details?id=com.buntoo.army.bus.parking","packageID":"com.buntoo.army.bus.parking"},"showTemplate":1,"s2s_tracking_url":"https:\/\/play.google.com\/store\/apps\/details?id=com.buntoo.army.bus.parking","activeCreativeID":"4710","scenes":["1","2","6","4","5"],"campaignAdType":"Interstitial","productId":"","purchaseBit":0,"licenseKey":""},{"campaignID":"9287","attribution":0,"priority":"5","appToPromote":{"appToPromoteID":"14746","usesDefaultFrameImage":"0","usesDefaultCloseImage":"0","marketURL":"https:\/\/play.google.com\/store\/apps\/details?id=com.buntoo.army.bus.parking","packageID":"com.buntoo.army.bus.parking"},"showTemplate":1,"s2s_tracking_url":"https:\/\/play.google.com\/store\/apps\/details?id=com.buntoo.army.bus.parking","activeCreativeID":"4710","scenes":["1","2","6","4","5"],"campaignAdType":"Interstitial","productId":"","purchaseBit":0,"licenseKey":""},{"campaignID":"9289","attribution":0,"priority":"5","appToPromote":{"appToPromoteID":"17609","usesDefaultFrameImage":"0","usesDefaultCloseImage":"0","marketURL":"https:\/\/smartbear.com\/learn\/automated-testing\/test-automation-frameworks\/","packageID":"com.buntoo.buntooAd"},"showTemplate":1,"s2s_tracking_url":"https:\/\/smartbear.com\/learn\/automated-testing\/test-automation-frameworks\/","activeCreativeID":"4701","scenes":["1","2","6","4","5"],"campaignAdType":"Interstitial","productId":"","purchaseBit":0,"licenseKey":""},{"campaignID":"9290","attribution":0,"priority":"5","appToPromote":{"appToPromoteID":"17609","usesDefaultFrameImage":"0","usesDefaultCloseImage":"0","marketURL":"https:\/\/smartbear.com\/learn\/automated-testing\/test-automation-frameworks\/","packageID":"com.buntoo.buntooAd"},"showTemplate":1,"s2s_tracking_url":"https:\/\/smartbear.com\/learn\/automated-testing\/test-automation-frameworks\/","activeCreativeID":"4701","scenes":["1","2","6","4","5"],"campaignAdType":"Interstitial","productId":"","purchaseBit":0,"licenseKey":""},{"campaignID":"9293","attribution":0,"priority":"5","appToPromote":{"appToPromoteID":"17609","usesDefaultFrameImage":"0","usesDefaultCloseImage":"0","marketURL":"https:\/\/smartbear.com\/learn\/automated-testing\/test-automation-frameworks\/","packageID":"com.buntoo.buntooAd"},"showTemplate":1,"s2s_tracking_url":"https:\/\/smartbear.com\/learn\/automated-testing\/test-automation-frameworks\/","activeCreativeID":"4701","scenes":["1","2","6","4","5"],"campaignAdType":"Interstitial","productId":"","purchaseBit":0,"licenseKey":""},{"campaignID":"9296","attribution":0,"priority":"5","appToPromote":{"appToPromoteID":"17609","usesDefaultFrameImage":"0","usesDefaultCloseImage":"0","marketURL":"https:\/\/smartbear.com\/learn\/automated-testing\/test-automation-frameworks\/","packageID":"com.buntoo.buntooAd"},"showTemplate":1,"s2s_tracking_url":"https:\/\/smartbear.com\/learn\/automated-testing\/test-automation-frameworks\/","activeCreativeID":"4701","scenes":["1","2","6","4","5"],"campaignAdType":"Interstitial","productId":"","purchaseBit":0,"licenseKey":""},{"campaignID":"9297","attribution":0,"priority":"5","appToPromote":{"appToPromoteID":"17609","usesDefaultFrameImage":"0","usesDefaultCloseImage":"0","marketURL":"https:\/\/smartbear.com\/learn\/automated-testing\/test-automation-frameworks\/","packageID":"com.buntoo.buntooAd"},"showTemplate":1,"s2s_tracking_url":"https:\/\/smartbear.com\/learn\/automated-testing\/test-automation-frameworks\/","activeCreativeID":"4701","scenes":["1","2","6","4","5"],"campaignAdType":"Interstitial","productId":"","purchaseBit":0,"licenseKey":""},{"campaignID":"9299","attribution":0,"priority":"5","appToPromote":{"appToPromoteID":"17609","usesDefaultFrameImage":"0","usesDefaultCloseImage":"0","marketURL":"https:\/\/smartbear.com\/learn\/automated-testing\/test-automation-frameworks\/","packageID":"com.buntoo.buntooAd"},"showTemplate":1,"s2s_tracking_url":"https:\/\/smartbear.com\/learn\/automated-testing\/test-automation-frameworks\/","activeCreativeID":"4701","scenes":["1","2","6","4","5"],"campaignAdType":"Interstitial","productId":"","purchaseBit":0,"licenseKey":""},{"campaignID":"9301","attribution":0,"priority":"5","appToPromote":{"appToPromoteID":"17609","usesDefaultFrameImage":"0","usesDefaultCloseImage":"0","marketURL":"https:\/\/smartbear.com\/learn\/automated-testing\/test-automation-frameworks\/","packageID":"com.buntoo.buntooAd"},"showTemplate":1,"s2s_tracking_url":"https:\/\/smartbear.com\/learn\/automated-testing\/test-automation-frameworks\/","activeCreativeID":"4701","scenes":["1","2","6","4","5"],"campaignAdType":"Interstitial","productId":"","purchaseBit":0,"licenseKey":""},{"campaignID":"9305","attribution":0,"priority":"5","appToPromote":{"appToPromoteID":"14746","usesDefaultFrameImage":"0","usesDefaultCloseImage":"0","marketURL":"https:\/\/play.google.com\/store\/apps\/details?id=com.buntoo.army.bus.parking","packageID":"com.buntoo.army.bus.parking"},"showTemplate":1,"s2s_tracking_url":"https:\/\/play.google.com\/store\/apps\/details?id=com.buntoo.army.bus.parking","activeCreativeID":"4710","scenes":["1","2","6","4","5"],"campaignAdType":"Interstitial","productId":"","purchaseBit":0,"licenseKey":""},{"campaignID":"47","attribution":0,"priority":"5","appToPromote":{"appToPromoteID":"1035","usesDefaultFrameImage":"1","usesDefaultCloseImage":"1","marketURL":"https:\/\/play.google.com\/store\/apps\/details?id=com.mizo.city.ambulance","packageID":"com.mizo.city.ambulance"},"showTemplate":1,"s2s_tracking_url":"https:\/\/play.google.com\/store\/apps\/details?id=com.mizo.city.ambulance","activeCreativeID":"60","scenes":["1","2","6","4","5"],"campaignAdType":"Interstitial","productId":"","purchaseBit":0,"licenseKey":""},{"campaignID":"48","attribution":0,"priority":"5","appToPromote":{"appToPromoteID":"1074","usesDefaultFrameImage":"1","usesDefaultCloseImage":"1","marketURL":"https:\/\/play.google.com\/store\/apps\/details?id=com.mizo.construction.crane.hill.climb","packageID":"com.mizo.construction.crane.hill.climb"},"showTemplate":1,"s2s_tracking_url":"https:\/\/play.google.com\/store\/apps\/details?id=com.mizo.construction.crane.hill.climb","activeCreativeID":"65","scenes":["1","2","6","4","5"],"campaignAdType":"Interstitial","productId":"","purchaseBit":0,"licenseKey":""},{"campaignID":"50","attribution":0,"priority":"5","appToPromote":{"appToPromoteID":"1221","usesDefaultFrameImage":"1","usesDefaultCloseImage":"1","marketURL":"https:\/\/play.google.com\/store\/apps\/details?id=com.mizo.offroad.hill.climb","packageID":"com.mizo.offroad.hill.climb"},"showTemplate":1,"s2s_tracking_url":"https:\/\/play.google.com\/store\/apps\/details?id=com.mizo.offroad.hill.climb","activeCreativeID":"67","scenes":["1","2","6","4","5"],"campaignAdType":"Interstitial","productId":"","purchaseBit":0,"licenseKey":""},{"campaignID":"67","attribution":0,"priority":"5","appToPromote":{"appToPromoteID":"1306","usesDefaultFrameImage":"1","usesDefaultCloseImage":"1","marketURL":"https:\/\/play.google.com\/store\/apps\/details?id=com.mizo.extreme.heavy.truck","packageID":"com.mizo.extreme.heavy.truck"},"showTemplate":1,"s2s_tracking_url":"https:\/\/play.google.com\/store\/apps\/details?id=com.mizo.extreme.heavy.truck","activeCreativeID":"85","scenes":["1","2","6","4","5"],"campaignAdType":"Interstitial","productId":"","purchaseBit":0,"licenseKey":""},{"campaignID":"73","attribution":0,"priority":"5","appToPromote":{"appToPromoteID":"1458","usesDefaultFrameImage":"1","usesDefaultCloseImage":"1","marketURL":"https:\/\/play.google.com\/store\/apps\/details?id=com.mizo.army.prisoner.transport.simulator","packageID":"com.mizo.army.prisoner.transport.simulator"},"showTemplate":1,"s2s_tracking_url":"https:\/\/play.google.com\/store\/apps\/details?id=com.mizo.army.prisoner.transport.simulator","activeCreativeID":"93","scenes":["1","2","6","4","5"],"campaignAdType":"Interstitial","productId":"","purchaseBit":0,"licenseKey":""},{"campaignID":"74","attribution":0,"priority":"5","appToPromote":{"appToPromoteID":"1449","usesDefaultFrameImage":"1","usesDefaultCloseImage":"1","marketURL":"https:\/\/play.google.com\/store\/apps\/details?id=com.brilliantgamez.army.prisoners.transport.plane","packageID":"com.brilliantgamez.army.prisoners.transport.plane"},"showTemplate":1,"s2s_tracking_url":"https:\/\/play.google.com\/store\/apps\/details?id=com.brilliantgamez.army.prisoners.transport.plane","activeCreativeID":"94","scenes":["1","2","6","4","5"],"campaignAdType":"Interstitial","productId":"","purchaseBit":0,"licenseKey":""},{"campaignID":"78","attribution":0,"priority":"5","appToPromote":{"appToPromoteID":"1632","usesDefaultFrameImage":"1","usesDefaultCloseImage":"1","marketURL":"https:\/\/play.google.com\/store\/apps\/details?id=com.mizo.road.builder.city.construction","packageID":"com.mizo.road.builder.city.construction"},"showTemplate":1,"s2s_tracking_url":"https:\/\/play.google.com\/store\/apps\/details?id=com.mizo.road.builder.city.construction","activeCreativeID":"97","scenes":["1","2","6","4","5"],"campaignAdType":"Interstitial","productId":"","purchaseBit":0,"licenseKey":""},{"campaignID":"80","attribution":0,"priority":"5","appToPromote":{"appToPromoteID":"1675","usesDefaultFrameImage":"1","usesDefaultCloseImage":"1","marketURL":"https:\/\/play.google.com\/store\/apps\/details?id=com.mizo.flip.bottle.shooting.expert","packageID":"com.mizo.flip.bottle.shooting.expert"},"showTemplate":1,"s2s_tracking_url":"https:\/\/play.google.com\/store\/apps\/details?id=com.mizo.flip.bottle.shooting.expert","activeCreativeID":"100","scenes":["1","2","6","4","5"],"campaignAdType":"Interstitial","productId":"","purchaseBit":0,"licenseKey":""},{"campaignID":"110","attribution":0,"priority":"5","appToPromote":{"appToPromoteID":"1853","usesDefaultFrameImage":"1","usesDefaultCloseImage":"1","marketURL":"https:\/\/play.google.com\/store\/apps\/details?id=com.mizo.police.airplane.transporter","packageID":"com.mizo.police.airplane.transporter"},"showTemplate":1,"s2s_tracking_url":"https:\/\/play.google.com\/store\/apps\/details?id=com.mizo.police.airplane.transporter","activeCreativeID":"137","scenes":["1","2","6","4","5"],"campaignAdType":"Interstitial","productId":"","purchaseBit":0,"licenseKey":""},{"campaignID":"143","attribution":0,"priority":"5","appToPromote":{"appToPromoteID":"2089","usesDefaultFrameImage":"0","usesDefaultCloseImage":"0","marketURL":"https:\/\/play.google.com\/store\/apps\/details?id=com.mizo.sports.car.mechanic","packageID":"com.mizo.sports.car.mechanic"},"showTemplate":1,"s2s_tracking_url":"https:\/\/play.google.com\/store\/apps\/details?id=com.mizo.sports.car.mechanic","activeCreativeID":"184","scenes":["1","2","6","4","5"],"campaignAdType":"Interstitial","productId":"","purchaseBit":0,"licenseKey":""},{"campaignID":"147","attribution":0,"priority":"5","appToPromote":{"appToPromoteID":"2085","usesDefaultFrameImage":"0","usesDefaultCloseImage":"0","marketURL":"https:\/\/play.google.com\/store\/apps\/details?id=com.mizo.robot.gang.mafia","packageID":"com.mizo.robot.gang.mafia"},"showTemplate":1,"s2s_tracking_url":"https:\/\/play.google.com\/store\/apps\/details?id=com.mizo.robot.gang.mafia","activeCreativeID":"188","scenes":["1","2","6","4","5"],"campaignAdType":"Interstitial","productId":"","purchaseBit":0,"licenseKey":""},{"campaignID":"227","attribution":0,"priority":"5","appToPromote":{"appToPromoteID":"2571","usesDefaultFrameImage":"0","usesDefaultCloseImage":"0","marketURL":"https:\/\/play.google.com\/store\/apps\/details?id=com.mizo.raft.suvival","packageID":"com.mizo.raft.suvival"},"showTemplate":1,"s2s_tracking_url":"https:\/\/play.google.com\/store\/apps\/details?id=com.mizo.raft.suvival","activeCreativeID":"302","scenes":["1","2","6","4","5"],"campaignAdType":"Interstitial","productId":"","purchaseBit":0,"licenseKey":""},{"campaignID":"317","attribution":0,"priority":"5","appToPromote":{"appToPromoteID":"2723","usesDefaultFrameImage":"0","usesDefaultCloseImage":"0","marketURL":"https:\/\/play.google.com\/store\/apps\/details?id=com.mizo.helicopter.rescue","packageID":"com.mizo.helicopter.rescue"},"showTemplate":1,"s2s_tracking_url":"https:\/\/play.google.com\/store\/apps\/details?id=com.mizo.helicopter.rescue","activeCreativeID":"324","scenes":["1","2","6","4","5"],"campaignAdType":"Interstitial","productId":"","purchaseBit":0,"licenseKey":""},{"campaignID":"367","attribution":0,"priority":"5","appToPromote":{"appToPromoteID":"2911","usesDefaultFrameImage":"0","usesDefaultCloseImage":"0","marketURL":"https:\/\/play.google.com\/store\/apps\/details?id=com.mizo.police.ship.transporter","packageID":"com.mizo.police.ship.transporter"},"showTemplate":1,"s2s_tracking_url":"https:\/\/play.google.com\/store\/apps\/details?id=com.mizo.police.ship.transporter","activeCreativeID":"383","scenes":["1","2","6","4","5"],"campaignAdType":"Interstitial","productId":"","purchaseBit":0,"licenseKey":""},{"campaignID":"390","attribution":0,"priority":"5","appToPromote":{"appToPromoteID":"3077","usesDefaultFrameImage":"0","usesDefaultCloseImage":"0","marketURL":"https:\/\/play.google.com\/store\/apps\/details?id=com.mizo.transformer.shooting","packageID":"com.mizo.transformer.shooting"},"showTemplate":1,"s2s_tracking_url":"https:\/\/play.google.com\/store\/apps\/details?id=com.mizo.transformer.shooting","activeCreativeID":"441","scenes":["1","2","6","4","5"],"campaignAdType":"Interstitial","productId":"","purchaseBit":0,"licenseKey":""},{"campaignID":"408","attribution":0,"priority":"5","appToPromote":{"appToPromoteID":"3095","usesDefaultFrameImage":"0","usesDefaultCloseImage":"0","marketURL":"https:\/\/play.google.com\/store\/apps\/details?id=com.mizo.superhero.robot","packageID":"com.mizo.superhero.robot"},"showTemplate":1,"s2s_tracking_url":"https:\/\/play.google.com\/store\/apps\/details?id=com.mizo.superhero.robot","activeCreativeID":"443","scenes":["1","2","6","4","5"],"campaignAdType":"Interstitial","productId":"","purchaseBit":0,"licenseKey":""},{"campaignID":"410","attribution":0,"priority":"5","appToPromote":{"appToPromoteID":"3145","usesDefaultFrameImage":"0","usesDefaultCloseImage":"0","marketURL":"https:\/\/play.google.com\/store\/apps\/details?id=com.mizo.extreme.bikerider","packageID":"com.mizo.extreme.bikerider"},"showTemplate":1,"s2s_tracking_url":"https:\/\/play.google.com\/store\/apps\/details?id=com.mizo.extreme.bikerider","activeCreativeID":"448","scenes":["1","2","6","4","5"],"campaignAdType":"Interstitial","productId":"","purchaseBit":0,"licenseKey":""},{"campaignID":"428","attribution":0,"priority":"5","appToPromote":{"appToPromoteID":"3250","usesDefaultFrameImage":"0","usesDefaultCloseImage":"0","marketURL":"https:\/\/play.google.com\/store\/apps\/details?id=com.mizo.bicycle.stunt.racer","packageID":"com.mizo.bicycle.stunt.racer"},"showTemplate":1,"s2s_tracking_url":"https:\/\/play.google.com\/store\/apps\/details?id=com.mizo.bicycle.stunt.racer","activeCreativeID":"472","scenes":["1","2","6","4","5"],"campaignAdType":"Interstitial","productId":"","purchaseBit":0,"licenseKey":""},{"campaignID":"429","attribution":0,"priority":"5","appToPromote":{"appToPromoteID":"3253","usesDefaultFrameImage":"0","usesDefaultCloseImage":"0","marketURL":"https:\/\/play.google.com\/store\/apps\/details?id=com.mizo.rooftop.stunts","packageID":"com.mizo.rooftop.stunts"},"showTemplate":1,"s2s_tracking_url":"https:\/\/play.google.com\/store\/apps\/details?id=com.mizo.rooftop.stunts","activeCreativeID":"474","scenes":["1","2","6","4","5"],"campaignAdType":"Interstitial","productId":"","purchaseBit":0,"licenseKey":""},{"campaignID":"456","attribution":0,"priority":"5","appToPromote":{"appToPromoteID":"2448","usesDefaultFrameImage":"0","usesDefaultCloseImage":"0","marketURL":"https:\/\/play.google.com\/store\/apps\/details?id=com.mizo.battle.simulator","packageID":"com.mizo.battle.simulator"},"showTemplate":1,"s2s_tracking_url":"https:\/\/play.google.com\/store\/apps\/details?id=com.mizo.battle.simulator","activeCreativeID":"503","scenes":["1","2","6","4","5"],"campaignAdType":"Interstitial","productId":"","purchaseBit":0,"licenseKey":""},{"campaignID":"482","attribution":0,"priority":"5","appToPromote":{"appToPromoteID":"2877","usesDefaultFrameImage":"0","usesDefaultCloseImage":"0","marketURL":"https:\/\/play.google.com\/store\/apps\/details?id=com.mizo.underwater.tourist.bus","packageID":"com.mizo.underwater.tourist.bus"},"showTemplate":1,"s2s_tracking_url":"https:\/\/play.google.com\/store\/apps\/details?id=com.mizo.underwater.tourist.bus","activeCreativeID":"540","scenes":["1","2","6","4","5"],"campaignAdType":"Interstitial","productId":"","purchaseBit":0,"licenseKey":""},{"campaignID":"490","attribution":0,"priority":"5","appToPromote":{"appToPromoteID":"3518","usesDefaultFrameImage":"0","usesDefaultCloseImage":"0","marketURL":"https:\/\/play.google.com\/store\/apps\/details?id=com.crazyneuron.superhero.robot.world","packageID":"com.crazyneuron.superhero.robot.world"},"showTemplate":1,"s2s_tracking_url":"https:\/\/play.google.com\/store\/apps\/details?id=com.crazyneuron.superhero.robot.world","activeCreativeID":"550","scenes":["1","2","6","4","5"],"campaignAdType":"Interstitial","productId":"","purchaseBit":0,"licenseKey":""},{"campaignID":"501","attribution":0,"priority":"5","appToPromote":{"appToPromoteID":"3579","usesDefaultFrameImage":"0","usesDefaultCloseImage":"0","marketURL":"https:\/\/play.google.com\/store\/apps\/details?id=com.crazyneuron.us.army.transport","packageID":"com.crazyneuron.us.army.transport"},"showTemplate":1,"s2s_tracking_url":"https:\/\/play.google.com\/store\/apps\/details?id=com.crazyneuron.us.army.transport","activeCreativeID":"577","scenes":["1","2","6","4","5"],"campaignAdType":"Interstitial","productId":"","purchaseBit":0,"licenseKey":""},{"campaignID":"512","attribution":0,"priority":"5","appToPromote":{"appToPromoteID":"3683","usesDefaultFrameImage":"0","usesDefaultCloseImage":"0","marketURL":"https:\/\/play.google.com\/store\/apps\/details?id=com.mizo.plane.landing","packageID":"com.mizo.plane.landing"},"showTemplate":1,"s2s_tracking_url":"https:\/\/play.google.com\/store\/apps\/details?id=com.mizo.plane.landing","activeCreativeID":"594","scenes":["1","2","6","4","5"],"campaignAdType":"Interstitial","productId":"","purchaseBit":0,"licenseKey":""},{"campaignID":"6210","attribution":0,"priority":"5","appToPromote":{"appToPromoteID":"11566","usesDefaultFrameImage":"0","usesDefaultCloseImage":"0","marketURL":"https:\/\/play.google.com\/store\/apps\/details?id=com.mizo.line.drawing.puzzle.game","packageID":"com.mizo.line.drawing.puzzle.game"},"showTemplate":1,"s2s_tracking_url":"https:\/\/play.google.com\/store\/apps\/details?id=com.mizo.line.drawing.puzzle.game","activeCreativeID":"1322","scenes":["1","2","6","4","5"],"campaignAdType":"Video","productId":"","purchaseBit":0,"licenseKey":""},{"campaignID":"6213","attribution":0,"priority":"5","appToPromote":{"appToPromoteID":"11633","usesDefaultFrameImage":"0","usesDefaultCloseImage":"0","marketURL":"https:\/\/play.google.com\/store\/apps\/details?id=com.mizo.car.driving.simulator","packageID":"com.mizo.car.driving.simulator"},"showTemplate":1,"s2s_tracking_url":"https:\/\/play.google.com\/store\/apps\/details?id=com.mizo.car.driving.simulator","activeCreativeID":"1325","scenes":["1","2","6","4","5"],"campaignAdType":"Video","productId":"","purchaseBit":0,"licenseKey":""},{"campaignID":"6214","attribution":0,"priority":"5","appToPromote":{"appToPromoteID":"11661","usesDefaultFrameImage":"0","usesDefaultCloseImage":"0","marketURL":"https:\/\/play.google.com\/store\/apps\/details?id=com.mizo.car.tycoon.game","packageID":"com.mizo.car.tycoon.game"},"showTemplate":1,"s2s_tracking_url":"https:\/\/play.google.com\/store\/apps\/details?id=com.mizo.car.tycoon.game","activeCreativeID":"1326","scenes":["1","2","6","4","5"],"campaignAdType":"Video","productId":"","purchaseBit":0,"licenseKey":""},{"campaignID":"6254","attribution":0,"priority":"5","appToPromote":{"appToPromoteID":"11810","usesDefaultFrameImage":"0","usesDefaultCloseImage":"0","marketURL":"https:\/\/play.google.com\/store\/apps\/details?id=com.mizo.car.transporter.games","packageID":"com.mizo.car.transporter.games"},"showTemplate":1,"s2s_tracking_url":"https:\/\/play.google.com\/store\/apps\/details?id=com.mizo.car.transporter.games","activeCreativeID":"1370","scenes":["1","2","6","4","5"],"campaignAdType":"Video","productId":"","purchaseBit":0,"licenseKey":""},{"campaignID":"6256","attribution":0,"priority":"5","appToPromote":{"appToPromoteID":"11880","usesDefaultFrameImage":"0","usesDefaultCloseImage":"0","marketURL":"https:\/\/play.google.com\/store\/apps\/details?id=com.mizo.us.army.transporter","packageID":"com.mizo.us.army.transporter"},"showTemplate":1,"s2s_tracking_url":"https:\/\/play.google.com\/store\/apps\/details?id=com.mizo.us.army.transporter","activeCreativeID":"1372","scenes":["1","2","6","4","5"],"campaignAdType":"Video","productId":"","purchaseBit":0,"licenseKey":""},{"campaignID":"6264","attribution":0,"priority":"5","appToPromote":{"appToPromoteID":"11879","usesDefaultFrameImage":"0","usesDefaultCloseImage":"0","marketURL":"https:\/\/play.google.com\/store\/apps\/details?id=com.buntoo.car.racing.games","packageID":"com.buntoo.car.racing.games"},"showTemplate":1,"s2s_tracking_url":"https:\/\/play.google.com\/store\/apps\/details?id=com.buntoo.car.racing.games","activeCreativeID":"1380","scenes":["1","2","6","4","5"],"campaignAdType":"Video","productId":"","purchaseBit":0,"licenseKey":""},{"campaignID":"6363","attribution":0,"priority":"5","appToPromote":{"appToPromoteID":"12100","usesDefaultFrameImage":"0","usesDefaultCloseImage":"0","marketURL":"https:\/\/play.google.com\/store\/apps\/details?id=com.mizo.police.transport.shooting","packageID":"com.mizo.police.transport.shooting"},"showTemplate":1,"s2s_tracking_url":"https:\/\/play.google.com\/store\/apps\/details?id=com.mizo.police.transport.shooting","activeCreativeID":"1519","scenes":["1","2","6","4","5"],"campaignAdType":"Video","productId":"","purchaseBit":0,"licenseKey":""},{"campaignID":"6430","attribution":0,"priority":"5","appToPromote":{"appToPromoteID":"12340","usesDefaultFrameImage":"0","usesDefaultCloseImage":"0","marketURL":"https:\/\/play.google.com\/store\/apps\/details?id=com.buntoo.robot.car.transporter.games","packageID":"com.buntoo.robot.car.transporter.games"},"showTemplate":1,"s2s_tracking_url":"https:\/\/play.google.com\/store\/apps\/details?id=com.buntoo.robot.car.transporter.games","activeCreativeID":"1563","scenes":["1","2","6","4","5"],"campaignAdType":"Video","productId":"","purchaseBit":0,"licenseKey":""},{"campaignID":"6432","attribution":0,"priority":"5","appToPromote":{"appToPromoteID":"12565","usesDefaultFrameImage":"0","usesDefaultCloseImage":"0","marketURL":"https:\/\/play.google.com\/store\/apps\/details?id=com.mizo.train.gold.robbery.games","packageID":"com.mizo.train.gold.robbery.games"},"showTemplate":1,"s2s_tracking_url":"https:\/\/play.google.com\/store\/apps\/details?id=com.mizo.train.gold.robbery.games","activeCreativeID":"1565","scenes":["1","2","6","4","5"],"campaignAdType":"Video","productId":"","purchaseBit":0,"licenseKey":""}],"refreshAdRate":30,"mode":"Production","aspectRatio":"4_3","cdnPath":"https:\/\/df8ymybeo92md.cloudfront.net\/images\/","sentry_log":0,"local_logging":0,"sentry_dsn":"https:\/\/93ffa1c9a4124f67b8888a53265f751a:bbf998e04584477fa9a145838e9d3b26@sentry.io\/168994","sentry_initialization":1,"sentry_debugging":0,"bannerSizes":[],"aspectRatioVideo":"16_9","app_id":"1074","showPreRewardedDialogue":0,"showPostRewardedDialogue":0,"rewardCurrency":"coins","rewardValue":0,"isSkipable":0,"privacyPolicyURL":"https:\/\/www.consoliads.com\/privacy-policy\/","sessionToken":"XgqavhxGYomXtKxGqfs\/kzvTTw\/12R2\/eDPASkVVe6ZVtuiydy3P++hshEkJxvR17FeylUFI6dBhfzn4iYnFK\/+v+XUsJSE7TE4bpEEV8p8SNzyE+Jhf7IhHbnk5JdyF0PXjBRhwIbj3pUFEsr87Hqx6gA6OotjmQ0Z0g88jLSI="}
Session token value is set


{"appKey":"b4729925db57c2b0093f9ef0986b65ad","deviceID":"9330","stats":[{"campaignID":53,"packageID":"com.fazbro.heavy.excavator","sceneStats":[{"sceneID":"24","eventStats":"393,293,193,93,93,0,0"}]}],"sdkVersion":"2056","sessionToken":"XgqavhxGYomXtKxGqfs\/kzvTTw\/12R2\/eDPASkVVe6ZVtuiydy3P++hshEkJxvR17FeylUFI6dBhfzn4iYnFK\/+v+XUsJSE7TE4bpEEV8p8SNzyE+Jhf7IhHbnk5JdyF0PXjBRhwIbj3pUFEsr87Hqx6gA6OotjmQ0Z0g88jLSI="}
cache_ttl value is correct

Title value is correct

Title value is correct

Title value is correct

Title value is correct

Title value is correct

Title value is correct

Refresh Ad Rate value is correct
mode value is set

 Aspect ratio value is correct
sentry_log value is set
local_logging value is set
sentry_initialization value is set
sentry_debugging value is set
showPreRewardedDialogue value is set
showPostRewardedDialogue value is set
isSkipable value is set
{"cache_ttl":10080,"cache_ttl_rewarded":10080,"cache_ttl_banner":10080,"cache_ttl_native":10080,"cache_ttl_icon":10080,"campaigns":[{"campaignID":"53","attribution":0,"priority":"5","appToPromote":{"appToPromoteID":"1217","usesDefaultFrameImage":"1","usesDefaultCloseImage":"1","marketURL":"https:\/\/play.google.com\/store\/apps\/details?id=com.fazbro.heavy.excavator","packageID":"com.fazbro.heavy.excavator"},"showTemplate":1,"s2s_tracking_url":"https:\/\/play.google.com\/store\/apps\/details?id=com.fazbro.heavy.excavator","activeCreativeID":"71","scenes":["1","2","8","13"],"campaignAdType":"Interstitial","productId":"","purchaseBit":0,"licenseKey":""},{"campaignID":"55","attribution":0,"priority":"5","appToPromote":{"appToPromoteID":"1045","usesDefaultFrameImage":"1","usesDefaultCloseImage":"1","marketURL":"https:\/\/play.google.com\/store\/apps\/details?id=com.fazbro.road.builder.excavator","packageID":"com.fazbro.road.builder.excavator"},"showTemplate":1,"s2s_tracking_url":"https:\/\/play.google.com\/store\/apps\/details?id=com.fazbro.road.builder.excavator","activeCreativeID":"73","scenes":["1","2","8","13"],"campaignAdType":"Interstitial","productId":"","purchaseBit":0,"licenseKey":""},{"campaignID":"73","attribution":0,"priority":"5","appToPromote":{"appToPromoteID":"1458","usesDefaultFrameImage":"1","usesDefaultCloseImage":"1","marketURL":"https:\/\/play.google.com\/store\/apps\/details?id=com.mizo.army.prisoner.transport.simulator","packageID":"com.mizo.army.prisoner.transport.simulator"},"showTemplate":1,"s2s_tracking_url":"https:\/\/play.google.com\/store\/apps\/details?id=com.mizo.army.prisoner.transport.simulator","activeCreativeID":"93","scenes":["1","2","8","13"],"campaignAdType":"Interstitial","productId":"","purchaseBit":0,"licenseKey":""},{"campaignID":"74","attribution":0,"priority":"5","appToPromote":{"appToPromoteID":"1449","usesDefaultFrameImage":"1","usesDefaultCloseImage":"1","marketURL":"https:\/\/play.google.com\/store\/apps\/details?id=com.brilliantgamez.army.prisoners.transport.plane","packageID":"com.brilliantgamez.army.prisoners.transport.plane"},"showTemplate":1,"s2s_tracking_url":"https:\/\/play.google.com\/store\/apps\/details?id=com.brilliantgamez.army.prisoners.transport.plane","activeCreativeID":"94","scenes":["1","2","8","13"],"campaignAdType":"Interstitial","productId":"","purchaseBit":0,"licenseKey":""},{"campaignID":"8226","attribution":0,"priority":"8","appToPromote":{"appToPromoteID":"12623","usesDefaultFrameImage":"0","usesDefaultCloseImage":"0","marketURL":"https:\/\/play.google.com\/store\/apps\/details?id=com.igg.android.lordsmobile&amp;referrer=utm_source=42matters.com&amp;utm_medium=api","packageID":"com.nooribrand.android.lordsmobile"},"showTemplate":1,"s2s_tracking_url":"https:\/\/play.google.com\/store\/apps\/details?id=com.igg.android.lordsmobile&amp;referrer=utm_source=42matters.com&amp;utm_medium=api","activeCreativeID":"3557","scenes":["1","2","8","13"],"campaignAdType":"Icon","productId":"","purchaseBit":0,"licenseKey":""},{"campaignID":"8378","attribution":0,"priority":"8","appToPromote":{"appToPromoteID":"16480","usesDefaultFrameImage":"0","usesDefaultCloseImage":"0","marketURL":"https:\/\/play.google.com\/store\/apps\/details?id=com.nag.home.manager.working.virtual.mom","packageID":"com.GSS317.AmazingFamily"},"showTemplate":1,"s2s_tracking_url":"https:\/\/play.google.com\/store\/apps\/details?id=com.nag.home.manager.working.virtual.mom","activeCreativeID":"3720","scenes":["1","2","8","13"],"campaignAdType":"Interstitial","productId":"","purchaseBit":0,"licenseKey":""},{"campaignID":"8613","attribution":0,"priority":"8","appToPromote":{"appToPromoteID":"12623","usesDefaultFrameImage":"0","usesDefaultCloseImage":"0","marketURL":"https:\/\/play.google.com\/store\/apps\/details?id=com.igg.android.lordsmobile&amp;referrer=utm_source=42matters.com&amp;utm_medium=api","packageID":"com.nooribrand.android.lordsmobile"},"showTemplate":1,"s2s_tracking_url":"https:\/\/play.google.com\/store\/apps\/details?id=com.igg.android.lordsmobile&amp;referrer=utm_source=42matters.com&amp;utm_medium=api","activeCreativeID":"3557","scenes":["1","2","8","13"],"campaignAdType":"Icon","productId":"","purchaseBit":0,"licenseKey":""},{"campaignID":"9252","attribution":0,"priority":"8","appToPromote":{"appToPromoteID":"12315","usesDefaultFrameImage":"0","usesDefaultCloseImage":"0","marketURL":"google.com","packageID":"com.qabrand.plnative"},"showTemplate":1,"s2s_tracking_url":"google.com","activeCreativeID":"4683","scenes":["1","2","8","13"],"campaignAdType":"Native","title":"Native first","subTitle":"First ","description":"New description","adClickThroughText":"FIRST Button","productId":"","purchaseBit":0,"licenseKey":""},{"campaignID":"9253","attribution":0,"priority":"8","appToPromote":{"appToPromoteID":"12315","usesDefaultFrameImage":"0","usesDefaultCloseImage":"0","marketURL":"google.com","packageID":"com.qabrand.plnative"},"showTemplate":1,"s2s_tracking_url":"google.com","activeCreativeID":"4683","scenes":["1","2","8","13"],"campaignAdType":"Native","title":"Native first","subTitle":"First ","description":"New description","adClickThroughText":"FIRST Button","productId":"","purchaseBit":0,"licenseKey":""},{"campaignID":"9255","attribution":0,"priority":"8","appToPromote":{"appToPromoteID":"13274","usesDefaultFrameImage":"0","usesDefaultCloseImage":"0","marketURL":"https:\/\/play.google.com\/store\/apps\/details?id=com.facebook.katana","packageID":"com.salon.adsalon"},"showTemplate":1,"s2s_tracking_url":"https:\/\/play.google.com\/store\/apps\/details?id=com.facebook.katana","activeCreativeID":"4685","scenes":["1","2","8","13"],"campaignAdType":"Native","title":"native NA ","subTitle":"native NA ","description":"native NA added","adClickThroughText":"native NA ","productId":"","purchaseBit":0,"licenseKey":""},{"campaignID":"9257","attribution":0,"priority":"8","appToPromote":{"appToPromoteID":"12286","usesDefaultFrameImage":"0","usesDefaultCloseImage":"0","marketURL":"google.com","packageID":"com.qabrand.Chartboost_Native"},"showTemplate":1,"s2s_tracking_url":"google.com","activeCreativeID":"4688","scenes":["1","2","8","13"],"campaignAdType":"Native","title":"Native second updated","subTitle":"Native second ","description":"Native second details","adClickThroughText":"Native second ","productId":"","purchaseBit":0,"licenseKey":""},{"campaignID":"9263","attribution":0,"priority":"8","appToPromote":{"appToPromoteID":"12315","usesDefaultFrameImage":"0","usesDefaultCloseImage":"0","marketURL":"google.com","packageID":"com.qabrand.plnative"},"showTemplate":1,"s2s_tracking_url":"google.com","activeCreativeID":"4694","scenes":["1","2","8","13"],"campaignAdType":"Native","title":"test","subTitle":"test","description":" test details update","adClickThroughText":"test","productId":"","purchaseBit":0,"licenseKey":""},{"campaignID":"9547","attribution":0,"priority":"8","appToPromote":{"appToPromoteID":"11879","usesDefaultFrameImage":"0","usesDefaultCloseImage":"0","marketURL":"https:\/\/play.google.com\/store\/apps\/details?id=com.buntoo.car.racing.games","packageID":"com.buntoo.car.racing.games"},"showTemplate":1,"s2s_tracking_url":"https:\/\/play.google.com\/store\/apps\/details?id=com.buntoo.car.racing.games","activeCreativeID":"4964","scenes":["1","2","8","13"],"campaignAdType":"Interstitial","productId":"","purchaseBit":0,"licenseKey":""},{"campaignID":"9586","attribution":0,"priority":"8","appToPromote":{"appToPromoteID":"515","usesDefaultFrameImage":"1","usesDefaultCloseImage":"1","marketURL":"https:\/\/play.google.com\/store\/apps\/details?id=com.plum.cash.counter.simualtor","packageID":"com.plum.cash.counter.simualtor"},"showTemplate":1,"s2s_tracking_url":"https:\/\/play.google.com\/store\/apps\/details?id=com.plum.cash.counter.simualtor","activeCreativeID":"50","scenes":["1","2","8","13"],"campaignAdType":"Interstitial","productId":"","purchaseBit":0,"licenseKey":""},{"campaignID":"9587","attribution":0,"priority":"8","appToPromote":{"appToPromoteID":"515","usesDefaultFrameImage":"1","usesDefaultCloseImage":"1","marketURL":"https:\/\/play.google.com\/store\/apps\/details?id=com.plum.cash.counter.simualtor","packageID":"com.plum.cash.counter.simualtor"},"showTemplate":1,"s2s_tracking_url":"https:\/\/play.google.com\/store\/apps\/details?id=com.plum.cash.counter.simualtor","activeCreativeID":"50","scenes":["1","2","8","13"],"campaignAdType":"Interstitial","productId":"","purchaseBit":0,"licenseKey":""},{"campaignID":"9588","attribution":0,"priority":"8","appToPromote":{"appToPromoteID":"515","usesDefaultFrameImage":"1","usesDefaultCloseImage":"1","marketURL":"https:\/\/play.google.com\/store\/apps\/details?id=com.plum.cash.counter.simualtor","packageID":"com.plum.cash.counter.simualtor"},"showTemplate":1,"s2s_tracking_url":"https:\/\/play.google.com\/store\/apps\/details?id=com.plum.cash.counter.simualtor","activeCreativeID":"50","scenes":["1","2","8","13"],"campaignAdType":"Interstitial","productId":"","purchaseBit":0,"licenseKey":""},{"campaignID":"9589","attribution":0,"priority":"8","appToPromote":{"appToPromoteID":"515","usesDefaultFrameImage":"1","usesDefaultCloseImage":"1","marketURL":"https:\/\/play.google.com\/store\/apps\/details?id=com.plum.cash.counter.simualtor","packageID":"com.plum.cash.counter.simualtor"},"showTemplate":1,"s2s_tracking_url":"https:\/\/play.google.com\/store\/apps\/details?id=com.plum.cash.counter.simualtor","activeCreativeID":"50","scenes":["1","2","8","13"],"campaignAdType":"Interstitial","productId":"","purchaseBit":0,"licenseKey":""},{"campaignID":"9599","attribution":0,"priority":"8","appToPromote":{"appToPromoteID":"515","usesDefaultFrameImage":"1","usesDefaultCloseImage":"1","marketURL":"https:\/\/play.google.com\/store\/apps\/details?id=com.plum.cash.counter.simualtor","packageID":"com.plum.cash.counter.simualtor"},"showTemplate":1,"s2s_tracking_url":"https:\/\/play.google.com\/store\/apps\/details?id=com.plum.cash.counter.simualtor","activeCreativeID":"5001","scenes":["1","2","8","13"],"campaignAdType":"Icon","productId":"","purchaseBit":0,"licenseKey":""},{"campaignID":"9127","attribution":0,"priority":"8","appToPromote":{"appToPromoteID":"17528","usesDefaultFrameImage":"0","usesDefaultCloseImage":"0","marketURL":"https:\/\/play.google.com\/store\/apps\/details?id=net.one97.paytm","packageID":"net.one97.paytm"},"showTemplate":1,"s2s_tracking_url":"https:\/\/tha.gotrackier.com\/click?campaign_id=63249\\u0026pub_id=75?p1=1217_9127_9330&amp;source=6841&amp;app_name=HeavyExcavator&amp;gaid=9330","activeCreativeID":"4788","scenes":["1","2","8","13"],"campaignAdType":"Native","title":"BCA","subTitle":"FW","description":"nope","adClickThroughText":"Link","productId":"","purchaseBit":0,"licenseKey":""},{"campaignID":"9131","attribution":0,"priority":"8","appToPromote":{"appToPromoteID":"17532","usesDefaultFrameImage":"0","usesDefaultCloseImage":"0","marketURL":"https:\/\/play.google.com\/store\/apps\/details?id=com.dhgate.buyermob","packageID":"com.dhgate.buyermob"},"showTemplate":1,"s2s_tracking_url":"https:\/\/tha.gotrackier.com\/click?campaign_id=63254\\u0026pub_id=75?p1=1217_9131_9330&amp;source=6841&amp;app_name=HeavyExcavator&amp;gaid=9330","activeCreativeID":"4483","scenes":["1","2","8","13"],"campaignAdType":"Interstitial","productId":"","purchaseBit":0,"licenseKey":""},{"campaignID":"8380","attribution_link":"","attribution":1,"priority":"7","appToPromote":{"appToPromoteID":"16480","usesDefaultFrameImage":"0","usesDefaultCloseImage":"0","marketURL":"https:\/\/play.google.com\/store\/apps\/details?id=com.nag.home.manager.working.virtual.mom","packageID":"com.GSS317.AmazingFamily"},"showTemplate":1,"s2s_tracking_url":"","activeCreativeID":"3720","scenes":["1","2","8","13"],"campaignAdType":"Interstitial","productId":"","purchaseBit":0,"licenseKey":""},{"campaignID":"444","attribution":0,"priority":"6","appToPromote":{"appToPromoteID":"3355","usesDefaultFrameImage":"0","usesDefaultCloseImage":"0","marketURL":"https:\/\/play.google.com\/store\/apps\/details?id=com.popnsons.parkour.mouse","packageID":"com.popnsons.parkour.mouse"},"showTemplate":1,"s2s_tracking_url":"https:\/\/play.google.com\/store\/apps\/details?id=com.popnsons.parkour.mouse","activeCreativeID":"469","scenes":["1","2","8","13"],"campaignAdType":"Interstitial","productId":"","purchaseBit":0,"licenseKey":""},{"campaignID":"561","attribution":0,"priority":"6","appToPromote":{"appToPromoteID":"5026","usesDefaultFrameImage":"0","usesDefaultCloseImage":"0","marketURL":"https:\/\/play.google.com\/store\/apps\/details?id=com.as.cashupapp","packageID":"com.as.cashupapp"},"showTemplate":1,"s2s_tracking_url":"https:\/\/play.google.com\/store\/apps\/details?id=com.as.cashupapp","activeCreativeID":"652","scenes":["1","2","8","13"],"campaignAdType":"Interstitial","productId":"","purchaseBit":0,"licenseKey":""},{"campaignID":"570","attribution":0,"priority":"6","appToPromote":{"appToPromoteID":"3802","usesDefaultFrameImage":"0","usesDefaultCloseImage":"0","marketURL":"https:\/\/play.google.com\/store\/apps\/details?id=com.Madxstudios.Flickshootsoccer","packageID":"com.Madxstudios.Flickshootsoccer"},"showTemplate":1,"s2s_tracking_url":"https:\/\/play.google.com\/store\/apps\/details?id=com.Madxstudios.Flickshootsoccer","activeCreativeID":"661","scenes":["1","2","8","13"],"campaignAdType":"Interstitial","productId":"","purchaseBit":0,"licenseKey":""},{"campaignID":"588","attribution":0,"priority":"6","appToPromote":{"appToPromoteID":"5026","usesDefaultFrameImage":"0","usesDefaultCloseImage":"0","marketURL":"https:\/\/play.google.com\/store\/apps\/details?id=com.as.cashupapp","packageID":"com.as.cashupapp"},"showTemplate":1,"s2s_tracking_url":"https:\/\/play.google.com\/store\/apps\/details?id=com.as.cashupapp","activeCreativeID":"652","scenes":["1","2","8","13"],"campaignAdType":"Interstitial","productId":"","purchaseBit":0,"licenseKey":""},{"campaignID":"8808","attribution_link":"","attribution":1,"priority":"5","appToPromote":{"appToPromoteID":"16528","usesDefaultFrameImage":"0","usesDefaultCloseImage":"0","marketURL":"https:\/\/play.google.com\/store\/apps\/details?id=com.bag.farm.day.village.farming.games","packageID":"com.GSS317.com.bag.farm.day.village.farming.games"},"showTemplate":1,"s2s_tracking_url":"","activeCreativeID":"3775","scenes":["1","2","8","13"],"campaignAdType":"Interstitial","productId":"","purchaseBit":0,"licenseKey":""},{"campaignID":"8876","attribution":0,"priority":"5","appToPromote":{"appToPromoteID":"15640","usesDefaultFrameImage":"0","usesDefaultCloseImage":"0","marketURL":"https:\/\/play.google.com\/store\/apps\/details?id=com.pgz.police.bike.stunt.ramp.bike.racing.games","packageID":"com.pgz.police.bike.stunt.ramp.bike.racing.games"},"showTemplate":1,"s2s_tracking_url":"https:\/\/play.google.com\/store\/apps\/details?id=com.pgz.police.bike.stunt.ramp.bike.racing.games","activeCreativeID":"4236","scenes":["1","2","8","13"],"campaignAdType":"Interstitial","productId":"","purchaseBit":0,"licenseKey":""},{"campaignID":"8973","attribution":0,"priority":"5","appToPromote":{"appToPromoteID":"15974","usesDefaultFrameImage":"0","usesDefaultCloseImage":"0","marketURL":"https:\/\/play.google.com\/store\/apps\/details?id=com.mustardgames.bmx.cycle.stunt.mega.ramp.impossibletracks","packageID":"com.mustardgames.bmx.cycle.stunt.mega.ramp.impossibletracks"},"showTemplate":1,"s2s_tracking_url":"https:\/\/play.google.com\/store\/apps\/details?id=com.mustardgames.bmx.cycle.stunt.mega.ramp.impossibletracks","activeCreativeID":"4339","scenes":["1","2","8","13"],"campaignAdType":"Interstitial","productId":"","purchaseBit":0,"licenseKey":""},{"campaignID":"557","attribution":0,"priority":"4","appToPromote":{"appToPromoteID":"4959","usesDefaultFrameImage":"0","usesDefaultCloseImage":"0","marketURL":"https:\/\/play.google.com\/store\/apps\/details?id=com.jet.plane.surfers.joyride.dash","packageID":"com.jet.plane.surfers.joyride.dash"},"showTemplate":1,"s2s_tracking_url":"https:\/\/play.google.com\/store\/apps\/details?id=com.jet.plane.surfers.joyride.dash","activeCreativeID":"645","scenes":["1","2","8","13"],"campaignAdType":"Interstitial","productId":"","purchaseBit":0,"licenseKey":""},{"campaignID":"414","attribution":0,"priority":"3","appToPromote":{"appToPromoteID":"3023","usesDefaultFrameImage":"0","usesDefaultCloseImage":"0","marketURL":"https:\/\/play.google.com\/store\/apps\/details?id=com.appricot2d.rolo.pet.parrot","packageID":"com.appricot2d.rolo.pet.parrot"},"showTemplate":1,"s2s_tracking_url":"https:\/\/play.google.com\/store\/apps\/details?id=com.appricot2d.rolo.pet.parrot","activeCreativeID":"385","scenes":["1","2","8","13"],"campaignAdType":"Interstitial","productId":"","purchaseBit":0,"licenseKey":""},{"campaignID":"559","attribution":0,"priority":"3","appToPromote":{"appToPromoteID":"3476","usesDefaultFrameImage":"0","usesDefaultCloseImage":"0","marketURL":"https:\/\/play.google.com\/store\/apps\/details?id=com.perspectivegames.real.impossible.tracks.stunts","packageID":"com.perspectivegames.real.impossible.tracks.stunts"},"showTemplate":1,"s2s_tracking_url":"https:\/\/play.google.com\/store\/apps\/details?id=com.perspectivegames.real.impossible.tracks.stunts","activeCreativeID":"649","scenes":["1","2","8","13"],"campaignAdType":"Interstitial","productId":"","purchaseBit":0,"licenseKey":""},{"campaignID":"741","attribution":0,"priority":"3","appToPromote":{"appToPromoteID":"5609","usesDefaultFrameImage":"0","usesDefaultCloseImage":"0","marketURL":"https:\/\/play.google.com\/store\/apps\/details?id=com.kick.gyroscopic.city.train.driver.simulator","packageID":"com.kick.gyroscopic.city.train.driver.simulator"},"showTemplate":1,"s2s_tracking_url":"https:\/\/play.google.com\/store\/apps\/details?id=com.kick.gyroscopic.city.train.driver.simulator","activeCreativeID":"753","scenes":["1","2","8","13"],"campaignAdType":"Interstitial","productId":"","purchaseBit":0,"licenseKey":""},{"campaignID":"798","attribution":0,"priority":"3","appToPromote":{"appToPromoteID":"5770","usesDefaultFrameImage":"0","usesDefaultCloseImage":"0","marketURL":"https:\/\/play.google.com\/store\/apps\/details?id=com.simulatorgames3d.alohacelebrations","packageID":"com.simulatorgames3d.alohacelebrations"},"showTemplate":1,"s2s_tracking_url":"https:\/\/play.google.com\/store\/apps\/details?id=com.simulatorgames3d.alohacelebrations","activeCreativeID":"787","scenes":["1","2","8","13"],"campaignAdType":"Interstitial","productId":"","purchaseBit":0,"licenseKey":""},{"campaignID":"1483","attribution":0,"priority":"3","appToPromote":{"appToPromoteID":"1714","usesDefaultFrameImage":"1","usesDefaultCloseImage":"1","marketURL":"https:\/\/play.google.com\/store\/apps\/details?id=com.playink.cookie.maker","packageID":"com.playink.cookie.maker"},"showTemplate":1,"s2s_tracking_url":"https:\/\/play.google.com\/store\/apps\/details?id=com.playink.cookie.maker","activeCreativeID":"1020","scenes":["1","2","8","13"],"campaignAdType":"Interstitial","productId":"","purchaseBit":0,"licenseKey":""},{"campaignID":"8762","attribution":0,"priority":"2","appToPromote":{"appToPromoteID":"13265","usesDefaultFrameImage":"0","usesDefaultCloseImage":"0","marketURL":"https:\/\/play.google.com\/store\/apps\/details?id=com.rhg.tricky.bike.stunt.moto.master","packageID":"com.rhg.tricky.bike.stunt.moto.master"},"showTemplate":1,"s2s_tracking_url":"https:\/\/play.google.com\/store\/apps\/details?id=com.rhg.tricky.bike.stunt.moto.master","activeCreativeID":"4121","scenes":["1","2","8","13"],"campaignAdType":"Rewarded Video","productId":"","purchaseBit":0,"licenseKey":""},{"campaignID":"8879","attribution":0,"priority":"2","appToPromote":{"appToPromoteID":"15640","usesDefaultFrameImage":"0","usesDefaultCloseImage":"0","marketURL":"https:\/\/play.google.com\/store\/apps\/details?id=com.pgz.police.bike.stunt.ramp.bike.racing.games","packageID":"com.pgz.police.bike.stunt.ramp.bike.racing.games"},"showTemplate":1,"s2s_tracking_url":"https:\/\/play.google.com\/store\/apps\/details?id=com.pgz.police.bike.stunt.ramp.bike.racing.games","activeCreativeID":"4239","scenes":["1","2","8","13"],"campaignAdType":"Banner","productId":"","purchaseBit":0,"licenseKey":""},{"campaignID":"8971","attribution":0,"priority":"2","appToPromote":{"appToPromoteID":"15640","usesDefaultFrameImage":"0","usesDefaultCloseImage":"0","marketURL":"https:\/\/play.google.com\/store\/apps\/details?id=com.pgz.police.bike.stunt.ramp.bike.racing.games","packageID":"com.pgz.police.bike.stunt.ramp.bike.racing.games"},"showTemplate":1,"s2s_tracking_url":"https:\/\/play.google.com\/store\/apps\/details?id=com.pgz.police.bike.stunt.ramp.bike.racing.games","activeCreativeID":"4236","scenes":["1","2","8","13"],"campaignAdType":"Interstitial","productId":"","purchaseBit":0,"licenseKey":""}],"refreshAdRate":30,"mode":"Production","aspectRatio":"4_3","cdnPath":"https:\/\/df8ymybeo92md.cloudfront.net\/images\/","sentry_log":0,"local_logging":0,"sentry_dsn":"https:\/\/93ffa1c9a4124f67b8888a53265f751a:bbf998e04584477fa9a145838e9d3b26@sentry.io\/168994","sentry_initialization":1,"sentry_debugging":0,"bannerSizes":["1"],"aspectRatioVideo":"16_9","app_id":"1217","showPreRewardedDialogue":0,"showPostRewardedDialogue":0,"rewardCurrency":"coins","rewardValue":0,"isSkipable":1,"privacyPolicyURL":"https:\/\/www.consoliads.com\/privacy-policy\/","sessionToken":"1O1lr1baeQmyQgD6qWPQ6qdZ\/FtnasSk6SY50yU\/navQQq7oQE7I+OaYzN9Sdb9vSlN\/9CUK1phHE+\/v3T2jtCjKSLcH40TJT7HrFTYMGL2pniAzP+4ehH2o8d5nd+4RuQZulRxxH\/M109fwUBychvEM8ciHzVlk9hfzVL53ZYc="}
Session token value is set


{"appKey":"a6c37abf407b4606382faab36e69377f","deviceID":"7183","stats":[{"campaignID":73,"packageID":"com.mizo.army.prisoner.transport.simulator","sceneStats":[{"sceneID":"18","eventStats":"372,272,172,72,72,0,0"}]}],"sdkVersion":"39","sessionToken":"1O1lr1baeQmyQgD6qWPQ6qdZ\/FtnasSk6SY50yU\/navQQq7oQE7I+OaYzN9Sdb9vSlN\/9CUK1phHE+\/v3T2jtCjKSLcH40TJT7HrFTYMGL2pniAzP+4ehH2o8d5nd+4RuQZulRxxH\/M109fwUBychvEM8ciHzVlk9hfzVL53ZYc="}
cache_ttl value is correct

Refresh Ad Rate value is correct
mode value is set

 Aspect ratio value is correct
sentry_log value is set
local_logging value is set
sentry_initialization value is set
sentry_debugging value is set
showPreRewardedDialogue value is set
showPostRewardedDialogue value is set
isSkipable value is set
{"cache_ttl":10080,"cache_ttl_rewarded":10080,"cache_ttl_banner":10080,"cache_ttl_native":10080,"cache_ttl_icon":10080,"refreshAdRate":30,"mode":"Production","aspectRatio":"4_3","cdnPath":"https:\/\/df8ymybeo92md.cloudfront.net\/images\/","sentry_log":0,"local_logging":0,"sentry_dsn":"https:\/\/93ffa1c9a4124f67b8888a53265f751a:bbf998e04584477fa9a145838e9d3b26@sentry.io\/168994","sentry_initialization":1,"sentry_debugging":0,"bannerSizes":[],"aspectRatioVideo":"16_9","app_id":"1458","showPreRewardedDialogue":0,"showPostRewardedDialogue":0,"rewardCurrency":"coins","rewardValue":0,"isSkipable":0,"privacyPolicyURL":"https:\/\/www.consoliads.com\/privacy-policy\/","sessionToken":"O6e\/1\/HLThvIfPhwVI45D5m+kxXuN6R72sJjUCyfT0HD5Jgod9l7LBtciJDolaWSrbk5kUPpa7+IY5bfrKsXEwb9Hs\/lc\/c19wLWLN0GQL3X86HoLAQtsvQRaI4GJ05yrdeaYbmi3\/B1yvF3P14N5L+WBvQKUSyeCp90vRctSEY="}
Session token value is set


{"appKey":"f1b23f0067eb003f37357ca24defd9a4","deviceID":"9975","stats":[{"campaignID":78,"packageID":"com.mizo.road.builder.city.construction","sceneStats":[{"sceneID":"25","eventStats":"399,299,199,99,99,0,0"}]}],"sdkVersion":"2151","sessionToken":"O6e\/1\/HLThvIfPhwVI45D5m+kxXuN6R72sJjUCyfT0HD5Jgod9l7LBtciJDolaWSrbk5kUPpa7+IY5bfrKsXEwb9Hs\/lc\/c19wLWLN0GQL3X86HoLAQtsvQRaI4GJ05yrdeaYbmi3\/B1yvF3P14N5L+WBvQKUSyeCp90vRctSEY="}
cache_ttl value is correct

Refresh Ad Rate value is correct
mode value is set

 Aspect ratio value is correct
sentry_log value is set
local_logging value is set
sentry_initialization value is set
sentry_debugging value is set
showPreRewardedDialogue value is set
showPostRewardedDialogue value is set
isSkipable value is set
{"cache_ttl":10080,"cache_ttl_rewarded":10080,"cache_ttl_banner":10080,"cache_ttl_native":10080,"cache_ttl_icon":10080,"campaigns":[{"campaignID":"9277","attribution_link":"","attribution":1,"priority":"5","appToPromote":{"appToPromoteID":"17609","usesDefaultFrameImage":"0","usesDefaultCloseImage":"0","marketURL":"https:\/\/smartbear.com\/learn\/automated-testing\/test-automation-frameworks\/","packageID":"com.buntoo.buntooAd"},"showTemplate":1,"s2s_tracking_url":"","activeCreativeID":"4702","scenes":["1","2","6","4","5"],"campaignAdType":"Interstitial","productId":"","purchaseBit":0,"licenseKey":""},{"campaignID":"9278","attribution":0,"priority":"5","appToPromote":{"appToPromoteID":"17609","usesDefaultFrameImage":"0","usesDefaultCloseImage":"0","marketURL":"https:\/\/smartbear.com\/learn\/automated-testing\/test-automation-frameworks\/","packageID":"com.buntoo.buntooAd"},"showTemplate":1,"s2s_tracking_url":"https:\/\/smartbear.com\/learn\/automated-testing\/test-automation-frameworks\/","activeCreativeID":"4701","scenes":["1","2","6","4","5"],"campaignAdType":"Interstitial","productId":"","purchaseBit":0,"licenseKey":""},{"campaignID":"9279","attribution":0,"priority":"5","appToPromote":{"appToPromoteID":"17609","usesDefaultFrameImage":"0","usesDefaultCloseImage":"0","marketURL":"https:\/\/smartbear.com\/learn\/automated-testing\/test-automation-frameworks\/","packageID":"com.buntoo.buntooAd"},"showTemplate":1,"s2s_tracking_url":"https:\/\/smartbear.com\/learn\/automated-testing\/test-automation-frameworks\/","activeCreativeID":"4701","scenes":["1","2","6","4","5"],"campaignAdType":"Interstitial","productId":"","purchaseBit":0,"licenseKey":""},{"campaignID":"9280","attribution":0,"priority":"5","appToPromote":{"appToPromoteID":"17609","usesDefaultFrameImage":"0","usesDefaultCloseImage":"0","marketURL":"https:\/\/smartbear.com\/learn\/automated-testing\/test-automation-frameworks\/","packageID":"com.buntoo.buntooAd"},"showTemplate":1,"s2s_tracking_url":"https:\/\/smartbear.com\/learn\/automated-testing\/test-automation-frameworks\/","activeCreativeID":"4701","scenes":["1","2","6","4","5"],"campaignAdType":"Interstitial","productId":"","purchaseBit":0,"licenseKey":""},{"campaignID":"9281","attribution":0,"priority":"5","appToPromote":{"appToPromoteID":"17609","usesDefaultFrameImage":"0","usesDefaultCloseImage":"0","marketURL":"https:\/\/smartbear.com\/learn\/automated-testing\/test-automation-frameworks\/","packageID":"com.buntoo.buntooAd"},"showTemplate":1,"s2s_tracking_url":"https:\/\/smartbear.com\/learn\/automated-testing\/test-automation-frameworks\/","activeCreativeID":"4701","scenes":["1","2","6","4","5"],"campaignAdType":"Interstitial","productId":"","purchaseBit":0,"licenseKey":""},{"campaignID":"9282","attribution":0,"priority":"5","appToPromote":{"appToPromoteID":"17609","usesDefaultFrameImage":"0","usesDefaultCloseImage":"0","marketURL":"https:\/\/smartbear.com\/learn\/automated-testing\/test-automation-frameworks\/","packageID":"com.buntoo.buntooAd"},"showTemplate":1,"s2s_tracking_url":"https:\/\/smartbear.com\/learn\/automated-testing\/test-automation-frameworks\/","activeCreativeID":"4701","scenes":["1","2","6","4","5"],"campaignAdType":"Interstitial","productId":"","purchaseBit":0,"licenseKey":""},{"campaignID":"9283","attribution":0,"priority":"5","appToPromote":{"appToPromoteID":"17609","usesDefaultFrameImage":"0","usesDefaultCloseImage":"0","marketURL":"https:\/\/smartbear.com\/learn\/automated-testing\/test-automation-frameworks\/","packageID":"com.buntoo.buntooAd"},"showTemplate":1,"s2s_tracking_url":"https:\/\/smartbear.com\/learn\/automated-testing\/test-automation-frameworks\/","activeCreativeID":"4701","scenes":["1","2","6","4","5"],"campaignAdType":"Interstitial","productId":"","purchaseBit":0,"licenseKey":""},{"campaignID":"9285","attribution":0,"priority":"5","appToPromote":{"appToPromoteID":"14746","usesDefaultFrameImage":"0","usesDefaultCloseImage":"0","marketURL":"https:\/\/play.google.com\/store\/apps\/details?id=com.buntoo.army.bus.parking","packageID":"com.buntoo.army.bus.parking"},"showTemplate":1,"s2s_tracking_url":"https:\/\/play.google.com\/store\/apps\/details?id=com.buntoo.army.bus.parking","activeCreativeID":"4710","scenes":["1","2","6","4","5"],"campaignAdType":"Interstitial","productId":"","purchaseBit":0,"licenseKey":""},{"campaignID":"9287","attribution":0,"priority":"5","appToPromote":{"appToPromoteID":"14746","usesDefaultFrameImage":"0","usesDefaultCloseImage":"0","marketURL":"https:\/\/play.google.com\/store\/apps\/details?id=com.buntoo.army.bus.parking","packageID":"com.buntoo.army.bus.parking"},"showTemplate":1,"s2s_tracking_url":"https:\/\/play.google.com\/store\/apps\/details?id=com.buntoo.army.bus.parking","activeCreativeID":"4710","scenes":["1","2","6","4","5"],"campaignAdType":"Interstitial","productId":"","purchaseBit":0,"licenseKey":""},{"campaignID":"9289","attribution":0,"priority":"5","appToPromote":{"appToPromoteID":"17609","usesDefaultFrameImage":"0","usesDefaultCloseImage":"0","marketURL":"https:\/\/smartbear.com\/learn\/automated-testing\/test-automation-frameworks\/","packageID":"com.buntoo.buntooAd"},"showTemplate":1,"s2s_tracking_url":"https:\/\/smartbear.com\/learn\/automated-testing\/test-automation-frameworks\/","activeCreativeID":"4701","scenes":["1","2","6","4","5"],"campaignAdType":"Interstitial","productId":"","purchaseBit":0,"licenseKey":""},{"campaignID":"9290","attribution":0,"priority":"5","appToPromote":{"appToPromoteID":"17609","usesDefaultFrameImage":"0","usesDefaultCloseImage":"0","marketURL":"https:\/\/smartbear.com\/learn\/automated-testing\/test-automation-frameworks\/","packageID":"com.buntoo.buntooAd"},"showTemplate":1,"s2s_tracking_url":"https:\/\/smartbear.com\/learn\/automated-testing\/test-automation-frameworks\/","activeCreativeID":"4701","scenes":["1","2","6","4","5"],"campaignAdType":"Interstitial","productId":"","purchaseBit":0,"licenseKey":""},{"campaignID":"9293","attribution":0,"priority":"5","appToPromote":{"appToPromoteID":"17609","usesDefaultFrameImage":"0","usesDefaultCloseImage":"0","marketURL":"https:\/\/smartbear.com\/learn\/automated-testing\/test-automation-frameworks\/","packageID":"com.buntoo.buntooAd"},"showTemplate":1,"s2s_tracking_url":"https:\/\/smartbear.com\/learn\/automated-testing\/test-automation-frameworks\/","activeCreativeID":"4701","scenes":["1","2","6","4","5"],"campaignAdType":"Interstitial","productId":"","purchaseBit":0,"licenseKey":""},{"campaignID":"9296","attribution":0,"priority":"5","appToPromote":{"appToPromoteID":"17609","usesDefaultFrameImage":"0","usesDefaultCloseImage":"0","marketURL":"https:\/\/smartbear.com\/learn\/automated-testing\/test-automation-frameworks\/","packageID":"com.buntoo.buntooAd"},"showTemplate":1,"s2s_tracking_url":"https:\/\/smartbear.com\/learn\/automated-testing\/test-automation-frameworks\/","activeCreativeID":"4701","scenes":["1","2","6","4","5"],"campaignAdType":"Interstitial","productId":"","purchaseBit":0,"licenseKey":""},{"campaignID":"9297","attribution":0,"priority":"5","appToPromote":{"appToPromoteID":"17609","usesDefaultFrameImage":"0","usesDefaultCloseImage":"0","marketURL":"https:\/\/smartbear.com\/learn\/automated-testing\/test-automation-frameworks\/","packageID":"com.buntoo.buntooAd"},"showTemplate":1,"s2s_tracking_url":"https:\/\/smartbear.com\/learn\/automated-testing\/test-automation-frameworks\/","activeCreativeID":"4701","scenes":["1","2","6","4","5"],"campaignAdType":"Interstitial","productId":"","purchaseBit":0,"licenseKey":""},{"campaignID":"9299","attribution":0,"priority":"5","appToPromote":{"appToPromoteID":"17609","usesDefaultFrameImage":"0","usesDefaultCloseImage":"0","marketURL":"https:\/\/smartbear.com\/learn\/automated-testing\/test-automation-frameworks\/","packageID":"com.buntoo.buntooAd"},"showTemplate":1,"s2s_tracking_url":"https:\/\/smartbear.com\/learn\/automated-testing\/test-automation-frameworks\/","activeCreativeID":"4701","scenes":["1","2","6","4","5"],"campaignAdType":"Interstitial","productId":"","purchaseBit":0,"licenseKey":""},{"campaignID":"9301","attribution":0,"priority":"5","appToPromote":{"appToPromoteID":"17609","usesDefaultFrameImage":"0","usesDefaultCloseImage":"0","marketURL":"https:\/\/smartbear.com\/learn\/automated-testing\/test-automation-frameworks\/","packageID":"com.buntoo.buntooAd"},"showTemplate":1,"s2s_tracking_url":"https:\/\/smartbear.com\/learn\/automated-testing\/test-automation-frameworks\/","activeCreativeID":"4701","scenes":["1","2","6","4","5"],"campaignAdType":"Interstitial","productId":"","purchaseBit":0,"licenseKey":""},{"campaignID":"9305","attribution":0,"priority":"5","appToPromote":{"appToPromoteID":"14746","usesDefaultFrameImage":"0","usesDefaultCloseImage":"0","marketURL":"https:\/\/play.google.com\/store\/apps\/details?id=com.buntoo.army.bus.parking","packageID":"com.buntoo.army.bus.parking"},"showTemplate":1,"s2s_tracking_url":"https:\/\/play.google.com\/store\/apps\/details?id=com.buntoo.army.bus.parking","activeCreativeID":"4710","scenes":["1","2","6","4","5"],"campaignAdType":"Interstitial","productId":"","purchaseBit":0,"licenseKey":""},{"campaignID":"48","attribution":0,"priority":"5","appToPromote":{"appToPromoteID":"1074","usesDefaultFrameImage":"1","usesDefaultCloseImage":"1","marketURL":"https:\/\/play.google.com\/store\/apps\/details?id=com.mizo.construction.crane.hill.climb","packageID":"com.mizo.construction.crane.hill.climb"},"showTemplate":1,"s2s_tracking_url":"https:\/\/play.google.com\/store\/apps\/details?id=com.mizo.construction.crane.hill.climb","activeCreativeID":"65","scenes":["1","2","6","4","5"],"campaignAdType":"Interstitial","productId":"","purchaseBit":0,"licenseKey":""},{"campaignID":"50","attribution":0,"priority":"5","appToPromote":{"appToPromoteID":"1221","usesDefaultFrameImage":"1","usesDefaultCloseImage":"1","marketURL":"https:\/\/play.google.com\/store\/apps\/details?id=com.mizo.offroad.hill.climb","packageID":"com.mizo.offroad.hill.climb"},"showTemplate":1,"s2s_tracking_url":"https:\/\/play.google.com\/store\/apps\/details?id=com.mizo.offroad.hill.climb","activeCreativeID":"67","scenes":["1","2","6","4","5"],"campaignAdType":"Interstitial","productId":"","purchaseBit":0,"licenseKey":""},{"campaignID":"67","attribution":0,"priority":"5","appToPromote":{"appToPromoteID":"1306","usesDefaultFrameImage":"1","usesDefaultCloseImage":"1","marketURL":"https:\/\/play.google.com\/store\/apps\/details?id=com.mizo.extreme.heavy.truck","packageID":"com.mizo.extreme.heavy.truck"},"showTemplate":1,"s2s_tracking_url":"https:\/\/play.google.com\/store\/apps\/details?id=com.mizo.extreme.heavy.truck","activeCreativeID":"85","scenes":["1","2","6","4","5"],"campaignAdType":"Interstitial","productId":"","purchaseBit":0,"licenseKey":""},{"campaignID":"73","attribution":0,"priority":"5","appToPromote":{"appToPromoteID":"1458","usesDefaultFrameImage":"1","usesDefaultCloseImage":"1","marketURL":"https:\/\/play.google.com\/store\/apps\/details?id=com.mizo.army.prisoner.transport.simulator","packageID":"com.mizo.army.prisoner.transport.simulator"},"showTemplate":1,"s2s_tracking_url":"https:\/\/play.google.com\/store\/apps\/details?id=com.mizo.army.prisoner.transport.simulator","activeCreativeID":"93","scenes":["1","2","6","4","5"],"campaignAdType":"Interstitial","productId":"","purchaseBit":0,"licenseKey":""},{"campaignID":"74","attribution":0,"priority":"5","appToPromote":{"appToPromoteID":"1449","usesDefaultFrameImage":"1","usesDefaultCloseImage":"1","marketURL":"https:\/\/play.google.com\/store\/apps\/details?id=com.brilliantgamez.army.prisoners.transport.plane","packageID":"com.brilliantgamez.army.prisoners.transport.plane"},"showTemplate":1,"s2s_tracking_url":"https:\/\/play.google.com\/store\/apps\/details?id=com.brilliantgamez.army.prisoners.transport.plane","activeCreativeID":"94","scenes":["1","2","6","4","5"],"campaignAdType":"Interstitial","productId":"","purchaseBit":0,"licenseKey":""},{"campaignID":"78","attribution":0,"priority":"5","appToPromote":{"appToPromoteID":"1632","usesDefaultFrameImage":"1","usesDefaultCloseImage":"1","marketURL":"https:\/\/play.google.com\/store\/apps\/details?id=com.mizo.road.builder.city.construction","packageID":"com.mizo.road.builder.city.construction"},"showTemplate":1,"s2s_tracking_url":"https:\/\/play.google.com\/store\/apps\/details?id=com.mizo.road.builder.city.construction","activeCreativeID":"97","scenes":["1","2","6","4","5"],"campaignAdType":"Interstitial","productId":"","purchaseBit":0,"licenseKey":""},{"campaignID":"80","attribution":0,"priority":"5","appToPromote":{"appToPromoteID":"1675","usesDefaultFrameImage":"1","usesDefaultCloseImage":"1","marketURL":"https:\/\/play.google.com\/store\/apps\/details?id=com.mizo.flip.bottle.shooting.expert","packageID":"com.mizo.flip.bottle.shooting.expert"},"showTemplate":1,"s2s_tracking_url":"https:\/\/play.google.com\/store\/apps\/details?id=com.mizo.flip.bottle.shooting.expert","activeCreativeID":"100","scenes":["1","2","6","4","5"],"campaignAdType":"Interstitial","productId":"","purchaseBit":0,"licenseKey":""},{"campaignID":"110","attribution":0,"priority":"5","appToPromote":{"appToPromoteID":"1853","usesDefaultFrameImage":"1","usesDefaultCloseImage":"1","marketURL":"https:\/\/play.google.com\/store\/apps\/details?id=com.mizo.police.airplane.transporter","packageID":"com.mizo.police.airplane.transporter"},"showTemplate":1,"s2s_tracking_url":"https:\/\/play.google.com\/store\/apps\/details?id=com.mizo.police.airplane.transporter","activeCreativeID":"137","scenes":["1","2","6","4","5"],"campaignAdType":"Interstitial","productId":"","purchaseBit":0,"licenseKey":""},{"campaignID":"143","attribution":0,"priority":"5","appToPromote":{"appToPromoteID":"2089","usesDefaultFrameImage":"0","usesDefaultCloseImage":"0","marketURL":"https:\/\/play.google.com\/store\/apps\/details?id=com.mizo.sports.car.mechanic","packageID":"com.mizo.sports.car.mechanic"},"showTemplate":1,"s2s_tracking_url":"https:\/\/play.google.com\/store\/apps\/details?id=com.mizo.sports.car.mechanic","activeCreativeID":"184","scenes":["1","2","6","4","5"],"campaignAdType":"Interstitial","productId":"","purchaseBit":0,"licenseKey":""},{"campaignID":"147","attribution":0,"priority":"5","appToPromote":{"appToPromoteID":"2085","usesDefaultFrameImage":"0","usesDefaultCloseImage":"0","marketURL":"https:\/\/play.google.com\/store\/apps\/details?id=com.mizo.robot.gang.mafia","packageID":"com.mizo.robot.gang.mafia"},"showTemplate":1,"s2s_tracking_url":"https:\/\/play.google.com\/store\/apps\/details?id=com.mizo.robot.gang.mafia","activeCreativeID":"188","scenes":["1","2","6","4","5"],"campaignAdType":"Interstitial","productId":"","purchaseBit":0,"licenseKey":""},{"campaignID":"227","attribution":0,"priority":"5","appToPromote":{"appToPromoteID":"2571","usesDefaultFrameImage":"0","usesDefaultCloseImage":"0","marketURL":"https:\/\/play.google.com\/store\/apps\/details?id=com.mizo.raft.suvival","packageID":"com.mizo.raft.suvival"},"showTemplate":1,"s2s_tracking_url":"https:\/\/play.google.com\/store\/apps\/details?id=com.mizo.raft.suvival","activeCreativeID":"302","scenes":["1","2","6","4","5"],"campaignAdType":"Interstitial","productId":"","purchaseBit":0,"licenseKey":""},{"campaignID":"317","attribution":0,"priority":"5","appToPromote":{"appToPromoteID":"2723","usesDefaultFrameImage":"0","usesDefaultCloseImage":"0","marketURL":"https:\/\/play.google.com\/store\/apps\/details?id=com.mizo.helicopter.rescue","packageID":"com.mizo.helicopter.rescue"},"showTemplate":1,"s2s_tracking_url":"https:\/\/play.google.com\/store\/apps\/details?id=com.mizo.helicopter.rescue","activeCreativeID":"324","scenes":["1","2","6","4","5"],"campaignAdType":"Interstitial","productId":"","purchaseBit":0,"licenseKey":""},{"campaignID":"367","attribution":0,"priority":"5","appToPromote":{"appToPromoteID":"2911","usesDefaultFrameImage":"0","usesDefaultCloseImage":"0","marketURL":"https:\/\/play.google.com\/store\/apps\/details?id=com.mizo.police.ship.transporter","packageID":"com.mizo.police.ship.transporter"},"showTemplate":1,"s2s_tracking_url":"https:\/\/play.google.com\/store\/apps\/details?id=com.mizo.police.ship.transporter","activeCreativeID":"383","scenes":["1","2","6","4","5"],"campaignAdType":"Interstitial","productId":"","purchaseBit":0,"licenseKey":""},{"campaignID":"390","attribution":0,"priority":"5","appToPromote":{"appToPromoteID":"3077","usesDefaultFrameImage":"0","usesDefaultCloseImage":"0","marketURL":"https:\/\/play.google.com\/store\/apps\/details?id=com.mizo.transformer.shooting","packageID":"com.mizo.transformer.shooting"},"showTemplate":1,"s2s_tracking_url":"https:\/\/play.google.com\/store\/apps\/details?id=com.mizo.transformer.shooting","activeCreativeID":"441","scenes":["1","2","6","4","5"],"campaignAdType":"Interstitial","productId":"","purchaseBit":0,"licenseKey":""},{"campaignID":"408","attribution":0,"priority":"5","appToPromote":{"appToPromoteID":"3095","usesDefaultFrameImage":"0","usesDefaultCloseImage":"0","marketURL":"https:\/\/play.google.com\/store\/apps\/details?id=com.mizo.superhero.robot","packageID":"com.mizo.superhero.robot"},"showTemplate":1,"s2s_tracking_url":"https:\/\/play.google.com\/store\/apps\/details?id=com.mizo.superhero.robot","activeCreativeID":"443","scenes":["1","2","6","4","5"],"campaignAdType":"Interstitial","productId":"","purchaseBit":0,"licenseKey":""},{"campaignID":"410","attribution":0,"priority":"5","appToPromote":{"appToPromoteID":"3145","usesDefaultFrameImage":"0","usesDefaultCloseImage":"0","marketURL":"https:\/\/play.google.com\/store\/apps\/details?id=com.mizo.extreme.bikerider","packageID":"com.mizo.extreme.bikerider"},"showTemplate":1,"s2s_tracking_url":"https:\/\/play.google.com\/store\/apps\/details?id=com.mizo.extreme.bikerider","activeCreativeID":"448","scenes":["1","2","6","4","5"],"campaignAdType":"Interstitial","productId":"","purchaseBit":0,"licenseKey":""},{"campaignID":"428","attribution":0,"priority":"5","appToPromote":{"appToPromoteID":"3250","usesDefaultFrameImage":"0","usesDefaultCloseImage":"0","marketURL":"https:\/\/play.google.com\/store\/apps\/details?id=com.mizo.bicycle.stunt.racer","packageID":"com.mizo.bicycle.stunt.racer"},"showTemplate":1,"s2s_tracking_url":"https:\/\/play.google.com\/store\/apps\/details?id=com.mizo.bicycle.stunt.racer","activeCreativeID":"472","scenes":["1","2","6","4","5"],"campaignAdType":"Interstitial","productId":"","purchaseBit":0,"licenseKey":""},{"campaignID":"429","attribution":0,"priority":"5","appToPromote":{"appToPromoteID":"3253","usesDefaultFrameImage":"0","usesDefaultCloseImage":"0","marketURL":"https:\/\/play.google.com\/store\/apps\/details?id=com.mizo.rooftop.stunts","packageID":"com.mizo.rooftop.stunts"},"showTemplate":1,"s2s_tracking_url":"https:\/\/play.google.com\/store\/apps\/details?id=com.mizo.rooftop.stunts","activeCreativeID":"474","scenes":["1","2","6","4","5"],"campaignAdType":"Interstitial","productId":"","purchaseBit":0,"licenseKey":""},{"campaignID":"456","attribution":0,"priority":"5","appToPromote":{"appToPromoteID":"2448","usesDefaultFrameImage":"0","usesDefaultCloseImage":"0","marketURL":"https:\/\/play.google.com\/store\/apps\/details?id=com.mizo.battle.simulator","packageID":"com.mizo.battle.simulator"},"showTemplate":1,"s2s_tracking_url":"https:\/\/play.google.com\/store\/apps\/details?id=com.mizo.battle.simulator","activeCreativeID":"503","scenes":["1","2","6","4","5"],"campaignAdType":"Interstitial","productId":"","purchaseBit":0,"licenseKey":""},{"campaignID":"482","attribution":0,"priority":"5","appToPromote":{"appToPromoteID":"2877","usesDefaultFrameImage":"0","usesDefaultCloseImage":"0","marketURL":"https:\/\/play.google.com\/store\/apps\/details?id=com.mizo.underwater.tourist.bus","packageID":"com.mizo.underwater.tourist.bus"},"showTemplate":1,"s2s_tracking_url":"https:\/\/play.google.com\/store\/apps\/details?id=com.mizo.underwater.tourist.bus","activeCreativeID":"540","scenes":["1","2","6","4","5"],"campaignAdType":"Interstitial","productId":"","purchaseBit":0,"licenseKey":""},{"campaignID":"490","attribution":0,"priority":"5","appToPromote":{"appToPromoteID":"3518","usesDefaultFrameImage":"0","usesDefaultCloseImage":"0","marketURL":"https:\/\/play.google.com\/store\/apps\/details?id=com.crazyneuron.superhero.robot.world","packageID":"com.crazyneuron.superhero.robot.world"},"showTemplate":1,"s2s_tracking_url":"https:\/\/play.google.com\/store\/apps\/details?id=com.crazyneuron.superhero.robot.world","activeCreativeID":"550","scenes":["1","2","6","4","5"],"campaignAdType":"Interstitial","productId":"","purchaseBit":0,"licenseKey":""},{"campaignID":"501","attribution":0,"priority":"5","appToPromote":{"appToPromoteID":"3579","usesDefaultFrameImage":"0","usesDefaultCloseImage":"0","marketURL":"https:\/\/play.google.com\/store\/apps\/details?id=com.crazyneuron.us.army.transport","packageID":"com.crazyneuron.us.army.transport"},"showTemplate":1,"s2s_tracking_url":"https:\/\/play.google.com\/store\/apps\/details?id=com.crazyneuron.us.army.transport","activeCreativeID":"577","scenes":["1","2","6","4","5"],"campaignAdType":"Interstitial","productId":"","purchaseBit":0,"licenseKey":""},{"campaignID":"512","attribution":0,"priority":"5","appToPromote":{"appToPromoteID":"3683","usesDefaultFrameImage":"0","usesDefaultCloseImage":"0","marketURL":"https:\/\/play.google.com\/store\/apps\/details?id=com.mizo.plane.landing","packageID":"com.mizo.plane.landing"},"showTemplate":1,"s2s_tracking_url":"https:\/\/play.google.com\/store\/apps\/details?id=com.mizo.plane.landing","activeCreativeID":"594","scenes":["1","2","6","4","5"],"campaignAdType":"Interstitial","productId":"","purchaseBit":0,"licenseKey":""},{"campaignID":"6210","attribution":0,"priority":"5","appToPromote":{"appToPromoteID":"11566","usesDefaultFrameImage":"0","usesDefaultCloseImage":"0","marketURL":"https:\/\/play.google.com\/store\/apps\/details?id=com.mizo.line.drawing.puzzle.game","packageID":"com.mizo.line.drawing.puzzle.game"},"showTemplate":1,"s2s_tracking_url":"https:\/\/play.google.com\/store\/apps\/details?id=com.mizo.line.drawing.puzzle.game","activeCreativeID":"1322","scenes":["1","2","6","4","5"],"campaignAdType":"Video","productId":"","purchaseBit":0,"licenseKey":""},{"campaignID":"6213","attribution":0,"priority":"5","appToPromote":{"appToPromoteID":"11633","usesDefaultFrameImage":"0","usesDefaultCloseImage":"0","marketURL":"https:\/\/play.google.com\/store\/apps\/details?id=com.mizo.car.driving.simulator","packageID":"com.mizo.car.driving.simulator"},"showTemplate":1,"s2s_tracking_url":"https:\/\/play.google.com\/store\/apps\/details?id=com.mizo.car.driving.simulator","activeCreativeID":"1325","scenes":["1","2","6","4","5"],"campaignAdType":"Video","productId":"","purchaseBit":0,"licenseKey":""},{"campaignID":"6214","attribution":0,"priority":"5","appToPromote":{"appToPromoteID":"11661","usesDefaultFrameImage":"0","usesDefaultCloseImage":"0","marketURL":"https:\/\/play.google.com\/store\/apps\/details?id=com.mizo.car.tycoon.game","packageID":"com.mizo.car.tycoon.game"},"showTemplate":1,"s2s_tracking_url":"https:\/\/play.google.com\/store\/apps\/details?id=com.mizo.car.tycoon.game","activeCreativeID":"1326","scenes":["1","2","6","4","5"],"campaignAdType":"Video","productId":"","purchaseBit":0,"licenseKey":""},{"campaignID":"6254","attribution":0,"priority":"5","appToPromote":{"appToPromoteID":"11810","usesDefaultFrameImage":"0","usesDefaultCloseImage":"0","marketURL":"https:\/\/play.google.com\/store\/apps\/details?id=com.mizo.car.transporter.games","packageID":"com.mizo.car.transporter.games"},"showTemplate":1,"s2s_tracking_url":"https:\/\/play.google.com\/store\/apps\/details?id=com.mizo.car.transporter.games","activeCreativeID":"1370","scenes":["1","2","6","4","5"],"campaignAdType":"Video","productId":"","purchaseBit":0,"licenseKey":""},{"campaignID":"6256","attribution":0,"priority":"5","appToPromote":{"appToPromoteID":"11880","usesDefaultFrameImage":"0","usesDefaultCloseImage":"0","marketURL":"https:\/\/play.google.com\/store\/apps\/details?id=com.mizo.us.army.transporter","packageID":"com.mizo.us.army.transporter"},"showTemplate":1,"s2s_tracking_url":"https:\/\/play.google.com\/store\/apps\/details?id=com.mizo.us.army.transporter","activeCreativeID":"1372","scenes":["1","2","6","4","5"],"campaignAdType":"Video","productId":"","purchaseBit":0,"licenseKey":""},{"campaignID":"6264","attribution":0,"priority":"5","appToPromote":{"appToPromoteID":"11879","usesDefaultFrameImage":"0","usesDefaultCloseImage":"0","marketURL":"https:\/\/play.google.com\/store\/apps\/details?id=com.buntoo.car.racing.games","packageID":"com.buntoo.car.racing.games"},"showTemplate":1,"s2s_tracking_url":"https:\/\/play.google.com\/store\/apps\/details?id=com.buntoo.car.racing.games","activeCreativeID":"1380","scenes":["1","2","6","4","5"],"campaignAdType":"Video","productId":"","purchaseBit":0,"licenseKey":""},{"campaignID":"6363","attribution":0,"priority":"5","appToPromote":{"appToPromoteID":"12100","usesDefaultFrameImage":"0","usesDefaultCloseImage":"0","marketURL":"https:\/\/play.google.com\/store\/apps\/details?id=com.mizo.police.transport.shooting","packageID":"com.mizo.police.transport.shooting"},"showTemplate":1,"s2s_tracking_url":"https:\/\/play.google.com\/store\/apps\/details?id=com.mizo.police.transport.shooting","activeCreativeID":"1519","scenes":["1","2","6","4","5"],"campaignAdType":"Video","productId":"","purchaseBit":0,"licenseKey":""},{"campaignID":"6430","attribution":0,"priority":"5","appToPromote":{"appToPromoteID":"12340","usesDefaultFrameImage":"0","usesDefaultCloseImage":"0","marketURL":"https:\/\/play.google.com\/store\/apps\/details?id=com.buntoo.robot.car.transporter.games","packageID":"com.buntoo.robot.car.transporter.games"},"showTemplate":1,"s2s_tracking_url":"https:\/\/play.google.com\/store\/apps\/details?id=com.buntoo.robot.car.transporter.games","activeCreativeID":"1563","scenes":["1","2","6","4","5"],"campaignAdType":"Video","productId":"","purchaseBit":0,"licenseKey":""},{"campaignID":"6432","attribution":0,"priority":"5","appToPromote":{"appToPromoteID":"12565","usesDefaultFrameImage":"0","usesDefaultCloseImage":"0","marketURL":"https:\/\/play.google.com\/store\/apps\/details?id=com.mizo.train.gold.robbery.games","packageID":"com.mizo.train.gold.robbery.games"},"showTemplate":1,"s2s_tracking_url":"https:\/\/play.google.com\/store\/apps\/details?id=com.mizo.train.gold.robbery.games","activeCreativeID":"1565","scenes":["1","2","6","4","5"],"campaignAdType":"Video","productId":"","purchaseBit":0,"licenseKey":""},{"campaignID":"6445","attribution":0,"priority":"5","appToPromote":{"appToPromoteID":"12564","usesDefaultFrameImage":"0","usesDefaultCloseImage":"0","marketURL":"https:\/\/play.google.com\/store\/apps\/details?id=com.cradley.prison.escape.casino.robbery","packageID":"com.cradley.prison.escape.casino.robbery"},"showTemplate":1,"s2s_tracking_url":"https:\/\/play.google.com\/store\/apps\/details?id=com.cradley.prison.escape.casino.robbery","activeCreativeID":"1575","scenes":["1","2","6","4","5"],"campaignAdType":"Video","productId":"","purchaseBit":0,"licenseKey":""}],"refreshAdRate":30,"mode":"Production","aspectRatio":"4_3","cdnPath":"https:\/\/df8ymybeo92md.cloudfront.net\/images\/","sentry_log":0,"local_logging":0,"sentry_dsn":"https:\/\/93ffa1c9a4124f67b8888a53265f751a:bbf998e04584477fa9a145838e9d3b26@sentry.io\/168994","sentry_initialization":1,"sentry_debugging":0,"bannerSizes":["1"],"aspectRatioVideo":"16_9","app_id":"1632","showPreRewardedDialogue":0,"showPostRewardedDialogue":0,"rewardCurrency":"coins","rewardValue":0,"isSkipable":1,"privacyPolicyURL":"https:\/\/www.consoliads.com\/privacy-policy\/","sessionToken":"q9kRdRPGlWSeNS9zd5O4BCupAPbUJUixRp3K2ga4m9CEa7TXtfe5A6Ccn92A48rdZtEq0j\/3GBq8onpRa2rwFMMHtGEMrz8nN8XtSd0zVodCZlQ8J6j+hQrZce3+J+k3sNipl6jPsikX4l7nY9oJhlZHb4ynFgXc2P9vLiSsJrU="}
Session token value is set


{"appKey":"a15540f259692e0f609b4cace3e780a9","deviceID":"2638","stats":[{"campaignID":80,"packageID":"com.mizo.flip.bottle.shooting.expert","sceneStats":[{"sceneID":"7","eventStats":"327,227,127,27,27,0,0"}]}],"sdkVersion":"39","sessionToken":"q9kRdRPGlWSeNS9zd5O4BCupAPbUJUixRp3K2ga4m9CEa7TXtfe5A6Ccn92A48rdZtEq0j\/3GBq8onpRa2rwFMMHtGEMrz8nN8XtSd0zVodCZlQ8J6j+hQrZce3+J+k3sNipl6jPsikX4l7nY9oJhlZHb4ynFgXc2P9vLiSsJrU="}
cache_ttl value is correct

Refresh Ad Rate value is correct
mode value is set

 Aspect ratio value is correct
sentry_log value is set
local_logging value is set
sentry_initialization value is set
sentry_debugging value is set
showPreRewardedDialogue value is set
showPostRewardedDialogue value is set
isSkipable value is set
{"cache_ttl":10080,"cache_ttl_rewarded":10080,"cache_ttl_banner":10080,"cache_ttl_native":10080,"cache_ttl_icon":10080,"refreshAdRate":30,"mode":"Production","aspectRatio":"4_3","cdnPath":"https:\/\/df8ymybeo92md.cloudfront.net\/images\/","sentry_log":0,"local_logging":0,"sentry_dsn":"https:\/\/93ffa1c9a4124f67b8888a53265f751a:bbf998e04584477fa9a145838e9d3b26@sentry.io\/168994","sentry_initialization":1,"sentry_debugging":0,"bannerSizes":[],"aspectRatioVideo":"16_9","app_id":"1675","showPreRewardedDialogue":0,"showPostRewardedDialogue":0,"rewardCurrency":"coins","rewardValue":0,"isSkipable":0,"privacyPolicyURL":"https:\/\/www.consoliads.com\/privacy-policy\/","sessionToken":"8IkOuCNcXwJmtRld5NxvG1wZFs5E6wDdTv80vlz8cXXBX6LSkjWpQpJW6ZFzpWsDM5bn4QQInKvhA9rk4s7PFt8XL6RHkrFtmGCiO82iWdvYejaC1s\/\/bcZaMv8KRIOAzseC9XK0iq5KAr25p9qqP1Viz8SRTpKQ46moqDeVJTk="}
Session token value is set


{"appKey":"b86d913485cddc89a88e3a31f2611244","deviceID":"762","stats":[{"campaignID":84,"packageID":"com.ids.kids.hospital.cashier.pro","sceneStats":[{"sceneID":"2","eventStats":"308,208,108,8,8,0,0"}]}],"sdkVersion":"39","sessionToken":"8IkOuCNcXwJmtRld5NxvG1wZFs5E6wDdTv80vlz8cXXBX6LSkjWpQpJW6ZFzpWsDM5bn4QQInKvhA9rk4s7PFt8XL6RHkrFtmGCiO82iWdvYejaC1s\/\/bcZaMv8KRIOAzseC9XK0iq5KAr25p9qqP1Viz8SRTpKQ46moqDeVJTk="}
cache_ttl value is correct

Refresh Ad Rate value is correct
mode value is set

 Aspect ratio value is correct
sentry_log value is set
local_logging value is set
sentry_initialization value is set
sentry_debugging value is set
showPreRewardedDialogue value is set
showPostRewardedDialogue value is set
isSkipable value is set
{"cache_ttl":10080,"cache_ttl_rewarded":10080,"cache_ttl_banner":10080,"cache_ttl_native":10080,"cache_ttl_icon":10080,"campaigns":[{"campaignID":"8378","attribution":0,"priority":"8","appToPromote":{"appToPromoteID":"16480","usesDefaultFrameImage":"0","usesDefaultCloseImage":"0","marketURL":"https:\/\/play.google.com\/store\/apps\/details?id=com.nag.home.manager.working.virtual.mom","packageID":"com.GSS317.AmazingFamily"},"showTemplate":1,"s2s_tracking_url":"https:\/\/play.google.com\/store\/apps\/details?id=com.nag.home.manager.working.virtual.mom","activeCreativeID":"3720","scenes":["12","1","8","6","15","2"],"campaignAdType":"Interstitial","productId":"","purchaseBit":0,"licenseKey":""},{"campaignID":"9547","attribution":0,"priority":"8","appToPromote":{"appToPromoteID":"11879","usesDefaultFrameImage":"0","usesDefaultCloseImage":"0","marketURL":"https:\/\/play.google.com\/store\/apps\/details?id=com.buntoo.car.racing.games","packageID":"com.buntoo.car.racing.games"},"showTemplate":1,"s2s_tracking_url":"https:\/\/play.google.com\/store\/apps\/details?id=com.buntoo.car.racing.games","activeCreativeID":"4964","scenes":["12","1","8","6","15","2"],"campaignAdType":"Interstitial","productId":"","purchaseBit":0,"licenseKey":""},{"campaignID":"9586","attribution":0,"priority":"8","appToPromote":{"appToPromoteID":"515","usesDefaultFrameImage":"1","usesDefaultCloseImage":"1","marketURL":"https:\/\/play.google.com\/store\/apps\/details?id=com.plum.cash.counter.simualtor","packageID":"com.plum.cash.counter.simualtor"},"showTemplate":1,"s2s_tracking_url":"https:\/\/play.google.com\/store\/apps\/details?id=com.plum.cash.counter.simualtor","activeCreativeID":"50","scenes":["12","1","8","6","15","2"],"campaignAdType":"Interstitial","productId":"","purchaseBit":0,"licenseKey":""},{"campaignID":"9587","attribution":0,"priority":"8","appToPromote":{"appToPromoteID":"515","usesDefaultFrameImage":"1","usesDefaultCloseImage":"1","marketURL":"https:\/\/play.google.com\/store\/apps\/details?id=com.plum.cash.counter.simualtor","packageID":"com.plum.cash.counter.simualtor"},"showTemplate":1,"s2s_tracking_url":"https:\/\/play.google.com\/store\/apps\/details?id=com.plum.cash.counter.simualtor","activeCreativeID":"50","scenes":["12","1","8","6","15","2"],"campaignAdType":"Interstitial","productId":"","purchaseBit":0,"licenseKey":""},{"campaignID":"9588","attribution":0,"priority":"8","appToPromote":{"appToPromoteID":"515","usesDefaultFrameImage":"1","usesDefaultCloseImage":"1","marketURL":"https:\/\/play.google.com\/store\/apps\/details?id=com.plum.cash.counter.simualtor","packageID":"com.plum.cash.counter.simualtor"},"showTemplate":1,"s2s_tracking_url":"https:\/\/play.google.com\/store\/apps\/details?id=com.plum.cash.counter.simualtor","activeCreativeID":"50","scenes":["12","1","8","6","15","2"],"campaignAdType":"Interstitial","productId":"","purchaseBit":0,"licenseKey":""},{"campaignID":"9589","attribution":0,"priority":"8","appToPromote":{"appToPromoteID":"515","usesDefaultFrameImage":"1","usesDefaultCloseImage":"1","marketURL":"https:\/\/play.google.com\/store\/apps\/details?id=com.plum.cash.counter.simualtor","packageID":"com.plum.cash.counter.simualtor"},"showTemplate":1,"s2s_tracking_url":"https:\/\/play.google.com\/store\/apps\/details?id=com.plum.cash.counter.simualtor","activeCreativeID":"50","scenes":["12","1","8","6","15","2"],"campaignAdType":"Interstitial","productId":"","purchaseBit":0,"licenseKey":""},{"campaignID":"9131","attribution":0,"priority":"8","appToPromote":{"appToPromoteID":"17532","usesDefaultFrameImage":"0","usesDefaultCloseImage":"0","marketURL":"https:\/\/play.google.com\/store\/apps\/details?id=com.dhgate.buyermob","packageID":"com.dhgate.buyermob"},"showTemplate":1,"s2s_tracking_url":"https:\/\/tha.gotrackier.com\/click?campaign_id=63254\\u0026pub_id=75?p1=1722_9131_762&amp;source=6841&amp;app_name=KidsHospitalCashierPro&amp;gaid=762","activeCreativeID":"4483","scenes":["12","1","8","6","15","2"],"campaignAdType":"Interstitial","productId":"","purchaseBit":0,"licenseKey":""},{"campaignID":"8380","attribution_link":"","attribution":1,"priority":"7","appToPromote":{"appToPromoteID":"16480","usesDefaultFrameImage":"0","usesDefaultCloseImage":"0","marketURL":"https:\/\/play.google.com\/store\/apps\/details?id=com.nag.home.manager.working.virtual.mom","packageID":"com.GSS317.AmazingFamily"},"showTemplate":1,"s2s_tracking_url":"","activeCreativeID":"3720","scenes":["12","1","8","6","15","2"],"campaignAdType":"Interstitial","productId":"","purchaseBit":0,"licenseKey":""},{"campaignID":"444","attribution":0,"priority":"6","appToPromote":{"appToPromoteID":"3355","usesDefaultFrameImage":"0","usesDefaultCloseImage":"0","marketURL":"https:\/\/play.google.com\/store\/apps\/details?id=com.popnsons.parkour.mouse","packageID":"com.popnsons.parkour.mouse"},"showTemplate":1,"s2s_tracking_url":"https:\/\/play.google.com\/store\/apps\/details?id=com.popnsons.parkour.mouse","activeCreativeID":"469","scenes":["12","1","8","6","15","2"],"campaignAdType":"Interstitial","productId":"","purchaseBit":0,"licenseKey":""},{"campaignID":"561","attribution":0,"priority":"6","appToPromote":{"appToPromoteID":"5026","usesDefaultFrameImage":"0","usesDefaultCloseImage":"0","marketURL":"https:\/\/play.google.com\/store\/apps\/details?id=com.as.cashupapp","packageID":"com.as.cashupapp"},"showTemplate":1,"s2s_tracking_url":"https:\/\/play.google.com\/store\/apps\/details?id=com.as.cashupapp","activeCreativeID":"652","scenes":["12","1","8","6","15","2"],"campaignAdType":"Interstitial","productId":"","purchaseBit":0,"licenseKey":""},{"campaignID":"570","attribution":0,"priority":"6","appToPromote":{"appToPromoteID":"3802","usesDefaultFrameImage":"0","usesDefaultCloseImage":"0","marketURL":"https:\/\/play.google.com\/store\/apps\/details?id=com.Madxstudios.Flickshootsoccer","packageID":"com.Madxstudios.Flickshootsoccer"},"showTemplate":1,"s2s_tracking_url":"https:\/\/play.google.com\/store\/apps\/details?id=com.Madxstudios.Flickshootsoccer","activeCreativeID":"661","scenes":["12","1","8","6","15","2"],"campaignAdType":"Interstitial","productId":"","purchaseBit":0,"licenseKey":""},{"campaignID":"588","attribution":0,"priority":"6","appToPromote":{"appToPromoteID":"5026","usesDefaultFrameImage":"0","usesDefaultCloseImage":"0","marketURL":"https:\/\/play.google.com\/store\/apps\/details?id=com.as.cashupapp","packageID":"com.as.cashupapp"},"showTemplate":1,"s2s_tracking_url":"https:\/\/play.google.com\/store\/apps\/details?id=com.as.cashupapp","activeCreativeID":"652","scenes":["12","1","8","6","15","2"],"campaignAdType":"Interstitial","productId":"","purchaseBit":0,"licenseKey":""},{"campaignID":"8808","attribution_link":"","attribution":1,"priority":"5","appToPromote":{"appToPromoteID":"16528","usesDefaultFrameImage":"0","usesDefaultCloseImage":"0","marketURL":"https:\/\/play.google.com\/store\/apps\/details?id=com.bag.farm.day.village.farming.games","packageID":"com.GSS317.com.bag.farm.day.village.farming.games"},"showTemplate":1,"s2s_tracking_url":"","activeCreativeID":"3775","scenes":["12","1","8","6","15","2"],"campaignAdType":"Interstitial","productId":"","purchaseBit":0,"licenseKey":""},{"campaignID":"8973","attribution":0,"priority":"5","appToPromote":{"appToPromoteID":"15974","usesDefaultFrameImage":"0","usesDefaultCloseImage":"0","marketURL":"https:\/\/play.google.com\/store\/apps\/details?id=com.mustardgames.bmx.cycle.stunt.mega.ramp.impossibletracks","packageID":"com.mustardgames.bmx.cycle.stunt.mega.ramp.impossibletracks"},"showTemplate":1,"s2s_tracking_url":"https:\/\/play.google.com\/store\/apps\/details?id=com.mustardgames.bmx.cycle.stunt.mega.ramp.impossibletracks","activeCreativeID":"4339","scenes":["12","1","8","6","15","2"],"campaignAdType":"Interstitial","productId":"","purchaseBit":0,"licenseKey":""},{"campaignID":"414","attribution":0,"priority":"3","appToPromote":{"appToPromoteID":"3023","usesDefaultFrameImage":"0","usesDefaultCloseImage":"0","marketURL":"https:\/\/play.google.com\/store\/apps\/details?id=com.appricot2d.rolo.pet.parrot","packageID":"com.appricot2d.rolo.pet.parrot"},"showTemplate":1,"s2s_tracking_url":"https:\/\/play.google.com\/store\/apps\/details?id=com.appricot2d.rolo.pet.parrot","activeCreativeID":"385","scenes":["12","1","8","6","15","2"],"campaignAdType":"Interstitial","productId":"","purchaseBit":0,"licenseKey":""},{"campaignID":"559","attribution":0,"priority":"3","appToPromote":{"appToPromoteID":"3476","usesDefaultFrameImage":"0","usesDefaultCloseImage":"0","marketURL":"https:\/\/play.google.com\/store\/apps\/details?id=com.perspectivegames.real.impossible.tracks.stunts","packageID":"com.perspectivegames.real.impossible.tracks.stunts"},"showTemplate":1,"s2s_tracking_url":"https:\/\/play.google.com\/store\/apps\/details?id=com.perspectivegames.real.impossible.tracks.stunts","activeCreativeID":"649","scenes":["12","1","8","6","15","2"],"campaignAdType":"Interstitial","productId":"","purchaseBit":0,"licenseKey":""},{"campaignID":"741","attribution":0,"priority":"3","appToPromote":{"appToPromoteID":"5609","usesDefaultFrameImage":"0","usesDefaultCloseImage":"0","marketURL":"https:\/\/play.google.com\/store\/apps\/details?id=com.kick.gyroscopic.city.train.driver.simulator","packageID":"com.kick.gyroscopic.city.train.driver.simulator"},"showTemplate":1,"s2s_tracking_url":"https:\/\/play.google.com\/store\/apps\/details?id=com.kick.gyroscopic.city.train.driver.simulator","activeCreativeID":"753","scenes":["12","1","8","6","15","2"],"campaignAdType":"Interstitial","productId":"","purchaseBit":0,"licenseKey":""},{"campaignID":"798","attribution":0,"priority":"3","appToPromote":{"appToPromoteID":"5770","usesDefaultFrameImage":"0","usesDefaultCloseImage":"0","marketURL":"https:\/\/play.google.com\/store\/apps\/details?id=com.simulatorgames3d.alohacelebrations","packageID":"com.simulatorgames3d.alohacelebrations"},"showTemplate":1,"s2s_tracking_url":"https:\/\/play.google.com\/store\/apps\/details?id=com.simulatorgames3d.alohacelebrations","activeCreativeID":"787","scenes":["12","1","8","6","15","2"],"campaignAdType":"Interstitial","productId":"","purchaseBit":0,"licenseKey":""},{"campaignID":"1483","attribution":0,"priority":"3","appToPromote":{"appToPromoteID":"1714","usesDefaultFrameImage":"1","usesDefaultCloseImage":"1","marketURL":"https:\/\/play.google.com\/store\/apps\/details?id=com.playink.cookie.maker","packageID":"com.playink.cookie.maker"},"showTemplate":1,"s2s_tracking_url":"https:\/\/play.google.com\/store\/apps\/details?id=com.playink.cookie.maker","activeCreativeID":"1020","scenes":["12","1","8","6","15","2"],"campaignAdType":"Interstitial","productId":"","purchaseBit":0,"licenseKey":""},{"campaignID":"8762","attribution":0,"priority":"2","appToPromote":{"appToPromoteID":"13265","usesDefaultFrameImage":"0","usesDefaultCloseImage":"0","marketURL":"https:\/\/play.google.com\/store\/apps\/details?id=com.rhg.tricky.bike.stunt.moto.master","packageID":"com.rhg.tricky.bike.stunt.moto.master"},"showTemplate":1,"s2s_tracking_url":"https:\/\/play.google.com\/store\/apps\/details?id=com.rhg.tricky.bike.stunt.moto.master","activeCreativeID":"4121","scenes":["12","1","8","6","15","2"],"campaignAdType":"Rewarded Video","productId":"","purchaseBit":0,"licenseKey":""},{"campaignID":"9366","attribution":0,"priority":"2","appToPromote":{"appToPromoteID":"17602","usesDefaultFrameImage":"0","usesDefaultCloseImage":"0","marketURL":"https:\/\/play.google.com\/store\/apps\/details?id=com.abaenglish.videoclass&amp;referrer=utm_source=42matters.com&amp;utm_medium=api","packageID":"com.abaenglish.videoclass"},"showTemplate":1,"s2s_tracking_url":"https:\/\/play.google.com\/store\/apps\/details?id=com.abaenglish.videoclass&amp;referrer=utm_source=42matters.com&amp;utm_medium=api","activeCreativeID":"4815","scenes":["12","1","8","6","15","2"],"campaignAdType":"Interstitial","productId":"","purchaseBit":0,"licenseKey":""},{"campaignID":"9367","attribution":0,"priority":"2","appToPromote":{"appToPromoteID":"17602","usesDefaultFrameImage":"0","usesDefaultCloseImage":"0","marketURL":"https:\/\/play.google.com\/store\/apps\/details?id=com.abaenglish.videoclass&amp;referrer=utm_source=42matters.com&amp;utm_medium=api","packageID":"com.abaenglish.videoclass"},"showTemplate":1,"s2s_tracking_url":"https:\/\/play.google.com\/store\/apps\/details?id=com.abaenglish.videoclass&amp;referrer=utm_source=42matters.com&amp;utm_medium=api","activeCreativeID":"4815","scenes":["12","1","8","6","15","2"],"campaignAdType":"Interstitial","productId":"","purchaseBit":0,"licenseKey":""},{"campaignID":"9368","attribution":0,"priority":"2","appToPromote":{"appToPromoteID":"17602","usesDefaultFrameImage":"0","usesDefaultCloseImage":"0","marketURL":"https:\/\/play.google.com\/store\/apps\/details?id=com.abaenglish.videoclass&amp;referrer=utm_source=42matters.com&amp;utm_medium=api","packageID":"com.abaenglish.videoclass"},"showTemplate":1,"s2s_tracking_url":"https:\/\/play.google.com\/store\/apps\/details?id=com.abaenglish.videoclass&amp;referrer=utm_source=42matters.com&amp;utm_medium=api","activeCreativeID":"4815","scenes":["12","1","8","6","15","2"],"campaignAdType":"Interstitial","productId":"","purchaseBit":0,"licenseKey":""}],"refreshAdRate":30,"mode":"Production","aspectRatio":"4_3","cdnPath":"https:\/\/df8ymybeo92md.cloudfront.net\/images\/","sentry_log":0,"local_logging":0,"sentry_dsn":"https:\/\/93ffa1c9a4124f67b8888a53265f751a:bbf998e04584477fa9a145838e9d3b26@sentry.io\/168994","sentry_initialization":1,"sentry_debugging":0,"bannerSizes":["5"],"aspectRatioVideo":"16_9","app_id":"1722","showPreRewardedDialogue":0,"showPostRewardedDialogue":0,"rewardCurrency":"coins","rewardValue":0,"isSkipable":0,"privacyPolicyURL":"https:\/\/www.consoliads.com\/privacy-policy\/","sessionToken":"ZznjfsWUlfznevtbpKU2PCQq05VGBxuJVna0qm11xgyIoNaYtUIfRVoA\/YPxsYZX2gSVCnYAinIpaeWBbP06opkmYaHO8qiHVqmS8X1JszujaQXkMKTJAbDi+Oc9hMnVlbiPBplPuyhWfJPD8w\/Gg5LpulV0mFFnRkjQ0J\/rC00="}
Session token value is set


{"appKey":"a3fd0355e69506375fb1411dd7b6a600","deviceID":"1472","stats":[{"campaignID":85,"packageID":"com.gss.offroad.uphill.extremetruckdriver","sceneStats":[{"sceneID":"4","eventStats":"315,215,115,15,15,0,0"}]}],"sdkVersion":"39","sessionToken":"ZznjfsWUlfznevtbpKU2PCQq05VGBxuJVna0qm11xgyIoNaYtUIfRVoA\/YPxsYZX2gSVCnYAinIpaeWBbP06opkmYaHO8qiHVqmS8X1JszujaQXkMKTJAbDi+Oc9hMnVlbiPBplPuyhWfJPD8w\/Gg5LpulV0mFFnRkjQ0J\/rC00="}
cache_ttl value is correct

Refresh Ad Rate value is correct
mode value is set

 Aspect ratio value is correct
sentry_log value is set
local_logging value is set
sentry_initialization value is set
sentry_debugging value is set
showPreRewardedDialogue value is set
showPostRewardedDialogue value is set
isSkipable value is set
{"cache_ttl":10080,"cache_ttl_rewarded":10080,"cache_ttl_banner":10080,"cache_ttl_native":10080,"cache_ttl_icon":10080,"campaigns":[{"campaignID":"8378","attribution":0,"priority":"8","appToPromote":{"appToPromoteID":"16480","usesDefaultFrameImage":"0","usesDefaultCloseImage":"0","marketURL":"https:\/\/play.google.com\/store\/apps\/details?id=com.nag.home.manager.working.virtual.mom","packageID":"com.GSS317.AmazingFamily"},"showTemplate":1,"s2s_tracking_url":"https:\/\/play.google.com\/store\/apps\/details?id=com.nag.home.manager.working.virtual.mom","activeCreativeID":"3720","scenes":["12","1","8","6","15","2"],"campaignAdType":"Interstitial","productId":"","purchaseBit":0,"licenseKey":""},{"campaignID":"9547","attribution":0,"priority":"8","appToPromote":{"appToPromoteID":"11879","usesDefaultFrameImage":"0","usesDefaultCloseImage":"0","marketURL":"https:\/\/play.google.com\/store\/apps\/details?id=com.buntoo.car.racing.games","packageID":"com.buntoo.car.racing.games"},"showTemplate":1,"s2s_tracking_url":"https:\/\/play.google.com\/store\/apps\/details?id=com.buntoo.car.racing.games","activeCreativeID":"4964","scenes":["12","1","8","6","15","2"],"campaignAdType":"Interstitial","productId":"","purchaseBit":0,"licenseKey":""},{"campaignID":"9586","attribution":0,"priority":"8","appToPromote":{"appToPromoteID":"515","usesDefaultFrameImage":"1","usesDefaultCloseImage":"1","marketURL":"https:\/\/play.google.com\/store\/apps\/details?id=com.plum.cash.counter.simualtor","packageID":"com.plum.cash.counter.simualtor"},"showTemplate":1,"s2s_tracking_url":"https:\/\/play.google.com\/store\/apps\/details?id=com.plum.cash.counter.simualtor","activeCreativeID":"50","scenes":["12","1","8","6","15","2"],"campaignAdType":"Interstitial","productId":"","purchaseBit":0,"licenseKey":""},{"campaignID":"9587","attribution":0,"priority":"8","appToPromote":{"appToPromoteID":"515","usesDefaultFrameImage":"1","usesDefaultCloseImage":"1","marketURL":"https:\/\/play.google.com\/store\/apps\/details?id=com.plum.cash.counter.simualtor","packageID":"com.plum.cash.counter.simualtor"},"showTemplate":1,"s2s_tracking_url":"https:\/\/play.google.com\/store\/apps\/details?id=com.plum.cash.counter.simualtor","activeCreativeID":"50","scenes":["12","1","8","6","15","2"],"campaignAdType":"Interstitial","productId":"","purchaseBit":0,"licenseKey":""},{"campaignID":"9588","attribution":0,"priority":"8","appToPromote":{"appToPromoteID":"515","usesDefaultFrameImage":"1","usesDefaultCloseImage":"1","marketURL":"https:\/\/play.google.com\/store\/apps\/details?id=com.plum.cash.counter.simualtor","packageID":"com.plum.cash.counter.simualtor"},"showTemplate":1,"s2s_tracking_url":"https:\/\/play.google.com\/store\/apps\/details?id=com.plum.cash.counter.simualtor","activeCreativeID":"50","scenes":["12","1","8","6","15","2"],"campaignAdType":"Interstitial","productId":"","purchaseBit":0,"licenseKey":""},{"campaignID":"9589","attribution":0,"priority":"8","appToPromote":{"appToPromoteID":"515","usesDefaultFrameImage":"1","usesDefaultCloseImage":"1","marketURL":"https:\/\/play.google.com\/store\/apps\/details?id=com.plum.cash.counter.simualtor","packageID":"com.plum.cash.counter.simualtor"},"showTemplate":1,"s2s_tracking_url":"https:\/\/play.google.com\/store\/apps\/details?id=com.plum.cash.counter.simualtor","activeCreativeID":"50","scenes":["12","1","8","6","15","2"],"campaignAdType":"Interstitial","productId":"","purchaseBit":0,"licenseKey":""},{"campaignID":"9131","attribution":0,"priority":"8","appToPromote":{"appToPromoteID":"17532","usesDefaultFrameImage":"0","usesDefaultCloseImage":"0","marketURL":"https:\/\/play.google.com\/store\/apps\/details?id=com.dhgate.buyermob","packageID":"com.dhgate.buyermob"},"showTemplate":1,"s2s_tracking_url":"https:\/\/tha.gotrackier.com\/click?campaign_id=63254\\u0026pub_id=75?p1=1830_9131_1472&amp;source=6841&amp;app_name=UphillExtremeTruckDriver3D&amp;gaid=1472","activeCreativeID":"4483","scenes":["12","1","8","6","15","2"],"campaignAdType":"Interstitial","productId":"","purchaseBit":0,"licenseKey":""},{"campaignID":"8380","attribution_link":"","attribution":1,"priority":"7","appToPromote":{"appToPromoteID":"16480","usesDefaultFrameImage":"0","usesDefaultCloseImage":"0","marketURL":"https:\/\/play.google.com\/store\/apps\/details?id=com.nag.home.manager.working.virtual.mom","packageID":"com.GSS317.AmazingFamily"},"showTemplate":1,"s2s_tracking_url":"","activeCreativeID":"3720","scenes":["12","1","8","6","15","2"],"campaignAdType":"Interstitial","productId":"","purchaseBit":0,"licenseKey":""},{"campaignID":"444","attribution":0,"priority":"6","appToPromote":{"appToPromoteID":"3355","usesDefaultFrameImage":"0","usesDefaultCloseImage":"0","marketURL":"https:\/\/play.google.com\/store\/apps\/details?id=com.popnsons.parkour.mouse","packageID":"com.popnsons.parkour.mouse"},"showTemplate":1,"s2s_tracking_url":"https:\/\/play.google.com\/store\/apps\/details?id=com.popnsons.parkour.mouse","activeCreativeID":"469","scenes":["12","1","8","6","15","2"],"campaignAdType":"Interstitial","productId":"","purchaseBit":0,"licenseKey":""},{"campaignID":"561","attribution":0,"priority":"6","appToPromote":{"appToPromoteID":"5026","usesDefaultFrameImage":"0","usesDefaultCloseImage":"0","marketURL":"https:\/\/play.google.com\/store\/apps\/details?id=com.as.cashupapp","packageID":"com.as.cashupapp"},"showTemplate":1,"s2s_tracking_url":"https:\/\/play.google.com\/store\/apps\/details?id=com.as.cashupapp","activeCreativeID":"652","scenes":["12","1","8","6","15","2"],"campaignAdType":"Interstitial","productId":"","purchaseBit":0,"licenseKey":""},{"campaignID":"570","attribution":0,"priority":"6","appToPromote":{"appToPromoteID":"3802","usesDefaultFrameImage":"0","usesDefaultCloseImage":"0","marketURL":"https:\/\/play.google.com\/store\/apps\/details?id=com.Madxstudios.Flickshootsoccer","packageID":"com.Madxstudios.Flickshootsoccer"},"showTemplate":1,"s2s_tracking_url":"https:\/\/play.google.com\/store\/apps\/details?id=com.Madxstudios.Flickshootsoccer","activeCreativeID":"661","scenes":["12","1","8","6","15","2"],"campaignAdType":"Interstitial","productId":"","purchaseBit":0,"licenseKey":""},{"campaignID":"588","attribution":0,"priority":"6","appToPromote":{"appToPromoteID":"5026","usesDefaultFrameImage":"0","usesDefaultCloseImage":"0","marketURL":"https:\/\/play.google.com\/store\/apps\/details?id=com.as.cashupapp","packageID":"com.as.cashupapp"},"showTemplate":1,"s2s_tracking_url":"https:\/\/play.google.com\/store\/apps\/details?id=com.as.cashupapp","activeCreativeID":"652","scenes":["12","1","8","6","15","2"],"campaignAdType":"Interstitial","productId":"","purchaseBit":0,"licenseKey":""},{"campaignID":"8808","attribution_link":"","attribution":1,"priority":"5","appToPromote":{"appToPromoteID":"16528","usesDefaultFrameImage":"0","usesDefaultCloseImage":"0","marketURL":"https:\/\/play.google.com\/store\/apps\/details?id=com.bag.farm.day.village.farming.games","packageID":"com.GSS317.com.bag.farm.day.village.farming.games"},"showTemplate":1,"s2s_tracking_url":"","activeCreativeID":"3775","scenes":["12","1","8","6","15","2"],"campaignAdType":"Interstitial","productId":"","purchaseBit":0,"licenseKey":""},{"campaignID":"8876","attribution":0,"priority":"5","appToPromote":{"appToPromoteID":"15640","usesDefaultFrameImage":"0","usesDefaultCloseImage":"0","marketURL":"https:\/\/play.google.com\/store\/apps\/details?id=com.pgz.police.bike.stunt.ramp.bike.racing.games","packageID":"com.pgz.police.bike.stunt.ramp.bike.racing.games"},"showTemplate":1,"s2s_tracking_url":"https:\/\/play.google.com\/store\/apps\/details?id=com.pgz.police.bike.stunt.ramp.bike.racing.games","activeCreativeID":"4236","scenes":["12","1","8","6","15","2"],"campaignAdType":"Interstitial","productId":"","purchaseBit":0,"licenseKey":""},{"campaignID":"8973","attribution":0,"priority":"5","appToPromote":{"appToPromoteID":"15974","usesDefaultFrameImage":"0","usesDefaultCloseImage":"0","marketURL":"https:\/\/play.google.com\/store\/apps\/details?id=com.mustardgames.bmx.cycle.stunt.mega.ramp.impossibletracks","packageID":"com.mustardgames.bmx.cycle.stunt.mega.ramp.impossibletracks"},"showTemplate":1,"s2s_tracking_url":"https:\/\/play.google.com\/store\/apps\/details?id=com.mustardgames.bmx.cycle.stunt.mega.ramp.impossibletracks","activeCreativeID":"4339","scenes":["12","1","8","6","15","2"],"campaignAdType":"Interstitial","productId":"","purchaseBit":0,"licenseKey":""},{"campaignID":"557","attribution":0,"priority":"4","appToPromote":{"appToPromoteID":"4959","usesDefaultFrameImage":"0","usesDefaultCloseImage":"0","marketURL":"https:\/\/play.google.com\/store\/apps\/details?id=com.jet.plane.surfers.joyride.dash","packageID":"com.jet.plane.surfers.joyride.dash"},"showTemplate":1,"s2s_tracking_url":"https:\/\/play.google.com\/store\/apps\/details?id=com.jet.plane.surfers.joyride.dash","activeCreativeID":"645","scenes":["12","1","8","6","15","2"],"campaignAdType":"Interstitial","productId":"","purchaseBit":0,"licenseKey":""},{"campaignID":"414","attribution":0,"priority":"3","appToPromote":{"appToPromoteID":"3023","usesDefaultFrameImage":"0","usesDefaultCloseImage":"0","marketURL":"https:\/\/play.google.com\/store\/apps\/details?id=com.appricot2d.rolo.pet.parrot","packageID":"com.appricot2d.rolo.pet.parrot"},"showTemplate":1,"s2s_tracking_url":"https:\/\/play.google.com\/store\/apps\/details?id=com.appricot2d.rolo.pet.parrot","activeCreativeID":"385","scenes":["12","1","8","6","15","2"],"campaignAdType":"Interstitial","productId":"","purchaseBit":0,"licenseKey":""},{"campaignID":"559","attribution":0,"priority":"3","appToPromote":{"appToPromoteID":"3476","usesDefaultFrameImage":"0","usesDefaultCloseImage":"0","marketURL":"https:\/\/play.google.com\/store\/apps\/details?id=com.perspectivegames.real.impossible.tracks.stunts","packageID":"com.perspectivegames.real.impossible.tracks.stunts"},"showTemplate":1,"s2s_tracking_url":"https:\/\/play.google.com\/store\/apps\/details?id=com.perspectivegames.real.impossible.tracks.stunts","activeCreativeID":"649","scenes":["12","1","8","6","15","2"],"campaignAdType":"Interstitial","productId":"","purchaseBit":0,"licenseKey":""},{"campaignID":"741","attribution":0,"priority":"3","appToPromote":{"appToPromoteID":"5609","usesDefaultFrameImage":"0","usesDefaultCloseImage":"0","marketURL":"https:\/\/play.google.com\/store\/apps\/details?id=com.kick.gyroscopic.city.train.driver.simulator","packageID":"com.kick.gyroscopic.city.train.driver.simulator"},"showTemplate":1,"s2s_tracking_url":"https:\/\/play.google.com\/store\/apps\/details?id=com.kick.gyroscopic.city.train.driver.simulator","activeCreativeID":"753","scenes":["12","1","8","6","15","2"],"campaignAdType":"Interstitial","productId":"","purchaseBit":0,"licenseKey":""},{"campaignID":"798","attribution":0,"priority":"3","appToPromote":{"appToPromoteID":"5770","usesDefaultFrameImage":"0","usesDefaultCloseImage":"0","marketURL":"https:\/\/play.google.com\/store\/apps\/details?id=com.simulatorgames3d.alohacelebrations","packageID":"com.simulatorgames3d.alohacelebrations"},"showTemplate":1,"s2s_tracking_url":"https:\/\/play.google.com\/store\/apps\/details?id=com.simulatorgames3d.alohacelebrations","activeCreativeID":"787","scenes":["12","1","8","6","15","2"],"campaignAdType":"Interstitial","productId":"","purchaseBit":0,"licenseKey":""},{"campaignID":"1483","attribution":0,"priority":"3","appToPromote":{"appToPromoteID":"1714","usesDefaultFrameImage":"1","usesDefaultCloseImage":"1","marketURL":"https:\/\/play.google.com\/store\/apps\/details?id=com.playink.cookie.maker","packageID":"com.playink.cookie.maker"},"showTemplate":1,"s2s_tracking_url":"https:\/\/play.google.com\/store\/apps\/details?id=com.playink.cookie.maker","activeCreativeID":"1020","scenes":["12","1","8","6","15","2"],"campaignAdType":"Interstitial","productId":"","purchaseBit":0,"licenseKey":""},{"campaignID":"8762","attribution":0,"priority":"2","appToPromote":{"appToPromoteID":"13265","usesDefaultFrameImage":"0","usesDefaultCloseImage":"0","marketURL":"https:\/\/play.google.com\/store\/apps\/details?id=com.rhg.tricky.bike.stunt.moto.master","packageID":"com.rhg.tricky.bike.stunt.moto.master"},"showTemplate":1,"s2s_tracking_url":"https:\/\/play.google.com\/store\/apps\/details?id=com.rhg.tricky.bike.stunt.moto.master","activeCreativeID":"4121","scenes":["12","1","8","6","15","2"],"campaignAdType":"Rewarded Video","productId":"","purchaseBit":0,"licenseKey":""},{"campaignID":"8971","attribution":0,"priority":"2","appToPromote":{"appToPromoteID":"15640","usesDefaultFrameImage":"0","usesDefaultCloseImage":"0","marketURL":"https:\/\/play.google.com\/store\/apps\/details?id=com.pgz.police.bike.stunt.ramp.bike.racing.games","packageID":"com.pgz.police.bike.stunt.ramp.bike.racing.games"},"showTemplate":1,"s2s_tracking_url":"https:\/\/play.google.com\/store\/apps\/details?id=com.pgz.police.bike.stunt.ramp.bike.racing.games","activeCreativeID":"4236","scenes":["12","1","8","6","15","2"],"campaignAdType":"Interstitial","productId":"","purchaseBit":0,"licenseKey":""},{"campaignID":"9366","attribution":0,"priority":"2","appToPromote":{"appToPromoteID":"17602","usesDefaultFrameImage":"0","usesDefaultCloseImage":"0","marketURL":"https:\/\/play.google.com\/store\/apps\/details?id=com.abaenglish.videoclass&amp;referrer=utm_source=42matters.com&amp;utm_medium=api","packageID":"com.abaenglish.videoclass"},"showTemplate":1,"s2s_tracking_url":"https:\/\/play.google.com\/store\/apps\/details?id=com.abaenglish.videoclass&amp;referrer=utm_source=42matters.com&amp;utm_medium=api","activeCreativeID":"4815","scenes":["12","1","8","6","15","2"],"campaignAdType":"Interstitial","productId":"","purchaseBit":0,"licenseKey":""},{"campaignID":"9367","attribution":0,"priority":"2","appToPromote":{"appToPromoteID":"17602","usesDefaultFrameImage":"0","usesDefaultCloseImage":"0","marketURL":"https:\/\/play.google.com\/store\/apps\/details?id=com.abaenglish.videoclass&amp;referrer=utm_source=42matters.com&amp;utm_medium=api","packageID":"com.abaenglish.videoclass"},"showTemplate":1,"s2s_tracking_url":"https:\/\/play.google.com\/store\/apps\/details?id=com.abaenglish.videoclass&amp;referrer=utm_source=42matters.com&amp;utm_medium=api","activeCreativeID":"4815","scenes":["12","1","8","6","15","2"],"campaignAdType":"Interstitial","productId":"","purchaseBit":0,"licenseKey":""},{"campaignID":"9368","attribution":0,"priority":"2","appToPromote":{"appToPromoteID":"17602","usesDefaultFrameImage":"0","usesDefaultCloseImage":"0","marketURL":"https:\/\/play.google.com\/store\/apps\/details?id=com.abaenglish.videoclass&amp;referrer=utm_source=42matters.com&amp;utm_medium=api","packageID":"com.abaenglish.videoclass"},"showTemplate":1,"s2s_tracking_url":"https:\/\/play.google.com\/store\/apps\/details?id=com.abaenglish.videoclass&amp;referrer=utm_source=42matters.com&amp;utm_medium=api","activeCreativeID":"4815","scenes":["12","1","8","6","15","2"],"campaignAdType":"Interstitial","productId":"","purchaseBit":0,"licenseKey":""},{"campaignID":"9369","attribution":0,"priority":"2","appToPromote":{"appToPromoteID":"17602","usesDefaultFrameImage":"0","usesDefaultCloseImage":"0","marketURL":"https:\/\/play.google.com\/store\/apps\/details?id=com.abaenglish.videoclass&amp;referrer=utm_source=42matters.com&amp;utm_medium=api","packageID":"com.abaenglish.videoclass"},"showTemplate":1,"s2s_tracking_url":"https:\/\/play.google.com\/store\/apps\/details?id=com.abaenglish.videoclass&amp;referrer=utm_source=42matters.com&amp;utm_medium=api","activeCreativeID":"4815","scenes":["12","1","8","6","15","2"],"campaignAdType":"Interstitial","productId":"","purchaseBit":0,"licenseKey":""}],"refreshAdRate":30,"mode":"Production","aspectRatio":"4_3","cdnPath":"https:\/\/df8ymybeo92md.cloudfront.net\/images\/","sentry_log":0,"local_logging":0,"sentry_dsn":"https:\/\/93ffa1c9a4124f67b8888a53265f751a:bbf998e04584477fa9a145838e9d3b26@sentry.io\/168994","sentry_initialization":1,"sentry_debugging":0,"bannerSizes":["5"],"aspectRatioVideo":"16_9","app_id":"1830","showPreRewardedDialogue":0,"showPostRewardedDialogue":0,"rewardCurrency":"coins","rewardValue":0,"isSkipable":0,"privacyPolicyURL":"https:\/\/www.consoliads.com\/privacy-policy\/","sessionToken":"yl4\/NQd5PzeRqjbdC2M4ec6M+0qtjzfm7KedrfZBmTcPdN1VXq1a6CUUSyAOM6Wlf8L49Em+wk13oD88wnGqFH3BkAy8GhrGmE1KjAyG6mhR1m81mhHgr01oVt6gWp+GL7FEDy4UtdTTxqXe0KHSoi8RehuqnRC0jsg3\/aye5uc="}
Session token value is set


{"appKey":"fd17f17f557e8305ce7ec87b54f27e59","deviceID":"644","stats":[{"campaignID":86,"packageID":"com.vg.demolition.derby.extreme.car.stunts","sceneStats":[{"sceneID":"2","eventStats":"307,207,107,7,7,0,0"}]}],"sdkVersion":"2163","sessionToken":"yl4\/NQd5PzeRqjbdC2M4ec6M+0qtjzfm7KedrfZBmTcPdN1VXq1a6CUUSyAOM6Wlf8L49Em+wk13oD88wnGqFH3BkAy8GhrGmE1KjAyG6mhR1m81mhHgr01oVt6gWp+GL7FEDy4UtdTTxqXe0KHSoi8RehuqnRC0jsg3\/aye5uc="}
cache_ttl value is correct

Title value is correct

Title value is correct

Title value is correct

Title value is correct

Title value is correct

Title value is correct

Refresh Ad Rate value is correct
mode value is set

 Aspect ratio value is correct
sentry_log value is set
local_logging value is set
sentry_initialization value is set
sentry_debugging value is set
showPreRewardedDialogue value is set
showPostRewardedDialogue value is set
isSkipable value is set
{"cache_ttl":10080,"cache_ttl_rewarded":10080,"cache_ttl_banner":10080,"cache_ttl_native":10080,"cache_ttl_icon":10080,"campaigns":[{"campaignID":"8226","attribution":0,"priority":"8","appToPromote":{"appToPromoteID":"12623","usesDefaultFrameImage":"0","usesDefaultCloseImage":"0","marketURL":"https:\/\/play.google.com\/store\/apps\/details?id=com.igg.android.lordsmobile&amp;referrer=utm_source=42matters.com&amp;utm_medium=api","packageID":"com.nooribrand.android.lordsmobile"},"showTemplate":1,"s2s_tracking_url":"https:\/\/play.google.com\/store\/apps\/details?id=com.igg.android.lordsmobile&amp;referrer=utm_source=42matters.com&amp;utm_medium=api","activeCreativeID":"3557","scenes":["12","1","8","6","15","2"],"campaignAdType":"Icon","productId":"","purchaseBit":0,"licenseKey":""},{"campaignID":"8378","attribution":0,"priority":"8","appToPromote":{"appToPromoteID":"16480","usesDefaultFrameImage":"0","usesDefaultCloseImage":"0","marketURL":"https:\/\/play.google.com\/store\/apps\/details?id=com.nag.home.manager.working.virtual.mom","packageID":"com.GSS317.AmazingFamily"},"showTemplate":1,"s2s_tracking_url":"https:\/\/play.google.com\/store\/apps\/details?id=com.nag.home.manager.working.virtual.mom","activeCreativeID":"3720","scenes":["12","1","8","6","15","2"],"campaignAdType":"Interstitial","productId":"","purchaseBit":0,"licenseKey":""},{"campaignID":"8613","attribution":0,"priority":"8","appToPromote":{"appToPromoteID":"12623","usesDefaultFrameImage":"0","usesDefaultCloseImage":"0","marketURL":"https:\/\/play.google.com\/store\/apps\/details?id=com.igg.android.lordsmobile&amp;referrer=utm_source=42matters.com&amp;utm_medium=api","packageID":"com.nooribrand.android.lordsmobile"},"showTemplate":1,"s2s_tracking_url":"https:\/\/play.google.com\/store\/apps\/details?id=com.igg.android.lordsmobile&amp;referrer=utm_source=42matters.com&amp;utm_medium=api","activeCreativeID":"3557","scenes":["12","1","8","6","15","2"],"campaignAdType":"Icon","productId":"","purchaseBit":0,"licenseKey":""},{"campaignID":"9252","attribution":0,"priority":"8","appToPromote":{"appToPromoteID":"12315","usesDefaultFrameImage":"0","usesDefaultCloseImage":"0","marketURL":"google.com","packageID":"com.qabrand.plnative"},"showTemplate":1,"s2s_tracking_url":"google.com","activeCreativeID":"4683","scenes":["12","1","8","6","15","2"],"campaignAdType":"Native","title":"Native first","subTitle":"First ","description":"New description","adClickThroughText":"FIRST Button","productId":"","purchaseBit":0,"licenseKey":""},{"campaignID":"9253","attribution":0,"priority":"8","appToPromote":{"appToPromoteID":"12315","usesDefaultFrameImage":"0","usesDefaultCloseImage":"0","marketURL":"google.com","packageID":"com.qabrand.plnative"},"showTemplate":1,"s2s_tracking_url":"google.com","activeCreativeID":"4683","scenes":["12","1","8","6","15","2"],"campaignAdType":"Native","title":"Native first","subTitle":"First ","description":"New description","adClickThroughText":"FIRST Button","productId":"","purchaseBit":0,"licenseKey":""},{"campaignID":"9255","attribution":0,"priority":"8","appToPromote":{"appToPromoteID":"13274","usesDefaultFrameImage":"0","usesDefaultCloseImage":"0","marketURL":"https:\/\/play.google.com\/store\/apps\/details?id=com.facebook.katana","packageID":"com.salon.adsalon"},"showTemplate":1,"s2s_tracking_url":"https:\/\/play.google.com\/store\/apps\/details?id=com.facebook.katana","activeCreativeID":"4685","scenes":["12","1","8","6","15","2"],"campaignAdType":"Native","title":"native NA ","subTitle":"native NA ","description":"native NA added","adClickThroughText":"native NA ","productId":"","purchaseBit":0,"licenseKey":""},{"campaignID":"9257","attribution":0,"priority":"8","appToPromote":{"appToPromoteID":"12286","usesDefaultFrameImage":"0","usesDefaultCloseImage":"0","marketURL":"google.com","packageID":"com.qabrand.Chartboost_Native"},"showTemplate":1,"s2s_tracking_url":"google.com","activeCreativeID":"4688","scenes":["12","1","8","6","15","2"],"campaignAdType":"Native","title":"Native second updated","subTitle":"Native second ","description":"Native second details","adClickThroughText":"Native second ","productId":"","purchaseBit":0,"licenseKey":""},{"campaignID":"9263","attribution":0,"priority":"8","appToPromote":{"appToPromoteID":"12315","usesDefaultFrameImage":"0","usesDefaultCloseImage":"0","marketURL":"google.com","packageID":"com.qabrand.plnative"},"showTemplate":1,"s2s_tracking_url":"google.com","activeCreativeID":"4694","scenes":["12","1","8","6","15","2"],"campaignAdType":"Native","title":"test","subTitle":"test","description":" test details update","adClickThroughText":"test","productId":"","purchaseBit":0,"licenseKey":""},{"campaignID":"9547","attribution":0,"priority":"8","appToPromote":{"appToPromoteID":"11879","usesDefaultFrameImage":"0","usesDefaultCloseImage":"0","marketURL":"https:\/\/play.google.com\/store\/apps\/details?id=com.buntoo.car.racing.games","packageID":"com.buntoo.car.racing.games"},"showTemplate":1,"s2s_tracking_url":"https:\/\/play.google.com\/store\/apps\/details?id=com.buntoo.car.racing.games","activeCreativeID":"4964","scenes":["12","1","8","6","15","2"],"campaignAdType":"Interstitial","productId":"","purchaseBit":0,"licenseKey":""},{"campaignID":"9586","attribution":0,"priority":"8","appToPromote":{"appToPromoteID":"515","usesDefaultFrameImage":"1","usesDefaultCloseImage":"1","marketURL":"https:\/\/play.google.com\/store\/apps\/details?id=com.plum.cash.counter.simualtor","packageID":"com.plum.cash.counter.simualtor"},"showTemplate":1,"s2s_tracking_url":"https:\/\/play.google.com\/store\/apps\/details?id=com.plum.cash.counter.simualtor","activeCreativeID":"50","scenes":["12","1","8","6","15","2"],"campaignAdType":"Interstitial","productId":"","purchaseBit":0,"licenseKey":""},{"campaignID":"9587","attribution":0,"priority":"8","appToPromote":{"appToPromoteID":"515","usesDefaultFrameImage":"1","usesDefaultCloseImage":"1","marketURL":"https:\/\/play.google.com\/store\/apps\/details?id=com.plum.cash.counter.simualtor","packageID":"com.plum.cash.counter.simualtor"},"showTemplate":1,"s2s_tracking_url":"https:\/\/play.google.com\/store\/apps\/details?id=com.plum.cash.counter.simualtor","activeCreativeID":"50","scenes":["12","1","8","6","15","2"],"campaignAdType":"Interstitial","productId":"","purchaseBit":0,"licenseKey":""},{"campaignID":"9588","attribution":0,"priority":"8","appToPromote":{"appToPromoteID":"515","usesDefaultFrameImage":"1","usesDefaultCloseImage":"1","marketURL":"https:\/\/play.google.com\/store\/apps\/details?id=com.plum.cash.counter.simualtor","packageID":"com.plum.cash.counter.simualtor"},"showTemplate":1,"s2s_tracking_url":"https:\/\/play.google.com\/store\/apps\/details?id=com.plum.cash.counter.simualtor","activeCreativeID":"50","scenes":["12","1","8","6","15","2"],"campaignAdType":"Interstitial","productId":"","purchaseBit":0,"licenseKey":""},{"campaignID":"9589","attribution":0,"priority":"8","appToPromote":{"appToPromoteID":"515","usesDefaultFrameImage":"1","usesDefaultCloseImage":"1","marketURL":"https:\/\/play.google.com\/store\/apps\/details?id=com.plum.cash.counter.simualtor","packageID":"com.plum.cash.counter.simualtor"},"showTemplate":1,"s2s_tracking_url":"https:\/\/play.google.com\/store\/apps\/details?id=com.plum.cash.counter.simualtor","activeCreativeID":"50","scenes":["12","1","8","6","15","2"],"campaignAdType":"Interstitial","productId":"","purchaseBit":0,"licenseKey":""},{"campaignID":"9599","attribution":0,"priority":"8","appToPromote":{"appToPromoteID":"515","usesDefaultFrameImage":"1","usesDefaultCloseImage":"1","marketURL":"https:\/\/play.google.com\/store\/apps\/details?id=com.plum.cash.counter.simualtor","packageID":"com.plum.cash.counter.simualtor"},"showTemplate":1,"s2s_tracking_url":"https:\/\/play.google.com\/store\/apps\/details?id=com.plum.cash.counter.simualtor","activeCreativeID":"5001","scenes":["12","1","8","6","15","2"],"campaignAdType":"Icon","productId":"","purchaseBit":0,"licenseKey":""},{"campaignID":"9127","attribution":0,"priority":"8","appToPromote":{"appToPromoteID":"17528","usesDefaultFrameImage":"0","usesDefaultCloseImage":"0","marketURL":"https:\/\/play.google.com\/store\/apps\/details?id=net.one97.paytm","packageID":"net.one97.paytm"},"showTemplate":1,"s2s_tracking_url":"https:\/\/tha.gotrackier.com\/click?campaign_id=63249\\u0026pub_id=75?p1=1823_9127_644&amp;source=6841&amp;app_name=DemolitionDerbyXtremeRacing&amp;gaid=644","activeCreativeID":"4788","scenes":["12","1","8","6","15","2"],"campaignAdType":"Native","title":"BCA","subTitle":"FW","description":"nope","adClickThroughText":"Link","productId":"","purchaseBit":0,"licenseKey":""},{"campaignID":"9131","attribution":0,"priority":"8","appToPromote":{"appToPromoteID":"17532","usesDefaultFrameImage":"0","usesDefaultCloseImage":"0","marketURL":"https:\/\/play.google.com\/store\/apps\/details?id=com.dhgate.buyermob","packageID":"com.dhgate.buyermob"},"showTemplate":1,"s2s_tracking_url":"https:\/\/tha.gotrackier.com\/click?campaign_id=63254\\u0026pub_id=75?p1=1823_9131_644&amp;source=6841&amp;app_name=DemolitionDerbyXtremeRacing&amp;gaid=644","activeCreativeID":"4483","scenes":["12","1","8","6","15","2"],"campaignAdType":"Interstitial","productId":"","purchaseBit":0,"licenseKey":""},{"campaignID":"8380","attribution_link":"","attribution":1,"priority":"7","appToPromote":{"appToPromoteID":"16480","usesDefaultFrameImage":"0","usesDefaultCloseImage":"0","marketURL":"https:\/\/play.google.com\/store\/apps\/details?id=com.nag.home.manager.working.virtual.mom","packageID":"com.GSS317.AmazingFamily"},"showTemplate":1,"s2s_tracking_url":"","activeCreativeID":"3720","scenes":["12","1","8","6","15","2"],"campaignAdType":"Interstitial","productId":"","purchaseBit":0,"licenseKey":""},{"campaignID":"444","attribution":0,"priority":"6","appToPromote":{"appToPromoteID":"3355","usesDefaultFrameImage":"0","usesDefaultCloseImage":"0","marketURL":"https:\/\/play.google.com\/store\/apps\/details?id=com.popnsons.parkour.mouse","packageID":"com.popnsons.parkour.mouse"},"showTemplate":1,"s2s_tracking_url":"https:\/\/play.google.com\/store\/apps\/details?id=com.popnsons.parkour.mouse","activeCreativeID":"469","scenes":["12","1","8","6","15","2"],"campaignAdType":"Interstitial","productId":"","purchaseBit":0,"licenseKey":""},{"campaignID":"561","attribution":0,"priority":"6","appToPromote":{"appToPromoteID":"5026","usesDefaultFrameImage":"0","usesDefaultCloseImage":"0","marketURL":"https:\/\/play.google.com\/store\/apps\/details?id=com.as.cashupapp","packageID":"com.as.cashupapp"},"showTemplate":1,"s2s_tracking_url":"https:\/\/play.google.com\/store\/apps\/details?id=com.as.cashupapp","activeCreativeID":"652","scenes":["12","1","8","6","15","2"],"campaignAdType":"Interstitial","productId":"","purchaseBit":0,"licenseKey":""},{"campaignID":"570","attribution":0,"priority":"6","appToPromote":{"appToPromoteID":"3802","usesDefaultFrameImage":"0","usesDefaultCloseImage":"0","marketURL":"https:\/\/play.google.com\/store\/apps\/details?id=com.Madxstudios.Flickshootsoccer","packageID":"com.Madxstudios.Flickshootsoccer"},"showTemplate":1,"s2s_tracking_url":"https:\/\/play.google.com\/store\/apps\/details?id=com.Madxstudios.Flickshootsoccer","activeCreativeID":"661","scenes":["12","1","8","6","15","2"],"campaignAdType":"Interstitial","productId":"","purchaseBit":0,"licenseKey":""},{"campaignID":"588","attribution":0,"priority":"6","appToPromote":{"appToPromoteID":"5026","usesDefaultFrameImage":"0","usesDefaultCloseImage":"0","marketURL":"https:\/\/play.google.com\/store\/apps\/details?id=com.as.cashupapp","packageID":"com.as.cashupapp"},"showTemplate":1,"s2s_tracking_url":"https:\/\/play.google.com\/store\/apps\/details?id=com.as.cashupapp","activeCreativeID":"652","scenes":["12","1","8","6","15","2"],"campaignAdType":"Interstitial","productId":"","purchaseBit":0,"licenseKey":""},{"campaignID":"8808","attribution_link":"","attribution":1,"priority":"5","appToPromote":{"appToPromoteID":"16528","usesDefaultFrameImage":"0","usesDefaultCloseImage":"0","marketURL":"https:\/\/play.google.com\/store\/apps\/details?id=com.bag.farm.day.village.farming.games","packageID":"com.GSS317.com.bag.farm.day.village.farming.games"},"showTemplate":1,"s2s_tracking_url":"","activeCreativeID":"3775","scenes":["12","1","8","6","15","2"],"campaignAdType":"Interstitial","productId":"","purchaseBit":0,"licenseKey":""},{"campaignID":"8876","attribution":0,"priority":"5","appToPromote":{"appToPromoteID":"15640","usesDefaultFrameImage":"0","usesDefaultCloseImage":"0","marketURL":"https:\/\/play.google.com\/store\/apps\/details?id=com.pgz.police.bike.stunt.ramp.bike.racing.games","packageID":"com.pgz.police.bike.stunt.ramp.bike.racing.games"},"showTemplate":1,"s2s_tracking_url":"https:\/\/play.google.com\/store\/apps\/details?id=com.pgz.police.bike.stunt.ramp.bike.racing.games","activeCreativeID":"4236","scenes":["12","1","8","6","15","2"],"campaignAdType":"Interstitial","productId":"","purchaseBit":0,"licenseKey":""},{"campaignID":"8972","attribution":0,"priority":"5","appToPromote":{"appToPromoteID":"15974","usesDefaultFrameImage":"0","usesDefaultCloseImage":"0","marketURL":"https:\/\/play.google.com\/store\/apps\/details?id=com.mustardgames.bmx.cycle.stunt.mega.ramp.impossibletracks","packageID":"com.mustardgames.bmx.cycle.stunt.mega.ramp.impossibletracks"},"showTemplate":1,"s2s_tracking_url":"https:\/\/play.google.com\/store\/apps\/details?id=com.mustardgames.bmx.cycle.stunt.mega.ramp.impossibletracks","activeCreativeID":"4339","scenes":["12","1","8","6","15","2"],"campaignAdType":"Interstitial","productId":"","purchaseBit":0,"licenseKey":""},{"campaignID":"8973","attribution":0,"priority":"5","appToPromote":{"appToPromoteID":"15974","usesDefaultFrameImage":"0","usesDefaultCloseImage":"0","marketURL":"https:\/\/play.google.com\/store\/apps\/details?id=com.mustardgames.bmx.cycle.stunt.mega.ramp.impossibletracks","packageID":"com.mustardgames.bmx.cycle.stunt.mega.ramp.impossibletracks"},"showTemplate":1,"s2s_tracking_url":"https:\/\/play.google.com\/store\/apps\/details?id=com.mustardgames.bmx.cycle.stunt.mega.ramp.impossibletracks","activeCreativeID":"4339","scenes":["12","1","8","6","15","2"],"campaignAdType":"Interstitial","productId":"","purchaseBit":0,"licenseKey":""},{"campaignID":"8974","attribution":0,"priority":"5","appToPromote":{"appToPromoteID":"15974","usesDefaultFrameImage":"0","usesDefaultCloseImage":"0","marketURL":"https:\/\/play.google.com\/store\/apps\/details?id=com.mustardgames.bmx.cycle.stunt.mega.ramp.impossibletracks","packageID":"com.mustardgames.bmx.cycle.stunt.mega.ramp.impossibletracks"},"showTemplate":1,"s2s_tracking_url":"https:\/\/play.google.com\/store\/apps\/details?id=com.mustardgames.bmx.cycle.stunt.mega.ramp.impossibletracks","activeCreativeID":"3564","scenes":["12","1","8","6","15","2"],"campaignAdType":"Video","productId":"","purchaseBit":0,"licenseKey":""},{"campaignID":"8747","attribution":0,"priority":"3","appToPromote":{"appToPromoteID":"16244","usesDefaultFrameImage":"0","usesDefaultCloseImage":"0","marketURL":"https:\/\/play.google.com\/store\/apps\/details?id=com.mustardgames.formula.car.racing.ramp.car.stunt.impossible.tracks","packageID":"com.mustardgames.formula.car.racing.ramp.car.stunt.impossible.tracks"},"showTemplate":1,"s2s_tracking_url":"https:\/\/play.google.com\/store\/apps\/details?id=com.mustardgames.formula.car.racing.ramp.car.stunt.impossible.tracks","activeCreativeID":"3993","scenes":["12","1","8","6","15","2"],"campaignAdType":"Video","productId":"","purchaseBit":0,"licenseKey":""},{"campaignID":"414","attribution":0,"priority":"3","appToPromote":{"appToPromoteID":"3023","usesDefaultFrameImage":"0","usesDefaultCloseImage":"0","marketURL":"https:\/\/play.google.com\/store\/apps\/details?id=com.appricot2d.rolo.pet.parrot","packageID":"com.appricot2d.rolo.pet.parrot"},"showTemplate":1,"s2s_tracking_url":"https:\/\/play.google.com\/store\/apps\/details?id=com.appricot2d.rolo.pet.parrot","activeCreativeID":"385","scenes":["12","1","8","6","15","2"],"campaignAdType":"Interstitial","productId":"","purchaseBit":0,"licenseKey":""},{"campaignID":"559","attribution":0,"priority":"3","appToPromote":{"appToPromoteID":"3476","usesDefaultFrameImage":"0","usesDefaultCloseImage":"0","marketURL":"https:\/\/play.google.com\/store\/apps\/details?id=com.perspectivegames.real.impossible.tracks.stunts","packageID":"com.perspectivegames.real.impossible.tracks.stunts"},"showTemplate":1,"s2s_tracking_url":"https:\/\/play.google.com\/store\/apps\/details?id=com.perspectivegames.real.impossible.tracks.stunts","activeCreativeID":"649","scenes":["12","1","8","6","15","2"],"campaignAdType":"Interstitial","productId":"","purchaseBit":0,"licenseKey":""},{"campaignID":"741","attribution":0,"priority":"3","appToPromote":{"appToPromoteID":"5609","usesDefaultFrameImage":"0","usesDefaultCloseImage":"0","marketURL":"https:\/\/play.google.com\/store\/apps\/details?id=com.kick.gyroscopic.city.train.driver.simulator","packageID":"com.kick.gyroscopic.city.train.driver.simulator"},"showTemplate":1,"s2s_tracking_url":"https:\/\/play.google.com\/store\/apps\/details?id=com.kick.gyroscopic.city.train.driver.simulator","activeCreativeID":"753","scenes":["12","1","8","6","15","2"],"campaignAdType":"Interstitial","productId":"","purchaseBit":0,"licenseKey":""},{"campaignID":"798","attribution":0,"priority":"3","appToPromote":{"appToPromoteID":"5770","usesDefaultFrameImage":"0","usesDefaultCloseImage":"0","marketURL":"https:\/\/play.google.com\/store\/apps\/details?id=com.simulatorgames3d.alohacelebrations","packageID":"com.simulatorgames3d.alohacelebrations"},"showTemplate":1,"s2s_tracking_url":"https:\/\/play.google.com\/store\/apps\/details?id=com.simulatorgames3d.alohacelebrations","activeCreativeID":"787","scenes":["12","1","8","6","15","2"],"campaignAdType":"Interstitial","productId":"","purchaseBit":0,"licenseKey":""},{"campaignID":"1483","attribution":0,"priority":"3","appToPromote":{"appToPromoteID":"1714","usesDefaultFrameImage":"1","usesDefaultCloseImage":"1","marketURL":"https:\/\/play.google.com\/store\/apps\/details?id=com.playink.cookie.maker","packageID":"com.playink.cookie.maker"},"showTemplate":1,"s2s_tracking_url":"https:\/\/play.google.com\/store\/apps\/details?id=com.playink.cookie.maker","activeCreativeID":"1020","scenes":["12","1","8","6","15","2"],"campaignAdType":"Interstitial","productId":"","purchaseBit":0,"licenseKey":""},{"campaignID":"8762","attribution":0,"priority":"2","appToPromote":{"appToPromoteID":"13265","usesDefaultFrameImage":"0","usesDefaultCloseImage":"0","marketURL":"https:\/\/play.google.com\/store\/apps\/details?id=com.rhg.tricky.bike.stunt.moto.master","packageID":"com.rhg.tricky.bike.stunt.moto.master"},"showTemplate":1,"s2s_tracking_url":"https:\/\/play.google.com\/store\/apps\/details?id=com.rhg.tricky.bike.stunt.moto.master","activeCreativeID":"4121","scenes":["12","1","8","6","15","2"],"campaignAdType":"Rewarded Video","productId":"","purchaseBit":0,"licenseKey":""},{"campaignID":"8879","attribution":0,"priority":"2","appToPromote":{"appToPromoteID":"15640","usesDefaultFrameImage":"0","usesDefaultCloseImage":"0","marketURL":"https:\/\/play.google.com\/store\/apps\/details?id=com.pgz.police.bike.stunt.ramp.bike.racing.games","packageID":"com.pgz.police.bike.stunt.ramp.bike.racing.games"},"showTemplate":1,"s2s_tracking_url":"https:\/\/play.google.com\/store\/apps\/details?id=com.pgz.police.bike.stunt.ramp.bike.racing.games","activeCreativeID":"4239","scenes":["12","1","8","6","15","2"],"campaignAdType":"Banner","productId":"","purchaseBit":0,"licenseKey":""},{"campaignID":"8971","attribution":0,"priority":"2","appToPromote":{"appToPromoteID":"15640","usesDefaultFrameImage":"0","usesDefaultCloseImage":"0","marketURL":"https:\/\/play.google.com\/store\/apps\/details?id=com.pgz.police.bike.stunt.ramp.bike.racing.games","packageID":"com.pgz.police.bike.stunt.ramp.bike.racing.games"},"showTemplate":1,"s2s_tracking_url":"https:\/\/play.google.com\/store\/apps\/details?id=com.pgz.police.bike.stunt.ramp.bike.racing.games","activeCreativeID":"4236","scenes":["12","1","8","6","15","2"],"campaignAdType":"Interstitial","productId":"","purchaseBit":0,"licenseKey":""},{"campaignID":"9366","attribution":0,"priority":"2","appToPromote":{"appToPromoteID":"17602","usesDefaultFrameImage":"0","usesDefaultCloseImage":"0","marketURL":"https:\/\/play.google.com\/store\/apps\/details?id=com.abaenglish.videoclass&amp;referrer=utm_source=42matters.com&amp;utm_medium=api","packageID":"com.abaenglish.videoclass"},"showTemplate":1,"s2s_tracking_url":"https:\/\/play.google.com\/store\/apps\/details?id=com.abaenglish.videoclass&amp;referrer=utm_source=42matters.com&amp;utm_medium=api","activeCreativeID":"4815","scenes":["12","1","8","6","15","2"],"campaignAdType":"Interstitial","productId":"","purchaseBit":0,"licenseKey":""},{"campaignID":"9367","attribution":0,"priority":"2","appToPromote":{"appToPromoteID":"17602","usesDefaultFrameImage":"0","usesDefaultCloseImage":"0","marketURL":"https:\/\/play.google.com\/store\/apps\/details?id=com.abaenglish.videoclass&amp;referrer=utm_source=42matters.com&amp;utm_medium=api","packageID":"com.abaenglish.videoclass"},"showTemplate":1,"s2s_tracking_url":"https:\/\/play.google.com\/store\/apps\/details?id=com.abaenglish.videoclass&amp;referrer=utm_source=42matters.com&amp;utm_medium=api","activeCreativeID":"4815","scenes":["12","1","8","6","15","2"],"campaignAdType":"Interstitial","productId":"","purchaseBit":0,"licenseKey":""},{"campaignID":"9368","attribution":0,"priority":"2","appToPromote":{"appToPromoteID":"17602","usesDefaultFrameImage":"0","usesDefaultCloseImage":"0","marketURL":"https:\/\/play.google.com\/store\/apps\/details?id=com.abaenglish.videoclass&amp;referrer=utm_source=42matters.com&amp;utm_medium=api","packageID":"com.abaenglish.videoclass"},"showTemplate":1,"s2s_tracking_url":"https:\/\/play.google.com\/store\/apps\/details?id=com.abaenglish.videoclass&amp;referrer=utm_source=42matters.com&amp;utm_medium=api","activeCreativeID":"4815","scenes":["12","1","8","6","15","2"],"campaignAdType":"Interstitial","productId":"","purchaseBit":0,"licenseKey":""},{"campaignID":"9369","attribution":0,"priority":"2","appToPromote":{"appToPromoteID":"17602","usesDefaultFrameImage":"0","usesDefaultCloseImage":"0","marketURL":"https:\/\/play.google.com\/store\/apps\/details?id=com.abaenglish.videoclass&amp;referrer=utm_source=42matters.com&amp;utm_medium=api","packageID":"com.abaenglish.videoclass"},"showTemplate":1,"s2s_tracking_url":"https:\/\/play.google.com\/store\/apps\/details?id=com.abaenglish.videoclass&amp;referrer=utm_source=42matters.com&amp;utm_medium=api","activeCreativeID":"4815","scenes":["12","1","8","6","15","2"],"campaignAdType":"Interstitial","productId":"","purchaseBit":0,"licenseKey":""},{"campaignID":"9370","attribution":0,"priority":"2","appToPromote":{"appToPromoteID":"17602","usesDefaultFrameImage":"0","usesDefaultCloseImage":"0","marketURL":"https:\/\/play.google.com\/store\/apps\/details?id=com.abaenglish.videoclass&amp;referrer=utm_source=42matters.com&amp;utm_medium=api","packageID":"com.abaenglish.videoclass"},"showTemplate":1,"s2s_tracking_url":"https:\/\/play.google.com\/store\/apps\/details?id=com.abaenglish.videoclass&amp;referrer=utm_source=42matters.com&amp;utm_medium=api","activeCreativeID":"4815","scenes":["12","1","8","6","15","2"],"campaignAdType":"Interstitial","productId":"","purchaseBit":0,"licenseKey":""}],"refreshAdRate":30,"mode":"Production","aspectRatio":"4_3","cdnPath":"https:\/\/df8ymybeo92md.cloudfront.net\/images\/","sentry_log":0,"local_logging":0,"sentry_dsn":"https:\/\/93ffa1c9a4124f67b8888a53265f751a:bbf998e04584477fa9a145838e9d3b26@sentry.io\/168994","sentry_initialization":1,"sentry_debugging":0,"bannerSizes":["1"],"aspectRatioVideo":"16_9","app_id":"1823","showPreRewardedDialogue":0,"showPostRewardedDialogue":0,"rewardCurrency":"coins","rewardValue":0,"isSkipable":1,"privacyPolicyURL":"https:\/\/www.consoliads.com\/privacy-policy\/","sessionToken":"dTxAAMMgx3O\/I36\/qCIIuNhjXkKuOHaFRMWbqUB4BfhTHzz5NcbAwRKmDIlZH\/ZQIIkArgIhc25KfU1Uek8nyJQtS1hfABuVLtkE1OxE8lZh7vZP9ki3ICO5cxEAcuB2GTlPkIoWcYCtPChuE8JFWnbDQw0v76bBnI4Acw4skpY="}
Session token value is set


{"appKey":"3d9a2ad28f8f99beaf2e117d8d1c3ebb","deviceID":"1702","stats":[{"campaignID":96,"packageID":"com.rgs.offroad.police.monster.truck","sceneStats":[{"sceneID":"5","eventStats":"317,217,117,17,17,0,0"}]}],"sdkVersion":"39","sessionToken":"dTxAAMMgx3O\/I36\/qCIIuNhjXkKuOHaFRMWbqUB4BfhTHzz5NcbAwRKmDIlZH\/ZQIIkArgIhc25KfU1Uek8nyJQtS1hfABuVLtkE1OxE8lZh7vZP9ki3ICO5cxEAcuB2GTlPkIoWcYCtPChuE8JFWnbDQw0v76bBnI4Acw4skpY="}
cache_ttl value is correct

Refresh Ad Rate value is correct
mode value is set

 Aspect ratio value is correct
sentry_log value is set
local_logging value is set
sentry_initialization value is set
sentry_debugging value is set
showPreRewardedDialogue value is set
showPostRewardedDialogue value is set
isSkipable value is set
{"cache_ttl":10080,"cache_ttl_rewarded":10080,"cache_ttl_banner":10080,"cache_ttl_native":10080,"cache_ttl_icon":10080,"refreshAdRate":30,"mode":"Production","aspectRatio":"4_3","cdnPath":"https:\/\/df8ymybeo92md.cloudfront.net\/images\/","sentry_log":0,"local_logging":0,"sentry_dsn":"https:\/\/93ffa1c9a4124f67b8888a53265f751a:bbf998e04584477fa9a145838e9d3b26@sentry.io\/168994","sentry_initialization":1,"sentry_debugging":0,"bannerSizes":[],"aspectRatioVideo":"16_9","app_id":"1921","showPreRewardedDialogue":0,"showPostRewardedDialogue":0,"rewardCurrency":"coins","rewardValue":0,"isSkipable":0,"privacyPolicyURL":"https:\/\/www.consoliads.com\/privacy-policy\/","sessionToken":"gmmO0Sap4YlGdVjhGHoLUpyBfsZt8rfYugN\/QlMQfD5JlVstYXtJ9MGrxEmM8DMjeBbeuhbvnKBRnKq+vfvKIjWH8SGQHbzpIBByGt7kagaVnqQSm3GLyzlpOEcZ1Jepf\/NfIBJvQxRVGONvdxzmtgsNyqLczhzTsrnP3DklSHQ="}
Session token value is set


{"appKey":"b6cf3bbc179e3b767025729170fbb3cf","deviceID":"2335","stats":[{"campaignID":98,"packageID":"com.gss.offroad.policetransporttruck","sceneStats":[{"sceneID":"6","eventStats":"324,224,124,24,24,0,0"}]}],"sdkVersion":"2163","sessionToken":"gmmO0Sap4YlGdVjhGHoLUpyBfsZt8rfYugN\/QlMQfD5JlVstYXtJ9MGrxEmM8DMjeBbeuhbvnKBRnKq+vfvKIjWH8SGQHbzpIBByGt7kagaVnqQSm3GLyzlpOEcZ1Jepf\/NfIBJvQxRVGONvdxzmtgsNyqLczhzTsrnP3DklSHQ="}
cache_ttl value is correct

Title value is correct

Title value is correct

Title value is correct

Title value is correct

Title value is correct

Title value is correct

Refresh Ad Rate value is correct
mode value is set

 Aspect ratio value is correct
sentry_log value is set
local_logging value is set
sentry_initialization value is set
sentry_debugging value is set
showPreRewardedDialogue value is set
showPostRewardedDialogue value is set
isSkipable value is set
{"cache_ttl":10080,"cache_ttl_rewarded":10080,"cache_ttl_banner":10080,"cache_ttl_native":10080,"cache_ttl_icon":10080,"campaigns":[{"campaignID":"8226","attribution":0,"priority":"8","appToPromote":{"appToPromoteID":"12623","usesDefaultFrameImage":"0","usesDefaultCloseImage":"0","marketURL":"https:\/\/play.google.com\/store\/apps\/details?id=com.igg.android.lordsmobile&amp;referrer=utm_source=42matters.com&amp;utm_medium=api","packageID":"com.nooribrand.android.lordsmobile"},"showTemplate":1,"s2s_tracking_url":"https:\/\/play.google.com\/store\/apps\/details?id=com.igg.android.lordsmobile&amp;referrer=utm_source=42matters.com&amp;utm_medium=api","activeCreativeID":"3557","scenes":["12","1","8","6","15","2"],"campaignAdType":"Icon","productId":"","purchaseBit":0,"licenseKey":""},{"campaignID":"8378","attribution":0,"priority":"8","appToPromote":{"appToPromoteID":"16480","usesDefaultFrameImage":"0","usesDefaultCloseImage":"0","marketURL":"https:\/\/play.google.com\/store\/apps\/details?id=com.nag.home.manager.working.virtual.mom","packageID":"com.GSS317.AmazingFamily"},"showTemplate":1,"s2s_tracking_url":"https:\/\/play.google.com\/store\/apps\/details?id=com.nag.home.manager.working.virtual.mom","activeCreativeID":"3720","scenes":["12","1","8","6","15","2"],"campaignAdType":"Interstitial","productId":"","purchaseBit":0,"licenseKey":""},{"campaignID":"8613","attribution":0,"priority":"8","appToPromote":{"appToPromoteID":"12623","usesDefaultFrameImage":"0","usesDefaultCloseImage":"0","marketURL":"https:\/\/play.google.com\/store\/apps\/details?id=com.igg.android.lordsmobile&amp;referrer=utm_source=42matters.com&amp;utm_medium=api","packageID":"com.nooribrand.android.lordsmobile"},"showTemplate":1,"s2s_tracking_url":"https:\/\/play.google.com\/store\/apps\/details?id=com.igg.android.lordsmobile&amp;referrer=utm_source=42matters.com&amp;utm_medium=api","activeCreativeID":"3557","scenes":["12","1","8","6","15","2"],"campaignAdType":"Icon","productId":"","purchaseBit":0,"licenseKey":""},{"campaignID":"9252","attribution":0,"priority":"8","appToPromote":{"appToPromoteID":"12315","usesDefaultFrameImage":"0","usesDefaultCloseImage":"0","marketURL":"google.com","packageID":"com.qabrand.plnative"},"showTemplate":1,"s2s_tracking_url":"google.com","activeCreativeID":"4683","scenes":["12","1","8","6","15","2"],"campaignAdType":"Native","title":"Native first","subTitle":"First ","description":"New description","adClickThroughText":"FIRST Button","productId":"","purchaseBit":0,"licenseKey":""},{"campaignID":"9253","attribution":0,"priority":"8","appToPromote":{"appToPromoteID":"12315","usesDefaultFrameImage":"0","usesDefaultCloseImage":"0","marketURL":"google.com","packageID":"com.qabrand.plnative"},"showTemplate":1,"s2s_tracking_url":"google.com","activeCreativeID":"4683","scenes":["12","1","8","6","15","2"],"campaignAdType":"Native","title":"Native first","subTitle":"First ","description":"New description","adClickThroughText":"FIRST Button","productId":"","purchaseBit":0,"licenseKey":""},{"campaignID":"9255","attribution":0,"priority":"8","appToPromote":{"appToPromoteID":"13274","usesDefaultFrameImage":"0","usesDefaultCloseImage":"0","marketURL":"https:\/\/play.google.com\/store\/apps\/details?id=com.facebook.katana","packageID":"com.salon.adsalon"},"showTemplate":1,"s2s_tracking_url":"https:\/\/play.google.com\/store\/apps\/details?id=com.facebook.katana","activeCreativeID":"4685","scenes":["12","1","8","6","15","2"],"campaignAdType":"Native","title":"native NA ","subTitle":"native NA ","description":"native NA added","adClickThroughText":"native NA ","productId":"","purchaseBit":0,"licenseKey":""},{"campaignID":"9257","attribution":0,"priority":"8","appToPromote":{"appToPromoteID":"12286","usesDefaultFrameImage":"0","usesDefaultCloseImage":"0","marketURL":"google.com","packageID":"com.qabrand.Chartboost_Native"},"showTemplate":1,"s2s_tracking_url":"google.com","activeCreativeID":"4688","scenes":["12","1","8","6","15","2"],"campaignAdType":"Native","title":"Native second updated","subTitle":"Native second ","description":"Native second details","adClickThroughText":"Native second ","productId":"","purchaseBit":0,"licenseKey":""},{"campaignID":"9263","attribution":0,"priority":"8","appToPromote":{"appToPromoteID":"12315","usesDefaultFrameImage":"0","usesDefaultCloseImage":"0","marketURL":"google.com","packageID":"com.qabrand.plnative"},"showTemplate":1,"s2s_tracking_url":"google.com","activeCreativeID":"4694","scenes":["12","1","8","6","15","2"],"campaignAdType":"Native","title":"test","subTitle":"test","description":" test details update","adClickThroughText":"test","productId":"","purchaseBit":0,"licenseKey":""},{"campaignID":"9547","attribution":0,"priority":"8","appToPromote":{"appToPromoteID":"11879","usesDefaultFrameImage":"0","usesDefaultCloseImage":"0","marketURL":"https:\/\/play.google.com\/store\/apps\/details?id=com.buntoo.car.racing.games","packageID":"com.buntoo.car.racing.games"},"showTemplate":1,"s2s_tracking_url":"https:\/\/play.google.com\/store\/apps\/details?id=com.buntoo.car.racing.games","activeCreativeID":"4964","scenes":["12","1","8","6","15","2"],"campaignAdType":"Interstitial","productId":"","purchaseBit":0,"licenseKey":""},{"campaignID":"9586","attribution":0,"priority":"8","appToPromote":{"appToPromoteID":"515","usesDefaultFrameImage":"1","usesDefaultCloseImage":"1","marketURL":"https:\/\/play.google.com\/store\/apps\/details?id=com.plum.cash.counter.simualtor","packageID":"com.plum.cash.counter.simualtor"},"showTemplate":1,"s2s_tracking_url":"https:\/\/play.google.com\/store\/apps\/details?id=com.plum.cash.counter.simualtor","activeCreativeID":"50","scenes":["12","1","8","6","15","2"],"campaignAdType":"Interstitial","productId":"","purchaseBit":0,"licenseKey":""},{"campaignID":"9587","attribution":0,"priority":"8","appToPromote":{"appToPromoteID":"515","usesDefaultFrameImage":"1","usesDefaultCloseImage":"1","marketURL":"https:\/\/play.google.com\/store\/apps\/details?id=com.plum.cash.counter.simualtor","packageID":"com.plum.cash.counter.simualtor"},"showTemplate":1,"s2s_tracking_url":"https:\/\/play.google.com\/store\/apps\/details?id=com.plum.cash.counter.simualtor","activeCreativeID":"50","scenes":["12","1","8","6","15","2"],"campaignAdType":"Interstitial","productId":"","purchaseBit":0,"licenseKey":""},{"campaignID":"9588","attribution":0,"priority":"8","appToPromote":{"appToPromoteID":"515","usesDefaultFrameImage":"1","usesDefaultCloseImage":"1","marketURL":"https:\/\/play.google.com\/store\/apps\/details?id=com.plum.cash.counter.simualtor","packageID":"com.plum.cash.counter.simualtor"},"showTemplate":1,"s2s_tracking_url":"https:\/\/play.google.com\/store\/apps\/details?id=com.plum.cash.counter.simualtor","activeCreativeID":"50","scenes":["12","1","8","6","15","2"],"campaignAdType":"Interstitial","productId":"","purchaseBit":0,"licenseKey":""},{"campaignID":"9589","attribution":0,"priority":"8","appToPromote":{"appToPromoteID":"515","usesDefaultFrameImage":"1","usesDefaultCloseImage":"1","marketURL":"https:\/\/play.google.com\/store\/apps\/details?id=com.plum.cash.counter.simualtor","packageID":"com.plum.cash.counter.simualtor"},"showTemplate":1,"s2s_tracking_url":"https:\/\/play.google.com\/store\/apps\/details?id=com.plum.cash.counter.simualtor","activeCreativeID":"50","scenes":["12","1","8","6","15","2"],"campaignAdType":"Interstitial","productId":"","purchaseBit":0,"licenseKey":""},{"campaignID":"9599","attribution":0,"priority":"8","appToPromote":{"appToPromoteID":"515","usesDefaultFrameImage":"1","usesDefaultCloseImage":"1","marketURL":"https:\/\/play.google.com\/store\/apps\/details?id=com.plum.cash.counter.simualtor","packageID":"com.plum.cash.counter.simualtor"},"showTemplate":1,"s2s_tracking_url":"https:\/\/play.google.com\/store\/apps\/details?id=com.plum.cash.counter.simualtor","activeCreativeID":"5001","scenes":["12","1","8","6","15","2"],"campaignAdType":"Icon","productId":"","purchaseBit":0,"licenseKey":""},{"campaignID":"9127","attribution":0,"priority":"8","appToPromote":{"appToPromoteID":"17528","usesDefaultFrameImage":"0","usesDefaultCloseImage":"0","marketURL":"https:\/\/play.google.com\/store\/apps\/details?id=net.one97.paytm","packageID":"net.one97.paytm"},"showTemplate":1,"s2s_tracking_url":"https:\/\/tha.gotrackier.com\/click?campaign_id=63249\\u0026pub_id=75?p1=1937_9127_2335&amp;source=6841&amp;app_name=OffRoadPoliceTruckTransport&amp;gaid=2335","activeCreativeID":"4788","scenes":["12","1","8","6","15","2"],"campaignAdType":"Native","title":"BCA","subTitle":"FW","description":"nope","adClickThroughText":"Link","productId":"","purchaseBit":0,"licenseKey":""},{"campaignID":"9131","attribution":0,"priority":"8","appToPromote":{"appToPromoteID":"17532","usesDefaultFrameImage":"0","usesDefaultCloseImage":"0","marketURL":"https:\/\/play.google.com\/store\/apps\/details?id=com.dhgate.buyermob","packageID":"com.dhgate.buyermob"},"showTemplate":1,"s2s_tracking_url":"https:\/\/tha.gotrackier.com\/click?campaign_id=63254\\u0026pub_id=75?p1=1937_9131_2335&amp;source=6841&amp;app_name=OffRoadPoliceTruckTransport&amp;gaid=2335","activeCreativeID":"4483","scenes":["12","1","8","6","15","2"],"campaignAdType":"Interstitial","productId":"","purchaseBit":0,"licenseKey":""},{"campaignID":"8380","attribution_link":"","attribution":1,"priority":"7","appToPromote":{"appToPromoteID":"16480","usesDefaultFrameImage":"0","usesDefaultCloseImage":"0","marketURL":"https:\/\/play.google.com\/store\/apps\/details?id=com.nag.home.manager.working.virtual.mom","packageID":"com.GSS317.AmazingFamily"},"showTemplate":1,"s2s_tracking_url":"","activeCreativeID":"3720","scenes":["12","1","8","6","15","2"],"campaignAdType":"Interstitial","productId":"","purchaseBit":0,"licenseKey":""},{"campaignID":"444","attribution":0,"priority":"6","appToPromote":{"appToPromoteID":"3355","usesDefaultFrameImage":"0","usesDefaultCloseImage":"0","marketURL":"https:\/\/play.google.com\/store\/apps\/details?id=com.popnsons.parkour.mouse","packageID":"com.popnsons.parkour.mouse"},"showTemplate":1,"s2s_tracking_url":"https:\/\/play.google.com\/store\/apps\/details?id=com.popnsons.parkour.mouse","activeCreativeID":"469","scenes":["12","1","8","6","15","2"],"campaignAdType":"Interstitial","productId":"","purchaseBit":0,"licenseKey":""},{"campaignID":"561","attribution":0,"priority":"6","appToPromote":{"appToPromoteID":"5026","usesDefaultFrameImage":"0","usesDefaultCloseImage":"0","marketURL":"https:\/\/play.google.com\/store\/apps\/details?id=com.as.cashupapp","packageID":"com.as.cashupapp"},"showTemplate":1,"s2s_tracking_url":"https:\/\/play.google.com\/store\/apps\/details?id=com.as.cashupapp","activeCreativeID":"652","scenes":["12","1","8","6","15","2"],"campaignAdType":"Interstitial","productId":"","purchaseBit":0,"licenseKey":""},{"campaignID":"570","attribution":0,"priority":"6","appToPromote":{"appToPromoteID":"3802","usesDefaultFrameImage":"0","usesDefaultCloseImage":"0","marketURL":"https:\/\/play.google.com\/store\/apps\/details?id=com.Madxstudios.Flickshootsoccer","packageID":"com.Madxstudios.Flickshootsoccer"},"showTemplate":1,"s2s_tracking_url":"https:\/\/play.google.com\/store\/apps\/details?id=com.Madxstudios.Flickshootsoccer","activeCreativeID":"661","scenes":["12","1","8","6","15","2"],"campaignAdType":"Interstitial","productId":"","purchaseBit":0,"licenseKey":""},{"campaignID":"588","attribution":0,"priority":"6","appToPromote":{"appToPromoteID":"5026","usesDefaultFrameImage":"0","usesDefaultCloseImage":"0","marketURL":"https:\/\/play.google.com\/store\/apps\/details?id=com.as.cashupapp","packageID":"com.as.cashupapp"},"showTemplate":1,"s2s_tracking_url":"https:\/\/play.google.com\/store\/apps\/details?id=com.as.cashupapp","activeCreativeID":"652","scenes":["12","1","8","6","15","2"],"campaignAdType":"Interstitial","productId":"","purchaseBit":0,"licenseKey":""},{"campaignID":"8808","attribution_link":"","attribution":1,"priority":"5","appToPromote":{"appToPromoteID":"16528","usesDefaultFrameImage":"0","usesDefaultCloseImage":"0","marketURL":"https:\/\/play.google.com\/store\/apps\/details?id=com.bag.farm.day.village.farming.games","packageID":"com.GSS317.com.bag.farm.day.village.farming.games"},"showTemplate":1,"s2s_tracking_url":"","activeCreativeID":"3775","scenes":["12","1","8","6","15","2"],"campaignAdType":"Interstitial","productId":"","purchaseBit":0,"licenseKey":""},{"campaignID":"8973","attribution":0,"priority":"5","appToPromote":{"appToPromoteID":"15974","usesDefaultFrameImage":"0","usesDefaultCloseImage":"0","marketURL":"https:\/\/play.google.com\/store\/apps\/details?id=com.mustardgames.bmx.cycle.stunt.mega.ramp.impossibletracks","packageID":"com.mustardgames.bmx.cycle.stunt.mega.ramp.impossibletracks"},"showTemplate":1,"s2s_tracking_url":"https:\/\/play.google.com\/store\/apps\/details?id=com.mustardgames.bmx.cycle.stunt.mega.ramp.impossibletracks","activeCreativeID":"4339","scenes":["12","1","8","6","15","2"],"campaignAdType":"Interstitial","productId":"","purchaseBit":0,"licenseKey":""},{"campaignID":"557","attribution":0,"priority":"4","appToPromote":{"appToPromoteID":"4959","usesDefaultFrameImage":"0","usesDefaultCloseImage":"0","marketURL":"https:\/\/play.google.com\/store\/apps\/details?id=com.jet.plane.surfers.joyride.dash","packageID":"com.jet.plane.surfers.joyride.dash"},"showTemplate":1,"s2s_tracking_url":"https:\/\/play.google.com\/store\/apps\/details?id=com.jet.plane.surfers.joyride.dash","activeCreativeID":"645","scenes":["12","1","8","6","15","2"],"campaignAdType":"Interstitial","productId":"","purchaseBit":0,"licenseKey":""},{"campaignID":"414","attribution":0,"priority":"3","appToPromote":{"appToPromoteID":"3023","usesDefaultFrameImage":"0","usesDefaultCloseImage":"0","marketURL":"https:\/\/play.google.com\/store\/apps\/details?id=com.appricot2d.rolo.pet.parrot","packageID":"com.appricot2d.rolo.pet.parrot"},"showTemplate":1,"s2s_tracking_url":"https:\/\/play.google.com\/store\/apps\/details?id=com.appricot2d.rolo.pet.parrot","activeCreativeID":"385","scenes":["12","1","8","6","15","2"],"campaignAdType":"Interstitial","productId":"","purchaseBit":0,"licenseKey":""},{"campaignID":"559","attribution":0,"priority":"3","appToPromote":{"appToPromoteID":"3476","usesDefaultFrameImage":"0","usesDefaultCloseImage":"0","marketURL":"https:\/\/play.google.com\/store\/apps\/details?id=com.perspectivegames.real.impossible.tracks.stunts","packageID":"com.perspectivegames.real.impossible.tracks.stunts"},"showTemplate":1,"s2s_tracking_url":"https:\/\/play.google.com\/store\/apps\/details?id=com.perspectivegames.real.impossible.tracks.stunts","activeCreativeID":"649","scenes":["12","1","8","6","15","2"],"campaignAdType":"Interstitial","productId":"","purchaseBit":0,"licenseKey":""},{"campaignID":"741","attribution":0,"priority":"3","appToPromote":{"appToPromoteID":"5609","usesDefaultFrameImage":"0","usesDefaultCloseImage":"0","marketURL":"https:\/\/play.google.com\/store\/apps\/details?id=com.kick.gyroscopic.city.train.driver.simulator","packageID":"com.kick.gyroscopic.city.train.driver.simulator"},"showTemplate":1,"s2s_tracking_url":"https:\/\/play.google.com\/store\/apps\/details?id=com.kick.gyroscopic.city.train.driver.simulator","activeCreativeID":"753","scenes":["12","1","8","6","15","2"],"campaignAdType":"Interstitial","productId":"","purchaseBit":0,"licenseKey":""},{"campaignID":"798","attribution":0,"priority":"3","appToPromote":{"appToPromoteID":"5770","usesDefaultFrameImage":"0","usesDefaultCloseImage":"0","marketURL":"https:\/\/play.google.com\/store\/apps\/details?id=com.simulatorgames3d.alohacelebrations","packageID":"com.simulatorgames3d.alohacelebrations"},"showTemplate":1,"s2s_tracking_url":"https:\/\/play.google.com\/store\/apps\/details?id=com.simulatorgames3d.alohacelebrations","activeCreativeID":"787","scenes":["12","1","8","6","15","2"],"campaignAdType":"Interstitial","productId":"","purchaseBit":0,"licenseKey":""},{"campaignID":"1483","attribution":0,"priority":"3","appToPromote":{"appToPromoteID":"1714","usesDefaultFrameImage":"1","usesDefaultCloseImage":"1","marketURL":"https:\/\/play.google.com\/store\/apps\/details?id=com.playink.cookie.maker","packageID":"com.playink.cookie.maker"},"showTemplate":1,"s2s_tracking_url":"https:\/\/play.google.com\/store\/apps\/details?id=com.playink.cookie.maker","activeCreativeID":"1020","scenes":["12","1","8","6","15","2"],"campaignAdType":"Interstitial","productId":"","purchaseBit":0,"licenseKey":""},{"campaignID":"8762","attribution":0,"priority":"2","appToPromote":{"appToPromoteID":"13265","usesDefaultFrameImage":"0","usesDefaultCloseImage":"0","marketURL":"https:\/\/play.google.com\/store\/apps\/details?id=com.rhg.tricky.bike.stunt.moto.master","packageID":"com.rhg.tricky.bike.stunt.moto.master"},"showTemplate":1,"s2s_tracking_url":"https:\/\/play.google.com\/store\/apps\/details?id=com.rhg.tricky.bike.stunt.moto.master","activeCreativeID":"4121","scenes":["12","1","8","6","15","2"],"campaignAdType":"Rewarded Video","productId":"","purchaseBit":0,"licenseKey":""},{"campaignID":"9366","attribution":0,"priority":"2","appToPromote":{"appToPromoteID":"17602","usesDefaultFrameImage":"0","usesDefaultCloseImage":"0","marketURL":"https:\/\/play.google.com\/store\/apps\/details?id=com.abaenglish.videoclass&amp;referrer=utm_source=42matters.com&amp;utm_medium=api","packageID":"com.abaenglish.videoclass"},"showTemplate":1,"s2s_tracking_url":"https:\/\/play.google.com\/store\/apps\/details?id=com.abaenglish.videoclass&amp;referrer=utm_source=42matters.com&amp;utm_medium=api","activeCreativeID":"4815","scenes":["12","1","8","6","15","2"],"campaignAdType":"Interstitial","productId":"","purchaseBit":0,"licenseKey":""}],"refreshAdRate":30,"mode":"Production","aspectRatio":"4_3","cdnPath":"https:\/\/df8ymybeo92md.cloudfront.net\/images\/","sentry_log":0,"local_logging":0,"sentry_dsn":"https:\/\/93ffa1c9a4124f67b8888a53265f751a:bbf998e04584477fa9a145838e9d3b26@sentry.io\/168994","sentry_initialization":1,"sentry_debugging":0,"bannerSizes":["1"],"aspectRatioVideo":"16_9","app_id":"1937","showPreRewardedDialogue":0,"showPostRewardedDialogue":0,"rewardCurrency":"coins","rewardValue":0,"isSkipable":0,"privacyPolicyURL":"https:\/\/www.consoliads.com\/privacy-policy\/","sessionToken":"qCvatcA+s5wDpX367KlqaP+UHhgquU\/Qv0NKuJi+aZzhVIgKJ\/wqR+qBvs2IHPkhIlwV3Auq4NP1mQMr1U3OOcTQGvo3w2GNMQXNxHcLQHGxZ3GKfd+KMpDn1Lx6Zdp4OBSGGMrvouUKWQqSPAV3phodHq1hXWmki62jNc9O3Uo="}
Session token value is set


{"appKey":"7108df607430ea0aa7197ebf957ab785","deviceID":"1507","stats":[{"campaignID":99,"packageID":"com.vg.crazy.car.rush.pro.taxi.driver","sceneStats":[{"sceneID":"4","eventStats":"315,215,115,15,15,0,0"}]}],"sdkVersion":"2163","sessionToken":"qCvatcA+s5wDpX367KlqaP+UHhgquU\/Qv0NKuJi+aZzhVIgKJ\/wqR+qBvs2IHPkhIlwV3Auq4NP1mQMr1U3OOcTQGvo3w2GNMQXNxHcLQHGxZ3GKfd+KMpDn1Lx6Zdp4OBSGGMrvouUKWQqSPAV3phodHq1hXWmki62jNc9O3Uo="}
cache_ttl value is correct

Title value is correct

Title value is correct

Title value is correct

Title value is correct

Title value is correct

Title value is correct

Refresh Ad Rate value is correct
mode value is set

 Aspect ratio value is correct
sentry_log value is set
local_logging value is set
sentry_initialization value is set
sentry_debugging value is set
showPreRewardedDialogue value is set
showPostRewardedDialogue value is set
isSkipable value is set
{"cache_ttl":10080,"cache_ttl_rewarded":10080,"cache_ttl_banner":10080,"cache_ttl_native":10080,"cache_ttl_icon":10080,"campaigns":[{"campaignID":"8226","attribution":0,"priority":"8","appToPromote":{"appToPromoteID":"12623","usesDefaultFrameImage":"0","usesDefaultCloseImage":"0","marketURL":"https:\/\/play.google.com\/store\/apps\/details?id=com.igg.android.lordsmobile&amp;referrer=utm_source=42matters.com&amp;utm_medium=api","packageID":"com.nooribrand.android.lordsmobile"},"showTemplate":1,"s2s_tracking_url":"https:\/\/play.google.com\/store\/apps\/details?id=com.igg.android.lordsmobile&amp;referrer=utm_source=42matters.com&amp;utm_medium=api","activeCreativeID":"3557","scenes":["12","1","8","6","15","2","9"],"campaignAdType":"Icon","productId":"","purchaseBit":0,"licenseKey":""},{"campaignID":"8378","attribution":0,"priority":"8","appToPromote":{"appToPromoteID":"16480","usesDefaultFrameImage":"0","usesDefaultCloseImage":"0","marketURL":"https:\/\/play.google.com\/store\/apps\/details?id=com.nag.home.manager.working.virtual.mom","packageID":"com.GSS317.AmazingFamily"},"showTemplate":1,"s2s_tracking_url":"https:\/\/play.google.com\/store\/apps\/details?id=com.nag.home.manager.working.virtual.mom","activeCreativeID":"3720","scenes":["12","1","8","6","15","2","9"],"campaignAdType":"Interstitial","productId":"","purchaseBit":0,"licenseKey":""},{"campaignID":"8613","attribution":0,"priority":"8","appToPromote":{"appToPromoteID":"12623","usesDefaultFrameImage":"0","usesDefaultCloseImage":"0","marketURL":"https:\/\/play.google.com\/store\/apps\/details?id=com.igg.android.lordsmobile&amp;referrer=utm_source=42matters.com&amp;utm_medium=api","packageID":"com.nooribrand.android.lordsmobile"},"showTemplate":1,"s2s_tracking_url":"https:\/\/play.google.com\/store\/apps\/details?id=com.igg.android.lordsmobile&amp;referrer=utm_source=42matters.com&amp;utm_medium=api","activeCreativeID":"3557","scenes":["12","1","8","6","15","2","9"],"campaignAdType":"Icon","productId":"","purchaseBit":0,"licenseKey":""},{"campaignID":"9252","attribution":0,"priority":"8","appToPromote":{"appToPromoteID":"12315","usesDefaultFrameImage":"0","usesDefaultCloseImage":"0","marketURL":"google.com","packageID":"com.qabrand.plnative"},"showTemplate":1,"s2s_tracking_url":"google.com","activeCreativeID":"4683","scenes":["12","1","8","6","15","2","9"],"campaignAdType":"Native","title":"Native first","subTitle":"First ","description":"New description","adClickThroughText":"FIRST Button","productId":"","purchaseBit":0,"licenseKey":""},{"campaignID":"9253","attribution":0,"priority":"8","appToPromote":{"appToPromoteID":"12315","usesDefaultFrameImage":"0","usesDefaultCloseImage":"0","marketURL":"google.com","packageID":"com.qabrand.plnative"},"showTemplate":1,"s2s_tracking_url":"google.com","activeCreativeID":"4683","scenes":["12","1","8","6","15","2","9"],"campaignAdType":"Native","title":"Native first","subTitle":"First ","description":"New description","adClickThroughText":"FIRST Button","productId":"","purchaseBit":0,"licenseKey":""},{"campaignID":"9255","attribution":0,"priority":"8","appToPromote":{"appToPromoteID":"13274","usesDefaultFrameImage":"0","usesDefaultCloseImage":"0","marketURL":"https:\/\/play.google.com\/store\/apps\/details?id=com.facebook.katana","packageID":"com.salon.adsalon"},"showTemplate":1,"s2s_tracking_url":"https:\/\/play.google.com\/store\/apps\/details?id=com.facebook.katana","activeCreativeID":"4685","scenes":["12","1","8","6","15","2","9"],"campaignAdType":"Native","title":"native NA ","subTitle":"native NA ","description":"native NA added","adClickThroughText":"native NA ","productId":"","purchaseBit":0,"licenseKey":""},{"campaignID":"9257","attribution":0,"priority":"8","appToPromote":{"appToPromoteID":"12286","usesDefaultFrameImage":"0","usesDefaultCloseImage":"0","marketURL":"google.com","packageID":"com.qabrand.Chartboost_Native"},"showTemplate":1,"s2s_tracking_url":"google.com","activeCreativeID":"4688","scenes":["12","1","8","6","15","2","9"],"campaignAdType":"Native","title":"Native second updated","subTitle":"Native second ","description":"Native second details","adClickThroughText":"Native second ","productId":"","purchaseBit":0,"licenseKey":""},{"campaignID":"9263","attribution":0,"priority":"8","appToPromote":{"appToPromoteID":"12315","usesDefaultFrameImage":"0","usesDefaultCloseImage":"0","marketURL":"google.com","packageID":"com.qabrand.plnative"},"showTemplate":1,"s2s_tracking_url":"google.com","activeCreativeID":"4694","scenes":["12","1","8","6","15","2","9"],"campaignAdType":"Native","title":"test","subTitle":"test","description":" test details update","adClickThroughText":"test","productId":"","purchaseBit":0,"licenseKey":""},{"campaignID":"9547","attribution":0,"priority":"8","appToPromote":{"appToPromoteID":"11879","usesDefaultFrameImage":"0","usesDefaultCloseImage":"0","marketURL":"https:\/\/play.google.com\/store\/apps\/details?id=com.buntoo.car.racing.games","packageID":"com.buntoo.car.racing.games"},"showTemplate":1,"s2s_tracking_url":"https:\/\/play.google.com\/store\/apps\/details?id=com.buntoo.car.racing.games","activeCreativeID":"4964","scenes":["12","1","8","6","15","2","9"],"campaignAdType":"Interstitial","productId":"","purchaseBit":0,"licenseKey":""},{"campaignID":"9586","attribution":0,"priority":"8","appToPromote":{"appToPromoteID":"515","usesDefaultFrameImage":"1","usesDefaultCloseImage":"1","marketURL":"https:\/\/play.google.com\/store\/apps\/details?id=com.plum.cash.counter.simualtor","packageID":"com.plum.cash.counter.simualtor"},"showTemplate":1,"s2s_tracking_url":"https:\/\/play.google.com\/store\/apps\/details?id=com.plum.cash.counter.simualtor","activeCreativeID":"50","scenes":["12","1","8","6","15","2","9"],"campaignAdType":"Interstitial","productId":"","purchaseBit":0,"licenseKey":""},{"campaignID":"9587","attribution":0,"priority":"8","appToPromote":{"appToPromoteID":"515","usesDefaultFrameImage":"1","usesDefaultCloseImage":"1","marketURL":"https:\/\/play.google.com\/store\/apps\/details?id=com.plum.cash.counter.simualtor","packageID":"com.plum.cash.counter.simualtor"},"showTemplate":1,"s2s_tracking_url":"https:\/\/play.google.com\/store\/apps\/details?id=com.plum.cash.counter.simualtor","activeCreativeID":"50","scenes":["12","1","8","6","15","2","9"],"campaignAdType":"Interstitial","productId":"","purchaseBit":0,"licenseKey":""},{"campaignID":"9588","attribution":0,"priority":"8","appToPromote":{"appToPromoteID":"515","usesDefaultFrameImage":"1","usesDefaultCloseImage":"1","marketURL":"https:\/\/play.google.com\/store\/apps\/details?id=com.plum.cash.counter.simualtor","packageID":"com.plum.cash.counter.simualtor"},"showTemplate":1,"s2s_tracking_url":"https:\/\/play.google.com\/store\/apps\/details?id=com.plum.cash.counter.simualtor","activeCreativeID":"50","scenes":["12","1","8","6","15","2","9"],"campaignAdType":"Interstitial","productId":"","purchaseBit":0,"licenseKey":""},{"campaignID":"9589","attribution":0,"priority":"8","appToPromote":{"appToPromoteID":"515","usesDefaultFrameImage":"1","usesDefaultCloseImage":"1","marketURL":"https:\/\/play.google.com\/store\/apps\/details?id=com.plum.cash.counter.simualtor","packageID":"com.plum.cash.counter.simualtor"},"showTemplate":1,"s2s_tracking_url":"https:\/\/play.google.com\/store\/apps\/details?id=com.plum.cash.counter.simualtor","activeCreativeID":"50","scenes":["12","1","8","6","15","2","9"],"campaignAdType":"Interstitial","productId":"","purchaseBit":0,"licenseKey":""},{"campaignID":"9599","attribution":0,"priority":"8","appToPromote":{"appToPromoteID":"515","usesDefaultFrameImage":"1","usesDefaultCloseImage":"1","marketURL":"https:\/\/play.google.com\/store\/apps\/details?id=com.plum.cash.counter.simualtor","packageID":"com.plum.cash.counter.simualtor"},"showTemplate":1,"s2s_tracking_url":"https:\/\/play.google.com\/store\/apps\/details?id=com.plum.cash.counter.simualtor","activeCreativeID":"5001","scenes":["12","1","8","6","15","2","9"],"campaignAdType":"Icon","productId":"","purchaseBit":0,"licenseKey":""},{"campaignID":"9127","attribution":0,"priority":"8","appToPromote":{"appToPromoteID":"17528","usesDefaultFrameImage":"0","usesDefaultCloseImage":"0","marketURL":"https:\/\/play.google.com\/store\/apps\/details?id=net.one97.paytm","packageID":"net.one97.paytm"},"showTemplate":1,"s2s_tracking_url":"https:\/\/tha.gotrackier.com\/click?campaign_id=63249\\u0026pub_id=75?p1=1936_9127_1507&amp;source=6841&amp;app_name=ProTAXIDriverCrazyCarRush&amp;gaid=1507","activeCreativeID":"4788","scenes":["12","1","8","6","15","2","9"],"campaignAdType":"Native","title":"BCA","subTitle":"FW","description":"nope","adClickThroughText":"Link","productId":"","purchaseBit":0,"licenseKey":""},{"campaignID":"9131","attribution":0,"priority":"8","appToPromote":{"appToPromoteID":"17532","usesDefaultFrameImage":"0","usesDefaultCloseImage":"0","marketURL":"https:\/\/play.google.com\/store\/apps\/details?id=com.dhgate.buyermob","packageID":"com.dhgate.buyermob"},"showTemplate":1,"s2s_tracking_url":"https:\/\/tha.gotrackier.com\/click?campaign_id=63254\\u0026pub_id=75?p1=1936_9131_1507&amp;source=6841&amp;app_name=ProTAXIDriverCrazyCarRush&amp;gaid=1507","activeCreativeID":"4483","scenes":["12","1","8","6","15","2","9"],"campaignAdType":"Interstitial","productId":"","purchaseBit":0,"licenseKey":""},{"campaignID":"8380","attribution_link":"","attribution":1,"priority":"7","appToPromote":{"appToPromoteID":"16480","usesDefaultFrameImage":"0","usesDefaultCloseImage":"0","marketURL":"https:\/\/play.google.com\/store\/apps\/details?id=com.nag.home.manager.working.virtual.mom","packageID":"com.GSS317.AmazingFamily"},"showTemplate":1,"s2s_tracking_url":"","activeCreativeID":"3720","scenes":["12","1","8","6","15","2","9"],"campaignAdType":"Interstitial","productId":"","purchaseBit":0,"licenseKey":""},{"campaignID":"444","attribution":0,"priority":"6","appToPromote":{"appToPromoteID":"3355","usesDefaultFrameImage":"0","usesDefaultCloseImage":"0","marketURL":"https:\/\/play.google.com\/store\/apps\/details?id=com.popnsons.parkour.mouse","packageID":"com.popnsons.parkour.mouse"},"showTemplate":1,"s2s_tracking_url":"https:\/\/play.google.com\/store\/apps\/details?id=com.popnsons.parkour.mouse","activeCreativeID":"469","scenes":["12","1","8","6","15","2","9"],"campaignAdType":"Interstitial","productId":"","purchaseBit":0,"licenseKey":""},{"campaignID":"561","attribution":0,"priority":"6","appToPromote":{"appToPromoteID":"5026","usesDefaultFrameImage":"0","usesDefaultCloseImage":"0","marketURL":"https:\/\/play.google.com\/store\/apps\/details?id=com.as.cashupapp","packageID":"com.as.cashupapp"},"showTemplate":1,"s2s_tracking_url":"https:\/\/play.google.com\/store\/apps\/details?id=com.as.cashupapp","activeCreativeID":"652","scenes":["12","1","8","6","15","2","9"],"campaignAdType":"Interstitial","productId":"","purchaseBit":0,"licenseKey":""},{"campaignID":"570","attribution":0,"priority":"6","appToPromote":{"appToPromoteID":"3802","usesDefaultFrameImage":"0","usesDefaultCloseImage":"0","marketURL":"https:\/\/play.google.com\/store\/apps\/details?id=com.Madxstudios.Flickshootsoccer","packageID":"com.Madxstudios.Flickshootsoccer"},"showTemplate":1,"s2s_tracking_url":"https:\/\/play.google.com\/store\/apps\/details?id=com.Madxstudios.Flickshootsoccer","activeCreativeID":"661","scenes":["12","1","8","6","15","2","9"],"campaignAdType":"Interstitial","productId":"","purchaseBit":0,"licenseKey":""},{"campaignID":"588","attribution":0,"priority":"6","appToPromote":{"appToPromoteID":"5026","usesDefaultFrameImage":"0","usesDefaultCloseImage":"0","marketURL":"https:\/\/play.google.com\/store\/apps\/details?id=com.as.cashupapp","packageID":"com.as.cashupapp"},"showTemplate":1,"s2s_tracking_url":"https:\/\/play.google.com\/store\/apps\/details?id=com.as.cashupapp","activeCreativeID":"652","scenes":["12","1","8","6","15","2","9"],"campaignAdType":"Interstitial","productId":"","purchaseBit":0,"licenseKey":""},{"campaignID":"8808","attribution_link":"","attribution":1,"priority":"5","appToPromote":{"appToPromoteID":"16528","usesDefaultFrameImage":"0","usesDefaultCloseImage":"0","marketURL":"https:\/\/play.google.com\/store\/apps\/details?id=com.bag.farm.day.village.farming.games","packageID":"com.GSS317.com.bag.farm.day.village.farming.games"},"showTemplate":1,"s2s_tracking_url":"","activeCreativeID":"3775","scenes":["12","1","8","6","15","2","9"],"campaignAdType":"Interstitial","productId":"","purchaseBit":0,"licenseKey":""},{"campaignID":"8973","attribution":0,"priority":"5","appToPromote":{"appToPromoteID":"15974","usesDefaultFrameImage":"0","usesDefaultCloseImage":"0","marketURL":"https:\/\/play.google.com\/store\/apps\/details?id=com.mustardgames.bmx.cycle.stunt.mega.ramp.impossibletracks","packageID":"com.mustardgames.bmx.cycle.stunt.mega.ramp.impossibletracks"},"showTemplate":1,"s2s_tracking_url":"https:\/\/play.google.com\/store\/apps\/details?id=com.mustardgames.bmx.cycle.stunt.mega.ramp.impossibletracks","activeCreativeID":"4339","scenes":["12","1","8","6","15","2","9"],"campaignAdType":"Interstitial","productId":"","purchaseBit":0,"licenseKey":""},{"campaignID":"557","attribution":0,"priority":"4","appToPromote":{"appToPromoteID":"4959","usesDefaultFrameImage":"0","usesDefaultCloseImage":"0","marketURL":"https:\/\/play.google.com\/store\/apps\/details?id=com.jet.plane.surfers.joyride.dash","packageID":"com.jet.plane.surfers.joyride.dash"},"showTemplate":1,"s2s_tracking_url":"https:\/\/play.google.com\/store\/apps\/details?id=com.jet.plane.surfers.joyride.dash","activeCreativeID":"645","scenes":["12","1","8","6","15","2","9"],"campaignAdType":"Interstitial","productId":"","purchaseBit":0,"licenseKey":""},{"campaignID":"414","attribution":0,"priority":"3","appToPromote":{"appToPromoteID":"3023","usesDefaultFrameImage":"0","usesDefaultCloseImage":"0","marketURL":"https:\/\/play.google.com\/store\/apps\/details?id=com.appricot2d.rolo.pet.parrot","packageID":"com.appricot2d.rolo.pet.parrot"},"showTemplate":1,"s2s_tracking_url":"https:\/\/play.google.com\/store\/apps\/details?id=com.appricot2d.rolo.pet.parrot","activeCreativeID":"385","scenes":["12","1","8","6","15","2","9"],"campaignAdType":"Interstitial","productId":"","purchaseBit":0,"licenseKey":""},{"campaignID":"559","attribution":0,"priority":"3","appToPromote":{"appToPromoteID":"3476","usesDefaultFrameImage":"0","usesDefaultCloseImage":"0","marketURL":"https:\/\/play.google.com\/store\/apps\/details?id=com.perspectivegames.real.impossible.tracks.stunts","packageID":"com.perspectivegames.real.impossible.tracks.stunts"},"showTemplate":1,"s2s_tracking_url":"https:\/\/play.google.com\/store\/apps\/details?id=com.perspectivegames.real.impossible.tracks.stunts","activeCreativeID":"649","scenes":["12","1","8","6","15","2","9"],"campaignAdType":"Interstitial","productId":"","purchaseBit":0,"licenseKey":""},{"campaignID":"741","attribution":0,"priority":"3","appToPromote":{"appToPromoteID":"5609","usesDefaultFrameImage":"0","usesDefaultCloseImage":"0","marketURL":"https:\/\/play.google.com\/store\/apps\/details?id=com.kick.gyroscopic.city.train.driver.simulator","packageID":"com.kick.gyroscopic.city.train.driver.simulator"},"showTemplate":1,"s2s_tracking_url":"https:\/\/play.google.com\/store\/apps\/details?id=com.kick.gyroscopic.city.train.driver.simulator","activeCreativeID":"753","scenes":["12","1","8","6","15","2","9"],"campaignAdType":"Interstitial","productId":"","purchaseBit":0,"licenseKey":""},{"campaignID":"798","attribution":0,"priority":"3","appToPromote":{"appToPromoteID":"5770","usesDefaultFrameImage":"0","usesDefaultCloseImage":"0","marketURL":"https:\/\/play.google.com\/store\/apps\/details?id=com.simulatorgames3d.alohacelebrations","packageID":"com.simulatorgames3d.alohacelebrations"},"showTemplate":1,"s2s_tracking_url":"https:\/\/play.google.com\/store\/apps\/details?id=com.simulatorgames3d.alohacelebrations","activeCreativeID":"787","scenes":["12","1","8","6","15","2","9"],"campaignAdType":"Interstitial","productId":"","purchaseBit":0,"licenseKey":""},{"campaignID":"1483","attribution":0,"priority":"3","appToPromote":{"appToPromoteID":"1714","usesDefaultFrameImage":"1","usesDefaultCloseImage":"1","marketURL":"https:\/\/play.google.com\/store\/apps\/details?id=com.playink.cookie.maker","packageID":"com.playink.cookie.maker"},"showTemplate":1,"s2s_tracking_url":"https:\/\/play.google.com\/store\/apps\/details?id=com.playink.cookie.maker","activeCreativeID":"1020","scenes":["12","1","8","6","15","2","9"],"campaignAdType":"Interstitial","productId":"","purchaseBit":0,"licenseKey":""},{"campaignID":"8762","attribution":0,"priority":"2","appToPromote":{"appToPromoteID":"13265","usesDefaultFrameImage":"0","usesDefaultCloseImage":"0","marketURL":"https:\/\/play.google.com\/store\/apps\/details?id=com.rhg.tricky.bike.stunt.moto.master","packageID":"com.rhg.tricky.bike.stunt.moto.master"},"showTemplate":1,"s2s_tracking_url":"https:\/\/play.google.com\/store\/apps\/details?id=com.rhg.tricky.bike.stunt.moto.master","activeCreativeID":"4121","scenes":["12","1","8","6","15","2","9"],"campaignAdType":"Rewarded Video","productId":"","purchaseBit":0,"licenseKey":""},{"campaignID":"9366","attribution":0,"priority":"2","appToPromote":{"appToPromoteID":"17602","usesDefaultFrameImage":"0","usesDefaultCloseImage":"0","marketURL":"https:\/\/play.google.com\/store\/apps\/details?id=com.abaenglish.videoclass&amp;referrer=utm_source=42matters.com&amp;utm_medium=api","packageID":"com.abaenglish.videoclass"},"showTemplate":1,"s2s_tracking_url":"https:\/\/play.google.com\/store\/apps\/details?id=com.abaenglish.videoclass&amp;referrer=utm_source=42matters.com&amp;utm_medium=api","activeCreativeID":"4815","scenes":["12","1","8","6","15","2","9"],"campaignAdType":"Interstitial","productId":"","purchaseBit":0,"licenseKey":""},{"campaignID":"9367","attribution":0,"priority":"2","appToPromote":{"appToPromoteID":"17602","usesDefaultFrameImage":"0","usesDefaultCloseImage":"0","marketURL":"https:\/\/play.google.com\/store\/apps\/details?id=com.abaenglish.videoclass&amp;referrer=utm_source=42matters.com&amp;utm_medium=api","packageID":"com.abaenglish.videoclass"},"showTemplate":1,"s2s_tracking_url":"https:\/\/play.google.com\/store\/apps\/details?id=com.abaenglish.videoclass&amp;referrer=utm_source=42matters.com&amp;utm_medium=api","activeCreativeID":"4815","scenes":["12","1","8","6","15","2","9"],"campaignAdType":"Interstitial","productId":"","purchaseBit":0,"licenseKey":""}],"refreshAdRate":30,"mode":"Production","aspectRatio":"4_3","cdnPath":"https:\/\/df8ymybeo92md.cloudfront.net\/images\/","sentry_log":0,"local_logging":0,"sentry_dsn":"https:\/\/93ffa1c9a4124f67b8888a53265f751a:bbf998e04584477fa9a145838e9d3b26@sentry.io\/168994","sentry_initialization":1,"sentry_debugging":0,"bannerSizes":["1"],"aspectRatioVideo":"16_9","app_id":"1936","showPreRewardedDialogue":0,"showPostRewardedDialogue":0,"rewardCurrency":"coins","rewardValue":0,"isSkipable":1,"privacyPolicyURL":"https:\/\/www.consoliads.com\/privacy-policy\/","sessionToken":"VW\/wv5ibHsidafvz59K9fW4pmPwwoNoct2MYqJ+B9pltitq8QYwPObM52uwiYL+fE2wjN\/27dytaOV2E\/uszPCI6GcDxFrhviG5vKbuundHDzuw7aQsmCDer2yqmodADpgLVQMJ1WWotnFbRUyPSqFM8g4tpZQoT7PRXleI98\/c="}
Session token value is set


{"appKey":"516703e326af9856e83f9f4223432c4b","deviceID":"6567","stats":[{"campaignID":104,"packageID":"com.whitesand.construction.crane.cargo.plane","sceneStats":[{"sceneID":"17","eventStats":"366,266,166,66,66,0,0"}]}],"sdkVersion":"39","sessionToken":"VW\/wv5ibHsidafvz59K9fW4pmPwwoNoct2MYqJ+B9pltitq8QYwPObM52uwiYL+fE2wjN\/27dytaOV2E\/uszPCI6GcDxFrhviG5vKbuundHDzuw7aQsmCDer2yqmodADpgLVQMJ1WWotnFbRUyPSqFM8g4tpZQoT7PRXleI98\/c="}
cache_ttl value is correct

Refresh Ad Rate value is correct
mode value is set

 Aspect ratio value is correct
sentry_log value is set
local_logging value is set
sentry_initialization value is set
sentry_debugging value is set
showPreRewardedDialogue value is set
showPostRewardedDialogue value is set
isSkipable value is set
{"cache_ttl":10080,"cache_ttl_rewarded":10080,"cache_ttl_banner":10080,"cache_ttl_native":10080,"cache_ttl_icon":10080,"refreshAdRate":30,"mode":"Production","aspectRatio":"4_3","cdnPath":"https:\/\/df8ymybeo92md.cloudfront.net\/images\/","sentry_log":0,"local_logging":0,"sentry_dsn":"https:\/\/93ffa1c9a4124f67b8888a53265f751a:bbf998e04584477fa9a145838e9d3b26@sentry.io\/168994","sentry_initialization":1,"sentry_debugging":0,"bannerSizes":[],"aspectRatioVideo":"16_9","app_id":"1752","showPreRewardedDialogue":0,"showPostRewardedDialogue":0,"rewardCurrency":"coins","rewardValue":0,"isSkipable":0,"privacyPolicyURL":"https:\/\/www.consoliads.com\/privacy-policy\/","sessionToken":"oYDExYorloM1w8M\/4\/WVDRTtCsBBxOiH4UPeLGik5XDzBPdHIV+pdfkh+7rOHeqhdHKyVRTDAeFVMBumue2KI2ZdKsU0xw\/QO5Wh1vb7wpW7NJK\/vAHTWoMQVbZTjenoE27LYW\/fY4V+rOY9X01u5SBA4LKZO6QLmON6VBv+yQU="}
Session token value is set


{"appKey":"01cc5c461d53ae065213c5cd8caabc4f","deviceID":"5564","stats":[{"campaignID":110,"packageID":"com.mizo.police.airplane.transporter","sceneStats":[{"sceneID":"14","eventStats":"356,256,156,56,56,0,0"}]}],"sdkVersion":"2151","sessionToken":"oYDExYorloM1w8M\/4\/WVDRTtCsBBxOiH4UPeLGik5XDzBPdHIV+pdfkh+7rOHeqhdHKyVRTDAeFVMBumue2KI2ZdKsU0xw\/QO5Wh1vb7wpW7NJK\/vAHTWoMQVbZTjenoE27LYW\/fY4V+rOY9X01u5SBA4LKZO6QLmON6VBv+yQU="}
cache_ttl value is correct

Refresh Ad Rate value is correct
mode value is set

 Aspect ratio value is correct
sentry_log value is set
local_logging value is set
sentry_initialization value is set
sentry_debugging value is set
showPreRewardedDialogue value is set
showPostRewardedDialogue value is set
isSkipable value is set
{"cache_ttl":10080,"cache_ttl_rewarded":10080,"cache_ttl_banner":10080,"cache_ttl_native":10080,"cache_ttl_icon":10080,"campaigns":[{"campaignID":"9277","attribution_link":"","attribution":1,"priority":"5","appToPromote":{"appToPromoteID":"17609","usesDefaultFrameImage":"0","usesDefaultCloseImage":"0","marketURL":"https:\/\/smartbear.com\/learn\/automated-testing\/test-automation-frameworks\/","packageID":"com.buntoo.buntooAd"},"showTemplate":1,"s2s_tracking_url":"","activeCreativeID":"4702","scenes":["1","2","6","4","5","15"],"campaignAdType":"Interstitial","productId":"","purchaseBit":0,"licenseKey":""},{"campaignID":"9278","attribution":0,"priority":"5","appToPromote":{"appToPromoteID":"17609","usesDefaultFrameImage":"0","usesDefaultCloseImage":"0","marketURL":"https:\/\/smartbear.com\/learn\/automated-testing\/test-automation-frameworks\/","packageID":"com.buntoo.buntooAd"},"showTemplate":1,"s2s_tracking_url":"https:\/\/smartbear.com\/learn\/automated-testing\/test-automation-frameworks\/","activeCreativeID":"4701","scenes":["1","2","6","4","5","15"],"campaignAdType":"Interstitial","productId":"","purchaseBit":0,"licenseKey":""},{"campaignID":"9279","attribution":0,"priority":"5","appToPromote":{"appToPromoteID":"17609","usesDefaultFrameImage":"0","usesDefaultCloseImage":"0","marketURL":"https:\/\/smartbear.com\/learn\/automated-testing\/test-automation-frameworks\/","packageID":"com.buntoo.buntooAd"},"showTemplate":1,"s2s_tracking_url":"https:\/\/smartbear.com\/learn\/automated-testing\/test-automation-frameworks\/","activeCreativeID":"4701","scenes":["1","2","6","4","5","15"],"campaignAdType":"Interstitial","productId":"","purchaseBit":0,"licenseKey":""},{"campaignID":"9280","attribution":0,"priority":"5","appToPromote":{"appToPromoteID":"17609","usesDefaultFrameImage":"0","usesDefaultCloseImage":"0","marketURL":"https:\/\/smartbear.com\/learn\/automated-testing\/test-automation-frameworks\/","packageID":"com.buntoo.buntooAd"},"showTemplate":1,"s2s_tracking_url":"https:\/\/smartbear.com\/learn\/automated-testing\/test-automation-frameworks\/","activeCreativeID":"4701","scenes":["1","2","6","4","5","15"],"campaignAdType":"Interstitial","productId":"","purchaseBit":0,"licenseKey":""},{"campaignID":"9281","attribution":0,"priority":"5","appToPromote":{"appToPromoteID":"17609","usesDefaultFrameImage":"0","usesDefaultCloseImage":"0","marketURL":"https:\/\/smartbear.com\/learn\/automated-testing\/test-automation-frameworks\/","packageID":"com.buntoo.buntooAd"},"showTemplate":1,"s2s_tracking_url":"https:\/\/smartbear.com\/learn\/automated-testing\/test-automation-frameworks\/","activeCreativeID":"4701","scenes":["1","2","6","4","5","15"],"campaignAdType":"Interstitial","productId":"","purchaseBit":0,"licenseKey":""},{"campaignID":"9282","attribution":0,"priority":"5","appToPromote":{"appToPromoteID":"17609","usesDefaultFrameImage":"0","usesDefaultCloseImage":"0","marketURL":"https:\/\/smartbear.com\/learn\/automated-testing\/test-automation-frameworks\/","packageID":"com.buntoo.buntooAd"},"showTemplate":1,"s2s_tracking_url":"https:\/\/smartbear.com\/learn\/automated-testing\/test-automation-frameworks\/","activeCreativeID":"4701","scenes":["1","2","6","4","5","15"],"campaignAdType":"Interstitial","productId":"","purchaseBit":0,"licenseKey":""},{"campaignID":"9283","attribution":0,"priority":"5","appToPromote":{"appToPromoteID":"17609","usesDefaultFrameImage":"0","usesDefaultCloseImage":"0","marketURL":"https:\/\/smartbear.com\/learn\/automated-testing\/test-automation-frameworks\/","packageID":"com.buntoo.buntooAd"},"showTemplate":1,"s2s_tracking_url":"https:\/\/smartbear.com\/learn\/automated-testing\/test-automation-frameworks\/","activeCreativeID":"4701","scenes":["1","2","6","4","5","15"],"campaignAdType":"Interstitial","productId":"","purchaseBit":0,"licenseKey":""},{"campaignID":"9285","attribution":0,"priority":"5","appToPromote":{"appToPromoteID":"14746","usesDefaultFrameImage":"0","usesDefaultCloseImage":"0","marketURL":"https:\/\/play.google.com\/store\/apps\/details?id=com.buntoo.army.bus.parking","packageID":"com.buntoo.army.bus.parking"},"showTemplate":1,"s2s_tracking_url":"https:\/\/play.google.com\/store\/apps\/details?id=com.buntoo.army.bus.parking","activeCreativeID":"4710","scenes":["1","2","6","4","5","15"],"campaignAdType":"Interstitial","productId":"","purchaseBit":0,"licenseKey":""},{"campaignID":"9287","attribution":0,"priority":"5","appToPromote":{"appToPromoteID":"14746","usesDefaultFrameImage":"0","usesDefaultCloseImage":"0","marketURL":"https:\/\/play.google.com\/store\/apps\/details?id=com.buntoo.army.bus.parking","packageID":"com.buntoo.army.bus.parking"},"showTemplate":1,"s2s_tracking_url":"https:\/\/play.google.com\/store\/apps\/details?id=com.buntoo.army.bus.parking","activeCreativeID":"4710","scenes":["1","2","6","4","5","15"],"campaignAdType":"Interstitial","productId":"","purchaseBit":0,"licenseKey":""},{"campaignID":"9289","attribution":0,"priority":"5","appToPromote":{"appToPromoteID":"17609","usesDefaultFrameImage":"0","usesDefaultCloseImage":"0","marketURL":"https:\/\/smartbear.com\/learn\/automated-testing\/test-automation-frameworks\/","packageID":"com.buntoo.buntooAd"},"showTemplate":1,"s2s_tracking_url":"https:\/\/smartbear.com\/learn\/automated-testing\/test-automation-frameworks\/","activeCreativeID":"4701","scenes":["1","2","6","4","5","15"],"campaignAdType":"Interstitial","productId":"","purchaseBit":0,"licenseKey":""},{"campaignID":"9290","attribution":0,"priority":"5","appToPromote":{"appToPromoteID":"17609","usesDefaultFrameImage":"0","usesDefaultCloseImage":"0","marketURL":"https:\/\/smartbear.com\/learn\/automated-testing\/test-automation-frameworks\/","packageID":"com.buntoo.buntooAd"},"showTemplate":1,"s2s_tracking_url":"https:\/\/smartbear.com\/learn\/automated-testing\/test-automation-frameworks\/","activeCreativeID":"4701","scenes":["1","2","6","4","5","15"],"campaignAdType":"Interstitial","productId":"","purchaseBit":0,"licenseKey":""},{"campaignID":"9293","attribution":0,"priority":"5","appToPromote":{"appToPromoteID":"17609","usesDefaultFrameImage":"0","usesDefaultCloseImage":"0","marketURL":"https:\/\/smartbear.com\/learn\/automated-testing\/test-automation-frameworks\/","packageID":"com.buntoo.buntooAd"},"showTemplate":1,"s2s_tracking_url":"https:\/\/smartbear.com\/learn\/automated-testing\/test-automation-frameworks\/","activeCreativeID":"4701","scenes":["1","2","6","4","5","15"],"campaignAdType":"Interstitial","productId":"","purchaseBit":0,"licenseKey":""},{"campaignID":"9296","attribution":0,"priority":"5","appToPromote":{"appToPromoteID":"17609","usesDefaultFrameImage":"0","usesDefaultCloseImage":"0","marketURL":"https:\/\/smartbear.com\/learn\/automated-testing\/test-automation-frameworks\/","packageID":"com.buntoo.buntooAd"},"showTemplate":1,"s2s_tracking_url":"https:\/\/smartbear.com\/learn\/automated-testing\/test-automation-frameworks\/","activeCreativeID":"4701","scenes":["1","2","6","4","5","15"],"campaignAdType":"Interstitial","productId":"","purchaseBit":0,"licenseKey":""},{"campaignID":"9297","attribution":0,"priority":"5","appToPromote":{"appToPromoteID":"17609","usesDefaultFrameImage":"0","usesDefaultCloseImage":"0","marketURL":"https:\/\/smartbear.com\/learn\/automated-testing\/test-automation-frameworks\/","packageID":"com.buntoo.buntooAd"},"showTemplate":1,"s2s_tracking_url":"https:\/\/smartbear.com\/learn\/automated-testing\/test-automation-frameworks\/","activeCreativeID":"4701","scenes":["1","2","6","4","5","15"],"campaignAdType":"Interstitial","productId":"","purchaseBit":0,"licenseKey":""},{"campaignID":"9299","attribution":0,"priority":"5","appToPromote":{"appToPromoteID":"17609","usesDefaultFrameImage":"0","usesDefaultCloseImage":"0","marketURL":"https:\/\/smartbear.com\/learn\/automated-testing\/test-automation-frameworks\/","packageID":"com.buntoo.buntooAd"},"showTemplate":1,"s2s_tracking_url":"https:\/\/smartbear.com\/learn\/automated-testing\/test-automation-frameworks\/","activeCreativeID":"4701","scenes":["1","2","6","4","5","15"],"campaignAdType":"Interstitial","productId":"","purchaseBit":0,"licenseKey":""},{"campaignID":"9301","attribution":0,"priority":"5","appToPromote":{"appToPromoteID":"17609","usesDefaultFrameImage":"0","usesDefaultCloseImage":"0","marketURL":"https:\/\/smartbear.com\/learn\/automated-testing\/test-automation-frameworks\/","packageID":"com.buntoo.buntooAd"},"showTemplate":1,"s2s_tracking_url":"https:\/\/smartbear.com\/learn\/automated-testing\/test-automation-frameworks\/","activeCreativeID":"4701","scenes":["1","2","6","4","5","15"],"campaignAdType":"Interstitial","productId":"","purchaseBit":0,"licenseKey":""},{"campaignID":"9305","attribution":0,"priority":"5","appToPromote":{"appToPromoteID":"14746","usesDefaultFrameImage":"0","usesDefaultCloseImage":"0","marketURL":"https:\/\/play.google.com\/store\/apps\/details?id=com.buntoo.army.bus.parking","packageID":"com.buntoo.army.bus.parking"},"showTemplate":1,"s2s_tracking_url":"https:\/\/play.google.com\/store\/apps\/details?id=com.buntoo.army.bus.parking","activeCreativeID":"4710","scenes":["1","2","6","4","5","15"],"campaignAdType":"Interstitial","productId":"","purchaseBit":0,"licenseKey":""},{"campaignID":"48","attribution":0,"priority":"5","appToPromote":{"appToPromoteID":"1074","usesDefaultFrameImage":"1","usesDefaultCloseImage":"1","marketURL":"https:\/\/play.google.com\/store\/apps\/details?id=com.mizo.construction.crane.hill.climb","packageID":"com.mizo.construction.crane.hill.climb"},"showTemplate":1,"s2s_tracking_url":"https:\/\/play.google.com\/store\/apps\/details?id=com.mizo.construction.crane.hill.climb","activeCreativeID":"65","scenes":["1","2","6","4","5","15"],"campaignAdType":"Interstitial","productId":"","purchaseBit":0,"licenseKey":""},{"campaignID":"50","attribution":0,"priority":"5","appToPromote":{"appToPromoteID":"1221","usesDefaultFrameImage":"1","usesDefaultCloseImage":"1","marketURL":"https:\/\/play.google.com\/store\/apps\/details?id=com.mizo.offroad.hill.climb","packageID":"com.mizo.offroad.hill.climb"},"showTemplate":1,"s2s_tracking_url":"https:\/\/play.google.com\/store\/apps\/details?id=com.mizo.offroad.hill.climb","activeCreativeID":"67","scenes":["1","2","6","4","5","15"],"campaignAdType":"Interstitial","productId":"","purchaseBit":0,"licenseKey":""},{"campaignID":"67","attribution":0,"priority":"5","appToPromote":{"appToPromoteID":"1306","usesDefaultFrameImage":"1","usesDefaultCloseImage":"1","marketURL":"https:\/\/play.google.com\/store\/apps\/details?id=com.mizo.extreme.heavy.truck","packageID":"com.mizo.extreme.heavy.truck"},"showTemplate":1,"s2s_tracking_url":"https:\/\/play.google.com\/store\/apps\/details?id=com.mizo.extreme.heavy.truck","activeCreativeID":"85","scenes":["1","2","6","4","5","15"],"campaignAdType":"Interstitial","productId":"","purchaseBit":0,"licenseKey":""},{"campaignID":"73","attribution":0,"priority":"5","appToPromote":{"appToPromoteID":"1458","usesDefaultFrameImage":"1","usesDefaultCloseImage":"1","marketURL":"https:\/\/play.google.com\/store\/apps\/details?id=com.mizo.army.prisoner.transport.simulator","packageID":"com.mizo.army.prisoner.transport.simulator"},"showTemplate":1,"s2s_tracking_url":"https:\/\/play.google.com\/store\/apps\/details?id=com.mizo.army.prisoner.transport.simulator","activeCreativeID":"93","scenes":["1","2","6","4","5","15"],"campaignAdType":"Interstitial","productId":"","purchaseBit":0,"licenseKey":""},{"campaignID":"74","attribution":0,"priority":"5","appToPromote":{"appToPromoteID":"1449","usesDefaultFrameImage":"1","usesDefaultCloseImage":"1","marketURL":"https:\/\/play.google.com\/store\/apps\/details?id=com.brilliantgamez.army.prisoners.transport.plane","packageID":"com.brilliantgamez.army.prisoners.transport.plane"},"showTemplate":1,"s2s_tracking_url":"https:\/\/play.google.com\/store\/apps\/details?id=com.brilliantgamez.army.prisoners.transport.plane","activeCreativeID":"94","scenes":["1","2","6","4","5","15"],"campaignAdType":"Interstitial","productId":"","purchaseBit":0,"licenseKey":""},{"campaignID":"78","attribution":0,"priority":"5","appToPromote":{"appToPromoteID":"1632","usesDefaultFrameImage":"1","usesDefaultCloseImage":"1","marketURL":"https:\/\/play.google.com\/store\/apps\/details?id=com.mizo.road.builder.city.construction","packageID":"com.mizo.road.builder.city.construction"},"showTemplate":1,"s2s_tracking_url":"https:\/\/play.google.com\/store\/apps\/details?id=com.mizo.road.builder.city.construction","activeCreativeID":"97","scenes":["1","2","6","4","5","15"],"campaignAdType":"Interstitial","productId":"","purchaseBit":0,"licenseKey":""},{"campaignID":"80","attribution":0,"priority":"5","appToPromote":{"appToPromoteID":"1675","usesDefaultFrameImage":"1","usesDefaultCloseImage":"1","marketURL":"https:\/\/play.google.com\/store\/apps\/details?id=com.mizo.flip.bottle.shooting.expert","packageID":"com.mizo.flip.bottle.shooting.expert"},"showTemplate":1,"s2s_tracking_url":"https:\/\/play.google.com\/store\/apps\/details?id=com.mizo.flip.bottle.shooting.expert","activeCreativeID":"100","scenes":["1","2","6","4","5","15"],"campaignAdType":"Interstitial","productId":"","purchaseBit":0,"licenseKey":""},{"campaignID":"110","attribution":0,"priority":"5","appToPromote":{"appToPromoteID":"1853","usesDefaultFrameImage":"1","usesDefaultCloseImage":"1","marketURL":"https:\/\/play.google.com\/store\/apps\/details?id=com.mizo.police.airplane.transporter","packageID":"com.mizo.police.airplane.transporter"},"showTemplate":1,"s2s_tracking_url":"https:\/\/play.google.com\/store\/apps\/details?id=com.mizo.police.airplane.transporter","activeCreativeID":"137","scenes":["1","2","6","4","5","15"],"campaignAdType":"Interstitial","productId":"","purchaseBit":0,"licenseKey":""},{"campaignID":"143","attribution":0,"priority":"5","appToPromote":{"appToPromoteID":"2089","usesDefaultFrameImage":"0","usesDefaultCloseImage":"0","marketURL":"https:\/\/play.google.com\/store\/apps\/details?id=com.mizo.sports.car.mechanic","packageID":"com.mizo.sports.car.mechanic"},"showTemplate":1,"s2s_tracking_url":"https:\/\/play.google.com\/store\/apps\/details?id=com.mizo.sports.car.mechanic","activeCreativeID":"184","scenes":["1","2","6","4","5","15"],"campaignAdType":"Interstitial","productId":"","purchaseBit":0,"licenseKey":""},{"campaignID":"147","attribution":0,"priority":"5","appToPromote":{"appToPromoteID":"2085","usesDefaultFrameImage":"0","usesDefaultCloseImage":"0","marketURL":"https:\/\/play.google.com\/store\/apps\/details?id=com.mizo.robot.gang.mafia","packageID":"com.mizo.robot.gang.mafia"},"showTemplate":1,"s2s_tracking_url":"https:\/\/play.google.com\/store\/apps\/details?id=com.mizo.robot.gang.mafia","activeCreativeID":"188","scenes":["1","2","6","4","5","15"],"campaignAdType":"Interstitial","productId":"","purchaseBit":0,"licenseKey":""},{"campaignID":"227","attribution":0,"priority":"5","appToPromote":{"appToPromoteID":"2571","usesDefaultFrameImage":"0","usesDefaultCloseImage":"0","marketURL":"https:\/\/play.google.com\/store\/apps\/details?id=com.mizo.raft.suvival","packageID":"com.mizo.raft.suvival"},"showTemplate":1,"s2s_tracking_url":"https:\/\/play.google.com\/store\/apps\/details?id=com.mizo.raft.suvival","activeCreativeID":"302","scenes":["1","2","6","4","5","15"],"campaignAdType":"Interstitial","productId":"","purchaseBit":0,"licenseKey":""},{"campaignID":"317","attribution":0,"priority":"5","appToPromote":{"appToPromoteID":"2723","usesDefaultFrameImage":"0","usesDefaultCloseImage":"0","marketURL":"https:\/\/play.google.com\/store\/apps\/details?id=com.mizo.helicopter.rescue","packageID":"com.mizo.helicopter.rescue"},"showTemplate":1,"s2s_tracking_url":"https:\/\/play.google.com\/store\/apps\/details?id=com.mizo.helicopter.rescue","activeCreativeID":"324","scenes":["1","2","6","4","5","15"],"campaignAdType":"Interstitial","productId":"","purchaseBit":0,"licenseKey":""},{"campaignID":"367","attribution":0,"priority":"5","appToPromote":{"appToPromoteID":"2911","usesDefaultFrameImage":"0","usesDefaultCloseImage":"0","marketURL":"https:\/\/play.google.com\/store\/apps\/details?id=com.mizo.police.ship.transporter","packageID":"com.mizo.police.ship.transporter"},"showTemplate":1,"s2s_tracking_url":"https:\/\/play.google.com\/store\/apps\/details?id=com.mizo.police.ship.transporter","activeCreativeID":"383","scenes":["1","2","6","4","5","15"],"campaignAdType":"Interstitial","productId":"","purchaseBit":0,"licenseKey":""},{"campaignID":"390","attribution":0,"priority":"5","appToPromote":{"appToPromoteID":"3077","usesDefaultFrameImage":"0","usesDefaultCloseImage":"0","marketURL":"https:\/\/play.google.com\/store\/apps\/details?id=com.mizo.transformer.shooting","packageID":"com.mizo.transformer.shooting"},"showTemplate":1,"s2s_tracking_url":"https:\/\/play.google.com\/store\/apps\/details?id=com.mizo.transformer.shooting","activeCreativeID":"441","scenes":["1","2","6","4","5","15"],"campaignAdType":"Interstitial","productId":"","purchaseBit":0,"licenseKey":""},{"campaignID":"408","attribution":0,"priority":"5","appToPromote":{"appToPromoteID":"3095","usesDefaultFrameImage":"0","usesDefaultCloseImage":"0","marketURL":"https:\/\/play.google.com\/store\/apps\/details?id=com.mizo.superhero.robot","packageID":"com.mizo.superhero.robot"},"showTemplate":1,"s2s_tracking_url":"https:\/\/play.google.com\/store\/apps\/details?id=com.mizo.superhero.robot","activeCreativeID":"443","scenes":["1","2","6","4","5","15"],"campaignAdType":"Interstitial","productId":"","purchaseBit":0,"licenseKey":""},{"campaignID":"410","attribution":0,"priority":"5","appToPromote":{"appToPromoteID":"3145","usesDefaultFrameImage":"0","usesDefaultCloseImage":"0","marketURL":"https:\/\/play.google.com\/store\/apps\/details?id=com.mizo.extreme.bikerider","packageID":"com.mizo.extreme.bikerider"},"showTemplate":1,"s2s_tracking_url":"https:\/\/play.google.com\/store\/apps\/details?id=com.mizo.extreme.bikerider","activeCreativeID":"448","scenes":["1","2","6","4","5","15"],"campaignAdType":"Interstitial","productId":"","purchaseBit":0,"licenseKey":""},{"campaignID":"428","attribution":0,"priority":"5","appToPromote":{"appToPromoteID":"3250","usesDefaultFrameImage":"0","usesDefaultCloseImage":"0","marketURL":"https:\/\/play.google.com\/store\/apps\/details?id=com.mizo.bicycle.stunt.racer","packageID":"com.mizo.bicycle.stunt.racer"},"showTemplate":1,"s2s_tracking_url":"https:\/\/play.google.com\/store\/apps\/details?id=com.mizo.bicycle.stunt.racer","activeCreativeID":"472","scenes":["1","2","6","4","5","15"],"campaignAdType":"Interstitial","productId":"","purchaseBit":0,"licenseKey":""},{"campaignID":"429","attribution":0,"priority":"5","appToPromote":{"appToPromoteID":"3253","usesDefaultFrameImage":"0","usesDefaultCloseImage":"0","marketURL":"https:\/\/play.google.com\/store\/apps\/details?id=com.mizo.rooftop.stunts","packageID":"com.mizo.rooftop.stunts"},"showTemplate":1,"s2s_tracking_url":"https:\/\/play.google.com\/store\/apps\/details?id=com.mizo.rooftop.stunts","activeCreativeID":"474","scenes":["1","2","6","4","5","15"],"campaignAdType":"Interstitial","productId":"","purchaseBit":0,"licenseKey":""},{"campaignID":"456","attribution":0,"priority":"5","appToPromote":{"appToPromoteID":"2448","usesDefaultFrameImage":"0","usesDefaultCloseImage":"0","marketURL":"https:\/\/play.google.com\/store\/apps\/details?id=com.mizo.battle.simulator","packageID":"com.mizo.battle.simulator"},"showTemplate":1,"s2s_tracking_url":"https:\/\/play.google.com\/store\/apps\/details?id=com.mizo.battle.simulator","activeCreativeID":"503","scenes":["1","2","6","4","5","15"],"campaignAdType":"Interstitial","productId":"","purchaseBit":0,"licenseKey":""},{"campaignID":"482","attribution":0,"priority":"5","appToPromote":{"appToPromoteID":"2877","usesDefaultFrameImage":"0","usesDefaultCloseImage":"0","marketURL":"https:\/\/play.google.com\/store\/apps\/details?id=com.mizo.underwater.tourist.bus","packageID":"com.mizo.underwater.tourist.bus"},"showTemplate":1,"s2s_tracking_url":"https:\/\/play.google.com\/store\/apps\/details?id=com.mizo.underwater.tourist.bus","activeCreativeID":"540","scenes":["1","2","6","4","5","15"],"campaignAdType":"Interstitial","productId":"","purchaseBit":0,"licenseKey":""},{"campaignID":"483","attribution":0,"priority":"5","appToPromote":{"appToPromoteID":"3440","usesDefaultFrameImage":"0","usesDefaultCloseImage":"0","marketURL":"https:\/\/play.google.com\/store\/apps\/details?id=com.mizo.police.cruiser.transport","packageID":"com.mizo.police.cruiser.transport"},"showTemplate":1,"s2s_tracking_url":"https:\/\/play.google.com\/store\/apps\/details?id=com.mizo.police.cruiser.transport","activeCreativeID":"541","scenes":["1","2","6","4","5","15"],"campaignAdType":"Interstitial","productId":"","purchaseBit":0,"licenseKey":""},{"campaignID":"490","attribution":0,"priority":"5","appToPromote":{"appToPromoteID":"3518","usesDefaultFrameImage":"0","usesDefaultCloseImage":"0","marketURL":"https:\/\/play.google.com\/store\/apps\/details?id=com.crazyneuron.superhero.robot.world","packageID":"com.crazyneuron.superhero.robot.world"},"showTemplate":1,"s2s_tracking_url":"https:\/\/play.google.com\/store\/apps\/details?id=com.crazyneuron.superhero.robot.world","activeCreativeID":"550","scenes":["1","2","6","4","5","15"],"campaignAdType":"Interstitial","productId":"","purchaseBit":0,"licenseKey":""},{"campaignID":"501","attribution":0,"priority":"5","appToPromote":{"appToPromoteID":"3579","usesDefaultFrameImage":"0","usesDefaultCloseImage":"0","marketURL":"https:\/\/play.google.com\/store\/apps\/details?id=com.crazyneuron.us.army.transport","packageID":"com.crazyneuron.us.army.transport"},"showTemplate":1,"s2s_tracking_url":"https:\/\/play.google.com\/store\/apps\/details?id=com.crazyneuron.us.army.transport","activeCreativeID":"577","scenes":["1","2","6","4","5","15"],"campaignAdType":"Interstitial","productId":"","purchaseBit":0,"licenseKey":""},{"campaignID":"512","attribution":0,"priority":"5","appToPromote":{"appToPromoteID":"3683","usesDefaultFrameImage":"0","usesDefaultCloseImage":"0","marketURL":"https:\/\/play.google.com\/store\/apps\/details?id=com.mizo.plane.landing","packageID":"com.mizo.plane.landing"},"showTemplate":1,"s2s_tracking_url":"https:\/\/play.google.com\/store\/apps\/details?id=com.mizo.plane.landing","activeCreativeID":"594","scenes":["1","2","6","4","5","15"],"campaignAdType":"Interstitial","productId":"","purchaseBit":0,"licenseKey":""},{"campaignID":"6210","attribution":0,"priority":"5","appToPromote":{"appToPromoteID":"11566","usesDefaultFrameImage":"0","usesDefaultCloseImage":"0","marketURL":"https:\/\/play.google.com\/store\/apps\/details?id=com.mizo.line.drawing.puzzle.game","packageID":"com.mizo.line.drawing.puzzle.game"},"showTemplate":1,"s2s_tracking_url":"https:\/\/play.google.com\/store\/apps\/details?id=com.mizo.line.drawing.puzzle.game","activeCreativeID":"1322","scenes":["1","2","6","4","5","15"],"campaignAdType":"Video","productId":"","purchaseBit":0,"licenseKey":""},{"campaignID":"6213","attribution":0,"priority":"5","appToPromote":{"appToPromoteID":"11633","usesDefaultFrameImage":"0","usesDefaultCloseImage":"0","marketURL":"https:\/\/play.google.com\/store\/apps\/details?id=com.mizo.car.driving.simulator","packageID":"com.mizo.car.driving.simulator"},"showTemplate":1,"s2s_tracking_url":"https:\/\/play.google.com\/store\/apps\/details?id=com.mizo.car.driving.simulator","activeCreativeID":"1325","scenes":["1","2","6","4","5","15"],"campaignAdType":"Video","productId":"","purchaseBit":0,"licenseKey":""},{"campaignID":"6214","attribution":0,"priority":"5","appToPromote":{"appToPromoteID":"11661","usesDefaultFrameImage":"0","usesDefaultCloseImage":"0","marketURL":"https:\/\/play.google.com\/store\/apps\/details?id=com.mizo.car.tycoon.game","packageID":"com.mizo.car.tycoon.game"},"showTemplate":1,"s2s_tracking_url":"https:\/\/play.google.com\/store\/apps\/details?id=com.mizo.car.tycoon.game","activeCreativeID":"1326","scenes":["1","2","6","4","5","15"],"campaignAdType":"Video","productId":"","purchaseBit":0,"licenseKey":""},{"campaignID":"6254","attribution":0,"priority":"5","appToPromote":{"appToPromoteID":"11810","usesDefaultFrameImage":"0","usesDefaultCloseImage":"0","marketURL":"https:\/\/play.google.com\/store\/apps\/details?id=com.mizo.car.transporter.games","packageID":"com.mizo.car.transporter.games"},"showTemplate":1,"s2s_tracking_url":"https:\/\/play.google.com\/store\/apps\/details?id=com.mizo.car.transporter.games","activeCreativeID":"1370","scenes":["1","2","6","4","5","15"],"campaignAdType":"Video","productId":"","purchaseBit":0,"licenseKey":""},{"campaignID":"6256","attribution":0,"priority":"5","appToPromote":{"appToPromoteID":"11880","usesDefaultFrameImage":"0","usesDefaultCloseImage":"0","marketURL":"https:\/\/play.google.com\/store\/apps\/details?id=com.mizo.us.army.transporter","packageID":"com.mizo.us.army.transporter"},"showTemplate":1,"s2s_tracking_url":"https:\/\/play.google.com\/store\/apps\/details?id=com.mizo.us.army.transporter","activeCreativeID":"1372","scenes":["1","2","6","4","5","15"],"campaignAdType":"Video","productId":"","purchaseBit":0,"licenseKey":""},{"campaignID":"6264","attribution":0,"priority":"5","appToPromote":{"appToPromoteID":"11879","usesDefaultFrameImage":"0","usesDefaultCloseImage":"0","marketURL":"https:\/\/play.google.com\/store\/apps\/details?id=com.buntoo.car.racing.games","packageID":"com.buntoo.car.racing.games"},"showTemplate":1,"s2s_tracking_url":"https:\/\/play.google.com\/store\/apps\/details?id=com.buntoo.car.racing.games","activeCreativeID":"1380","scenes":["1","2","6","4","5","15"],"campaignAdType":"Video","productId":"","purchaseBit":0,"licenseKey":""},{"campaignID":"6363","attribution":0,"priority":"5","appToPromote":{"appToPromoteID":"12100","usesDefaultFrameImage":"0","usesDefaultCloseImage":"0","marketURL":"https:\/\/play.google.com\/store\/apps\/details?id=com.mizo.police.transport.shooting","packageID":"com.mizo.police.transport.shooting"},"showTemplate":1,"s2s_tracking_url":"https:\/\/play.google.com\/store\/apps\/details?id=com.mizo.police.transport.shooting","activeCreativeID":"1519","scenes":["1","2","6","4","5","15"],"campaignAdType":"Video","productId":"","purchaseBit":0,"licenseKey":""},{"campaignID":"6430","attribution":0,"priority":"5","appToPromote":{"appToPromoteID":"12340","usesDefaultFrameImage":"0","usesDefaultCloseImage":"0","marketURL":"https:\/\/play.google.com\/store\/apps\/details?id=com.buntoo.robot.car.transporter.games","packageID":"com.buntoo.robot.car.transporter.games"},"showTemplate":1,"s2s_tracking_url":"https:\/\/play.google.com\/store\/apps\/details?id=com.buntoo.robot.car.transporter.games","activeCreativeID":"1563","scenes":["1","2","6","4","5","15"],"campaignAdType":"Video","productId":"","purchaseBit":0,"licenseKey":""},{"campaignID":"6432","attribution":0,"priority":"5","appToPromote":{"appToPromoteID":"12565","usesDefaultFrameImage":"0","usesDefaultCloseImage":"0","marketURL":"https:\/\/play.google.com\/store\/apps\/details?id=com.mizo.train.gold.robbery.games","packageID":"com.mizo.train.gold.robbery.games"},"showTemplate":1,"s2s_tracking_url":"https:\/\/play.google.com\/store\/apps\/details?id=com.mizo.train.gold.robbery.games","activeCreativeID":"1565","scenes":["1","2","6","4","5","15"],"campaignAdType":"Video","productId":"","purchaseBit":0,"licenseKey":""}],"refreshAdRate":30,"mode":"Production","aspectRatio":"4_3","cdnPath":"https:\/\/df8ymybeo92md.cloudfront.net\/images\/","sentry_log":0,"local_logging":0,"sentry_dsn":"https:\/\/93ffa1c9a4124f67b8888a53265f751a:bbf998e04584477fa9a145838e9d3b26@sentry.io\/168994","sentry_initialization":1,"sentry_debugging":0,"bannerSizes":["1"],"aspectRatioVideo":"16_9","app_id":"1853","showPreRewardedDialogue":0,"showPostRewardedDialogue":0,"rewardCurrency":"coins","rewardValue":0,"isSkipable":1,"privacyPolicyURL":"https:\/\/www.consoliads.com\/privacy-policy\/","sessionToken":"EV8SnQmyNi31c0dM0hZw+Tda+zV1VDTzdZbniQNj4wFJdUkDQkCaFOiOS9adMYtdI0XyZh7Y5dOWmbWNkPOIue8pcfG9Z88USKeO\/33RNZspDKSliyOnHOOuau6duO3A0PymWswNzumJw7yKcysdGww+ypCR1PODYqpNxSwhwuE="}
Session token value is set


{"appKey":"2f239cc63433a12656a3d1e2832fa017","deviceID":"6164","stats":[{"campaignID":114,"packageID":"com.vg.police.secret.agent.crime.gang","sceneStats":[{"sceneID":"16","eventStats":"362,262,162,62,62,0,0"}]}],"sdkVersion":"2163","sessionToken":"EV8SnQmyNi31c0dM0hZw+Tda+zV1VDTzdZbniQNj4wFJdUkDQkCaFOiOS9adMYtdI0XyZh7Y5dOWmbWNkPOIue8pcfG9Z88USKeO\/33RNZspDKSliyOnHOOuau6duO3A0PymWswNzumJw7yKcysdGww+ypCR1PODYqpNxSwhwuE="}
cache_ttl value is correct

Title value is correct

Title value is correct

Title value is correct

Title value is correct

Title value is correct

Title value is correct

Refresh Ad Rate value is correct
mode value is set

 Aspect ratio value is correct
sentry_log value is set
local_logging value is set
sentry_initialization value is set
sentry_debugging value is set
showPreRewardedDialogue value is set
showPostRewardedDialogue value is set
isSkipable value is set
{"cache_ttl":10080,"cache_ttl_rewarded":10080,"cache_ttl_banner":10080,"cache_ttl_native":10080,"cache_ttl_icon":10080,"campaigns":[{"campaignID":"8226","attribution":0,"priority":"8","appToPromote":{"appToPromoteID":"12623","usesDefaultFrameImage":"0","usesDefaultCloseImage":"0","marketURL":"https:\/\/play.google.com\/store\/apps\/details?id=com.igg.android.lordsmobile&amp;referrer=utm_source=42matters.com&amp;utm_medium=api","packageID":"com.nooribrand.android.lordsmobile"},"showTemplate":1,"s2s_tracking_url":"https:\/\/play.google.com\/store\/apps\/details?id=com.igg.android.lordsmobile&amp;referrer=utm_source=42matters.com&amp;utm_medium=api","activeCreativeID":"3557","scenes":["12","1","8","6","15","2","9"],"campaignAdType":"Icon","productId":"","purchaseBit":0,"licenseKey":""},{"campaignID":"8378","attribution":0,"priority":"8","appToPromote":{"appToPromoteID":"16480","usesDefaultFrameImage":"0","usesDefaultCloseImage":"0","marketURL":"https:\/\/play.google.com\/store\/apps\/details?id=com.nag.home.manager.working.virtual.mom","packageID":"com.GSS317.AmazingFamily"},"showTemplate":1,"s2s_tracking_url":"https:\/\/play.google.com\/store\/apps\/details?id=com.nag.home.manager.working.virtual.mom","activeCreativeID":"3720","scenes":["12","1","8","6","15","2","9"],"campaignAdType":"Interstitial","productId":"","purchaseBit":0,"licenseKey":""},{"campaignID":"8613","attribution":0,"priority":"8","appToPromote":{"appToPromoteID":"12623","usesDefaultFrameImage":"0","usesDefaultCloseImage":"0","marketURL":"https:\/\/play.google.com\/store\/apps\/details?id=com.igg.android.lordsmobile&amp;referrer=utm_source=42matters.com&amp;utm_medium=api","packageID":"com.nooribrand.android.lordsmobile"},"showTemplate":1,"s2s_tracking_url":"https:\/\/play.google.com\/store\/apps\/details?id=com.igg.android.lordsmobile&amp;referrer=utm_source=42matters.com&amp;utm_medium=api","activeCreativeID":"3557","scenes":["12","1","8","6","15","2","9"],"campaignAdType":"Icon","productId":"","purchaseBit":0,"licenseKey":""},{"campaignID":"9252","attribution":0,"priority":"8","appToPromote":{"appToPromoteID":"12315","usesDefaultFrameImage":"0","usesDefaultCloseImage":"0","marketURL":"google.com","packageID":"com.qabrand.plnative"},"showTemplate":1,"s2s_tracking_url":"google.com","activeCreativeID":"4683","scenes":["12","1","8","6","15","2","9"],"campaignAdType":"Native","title":"Native first","subTitle":"First ","description":"New description","adClickThroughText":"FIRST Button","productId":"","purchaseBit":0,"licenseKey":""},{"campaignID":"9253","attribution":0,"priority":"8","appToPromote":{"appToPromoteID":"12315","usesDefaultFrameImage":"0","usesDefaultCloseImage":"0","marketURL":"google.com","packageID":"com.qabrand.plnative"},"showTemplate":1,"s2s_tracking_url":"google.com","activeCreativeID":"4683","scenes":["12","1","8","6","15","2","9"],"campaignAdType":"Native","title":"Native first","subTitle":"First ","description":"New description","adClickThroughText":"FIRST Button","productId":"","purchaseBit":0,"licenseKey":""},{"campaignID":"9255","attribution":0,"priority":"8","appToPromote":{"appToPromoteID":"13274","usesDefaultFrameImage":"0","usesDefaultCloseImage":"0","marketURL":"https:\/\/play.google.com\/store\/apps\/details?id=com.facebook.katana","packageID":"com.salon.adsalon"},"showTemplate":1,"s2s_tracking_url":"https:\/\/play.google.com\/store\/apps\/details?id=com.facebook.katana","activeCreativeID":"4685","scenes":["12","1","8","6","15","2","9"],"campaignAdType":"Native","title":"native NA ","subTitle":"native NA ","description":"native NA added","adClickThroughText":"native NA ","productId":"","purchaseBit":0,"licenseKey":""},{"campaignID":"9257","attribution":0,"priority":"8","appToPromote":{"appToPromoteID":"12286","usesDefaultFrameImage":"0","usesDefaultCloseImage":"0","marketURL":"google.com","packageID":"com.qabrand.Chartboost_Native"},"showTemplate":1,"s2s_tracking_url":"google.com","activeCreativeID":"4688","scenes":["12","1","8","6","15","2","9"],"campaignAdType":"Native","title":"Native second updated","subTitle":"Native second ","description":"Native second details","adClickThroughText":"Native second ","productId":"","purchaseBit":0,"licenseKey":""},{"campaignID":"9263","attribution":0,"priority":"8","appToPromote":{"appToPromoteID":"12315","usesDefaultFrameImage":"0","usesDefaultCloseImage":"0","marketURL":"google.com","packageID":"com.qabrand.plnative"},"showTemplate":1,"s2s_tracking_url":"google.com","activeCreativeID":"4694","scenes":["12","1","8","6","15","2","9"],"campaignAdType":"Native","title":"test","subTitle":"test","description":" test details update","adClickThroughText":"test","productId":"","purchaseBit":0,"licenseKey":""},{"campaignID":"9547","attribution":0,"priority":"8","appToPromote":{"appToPromoteID":"11879","usesDefaultFrameImage":"0","usesDefaultCloseImage":"0","marketURL":"https:\/\/play.google.com\/store\/apps\/details?id=com.buntoo.car.racing.games","packageID":"com.buntoo.car.racing.games"},"showTemplate":1,"s2s_tracking_url":"https:\/\/play.google.com\/store\/apps\/details?id=com.buntoo.car.racing.games","activeCreativeID":"4964","scenes":["12","1","8","6","15","2","9"],"campaignAdType":"Interstitial","productId":"","purchaseBit":0,"licenseKey":""},{"campaignID":"9586","attribution":0,"priority":"8","appToPromote":{"appToPromoteID":"515","usesDefaultFrameImage":"1","usesDefaultCloseImage":"1","marketURL":"https:\/\/play.google.com\/store\/apps\/details?id=com.plum.cash.counter.simualtor","packageID":"com.plum.cash.counter.simualtor"},"showTemplate":1,"s2s_tracking_url":"https:\/\/play.google.com\/store\/apps\/details?id=com.plum.cash.counter.simualtor","activeCreativeID":"50","scenes":["12","1","8","6","15","2","9"],"campaignAdType":"Interstitial","productId":"","purchaseBit":0,"licenseKey":""},{"campaignID":"9587","attribution":0,"priority":"8","appToPromote":{"appToPromoteID":"515","usesDefaultFrameImage":"1","usesDefaultCloseImage":"1","marketURL":"https:\/\/play.google.com\/store\/apps\/details?id=com.plum.cash.counter.simualtor","packageID":"com.plum.cash.counter.simualtor"},"showTemplate":1,"s2s_tracking_url":"https:\/\/play.google.com\/store\/apps\/details?id=com.plum.cash.counter.simualtor","activeCreativeID":"50","scenes":["12","1","8","6","15","2","9"],"campaignAdType":"Interstitial","productId":"","purchaseBit":0,"licenseKey":""},{"campaignID":"9588","attribution":0,"priority":"8","appToPromote":{"appToPromoteID":"515","usesDefaultFrameImage":"1","usesDefaultCloseImage":"1","marketURL":"https:\/\/play.google.com\/store\/apps\/details?id=com.plum.cash.counter.simualtor","packageID":"com.plum.cash.counter.simualtor"},"showTemplate":1,"s2s_tracking_url":"https:\/\/play.google.com\/store\/apps\/details?id=com.plum.cash.counter.simualtor","activeCreativeID":"50","scenes":["12","1","8","6","15","2","9"],"campaignAdType":"Interstitial","productId":"","purchaseBit":0,"licenseKey":""},{"campaignID":"9589","attribution":0,"priority":"8","appToPromote":{"appToPromoteID":"515","usesDefaultFrameImage":"1","usesDefaultCloseImage":"1","marketURL":"https:\/\/play.google.com\/store\/apps\/details?id=com.plum.cash.counter.simualtor","packageID":"com.plum.cash.counter.simualtor"},"showTemplate":1,"s2s_tracking_url":"https:\/\/play.google.com\/store\/apps\/details?id=com.plum.cash.counter.simualtor","activeCreativeID":"50","scenes":["12","1","8","6","15","2","9"],"campaignAdType":"Interstitial","productId":"","purchaseBit":0,"licenseKey":""},{"campaignID":"9599","attribution":0,"priority":"8","appToPromote":{"appToPromoteID":"515","usesDefaultFrameImage":"1","usesDefaultCloseImage":"1","marketURL":"https:\/\/play.google.com\/store\/apps\/details?id=com.plum.cash.counter.simualtor","packageID":"com.plum.cash.counter.simualtor"},"showTemplate":1,"s2s_tracking_url":"https:\/\/play.google.com\/store\/apps\/details?id=com.plum.cash.counter.simualtor","activeCreativeID":"5001","scenes":["12","1","8","6","15","2","9"],"campaignAdType":"Icon","productId":"","purchaseBit":0,"licenseKey":""},{"campaignID":"9127","attribution":0,"priority":"8","appToPromote":{"appToPromoteID":"17528","usesDefaultFrameImage":"0","usesDefaultCloseImage":"0","marketURL":"https:\/\/play.google.com\/store\/apps\/details?id=net.one97.paytm","packageID":"net.one97.paytm"},"showTemplate":1,"s2s_tracking_url":"https:\/\/tha.gotrackier.com\/click?campaign_id=63249\\u0026pub_id=75?p1=2007_9127_6164&amp;source=6841&amp;app_name=PoliceSecretAgentCrimeGang&amp;gaid=6164","activeCreativeID":"4788","scenes":["12","1","8","6","15","2","9"],"campaignAdType":"Native","title":"BCA","subTitle":"FW","description":"nope","adClickThroughText":"Link","productId":"","purchaseBit":0,"licenseKey":""},{"campaignID":"9131","attribution":0,"priority":"8","appToPromote":{"appToPromoteID":"17532","usesDefaultFrameImage":"0","usesDefaultCloseImage":"0","marketURL":"https:\/\/play.google.com\/store\/apps\/details?id=com.dhgate.buyermob","packageID":"com.dhgate.buyermob"},"showTemplate":1,"s2s_tracking_url":"https:\/\/tha.gotrackier.com\/click?campaign_id=63254\\u0026pub_id=75?p1=2007_9131_6164&amp;source=6841&amp;app_name=PoliceSecretAgentCrimeGang&amp;gaid=6164","activeCreativeID":"4483","scenes":["12","1","8","6","15","2","9"],"campaignAdType":"Interstitial","productId":"","purchaseBit":0,"licenseKey":""},{"campaignID":"8380","attribution_link":"","attribution":1,"priority":"7","appToPromote":{"appToPromoteID":"16480","usesDefaultFrameImage":"0","usesDefaultCloseImage":"0","marketURL":"https:\/\/play.google.com\/store\/apps\/details?id=com.nag.home.manager.working.virtual.mom","packageID":"com.GSS317.AmazingFamily"},"showTemplate":1,"s2s_tracking_url":"","activeCreativeID":"3720","scenes":["12","1","8","6","15","2","9"],"campaignAdType":"Interstitial","productId":"","purchaseBit":0,"licenseKey":""},{"campaignID":"444","attribution":0,"priority":"6","appToPromote":{"appToPromoteID":"3355","usesDefaultFrameImage":"0","usesDefaultCloseImage":"0","marketURL":"https:\/\/play.google.com\/store\/apps\/details?id=com.popnsons.parkour.mouse","packageID":"com.popnsons.parkour.mouse"},"showTemplate":1,"s2s_tracking_url":"https:\/\/play.google.com\/store\/apps\/details?id=com.popnsons.parkour.mouse","activeCreativeID":"469","scenes":["12","1","8","6","15","2","9"],"campaignAdType":"Interstitial","productId":"","purchaseBit":0,"licenseKey":""},{"campaignID":"561","attribution":0,"priority":"6","appToPromote":{"appToPromoteID":"5026","usesDefaultFrameImage":"0","usesDefaultCloseImage":"0","marketURL":"https:\/\/play.google.com\/store\/apps\/details?id=com.as.cashupapp","packageID":"com.as.cashupapp"},"showTemplate":1,"s2s_tracking_url":"https:\/\/play.google.com\/store\/apps\/details?id=com.as.cashupapp","activeCreativeID":"652","scenes":["12","1","8","6","15","2","9"],"campaignAdType":"Interstitial","productId":"","purchaseBit":0,"licenseKey":""},{"campaignID":"570","attribution":0,"priority":"6","appToPromote":{"appToPromoteID":"3802","usesDefaultFrameImage":"0","usesDefaultCloseImage":"0","marketURL":"https:\/\/play.google.com\/store\/apps\/details?id=com.Madxstudios.Flickshootsoccer","packageID":"com.Madxstudios.Flickshootsoccer"},"showTemplate":1,"s2s_tracking_url":"https:\/\/play.google.com\/store\/apps\/details?id=com.Madxstudios.Flickshootsoccer","activeCreativeID":"661","scenes":["12","1","8","6","15","2","9"],"campaignAdType":"Interstitial","productId":"","purchaseBit":0,"licenseKey":""},{"campaignID":"588","attribution":0,"priority":"6","appToPromote":{"appToPromoteID":"5026","usesDefaultFrameImage":"0","usesDefaultCloseImage":"0","marketURL":"https:\/\/play.google.com\/store\/apps\/details?id=com.as.cashupapp","packageID":"com.as.cashupapp"},"showTemplate":1,"s2s_tracking_url":"https:\/\/play.google.com\/store\/apps\/details?id=com.as.cashupapp","activeCreativeID":"652","scenes":["12","1","8","6","15","2","9"],"campaignAdType":"Interstitial","productId":"","purchaseBit":0,"licenseKey":""},{"campaignID":"8808","attribution_link":"","attribution":1,"priority":"5","appToPromote":{"appToPromoteID":"16528","usesDefaultFrameImage":"0","usesDefaultCloseImage":"0","marketURL":"https:\/\/play.google.com\/store\/apps\/details?id=com.bag.farm.day.village.farming.games","packageID":"com.GSS317.com.bag.farm.day.village.farming.games"},"showTemplate":1,"s2s_tracking_url":"","activeCreativeID":"3775","scenes":["12","1","8","6","15","2","9"],"campaignAdType":"Interstitial","productId":"","purchaseBit":0,"licenseKey":""},{"campaignID":"8876","attribution":0,"priority":"5","appToPromote":{"appToPromoteID":"15640","usesDefaultFrameImage":"0","usesDefaultCloseImage":"0","marketURL":"https:\/\/play.google.com\/store\/apps\/details?id=com.pgz.police.bike.stunt.ramp.bike.racing.games","packageID":"com.pgz.police.bike.stunt.ramp.bike.racing.games"},"showTemplate":1,"s2s_tracking_url":"https:\/\/play.google.com\/store\/apps\/details?id=com.pgz.police.bike.stunt.ramp.bike.racing.games","activeCreativeID":"4236","scenes":["12","1","8","6","15","2","9"],"campaignAdType":"Interstitial","productId":"","purchaseBit":0,"licenseKey":""},{"campaignID":"8972","attribution":0,"priority":"5","appToPromote":{"appToPromoteID":"15974","usesDefaultFrameImage":"0","usesDefaultCloseImage":"0","marketURL":"https:\/\/play.google.com\/store\/apps\/details?id=com.mustardgames.bmx.cycle.stunt.mega.ramp.impossibletracks","packageID":"com.mustardgames.bmx.cycle.stunt.mega.ramp.impossibletracks"},"showTemplate":1,"s2s_tracking_url":"https:\/\/play.google.com\/store\/apps\/details?id=com.mustardgames.bmx.cycle.stunt.mega.ramp.impossibletracks","activeCreativeID":"4339","scenes":["12","1","8","6","15","2","9"],"campaignAdType":"Interstitial","productId":"","purchaseBit":0,"licenseKey":""},{"campaignID":"8973","attribution":0,"priority":"5","appToPromote":{"appToPromoteID":"15974","usesDefaultFrameImage":"0","usesDefaultCloseImage":"0","marketURL":"https:\/\/play.google.com\/store\/apps\/details?id=com.mustardgames.bmx.cycle.stunt.mega.ramp.impossibletracks","packageID":"com.mustardgames.bmx.cycle.stunt.mega.ramp.impossibletracks"},"showTemplate":1,"s2s_tracking_url":"https:\/\/play.google.com\/store\/apps\/details?id=com.mustardgames.bmx.cycle.stunt.mega.ramp.impossibletracks","activeCreativeID":"4339","scenes":["12","1","8","6","15","2","9"],"campaignAdType":"Interstitial","productId":"","purchaseBit":0,"licenseKey":""},{"campaignID":"8974","attribution":0,"priority":"5","appToPromote":{"appToPromoteID":"15974","usesDefaultFrameImage":"0","usesDefaultCloseImage":"0","marketURL":"https:\/\/play.google.com\/store\/apps\/details?id=com.mustardgames.bmx.cycle.stunt.mega.ramp.impossibletracks","packageID":"com.mustardgames.bmx.cycle.stunt.mega.ramp.impossibletracks"},"showTemplate":1,"s2s_tracking_url":"https:\/\/play.google.com\/store\/apps\/details?id=com.mustardgames.bmx.cycle.stunt.mega.ramp.impossibletracks","activeCreativeID":"3564","scenes":["12","1","8","6","15","2","9"],"campaignAdType":"Video","productId":"","purchaseBit":0,"licenseKey":""},{"campaignID":"8747","attribution":0,"priority":"3","appToPromote":{"appToPromoteID":"16244","usesDefaultFrameImage":"0","usesDefaultCloseImage":"0","marketURL":"https:\/\/play.google.com\/store\/apps\/details?id=com.mustardgames.formula.car.racing.ramp.car.stunt.impossible.tracks","packageID":"com.mustardgames.formula.car.racing.ramp.car.stunt.impossible.tracks"},"showTemplate":1,"s2s_tracking_url":"https:\/\/play.google.com\/store\/apps\/details?id=com.mustardgames.formula.car.racing.ramp.car.stunt.impossible.tracks","activeCreativeID":"3993","scenes":["12","1","8","6","15","2","9"],"campaignAdType":"Video","productId":"","purchaseBit":0,"licenseKey":""},{"campaignID":"414","attribution":0,"priority":"3","appToPromote":{"appToPromoteID":"3023","usesDefaultFrameImage":"0","usesDefaultCloseImage":"0","marketURL":"https:\/\/play.google.com\/store\/apps\/details?id=com.appricot2d.rolo.pet.parrot","packageID":"com.appricot2d.rolo.pet.parrot"},"showTemplate":1,"s2s_tracking_url":"https:\/\/play.google.com\/store\/apps\/details?id=com.appricot2d.rolo.pet.parrot","activeCreativeID":"385","scenes":["12","1","8","6","15","2","9"],"campaignAdType":"Interstitial","productId":"","purchaseBit":0,"licenseKey":""},{"campaignID":"559","attribution":0,"priority":"3","appToPromote":{"appToPromoteID":"3476","usesDefaultFrameImage":"0","usesDefaultCloseImage":"0","marketURL":"https:\/\/play.google.com\/store\/apps\/details?id=com.perspectivegames.real.impossible.tracks.stunts","packageID":"com.perspectivegames.real.impossible.tracks.stunts"},"showTemplate":1,"s2s_tracking_url":"https:\/\/play.google.com\/store\/apps\/details?id=com.perspectivegames.real.impossible.tracks.stunts","activeCreativeID":"649","scenes":["12","1","8","6","15","2","9"],"campaignAdType":"Interstitial","productId":"","purchaseBit":0,"licenseKey":""},{"campaignID":"741","attribution":0,"priority":"3","appToPromote":{"appToPromoteID":"5609","usesDefaultFrameImage":"0","usesDefaultCloseImage":"0","marketURL":"https:\/\/play.google.com\/store\/apps\/details?id=com.kick.gyroscopic.city.train.driver.simulator","packageID":"com.kick.gyroscopic.city.train.driver.simulator"},"showTemplate":1,"s2s_tracking_url":"https:\/\/play.google.com\/store\/apps\/details?id=com.kick.gyroscopic.city.train.driver.simulator","activeCreativeID":"753","scenes":["12","1","8","6","15","2","9"],"campaignAdType":"Interstitial","productId":"","purchaseBit":0,"licenseKey":""},{"campaignID":"798","attribution":0,"priority":"3","appToPromote":{"appToPromoteID":"5770","usesDefaultFrameImage":"0","usesDefaultCloseImage":"0","marketURL":"https:\/\/play.google.com\/store\/apps\/details?id=com.simulatorgames3d.alohacelebrations","packageID":"com.simulatorgames3d.alohacelebrations"},"showTemplate":1,"s2s_tracking_url":"https:\/\/play.google.com\/store\/apps\/details?id=com.simulatorgames3d.alohacelebrations","activeCreativeID":"787","scenes":["12","1","8","6","15","2","9"],"campaignAdType":"Interstitial","productId":"","purchaseBit":0,"licenseKey":""},{"campaignID":"1483","attribution":0,"priority":"3","appToPromote":{"appToPromoteID":"1714","usesDefaultFrameImage":"1","usesDefaultCloseImage":"1","marketURL":"https:\/\/play.google.com\/store\/apps\/details?id=com.playink.cookie.maker","packageID":"com.playink.cookie.maker"},"showTemplate":1,"s2s_tracking_url":"https:\/\/play.google.com\/store\/apps\/details?id=com.playink.cookie.maker","activeCreativeID":"1020","scenes":["12","1","8","6","15","2","9"],"campaignAdType":"Interstitial","productId":"","purchaseBit":0,"licenseKey":""},{"campaignID":"8762","attribution":0,"priority":"2","appToPromote":{"appToPromoteID":"13265","usesDefaultFrameImage":"0","usesDefaultCloseImage":"0","marketURL":"https:\/\/play.google.com\/store\/apps\/details?id=com.rhg.tricky.bike.stunt.moto.master","packageID":"com.rhg.tricky.bike.stunt.moto.master"},"showTemplate":1,"s2s_tracking_url":"https:\/\/play.google.com\/store\/apps\/details?id=com.rhg.tricky.bike.stunt.moto.master","activeCreativeID":"4121","scenes":["12","1","8","6","15","2","9"],"campaignAdType":"Rewarded Video","productId":"","purchaseBit":0,"licenseKey":""},{"campaignID":"8879","attribution":0,"priority":"2","appToPromote":{"appToPromoteID":"15640","usesDefaultFrameImage":"0","usesDefaultCloseImage":"0","marketURL":"https:\/\/play.google.com\/store\/apps\/details?id=com.pgz.police.bike.stunt.ramp.bike.racing.games","packageID":"com.pgz.police.bike.stunt.ramp.bike.racing.games"},"showTemplate":1,"s2s_tracking_url":"https:\/\/play.google.com\/store\/apps\/details?id=com.pgz.police.bike.stunt.ramp.bike.racing.games","activeCreativeID":"4239","scenes":["12","1","8","6","15","2","9"],"campaignAdType":"Banner","productId":"","purchaseBit":0,"licenseKey":""},{"campaignID":"8971","attribution":0,"priority":"2","appToPromote":{"appToPromoteID":"15640","usesDefaultFrameImage":"0","usesDefaultCloseImage":"0","marketURL":"https:\/\/play.google.com\/store\/apps\/details?id=com.pgz.police.bike.stunt.ramp.bike.racing.games","packageID":"com.pgz.police.bike.stunt.ramp.bike.racing.games"},"showTemplate":1,"s2s_tracking_url":"https:\/\/play.google.com\/store\/apps\/details?id=com.pgz.police.bike.stunt.ramp.bike.racing.games","activeCreativeID":"4236","scenes":["12","1","8","6","15","2","9"],"campaignAdType":"Interstitial","productId":"","purchaseBit":0,"licenseKey":""},{"campaignID":"9366","attribution":0,"priority":"2","appToPromote":{"appToPromoteID":"17602","usesDefaultFrameImage":"0","usesDefaultCloseImage":"0","marketURL":"https:\/\/play.google.com\/store\/apps\/details?id=com.abaenglish.videoclass&amp;referrer=utm_source=42matters.com&amp;utm_medium=api","packageID":"com.abaenglish.videoclass"},"showTemplate":1,"s2s_tracking_url":"https:\/\/play.google.com\/store\/apps\/details?id=com.abaenglish.videoclass&amp;referrer=utm_source=42matters.com&amp;utm_medium=api","activeCreativeID":"4815","scenes":["12","1","8","6","15","2","9"],"campaignAdType":"Interstitial","productId":"","purchaseBit":0,"licenseKey":""},{"campaignID":"9367","attribution":0,"priority":"2","appToPromote":{"appToPromoteID":"17602","usesDefaultFrameImage":"0","usesDefaultCloseImage":"0","marketURL":"https:\/\/play.google.com\/store\/apps\/details?id=com.abaenglish.videoclass&amp;referrer=utm_source=42matters.com&amp;utm_medium=api","packageID":"com.abaenglish.videoclass"},"showTemplate":1,"s2s_tracking_url":"https:\/\/play.google.com\/store\/apps\/details?id=com.abaenglish.videoclass&amp;referrer=utm_source=42matters.com&amp;utm_medium=api","activeCreativeID":"4815","scenes":["12","1","8","6","15","2","9"],"campaignAdType":"Interstitial","productId":"","purchaseBit":0,"licenseKey":""},{"campaignID":"9368","attribution":0,"priority":"2","appToPromote":{"appToPromoteID":"17602","usesDefaultFrameImage":"0","usesDefaultCloseImage":"0","marketURL":"https:\/\/play.google.com\/store\/apps\/details?id=com.abaenglish.videoclass&amp;referrer=utm_source=42matters.com&amp;utm_medium=api","packageID":"com.abaenglish.videoclass"},"showTemplate":1,"s2s_tracking_url":"https:\/\/play.google.com\/store\/apps\/details?id=com.abaenglish.videoclass&amp;referrer=utm_source=42matters.com&amp;utm_medium=api","activeCreativeID":"4815","scenes":["12","1","8","6","15","2","9"],"campaignAdType":"Interstitial","productId":"","purchaseBit":0,"licenseKey":""},{"campaignID":"9369","attribution":0,"priority":"2","appToPromote":{"appToPromoteID":"17602","usesDefaultFrameImage":"0","usesDefaultCloseImage":"0","marketURL":"https:\/\/play.google.com\/store\/apps\/details?id=com.abaenglish.videoclass&amp;referrer=utm_source=42matters.com&amp;utm_medium=api","packageID":"com.abaenglish.videoclass"},"showTemplate":1,"s2s_tracking_url":"https:\/\/play.google.com\/store\/apps\/details?id=com.abaenglish.videoclass&amp;referrer=utm_source=42matters.com&amp;utm_medium=api","activeCreativeID":"4815","scenes":["12","1","8","6","15","2","9"],"campaignAdType":"Interstitial","productId":"","purchaseBit":0,"licenseKey":""},{"campaignID":"9370","attribution":0,"priority":"2","appToPromote":{"appToPromoteID":"17602","usesDefaultFrameImage":"0","usesDefaultCloseImage":"0","marketURL":"https:\/\/play.google.com\/store\/apps\/details?id=com.abaenglish.videoclass&amp;referrer=utm_source=42matters.com&amp;utm_medium=api","packageID":"com.abaenglish.videoclass"},"showTemplate":1,"s2s_tracking_url":"https:\/\/play.google.com\/store\/apps\/details?id=com.abaenglish.videoclass&amp;referrer=utm_source=42matters.com&amp;utm_medium=api","activeCreativeID":"4815","scenes":["12","1","8","6","15","2","9"],"campaignAdType":"Interstitial","productId":"","purchaseBit":0,"licenseKey":""}],"refreshAdRate":30,"mode":"Production","aspectRatio":"4_3","cdnPath":"https:\/\/df8ymybeo92md.cloudfront.net\/images\/","sentry_log":0,"local_logging":0,"sentry_dsn":"https:\/\/93ffa1c9a4124f67b8888a53265f751a:bbf998e04584477fa9a145838e9d3b26@sentry.io\/168994","sentry_initialization":1,"sentry_debugging":0,"bannerSizes":["1"],"aspectRatioVideo":"16_9","app_id":"2007","showPreRewardedDialogue":0,"showPostRewardedDialogue":0,"rewardCurrency":"coins","rewardValue":0,"isSkipable":0,"privacyPolicyURL":"https:\/\/www.consoliads.com\/privacy-policy\/","sessionToken":"pO23MaQnhY+pEPpCYuxT97WTduQ3HXPECxfndLCfKl0DlhnXvq8TLHC1V\/iS7L9J\/De+wTq26kdw1QyKo2gsC55o\/ijrbLaNZxOYjehuwvIZROuTj31wQI\/qmj2\/6bl8+nnOSWsND69Av26byxrl02CMu\/WTnM6QJ53syKUSuh4="}
Session token value is set


{"appKey":"4d80502e5e231c73aef56bc16c23e28e","deviceID":"5794","stats":[{"campaignID":115,"packageID":"com.tgp.multistorey.car.transporter.truck","sceneStats":[{"sceneID":"15","eventStats":"358,258,158,58,58,0,0"}]}],"sdkVersion":"2163","sessionToken":"pO23MaQnhY+pEPpCYuxT97WTduQ3HXPECxfndLCfKl0DlhnXvq8TLHC1V\/iS7L9J\/De+wTq26kdw1QyKo2gsC55o\/ijrbLaNZxOYjehuwvIZROuTj31wQI\/qmj2\/6bl8+nnOSWsND69Av26byxrl02CMu\/WTnM6QJ53syKUSuh4="}
cache_ttl value is correct

Title value is correct

Title value is correct

Title value is correct

Title value is correct

Title value is correct

Title value is correct

Refresh Ad Rate value is correct
mode value is set

 Aspect ratio value is correct
sentry_log value is set
local_logging value is set
sentry_initialization value is set
sentry_debugging value is set
showPreRewardedDialogue value is set
showPostRewardedDialogue value is set
isSkipable value is set
{"cache_ttl":10080,"cache_ttl_rewarded":10080,"cache_ttl_banner":10080,"cache_ttl_native":10080,"cache_ttl_icon":10080,"campaigns":[{"campaignID":"8226","attribution":0,"priority":"8","appToPromote":{"appToPromoteID":"12623","usesDefaultFrameImage":"0","usesDefaultCloseImage":"0","marketURL":"https:\/\/play.google.com\/store\/apps\/details?id=com.igg.android.lordsmobile&amp;referrer=utm_source=42matters.com&amp;utm_medium=api","packageID":"com.nooribrand.android.lordsmobile"},"showTemplate":1,"s2s_tracking_url":"https:\/\/play.google.com\/store\/apps\/details?id=com.igg.android.lordsmobile&amp;referrer=utm_source=42matters.com&amp;utm_medium=api","activeCreativeID":"3557","scenes":["12","1","8","6","15","2"],"campaignAdType":"Icon","productId":"","purchaseBit":0,"licenseKey":""},{"campaignID":"8378","attribution":0,"priority":"8","appToPromote":{"appToPromoteID":"16480","usesDefaultFrameImage":"0","usesDefaultCloseImage":"0","marketURL":"https:\/\/play.google.com\/store\/apps\/details?id=com.nag.home.manager.working.virtual.mom","packageID":"com.GSS317.AmazingFamily"},"showTemplate":1,"s2s_tracking_url":"https:\/\/play.google.com\/store\/apps\/details?id=com.nag.home.manager.working.virtual.mom","activeCreativeID":"3720","scenes":["12","1","8","6","15","2"],"campaignAdType":"Interstitial","productId":"","purchaseBit":0,"licenseKey":""},{"campaignID":"8613","attribution":0,"priority":"8","appToPromote":{"appToPromoteID":"12623","usesDefaultFrameImage":"0","usesDefaultCloseImage":"0","marketURL":"https:\/\/play.google.com\/store\/apps\/details?id=com.igg.android.lordsmobile&amp;referrer=utm_source=42matters.com&amp;utm_medium=api","packageID":"com.nooribrand.android.lordsmobile"},"showTemplate":1,"s2s_tracking_url":"https:\/\/play.google.com\/store\/apps\/details?id=com.igg.android.lordsmobile&amp;referrer=utm_source=42matters.com&amp;utm_medium=api","activeCreativeID":"3557","scenes":["12","1","8","6","15","2"],"campaignAdType":"Icon","productId":"","purchaseBit":0,"licenseKey":""},{"campaignID":"9252","attribution":0,"priority":"8","appToPromote":{"appToPromoteID":"12315","usesDefaultFrameImage":"0","usesDefaultCloseImage":"0","marketURL":"google.com","packageID":"com.qabrand.plnative"},"showTemplate":1,"s2s_tracking_url":"google.com","activeCreativeID":"4683","scenes":["12","1","8","6","15","2"],"campaignAdType":"Native","title":"Native first","subTitle":"First ","description":"New description","adClickThroughText":"FIRST Button","productId":"","purchaseBit":0,"licenseKey":""},{"campaignID":"9253","attribution":0,"priority":"8","appToPromote":{"appToPromoteID":"12315","usesDefaultFrameImage":"0","usesDefaultCloseImage":"0","marketURL":"google.com","packageID":"com.qabrand.plnative"},"showTemplate":1,"s2s_tracking_url":"google.com","activeCreativeID":"4683","scenes":["12","1","8","6","15","2"],"campaignAdType":"Native","title":"Native first","subTitle":"First ","description":"New description","adClickThroughText":"FIRST Button","productId":"","purchaseBit":0,"licenseKey":""},{"campaignID":"9255","attribution":0,"priority":"8","appToPromote":{"appToPromoteID":"13274","usesDefaultFrameImage":"0","usesDefaultCloseImage":"0","marketURL":"https:\/\/play.google.com\/store\/apps\/details?id=com.facebook.katana","packageID":"com.salon.adsalon"},"showTemplate":1,"s2s_tracking_url":"https:\/\/play.google.com\/store\/apps\/details?id=com.facebook.katana","activeCreativeID":"4685","scenes":["12","1","8","6","15","2"],"campaignAdType":"Native","title":"native NA ","subTitle":"native NA ","description":"native NA added","adClickThroughText":"native NA ","productId":"","purchaseBit":0,"licenseKey":""},{"campaignID":"9257","attribution":0,"priority":"8","appToPromote":{"appToPromoteID":"12286","usesDefaultFrameImage":"0","usesDefaultCloseImage":"0","marketURL":"google.com","packageID":"com.qabrand.Chartboost_Native"},"showTemplate":1,"s2s_tracking_url":"google.com","activeCreativeID":"4688","scenes":["12","1","8","6","15","2"],"campaignAdType":"Native","title":"Native second updated","subTitle":"Native second ","description":"Native second details","adClickThroughText":"Native second ","productId":"","purchaseBit":0,"licenseKey":""},{"campaignID":"9263","attribution":0,"priority":"8","appToPromote":{"appToPromoteID":"12315","usesDefaultFrameImage":"0","usesDefaultCloseImage":"0","marketURL":"google.com","packageID":"com.qabrand.plnative"},"showTemplate":1,"s2s_tracking_url":"google.com","activeCreativeID":"4694","scenes":["12","1","8","6","15","2"],"campaignAdType":"Native","title":"test","subTitle":"test","description":" test details update","adClickThroughText":"test","productId":"","purchaseBit":0,"licenseKey":""},{"campaignID":"9547","attribution":0,"priority":"8","appToPromote":{"appToPromoteID":"11879","usesDefaultFrameImage":"0","usesDefaultCloseImage":"0","marketURL":"https:\/\/play.google.com\/store\/apps\/details?id=com.buntoo.car.racing.games","packageID":"com.buntoo.car.racing.games"},"showTemplate":1,"s2s_tracking_url":"https:\/\/play.google.com\/store\/apps\/details?id=com.buntoo.car.racing.games","activeCreativeID":"4964","scenes":["12","1","8","6","15","2"],"campaignAdType":"Interstitial","productId":"","purchaseBit":0,"licenseKey":""},{"campaignID":"9586","attribution":0,"priority":"8","appToPromote":{"appToPromoteID":"515","usesDefaultFrameImage":"1","usesDefaultCloseImage":"1","marketURL":"https:\/\/play.google.com\/store\/apps\/details?id=com.plum.cash.counter.simualtor","packageID":"com.plum.cash.counter.simualtor"},"showTemplate":1,"s2s_tracking_url":"https:\/\/play.google.com\/store\/apps\/details?id=com.plum.cash.counter.simualtor","activeCreativeID":"50","scenes":["12","1","8","6","15","2"],"campaignAdType":"Interstitial","productId":"","purchaseBit":0,"licenseKey":""},{"campaignID":"9587","attribution":0,"priority":"8","appToPromote":{"appToPromoteID":"515","usesDefaultFrameImage":"1","usesDefaultCloseImage":"1","marketURL":"https:\/\/play.google.com\/store\/apps\/details?id=com.plum.cash.counter.simualtor","packageID":"com.plum.cash.counter.simualtor"},"showTemplate":1,"s2s_tracking_url":"https:\/\/play.google.com\/store\/apps\/details?id=com.plum.cash.counter.simualtor","activeCreativeID":"50","scenes":["12","1","8","6","15","2"],"campaignAdType":"Interstitial","productId":"","purchaseBit":0,"licenseKey":""},{"campaignID":"9588","attribution":0,"priority":"8","appToPromote":{"appToPromoteID":"515","usesDefaultFrameImage":"1","usesDefaultCloseImage":"1","marketURL":"https:\/\/play.google.com\/store\/apps\/details?id=com.plum.cash.counter.simualtor","packageID":"com.plum.cash.counter.simualtor"},"showTemplate":1,"s2s_tracking_url":"https:\/\/play.google.com\/store\/apps\/details?id=com.plum.cash.counter.simualtor","activeCreativeID":"50","scenes":["12","1","8","6","15","2"],"campaignAdType":"Interstitial","productId":"","purchaseBit":0,"licenseKey":""},{"campaignID":"9589","attribution":0,"priority":"8","appToPromote":{"appToPromoteID":"515","usesDefaultFrameImage":"1","usesDefaultCloseImage":"1","marketURL":"https:\/\/play.google.com\/store\/apps\/details?id=com.plum.cash.counter.simualtor","packageID":"com.plum.cash.counter.simualtor"},"showTemplate":1,"s2s_tracking_url":"https:\/\/play.google.com\/store\/apps\/details?id=com.plum.cash.counter.simualtor","activeCreativeID":"50","scenes":["12","1","8","6","15","2"],"campaignAdType":"Interstitial","productId":"","purchaseBit":0,"licenseKey":""},{"campaignID":"9599","attribution":0,"priority":"8","appToPromote":{"appToPromoteID":"515","usesDefaultFrameImage":"1","usesDefaultCloseImage":"1","marketURL":"https:\/\/play.google.com\/store\/apps\/details?id=com.plum.cash.counter.simualtor","packageID":"com.plum.cash.counter.simualtor"},"showTemplate":1,"s2s_tracking_url":"https:\/\/play.google.com\/store\/apps\/details?id=com.plum.cash.counter.simualtor","activeCreativeID":"5001","scenes":["12","1","8","6","15","2"],"campaignAdType":"Icon","productId":"","purchaseBit":0,"licenseKey":""},{"campaignID":"9127","attribution":0,"priority":"8","appToPromote":{"appToPromoteID":"17528","usesDefaultFrameImage":"0","usesDefaultCloseImage":"0","marketURL":"https:\/\/play.google.com\/store\/apps\/details?id=net.one97.paytm","packageID":"net.one97.paytm"},"showTemplate":1,"s2s_tracking_url":"https:\/\/tha.gotrackier.com\/click?campaign_id=63249\\u0026pub_id=75?p1=2018_9127_5794&amp;source=6841&amp;app_name=MultiTruckCarTransporter&amp;gaid=5794","activeCreativeID":"4788","scenes":["12","1","8","6","15","2"],"campaignAdType":"Native","title":"BCA","subTitle":"FW","description":"nope","adClickThroughText":"Link","productId":"","purchaseBit":0,"licenseKey":""},{"campaignID":"9131","attribution":0,"priority":"8","appToPromote":{"appToPromoteID":"17532","usesDefaultFrameImage":"0","usesDefaultCloseImage":"0","marketURL":"https:\/\/play.google.com\/store\/apps\/details?id=com.dhgate.buyermob","packageID":"com.dhgate.buyermob"},"showTemplate":1,"s2s_tracking_url":"https:\/\/tha.gotrackier.com\/click?campaign_id=63254\\u0026pub_id=75?p1=2018_9131_5794&amp;source=6841&amp;app_name=MultiTruckCarTransporter&amp;gaid=5794","activeCreativeID":"4483","scenes":["12","1","8","6","15","2"],"campaignAdType":"Interstitial","productId":"","purchaseBit":0,"licenseKey":""},{"campaignID":"8380","attribution_link":"","attribution":1,"priority":"7","appToPromote":{"appToPromoteID":"16480","usesDefaultFrameImage":"0","usesDefaultCloseImage":"0","marketURL":"https:\/\/play.google.com\/store\/apps\/details?id=com.nag.home.manager.working.virtual.mom","packageID":"com.GSS317.AmazingFamily"},"showTemplate":1,"s2s_tracking_url":"","activeCreativeID":"3720","scenes":["12","1","8","6","15","2"],"campaignAdType":"Interstitial","productId":"","purchaseBit":0,"licenseKey":""},{"campaignID":"444","attribution":0,"priority":"6","appToPromote":{"appToPromoteID":"3355","usesDefaultFrameImage":"0","usesDefaultCloseImage":"0","marketURL":"https:\/\/play.google.com\/store\/apps\/details?id=com.popnsons.parkour.mouse","packageID":"com.popnsons.parkour.mouse"},"showTemplate":1,"s2s_tracking_url":"https:\/\/play.google.com\/store\/apps\/details?id=com.popnsons.parkour.mouse","activeCreativeID":"469","scenes":["12","1","8","6","15","2"],"campaignAdType":"Interstitial","productId":"","purchaseBit":0,"licenseKey":""},{"campaignID":"561","attribution":0,"priority":"6","appToPromote":{"appToPromoteID":"5026","usesDefaultFrameImage":"0","usesDefaultCloseImage":"0","marketURL":"https:\/\/play.google.com\/store\/apps\/details?id=com.as.cashupapp","packageID":"com.as.cashupapp"},"showTemplate":1,"s2s_tracking_url":"https:\/\/play.google.com\/store\/apps\/details?id=com.as.cashupapp","activeCreativeID":"652","scenes":["12","1","8","6","15","2"],"campaignAdType":"Interstitial","productId":"","purchaseBit":0,"licenseKey":""},{"campaignID":"570","attribution":0,"priority":"6","appToPromote":{"appToPromoteID":"3802","usesDefaultFrameImage":"0","usesDefaultCloseImage":"0","marketURL":"https:\/\/play.google.com\/store\/apps\/details?id=com.Madxstudios.Flickshootsoccer","packageID":"com.Madxstudios.Flickshootsoccer"},"showTemplate":1,"s2s_tracking_url":"https:\/\/play.google.com\/store\/apps\/details?id=com.Madxstudios.Flickshootsoccer","activeCreativeID":"661","scenes":["12","1","8","6","15","2"],"campaignAdType":"Interstitial","productId":"","purchaseBit":0,"licenseKey":""},{"campaignID":"588","attribution":0,"priority":"6","appToPromote":{"appToPromoteID":"5026","usesDefaultFrameImage":"0","usesDefaultCloseImage":"0","marketURL":"https:\/\/play.google.com\/store\/apps\/details?id=com.as.cashupapp","packageID":"com.as.cashupapp"},"showTemplate":1,"s2s_tracking_url":"https:\/\/play.google.com\/store\/apps\/details?id=com.as.cashupapp","activeCreativeID":"652","scenes":["12","1","8","6","15","2"],"campaignAdType":"Interstitial","productId":"","purchaseBit":0,"licenseKey":""},{"campaignID":"8808","attribution_link":"","attribution":1,"priority":"5","appToPromote":{"appToPromoteID":"16528","usesDefaultFrameImage":"0","usesDefaultCloseImage":"0","marketURL":"https:\/\/play.google.com\/store\/apps\/details?id=com.bag.farm.day.village.farming.games","packageID":"com.GSS317.com.bag.farm.day.village.farming.games"},"showTemplate":1,"s2s_tracking_url":"","activeCreativeID":"3775","scenes":["12","1","8","6","15","2"],"campaignAdType":"Interstitial","productId":"","purchaseBit":0,"licenseKey":""},{"campaignID":"8973","attribution":0,"priority":"5","appToPromote":{"appToPromoteID":"15974","usesDefaultFrameImage":"0","usesDefaultCloseImage":"0","marketURL":"https:\/\/play.google.com\/store\/apps\/details?id=com.mustardgames.bmx.cycle.stunt.mega.ramp.impossibletracks","packageID":"com.mustardgames.bmx.cycle.stunt.mega.ramp.impossibletracks"},"showTemplate":1,"s2s_tracking_url":"https:\/\/play.google.com\/store\/apps\/details?id=com.mustardgames.bmx.cycle.stunt.mega.ramp.impossibletracks","activeCreativeID":"4339","scenes":["12","1","8","6","15","2"],"campaignAdType":"Interstitial","productId":"","purchaseBit":0,"licenseKey":""},{"campaignID":"557","attribution":0,"priority":"4","appToPromote":{"appToPromoteID":"4959","usesDefaultFrameImage":"0","usesDefaultCloseImage":"0","marketURL":"https:\/\/play.google.com\/store\/apps\/details?id=com.jet.plane.surfers.joyride.dash","packageID":"com.jet.plane.surfers.joyride.dash"},"showTemplate":1,"s2s_tracking_url":"https:\/\/play.google.com\/store\/apps\/details?id=com.jet.plane.surfers.joyride.dash","activeCreativeID":"645","scenes":["12","1","8","6","15","2"],"campaignAdType":"Interstitial","productId":"","purchaseBit":0,"licenseKey":""},{"campaignID":"414","attribution":0,"priority":"3","appToPromote":{"appToPromoteID":"3023","usesDefaultFrameImage":"0","usesDefaultCloseImage":"0","marketURL":"https:\/\/play.google.com\/store\/apps\/details?id=com.appricot2d.rolo.pet.parrot","packageID":"com.appricot2d.rolo.pet.parrot"},"showTemplate":1,"s2s_tracking_url":"https:\/\/play.google.com\/store\/apps\/details?id=com.appricot2d.rolo.pet.parrot","activeCreativeID":"385","scenes":["12","1","8","6","15","2"],"campaignAdType":"Interstitial","productId":"","purchaseBit":0,"licenseKey":""},{"campaignID":"559","attribution":0,"priority":"3","appToPromote":{"appToPromoteID":"3476","usesDefaultFrameImage":"0","usesDefaultCloseImage":"0","marketURL":"https:\/\/play.google.com\/store\/apps\/details?id=com.perspectivegames.real.impossible.tracks.stunts","packageID":"com.perspectivegames.real.impossible.tracks.stunts"},"showTemplate":1,"s2s_tracking_url":"https:\/\/play.google.com\/store\/apps\/details?id=com.perspectivegames.real.impossible.tracks.stunts","activeCreativeID":"649","scenes":["12","1","8","6","15","2"],"campaignAdType":"Interstitial","productId":"","purchaseBit":0,"licenseKey":""},{"campaignID":"741","attribution":0,"priority":"3","appToPromote":{"appToPromoteID":"5609","usesDefaultFrameImage":"0","usesDefaultCloseImage":"0","marketURL":"https:\/\/play.google.com\/store\/apps\/details?id=com.kick.gyroscopic.city.train.driver.simulator","packageID":"com.kick.gyroscopic.city.train.driver.simulator"},"showTemplate":1,"s2s_tracking_url":"https:\/\/play.google.com\/store\/apps\/details?id=com.kick.gyroscopic.city.train.driver.simulator","activeCreativeID":"753","scenes":["12","1","8","6","15","2"],"campaignAdType":"Interstitial","productId":"","purchaseBit":0,"licenseKey":""},{"campaignID":"798","attribution":0,"priority":"3","appToPromote":{"appToPromoteID":"5770","usesDefaultFrameImage":"0","usesDefaultCloseImage":"0","marketURL":"https:\/\/play.google.com\/store\/apps\/details?id=com.simulatorgames3d.alohacelebrations","packageID":"com.simulatorgames3d.alohacelebrations"},"showTemplate":1,"s2s_tracking_url":"https:\/\/play.google.com\/store\/apps\/details?id=com.simulatorgames3d.alohacelebrations","activeCreativeID":"787","scenes":["12","1","8","6","15","2"],"campaignAdType":"Interstitial","productId":"","purchaseBit":0,"licenseKey":""},{"campaignID":"1483","attribution":0,"priority":"3","appToPromote":{"appToPromoteID":"1714","usesDefaultFrameImage":"1","usesDefaultCloseImage":"1","marketURL":"https:\/\/play.google.com\/store\/apps\/details?id=com.playink.cookie.maker","packageID":"com.playink.cookie.maker"},"showTemplate":1,"s2s_tracking_url":"https:\/\/play.google.com\/store\/apps\/details?id=com.playink.cookie.maker","activeCreativeID":"1020","scenes":["12","1","8","6","15","2"],"campaignAdType":"Interstitial","productId":"","purchaseBit":0,"licenseKey":""},{"campaignID":"8762","attribution":0,"priority":"2","appToPromote":{"appToPromoteID":"13265","usesDefaultFrameImage":"0","usesDefaultCloseImage":"0","marketURL":"https:\/\/play.google.com\/store\/apps\/details?id=com.rhg.tricky.bike.stunt.moto.master","packageID":"com.rhg.tricky.bike.stunt.moto.master"},"showTemplate":1,"s2s_tracking_url":"https:\/\/play.google.com\/store\/apps\/details?id=com.rhg.tricky.bike.stunt.moto.master","activeCreativeID":"4121","scenes":["12","1","8","6","15","2"],"campaignAdType":"Rewarded Video","productId":"","purchaseBit":0,"licenseKey":""},{"campaignID":"9366","attribution":0,"priority":"2","appToPromote":{"appToPromoteID":"17602","usesDefaultFrameImage":"0","usesDefaultCloseImage":"0","marketURL":"https:\/\/play.google.com\/store\/apps\/details?id=com.abaenglish.videoclass&amp;referrer=utm_source=42matters.com&amp;utm_medium=api","packageID":"com.abaenglish.videoclass"},"showTemplate":1,"s2s_tracking_url":"https:\/\/play.google.com\/store\/apps\/details?id=com.abaenglish.videoclass&amp;referrer=utm_source=42matters.com&amp;utm_medium=api","activeCreativeID":"4815","scenes":["12","1","8","6","15","2"],"campaignAdType":"Interstitial","productId":"","purchaseBit":0,"licenseKey":""}],"refreshAdRate":30,"mode":"Production","aspectRatio":"4_3","cdnPath":"https:\/\/df8ymybeo92md.cloudfront.net\/images\/","sentry_log":0,"local_logging":0,"sentry_dsn":"https:\/\/93ffa1c9a4124f67b8888a53265f751a:bbf998e04584477fa9a145838e9d3b26@sentry.io\/168994","sentry_initialization":1,"sentry_debugging":0,"bannerSizes":["1"],"aspectRatioVideo":"16_9","app_id":"2018","showPreRewardedDialogue":0,"showPostRewardedDialogue":0,"rewardCurrency":"coins","rewardValue":0,"isSkipable":0,"privacyPolicyURL":"https:\/\/www.consoliads.com\/privacy-policy\/","sessionToken":"4NF\/ipoKcBaLFuW2lFXXt+cQpVQvvodmFYs3oHzhX76XWfB2tVKSeh+5pndghFbbxADouFYP3Y++hfjE985MHV3Ldx2CK4m3h6hy8LpIoCpwuqWyD7jvDvFlQtdmVcSMHPp8fsX4wZL2cDldaEZKvWnyy6JO8jwjDx6E5gKLjEE="}
Session token value is set


{"appKey":"ea3a1008bf37134982acf7e675d170bc","deviceID":"6362","stats":[{"campaignID":116,"packageID":"com.whitesand.military.academy","sceneStats":[{"sceneID":"16","eventStats":"363,263,163,63,63,0,0"}]}],"sdkVersion":"39","sessionToken":"4NF\/ipoKcBaLFuW2lFXXt+cQpVQvvodmFYs3oHzhX76XWfB2tVKSeh+5pndghFbbxADouFYP3Y++hfjE985MHV3Ldx2CK4m3h6hy8LpIoCpwuqWyD7jvDvFlQtdmVcSMHPp8fsX4wZL2cDldaEZKvWnyy6JO8jwjDx6E5gKLjEE="}
cache_ttl value is correct

Refresh Ad Rate value is correct
mode value is set

 Aspect ratio value is correct
sentry_log value is set
local_logging value is set
sentry_initialization value is set
sentry_debugging value is set
showPreRewardedDialogue value is set
showPostRewardedDialogue value is set
isSkipable value is set
{"cache_ttl":10080,"cache_ttl_rewarded":10080,"cache_ttl_banner":10080,"cache_ttl_native":10080,"cache_ttl_icon":10080,"refreshAdRate":30,"mode":"Production","aspectRatio":"4_3","cdnPath":"https:\/\/df8ymybeo92md.cloudfront.net\/images\/","sentry_log":0,"local_logging":0,"sentry_dsn":"https:\/\/93ffa1c9a4124f67b8888a53265f751a:bbf998e04584477fa9a145838e9d3b26@sentry.io\/168994","sentry_initialization":1,"sentry_debugging":0,"bannerSizes":["5"],"aspectRatioVideo":"16_9","app_id":"1999","showPreRewardedDialogue":0,"showPostRewardedDialogue":0,"rewardCurrency":"coins","rewardValue":0,"isSkipable":0,"privacyPolicyURL":"https:\/\/www.consoliads.com\/privacy-policy\/","sessionToken":"HhBkHNWuKRDTWkqFfkEXkoWgKLfe\/ctaaYiYK5vSDG0e09deIVLFZcYo07lE+CVq4CVXSUf0UqAdprT9Dx8GBhJUdarE+VmCBVm63vl9WZbA57AQbmnuOmC3qXD3MEJ9clqBg1urbJxSgUD9wzWsMrhmRHF5HD+4zWSXTE1Vbyg="}
Session token value is set


{"appKey":"9df632233aa0ab875abe5f3677328817","deviceID":"2851","stats":[{"campaignID":121,"packageID":"com.whitesand.underwater.shark.sniper.hunter","sceneStats":[{"sceneID":"8","eventStats":"329,229,129,29,29,0,0"}]}],"sdkVersion":"90","sessionToken":"HhBkHNWuKRDTWkqFfkEXkoWgKLfe\/ctaaYiYK5vSDG0e09deIVLFZcYo07lE+CVq4CVXSUf0UqAdprT9Dx8GBhJUdarE+VmCBVm63vl9WZbA57AQbmnuOmC3qXD3MEJ9clqBg1urbJxSgUD9wzWsMrhmRHF5HD+4zWSXTE1Vbyg="}
cache_ttl value is correct

Refresh Ad Rate value is correct
mode value is set

 Aspect ratio value is correct
sentry_log value is set
local_logging value is set
sentry_initialization value is set
sentry_debugging value is set
showPreRewardedDialogue value is set
showPostRewardedDialogue value is set
isSkipable value is set
{"cache_ttl":10080,"cache_ttl_rewarded":10080,"cache_ttl_banner":10080,"cache_ttl_native":10080,"cache_ttl_icon":10080,"refreshAdRate":30,"mode":"Production","aspectRatio":"4_3","cdnPath":"https:\/\/df8ymybeo92md.cloudfront.net\/images\/","sentry_log":0,"local_logging":0,"sentry_dsn":"https:\/\/93ffa1c9a4124f67b8888a53265f751a:bbf998e04584477fa9a145838e9d3b26@sentry.io\/168994","sentry_initialization":1,"sentry_debugging":0,"bannerSizes":["5"],"aspectRatioVideo":"16_9","app_id":"2141","showPreRewardedDialogue":0,"showPostRewardedDialogue":0,"rewardCurrency":"coins","rewardValue":0,"isSkipable":0,"privacyPolicyURL":"https:\/\/www.consoliads.com\/privacy-policy\/","sessionToken":"htRgFnAelijIZTC0ULcg797IEu9qGuTjSETcxQgI\/uctto7e9BrI7J5BzTf\/qGAy0paU5eCOGLTQze8wvX5QOzfHhfELfSuGKVA6PFRt312bwawTvG+zYTguu0esRCjbbk459x4E0ij8BI5DvFYR+oqiLLlmSf6PmCUwarC9kGQ="}
Session token value is set


{"appKey":"7d25f21b1692382e5507c792271446d8","deviceID":"3484","stats":[{"campaignID":123,"packageID":"com.mizo.taxi.driving.simII","sceneStats":[{"sceneID":"9","eventStats":"335,235,135,35,35,0,0"}]}],"sdkVersion":"90","sessionToken":"htRgFnAelijIZTC0ULcg797IEu9qGuTjSETcxQgI\/uctto7e9BrI7J5BzTf\/qGAy0paU5eCOGLTQze8wvX5QOzfHhfELfSuGKVA6PFRt312bwawTvG+zYTguu0esRCjbbk459x4E0ij8BI5DvFYR+oqiLLlmSf6PmCUwarC9kGQ="}
cache_ttl value is correct

Refresh Ad Rate value is correct
mode value is set

 Aspect ratio value is correct
sentry_log value is set
local_logging value is set
sentry_initialization value is set
sentry_debugging value is set
showPreRewardedDialogue value is set
showPostRewardedDialogue value is set
isSkipable value is set
{"cache_ttl":10080,"cache_ttl_rewarded":10080,"cache_ttl_banner":10080,"cache_ttl_native":10080,"cache_ttl_icon":10080,"campaigns":[{"campaignID":"9277","attribution_link":"","attribution":1,"priority":"5","appToPromote":{"appToPromoteID":"17609","usesDefaultFrameImage":"0","usesDefaultCloseImage":"0","marketURL":"https:\/\/smartbear.com\/learn\/automated-testing\/test-automation-frameworks\/","packageID":"com.buntoo.buntooAd"},"showTemplate":1,"s2s_tracking_url":"","activeCreativeID":"4702","scenes":["1","2","6","4"],"campaignAdType":"Interstitial","productId":"","purchaseBit":0,"licenseKey":""},{"campaignID":"9278","attribution":0,"priority":"5","appToPromote":{"appToPromoteID":"17609","usesDefaultFrameImage":"0","usesDefaultCloseImage":"0","marketURL":"https:\/\/smartbear.com\/learn\/automated-testing\/test-automation-frameworks\/","packageID":"com.buntoo.buntooAd"},"showTemplate":1,"s2s_tracking_url":"https:\/\/smartbear.com\/learn\/automated-testing\/test-automation-frameworks\/","activeCreativeID":"4701","scenes":["1","2","6","4"],"campaignAdType":"Interstitial","productId":"","purchaseBit":0,"licenseKey":""},{"campaignID":"9279","attribution":0,"priority":"5","appToPromote":{"appToPromoteID":"17609","usesDefaultFrameImage":"0","usesDefaultCloseImage":"0","marketURL":"https:\/\/smartbear.com\/learn\/automated-testing\/test-automation-frameworks\/","packageID":"com.buntoo.buntooAd"},"showTemplate":1,"s2s_tracking_url":"https:\/\/smartbear.com\/learn\/automated-testing\/test-automation-frameworks\/","activeCreativeID":"4701","scenes":["1","2","6","4"],"campaignAdType":"Interstitial","productId":"","purchaseBit":0,"licenseKey":""},{"campaignID":"9280","attribution":0,"priority":"5","appToPromote":{"appToPromoteID":"17609","usesDefaultFrameImage":"0","usesDefaultCloseImage":"0","marketURL":"https:\/\/smartbear.com\/learn\/automated-testing\/test-automation-frameworks\/","packageID":"com.buntoo.buntooAd"},"showTemplate":1,"s2s_tracking_url":"https:\/\/smartbear.com\/learn\/automated-testing\/test-automation-frameworks\/","activeCreativeID":"4701","scenes":["1","2","6","4"],"campaignAdType":"Interstitial","productId":"","purchaseBit":0,"licenseKey":""},{"campaignID":"9281","attribution":0,"priority":"5","appToPromote":{"appToPromoteID":"17609","usesDefaultFrameImage":"0","usesDefaultCloseImage":"0","marketURL":"https:\/\/smartbear.com\/learn\/automated-testing\/test-automation-frameworks\/","packageID":"com.buntoo.buntooAd"},"showTemplate":1,"s2s_tracking_url":"https:\/\/smartbear.com\/learn\/automated-testing\/test-automation-frameworks\/","activeCreativeID":"4701","scenes":["1","2","6","4"],"campaignAdType":"Interstitial","productId":"","purchaseBit":0,"licenseKey":""},{"campaignID":"9282","attribution":0,"priority":"5","appToPromote":{"appToPromoteID":"17609","usesDefaultFrameImage":"0","usesDefaultCloseImage":"0","marketURL":"https:\/\/smartbear.com\/learn\/automated-testing\/test-automation-frameworks\/","packageID":"com.buntoo.buntooAd"},"showTemplate":1,"s2s_tracking_url":"https:\/\/smartbear.com\/learn\/automated-testing\/test-automation-frameworks\/","activeCreativeID":"4701","scenes":["1","2","6","4"],"campaignAdType":"Interstitial","productId":"","purchaseBit":0,"licenseKey":""},{"campaignID":"9283","attribution":0,"priority":"5","appToPromote":{"appToPromoteID":"17609","usesDefaultFrameImage":"0","usesDefaultCloseImage":"0","marketURL":"https:\/\/smartbear.com\/learn\/automated-testing\/test-automation-frameworks\/","packageID":"com.buntoo.buntooAd"},"showTemplate":1,"s2s_tracking_url":"https:\/\/smartbear.com\/learn\/automated-testing\/test-automation-frameworks\/","activeCreativeID":"4701","scenes":["1","2","6","4"],"campaignAdType":"Interstitial","productId":"","purchaseBit":0,"licenseKey":""},{"campaignID":"9285","attribution":0,"priority":"5","appToPromote":{"appToPromoteID":"14746","usesDefaultFrameImage":"0","usesDefaultCloseImage":"0","marketURL":"https:\/\/play.google.com\/store\/apps\/details?id=com.buntoo.army.bus.parking","packageID":"com.buntoo.army.bus.parking"},"showTemplate":1,"s2s_tracking_url":"https:\/\/play.google.com\/store\/apps\/details?id=com.buntoo.army.bus.parking","activeCreativeID":"4710","scenes":["1","2","6","4"],"campaignAdType":"Interstitial","productId":"","purchaseBit":0,"licenseKey":""},{"campaignID":"9287","attribution":0,"priority":"5","appToPromote":{"appToPromoteID":"14746","usesDefaultFrameImage":"0","usesDefaultCloseImage":"0","marketURL":"https:\/\/play.google.com\/store\/apps\/details?id=com.buntoo.army.bus.parking","packageID":"com.buntoo.army.bus.parking"},"showTemplate":1,"s2s_tracking_url":"https:\/\/play.google.com\/store\/apps\/details?id=com.buntoo.army.bus.parking","activeCreativeID":"4710","scenes":["1","2","6","4"],"campaignAdType":"Interstitial","productId":"","purchaseBit":0,"licenseKey":""},{"campaignID":"9289","attribution":0,"priority":"5","appToPromote":{"appToPromoteID":"17609","usesDefaultFrameImage":"0","usesDefaultCloseImage":"0","marketURL":"https:\/\/smartbear.com\/learn\/automated-testing\/test-automation-frameworks\/","packageID":"com.buntoo.buntooAd"},"showTemplate":1,"s2s_tracking_url":"https:\/\/smartbear.com\/learn\/automated-testing\/test-automation-frameworks\/","activeCreativeID":"4701","scenes":["1","2","6","4"],"campaignAdType":"Interstitial","productId":"","purchaseBit":0,"licenseKey":""},{"campaignID":"9290","attribution":0,"priority":"5","appToPromote":{"appToPromoteID":"17609","usesDefaultFrameImage":"0","usesDefaultCloseImage":"0","marketURL":"https:\/\/smartbear.com\/learn\/automated-testing\/test-automation-frameworks\/","packageID":"com.buntoo.buntooAd"},"showTemplate":1,"s2s_tracking_url":"https:\/\/smartbear.com\/learn\/automated-testing\/test-automation-frameworks\/","activeCreativeID":"4701","scenes":["1","2","6","4"],"campaignAdType":"Interstitial","productId":"","purchaseBit":0,"licenseKey":""},{"campaignID":"9293","attribution":0,"priority":"5","appToPromote":{"appToPromoteID":"17609","usesDefaultFrameImage":"0","usesDefaultCloseImage":"0","marketURL":"https:\/\/smartbear.com\/learn\/automated-testing\/test-automation-frameworks\/","packageID":"com.buntoo.buntooAd"},"showTemplate":1,"s2s_tracking_url":"https:\/\/smartbear.com\/learn\/automated-testing\/test-automation-frameworks\/","activeCreativeID":"4701","scenes":["1","2","6","4"],"campaignAdType":"Interstitial","productId":"","purchaseBit":0,"licenseKey":""},{"campaignID":"9296","attribution":0,"priority":"5","appToPromote":{"appToPromoteID":"17609","usesDefaultFrameImage":"0","usesDefaultCloseImage":"0","marketURL":"https:\/\/smartbear.com\/learn\/automated-testing\/test-automation-frameworks\/","packageID":"com.buntoo.buntooAd"},"showTemplate":1,"s2s_tracking_url":"https:\/\/smartbear.com\/learn\/automated-testing\/test-automation-frameworks\/","activeCreativeID":"4701","scenes":["1","2","6","4"],"campaignAdType":"Interstitial","productId":"","purchaseBit":0,"licenseKey":""},{"campaignID":"9297","attribution":0,"priority":"5","appToPromote":{"appToPromoteID":"17609","usesDefaultFrameImage":"0","usesDefaultCloseImage":"0","marketURL":"https:\/\/smartbear.com\/learn\/automated-testing\/test-automation-frameworks\/","packageID":"com.buntoo.buntooAd"},"showTemplate":1,"s2s_tracking_url":"https:\/\/smartbear.com\/learn\/automated-testing\/test-automation-frameworks\/","activeCreativeID":"4701","scenes":["1","2","6","4"],"campaignAdType":"Interstitial","productId":"","purchaseBit":0,"licenseKey":""},{"campaignID":"9299","attribution":0,"priority":"5","appToPromote":{"appToPromoteID":"17609","usesDefaultFrameImage":"0","usesDefaultCloseImage":"0","marketURL":"https:\/\/smartbear.com\/learn\/automated-testing\/test-automation-frameworks\/","packageID":"com.buntoo.buntooAd"},"showTemplate":1,"s2s_tracking_url":"https:\/\/smartbear.com\/learn\/automated-testing\/test-automation-frameworks\/","activeCreativeID":"4701","scenes":["1","2","6","4"],"campaignAdType":"Interstitial","productId":"","purchaseBit":0,"licenseKey":""},{"campaignID":"9301","attribution":0,"priority":"5","appToPromote":{"appToPromoteID":"17609","usesDefaultFrameImage":"0","usesDefaultCloseImage":"0","marketURL":"https:\/\/smartbear.com\/learn\/automated-testing\/test-automation-frameworks\/","packageID":"com.buntoo.buntooAd"},"showTemplate":1,"s2s_tracking_url":"https:\/\/smartbear.com\/learn\/automated-testing\/test-automation-frameworks\/","activeCreativeID":"4701","scenes":["1","2","6","4"],"campaignAdType":"Interstitial","productId":"","purchaseBit":0,"licenseKey":""},{"campaignID":"9305","attribution":0,"priority":"5","appToPromote":{"appToPromoteID":"14746","usesDefaultFrameImage":"0","usesDefaultCloseImage":"0","marketURL":"https:\/\/play.google.com\/store\/apps\/details?id=com.buntoo.army.bus.parking","packageID":"com.buntoo.army.bus.parking"},"showTemplate":1,"s2s_tracking_url":"https:\/\/play.google.com\/store\/apps\/details?id=com.buntoo.army.bus.parking","activeCreativeID":"4710","scenes":["1","2","6","4"],"campaignAdType":"Interstitial","productId":"","purchaseBit":0,"licenseKey":""},{"campaignID":"48","attribution":0,"priority":"5","appToPromote":{"appToPromoteID":"1074","usesDefaultFrameImage":"1","usesDefaultCloseImage":"1","marketURL":"https:\/\/play.google.com\/store\/apps\/details?id=com.mizo.construction.crane.hill.climb","packageID":"com.mizo.construction.crane.hill.climb"},"showTemplate":1,"s2s_tracking_url":"https:\/\/play.google.com\/store\/apps\/details?id=com.mizo.construction.crane.hill.climb","activeCreativeID":"65","scenes":["1","2","6","4"],"campaignAdType":"Interstitial","productId":"","purchaseBit":0,"licenseKey":""},{"campaignID":"50","attribution":0,"priority":"5","appToPromote":{"appToPromoteID":"1221","usesDefaultFrameImage":"1","usesDefaultCloseImage":"1","marketURL":"https:\/\/play.google.com\/store\/apps\/details?id=com.mizo.offroad.hill.climb","packageID":"com.mizo.offroad.hill.climb"},"showTemplate":1,"s2s_tracking_url":"https:\/\/play.google.com\/store\/apps\/details?id=com.mizo.offroad.hill.climb","activeCreativeID":"67","scenes":["1","2","6","4"],"campaignAdType":"Interstitial","productId":"","purchaseBit":0,"licenseKey":""},{"campaignID":"67","attribution":0,"priority":"5","appToPromote":{"appToPromoteID":"1306","usesDefaultFrameImage":"1","usesDefaultCloseImage":"1","marketURL":"https:\/\/play.google.com\/store\/apps\/details?id=com.mizo.extreme.heavy.truck","packageID":"com.mizo.extreme.heavy.truck"},"showTemplate":1,"s2s_tracking_url":"https:\/\/play.google.com\/store\/apps\/details?id=com.mizo.extreme.heavy.truck","activeCreativeID":"85","scenes":["1","2","6","4"],"campaignAdType":"Interstitial","productId":"","purchaseBit":0,"licenseKey":""},{"campaignID":"73","attribution":0,"priority":"5","appToPromote":{"appToPromoteID":"1458","usesDefaultFrameImage":"1","usesDefaultCloseImage":"1","marketURL":"https:\/\/play.google.com\/store\/apps\/details?id=com.mizo.army.prisoner.transport.simulator","packageID":"com.mizo.army.prisoner.transport.simulator"},"showTemplate":1,"s2s_tracking_url":"https:\/\/play.google.com\/store\/apps\/details?id=com.mizo.army.prisoner.transport.simulator","activeCreativeID":"93","scenes":["1","2","6","4"],"campaignAdType":"Interstitial","productId":"","purchaseBit":0,"licenseKey":""},{"campaignID":"74","attribution":0,"priority":"5","appToPromote":{"appToPromoteID":"1449","usesDefaultFrameImage":"1","usesDefaultCloseImage":"1","marketURL":"https:\/\/play.google.com\/store\/apps\/details?id=com.brilliantgamez.army.prisoners.transport.plane","packageID":"com.brilliantgamez.army.prisoners.transport.plane"},"showTemplate":1,"s2s_tracking_url":"https:\/\/play.google.com\/store\/apps\/details?id=com.brilliantgamez.army.prisoners.transport.plane","activeCreativeID":"94","scenes":["1","2","6","4"],"campaignAdType":"Interstitial","productId":"","purchaseBit":0,"licenseKey":""},{"campaignID":"78","attribution":0,"priority":"5","appToPromote":{"appToPromoteID":"1632","usesDefaultFrameImage":"1","usesDefaultCloseImage":"1","marketURL":"https:\/\/play.google.com\/store\/apps\/details?id=com.mizo.road.builder.city.construction","packageID":"com.mizo.road.builder.city.construction"},"showTemplate":1,"s2s_tracking_url":"https:\/\/play.google.com\/store\/apps\/details?id=com.mizo.road.builder.city.construction","activeCreativeID":"97","scenes":["1","2","6","4"],"campaignAdType":"Interstitial","productId":"","purchaseBit":0,"licenseKey":""},{"campaignID":"80","attribution":0,"priority":"5","appToPromote":{"appToPromoteID":"1675","usesDefaultFrameImage":"1","usesDefaultCloseImage":"1","marketURL":"https:\/\/play.google.com\/store\/apps\/details?id=com.mizo.flip.bottle.shooting.expert","packageID":"com.mizo.flip.bottle.shooting.expert"},"showTemplate":1,"s2s_tracking_url":"https:\/\/play.google.com\/store\/apps\/details?id=com.mizo.flip.bottle.shooting.expert","activeCreativeID":"100","scenes":["1","2","6","4"],"campaignAdType":"Interstitial","productId":"","purchaseBit":0,"licenseKey":""},{"campaignID":"110","attribution":0,"priority":"5","appToPromote":{"appToPromoteID":"1853","usesDefaultFrameImage":"1","usesDefaultCloseImage":"1","marketURL":"https:\/\/play.google.com\/store\/apps\/details?id=com.mizo.police.airplane.transporter","packageID":"com.mizo.police.airplane.transporter"},"showTemplate":1,"s2s_tracking_url":"https:\/\/play.google.com\/store\/apps\/details?id=com.mizo.police.airplane.transporter","activeCreativeID":"137","scenes":["1","2","6","4"],"campaignAdType":"Interstitial","productId":"","purchaseBit":0,"licenseKey":""},{"campaignID":"143","attribution":0,"priority":"5","appToPromote":{"appToPromoteID":"2089","usesDefaultFrameImage":"0","usesDefaultCloseImage":"0","marketURL":"https:\/\/play.google.com\/store\/apps\/details?id=com.mizo.sports.car.mechanic","packageID":"com.mizo.sports.car.mechanic"},"showTemplate":1,"s2s_tracking_url":"https:\/\/play.google.com\/store\/apps\/details?id=com.mizo.sports.car.mechanic","activeCreativeID":"184","scenes":["1","2","6","4"],"campaignAdType":"Interstitial","productId":"","purchaseBit":0,"licenseKey":""},{"campaignID":"147","attribution":0,"priority":"5","appToPromote":{"appToPromoteID":"2085","usesDefaultFrameImage":"0","usesDefaultCloseImage":"0","marketURL":"https:\/\/play.google.com\/store\/apps\/details?id=com.mizo.robot.gang.mafia","packageID":"com.mizo.robot.gang.mafia"},"showTemplate":1,"s2s_tracking_url":"https:\/\/play.google.com\/store\/apps\/details?id=com.mizo.robot.gang.mafia","activeCreativeID":"188","scenes":["1","2","6","4"],"campaignAdType":"Interstitial","productId":"","purchaseBit":0,"licenseKey":""},{"campaignID":"227","attribution":0,"priority":"5","appToPromote":{"appToPromoteID":"2571","usesDefaultFrameImage":"0","usesDefaultCloseImage":"0","marketURL":"https:\/\/play.google.com\/store\/apps\/details?id=com.mizo.raft.suvival","packageID":"com.mizo.raft.suvival"},"showTemplate":1,"s2s_tracking_url":"https:\/\/play.google.com\/store\/apps\/details?id=com.mizo.raft.suvival","activeCreativeID":"302","scenes":["1","2","6","4"],"campaignAdType":"Interstitial","productId":"","purchaseBit":0,"licenseKey":""},{"campaignID":"317","attribution":0,"priority":"5","appToPromote":{"appToPromoteID":"2723","usesDefaultFrameImage":"0","usesDefaultCloseImage":"0","marketURL":"https:\/\/play.google.com\/store\/apps\/details?id=com.mizo.helicopter.rescue","packageID":"com.mizo.helicopter.rescue"},"showTemplate":1,"s2s_tracking_url":"https:\/\/play.google.com\/store\/apps\/details?id=com.mizo.helicopter.rescue","activeCreativeID":"324","scenes":["1","2","6","4"],"campaignAdType":"Interstitial","productId":"","purchaseBit":0,"licenseKey":""},{"campaignID":"367","attribution":0,"priority":"5","appToPromote":{"appToPromoteID":"2911","usesDefaultFrameImage":"0","usesDefaultCloseImage":"0","marketURL":"https:\/\/play.google.com\/store\/apps\/details?id=com.mizo.police.ship.transporter","packageID":"com.mizo.police.ship.transporter"},"showTemplate":1,"s2s_tracking_url":"https:\/\/play.google.com\/store\/apps\/details?id=com.mizo.police.ship.transporter","activeCreativeID":"383","scenes":["1","2","6","4"],"campaignAdType":"Interstitial","productId":"","purchaseBit":0,"licenseKey":""},{"campaignID":"390","attribution":0,"priority":"5","appToPromote":{"appToPromoteID":"3077","usesDefaultFrameImage":"0","usesDefaultCloseImage":"0","marketURL":"https:\/\/play.google.com\/store\/apps\/details?id=com.mizo.transformer.shooting","packageID":"com.mizo.transformer.shooting"},"showTemplate":1,"s2s_tracking_url":"https:\/\/play.google.com\/store\/apps\/details?id=com.mizo.transformer.shooting","activeCreativeID":"441","scenes":["1","2","6","4"],"campaignAdType":"Interstitial","productId":"","purchaseBit":0,"licenseKey":""},{"campaignID":"408","attribution":0,"priority":"5","appToPromote":{"appToPromoteID":"3095","usesDefaultFrameImage":"0","usesDefaultCloseImage":"0","marketURL":"https:\/\/play.google.com\/store\/apps\/details?id=com.mizo.superhero.robot","packageID":"com.mizo.superhero.robot"},"showTemplate":1,"s2s_tracking_url":"https:\/\/play.google.com\/store\/apps\/details?id=com.mizo.superhero.robot","activeCreativeID":"443","scenes":["1","2","6","4"],"campaignAdType":"Interstitial","productId":"","purchaseBit":0,"licenseKey":""},{"campaignID":"410","attribution":0,"priority":"5","appToPromote":{"appToPromoteID":"3145","usesDefaultFrameImage":"0","usesDefaultCloseImage":"0","marketURL":"https:\/\/play.google.com\/store\/apps\/details?id=com.mizo.extreme.bikerider","packageID":"com.mizo.extreme.bikerider"},"showTemplate":1,"s2s_tracking_url":"https:\/\/play.google.com\/store\/apps\/details?id=com.mizo.extreme.bikerider","activeCreativeID":"448","scenes":["1","2","6","4"],"campaignAdType":"Interstitial","productId":"","purchaseBit":0,"licenseKey":""},{"campaignID":"428","attribution":0,"priority":"5","appToPromote":{"appToPromoteID":"3250","usesDefaultFrameImage":"0","usesDefaultCloseImage":"0","marketURL":"https:\/\/play.google.com\/store\/apps\/details?id=com.mizo.bicycle.stunt.racer","packageID":"com.mizo.bicycle.stunt.racer"},"showTemplate":1,"s2s_tracking_url":"https:\/\/play.google.com\/store\/apps\/details?id=com.mizo.bicycle.stunt.racer","activeCreativeID":"472","scenes":["1","2","6","4"],"campaignAdType":"Interstitial","productId":"","purchaseBit":0,"licenseKey":""},{"campaignID":"429","attribution":0,"priority":"5","appToPromote":{"appToPromoteID":"3253","usesDefaultFrameImage":"0","usesDefaultCloseImage":"0","marketURL":"https:\/\/play.google.com\/store\/apps\/details?id=com.mizo.rooftop.stunts","packageID":"com.mizo.rooftop.stunts"},"showTemplate":1,"s2s_tracking_url":"https:\/\/play.google.com\/store\/apps\/details?id=com.mizo.rooftop.stunts","activeCreativeID":"474","scenes":["1","2","6","4"],"campaignAdType":"Interstitial","productId":"","purchaseBit":0,"licenseKey":""},{"campaignID":"456","attribution":0,"priority":"5","appToPromote":{"appToPromoteID":"2448","usesDefaultFrameImage":"0","usesDefaultCloseImage":"0","marketURL":"https:\/\/play.google.com\/store\/apps\/details?id=com.mizo.battle.simulator","packageID":"com.mizo.battle.simulator"},"showTemplate":1,"s2s_tracking_url":"https:\/\/play.google.com\/store\/apps\/details?id=com.mizo.battle.simulator","activeCreativeID":"503","scenes":["1","2","6","4"],"campaignAdType":"Interstitial","productId":"","purchaseBit":0,"licenseKey":""},{"campaignID":"482","attribution":0,"priority":"5","appToPromote":{"appToPromoteID":"2877","usesDefaultFrameImage":"0","usesDefaultCloseImage":"0","marketURL":"https:\/\/play.google.com\/store\/apps\/details?id=com.mizo.underwater.tourist.bus","packageID":"com.mizo.underwater.tourist.bus"},"showTemplate":1,"s2s_tracking_url":"https:\/\/play.google.com\/store\/apps\/details?id=com.mizo.underwater.tourist.bus","activeCreativeID":"540","scenes":["1","2","6","4"],"campaignAdType":"Interstitial","productId":"","purchaseBit":0,"licenseKey":""},{"campaignID":"490","attribution":0,"priority":"5","appToPromote":{"appToPromoteID":"3518","usesDefaultFrameImage":"0","usesDefaultCloseImage":"0","marketURL":"https:\/\/play.google.com\/store\/apps\/details?id=com.crazyneuron.superhero.robot.world","packageID":"com.crazyneuron.superhero.robot.world"},"showTemplate":1,"s2s_tracking_url":"https:\/\/play.google.com\/store\/apps\/details?id=com.crazyneuron.superhero.robot.world","activeCreativeID":"550","scenes":["1","2","6","4"],"campaignAdType":"Interstitial","productId":"","purchaseBit":0,"licenseKey":""},{"campaignID":"501","attribution":0,"priority":"5","appToPromote":{"appToPromoteID":"3579","usesDefaultFrameImage":"0","usesDefaultCloseImage":"0","marketURL":"https:\/\/play.google.com\/store\/apps\/details?id=com.crazyneuron.us.army.transport","packageID":"com.crazyneuron.us.army.transport"},"showTemplate":1,"s2s_tracking_url":"https:\/\/play.google.com\/store\/apps\/details?id=com.crazyneuron.us.army.transport","activeCreativeID":"577","scenes":["1","2","6","4"],"campaignAdType":"Interstitial","productId":"","purchaseBit":0,"licenseKey":""},{"campaignID":"512","attribution":0,"priority":"5","appToPromote":{"appToPromoteID":"3683","usesDefaultFrameImage":"0","usesDefaultCloseImage":"0","marketURL":"https:\/\/play.google.com\/store\/apps\/details?id=com.mizo.plane.landing","packageID":"com.mizo.plane.landing"},"showTemplate":1,"s2s_tracking_url":"https:\/\/play.google.com\/store\/apps\/details?id=com.mizo.plane.landing","activeCreativeID":"594","scenes":["1","2","6","4"],"campaignAdType":"Interstitial","productId":"","purchaseBit":0,"licenseKey":""},{"campaignID":"6210","attribution":0,"priority":"5","appToPromote":{"appToPromoteID":"11566","usesDefaultFrameImage":"0","usesDefaultCloseImage":"0","marketURL":"https:\/\/play.google.com\/store\/apps\/details?id=com.mizo.line.drawing.puzzle.game","packageID":"com.mizo.line.drawing.puzzle.game"},"showTemplate":1,"s2s_tracking_url":"https:\/\/play.google.com\/store\/apps\/details?id=com.mizo.line.drawing.puzzle.game","activeCreativeID":"1322","scenes":["1","2","6","4"],"campaignAdType":"Video","productId":"","purchaseBit":0,"licenseKey":""},{"campaignID":"6213","attribution":0,"priority":"5","appToPromote":{"appToPromoteID":"11633","usesDefaultFrameImage":"0","usesDefaultCloseImage":"0","marketURL":"https:\/\/play.google.com\/store\/apps\/details?id=com.mizo.car.driving.simulator","packageID":"com.mizo.car.driving.simulator"},"showTemplate":1,"s2s_tracking_url":"https:\/\/play.google.com\/store\/apps\/details?id=com.mizo.car.driving.simulator","activeCreativeID":"1325","scenes":["1","2","6","4"],"campaignAdType":"Video","productId":"","purchaseBit":0,"licenseKey":""},{"campaignID":"6214","attribution":0,"priority":"5","appToPromote":{"appToPromoteID":"11661","usesDefaultFrameImage":"0","usesDefaultCloseImage":"0","marketURL":"https:\/\/play.google.com\/store\/apps\/details?id=com.mizo.car.tycoon.game","packageID":"com.mizo.car.tycoon.game"},"showTemplate":1,"s2s_tracking_url":"https:\/\/play.google.com\/store\/apps\/details?id=com.mizo.car.tycoon.game","activeCreativeID":"1326","scenes":["1","2","6","4"],"campaignAdType":"Video","productId":"","purchaseBit":0,"licenseKey":""},{"campaignID":"6254","attribution":0,"priority":"5","appToPromote":{"appToPromoteID":"11810","usesDefaultFrameImage":"0","usesDefaultCloseImage":"0","marketURL":"https:\/\/play.google.com\/store\/apps\/details?id=com.mizo.car.transporter.games","packageID":"com.mizo.car.transporter.games"},"showTemplate":1,"s2s_tracking_url":"https:\/\/play.google.com\/store\/apps\/details?id=com.mizo.car.transporter.games","activeCreativeID":"1370","scenes":["1","2","6","4"],"campaignAdType":"Video","productId":"","purchaseBit":0,"licenseKey":""},{"campaignID":"6256","attribution":0,"priority":"5","appToPromote":{"appToPromoteID":"11880","usesDefaultFrameImage":"0","usesDefaultCloseImage":"0","marketURL":"https:\/\/play.google.com\/store\/apps\/details?id=com.mizo.us.army.transporter","packageID":"com.mizo.us.army.transporter"},"showTemplate":1,"s2s_tracking_url":"https:\/\/play.google.com\/store\/apps\/details?id=com.mizo.us.army.transporter","activeCreativeID":"1372","scenes":["1","2","6","4"],"campaignAdType":"Video","productId":"","purchaseBit":0,"licenseKey":""},{"campaignID":"6264","attribution":0,"priority":"5","appToPromote":{"appToPromoteID":"11879","usesDefaultFrameImage":"0","usesDefaultCloseImage":"0","marketURL":"https:\/\/play.google.com\/store\/apps\/details?id=com.buntoo.car.racing.games","packageID":"com.buntoo.car.racing.games"},"showTemplate":1,"s2s_tracking_url":"https:\/\/play.google.com\/store\/apps\/details?id=com.buntoo.car.racing.games","activeCreativeID":"1380","scenes":["1","2","6","4"],"campaignAdType":"Video","productId":"","purchaseBit":0,"licenseKey":""},{"campaignID":"6363","attribution":0,"priority":"5","appToPromote":{"appToPromoteID":"12100","usesDefaultFrameImage":"0","usesDefaultCloseImage":"0","marketURL":"https:\/\/play.google.com\/store\/apps\/details?id=com.mizo.police.transport.shooting","packageID":"com.mizo.police.transport.shooting"},"showTemplate":1,"s2s_tracking_url":"https:\/\/play.google.com\/store\/apps\/details?id=com.mizo.police.transport.shooting","activeCreativeID":"1519","scenes":["1","2","6","4"],"campaignAdType":"Video","productId":"","purchaseBit":0,"licenseKey":""},{"campaignID":"6430","attribution":0,"priority":"5","appToPromote":{"appToPromoteID":"12340","usesDefaultFrameImage":"0","usesDefaultCloseImage":"0","marketURL":"https:\/\/play.google.com\/store\/apps\/details?id=com.buntoo.robot.car.transporter.games","packageID":"com.buntoo.robot.car.transporter.games"},"showTemplate":1,"s2s_tracking_url":"https:\/\/play.google.com\/store\/apps\/details?id=com.buntoo.robot.car.transporter.games","activeCreativeID":"1563","scenes":["1","2","6","4"],"campaignAdType":"Video","productId":"","purchaseBit":0,"licenseKey":""},{"campaignID":"6432","attribution":0,"priority":"5","appToPromote":{"appToPromoteID":"12565","usesDefaultFrameImage":"0","usesDefaultCloseImage":"0","marketURL":"https:\/\/play.google.com\/store\/apps\/details?id=com.mizo.train.gold.robbery.games","packageID":"com.mizo.train.gold.robbery.games"},"showTemplate":1,"s2s_tracking_url":"https:\/\/play.google.com\/store\/apps\/details?id=com.mizo.train.gold.robbery.games","activeCreativeID":"1565","scenes":["1","2","6","4"],"campaignAdType":"Video","productId":"","purchaseBit":0,"licenseKey":""},{"campaignID":"6445","attribution":0,"priority":"5","appToPromote":{"appToPromoteID":"12564","usesDefaultFrameImage":"0","usesDefaultCloseImage":"0","marketURL":"https:\/\/play.google.com\/store\/apps\/details?id=com.cradley.prison.escape.casino.robbery","packageID":"com.cradley.prison.escape.casino.robbery"},"showTemplate":1,"s2s_tracking_url":"https:\/\/play.google.com\/store\/apps\/details?id=com.cradley.prison.escape.casino.robbery","activeCreativeID":"1575","scenes":["1","2","6","4"],"campaignAdType":"Video","productId":"","purchaseBit":0,"licenseKey":""}],"refreshAdRate":30,"mode":"Production","aspectRatio":"4_3","cdnPath":"https:\/\/df8ymybeo92md.cloudfront.net\/images\/","sentry_log":0,"local_logging":0,"sentry_dsn":"https:\/\/93ffa1c9a4124f67b8888a53265f751a:bbf998e04584477fa9a145838e9d3b26@sentry.io\/168994","sentry_initialization":1,"sentry_debugging":0,"bannerSizes":[],"aspectRatioVideo":"16_9","app_id":"1946","showPreRewardedDialogue":0,"showPostRewardedDialogue":0,"rewardCurrency":"coins","rewardValue":0,"isSkipable":0,"privacyPolicyURL":"https:\/\/www.consoliads.com\/privacy-policy\/","sessionToken":"Eaguk4+xQak4epfXWclLTjdPsGY3IfwBJOfWjjtKNZMGjo0huI3C4z3TmXvrb0aYeVZhnylHxAbG9QO0p6+Dvs76c8T+DBbj\/ZzfSiYNTnUBoYGCx8MDg+upzKbIojBEnOFv6KXXJF1RBZoIPk+E2tnKDF6o5k6KnvzTWzO345I="}
Session token value is set


{"appKey":"e6c288ffb04d929a4737a593ce216e8b","deviceID":"1053","stats":[{"campaignID":126,"packageID":"com.gss.clown.robbery.gangster.squad","sceneStats":[{"sceneID":"3","eventStats":"311,211,111,11,11,0,0"}]}],"sdkVersion":"39","sessionToken":"Eaguk4+xQak4epfXWclLTjdPsGY3IfwBJOfWjjtKNZMGjo0huI3C4z3TmXvrb0aYeVZhnylHxAbG9QO0p6+Dvs76c8T+DBbj\/ZzfSiYNTnUBoYGCx8MDg+upzKbIojBEnOFv6KXXJF1RBZoIPk+E2tnKDF6o5k6KnvzTWzO345I="}
cache_ttl value is correct

Refresh Ad Rate value is correct
mode value is set

 Aspect ratio value is correct
sentry_log value is set
local_logging value is set
sentry_initialization value is set
sentry_debugging value is set
showPreRewardedDialogue value is set
showPostRewardedDialogue value is set
isSkipable value is set
{"cache_ttl":10080,"cache_ttl_rewarded":10080,"cache_ttl_banner":10080,"cache_ttl_native":10080,"cache_ttl_icon":10080,"campaigns":[{"campaignID":"8378","attribution":0,"priority":"8","appToPromote":{"appToPromoteID":"16480","usesDefaultFrameImage":"0","usesDefaultCloseImage":"0","marketURL":"https:\/\/play.google.com\/store\/apps\/details?id=com.nag.home.manager.working.virtual.mom","packageID":"com.GSS317.AmazingFamily"},"showTemplate":1,"s2s_tracking_url":"https:\/\/play.google.com\/store\/apps\/details?id=com.nag.home.manager.working.virtual.mom","activeCreativeID":"3720","scenes":["12","1","8","6","15","2"],"campaignAdType":"Interstitial","productId":"","purchaseBit":0,"licenseKey":""},{"campaignID":"9547","attribution":0,"priority":"8","appToPromote":{"appToPromoteID":"11879","usesDefaultFrameImage":"0","usesDefaultCloseImage":"0","marketURL":"https:\/\/play.google.com\/store\/apps\/details?id=com.buntoo.car.racing.games","packageID":"com.buntoo.car.racing.games"},"showTemplate":1,"s2s_tracking_url":"https:\/\/play.google.com\/store\/apps\/details?id=com.buntoo.car.racing.games","activeCreativeID":"4964","scenes":["12","1","8","6","15","2"],"campaignAdType":"Interstitial","productId":"","purchaseBit":0,"licenseKey":""},{"campaignID":"9586","attribution":0,"priority":"8","appToPromote":{"appToPromoteID":"515","usesDefaultFrameImage":"1","usesDefaultCloseImage":"1","marketURL":"https:\/\/play.google.com\/store\/apps\/details?id=com.plum.cash.counter.simualtor","packageID":"com.plum.cash.counter.simualtor"},"showTemplate":1,"s2s_tracking_url":"https:\/\/play.google.com\/store\/apps\/details?id=com.plum.cash.counter.simualtor","activeCreativeID":"50","scenes":["12","1","8","6","15","2"],"campaignAdType":"Interstitial","productId":"","purchaseBit":0,"licenseKey":""},{"campaignID":"9587","attribution":0,"priority":"8","appToPromote":{"appToPromoteID":"515","usesDefaultFrameImage":"1","usesDefaultCloseImage":"1","marketURL":"https:\/\/play.google.com\/store\/apps\/details?id=com.plum.cash.counter.simualtor","packageID":"com.plum.cash.counter.simualtor"},"showTemplate":1,"s2s_tracking_url":"https:\/\/play.google.com\/store\/apps\/details?id=com.plum.cash.counter.simualtor","activeCreativeID":"50","scenes":["12","1","8","6","15","2"],"campaignAdType":"Interstitial","productId":"","purchaseBit":0,"licenseKey":""},{"campaignID":"9588","attribution":0,"priority":"8","appToPromote":{"appToPromoteID":"515","usesDefaultFrameImage":"1","usesDefaultCloseImage":"1","marketURL":"https:\/\/play.google.com\/store\/apps\/details?id=com.plum.cash.counter.simualtor","packageID":"com.plum.cash.counter.simualtor"},"showTemplate":1,"s2s_tracking_url":"https:\/\/play.google.com\/store\/apps\/details?id=com.plum.cash.counter.simualtor","activeCreativeID":"50","scenes":["12","1","8","6","15","2"],"campaignAdType":"Interstitial","productId":"","purchaseBit":0,"licenseKey":""},{"campaignID":"9589","attribution":0,"priority":"8","appToPromote":{"appToPromoteID":"515","usesDefaultFrameImage":"1","usesDefaultCloseImage":"1","marketURL":"https:\/\/play.google.com\/store\/apps\/details?id=com.plum.cash.counter.simualtor","packageID":"com.plum.cash.counter.simualtor"},"showTemplate":1,"s2s_tracking_url":"https:\/\/play.google.com\/store\/apps\/details?id=com.plum.cash.counter.simualtor","activeCreativeID":"50","scenes":["12","1","8","6","15","2"],"campaignAdType":"Interstitial","productId":"","purchaseBit":0,"licenseKey":""},{"campaignID":"9131","attribution":0,"priority":"8","appToPromote":{"appToPromoteID":"17532","usesDefaultFrameImage":"0","usesDefaultCloseImage":"0","marketURL":"https:\/\/play.google.com\/store\/apps\/details?id=com.dhgate.buyermob","packageID":"com.dhgate.buyermob"},"showTemplate":1,"s2s_tracking_url":"https:\/\/tha.gotrackier.com\/click?campaign_id=63254\\u0026pub_id=75?p1=2081_9131_1053&amp;source=6841&amp;app_name=ClownRobberyGangsterSquad&amp;gaid=1053","activeCreativeID":"4483","scenes":["12","1","8","6","15","2"],"campaignAdType":"Interstitial","productId":"","purchaseBit":0,"licenseKey":""},{"campaignID":"8380","attribution_link":"","attribution":1,"priority":"7","appToPromote":{"appToPromoteID":"16480","usesDefaultFrameImage":"0","usesDefaultCloseImage":"0","marketURL":"https:\/\/play.google.com\/store\/apps\/details?id=com.nag.home.manager.working.virtual.mom","packageID":"com.GSS317.AmazingFamily"},"showTemplate":1,"s2s_tracking_url":"","activeCreativeID":"3720","scenes":["12","1","8","6","15","2"],"campaignAdType":"Interstitial","productId":"","purchaseBit":0,"licenseKey":""},{"campaignID":"444","attribution":0,"priority":"6","appToPromote":{"appToPromoteID":"3355","usesDefaultFrameImage":"0","usesDefaultCloseImage":"0","marketURL":"https:\/\/play.google.com\/store\/apps\/details?id=com.popnsons.parkour.mouse","packageID":"com.popnsons.parkour.mouse"},"showTemplate":1,"s2s_tracking_url":"https:\/\/play.google.com\/store\/apps\/details?id=com.popnsons.parkour.mouse","activeCreativeID":"469","scenes":["12","1","8","6","15","2"],"campaignAdType":"Interstitial","productId":"","purchaseBit":0,"licenseKey":""},{"campaignID":"561","attribution":0,"priority":"6","appToPromote":{"appToPromoteID":"5026","usesDefaultFrameImage":"0","usesDefaultCloseImage":"0","marketURL":"https:\/\/play.google.com\/store\/apps\/details?id=com.as.cashupapp","packageID":"com.as.cashupapp"},"showTemplate":1,"s2s_tracking_url":"https:\/\/play.google.com\/store\/apps\/details?id=com.as.cashupapp","activeCreativeID":"652","scenes":["12","1","8","6","15","2"],"campaignAdType":"Interstitial","productId":"","purchaseBit":0,"licenseKey":""},{"campaignID":"570","attribution":0,"priority":"6","appToPromote":{"appToPromoteID":"3802","usesDefaultFrameImage":"0","usesDefaultCloseImage":"0","marketURL":"https:\/\/play.google.com\/store\/apps\/details?id=com.Madxstudios.Flickshootsoccer","packageID":"com.Madxstudios.Flickshootsoccer"},"showTemplate":1,"s2s_tracking_url":"https:\/\/play.google.com\/store\/apps\/details?id=com.Madxstudios.Flickshootsoccer","activeCreativeID":"661","scenes":["12","1","8","6","15","2"],"campaignAdType":"Interstitial","productId":"","purchaseBit":0,"licenseKey":""},{"campaignID":"588","attribution":0,"priority":"6","appToPromote":{"appToPromoteID":"5026","usesDefaultFrameImage":"0","usesDefaultCloseImage":"0","marketURL":"https:\/\/play.google.com\/store\/apps\/details?id=com.as.cashupapp","packageID":"com.as.cashupapp"},"showTemplate":1,"s2s_tracking_url":"https:\/\/play.google.com\/store\/apps\/details?id=com.as.cashupapp","activeCreativeID":"652","scenes":["12","1","8","6","15","2"],"campaignAdType":"Interstitial","productId":"","purchaseBit":0,"licenseKey":""},{"campaignID":"8808","attribution_link":"","attribution":1,"priority":"5","appToPromote":{"appToPromoteID":"16528","usesDefaultFrameImage":"0","usesDefaultCloseImage":"0","marketURL":"https:\/\/play.google.com\/store\/apps\/details?id=com.bag.farm.day.village.farming.games","packageID":"com.GSS317.com.bag.farm.day.village.farming.games"},"showTemplate":1,"s2s_tracking_url":"","activeCreativeID":"3775","scenes":["12","1","8","6","15","2"],"campaignAdType":"Interstitial","productId":"","purchaseBit":0,"licenseKey":""},{"campaignID":"8973","attribution":0,"priority":"5","appToPromote":{"appToPromoteID":"15974","usesDefaultFrameImage":"0","usesDefaultCloseImage":"0","marketURL":"https:\/\/play.google.com\/store\/apps\/details?id=com.mustardgames.bmx.cycle.stunt.mega.ramp.impossibletracks","packageID":"com.mustardgames.bmx.cycle.stunt.mega.ramp.impossibletracks"},"showTemplate":1,"s2s_tracking_url":"https:\/\/play.google.com\/store\/apps\/details?id=com.mustardgames.bmx.cycle.stunt.mega.ramp.impossibletracks","activeCreativeID":"4339","scenes":["12","1","8","6","15","2"],"campaignAdType":"Interstitial","productId":"","purchaseBit":0,"licenseKey":""},{"campaignID":"414","attribution":0,"priority":"3","appToPromote":{"appToPromoteID":"3023","usesDefaultFrameImage":"0","usesDefaultCloseImage":"0","marketURL":"https:\/\/play.google.com\/store\/apps\/details?id=com.appricot2d.rolo.pet.parrot","packageID":"com.appricot2d.rolo.pet.parrot"},"showTemplate":1,"s2s_tracking_url":"https:\/\/play.google.com\/store\/apps\/details?id=com.appricot2d.rolo.pet.parrot","activeCreativeID":"385","scenes":["12","1","8","6","15","2"],"campaignAdType":"Interstitial","productId":"","purchaseBit":0,"licenseKey":""},{"campaignID":"559","attribution":0,"priority":"3","appToPromote":{"appToPromoteID":"3476","usesDefaultFrameImage":"0","usesDefaultCloseImage":"0","marketURL":"https:\/\/play.google.com\/store\/apps\/details?id=com.perspectivegames.real.impossible.tracks.stunts","packageID":"com.perspectivegames.real.impossible.tracks.stunts"},"showTemplate":1,"s2s_tracking_url":"https:\/\/play.google.com\/store\/apps\/details?id=com.perspectivegames.real.impossible.tracks.stunts","activeCreativeID":"649","scenes":["12","1","8","6","15","2"],"campaignAdType":"Interstitial","productId":"","purchaseBit":0,"licenseKey":""},{"campaignID":"741","attribution":0,"priority":"3","appToPromote":{"appToPromoteID":"5609","usesDefaultFrameImage":"0","usesDefaultCloseImage":"0","marketURL":"https:\/\/play.google.com\/store\/apps\/details?id=com.kick.gyroscopic.city.train.driver.simulator","packageID":"com.kick.gyroscopic.city.train.driver.simulator"},"showTemplate":1,"s2s_tracking_url":"https:\/\/play.google.com\/store\/apps\/details?id=com.kick.gyroscopic.city.train.driver.simulator","activeCreativeID":"753","scenes":["12","1","8","6","15","2"],"campaignAdType":"Interstitial","productId":"","purchaseBit":0,"licenseKey":""},{"campaignID":"798","attribution":0,"priority":"3","appToPromote":{"appToPromoteID":"5770","usesDefaultFrameImage":"0","usesDefaultCloseImage":"0","marketURL":"https:\/\/play.google.com\/store\/apps\/details?id=com.simulatorgames3d.alohacelebrations","packageID":"com.simulatorgames3d.alohacelebrations"},"showTemplate":1,"s2s_tracking_url":"https:\/\/play.google.com\/store\/apps\/details?id=com.simulatorgames3d.alohacelebrations","activeCreativeID":"787","scenes":["12","1","8","6","15","2"],"campaignAdType":"Interstitial","productId":"","purchaseBit":0,"licenseKey":""},{"campaignID":"1483","attribution":0,"priority":"3","appToPromote":{"appToPromoteID":"1714","usesDefaultFrameImage":"1","usesDefaultCloseImage":"1","marketURL":"https:\/\/play.google.com\/store\/apps\/details?id=com.playink.cookie.maker","packageID":"com.playink.cookie.maker"},"showTemplate":1,"s2s_tracking_url":"https:\/\/play.google.com\/store\/apps\/details?id=com.playink.cookie.maker","activeCreativeID":"1020","scenes":["12","1","8","6","15","2"],"campaignAdType":"Interstitial","productId":"","purchaseBit":0,"licenseKey":""},{"campaignID":"8762","attribution":0,"priority":"2","appToPromote":{"appToPromoteID":"13265","usesDefaultFrameImage":"0","usesDefaultCloseImage":"0","marketURL":"https:\/\/play.google.com\/store\/apps\/details?id=com.rhg.tricky.bike.stunt.moto.master","packageID":"com.rhg.tricky.bike.stunt.moto.master"},"showTemplate":1,"s2s_tracking_url":"https:\/\/play.google.com\/store\/apps\/details?id=com.rhg.tricky.bike.stunt.moto.master","activeCreativeID":"4121","scenes":["12","1","8","6","15","2"],"campaignAdType":"Rewarded Video","productId":"","purchaseBit":0,"licenseKey":""},{"campaignID":"9366","attribution":0,"priority":"2","appToPromote":{"appToPromoteID":"17602","usesDefaultFrameImage":"0","usesDefaultCloseImage":"0","marketURL":"https:\/\/play.google.com\/store\/apps\/details?id=com.abaenglish.videoclass&amp;referrer=utm_source=42matters.com&amp;utm_medium=api","packageID":"com.abaenglish.videoclass"},"showTemplate":1,"s2s_tracking_url":"https:\/\/play.google.com\/store\/apps\/details?id=com.abaenglish.videoclass&amp;referrer=utm_source=42matters.com&amp;utm_medium=api","activeCreativeID":"4815","scenes":["12","1","8","6","15","2"],"campaignAdType":"Interstitial","productId":"","purchaseBit":0,"licenseKey":""},{"campaignID":"9367","attribution":0,"priority":"2","appToPromote":{"appToPromoteID":"17602","usesDefaultFrameImage":"0","usesDefaultCloseImage":"0","marketURL":"https:\/\/play.google.com\/store\/apps\/details?id=com.abaenglish.videoclass&amp;referrer=utm_source=42matters.com&amp;utm_medium=api","packageID":"com.abaenglish.videoclass"},"showTemplate":1,"s2s_tracking_url":"https:\/\/play.google.com\/store\/apps\/details?id=com.abaenglish.videoclass&amp;referrer=utm_source=42matters.com&amp;utm_medium=api","activeCreativeID":"4815","scenes":["12","1","8","6","15","2"],"campaignAdType":"Interstitial","productId":"","purchaseBit":0,"licenseKey":""}],"refreshAdRate":30,"mode":"Production","aspectRatio":"4_3","cdnPath":"https:\/\/df8ymybeo92md.cloudfront.net\/images\/","sentry_log":0,"local_logging":0,"sentry_dsn":"https:\/\/93ffa1c9a4124f67b8888a53265f751a:bbf998e04584477fa9a145838e9d3b26@sentry.io\/168994","sentry_initialization":1,"sentry_debugging":0,"bannerSizes":["5"],"aspectRatioVideo":"16_9","app_id":"2081","showPreRewardedDialogue":0,"showPostRewardedDialogue":0,"rewardCurrency":"coins","rewardValue":0,"isSkipable":0,"privacyPolicyURL":"https:\/\/www.consoliads.com\/privacy-policy\/","sessionToken":"G6VUcamEgqa261cfPFxJDWpU2FRbZ3K\/5xkA7s25OuGAtLgQz9UT9cRu7Yg0y2MOpsBrc58XD6+6Q2hpiTf8GksPpkPn6YJYvIJhhXGfVwC7QyhAKsjPexd4uy3UjFdlMDyiOpKHC3gSiSjg6OP8n1+dv\/XxbLCtocGFTGCCIo0="}
Session token value is set


{"appKey":"4d80502e5e231c73aef56bc16c23e28e","deviceID":"8621","stats":[{"campaignID":128,"packageID":"com.tgp.multistorey.car.transporter.truck","sceneStats":[{"sceneID":"22","eventStats":"386,286,186,86,86,0,0"}]}],"sdkVersion":"2163","sessionToken":"G6VUcamEgqa261cfPFxJDWpU2FRbZ3K\/5xkA7s25OuGAtLgQz9UT9cRu7Yg0y2MOpsBrc58XD6+6Q2hpiTf8GksPpkPn6YJYvIJhhXGfVwC7QyhAKsjPexd4uy3UjFdlMDyiOpKHC3gSiSjg6OP8n1+dv\/XxbLCtocGFTGCCIo0="}
cache_ttl value is correct

Title value is correct

Title value is correct

Title value is correct

Title value is correct

Title value is correct

Title value is correct

Refresh Ad Rate value is correct
mode value is set

 Aspect ratio value is correct
sentry_log value is set
local_logging value is set
sentry_initialization value is set
sentry_debugging value is set
showPreRewardedDialogue value is set
showPostRewardedDialogue value is set
isSkipable value is set
{"cache_ttl":10080,"cache_ttl_rewarded":10080,"cache_ttl_banner":10080,"cache_ttl_native":10080,"cache_ttl_icon":10080,"campaigns":[{"campaignID":"8226","attribution":0,"priority":"8","appToPromote":{"appToPromoteID":"12623","usesDefaultFrameImage":"0","usesDefaultCloseImage":"0","marketURL":"https:\/\/play.google.com\/store\/apps\/details?id=com.igg.android.lordsmobile&amp;referrer=utm_source=42matters.com&amp;utm_medium=api","packageID":"com.nooribrand.android.lordsmobile"},"showTemplate":1,"s2s_tracking_url":"https:\/\/play.google.com\/store\/apps\/details?id=com.igg.android.lordsmobile&amp;referrer=utm_source=42matters.com&amp;utm_medium=api","activeCreativeID":"3557","scenes":["12","1","8","6","15","2"],"campaignAdType":"Icon","productId":"","purchaseBit":0,"licenseKey":""},{"campaignID":"8378","attribution":0,"priority":"8","appToPromote":{"appToPromoteID":"16480","usesDefaultFrameImage":"0","usesDefaultCloseImage":"0","marketURL":"https:\/\/play.google.com\/store\/apps\/details?id=com.nag.home.manager.working.virtual.mom","packageID":"com.GSS317.AmazingFamily"},"showTemplate":1,"s2s_tracking_url":"https:\/\/play.google.com\/store\/apps\/details?id=com.nag.home.manager.working.virtual.mom","activeCreativeID":"3720","scenes":["12","1","8","6","15","2"],"campaignAdType":"Interstitial","productId":"","purchaseBit":0,"licenseKey":""},{"campaignID":"8613","attribution":0,"priority":"8","appToPromote":{"appToPromoteID":"12623","usesDefaultFrameImage":"0","usesDefaultCloseImage":"0","marketURL":"https:\/\/play.google.com\/store\/apps\/details?id=com.igg.android.lordsmobile&amp;referrer=utm_source=42matters.com&amp;utm_medium=api","packageID":"com.nooribrand.android.lordsmobile"},"showTemplate":1,"s2s_tracking_url":"https:\/\/play.google.com\/store\/apps\/details?id=com.igg.android.lordsmobile&amp;referrer=utm_source=42matters.com&amp;utm_medium=api","activeCreativeID":"3557","scenes":["12","1","8","6","15","2"],"campaignAdType":"Icon","productId":"","purchaseBit":0,"licenseKey":""},{"campaignID":"9252","attribution":0,"priority":"8","appToPromote":{"appToPromoteID":"12315","usesDefaultFrameImage":"0","usesDefaultCloseImage":"0","marketURL":"google.com","packageID":"com.qabrand.plnative"},"showTemplate":1,"s2s_tracking_url":"google.com","activeCreativeID":"4683","scenes":["12","1","8","6","15","2"],"campaignAdType":"Native","title":"Native first","subTitle":"First ","description":"New description","adClickThroughText":"FIRST Button","productId":"","purchaseBit":0,"licenseKey":""},{"campaignID":"9253","attribution":0,"priority":"8","appToPromote":{"appToPromoteID":"12315","usesDefaultFrameImage":"0","usesDefaultCloseImage":"0","marketURL":"google.com","packageID":"com.qabrand.plnative"},"showTemplate":1,"s2s_tracking_url":"google.com","activeCreativeID":"4683","scenes":["12","1","8","6","15","2"],"campaignAdType":"Native","title":"Native first","subTitle":"First ","description":"New description","adClickThroughText":"FIRST Button","productId":"","purchaseBit":0,"licenseKey":""},{"campaignID":"9255","attribution":0,"priority":"8","appToPromote":{"appToPromoteID":"13274","usesDefaultFrameImage":"0","usesDefaultCloseImage":"0","marketURL":"https:\/\/play.google.com\/store\/apps\/details?id=com.facebook.katana","packageID":"com.salon.adsalon"},"showTemplate":1,"s2s_tracking_url":"https:\/\/play.google.com\/store\/apps\/details?id=com.facebook.katana","activeCreativeID":"4685","scenes":["12","1","8","6","15","2"],"campaignAdType":"Native","title":"native NA ","subTitle":"native NA ","description":"native NA added","adClickThroughText":"native NA ","productId":"","purchaseBit":0,"licenseKey":""},{"campaignID":"9257","attribution":0,"priority":"8","appToPromote":{"appToPromoteID":"12286","usesDefaultFrameImage":"0","usesDefaultCloseImage":"0","marketURL":"google.com","packageID":"com.qabrand.Chartboost_Native"},"showTemplate":1,"s2s_tracking_url":"google.com","activeCreativeID":"4688","scenes":["12","1","8","6","15","2"],"campaignAdType":"Native","title":"Native second updated","subTitle":"Native second ","description":"Native second details","adClickThroughText":"Native second ","productId":"","purchaseBit":0,"licenseKey":""},{"campaignID":"9263","attribution":0,"priority":"8","appToPromote":{"appToPromoteID":"12315","usesDefaultFrameImage":"0","usesDefaultCloseImage":"0","marketURL":"google.com","packageID":"com.qabrand.plnative"},"showTemplate":1,"s2s_tracking_url":"google.com","activeCreativeID":"4694","scenes":["12","1","8","6","15","2"],"campaignAdType":"Native","title":"test","subTitle":"test","description":" test details update","adClickThroughText":"test","productId":"","purchaseBit":0,"licenseKey":""},{"campaignID":"9547","attribution":0,"priority":"8","appToPromote":{"appToPromoteID":"11879","usesDefaultFrameImage":"0","usesDefaultCloseImage":"0","marketURL":"https:\/\/play.google.com\/store\/apps\/details?id=com.buntoo.car.racing.games","packageID":"com.buntoo.car.racing.games"},"showTemplate":1,"s2s_tracking_url":"https:\/\/play.google.com\/store\/apps\/details?id=com.buntoo.car.racing.games","activeCreativeID":"4964","scenes":["12","1","8","6","15","2"],"campaignAdType":"Interstitial","productId":"","purchaseBit":0,"licenseKey":""},{"campaignID":"9586","attribution":0,"priority":"8","appToPromote":{"appToPromoteID":"515","usesDefaultFrameImage":"1","usesDefaultCloseImage":"1","marketURL":"https:\/\/play.google.com\/store\/apps\/details?id=com.plum.cash.counter.simualtor","packageID":"com.plum.cash.counter.simualtor"},"showTemplate":1,"s2s_tracking_url":"https:\/\/play.google.com\/store\/apps\/details?id=com.plum.cash.counter.simualtor","activeCreativeID":"50","scenes":["12","1","8","6","15","2"],"campaignAdType":"Interstitial","productId":"","purchaseBit":0,"licenseKey":""},{"campaignID":"9587","attribution":0,"priority":"8","appToPromote":{"appToPromoteID":"515","usesDefaultFrameImage":"1","usesDefaultCloseImage":"1","marketURL":"https:\/\/play.google.com\/store\/apps\/details?id=com.plum.cash.counter.simualtor","packageID":"com.plum.cash.counter.simualtor"},"showTemplate":1,"s2s_tracking_url":"https:\/\/play.google.com\/store\/apps\/details?id=com.plum.cash.counter.simualtor","activeCreativeID":"50","scenes":["12","1","8","6","15","2"],"campaignAdType":"Interstitial","productId":"","purchaseBit":0,"licenseKey":""},{"campaignID":"9588","attribution":0,"priority":"8","appToPromote":{"appToPromoteID":"515","usesDefaultFrameImage":"1","usesDefaultCloseImage":"1","marketURL":"https:\/\/play.google.com\/store\/apps\/details?id=com.plum.cash.counter.simualtor","packageID":"com.plum.cash.counter.simualtor"},"showTemplate":1,"s2s_tracking_url":"https:\/\/play.google.com\/store\/apps\/details?id=com.plum.cash.counter.simualtor","activeCreativeID":"50","scenes":["12","1","8","6","15","2"],"campaignAdType":"Interstitial","productId":"","purchaseBit":0,"licenseKey":""},{"campaignID":"9589","attribution":0,"priority":"8","appToPromote":{"appToPromoteID":"515","usesDefaultFrameImage":"1","usesDefaultCloseImage":"1","marketURL":"https:\/\/play.google.com\/store\/apps\/details?id=com.plum.cash.counter.simualtor","packageID":"com.plum.cash.counter.simualtor"},"showTemplate":1,"s2s_tracking_url":"https:\/\/play.google.com\/store\/apps\/details?id=com.plum.cash.counter.simualtor","activeCreativeID":"50","scenes":["12","1","8","6","15","2"],"campaignAdType":"Interstitial","productId":"","purchaseBit":0,"licenseKey":""},{"campaignID":"9599","attribution":0,"priority":"8","appToPromote":{"appToPromoteID":"515","usesDefaultFrameImage":"1","usesDefaultCloseImage":"1","marketURL":"https:\/\/play.google.com\/store\/apps\/details?id=com.plum.cash.counter.simualtor","packageID":"com.plum.cash.counter.simualtor"},"showTemplate":1,"s2s_tracking_url":"https:\/\/play.google.com\/store\/apps\/details?id=com.plum.cash.counter.simualtor","activeCreativeID":"5001","scenes":["12","1","8","6","15","2"],"campaignAdType":"Icon","productId":"","purchaseBit":0,"licenseKey":""},{"campaignID":"9127","attribution":0,"priority":"8","appToPromote":{"appToPromoteID":"17528","usesDefaultFrameImage":"0","usesDefaultCloseImage":"0","marketURL":"https:\/\/play.google.com\/store\/apps\/details?id=net.one97.paytm","packageID":"net.one97.paytm"},"showTemplate":1,"s2s_tracking_url":"https:\/\/tha.gotrackier.com\/click?campaign_id=63249\\u0026pub_id=75?p1=2018_9127_8621&amp;source=6841&amp;app_name=MultiTruckCarTransporter&amp;gaid=8621","activeCreativeID":"4788","scenes":["12","1","8","6","15","2"],"campaignAdType":"Native","title":"BCA","subTitle":"FW","description":"nope","adClickThroughText":"Link","productId":"","purchaseBit":0,"licenseKey":""},{"campaignID":"9131","attribution":0,"priority":"8","appToPromote":{"appToPromoteID":"17532","usesDefaultFrameImage":"0","usesDefaultCloseImage":"0","marketURL":"https:\/\/play.google.com\/store\/apps\/details?id=com.dhgate.buyermob","packageID":"com.dhgate.buyermob"},"showTemplate":1,"s2s_tracking_url":"https:\/\/tha.gotrackier.com\/click?campaign_id=63254\\u0026pub_id=75?p1=2018_9131_8621&amp;source=6841&amp;app_name=MultiTruckCarTransporter&amp;gaid=8621","activeCreativeID":"4483","scenes":["12","1","8","6","15","2"],"campaignAdType":"Interstitial","productId":"","purchaseBit":0,"licenseKey":""},{"campaignID":"8380","attribution_link":"","attribution":1,"priority":"7","appToPromote":{"appToPromoteID":"16480","usesDefaultFrameImage":"0","usesDefaultCloseImage":"0","marketURL":"https:\/\/play.google.com\/store\/apps\/details?id=com.nag.home.manager.working.virtual.mom","packageID":"com.GSS317.AmazingFamily"},"showTemplate":1,"s2s_tracking_url":"","activeCreativeID":"3720","scenes":["12","1","8","6","15","2"],"campaignAdType":"Interstitial","productId":"","purchaseBit":0,"licenseKey":""},{"campaignID":"444","attribution":0,"priority":"6","appToPromote":{"appToPromoteID":"3355","usesDefaultFrameImage":"0","usesDefaultCloseImage":"0","marketURL":"https:\/\/play.google.com\/store\/apps\/details?id=com.popnsons.parkour.mouse","packageID":"com.popnsons.parkour.mouse"},"showTemplate":1,"s2s_tracking_url":"https:\/\/play.google.com\/store\/apps\/details?id=com.popnsons.parkour.mouse","activeCreativeID":"469","scenes":["12","1","8","6","15","2"],"campaignAdType":"Interstitial","productId":"","purchaseBit":0,"licenseKey":""},{"campaignID":"561","attribution":0,"priority":"6","appToPromote":{"appToPromoteID":"5026","usesDefaultFrameImage":"0","usesDefaultCloseImage":"0","marketURL":"https:\/\/play.google.com\/store\/apps\/details?id=com.as.cashupapp","packageID":"com.as.cashupapp"},"showTemplate":1,"s2s_tracking_url":"https:\/\/play.google.com\/store\/apps\/details?id=com.as.cashupapp","activeCreativeID":"652","scenes":["12","1","8","6","15","2"],"campaignAdType":"Interstitial","productId":"","purchaseBit":0,"licenseKey":""},{"campaignID":"570","attribution":0,"priority":"6","appToPromote":{"appToPromoteID":"3802","usesDefaultFrameImage":"0","usesDefaultCloseImage":"0","marketURL":"https:\/\/play.google.com\/store\/apps\/details?id=com.Madxstudios.Flickshootsoccer","packageID":"com.Madxstudios.Flickshootsoccer"},"showTemplate":1,"s2s_tracking_url":"https:\/\/play.google.com\/store\/apps\/details?id=com.Madxstudios.Flickshootsoccer","activeCreativeID":"661","scenes":["12","1","8","6","15","2"],"campaignAdType":"Interstitial","productId":"","purchaseBit":0,"licenseKey":""},{"campaignID":"588","attribution":0,"priority":"6","appToPromote":{"appToPromoteID":"5026","usesDefaultFrameImage":"0","usesDefaultCloseImage":"0","marketURL":"https:\/\/play.google.com\/store\/apps\/details?id=com.as.cashupapp","packageID":"com.as.cashupapp"},"showTemplate":1,"s2s_tracking_url":"https:\/\/play.google.com\/store\/apps\/details?id=com.as.cashupapp","activeCreativeID":"652","scenes":["12","1","8","6","15","2"],"campaignAdType":"Interstitial","productId":"","purchaseBit":0,"licenseKey":""},{"campaignID":"8808","attribution_link":"","attribution":1,"priority":"5","appToPromote":{"appToPromoteID":"16528","usesDefaultFrameImage":"0","usesDefaultCloseImage":"0","marketURL":"https:\/\/play.google.com\/store\/apps\/details?id=com.bag.farm.day.village.farming.games","packageID":"com.GSS317.com.bag.farm.day.village.farming.games"},"showTemplate":1,"s2s_tracking_url":"","activeCreativeID":"3775","scenes":["12","1","8","6","15","2"],"campaignAdType":"Interstitial","productId":"","purchaseBit":0,"licenseKey":""},{"campaignID":"8973","attribution":0,"priority":"5","appToPromote":{"appToPromoteID":"15974","usesDefaultFrameImage":"0","usesDefaultCloseImage":"0","marketURL":"https:\/\/play.google.com\/store\/apps\/details?id=com.mustardgames.bmx.cycle.stunt.mega.ramp.impossibletracks","packageID":"com.mustardgames.bmx.cycle.stunt.mega.ramp.impossibletracks"},"showTemplate":1,"s2s_tracking_url":"https:\/\/play.google.com\/store\/apps\/details?id=com.mustardgames.bmx.cycle.stunt.mega.ramp.impossibletracks","activeCreativeID":"4339","scenes":["12","1","8","6","15","2"],"campaignAdType":"Interstitial","productId":"","purchaseBit":0,"licenseKey":""},{"campaignID":"557","attribution":0,"priority":"4","appToPromote":{"appToPromoteID":"4959","usesDefaultFrameImage":"0","usesDefaultCloseImage":"0","marketURL":"https:\/\/play.google.com\/store\/apps\/details?id=com.jet.plane.surfers.joyride.dash","packageID":"com.jet.plane.surfers.joyride.dash"},"showTemplate":1,"s2s_tracking_url":"https:\/\/play.google.com\/store\/apps\/details?id=com.jet.plane.surfers.joyride.dash","activeCreativeID":"645","scenes":["12","1","8","6","15","2"],"campaignAdType":"Interstitial","productId":"","purchaseBit":0,"licenseKey":""},{"campaignID":"414","attribution":0,"priority":"3","appToPromote":{"appToPromoteID":"3023","usesDefaultFrameImage":"0","usesDefaultCloseImage":"0","marketURL":"https:\/\/play.google.com\/store\/apps\/details?id=com.appricot2d.rolo.pet.parrot","packageID":"com.appricot2d.rolo.pet.parrot"},"showTemplate":1,"s2s_tracking_url":"https:\/\/play.google.com\/store\/apps\/details?id=com.appricot2d.rolo.pet.parrot","activeCreativeID":"385","scenes":["12","1","8","6","15","2"],"campaignAdType":"Interstitial","productId":"","purchaseBit":0,"licenseKey":""},{"campaignID":"559","attribution":0,"priority":"3","appToPromote":{"appToPromoteID":"3476","usesDefaultFrameImage":"0","usesDefaultCloseImage":"0","marketURL":"https:\/\/play.google.com\/store\/apps\/details?id=com.perspectivegames.real.impossible.tracks.stunts","packageID":"com.perspectivegames.real.impossible.tracks.stunts"},"showTemplate":1,"s2s_tracking_url":"https:\/\/play.google.com\/store\/apps\/details?id=com.perspectivegames.real.impossible.tracks.stunts","activeCreativeID":"649","scenes":["12","1","8","6","15","2"],"campaignAdType":"Interstitial","productId":"","purchaseBit":0,"licenseKey":""},{"campaignID":"741","attribution":0,"priority":"3","appToPromote":{"appToPromoteID":"5609","usesDefaultFrameImage":"0","usesDefaultCloseImage":"0","marketURL":"https:\/\/play.google.com\/store\/apps\/details?id=com.kick.gyroscopic.city.train.driver.simulator","packageID":"com.kick.gyroscopic.city.train.driver.simulator"},"showTemplate":1,"s2s_tracking_url":"https:\/\/play.google.com\/store\/apps\/details?id=com.kick.gyroscopic.city.train.driver.simulator","activeCreativeID":"753","scenes":["12","1","8","6","15","2"],"campaignAdType":"Interstitial","productId":"","purchaseBit":0,"licenseKey":""},{"campaignID":"798","attribution":0,"priority":"3","appToPromote":{"appToPromoteID":"5770","usesDefaultFrameImage":"0","usesDefaultCloseImage":"0","marketURL":"https:\/\/play.google.com\/store\/apps\/details?id=com.simulatorgames3d.alohacelebrations","packageID":"com.simulatorgames3d.alohacelebrations"},"showTemplate":1,"s2s_tracking_url":"https:\/\/play.google.com\/store\/apps\/details?id=com.simulatorgames3d.alohacelebrations","activeCreativeID":"787","scenes":["12","1","8","6","15","2"],"campaignAdType":"Interstitial","productId":"","purchaseBit":0,"licenseKey":""},{"campaignID":"1483","attribution":0,"priority":"3","appToPromote":{"appToPromoteID":"1714","usesDefaultFrameImage":"1","usesDefaultCloseImage":"1","marketURL":"https:\/\/play.google.com\/store\/apps\/details?id=com.playink.cookie.maker","packageID":"com.playink.cookie.maker"},"showTemplate":1,"s2s_tracking_url":"https:\/\/play.google.com\/store\/apps\/details?id=com.playink.cookie.maker","activeCreativeID":"1020","scenes":["12","1","8","6","15","2"],"campaignAdType":"Interstitial","productId":"","purchaseBit":0,"licenseKey":""},{"campaignID":"8762","attribution":0,"priority":"2","appToPromote":{"appToPromoteID":"13265","usesDefaultFrameImage":"0","usesDefaultCloseImage":"0","marketURL":"https:\/\/play.google.com\/store\/apps\/details?id=com.rhg.tricky.bike.stunt.moto.master","packageID":"com.rhg.tricky.bike.stunt.moto.master"},"showTemplate":1,"s2s_tracking_url":"https:\/\/play.google.com\/store\/apps\/details?id=com.rhg.tricky.bike.stunt.moto.master","activeCreativeID":"4121","scenes":["12","1","8","6","15","2"],"campaignAdType":"Rewarded Video","productId":"","purchaseBit":0,"licenseKey":""},{"campaignID":"9366","attribution":0,"priority":"2","appToPromote":{"appToPromoteID":"17602","usesDefaultFrameImage":"0","usesDefaultCloseImage":"0","marketURL":"https:\/\/play.google.com\/store\/apps\/details?id=com.abaenglish.videoclass&amp;referrer=utm_source=42matters.com&amp;utm_medium=api","packageID":"com.abaenglish.videoclass"},"showTemplate":1,"s2s_tracking_url":"https:\/\/play.google.com\/store\/apps\/details?id=com.abaenglish.videoclass&amp;referrer=utm_source=42matters.com&amp;utm_medium=api","activeCreativeID":"4815","scenes":["12","1","8","6","15","2"],"campaignAdType":"Interstitial","productId":"","purchaseBit":0,"licenseKey":""}],"refreshAdRate":30,"mode":"Production","aspectRatio":"4_3","cdnPath":"https:\/\/df8ymybeo92md.cloudfront.net\/images\/","sentry_log":0,"local_logging":0,"sentry_dsn":"https:\/\/93ffa1c9a4124f67b8888a53265f751a:bbf998e04584477fa9a145838e9d3b26@sentry.io\/168994","sentry_initialization":1,"sentry_debugging":0,"bannerSizes":["1"],"aspectRatioVideo":"16_9","app_id":"2018","showPreRewardedDialogue":0,"showPostRewardedDialogue":0,"rewardCurrency":"coins","rewardValue":0,"isSkipable":0,"privacyPolicyURL":"https:\/\/www.consoliads.com\/privacy-policy\/","sessionToken":"Nxtka66KAELip9VJ\/BNsbeL3mx3L7EekKm0lulo3LB2sDTCwzrL7Xnw8ukncaVEbaaX75M+a66ZO83D5\/4yD\/RmJmv2M6eYU\/x\/G1vIvrAFBx5VeLnL2+ppLKT6CzzSHhzMjS3GaTWeBrRWH1aVr2s\/e8gtUqEGXNHZ5WeT8LpY="}
Session token value is set


{"appKey":"95784c8196170f224be1193006a3bbea","deviceID":"9014","stats":[{"campaignID":130,"packageID":"com.whitesand.bike.mechanic","sceneStats":[{"sceneID":"23","eventStats":"390,290,190,90,90,0,0"}]}],"sdkVersion":"39","sessionToken":"Nxtka66KAELip9VJ\/BNsbeL3mx3L7EekKm0lulo3LB2sDTCwzrL7Xnw8ukncaVEbaaX75M+a66ZO83D5\/4yD\/RmJmv2M6eYU\/x\/G1vIvrAFBx5VeLnL2+ppLKT6CzzSHhzMjS3GaTWeBrRWH1aVr2s\/e8gtUqEGXNHZ5WeT8LpY="}
cache_ttl value is correct

Refresh Ad Rate value is correct
mode value is set

 Aspect ratio value is correct
sentry_log value is set
local_logging value is set
sentry_initialization value is set
sentry_debugging value is set
showPreRewardedDialogue value is set
showPostRewardedDialogue value is set
isSkipable value is set
{"cache_ttl":10080,"cache_ttl_rewarded":10080,"cache_ttl_banner":10080,"cache_ttl_native":10080,"cache_ttl_icon":10080,"refreshAdRate":30,"mode":"Production","aspectRatio":"4_3","cdnPath":"https:\/\/df8ymybeo92md.cloudfront.net\/images\/","sentry_log":0,"local_logging":0,"sentry_dsn":"https:\/\/93ffa1c9a4124f67b8888a53265f751a:bbf998e04584477fa9a145838e9d3b26@sentry.io\/168994","sentry_initialization":1,"sentry_debugging":0,"bannerSizes":["5"],"aspectRatioVideo":"16_9","app_id":"2030","showPreRewardedDialogue":0,"showPostRewardedDialogue":0,"rewardCurrency":"coins","rewardValue":0,"isSkipable":0,"privacyPolicyURL":"https:\/\/www.consoliads.com\/privacy-policy\/","sessionToken":"Jd9vjiH5AEiBRjNy6SUXg+6Bq49FTSxsRdZgaymYWf2q80\/lC5QC1l9\/9cS4RhdHSRV9BTcdo1jhVj8PlQyLnXfyKlhMvM+As+uHbCqRQBQJoOgE26EDxSTwitJk0iHL4lp2OoDPo2llTlymGpZjK4QecbkFY7nmUD5vxoqd5r0="}
Session token value is set


{"appKey":"408e2b68db7ae9de1346fe1907578a69","deviceID":"5362","stats":[{"campaignID":131,"packageID":"com.threed.army.sniper.shooter","sceneStats":[{"sceneID":"14","eventStats":"354,254,154,54,54,0,0"}]}],"sdkVersion":"39","sessionToken":"Jd9vjiH5AEiBRjNy6SUXg+6Bq49FTSxsRdZgaymYWf2q80\/lC5QC1l9\/9cS4RhdHSRV9BTcdo1jhVj8PlQyLnXfyKlhMvM+As+uHbCqRQBQJoOgE26EDxSTwitJk0iHL4lp2OoDPo2llTlymGpZjK4QecbkFY7nmUD5vxoqd5r0="}
cache_ttl value is correct

Refresh Ad Rate value is correct
mode value is set

 Aspect ratio value is correct
sentry_log value is set
local_logging value is set
sentry_initialization value is set
sentry_debugging value is set
showPreRewardedDialogue value is set
showPostRewardedDialogue value is set
isSkipable value is set
{"cache_ttl":10080,"cache_ttl_rewarded":10080,"cache_ttl_banner":10080,"cache_ttl_native":10080,"cache_ttl_icon":10080,"refreshAdRate":30,"mode":"Production","aspectRatio":"4_3","cdnPath":"https:\/\/df8ymybeo92md.cloudfront.net\/images\/","sentry_log":0,"local_logging":0,"sentry_dsn":"https:\/\/93ffa1c9a4124f67b8888a53265f751a:bbf998e04584477fa9a145838e9d3b26@sentry.io\/168994","sentry_initialization":1,"sentry_debugging":0,"bannerSizes":[],"aspectRatioVideo":"16_9","app_id":"2059","showPreRewardedDialogue":0,"showPostRewardedDialogue":0,"rewardCurrency":"coins","rewardValue":0,"isSkipable":0,"privacyPolicyURL":"https:\/\/www.consoliads.com\/privacy-policy\/","sessionToken":"ppBrDgkd6zbBjeDV\/gau8TQPxA+U\/j1XMBKzmgSLtI9gLcEnGH5uDdc9I8n+rll30FfUTAzzfBTSScEv7RvpASFvOF6WfAlAYPB0dCHCrvgVi2fo5oCqkf86pKuGSlGb38\/4V3yPb74mfEr1lG1rjaVbeE6n7h6T7ZG2g0Zu3FU="}
Session token value is set


{"appKey":"9c32e165fd92e18a2d2f8d387cd9e104","deviceID":"2582","stats":[{"campaignID":132,"packageID":"com.gss.us.army.commando.survival","sceneStats":[{"sceneID":"7","eventStats":"326,226,126,26,26,0,0"}]}],"sdkVersion":"2216","sessionToken":"ppBrDgkd6zbBjeDV\/gau8TQPxA+U\/j1XMBKzmgSLtI9gLcEnGH5uDdc9I8n+rll30FfUTAzzfBTSScEv7RvpASFvOF6WfAlAYPB0dCHCrvgVi2fo5oCqkf86pKuGSlGb38\/4V3yPb74mfEr1lG1rjaVbeE6n7h6T7ZG2g0Zu3FU="}
cache_ttl value is correct

Title value is correct

Title value is correct

Title value is correct

Title value is correct

Title value is correct

Title value is correct

Refresh Ad Rate value is correct
mode value is set

 Aspect ratio value is correct
sentry_log value is set
local_logging value is set
sentry_initialization value is set
sentry_debugging value is set
showPreRewardedDialogue value is set
showPostRewardedDialogue value is set
isSkipable value is set
{"cache_ttl":10080,"cache_ttl_rewarded":10080,"cache_ttl_banner":10080,"cache_ttl_native":10080,"cache_ttl_icon":10080,"campaigns":[{"campaignID":"8226","attribution":0,"priority":"8","appToPromote":{"appToPromoteID":"12623","usesDefaultFrameImage":"0","usesDefaultCloseImage":"0","marketURL":"https:\/\/play.google.com\/store\/apps\/details?id=com.igg.android.lordsmobile&amp;referrer=utm_source=42matters.com&amp;utm_medium=api","packageID":"com.nooribrand.android.lordsmobile"},"showTemplate":1,"s2s_tracking_url":"https:\/\/play.google.com\/store\/apps\/details?id=com.igg.android.lordsmobile&amp;referrer=utm_source=42matters.com&amp;utm_medium=api","activeCreativeID":"3557","scenes":["12","1","8","6","15","2"],"campaignAdType":"Icon","productId":"","purchaseBit":0,"licenseKey":""},{"campaignID":"8378","attribution":0,"priority":"8","appToPromote":{"appToPromoteID":"16480","usesDefaultFrameImage":"0","usesDefaultCloseImage":"0","marketURL":"https:\/\/play.google.com\/store\/apps\/details?id=com.nag.home.manager.working.virtual.mom","packageID":"com.GSS317.AmazingFamily"},"showTemplate":1,"s2s_tracking_url":"https:\/\/play.google.com\/store\/apps\/details?id=com.nag.home.manager.working.virtual.mom","activeCreativeID":"3720","scenes":["12","1","8","6","15","2"],"campaignAdType":"Interstitial","productId":"","purchaseBit":0,"licenseKey":""},{"campaignID":"8613","attribution":0,"priority":"8","appToPromote":{"appToPromoteID":"12623","usesDefaultFrameImage":"0","usesDefaultCloseImage":"0","marketURL":"https:\/\/play.google.com\/store\/apps\/details?id=com.igg.android.lordsmobile&amp;referrer=utm_source=42matters.com&amp;utm_medium=api","packageID":"com.nooribrand.android.lordsmobile"},"showTemplate":1,"s2s_tracking_url":"https:\/\/play.google.com\/store\/apps\/details?id=com.igg.android.lordsmobile&amp;referrer=utm_source=42matters.com&amp;utm_medium=api","activeCreativeID":"3557","scenes":["12","1","8","6","15","2"],"campaignAdType":"Icon","productId":"","purchaseBit":0,"licenseKey":""},{"campaignID":"9252","attribution":0,"priority":"8","appToPromote":{"appToPromoteID":"12315","usesDefaultFrameImage":"0","usesDefaultCloseImage":"0","marketURL":"google.com","packageID":"com.qabrand.plnative"},"showTemplate":1,"s2s_tracking_url":"google.com","activeCreativeID":"4683","scenes":["12","1","8","6","15","2"],"campaignAdType":"Native","title":"Native first","subTitle":"First ","description":"New description","adClickThroughText":"FIRST Button","productId":"","purchaseBit":0,"licenseKey":""},{"campaignID":"9253","attribution":0,"priority":"8","appToPromote":{"appToPromoteID":"12315","usesDefaultFrameImage":"0","usesDefaultCloseImage":"0","marketURL":"google.com","packageID":"com.qabrand.plnative"},"showTemplate":1,"s2s_tracking_url":"google.com","activeCreativeID":"4683","scenes":["12","1","8","6","15","2"],"campaignAdType":"Native","title":"Native first","subTitle":"First ","description":"New description","adClickThroughText":"FIRST Button","productId":"","purchaseBit":0,"licenseKey":""},{"campaignID":"9255","attribution":0,"priority":"8","appToPromote":{"appToPromoteID":"13274","usesDefaultFrameImage":"0","usesDefaultCloseImage":"0","marketURL":"https:\/\/play.google.com\/store\/apps\/details?id=com.facebook.katana","packageID":"com.salon.adsalon"},"showTemplate":1,"s2s_tracking_url":"https:\/\/play.google.com\/store\/apps\/details?id=com.facebook.katana","activeCreativeID":"4685","scenes":["12","1","8","6","15","2"],"campaignAdType":"Native","title":"native NA ","subTitle":"native NA ","description":"native NA added","adClickThroughText":"native NA ","productId":"","purchaseBit":0,"licenseKey":""},{"campaignID":"9257","attribution":0,"priority":"8","appToPromote":{"appToPromoteID":"12286","usesDefaultFrameImage":"0","usesDefaultCloseImage":"0","marketURL":"google.com","packageID":"com.qabrand.Chartboost_Native"},"showTemplate":1,"s2s_tracking_url":"google.com","activeCreativeID":"4688","scenes":["12","1","8","6","15","2"],"campaignAdType":"Native","title":"Native second updated","subTitle":"Native second ","description":"Native second details","adClickThroughText":"Native second ","productId":"","purchaseBit":0,"licenseKey":""},{"campaignID":"9263","attribution":0,"priority":"8","appToPromote":{"appToPromoteID":"12315","usesDefaultFrameImage":"0","usesDefaultCloseImage":"0","marketURL":"google.com","packageID":"com.qabrand.plnative"},"showTemplate":1,"s2s_tracking_url":"google.com","activeCreativeID":"4694","scenes":["12","1","8","6","15","2"],"campaignAdType":"Native","title":"test","subTitle":"test","description":" test details update","adClickThroughText":"test","productId":"","purchaseBit":0,"licenseKey":""},{"campaignID":"9547","attribution":0,"priority":"8","appToPromote":{"appToPromoteID":"11879","usesDefaultFrameImage":"0","usesDefaultCloseImage":"0","marketURL":"https:\/\/play.google.com\/store\/apps\/details?id=com.buntoo.car.racing.games","packageID":"com.buntoo.car.racing.games"},"showTemplate":1,"s2s_tracking_url":"https:\/\/play.google.com\/store\/apps\/details?id=com.buntoo.car.racing.games","activeCreativeID":"4964","scenes":["12","1","8","6","15","2"],"campaignAdType":"Interstitial","productId":"","purchaseBit":0,"licenseKey":""},{"campaignID":"9586","attribution":0,"priority":"8","appToPromote":{"appToPromoteID":"515","usesDefaultFrameImage":"1","usesDefaultCloseImage":"1","marketURL":"https:\/\/play.google.com\/store\/apps\/details?id=com.plum.cash.counter.simualtor","packageID":"com.plum.cash.counter.simualtor"},"showTemplate":1,"s2s_tracking_url":"https:\/\/play.google.com\/store\/apps\/details?id=com.plum.cash.counter.simualtor","activeCreativeID":"50","scenes":["12","1","8","6","15","2"],"campaignAdType":"Interstitial","productId":"","purchaseBit":0,"licenseKey":""},{"campaignID":"9587","attribution":0,"priority":"8","appToPromote":{"appToPromoteID":"515","usesDefaultFrameImage":"1","usesDefaultCloseImage":"1","marketURL":"https:\/\/play.google.com\/store\/apps\/details?id=com.plum.cash.counter.simualtor","packageID":"com.plum.cash.counter.simualtor"},"showTemplate":1,"s2s_tracking_url":"https:\/\/play.google.com\/store\/apps\/details?id=com.plum.cash.counter.simualtor","activeCreativeID":"50","scenes":["12","1","8","6","15","2"],"campaignAdType":"Interstitial","productId":"","purchaseBit":0,"licenseKey":""},{"campaignID":"9588","attribution":0,"priority":"8","appToPromote":{"appToPromoteID":"515","usesDefaultFrameImage":"1","usesDefaultCloseImage":"1","marketURL":"https:\/\/play.google.com\/store\/apps\/details?id=com.plum.cash.counter.simualtor","packageID":"com.plum.cash.counter.simualtor"},"showTemplate":1,"s2s_tracking_url":"https:\/\/play.google.com\/store\/apps\/details?id=com.plum.cash.counter.simualtor","activeCreativeID":"50","scenes":["12","1","8","6","15","2"],"campaignAdType":"Interstitial","productId":"","purchaseBit":0,"licenseKey":""},{"campaignID":"9589","attribution":0,"priority":"8","appToPromote":{"appToPromoteID":"515","usesDefaultFrameImage":"1","usesDefaultCloseImage":"1","marketURL":"https:\/\/play.google.com\/store\/apps\/details?id=com.plum.cash.counter.simualtor","packageID":"com.plum.cash.counter.simualtor"},"showTemplate":1,"s2s_tracking_url":"https:\/\/play.google.com\/store\/apps\/details?id=com.plum.cash.counter.simualtor","activeCreativeID":"50","scenes":["12","1","8","6","15","2"],"campaignAdType":"Interstitial","productId":"","purchaseBit":0,"licenseKey":""},{"campaignID":"9599","attribution":0,"priority":"8","appToPromote":{"appToPromoteID":"515","usesDefaultFrameImage":"1","usesDefaultCloseImage":"1","marketURL":"https:\/\/play.google.com\/store\/apps\/details?id=com.plum.cash.counter.simualtor","packageID":"com.plum.cash.counter.simualtor"},"showTemplate":1,"s2s_tracking_url":"https:\/\/play.google.com\/store\/apps\/details?id=com.plum.cash.counter.simualtor","activeCreativeID":"5001","scenes":["12","1","8","6","15","2"],"campaignAdType":"Icon","productId":"","purchaseBit":0,"licenseKey":""},{"campaignID":"9127","attribution":0,"priority":"8","appToPromote":{"appToPromoteID":"17528","usesDefaultFrameImage":"0","usesDefaultCloseImage":"0","marketURL":"https:\/\/play.google.com\/store\/apps\/details?id=net.one97.paytm","packageID":"net.one97.paytm"},"showTemplate":1,"s2s_tracking_url":"https:\/\/tha.gotrackier.com\/click?campaign_id=63249\\u0026pub_id=75?p1=2109_9127_2582&amp;source=6841&amp;app_name=USArmyCommandoSurvival-FPSShooter&amp;gaid=2582","activeCreativeID":"4788","scenes":["12","1","8","6","15","2"],"campaignAdType":"Native","title":"BCA","subTitle":"FW","description":"nope","adClickThroughText":"Link","productId":"","purchaseBit":0,"licenseKey":""},{"campaignID":"9131","attribution":0,"priority":"8","appToPromote":{"appToPromoteID":"17532","usesDefaultFrameImage":"0","usesDefaultCloseImage":"0","marketURL":"https:\/\/play.google.com\/store\/apps\/details?id=com.dhgate.buyermob","packageID":"com.dhgate.buyermob"},"showTemplate":1,"s2s_tracking_url":"https:\/\/tha.gotrackier.com\/click?campaign_id=63254\\u0026pub_id=75?p1=2109_9131_2582&amp;source=6841&amp;app_name=USArmyCommandoSurvival-FPSShooter&amp;gaid=2582","activeCreativeID":"4483","scenes":["12","1","8","6","15","2"],"campaignAdType":"Interstitial","productId":"","purchaseBit":0,"licenseKey":""},{"campaignID":"8380","attribution_link":"","attribution":1,"priority":"7","appToPromote":{"appToPromoteID":"16480","usesDefaultFrameImage":"0","usesDefaultCloseImage":"0","marketURL":"https:\/\/play.google.com\/store\/apps\/details?id=com.nag.home.manager.working.virtual.mom","packageID":"com.GSS317.AmazingFamily"},"showTemplate":1,"s2s_tracking_url":"","activeCreativeID":"3720","scenes":["12","1","8","6","15","2"],"campaignAdType":"Interstitial","productId":"","purchaseBit":0,"licenseKey":""},{"campaignID":"444","attribution":0,"priority":"6","appToPromote":{"appToPromoteID":"3355","usesDefaultFrameImage":"0","usesDefaultCloseImage":"0","marketURL":"https:\/\/play.google.com\/store\/apps\/details?id=com.popnsons.parkour.mouse","packageID":"com.popnsons.parkour.mouse"},"showTemplate":1,"s2s_tracking_url":"https:\/\/play.google.com\/store\/apps\/details?id=com.popnsons.parkour.mouse","activeCreativeID":"469","scenes":["12","1","8","6","15","2"],"campaignAdType":"Interstitial","productId":"","purchaseBit":0,"licenseKey":""},{"campaignID":"561","attribution":0,"priority":"6","appToPromote":{"appToPromoteID":"5026","usesDefaultFrameImage":"0","usesDefaultCloseImage":"0","marketURL":"https:\/\/play.google.com\/store\/apps\/details?id=com.as.cashupapp","packageID":"com.as.cashupapp"},"showTemplate":1,"s2s_tracking_url":"https:\/\/play.google.com\/store\/apps\/details?id=com.as.cashupapp","activeCreativeID":"652","scenes":["12","1","8","6","15","2"],"campaignAdType":"Interstitial","productId":"","purchaseBit":0,"licenseKey":""},{"campaignID":"570","attribution":0,"priority":"6","appToPromote":{"appToPromoteID":"3802","usesDefaultFrameImage":"0","usesDefaultCloseImage":"0","marketURL":"https:\/\/play.google.com\/store\/apps\/details?id=com.Madxstudios.Flickshootsoccer","packageID":"com.Madxstudios.Flickshootsoccer"},"showTemplate":1,"s2s_tracking_url":"https:\/\/play.google.com\/store\/apps\/details?id=com.Madxstudios.Flickshootsoccer","activeCreativeID":"661","scenes":["12","1","8","6","15","2"],"campaignAdType":"Interstitial","productId":"","purchaseBit":0,"licenseKey":""},{"campaignID":"588","attribution":0,"priority":"6","appToPromote":{"appToPromoteID":"5026","usesDefaultFrameImage":"0","usesDefaultCloseImage":"0","marketURL":"https:\/\/play.google.com\/store\/apps\/details?id=com.as.cashupapp","packageID":"com.as.cashupapp"},"showTemplate":1,"s2s_tracking_url":"https:\/\/play.google.com\/store\/apps\/details?id=com.as.cashupapp","activeCreativeID":"652","scenes":["12","1","8","6","15","2"],"campaignAdType":"Interstitial","productId":"","purchaseBit":0,"licenseKey":""},{"campaignID":"8808","attribution_link":"","attribution":1,"priority":"5","appToPromote":{"appToPromoteID":"16528","usesDefaultFrameImage":"0","usesDefaultCloseImage":"0","marketURL":"https:\/\/play.google.com\/store\/apps\/details?id=com.bag.farm.day.village.farming.games","packageID":"com.GSS317.com.bag.farm.day.village.farming.games"},"showTemplate":1,"s2s_tracking_url":"","activeCreativeID":"3775","scenes":["12","1","8","6","15","2"],"campaignAdType":"Interstitial","productId":"","purchaseBit":0,"licenseKey":""},{"campaignID":"8973","attribution":0,"priority":"5","appToPromote":{"appToPromoteID":"15974","usesDefaultFrameImage":"0","usesDefaultCloseImage":"0","marketURL":"https:\/\/play.google.com\/store\/apps\/details?id=com.mustardgames.bmx.cycle.stunt.mega.ramp.impossibletracks","packageID":"com.mustardgames.bmx.cycle.stunt.mega.ramp.impossibletracks"},"showTemplate":1,"s2s_tracking_url":"https:\/\/play.google.com\/store\/apps\/details?id=com.mustardgames.bmx.cycle.stunt.mega.ramp.impossibletracks","activeCreativeID":"4339","scenes":["12","1","8","6","15","2"],"campaignAdType":"Interstitial","productId":"","purchaseBit":0,"licenseKey":""},{"campaignID":"414","attribution":0,"priority":"3","appToPromote":{"appToPromoteID":"3023","usesDefaultFrameImage":"0","usesDefaultCloseImage":"0","marketURL":"https:\/\/play.google.com\/store\/apps\/details?id=com.appricot2d.rolo.pet.parrot","packageID":"com.appricot2d.rolo.pet.parrot"},"showTemplate":1,"s2s_tracking_url":"https:\/\/play.google.com\/store\/apps\/details?id=com.appricot2d.rolo.pet.parrot","activeCreativeID":"385","scenes":["12","1","8","6","15","2"],"campaignAdType":"Interstitial","productId":"","purchaseBit":0,"licenseKey":""},{"campaignID":"559","attribution":0,"priority":"3","appToPromote":{"appToPromoteID":"3476","usesDefaultFrameImage":"0","usesDefaultCloseImage":"0","marketURL":"https:\/\/play.google.com\/store\/apps\/details?id=com.perspectivegames.real.impossible.tracks.stunts","packageID":"com.perspectivegames.real.impossible.tracks.stunts"},"showTemplate":1,"s2s_tracking_url":"https:\/\/play.google.com\/store\/apps\/details?id=com.perspectivegames.real.impossible.tracks.stunts","activeCreativeID":"649","scenes":["12","1","8","6","15","2"],"campaignAdType":"Interstitial","productId":"","purchaseBit":0,"licenseKey":""},{"campaignID":"741","attribution":0,"priority":"3","appToPromote":{"appToPromoteID":"5609","usesDefaultFrameImage":"0","usesDefaultCloseImage":"0","marketURL":"https:\/\/play.google.com\/store\/apps\/details?id=com.kick.gyroscopic.city.train.driver.simulator","packageID":"com.kick.gyroscopic.city.train.driver.simulator"},"showTemplate":1,"s2s_tracking_url":"https:\/\/play.google.com\/store\/apps\/details?id=com.kick.gyroscopic.city.train.driver.simulator","activeCreativeID":"753","scenes":["12","1","8","6","15","2"],"campaignAdType":"Interstitial","productId":"","purchaseBit":0,"licenseKey":""},{"campaignID":"798","attribution":0,"priority":"3","appToPromote":{"appToPromoteID":"5770","usesDefaultFrameImage":"0","usesDefaultCloseImage":"0","marketURL":"https:\/\/play.google.com\/store\/apps\/details?id=com.simulatorgames3d.alohacelebrations","packageID":"com.simulatorgames3d.alohacelebrations"},"showTemplate":1,"s2s_tracking_url":"https:\/\/play.google.com\/store\/apps\/details?id=com.simulatorgames3d.alohacelebrations","activeCreativeID":"787","scenes":["12","1","8","6","15","2"],"campaignAdType":"Interstitial","productId":"","purchaseBit":0,"licenseKey":""},{"campaignID":"1483","attribution":0,"priority":"3","appToPromote":{"appToPromoteID":"1714","usesDefaultFrameImage":"1","usesDefaultCloseImage":"1","marketURL":"https:\/\/play.google.com\/store\/apps\/details?id=com.playink.cookie.maker","packageID":"com.playink.cookie.maker"},"showTemplate":1,"s2s_tracking_url":"https:\/\/play.google.com\/store\/apps\/details?id=com.playink.cookie.maker","activeCreativeID":"1020","scenes":["12","1","8","6","15","2"],"campaignAdType":"Interstitial","productId":"","purchaseBit":0,"licenseKey":""},{"campaignID":"8762","attribution":0,"priority":"2","appToPromote":{"appToPromoteID":"13265","usesDefaultFrameImage":"0","usesDefaultCloseImage":"0","marketURL":"https:\/\/play.google.com\/store\/apps\/details?id=com.rhg.tricky.bike.stunt.moto.master","packageID":"com.rhg.tricky.bike.stunt.moto.master"},"showTemplate":1,"s2s_tracking_url":"https:\/\/play.google.com\/store\/apps\/details?id=com.rhg.tricky.bike.stunt.moto.master","activeCreativeID":"4121","scenes":["12","1","8","6","15","2"],"campaignAdType":"Rewarded Video","productId":"","purchaseBit":0,"licenseKey":""},{"campaignID":"9366","attribution":0,"priority":"2","appToPromote":{"appToPromoteID":"17602","usesDefaultFrameImage":"0","usesDefaultCloseImage":"0","marketURL":"https:\/\/play.google.com\/store\/apps\/details?id=com.abaenglish.videoclass&amp;referrer=utm_source=42matters.com&amp;utm_medium=api","packageID":"com.abaenglish.videoclass"},"showTemplate":1,"s2s_tracking_url":"https:\/\/play.google.com\/store\/apps\/details?id=com.abaenglish.videoclass&amp;referrer=utm_source=42matters.com&amp;utm_medium=api","activeCreativeID":"4815","scenes":["12","1","8","6","15","2"],"campaignAdType":"Interstitial","productId":"","purchaseBit":0,"licenseKey":""},{"campaignID":"9367","attribution":0,"priority":"2","appToPromote":{"appToPromoteID":"17602","usesDefaultFrameImage":"0","usesDefaultCloseImage":"0","marketURL":"https:\/\/play.google.com\/store\/apps\/details?id=com.abaenglish.videoclass&amp;referrer=utm_source=42matters.com&amp;utm_medium=api","packageID":"com.abaenglish.videoclass"},"showTemplate":1,"s2s_tracking_url":"https:\/\/play.google.com\/store\/apps\/details?id=com.abaenglish.videoclass&amp;referrer=utm_source=42matters.com&amp;utm_medium=api","activeCreativeID":"4815","scenes":["12","1","8","6","15","2"],"campaignAdType":"Interstitial","productId":"","purchaseBit":0,"licenseKey":""}],"refreshAdRate":30,"mode":"Production","aspectRatio":"4_3","cdnPath":"https:\/\/df8ymybeo92md.cloudfront.net\/images\/","sentry_log":0,"local_logging":0,"sentry_dsn":"https:\/\/93ffa1c9a4124f67b8888a53265f751a:bbf998e04584477fa9a145838e9d3b26@sentry.io\/168994","sentry_initialization":1,"sentry_debugging":0,"bannerSizes":["1","2"],"aspectRatioVideo":"16_9","app_id":"2109","showPreRewardedDialogue":0,"showPostRewardedDialogue":0,"rewardCurrency":"coins","rewardValue":0,"isSkipable":0,"privacyPolicyURL":"https:\/\/www.consoliads.com\/privacy-policy\/","sessionToken":"VAAMlIqrnv93QjnU219zHL+HKmPhiVBCpOmcVqL77I1yTSgYgf+etsaPPi2Vs9WzIkhI1mQVyHxqpK6j8\/o\/lvpyjGYucPSnk\/jEdqtEOKa6ETMQvmD2CZFH1K2PQ8zRlZsUV2QnyaS\/WoYnKD1gu\/ud2iUWhi9M0+1n5C8\/GoU="}
Session token value is set


{"appKey":"a3040901882682cf28d8e6242b545b11","deviceID":"8733","stats":[{"campaignID":134,"packageID":"com.tgp.offroad.multi.truck.transport","sceneStats":[{"sceneID":"22","eventStats":"387,287,187,87,87,0,0"}]}],"sdkVersion":"39","sessionToken":"VAAMlIqrnv93QjnU219zHL+HKmPhiVBCpOmcVqL77I1yTSgYgf+etsaPPi2Vs9WzIkhI1mQVyHxqpK6j8\/o\/lvpyjGYucPSnk\/jEdqtEOKa6ETMQvmD2CZFH1K2PQ8zRlZsUV2QnyaS\/WoYnKD1gu\/ud2iUWhi9M0+1n5C8\/GoU="}
cache_ttl value is correct

Refresh Ad Rate value is correct
mode value is set

 Aspect ratio value is correct
sentry_log value is set
local_logging value is set
sentry_initialization value is set
sentry_debugging value is set
showPreRewardedDialogue value is set
showPostRewardedDialogue value is set
isSkipable value is set
{"cache_ttl":10080,"cache_ttl_rewarded":10080,"cache_ttl_banner":10080,"cache_ttl_native":10080,"cache_ttl_icon":10080,"campaigns":[{"campaignID":"8378","attribution":0,"priority":"8","appToPromote":{"appToPromoteID":"16480","usesDefaultFrameImage":"0","usesDefaultCloseImage":"0","marketURL":"https:\/\/play.google.com\/store\/apps\/details?id=com.nag.home.manager.working.virtual.mom","packageID":"com.GSS317.AmazingFamily"},"showTemplate":1,"s2s_tracking_url":"https:\/\/play.google.com\/store\/apps\/details?id=com.nag.home.manager.working.virtual.mom","activeCreativeID":"3720","scenes":["12","1","8","6","15","2"],"campaignAdType":"Interstitial","productId":"","purchaseBit":0,"licenseKey":""},{"campaignID":"9547","attribution":0,"priority":"8","appToPromote":{"appToPromoteID":"11879","usesDefaultFrameImage":"0","usesDefaultCloseImage":"0","marketURL":"https:\/\/play.google.com\/store\/apps\/details?id=com.buntoo.car.racing.games","packageID":"com.buntoo.car.racing.games"},"showTemplate":1,"s2s_tracking_url":"https:\/\/play.google.com\/store\/apps\/details?id=com.buntoo.car.racing.games","activeCreativeID":"4964","scenes":["12","1","8","6","15","2"],"campaignAdType":"Interstitial","productId":"","purchaseBit":0,"licenseKey":""},{"campaignID":"9586","attribution":0,"priority":"8","appToPromote":{"appToPromoteID":"515","usesDefaultFrameImage":"1","usesDefaultCloseImage":"1","marketURL":"https:\/\/play.google.com\/store\/apps\/details?id=com.plum.cash.counter.simualtor","packageID":"com.plum.cash.counter.simualtor"},"showTemplate":1,"s2s_tracking_url":"https:\/\/play.google.com\/store\/apps\/details?id=com.plum.cash.counter.simualtor","activeCreativeID":"50","scenes":["12","1","8","6","15","2"],"campaignAdType":"Interstitial","productId":"","purchaseBit":0,"licenseKey":""},{"campaignID":"9587","attribution":0,"priority":"8","appToPromote":{"appToPromoteID":"515","usesDefaultFrameImage":"1","usesDefaultCloseImage":"1","marketURL":"https:\/\/play.google.com\/store\/apps\/details?id=com.plum.cash.counter.simualtor","packageID":"com.plum.cash.counter.simualtor"},"showTemplate":1,"s2s_tracking_url":"https:\/\/play.google.com\/store\/apps\/details?id=com.plum.cash.counter.simualtor","activeCreativeID":"50","scenes":["12","1","8","6","15","2"],"campaignAdType":"Interstitial","productId":"","purchaseBit":0,"licenseKey":""},{"campaignID":"9588","attribution":0,"priority":"8","appToPromote":{"appToPromoteID":"515","usesDefaultFrameImage":"1","usesDefaultCloseImage":"1","marketURL":"https:\/\/play.google.com\/store\/apps\/details?id=com.plum.cash.counter.simualtor","packageID":"com.plum.cash.counter.simualtor"},"showTemplate":1,"s2s_tracking_url":"https:\/\/play.google.com\/store\/apps\/details?id=com.plum.cash.counter.simualtor","activeCreativeID":"50","scenes":["12","1","8","6","15","2"],"campaignAdType":"Interstitial","productId":"","purchaseBit":0,"licenseKey":""},{"campaignID":"9589","attribution":0,"priority":"8","appToPromote":{"appToPromoteID":"515","usesDefaultFrameImage":"1","usesDefaultCloseImage":"1","marketURL":"https:\/\/play.google.com\/store\/apps\/details?id=com.plum.cash.counter.simualtor","packageID":"com.plum.cash.counter.simualtor"},"showTemplate":1,"s2s_tracking_url":"https:\/\/play.google.com\/store\/apps\/details?id=com.plum.cash.counter.simualtor","activeCreativeID":"50","scenes":["12","1","8","6","15","2"],"campaignAdType":"Interstitial","productId":"","purchaseBit":0,"licenseKey":""},{"campaignID":"9131","attribution":0,"priority":"8","appToPromote":{"appToPromoteID":"17532","usesDefaultFrameImage":"0","usesDefaultCloseImage":"0","marketURL":"https:\/\/play.google.com\/store\/apps\/details?id=com.dhgate.buyermob","packageID":"com.dhgate.buyermob"},"showTemplate":1,"s2s_tracking_url":"https:\/\/tha.gotrackier.com\/click?campaign_id=63254\\u0026pub_id=75?p1=2130_9131_8733&amp;source=6841&amp;app_name=OffRoadMultiTruckTransport&amp;gaid=8733","activeCreativeID":"4483","scenes":["12","1","8","6","15","2"],"campaignAdType":"Interstitial","productId":"","purchaseBit":0,"licenseKey":""},{"campaignID":"8380","attribution_link":"","attribution":1,"priority":"7","appToPromote":{"appToPromoteID":"16480","usesDefaultFrameImage":"0","usesDefaultCloseImage":"0","marketURL":"https:\/\/play.google.com\/store\/apps\/details?id=com.nag.home.manager.working.virtual.mom","packageID":"com.GSS317.AmazingFamily"},"showTemplate":1,"s2s_tracking_url":"","activeCreativeID":"3720","scenes":["12","1","8","6","15","2"],"campaignAdType":"Interstitial","productId":"","purchaseBit":0,"licenseKey":""},{"campaignID":"444","attribution":0,"priority":"6","appToPromote":{"appToPromoteID":"3355","usesDefaultFrameImage":"0","usesDefaultCloseImage":"0","marketURL":"https:\/\/play.google.com\/store\/apps\/details?id=com.popnsons.parkour.mouse","packageID":"com.popnsons.parkour.mouse"},"showTemplate":1,"s2s_tracking_url":"https:\/\/play.google.com\/store\/apps\/details?id=com.popnsons.parkour.mouse","activeCreativeID":"469","scenes":["12","1","8","6","15","2"],"campaignAdType":"Interstitial","productId":"","purchaseBit":0,"licenseKey":""},{"campaignID":"561","attribution":0,"priority":"6","appToPromote":{"appToPromoteID":"5026","usesDefaultFrameImage":"0","usesDefaultCloseImage":"0","marketURL":"https:\/\/play.google.com\/store\/apps\/details?id=com.as.cashupapp","packageID":"com.as.cashupapp"},"showTemplate":1,"s2s_tracking_url":"https:\/\/play.google.com\/store\/apps\/details?id=com.as.cashupapp","activeCreativeID":"652","scenes":["12","1","8","6","15","2"],"campaignAdType":"Interstitial","productId":"","purchaseBit":0,"licenseKey":""},{"campaignID":"570","attribution":0,"priority":"6","appToPromote":{"appToPromoteID":"3802","usesDefaultFrameImage":"0","usesDefaultCloseImage":"0","marketURL":"https:\/\/play.google.com\/store\/apps\/details?id=com.Madxstudios.Flickshootsoccer","packageID":"com.Madxstudios.Flickshootsoccer"},"showTemplate":1,"s2s_tracking_url":"https:\/\/play.google.com\/store\/apps\/details?id=com.Madxstudios.Flickshootsoccer","activeCreativeID":"661","scenes":["12","1","8","6","15","2"],"campaignAdType":"Interstitial","productId":"","purchaseBit":0,"licenseKey":""},{"campaignID":"588","attribution":0,"priority":"6","appToPromote":{"appToPromoteID":"5026","usesDefaultFrameImage":"0","usesDefaultCloseImage":"0","marketURL":"https:\/\/play.google.com\/store\/apps\/details?id=com.as.cashupapp","packageID":"com.as.cashupapp"},"showTemplate":1,"s2s_tracking_url":"https:\/\/play.google.com\/store\/apps\/details?id=com.as.cashupapp","activeCreativeID":"652","scenes":["12","1","8","6","15","2"],"campaignAdType":"Interstitial","productId":"","purchaseBit":0,"licenseKey":""},{"campaignID":"8808","attribution_link":"","attribution":1,"priority":"5","appToPromote":{"appToPromoteID":"16528","usesDefaultFrameImage":"0","usesDefaultCloseImage":"0","marketURL":"https:\/\/play.google.com\/store\/apps\/details?id=com.bag.farm.day.village.farming.games","packageID":"com.GSS317.com.bag.farm.day.village.farming.games"},"showTemplate":1,"s2s_tracking_url":"","activeCreativeID":"3775","scenes":["12","1","8","6","15","2"],"campaignAdType":"Interstitial","productId":"","purchaseBit":0,"licenseKey":""},{"campaignID":"8973","attribution":0,"priority":"5","appToPromote":{"appToPromoteID":"15974","usesDefaultFrameImage":"0","usesDefaultCloseImage":"0","marketURL":"https:\/\/play.google.com\/store\/apps\/details?id=com.mustardgames.bmx.cycle.stunt.mega.ramp.impossibletracks","packageID":"com.mustardgames.bmx.cycle.stunt.mega.ramp.impossibletracks"},"showTemplate":1,"s2s_tracking_url":"https:\/\/play.google.com\/store\/apps\/details?id=com.mustardgames.bmx.cycle.stunt.mega.ramp.impossibletracks","activeCreativeID":"4339","scenes":["12","1","8","6","15","2"],"campaignAdType":"Interstitial","productId":"","purchaseBit":0,"licenseKey":""},{"campaignID":"557","attribution":0,"priority":"4","appToPromote":{"appToPromoteID":"4959","usesDefaultFrameImage":"0","usesDefaultCloseImage":"0","marketURL":"https:\/\/play.google.com\/store\/apps\/details?id=com.jet.plane.surfers.joyride.dash","packageID":"com.jet.plane.surfers.joyride.dash"},"showTemplate":1,"s2s_tracking_url":"https:\/\/play.google.com\/store\/apps\/details?id=com.jet.plane.surfers.joyride.dash","activeCreativeID":"645","scenes":["12","1","8","6","15","2"],"campaignAdType":"Interstitial","productId":"","purchaseBit":0,"licenseKey":""},{"campaignID":"414","attribution":0,"priority":"3","appToPromote":{"appToPromoteID":"3023","usesDefaultFrameImage":"0","usesDefaultCloseImage":"0","marketURL":"https:\/\/play.google.com\/store\/apps\/details?id=com.appricot2d.rolo.pet.parrot","packageID":"com.appricot2d.rolo.pet.parrot"},"showTemplate":1,"s2s_tracking_url":"https:\/\/play.google.com\/store\/apps\/details?id=com.appricot2d.rolo.pet.parrot","activeCreativeID":"385","scenes":["12","1","8","6","15","2"],"campaignAdType":"Interstitial","productId":"","purchaseBit":0,"licenseKey":""},{"campaignID":"559","attribution":0,"priority":"3","appToPromote":{"appToPromoteID":"3476","usesDefaultFrameImage":"0","usesDefaultCloseImage":"0","marketURL":"https:\/\/play.google.com\/store\/apps\/details?id=com.perspectivegames.real.impossible.tracks.stunts","packageID":"com.perspectivegames.real.impossible.tracks.stunts"},"showTemplate":1,"s2s_tracking_url":"https:\/\/play.google.com\/store\/apps\/details?id=com.perspectivegames.real.impossible.tracks.stunts","activeCreativeID":"649","scenes":["12","1","8","6","15","2"],"campaignAdType":"Interstitial","productId":"","purchaseBit":0,"licenseKey":""},{"campaignID":"741","attribution":0,"priority":"3","appToPromote":{"appToPromoteID":"5609","usesDefaultFrameImage":"0","usesDefaultCloseImage":"0","marketURL":"https:\/\/play.google.com\/store\/apps\/details?id=com.kick.gyroscopic.city.train.driver.simulator","packageID":"com.kick.gyroscopic.city.train.driver.simulator"},"showTemplate":1,"s2s_tracking_url":"https:\/\/play.google.com\/store\/apps\/details?id=com.kick.gyroscopic.city.train.driver.simulator","activeCreativeID":"753","scenes":["12","1","8","6","15","2"],"campaignAdType":"Interstitial","productId":"","purchaseBit":0,"licenseKey":""},{"campaignID":"798","attribution":0,"priority":"3","appToPromote":{"appToPromoteID":"5770","usesDefaultFrameImage":"0","usesDefaultCloseImage":"0","marketURL":"https:\/\/play.google.com\/store\/apps\/details?id=com.simulatorgames3d.alohacelebrations","packageID":"com.simulatorgames3d.alohacelebrations"},"showTemplate":1,"s2s_tracking_url":"https:\/\/play.google.com\/store\/apps\/details?id=com.simulatorgames3d.alohacelebrations","activeCreativeID":"787","scenes":["12","1","8","6","15","2"],"campaignAdType":"Interstitial","productId":"","purchaseBit":0,"licenseKey":""},{"campaignID":"1483","attribution":0,"priority":"3","appToPromote":{"appToPromoteID":"1714","usesDefaultFrameImage":"1","usesDefaultCloseImage":"1","marketURL":"https:\/\/play.google.com\/store\/apps\/details?id=com.playink.cookie.maker","packageID":"com.playink.cookie.maker"},"showTemplate":1,"s2s_tracking_url":"https:\/\/play.google.com\/store\/apps\/details?id=com.playink.cookie.maker","activeCreativeID":"1020","scenes":["12","1","8","6","15","2"],"campaignAdType":"Interstitial","productId":"","purchaseBit":0,"licenseKey":""},{"campaignID":"8762","attribution":0,"priority":"2","appToPromote":{"appToPromoteID":"13265","usesDefaultFrameImage":"0","usesDefaultCloseImage":"0","marketURL":"https:\/\/play.google.com\/store\/apps\/details?id=com.rhg.tricky.bike.stunt.moto.master","packageID":"com.rhg.tricky.bike.stunt.moto.master"},"showTemplate":1,"s2s_tracking_url":"https:\/\/play.google.com\/store\/apps\/details?id=com.rhg.tricky.bike.stunt.moto.master","activeCreativeID":"4121","scenes":["12","1","8","6","15","2"],"campaignAdType":"Rewarded Video","productId":"","purchaseBit":0,"licenseKey":""},{"campaignID":"9366","attribution":0,"priority":"2","appToPromote":{"appToPromoteID":"17602","usesDefaultFrameImage":"0","usesDefaultCloseImage":"0","marketURL":"https:\/\/play.google.com\/store\/apps\/details?id=com.abaenglish.videoclass&amp;referrer=utm_source=42matters.com&amp;utm_medium=api","packageID":"com.abaenglish.videoclass"},"showTemplate":1,"s2s_tracking_url":"https:\/\/play.google.com\/store\/apps\/details?id=com.abaenglish.videoclass&amp;referrer=utm_source=42matters.com&amp;utm_medium=api","activeCreativeID":"4815","scenes":["12","1","8","6","15","2"],"campaignAdType":"Interstitial","productId":"","purchaseBit":0,"licenseKey":""}],"refreshAdRate":30,"mode":"Production","aspectRatio":"4_3","cdnPath":"https:\/\/df8ymybeo92md.cloudfront.net\/images\/","sentry_log":0,"local_logging":0,"sentry_dsn":"https:\/\/93ffa1c9a4124f67b8888a53265f751a:bbf998e04584477fa9a145838e9d3b26@sentry.io\/168994","sentry_initialization":1,"sentry_debugging":0,"bannerSizes":["5"],"aspectRatioVideo":"16_9","app_id":"2130","showPreRewardedDialogue":0,"showPostRewardedDialogue":0,"rewardCurrency":"coins","rewardValue":0,"isSkipable":0,"privacyPolicyURL":"https:\/\/www.consoliads.com\/privacy-policy\/","sessionToken":"9hPC025C3Ttn\/RGpzjRI2RYtmOcMUKl2v+Fu+sa6AgGg+U9Pt6TLpNuGFZQNi8i0ew6u6G9dJrQcsHMIj2bycFMBPpMfNzXe0scGlQQ47ULfuXw+FrK1e6vCQO7fARSJN6s0Vs75YpUXx9yHPjdBe9SpVGkDyaUQXO4s2cSejAA="}
Session token value is set

mode value is set

 Aspect ratio value is correct
sentry_log value is set
Session token value is set


{"appKey":"934628f5152161a94cdb52489ea8b7b5","deviceID":"9758","stats":[{"campaignID":143,"packageID":"com.mizo.sports.car.mechanic","sceneStats":[{"sceneID":"25","eventStats":"397,297,197,97,97,0,0"}]}],"sdkVersion":"2216","sessionToken":"Sq\/do73mxSry4+CrrRbdv8Fvm1mNk9SB0iQMbcE2SIt8DaXf3X51wtC\/q+eRtYbWpmYESGJOPLNgjnLxtfkLAge+i2RIPg1p6ga3Fiz1+4Tiye8kmKn93x\/42bhy6RcavZT7apDmGGfeu9jbzyBSRIH0PS9OR6nXSP+ekMyjzFs="}
cache_ttl value is correct

Refresh Ad Rate value is correct
mode value is set

 Aspect ratio value is correct
sentry_log value is set
local_logging value is set
sentry_initialization value is set
sentry_debugging value is set
showPreRewardedDialogue value is set
showPostRewardedDialogue value is set
isSkipable value is set
{"cache_ttl":10080,"cache_ttl_rewarded":10080,"cache_ttl_banner":10080,"cache_ttl_native":10080,"cache_ttl_icon":10080,"campaigns":[{"campaignID":"9277","attribution_link":"","attribution":1,"priority":"5","appToPromote":{"appToPromoteID":"17609","usesDefaultFrameImage":"0","usesDefaultCloseImage":"0","marketURL":"https:\/\/smartbear.com\/learn\/automated-testing\/test-automation-frameworks\/","packageID":"com.buntoo.buntooAd"},"showTemplate":1,"s2s_tracking_url":"","activeCreativeID":"4702","scenes":["1","2","6","4","5"],"campaignAdType":"Interstitial","productId":"","purchaseBit":0,"licenseKey":""},{"campaignID":"9278","attribution":0,"priority":"5","appToPromote":{"appToPromoteID":"17609","usesDefaultFrameImage":"0","usesDefaultCloseImage":"0","marketURL":"https:\/\/smartbear.com\/learn\/automated-testing\/test-automation-frameworks\/","packageID":"com.buntoo.buntooAd"},"showTemplate":1,"s2s_tracking_url":"https:\/\/smartbear.com\/learn\/automated-testing\/test-automation-frameworks\/","activeCreativeID":"4701","scenes":["1","2","6","4","5"],"campaignAdType":"Interstitial","productId":"","purchaseBit":0,"licenseKey":""},{"campaignID":"9279","attribution":0,"priority":"5","appToPromote":{"appToPromoteID":"17609","usesDefaultFrameImage":"0","usesDefaultCloseImage":"0","marketURL":"https:\/\/smartbear.com\/learn\/automated-testing\/test-automation-frameworks\/","packageID":"com.buntoo.buntooAd"},"showTemplate":1,"s2s_tracking_url":"https:\/\/smartbear.com\/learn\/automated-testing\/test-automation-frameworks\/","activeCreativeID":"4701","scenes":["1","2","6","4","5"],"campaignAdType":"Interstitial","productId":"","purchaseBit":0,"licenseKey":""},{"campaignID":"9280","attribution":0,"priority":"5","appToPromote":{"appToPromoteID":"17609","usesDefaultFrameImage":"0","usesDefaultCloseImage":"0","marketURL":"https:\/\/smartbear.com\/learn\/automated-testing\/test-automation-frameworks\/","packageID":"com.buntoo.buntooAd"},"showTemplate":1,"s2s_tracking_url":"https:\/\/smartbear.com\/learn\/automated-testing\/test-automation-frameworks\/","activeCreativeID":"4701","scenes":["1","2","6","4","5"],"campaignAdType":"Interstitial","productId":"","purchaseBit":0,"licenseKey":""},{"campaignID":"9281","attribution":0,"priority":"5","appToPromote":{"appToPromoteID":"17609","usesDefaultFrameImage":"0","usesDefaultCloseImage":"0","marketURL":"https:\/\/smartbear.com\/learn\/automated-testing\/test-automation-frameworks\/","packageID":"com.buntoo.buntooAd"},"showTemplate":1,"s2s_tracking_url":"https:\/\/smartbear.com\/learn\/automated-testing\/test-automation-frameworks\/","activeCreativeID":"4701","scenes":["1","2","6","4","5"],"campaignAdType":"Interstitial","productId":"","purchaseBit":0,"licenseKey":""},{"campaignID":"9282","attribution":0,"priority":"5","appToPromote":{"appToPromoteID":"17609","usesDefaultFrameImage":"0","usesDefaultCloseImage":"0","marketURL":"https:\/\/smartbear.com\/learn\/automated-testing\/test-automation-frameworks\/","packageID":"com.buntoo.buntooAd"},"showTemplate":1,"s2s_tracking_url":"https:\/\/smartbear.com\/learn\/automated-testing\/test-automation-frameworks\/","activeCreativeID":"4701","scenes":["1","2","6","4","5"],"campaignAdType":"Interstitial","productId":"","purchaseBit":0,"licenseKey":""},{"campaignID":"9283","attribution":0,"priority":"5","appToPromote":{"appToPromoteID":"17609","usesDefaultFrameImage":"0","usesDefaultCloseImage":"0","marketURL":"https:\/\/smartbear.com\/learn\/automated-testing\/test-automation-frameworks\/","packageID":"com.buntoo.buntooAd"},"showTemplate":1,"s2s_tracking_url":"https:\/\/smartbear.com\/learn\/automated-testing\/test-automation-frameworks\/","activeCreativeID":"4701","scenes":["1","2","6","4","5"],"campaignAdType":"Interstitial","productId":"","purchaseBit":0,"licenseKey":""},{"campaignID":"9285","attribution":0,"priority":"5","appToPromote":{"appToPromoteID":"14746","usesDefaultFrameImage":"0","usesDefaultCloseImage":"0","marketURL":"https:\/\/play.google.com\/store\/apps\/details?id=com.buntoo.army.bus.parking","packageID":"com.buntoo.army.bus.parking"},"showTemplate":1,"s2s_tracking_url":"https:\/\/play.google.com\/store\/apps\/details?id=com.buntoo.army.bus.parking","activeCreativeID":"4710","scenes":["1","2","6","4","5"],"campaignAdType":"Interstitial","productId":"","purchaseBit":0,"licenseKey":""},{"campaignID":"9287","attribution":0,"priority":"5","appToPromote":{"appToPromoteID":"14746","usesDefaultFrameImage":"0","usesDefaultCloseImage":"0","marketURL":"https:\/\/play.google.com\/store\/apps\/details?id=com.buntoo.army.bus.parking","packageID":"com.buntoo.army.bus.parking"},"showTemplate":1,"s2s_tracking_url":"https:\/\/play.google.com\/store\/apps\/details?id=com.buntoo.army.bus.parking","activeCreativeID":"4710","scenes":["1","2","6","4","5"],"campaignAdType":"Interstitial","productId":"","purchaseBit":0,"licenseKey":""},{"campaignID":"9289","attribution":0,"priority":"5","appToPromote":{"appToPromoteID":"17609","usesDefaultFrameImage":"0","usesDefaultCloseImage":"0","marketURL":"https:\/\/smartbear.com\/learn\/automated-testing\/test-automation-frameworks\/","packageID":"com.buntoo.buntooAd"},"showTemplate":1,"s2s_tracking_url":"https:\/\/smartbear.com\/learn\/automated-testing\/test-automation-frameworks\/","activeCreativeID":"4701","scenes":["1","2","6","4","5"],"campaignAdType":"Interstitial","productId":"","purchaseBit":0,"licenseKey":""},{"campaignID":"9290","attribution":0,"priority":"5","appToPromote":{"appToPromoteID":"17609","usesDefaultFrameImage":"0","usesDefaultCloseImage":"0","marketURL":"https:\/\/smartbear.com\/learn\/automated-testing\/test-automation-frameworks\/","packageID":"com.buntoo.buntooAd"},"showTemplate":1,"s2s_tracking_url":"https:\/\/smartbear.com\/learn\/automated-testing\/test-automation-frameworks\/","activeCreativeID":"4701","scenes":["1","2","6","4","5"],"campaignAdType":"Interstitial","productId":"","purchaseBit":0,"licenseKey":""},{"campaignID":"9293","attribution":0,"priority":"5","appToPromote":{"appToPromoteID":"17609","usesDefaultFrameImage":"0","usesDefaultCloseImage":"0","marketURL":"https:\/\/smartbear.com\/learn\/automated-testing\/test-automation-frameworks\/","packageID":"com.buntoo.buntooAd"},"showTemplate":1,"s2s_tracking_url":"https:\/\/smartbear.com\/learn\/automated-testing\/test-automation-frameworks\/","activeCreativeID":"4701","scenes":["1","2","6","4","5"],"campaignAdType":"Interstitial","productId":"","purchaseBit":0,"licenseKey":""},{"campaignID":"9296","attribution":0,"priority":"5","appToPromote":{"appToPromoteID":"17609","usesDefaultFrameImage":"0","usesDefaultCloseImage":"0","marketURL":"https:\/\/smartbear.com\/learn\/automated-testing\/test-automation-frameworks\/","packageID":"com.buntoo.buntooAd"},"showTemplate":1,"s2s_tracking_url":"https:\/\/smartbear.com\/learn\/automated-testing\/test-automation-frameworks\/","activeCreativeID":"4701","scenes":["1","2","6","4","5"],"campaignAdType":"Interstitial","productId":"","purchaseBit":0,"licenseKey":""},{"campaignID":"9297","attribution":0,"priority":"5","appToPromote":{"appToPromoteID":"17609","usesDefaultFrameImage":"0","usesDefaultCloseImage":"0","marketURL":"https:\/\/smartbear.com\/learn\/automated-testing\/test-automation-frameworks\/","packageID":"com.buntoo.buntooAd"},"showTemplate":1,"s2s_tracking_url":"https:\/\/smartbear.com\/learn\/automated-testing\/test-automation-frameworks\/","activeCreativeID":"4701","scenes":["1","2","6","4","5"],"campaignAdType":"Interstitial","productId":"","purchaseBit":0,"licenseKey":""},{"campaignID":"9299","attribution":0,"priority":"5","appToPromote":{"appToPromoteID":"17609","usesDefaultFrameImage":"0","usesDefaultCloseImage":"0","marketURL":"https:\/\/smartbear.com\/learn\/automated-testing\/test-automation-frameworks\/","packageID":"com.buntoo.buntooAd"},"showTemplate":1,"s2s_tracking_url":"https:\/\/smartbear.com\/learn\/automated-testing\/test-automation-frameworks\/","activeCreativeID":"4701","scenes":["1","2","6","4","5"],"campaignAdType":"Interstitial","productId":"","purchaseBit":0,"licenseKey":""},{"campaignID":"9301","attribution":0,"priority":"5","appToPromote":{"appToPromoteID":"17609","usesDefaultFrameImage":"0","usesDefaultCloseImage":"0","marketURL":"https:\/\/smartbear.com\/learn\/automated-testing\/test-automation-frameworks\/","packageID":"com.buntoo.buntooAd"},"showTemplate":1,"s2s_tracking_url":"https:\/\/smartbear.com\/learn\/automated-testing\/test-automation-frameworks\/","activeCreativeID":"4701","scenes":["1","2","6","4","5"],"campaignAdType":"Interstitial","productId":"","purchaseBit":0,"licenseKey":""},{"campaignID":"9305","attribution":0,"priority":"5","appToPromote":{"appToPromoteID":"14746","usesDefaultFrameImage":"0","usesDefaultCloseImage":"0","marketURL":"https:\/\/play.google.com\/store\/apps\/details?id=com.buntoo.army.bus.parking","packageID":"com.buntoo.army.bus.parking"},"showTemplate":1,"s2s_tracking_url":"https:\/\/play.google.com\/store\/apps\/details?id=com.buntoo.army.bus.parking","activeCreativeID":"4710","scenes":["1","2","6","4","5"],"campaignAdType":"Interstitial","productId":"","purchaseBit":0,"licenseKey":""},{"campaignID":"48","attribution":0,"priority":"5","appToPromote":{"appToPromoteID":"1074","usesDefaultFrameImage":"1","usesDefaultCloseImage":"1","marketURL":"https:\/\/play.google.com\/store\/apps\/details?id=com.mizo.construction.crane.hill.climb","packageID":"com.mizo.construction.crane.hill.climb"},"showTemplate":1,"s2s_tracking_url":"https:\/\/play.google.com\/store\/apps\/details?id=com.mizo.construction.crane.hill.climb","activeCreativeID":"65","scenes":["1","2","6","4","5"],"campaignAdType":"Interstitial","productId":"","purchaseBit":0,"licenseKey":""},{"campaignID":"50","attribution":0,"priority":"5","appToPromote":{"appToPromoteID":"1221","usesDefaultFrameImage":"1","usesDefaultCloseImage":"1","marketURL":"https:\/\/play.google.com\/store\/apps\/details?id=com.mizo.offroad.hill.climb","packageID":"com.mizo.offroad.hill.climb"},"showTemplate":1,"s2s_tracking_url":"https:\/\/play.google.com\/store\/apps\/details?id=com.mizo.offroad.hill.climb","activeCreativeID":"67","scenes":["1","2","6","4","5"],"campaignAdType":"Interstitial","productId":"","purchaseBit":0,"licenseKey":""},{"campaignID":"67","attribution":0,"priority":"5","appToPromote":{"appToPromoteID":"1306","usesDefaultFrameImage":"1","usesDefaultCloseImage":"1","marketURL":"https:\/\/play.google.com\/store\/apps\/details?id=com.mizo.extreme.heavy.truck","packageID":"com.mizo.extreme.heavy.truck"},"showTemplate":1,"s2s_tracking_url":"https:\/\/play.google.com\/store\/apps\/details?id=com.mizo.extreme.heavy.truck","activeCreativeID":"85","scenes":["1","2","6","4","5"],"campaignAdType":"Interstitial","productId":"","purchaseBit":0,"licenseKey":""},{"campaignID":"73","attribution":0,"priority":"5","appToPromote":{"appToPromoteID":"1458","usesDefaultFrameImage":"1","usesDefaultCloseImage":"1","marketURL":"https:\/\/play.google.com\/store\/apps\/details?id=com.mizo.army.prisoner.transport.simulator","packageID":"com.mizo.army.prisoner.transport.simulator"},"showTemplate":1,"s2s_tracking_url":"https:\/\/play.google.com\/store\/apps\/details?id=com.mizo.army.prisoner.transport.simulator","activeCreativeID":"93","scenes":["1","2","6","4","5"],"campaignAdType":"Interstitial","productId":"","purchaseBit":0,"licenseKey":""},{"campaignID":"74","attribution":0,"priority":"5","appToPromote":{"appToPromoteID":"1449","usesDefaultFrameImage":"1","usesDefaultCloseImage":"1","marketURL":"https:\/\/play.google.com\/store\/apps\/details?id=com.brilliantgamez.army.prisoners.transport.plane","packageID":"com.brilliantgamez.army.prisoners.transport.plane"},"showTemplate":1,"s2s_tracking_url":"https:\/\/play.google.com\/store\/apps\/details?id=com.brilliantgamez.army.prisoners.transport.plane","activeCreativeID":"94","scenes":["1","2","6","4","5"],"campaignAdType":"Interstitial","productId":"","purchaseBit":0,"licenseKey":""},{"campaignID":"78","attribution":0,"priority":"5","appToPromote":{"appToPromoteID":"1632","usesDefaultFrameImage":"1","usesDefaultCloseImage":"1","marketURL":"https:\/\/play.google.com\/store\/apps\/details?id=com.mizo.road.builder.city.construction","packageID":"com.mizo.road.builder.city.construction"},"showTemplate":1,"s2s_tracking_url":"https:\/\/play.google.com\/store\/apps\/details?id=com.mizo.road.builder.city.construction","activeCreativeID":"97","scenes":["1","2","6","4","5"],"campaignAdType":"Interstitial","productId":"","purchaseBit":0,"licenseKey":""},{"campaignID":"80","attribution":0,"priority":"5","appToPromote":{"appToPromoteID":"1675","usesDefaultFrameImage":"1","usesDefaultCloseImage":"1","marketURL":"https:\/\/play.google.com\/store\/apps\/details?id=com.mizo.flip.bottle.shooting.expert","packageID":"com.mizo.flip.bottle.shooting.expert"},"showTemplate":1,"s2s_tracking_url":"https:\/\/play.google.com\/store\/apps\/details?id=com.mizo.flip.bottle.shooting.expert","activeCreativeID":"100","scenes":["1","2","6","4","5"],"campaignAdType":"Interstitial","productId":"","purchaseBit":0,"licenseKey":""},{"campaignID":"110","attribution":0,"priority":"5","appToPromote":{"appToPromoteID":"1853","usesDefaultFrameImage":"1","usesDefaultCloseImage":"1","marketURL":"https:\/\/play.google.com\/store\/apps\/details?id=com.mizo.police.airplane.transporter","packageID":"com.mizo.police.airplane.transporter"},"showTemplate":1,"s2s_tracking_url":"https:\/\/play.google.com\/store\/apps\/details?id=com.mizo.police.airplane.transporter","activeCreativeID":"137","scenes":["1","2","6","4","5"],"campaignAdType":"Interstitial","productId":"","purchaseBit":0,"licenseKey":""},{"campaignID":"143","attribution":0,"priority":"5","appToPromote":{"appToPromoteID":"2089","usesDefaultFrameImage":"0","usesDefaultCloseImage":"0","marketURL":"https:\/\/play.google.com\/store\/apps\/details?id=com.mizo.sports.car.mechanic","packageID":"com.mizo.sports.car.mechanic"},"showTemplate":1,"s2s_tracking_url":"https:\/\/play.google.com\/store\/apps\/details?id=com.mizo.sports.car.mechanic","activeCreativeID":"184","scenes":["1","2","6","4","5"],"campaignAdType":"Interstitial","productId":"","purchaseBit":0,"licenseKey":""},{"campaignID":"147","attribution":0,"priority":"5","appToPromote":{"appToPromoteID":"2085","usesDefaultFrameImage":"0","usesDefaultCloseImage":"0","marketURL":"https:\/\/play.google.com\/store\/apps\/details?id=com.mizo.robot.gang.mafia","packageID":"com.mizo.robot.gang.mafia"},"showTemplate":1,"s2s_tracking_url":"https:\/\/play.google.com\/store\/apps\/details?id=com.mizo.robot.gang.mafia","activeCreativeID":"188","scenes":["1","2","6","4","5"],"campaignAdType":"Interstitial","productId":"","purchaseBit":0,"licenseKey":""},{"campaignID":"227","attribution":0,"priority":"5","appToPromote":{"appToPromoteID":"2571","usesDefaultFrameImage":"0","usesDefaultCloseImage":"0","marketURL":"https:\/\/play.google.com\/store\/apps\/details?id=com.mizo.raft.suvival","packageID":"com.mizo.raft.suvival"},"showTemplate":1,"s2s_tracking_url":"https:\/\/play.google.com\/store\/apps\/details?id=com.mizo.raft.suvival","activeCreativeID":"302","scenes":["1","2","6","4","5"],"campaignAdType":"Interstitial","productId":"","purchaseBit":0,"licenseKey":""},{"campaignID":"317","attribution":0,"priority":"5","appToPromote":{"appToPromoteID":"2723","usesDefaultFrameImage":"0","usesDefaultCloseImage":"0","marketURL":"https:\/\/play.google.com\/store\/apps\/details?id=com.mizo.helicopter.rescue","packageID":"com.mizo.helicopter.rescue"},"showTemplate":1,"s2s_tracking_url":"https:\/\/play.google.com\/store\/apps\/details?id=com.mizo.helicopter.rescue","activeCreativeID":"324","scenes":["1","2","6","4","5"],"campaignAdType":"Interstitial","productId":"","purchaseBit":0,"licenseKey":""},{"campaignID":"367","attribution":0,"priority":"5","appToPromote":{"appToPromoteID":"2911","usesDefaultFrameImage":"0","usesDefaultCloseImage":"0","marketURL":"https:\/\/play.google.com\/store\/apps\/details?id=com.mizo.police.ship.transporter","packageID":"com.mizo.police.ship.transporter"},"showTemplate":1,"s2s_tracking_url":"https:\/\/play.google.com\/store\/apps\/details?id=com.mizo.police.ship.transporter","activeCreativeID":"383","scenes":["1","2","6","4","5"],"campaignAdType":"Interstitial","productId":"","purchaseBit":0,"licenseKey":""},{"campaignID":"390","attribution":0,"priority":"5","appToPromote":{"appToPromoteID":"3077","usesDefaultFrameImage":"0","usesDefaultCloseImage":"0","marketURL":"https:\/\/play.google.com\/store\/apps\/details?id=com.mizo.transformer.shooting","packageID":"com.mizo.transformer.shooting"},"showTemplate":1,"s2s_tracking_url":"https:\/\/play.google.com\/store\/apps\/details?id=com.mizo.transformer.shooting","activeCreativeID":"441","scenes":["1","2","6","4","5"],"campaignAdType":"Interstitial","productId":"","purchaseBit":0,"licenseKey":""},{"campaignID":"408","attribution":0,"priority":"5","appToPromote":{"appToPromoteID":"3095","usesDefaultFrameImage":"0","usesDefaultCloseImage":"0","marketURL":"https:\/\/play.google.com\/store\/apps\/details?id=com.mizo.superhero.robot","packageID":"com.mizo.superhero.robot"},"showTemplate":1,"s2s_tracking_url":"https:\/\/play.google.com\/store\/apps\/details?id=com.mizo.superhero.robot","activeCreativeID":"443","scenes":["1","2","6","4","5"],"campaignAdType":"Interstitial","productId":"","purchaseBit":0,"licenseKey":""},{"campaignID":"410","attribution":0,"priority":"5","appToPromote":{"appToPromoteID":"3145","usesDefaultFrameImage":"0","usesDefaultCloseImage":"0","marketURL":"https:\/\/play.google.com\/store\/apps\/details?id=com.mizo.extreme.bikerider","packageID":"com.mizo.extreme.bikerider"},"showTemplate":1,"s2s_tracking_url":"https:\/\/play.google.com\/store\/apps\/details?id=com.mizo.extreme.bikerider","activeCreativeID":"448","scenes":["1","2","6","4","5"],"campaignAdType":"Interstitial","productId":"","purchaseBit":0,"licenseKey":""},{"campaignID":"428","attribution":0,"priority":"5","appToPromote":{"appToPromoteID":"3250","usesDefaultFrameImage":"0","usesDefaultCloseImage":"0","marketURL":"https:\/\/play.google.com\/store\/apps\/details?id=com.mizo.bicycle.stunt.racer","packageID":"com.mizo.bicycle.stunt.racer"},"showTemplate":1,"s2s_tracking_url":"https:\/\/play.google.com\/store\/apps\/details?id=com.mizo.bicycle.stunt.racer","activeCreativeID":"472","scenes":["1","2","6","4","5"],"campaignAdType":"Interstitial","productId":"","purchaseBit":0,"licenseKey":""},{"campaignID":"429","attribution":0,"priority":"5","appToPromote":{"appToPromoteID":"3253","usesDefaultFrameImage":"0","usesDefaultCloseImage":"0","marketURL":"https:\/\/play.google.com\/store\/apps\/details?id=com.mizo.rooftop.stunts","packageID":"com.mizo.rooftop.stunts"},"showTemplate":1,"s2s_tracking_url":"https:\/\/play.google.com\/store\/apps\/details?id=com.mizo.rooftop.stunts","activeCreativeID":"474","scenes":["1","2","6","4","5"],"campaignAdType":"Interstitial","productId":"","purchaseBit":0,"licenseKey":""},{"campaignID":"456","attribution":0,"priority":"5","appToPromote":{"appToPromoteID":"2448","usesDefaultFrameImage":"0","usesDefaultCloseImage":"0","marketURL":"https:\/\/play.google.com\/store\/apps\/details?id=com.mizo.battle.simulator","packageID":"com.mizo.battle.simulator"},"showTemplate":1,"s2s_tracking_url":"https:\/\/play.google.com\/store\/apps\/details?id=com.mizo.battle.simulator","activeCreativeID":"503","scenes":["1","2","6","4","5"],"campaignAdType":"Interstitial","productId":"","purchaseBit":0,"licenseKey":""},{"campaignID":"482","attribution":0,"priority":"5","appToPromote":{"appToPromoteID":"2877","usesDefaultFrameImage":"0","usesDefaultCloseImage":"0","marketURL":"https:\/\/play.google.com\/store\/apps\/details?id=com.mizo.underwater.tourist.bus","packageID":"com.mizo.underwater.tourist.bus"},"showTemplate":1,"s2s_tracking_url":"https:\/\/play.google.com\/store\/apps\/details?id=com.mizo.underwater.tourist.bus","activeCreativeID":"540","scenes":["1","2","6","4","5"],"campaignAdType":"Interstitial","productId":"","purchaseBit":0,"licenseKey":""},{"campaignID":"490","attribution":0,"priority":"5","appToPromote":{"appToPromoteID":"3518","usesDefaultFrameImage":"0","usesDefaultCloseImage":"0","marketURL":"https:\/\/play.google.com\/store\/apps\/details?id=com.crazyneuron.superhero.robot.world","packageID":"com.crazyneuron.superhero.robot.world"},"showTemplate":1,"s2s_tracking_url":"https:\/\/play.google.com\/store\/apps\/details?id=com.crazyneuron.superhero.robot.world","activeCreativeID":"550","scenes":["1","2","6","4","5"],"campaignAdType":"Interstitial","productId":"","purchaseBit":0,"licenseKey":""},{"campaignID":"501","attribution":0,"priority":"5","appToPromote":{"appToPromoteID":"3579","usesDefaultFrameImage":"0","usesDefaultCloseImage":"0","marketURL":"https:\/\/play.google.com\/store\/apps\/details?id=com.crazyneuron.us.army.transport","packageID":"com.crazyneuron.us.army.transport"},"showTemplate":1,"s2s_tracking_url":"https:\/\/play.google.com\/store\/apps\/details?id=com.crazyneuron.us.army.transport","activeCreativeID":"577","scenes":["1","2","6","4","5"],"campaignAdType":"Interstitial","productId":"","purchaseBit":0,"licenseKey":""},{"campaignID":"512","attribution":0,"priority":"5","appToPromote":{"appToPromoteID":"3683","usesDefaultFrameImage":"0","usesDefaultCloseImage":"0","marketURL":"https:\/\/play.google.com\/store\/apps\/details?id=com.mizo.plane.landing","packageID":"com.mizo.plane.landing"},"showTemplate":1,"s2s_tracking_url":"https:\/\/play.google.com\/store\/apps\/details?id=com.mizo.plane.landing","activeCreativeID":"594","scenes":["1","2","6","4","5"],"campaignAdType":"Interstitial","productId":"","purchaseBit":0,"licenseKey":""},{"campaignID":"6210","attribution":0,"priority":"5","appToPromote":{"appToPromoteID":"11566","usesDefaultFrameImage":"0","usesDefaultCloseImage":"0","marketURL":"https:\/\/play.google.com\/store\/apps\/details?id=com.mizo.line.drawing.puzzle.game","packageID":"com.mizo.line.drawing.puzzle.game"},"showTemplate":1,"s2s_tracking_url":"https:\/\/play.google.com\/store\/apps\/details?id=com.mizo.line.drawing.puzzle.game","activeCreativeID":"1322","scenes":["1","2","6","4","5"],"campaignAdType":"Video","productId":"","purchaseBit":0,"licenseKey":""},{"campaignID":"6213","attribution":0,"priority":"5","appToPromote":{"appToPromoteID":"11633","usesDefaultFrameImage":"0","usesDefaultCloseImage":"0","marketURL":"https:\/\/play.google.com\/store\/apps\/details?id=com.mizo.car.driving.simulator","packageID":"com.mizo.car.driving.simulator"},"showTemplate":1,"s2s_tracking_url":"https:\/\/play.google.com\/store\/apps\/details?id=com.mizo.car.driving.simulator","activeCreativeID":"1325","scenes":["1","2","6","4","5"],"campaignAdType":"Video","productId":"","purchaseBit":0,"licenseKey":""},{"campaignID":"6214","attribution":0,"priority":"5","appToPromote":{"appToPromoteID":"11661","usesDefaultFrameImage":"0","usesDefaultCloseImage":"0","marketURL":"https:\/\/play.google.com\/store\/apps\/details?id=com.mizo.car.tycoon.game","packageID":"com.mizo.car.tycoon.game"},"showTemplate":1,"s2s_tracking_url":"https:\/\/play.google.com\/store\/apps\/details?id=com.mizo.car.tycoon.game","activeCreativeID":"1326","scenes":["1","2","6","4","5"],"campaignAdType":"Video","productId":"","purchaseBit":0,"licenseKey":""},{"campaignID":"6254","attribution":0,"priority":"5","appToPromote":{"appToPromoteID":"11810","usesDefaultFrameImage":"0","usesDefaultCloseImage":"0","marketURL":"https:\/\/play.google.com\/store\/apps\/details?id=com.mizo.car.transporter.games","packageID":"com.mizo.car.transporter.games"},"showTemplate":1,"s2s_tracking_url":"https:\/\/play.google.com\/store\/apps\/details?id=com.mizo.car.transporter.games","activeCreativeID":"1370","scenes":["1","2","6","4","5"],"campaignAdType":"Video","productId":"","purchaseBit":0,"licenseKey":""},{"campaignID":"6256","attribution":0,"priority":"5","appToPromote":{"appToPromoteID":"11880","usesDefaultFrameImage":"0","usesDefaultCloseImage":"0","marketURL":"https:\/\/play.google.com\/store\/apps\/details?id=com.mizo.us.army.transporter","packageID":"com.mizo.us.army.transporter"},"showTemplate":1,"s2s_tracking_url":"https:\/\/play.google.com\/store\/apps\/details?id=com.mizo.us.army.transporter","activeCreativeID":"1372","scenes":["1","2","6","4","5"],"campaignAdType":"Video","productId":"","purchaseBit":0,"licenseKey":""},{"campaignID":"6264","attribution":0,"priority":"5","appToPromote":{"appToPromoteID":"11879","usesDefaultFrameImage":"0","usesDefaultCloseImage":"0","marketURL":"https:\/\/play.google.com\/store\/apps\/details?id=com.buntoo.car.racing.games","packageID":"com.buntoo.car.racing.games"},"showTemplate":1,"s2s_tracking_url":"https:\/\/play.google.com\/store\/apps\/details?id=com.buntoo.car.racing.games","activeCreativeID":"1380","scenes":["1","2","6","4","5"],"campaignAdType":"Video","productId":"","purchaseBit":0,"licenseKey":""},{"campaignID":"6363","attribution":0,"priority":"5","appToPromote":{"appToPromoteID":"12100","usesDefaultFrameImage":"0","usesDefaultCloseImage":"0","marketURL":"https:\/\/play.google.com\/store\/apps\/details?id=com.mizo.police.transport.shooting","packageID":"com.mizo.police.transport.shooting"},"showTemplate":1,"s2s_tracking_url":"https:\/\/play.google.com\/store\/apps\/details?id=com.mizo.police.transport.shooting","activeCreativeID":"1519","scenes":["1","2","6","4","5"],"campaignAdType":"Video","productId":"","purchaseBit":0,"licenseKey":""},{"campaignID":"6430","attribution":0,"priority":"5","appToPromote":{"appToPromoteID":"12340","usesDefaultFrameImage":"0","usesDefaultCloseImage":"0","marketURL":"https:\/\/play.google.com\/store\/apps\/details?id=com.buntoo.robot.car.transporter.games","packageID":"com.buntoo.robot.car.transporter.games"},"showTemplate":1,"s2s_tracking_url":"https:\/\/play.google.com\/store\/apps\/details?id=com.buntoo.robot.car.transporter.games","activeCreativeID":"1563","scenes":["1","2","6","4","5"],"campaignAdType":"Video","productId":"","purchaseBit":0,"licenseKey":""},{"campaignID":"6432","attribution":0,"priority":"5","appToPromote":{"appToPromoteID":"12565","usesDefaultFrameImage":"0","usesDefaultCloseImage":"0","marketURL":"https:\/\/play.google.com\/store\/apps\/details?id=com.mizo.train.gold.robbery.games","packageID":"com.mizo.train.gold.robbery.games"},"showTemplate":1,"s2s_tracking_url":"https:\/\/play.google.com\/store\/apps\/details?id=com.mizo.train.gold.robbery.games","activeCreativeID":"1565","scenes":["1","2","6","4","5"],"campaignAdType":"Video","productId":"","purchaseBit":0,"licenseKey":""},{"campaignID":"6445","attribution":0,"priority":"5","appToPromote":{"appToPromoteID":"12564","usesDefaultFrameImage":"0","usesDefaultCloseImage":"0","marketURL":"https:\/\/play.google.com\/store\/apps\/details?id=com.cradley.prison.escape.casino.robbery","packageID":"com.cradley.prison.escape.casino.robbery"},"showTemplate":1,"s2s_tracking_url":"https:\/\/play.google.com\/store\/apps\/details?id=com.cradley.prison.escape.casino.robbery","activeCreativeID":"1575","scenes":["1","2","6","4","5"],"campaignAdType":"Video","productId":"","purchaseBit":0,"licenseKey":""}],"refreshAdRate":30,"mode":"Production","aspectRatio":"4_3","cdnPath":"https:\/\/df8ymybeo92md.cloudfront.net\/images\/","sentry_log":0,"local_logging":0,"sentry_dsn":"https:\/\/93ffa1c9a4124f67b8888a53265f751a:bbf998e04584477fa9a145838e9d3b26@sentry.io\/168994","sentry_initialization":1,"sentry_debugging":0,"bannerSizes":["1"],"aspectRatioVideo":"16_9","app_id":"2089","showPreRewardedDialogue":0,"showPostRewardedDialogue":0,"rewardCurrency":"coins","rewardValue":0,"isSkipable":1,"privacyPolicyURL":"https:\/\/www.consoliads.com\/privacy-policy\/","sessionToken":"W6yjJH9MK6GPgsyPcdYWi2zOfcdBu7x2g18WAdSM44skZ9RcAZr3Vgmn+rH8ssEo9TMNOSmSo8q502dd28xOphCqv5QS9d0zhG7UNYTRZTTQTBKi4BHieL2Kxee\/nC5Tq4rsbhSz+BTqTuYYOT\/pAohOZ6JgZvYmZzGHaowwuXI="}
Session token value is set


{"appKey":"081c9f3ed7515bbbefc3fc89101b1944","deviceID":"8407","stats":[{"campaignID":146,"packageID":"com.gss.offroad.policebiketransport","sceneStats":[{"sceneID":"22","eventStats":"384,284,184,84,84,0,0"}]}],"sdkVersion":"39","sessionToken":"W6yjJH9MK6GPgsyPcdYWi2zOfcdBu7x2g18WAdSM44skZ9RcAZr3Vgmn+rH8ssEo9TMNOSmSo8q502dd28xOphCqv5QS9d0zhG7UNYTRZTTQTBKi4BHieL2Kxee\/nC5Tq4rsbhSz+BTqTuYYOT\/pAohOZ6JgZvYmZzGHaowwuXI="}
cache_ttl value is correct

Refresh Ad Rate value is correct
mode value is set

 Aspect ratio value is correct
sentry_log value is set
local_logging value is set
sentry_initialization value is set
sentry_debugging value is set
showPreRewardedDialogue value is set
showPostRewardedDialogue value is set
isSkipable value is set
{"cache_ttl":10080,"cache_ttl_rewarded":10080,"cache_ttl_banner":10080,"cache_ttl_native":10080,"cache_ttl_icon":10080,"campaigns":[{"campaignID":"8378","attribution":0,"priority":"8","appToPromote":{"appToPromoteID":"16480","usesDefaultFrameImage":"0","usesDefaultCloseImage":"0","marketURL":"https:\/\/play.google.com\/store\/apps\/details?id=com.nag.home.manager.working.virtual.mom","packageID":"com.GSS317.AmazingFamily"},"showTemplate":1,"s2s_tracking_url":"https:\/\/play.google.com\/store\/apps\/details?id=com.nag.home.manager.working.virtual.mom","activeCreativeID":"3720","scenes":["12","1","8","6","15","2"],"campaignAdType":"Interstitial","productId":"","purchaseBit":0,"licenseKey":""},{"campaignID":"9547","attribution":0,"priority":"8","appToPromote":{"appToPromoteID":"11879","usesDefaultFrameImage":"0","usesDefaultCloseImage":"0","marketURL":"https:\/\/play.google.com\/store\/apps\/details?id=com.buntoo.car.racing.games","packageID":"com.buntoo.car.racing.games"},"showTemplate":1,"s2s_tracking_url":"https:\/\/play.google.com\/store\/apps\/details?id=com.buntoo.car.racing.games","activeCreativeID":"4964","scenes":["12","1","8","6","15","2"],"campaignAdType":"Interstitial","productId":"","purchaseBit":0,"licenseKey":""},{"campaignID":"9586","attribution":0,"priority":"8","appToPromote":{"appToPromoteID":"515","usesDefaultFrameImage":"1","usesDefaultCloseImage":"1","marketURL":"https:\/\/play.google.com\/store\/apps\/details?id=com.plum.cash.counter.simualtor","packageID":"com.plum.cash.counter.simualtor"},"showTemplate":1,"s2s_tracking_url":"https:\/\/play.google.com\/store\/apps\/details?id=com.plum.cash.counter.simualtor","activeCreativeID":"50","scenes":["12","1","8","6","15","2"],"campaignAdType":"Interstitial","productId":"","purchaseBit":0,"licenseKey":""},{"campaignID":"9587","attribution":0,"priority":"8","appToPromote":{"appToPromoteID":"515","usesDefaultFrameImage":"1","usesDefaultCloseImage":"1","marketURL":"https:\/\/play.google.com\/store\/apps\/details?id=com.plum.cash.counter.simualtor","packageID":"com.plum.cash.counter.simualtor"},"showTemplate":1,"s2s_tracking_url":"https:\/\/play.google.com\/store\/apps\/details?id=com.plum.cash.counter.simualtor","activeCreativeID":"50","scenes":["12","1","8","6","15","2"],"campaignAdType":"Interstitial","productId":"","purchaseBit":0,"licenseKey":""},{"campaignID":"9588","attribution":0,"priority":"8","appToPromote":{"appToPromoteID":"515","usesDefaultFrameImage":"1","usesDefaultCloseImage":"1","marketURL":"https:\/\/play.google.com\/store\/apps\/details?id=com.plum.cash.counter.simualtor","packageID":"com.plum.cash.counter.simualtor"},"showTemplate":1,"s2s_tracking_url":"https:\/\/play.google.com\/store\/apps\/details?id=com.plum.cash.counter.simualtor","activeCreativeID":"50","scenes":["12","1","8","6","15","2"],"campaignAdType":"Interstitial","productId":"","purchaseBit":0,"licenseKey":""},{"campaignID":"9589","attribution":0,"priority":"8","appToPromote":{"appToPromoteID":"515","usesDefaultFrameImage":"1","usesDefaultCloseImage":"1","marketURL":"https:\/\/play.google.com\/store\/apps\/details?id=com.plum.cash.counter.simualtor","packageID":"com.plum.cash.counter.simualtor"},"showTemplate":1,"s2s_tracking_url":"https:\/\/play.google.com\/store\/apps\/details?id=com.plum.cash.counter.simualtor","activeCreativeID":"50","scenes":["12","1","8","6","15","2"],"campaignAdType":"Interstitial","productId":"","purchaseBit":0,"licenseKey":""},{"campaignID":"9131","attribution":0,"priority":"8","appToPromote":{"appToPromoteID":"17532","usesDefaultFrameImage":"0","usesDefaultCloseImage":"0","marketURL":"https:\/\/play.google.com\/store\/apps\/details?id=com.dhgate.buyermob","packageID":"com.dhgate.buyermob"},"showTemplate":1,"s2s_tracking_url":"https:\/\/tha.gotrackier.com\/click?campaign_id=63254\\u0026pub_id=75?p1=2225_9131_8407&amp;source=6841&amp;app_name=OffRoadPoliceBikeTransport&amp;gaid=8407","activeCreativeID":"4483","scenes":["12","1","8","6","15","2"],"campaignAdType":"Interstitial","productId":"","purchaseBit":0,"licenseKey":""},{"campaignID":"8380","attribution_link":"","attribution":1,"priority":"7","appToPromote":{"appToPromoteID":"16480","usesDefaultFrameImage":"0","usesDefaultCloseImage":"0","marketURL":"https:\/\/play.google.com\/store\/apps\/details?id=com.nag.home.manager.working.virtual.mom","packageID":"com.GSS317.AmazingFamily"},"showTemplate":1,"s2s_tracking_url":"","activeCreativeID":"3720","scenes":["12","1","8","6","15","2"],"campaignAdType":"Interstitial","productId":"","purchaseBit":0,"licenseKey":""},{"campaignID":"444","attribution":0,"priority":"6","appToPromote":{"appToPromoteID":"3355","usesDefaultFrameImage":"0","usesDefaultCloseImage":"0","marketURL":"https:\/\/play.google.com\/store\/apps\/details?id=com.popnsons.parkour.mouse","packageID":"com.popnsons.parkour.mouse"},"showTemplate":1,"s2s_tracking_url":"https:\/\/play.google.com\/store\/apps\/details?id=com.popnsons.parkour.mouse","activeCreativeID":"469","scenes":["12","1","8","6","15","2"],"campaignAdType":"Interstitial","productId":"","purchaseBit":0,"licenseKey":""},{"campaignID":"561","attribution":0,"priority":"6","appToPromote":{"appToPromoteID":"5026","usesDefaultFrameImage":"0","usesDefaultCloseImage":"0","marketURL":"https:\/\/play.google.com\/store\/apps\/details?id=com.as.cashupapp","packageID":"com.as.cashupapp"},"showTemplate":1,"s2s_tracking_url":"https:\/\/play.google.com\/store\/apps\/details?id=com.as.cashupapp","activeCreativeID":"652","scenes":["12","1","8","6","15","2"],"campaignAdType":"Interstitial","productId":"","purchaseBit":0,"licenseKey":""},{"campaignID":"570","attribution":0,"priority":"6","appToPromote":{"appToPromoteID":"3802","usesDefaultFrameImage":"0","usesDefaultCloseImage":"0","marketURL":"https:\/\/play.google.com\/store\/apps\/details?id=com.Madxstudios.Flickshootsoccer","packageID":"com.Madxstudios.Flickshootsoccer"},"showTemplate":1,"s2s_tracking_url":"https:\/\/play.google.com\/store\/apps\/details?id=com.Madxstudios.Flickshootsoccer","activeCreativeID":"661","scenes":["12","1","8","6","15","2"],"campaignAdType":"Interstitial","productId":"","purchaseBit":0,"licenseKey":""},{"campaignID":"588","attribution":0,"priority":"6","appToPromote":{"appToPromoteID":"5026","usesDefaultFrameImage":"0","usesDefaultCloseImage":"0","marketURL":"https:\/\/play.google.com\/store\/apps\/details?id=com.as.cashupapp","packageID":"com.as.cashupapp"},"showTemplate":1,"s2s_tracking_url":"https:\/\/play.google.com\/store\/apps\/details?id=com.as.cashupapp","activeCreativeID":"652","scenes":["12","1","8","6","15","2"],"campaignAdType":"Interstitial","productId":"","purchaseBit":0,"licenseKey":""},{"campaignID":"8808","attribution_link":"","attribution":1,"priority":"5","appToPromote":{"appToPromoteID":"16528","usesDefaultFrameImage":"0","usesDefaultCloseImage":"0","marketURL":"https:\/\/play.google.com\/store\/apps\/details?id=com.bag.farm.day.village.farming.games","packageID":"com.GSS317.com.bag.farm.day.village.farming.games"},"showTemplate":1,"s2s_tracking_url":"","activeCreativeID":"3775","scenes":["12","1","8","6","15","2"],"campaignAdType":"Interstitial","productId":"","purchaseBit":0,"licenseKey":""},{"campaignID":"8973","attribution":0,"priority":"5","appToPromote":{"appToPromoteID":"15974","usesDefaultFrameImage":"0","usesDefaultCloseImage":"0","marketURL":"https:\/\/play.google.com\/store\/apps\/details?id=com.mustardgames.bmx.cycle.stunt.mega.ramp.impossibletracks","packageID":"com.mustardgames.bmx.cycle.stunt.mega.ramp.impossibletracks"},"showTemplate":1,"s2s_tracking_url":"https:\/\/play.google.com\/store\/apps\/details?id=com.mustardgames.bmx.cycle.stunt.mega.ramp.impossibletracks","activeCreativeID":"4339","scenes":["12","1","8","6","15","2"],"campaignAdType":"Interstitial","productId":"","purchaseBit":0,"licenseKey":""},{"campaignID":"557","attribution":0,"priority":"4","appToPromote":{"appToPromoteID":"4959","usesDefaultFrameImage":"0","usesDefaultCloseImage":"0","marketURL":"https:\/\/play.google.com\/store\/apps\/details?id=com.jet.plane.surfers.joyride.dash","packageID":"com.jet.plane.surfers.joyride.dash"},"showTemplate":1,"s2s_tracking_url":"https:\/\/play.google.com\/store\/apps\/details?id=com.jet.plane.surfers.joyride.dash","activeCreativeID":"645","scenes":["12","1","8","6","15","2"],"campaignAdType":"Interstitial","productId":"","purchaseBit":0,"licenseKey":""},{"campaignID":"414","attribution":0,"priority":"3","appToPromote":{"appToPromoteID":"3023","usesDefaultFrameImage":"0","usesDefaultCloseImage":"0","marketURL":"https:\/\/play.google.com\/store\/apps\/details?id=com.appricot2d.rolo.pet.parrot","packageID":"com.appricot2d.rolo.pet.parrot"},"showTemplate":1,"s2s_tracking_url":"https:\/\/play.google.com\/store\/apps\/details?id=com.appricot2d.rolo.pet.parrot","activeCreativeID":"385","scenes":["12","1","8","6","15","2"],"campaignAdType":"Interstitial","productId":"","purchaseBit":0,"licenseKey":""},{"campaignID":"559","attribution":0,"priority":"3","appToPromote":{"appToPromoteID":"3476","usesDefaultFrameImage":"0","usesDefaultCloseImage":"0","marketURL":"https:\/\/play.google.com\/store\/apps\/details?id=com.perspectivegames.real.impossible.tracks.stunts","packageID":"com.perspectivegames.real.impossible.tracks.stunts"},"showTemplate":1,"s2s_tracking_url":"https:\/\/play.google.com\/store\/apps\/details?id=com.perspectivegames.real.impossible.tracks.stunts","activeCreativeID":"649","scenes":["12","1","8","6","15","2"],"campaignAdType":"Interstitial","productId":"","purchaseBit":0,"licenseKey":""},{"campaignID":"741","attribution":0,"priority":"3","appToPromote":{"appToPromoteID":"5609","usesDefaultFrameImage":"0","usesDefaultCloseImage":"0","marketURL":"https:\/\/play.google.com\/store\/apps\/details?id=com.kick.gyroscopic.city.train.driver.simulator","packageID":"com.kick.gyroscopic.city.train.driver.simulator"},"showTemplate":1,"s2s_tracking_url":"https:\/\/play.google.com\/store\/apps\/details?id=com.kick.gyroscopic.city.train.driver.simulator","activeCreativeID":"753","scenes":["12","1","8","6","15","2"],"campaignAdType":"Interstitial","productId":"","purchaseBit":0,"licenseKey":""},{"campaignID":"798","attribution":0,"priority":"3","appToPromote":{"appToPromoteID":"5770","usesDefaultFrameImage":"0","usesDefaultCloseImage":"0","marketURL":"https:\/\/play.google.com\/store\/apps\/details?id=com.simulatorgames3d.alohacelebrations","packageID":"com.simulatorgames3d.alohacelebrations"},"showTemplate":1,"s2s_tracking_url":"https:\/\/play.google.com\/store\/apps\/details?id=com.simulatorgames3d.alohacelebrations","activeCreativeID":"787","scenes":["12","1","8","6","15","2"],"campaignAdType":"Interstitial","productId":"","purchaseBit":0,"licenseKey":""},{"campaignID":"1483","attribution":0,"priority":"3","appToPromote":{"appToPromoteID":"1714","usesDefaultFrameImage":"1","usesDefaultCloseImage":"1","marketURL":"https:\/\/play.google.com\/store\/apps\/details?id=com.playink.cookie.maker","packageID":"com.playink.cookie.maker"},"showTemplate":1,"s2s_tracking_url":"https:\/\/play.google.com\/store\/apps\/details?id=com.playink.cookie.maker","activeCreativeID":"1020","scenes":["12","1","8","6","15","2"],"campaignAdType":"Interstitial","productId":"","purchaseBit":0,"licenseKey":""},{"campaignID":"8762","attribution":0,"priority":"2","appToPromote":{"appToPromoteID":"13265","usesDefaultFrameImage":"0","usesDefaultCloseImage":"0","marketURL":"https:\/\/play.google.com\/store\/apps\/details?id=com.rhg.tricky.bike.stunt.moto.master","packageID":"com.rhg.tricky.bike.stunt.moto.master"},"showTemplate":1,"s2s_tracking_url":"https:\/\/play.google.com\/store\/apps\/details?id=com.rhg.tricky.bike.stunt.moto.master","activeCreativeID":"4121","scenes":["12","1","8","6","15","2"],"campaignAdType":"Rewarded Video","productId":"","purchaseBit":0,"licenseKey":""},{"campaignID":"9366","attribution":0,"priority":"2","appToPromote":{"appToPromoteID":"17602","usesDefaultFrameImage":"0","usesDefaultCloseImage":"0","marketURL":"https:\/\/play.google.com\/store\/apps\/details?id=com.abaenglish.videoclass&amp;referrer=utm_source=42matters.com&amp;utm_medium=api","packageID":"com.abaenglish.videoclass"},"showTemplate":1,"s2s_tracking_url":"https:\/\/play.google.com\/store\/apps\/details?id=com.abaenglish.videoclass&amp;referrer=utm_source=42matters.com&amp;utm_medium=api","activeCreativeID":"4815","scenes":["12","1","8","6","15","2"],"campaignAdType":"Interstitial","productId":"","purchaseBit":0,"licenseKey":""}],"refreshAdRate":30,"mode":"Production","aspectRatio":"4_3","cdnPath":"https:\/\/df8ymybeo92md.cloudfront.net\/images\/","sentry_log":0,"local_logging":0,"sentry_dsn":"https:\/\/93ffa1c9a4124f67b8888a53265f751a:bbf998e04584477fa9a145838e9d3b26@sentry.io\/168994","sentry_initialization":1,"sentry_debugging":0,"bannerSizes":["5"],"aspectRatioVideo":"16_9","app_id":"2225","showPreRewardedDialogue":0,"showPostRewardedDialogue":0,"rewardCurrency":"coins","rewardValue":0,"isSkipable":0,"privacyPolicyURL":"https:\/\/www.consoliads.com\/privacy-policy\/","sessionToken":"OJcRN5WX7uqXRtGWTcn0SJQpetXEzrVQl3O7RUsLJZnbRa4uJLl74sJWOkZuYgdR\/8IzbcZgQ5MOLNqBwx+\/qg8QvTGvFC+3qixbhwZwRIudV70IQzp3db2ZG0a1WURz7uPukHZucfInxZxsX2yCIH4XsmANic7Lu+Kj5VQNoik="}
Session token value is set


{"appKey":"9df632233aa0ab875abe5f3677328817","deviceID":"3817","stats":[{"campaignID":153,"packageID":"com.whitesand.underwater.shark.sniper.hunter","sceneStats":[{"sceneID":"10","eventStats":"338,238,138,38,38,0,0"}]}],"sdkVersion":"90","sessionToken":"OJcRN5WX7uqXRtGWTcn0SJQpetXEzrVQl3O7RUsLJZnbRa4uJLl74sJWOkZuYgdR\/8IzbcZgQ5MOLNqBwx+\/qg8QvTGvFC+3qixbhwZwRIudV70IQzp3db2ZG0a1WURz7uPukHZucfInxZxsX2yCIH4XsmANic7Lu+Kj5VQNoik="}
cache_ttl value is correct

Refresh Ad Rate value is correct
mode value is set

 Aspect ratio value is correct
sentry_log value is set
local_logging value is set
sentry_initialization value is set
sentry_debugging value is set
showPreRewardedDialogue value is set
showPostRewardedDialogue value is set
isSkipable value is set
{"cache_ttl":10080,"cache_ttl_rewarded":10080,"cache_ttl_banner":10080,"cache_ttl_native":10080,"cache_ttl_icon":10080,"refreshAdRate":30,"mode":"Production","aspectRatio":"4_3","cdnPath":"https:\/\/df8ymybeo92md.cloudfront.net\/images\/","sentry_log":0,"local_logging":0,"sentry_dsn":"https:\/\/93ffa1c9a4124f67b8888a53265f751a:bbf998e04584477fa9a145838e9d3b26@sentry.io\/168994","sentry_initialization":1,"sentry_debugging":0,"bannerSizes":["5"],"aspectRatioVideo":"16_9","app_id":"2141","showPreRewardedDialogue":0,"showPostRewardedDialogue":0,"rewardCurrency":"coins","rewardValue":0,"isSkipable":0,"privacyPolicyURL":"https:\/\/www.consoliads.com\/privacy-policy\/","sessionToken":"EJTZ3+zIWhUGqcERpqc7KaUQurO9Z6UNnzgmbI+FKIEkD9Nay5rqj7XHQQ5Q8byyvzVIIqELpJa9xu3xxm6KMsR97hBgbBrMmbt3TxYJeyY5HWz\/eiznn9Aoa7EeIMf8jPtqjuaOKRDtsewI6N6988JCTw2iJ9oJ2o13cgldtsY="}
Session token value is set


{"appKey":"0c2ea59a1926e209c4043dbc64975c4d","deviceID":"3894","stats":[{"campaignID":155,"packageID":"com.gss.garage.workshop.carmehanic","sceneStats":[{"sceneID":"10","eventStats":"339,239,139,39,39,0,0"}]}],"sdkVersion":"2163","sessionToken":"EJTZ3+zIWhUGqcERpqc7KaUQurO9Z6UNnzgmbI+FKIEkD9Nay5rqj7XHQQ5Q8byyvzVIIqELpJa9xu3xxm6KMsR97hBgbBrMmbt3TxYJeyY5HWz\/eiznn9Aoa7EeIMf8jPtqjuaOKRDtsewI6N6988JCTw2iJ9oJ2o13cgldtsY="}
cache_ttl value is correct

Title value is correct

Title value is correct

Title value is correct

Title value is correct

Title value is correct

Title value is correct

Refresh Ad Rate value is correct
mode value is set

 Aspect ratio value is correct
sentry_log value is set
local_logging value is set
sentry_initialization value is set
sentry_debugging value is set
showPreRewardedDialogue value is set
showPostRewardedDialogue value is set
isSkipable value is set
{"cache_ttl":10080,"cache_ttl_rewarded":10080,"cache_ttl_banner":10080,"cache_ttl_native":10080,"cache_ttl_icon":10080,"campaigns":[{"campaignID":"8226","attribution":0,"priority":"8","appToPromote":{"appToPromoteID":"12623","usesDefaultFrameImage":"0","usesDefaultCloseImage":"0","marketURL":"https:\/\/play.google.com\/store\/apps\/details?id=com.igg.android.lordsmobile&amp;referrer=utm_source=42matters.com&amp;utm_medium=api","packageID":"com.nooribrand.android.lordsmobile"},"showTemplate":1,"s2s_tracking_url":"https:\/\/play.google.com\/store\/apps\/details?id=com.igg.android.lordsmobile&amp;referrer=utm_source=42matters.com&amp;utm_medium=api","activeCreativeID":"3557","scenes":["12","1","8","6","15","2"],"campaignAdType":"Icon","productId":"","purchaseBit":0,"licenseKey":""},{"campaignID":"8613","attribution":0,"priority":"8","appToPromote":{"appToPromoteID":"12623","usesDefaultFrameImage":"0","usesDefaultCloseImage":"0","marketURL":"https:\/\/play.google.com\/store\/apps\/details?id=com.igg.android.lordsmobile&amp;referrer=utm_source=42matters.com&amp;utm_medium=api","packageID":"com.nooribrand.android.lordsmobile"},"showTemplate":1,"s2s_tracking_url":"https:\/\/play.google.com\/store\/apps\/details?id=com.igg.android.lordsmobile&amp;referrer=utm_source=42matters.com&amp;utm_medium=api","activeCreativeID":"3557","scenes":["12","1","8","6","15","2"],"campaignAdType":"Icon","productId":"","purchaseBit":0,"licenseKey":""},{"campaignID":"9252","attribution":0,"priority":"8","appToPromote":{"appToPromoteID":"12315","usesDefaultFrameImage":"0","usesDefaultCloseImage":"0","marketURL":"google.com","packageID":"com.qabrand.plnative"},"showTemplate":1,"s2s_tracking_url":"google.com","activeCreativeID":"4683","scenes":["12","1","8","6","15","2"],"campaignAdType":"Native","title":"Native first","subTitle":"First ","description":"New description","adClickThroughText":"FIRST Button","productId":"","purchaseBit":0,"licenseKey":""},{"campaignID":"9253","attribution":0,"priority":"8","appToPromote":{"appToPromoteID":"12315","usesDefaultFrameImage":"0","usesDefaultCloseImage":"0","marketURL":"google.com","packageID":"com.qabrand.plnative"},"showTemplate":1,"s2s_tracking_url":"google.com","activeCreativeID":"4683","scenes":["12","1","8","6","15","2"],"campaignAdType":"Native","title":"Native first","subTitle":"First ","description":"New description","adClickThroughText":"FIRST Button","productId":"","purchaseBit":0,"licenseKey":""},{"campaignID":"9255","attribution":0,"priority":"8","appToPromote":{"appToPromoteID":"13274","usesDefaultFrameImage":"0","usesDefaultCloseImage":"0","marketURL":"https:\/\/play.google.com\/store\/apps\/details?id=com.facebook.katana","packageID":"com.salon.adsalon"},"showTemplate":1,"s2s_tracking_url":"https:\/\/play.google.com\/store\/apps\/details?id=com.facebook.katana","activeCreativeID":"4685","scenes":["12","1","8","6","15","2"],"campaignAdType":"Native","title":"native NA ","subTitle":"native NA ","description":"native NA added","adClickThroughText":"native NA ","productId":"","purchaseBit":0,"licenseKey":""},{"campaignID":"9257","attribution":0,"priority":"8","appToPromote":{"appToPromoteID":"12286","usesDefaultFrameImage":"0","usesDefaultCloseImage":"0","marketURL":"google.com","packageID":"com.qabrand.Chartboost_Native"},"showTemplate":1,"s2s_tracking_url":"google.com","activeCreativeID":"4688","scenes":["12","1","8","6","15","2"],"campaignAdType":"Native","title":"Native second updated","subTitle":"Native second ","description":"Native second details","adClickThroughText":"Native second ","productId":"","purchaseBit":0,"licenseKey":""},{"campaignID":"9263","attribution":0,"priority":"8","appToPromote":{"appToPromoteID":"12315","usesDefaultFrameImage":"0","usesDefaultCloseImage":"0","marketURL":"google.com","packageID":"com.qabrand.plnative"},"showTemplate":1,"s2s_tracking_url":"google.com","activeCreativeID":"4694","scenes":["12","1","8","6","15","2"],"campaignAdType":"Native","title":"test","subTitle":"test","description":" test details update","adClickThroughText":"test","productId":"","purchaseBit":0,"licenseKey":""},{"campaignID":"9547","attribution":0,"priority":"8","appToPromote":{"appToPromoteID":"11879","usesDefaultFrameImage":"0","usesDefaultCloseImage":"0","marketURL":"https:\/\/play.google.com\/store\/apps\/details?id=com.buntoo.car.racing.games","packageID":"com.buntoo.car.racing.games"},"showTemplate":1,"s2s_tracking_url":"https:\/\/play.google.com\/store\/apps\/details?id=com.buntoo.car.racing.games","activeCreativeID":"4964","scenes":["12","1","8","6","15","2"],"campaignAdType":"Interstitial","productId":"","purchaseBit":0,"licenseKey":""},{"campaignID":"9586","attribution":0,"priority":"8","appToPromote":{"appToPromoteID":"515","usesDefaultFrameImage":"1","usesDefaultCloseImage":"1","marketURL":"https:\/\/play.google.com\/store\/apps\/details?id=com.plum.cash.counter.simualtor","packageID":"com.plum.cash.counter.simualtor"},"showTemplate":1,"s2s_tracking_url":"https:\/\/play.google.com\/store\/apps\/details?id=com.plum.cash.counter.simualtor","activeCreativeID":"50","scenes":["12","1","8","6","15","2"],"campaignAdType":"Interstitial","productId":"","purchaseBit":0,"licenseKey":""},{"campaignID":"9587","attribution":0,"priority":"8","appToPromote":{"appToPromoteID":"515","usesDefaultFrameImage":"1","usesDefaultCloseImage":"1","marketURL":"https:\/\/play.google.com\/store\/apps\/details?id=com.plum.cash.counter.simualtor","packageID":"com.plum.cash.counter.simualtor"},"showTemplate":1,"s2s_tracking_url":"https:\/\/play.google.com\/store\/apps\/details?id=com.plum.cash.counter.simualtor","activeCreativeID":"50","scenes":["12","1","8","6","15","2"],"campaignAdType":"Interstitial","productId":"","purchaseBit":0,"licenseKey":""},{"campaignID":"9588","attribution":0,"priority":"8","appToPromote":{"appToPromoteID":"515","usesDefaultFrameImage":"1","usesDefaultCloseImage":"1","marketURL":"https:\/\/play.google.com\/store\/apps\/details?id=com.plum.cash.counter.simualtor","packageID":"com.plum.cash.counter.simualtor"},"showTemplate":1,"s2s_tracking_url":"https:\/\/play.google.com\/store\/apps\/details?id=com.plum.cash.counter.simualtor","activeCreativeID":"50","scenes":["12","1","8","6","15","2"],"campaignAdType":"Interstitial","productId":"","purchaseBit":0,"licenseKey":""},{"campaignID":"9589","attribution":0,"priority":"8","appToPromote":{"appToPromoteID":"515","usesDefaultFrameImage":"1","usesDefaultCloseImage":"1","marketURL":"https:\/\/play.google.com\/store\/apps\/details?id=com.plum.cash.counter.simualtor","packageID":"com.plum.cash.counter.simualtor"},"showTemplate":1,"s2s_tracking_url":"https:\/\/play.google.com\/store\/apps\/details?id=com.plum.cash.counter.simualtor","activeCreativeID":"50","scenes":["12","1","8","6","15","2"],"campaignAdType":"Interstitial","productId":"","purchaseBit":0,"licenseKey":""},{"campaignID":"9599","attribution":0,"priority":"8","appToPromote":{"appToPromoteID":"515","usesDefaultFrameImage":"1","usesDefaultCloseImage":"1","marketURL":"https:\/\/play.google.com\/store\/apps\/details?id=com.plum.cash.counter.simualtor","packageID":"com.plum.cash.counter.simualtor"},"showTemplate":1,"s2s_tracking_url":"https:\/\/play.google.com\/store\/apps\/details?id=com.plum.cash.counter.simualtor","activeCreativeID":"5001","scenes":["12","1","8","6","15","2"],"campaignAdType":"Icon","productId":"","purchaseBit":0,"licenseKey":""},{"campaignID":"9127","attribution":0,"priority":"8","appToPromote":{"appToPromoteID":"17528","usesDefaultFrameImage":"0","usesDefaultCloseImage":"0","marketURL":"https:\/\/play.google.com\/store\/apps\/details?id=net.one97.paytm","packageID":"net.one97.paytm"},"showTemplate":1,"s2s_tracking_url":"https:\/\/tha.gotrackier.com\/click?campaign_id=63249\\u0026pub_id=75?p1=2226_9127_3894&amp;source=6841&amp;app_name=CarMechanicWorkshopGarage&amp;gaid=3894","activeCreativeID":"4788","scenes":["12","1","8","6","15","2"],"campaignAdType":"Native","title":"BCA","subTitle":"FW","description":"nope","adClickThroughText":"Link","productId":"","purchaseBit":0,"licenseKey":""},{"campaignID":"9131","attribution":0,"priority":"8","appToPromote":{"appToPromoteID":"17532","usesDefaultFrameImage":"0","usesDefaultCloseImage":"0","marketURL":"https:\/\/play.google.com\/store\/apps\/details?id=com.dhgate.buyermob","packageID":"com.dhgate.buyermob"},"showTemplate":1,"s2s_tracking_url":"https:\/\/tha.gotrackier.com\/click?campaign_id=63254\\u0026pub_id=75?p1=2226_9131_3894&amp;source=6841&amp;app_name=CarMechanicWorkshopGarage&amp;gaid=3894","activeCreativeID":"4483","scenes":["12","1","8","6","15","2"],"campaignAdType":"Interstitial","productId":"","purchaseBit":0,"licenseKey":""},{"campaignID":"444","attribution":0,"priority":"6","appToPromote":{"appToPromoteID":"3355","usesDefaultFrameImage":"0","usesDefaultCloseImage":"0","marketURL":"https:\/\/play.google.com\/store\/apps\/details?id=com.popnsons.parkour.mouse","packageID":"com.popnsons.parkour.mouse"},"showTemplate":1,"s2s_tracking_url":"https:\/\/play.google.com\/store\/apps\/details?id=com.popnsons.parkour.mouse","activeCreativeID":"469","scenes":["12","1","8","6","15","2"],"campaignAdType":"Interstitial","productId":"","purchaseBit":0,"licenseKey":""},{"campaignID":"561","attribution":0,"priority":"6","appToPromote":{"appToPromoteID":"5026","usesDefaultFrameImage":"0","usesDefaultCloseImage":"0","marketURL":"https:\/\/play.google.com\/store\/apps\/details?id=com.as.cashupapp","packageID":"com.as.cashupapp"},"showTemplate":1,"s2s_tracking_url":"https:\/\/play.google.com\/store\/apps\/details?id=com.as.cashupapp","activeCreativeID":"652","scenes":["12","1","8","6","15","2"],"campaignAdType":"Interstitial","productId":"","purchaseBit":0,"licenseKey":""},{"campaignID":"570","attribution":0,"priority":"6","appToPromote":{"appToPromoteID":"3802","usesDefaultFrameImage":"0","usesDefaultCloseImage":"0","marketURL":"https:\/\/play.google.com\/store\/apps\/details?id=com.Madxstudios.Flickshootsoccer","packageID":"com.Madxstudios.Flickshootsoccer"},"showTemplate":1,"s2s_tracking_url":"https:\/\/play.google.com\/store\/apps\/details?id=com.Madxstudios.Flickshootsoccer","activeCreativeID":"661","scenes":["12","1","8","6","15","2"],"campaignAdType":"Interstitial","productId":"","purchaseBit":0,"licenseKey":""},{"campaignID":"588","attribution":0,"priority":"6","appToPromote":{"appToPromoteID":"5026","usesDefaultFrameImage":"0","usesDefaultCloseImage":"0","marketURL":"https:\/\/play.google.com\/store\/apps\/details?id=com.as.cashupapp","packageID":"com.as.cashupapp"},"showTemplate":1,"s2s_tracking_url":"https:\/\/play.google.com\/store\/apps\/details?id=com.as.cashupapp","activeCreativeID":"652","scenes":["12","1","8","6","15","2"],"campaignAdType":"Interstitial","productId":"","purchaseBit":0,"licenseKey":""},{"campaignID":"8808","attribution_link":"","attribution":1,"priority":"5","appToPromote":{"appToPromoteID":"16528","usesDefaultFrameImage":"0","usesDefaultCloseImage":"0","marketURL":"https:\/\/play.google.com\/store\/apps\/details?id=com.bag.farm.day.village.farming.games","packageID":"com.GSS317.com.bag.farm.day.village.farming.games"},"showTemplate":1,"s2s_tracking_url":"","activeCreativeID":"3775","scenes":["12","1","8","6","15","2"],"campaignAdType":"Interstitial","productId":"","purchaseBit":0,"licenseKey":""},{"campaignID":"8973","attribution":0,"priority":"5","appToPromote":{"appToPromoteID":"15974","usesDefaultFrameImage":"0","usesDefaultCloseImage":"0","marketURL":"https:\/\/play.google.com\/store\/apps\/details?id=com.mustardgames.bmx.cycle.stunt.mega.ramp.impossibletracks","packageID":"com.mustardgames.bmx.cycle.stunt.mega.ramp.impossibletracks"},"showTemplate":1,"s2s_tracking_url":"https:\/\/play.google.com\/store\/apps\/details?id=com.mustardgames.bmx.cycle.stunt.mega.ramp.impossibletracks","activeCreativeID":"4339","scenes":["12","1","8","6","15","2"],"campaignAdType":"Interstitial","productId":"","purchaseBit":0,"licenseKey":""},{"campaignID":"557","attribution":0,"priority":"4","appToPromote":{"appToPromoteID":"4959","usesDefaultFrameImage":"0","usesDefaultCloseImage":"0","marketURL":"https:\/\/play.google.com\/store\/apps\/details?id=com.jet.plane.surfers.joyride.dash","packageID":"com.jet.plane.surfers.joyride.dash"},"showTemplate":1,"s2s_tracking_url":"https:\/\/play.google.com\/store\/apps\/details?id=com.jet.plane.surfers.joyride.dash","activeCreativeID":"645","scenes":["12","1","8","6","15","2"],"campaignAdType":"Interstitial","productId":"","purchaseBit":0,"licenseKey":""},{"campaignID":"414","attribution":0,"priority":"3","appToPromote":{"appToPromoteID":"3023","usesDefaultFrameImage":"0","usesDefaultCloseImage":"0","marketURL":"https:\/\/play.google.com\/store\/apps\/details?id=com.appricot2d.rolo.pet.parrot","packageID":"com.appricot2d.rolo.pet.parrot"},"showTemplate":1,"s2s_tracking_url":"https:\/\/play.google.com\/store\/apps\/details?id=com.appricot2d.rolo.pet.parrot","activeCreativeID":"385","scenes":["12","1","8","6","15","2"],"campaignAdType":"Interstitial","productId":"","purchaseBit":0,"licenseKey":""},{"campaignID":"559","attribution":0,"priority":"3","appToPromote":{"appToPromoteID":"3476","usesDefaultFrameImage":"0","usesDefaultCloseImage":"0","marketURL":"https:\/\/play.google.com\/store\/apps\/details?id=com.perspectivegames.real.impossible.tracks.stunts","packageID":"com.perspectivegames.real.impossible.tracks.stunts"},"showTemplate":1,"s2s_tracking_url":"https:\/\/play.google.com\/store\/apps\/details?id=com.perspectivegames.real.impossible.tracks.stunts","activeCreativeID":"649","scenes":["12","1","8","6","15","2"],"campaignAdType":"Interstitial","productId":"","purchaseBit":0,"licenseKey":""},{"campaignID":"741","attribution":0,"priority":"3","appToPromote":{"appToPromoteID":"5609","usesDefaultFrameImage":"0","usesDefaultCloseImage":"0","marketURL":"https:\/\/play.google.com\/store\/apps\/details?id=com.kick.gyroscopic.city.train.driver.simulator","packageID":"com.kick.gyroscopic.city.train.driver.simulator"},"showTemplate":1,"s2s_tracking_url":"https:\/\/play.google.com\/store\/apps\/details?id=com.kick.gyroscopic.city.train.driver.simulator","activeCreativeID":"753","scenes":["12","1","8","6","15","2"],"campaignAdType":"Interstitial","productId":"","purchaseBit":0,"licenseKey":""},{"campaignID":"798","attribution":0,"priority":"3","appToPromote":{"appToPromoteID":"5770","usesDefaultFrameImage":"0","usesDefaultCloseImage":"0","marketURL":"https:\/\/play.google.com\/store\/apps\/details?id=com.simulatorgames3d.alohacelebrations","packageID":"com.simulatorgames3d.alohacelebrations"},"showTemplate":1,"s2s_tracking_url":"https:\/\/play.google.com\/store\/apps\/details?id=com.simulatorgames3d.alohacelebrations","activeCreativeID":"787","scenes":["12","1","8","6","15","2"],"campaignAdType":"Interstitial","productId":"","purchaseBit":0,"licenseKey":""},{"campaignID":"1483","attribution":0,"priority":"3","appToPromote":{"appToPromoteID":"1714","usesDefaultFrameImage":"1","usesDefaultCloseImage":"1","marketURL":"https:\/\/play.google.com\/store\/apps\/details?id=com.playink.cookie.maker","packageID":"com.playink.cookie.maker"},"showTemplate":1,"s2s_tracking_url":"https:\/\/play.google.com\/store\/apps\/details?id=com.playink.cookie.maker","activeCreativeID":"1020","scenes":["12","1","8","6","15","2"],"campaignAdType":"Interstitial","productId":"","purchaseBit":0,"licenseKey":""},{"campaignID":"8762","attribution":0,"priority":"2","appToPromote":{"appToPromoteID":"13265","usesDefaultFrameImage":"0","usesDefaultCloseImage":"0","marketURL":"https:\/\/play.google.com\/store\/apps\/details?id=com.rhg.tricky.bike.stunt.moto.master","packageID":"com.rhg.tricky.bike.stunt.moto.master"},"showTemplate":1,"s2s_tracking_url":"https:\/\/play.google.com\/store\/apps\/details?id=com.rhg.tricky.bike.stunt.moto.master","activeCreativeID":"4121","scenes":["12","1","8","6","15","2"],"campaignAdType":"Rewarded Video","productId":"","purchaseBit":0,"licenseKey":""},{"campaignID":"9366","attribution":0,"priority":"2","appToPromote":{"appToPromoteID":"17602","usesDefaultFrameImage":"0","usesDefaultCloseImage":"0","marketURL":"https:\/\/play.google.com\/store\/apps\/details?id=com.abaenglish.videoclass&amp;referrer=utm_source=42matters.com&amp;utm_medium=api","packageID":"com.abaenglish.videoclass"},"showTemplate":1,"s2s_tracking_url":"https:\/\/play.google.com\/store\/apps\/details?id=com.abaenglish.videoclass&amp;referrer=utm_source=42matters.com&amp;utm_medium=api","activeCreativeID":"4815","scenes":["12","1","8","6","15","2"],"campaignAdType":"Interstitial","productId":"","purchaseBit":0,"licenseKey":""}],"refreshAdRate":30,"mode":"Production","aspectRatio":"4_3","cdnPath":"https:\/\/df8ymybeo92md.cloudfront.net\/images\/","sentry_log":0,"local_logging":0,"sentry_dsn":"https:\/\/93ffa1c9a4124f67b8888a53265f751a:bbf998e04584477fa9a145838e9d3b26@sentry.io\/168994","sentry_initialization":1,"sentry_debugging":0,"bannerSizes":["1"],"aspectRatioVideo":"16_9","app_id":"2226","showPreRewardedDialogue":0,"showPostRewardedDialogue":0,"rewardCurrency":"coins","rewardValue":0,"isSkipable":1,"privacyPolicyURL":"https:\/\/www.consoliads.com\/privacy-policy\/","sessionToken":"\/P\/0du5t5rGZWDw\/8DK1PFNLRmggqc4J1ukcNUJK4eTkDxNl6eq+PkKXNH\/GTEIT4QW2c6pxOczvUQEaDJ8zpfcOtDvjoVMSS6scoI4lSLUAwG21byrxnDDoe5wxB17o4Nz\/PG6J8QEqs1r+S\/JIW0EkuevbvrSp6VFsKZ4TLL8="}
Session token value is set


{"appKey":"47177e643e2e9ff27cdc3f79c552ce95","deviceID":"6097","stats":[{"campaignID":164,"packageID":"com.tgp.car.robot.transport.truck","sceneStats":[{"sceneID":"16","eventStats":"361,261,161,61,61,0,0"}]}],"sdkVersion":"2163","sessionToken":"\/P\/0du5t5rGZWDw\/8DK1PFNLRmggqc4J1ukcNUJK4eTkDxNl6eq+PkKXNH\/GTEIT4QW2c6pxOczvUQEaDJ8zpfcOtDvjoVMSS6scoI4lSLUAwG21byrxnDDoe5wxB17o4Nz\/PG6J8QEqs1r+S\/JIW0EkuevbvrSp6VFsKZ4TLL8="}
cache_ttl value is correct

Title value is correct

Title value is correct

Title value is correct

Title value is correct

Title value is correct

Title value is correct

Refresh Ad Rate value is correct
mode value is set

 Aspect ratio value is correct
sentry_log value is set
local_logging value is set
sentry_initialization value is set
sentry_debugging value is set
showPreRewardedDialogue value is set
showPostRewardedDialogue value is set
isSkipable value is set
{"cache_ttl":10080,"cache_ttl_rewarded":10080,"cache_ttl_banner":10080,"cache_ttl_native":10080,"cache_ttl_icon":10080,"campaigns":[{"campaignID":"8226","attribution":0,"priority":"8","appToPromote":{"appToPromoteID":"12623","usesDefaultFrameImage":"0","usesDefaultCloseImage":"0","marketURL":"https:\/\/play.google.com\/store\/apps\/details?id=com.igg.android.lordsmobile&amp;referrer=utm_source=42matters.com&amp;utm_medium=api","packageID":"com.nooribrand.android.lordsmobile"},"showTemplate":1,"s2s_tracking_url":"https:\/\/play.google.com\/store\/apps\/details?id=com.igg.android.lordsmobile&amp;referrer=utm_source=42matters.com&amp;utm_medium=api","activeCreativeID":"3557","scenes":["12","1","8","6","15","2"],"campaignAdType":"Icon","productId":"","purchaseBit":0,"licenseKey":""},{"campaignID":"8378","attribution":0,"priority":"8","appToPromote":{"appToPromoteID":"16480","usesDefaultFrameImage":"0","usesDefaultCloseImage":"0","marketURL":"https:\/\/play.google.com\/store\/apps\/details?id=com.nag.home.manager.working.virtual.mom","packageID":"com.GSS317.AmazingFamily"},"showTemplate":1,"s2s_tracking_url":"https:\/\/play.google.com\/store\/apps\/details?id=com.nag.home.manager.working.virtual.mom","activeCreativeID":"3720","scenes":["12","1","8","6","15","2"],"campaignAdType":"Interstitial","productId":"","purchaseBit":0,"licenseKey":""},{"campaignID":"8613","attribution":0,"priority":"8","appToPromote":{"appToPromoteID":"12623","usesDefaultFrameImage":"0","usesDefaultCloseImage":"0","marketURL":"https:\/\/play.google.com\/store\/apps\/details?id=com.igg.android.lordsmobile&amp;referrer=utm_source=42matters.com&amp;utm_medium=api","packageID":"com.nooribrand.android.lordsmobile"},"showTemplate":1,"s2s_tracking_url":"https:\/\/play.google.com\/store\/apps\/details?id=com.igg.android.lordsmobile&amp;referrer=utm_source=42matters.com&amp;utm_medium=api","activeCreativeID":"3557","scenes":["12","1","8","6","15","2"],"campaignAdType":"Icon","productId":"","purchaseBit":0,"licenseKey":""},{"campaignID":"9252","attribution":0,"priority":"8","appToPromote":{"appToPromoteID":"12315","usesDefaultFrameImage":"0","usesDefaultCloseImage":"0","marketURL":"google.com","packageID":"com.qabrand.plnative"},"showTemplate":1,"s2s_tracking_url":"google.com","activeCreativeID":"4683","scenes":["12","1","8","6","15","2"],"campaignAdType":"Native","title":"Native first","subTitle":"First ","description":"New description","adClickThroughText":"FIRST Button","productId":"","purchaseBit":0,"licenseKey":""},{"campaignID":"9253","attribution":0,"priority":"8","appToPromote":{"appToPromoteID":"12315","usesDefaultFrameImage":"0","usesDefaultCloseImage":"0","marketURL":"google.com","packageID":"com.qabrand.plnative"},"showTemplate":1,"s2s_tracking_url":"google.com","activeCreativeID":"4683","scenes":["12","1","8","6","15","2"],"campaignAdType":"Native","title":"Native first","subTitle":"First ","description":"New description","adClickThroughText":"FIRST Button","productId":"","purchaseBit":0,"licenseKey":""},{"campaignID":"9255","attribution":0,"priority":"8","appToPromote":{"appToPromoteID":"13274","usesDefaultFrameImage":"0","usesDefaultCloseImage":"0","marketURL":"https:\/\/play.google.com\/store\/apps\/details?id=com.facebook.katana","packageID":"com.salon.adsalon"},"showTemplate":1,"s2s_tracking_url":"https:\/\/play.google.com\/store\/apps\/details?id=com.facebook.katana","activeCreativeID":"4685","scenes":["12","1","8","6","15","2"],"campaignAdType":"Native","title":"native NA ","subTitle":"native NA ","description":"native NA added","adClickThroughText":"native NA ","productId":"","purchaseBit":0,"licenseKey":""},{"campaignID":"9257","attribution":0,"priority":"8","appToPromote":{"appToPromoteID":"12286","usesDefaultFrameImage":"0","usesDefaultCloseImage":"0","marketURL":"google.com","packageID":"com.qabrand.Chartboost_Native"},"showTemplate":1,"s2s_tracking_url":"google.com","activeCreativeID":"4688","scenes":["12","1","8","6","15","2"],"campaignAdType":"Native","title":"Native second updated","subTitle":"Native second ","description":"Native second details","adClickThroughText":"Native second ","productId":"","purchaseBit":0,"licenseKey":""},{"campaignID":"9263","attribution":0,"priority":"8","appToPromote":{"appToPromoteID":"12315","usesDefaultFrameImage":"0","usesDefaultCloseImage":"0","marketURL":"google.com","packageID":"com.qabrand.plnative"},"showTemplate":1,"s2s_tracking_url":"google.com","activeCreativeID":"4694","scenes":["12","1","8","6","15","2"],"campaignAdType":"Native","title":"test","subTitle":"test","description":" test details update","adClickThroughText":"test","productId":"","purchaseBit":0,"licenseKey":""},{"campaignID":"9547","attribution":0,"priority":"8","appToPromote":{"appToPromoteID":"11879","usesDefaultFrameImage":"0","usesDefaultCloseImage":"0","marketURL":"https:\/\/play.google.com\/store\/apps\/details?id=com.buntoo.car.racing.games","packageID":"com.buntoo.car.racing.games"},"showTemplate":1,"s2s_tracking_url":"https:\/\/play.google.com\/store\/apps\/details?id=com.buntoo.car.racing.games","activeCreativeID":"4964","scenes":["12","1","8","6","15","2"],"campaignAdType":"Interstitial","productId":"","purchaseBit":0,"licenseKey":""},{"campaignID":"9586","attribution":0,"priority":"8","appToPromote":{"appToPromoteID":"515","usesDefaultFrameImage":"1","usesDefaultCloseImage":"1","marketURL":"https:\/\/play.google.com\/store\/apps\/details?id=com.plum.cash.counter.simualtor","packageID":"com.plum.cash.counter.simualtor"},"showTemplate":1,"s2s_tracking_url":"https:\/\/play.google.com\/store\/apps\/details?id=com.plum.cash.counter.simualtor","activeCreativeID":"50","scenes":["12","1","8","6","15","2"],"campaignAdType":"Interstitial","productId":"","purchaseBit":0,"licenseKey":""},{"campaignID":"9587","attribution":0,"priority":"8","appToPromote":{"appToPromoteID":"515","usesDefaultFrameImage":"1","usesDefaultCloseImage":"1","marketURL":"https:\/\/play.google.com\/store\/apps\/details?id=com.plum.cash.counter.simualtor","packageID":"com.plum.cash.counter.simualtor"},"showTemplate":1,"s2s_tracking_url":"https:\/\/play.google.com\/store\/apps\/details?id=com.plum.cash.counter.simualtor","activeCreativeID":"50","scenes":["12","1","8","6","15","2"],"campaignAdType":"Interstitial","productId":"","purchaseBit":0,"licenseKey":""},{"campaignID":"9588","attribution":0,"priority":"8","appToPromote":{"appToPromoteID":"515","usesDefaultFrameImage":"1","usesDefaultCloseImage":"1","marketURL":"https:\/\/play.google.com\/store\/apps\/details?id=com.plum.cash.counter.simualtor","packageID":"com.plum.cash.counter.simualtor"},"showTemplate":1,"s2s_tracking_url":"https:\/\/play.google.com\/store\/apps\/details?id=com.plum.cash.counter.simualtor","activeCreativeID":"50","scenes":["12","1","8","6","15","2"],"campaignAdType":"Interstitial","productId":"","purchaseBit":0,"licenseKey":""},{"campaignID":"9589","attribution":0,"priority":"8","appToPromote":{"appToPromoteID":"515","usesDefaultFrameImage":"1","usesDefaultCloseImage":"1","marketURL":"https:\/\/play.google.com\/store\/apps\/details?id=com.plum.cash.counter.simualtor","packageID":"com.plum.cash.counter.simualtor"},"showTemplate":1,"s2s_tracking_url":"https:\/\/play.google.com\/store\/apps\/details?id=com.plum.cash.counter.simualtor","activeCreativeID":"50","scenes":["12","1","8","6","15","2"],"campaignAdType":"Interstitial","productId":"","purchaseBit":0,"licenseKey":""},{"campaignID":"9599","attribution":0,"priority":"8","appToPromote":{"appToPromoteID":"515","usesDefaultFrameImage":"1","usesDefaultCloseImage":"1","marketURL":"https:\/\/play.google.com\/store\/apps\/details?id=com.plum.cash.counter.simualtor","packageID":"com.plum.cash.counter.simualtor"},"showTemplate":1,"s2s_tracking_url":"https:\/\/play.google.com\/store\/apps\/details?id=com.plum.cash.counter.simualtor","activeCreativeID":"5001","scenes":["12","1","8","6","15","2"],"campaignAdType":"Icon","productId":"","purchaseBit":0,"licenseKey":""},{"campaignID":"9127","attribution":0,"priority":"8","appToPromote":{"appToPromoteID":"17528","usesDefaultFrameImage":"0","usesDefaultCloseImage":"0","marketURL":"https:\/\/play.google.com\/store\/apps\/details?id=net.one97.paytm","packageID":"net.one97.paytm"},"showTemplate":1,"s2s_tracking_url":"https:\/\/tha.gotrackier.com\/click?campaign_id=63249\\u0026pub_id=75?p1=2350_9127_6097&amp;source=6841&amp;app_name=CarRobotTransportTruck&amp;gaid=6097","activeCreativeID":"4788","scenes":["12","1","8","6","15","2"],"campaignAdType":"Native","title":"BCA","subTitle":"FW","description":"nope","adClickThroughText":"Link","productId":"","purchaseBit":0,"licenseKey":""},{"campaignID":"9131","attribution":0,"priority":"8","appToPromote":{"appToPromoteID":"17532","usesDefaultFrameImage":"0","usesDefaultCloseImage":"0","marketURL":"https:\/\/play.google.com\/store\/apps\/details?id=com.dhgate.buyermob","packageID":"com.dhgate.buyermob"},"showTemplate":1,"s2s_tracking_url":"https:\/\/tha.gotrackier.com\/click?campaign_id=63254\\u0026pub_id=75?p1=2350_9131_6097&amp;source=6841&amp;app_name=CarRobotTransportTruck&amp;gaid=6097","activeCreativeID":"4483","scenes":["12","1","8","6","15","2"],"campaignAdType":"Interstitial","productId":"","purchaseBit":0,"licenseKey":""},{"campaignID":"8380","attribution_link":"","attribution":1,"priority":"7","appToPromote":{"appToPromoteID":"16480","usesDefaultFrameImage":"0","usesDefaultCloseImage":"0","marketURL":"https:\/\/play.google.com\/store\/apps\/details?id=com.nag.home.manager.working.virtual.mom","packageID":"com.GSS317.AmazingFamily"},"showTemplate":1,"s2s_tracking_url":"","activeCreativeID":"3720","scenes":["12","1","8","6","15","2"],"campaignAdType":"Interstitial","productId":"","purchaseBit":0,"licenseKey":""},{"campaignID":"444","attribution":0,"priority":"6","appToPromote":{"appToPromoteID":"3355","usesDefaultFrameImage":"0","usesDefaultCloseImage":"0","marketURL":"https:\/\/play.google.com\/store\/apps\/details?id=com.popnsons.parkour.mouse","packageID":"com.popnsons.parkour.mouse"},"showTemplate":1,"s2s_tracking_url":"https:\/\/play.google.com\/store\/apps\/details?id=com.popnsons.parkour.mouse","activeCreativeID":"469","scenes":["12","1","8","6","15","2"],"campaignAdType":"Interstitial","productId":"","purchaseBit":0,"licenseKey":""},{"campaignID":"561","attribution":0,"priority":"6","appToPromote":{"appToPromoteID":"5026","usesDefaultFrameImage":"0","usesDefaultCloseImage":"0","marketURL":"https:\/\/play.google.com\/store\/apps\/details?id=com.as.cashupapp","packageID":"com.as.cashupapp"},"showTemplate":1,"s2s_tracking_url":"https:\/\/play.google.com\/store\/apps\/details?id=com.as.cashupapp","activeCreativeID":"652","scenes":["12","1","8","6","15","2"],"campaignAdType":"Interstitial","productId":"","purchaseBit":0,"licenseKey":""},{"campaignID":"570","attribution":0,"priority":"6","appToPromote":{"appToPromoteID":"3802","usesDefaultFrameImage":"0","usesDefaultCloseImage":"0","marketURL":"https:\/\/play.google.com\/store\/apps\/details?id=com.Madxstudios.Flickshootsoccer","packageID":"com.Madxstudios.Flickshootsoccer"},"showTemplate":1,"s2s_tracking_url":"https:\/\/play.google.com\/store\/apps\/details?id=com.Madxstudios.Flickshootsoccer","activeCreativeID":"661","scenes":["12","1","8","6","15","2"],"campaignAdType":"Interstitial","productId":"","purchaseBit":0,"licenseKey":""},{"campaignID":"588","attribution":0,"priority":"6","appToPromote":{"appToPromoteID":"5026","usesDefaultFrameImage":"0","usesDefaultCloseImage":"0","marketURL":"https:\/\/play.google.com\/store\/apps\/details?id=com.as.cashupapp","packageID":"com.as.cashupapp"},"showTemplate":1,"s2s_tracking_url":"https:\/\/play.google.com\/store\/apps\/details?id=com.as.cashupapp","activeCreativeID":"652","scenes":["12","1","8","6","15","2"],"campaignAdType":"Interstitial","productId":"","purchaseBit":0,"licenseKey":""},{"campaignID":"8808","attribution_link":"","attribution":1,"priority":"5","appToPromote":{"appToPromoteID":"16528","usesDefaultFrameImage":"0","usesDefaultCloseImage":"0","marketURL":"https:\/\/play.google.com\/store\/apps\/details?id=com.bag.farm.day.village.farming.games","packageID":"com.GSS317.com.bag.farm.day.village.farming.games"},"showTemplate":1,"s2s_tracking_url":"","activeCreativeID":"3775","scenes":["12","1","8","6","15","2"],"campaignAdType":"Interstitial","productId":"","purchaseBit":0,"licenseKey":""},{"campaignID":"8973","attribution":0,"priority":"5","appToPromote":{"appToPromoteID":"15974","usesDefaultFrameImage":"0","usesDefaultCloseImage":"0","marketURL":"https:\/\/play.google.com\/store\/apps\/details?id=com.mustardgames.bmx.cycle.stunt.mega.ramp.impossibletracks","packageID":"com.mustardgames.bmx.cycle.stunt.mega.ramp.impossibletracks"},"showTemplate":1,"s2s_tracking_url":"https:\/\/play.google.com\/store\/apps\/details?id=com.mustardgames.bmx.cycle.stunt.mega.ramp.impossibletracks","activeCreativeID":"4339","scenes":["12","1","8","6","15","2"],"campaignAdType":"Interstitial","productId":"","purchaseBit":0,"licenseKey":""},{"campaignID":"557","attribution":0,"priority":"4","appToPromote":{"appToPromoteID":"4959","usesDefaultFrameImage":"0","usesDefaultCloseImage":"0","marketURL":"https:\/\/play.google.com\/store\/apps\/details?id=com.jet.plane.surfers.joyride.dash","packageID":"com.jet.plane.surfers.joyride.dash"},"showTemplate":1,"s2s_tracking_url":"https:\/\/play.google.com\/store\/apps\/details?id=com.jet.plane.surfers.joyride.dash","activeCreativeID":"645","scenes":["12","1","8","6","15","2"],"campaignAdType":"Interstitial","productId":"","purchaseBit":0,"licenseKey":""},{"campaignID":"414","attribution":0,"priority":"3","appToPromote":{"appToPromoteID":"3023","usesDefaultFrameImage":"0","usesDefaultCloseImage":"0","marketURL":"https:\/\/play.google.com\/store\/apps\/details?id=com.appricot2d.rolo.pet.parrot","packageID":"com.appricot2d.rolo.pet.parrot"},"showTemplate":1,"s2s_tracking_url":"https:\/\/play.google.com\/store\/apps\/details?id=com.appricot2d.rolo.pet.parrot","activeCreativeID":"385","scenes":["12","1","8","6","15","2"],"campaignAdType":"Interstitial","productId":"","purchaseBit":0,"licenseKey":""},{"campaignID":"559","attribution":0,"priority":"3","appToPromote":{"appToPromoteID":"3476","usesDefaultFrameImage":"0","usesDefaultCloseImage":"0","marketURL":"https:\/\/play.google.com\/store\/apps\/details?id=com.perspectivegames.real.impossible.tracks.stunts","packageID":"com.perspectivegames.real.impossible.tracks.stunts"},"showTemplate":1,"s2s_tracking_url":"https:\/\/play.google.com\/store\/apps\/details?id=com.perspectivegames.real.impossible.tracks.stunts","activeCreativeID":"649","scenes":["12","1","8","6","15","2"],"campaignAdType":"Interstitial","productId":"","purchaseBit":0,"licenseKey":""},{"campaignID":"741","attribution":0,"priority":"3","appToPromote":{"appToPromoteID":"5609","usesDefaultFrameImage":"0","usesDefaultCloseImage":"0","marketURL":"https:\/\/play.google.com\/store\/apps\/details?id=com.kick.gyroscopic.city.train.driver.simulator","packageID":"com.kick.gyroscopic.city.train.driver.simulator"},"showTemplate":1,"s2s_tracking_url":"https:\/\/play.google.com\/store\/apps\/details?id=com.kick.gyroscopic.city.train.driver.simulator","activeCreativeID":"753","scenes":["12","1","8","6","15","2"],"campaignAdType":"Interstitial","productId":"","purchaseBit":0,"licenseKey":""},{"campaignID":"798","attribution":0,"priority":"3","appToPromote":{"appToPromoteID":"5770","usesDefaultFrameImage":"0","usesDefaultCloseImage":"0","marketURL":"https:\/\/play.google.com\/store\/apps\/details?id=com.simulatorgames3d.alohacelebrations","packageID":"com.simulatorgames3d.alohacelebrations"},"showTemplate":1,"s2s_tracking_url":"https:\/\/play.google.com\/store\/apps\/details?id=com.simulatorgames3d.alohacelebrations","activeCreativeID":"787","scenes":["12","1","8","6","15","2"],"campaignAdType":"Interstitial","productId":"","purchaseBit":0,"licenseKey":""},{"campaignID":"1483","attribution":0,"priority":"3","appToPromote":{"appToPromoteID":"1714","usesDefaultFrameImage":"1","usesDefaultCloseImage":"1","marketURL":"https:\/\/play.google.com\/store\/apps\/details?id=com.playink.cookie.maker","packageID":"com.playink.cookie.maker"},"showTemplate":1,"s2s_tracking_url":"https:\/\/play.google.com\/store\/apps\/details?id=com.playink.cookie.maker","activeCreativeID":"1020","scenes":["12","1","8","6","15","2"],"campaignAdType":"Interstitial","productId":"","purchaseBit":0,"licenseKey":""},{"campaignID":"8762","attribution":0,"priority":"2","appToPromote":{"appToPromoteID":"13265","usesDefaultFrameImage":"0","usesDefaultCloseImage":"0","marketURL":"https:\/\/play.google.com\/store\/apps\/details?id=com.rhg.tricky.bike.stunt.moto.master","packageID":"com.rhg.tricky.bike.stunt.moto.master"},"showTemplate":1,"s2s_tracking_url":"https:\/\/play.google.com\/store\/apps\/details?id=com.rhg.tricky.bike.stunt.moto.master","activeCreativeID":"4121","scenes":["12","1","8","6","15","2"],"campaignAdType":"Rewarded Video","productId":"","purchaseBit":0,"licenseKey":""},{"campaignID":"9366","attribution":0,"priority":"2","appToPromote":{"appToPromoteID":"17602","usesDefaultFrameImage":"0","usesDefaultCloseImage":"0","marketURL":"https:\/\/play.google.com\/store\/apps\/details?id=com.abaenglish.videoclass&amp;referrer=utm_source=42matters.com&amp;utm_medium=api","packageID":"com.abaenglish.videoclass"},"showTemplate":1,"s2s_tracking_url":"https:\/\/play.google.com\/store\/apps\/details?id=com.abaenglish.videoclass&amp;referrer=utm_source=42matters.com&amp;utm_medium=api","activeCreativeID":"4815","scenes":["12","1","8","6","15","2"],"campaignAdType":"Interstitial","productId":"","purchaseBit":0,"licenseKey":""}],"refreshAdRate":30,"mode":"Production","aspectRatio":"4_3","cdnPath":"https:\/\/df8ymybeo92md.cloudfront.net\/images\/","sentry_log":0,"local_logging":0,"sentry_dsn":"https:\/\/93ffa1c9a4124f67b8888a53265f751a:bbf998e04584477fa9a145838e9d3b26@sentry.io\/168994","sentry_initialization":1,"sentry_debugging":0,"bannerSizes":["1"],"aspectRatioVideo":"16_9","app_id":"2350","showPreRewardedDialogue":0,"showPostRewardedDialogue":0,"rewardCurrency":"coins","rewardValue":0,"isSkipable":0,"privacyPolicyURL":"https:\/\/www.consoliads.com\/privacy-policy\/","sessionToken":"C3hNyI4BhwnMmOg1Pbw2zjWR2KHQ64aAPdaJjoc0BiaHPL3u1NvsYajzV8InyEgPtqGBobhItLhTTMpoLp0g0ds5wu4+2MvyxorMFiVRQr98YIi82j3Bq0cKqAn24n3BA5BnObkfaVd5n7nZKh+kwM87dEGHg6DqDtH8fg0n2Hs="}
Session token value is set


{"appKey":"e551eacd7ce4c379df2008130984e935","deviceID":"5934","stats":[{"campaignID":173,"packageID":"com.ubmgames.commando.survivor.modern.lone","sceneStats":[{"sceneID":"15","eventStats":"359,259,159,59,59,0,0"}]}],"sdkVersion":"26","sessionToken":"C3hNyI4BhwnMmOg1Pbw2zjWR2KHQ64aAPdaJjoc0BiaHPL3u1NvsYajzV8InyEgPtqGBobhItLhTTMpoLp0g0ds5wu4+2MvyxorMFiVRQr98YIi82j3Bq0cKqAn24n3BA5BnObkfaVd5n7nZKh+kwM87dEGHg6DqDtH8fg0n2Hs="}
cache_ttl value is correct

Refresh Ad Rate value is correct
mode value is set

 Aspect ratio value is correct
sentry_log value is set
local_logging value is set
sentry_initialization value is set
sentry_debugging value is set
showPreRewardedDialogue value is set
showPostRewardedDialogue value is set
isSkipable value is set
{"cache_ttl":10080,"cache_ttl_rewarded":10080,"cache_ttl_banner":10080,"cache_ttl_native":10080,"cache_ttl_icon":10080,"refreshAdRate":30,"mode":"Production","aspectRatio":"4_3","cdnPath":"https:\/\/df8ymybeo92md.cloudfront.net\/images\/","sentry_log":0,"local_logging":0,"sentry_dsn":"https:\/\/93ffa1c9a4124f67b8888a53265f751a:bbf998e04584477fa9a145838e9d3b26@sentry.io\/168994","sentry_initialization":1,"sentry_debugging":0,"bannerSizes":["5"],"aspectRatioVideo":"16_9","app_id":"1266","showPreRewardedDialogue":0,"showPostRewardedDialogue":0,"rewardCurrency":"coins","rewardValue":0,"isSkipable":0,"privacyPolicyURL":"https:\/\/www.consoliads.com\/privacy-policy\/","sessionToken":"BGzJ2kgliDI4G5ILty7Rav5j5ZcLnLCYXoiU6WO9TOPC3cMr5l5lR83fF1s5mVuLJr5hghig8YvUwgvsUIo46blXmnR1JIzOxtU1h\/01oWMOA4k+Y97GfDBn4clOlwr2KdG+lnOvKxp8EmGEJifMvlv6ocFxdBg0ZGnhY\/a4TNQ="}
Session token value is set


{"appKey":"71828c96f5c84c83fef15e416d3756de","deviceID":"1170","stats":[{"campaignID":177,"packageID":"com.mizo.transformer.robot","sceneStats":[{"sceneID":"3","eventStats":"312,212,112,12,12,0,0"}]}],"sdkVersion":"39","sessionToken":"BGzJ2kgliDI4G5ILty7Rav5j5ZcLnLCYXoiU6WO9TOPC3cMr5l5lR83fF1s5mVuLJr5hghig8YvUwgvsUIo46blXmnR1JIzOxtU1h\/01oWMOA4k+Y97GfDBn4clOlwr2KdG+lnOvKxp8EmGEJifMvlv6ocFxdBg0ZGnhY\/a4TNQ="}
cache_ttl value is correct

Refresh Ad Rate value is correct
mode value is set

 Aspect ratio value is correct
sentry_log value is set
local_logging value is set
sentry_initialization value is set
sentry_debugging value is set
showPreRewardedDialogue value is set
showPostRewardedDialogue value is set
isSkipable value is set
{"cache_ttl":10080,"cache_ttl_rewarded":10080,"cache_ttl_banner":10080,"cache_ttl_native":10080,"cache_ttl_icon":10080,"campaigns":[{"campaignID":"9277","attribution_link":"","attribution":1,"priority":"5","appToPromote":{"appToPromoteID":"17609","usesDefaultFrameImage":"0","usesDefaultCloseImage":"0","marketURL":"https:\/\/smartbear.com\/learn\/automated-testing\/test-automation-frameworks\/","packageID":"com.buntoo.buntooAd"},"showTemplate":1,"s2s_tracking_url":"","activeCreativeID":"4702","scenes":["1","2","6","4","5"],"campaignAdType":"Interstitial","productId":"","purchaseBit":0,"licenseKey":""},{"campaignID":"9278","attribution":0,"priority":"5","appToPromote":{"appToPromoteID":"17609","usesDefaultFrameImage":"0","usesDefaultCloseImage":"0","marketURL":"https:\/\/smartbear.com\/learn\/automated-testing\/test-automation-frameworks\/","packageID":"com.buntoo.buntooAd"},"showTemplate":1,"s2s_tracking_url":"https:\/\/smartbear.com\/learn\/automated-testing\/test-automation-frameworks\/","activeCreativeID":"4701","scenes":["1","2","6","4","5"],"campaignAdType":"Interstitial","productId":"","purchaseBit":0,"licenseKey":""},{"campaignID":"9279","attribution":0,"priority":"5","appToPromote":{"appToPromoteID":"17609","usesDefaultFrameImage":"0","usesDefaultCloseImage":"0","marketURL":"https:\/\/smartbear.com\/learn\/automated-testing\/test-automation-frameworks\/","packageID":"com.buntoo.buntooAd"},"showTemplate":1,"s2s_tracking_url":"https:\/\/smartbear.com\/learn\/automated-testing\/test-automation-frameworks\/","activeCreativeID":"4701","scenes":["1","2","6","4","5"],"campaignAdType":"Interstitial","productId":"","purchaseBit":0,"licenseKey":""},{"campaignID":"9280","attribution":0,"priority":"5","appToPromote":{"appToPromoteID":"17609","usesDefaultFrameImage":"0","usesDefaultCloseImage":"0","marketURL":"https:\/\/smartbear.com\/learn\/automated-testing\/test-automation-frameworks\/","packageID":"com.buntoo.buntooAd"},"showTemplate":1,"s2s_tracking_url":"https:\/\/smartbear.com\/learn\/automated-testing\/test-automation-frameworks\/","activeCreativeID":"4701","scenes":["1","2","6","4","5"],"campaignAdType":"Interstitial","productId":"","purchaseBit":0,"licenseKey":""},{"campaignID":"9281","attribution":0,"priority":"5","appToPromote":{"appToPromoteID":"17609","usesDefaultFrameImage":"0","usesDefaultCloseImage":"0","marketURL":"https:\/\/smartbear.com\/learn\/automated-testing\/test-automation-frameworks\/","packageID":"com.buntoo.buntooAd"},"showTemplate":1,"s2s_tracking_url":"https:\/\/smartbear.com\/learn\/automated-testing\/test-automation-frameworks\/","activeCreativeID":"4701","scenes":["1","2","6","4","5"],"campaignAdType":"Interstitial","productId":"","purchaseBit":0,"licenseKey":""},{"campaignID":"9282","attribution":0,"priority":"5","appToPromote":{"appToPromoteID":"17609","usesDefaultFrameImage":"0","usesDefaultCloseImage":"0","marketURL":"https:\/\/smartbear.com\/learn\/automated-testing\/test-automation-frameworks\/","packageID":"com.buntoo.buntooAd"},"showTemplate":1,"s2s_tracking_url":"https:\/\/smartbear.com\/learn\/automated-testing\/test-automation-frameworks\/","activeCreativeID":"4701","scenes":["1","2","6","4","5"],"campaignAdType":"Interstitial","productId":"","purchaseBit":0,"licenseKey":""},{"campaignID":"9283","attribution":0,"priority":"5","appToPromote":{"appToPromoteID":"17609","usesDefaultFrameImage":"0","usesDefaultCloseImage":"0","marketURL":"https:\/\/smartbear.com\/learn\/automated-testing\/test-automation-frameworks\/","packageID":"com.buntoo.buntooAd"},"showTemplate":1,"s2s_tracking_url":"https:\/\/smartbear.com\/learn\/automated-testing\/test-automation-frameworks\/","activeCreativeID":"4701","scenes":["1","2","6","4","5"],"campaignAdType":"Interstitial","productId":"","purchaseBit":0,"licenseKey":""},{"campaignID":"9285","attribution":0,"priority":"5","appToPromote":{"appToPromoteID":"14746","usesDefaultFrameImage":"0","usesDefaultCloseImage":"0","marketURL":"https:\/\/play.google.com\/store\/apps\/details?id=com.buntoo.army.bus.parking","packageID":"com.buntoo.army.bus.parking"},"showTemplate":1,"s2s_tracking_url":"https:\/\/play.google.com\/store\/apps\/details?id=com.buntoo.army.bus.parking","activeCreativeID":"4710","scenes":["1","2","6","4","5"],"campaignAdType":"Interstitial","productId":"","purchaseBit":0,"licenseKey":""},{"campaignID":"9287","attribution":0,"priority":"5","appToPromote":{"appToPromoteID":"14746","usesDefaultFrameImage":"0","usesDefaultCloseImage":"0","marketURL":"https:\/\/play.google.com\/store\/apps\/details?id=com.buntoo.army.bus.parking","packageID":"com.buntoo.army.bus.parking"},"showTemplate":1,"s2s_tracking_url":"https:\/\/play.google.com\/store\/apps\/details?id=com.buntoo.army.bus.parking","activeCreativeID":"4710","scenes":["1","2","6","4","5"],"campaignAdType":"Interstitial","productId":"","purchaseBit":0,"licenseKey":""},{"campaignID":"9289","attribution":0,"priority":"5","appToPromote":{"appToPromoteID":"17609","usesDefaultFrameImage":"0","usesDefaultCloseImage":"0","marketURL":"https:\/\/smartbear.com\/learn\/automated-testing\/test-automation-frameworks\/","packageID":"com.buntoo.buntooAd"},"showTemplate":1,"s2s_tracking_url":"https:\/\/smartbear.com\/learn\/automated-testing\/test-automation-frameworks\/","activeCreativeID":"4701","scenes":["1","2","6","4","5"],"campaignAdType":"Interstitial","productId":"","purchaseBit":0,"licenseKey":""},{"campaignID":"9290","attribution":0,"priority":"5","appToPromote":{"appToPromoteID":"17609","usesDefaultFrameImage":"0","usesDefaultCloseImage":"0","marketURL":"https:\/\/smartbear.com\/learn\/automated-testing\/test-automation-frameworks\/","packageID":"com.buntoo.buntooAd"},"showTemplate":1,"s2s_tracking_url":"https:\/\/smartbear.com\/learn\/automated-testing\/test-automation-frameworks\/","activeCreativeID":"4701","scenes":["1","2","6","4","5"],"campaignAdType":"Interstitial","productId":"","purchaseBit":0,"licenseKey":""},{"campaignID":"9293","attribution":0,"priority":"5","appToPromote":{"appToPromoteID":"17609","usesDefaultFrameImage":"0","usesDefaultCloseImage":"0","marketURL":"https:\/\/smartbear.com\/learn\/automated-testing\/test-automation-frameworks\/","packageID":"com.buntoo.buntooAd"},"showTemplate":1,"s2s_tracking_url":"https:\/\/smartbear.com\/learn\/automated-testing\/test-automation-frameworks\/","activeCreativeID":"4701","scenes":["1","2","6","4","5"],"campaignAdType":"Interstitial","productId":"","purchaseBit":0,"licenseKey":""},{"campaignID":"9296","attribution":0,"priority":"5","appToPromote":{"appToPromoteID":"17609","usesDefaultFrameImage":"0","usesDefaultCloseImage":"0","marketURL":"https:\/\/smartbear.com\/learn\/automated-testing\/test-automation-frameworks\/","packageID":"com.buntoo.buntooAd"},"showTemplate":1,"s2s_tracking_url":"https:\/\/smartbear.com\/learn\/automated-testing\/test-automation-frameworks\/","activeCreativeID":"4701","scenes":["1","2","6","4","5"],"campaignAdType":"Interstitial","productId":"","purchaseBit":0,"licenseKey":""},{"campaignID":"9297","attribution":0,"priority":"5","appToPromote":{"appToPromoteID":"17609","usesDefaultFrameImage":"0","usesDefaultCloseImage":"0","marketURL":"https:\/\/smartbear.com\/learn\/automated-testing\/test-automation-frameworks\/","packageID":"com.buntoo.buntooAd"},"showTemplate":1,"s2s_tracking_url":"https:\/\/smartbear.com\/learn\/automated-testing\/test-automation-frameworks\/","activeCreativeID":"4701","scenes":["1","2","6","4","5"],"campaignAdType":"Interstitial","productId":"","purchaseBit":0,"licenseKey":""},{"campaignID":"9299","attribution":0,"priority":"5","appToPromote":{"appToPromoteID":"17609","usesDefaultFrameImage":"0","usesDefaultCloseImage":"0","marketURL":"https:\/\/smartbear.com\/learn\/automated-testing\/test-automation-frameworks\/","packageID":"com.buntoo.buntooAd"},"showTemplate":1,"s2s_tracking_url":"https:\/\/smartbear.com\/learn\/automated-testing\/test-automation-frameworks\/","activeCreativeID":"4701","scenes":["1","2","6","4","5"],"campaignAdType":"Interstitial","productId":"","purchaseBit":0,"licenseKey":""},{"campaignID":"9301","attribution":0,"priority":"5","appToPromote":{"appToPromoteID":"17609","usesDefaultFrameImage":"0","usesDefaultCloseImage":"0","marketURL":"https:\/\/smartbear.com\/learn\/automated-testing\/test-automation-frameworks\/","packageID":"com.buntoo.buntooAd"},"showTemplate":1,"s2s_tracking_url":"https:\/\/smartbear.com\/learn\/automated-testing\/test-automation-frameworks\/","activeCreativeID":"4701","scenes":["1","2","6","4","5"],"campaignAdType":"Interstitial","productId":"","purchaseBit":0,"licenseKey":""},{"campaignID":"9305","attribution":0,"priority":"5","appToPromote":{"appToPromoteID":"14746","usesDefaultFrameImage":"0","usesDefaultCloseImage":"0","marketURL":"https:\/\/play.google.com\/store\/apps\/details?id=com.buntoo.army.bus.parking","packageID":"com.buntoo.army.bus.parking"},"showTemplate":1,"s2s_tracking_url":"https:\/\/play.google.com\/store\/apps\/details?id=com.buntoo.army.bus.parking","activeCreativeID":"4710","scenes":["1","2","6","4","5"],"campaignAdType":"Interstitial","productId":"","purchaseBit":0,"licenseKey":""},{"campaignID":"48","attribution":0,"priority":"5","appToPromote":{"appToPromoteID":"1074","usesDefaultFrameImage":"1","usesDefaultCloseImage":"1","marketURL":"https:\/\/play.google.com\/store\/apps\/details?id=com.mizo.construction.crane.hill.climb","packageID":"com.mizo.construction.crane.hill.climb"},"showTemplate":1,"s2s_tracking_url":"https:\/\/play.google.com\/store\/apps\/details?id=com.mizo.construction.crane.hill.climb","activeCreativeID":"65","scenes":["1","2","6","4","5"],"campaignAdType":"Interstitial","productId":"","purchaseBit":0,"licenseKey":""},{"campaignID":"50","attribution":0,"priority":"5","appToPromote":{"appToPromoteID":"1221","usesDefaultFrameImage":"1","usesDefaultCloseImage":"1","marketURL":"https:\/\/play.google.com\/store\/apps\/details?id=com.mizo.offroad.hill.climb","packageID":"com.mizo.offroad.hill.climb"},"showTemplate":1,"s2s_tracking_url":"https:\/\/play.google.com\/store\/apps\/details?id=com.mizo.offroad.hill.climb","activeCreativeID":"67","scenes":["1","2","6","4","5"],"campaignAdType":"Interstitial","productId":"","purchaseBit":0,"licenseKey":""},{"campaignID":"67","attribution":0,"priority":"5","appToPromote":{"appToPromoteID":"1306","usesDefaultFrameImage":"1","usesDefaultCloseImage":"1","marketURL":"https:\/\/play.google.com\/store\/apps\/details?id=com.mizo.extreme.heavy.truck","packageID":"com.mizo.extreme.heavy.truck"},"showTemplate":1,"s2s_tracking_url":"https:\/\/play.google.com\/store\/apps\/details?id=com.mizo.extreme.heavy.truck","activeCreativeID":"85","scenes":["1","2","6","4","5"],"campaignAdType":"Interstitial","productId":"","purchaseBit":0,"licenseKey":""},{"campaignID":"73","attribution":0,"priority":"5","appToPromote":{"appToPromoteID":"1458","usesDefaultFrameImage":"1","usesDefaultCloseImage":"1","marketURL":"https:\/\/play.google.com\/store\/apps\/details?id=com.mizo.army.prisoner.transport.simulator","packageID":"com.mizo.army.prisoner.transport.simulator"},"showTemplate":1,"s2s_tracking_url":"https:\/\/play.google.com\/store\/apps\/details?id=com.mizo.army.prisoner.transport.simulator","activeCreativeID":"93","scenes":["1","2","6","4","5"],"campaignAdType":"Interstitial","productId":"","purchaseBit":0,"licenseKey":""},{"campaignID":"74","attribution":0,"priority":"5","appToPromote":{"appToPromoteID":"1449","usesDefaultFrameImage":"1","usesDefaultCloseImage":"1","marketURL":"https:\/\/play.google.com\/store\/apps\/details?id=com.brilliantgamez.army.prisoners.transport.plane","packageID":"com.brilliantgamez.army.prisoners.transport.plane"},"showTemplate":1,"s2s_tracking_url":"https:\/\/play.google.com\/store\/apps\/details?id=com.brilliantgamez.army.prisoners.transport.plane","activeCreativeID":"94","scenes":["1","2","6","4","5"],"campaignAdType":"Interstitial","productId":"","purchaseBit":0,"licenseKey":""},{"campaignID":"78","attribution":0,"priority":"5","appToPromote":{"appToPromoteID":"1632","usesDefaultFrameImage":"1","usesDefaultCloseImage":"1","marketURL":"https:\/\/play.google.com\/store\/apps\/details?id=com.mizo.road.builder.city.construction","packageID":"com.mizo.road.builder.city.construction"},"showTemplate":1,"s2s_tracking_url":"https:\/\/play.google.com\/store\/apps\/details?id=com.mizo.road.builder.city.construction","activeCreativeID":"97","scenes":["1","2","6","4","5"],"campaignAdType":"Interstitial","productId":"","purchaseBit":0,"licenseKey":""},{"campaignID":"80","attribution":0,"priority":"5","appToPromote":{"appToPromoteID":"1675","usesDefaultFrameImage":"1","usesDefaultCloseImage":"1","marketURL":"https:\/\/play.google.com\/store\/apps\/details?id=com.mizo.flip.bottle.shooting.expert","packageID":"com.mizo.flip.bottle.shooting.expert"},"showTemplate":1,"s2s_tracking_url":"https:\/\/play.google.com\/store\/apps\/details?id=com.mizo.flip.bottle.shooting.expert","activeCreativeID":"100","scenes":["1","2","6","4","5"],"campaignAdType":"Interstitial","productId":"","purchaseBit":0,"licenseKey":""},{"campaignID":"110","attribution":0,"priority":"5","appToPromote":{"appToPromoteID":"1853","usesDefaultFrameImage":"1","usesDefaultCloseImage":"1","marketURL":"https:\/\/play.google.com\/store\/apps\/details?id=com.mizo.police.airplane.transporter","packageID":"com.mizo.police.airplane.transporter"},"showTemplate":1,"s2s_tracking_url":"https:\/\/play.google.com\/store\/apps\/details?id=com.mizo.police.airplane.transporter","activeCreativeID":"137","scenes":["1","2","6","4","5"],"campaignAdType":"Interstitial","productId":"","purchaseBit":0,"licenseKey":""},{"campaignID":"143","attribution":0,"priority":"5","appToPromote":{"appToPromoteID":"2089","usesDefaultFrameImage":"0","usesDefaultCloseImage":"0","marketURL":"https:\/\/play.google.com\/store\/apps\/details?id=com.mizo.sports.car.mechanic","packageID":"com.mizo.sports.car.mechanic"},"showTemplate":1,"s2s_tracking_url":"https:\/\/play.google.com\/store\/apps\/details?id=com.mizo.sports.car.mechanic","activeCreativeID":"184","scenes":["1","2","6","4","5"],"campaignAdType":"Interstitial","productId":"","purchaseBit":0,"licenseKey":""},{"campaignID":"147","attribution":0,"priority":"5","appToPromote":{"appToPromoteID":"2085","usesDefaultFrameImage":"0","usesDefaultCloseImage":"0","marketURL":"https:\/\/play.google.com\/store\/apps\/details?id=com.mizo.robot.gang.mafia","packageID":"com.mizo.robot.gang.mafia"},"showTemplate":1,"s2s_tracking_url":"https:\/\/play.google.com\/store\/apps\/details?id=com.mizo.robot.gang.mafia","activeCreativeID":"188","scenes":["1","2","6","4","5"],"campaignAdType":"Interstitial","productId":"","purchaseBit":0,"licenseKey":""},{"campaignID":"227","attribution":0,"priority":"5","appToPromote":{"appToPromoteID":"2571","usesDefaultFrameImage":"0","usesDefaultCloseImage":"0","marketURL":"https:\/\/play.google.com\/store\/apps\/details?id=com.mizo.raft.suvival","packageID":"com.mizo.raft.suvival"},"showTemplate":1,"s2s_tracking_url":"https:\/\/play.google.com\/store\/apps\/details?id=com.mizo.raft.suvival","activeCreativeID":"302","scenes":["1","2","6","4","5"],"campaignAdType":"Interstitial","productId":"","purchaseBit":0,"licenseKey":""},{"campaignID":"317","attribution":0,"priority":"5","appToPromote":{"appToPromoteID":"2723","usesDefaultFrameImage":"0","usesDefaultCloseImage":"0","marketURL":"https:\/\/play.google.com\/store\/apps\/details?id=com.mizo.helicopter.rescue","packageID":"com.mizo.helicopter.rescue"},"showTemplate":1,"s2s_tracking_url":"https:\/\/play.google.com\/store\/apps\/details?id=com.mizo.helicopter.rescue","activeCreativeID":"324","scenes":["1","2","6","4","5"],"campaignAdType":"Interstitial","productId":"","purchaseBit":0,"licenseKey":""},{"campaignID":"367","attribution":0,"priority":"5","appToPromote":{"appToPromoteID":"2911","usesDefaultFrameImage":"0","usesDefaultCloseImage":"0","marketURL":"https:\/\/play.google.com\/store\/apps\/details?id=com.mizo.police.ship.transporter","packageID":"com.mizo.police.ship.transporter"},"showTemplate":1,"s2s_tracking_url":"https:\/\/play.google.com\/store\/apps\/details?id=com.mizo.police.ship.transporter","activeCreativeID":"383","scenes":["1","2","6","4","5"],"campaignAdType":"Interstitial","productId":"","purchaseBit":0,"licenseKey":""},{"campaignID":"390","attribution":0,"priority":"5","appToPromote":{"appToPromoteID":"3077","usesDefaultFrameImage":"0","usesDefaultCloseImage":"0","marketURL":"https:\/\/play.google.com\/store\/apps\/details?id=com.mizo.transformer.shooting","packageID":"com.mizo.transformer.shooting"},"showTemplate":1,"s2s_tracking_url":"https:\/\/play.google.com\/store\/apps\/details?id=com.mizo.transformer.shooting","activeCreativeID":"441","scenes":["1","2","6","4","5"],"campaignAdType":"Interstitial","productId":"","purchaseBit":0,"licenseKey":""},{"campaignID":"408","attribution":0,"priority":"5","appToPromote":{"appToPromoteID":"3095","usesDefaultFrameImage":"0","usesDefaultCloseImage":"0","marketURL":"https:\/\/play.google.com\/store\/apps\/details?id=com.mizo.superhero.robot","packageID":"com.mizo.superhero.robot"},"showTemplate":1,"s2s_tracking_url":"https:\/\/play.google.com\/store\/apps\/details?id=com.mizo.superhero.robot","activeCreativeID":"443","scenes":["1","2","6","4","5"],"campaignAdType":"Interstitial","productId":"","purchaseBit":0,"licenseKey":""},{"campaignID":"410","attribution":0,"priority":"5","appToPromote":{"appToPromoteID":"3145","usesDefaultFrameImage":"0","usesDefaultCloseImage":"0","marketURL":"https:\/\/play.google.com\/store\/apps\/details?id=com.mizo.extreme.bikerider","packageID":"com.mizo.extreme.bikerider"},"showTemplate":1,"s2s_tracking_url":"https:\/\/play.google.com\/store\/apps\/details?id=com.mizo.extreme.bikerider","activeCreativeID":"448","scenes":["1","2","6","4","5"],"campaignAdType":"Interstitial","productId":"","purchaseBit":0,"licenseKey":""},{"campaignID":"428","attribution":0,"priority":"5","appToPromote":{"appToPromoteID":"3250","usesDefaultFrameImage":"0","usesDefaultCloseImage":"0","marketURL":"https:\/\/play.google.com\/store\/apps\/details?id=com.mizo.bicycle.stunt.racer","packageID":"com.mizo.bicycle.stunt.racer"},"showTemplate":1,"s2s_tracking_url":"https:\/\/play.google.com\/store\/apps\/details?id=com.mizo.bicycle.stunt.racer","activeCreativeID":"472","scenes":["1","2","6","4","5"],"campaignAdType":"Interstitial","productId":"","purchaseBit":0,"licenseKey":""},{"campaignID":"429","attribution":0,"priority":"5","appToPromote":{"appToPromoteID":"3253","usesDefaultFrameImage":"0","usesDefaultCloseImage":"0","marketURL":"https:\/\/play.google.com\/store\/apps\/details?id=com.mizo.rooftop.stunts","packageID":"com.mizo.rooftop.stunts"},"showTemplate":1,"s2s_tracking_url":"https:\/\/play.google.com\/store\/apps\/details?id=com.mizo.rooftop.stunts","activeCreativeID":"474","scenes":["1","2","6","4","5"],"campaignAdType":"Interstitial","productId":"","purchaseBit":0,"licenseKey":""},{"campaignID":"456","attribution":0,"priority":"5","appToPromote":{"appToPromoteID":"2448","usesDefaultFrameImage":"0","usesDefaultCloseImage":"0","marketURL":"https:\/\/play.google.com\/store\/apps\/details?id=com.mizo.battle.simulator","packageID":"com.mizo.battle.simulator"},"showTemplate":1,"s2s_tracking_url":"https:\/\/play.google.com\/store\/apps\/details?id=com.mizo.battle.simulator","activeCreativeID":"503","scenes":["1","2","6","4","5"],"campaignAdType":"Interstitial","productId":"","purchaseBit":0,"licenseKey":""},{"campaignID":"482","attribution":0,"priority":"5","appToPromote":{"appToPromoteID":"2877","usesDefaultFrameImage":"0","usesDefaultCloseImage":"0","marketURL":"https:\/\/play.google.com\/store\/apps\/details?id=com.mizo.underwater.tourist.bus","packageID":"com.mizo.underwater.tourist.bus"},"showTemplate":1,"s2s_tracking_url":"https:\/\/play.google.com\/store\/apps\/details?id=com.mizo.underwater.tourist.bus","activeCreativeID":"540","scenes":["1","2","6","4","5"],"campaignAdType":"Interstitial","productId":"","purchaseBit":0,"licenseKey":""},{"campaignID":"490","attribution":0,"priority":"5","appToPromote":{"appToPromoteID":"3518","usesDefaultFrameImage":"0","usesDefaultCloseImage":"0","marketURL":"https:\/\/play.google.com\/store\/apps\/details?id=com.crazyneuron.superhero.robot.world","packageID":"com.crazyneuron.superhero.robot.world"},"showTemplate":1,"s2s_tracking_url":"https:\/\/play.google.com\/store\/apps\/details?id=com.crazyneuron.superhero.robot.world","activeCreativeID":"550","scenes":["1","2","6","4","5"],"campaignAdType":"Interstitial","productId":"","purchaseBit":0,"licenseKey":""},{"campaignID":"501","attribution":0,"priority":"5","appToPromote":{"appToPromoteID":"3579","usesDefaultFrameImage":"0","usesDefaultCloseImage":"0","marketURL":"https:\/\/play.google.com\/store\/apps\/details?id=com.crazyneuron.us.army.transport","packageID":"com.crazyneuron.us.army.transport"},"showTemplate":1,"s2s_tracking_url":"https:\/\/play.google.com\/store\/apps\/details?id=com.crazyneuron.us.army.transport","activeCreativeID":"577","scenes":["1","2","6","4","5"],"campaignAdType":"Interstitial","productId":"","purchaseBit":0,"licenseKey":""},{"campaignID":"512","attribution":0,"priority":"5","appToPromote":{"appToPromoteID":"3683","usesDefaultFrameImage":"0","usesDefaultCloseImage":"0","marketURL":"https:\/\/play.google.com\/store\/apps\/details?id=com.mizo.plane.landing","packageID":"com.mizo.plane.landing"},"showTemplate":1,"s2s_tracking_url":"https:\/\/play.google.com\/store\/apps\/details?id=com.mizo.plane.landing","activeCreativeID":"594","scenes":["1","2","6","4","5"],"campaignAdType":"Interstitial","productId":"","purchaseBit":0,"licenseKey":""},{"campaignID":"6210","attribution":0,"priority":"5","appToPromote":{"appToPromoteID":"11566","usesDefaultFrameImage":"0","usesDefaultCloseImage":"0","marketURL":"https:\/\/play.google.com\/store\/apps\/details?id=com.mizo.line.drawing.puzzle.game","packageID":"com.mizo.line.drawing.puzzle.game"},"showTemplate":1,"s2s_tracking_url":"https:\/\/play.google.com\/store\/apps\/details?id=com.mizo.line.drawing.puzzle.game","activeCreativeID":"1322","scenes":["1","2","6","4","5"],"campaignAdType":"Video","productId":"","purchaseBit":0,"licenseKey":""},{"campaignID":"6213","attribution":0,"priority":"5","appToPromote":{"appToPromoteID":"11633","usesDefaultFrameImage":"0","usesDefaultCloseImage":"0","marketURL":"https:\/\/play.google.com\/store\/apps\/details?id=com.mizo.car.driving.simulator","packageID":"com.mizo.car.driving.simulator"},"showTemplate":1,"s2s_tracking_url":"https:\/\/play.google.com\/store\/apps\/details?id=com.mizo.car.driving.simulator","activeCreativeID":"1325","scenes":["1","2","6","4","5"],"campaignAdType":"Video","productId":"","purchaseBit":0,"licenseKey":""},{"campaignID":"6214","attribution":0,"priority":"5","appToPromote":{"appToPromoteID":"11661","usesDefaultFrameImage":"0","usesDefaultCloseImage":"0","marketURL":"https:\/\/play.google.com\/store\/apps\/details?id=com.mizo.car.tycoon.game","packageID":"com.mizo.car.tycoon.game"},"showTemplate":1,"s2s_tracking_url":"https:\/\/play.google.com\/store\/apps\/details?id=com.mizo.car.tycoon.game","activeCreativeID":"1326","scenes":["1","2","6","4","5"],"campaignAdType":"Video","productId":"","purchaseBit":0,"licenseKey":""},{"campaignID":"6254","attribution":0,"priority":"5","appToPromote":{"appToPromoteID":"11810","usesDefaultFrameImage":"0","usesDefaultCloseImage":"0","marketURL":"https:\/\/play.google.com\/store\/apps\/details?id=com.mizo.car.transporter.games","packageID":"com.mizo.car.transporter.games"},"showTemplate":1,"s2s_tracking_url":"https:\/\/play.google.com\/store\/apps\/details?id=com.mizo.car.transporter.games","activeCreativeID":"1370","scenes":["1","2","6","4","5"],"campaignAdType":"Video","productId":"","purchaseBit":0,"licenseKey":""},{"campaignID":"6256","attribution":0,"priority":"5","appToPromote":{"appToPromoteID":"11880","usesDefaultFrameImage":"0","usesDefaultCloseImage":"0","marketURL":"https:\/\/play.google.com\/store\/apps\/details?id=com.mizo.us.army.transporter","packageID":"com.mizo.us.army.transporter"},"showTemplate":1,"s2s_tracking_url":"https:\/\/play.google.com\/store\/apps\/details?id=com.mizo.us.army.transporter","activeCreativeID":"1372","scenes":["1","2","6","4","5"],"campaignAdType":"Video","productId":"","purchaseBit":0,"licenseKey":""},{"campaignID":"6264","attribution":0,"priority":"5","appToPromote":{"appToPromoteID":"11879","usesDefaultFrameImage":"0","usesDefaultCloseImage":"0","marketURL":"https:\/\/play.google.com\/store\/apps\/details?id=com.buntoo.car.racing.games","packageID":"com.buntoo.car.racing.games"},"showTemplate":1,"s2s_tracking_url":"https:\/\/play.google.com\/store\/apps\/details?id=com.buntoo.car.racing.games","activeCreativeID":"1380","scenes":["1","2","6","4","5"],"campaignAdType":"Video","productId":"","purchaseBit":0,"licenseKey":""},{"campaignID":"6363","attribution":0,"priority":"5","appToPromote":{"appToPromoteID":"12100","usesDefaultFrameImage":"0","usesDefaultCloseImage":"0","marketURL":"https:\/\/play.google.com\/store\/apps\/details?id=com.mizo.police.transport.shooting","packageID":"com.mizo.police.transport.shooting"},"showTemplate":1,"s2s_tracking_url":"https:\/\/play.google.com\/store\/apps\/details?id=com.mizo.police.transport.shooting","activeCreativeID":"1519","scenes":["1","2","6","4","5"],"campaignAdType":"Video","productId":"","purchaseBit":0,"licenseKey":""},{"campaignID":"6430","attribution":0,"priority":"5","appToPromote":{"appToPromoteID":"12340","usesDefaultFrameImage":"0","usesDefaultCloseImage":"0","marketURL":"https:\/\/play.google.com\/store\/apps\/details?id=com.buntoo.robot.car.transporter.games","packageID":"com.buntoo.robot.car.transporter.games"},"showTemplate":1,"s2s_tracking_url":"https:\/\/play.google.com\/store\/apps\/details?id=com.buntoo.robot.car.transporter.games","activeCreativeID":"1563","scenes":["1","2","6","4","5"],"campaignAdType":"Video","productId":"","purchaseBit":0,"licenseKey":""},{"campaignID":"6432","attribution":0,"priority":"5","appToPromote":{"appToPromoteID":"12565","usesDefaultFrameImage":"0","usesDefaultCloseImage":"0","marketURL":"https:\/\/play.google.com\/store\/apps\/details?id=com.mizo.train.gold.robbery.games","packageID":"com.mizo.train.gold.robbery.games"},"showTemplate":1,"s2s_tracking_url":"https:\/\/play.google.com\/store\/apps\/details?id=com.mizo.train.gold.robbery.games","activeCreativeID":"1565","scenes":["1","2","6","4","5"],"campaignAdType":"Video","productId":"","purchaseBit":0,"licenseKey":""},{"campaignID":"6445","attribution":0,"priority":"5","appToPromote":{"appToPromoteID":"12564","usesDefaultFrameImage":"0","usesDefaultCloseImage":"0","marketURL":"https:\/\/play.google.com\/store\/apps\/details?id=com.cradley.prison.escape.casino.robbery","packageID":"com.cradley.prison.escape.casino.robbery"},"showTemplate":1,"s2s_tracking_url":"https:\/\/play.google.com\/store\/apps\/details?id=com.cradley.prison.escape.casino.robbery","activeCreativeID":"1575","scenes":["1","2","6","4","5"],"campaignAdType":"Video","productId":"","purchaseBit":0,"licenseKey":""}],"refreshAdRate":30,"mode":"Production","aspectRatio":"4_3","cdnPath":"https:\/\/df8ymybeo92md.cloudfront.net\/images\/","sentry_log":0,"local_logging":0,"sentry_dsn":"https:\/\/93ffa1c9a4124f67b8888a53265f751a:bbf998e04584477fa9a145838e9d3b26@sentry.io\/168994","sentry_initialization":1,"sentry_debugging":0,"bannerSizes":[],"aspectRatioVideo":"16_9","app_id":"2343","showPreRewardedDialogue":0,"showPostRewardedDialogue":0,"rewardCurrency":"coins","rewardValue":0,"isSkipable":0,"privacyPolicyURL":"https:\/\/www.consoliads.com\/privacy-policy\/","sessionToken":"98MDsarllSEVk7Anim4ON1DrV\/Hbi+aK3eTDAPFqohpuuyAR\/YsYwZijCUgCCHV+x6U0H\/BDWmn0IE0wzrPtkfXjAzK7uGEQmAe+3blo9QFFCPMmOteU3oHKb6vwHuhzLEl9EH\/nCFJmMGJz9nlWkzNq9g80ZgSN0vRHz0YsDzE="}
Session token value is set


{"appKey":"e551eacd7ce4c379df2008130984e935","deviceID":"690","stats":[{"campaignID":179,"packageID":"com.ubmgames.commando.survivor.modern.lone","sceneStats":[{"sceneID":"2","eventStats":"307,207,107,7,7,0,0"}]}],"sdkVersion":"26","sessionToken":"98MDsarllSEVk7Anim4ON1DrV\/Hbi+aK3eTDAPFqohpuuyAR\/YsYwZijCUgCCHV+x6U0H\/BDWmn0IE0wzrPtkfXjAzK7uGEQmAe+3blo9QFFCPMmOteU3oHKb6vwHuhzLEl9EH\/nCFJmMGJz9nlWkzNq9g80ZgSN0vRHz0YsDzE="}
cache_ttl value is correct

Refresh Ad Rate value is correct
mode value is set

 Aspect ratio value is correct
sentry_log value is set
local_logging value is set
sentry_initialization value is set
sentry_debugging value is set
showPreRewardedDialogue value is set
showPostRewardedDialogue value is set
isSkipable value is set
{"cache_ttl":10080,"cache_ttl_rewarded":10080,"cache_ttl_banner":10080,"cache_ttl_native":10080,"cache_ttl_icon":10080,"refreshAdRate":30,"mode":"Production","aspectRatio":"4_3","cdnPath":"https:\/\/df8ymybeo92md.cloudfront.net\/images\/","sentry_log":0,"local_logging":0,"sentry_dsn":"https:\/\/93ffa1c9a4124f67b8888a53265f751a:bbf998e04584477fa9a145838e9d3b26@sentry.io\/168994","sentry_initialization":1,"sentry_debugging":0,"bannerSizes":["5"],"aspectRatioVideo":"16_9","app_id":"1266","showPreRewardedDialogue":0,"showPostRewardedDialogue":0,"rewardCurrency":"coins","rewardValue":0,"isSkipable":0,"privacyPolicyURL":"https:\/\/www.consoliads.com\/privacy-policy\/","sessionToken":"gmyM0XS0GHo+YZm6D8PRRjdLv34o+cnZrLIXwYnT9rXdYXGgCqLOs4dVXRMBMJ+keT0vawEmZzhm5vLZKxiHM1G8hnUW5daccTJ9\/Zwg5XU9N3ukxMd86D6nbJktU+dtBWOK53M\/zuQsif5bEKDsX94amOikiPeSCCVT+wXkX2I="}
Session token value is set


{"appKey":"dacfcc72736ec57f9871a90c24be611a","deviceID":"1814","stats":[{"campaignID":184,"packageID":"com.tgp.derby.cartransporttruck","sceneStats":[{"sceneID":"5","eventStats":"318,218,118,18,18,0,0"}]}],"sdkVersion":"39","sessionToken":"gmyM0XS0GHo+YZm6D8PRRjdLv34o+cnZrLIXwYnT9rXdYXGgCqLOs4dVXRMBMJ+keT0vawEmZzhm5vLZKxiHM1G8hnUW5daccTJ9\/Zwg5XU9N3ukxMd86D6nbJktU+dtBWOK53M\/zuQsif5bEKDsX94amOikiPeSCCVT+wXkX2I="}
cache_ttl value is correct

Refresh Ad Rate value is correct
mode value is set

 Aspect ratio value is correct
sentry_log value is set
local_logging value is set
sentry_initialization value is set
sentry_debugging value is set
showPreRewardedDialogue value is set
showPostRewardedDialogue value is set
isSkipable value is set
{"cache_ttl":10080,"cache_ttl_rewarded":10080,"cache_ttl_banner":10080,"cache_ttl_native":10080,"cache_ttl_icon":10080,"campaigns":[{"campaignID":"8378","attribution":0,"priority":"8","appToPromote":{"appToPromoteID":"16480","usesDefaultFrameImage":"0","usesDefaultCloseImage":"0","marketURL":"https:\/\/play.google.com\/store\/apps\/details?id=com.nag.home.manager.working.virtual.mom","packageID":"com.GSS317.AmazingFamily"},"showTemplate":1,"s2s_tracking_url":"https:\/\/play.google.com\/store\/apps\/details?id=com.nag.home.manager.working.virtual.mom","activeCreativeID":"3720","scenes":["12","1","8","6","15","2"],"campaignAdType":"Interstitial","productId":"","purchaseBit":0,"licenseKey":""},{"campaignID":"9547","attribution":0,"priority":"8","appToPromote":{"appToPromoteID":"11879","usesDefaultFrameImage":"0","usesDefaultCloseImage":"0","marketURL":"https:\/\/play.google.com\/store\/apps\/details?id=com.buntoo.car.racing.games","packageID":"com.buntoo.car.racing.games"},"showTemplate":1,"s2s_tracking_url":"https:\/\/play.google.com\/store\/apps\/details?id=com.buntoo.car.racing.games","activeCreativeID":"4964","scenes":["12","1","8","6","15","2"],"campaignAdType":"Interstitial","productId":"","purchaseBit":0,"licenseKey":""},{"campaignID":"9586","attribution":0,"priority":"8","appToPromote":{"appToPromoteID":"515","usesDefaultFrameImage":"1","usesDefaultCloseImage":"1","marketURL":"https:\/\/play.google.com\/store\/apps\/details?id=com.plum.cash.counter.simualtor","packageID":"com.plum.cash.counter.simualtor"},"showTemplate":1,"s2s_tracking_url":"https:\/\/play.google.com\/store\/apps\/details?id=com.plum.cash.counter.simualtor","activeCreativeID":"50","scenes":["12","1","8","6","15","2"],"campaignAdType":"Interstitial","productId":"","purchaseBit":0,"licenseKey":""},{"campaignID":"9587","attribution":0,"priority":"8","appToPromote":{"appToPromoteID":"515","usesDefaultFrameImage":"1","usesDefaultCloseImage":"1","marketURL":"https:\/\/play.google.com\/store\/apps\/details?id=com.plum.cash.counter.simualtor","packageID":"com.plum.cash.counter.simualtor"},"showTemplate":1,"s2s_tracking_url":"https:\/\/play.google.com\/store\/apps\/details?id=com.plum.cash.counter.simualtor","activeCreativeID":"50","scenes":["12","1","8","6","15","2"],"campaignAdType":"Interstitial","productId":"","purchaseBit":0,"licenseKey":""},{"campaignID":"9588","attribution":0,"priority":"8","appToPromote":{"appToPromoteID":"515","usesDefaultFrameImage":"1","usesDefaultCloseImage":"1","marketURL":"https:\/\/play.google.com\/store\/apps\/details?id=com.plum.cash.counter.simualtor","packageID":"com.plum.cash.counter.simualtor"},"showTemplate":1,"s2s_tracking_url":"https:\/\/play.google.com\/store\/apps\/details?id=com.plum.cash.counter.simualtor","activeCreativeID":"50","scenes":["12","1","8","6","15","2"],"campaignAdType":"Interstitial","productId":"","purchaseBit":0,"licenseKey":""},{"campaignID":"9589","attribution":0,"priority":"8","appToPromote":{"appToPromoteID":"515","usesDefaultFrameImage":"1","usesDefaultCloseImage":"1","marketURL":"https:\/\/play.google.com\/store\/apps\/details?id=com.plum.cash.counter.simualtor","packageID":"com.plum.cash.counter.simualtor"},"showTemplate":1,"s2s_tracking_url":"https:\/\/play.google.com\/store\/apps\/details?id=com.plum.cash.counter.simualtor","activeCreativeID":"50","scenes":["12","1","8","6","15","2"],"campaignAdType":"Interstitial","productId":"","purchaseBit":0,"licenseKey":""},{"campaignID":"9131","attribution":0,"priority":"8","appToPromote":{"appToPromoteID":"17532","usesDefaultFrameImage":"0","usesDefaultCloseImage":"0","marketURL":"https:\/\/play.google.com\/store\/apps\/details?id=com.dhgate.buyermob","packageID":"com.dhgate.buyermob"},"showTemplate":1,"s2s_tracking_url":"https:\/\/tha.gotrackier.com\/click?campaign_id=63254\\u0026pub_id=75?p1=2269_9131_1814&amp;source=6841&amp;app_name=DerbyCarTransportTruck&amp;gaid=1814","activeCreativeID":"4483","scenes":["12","1","8","6","15","2"],"campaignAdType":"Interstitial","productId":"","purchaseBit":0,"licenseKey":""},{"campaignID":"8380","attribution_link":"","attribution":1,"priority":"7","appToPromote":{"appToPromoteID":"16480","usesDefaultFrameImage":"0","usesDefaultCloseImage":"0","marketURL":"https:\/\/play.google.com\/store\/apps\/details?id=com.nag.home.manager.working.virtual.mom","packageID":"com.GSS317.AmazingFamily"},"showTemplate":1,"s2s_tracking_url":"","activeCreativeID":"3720","scenes":["12","1","8","6","15","2"],"campaignAdType":"Interstitial","productId":"","purchaseBit":0,"licenseKey":""},{"campaignID":"444","attribution":0,"priority":"6","appToPromote":{"appToPromoteID":"3355","usesDefaultFrameImage":"0","usesDefaultCloseImage":"0","marketURL":"https:\/\/play.google.com\/store\/apps\/details?id=com.popnsons.parkour.mouse","packageID":"com.popnsons.parkour.mouse"},"showTemplate":1,"s2s_tracking_url":"https:\/\/play.google.com\/store\/apps\/details?id=com.popnsons.parkour.mouse","activeCreativeID":"469","scenes":["12","1","8","6","15","2"],"campaignAdType":"Interstitial","productId":"","purchaseBit":0,"licenseKey":""},{"campaignID":"561","attribution":0,"priority":"6","appToPromote":{"appToPromoteID":"5026","usesDefaultFrameImage":"0","usesDefaultCloseImage":"0","marketURL":"https:\/\/play.google.com\/store\/apps\/details?id=com.as.cashupapp","packageID":"com.as.cashupapp"},"showTemplate":1,"s2s_tracking_url":"https:\/\/play.google.com\/store\/apps\/details?id=com.as.cashupapp","activeCreativeID":"652","scenes":["12","1","8","6","15","2"],"campaignAdType":"Interstitial","productId":"","purchaseBit":0,"licenseKey":""},{"campaignID":"570","attribution":0,"priority":"6","appToPromote":{"appToPromoteID":"3802","usesDefaultFrameImage":"0","usesDefaultCloseImage":"0","marketURL":"https:\/\/play.google.com\/store\/apps\/details?id=com.Madxstudios.Flickshootsoccer","packageID":"com.Madxstudios.Flickshootsoccer"},"showTemplate":1,"s2s_tracking_url":"https:\/\/play.google.com\/store\/apps\/details?id=com.Madxstudios.Flickshootsoccer","activeCreativeID":"661","scenes":["12","1","8","6","15","2"],"campaignAdType":"Interstitial","productId":"","purchaseBit":0,"licenseKey":""},{"campaignID":"588","attribution":0,"priority":"6","appToPromote":{"appToPromoteID":"5026","usesDefaultFrameImage":"0","usesDefaultCloseImage":"0","marketURL":"https:\/\/play.google.com\/store\/apps\/details?id=com.as.cashupapp","packageID":"com.as.cashupapp"},"showTemplate":1,"s2s_tracking_url":"https:\/\/play.google.com\/store\/apps\/details?id=com.as.cashupapp","activeCreativeID":"652","scenes":["12","1","8","6","15","2"],"campaignAdType":"Interstitial","productId":"","purchaseBit":0,"licenseKey":""},{"campaignID":"8808","attribution_link":"","attribution":1,"priority":"5","appToPromote":{"appToPromoteID":"16528","usesDefaultFrameImage":"0","usesDefaultCloseImage":"0","marketURL":"https:\/\/play.google.com\/store\/apps\/details?id=com.bag.farm.day.village.farming.games","packageID":"com.GSS317.com.bag.farm.day.village.farming.games"},"showTemplate":1,"s2s_tracking_url":"","activeCreativeID":"3775","scenes":["12","1","8","6","15","2"],"campaignAdType":"Interstitial","productId":"","purchaseBit":0,"licenseKey":""},{"campaignID":"8973","attribution":0,"priority":"5","appToPromote":{"appToPromoteID":"15974","usesDefaultFrameImage":"0","usesDefaultCloseImage":"0","marketURL":"https:\/\/play.google.com\/store\/apps\/details?id=com.mustardgames.bmx.cycle.stunt.mega.ramp.impossibletracks","packageID":"com.mustardgames.bmx.cycle.stunt.mega.ramp.impossibletracks"},"showTemplate":1,"s2s_tracking_url":"https:\/\/play.google.com\/store\/apps\/details?id=com.mustardgames.bmx.cycle.stunt.mega.ramp.impossibletracks","activeCreativeID":"4339","scenes":["12","1","8","6","15","2"],"campaignAdType":"Interstitial","productId":"","purchaseBit":0,"licenseKey":""},{"campaignID":"557","attribution":0,"priority":"4","appToPromote":{"appToPromoteID":"4959","usesDefaultFrameImage":"0","usesDefaultCloseImage":"0","marketURL":"https:\/\/play.google.com\/store\/apps\/details?id=com.jet.plane.surfers.joyride.dash","packageID":"com.jet.plane.surfers.joyride.dash"},"showTemplate":1,"s2s_tracking_url":"https:\/\/play.google.com\/store\/apps\/details?id=com.jet.plane.surfers.joyride.dash","activeCreativeID":"645","scenes":["12","1","8","6","15","2"],"campaignAdType":"Interstitial","productId":"","purchaseBit":0,"licenseKey":""},{"campaignID":"414","attribution":0,"priority":"3","appToPromote":{"appToPromoteID":"3023","usesDefaultFrameImage":"0","usesDefaultCloseImage":"0","marketURL":"https:\/\/play.google.com\/store\/apps\/details?id=com.appricot2d.rolo.pet.parrot","packageID":"com.appricot2d.rolo.pet.parrot"},"showTemplate":1,"s2s_tracking_url":"https:\/\/play.google.com\/store\/apps\/details?id=com.appricot2d.rolo.pet.parrot","activeCreativeID":"385","scenes":["12","1","8","6","15","2"],"campaignAdType":"Interstitial","productId":"","purchaseBit":0,"licenseKey":""},{"campaignID":"559","attribution":0,"priority":"3","appToPromote":{"appToPromoteID":"3476","usesDefaultFrameImage":"0","usesDefaultCloseImage":"0","marketURL":"https:\/\/play.google.com\/store\/apps\/details?id=com.perspectivegames.real.impossible.tracks.stunts","packageID":"com.perspectivegames.real.impossible.tracks.stunts"},"showTemplate":1,"s2s_tracking_url":"https:\/\/play.google.com\/store\/apps\/details?id=com.perspectivegames.real.impossible.tracks.stunts","activeCreativeID":"649","scenes":["12","1","8","6","15","2"],"campaignAdType":"Interstitial","productId":"","purchaseBit":0,"licenseKey":""},{"campaignID":"741","attribution":0,"priority":"3","appToPromote":{"appToPromoteID":"5609","usesDefaultFrameImage":"0","usesDefaultCloseImage":"0","marketURL":"https:\/\/play.google.com\/store\/apps\/details?id=com.kick.gyroscopic.city.train.driver.simulator","packageID":"com.kick.gyroscopic.city.train.driver.simulator"},"showTemplate":1,"s2s_tracking_url":"https:\/\/play.google.com\/store\/apps\/details?id=com.kick.gyroscopic.city.train.driver.simulator","activeCreativeID":"753","scenes":["12","1","8","6","15","2"],"campaignAdType":"Interstitial","productId":"","purchaseBit":0,"licenseKey":""},{"campaignID":"798","attribution":0,"priority":"3","appToPromote":{"appToPromoteID":"5770","usesDefaultFrameImage":"0","usesDefaultCloseImage":"0","marketURL":"https:\/\/play.google.com\/store\/apps\/details?id=com.simulatorgames3d.alohacelebrations","packageID":"com.simulatorgames3d.alohacelebrations"},"showTemplate":1,"s2s_tracking_url":"https:\/\/play.google.com\/store\/apps\/details?id=com.simulatorgames3d.alohacelebrations","activeCreativeID":"787","scenes":["12","1","8","6","15","2"],"campaignAdType":"Interstitial","productId":"","purchaseBit":0,"licenseKey":""},{"campaignID":"1483","attribution":0,"priority":"3","appToPromote":{"appToPromoteID":"1714","usesDefaultFrameImage":"1","usesDefaultCloseImage":"1","marketURL":"https:\/\/play.google.com\/store\/apps\/details?id=com.playink.cookie.maker","packageID":"com.playink.cookie.maker"},"showTemplate":1,"s2s_tracking_url":"https:\/\/play.google.com\/store\/apps\/details?id=com.playink.cookie.maker","activeCreativeID":"1020","scenes":["12","1","8","6","15","2"],"campaignAdType":"Interstitial","productId":"","purchaseBit":0,"licenseKey":""},{"campaignID":"8762","attribution":0,"priority":"2","appToPromote":{"appToPromoteID":"13265","usesDefaultFrameImage":"0","usesDefaultCloseImage":"0","marketURL":"https:\/\/play.google.com\/store\/apps\/details?id=com.rhg.tricky.bike.stunt.moto.master","packageID":"com.rhg.tricky.bike.stunt.moto.master"},"showTemplate":1,"s2s_tracking_url":"https:\/\/play.google.com\/store\/apps\/details?id=com.rhg.tricky.bike.stunt.moto.master","activeCreativeID":"4121","scenes":["12","1","8","6","15","2"],"campaignAdType":"Rewarded Video","productId":"","purchaseBit":0,"licenseKey":""},{"campaignID":"9366","attribution":0,"priority":"2","appToPromote":{"appToPromoteID":"17602","usesDefaultFrameImage":"0","usesDefaultCloseImage":"0","marketURL":"https:\/\/play.google.com\/store\/apps\/details?id=com.abaenglish.videoclass&amp;referrer=utm_source=42matters.com&amp;utm_medium=api","packageID":"com.abaenglish.videoclass"},"showTemplate":1,"s2s_tracking_url":"https:\/\/play.google.com\/store\/apps\/details?id=com.abaenglish.videoclass&amp;referrer=utm_source=42matters.com&amp;utm_medium=api","activeCreativeID":"4815","scenes":["12","1","8","6","15","2"],"campaignAdType":"Interstitial","productId":"","purchaseBit":0,"licenseKey":""}],"refreshAdRate":30,"mode":"Production","aspectRatio":"4_3","cdnPath":"https:\/\/df8ymybeo92md.cloudfront.net\/images\/","sentry_log":0,"local_logging":0,"sentry_dsn":"https:\/\/93ffa1c9a4124f67b8888a53265f751a:bbf998e04584477fa9a145838e9d3b26@sentry.io\/168994","sentry_initialization":1,"sentry_debugging":0,"bannerSizes":["5"],"aspectRatioVideo":"16_9","app_id":"2269","showPreRewardedDialogue":0,"showPostRewardedDialogue":0,"rewardCurrency":"coins","rewardValue":0,"isSkipable":0,"privacyPolicyURL":"https:\/\/www.consoliads.com\/privacy-policy\/","sessionToken":"CC+5C5tK2YvuRkzD0yijV\/yKjGk+cGxR31ILl0NeW4r4CRtd\/3vXp55wTHekXxqWbf8TEHT4W+nm\/dUM\/JmbUkm2TjCTs72TWAf4Nd\/n+4LUaOFNy8XA0TcZTSd04eVbHRGmbiOEbj9IW0mp1rzYIhRyGoI3044ujn\/cSIo3Aqg="}
Session token value is set

mode value is set

 Aspect ratio value is correct
sentry_log value is set
Session token value is set


{"appKey":"04f5a9854a7ab0d33c312f6ba1115c79","deviceID":"8553","stats":[{"campaignID":191,"packageID":"com.tgp.multi.car.smart.parking.truck","sceneStats":[{"sceneID":"22","eventStats":"385,285,185,85,85,0,0"}]}],"sdkVersion":"39","sessionToken":"LRy0oy5slqM1tUI+DPu3l05Z099h1tr6yj+SkkZ6pmF9OcrFNRnMCrZhxJxyPKKisZajdxAvBoz+ikmsZ\/BCSmnQ61Eu5yOCsv+F8X9FwMcOSSfM\/gM6Npyw6H\/YXQPZ8t2sCE2IBHsEDX7WVfAILiSY65IHG2B3Ii5XnEEvY7E="}
cache_ttl value is correct

Refresh Ad Rate value is correct
mode value is set

 Aspect ratio value is correct
sentry_log value is set
local_logging value is set
sentry_initialization value is set
sentry_debugging value is set
showPreRewardedDialogue value is set
showPostRewardedDialogue value is set
isSkipable value is set
{"cache_ttl":10080,"cache_ttl_rewarded":10080,"cache_ttl_banner":10080,"cache_ttl_native":10080,"cache_ttl_icon":10080,"refreshAdRate":30,"mode":"Production","aspectRatio":"4_3","cdnPath":"https:\/\/df8ymybeo92md.cloudfront.net\/images\/","sentry_log":0,"local_logging":0,"sentry_dsn":"https:\/\/93ffa1c9a4124f67b8888a53265f751a:bbf998e04584477fa9a145838e9d3b26@sentry.io\/168994","sentry_initialization":1,"sentry_debugging":0,"bannerSizes":[],"aspectRatioVideo":"16_9","app_id":"2480","showPreRewardedDialogue":0,"showPostRewardedDialogue":0,"rewardCurrency":"coins","rewardValue":0,"isSkipable":0,"privacyPolicyURL":"https:\/\/www.consoliads.com\/privacy-policy\/","sessionToken":"xyr16FCSOiSQYcpBsxHXNoPH2yGTYT\/qmcXBtSLgUeER7TbLCa4Abdy3hKta22zJ\/aY6vQTK4y70LzBaTihM+G2vVR8lHUeKqFlBGsANnS8xDv097ClDHoChBf+VLvREyMqIFSHdJH9ubS54PdM1\/yBUoQlu6kleqB1xR8ICWOA="}
Session token value is set


{"appKey":"8417aa110173549083015865620d6db3","deviceID":"9186","stats":[{"campaignID":192,"packageID":"com.gamefeast.offroadtruck.mechanic.garage","sceneStats":[{"sceneID":"23","eventStats":"391,291,191,91,91,0,0"}]}],"sdkVersion":"39","sessionToken":"xyr16FCSOiSQYcpBsxHXNoPH2yGTYT\/qmcXBtSLgUeER7TbLCa4Abdy3hKta22zJ\/aY6vQTK4y70LzBaTihM+G2vVR8lHUeKqFlBGsANnS8xDv097ClDHoChBf+VLvREyMqIFSHdJH9ubS54PdM1\/yBUoQlu6kleqB1xR8ICWOA="}
cache_ttl value is correct

Refresh Ad Rate value is correct
mode value is set

 Aspect ratio value is correct
sentry_log value is set
local_logging value is set
sentry_initialization value is set
sentry_debugging value is set
showPreRewardedDialogue value is set
showPostRewardedDialogue value is set
isSkipable value is set
{"cache_ttl":10080,"cache_ttl_rewarded":10080,"cache_ttl_banner":10080,"cache_ttl_native":10080,"cache_ttl_icon":10080,"campaigns":[{"campaignID":"8378","attribution":0,"priority":"8","appToPromote":{"appToPromoteID":"16480","usesDefaultFrameImage":"0","usesDefaultCloseImage":"0","marketURL":"https:\/\/play.google.com\/store\/apps\/details?id=com.nag.home.manager.working.virtual.mom","packageID":"com.GSS317.AmazingFamily"},"showTemplate":1,"s2s_tracking_url":"https:\/\/play.google.com\/store\/apps\/details?id=com.nag.home.manager.working.virtual.mom","activeCreativeID":"3720","scenes":["12","1","8","6","15","2"],"campaignAdType":"Interstitial","productId":"","purchaseBit":0,"licenseKey":""},{"campaignID":"9547","attribution":0,"priority":"8","appToPromote":{"appToPromoteID":"11879","usesDefaultFrameImage":"0","usesDefaultCloseImage":"0","marketURL":"https:\/\/play.google.com\/store\/apps\/details?id=com.buntoo.car.racing.games","packageID":"com.buntoo.car.racing.games"},"showTemplate":1,"s2s_tracking_url":"https:\/\/play.google.com\/store\/apps\/details?id=com.buntoo.car.racing.games","activeCreativeID":"4964","scenes":["12","1","8","6","15","2"],"campaignAdType":"Interstitial","productId":"","purchaseBit":0,"licenseKey":""},{"campaignID":"9586","attribution":0,"priority":"8","appToPromote":{"appToPromoteID":"515","usesDefaultFrameImage":"1","usesDefaultCloseImage":"1","marketURL":"https:\/\/play.google.com\/store\/apps\/details?id=com.plum.cash.counter.simualtor","packageID":"com.plum.cash.counter.simualtor"},"showTemplate":1,"s2s_tracking_url":"https:\/\/play.google.com\/store\/apps\/details?id=com.plum.cash.counter.simualtor","activeCreativeID":"50","scenes":["12","1","8","6","15","2"],"campaignAdType":"Interstitial","productId":"","purchaseBit":0,"licenseKey":""},{"campaignID":"9587","attribution":0,"priority":"8","appToPromote":{"appToPromoteID":"515","usesDefaultFrameImage":"1","usesDefaultCloseImage":"1","marketURL":"https:\/\/play.google.com\/store\/apps\/details?id=com.plum.cash.counter.simualtor","packageID":"com.plum.cash.counter.simualtor"},"showTemplate":1,"s2s_tracking_url":"https:\/\/play.google.com\/store\/apps\/details?id=com.plum.cash.counter.simualtor","activeCreativeID":"50","scenes":["12","1","8","6","15","2"],"campaignAdType":"Interstitial","productId":"","purchaseBit":0,"licenseKey":""},{"campaignID":"9588","attribution":0,"priority":"8","appToPromote":{"appToPromoteID":"515","usesDefaultFrameImage":"1","usesDefaultCloseImage":"1","marketURL":"https:\/\/play.google.com\/store\/apps\/details?id=com.plum.cash.counter.simualtor","packageID":"com.plum.cash.counter.simualtor"},"showTemplate":1,"s2s_tracking_url":"https:\/\/play.google.com\/store\/apps\/details?id=com.plum.cash.counter.simualtor","activeCreativeID":"50","scenes":["12","1","8","6","15","2"],"campaignAdType":"Interstitial","productId":"","purchaseBit":0,"licenseKey":""},{"campaignID":"9589","attribution":0,"priority":"8","appToPromote":{"appToPromoteID":"515","usesDefaultFrameImage":"1","usesDefaultCloseImage":"1","marketURL":"https:\/\/play.google.com\/store\/apps\/details?id=com.plum.cash.counter.simualtor","packageID":"com.plum.cash.counter.simualtor"},"showTemplate":1,"s2s_tracking_url":"https:\/\/play.google.com\/store\/apps\/details?id=com.plum.cash.counter.simualtor","activeCreativeID":"50","scenes":["12","1","8","6","15","2"],"campaignAdType":"Interstitial","productId":"","purchaseBit":0,"licenseKey":""},{"campaignID":"9131","attribution":0,"priority":"8","appToPromote":{"appToPromoteID":"17532","usesDefaultFrameImage":"0","usesDefaultCloseImage":"0","marketURL":"https:\/\/play.google.com\/store\/apps\/details?id=com.dhgate.buyermob","packageID":"com.dhgate.buyermob"},"showTemplate":1,"s2s_tracking_url":"https:\/\/tha.gotrackier.com\/click?campaign_id=63254\\u0026pub_id=75?p1=2521_9131_9186&amp;source=6841&amp;app_name=OffRoadTruckMechanicGarage&amp;gaid=9186","activeCreativeID":"4483","scenes":["12","1","8","6","15","2"],"campaignAdType":"Interstitial","productId":"","purchaseBit":0,"licenseKey":""},{"campaignID":"8380","attribution_link":"","attribution":1,"priority":"7","appToPromote":{"appToPromoteID":"16480","usesDefaultFrameImage":"0","usesDefaultCloseImage":"0","marketURL":"https:\/\/play.google.com\/store\/apps\/details?id=com.nag.home.manager.working.virtual.mom","packageID":"com.GSS317.AmazingFamily"},"showTemplate":1,"s2s_tracking_url":"","activeCreativeID":"3720","scenes":["12","1","8","6","15","2"],"campaignAdType":"Interstitial","productId":"","purchaseBit":0,"licenseKey":""},{"campaignID":"444","attribution":0,"priority":"6","appToPromote":{"appToPromoteID":"3355","usesDefaultFrameImage":"0","usesDefaultCloseImage":"0","marketURL":"https:\/\/play.google.com\/store\/apps\/details?id=com.popnsons.parkour.mouse","packageID":"com.popnsons.parkour.mouse"},"showTemplate":1,"s2s_tracking_url":"https:\/\/play.google.com\/store\/apps\/details?id=com.popnsons.parkour.mouse","activeCreativeID":"469","scenes":["12","1","8","6","15","2"],"campaignAdType":"Interstitial","productId":"","purchaseBit":0,"licenseKey":""},{"campaignID":"561","attribution":0,"priority":"6","appToPromote":{"appToPromoteID":"5026","usesDefaultFrameImage":"0","usesDefaultCloseImage":"0","marketURL":"https:\/\/play.google.com\/store\/apps\/details?id=com.as.cashupapp","packageID":"com.as.cashupapp"},"showTemplate":1,"s2s_tracking_url":"https:\/\/play.google.com\/store\/apps\/details?id=com.as.cashupapp","activeCreativeID":"652","scenes":["12","1","8","6","15","2"],"campaignAdType":"Interstitial","productId":"","purchaseBit":0,"licenseKey":""},{"campaignID":"570","attribution":0,"priority":"6","appToPromote":{"appToPromoteID":"3802","usesDefaultFrameImage":"0","usesDefaultCloseImage":"0","marketURL":"https:\/\/play.google.com\/store\/apps\/details?id=com.Madxstudios.Flickshootsoccer","packageID":"com.Madxstudios.Flickshootsoccer"},"showTemplate":1,"s2s_tracking_url":"https:\/\/play.google.com\/store\/apps\/details?id=com.Madxstudios.Flickshootsoccer","activeCreativeID":"661","scenes":["12","1","8","6","15","2"],"campaignAdType":"Interstitial","productId":"","purchaseBit":0,"licenseKey":""},{"campaignID":"588","attribution":0,"priority":"6","appToPromote":{"appToPromoteID":"5026","usesDefaultFrameImage":"0","usesDefaultCloseImage":"0","marketURL":"https:\/\/play.google.com\/store\/apps\/details?id=com.as.cashupapp","packageID":"com.as.cashupapp"},"showTemplate":1,"s2s_tracking_url":"https:\/\/play.google.com\/store\/apps\/details?id=com.as.cashupapp","activeCreativeID":"652","scenes":["12","1","8","6","15","2"],"campaignAdType":"Interstitial","productId":"","purchaseBit":0,"licenseKey":""},{"campaignID":"8808","attribution_link":"","attribution":1,"priority":"5","appToPromote":{"appToPromoteID":"16528","usesDefaultFrameImage":"0","usesDefaultCloseImage":"0","marketURL":"https:\/\/play.google.com\/store\/apps\/details?id=com.bag.farm.day.village.farming.games","packageID":"com.GSS317.com.bag.farm.day.village.farming.games"},"showTemplate":1,"s2s_tracking_url":"","activeCreativeID":"3775","scenes":["12","1","8","6","15","2"],"campaignAdType":"Interstitial","productId":"","purchaseBit":0,"licenseKey":""},{"campaignID":"8973","attribution":0,"priority":"5","appToPromote":{"appToPromoteID":"15974","usesDefaultFrameImage":"0","usesDefaultCloseImage":"0","marketURL":"https:\/\/play.google.com\/store\/apps\/details?id=com.mustardgames.bmx.cycle.stunt.mega.ramp.impossibletracks","packageID":"com.mustardgames.bmx.cycle.stunt.mega.ramp.impossibletracks"},"showTemplate":1,"s2s_tracking_url":"https:\/\/play.google.com\/store\/apps\/details?id=com.mustardgames.bmx.cycle.stunt.mega.ramp.impossibletracks","activeCreativeID":"4339","scenes":["12","1","8","6","15","2"],"campaignAdType":"Interstitial","productId":"","purchaseBit":0,"licenseKey":""},{"campaignID":"557","attribution":0,"priority":"4","appToPromote":{"appToPromoteID":"4959","usesDefaultFrameImage":"0","usesDefaultCloseImage":"0","marketURL":"https:\/\/play.google.com\/store\/apps\/details?id=com.jet.plane.surfers.joyride.dash","packageID":"com.jet.plane.surfers.joyride.dash"},"showTemplate":1,"s2s_tracking_url":"https:\/\/play.google.com\/store\/apps\/details?id=com.jet.plane.surfers.joyride.dash","activeCreativeID":"645","scenes":["12","1","8","6","15","2"],"campaignAdType":"Interstitial","productId":"","purchaseBit":0,"licenseKey":""},{"campaignID":"414","attribution":0,"priority":"3","appToPromote":{"appToPromoteID":"3023","usesDefaultFrameImage":"0","usesDefaultCloseImage":"0","marketURL":"https:\/\/play.google.com\/store\/apps\/details?id=com.appricot2d.rolo.pet.parrot","packageID":"com.appricot2d.rolo.pet.parrot"},"showTemplate":1,"s2s_tracking_url":"https:\/\/play.google.com\/store\/apps\/details?id=com.appricot2d.rolo.pet.parrot","activeCreativeID":"385","scenes":["12","1","8","6","15","2"],"campaignAdType":"Interstitial","productId":"","purchaseBit":0,"licenseKey":""},{"campaignID":"559","attribution":0,"priority":"3","appToPromote":{"appToPromoteID":"3476","usesDefaultFrameImage":"0","usesDefaultCloseImage":"0","marketURL":"https:\/\/play.google.com\/store\/apps\/details?id=com.perspectivegames.real.impossible.tracks.stunts","packageID":"com.perspectivegames.real.impossible.tracks.stunts"},"showTemplate":1,"s2s_tracking_url":"https:\/\/play.google.com\/store\/apps\/details?id=com.perspectivegames.real.impossible.tracks.stunts","activeCreativeID":"649","scenes":["12","1","8","6","15","2"],"campaignAdType":"Interstitial","productId":"","purchaseBit":0,"licenseKey":""},{"campaignID":"741","attribution":0,"priority":"3","appToPromote":{"appToPromoteID":"5609","usesDefaultFrameImage":"0","usesDefaultCloseImage":"0","marketURL":"https:\/\/play.google.com\/store\/apps\/details?id=com.kick.gyroscopic.city.train.driver.simulator","packageID":"com.kick.gyroscopic.city.train.driver.simulator"},"showTemplate":1,"s2s_tracking_url":"https:\/\/play.google.com\/store\/apps\/details?id=com.kick.gyroscopic.city.train.driver.simulator","activeCreativeID":"753","scenes":["12","1","8","6","15","2"],"campaignAdType":"Interstitial","productId":"","purchaseBit":0,"licenseKey":""},{"campaignID":"798","attribution":0,"priority":"3","appToPromote":{"appToPromoteID":"5770","usesDefaultFrameImage":"0","usesDefaultCloseImage":"0","marketURL":"https:\/\/play.google.com\/store\/apps\/details?id=com.simulatorgames3d.alohacelebrations","packageID":"com.simulatorgames3d.alohacelebrations"},"showTemplate":1,"s2s_tracking_url":"https:\/\/play.google.com\/store\/apps\/details?id=com.simulatorgames3d.alohacelebrations","activeCreativeID":"787","scenes":["12","1","8","6","15","2"],"campaignAdType":"Interstitial","productId":"","purchaseBit":0,"licenseKey":""},{"campaignID":"1483","attribution":0,"priority":"3","appToPromote":{"appToPromoteID":"1714","usesDefaultFrameImage":"1","usesDefaultCloseImage":"1","marketURL":"https:\/\/play.google.com\/store\/apps\/details?id=com.playink.cookie.maker","packageID":"com.playink.cookie.maker"},"showTemplate":1,"s2s_tracking_url":"https:\/\/play.google.com\/store\/apps\/details?id=com.playink.cookie.maker","activeCreativeID":"1020","scenes":["12","1","8","6","15","2"],"campaignAdType":"Interstitial","productId":"","purchaseBit":0,"licenseKey":""},{"campaignID":"8762","attribution":0,"priority":"2","appToPromote":{"appToPromoteID":"13265","usesDefaultFrameImage":"0","usesDefaultCloseImage":"0","marketURL":"https:\/\/play.google.com\/store\/apps\/details?id=com.rhg.tricky.bike.stunt.moto.master","packageID":"com.rhg.tricky.bike.stunt.moto.master"},"showTemplate":1,"s2s_tracking_url":"https:\/\/play.google.com\/store\/apps\/details?id=com.rhg.tricky.bike.stunt.moto.master","activeCreativeID":"4121","scenes":["12","1","8","6","15","2"],"campaignAdType":"Rewarded Video","productId":"","purchaseBit":0,"licenseKey":""},{"campaignID":"9366","attribution":0,"priority":"2","appToPromote":{"appToPromoteID":"17602","usesDefaultFrameImage":"0","usesDefaultCloseImage":"0","marketURL":"https:\/\/play.google.com\/store\/apps\/details?id=com.abaenglish.videoclass&amp;referrer=utm_source=42matters.com&amp;utm_medium=api","packageID":"com.abaenglish.videoclass"},"showTemplate":1,"s2s_tracking_url":"https:\/\/play.google.com\/store\/apps\/details?id=com.abaenglish.videoclass&amp;referrer=utm_source=42matters.com&amp;utm_medium=api","activeCreativeID":"4815","scenes":["12","1","8","6","15","2"],"campaignAdType":"Interstitial","productId":"","purchaseBit":0,"licenseKey":""}],"refreshAdRate":30,"mode":"Production","aspectRatio":"4_3","cdnPath":"https:\/\/df8ymybeo92md.cloudfront.net\/images\/","sentry_log":0,"local_logging":0,"sentry_dsn":"https:\/\/93ffa1c9a4124f67b8888a53265f751a:bbf998e04584477fa9a145838e9d3b26@sentry.io\/168994","sentry_initialization":1,"sentry_debugging":0,"bannerSizes":["5"],"aspectRatioVideo":"16_9","app_id":"2521","showPreRewardedDialogue":0,"showPostRewardedDialogue":0,"rewardCurrency":"coins","rewardValue":0,"isSkipable":0,"privacyPolicyURL":"https:\/\/www.consoliads.com\/privacy-policy\/","sessionToken":"m80CuMcSD61kcPcjy4RfT7SQ9HwXwkosRhGuJ9JmAs0moKbfPVqf02E9lWOugVNLdODgVjrHAsFxZ87z0DZeXk5OariRmu72o\/QO9AOBIF0QE13wpzKNTMuaYAa20SuZono9Z\/wKcNw9O+fmAut6n6plbA0Aw5qpv2PziwZH3ys="}
Session token value is set


{"appKey":"9bfb78f6a7b11d99e8e05f5d9ad5562d","deviceID":"4073","stats":[{"campaignID":201,"packageID":"com.whitesand.pit.stop.car.mechanic","sceneStats":[{"sceneID":"11","eventStats":"341,241,141,41,41,0,0"}]}],"sdkVersion":"2286","sessionToken":"m80CuMcSD61kcPcjy4RfT7SQ9HwXwkosRhGuJ9JmAs0moKbfPVqf02E9lWOugVNLdODgVjrHAsFxZ87z0DZeXk5OariRmu72o\/QO9AOBIF0QE13wpzKNTMuaYAa20SuZono9Z\/wKcNw9O+fmAut6n6plbA0Aw5qpv2PziwZH3ys="}
cache_ttl value is correct

Title value is correct

Title value is correct

Title value is correct

Title value is correct

Title value is correct

Title value is correct

Refresh Ad Rate value is correct
mode value is set

 Aspect ratio value is correct
sentry_log value is set
local_logging value is set
sentry_initialization value is set
sentry_debugging value is set
showPreRewardedDialogue value is set
showPostRewardedDialogue value is set
isSkipable value is set
{"cache_ttl":10080,"cache_ttl_rewarded":10080,"cache_ttl_banner":10080,"cache_ttl_native":10080,"cache_ttl_icon":10080,"campaigns":[{"campaignID":"9017","attribution":0,"priority":"5","appToPromote":{"appToPromoteID":"12567","usesDefaultFrameImage":"0","usesDefaultCloseImage":"0","marketURL":"https:\/\/play.google.com\/store\/apps\/details?id=com.deg.desert.car.destruction.derby.crash.stunts.racing","packageID":"com.deg.desert.car.destruction.derby.crash.stunts.racing"},"showTemplate":1,"s2s_tracking_url":"https:\/\/play.google.com\/store\/apps\/details?id=com.deg.desert.car.destruction.derby.crash.stunts.racing","activeCreativeID":"4381","scenes":["27","1","2","3","4","5","6","7","8","9","10","11","12","13","14","15","21","24"],"campaignAdType":"Icon","productId":"","purchaseBit":0,"licenseKey":""},{"campaignID":"9376","attribution":2,"priority":"5","appToPromote":{"appToPromoteID":"13421","usesDefaultFrameImage":"0","usesDefaultCloseImage":"0","marketURL":"http:\/\/www.google.com","packageID":"com.appricot2d.testt"},"showTemplate":1,"s2s_tracking_url":"http:\/\/www.google.com","activeCreativeID":"4680","scenes":["27","1","2","3","4","5","6","7","8","9","10","11","12","13","14","15","21","24"],"campaignAdType":"Interstitial","productId":"","purchaseBit":0,"licenseKey":""},{"campaignID":"9385","attribution":0,"priority":"5","appToPromote":{"appToPromoteID":"9497","usesDefaultFrameImage":"0","usesDefaultCloseImage":"0","marketURL":"https:\/\/play.google.com\/store\/apps\/details?id=com.appricot2d.barber.shop.hair.salon.hair.cutting.games","packageID":"com.appricot2d.barber.shop.hair.salon.hair.cutting.games"},"showTemplate":1,"s2s_tracking_url":"https:\/\/play.google.com\/store\/apps\/details?id=com.appricot2d.barber.shop.hair.salon.hair.cutting.games","activeCreativeID":"4572","scenes":["27","1","2","3","4","5","6","7","8","9","10","11","12","13","14","15","21","24"],"campaignAdType":"Interstitial","productId":"","purchaseBit":0,"licenseKey":""},{"campaignID":"7297","attribution":0,"priority":"5","appToPromote":{"appToPromoteID":"11734","usesDefaultFrameImage":"0","usesDefaultCloseImage":"0","marketURL":"https:\/\/play.google.com\/store\/apps\/details?id=com.appricot2d.cooking.restaurent.food.chef.kitchen.game","packageID":"com.appricot2d.cooking.restaurent.food.chef.kitchen.game"},"showTemplate":1,"s2s_tracking_url":"https:\/\/play.google.com\/store\/apps\/details?id=com.appricot2d.cooking.restaurent.food.chef.kitchen.game","activeCreativeID":"2436","scenes":["27","1","2","3","4","5","6","7","8","9","10","11","12","13","14","15","21","24"],"campaignAdType":"Interstitial","productId":"","purchaseBit":0,"licenseKey":""},{"campaignID":"7298","attribution":0,"priority":"5","appToPromote":{"appToPromoteID":"11734","usesDefaultFrameImage":"0","usesDefaultCloseImage":"0","marketURL":"https:\/\/play.google.com\/store\/apps\/details?id=com.appricot2d.cooking.restaurent.food.chef.kitchen.game","packageID":"com.appricot2d.cooking.restaurent.food.chef.kitchen.game"},"showTemplate":1,"s2s_tracking_url":"https:\/\/play.google.com\/store\/apps\/details?id=com.appricot2d.cooking.restaurent.food.chef.kitchen.game","activeCreativeID":"2437","scenes":["27","1","2","3","4","5","6","7","8","9","10","11","12","13","14","15","21","24"],"campaignAdType":"Icon","productId":"","purchaseBit":0,"licenseKey":""},{"campaignID":"8691","attribution":0,"priority":"5","appToPromote":{"appToPromoteID":"16801","usesDefaultFrameImage":"0","usesDefaultCloseImage":"0","marketURL":"https:\/\/play.google.com\/store\/apps\/details?id=com.yhi.robot.flying.bike.taxi.simulator.games","packageID":"com.yhi.robot.flying.bike.taxi.simulator.games"},"showTemplate":1,"s2s_tracking_url":"https:\/\/play.google.com\/store\/apps\/details?id=com.yhi.robot.flying.bike.taxi.simulator.games","activeCreativeID":"4051","scenes":["1"],"campaignAdType":"Icon","productId":"","purchaseBit":0,"licenseKey":""},{"campaignID":"8378","attribution":0,"priority":"8","appToPromote":{"appToPromoteID":"16480","usesDefaultFrameImage":"0","usesDefaultCloseImage":"0","marketURL":"https:\/\/play.google.com\/store\/apps\/details?id=com.nag.home.manager.working.virtual.mom","packageID":"com.GSS317.AmazingFamily"},"showTemplate":1,"s2s_tracking_url":"https:\/\/play.google.com\/store\/apps\/details?id=com.nag.home.manager.working.virtual.mom","activeCreativeID":"3720","scenes":["27","1","2","3","4","5","6","7","8","9","10","11","12","13","14","15","21","24"],"campaignAdType":"Interstitial","productId":"","purchaseBit":0,"licenseKey":""},{"campaignID":"9252","attribution":0,"priority":"8","appToPromote":{"appToPromoteID":"12315","usesDefaultFrameImage":"0","usesDefaultCloseImage":"0","marketURL":"google.com","packageID":"com.qabrand.plnative"},"showTemplate":1,"s2s_tracking_url":"google.com","activeCreativeID":"4683","scenes":["27","1","2","3","4","5","6","7","8","9","10","11","12","13","14","15","21","24"],"campaignAdType":"Native","title":"Native first","subTitle":"First ","description":"New description","adClickThroughText":"FIRST Button","productId":"","purchaseBit":0,"licenseKey":""},{"campaignID":"9253","attribution":0,"priority":"8","appToPromote":{"appToPromoteID":"12315","usesDefaultFrameImage":"0","usesDefaultCloseImage":"0","marketURL":"google.com","packageID":"com.qabrand.plnative"},"showTemplate":1,"s2s_tracking_url":"google.com","activeCreativeID":"4683","scenes":["27","1","2","3","4","5","6","7","8","9","10","11","12","13","14","15","21","24"],"campaignAdType":"Native","title":"Native first","subTitle":"First ","description":"New description","adClickThroughText":"FIRST Button","productId":"","purchaseBit":0,"licenseKey":""},{"campaignID":"9255","attribution":0,"priority":"8","appToPromote":{"appToPromoteID":"13274","usesDefaultFrameImage":"0","usesDefaultCloseImage":"0","marketURL":"https:\/\/play.google.com\/store\/apps\/details?id=com.facebook.katana","packageID":"com.salon.adsalon"},"showTemplate":1,"s2s_tracking_url":"https:\/\/play.google.com\/store\/apps\/details?id=com.facebook.katana","activeCreativeID":"4685","scenes":["27","1","2","3","4","5","6","7","8","9","10","11","12","13","14","15","21","24"],"campaignAdType":"Native","title":"native NA ","subTitle":"native NA ","description":"native NA added","adClickThroughText":"native NA ","productId":"","purchaseBit":0,"licenseKey":""},{"campaignID":"9257","attribution":0,"priority":"8","appToPromote":{"appToPromoteID":"12286","usesDefaultFrameImage":"0","usesDefaultCloseImage":"0","marketURL":"google.com","packageID":"com.qabrand.Chartboost_Native"},"showTemplate":1,"s2s_tracking_url":"google.com","activeCreativeID":"4688","scenes":["27","1","2","3","4","5","6","7","8","9","10","11","12","13","14","15","21","24"],"campaignAdType":"Native","title":"Native second updated","subTitle":"Native second ","description":"Native second details","adClickThroughText":"Native second ","productId":"","purchaseBit":0,"licenseKey":""},{"campaignID":"9263","attribution":0,"priority":"8","appToPromote":{"appToPromoteID":"12315","usesDefaultFrameImage":"0","usesDefaultCloseImage":"0","marketURL":"google.com","packageID":"com.qabrand.plnative"},"showTemplate":1,"s2s_tracking_url":"google.com","activeCreativeID":"4694","scenes":["27","1","2","3","4","5","6","7","8","9","10","11","12","13","14","15","21","24"],"campaignAdType":"Native","title":"test","subTitle":"test","description":" test details update","adClickThroughText":"test","productId":"","purchaseBit":0,"licenseKey":""},{"campaignID":"9547","attribution":0,"priority":"8","appToPromote":{"appToPromoteID":"11879","usesDefaultFrameImage":"0","usesDefaultCloseImage":"0","marketURL":"https:\/\/play.google.com\/store\/apps\/details?id=com.buntoo.car.racing.games","packageID":"com.buntoo.car.racing.games"},"showTemplate":1,"s2s_tracking_url":"https:\/\/play.google.com\/store\/apps\/details?id=com.buntoo.car.racing.games","activeCreativeID":"4964","scenes":["27","1","2","3","4","5","6","7","8","9","10","11","12","13","14","15","21","24"],"campaignAdType":"Interstitial","productId":"","purchaseBit":0,"licenseKey":""},{"campaignID":"9127","attribution":0,"priority":"8","appToPromote":{"appToPromoteID":"17528","usesDefaultFrameImage":"0","usesDefaultCloseImage":"0","marketURL":"https:\/\/play.google.com\/store\/apps\/details?id=net.one97.paytm","packageID":"net.one97.paytm"},"showTemplate":1,"s2s_tracking_url":"https:\/\/tha.gotrackier.com\/click?campaign_id=63249\\u0026pub_id=75?p1=2504_9127_4073&amp;source=6841&amp;app_name=PitStopCarMechanic&amp;gaid=4073","activeCreativeID":"4788","scenes":["27","1","2","3","4","5","6","7","8","9","10","11","12","13","14","15","21","24"],"campaignAdType":"Native","title":"BCA","subTitle":"FW","description":"nope","adClickThroughText":"Link","productId":"","purchaseBit":0,"licenseKey":""},{"campaignID":"9131","attribution":0,"priority":"8","appToPromote":{"appToPromoteID":"17532","usesDefaultFrameImage":"0","usesDefaultCloseImage":"0","marketURL":"https:\/\/play.google.com\/store\/apps\/details?id=com.dhgate.buyermob","packageID":"com.dhgate.buyermob"},"showTemplate":1,"s2s_tracking_url":"https:\/\/tha.gotrackier.com\/click?campaign_id=63254\\u0026pub_id=75?p1=2504_9131_4073&amp;source=6841&amp;app_name=PitStopCarMechanic&amp;gaid=4073","activeCreativeID":"4483","scenes":["27","1","2","3","4","5","6","7","8","9","10","11","12","13","14","15","21","24"],"campaignAdType":"Interstitial","productId":"","purchaseBit":0,"licenseKey":""},{"campaignID":"8380","attribution_link":"","attribution":1,"priority":"7","appToPromote":{"appToPromoteID":"16480","usesDefaultFrameImage":"0","usesDefaultCloseImage":"0","marketURL":"https:\/\/play.google.com\/store\/apps\/details?id=com.nag.home.manager.working.virtual.mom","packageID":"com.GSS317.AmazingFamily"},"showTemplate":1,"s2s_tracking_url":"","activeCreativeID":"3720","scenes":["27","1","2","3","4","5","6","7","8","9","10","11","12","13","14","15","21","24"],"campaignAdType":"Interstitial","productId":"","purchaseBit":0,"licenseKey":""},{"campaignID":"444","attribution":0,"priority":"6","appToPromote":{"appToPromoteID":"3355","usesDefaultFrameImage":"0","usesDefaultCloseImage":"0","marketURL":"https:\/\/play.google.com\/store\/apps\/details?id=com.popnsons.parkour.mouse","packageID":"com.popnsons.parkour.mouse"},"showTemplate":1,"s2s_tracking_url":"https:\/\/play.google.com\/store\/apps\/details?id=com.popnsons.parkour.mouse","activeCreativeID":"469","scenes":["27","1","2","3","4","5","6","7","8","9","10","11","12","13","14","15","21","24"],"campaignAdType":"Interstitial","productId":"","purchaseBit":0,"licenseKey":""},{"campaignID":"561","attribution":0,"priority":"6","appToPromote":{"appToPromoteID":"5026","usesDefaultFrameImage":"0","usesDefaultCloseImage":"0","marketURL":"https:\/\/play.google.com\/store\/apps\/details?id=com.as.cashupapp","packageID":"com.as.cashupapp"},"showTemplate":1,"s2s_tracking_url":"https:\/\/play.google.com\/store\/apps\/details?id=com.as.cashupapp","activeCreativeID":"652","scenes":["27","1","2","3","4","5","6","7","8","9","10","11","12","13","14","15","21","24"],"campaignAdType":"Interstitial","productId":"","purchaseBit":0,"licenseKey":""},{"campaignID":"570","attribution":0,"priority":"6","appToPromote":{"appToPromoteID":"3802","usesDefaultFrameImage":"0","usesDefaultCloseImage":"0","marketURL":"https:\/\/play.google.com\/store\/apps\/details?id=com.Madxstudios.Flickshootsoccer","packageID":"com.Madxstudios.Flickshootsoccer"},"showTemplate":1,"s2s_tracking_url":"https:\/\/play.google.com\/store\/apps\/details?id=com.Madxstudios.Flickshootsoccer","activeCreativeID":"661","scenes":["27","1","2","3","4","5","6","7","8","9","10","11","12","13","14","15","21","24"],"campaignAdType":"Interstitial","productId":"","purchaseBit":0,"licenseKey":""},{"campaignID":"588","attribution":0,"priority":"6","appToPromote":{"appToPromoteID":"5026","usesDefaultFrameImage":"0","usesDefaultCloseImage":"0","marketURL":"https:\/\/play.google.com\/store\/apps\/details?id=com.as.cashupapp","packageID":"com.as.cashupapp"},"showTemplate":1,"s2s_tracking_url":"https:\/\/play.google.com\/store\/apps\/details?id=com.as.cashupapp","activeCreativeID":"652","scenes":["27","1","2","3","4","5","6","7","8","9","10","11","12","13","14","15","21","24"],"campaignAdType":"Interstitial","productId":"","purchaseBit":0,"licenseKey":""},{"campaignID":"8808","attribution_link":"","attribution":1,"priority":"5","appToPromote":{"appToPromoteID":"16528","usesDefaultFrameImage":"0","usesDefaultCloseImage":"0","marketURL":"https:\/\/play.google.com\/store\/apps\/details?id=com.bag.farm.day.village.farming.games","packageID":"com.GSS317.com.bag.farm.day.village.farming.games"},"showTemplate":1,"s2s_tracking_url":"","activeCreativeID":"3775","scenes":["27","1","2","3","4","5","6","7","8","9","10","11","12","13","14","15","21","24"],"campaignAdType":"Interstitial","productId":"","purchaseBit":0,"licenseKey":""},{"campaignID":"8973","attribution":0,"priority":"5","appToPromote":{"appToPromoteID":"15974","usesDefaultFrameImage":"0","usesDefaultCloseImage":"0","marketURL":"https:\/\/play.google.com\/store\/apps\/details?id=com.mustardgames.bmx.cycle.stunt.mega.ramp.impossibletracks","packageID":"com.mustardgames.bmx.cycle.stunt.mega.ramp.impossibletracks"},"showTemplate":1,"s2s_tracking_url":"https:\/\/play.google.com\/store\/apps\/details?id=com.mustardgames.bmx.cycle.stunt.mega.ramp.impossibletracks","activeCreativeID":"4339","scenes":["27","1","2","3","4","5","6","7","8","9","10","11","12","13","14","15","21","24"],"campaignAdType":"Interstitial","productId":"","purchaseBit":0,"licenseKey":""},{"campaignID":"557","attribution":0,"priority":"4","appToPromote":{"appToPromoteID":"4959","usesDefaultFrameImage":"0","usesDefaultCloseImage":"0","marketURL":"https:\/\/play.google.com\/store\/apps\/details?id=com.jet.plane.surfers.joyride.dash","packageID":"com.jet.plane.surfers.joyride.dash"},"showTemplate":1,"s2s_tracking_url":"https:\/\/play.google.com\/store\/apps\/details?id=com.jet.plane.surfers.joyride.dash","activeCreativeID":"645","scenes":["27","1","2","3","4","5","6","7","8","9","10","11","12","13","14","15","21","24"],"campaignAdType":"Interstitial","productId":"","purchaseBit":0,"licenseKey":""},{"campaignID":"559","attribution":0,"priority":"3","appToPromote":{"appToPromoteID":"3476","usesDefaultFrameImage":"0","usesDefaultCloseImage":"0","marketURL":"https:\/\/play.google.com\/store\/apps\/details?id=com.perspectivegames.real.impossible.tracks.stunts","packageID":"com.perspectivegames.real.impossible.tracks.stunts"},"showTemplate":1,"s2s_tracking_url":"https:\/\/play.google.com\/store\/apps\/details?id=com.perspectivegames.real.impossible.tracks.stunts","activeCreativeID":"649","scenes":["27","1","2","3","4","5","6","7","8","9","10","11","12","13","14","15","21","24"],"campaignAdType":"Interstitial","productId":"","purchaseBit":0,"licenseKey":""},{"campaignID":"741","attribution":0,"priority":"3","appToPromote":{"appToPromoteID":"5609","usesDefaultFrameImage":"0","usesDefaultCloseImage":"0","marketURL":"https:\/\/play.google.com\/store\/apps\/details?id=com.kick.gyroscopic.city.train.driver.simulator","packageID":"com.kick.gyroscopic.city.train.driver.simulator"},"showTemplate":1,"s2s_tracking_url":"https:\/\/play.google.com\/store\/apps\/details?id=com.kick.gyroscopic.city.train.driver.simulator","activeCreativeID":"753","scenes":["27","1","2","3","4","5","6","7","8","9","10","11","12","13","14","15","21","24"],"campaignAdType":"Interstitial","productId":"","purchaseBit":0,"licenseKey":""},{"campaignID":"798","attribution":0,"priority":"3","appToPromote":{"appToPromoteID":"5770","usesDefaultFrameImage":"0","usesDefaultCloseImage":"0","marketURL":"https:\/\/play.google.com\/store\/apps\/details?id=com.simulatorgames3d.alohacelebrations","packageID":"com.simulatorgames3d.alohacelebrations"},"showTemplate":1,"s2s_tracking_url":"https:\/\/play.google.com\/store\/apps\/details?id=com.simulatorgames3d.alohacelebrations","activeCreativeID":"787","scenes":["27","1","2","3","4","5","6","7","8","9","10","11","12","13","14","15","21","24"],"campaignAdType":"Interstitial","productId":"","purchaseBit":0,"licenseKey":""},{"campaignID":"8762","attribution":0,"priority":"2","appToPromote":{"appToPromoteID":"13265","usesDefaultFrameImage":"0","usesDefaultCloseImage":"0","marketURL":"https:\/\/play.google.com\/store\/apps\/details?id=com.rhg.tricky.bike.stunt.moto.master","packageID":"com.rhg.tricky.bike.stunt.moto.master"},"showTemplate":1,"s2s_tracking_url":"https:\/\/play.google.com\/store\/apps\/details?id=com.rhg.tricky.bike.stunt.moto.master","activeCreativeID":"4121","scenes":["27","1","2","3","4","5","6","7","8","9","10","11","12","13","14","15","21","24"],"campaignAdType":"Rewarded Video","productId":"","purchaseBit":0,"licenseKey":""},{"campaignID":"9366","attribution":0,"priority":"2","appToPromote":{"appToPromoteID":"17602","usesDefaultFrameImage":"0","usesDefaultCloseImage":"0","marketURL":"https:\/\/play.google.com\/store\/apps\/details?id=com.abaenglish.videoclass&amp;referrer=utm_source=42matters.com&amp;utm_medium=api","packageID":"com.abaenglish.videoclass"},"showTemplate":1,"s2s_tracking_url":"https:\/\/play.google.com\/store\/apps\/details?id=com.abaenglish.videoclass&amp;referrer=utm_source=42matters.com&amp;utm_medium=api","activeCreativeID":"4815","scenes":["27","1","2","3","4","5","6","7","8","9","10","11","12","13","14","15","21","24"],"campaignAdType":"Interstitial","productId":"","purchaseBit":0,"licenseKey":""},{"campaignID":"9367","attribution":0,"priority":"2","appToPromote":{"appToPromoteID":"17602","usesDefaultFrameImage":"0","usesDefaultCloseImage":"0","marketURL":"https:\/\/play.google.com\/store\/apps\/details?id=com.abaenglish.videoclass&amp;referrer=utm_source=42matters.com&amp;utm_medium=api","packageID":"com.abaenglish.videoclass"},"showTemplate":1,"s2s_tracking_url":"https:\/\/play.google.com\/store\/apps\/details?id=com.abaenglish.videoclass&amp;referrer=utm_source=42matters.com&amp;utm_medium=api","activeCreativeID":"4815","scenes":["27","1","2","3","4","5","6","7","8","9","10","11","12","13","14","15","21","24"],"campaignAdType":"Interstitial","productId":"","purchaseBit":0,"licenseKey":""},{"campaignID":"9368","attribution":0,"priority":"2","appToPromote":{"appToPromoteID":"17602","usesDefaultFrameImage":"0","usesDefaultCloseImage":"0","marketURL":"https:\/\/play.google.com\/store\/apps\/details?id=com.abaenglish.videoclass&amp;referrer=utm_source=42matters.com&amp;utm_medium=api","packageID":"com.abaenglish.videoclass"},"showTemplate":1,"s2s_tracking_url":"https:\/\/play.google.com\/store\/apps\/details?id=com.abaenglish.videoclass&amp;referrer=utm_source=42matters.com&amp;utm_medium=api","activeCreativeID":"4815","scenes":["27","1","2","3","4","5","6","7","8","9","10","11","12","13","14","15","21","24"],"campaignAdType":"Interstitial","productId":"","purchaseBit":0,"licenseKey":""},{"campaignID":"9369","attribution":0,"priority":"2","appToPromote":{"appToPromoteID":"17602","usesDefaultFrameImage":"0","usesDefaultCloseImage":"0","marketURL":"https:\/\/play.google.com\/store\/apps\/details?id=com.abaenglish.videoclass&amp;referrer=utm_source=42matters.com&amp;utm_medium=api","packageID":"com.abaenglish.videoclass"},"showTemplate":1,"s2s_tracking_url":"https:\/\/play.google.com\/store\/apps\/details?id=com.abaenglish.videoclass&amp;referrer=utm_source=42matters.com&amp;utm_medium=api","activeCreativeID":"4815","scenes":["27","1","2","3","4","5","6","7","8","9","10","11","12","13","14","15","21","24"],"campaignAdType":"Interstitial","productId":"","purchaseBit":0,"licenseKey":""}],"refreshAdRate":0,"mode":"Production","aspectRatio":"4_3","cdnPath":"https:\/\/df8ymybeo92md.cloudfront.net\/images\/","sentry_log":0,"local_logging":0,"sentry_dsn":"https:\/\/93ffa1c9a4124f67b8888a53265f751a:bbf998e04584477fa9a145838e9d3b26@sentry.io\/168994","sentry_initialization":1,"sentry_debugging":0,"bannerSizes":["1"],"aspectRatioVideo":"16_9","app_id":"2504","showPreRewardedDialogue":0,"showPostRewardedDialogue":0,"rewardCurrency":"coins","rewardValue":0,"isSkipable":0,"privacyPolicyURL":"https:\/\/www.consoliads.com\/privacy-policy\/","sessionToken":"mdBLRfqWQf2nwQvD2pXxIThF+KHe0WJ6059XR6R0F17ise6qpRIwvqZ6lpvaUFZ0vwSquGm\/0nwN5sTldTduuvKKfhi33wysUema\/vkKkf9JAYPfq9intC+lppjjugQuvg3BME75Bkz\/R104vwdTI+Tw50ja0jJhn\/Wtq76YnJo="}
Session token value is set


{"appKey":"9bfb78f6a7b11d99e8e05f5d9ad5562d","deviceID":"5578","stats":[{"campaignID":204,"packageID":"com.whitesand.pit.stop.car.mechanic","sceneStats":[{"sceneID":"14","eventStats":"356,256,156,56,56,0,0"}]}],"sdkVersion":"2286","sessionToken":"mdBLRfqWQf2nwQvD2pXxIThF+KHe0WJ6059XR6R0F17ise6qpRIwvqZ6lpvaUFZ0vwSquGm\/0nwN5sTldTduuvKKfhi33wysUema\/vkKkf9JAYPfq9intC+lppjjugQuvg3BME75Bkz\/R104vwdTI+Tw50ja0jJhn\/Wtq76YnJo="}
cache_ttl value is correct

Title value is correct

Title value is correct

Title value is correct

Title value is correct

Title value is correct

Title value is correct

Refresh Ad Rate value is correct
mode value is set

 Aspect ratio value is correct
sentry_log value is set
local_logging value is set
sentry_initialization value is set
sentry_debugging value is set
showPreRewardedDialogue value is set
showPostRewardedDialogue value is set
isSkipable value is set
{"cache_ttl":10080,"cache_ttl_rewarded":10080,"cache_ttl_banner":10080,"cache_ttl_native":10080,"cache_ttl_icon":10080,"campaigns":[{"campaignID":"9017","attribution":0,"priority":"5","appToPromote":{"appToPromoteID":"12567","usesDefaultFrameImage":"0","usesDefaultCloseImage":"0","marketURL":"https:\/\/play.google.com\/store\/apps\/details?id=com.deg.desert.car.destruction.derby.crash.stunts.racing","packageID":"com.deg.desert.car.destruction.derby.crash.stunts.racing"},"showTemplate":1,"s2s_tracking_url":"https:\/\/play.google.com\/store\/apps\/details?id=com.deg.desert.car.destruction.derby.crash.stunts.racing","activeCreativeID":"4381","scenes":["27","1","2","3","4","5","6","7","8","9","10","11","12","13","14","15","21","24"],"campaignAdType":"Icon","productId":"","purchaseBit":0,"licenseKey":""},{"campaignID":"9376","attribution":2,"priority":"5","appToPromote":{"appToPromoteID":"13421","usesDefaultFrameImage":"0","usesDefaultCloseImage":"0","marketURL":"http:\/\/www.google.com","packageID":"com.appricot2d.testt"},"showTemplate":1,"s2s_tracking_url":"http:\/\/www.google.com","activeCreativeID":"4680","scenes":["27","1","2","3","4","5","6","7","8","9","10","11","12","13","14","15","21","24"],"campaignAdType":"Interstitial","productId":"","purchaseBit":0,"licenseKey":""},{"campaignID":"9385","attribution":0,"priority":"5","appToPromote":{"appToPromoteID":"9497","usesDefaultFrameImage":"0","usesDefaultCloseImage":"0","marketURL":"https:\/\/play.google.com\/store\/apps\/details?id=com.appricot2d.barber.shop.hair.salon.hair.cutting.games","packageID":"com.appricot2d.barber.shop.hair.salon.hair.cutting.games"},"showTemplate":1,"s2s_tracking_url":"https:\/\/play.google.com\/store\/apps\/details?id=com.appricot2d.barber.shop.hair.salon.hair.cutting.games","activeCreativeID":"4572","scenes":["27","1","2","3","4","5","6","7","8","9","10","11","12","13","14","15","21","24"],"campaignAdType":"Interstitial","productId":"","purchaseBit":0,"licenseKey":""},{"campaignID":"7297","attribution":0,"priority":"5","appToPromote":{"appToPromoteID":"11734","usesDefaultFrameImage":"0","usesDefaultCloseImage":"0","marketURL":"https:\/\/play.google.com\/store\/apps\/details?id=com.appricot2d.cooking.restaurent.food.chef.kitchen.game","packageID":"com.appricot2d.cooking.restaurent.food.chef.kitchen.game"},"showTemplate":1,"s2s_tracking_url":"https:\/\/play.google.com\/store\/apps\/details?id=com.appricot2d.cooking.restaurent.food.chef.kitchen.game","activeCreativeID":"2436","scenes":["27","1","2","3","4","5","6","7","8","9","10","11","12","13","14","15","21","24"],"campaignAdType":"Interstitial","productId":"","purchaseBit":0,"licenseKey":""},{"campaignID":"7298","attribution":0,"priority":"5","appToPromote":{"appToPromoteID":"11734","usesDefaultFrameImage":"0","usesDefaultCloseImage":"0","marketURL":"https:\/\/play.google.com\/store\/apps\/details?id=com.appricot2d.cooking.restaurent.food.chef.kitchen.game","packageID":"com.appricot2d.cooking.restaurent.food.chef.kitchen.game"},"showTemplate":1,"s2s_tracking_url":"https:\/\/play.google.com\/store\/apps\/details?id=com.appricot2d.cooking.restaurent.food.chef.kitchen.game","activeCreativeID":"2437","scenes":["27","1","2","3","4","5","6","7","8","9","10","11","12","13","14","15","21","24"],"campaignAdType":"Icon","productId":"","purchaseBit":0,"licenseKey":""},{"campaignID":"8691","attribution":0,"priority":"5","appToPromote":{"appToPromoteID":"16801","usesDefaultFrameImage":"0","usesDefaultCloseImage":"0","marketURL":"https:\/\/play.google.com\/store\/apps\/details?id=com.yhi.robot.flying.bike.taxi.simulator.games","packageID":"com.yhi.robot.flying.bike.taxi.simulator.games"},"showTemplate":1,"s2s_tracking_url":"https:\/\/play.google.com\/store\/apps\/details?id=com.yhi.robot.flying.bike.taxi.simulator.games","activeCreativeID":"4051","scenes":["1"],"campaignAdType":"Icon","productId":"","purchaseBit":0,"licenseKey":""},{"campaignID":"8378","attribution":0,"priority":"8","appToPromote":{"appToPromoteID":"16480","usesDefaultFrameImage":"0","usesDefaultCloseImage":"0","marketURL":"https:\/\/play.google.com\/store\/apps\/details?id=com.nag.home.manager.working.virtual.mom","packageID":"com.GSS317.AmazingFamily"},"showTemplate":1,"s2s_tracking_url":"https:\/\/play.google.com\/store\/apps\/details?id=com.nag.home.manager.working.virtual.mom","activeCreativeID":"3720","scenes":["27","1","2","3","4","5","6","7","8","9","10","11","12","13","14","15","21","24"],"campaignAdType":"Interstitial","productId":"","purchaseBit":0,"licenseKey":""},{"campaignID":"9252","attribution":0,"priority":"8","appToPromote":{"appToPromoteID":"12315","usesDefaultFrameImage":"0","usesDefaultCloseImage":"0","marketURL":"google.com","packageID":"com.qabrand.plnative"},"showTemplate":1,"s2s_tracking_url":"google.com","activeCreativeID":"4683","scenes":["27","1","2","3","4","5","6","7","8","9","10","11","12","13","14","15","21","24"],"campaignAdType":"Native","title":"Native first","subTitle":"First ","description":"New description","adClickThroughText":"FIRST Button","productId":"","purchaseBit":0,"licenseKey":""},{"campaignID":"9253","attribution":0,"priority":"8","appToPromote":{"appToPromoteID":"12315","usesDefaultFrameImage":"0","usesDefaultCloseImage":"0","marketURL":"google.com","packageID":"com.qabrand.plnative"},"showTemplate":1,"s2s_tracking_url":"google.com","activeCreativeID":"4683","scenes":["27","1","2","3","4","5","6","7","8","9","10","11","12","13","14","15","21","24"],"campaignAdType":"Native","title":"Native first","subTitle":"First ","description":"New description","adClickThroughText":"FIRST Button","productId":"","purchaseBit":0,"licenseKey":""},{"campaignID":"9255","attribution":0,"priority":"8","appToPromote":{"appToPromoteID":"13274","usesDefaultFrameImage":"0","usesDefaultCloseImage":"0","marketURL":"https:\/\/play.google.com\/store\/apps\/details?id=com.facebook.katana","packageID":"com.salon.adsalon"},"showTemplate":1,"s2s_tracking_url":"https:\/\/play.google.com\/store\/apps\/details?id=com.facebook.katana","activeCreativeID":"4685","scenes":["27","1","2","3","4","5","6","7","8","9","10","11","12","13","14","15","21","24"],"campaignAdType":"Native","title":"native NA ","subTitle":"native NA ","description":"native NA added","adClickThroughText":"native NA ","productId":"","purchaseBit":0,"licenseKey":""},{"campaignID":"9257","attribution":0,"priority":"8","appToPromote":{"appToPromoteID":"12286","usesDefaultFrameImage":"0","usesDefaultCloseImage":"0","marketURL":"google.com","packageID":"com.qabrand.Chartboost_Native"},"showTemplate":1,"s2s_tracking_url":"google.com","activeCreativeID":"4688","scenes":["27","1","2","3","4","5","6","7","8","9","10","11","12","13","14","15","21","24"],"campaignAdType":"Native","title":"Native second updated","subTitle":"Native second ","description":"Native second details","adClickThroughText":"Native second ","productId":"","purchaseBit":0,"licenseKey":""},{"campaignID":"9263","attribution":0,"priority":"8","appToPromote":{"appToPromoteID":"12315","usesDefaultFrameImage":"0","usesDefaultCloseImage":"0","marketURL":"google.com","packageID":"com.qabrand.plnative"},"showTemplate":1,"s2s_tracking_url":"google.com","activeCreativeID":"4694","scenes":["27","1","2","3","4","5","6","7","8","9","10","11","12","13","14","15","21","24"],"campaignAdType":"Native","title":"test","subTitle":"test","description":" test details update","adClickThroughText":"test","productId":"","purchaseBit":0,"licenseKey":""},{"campaignID":"9547","attribution":0,"priority":"8","appToPromote":{"appToPromoteID":"11879","usesDefaultFrameImage":"0","usesDefaultCloseImage":"0","marketURL":"https:\/\/play.google.com\/store\/apps\/details?id=com.buntoo.car.racing.games","packageID":"com.buntoo.car.racing.games"},"showTemplate":1,"s2s_tracking_url":"https:\/\/play.google.com\/store\/apps\/details?id=com.buntoo.car.racing.games","activeCreativeID":"4964","scenes":["27","1","2","3","4","5","6","7","8","9","10","11","12","13","14","15","21","24"],"campaignAdType":"Interstitial","productId":"","purchaseBit":0,"licenseKey":""},{"campaignID":"9127","attribution":0,"priority":"8","appToPromote":{"appToPromoteID":"17528","usesDefaultFrameImage":"0","usesDefaultCloseImage":"0","marketURL":"https:\/\/play.google.com\/store\/apps\/details?id=net.one97.paytm","packageID":"net.one97.paytm"},"showTemplate":1,"s2s_tracking_url":"https:\/\/tha.gotrackier.com\/click?campaign_id=63249\\u0026pub_id=75?p1=2504_9127_5578&amp;source=6841&amp;app_name=PitStopCarMechanic&amp;gaid=5578","activeCreativeID":"4788","scenes":["27","1","2","3","4","5","6","7","8","9","10","11","12","13","14","15","21","24"],"campaignAdType":"Native","title":"BCA","subTitle":"FW","description":"nope","adClickThroughText":"Link","productId":"","purchaseBit":0,"licenseKey":""},{"campaignID":"9131","attribution":0,"priority":"8","appToPromote":{"appToPromoteID":"17532","usesDefaultFrameImage":"0","usesDefaultCloseImage":"0","marketURL":"https:\/\/play.google.com\/store\/apps\/details?id=com.dhgate.buyermob","packageID":"com.dhgate.buyermob"},"showTemplate":1,"s2s_tracking_url":"https:\/\/tha.gotrackier.com\/click?campaign_id=63254\\u0026pub_id=75?p1=2504_9131_5578&amp;source=6841&amp;app_name=PitStopCarMechanic&amp;gaid=5578","activeCreativeID":"4483","scenes":["27","1","2","3","4","5","6","7","8","9","10","11","12","13","14","15","21","24"],"campaignAdType":"Interstitial","productId":"","purchaseBit":0,"licenseKey":""},{"campaignID":"8380","attribution_link":"","attribution":1,"priority":"7","appToPromote":{"appToPromoteID":"16480","usesDefaultFrameImage":"0","usesDefaultCloseImage":"0","marketURL":"https:\/\/play.google.com\/store\/apps\/details?id=com.nag.home.manager.working.virtual.mom","packageID":"com.GSS317.AmazingFamily"},"showTemplate":1,"s2s_tracking_url":"","activeCreativeID":"3720","scenes":["27","1","2","3","4","5","6","7","8","9","10","11","12","13","14","15","21","24"],"campaignAdType":"Interstitial","productId":"","purchaseBit":0,"licenseKey":""},{"campaignID":"444","attribution":0,"priority":"6","appToPromote":{"appToPromoteID":"3355","usesDefaultFrameImage":"0","usesDefaultCloseImage":"0","marketURL":"https:\/\/play.google.com\/store\/apps\/details?id=com.popnsons.parkour.mouse","packageID":"com.popnsons.parkour.mouse"},"showTemplate":1,"s2s_tracking_url":"https:\/\/play.google.com\/store\/apps\/details?id=com.popnsons.parkour.mouse","activeCreativeID":"469","scenes":["27","1","2","3","4","5","6","7","8","9","10","11","12","13","14","15","21","24"],"campaignAdType":"Interstitial","productId":"","purchaseBit":0,"licenseKey":""},{"campaignID":"561","attribution":0,"priority":"6","appToPromote":{"appToPromoteID":"5026","usesDefaultFrameImage":"0","usesDefaultCloseImage":"0","marketURL":"https:\/\/play.google.com\/store\/apps\/details?id=com.as.cashupapp","packageID":"com.as.cashupapp"},"showTemplate":1,"s2s_tracking_url":"https:\/\/play.google.com\/store\/apps\/details?id=com.as.cashupapp","activeCreativeID":"652","scenes":["27","1","2","3","4","5","6","7","8","9","10","11","12","13","14","15","21","24"],"campaignAdType":"Interstitial","productId":"","purchaseBit":0,"licenseKey":""},{"campaignID":"570","attribution":0,"priority":"6","appToPromote":{"appToPromoteID":"3802","usesDefaultFrameImage":"0","usesDefaultCloseImage":"0","marketURL":"https:\/\/play.google.com\/store\/apps\/details?id=com.Madxstudios.Flickshootsoccer","packageID":"com.Madxstudios.Flickshootsoccer"},"showTemplate":1,"s2s_tracking_url":"https:\/\/play.google.com\/store\/apps\/details?id=com.Madxstudios.Flickshootsoccer","activeCreativeID":"661","scenes":["27","1","2","3","4","5","6","7","8","9","10","11","12","13","14","15","21","24"],"campaignAdType":"Interstitial","productId":"","purchaseBit":0,"licenseKey":""},{"campaignID":"588","attribution":0,"priority":"6","appToPromote":{"appToPromoteID":"5026","usesDefaultFrameImage":"0","usesDefaultCloseImage":"0","marketURL":"https:\/\/play.google.com\/store\/apps\/details?id=com.as.cashupapp","packageID":"com.as.cashupapp"},"showTemplate":1,"s2s_tracking_url":"https:\/\/play.google.com\/store\/apps\/details?id=com.as.cashupapp","activeCreativeID":"652","scenes":["27","1","2","3","4","5","6","7","8","9","10","11","12","13","14","15","21","24"],"campaignAdType":"Interstitial","productId":"","purchaseBit":0,"licenseKey":""},{"campaignID":"8808","attribution_link":"","attribution":1,"priority":"5","appToPromote":{"appToPromoteID":"16528","usesDefaultFrameImage":"0","usesDefaultCloseImage":"0","marketURL":"https:\/\/play.google.com\/store\/apps\/details?id=com.bag.farm.day.village.farming.games","packageID":"com.GSS317.com.bag.farm.day.village.farming.games"},"showTemplate":1,"s2s_tracking_url":"","activeCreativeID":"3775","scenes":["27","1","2","3","4","5","6","7","8","9","10","11","12","13","14","15","21","24"],"campaignAdType":"Interstitial","productId":"","purchaseBit":0,"licenseKey":""},{"campaignID":"8973","attribution":0,"priority":"5","appToPromote":{"appToPromoteID":"15974","usesDefaultFrameImage":"0","usesDefaultCloseImage":"0","marketURL":"https:\/\/play.google.com\/store\/apps\/details?id=com.mustardgames.bmx.cycle.stunt.mega.ramp.impossibletracks","packageID":"com.mustardgames.bmx.cycle.stunt.mega.ramp.impossibletracks"},"showTemplate":1,"s2s_tracking_url":"https:\/\/play.google.com\/store\/apps\/details?id=com.mustardgames.bmx.cycle.stunt.mega.ramp.impossibletracks","activeCreativeID":"4339","scenes":["27","1","2","3","4","5","6","7","8","9","10","11","12","13","14","15","21","24"],"campaignAdType":"Interstitial","productId":"","purchaseBit":0,"licenseKey":""},{"campaignID":"557","attribution":0,"priority":"4","appToPromote":{"appToPromoteID":"4959","usesDefaultFrameImage":"0","usesDefaultCloseImage":"0","marketURL":"https:\/\/play.google.com\/store\/apps\/details?id=com.jet.plane.surfers.joyride.dash","packageID":"com.jet.plane.surfers.joyride.dash"},"showTemplate":1,"s2s_tracking_url":"https:\/\/play.google.com\/store\/apps\/details?id=com.jet.plane.surfers.joyride.dash","activeCreativeID":"645","scenes":["27","1","2","3","4","5","6","7","8","9","10","11","12","13","14","15","21","24"],"campaignAdType":"Interstitial","productId":"","purchaseBit":0,"licenseKey":""},{"campaignID":"559","attribution":0,"priority":"3","appToPromote":{"appToPromoteID":"3476","usesDefaultFrameImage":"0","usesDefaultCloseImage":"0","marketURL":"https:\/\/play.google.com\/store\/apps\/details?id=com.perspectivegames.real.impossible.tracks.stunts","packageID":"com.perspectivegames.real.impossible.tracks.stunts"},"showTemplate":1,"s2s_tracking_url":"https:\/\/play.google.com\/store\/apps\/details?id=com.perspectivegames.real.impossible.tracks.stunts","activeCreativeID":"649","scenes":["27","1","2","3","4","5","6","7","8","9","10","11","12","13","14","15","21","24"],"campaignAdType":"Interstitial","productId":"","purchaseBit":0,"licenseKey":""},{"campaignID":"741","attribution":0,"priority":"3","appToPromote":{"appToPromoteID":"5609","usesDefaultFrameImage":"0","usesDefaultCloseImage":"0","marketURL":"https:\/\/play.google.com\/store\/apps\/details?id=com.kick.gyroscopic.city.train.driver.simulator","packageID":"com.kick.gyroscopic.city.train.driver.simulator"},"showTemplate":1,"s2s_tracking_url":"https:\/\/play.google.com\/store\/apps\/details?id=com.kick.gyroscopic.city.train.driver.simulator","activeCreativeID":"753","scenes":["27","1","2","3","4","5","6","7","8","9","10","11","12","13","14","15","21","24"],"campaignAdType":"Interstitial","productId":"","purchaseBit":0,"licenseKey":""},{"campaignID":"798","attribution":0,"priority":"3","appToPromote":{"appToPromoteID":"5770","usesDefaultFrameImage":"0","usesDefaultCloseImage":"0","marketURL":"https:\/\/play.google.com\/store\/apps\/details?id=com.simulatorgames3d.alohacelebrations","packageID":"com.simulatorgames3d.alohacelebrations"},"showTemplate":1,"s2s_tracking_url":"https:\/\/play.google.com\/store\/apps\/details?id=com.simulatorgames3d.alohacelebrations","activeCreativeID":"787","scenes":["27","1","2","3","4","5","6","7","8","9","10","11","12","13","14","15","21","24"],"campaignAdType":"Interstitial","productId":"","purchaseBit":0,"licenseKey":""},{"campaignID":"8762","attribution":0,"priority":"2","appToPromote":{"appToPromoteID":"13265","usesDefaultFrameImage":"0","usesDefaultCloseImage":"0","marketURL":"https:\/\/play.google.com\/store\/apps\/details?id=com.rhg.tricky.bike.stunt.moto.master","packageID":"com.rhg.tricky.bike.stunt.moto.master"},"showTemplate":1,"s2s_tracking_url":"https:\/\/play.google.com\/store\/apps\/details?id=com.rhg.tricky.bike.stunt.moto.master","activeCreativeID":"4121","scenes":["27","1","2","3","4","5","6","7","8","9","10","11","12","13","14","15","21","24"],"campaignAdType":"Rewarded Video","productId":"","purchaseBit":0,"licenseKey":""},{"campaignID":"9366","attribution":0,"priority":"2","appToPromote":{"appToPromoteID":"17602","usesDefaultFrameImage":"0","usesDefaultCloseImage":"0","marketURL":"https:\/\/play.google.com\/store\/apps\/details?id=com.abaenglish.videoclass&amp;referrer=utm_source=42matters.com&amp;utm_medium=api","packageID":"com.abaenglish.videoclass"},"showTemplate":1,"s2s_tracking_url":"https:\/\/play.google.com\/store\/apps\/details?id=com.abaenglish.videoclass&amp;referrer=utm_source=42matters.com&amp;utm_medium=api","activeCreativeID":"4815","scenes":["27","1","2","3","4","5","6","7","8","9","10","11","12","13","14","15","21","24"],"campaignAdType":"Interstitial","productId":"","purchaseBit":0,"licenseKey":""},{"campaignID":"9367","attribution":0,"priority":"2","appToPromote":{"appToPromoteID":"17602","usesDefaultFrameImage":"0","usesDefaultCloseImage":"0","marketURL":"https:\/\/play.google.com\/store\/apps\/details?id=com.abaenglish.videoclass&amp;referrer=utm_source=42matters.com&amp;utm_medium=api","packageID":"com.abaenglish.videoclass"},"showTemplate":1,"s2s_tracking_url":"https:\/\/play.google.com\/store\/apps\/details?id=com.abaenglish.videoclass&amp;referrer=utm_source=42matters.com&amp;utm_medium=api","activeCreativeID":"4815","scenes":["27","1","2","3","4","5","6","7","8","9","10","11","12","13","14","15","21","24"],"campaignAdType":"Interstitial","productId":"","purchaseBit":0,"licenseKey":""},{"campaignID":"9368","attribution":0,"priority":"2","appToPromote":{"appToPromoteID":"17602","usesDefaultFrameImage":"0","usesDefaultCloseImage":"0","marketURL":"https:\/\/play.google.com\/store\/apps\/details?id=com.abaenglish.videoclass&amp;referrer=utm_source=42matters.com&amp;utm_medium=api","packageID":"com.abaenglish.videoclass"},"showTemplate":1,"s2s_tracking_url":"https:\/\/play.google.com\/store\/apps\/details?id=com.abaenglish.videoclass&amp;referrer=utm_source=42matters.com&amp;utm_medium=api","activeCreativeID":"4815","scenes":["27","1","2","3","4","5","6","7","8","9","10","11","12","13","14","15","21","24"],"campaignAdType":"Interstitial","productId":"","purchaseBit":0,"licenseKey":""},{"campaignID":"9369","attribution":0,"priority":"2","appToPromote":{"appToPromoteID":"17602","usesDefaultFrameImage":"0","usesDefaultCloseImage":"0","marketURL":"https:\/\/play.google.com\/store\/apps\/details?id=com.abaenglish.videoclass&amp;referrer=utm_source=42matters.com&amp;utm_medium=api","packageID":"com.abaenglish.videoclass"},"showTemplate":1,"s2s_tracking_url":"https:\/\/play.google.com\/store\/apps\/details?id=com.abaenglish.videoclass&amp;referrer=utm_source=42matters.com&amp;utm_medium=api","activeCreativeID":"4815","scenes":["27","1","2","3","4","5","6","7","8","9","10","11","12","13","14","15","21","24"],"campaignAdType":"Interstitial","productId":"","purchaseBit":0,"licenseKey":""}],"refreshAdRate":0,"mode":"Production","aspectRatio":"4_3","cdnPath":"https:\/\/df8ymybeo92md.cloudfront.net\/images\/","sentry_log":0,"local_logging":0,"sentry_dsn":"https:\/\/93ffa1c9a4124f67b8888a53265f751a:bbf998e04584477fa9a145838e9d3b26@sentry.io\/168994","sentry_initialization":1,"sentry_debugging":0,"bannerSizes":["1"],"aspectRatioVideo":"16_9","app_id":"2504","showPreRewardedDialogue":0,"showPostRewardedDialogue":0,"rewardCurrency":"coins","rewardValue":0,"isSkipable":0,"privacyPolicyURL":"https:\/\/www.consoliads.com\/privacy-policy\/","sessionToken":"W7ex188DCdkQzNnMwcMQdkW5RNaqX8DMR9csFQT79Pl7F7LH25LwbqQ9Rw36bLQsqOOfaySv37y+KDmd1WXhlVx9P0+2ZTKFodKSCvdkpwqzhdC3f\/VstA2xmgpmyYgsHKhHhuBG4eLLMmqNoMbEwx+7xLzXsPVVih38gPsuRTQ="}
Session token value is set


{"appKey":"c9ff7b63c2c44f80f0a4aaef6737794f","deviceID":"606","stats":[{"campaignID":207,"packageID":"com.gss.army.commando.survivalisland","sceneStats":[{"sceneID":"2","eventStats":"306,206,106,6,6,0,0"}]}],"sdkVersion":"39","sessionToken":"W7ex188DCdkQzNnMwcMQdkW5RNaqX8DMR9csFQT79Pl7F7LH25LwbqQ9Rw36bLQsqOOfaySv37y+KDmd1WXhlVx9P0+2ZTKFodKSCvdkpwqzhdC3f\/VstA2xmgpmyYgsHKhHhuBG4eLLMmqNoMbEwx+7xLzXsPVVih38gPsuRTQ="}
cache_ttl value is correct

Refresh Ad Rate value is correct
mode value is set

 Aspect ratio value is correct
sentry_log value is set
local_logging value is set
sentry_initialization value is set
sentry_debugging value is set
showPreRewardedDialogue value is set
showPostRewardedDialogue value is set
isSkipable value is set
{"cache_ttl":10080,"cache_ttl_rewarded":10080,"cache_ttl_banner":10080,"cache_ttl_native":10080,"cache_ttl_icon":10080,"campaigns":[{"campaignID":"8378","attribution":0,"priority":"8","appToPromote":{"appToPromoteID":"16480","usesDefaultFrameImage":"0","usesDefaultCloseImage":"0","marketURL":"https:\/\/play.google.com\/store\/apps\/details?id=com.nag.home.manager.working.virtual.mom","packageID":"com.GSS317.AmazingFamily"},"showTemplate":1,"s2s_tracking_url":"https:\/\/play.google.com\/store\/apps\/details?id=com.nag.home.manager.working.virtual.mom","activeCreativeID":"3720","scenes":["12","1","8","6","15","2"],"campaignAdType":"Interstitial","productId":"","purchaseBit":0,"licenseKey":""},{"campaignID":"9547","attribution":0,"priority":"8","appToPromote":{"appToPromoteID":"11879","usesDefaultFrameImage":"0","usesDefaultCloseImage":"0","marketURL":"https:\/\/play.google.com\/store\/apps\/details?id=com.buntoo.car.racing.games","packageID":"com.buntoo.car.racing.games"},"showTemplate":1,"s2s_tracking_url":"https:\/\/play.google.com\/store\/apps\/details?id=com.buntoo.car.racing.games","activeCreativeID":"4964","scenes":["12","1","8","6","15","2"],"campaignAdType":"Interstitial","productId":"","purchaseBit":0,"licenseKey":""},{"campaignID":"9586","attribution":0,"priority":"8","appToPromote":{"appToPromoteID":"515","usesDefaultFrameImage":"1","usesDefaultCloseImage":"1","marketURL":"https:\/\/play.google.com\/store\/apps\/details?id=com.plum.cash.counter.simualtor","packageID":"com.plum.cash.counter.simualtor"},"showTemplate":1,"s2s_tracking_url":"https:\/\/play.google.com\/store\/apps\/details?id=com.plum.cash.counter.simualtor","activeCreativeID":"50","scenes":["12","1","8","6","15","2"],"campaignAdType":"Interstitial","productId":"","purchaseBit":0,"licenseKey":""},{"campaignID":"9587","attribution":0,"priority":"8","appToPromote":{"appToPromoteID":"515","usesDefaultFrameImage":"1","usesDefaultCloseImage":"1","marketURL":"https:\/\/play.google.com\/store\/apps\/details?id=com.plum.cash.counter.simualtor","packageID":"com.plum.cash.counter.simualtor"},"showTemplate":1,"s2s_tracking_url":"https:\/\/play.google.com\/store\/apps\/details?id=com.plum.cash.counter.simualtor","activeCreativeID":"50","scenes":["12","1","8","6","15","2"],"campaignAdType":"Interstitial","productId":"","purchaseBit":0,"licenseKey":""},{"campaignID":"9588","attribution":0,"priority":"8","appToPromote":{"appToPromoteID":"515","usesDefaultFrameImage":"1","usesDefaultCloseImage":"1","marketURL":"https:\/\/play.google.com\/store\/apps\/details?id=com.plum.cash.counter.simualtor","packageID":"com.plum.cash.counter.simualtor"},"showTemplate":1,"s2s_tracking_url":"https:\/\/play.google.com\/store\/apps\/details?id=com.plum.cash.counter.simualtor","activeCreativeID":"50","scenes":["12","1","8","6","15","2"],"campaignAdType":"Interstitial","productId":"","purchaseBit":0,"licenseKey":""},{"campaignID":"9589","attribution":0,"priority":"8","appToPromote":{"appToPromoteID":"515","usesDefaultFrameImage":"1","usesDefaultCloseImage":"1","marketURL":"https:\/\/play.google.com\/store\/apps\/details?id=com.plum.cash.counter.simualtor","packageID":"com.plum.cash.counter.simualtor"},"showTemplate":1,"s2s_tracking_url":"https:\/\/play.google.com\/store\/apps\/details?id=com.plum.cash.counter.simualtor","activeCreativeID":"50","scenes":["12","1","8","6","15","2"],"campaignAdType":"Interstitial","productId":"","purchaseBit":0,"licenseKey":""},{"campaignID":"9131","attribution":0,"priority":"8","appToPromote":{"appToPromoteID":"17532","usesDefaultFrameImage":"0","usesDefaultCloseImage":"0","marketURL":"https:\/\/play.google.com\/store\/apps\/details?id=com.dhgate.buyermob","packageID":"com.dhgate.buyermob"},"showTemplate":1,"s2s_tracking_url":"https:\/\/tha.gotrackier.com\/click?campaign_id=63254\\u0026pub_id=75?p1=2450_9131_606&amp;source=6841&amp;app_name=ArmyCommandoSurvivalIsland&amp;gaid=606","activeCreativeID":"4483","scenes":["12","1","8","6","15","2"],"campaignAdType":"Interstitial","productId":"","purchaseBit":0,"licenseKey":""},{"campaignID":"8380","attribution_link":"","attribution":1,"priority":"7","appToPromote":{"appToPromoteID":"16480","usesDefaultFrameImage":"0","usesDefaultCloseImage":"0","marketURL":"https:\/\/play.google.com\/store\/apps\/details?id=com.nag.home.manager.working.virtual.mom","packageID":"com.GSS317.AmazingFamily"},"showTemplate":1,"s2s_tracking_url":"","activeCreativeID":"3720","scenes":["12","1","8","6","15","2"],"campaignAdType":"Interstitial","productId":"","purchaseBit":0,"licenseKey":""},{"campaignID":"444","attribution":0,"priority":"6","appToPromote":{"appToPromoteID":"3355","usesDefaultFrameImage":"0","usesDefaultCloseImage":"0","marketURL":"https:\/\/play.google.com\/store\/apps\/details?id=com.popnsons.parkour.mouse","packageID":"com.popnsons.parkour.mouse"},"showTemplate":1,"s2s_tracking_url":"https:\/\/play.google.com\/store\/apps\/details?id=com.popnsons.parkour.mouse","activeCreativeID":"469","scenes":["12","1","8","6","15","2"],"campaignAdType":"Interstitial","productId":"","purchaseBit":0,"licenseKey":""},{"campaignID":"561","attribution":0,"priority":"6","appToPromote":{"appToPromoteID":"5026","usesDefaultFrameImage":"0","usesDefaultCloseImage":"0","marketURL":"https:\/\/play.google.com\/store\/apps\/details?id=com.as.cashupapp","packageID":"com.as.cashupapp"},"showTemplate":1,"s2s_tracking_url":"https:\/\/play.google.com\/store\/apps\/details?id=com.as.cashupapp","activeCreativeID":"652","scenes":["12","1","8","6","15","2"],"campaignAdType":"Interstitial","productId":"","purchaseBit":0,"licenseKey":""},{"campaignID":"570","attribution":0,"priority":"6","appToPromote":{"appToPromoteID":"3802","usesDefaultFrameImage":"0","usesDefaultCloseImage":"0","marketURL":"https:\/\/play.google.com\/store\/apps\/details?id=com.Madxstudios.Flickshootsoccer","packageID":"com.Madxstudios.Flickshootsoccer"},"showTemplate":1,"s2s_tracking_url":"https:\/\/play.google.com\/store\/apps\/details?id=com.Madxstudios.Flickshootsoccer","activeCreativeID":"661","scenes":["12","1","8","6","15","2"],"campaignAdType":"Interstitial","productId":"","purchaseBit":0,"licenseKey":""},{"campaignID":"588","attribution":0,"priority":"6","appToPromote":{"appToPromoteID":"5026","usesDefaultFrameImage":"0","usesDefaultCloseImage":"0","marketURL":"https:\/\/play.google.com\/store\/apps\/details?id=com.as.cashupapp","packageID":"com.as.cashupapp"},"showTemplate":1,"s2s_tracking_url":"https:\/\/play.google.com\/store\/apps\/details?id=com.as.cashupapp","activeCreativeID":"652","scenes":["12","1","8","6","15","2"],"campaignAdType":"Interstitial","productId":"","purchaseBit":0,"licenseKey":""},{"campaignID":"8808","attribution_link":"","attribution":1,"priority":"5","appToPromote":{"appToPromoteID":"16528","usesDefaultFrameImage":"0","usesDefaultCloseImage":"0","marketURL":"https:\/\/play.google.com\/store\/apps\/details?id=com.bag.farm.day.village.farming.games","packageID":"com.GSS317.com.bag.farm.day.village.farming.games"},"showTemplate":1,"s2s_tracking_url":"","activeCreativeID":"3775","scenes":["12","1","8","6","15","2"],"campaignAdType":"Interstitial","productId":"","purchaseBit":0,"licenseKey":""},{"campaignID":"8876","attribution":0,"priority":"5","appToPromote":{"appToPromoteID":"15640","usesDefaultFrameImage":"0","usesDefaultCloseImage":"0","marketURL":"https:\/\/play.google.com\/store\/apps\/details?id=com.pgz.police.bike.stunt.ramp.bike.racing.games","packageID":"com.pgz.police.bike.stunt.ramp.bike.racing.games"},"showTemplate":1,"s2s_tracking_url":"https:\/\/play.google.com\/store\/apps\/details?id=com.pgz.police.bike.stunt.ramp.bike.racing.games","activeCreativeID":"4236","scenes":["12","1","8","6","15","2"],"campaignAdType":"Interstitial","productId":"","purchaseBit":0,"licenseKey":""},{"campaignID":"8972","attribution":0,"priority":"5","appToPromote":{"appToPromoteID":"15974","usesDefaultFrameImage":"0","usesDefaultCloseImage":"0","marketURL":"https:\/\/play.google.com\/store\/apps\/details?id=com.mustardgames.bmx.cycle.stunt.mega.ramp.impossibletracks","packageID":"com.mustardgames.bmx.cycle.stunt.mega.ramp.impossibletracks"},"showTemplate":1,"s2s_tracking_url":"https:\/\/play.google.com\/store\/apps\/details?id=com.mustardgames.bmx.cycle.stunt.mega.ramp.impossibletracks","activeCreativeID":"4339","scenes":["12","1","8","6","15","2"],"campaignAdType":"Interstitial","productId":"","purchaseBit":0,"licenseKey":""},{"campaignID":"8973","attribution":0,"priority":"5","appToPromote":{"appToPromoteID":"15974","usesDefaultFrameImage":"0","usesDefaultCloseImage":"0","marketURL":"https:\/\/play.google.com\/store\/apps\/details?id=com.mustardgames.bmx.cycle.stunt.mega.ramp.impossibletracks","packageID":"com.mustardgames.bmx.cycle.stunt.mega.ramp.impossibletracks"},"showTemplate":1,"s2s_tracking_url":"https:\/\/play.google.com\/store\/apps\/details?id=com.mustardgames.bmx.cycle.stunt.mega.ramp.impossibletracks","activeCreativeID":"4339","scenes":["12","1","8","6","15","2"],"campaignAdType":"Interstitial","productId":"","purchaseBit":0,"licenseKey":""},{"campaignID":"8974","attribution":0,"priority":"5","appToPromote":{"appToPromoteID":"15974","usesDefaultFrameImage":"0","usesDefaultCloseImage":"0","marketURL":"https:\/\/play.google.com\/store\/apps\/details?id=com.mustardgames.bmx.cycle.stunt.mega.ramp.impossibletracks","packageID":"com.mustardgames.bmx.cycle.stunt.mega.ramp.impossibletracks"},"showTemplate":1,"s2s_tracking_url":"https:\/\/play.google.com\/store\/apps\/details?id=com.mustardgames.bmx.cycle.stunt.mega.ramp.impossibletracks","activeCreativeID":"3564","scenes":["12","1","8","6","15","2"],"campaignAdType":"Video","productId":"","purchaseBit":0,"licenseKey":""},{"campaignID":"557","attribution":0,"priority":"4","appToPromote":{"appToPromoteID":"4959","usesDefaultFrameImage":"0","usesDefaultCloseImage":"0","marketURL":"https:\/\/play.google.com\/store\/apps\/details?id=com.jet.plane.surfers.joyride.dash","packageID":"com.jet.plane.surfers.joyride.dash"},"showTemplate":1,"s2s_tracking_url":"https:\/\/play.google.com\/store\/apps\/details?id=com.jet.plane.surfers.joyride.dash","activeCreativeID":"645","scenes":["12","1","8","6","15","2"],"campaignAdType":"Interstitial","productId":"","purchaseBit":0,"licenseKey":""},{"campaignID":"8747","attribution":0,"priority":"3","appToPromote":{"appToPromoteID":"16244","usesDefaultFrameImage":"0","usesDefaultCloseImage":"0","marketURL":"https:\/\/play.google.com\/store\/apps\/details?id=com.mustardgames.formula.car.racing.ramp.car.stunt.impossible.tracks","packageID":"com.mustardgames.formula.car.racing.ramp.car.stunt.impossible.tracks"},"showTemplate":1,"s2s_tracking_url":"https:\/\/play.google.com\/store\/apps\/details?id=com.mustardgames.formula.car.racing.ramp.car.stunt.impossible.tracks","activeCreativeID":"3993","scenes":["12","1","8","6","15","2"],"campaignAdType":"Video","productId":"","purchaseBit":0,"licenseKey":""},{"campaignID":"414","attribution":0,"priority":"3","appToPromote":{"appToPromoteID":"3023","usesDefaultFrameImage":"0","usesDefaultCloseImage":"0","marketURL":"https:\/\/play.google.com\/store\/apps\/details?id=com.appricot2d.rolo.pet.parrot","packageID":"com.appricot2d.rolo.pet.parrot"},"showTemplate":1,"s2s_tracking_url":"https:\/\/play.google.com\/store\/apps\/details?id=com.appricot2d.rolo.pet.parrot","activeCreativeID":"385","scenes":["12","1","8","6","15","2"],"campaignAdType":"Interstitial","productId":"","purchaseBit":0,"licenseKey":""},{"campaignID":"559","attribution":0,"priority":"3","appToPromote":{"appToPromoteID":"3476","usesDefaultFrameImage":"0","usesDefaultCloseImage":"0","marketURL":"https:\/\/play.google.com\/store\/apps\/details?id=com.perspectivegames.real.impossible.tracks.stunts","packageID":"com.perspectivegames.real.impossible.tracks.stunts"},"showTemplate":1,"s2s_tracking_url":"https:\/\/play.google.com\/store\/apps\/details?id=com.perspectivegames.real.impossible.tracks.stunts","activeCreativeID":"649","scenes":["12","1","8","6","15","2"],"campaignAdType":"Interstitial","productId":"","purchaseBit":0,"licenseKey":""},{"campaignID":"741","attribution":0,"priority":"3","appToPromote":{"appToPromoteID":"5609","usesDefaultFrameImage":"0","usesDefaultCloseImage":"0","marketURL":"https:\/\/play.google.com\/store\/apps\/details?id=com.kick.gyroscopic.city.train.driver.simulator","packageID":"com.kick.gyroscopic.city.train.driver.simulator"},"showTemplate":1,"s2s_tracking_url":"https:\/\/play.google.com\/store\/apps\/details?id=com.kick.gyroscopic.city.train.driver.simulator","activeCreativeID":"753","scenes":["12","1","8","6","15","2"],"campaignAdType":"Interstitial","productId":"","purchaseBit":0,"licenseKey":""},{"campaignID":"798","attribution":0,"priority":"3","appToPromote":{"appToPromoteID":"5770","usesDefaultFrameImage":"0","usesDefaultCloseImage":"0","marketURL":"https:\/\/play.google.com\/store\/apps\/details?id=com.simulatorgames3d.alohacelebrations","packageID":"com.simulatorgames3d.alohacelebrations"},"showTemplate":1,"s2s_tracking_url":"https:\/\/play.google.com\/store\/apps\/details?id=com.simulatorgames3d.alohacelebrations","activeCreativeID":"787","scenes":["12","1","8","6","15","2"],"campaignAdType":"Interstitial","productId":"","purchaseBit":0,"licenseKey":""},{"campaignID":"1483","attribution":0,"priority":"3","appToPromote":{"appToPromoteID":"1714","usesDefaultFrameImage":"1","usesDefaultCloseImage":"1","marketURL":"https:\/\/play.google.com\/store\/apps\/details?id=com.playink.cookie.maker","packageID":"com.playink.cookie.maker"},"showTemplate":1,"s2s_tracking_url":"https:\/\/play.google.com\/store\/apps\/details?id=com.playink.cookie.maker","activeCreativeID":"1020","scenes":["12","1","8","6","15","2"],"campaignAdType":"Interstitial","productId":"","purchaseBit":0,"licenseKey":""},{"campaignID":"8762","attribution":0,"priority":"2","appToPromote":{"appToPromoteID":"13265","usesDefaultFrameImage":"0","usesDefaultCloseImage":"0","marketURL":"https:\/\/play.google.com\/store\/apps\/details?id=com.rhg.tricky.bike.stunt.moto.master","packageID":"com.rhg.tricky.bike.stunt.moto.master"},"showTemplate":1,"s2s_tracking_url":"https:\/\/play.google.com\/store\/apps\/details?id=com.rhg.tricky.bike.stunt.moto.master","activeCreativeID":"4121","scenes":["12","1","8","6","15","2"],"campaignAdType":"Rewarded Video","productId":"","purchaseBit":0,"licenseKey":""},{"campaignID":"8971","attribution":0,"priority":"2","appToPromote":{"appToPromoteID":"15640","usesDefaultFrameImage":"0","usesDefaultCloseImage":"0","marketURL":"https:\/\/play.google.com\/store\/apps\/details?id=com.pgz.police.bike.stunt.ramp.bike.racing.games","packageID":"com.pgz.police.bike.stunt.ramp.bike.racing.games"},"showTemplate":1,"s2s_tracking_url":"https:\/\/play.google.com\/store\/apps\/details?id=com.pgz.police.bike.stunt.ramp.bike.racing.games","activeCreativeID":"4236","scenes":["12","1","8","6","15","2"],"campaignAdType":"Interstitial","productId":"","purchaseBit":0,"licenseKey":""},{"campaignID":"9366","attribution":0,"priority":"2","appToPromote":{"appToPromoteID":"17602","usesDefaultFrameImage":"0","usesDefaultCloseImage":"0","marketURL":"https:\/\/play.google.com\/store\/apps\/details?id=com.abaenglish.videoclass&amp;referrer=utm_source=42matters.com&amp;utm_medium=api","packageID":"com.abaenglish.videoclass"},"showTemplate":1,"s2s_tracking_url":"https:\/\/play.google.com\/store\/apps\/details?id=com.abaenglish.videoclass&amp;referrer=utm_source=42matters.com&amp;utm_medium=api","activeCreativeID":"4815","scenes":["12","1","8","6","15","2"],"campaignAdType":"Interstitial","productId":"","purchaseBit":0,"licenseKey":""},{"campaignID":"9367","attribution":0,"priority":"2","appToPromote":{"appToPromoteID":"17602","usesDefaultFrameImage":"0","usesDefaultCloseImage":"0","marketURL":"https:\/\/play.google.com\/store\/apps\/details?id=com.abaenglish.videoclass&amp;referrer=utm_source=42matters.com&amp;utm_medium=api","packageID":"com.abaenglish.videoclass"},"showTemplate":1,"s2s_tracking_url":"https:\/\/play.google.com\/store\/apps\/details?id=com.abaenglish.videoclass&amp;referrer=utm_source=42matters.com&amp;utm_medium=api","activeCreativeID":"4815","scenes":["12","1","8","6","15","2"],"campaignAdType":"Interstitial","productId":"","purchaseBit":0,"licenseKey":""},{"campaignID":"9368","attribution":0,"priority":"2","appToPromote":{"appToPromoteID":"17602","usesDefaultFrameImage":"0","usesDefaultCloseImage":"0","marketURL":"https:\/\/play.google.com\/store\/apps\/details?id=com.abaenglish.videoclass&amp;referrer=utm_source=42matters.com&amp;utm_medium=api","packageID":"com.abaenglish.videoclass"},"showTemplate":1,"s2s_tracking_url":"https:\/\/play.google.com\/store\/apps\/details?id=com.abaenglish.videoclass&amp;referrer=utm_source=42matters.com&amp;utm_medium=api","activeCreativeID":"4815","scenes":["12","1","8","6","15","2"],"campaignAdType":"Interstitial","productId":"","purchaseBit":0,"licenseKey":""},{"campaignID":"9369","attribution":0,"priority":"2","appToPromote":{"appToPromoteID":"17602","usesDefaultFrameImage":"0","usesDefaultCloseImage":"0","marketURL":"https:\/\/play.google.com\/store\/apps\/details?id=com.abaenglish.videoclass&amp;referrer=utm_source=42matters.com&amp;utm_medium=api","packageID":"com.abaenglish.videoclass"},"showTemplate":1,"s2s_tracking_url":"https:\/\/play.google.com\/store\/apps\/details?id=com.abaenglish.videoclass&amp;referrer=utm_source=42matters.com&amp;utm_medium=api","activeCreativeID":"4815","scenes":["12","1","8","6","15","2"],"campaignAdType":"Interstitial","productId":"","purchaseBit":0,"licenseKey":""}],"refreshAdRate":30,"mode":"Production","aspectRatio":"4_3","cdnPath":"https:\/\/df8ymybeo92md.cloudfront.net\/images\/","sentry_log":0,"local_logging":0,"sentry_dsn":"https:\/\/93ffa1c9a4124f67b8888a53265f751a:bbf998e04584477fa9a145838e9d3b26@sentry.io\/168994","sentry_initialization":1,"sentry_debugging":0,"bannerSizes":["5"],"aspectRatioVideo":"16_9","app_id":"2450","showPreRewardedDialogue":0,"showPostRewardedDialogue":0,"rewardCurrency":"coins","rewardValue":0,"isSkipable":0,"privacyPolicyURL":"https:\/\/www.consoliads.com\/privacy-policy\/","sessionToken":"s0NdSpmYin3+I+ZouKIyVqqMTXSD4DKba37OFwZlGOmK6Qp10xfvQE25YM8kyw+tr9cN0NfEgXXSIvKOO\/LWCAS6Rh7+UAjOVwb\/pIyxh+ifvF3gwbXXeOSUbKTCdopXx5Ct+c9m2kAZws3ieQHb+H2PFslipOrMAfk42GL0Zvo="}
Session token value is set


{"appKey":"9bfb78f6a7b11d99e8e05f5d9ad5562d","deviceID":"684","stats":[{"campaignID":211,"packageID":"com.whitesand.pit.stop.car.mechanic","sceneStats":[{"sceneID":"2","eventStats":"307,207,107,7,7,0,0"}]}],"sdkVersion":"2286","sessionToken":"s0NdSpmYin3+I+ZouKIyVqqMTXSD4DKba37OFwZlGOmK6Qp10xfvQE25YM8kyw+tr9cN0NfEgXXSIvKOO\/LWCAS6Rh7+UAjOVwb\/pIyxh+ifvF3gwbXXeOSUbKTCdopXx5Ct+c9m2kAZws3ieQHb+H2PFslipOrMAfk42GL0Zvo="}
cache_ttl value is correct

Title value is correct

Title value is correct

Title value is correct

Title value is correct

Title value is correct

Title value is correct

Refresh Ad Rate value is correct
mode value is set

 Aspect ratio value is correct
sentry_log value is set
local_logging value is set
sentry_initialization value is set
sentry_debugging value is set
showPreRewardedDialogue value is set
showPostRewardedDialogue value is set
isSkipable value is set
{"cache_ttl":10080,"cache_ttl_rewarded":10080,"cache_ttl_banner":10080,"cache_ttl_native":10080,"cache_ttl_icon":10080,"campaigns":[{"campaignID":"9017","attribution":0,"priority":"5","appToPromote":{"appToPromoteID":"12567","usesDefaultFrameImage":"0","usesDefaultCloseImage":"0","marketURL":"https:\/\/play.google.com\/store\/apps\/details?id=com.deg.desert.car.destruction.derby.crash.stunts.racing","packageID":"com.deg.desert.car.destruction.derby.crash.stunts.racing"},"showTemplate":1,"s2s_tracking_url":"https:\/\/play.google.com\/store\/apps\/details?id=com.deg.desert.car.destruction.derby.crash.stunts.racing","activeCreativeID":"4381","scenes":["27","1","2","3","4","5","6","7","8","9","10","11","12","13","14","15","21","24"],"campaignAdType":"Icon","productId":"","purchaseBit":0,"licenseKey":""},{"campaignID":"9376","attribution":2,"priority":"5","appToPromote":{"appToPromoteID":"13421","usesDefaultFrameImage":"0","usesDefaultCloseImage":"0","marketURL":"http:\/\/www.google.com","packageID":"com.appricot2d.testt"},"showTemplate":1,"s2s_tracking_url":"http:\/\/www.google.com","activeCreativeID":"4680","scenes":["27","1","2","3","4","5","6","7","8","9","10","11","12","13","14","15","21","24"],"campaignAdType":"Interstitial","productId":"","purchaseBit":0,"licenseKey":""},{"campaignID":"9385","attribution":0,"priority":"5","appToPromote":{"appToPromoteID":"9497","usesDefaultFrameImage":"0","usesDefaultCloseImage":"0","marketURL":"https:\/\/play.google.com\/store\/apps\/details?id=com.appricot2d.barber.shop.hair.salon.hair.cutting.games","packageID":"com.appricot2d.barber.shop.hair.salon.hair.cutting.games"},"showTemplate":1,"s2s_tracking_url":"https:\/\/play.google.com\/store\/apps\/details?id=com.appricot2d.barber.shop.hair.salon.hair.cutting.games","activeCreativeID":"4572","scenes":["27","1","2","3","4","5","6","7","8","9","10","11","12","13","14","15","21","24"],"campaignAdType":"Interstitial","productId":"","purchaseBit":0,"licenseKey":""},{"campaignID":"7297","attribution":0,"priority":"5","appToPromote":{"appToPromoteID":"11734","usesDefaultFrameImage":"0","usesDefaultCloseImage":"0","marketURL":"https:\/\/play.google.com\/store\/apps\/details?id=com.appricot2d.cooking.restaurent.food.chef.kitchen.game","packageID":"com.appricot2d.cooking.restaurent.food.chef.kitchen.game"},"showTemplate":1,"s2s_tracking_url":"https:\/\/play.google.com\/store\/apps\/details?id=com.appricot2d.cooking.restaurent.food.chef.kitchen.game","activeCreativeID":"2436","scenes":["27","1","2","3","4","5","6","7","8","9","10","11","12","13","14","15","21","24"],"campaignAdType":"Interstitial","productId":"","purchaseBit":0,"licenseKey":""},{"campaignID":"7298","attribution":0,"priority":"5","appToPromote":{"appToPromoteID":"11734","usesDefaultFrameImage":"0","usesDefaultCloseImage":"0","marketURL":"https:\/\/play.google.com\/store\/apps\/details?id=com.appricot2d.cooking.restaurent.food.chef.kitchen.game","packageID":"com.appricot2d.cooking.restaurent.food.chef.kitchen.game"},"showTemplate":1,"s2s_tracking_url":"https:\/\/play.google.com\/store\/apps\/details?id=com.appricot2d.cooking.restaurent.food.chef.kitchen.game","activeCreativeID":"2437","scenes":["27","1","2","3","4","5","6","7","8","9","10","11","12","13","14","15","21","24"],"campaignAdType":"Icon","productId":"","purchaseBit":0,"licenseKey":""},{"campaignID":"8691","attribution":0,"priority":"5","appToPromote":{"appToPromoteID":"16801","usesDefaultFrameImage":"0","usesDefaultCloseImage":"0","marketURL":"https:\/\/play.google.com\/store\/apps\/details?id=com.yhi.robot.flying.bike.taxi.simulator.games","packageID":"com.yhi.robot.flying.bike.taxi.simulator.games"},"showTemplate":1,"s2s_tracking_url":"https:\/\/play.google.com\/store\/apps\/details?id=com.yhi.robot.flying.bike.taxi.simulator.games","activeCreativeID":"4051","scenes":["1"],"campaignAdType":"Icon","productId":"","purchaseBit":0,"licenseKey":""},{"campaignID":"8378","attribution":0,"priority":"8","appToPromote":{"appToPromoteID":"16480","usesDefaultFrameImage":"0","usesDefaultCloseImage":"0","marketURL":"https:\/\/play.google.com\/store\/apps\/details?id=com.nag.home.manager.working.virtual.mom","packageID":"com.GSS317.AmazingFamily"},"showTemplate":1,"s2s_tracking_url":"https:\/\/play.google.com\/store\/apps\/details?id=com.nag.home.manager.working.virtual.mom","activeCreativeID":"3720","scenes":["27","1","2","3","4","5","6","7","8","9","10","11","12","13","14","15","21","24"],"campaignAdType":"Interstitial","productId":"","purchaseBit":0,"licenseKey":""},{"campaignID":"9252","attribution":0,"priority":"8","appToPromote":{"appToPromoteID":"12315","usesDefaultFrameImage":"0","usesDefaultCloseImage":"0","marketURL":"google.com","packageID":"com.qabrand.plnative"},"showTemplate":1,"s2s_tracking_url":"google.com","activeCreativeID":"4683","scenes":["27","1","2","3","4","5","6","7","8","9","10","11","12","13","14","15","21","24"],"campaignAdType":"Native","title":"Native first","subTitle":"First ","description":"New description","adClickThroughText":"FIRST Button","productId":"","purchaseBit":0,"licenseKey":""},{"campaignID":"9253","attribution":0,"priority":"8","appToPromote":{"appToPromoteID":"12315","usesDefaultFrameImage":"0","usesDefaultCloseImage":"0","marketURL":"google.com","packageID":"com.qabrand.plnative"},"showTemplate":1,"s2s_tracking_url":"google.com","activeCreativeID":"4683","scenes":["27","1","2","3","4","5","6","7","8","9","10","11","12","13","14","15","21","24"],"campaignAdType":"Native","title":"Native first","subTitle":"First ","description":"New description","adClickThroughText":"FIRST Button","productId":"","purchaseBit":0,"licenseKey":""},{"campaignID":"9255","attribution":0,"priority":"8","appToPromote":{"appToPromoteID":"13274","usesDefaultFrameImage":"0","usesDefaultCloseImage":"0","marketURL":"https:\/\/play.google.com\/store\/apps\/details?id=com.facebook.katana","packageID":"com.salon.adsalon"},"showTemplate":1,"s2s_tracking_url":"https:\/\/play.google.com\/store\/apps\/details?id=com.facebook.katana","activeCreativeID":"4685","scenes":["27","1","2","3","4","5","6","7","8","9","10","11","12","13","14","15","21","24"],"campaignAdType":"Native","title":"native NA ","subTitle":"native NA ","description":"native NA added","adClickThroughText":"native NA ","productId":"","purchaseBit":0,"licenseKey":""},{"campaignID":"9257","attribution":0,"priority":"8","appToPromote":{"appToPromoteID":"12286","usesDefaultFrameImage":"0","usesDefaultCloseImage":"0","marketURL":"google.com","packageID":"com.qabrand.Chartboost_Native"},"showTemplate":1,"s2s_tracking_url":"google.com","activeCreativeID":"4688","scenes":["27","1","2","3","4","5","6","7","8","9","10","11","12","13","14","15","21","24"],"campaignAdType":"Native","title":"Native second updated","subTitle":"Native second ","description":"Native second details","adClickThroughText":"Native second ","productId":"","purchaseBit":0,"licenseKey":""},{"campaignID":"9263","attribution":0,"priority":"8","appToPromote":{"appToPromoteID":"12315","usesDefaultFrameImage":"0","usesDefaultCloseImage":"0","marketURL":"google.com","packageID":"com.qabrand.plnative"},"showTemplate":1,"s2s_tracking_url":"google.com","activeCreativeID":"4694","scenes":["27","1","2","3","4","5","6","7","8","9","10","11","12","13","14","15","21","24"],"campaignAdType":"Native","title":"test","subTitle":"test","description":" test details update","adClickThroughText":"test","productId":"","purchaseBit":0,"licenseKey":""},{"campaignID":"9547","attribution":0,"priority":"8","appToPromote":{"appToPromoteID":"11879","usesDefaultFrameImage":"0","usesDefaultCloseImage":"0","marketURL":"https:\/\/play.google.com\/store\/apps\/details?id=com.buntoo.car.racing.games","packageID":"com.buntoo.car.racing.games"},"showTemplate":1,"s2s_tracking_url":"https:\/\/play.google.com\/store\/apps\/details?id=com.buntoo.car.racing.games","activeCreativeID":"4964","scenes":["27","1","2","3","4","5","6","7","8","9","10","11","12","13","14","15","21","24"],"campaignAdType":"Interstitial","productId":"","purchaseBit":0,"licenseKey":""},{"campaignID":"9127","attribution":0,"priority":"8","appToPromote":{"appToPromoteID":"17528","usesDefaultFrameImage":"0","usesDefaultCloseImage":"0","marketURL":"https:\/\/play.google.com\/store\/apps\/details?id=net.one97.paytm","packageID":"net.one97.paytm"},"showTemplate":1,"s2s_tracking_url":"https:\/\/tha.gotrackier.com\/click?campaign_id=63249\\u0026pub_id=75?p1=2504_9127_684&amp;source=6841&amp;app_name=PitStopCarMechanic&amp;gaid=684","activeCreativeID":"4788","scenes":["27","1","2","3","4","5","6","7","8","9","10","11","12","13","14","15","21","24"],"campaignAdType":"Native","title":"BCA","subTitle":"FW","description":"nope","adClickThroughText":"Link","productId":"","purchaseBit":0,"licenseKey":""},{"campaignID":"9131","attribution":0,"priority":"8","appToPromote":{"appToPromoteID":"17532","usesDefaultFrameImage":"0","usesDefaultCloseImage":"0","marketURL":"https:\/\/play.google.com\/store\/apps\/details?id=com.dhgate.buyermob","packageID":"com.dhgate.buyermob"},"showTemplate":1,"s2s_tracking_url":"https:\/\/tha.gotrackier.com\/click?campaign_id=63254\\u0026pub_id=75?p1=2504_9131_684&amp;source=6841&amp;app_name=PitStopCarMechanic&amp;gaid=684","activeCreativeID":"4483","scenes":["27","1","2","3","4","5","6","7","8","9","10","11","12","13","14","15","21","24"],"campaignAdType":"Interstitial","productId":"","purchaseBit":0,"licenseKey":""},{"campaignID":"8380","attribution_link":"","attribution":1,"priority":"7","appToPromote":{"appToPromoteID":"16480","usesDefaultFrameImage":"0","usesDefaultCloseImage":"0","marketURL":"https:\/\/play.google.com\/store\/apps\/details?id=com.nag.home.manager.working.virtual.mom","packageID":"com.GSS317.AmazingFamily"},"showTemplate":1,"s2s_tracking_url":"","activeCreativeID":"3720","scenes":["27","1","2","3","4","5","6","7","8","9","10","11","12","13","14","15","21","24"],"campaignAdType":"Interstitial","productId":"","purchaseBit":0,"licenseKey":""},{"campaignID":"444","attribution":0,"priority":"6","appToPromote":{"appToPromoteID":"3355","usesDefaultFrameImage":"0","usesDefaultCloseImage":"0","marketURL":"https:\/\/play.google.com\/store\/apps\/details?id=com.popnsons.parkour.mouse","packageID":"com.popnsons.parkour.mouse"},"showTemplate":1,"s2s_tracking_url":"https:\/\/play.google.com\/store\/apps\/details?id=com.popnsons.parkour.mouse","activeCreativeID":"469","scenes":["27","1","2","3","4","5","6","7","8","9","10","11","12","13","14","15","21","24"],"campaignAdType":"Interstitial","productId":"","purchaseBit":0,"licenseKey":""},{"campaignID":"561","attribution":0,"priority":"6","appToPromote":{"appToPromoteID":"5026","usesDefaultFrameImage":"0","usesDefaultCloseImage":"0","marketURL":"https:\/\/play.google.com\/store\/apps\/details?id=com.as.cashupapp","packageID":"com.as.cashupapp"},"showTemplate":1,"s2s_tracking_url":"https:\/\/play.google.com\/store\/apps\/details?id=com.as.cashupapp","activeCreativeID":"652","scenes":["27","1","2","3","4","5","6","7","8","9","10","11","12","13","14","15","21","24"],"campaignAdType":"Interstitial","productId":"","purchaseBit":0,"licenseKey":""},{"campaignID":"570","attribution":0,"priority":"6","appToPromote":{"appToPromoteID":"3802","usesDefaultFrameImage":"0","usesDefaultCloseImage":"0","marketURL":"https:\/\/play.google.com\/store\/apps\/details?id=com.Madxstudios.Flickshootsoccer","packageID":"com.Madxstudios.Flickshootsoccer"},"showTemplate":1,"s2s_tracking_url":"https:\/\/play.google.com\/store\/apps\/details?id=com.Madxstudios.Flickshootsoccer","activeCreativeID":"661","scenes":["27","1","2","3","4","5","6","7","8","9","10","11","12","13","14","15","21","24"],"campaignAdType":"Interstitial","productId":"","purchaseBit":0,"licenseKey":""},{"campaignID":"588","attribution":0,"priority":"6","appToPromote":{"appToPromoteID":"5026","usesDefaultFrameImage":"0","usesDefaultCloseImage":"0","marketURL":"https:\/\/play.google.com\/store\/apps\/details?id=com.as.cashupapp","packageID":"com.as.cashupapp"},"showTemplate":1,"s2s_tracking_url":"https:\/\/play.google.com\/store\/apps\/details?id=com.as.cashupapp","activeCreativeID":"652","scenes":["27","1","2","3","4","5","6","7","8","9","10","11","12","13","14","15","21","24"],"campaignAdType":"Interstitial","productId":"","purchaseBit":0,"licenseKey":""},{"campaignID":"8808","attribution_link":"","attribution":1,"priority":"5","appToPromote":{"appToPromoteID":"16528","usesDefaultFrameImage":"0","usesDefaultCloseImage":"0","marketURL":"https:\/\/play.google.com\/store\/apps\/details?id=com.bag.farm.day.village.farming.games","packageID":"com.GSS317.com.bag.farm.day.village.farming.games"},"showTemplate":1,"s2s_tracking_url":"","activeCreativeID":"3775","scenes":["27","1","2","3","4","5","6","7","8","9","10","11","12","13","14","15","21","24"],"campaignAdType":"Interstitial","productId":"","purchaseBit":0,"licenseKey":""},{"campaignID":"8973","attribution":0,"priority":"5","appToPromote":{"appToPromoteID":"15974","usesDefaultFrameImage":"0","usesDefaultCloseImage":"0","marketURL":"https:\/\/play.google.com\/store\/apps\/details?id=com.mustardgames.bmx.cycle.stunt.mega.ramp.impossibletracks","packageID":"com.mustardgames.bmx.cycle.stunt.mega.ramp.impossibletracks"},"showTemplate":1,"s2s_tracking_url":"https:\/\/play.google.com\/store\/apps\/details?id=com.mustardgames.bmx.cycle.stunt.mega.ramp.impossibletracks","activeCreativeID":"4339","scenes":["27","1","2","3","4","5","6","7","8","9","10","11","12","13","14","15","21","24"],"campaignAdType":"Interstitial","productId":"","purchaseBit":0,"licenseKey":""},{"campaignID":"557","attribution":0,"priority":"4","appToPromote":{"appToPromoteID":"4959","usesDefaultFrameImage":"0","usesDefaultCloseImage":"0","marketURL":"https:\/\/play.google.com\/store\/apps\/details?id=com.jet.plane.surfers.joyride.dash","packageID":"com.jet.plane.surfers.joyride.dash"},"showTemplate":1,"s2s_tracking_url":"https:\/\/play.google.com\/store\/apps\/details?id=com.jet.plane.surfers.joyride.dash","activeCreativeID":"645","scenes":["27","1","2","3","4","5","6","7","8","9","10","11","12","13","14","15","21","24"],"campaignAdType":"Interstitial","productId":"","purchaseBit":0,"licenseKey":""},{"campaignID":"559","attribution":0,"priority":"3","appToPromote":{"appToPromoteID":"3476","usesDefaultFrameImage":"0","usesDefaultCloseImage":"0","marketURL":"https:\/\/play.google.com\/store\/apps\/details?id=com.perspectivegames.real.impossible.tracks.stunts","packageID":"com.perspectivegames.real.impossible.tracks.stunts"},"showTemplate":1,"s2s_tracking_url":"https:\/\/play.google.com\/store\/apps\/details?id=com.perspectivegames.real.impossible.tracks.stunts","activeCreativeID":"649","scenes":["27","1","2","3","4","5","6","7","8","9","10","11","12","13","14","15","21","24"],"campaignAdType":"Interstitial","productId":"","purchaseBit":0,"licenseKey":""},{"campaignID":"741","attribution":0,"priority":"3","appToPromote":{"appToPromoteID":"5609","usesDefaultFrameImage":"0","usesDefaultCloseImage":"0","marketURL":"https:\/\/play.google.com\/store\/apps\/details?id=com.kick.gyroscopic.city.train.driver.simulator","packageID":"com.kick.gyroscopic.city.train.driver.simulator"},"showTemplate":1,"s2s_tracking_url":"https:\/\/play.google.com\/store\/apps\/details?id=com.kick.gyroscopic.city.train.driver.simulator","activeCreativeID":"753","scenes":["27","1","2","3","4","5","6","7","8","9","10","11","12","13","14","15","21","24"],"campaignAdType":"Interstitial","productId":"","purchaseBit":0,"licenseKey":""},{"campaignID":"798","attribution":0,"priority":"3","appToPromote":{"appToPromoteID":"5770","usesDefaultFrameImage":"0","usesDefaultCloseImage":"0","marketURL":"https:\/\/play.google.com\/store\/apps\/details?id=com.simulatorgames3d.alohacelebrations","packageID":"com.simulatorgames3d.alohacelebrations"},"showTemplate":1,"s2s_tracking_url":"https:\/\/play.google.com\/store\/apps\/details?id=com.simulatorgames3d.alohacelebrations","activeCreativeID":"787","scenes":["27","1","2","3","4","5","6","7","8","9","10","11","12","13","14","15","21","24"],"campaignAdType":"Interstitial","productId":"","purchaseBit":0,"licenseKey":""},{"campaignID":"8762","attribution":0,"priority":"2","appToPromote":{"appToPromoteID":"13265","usesDefaultFrameImage":"0","usesDefaultCloseImage":"0","marketURL":"https:\/\/play.google.com\/store\/apps\/details?id=com.rhg.tricky.bike.stunt.moto.master","packageID":"com.rhg.tricky.bike.stunt.moto.master"},"showTemplate":1,"s2s_tracking_url":"https:\/\/play.google.com\/store\/apps\/details?id=com.rhg.tricky.bike.stunt.moto.master","activeCreativeID":"4121","scenes":["27","1","2","3","4","5","6","7","8","9","10","11","12","13","14","15","21","24"],"campaignAdType":"Rewarded Video","productId":"","purchaseBit":0,"licenseKey":""},{"campaignID":"9366","attribution":0,"priority":"2","appToPromote":{"appToPromoteID":"17602","usesDefaultFrameImage":"0","usesDefaultCloseImage":"0","marketURL":"https:\/\/play.google.com\/store\/apps\/details?id=com.abaenglish.videoclass&amp;referrer=utm_source=42matters.com&amp;utm_medium=api","packageID":"com.abaenglish.videoclass"},"showTemplate":1,"s2s_tracking_url":"https:\/\/play.google.com\/store\/apps\/details?id=com.abaenglish.videoclass&amp;referrer=utm_source=42matters.com&amp;utm_medium=api","activeCreativeID":"4815","scenes":["27","1","2","3","4","5","6","7","8","9","10","11","12","13","14","15","21","24"],"campaignAdType":"Interstitial","productId":"","purchaseBit":0,"licenseKey":""},{"campaignID":"9367","attribution":0,"priority":"2","appToPromote":{"appToPromoteID":"17602","usesDefaultFrameImage":"0","usesDefaultCloseImage":"0","marketURL":"https:\/\/play.google.com\/store\/apps\/details?id=com.abaenglish.videoclass&amp;referrer=utm_source=42matters.com&amp;utm_medium=api","packageID":"com.abaenglish.videoclass"},"showTemplate":1,"s2s_tracking_url":"https:\/\/play.google.com\/store\/apps\/details?id=com.abaenglish.videoclass&amp;referrer=utm_source=42matters.com&amp;utm_medium=api","activeCreativeID":"4815","scenes":["27","1","2","3","4","5","6","7","8","9","10","11","12","13","14","15","21","24"],"campaignAdType":"Interstitial","productId":"","purchaseBit":0,"licenseKey":""},{"campaignID":"9368","attribution":0,"priority":"2","appToPromote":{"appToPromoteID":"17602","usesDefaultFrameImage":"0","usesDefaultCloseImage":"0","marketURL":"https:\/\/play.google.com\/store\/apps\/details?id=com.abaenglish.videoclass&amp;referrer=utm_source=42matters.com&amp;utm_medium=api","packageID":"com.abaenglish.videoclass"},"showTemplate":1,"s2s_tracking_url":"https:\/\/play.google.com\/store\/apps\/details?id=com.abaenglish.videoclass&amp;referrer=utm_source=42matters.com&amp;utm_medium=api","activeCreativeID":"4815","scenes":["27","1","2","3","4","5","6","7","8","9","10","11","12","13","14","15","21","24"],"campaignAdType":"Interstitial","productId":"","purchaseBit":0,"licenseKey":""},{"campaignID":"9369","attribution":0,"priority":"2","appToPromote":{"appToPromoteID":"17602","usesDefaultFrameImage":"0","usesDefaultCloseImage":"0","marketURL":"https:\/\/play.google.com\/store\/apps\/details?id=com.abaenglish.videoclass&amp;referrer=utm_source=42matters.com&amp;utm_medium=api","packageID":"com.abaenglish.videoclass"},"showTemplate":1,"s2s_tracking_url":"https:\/\/play.google.com\/store\/apps\/details?id=com.abaenglish.videoclass&amp;referrer=utm_source=42matters.com&amp;utm_medium=api","activeCreativeID":"4815","scenes":["27","1","2","3","4","5","6","7","8","9","10","11","12","13","14","15","21","24"],"campaignAdType":"Interstitial","productId":"","purchaseBit":0,"licenseKey":""}],"refreshAdRate":0,"mode":"Production","aspectRatio":"4_3","cdnPath":"https:\/\/df8ymybeo92md.cloudfront.net\/images\/","sentry_log":0,"local_logging":0,"sentry_dsn":"https:\/\/93ffa1c9a4124f67b8888a53265f751a:bbf998e04584477fa9a145838e9d3b26@sentry.io\/168994","sentry_initialization":1,"sentry_debugging":0,"bannerSizes":["1"],"aspectRatioVideo":"16_9","app_id":"2504","showPreRewardedDialogue":0,"showPostRewardedDialogue":0,"rewardCurrency":"coins","rewardValue":0,"isSkipable":0,"privacyPolicyURL":"https:\/\/www.consoliads.com\/privacy-policy\/","sessionToken":"O1aEknXOGlSqKm7n\/u4HlPSsK\/XLr\/Sso+bSiyK3SlN94bNHSq+qQOcrQ4BeWbHnY1U+bZV29MQsWJsxPAOMDIJNBgBh8yyYQcYP0JdQ7O2oK0u\/WBHSjP7XhQnARRcm\/pKau637D9FCO2m0fT1TOv02c0PIJx1vK\/Y26D2FKcY="}
Session token value is set


{"appKey":"aee1c1ce85b1b8e194b01eb3f0d44b23","deviceID":"1633","stats":[{"campaignID":214,"packageID":"com.gss.robot.bike.transport.truck","sceneStats":[{"sceneID":"5","eventStats":"317,217,117,17,17,0,0"}]}],"sdkVersion":"39","sessionToken":"O1aEknXOGlSqKm7n\/u4HlPSsK\/XLr\/Sso+bSiyK3SlN94bNHSq+qQOcrQ4BeWbHnY1U+bZV29MQsWJsxPAOMDIJNBgBh8yyYQcYP0JdQ7O2oK0u\/WBHSjP7XhQnARRcm\/pKau637D9FCO2m0fT1TOv02c0PIJx1vK\/Y26D2FKcY="}
cache_ttl value is correct

Refresh Ad Rate value is correct
mode value is set

 Aspect ratio value is correct
sentry_log value is set
local_logging value is set
sentry_initialization value is set
sentry_debugging value is set
showPreRewardedDialogue value is set
showPostRewardedDialogue value is set
isSkipable value is set
{"cache_ttl":10080,"cache_ttl_rewarded":10080,"cache_ttl_banner":10080,"cache_ttl_native":10080,"cache_ttl_icon":10080,"campaigns":[{"campaignID":"8378","attribution":0,"priority":"8","appToPromote":{"appToPromoteID":"16480","usesDefaultFrameImage":"0","usesDefaultCloseImage":"0","marketURL":"https:\/\/play.google.com\/store\/apps\/details?id=com.nag.home.manager.working.virtual.mom","packageID":"com.GSS317.AmazingFamily"},"showTemplate":1,"s2s_tracking_url":"https:\/\/play.google.com\/store\/apps\/details?id=com.nag.home.manager.working.virtual.mom","activeCreativeID":"3720","scenes":["12","1","8","6","15","2"],"campaignAdType":"Interstitial","productId":"","purchaseBit":0,"licenseKey":""},{"campaignID":"9547","attribution":0,"priority":"8","appToPromote":{"appToPromoteID":"11879","usesDefaultFrameImage":"0","usesDefaultCloseImage":"0","marketURL":"https:\/\/play.google.com\/store\/apps\/details?id=com.buntoo.car.racing.games","packageID":"com.buntoo.car.racing.games"},"showTemplate":1,"s2s_tracking_url":"https:\/\/play.google.com\/store\/apps\/details?id=com.buntoo.car.racing.games","activeCreativeID":"4964","scenes":["12","1","8","6","15","2"],"campaignAdType":"Interstitial","productId":"","purchaseBit":0,"licenseKey":""},{"campaignID":"9586","attribution":0,"priority":"8","appToPromote":{"appToPromoteID":"515","usesDefaultFrameImage":"1","usesDefaultCloseImage":"1","marketURL":"https:\/\/play.google.com\/store\/apps\/details?id=com.plum.cash.counter.simualtor","packageID":"com.plum.cash.counter.simualtor"},"showTemplate":1,"s2s_tracking_url":"https:\/\/play.google.com\/store\/apps\/details?id=com.plum.cash.counter.simualtor","activeCreativeID":"50","scenes":["12","1","8","6","15","2"],"campaignAdType":"Interstitial","productId":"","purchaseBit":0,"licenseKey":""},{"campaignID":"9587","attribution":0,"priority":"8","appToPromote":{"appToPromoteID":"515","usesDefaultFrameImage":"1","usesDefaultCloseImage":"1","marketURL":"https:\/\/play.google.com\/store\/apps\/details?id=com.plum.cash.counter.simualtor","packageID":"com.plum.cash.counter.simualtor"},"showTemplate":1,"s2s_tracking_url":"https:\/\/play.google.com\/store\/apps\/details?id=com.plum.cash.counter.simualtor","activeCreativeID":"50","scenes":["12","1","8","6","15","2"],"campaignAdType":"Interstitial","productId":"","purchaseBit":0,"licenseKey":""},{"campaignID":"9588","attribution":0,"priority":"8","appToPromote":{"appToPromoteID":"515","usesDefaultFrameImage":"1","usesDefaultCloseImage":"1","marketURL":"https:\/\/play.google.com\/store\/apps\/details?id=com.plum.cash.counter.simualtor","packageID":"com.plum.cash.counter.simualtor"},"showTemplate":1,"s2s_tracking_url":"https:\/\/play.google.com\/store\/apps\/details?id=com.plum.cash.counter.simualtor","activeCreativeID":"50","scenes":["12","1","8","6","15","2"],"campaignAdType":"Interstitial","productId":"","purchaseBit":0,"licenseKey":""},{"campaignID":"9589","attribution":0,"priority":"8","appToPromote":{"appToPromoteID":"515","usesDefaultFrameImage":"1","usesDefaultCloseImage":"1","marketURL":"https:\/\/play.google.com\/store\/apps\/details?id=com.plum.cash.counter.simualtor","packageID":"com.plum.cash.counter.simualtor"},"showTemplate":1,"s2s_tracking_url":"https:\/\/play.google.com\/store\/apps\/details?id=com.plum.cash.counter.simualtor","activeCreativeID":"50","scenes":["12","1","8","6","15","2"],"campaignAdType":"Interstitial","productId":"","purchaseBit":0,"licenseKey":""},{"campaignID":"9131","attribution":0,"priority":"8","appToPromote":{"appToPromoteID":"17532","usesDefaultFrameImage":"0","usesDefaultCloseImage":"0","marketURL":"https:\/\/play.google.com\/store\/apps\/details?id=com.dhgate.buyermob","packageID":"com.dhgate.buyermob"},"showTemplate":1,"s2s_tracking_url":"https:\/\/tha.gotrackier.com\/click?campaign_id=63254\\u0026pub_id=75?p1=2613_9131_1633&amp;source=6841&amp;app_name=RobotBikeTransportTruck&amp;gaid=1633","activeCreativeID":"4483","scenes":["12","1","8","6","15","2"],"campaignAdType":"Interstitial","productId":"","purchaseBit":0,"licenseKey":""},{"campaignID":"8380","attribution_link":"","attribution":1,"priority":"7","appToPromote":{"appToPromoteID":"16480","usesDefaultFrameImage":"0","usesDefaultCloseImage":"0","marketURL":"https:\/\/play.google.com\/store\/apps\/details?id=com.nag.home.manager.working.virtual.mom","packageID":"com.GSS317.AmazingFamily"},"showTemplate":1,"s2s_tracking_url":"","activeCreativeID":"3720","scenes":["12","1","8","6","15","2"],"campaignAdType":"Interstitial","productId":"","purchaseBit":0,"licenseKey":""},{"campaignID":"444","attribution":0,"priority":"6","appToPromote":{"appToPromoteID":"3355","usesDefaultFrameImage":"0","usesDefaultCloseImage":"0","marketURL":"https:\/\/play.google.com\/store\/apps\/details?id=com.popnsons.parkour.mouse","packageID":"com.popnsons.parkour.mouse"},"showTemplate":1,"s2s_tracking_url":"https:\/\/play.google.com\/store\/apps\/details?id=com.popnsons.parkour.mouse","activeCreativeID":"469","scenes":["12","1","8","6","15","2"],"campaignAdType":"Interstitial","productId":"","purchaseBit":0,"licenseKey":""},{"campaignID":"561","attribution":0,"priority":"6","appToPromote":{"appToPromoteID":"5026","usesDefaultFrameImage":"0","usesDefaultCloseImage":"0","marketURL":"https:\/\/play.google.com\/store\/apps\/details?id=com.as.cashupapp","packageID":"com.as.cashupapp"},"showTemplate":1,"s2s_tracking_url":"https:\/\/play.google.com\/store\/apps\/details?id=com.as.cashupapp","activeCreativeID":"652","scenes":["12","1","8","6","15","2"],"campaignAdType":"Interstitial","productId":"","purchaseBit":0,"licenseKey":""},{"campaignID":"570","attribution":0,"priority":"6","appToPromote":{"appToPromoteID":"3802","usesDefaultFrameImage":"0","usesDefaultCloseImage":"0","marketURL":"https:\/\/play.google.com\/store\/apps\/details?id=com.Madxstudios.Flickshootsoccer","packageID":"com.Madxstudios.Flickshootsoccer"},"showTemplate":1,"s2s_tracking_url":"https:\/\/play.google.com\/store\/apps\/details?id=com.Madxstudios.Flickshootsoccer","activeCreativeID":"661","scenes":["12","1","8","6","15","2"],"campaignAdType":"Interstitial","productId":"","purchaseBit":0,"licenseKey":""},{"campaignID":"588","attribution":0,"priority":"6","appToPromote":{"appToPromoteID":"5026","usesDefaultFrameImage":"0","usesDefaultCloseImage":"0","marketURL":"https:\/\/play.google.com\/store\/apps\/details?id=com.as.cashupapp","packageID":"com.as.cashupapp"},"showTemplate":1,"s2s_tracking_url":"https:\/\/play.google.com\/store\/apps\/details?id=com.as.cashupapp","activeCreativeID":"652","scenes":["12","1","8","6","15","2"],"campaignAdType":"Interstitial","productId":"","purchaseBit":0,"licenseKey":""},{"campaignID":"8808","attribution_link":"","attribution":1,"priority":"5","appToPromote":{"appToPromoteID":"16528","usesDefaultFrameImage":"0","usesDefaultCloseImage":"0","marketURL":"https:\/\/play.google.com\/store\/apps\/details?id=com.bag.farm.day.village.farming.games","packageID":"com.GSS317.com.bag.farm.day.village.farming.games"},"showTemplate":1,"s2s_tracking_url":"","activeCreativeID":"3775","scenes":["12","1","8","6","15","2"],"campaignAdType":"Interstitial","productId":"","purchaseBit":0,"licenseKey":""},{"campaignID":"8973","attribution":0,"priority":"5","appToPromote":{"appToPromoteID":"15974","usesDefaultFrameImage":"0","usesDefaultCloseImage":"0","marketURL":"https:\/\/play.google.com\/store\/apps\/details?id=com.mustardgames.bmx.cycle.stunt.mega.ramp.impossibletracks","packageID":"com.mustardgames.bmx.cycle.stunt.mega.ramp.impossibletracks"},"showTemplate":1,"s2s_tracking_url":"https:\/\/play.google.com\/store\/apps\/details?id=com.mustardgames.bmx.cycle.stunt.mega.ramp.impossibletracks","activeCreativeID":"4339","scenes":["12","1","8","6","15","2"],"campaignAdType":"Interstitial","productId":"","purchaseBit":0,"licenseKey":""},{"campaignID":"557","attribution":0,"priority":"4","appToPromote":{"appToPromoteID":"4959","usesDefaultFrameImage":"0","usesDefaultCloseImage":"0","marketURL":"https:\/\/play.google.com\/store\/apps\/details?id=com.jet.plane.surfers.joyride.dash","packageID":"com.jet.plane.surfers.joyride.dash"},"showTemplate":1,"s2s_tracking_url":"https:\/\/play.google.com\/store\/apps\/details?id=com.jet.plane.surfers.joyride.dash","activeCreativeID":"645","scenes":["12","1","8","6","15","2"],"campaignAdType":"Interstitial","productId":"","purchaseBit":0,"licenseKey":""},{"campaignID":"414","attribution":0,"priority":"3","appToPromote":{"appToPromoteID":"3023","usesDefaultFrameImage":"0","usesDefaultCloseImage":"0","marketURL":"https:\/\/play.google.com\/store\/apps\/details?id=com.appricot2d.rolo.pet.parrot","packageID":"com.appricot2d.rolo.pet.parrot"},"showTemplate":1,"s2s_tracking_url":"https:\/\/play.google.com\/store\/apps\/details?id=com.appricot2d.rolo.pet.parrot","activeCreativeID":"385","scenes":["12","1","8","6","15","2"],"campaignAdType":"Interstitial","productId":"","purchaseBit":0,"licenseKey":""},{"campaignID":"559","attribution":0,"priority":"3","appToPromote":{"appToPromoteID":"3476","usesDefaultFrameImage":"0","usesDefaultCloseImage":"0","marketURL":"https:\/\/play.google.com\/store\/apps\/details?id=com.perspectivegames.real.impossible.tracks.stunts","packageID":"com.perspectivegames.real.impossible.tracks.stunts"},"showTemplate":1,"s2s_tracking_url":"https:\/\/play.google.com\/store\/apps\/details?id=com.perspectivegames.real.impossible.tracks.stunts","activeCreativeID":"649","scenes":["12","1","8","6","15","2"],"campaignAdType":"Interstitial","productId":"","purchaseBit":0,"licenseKey":""},{"campaignID":"741","attribution":0,"priority":"3","appToPromote":{"appToPromoteID":"5609","usesDefaultFrameImage":"0","usesDefaultCloseImage":"0","marketURL":"https:\/\/play.google.com\/store\/apps\/details?id=com.kick.gyroscopic.city.train.driver.simulator","packageID":"com.kick.gyroscopic.city.train.driver.simulator"},"showTemplate":1,"s2s_tracking_url":"https:\/\/play.google.com\/store\/apps\/details?id=com.kick.gyroscopic.city.train.driver.simulator","activeCreativeID":"753","scenes":["12","1","8","6","15","2"],"campaignAdType":"Interstitial","productId":"","purchaseBit":0,"licenseKey":""},{"campaignID":"798","attribution":0,"priority":"3","appToPromote":{"appToPromoteID":"5770","usesDefaultFrameImage":"0","usesDefaultCloseImage":"0","marketURL":"https:\/\/play.google.com\/store\/apps\/details?id=com.simulatorgames3d.alohacelebrations","packageID":"com.simulatorgames3d.alohacelebrations"},"showTemplate":1,"s2s_tracking_url":"https:\/\/play.google.com\/store\/apps\/details?id=com.simulatorgames3d.alohacelebrations","activeCreativeID":"787","scenes":["12","1","8","6","15","2"],"campaignAdType":"Interstitial","productId":"","purchaseBit":0,"licenseKey":""},{"campaignID":"1483","attribution":0,"priority":"3","appToPromote":{"appToPromoteID":"1714","usesDefaultFrameImage":"1","usesDefaultCloseImage":"1","marketURL":"https:\/\/play.google.com\/store\/apps\/details?id=com.playink.cookie.maker","packageID":"com.playink.cookie.maker"},"showTemplate":1,"s2s_tracking_url":"https:\/\/play.google.com\/store\/apps\/details?id=com.playink.cookie.maker","activeCreativeID":"1020","scenes":["12","1","8","6","15","2"],"campaignAdType":"Interstitial","productId":"","purchaseBit":0,"licenseKey":""},{"campaignID":"8762","attribution":0,"priority":"2","appToPromote":{"appToPromoteID":"13265","usesDefaultFrameImage":"0","usesDefaultCloseImage":"0","marketURL":"https:\/\/play.google.com\/store\/apps\/details?id=com.rhg.tricky.bike.stunt.moto.master","packageID":"com.rhg.tricky.bike.stunt.moto.master"},"showTemplate":1,"s2s_tracking_url":"https:\/\/play.google.com\/store\/apps\/details?id=com.rhg.tricky.bike.stunt.moto.master","activeCreativeID":"4121","scenes":["12","1","8","6","15","2"],"campaignAdType":"Rewarded Video","productId":"","purchaseBit":0,"licenseKey":""},{"campaignID":"9366","attribution":0,"priority":"2","appToPromote":{"appToPromoteID":"17602","usesDefaultFrameImage":"0","usesDefaultCloseImage":"0","marketURL":"https:\/\/play.google.com\/store\/apps\/details?id=com.abaenglish.videoclass&amp;referrer=utm_source=42matters.com&amp;utm_medium=api","packageID":"com.abaenglish.videoclass"},"showTemplate":1,"s2s_tracking_url":"https:\/\/play.google.com\/store\/apps\/details?id=com.abaenglish.videoclass&amp;referrer=utm_source=42matters.com&amp;utm_medium=api","activeCreativeID":"4815","scenes":["12","1","8","6","15","2"],"campaignAdType":"Interstitial","productId":"","purchaseBit":0,"licenseKey":""}],"refreshAdRate":30,"mode":"Production","aspectRatio":"4_3","cdnPath":"https:\/\/df8ymybeo92md.cloudfront.net\/images\/","sentry_log":0,"local_logging":0,"sentry_dsn":"https:\/\/93ffa1c9a4124f67b8888a53265f751a:bbf998e04584477fa9a145838e9d3b26@sentry.io\/168994","sentry_initialization":1,"sentry_debugging":0,"bannerSizes":["5"],"aspectRatioVideo":"16_9","app_id":"2613","showPreRewardedDialogue":0,"showPostRewardedDialogue":0,"rewardCurrency":"coins","rewardValue":0,"isSkipable":0,"privacyPolicyURL":"https:\/\/www.consoliads.com\/privacy-policy\/","sessionToken":"mupNtpiNCWqdtZUcHU35HUNuugKwrgxyW+L0TYkw4++WMjtF8tIw2ymEbZCfjnQ+4aD+iZhTXmzZrG2sos4e6ntQG+uw2UNSLWJFJGxaV05JBOvobPXDBs\/ATOwZOXuD46BYcdyiMDjdvvuXExRRQNRuyAX\/hU5VkJkOW22u26o="}
Session token value is set


{"appKey":"6321e187a94be2ff678451a5e73bbf42","deviceID":"9550","stats":[{"campaignID":215,"packageID":"com.gamefeast.moto.robot.transformation","sceneStats":[{"sceneID":"24","eventStats":"395,295,195,95,95,0,0"}]}],"sdkVersion":"39","sessionToken":"mupNtpiNCWqdtZUcHU35HUNuugKwrgxyW+L0TYkw4++WMjtF8tIw2ymEbZCfjnQ+4aD+iZhTXmzZrG2sos4e6ntQG+uw2UNSLWJFJGxaV05JBOvobPXDBs\/ATOwZOXuD46BYcdyiMDjdvvuXExRRQNRuyAX\/hU5VkJkOW22u26o="}
cache_ttl value is correct

Refresh Ad Rate value is correct
mode value is set

 Aspect ratio value is correct
sentry_log value is set
local_logging value is set
sentry_initialization value is set
sentry_debugging value is set
showPreRewardedDialogue value is set
showPostRewardedDialogue value is set
isSkipable value is set
{"cache_ttl":10080,"cache_ttl_rewarded":10080,"cache_ttl_banner":10080,"cache_ttl_native":10080,"cache_ttl_icon":10080,"campaigns":[{"campaignID":"8378","attribution":0,"priority":"8","appToPromote":{"appToPromoteID":"16480","usesDefaultFrameImage":"0","usesDefaultCloseImage":"0","marketURL":"https:\/\/play.google.com\/store\/apps\/details?id=com.nag.home.manager.working.virtual.mom","packageID":"com.GSS317.AmazingFamily"},"showTemplate":1,"s2s_tracking_url":"https:\/\/play.google.com\/store\/apps\/details?id=com.nag.home.manager.working.virtual.mom","activeCreativeID":"3720","scenes":["12","1","8","6","15","2"],"campaignAdType":"Interstitial","productId":"","purchaseBit":0,"licenseKey":""},{"campaignID":"9547","attribution":0,"priority":"8","appToPromote":{"appToPromoteID":"11879","usesDefaultFrameImage":"0","usesDefaultCloseImage":"0","marketURL":"https:\/\/play.google.com\/store\/apps\/details?id=com.buntoo.car.racing.games","packageID":"com.buntoo.car.racing.games"},"showTemplate":1,"s2s_tracking_url":"https:\/\/play.google.com\/store\/apps\/details?id=com.buntoo.car.racing.games","activeCreativeID":"4964","scenes":["12","1","8","6","15","2"],"campaignAdType":"Interstitial","productId":"","purchaseBit":0,"licenseKey":""},{"campaignID":"9586","attribution":0,"priority":"8","appToPromote":{"appToPromoteID":"515","usesDefaultFrameImage":"1","usesDefaultCloseImage":"1","marketURL":"https:\/\/play.google.com\/store\/apps\/details?id=com.plum.cash.counter.simualtor","packageID":"com.plum.cash.counter.simualtor"},"showTemplate":1,"s2s_tracking_url":"https:\/\/play.google.com\/store\/apps\/details?id=com.plum.cash.counter.simualtor","activeCreativeID":"50","scenes":["12","1","8","6","15","2"],"campaignAdType":"Interstitial","productId":"","purchaseBit":0,"licenseKey":""},{"campaignID":"9587","attribution":0,"priority":"8","appToPromote":{"appToPromoteID":"515","usesDefaultFrameImage":"1","usesDefaultCloseImage":"1","marketURL":"https:\/\/play.google.com\/store\/apps\/details?id=com.plum.cash.counter.simualtor","packageID":"com.plum.cash.counter.simualtor"},"showTemplate":1,"s2s_tracking_url":"https:\/\/play.google.com\/store\/apps\/details?id=com.plum.cash.counter.simualtor","activeCreativeID":"50","scenes":["12","1","8","6","15","2"],"campaignAdType":"Interstitial","productId":"","purchaseBit":0,"licenseKey":""},{"campaignID":"9588","attribution":0,"priority":"8","appToPromote":{"appToPromoteID":"515","usesDefaultFrameImage":"1","usesDefaultCloseImage":"1","marketURL":"https:\/\/play.google.com\/store\/apps\/details?id=com.plum.cash.counter.simualtor","packageID":"com.plum.cash.counter.simualtor"},"showTemplate":1,"s2s_tracking_url":"https:\/\/play.google.com\/store\/apps\/details?id=com.plum.cash.counter.simualtor","activeCreativeID":"50","scenes":["12","1","8","6","15","2"],"campaignAdType":"Interstitial","productId":"","purchaseBit":0,"licenseKey":""},{"campaignID":"9589","attribution":0,"priority":"8","appToPromote":{"appToPromoteID":"515","usesDefaultFrameImage":"1","usesDefaultCloseImage":"1","marketURL":"https:\/\/play.google.com\/store\/apps\/details?id=com.plum.cash.counter.simualtor","packageID":"com.plum.cash.counter.simualtor"},"showTemplate":1,"s2s_tracking_url":"https:\/\/play.google.com\/store\/apps\/details?id=com.plum.cash.counter.simualtor","activeCreativeID":"50","scenes":["12","1","8","6","15","2"],"campaignAdType":"Interstitial","productId":"","purchaseBit":0,"licenseKey":""},{"campaignID":"9131","attribution":0,"priority":"8","appToPromote":{"appToPromoteID":"17532","usesDefaultFrameImage":"0","usesDefaultCloseImage":"0","marketURL":"https:\/\/play.google.com\/store\/apps\/details?id=com.dhgate.buyermob","packageID":"com.dhgate.buyermob"},"showTemplate":1,"s2s_tracking_url":"https:\/\/tha.gotrackier.com\/click?campaign_id=63254\\u0026pub_id=75?p1=2598_9131_9550&amp;source=6841&amp;app_name=SuperMotoRobotTransform&amp;gaid=9550","activeCreativeID":"4483","scenes":["12","1","8","6","15","2"],"campaignAdType":"Interstitial","productId":"","purchaseBit":0,"licenseKey":""},{"campaignID":"8380","attribution_link":"","attribution":1,"priority":"7","appToPromote":{"appToPromoteID":"16480","usesDefaultFrameImage":"0","usesDefaultCloseImage":"0","marketURL":"https:\/\/play.google.com\/store\/apps\/details?id=com.nag.home.manager.working.virtual.mom","packageID":"com.GSS317.AmazingFamily"},"showTemplate":1,"s2s_tracking_url":"","activeCreativeID":"3720","scenes":["12","1","8","6","15","2"],"campaignAdType":"Interstitial","productId":"","purchaseBit":0,"licenseKey":""},{"campaignID":"444","attribution":0,"priority":"6","appToPromote":{"appToPromoteID":"3355","usesDefaultFrameImage":"0","usesDefaultCloseImage":"0","marketURL":"https:\/\/play.google.com\/store\/apps\/details?id=com.popnsons.parkour.mouse","packageID":"com.popnsons.parkour.mouse"},"showTemplate":1,"s2s_tracking_url":"https:\/\/play.google.com\/store\/apps\/details?id=com.popnsons.parkour.mouse","activeCreativeID":"469","scenes":["12","1","8","6","15","2"],"campaignAdType":"Interstitial","productId":"","purchaseBit":0,"licenseKey":""},{"campaignID":"561","attribution":0,"priority":"6","appToPromote":{"appToPromoteID":"5026","usesDefaultFrameImage":"0","usesDefaultCloseImage":"0","marketURL":"https:\/\/play.google.com\/store\/apps\/details?id=com.as.cashupapp","packageID":"com.as.cashupapp"},"showTemplate":1,"s2s_tracking_url":"https:\/\/play.google.com\/store\/apps\/details?id=com.as.cashupapp","activeCreativeID":"652","scenes":["12","1","8","6","15","2"],"campaignAdType":"Interstitial","productId":"","purchaseBit":0,"licenseKey":""},{"campaignID":"570","attribution":0,"priority":"6","appToPromote":{"appToPromoteID":"3802","usesDefaultFrameImage":"0","usesDefaultCloseImage":"0","marketURL":"https:\/\/play.google.com\/store\/apps\/details?id=com.Madxstudios.Flickshootsoccer","packageID":"com.Madxstudios.Flickshootsoccer"},"showTemplate":1,"s2s_tracking_url":"https:\/\/play.google.com\/store\/apps\/details?id=com.Madxstudios.Flickshootsoccer","activeCreativeID":"661","scenes":["12","1","8","6","15","2"],"campaignAdType":"Interstitial","productId":"","purchaseBit":0,"licenseKey":""},{"campaignID":"588","attribution":0,"priority":"6","appToPromote":{"appToPromoteID":"5026","usesDefaultFrameImage":"0","usesDefaultCloseImage":"0","marketURL":"https:\/\/play.google.com\/store\/apps\/details?id=com.as.cashupapp","packageID":"com.as.cashupapp"},"showTemplate":1,"s2s_tracking_url":"https:\/\/play.google.com\/store\/apps\/details?id=com.as.cashupapp","activeCreativeID":"652","scenes":["12","1","8","6","15","2"],"campaignAdType":"Interstitial","productId":"","purchaseBit":0,"licenseKey":""},{"campaignID":"8808","attribution_link":"","attribution":1,"priority":"5","appToPromote":{"appToPromoteID":"16528","usesDefaultFrameImage":"0","usesDefaultCloseImage":"0","marketURL":"https:\/\/play.google.com\/store\/apps\/details?id=com.bag.farm.day.village.farming.games","packageID":"com.GSS317.com.bag.farm.day.village.farming.games"},"showTemplate":1,"s2s_tracking_url":"","activeCreativeID":"3775","scenes":["12","1","8","6","15","2"],"campaignAdType":"Interstitial","productId":"","purchaseBit":0,"licenseKey":""},{"campaignID":"8876","attribution":0,"priority":"5","appToPromote":{"appToPromoteID":"15640","usesDefaultFrameImage":"0","usesDefaultCloseImage":"0","marketURL":"https:\/\/play.google.com\/store\/apps\/details?id=com.pgz.police.bike.stunt.ramp.bike.racing.games","packageID":"com.pgz.police.bike.stunt.ramp.bike.racing.games"},"showTemplate":1,"s2s_tracking_url":"https:\/\/play.google.com\/store\/apps\/details?id=com.pgz.police.bike.stunt.ramp.bike.racing.games","activeCreativeID":"4236","scenes":["12","1","8","6","15","2"],"campaignAdType":"Interstitial","productId":"","purchaseBit":0,"licenseKey":""},{"campaignID":"8973","attribution":0,"priority":"5","appToPromote":{"appToPromoteID":"15974","usesDefaultFrameImage":"0","usesDefaultCloseImage":"0","marketURL":"https:\/\/play.google.com\/store\/apps\/details?id=com.mustardgames.bmx.cycle.stunt.mega.ramp.impossibletracks","packageID":"com.mustardgames.bmx.cycle.stunt.mega.ramp.impossibletracks"},"showTemplate":1,"s2s_tracking_url":"https:\/\/play.google.com\/store\/apps\/details?id=com.mustardgames.bmx.cycle.stunt.mega.ramp.impossibletracks","activeCreativeID":"4339","scenes":["12","1","8","6","15","2"],"campaignAdType":"Interstitial","productId":"","purchaseBit":0,"licenseKey":""},{"campaignID":"557","attribution":0,"priority":"4","appToPromote":{"appToPromoteID":"4959","usesDefaultFrameImage":"0","usesDefaultCloseImage":"0","marketURL":"https:\/\/play.google.com\/store\/apps\/details?id=com.jet.plane.surfers.joyride.dash","packageID":"com.jet.plane.surfers.joyride.dash"},"showTemplate":1,"s2s_tracking_url":"https:\/\/play.google.com\/store\/apps\/details?id=com.jet.plane.surfers.joyride.dash","activeCreativeID":"645","scenes":["12","1","8","6","15","2"],"campaignAdType":"Interstitial","productId":"","purchaseBit":0,"licenseKey":""},{"campaignID":"414","attribution":0,"priority":"3","appToPromote":{"appToPromoteID":"3023","usesDefaultFrameImage":"0","usesDefaultCloseImage":"0","marketURL":"https:\/\/play.google.com\/store\/apps\/details?id=com.appricot2d.rolo.pet.parrot","packageID":"com.appricot2d.rolo.pet.parrot"},"showTemplate":1,"s2s_tracking_url":"https:\/\/play.google.com\/store\/apps\/details?id=com.appricot2d.rolo.pet.parrot","activeCreativeID":"385","scenes":["12","1","8","6","15","2"],"campaignAdType":"Interstitial","productId":"","purchaseBit":0,"licenseKey":""},{"campaignID":"559","attribution":0,"priority":"3","appToPromote":{"appToPromoteID":"3476","usesDefaultFrameImage":"0","usesDefaultCloseImage":"0","marketURL":"https:\/\/play.google.com\/store\/apps\/details?id=com.perspectivegames.real.impossible.tracks.stunts","packageID":"com.perspectivegames.real.impossible.tracks.stunts"},"showTemplate":1,"s2s_tracking_url":"https:\/\/play.google.com\/store\/apps\/details?id=com.perspectivegames.real.impossible.tracks.stunts","activeCreativeID":"649","scenes":["12","1","8","6","15","2"],"campaignAdType":"Interstitial","productId":"","purchaseBit":0,"licenseKey":""},{"campaignID":"741","attribution":0,"priority":"3","appToPromote":{"appToPromoteID":"5609","usesDefaultFrameImage":"0","usesDefaultCloseImage":"0","marketURL":"https:\/\/play.google.com\/store\/apps\/details?id=com.kick.gyroscopic.city.train.driver.simulator","packageID":"com.kick.gyroscopic.city.train.driver.simulator"},"showTemplate":1,"s2s_tracking_url":"https:\/\/play.google.com\/store\/apps\/details?id=com.kick.gyroscopic.city.train.driver.simulator","activeCreativeID":"753","scenes":["12","1","8","6","15","2"],"campaignAdType":"Interstitial","productId":"","purchaseBit":0,"licenseKey":""},{"campaignID":"798","attribution":0,"priority":"3","appToPromote":{"appToPromoteID":"5770","usesDefaultFrameImage":"0","usesDefaultCloseImage":"0","marketURL":"https:\/\/play.google.com\/store\/apps\/details?id=com.simulatorgames3d.alohacelebrations","packageID":"com.simulatorgames3d.alohacelebrations"},"showTemplate":1,"s2s_tracking_url":"https:\/\/play.google.com\/store\/apps\/details?id=com.simulatorgames3d.alohacelebrations","activeCreativeID":"787","scenes":["12","1","8","6","15","2"],"campaignAdType":"Interstitial","productId":"","purchaseBit":0,"licenseKey":""},{"campaignID":"1483","attribution":0,"priority":"3","appToPromote":{"appToPromoteID":"1714","usesDefaultFrameImage":"1","usesDefaultCloseImage":"1","marketURL":"https:\/\/play.google.com\/store\/apps\/details?id=com.playink.cookie.maker","packageID":"com.playink.cookie.maker"},"showTemplate":1,"s2s_tracking_url":"https:\/\/play.google.com\/store\/apps\/details?id=com.playink.cookie.maker","activeCreativeID":"1020","scenes":["12","1","8","6","15","2"],"campaignAdType":"Interstitial","productId":"","purchaseBit":0,"licenseKey":""},{"campaignID":"8762","attribution":0,"priority":"2","appToPromote":{"appToPromoteID":"13265","usesDefaultFrameImage":"0","usesDefaultCloseImage":"0","marketURL":"https:\/\/play.google.com\/store\/apps\/details?id=com.rhg.tricky.bike.stunt.moto.master","packageID":"com.rhg.tricky.bike.stunt.moto.master"},"showTemplate":1,"s2s_tracking_url":"https:\/\/play.google.com\/store\/apps\/details?id=com.rhg.tricky.bike.stunt.moto.master","activeCreativeID":"4121","scenes":["12","1","8","6","15","2"],"campaignAdType":"Rewarded Video","productId":"","purchaseBit":0,"licenseKey":""},{"campaignID":"8971","attribution":0,"priority":"2","appToPromote":{"appToPromoteID":"15640","usesDefaultFrameImage":"0","usesDefaultCloseImage":"0","marketURL":"https:\/\/play.google.com\/store\/apps\/details?id=com.pgz.police.bike.stunt.ramp.bike.racing.games","packageID":"com.pgz.police.bike.stunt.ramp.bike.racing.games"},"showTemplate":1,"s2s_tracking_url":"https:\/\/play.google.com\/store\/apps\/details?id=com.pgz.police.bike.stunt.ramp.bike.racing.games","activeCreativeID":"4236","scenes":["12","1","8","6","15","2"],"campaignAdType":"Interstitial","productId":"","purchaseBit":0,"licenseKey":""},{"campaignID":"9366","attribution":0,"priority":"2","appToPromote":{"appToPromoteID":"17602","usesDefaultFrameImage":"0","usesDefaultCloseImage":"0","marketURL":"https:\/\/play.google.com\/store\/apps\/details?id=com.abaenglish.videoclass&amp;referrer=utm_source=42matters.com&amp;utm_medium=api","packageID":"com.abaenglish.videoclass"},"showTemplate":1,"s2s_tracking_url":"https:\/\/play.google.com\/store\/apps\/details?id=com.abaenglish.videoclass&amp;referrer=utm_source=42matters.com&amp;utm_medium=api","activeCreativeID":"4815","scenes":["12","1","8","6","15","2"],"campaignAdType":"Interstitial","productId":"","purchaseBit":0,"licenseKey":""},{"campaignID":"9367","attribution":0,"priority":"2","appToPromote":{"appToPromoteID":"17602","usesDefaultFrameImage":"0","usesDefaultCloseImage":"0","marketURL":"https:\/\/play.google.com\/store\/apps\/details?id=com.abaenglish.videoclass&amp;referrer=utm_source=42matters.com&amp;utm_medium=api","packageID":"com.abaenglish.videoclass"},"showTemplate":1,"s2s_tracking_url":"https:\/\/play.google.com\/store\/apps\/details?id=com.abaenglish.videoclass&amp;referrer=utm_source=42matters.com&amp;utm_medium=api","activeCreativeID":"4815","scenes":["12","1","8","6","15","2"],"campaignAdType":"Interstitial","productId":"","purchaseBit":0,"licenseKey":""},{"campaignID":"9368","attribution":0,"priority":"2","appToPromote":{"appToPromoteID":"17602","usesDefaultFrameImage":"0","usesDefaultCloseImage":"0","marketURL":"https:\/\/play.google.com\/store\/apps\/details?id=com.abaenglish.videoclass&amp;referrer=utm_source=42matters.com&amp;utm_medium=api","packageID":"com.abaenglish.videoclass"},"showTemplate":1,"s2s_tracking_url":"https:\/\/play.google.com\/store\/apps\/details?id=com.abaenglish.videoclass&amp;referrer=utm_source=42matters.com&amp;utm_medium=api","activeCreativeID":"4815","scenes":["12","1","8","6","15","2"],"campaignAdType":"Interstitial","productId":"","purchaseBit":0,"licenseKey":""},{"campaignID":"9369","attribution":0,"priority":"2","appToPromote":{"appToPromoteID":"17602","usesDefaultFrameImage":"0","usesDefaultCloseImage":"0","marketURL":"https:\/\/play.google.com\/store\/apps\/details?id=com.abaenglish.videoclass&amp;referrer=utm_source=42matters.com&amp;utm_medium=api","packageID":"com.abaenglish.videoclass"},"showTemplate":1,"s2s_tracking_url":"https:\/\/play.google.com\/store\/apps\/details?id=com.abaenglish.videoclass&amp;referrer=utm_source=42matters.com&amp;utm_medium=api","activeCreativeID":"4815","scenes":["12","1","8","6","15","2"],"campaignAdType":"Interstitial","productId":"","purchaseBit":0,"licenseKey":""}],"refreshAdRate":30,"mode":"Production","aspectRatio":"4_3","cdnPath":"https:\/\/df8ymybeo92md.cloudfront.net\/images\/","sentry_log":0,"local_logging":0,"sentry_dsn":"https:\/\/93ffa1c9a4124f67b8888a53265f751a:bbf998e04584477fa9a145838e9d3b26@sentry.io\/168994","sentry_initialization":1,"sentry_debugging":0,"bannerSizes":["5"],"aspectRatioVideo":"16_9","app_id":"2598","showPreRewardedDialogue":0,"showPostRewardedDialogue":0,"rewardCurrency":"coins","rewardValue":0,"isSkipable":0,"privacyPolicyURL":"https:\/\/www.consoliads.com\/privacy-policy\/","sessionToken":"aQlyKXg8aUKv8ztdc7pX0bQYgn5uTsp8IoBrSbZLc3KG3KQNf6P9OE21NTJIihCwve1ixsD0AuQD68AZ03ZRxD7xSQ01oP6Iqn\/hdVI5q3hd3gI1sxGJPYmYEWPCFhLEMBA3b0XJYRmD2t4pri7gZ+2H\/+TSnCNEadTqELhmtzI="}
Session token value is set


{"appKey":"cd6601541ec10dd5e108fa8bb11b8a6d","deviceID":"5831","stats":[{"campaignID":216,"packageID":"com.tgp.offroad.extreme.highway.busdriver","sceneStats":[{"sceneID":"15","eventStats":"358,258,158,58,58,0,0"}]}],"sdkVersion":"2163","sessionToken":"aQlyKXg8aUKv8ztdc7pX0bQYgn5uTsp8IoBrSbZLc3KG3KQNf6P9OE21NTJIihCwve1ixsD0AuQD68AZ03ZRxD7xSQ01oP6Iqn\/hdVI5q3hd3gI1sxGJPYmYEWPCFhLEMBA3b0XJYRmD2t4pri7gZ+2H\/+TSnCNEadTqELhmtzI="}
cache_ttl value is correct

Title value is correct

Title value is correct

Title value is correct

Title value is correct

Title value is correct

Title value is correct

Refresh Ad Rate value is correct
mode value is set

 Aspect ratio value is correct
sentry_log value is set
local_logging value is set
sentry_initialization value is set
sentry_debugging value is set
showPreRewardedDialogue value is set
showPostRewardedDialogue value is set
isSkipable value is set
{"cache_ttl":10080,"cache_ttl_rewarded":10080,"cache_ttl_banner":10080,"cache_ttl_native":10080,"cache_ttl_icon":10080,"campaigns":[{"campaignID":"8226","attribution":0,"priority":"8","appToPromote":{"appToPromoteID":"12623","usesDefaultFrameImage":"0","usesDefaultCloseImage":"0","marketURL":"https:\/\/play.google.com\/store\/apps\/details?id=com.igg.android.lordsmobile&amp;referrer=utm_source=42matters.com&amp;utm_medium=api","packageID":"com.nooribrand.android.lordsmobile"},"showTemplate":1,"s2s_tracking_url":"https:\/\/play.google.com\/store\/apps\/details?id=com.igg.android.lordsmobile&amp;referrer=utm_source=42matters.com&amp;utm_medium=api","activeCreativeID":"3557","scenes":["12","1","8","6","15","2"],"campaignAdType":"Icon","productId":"","purchaseBit":0,"licenseKey":""},{"campaignID":"8378","attribution":0,"priority":"8","appToPromote":{"appToPromoteID":"16480","usesDefaultFrameImage":"0","usesDefaultCloseImage":"0","marketURL":"https:\/\/play.google.com\/store\/apps\/details?id=com.nag.home.manager.working.virtual.mom","packageID":"com.GSS317.AmazingFamily"},"showTemplate":1,"s2s_tracking_url":"https:\/\/play.google.com\/store\/apps\/details?id=com.nag.home.manager.working.virtual.mom","activeCreativeID":"3720","scenes":["12","1","8","6","15","2"],"campaignAdType":"Interstitial","productId":"","purchaseBit":0,"licenseKey":""},{"campaignID":"8613","attribution":0,"priority":"8","appToPromote":{"appToPromoteID":"12623","usesDefaultFrameImage":"0","usesDefaultCloseImage":"0","marketURL":"https:\/\/play.google.com\/store\/apps\/details?id=com.igg.android.lordsmobile&amp;referrer=utm_source=42matters.com&amp;utm_medium=api","packageID":"com.nooribrand.android.lordsmobile"},"showTemplate":1,"s2s_tracking_url":"https:\/\/play.google.com\/store\/apps\/details?id=com.igg.android.lordsmobile&amp;referrer=utm_source=42matters.com&amp;utm_medium=api","activeCreativeID":"3557","scenes":["12","1","8","6","15","2"],"campaignAdType":"Icon","productId":"","purchaseBit":0,"licenseKey":""},{"campaignID":"9252","attribution":0,"priority":"8","appToPromote":{"appToPromoteID":"12315","usesDefaultFrameImage":"0","usesDefaultCloseImage":"0","marketURL":"google.com","packageID":"com.qabrand.plnative"},"showTemplate":1,"s2s_tracking_url":"google.com","activeCreativeID":"4683","scenes":["12","1","8","6","15","2"],"campaignAdType":"Native","title":"Native first","subTitle":"First ","description":"New description","adClickThroughText":"FIRST Button","productId":"","purchaseBit":0,"licenseKey":""},{"campaignID":"9253","attribution":0,"priority":"8","appToPromote":{"appToPromoteID":"12315","usesDefaultFrameImage":"0","usesDefaultCloseImage":"0","marketURL":"google.com","packageID":"com.qabrand.plnative"},"showTemplate":1,"s2s_tracking_url":"google.com","activeCreativeID":"4683","scenes":["12","1","8","6","15","2"],"campaignAdType":"Native","title":"Native first","subTitle":"First ","description":"New description","adClickThroughText":"FIRST Button","productId":"","purchaseBit":0,"licenseKey":""},{"campaignID":"9255","attribution":0,"priority":"8","appToPromote":{"appToPromoteID":"13274","usesDefaultFrameImage":"0","usesDefaultCloseImage":"0","marketURL":"https:\/\/play.google.com\/store\/apps\/details?id=com.facebook.katana","packageID":"com.salon.adsalon"},"showTemplate":1,"s2s_tracking_url":"https:\/\/play.google.com\/store\/apps\/details?id=com.facebook.katana","activeCreativeID":"4685","scenes":["12","1","8","6","15","2"],"campaignAdType":"Native","title":"native NA ","subTitle":"native NA ","description":"native NA added","adClickThroughText":"native NA ","productId":"","purchaseBit":0,"licenseKey":""},{"campaignID":"9257","attribution":0,"priority":"8","appToPromote":{"appToPromoteID":"12286","usesDefaultFrameImage":"0","usesDefaultCloseImage":"0","marketURL":"google.com","packageID":"com.qabrand.Chartboost_Native"},"showTemplate":1,"s2s_tracking_url":"google.com","activeCreativeID":"4688","scenes":["12","1","8","6","15","2"],"campaignAdType":"Native","title":"Native second updated","subTitle":"Native second ","description":"Native second details","adClickThroughText":"Native second ","productId":"","purchaseBit":0,"licenseKey":""},{"campaignID":"9263","attribution":0,"priority":"8","appToPromote":{"appToPromoteID":"12315","usesDefaultFrameImage":"0","usesDefaultCloseImage":"0","marketURL":"google.com","packageID":"com.qabrand.plnative"},"showTemplate":1,"s2s_tracking_url":"google.com","activeCreativeID":"4694","scenes":["12","1","8","6","15","2"],"campaignAdType":"Native","title":"test","subTitle":"test","description":" test details update","adClickThroughText":"test","productId":"","purchaseBit":0,"licenseKey":""},{"campaignID":"9547","attribution":0,"priority":"8","appToPromote":{"appToPromoteID":"11879","usesDefaultFrameImage":"0","usesDefaultCloseImage":"0","marketURL":"https:\/\/play.google.com\/store\/apps\/details?id=com.buntoo.car.racing.games","packageID":"com.buntoo.car.racing.games"},"showTemplate":1,"s2s_tracking_url":"https:\/\/play.google.com\/store\/apps\/details?id=com.buntoo.car.racing.games","activeCreativeID":"4964","scenes":["12","1","8","6","15","2"],"campaignAdType":"Interstitial","productId":"","purchaseBit":0,"licenseKey":""},{"campaignID":"9586","attribution":0,"priority":"8","appToPromote":{"appToPromoteID":"515","usesDefaultFrameImage":"1","usesDefaultCloseImage":"1","marketURL":"https:\/\/play.google.com\/store\/apps\/details?id=com.plum.cash.counter.simualtor","packageID":"com.plum.cash.counter.simualtor"},"showTemplate":1,"s2s_tracking_url":"https:\/\/play.google.com\/store\/apps\/details?id=com.plum.cash.counter.simualtor","activeCreativeID":"50","scenes":["12","1","8","6","15","2"],"campaignAdType":"Interstitial","productId":"","purchaseBit":0,"licenseKey":""},{"campaignID":"9587","attribution":0,"priority":"8","appToPromote":{"appToPromoteID":"515","usesDefaultFrameImage":"1","usesDefaultCloseImage":"1","marketURL":"https:\/\/play.google.com\/store\/apps\/details?id=com.plum.cash.counter.simualtor","packageID":"com.plum.cash.counter.simualtor"},"showTemplate":1,"s2s_tracking_url":"https:\/\/play.google.com\/store\/apps\/details?id=com.plum.cash.counter.simualtor","activeCreativeID":"50","scenes":["12","1","8","6","15","2"],"campaignAdType":"Interstitial","productId":"","purchaseBit":0,"licenseKey":""},{"campaignID":"9588","attribution":0,"priority":"8","appToPromote":{"appToPromoteID":"515","usesDefaultFrameImage":"1","usesDefaultCloseImage":"1","marketURL":"https:\/\/play.google.com\/store\/apps\/details?id=com.plum.cash.counter.simualtor","packageID":"com.plum.cash.counter.simualtor"},"showTemplate":1,"s2s_tracking_url":"https:\/\/play.google.com\/store\/apps\/details?id=com.plum.cash.counter.simualtor","activeCreativeID":"50","scenes":["12","1","8","6","15","2"],"campaignAdType":"Interstitial","productId":"","purchaseBit":0,"licenseKey":""},{"campaignID":"9589","attribution":0,"priority":"8","appToPromote":{"appToPromoteID":"515","usesDefaultFrameImage":"1","usesDefaultCloseImage":"1","marketURL":"https:\/\/play.google.com\/store\/apps\/details?id=com.plum.cash.counter.simualtor","packageID":"com.plum.cash.counter.simualtor"},"showTemplate":1,"s2s_tracking_url":"https:\/\/play.google.com\/store\/apps\/details?id=com.plum.cash.counter.simualtor","activeCreativeID":"50","scenes":["12","1","8","6","15","2"],"campaignAdType":"Interstitial","productId":"","purchaseBit":0,"licenseKey":""},{"campaignID":"9599","attribution":0,"priority":"8","appToPromote":{"appToPromoteID":"515","usesDefaultFrameImage":"1","usesDefaultCloseImage":"1","marketURL":"https:\/\/play.google.com\/store\/apps\/details?id=com.plum.cash.counter.simualtor","packageID":"com.plum.cash.counter.simualtor"},"showTemplate":1,"s2s_tracking_url":"https:\/\/play.google.com\/store\/apps\/details?id=com.plum.cash.counter.simualtor","activeCreativeID":"5001","scenes":["12","1","8","6","15","2"],"campaignAdType":"Icon","productId":"","purchaseBit":0,"licenseKey":""},{"campaignID":"9127","attribution":0,"priority":"8","appToPromote":{"appToPromoteID":"17528","usesDefaultFrameImage":"0","usesDefaultCloseImage":"0","marketURL":"https:\/\/play.google.com\/store\/apps\/details?id=net.one97.paytm","packageID":"net.one97.paytm"},"showTemplate":1,"s2s_tracking_url":"https:\/\/tha.gotrackier.com\/click?campaign_id=63249\\u0026pub_id=75?p1=2402_9127_5831&amp;source=6841&amp;app_name=ExtremeHighwayBusDriver&amp;gaid=5831","activeCreativeID":"4788","scenes":["12","1","8","6","15","2"],"campaignAdType":"Native","title":"BCA","subTitle":"FW","description":"nope","adClickThroughText":"Link","productId":"","purchaseBit":0,"licenseKey":""},{"campaignID":"9131","attribution":0,"priority":"8","appToPromote":{"appToPromoteID":"17532","usesDefaultFrameImage":"0","usesDefaultCloseImage":"0","marketURL":"https:\/\/play.google.com\/store\/apps\/details?id=com.dhgate.buyermob","packageID":"com.dhgate.buyermob"},"showTemplate":1,"s2s_tracking_url":"https:\/\/tha.gotrackier.com\/click?campaign_id=63254\\u0026pub_id=75?p1=2402_9131_5831&amp;source=6841&amp;app_name=ExtremeHighwayBusDriver&amp;gaid=5831","activeCreativeID":"4483","scenes":["12","1","8","6","15","2"],"campaignAdType":"Interstitial","productId":"","purchaseBit":0,"licenseKey":""},{"campaignID":"8380","attribution_link":"","attribution":1,"priority":"7","appToPromote":{"appToPromoteID":"16480","usesDefaultFrameImage":"0","usesDefaultCloseImage":"0","marketURL":"https:\/\/play.google.com\/store\/apps\/details?id=com.nag.home.manager.working.virtual.mom","packageID":"com.GSS317.AmazingFamily"},"showTemplate":1,"s2s_tracking_url":"","activeCreativeID":"3720","scenes":["12","1","8","6","15","2"],"campaignAdType":"Interstitial","productId":"","purchaseBit":0,"licenseKey":""},{"campaignID":"444","attribution":0,"priority":"6","appToPromote":{"appToPromoteID":"3355","usesDefaultFrameImage":"0","usesDefaultCloseImage":"0","marketURL":"https:\/\/play.google.com\/store\/apps\/details?id=com.popnsons.parkour.mouse","packageID":"com.popnsons.parkour.mouse"},"showTemplate":1,"s2s_tracking_url":"https:\/\/play.google.com\/store\/apps\/details?id=com.popnsons.parkour.mouse","activeCreativeID":"469","scenes":["12","1","8","6","15","2"],"campaignAdType":"Interstitial","productId":"","purchaseBit":0,"licenseKey":""},{"campaignID":"561","attribution":0,"priority":"6","appToPromote":{"appToPromoteID":"5026","usesDefaultFrameImage":"0","usesDefaultCloseImage":"0","marketURL":"https:\/\/play.google.com\/store\/apps\/details?id=com.as.cashupapp","packageID":"com.as.cashupapp"},"showTemplate":1,"s2s_tracking_url":"https:\/\/play.google.com\/store\/apps\/details?id=com.as.cashupapp","activeCreativeID":"652","scenes":["12","1","8","6","15","2"],"campaignAdType":"Interstitial","productId":"","purchaseBit":0,"licenseKey":""},{"campaignID":"570","attribution":0,"priority":"6","appToPromote":{"appToPromoteID":"3802","usesDefaultFrameImage":"0","usesDefaultCloseImage":"0","marketURL":"https:\/\/play.google.com\/store\/apps\/details?id=com.Madxstudios.Flickshootsoccer","packageID":"com.Madxstudios.Flickshootsoccer"},"showTemplate":1,"s2s_tracking_url":"https:\/\/play.google.com\/store\/apps\/details?id=com.Madxstudios.Flickshootsoccer","activeCreativeID":"661","scenes":["12","1","8","6","15","2"],"campaignAdType":"Interstitial","productId":"","purchaseBit":0,"licenseKey":""},{"campaignID":"588","attribution":0,"priority":"6","appToPromote":{"appToPromoteID":"5026","usesDefaultFrameImage":"0","usesDefaultCloseImage":"0","marketURL":"https:\/\/play.google.com\/store\/apps\/details?id=com.as.cashupapp","packageID":"com.as.cashupapp"},"showTemplate":1,"s2s_tracking_url":"https:\/\/play.google.com\/store\/apps\/details?id=com.as.cashupapp","activeCreativeID":"652","scenes":["12","1","8","6","15","2"],"campaignAdType":"Interstitial","productId":"","purchaseBit":0,"licenseKey":""},{"campaignID":"8808","attribution_link":"","attribution":1,"priority":"5","appToPromote":{"appToPromoteID":"16528","usesDefaultFrameImage":"0","usesDefaultCloseImage":"0","marketURL":"https:\/\/play.google.com\/store\/apps\/details?id=com.bag.farm.day.village.farming.games","packageID":"com.GSS317.com.bag.farm.day.village.farming.games"},"showTemplate":1,"s2s_tracking_url":"","activeCreativeID":"3775","scenes":["12","1","8","6","15","2"],"campaignAdType":"Interstitial","productId":"","purchaseBit":0,"licenseKey":""},{"campaignID":"8973","attribution":0,"priority":"5","appToPromote":{"appToPromoteID":"15974","usesDefaultFrameImage":"0","usesDefaultCloseImage":"0","marketURL":"https:\/\/play.google.com\/store\/apps\/details?id=com.mustardgames.bmx.cycle.stunt.mega.ramp.impossibletracks","packageID":"com.mustardgames.bmx.cycle.stunt.mega.ramp.impossibletracks"},"showTemplate":1,"s2s_tracking_url":"https:\/\/play.google.com\/store\/apps\/details?id=com.mustardgames.bmx.cycle.stunt.mega.ramp.impossibletracks","activeCreativeID":"4339","scenes":["12","1","8","6","15","2"],"campaignAdType":"Interstitial","productId":"","purchaseBit":0,"licenseKey":""},{"campaignID":"557","attribution":0,"priority":"4","appToPromote":{"appToPromoteID":"4959","usesDefaultFrameImage":"0","usesDefaultCloseImage":"0","marketURL":"https:\/\/play.google.com\/store\/apps\/details?id=com.jet.plane.surfers.joyride.dash","packageID":"com.jet.plane.surfers.joyride.dash"},"showTemplate":1,"s2s_tracking_url":"https:\/\/play.google.com\/store\/apps\/details?id=com.jet.plane.surfers.joyride.dash","activeCreativeID":"645","scenes":["12","1","8","6","15","2"],"campaignAdType":"Interstitial","productId":"","purchaseBit":0,"licenseKey":""},{"campaignID":"414","attribution":0,"priority":"3","appToPromote":{"appToPromoteID":"3023","usesDefaultFrameImage":"0","usesDefaultCloseImage":"0","marketURL":"https:\/\/play.google.com\/store\/apps\/details?id=com.appricot2d.rolo.pet.parrot","packageID":"com.appricot2d.rolo.pet.parrot"},"showTemplate":1,"s2s_tracking_url":"https:\/\/play.google.com\/store\/apps\/details?id=com.appricot2d.rolo.pet.parrot","activeCreativeID":"385","scenes":["12","1","8","6","15","2"],"campaignAdType":"Interstitial","productId":"","purchaseBit":0,"licenseKey":""},{"campaignID":"559","attribution":0,"priority":"3","appToPromote":{"appToPromoteID":"3476","usesDefaultFrameImage":"0","usesDefaultCloseImage":"0","marketURL":"https:\/\/play.google.com\/store\/apps\/details?id=com.perspectivegames.real.impossible.tracks.stunts","packageID":"com.perspectivegames.real.impossible.tracks.stunts"},"showTemplate":1,"s2s_tracking_url":"https:\/\/play.google.com\/store\/apps\/details?id=com.perspectivegames.real.impossible.tracks.stunts","activeCreativeID":"649","scenes":["12","1","8","6","15","2"],"campaignAdType":"Interstitial","productId":"","purchaseBit":0,"licenseKey":""},{"campaignID":"741","attribution":0,"priority":"3","appToPromote":{"appToPromoteID":"5609","usesDefaultFrameImage":"0","usesDefaultCloseImage":"0","marketURL":"https:\/\/play.google.com\/store\/apps\/details?id=com.kick.gyroscopic.city.train.driver.simulator","packageID":"com.kick.gyroscopic.city.train.driver.simulator"},"showTemplate":1,"s2s_tracking_url":"https:\/\/play.google.com\/store\/apps\/details?id=com.kick.gyroscopic.city.train.driver.simulator","activeCreativeID":"753","scenes":["12","1","8","6","15","2"],"campaignAdType":"Interstitial","productId":"","purchaseBit":0,"licenseKey":""},{"campaignID":"798","attribution":0,"priority":"3","appToPromote":{"appToPromoteID":"5770","usesDefaultFrameImage":"0","usesDefaultCloseImage":"0","marketURL":"https:\/\/play.google.com\/store\/apps\/details?id=com.simulatorgames3d.alohacelebrations","packageID":"com.simulatorgames3d.alohacelebrations"},"showTemplate":1,"s2s_tracking_url":"https:\/\/play.google.com\/store\/apps\/details?id=com.simulatorgames3d.alohacelebrations","activeCreativeID":"787","scenes":["12","1","8","6","15","2"],"campaignAdType":"Interstitial","productId":"","purchaseBit":0,"licenseKey":""},{"campaignID":"1483","attribution":0,"priority":"3","appToPromote":{"appToPromoteID":"1714","usesDefaultFrameImage":"1","usesDefaultCloseImage":"1","marketURL":"https:\/\/play.google.com\/store\/apps\/details?id=com.playink.cookie.maker","packageID":"com.playink.cookie.maker"},"showTemplate":1,"s2s_tracking_url":"https:\/\/play.google.com\/store\/apps\/details?id=com.playink.cookie.maker","activeCreativeID":"1020","scenes":["12","1","8","6","15","2"],"campaignAdType":"Interstitial","productId":"","purchaseBit":0,"licenseKey":""},{"campaignID":"8762","attribution":0,"priority":"2","appToPromote":{"appToPromoteID":"13265","usesDefaultFrameImage":"0","usesDefaultCloseImage":"0","marketURL":"https:\/\/play.google.com\/store\/apps\/details?id=com.rhg.tricky.bike.stunt.moto.master","packageID":"com.rhg.tricky.bike.stunt.moto.master"},"showTemplate":1,"s2s_tracking_url":"https:\/\/play.google.com\/store\/apps\/details?id=com.rhg.tricky.bike.stunt.moto.master","activeCreativeID":"4121","scenes":["12","1","8","6","15","2"],"campaignAdType":"Rewarded Video","productId":"","purchaseBit":0,"licenseKey":""},{"campaignID":"9366","attribution":0,"priority":"2","appToPromote":{"appToPromoteID":"17602","usesDefaultFrameImage":"0","usesDefaultCloseImage":"0","marketURL":"https:\/\/play.google.com\/store\/apps\/details?id=com.abaenglish.videoclass&amp;referrer=utm_source=42matters.com&amp;utm_medium=api","packageID":"com.abaenglish.videoclass"},"showTemplate":1,"s2s_tracking_url":"https:\/\/play.google.com\/store\/apps\/details?id=com.abaenglish.videoclass&amp;referrer=utm_source=42matters.com&amp;utm_medium=api","activeCreativeID":"4815","scenes":["12","1","8","6","15","2"],"campaignAdType":"Interstitial","productId":"","purchaseBit":0,"licenseKey":""}],"refreshAdRate":30,"mode":"Production","aspectRatio":"4_3","cdnPath":"https:\/\/df8ymybeo92md.cloudfront.net\/images\/","sentry_log":0,"local_logging":0,"sentry_dsn":"https:\/\/93ffa1c9a4124f67b8888a53265f751a:bbf998e04584477fa9a145838e9d3b26@sentry.io\/168994","sentry_initialization":1,"sentry_debugging":0,"bannerSizes":["1","2"],"aspectRatioVideo":"16_9","app_id":"2402","showPreRewardedDialogue":0,"showPostRewardedDialogue":0,"rewardCurrency":"coins","rewardValue":0,"isSkipable":0,"privacyPolicyURL":"https:\/\/www.consoliads.com\/privacy-policy\/","sessionToken":"JZ1xuFL4cDiCbtl6xiv4vyTfXx096qB8MvWOaHWAk2OykiJq8gNXENFFxbeWcMqKvUl12KFzc7uXKXLd3CDv9t8zwm7jU5NbagHxpIj0\/wT+nN7DM1\/tzIVMMV\/VKevtCEl4zwDlx1trNNy62pP4QCTdRyuB40g4Sb5aqy2OzHU="}
Session token value is set


{"appKey":"dd587f33bef2bea93ba58b467ec75780","deviceID":"1972","stats":[{"campaignID":220,"packageID":"com.rgs.robot.battle","sceneStats":[{"sceneID":"5","eventStats":"320,220,120,20,20,0,0"}]}],"sdkVersion":"90","sessionToken":"JZ1xuFL4cDiCbtl6xiv4vyTfXx096qB8MvWOaHWAk2OykiJq8gNXENFFxbeWcMqKvUl12KFzc7uXKXLd3CDv9t8zwm7jU5NbagHxpIj0\/wT+nN7DM1\/tzIVMMV\/VKevtCEl4zwDlx1trNNy62pP4QCTdRyuB40g4Sb5aqy2OzHU="}
cache_ttl value is correct

Refresh Ad Rate value is correct
mode value is set

 Aspect ratio value is correct
sentry_log value is set
local_logging value is set
sentry_initialization value is set
sentry_debugging value is set
showPreRewardedDialogue value is set
showPostRewardedDialogue value is set
isSkipable value is set
{"cache_ttl":10080,"cache_ttl_rewarded":10080,"cache_ttl_banner":10080,"cache_ttl_native":10080,"cache_ttl_icon":10080,"refreshAdRate":30,"mode":"Production","aspectRatio":"4_3","cdnPath":"https:\/\/df8ymybeo92md.cloudfront.net\/images\/","sentry_log":0,"local_logging":0,"sentry_dsn":"https:\/\/93ffa1c9a4124f67b8888a53265f751a:bbf998e04584477fa9a145838e9d3b26@sentry.io\/168994","sentry_initialization":1,"sentry_debugging":0,"bannerSizes":[],"aspectRatioVideo":"16_9","app_id":"2624","showPreRewardedDialogue":0,"showPostRewardedDialogue":0,"rewardCurrency":"coins","rewardValue":0,"isSkipable":0,"privacyPolicyURL":"https:\/\/www.consoliads.com\/privacy-policy\/","sessionToken":"80ksIOHEWbcpRLvQ+9LRVi1PRqMr3Ave2lTPUSVmxzVUtQFvMP4GzR1MIqiJR3RBYmVWjW4IBfNOCWcUflsSi6SJQnNHsa5mEPiZ1dQeY4a+Szy1rGedNVfouvY44lYEGHo8xkCKwEfIoZj9KEqfjkbvVYRfe0vNI+KfoSz7VHw="}
Session token value is set


{"appKey":"f7195bc5052737febb7af2f3f1baf1c1","deviceID":"5636","stats":[{"campaignID":221,"packageID":"com.whitesand.raft.survival.shark.hunter","sceneStats":[{"sceneID":"15","eventStats":"356,256,156,56,56,0,0"}]}],"sdkVersion":"39","sessionToken":"80ksIOHEWbcpRLvQ+9LRVi1PRqMr3Ave2lTPUSVmxzVUtQFvMP4GzR1MIqiJR3RBYmVWjW4IBfNOCWcUflsSi6SJQnNHsa5mEPiZ1dQeY4a+Szy1rGedNVfouvY44lYEGHo8xkCKwEfIoZj9KEqfjkbvVYRfe0vNI+KfoSz7VHw="}
cache_ttl value is correct

Refresh Ad Rate value is correct
mode value is set

 Aspect ratio value is correct
sentry_log value is set
local_logging value is set
sentry_initialization value is set
sentry_debugging value is set
showPreRewardedDialogue value is set
showPostRewardedDialogue value is set
isSkipable value is set
{"cache_ttl":10080,"cache_ttl_rewarded":10080,"cache_ttl_banner":10080,"cache_ttl_native":10080,"cache_ttl_icon":10080,"refreshAdRate":30,"mode":"Production","aspectRatio":"4_3","cdnPath":"https:\/\/df8ymybeo92md.cloudfront.net\/images\/","sentry_log":0,"local_logging":0,"sentry_dsn":"https:\/\/93ffa1c9a4124f67b8888a53265f751a:bbf998e04584477fa9a145838e9d3b26@sentry.io\/168994","sentry_initialization":1,"sentry_debugging":0,"bannerSizes":["5"],"aspectRatioVideo":"16_9","app_id":"2602","showPreRewardedDialogue":0,"showPostRewardedDialogue":0,"rewardCurrency":"coins","rewardValue":0,"isSkipable":0,"privacyPolicyURL":"https:\/\/www.consoliads.com\/privacy-policy\/","sessionToken":"yPMw2T3aNAXIbUg6+Nuhkj2L6WEKzP3yPtHkBm6NUxtuSOBeWKS2H4Hgl9VwWbJ9R7yinHDgWfLyuYgF+iGfZdADqt+ADYCiHuHhSqFjCOjCbA8LJKVltyvUUzrrquT9Nl3TARFAai\/oup1HRJavIAb0MKIguCdAoNjqBdeyV0k="}
Session token value is set


{"appKey":"e27e8b9552ca9d031927942acc186a25","deviceID":"4285","stats":[{"campaignID":222,"packageID":"com.rgs.car.transporter.cargo.ship","sceneStats":[{"sceneID":"11","eventStats":"343,243,143,43,43,0,0"}]}],"sdkVersion":"90","sessionToken":"yPMw2T3aNAXIbUg6+Nuhkj2L6WEKzP3yPtHkBm6NUxtuSOBeWKS2H4Hgl9VwWbJ9R7yinHDgWfLyuYgF+iGfZdADqt+ADYCiHuHhSqFjCOjCbA8LJKVltyvUUzrrquT9Nl3TARFAai\/oup1HRJavIAb0MKIguCdAoNjqBdeyV0k="}
cache_ttl value is correct

Refresh Ad Rate value is correct
mode value is set

 Aspect ratio value is correct
sentry_log value is set
local_logging value is set
sentry_initialization value is set
sentry_debugging value is set
showPreRewardedDialogue value is set
showPostRewardedDialogue value is set
isSkipable value is set
{"cache_ttl":10080,"cache_ttl_rewarded":10080,"cache_ttl_banner":10080,"cache_ttl_native":10080,"cache_ttl_icon":10080,"refreshAdRate":30,"mode":"Production","aspectRatio":"4_3","cdnPath":"https:\/\/df8ymybeo92md.cloudfront.net\/images\/","sentry_log":0,"local_logging":0,"sentry_dsn":"https:\/\/93ffa1c9a4124f67b8888a53265f751a:bbf998e04584477fa9a145838e9d3b26@sentry.io\/168994","sentry_initialization":1,"sentry_debugging":0,"bannerSizes":[],"aspectRatioVideo":"16_9","app_id":"2583","showPreRewardedDialogue":0,"showPostRewardedDialogue":0,"rewardCurrency":"coins","rewardValue":0,"isSkipable":0,"privacyPolicyURL":"https:\/\/www.consoliads.com\/privacy-policy\/","sessionToken":"Jgp+JiWb6sVgS35HCbU1qF4mx1mmXW+sOjoNXGZk9BmTX0nN\/Lwputf90EDJGAX6qH\/vatvRgz\/2NEPm\/yARFD83b8QedHm0KpHdSnNOQXx2TqmR+lf44MNagmtoVXoB7i2N1UE7PC7JatD5X3EMGe439if5p2akIYObkaq2emo="}
Session token value is set


{"appKey":"dd587f33bef2bea93ba58b467ec75780","deviceID":"425","stats":[{"campaignID":223,"packageID":"com.rgs.robot.battle","sceneStats":[{"sceneID":"2","eventStats":"305,205,105,5,5,0,0"}]}],"sdkVersion":"90","sessionToken":"Jgp+JiWb6sVgS35HCbU1qF4mx1mmXW+sOjoNXGZk9BmTX0nN\/Lwputf90EDJGAX6qH\/vatvRgz\/2NEPm\/yARFD83b8QedHm0KpHdSnNOQXx2TqmR+lf44MNagmtoVXoB7i2N1UE7PC7JatD5X3EMGe439if5p2akIYObkaq2emo="}
cache_ttl value is correct

Refresh Ad Rate value is correct
mode value is set

 Aspect ratio value is correct
sentry_log value is set
local_logging value is set
sentry_initialization value is set
sentry_debugging value is set
showPreRewardedDialogue value is set
showPostRewardedDialogue value is set
isSkipable value is set
{"cache_ttl":10080,"cache_ttl_rewarded":10080,"cache_ttl_banner":10080,"cache_ttl_native":10080,"cache_ttl_icon":10080,"refreshAdRate":30,"mode":"Production","aspectRatio":"4_3","cdnPath":"https:\/\/df8ymybeo92md.cloudfront.net\/images\/","sentry_log":0,"local_logging":0,"sentry_dsn":"https:\/\/93ffa1c9a4124f67b8888a53265f751a:bbf998e04584477fa9a145838e9d3b26@sentry.io\/168994","sentry_initialization":1,"sentry_debugging":0,"bannerSizes":[],"aspectRatioVideo":"16_9","app_id":"2624","showPreRewardedDialogue":0,"showPostRewardedDialogue":0,"rewardCurrency":"coins","rewardValue":0,"isSkipable":0,"privacyPolicyURL":"https:\/\/www.consoliads.com\/privacy-policy\/","sessionToken":"2N+RBPpRkBslZTnbcZCdMCdq3xb1OA6Omu2dWD\/m71CkUDm3\/iGFaDdf0TgwR6aU3LZv7lvN8V0Lh8eyAhHLIqk4AOim6bhGP1T7uXCrlRAuarYUI5qY3pIBOh\/Wkp1NLPN5ZDYcYvTJ4SbflCf\/nR2tuMptOJQaQTCjIhkA7EY="}
Session token value is set


{"appKey":"dd587f33bef2bea93ba58b467ec75780","deviceID":"5103","stats":[{"campaignID":225,"packageID":"com.rgs.robot.battle","sceneStats":[{"sceneID":"13","eventStats":"351,251,151,51,51,0,0"}]}],"sdkVersion":"90","sessionToken":"2N+RBPpRkBslZTnbcZCdMCdq3xb1OA6Omu2dWD\/m71CkUDm3\/iGFaDdf0TgwR6aU3LZv7lvN8V0Lh8eyAhHLIqk4AOim6bhGP1T7uXCrlRAuarYUI5qY3pIBOh\/Wkp1NLPN5ZDYcYvTJ4SbflCf\/nR2tuMptOJQaQTCjIhkA7EY="}
cache_ttl value is correct

Refresh Ad Rate value is correct
mode value is set

 Aspect ratio value is correct
sentry_log value is set
local_logging value is set
sentry_initialization value is set
sentry_debugging value is set
showPreRewardedDialogue value is set
showPostRewardedDialogue value is set
isSkipable value is set
{"cache_ttl":10080,"cache_ttl_rewarded":10080,"cache_ttl_banner":10080,"cache_ttl_native":10080,"cache_ttl_icon":10080,"refreshAdRate":30,"mode":"Production","aspectRatio":"4_3","cdnPath":"https:\/\/df8ymybeo92md.cloudfront.net\/images\/","sentry_log":0,"local_logging":0,"sentry_dsn":"https:\/\/93ffa1c9a4124f67b8888a53265f751a:bbf998e04584477fa9a145838e9d3b26@sentry.io\/168994","sentry_initialization":1,"sentry_debugging":0,"bannerSizes":[],"aspectRatioVideo":"16_9","app_id":"2624","showPreRewardedDialogue":0,"showPostRewardedDialogue":0,"rewardCurrency":"coins","rewardValue":0,"isSkipable":0,"privacyPolicyURL":"https:\/\/www.consoliads.com\/privacy-policy\/","sessionToken":"mF5ujwJYfyhSR56lRmE0k\/mbpRlQRShvcAlw4KY5N3y0oBJDwWAbIZZ57ckia4LjYBUyiGfkyIHplh+WH1Hev\/hn3QCjwo0RnGS7KjOYd+wu3eJLiWGMQqVu\/7izoe6WhSkiyxPF2v6FkmAlhQ0L7F1YdlIFEBHTt0aYv+ahXWA="}
Session token value is set

</DebugTrace>
      </Output>
    </UnitTestResult>
    <UnitTestResult executionId="c07ddbbe-dc6e-4d71-80ca-9564e495a606" testId="d249d328-6d44-2c2d-6ed9-e0b5d6f69772" testName="C_RecordClicksFromDeviceMainMethodCodeGenerator" computerName="DESKTOP-5AJ0SB3" duration="00:01:59.5129387" startTime="2021-01-27T13:09:08.1361813+05:00" endTime="2021-01-27T13:11:07.6662646+05:00" testType="13cdc9d9-ddb5-4fa4-a97d-d965ccfc6d4b" outcome="Passed" testListId="8c84fa94-04c1-424b-9868-57a2d4851a1d" relativeResultsDirectory="c07ddbbe-dc6e-4d71-80ca-9564e495a606">
      <Output>
        <DebugTrace>****************** SELECT campaigns.campaignID,campaigns.appID,apps.sdkID,apps.companyID,apps.osID FROM apps INNER JOIN campaigns ON apps.appID = campaigns.appID WHERE apps.sdkID &gt; 20 AND apps.appKey != '' AND campaigns.campaignID NOT IN (0 ,- 1 ,- 2 ,- 3 ,- 4 ,- 5) LIMIT 50
****************** 
****************** Select appKey , appID from apps where appkey!='' and sdkID &gt; 10 limit  50
****************** 
****************** JJpX85UiVMIIL76SOmx/V38lvKURDRVwbXc8U7kDRoSED310LrcjKfQCfTMxbOWRwnbjSNw8TDXz5pA3iwXrqBhoeqMc8fG7U9JpllMOOwdTpbf6vuddgS2LUhomvidi
****************** JJpX85UiVMIIL76SOmx/V38lvKURDRVwbXc8U7kDRoSED310LrcjKfQCfTMxbOWRwnbjSNw8TDXz5pA3iwXrqBhoeqMc8fG7U9JpllMOOwdTpbf6vuddgS2LUhomvidi
****************** JJpX85UiVMIIL76SOmx/V38lvKURDRVwbXc8U7kDRoSED310LrcjKfQCfTMxbOWRwnbjSNw8TDXz5pA3iwXrqBhoeqMc8fG7U9JpllMOOwdTpbf6vuddgS2LUhomvidi
****************** JJpX85UiVMIIL76SOmx/V38lvKURDRVwbXc8U7kDRoSED310LrcjKfQCfTMxbOWRwnbjSNw8TDXz5pA3iwXrqBhoeqMc8fG7U9JpllMOOwdTpbf6vuddgS2LUhomvidi
****************** JJpX85UiVMIIL76SOmx/V38lvKURDRVwbXc8U7kDRoSED310LrcjKfQCfTMxbOWRwnbjSNw8TDXz5pA3iwXrqBhoeqMc8fG7U9JpllMOOwdTpbf6vuddgS2LUhomvidi
****************** JJpX85UiVMIIL76SOmx/V38lvKURDRVwbXc8U7kDRoSED310LrcjKfQCfTMxbOWRwnbjSNw8TDXz5pA3iwXrqBhoeqMc8fG7U9JpllMOOwdTpbf6vuddgS2LUhomvidi
****************** JJpX85UiVMIIL76SOmx/V38lvKURDRVwbXc8U7kDRoSED310LrcjKfQCfTMxbOWRwnbjSNw8TDXz5pA3iwXrqBhoeqMc8fG7U9JpllMOOwdTpbf6vuddgS2LUhomvidi
****************** JJpX85UiVMIIL76SOmx/V38lvKURDRVwbXc8U7kDRoSED310LrcjKfQCfTMxbOWRwnbjSNw8TDXz5pA3iwXrqBhoeqMc8fG7U9JpllMOOwdTpbf6vuddgS2LUhomvidi
****************** JJpX85UiVMIIL76SOmx/V38lvKURDRVwbXc8U7kDRoSED310LrcjKfQCfTMxbOWRwnbjSNw8TDXz5pA3iwXrqBhoeqMc8fG7U9JpllMOOwdTpbf6vuddgS2LUhomvidi
****************** JJpX85UiVMIIL76SOmx/V38lvKURDRVwbXc8U7kDRoSED310LrcjKfQCfTMxbOWRwnbjSNw8TDXz5pA3iwXrqBhoeqMc8fG7U9JpllMOOwdTpbf6vuddgS2LUhomvidi
****************** JJpX85UiVMIIL76SOmx/V38lvKURDRVwbXc8U7kDRoSED310LrcjKfQCfTMxbOWRwnbjSNw8TDXz5pA3iwXrqBhoeqMc8fG7U9JpllMOOwdTpbf6vuddgS2LUhomvidi
****************** JJpX85UiVMIIL76SOmx/V38lvKURDRVwbXc8U7kDRoSED310LrcjKfQCfTMxbOWRwnbjSNw8TDXz5pA3iwXrqBhoeqMc8fG7U9JpllMOOwdTpbf6vuddgS2LUhomvidi
****************** JJpX85UiVMIIL76SOmx/V38lvKURDRVwbXc8U7kDRoSED310LrcjKfQCfTMxbOWRwnbjSNw8TDXz5pA3iwXrqBhoeqMc8fG7U9JpllMOOwdTpbf6vuddgS2LUhomvidi
****************** JJpX85UiVMIIL76SOmx/V38lvKURDRVwbXc8U7kDRoSED310LrcjKfQCfTMxbOWRwnbjSNw8TDXz5pA3iwXrqBhoeqMc8fG7U9JpllMOOwdTpbf6vuddgS2LUhomvidi
****************** JJpX85UiVMIIL76SOmx/V38lvKURDRVwbXc8U7kDRoSED310LrcjKfQCfTMxbOWRwnbjSNw8TDXz5pA3iwXrqBhoeqMc8fG7U9JpllMOOwdTpbf6vuddgS2LUhomvidi
****************** JJpX85UiVMIIL76SOmx/V38lvKURDRVwbXc8U7kDRoSED310LrcjKfQCfTMxbOWRwnbjSNw8TDXz5pA3iwXrqBhoeqMc8fG7U9JpllMOOwdTpbf6vuddgS2LUhomvidi
****************** JJpX85UiVMIIL76SOmx/V38lvKURDRVwbXc8U7kDRoSED310LrcjKfQCfTMxbOWRwnbjSNw8TDXz5pA3iwXrqBhoeqMc8fG7U9JpllMOOwdTpbf6vuddgS2LUhomvidi
****************** JJpX85UiVMIIL76SOmx/V38lvKURDRVwbXc8U7kDRoSED310LrcjKfQCfTMxbOWRwnbjSNw8TDXz5pA3iwXrqBhoeqMc8fG7U9JpllMOOwdTpbf6vuddgS2LUhomvidi
****************** JJpX85UiVMIIL76SOmx/V38lvKURDRVwbXc8U7kDRoSED310LrcjKfQCfTMxbOWRwnbjSNw8TDXz5pA3iwXrqBhoeqMc8fG7U9JpllMOOwdTpbf6vuddgS2LUhomvidi
****************** JJpX85UiVMIIL76SOmx/V38lvKURDRVwbXc8U7kDRoSED310LrcjKfQCfTMxbOWRwnbjSNw8TDXz5pA3iwXrqBhoeqMc8fG7U9JpllMOOwdTpbf6vuddgS2LUhomvidi
****************** JJpX85UiVMIIL76SOmx/V38lvKURDRVwbXc8U7kDRoSED310LrcjKfQCfTMxbOWRwnbjSNw8TDXz5pA3iwXrqBhoeqMc8fG7U9JpllMOOwdTpbf6vuddgS2LUhomvidi
****************** JJpX85UiVMIIL76SOmx/V38lvKURDRVwbXc8U7kDRoSED310LrcjKfQCfTMxbOWRwnbjSNw8TDXz5pA3iwXrqBhoeqMc8fG7U9JpllMOOwdTpbf6vuddgS2LUhomvidi
****************** JJpX85UiVMIIL76SOmx/V38lvKURDRVwbXc8U7kDRoSED310LrcjKfQCfTMxbOWRwnbjSNw8TDXz5pA3iwXrqBhoeqMc8fG7U9JpllMOOwdTpbf6vuddgS2LUhomvidi
****************** JJpX85UiVMIIL76SOmx/V38lvKURDRVwbXc8U7kDRoSED310LrcjKfQCfTMxbOWRwnbjSNw8TDXz5pA3iwXrqBhoeqMc8fG7U9JpllMOOwdTpbf6vuddgS2LUhomvidi
****************** JJpX85UiVMIIL76SOmx/V38lvKURDRVwbXc8U7kDRoSED310LrcjKfQCfTMxbOWRwnbjSNw8TDXz5pA3iwXrqBhoeqMc8fG7U9JpllMOOwdTpbf6vuddgS2LUhomvidi
****************** JJpX85UiVMIIL76SOmx/V38lvKURDRVwbXc8U7kDRoSED310LrcjKfQCfTMxbOWRwnbjSNw8TDXz5pA3iwXrqBhoeqMc8fG7U9JpllMOOwdTpbf6vuddgS2LUhomvidi
****************** JJpX85UiVMIIL76SOmx/V38lvKURDRVwbXc8U7kDRoSED310LrcjKfQCfTMxbOWRwnbjSNw8TDXz5pA3iwXrqBhoeqMc8fG7U9JpllMOOwdTpbf6vuddgS2LUhomvidi
****************** JJpX85UiVMIIL76SOmx/V38lvKURDRVwbXc8U7kDRoSED310LrcjKfQCfTMxbOWRwnbjSNw8TDXz5pA3iwXrqBhoeqMc8fG7U9JpllMOOwdTpbf6vuddgS2LUhomvidi
****************** JJpX85UiVMIIL76SOmx/V38lvKURDRVwbXc8U7kDRoSED310LrcjKfQCfTMxbOWRwnbjSNw8TDXz5pA3iwXrqBhoeqMc8fG7U9JpllMOOwdTpbf6vuddgS2LUhomvidi
****************** JJpX85UiVMIIL76SOmx/V38lvKURDRVwbXc8U7kDRoSED310LrcjKfQCfTMxbOWRwnbjSNw8TDXz5pA3iwXrqBhoeqMc8fG7U9JpllMOOwdTpbf6vuddgS2LUhomvidi
****************** JJpX85UiVMIIL76SOmx/V38lvKURDRVwbXc8U7kDRoSED310LrcjKfQCfTMxbOWRwnbjSNw8TDXz5pA3iwXrqBhoeqMc8fG7U9JpllMOOwdTpbf6vuddgS2LUhomvidi
****************** JJpX85UiVMIIL76SOmx/V38lvKURDRVwbXc8U7kDRoSED310LrcjKfQCfTMxbOWRwnbjSNw8TDXz5pA3iwXrqBhoeqMc8fG7U9JpllMOOwdTpbf6vuddgS2LUhomvidi
****************** JJpX85UiVMIIL76SOmx/V38lvKURDRVwbXc8U7kDRoSED310LrcjKfQCfTMxbOWRwnbjSNw8TDXz5pA3iwXrqBhoeqMc8fG7U9JpllMOOwdTpbf6vuddgS2LUhomvidi
****************** JJpX85UiVMIIL76SOmx/V38lvKURDRVwbXc8U7kDRoSED310LrcjKfQCfTMxbOWRwnbjSNw8TDXz5pA3iwXrqBhoeqMc8fG7U9JpllMOOwdTpbf6vuddgS2LUhomvidi
****************** JJpX85UiVMIIL76SOmx/V38lvKURDRVwbXc8U7kDRoSED310LrcjKfQCfTMxbOWRwnbjSNw8TDXz5pA3iwXrqBhoeqMc8fG7U9JpllMOOwdTpbf6vuddgS2LUhomvidi
****************** JJpX85UiVMIIL76SOmx/V38lvKURDRVwbXc8U7kDRoSED310LrcjKfQCfTMxbOWRwnbjSNw8TDXz5pA3iwXrqBhoeqMc8fG7U9JpllMOOwdTpbf6vuddgS2LUhomvidi
****************** JJpX85UiVMIIL76SOmx/V38lvKURDRVwbXc8U7kDRoSED310LrcjKfQCfTMxbOWRwnbjSNw8TDXz5pA3iwXrqBhoeqMc8fG7U9JpllMOOwdTpbf6vuddgS2LUhomvidi
****************** JJpX85UiVMIIL76SOmx/V38lvKURDRVwbXc8U7kDRoSED310LrcjKfQCfTMxbOWRwnbjSNw8TDXz5pA3iwXrqBhoeqMc8fG7U9JpllMOOwdTpbf6vuddgS2LUhomvidi
****************** JJpX85UiVMIIL76SOmx/V38lvKURDRVwbXc8U7kDRoSED310LrcjKfQCfTMxbOWRwnbjSNw8TDXz5pA3iwXrqBhoeqMc8fG7U9JpllMOOwdTpbf6vuddgS2LUhomvidi
****************** JJpX85UiVMIIL76SOmx/V38lvKURDRVwbXc8U7kDRoSED310LrcjKfQCfTMxbOWRwnbjSNw8TDXz5pA3iwXrqBhoeqMc8fG7U9JpllMOOwdTpbf6vuddgS2LUhomvidi
****************** JJpX85UiVMIIL76SOmx/V38lvKURDRVwbXc8U7kDRoSED310LrcjKfQCfTMxbOWRwnbjSNw8TDXz5pA3iwXrqBhoeqMc8fG7U9JpllMOOwdTpbf6vuddgS2LUhomvidi
****************** JJpX85UiVMIIL76SOmx/V38lvKURDRVwbXc8U7kDRoSED310LrcjKfQCfTMxbOWRwnbjSNw8TDXz5pA3iwXrqBhoeqMc8fG7U9JpllMOOwdTpbf6vuddgS2LUhomvidi
****************** JJpX85UiVMIIL76SOmx/V38lvKURDRVwbXc8U7kDRoSED310LrcjKfQCfTMxbOWRwnbjSNw8TDXz5pA3iwXrqBhoeqMc8fG7U9JpllMOOwdTpbf6vuddgS2LUhomvidi
****************** JJpX85UiVMIIL76SOmx/V38lvKURDRVwbXc8U7kDRoSED310LrcjKfQCfTMxbOWRwnbjSNw8TDXz5pA3iwXrqBhoeqMc8fG7U9JpllMOOwdTpbf6vuddgS2LUhomvidi
****************** JJpX85UiVMIIL76SOmx/V38lvKURDRVwbXc8U7kDRoSED310LrcjKfQCfTMxbOWRwnbjSNw8TDXz5pA3iwXrqBhoeqMc8fG7U9JpllMOOwdTpbf6vuddgS2LUhomvidi
****************** JJpX85UiVMIIL76SOmx/V38lvKURDRVwbXc8U7kDRoSED310LrcjKfQCfTMxbOWRwnbjSNw8TDXz5pA3iwXrqBhoeqMc8fG7U9JpllMOOwdTpbf6vuddgS2LUhomvidi
****************** JJpX85UiVMIIL76SOmx/V38lvKURDRVwbXc8U7kDRoSED310LrcjKfQCfTMxbOWRwnbjSNw8TDXz5pA3iwXrqBhoeqMc8fG7U9JpllMOOwdTpbf6vuddgS2LUhomvidi
****************** JJpX85UiVMIIL76SOmx/V38lvKURDRVwbXc8U7kDRoSED310LrcjKfQCfTMxbOWRwnbjSNw8TDXz5pA3iwXrqBhoeqMc8fG7U9JpllMOOwdTpbf6vuddgS2LUhomvidi
****************** JJpX85UiVMIIL76SOmx/V38lvKURDRVwbXc8U7kDRoSED310LrcjKfQCfTMxbOWRwnbjSNw8TDXz5pA3iwXrqBhoeqMc8fG7U9JpllMOOwdTpbf6vuddgS2LUhomvidi
****************** JJpX85UiVMIIL76SOmx/V38lvKURDRVwbXc8U7kDRoSED310LrcjKfQCfTMxbOWRwnbjSNw8TDXz5pA3iwXrqBhoeqMc8fG7U9JpllMOOwdTpbf6vuddgS2LUhomvidi
</DebugTrace>
      </Output>
    </UnitTestResult>
    <UnitTestResult executionId="88aca343-1f63-431a-859b-2e43d78ecc2a" testId="20f0da05-06f5-50cc-bee5-9ac7cf561794" testName="D_SaveNetworkrStatsMainMethodCodeGenerator" computerName="DESKTOP-5AJ0SB3" duration="00:01:40.8940386" startTime="2021-01-27T13:11:07.6692436+05:00" endTime="2021-01-27T13:12:48.5672758+05:00" testType="13cdc9d9-ddb5-4fa4-a97d-d965ccfc6d4b" outcome="Passed" testListId="8c84fa94-04c1-424b-9868-57a2d4851a1d" relativeResultsDirectory="88aca343-1f63-431a-859b-2e43d78ecc2a">
      <Output>
        <DebugTrace>****************** http://52.13.174.6/sheeda/admin/analytics/saveNetworkStats
****************** SELECT apps.package, apps.osID, apps.appID, apps.companyID,apps.sdkID,sdk_info.ver from apps INNER JOIN sdk_info ON apps.sdkID = sdk_info.sdkID where apps.sdkID &gt; 20 Limit 50
****************** 
****************** select adID from ads where ad_type != 'analytics';
****************** 
****************** JJpX85UiVMIIL76SOmx/V38lvKURDRVwbXc8U7kDRoSED310LrcjKfQCfTMxbOWRwnbjSNw8TDXz5pA3iwXrqBhoeqMc8fG7U9JpllMOOwdTpbf6vuddgS2LUhomvidi
****************** http://52.13.174.6/sheeda/admin/analytics/saveNetworkStats
message value is correct
Session token value is set

****************** http://52.13.174.6/sheeda/admin/analytics/saveNetworkStats
Message value not appearing correctly
****************** http://52.13.174.6/sheeda/admin/analytics/saveNetworkStats
message value is correct
Session token value is set

****************** http://52.13.174.6/sheeda/admin/analytics/saveNetworkStats
message value is correct
Session token value is set

****************** http://52.13.174.6/sheeda/admin/analytics/saveNetworkStats
Message value not appearing correctly
****************** http://52.13.174.6/sheeda/admin/analytics/saveNetworkStats
message value is correct
Session token value is set

****************** http://52.13.174.6/sheeda/admin/analytics/saveNetworkStats
Message value not appearing correctly
****************** http://52.13.174.6/sheeda/admin/analytics/saveNetworkStats
Message value not appearing correctly
****************** http://52.13.174.6/sheeda/admin/analytics/saveNetworkStats
Message value not appearing correctly
****************** http://52.13.174.6/sheeda/admin/analytics/saveNetworkStats
message value is correct
Session token value is set

****************** http://52.13.174.6/sheeda/admin/analytics/saveNetworkStats
Message value not appearing correctly
****************** http://52.13.174.6/sheeda/admin/analytics/saveNetworkStats
Message value not appearing correctly
****************** http://52.13.174.6/sheeda/admin/analytics/saveNetworkStats
message value is correct
Session token value is set

****************** http://52.13.174.6/sheeda/admin/analytics/saveNetworkStats
message value is correct
Session token value is set

****************** http://52.13.174.6/sheeda/admin/analytics/saveNetworkStats
Message value not appearing correctly
****************** http://52.13.174.6/sheeda/admin/analytics/saveNetworkStats
Message value not appearing correctly
****************** http://52.13.174.6/sheeda/admin/analytics/saveNetworkStats
Message value not appearing correctly
****************** http://52.13.174.6/sheeda/admin/analytics/saveNetworkStats
Message value not appearing correctly
****************** http://52.13.174.6/sheeda/admin/analytics/saveNetworkStats
Message value not appearing correctly
****************** http://52.13.174.6/sheeda/admin/analytics/saveNetworkStats
message value is correct
Session token value is set

****************** http://52.13.174.6/sheeda/admin/analytics/saveNetworkStats
message value is correct
Session token value is set

****************** http://52.13.174.6/sheeda/admin/analytics/saveNetworkStats
message value is correct
Session token value is set

****************** http://52.13.174.6/sheeda/admin/analytics/saveNetworkStats
message value is correct
Session token value is set

****************** http://52.13.174.6/sheeda/admin/analytics/saveNetworkStats
Message value not appearing correctly
****************** http://52.13.174.6/sheeda/admin/analytics/saveNetworkStats
Message value not appearing correctly
****************** http://52.13.174.6/sheeda/admin/analytics/saveNetworkStats
Message value not appearing correctly
****************** http://52.13.174.6/sheeda/admin/analytics/saveNetworkStats
message value is correct
Session token value is set

****************** http://52.13.174.6/sheeda/admin/analytics/saveNetworkStats
message value is correct
Session token value is set

****************** http://52.13.174.6/sheeda/admin/analytics/saveNetworkStats
message value is correct
Session token value is set

****************** http://52.13.174.6/sheeda/admin/analytics/saveNetworkStats
message value is correct
Session token value is set

****************** http://52.13.174.6/sheeda/admin/analytics/saveNetworkStats
message value is correct
Session token value is set

****************** http://52.13.174.6/sheeda/admin/analytics/saveNetworkStats
message value is correct
****************** http://52.13.174.6/sheeda/admin/analytics/saveNetworkStats
message value is correct
Session token value is set

****************** http://52.13.174.6/sheeda/admin/analytics/saveNetworkStats
message value is correct
Session token value is set

****************** http://52.13.174.6/sheeda/admin/analytics/saveNetworkStats
message value is correct
****************** http://52.13.174.6/sheeda/admin/analytics/saveNetworkStats
message value is correct
Session token value is set

****************** http://52.13.174.6/sheeda/admin/analytics/saveNetworkStats
message value is correct
****************** http://52.13.174.6/sheeda/admin/analytics/saveNetworkStats
message value is correct
Session token value is set

****************** http://52.13.174.6/sheeda/admin/analytics/saveNetworkStats
message value is correct
Session token value is set

****************** http://52.13.174.6/sheeda/admin/analytics/saveNetworkStats
message value is correct
Session token value is set

****************** http://52.13.174.6/sheeda/admin/analytics/saveNetworkStats
message value is correct
Session token value is set

****************** http://52.13.174.6/sheeda/admin/analytics/saveNetworkStats
message value is correct
Session token value is set

****************** http://52.13.174.6/sheeda/admin/analytics/saveNetworkStats
message value is correct
Session token value is set

****************** http://52.13.174.6/sheeda/admin/analytics/saveNetworkStats
message value is correct
Session token value is set

****************** http://52.13.174.6/sheeda/admin/analytics/saveNetworkStats
message value is correct
****************** http://52.13.174.6/sheeda/admin/analytics/saveNetworkStats
message value is correct
Session token value is set

****************** http://52.13.174.6/sheeda/admin/analytics/saveNetworkStats
message value is correct
****************** http://52.13.174.6/sheeda/admin/analytics/saveNetworkStats
message value is correct
****************** http://52.13.174.6/sheeda/admin/analytics/saveNetworkStats
message value is correct
Session token value is set

****************** http://52.13.174.6/sheeda/admin/analytics/saveNetworkStats
message value is correct
Session token value is set

</DebugTrace>
      </Output>
    </UnitTestResult>
    <UnitTestResult executionId="5d6b6911-1b70-47e9-87d5-d9b2300a465f" testId="bfc1b289-dbbb-3bad-fc5e-78e601449e19" testName="E_StartNewAdSessionMainInputGenerator" computerName="DESKTOP-5AJ0SB3" duration="00:02:21.2055037" startTime="2021-01-27T13:12:48.6657037+05:00" endTime="2021-01-27T13:15:09.8784267+05:00" testType="13cdc9d9-ddb5-4fa4-a97d-d965ccfc6d4b" outcome="Passed" testListId="8c84fa94-04c1-424b-9868-57a2d4851a1d" relativeResultsDirectory="5d6b6911-1b70-47e9-87d5-d9b2300a465f">
      <Output>
        <DebugTrace>****************** Select appKey , sdkID from apps where appkey!='' and sdkID &gt; 20 LIMIT 50
****************** 

{"appKey":"cf9b5e65c71c19e37f7fdec53fc4bd1d","osVersion":"9.0","orientation":"0","is_mac":"0","model":"GT-Nnnn0","deviceID":"374","telco_operator":"","cpu":"0","brand":"HUAWEI","userConsent":"0","internet_connectivity":"0","height":"249","architecture":"","width":"249","resolution":"1280x720","ram":"953,45 MB","sdkVersion":"2001","product":"j7xeltexx","devMode":"0"}
cache_ttl value is correct

Refresh Ad Rate value is correct
mode value is set

 Aspect ratio value is correct
sentry_log value is set
local_logging value is set
sentry_initialization value is set
sentry_debugging value is set
showPreRewardedDialogue value is set
showPostRewardedDialogue value is set
isSkipable value is set
{"cache_ttl":10080,"cache_ttl_rewarded":10080,"cache_ttl_banner":10080,"cache_ttl_native":10080,"cache_ttl_icon":10080,"campaigns":[{"campaignID":"138","attribution":0,"priority":"5","appToPromote":{"appToPromoteID":"1817","usesDefaultFrameImage":"1","usesDefaultCloseImage":"1","marketURL":"https:\/\/play.google.com\/store\/apps\/details?id=com.molev.army.shooting.training.game","packageID":"com.molev.army.shooting.training.game"},"showTemplate":1,"s2s_tracking_url":"https:\/\/play.google.com\/store\/apps\/details?id=com.molev.army.shooting.training.game","activeCreativeID":"130","scenes":["2","1"],"campaignAdType":"Interstitial","productId":"","purchaseBit":0,"licenseKey":""},{"campaignID":"138","attribution":0,"priority":"5","appToPromote":{"appToPromoteID":"1817","usesDefaultFrameImage":"1","usesDefaultCloseImage":"1","marketURL":"https:\/\/play.google.com\/store\/apps\/details?id=com.molev.army.shooting.training.game","packageID":"com.molev.army.shooting.training.game"},"showTemplate":1,"s2s_tracking_url":"https:\/\/play.google.com\/store\/apps\/details?id=com.molev.army.shooting.training.game","activeCreativeID":"130","scenes":["2","1"],"campaignAdType":"Interstitial","productId":"","purchaseBit":0,"licenseKey":""},{"campaignID":"138","attribution":0,"priority":"5","appToPromote":{"appToPromoteID":"1817","usesDefaultFrameImage":"1","usesDefaultCloseImage":"1","marketURL":"https:\/\/play.google.com\/store\/apps\/details?id=com.molev.army.shooting.training.game","packageID":"com.molev.army.shooting.training.game"},"showTemplate":1,"s2s_tracking_url":"https:\/\/play.google.com\/store\/apps\/details?id=com.molev.army.shooting.training.game","activeCreativeID":"130","scenes":["2","1"],"campaignAdType":"Interstitial","productId":"","purchaseBit":0,"licenseKey":""},{"campaignID":"138","attribution":0,"priority":"5","appToPromote":{"appToPromoteID":"1817","usesDefaultFrameImage":"1","usesDefaultCloseImage":"1","marketURL":"https:\/\/play.google.com\/store\/apps\/details?id=com.molev.army.shooting.training.game","packageID":"com.molev.army.shooting.training.game"},"showTemplate":1,"s2s_tracking_url":"https:\/\/play.google.com\/store\/apps\/details?id=com.molev.army.shooting.training.game","activeCreativeID":"130","scenes":["2","1"],"campaignAdType":"Interstitial","productId":"","purchaseBit":0,"licenseKey":""},{"campaignID":"138","attribution":0,"priority":"5","appToPromote":{"appToPromoteID":"1817","usesDefaultFrameImage":"1","usesDefaultCloseImage":"1","marketURL":"https:\/\/play.google.com\/store\/apps\/details?id=com.molev.army.shooting.training.game","packageID":"com.molev.army.shooting.training.game"},"showTemplate":1,"s2s_tracking_url":"https:\/\/play.google.com\/store\/apps\/details?id=com.molev.army.shooting.training.game","activeCreativeID":"130","scenes":["2","1"],"campaignAdType":"Interstitial","productId":"","purchaseBit":0,"licenseKey":""},{"campaignID":"138","attribution":0,"priority":"5","appToPromote":{"appToPromoteID":"1817","usesDefaultFrameImage":"1","usesDefaultCloseImage":"1","marketURL":"https:\/\/play.google.com\/store\/apps\/details?id=com.molev.army.shooting.training.game","packageID":"com.molev.army.shooting.training.game"},"showTemplate":1,"s2s_tracking_url":"https:\/\/play.google.com\/store\/apps\/details?id=com.molev.army.shooting.training.game","activeCreativeID":"130","scenes":["2","1"],"campaignAdType":"Interstitial","productId":"","purchaseBit":0,"licenseKey":""},{"campaignID":"8378","attribution":0,"priority":"8","appToPromote":{"appToPromoteID":"16480","usesDefaultFrameImage":"0","usesDefaultCloseImage":"0","marketURL":"https:\/\/play.google.com\/store\/apps\/details?id=com.nag.home.manager.working.virtual.mom","packageID":"com.GSS317.AmazingFamily"},"showTemplate":1,"s2s_tracking_url":"https:\/\/play.google.com\/store\/apps\/details?id=com.nag.home.manager.working.virtual.mom","activeCreativeID":"3720","scenes":["2","1"],"campaignAdType":"Interstitial","productId":"","purchaseBit":0,"licenseKey":""},{"campaignID":"9547","attribution":0,"priority":"8","appToPromote":{"appToPromoteID":"11879","usesDefaultFrameImage":"0","usesDefaultCloseImage":"0","marketURL":"https:\/\/play.google.com\/store\/apps\/details?id=com.buntoo.car.racing.games","packageID":"com.buntoo.car.racing.games"},"showTemplate":1,"s2s_tracking_url":"https:\/\/play.google.com\/store\/apps\/details?id=com.buntoo.car.racing.games","activeCreativeID":"4964","scenes":["2","1"],"campaignAdType":"Interstitial","productId":"","purchaseBit":0,"licenseKey":""},{"campaignID":"9586","attribution":0,"priority":"8","appToPromote":{"appToPromoteID":"515","usesDefaultFrameImage":"1","usesDefaultCloseImage":"1","marketURL":"https:\/\/play.google.com\/store\/apps\/details?id=com.plum.cash.counter.simualtor","packageID":"com.plum.cash.counter.simualtor"},"showTemplate":1,"s2s_tracking_url":"https:\/\/play.google.com\/store\/apps\/details?id=com.plum.cash.counter.simualtor","activeCreativeID":"50","scenes":["2","1"],"campaignAdType":"Interstitial","productId":"","purchaseBit":0,"licenseKey":""},{"campaignID":"9587","attribution":0,"priority":"8","appToPromote":{"appToPromoteID":"515","usesDefaultFrameImage":"1","usesDefaultCloseImage":"1","marketURL":"https:\/\/play.google.com\/store\/apps\/details?id=com.plum.cash.counter.simualtor","packageID":"com.plum.cash.counter.simualtor"},"showTemplate":1,"s2s_tracking_url":"https:\/\/play.google.com\/store\/apps\/details?id=com.plum.cash.counter.simualtor","activeCreativeID":"50","scenes":["2","1"],"campaignAdType":"Interstitial","productId":"","purchaseBit":0,"licenseKey":""},{"campaignID":"9588","attribution":0,"priority":"8","appToPromote":{"appToPromoteID":"515","usesDefaultFrameImage":"1","usesDefaultCloseImage":"1","marketURL":"https:\/\/play.google.com\/store\/apps\/details?id=com.plum.cash.counter.simualtor","packageID":"com.plum.cash.counter.simualtor"},"showTemplate":1,"s2s_tracking_url":"https:\/\/play.google.com\/store\/apps\/details?id=com.plum.cash.counter.simualtor","activeCreativeID":"50","scenes":["2","1"],"campaignAdType":"Interstitial","productId":"","purchaseBit":0,"licenseKey":""},{"campaignID":"9589","attribution":0,"priority":"8","appToPromote":{"appToPromoteID":"515","usesDefaultFrameImage":"1","usesDefaultCloseImage":"1","marketURL":"https:\/\/play.google.com\/store\/apps\/details?id=com.plum.cash.counter.simualtor","packageID":"com.plum.cash.counter.simualtor"},"showTemplate":1,"s2s_tracking_url":"https:\/\/play.google.com\/store\/apps\/details?id=com.plum.cash.counter.simualtor","activeCreativeID":"50","scenes":["2","1"],"campaignAdType":"Interstitial","productId":"","purchaseBit":0,"licenseKey":""},{"campaignID":"9131","attribution":0,"priority":"8","appToPromote":{"appToPromoteID":"17532","usesDefaultFrameImage":"0","usesDefaultCloseImage":"0","marketURL":"https:\/\/play.google.com\/store\/apps\/details?id=com.dhgate.buyermob","packageID":"com.dhgate.buyermob"},"showTemplate":1,"s2s_tracking_url":"https:\/\/tha.gotrackier.com\/click?campaign_id=63254\\u0026pub_id=75?p1=1_9131_374&amp;source=6841&amp;app_name=JungleWarrior&amp;gaid=374","activeCreativeID":"4483","scenes":["2","1"],"campaignAdType":"Interstitial","productId":"","purchaseBit":0,"licenseKey":""},{"campaignID":"8380","attribution_link":"","attribution":1,"priority":"7","appToPromote":{"appToPromoteID":"16480","usesDefaultFrameImage":"0","usesDefaultCloseImage":"0","marketURL":"https:\/\/play.google.com\/store\/apps\/details?id=com.nag.home.manager.working.virtual.mom","packageID":"com.GSS317.AmazingFamily"},"showTemplate":1,"s2s_tracking_url":"","activeCreativeID":"3720","scenes":["2","1"],"campaignAdType":"Interstitial","productId":"","purchaseBit":0,"licenseKey":""},{"campaignID":"444","attribution":0,"priority":"6","appToPromote":{"appToPromoteID":"3355","usesDefaultFrameImage":"0","usesDefaultCloseImage":"0","marketURL":"https:\/\/play.google.com\/store\/apps\/details?id=com.popnsons.parkour.mouse","packageID":"com.popnsons.parkour.mouse"},"showTemplate":1,"s2s_tracking_url":"https:\/\/play.google.com\/store\/apps\/details?id=com.popnsons.parkour.mouse","activeCreativeID":"469","scenes":["2","1"],"campaignAdType":"Interstitial","productId":"","purchaseBit":0,"licenseKey":""},{"campaignID":"561","attribution":0,"priority":"6","appToPromote":{"appToPromoteID":"5026","usesDefaultFrameImage":"0","usesDefaultCloseImage":"0","marketURL":"https:\/\/play.google.com\/store\/apps\/details?id=com.as.cashupapp","packageID":"com.as.cashupapp"},"showTemplate":1,"s2s_tracking_url":"https:\/\/play.google.com\/store\/apps\/details?id=com.as.cashupapp","activeCreativeID":"652","scenes":["2","1"],"campaignAdType":"Interstitial","productId":"","purchaseBit":0,"licenseKey":""},{"campaignID":"570","attribution":0,"priority":"6","appToPromote":{"appToPromoteID":"3802","usesDefaultFrameImage":"0","usesDefaultCloseImage":"0","marketURL":"https:\/\/play.google.com\/store\/apps\/details?id=com.Madxstudios.Flickshootsoccer","packageID":"com.Madxstudios.Flickshootsoccer"},"showTemplate":1,"s2s_tracking_url":"https:\/\/play.google.com\/store\/apps\/details?id=com.Madxstudios.Flickshootsoccer","activeCreativeID":"661","scenes":["2","1"],"campaignAdType":"Interstitial","productId":"","purchaseBit":0,"licenseKey":""},{"campaignID":"588","attribution":0,"priority":"6","appToPromote":{"appToPromoteID":"5026","usesDefaultFrameImage":"0","usesDefaultCloseImage":"0","marketURL":"https:\/\/play.google.com\/store\/apps\/details?id=com.as.cashupapp","packageID":"com.as.cashupapp"},"showTemplate":1,"s2s_tracking_url":"https:\/\/play.google.com\/store\/apps\/details?id=com.as.cashupapp","activeCreativeID":"652","scenes":["2","1"],"campaignAdType":"Interstitial","productId":"","purchaseBit":0,"licenseKey":""},{"campaignID":"8808","attribution_link":"","attribution":1,"priority":"5","appToPromote":{"appToPromoteID":"16528","usesDefaultFrameImage":"0","usesDefaultCloseImage":"0","marketURL":"https:\/\/play.google.com\/store\/apps\/details?id=com.bag.farm.day.village.farming.games","packageID":"com.GSS317.com.bag.farm.day.village.farming.games"},"showTemplate":1,"s2s_tracking_url":"","activeCreativeID":"3775","scenes":["2","1"],"campaignAdType":"Interstitial","productId":"","purchaseBit":0,"licenseKey":""},{"campaignID":"8876","attribution":0,"priority":"5","appToPromote":{"appToPromoteID":"15640","usesDefaultFrameImage":"0","usesDefaultCloseImage":"0","marketURL":"https:\/\/play.google.com\/store\/apps\/details?id=com.pgz.police.bike.stunt.ramp.bike.racing.games","packageID":"com.pgz.police.bike.stunt.ramp.bike.racing.games"},"showTemplate":1,"s2s_tracking_url":"https:\/\/play.google.com\/store\/apps\/details?id=com.pgz.police.bike.stunt.ramp.bike.racing.games","activeCreativeID":"4236","scenes":["2","1"],"campaignAdType":"Interstitial","productId":"","purchaseBit":0,"licenseKey":""},{"campaignID":"8972","attribution":0,"priority":"5","appToPromote":{"appToPromoteID":"15974","usesDefaultFrameImage":"0","usesDefaultCloseImage":"0","marketURL":"https:\/\/play.google.com\/store\/apps\/details?id=com.mustardgames.bmx.cycle.stunt.mega.ramp.impossibletracks","packageID":"com.mustardgames.bmx.cycle.stunt.mega.ramp.impossibletracks"},"showTemplate":1,"s2s_tracking_url":"https:\/\/play.google.com\/store\/apps\/details?id=com.mustardgames.bmx.cycle.stunt.mega.ramp.impossibletracks","activeCreativeID":"4339","scenes":["2","1"],"campaignAdType":"Interstitial","productId":"","purchaseBit":0,"licenseKey":""},{"campaignID":"8973","attribution":0,"priority":"5","appToPromote":{"appToPromoteID":"15974","usesDefaultFrameImage":"0","usesDefaultCloseImage":"0","marketURL":"https:\/\/play.google.com\/store\/apps\/details?id=com.mustardgames.bmx.cycle.stunt.mega.ramp.impossibletracks","packageID":"com.mustardgames.bmx.cycle.stunt.mega.ramp.impossibletracks"},"showTemplate":1,"s2s_tracking_url":"https:\/\/play.google.com\/store\/apps\/details?id=com.mustardgames.bmx.cycle.stunt.mega.ramp.impossibletracks","activeCreativeID":"4339","scenes":["2","1"],"campaignAdType":"Interstitial","productId":"","purchaseBit":0,"licenseKey":""},{"campaignID":"8974","attribution":0,"priority":"5","appToPromote":{"appToPromoteID":"15974","usesDefaultFrameImage":"0","usesDefaultCloseImage":"0","marketURL":"https:\/\/play.google.com\/store\/apps\/details?id=com.mustardgames.bmx.cycle.stunt.mega.ramp.impossibletracks","packageID":"com.mustardgames.bmx.cycle.stunt.mega.ramp.impossibletracks"},"showTemplate":1,"s2s_tracking_url":"https:\/\/play.google.com\/store\/apps\/details?id=com.mustardgames.bmx.cycle.stunt.mega.ramp.impossibletracks","activeCreativeID":"3564","scenes":["2","1"],"campaignAdType":"Video","productId":"","purchaseBit":0,"licenseKey":""},{"campaignID":"8747","attribution":0,"priority":"3","appToPromote":{"appToPromoteID":"16244","usesDefaultFrameImage":"0","usesDefaultCloseImage":"0","marketURL":"https:\/\/play.google.com\/store\/apps\/details?id=com.mustardgames.formula.car.racing.ramp.car.stunt.impossible.tracks","packageID":"com.mustardgames.formula.car.racing.ramp.car.stunt.impossible.tracks"},"showTemplate":1,"s2s_tracking_url":"https:\/\/play.google.com\/store\/apps\/details?id=com.mustardgames.formula.car.racing.ramp.car.stunt.impossible.tracks","activeCreativeID":"3993","scenes":["2","1"],"campaignAdType":"Video","productId":"","purchaseBit":0,"licenseKey":""},{"campaignID":"414","attribution":0,"priority":"3","appToPromote":{"appToPromoteID":"3023","usesDefaultFrameImage":"0","usesDefaultCloseImage":"0","marketURL":"https:\/\/play.google.com\/store\/apps\/details?id=com.appricot2d.rolo.pet.parrot","packageID":"com.appricot2d.rolo.pet.parrot"},"showTemplate":1,"s2s_tracking_url":"https:\/\/play.google.com\/store\/apps\/details?id=com.appricot2d.rolo.pet.parrot","activeCreativeID":"385","scenes":["2","1"],"campaignAdType":"Interstitial","productId":"","purchaseBit":0,"licenseKey":""},{"campaignID":"559","attribution":0,"priority":"3","appToPromote":{"appToPromoteID":"3476","usesDefaultFrameImage":"0","usesDefaultCloseImage":"0","marketURL":"https:\/\/play.google.com\/store\/apps\/details?id=com.perspectivegames.real.impossible.tracks.stunts","packageID":"com.perspectivegames.real.impossible.tracks.stunts"},"showTemplate":1,"s2s_tracking_url":"https:\/\/play.google.com\/store\/apps\/details?id=com.perspectivegames.real.impossible.tracks.stunts","activeCreativeID":"649","scenes":["2","1"],"campaignAdType":"Interstitial","productId":"","purchaseBit":0,"licenseKey":""},{"campaignID":"741","attribution":0,"priority":"3","appToPromote":{"appToPromoteID":"5609","usesDefaultFrameImage":"0","usesDefaultCloseImage":"0","marketURL":"https:\/\/play.google.com\/store\/apps\/details?id=com.kick.gyroscopic.city.train.driver.simulator","packageID":"com.kick.gyroscopic.city.train.driver.simulator"},"showTemplate":1,"s2s_tracking_url":"https:\/\/play.google.com\/store\/apps\/details?id=com.kick.gyroscopic.city.train.driver.simulator","activeCreativeID":"753","scenes":["2","1"],"campaignAdType":"Interstitial","productId":"","purchaseBit":0,"licenseKey":""},{"campaignID":"798","attribution":0,"priority":"3","appToPromote":{"appToPromoteID":"5770","usesDefaultFrameImage":"0","usesDefaultCloseImage":"0","marketURL":"https:\/\/play.google.com\/store\/apps\/details?id=com.simulatorgames3d.alohacelebrations","packageID":"com.simulatorgames3d.alohacelebrations"},"showTemplate":1,"s2s_tracking_url":"https:\/\/play.google.com\/store\/apps\/details?id=com.simulatorgames3d.alohacelebrations","activeCreativeID":"787","scenes":["2","1"],"campaignAdType":"Interstitial","productId":"","purchaseBit":0,"licenseKey":""},{"campaignID":"1483","attribution":0,"priority":"3","appToPromote":{"appToPromoteID":"1714","usesDefaultFrameImage":"1","usesDefaultCloseImage":"1","marketURL":"https:\/\/play.google.com\/store\/apps\/details?id=com.playink.cookie.maker","packageID":"com.playink.cookie.maker"},"showTemplate":1,"s2s_tracking_url":"https:\/\/play.google.com\/store\/apps\/details?id=com.playink.cookie.maker","activeCreativeID":"1020","scenes":["2","1"],"campaignAdType":"Interstitial","productId":"","purchaseBit":0,"licenseKey":""},{"campaignID":"8762","attribution":0,"priority":"2","appToPromote":{"appToPromoteID":"13265","usesDefaultFrameImage":"0","usesDefaultCloseImage":"0","marketURL":"https:\/\/play.google.com\/store\/apps\/details?id=com.rhg.tricky.bike.stunt.moto.master","packageID":"com.rhg.tricky.bike.stunt.moto.master"},"showTemplate":1,"s2s_tracking_url":"https:\/\/play.google.com\/store\/apps\/details?id=com.rhg.tricky.bike.stunt.moto.master","activeCreativeID":"4121","scenes":["2","1"],"campaignAdType":"Rewarded Video","productId":"","purchaseBit":0,"licenseKey":""},{"campaignID":"8971","attribution":0,"priority":"2","appToPromote":{"appToPromoteID":"15640","usesDefaultFrameImage":"0","usesDefaultCloseImage":"0","marketURL":"https:\/\/play.google.com\/store\/apps\/details?id=com.pgz.police.bike.stunt.ramp.bike.racing.games","packageID":"com.pgz.police.bike.stunt.ramp.bike.racing.games"},"showTemplate":1,"s2s_tracking_url":"https:\/\/play.google.com\/store\/apps\/details?id=com.pgz.police.bike.stunt.ramp.bike.racing.games","activeCreativeID":"4236","scenes":["2","1"],"campaignAdType":"Interstitial","productId":"","purchaseBit":0,"licenseKey":""},{"campaignID":"9366","attribution":0,"priority":"2","appToPromote":{"appToPromoteID":"17602","usesDefaultFrameImage":"0","usesDefaultCloseImage":"0","marketURL":"https:\/\/play.google.com\/store\/apps\/details?id=com.abaenglish.videoclass&amp;referrer=utm_source=42matters.com&amp;utm_medium=api","packageID":"com.abaenglish.videoclass"},"showTemplate":1,"s2s_tracking_url":"https:\/\/play.google.com\/store\/apps\/details?id=com.abaenglish.videoclass&amp;referrer=utm_source=42matters.com&amp;utm_medium=api","activeCreativeID":"4815","scenes":["2","1"],"campaignAdType":"Interstitial","productId":"","purchaseBit":0,"licenseKey":""},{"campaignID":"9367","attribution":0,"priority":"2","appToPromote":{"appToPromoteID":"17602","usesDefaultFrameImage":"0","usesDefaultCloseImage":"0","marketURL":"https:\/\/play.google.com\/store\/apps\/details?id=com.abaenglish.videoclass&amp;referrer=utm_source=42matters.com&amp;utm_medium=api","packageID":"com.abaenglish.videoclass"},"showTemplate":1,"s2s_tracking_url":"https:\/\/play.google.com\/store\/apps\/details?id=com.abaenglish.videoclass&amp;referrer=utm_source=42matters.com&amp;utm_medium=api","activeCreativeID":"4815","scenes":["2","1"],"campaignAdType":"Interstitial","productId":"","purchaseBit":0,"licenseKey":""},{"campaignID":"9368","attribution":0,"priority":"2","appToPromote":{"appToPromoteID":"17602","usesDefaultFrameImage":"0","usesDefaultCloseImage":"0","marketURL":"https:\/\/play.google.com\/store\/apps\/details?id=com.abaenglish.videoclass&amp;referrer=utm_source=42matters.com&amp;utm_medium=api","packageID":"com.abaenglish.videoclass"},"showTemplate":1,"s2s_tracking_url":"https:\/\/play.google.com\/store\/apps\/details?id=com.abaenglish.videoclass&amp;referrer=utm_source=42matters.com&amp;utm_medium=api","activeCreativeID":"4815","scenes":["2","1"],"campaignAdType":"Interstitial","productId":"","purchaseBit":0,"licenseKey":""},{"campaignID":"9369","attribution":0,"priority":"2","appToPromote":{"appToPromoteID":"17602","usesDefaultFrameImage":"0","usesDefaultCloseImage":"0","marketURL":"https:\/\/play.google.com\/store\/apps\/details?id=com.abaenglish.videoclass&amp;referrer=utm_source=42matters.com&amp;utm_medium=api","packageID":"com.abaenglish.videoclass"},"showTemplate":1,"s2s_tracking_url":"https:\/\/play.google.com\/store\/apps\/details?id=com.abaenglish.videoclass&amp;referrer=utm_source=42matters.com&amp;utm_medium=api","activeCreativeID":"4815","scenes":["2","1"],"campaignAdType":"Interstitial","productId":"","purchaseBit":0,"licenseKey":""}],"refreshAdRate":30,"mode":"Production","aspectRatio":"9_16","cdnPath":"https:\/\/df8ymybeo92md.cloudfront.net\/images\/","sentry_log":0,"local_logging":0,"sentry_dsn":"https:\/\/93ffa1c9a4124f67b8888a53265f751a:bbf998e04584477fa9a145838e9d3b26@sentry.io\/168994","sentry_initialization":1,"sentry_debugging":0,"bannerSizes":["1"],"aspectRatioVideo":"9_16","app_id":"1","showPreRewardedDialogue":0,"showPostRewardedDialogue":0,"rewardCurrency":"coins","rewardValue":0,"isSkipable":0,"privacyPolicyURL":"https:\/\/www.consoliads.com\/privacy-policy\/","sessionToken":"2mKTOXewOF0rYDKxeiha87Qhxx3nQAHd3BF8rAELiwbNpVxqlkUtTqDWeJA3zkWWuXXVgSLo0DSY49K6wwI+c1cgHhJHN9QsaIMcYsZqS\/efzB25BZtmV9ODIU8zjGNIlfp9+lbwvdg7FqnGa6JxRO0TF0wiYR0wA5vKIKspGa8="}
Session token value is set

mode value is set

 Aspect ratio value is correct
sentry_log value is set
Session token value is set


{"appKey":"1babdbf77027233f02631f34358fa4cb","osVersion":"7.0","orientation":"0","is_mac":"0","model":"GT-Snnn0","deviceID":"936","telco_operator":"Oi","cpu":"0","brand":"HONOR","userConsent":"0","internet_connectivity":"0","height":"474","architecture":"aarch64","width":"474","resolution":"1436x720","ram":"1.77 GB","sdkVersion":"39","product":"STK-L21M","devMode":"0"}
cache_ttl value is correct

Refresh Ad Rate value is correct
mode value is set

 Aspect ratio value is correct
sentry_log value is set
local_logging value is set
sentry_initialization value is set
sentry_debugging value is set
showPreRewardedDialogue value is set
showPostRewardedDialogue value is set
isSkipable value is set
{"cache_ttl":10080,"cache_ttl_rewarded":10080,"cache_ttl_banner":10080,"cache_ttl_native":10080,"cache_ttl_icon":10080,"refreshAdRate":30,"mode":"Production","aspectRatio":"9_16","cdnPath":"https:\/\/df8ymybeo92md.cloudfront.net\/images\/","sentry_log":0,"local_logging":0,"sentry_dsn":"https:\/\/93ffa1c9a4124f67b8888a53265f751a:bbf998e04584477fa9a145838e9d3b26@sentry.io\/168994","sentry_initialization":1,"sentry_debugging":0,"bannerSizes":[],"aspectRatioVideo":"9_16","app_id":"17","showPreRewardedDialogue":0,"showPostRewardedDialogue":0,"rewardCurrency":"coins","rewardValue":0,"isSkipable":0,"privacyPolicyURL":"https:\/\/www.consoliads.com\/privacy-policy\/","sessionToken":"0q\/K\/rP1Q6jrvW\/SCHKs2hYzWB+oy7hU8hbyAaIIl2QFxTVShOqUEkiwhkjtCchF+kgq+nF1+stZJ+nLO867drtSmAt2rwkZ+FeX5oaVhccI0vwyUhD6PLiI6cV\/hqjP6Cu+oS5AduQ5JxaAJ6mr7spIppxpaqyOlmDtKgH6UHc="}
Session token value is set


{"appKey":"6ddf0213018740694ee42a85ec9b27b9","osVersion":"6.0","orientation":"0","is_mac":"0","model":"GT-Snnn2","deviceID":"582","telco_operator":"Maroc","cpu":"0","brand":"vivo","userConsent":"0","internet_connectivity":"0","height":"333","architecture":"armv8l","width":"333","resolution":"1344x720","ram":"1.68 GB","sdkVersion":"39","product":"aosp_arm","devMode":"0"}
cache_ttl value is correct

Refresh Ad Rate value is correct
mode value is set

 Aspect ratio value is correct
sentry_log value is set
local_logging value is set
sentry_initialization value is set
sentry_debugging value is set
showPreRewardedDialogue value is set
showPostRewardedDialogue value is set
isSkipable value is set
{"cache_ttl":10080,"cache_ttl_rewarded":10080,"cache_ttl_banner":10080,"cache_ttl_native":10080,"cache_ttl_icon":10080,"refreshAdRate":30,"mode":"Production","aspectRatio":"9_16","cdnPath":"https:\/\/df8ymybeo92md.cloudfront.net\/images\/","sentry_log":0,"local_logging":0,"sentry_dsn":"https:\/\/e6dcd89483ae4d13b0f42ed3810d8d62:078421c4ad3d43f19885b30828ce7ee6@sentry.io\/187776","sentry_initialization":1,"sentry_debugging":0,"bannerSizes":[],"aspectRatioVideo":"9_16","app_id":"21","showPreRewardedDialogue":0,"showPostRewardedDialogue":0,"rewardCurrency":"coins","rewardValue":0,"isSkipable":0,"privacyPolicyURL":"https:\/\/www.consoliads.com\/privacy-policy\/","sessionToken":"DfPx+RfQz0U2iuoPq+45KywRXw8rVEmFmgcfsKm0sB7s0SNgW6x19gZQaBbuww7VT5MR3khTZR9\/VZ3z2RGRTvAWulkAL9YPK5S5Q0PFp+kM+BzUrWrTc2aH5YmOEB\/LaOCHZZzPQlfEfQk\/l0oyi4kRaNjbd0n+IEPbw5seMjA="}
Session token value is set


{"appKey":"17597323e76208165f7473a172878549","osVersion":"5.0","orientation":"0","is_mac":"0","model":"xiaomi Mi 4s","deviceID":"645","telco_operator":"Telecom","cpu":"0","brand":"samsung","userConsent":"0","internet_connectivity":"0","height":"358","architecture":"armv7l,","width":"358","resolution":"1024x552","ram":"3.68 GB","sdkVersion":"39","product":"potter","devMode":"0"}
cache_ttl value is correct

Refresh Ad Rate value is correct
mode value is set

 Aspect ratio value is correct
sentry_log value is set
local_logging value is set
sentry_initialization value is set
sentry_debugging value is set
showPreRewardedDialogue value is set
showPostRewardedDialogue value is set
isSkipable value is set
{"cache_ttl":10080,"cache_ttl_rewarded":10080,"cache_ttl_banner":10080,"cache_ttl_native":10080,"cache_ttl_icon":10080,"refreshAdRate":30,"mode":"Production","aspectRatio":"9_16","cdnPath":"https:\/\/df8ymybeo92md.cloudfront.net\/images\/","sentry_log":0,"local_logging":0,"sentry_dsn":"https:\/\/93ffa1c9a4124f67b8888a53265f751a:bbf998e04584477fa9a145838e9d3b26@sentry.io\/168994","sentry_initialization":1,"sentry_debugging":0,"bannerSizes":[],"aspectRatioVideo":"9_16","app_id":"27","showPreRewardedDialogue":0,"showPostRewardedDialogue":0,"rewardCurrency":"coins","rewardValue":0,"isSkipable":0,"privacyPolicyURL":"https:\/\/www.consoliads.com\/privacy-policy\/","sessionToken":"rrUlR90u\/6wev62rZwjUqh+3obFCwhStGK5bAjwSjNeAG3qFSOjyKK4nqSzBTFhFKawL3XF3HrA3dZGXsJkDaJsq\/g6UVhI2FmzOvRiIQK2EV3gwLm20EUpeUa1dY\/Gxo2WSIfR00+7uNVAjkr49BqJr5In7B0lWCoM6byWyeUQ="}
Session token value is set


{"appKey":"94be501b0931585622effed06f4d6494","osVersion":"4.4","orientation":"0","is_mac":"0","model":"E5673","deviceID":"817","telco_operator":"airtel","cpu":"0","brand":"realme","userConsent":"0","internet_connectivity":"0","height":"426","architecture":"aarch81","width":"426","resolution":"1387x720","ram":"2.75 GB","sdkVersion":"39","product":"iPhone","devMode":"0"}
cache_ttl value is correct

Refresh Ad Rate value is correct
mode value is set

 Aspect ratio value is correct
sentry_log value is set
local_logging value is set
sentry_initialization value is set
sentry_debugging value is set
showPreRewardedDialogue value is set
showPostRewardedDialogue value is set
isSkipable value is set
{"cache_ttl":10080,"cache_ttl_rewarded":10080,"cache_ttl_banner":10080,"cache_ttl_native":10080,"cache_ttl_icon":10080,"refreshAdRate":30,"mode":"Production","aspectRatio":"9_16","cdnPath":"https:\/\/df8ymybeo92md.cloudfront.net\/images\/","sentry_log":0,"local_logging":0,"sentry_dsn":"https:\/\/93ffa1c9a4124f67b8888a53265f751a:bbf998e04584477fa9a145838e9d3b26@sentry.io\/168994","sentry_initialization":1,"sentry_debugging":0,"bannerSizes":[],"aspectRatioVideo":"9_16","app_id":"28","showPreRewardedDialogue":0,"showPostRewardedDialogue":0,"rewardCurrency":"coins","rewardValue":0,"isSkipable":0,"privacyPolicyURL":"https:\/\/www.consoliads.com\/privacy-policy\/","sessionToken":"2It6khFefj\/muQcgeI1HvPCuJR9A3dODfDLNzbw7jyMhEd8aurOV4VScUgax3nE7Fo7sHZIVmps15+FkSE66InfgEyG8Wn3Qac\/AYDfLsrvxrxTEzFhM6XTZk8otinXCSDRQedBsxxQqw6PP58E\/sLRR57dHoEmh6oJYmgfdiPQ="}
Session token value is set


{"appKey":"d903ca86d7de5fdc83922b5f4d5edb45","osVersion":"4.3","orientation":"0","is_mac":"0","model":"E3372","deviceID":"75","telco_operator":"Metfone","cpu":"0","brand":"iPhone","userConsent":"0","internet_connectivity":"0","height":"130","architecture":"aarch81","width":"130","resolution":"1080 x 1920","ram":"1,37 GB","sdkVersion":"39","product":"LUA-U22","devMode":"0"}
cache_ttl value is correct

Refresh Ad Rate value is correct
mode value is set

 Aspect ratio value is correct
sentry_log value is set
local_logging value is set
sentry_initialization value is set
sentry_debugging value is set
showPreRewardedDialogue value is set
showPostRewardedDialogue value is set
isSkipable value is set
{"cache_ttl":10080,"cache_ttl_rewarded":10080,"cache_ttl_banner":10080,"cache_ttl_native":10080,"cache_ttl_icon":10080,"refreshAdRate":30,"mode":"Production","aspectRatio":"9_16","cdnPath":"https:\/\/df8ymybeo92md.cloudfront.net\/images\/","sentry_log":0,"local_logging":0,"sentry_dsn":"https:\/\/93ffa1c9a4124f67b8888a53265f751a:bbf998e04584477fa9a145838e9d3b26@sentry.io\/168994","sentry_initialization":1,"sentry_debugging":0,"bannerSizes":[],"aspectRatioVideo":"9_16","app_id":"45","showPreRewardedDialogue":0,"showPostRewardedDialogue":0,"rewardCurrency":"coins","rewardValue":0,"isSkipable":0,"privacyPolicyURL":"https:\/\/www.consoliads.com\/privacy-policy\/","sessionToken":"x6N4+LMA35wHYEHKgNx\/msRLPy\/C4reSoD+iCrTvXS7b\/vhXM5pM71QT\/T5Xgoq8paELm9A0j+JnKIYOBBGFQYdhIHCHHBPbeqMjX9WStig34C6+1iyIXbCaSKx541h74WwIEXqTfWXr\/cf7L\/LR5fdi934+WcfP9DO0VpEHLww="}
Session token value is set


{"appKey":"e5ce34d09f98c0fa3f4ec913d0ef2448","osVersion":"4.2","orientation":"0","is_mac":"0","model":"iphone 3GS","deviceID":"584","telco_operator":" Ooredoo","cpu":"0","brand":"OPPO","userConsent":"0","internet_connectivity":"0","height":"333","architecture":"armv64","width":"333","resolution":"1440 x 2960","ram":"3.69 GB","sdkVersion":"39","product":"BKK-LX2","devMode":"0"}
cache_ttl value is correct

Refresh Ad Rate value is correct
mode value is set

 Aspect ratio value is correct
sentry_log value is set
local_logging value is set
sentry_initialization value is set
sentry_debugging value is set
showPreRewardedDialogue value is set
showPostRewardedDialogue value is set
isSkipable value is set
{"cache_ttl":10080,"cache_ttl_rewarded":10080,"cache_ttl_banner":10080,"cache_ttl_native":10080,"cache_ttl_icon":10080,"refreshAdRate":30,"mode":"Production","aspectRatio":"9_16","cdnPath":"https:\/\/df8ymybeo92md.cloudfront.net\/images\/","sentry_log":0,"local_logging":0,"sentry_dsn":"na","sentry_initialization":1,"sentry_debugging":0,"bannerSizes":[],"aspectRatioVideo":"9_16","app_id":"46","showPreRewardedDialogue":0,"showPostRewardedDialogue":0,"rewardCurrency":"coins","rewardValue":0,"isSkipable":0,"privacyPolicyURL":"https:\/\/www.consoliads.com\/privacy-policy\/","sessionToken":"DXd\/fBmvHaIJkto92Uub2UfvNqKdIn++QdBaNZDpHalrM48RCofWqn1AqTZdRHRLKpxBMb6P6Y4UUaldNLodLfbUcJBaSRJR81Yar+S60D6BJvlSpryrovh19tSQ8LHx1lkQcKii+K2vR4eqW0uqab0shLOXNWggAZ7f\/neemnA="}
Session token value is set


{"appKey":"7692f5bcf81146b852cdf4e82e97faac","osVersion":"9.0","orientation":"0","is_mac":"0","model":"GT-Nnnn0","deviceID":"449","telco_operator":"","cpu":"0","brand":"HUAWEI","userConsent":"0","internet_connectivity":"0","height":"279","architecture":"","width":"279","resolution":"1280x720","ram":"953,45 MB","sdkVersion":"39","product":"j7xeltexx","devMode":"0"}
cache_ttl value is correct

Refresh Ad Rate value is correct
mode value is set

 Aspect ratio value is correct
sentry_log value is set
local_logging value is set
sentry_initialization value is set
sentry_debugging value is set
showPreRewardedDialogue value is set
showPostRewardedDialogue value is set
isSkipable value is set
{"cache_ttl":10080,"cache_ttl_rewarded":10080,"cache_ttl_banner":10080,"cache_ttl_native":10080,"cache_ttl_icon":10080,"refreshAdRate":30,"mode":"Production","aspectRatio":"9_16","cdnPath":"https:\/\/df8ymybeo92md.cloudfront.net\/images\/","sentry_log":0,"local_logging":0,"sentry_dsn":"https:\/\/93ffa1c9a4124f67b8888a53265f751a:bbf998e04584477fa9a145838e9d3b26@sentry.io\/168994","sentry_initialization":1,"sentry_debugging":0,"bannerSizes":[],"aspectRatioVideo":"9_16","app_id":"47","showPreRewardedDialogue":0,"showPostRewardedDialogue":0,"rewardCurrency":"coins","rewardValue":0,"isSkipable":0,"privacyPolicyURL":"https:\/\/www.consoliads.com\/privacy-policy\/","sessionToken":"g9YXcUvyxzX6E0bkBHDa+SggiB7bE6Mm2Zw255EhjP8ggKmfpe2cuMuJP7B7RomeX3ZFeJmaoGQyDL2TvDMIhnmiBQcmN\/\/8DlqQmihfy8rjiopHo3ybE6mUTDWQzTYMnKVIode5F3sHIjTw8QneSE6\/ng37oblh9rfXoFOcv\/Q="}
Session token value is set


{"appKey":"b684540d6a47d1b91acb44a95ef0444d","osVersion":"8.0","orientation":"0","is_mac":"0","model":"SM-Nnn0","deviceID":"230","telco_operator":"Azercell","cpu":"0","brand":"Xiaomi","userConsent":"0","internet_connectivity":"0","height":"192","architecture":"0","width":"192","resolution":"1196x720","ram":"3.51 GB ","sdkVersion":"2225","product":"mido","devMode":"0"}
cache_ttl value is correct

Refresh Ad Rate value is correct
mode value is set

 Aspect ratio value is correct
sentry_log value is set
local_logging value is set
sentry_initialization value is set
sentry_debugging value is set
showPreRewardedDialogue value is set
showPostRewardedDialogue value is set
isSkipable value is set
{"cache_ttl":10080,"cache_ttl_rewarded":10080,"cache_ttl_banner":10080,"cache_ttl_native":10080,"cache_ttl_icon":10080,"refreshAdRate":30,"mode":"Production","aspectRatio":"9_16","cdnPath":"https:\/\/df8ymybeo92md.cloudfront.net\/images\/","sentry_log":0,"local_logging":0,"sentry_dsn":"https:\/\/e6dcd89483ae4d13b0f42ed3810d8d62:078421c4ad3d43f19885b30828ce7ee6@sentry.io\/187776","sentry_initialization":1,"sentry_debugging":0,"bannerSizes":["1"],"aspectRatioVideo":"9_16","app_id":"55","showPreRewardedDialogue":0,"showPostRewardedDialogue":0,"rewardCurrency":"coins","rewardValue":0,"isSkipable":0,"privacyPolicyURL":"https:\/\/www.consoliads.com\/privacy-policy\/","sessionToken":"JT\/CeJK2In+BZBAtfAKQBc+yPXrlvD2q82D2TYtE1EylW3h0vk+E2p7z7Ibz7vzpubHXffusp492Ow+dEo\/\/emx7WrcZApr7Qf4o7HBze4ZnrXqPpr1Zc9BMYkqmwOJ6Uf+FDSE7WIyHkBsZIG6IQJFrN5dEK2LVZn5qv1XB3kE="}
Session token value is set


{"appKey":"1cc93b0c9d030fe8c2b04e8b22591ab6","osVersion":"7.0","orientation":"0","is_mac":"0","model":"GT-Snnn0","deviceID":"792","telco_operator":"Oi","cpu":"0","brand":"HONOR","userConsent":"0","internet_connectivity":"0","height":"416","architecture":"aarch64","width":"416","resolution":"1436x720","ram":"1.77 GB","sdkVersion":"2163","product":"STK-L21M","devMode":"0"}
cache_ttl value is correct

Title value is correct

Refresh Ad Rate value is correct
mode value is set

 Aspect ratio value is correct
sentry_log value is set
local_logging value is set
sentry_initialization value is set
sentry_debugging value is set
showPreRewardedDialogue value is set
showPostRewardedDialogue value is set
isSkipable value is set
{"cache_ttl":10080,"cache_ttl_rewarded":10080,"cache_ttl_banner":10080,"cache_ttl_native":10080,"cache_ttl_icon":10080,"campaigns":[{"campaignID":0,"priority":10,"appToPromote":{"appToPromoteID":0,"usesDefaultFrameImage":"1","usesDefaultCloseImage":"1","packageID":"testPackage"},"showTemplate":2,"activeCreativeID":0,"campaignAdType":"Interstitial","scenes":["1","2","6","5","4","7","13","14"]},{"campaignID":0,"priority":10,"appToPromote":{"appToPromoteID":0,"usesDefaultFrameImage":"1","usesDefaultCloseImage":"1","packageID":"testPackage"},"showTemplate":2,"activeCreativeID":0,"campaignAdType":"Video","scenes":["1","2","6","5","4","7","13","14"]},{"campaignID":0,"priority":10,"appToPromote":{"appToPromoteID":0,"usesDefaultFrameImage":"1","usesDefaultCloseImage":"1","packageID":"testPackage"},"showTemplate":2,"activeCreativeID":0,"campaignAdType":"Rewarded Video","scenes":["1","2","6","5","4","7","13","14"]},{"campaignID":0,"priority":10,"appToPromote":{"appToPromoteID":0,"usesDefaultFrameImage":"1","usesDefaultCloseImage":"1","marketURL":"https:\/\/play.google.com","packageID":"testPackage"},"showTemplate":2,"activeCreativeID":0,"campaignAdType":"Banner","scenes":["1","2","6","5","4","7","13","14"]},{"campaignID":0,"priority":10,"appToPromote":{"appToPromoteID":0,"usesDefaultFrameImage":"1","usesDefaultCloseImage":"1","marketURL":"https:\/\/play.google.com","packageID":"testPackage"},"showTemplate":2,"activeCreativeID":0,"campaignAdType":"Native","title":"Test Title","subTitle":"Test Subtitle","description":"This is test description","adChoicesLink":"www.google.com","adClickThroughText":"Open Link","scenes":["1","2","6","5","4","7","13","14"]},{"campaignID":0,"priority":10,"appToPromote":{"appToPromoteID":0,"usesDefaultFrameImage":"1","usesDefaultCloseImage":"1","marketURL":"https:\/\/play.google.com","packageID":"testPackage"},"showTemplate":2,"activeCreativeID":0,"campaignAdType":"Icon","scenes":["1","2","6","5","4","7","13","14"]}],"refreshAdRate":30,"mode":"Production","aspectRatio":"9_16","cdnPath":"https:\/\/df8ymybeo92md.cloudfront.net\/images\/","sentry_log":0,"local_logging":0,"sentry_dsn":"https:\/\/93ffa1c9a4124f67b8888a53265f751a:bbf998e04584477fa9a145838e9d3b26@sentry.io\/168994","sentry_initialization":1,"sentry_debugging":0,"bannerSizes":["1","5"],"aspectRatioVideo":"9_16","app_id":"66","showPreRewardedDialogue":0,"showPostRewardedDialogue":0,"rewardCurrency":"coins","rewardValue":0,"isSkipable":0,"privacyPolicyURL":"https:\/\/www.consoliads.com\/privacy-policy\/","sessionToken":"3YOWJiUkvLmNG1D\/vieA37zGM1Rtur\/Ms+6YpY+rjBfC+c8OfJxzx4YI+C0qpOd\/HVJfJKqvloJSn\/H28gcYa\/DpGyi1fX+YBdt2m3gr0m09LO\/MDTEdHt7WbaOT8BnhlkP4tCb4b+\/2Sx8Ik1Y67M8LvDtnA2ejVBswen22PU8="}
Session token value is set


{"appKey":"6c99d6ff09b8e68b5142a8a86b21646b","osVersion":"6.0","orientation":"0","is_mac":"0","model":"GT-Snnn2","deviceID":"50","telco_operator":"Maroc","cpu":"0","brand":"vivo","userConsent":"0","internet_connectivity":"0","height":"120","architecture":"armv8l","width":"120","resolution":"1344x720","ram":"1.68 GB","sdkVersion":"2151","product":"aosp_arm","devMode":"0"}
cache_ttl value is correct

Title value is correct

Refresh Ad Rate value is correct
mode value is set

 Aspect ratio value is correct
sentry_log value is set
local_logging value is set
sentry_initialization value is set
sentry_debugging value is set
showPreRewardedDialogue value is set
showPostRewardedDialogue value is set
isSkipable value is set
{"cache_ttl":10080,"cache_ttl_rewarded":10080,"cache_ttl_banner":10080,"cache_ttl_native":10080,"cache_ttl_icon":10080,"campaigns":[{"campaignID":0,"priority":10,"appToPromote":{"appToPromoteID":0,"usesDefaultFrameImage":"1","usesDefaultCloseImage":"1","packageID":"testPackage"},"showTemplate":2,"activeCreativeID":0,"campaignAdType":"Interstitial","scenes":["12","1","8","6","15","2"]},{"campaignID":0,"priority":10,"appToPromote":{"appToPromoteID":0,"usesDefaultFrameImage":"1","usesDefaultCloseImage":"1","packageID":"testPackage"},"showTemplate":2,"activeCreativeID":0,"campaignAdType":"Video","scenes":["12","1","8","6","15","2"]},{"campaignID":0,"priority":10,"appToPromote":{"appToPromoteID":0,"usesDefaultFrameImage":"1","usesDefaultCloseImage":"1","packageID":"testPackage"},"showTemplate":2,"activeCreativeID":0,"campaignAdType":"Rewarded Video","scenes":["12","1","8","6","15","2"]},{"campaignID":0,"priority":10,"appToPromote":{"appToPromoteID":0,"usesDefaultFrameImage":"1","usesDefaultCloseImage":"1","marketURL":"https:\/\/play.google.com","packageID":"testPackage"},"showTemplate":2,"activeCreativeID":0,"campaignAdType":"Banner","scenes":["12","1","8","6","15","2"]},{"campaignID":0,"priority":10,"appToPromote":{"appToPromoteID":0,"usesDefaultFrameImage":"1","usesDefaultCloseImage":"1","marketURL":"https:\/\/play.google.com","packageID":"testPackage"},"showTemplate":2,"activeCreativeID":0,"campaignAdType":"Native","title":"Test Title","subTitle":"Test Subtitle","description":"This is test description","adChoicesLink":"www.google.com","adClickThroughText":"Open Link","scenes":["12","1","8","6","15","2"]},{"campaignID":0,"priority":10,"appToPromote":{"appToPromoteID":0,"usesDefaultFrameImage":"1","usesDefaultCloseImage":"1","marketURL":"https:\/\/play.google.com","packageID":"testPackage"},"showTemplate":2,"activeCreativeID":0,"campaignAdType":"Icon","scenes":["12","1","8","6","15","2"]}],"refreshAdRate":30,"mode":"Production","aspectRatio":"9_16","cdnPath":"https:\/\/df8ymybeo92md.cloudfront.net\/images\/","sentry_log":0,"local_logging":0,"sentry_dsn":"na","sentry_initialization":1,"sentry_debugging":0,"bannerSizes":["1"],"aspectRatioVideo":"9_16","app_id":"67","showPreRewardedDialogue":0,"showPostRewardedDialogue":0,"rewardCurrency":"coins","rewardValue":0,"isSkipable":0,"privacyPolicyURL":"https:\/\/www.consoliads.com\/privacy-policy\/","sessionToken":"mtbjJiDIReMn5O6BIDyNEjp+\/WOrtY6SJiEqfp3Uk7kZ0rD1TpIpJ6zoRJGM8\/1K7M+cy2uyjK+yU5vH6MFCdjga6ZixVTRnbbnWC3ZWkpqUeDzkv0bKWLRwuwOrXuBz4Z17ILq0sLl58oBPy4Rm2+5eBA2oFVX8FjACnA23H3A="}
Session token value is set


{"appKey":"c08c0fbb83a078f6c8538e00c3bf31cf","osVersion":"5.0","orientation":"0","is_mac":"0","model":"xiaomi Mi 4s","deviceID":"667","telco_operator":"Telecom","cpu":"0","brand":"samsung","userConsent":"0","internet_connectivity":"0","height":"367","architecture":"armv7l,","width":"367","resolution":"1024x552","ram":"3.68 GB","sdkVersion":"39","product":"potter","devMode":"0"}
cache_ttl value is correct

Refresh Ad Rate value is correct
mode value is set

 Aspect ratio value is correct
sentry_log value is set
local_logging value is set
sentry_initialization value is set
sentry_debugging value is set
showPreRewardedDialogue value is set
showPostRewardedDialogue value is set
isSkipable value is set
{"cache_ttl":10080,"cache_ttl_rewarded":10080,"cache_ttl_banner":10080,"cache_ttl_native":10080,"cache_ttl_icon":10080,"refreshAdRate":30,"mode":"Production","aspectRatio":"9_16","cdnPath":"https:\/\/df8ymybeo92md.cloudfront.net\/images\/","sentry_log":0,"local_logging":0,"sentry_dsn":"https:\/\/93ffa1c9a4124f67b8888a53265f751a:bbf998e04584477fa9a145838e9d3b26@sentry.io\/168994","sentry_initialization":1,"sentry_debugging":0,"bannerSizes":[],"aspectRatioVideo":"9_16","app_id":"73","showPreRewardedDialogue":0,"showPostRewardedDialogue":0,"rewardCurrency":"coins","rewardValue":0,"isSkipable":0,"privacyPolicyURL":"https:\/\/www.consoliads.com\/privacy-policy\/","sessionToken":"QbhLy\/PGJAx4Titpo2PwjDTAPilU0\/\/iz7xKLjdTV8eXRSTSrIokPWOK2Cnm1ynDoZdxaB1UrDGxd8XDEVi9H9t8ItbXb7Fksr1QDTfDJe\/ej\/MJAOkl\/qPkBxYyq9bHZAMSMGVXt8lSvmSrc02BBA3VqlKGtmvvSbUKUQC43v8="}
Session token value is set


{"appKey":"f22c5ae41b6e41d09c7785f550581859","osVersion":"4.4","orientation":"0","is_mac":"0","model":"E5673","deviceID":"818","telco_operator":"airtel","cpu":"0","brand":"realme","userConsent":"0","internet_connectivity":"0","height":"427","architecture":"aarch81","width":"427","resolution":"1387x720","ram":"2.75 GB","sdkVersion":"39","product":"iPhone","devMode":"0"}
cache_ttl value is correct

Refresh Ad Rate value is correct
mode value is set

 Aspect ratio value is correct
sentry_log value is set
local_logging value is set
sentry_initialization value is set
sentry_debugging value is set
showPreRewardedDialogue value is set
showPostRewardedDialogue value is set
isSkipable value is set
{"cache_ttl":10080,"cache_ttl_rewarded":10080,"cache_ttl_banner":10080,"cache_ttl_native":10080,"cache_ttl_icon":10080,"refreshAdRate":30,"mode":"Production","aspectRatio":"9_16","cdnPath":"https:\/\/df8ymybeo92md.cloudfront.net\/images\/","sentry_log":0,"local_logging":0,"sentry_dsn":"na","sentry_initialization":1,"sentry_debugging":0,"bannerSizes":[],"aspectRatioVideo":"9_16","app_id":"74","showPreRewardedDialogue":0,"showPostRewardedDialogue":0,"rewardCurrency":"coins","rewardValue":0,"isSkipable":0,"privacyPolicyURL":"https:\/\/www.consoliads.com\/privacy-policy\/","sessionToken":"IYA05lHIUmiim2FcqWeVJwoVSeAK8wVhlScS6ZXoJVh0Y84nbAq5JNF1BgJ211FffC+r63znDVgPdhdzLjxLbHVHKr1Prmag0+zFNljBzkvupTyLJ7KGeFb1ce7ooHVtYE4NxX+8ewEomIeUrfEV4yx4h\/GaHqASURVdTVw45KY="}
Session token value is set


{"appKey":"8a691a6557421a7f77921449ccfd99ed","osVersion":"4.3","orientation":"0","is_mac":"0","model":"E3372","deviceID":"686","telco_operator":"Metfone","cpu":"0","brand":"iPhone","userConsent":"0","internet_connectivity":"0","height":"374","architecture":"aarch81","width":"374","resolution":"1080 x 1920","ram":"1,37 GB","sdkVersion":"39","product":"LUA-U22","devMode":"0"}
cache_ttl value is correct

Refresh Ad Rate value is correct
mode value is set

 Aspect ratio value is correct
sentry_log value is set
local_logging value is set
sentry_initialization value is set
sentry_debugging value is set
showPreRewardedDialogue value is set
showPostRewardedDialogue value is set
isSkipable value is set
{"cache_ttl":10080,"cache_ttl_rewarded":10080,"cache_ttl_banner":10080,"cache_ttl_native":10080,"cache_ttl_icon":10080,"refreshAdRate":30,"mode":"Production","aspectRatio":"9_16","cdnPath":"https:\/\/df8ymybeo92md.cloudfront.net\/images\/","sentry_log":0,"local_logging":0,"sentry_dsn":"https:\/\/e6dcd89483ae4d13b0f42ed3810d8d62:078421c4ad3d43f19885b30828ce7ee6@sentry.io\/187776","sentry_initialization":1,"sentry_debugging":0,"bannerSizes":[],"aspectRatioVideo":"9_16","app_id":"82","showPreRewardedDialogue":0,"showPostRewardedDialogue":0,"rewardCurrency":"coins","rewardValue":0,"isSkipable":0,"privacyPolicyURL":"https:\/\/www.consoliads.com\/privacy-policy\/","sessionToken":"9xxPgL6yGz9BI9qiBWrE\/13j\/2+Ols8JfJonertwFYFs\/89+gOIaciUba3GTQbZWBp3aTNatxsRRtr1h6nAkk+qBw9kiHic69ibS1PIZfdkZVV1oAkITSTmIBr7SOwhcbuRGnportmxSEw3t6iCKBBx8U69N88R+\/WyACRZUdU8="}
Session token value is set


{"appKey":"4d6a786be151e3ecf8b2d8cb2953aad0","osVersion":"4.2","orientation":"0","is_mac":"0","model":"iphone 3GS","deviceID":"0","telco_operator":" Ooredoo","cpu":"0","brand":"OPPO","userConsent":"0","internet_connectivity":"0","height":"100","architecture":"armv64","width":"100","resolution":"1440 x 2960","ram":"3.69 GB","sdkVersion":"39","product":"BKK-LX2","devMode":"0"}
cache_ttl value is correct

Refresh Ad Rate value is correct
mode value is set

 Aspect ratio value is correct
sentry_log value is set
local_logging value is set
sentry_initialization value is set
sentry_debugging value is set
showPreRewardedDialogue value is set
showPostRewardedDialogue value is set
isSkipable value is set
{"cache_ttl":10080,"cache_ttl_rewarded":10080,"cache_ttl_banner":10080,"cache_ttl_native":10080,"cache_ttl_icon":10080,"refreshAdRate":30,"mode":"Production","aspectRatio":"9_16","cdnPath":"https:\/\/df8ymybeo92md.cloudfront.net\/images\/","sentry_log":0,"local_logging":0,"sentry_dsn":"https:\/\/e6dcd89483ae4d13b0f42ed3810d8d62:078421c4ad3d43f19885b30828ce7ee6@sentry.io\/187776","sentry_initialization":1,"sentry_debugging":0,"bannerSizes":["5"],"aspectRatioVideo":"9_16","app_id":"94","showPreRewardedDialogue":0,"showPostRewardedDialogue":0,"rewardCurrency":"coins","rewardValue":0,"isSkipable":0,"privacyPolicyURL":"https:\/\/www.consoliads.com\/privacy-policy\/","sessionToken":"\/dtEAIpR8KinVng+Flp3GKLg90L0SXuzIQqrx9U37fCbjI2rY9flLAlEjhhfaUePthv\/QX9yh2VMjdibyu5euV44jo6rLLbfQVw7AYfVnl9JammHVzHNhp5+NwV2aCDsJrhSGSh+CuUENnJdvaaEQuV5edz43hRNLYjiHp3lQbQ="}
Session token value is set


{"appKey":"62a9758c2e846355e5199bd9292fe189","osVersion":"9.0","orientation":"0","is_mac":"0","model":"GT-Nnnn0","deviceID":"673","telco_operator":"","cpu":"0","brand":"HUAWEI","userConsent":"0","internet_connectivity":"0","height":"369","architecture":"","width":"369","resolution":"1280x720","ram":"953,45 MB","sdkVersion":"39","product":"j7xeltexx","devMode":"0"}
cache_ttl value is correct

Refresh Ad Rate value is correct
mode value is set

 Aspect ratio value is correct
sentry_log value is set
local_logging value is set
sentry_initialization value is set
sentry_debugging value is set
showPreRewardedDialogue value is set
showPostRewardedDialogue value is set
isSkipable value is set
{"cache_ttl":10080,"cache_ttl_rewarded":10080,"cache_ttl_banner":10080,"cache_ttl_native":10080,"cache_ttl_icon":10080,"refreshAdRate":30,"mode":"Production","aspectRatio":"9_16","cdnPath":"https:\/\/df8ymybeo92md.cloudfront.net\/images\/","sentry_log":0,"local_logging":0,"sentry_dsn":"https:\/\/93ffa1c9a4124f67b8888a53265f751a:bbf998e04584477fa9a145838e9d3b26@sentry.io\/168994","sentry_initialization":1,"sentry_debugging":0,"bannerSizes":[],"aspectRatioVideo":"9_16","app_id":"118","showPreRewardedDialogue":0,"showPostRewardedDialogue":0,"rewardCurrency":"coins","rewardValue":0,"isSkipable":0,"privacyPolicyURL":"https:\/\/www.consoliads.com\/privacy-policy\/","sessionToken":"1vlBbyD6ZxPYU\/dbpNYOtAs8rxT10iMHa9aEzQOZ\/KsYUbhkFA4KDo309sDn\/zNq4uaNMpisg\/W74PFk\/mvk39ZPhtB5bLUOsh6nK3SsRVZVIEwAjTe8CJBDiMVZbBms4XNIK5C21vzui2Rb+K9KN7\/0qYEryChoVAT\/EahAIz8="}
Session token value is set


{"appKey":"d6c9c4cc2c1671da1e4c7096b8136782","osVersion":"8.0","orientation":"0","is_mac":"0","model":"SM-Nnn0","deviceID":"19","telco_operator":"Azercell","cpu":"0","brand":"Xiaomi","userConsent":"0","internet_connectivity":"0","height":"107","architecture":"0","width":"107","resolution":"1196x720","ram":"3.51 GB ","sdkVersion":"39","product":"mido","devMode":"0"}
cache_ttl value is correct

Refresh Ad Rate value is correct
mode value is set

 Aspect ratio value is correct
sentry_log value is set
local_logging value is set
sentry_initialization value is set
sentry_debugging value is set
showPreRewardedDialogue value is set
showPostRewardedDialogue value is set
isSkipable value is set
{"cache_ttl":10080,"cache_ttl_rewarded":10080,"cache_ttl_banner":10080,"cache_ttl_native":10080,"cache_ttl_icon":10080,"refreshAdRate":30,"mode":"Production","aspectRatio":"9_16","cdnPath":"https:\/\/df8ymybeo92md.cloudfront.net\/images\/","sentry_log":0,"local_logging":0,"sentry_dsn":"na","sentry_initialization":1,"sentry_debugging":0,"bannerSizes":[],"aspectRatioVideo":"9_16","app_id":"119","showPreRewardedDialogue":0,"showPostRewardedDialogue":0,"rewardCurrency":"coins","rewardValue":0,"isSkipable":0,"privacyPolicyURL":"https:\/\/www.consoliads.com\/privacy-policy\/","sessionToken":"11vijwfcYw9dR2kBE5ETb6Meh8\/90u98rsiM93dtAanB+TmQfBnC8mS6TkyDhIDpoqtkMfTc\/UiFs1rcjrjJFyQHN0taE77+Rz8nZYafNJWomxyZ3JFDvewZbqEEw+W0G3Xx\/jIfzlK39XlpzLYMMmtNVlX6IoTYIQrKMYlKqwg="}
Session token value is set


{"appKey":"0673e8a052b5ad1d0763cd47d57a68e2","osVersion":"7.0","orientation":"0","is_mac":"0","model":"GT-Snnn0","deviceID":"333","telco_operator":"Oi","cpu":"0","brand":"HONOR","userConsent":"0","internet_connectivity":"0","height":"233","architecture":"aarch64","width":"233","resolution":"1436x720","ram":"1.77 GB","sdkVersion":"2089","product":"STK-L21M","devMode":"0"}
cache_ttl value is correct

Title value is correct

Refresh Ad Rate value is correct
mode value is set

 Aspect ratio value is correct
sentry_log value is set
local_logging value is set
sentry_initialization value is set
sentry_debugging value is set
showPreRewardedDialogue value is set
showPostRewardedDialogue value is set
isSkipable value is set
{"cache_ttl":10080,"cache_ttl_rewarded":10080,"cache_ttl_banner":10080,"cache_ttl_native":10080,"cache_ttl_icon":10080,"campaigns":[{"campaignID":0,"priority":10,"appToPromote":{"appToPromoteID":0,"usesDefaultFrameImage":"1","usesDefaultCloseImage":"1","packageID":"testPackage"},"showTemplate":2,"activeCreativeID":0,"campaignAdType":"Interstitial","scenes":["12","1","8","6","15","2"]},{"campaignID":0,"priority":10,"appToPromote":{"appToPromoteID":0,"usesDefaultFrameImage":"1","usesDefaultCloseImage":"1","packageID":"testPackage"},"showTemplate":2,"activeCreativeID":0,"campaignAdType":"Video","scenes":["12","1","8","6","15","2"]},{"campaignID":0,"priority":10,"appToPromote":{"appToPromoteID":0,"usesDefaultFrameImage":"1","usesDefaultCloseImage":"1","packageID":"testPackage"},"showTemplate":2,"activeCreativeID":0,"campaignAdType":"Rewarded Video","scenes":["12","1","8","6","15","2"]},{"campaignID":0,"priority":10,"appToPromote":{"appToPromoteID":0,"usesDefaultFrameImage":"1","usesDefaultCloseImage":"1","marketURL":"https:\/\/play.google.com","packageID":"testPackage"},"showTemplate":2,"activeCreativeID":0,"campaignAdType":"Banner","scenes":["12","1","8","6","15","2"]},{"campaignID":0,"priority":10,"appToPromote":{"appToPromoteID":0,"usesDefaultFrameImage":"1","usesDefaultCloseImage":"1","marketURL":"https:\/\/play.google.com","packageID":"testPackage"},"showTemplate":2,"activeCreativeID":0,"campaignAdType":"Native","title":"Test Title","subTitle":"Test Subtitle","description":"This is test description","adChoicesLink":"www.google.com","adClickThroughText":"Open Link","scenes":["12","1","8","6","15","2"]},{"campaignID":0,"priority":10,"appToPromote":{"appToPromoteID":0,"usesDefaultFrameImage":"1","usesDefaultCloseImage":"1","marketURL":"https:\/\/play.google.com","packageID":"testPackage"},"showTemplate":2,"activeCreativeID":0,"campaignAdType":"Icon","scenes":["12","1","8","6","15","2"]}],"refreshAdRate":30,"mode":"Production","aspectRatio":"9_16","cdnPath":"https:\/\/df8ymybeo92md.cloudfront.net\/images\/","sentry_log":0,"local_logging":0,"sentry_dsn":"https:\/\/93ffa1c9a4124f67b8888a53265f751a:bbf998e04584477fa9a145838e9d3b26@sentry.io\/168994","sentry_initialization":1,"sentry_debugging":0,"bannerSizes":["5"],"aspectRatioVideo":"9_16","app_id":"120","showPreRewardedDialogue":0,"showPostRewardedDialogue":0,"rewardCurrency":"coins","rewardValue":0,"isSkipable":0,"privacyPolicyURL":"https:\/\/www.consoliads.com\/privacy-policy\/","sessionToken":"1yXkWWTUa1RSA7Ukd0fDyjhhrVjEPfESczKYQ8jNPMard5Wg3RLPE0GjKOeJyYVFUEs5Rdh\/BHDRIJVwT1hjoH3zwipWBsK+c6xuS5UK0Xuq5yg9sILWfVICce9CckAN4rZMmNaj0vH0AmZ7D1l09GPBRBbZsTryAk9Faiys4Fw="}
Session token value is set


{"appKey":"4fb9ff67d716777b45c4ed37d403dc7d","osVersion":"6.0","orientation":"0","is_mac":"0","model":"GT-Snnn2","deviceID":"2","telco_operator":"Maroc","cpu":"0","brand":"vivo","userConsent":"0","internet_connectivity":"0","height":"101","architecture":"armv8l","width":"101","resolution":"1344x720","ram":"1.68 GB","sdkVersion":"39","product":"aosp_arm","devMode":"0"}
cache_ttl value is correct

Refresh Ad Rate value is correct
mode value is set

 Aspect ratio value is correct
sentry_log value is set
local_logging value is set
sentry_initialization value is set
sentry_debugging value is set
showPreRewardedDialogue value is set
showPostRewardedDialogue value is set
isSkipable value is set
{"cache_ttl":10080,"cache_ttl_rewarded":10080,"cache_ttl_banner":10080,"cache_ttl_native":10080,"cache_ttl_icon":10080,"refreshAdRate":30,"mode":"Production","aspectRatio":"9_16","cdnPath":"https:\/\/df8ymybeo92md.cloudfront.net\/images\/","sentry_log":0,"local_logging":0,"sentry_dsn":"https:\/\/93ffa1c9a4124f67b8888a53265f751a:bbf998e04584477fa9a145838e9d3b26@sentry.io\/168994","sentry_initialization":1,"sentry_debugging":0,"bannerSizes":[],"aspectRatioVideo":"9_16","app_id":"126","showPreRewardedDialogue":0,"showPostRewardedDialogue":0,"rewardCurrency":"coins","rewardValue":0,"isSkipable":0,"privacyPolicyURL":"https:\/\/www.consoliads.com\/privacy-policy\/","sessionToken":"FXnWzEErXoQxlnraoFkPzC8r7KAxgiaHC3dTvTzgKGblXhwetaNR\/XIo\/\/aUHddH62wavLH0XbAAIYAQ0BeEyxcIpdSLQ+k0Pq1aKFz\/8x1FC0oP\/2OcmtWKTtxx401AZo8kWKADpOFNLxU3jlxL72KfpJqTSKvs8tNZsW1IvIw="}
Session token value is set


{"appKey":"8c63ea479845ec15664d02424faee3ea","osVersion":"5.0","orientation":"0","is_mac":"0","model":"xiaomi Mi 4s","deviceID":"512","telco_operator":"Telecom","cpu":"0","brand":"samsung","userConsent":"0","internet_connectivity":"0","height":"304","architecture":"armv7l,","width":"304","resolution":"1024x552","ram":"3.68 GB","sdkVersion":"39","product":"potter","devMode":"0"}
cache_ttl value is correct

Refresh Ad Rate value is correct
mode value is set

 Aspect ratio value is correct
sentry_log value is set
local_logging value is set
sentry_initialization value is set
sentry_debugging value is set
showPreRewardedDialogue value is set
showPostRewardedDialogue value is set
isSkipable value is set
{"cache_ttl":10080,"cache_ttl_rewarded":10080,"cache_ttl_banner":10080,"cache_ttl_native":10080,"cache_ttl_icon":10080,"refreshAdRate":30,"mode":"Production","aspectRatio":"9_16","cdnPath":"https:\/\/df8ymybeo92md.cloudfront.net\/images\/","sentry_log":0,"local_logging":0,"sentry_dsn":"na","sentry_initialization":1,"sentry_debugging":0,"bannerSizes":[],"aspectRatioVideo":"9_16","app_id":"127","showPreRewardedDialogue":0,"showPostRewardedDialogue":0,"rewardCurrency":"coins","rewardValue":0,"isSkipable":0,"privacyPolicyURL":"https:\/\/www.consoliads.com\/privacy-policy\/","sessionToken":"wxdtjaXI0I\/I9Yz596sxItRagnImFmHn+O4HErGrBKKVGwUi32FLIE51aaZwfAJy4axLptrdg+1+sQYUQ1m+lO8HvSt4iwDyvI3wCQ42uYTcCW+ha6Z+CcASkEka7gGbJppu+AI5LL4Kh8OVmdDS91cq22PYOInCoSUbXrUglXc="}
Session token value is set


{"appKey":"b676e8054b40aa32da52c417ba06d5e7","osVersion":"4.4","orientation":"0","is_mac":"0","model":"E5673","deviceID":"380","telco_operator":"airtel","cpu":"0","brand":"realme","userConsent":"0","internet_connectivity":"0","height":"252","architecture":"aarch81","width":"252","resolution":"1387x720","ram":"2.75 GB","sdkVersion":"39","product":"iPhone","devMode":"0"}
cache_ttl value is correct

Refresh Ad Rate value is correct
mode value is set

 Aspect ratio value is correct
sentry_log value is set
local_logging value is set
sentry_initialization value is set
sentry_debugging value is set
showPreRewardedDialogue value is set
showPostRewardedDialogue value is set
isSkipable value is set
{"cache_ttl":10080,"cache_ttl_rewarded":10080,"cache_ttl_banner":10080,"cache_ttl_native":10080,"cache_ttl_icon":10080,"refreshAdRate":30,"mode":"Production","aspectRatio":"9_16","cdnPath":"https:\/\/df8ymybeo92md.cloudfront.net\/images\/","sentry_log":0,"local_logging":0,"sentry_dsn":"https:\/\/93ffa1c9a4124f67b8888a53265f751a:bbf998e04584477fa9a145838e9d3b26@sentry.io\/168994","sentry_initialization":1,"sentry_debugging":0,"bannerSizes":[],"aspectRatioVideo":"9_16","app_id":"154","showPreRewardedDialogue":0,"showPostRewardedDialogue":0,"rewardCurrency":"coins","rewardValue":0,"isSkipable":0,"privacyPolicyURL":"https:\/\/www.consoliads.com\/privacy-policy\/","sessionToken":"7G4EXslXE0gTBGX1vZNT5Z8+JZhs3KWgqgZgvXnbc3joKjQFYENgcmjfIx90npte8V2q8U+LbS5jag8ulFuv6Bgt9u20M8+7QQOcOJMPN\/5UYhrjSihnhc13PBWD7SBJ3krKgMVOH6\/Vimfgj3GtwqUOavC5a\/Hipp56UbjmcmI="}
Session token value is set


{"appKey":"db7bf29f5ad35d54f4a7d6ef62a94ee0","osVersion":"4.3","orientation":"0","is_mac":"0","model":"E3372","deviceID":"694","telco_operator":"Metfone","cpu":"0","brand":"iPhone","userConsent":"0","internet_connectivity":"0","height":"377","architecture":"aarch81","width":"377","resolution":"1080 x 1920","ram":"1,37 GB","sdkVersion":"39","product":"LUA-U22","devMode":"0"}
cache_ttl value is correct

Refresh Ad Rate value is correct
mode value is set

 Aspect ratio value is correct
sentry_log value is set
local_logging value is set
sentry_initialization value is set
sentry_debugging value is set
showPreRewardedDialogue value is set
showPostRewardedDialogue value is set
isSkipable value is set
{"cache_ttl":10080,"cache_ttl_rewarded":10080,"cache_ttl_banner":10080,"cache_ttl_native":10080,"cache_ttl_icon":10080,"refreshAdRate":30,"mode":"Production","aspectRatio":"9_16","cdnPath":"https:\/\/df8ymybeo92md.cloudfront.net\/images\/","sentry_log":0,"local_logging":0,"sentry_dsn":"https:\/\/e6dcd89483ae4d13b0f42ed3810d8d62:078421c4ad3d43f19885b30828ce7ee6@sentry.io\/187776","sentry_initialization":1,"sentry_debugging":0,"bannerSizes":["5"],"aspectRatioVideo":"9_16","app_id":"155","showPreRewardedDialogue":0,"showPostRewardedDialogue":0,"rewardCurrency":"coins","rewardValue":0,"isSkipable":0,"privacyPolicyURL":"https:\/\/www.consoliads.com\/privacy-policy\/","sessionToken":"26Z9Q\/PTR16KXomf19LHKjCR8tmkeZrGuIObzU6qZT0VY9dHiNMVN9Acd3TPi+d9xlm\/YviwQ44vUtI7dluHldS9nW3OSqNVXB0hVppUqas6DTjR0T3YuumqXCcLqGrYaDW9tjI1yZbqjKbQ3mNeiVIu9EsMSmcE1JhMmdwjKPo="}
Session token value is set


{"appKey":"53772d696193e95fa1448fc051e2698c","osVersion":"4.2","orientation":"0","is_mac":"0","model":"iphone 3GS","deviceID":"8","telco_operator":" Ooredoo","cpu":"0","brand":"OPPO","userConsent":"0","internet_connectivity":"0","height":"103","architecture":"armv64","width":"103","resolution":"1440 x 2960","ram":"3.69 GB","sdkVersion":"39","product":"BKK-LX2","devMode":"0"}
cache_ttl value is correct

Refresh Ad Rate value is correct
mode value is set

 Aspect ratio value is correct
sentry_log value is set
local_logging value is set
sentry_initialization value is set
sentry_debugging value is set
showPreRewardedDialogue value is set
showPostRewardedDialogue value is set
isSkipable value is set
{"cache_ttl":10080,"cache_ttl_rewarded":10080,"cache_ttl_banner":10080,"cache_ttl_native":10080,"cache_ttl_icon":10080,"refreshAdRate":30,"mode":"Production","aspectRatio":"9_16","cdnPath":"https:\/\/df8ymybeo92md.cloudfront.net\/images\/","sentry_log":0,"local_logging":0,"sentry_dsn":"https:\/\/e6dcd89483ae4d13b0f42ed3810d8d62:078421c4ad3d43f19885b30828ce7ee6@sentry.io\/187776","sentry_initialization":1,"sentry_debugging":0,"bannerSizes":["5"],"aspectRatioVideo":"9_16","app_id":"159","showPreRewardedDialogue":0,"showPostRewardedDialogue":0,"rewardCurrency":"coins","rewardValue":0,"isSkipable":0,"privacyPolicyURL":"https:\/\/www.consoliads.com\/privacy-policy\/","sessionToken":"knRsgKvoT5PKQvoV5tI3lL1j6fs06gmy3cEXft\/kUecAXa7zFo2O9GasVXR+6lXAeVgUZFZ8u\/feuTkWd5Oqw241n9YzMK8K3NEk5AI6KKLJYZLVLE3DZiXC35YsbMk6TvRMot2sZArRcfUKeaaGPU68nuN2Qvvw6zelQY9akW8="}
Session token value is set


{"appKey":"66be9fb8efaae821f1c2401c99c56f0a","osVersion":"9.0","orientation":"0","is_mac":"0","model":"GT-Nnnn0","deviceID":"159","telco_operator":"","cpu":"0","brand":"HUAWEI","userConsent":"0","internet_connectivity":"0","height":"163","architecture":"","width":"163","resolution":"1280x720","ram":"953,45 MB","sdkVersion":"2163","product":"j7xeltexx","devMode":"0"}
cache_ttl value is correct

Title value is correct

Refresh Ad Rate value is correct
mode value is set

 Aspect ratio value is correct
sentry_log value is set
local_logging value is set
sentry_initialization value is set
sentry_debugging value is set
showPreRewardedDialogue value is set
showPostRewardedDialogue value is set
isSkipable value is set
{"cache_ttl":10080,"cache_ttl_rewarded":10080,"cache_ttl_banner":10080,"cache_ttl_native":10080,"cache_ttl_icon":10080,"campaigns":[{"campaignID":0,"priority":10,"appToPromote":{"appToPromoteID":0,"usesDefaultFrameImage":"1","usesDefaultCloseImage":"1","packageID":"testPackage"},"showTemplate":2,"activeCreativeID":0,"campaignAdType":"Interstitial","scenes":["1","2","6","5","4","13","14","15"]},{"campaignID":0,"priority":10,"appToPromote":{"appToPromoteID":0,"usesDefaultFrameImage":"1","usesDefaultCloseImage":"1","packageID":"testPackage"},"showTemplate":2,"activeCreativeID":0,"campaignAdType":"Video","scenes":["1","2","6","5","4","13","14","15"]},{"campaignID":0,"priority":10,"appToPromote":{"appToPromoteID":0,"usesDefaultFrameImage":"1","usesDefaultCloseImage":"1","packageID":"testPackage"},"showTemplate":2,"activeCreativeID":0,"campaignAdType":"Rewarded Video","scenes":["1","2","6","5","4","13","14","15"]},{"campaignID":0,"priority":10,"appToPromote":{"appToPromoteID":0,"usesDefaultFrameImage":"1","usesDefaultCloseImage":"1","marketURL":"https:\/\/play.google.com","packageID":"testPackage"},"showTemplate":2,"activeCreativeID":0,"campaignAdType":"Banner","scenes":["1","2","6","5","4","13","14","15"]},{"campaignID":0,"priority":10,"appToPromote":{"appToPromoteID":0,"usesDefaultFrameImage":"1","usesDefaultCloseImage":"1","marketURL":"https:\/\/play.google.com","packageID":"testPackage"},"showTemplate":2,"activeCreativeID":0,"campaignAdType":"Native","title":"Test Title","subTitle":"Test Subtitle","description":"This is test description","adChoicesLink":"www.google.com","adClickThroughText":"Open Link","scenes":["1","2","6","5","4","13","14","15"]},{"campaignID":0,"priority":10,"appToPromote":{"appToPromoteID":0,"usesDefaultFrameImage":"1","usesDefaultCloseImage":"1","marketURL":"https:\/\/play.google.com","packageID":"testPackage"},"showTemplate":2,"activeCreativeID":0,"campaignAdType":"Icon","scenes":["1","2","6","5","4","13","14","15"]}],"refreshAdRate":30,"mode":"Production","aspectRatio":"9_16","cdnPath":"https:\/\/df8ymybeo92md.cloudfront.net\/images\/","sentry_log":0,"local_logging":0,"sentry_dsn":"https:\/\/93ffa1c9a4124f67b8888a53265f751a:bbf998e04584477fa9a145838e9d3b26@sentry.io\/168994","sentry_initialization":1,"sentry_debugging":0,"bannerSizes":["5"],"aspectRatioVideo":"9_16","app_id":"165","showPreRewardedDialogue":0,"showPostRewardedDialogue":0,"rewardCurrency":"coins","rewardValue":0,"isSkipable":0,"privacyPolicyURL":"https:\/\/www.consoliads.com\/privacy-policy\/","sessionToken":"tE8UCMWOrxOzEgF9sutSLrePRLhZZSfXgfK9edFmUD3Gv5gSvrd8Y1jtagUYXeH4ULxXLZHnfrwqQ2wpPEfcfYfIo5vjj1dcq8r67FGR23zpQz5iasaNZvdJayK+yT5MWVR9uBAFsxFru0Y9iYaPXFB4fQ6Cb9aUeP95Rj6N3H4="}
Session token value is set


{"appKey":"53eca194fbf9bc9fdda6a52308ee3e05","osVersion":"8.0","orientation":"0","is_mac":"0","model":"SM-Nnn0","deviceID":"27","telco_operator":"Azercell","cpu":"0","brand":"Xiaomi","userConsent":"0","internet_connectivity":"0","height":"110","architecture":"0","width":"110","resolution":"1196x720","ram":"3.51 GB ","sdkVersion":"39","product":"mido","devMode":"0"}
cache_ttl value is correct

Refresh Ad Rate value is correct
mode value is set

 Aspect ratio value is correct
sentry_log value is set
local_logging value is set
sentry_initialization value is set
sentry_debugging value is set
showPreRewardedDialogue value is set
showPostRewardedDialogue value is set
isSkipable value is set
{"cache_ttl":10080,"cache_ttl_rewarded":10080,"cache_ttl_banner":10080,"cache_ttl_native":10080,"cache_ttl_icon":10080,"refreshAdRate":30,"mode":"Production","aspectRatio":"9_16","cdnPath":"https:\/\/df8ymybeo92md.cloudfront.net\/images\/","sentry_log":0,"local_logging":0,"sentry_dsn":"https:\/\/93ffa1c9a4124f67b8888a53265f751a:bbf998e04584477fa9a145838e9d3b26@sentry.io\/168994","sentry_initialization":1,"sentry_debugging":0,"bannerSizes":[],"aspectRatioVideo":"9_16","app_id":"168","showPreRewardedDialogue":0,"showPostRewardedDialogue":0,"rewardCurrency":"coins","rewardValue":0,"isSkipable":0,"privacyPolicyURL":"https:\/\/www.consoliads.com\/privacy-policy\/","sessionToken":"xtQSgckFJ9Mv2m5I0NMihL4Unsj+r2LgappeipcL+3fV9otvcx+VXvhflDc41nYN+kYe+IiIRw88EIUhVa1txzID7MfaJUihwwvSD\/FwJ2jOdpzZGX+LB2O4RQkDuW+ZxLogCaAmulTXZzT+Ki32DYpXpL8QN6HTFiGJ00kw+0M="}
Session token value is set


{"appKey":"6c43d0e957550be8b6cbf833df6d0419","osVersion":"7.0","orientation":"0","is_mac":"0","model":"GT-Snnn0","deviceID":"83","telco_operator":"Oi","cpu":"0","brand":"HONOR","userConsent":"0","internet_connectivity":"0","height":"133","architecture":"aarch64","width":"133","resolution":"1436x720","ram":"1.77 GB","sdkVersion":"2225","product":"STK-L21M","devMode":"0"}
cache_ttl value is correct

Title value is correct

Title value is correct

Title value is correct

Title value is correct

Title value is correct

Title value is correct

Refresh Ad Rate value is correct
mode value is set

 Aspect ratio value is correct
sentry_log value is set
local_logging value is set
sentry_initialization value is set
sentry_debugging value is set
showPreRewardedDialogue value is set
showPostRewardedDialogue value is set
isSkipable value is set
{"cache_ttl":10080,"cache_ttl_rewarded":10080,"cache_ttl_banner":10080,"cache_ttl_native":10080,"cache_ttl_icon":10080,"campaigns":[{"campaignID":"8226","attribution":0,"priority":"8","appToPromote":{"appToPromoteID":"12623","usesDefaultFrameImage":"0","usesDefaultCloseImage":"0","marketURL":"https:\/\/play.google.com\/store\/apps\/details?id=com.igg.android.lordsmobile&amp;referrer=utm_source=42matters.com&amp;utm_medium=api","packageID":"com.nooribrand.android.lordsmobile"},"showTemplate":1,"s2s_tracking_url":"https:\/\/play.google.com\/store\/apps\/details?id=com.igg.android.lordsmobile&amp;referrer=utm_source=42matters.com&amp;utm_medium=api","activeCreativeID":"3557","scenes":["3","2"],"campaignAdType":"Icon","productId":"","purchaseBit":0,"licenseKey":""},{"campaignID":"8378","attribution":0,"priority":"8","appToPromote":{"appToPromoteID":"16480","usesDefaultFrameImage":"0","usesDefaultCloseImage":"0","marketURL":"https:\/\/play.google.com\/store\/apps\/details?id=com.nag.home.manager.working.virtual.mom","packageID":"com.GSS317.AmazingFamily"},"showTemplate":1,"s2s_tracking_url":"https:\/\/play.google.com\/store\/apps\/details?id=com.nag.home.manager.working.virtual.mom","activeCreativeID":"3720","scenes":["3","2"],"campaignAdType":"Interstitial","productId":"","purchaseBit":0,"licenseKey":""},{"campaignID":"8613","attribution":0,"priority":"8","appToPromote":{"appToPromoteID":"12623","usesDefaultFrameImage":"0","usesDefaultCloseImage":"0","marketURL":"https:\/\/play.google.com\/store\/apps\/details?id=com.igg.android.lordsmobile&amp;referrer=utm_source=42matters.com&amp;utm_medium=api","packageID":"com.nooribrand.android.lordsmobile"},"showTemplate":1,"s2s_tracking_url":"https:\/\/play.google.com\/store\/apps\/details?id=com.igg.android.lordsmobile&amp;referrer=utm_source=42matters.com&amp;utm_medium=api","activeCreativeID":"3557","scenes":["3","2"],"campaignAdType":"Icon","productId":"","purchaseBit":0,"licenseKey":""},{"campaignID":"8625","attribution_link":"","attribution":1,"priority":"8","appToPromote":{"appToPromoteID":"16774","usesDefaultFrameImage":"0","usesDefaultCloseImage":"0","marketURL":"https:\/\/www.thewarehouse.pk\/bandana-mask-men?utm_source=consoli&amp;utm_medium=cpc&amp;utm_campaign=consoli-Bandana-20052020","packageID":".BandanaAd"},"showTemplate":1,"s2s_tracking_url":"","activeCreativeID":"3981","scenes":["3","2"],"campaignAdType":"Banner","productId":"","purchaseBit":0,"licenseKey":""},{"campaignID":"8907","attribution":0,"priority":"8","appToPromote":{"appToPromoteID":"17121","usesDefaultFrameImage":"0","usesDefaultCloseImage":"0","marketURL":"https:\/\/infopromo188.wixsite.com\/promo188-f1","packageID":"com.188BET6572.Fullbanner"},"showTemplate":1,"s2s_tracking_url":"https:\/\/infopromo188.wixsite.com\/promo188-f1","activeCreativeID":"4244","scenes":["3","2"],"campaignAdType":"Banner","productId":"","purchaseBit":0,"licenseKey":""},{"campaignID":"8908","attribution":0,"priority":"8","appToPromote":{"appToPromoteID":"17121","usesDefaultFrameImage":"0","usesDefaultCloseImage":"0","marketURL":"https:\/\/infopromo188.wixsite.com\/promo188-f1","packageID":"com.188BET6572.Fullbanner"},"showTemplate":1,"s2s_tracking_url":"https:\/\/infopromo188.wixsite.com\/promo188-f1","activeCreativeID":"4243","scenes":["3","2"],"campaignAdType":"Interstitial","productId":"","purchaseBit":0,"licenseKey":""},{"campaignID":"8909","attribution":0,"priority":"8","appToPromote":{"appToPromoteID":"17121","usesDefaultFrameImage":"0","usesDefaultCloseImage":"0","marketURL":"https:\/\/infopromo188.wixsite.com\/promo188-f1","packageID":"com.188BET6572.Fullbanner"},"showTemplate":1,"s2s_tracking_url":"https:\/\/infopromo188.wixsite.com\/promo188-f1","activeCreativeID":"4244","scenes":["3","2"],"campaignAdType":"Banner","productId":"","purchaseBit":0,"licenseKey":""},{"campaignID":"8910","attribution":0,"priority":"8","appToPromote":{"appToPromoteID":"17121","usesDefaultFrameImage":"0","usesDefaultCloseImage":"0","marketURL":"https:\/\/infopromo188.wixsite.com\/promo188-f1","packageID":"com.188BET6572.Fullbanner"},"showTemplate":1,"s2s_tracking_url":"https:\/\/infopromo188.wixsite.com\/promo188-f1","activeCreativeID":"4245","scenes":["3","2"],"campaignAdType":"Native","title":"Ayo Buruan Ikutan Promo F1","subTitle":"Banyak Hadiah Menarik","description":"Dapatkan PS 5 Terbaru","adClickThroughText":"Selengkapnya","productId":"","purchaseBit":0,"licenseKey":""},{"campaignID":"9252","attribution":0,"priority":"8","appToPromote":{"appToPromoteID":"12315","usesDefaultFrameImage":"0","usesDefaultCloseImage":"0","marketURL":"google.com","packageID":"com.qabrand.plnative"},"showTemplate":1,"s2s_tracking_url":"google.com","activeCreativeID":"4683","scenes":["3","2"],"campaignAdType":"Native","title":"Native first","subTitle":"First ","description":"New description","adClickThroughText":"FIRST Button","productId":"","purchaseBit":0,"licenseKey":""},{"campaignID":"9253","attribution":0,"priority":"8","appToPromote":{"appToPromoteID":"12315","usesDefaultFrameImage":"0","usesDefaultCloseImage":"0","marketURL":"google.com","packageID":"com.qabrand.plnative"},"showTemplate":1,"s2s_tracking_url":"google.com","activeCreativeID":"4683","scenes":["3","2"],"campaignAdType":"Native","title":"Native first","subTitle":"First ","description":"New description","adClickThroughText":"FIRST Button","productId":"","purchaseBit":0,"licenseKey":""},{"campaignID":"9255","attribution":0,"priority":"8","appToPromote":{"appToPromoteID":"13274","usesDefaultFrameImage":"0","usesDefaultCloseImage":"0","marketURL":"https:\/\/play.google.com\/store\/apps\/details?id=com.facebook.katana","packageID":"com.salon.adsalon"},"showTemplate":1,"s2s_tracking_url":"https:\/\/play.google.com\/store\/apps\/details?id=com.facebook.katana","activeCreativeID":"4685","scenes":["3","2"],"campaignAdType":"Native","title":"native NA ","subTitle":"native NA ","description":"native NA added","adClickThroughText":"native NA ","productId":"","purchaseBit":0,"licenseKey":""},{"campaignID":"9257","attribution":0,"priority":"8","appToPromote":{"appToPromoteID":"12286","usesDefaultFrameImage":"0","usesDefaultCloseImage":"0","marketURL":"google.com","packageID":"com.qabrand.Chartboost_Native"},"showTemplate":1,"s2s_tracking_url":"google.com","activeCreativeID":"4688","scenes":["3","2"],"campaignAdType":"Native","title":"Native second updated","subTitle":"Native second ","description":"Native second details","adClickThroughText":"Native second ","productId":"","purchaseBit":0,"licenseKey":""},{"campaignID":"9263","attribution":0,"priority":"8","appToPromote":{"appToPromoteID":"12315","usesDefaultFrameImage":"0","usesDefaultCloseImage":"0","marketURL":"google.com","packageID":"com.qabrand.plnative"},"showTemplate":1,"s2s_tracking_url":"google.com","activeCreativeID":"4694","scenes":["3","2"],"campaignAdType":"Native","title":"test","subTitle":"test","description":" test details update","adClickThroughText":"test","productId":"","purchaseBit":0,"licenseKey":""},{"campaignID":"9547","attribution":0,"priority":"8","appToPromote":{"appToPromoteID":"11879","usesDefaultFrameImage":"0","usesDefaultCloseImage":"0","marketURL":"https:\/\/play.google.com\/store\/apps\/details?id=com.buntoo.car.racing.games","packageID":"com.buntoo.car.racing.games"},"showTemplate":1,"s2s_tracking_url":"https:\/\/play.google.com\/store\/apps\/details?id=com.buntoo.car.racing.games","activeCreativeID":"4964","scenes":["3","2"],"campaignAdType":"Interstitial","productId":"","purchaseBit":0,"licenseKey":""},{"campaignID":"9586","attribution":0,"priority":"8","appToPromote":{"appToPromoteID":"515","usesDefaultFrameImage":"1","usesDefaultCloseImage":"1","marketURL":"https:\/\/play.google.com\/store\/apps\/details?id=com.plum.cash.counter.simualtor","packageID":"com.plum.cash.counter.simualtor"},"showTemplate":1,"s2s_tracking_url":"https:\/\/play.google.com\/store\/apps\/details?id=com.plum.cash.counter.simualtor","activeCreativeID":"50","scenes":["3","2"],"campaignAdType":"Interstitial","productId":"","purchaseBit":0,"licenseKey":""},{"campaignID":"9587","attribution":0,"priority":"8","appToPromote":{"appToPromoteID":"515","usesDefaultFrameImage":"1","usesDefaultCloseImage":"1","marketURL":"https:\/\/play.google.com\/store\/apps\/details?id=com.plum.cash.counter.simualtor","packageID":"com.plum.cash.counter.simualtor"},"showTemplate":1,"s2s_tracking_url":"https:\/\/play.google.com\/store\/apps\/details?id=com.plum.cash.counter.simualtor","activeCreativeID":"50","scenes":["3","2"],"campaignAdType":"Interstitial","productId":"","purchaseBit":0,"licenseKey":""},{"campaignID":"9588","attribution":0,"priority":"8","appToPromote":{"appToPromoteID":"515","usesDefaultFrameImage":"1","usesDefaultCloseImage":"1","marketURL":"https:\/\/play.google.com\/store\/apps\/details?id=com.plum.cash.counter.simualtor","packageID":"com.plum.cash.counter.simualtor"},"showTemplate":1,"s2s_tracking_url":"https:\/\/play.google.com\/store\/apps\/details?id=com.plum.cash.counter.simualtor","activeCreativeID":"50","scenes":["3","2"],"campaignAdType":"Interstitial","productId":"","purchaseBit":0,"licenseKey":""},{"campaignID":"9589","attribution":0,"priority":"8","appToPromote":{"appToPromoteID":"515","usesDefaultFrameImage":"1","usesDefaultCloseImage":"1","marketURL":"https:\/\/play.google.com\/store\/apps\/details?id=com.plum.cash.counter.simualtor","packageID":"com.plum.cash.counter.simualtor"},"showTemplate":1,"s2s_tracking_url":"https:\/\/play.google.com\/store\/apps\/details?id=com.plum.cash.counter.simualtor","activeCreativeID":"50","scenes":["3","2"],"campaignAdType":"Interstitial","productId":"","purchaseBit":0,"licenseKey":""},{"campaignID":"9599","attribution":0,"priority":"8","appToPromote":{"appToPromoteID":"515","usesDefaultFrameImage":"1","usesDefaultCloseImage":"1","marketURL":"https:\/\/play.google.com\/store\/apps\/details?id=com.plum.cash.counter.simualtor","packageID":"com.plum.cash.counter.simualtor"},"showTemplate":1,"s2s_tracking_url":"https:\/\/play.google.com\/store\/apps\/details?id=com.plum.cash.counter.simualtor","activeCreativeID":"5001","scenes":["3","2"],"campaignAdType":"Icon","productId":"","purchaseBit":0,"licenseKey":""},{"campaignID":"9131","attribution":0,"priority":"8","appToPromote":{"appToPromoteID":"17532","usesDefaultFrameImage":"0","usesDefaultCloseImage":"0","marketURL":"https:\/\/play.google.com\/store\/apps\/details?id=com.dhgate.buyermob","packageID":"com.dhgate.buyermob"},"showTemplate":1,"s2s_tracking_url":"https:\/\/tha.gotrackier.com\/click?campaign_id=63254\\u0026pub_id=75?p1=190_9131_83&amp;source=6841&amp;app_name=BikeSuperHero-PGZ&amp;gaid=83","activeCreativeID":"4483","scenes":["3","2"],"campaignAdType":"Interstitial","productId":"","purchaseBit":0,"licenseKey":""},{"campaignID":"8380","attribution_link":"","attribution":1,"priority":"7","appToPromote":{"appToPromoteID":"16480","usesDefaultFrameImage":"0","usesDefaultCloseImage":"0","marketURL":"https:\/\/play.google.com\/store\/apps\/details?id=com.nag.home.manager.working.virtual.mom","packageID":"com.GSS317.AmazingFamily"},"showTemplate":1,"s2s_tracking_url":"","activeCreativeID":"3720","scenes":["3","2"],"campaignAdType":"Interstitial","productId":"","purchaseBit":0,"licenseKey":""},{"campaignID":"444","attribution":0,"priority":"6","appToPromote":{"appToPromoteID":"3355","usesDefaultFrameImage":"0","usesDefaultCloseImage":"0","marketURL":"https:\/\/play.google.com\/store\/apps\/details?id=com.popnsons.parkour.mouse","packageID":"com.popnsons.parkour.mouse"},"showTemplate":1,"s2s_tracking_url":"https:\/\/play.google.com\/store\/apps\/details?id=com.popnsons.parkour.mouse","activeCreativeID":"469","scenes":["3","2"],"campaignAdType":"Interstitial","productId":"","purchaseBit":0,"licenseKey":""},{"campaignID":"561","attribution":0,"priority":"6","appToPromote":{"appToPromoteID":"5026","usesDefaultFrameImage":"0","usesDefaultCloseImage":"0","marketURL":"https:\/\/play.google.com\/store\/apps\/details?id=com.as.cashupapp","packageID":"com.as.cashupapp"},"showTemplate":1,"s2s_tracking_url":"https:\/\/play.google.com\/store\/apps\/details?id=com.as.cashupapp","activeCreativeID":"652","scenes":["3","2"],"campaignAdType":"Interstitial","productId":"","purchaseBit":0,"licenseKey":""},{"campaignID":"570","attribution":0,"priority":"6","appToPromote":{"appToPromoteID":"3802","usesDefaultFrameImage":"0","usesDefaultCloseImage":"0","marketURL":"https:\/\/play.google.com\/store\/apps\/details?id=com.Madxstudios.Flickshootsoccer","packageID":"com.Madxstudios.Flickshootsoccer"},"showTemplate":1,"s2s_tracking_url":"https:\/\/play.google.com\/store\/apps\/details?id=com.Madxstudios.Flickshootsoccer","activeCreativeID":"661","scenes":["3","2"],"campaignAdType":"Interstitial","productId":"","purchaseBit":0,"licenseKey":""},{"campaignID":"588","attribution":0,"priority":"6","appToPromote":{"appToPromoteID":"5026","usesDefaultFrameImage":"0","usesDefaultCloseImage":"0","marketURL":"https:\/\/play.google.com\/store\/apps\/details?id=com.as.cashupapp","packageID":"com.as.cashupapp"},"showTemplate":1,"s2s_tracking_url":"https:\/\/play.google.com\/store\/apps\/details?id=com.as.cashupapp","activeCreativeID":"652","scenes":["3","2"],"campaignAdType":"Interstitial","productId":"","purchaseBit":0,"licenseKey":""},{"campaignID":"8808","attribution_link":"","attribution":1,"priority":"5","appToPromote":{"appToPromoteID":"16528","usesDefaultFrameImage":"0","usesDefaultCloseImage":"0","marketURL":"https:\/\/play.google.com\/store\/apps\/details?id=com.bag.farm.day.village.farming.games","packageID":"com.GSS317.com.bag.farm.day.village.farming.games"},"showTemplate":1,"s2s_tracking_url":"","activeCreativeID":"3775","scenes":["3","2"],"campaignAdType":"Interstitial","productId":"","purchaseBit":0,"licenseKey":""},{"campaignID":"8876","attribution":0,"priority":"5","appToPromote":{"appToPromoteID":"15640","usesDefaultFrameImage":"0","usesDefaultCloseImage":"0","marketURL":"https:\/\/play.google.com\/store\/apps\/details?id=com.pgz.police.bike.stunt.ramp.bike.racing.games","packageID":"com.pgz.police.bike.stunt.ramp.bike.racing.games"},"showTemplate":1,"s2s_tracking_url":"https:\/\/play.google.com\/store\/apps\/details?id=com.pgz.police.bike.stunt.ramp.bike.racing.games","activeCreativeID":"4236","scenes":["3","2"],"campaignAdType":"Interstitial","productId":"","purchaseBit":0,"licenseKey":""},{"campaignID":"8930","attribution_link":"","attribution":1,"priority":"5","appToPromote":{"appToPromoteID":"17262","usesDefaultFrameImage":"0","usesDefaultCloseImage":"0","marketURL":"https:\/\/play.google.com\/store\/apps\/details?id=com.parsifal.cinepax","packageID":"com.StarzplaybyCinepax6680.1MonthFreetrial"},"showTemplate":1,"s2s_tracking_url":"","activeCreativeID":"4295","scenes":["3","2"],"campaignAdType":"Interstitial","productId":"","purchaseBit":0,"licenseKey":""},{"campaignID":"8972","attribution":0,"priority":"5","appToPromote":{"appToPromoteID":"15974","usesDefaultFrameImage":"0","usesDefaultCloseImage":"0","marketURL":"https:\/\/play.google.com\/store\/apps\/details?id=com.mustardgames.bmx.cycle.stunt.mega.ramp.impossibletracks","packageID":"com.mustardgames.bmx.cycle.stunt.mega.ramp.impossibletracks"},"showTemplate":1,"s2s_tracking_url":"https:\/\/play.google.com\/store\/apps\/details?id=com.mustardgames.bmx.cycle.stunt.mega.ramp.impossibletracks","activeCreativeID":"4339","scenes":["3","2"],"campaignAdType":"Interstitial","productId":"","purchaseBit":0,"licenseKey":""},{"campaignID":"8973","attribution":0,"priority":"5","appToPromote":{"appToPromoteID":"15974","usesDefaultFrameImage":"0","usesDefaultCloseImage":"0","marketURL":"https:\/\/play.google.com\/store\/apps\/details?id=com.mustardgames.bmx.cycle.stunt.mega.ramp.impossibletracks","packageID":"com.mustardgames.bmx.cycle.stunt.mega.ramp.impossibletracks"},"showTemplate":1,"s2s_tracking_url":"https:\/\/play.google.com\/store\/apps\/details?id=com.mustardgames.bmx.cycle.stunt.mega.ramp.impossibletracks","activeCreativeID":"4339","scenes":["3","2"],"campaignAdType":"Interstitial","productId":"","purchaseBit":0,"licenseKey":""},{"campaignID":"8974","attribution":0,"priority":"5","appToPromote":{"appToPromoteID":"15974","usesDefaultFrameImage":"0","usesDefaultCloseImage":"0","marketURL":"https:\/\/play.google.com\/store\/apps\/details?id=com.mustardgames.bmx.cycle.stunt.mega.ramp.impossibletracks","packageID":"com.mustardgames.bmx.cycle.stunt.mega.ramp.impossibletracks"},"showTemplate":1,"s2s_tracking_url":"https:\/\/play.google.com\/store\/apps\/details?id=com.mustardgames.bmx.cycle.stunt.mega.ramp.impossibletracks","activeCreativeID":"3564","scenes":["3","2"],"campaignAdType":"Video","productId":"","purchaseBit":0,"licenseKey":""},{"campaignID":"8929","attribution_link":"","attribution":1,"priority":"4","appToPromote":{"appToPromoteID":"17262","usesDefaultFrameImage":"0","usesDefaultCloseImage":"0","marketURL":"https:\/\/play.google.com\/store\/apps\/details?id=com.parsifal.cinepax","packageID":"com.StarzplaybyCinepax6680.1MonthFreetrial"},"showTemplate":1,"s2s_tracking_url":"","activeCreativeID":"4295","scenes":["3","2"],"campaignAdType":"Interstitial","productId":"","purchaseBit":0,"licenseKey":""},{"campaignID":"557","attribution":0,"priority":"4","appToPromote":{"appToPromoteID":"4959","usesDefaultFrameImage":"0","usesDefaultCloseImage":"0","marketURL":"https:\/\/play.google.com\/store\/apps\/details?id=com.jet.plane.surfers.joyride.dash","packageID":"com.jet.plane.surfers.joyride.dash"},"showTemplate":1,"s2s_tracking_url":"https:\/\/play.google.com\/store\/apps\/details?id=com.jet.plane.surfers.joyride.dash","activeCreativeID":"645","scenes":["3","2"],"campaignAdType":"Interstitial","productId":"","purchaseBit":0,"licenseKey":""},{"campaignID":"7817","attribution":0,"priority":"4","appToPromote":{"appToPromoteID":"15546","usesDefaultFrameImage":"0","usesDefaultCloseImage":"0","marketURL":"https:\/\/play.google.com\/store\/apps\/details?id=com.smart.developers.watsapp.statussaver.manager&amp;referrer=utm_source=42matters.com&amp;utm_medium=api","packageID":"com.smart.developers.watsapp.statussaver.manager"},"showTemplate":1,"s2s_tracking_url":"https:\/\/play.google.com\/store\/apps\/details?id=com.smart.developers.watsapp.statussaver.manager&amp;referrer=utm_source=42matters.com&amp;utm_medium=api","activeCreativeID":"3090","scenes":["3","2"],"campaignAdType":"Interstitial","productId":"","purchaseBit":0,"licenseKey":""},{"campaignID":"8747","attribution":0,"priority":"3","appToPromote":{"appToPromoteID":"16244","usesDefaultFrameImage":"0","usesDefaultCloseImage":"0","marketURL":"https:\/\/play.google.com\/store\/apps\/details?id=com.mustardgames.formula.car.racing.ramp.car.stunt.impossible.tracks","packageID":"com.mustardgames.formula.car.racing.ramp.car.stunt.impossible.tracks"},"showTemplate":1,"s2s_tracking_url":"https:\/\/play.google.com\/store\/apps\/details?id=com.mustardgames.formula.car.racing.ramp.car.stunt.impossible.tracks","activeCreativeID":"3993","scenes":["3","2"],"campaignAdType":"Video","productId":"","purchaseBit":0,"licenseKey":""},{"campaignID":"414","attribution":0,"priority":"3","appToPromote":{"appToPromoteID":"3023","usesDefaultFrameImage":"0","usesDefaultCloseImage":"0","marketURL":"https:\/\/play.google.com\/store\/apps\/details?id=com.appricot2d.rolo.pet.parrot","packageID":"com.appricot2d.rolo.pet.parrot"},"showTemplate":1,"s2s_tracking_url":"https:\/\/play.google.com\/store\/apps\/details?id=com.appricot2d.rolo.pet.parrot","activeCreativeID":"385","scenes":["3","2"],"campaignAdType":"Interstitial","productId":"","purchaseBit":0,"licenseKey":""},{"campaignID":"559","attribution":0,"priority":"3","appToPromote":{"appToPromoteID":"3476","usesDefaultFrameImage":"0","usesDefaultCloseImage":"0","marketURL":"https:\/\/play.google.com\/store\/apps\/details?id=com.perspectivegames.real.impossible.tracks.stunts","packageID":"com.perspectivegames.real.impossible.tracks.stunts"},"showTemplate":1,"s2s_tracking_url":"https:\/\/play.google.com\/store\/apps\/details?id=com.perspectivegames.real.impossible.tracks.stunts","activeCreativeID":"649","scenes":["3","2"],"campaignAdType":"Interstitial","productId":"","purchaseBit":0,"licenseKey":""},{"campaignID":"741","attribution":0,"priority":"3","appToPromote":{"appToPromoteID":"5609","usesDefaultFrameImage":"0","usesDefaultCloseImage":"0","marketURL":"https:\/\/play.google.com\/store\/apps\/details?id=com.kick.gyroscopic.city.train.driver.simulator","packageID":"com.kick.gyroscopic.city.train.driver.simulator"},"showTemplate":1,"s2s_tracking_url":"https:\/\/play.google.com\/store\/apps\/details?id=com.kick.gyroscopic.city.train.driver.simulator","activeCreativeID":"753","scenes":["3","2"],"campaignAdType":"Interstitial","productId":"","purchaseBit":0,"licenseKey":""},{"campaignID":"798","attribution":0,"priority":"3","appToPromote":{"appToPromoteID":"5770","usesDefaultFrameImage":"0","usesDefaultCloseImage":"0","marketURL":"https:\/\/play.google.com\/store\/apps\/details?id=com.simulatorgames3d.alohacelebrations","packageID":"com.simulatorgames3d.alohacelebrations"},"showTemplate":1,"s2s_tracking_url":"https:\/\/play.google.com\/store\/apps\/details?id=com.simulatorgames3d.alohacelebrations","activeCreativeID":"787","scenes":["3","2"],"campaignAdType":"Interstitial","productId":"","purchaseBit":0,"licenseKey":""},{"campaignID":"1483","attribution":0,"priority":"3","appToPromote":{"appToPromoteID":"1714","usesDefaultFrameImage":"1","usesDefaultCloseImage":"1","marketURL":"https:\/\/play.google.com\/store\/apps\/details?id=com.playink.cookie.maker","packageID":"com.playink.cookie.maker"},"showTemplate":1,"s2s_tracking_url":"https:\/\/play.google.com\/store\/apps\/details?id=com.playink.cookie.maker","activeCreativeID":"1020","scenes":["3","2"],"campaignAdType":"Interstitial","productId":"","purchaseBit":0,"licenseKey":""}],"refreshAdRate":30,"mode":"Production","aspectRatio":"9_16","cdnPath":"https:\/\/df8ymybeo92md.cloudfront.net\/images\/","sentry_log":0,"local_logging":0,"sentry_dsn":"https:\/\/93ffa1c9a4124f67b8888a53265f751a:bbf998e04584477fa9a145838e9d3b26@sentry.io\/168994","sentry_initialization":1,"sentry_debugging":0,"bannerSizes":["1"],"aspectRatioVideo":"9_16","app_id":"190","showPreRewardedDialogue":0,"showPostRewardedDialogue":0,"rewardCurrency":"coins","rewardValue":0,"isSkipable":0,"privacyPolicyURL":"https:\/\/www.consoliads.com\/privacy-policy\/","sessionToken":"T+igQa4w9nqVT8bw0SRPmy0jdGkH8CpKjHaquR2O8taTcZMQsy4h7xxsiGKrQhATycfuimeSKA44lqvT9bayseFYJtccGlvGjLMosCR2ABwmz+KhLeoJTOy\/VVld0oA\/ZLC4mFGkUK3h0pmn0mipsHh5F43Cc\/8FazenqPWK4bg="}
Session token value is set


{"appKey":"363eeeef9479d9af8cfa3d9ee81f42ad","osVersion":"6.0","orientation":"0","is_mac":"0","model":"GT-Snnn2","deviceID":"266","telco_operator":"Maroc","cpu":"0","brand":"vivo","userConsent":"0","internet_connectivity":"0","height":"206","architecture":"armv8l","width":"206","resolution":"1344x720","ram":"1.68 GB","sdkVersion":"39","product":"aosp_arm","devMode":"0"}
cache_ttl value is correct

Refresh Ad Rate value is correct
mode value is set

 Aspect ratio value is correct
sentry_log value is set
local_logging value is set
sentry_initialization value is set
sentry_debugging value is set
showPreRewardedDialogue value is set
showPostRewardedDialogue value is set
isSkipable value is set
{"cache_ttl":10080,"cache_ttl_rewarded":10080,"cache_ttl_banner":10080,"cache_ttl_native":10080,"cache_ttl_icon":10080,"refreshAdRate":30,"mode":"Production","aspectRatio":"9_16","cdnPath":"https:\/\/df8ymybeo92md.cloudfront.net\/images\/","sentry_log":0,"local_logging":0,"sentry_dsn":"https:\/\/e6dcd89483ae4d13b0f42ed3810d8d62:078421c4ad3d43f19885b30828ce7ee6@sentry.io\/187776","sentry_initialization":1,"sentry_debugging":0,"bannerSizes":[],"aspectRatioVideo":"9_16","app_id":"197","showPreRewardedDialogue":0,"showPostRewardedDialogue":0,"rewardCurrency":"coins","rewardValue":0,"isSkipable":0,"privacyPolicyURL":"https:\/\/www.consoliads.com\/privacy-policy\/","sessionToken":"I7wiT9j3gYGsepIQmcN575wauv5wBhXcaZKXDrKFtOQdUaeKgd+MZQ+tJ3gI8uzNgaQuHNXPEUGpvbJMv8ff7jNYV+DWEUZudI61+\/zrI3ju829c2lphcI3LDtlxl0V\/1hgqk6CNzzPqu8hdGYFXzWZooSJ51V2u+PEkB5S0brI="}
Session token value is set


{"appKey":"c95886d10c34ffc0029ce07e6830a9c3","osVersion":"5.0","orientation":"0","is_mac":"0","model":"xiaomi Mi 4s","deviceID":"970","telco_operator":"Telecom","cpu":"0","brand":"samsung","userConsent":"0","internet_connectivity":"0","height":"488","architecture":"armv7l,","width":"488","resolution":"1024x552","ram":"3.68 GB","sdkVersion":"39","product":"potter","devMode":"0"}
cache_ttl value is correct

Refresh Ad Rate value is correct
mode value is set

 Aspect ratio value is correct
sentry_log value is set
local_logging value is set
sentry_initialization value is set
sentry_debugging value is set
showPreRewardedDialogue value is set
showPostRewardedDialogue value is set
isSkipable value is set
{"cache_ttl":10080,"cache_ttl_rewarded":10080,"cache_ttl_banner":10080,"cache_ttl_native":10080,"cache_ttl_icon":10080,"refreshAdRate":30,"mode":"Production","aspectRatio":"9_16","cdnPath":"https:\/\/df8ymybeo92md.cloudfront.net\/images\/","sentry_log":0,"local_logging":0,"sentry_dsn":"https:\/\/93ffa1c9a4124f67b8888a53265f751a:bbf998e04584477fa9a145838e9d3b26@sentry.io\/168994","sentry_initialization":1,"sentry_debugging":0,"bannerSizes":[],"aspectRatioVideo":"9_16","app_id":"202","showPreRewardedDialogue":0,"showPostRewardedDialogue":0,"rewardCurrency":"coins","rewardValue":0,"isSkipable":0,"privacyPolicyURL":"https:\/\/www.consoliads.com\/privacy-policy\/","sessionToken":"63t3Ir1qakXWJX1V8YxKEDPHV+ksF7HGo207RtGnA4Q+aORKBzjy+8IAe+Slmmx9skbK93Y+RgDORvAqqVp2QFdBmbDJszwMzKOyVJ3Hu41mUvKqLIL+Eamx3obevgi+EMDKfODqMxtY\/Eio+eTmL3V5Je46SCUEuBq38XAGqOQ="}
Session token value is set


{"appKey":"8a6b3a437d3e028a8849cf8f819fd919","osVersion":"4.4","orientation":"0","is_mac":"0","model":"E5673","deviceID":"284","telco_operator":"airtel","cpu":"0","brand":"realme","userConsent":"0","internet_connectivity":"0","height":"213","architecture":"aarch81","width":"213","resolution":"1387x720","ram":"2.75 GB","sdkVersion":"39","product":"iPhone","devMode":"0"}
cache_ttl value is correct

Refresh Ad Rate value is correct
mode value is set

 Aspect ratio value is correct
sentry_log value is set
local_logging value is set
sentry_initialization value is set
sentry_debugging value is set
showPreRewardedDialogue value is set
showPostRewardedDialogue value is set
isSkipable value is set
{"cache_ttl":10080,"cache_ttl_rewarded":10080,"cache_ttl_banner":10080,"cache_ttl_native":10080,"cache_ttl_icon":10080,"refreshAdRate":30,"mode":"Production","aspectRatio":"9_16","cdnPath":"https:\/\/df8ymybeo92md.cloudfront.net\/images\/","sentry_log":0,"local_logging":0,"sentry_dsn":"https:\/\/e6dcd89483ae4d13b0f42ed3810d8d62:078421c4ad3d43f19885b30828ce7ee6@sentry.io\/187776","sentry_initialization":1,"sentry_debugging":0,"bannerSizes":["5"],"aspectRatioVideo":"9_16","app_id":"224","showPreRewardedDialogue":0,"showPostRewardedDialogue":0,"rewardCurrency":"coins","rewardValue":0,"isSkipable":0,"privacyPolicyURL":"https:\/\/www.consoliads.com\/privacy-policy\/","sessionToken":"PvMb6XOt5gh38s0oK9w0pjL2mW\/\/3jINsBjjexGWX2ImWnwQljY5nTIpGYRzbItV6qBRAi5FjL\/N8dUrfd3XiN3jLk0Mvzf+voarX4exhGzR8fgdHt3BxPEGeP+H1CjAFrn8ZauBovypvsg1ZjQqK2rdgQJ\/TPD+8f8SXkH0Z0E="}
Session token value is set


{"appKey":"f41eecd58fdd226e9d370df3828af01f","osVersion":"4.3","orientation":"0","is_mac":"0","model":"E3372","deviceID":"149","telco_operator":"Metfone","cpu":"0","brand":"iPhone","userConsent":"0","internet_connectivity":"0","height":"159","architecture":"aarch81","width":"159","resolution":"1080 x 1920","ram":"1,37 GB","sdkVersion":"39","product":"LUA-U22","devMode":"0"}
cache_ttl value is correct

Refresh Ad Rate value is correct
mode value is set

 Aspect ratio value is correct
sentry_log value is set
local_logging value is set
sentry_initialization value is set
sentry_debugging value is set
showPreRewardedDialogue value is set
showPostRewardedDialogue value is set
isSkipable value is set
{"cache_ttl":10080,"cache_ttl_rewarded":10080,"cache_ttl_banner":10080,"cache_ttl_native":10080,"cache_ttl_icon":10080,"refreshAdRate":30,"mode":"Production","aspectRatio":"9_16","cdnPath":"https:\/\/df8ymybeo92md.cloudfront.net\/images\/","sentry_log":0,"local_logging":0,"sentry_dsn":"https:\/\/93ffa1c9a4124f67b8888a53265f751a:bbf998e04584477fa9a145838e9d3b26@sentry.io\/168994","sentry_initialization":1,"sentry_debugging":0,"bannerSizes":[],"aspectRatioVideo":"9_16","app_id":"226","showPreRewardedDialogue":0,"showPostRewardedDialogue":0,"rewardCurrency":"coins","rewardValue":0,"isSkipable":0,"privacyPolicyURL":"https:\/\/www.consoliads.com\/privacy-policy\/","sessionToken":"lmgJuJ+spQtrGXZK74OibrGyohLh8YbmzxJpJGbHA9U37IboTD0EuWx745FiyK94guZyC9uR+E8CHS8oYYmAQJ\/rFyeyUMzanCM9VwVAPOHSd2xk78rNonxixfe8DgOMku5vMKBR07n9Lq9PjJ1q5nWKQTrIt6zjmAjffCb8jr0="}
Session token value is set

{"appKey":"fdcae9dc671b6823d2c35a6c94131930","osVersion":"4.2","orientation":"0","is_mac":"0","model":"iphone 3GS","deviceID":"658","telco_operator":" Ooredoo","cpu":"0","brand":"OPPO","userConsent":"0","internet_connectivity":"0","height":"363","architecture":"armv64","width":"363","resolution":"1440 x 2960","ram":"3.69 GB","sdkVersion":"22","product":"BKK-LX2","devMode":"0"}: Status code not OK,http://52.13.174.6/sheeda/admin/api/startNewAdSession_2 API has failed at 31 NotFound

{"appKey":"9aec7032e72fc71651e446a6f79e717e","osVersion":"9.0","orientation":"0","is_mac":"0","model":"GT-Nnnn0","deviceID":"477","telco_operator":"","cpu":"0","brand":"HUAWEI","userConsent":"0","internet_connectivity":"0","height":"291","architecture":"","width":"291","resolution":"1280x720","ram":"953,45 MB","sdkVersion":"2124","product":"j7xeltexx","devMode":"0"}
cache_ttl value is correct

Refresh Ad Rate value is correct
mode value is set

 Aspect ratio value is correct
sentry_log value is set
local_logging value is set
sentry_initialization value is set
sentry_debugging value is set
showPreRewardedDialogue value is set
showPostRewardedDialogue value is set
isSkipable value is set
{"cache_ttl":10080,"cache_ttl_rewarded":10080,"cache_ttl_banner":10080,"cache_ttl_native":10080,"cache_ttl_icon":10080,"campaigns":[{"campaignID":"9126","attribution":0,"priority":"8","appToPromote":{"appToPromoteID":"17527","usesDefaultFrameImage":"0","usesDefaultCloseImage":"0","marketURL":"https:\/\/itunes.apple.com\/us\/app\/id1196690809","packageID":"id1196690809"},"showTemplate":1,"s2s_tracking_url":"https:\/\/tha.gotrackier.com\/click?campaign_id=68346\\u0026pub_id=75?p1=236_9126_477&amp;source=6841&amp;app_name=BearSimulator&amp;idfa=477","activeCreativeID":"4478","scenes":["3","2"],"campaignAdType":"Banner","productId":"","purchaseBit":0,"licenseKey":""},{"campaignID":"9128","attribution":0,"priority":"8","appToPromote":{"appToPromoteID":"17529","usesDefaultFrameImage":"0","usesDefaultCloseImage":"0","marketURL":"https:\/\/apps.apple.com\/ru\/app\/id1259203065","packageID":"id1259203065"},"showTemplate":1,"s2s_tracking_url":"https:\/\/tha.gotrackier.com\/click?campaign_id=63251\\u0026pub_id=75?p1=236_9128_477&amp;source=6841&amp;app_name=BearSimulator&amp;idfa=477","activeCreativeID":"4480","scenes":["3","2"],"campaignAdType":"Video","productId":"","purchaseBit":0,"licenseKey":""},{"campaignID":"9129","attribution":0,"priority":"8","appToPromote":{"appToPromoteID":"17530","usesDefaultFrameImage":"0","usesDefaultCloseImage":"0","marketURL":"https:\/\/apps.apple.com\/tw\/app\/%E6%BB%BF%E8%B2%AB%E5%A4%A7%E4%BA%A8\/id1007924271","packageID":"id1007924271"},"showTemplate":1,"s2s_tracking_url":"https:\/\/tha.gotrackier.com\/click?campaign_id=63252\\u0026pub_id=75?p1=236_9129_477&amp;source=6841&amp;app_name=BearSimulator&amp;idfa=477","activeCreativeID":"4481","scenes":["3","2"],"campaignAdType":"Banner","productId":"","purchaseBit":0,"licenseKey":""},{"campaignID":"1041","attribution":0,"priority":"6","appToPromote":{"appToPromoteID":"5781","usesDefaultFrameImage":"0","usesDefaultCloseImage":"0","marketURL":"https:\/\/itunes.apple.com\/US\/app\/id642727743?","packageID":"id642727743"},"showTemplate":1,"activeCreativeID":null,"scenes":["3","2"],"campaignAdType":"Interstitial","productId":"","purchaseBit":0,"licenseKey":""},{"campaignID":"8628","attribution":0,"priority":"5","appToPromote":{"appToPromoteID":"11082","usesDefaultFrameImage":"0","usesDefaultCloseImage":"0","marketURL":"https:\/\/apps.apple.com\/app\/cooking-day-restaurant-game\/id1427191409?uo=5&amp;at=10l9yE","packageID":"com.NewAge.cooking.day"},"showTemplate":1,"s2s_tracking_url":"https:\/\/apps.apple.com\/app\/cooking-day-restaurant-game\/id1427191409?uo=5&amp;at=10l9yE","activeCreativeID":"2113","scenes":["3","2"],"campaignAdType":"Interstitial","productId":"","purchaseBit":0,"licenseKey":""},{"campaignID":"6761","attribution":0,"priority":"5","appToPromote":{"appToPromoteID":"13201","usesDefaultFrameImage":"0","usesDefaultCloseImage":"0","marketURL":"https:\/\/apps.apple.com\/us\/app\/fury-counter-survival-war\/id1472730597?uo=4&amp;at=10l9yE","packageID":"com.aaqibios.fury.terrorist.survival.war"},"showTemplate":1,"s2s_tracking_url":"https:\/\/apps.apple.com\/us\/app\/fury-counter-survival-war\/id1472730597?uo=4&amp;at=10l9yE","activeCreativeID":"1875","scenes":["3","2"],"campaignAdType":"Interstitial","productId":"","purchaseBit":0,"licenseKey":""},{"campaignID":"1423","attribution":0,"priority":"4","appToPromote":{"appToPromoteID":"5227","usesDefaultFrameImage":"0","usesDefaultCloseImage":"0","marketURL":"https:\/\/itunes.apple.com\/in\/app\/8-ball-pool\/id543186831?mt=8","packageID":"id543186831"},"showTemplate":1,"activeCreativeID":null,"scenes":["3","2"],"campaignAdType":"Interstitial","productId":"","purchaseBit":0,"licenseKey":""}],"refreshAdRate":30,"mode":"Production","aspectRatio":"9_16","cdnPath":"https:\/\/df8ymybeo92md.cloudfront.net\/images\/","sentry_log":0,"local_logging":0,"sentry_dsn":"https:\/\/e6dcd89483ae4d13b0f42ed3810d8d62:078421c4ad3d43f19885b30828ce7ee6@sentry.io\/187776","sentry_initialization":1,"sentry_debugging":0,"bannerSizes":["1"],"aspectRatioVideo":"9_16","app_id":"236","showPreRewardedDialogue":0,"showPostRewardedDialogue":0,"rewardCurrency":"coins","rewardValue":0,"isSkipable":0,"privacyPolicyURL":"https:\/\/www.consoliads.com\/privacy-policy\/","sessionToken":"By+ZKSWpzh+bP\/vSvJHXKgNGOM8HsY2UKHgs8uoi4oVTcLxeQi9hub6bi3vJtIOMusfXj1Hq7YijCNjOrUhGvdPXjHhaxQpBGm8zbuvvSkjujsRZuA4nQrCxj6ZnN+F1HrwKrReV2uIsxgLiwxhSpn4Ne2402TRBCXSenaMdrbs="}
Session token value is set


{"appKey":"02d11fd9738d97b70b9d22ec1bd2123f","osVersion":"8.0","orientation":"0","is_mac":"0","model":"SM-Nnn0","deviceID":"767","telco_operator":"Azercell","cpu":"0","brand":"Xiaomi","userConsent":"0","internet_connectivity":"0","height":"407","architecture":"0","width":"407","resolution":"1196x720","ram":"3.51 GB ","sdkVersion":"39","product":"mido","devMode":"0"}
cache_ttl value is correct

Refresh Ad Rate value is correct
mode value is set

 Aspect ratio value is correct
sentry_log value is set
local_logging value is set
sentry_initialization value is set
sentry_debugging value is set
showPreRewardedDialogue value is set
showPostRewardedDialogue value is set
isSkipable value is set
{"cache_ttl":10080,"cache_ttl_rewarded":10080,"cache_ttl_banner":10080,"cache_ttl_native":10080,"cache_ttl_icon":10080,"refreshAdRate":30,"mode":"Production","aspectRatio":"9_16","cdnPath":"https:\/\/df8ymybeo92md.cloudfront.net\/images\/","sentry_log":0,"local_logging":0,"sentry_dsn":"https:\/\/93ffa1c9a4124f67b8888a53265f751a:bbf998e04584477fa9a145838e9d3b26@sentry.io\/168994","sentry_initialization":1,"sentry_debugging":0,"bannerSizes":[],"aspectRatioVideo":"9_16","app_id":"238","showPreRewardedDialogue":0,"showPostRewardedDialogue":0,"rewardCurrency":"coins","rewardValue":0,"isSkipable":0,"privacyPolicyURL":"https:\/\/www.consoliads.com\/privacy-policy\/","sessionToken":"0UuSLUh7ZaF\/uamwsQrxeuSY4TX+eHMGGzYLE8niBFiGL6FfbhRboD4ZwwuBSPZvoihdy2U9U2TG7ZonkgRydtCq+wECygvp8DV0uebQqQD3RcoD8K4zW4Z8ZeXKAF8tix+8RcNB5bdbaLnSaFmw7Pl7J+a5gREyV9D8P3LJq4o="}
Session token value is set

{"appKey":"17cf37d56026573c47a5d84146b15956","osVersion":"7.0","orientation":"0","is_mac":"0","model":"GT-Snnn0","deviceID":"775","telco_operator":"Oi","cpu":"0","brand":"HONOR","userConsent":"0","internet_connectivity":"0","height":"410","architecture":"aarch64","width":"410","resolution":"1436x720","ram":"1.77 GB","sdkVersion":"22","product":"STK-L21M","devMode":"0"}: Status code not OK,http://52.13.174.6/sheeda/admin/api/startNewAdSession_2 API has failed at 34 NotFound

{"appKey":"de6bde2b521a5e5f071c239a72e6a0be","osVersion":"6.0","orientation":"0","is_mac":"0","model":"GT-Snnn2","deviceID":"681","telco_operator":"Maroc","cpu":"0","brand":"vivo","userConsent":"0","internet_connectivity":"0","height":"372","architecture":"armv8l","width":"372","resolution":"1344x720","ram":"1.68 GB","sdkVersion":"2225","product":"aosp_arm","devMode":"0"}
cache_ttl value is correct

Refresh Ad Rate value is correct
mode value is set

 Aspect ratio value is correct
sentry_log value is set
local_logging value is set
sentry_initialization value is set
sentry_debugging value is set
showPreRewardedDialogue value is set
showPostRewardedDialogue value is set
isSkipable value is set
{"cache_ttl":10080,"cache_ttl_rewarded":10080,"cache_ttl_banner":10080,"cache_ttl_native":10080,"cache_ttl_icon":10080,"campaigns":[{"campaignID":"1041","attribution":0,"priority":"6","appToPromote":{"appToPromoteID":"5781","usesDefaultFrameImage":"0","usesDefaultCloseImage":"0","marketURL":"https:\/\/itunes.apple.com\/US\/app\/id642727743?","packageID":"id642727743"},"showTemplate":1,"activeCreativeID":null,"scenes":["3","2"],"campaignAdType":"Interstitial","productId":"","purchaseBit":0,"licenseKey":""},{"campaignID":"8628","attribution":0,"priority":"5","appToPromote":{"appToPromoteID":"11082","usesDefaultFrameImage":"0","usesDefaultCloseImage":"0","marketURL":"https:\/\/apps.apple.com\/app\/cooking-day-restaurant-game\/id1427191409?uo=5&amp;at=10l9yE","packageID":"com.NewAge.cooking.day"},"showTemplate":1,"s2s_tracking_url":"https:\/\/apps.apple.com\/app\/cooking-day-restaurant-game\/id1427191409?uo=5&amp;at=10l9yE","activeCreativeID":"2113","scenes":["3","2"],"campaignAdType":"Interstitial","productId":"","purchaseBit":0,"licenseKey":""},{"campaignID":"6761","attribution":0,"priority":"5","appToPromote":{"appToPromoteID":"13201","usesDefaultFrameImage":"0","usesDefaultCloseImage":"0","marketURL":"https:\/\/apps.apple.com\/us\/app\/fury-counter-survival-war\/id1472730597?uo=4&amp;at=10l9yE","packageID":"com.aaqibios.fury.terrorist.survival.war"},"showTemplate":1,"s2s_tracking_url":"https:\/\/apps.apple.com\/us\/app\/fury-counter-survival-war\/id1472730597?uo=4&amp;at=10l9yE","activeCreativeID":"1875","scenes":["3","2"],"campaignAdType":"Interstitial","productId":"","purchaseBit":0,"licenseKey":""},{"campaignID":"1423","attribution":0,"priority":"4","appToPromote":{"appToPromoteID":"5227","usesDefaultFrameImage":"0","usesDefaultCloseImage":"0","marketURL":"https:\/\/itunes.apple.com\/in\/app\/8-ball-pool\/id543186831?mt=8","packageID":"id543186831"},"showTemplate":1,"activeCreativeID":null,"scenes":["3","2"],"campaignAdType":"Interstitial","productId":"","purchaseBit":0,"licenseKey":""}],"refreshAdRate":30,"mode":"Production","aspectRatio":"9_16","cdnPath":"https:\/\/df8ymybeo92md.cloudfront.net\/images\/","sentry_log":0,"local_logging":0,"sentry_dsn":"https:\/\/e6dcd89483ae4d13b0f42ed3810d8d62:078421c4ad3d43f19885b30828ce7ee6@sentry.io\/187776","sentry_initialization":1,"sentry_debugging":0,"bannerSizes":["1"],"aspectRatioVideo":"9_16","app_id":"254","showPreRewardedDialogue":0,"showPostRewardedDialogue":0,"rewardCurrency":"coins","rewardValue":0,"isSkipable":0,"privacyPolicyURL":"https:\/\/www.consoliads.com\/privacy-policy\/","sessionToken":"DL2yCcrgLvf0aTuZ25lSm1bF5vfRvTo2rv72KwHhr\/Gc9X2HT5Ds2mFLgCMmen1i4rdbofFQLpeSj0\/5aff4YYr2eC2cHUL8EF\/lJEUXHtcPAu9AkA0hSloC9p1Xq8RiCtB2QMRzSCSRUv4VlNt91nEPviSb\/i+nQ1FEW87s5gg="}
Session token value is set

{"appKey":"4a72d27f251a0dd2086fdba76fde4535","osVersion":"5.0","orientation":"0","is_mac":"0","model":"xiaomi Mi 4s","deviceID":"599","telco_operator":"Telecom","cpu":"0","brand":"samsung","userConsent":"0","internet_connectivity":"0","height":"339","architecture":"armv7l,","width":"339","resolution":"1024x552","ram":"3.68 GB","sdkVersion":"22","product":"potter","devMode":"0"}: Status code not OK,http://52.13.174.6/sheeda/admin/api/startNewAdSession_2 API has failed at 36 NotFound

{"appKey":"5d5ac66b8796ce7db05414be2136f2cd","osVersion":"4.4","orientation":"0","is_mac":"0","model":"E5673","deviceID":"146","telco_operator":"airtel","cpu":"0","brand":"realme","userConsent":"0","internet_connectivity":"0","height":"158","architecture":"aarch81","width":"158","resolution":"1387x720","ram":"2.75 GB","sdkVersion":"39","product":"iPhone","devMode":"0"}
cache_ttl value is correct

Refresh Ad Rate value is correct
mode value is set

 Aspect ratio value is correct
sentry_log value is set
local_logging value is set
sentry_initialization value is set
sentry_debugging value is set
showPreRewardedDialogue value is set
showPostRewardedDialogue value is set
isSkipable value is set
{"cache_ttl":10080,"cache_ttl_rewarded":10080,"cache_ttl_banner":10080,"cache_ttl_native":10080,"cache_ttl_icon":10080,"refreshAdRate":30,"mode":"Production","aspectRatio":"9_16","cdnPath":"https:\/\/df8ymybeo92md.cloudfront.net\/images\/","sentry_log":0,"local_logging":0,"sentry_dsn":"https:\/\/93ffa1c9a4124f67b8888a53265f751a:bbf998e04584477fa9a145838e9d3b26@sentry.io\/168994","sentry_initialization":1,"sentry_debugging":0,"bannerSizes":[],"aspectRatioVideo":"9_16","app_id":"262","showPreRewardedDialogue":0,"showPostRewardedDialogue":0,"rewardCurrency":"coins","rewardValue":0,"isSkipable":0,"privacyPolicyURL":"https:\/\/www.consoliads.com\/privacy-policy\/","sessionToken":"9rPYCcL2gqdtL54JibPpLuU5BXXeWBhoY807jN+eRyD388\/futoP2IRxfXlAi83ejyRFZgWHWJ31lwTVvpKca3RQsZ1qYq7Amo\/vSVH1yblotCX1CnEtOox6ienv8MD+wYiajbDjvty8EhytuxLyShZxTa0boFwPaXEY3bcNi1E="}
Session token value is set


{"appKey":"8e241a59532e953339795dedba3abd02","osVersion":"4.3","orientation":"0","is_mac":"0","model":"E3372","deviceID":"655","telco_operator":"Metfone","cpu":"0","brand":"iPhone","userConsent":"0","internet_connectivity":"0","height":"362","architecture":"aarch81","width":"362","resolution":"1080 x 1920","ram":"1,37 GB","sdkVersion":"39","product":"LUA-U22","devMode":"0"}
cache_ttl value is correct

Refresh Ad Rate value is correct
mode value is set

 Aspect ratio value is correct
sentry_log value is set
local_logging value is set
sentry_initialization value is set
sentry_debugging value is set
showPreRewardedDialogue value is set
showPostRewardedDialogue value is set
isSkipable value is set
{"cache_ttl":10080,"cache_ttl_rewarded":10080,"cache_ttl_banner":10080,"cache_ttl_native":10080,"cache_ttl_icon":10080,"refreshAdRate":30,"mode":"Production","aspectRatio":"9_16","cdnPath":"https:\/\/df8ymybeo92md.cloudfront.net\/images\/","sentry_log":0,"local_logging":0,"sentry_dsn":"na","sentry_initialization":1,"sentry_debugging":0,"bannerSizes":[],"aspectRatioVideo":"9_16","app_id":"264","showPreRewardedDialogue":0,"showPostRewardedDialogue":0,"rewardCurrency":"coins","rewardValue":0,"isSkipable":0,"privacyPolicyURL":"https:\/\/www.consoliads.com\/privacy-policy\/","sessionToken":"DDsHLswq5KZIsYabk576M6\/OK0bak82aoqy\/rf\/\/mX9+o8eFkLZVhCjUrIICdCwDrQ5BiYnZYw4BMSEU0hes9x\/7QMFGalN3zF+eprAFg8L4RzOwL5eOlCOyxjCcQTk\/CrF\/gR+CwiEna1BdeXZaOKaTPIXwQxy8aznwL7kWX8E="}
Session token value is set


{"appKey":"3b7205551216c71dee6bb11fe3abb1bc","osVersion":"4.2","orientation":"0","is_mac":"0","model":"iphone 3GS","deviceID":"77","telco_operator":" Ooredoo","cpu":"0","brand":"OPPO","userConsent":"0","internet_connectivity":"0","height":"131","architecture":"armv64","width":"131","resolution":"1440 x 2960","ram":"3.69 GB","sdkVersion":"60","product":"BKK-LX2","devMode":"0"}
cache_ttl value is correct

Refresh Ad Rate value is correct
mode value is set

 Aspect ratio value is correct
sentry_log value is set
local_logging value is set
sentry_initialization value is set
sentry_debugging value is set
showPreRewardedDialogue value is set
showPostRewardedDialogue value is set
isSkipable value is set
{"cache_ttl":10080,"cache_ttl_rewarded":10080,"cache_ttl_banner":10080,"cache_ttl_native":10080,"cache_ttl_icon":10080,"refreshAdRate":30,"mode":"Production","aspectRatio":"9_16","cdnPath":"https:\/\/df8ymybeo92md.cloudfront.net\/images\/","sentry_log":0,"local_logging":0,"sentry_dsn":"https:\/\/e6dcd89483ae4d13b0f42ed3810d8d62:078421c4ad3d43f19885b30828ce7ee6@sentry.io\/187776","sentry_initialization":1,"sentry_debugging":0,"bannerSizes":[],"aspectRatioVideo":"9_16","app_id":"266","showPreRewardedDialogue":0,"showPostRewardedDialogue":0,"rewardCurrency":"coins","rewardValue":0,"isSkipable":0,"privacyPolicyURL":"https:\/\/www.consoliads.com\/privacy-policy\/","sessionToken":"HeMbpQOMJjdPg2eJkQg+prYguLdLLJkXBhuoKwHhBOhQYucTnET7HIOUInzR0HcP102NQXV5shuGMhpvM9Dv\/o5GDEHe9OsADAeXhpu5\/SByWDcVBlZvStqZxxLyiNEvn0tFXxVDEsvzYJpMPxTFjDrwzV3KWBUXUI0d+zxwlmQ="}
Session token value is set


{"appKey":"85c4d47a991c399e517b435dcd008465","osVersion":"9.0","orientation":"0","is_mac":"0","model":"GT-Nnnn0","deviceID":"141","telco_operator":"","cpu":"0","brand":"HUAWEI","userConsent":"0","internet_connectivity":"0","height":"156","architecture":"","width":"156","resolution":"1280x720","ram":"953,45 MB","sdkVersion":"39","product":"j7xeltexx","devMode":"0"}
cache_ttl value is correct

Refresh Ad Rate value is correct
mode value is set

 Aspect ratio value is correct
sentry_log value is set
local_logging value is set
sentry_initialization value is set
sentry_debugging value is set
showPreRewardedDialogue value is set
showPostRewardedDialogue value is set
isSkipable value is set
{"cache_ttl":10080,"cache_ttl_rewarded":10080,"cache_ttl_banner":10080,"cache_ttl_native":10080,"cache_ttl_icon":10080,"refreshAdRate":30,"mode":"Production","aspectRatio":"9_16","cdnPath":"https:\/\/df8ymybeo92md.cloudfront.net\/images\/","sentry_log":0,"local_logging":0,"sentry_dsn":"https:\/\/93ffa1c9a4124f67b8888a53265f751a:bbf998e04584477fa9a145838e9d3b26@sentry.io\/168994","sentry_initialization":1,"sentry_debugging":0,"bannerSizes":[],"aspectRatioVideo":"9_16","app_id":"268","showPreRewardedDialogue":0,"showPostRewardedDialogue":0,"rewardCurrency":"coins","rewardValue":0,"isSkipable":0,"privacyPolicyURL":"https:\/\/www.consoliads.com\/privacy-policy\/","sessionToken":"jaZZpiaTZcQzJhycdfL3Sb1j0N0dB0E0BZlPxj1FCrGKvbVreCavAz35EVucSmRRkCBwJ\/S3gEa7iSJ6ZzijJ09tiCALiMMMXD+14rb01iK6Pu94mVLvWyqa9hVf4JRDxiNbhvkdQRVv3j0VasqrZX\/Wy3kV57jIgCdM5jUBSjw="}
Session token value is set


{"appKey":"60f88b014c5b906cbedc0f072040fb65","osVersion":"8.0","orientation":"0","is_mac":"0","model":"SM-Nnn0","deviceID":"96","telco_operator":"Azercell","cpu":"0","brand":"Xiaomi","userConsent":"0","internet_connectivity":"0","height":"138","architecture":"0","width":"138","resolution":"1196x720","ram":"3.51 GB ","sdkVersion":"39","product":"mido","devMode":"0"}
cache_ttl value is correct

Refresh Ad Rate value is correct
mode value is set

 Aspect ratio value is correct
sentry_log value is set
local_logging value is set
sentry_initialization value is set
sentry_debugging value is set
showPreRewardedDialogue value is set
showPostRewardedDialogue value is set
isSkipable value is set
{"cache_ttl":10080,"cache_ttl_rewarded":10080,"cache_ttl_banner":10080,"cache_ttl_native":10080,"cache_ttl_icon":10080,"refreshAdRate":30,"mode":"Production","aspectRatio":"9_16","cdnPath":"https:\/\/df8ymybeo92md.cloudfront.net\/images\/","sentry_log":0,"local_logging":0,"sentry_dsn":"https:\/\/93ffa1c9a4124f67b8888a53265f751a:bbf998e04584477fa9a145838e9d3b26@sentry.io\/168994","sentry_initialization":1,"sentry_debugging":0,"bannerSizes":[],"aspectRatioVideo":"9_16","app_id":"271","showPreRewardedDialogue":0,"showPostRewardedDialogue":0,"rewardCurrency":"coins","rewardValue":0,"isSkipable":0,"privacyPolicyURL":"https:\/\/www.consoliads.com\/privacy-policy\/","sessionToken":"OWIHv2dF4pCDZ\/FkANj9ojuXhq\/Oe9J2qnf89\/GRLVHfp6cND5znB5j2zrdZ5gHxELEXZDkxbfA2Ys2Fvps\/gOhKc9FCzvLAGBycepqZIJyHk\/HZduDUOpIdrQpdANrl77rpy2Bof2VkSNB5M1VNuZAD8d3h0c3Yf3buKMZd0DM="}
Session token value is set


{"appKey":"cc7c0dc3617dc403b90811916faee5c0","osVersion":"7.0","orientation":"0","is_mac":"0","model":"GT-Snnn0","deviceID":"323","telco_operator":"Oi","cpu":"0","brand":"HONOR","userConsent":"0","internet_connectivity":"0","height":"229","architecture":"aarch64","width":"229","resolution":"1436x720","ram":"1.77 GB","sdkVersion":"39","product":"STK-L21M","devMode":"0"}
cache_ttl value is correct

Refresh Ad Rate value is correct
mode value is set

 Aspect ratio value is correct
sentry_log value is set
local_logging value is set
sentry_initialization value is set
sentry_debugging value is set
showPreRewardedDialogue value is set
showPostRewardedDialogue value is set
isSkipable value is set
{"cache_ttl":10080,"cache_ttl_rewarded":10080,"cache_ttl_banner":10080,"cache_ttl_native":10080,"cache_ttl_icon":10080,"refreshAdRate":30,"mode":"Production","aspectRatio":"9_16","cdnPath":"https:\/\/df8ymybeo92md.cloudfront.net\/images\/","sentry_log":0,"local_logging":0,"sentry_dsn":"https:\/\/93ffa1c9a4124f67b8888a53265f751a:bbf998e04584477fa9a145838e9d3b26@sentry.io\/168994","sentry_initialization":1,"sentry_debugging":0,"bannerSizes":[],"aspectRatioVideo":"9_16","app_id":"280","showPreRewardedDialogue":0,"showPostRewardedDialogue":0,"rewardCurrency":"coins","rewardValue":0,"isSkipable":0,"privacyPolicyURL":"https:\/\/www.consoliads.com\/privacy-policy\/","sessionToken":"bhVjTWlcZoDlw5\/Wj55GeZOD9kXrqGZnKFwCjrK2ZE6kc9nRhEEZeoRdaqFxnd2t+iAJ5noGz1Pmt7hj8Q45BZkdcML0NUoFFJjpinEFQoOkvJiD6f1PZY0oQuNmw4O9faa66L6UBp72pMLIQaFOEdNOIyyRpOgxaZkn3QdZf5I="}
Session token value is set


{"appKey":"096d387c0358e27c2d39b783d06790f4","osVersion":"6.0","orientation":"0","is_mac":"0","model":"GT-Snnn2","deviceID":"937","telco_operator":"Maroc","cpu":"0","brand":"vivo","userConsent":"0","internet_connectivity":"0","height":"474","architecture":"armv8l","width":"474","resolution":"1344x720","ram":"1.68 GB","sdkVersion":"39","product":"aosp_arm","devMode":"0"}
cache_ttl value is correct

Refresh Ad Rate value is correct
mode value is set

 Aspect ratio value is correct
sentry_log value is set
local_logging value is set
sentry_initialization value is set
sentry_debugging value is set
showPreRewardedDialogue value is set
showPostRewardedDialogue value is set
isSkipable value is set
{"cache_ttl":10080,"cache_ttl_rewarded":10080,"cache_ttl_banner":10080,"cache_ttl_native":10080,"cache_ttl_icon":10080,"refreshAdRate":30,"mode":"Production","aspectRatio":"9_16","cdnPath":"https:\/\/df8ymybeo92md.cloudfront.net\/images\/","sentry_log":0,"local_logging":0,"sentry_dsn":"na","sentry_initialization":1,"sentry_debugging":0,"bannerSizes":[],"aspectRatioVideo":"9_16","app_id":"282","showPreRewardedDialogue":0,"showPostRewardedDialogue":0,"rewardCurrency":"coins","rewardValue":0,"isSkipable":0,"privacyPolicyURL":"https:\/\/www.consoliads.com\/privacy-policy\/","sessionToken":"h7f3JcszpXLC1ugyP0eQTNYwa5LkOs3J4efwfySNyiR6sWNy\/5ktIbEtXGeM2E9SQNhBDsRDTG3ulxeaJrZf43bQX1QN8IK5XoKLwegq3Jjs4oSNTLgNPrv4DJIhgLFwbRl93cJt6vbszUb8BRDbRj+BwM8MG+5whuBdi4jP8m4="}
Session token value is set

{"appKey":"b810ee887d6bed36479ac5884904ecad","osVersion":"5.0","orientation":"0","is_mac":"0","model":"xiaomi Mi 4s","deviceID":"965","telco_operator":"Telecom","cpu":"0","brand":"samsung","userConsent":"0","internet_connectivity":"0","height":"486","architecture":"armv7l,","width":"486","resolution":"1024x552","ram":"3.68 GB","sdkVersion":"22","product":"potter","devMode":"0"}: Status code not OK,http://52.13.174.6/sheeda/admin/api/startNewAdSession_2 API has failed at 44 NotFound

{"appKey":"e4f563b27676d79d2981b8bb53fd765b","osVersion":"4.4","orientation":"0","is_mac":"0","model":"E5673","deviceID":"154","telco_operator":"airtel","cpu":"0","brand":"realme","userConsent":"0","internet_connectivity":"0","height":"161","architecture":"aarch81","width":"161","resolution":"1387x720","ram":"2.75 GB","sdkVersion":"39","product":"iPhone","devMode":"0"}
cache_ttl value is correct

Refresh Ad Rate value is correct
mode value is set

 Aspect ratio value is correct
sentry_log value is set
local_logging value is set
sentry_initialization value is set
sentry_debugging value is set
showPreRewardedDialogue value is set
showPostRewardedDialogue value is set
isSkipable value is set
{"cache_ttl":10080,"cache_ttl_rewarded":10080,"cache_ttl_banner":10080,"cache_ttl_native":10080,"cache_ttl_icon":10080,"refreshAdRate":30,"mode":"Production","aspectRatio":"9_16","cdnPath":"https:\/\/df8ymybeo92md.cloudfront.net\/images\/","sentry_log":0,"local_logging":0,"sentry_dsn":"https:\/\/93ffa1c9a4124f67b8888a53265f751a:bbf998e04584477fa9a145838e9d3b26@sentry.io\/168994","sentry_initialization":1,"sentry_debugging":0,"bannerSizes":[],"aspectRatioVideo":"9_16","app_id":"301","showPreRewardedDialogue":0,"showPostRewardedDialogue":0,"rewardCurrency":"coins","rewardValue":0,"isSkipable":0,"privacyPolicyURL":"https:\/\/www.consoliads.com\/privacy-policy\/","sessionToken":"LWdeKGjj9QzR0\/NuZtI\/WGZjVE+6GjEUeF\/Db2zBTv\/+YtZIBTBVj\/JFpIKdhSvNXCU0TBSxCqTzJ5YKzeZRxYvipZn3k+ZHGd1ChS7D0JAp6mgzxlRbKl\/3K1\/jKGdpfBuxe1bgCO9gTY1\/B9QrXjd0jPudMhKk3rvpJukryvE="}
Session token value is set

{"appKey":"eb62767ca2ab6872a737bde125c18e94","osVersion":"4.3","orientation":"0","is_mac":"0","model":"E3372","deviceID":"214","telco_operator":"Metfone","cpu":"0","brand":"iPhone","userConsent":"0","internet_connectivity":"0","height":"185","architecture":"aarch81","width":"185","resolution":"1080 x 1920","ram":"1,37 GB","sdkVersion":"22","product":"LUA-U22","devMode":"0"}: Status code not OK,http://52.13.174.6/sheeda/admin/api/startNewAdSession_2 API has failed at 46 NotFound
{"appKey":"71ee363c926a2d86eba2e0ed056d7667","osVersion":"4.2","orientation":"0","is_mac":"0","model":"iphone 3GS","deviceID":"479","telco_operator":" Ooredoo","cpu":"0","brand":"OPPO","userConsent":"0","internet_connectivity":"0","height":"291","architecture":"armv64","width":"291","resolution":"1440 x 2960","ram":"3.69 GB","sdkVersion":"22","product":"BKK-LX2","devMode":"0"}: Status code not OK,http://52.13.174.6/sheeda/admin/api/startNewAdSession_2 API has failed at 47 NotFound

{"appKey":"a721516b8f46a3bee645d61ef55d0769","osVersion":"9.0","orientation":"0","is_mac":"0","model":"GT-Nnnn0","deviceID":"612","telco_operator":"","cpu":"0","brand":"HUAWEI","userConsent":"0","internet_connectivity":"0","height":"344","architecture":"","width":"344","resolution":"1280x720","ram":"953,45 MB","sdkVersion":"39","product":"j7xeltexx","devMode":"0"}
cache_ttl value is correct

Refresh Ad Rate value is correct
mode value is set

 Aspect ratio value is correct
sentry_log value is set
local_logging value is set
sentry_initialization value is set
sentry_debugging value is set
showPreRewardedDialogue value is set
showPostRewardedDialogue value is set
isSkipable value is set
{"cache_ttl":10080,"cache_ttl_rewarded":10080,"cache_ttl_banner":10080,"cache_ttl_native":10080,"cache_ttl_icon":10080,"refreshAdRate":30,"mode":"Production","aspectRatio":"9_16","cdnPath":"https:\/\/df8ymybeo92md.cloudfront.net\/images\/","sentry_log":0,"local_logging":0,"sentry_dsn":"https:\/\/93ffa1c9a4124f67b8888a53265f751a:bbf998e04584477fa9a145838e9d3b26@sentry.io\/168994","sentry_initialization":1,"sentry_debugging":0,"bannerSizes":[],"aspectRatioVideo":"9_16","app_id":"310","showPreRewardedDialogue":0,"showPostRewardedDialogue":0,"rewardCurrency":"coins","rewardValue":0,"isSkipable":0,"privacyPolicyURL":"https:\/\/www.consoliads.com\/privacy-policy\/","sessionToken":"9xX+0HG9gEvuz1YuG2tcs6ZF5ws2WqGQ+trm0Zi8trib+JUF03ayUCMAiQltX06H3rkIQQtFX\/UG+jSC+WkLUAS\/+spqw1oSKQ6eE3sMyEmekJSgpp1iDkPoLCyXoyJcREOi9iBdMA8ftAOEClaaTQQXdgUI2Dl\/aMHHmHsZnn4="}
Session token value is set


{"appKey":"cffdf6d34f1a66b74f85bb6f728ab84c","osVersion":"8.0","orientation":"0","is_mac":"0","model":"SM-Nnn0","deviceID":"334","telco_operator":"Azercell","cpu":"0","brand":"Xiaomi","userConsent":"0","internet_connectivity":"0","height":"233","architecture":"0","width":"233","resolution":"1196x720","ram":"3.51 GB ","sdkVersion":"39","product":"mido","devMode":"0"}
cache_ttl value is correct

Refresh Ad Rate value is correct
mode value is set

 Aspect ratio value is correct
sentry_log value is set
local_logging value is set
sentry_initialization value is set
sentry_debugging value is set
showPreRewardedDialogue value is set
showPostRewardedDialogue value is set
isSkipable value is set
{"cache_ttl":10080,"cache_ttl_rewarded":10080,"cache_ttl_banner":10080,"cache_ttl_native":10080,"cache_ttl_icon":10080,"refreshAdRate":30,"mode":"Production","aspectRatio":"9_16","cdnPath":"https:\/\/df8ymybeo92md.cloudfront.net\/images\/","sentry_log":0,"local_logging":0,"sentry_dsn":"https:\/\/93ffa1c9a4124f67b8888a53265f751a:bbf998e04584477fa9a145838e9d3b26@sentry.io\/168994","sentry_initialization":1,"sentry_debugging":0,"bannerSizes":[],"aspectRatioVideo":"9_16","app_id":"316","showPreRewardedDialogue":0,"showPostRewardedDialogue":0,"rewardCurrency":"coins","rewardValue":0,"isSkipable":0,"privacyPolicyURL":"https:\/\/www.consoliads.com\/privacy-policy\/","sessionToken":"3F4sbOO+j9\/3A2WKgsb5LmDztbHCR63\/3YiOwfLJBclwmM50PMb13mYIbU+ZO6MvEM3qnRyOCpbIcq4uYLbJkeEE+IC4yOkdKRGuq0Hv3dXYc0bx3SrVXAsVKJrDUiLRXdUouiNEcTRLKJsGrcheGf8zqD+Q59FryyqrA44b36Q="}
Session token value is set

</DebugTrace>
      </Output>
    </UnitTestResult>
    <UnitTestResult executionId="0aaae918-a9f5-4717-8dca-7df215fced08" testId="f70c910a-cc07-24cb-0d1c-bc2c00fc396f" testName="G_SyncAppunityMainMethodCodeGenerator" computerName="DESKTOP-5AJ0SB3" duration="00:01:56.9080958" startTime="2021-01-27T13:15:09.9627033+05:00" endTime="2021-01-27T13:17:06.8812271+05:00" testType="13cdc9d9-ddb5-4fa4-a97d-d965ccfc6d4b" outcome="Passed" testListId="8c84fa94-04c1-424b-9868-57a2d4851a1d" relativeResultsDirectory="0aaae918-a9f5-4717-8dca-7df215fced08">
      <Output>
        <DebugTrace>****************** http://52.13.174.6/sheeda/admin/api/startNewAdSession_2
****************** SELECT apps.package,apps.title,apps.companyID, apps.osID , users.userSignature, apps.appVersionCode, apps.appVersionName FROM apps 
 join users ON apps.companyID = users.companyID where apps.app_type = 'app' AND apps.sdkID &gt; 20 And users.isAdmin = 1 AND users.status = 1 ORDER BY companyID ASC
LIMIT 50



****************** 
****************** select adID from ads where ad_type != 'analytics';
****************** select adID from ads where ad_type != 'analytics' and ad_type ='interstitial'
****************** select adID from ads where ad_type != 'analytics' and ad_type ='banner'
****************** select adID from ads where ad_type != 'analytics' and ad_type ='native'
****************** select adID from ads where ad_type != 'analytics' and ad_type ='rewarded_video'
****************** SELECT sdkID, ver FROM `sdk_info` WHERE `description` LIKE '%mediation unity%' AND sdkID &gt; 2173 LIMIT 50
****************** 
****************** http://52.13.174.6/sheeda/admin/json/syncApp
****************** http://52.13.174.6/sheeda/admin/json/syncApp
****************** http://52.13.174.6/sheeda/admin/json/syncApp
****************** http://52.13.174.6/sheeda/admin/json/syncApp
****************** http://52.13.174.6/sheeda/admin/json/syncApp
****************** http://52.13.174.6/sheeda/admin/json/syncApp
****************** http://52.13.174.6/sheeda/admin/json/syncApp
****************** http://52.13.174.6/sheeda/admin/json/syncApp
Ads mediation queue value is set
child directed value is set
Sequences value is set
Is hide ads value is set
****************** http://52.13.174.6/sheeda/admin/json/syncApp
****************** http://52.13.174.6/sheeda/admin/json/syncApp
****************** http://52.13.174.6/sheeda/admin/json/syncApp
****************** http://52.13.174.6/sheeda/admin/json/syncApp
****************** http://52.13.174.6/sheeda/admin/json/syncApp
****************** http://52.13.174.6/sheeda/admin/json/syncApp
****************** http://52.13.174.6/sheeda/admin/json/syncApp
****************** http://52.13.174.6/sheeda/admin/json/syncApp
****************** http://52.13.174.6/sheeda/admin/json/syncApp
****************** http://52.13.174.6/sheeda/admin/json/syncApp
****************** http://52.13.174.6/sheeda/admin/json/syncApp
****************** http://52.13.174.6/sheeda/admin/json/syncApp
****************** http://52.13.174.6/sheeda/admin/json/syncApp
****************** http://52.13.174.6/sheeda/admin/json/syncApp
****************** http://52.13.174.6/sheeda/admin/json/syncApp
****************** http://52.13.174.6/sheeda/admin/json/syncApp
Ads mediation queue value is set
child directed value is set
Sequences value is set
Is hide ads value is set
****************** http://52.13.174.6/sheeda/admin/json/syncApp
****************** http://52.13.174.6/sheeda/admin/json/syncApp
Ads mediation queue value is set
child directed value is set
Sequences value is set
Is hide ads value is set
****************** http://52.13.174.6/sheeda/admin/json/syncApp
****************** http://52.13.174.6/sheeda/admin/json/syncApp
Ads mediation queue value is set
child directed value is set
Sequences value is set
Is hide ads value is set
****************** http://52.13.174.6/sheeda/admin/json/syncApp
****************** http://52.13.174.6/sheeda/admin/json/syncApp
****************** http://52.13.174.6/sheeda/admin/json/syncApp
****************** http://52.13.174.6/sheeda/admin/json/syncApp
Ads mediation queue value is set
child directed value is set
Sequences value is set
Is hide ads value is set
****************** http://52.13.174.6/sheeda/admin/json/syncApp
****************** http://52.13.174.6/sheeda/admin/json/syncApp
****************** http://52.13.174.6/sheeda/admin/json/syncApp
****************** http://52.13.174.6/sheeda/admin/json/syncApp
****************** http://52.13.174.6/sheeda/admin/json/syncApp
****************** http://52.13.174.6/sheeda/admin/json/syncApp
****************** http://52.13.174.6/sheeda/admin/json/syncApp
****************** http://52.13.174.6/sheeda/admin/json/syncApp
****************** http://52.13.174.6/sheeda/admin/json/syncApp
****************** http://52.13.174.6/sheeda/admin/json/syncApp
****************** http://52.13.174.6/sheeda/admin/json/syncApp
****************** http://52.13.174.6/sheeda/admin/json/syncApp
****************** http://52.13.174.6/sheeda/admin/json/syncApp
****************** http://52.13.174.6/sheeda/admin/json/syncApp
****************** http://52.13.174.6/sheeda/admin/json/syncApp
****************** http://52.13.174.6/sheeda/admin/json/syncApp
****************** http://52.13.174.6/sheeda/admin/json/syncApp
****************** http://52.13.174.6/sheeda/admin/json/syncApp
****************** http://52.13.174.6/sheeda/admin/json/syncApp
****************** http://52.13.174.6/sheeda/admin/json/syncApp
Ads mediation queue value is set
child directed value is set
Sequences value is set
Is hide ads value is set
****************** http://52.13.174.6/sheeda/admin/json/syncApp
****************** http://52.13.174.6/sheeda/admin/json/syncApp
Ads mediation queue value is set
child directed value is set
Sequences value is set
Is hide ads value is set
****************** http://52.13.174.6/sheeda/admin/json/syncApp
****************** http://52.13.174.6/sheeda/admin/json/syncApp
****************** http://52.13.174.6/sheeda/admin/json/syncApp
****************** http://52.13.174.6/sheeda/admin/json/syncApp
Ads mediation queue value is set
child directed value is set
Sequences value is set
Is hide ads value is set
****************** http://52.13.174.6/sheeda/admin/json/syncApp
****************** http://52.13.174.6/sheeda/admin/json/syncApp
****************** http://52.13.174.6/sheeda/admin/json/syncApp
****************** http://52.13.174.6/sheeda/admin/json/syncApp
Ads mediation queue value is set
child directed value is set
Sequences value is set
Is hide ads value is set
****************** http://52.13.174.6/sheeda/admin/json/syncApp
****************** http://52.13.174.6/sheeda/admin/json/syncApp
****************** http://52.13.174.6/sheeda/admin/json/syncApp
****************** http://52.13.174.6/sheeda/admin/json/syncApp
****************** http://52.13.174.6/sheeda/admin/json/syncApp
****************** http://52.13.174.6/sheeda/admin/json/syncApp
****************** http://52.13.174.6/sheeda/admin/json/syncApp
****************** http://52.13.174.6/sheeda/admin/json/syncApp
****************** http://52.13.174.6/sheeda/admin/json/syncApp
****************** http://52.13.174.6/sheeda/admin/json/syncApp
****************** http://52.13.174.6/sheeda/admin/json/syncApp
****************** http://52.13.174.6/sheeda/admin/json/syncApp
****************** http://52.13.174.6/sheeda/admin/json/syncApp
****************** http://52.13.174.6/sheeda/admin/json/syncApp
****************** http://52.13.174.6/sheeda/admin/json/syncApp
****************** http://52.13.174.6/sheeda/admin/json/syncApp
****************** http://52.13.174.6/sheeda/admin/json/syncApp
****************** http://52.13.174.6/sheeda/admin/json/syncApp
Ads mediation queue value is set
child directed value is set
Sequences value is set
Is hide ads value is set
****************** http://52.13.174.6/sheeda/admin/json/syncApp
****************** http://52.13.174.6/sheeda/admin/json/syncApp
****************** http://52.13.174.6/sheeda/admin/json/syncApp
****************** http://52.13.174.6/sheeda/admin/json/syncApp
****************** http://52.13.174.6/sheeda/admin/json/syncApp
****************** http://52.13.174.6/sheeda/admin/json/syncApp
****************** http://52.13.174.6/sheeda/admin/json/syncApp
****************** http://52.13.174.6/sheeda/admin/json/syncApp
****************** http://52.13.174.6/sheeda/admin/json/syncApp
****************** http://52.13.174.6/sheeda/admin/json/syncApp
****************** http://52.13.174.6/sheeda/admin/json/syncApp
****************** http://52.13.174.6/sheeda/admin/json/syncApp
****************** http://52.13.174.6/sheeda/admin/json/syncApp
****************** http://52.13.174.6/sheeda/admin/json/syncApp
****************** http://52.13.174.6/sheeda/admin/json/syncApp
****************** http://52.13.174.6/sheeda/admin/json/syncApp
****************** http://52.13.174.6/sheeda/admin/json/syncApp
****************** http://52.13.174.6/sheeda/admin/json/syncApp
Ads mediation queue value is set
child directed value is set
Sequences value is set
Is hide ads value is set
****************** http://52.13.174.6/sheeda/admin/json/syncApp
****************** http://52.13.174.6/sheeda/admin/json/syncApp
</DebugTrace>
      </Output>
    </UnitTestResult>
    <UnitTestResult executionId="979b58d8-494d-4f81-a814-951efab68c7d" testId="4d0749f1-2acf-bf6d-9151-b617319ecfaf" testName="F_SyncUserDeviceMainMethodCodeGenerator" computerName="DESKTOP-5AJ0SB3" duration="00:01:46.5679177" startTime="2021-01-27T13:17:06.9324694+05:00" endTime="2021-01-27T13:18:53.5089052+05:00" testType="13cdc9d9-ddb5-4fa4-a97d-d965ccfc6d4b" outcome="Passed" testListId="8c84fa94-04c1-424b-9868-57a2d4851a1d" relativeResultsDirectory="979b58d8-494d-4f81-a814-951efab68c7d">
      <Output>
        <DebugTrace>****************** http://52.13.174.6/sheeda/admin/analytics/syncUserDevice
****************** SELECT apps.package, apps.appID, apps.osID, apps.companyID, apps.sdkID, sdk_info.ver, apps.appVersionCode, apps.appVersionName FROM apps INNER JOIN sdk_info ON apps.sdkID = sdk_info.sdkID WHERE apps.sdkID &gt; 20 LIMIT 50
****************** 
****************** select adID from ads where ad_type != 'analytics';
****************** 
****************** http://52.13.174.6/sheeda/admin/analytics/syncUserDevice
AM mode is working fine
child directed value is set
Sequences value is set
Is hide ads value is set
Mediation mode value is set
Ads mediation queue value is set
Message value is completed
****************** http://52.13.174.6/sheeda/admin/analytics/syncUserDevice
{"package":"com.whitesand.farm.water.supply","appVersionCode":"","appVersionName":"","nativeApp":"0","store":"41","uniqueDeviceID":"6940","appID":"","deviceID":"","region":"","adsQueueEventStats ":[{"adID":"1","sceneID":"18"," request":"694"," impression":"694"," click":"694"}],"gssdkVersion":"2.0.3","sdkVersionID":"21","sdkVersion":"21","devMode":"0"}: message value is other then completed,http://52.13.174.6/sheeda/admin/analytics/syncUserDeviceapi is failed
****************** http://52.13.174.6/sheeda/admin/analytics/syncUserDevice
AM mode is working fine
Message value is completed
****************** http://52.13.174.6/sheeda/admin/analytics/syncUserDevice
AM mode is working fine
Message value is completed
****************** http://52.13.174.6/sheeda/admin/analytics/syncUserDevice
{"package":"com.rgs.sand.excavator.truck.simulator","appVersionCode":"","appVersionName":"","nativeApp":"0","store":"41","uniqueDeviceID":"2982","appID":"","deviceID":"","region":"","adsQueueEventStats ":[{"adID":"4","sceneID":"8"," request":"298"," impression":"298"," click":"298"}],"gssdkVersion":"3.2.2","sdkVersionID":"39","sdkVersion":"39","devMode":"0"}: message value is other then completed,http://52.13.174.6/sheeda/admin/analytics/syncUserDeviceapi is failed
****************** http://52.13.174.6/sheeda/admin/analytics/syncUserDevice
AM mode is working fine
Message value is completed
****************** http://52.13.174.6/sheeda/admin/analytics/syncUserDevice
{"package":"com.amazing.gamez.airplane.car.transporter.pilot","appVersionCode":"","appVersionName":"","nativeApp":"0","store":"41","uniqueDeviceID":"5501","appID":"","deviceID":"","region":"","adsQueueEventStats ":[{"adID":"6","sceneID":"14"," request":"550"," impression":"550"," click":"550"}],"gssdkVersion":"3.2.2","sdkVersionID":"39","sdkVersion":"39","devMode":"0"}: message value is other then completed,http://52.13.174.6/sheeda/admin/analytics/syncUserDeviceapi is failed
****************** http://52.13.174.6/sheeda/admin/analytics/syncUserDevice
{"package":"com.amazing.gamez.airplane.car.transporter.pilot","appVersionCode":"","appVersionName":"","nativeApp":"0","store":"43","uniqueDeviceID":"6516","appID":"","deviceID":"","region":"","adsQueueEventStats ":[{"adID":"7","sceneID":"17"," request":"651"," impression":"651"," click":"651"}],"gssdkVersion":"3.2.2","sdkVersionID":"39","sdkVersion":"39","devMode":"0"}: message value is other then completed,http://52.13.174.6/sheeda/admin/analytics/syncUserDeviceapi is failed
****************** http://52.13.174.6/sheeda/admin/analytics/syncUserDevice
{"package":"com.amazing.gamez.snow.plow.truck.simulator","appVersionCode":"","appVersionName":"","nativeApp":"0","store":"41","uniqueDeviceID":"5579","appID":"","deviceID":"","region":"","adsQueueEventStats ":[{"adID":"8","sceneID":"14"," request":"558"," impression":"558"," click":"558"}],"gssdkVersion":"3.2.2","sdkVersionID":"39","sdkVersion":"39","devMode":"0"}: message value is other then completed,http://52.13.174.6/sheeda/admin/analytics/syncUserDeviceapi is failed
****************** http://52.13.174.6/sheeda/admin/analytics/syncUserDevice
AM mode is working fine
Message value is completed
****************** http://52.13.174.6/sheeda/admin/analytics/syncUserDevice
{"package":"com.threed.sand.excavator.simulator","appVersionCode":"","appVersionName":"","nativeApp":"0","store":"41","uniqueDeviceID":"1163","appID":"","deviceID":"","region":"","adsQueueEventStats ":[{"adID":"10","sceneID":"3"," request":"117"," impression":"117"," click":"117"}],"gssdkVersion":"5.1.3-1","sdkVersionID":"2163","sdkVersion":"2163","devMode":"0"}: message value is other then completed,http://52.13.174.6/sheeda/admin/analytics/syncUserDeviceapi is failed
****************** http://52.13.174.6/sheeda/admin/analytics/syncUserDevice
{"package":"com.threed.sand.excavator.simulator","appVersionCode":"","appVersionName":"","nativeApp":"0","store":"43","uniqueDeviceID":"7509","appID":"","deviceID":"","region":"","adsQueueEventStats ":[{"adID":"11","sceneID":"19"," request":"751"," impression":"751"," click":"751"}],"gssdkVersion":"5.1.3","sdkVersionID":"2151","sdkVersion":"2151","devMode":"0"}: message value is other then completed,http://52.13.174.6/sheeda/admin/analytics/syncUserDeviceapi is failed
****************** http://52.13.174.6/sheeda/admin/analytics/syncUserDevice
AM mode is working fine
Message value is completed
****************** http://52.13.174.6/sheeda/admin/analytics/syncUserDevice
AM mode is working fine
Message value is completed
****************** http://52.13.174.6/sheeda/admin/analytics/syncUserDevice
{"package":"1.0","appVersionCode":"","appVersionName":"","nativeApp":"0","store":"42","uniqueDeviceID":"5711","appID":"","deviceID":"","region":"","adsQueueEventStats ":[{"adID":"15","sceneID":"15"," request":"571"," impression":"571"," click":"571"}],"gssdkVersion":"3.2.2","sdkVersionID":"39","sdkVersion":"39","devMode":"0"}: message value is other then completed,http://52.13.174.6/sheeda/admin/analytics/syncUserDeviceapi is failed
****************** http://52.13.174.6/sheeda/admin/analytics/syncUserDevice
{"package":"com.amazing.gamez.airplane.car.transporter.pilot","appVersionCode":"","appVersionName":"","nativeApp":"0","store":"42","uniqueDeviceID":"1743","appID":"","deviceID":"","region":"","adsQueueEventStats ":[{"adID":"18","sceneID":"5"," request":"175"," impression":"175"," click":"175"}],"gssdkVersion":"3.2.2","sdkVersionID":"39","sdkVersion":"39","devMode":"0"}: message value is other then completed,http://52.13.174.6/sheeda/admin/analytics/syncUserDeviceapi is failed
****************** http://52.13.174.6/sheeda/admin/analytics/syncUserDevice
{"package":"com.amazing.gamez.off.road.hill.climb","appVersionCode":"","appVersionName":"","nativeApp":"0","store":"41","uniqueDeviceID":"8089","appID":"","deviceID":"","region":"","adsQueueEventStats ":[{"adID":"19","sceneID":"21"," request":"809"," impression":"809"," click":"809"}],"gssdkVersion":"3.2.2","sdkVersionID":"39","sdkVersion":"39","devMode":"0"}: message value is other then completed,http://52.13.174.6/sheeda/admin/analytics/syncUserDeviceapi is failed
****************** http://52.13.174.6/sheeda/admin/analytics/syncUserDevice
{"package":"com.amazing.gamez.off.road.hill.climb","appVersionCode":"","appVersionName":"","nativeApp":"0","store":"43","uniqueDeviceID":"2484","appID":"","deviceID":"","region":"","adsQueueEventStats ":[{"adID":"20","sceneID":"7"," request":"249"," impression":"249"," click":"249"}],"gssdkVersion":"3.2.2","sdkVersionID":"39","sdkVersion":"39","devMode":"0"}: message value is other then completed,http://52.13.174.6/sheeda/admin/analytics/syncUserDeviceapi is failed
****************** http://52.13.174.6/sheeda/admin/analytics/syncUserDevice
{"package":"com.threed.horse.simulator","appVersionCode":"","appVersionName":"","nativeApp":"0","store":"41","uniqueDeviceID":"6530","appID":"","deviceID":"","region":"","adsQueueEventStats ":[{"adID":"21","sceneID":"17"," request":"653"," impression":"653"," click":"653"}],"gssdkVersion":"4.10.2","sdkVersionID":"2089","sdkVersion":"2089","devMode":"0"}: message value is other then completed,http://52.13.174.6/sheeda/admin/analytics/syncUserDeviceapi is failed
****************** http://52.13.174.6/sheeda/admin/analytics/syncUserDevice
AM mode is working fine
Message value is completed
****************** http://52.13.174.6/sheeda/admin/analytics/syncUserDevice
AM mode is working fine
Message value is completed
****************** http://52.13.174.6/sheeda/admin/analytics/syncUserDevice
AM mode is working fine
Message value is completed
****************** http://52.13.174.6/sheeda/admin/analytics/syncUserDevice
AM mode is working fine
Message value is completed
****************** http://52.13.174.6/sheeda/admin/analytics/syncUserDevice
{"package":"com.amazing.gamez.share.attack.survival.simulator","appVersionCode":"","appVersionName":"","nativeApp":"0","store":"42","uniqueDeviceID":"1505","appID":"","deviceID":"","region":"","adsQueueEventStats ":[{"adID":"26","sceneID":"4"," request":"151"," impression":"151"," click":"151"}],"gssdkVersion":"3.2.2","sdkVersionID":"39","sdkVersion":"39","devMode":"0"}: message value is other then completed,http://52.13.174.6/sheeda/admin/analytics/syncUserDeviceapi is failed
****************** http://52.13.174.6/sheeda/admin/analytics/syncUserDevice
{"package":"com.threed.wild.hungry.wolves","appVersionCode":"","appVersionName":"","nativeApp":"0","store":"41","uniqueDeviceID":"8931","appID":"","deviceID":"","region":"","adsQueueEventStats ":[{"adID":"27","sceneID":"23"," request":"893"," impression":"893"," click":"893"}],"gssdkVersion":"5.1.3-1","sdkVersionID":"2163","sdkVersion":"2163","devMode":"0"}: message value is other then completed,http://52.13.174.6/sheeda/admin/analytics/syncUserDeviceapi is failed
****************** http://52.13.174.6/sheeda/admin/analytics/syncUserDevice
{"package":"com.amazing.gamez.counter.terrorist.force","appVersionCode":"","appVersionName":"","nativeApp":"0","store":"41","uniqueDeviceID":"5485","appID":"","deviceID":"","region":"","adsQueueEventStats ":[{"adID":"28","sceneID":"14"," request":"548"," impression":"548"," click":"548"}],"gssdkVersion":"3.2.2","sdkVersionID":"39","sdkVersion":"39","devMode":"0"}: message value is other then completed,http://52.13.174.6/sheeda/admin/analytics/syncUserDeviceapi is failed
****************** http://52.13.174.6/sheeda/admin/analytics/syncUserDevice
AM mode is working fine
Message value is completed
****************** http://52.13.174.6/sheeda/admin/analytics/syncUserDevice
AM mode is working fine
Message value is completed
****************** http://52.13.174.6/sheeda/admin/analytics/syncUserDevice
AM mode is working fine
Message value is completed
****************** http://52.13.174.6/sheeda/admin/analytics/syncUserDevice
AM mode is working fine
Message value is completed
****************** http://52.13.174.6/sheeda/admin/analytics/syncUserDevice
AM mode is working fine
Message value is completed
****************** http://52.13.174.6/sheeda/admin/analytics/syncUserDevice
AM mode is working fine
Message value is completed
****************** http://52.13.174.6/sheeda/admin/analytics/syncUserDevice
AM mode is working fine
child directed value is set
Sequences value is set
Is hide ads value is set
Mediation mode value is set
Ads mediation queue value is set
Message value is completed
****************** http://52.13.174.6/sheeda/admin/analytics/syncUserDevice
AM mode is working fine
Message value is completed
****************** http://52.13.174.6/sheeda/admin/analytics/syncUserDevice
AM mode is working fine
Message value is completed
****************** http://52.13.174.6/sheeda/admin/analytics/syncUserDevice
AM mode is working fine
Message value is completed
****************** http://52.13.174.6/sheeda/admin/analytics/syncUserDevice
AM mode is working fine
Message value is completed
****************** http://52.13.174.6/sheeda/admin/analytics/syncUserDevice
AM mode is working fine
Message value is completed
****************** http://52.13.174.6/sheeda/admin/analytics/syncUserDevice
AM mode is working fine
Message value is completed
****************** http://52.13.174.6/sheeda/admin/analytics/syncUserDevice
AM mode is working fine
Message value is completed
****************** http://52.13.174.6/sheeda/admin/analytics/syncUserDevice
AM mode is working fine
Message value is completed
****************** http://52.13.174.6/sheeda/admin/analytics/syncUserDevice
AM mode is working fine
Message value is completed
****************** http://52.13.174.6/sheeda/admin/analytics/syncUserDevice
AM mode is working fine
Message value is completed
****************** http://52.13.174.6/sheeda/admin/analytics/syncUserDevice
AM mode is working fine
Message value is completed
****************** http://52.13.174.6/sheeda/admin/analytics/syncUserDevice
AM mode is working fine
Message value is completed
****************** http://52.13.174.6/sheeda/admin/analytics/syncUserDevice
AM mode is working fine
Message value is completed
****************** http://52.13.174.6/sheeda/admin/analytics/syncUserDevice
AM mode is working fine
Message value is completed
****************** http://52.13.174.6/sheeda/admin/analytics/syncUserDevice
AM mode is working fine
Message value is completed
****************** http://52.13.174.6/sheeda/admin/analytics/syncUserDevice
AM mode is working fine
Message value is completed
****************** http://52.13.174.6/sheeda/admin/analytics/syncUserDevice
AM mode is working fine
Message value is completed
</DebugTrace>
      </Output>
    </UnitTestResult>
  </Results>
</TestRun>