<?xml version="1.0" encoding="UTF-8"?>
<TestRun id="db224394-927c-4873-990f-8b90d7e96c5c" name="SYSTEM@DESKTOP-5AJ0SB3 2020-12-31 12:12:37" runUser="NT AUTHORITY\SYSTEM" xmlns="http://microsoft.com/schemas/VisualStudio/TeamTest/2010">
  <TestSettings name="Default Test Settings" id="5200552b-89af-4f6e-9678-b4d66d6ad051">
    <Deployment userDeploymentRoot="E:\Automation\Automation_API_Windows\Monetization_Automation\Monetization_Automation\Monetization_Automation\AutomationAPIExecutionResultsFiles" useDefaultDeploymentRoot="false" runDeploymentRoot="SYSTEM_DESKTOP-5AJ0SB3 2020-12-31 12_12_37" />
    <Execution>
      <TestTypeSpecific />
      <AgentRule name="Execution Agents">
      </AgentRule>
    </Execution>
    <Properties />
  </TestSettings>
  <Times creation="2020-12-31T12:12:37.0765352+05:00" queuing="2020-12-31T12:12:59.3718347+05:00" start="2020-12-31T12:12:59.5436982+05:00" finish="2020-12-31T12:25:14.7210782+05:00" />
  <ResultSummary outcome="Warning">
    <Counters total="7" executed="7" passed="7" error="0" failed="0" timeout="0" aborted="0" inconclusive="0" passedButRunAborted="0" notRunnable="0" notExecuted="0" disconnected="0" warning="0" completed="0" inProgress="0" pending="0" />
    <RunInfos>
      <RunInfo computerName="DESKTOP-5AJ0SB3" outcome="Warning" timestamp="2020-12-31T12:12:59.3406559+05:00">
        <Text>Warning: conflict during test run deployment: deployment item 'E:\Automation\Automation_API_Windows\Monetization_Automation\Monetization_Automation\Monetization_Automation\Monetization_Automation.Utils\Monetization_Automation.Utils\bin\Debug\Monetization_Automation.Utils.dll' specified by the test 'Monetization_Automation.Test.F_SyncAppUnityAPIInputGenerator.G_SyncAppunityMainMethodCodeGenerator' cannot be deployed to 'Google.Protobuf.dll' because otherwise the file 'E:\Automation\Automation_API_Windows\Monetization_Automation\Monetization_Automation\Monetization_Automation\Monetization_Automation.Utils\Monetization_Automation.Utils\bin\Debug\Google.Protobuf.dll' would overwrite deployment item 'e:\automation\automation_api_windows\monetization_automation\monetization_automation\monetization_automation\testingapi\bin\debug\Google.Protobuf.dll' directly or indirectly referenced by the test container 'e:\automation\automation_api_windows\monetization_automation\monetization_automation\monetization_automation\testingapi\bin\debug\monetization_automation.test.dll'.</Text>
      </RunInfo>
      <RunInfo computerName="DESKTOP-5AJ0SB3" outcome="Warning" timestamp="2020-12-31T12:12:59.3406559+05:00">
        <Text>Warning: conflict during test run deployment: deployment item 'E:\Automation\Automation_API_Windows\Monetization_Automation\Monetization_Automation\Monetization_Automation\Monetization_Automation.Utils\Monetization_Automation.Utils\bin\Debug\Monetization_Automation.Utils.dll' specified by the test 'Monetization_Automation.Test.F_SyncAppUnityAPIInputGenerator.G_SyncAppunityMainMethodCodeGenerator' cannot be deployed to 'K4os.Compression.LZ4.Streams.dll' because otherwise the file 'E:\Automation\Automation_API_Windows\Monetization_Automation\Monetization_Automation\Monetization_Automation\Monetization_Automation.Utils\Monetization_Automation.Utils\bin\Debug\K4os.Compression.LZ4.Streams.dll' would overwrite deployment item 'e:\automation\automation_api_windows\monetization_automation\monetization_automation\monetization_automation\testingapi\bin\debug\K4os.Compression.LZ4.Streams.dll' directly or indirectly referenced by the test container 'e:\automation\automation_api_windows\monetization_automation\monetization_automation\monetization_automation\testingapi\bin\debug\monetization_automation.test.dll'.</Text>
      </RunInfo>
      <RunInfo computerName="DESKTOP-5AJ0SB3" outcome="Warning" timestamp="2020-12-31T12:12:59.3406559+05:00">
        <Text>Warning: conflict during test run deployment: deployment item 'E:\Automation\Automation_API_Windows\Monetization_Automation\Monetization_Automation\Monetization_Automation\Monetization_Automation.Utils\Monetization_Automation.Utils\bin\Debug\Monetization_Automation.Utils.dll' specified by the test 'Monetization_Automation.Test.F_SyncAppUnityAPIInputGenerator.G_SyncAppunityMainMethodCodeGenerator' cannot be deployed to 'K4os.Compression.LZ4.dll' because otherwise the file 'E:\Automation\Automation_API_Windows\Monetization_Automation\Monetization_Automation\Monetization_Automation\Monetization_Automation.Utils\Monetization_Automation.Utils\bin\Debug\K4os.Compression.LZ4.dll' would overwrite deployment item 'e:\automation\automation_api_windows\monetization_automation\monetization_automation\monetization_automation\testingapi\bin\debug\K4os.Compression.LZ4.dll' directly or indirectly referenced by the test container 'e:\automation\automation_api_windows\monetization_automation\monetization_automation\monetization_automation\testingapi\bin\debug\monetization_automation.test.dll'.</Text>
      </RunInfo>
      <RunInfo computerName="DESKTOP-5AJ0SB3" outcome="Warning" timestamp="2020-12-31T12:12:59.3406559+05:00">
        <Text>Warning: conflict during test run deployment: deployment item 'E:\Automation\Automation_API_Windows\Monetization_Automation\Monetization_Automation\Monetization_Automation\Monetization_Automation.Utils\Monetization_Automation.Utils\bin\Debug\Monetization_Automation.Utils.dll' specified by the test 'Monetization_Automation.Test.F_SyncAppUnityAPIInputGenerator.G_SyncAppunityMainMethodCodeGenerator' cannot be deployed to 'System.Memory.dll' because otherwise the file 'E:\Automation\Automation_API_Windows\Monetization_Automation\Monetization_Automation\Monetization_Automation\Monetization_Automation.Utils\Monetization_Automation.Utils\bin\Debug\System.Memory.dll' would overwrite deployment item 'e:\automation\automation_api_windows\monetization_automation\monetization_automation\monetization_automation\testingapi\bin\debug\System.Memory.dll' directly or indirectly referenced by the test container 'e:\automation\automation_api_windows\monetization_automation\monetization_automation\monetization_automation\testingapi\bin\debug\monetization_automation.test.dll'.</Text>
      </RunInfo>
      <RunInfo computerName="DESKTOP-5AJ0SB3" outcome="Warning" timestamp="2020-12-31T12:12:59.3406559+05:00">
        <Text>Warning: conflict during test run deployment: deployment item 'E:\Automation\Automation_API_Windows\Monetization_Automation\Monetization_Automation\Monetization_Automation\Monetization_Automation.Utils\Monetization_Automation.Utils\bin\Debug\Monetization_Automation.Utils.dll' specified by the test 'Monetization_Automation.Test.F_SyncAppUnityAPIInputGenerator.G_SyncAppunityMainMethodCodeGenerator' cannot be deployed to 'System.Numerics.Vectors.dll' because otherwise the file 'E:\Automation\Automation_API_Windows\Monetization_Automation\Monetization_Automation\Monetization_Automation\Monetization_Automation.Utils\Monetization_Automation.Utils\bin\Debug\System.Numerics.Vectors.dll' would overwrite deployment item 'e:\automation\automation_api_windows\monetization_automation\monetization_automation\monetization_automation\testingapi\bin\debug\System.Numerics.Vectors.dll' directly or indirectly referenced by the test container 'e:\automation\automation_api_windows\monetization_automation\monetization_automation\monetization_automation\testingapi\bin\debug\monetization_automation.test.dll'.</Text>
      </RunInfo>
      <RunInfo computerName="DESKTOP-5AJ0SB3" outcome="Warning" timestamp="2020-12-31T12:12:59.3406559+05:00">
        <Text>Warning: conflict during test run deployment: deployment item 'E:\Automation\Automation_API_Windows\Monetization_Automation\Monetization_Automation\Monetization_Automation\Monetization_Automation.Utils\Monetization_Automation.Utils\bin\Debug\Monetization_Automation.Utils.dll' specified by the test 'Monetization_Automation.Test.F_SyncAppUnityAPIInputGenerator.G_SyncAppunityMainMethodCodeGenerator' cannot be deployed to 'BouncyCastle.Crypto.dll' because otherwise the file 'E:\Automation\Automation_API_Windows\Monetization_Automation\Monetization_Automation\Monetization_Automation\Monetization_Automation.Utils\Monetization_Automation.Utils\bin\Debug\BouncyCastle.Crypto.dll' would overwrite deployment item 'e:\automation\automation_api_windows\monetization_automation\monetization_automation\monetization_automation\testingapi\bin\debug\BouncyCastle.Crypto.dll' directly or indirectly referenced by the test container 'e:\automation\automation_api_windows\monetization_automation\monetization_automation\monetization_automation\testingapi\bin\debug\monetization_automation.test.dll'.</Text>
      </RunInfo>
      <RunInfo computerName="DESKTOP-5AJ0SB3" outcome="Warning" timestamp="2020-12-31T12:12:59.3406559+05:00">
        <Text>Warning: Test Run deployment issue: The assembly or module 'office' directly or indirectly referenced by the test container 'e:\automation\automation_api_windows\monetization_automation\monetization_automation\monetization_automation\testingapi\bin\debug\monetization_automation.test.dll' was not found.</Text>
      </RunInfo>
      <RunInfo computerName="DESKTOP-5AJ0SB3" outcome="Warning" timestamp="2020-12-31T12:12:59.3406559+05:00">
        <Text>Warning: Test Run deployment issue: The assembly or module 'Microsoft.Vbe.Interop' directly or indirectly referenced by the test container 'e:\automation\automation_api_windows\monetization_automation\monetization_automation\monetization_automation\testingapi\bin\debug\monetization_automation.test.dll' was not found.</Text>
      </RunInfo>
      <RunInfo computerName="DESKTOP-5AJ0SB3" outcome="Warning" timestamp="2020-12-31T12:12:59.3406559+05:00">
        <Text>Warning: Test Run deployment issue: The assembly or module 'System.Memory' directly or indirectly referenced by deployment item 'E:\Automation\Automation_API_Windows\Monetization_Automation\Monetization_Automation\Monetization_Automation\Monetization_Automation.Utils\Monetization_Automation.Utils\bin\Debug\Monetization_Automation.Utils.dll' specified by the test 'Monetization_Automation.Test.F_SyncAppUnityAPIInputGenerator.G_SyncAppunityMainMethodCodeGenerator' was not found.</Text>
      </RunInfo>
      <RunInfo computerName="DESKTOP-5AJ0SB3" outcome="Warning" timestamp="2020-12-31T12:12:59.3406559+05:00">
        <Text>Warning: Test Run deployment issue: The assembly or module 'System.Runtime.CompilerServices.Unsafe' directly or indirectly referenced by deployment item 'E:\Automation\Automation_API_Windows\Monetization_Automation\Monetization_Automation\Monetization_Automation\Monetization_Automation.Utils\Monetization_Automation.Utils\bin\Debug\Monetization_Automation.Utils.dll' specified by the test 'Monetization_Automation.Test.F_SyncAppUnityAPIInputGenerator.G_SyncAppunityMainMethodCodeGenerator' was not found.</Text>
      </RunInfo>
      <RunInfo computerName="DESKTOP-5AJ0SB3" outcome="Warning" timestamp="2020-12-31T12:12:59.3406559+05:00">
        <Text>Warning: Test Run deployment issue: The assembly or module 'System.Buffers' directly or indirectly referenced by deployment item 'E:\Automation\Automation_API_Windows\Monetization_Automation\Monetization_Automation\Monetization_Automation\Monetization_Automation.Utils\Monetization_Automation.Utils\bin\Debug\Monetization_Automation.Utils.dll' specified by the test 'Monetization_Automation.Test.F_SyncAppUnityAPIInputGenerator.G_SyncAppunityMainMethodCodeGenerator' was not found.</Text>
      </RunInfo>
    </RunInfos>
  </ResultSummary>
  <TestDefinitions>
    <UnitTest name="G_SyncAppunityMainMethodCodeGenerator" storage="e:\automation\automation_api_windows\monetization_automation\monetization_automation\monetization_automation\testingapi\bin\debug\monetization_automation.test.dll" id="f70c910a-cc07-24cb-0d1c-bc2c00fc396f">
      <DeploymentItems>
        <DeploymentItem filename="E:\Automation\Automation_API_Windows\Monetization_Automation\Monetization_Automation\Monetization_Automation\Monetization_Automation.Utils\Monetization_Automation.Utils\bin\Debug\Monetization_Automation.Utils.dll" />
      </DeploymentItems>
      <Execution id="6093423d-8b08-42e3-941f-35d101f857ab" />
      <TestMethod codeBase="E:/Automation/Automation_API_Windows/Monetization_Automation/Monetization_Automation/Monetization_Automation/TestingAPI/bin/Debug/Monetization_Automation.Test.DLL" adapterTypeName="Microsoft.VisualStudio.TestTools.TestTypes.Unit.UnitTestAdapter, Microsoft.VisualStudio.QualityTools.Tips.UnitTest.Adapter, Version=16.0.0.0, Culture=neutral, PublicKeyToken=b03f5f7f11d50a3a" className="Monetization_Automation.Test.F_SyncAppUnityAPIInputGenerator, Monetization_Automation.Test, Version=1.0.0.0, Culture=neutral, PublicKeyToken=null" name="G_SyncAppunityMainMethodCodeGenerator" />
    </UnitTest>
    <UnitTest name="B_CampaignLogSummaryMainMethodCodeGenerator" storage="e:\automation\automation_api_windows\monetization_automation\monetization_automation\monetization_automation\testingapi\bin\debug\monetization_automation.test.dll" id="04151d7f-9c61-1489-4cc0-5cc1dc07baee">
      <DeploymentItems>
        <DeploymentItem filename="E:\Automation\Automation_API_Windows\Monetization_Automation\Monetization_Automation\Monetization_Automation\Monetization_Automation.Utils\Monetization_Automation.Utils\bin\Debug\Monetization_Automation.Utils.dll" />
      </DeploymentItems>
      <Execution id="422002a2-4a79-4475-87b8-1539f6a2c7e8" />
      <TestMethod codeBase="E:/Automation/Automation_API_Windows/Monetization_Automation/Monetization_Automation/Monetization_Automation/TestingAPI/bin/Debug/Monetization_Automation.Test.DLL" adapterTypeName="Microsoft.VisualStudio.TestTools.TestTypes.Unit.UnitTestAdapter, Microsoft.VisualStudio.QualityTools.Tips.UnitTest.Adapter, Version=16.0.0.0, Culture=neutral, PublicKeyToken=b03f5f7f11d50a3a" className="Monetization_Automation.Test.B_CampaignLogSummaryAPIInputGenerator, Monetization_Automation.Test, Version=1.0.0.0, Culture=neutral, PublicKeyToken=null" name="B_CampaignLogSummaryMainMethodCodeGenerator" />
    </UnitTest>
    <UnitTest name="E_StartNewAdSessionMainInputGenerator" storage="e:\automation\automation_api_windows\monetization_automation\monetization_automation\monetization_automation\testingapi\bin\debug\monetization_automation.test.dll" id="bfc1b289-dbbb-3bad-fc5e-78e601449e19">
      <DeploymentItems>
        <DeploymentItem filename="E:\Automation\Automation_API_Windows\Monetization_Automation\Monetization_Automation\Monetization_Automation\Monetization_Automation.Utils\Monetization_Automation.Utils\bin\Debug\Monetization_Automation.Utils.dll" />
      </DeploymentItems>
      <Execution id="48199889-807d-4f1d-ad7b-7f18754b5284" />
      <TestMethod codeBase="E:/Automation/Automation_API_Windows/Monetization_Automation/Monetization_Automation/Monetization_Automation/TestingAPI/bin/Debug/Monetization_Automation.Test.DLL" adapterTypeName="Microsoft.VisualStudio.TestTools.TestTypes.Unit.UnitTestAdapter, Microsoft.VisualStudio.QualityTools.Tips.UnitTest.Adapter, Version=16.0.0.0, Culture=neutral, PublicKeyToken=b03f5f7f11d50a3a" className="Monetization_Automation.Test.E_StartNewAdSessionInputGenerator, Monetization_Automation.Test, Version=1.0.0.0, Culture=neutral, PublicKeyToken=null" name="E_StartNewAdSessionMainInputGenerator" />
    </UnitTest>
    <UnitTest name="A_SyncAppNativeMainMethodInputGenerator" storage="e:\automation\automation_api_windows\monetization_automation\monetization_automation\monetization_automation\testingapi\bin\debug\monetization_automation.test.dll" id="b1df3d41-c071-e99d-12ca-f9fb92f1350c">
      <DeploymentItems>
        <DeploymentItem filename="E:\Automation\Automation_API_Windows\Monetization_Automation\Monetization_Automation\Monetization_Automation\Monetization_Automation.Utils\Monetization_Automation.Utils\bin\Debug\Monetization_Automation.Utils.dll" />
      </DeploymentItems>
      <Execution id="5ba55af7-a8f7-40a0-8760-737d32bc8490" />
      <TestMethod codeBase="E:/Automation/Automation_API_Windows/Monetization_Automation/Monetization_Automation/Monetization_Automation/TestingAPI/bin/Debug/Monetization_Automation.Test.DLL" adapterTypeName="Microsoft.VisualStudio.TestTools.TestTypes.Unit.UnitTestAdapter, Microsoft.VisualStudio.QualityTools.Tips.UnitTest.Adapter, Version=16.0.0.0, Culture=neutral, PublicKeyToken=b03f5f7f11d50a3a" className="Monetization_Automation.Test.A_SyncAppNativeAPIInputGenerator, Monetization_Automation.Test, Version=1.0.0.0, Culture=neutral, PublicKeyToken=null" name="A_SyncAppNativeMainMethodInputGenerator" />
    </UnitTest>
    <UnitTest name="D_SaveNetworkrStatsMainMethodCodeGenerator" storage="e:\automation\automation_api_windows\monetization_automation\monetization_automation\monetization_automation\testingapi\bin\debug\monetization_automation.test.dll" id="20f0da05-06f5-50cc-bee5-9ac7cf561794">
      <DeploymentItems>
        <DeploymentItem filename="E:\Automation\Automation_API_Windows\Monetization_Automation\Monetization_Automation\Monetization_Automation\Monetization_Automation.Utils\Monetization_Automation.Utils\bin\Debug\Monetization_Automation.Utils.dll" />
      </DeploymentItems>
      <Execution id="b6825322-4a72-4e4c-b5a8-66cc09673b97" />
      <TestMethod codeBase="E:/Automation/Automation_API_Windows/Monetization_Automation/Monetization_Automation/Monetization_Automation/TestingAPI/bin/Debug/Monetization_Automation.Test.DLL" adapterTypeName="Microsoft.VisualStudio.TestTools.TestTypes.Unit.UnitTestAdapter, Microsoft.VisualStudio.QualityTools.Tips.UnitTest.Adapter, Version=16.0.0.0, Culture=neutral, PublicKeyToken=b03f5f7f11d50a3a" className="Monetization_Automation.Test.D_SaveNetworkrStatsAPIInputGenerator, Monetization_Automation.Test, Version=1.0.0.0, Culture=neutral, PublicKeyToken=null" name="D_SaveNetworkrStatsMainMethodCodeGenerator" />
    </UnitTest>
    <UnitTest name="C_RecordClicksFromDeviceMainMethodCodeGenerator" storage="e:\automation\automation_api_windows\monetization_automation\monetization_automation\monetization_automation\testingapi\bin\debug\monetization_automation.test.dll" id="d249d328-6d44-2c2d-6ed9-e0b5d6f69772">
      <DeploymentItems>
        <DeploymentItem filename="E:\Automation\Automation_API_Windows\Monetization_Automation\Monetization_Automation\Monetization_Automation\Monetization_Automation.Utils\Monetization_Automation.Utils\bin\Debug\Monetization_Automation.Utils.dll" />
      </DeploymentItems>
      <Execution id="f24f68bb-bb4a-4160-997d-31e26efbe0ce" />
      <TestMethod codeBase="E:/Automation/Automation_API_Windows/Monetization_Automation/Monetization_Automation/Monetization_Automation/TestingAPI/bin/Debug/Monetization_Automation.Test.DLL" adapterTypeName="Microsoft.VisualStudio.TestTools.TestTypes.Unit.UnitTestAdapter, Microsoft.VisualStudio.QualityTools.Tips.UnitTest.Adapter, Version=16.0.0.0, Culture=neutral, PublicKeyToken=b03f5f7f11d50a3a" className="Monetization_Automation.Test.C_RecordClicksFromDeviceInputGenerator, Monetization_Automation.Test, Version=1.0.0.0, Culture=neutral, PublicKeyToken=null" name="C_RecordClicksFromDeviceMainMethodCodeGenerator" />
    </UnitTest>
    <UnitTest name="F_SyncUserDeviceMainMethodCodeGenerator" storage="e:\automation\automation_api_windows\monetization_automation\monetization_automation\monetization_automation\testingapi\bin\debug\monetization_automation.test.dll" id="4d0749f1-2acf-bf6d-9151-b617319ecfaf">
      <DeploymentItems>
        <DeploymentItem filename="E:\Automation\Automation_API_Windows\Monetization_Automation\Monetization_Automation\Monetization_Automation\Monetization_Automation.Utils\Monetization_Automation.Utils\bin\Debug\Monetization_Automation.Utils.dll" />
      </DeploymentItems>
      <Execution id="d2822ea3-5f36-4169-a7ef-be60ec38ff4f" />
      <TestMethod codeBase="E:/Automation/Automation_API_Windows/Monetization_Automation/Monetization_Automation/Monetization_Automation/TestingAPI/bin/Debug/Monetization_Automation.Test.DLL" adapterTypeName="Microsoft.VisualStudio.TestTools.TestTypes.Unit.UnitTestAdapter, Microsoft.VisualStudio.QualityTools.Tips.UnitTest.Adapter, Version=16.0.0.0, Culture=neutral, PublicKeyToken=b03f5f7f11d50a3a" className="Monetization_Automation.Test.G_SyncUserDeviceAPIInputGenerator, Monetization_Automation.Test, Version=1.0.0.0, Culture=neutral, PublicKeyToken=null" name="F_SyncUserDeviceMainMethodCodeGenerator" />
    </UnitTest>
  </TestDefinitions>
  <TestLists>
    <TestList name="Results Not in a List" id="8c84fa94-04c1-424b-9868-57a2d4851a1d" />
    <TestList name="All Loaded Results" id="19431567-8539-422a-85d7-44ee4e166bda" />
  </TestLists>
  <TestEntries>
    <TestEntry testId="b1df3d41-c071-e99d-12ca-f9fb92f1350c" executionId="5ba55af7-a8f7-40a0-8760-737d32bc8490" testListId="8c84fa94-04c1-424b-9868-57a2d4851a1d" />
    <TestEntry testId="04151d7f-9c61-1489-4cc0-5cc1dc07baee" executionId="422002a2-4a79-4475-87b8-1539f6a2c7e8" testListId="8c84fa94-04c1-424b-9868-57a2d4851a1d" />
    <TestEntry testId="d249d328-6d44-2c2d-6ed9-e0b5d6f69772" executionId="f24f68bb-bb4a-4160-997d-31e26efbe0ce" testListId="8c84fa94-04c1-424b-9868-57a2d4851a1d" />
    <TestEntry testId="20f0da05-06f5-50cc-bee5-9ac7cf561794" executionId="b6825322-4a72-4e4c-b5a8-66cc09673b97" testListId="8c84fa94-04c1-424b-9868-57a2d4851a1d" />
    <TestEntry testId="bfc1b289-dbbb-3bad-fc5e-78e601449e19" executionId="48199889-807d-4f1d-ad7b-7f18754b5284" testListId="8c84fa94-04c1-424b-9868-57a2d4851a1d" />
    <TestEntry testId="f70c910a-cc07-24cb-0d1c-bc2c00fc396f" executionId="6093423d-8b08-42e3-941f-35d101f857ab" testListId="8c84fa94-04c1-424b-9868-57a2d4851a1d" />
    <TestEntry testId="4d0749f1-2acf-bf6d-9151-b617319ecfaf" executionId="d2822ea3-5f36-4169-a7ef-be60ec38ff4f" testListId="8c84fa94-04c1-424b-9868-57a2d4851a1d" />
  </TestEntries>
  <Results>
    <UnitTestResult executionId="5ba55af7-a8f7-40a0-8760-737d32bc8490" testId="b1df3d41-c071-e99d-12ca-f9fb92f1350c" testName="A_SyncAppNativeMainMethodInputGenerator" computerName="DESKTOP-5AJ0SB3" duration="00:01:55.5753473" startTime="2020-12-31T12:12:59.6843098+05:00" endTime="2020-12-31T12:15:04.9652673+05:00" testType="13cdc9d9-ddb5-4fa4-a97d-d965ccfc6d4b" outcome="Passed" testListId="8c84fa94-04c1-424b-9868-57a2d4851a1d" relativeResultsDirectory="5ba55af7-a8f7-40a0-8760-737d32bc8490">
      <Output>
        <DebugTrace>****************** http://52.13.174.6/sheeda/admin/json/syncApp
****************** 
SELECT apps.package, apps.osID, apps.companyID, users.userSignature, apps.appVersionCode, apps.appVersionName
FROM apps JOIN users ON apps.companyID = users.companyID
WHERE apps.sdkID &gt; 20 AND apps.app_type = 'app' AND users.isAdmin = 1 AND users. STATUS = 1 ORDER BY companyID ASC
LIMIT 50
****************** 
****************** SELECT sdkID, ver FROM `sdk_info` WHERE `description` LIKE '%Native mediation%' AND sdkID &gt; 2173 LIMIT 50
****************** 
****************** select adID from ads where ad_type != 'analytics' and ad_type ='interstitial'
****************** select adID from ads where ad_type != 'analytics' and ad_type ='banner'
****************** select adID from ads where ad_type != 'analytics' and ad_type ='native'
****************** select adID from ads where ad_type != 'analytics' and ad_type ='rewarded_video'
Ads mediation queue value is set
Mediation mode value is set
child directed value is set
Sequences value is set
Is hide ads value is set
Ads mediation queue value is set
Mediation mode value is set
child directed value is set
Sequences value is set
Is hide ads value is set
Ads mediation queue value is set
Mediation mode value is set
child directed value is set
Sequences value is set
Is hide ads value is set
Ads mediation queue value is set
Mediation mode value is set
child directed value is set
Sequences value is set
Is hide ads value is set
Ads mediation queue value is set
Mediation mode value is set
child directed value is set
Sequences value is set
Is hide ads value is set
Ads mediation queue value is set
Mediation mode value is set
child directed value is set
Sequences value is set
Is hide ads value is set
Ads mediation queue value is set
Mediation mode value is set
child directed value is set
Sequences value is set
Is hide ads value is set
Ads mediation queue value is set
Mediation mode value is set
child directed value is set
Sequences value is set
Is hide ads value is set
Ads mediation queue value is set
Mediation mode value is set
child directed value is set
Sequences value is set
Is hide ads value is set
Ads mediation queue value is set
Mediation mode value is set
child directed value is set
Sequences value is set
Is hide ads value is set
Ads mediation queue value is set
Mediation mode value is set
child directed value is set
Sequences value is set
Is hide ads value is set
Ads mediation queue value is set
Mediation mode value is set
child directed value is set
Sequences value is set
Is hide ads value is set
Ads mediation queue value is set
Mediation mode value is set
child directed value is set
Sequences value is set
Is hide ads value is set
Ads mediation queue value is set
Mediation mode value is set
child directed value is set
Sequences value is set
Is hide ads value is set
Ads mediation queue value is set
Mediation mode value is set
child directed value is set
Sequences value is set
Is hide ads value is set
Ads mediation queue value is set
Mediation mode value is set
child directed value is set
Sequences value is set
Is hide ads value is set
Ads mediation queue value is set
Mediation mode value is set
child directed value is set
Sequences value is set
Is hide ads value is set
Ads mediation queue value is set
Mediation mode value is set
child directed value is set
Sequences value is set
Is hide ads value is set
Ads mediation queue value is set
Mediation mode value is set
child directed value is set
Sequences value is set
Is hide ads value is set
Ads mediation queue value is set
Mediation mode value is set
child directed value is set
Sequences value is set
Is hide ads value is set
Ads mediation queue value is set
Mediation mode value is set
child directed value is set
Sequences value is set
Is hide ads value is set
Ads mediation queue value is set
Mediation mode value is set
child directed value is set
Sequences value is set
Is hide ads value is set
Ads mediation queue value is set
Mediation mode value is set
child directed value is set
Sequences value is set
Is hide ads value is set
Ads mediation queue value is set
Mediation mode value is set
child directed value is set
Sequences value is set
Is hide ads value is set
</DebugTrace>
      </Output>
    </UnitTestResult>
    <UnitTestResult executionId="422002a2-4a79-4475-87b8-1539f6a2c7e8" testId="04151d7f-9c61-1489-4cc0-5cc1dc07baee" testName="B_CampaignLogSummaryMainMethodCodeGenerator" computerName="DESKTOP-5AJ0SB3" duration="00:02:09.6472986" startTime="2020-12-31T12:15:04.9712639+05:00" endTime="2020-12-31T12:17:14.6352450+05:00" testType="13cdc9d9-ddb5-4fa4-a97d-d965ccfc6d4b" outcome="Passed" testListId="8c84fa94-04c1-424b-9868-57a2d4851a1d" relativeResultsDirectory="422002a2-4a79-4475-87b8-1539f6a2c7e8">
      <Output>
        <DebugTrace>****************** SELECT apps.appKey, campaigns.campaignID, apps.package, apps.sdkID, apps.companyID, apps.osID FROM apps INNER JOIN campaigns ON apps.appID = campaigns.appID WHERE apps.sdkID &gt; 20 AND apps.appKey != '' AND campaigns.campaignID NOT IN (0 ,- 1 ,- 2 ,- 3 ,- 4 ,- 5) LIMIT 50

****************** 

{"appKey":"87749f0a5e72d3c88e3f0a2ceae0e8ad","deviceID":"5683","stats":[{"campaignID":47,"packageID":"com.mizo.city.ambulance","sceneStats":[{"sceneID":"15","eventStats":"357,257,157,57,57,0,0"}]}],"sdkVersion":"2056","sessionToken":"vhRDZd5MK+4lIH8X/mNh9q3AWhAF6oQpsHzkSChxcELpqKx6kQxk3RdbBSxO0WdoUKHfmD2btxDbDaOk1jW1lp611h8JJ+FxRc8NQutzk0X7xTjJHvfIKjdMGZMp8Lax"}
cache_ttl value is correct

Refresh Ad Rate value is correct
mode value is set

 Aspect ratio value is correct
sentry_log value is set
local_logging value is set
sentry_initialization value is set
sentry_debugging value is set
showPreRewardedDialogue value is set
showPostRewardedDialogue value is set
isSkipable value is set
{"cache_ttl":10080,"cache_ttl_rewarded":10080,"cache_ttl_banner":10080,"cache_ttl_native":10080,"cache_ttl_icon":10080,"refreshAdRate":30,"mode":"Production","aspectRatio":"4_3","cdnPath":"https:\/\/df8ymybeo92md.cloudfront.net\/images\/","sentry_log":0,"local_logging":0,"sentry_dsn":"https:\/\/93ffa1c9a4124f67b8888a53265f751a:bbf998e04584477fa9a145838e9d3b26@sentry.io\/168994","sentry_initialization":1,"sentry_debugging":0,"bannerSizes":[],"aspectRatioVideo":"16_9","app_id":"1035","showPreRewardedDialogue":0,"showPostRewardedDialogue":0,"rewardCurrency":"coins","rewardValue":0,"isSkipable":0,"privacyPolicyURL":"https:\/\/www.consoliads.com\/privacy-policy\/","sessionToken":"G48aLuvHmG7OsLaR1SFXqXJVyX6KUDcTrbdiyAQvy+phP2+J9TGPp22u8TIXA2FNOJ04yXsi+yAsEe9\/EBSecAwzBlYk3OdtGaplj30YtOgKdfm3+8QHVQdMIlGAtBwVflyjmoA+UUbMnOlLrReSAfKdHdJR2Umb+CXCZNvVtiA="}
Session token value is set


{"appKey":"03a90424d48d01cab7124698a3b141c5","deviceID":"2554","stats":[{"campaignID":48,"packageID":"com.mizo.construction.crane.hill.climb","sceneStats":[{"sceneID":"7","eventStats":"326,226,126,26,26,0,0"}]}],"sdkVersion":"39","sessionToken":"G48aLuvHmG7OsLaR1SFXqXJVyX6KUDcTrbdiyAQvy+phP2+J9TGPp22u8TIXA2FNOJ04yXsi+yAsEe9\/EBSecAwzBlYk3OdtGaplj30YtOgKdfm3+8QHVQdMIlGAtBwVflyjmoA+UUbMnOlLrReSAfKdHdJR2Umb+CXCZNvVtiA="}
cache_ttl value is correct

Refresh Ad Rate value is correct
mode value is set

 Aspect ratio value is correct
sentry_log value is set
local_logging value is set
sentry_initialization value is set
sentry_debugging value is set
showPreRewardedDialogue value is set
showPostRewardedDialogue value is set
isSkipable value is set
{"cache_ttl":10080,"cache_ttl_rewarded":10080,"cache_ttl_banner":10080,"cache_ttl_native":10080,"cache_ttl_icon":10080,"campaigns":[{"campaignID":"47","attribution":0,"priority":"5","appToPromote":{"appToPromoteID":"1035","usesDefaultFrameImage":"1","usesDefaultCloseImage":"1","marketURL":"https:\/\/play.google.com\/store\/apps\/details?id=com.mizo.city.ambulance","packageID":"com.mizo.city.ambulance"},"showTemplate":1,"s2s_tracking_url":"https:\/\/play.google.com\/store\/apps\/details?id=com.mizo.city.ambulance","activeCreativeID":"60","scenes":["1","2","6","4","5"],"campaignAdType":"Interstitial"},{"campaignID":"48","attribution":0,"priority":"5","appToPromote":{"appToPromoteID":"1074","usesDefaultFrameImage":"1","usesDefaultCloseImage":"1","marketURL":"https:\/\/play.google.com\/store\/apps\/details?id=com.mizo.construction.crane.hill.climb","packageID":"com.mizo.construction.crane.hill.climb"},"showTemplate":1,"s2s_tracking_url":"https:\/\/play.google.com\/store\/apps\/details?id=com.mizo.construction.crane.hill.climb","activeCreativeID":"65","scenes":["1","2","6","4","5"],"campaignAdType":"Interstitial"},{"campaignID":"50","attribution":0,"priority":"5","appToPromote":{"appToPromoteID":"1221","usesDefaultFrameImage":"1","usesDefaultCloseImage":"1","marketURL":"https:\/\/play.google.com\/store\/apps\/details?id=com.mizo.offroad.hill.climb","packageID":"com.mizo.offroad.hill.climb"},"showTemplate":1,"s2s_tracking_url":"https:\/\/play.google.com\/store\/apps\/details?id=com.mizo.offroad.hill.climb","activeCreativeID":"67","scenes":["1","2","6","4","5"],"campaignAdType":"Interstitial"},{"campaignID":"67","attribution":0,"priority":"5","appToPromote":{"appToPromoteID":"1306","usesDefaultFrameImage":"1","usesDefaultCloseImage":"1","marketURL":"https:\/\/play.google.com\/store\/apps\/details?id=com.mizo.extreme.heavy.truck","packageID":"com.mizo.extreme.heavy.truck"},"showTemplate":1,"s2s_tracking_url":"https:\/\/play.google.com\/store\/apps\/details?id=com.mizo.extreme.heavy.truck","activeCreativeID":"85","scenes":["1","2","6","4","5"],"campaignAdType":"Interstitial"},{"campaignID":"73","attribution":0,"priority":"5","appToPromote":{"appToPromoteID":"1458","usesDefaultFrameImage":"1","usesDefaultCloseImage":"1","marketURL":"https:\/\/play.google.com\/store\/apps\/details?id=com.mizo.army.prisoner.transport.simulator","packageID":"com.mizo.army.prisoner.transport.simulator"},"showTemplate":1,"s2s_tracking_url":"https:\/\/play.google.com\/store\/apps\/details?id=com.mizo.army.prisoner.transport.simulator","activeCreativeID":"93","scenes":["1","2","6","4","5"],"campaignAdType":"Interstitial"},{"campaignID":"74","attribution":0,"priority":"5","appToPromote":{"appToPromoteID":"1449","usesDefaultFrameImage":"1","usesDefaultCloseImage":"1","marketURL":"https:\/\/play.google.com\/store\/apps\/details?id=com.brilliantgamez.army.prisoners.transport.plane","packageID":"com.brilliantgamez.army.prisoners.transport.plane"},"showTemplate":1,"s2s_tracking_url":"https:\/\/play.google.com\/store\/apps\/details?id=com.brilliantgamez.army.prisoners.transport.plane","activeCreativeID":"94","scenes":["1","2","6","4","5"],"campaignAdType":"Interstitial"},{"campaignID":"78","attribution":0,"priority":"5","appToPromote":{"appToPromoteID":"1632","usesDefaultFrameImage":"1","usesDefaultCloseImage":"1","marketURL":"https:\/\/play.google.com\/store\/apps\/details?id=com.mizo.road.builder.city.construction","packageID":"com.mizo.road.builder.city.construction"},"showTemplate":1,"s2s_tracking_url":"https:\/\/play.google.com\/store\/apps\/details?id=com.mizo.road.builder.city.construction","activeCreativeID":"97","scenes":["1","2","6","4","5"],"campaignAdType":"Interstitial"},{"campaignID":"80","attribution":0,"priority":"5","appToPromote":{"appToPromoteID":"1675","usesDefaultFrameImage":"1","usesDefaultCloseImage":"1","marketURL":"https:\/\/play.google.com\/store\/apps\/details?id=com.mizo.flip.bottle.shooting.expert","packageID":"com.mizo.flip.bottle.shooting.expert"},"showTemplate":1,"s2s_tracking_url":"https:\/\/play.google.com\/store\/apps\/details?id=com.mizo.flip.bottle.shooting.expert","activeCreativeID":"100","scenes":["1","2","6","4","5"],"campaignAdType":"Interstitial"},{"campaignID":"110","attribution":0,"priority":"5","appToPromote":{"appToPromoteID":"1853","usesDefaultFrameImage":"1","usesDefaultCloseImage":"1","marketURL":"https:\/\/play.google.com\/store\/apps\/details?id=com.mizo.police.airplane.transporter","packageID":"com.mizo.police.airplane.transporter"},"showTemplate":1,"s2s_tracking_url":"https:\/\/play.google.com\/store\/apps\/details?id=com.mizo.police.airplane.transporter","activeCreativeID":"137","scenes":["1","2","6","4","5"],"campaignAdType":"Interstitial"},{"campaignID":"143","attribution":0,"priority":"5","appToPromote":{"appToPromoteID":"2089","usesDefaultFrameImage":"0","usesDefaultCloseImage":"0","marketURL":"https:\/\/play.google.com\/store\/apps\/details?id=com.mizo.sports.car.mechanic","packageID":"com.mizo.sports.car.mechanic"},"showTemplate":1,"s2s_tracking_url":"https:\/\/play.google.com\/store\/apps\/details?id=com.mizo.sports.car.mechanic","activeCreativeID":"184","scenes":["1","2","6","4","5"],"campaignAdType":"Interstitial"},{"campaignID":"147","attribution":0,"priority":"5","appToPromote":{"appToPromoteID":"2085","usesDefaultFrameImage":"0","usesDefaultCloseImage":"0","marketURL":"https:\/\/play.google.com\/store\/apps\/details?id=com.mizo.robot.gang.mafia","packageID":"com.mizo.robot.gang.mafia"},"showTemplate":1,"s2s_tracking_url":"https:\/\/play.google.com\/store\/apps\/details?id=com.mizo.robot.gang.mafia","activeCreativeID":"188","scenes":["1","2","6","4","5"],"campaignAdType":"Interstitial"},{"campaignID":"227","attribution":0,"priority":"5","appToPromote":{"appToPromoteID":"2571","usesDefaultFrameImage":"0","usesDefaultCloseImage":"0","marketURL":"https:\/\/play.google.com\/store\/apps\/details?id=com.mizo.raft.suvival","packageID":"com.mizo.raft.suvival"},"showTemplate":1,"s2s_tracking_url":"https:\/\/play.google.com\/store\/apps\/details?id=com.mizo.raft.suvival","activeCreativeID":"302","scenes":["1","2","6","4","5"],"campaignAdType":"Interstitial"},{"campaignID":"317","attribution":0,"priority":"5","appToPromote":{"appToPromoteID":"2723","usesDefaultFrameImage":"0","usesDefaultCloseImage":"0","marketURL":"https:\/\/play.google.com\/store\/apps\/details?id=com.mizo.helicopter.rescue","packageID":"com.mizo.helicopter.rescue"},"showTemplate":1,"s2s_tracking_url":"https:\/\/play.google.com\/store\/apps\/details?id=com.mizo.helicopter.rescue","activeCreativeID":"324","scenes":["1","2","6","4","5"],"campaignAdType":"Interstitial"},{"campaignID":"367","attribution":0,"priority":"5","appToPromote":{"appToPromoteID":"2911","usesDefaultFrameImage":"0","usesDefaultCloseImage":"0","marketURL":"https:\/\/play.google.com\/store\/apps\/details?id=com.mizo.police.ship.transporter","packageID":"com.mizo.police.ship.transporter"},"showTemplate":1,"s2s_tracking_url":"https:\/\/play.google.com\/store\/apps\/details?id=com.mizo.police.ship.transporter","activeCreativeID":"383","scenes":["1","2","6","4","5"],"campaignAdType":"Interstitial"},{"campaignID":"390","attribution":0,"priority":"5","appToPromote":{"appToPromoteID":"3077","usesDefaultFrameImage":"0","usesDefaultCloseImage":"0","marketURL":"https:\/\/play.google.com\/store\/apps\/details?id=com.mizo.transformer.shooting","packageID":"com.mizo.transformer.shooting"},"showTemplate":1,"s2s_tracking_url":"https:\/\/play.google.com\/store\/apps\/details?id=com.mizo.transformer.shooting","activeCreativeID":"441","scenes":["1","2","6","4","5"],"campaignAdType":"Interstitial"},{"campaignID":"408","attribution":0,"priority":"5","appToPromote":{"appToPromoteID":"3095","usesDefaultFrameImage":"0","usesDefaultCloseImage":"0","marketURL":"https:\/\/play.google.com\/store\/apps\/details?id=com.mizo.superhero.robot","packageID":"com.mizo.superhero.robot"},"showTemplate":1,"s2s_tracking_url":"https:\/\/play.google.com\/store\/apps\/details?id=com.mizo.superhero.robot","activeCreativeID":"443","scenes":["1","2","6","4","5"],"campaignAdType":"Interstitial"},{"campaignID":"410","attribution":0,"priority":"5","appToPromote":{"appToPromoteID":"3145","usesDefaultFrameImage":"0","usesDefaultCloseImage":"0","marketURL":"https:\/\/play.google.com\/store\/apps\/details?id=com.mizo.extreme.bikerider","packageID":"com.mizo.extreme.bikerider"},"showTemplate":1,"s2s_tracking_url":"https:\/\/play.google.com\/store\/apps\/details?id=com.mizo.extreme.bikerider","activeCreativeID":"448","scenes":["1","2","6","4","5"],"campaignAdType":"Interstitial"},{"campaignID":"428","attribution":0,"priority":"5","appToPromote":{"appToPromoteID":"3250","usesDefaultFrameImage":"0","usesDefaultCloseImage":"0","marketURL":"https:\/\/play.google.com\/store\/apps\/details?id=com.mizo.bicycle.stunt.racer","packageID":"com.mizo.bicycle.stunt.racer"},"showTemplate":1,"s2s_tracking_url":"https:\/\/play.google.com\/store\/apps\/details?id=com.mizo.bicycle.stunt.racer","activeCreativeID":"472","scenes":["1","2","6","4","5"],"campaignAdType":"Interstitial"},{"campaignID":"429","attribution":0,"priority":"5","appToPromote":{"appToPromoteID":"3253","usesDefaultFrameImage":"0","usesDefaultCloseImage":"0","marketURL":"https:\/\/play.google.com\/store\/apps\/details?id=com.mizo.rooftop.stunts","packageID":"com.mizo.rooftop.stunts"},"showTemplate":1,"s2s_tracking_url":"https:\/\/play.google.com\/store\/apps\/details?id=com.mizo.rooftop.stunts","activeCreativeID":"474","scenes":["1","2","6","4","5"],"campaignAdType":"Interstitial"},{"campaignID":"456","attribution":0,"priority":"5","appToPromote":{"appToPromoteID":"2448","usesDefaultFrameImage":"0","usesDefaultCloseImage":"0","marketURL":"https:\/\/play.google.com\/store\/apps\/details?id=com.mizo.battle.simulator","packageID":"com.mizo.battle.simulator"},"showTemplate":1,"s2s_tracking_url":"https:\/\/play.google.com\/store\/apps\/details?id=com.mizo.battle.simulator","activeCreativeID":"503","scenes":["1","2","6","4","5"],"campaignAdType":"Interstitial"},{"campaignID":"482","attribution":0,"priority":"5","appToPromote":{"appToPromoteID":"2877","usesDefaultFrameImage":"0","usesDefaultCloseImage":"0","marketURL":"https:\/\/play.google.com\/store\/apps\/details?id=com.mizo.underwater.tourist.bus","packageID":"com.mizo.underwater.tourist.bus"},"showTemplate":1,"s2s_tracking_url":"https:\/\/play.google.com\/store\/apps\/details?id=com.mizo.underwater.tourist.bus","activeCreativeID":"540","scenes":["1","2","6","4","5"],"campaignAdType":"Interstitial"},{"campaignID":"490","attribution":0,"priority":"5","appToPromote":{"appToPromoteID":"3518","usesDefaultFrameImage":"0","usesDefaultCloseImage":"0","marketURL":"https:\/\/play.google.com\/store\/apps\/details?id=com.crazyneuron.superhero.robot.world","packageID":"com.crazyneuron.superhero.robot.world"},"showTemplate":1,"s2s_tracking_url":"https:\/\/play.google.com\/store\/apps\/details?id=com.crazyneuron.superhero.robot.world","activeCreativeID":"550","scenes":["1","2","6","4","5"],"campaignAdType":"Interstitial"},{"campaignID":"501","attribution":0,"priority":"5","appToPromote":{"appToPromoteID":"3579","usesDefaultFrameImage":"0","usesDefaultCloseImage":"0","marketURL":"https:\/\/play.google.com\/store\/apps\/details?id=com.crazyneuron.us.army.transport","packageID":"com.crazyneuron.us.army.transport"},"showTemplate":1,"s2s_tracking_url":"https:\/\/play.google.com\/store\/apps\/details?id=com.crazyneuron.us.army.transport","activeCreativeID":"577","scenes":["1","2","6","4","5"],"campaignAdType":"Interstitial"},{"campaignID":"512","attribution":0,"priority":"5","appToPromote":{"appToPromoteID":"3683","usesDefaultFrameImage":"0","usesDefaultCloseImage":"0","marketURL":"https:\/\/play.google.com\/store\/apps\/details?id=com.mizo.plane.landing","packageID":"com.mizo.plane.landing"},"showTemplate":1,"s2s_tracking_url":"https:\/\/play.google.com\/store\/apps\/details?id=com.mizo.plane.landing","activeCreativeID":"594","scenes":["1","2","6","4","5"],"campaignAdType":"Interstitial"},{"campaignID":"6210","attribution":0,"priority":"5","appToPromote":{"appToPromoteID":"11566","usesDefaultFrameImage":"0","usesDefaultCloseImage":"0","marketURL":"https:\/\/play.google.com\/store\/apps\/details?id=com.mizo.line.drawing.puzzle.game","packageID":"com.mizo.line.drawing.puzzle.game"},"showTemplate":1,"s2s_tracking_url":"https:\/\/play.google.com\/store\/apps\/details?id=com.mizo.line.drawing.puzzle.game","activeCreativeID":"1322","scenes":["1","2","6","4","5"],"campaignAdType":"Video"}],"refreshAdRate":30,"mode":"Production","aspectRatio":"4_3","cdnPath":"https:\/\/df8ymybeo92md.cloudfront.net\/images\/","sentry_log":0,"local_logging":0,"sentry_dsn":"https:\/\/93ffa1c9a4124f67b8888a53265f751a:bbf998e04584477fa9a145838e9d3b26@sentry.io\/168994","sentry_initialization":1,"sentry_debugging":0,"bannerSizes":[],"aspectRatioVideo":"16_9","app_id":"1074","showPreRewardedDialogue":0,"showPostRewardedDialogue":0,"rewardCurrency":"coins","rewardValue":0,"isSkipable":0,"privacyPolicyURL":"https:\/\/www.consoliads.com\/privacy-policy\/","sessionToken":"51\/MFjWWNKg0oc\/roLa2HgmdAiMH5IKYGXqGDArJuAZ45ky905b6wJh8yFH5NMVNJsqNJv8\/VzV\/gVVMLFLN\/HqU3gA2F342XxXb5Qz0EMxdLQD5owsIRXR85q+RX\/SCoxTOk3Tn0qW8etijUdRzybwqIwo\/tFubwhjUGAqWwDE="}
Session token value is set


{"appKey":"b4729925db57c2b0093f9ef0986b65ad","deviceID":"6360","stats":[{"campaignID":53,"packageID":"com.fazbro.heavy.excavator","sceneStats":[{"sceneID":"16","eventStats":"363,263,163,63,63,0,0"}]}],"sdkVersion":"2056","sessionToken":"51\/MFjWWNKg0oc\/roLa2HgmdAiMH5IKYGXqGDArJuAZ45ky905b6wJh8yFH5NMVNJsqNJv8\/VzV\/gVVMLFLN\/HqU3gA2F342XxXb5Qz0EMxdLQD5owsIRXR85q+RX\/SCoxTOk3Tn0qW8etijUdRzybwqIwo\/tFubwhjUGAqWwDE="}
cache_ttl value is correct

Title value is correct

Title value is correct

Title value is correct

Title value is correct

Title value is correct

Title value is correct

Refresh Ad Rate value is correct
mode value is set

 Aspect ratio value is correct
sentry_log value is set
local_logging value is set
sentry_initialization value is set
sentry_debugging value is set
showPreRewardedDialogue value is set
showPostRewardedDialogue value is set
isSkipable value is set
{"cache_ttl":10080,"cache_ttl_rewarded":10080,"cache_ttl_banner":10080,"cache_ttl_native":10080,"cache_ttl_icon":10080,"campaigns":[{"campaignID":"53","attribution":0,"priority":"5","appToPromote":{"appToPromoteID":"1217","usesDefaultFrameImage":"1","usesDefaultCloseImage":"1","marketURL":"https:\/\/play.google.com\/store\/apps\/details?id=com.fazbro.heavy.excavator","packageID":"com.fazbro.heavy.excavator"},"showTemplate":1,"s2s_tracking_url":"https:\/\/play.google.com\/store\/apps\/details?id=com.fazbro.heavy.excavator","activeCreativeID":"71","scenes":["1","2","8","13"],"campaignAdType":"Interstitial"},{"campaignID":"55","attribution":0,"priority":"5","appToPromote":{"appToPromoteID":"1045","usesDefaultFrameImage":"1","usesDefaultCloseImage":"1","marketURL":"https:\/\/play.google.com\/store\/apps\/details?id=com.fazbro.road.builder.excavator","packageID":"com.fazbro.road.builder.excavator"},"showTemplate":1,"s2s_tracking_url":"https:\/\/play.google.com\/store\/apps\/details?id=com.fazbro.road.builder.excavator","activeCreativeID":"73","scenes":["1","2","8","13"],"campaignAdType":"Interstitial"},{"campaignID":"73","attribution":0,"priority":"5","appToPromote":{"appToPromoteID":"1458","usesDefaultFrameImage":"1","usesDefaultCloseImage":"1","marketURL":"https:\/\/play.google.com\/store\/apps\/details?id=com.mizo.army.prisoner.transport.simulator","packageID":"com.mizo.army.prisoner.transport.simulator"},"showTemplate":1,"s2s_tracking_url":"https:\/\/play.google.com\/store\/apps\/details?id=com.mizo.army.prisoner.transport.simulator","activeCreativeID":"93","scenes":["1","2","8","13"],"campaignAdType":"Interstitial"},{"campaignID":"74","attribution":0,"priority":"5","appToPromote":{"appToPromoteID":"1449","usesDefaultFrameImage":"1","usesDefaultCloseImage":"1","marketURL":"https:\/\/play.google.com\/store\/apps\/details?id=com.brilliantgamez.army.prisoners.transport.plane","packageID":"com.brilliantgamez.army.prisoners.transport.plane"},"showTemplate":1,"s2s_tracking_url":"https:\/\/play.google.com\/store\/apps\/details?id=com.brilliantgamez.army.prisoners.transport.plane","activeCreativeID":"94","scenes":["1","2","8","13"],"campaignAdType":"Interstitial"},{"campaignID":"8226","attribution":0,"priority":"8","appToPromote":{"appToPromoteID":"12623","usesDefaultFrameImage":"0","usesDefaultCloseImage":"0","marketURL":"https:\/\/play.google.com\/store\/apps\/details?id=com.igg.android.lordsmobile&amp;referrer=utm_source=42matters.com&amp;utm_medium=api","packageID":"com.nooribrand.android.lordsmobile"},"showTemplate":1,"s2s_tracking_url":"https:\/\/play.google.com\/store\/apps\/details?id=com.igg.android.lordsmobile&amp;referrer=utm_source=42matters.com&amp;utm_medium=api","activeCreativeID":"3557","scenes":["1","2","8","13"],"campaignAdType":"Icon"},{"campaignID":"8378","attribution":0,"priority":"8","appToPromote":{"appToPromoteID":"16480","usesDefaultFrameImage":"0","usesDefaultCloseImage":"0","marketURL":"https:\/\/play.google.com\/store\/apps\/details?id=com.nag.home.manager.working.virtual.mom","packageID":"com.GSS317.AmazingFamily"},"showTemplate":1,"s2s_tracking_url":"https:\/\/play.google.com\/store\/apps\/details?id=com.nag.home.manager.working.virtual.mom","activeCreativeID":"3720","scenes":["1","2","8","13"],"campaignAdType":"Interstitial"},{"campaignID":"8613","attribution":0,"priority":"8","appToPromote":{"appToPromoteID":"12623","usesDefaultFrameImage":"0","usesDefaultCloseImage":"0","marketURL":"https:\/\/play.google.com\/store\/apps\/details?id=com.igg.android.lordsmobile&amp;referrer=utm_source=42matters.com&amp;utm_medium=api","packageID":"com.nooribrand.android.lordsmobile"},"showTemplate":1,"s2s_tracking_url":"https:\/\/play.google.com\/store\/apps\/details?id=com.igg.android.lordsmobile&amp;referrer=utm_source=42matters.com&amp;utm_medium=api","activeCreativeID":"3557","scenes":["1","2","8","13"],"campaignAdType":"Icon"},{"campaignID":"9092","attribution":0,"priority":"8","appToPromote":{"appToPromoteID":"13421","usesDefaultFrameImage":"0","usesDefaultCloseImage":"0","marketURL":"http:\/\/www.google.com","packageID":"com.appricot2d.testt"},"showTemplate":1,"s2s_tracking_url":"http:\/\/www.google.com","activeCreativeID":"4384","scenes":["1","2","8","13"],"campaignAdType":"Interstitial"},{"campaignID":"9204","attribution":0,"priority":"8","appToPromote":{"appToPromoteID":"1997","usesDefaultFrameImage":"0","usesDefaultCloseImage":"0","marketURL":"https:\/\/play.google.com\/store\/apps\/details?id=com.appricot2d.anna.coloring.book","packageID":"com.appricot2d.anna.coloring.book"},"showTemplate":1,"s2s_tracking_url":"https:\/\/play.google.com\/store\/apps\/details?id=com.appricot2d.anna.coloring.book","activeCreativeID":"4573","scenes":["1","2","8","13"],"campaignAdType":"Interstitial"},{"campaignID":"9206","attribution":0,"priority":"8","appToPromote":{"appToPromoteID":"13421","usesDefaultFrameImage":"0","usesDefaultCloseImage":"0","marketURL":"http:\/\/www.google.com","packageID":"com.appricot2d.testt"},"showTemplate":1,"s2s_tracking_url":"http:\/\/www.google.com","activeCreativeID":"4574","scenes":["1","2","8","13"],"campaignAdType":"Interstitial"},{"campaignID":"9249","attribution_link":"https:\/\/app.appsflyer.com\/com.lgn.gun.strike.war.train.shooting.games?pid=consoliads_int&amp;af_click_lookback=7d&amp;clickid=1217_9249_6360&amp;android_id={android_id}&amp;sha1_android_id={sha1_android_id}&amp;advertising_id=6360&amp;sha1_advertising_id=14eb81da2149d1bb668e232e96cefb9b51dbeed9&amp;af_keywords=2","attribution":1,"priority":"8","appToPromote":{"appToPromoteID":"13421","usesDefaultFrameImage":"0","usesDefaultCloseImage":"0","marketURL":"http:\/\/www.google.com","packageID":"com.appricot2d.testt"},"showTemplate":1,"s2s_tracking_url":"https:\/\/app.appsflyer.com\/com.lgn.gun.strike.war.train.shooting.games?pid=consoliads_int&amp;af_click_lookback=7d&amp;clickid=1217_9249_6360&amp;android_id={android_id}&amp;sha1_android_id={sha1_android_id}&amp;advertising_id=6360&amp;sha1_advertising_id=14eb81da2149d1bb668e232e96cefb9b51dbeed9&amp;af_keywords=2","activeCreativeID":"4679","scenes":["1","2","8","13"],"campaignAdType":"Interstitial"},{"campaignID":"9250","attribution_link":"https:\/\/app.appsflyer.com\/com.lgn.gun.strike.war.train.shooting.games?pid=consoliads_int&amp;af_click_lookback=7d&amp;clickid=1217_9250_6360&amp;android_id={android_id}&amp;sha1_android_id={sha1_android_id}&amp;advertising_id=6360&amp;sha1_advertising_id=14eb81da2149d1bb668e232e96cefb9b51dbeed9&amp;af_keywords=2","attribution":1,"priority":"8","appToPromote":{"appToPromoteID":"13421","usesDefaultFrameImage":"0","usesDefaultCloseImage":"0","marketURL":"http:\/\/www.google.com","packageID":"com.appricot2d.testt"},"showTemplate":1,"s2s_tracking_url":"https:\/\/app.appsflyer.com\/com.lgn.gun.strike.war.train.shooting.games?pid=consoliads_int&amp;af_click_lookback=7d&amp;clickid=1217_9250_6360&amp;android_id={android_id}&amp;sha1_android_id={sha1_android_id}&amp;advertising_id=6360&amp;sha1_advertising_id=14eb81da2149d1bb668e232e96cefb9b51dbeed9&amp;af_keywords=2","activeCreativeID":"4680","scenes":["1","2","8","13"],"campaignAdType":"Interstitial"},{"campaignID":"9252","attribution":0,"priority":"8","appToPromote":{"appToPromoteID":"12315","usesDefaultFrameImage":"0","usesDefaultCloseImage":"0","marketURL":"google.com","packageID":"com.qabrand.plnative"},"showTemplate":1,"s2s_tracking_url":"google.com","activeCreativeID":"4683","scenes":["1","2","8","13"],"campaignAdType":"Native","title":"Native first","subTitle":"First ","description":"New description","adClickThroughText":"FIRST Button"},{"campaignID":"9253","attribution":0,"priority":"8","appToPromote":{"appToPromoteID":"12315","usesDefaultFrameImage":"0","usesDefaultCloseImage":"0","marketURL":"google.com","packageID":"com.qabrand.plnative"},"showTemplate":1,"s2s_tracking_url":"google.com","activeCreativeID":"4683","scenes":["1","2","8","13"],"campaignAdType":"Native","title":"Native first","subTitle":"First ","description":"New description","adClickThroughText":"FIRST Button"},{"campaignID":"9255","attribution":0,"priority":"8","appToPromote":{"appToPromoteID":"13274","usesDefaultFrameImage":"0","usesDefaultCloseImage":"0","marketURL":"https:\/\/play.google.com\/store\/apps\/details?id=com.facebook.katana","packageID":"com.salon.adsalon"},"showTemplate":1,"s2s_tracking_url":"https:\/\/play.google.com\/store\/apps\/details?id=com.facebook.katana","activeCreativeID":"4685","scenes":["1","2","8","13"],"campaignAdType":"Native","title":"native NA ","subTitle":"native NA ","description":"native NA added","adClickThroughText":"native NA "},{"campaignID":"9257","attribution":0,"priority":"8","appToPromote":{"appToPromoteID":"12286","usesDefaultFrameImage":"0","usesDefaultCloseImage":"0","marketURL":"google.com","packageID":"com.qabrand.Chartboost_Native"},"showTemplate":1,"s2s_tracking_url":"google.com","activeCreativeID":"4688","scenes":["1","2","8","13"],"campaignAdType":"Native","title":"Native second updated","subTitle":"Native second ","description":"Native second details","adClickThroughText":"Native second "},{"campaignID":"9261","attribution_link":"https:\/\/app.appsflyer.com\/com.lgn.gun.strike.war.train.shooting.games?pid=consoliads_int&amp;af_click_lookback=7d&amp;clickid=1217_9261_6360&amp;android_id={android_id}&amp;sha1_android_id={sha1_android_id}&amp;advertising_id=6360&amp;sha1_advertising_id=14eb81da2149d1bb668e232e96cefb9b51dbeed9&amp;af_keywords=2","attribution":1,"priority":"8","appToPromote":{"appToPromoteID":"13421","usesDefaultFrameImage":"0","usesDefaultCloseImage":"0","marketURL":"http:\/\/www.google.com","packageID":"com.appricot2d.testt"},"showTemplate":1,"s2s_tracking_url":"https:\/\/app.appsflyer.com\/com.lgn.gun.strike.war.train.shooting.games?pid=consoliads_int&amp;af_click_lookback=7d&amp;clickid=1217_9261_6360&amp;android_id={android_id}&amp;sha1_android_id={sha1_android_id}&amp;advertising_id=6360&amp;sha1_advertising_id=14eb81da2149d1bb668e232e96cefb9b51dbeed9&amp;af_keywords=2","activeCreativeID":"4692","scenes":["1","2","8","13"],"campaignAdType":"Interstitial"},{"campaignID":"9263","attribution":0,"priority":"8","appToPromote":{"appToPromoteID":"12315","usesDefaultFrameImage":"0","usesDefaultCloseImage":"0","marketURL":"google.com","packageID":"com.qabrand.plnative"},"showTemplate":1,"s2s_tracking_url":"google.com","activeCreativeID":"4694","scenes":["1","2","8","13"],"campaignAdType":"Native","title":"test","subTitle":"test","description":" test details update","adClickThroughText":"test"},{"campaignID":"9270","attribution":0,"priority":"8","appToPromote":{"appToPromoteID":"1727","usesDefaultFrameImage":"1","usesDefaultCloseImage":"1","marketURL":"https:\/\/play.google.com\/store\/apps\/details?id=com.appricot2d.anna.spasalon","packageID":"com.appricot2d.anna.spasalon"},"showTemplate":1,"s2s_tracking_url":"https:\/\/play.google.com\/store\/apps\/details?id=com.appricot2d.anna.spasalon","activeCreativeID":"4696","scenes":["1","2","8","13"],"campaignAdType":"Banner"},{"campaignID":"9295","attribution":0,"priority":"8","appToPromote":{"appToPromoteID":"1933","usesDefaultFrameImage":"0","usesDefaultCloseImage":"0","marketURL":"https:\/\/play.google.com\/store\/apps\/details?id=com.appricot2d.kids.pony.coloring","packageID":"com.appricot2d.kids.pony.coloring"},"showTemplate":1,"s2s_tracking_url":"https:\/\/play.google.com\/store\/apps\/details?id=com.appricot2d.kids.pony.coloring","activeCreativeID":"4570","scenes":["1","2","8","13"],"campaignAdType":"Interstitial"},{"campaignID":"9334","attribution":0,"priority":"8","appToPromote":{"appToPromoteID":"1933","usesDefaultFrameImage":"0","usesDefaultCloseImage":"0","marketURL":"https:\/\/play.google.com\/store\/apps\/details?id=com.appricot2d.kids.pony.coloring","packageID":"com.appricot2d.kids.pony.coloring"},"showTemplate":1,"s2s_tracking_url":"https:\/\/play.google.com\/store\/apps\/details?id=com.appricot2d.kids.pony.coloring","activeCreativeID":"4570","scenes":["1","2","8","13"],"campaignAdType":"Interstitial"},{"campaignID":"9335","attribution":0,"priority":"8","appToPromote":{"appToPromoteID":"1997","usesDefaultFrameImage":"0","usesDefaultCloseImage":"0","marketURL":"https:\/\/play.google.com\/store\/apps\/details?id=com.appricot2d.anna.coloring.book","packageID":"com.appricot2d.anna.coloring.book"},"showTemplate":1,"s2s_tracking_url":"https:\/\/play.google.com\/store\/apps\/details?id=com.appricot2d.anna.coloring.book","activeCreativeID":"4573","scenes":["1","2","8","13"],"campaignAdType":"Interstitial"},{"campaignID":"9125","attribution":0,"priority":"8","appToPromote":{"appToPromoteID":"17526","usesDefaultFrameImage":"0","usesDefaultCloseImage":"0","marketURL":"https:\/\/play.google.com\/store\/apps\/details?id=kr.co.richnco.goodrich","packageID":"kr.co.richnco.goodrich"},"showTemplate":1,"s2s_tracking_url":"https:\/\/tha.gotrackier.com\/click?campaign_id=68347\\u0026pub_id=75?p1=1217_9125_6360&amp;source=6841&amp;app_name=HeavyExcavator&amp;gaid=6360","activeCreativeID":"4477","scenes":["1","2","8","13"],"campaignAdType":"Icon"},{"campaignID":"9127","attribution":0,"priority":"8","appToPromote":{"appToPromoteID":"17528","usesDefaultFrameImage":"0","usesDefaultCloseImage":"0","marketURL":"https:\/\/play.google.com\/store\/apps\/details?id=net.one97.paytm","packageID":"net.one97.paytm"},"showTemplate":1,"s2s_tracking_url":"https:\/\/tha.gotrackier.com\/click?campaign_id=63249\\u0026pub_id=75?p1=1217_9127_6360&amp;source=6841&amp;app_name=HeavyExcavator&amp;gaid=6360","activeCreativeID":"4788","scenes":["1","2","8","13"],"campaignAdType":"Native","title":"BCA","subTitle":"FW","description":"nope","adClickThroughText":"Link"},{"campaignID":"9131","attribution":0,"priority":"8","appToPromote":{"appToPromoteID":"17532","usesDefaultFrameImage":"0","usesDefaultCloseImage":"0","marketURL":"https:\/\/play.google.com\/store\/apps\/details?id=com.dhgate.buyermob","packageID":"com.dhgate.buyermob"},"showTemplate":1,"s2s_tracking_url":"https:\/\/tha.gotrackier.com\/click?campaign_id=63254\\u0026pub_id=75?p1=1217_9131_6360&amp;source=6841&amp;app_name=HeavyExcavator&amp;gaid=6360","activeCreativeID":"4483","scenes":["1","2","8","13"],"campaignAdType":"Interstitial"}],"refreshAdRate":30,"mode":"Production","aspectRatio":"4_3","cdnPath":"https:\/\/df8ymybeo92md.cloudfront.net\/images\/","sentry_log":0,"local_logging":0,"sentry_dsn":"https:\/\/93ffa1c9a4124f67b8888a53265f751a:bbf998e04584477fa9a145838e9d3b26@sentry.io\/168994","sentry_initialization":1,"sentry_debugging":0,"bannerSizes":["1"],"aspectRatioVideo":"16_9","app_id":"1217","showPreRewardedDialogue":0,"showPostRewardedDialogue":0,"rewardCurrency":"coins","rewardValue":0,"isSkipable":1,"privacyPolicyURL":"https:\/\/www.consoliads.com\/privacy-policy\/","sessionToken":"UPFkNwYAatXrUYQHwCCCcwC6qy7RWNzveukS+HC6foJMYXYTmprEejj+pX1\/XyEB0K39rUcqi1yWMnNSMTnB6vzU9n0ZyAgDbYgVaiAZuDUTmbD0I\/Wuz1IwTLu2Rfxe9nfxRwfUR\/Lnkj5Pj3X7qC7cEsImH5w7K1tz1Gvhrzg="}
Session token value is set


{"appKey":"a6c37abf407b4606382faab36e69377f","deviceID":"9501","stats":[{"campaignID":73,"packageID":"com.mizo.army.prisoner.transport.simulator","sceneStats":[{"sceneID":"24","eventStats":"395,295,195,95,95,0,0"}]}],"sdkVersion":"39","sessionToken":"UPFkNwYAatXrUYQHwCCCcwC6qy7RWNzveukS+HC6foJMYXYTmprEejj+pX1\/XyEB0K39rUcqi1yWMnNSMTnB6vzU9n0ZyAgDbYgVaiAZuDUTmbD0I\/Wuz1IwTLu2Rfxe9nfxRwfUR\/Lnkj5Pj3X7qC7cEsImH5w7K1tz1Gvhrzg="}
cache_ttl value is correct

Refresh Ad Rate value is correct
mode value is set

 Aspect ratio value is correct
sentry_log value is set
local_logging value is set
sentry_initialization value is set
sentry_debugging value is set
showPreRewardedDialogue value is set
showPostRewardedDialogue value is set
isSkipable value is set
{"cache_ttl":10080,"cache_ttl_rewarded":10080,"cache_ttl_banner":10080,"cache_ttl_native":10080,"cache_ttl_icon":10080,"refreshAdRate":30,"mode":"Production","aspectRatio":"4_3","cdnPath":"https:\/\/df8ymybeo92md.cloudfront.net\/images\/","sentry_log":0,"local_logging":0,"sentry_dsn":"https:\/\/93ffa1c9a4124f67b8888a53265f751a:bbf998e04584477fa9a145838e9d3b26@sentry.io\/168994","sentry_initialization":1,"sentry_debugging":0,"bannerSizes":[],"aspectRatioVideo":"16_9","app_id":"1458","showPreRewardedDialogue":0,"showPostRewardedDialogue":0,"rewardCurrency":"coins","rewardValue":0,"isSkipable":0,"privacyPolicyURL":"https:\/\/www.consoliads.com\/privacy-policy\/","sessionToken":"btDjkKzZM5FJAgzvkV6QSUSuHEPZgWUOFoSOa5jex2yrtZUQMTQsZnFPbcNX1e2soTKkua\/8VHlWBXkE\/Xfnw\/T+yBkMnvFrdOYGDoCd0zkjWVIp85eWghzSfg78GKpwA1IJQy84ULSkyLmQBlzMgasxvqPQ6WsDrbWv2VUpt7w="}
Session token value is set


{"appKey":"f1b23f0067eb003f37357ca24defd9a4","deviceID":"1563","stats":[{"campaignID":78,"packageID":"com.mizo.road.builder.city.construction","sceneStats":[{"sceneID":"4","eventStats":"316,216,116,16,16,0,0"}]}],"sdkVersion":"2151","sessionToken":"btDjkKzZM5FJAgzvkV6QSUSuHEPZgWUOFoSOa5jex2yrtZUQMTQsZnFPbcNX1e2soTKkua\/8VHlWBXkE\/Xfnw\/T+yBkMnvFrdOYGDoCd0zkjWVIp85eWghzSfg78GKpwA1IJQy84ULSkyLmQBlzMgasxvqPQ6WsDrbWv2VUpt7w="}
cache_ttl value is correct

Refresh Ad Rate value is correct
mode value is set

 Aspect ratio value is correct
sentry_log value is set
local_logging value is set
sentry_initialization value is set
sentry_debugging value is set
showPreRewardedDialogue value is set
showPostRewardedDialogue value is set
isSkipable value is set
{"cache_ttl":10080,"cache_ttl_rewarded":10080,"cache_ttl_banner":10080,"cache_ttl_native":10080,"cache_ttl_icon":10080,"campaigns":[{"campaignID":"48","attribution":0,"priority":"5","appToPromote":{"appToPromoteID":"1074","usesDefaultFrameImage":"1","usesDefaultCloseImage":"1","marketURL":"https:\/\/play.google.com\/store\/apps\/details?id=com.mizo.construction.crane.hill.climb","packageID":"com.mizo.construction.crane.hill.climb"},"showTemplate":1,"s2s_tracking_url":"https:\/\/play.google.com\/store\/apps\/details?id=com.mizo.construction.crane.hill.climb","activeCreativeID":"65","scenes":["1","2","6","4","5"],"campaignAdType":"Interstitial"},{"campaignID":"50","attribution":0,"priority":"5","appToPromote":{"appToPromoteID":"1221","usesDefaultFrameImage":"1","usesDefaultCloseImage":"1","marketURL":"https:\/\/play.google.com\/store\/apps\/details?id=com.mizo.offroad.hill.climb","packageID":"com.mizo.offroad.hill.climb"},"showTemplate":1,"s2s_tracking_url":"https:\/\/play.google.com\/store\/apps\/details?id=com.mizo.offroad.hill.climb","activeCreativeID":"67","scenes":["1","2","6","4","5"],"campaignAdType":"Interstitial"},{"campaignID":"67","attribution":0,"priority":"5","appToPromote":{"appToPromoteID":"1306","usesDefaultFrameImage":"1","usesDefaultCloseImage":"1","marketURL":"https:\/\/play.google.com\/store\/apps\/details?id=com.mizo.extreme.heavy.truck","packageID":"com.mizo.extreme.heavy.truck"},"showTemplate":1,"s2s_tracking_url":"https:\/\/play.google.com\/store\/apps\/details?id=com.mizo.extreme.heavy.truck","activeCreativeID":"85","scenes":["1","2","6","4","5"],"campaignAdType":"Interstitial"},{"campaignID":"73","attribution":0,"priority":"5","appToPromote":{"appToPromoteID":"1458","usesDefaultFrameImage":"1","usesDefaultCloseImage":"1","marketURL":"https:\/\/play.google.com\/store\/apps\/details?id=com.mizo.army.prisoner.transport.simulator","packageID":"com.mizo.army.prisoner.transport.simulator"},"showTemplate":1,"s2s_tracking_url":"https:\/\/play.google.com\/store\/apps\/details?id=com.mizo.army.prisoner.transport.simulator","activeCreativeID":"93","scenes":["1","2","6","4","5"],"campaignAdType":"Interstitial"},{"campaignID":"74","attribution":0,"priority":"5","appToPromote":{"appToPromoteID":"1449","usesDefaultFrameImage":"1","usesDefaultCloseImage":"1","marketURL":"https:\/\/play.google.com\/store\/apps\/details?id=com.brilliantgamez.army.prisoners.transport.plane","packageID":"com.brilliantgamez.army.prisoners.transport.plane"},"showTemplate":1,"s2s_tracking_url":"https:\/\/play.google.com\/store\/apps\/details?id=com.brilliantgamez.army.prisoners.transport.plane","activeCreativeID":"94","scenes":["1","2","6","4","5"],"campaignAdType":"Interstitial"},{"campaignID":"78","attribution":0,"priority":"5","appToPromote":{"appToPromoteID":"1632","usesDefaultFrameImage":"1","usesDefaultCloseImage":"1","marketURL":"https:\/\/play.google.com\/store\/apps\/details?id=com.mizo.road.builder.city.construction","packageID":"com.mizo.road.builder.city.construction"},"showTemplate":1,"s2s_tracking_url":"https:\/\/play.google.com\/store\/apps\/details?id=com.mizo.road.builder.city.construction","activeCreativeID":"97","scenes":["1","2","6","4","5"],"campaignAdType":"Interstitial"},{"campaignID":"80","attribution":0,"priority":"5","appToPromote":{"appToPromoteID":"1675","usesDefaultFrameImage":"1","usesDefaultCloseImage":"1","marketURL":"https:\/\/play.google.com\/store\/apps\/details?id=com.mizo.flip.bottle.shooting.expert","packageID":"com.mizo.flip.bottle.shooting.expert"},"showTemplate":1,"s2s_tracking_url":"https:\/\/play.google.com\/store\/apps\/details?id=com.mizo.flip.bottle.shooting.expert","activeCreativeID":"100","scenes":["1","2","6","4","5"],"campaignAdType":"Interstitial"},{"campaignID":"110","attribution":0,"priority":"5","appToPromote":{"appToPromoteID":"1853","usesDefaultFrameImage":"1","usesDefaultCloseImage":"1","marketURL":"https:\/\/play.google.com\/store\/apps\/details?id=com.mizo.police.airplane.transporter","packageID":"com.mizo.police.airplane.transporter"},"showTemplate":1,"s2s_tracking_url":"https:\/\/play.google.com\/store\/apps\/details?id=com.mizo.police.airplane.transporter","activeCreativeID":"137","scenes":["1","2","6","4","5"],"campaignAdType":"Interstitial"},{"campaignID":"143","attribution":0,"priority":"5","appToPromote":{"appToPromoteID":"2089","usesDefaultFrameImage":"0","usesDefaultCloseImage":"0","marketURL":"https:\/\/play.google.com\/store\/apps\/details?id=com.mizo.sports.car.mechanic","packageID":"com.mizo.sports.car.mechanic"},"showTemplate":1,"s2s_tracking_url":"https:\/\/play.google.com\/store\/apps\/details?id=com.mizo.sports.car.mechanic","activeCreativeID":"184","scenes":["1","2","6","4","5"],"campaignAdType":"Interstitial"},{"campaignID":"147","attribution":0,"priority":"5","appToPromote":{"appToPromoteID":"2085","usesDefaultFrameImage":"0","usesDefaultCloseImage":"0","marketURL":"https:\/\/play.google.com\/store\/apps\/details?id=com.mizo.robot.gang.mafia","packageID":"com.mizo.robot.gang.mafia"},"showTemplate":1,"s2s_tracking_url":"https:\/\/play.google.com\/store\/apps\/details?id=com.mizo.robot.gang.mafia","activeCreativeID":"188","scenes":["1","2","6","4","5"],"campaignAdType":"Interstitial"},{"campaignID":"227","attribution":0,"priority":"5","appToPromote":{"appToPromoteID":"2571","usesDefaultFrameImage":"0","usesDefaultCloseImage":"0","marketURL":"https:\/\/play.google.com\/store\/apps\/details?id=com.mizo.raft.suvival","packageID":"com.mizo.raft.suvival"},"showTemplate":1,"s2s_tracking_url":"https:\/\/play.google.com\/store\/apps\/details?id=com.mizo.raft.suvival","activeCreativeID":"302","scenes":["1","2","6","4","5"],"campaignAdType":"Interstitial"},{"campaignID":"317","attribution":0,"priority":"5","appToPromote":{"appToPromoteID":"2723","usesDefaultFrameImage":"0","usesDefaultCloseImage":"0","marketURL":"https:\/\/play.google.com\/store\/apps\/details?id=com.mizo.helicopter.rescue","packageID":"com.mizo.helicopter.rescue"},"showTemplate":1,"s2s_tracking_url":"https:\/\/play.google.com\/store\/apps\/details?id=com.mizo.helicopter.rescue","activeCreativeID":"324","scenes":["1","2","6","4","5"],"campaignAdType":"Interstitial"},{"campaignID":"367","attribution":0,"priority":"5","appToPromote":{"appToPromoteID":"2911","usesDefaultFrameImage":"0","usesDefaultCloseImage":"0","marketURL":"https:\/\/play.google.com\/store\/apps\/details?id=com.mizo.police.ship.transporter","packageID":"com.mizo.police.ship.transporter"},"showTemplate":1,"s2s_tracking_url":"https:\/\/play.google.com\/store\/apps\/details?id=com.mizo.police.ship.transporter","activeCreativeID":"383","scenes":["1","2","6","4","5"],"campaignAdType":"Interstitial"},{"campaignID":"390","attribution":0,"priority":"5","appToPromote":{"appToPromoteID":"3077","usesDefaultFrameImage":"0","usesDefaultCloseImage":"0","marketURL":"https:\/\/play.google.com\/store\/apps\/details?id=com.mizo.transformer.shooting","packageID":"com.mizo.transformer.shooting"},"showTemplate":1,"s2s_tracking_url":"https:\/\/play.google.com\/store\/apps\/details?id=com.mizo.transformer.shooting","activeCreativeID":"441","scenes":["1","2","6","4","5"],"campaignAdType":"Interstitial"},{"campaignID":"408","attribution":0,"priority":"5","appToPromote":{"appToPromoteID":"3095","usesDefaultFrameImage":"0","usesDefaultCloseImage":"0","marketURL":"https:\/\/play.google.com\/store\/apps\/details?id=com.mizo.superhero.robot","packageID":"com.mizo.superhero.robot"},"showTemplate":1,"s2s_tracking_url":"https:\/\/play.google.com\/store\/apps\/details?id=com.mizo.superhero.robot","activeCreativeID":"443","scenes":["1","2","6","4","5"],"campaignAdType":"Interstitial"},{"campaignID":"410","attribution":0,"priority":"5","appToPromote":{"appToPromoteID":"3145","usesDefaultFrameImage":"0","usesDefaultCloseImage":"0","marketURL":"https:\/\/play.google.com\/store\/apps\/details?id=com.mizo.extreme.bikerider","packageID":"com.mizo.extreme.bikerider"},"showTemplate":1,"s2s_tracking_url":"https:\/\/play.google.com\/store\/apps\/details?id=com.mizo.extreme.bikerider","activeCreativeID":"448","scenes":["1","2","6","4","5"],"campaignAdType":"Interstitial"},{"campaignID":"428","attribution":0,"priority":"5","appToPromote":{"appToPromoteID":"3250","usesDefaultFrameImage":"0","usesDefaultCloseImage":"0","marketURL":"https:\/\/play.google.com\/store\/apps\/details?id=com.mizo.bicycle.stunt.racer","packageID":"com.mizo.bicycle.stunt.racer"},"showTemplate":1,"s2s_tracking_url":"https:\/\/play.google.com\/store\/apps\/details?id=com.mizo.bicycle.stunt.racer","activeCreativeID":"472","scenes":["1","2","6","4","5"],"campaignAdType":"Interstitial"},{"campaignID":"429","attribution":0,"priority":"5","appToPromote":{"appToPromoteID":"3253","usesDefaultFrameImage":"0","usesDefaultCloseImage":"0","marketURL":"https:\/\/play.google.com\/store\/apps\/details?id=com.mizo.rooftop.stunts","packageID":"com.mizo.rooftop.stunts"},"showTemplate":1,"s2s_tracking_url":"https:\/\/play.google.com\/store\/apps\/details?id=com.mizo.rooftop.stunts","activeCreativeID":"474","scenes":["1","2","6","4","5"],"campaignAdType":"Interstitial"},{"campaignID":"456","attribution":0,"priority":"5","appToPromote":{"appToPromoteID":"2448","usesDefaultFrameImage":"0","usesDefaultCloseImage":"0","marketURL":"https:\/\/play.google.com\/store\/apps\/details?id=com.mizo.battle.simulator","packageID":"com.mizo.battle.simulator"},"showTemplate":1,"s2s_tracking_url":"https:\/\/play.google.com\/store\/apps\/details?id=com.mizo.battle.simulator","activeCreativeID":"503","scenes":["1","2","6","4","5"],"campaignAdType":"Interstitial"},{"campaignID":"482","attribution":0,"priority":"5","appToPromote":{"appToPromoteID":"2877","usesDefaultFrameImage":"0","usesDefaultCloseImage":"0","marketURL":"https:\/\/play.google.com\/store\/apps\/details?id=com.mizo.underwater.tourist.bus","packageID":"com.mizo.underwater.tourist.bus"},"showTemplate":1,"s2s_tracking_url":"https:\/\/play.google.com\/store\/apps\/details?id=com.mizo.underwater.tourist.bus","activeCreativeID":"540","scenes":["1","2","6","4","5"],"campaignAdType":"Interstitial"},{"campaignID":"490","attribution":0,"priority":"5","appToPromote":{"appToPromoteID":"3518","usesDefaultFrameImage":"0","usesDefaultCloseImage":"0","marketURL":"https:\/\/play.google.com\/store\/apps\/details?id=com.crazyneuron.superhero.robot.world","packageID":"com.crazyneuron.superhero.robot.world"},"showTemplate":1,"s2s_tracking_url":"https:\/\/play.google.com\/store\/apps\/details?id=com.crazyneuron.superhero.robot.world","activeCreativeID":"550","scenes":["1","2","6","4","5"],"campaignAdType":"Interstitial"},{"campaignID":"501","attribution":0,"priority":"5","appToPromote":{"appToPromoteID":"3579","usesDefaultFrameImage":"0","usesDefaultCloseImage":"0","marketURL":"https:\/\/play.google.com\/store\/apps\/details?id=com.crazyneuron.us.army.transport","packageID":"com.crazyneuron.us.army.transport"},"showTemplate":1,"s2s_tracking_url":"https:\/\/play.google.com\/store\/apps\/details?id=com.crazyneuron.us.army.transport","activeCreativeID":"577","scenes":["1","2","6","4","5"],"campaignAdType":"Interstitial"},{"campaignID":"512","attribution":0,"priority":"5","appToPromote":{"appToPromoteID":"3683","usesDefaultFrameImage":"0","usesDefaultCloseImage":"0","marketURL":"https:\/\/play.google.com\/store\/apps\/details?id=com.mizo.plane.landing","packageID":"com.mizo.plane.landing"},"showTemplate":1,"s2s_tracking_url":"https:\/\/play.google.com\/store\/apps\/details?id=com.mizo.plane.landing","activeCreativeID":"594","scenes":["1","2","6","4","5"],"campaignAdType":"Interstitial"},{"campaignID":"6210","attribution":0,"priority":"5","appToPromote":{"appToPromoteID":"11566","usesDefaultFrameImage":"0","usesDefaultCloseImage":"0","marketURL":"https:\/\/play.google.com\/store\/apps\/details?id=com.mizo.line.drawing.puzzle.game","packageID":"com.mizo.line.drawing.puzzle.game"},"showTemplate":1,"s2s_tracking_url":"https:\/\/play.google.com\/store\/apps\/details?id=com.mizo.line.drawing.puzzle.game","activeCreativeID":"1322","scenes":["1","2","6","4","5"],"campaignAdType":"Video"},{"campaignID":"6213","attribution":0,"priority":"5","appToPromote":{"appToPromoteID":"11633","usesDefaultFrameImage":"0","usesDefaultCloseImage":"0","marketURL":"https:\/\/play.google.com\/store\/apps\/details?id=com.mizo.car.driving.simulator","packageID":"com.mizo.car.driving.simulator"},"showTemplate":1,"s2s_tracking_url":"https:\/\/play.google.com\/store\/apps\/details?id=com.mizo.car.driving.simulator","activeCreativeID":"1325","scenes":["1","2","6","4","5"],"campaignAdType":"Video"}],"refreshAdRate":30,"mode":"Production","aspectRatio":"4_3","cdnPath":"https:\/\/df8ymybeo92md.cloudfront.net\/images\/","sentry_log":0,"local_logging":0,"sentry_dsn":"https:\/\/93ffa1c9a4124f67b8888a53265f751a:bbf998e04584477fa9a145838e9d3b26@sentry.io\/168994","sentry_initialization":1,"sentry_debugging":0,"bannerSizes":["1"],"aspectRatioVideo":"16_9","app_id":"1632","showPreRewardedDialogue":0,"showPostRewardedDialogue":0,"rewardCurrency":"coins","rewardValue":0,"isSkipable":1,"privacyPolicyURL":"https:\/\/www.consoliads.com\/privacy-policy\/","sessionToken":"w0BrNfwwizOoqpPlr09LNuHw4dFhgs72r8st1cFtY7X2JFN5ySdlNzzXqqafPek3VLokxoyj0kw41o26yLxvYRtayqi++4hZWmXDWdvzLL0iHdVK+RGa\/UU81\/rxJ0XRNdJE9V0g8rIcj6Q2VD2m1Ww\/SOQbu+b7BDHUIID5mLI="}
Session token value is set


{"appKey":"a15540f259692e0f609b4cace3e780a9","deviceID":"5576","stats":[{"campaignID":80,"packageID":"com.mizo.flip.bottle.shooting.expert","sceneStats":[{"sceneID":"14","eventStats":"356,256,156,56,56,0,0"}]}],"sdkVersion":"39","sessionToken":"w0BrNfwwizOoqpPlr09LNuHw4dFhgs72r8st1cFtY7X2JFN5ySdlNzzXqqafPek3VLokxoyj0kw41o26yLxvYRtayqi++4hZWmXDWdvzLL0iHdVK+RGa\/UU81\/rxJ0XRNdJE9V0g8rIcj6Q2VD2m1Ww\/SOQbu+b7BDHUIID5mLI="}
cache_ttl value is correct

Refresh Ad Rate value is correct
mode value is set

 Aspect ratio value is correct
sentry_log value is set
local_logging value is set
sentry_initialization value is set
sentry_debugging value is set
showPreRewardedDialogue value is set
showPostRewardedDialogue value is set
isSkipable value is set
{"cache_ttl":10080,"cache_ttl_rewarded":10080,"cache_ttl_banner":10080,"cache_ttl_native":10080,"cache_ttl_icon":10080,"refreshAdRate":30,"mode":"Production","aspectRatio":"4_3","cdnPath":"https:\/\/df8ymybeo92md.cloudfront.net\/images\/","sentry_log":0,"local_logging":0,"sentry_dsn":"https:\/\/93ffa1c9a4124f67b8888a53265f751a:bbf998e04584477fa9a145838e9d3b26@sentry.io\/168994","sentry_initialization":1,"sentry_debugging":0,"bannerSizes":[],"aspectRatioVideo":"16_9","app_id":"1675","showPreRewardedDialogue":0,"showPostRewardedDialogue":0,"rewardCurrency":"coins","rewardValue":0,"isSkipable":0,"privacyPolicyURL":"https:\/\/www.consoliads.com\/privacy-policy\/","sessionToken":"tEtcb9PnpPsAVBlQD1Ys9G1qCMOJqZgX3EaQeGY88W26IdLpHBtxX1K2KMVdb6q0VLl9UzqNf1p\/vh9ZtuAn3Ji3yWgHMpmps1CAJyhLrjP\/o3S30e6D1trABefpebcEbleDHiBQ1BC5NC+VlIr9xMttVX5Tz507UyjV\/9T6Gg8="}
Session token value is set


{"appKey":"b86d913485cddc89a88e3a31f2611244","deviceID":"8226","stats":[{"campaignID":84,"packageID":"com.ids.kids.hospital.cashier.pro","sceneStats":[{"sceneID":"21","eventStats":"382,282,182,82,82,0,0"}]}],"sdkVersion":"39","sessionToken":"tEtcb9PnpPsAVBlQD1Ys9G1qCMOJqZgX3EaQeGY88W26IdLpHBtxX1K2KMVdb6q0VLl9UzqNf1p\/vh9ZtuAn3Ji3yWgHMpmps1CAJyhLrjP\/o3S30e6D1trABefpebcEbleDHiBQ1BC5NC+VlIr9xMttVX5Tz507UyjV\/9T6Gg8="}
cache_ttl value is correct

Refresh Ad Rate value is correct
mode value is set

 Aspect ratio value is correct
sentry_log value is set
local_logging value is set
sentry_initialization value is set
sentry_debugging value is set
showPreRewardedDialogue value is set
showPostRewardedDialogue value is set
isSkipable value is set
{"cache_ttl":10080,"cache_ttl_rewarded":10080,"cache_ttl_banner":10080,"cache_ttl_native":10080,"cache_ttl_icon":10080,"campaigns":[{"campaignID":"100","attribution":0,"priority":"5","appToPromote":{"appToPromoteID":"1906","usesDefaultFrameImage":"0","usesDefaultCloseImage":"0","marketURL":"https:\/\/play.google.com\/store\/apps\/details?id=com.tenlogix.christmas.cooking.bbq.maker","packageID":"com.tenlogix.christmas.cooking.bbq.maker"},"showTemplate":1,"s2s_tracking_url":"https:\/\/play.google.com\/store\/apps\/details?id=com.tenlogix.christmas.cooking.bbq.maker","activeCreativeID":"126","scenes":["12","1","8","6","15","2"],"campaignAdType":"Interstitial"},{"campaignID":"141","attribution":0,"priority":"5","appToPromote":{"appToPromoteID":"2162","usesDefaultFrameImage":"0","usesDefaultCloseImage":"0","marketURL":"https:\/\/play.google.com\/store\/apps\/details?id=com.tenlogix.fun.kids.eye.doctor.clinic","packageID":"com.tenlogix.fun.kids.eye.doctor.clinic"},"showTemplate":1,"s2s_tracking_url":"https:\/\/play.google.com\/store\/apps\/details?id=com.tenlogix.fun.kids.eye.doctor.clinic","activeCreativeID":"181","scenes":["12","1","8","6","15","2"],"campaignAdType":"Interstitial"},{"campaignID":"186","attribution":0,"priority":"5","appToPromote":{"appToPromoteID":"2367","usesDefaultFrameImage":"0","usesDefaultCloseImage":"0","marketURL":"https:\/\/play.google.com\/store\/apps\/details?id=com.tenlogix.kids.clinic.story.nosedoctor","packageID":"com.tenlogix.kids.clinic.story.nosedoctor"},"showTemplate":1,"s2s_tracking_url":"https:\/\/play.google.com\/store\/apps\/details?id=com.tenlogix.kids.clinic.story.nosedoctor","activeCreativeID":"256","scenes":["12","1","8","6","15","2"],"campaignAdType":"Interstitial"},{"campaignID":"212","attribution":0,"priority":"5","appToPromote":{"appToPromoteID":"2557","usesDefaultFrameImage":"0","usesDefaultCloseImage":"0","marketURL":"https:\/\/play.google.com\/store\/apps\/details?id=com.ids.theme.park.kids.cashier","packageID":"com.ids.theme.park.kids.cashier"},"showTemplate":1,"s2s_tracking_url":"https:\/\/play.google.com\/store\/apps\/details?id=com.ids.theme.park.kids.cashier","activeCreativeID":"290","scenes":["12","1","8","6","15","2"],"campaignAdType":"Interstitial"},{"campaignID":"374","attribution":0,"priority":"5","appToPromote":{"appToPromoteID":"2975","usesDefaultFrameImage":"0","usesDefaultCloseImage":"0","marketURL":"https:\/\/play.google.com\/store\/apps\/details?id=com.tenlogix.girlsgame.princess.fashion.salon","packageID":"com.tenlogix.girlsgame.princess.fashion.salon"},"showTemplate":1,"s2s_tracking_url":"https:\/\/play.google.com\/store\/apps\/details?id=com.tenlogix.girlsgame.princess.fashion.salon","activeCreativeID":"395","scenes":["12","1","8","6","15","2"],"campaignAdType":"Interstitial"},{"campaignID":"423","attribution":0,"priority":"5","appToPromote":{"appToPromoteID":"3210","usesDefaultFrameImage":"0","usesDefaultCloseImage":"0","marketURL":"https:\/\/play.google.com\/store\/apps\/details?id=com.tenlogix.highschool.crazy.cooking.chef","packageID":"com.tenlogix.highschool.crazy.cooking.chef"},"showTemplate":1,"s2s_tracking_url":"https:\/\/play.google.com\/store\/apps\/details?id=com.tenlogix.highschool.crazy.cooking.chef","activeCreativeID":"465","scenes":["12","1","8","6","15","2"],"campaignAdType":"Interstitial"},{"campaignID":"491","attribution":0,"priority":"5","appToPromote":{"appToPromoteID":"3532","usesDefaultFrameImage":"0","usesDefaultCloseImage":"0","marketURL":"https:\/\/play.google.com\/store\/apps\/details?id=com.tenlogix.highschool.girl.cooking.story","packageID":"com.tenlogix.highschool.girl.cooking.story"},"showTemplate":1,"s2s_tracking_url":"https:\/\/play.google.com\/store\/apps\/details?id=com.tenlogix.highschool.girl.cooking.story","activeCreativeID":"553","scenes":["12","1","8","6","15","2"],"campaignAdType":"Interstitial"},{"campaignID":"507","attribution":0,"priority":"5","appToPromote":{"appToPromoteID":"3472","usesDefaultFrameImage":"0","usesDefaultCloseImage":"0","marketURL":"https:\/\/play.google.com\/store\/apps\/details?id=com.tenlogix.streetfood.cooking.chef","packageID":"com.tenlogix.streetfood.cooking.chef"},"showTemplate":1,"s2s_tracking_url":"https:\/\/play.google.com\/store\/apps\/details?id=com.tenlogix.streetfood.cooking.chef","activeCreativeID":"585","scenes":["12","1","8","6","15","2"],"campaignAdType":"Interstitial"},{"campaignID":"519","attribution":0,"priority":"5","appToPromote":{"appToPromoteID":"3675","usesDefaultFrameImage":"0","usesDefaultCloseImage":"0","marketURL":"https:\/\/play.google.com\/store\/apps\/details?id=com.tenlogix.highschool.cafe.cashier.girl","packageID":"com.tenlogix.highschool.cafe.cashier.girl"},"showTemplate":1,"s2s_tracking_url":"https:\/\/play.google.com\/store\/apps\/details?id=com.tenlogix.highschool.cafe.cashier.girl","activeCreativeID":"600","scenes":["8"],"campaignAdType":"Interstitial"},{"campaignID":"525","attribution":0,"priority":"5","appToPromote":{"appToPromoteID":"3675","usesDefaultFrameImage":"0","usesDefaultCloseImage":"0","marketURL":"https:\/\/play.google.com\/store\/apps\/details?id=com.tenlogix.highschool.cafe.cashier.girl","packageID":"com.tenlogix.highschool.cafe.cashier.girl"},"showTemplate":1,"s2s_tracking_url":"https:\/\/play.google.com\/store\/apps\/details?id=com.tenlogix.highschool.cafe.cashier.girl","activeCreativeID":"600","scenes":["8"],"campaignAdType":"Interstitial"},{"campaignID":"527","attribution":0,"priority":"5","appToPromote":{"appToPromoteID":"3600","usesDefaultFrameImage":"0","usesDefaultCloseImage":"0","marketURL":"https:\/\/play.google.com\/store\/apps\/details?id=com.ids.little.farm.time.fun","packageID":"com.ids.little.farm.time.fun"},"showTemplate":1,"s2s_tracking_url":"https:\/\/play.google.com\/store\/apps\/details?id=com.ids.little.farm.time.fun","activeCreativeID":"574","scenes":["8"],"campaignAdType":"Interstitial"},{"campaignID":"533","attribution":0,"priority":"5","appToPromote":{"appToPromoteID":"3922","usesDefaultFrameImage":"0","usesDefaultCloseImage":"0","marketURL":"https:\/\/play.google.com\/store\/apps\/details?id=com.tenlogix.breakfast.maker.island.cooking.story","packageID":"com.tenlogix.breakfast.maker.island.cooking.story"},"showTemplate":1,"s2s_tracking_url":"https:\/\/play.google.com\/store\/apps\/details?id=com.tenlogix.breakfast.maker.island.cooking.story","activeCreativeID":"606","scenes":["8"],"campaignAdType":"Interstitial"},{"campaignID":"1456","attribution":0,"priority":"5","appToPromote":{"appToPromoteID":"7408","usesDefaultFrameImage":"0","usesDefaultCloseImage":"0","marketURL":"https:\/\/play.google.com\/store\/apps\/details?id=com.tenlogix.fashion.mall.cash.register.games","packageID":"com.tenlogix.fashion.mall.cash.register.games"},"showTemplate":1,"s2s_tracking_url":"https:\/\/play.google.com\/store\/apps\/details?id=com.tenlogix.fashion.mall.cash.register.games","activeCreativeID":"1001","scenes":["12","1","8","6","15","2"],"campaignAdType":"Video"},{"campaignID":"1512","attribution":0,"priority":"5","appToPromote":{"appToPromoteID":"8237","usesDefaultFrameImage":"0","usesDefaultCloseImage":"0","marketURL":"https:\/\/play.google.com\/store\/apps\/details?id=com.ids.crazykitchen.seafood.chef.cooking.game","packageID":"com.ids.crazykitchen.seafood.chef.cooking.game"},"showTemplate":1,"s2s_tracking_url":"https:\/\/play.google.com\/store\/apps\/details?id=com.ids.crazykitchen.seafood.chef.cooking.game","activeCreativeID":"1045","scenes":["12","1","8","6","15","2"],"campaignAdType":"Video"},{"campaignID":"1558","attribution":0,"priority":"5","appToPromote":{"appToPromoteID":"8503","usesDefaultFrameImage":"0","usesDefaultCloseImage":"0","marketURL":"https:\/\/play.google.com\/store\/apps\/details?id=com.tenlogix.highschoolgirls.girlsgames.fitnessgame","packageID":"com.tenlogix.highschoolgirls.girlsgames.fitnessgame"},"showTemplate":1,"s2s_tracking_url":"https:\/\/play.google.com\/store\/apps\/details?id=com.tenlogix.highschoolgirls.girlsgames.fitnessgame","activeCreativeID":"1071","scenes":["12","1","8","6","15","2"],"campaignAdType":"Video"},{"campaignID":"1560","attribution":0,"priority":"5","appToPromote":{"appToPromoteID":"8501","usesDefaultFrameImage":"0","usesDefaultCloseImage":"0","marketURL":"https:\/\/play.google.com\/store\/apps\/details?id=com.ids.restaurantmanager.jobsimulator","packageID":"com.ids.restaurantmanager.jobsimulator"},"showTemplate":1,"s2s_tracking_url":"https:\/\/play.google.com\/store\/apps\/details?id=com.ids.restaurantmanager.jobsimulator","activeCreativeID":"1073","scenes":["12","1","8","6","15","2"],"campaignAdType":"Video"},{"campaignID":"1601","attribution":0,"priority":"5","appToPromote":{"appToPromoteID":"8668","usesDefaultFrameImage":"0","usesDefaultCloseImage":"0","marketURL":"https:\/\/play.google.com\/store\/apps\/details?id=com.tenlogix.wall.street.money.exchange.bank.cashiergames","packageID":"com.tenlogix.wall.street.money.exchange.bank.cashiergames"},"showTemplate":1,"s2s_tracking_url":"https:\/\/play.google.com\/store\/apps\/details?id=com.tenlogix.wall.street.money.exchange.bank.cashiergames","activeCreativeID":"1089","scenes":["12","1","8","6","15","2"],"campaignAdType":"Video"},{"campaignID":"1622","attribution":0,"priority":"5","appToPromote":{"appToPromoteID":"8668","usesDefaultFrameImage":"0","usesDefaultCloseImage":"0","marketURL":"https:\/\/play.google.com\/store\/apps\/details?id=com.tenlogix.wall.street.money.exchange.bank.cashiergames","packageID":"com.tenlogix.wall.street.money.exchange.bank.cashiergames"},"showTemplate":1,"s2s_tracking_url":"https:\/\/play.google.com\/store\/apps\/details?id=com.tenlogix.wall.street.money.exchange.bank.cashiergames","activeCreativeID":"1093","scenes":["12","1","8","6","15","2"],"campaignAdType":"Video"},{"campaignID":"1625","attribution":0,"priority":"5","appToPromote":{"appToPromoteID":"8651","usesDefaultFrameImage":"0","usesDefaultCloseImage":"0","marketURL":"https:\/\/play.google.com\/store\/apps\/details?id=com.ids.virtual.mom.babysitter.familygames","packageID":"com.ids.virtual.mom.babysitter.familygames"},"showTemplate":1,"s2s_tracking_url":"https:\/\/play.google.com\/store\/apps\/details?id=com.ids.virtual.mom.babysitter.familygames","activeCreativeID":"1095","scenes":["12","1","8","6","15","2"],"campaignAdType":"Video"},{"campaignID":"1653","attribution":0,"priority":"5","appToPromote":{"appToPromoteID":"8931","usesDefaultFrameImage":"0","usesDefaultCloseImage":"0","marketURL":"https:\/\/play.google.com\/store\/apps\/details?id=com.tenlogix.subway.cash.register.atm.cashiergames","packageID":"com.tenlogix.subway.cash.register.atm.cashiergames"},"showTemplate":1,"s2s_tracking_url":"https:\/\/play.google.com\/store\/apps\/details?id=com.tenlogix.subway.cash.register.atm.cashiergames","activeCreativeID":"1101","scenes":["12","1","8","6","15","2"],"campaignAdType":"Video"},{"campaignID":"1707","attribution":0,"priority":"5","appToPromote":{"appToPromoteID":"9201","usesDefaultFrameImage":"0","usesDefaultCloseImage":"0","marketURL":"https:\/\/play.google.com\/store\/apps\/details?id=com.ids.mexican.food.kitchen.story.cooking.games","packageID":"com.ids.mexican.food.kitchen.story.cooking.games"},"showTemplate":1,"s2s_tracking_url":"https:\/\/play.google.com\/store\/apps\/details?id=com.ids.mexican.food.kitchen.story.cooking.games","activeCreativeID":"1117","scenes":["12","1","8","6","15","2"],"campaignAdType":"Video"},{"campaignID":"1722","attribution":0,"priority":"5","appToPromote":{"appToPromoteID":"9049","usesDefaultFrameImage":"0","usesDefaultCloseImage":"0","marketURL":"https:\/\/play.google.com\/store\/apps\/details?id=com.tenlogix.beard.barber.shop.hair.salon","packageID":"com.tenlogix.beard.barber.shop.hair.salon"},"showTemplate":1,"s2s_tracking_url":"https:\/\/play.google.com\/store\/apps\/details?id=com.tenlogix.beard.barber.shop.hair.salon","activeCreativeID":"1120","scenes":["12","1","8","6","15","2"],"campaignAdType":"Video"},{"campaignID":"1746","attribution":0,"priority":"5","appToPromote":{"appToPromoteID":"9198","usesDefaultFrameImage":"0","usesDefaultCloseImage":"0","marketURL":"https:\/\/play.google.com\/store\/apps\/details?id=com.tenlogix.slime.maker.diy.fun.game","packageID":"com.tenlogix.slime.maker.diy.fun.game"},"showTemplate":1,"s2s_tracking_url":"https:\/\/play.google.com\/store\/apps\/details?id=com.tenlogix.slime.maker.diy.fun.game","activeCreativeID":"1130","scenes":["12","1","8","6","15","2"],"campaignAdType":"Video"},{"campaignID":"1779","attribution":0,"priority":"5","appToPromote":{"appToPromoteID":"9660","usesDefaultFrameImage":"0","usesDefaultCloseImage":"0","marketURL":"https:\/\/play.google.com\/store\/apps\/details?id=com.tenlogix.football.stadium.cashier.game","packageID":"com.tenlogix.football.stadium.cashier.game"},"showTemplate":1,"s2s_tracking_url":"https:\/\/play.google.com\/store\/apps\/details?id=com.tenlogix.football.stadium.cashier.game","activeCreativeID":"1140","scenes":["12","1","8","6","15","2"],"campaignAdType":"Video"},{"campaignID":"1842","attribution":0,"priority":"5","appToPromote":{"appToPromoteID":"9663","usesDefaultFrameImage":"0","usesDefaultCloseImage":"0","marketURL":"https:\/\/play.google.com\/store\/apps\/details?id=com.tenlogix.laundry.service.dirty.clothes.washing.game","packageID":"com.tenlogix.laundry.service.dirty.clothes.washing.game"},"showTemplate":1,"s2s_tracking_url":"https:\/\/play.google.com\/store\/apps\/details?id=com.tenlogix.laundry.service.dirty.clothes.washing.game","activeCreativeID":"1175","scenes":["12","1","8","6","15","2"],"campaignAdType":"Video"}],"refreshAdRate":30,"mode":"Production","aspectRatio":"4_3","cdnPath":"https:\/\/df8ymybeo92md.cloudfront.net\/images\/","sentry_log":0,"local_logging":0,"sentry_dsn":"https:\/\/93ffa1c9a4124f67b8888a53265f751a:bbf998e04584477fa9a145838e9d3b26@sentry.io\/168994","sentry_initialization":1,"sentry_debugging":0,"bannerSizes":["5"],"aspectRatioVideo":"16_9","app_id":"1722","showPreRewardedDialogue":0,"showPostRewardedDialogue":0,"rewardCurrency":"coins","rewardValue":0,"isSkipable":0,"privacyPolicyURL":"https:\/\/www.consoliads.com\/privacy-policy\/","sessionToken":"kz63xelzcBVs7yzLkC8NWdws5GLvbiC310xKB+Oe94Gev\/rEwwgOH9s8cm8Usyts58aMTgDF3OJwj\/Vp1H0LDndVB7vm0veGxp1Mi3ZGrw24y+ie65utnfNSe83mhw37Z5+sT+MqHmec\/2FEnUu5Y8X9Qyy9Qsg1vEj57wmgelk="}
Session token value is set


{"appKey":"a3fd0355e69506375fb1411dd7b6a600","deviceID":"7954","stats":[{"campaignID":85,"packageID":"com.gss.offroad.uphill.extremetruckdriver","sceneStats":[{"sceneID":"20","eventStats":"379,279,179,79,79,0,0"}]}],"sdkVersion":"39","sessionToken":"kz63xelzcBVs7yzLkC8NWdws5GLvbiC310xKB+Oe94Gev\/rEwwgOH9s8cm8Usyts58aMTgDF3OJwj\/Vp1H0LDndVB7vm0veGxp1Mi3ZGrw24y+ie65utnfNSe83mhw37Z5+sT+MqHmec\/2FEnUu5Y8X9Qyy9Qsg1vEj57wmgelk="}
cache_ttl value is correct

Refresh Ad Rate value is correct
mode value is set

 Aspect ratio value is correct
sentry_log value is set
local_logging value is set
sentry_initialization value is set
sentry_debugging value is set
showPreRewardedDialogue value is set
showPostRewardedDialogue value is set
isSkipable value is set
{"cache_ttl":10080,"cache_ttl_rewarded":10080,"cache_ttl_banner":10080,"cache_ttl_native":10080,"cache_ttl_icon":10080,"campaigns":[{"campaignID":"98","attribution":0,"priority":"5","appToPromote":{"appToPromoteID":"1937","usesDefaultFrameImage":"0","usesDefaultCloseImage":"0","marketURL":"https:\/\/play.google.com\/store\/apps\/details?id=com.gss.offroad.policetransporttruck","packageID":"com.gss.offroad.policetransporttruck"},"showTemplate":1,"s2s_tracking_url":"https:\/\/play.google.com\/store\/apps\/details?id=com.gss.offroad.policetransporttruck","activeCreativeID":"124","scenes":["12","1","8","6","15","2"],"campaignAdType":"Interstitial"},{"campaignID":"111","attribution":0,"priority":"5","appToPromote":{"appToPromoteID":"1969","usesDefaultFrameImage":"0","usesDefaultCloseImage":"0","marketURL":"https:\/\/play.google.com\/store\/apps\/details?id=com.vg.moto.airplane.transporter.police.plane","packageID":"com.vg.moto.airplane.transporter.police.plane"},"showTemplate":1,"s2s_tracking_url":"https:\/\/play.google.com\/store\/apps\/details?id=com.vg.moto.airplane.transporter.police.plane","activeCreativeID":"143","scenes":["12","1","8","6","15","2"],"campaignAdType":"Interstitial"},{"campaignID":"115","attribution":0,"priority":"5","appToPromote":{"appToPromoteID":"2018","usesDefaultFrameImage":"0","usesDefaultCloseImage":"0","marketURL":"https:\/\/play.google.com\/store\/apps\/details?id=com.tgp.multistorey.car.transporter.truck","packageID":"com.tgp.multistorey.car.transporter.truck"},"showTemplate":1,"s2s_tracking_url":"https:\/\/play.google.com\/store\/apps\/details?id=com.tgp.multistorey.car.transporter.truck","activeCreativeID":"149","scenes":["12","1","8","6","15","2"],"campaignAdType":"Interstitial"},{"campaignID":"139","attribution":0,"priority":"5","appToPromote":{"appToPromoteID":"2150","usesDefaultFrameImage":"0","usesDefaultCloseImage":"0","marketURL":"https:\/\/play.google.com\/store\/apps\/details?id=com.gss.traffic.rush.crazy.bike.rider","packageID":"com.gss.traffic.rush.crazy.bike.rider"},"showTemplate":1,"s2s_tracking_url":"https:\/\/play.google.com\/store\/apps\/details?id=com.gss.traffic.rush.crazy.bike.rider","activeCreativeID":"179","scenes":["12","1","8","6","15","2"],"campaignAdType":"Interstitial"},{"campaignID":"142","attribution":0,"priority":"5","appToPromote":{"appToPromoteID":"2164","usesDefaultFrameImage":"0","usesDefaultCloseImage":"0","marketURL":"https:\/\/play.google.com\/store\/apps\/details?id=com.vg.police.demolition.derby.crash.racing","packageID":"com.vg.police.demolition.derby.crash.racing"},"showTemplate":1,"s2s_tracking_url":"https:\/\/play.google.com\/store\/apps\/details?id=com.vg.police.demolition.derby.crash.racing","activeCreativeID":"182","scenes":["12","1","8","6","15","2"],"campaignAdType":"Interstitial"},{"campaignID":"146","attribution":0,"priority":"5","appToPromote":{"appToPromoteID":"2225","usesDefaultFrameImage":"0","usesDefaultCloseImage":"0","marketURL":"https:\/\/play.google.com\/store\/apps\/details?id=com.gss.offroad.policebiketransport","packageID":"com.gss.offroad.policebiketransport"},"showTemplate":1,"s2s_tracking_url":"https:\/\/play.google.com\/store\/apps\/details?id=com.gss.offroad.policebiketransport","activeCreativeID":"187","scenes":["12","1","8","6","15","2"],"campaignAdType":"Interstitial"},{"campaignID":"149","attribution":0,"priority":"5","appToPromote":{"appToPromoteID":"2224","usesDefaultFrameImage":"0","usesDefaultCloseImage":"0","marketURL":"https:\/\/play.google.com\/store\/apps\/details?id=com.vg.mega.city.construction.building.sim","packageID":"com.vg.mega.city.construction.building.sim"},"showTemplate":1,"s2s_tracking_url":"https:\/\/play.google.com\/store\/apps\/details?id=com.vg.mega.city.construction.building.sim","activeCreativeID":"191","scenes":["12","1","8","6","15","2"],"campaignAdType":"Interstitial"},{"campaignID":"150","attribution":0,"priority":"5","appToPromote":{"appToPromoteID":"2224","usesDefaultFrameImage":"0","usesDefaultCloseImage":"0","marketURL":"https:\/\/play.google.com\/store\/apps\/details?id=com.vg.mega.city.construction.building.sim","packageID":"com.vg.mega.city.construction.building.sim"},"showTemplate":1,"s2s_tracking_url":"https:\/\/play.google.com\/store\/apps\/details?id=com.vg.mega.city.construction.building.sim","activeCreativeID":"191","scenes":["12","1","8","6","15","2"],"campaignAdType":"Interstitial"},{"campaignID":"155","attribution":0,"priority":"5","appToPromote":{"appToPromoteID":"2226","usesDefaultFrameImage":"0","usesDefaultCloseImage":"0","marketURL":"https:\/\/play.google.com\/store\/apps\/details?id=com.gss.garage.workshop.carmehanic","packageID":"com.gss.garage.workshop.carmehanic"},"showTemplate":1,"s2s_tracking_url":"https:\/\/play.google.com\/store\/apps\/details?id=com.gss.garage.workshop.carmehanic","activeCreativeID":"197","scenes":["12","1","8","6","15","2"],"campaignAdType":"Interstitial"},{"campaignID":"156","attribution":0,"priority":"5","appToPromote":{"appToPromoteID":"2227","usesDefaultFrameImage":"0","usesDefaultCloseImage":"0","marketURL":"https:\/\/play.google.com\/store\/apps\/details?id=com.tgp.offroad.extreme.multi.cargotruck","packageID":"com.tgp.offroad.extreme.multi.cargotruck"},"showTemplate":1,"s2s_tracking_url":"https:\/\/play.google.com\/store\/apps\/details?id=com.tgp.offroad.extreme.multi.cargotruck","activeCreativeID":"198","scenes":["12","1","8","6","15","2"],"campaignAdType":"Interstitial"},{"campaignID":"163","attribution":0,"priority":"5","appToPromote":{"appToPromoteID":"2349","usesDefaultFrameImage":"0","usesDefaultCloseImage":"0","marketURL":"https:\/\/play.google.com\/store\/apps\/details?id=com.gss.city.war.survival.robothero","packageID":"com.gss.city.war.survival.robothero"},"showTemplate":1,"s2s_tracking_url":"https:\/\/play.google.com\/store\/apps\/details?id=com.gss.city.war.survival.robothero","activeCreativeID":"207","scenes":["12","1","8","6","15","2"],"campaignAdType":"Interstitial"},{"campaignID":"164","attribution":0,"priority":"5","appToPromote":{"appToPromoteID":"2350","usesDefaultFrameImage":"0","usesDefaultCloseImage":"0","marketURL":"https:\/\/play.google.com\/store\/apps\/details?id=com.tgp.car.robot.transport.truck","packageID":"com.tgp.car.robot.transport.truck"},"showTemplate":1,"s2s_tracking_url":"https:\/\/play.google.com\/store\/apps\/details?id=com.tgp.car.robot.transport.truck","activeCreativeID":"211","scenes":["12","1","8","6","15","2"],"campaignAdType":"Interstitial"},{"campaignID":"166","attribution":0,"priority":"5","appToPromote":{"appToPromoteID":"2273","usesDefaultFrameImage":"0","usesDefaultCloseImage":"0","marketURL":"https:\/\/play.google.com\/store\/apps\/details?id=com.gss.police.automechanic.repair.workshop","packageID":"com.gss.police.automechanic.repair.workshop"},"showTemplate":1,"s2s_tracking_url":"https:\/\/play.google.com\/store\/apps\/details?id=com.gss.police.automechanic.repair.workshop","activeCreativeID":"217","scenes":["12","1","8","6","15","2"],"campaignAdType":"Interstitial"},{"campaignID":"167","attribution":0,"priority":"5","appToPromote":{"appToPromoteID":"2348","usesDefaultFrameImage":"0","usesDefaultCloseImage":"0","marketURL":"https:\/\/play.google.com\/store\/apps\/details?id=com.vg.rollercoaster.crazy.tycoon.tour","packageID":"com.vg.rollercoaster.crazy.tycoon.tour"},"showTemplate":1,"s2s_tracking_url":"https:\/\/play.google.com\/store\/apps\/details?id=com.vg.rollercoaster.crazy.tycoon.tour","activeCreativeID":"218","scenes":["12","1","8","6","15","2"],"campaignAdType":"Interstitial"},{"campaignID":"214","attribution":0,"priority":"5","appToPromote":{"appToPromoteID":"2613","usesDefaultFrameImage":"0","usesDefaultCloseImage":"0","marketURL":"https:\/\/play.google.com\/store\/apps\/details?id=com.gss.robot.bike.transport.truck","packageID":"com.gss.robot.bike.transport.truck"},"showTemplate":1,"s2s_tracking_url":"https:\/\/play.google.com\/store\/apps\/details?id=com.gss.robot.bike.transport.truck","activeCreativeID":"295","scenes":["12","1","8","6","15","2"],"campaignAdType":"Interstitial"},{"campaignID":"303","attribution":0,"priority":"5","appToPromote":{"appToPromoteID":"2642","usesDefaultFrameImage":"0","usesDefaultCloseImage":"0","marketURL":"https:\/\/play.google.com\/store\/apps\/details?id=com.tgp.offroad.robot.transport.truck","packageID":"com.tgp.offroad.robot.transport.truck"},"showTemplate":1,"s2s_tracking_url":"https:\/\/play.google.com\/store\/apps\/details?id=com.tgp.offroad.robot.transport.truck","activeCreativeID":"310","scenes":["12","1","8","6","15","2"],"campaignAdType":"Interstitial"},{"campaignID":"370","attribution":0,"priority":"5","appToPromote":{"appToPromoteID":"3065","usesDefaultFrameImage":"0","usesDefaultCloseImage":"0","marketURL":"https:\/\/play.google.com\/store\/apps\/details?id=com.gss.raft.survival.island.escape","packageID":"com.gss.raft.survival.island.escape"},"showTemplate":1,"s2s_tracking_url":"https:\/\/play.google.com\/store\/apps\/details?id=com.gss.raft.survival.island.escape","activeCreativeID":"391","scenes":["12","1","8","6","15","2"],"campaignAdType":"Interstitial"},{"campaignID":"371","attribution":0,"priority":"5","appToPromote":{"appToPromoteID":"3117","usesDefaultFrameImage":"0","usesDefaultCloseImage":"0","marketURL":"https:\/\/play.google.com\/store\/apps\/details?id=com.vg.fast.car.driver.furiousracing","packageID":"com.vg.fast.car.driver.furiousracing"},"showTemplate":1,"s2s_tracking_url":"https:\/\/play.google.com\/store\/apps\/details?id=com.vg.fast.car.driver.furiousracing","activeCreativeID":"392","scenes":["12","1","8","6","15","2"],"campaignAdType":"Interstitial"},{"campaignID":"372","attribution":0,"priority":"5","appToPromote":{"appToPromoteID":"2938","usesDefaultFrameImage":"0","usesDefaultCloseImage":"0","marketURL":"https:\/\/play.google.com\/store\/apps\/details?id=com.tgp.offroad.us.army.transport","packageID":"com.tgp.offroad.us.army.transport"},"showTemplate":1,"s2s_tracking_url":"https:\/\/play.google.com\/store\/apps\/details?id=com.tgp.offroad.us.army.transport","activeCreativeID":"393","scenes":["12","1","8","6","15","2"],"campaignAdType":"Interstitial"},{"campaignID":"396","attribution":0,"priority":"5","appToPromote":{"appToPromoteID":"3019","usesDefaultFrameImage":"0","usesDefaultCloseImage":"0","marketURL":"https:\/\/play.google.com\/store\/apps\/details?id=com.gss.robot.car.transport.truck","packageID":"com.gss.robot.car.transport.truck"},"showTemplate":1,"s2s_tracking_url":"https:\/\/play.google.com\/store\/apps\/details?id=com.gss.robot.car.transport.truck","activeCreativeID":"420","scenes":["12","1","8","6","15","2"],"campaignAdType":"Interstitial"},{"campaignID":"397","attribution":0,"priority":"5","appToPromote":{"appToPromoteID":"3108","usesDefaultFrameImage":"0","usesDefaultCloseImage":"0","marketURL":"https:\/\/play.google.com\/store\/apps\/details?id=com.vg.amazing.city.coachbusdriver","packageID":"com.vg.amazing.city.coachbusdriver"},"showTemplate":1,"s2s_tracking_url":"https:\/\/play.google.com\/store\/apps\/details?id=com.vg.amazing.city.coachbusdriver","activeCreativeID":"417","scenes":["12","1","8","6","15","2"],"campaignAdType":"Interstitial"},{"campaignID":"399","attribution":0,"priority":"5","appToPromote":{"appToPromoteID":"3151","usesDefaultFrameImage":"0","usesDefaultCloseImage":"0","marketURL":"https:\/\/play.google.com\/store\/apps\/details?id=com.tgp.watersurfer.beach.car.driving","packageID":"com.tgp.watersurfer.beach.car.driving"},"showTemplate":1,"s2s_tracking_url":"https:\/\/play.google.com\/store\/apps\/details?id=com.tgp.watersurfer.beach.car.driving","activeCreativeID":"419","scenes":["12","1","8","6","15","2"],"campaignAdType":"Interstitial"},{"campaignID":"416","attribution":0,"priority":"5","appToPromote":{"appToPromoteID":"3226","usesDefaultFrameImage":"0","usesDefaultCloseImage":"0","marketURL":"https:\/\/play.google.com\/store\/apps\/details?id=com.gss.city.rooftop.bikestuntsrider","packageID":"com.gss.city.rooftop.bikestuntsrider"},"showTemplate":1,"s2s_tracking_url":"https:\/\/play.google.com\/store\/apps\/details?id=com.gss.city.rooftop.bikestuntsrider","activeCreativeID":"453","scenes":["12","1","8","6","15","2"],"campaignAdType":"Interstitial"},{"campaignID":"418","attribution":0,"priority":"5","appToPromote":{"appToPromoteID":"3152","usesDefaultFrameImage":"0","usesDefaultCloseImage":"0","marketURL":"https:\/\/play.google.com\/store\/apps\/details?id=com.tgp.city.rooftop.bicycle.stunts.rider","packageID":"com.tgp.city.rooftop.bicycle.stunts.rider"},"showTemplate":1,"s2s_tracking_url":"https:\/\/play.google.com\/store\/apps\/details?id=com.tgp.city.rooftop.bicycle.stunts.rider","activeCreativeID":"455","scenes":["12","1","8","6","15","2"],"campaignAdType":"Interstitial"},{"campaignID":"438","attribution":0,"priority":"5","appToPromote":{"appToPromoteID":"3281","usesDefaultFrameImage":"0","usesDefaultCloseImage":"0","marketURL":"https:\/\/play.google.com\/store\/apps\/details?id=com.vg.police.car.robot.superhero","packageID":"com.vg.police.car.robot.superhero"},"showTemplate":1,"s2s_tracking_url":"https:\/\/play.google.com\/store\/apps\/details?id=com.vg.police.car.robot.superhero","activeCreativeID":"479","scenes":["12","1","8","6","15","2"],"campaignAdType":"Interstitial"}],"refreshAdRate":30,"mode":"Production","aspectRatio":"4_3","cdnPath":"https:\/\/df8ymybeo92md.cloudfront.net\/images\/","sentry_log":0,"local_logging":0,"sentry_dsn":"https:\/\/93ffa1c9a4124f67b8888a53265f751a:bbf998e04584477fa9a145838e9d3b26@sentry.io\/168994","sentry_initialization":1,"sentry_debugging":0,"bannerSizes":["5"],"aspectRatioVideo":"16_9","app_id":"1830","showPreRewardedDialogue":0,"showPostRewardedDialogue":0,"rewardCurrency":"coins","rewardValue":0,"isSkipable":0,"privacyPolicyURL":"https:\/\/www.consoliads.com\/privacy-policy\/","sessionToken":"6Nl99p1WrkuIkC38zSC3jnIf9+LKMDoZJA3wB9i+1hVMsi2a4w8e85av61rhasdLcqi9eLNuAY2b6ZJVbnznrUcn4dWls9\/jIz4+j9Od1yKQaaV470gZkbGcpMrZiX4gYaY51vxUQD3kVRsab2OmX9O74lP1iFtGP0yNIejftog="}
Session token value is set


{"appKey":"fd17f17f557e8305ce7ec87b54f27e59","deviceID":"1935","stats":[{"campaignID":86,"packageID":"com.vg.demolition.derby.extreme.car.stunts","sceneStats":[{"sceneID":"5","eventStats":"320,220,120,20,20,0,0"}]}],"sdkVersion":"2163","sessionToken":"6Nl99p1WrkuIkC38zSC3jnIf9+LKMDoZJA3wB9i+1hVMsi2a4w8e85av61rhasdLcqi9eLNuAY2b6ZJVbnznrUcn4dWls9\/jIz4+j9Od1yKQaaV470gZkbGcpMrZiX4gYaY51vxUQD3kVRsab2OmX9O74lP1iFtGP0yNIejftog="}
cache_ttl value is correct

Refresh Ad Rate value is correct
mode value is set

 Aspect ratio value is correct
sentry_log value is set
local_logging value is set
sentry_initialization value is set
sentry_debugging value is set
showPreRewardedDialogue value is set
showPostRewardedDialogue value is set
isSkipable value is set
{"cache_ttl":10080,"cache_ttl_rewarded":10080,"cache_ttl_banner":10080,"cache_ttl_native":10080,"cache_ttl_icon":10080,"campaigns":[{"campaignID":"93","attribution":0,"priority":"5","appToPromote":{"appToPromoteID":"1860","usesDefaultFrameImage":"0","usesDefaultCloseImage":"0","marketURL":"https:\/\/play.google.com\/store\/apps\/details?id=com.gss.vendetta.subwaycrime.rescue.mission","packageID":"com.gss.vendetta.subwaycrime.rescue.mission"},"showTemplate":1,"s2s_tracking_url":"https:\/\/play.google.com\/store\/apps\/details?id=com.gss.vendetta.subwaycrime.rescue.mission","activeCreativeID":"117","scenes":["12","1","8","6","15","2"],"campaignAdType":"Interstitial"},{"campaignID":"94","attribution":0,"priority":"5","appToPromote":{"appToPromoteID":"1843","usesDefaultFrameImage":"0","usesDefaultCloseImage":"0","marketURL":"https:\/\/play.google.com\/store\/apps\/details?id=com.vg.secret.agent.mafia.gods.criminal.gang","packageID":"com.vg.secret.agent.mafia.gods.criminal.gang"},"showTemplate":1,"s2s_tracking_url":"https:\/\/play.google.com\/store\/apps\/details?id=com.vg.secret.agent.mafia.gods.criminal.gang","activeCreativeID":"120","scenes":["12","1","8","6","15","2"],"campaignAdType":"Interstitial"},{"campaignID":"98","attribution":0,"priority":"5","appToPromote":{"appToPromoteID":"1937","usesDefaultFrameImage":"0","usesDefaultCloseImage":"0","marketURL":"https:\/\/play.google.com\/store\/apps\/details?id=com.gss.offroad.policetransporttruck","packageID":"com.gss.offroad.policetransporttruck"},"showTemplate":1,"s2s_tracking_url":"https:\/\/play.google.com\/store\/apps\/details?id=com.gss.offroad.policetransporttruck","activeCreativeID":"124","scenes":["12","1","8","6","15","2"],"campaignAdType":"Interstitial"},{"campaignID":"111","attribution":0,"priority":"5","appToPromote":{"appToPromoteID":"1969","usesDefaultFrameImage":"0","usesDefaultCloseImage":"0","marketURL":"https:\/\/play.google.com\/store\/apps\/details?id=com.vg.moto.airplane.transporter.police.plane","packageID":"com.vg.moto.airplane.transporter.police.plane"},"showTemplate":1,"s2s_tracking_url":"https:\/\/play.google.com\/store\/apps\/details?id=com.vg.moto.airplane.transporter.police.plane","activeCreativeID":"143","scenes":["12","1","8","6","15","2"],"campaignAdType":"Interstitial"},{"campaignID":"112","attribution":0,"priority":"5","appToPromote":{"appToPromoteID":"1998","usesDefaultFrameImage":"0","usesDefaultCloseImage":"0","marketURL":"https:\/\/play.google.com\/store\/apps\/details?id=com.gss.citygangster.underworldempire.mafia.crime","packageID":"com.gss.citygangster.underworldempire.mafia.crime"},"showTemplate":1,"s2s_tracking_url":"https:\/\/play.google.com\/store\/apps\/details?id=com.gss.citygangster.underworldempire.mafia.crime","activeCreativeID":"146","scenes":["12","1","8","6","15","2"],"campaignAdType":"Interstitial"},{"campaignID":"114","attribution":0,"priority":"5","appToPromote":{"appToPromoteID":"2007","usesDefaultFrameImage":"0","usesDefaultCloseImage":"0","marketURL":"https:\/\/play.google.com\/store\/apps\/details?id=com.vg.police.secret.agent.crime.gang","packageID":"com.vg.police.secret.agent.crime.gang"},"showTemplate":1,"s2s_tracking_url":"https:\/\/play.google.com\/store\/apps\/details?id=com.vg.police.secret.agent.crime.gang","activeCreativeID":"148","scenes":["12","1","8","6","15","2"],"campaignAdType":"Interstitial"},{"campaignID":"115","attribution":0,"priority":"5","appToPromote":{"appToPromoteID":"2018","usesDefaultFrameImage":"0","usesDefaultCloseImage":"0","marketURL":"https:\/\/play.google.com\/store\/apps\/details?id=com.tgp.multistorey.car.transporter.truck","packageID":"com.tgp.multistorey.car.transporter.truck"},"showTemplate":1,"s2s_tracking_url":"https:\/\/play.google.com\/store\/apps\/details?id=com.tgp.multistorey.car.transporter.truck","activeCreativeID":"149","scenes":["12","1","8","6","15","2"],"campaignAdType":"Interstitial"},{"campaignID":"132","attribution":0,"priority":"5","appToPromote":{"appToPromoteID":"2109","usesDefaultFrameImage":"0","usesDefaultCloseImage":"0","marketURL":"https:\/\/play.google.com\/store\/apps\/details?id=com.gss.us.army.commando.survival","packageID":"com.gss.us.army.commando.survival"},"showTemplate":1,"s2s_tracking_url":"https:\/\/play.google.com\/store\/apps\/details?id=com.gss.us.army.commando.survival","activeCreativeID":"171","scenes":["12","1","8","6","15","2"],"campaignAdType":"Interstitial"},{"campaignID":"133","attribution":0,"priority":"5","appToPromote":{"appToPromoteID":"2118","usesDefaultFrameImage":"0","usesDefaultCloseImage":"0","marketURL":"https:\/\/play.google.com\/store\/apps\/details?id=com.vg.us.war.mafia.gang.vegas.crime","packageID":"com.vg.us.war.mafia.gang.vegas.crime"},"showTemplate":1,"s2s_tracking_url":"https:\/\/play.google.com\/store\/apps\/details?id=com.vg.us.war.mafia.gang.vegas.crime","activeCreativeID":"172","scenes":["12","1","8","6","15","2"],"campaignAdType":"Interstitial"},{"campaignID":"139","attribution":0,"priority":"5","appToPromote":{"appToPromoteID":"2150","usesDefaultFrameImage":"0","usesDefaultCloseImage":"0","marketURL":"https:\/\/play.google.com\/store\/apps\/details?id=com.gss.traffic.rush.crazy.bike.rider","packageID":"com.gss.traffic.rush.crazy.bike.rider"},"showTemplate":1,"s2s_tracking_url":"https:\/\/play.google.com\/store\/apps\/details?id=com.gss.traffic.rush.crazy.bike.rider","activeCreativeID":"179","scenes":["12","1","8","6","15","2"],"campaignAdType":"Interstitial"},{"campaignID":"142","attribution":0,"priority":"5","appToPromote":{"appToPromoteID":"2164","usesDefaultFrameImage":"0","usesDefaultCloseImage":"0","marketURL":"https:\/\/play.google.com\/store\/apps\/details?id=com.vg.police.demolition.derby.crash.racing","packageID":"com.vg.police.demolition.derby.crash.racing"},"showTemplate":1,"s2s_tracking_url":"https:\/\/play.google.com\/store\/apps\/details?id=com.vg.police.demolition.derby.crash.racing","activeCreativeID":"182","scenes":["12","1","8","6","15","2"],"campaignAdType":"Interstitial"},{"campaignID":"146","attribution":0,"priority":"5","appToPromote":{"appToPromoteID":"2225","usesDefaultFrameImage":"0","usesDefaultCloseImage":"0","marketURL":"https:\/\/play.google.com\/store\/apps\/details?id=com.gss.offroad.policebiketransport","packageID":"com.gss.offroad.policebiketransport"},"showTemplate":1,"s2s_tracking_url":"https:\/\/play.google.com\/store\/apps\/details?id=com.gss.offroad.policebiketransport","activeCreativeID":"187","scenes":["12","1","8","6","15","2"],"campaignAdType":"Interstitial"},{"campaignID":"149","attribution":0,"priority":"5","appToPromote":{"appToPromoteID":"2224","usesDefaultFrameImage":"0","usesDefaultCloseImage":"0","marketURL":"https:\/\/play.google.com\/store\/apps\/details?id=com.vg.mega.city.construction.building.sim","packageID":"com.vg.mega.city.construction.building.sim"},"showTemplate":1,"s2s_tracking_url":"https:\/\/play.google.com\/store\/apps\/details?id=com.vg.mega.city.construction.building.sim","activeCreativeID":"191","scenes":["12","1","8","6","15","2"],"campaignAdType":"Interstitial"},{"campaignID":"150","attribution":0,"priority":"5","appToPromote":{"appToPromoteID":"2224","usesDefaultFrameImage":"0","usesDefaultCloseImage":"0","marketURL":"https:\/\/play.google.com\/store\/apps\/details?id=com.vg.mega.city.construction.building.sim","packageID":"com.vg.mega.city.construction.building.sim"},"showTemplate":1,"s2s_tracking_url":"https:\/\/play.google.com\/store\/apps\/details?id=com.vg.mega.city.construction.building.sim","activeCreativeID":"191","scenes":["12","1","8","6","15","2"],"campaignAdType":"Interstitial"},{"campaignID":"152","attribution":0,"priority":"5","appToPromote":{"appToPromoteID":"1348","usesDefaultFrameImage":"0","usesDefaultCloseImage":"0","marketURL":"https:\/\/play.google.com\/store\/apps\/details?id=com.gss.police.sniper.prison.gaurd","packageID":"com.gss.police.sniper.prison.gaurd"},"showTemplate":1,"s2s_tracking_url":"https:\/\/play.google.com\/store\/apps\/details?id=com.gss.police.sniper.prison.gaurd","activeCreativeID":"192","scenes":["12","1","8","6","15","2"],"campaignAdType":"Interstitial"},{"campaignID":"155","attribution":0,"priority":"5","appToPromote":{"appToPromoteID":"2226","usesDefaultFrameImage":"0","usesDefaultCloseImage":"0","marketURL":"https:\/\/play.google.com\/store\/apps\/details?id=com.gss.garage.workshop.carmehanic","packageID":"com.gss.garage.workshop.carmehanic"},"showTemplate":1,"s2s_tracking_url":"https:\/\/play.google.com\/store\/apps\/details?id=com.gss.garage.workshop.carmehanic","activeCreativeID":"197","scenes":["12","1","8","6","15","2"],"campaignAdType":"Interstitial"},{"campaignID":"156","attribution":0,"priority":"5","appToPromote":{"appToPromoteID":"2227","usesDefaultFrameImage":"0","usesDefaultCloseImage":"0","marketURL":"https:\/\/play.google.com\/store\/apps\/details?id=com.tgp.offroad.extreme.multi.cargotruck","packageID":"com.tgp.offroad.extreme.multi.cargotruck"},"showTemplate":1,"s2s_tracking_url":"https:\/\/play.google.com\/store\/apps\/details?id=com.tgp.offroad.extreme.multi.cargotruck","activeCreativeID":"198","scenes":["12","1","8","6","15","2"],"campaignAdType":"Interstitial"},{"campaignID":"158","attribution":0,"priority":"5","appToPromote":{"appToPromoteID":"2223","usesDefaultFrameImage":"0","usesDefaultCloseImage":"0","marketURL":"https:\/\/play.google.com\/store\/apps\/details?id=com.vg.counter.mafia.squad.army.training","packageID":"com.vg.counter.mafia.squad.army.training"},"showTemplate":1,"s2s_tracking_url":"https:\/\/play.google.com\/store\/apps\/details?id=com.vg.counter.mafia.squad.army.training","activeCreativeID":"204","scenes":["12","1","8","6","15","2"],"campaignAdType":"Interstitial"},{"campaignID":"162","attribution":0,"priority":"5","appToPromote":{"appToPromoteID":"2268","usesDefaultFrameImage":"0","usesDefaultCloseImage":"0","marketURL":"https:\/\/play.google.com\/store\/apps\/details?id=com.vg.prisoner.escape.survival.hero","packageID":"com.vg.prisoner.escape.survival.hero"},"showTemplate":1,"s2s_tracking_url":"https:\/\/play.google.com\/store\/apps\/details?id=com.vg.prisoner.escape.survival.hero","activeCreativeID":"206","scenes":["12","1","8","6","15","2"],"campaignAdType":"Interstitial"},{"campaignID":"163","attribution":0,"priority":"5","appToPromote":{"appToPromoteID":"2349","usesDefaultFrameImage":"0","usesDefaultCloseImage":"0","marketURL":"https:\/\/play.google.com\/store\/apps\/details?id=com.gss.city.war.survival.robothero","packageID":"com.gss.city.war.survival.robothero"},"showTemplate":1,"s2s_tracking_url":"https:\/\/play.google.com\/store\/apps\/details?id=com.gss.city.war.survival.robothero","activeCreativeID":"207","scenes":["12","1","8","6","15","2"],"campaignAdType":"Interstitial"},{"campaignID":"164","attribution":0,"priority":"5","appToPromote":{"appToPromoteID":"2350","usesDefaultFrameImage":"0","usesDefaultCloseImage":"0","marketURL":"https:\/\/play.google.com\/store\/apps\/details?id=com.tgp.car.robot.transport.truck","packageID":"com.tgp.car.robot.transport.truck"},"showTemplate":1,"s2s_tracking_url":"https:\/\/play.google.com\/store\/apps\/details?id=com.tgp.car.robot.transport.truck","activeCreativeID":"211","scenes":["12","1","8","6","15","2"],"campaignAdType":"Interstitial"},{"campaignID":"166","attribution":0,"priority":"5","appToPromote":{"appToPromoteID":"2273","usesDefaultFrameImage":"0","usesDefaultCloseImage":"0","marketURL":"https:\/\/play.google.com\/store\/apps\/details?id=com.gss.police.automechanic.repair.workshop","packageID":"com.gss.police.automechanic.repair.workshop"},"showTemplate":1,"s2s_tracking_url":"https:\/\/play.google.com\/store\/apps\/details?id=com.gss.police.automechanic.repair.workshop","activeCreativeID":"217","scenes":["12","1","8","6","15","2"],"campaignAdType":"Interstitial"},{"campaignID":"167","attribution":0,"priority":"5","appToPromote":{"appToPromoteID":"2348","usesDefaultFrameImage":"0","usesDefaultCloseImage":"0","marketURL":"https:\/\/play.google.com\/store\/apps\/details?id=com.vg.rollercoaster.crazy.tycoon.tour","packageID":"com.vg.rollercoaster.crazy.tycoon.tour"},"showTemplate":1,"s2s_tracking_url":"https:\/\/play.google.com\/store\/apps\/details?id=com.vg.rollercoaster.crazy.tycoon.tour","activeCreativeID":"218","scenes":["12","1","8","6","15","2"],"campaignAdType":"Interstitial"},{"campaignID":"207","attribution":0,"priority":"5","appToPromote":{"appToPromoteID":"2450","usesDefaultFrameImage":"0","usesDefaultCloseImage":"0","marketURL":"https:\/\/play.google.com\/store\/apps\/details?id=com.gss.army.commando.survivalisland","packageID":"com.gss.army.commando.survivalisland"},"showTemplate":1,"s2s_tracking_url":"https:\/\/play.google.com\/store\/apps\/details?id=com.gss.army.commando.survivalisland","activeCreativeID":"281","scenes":["12","1","8","6","15","2"],"campaignAdType":"Interstitial"},{"campaignID":"214","attribution":0,"priority":"5","appToPromote":{"appToPromoteID":"2613","usesDefaultFrameImage":"0","usesDefaultCloseImage":"0","marketURL":"https:\/\/play.google.com\/store\/apps\/details?id=com.gss.robot.bike.transport.truck","packageID":"com.gss.robot.bike.transport.truck"},"showTemplate":1,"s2s_tracking_url":"https:\/\/play.google.com\/store\/apps\/details?id=com.gss.robot.bike.transport.truck","activeCreativeID":"295","scenes":["12","1","8","6","15","2"],"campaignAdType":"Interstitial"}],"refreshAdRate":30,"mode":"Production","aspectRatio":"4_3","cdnPath":"https:\/\/df8ymybeo92md.cloudfront.net\/images\/","sentry_log":0,"local_logging":0,"sentry_dsn":"https:\/\/93ffa1c9a4124f67b8888a53265f751a:bbf998e04584477fa9a145838e9d3b26@sentry.io\/168994","sentry_initialization":1,"sentry_debugging":0,"bannerSizes":["1"],"aspectRatioVideo":"16_9","app_id":"1823","showPreRewardedDialogue":0,"showPostRewardedDialogue":0,"rewardCurrency":"coins","rewardValue":0,"isSkipable":1,"privacyPolicyURL":"https:\/\/www.consoliads.com\/privacy-policy\/","sessionToken":"wunpcOWJCYD2vtanNvfDV\/0wfA0RWQW6SuPImokDYkgwprWvXUFlT65uq9mmd5Hv29yD5wWY6yBthwnrIUlrjZBQAtGd108uSd7U2ehCrcm5DCik+kZQZQwUgXTcvlIIB4oydNp3tU3+VUZ2i2EbX2XVk+ca3VA0hZIKMxYMqWA="}
Session token value is set


{"appKey":"3d9a2ad28f8f99beaf2e117d8d1c3ebb","deviceID":"6711","stats":[{"campaignID":96,"packageID":"com.rgs.offroad.police.monster.truck","sceneStats":[{"sceneID":"17","eventStats":"367,267,167,67,67,0,0"}]}],"sdkVersion":"39","sessionToken":"wunpcOWJCYD2vtanNvfDV\/0wfA0RWQW6SuPImokDYkgwprWvXUFlT65uq9mmd5Hv29yD5wWY6yBthwnrIUlrjZBQAtGd108uSd7U2ehCrcm5DCik+kZQZQwUgXTcvlIIB4oydNp3tU3+VUZ2i2EbX2XVk+ca3VA0hZIKMxYMqWA="}
cache_ttl value is correct

Refresh Ad Rate value is correct
mode value is set

 Aspect ratio value is correct
sentry_log value is set
local_logging value is set
sentry_initialization value is set
sentry_debugging value is set
showPreRewardedDialogue value is set
showPostRewardedDialogue value is set
isSkipable value is set
{"cache_ttl":10080,"cache_ttl_rewarded":10080,"cache_ttl_banner":10080,"cache_ttl_native":10080,"cache_ttl_icon":10080,"refreshAdRate":30,"mode":"Production","aspectRatio":"4_3","cdnPath":"https:\/\/df8ymybeo92md.cloudfront.net\/images\/","sentry_log":0,"local_logging":0,"sentry_dsn":"https:\/\/93ffa1c9a4124f67b8888a53265f751a:bbf998e04584477fa9a145838e9d3b26@sentry.io\/168994","sentry_initialization":1,"sentry_debugging":0,"bannerSizes":[],"aspectRatioVideo":"16_9","app_id":"1921","showPreRewardedDialogue":0,"showPostRewardedDialogue":0,"rewardCurrency":"coins","rewardValue":0,"isSkipable":0,"privacyPolicyURL":"https:\/\/www.consoliads.com\/privacy-policy\/","sessionToken":"6k86SITP7zv1mNfSN8ytCm0dJNxTIBlD8JvJhnCPaFBH0YRPPI789hNTSIWijcY581pFPNTFq\/J0fSvEe0dRW5c20wdz7nacHGuLnSE0SUj1\/X9F1qe+B9Tfejy7I535MULj6\/8EWkuUh04H0scxd8ls\/KfGE\/Knsx2KlXMFQ\/s="}
Session token value is set


{"appKey":"b6cf3bbc179e3b767025729170fbb3cf","deviceID":"2187","stats":[{"campaignID":98,"packageID":"com.gss.offroad.policetransporttruck","sceneStats":[{"sceneID":"6","eventStats":"322,222,122,22,22,0,0"}]}],"sdkVersion":"2163","sessionToken":"6k86SITP7zv1mNfSN8ytCm0dJNxTIBlD8JvJhnCPaFBH0YRPPI789hNTSIWijcY581pFPNTFq\/J0fSvEe0dRW5c20wdz7nacHGuLnSE0SUj1\/X9F1qe+B9Tfejy7I535MULj6\/8EWkuUh04H0scxd8ls\/KfGE\/Knsx2KlXMFQ\/s="}
cache_ttl value is correct

Refresh Ad Rate value is correct
mode value is set

 Aspect ratio value is correct
sentry_log value is set
local_logging value is set
sentry_initialization value is set
sentry_debugging value is set
showPreRewardedDialogue value is set
showPostRewardedDialogue value is set
isSkipable value is set
{"cache_ttl":10080,"cache_ttl_rewarded":10080,"cache_ttl_banner":10080,"cache_ttl_native":10080,"cache_ttl_icon":10080,"campaigns":[{"campaignID":"111","attribution":0,"priority":"5","appToPromote":{"appToPromoteID":"1969","usesDefaultFrameImage":"0","usesDefaultCloseImage":"0","marketURL":"https:\/\/play.google.com\/store\/apps\/details?id=com.vg.moto.airplane.transporter.police.plane","packageID":"com.vg.moto.airplane.transporter.police.plane"},"showTemplate":1,"s2s_tracking_url":"https:\/\/play.google.com\/store\/apps\/details?id=com.vg.moto.airplane.transporter.police.plane","activeCreativeID":"143","scenes":["12","1","8","6","15","2"],"campaignAdType":"Interstitial"},{"campaignID":"115","attribution":0,"priority":"5","appToPromote":{"appToPromoteID":"2018","usesDefaultFrameImage":"0","usesDefaultCloseImage":"0","marketURL":"https:\/\/play.google.com\/store\/apps\/details?id=com.tgp.multistorey.car.transporter.truck","packageID":"com.tgp.multistorey.car.transporter.truck"},"showTemplate":1,"s2s_tracking_url":"https:\/\/play.google.com\/store\/apps\/details?id=com.tgp.multistorey.car.transporter.truck","activeCreativeID":"149","scenes":["12","1","8","6","15","2"],"campaignAdType":"Interstitial"},{"campaignID":"139","attribution":0,"priority":"5","appToPromote":{"appToPromoteID":"2150","usesDefaultFrameImage":"0","usesDefaultCloseImage":"0","marketURL":"https:\/\/play.google.com\/store\/apps\/details?id=com.gss.traffic.rush.crazy.bike.rider","packageID":"com.gss.traffic.rush.crazy.bike.rider"},"showTemplate":1,"s2s_tracking_url":"https:\/\/play.google.com\/store\/apps\/details?id=com.gss.traffic.rush.crazy.bike.rider","activeCreativeID":"179","scenes":["12","1","8","6","15","2"],"campaignAdType":"Interstitial"},{"campaignID":"142","attribution":0,"priority":"5","appToPromote":{"appToPromoteID":"2164","usesDefaultFrameImage":"0","usesDefaultCloseImage":"0","marketURL":"https:\/\/play.google.com\/store\/apps\/details?id=com.vg.police.demolition.derby.crash.racing","packageID":"com.vg.police.demolition.derby.crash.racing"},"showTemplate":1,"s2s_tracking_url":"https:\/\/play.google.com\/store\/apps\/details?id=com.vg.police.demolition.derby.crash.racing","activeCreativeID":"182","scenes":["12","1","8","6","15","2"],"campaignAdType":"Interstitial"},{"campaignID":"146","attribution":0,"priority":"5","appToPromote":{"appToPromoteID":"2225","usesDefaultFrameImage":"0","usesDefaultCloseImage":"0","marketURL":"https:\/\/play.google.com\/store\/apps\/details?id=com.gss.offroad.policebiketransport","packageID":"com.gss.offroad.policebiketransport"},"showTemplate":1,"s2s_tracking_url":"https:\/\/play.google.com\/store\/apps\/details?id=com.gss.offroad.policebiketransport","activeCreativeID":"187","scenes":["12","1","8","6","15","2"],"campaignAdType":"Interstitial"},{"campaignID":"149","attribution":0,"priority":"5","appToPromote":{"appToPromoteID":"2224","usesDefaultFrameImage":"0","usesDefaultCloseImage":"0","marketURL":"https:\/\/play.google.com\/store\/apps\/details?id=com.vg.mega.city.construction.building.sim","packageID":"com.vg.mega.city.construction.building.sim"},"showTemplate":1,"s2s_tracking_url":"https:\/\/play.google.com\/store\/apps\/details?id=com.vg.mega.city.construction.building.sim","activeCreativeID":"191","scenes":["12","1","8","6","15","2"],"campaignAdType":"Interstitial"},{"campaignID":"150","attribution":0,"priority":"5","appToPromote":{"appToPromoteID":"2224","usesDefaultFrameImage":"0","usesDefaultCloseImage":"0","marketURL":"https:\/\/play.google.com\/store\/apps\/details?id=com.vg.mega.city.construction.building.sim","packageID":"com.vg.mega.city.construction.building.sim"},"showTemplate":1,"s2s_tracking_url":"https:\/\/play.google.com\/store\/apps\/details?id=com.vg.mega.city.construction.building.sim","activeCreativeID":"191","scenes":["12","1","8","6","15","2"],"campaignAdType":"Interstitial"},{"campaignID":"155","attribution":0,"priority":"5","appToPromote":{"appToPromoteID":"2226","usesDefaultFrameImage":"0","usesDefaultCloseImage":"0","marketURL":"https:\/\/play.google.com\/store\/apps\/details?id=com.gss.garage.workshop.carmehanic","packageID":"com.gss.garage.workshop.carmehanic"},"showTemplate":1,"s2s_tracking_url":"https:\/\/play.google.com\/store\/apps\/details?id=com.gss.garage.workshop.carmehanic","activeCreativeID":"197","scenes":["12","1","8","6","15","2"],"campaignAdType":"Interstitial"},{"campaignID":"156","attribution":0,"priority":"5","appToPromote":{"appToPromoteID":"2227","usesDefaultFrameImage":"0","usesDefaultCloseImage":"0","marketURL":"https:\/\/play.google.com\/store\/apps\/details?id=com.tgp.offroad.extreme.multi.cargotruck","packageID":"com.tgp.offroad.extreme.multi.cargotruck"},"showTemplate":1,"s2s_tracking_url":"https:\/\/play.google.com\/store\/apps\/details?id=com.tgp.offroad.extreme.multi.cargotruck","activeCreativeID":"198","scenes":["12","1","8","6","15","2"],"campaignAdType":"Interstitial"},{"campaignID":"163","attribution":0,"priority":"5","appToPromote":{"appToPromoteID":"2349","usesDefaultFrameImage":"0","usesDefaultCloseImage":"0","marketURL":"https:\/\/play.google.com\/store\/apps\/details?id=com.gss.city.war.survival.robothero","packageID":"com.gss.city.war.survival.robothero"},"showTemplate":1,"s2s_tracking_url":"https:\/\/play.google.com\/store\/apps\/details?id=com.gss.city.war.survival.robothero","activeCreativeID":"207","scenes":["12","1","8","6","15","2"],"campaignAdType":"Interstitial"},{"campaignID":"164","attribution":0,"priority":"5","appToPromote":{"appToPromoteID":"2350","usesDefaultFrameImage":"0","usesDefaultCloseImage":"0","marketURL":"https:\/\/play.google.com\/store\/apps\/details?id=com.tgp.car.robot.transport.truck","packageID":"com.tgp.car.robot.transport.truck"},"showTemplate":1,"s2s_tracking_url":"https:\/\/play.google.com\/store\/apps\/details?id=com.tgp.car.robot.transport.truck","activeCreativeID":"211","scenes":["12","1","8","6","15","2"],"campaignAdType":"Interstitial"},{"campaignID":"166","attribution":0,"priority":"5","appToPromote":{"appToPromoteID":"2273","usesDefaultFrameImage":"0","usesDefaultCloseImage":"0","marketURL":"https:\/\/play.google.com\/store\/apps\/details?id=com.gss.police.automechanic.repair.workshop","packageID":"com.gss.police.automechanic.repair.workshop"},"showTemplate":1,"s2s_tracking_url":"https:\/\/play.google.com\/store\/apps\/details?id=com.gss.police.automechanic.repair.workshop","activeCreativeID":"217","scenes":["12","1","8","6","15","2"],"campaignAdType":"Interstitial"},{"campaignID":"167","attribution":0,"priority":"5","appToPromote":{"appToPromoteID":"2348","usesDefaultFrameImage":"0","usesDefaultCloseImage":"0","marketURL":"https:\/\/play.google.com\/store\/apps\/details?id=com.vg.rollercoaster.crazy.tycoon.tour","packageID":"com.vg.rollercoaster.crazy.tycoon.tour"},"showTemplate":1,"s2s_tracking_url":"https:\/\/play.google.com\/store\/apps\/details?id=com.vg.rollercoaster.crazy.tycoon.tour","activeCreativeID":"218","scenes":["12","1","8","6","15","2"],"campaignAdType":"Interstitial"},{"campaignID":"214","attribution":0,"priority":"5","appToPromote":{"appToPromoteID":"2613","usesDefaultFrameImage":"0","usesDefaultCloseImage":"0","marketURL":"https:\/\/play.google.com\/store\/apps\/details?id=com.gss.robot.bike.transport.truck","packageID":"com.gss.robot.bike.transport.truck"},"showTemplate":1,"s2s_tracking_url":"https:\/\/play.google.com\/store\/apps\/details?id=com.gss.robot.bike.transport.truck","activeCreativeID":"295","scenes":["12","1","8","6","15","2"],"campaignAdType":"Interstitial"},{"campaignID":"303","attribution":0,"priority":"5","appToPromote":{"appToPromoteID":"2642","usesDefaultFrameImage":"0","usesDefaultCloseImage":"0","marketURL":"https:\/\/play.google.com\/store\/apps\/details?id=com.tgp.offroad.robot.transport.truck","packageID":"com.tgp.offroad.robot.transport.truck"},"showTemplate":1,"s2s_tracking_url":"https:\/\/play.google.com\/store\/apps\/details?id=com.tgp.offroad.robot.transport.truck","activeCreativeID":"310","scenes":["12","1","8","6","15","2"],"campaignAdType":"Interstitial"},{"campaignID":"370","attribution":0,"priority":"5","appToPromote":{"appToPromoteID":"3065","usesDefaultFrameImage":"0","usesDefaultCloseImage":"0","marketURL":"https:\/\/play.google.com\/store\/apps\/details?id=com.gss.raft.survival.island.escape","packageID":"com.gss.raft.survival.island.escape"},"showTemplate":1,"s2s_tracking_url":"https:\/\/play.google.com\/store\/apps\/details?id=com.gss.raft.survival.island.escape","activeCreativeID":"391","scenes":["12","1","8","6","15","2"],"campaignAdType":"Interstitial"},{"campaignID":"371","attribution":0,"priority":"5","appToPromote":{"appToPromoteID":"3117","usesDefaultFrameImage":"0","usesDefaultCloseImage":"0","marketURL":"https:\/\/play.google.com\/store\/apps\/details?id=com.vg.fast.car.driver.furiousracing","packageID":"com.vg.fast.car.driver.furiousracing"},"showTemplate":1,"s2s_tracking_url":"https:\/\/play.google.com\/store\/apps\/details?id=com.vg.fast.car.driver.furiousracing","activeCreativeID":"392","scenes":["12","1","8","6","15","2"],"campaignAdType":"Interstitial"},{"campaignID":"372","attribution":0,"priority":"5","appToPromote":{"appToPromoteID":"2938","usesDefaultFrameImage":"0","usesDefaultCloseImage":"0","marketURL":"https:\/\/play.google.com\/store\/apps\/details?id=com.tgp.offroad.us.army.transport","packageID":"com.tgp.offroad.us.army.transport"},"showTemplate":1,"s2s_tracking_url":"https:\/\/play.google.com\/store\/apps\/details?id=com.tgp.offroad.us.army.transport","activeCreativeID":"393","scenes":["12","1","8","6","15","2"],"campaignAdType":"Interstitial"},{"campaignID":"396","attribution":0,"priority":"5","appToPromote":{"appToPromoteID":"3019","usesDefaultFrameImage":"0","usesDefaultCloseImage":"0","marketURL":"https:\/\/play.google.com\/store\/apps\/details?id=com.gss.robot.car.transport.truck","packageID":"com.gss.robot.car.transport.truck"},"showTemplate":1,"s2s_tracking_url":"https:\/\/play.google.com\/store\/apps\/details?id=com.gss.robot.car.transport.truck","activeCreativeID":"420","scenes":["12","1","8","6","15","2"],"campaignAdType":"Interstitial"},{"campaignID":"397","attribution":0,"priority":"5","appToPromote":{"appToPromoteID":"3108","usesDefaultFrameImage":"0","usesDefaultCloseImage":"0","marketURL":"https:\/\/play.google.com\/store\/apps\/details?id=com.vg.amazing.city.coachbusdriver","packageID":"com.vg.amazing.city.coachbusdriver"},"showTemplate":1,"s2s_tracking_url":"https:\/\/play.google.com\/store\/apps\/details?id=com.vg.amazing.city.coachbusdriver","activeCreativeID":"417","scenes":["12","1","8","6","15","2"],"campaignAdType":"Interstitial"},{"campaignID":"399","attribution":0,"priority":"5","appToPromote":{"appToPromoteID":"3151","usesDefaultFrameImage":"0","usesDefaultCloseImage":"0","marketURL":"https:\/\/play.google.com\/store\/apps\/details?id=com.tgp.watersurfer.beach.car.driving","packageID":"com.tgp.watersurfer.beach.car.driving"},"showTemplate":1,"s2s_tracking_url":"https:\/\/play.google.com\/store\/apps\/details?id=com.tgp.watersurfer.beach.car.driving","activeCreativeID":"419","scenes":["12","1","8","6","15","2"],"campaignAdType":"Interstitial"},{"campaignID":"416","attribution":0,"priority":"5","appToPromote":{"appToPromoteID":"3226","usesDefaultFrameImage":"0","usesDefaultCloseImage":"0","marketURL":"https:\/\/play.google.com\/store\/apps\/details?id=com.gss.city.rooftop.bikestuntsrider","packageID":"com.gss.city.rooftop.bikestuntsrider"},"showTemplate":1,"s2s_tracking_url":"https:\/\/play.google.com\/store\/apps\/details?id=com.gss.city.rooftop.bikestuntsrider","activeCreativeID":"453","scenes":["12","1","8","6","15","2"],"campaignAdType":"Interstitial"},{"campaignID":"418","attribution":0,"priority":"5","appToPromote":{"appToPromoteID":"3152","usesDefaultFrameImage":"0","usesDefaultCloseImage":"0","marketURL":"https:\/\/play.google.com\/store\/apps\/details?id=com.tgp.city.rooftop.bicycle.stunts.rider","packageID":"com.tgp.city.rooftop.bicycle.stunts.rider"},"showTemplate":1,"s2s_tracking_url":"https:\/\/play.google.com\/store\/apps\/details?id=com.tgp.city.rooftop.bicycle.stunts.rider","activeCreativeID":"455","scenes":["12","1","8","6","15","2"],"campaignAdType":"Interstitial"},{"campaignID":"438","attribution":0,"priority":"5","appToPromote":{"appToPromoteID":"3281","usesDefaultFrameImage":"0","usesDefaultCloseImage":"0","marketURL":"https:\/\/play.google.com\/store\/apps\/details?id=com.vg.police.car.robot.superhero","packageID":"com.vg.police.car.robot.superhero"},"showTemplate":1,"s2s_tracking_url":"https:\/\/play.google.com\/store\/apps\/details?id=com.vg.police.car.robot.superhero","activeCreativeID":"479","scenes":["12","1","8","6","15","2"],"campaignAdType":"Interstitial"},{"campaignID":"446","attribution":0,"priority":"5","appToPromote":{"appToPromoteID":"3390","usesDefaultFrameImage":"0","usesDefaultCloseImage":"0","marketURL":"https:\/\/play.google.com\/store\/apps\/details?id=com.gss.flying.spider.superhero.survival","packageID":"com.gss.flying.spider.superhero.survival"},"showTemplate":1,"s2s_tracking_url":"https:\/\/play.google.com\/store\/apps\/details?id=com.gss.flying.spider.superhero.survival","activeCreativeID":"488","scenes":["12","1","8","6","15","2"],"campaignAdType":"Interstitial"}],"refreshAdRate":30,"mode":"Production","aspectRatio":"4_3","cdnPath":"https:\/\/df8ymybeo92md.cloudfront.net\/images\/","sentry_log":0,"local_logging":0,"sentry_dsn":"https:\/\/93ffa1c9a4124f67b8888a53265f751a:bbf998e04584477fa9a145838e9d3b26@sentry.io\/168994","sentry_initialization":1,"sentry_debugging":0,"bannerSizes":["1"],"aspectRatioVideo":"16_9","app_id":"1937","showPreRewardedDialogue":0,"showPostRewardedDialogue":0,"rewardCurrency":"coins","rewardValue":0,"isSkipable":0,"privacyPolicyURL":"https:\/\/www.consoliads.com\/privacy-policy\/","sessionToken":"RP1gPP6IA594h9QVYO2XLMdEnN\/2CFICwJgeK8JI6oFeRSM7YmdPkpBxhGLwyrH05wMaUsDZe9ldvIxrOe43WX23iBEWSznjNTM50PyGR2dT+mnLSbgPfm6RPBG8olkOFZjHUOHQO2Qd\/PafyXNUguvvd8tuYDpDRC2r4q\/bcOE="}
Session token value is set


{"appKey":"7108df607430ea0aa7197ebf957ab785","deviceID":"4248","stats":[{"campaignID":99,"packageID":"com.vg.crazy.car.rush.pro.taxi.driver","sceneStats":[{"sceneID":"11","eventStats":"343,243,143,43,43,0,0"}]}],"sdkVersion":"2163","sessionToken":"RP1gPP6IA594h9QVYO2XLMdEnN\/2CFICwJgeK8JI6oFeRSM7YmdPkpBxhGLwyrH05wMaUsDZe9ldvIxrOe43WX23iBEWSznjNTM50PyGR2dT+mnLSbgPfm6RPBG8olkOFZjHUOHQO2Qd\/PafyXNUguvvd8tuYDpDRC2r4q\/bcOE="}
cache_ttl value is correct

Refresh Ad Rate value is correct
mode value is set

 Aspect ratio value is correct
sentry_log value is set
local_logging value is set
sentry_initialization value is set
sentry_debugging value is set
showPreRewardedDialogue value is set
showPostRewardedDialogue value is set
isSkipable value is set
{"cache_ttl":10080,"cache_ttl_rewarded":10080,"cache_ttl_banner":10080,"cache_ttl_native":10080,"cache_ttl_icon":10080,"campaigns":[{"campaignID":"98","attribution":0,"priority":"5","appToPromote":{"appToPromoteID":"1937","usesDefaultFrameImage":"0","usesDefaultCloseImage":"0","marketURL":"https:\/\/play.google.com\/store\/apps\/details?id=com.gss.offroad.policetransporttruck","packageID":"com.gss.offroad.policetransporttruck"},"showTemplate":1,"s2s_tracking_url":"https:\/\/play.google.com\/store\/apps\/details?id=com.gss.offroad.policetransporttruck","activeCreativeID":"124","scenes":["12","1","8","6","15","2","9"],"campaignAdType":"Interstitial"},{"campaignID":"111","attribution":0,"priority":"5","appToPromote":{"appToPromoteID":"1969","usesDefaultFrameImage":"0","usesDefaultCloseImage":"0","marketURL":"https:\/\/play.google.com\/store\/apps\/details?id=com.vg.moto.airplane.transporter.police.plane","packageID":"com.vg.moto.airplane.transporter.police.plane"},"showTemplate":1,"s2s_tracking_url":"https:\/\/play.google.com\/store\/apps\/details?id=com.vg.moto.airplane.transporter.police.plane","activeCreativeID":"143","scenes":["12","1","8","6","15","2","9"],"campaignAdType":"Interstitial"},{"campaignID":"115","attribution":0,"priority":"5","appToPromote":{"appToPromoteID":"2018","usesDefaultFrameImage":"0","usesDefaultCloseImage":"0","marketURL":"https:\/\/play.google.com\/store\/apps\/details?id=com.tgp.multistorey.car.transporter.truck","packageID":"com.tgp.multistorey.car.transporter.truck"},"showTemplate":1,"s2s_tracking_url":"https:\/\/play.google.com\/store\/apps\/details?id=com.tgp.multistorey.car.transporter.truck","activeCreativeID":"149","scenes":["12","1","8","6","15","2","9"],"campaignAdType":"Interstitial"},{"campaignID":"139","attribution":0,"priority":"5","appToPromote":{"appToPromoteID":"2150","usesDefaultFrameImage":"0","usesDefaultCloseImage":"0","marketURL":"https:\/\/play.google.com\/store\/apps\/details?id=com.gss.traffic.rush.crazy.bike.rider","packageID":"com.gss.traffic.rush.crazy.bike.rider"},"showTemplate":1,"s2s_tracking_url":"https:\/\/play.google.com\/store\/apps\/details?id=com.gss.traffic.rush.crazy.bike.rider","activeCreativeID":"179","scenes":["12","1","8","6","15","2","9"],"campaignAdType":"Interstitial"},{"campaignID":"142","attribution":0,"priority":"5","appToPromote":{"appToPromoteID":"2164","usesDefaultFrameImage":"0","usesDefaultCloseImage":"0","marketURL":"https:\/\/play.google.com\/store\/apps\/details?id=com.vg.police.demolition.derby.crash.racing","packageID":"com.vg.police.demolition.derby.crash.racing"},"showTemplate":1,"s2s_tracking_url":"https:\/\/play.google.com\/store\/apps\/details?id=com.vg.police.demolition.derby.crash.racing","activeCreativeID":"182","scenes":["12","1","8","6","15","2","9"],"campaignAdType":"Interstitial"},{"campaignID":"146","attribution":0,"priority":"5","appToPromote":{"appToPromoteID":"2225","usesDefaultFrameImage":"0","usesDefaultCloseImage":"0","marketURL":"https:\/\/play.google.com\/store\/apps\/details?id=com.gss.offroad.policebiketransport","packageID":"com.gss.offroad.policebiketransport"},"showTemplate":1,"s2s_tracking_url":"https:\/\/play.google.com\/store\/apps\/details?id=com.gss.offroad.policebiketransport","activeCreativeID":"187","scenes":["12","1","8","6","15","2","9"],"campaignAdType":"Interstitial"},{"campaignID":"149","attribution":0,"priority":"5","appToPromote":{"appToPromoteID":"2224","usesDefaultFrameImage":"0","usesDefaultCloseImage":"0","marketURL":"https:\/\/play.google.com\/store\/apps\/details?id=com.vg.mega.city.construction.building.sim","packageID":"com.vg.mega.city.construction.building.sim"},"showTemplate":1,"s2s_tracking_url":"https:\/\/play.google.com\/store\/apps\/details?id=com.vg.mega.city.construction.building.sim","activeCreativeID":"191","scenes":["12","1","8","6","15","2","9"],"campaignAdType":"Interstitial"},{"campaignID":"150","attribution":0,"priority":"5","appToPromote":{"appToPromoteID":"2224","usesDefaultFrameImage":"0","usesDefaultCloseImage":"0","marketURL":"https:\/\/play.google.com\/store\/apps\/details?id=com.vg.mega.city.construction.building.sim","packageID":"com.vg.mega.city.construction.building.sim"},"showTemplate":1,"s2s_tracking_url":"https:\/\/play.google.com\/store\/apps\/details?id=com.vg.mega.city.construction.building.sim","activeCreativeID":"191","scenes":["12","1","8","6","15","2","9"],"campaignAdType":"Interstitial"},{"campaignID":"155","attribution":0,"priority":"5","appToPromote":{"appToPromoteID":"2226","usesDefaultFrameImage":"0","usesDefaultCloseImage":"0","marketURL":"https:\/\/play.google.com\/store\/apps\/details?id=com.gss.garage.workshop.carmehanic","packageID":"com.gss.garage.workshop.carmehanic"},"showTemplate":1,"s2s_tracking_url":"https:\/\/play.google.com\/store\/apps\/details?id=com.gss.garage.workshop.carmehanic","activeCreativeID":"197","scenes":["12","1","8","6","15","2","9"],"campaignAdType":"Interstitial"},{"campaignID":"156","attribution":0,"priority":"5","appToPromote":{"appToPromoteID":"2227","usesDefaultFrameImage":"0","usesDefaultCloseImage":"0","marketURL":"https:\/\/play.google.com\/store\/apps\/details?id=com.tgp.offroad.extreme.multi.cargotruck","packageID":"com.tgp.offroad.extreme.multi.cargotruck"},"showTemplate":1,"s2s_tracking_url":"https:\/\/play.google.com\/store\/apps\/details?id=com.tgp.offroad.extreme.multi.cargotruck","activeCreativeID":"198","scenes":["12","1","8","6","15","2","9"],"campaignAdType":"Interstitial"},{"campaignID":"163","attribution":0,"priority":"5","appToPromote":{"appToPromoteID":"2349","usesDefaultFrameImage":"0","usesDefaultCloseImage":"0","marketURL":"https:\/\/play.google.com\/store\/apps\/details?id=com.gss.city.war.survival.robothero","packageID":"com.gss.city.war.survival.robothero"},"showTemplate":1,"s2s_tracking_url":"https:\/\/play.google.com\/store\/apps\/details?id=com.gss.city.war.survival.robothero","activeCreativeID":"207","scenes":["12","1","8","6","15","2","9"],"campaignAdType":"Interstitial"},{"campaignID":"164","attribution":0,"priority":"5","appToPromote":{"appToPromoteID":"2350","usesDefaultFrameImage":"0","usesDefaultCloseImage":"0","marketURL":"https:\/\/play.google.com\/store\/apps\/details?id=com.tgp.car.robot.transport.truck","packageID":"com.tgp.car.robot.transport.truck"},"showTemplate":1,"s2s_tracking_url":"https:\/\/play.google.com\/store\/apps\/details?id=com.tgp.car.robot.transport.truck","activeCreativeID":"211","scenes":["12","1","8","6","15","2","9"],"campaignAdType":"Interstitial"},{"campaignID":"166","attribution":0,"priority":"5","appToPromote":{"appToPromoteID":"2273","usesDefaultFrameImage":"0","usesDefaultCloseImage":"0","marketURL":"https:\/\/play.google.com\/store\/apps\/details?id=com.gss.police.automechanic.repair.workshop","packageID":"com.gss.police.automechanic.repair.workshop"},"showTemplate":1,"s2s_tracking_url":"https:\/\/play.google.com\/store\/apps\/details?id=com.gss.police.automechanic.repair.workshop","activeCreativeID":"217","scenes":["12","1","8","6","15","2","9"],"campaignAdType":"Interstitial"},{"campaignID":"167","attribution":0,"priority":"5","appToPromote":{"appToPromoteID":"2348","usesDefaultFrameImage":"0","usesDefaultCloseImage":"0","marketURL":"https:\/\/play.google.com\/store\/apps\/details?id=com.vg.rollercoaster.crazy.tycoon.tour","packageID":"com.vg.rollercoaster.crazy.tycoon.tour"},"showTemplate":1,"s2s_tracking_url":"https:\/\/play.google.com\/store\/apps\/details?id=com.vg.rollercoaster.crazy.tycoon.tour","activeCreativeID":"218","scenes":["12","1","8","6","15","2","9"],"campaignAdType":"Interstitial"},{"campaignID":"214","attribution":0,"priority":"5","appToPromote":{"appToPromoteID":"2613","usesDefaultFrameImage":"0","usesDefaultCloseImage":"0","marketURL":"https:\/\/play.google.com\/store\/apps\/details?id=com.gss.robot.bike.transport.truck","packageID":"com.gss.robot.bike.transport.truck"},"showTemplate":1,"s2s_tracking_url":"https:\/\/play.google.com\/store\/apps\/details?id=com.gss.robot.bike.transport.truck","activeCreativeID":"295","scenes":["12","1","8","6","15","2","9"],"campaignAdType":"Interstitial"},{"campaignID":"303","attribution":0,"priority":"5","appToPromote":{"appToPromoteID":"2642","usesDefaultFrameImage":"0","usesDefaultCloseImage":"0","marketURL":"https:\/\/play.google.com\/store\/apps\/details?id=com.tgp.offroad.robot.transport.truck","packageID":"com.tgp.offroad.robot.transport.truck"},"showTemplate":1,"s2s_tracking_url":"https:\/\/play.google.com\/store\/apps\/details?id=com.tgp.offroad.robot.transport.truck","activeCreativeID":"310","scenes":["12","1","8","6","15","2","9"],"campaignAdType":"Interstitial"},{"campaignID":"370","attribution":0,"priority":"5","appToPromote":{"appToPromoteID":"3065","usesDefaultFrameImage":"0","usesDefaultCloseImage":"0","marketURL":"https:\/\/play.google.com\/store\/apps\/details?id=com.gss.raft.survival.island.escape","packageID":"com.gss.raft.survival.island.escape"},"showTemplate":1,"s2s_tracking_url":"https:\/\/play.google.com\/store\/apps\/details?id=com.gss.raft.survival.island.escape","activeCreativeID":"391","scenes":["12","1","8","6","15","2","9"],"campaignAdType":"Interstitial"},{"campaignID":"371","attribution":0,"priority":"5","appToPromote":{"appToPromoteID":"3117","usesDefaultFrameImage":"0","usesDefaultCloseImage":"0","marketURL":"https:\/\/play.google.com\/store\/apps\/details?id=com.vg.fast.car.driver.furiousracing","packageID":"com.vg.fast.car.driver.furiousracing"},"showTemplate":1,"s2s_tracking_url":"https:\/\/play.google.com\/store\/apps\/details?id=com.vg.fast.car.driver.furiousracing","activeCreativeID":"392","scenes":["12","1","8","6","15","2","9"],"campaignAdType":"Interstitial"},{"campaignID":"372","attribution":0,"priority":"5","appToPromote":{"appToPromoteID":"2938","usesDefaultFrameImage":"0","usesDefaultCloseImage":"0","marketURL":"https:\/\/play.google.com\/store\/apps\/details?id=com.tgp.offroad.us.army.transport","packageID":"com.tgp.offroad.us.army.transport"},"showTemplate":1,"s2s_tracking_url":"https:\/\/play.google.com\/store\/apps\/details?id=com.tgp.offroad.us.army.transport","activeCreativeID":"393","scenes":["12","1","8","6","15","2","9"],"campaignAdType":"Interstitial"},{"campaignID":"396","attribution":0,"priority":"5","appToPromote":{"appToPromoteID":"3019","usesDefaultFrameImage":"0","usesDefaultCloseImage":"0","marketURL":"https:\/\/play.google.com\/store\/apps\/details?id=com.gss.robot.car.transport.truck","packageID":"com.gss.robot.car.transport.truck"},"showTemplate":1,"s2s_tracking_url":"https:\/\/play.google.com\/store\/apps\/details?id=com.gss.robot.car.transport.truck","activeCreativeID":"420","scenes":["12","1","8","6","15","2","9"],"campaignAdType":"Interstitial"},{"campaignID":"397","attribution":0,"priority":"5","appToPromote":{"appToPromoteID":"3108","usesDefaultFrameImage":"0","usesDefaultCloseImage":"0","marketURL":"https:\/\/play.google.com\/store\/apps\/details?id=com.vg.amazing.city.coachbusdriver","packageID":"com.vg.amazing.city.coachbusdriver"},"showTemplate":1,"s2s_tracking_url":"https:\/\/play.google.com\/store\/apps\/details?id=com.vg.amazing.city.coachbusdriver","activeCreativeID":"417","scenes":["12","1","8","6","15","2","9"],"campaignAdType":"Interstitial"},{"campaignID":"399","attribution":0,"priority":"5","appToPromote":{"appToPromoteID":"3151","usesDefaultFrameImage":"0","usesDefaultCloseImage":"0","marketURL":"https:\/\/play.google.com\/store\/apps\/details?id=com.tgp.watersurfer.beach.car.driving","packageID":"com.tgp.watersurfer.beach.car.driving"},"showTemplate":1,"s2s_tracking_url":"https:\/\/play.google.com\/store\/apps\/details?id=com.tgp.watersurfer.beach.car.driving","activeCreativeID":"419","scenes":["12","1","8","6","15","2","9"],"campaignAdType":"Interstitial"},{"campaignID":"416","attribution":0,"priority":"5","appToPromote":{"appToPromoteID":"3226","usesDefaultFrameImage":"0","usesDefaultCloseImage":"0","marketURL":"https:\/\/play.google.com\/store\/apps\/details?id=com.gss.city.rooftop.bikestuntsrider","packageID":"com.gss.city.rooftop.bikestuntsrider"},"showTemplate":1,"s2s_tracking_url":"https:\/\/play.google.com\/store\/apps\/details?id=com.gss.city.rooftop.bikestuntsrider","activeCreativeID":"453","scenes":["12","1","8","6","15","2","9"],"campaignAdType":"Interstitial"},{"campaignID":"418","attribution":0,"priority":"5","appToPromote":{"appToPromoteID":"3152","usesDefaultFrameImage":"0","usesDefaultCloseImage":"0","marketURL":"https:\/\/play.google.com\/store\/apps\/details?id=com.tgp.city.rooftop.bicycle.stunts.rider","packageID":"com.tgp.city.rooftop.bicycle.stunts.rider"},"showTemplate":1,"s2s_tracking_url":"https:\/\/play.google.com\/store\/apps\/details?id=com.tgp.city.rooftop.bicycle.stunts.rider","activeCreativeID":"455","scenes":["12","1","8","6","15","2","9"],"campaignAdType":"Interstitial"},{"campaignID":"438","attribution":0,"priority":"5","appToPromote":{"appToPromoteID":"3281","usesDefaultFrameImage":"0","usesDefaultCloseImage":"0","marketURL":"https:\/\/play.google.com\/store\/apps\/details?id=com.vg.police.car.robot.superhero","packageID":"com.vg.police.car.robot.superhero"},"showTemplate":1,"s2s_tracking_url":"https:\/\/play.google.com\/store\/apps\/details?id=com.vg.police.car.robot.superhero","activeCreativeID":"479","scenes":["12","1","8","6","15","2","9"],"campaignAdType":"Interstitial"}],"refreshAdRate":30,"mode":"Production","aspectRatio":"4_3","cdnPath":"https:\/\/df8ymybeo92md.cloudfront.net\/images\/","sentry_log":0,"local_logging":0,"sentry_dsn":"https:\/\/93ffa1c9a4124f67b8888a53265f751a:bbf998e04584477fa9a145838e9d3b26@sentry.io\/168994","sentry_initialization":1,"sentry_debugging":0,"bannerSizes":["1"],"aspectRatioVideo":"16_9","app_id":"1936","showPreRewardedDialogue":0,"showPostRewardedDialogue":0,"rewardCurrency":"coins","rewardValue":0,"isSkipable":1,"privacyPolicyURL":"https:\/\/www.consoliads.com\/privacy-policy\/","sessionToken":"NLmf+duUA4MiXo3PcrTjHQRse7yF230eF9qaWdbP2BgwpqxNcEVQZlJan3aLGeGvLNi6kFL6jkBX3ivGc7VYw7iFgXq3VpEwW8FfYC7QHRWswE6N8YJ\/1TcVavk3dIw9zBD6gOX9c01si0lYuyGq8sQxETmsk+mN90gTgQtIrv8="}
Session token value is set


{"appKey":"516703e326af9856e83f9f4223432c4b","deviceID":"1816","stats":[{"campaignID":104,"packageID":"com.whitesand.construction.crane.cargo.plane","sceneStats":[{"sceneID":"5","eventStats":"318,218,118,18,18,0,0"}]}],"sdkVersion":"39","sessionToken":"NLmf+duUA4MiXo3PcrTjHQRse7yF230eF9qaWdbP2BgwpqxNcEVQZlJan3aLGeGvLNi6kFL6jkBX3ivGc7VYw7iFgXq3VpEwW8FfYC7QHRWswE6N8YJ\/1TcVavk3dIw9zBD6gOX9c01si0lYuyGq8sQxETmsk+mN90gTgQtIrv8="}
cache_ttl value is correct

Refresh Ad Rate value is correct
mode value is set

 Aspect ratio value is correct
sentry_log value is set
local_logging value is set
sentry_initialization value is set
sentry_debugging value is set
showPreRewardedDialogue value is set
showPostRewardedDialogue value is set
isSkipable value is set
{"cache_ttl":10080,"cache_ttl_rewarded":10080,"cache_ttl_banner":10080,"cache_ttl_native":10080,"cache_ttl_icon":10080,"refreshAdRate":30,"mode":"Production","aspectRatio":"4_3","cdnPath":"https:\/\/df8ymybeo92md.cloudfront.net\/images\/","sentry_log":0,"local_logging":0,"sentry_dsn":"https:\/\/93ffa1c9a4124f67b8888a53265f751a:bbf998e04584477fa9a145838e9d3b26@sentry.io\/168994","sentry_initialization":1,"sentry_debugging":0,"bannerSizes":[],"aspectRatioVideo":"16_9","app_id":"1752","showPreRewardedDialogue":0,"showPostRewardedDialogue":0,"rewardCurrency":"coins","rewardValue":0,"isSkipable":0,"privacyPolicyURL":"https:\/\/www.consoliads.com\/privacy-policy\/","sessionToken":"tJQomi5REx5DwgEjDs2L2IUFYDK4LX1zFPehjw6y93JbGFCRWtBSU2vChuntYOgKF\/VqGiqX7w3g7OPBtbmhOJuu4GIWK8kfAtHk1\/enNWIALfifJ5cYoE9SHXf3gaEXhqsqkSGp8GJTX\/WAnuMhZGYFR0yEY0hIZiWg50JWVyU="}
Session token value is set


{"appKey":"01cc5c461d53ae065213c5cd8caabc4f","deviceID":"5339","stats":[{"campaignID":110,"packageID":"com.mizo.police.airplane.transporter","sceneStats":[{"sceneID":"14","eventStats":"353,253,153,53,53,0,0"}]}],"sdkVersion":"2151","sessionToken":"tJQomi5REx5DwgEjDs2L2IUFYDK4LX1zFPehjw6y93JbGFCRWtBSU2vChuntYOgKF\/VqGiqX7w3g7OPBtbmhOJuu4GIWK8kfAtHk1\/enNWIALfifJ5cYoE9SHXf3gaEXhqsqkSGp8GJTX\/WAnuMhZGYFR0yEY0hIZiWg50JWVyU="}
cache_ttl value is correct

Refresh Ad Rate value is correct
mode value is set

 Aspect ratio value is correct
sentry_log value is set
local_logging value is set
sentry_initialization value is set
sentry_debugging value is set
showPreRewardedDialogue value is set
showPostRewardedDialogue value is set
isSkipable value is set
{"cache_ttl":10080,"cache_ttl_rewarded":10080,"cache_ttl_banner":10080,"cache_ttl_native":10080,"cache_ttl_icon":10080,"campaigns":[{"campaignID":"48","attribution":0,"priority":"5","appToPromote":{"appToPromoteID":"1074","usesDefaultFrameImage":"1","usesDefaultCloseImage":"1","marketURL":"https:\/\/play.google.com\/store\/apps\/details?id=com.mizo.construction.crane.hill.climb","packageID":"com.mizo.construction.crane.hill.climb"},"showTemplate":1,"s2s_tracking_url":"https:\/\/play.google.com\/store\/apps\/details?id=com.mizo.construction.crane.hill.climb","activeCreativeID":"65","scenes":["1","2","6","4","5","15"],"campaignAdType":"Interstitial"},{"campaignID":"50","attribution":0,"priority":"5","appToPromote":{"appToPromoteID":"1221","usesDefaultFrameImage":"1","usesDefaultCloseImage":"1","marketURL":"https:\/\/play.google.com\/store\/apps\/details?id=com.mizo.offroad.hill.climb","packageID":"com.mizo.offroad.hill.climb"},"showTemplate":1,"s2s_tracking_url":"https:\/\/play.google.com\/store\/apps\/details?id=com.mizo.offroad.hill.climb","activeCreativeID":"67","scenes":["1","2","6","4","5","15"],"campaignAdType":"Interstitial"},{"campaignID":"67","attribution":0,"priority":"5","appToPromote":{"appToPromoteID":"1306","usesDefaultFrameImage":"1","usesDefaultCloseImage":"1","marketURL":"https:\/\/play.google.com\/store\/apps\/details?id=com.mizo.extreme.heavy.truck","packageID":"com.mizo.extreme.heavy.truck"},"showTemplate":1,"s2s_tracking_url":"https:\/\/play.google.com\/store\/apps\/details?id=com.mizo.extreme.heavy.truck","activeCreativeID":"85","scenes":["1","2","6","4","5","15"],"campaignAdType":"Interstitial"},{"campaignID":"73","attribution":0,"priority":"5","appToPromote":{"appToPromoteID":"1458","usesDefaultFrameImage":"1","usesDefaultCloseImage":"1","marketURL":"https:\/\/play.google.com\/store\/apps\/details?id=com.mizo.army.prisoner.transport.simulator","packageID":"com.mizo.army.prisoner.transport.simulator"},"showTemplate":1,"s2s_tracking_url":"https:\/\/play.google.com\/store\/apps\/details?id=com.mizo.army.prisoner.transport.simulator","activeCreativeID":"93","scenes":["1","2","6","4","5","15"],"campaignAdType":"Interstitial"},{"campaignID":"74","attribution":0,"priority":"5","appToPromote":{"appToPromoteID":"1449","usesDefaultFrameImage":"1","usesDefaultCloseImage":"1","marketURL":"https:\/\/play.google.com\/store\/apps\/details?id=com.brilliantgamez.army.prisoners.transport.plane","packageID":"com.brilliantgamez.army.prisoners.transport.plane"},"showTemplate":1,"s2s_tracking_url":"https:\/\/play.google.com\/store\/apps\/details?id=com.brilliantgamez.army.prisoners.transport.plane","activeCreativeID":"94","scenes":["1","2","6","4","5","15"],"campaignAdType":"Interstitial"},{"campaignID":"78","attribution":0,"priority":"5","appToPromote":{"appToPromoteID":"1632","usesDefaultFrameImage":"1","usesDefaultCloseImage":"1","marketURL":"https:\/\/play.google.com\/store\/apps\/details?id=com.mizo.road.builder.city.construction","packageID":"com.mizo.road.builder.city.construction"},"showTemplate":1,"s2s_tracking_url":"https:\/\/play.google.com\/store\/apps\/details?id=com.mizo.road.builder.city.construction","activeCreativeID":"97","scenes":["1","2","6","4","5","15"],"campaignAdType":"Interstitial"},{"campaignID":"80","attribution":0,"priority":"5","appToPromote":{"appToPromoteID":"1675","usesDefaultFrameImage":"1","usesDefaultCloseImage":"1","marketURL":"https:\/\/play.google.com\/store\/apps\/details?id=com.mizo.flip.bottle.shooting.expert","packageID":"com.mizo.flip.bottle.shooting.expert"},"showTemplate":1,"s2s_tracking_url":"https:\/\/play.google.com\/store\/apps\/details?id=com.mizo.flip.bottle.shooting.expert","activeCreativeID":"100","scenes":["1","2","6","4","5","15"],"campaignAdType":"Interstitial"},{"campaignID":"110","attribution":0,"priority":"5","appToPromote":{"appToPromoteID":"1853","usesDefaultFrameImage":"1","usesDefaultCloseImage":"1","marketURL":"https:\/\/play.google.com\/store\/apps\/details?id=com.mizo.police.airplane.transporter","packageID":"com.mizo.police.airplane.transporter"},"showTemplate":1,"s2s_tracking_url":"https:\/\/play.google.com\/store\/apps\/details?id=com.mizo.police.airplane.transporter","activeCreativeID":"137","scenes":["1","2","6","4","5","15"],"campaignAdType":"Interstitial"},{"campaignID":"143","attribution":0,"priority":"5","appToPromote":{"appToPromoteID":"2089","usesDefaultFrameImage":"0","usesDefaultCloseImage":"0","marketURL":"https:\/\/play.google.com\/store\/apps\/details?id=com.mizo.sports.car.mechanic","packageID":"com.mizo.sports.car.mechanic"},"showTemplate":1,"s2s_tracking_url":"https:\/\/play.google.com\/store\/apps\/details?id=com.mizo.sports.car.mechanic","activeCreativeID":"184","scenes":["1","2","6","4","5","15"],"campaignAdType":"Interstitial"},{"campaignID":"147","attribution":0,"priority":"5","appToPromote":{"appToPromoteID":"2085","usesDefaultFrameImage":"0","usesDefaultCloseImage":"0","marketURL":"https:\/\/play.google.com\/store\/apps\/details?id=com.mizo.robot.gang.mafia","packageID":"com.mizo.robot.gang.mafia"},"showTemplate":1,"s2s_tracking_url":"https:\/\/play.google.com\/store\/apps\/details?id=com.mizo.robot.gang.mafia","activeCreativeID":"188","scenes":["1","2","6","4","5","15"],"campaignAdType":"Interstitial"},{"campaignID":"227","attribution":0,"priority":"5","appToPromote":{"appToPromoteID":"2571","usesDefaultFrameImage":"0","usesDefaultCloseImage":"0","marketURL":"https:\/\/play.google.com\/store\/apps\/details?id=com.mizo.raft.suvival","packageID":"com.mizo.raft.suvival"},"showTemplate":1,"s2s_tracking_url":"https:\/\/play.google.com\/store\/apps\/details?id=com.mizo.raft.suvival","activeCreativeID":"302","scenes":["1","2","6","4","5","15"],"campaignAdType":"Interstitial"},{"campaignID":"317","attribution":0,"priority":"5","appToPromote":{"appToPromoteID":"2723","usesDefaultFrameImage":"0","usesDefaultCloseImage":"0","marketURL":"https:\/\/play.google.com\/store\/apps\/details?id=com.mizo.helicopter.rescue","packageID":"com.mizo.helicopter.rescue"},"showTemplate":1,"s2s_tracking_url":"https:\/\/play.google.com\/store\/apps\/details?id=com.mizo.helicopter.rescue","activeCreativeID":"324","scenes":["1","2","6","4","5","15"],"campaignAdType":"Interstitial"},{"campaignID":"367","attribution":0,"priority":"5","appToPromote":{"appToPromoteID":"2911","usesDefaultFrameImage":"0","usesDefaultCloseImage":"0","marketURL":"https:\/\/play.google.com\/store\/apps\/details?id=com.mizo.police.ship.transporter","packageID":"com.mizo.police.ship.transporter"},"showTemplate":1,"s2s_tracking_url":"https:\/\/play.google.com\/store\/apps\/details?id=com.mizo.police.ship.transporter","activeCreativeID":"383","scenes":["1","2","6","4","5","15"],"campaignAdType":"Interstitial"},{"campaignID":"390","attribution":0,"priority":"5","appToPromote":{"appToPromoteID":"3077","usesDefaultFrameImage":"0","usesDefaultCloseImage":"0","marketURL":"https:\/\/play.google.com\/store\/apps\/details?id=com.mizo.transformer.shooting","packageID":"com.mizo.transformer.shooting"},"showTemplate":1,"s2s_tracking_url":"https:\/\/play.google.com\/store\/apps\/details?id=com.mizo.transformer.shooting","activeCreativeID":"441","scenes":["1","2","6","4","5","15"],"campaignAdType":"Interstitial"},{"campaignID":"408","attribution":0,"priority":"5","appToPromote":{"appToPromoteID":"3095","usesDefaultFrameImage":"0","usesDefaultCloseImage":"0","marketURL":"https:\/\/play.google.com\/store\/apps\/details?id=com.mizo.superhero.robot","packageID":"com.mizo.superhero.robot"},"showTemplate":1,"s2s_tracking_url":"https:\/\/play.google.com\/store\/apps\/details?id=com.mizo.superhero.robot","activeCreativeID":"443","scenes":["1","2","6","4","5","15"],"campaignAdType":"Interstitial"},{"campaignID":"410","attribution":0,"priority":"5","appToPromote":{"appToPromoteID":"3145","usesDefaultFrameImage":"0","usesDefaultCloseImage":"0","marketURL":"https:\/\/play.google.com\/store\/apps\/details?id=com.mizo.extreme.bikerider","packageID":"com.mizo.extreme.bikerider"},"showTemplate":1,"s2s_tracking_url":"https:\/\/play.google.com\/store\/apps\/details?id=com.mizo.extreme.bikerider","activeCreativeID":"448","scenes":["1","2","6","4","5","15"],"campaignAdType":"Interstitial"},{"campaignID":"428","attribution":0,"priority":"5","appToPromote":{"appToPromoteID":"3250","usesDefaultFrameImage":"0","usesDefaultCloseImage":"0","marketURL":"https:\/\/play.google.com\/store\/apps\/details?id=com.mizo.bicycle.stunt.racer","packageID":"com.mizo.bicycle.stunt.racer"},"showTemplate":1,"s2s_tracking_url":"https:\/\/play.google.com\/store\/apps\/details?id=com.mizo.bicycle.stunt.racer","activeCreativeID":"472","scenes":["1","2","6","4","5","15"],"campaignAdType":"Interstitial"},{"campaignID":"429","attribution":0,"priority":"5","appToPromote":{"appToPromoteID":"3253","usesDefaultFrameImage":"0","usesDefaultCloseImage":"0","marketURL":"https:\/\/play.google.com\/store\/apps\/details?id=com.mizo.rooftop.stunts","packageID":"com.mizo.rooftop.stunts"},"showTemplate":1,"s2s_tracking_url":"https:\/\/play.google.com\/store\/apps\/details?id=com.mizo.rooftop.stunts","activeCreativeID":"474","scenes":["1","2","6","4","5","15"],"campaignAdType":"Interstitial"},{"campaignID":"456","attribution":0,"priority":"5","appToPromote":{"appToPromoteID":"2448","usesDefaultFrameImage":"0","usesDefaultCloseImage":"0","marketURL":"https:\/\/play.google.com\/store\/apps\/details?id=com.mizo.battle.simulator","packageID":"com.mizo.battle.simulator"},"showTemplate":1,"s2s_tracking_url":"https:\/\/play.google.com\/store\/apps\/details?id=com.mizo.battle.simulator","activeCreativeID":"503","scenes":["1","2","6","4","5","15"],"campaignAdType":"Interstitial"},{"campaignID":"482","attribution":0,"priority":"5","appToPromote":{"appToPromoteID":"2877","usesDefaultFrameImage":"0","usesDefaultCloseImage":"0","marketURL":"https:\/\/play.google.com\/store\/apps\/details?id=com.mizo.underwater.tourist.bus","packageID":"com.mizo.underwater.tourist.bus"},"showTemplate":1,"s2s_tracking_url":"https:\/\/play.google.com\/store\/apps\/details?id=com.mizo.underwater.tourist.bus","activeCreativeID":"540","scenes":["1","2","6","4","5","15"],"campaignAdType":"Interstitial"},{"campaignID":"483","attribution":0,"priority":"5","appToPromote":{"appToPromoteID":"3440","usesDefaultFrameImage":"0","usesDefaultCloseImage":"0","marketURL":"https:\/\/play.google.com\/store\/apps\/details?id=com.mizo.police.cruiser.transport","packageID":"com.mizo.police.cruiser.transport"},"showTemplate":1,"s2s_tracking_url":"https:\/\/play.google.com\/store\/apps\/details?id=com.mizo.police.cruiser.transport","activeCreativeID":"541","scenes":["1","2","6","4","5","15"],"campaignAdType":"Interstitial"},{"campaignID":"490","attribution":0,"priority":"5","appToPromote":{"appToPromoteID":"3518","usesDefaultFrameImage":"0","usesDefaultCloseImage":"0","marketURL":"https:\/\/play.google.com\/store\/apps\/details?id=com.crazyneuron.superhero.robot.world","packageID":"com.crazyneuron.superhero.robot.world"},"showTemplate":1,"s2s_tracking_url":"https:\/\/play.google.com\/store\/apps\/details?id=com.crazyneuron.superhero.robot.world","activeCreativeID":"550","scenes":["1","2","6","4","5","15"],"campaignAdType":"Interstitial"},{"campaignID":"501","attribution":0,"priority":"5","appToPromote":{"appToPromoteID":"3579","usesDefaultFrameImage":"0","usesDefaultCloseImage":"0","marketURL":"https:\/\/play.google.com\/store\/apps\/details?id=com.crazyneuron.us.army.transport","packageID":"com.crazyneuron.us.army.transport"},"showTemplate":1,"s2s_tracking_url":"https:\/\/play.google.com\/store\/apps\/details?id=com.crazyneuron.us.army.transport","activeCreativeID":"577","scenes":["1","2","6","4","5","15"],"campaignAdType":"Interstitial"},{"campaignID":"512","attribution":0,"priority":"5","appToPromote":{"appToPromoteID":"3683","usesDefaultFrameImage":"0","usesDefaultCloseImage":"0","marketURL":"https:\/\/play.google.com\/store\/apps\/details?id=com.mizo.plane.landing","packageID":"com.mizo.plane.landing"},"showTemplate":1,"s2s_tracking_url":"https:\/\/play.google.com\/store\/apps\/details?id=com.mizo.plane.landing","activeCreativeID":"594","scenes":["1","2","6","4","5","15"],"campaignAdType":"Interstitial"},{"campaignID":"6210","attribution":0,"priority":"5","appToPromote":{"appToPromoteID":"11566","usesDefaultFrameImage":"0","usesDefaultCloseImage":"0","marketURL":"https:\/\/play.google.com\/store\/apps\/details?id=com.mizo.line.drawing.puzzle.game","packageID":"com.mizo.line.drawing.puzzle.game"},"showTemplate":1,"s2s_tracking_url":"https:\/\/play.google.com\/store\/apps\/details?id=com.mizo.line.drawing.puzzle.game","activeCreativeID":"1322","scenes":["1","2","6","4","5","15"],"campaignAdType":"Video"}],"refreshAdRate":30,"mode":"Production","aspectRatio":"4_3","cdnPath":"https:\/\/df8ymybeo92md.cloudfront.net\/images\/","sentry_log":0,"local_logging":0,"sentry_dsn":"https:\/\/93ffa1c9a4124f67b8888a53265f751a:bbf998e04584477fa9a145838e9d3b26@sentry.io\/168994","sentry_initialization":1,"sentry_debugging":0,"bannerSizes":["1"],"aspectRatioVideo":"16_9","app_id":"1853","showPreRewardedDialogue":0,"showPostRewardedDialogue":0,"rewardCurrency":"coins","rewardValue":0,"isSkipable":1,"privacyPolicyURL":"https:\/\/www.consoliads.com\/privacy-policy\/","sessionToken":"bPt41GTKuXgUwOy3G3k7czAjNue\/3M+UTujkGoLmiNwWDrx\/WvJxw0iXLkGsJmv\/zA4OICdh7DqP+lJte7mTdBLvzHkmdKGOrsRUpHr0SP0Fp3f8LGd6ZjjWP8Vcvta2wjDNOip9xz7cnmIh\/7gh+aecSitjuaoEs8adXtPsn4E="}
Session token value is set


{"appKey":"2f239cc63433a12656a3d1e2832fa017","deviceID":"1130","stats":[{"campaignID":114,"packageID":"com.vg.police.secret.agent.crime.gang","sceneStats":[{"sceneID":"3","eventStats":"312,212,112,12,12,0,0"}]}],"sdkVersion":"2163","sessionToken":"bPt41GTKuXgUwOy3G3k7czAjNue\/3M+UTujkGoLmiNwWDrx\/WvJxw0iXLkGsJmv\/zA4OICdh7DqP+lJte7mTdBLvzHkmdKGOrsRUpHr0SP0Fp3f8LGd6ZjjWP8Vcvta2wjDNOip9xz7cnmIh\/7gh+aecSitjuaoEs8adXtPsn4E="}
cache_ttl value is correct

Refresh Ad Rate value is correct
mode value is set

 Aspect ratio value is correct
sentry_log value is set
local_logging value is set
sentry_initialization value is set
sentry_debugging value is set
showPreRewardedDialogue value is set
showPostRewardedDialogue value is set
isSkipable value is set
{"cache_ttl":10080,"cache_ttl_rewarded":10080,"cache_ttl_banner":10080,"cache_ttl_native":10080,"cache_ttl_icon":10080,"campaigns":[{"campaignID":"85","attribution":0,"priority":"5","appToPromote":{"appToPromoteID":"1830","usesDefaultFrameImage":"0","usesDefaultCloseImage":"0","marketURL":"https:\/\/play.google.com\/store\/apps\/details?id=com.gss.offroad.uphill.extremetruckdriver","packageID":"com.gss.offroad.uphill.extremetruckdriver"},"showTemplate":1,"s2s_tracking_url":"https:\/\/play.google.com\/store\/apps\/details?id=com.gss.offroad.uphill.extremetruckdriver","activeCreativeID":"106","scenes":["12","1","8","6","15","2","9"],"campaignAdType":"Interstitial"},{"campaignID":"86","attribution":0,"priority":"5","appToPromote":{"appToPromoteID":"1823","usesDefaultFrameImage":"0","usesDefaultCloseImage":"0","marketURL":"https:\/\/play.google.com\/store\/apps\/details?id=com.vg.demolition.derby.extreme.car.stunts","packageID":"com.vg.demolition.derby.extreme.car.stunts"},"showTemplate":1,"s2s_tracking_url":"https:\/\/play.google.com\/store\/apps\/details?id=com.vg.demolition.derby.extreme.car.stunts","activeCreativeID":"109","scenes":["12","1","8","6","15","2","9"],"campaignAdType":"Interstitial"},{"campaignID":"93","attribution":0,"priority":"5","appToPromote":{"appToPromoteID":"1860","usesDefaultFrameImage":"0","usesDefaultCloseImage":"0","marketURL":"https:\/\/play.google.com\/store\/apps\/details?id=com.gss.vendetta.subwaycrime.rescue.mission","packageID":"com.gss.vendetta.subwaycrime.rescue.mission"},"showTemplate":1,"s2s_tracking_url":"https:\/\/play.google.com\/store\/apps\/details?id=com.gss.vendetta.subwaycrime.rescue.mission","activeCreativeID":"117","scenes":["12","1","8","6","15","2","9"],"campaignAdType":"Interstitial"},{"campaignID":"94","attribution":0,"priority":"5","appToPromote":{"appToPromoteID":"1843","usesDefaultFrameImage":"0","usesDefaultCloseImage":"0","marketURL":"https:\/\/play.google.com\/store\/apps\/details?id=com.vg.secret.agent.mafia.gods.criminal.gang","packageID":"com.vg.secret.agent.mafia.gods.criminal.gang"},"showTemplate":1,"s2s_tracking_url":"https:\/\/play.google.com\/store\/apps\/details?id=com.vg.secret.agent.mafia.gods.criminal.gang","activeCreativeID":"120","scenes":["12","1","8","6","15","2","9"],"campaignAdType":"Interstitial"},{"campaignID":"112","attribution":0,"priority":"5","appToPromote":{"appToPromoteID":"1998","usesDefaultFrameImage":"0","usesDefaultCloseImage":"0","marketURL":"https:\/\/play.google.com\/store\/apps\/details?id=com.gss.citygangster.underworldempire.mafia.crime","packageID":"com.gss.citygangster.underworldempire.mafia.crime"},"showTemplate":1,"s2s_tracking_url":"https:\/\/play.google.com\/store\/apps\/details?id=com.gss.citygangster.underworldempire.mafia.crime","activeCreativeID":"146","scenes":["12","1","8","6","15","2","9"],"campaignAdType":"Interstitial"},{"campaignID":"132","attribution":0,"priority":"5","appToPromote":{"appToPromoteID":"2109","usesDefaultFrameImage":"0","usesDefaultCloseImage":"0","marketURL":"https:\/\/play.google.com\/store\/apps\/details?id=com.gss.us.army.commando.survival","packageID":"com.gss.us.army.commando.survival"},"showTemplate":1,"s2s_tracking_url":"https:\/\/play.google.com\/store\/apps\/details?id=com.gss.us.army.commando.survival","activeCreativeID":"171","scenes":["12","1","8","6","15","2","9"],"campaignAdType":"Interstitial"},{"campaignID":"133","attribution":0,"priority":"5","appToPromote":{"appToPromoteID":"2118","usesDefaultFrameImage":"0","usesDefaultCloseImage":"0","marketURL":"https:\/\/play.google.com\/store\/apps\/details?id=com.vg.us.war.mafia.gang.vegas.crime","packageID":"com.vg.us.war.mafia.gang.vegas.crime"},"showTemplate":1,"s2s_tracking_url":"https:\/\/play.google.com\/store\/apps\/details?id=com.vg.us.war.mafia.gang.vegas.crime","activeCreativeID":"172","scenes":["12","1","8","6","15","2","9"],"campaignAdType":"Interstitial"},{"campaignID":"152","attribution":0,"priority":"5","appToPromote":{"appToPromoteID":"1348","usesDefaultFrameImage":"0","usesDefaultCloseImage":"0","marketURL":"https:\/\/play.google.com\/store\/apps\/details?id=com.gss.police.sniper.prison.gaurd","packageID":"com.gss.police.sniper.prison.gaurd"},"showTemplate":1,"s2s_tracking_url":"https:\/\/play.google.com\/store\/apps\/details?id=com.gss.police.sniper.prison.gaurd","activeCreativeID":"192","scenes":["12","1","8","6","15","2","9"],"campaignAdType":"Interstitial"},{"campaignID":"158","attribution":0,"priority":"5","appToPromote":{"appToPromoteID":"2223","usesDefaultFrameImage":"0","usesDefaultCloseImage":"0","marketURL":"https:\/\/play.google.com\/store\/apps\/details?id=com.vg.counter.mafia.squad.army.training","packageID":"com.vg.counter.mafia.squad.army.training"},"showTemplate":1,"s2s_tracking_url":"https:\/\/play.google.com\/store\/apps\/details?id=com.vg.counter.mafia.squad.army.training","activeCreativeID":"204","scenes":["12","1","8","6","15","2","9"],"campaignAdType":"Interstitial"},{"campaignID":"162","attribution":0,"priority":"5","appToPromote":{"appToPromoteID":"2268","usesDefaultFrameImage":"0","usesDefaultCloseImage":"0","marketURL":"https:\/\/play.google.com\/store\/apps\/details?id=com.vg.prisoner.escape.survival.hero","packageID":"com.vg.prisoner.escape.survival.hero"},"showTemplate":1,"s2s_tracking_url":"https:\/\/play.google.com\/store\/apps\/details?id=com.vg.prisoner.escape.survival.hero","activeCreativeID":"206","scenes":["12","1","8","6","15","2","9"],"campaignAdType":"Interstitial"},{"campaignID":"163","attribution":0,"priority":"5","appToPromote":{"appToPromoteID":"2349","usesDefaultFrameImage":"0","usesDefaultCloseImage":"0","marketURL":"https:\/\/play.google.com\/store\/apps\/details?id=com.gss.city.war.survival.robothero","packageID":"com.gss.city.war.survival.robothero"},"showTemplate":1,"s2s_tracking_url":"https:\/\/play.google.com\/store\/apps\/details?id=com.gss.city.war.survival.robothero","activeCreativeID":"207","scenes":["12","1","8","6","15","2","9"],"campaignAdType":"Interstitial"},{"campaignID":"207","attribution":0,"priority":"5","appToPromote":{"appToPromoteID":"2450","usesDefaultFrameImage":"0","usesDefaultCloseImage":"0","marketURL":"https:\/\/play.google.com\/store\/apps\/details?id=com.gss.army.commando.survivalisland","packageID":"com.gss.army.commando.survivalisland"},"showTemplate":1,"s2s_tracking_url":"https:\/\/play.google.com\/store\/apps\/details?id=com.gss.army.commando.survivalisland","activeCreativeID":"281","scenes":["12","1","8","6","15","2","9"],"campaignAdType":"Interstitial"},{"campaignID":"332","attribution":0,"priority":"5","appToPromote":{"appToPromoteID":"2857","usesDefaultFrameImage":"0","usesDefaultCloseImage":"0","marketURL":"https:\/\/play.google.com\/store\/apps\/details?id=com.gss.robot.battle.robbery.squad","packageID":"com.gss.robot.battle.robbery.squad"},"showTemplate":1,"s2s_tracking_url":"https:\/\/play.google.com\/store\/apps\/details?id=com.gss.robot.battle.robbery.squad","activeCreativeID":"343","scenes":["12","1","8","6","15","2","9"],"campaignAdType":"Interstitial"},{"campaignID":"336","attribution":0,"priority":"5","appToPromote":{"appToPromoteID":"2941","usesDefaultFrameImage":"0","usesDefaultCloseImage":"0","marketURL":"https:\/\/play.google.com\/store\/apps\/details?id=com.vg.us.army.war.survival.island","packageID":"com.vg.us.army.war.survival.island"},"showTemplate":1,"s2s_tracking_url":"https:\/\/play.google.com\/store\/apps\/details?id=com.vg.us.army.war.survival.island","activeCreativeID":"347","scenes":["12","1","8","6","15","2","9"],"campaignAdType":"Interstitial"},{"campaignID":"357","attribution":0,"priority":"5","appToPromote":{"appToPromoteID":"2741","usesDefaultFrameImage":"0","usesDefaultCloseImage":"0","marketURL":"https:\/\/play.google.com\/store\/apps\/details?id=com.gss.us.air.jetfighter.warrior","packageID":"com.gss.us.air.jetfighter.warrior"},"showTemplate":1,"s2s_tracking_url":"https:\/\/play.google.com\/store\/apps\/details?id=com.gss.us.air.jetfighter.warrior","activeCreativeID":"376","scenes":["12","1","8","6","15","2","9"],"campaignAdType":"Interstitial"},{"campaignID":"364","attribution":0,"priority":"5","appToPromote":{"appToPromoteID":"2552","usesDefaultFrameImage":"0","usesDefaultCloseImage":"0","marketURL":"https:\/\/play.google.com\/store\/apps\/details?id=com.gss.grand.city.rescue.flyingrobot","packageID":"com.gss.grand.city.rescue.flyingrobot"},"showTemplate":1,"s2s_tracking_url":"https:\/\/play.google.com\/store\/apps\/details?id=com.gss.grand.city.rescue.flyingrobot","activeCreativeID":"309","scenes":["12","1","8","6","15","2","9"],"campaignAdType":"Interstitial"},{"campaignID":"370","attribution":0,"priority":"5","appToPromote":{"appToPromoteID":"3065","usesDefaultFrameImage":"0","usesDefaultCloseImage":"0","marketURL":"https:\/\/play.google.com\/store\/apps\/details?id=com.gss.raft.survival.island.escape","packageID":"com.gss.raft.survival.island.escape"},"showTemplate":1,"s2s_tracking_url":"https:\/\/play.google.com\/store\/apps\/details?id=com.gss.raft.survival.island.escape","activeCreativeID":"391","scenes":["12","1","8","6","15","2","9"],"campaignAdType":"Interstitial"},{"campaignID":"417","attribution":0,"priority":"5","appToPromote":{"appToPromoteID":"3227","usesDefaultFrameImage":"0","usesDefaultCloseImage":"0","marketURL":"https:\/\/play.google.com\/store\/apps\/details?id=com.vg.hero.kids.army.training.school","packageID":"com.vg.hero.kids.army.training.school"},"showTemplate":1,"s2s_tracking_url":"https:\/\/play.google.com\/store\/apps\/details?id=com.vg.hero.kids.army.training.school","activeCreativeID":"454","scenes":["12","1","8","6","15","2","9"],"campaignAdType":"Interstitial"},{"campaignID":"433","attribution":0,"priority":"5","appToPromote":{"appToPromoteID":"3339","usesDefaultFrameImage":"0","usesDefaultCloseImage":"0","marketURL":"https:\/\/play.google.com\/store\/apps\/details?id=com.gss.battle.force.counterterrorist","packageID":"com.gss.battle.force.counterterrorist"},"showTemplate":1,"s2s_tracking_url":"https:\/\/play.google.com\/store\/apps\/details?id=com.gss.battle.force.counterterrorist","activeCreativeID":"477","scenes":["12","1","8","6","15","2","9"],"campaignAdType":"Interstitial"},{"campaignID":"436","attribution":0,"priority":"5","appToPromote":{"appToPromoteID":"3282","usesDefaultFrameImage":"0","usesDefaultCloseImage":"0","marketURL":"https:\/\/play.google.com\/store\/apps\/details?id=com.tgp.city.rescue.survival.flyinghero","packageID":"com.tgp.city.rescue.survival.flyinghero"},"showTemplate":1,"s2s_tracking_url":"https:\/\/play.google.com\/store\/apps\/details?id=com.tgp.city.rescue.survival.flyinghero","activeCreativeID":"478","scenes":["12","1","8","6","15","2","9"],"campaignAdType":"Interstitial"},{"campaignID":"446","attribution":0,"priority":"5","appToPromote":{"appToPromoteID":"3390","usesDefaultFrameImage":"0","usesDefaultCloseImage":"0","marketURL":"https:\/\/play.google.com\/store\/apps\/details?id=com.gss.flying.spider.superhero.survival","packageID":"com.gss.flying.spider.superhero.survival"},"showTemplate":1,"s2s_tracking_url":"https:\/\/play.google.com\/store\/apps\/details?id=com.gss.flying.spider.superhero.survival","activeCreativeID":"488","scenes":["12","1","8","6","15","2","9"],"campaignAdType":"Interstitial"},{"campaignID":"486","attribution":0,"priority":"5","appToPromote":{"appToPromoteID":"3389","usesDefaultFrameImage":"0","usesDefaultCloseImage":"0","marketURL":"https:\/\/play.google.com\/store\/apps\/details?id=com.gss.ultimate.shark.snipershooting","packageID":"com.gss.ultimate.shark.snipershooting"},"showTemplate":1,"s2s_tracking_url":"https:\/\/play.google.com\/store\/apps\/details?id=com.gss.ultimate.shark.snipershooting","activeCreativeID":"547","scenes":["12","1","8","6","15","2","9"],"campaignAdType":"Interstitial"},{"campaignID":"493","attribution":0,"priority":"5","appToPromote":{"appToPromoteID":"3536","usesDefaultFrameImage":"0","usesDefaultCloseImage":"0","marketURL":"https:\/\/play.google.com\/store\/apps\/details?id=com.gss.us.army.secret.stealth.mission","packageID":"com.gss.us.army.secret.stealth.mission"},"showTemplate":1,"s2s_tracking_url":"https:\/\/play.google.com\/store\/apps\/details?id=com.gss.us.army.secret.stealth.mission","activeCreativeID":"556","scenes":["12","1","8","6","15","2","9"],"campaignAdType":"Interstitial"},{"campaignID":"496","attribution":0,"priority":"5","appToPromote":{"appToPromoteID":"3555","usesDefaultFrameImage":"0","usesDefaultCloseImage":"0","marketURL":"https:\/\/play.google.com\/store\/apps\/details?id=com.vg.epic.survival.hero.escape.story","packageID":"com.vg.epic.survival.hero.escape.story"},"showTemplate":1,"s2s_tracking_url":"https:\/\/play.google.com\/store\/apps\/details?id=com.vg.epic.survival.hero.escape.story","activeCreativeID":"559","scenes":["12","1","8","6","15","2","9"],"campaignAdType":"Interstitial"},{"campaignID":"499","attribution":0,"priority":"5","appToPromote":{"appToPromoteID":"3536","usesDefaultFrameImage":"0","usesDefaultCloseImage":"0","marketURL":"https:\/\/play.google.com\/store\/apps\/details?id=com.gss.us.army.secret.stealth.mission","packageID":"com.gss.us.army.secret.stealth.mission"},"showTemplate":1,"s2s_tracking_url":"https:\/\/play.google.com\/store\/apps\/details?id=com.gss.us.army.secret.stealth.mission","activeCreativeID":"556","scenes":["12","1","8","6","15","2","9"],"campaignAdType":"Interstitial"}],"refreshAdRate":30,"mode":"Production","aspectRatio":"4_3","cdnPath":"https:\/\/df8ymybeo92md.cloudfront.net\/images\/","sentry_log":0,"local_logging":0,"sentry_dsn":"https:\/\/93ffa1c9a4124f67b8888a53265f751a:bbf998e04584477fa9a145838e9d3b26@sentry.io\/168994","sentry_initialization":1,"sentry_debugging":0,"bannerSizes":["1"],"aspectRatioVideo":"16_9","app_id":"2007","showPreRewardedDialogue":0,"showPostRewardedDialogue":0,"rewardCurrency":"coins","rewardValue":0,"isSkipable":0,"privacyPolicyURL":"https:\/\/www.consoliads.com\/privacy-policy\/","sessionToken":"dhSX1ABLT8AaQpOdcXe3IhOhFYBhUsFwWj3DD8lftcTIxYEuDK4mAqeJde\/J0nHw68cv8dJuSfnktqgJu9JDmeBkpUVCZGJKUTI7lrxdJ4bWCnodoEpkLloMV3J4Ebt0Li71TY4ykGW2SbVTa0M9XUtAwGJItz9g8jUPlDrSGrI="}
Session token value is set


{"appKey":"4d80502e5e231c73aef56bc16c23e28e","deviceID":"9985","stats":[{"campaignID":115,"packageID":"com.tgp.multistorey.car.transporter.truck","sceneStats":[{"sceneID":"25","eventStats":"399,299,199,99,99,0,0"}]}],"sdkVersion":"2163","sessionToken":"dhSX1ABLT8AaQpOdcXe3IhOhFYBhUsFwWj3DD8lftcTIxYEuDK4mAqeJde\/J0nHw68cv8dJuSfnktqgJu9JDmeBkpUVCZGJKUTI7lrxdJ4bWCnodoEpkLloMV3J4Ebt0Li71TY4ykGW2SbVTa0M9XUtAwGJItz9g8jUPlDrSGrI="}
cache_ttl value is correct

Refresh Ad Rate value is correct
mode value is set

 Aspect ratio value is correct
sentry_log value is set
local_logging value is set
sentry_initialization value is set
sentry_debugging value is set
showPreRewardedDialogue value is set
showPostRewardedDialogue value is set
isSkipable value is set
{"cache_ttl":10080,"cache_ttl_rewarded":10080,"cache_ttl_banner":10080,"cache_ttl_native":10080,"cache_ttl_icon":10080,"campaigns":[{"campaignID":"98","attribution":0,"priority":"5","appToPromote":{"appToPromoteID":"1937","usesDefaultFrameImage":"0","usesDefaultCloseImage":"0","marketURL":"https:\/\/play.google.com\/store\/apps\/details?id=com.gss.offroad.policetransporttruck","packageID":"com.gss.offroad.policetransporttruck"},"showTemplate":1,"s2s_tracking_url":"https:\/\/play.google.com\/store\/apps\/details?id=com.gss.offroad.policetransporttruck","activeCreativeID":"124","scenes":["12","1","8","6","15","2"],"campaignAdType":"Interstitial"},{"campaignID":"111","attribution":0,"priority":"5","appToPromote":{"appToPromoteID":"1969","usesDefaultFrameImage":"0","usesDefaultCloseImage":"0","marketURL":"https:\/\/play.google.com\/store\/apps\/details?id=com.vg.moto.airplane.transporter.police.plane","packageID":"com.vg.moto.airplane.transporter.police.plane"},"showTemplate":1,"s2s_tracking_url":"https:\/\/play.google.com\/store\/apps\/details?id=com.vg.moto.airplane.transporter.police.plane","activeCreativeID":"143","scenes":["12","1","8","6","15","2"],"campaignAdType":"Interstitial"},{"campaignID":"139","attribution":0,"priority":"5","appToPromote":{"appToPromoteID":"2150","usesDefaultFrameImage":"0","usesDefaultCloseImage":"0","marketURL":"https:\/\/play.google.com\/store\/apps\/details?id=com.gss.traffic.rush.crazy.bike.rider","packageID":"com.gss.traffic.rush.crazy.bike.rider"},"showTemplate":1,"s2s_tracking_url":"https:\/\/play.google.com\/store\/apps\/details?id=com.gss.traffic.rush.crazy.bike.rider","activeCreativeID":"179","scenes":["12","1","8","6","15","2"],"campaignAdType":"Interstitial"},{"campaignID":"142","attribution":0,"priority":"5","appToPromote":{"appToPromoteID":"2164","usesDefaultFrameImage":"0","usesDefaultCloseImage":"0","marketURL":"https:\/\/play.google.com\/store\/apps\/details?id=com.vg.police.demolition.derby.crash.racing","packageID":"com.vg.police.demolition.derby.crash.racing"},"showTemplate":1,"s2s_tracking_url":"https:\/\/play.google.com\/store\/apps\/details?id=com.vg.police.demolition.derby.crash.racing","activeCreativeID":"182","scenes":["12","1","8","6","15","2"],"campaignAdType":"Interstitial"},{"campaignID":"146","attribution":0,"priority":"5","appToPromote":{"appToPromoteID":"2225","usesDefaultFrameImage":"0","usesDefaultCloseImage":"0","marketURL":"https:\/\/play.google.com\/store\/apps\/details?id=com.gss.offroad.policebiketransport","packageID":"com.gss.offroad.policebiketransport"},"showTemplate":1,"s2s_tracking_url":"https:\/\/play.google.com\/store\/apps\/details?id=com.gss.offroad.policebiketransport","activeCreativeID":"187","scenes":["12","1","8","6","15","2"],"campaignAdType":"Interstitial"},{"campaignID":"149","attribution":0,"priority":"5","appToPromote":{"appToPromoteID":"2224","usesDefaultFrameImage":"0","usesDefaultCloseImage":"0","marketURL":"https:\/\/play.google.com\/store\/apps\/details?id=com.vg.mega.city.construction.building.sim","packageID":"com.vg.mega.city.construction.building.sim"},"showTemplate":1,"s2s_tracking_url":"https:\/\/play.google.com\/store\/apps\/details?id=com.vg.mega.city.construction.building.sim","activeCreativeID":"191","scenes":["12","1","8","6","15","2"],"campaignAdType":"Interstitial"},{"campaignID":"150","attribution":0,"priority":"5","appToPromote":{"appToPromoteID":"2224","usesDefaultFrameImage":"0","usesDefaultCloseImage":"0","marketURL":"https:\/\/play.google.com\/store\/apps\/details?id=com.vg.mega.city.construction.building.sim","packageID":"com.vg.mega.city.construction.building.sim"},"showTemplate":1,"s2s_tracking_url":"https:\/\/play.google.com\/store\/apps\/details?id=com.vg.mega.city.construction.building.sim","activeCreativeID":"191","scenes":["12","1","8","6","15","2"],"campaignAdType":"Interstitial"},{"campaignID":"155","attribution":0,"priority":"5","appToPromote":{"appToPromoteID":"2226","usesDefaultFrameImage":"0","usesDefaultCloseImage":"0","marketURL":"https:\/\/play.google.com\/store\/apps\/details?id=com.gss.garage.workshop.carmehanic","packageID":"com.gss.garage.workshop.carmehanic"},"showTemplate":1,"s2s_tracking_url":"https:\/\/play.google.com\/store\/apps\/details?id=com.gss.garage.workshop.carmehanic","activeCreativeID":"197","scenes":["12","1","8","6","15","2"],"campaignAdType":"Interstitial"},{"campaignID":"156","attribution":0,"priority":"5","appToPromote":{"appToPromoteID":"2227","usesDefaultFrameImage":"0","usesDefaultCloseImage":"0","marketURL":"https:\/\/play.google.com\/store\/apps\/details?id=com.tgp.offroad.extreme.multi.cargotruck","packageID":"com.tgp.offroad.extreme.multi.cargotruck"},"showTemplate":1,"s2s_tracking_url":"https:\/\/play.google.com\/store\/apps\/details?id=com.tgp.offroad.extreme.multi.cargotruck","activeCreativeID":"198","scenes":["12","1","8","6","15","2"],"campaignAdType":"Interstitial"},{"campaignID":"163","attribution":0,"priority":"5","appToPromote":{"appToPromoteID":"2349","usesDefaultFrameImage":"0","usesDefaultCloseImage":"0","marketURL":"https:\/\/play.google.com\/store\/apps\/details?id=com.gss.city.war.survival.robothero","packageID":"com.gss.city.war.survival.robothero"},"showTemplate":1,"s2s_tracking_url":"https:\/\/play.google.com\/store\/apps\/details?id=com.gss.city.war.survival.robothero","activeCreativeID":"207","scenes":["12","1","8","6","15","2"],"campaignAdType":"Interstitial"},{"campaignID":"164","attribution":0,"priority":"5","appToPromote":{"appToPromoteID":"2350","usesDefaultFrameImage":"0","usesDefaultCloseImage":"0","marketURL":"https:\/\/play.google.com\/store\/apps\/details?id=com.tgp.car.robot.transport.truck","packageID":"com.tgp.car.robot.transport.truck"},"showTemplate":1,"s2s_tracking_url":"https:\/\/play.google.com\/store\/apps\/details?id=com.tgp.car.robot.transport.truck","activeCreativeID":"211","scenes":["12","1","8","6","15","2"],"campaignAdType":"Interstitial"},{"campaignID":"166","attribution":0,"priority":"5","appToPromote":{"appToPromoteID":"2273","usesDefaultFrameImage":"0","usesDefaultCloseImage":"0","marketURL":"https:\/\/play.google.com\/store\/apps\/details?id=com.gss.police.automechanic.repair.workshop","packageID":"com.gss.police.automechanic.repair.workshop"},"showTemplate":1,"s2s_tracking_url":"https:\/\/play.google.com\/store\/apps\/details?id=com.gss.police.automechanic.repair.workshop","activeCreativeID":"217","scenes":["12","1","8","6","15","2"],"campaignAdType":"Interstitial"},{"campaignID":"167","attribution":0,"priority":"5","appToPromote":{"appToPromoteID":"2348","usesDefaultFrameImage":"0","usesDefaultCloseImage":"0","marketURL":"https:\/\/play.google.com\/store\/apps\/details?id=com.vg.rollercoaster.crazy.tycoon.tour","packageID":"com.vg.rollercoaster.crazy.tycoon.tour"},"showTemplate":1,"s2s_tracking_url":"https:\/\/play.google.com\/store\/apps\/details?id=com.vg.rollercoaster.crazy.tycoon.tour","activeCreativeID":"218","scenes":["12","1","8","6","15","2"],"campaignAdType":"Interstitial"},{"campaignID":"214","attribution":0,"priority":"5","appToPromote":{"appToPromoteID":"2613","usesDefaultFrameImage":"0","usesDefaultCloseImage":"0","marketURL":"https:\/\/play.google.com\/store\/apps\/details?id=com.gss.robot.bike.transport.truck","packageID":"com.gss.robot.bike.transport.truck"},"showTemplate":1,"s2s_tracking_url":"https:\/\/play.google.com\/store\/apps\/details?id=com.gss.robot.bike.transport.truck","activeCreativeID":"295","scenes":["12","1","8","6","15","2"],"campaignAdType":"Interstitial"},{"campaignID":"303","attribution":0,"priority":"5","appToPromote":{"appToPromoteID":"2642","usesDefaultFrameImage":"0","usesDefaultCloseImage":"0","marketURL":"https:\/\/play.google.com\/store\/apps\/details?id=com.tgp.offroad.robot.transport.truck","packageID":"com.tgp.offroad.robot.transport.truck"},"showTemplate":1,"s2s_tracking_url":"https:\/\/play.google.com\/store\/apps\/details?id=com.tgp.offroad.robot.transport.truck","activeCreativeID":"310","scenes":["12","1","8","6","15","2"],"campaignAdType":"Interstitial"},{"campaignID":"370","attribution":0,"priority":"5","appToPromote":{"appToPromoteID":"3065","usesDefaultFrameImage":"0","usesDefaultCloseImage":"0","marketURL":"https:\/\/play.google.com\/store\/apps\/details?id=com.gss.raft.survival.island.escape","packageID":"com.gss.raft.survival.island.escape"},"showTemplate":1,"s2s_tracking_url":"https:\/\/play.google.com\/store\/apps\/details?id=com.gss.raft.survival.island.escape","activeCreativeID":"391","scenes":["12","1","8","6","15","2"],"campaignAdType":"Interstitial"},{"campaignID":"371","attribution":0,"priority":"5","appToPromote":{"appToPromoteID":"3117","usesDefaultFrameImage":"0","usesDefaultCloseImage":"0","marketURL":"https:\/\/play.google.com\/store\/apps\/details?id=com.vg.fast.car.driver.furiousracing","packageID":"com.vg.fast.car.driver.furiousracing"},"showTemplate":1,"s2s_tracking_url":"https:\/\/play.google.com\/store\/apps\/details?id=com.vg.fast.car.driver.furiousracing","activeCreativeID":"392","scenes":["12","1","8","6","15","2"],"campaignAdType":"Interstitial"},{"campaignID":"372","attribution":0,"priority":"5","appToPromote":{"appToPromoteID":"2938","usesDefaultFrameImage":"0","usesDefaultCloseImage":"0","marketURL":"https:\/\/play.google.com\/store\/apps\/details?id=com.tgp.offroad.us.army.transport","packageID":"com.tgp.offroad.us.army.transport"},"showTemplate":1,"s2s_tracking_url":"https:\/\/play.google.com\/store\/apps\/details?id=com.tgp.offroad.us.army.transport","activeCreativeID":"393","scenes":["12","1","8","6","15","2"],"campaignAdType":"Interstitial"},{"campaignID":"396","attribution":0,"priority":"5","appToPromote":{"appToPromoteID":"3019","usesDefaultFrameImage":"0","usesDefaultCloseImage":"0","marketURL":"https:\/\/play.google.com\/store\/apps\/details?id=com.gss.robot.car.transport.truck","packageID":"com.gss.robot.car.transport.truck"},"showTemplate":1,"s2s_tracking_url":"https:\/\/play.google.com\/store\/apps\/details?id=com.gss.robot.car.transport.truck","activeCreativeID":"420","scenes":["12","1","8","6","15","2"],"campaignAdType":"Interstitial"},{"campaignID":"397","attribution":0,"priority":"5","appToPromote":{"appToPromoteID":"3108","usesDefaultFrameImage":"0","usesDefaultCloseImage":"0","marketURL":"https:\/\/play.google.com\/store\/apps\/details?id=com.vg.amazing.city.coachbusdriver","packageID":"com.vg.amazing.city.coachbusdriver"},"showTemplate":1,"s2s_tracking_url":"https:\/\/play.google.com\/store\/apps\/details?id=com.vg.amazing.city.coachbusdriver","activeCreativeID":"417","scenes":["12","1","8","6","15","2"],"campaignAdType":"Interstitial"},{"campaignID":"399","attribution":0,"priority":"5","appToPromote":{"appToPromoteID":"3151","usesDefaultFrameImage":"0","usesDefaultCloseImage":"0","marketURL":"https:\/\/play.google.com\/store\/apps\/details?id=com.tgp.watersurfer.beach.car.driving","packageID":"com.tgp.watersurfer.beach.car.driving"},"showTemplate":1,"s2s_tracking_url":"https:\/\/play.google.com\/store\/apps\/details?id=com.tgp.watersurfer.beach.car.driving","activeCreativeID":"419","scenes":["12","1","8","6","15","2"],"campaignAdType":"Interstitial"},{"campaignID":"416","attribution":0,"priority":"5","appToPromote":{"appToPromoteID":"3226","usesDefaultFrameImage":"0","usesDefaultCloseImage":"0","marketURL":"https:\/\/play.google.com\/store\/apps\/details?id=com.gss.city.rooftop.bikestuntsrider","packageID":"com.gss.city.rooftop.bikestuntsrider"},"showTemplate":1,"s2s_tracking_url":"https:\/\/play.google.com\/store\/apps\/details?id=com.gss.city.rooftop.bikestuntsrider","activeCreativeID":"453","scenes":["12","1","8","6","15","2"],"campaignAdType":"Interstitial"},{"campaignID":"418","attribution":0,"priority":"5","appToPromote":{"appToPromoteID":"3152","usesDefaultFrameImage":"0","usesDefaultCloseImage":"0","marketURL":"https:\/\/play.google.com\/store\/apps\/details?id=com.tgp.city.rooftop.bicycle.stunts.rider","packageID":"com.tgp.city.rooftop.bicycle.stunts.rider"},"showTemplate":1,"s2s_tracking_url":"https:\/\/play.google.com\/store\/apps\/details?id=com.tgp.city.rooftop.bicycle.stunts.rider","activeCreativeID":"455","scenes":["12","1","8","6","15","2"],"campaignAdType":"Interstitial"},{"campaignID":"438","attribution":0,"priority":"5","appToPromote":{"appToPromoteID":"3281","usesDefaultFrameImage":"0","usesDefaultCloseImage":"0","marketURL":"https:\/\/play.google.com\/store\/apps\/details?id=com.vg.police.car.robot.superhero","packageID":"com.vg.police.car.robot.superhero"},"showTemplate":1,"s2s_tracking_url":"https:\/\/play.google.com\/store\/apps\/details?id=com.vg.police.car.robot.superhero","activeCreativeID":"479","scenes":["12","1","8","6","15","2"],"campaignAdType":"Interstitial"},{"campaignID":"446","attribution":0,"priority":"5","appToPromote":{"appToPromoteID":"3390","usesDefaultFrameImage":"0","usesDefaultCloseImage":"0","marketURL":"https:\/\/play.google.com\/store\/apps\/details?id=com.gss.flying.spider.superhero.survival","packageID":"com.gss.flying.spider.superhero.survival"},"showTemplate":1,"s2s_tracking_url":"https:\/\/play.google.com\/store\/apps\/details?id=com.gss.flying.spider.superhero.survival","activeCreativeID":"488","scenes":["12","1","8","6","15","2"],"campaignAdType":"Interstitial"}],"refreshAdRate":30,"mode":"Production","aspectRatio":"4_3","cdnPath":"https:\/\/df8ymybeo92md.cloudfront.net\/images\/","sentry_log":0,"local_logging":0,"sentry_dsn":"https:\/\/93ffa1c9a4124f67b8888a53265f751a:bbf998e04584477fa9a145838e9d3b26@sentry.io\/168994","sentry_initialization":1,"sentry_debugging":0,"bannerSizes":["1"],"aspectRatioVideo":"16_9","app_id":"2018","showPreRewardedDialogue":0,"showPostRewardedDialogue":0,"rewardCurrency":"coins","rewardValue":0,"isSkipable":0,"privacyPolicyURL":"https:\/\/www.consoliads.com\/privacy-policy\/","sessionToken":"GcoJhaawhoKS14VrR8xc0Ox9UtNbti3iQ32rMEHaUpGn6gxlRpgr+COG9NL6JXg8GIeoWRkQ0b+GQqTQf5X14FCtvzm4qMEE92QWxgxiRuaz6CpLAlG4fDHGASaBvdkIo6V9KmjAGK4vPRlgzrTx5QkyVHafCthBY63dY+2eVmg="}
Session token value is set


{"appKey":"ea3a1008bf37134982acf7e675d170bc","deviceID":"7695","stats":[{"campaignID":116,"packageID":"com.whitesand.military.academy","sceneStats":[{"sceneID":"20","eventStats":"377,277,177,77,77,0,0"}]}],"sdkVersion":"39","sessionToken":"GcoJhaawhoKS14VrR8xc0Ox9UtNbti3iQ32rMEHaUpGn6gxlRpgr+COG9NL6JXg8GIeoWRkQ0b+GQqTQf5X14FCtvzm4qMEE92QWxgxiRuaz6CpLAlG4fDHGASaBvdkIo6V9KmjAGK4vPRlgzrTx5QkyVHafCthBY63dY+2eVmg="}
cache_ttl value is correct

Refresh Ad Rate value is correct
mode value is set

 Aspect ratio value is correct
sentry_log value is set
local_logging value is set
sentry_initialization value is set
sentry_debugging value is set
showPreRewardedDialogue value is set
showPostRewardedDialogue value is set
isSkipable value is set
{"cache_ttl":10080,"cache_ttl_rewarded":10080,"cache_ttl_banner":10080,"cache_ttl_native":10080,"cache_ttl_icon":10080,"refreshAdRate":30,"mode":"Production","aspectRatio":"4_3","cdnPath":"https:\/\/df8ymybeo92md.cloudfront.net\/images\/","sentry_log":0,"local_logging":0,"sentry_dsn":"https:\/\/93ffa1c9a4124f67b8888a53265f751a:bbf998e04584477fa9a145838e9d3b26@sentry.io\/168994","sentry_initialization":1,"sentry_debugging":0,"bannerSizes":["5"],"aspectRatioVideo":"16_9","app_id":"1999","showPreRewardedDialogue":0,"showPostRewardedDialogue":0,"rewardCurrency":"coins","rewardValue":0,"isSkipable":0,"privacyPolicyURL":"https:\/\/www.consoliads.com\/privacy-policy\/","sessionToken":"ygvwuiaEaDoGi5Uo43Zcy3HE\/zF3Sj+u5thW\/QQlsBFtMCgKKPF8IxAbWL6CSKpuxQQ6xlgWKh5dmSHj00XCS+CiTMYHR5W7DRuvlK8VLXMX6HMeC1YMatYU4JnygbOuKcNgpuSzZZ+gTXpj7IGUPm9AvKwsEV9wyx5UJY+xyOs="}
Session token value is set


{"appKey":"9df632233aa0ab875abe5f3677328817","deviceID":"3170","stats":[{"campaignID":121,"packageID":"com.whitesand.underwater.shark.sniper.hunter","sceneStats":[{"sceneID":"8","eventStats":"332,232,132,32,32,0,0"}]}],"sdkVersion":"90","sessionToken":"ygvwuiaEaDoGi5Uo43Zcy3HE\/zF3Sj+u5thW\/QQlsBFtMCgKKPF8IxAbWL6CSKpuxQQ6xlgWKh5dmSHj00XCS+CiTMYHR5W7DRuvlK8VLXMX6HMeC1YMatYU4JnygbOuKcNgpuSzZZ+gTXpj7IGUPm9AvKwsEV9wyx5UJY+xyOs="}
cache_ttl value is correct

Refresh Ad Rate value is correct
mode value is set

 Aspect ratio value is correct
sentry_log value is set
local_logging value is set
sentry_initialization value is set
sentry_debugging value is set
showPreRewardedDialogue value is set
showPostRewardedDialogue value is set
isSkipable value is set
{"cache_ttl":10080,"cache_ttl_rewarded":10080,"cache_ttl_banner":10080,"cache_ttl_native":10080,"cache_ttl_icon":10080,"refreshAdRate":30,"mode":"Production","aspectRatio":"4_3","cdnPath":"https:\/\/df8ymybeo92md.cloudfront.net\/images\/","sentry_log":0,"local_logging":0,"sentry_dsn":"https:\/\/93ffa1c9a4124f67b8888a53265f751a:bbf998e04584477fa9a145838e9d3b26@sentry.io\/168994","sentry_initialization":1,"sentry_debugging":0,"bannerSizes":["5"],"aspectRatioVideo":"16_9","app_id":"2141","showPreRewardedDialogue":0,"showPostRewardedDialogue":0,"rewardCurrency":"coins","rewardValue":0,"isSkipable":0,"privacyPolicyURL":"https:\/\/www.consoliads.com\/privacy-policy\/","sessionToken":"+JeUNJ0BltxAa80pdIhBmUgOHkenpiyh2wvciwCO1HXg3+Z+EarH9lvFBbpusbEfDR\/HLpID4Oc429L5h6ZdcJUXrbj3xkL6Kr+YTpu9ZA2crQoOplsFYfQPkWYFTkhiv3dfFlmw9K+mjur5qLHJqaPx5c4O33Q\/Mj19sDxXa9M="}
Session token value is set


{"appKey":"7d25f21b1692382e5507c792271446d8","deviceID":"281","stats":[{"campaignID":123,"packageID":"com.mizo.taxi.driving.simII","sceneStats":[{"sceneID":"1","eventStats":"303,203,103,3,3,0,0"}]}],"sdkVersion":"90","sessionToken":"+JeUNJ0BltxAa80pdIhBmUgOHkenpiyh2wvciwCO1HXg3+Z+EarH9lvFBbpusbEfDR\/HLpID4Oc429L5h6ZdcJUXrbj3xkL6Kr+YTpu9ZA2crQoOplsFYfQPkWYFTkhiv3dfFlmw9K+mjur5qLHJqaPx5c4O33Q\/Mj19sDxXa9M="}
cache_ttl value is correct

Refresh Ad Rate value is correct
mode value is set

 Aspect ratio value is correct
sentry_log value is set
local_logging value is set
sentry_initialization value is set
sentry_debugging value is set
showPreRewardedDialogue value is set
showPostRewardedDialogue value is set
isSkipable value is set
{"cache_ttl":10080,"cache_ttl_rewarded":10080,"cache_ttl_banner":10080,"cache_ttl_native":10080,"cache_ttl_icon":10080,"campaigns":[{"campaignID":"48","attribution":0,"priority":"5","appToPromote":{"appToPromoteID":"1074","usesDefaultFrameImage":"1","usesDefaultCloseImage":"1","marketURL":"https:\/\/play.google.com\/store\/apps\/details?id=com.mizo.construction.crane.hill.climb","packageID":"com.mizo.construction.crane.hill.climb"},"showTemplate":1,"s2s_tracking_url":"https:\/\/play.google.com\/store\/apps\/details?id=com.mizo.construction.crane.hill.climb","activeCreativeID":"65","scenes":["1","2","6","4"],"campaignAdType":"Interstitial"},{"campaignID":"50","attribution":0,"priority":"5","appToPromote":{"appToPromoteID":"1221","usesDefaultFrameImage":"1","usesDefaultCloseImage":"1","marketURL":"https:\/\/play.google.com\/store\/apps\/details?id=com.mizo.offroad.hill.climb","packageID":"com.mizo.offroad.hill.climb"},"showTemplate":1,"s2s_tracking_url":"https:\/\/play.google.com\/store\/apps\/details?id=com.mizo.offroad.hill.climb","activeCreativeID":"67","scenes":["1","2","6","4"],"campaignAdType":"Interstitial"},{"campaignID":"67","attribution":0,"priority":"5","appToPromote":{"appToPromoteID":"1306","usesDefaultFrameImage":"1","usesDefaultCloseImage":"1","marketURL":"https:\/\/play.google.com\/store\/apps\/details?id=com.mizo.extreme.heavy.truck","packageID":"com.mizo.extreme.heavy.truck"},"showTemplate":1,"s2s_tracking_url":"https:\/\/play.google.com\/store\/apps\/details?id=com.mizo.extreme.heavy.truck","activeCreativeID":"85","scenes":["1","2","6","4"],"campaignAdType":"Interstitial"},{"campaignID":"73","attribution":0,"priority":"5","appToPromote":{"appToPromoteID":"1458","usesDefaultFrameImage":"1","usesDefaultCloseImage":"1","marketURL":"https:\/\/play.google.com\/store\/apps\/details?id=com.mizo.army.prisoner.transport.simulator","packageID":"com.mizo.army.prisoner.transport.simulator"},"showTemplate":1,"s2s_tracking_url":"https:\/\/play.google.com\/store\/apps\/details?id=com.mizo.army.prisoner.transport.simulator","activeCreativeID":"93","scenes":["1","2","6","4"],"campaignAdType":"Interstitial"},{"campaignID":"74","attribution":0,"priority":"5","appToPromote":{"appToPromoteID":"1449","usesDefaultFrameImage":"1","usesDefaultCloseImage":"1","marketURL":"https:\/\/play.google.com\/store\/apps\/details?id=com.brilliantgamez.army.prisoners.transport.plane","packageID":"com.brilliantgamez.army.prisoners.transport.plane"},"showTemplate":1,"s2s_tracking_url":"https:\/\/play.google.com\/store\/apps\/details?id=com.brilliantgamez.army.prisoners.transport.plane","activeCreativeID":"94","scenes":["1","2","6","4"],"campaignAdType":"Interstitial"},{"campaignID":"78","attribution":0,"priority":"5","appToPromote":{"appToPromoteID":"1632","usesDefaultFrameImage":"1","usesDefaultCloseImage":"1","marketURL":"https:\/\/play.google.com\/store\/apps\/details?id=com.mizo.road.builder.city.construction","packageID":"com.mizo.road.builder.city.construction"},"showTemplate":1,"s2s_tracking_url":"https:\/\/play.google.com\/store\/apps\/details?id=com.mizo.road.builder.city.construction","activeCreativeID":"97","scenes":["1","2","6","4"],"campaignAdType":"Interstitial"},{"campaignID":"80","attribution":0,"priority":"5","appToPromote":{"appToPromoteID":"1675","usesDefaultFrameImage":"1","usesDefaultCloseImage":"1","marketURL":"https:\/\/play.google.com\/store\/apps\/details?id=com.mizo.flip.bottle.shooting.expert","packageID":"com.mizo.flip.bottle.shooting.expert"},"showTemplate":1,"s2s_tracking_url":"https:\/\/play.google.com\/store\/apps\/details?id=com.mizo.flip.bottle.shooting.expert","activeCreativeID":"100","scenes":["1","2","6","4"],"campaignAdType":"Interstitial"},{"campaignID":"110","attribution":0,"priority":"5","appToPromote":{"appToPromoteID":"1853","usesDefaultFrameImage":"1","usesDefaultCloseImage":"1","marketURL":"https:\/\/play.google.com\/store\/apps\/details?id=com.mizo.police.airplane.transporter","packageID":"com.mizo.police.airplane.transporter"},"showTemplate":1,"s2s_tracking_url":"https:\/\/play.google.com\/store\/apps\/details?id=com.mizo.police.airplane.transporter","activeCreativeID":"137","scenes":["1","2","6","4"],"campaignAdType":"Interstitial"},{"campaignID":"143","attribution":0,"priority":"5","appToPromote":{"appToPromoteID":"2089","usesDefaultFrameImage":"0","usesDefaultCloseImage":"0","marketURL":"https:\/\/play.google.com\/store\/apps\/details?id=com.mizo.sports.car.mechanic","packageID":"com.mizo.sports.car.mechanic"},"showTemplate":1,"s2s_tracking_url":"https:\/\/play.google.com\/store\/apps\/details?id=com.mizo.sports.car.mechanic","activeCreativeID":"184","scenes":["1","2","6","4"],"campaignAdType":"Interstitial"},{"campaignID":"147","attribution":0,"priority":"5","appToPromote":{"appToPromoteID":"2085","usesDefaultFrameImage":"0","usesDefaultCloseImage":"0","marketURL":"https:\/\/play.google.com\/store\/apps\/details?id=com.mizo.robot.gang.mafia","packageID":"com.mizo.robot.gang.mafia"},"showTemplate":1,"s2s_tracking_url":"https:\/\/play.google.com\/store\/apps\/details?id=com.mizo.robot.gang.mafia","activeCreativeID":"188","scenes":["1","2","6","4"],"campaignAdType":"Interstitial"},{"campaignID":"227","attribution":0,"priority":"5","appToPromote":{"appToPromoteID":"2571","usesDefaultFrameImage":"0","usesDefaultCloseImage":"0","marketURL":"https:\/\/play.google.com\/store\/apps\/details?id=com.mizo.raft.suvival","packageID":"com.mizo.raft.suvival"},"showTemplate":1,"s2s_tracking_url":"https:\/\/play.google.com\/store\/apps\/details?id=com.mizo.raft.suvival","activeCreativeID":"302","scenes":["1","2","6","4"],"campaignAdType":"Interstitial"},{"campaignID":"317","attribution":0,"priority":"5","appToPromote":{"appToPromoteID":"2723","usesDefaultFrameImage":"0","usesDefaultCloseImage":"0","marketURL":"https:\/\/play.google.com\/store\/apps\/details?id=com.mizo.helicopter.rescue","packageID":"com.mizo.helicopter.rescue"},"showTemplate":1,"s2s_tracking_url":"https:\/\/play.google.com\/store\/apps\/details?id=com.mizo.helicopter.rescue","activeCreativeID":"324","scenes":["1","2","6","4"],"campaignAdType":"Interstitial"},{"campaignID":"367","attribution":0,"priority":"5","appToPromote":{"appToPromoteID":"2911","usesDefaultFrameImage":"0","usesDefaultCloseImage":"0","marketURL":"https:\/\/play.google.com\/store\/apps\/details?id=com.mizo.police.ship.transporter","packageID":"com.mizo.police.ship.transporter"},"showTemplate":1,"s2s_tracking_url":"https:\/\/play.google.com\/store\/apps\/details?id=com.mizo.police.ship.transporter","activeCreativeID":"383","scenes":["1","2","6","4"],"campaignAdType":"Interstitial"},{"campaignID":"390","attribution":0,"priority":"5","appToPromote":{"appToPromoteID":"3077","usesDefaultFrameImage":"0","usesDefaultCloseImage":"0","marketURL":"https:\/\/play.google.com\/store\/apps\/details?id=com.mizo.transformer.shooting","packageID":"com.mizo.transformer.shooting"},"showTemplate":1,"s2s_tracking_url":"https:\/\/play.google.com\/store\/apps\/details?id=com.mizo.transformer.shooting","activeCreativeID":"441","scenes":["1","2","6","4"],"campaignAdType":"Interstitial"},{"campaignID":"408","attribution":0,"priority":"5","appToPromote":{"appToPromoteID":"3095","usesDefaultFrameImage":"0","usesDefaultCloseImage":"0","marketURL":"https:\/\/play.google.com\/store\/apps\/details?id=com.mizo.superhero.robot","packageID":"com.mizo.superhero.robot"},"showTemplate":1,"s2s_tracking_url":"https:\/\/play.google.com\/store\/apps\/details?id=com.mizo.superhero.robot","activeCreativeID":"443","scenes":["1","2","6","4"],"campaignAdType":"Interstitial"},{"campaignID":"410","attribution":0,"priority":"5","appToPromote":{"appToPromoteID":"3145","usesDefaultFrameImage":"0","usesDefaultCloseImage":"0","marketURL":"https:\/\/play.google.com\/store\/apps\/details?id=com.mizo.extreme.bikerider","packageID":"com.mizo.extreme.bikerider"},"showTemplate":1,"s2s_tracking_url":"https:\/\/play.google.com\/store\/apps\/details?id=com.mizo.extreme.bikerider","activeCreativeID":"448","scenes":["1","2","6","4"],"campaignAdType":"Interstitial"},{"campaignID":"428","attribution":0,"priority":"5","appToPromote":{"appToPromoteID":"3250","usesDefaultFrameImage":"0","usesDefaultCloseImage":"0","marketURL":"https:\/\/play.google.com\/store\/apps\/details?id=com.mizo.bicycle.stunt.racer","packageID":"com.mizo.bicycle.stunt.racer"},"showTemplate":1,"s2s_tracking_url":"https:\/\/play.google.com\/store\/apps\/details?id=com.mizo.bicycle.stunt.racer","activeCreativeID":"472","scenes":["1","2","6","4"],"campaignAdType":"Interstitial"},{"campaignID":"429","attribution":0,"priority":"5","appToPromote":{"appToPromoteID":"3253","usesDefaultFrameImage":"0","usesDefaultCloseImage":"0","marketURL":"https:\/\/play.google.com\/store\/apps\/details?id=com.mizo.rooftop.stunts","packageID":"com.mizo.rooftop.stunts"},"showTemplate":1,"s2s_tracking_url":"https:\/\/play.google.com\/store\/apps\/details?id=com.mizo.rooftop.stunts","activeCreativeID":"474","scenes":["1","2","6","4"],"campaignAdType":"Interstitial"},{"campaignID":"456","attribution":0,"priority":"5","appToPromote":{"appToPromoteID":"2448","usesDefaultFrameImage":"0","usesDefaultCloseImage":"0","marketURL":"https:\/\/play.google.com\/store\/apps\/details?id=com.mizo.battle.simulator","packageID":"com.mizo.battle.simulator"},"showTemplate":1,"s2s_tracking_url":"https:\/\/play.google.com\/store\/apps\/details?id=com.mizo.battle.simulator","activeCreativeID":"503","scenes":["1","2","6","4"],"campaignAdType":"Interstitial"},{"campaignID":"482","attribution":0,"priority":"5","appToPromote":{"appToPromoteID":"2877","usesDefaultFrameImage":"0","usesDefaultCloseImage":"0","marketURL":"https:\/\/play.google.com\/store\/apps\/details?id=com.mizo.underwater.tourist.bus","packageID":"com.mizo.underwater.tourist.bus"},"showTemplate":1,"s2s_tracking_url":"https:\/\/play.google.com\/store\/apps\/details?id=com.mizo.underwater.tourist.bus","activeCreativeID":"540","scenes":["1","2","6","4"],"campaignAdType":"Interstitial"},{"campaignID":"490","attribution":0,"priority":"5","appToPromote":{"appToPromoteID":"3518","usesDefaultFrameImage":"0","usesDefaultCloseImage":"0","marketURL":"https:\/\/play.google.com\/store\/apps\/details?id=com.crazyneuron.superhero.robot.world","packageID":"com.crazyneuron.superhero.robot.world"},"showTemplate":1,"s2s_tracking_url":"https:\/\/play.google.com\/store\/apps\/details?id=com.crazyneuron.superhero.robot.world","activeCreativeID":"550","scenes":["1","2","6","4"],"campaignAdType":"Interstitial"},{"campaignID":"501","attribution":0,"priority":"5","appToPromote":{"appToPromoteID":"3579","usesDefaultFrameImage":"0","usesDefaultCloseImage":"0","marketURL":"https:\/\/play.google.com\/store\/apps\/details?id=com.crazyneuron.us.army.transport","packageID":"com.crazyneuron.us.army.transport"},"showTemplate":1,"s2s_tracking_url":"https:\/\/play.google.com\/store\/apps\/details?id=com.crazyneuron.us.army.transport","activeCreativeID":"577","scenes":["1","2","6","4"],"campaignAdType":"Interstitial"},{"campaignID":"512","attribution":0,"priority":"5","appToPromote":{"appToPromoteID":"3683","usesDefaultFrameImage":"0","usesDefaultCloseImage":"0","marketURL":"https:\/\/play.google.com\/store\/apps\/details?id=com.mizo.plane.landing","packageID":"com.mizo.plane.landing"},"showTemplate":1,"s2s_tracking_url":"https:\/\/play.google.com\/store\/apps\/details?id=com.mizo.plane.landing","activeCreativeID":"594","scenes":["1","2","6","4"],"campaignAdType":"Interstitial"},{"campaignID":"6210","attribution":0,"priority":"5","appToPromote":{"appToPromoteID":"11566","usesDefaultFrameImage":"0","usesDefaultCloseImage":"0","marketURL":"https:\/\/play.google.com\/store\/apps\/details?id=com.mizo.line.drawing.puzzle.game","packageID":"com.mizo.line.drawing.puzzle.game"},"showTemplate":1,"s2s_tracking_url":"https:\/\/play.google.com\/store\/apps\/details?id=com.mizo.line.drawing.puzzle.game","activeCreativeID":"1322","scenes":["1","2","6","4"],"campaignAdType":"Video"},{"campaignID":"6213","attribution":0,"priority":"5","appToPromote":{"appToPromoteID":"11633","usesDefaultFrameImage":"0","usesDefaultCloseImage":"0","marketURL":"https:\/\/play.google.com\/store\/apps\/details?id=com.mizo.car.driving.simulator","packageID":"com.mizo.car.driving.simulator"},"showTemplate":1,"s2s_tracking_url":"https:\/\/play.google.com\/store\/apps\/details?id=com.mizo.car.driving.simulator","activeCreativeID":"1325","scenes":["1","2","6","4"],"campaignAdType":"Video"}],"refreshAdRate":30,"mode":"Production","aspectRatio":"4_3","cdnPath":"https:\/\/df8ymybeo92md.cloudfront.net\/images\/","sentry_log":0,"local_logging":0,"sentry_dsn":"https:\/\/93ffa1c9a4124f67b8888a53265f751a:bbf998e04584477fa9a145838e9d3b26@sentry.io\/168994","sentry_initialization":1,"sentry_debugging":0,"bannerSizes":[],"aspectRatioVideo":"16_9","app_id":"1946","showPreRewardedDialogue":0,"showPostRewardedDialogue":0,"rewardCurrency":"coins","rewardValue":0,"isSkipable":0,"privacyPolicyURL":"https:\/\/www.consoliads.com\/privacy-policy\/","sessionToken":"GoXkIMqTssyHW3YNPMZbfLPlvxYuA0FrU2H6oNaLloFYxDvNfk1hJq4iKy\/+cMxHiPdhuZq6XzNmarKYNkmz5mQpjGISi\/1ZDCnzJbq1kblVBKwauB+YRspq3VjoBFUiMxHt8ggA6YxPrm\/8YmZqQXHP5VE8bG9YMgllHQmQQhE="}
Session token value is set


{"appKey":"e6c288ffb04d929a4737a593ce216e8b","deviceID":"3945","stats":[{"campaignID":126,"packageID":"com.gss.clown.robbery.gangster.squad","sceneStats":[{"sceneID":"10","eventStats":"340,240,140,40,40,0,0"}]}],"sdkVersion":"39","sessionToken":"GoXkIMqTssyHW3YNPMZbfLPlvxYuA0FrU2H6oNaLloFYxDvNfk1hJq4iKy\/+cMxHiPdhuZq6XzNmarKYNkmz5mQpjGISi\/1ZDCnzJbq1kblVBKwauB+YRspq3VjoBFUiMxHt8ggA6YxPrm\/8YmZqQXHP5VE8bG9YMgllHQmQQhE="}
cache_ttl value is correct

Refresh Ad Rate value is correct
mode value is set

 Aspect ratio value is correct
sentry_log value is set
local_logging value is set
sentry_initialization value is set
sentry_debugging value is set
showPreRewardedDialogue value is set
showPostRewardedDialogue value is set
isSkipable value is set
{"cache_ttl":10080,"cache_ttl_rewarded":10080,"cache_ttl_banner":10080,"cache_ttl_native":10080,"cache_ttl_icon":10080,"campaigns":[{"campaignID":"85","attribution":0,"priority":"5","appToPromote":{"appToPromoteID":"1830","usesDefaultFrameImage":"0","usesDefaultCloseImage":"0","marketURL":"https:\/\/play.google.com\/store\/apps\/details?id=com.gss.offroad.uphill.extremetruckdriver","packageID":"com.gss.offroad.uphill.extremetruckdriver"},"showTemplate":1,"s2s_tracking_url":"https:\/\/play.google.com\/store\/apps\/details?id=com.gss.offroad.uphill.extremetruckdriver","activeCreativeID":"106","scenes":["12","1","8","6","15","2"],"campaignAdType":"Interstitial"},{"campaignID":"86","attribution":0,"priority":"5","appToPromote":{"appToPromoteID":"1823","usesDefaultFrameImage":"0","usesDefaultCloseImage":"0","marketURL":"https:\/\/play.google.com\/store\/apps\/details?id=com.vg.demolition.derby.extreme.car.stunts","packageID":"com.vg.demolition.derby.extreme.car.stunts"},"showTemplate":1,"s2s_tracking_url":"https:\/\/play.google.com\/store\/apps\/details?id=com.vg.demolition.derby.extreme.car.stunts","activeCreativeID":"109","scenes":["12","1","8","6","15","2"],"campaignAdType":"Interstitial"},{"campaignID":"93","attribution":0,"priority":"5","appToPromote":{"appToPromoteID":"1860","usesDefaultFrameImage":"0","usesDefaultCloseImage":"0","marketURL":"https:\/\/play.google.com\/store\/apps\/details?id=com.gss.vendetta.subwaycrime.rescue.mission","packageID":"com.gss.vendetta.subwaycrime.rescue.mission"},"showTemplate":1,"s2s_tracking_url":"https:\/\/play.google.com\/store\/apps\/details?id=com.gss.vendetta.subwaycrime.rescue.mission","activeCreativeID":"117","scenes":["12","1","8","6","15","2"],"campaignAdType":"Interstitial"},{"campaignID":"94","attribution":0,"priority":"5","appToPromote":{"appToPromoteID":"1843","usesDefaultFrameImage":"0","usesDefaultCloseImage":"0","marketURL":"https:\/\/play.google.com\/store\/apps\/details?id=com.vg.secret.agent.mafia.gods.criminal.gang","packageID":"com.vg.secret.agent.mafia.gods.criminal.gang"},"showTemplate":1,"s2s_tracking_url":"https:\/\/play.google.com\/store\/apps\/details?id=com.vg.secret.agent.mafia.gods.criminal.gang","activeCreativeID":"120","scenes":["12","1","8","6","15","2"],"campaignAdType":"Interstitial"},{"campaignID":"112","attribution":0,"priority":"5","appToPromote":{"appToPromoteID":"1998","usesDefaultFrameImage":"0","usesDefaultCloseImage":"0","marketURL":"https:\/\/play.google.com\/store\/apps\/details?id=com.gss.citygangster.underworldempire.mafia.crime","packageID":"com.gss.citygangster.underworldempire.mafia.crime"},"showTemplate":1,"s2s_tracking_url":"https:\/\/play.google.com\/store\/apps\/details?id=com.gss.citygangster.underworldempire.mafia.crime","activeCreativeID":"146","scenes":["12","1","8","6","15","2"],"campaignAdType":"Interstitial"},{"campaignID":"114","attribution":0,"priority":"5","appToPromote":{"appToPromoteID":"2007","usesDefaultFrameImage":"0","usesDefaultCloseImage":"0","marketURL":"https:\/\/play.google.com\/store\/apps\/details?id=com.vg.police.secret.agent.crime.gang","packageID":"com.vg.police.secret.agent.crime.gang"},"showTemplate":1,"s2s_tracking_url":"https:\/\/play.google.com\/store\/apps\/details?id=com.vg.police.secret.agent.crime.gang","activeCreativeID":"148","scenes":["12","1","8","6","15","2"],"campaignAdType":"Interstitial"},{"campaignID":"132","attribution":0,"priority":"5","appToPromote":{"appToPromoteID":"2109","usesDefaultFrameImage":"0","usesDefaultCloseImage":"0","marketURL":"https:\/\/play.google.com\/store\/apps\/details?id=com.gss.us.army.commando.survival","packageID":"com.gss.us.army.commando.survival"},"showTemplate":1,"s2s_tracking_url":"https:\/\/play.google.com\/store\/apps\/details?id=com.gss.us.army.commando.survival","activeCreativeID":"171","scenes":["12","1","8","6","15","2"],"campaignAdType":"Interstitial"},{"campaignID":"133","attribution":0,"priority":"5","appToPromote":{"appToPromoteID":"2118","usesDefaultFrameImage":"0","usesDefaultCloseImage":"0","marketURL":"https:\/\/play.google.com\/store\/apps\/details?id=com.vg.us.war.mafia.gang.vegas.crime","packageID":"com.vg.us.war.mafia.gang.vegas.crime"},"showTemplate":1,"s2s_tracking_url":"https:\/\/play.google.com\/store\/apps\/details?id=com.vg.us.war.mafia.gang.vegas.crime","activeCreativeID":"172","scenes":["12","1","8","6","15","2"],"campaignAdType":"Interstitial"},{"campaignID":"152","attribution":0,"priority":"5","appToPromote":{"appToPromoteID":"1348","usesDefaultFrameImage":"0","usesDefaultCloseImage":"0","marketURL":"https:\/\/play.google.com\/store\/apps\/details?id=com.gss.police.sniper.prison.gaurd","packageID":"com.gss.police.sniper.prison.gaurd"},"showTemplate":1,"s2s_tracking_url":"https:\/\/play.google.com\/store\/apps\/details?id=com.gss.police.sniper.prison.gaurd","activeCreativeID":"192","scenes":["12","1","8","6","15","2"],"campaignAdType":"Interstitial"},{"campaignID":"158","attribution":0,"priority":"5","appToPromote":{"appToPromoteID":"2223","usesDefaultFrameImage":"0","usesDefaultCloseImage":"0","marketURL":"https:\/\/play.google.com\/store\/apps\/details?id=com.vg.counter.mafia.squad.army.training","packageID":"com.vg.counter.mafia.squad.army.training"},"showTemplate":1,"s2s_tracking_url":"https:\/\/play.google.com\/store\/apps\/details?id=com.vg.counter.mafia.squad.army.training","activeCreativeID":"204","scenes":["12","1","8","6","15","2"],"campaignAdType":"Interstitial"},{"campaignID":"162","attribution":0,"priority":"5","appToPromote":{"appToPromoteID":"2268","usesDefaultFrameImage":"0","usesDefaultCloseImage":"0","marketURL":"https:\/\/play.google.com\/store\/apps\/details?id=com.vg.prisoner.escape.survival.hero","packageID":"com.vg.prisoner.escape.survival.hero"},"showTemplate":1,"s2s_tracking_url":"https:\/\/play.google.com\/store\/apps\/details?id=com.vg.prisoner.escape.survival.hero","activeCreativeID":"206","scenes":["12","1","8","6","15","2"],"campaignAdType":"Interstitial"},{"campaignID":"163","attribution":0,"priority":"5","appToPromote":{"appToPromoteID":"2349","usesDefaultFrameImage":"0","usesDefaultCloseImage":"0","marketURL":"https:\/\/play.google.com\/store\/apps\/details?id=com.gss.city.war.survival.robothero","packageID":"com.gss.city.war.survival.robothero"},"showTemplate":1,"s2s_tracking_url":"https:\/\/play.google.com\/store\/apps\/details?id=com.gss.city.war.survival.robothero","activeCreativeID":"207","scenes":["12","1","8","6","15","2"],"campaignAdType":"Interstitial"},{"campaignID":"207","attribution":0,"priority":"5","appToPromote":{"appToPromoteID":"2450","usesDefaultFrameImage":"0","usesDefaultCloseImage":"0","marketURL":"https:\/\/play.google.com\/store\/apps\/details?id=com.gss.army.commando.survivalisland","packageID":"com.gss.army.commando.survivalisland"},"showTemplate":1,"s2s_tracking_url":"https:\/\/play.google.com\/store\/apps\/details?id=com.gss.army.commando.survivalisland","activeCreativeID":"281","scenes":["12","1","8","6","15","2"],"campaignAdType":"Interstitial"},{"campaignID":"332","attribution":0,"priority":"5","appToPromote":{"appToPromoteID":"2857","usesDefaultFrameImage":"0","usesDefaultCloseImage":"0","marketURL":"https:\/\/play.google.com\/store\/apps\/details?id=com.gss.robot.battle.robbery.squad","packageID":"com.gss.robot.battle.robbery.squad"},"showTemplate":1,"s2s_tracking_url":"https:\/\/play.google.com\/store\/apps\/details?id=com.gss.robot.battle.robbery.squad","activeCreativeID":"343","scenes":["12","1","8","6","15","2"],"campaignAdType":"Interstitial"},{"campaignID":"336","attribution":0,"priority":"5","appToPromote":{"appToPromoteID":"2941","usesDefaultFrameImage":"0","usesDefaultCloseImage":"0","marketURL":"https:\/\/play.google.com\/store\/apps\/details?id=com.vg.us.army.war.survival.island","packageID":"com.vg.us.army.war.survival.island"},"showTemplate":1,"s2s_tracking_url":"https:\/\/play.google.com\/store\/apps\/details?id=com.vg.us.army.war.survival.island","activeCreativeID":"347","scenes":["12","1","8","6","15","2"],"campaignAdType":"Interstitial"},{"campaignID":"357","attribution":0,"priority":"5","appToPromote":{"appToPromoteID":"2741","usesDefaultFrameImage":"0","usesDefaultCloseImage":"0","marketURL":"https:\/\/play.google.com\/store\/apps\/details?id=com.gss.us.air.jetfighter.warrior","packageID":"com.gss.us.air.jetfighter.warrior"},"showTemplate":1,"s2s_tracking_url":"https:\/\/play.google.com\/store\/apps\/details?id=com.gss.us.air.jetfighter.warrior","activeCreativeID":"376","scenes":["12","1","8","6","15","2"],"campaignAdType":"Interstitial"},{"campaignID":"364","attribution":0,"priority":"5","appToPromote":{"appToPromoteID":"2552","usesDefaultFrameImage":"0","usesDefaultCloseImage":"0","marketURL":"https:\/\/play.google.com\/store\/apps\/details?id=com.gss.grand.city.rescue.flyingrobot","packageID":"com.gss.grand.city.rescue.flyingrobot"},"showTemplate":1,"s2s_tracking_url":"https:\/\/play.google.com\/store\/apps\/details?id=com.gss.grand.city.rescue.flyingrobot","activeCreativeID":"309","scenes":["12","1","8","6","15","2"],"campaignAdType":"Interstitial"},{"campaignID":"370","attribution":0,"priority":"5","appToPromote":{"appToPromoteID":"3065","usesDefaultFrameImage":"0","usesDefaultCloseImage":"0","marketURL":"https:\/\/play.google.com\/store\/apps\/details?id=com.gss.raft.survival.island.escape","packageID":"com.gss.raft.survival.island.escape"},"showTemplate":1,"s2s_tracking_url":"https:\/\/play.google.com\/store\/apps\/details?id=com.gss.raft.survival.island.escape","activeCreativeID":"391","scenes":["12","1","8","6","15","2"],"campaignAdType":"Interstitial"},{"campaignID":"417","attribution":0,"priority":"5","appToPromote":{"appToPromoteID":"3227","usesDefaultFrameImage":"0","usesDefaultCloseImage":"0","marketURL":"https:\/\/play.google.com\/store\/apps\/details?id=com.vg.hero.kids.army.training.school","packageID":"com.vg.hero.kids.army.training.school"},"showTemplate":1,"s2s_tracking_url":"https:\/\/play.google.com\/store\/apps\/details?id=com.vg.hero.kids.army.training.school","activeCreativeID":"454","scenes":["12","1","8","6","15","2"],"campaignAdType":"Interstitial"},{"campaignID":"433","attribution":0,"priority":"5","appToPromote":{"appToPromoteID":"3339","usesDefaultFrameImage":"0","usesDefaultCloseImage":"0","marketURL":"https:\/\/play.google.com\/store\/apps\/details?id=com.gss.battle.force.counterterrorist","packageID":"com.gss.battle.force.counterterrorist"},"showTemplate":1,"s2s_tracking_url":"https:\/\/play.google.com\/store\/apps\/details?id=com.gss.battle.force.counterterrorist","activeCreativeID":"477","scenes":["12","1","8","6","15","2"],"campaignAdType":"Interstitial"},{"campaignID":"436","attribution":0,"priority":"5","appToPromote":{"appToPromoteID":"3282","usesDefaultFrameImage":"0","usesDefaultCloseImage":"0","marketURL":"https:\/\/play.google.com\/store\/apps\/details?id=com.tgp.city.rescue.survival.flyinghero","packageID":"com.tgp.city.rescue.survival.flyinghero"},"showTemplate":1,"s2s_tracking_url":"https:\/\/play.google.com\/store\/apps\/details?id=com.tgp.city.rescue.survival.flyinghero","activeCreativeID":"478","scenes":["12","1","8","6","15","2"],"campaignAdType":"Interstitial"},{"campaignID":"446","attribution":0,"priority":"5","appToPromote":{"appToPromoteID":"3390","usesDefaultFrameImage":"0","usesDefaultCloseImage":"0","marketURL":"https:\/\/play.google.com\/store\/apps\/details?id=com.gss.flying.spider.superhero.survival","packageID":"com.gss.flying.spider.superhero.survival"},"showTemplate":1,"s2s_tracking_url":"https:\/\/play.google.com\/store\/apps\/details?id=com.gss.flying.spider.superhero.survival","activeCreativeID":"488","scenes":["12","1","8","6","15","2"],"campaignAdType":"Interstitial"},{"campaignID":"486","attribution":0,"priority":"5","appToPromote":{"appToPromoteID":"3389","usesDefaultFrameImage":"0","usesDefaultCloseImage":"0","marketURL":"https:\/\/play.google.com\/store\/apps\/details?id=com.gss.ultimate.shark.snipershooting","packageID":"com.gss.ultimate.shark.snipershooting"},"showTemplate":1,"s2s_tracking_url":"https:\/\/play.google.com\/store\/apps\/details?id=com.gss.ultimate.shark.snipershooting","activeCreativeID":"547","scenes":["12","1","8","6","15","2"],"campaignAdType":"Interstitial"},{"campaignID":"493","attribution":0,"priority":"5","appToPromote":{"appToPromoteID":"3536","usesDefaultFrameImage":"0","usesDefaultCloseImage":"0","marketURL":"https:\/\/play.google.com\/store\/apps\/details?id=com.gss.us.army.secret.stealth.mission","packageID":"com.gss.us.army.secret.stealth.mission"},"showTemplate":1,"s2s_tracking_url":"https:\/\/play.google.com\/store\/apps\/details?id=com.gss.us.army.secret.stealth.mission","activeCreativeID":"556","scenes":["12","1","8","6","15","2"],"campaignAdType":"Interstitial"},{"campaignID":"496","attribution":0,"priority":"5","appToPromote":{"appToPromoteID":"3555","usesDefaultFrameImage":"0","usesDefaultCloseImage":"0","marketURL":"https:\/\/play.google.com\/store\/apps\/details?id=com.vg.epic.survival.hero.escape.story","packageID":"com.vg.epic.survival.hero.escape.story"},"showTemplate":1,"s2s_tracking_url":"https:\/\/play.google.com\/store\/apps\/details?id=com.vg.epic.survival.hero.escape.story","activeCreativeID":"559","scenes":["12","1","8","6","15","2"],"campaignAdType":"Interstitial"}],"refreshAdRate":30,"mode":"Production","aspectRatio":"4_3","cdnPath":"https:\/\/df8ymybeo92md.cloudfront.net\/images\/","sentry_log":0,"local_logging":0,"sentry_dsn":"https:\/\/93ffa1c9a4124f67b8888a53265f751a:bbf998e04584477fa9a145838e9d3b26@sentry.io\/168994","sentry_initialization":1,"sentry_debugging":0,"bannerSizes":["5"],"aspectRatioVideo":"16_9","app_id":"2081","showPreRewardedDialogue":0,"showPostRewardedDialogue":0,"rewardCurrency":"coins","rewardValue":0,"isSkipable":0,"privacyPolicyURL":"https:\/\/www.consoliads.com\/privacy-policy\/","sessionToken":"eTkANI+w55ATipEgSf8\/SELeVRULyFL9IjG1svP+UpNNJd+JgQHsi1Dt9x\/BTZLyS1Bw3g73K7yJnDtGN8qx+JMIPmKdLimiWgRtWY+hy5P9JioZUFCVYfz0NmoVRxA7xtoNeexMbOBQ3gsw5jkNwLTWmZbSR9eVss3mdHalM6Q="}
Session token value is set


{"appKey":"4d80502e5e231c73aef56bc16c23e28e","deviceID":"7609","stats":[{"campaignID":128,"packageID":"com.tgp.multistorey.car.transporter.truck","sceneStats":[{"sceneID":"20","eventStats":"376,276,176,76,76,0,0"}]}],"sdkVersion":"2163","sessionToken":"eTkANI+w55ATipEgSf8\/SELeVRULyFL9IjG1svP+UpNNJd+JgQHsi1Dt9x\/BTZLyS1Bw3g73K7yJnDtGN8qx+JMIPmKdLimiWgRtWY+hy5P9JioZUFCVYfz0NmoVRxA7xtoNeexMbOBQ3gsw5jkNwLTWmZbSR9eVss3mdHalM6Q="}
cache_ttl value is correct

Refresh Ad Rate value is correct
mode value is set

 Aspect ratio value is correct
sentry_log value is set
local_logging value is set
sentry_initialization value is set
sentry_debugging value is set
showPreRewardedDialogue value is set
showPostRewardedDialogue value is set
isSkipable value is set
{"cache_ttl":10080,"cache_ttl_rewarded":10080,"cache_ttl_banner":10080,"cache_ttl_native":10080,"cache_ttl_icon":10080,"campaigns":[{"campaignID":"98","attribution":0,"priority":"5","appToPromote":{"appToPromoteID":"1937","usesDefaultFrameImage":"0","usesDefaultCloseImage":"0","marketURL":"https:\/\/play.google.com\/store\/apps\/details?id=com.gss.offroad.policetransporttruck","packageID":"com.gss.offroad.policetransporttruck"},"showTemplate":1,"s2s_tracking_url":"https:\/\/play.google.com\/store\/apps\/details?id=com.gss.offroad.policetransporttruck","activeCreativeID":"124","scenes":["12","1","8","6","15","2"],"campaignAdType":"Interstitial"},{"campaignID":"111","attribution":0,"priority":"5","appToPromote":{"appToPromoteID":"1969","usesDefaultFrameImage":"0","usesDefaultCloseImage":"0","marketURL":"https:\/\/play.google.com\/store\/apps\/details?id=com.vg.moto.airplane.transporter.police.plane","packageID":"com.vg.moto.airplane.transporter.police.plane"},"showTemplate":1,"s2s_tracking_url":"https:\/\/play.google.com\/store\/apps\/details?id=com.vg.moto.airplane.transporter.police.plane","activeCreativeID":"143","scenes":["12","1","8","6","15","2"],"campaignAdType":"Interstitial"},{"campaignID":"139","attribution":0,"priority":"5","appToPromote":{"appToPromoteID":"2150","usesDefaultFrameImage":"0","usesDefaultCloseImage":"0","marketURL":"https:\/\/play.google.com\/store\/apps\/details?id=com.gss.traffic.rush.crazy.bike.rider","packageID":"com.gss.traffic.rush.crazy.bike.rider"},"showTemplate":1,"s2s_tracking_url":"https:\/\/play.google.com\/store\/apps\/details?id=com.gss.traffic.rush.crazy.bike.rider","activeCreativeID":"179","scenes":["12","1","8","6","15","2"],"campaignAdType":"Interstitial"},{"campaignID":"142","attribution":0,"priority":"5","appToPromote":{"appToPromoteID":"2164","usesDefaultFrameImage":"0","usesDefaultCloseImage":"0","marketURL":"https:\/\/play.google.com\/store\/apps\/details?id=com.vg.police.demolition.derby.crash.racing","packageID":"com.vg.police.demolition.derby.crash.racing"},"showTemplate":1,"s2s_tracking_url":"https:\/\/play.google.com\/store\/apps\/details?id=com.vg.police.demolition.derby.crash.racing","activeCreativeID":"182","scenes":["12","1","8","6","15","2"],"campaignAdType":"Interstitial"},{"campaignID":"146","attribution":0,"priority":"5","appToPromote":{"appToPromoteID":"2225","usesDefaultFrameImage":"0","usesDefaultCloseImage":"0","marketURL":"https:\/\/play.google.com\/store\/apps\/details?id=com.gss.offroad.policebiketransport","packageID":"com.gss.offroad.policebiketransport"},"showTemplate":1,"s2s_tracking_url":"https:\/\/play.google.com\/store\/apps\/details?id=com.gss.offroad.policebiketransport","activeCreativeID":"187","scenes":["12","1","8","6","15","2"],"campaignAdType":"Interstitial"},{"campaignID":"149","attribution":0,"priority":"5","appToPromote":{"appToPromoteID":"2224","usesDefaultFrameImage":"0","usesDefaultCloseImage":"0","marketURL":"https:\/\/play.google.com\/store\/apps\/details?id=com.vg.mega.city.construction.building.sim","packageID":"com.vg.mega.city.construction.building.sim"},"showTemplate":1,"s2s_tracking_url":"https:\/\/play.google.com\/store\/apps\/details?id=com.vg.mega.city.construction.building.sim","activeCreativeID":"191","scenes":["12","1","8","6","15","2"],"campaignAdType":"Interstitial"},{"campaignID":"150","attribution":0,"priority":"5","appToPromote":{"appToPromoteID":"2224","usesDefaultFrameImage":"0","usesDefaultCloseImage":"0","marketURL":"https:\/\/play.google.com\/store\/apps\/details?id=com.vg.mega.city.construction.building.sim","packageID":"com.vg.mega.city.construction.building.sim"},"showTemplate":1,"s2s_tracking_url":"https:\/\/play.google.com\/store\/apps\/details?id=com.vg.mega.city.construction.building.sim","activeCreativeID":"191","scenes":["12","1","8","6","15","2"],"campaignAdType":"Interstitial"},{"campaignID":"155","attribution":0,"priority":"5","appToPromote":{"appToPromoteID":"2226","usesDefaultFrameImage":"0","usesDefaultCloseImage":"0","marketURL":"https:\/\/play.google.com\/store\/apps\/details?id=com.gss.garage.workshop.carmehanic","packageID":"com.gss.garage.workshop.carmehanic"},"showTemplate":1,"s2s_tracking_url":"https:\/\/play.google.com\/store\/apps\/details?id=com.gss.garage.workshop.carmehanic","activeCreativeID":"197","scenes":["12","1","8","6","15","2"],"campaignAdType":"Interstitial"},{"campaignID":"156","attribution":0,"priority":"5","appToPromote":{"appToPromoteID":"2227","usesDefaultFrameImage":"0","usesDefaultCloseImage":"0","marketURL":"https:\/\/play.google.com\/store\/apps\/details?id=com.tgp.offroad.extreme.multi.cargotruck","packageID":"com.tgp.offroad.extreme.multi.cargotruck"},"showTemplate":1,"s2s_tracking_url":"https:\/\/play.google.com\/store\/apps\/details?id=com.tgp.offroad.extreme.multi.cargotruck","activeCreativeID":"198","scenes":["12","1","8","6","15","2"],"campaignAdType":"Interstitial"},{"campaignID":"163","attribution":0,"priority":"5","appToPromote":{"appToPromoteID":"2349","usesDefaultFrameImage":"0","usesDefaultCloseImage":"0","marketURL":"https:\/\/play.google.com\/store\/apps\/details?id=com.gss.city.war.survival.robothero","packageID":"com.gss.city.war.survival.robothero"},"showTemplate":1,"s2s_tracking_url":"https:\/\/play.google.com\/store\/apps\/details?id=com.gss.city.war.survival.robothero","activeCreativeID":"207","scenes":["12","1","8","6","15","2"],"campaignAdType":"Interstitial"},{"campaignID":"164","attribution":0,"priority":"5","appToPromote":{"appToPromoteID":"2350","usesDefaultFrameImage":"0","usesDefaultCloseImage":"0","marketURL":"https:\/\/play.google.com\/store\/apps\/details?id=com.tgp.car.robot.transport.truck","packageID":"com.tgp.car.robot.transport.truck"},"showTemplate":1,"s2s_tracking_url":"https:\/\/play.google.com\/store\/apps\/details?id=com.tgp.car.robot.transport.truck","activeCreativeID":"211","scenes":["12","1","8","6","15","2"],"campaignAdType":"Interstitial"},{"campaignID":"166","attribution":0,"priority":"5","appToPromote":{"appToPromoteID":"2273","usesDefaultFrameImage":"0","usesDefaultCloseImage":"0","marketURL":"https:\/\/play.google.com\/store\/apps\/details?id=com.gss.police.automechanic.repair.workshop","packageID":"com.gss.police.automechanic.repair.workshop"},"showTemplate":1,"s2s_tracking_url":"https:\/\/play.google.com\/store\/apps\/details?id=com.gss.police.automechanic.repair.workshop","activeCreativeID":"217","scenes":["12","1","8","6","15","2"],"campaignAdType":"Interstitial"},{"campaignID":"167","attribution":0,"priority":"5","appToPromote":{"appToPromoteID":"2348","usesDefaultFrameImage":"0","usesDefaultCloseImage":"0","marketURL":"https:\/\/play.google.com\/store\/apps\/details?id=com.vg.rollercoaster.crazy.tycoon.tour","packageID":"com.vg.rollercoaster.crazy.tycoon.tour"},"showTemplate":1,"s2s_tracking_url":"https:\/\/play.google.com\/store\/apps\/details?id=com.vg.rollercoaster.crazy.tycoon.tour","activeCreativeID":"218","scenes":["12","1","8","6","15","2"],"campaignAdType":"Interstitial"},{"campaignID":"214","attribution":0,"priority":"5","appToPromote":{"appToPromoteID":"2613","usesDefaultFrameImage":"0","usesDefaultCloseImage":"0","marketURL":"https:\/\/play.google.com\/store\/apps\/details?id=com.gss.robot.bike.transport.truck","packageID":"com.gss.robot.bike.transport.truck"},"showTemplate":1,"s2s_tracking_url":"https:\/\/play.google.com\/store\/apps\/details?id=com.gss.robot.bike.transport.truck","activeCreativeID":"295","scenes":["12","1","8","6","15","2"],"campaignAdType":"Interstitial"},{"campaignID":"303","attribution":0,"priority":"5","appToPromote":{"appToPromoteID":"2642","usesDefaultFrameImage":"0","usesDefaultCloseImage":"0","marketURL":"https:\/\/play.google.com\/store\/apps\/details?id=com.tgp.offroad.robot.transport.truck","packageID":"com.tgp.offroad.robot.transport.truck"},"showTemplate":1,"s2s_tracking_url":"https:\/\/play.google.com\/store\/apps\/details?id=com.tgp.offroad.robot.transport.truck","activeCreativeID":"310","scenes":["12","1","8","6","15","2"],"campaignAdType":"Interstitial"},{"campaignID":"370","attribution":0,"priority":"5","appToPromote":{"appToPromoteID":"3065","usesDefaultFrameImage":"0","usesDefaultCloseImage":"0","marketURL":"https:\/\/play.google.com\/store\/apps\/details?id=com.gss.raft.survival.island.escape","packageID":"com.gss.raft.survival.island.escape"},"showTemplate":1,"s2s_tracking_url":"https:\/\/play.google.com\/store\/apps\/details?id=com.gss.raft.survival.island.escape","activeCreativeID":"391","scenes":["12","1","8","6","15","2"],"campaignAdType":"Interstitial"},{"campaignID":"371","attribution":0,"priority":"5","appToPromote":{"appToPromoteID":"3117","usesDefaultFrameImage":"0","usesDefaultCloseImage":"0","marketURL":"https:\/\/play.google.com\/store\/apps\/details?id=com.vg.fast.car.driver.furiousracing","packageID":"com.vg.fast.car.driver.furiousracing"},"showTemplate":1,"s2s_tracking_url":"https:\/\/play.google.com\/store\/apps\/details?id=com.vg.fast.car.driver.furiousracing","activeCreativeID":"392","scenes":["12","1","8","6","15","2"],"campaignAdType":"Interstitial"},{"campaignID":"372","attribution":0,"priority":"5","appToPromote":{"appToPromoteID":"2938","usesDefaultFrameImage":"0","usesDefaultCloseImage":"0","marketURL":"https:\/\/play.google.com\/store\/apps\/details?id=com.tgp.offroad.us.army.transport","packageID":"com.tgp.offroad.us.army.transport"},"showTemplate":1,"s2s_tracking_url":"https:\/\/play.google.com\/store\/apps\/details?id=com.tgp.offroad.us.army.transport","activeCreativeID":"393","scenes":["12","1","8","6","15","2"],"campaignAdType":"Interstitial"},{"campaignID":"396","attribution":0,"priority":"5","appToPromote":{"appToPromoteID":"3019","usesDefaultFrameImage":"0","usesDefaultCloseImage":"0","marketURL":"https:\/\/play.google.com\/store\/apps\/details?id=com.gss.robot.car.transport.truck","packageID":"com.gss.robot.car.transport.truck"},"showTemplate":1,"s2s_tracking_url":"https:\/\/play.google.com\/store\/apps\/details?id=com.gss.robot.car.transport.truck","activeCreativeID":"420","scenes":["12","1","8","6","15","2"],"campaignAdType":"Interstitial"},{"campaignID":"397","attribution":0,"priority":"5","appToPromote":{"appToPromoteID":"3108","usesDefaultFrameImage":"0","usesDefaultCloseImage":"0","marketURL":"https:\/\/play.google.com\/store\/apps\/details?id=com.vg.amazing.city.coachbusdriver","packageID":"com.vg.amazing.city.coachbusdriver"},"showTemplate":1,"s2s_tracking_url":"https:\/\/play.google.com\/store\/apps\/details?id=com.vg.amazing.city.coachbusdriver","activeCreativeID":"417","scenes":["12","1","8","6","15","2"],"campaignAdType":"Interstitial"},{"campaignID":"399","attribution":0,"priority":"5","appToPromote":{"appToPromoteID":"3151","usesDefaultFrameImage":"0","usesDefaultCloseImage":"0","marketURL":"https:\/\/play.google.com\/store\/apps\/details?id=com.tgp.watersurfer.beach.car.driving","packageID":"com.tgp.watersurfer.beach.car.driving"},"showTemplate":1,"s2s_tracking_url":"https:\/\/play.google.com\/store\/apps\/details?id=com.tgp.watersurfer.beach.car.driving","activeCreativeID":"419","scenes":["12","1","8","6","15","2"],"campaignAdType":"Interstitial"},{"campaignID":"416","attribution":0,"priority":"5","appToPromote":{"appToPromoteID":"3226","usesDefaultFrameImage":"0","usesDefaultCloseImage":"0","marketURL":"https:\/\/play.google.com\/store\/apps\/details?id=com.gss.city.rooftop.bikestuntsrider","packageID":"com.gss.city.rooftop.bikestuntsrider"},"showTemplate":1,"s2s_tracking_url":"https:\/\/play.google.com\/store\/apps\/details?id=com.gss.city.rooftop.bikestuntsrider","activeCreativeID":"453","scenes":["12","1","8","6","15","2"],"campaignAdType":"Interstitial"},{"campaignID":"418","attribution":0,"priority":"5","appToPromote":{"appToPromoteID":"3152","usesDefaultFrameImage":"0","usesDefaultCloseImage":"0","marketURL":"https:\/\/play.google.com\/store\/apps\/details?id=com.tgp.city.rooftop.bicycle.stunts.rider","packageID":"com.tgp.city.rooftop.bicycle.stunts.rider"},"showTemplate":1,"s2s_tracking_url":"https:\/\/play.google.com\/store\/apps\/details?id=com.tgp.city.rooftop.bicycle.stunts.rider","activeCreativeID":"455","scenes":["12","1","8","6","15","2"],"campaignAdType":"Interstitial"},{"campaignID":"438","attribution":0,"priority":"5","appToPromote":{"appToPromoteID":"3281","usesDefaultFrameImage":"0","usesDefaultCloseImage":"0","marketURL":"https:\/\/play.google.com\/store\/apps\/details?id=com.vg.police.car.robot.superhero","packageID":"com.vg.police.car.robot.superhero"},"showTemplate":1,"s2s_tracking_url":"https:\/\/play.google.com\/store\/apps\/details?id=com.vg.police.car.robot.superhero","activeCreativeID":"479","scenes":["12","1","8","6","15","2"],"campaignAdType":"Interstitial"},{"campaignID":"446","attribution":0,"priority":"5","appToPromote":{"appToPromoteID":"3390","usesDefaultFrameImage":"0","usesDefaultCloseImage":"0","marketURL":"https:\/\/play.google.com\/store\/apps\/details?id=com.gss.flying.spider.superhero.survival","packageID":"com.gss.flying.spider.superhero.survival"},"showTemplate":1,"s2s_tracking_url":"https:\/\/play.google.com\/store\/apps\/details?id=com.gss.flying.spider.superhero.survival","activeCreativeID":"488","scenes":["12","1","8","6","15","2"],"campaignAdType":"Interstitial"}],"refreshAdRate":30,"mode":"Production","aspectRatio":"4_3","cdnPath":"https:\/\/df8ymybeo92md.cloudfront.net\/images\/","sentry_log":0,"local_logging":0,"sentry_dsn":"https:\/\/93ffa1c9a4124f67b8888a53265f751a:bbf998e04584477fa9a145838e9d3b26@sentry.io\/168994","sentry_initialization":1,"sentry_debugging":0,"bannerSizes":["1"],"aspectRatioVideo":"16_9","app_id":"2018","showPreRewardedDialogue":0,"showPostRewardedDialogue":0,"rewardCurrency":"coins","rewardValue":0,"isSkipable":0,"privacyPolicyURL":"https:\/\/www.consoliads.com\/privacy-policy\/","sessionToken":"we3woNP4ngjuNruu3LUbGjvebrc5lpb2JgoHX4S2Z2YcHAW+vcXI91RUrNyKrVHFNquPNo3ca0ZfDDQi04fzMSIOux9\/uEwvvhs6q5iaBJgLggZizcDITWDFIoExwBnXy5vrb4JG1WsRUYtnbRW249Hi2YH27RQieeJi\/M53X20="}
Session token value is set


{"appKey":"95784c8196170f224be1193006a3bbea","deviceID":"9671","stats":[{"campaignID":130,"packageID":"com.whitesand.bike.mechanic","sceneStats":[{"sceneID":"25","eventStats":"396,296,196,96,96,0,0"}]}],"sdkVersion":"39","sessionToken":"we3woNP4ngjuNruu3LUbGjvebrc5lpb2JgoHX4S2Z2YcHAW+vcXI91RUrNyKrVHFNquPNo3ca0ZfDDQi04fzMSIOux9\/uEwvvhs6q5iaBJgLggZizcDITWDFIoExwBnXy5vrb4JG1WsRUYtnbRW249Hi2YH27RQieeJi\/M53X20="}
cache_ttl value is correct

Refresh Ad Rate value is correct
mode value is set

 Aspect ratio value is correct
sentry_log value is set
local_logging value is set
sentry_initialization value is set
sentry_debugging value is set
showPreRewardedDialogue value is set
showPostRewardedDialogue value is set
isSkipable value is set
{"cache_ttl":10080,"cache_ttl_rewarded":10080,"cache_ttl_banner":10080,"cache_ttl_native":10080,"cache_ttl_icon":10080,"refreshAdRate":30,"mode":"Production","aspectRatio":"4_3","cdnPath":"https:\/\/df8ymybeo92md.cloudfront.net\/images\/","sentry_log":0,"local_logging":0,"sentry_dsn":"https:\/\/93ffa1c9a4124f67b8888a53265f751a:bbf998e04584477fa9a145838e9d3b26@sentry.io\/168994","sentry_initialization":1,"sentry_debugging":0,"bannerSizes":["5"],"aspectRatioVideo":"16_9","app_id":"2030","showPreRewardedDialogue":0,"showPostRewardedDialogue":0,"rewardCurrency":"coins","rewardValue":0,"isSkipable":0,"privacyPolicyURL":"https:\/\/www.consoliads.com\/privacy-policy\/","sessionToken":"jf9O4Jkix\/2Cx3pY0FH7nnFA9RGO3xj9VD2QW8I9+1EB93DR1FB1EbGBDeNFLh7tlWHJhzk21gjbsISb\/kSrAYtFd1+MJQ3EkWHZBkx4q5oeR48jpLW7+Rbgtp6WYH7vP7lCOkP\/CdiVDGvsuoK\/80qgl5O1byDjEzQZ1KAt6j0="}
Session token value is set


{"appKey":"408e2b68db7ae9de1346fe1907578a69","deviceID":"3510","stats":[{"campaignID":131,"packageID":"com.threed.army.sniper.shooter","sceneStats":[{"sceneID":"9","eventStats":"335,235,135,35,35,0,0"}]}],"sdkVersion":"39","sessionToken":"jf9O4Jkix\/2Cx3pY0FH7nnFA9RGO3xj9VD2QW8I9+1EB93DR1FB1EbGBDeNFLh7tlWHJhzk21gjbsISb\/kSrAYtFd1+MJQ3EkWHZBkx4q5oeR48jpLW7+Rbgtp6WYH7vP7lCOkP\/CdiVDGvsuoK\/80qgl5O1byDjEzQZ1KAt6j0="}
cache_ttl value is correct

Refresh Ad Rate value is correct
mode value is set

 Aspect ratio value is correct
sentry_log value is set
local_logging value is set
sentry_initialization value is set
sentry_debugging value is set
showPreRewardedDialogue value is set
showPostRewardedDialogue value is set
isSkipable value is set
{"cache_ttl":10080,"cache_ttl_rewarded":10080,"cache_ttl_banner":10080,"cache_ttl_native":10080,"cache_ttl_icon":10080,"refreshAdRate":30,"mode":"Production","aspectRatio":"4_3","cdnPath":"https:\/\/df8ymybeo92md.cloudfront.net\/images\/","sentry_log":0,"local_logging":0,"sentry_dsn":"https:\/\/93ffa1c9a4124f67b8888a53265f751a:bbf998e04584477fa9a145838e9d3b26@sentry.io\/168994","sentry_initialization":1,"sentry_debugging":0,"bannerSizes":[],"aspectRatioVideo":"16_9","app_id":"2059","showPreRewardedDialogue":0,"showPostRewardedDialogue":0,"rewardCurrency":"coins","rewardValue":0,"isSkipable":0,"privacyPolicyURL":"https:\/\/www.consoliads.com\/privacy-policy\/","sessionToken":"P1c9zklP8tI\/HHMs9ChkHH5+zYgL6Ue9kZGxuaBBEUPvxGjc8ucJX7kZ57v7TyeOnVHRTu6aa2RReFsT4oO9RZoZ3CHcGywkOXeo0Q+ubidy43HDUvJpia4VfTlt4GMDUnXK11baDs0bvb8xazv9yowQwimjTiEg+Xht\/wEUQDc="}
Session token value is set


{"appKey":"9c32e165fd92e18a2d2f8d387cd9e104","deviceID":"9158","stats":[{"campaignID":132,"packageID":"com.gss.us.army.commando.survival","sceneStats":[{"sceneID":"23","eventStats":"391,291,191,91,91,0,0"}]}],"sdkVersion":"2216","sessionToken":"P1c9zklP8tI\/HHMs9ChkHH5+zYgL6Ue9kZGxuaBBEUPvxGjc8ucJX7kZ57v7TyeOnVHRTu6aa2RReFsT4oO9RZoZ3CHcGywkOXeo0Q+ubidy43HDUvJpia4VfTlt4GMDUnXK11baDs0bvb8xazv9yowQwimjTiEg+Xht\/wEUQDc="}
cache_ttl value is correct

Refresh Ad Rate value is correct
mode value is set

 Aspect ratio value is correct
sentry_log value is set
local_logging value is set
sentry_initialization value is set
sentry_debugging value is set
showPreRewardedDialogue value is set
showPostRewardedDialogue value is set
isSkipable value is set
{"cache_ttl":10080,"cache_ttl_rewarded":10080,"cache_ttl_banner":10080,"cache_ttl_native":10080,"cache_ttl_icon":10080,"campaigns":[{"campaignID":"85","attribution":0,"priority":"5","appToPromote":{"appToPromoteID":"1830","usesDefaultFrameImage":"0","usesDefaultCloseImage":"0","marketURL":"https:\/\/play.google.com\/store\/apps\/details?id=com.gss.offroad.uphill.extremetruckdriver","packageID":"com.gss.offroad.uphill.extremetruckdriver"},"showTemplate":1,"s2s_tracking_url":"https:\/\/play.google.com\/store\/apps\/details?id=com.gss.offroad.uphill.extremetruckdriver","activeCreativeID":"106","scenes":["12","1","8","6","15","2"],"campaignAdType":"Interstitial"},{"campaignID":"86","attribution":0,"priority":"5","appToPromote":{"appToPromoteID":"1823","usesDefaultFrameImage":"0","usesDefaultCloseImage":"0","marketURL":"https:\/\/play.google.com\/store\/apps\/details?id=com.vg.demolition.derby.extreme.car.stunts","packageID":"com.vg.demolition.derby.extreme.car.stunts"},"showTemplate":1,"s2s_tracking_url":"https:\/\/play.google.com\/store\/apps\/details?id=com.vg.demolition.derby.extreme.car.stunts","activeCreativeID":"109","scenes":["12","1","8","6","15","2"],"campaignAdType":"Interstitial"},{"campaignID":"93","attribution":0,"priority":"5","appToPromote":{"appToPromoteID":"1860","usesDefaultFrameImage":"0","usesDefaultCloseImage":"0","marketURL":"https:\/\/play.google.com\/store\/apps\/details?id=com.gss.vendetta.subwaycrime.rescue.mission","packageID":"com.gss.vendetta.subwaycrime.rescue.mission"},"showTemplate":1,"s2s_tracking_url":"https:\/\/play.google.com\/store\/apps\/details?id=com.gss.vendetta.subwaycrime.rescue.mission","activeCreativeID":"117","scenes":["12","1","8","6","15","2"],"campaignAdType":"Interstitial"},{"campaignID":"94","attribution":0,"priority":"5","appToPromote":{"appToPromoteID":"1843","usesDefaultFrameImage":"0","usesDefaultCloseImage":"0","marketURL":"https:\/\/play.google.com\/store\/apps\/details?id=com.vg.secret.agent.mafia.gods.criminal.gang","packageID":"com.vg.secret.agent.mafia.gods.criminal.gang"},"showTemplate":1,"s2s_tracking_url":"https:\/\/play.google.com\/store\/apps\/details?id=com.vg.secret.agent.mafia.gods.criminal.gang","activeCreativeID":"120","scenes":["12","1","8","6","15","2"],"campaignAdType":"Interstitial"},{"campaignID":"112","attribution":0,"priority":"5","appToPromote":{"appToPromoteID":"1998","usesDefaultFrameImage":"0","usesDefaultCloseImage":"0","marketURL":"https:\/\/play.google.com\/store\/apps\/details?id=com.gss.citygangster.underworldempire.mafia.crime","packageID":"com.gss.citygangster.underworldempire.mafia.crime"},"showTemplate":1,"s2s_tracking_url":"https:\/\/play.google.com\/store\/apps\/details?id=com.gss.citygangster.underworldempire.mafia.crime","activeCreativeID":"146","scenes":["12","1","8","6","15","2"],"campaignAdType":"Interstitial"},{"campaignID":"114","attribution":0,"priority":"5","appToPromote":{"appToPromoteID":"2007","usesDefaultFrameImage":"0","usesDefaultCloseImage":"0","marketURL":"https:\/\/play.google.com\/store\/apps\/details?id=com.vg.police.secret.agent.crime.gang","packageID":"com.vg.police.secret.agent.crime.gang"},"showTemplate":1,"s2s_tracking_url":"https:\/\/play.google.com\/store\/apps\/details?id=com.vg.police.secret.agent.crime.gang","activeCreativeID":"148","scenes":["12","1","8","6","15","2"],"campaignAdType":"Interstitial"},{"campaignID":"133","attribution":0,"priority":"5","appToPromote":{"appToPromoteID":"2118","usesDefaultFrameImage":"0","usesDefaultCloseImage":"0","marketURL":"https:\/\/play.google.com\/store\/apps\/details?id=com.vg.us.war.mafia.gang.vegas.crime","packageID":"com.vg.us.war.mafia.gang.vegas.crime"},"showTemplate":1,"s2s_tracking_url":"https:\/\/play.google.com\/store\/apps\/details?id=com.vg.us.war.mafia.gang.vegas.crime","activeCreativeID":"172","scenes":["12","1","8","6","15","2"],"campaignAdType":"Interstitial"},{"campaignID":"152","attribution":0,"priority":"5","appToPromote":{"appToPromoteID":"1348","usesDefaultFrameImage":"0","usesDefaultCloseImage":"0","marketURL":"https:\/\/play.google.com\/store\/apps\/details?id=com.gss.police.sniper.prison.gaurd","packageID":"com.gss.police.sniper.prison.gaurd"},"showTemplate":1,"s2s_tracking_url":"https:\/\/play.google.com\/store\/apps\/details?id=com.gss.police.sniper.prison.gaurd","activeCreativeID":"192","scenes":["12","1","8","6","15","2"],"campaignAdType":"Interstitial"},{"campaignID":"158","attribution":0,"priority":"5","appToPromote":{"appToPromoteID":"2223","usesDefaultFrameImage":"0","usesDefaultCloseImage":"0","marketURL":"https:\/\/play.google.com\/store\/apps\/details?id=com.vg.counter.mafia.squad.army.training","packageID":"com.vg.counter.mafia.squad.army.training"},"showTemplate":1,"s2s_tracking_url":"https:\/\/play.google.com\/store\/apps\/details?id=com.vg.counter.mafia.squad.army.training","activeCreativeID":"204","scenes":["12","1","8","6","15","2"],"campaignAdType":"Interstitial"},{"campaignID":"162","attribution":0,"priority":"5","appToPromote":{"appToPromoteID":"2268","usesDefaultFrameImage":"0","usesDefaultCloseImage":"0","marketURL":"https:\/\/play.google.com\/store\/apps\/details?id=com.vg.prisoner.escape.survival.hero","packageID":"com.vg.prisoner.escape.survival.hero"},"showTemplate":1,"s2s_tracking_url":"https:\/\/play.google.com\/store\/apps\/details?id=com.vg.prisoner.escape.survival.hero","activeCreativeID":"206","scenes":["12","1","8","6","15","2"],"campaignAdType":"Interstitial"},{"campaignID":"163","attribution":0,"priority":"5","appToPromote":{"appToPromoteID":"2349","usesDefaultFrameImage":"0","usesDefaultCloseImage":"0","marketURL":"https:\/\/play.google.com\/store\/apps\/details?id=com.gss.city.war.survival.robothero","packageID":"com.gss.city.war.survival.robothero"},"showTemplate":1,"s2s_tracking_url":"https:\/\/play.google.com\/store\/apps\/details?id=com.gss.city.war.survival.robothero","activeCreativeID":"207","scenes":["12","1","8","6","15","2"],"campaignAdType":"Interstitial"},{"campaignID":"207","attribution":0,"priority":"5","appToPromote":{"appToPromoteID":"2450","usesDefaultFrameImage":"0","usesDefaultCloseImage":"0","marketURL":"https:\/\/play.google.com\/store\/apps\/details?id=com.gss.army.commando.survivalisland","packageID":"com.gss.army.commando.survivalisland"},"showTemplate":1,"s2s_tracking_url":"https:\/\/play.google.com\/store\/apps\/details?id=com.gss.army.commando.survivalisland","activeCreativeID":"281","scenes":["12","1","8","6","15","2"],"campaignAdType":"Interstitial"},{"campaignID":"332","attribution":0,"priority":"5","appToPromote":{"appToPromoteID":"2857","usesDefaultFrameImage":"0","usesDefaultCloseImage":"0","marketURL":"https:\/\/play.google.com\/store\/apps\/details?id=com.gss.robot.battle.robbery.squad","packageID":"com.gss.robot.battle.robbery.squad"},"showTemplate":1,"s2s_tracking_url":"https:\/\/play.google.com\/store\/apps\/details?id=com.gss.robot.battle.robbery.squad","activeCreativeID":"343","scenes":["12","1","8","6","15","2"],"campaignAdType":"Interstitial"},{"campaignID":"336","attribution":0,"priority":"5","appToPromote":{"appToPromoteID":"2941","usesDefaultFrameImage":"0","usesDefaultCloseImage":"0","marketURL":"https:\/\/play.google.com\/store\/apps\/details?id=com.vg.us.army.war.survival.island","packageID":"com.vg.us.army.war.survival.island"},"showTemplate":1,"s2s_tracking_url":"https:\/\/play.google.com\/store\/apps\/details?id=com.vg.us.army.war.survival.island","activeCreativeID":"347","scenes":["12","1","8","6","15","2"],"campaignAdType":"Interstitial"},{"campaignID":"357","attribution":0,"priority":"5","appToPromote":{"appToPromoteID":"2741","usesDefaultFrameImage":"0","usesDefaultCloseImage":"0","marketURL":"https:\/\/play.google.com\/store\/apps\/details?id=com.gss.us.air.jetfighter.warrior","packageID":"com.gss.us.air.jetfighter.warrior"},"showTemplate":1,"s2s_tracking_url":"https:\/\/play.google.com\/store\/apps\/details?id=com.gss.us.air.jetfighter.warrior","activeCreativeID":"376","scenes":["12","1","8","6","15","2"],"campaignAdType":"Interstitial"},{"campaignID":"364","attribution":0,"priority":"5","appToPromote":{"appToPromoteID":"2552","usesDefaultFrameImage":"0","usesDefaultCloseImage":"0","marketURL":"https:\/\/play.google.com\/store\/apps\/details?id=com.gss.grand.city.rescue.flyingrobot","packageID":"com.gss.grand.city.rescue.flyingrobot"},"showTemplate":1,"s2s_tracking_url":"https:\/\/play.google.com\/store\/apps\/details?id=com.gss.grand.city.rescue.flyingrobot","activeCreativeID":"309","scenes":["12","1","8","6","15","2"],"campaignAdType":"Interstitial"},{"campaignID":"370","attribution":0,"priority":"5","appToPromote":{"appToPromoteID":"3065","usesDefaultFrameImage":"0","usesDefaultCloseImage":"0","marketURL":"https:\/\/play.google.com\/store\/apps\/details?id=com.gss.raft.survival.island.escape","packageID":"com.gss.raft.survival.island.escape"},"showTemplate":1,"s2s_tracking_url":"https:\/\/play.google.com\/store\/apps\/details?id=com.gss.raft.survival.island.escape","activeCreativeID":"391","scenes":["12","1","8","6","15","2"],"campaignAdType":"Interstitial"},{"campaignID":"417","attribution":0,"priority":"5","appToPromote":{"appToPromoteID":"3227","usesDefaultFrameImage":"0","usesDefaultCloseImage":"0","marketURL":"https:\/\/play.google.com\/store\/apps\/details?id=com.vg.hero.kids.army.training.school","packageID":"com.vg.hero.kids.army.training.school"},"showTemplate":1,"s2s_tracking_url":"https:\/\/play.google.com\/store\/apps\/details?id=com.vg.hero.kids.army.training.school","activeCreativeID":"454","scenes":["12","1","8","6","15","2"],"campaignAdType":"Interstitial"},{"campaignID":"433","attribution":0,"priority":"5","appToPromote":{"appToPromoteID":"3339","usesDefaultFrameImage":"0","usesDefaultCloseImage":"0","marketURL":"https:\/\/play.google.com\/store\/apps\/details?id=com.gss.battle.force.counterterrorist","packageID":"com.gss.battle.force.counterterrorist"},"showTemplate":1,"s2s_tracking_url":"https:\/\/play.google.com\/store\/apps\/details?id=com.gss.battle.force.counterterrorist","activeCreativeID":"477","scenes":["12","1","8","6","15","2"],"campaignAdType":"Interstitial"},{"campaignID":"436","attribution":0,"priority":"5","appToPromote":{"appToPromoteID":"3282","usesDefaultFrameImage":"0","usesDefaultCloseImage":"0","marketURL":"https:\/\/play.google.com\/store\/apps\/details?id=com.tgp.city.rescue.survival.flyinghero","packageID":"com.tgp.city.rescue.survival.flyinghero"},"showTemplate":1,"s2s_tracking_url":"https:\/\/play.google.com\/store\/apps\/details?id=com.tgp.city.rescue.survival.flyinghero","activeCreativeID":"478","scenes":["12","1","8","6","15","2"],"campaignAdType":"Interstitial"},{"campaignID":"446","attribution":0,"priority":"5","appToPromote":{"appToPromoteID":"3390","usesDefaultFrameImage":"0","usesDefaultCloseImage":"0","marketURL":"https:\/\/play.google.com\/store\/apps\/details?id=com.gss.flying.spider.superhero.survival","packageID":"com.gss.flying.spider.superhero.survival"},"showTemplate":1,"s2s_tracking_url":"https:\/\/play.google.com\/store\/apps\/details?id=com.gss.flying.spider.superhero.survival","activeCreativeID":"488","scenes":["12","1","8","6","15","2"],"campaignAdType":"Interstitial"},{"campaignID":"486","attribution":0,"priority":"5","appToPromote":{"appToPromoteID":"3389","usesDefaultFrameImage":"0","usesDefaultCloseImage":"0","marketURL":"https:\/\/play.google.com\/store\/apps\/details?id=com.gss.ultimate.shark.snipershooting","packageID":"com.gss.ultimate.shark.snipershooting"},"showTemplate":1,"s2s_tracking_url":"https:\/\/play.google.com\/store\/apps\/details?id=com.gss.ultimate.shark.snipershooting","activeCreativeID":"547","scenes":["12","1","8","6","15","2"],"campaignAdType":"Interstitial"},{"campaignID":"493","attribution":0,"priority":"5","appToPromote":{"appToPromoteID":"3536","usesDefaultFrameImage":"0","usesDefaultCloseImage":"0","marketURL":"https:\/\/play.google.com\/store\/apps\/details?id=com.gss.us.army.secret.stealth.mission","packageID":"com.gss.us.army.secret.stealth.mission"},"showTemplate":1,"s2s_tracking_url":"https:\/\/play.google.com\/store\/apps\/details?id=com.gss.us.army.secret.stealth.mission","activeCreativeID":"556","scenes":["12","1","8","6","15","2"],"campaignAdType":"Interstitial"},{"campaignID":"496","attribution":0,"priority":"5","appToPromote":{"appToPromoteID":"3555","usesDefaultFrameImage":"0","usesDefaultCloseImage":"0","marketURL":"https:\/\/play.google.com\/store\/apps\/details?id=com.vg.epic.survival.hero.escape.story","packageID":"com.vg.epic.survival.hero.escape.story"},"showTemplate":1,"s2s_tracking_url":"https:\/\/play.google.com\/store\/apps\/details?id=com.vg.epic.survival.hero.escape.story","activeCreativeID":"559","scenes":["12","1","8","6","15","2"],"campaignAdType":"Interstitial"},{"campaignID":"499","attribution":0,"priority":"5","appToPromote":{"appToPromoteID":"3536","usesDefaultFrameImage":"0","usesDefaultCloseImage":"0","marketURL":"https:\/\/play.google.com\/store\/apps\/details?id=com.gss.us.army.secret.stealth.mission","packageID":"com.gss.us.army.secret.stealth.mission"},"showTemplate":1,"s2s_tracking_url":"https:\/\/play.google.com\/store\/apps\/details?id=com.gss.us.army.secret.stealth.mission","activeCreativeID":"556","scenes":["12","1","8","6","15","2"],"campaignAdType":"Interstitial"}],"refreshAdRate":30,"mode":"Production","aspectRatio":"4_3","cdnPath":"https:\/\/df8ymybeo92md.cloudfront.net\/images\/","sentry_log":0,"local_logging":0,"sentry_dsn":"https:\/\/93ffa1c9a4124f67b8888a53265f751a:bbf998e04584477fa9a145838e9d3b26@sentry.io\/168994","sentry_initialization":1,"sentry_debugging":0,"bannerSizes":["1","2"],"aspectRatioVideo":"16_9","app_id":"2109","showPreRewardedDialogue":0,"showPostRewardedDialogue":0,"rewardCurrency":"coins","rewardValue":0,"isSkipable":0,"privacyPolicyURL":"https:\/\/www.consoliads.com\/privacy-policy\/","sessionToken":"GQolswzxiri5ZH3Tavl4HbGgCtsnbzumbM4e+swen10wAeYpHAIEKuZXSDkHtJnWIdtxlWZhyvlspguQcwPD6d\/2x4sOn7ovMOwAPjfcS7uaz0KVqhfyDM1FTO6g+cGzmnQWyqTlaUl+HQQJO4bF7mtaOTiJ1jRsVLtbZt7Nq0k="}
Session token value is set


{"appKey":"a3040901882682cf28d8e6242b545b11","deviceID":"4078","stats":[{"campaignID":134,"packageID":"com.tgp.offroad.multi.truck.transport","sceneStats":[{"sceneID":"11","eventStats":"341,241,141,41,41,0,0"}]}],"sdkVersion":"39","sessionToken":"GQolswzxiri5ZH3Tavl4HbGgCtsnbzumbM4e+swen10wAeYpHAIEKuZXSDkHtJnWIdtxlWZhyvlspguQcwPD6d\/2x4sOn7ovMOwAPjfcS7uaz0KVqhfyDM1FTO6g+cGzmnQWyqTlaUl+HQQJO4bF7mtaOTiJ1jRsVLtbZt7Nq0k="}
cache_ttl value is correct

Refresh Ad Rate value is correct
mode value is set

 Aspect ratio value is correct
sentry_log value is set
local_logging value is set
sentry_initialization value is set
sentry_debugging value is set
showPreRewardedDialogue value is set
showPostRewardedDialogue value is set
isSkipable value is set
{"cache_ttl":10080,"cache_ttl_rewarded":10080,"cache_ttl_banner":10080,"cache_ttl_native":10080,"cache_ttl_icon":10080,"campaigns":[{"campaignID":"139","attribution":0,"priority":"5","appToPromote":{"appToPromoteID":"2150","usesDefaultFrameImage":"0","usesDefaultCloseImage":"0","marketURL":"https:\/\/play.google.com\/store\/apps\/details?id=com.gss.traffic.rush.crazy.bike.rider","packageID":"com.gss.traffic.rush.crazy.bike.rider"},"showTemplate":1,"s2s_tracking_url":"https:\/\/play.google.com\/store\/apps\/details?id=com.gss.traffic.rush.crazy.bike.rider","activeCreativeID":"179","scenes":["12","1","8","6","15","2"],"campaignAdType":"Interstitial"},{"campaignID":"142","attribution":0,"priority":"5","appToPromote":{"appToPromoteID":"2164","usesDefaultFrameImage":"0","usesDefaultCloseImage":"0","marketURL":"https:\/\/play.google.com\/store\/apps\/details?id=com.vg.police.demolition.derby.crash.racing","packageID":"com.vg.police.demolition.derby.crash.racing"},"showTemplate":1,"s2s_tracking_url":"https:\/\/play.google.com\/store\/apps\/details?id=com.vg.police.demolition.derby.crash.racing","activeCreativeID":"182","scenes":["12","1","8","6","15","2"],"campaignAdType":"Interstitial"},{"campaignID":"146","attribution":0,"priority":"5","appToPromote":{"appToPromoteID":"2225","usesDefaultFrameImage":"0","usesDefaultCloseImage":"0","marketURL":"https:\/\/play.google.com\/store\/apps\/details?id=com.gss.offroad.policebiketransport","packageID":"com.gss.offroad.policebiketransport"},"showTemplate":1,"s2s_tracking_url":"https:\/\/play.google.com\/store\/apps\/details?id=com.gss.offroad.policebiketransport","activeCreativeID":"187","scenes":["12","1","8","6","15","2"],"campaignAdType":"Interstitial"},{"campaignID":"149","attribution":0,"priority":"5","appToPromote":{"appToPromoteID":"2224","usesDefaultFrameImage":"0","usesDefaultCloseImage":"0","marketURL":"https:\/\/play.google.com\/store\/apps\/details?id=com.vg.mega.city.construction.building.sim","packageID":"com.vg.mega.city.construction.building.sim"},"showTemplate":1,"s2s_tracking_url":"https:\/\/play.google.com\/store\/apps\/details?id=com.vg.mega.city.construction.building.sim","activeCreativeID":"191","scenes":["12","1","8","6","15","2"],"campaignAdType":"Interstitial"},{"campaignID":"150","attribution":0,"priority":"5","appToPromote":{"appToPromoteID":"2224","usesDefaultFrameImage":"0","usesDefaultCloseImage":"0","marketURL":"https:\/\/play.google.com\/store\/apps\/details?id=com.vg.mega.city.construction.building.sim","packageID":"com.vg.mega.city.construction.building.sim"},"showTemplate":1,"s2s_tracking_url":"https:\/\/play.google.com\/store\/apps\/details?id=com.vg.mega.city.construction.building.sim","activeCreativeID":"191","scenes":["12","1","8","6","15","2"],"campaignAdType":"Interstitial"},{"campaignID":"155","attribution":0,"priority":"5","appToPromote":{"appToPromoteID":"2226","usesDefaultFrameImage":"0","usesDefaultCloseImage":"0","marketURL":"https:\/\/play.google.com\/store\/apps\/details?id=com.gss.garage.workshop.carmehanic","packageID":"com.gss.garage.workshop.carmehanic"},"showTemplate":1,"s2s_tracking_url":"https:\/\/play.google.com\/store\/apps\/details?id=com.gss.garage.workshop.carmehanic","activeCreativeID":"197","scenes":["12","1","8","6","15","2"],"campaignAdType":"Interstitial"},{"campaignID":"156","attribution":0,"priority":"5","appToPromote":{"appToPromoteID":"2227","usesDefaultFrameImage":"0","usesDefaultCloseImage":"0","marketURL":"https:\/\/play.google.com\/store\/apps\/details?id=com.tgp.offroad.extreme.multi.cargotruck","packageID":"com.tgp.offroad.extreme.multi.cargotruck"},"showTemplate":1,"s2s_tracking_url":"https:\/\/play.google.com\/store\/apps\/details?id=com.tgp.offroad.extreme.multi.cargotruck","activeCreativeID":"198","scenes":["12","1","8","6","15","2"],"campaignAdType":"Interstitial"},{"campaignID":"163","attribution":0,"priority":"5","appToPromote":{"appToPromoteID":"2349","usesDefaultFrameImage":"0","usesDefaultCloseImage":"0","marketURL":"https:\/\/play.google.com\/store\/apps\/details?id=com.gss.city.war.survival.robothero","packageID":"com.gss.city.war.survival.robothero"},"showTemplate":1,"s2s_tracking_url":"https:\/\/play.google.com\/store\/apps\/details?id=com.gss.city.war.survival.robothero","activeCreativeID":"207","scenes":["12","1","8","6","15","2"],"campaignAdType":"Interstitial"},{"campaignID":"164","attribution":0,"priority":"5","appToPromote":{"appToPromoteID":"2350","usesDefaultFrameImage":"0","usesDefaultCloseImage":"0","marketURL":"https:\/\/play.google.com\/store\/apps\/details?id=com.tgp.car.robot.transport.truck","packageID":"com.tgp.car.robot.transport.truck"},"showTemplate":1,"s2s_tracking_url":"https:\/\/play.google.com\/store\/apps\/details?id=com.tgp.car.robot.transport.truck","activeCreativeID":"211","scenes":["12","1","8","6","15","2"],"campaignAdType":"Interstitial"},{"campaignID":"166","attribution":0,"priority":"5","appToPromote":{"appToPromoteID":"2273","usesDefaultFrameImage":"0","usesDefaultCloseImage":"0","marketURL":"https:\/\/play.google.com\/store\/apps\/details?id=com.gss.police.automechanic.repair.workshop","packageID":"com.gss.police.automechanic.repair.workshop"},"showTemplate":1,"s2s_tracking_url":"https:\/\/play.google.com\/store\/apps\/details?id=com.gss.police.automechanic.repair.workshop","activeCreativeID":"217","scenes":["12","1","8","6","15","2"],"campaignAdType":"Interstitial"},{"campaignID":"167","attribution":0,"priority":"5","appToPromote":{"appToPromoteID":"2348","usesDefaultFrameImage":"0","usesDefaultCloseImage":"0","marketURL":"https:\/\/play.google.com\/store\/apps\/details?id=com.vg.rollercoaster.crazy.tycoon.tour","packageID":"com.vg.rollercoaster.crazy.tycoon.tour"},"showTemplate":1,"s2s_tracking_url":"https:\/\/play.google.com\/store\/apps\/details?id=com.vg.rollercoaster.crazy.tycoon.tour","activeCreativeID":"218","scenes":["12","1","8","6","15","2"],"campaignAdType":"Interstitial"},{"campaignID":"214","attribution":0,"priority":"5","appToPromote":{"appToPromoteID":"2613","usesDefaultFrameImage":"0","usesDefaultCloseImage":"0","marketURL":"https:\/\/play.google.com\/store\/apps\/details?id=com.gss.robot.bike.transport.truck","packageID":"com.gss.robot.bike.transport.truck"},"showTemplate":1,"s2s_tracking_url":"https:\/\/play.google.com\/store\/apps\/details?id=com.gss.robot.bike.transport.truck","activeCreativeID":"295","scenes":["12","1","8","6","15","2"],"campaignAdType":"Interstitial"},{"campaignID":"303","attribution":0,"priority":"5","appToPromote":{"appToPromoteID":"2642","usesDefaultFrameImage":"0","usesDefaultCloseImage":"0","marketURL":"https:\/\/play.google.com\/store\/apps\/details?id=com.tgp.offroad.robot.transport.truck","packageID":"com.tgp.offroad.robot.transport.truck"},"showTemplate":1,"s2s_tracking_url":"https:\/\/play.google.com\/store\/apps\/details?id=com.tgp.offroad.robot.transport.truck","activeCreativeID":"310","scenes":["12","1","8","6","15","2"],"campaignAdType":"Interstitial"},{"campaignID":"370","attribution":0,"priority":"5","appToPromote":{"appToPromoteID":"3065","usesDefaultFrameImage":"0","usesDefaultCloseImage":"0","marketURL":"https:\/\/play.google.com\/store\/apps\/details?id=com.gss.raft.survival.island.escape","packageID":"com.gss.raft.survival.island.escape"},"showTemplate":1,"s2s_tracking_url":"https:\/\/play.google.com\/store\/apps\/details?id=com.gss.raft.survival.island.escape","activeCreativeID":"391","scenes":["12","1","8","6","15","2"],"campaignAdType":"Interstitial"},{"campaignID":"371","attribution":0,"priority":"5","appToPromote":{"appToPromoteID":"3117","usesDefaultFrameImage":"0","usesDefaultCloseImage":"0","marketURL":"https:\/\/play.google.com\/store\/apps\/details?id=com.vg.fast.car.driver.furiousracing","packageID":"com.vg.fast.car.driver.furiousracing"},"showTemplate":1,"s2s_tracking_url":"https:\/\/play.google.com\/store\/apps\/details?id=com.vg.fast.car.driver.furiousracing","activeCreativeID":"392","scenes":["12","1","8","6","15","2"],"campaignAdType":"Interstitial"},{"campaignID":"372","attribution":0,"priority":"5","appToPromote":{"appToPromoteID":"2938","usesDefaultFrameImage":"0","usesDefaultCloseImage":"0","marketURL":"https:\/\/play.google.com\/store\/apps\/details?id=com.tgp.offroad.us.army.transport","packageID":"com.tgp.offroad.us.army.transport"},"showTemplate":1,"s2s_tracking_url":"https:\/\/play.google.com\/store\/apps\/details?id=com.tgp.offroad.us.army.transport","activeCreativeID":"393","scenes":["12","1","8","6","15","2"],"campaignAdType":"Interstitial"},{"campaignID":"396","attribution":0,"priority":"5","appToPromote":{"appToPromoteID":"3019","usesDefaultFrameImage":"0","usesDefaultCloseImage":"0","marketURL":"https:\/\/play.google.com\/store\/apps\/details?id=com.gss.robot.car.transport.truck","packageID":"com.gss.robot.car.transport.truck"},"showTemplate":1,"s2s_tracking_url":"https:\/\/play.google.com\/store\/apps\/details?id=com.gss.robot.car.transport.truck","activeCreativeID":"420","scenes":["12","1","8","6","15","2"],"campaignAdType":"Interstitial"},{"campaignID":"397","attribution":0,"priority":"5","appToPromote":{"appToPromoteID":"3108","usesDefaultFrameImage":"0","usesDefaultCloseImage":"0","marketURL":"https:\/\/play.google.com\/store\/apps\/details?id=com.vg.amazing.city.coachbusdriver","packageID":"com.vg.amazing.city.coachbusdriver"},"showTemplate":1,"s2s_tracking_url":"https:\/\/play.google.com\/store\/apps\/details?id=com.vg.amazing.city.coachbusdriver","activeCreativeID":"417","scenes":["12","1","8","6","15","2"],"campaignAdType":"Interstitial"},{"campaignID":"399","attribution":0,"priority":"5","appToPromote":{"appToPromoteID":"3151","usesDefaultFrameImage":"0","usesDefaultCloseImage":"0","marketURL":"https:\/\/play.google.com\/store\/apps\/details?id=com.tgp.watersurfer.beach.car.driving","packageID":"com.tgp.watersurfer.beach.car.driving"},"showTemplate":1,"s2s_tracking_url":"https:\/\/play.google.com\/store\/apps\/details?id=com.tgp.watersurfer.beach.car.driving","activeCreativeID":"419","scenes":["12","1","8","6","15","2"],"campaignAdType":"Interstitial"},{"campaignID":"416","attribution":0,"priority":"5","appToPromote":{"appToPromoteID":"3226","usesDefaultFrameImage":"0","usesDefaultCloseImage":"0","marketURL":"https:\/\/play.google.com\/store\/apps\/details?id=com.gss.city.rooftop.bikestuntsrider","packageID":"com.gss.city.rooftop.bikestuntsrider"},"showTemplate":1,"s2s_tracking_url":"https:\/\/play.google.com\/store\/apps\/details?id=com.gss.city.rooftop.bikestuntsrider","activeCreativeID":"453","scenes":["12","1","8","6","15","2"],"campaignAdType":"Interstitial"},{"campaignID":"418","attribution":0,"priority":"5","appToPromote":{"appToPromoteID":"3152","usesDefaultFrameImage":"0","usesDefaultCloseImage":"0","marketURL":"https:\/\/play.google.com\/store\/apps\/details?id=com.tgp.city.rooftop.bicycle.stunts.rider","packageID":"com.tgp.city.rooftop.bicycle.stunts.rider"},"showTemplate":1,"s2s_tracking_url":"https:\/\/play.google.com\/store\/apps\/details?id=com.tgp.city.rooftop.bicycle.stunts.rider","activeCreativeID":"455","scenes":["12","1","8","6","15","2"],"campaignAdType":"Interstitial"},{"campaignID":"438","attribution":0,"priority":"5","appToPromote":{"appToPromoteID":"3281","usesDefaultFrameImage":"0","usesDefaultCloseImage":"0","marketURL":"https:\/\/play.google.com\/store\/apps\/details?id=com.vg.police.car.robot.superhero","packageID":"com.vg.police.car.robot.superhero"},"showTemplate":1,"s2s_tracking_url":"https:\/\/play.google.com\/store\/apps\/details?id=com.vg.police.car.robot.superhero","activeCreativeID":"479","scenes":["12","1","8","6","15","2"],"campaignAdType":"Interstitial"},{"campaignID":"446","attribution":0,"priority":"5","appToPromote":{"appToPromoteID":"3390","usesDefaultFrameImage":"0","usesDefaultCloseImage":"0","marketURL":"https:\/\/play.google.com\/store\/apps\/details?id=com.gss.flying.spider.superhero.survival","packageID":"com.gss.flying.spider.superhero.survival"},"showTemplate":1,"s2s_tracking_url":"https:\/\/play.google.com\/store\/apps\/details?id=com.gss.flying.spider.superhero.survival","activeCreativeID":"488","scenes":["12","1","8","6","15","2"],"campaignAdType":"Interstitial"},{"campaignID":"447","attribution":0,"priority":"5","appToPromote":{"appToPromoteID":"3383","usesDefaultFrameImage":"0","usesDefaultCloseImage":"0","marketURL":"https:\/\/play.google.com\/store\/apps\/details?id=com.vg.us.armytransport.truck.simulator","packageID":"com.vg.us.armytransport.truck.simulator"},"showTemplate":1,"s2s_tracking_url":"https:\/\/play.google.com\/store\/apps\/details?id=com.vg.us.armytransport.truck.simulator","activeCreativeID":"490","scenes":["12","1","8","6","15","2"],"campaignAdType":"Interstitial"},{"campaignID":"448","attribution":0,"priority":"5","appToPromote":{"appToPromoteID":"3283","usesDefaultFrameImage":"0","usesDefaultCloseImage":"0","marketURL":"https:\/\/play.google.com\/store\/apps\/details?id=com.tgp.water.stunts.jetskiracing","packageID":"com.tgp.water.stunts.jetskiracing"},"showTemplate":1,"s2s_tracking_url":"https:\/\/play.google.com\/store\/apps\/details?id=com.tgp.water.stunts.jetskiracing","activeCreativeID":"487","scenes":["12","1","8","6","15","2"],"campaignAdType":"Interstitial"}],"refreshAdRate":30,"mode":"Production","aspectRatio":"4_3","cdnPath":"https:\/\/df8ymybeo92md.cloudfront.net\/images\/","sentry_log":0,"local_logging":0,"sentry_dsn":"https:\/\/93ffa1c9a4124f67b8888a53265f751a:bbf998e04584477fa9a145838e9d3b26@sentry.io\/168994","sentry_initialization":1,"sentry_debugging":0,"bannerSizes":["5"],"aspectRatioVideo":"16_9","app_id":"2130","showPreRewardedDialogue":0,"showPostRewardedDialogue":0,"rewardCurrency":"coins","rewardValue":0,"isSkipable":0,"privacyPolicyURL":"https:\/\/www.consoliads.com\/privacy-policy\/","sessionToken":"kpOcEhmvbEZYLfUTOVh5F0ushc4UZIzshCjiPLo+L7hUkWt+4unPu5yP71xAe5OYSZsUQ8xolxhPUVaS1ywPGP5nrF71xBQWhtegIdO\/1Cmb0b6\/iq\/NeTwai1irj3eSNKIjW2CdRd4CNsZm+U6pBwXlgYnlB3moJoMX4hmxe7U="}
Session token value is set

mode value is set

 Aspect ratio value is correct
sentry_log value is set
Session token value is set


{"appKey":"934628f5152161a94cdb52489ea8b7b5","deviceID":"1931","stats":[{"campaignID":143,"packageID":"com.mizo.sports.car.mechanic","sceneStats":[{"sceneID":"5","eventStats":"320,220,120,20,20,0,0"}]}],"sdkVersion":"2216","sessionToken":"GxAy+aEpETgpUz5kOh9Md834xvIWlLiCip4wjMk32Y3fws187HhZ08lyuQg9Touiu7qlRg5I\/htI9KnKW4Caz2uJgxqLwQIz6mYdNKGzN75Ei51PicwIYmm9vbMaiKrAWP0w9JqdFuQ0DC1j4XqqpCkGzHIYD+K8IW5rwhXWvVw="}
cache_ttl value is correct

Refresh Ad Rate value is correct
mode value is set

 Aspect ratio value is correct
sentry_log value is set
local_logging value is set
sentry_initialization value is set
sentry_debugging value is set
showPreRewardedDialogue value is set
showPostRewardedDialogue value is set
isSkipable value is set
{"cache_ttl":10080,"cache_ttl_rewarded":10080,"cache_ttl_banner":10080,"cache_ttl_native":10080,"cache_ttl_icon":10080,"campaigns":[{"campaignID":"48","attribution":0,"priority":"5","appToPromote":{"appToPromoteID":"1074","usesDefaultFrameImage":"1","usesDefaultCloseImage":"1","marketURL":"https:\/\/play.google.com\/store\/apps\/details?id=com.mizo.construction.crane.hill.climb","packageID":"com.mizo.construction.crane.hill.climb"},"showTemplate":1,"s2s_tracking_url":"https:\/\/play.google.com\/store\/apps\/details?id=com.mizo.construction.crane.hill.climb","activeCreativeID":"65","scenes":["1","2","6","4","5"],"campaignAdType":"Interstitial"},{"campaignID":"50","attribution":0,"priority":"5","appToPromote":{"appToPromoteID":"1221","usesDefaultFrameImage":"1","usesDefaultCloseImage":"1","marketURL":"https:\/\/play.google.com\/store\/apps\/details?id=com.mizo.offroad.hill.climb","packageID":"com.mizo.offroad.hill.climb"},"showTemplate":1,"s2s_tracking_url":"https:\/\/play.google.com\/store\/apps\/details?id=com.mizo.offroad.hill.climb","activeCreativeID":"67","scenes":["1","2","6","4","5"],"campaignAdType":"Interstitial"},{"campaignID":"67","attribution":0,"priority":"5","appToPromote":{"appToPromoteID":"1306","usesDefaultFrameImage":"1","usesDefaultCloseImage":"1","marketURL":"https:\/\/play.google.com\/store\/apps\/details?id=com.mizo.extreme.heavy.truck","packageID":"com.mizo.extreme.heavy.truck"},"showTemplate":1,"s2s_tracking_url":"https:\/\/play.google.com\/store\/apps\/details?id=com.mizo.extreme.heavy.truck","activeCreativeID":"85","scenes":["1","2","6","4","5"],"campaignAdType":"Interstitial"},{"campaignID":"73","attribution":0,"priority":"5","appToPromote":{"appToPromoteID":"1458","usesDefaultFrameImage":"1","usesDefaultCloseImage":"1","marketURL":"https:\/\/play.google.com\/store\/apps\/details?id=com.mizo.army.prisoner.transport.simulator","packageID":"com.mizo.army.prisoner.transport.simulator"},"showTemplate":1,"s2s_tracking_url":"https:\/\/play.google.com\/store\/apps\/details?id=com.mizo.army.prisoner.transport.simulator","activeCreativeID":"93","scenes":["1","2","6","4","5"],"campaignAdType":"Interstitial"},{"campaignID":"74","attribution":0,"priority":"5","appToPromote":{"appToPromoteID":"1449","usesDefaultFrameImage":"1","usesDefaultCloseImage":"1","marketURL":"https:\/\/play.google.com\/store\/apps\/details?id=com.brilliantgamez.army.prisoners.transport.plane","packageID":"com.brilliantgamez.army.prisoners.transport.plane"},"showTemplate":1,"s2s_tracking_url":"https:\/\/play.google.com\/store\/apps\/details?id=com.brilliantgamez.army.prisoners.transport.plane","activeCreativeID":"94","scenes":["1","2","6","4","5"],"campaignAdType":"Interstitial"},{"campaignID":"78","attribution":0,"priority":"5","appToPromote":{"appToPromoteID":"1632","usesDefaultFrameImage":"1","usesDefaultCloseImage":"1","marketURL":"https:\/\/play.google.com\/store\/apps\/details?id=com.mizo.road.builder.city.construction","packageID":"com.mizo.road.builder.city.construction"},"showTemplate":1,"s2s_tracking_url":"https:\/\/play.google.com\/store\/apps\/details?id=com.mizo.road.builder.city.construction","activeCreativeID":"97","scenes":["1","2","6","4","5"],"campaignAdType":"Interstitial"},{"campaignID":"80","attribution":0,"priority":"5","appToPromote":{"appToPromoteID":"1675","usesDefaultFrameImage":"1","usesDefaultCloseImage":"1","marketURL":"https:\/\/play.google.com\/store\/apps\/details?id=com.mizo.flip.bottle.shooting.expert","packageID":"com.mizo.flip.bottle.shooting.expert"},"showTemplate":1,"s2s_tracking_url":"https:\/\/play.google.com\/store\/apps\/details?id=com.mizo.flip.bottle.shooting.expert","activeCreativeID":"100","scenes":["1","2","6","4","5"],"campaignAdType":"Interstitial"},{"campaignID":"110","attribution":0,"priority":"5","appToPromote":{"appToPromoteID":"1853","usesDefaultFrameImage":"1","usesDefaultCloseImage":"1","marketURL":"https:\/\/play.google.com\/store\/apps\/details?id=com.mizo.police.airplane.transporter","packageID":"com.mizo.police.airplane.transporter"},"showTemplate":1,"s2s_tracking_url":"https:\/\/play.google.com\/store\/apps\/details?id=com.mizo.police.airplane.transporter","activeCreativeID":"137","scenes":["1","2","6","4","5"],"campaignAdType":"Interstitial"},{"campaignID":"143","attribution":0,"priority":"5","appToPromote":{"appToPromoteID":"2089","usesDefaultFrameImage":"0","usesDefaultCloseImage":"0","marketURL":"https:\/\/play.google.com\/store\/apps\/details?id=com.mizo.sports.car.mechanic","packageID":"com.mizo.sports.car.mechanic"},"showTemplate":1,"s2s_tracking_url":"https:\/\/play.google.com\/store\/apps\/details?id=com.mizo.sports.car.mechanic","activeCreativeID":"184","scenes":["1","2","6","4","5"],"campaignAdType":"Interstitial"},{"campaignID":"147","attribution":0,"priority":"5","appToPromote":{"appToPromoteID":"2085","usesDefaultFrameImage":"0","usesDefaultCloseImage":"0","marketURL":"https:\/\/play.google.com\/store\/apps\/details?id=com.mizo.robot.gang.mafia","packageID":"com.mizo.robot.gang.mafia"},"showTemplate":1,"s2s_tracking_url":"https:\/\/play.google.com\/store\/apps\/details?id=com.mizo.robot.gang.mafia","activeCreativeID":"188","scenes":["1","2","6","4","5"],"campaignAdType":"Interstitial"},{"campaignID":"227","attribution":0,"priority":"5","appToPromote":{"appToPromoteID":"2571","usesDefaultFrameImage":"0","usesDefaultCloseImage":"0","marketURL":"https:\/\/play.google.com\/store\/apps\/details?id=com.mizo.raft.suvival","packageID":"com.mizo.raft.suvival"},"showTemplate":1,"s2s_tracking_url":"https:\/\/play.google.com\/store\/apps\/details?id=com.mizo.raft.suvival","activeCreativeID":"302","scenes":["1","2","6","4","5"],"campaignAdType":"Interstitial"},{"campaignID":"317","attribution":0,"priority":"5","appToPromote":{"appToPromoteID":"2723","usesDefaultFrameImage":"0","usesDefaultCloseImage":"0","marketURL":"https:\/\/play.google.com\/store\/apps\/details?id=com.mizo.helicopter.rescue","packageID":"com.mizo.helicopter.rescue"},"showTemplate":1,"s2s_tracking_url":"https:\/\/play.google.com\/store\/apps\/details?id=com.mizo.helicopter.rescue","activeCreativeID":"324","scenes":["1","2","6","4","5"],"campaignAdType":"Interstitial"},{"campaignID":"367","attribution":0,"priority":"5","appToPromote":{"appToPromoteID":"2911","usesDefaultFrameImage":"0","usesDefaultCloseImage":"0","marketURL":"https:\/\/play.google.com\/store\/apps\/details?id=com.mizo.police.ship.transporter","packageID":"com.mizo.police.ship.transporter"},"showTemplate":1,"s2s_tracking_url":"https:\/\/play.google.com\/store\/apps\/details?id=com.mizo.police.ship.transporter","activeCreativeID":"383","scenes":["1","2","6","4","5"],"campaignAdType":"Interstitial"},{"campaignID":"390","attribution":0,"priority":"5","appToPromote":{"appToPromoteID":"3077","usesDefaultFrameImage":"0","usesDefaultCloseImage":"0","marketURL":"https:\/\/play.google.com\/store\/apps\/details?id=com.mizo.transformer.shooting","packageID":"com.mizo.transformer.shooting"},"showTemplate":1,"s2s_tracking_url":"https:\/\/play.google.com\/store\/apps\/details?id=com.mizo.transformer.shooting","activeCreativeID":"441","scenes":["1","2","6","4","5"],"campaignAdType":"Interstitial"},{"campaignID":"408","attribution":0,"priority":"5","appToPromote":{"appToPromoteID":"3095","usesDefaultFrameImage":"0","usesDefaultCloseImage":"0","marketURL":"https:\/\/play.google.com\/store\/apps\/details?id=com.mizo.superhero.robot","packageID":"com.mizo.superhero.robot"},"showTemplate":1,"s2s_tracking_url":"https:\/\/play.google.com\/store\/apps\/details?id=com.mizo.superhero.robot","activeCreativeID":"443","scenes":["1","2","6","4","5"],"campaignAdType":"Interstitial"},{"campaignID":"410","attribution":0,"priority":"5","appToPromote":{"appToPromoteID":"3145","usesDefaultFrameImage":"0","usesDefaultCloseImage":"0","marketURL":"https:\/\/play.google.com\/store\/apps\/details?id=com.mizo.extreme.bikerider","packageID":"com.mizo.extreme.bikerider"},"showTemplate":1,"s2s_tracking_url":"https:\/\/play.google.com\/store\/apps\/details?id=com.mizo.extreme.bikerider","activeCreativeID":"448","scenes":["1","2","6","4","5"],"campaignAdType":"Interstitial"},{"campaignID":"428","attribution":0,"priority":"5","appToPromote":{"appToPromoteID":"3250","usesDefaultFrameImage":"0","usesDefaultCloseImage":"0","marketURL":"https:\/\/play.google.com\/store\/apps\/details?id=com.mizo.bicycle.stunt.racer","packageID":"com.mizo.bicycle.stunt.racer"},"showTemplate":1,"s2s_tracking_url":"https:\/\/play.google.com\/store\/apps\/details?id=com.mizo.bicycle.stunt.racer","activeCreativeID":"472","scenes":["1","2","6","4","5"],"campaignAdType":"Interstitial"},{"campaignID":"429","attribution":0,"priority":"5","appToPromote":{"appToPromoteID":"3253","usesDefaultFrameImage":"0","usesDefaultCloseImage":"0","marketURL":"https:\/\/play.google.com\/store\/apps\/details?id=com.mizo.rooftop.stunts","packageID":"com.mizo.rooftop.stunts"},"showTemplate":1,"s2s_tracking_url":"https:\/\/play.google.com\/store\/apps\/details?id=com.mizo.rooftop.stunts","activeCreativeID":"474","scenes":["1","2","6","4","5"],"campaignAdType":"Interstitial"},{"campaignID":"456","attribution":0,"priority":"5","appToPromote":{"appToPromoteID":"2448","usesDefaultFrameImage":"0","usesDefaultCloseImage":"0","marketURL":"https:\/\/play.google.com\/store\/apps\/details?id=com.mizo.battle.simulator","packageID":"com.mizo.battle.simulator"},"showTemplate":1,"s2s_tracking_url":"https:\/\/play.google.com\/store\/apps\/details?id=com.mizo.battle.simulator","activeCreativeID":"503","scenes":["1","2","6","4","5"],"campaignAdType":"Interstitial"},{"campaignID":"482","attribution":0,"priority":"5","appToPromote":{"appToPromoteID":"2877","usesDefaultFrameImage":"0","usesDefaultCloseImage":"0","marketURL":"https:\/\/play.google.com\/store\/apps\/details?id=com.mizo.underwater.tourist.bus","packageID":"com.mizo.underwater.tourist.bus"},"showTemplate":1,"s2s_tracking_url":"https:\/\/play.google.com\/store\/apps\/details?id=com.mizo.underwater.tourist.bus","activeCreativeID":"540","scenes":["1","2","6","4","5"],"campaignAdType":"Interstitial"},{"campaignID":"490","attribution":0,"priority":"5","appToPromote":{"appToPromoteID":"3518","usesDefaultFrameImage":"0","usesDefaultCloseImage":"0","marketURL":"https:\/\/play.google.com\/store\/apps\/details?id=com.crazyneuron.superhero.robot.world","packageID":"com.crazyneuron.superhero.robot.world"},"showTemplate":1,"s2s_tracking_url":"https:\/\/play.google.com\/store\/apps\/details?id=com.crazyneuron.superhero.robot.world","activeCreativeID":"550","scenes":["1","2","6","4","5"],"campaignAdType":"Interstitial"},{"campaignID":"501","attribution":0,"priority":"5","appToPromote":{"appToPromoteID":"3579","usesDefaultFrameImage":"0","usesDefaultCloseImage":"0","marketURL":"https:\/\/play.google.com\/store\/apps\/details?id=com.crazyneuron.us.army.transport","packageID":"com.crazyneuron.us.army.transport"},"showTemplate":1,"s2s_tracking_url":"https:\/\/play.google.com\/store\/apps\/details?id=com.crazyneuron.us.army.transport","activeCreativeID":"577","scenes":["1","2","6","4","5"],"campaignAdType":"Interstitial"},{"campaignID":"512","attribution":0,"priority":"5","appToPromote":{"appToPromoteID":"3683","usesDefaultFrameImage":"0","usesDefaultCloseImage":"0","marketURL":"https:\/\/play.google.com\/store\/apps\/details?id=com.mizo.plane.landing","packageID":"com.mizo.plane.landing"},"showTemplate":1,"s2s_tracking_url":"https:\/\/play.google.com\/store\/apps\/details?id=com.mizo.plane.landing","activeCreativeID":"594","scenes":["1","2","6","4","5"],"campaignAdType":"Interstitial"},{"campaignID":"6210","attribution":0,"priority":"5","appToPromote":{"appToPromoteID":"11566","usesDefaultFrameImage":"0","usesDefaultCloseImage":"0","marketURL":"https:\/\/play.google.com\/store\/apps\/details?id=com.mizo.line.drawing.puzzle.game","packageID":"com.mizo.line.drawing.puzzle.game"},"showTemplate":1,"s2s_tracking_url":"https:\/\/play.google.com\/store\/apps\/details?id=com.mizo.line.drawing.puzzle.game","activeCreativeID":"1322","scenes":["1","2","6","4","5"],"campaignAdType":"Video"},{"campaignID":"6213","attribution":0,"priority":"5","appToPromote":{"appToPromoteID":"11633","usesDefaultFrameImage":"0","usesDefaultCloseImage":"0","marketURL":"https:\/\/play.google.com\/store\/apps\/details?id=com.mizo.car.driving.simulator","packageID":"com.mizo.car.driving.simulator"},"showTemplate":1,"s2s_tracking_url":"https:\/\/play.google.com\/store\/apps\/details?id=com.mizo.car.driving.simulator","activeCreativeID":"1325","scenes":["1","2","6","4","5"],"campaignAdType":"Video"}],"refreshAdRate":30,"mode":"Production","aspectRatio":"4_3","cdnPath":"https:\/\/df8ymybeo92md.cloudfront.net\/images\/","sentry_log":0,"local_logging":0,"sentry_dsn":"https:\/\/93ffa1c9a4124f67b8888a53265f751a:bbf998e04584477fa9a145838e9d3b26@sentry.io\/168994","sentry_initialization":1,"sentry_debugging":0,"bannerSizes":["1"],"aspectRatioVideo":"16_9","app_id":"2089","showPreRewardedDialogue":0,"showPostRewardedDialogue":0,"rewardCurrency":"coins","rewardValue":0,"isSkipable":1,"privacyPolicyURL":"https:\/\/www.consoliads.com\/privacy-policy\/","sessionToken":"u+JxIjySjHT5i0jjWKxg+L7HFK9UkRULjFq0OMhrJg9qDUkpNgHO+pH7Z2AwN51YuMZ2TA1oharkgdaBPSB33KTIZwb4C1SrJSRcDCnFTfFHVp+igHoM2GUKW1BJvtoblA1GwR1FlOsi3uncX0I5YxCBJwT59sKznI93loqEVF4="}
Session token value is set


{"appKey":"081c9f3ed7515bbbefc3fc89101b1944","deviceID":"7023","stats":[{"campaignID":146,"packageID":"com.gss.offroad.policebiketransport","sceneStats":[{"sceneID":"18","eventStats":"370,270,170,70,70,0,0"}]}],"sdkVersion":"39","sessionToken":"u+JxIjySjHT5i0jjWKxg+L7HFK9UkRULjFq0OMhrJg9qDUkpNgHO+pH7Z2AwN51YuMZ2TA1oharkgdaBPSB33KTIZwb4C1SrJSRcDCnFTfFHVp+igHoM2GUKW1BJvtoblA1GwR1FlOsi3uncX0I5YxCBJwT59sKznI93loqEVF4="}
cache_ttl value is correct

Refresh Ad Rate value is correct
mode value is set

 Aspect ratio value is correct
sentry_log value is set
local_logging value is set
sentry_initialization value is set
sentry_debugging value is set
showPreRewardedDialogue value is set
showPostRewardedDialogue value is set
isSkipable value is set
{"cache_ttl":10080,"cache_ttl_rewarded":10080,"cache_ttl_banner":10080,"cache_ttl_native":10080,"cache_ttl_icon":10080,"campaigns":[{"campaignID":"139","attribution":0,"priority":"5","appToPromote":{"appToPromoteID":"2150","usesDefaultFrameImage":"0","usesDefaultCloseImage":"0","marketURL":"https:\/\/play.google.com\/store\/apps\/details?id=com.gss.traffic.rush.crazy.bike.rider","packageID":"com.gss.traffic.rush.crazy.bike.rider"},"showTemplate":1,"s2s_tracking_url":"https:\/\/play.google.com\/store\/apps\/details?id=com.gss.traffic.rush.crazy.bike.rider","activeCreativeID":"179","scenes":["12","1","8","6","15","2"],"campaignAdType":"Interstitial"},{"campaignID":"142","attribution":0,"priority":"5","appToPromote":{"appToPromoteID":"2164","usesDefaultFrameImage":"0","usesDefaultCloseImage":"0","marketURL":"https:\/\/play.google.com\/store\/apps\/details?id=com.vg.police.demolition.derby.crash.racing","packageID":"com.vg.police.demolition.derby.crash.racing"},"showTemplate":1,"s2s_tracking_url":"https:\/\/play.google.com\/store\/apps\/details?id=com.vg.police.demolition.derby.crash.racing","activeCreativeID":"182","scenes":["12","1","8","6","15","2"],"campaignAdType":"Interstitial"},{"campaignID":"149","attribution":0,"priority":"5","appToPromote":{"appToPromoteID":"2224","usesDefaultFrameImage":"0","usesDefaultCloseImage":"0","marketURL":"https:\/\/play.google.com\/store\/apps\/details?id=com.vg.mega.city.construction.building.sim","packageID":"com.vg.mega.city.construction.building.sim"},"showTemplate":1,"s2s_tracking_url":"https:\/\/play.google.com\/store\/apps\/details?id=com.vg.mega.city.construction.building.sim","activeCreativeID":"191","scenes":["12","1","8","6","15","2"],"campaignAdType":"Interstitial"},{"campaignID":"150","attribution":0,"priority":"5","appToPromote":{"appToPromoteID":"2224","usesDefaultFrameImage":"0","usesDefaultCloseImage":"0","marketURL":"https:\/\/play.google.com\/store\/apps\/details?id=com.vg.mega.city.construction.building.sim","packageID":"com.vg.mega.city.construction.building.sim"},"showTemplate":1,"s2s_tracking_url":"https:\/\/play.google.com\/store\/apps\/details?id=com.vg.mega.city.construction.building.sim","activeCreativeID":"191","scenes":["12","1","8","6","15","2"],"campaignAdType":"Interstitial"},{"campaignID":"155","attribution":0,"priority":"5","appToPromote":{"appToPromoteID":"2226","usesDefaultFrameImage":"0","usesDefaultCloseImage":"0","marketURL":"https:\/\/play.google.com\/store\/apps\/details?id=com.gss.garage.workshop.carmehanic","packageID":"com.gss.garage.workshop.carmehanic"},"showTemplate":1,"s2s_tracking_url":"https:\/\/play.google.com\/store\/apps\/details?id=com.gss.garage.workshop.carmehanic","activeCreativeID":"197","scenes":["12","1","8","6","15","2"],"campaignAdType":"Interstitial"},{"campaignID":"156","attribution":0,"priority":"5","appToPromote":{"appToPromoteID":"2227","usesDefaultFrameImage":"0","usesDefaultCloseImage":"0","marketURL":"https:\/\/play.google.com\/store\/apps\/details?id=com.tgp.offroad.extreme.multi.cargotruck","packageID":"com.tgp.offroad.extreme.multi.cargotruck"},"showTemplate":1,"s2s_tracking_url":"https:\/\/play.google.com\/store\/apps\/details?id=com.tgp.offroad.extreme.multi.cargotruck","activeCreativeID":"198","scenes":["12","1","8","6","15","2"],"campaignAdType":"Interstitial"},{"campaignID":"163","attribution":0,"priority":"5","appToPromote":{"appToPromoteID":"2349","usesDefaultFrameImage":"0","usesDefaultCloseImage":"0","marketURL":"https:\/\/play.google.com\/store\/apps\/details?id=com.gss.city.war.survival.robothero","packageID":"com.gss.city.war.survival.robothero"},"showTemplate":1,"s2s_tracking_url":"https:\/\/play.google.com\/store\/apps\/details?id=com.gss.city.war.survival.robothero","activeCreativeID":"207","scenes":["12","1","8","6","15","2"],"campaignAdType":"Interstitial"},{"campaignID":"164","attribution":0,"priority":"5","appToPromote":{"appToPromoteID":"2350","usesDefaultFrameImage":"0","usesDefaultCloseImage":"0","marketURL":"https:\/\/play.google.com\/store\/apps\/details?id=com.tgp.car.robot.transport.truck","packageID":"com.tgp.car.robot.transport.truck"},"showTemplate":1,"s2s_tracking_url":"https:\/\/play.google.com\/store\/apps\/details?id=com.tgp.car.robot.transport.truck","activeCreativeID":"211","scenes":["12","1","8","6","15","2"],"campaignAdType":"Interstitial"},{"campaignID":"166","attribution":0,"priority":"5","appToPromote":{"appToPromoteID":"2273","usesDefaultFrameImage":"0","usesDefaultCloseImage":"0","marketURL":"https:\/\/play.google.com\/store\/apps\/details?id=com.gss.police.automechanic.repair.workshop","packageID":"com.gss.police.automechanic.repair.workshop"},"showTemplate":1,"s2s_tracking_url":"https:\/\/play.google.com\/store\/apps\/details?id=com.gss.police.automechanic.repair.workshop","activeCreativeID":"217","scenes":["12","1","8","6","15","2"],"campaignAdType":"Interstitial"},{"campaignID":"167","attribution":0,"priority":"5","appToPromote":{"appToPromoteID":"2348","usesDefaultFrameImage":"0","usesDefaultCloseImage":"0","marketURL":"https:\/\/play.google.com\/store\/apps\/details?id=com.vg.rollercoaster.crazy.tycoon.tour","packageID":"com.vg.rollercoaster.crazy.tycoon.tour"},"showTemplate":1,"s2s_tracking_url":"https:\/\/play.google.com\/store\/apps\/details?id=com.vg.rollercoaster.crazy.tycoon.tour","activeCreativeID":"218","scenes":["12","1","8","6","15","2"],"campaignAdType":"Interstitial"},{"campaignID":"214","attribution":0,"priority":"5","appToPromote":{"appToPromoteID":"2613","usesDefaultFrameImage":"0","usesDefaultCloseImage":"0","marketURL":"https:\/\/play.google.com\/store\/apps\/details?id=com.gss.robot.bike.transport.truck","packageID":"com.gss.robot.bike.transport.truck"},"showTemplate":1,"s2s_tracking_url":"https:\/\/play.google.com\/store\/apps\/details?id=com.gss.robot.bike.transport.truck","activeCreativeID":"295","scenes":["12","1","8","6","15","2"],"campaignAdType":"Interstitial"},{"campaignID":"303","attribution":0,"priority":"5","appToPromote":{"appToPromoteID":"2642","usesDefaultFrameImage":"0","usesDefaultCloseImage":"0","marketURL":"https:\/\/play.google.com\/store\/apps\/details?id=com.tgp.offroad.robot.transport.truck","packageID":"com.tgp.offroad.robot.transport.truck"},"showTemplate":1,"s2s_tracking_url":"https:\/\/play.google.com\/store\/apps\/details?id=com.tgp.offroad.robot.transport.truck","activeCreativeID":"310","scenes":["12","1","8","6","15","2"],"campaignAdType":"Interstitial"},{"campaignID":"370","attribution":0,"priority":"5","appToPromote":{"appToPromoteID":"3065","usesDefaultFrameImage":"0","usesDefaultCloseImage":"0","marketURL":"https:\/\/play.google.com\/store\/apps\/details?id=com.gss.raft.survival.island.escape","packageID":"com.gss.raft.survival.island.escape"},"showTemplate":1,"s2s_tracking_url":"https:\/\/play.google.com\/store\/apps\/details?id=com.gss.raft.survival.island.escape","activeCreativeID":"391","scenes":["12","1","8","6","15","2"],"campaignAdType":"Interstitial"},{"campaignID":"371","attribution":0,"priority":"5","appToPromote":{"appToPromoteID":"3117","usesDefaultFrameImage":"0","usesDefaultCloseImage":"0","marketURL":"https:\/\/play.google.com\/store\/apps\/details?id=com.vg.fast.car.driver.furiousracing","packageID":"com.vg.fast.car.driver.furiousracing"},"showTemplate":1,"s2s_tracking_url":"https:\/\/play.google.com\/store\/apps\/details?id=com.vg.fast.car.driver.furiousracing","activeCreativeID":"392","scenes":["12","1","8","6","15","2"],"campaignAdType":"Interstitial"},{"campaignID":"372","attribution":0,"priority":"5","appToPromote":{"appToPromoteID":"2938","usesDefaultFrameImage":"0","usesDefaultCloseImage":"0","marketURL":"https:\/\/play.google.com\/store\/apps\/details?id=com.tgp.offroad.us.army.transport","packageID":"com.tgp.offroad.us.army.transport"},"showTemplate":1,"s2s_tracking_url":"https:\/\/play.google.com\/store\/apps\/details?id=com.tgp.offroad.us.army.transport","activeCreativeID":"393","scenes":["12","1","8","6","15","2"],"campaignAdType":"Interstitial"},{"campaignID":"396","attribution":0,"priority":"5","appToPromote":{"appToPromoteID":"3019","usesDefaultFrameImage":"0","usesDefaultCloseImage":"0","marketURL":"https:\/\/play.google.com\/store\/apps\/details?id=com.gss.robot.car.transport.truck","packageID":"com.gss.robot.car.transport.truck"},"showTemplate":1,"s2s_tracking_url":"https:\/\/play.google.com\/store\/apps\/details?id=com.gss.robot.car.transport.truck","activeCreativeID":"420","scenes":["12","1","8","6","15","2"],"campaignAdType":"Interstitial"},{"campaignID":"397","attribution":0,"priority":"5","appToPromote":{"appToPromoteID":"3108","usesDefaultFrameImage":"0","usesDefaultCloseImage":"0","marketURL":"https:\/\/play.google.com\/store\/apps\/details?id=com.vg.amazing.city.coachbusdriver","packageID":"com.vg.amazing.city.coachbusdriver"},"showTemplate":1,"s2s_tracking_url":"https:\/\/play.google.com\/store\/apps\/details?id=com.vg.amazing.city.coachbusdriver","activeCreativeID":"417","scenes":["12","1","8","6","15","2"],"campaignAdType":"Interstitial"},{"campaignID":"399","attribution":0,"priority":"5","appToPromote":{"appToPromoteID":"3151","usesDefaultFrameImage":"0","usesDefaultCloseImage":"0","marketURL":"https:\/\/play.google.com\/store\/apps\/details?id=com.tgp.watersurfer.beach.car.driving","packageID":"com.tgp.watersurfer.beach.car.driving"},"showTemplate":1,"s2s_tracking_url":"https:\/\/play.google.com\/store\/apps\/details?id=com.tgp.watersurfer.beach.car.driving","activeCreativeID":"419","scenes":["12","1","8","6","15","2"],"campaignAdType":"Interstitial"},{"campaignID":"416","attribution":0,"priority":"5","appToPromote":{"appToPromoteID":"3226","usesDefaultFrameImage":"0","usesDefaultCloseImage":"0","marketURL":"https:\/\/play.google.com\/store\/apps\/details?id=com.gss.city.rooftop.bikestuntsrider","packageID":"com.gss.city.rooftop.bikestuntsrider"},"showTemplate":1,"s2s_tracking_url":"https:\/\/play.google.com\/store\/apps\/details?id=com.gss.city.rooftop.bikestuntsrider","activeCreativeID":"453","scenes":["12","1","8","6","15","2"],"campaignAdType":"Interstitial"},{"campaignID":"418","attribution":0,"priority":"5","appToPromote":{"appToPromoteID":"3152","usesDefaultFrameImage":"0","usesDefaultCloseImage":"0","marketURL":"https:\/\/play.google.com\/store\/apps\/details?id=com.tgp.city.rooftop.bicycle.stunts.rider","packageID":"com.tgp.city.rooftop.bicycle.stunts.rider"},"showTemplate":1,"s2s_tracking_url":"https:\/\/play.google.com\/store\/apps\/details?id=com.tgp.city.rooftop.bicycle.stunts.rider","activeCreativeID":"455","scenes":["12","1","8","6","15","2"],"campaignAdType":"Interstitial"},{"campaignID":"438","attribution":0,"priority":"5","appToPromote":{"appToPromoteID":"3281","usesDefaultFrameImage":"0","usesDefaultCloseImage":"0","marketURL":"https:\/\/play.google.com\/store\/apps\/details?id=com.vg.police.car.robot.superhero","packageID":"com.vg.police.car.robot.superhero"},"showTemplate":1,"s2s_tracking_url":"https:\/\/play.google.com\/store\/apps\/details?id=com.vg.police.car.robot.superhero","activeCreativeID":"479","scenes":["12","1","8","6","15","2"],"campaignAdType":"Interstitial"},{"campaignID":"446","attribution":0,"priority":"5","appToPromote":{"appToPromoteID":"3390","usesDefaultFrameImage":"0","usesDefaultCloseImage":"0","marketURL":"https:\/\/play.google.com\/store\/apps\/details?id=com.gss.flying.spider.superhero.survival","packageID":"com.gss.flying.spider.superhero.survival"},"showTemplate":1,"s2s_tracking_url":"https:\/\/play.google.com\/store\/apps\/details?id=com.gss.flying.spider.superhero.survival","activeCreativeID":"488","scenes":["12","1","8","6","15","2"],"campaignAdType":"Interstitial"},{"campaignID":"447","attribution":0,"priority":"5","appToPromote":{"appToPromoteID":"3383","usesDefaultFrameImage":"0","usesDefaultCloseImage":"0","marketURL":"https:\/\/play.google.com\/store\/apps\/details?id=com.vg.us.armytransport.truck.simulator","packageID":"com.vg.us.armytransport.truck.simulator"},"showTemplate":1,"s2s_tracking_url":"https:\/\/play.google.com\/store\/apps\/details?id=com.vg.us.armytransport.truck.simulator","activeCreativeID":"490","scenes":["12","1","8","6","15","2"],"campaignAdType":"Interstitial"},{"campaignID":"448","attribution":0,"priority":"5","appToPromote":{"appToPromoteID":"3283","usesDefaultFrameImage":"0","usesDefaultCloseImage":"0","marketURL":"https:\/\/play.google.com\/store\/apps\/details?id=com.tgp.water.stunts.jetskiracing","packageID":"com.tgp.water.stunts.jetskiracing"},"showTemplate":1,"s2s_tracking_url":"https:\/\/play.google.com\/store\/apps\/details?id=com.tgp.water.stunts.jetskiracing","activeCreativeID":"487","scenes":["12","1","8","6","15","2"],"campaignAdType":"Interstitial"},{"campaignID":"486","attribution":0,"priority":"5","appToPromote":{"appToPromoteID":"3389","usesDefaultFrameImage":"0","usesDefaultCloseImage":"0","marketURL":"https:\/\/play.google.com\/store\/apps\/details?id=com.gss.ultimate.shark.snipershooting","packageID":"com.gss.ultimate.shark.snipershooting"},"showTemplate":1,"s2s_tracking_url":"https:\/\/play.google.com\/store\/apps\/details?id=com.gss.ultimate.shark.snipershooting","activeCreativeID":"547","scenes":["12","1","8","6","15","2"],"campaignAdType":"Interstitial"}],"refreshAdRate":30,"mode":"Production","aspectRatio":"4_3","cdnPath":"https:\/\/df8ymybeo92md.cloudfront.net\/images\/","sentry_log":0,"local_logging":0,"sentry_dsn":"https:\/\/93ffa1c9a4124f67b8888a53265f751a:bbf998e04584477fa9a145838e9d3b26@sentry.io\/168994","sentry_initialization":1,"sentry_debugging":0,"bannerSizes":["5"],"aspectRatioVideo":"16_9","app_id":"2225","showPreRewardedDialogue":0,"showPostRewardedDialogue":0,"rewardCurrency":"coins","rewardValue":0,"isSkipable":0,"privacyPolicyURL":"https:\/\/www.consoliads.com\/privacy-policy\/","sessionToken":"Xj82aU2A3qsjKPC\/pOOOrIyu9wR03ViRNkkBabNLeY1+hd4a7tHqCQlFnKwxyXgeXN6oGuQy4WgFb++joGvl1joXWmg78qPJCKgNrgkX4tZ2gpjVAx8lLNoIt71pC0qhR97CNJLolJfACXv3Win5KDofOEHuAejIiE\/s9PzJDs8="}
Session token value is set


{"appKey":"9df632233aa0ab875abe5f3677328817","deviceID":"5496","stats":[{"campaignID":153,"packageID":"com.whitesand.underwater.shark.sniper.hunter","sceneStats":[{"sceneID":"14","eventStats":"355,255,155,55,55,0,0"}]}],"sdkVersion":"90","sessionToken":"Xj82aU2A3qsjKPC\/pOOOrIyu9wR03ViRNkkBabNLeY1+hd4a7tHqCQlFnKwxyXgeXN6oGuQy4WgFb++joGvl1joXWmg78qPJCKgNrgkX4tZ2gpjVAx8lLNoIt71pC0qhR97CNJLolJfACXv3Win5KDofOEHuAejIiE\/s9PzJDs8="}
cache_ttl value is correct

Refresh Ad Rate value is correct
mode value is set

 Aspect ratio value is correct
sentry_log value is set
local_logging value is set
sentry_initialization value is set
sentry_debugging value is set
showPreRewardedDialogue value is set
showPostRewardedDialogue value is set
isSkipable value is set
{"cache_ttl":10080,"cache_ttl_rewarded":10080,"cache_ttl_banner":10080,"cache_ttl_native":10080,"cache_ttl_icon":10080,"refreshAdRate":30,"mode":"Production","aspectRatio":"4_3","cdnPath":"https:\/\/df8ymybeo92md.cloudfront.net\/images\/","sentry_log":0,"local_logging":0,"sentry_dsn":"https:\/\/93ffa1c9a4124f67b8888a53265f751a:bbf998e04584477fa9a145838e9d3b26@sentry.io\/168994","sentry_initialization":1,"sentry_debugging":0,"bannerSizes":["5"],"aspectRatioVideo":"16_9","app_id":"2141","showPreRewardedDialogue":0,"showPostRewardedDialogue":0,"rewardCurrency":"coins","rewardValue":0,"isSkipable":0,"privacyPolicyURL":"https:\/\/www.consoliads.com\/privacy-policy\/","sessionToken":"qXulgB8h84CujtdC9\/JXGG0e+e2TFF9jXET894cD6s4Wu16GawuAO8gc6CyCCwkVR6FkO3\/UzjJhP5EBa\/7yRpGEA6N2Kc\/p7onBUCLfL98E3TYHCrqc8ryc4hS5Mt+zRLB\/7YGLhP5GV\/k8Ep6yoKaAw9ybOvVrRGrqGlzK5ac="}
Session token value is set


{"appKey":"0c2ea59a1926e209c4043dbc64975c4d","deviceID":"2608","stats":[{"campaignID":155,"packageID":"com.gss.garage.workshop.carmehanic","sceneStats":[{"sceneID":"7","eventStats":"326,226,126,26,26,0,0"}]}],"sdkVersion":"2163","sessionToken":"qXulgB8h84CujtdC9\/JXGG0e+e2TFF9jXET894cD6s4Wu16GawuAO8gc6CyCCwkVR6FkO3\/UzjJhP5EBa\/7yRpGEA6N2Kc\/p7onBUCLfL98E3TYHCrqc8ryc4hS5Mt+zRLB\/7YGLhP5GV\/k8Ep6yoKaAw9ybOvVrRGrqGlzK5ac="}
cache_ttl value is correct

Refresh Ad Rate value is correct
mode value is set

 Aspect ratio value is correct
sentry_log value is set
local_logging value is set
sentry_initialization value is set
sentry_debugging value is set
showPreRewardedDialogue value is set
showPostRewardedDialogue value is set
isSkipable value is set
{"cache_ttl":10080,"cache_ttl_rewarded":10080,"cache_ttl_banner":10080,"cache_ttl_native":10080,"cache_ttl_icon":10080,"campaigns":[{"campaignID":"139","attribution":0,"priority":"5","appToPromote":{"appToPromoteID":"2150","usesDefaultFrameImage":"0","usesDefaultCloseImage":"0","marketURL":"https:\/\/play.google.com\/store\/apps\/details?id=com.gss.traffic.rush.crazy.bike.rider","packageID":"com.gss.traffic.rush.crazy.bike.rider"},"showTemplate":1,"s2s_tracking_url":"https:\/\/play.google.com\/store\/apps\/details?id=com.gss.traffic.rush.crazy.bike.rider","activeCreativeID":"179","scenes":["12","1","8","6","15","2"],"campaignAdType":"Interstitial"},{"campaignID":"142","attribution":0,"priority":"5","appToPromote":{"appToPromoteID":"2164","usesDefaultFrameImage":"0","usesDefaultCloseImage":"0","marketURL":"https:\/\/play.google.com\/store\/apps\/details?id=com.vg.police.demolition.derby.crash.racing","packageID":"com.vg.police.demolition.derby.crash.racing"},"showTemplate":1,"s2s_tracking_url":"https:\/\/play.google.com\/store\/apps\/details?id=com.vg.police.demolition.derby.crash.racing","activeCreativeID":"182","scenes":["12","1","8","6","15","2"],"campaignAdType":"Interstitial"},{"campaignID":"146","attribution":0,"priority":"5","appToPromote":{"appToPromoteID":"2225","usesDefaultFrameImage":"0","usesDefaultCloseImage":"0","marketURL":"https:\/\/play.google.com\/store\/apps\/details?id=com.gss.offroad.policebiketransport","packageID":"com.gss.offroad.policebiketransport"},"showTemplate":1,"s2s_tracking_url":"https:\/\/play.google.com\/store\/apps\/details?id=com.gss.offroad.policebiketransport","activeCreativeID":"187","scenes":["12","1","8","6","15","2"],"campaignAdType":"Interstitial"},{"campaignID":"149","attribution":0,"priority":"5","appToPromote":{"appToPromoteID":"2224","usesDefaultFrameImage":"0","usesDefaultCloseImage":"0","marketURL":"https:\/\/play.google.com\/store\/apps\/details?id=com.vg.mega.city.construction.building.sim","packageID":"com.vg.mega.city.construction.building.sim"},"showTemplate":1,"s2s_tracking_url":"https:\/\/play.google.com\/store\/apps\/details?id=com.vg.mega.city.construction.building.sim","activeCreativeID":"191","scenes":["12","1","8","6","15","2"],"campaignAdType":"Interstitial"},{"campaignID":"150","attribution":0,"priority":"5","appToPromote":{"appToPromoteID":"2224","usesDefaultFrameImage":"0","usesDefaultCloseImage":"0","marketURL":"https:\/\/play.google.com\/store\/apps\/details?id=com.vg.mega.city.construction.building.sim","packageID":"com.vg.mega.city.construction.building.sim"},"showTemplate":1,"s2s_tracking_url":"https:\/\/play.google.com\/store\/apps\/details?id=com.vg.mega.city.construction.building.sim","activeCreativeID":"191","scenes":["12","1","8","6","15","2"],"campaignAdType":"Interstitial"},{"campaignID":"156","attribution":0,"priority":"5","appToPromote":{"appToPromoteID":"2227","usesDefaultFrameImage":"0","usesDefaultCloseImage":"0","marketURL":"https:\/\/play.google.com\/store\/apps\/details?id=com.tgp.offroad.extreme.multi.cargotruck","packageID":"com.tgp.offroad.extreme.multi.cargotruck"},"showTemplate":1,"s2s_tracking_url":"https:\/\/play.google.com\/store\/apps\/details?id=com.tgp.offroad.extreme.multi.cargotruck","activeCreativeID":"198","scenes":["12","1","8","6","15","2"],"campaignAdType":"Interstitial"},{"campaignID":"163","attribution":0,"priority":"5","appToPromote":{"appToPromoteID":"2349","usesDefaultFrameImage":"0","usesDefaultCloseImage":"0","marketURL":"https:\/\/play.google.com\/store\/apps\/details?id=com.gss.city.war.survival.robothero","packageID":"com.gss.city.war.survival.robothero"},"showTemplate":1,"s2s_tracking_url":"https:\/\/play.google.com\/store\/apps\/details?id=com.gss.city.war.survival.robothero","activeCreativeID":"207","scenes":["12","1","8","6","15","2"],"campaignAdType":"Interstitial"},{"campaignID":"164","attribution":0,"priority":"5","appToPromote":{"appToPromoteID":"2350","usesDefaultFrameImage":"0","usesDefaultCloseImage":"0","marketURL":"https:\/\/play.google.com\/store\/apps\/details?id=com.tgp.car.robot.transport.truck","packageID":"com.tgp.car.robot.transport.truck"},"showTemplate":1,"s2s_tracking_url":"https:\/\/play.google.com\/store\/apps\/details?id=com.tgp.car.robot.transport.truck","activeCreativeID":"211","scenes":["12","1","8","6","15","2"],"campaignAdType":"Interstitial"},{"campaignID":"166","attribution":0,"priority":"5","appToPromote":{"appToPromoteID":"2273","usesDefaultFrameImage":"0","usesDefaultCloseImage":"0","marketURL":"https:\/\/play.google.com\/store\/apps\/details?id=com.gss.police.automechanic.repair.workshop","packageID":"com.gss.police.automechanic.repair.workshop"},"showTemplate":1,"s2s_tracking_url":"https:\/\/play.google.com\/store\/apps\/details?id=com.gss.police.automechanic.repair.workshop","activeCreativeID":"217","scenes":["12","1","8","6","15","2"],"campaignAdType":"Interstitial"},{"campaignID":"167","attribution":0,"priority":"5","appToPromote":{"appToPromoteID":"2348","usesDefaultFrameImage":"0","usesDefaultCloseImage":"0","marketURL":"https:\/\/play.google.com\/store\/apps\/details?id=com.vg.rollercoaster.crazy.tycoon.tour","packageID":"com.vg.rollercoaster.crazy.tycoon.tour"},"showTemplate":1,"s2s_tracking_url":"https:\/\/play.google.com\/store\/apps\/details?id=com.vg.rollercoaster.crazy.tycoon.tour","activeCreativeID":"218","scenes":["12","1","8","6","15","2"],"campaignAdType":"Interstitial"},{"campaignID":"214","attribution":0,"priority":"5","appToPromote":{"appToPromoteID":"2613","usesDefaultFrameImage":"0","usesDefaultCloseImage":"0","marketURL":"https:\/\/play.google.com\/store\/apps\/details?id=com.gss.robot.bike.transport.truck","packageID":"com.gss.robot.bike.transport.truck"},"showTemplate":1,"s2s_tracking_url":"https:\/\/play.google.com\/store\/apps\/details?id=com.gss.robot.bike.transport.truck","activeCreativeID":"295","scenes":["12","1","8","6","15","2"],"campaignAdType":"Interstitial"},{"campaignID":"303","attribution":0,"priority":"5","appToPromote":{"appToPromoteID":"2642","usesDefaultFrameImage":"0","usesDefaultCloseImage":"0","marketURL":"https:\/\/play.google.com\/store\/apps\/details?id=com.tgp.offroad.robot.transport.truck","packageID":"com.tgp.offroad.robot.transport.truck"},"showTemplate":1,"s2s_tracking_url":"https:\/\/play.google.com\/store\/apps\/details?id=com.tgp.offroad.robot.transport.truck","activeCreativeID":"310","scenes":["12","1","8","6","15","2"],"campaignAdType":"Interstitial"},{"campaignID":"370","attribution":0,"priority":"5","appToPromote":{"appToPromoteID":"3065","usesDefaultFrameImage":"0","usesDefaultCloseImage":"0","marketURL":"https:\/\/play.google.com\/store\/apps\/details?id=com.gss.raft.survival.island.escape","packageID":"com.gss.raft.survival.island.escape"},"showTemplate":1,"s2s_tracking_url":"https:\/\/play.google.com\/store\/apps\/details?id=com.gss.raft.survival.island.escape","activeCreativeID":"391","scenes":["12","1","8","6","15","2"],"campaignAdType":"Interstitial"},{"campaignID":"371","attribution":0,"priority":"5","appToPromote":{"appToPromoteID":"3117","usesDefaultFrameImage":"0","usesDefaultCloseImage":"0","marketURL":"https:\/\/play.google.com\/store\/apps\/details?id=com.vg.fast.car.driver.furiousracing","packageID":"com.vg.fast.car.driver.furiousracing"},"showTemplate":1,"s2s_tracking_url":"https:\/\/play.google.com\/store\/apps\/details?id=com.vg.fast.car.driver.furiousracing","activeCreativeID":"392","scenes":["12","1","8","6","15","2"],"campaignAdType":"Interstitial"},{"campaignID":"372","attribution":0,"priority":"5","appToPromote":{"appToPromoteID":"2938","usesDefaultFrameImage":"0","usesDefaultCloseImage":"0","marketURL":"https:\/\/play.google.com\/store\/apps\/details?id=com.tgp.offroad.us.army.transport","packageID":"com.tgp.offroad.us.army.transport"},"showTemplate":1,"s2s_tracking_url":"https:\/\/play.google.com\/store\/apps\/details?id=com.tgp.offroad.us.army.transport","activeCreativeID":"393","scenes":["12","1","8","6","15","2"],"campaignAdType":"Interstitial"},{"campaignID":"396","attribution":0,"priority":"5","appToPromote":{"appToPromoteID":"3019","usesDefaultFrameImage":"0","usesDefaultCloseImage":"0","marketURL":"https:\/\/play.google.com\/store\/apps\/details?id=com.gss.robot.car.transport.truck","packageID":"com.gss.robot.car.transport.truck"},"showTemplate":1,"s2s_tracking_url":"https:\/\/play.google.com\/store\/apps\/details?id=com.gss.robot.car.transport.truck","activeCreativeID":"420","scenes":["12","1","8","6","15","2"],"campaignAdType":"Interstitial"},{"campaignID":"397","attribution":0,"priority":"5","appToPromote":{"appToPromoteID":"3108","usesDefaultFrameImage":"0","usesDefaultCloseImage":"0","marketURL":"https:\/\/play.google.com\/store\/apps\/details?id=com.vg.amazing.city.coachbusdriver","packageID":"com.vg.amazing.city.coachbusdriver"},"showTemplate":1,"s2s_tracking_url":"https:\/\/play.google.com\/store\/apps\/details?id=com.vg.amazing.city.coachbusdriver","activeCreativeID":"417","scenes":["12","1","8","6","15","2"],"campaignAdType":"Interstitial"},{"campaignID":"399","attribution":0,"priority":"5","appToPromote":{"appToPromoteID":"3151","usesDefaultFrameImage":"0","usesDefaultCloseImage":"0","marketURL":"https:\/\/play.google.com\/store\/apps\/details?id=com.tgp.watersurfer.beach.car.driving","packageID":"com.tgp.watersurfer.beach.car.driving"},"showTemplate":1,"s2s_tracking_url":"https:\/\/play.google.com\/store\/apps\/details?id=com.tgp.watersurfer.beach.car.driving","activeCreativeID":"419","scenes":["12","1","8","6","15","2"],"campaignAdType":"Interstitial"},{"campaignID":"416","attribution":0,"priority":"5","appToPromote":{"appToPromoteID":"3226","usesDefaultFrameImage":"0","usesDefaultCloseImage":"0","marketURL":"https:\/\/play.google.com\/store\/apps\/details?id=com.gss.city.rooftop.bikestuntsrider","packageID":"com.gss.city.rooftop.bikestuntsrider"},"showTemplate":1,"s2s_tracking_url":"https:\/\/play.google.com\/store\/apps\/details?id=com.gss.city.rooftop.bikestuntsrider","activeCreativeID":"453","scenes":["12","1","8","6","15","2"],"campaignAdType":"Interstitial"},{"campaignID":"418","attribution":0,"priority":"5","appToPromote":{"appToPromoteID":"3152","usesDefaultFrameImage":"0","usesDefaultCloseImage":"0","marketURL":"https:\/\/play.google.com\/store\/apps\/details?id=com.tgp.city.rooftop.bicycle.stunts.rider","packageID":"com.tgp.city.rooftop.bicycle.stunts.rider"},"showTemplate":1,"s2s_tracking_url":"https:\/\/play.google.com\/store\/apps\/details?id=com.tgp.city.rooftop.bicycle.stunts.rider","activeCreativeID":"455","scenes":["12","1","8","6","15","2"],"campaignAdType":"Interstitial"},{"campaignID":"438","attribution":0,"priority":"5","appToPromote":{"appToPromoteID":"3281","usesDefaultFrameImage":"0","usesDefaultCloseImage":"0","marketURL":"https:\/\/play.google.com\/store\/apps\/details?id=com.vg.police.car.robot.superhero","packageID":"com.vg.police.car.robot.superhero"},"showTemplate":1,"s2s_tracking_url":"https:\/\/play.google.com\/store\/apps\/details?id=com.vg.police.car.robot.superhero","activeCreativeID":"479","scenes":["12","1","8","6","15","2"],"campaignAdType":"Interstitial"},{"campaignID":"446","attribution":0,"priority":"5","appToPromote":{"appToPromoteID":"3390","usesDefaultFrameImage":"0","usesDefaultCloseImage":"0","marketURL":"https:\/\/play.google.com\/store\/apps\/details?id=com.gss.flying.spider.superhero.survival","packageID":"com.gss.flying.spider.superhero.survival"},"showTemplate":1,"s2s_tracking_url":"https:\/\/play.google.com\/store\/apps\/details?id=com.gss.flying.spider.superhero.survival","activeCreativeID":"488","scenes":["12","1","8","6","15","2"],"campaignAdType":"Interstitial"},{"campaignID":"447","attribution":0,"priority":"5","appToPromote":{"appToPromoteID":"3383","usesDefaultFrameImage":"0","usesDefaultCloseImage":"0","marketURL":"https:\/\/play.google.com\/store\/apps\/details?id=com.vg.us.armytransport.truck.simulator","packageID":"com.vg.us.armytransport.truck.simulator"},"showTemplate":1,"s2s_tracking_url":"https:\/\/play.google.com\/store\/apps\/details?id=com.vg.us.armytransport.truck.simulator","activeCreativeID":"490","scenes":["12","1","8","6","15","2"],"campaignAdType":"Interstitial"},{"campaignID":"448","attribution":0,"priority":"5","appToPromote":{"appToPromoteID":"3283","usesDefaultFrameImage":"0","usesDefaultCloseImage":"0","marketURL":"https:\/\/play.google.com\/store\/apps\/details?id=com.tgp.water.stunts.jetskiracing","packageID":"com.tgp.water.stunts.jetskiracing"},"showTemplate":1,"s2s_tracking_url":"https:\/\/play.google.com\/store\/apps\/details?id=com.tgp.water.stunts.jetskiracing","activeCreativeID":"487","scenes":["12","1","8","6","15","2"],"campaignAdType":"Interstitial"},{"campaignID":"486","attribution":0,"priority":"5","appToPromote":{"appToPromoteID":"3389","usesDefaultFrameImage":"0","usesDefaultCloseImage":"0","marketURL":"https:\/\/play.google.com\/store\/apps\/details?id=com.gss.ultimate.shark.snipershooting","packageID":"com.gss.ultimate.shark.snipershooting"},"showTemplate":1,"s2s_tracking_url":"https:\/\/play.google.com\/store\/apps\/details?id=com.gss.ultimate.shark.snipershooting","activeCreativeID":"547","scenes":["12","1","8","6","15","2"],"campaignAdType":"Interstitial"}],"refreshAdRate":30,"mode":"Production","aspectRatio":"4_3","cdnPath":"https:\/\/df8ymybeo92md.cloudfront.net\/images\/","sentry_log":0,"local_logging":0,"sentry_dsn":"https:\/\/93ffa1c9a4124f67b8888a53265f751a:bbf998e04584477fa9a145838e9d3b26@sentry.io\/168994","sentry_initialization":1,"sentry_debugging":0,"bannerSizes":["1"],"aspectRatioVideo":"16_9","app_id":"2226","showPreRewardedDialogue":0,"showPostRewardedDialogue":0,"rewardCurrency":"coins","rewardValue":0,"isSkipable":1,"privacyPolicyURL":"https:\/\/www.consoliads.com\/privacy-policy\/","sessionToken":"aqZkRzYqMM2Cyo2gnEW\/NBq\/uqIRXjRT\/OqXPwMP6cQSmqXMfDXysYQkeJ02e6LMWJlIGpXMyuFIC8J6KdfmZJCgN9DBqBZrGcfegPfoNDx379I7LarKiiAiArQ9+Gh8U6Ec+VMH1++37k\/5Hl4n7SvQz\/LZi45ilNfpBdkVWMo="}
Session token value is set


{"appKey":"47177e643e2e9ff27cdc3f79c552ce95","deviceID":"4669","stats":[{"campaignID":164,"packageID":"com.tgp.car.robot.transport.truck","sceneStats":[{"sceneID":"12","eventStats":"347,247,147,47,47,0,0"}]}],"sdkVersion":"2163","sessionToken":"aqZkRzYqMM2Cyo2gnEW\/NBq\/uqIRXjRT\/OqXPwMP6cQSmqXMfDXysYQkeJ02e6LMWJlIGpXMyuFIC8J6KdfmZJCgN9DBqBZrGcfegPfoNDx379I7LarKiiAiArQ9+Gh8U6Ec+VMH1++37k\/5Hl4n7SvQz\/LZi45ilNfpBdkVWMo="}
cache_ttl value is correct

Refresh Ad Rate value is correct
mode value is set

 Aspect ratio value is correct
sentry_log value is set
local_logging value is set
sentry_initialization value is set
sentry_debugging value is set
showPreRewardedDialogue value is set
showPostRewardedDialogue value is set
isSkipable value is set
{"cache_ttl":10080,"cache_ttl_rewarded":10080,"cache_ttl_banner":10080,"cache_ttl_native":10080,"cache_ttl_icon":10080,"campaigns":[{"campaignID":"139","attribution":0,"priority":"5","appToPromote":{"appToPromoteID":"2150","usesDefaultFrameImage":"0","usesDefaultCloseImage":"0","marketURL":"https:\/\/play.google.com\/store\/apps\/details?id=com.gss.traffic.rush.crazy.bike.rider","packageID":"com.gss.traffic.rush.crazy.bike.rider"},"showTemplate":1,"s2s_tracking_url":"https:\/\/play.google.com\/store\/apps\/details?id=com.gss.traffic.rush.crazy.bike.rider","activeCreativeID":"179","scenes":["12","1","8","6","15","2"],"campaignAdType":"Interstitial"},{"campaignID":"142","attribution":0,"priority":"5","appToPromote":{"appToPromoteID":"2164","usesDefaultFrameImage":"0","usesDefaultCloseImage":"0","marketURL":"https:\/\/play.google.com\/store\/apps\/details?id=com.vg.police.demolition.derby.crash.racing","packageID":"com.vg.police.demolition.derby.crash.racing"},"showTemplate":1,"s2s_tracking_url":"https:\/\/play.google.com\/store\/apps\/details?id=com.vg.police.demolition.derby.crash.racing","activeCreativeID":"182","scenes":["12","1","8","6","15","2"],"campaignAdType":"Interstitial"},{"campaignID":"146","attribution":0,"priority":"5","appToPromote":{"appToPromoteID":"2225","usesDefaultFrameImage":"0","usesDefaultCloseImage":"0","marketURL":"https:\/\/play.google.com\/store\/apps\/details?id=com.gss.offroad.policebiketransport","packageID":"com.gss.offroad.policebiketransport"},"showTemplate":1,"s2s_tracking_url":"https:\/\/play.google.com\/store\/apps\/details?id=com.gss.offroad.policebiketransport","activeCreativeID":"187","scenes":["12","1","8","6","15","2"],"campaignAdType":"Interstitial"},{"campaignID":"149","attribution":0,"priority":"5","appToPromote":{"appToPromoteID":"2224","usesDefaultFrameImage":"0","usesDefaultCloseImage":"0","marketURL":"https:\/\/play.google.com\/store\/apps\/details?id=com.vg.mega.city.construction.building.sim","packageID":"com.vg.mega.city.construction.building.sim"},"showTemplate":1,"s2s_tracking_url":"https:\/\/play.google.com\/store\/apps\/details?id=com.vg.mega.city.construction.building.sim","activeCreativeID":"191","scenes":["12","1","8","6","15","2"],"campaignAdType":"Interstitial"},{"campaignID":"150","attribution":0,"priority":"5","appToPromote":{"appToPromoteID":"2224","usesDefaultFrameImage":"0","usesDefaultCloseImage":"0","marketURL":"https:\/\/play.google.com\/store\/apps\/details?id=com.vg.mega.city.construction.building.sim","packageID":"com.vg.mega.city.construction.building.sim"},"showTemplate":1,"s2s_tracking_url":"https:\/\/play.google.com\/store\/apps\/details?id=com.vg.mega.city.construction.building.sim","activeCreativeID":"191","scenes":["12","1","8","6","15","2"],"campaignAdType":"Interstitial"},{"campaignID":"155","attribution":0,"priority":"5","appToPromote":{"appToPromoteID":"2226","usesDefaultFrameImage":"0","usesDefaultCloseImage":"0","marketURL":"https:\/\/play.google.com\/store\/apps\/details?id=com.gss.garage.workshop.carmehanic","packageID":"com.gss.garage.workshop.carmehanic"},"showTemplate":1,"s2s_tracking_url":"https:\/\/play.google.com\/store\/apps\/details?id=com.gss.garage.workshop.carmehanic","activeCreativeID":"197","scenes":["12","1","8","6","15","2"],"campaignAdType":"Interstitial"},{"campaignID":"156","attribution":0,"priority":"5","appToPromote":{"appToPromoteID":"2227","usesDefaultFrameImage":"0","usesDefaultCloseImage":"0","marketURL":"https:\/\/play.google.com\/store\/apps\/details?id=com.tgp.offroad.extreme.multi.cargotruck","packageID":"com.tgp.offroad.extreme.multi.cargotruck"},"showTemplate":1,"s2s_tracking_url":"https:\/\/play.google.com\/store\/apps\/details?id=com.tgp.offroad.extreme.multi.cargotruck","activeCreativeID":"198","scenes":["12","1","8","6","15","2"],"campaignAdType":"Interstitial"},{"campaignID":"163","attribution":0,"priority":"5","appToPromote":{"appToPromoteID":"2349","usesDefaultFrameImage":"0","usesDefaultCloseImage":"0","marketURL":"https:\/\/play.google.com\/store\/apps\/details?id=com.gss.city.war.survival.robothero","packageID":"com.gss.city.war.survival.robothero"},"showTemplate":1,"s2s_tracking_url":"https:\/\/play.google.com\/store\/apps\/details?id=com.gss.city.war.survival.robothero","activeCreativeID":"207","scenes":["12","1","8","6","15","2"],"campaignAdType":"Interstitial"},{"campaignID":"166","attribution":0,"priority":"5","appToPromote":{"appToPromoteID":"2273","usesDefaultFrameImage":"0","usesDefaultCloseImage":"0","marketURL":"https:\/\/play.google.com\/store\/apps\/details?id=com.gss.police.automechanic.repair.workshop","packageID":"com.gss.police.automechanic.repair.workshop"},"showTemplate":1,"s2s_tracking_url":"https:\/\/play.google.com\/store\/apps\/details?id=com.gss.police.automechanic.repair.workshop","activeCreativeID":"217","scenes":["12","1","8","6","15","2"],"campaignAdType":"Interstitial"},{"campaignID":"167","attribution":0,"priority":"5","appToPromote":{"appToPromoteID":"2348","usesDefaultFrameImage":"0","usesDefaultCloseImage":"0","marketURL":"https:\/\/play.google.com\/store\/apps\/details?id=com.vg.rollercoaster.crazy.tycoon.tour","packageID":"com.vg.rollercoaster.crazy.tycoon.tour"},"showTemplate":1,"s2s_tracking_url":"https:\/\/play.google.com\/store\/apps\/details?id=com.vg.rollercoaster.crazy.tycoon.tour","activeCreativeID":"218","scenes":["12","1","8","6","15","2"],"campaignAdType":"Interstitial"},{"campaignID":"214","attribution":0,"priority":"5","appToPromote":{"appToPromoteID":"2613","usesDefaultFrameImage":"0","usesDefaultCloseImage":"0","marketURL":"https:\/\/play.google.com\/store\/apps\/details?id=com.gss.robot.bike.transport.truck","packageID":"com.gss.robot.bike.transport.truck"},"showTemplate":1,"s2s_tracking_url":"https:\/\/play.google.com\/store\/apps\/details?id=com.gss.robot.bike.transport.truck","activeCreativeID":"295","scenes":["12","1","8","6","15","2"],"campaignAdType":"Interstitial"},{"campaignID":"303","attribution":0,"priority":"5","appToPromote":{"appToPromoteID":"2642","usesDefaultFrameImage":"0","usesDefaultCloseImage":"0","marketURL":"https:\/\/play.google.com\/store\/apps\/details?id=com.tgp.offroad.robot.transport.truck","packageID":"com.tgp.offroad.robot.transport.truck"},"showTemplate":1,"s2s_tracking_url":"https:\/\/play.google.com\/store\/apps\/details?id=com.tgp.offroad.robot.transport.truck","activeCreativeID":"310","scenes":["12","1","8","6","15","2"],"campaignAdType":"Interstitial"},{"campaignID":"370","attribution":0,"priority":"5","appToPromote":{"appToPromoteID":"3065","usesDefaultFrameImage":"0","usesDefaultCloseImage":"0","marketURL":"https:\/\/play.google.com\/store\/apps\/details?id=com.gss.raft.survival.island.escape","packageID":"com.gss.raft.survival.island.escape"},"showTemplate":1,"s2s_tracking_url":"https:\/\/play.google.com\/store\/apps\/details?id=com.gss.raft.survival.island.escape","activeCreativeID":"391","scenes":["12","1","8","6","15","2"],"campaignAdType":"Interstitial"},{"campaignID":"371","attribution":0,"priority":"5","appToPromote":{"appToPromoteID":"3117","usesDefaultFrameImage":"0","usesDefaultCloseImage":"0","marketURL":"https:\/\/play.google.com\/store\/apps\/details?id=com.vg.fast.car.driver.furiousracing","packageID":"com.vg.fast.car.driver.furiousracing"},"showTemplate":1,"s2s_tracking_url":"https:\/\/play.google.com\/store\/apps\/details?id=com.vg.fast.car.driver.furiousracing","activeCreativeID":"392","scenes":["12","1","8","6","15","2"],"campaignAdType":"Interstitial"},{"campaignID":"372","attribution":0,"priority":"5","appToPromote":{"appToPromoteID":"2938","usesDefaultFrameImage":"0","usesDefaultCloseImage":"0","marketURL":"https:\/\/play.google.com\/store\/apps\/details?id=com.tgp.offroad.us.army.transport","packageID":"com.tgp.offroad.us.army.transport"},"showTemplate":1,"s2s_tracking_url":"https:\/\/play.google.com\/store\/apps\/details?id=com.tgp.offroad.us.army.transport","activeCreativeID":"393","scenes":["12","1","8","6","15","2"],"campaignAdType":"Interstitial"},{"campaignID":"396","attribution":0,"priority":"5","appToPromote":{"appToPromoteID":"3019","usesDefaultFrameImage":"0","usesDefaultCloseImage":"0","marketURL":"https:\/\/play.google.com\/store\/apps\/details?id=com.gss.robot.car.transport.truck","packageID":"com.gss.robot.car.transport.truck"},"showTemplate":1,"s2s_tracking_url":"https:\/\/play.google.com\/store\/apps\/details?id=com.gss.robot.car.transport.truck","activeCreativeID":"420","scenes":["12","1","8","6","15","2"],"campaignAdType":"Interstitial"},{"campaignID":"397","attribution":0,"priority":"5","appToPromote":{"appToPromoteID":"3108","usesDefaultFrameImage":"0","usesDefaultCloseImage":"0","marketURL":"https:\/\/play.google.com\/store\/apps\/details?id=com.vg.amazing.city.coachbusdriver","packageID":"com.vg.amazing.city.coachbusdriver"},"showTemplate":1,"s2s_tracking_url":"https:\/\/play.google.com\/store\/apps\/details?id=com.vg.amazing.city.coachbusdriver","activeCreativeID":"417","scenes":["12","1","8","6","15","2"],"campaignAdType":"Interstitial"},{"campaignID":"399","attribution":0,"priority":"5","appToPromote":{"appToPromoteID":"3151","usesDefaultFrameImage":"0","usesDefaultCloseImage":"0","marketURL":"https:\/\/play.google.com\/store\/apps\/details?id=com.tgp.watersurfer.beach.car.driving","packageID":"com.tgp.watersurfer.beach.car.driving"},"showTemplate":1,"s2s_tracking_url":"https:\/\/play.google.com\/store\/apps\/details?id=com.tgp.watersurfer.beach.car.driving","activeCreativeID":"419","scenes":["12","1","8","6","15","2"],"campaignAdType":"Interstitial"},{"campaignID":"416","attribution":0,"priority":"5","appToPromote":{"appToPromoteID":"3226","usesDefaultFrameImage":"0","usesDefaultCloseImage":"0","marketURL":"https:\/\/play.google.com\/store\/apps\/details?id=com.gss.city.rooftop.bikestuntsrider","packageID":"com.gss.city.rooftop.bikestuntsrider"},"showTemplate":1,"s2s_tracking_url":"https:\/\/play.google.com\/store\/apps\/details?id=com.gss.city.rooftop.bikestuntsrider","activeCreativeID":"453","scenes":["12","1","8","6","15","2"],"campaignAdType":"Interstitial"},{"campaignID":"418","attribution":0,"priority":"5","appToPromote":{"appToPromoteID":"3152","usesDefaultFrameImage":"0","usesDefaultCloseImage":"0","marketURL":"https:\/\/play.google.com\/store\/apps\/details?id=com.tgp.city.rooftop.bicycle.stunts.rider","packageID":"com.tgp.city.rooftop.bicycle.stunts.rider"},"showTemplate":1,"s2s_tracking_url":"https:\/\/play.google.com\/store\/apps\/details?id=com.tgp.city.rooftop.bicycle.stunts.rider","activeCreativeID":"455","scenes":["12","1","8","6","15","2"],"campaignAdType":"Interstitial"},{"campaignID":"438","attribution":0,"priority":"5","appToPromote":{"appToPromoteID":"3281","usesDefaultFrameImage":"0","usesDefaultCloseImage":"0","marketURL":"https:\/\/play.google.com\/store\/apps\/details?id=com.vg.police.car.robot.superhero","packageID":"com.vg.police.car.robot.superhero"},"showTemplate":1,"s2s_tracking_url":"https:\/\/play.google.com\/store\/apps\/details?id=com.vg.police.car.robot.superhero","activeCreativeID":"479","scenes":["12","1","8","6","15","2"],"campaignAdType":"Interstitial"},{"campaignID":"446","attribution":0,"priority":"5","appToPromote":{"appToPromoteID":"3390","usesDefaultFrameImage":"0","usesDefaultCloseImage":"0","marketURL":"https:\/\/play.google.com\/store\/apps\/details?id=com.gss.flying.spider.superhero.survival","packageID":"com.gss.flying.spider.superhero.survival"},"showTemplate":1,"s2s_tracking_url":"https:\/\/play.google.com\/store\/apps\/details?id=com.gss.flying.spider.superhero.survival","activeCreativeID":"488","scenes":["12","1","8","6","15","2"],"campaignAdType":"Interstitial"},{"campaignID":"447","attribution":0,"priority":"5","appToPromote":{"appToPromoteID":"3383","usesDefaultFrameImage":"0","usesDefaultCloseImage":"0","marketURL":"https:\/\/play.google.com\/store\/apps\/details?id=com.vg.us.armytransport.truck.simulator","packageID":"com.vg.us.armytransport.truck.simulator"},"showTemplate":1,"s2s_tracking_url":"https:\/\/play.google.com\/store\/apps\/details?id=com.vg.us.armytransport.truck.simulator","activeCreativeID":"490","scenes":["12","1","8","6","15","2"],"campaignAdType":"Interstitial"},{"campaignID":"448","attribution":0,"priority":"5","appToPromote":{"appToPromoteID":"3283","usesDefaultFrameImage":"0","usesDefaultCloseImage":"0","marketURL":"https:\/\/play.google.com\/store\/apps\/details?id=com.tgp.water.stunts.jetskiracing","packageID":"com.tgp.water.stunts.jetskiracing"},"showTemplate":1,"s2s_tracking_url":"https:\/\/play.google.com\/store\/apps\/details?id=com.tgp.water.stunts.jetskiracing","activeCreativeID":"487","scenes":["12","1","8","6","15","2"],"campaignAdType":"Interstitial"},{"campaignID":"486","attribution":0,"priority":"5","appToPromote":{"appToPromoteID":"3389","usesDefaultFrameImage":"0","usesDefaultCloseImage":"0","marketURL":"https:\/\/play.google.com\/store\/apps\/details?id=com.gss.ultimate.shark.snipershooting","packageID":"com.gss.ultimate.shark.snipershooting"},"showTemplate":1,"s2s_tracking_url":"https:\/\/play.google.com\/store\/apps\/details?id=com.gss.ultimate.shark.snipershooting","activeCreativeID":"547","scenes":["12","1","8","6","15","2"],"campaignAdType":"Interstitial"}],"refreshAdRate":30,"mode":"Production","aspectRatio":"4_3","cdnPath":"https:\/\/df8ymybeo92md.cloudfront.net\/images\/","sentry_log":0,"local_logging":0,"sentry_dsn":"https:\/\/93ffa1c9a4124f67b8888a53265f751a:bbf998e04584477fa9a145838e9d3b26@sentry.io\/168994","sentry_initialization":1,"sentry_debugging":0,"bannerSizes":["1"],"aspectRatioVideo":"16_9","app_id":"2350","showPreRewardedDialogue":0,"showPostRewardedDialogue":0,"rewardCurrency":"coins","rewardValue":0,"isSkipable":0,"privacyPolicyURL":"https:\/\/www.consoliads.com\/privacy-policy\/","sessionToken":"mSyKvTToDn3\/W9iEHKecI21LabPjXeVfOJsgFFWRtYZL8EQZDJBe901CKUgT28Xu91hRTkrNGlGYNkgX20eVV+ukGw2vPbIl17gMgkohkguzxsW\/zEQ8zQW3Jgw18vdX7iqdpqt2ChjIf8VU4w8A7Jn2MZ3hrbeEQ7Jm9V\/Ewes="}
Session token value is set


{"appKey":"e551eacd7ce4c379df2008130984e935","deviceID":"285","stats":[{"campaignID":173,"packageID":"com.ubmgames.commando.survivor.modern.lone","sceneStats":[{"sceneID":"1","eventStats":"303,203,103,3,3,0,0"}]}],"sdkVersion":"26","sessionToken":"mSyKvTToDn3\/W9iEHKecI21LabPjXeVfOJsgFFWRtYZL8EQZDJBe901CKUgT28Xu91hRTkrNGlGYNkgX20eVV+ukGw2vPbIl17gMgkohkguzxsW\/zEQ8zQW3Jgw18vdX7iqdpqt2ChjIf8VU4w8A7Jn2MZ3hrbeEQ7Jm9V\/Ewes="}
cache_ttl value is correct

Refresh Ad Rate value is correct
mode value is set

 Aspect ratio value is correct
sentry_log value is set
local_logging value is set
sentry_initialization value is set
sentry_debugging value is set
showPreRewardedDialogue value is set
showPostRewardedDialogue value is set
isSkipable value is set
{"cache_ttl":10080,"cache_ttl_rewarded":10080,"cache_ttl_banner":10080,"cache_ttl_native":10080,"cache_ttl_icon":10080,"refreshAdRate":30,"mode":"Production","aspectRatio":"4_3","cdnPath":"https:\/\/df8ymybeo92md.cloudfront.net\/images\/","sentry_log":0,"local_logging":0,"sentry_dsn":"https:\/\/93ffa1c9a4124f67b8888a53265f751a:bbf998e04584477fa9a145838e9d3b26@sentry.io\/168994","sentry_initialization":1,"sentry_debugging":0,"bannerSizes":["5"],"aspectRatioVideo":"16_9","app_id":"1266","showPreRewardedDialogue":0,"showPostRewardedDialogue":0,"rewardCurrency":"coins","rewardValue":0,"isSkipable":0,"privacyPolicyURL":"https:\/\/www.consoliads.com\/privacy-policy\/","sessionToken":"r+HNdAOhM2A85bVhE9Olmr9Fja4XUTmzPHaIq3q6AIX9wK8WBS2+2\/H7a\/n+dZcq8RNbiP2QTPcUxah7bpBRBLP8ZisKwwxv2\/hCrtfjoAM+t80GpB1Q66uCYbjyJRxrICmuYUyfumk6wFk0nS2bmerKmAdwFEXq2dojDLpUP\/M="}
Session token value is set


{"appKey":"71828c96f5c84c83fef15e416d3756de","deviceID":"3252","stats":[{"campaignID":177,"packageID":"com.mizo.transformer.robot","sceneStats":[{"sceneID":"9","eventStats":"333,233,133,33,33,0,0"}]}],"sdkVersion":"39","sessionToken":"r+HNdAOhM2A85bVhE9Olmr9Fja4XUTmzPHaIq3q6AIX9wK8WBS2+2\/H7a\/n+dZcq8RNbiP2QTPcUxah7bpBRBLP8ZisKwwxv2\/hCrtfjoAM+t80GpB1Q66uCYbjyJRxrICmuYUyfumk6wFk0nS2bmerKmAdwFEXq2dojDLpUP\/M="}
cache_ttl value is correct

Refresh Ad Rate value is correct
mode value is set

 Aspect ratio value is correct
sentry_log value is set
local_logging value is set
sentry_initialization value is set
sentry_debugging value is set
showPreRewardedDialogue value is set
showPostRewardedDialogue value is set
isSkipable value is set
{"cache_ttl":10080,"cache_ttl_rewarded":10080,"cache_ttl_banner":10080,"cache_ttl_native":10080,"cache_ttl_icon":10080,"campaigns":[{"campaignID":"48","attribution":0,"priority":"5","appToPromote":{"appToPromoteID":"1074","usesDefaultFrameImage":"1","usesDefaultCloseImage":"1","marketURL":"https:\/\/play.google.com\/store\/apps\/details?id=com.mizo.construction.crane.hill.climb","packageID":"com.mizo.construction.crane.hill.climb"},"showTemplate":1,"s2s_tracking_url":"https:\/\/play.google.com\/store\/apps\/details?id=com.mizo.construction.crane.hill.climb","activeCreativeID":"65","scenes":["1","2","6","4","5"],"campaignAdType":"Interstitial"},{"campaignID":"50","attribution":0,"priority":"5","appToPromote":{"appToPromoteID":"1221","usesDefaultFrameImage":"1","usesDefaultCloseImage":"1","marketURL":"https:\/\/play.google.com\/store\/apps\/details?id=com.mizo.offroad.hill.climb","packageID":"com.mizo.offroad.hill.climb"},"showTemplate":1,"s2s_tracking_url":"https:\/\/play.google.com\/store\/apps\/details?id=com.mizo.offroad.hill.climb","activeCreativeID":"67","scenes":["1","2","6","4","5"],"campaignAdType":"Interstitial"},{"campaignID":"67","attribution":0,"priority":"5","appToPromote":{"appToPromoteID":"1306","usesDefaultFrameImage":"1","usesDefaultCloseImage":"1","marketURL":"https:\/\/play.google.com\/store\/apps\/details?id=com.mizo.extreme.heavy.truck","packageID":"com.mizo.extreme.heavy.truck"},"showTemplate":1,"s2s_tracking_url":"https:\/\/play.google.com\/store\/apps\/details?id=com.mizo.extreme.heavy.truck","activeCreativeID":"85","scenes":["1","2","6","4","5"],"campaignAdType":"Interstitial"},{"campaignID":"73","attribution":0,"priority":"5","appToPromote":{"appToPromoteID":"1458","usesDefaultFrameImage":"1","usesDefaultCloseImage":"1","marketURL":"https:\/\/play.google.com\/store\/apps\/details?id=com.mizo.army.prisoner.transport.simulator","packageID":"com.mizo.army.prisoner.transport.simulator"},"showTemplate":1,"s2s_tracking_url":"https:\/\/play.google.com\/store\/apps\/details?id=com.mizo.army.prisoner.transport.simulator","activeCreativeID":"93","scenes":["1","2","6","4","5"],"campaignAdType":"Interstitial"},{"campaignID":"74","attribution":0,"priority":"5","appToPromote":{"appToPromoteID":"1449","usesDefaultFrameImage":"1","usesDefaultCloseImage":"1","marketURL":"https:\/\/play.google.com\/store\/apps\/details?id=com.brilliantgamez.army.prisoners.transport.plane","packageID":"com.brilliantgamez.army.prisoners.transport.plane"},"showTemplate":1,"s2s_tracking_url":"https:\/\/play.google.com\/store\/apps\/details?id=com.brilliantgamez.army.prisoners.transport.plane","activeCreativeID":"94","scenes":["1","2","6","4","5"],"campaignAdType":"Interstitial"},{"campaignID":"78","attribution":0,"priority":"5","appToPromote":{"appToPromoteID":"1632","usesDefaultFrameImage":"1","usesDefaultCloseImage":"1","marketURL":"https:\/\/play.google.com\/store\/apps\/details?id=com.mizo.road.builder.city.construction","packageID":"com.mizo.road.builder.city.construction"},"showTemplate":1,"s2s_tracking_url":"https:\/\/play.google.com\/store\/apps\/details?id=com.mizo.road.builder.city.construction","activeCreativeID":"97","scenes":["1","2","6","4","5"],"campaignAdType":"Interstitial"},{"campaignID":"80","attribution":0,"priority":"5","appToPromote":{"appToPromoteID":"1675","usesDefaultFrameImage":"1","usesDefaultCloseImage":"1","marketURL":"https:\/\/play.google.com\/store\/apps\/details?id=com.mizo.flip.bottle.shooting.expert","packageID":"com.mizo.flip.bottle.shooting.expert"},"showTemplate":1,"s2s_tracking_url":"https:\/\/play.google.com\/store\/apps\/details?id=com.mizo.flip.bottle.shooting.expert","activeCreativeID":"100","scenes":["1","2","6","4","5"],"campaignAdType":"Interstitial"},{"campaignID":"110","attribution":0,"priority":"5","appToPromote":{"appToPromoteID":"1853","usesDefaultFrameImage":"1","usesDefaultCloseImage":"1","marketURL":"https:\/\/play.google.com\/store\/apps\/details?id=com.mizo.police.airplane.transporter","packageID":"com.mizo.police.airplane.transporter"},"showTemplate":1,"s2s_tracking_url":"https:\/\/play.google.com\/store\/apps\/details?id=com.mizo.police.airplane.transporter","activeCreativeID":"137","scenes":["1","2","6","4","5"],"campaignAdType":"Interstitial"},{"campaignID":"143","attribution":0,"priority":"5","appToPromote":{"appToPromoteID":"2089","usesDefaultFrameImage":"0","usesDefaultCloseImage":"0","marketURL":"https:\/\/play.google.com\/store\/apps\/details?id=com.mizo.sports.car.mechanic","packageID":"com.mizo.sports.car.mechanic"},"showTemplate":1,"s2s_tracking_url":"https:\/\/play.google.com\/store\/apps\/details?id=com.mizo.sports.car.mechanic","activeCreativeID":"184","scenes":["1","2","6","4","5"],"campaignAdType":"Interstitial"},{"campaignID":"147","attribution":0,"priority":"5","appToPromote":{"appToPromoteID":"2085","usesDefaultFrameImage":"0","usesDefaultCloseImage":"0","marketURL":"https:\/\/play.google.com\/store\/apps\/details?id=com.mizo.robot.gang.mafia","packageID":"com.mizo.robot.gang.mafia"},"showTemplate":1,"s2s_tracking_url":"https:\/\/play.google.com\/store\/apps\/details?id=com.mizo.robot.gang.mafia","activeCreativeID":"188","scenes":["1","2","6","4","5"],"campaignAdType":"Interstitial"},{"campaignID":"227","attribution":0,"priority":"5","appToPromote":{"appToPromoteID":"2571","usesDefaultFrameImage":"0","usesDefaultCloseImage":"0","marketURL":"https:\/\/play.google.com\/store\/apps\/details?id=com.mizo.raft.suvival","packageID":"com.mizo.raft.suvival"},"showTemplate":1,"s2s_tracking_url":"https:\/\/play.google.com\/store\/apps\/details?id=com.mizo.raft.suvival","activeCreativeID":"302","scenes":["1","2","6","4","5"],"campaignAdType":"Interstitial"},{"campaignID":"317","attribution":0,"priority":"5","appToPromote":{"appToPromoteID":"2723","usesDefaultFrameImage":"0","usesDefaultCloseImage":"0","marketURL":"https:\/\/play.google.com\/store\/apps\/details?id=com.mizo.helicopter.rescue","packageID":"com.mizo.helicopter.rescue"},"showTemplate":1,"s2s_tracking_url":"https:\/\/play.google.com\/store\/apps\/details?id=com.mizo.helicopter.rescue","activeCreativeID":"324","scenes":["1","2","6","4","5"],"campaignAdType":"Interstitial"},{"campaignID":"367","attribution":0,"priority":"5","appToPromote":{"appToPromoteID":"2911","usesDefaultFrameImage":"0","usesDefaultCloseImage":"0","marketURL":"https:\/\/play.google.com\/store\/apps\/details?id=com.mizo.police.ship.transporter","packageID":"com.mizo.police.ship.transporter"},"showTemplate":1,"s2s_tracking_url":"https:\/\/play.google.com\/store\/apps\/details?id=com.mizo.police.ship.transporter","activeCreativeID":"383","scenes":["1","2","6","4","5"],"campaignAdType":"Interstitial"},{"campaignID":"390","attribution":0,"priority":"5","appToPromote":{"appToPromoteID":"3077","usesDefaultFrameImage":"0","usesDefaultCloseImage":"0","marketURL":"https:\/\/play.google.com\/store\/apps\/details?id=com.mizo.transformer.shooting","packageID":"com.mizo.transformer.shooting"},"showTemplate":1,"s2s_tracking_url":"https:\/\/play.google.com\/store\/apps\/details?id=com.mizo.transformer.shooting","activeCreativeID":"441","scenes":["1","2","6","4","5"],"campaignAdType":"Interstitial"},{"campaignID":"408","attribution":0,"priority":"5","appToPromote":{"appToPromoteID":"3095","usesDefaultFrameImage":"0","usesDefaultCloseImage":"0","marketURL":"https:\/\/play.google.com\/store\/apps\/details?id=com.mizo.superhero.robot","packageID":"com.mizo.superhero.robot"},"showTemplate":1,"s2s_tracking_url":"https:\/\/play.google.com\/store\/apps\/details?id=com.mizo.superhero.robot","activeCreativeID":"443","scenes":["1","2","6","4","5"],"campaignAdType":"Interstitial"},{"campaignID":"410","attribution":0,"priority":"5","appToPromote":{"appToPromoteID":"3145","usesDefaultFrameImage":"0","usesDefaultCloseImage":"0","marketURL":"https:\/\/play.google.com\/store\/apps\/details?id=com.mizo.extreme.bikerider","packageID":"com.mizo.extreme.bikerider"},"showTemplate":1,"s2s_tracking_url":"https:\/\/play.google.com\/store\/apps\/details?id=com.mizo.extreme.bikerider","activeCreativeID":"448","scenes":["1","2","6","4","5"],"campaignAdType":"Interstitial"},{"campaignID":"428","attribution":0,"priority":"5","appToPromote":{"appToPromoteID":"3250","usesDefaultFrameImage":"0","usesDefaultCloseImage":"0","marketURL":"https:\/\/play.google.com\/store\/apps\/details?id=com.mizo.bicycle.stunt.racer","packageID":"com.mizo.bicycle.stunt.racer"},"showTemplate":1,"s2s_tracking_url":"https:\/\/play.google.com\/store\/apps\/details?id=com.mizo.bicycle.stunt.racer","activeCreativeID":"472","scenes":["1","2","6","4","5"],"campaignAdType":"Interstitial"},{"campaignID":"429","attribution":0,"priority":"5","appToPromote":{"appToPromoteID":"3253","usesDefaultFrameImage":"0","usesDefaultCloseImage":"0","marketURL":"https:\/\/play.google.com\/store\/apps\/details?id=com.mizo.rooftop.stunts","packageID":"com.mizo.rooftop.stunts"},"showTemplate":1,"s2s_tracking_url":"https:\/\/play.google.com\/store\/apps\/details?id=com.mizo.rooftop.stunts","activeCreativeID":"474","scenes":["1","2","6","4","5"],"campaignAdType":"Interstitial"},{"campaignID":"456","attribution":0,"priority":"5","appToPromote":{"appToPromoteID":"2448","usesDefaultFrameImage":"0","usesDefaultCloseImage":"0","marketURL":"https:\/\/play.google.com\/store\/apps\/details?id=com.mizo.battle.simulator","packageID":"com.mizo.battle.simulator"},"showTemplate":1,"s2s_tracking_url":"https:\/\/play.google.com\/store\/apps\/details?id=com.mizo.battle.simulator","activeCreativeID":"503","scenes":["1","2","6","4","5"],"campaignAdType":"Interstitial"},{"campaignID":"482","attribution":0,"priority":"5","appToPromote":{"appToPromoteID":"2877","usesDefaultFrameImage":"0","usesDefaultCloseImage":"0","marketURL":"https:\/\/play.google.com\/store\/apps\/details?id=com.mizo.underwater.tourist.bus","packageID":"com.mizo.underwater.tourist.bus"},"showTemplate":1,"s2s_tracking_url":"https:\/\/play.google.com\/store\/apps\/details?id=com.mizo.underwater.tourist.bus","activeCreativeID":"540","scenes":["1","2","6","4","5"],"campaignAdType":"Interstitial"},{"campaignID":"490","attribution":0,"priority":"5","appToPromote":{"appToPromoteID":"3518","usesDefaultFrameImage":"0","usesDefaultCloseImage":"0","marketURL":"https:\/\/play.google.com\/store\/apps\/details?id=com.crazyneuron.superhero.robot.world","packageID":"com.crazyneuron.superhero.robot.world"},"showTemplate":1,"s2s_tracking_url":"https:\/\/play.google.com\/store\/apps\/details?id=com.crazyneuron.superhero.robot.world","activeCreativeID":"550","scenes":["1","2","6","4","5"],"campaignAdType":"Interstitial"},{"campaignID":"501","attribution":0,"priority":"5","appToPromote":{"appToPromoteID":"3579","usesDefaultFrameImage":"0","usesDefaultCloseImage":"0","marketURL":"https:\/\/play.google.com\/store\/apps\/details?id=com.crazyneuron.us.army.transport","packageID":"com.crazyneuron.us.army.transport"},"showTemplate":1,"s2s_tracking_url":"https:\/\/play.google.com\/store\/apps\/details?id=com.crazyneuron.us.army.transport","activeCreativeID":"577","scenes":["1","2","6","4","5"],"campaignAdType":"Interstitial"},{"campaignID":"512","attribution":0,"priority":"5","appToPromote":{"appToPromoteID":"3683","usesDefaultFrameImage":"0","usesDefaultCloseImage":"0","marketURL":"https:\/\/play.google.com\/store\/apps\/details?id=com.mizo.plane.landing","packageID":"com.mizo.plane.landing"},"showTemplate":1,"s2s_tracking_url":"https:\/\/play.google.com\/store\/apps\/details?id=com.mizo.plane.landing","activeCreativeID":"594","scenes":["1","2","6","4","5"],"campaignAdType":"Interstitial"},{"campaignID":"6210","attribution":0,"priority":"5","appToPromote":{"appToPromoteID":"11566","usesDefaultFrameImage":"0","usesDefaultCloseImage":"0","marketURL":"https:\/\/play.google.com\/store\/apps\/details?id=com.mizo.line.drawing.puzzle.game","packageID":"com.mizo.line.drawing.puzzle.game"},"showTemplate":1,"s2s_tracking_url":"https:\/\/play.google.com\/store\/apps\/details?id=com.mizo.line.drawing.puzzle.game","activeCreativeID":"1322","scenes":["1","2","6","4","5"],"campaignAdType":"Video"},{"campaignID":"6213","attribution":0,"priority":"5","appToPromote":{"appToPromoteID":"11633","usesDefaultFrameImage":"0","usesDefaultCloseImage":"0","marketURL":"https:\/\/play.google.com\/store\/apps\/details?id=com.mizo.car.driving.simulator","packageID":"com.mizo.car.driving.simulator"},"showTemplate":1,"s2s_tracking_url":"https:\/\/play.google.com\/store\/apps\/details?id=com.mizo.car.driving.simulator","activeCreativeID":"1325","scenes":["1","2","6","4","5"],"campaignAdType":"Video"}],"refreshAdRate":30,"mode":"Production","aspectRatio":"4_3","cdnPath":"https:\/\/df8ymybeo92md.cloudfront.net\/images\/","sentry_log":0,"local_logging":0,"sentry_dsn":"https:\/\/93ffa1c9a4124f67b8888a53265f751a:bbf998e04584477fa9a145838e9d3b26@sentry.io\/168994","sentry_initialization":1,"sentry_debugging":0,"bannerSizes":[],"aspectRatioVideo":"16_9","app_id":"2343","showPreRewardedDialogue":0,"showPostRewardedDialogue":0,"rewardCurrency":"coins","rewardValue":0,"isSkipable":0,"privacyPolicyURL":"https:\/\/www.consoliads.com\/privacy-policy\/","sessionToken":"LRd1t8VJAdWcGqlVA7q7AwPAqSre49tmRMyKJpY5VV\/W07bAXXlTDFUKxkmlJHPHoBSiGRoYgaPrpc+1G2q+xqKHg6IrjdxLdsA2juXJcSLfPyJxE4\/sLvi158t4t942XqLEfer4h3SVA8Foqw+Tdf2y58w0O9CPsWQ7cQjgJhs="}
Session token value is set


{"appKey":"e551eacd7ce4c379df2008130984e935","deviceID":"4441","stats":[{"campaignID":179,"packageID":"com.ubmgames.commando.survivor.modern.lone","sceneStats":[{"sceneID":"12","eventStats":"344,244,144,44,44,0,0"}]}],"sdkVersion":"26","sessionToken":"LRd1t8VJAdWcGqlVA7q7AwPAqSre49tmRMyKJpY5VV\/W07bAXXlTDFUKxkmlJHPHoBSiGRoYgaPrpc+1G2q+xqKHg6IrjdxLdsA2juXJcSLfPyJxE4\/sLvi158t4t942XqLEfer4h3SVA8Foqw+Tdf2y58w0O9CPsWQ7cQjgJhs="}
cache_ttl value is correct

Refresh Ad Rate value is correct
mode value is set

 Aspect ratio value is correct
sentry_log value is set
local_logging value is set
sentry_initialization value is set
sentry_debugging value is set
showPreRewardedDialogue value is set
showPostRewardedDialogue value is set
isSkipable value is set
{"cache_ttl":10080,"cache_ttl_rewarded":10080,"cache_ttl_banner":10080,"cache_ttl_native":10080,"cache_ttl_icon":10080,"refreshAdRate":30,"mode":"Production","aspectRatio":"4_3","cdnPath":"https:\/\/df8ymybeo92md.cloudfront.net\/images\/","sentry_log":0,"local_logging":0,"sentry_dsn":"https:\/\/93ffa1c9a4124f67b8888a53265f751a:bbf998e04584477fa9a145838e9d3b26@sentry.io\/168994","sentry_initialization":1,"sentry_debugging":0,"bannerSizes":["5"],"aspectRatioVideo":"16_9","app_id":"1266","showPreRewardedDialogue":0,"showPostRewardedDialogue":0,"rewardCurrency":"coins","rewardValue":0,"isSkipable":0,"privacyPolicyURL":"https:\/\/www.consoliads.com\/privacy-policy\/","sessionToken":"P83LSLGwwC6tXK89acp7oFMIYhLdOAMkrX+Q6fbPUSzYouLsXm9inTU02dAbjeDaujb762RoeZvZciXXpElcG7J87yQiP+rUt0xdVNcRS9FkUweHqEHoik6Cgx\/ii+w2pGwm9CPs0ja7WRNhTd3G8+OWVqlXGodoG4GjZci0uFc="}
Session token value is set


{"appKey":"dacfcc72736ec57f9871a90c24be611a","deviceID":"439","stats":[{"campaignID":184,"packageID":"com.tgp.derby.cartransporttruck","sceneStats":[{"sceneID":"2","eventStats":"305,205,105,5,5,0,0"}]}],"sdkVersion":"39","sessionToken":"P83LSLGwwC6tXK89acp7oFMIYhLdOAMkrX+Q6fbPUSzYouLsXm9inTU02dAbjeDaujb762RoeZvZciXXpElcG7J87yQiP+rUt0xdVNcRS9FkUweHqEHoik6Cgx\/ii+w2pGwm9CPs0ja7WRNhTd3G8+OWVqlXGodoG4GjZci0uFc="}
cache_ttl value is correct

Refresh Ad Rate value is correct
mode value is set

 Aspect ratio value is correct
sentry_log value is set
local_logging value is set
sentry_initialization value is set
sentry_debugging value is set
showPreRewardedDialogue value is set
showPostRewardedDialogue value is set
isSkipable value is set
{"cache_ttl":10080,"cache_ttl_rewarded":10080,"cache_ttl_banner":10080,"cache_ttl_native":10080,"cache_ttl_icon":10080,"campaigns":[{"campaignID":"139","attribution":0,"priority":"5","appToPromote":{"appToPromoteID":"2150","usesDefaultFrameImage":"0","usesDefaultCloseImage":"0","marketURL":"https:\/\/play.google.com\/store\/apps\/details?id=com.gss.traffic.rush.crazy.bike.rider","packageID":"com.gss.traffic.rush.crazy.bike.rider"},"showTemplate":1,"s2s_tracking_url":"https:\/\/play.google.com\/store\/apps\/details?id=com.gss.traffic.rush.crazy.bike.rider","activeCreativeID":"179","scenes":["12","1","8","6","15","2"],"campaignAdType":"Interstitial"},{"campaignID":"142","attribution":0,"priority":"5","appToPromote":{"appToPromoteID":"2164","usesDefaultFrameImage":"0","usesDefaultCloseImage":"0","marketURL":"https:\/\/play.google.com\/store\/apps\/details?id=com.vg.police.demolition.derby.crash.racing","packageID":"com.vg.police.demolition.derby.crash.racing"},"showTemplate":1,"s2s_tracking_url":"https:\/\/play.google.com\/store\/apps\/details?id=com.vg.police.demolition.derby.crash.racing","activeCreativeID":"182","scenes":["12","1","8","6","15","2"],"campaignAdType":"Interstitial"},{"campaignID":"146","attribution":0,"priority":"5","appToPromote":{"appToPromoteID":"2225","usesDefaultFrameImage":"0","usesDefaultCloseImage":"0","marketURL":"https:\/\/play.google.com\/store\/apps\/details?id=com.gss.offroad.policebiketransport","packageID":"com.gss.offroad.policebiketransport"},"showTemplate":1,"s2s_tracking_url":"https:\/\/play.google.com\/store\/apps\/details?id=com.gss.offroad.policebiketransport","activeCreativeID":"187","scenes":["12","1","8","6","15","2"],"campaignAdType":"Interstitial"},{"campaignID":"149","attribution":0,"priority":"5","appToPromote":{"appToPromoteID":"2224","usesDefaultFrameImage":"0","usesDefaultCloseImage":"0","marketURL":"https:\/\/play.google.com\/store\/apps\/details?id=com.vg.mega.city.construction.building.sim","packageID":"com.vg.mega.city.construction.building.sim"},"showTemplate":1,"s2s_tracking_url":"https:\/\/play.google.com\/store\/apps\/details?id=com.vg.mega.city.construction.building.sim","activeCreativeID":"191","scenes":["12","1","8","6","15","2"],"campaignAdType":"Interstitial"},{"campaignID":"150","attribution":0,"priority":"5","appToPromote":{"appToPromoteID":"2224","usesDefaultFrameImage":"0","usesDefaultCloseImage":"0","marketURL":"https:\/\/play.google.com\/store\/apps\/details?id=com.vg.mega.city.construction.building.sim","packageID":"com.vg.mega.city.construction.building.sim"},"showTemplate":1,"s2s_tracking_url":"https:\/\/play.google.com\/store\/apps\/details?id=com.vg.mega.city.construction.building.sim","activeCreativeID":"191","scenes":["12","1","8","6","15","2"],"campaignAdType":"Interstitial"},{"campaignID":"155","attribution":0,"priority":"5","appToPromote":{"appToPromoteID":"2226","usesDefaultFrameImage":"0","usesDefaultCloseImage":"0","marketURL":"https:\/\/play.google.com\/store\/apps\/details?id=com.gss.garage.workshop.carmehanic","packageID":"com.gss.garage.workshop.carmehanic"},"showTemplate":1,"s2s_tracking_url":"https:\/\/play.google.com\/store\/apps\/details?id=com.gss.garage.workshop.carmehanic","activeCreativeID":"197","scenes":["12","1","8","6","15","2"],"campaignAdType":"Interstitial"},{"campaignID":"156","attribution":0,"priority":"5","appToPromote":{"appToPromoteID":"2227","usesDefaultFrameImage":"0","usesDefaultCloseImage":"0","marketURL":"https:\/\/play.google.com\/store\/apps\/details?id=com.tgp.offroad.extreme.multi.cargotruck","packageID":"com.tgp.offroad.extreme.multi.cargotruck"},"showTemplate":1,"s2s_tracking_url":"https:\/\/play.google.com\/store\/apps\/details?id=com.tgp.offroad.extreme.multi.cargotruck","activeCreativeID":"198","scenes":["12","1","8","6","15","2"],"campaignAdType":"Interstitial"},{"campaignID":"163","attribution":0,"priority":"5","appToPromote":{"appToPromoteID":"2349","usesDefaultFrameImage":"0","usesDefaultCloseImage":"0","marketURL":"https:\/\/play.google.com\/store\/apps\/details?id=com.gss.city.war.survival.robothero","packageID":"com.gss.city.war.survival.robothero"},"showTemplate":1,"s2s_tracking_url":"https:\/\/play.google.com\/store\/apps\/details?id=com.gss.city.war.survival.robothero","activeCreativeID":"207","scenes":["12","1","8","6","15","2"],"campaignAdType":"Interstitial"},{"campaignID":"164","attribution":0,"priority":"5","appToPromote":{"appToPromoteID":"2350","usesDefaultFrameImage":"0","usesDefaultCloseImage":"0","marketURL":"https:\/\/play.google.com\/store\/apps\/details?id=com.tgp.car.robot.transport.truck","packageID":"com.tgp.car.robot.transport.truck"},"showTemplate":1,"s2s_tracking_url":"https:\/\/play.google.com\/store\/apps\/details?id=com.tgp.car.robot.transport.truck","activeCreativeID":"211","scenes":["12","1","8","6","15","2"],"campaignAdType":"Interstitial"},{"campaignID":"166","attribution":0,"priority":"5","appToPromote":{"appToPromoteID":"2273","usesDefaultFrameImage":"0","usesDefaultCloseImage":"0","marketURL":"https:\/\/play.google.com\/store\/apps\/details?id=com.gss.police.automechanic.repair.workshop","packageID":"com.gss.police.automechanic.repair.workshop"},"showTemplate":1,"s2s_tracking_url":"https:\/\/play.google.com\/store\/apps\/details?id=com.gss.police.automechanic.repair.workshop","activeCreativeID":"217","scenes":["12","1","8","6","15","2"],"campaignAdType":"Interstitial"},{"campaignID":"167","attribution":0,"priority":"5","appToPromote":{"appToPromoteID":"2348","usesDefaultFrameImage":"0","usesDefaultCloseImage":"0","marketURL":"https:\/\/play.google.com\/store\/apps\/details?id=com.vg.rollercoaster.crazy.tycoon.tour","packageID":"com.vg.rollercoaster.crazy.tycoon.tour"},"showTemplate":1,"s2s_tracking_url":"https:\/\/play.google.com\/store\/apps\/details?id=com.vg.rollercoaster.crazy.tycoon.tour","activeCreativeID":"218","scenes":["12","1","8","6","15","2"],"campaignAdType":"Interstitial"},{"campaignID":"214","attribution":0,"priority":"5","appToPromote":{"appToPromoteID":"2613","usesDefaultFrameImage":"0","usesDefaultCloseImage":"0","marketURL":"https:\/\/play.google.com\/store\/apps\/details?id=com.gss.robot.bike.transport.truck","packageID":"com.gss.robot.bike.transport.truck"},"showTemplate":1,"s2s_tracking_url":"https:\/\/play.google.com\/store\/apps\/details?id=com.gss.robot.bike.transport.truck","activeCreativeID":"295","scenes":["12","1","8","6","15","2"],"campaignAdType":"Interstitial"},{"campaignID":"303","attribution":0,"priority":"5","appToPromote":{"appToPromoteID":"2642","usesDefaultFrameImage":"0","usesDefaultCloseImage":"0","marketURL":"https:\/\/play.google.com\/store\/apps\/details?id=com.tgp.offroad.robot.transport.truck","packageID":"com.tgp.offroad.robot.transport.truck"},"showTemplate":1,"s2s_tracking_url":"https:\/\/play.google.com\/store\/apps\/details?id=com.tgp.offroad.robot.transport.truck","activeCreativeID":"310","scenes":["12","1","8","6","15","2"],"campaignAdType":"Interstitial"},{"campaignID":"370","attribution":0,"priority":"5","appToPromote":{"appToPromoteID":"3065","usesDefaultFrameImage":"0","usesDefaultCloseImage":"0","marketURL":"https:\/\/play.google.com\/store\/apps\/details?id=com.gss.raft.survival.island.escape","packageID":"com.gss.raft.survival.island.escape"},"showTemplate":1,"s2s_tracking_url":"https:\/\/play.google.com\/store\/apps\/details?id=com.gss.raft.survival.island.escape","activeCreativeID":"391","scenes":["12","1","8","6","15","2"],"campaignAdType":"Interstitial"},{"campaignID":"371","attribution":0,"priority":"5","appToPromote":{"appToPromoteID":"3117","usesDefaultFrameImage":"0","usesDefaultCloseImage":"0","marketURL":"https:\/\/play.google.com\/store\/apps\/details?id=com.vg.fast.car.driver.furiousracing","packageID":"com.vg.fast.car.driver.furiousracing"},"showTemplate":1,"s2s_tracking_url":"https:\/\/play.google.com\/store\/apps\/details?id=com.vg.fast.car.driver.furiousracing","activeCreativeID":"392","scenes":["12","1","8","6","15","2"],"campaignAdType":"Interstitial"},{"campaignID":"372","attribution":0,"priority":"5","appToPromote":{"appToPromoteID":"2938","usesDefaultFrameImage":"0","usesDefaultCloseImage":"0","marketURL":"https:\/\/play.google.com\/store\/apps\/details?id=com.tgp.offroad.us.army.transport","packageID":"com.tgp.offroad.us.army.transport"},"showTemplate":1,"s2s_tracking_url":"https:\/\/play.google.com\/store\/apps\/details?id=com.tgp.offroad.us.army.transport","activeCreativeID":"393","scenes":["12","1","8","6","15","2"],"campaignAdType":"Interstitial"},{"campaignID":"396","attribution":0,"priority":"5","appToPromote":{"appToPromoteID":"3019","usesDefaultFrameImage":"0","usesDefaultCloseImage":"0","marketURL":"https:\/\/play.google.com\/store\/apps\/details?id=com.gss.robot.car.transport.truck","packageID":"com.gss.robot.car.transport.truck"},"showTemplate":1,"s2s_tracking_url":"https:\/\/play.google.com\/store\/apps\/details?id=com.gss.robot.car.transport.truck","activeCreativeID":"420","scenes":["12","1","8","6","15","2"],"campaignAdType":"Interstitial"},{"campaignID":"397","attribution":0,"priority":"5","appToPromote":{"appToPromoteID":"3108","usesDefaultFrameImage":"0","usesDefaultCloseImage":"0","marketURL":"https:\/\/play.google.com\/store\/apps\/details?id=com.vg.amazing.city.coachbusdriver","packageID":"com.vg.amazing.city.coachbusdriver"},"showTemplate":1,"s2s_tracking_url":"https:\/\/play.google.com\/store\/apps\/details?id=com.vg.amazing.city.coachbusdriver","activeCreativeID":"417","scenes":["12","1","8","6","15","2"],"campaignAdType":"Interstitial"},{"campaignID":"399","attribution":0,"priority":"5","appToPromote":{"appToPromoteID":"3151","usesDefaultFrameImage":"0","usesDefaultCloseImage":"0","marketURL":"https:\/\/play.google.com\/store\/apps\/details?id=com.tgp.watersurfer.beach.car.driving","packageID":"com.tgp.watersurfer.beach.car.driving"},"showTemplate":1,"s2s_tracking_url":"https:\/\/play.google.com\/store\/apps\/details?id=com.tgp.watersurfer.beach.car.driving","activeCreativeID":"419","scenes":["12","1","8","6","15","2"],"campaignAdType":"Interstitial"},{"campaignID":"416","attribution":0,"priority":"5","appToPromote":{"appToPromoteID":"3226","usesDefaultFrameImage":"0","usesDefaultCloseImage":"0","marketURL":"https:\/\/play.google.com\/store\/apps\/details?id=com.gss.city.rooftop.bikestuntsrider","packageID":"com.gss.city.rooftop.bikestuntsrider"},"showTemplate":1,"s2s_tracking_url":"https:\/\/play.google.com\/store\/apps\/details?id=com.gss.city.rooftop.bikestuntsrider","activeCreativeID":"453","scenes":["12","1","8","6","15","2"],"campaignAdType":"Interstitial"},{"campaignID":"418","attribution":0,"priority":"5","appToPromote":{"appToPromoteID":"3152","usesDefaultFrameImage":"0","usesDefaultCloseImage":"0","marketURL":"https:\/\/play.google.com\/store\/apps\/details?id=com.tgp.city.rooftop.bicycle.stunts.rider","packageID":"com.tgp.city.rooftop.bicycle.stunts.rider"},"showTemplate":1,"s2s_tracking_url":"https:\/\/play.google.com\/store\/apps\/details?id=com.tgp.city.rooftop.bicycle.stunts.rider","activeCreativeID":"455","scenes":["12","1","8","6","15","2"],"campaignAdType":"Interstitial"},{"campaignID":"438","attribution":0,"priority":"5","appToPromote":{"appToPromoteID":"3281","usesDefaultFrameImage":"0","usesDefaultCloseImage":"0","marketURL":"https:\/\/play.google.com\/store\/apps\/details?id=com.vg.police.car.robot.superhero","packageID":"com.vg.police.car.robot.superhero"},"showTemplate":1,"s2s_tracking_url":"https:\/\/play.google.com\/store\/apps\/details?id=com.vg.police.car.robot.superhero","activeCreativeID":"479","scenes":["12","1","8","6","15","2"],"campaignAdType":"Interstitial"},{"campaignID":"446","attribution":0,"priority":"5","appToPromote":{"appToPromoteID":"3390","usesDefaultFrameImage":"0","usesDefaultCloseImage":"0","marketURL":"https:\/\/play.google.com\/store\/apps\/details?id=com.gss.flying.spider.superhero.survival","packageID":"com.gss.flying.spider.superhero.survival"},"showTemplate":1,"s2s_tracking_url":"https:\/\/play.google.com\/store\/apps\/details?id=com.gss.flying.spider.superhero.survival","activeCreativeID":"488","scenes":["12","1","8","6","15","2"],"campaignAdType":"Interstitial"},{"campaignID":"447","attribution":0,"priority":"5","appToPromote":{"appToPromoteID":"3383","usesDefaultFrameImage":"0","usesDefaultCloseImage":"0","marketURL":"https:\/\/play.google.com\/store\/apps\/details?id=com.vg.us.armytransport.truck.simulator","packageID":"com.vg.us.armytransport.truck.simulator"},"showTemplate":1,"s2s_tracking_url":"https:\/\/play.google.com\/store\/apps\/details?id=com.vg.us.armytransport.truck.simulator","activeCreativeID":"490","scenes":["12","1","8","6","15","2"],"campaignAdType":"Interstitial"},{"campaignID":"448","attribution":0,"priority":"5","appToPromote":{"appToPromoteID":"3283","usesDefaultFrameImage":"0","usesDefaultCloseImage":"0","marketURL":"https:\/\/play.google.com\/store\/apps\/details?id=com.tgp.water.stunts.jetskiracing","packageID":"com.tgp.water.stunts.jetskiracing"},"showTemplate":1,"s2s_tracking_url":"https:\/\/play.google.com\/store\/apps\/details?id=com.tgp.water.stunts.jetskiracing","activeCreativeID":"487","scenes":["12","1","8","6","15","2"],"campaignAdType":"Interstitial"}],"refreshAdRate":30,"mode":"Production","aspectRatio":"4_3","cdnPath":"https:\/\/df8ymybeo92md.cloudfront.net\/images\/","sentry_log":0,"local_logging":0,"sentry_dsn":"https:\/\/93ffa1c9a4124f67b8888a53265f751a:bbf998e04584477fa9a145838e9d3b26@sentry.io\/168994","sentry_initialization":1,"sentry_debugging":0,"bannerSizes":["5"],"aspectRatioVideo":"16_9","app_id":"2269","showPreRewardedDialogue":0,"showPostRewardedDialogue":0,"rewardCurrency":"coins","rewardValue":0,"isSkipable":0,"privacyPolicyURL":"https:\/\/www.consoliads.com\/privacy-policy\/","sessionToken":"CP0H4P+ks3t1ly0t\/dnAdDRofjsPkJkGYRKwLqABV0Mz8hvg9siquvwvvd9mt8M4Y68Pa+DU0hEnM0amuLA2cv6HbfMCNw2zZN17UFxkL0bOQeH7ljRN0e5kIIjvc3j8Oo59AhuJq1uMFvqhEoBEPMur3QWkXfce09cdu3o3ySY="}
Session token value is set

mode value is set

 Aspect ratio value is correct
sentry_log value is set
Session token value is set


{"appKey":"04f5a9854a7ab0d33c312f6ba1115c79","deviceID":"7069","stats":[{"campaignID":191,"packageID":"com.tgp.multi.car.smart.parking.truck","sceneStats":[{"sceneID":"18","eventStats":"370,270,170,70,70,0,0"}]}],"sdkVersion":"39","sessionToken":"GSkfOzVMoLh2+UEJ46PHTSQ3c0sM\/NNHejF3d8LekdfvtmFoz8pcdE6NHg2fPlYa9xnNj3rDza0jBqGIeIYJlh5RvsxFQICkDvfYMsQF\/ydvzCPVLHIoFD4+WMWxQi0dc0mWxqqdY9qT0QqkUZoLwwJGMkpA6pOBnJP1dljs2dk="}
cache_ttl value is correct

Refresh Ad Rate value is correct
mode value is set

 Aspect ratio value is correct
sentry_log value is set
local_logging value is set
sentry_initialization value is set
sentry_debugging value is set
showPreRewardedDialogue value is set
showPostRewardedDialogue value is set
isSkipable value is set
{"cache_ttl":10080,"cache_ttl_rewarded":10080,"cache_ttl_banner":10080,"cache_ttl_native":10080,"cache_ttl_icon":10080,"refreshAdRate":30,"mode":"Production","aspectRatio":"4_3","cdnPath":"https:\/\/df8ymybeo92md.cloudfront.net\/images\/","sentry_log":0,"local_logging":0,"sentry_dsn":"https:\/\/93ffa1c9a4124f67b8888a53265f751a:bbf998e04584477fa9a145838e9d3b26@sentry.io\/168994","sentry_initialization":1,"sentry_debugging":0,"bannerSizes":[],"aspectRatioVideo":"16_9","app_id":"2480","showPreRewardedDialogue":0,"showPostRewardedDialogue":0,"rewardCurrency":"coins","rewardValue":0,"isSkipable":0,"privacyPolicyURL":"https:\/\/www.consoliads.com\/privacy-policy\/","sessionToken":"hxwIzNvbOiEG7nx4nTI1X+6jsoh+WUbztfhz4zYc3uhk+5Q9J7K3TlXxt\/A5ks18IuiIseMNMXH6Mw8QfJvbSdVeqJ5xjYfX7jLeDWyD2hA0tcsoUDYuk7n7L7DQkXtBUMk\/\/JUoHNw2fTAthA81Obs1+f7MV9Os0sXMLvACg8A="}
Session token value is set


{"appKey":"8417aa110173549083015865620d6db3","deviceID":"8640","stats":[{"campaignID":192,"packageID":"com.gamefeast.offroadtruck.mechanic.garage","sceneStats":[{"sceneID":"22","eventStats":"386,286,186,86,86,0,0"}]}],"sdkVersion":"39","sessionToken":"hxwIzNvbOiEG7nx4nTI1X+6jsoh+WUbztfhz4zYc3uhk+5Q9J7K3TlXxt\/A5ks18IuiIseMNMXH6Mw8QfJvbSdVeqJ5xjYfX7jLeDWyD2hA0tcsoUDYuk7n7L7DQkXtBUMk\/\/JUoHNw2fTAthA81Obs1+f7MV9Os0sXMLvACg8A="}
cache_ttl value is correct

Refresh Ad Rate value is correct
mode value is set

 Aspect ratio value is correct
sentry_log value is set
local_logging value is set
sentry_initialization value is set
sentry_debugging value is set
showPreRewardedDialogue value is set
showPostRewardedDialogue value is set
isSkipable value is set
{"cache_ttl":10080,"cache_ttl_rewarded":10080,"cache_ttl_banner":10080,"cache_ttl_native":10080,"cache_ttl_icon":10080,"campaigns":[{"campaignID":"139","attribution":0,"priority":"5","appToPromote":{"appToPromoteID":"2150","usesDefaultFrameImage":"0","usesDefaultCloseImage":"0","marketURL":"https:\/\/play.google.com\/store\/apps\/details?id=com.gss.traffic.rush.crazy.bike.rider","packageID":"com.gss.traffic.rush.crazy.bike.rider"},"showTemplate":1,"s2s_tracking_url":"https:\/\/play.google.com\/store\/apps\/details?id=com.gss.traffic.rush.crazy.bike.rider","activeCreativeID":"179","scenes":["12","1","8","6","15","2"],"campaignAdType":"Interstitial"},{"campaignID":"142","attribution":0,"priority":"5","appToPromote":{"appToPromoteID":"2164","usesDefaultFrameImage":"0","usesDefaultCloseImage":"0","marketURL":"https:\/\/play.google.com\/store\/apps\/details?id=com.vg.police.demolition.derby.crash.racing","packageID":"com.vg.police.demolition.derby.crash.racing"},"showTemplate":1,"s2s_tracking_url":"https:\/\/play.google.com\/store\/apps\/details?id=com.vg.police.demolition.derby.crash.racing","activeCreativeID":"182","scenes":["12","1","8","6","15","2"],"campaignAdType":"Interstitial"},{"campaignID":"146","attribution":0,"priority":"5","appToPromote":{"appToPromoteID":"2225","usesDefaultFrameImage":"0","usesDefaultCloseImage":"0","marketURL":"https:\/\/play.google.com\/store\/apps\/details?id=com.gss.offroad.policebiketransport","packageID":"com.gss.offroad.policebiketransport"},"showTemplate":1,"s2s_tracking_url":"https:\/\/play.google.com\/store\/apps\/details?id=com.gss.offroad.policebiketransport","activeCreativeID":"187","scenes":["12","1","8","6","15","2"],"campaignAdType":"Interstitial"},{"campaignID":"149","attribution":0,"priority":"5","appToPromote":{"appToPromoteID":"2224","usesDefaultFrameImage":"0","usesDefaultCloseImage":"0","marketURL":"https:\/\/play.google.com\/store\/apps\/details?id=com.vg.mega.city.construction.building.sim","packageID":"com.vg.mega.city.construction.building.sim"},"showTemplate":1,"s2s_tracking_url":"https:\/\/play.google.com\/store\/apps\/details?id=com.vg.mega.city.construction.building.sim","activeCreativeID":"191","scenes":["12","1","8","6","15","2"],"campaignAdType":"Interstitial"},{"campaignID":"150","attribution":0,"priority":"5","appToPromote":{"appToPromoteID":"2224","usesDefaultFrameImage":"0","usesDefaultCloseImage":"0","marketURL":"https:\/\/play.google.com\/store\/apps\/details?id=com.vg.mega.city.construction.building.sim","packageID":"com.vg.mega.city.construction.building.sim"},"showTemplate":1,"s2s_tracking_url":"https:\/\/play.google.com\/store\/apps\/details?id=com.vg.mega.city.construction.building.sim","activeCreativeID":"191","scenes":["12","1","8","6","15","2"],"campaignAdType":"Interstitial"},{"campaignID":"155","attribution":0,"priority":"5","appToPromote":{"appToPromoteID":"2226","usesDefaultFrameImage":"0","usesDefaultCloseImage":"0","marketURL":"https:\/\/play.google.com\/store\/apps\/details?id=com.gss.garage.workshop.carmehanic","packageID":"com.gss.garage.workshop.carmehanic"},"showTemplate":1,"s2s_tracking_url":"https:\/\/play.google.com\/store\/apps\/details?id=com.gss.garage.workshop.carmehanic","activeCreativeID":"197","scenes":["12","1","8","6","15","2"],"campaignAdType":"Interstitial"},{"campaignID":"156","attribution":0,"priority":"5","appToPromote":{"appToPromoteID":"2227","usesDefaultFrameImage":"0","usesDefaultCloseImage":"0","marketURL":"https:\/\/play.google.com\/store\/apps\/details?id=com.tgp.offroad.extreme.multi.cargotruck","packageID":"com.tgp.offroad.extreme.multi.cargotruck"},"showTemplate":1,"s2s_tracking_url":"https:\/\/play.google.com\/store\/apps\/details?id=com.tgp.offroad.extreme.multi.cargotruck","activeCreativeID":"198","scenes":["12","1","8","6","15","2"],"campaignAdType":"Interstitial"},{"campaignID":"163","attribution":0,"priority":"5","appToPromote":{"appToPromoteID":"2349","usesDefaultFrameImage":"0","usesDefaultCloseImage":"0","marketURL":"https:\/\/play.google.com\/store\/apps\/details?id=com.gss.city.war.survival.robothero","packageID":"com.gss.city.war.survival.robothero"},"showTemplate":1,"s2s_tracking_url":"https:\/\/play.google.com\/store\/apps\/details?id=com.gss.city.war.survival.robothero","activeCreativeID":"207","scenes":["12","1","8","6","15","2"],"campaignAdType":"Interstitial"},{"campaignID":"164","attribution":0,"priority":"5","appToPromote":{"appToPromoteID":"2350","usesDefaultFrameImage":"0","usesDefaultCloseImage":"0","marketURL":"https:\/\/play.google.com\/store\/apps\/details?id=com.tgp.car.robot.transport.truck","packageID":"com.tgp.car.robot.transport.truck"},"showTemplate":1,"s2s_tracking_url":"https:\/\/play.google.com\/store\/apps\/details?id=com.tgp.car.robot.transport.truck","activeCreativeID":"211","scenes":["12","1","8","6","15","2"],"campaignAdType":"Interstitial"},{"campaignID":"166","attribution":0,"priority":"5","appToPromote":{"appToPromoteID":"2273","usesDefaultFrameImage":"0","usesDefaultCloseImage":"0","marketURL":"https:\/\/play.google.com\/store\/apps\/details?id=com.gss.police.automechanic.repair.workshop","packageID":"com.gss.police.automechanic.repair.workshop"},"showTemplate":1,"s2s_tracking_url":"https:\/\/play.google.com\/store\/apps\/details?id=com.gss.police.automechanic.repair.workshop","activeCreativeID":"217","scenes":["12","1","8","6","15","2"],"campaignAdType":"Interstitial"},{"campaignID":"167","attribution":0,"priority":"5","appToPromote":{"appToPromoteID":"2348","usesDefaultFrameImage":"0","usesDefaultCloseImage":"0","marketURL":"https:\/\/play.google.com\/store\/apps\/details?id=com.vg.rollercoaster.crazy.tycoon.tour","packageID":"com.vg.rollercoaster.crazy.tycoon.tour"},"showTemplate":1,"s2s_tracking_url":"https:\/\/play.google.com\/store\/apps\/details?id=com.vg.rollercoaster.crazy.tycoon.tour","activeCreativeID":"218","scenes":["12","1","8","6","15","2"],"campaignAdType":"Interstitial"},{"campaignID":"214","attribution":0,"priority":"5","appToPromote":{"appToPromoteID":"2613","usesDefaultFrameImage":"0","usesDefaultCloseImage":"0","marketURL":"https:\/\/play.google.com\/store\/apps\/details?id=com.gss.robot.bike.transport.truck","packageID":"com.gss.robot.bike.transport.truck"},"showTemplate":1,"s2s_tracking_url":"https:\/\/play.google.com\/store\/apps\/details?id=com.gss.robot.bike.transport.truck","activeCreativeID":"295","scenes":["12","1","8","6","15","2"],"campaignAdType":"Interstitial"},{"campaignID":"303","attribution":0,"priority":"5","appToPromote":{"appToPromoteID":"2642","usesDefaultFrameImage":"0","usesDefaultCloseImage":"0","marketURL":"https:\/\/play.google.com\/store\/apps\/details?id=com.tgp.offroad.robot.transport.truck","packageID":"com.tgp.offroad.robot.transport.truck"},"showTemplate":1,"s2s_tracking_url":"https:\/\/play.google.com\/store\/apps\/details?id=com.tgp.offroad.robot.transport.truck","activeCreativeID":"310","scenes":["12","1","8","6","15","2"],"campaignAdType":"Interstitial"},{"campaignID":"370","attribution":0,"priority":"5","appToPromote":{"appToPromoteID":"3065","usesDefaultFrameImage":"0","usesDefaultCloseImage":"0","marketURL":"https:\/\/play.google.com\/store\/apps\/details?id=com.gss.raft.survival.island.escape","packageID":"com.gss.raft.survival.island.escape"},"showTemplate":1,"s2s_tracking_url":"https:\/\/play.google.com\/store\/apps\/details?id=com.gss.raft.survival.island.escape","activeCreativeID":"391","scenes":["12","1","8","6","15","2"],"campaignAdType":"Interstitial"},{"campaignID":"371","attribution":0,"priority":"5","appToPromote":{"appToPromoteID":"3117","usesDefaultFrameImage":"0","usesDefaultCloseImage":"0","marketURL":"https:\/\/play.google.com\/store\/apps\/details?id=com.vg.fast.car.driver.furiousracing","packageID":"com.vg.fast.car.driver.furiousracing"},"showTemplate":1,"s2s_tracking_url":"https:\/\/play.google.com\/store\/apps\/details?id=com.vg.fast.car.driver.furiousracing","activeCreativeID":"392","scenes":["12","1","8","6","15","2"],"campaignAdType":"Interstitial"},{"campaignID":"372","attribution":0,"priority":"5","appToPromote":{"appToPromoteID":"2938","usesDefaultFrameImage":"0","usesDefaultCloseImage":"0","marketURL":"https:\/\/play.google.com\/store\/apps\/details?id=com.tgp.offroad.us.army.transport","packageID":"com.tgp.offroad.us.army.transport"},"showTemplate":1,"s2s_tracking_url":"https:\/\/play.google.com\/store\/apps\/details?id=com.tgp.offroad.us.army.transport","activeCreativeID":"393","scenes":["12","1","8","6","15","2"],"campaignAdType":"Interstitial"},{"campaignID":"396","attribution":0,"priority":"5","appToPromote":{"appToPromoteID":"3019","usesDefaultFrameImage":"0","usesDefaultCloseImage":"0","marketURL":"https:\/\/play.google.com\/store\/apps\/details?id=com.gss.robot.car.transport.truck","packageID":"com.gss.robot.car.transport.truck"},"showTemplate":1,"s2s_tracking_url":"https:\/\/play.google.com\/store\/apps\/details?id=com.gss.robot.car.transport.truck","activeCreativeID":"420","scenes":["12","1","8","6","15","2"],"campaignAdType":"Interstitial"},{"campaignID":"397","attribution":0,"priority":"5","appToPromote":{"appToPromoteID":"3108","usesDefaultFrameImage":"0","usesDefaultCloseImage":"0","marketURL":"https:\/\/play.google.com\/store\/apps\/details?id=com.vg.amazing.city.coachbusdriver","packageID":"com.vg.amazing.city.coachbusdriver"},"showTemplate":1,"s2s_tracking_url":"https:\/\/play.google.com\/store\/apps\/details?id=com.vg.amazing.city.coachbusdriver","activeCreativeID":"417","scenes":["12","1","8","6","15","2"],"campaignAdType":"Interstitial"},{"campaignID":"399","attribution":0,"priority":"5","appToPromote":{"appToPromoteID":"3151","usesDefaultFrameImage":"0","usesDefaultCloseImage":"0","marketURL":"https:\/\/play.google.com\/store\/apps\/details?id=com.tgp.watersurfer.beach.car.driving","packageID":"com.tgp.watersurfer.beach.car.driving"},"showTemplate":1,"s2s_tracking_url":"https:\/\/play.google.com\/store\/apps\/details?id=com.tgp.watersurfer.beach.car.driving","activeCreativeID":"419","scenes":["12","1","8","6","15","2"],"campaignAdType":"Interstitial"},{"campaignID":"416","attribution":0,"priority":"5","appToPromote":{"appToPromoteID":"3226","usesDefaultFrameImage":"0","usesDefaultCloseImage":"0","marketURL":"https:\/\/play.google.com\/store\/apps\/details?id=com.gss.city.rooftop.bikestuntsrider","packageID":"com.gss.city.rooftop.bikestuntsrider"},"showTemplate":1,"s2s_tracking_url":"https:\/\/play.google.com\/store\/apps\/details?id=com.gss.city.rooftop.bikestuntsrider","activeCreativeID":"453","scenes":["12","1","8","6","15","2"],"campaignAdType":"Interstitial"},{"campaignID":"418","attribution":0,"priority":"5","appToPromote":{"appToPromoteID":"3152","usesDefaultFrameImage":"0","usesDefaultCloseImage":"0","marketURL":"https:\/\/play.google.com\/store\/apps\/details?id=com.tgp.city.rooftop.bicycle.stunts.rider","packageID":"com.tgp.city.rooftop.bicycle.stunts.rider"},"showTemplate":1,"s2s_tracking_url":"https:\/\/play.google.com\/store\/apps\/details?id=com.tgp.city.rooftop.bicycle.stunts.rider","activeCreativeID":"455","scenes":["12","1","8","6","15","2"],"campaignAdType":"Interstitial"},{"campaignID":"438","attribution":0,"priority":"5","appToPromote":{"appToPromoteID":"3281","usesDefaultFrameImage":"0","usesDefaultCloseImage":"0","marketURL":"https:\/\/play.google.com\/store\/apps\/details?id=com.vg.police.car.robot.superhero","packageID":"com.vg.police.car.robot.superhero"},"showTemplate":1,"s2s_tracking_url":"https:\/\/play.google.com\/store\/apps\/details?id=com.vg.police.car.robot.superhero","activeCreativeID":"479","scenes":["12","1","8","6","15","2"],"campaignAdType":"Interstitial"},{"campaignID":"446","attribution":0,"priority":"5","appToPromote":{"appToPromoteID":"3390","usesDefaultFrameImage":"0","usesDefaultCloseImage":"0","marketURL":"https:\/\/play.google.com\/store\/apps\/details?id=com.gss.flying.spider.superhero.survival","packageID":"com.gss.flying.spider.superhero.survival"},"showTemplate":1,"s2s_tracking_url":"https:\/\/play.google.com\/store\/apps\/details?id=com.gss.flying.spider.superhero.survival","activeCreativeID":"488","scenes":["12","1","8","6","15","2"],"campaignAdType":"Interstitial"},{"campaignID":"447","attribution":0,"priority":"5","appToPromote":{"appToPromoteID":"3383","usesDefaultFrameImage":"0","usesDefaultCloseImage":"0","marketURL":"https:\/\/play.google.com\/store\/apps\/details?id=com.vg.us.armytransport.truck.simulator","packageID":"com.vg.us.armytransport.truck.simulator"},"showTemplate":1,"s2s_tracking_url":"https:\/\/play.google.com\/store\/apps\/details?id=com.vg.us.armytransport.truck.simulator","activeCreativeID":"490","scenes":["12","1","8","6","15","2"],"campaignAdType":"Interstitial"},{"campaignID":"448","attribution":0,"priority":"5","appToPromote":{"appToPromoteID":"3283","usesDefaultFrameImage":"0","usesDefaultCloseImage":"0","marketURL":"https:\/\/play.google.com\/store\/apps\/details?id=com.tgp.water.stunts.jetskiracing","packageID":"com.tgp.water.stunts.jetskiracing"},"showTemplate":1,"s2s_tracking_url":"https:\/\/play.google.com\/store\/apps\/details?id=com.tgp.water.stunts.jetskiracing","activeCreativeID":"487","scenes":["12","1","8","6","15","2"],"campaignAdType":"Interstitial"}],"refreshAdRate":30,"mode":"Production","aspectRatio":"4_3","cdnPath":"https:\/\/df8ymybeo92md.cloudfront.net\/images\/","sentry_log":0,"local_logging":0,"sentry_dsn":"https:\/\/93ffa1c9a4124f67b8888a53265f751a:bbf998e04584477fa9a145838e9d3b26@sentry.io\/168994","sentry_initialization":1,"sentry_debugging":0,"bannerSizes":["5"],"aspectRatioVideo":"16_9","app_id":"2521","showPreRewardedDialogue":0,"showPostRewardedDialogue":0,"rewardCurrency":"coins","rewardValue":0,"isSkipable":0,"privacyPolicyURL":"https:\/\/www.consoliads.com\/privacy-policy\/","sessionToken":"6UThVZ8E9bGYsxM3pO5YDt01gauXT84ZDX75nS4OPbnnz2qv+6tb9udgWpOTZV0rpAhElr+IxDkvAWJ\/2Rrw1krVmu7g02A6OD5oQbUabSUTYJCelfrAguqz\/iH9eFcXxpYqSyOdJL0oPKChFqmt5yRZgP2PBlLatm1blhXx+wc="}
Session token value is set


{"appKey":"9bfb78f6a7b11d99e8e05f5d9ad5562d","deviceID":"1574","stats":[{"campaignID":201,"packageID":"com.whitesand.pit.stop.car.mechanic","sceneStats":[{"sceneID":"4","eventStats":"316,216,116,16,16,0,0"}]}],"sdkVersion":"2286","sessionToken":"6UThVZ8E9bGYsxM3pO5YDt01gauXT84ZDX75nS4OPbnnz2qv+6tb9udgWpOTZV0rpAhElr+IxDkvAWJ\/2Rrw1krVmu7g02A6OD5oQbUabSUTYJCelfrAguqz\/iH9eFcXxpYqSyOdJL0oPKChFqmt5yRZgP2PBlLatm1blhXx+wc="}
cache_ttl value is correct

Refresh Ad Rate value is correct
mode value is set

 Aspect ratio value is correct
sentry_log value is set
local_logging value is set
sentry_initialization value is set
sentry_debugging value is set
showPreRewardedDialogue value is set
showPostRewardedDialogue value is set
isSkipable value is set
{"cache_ttl":10080,"cache_ttl_rewarded":10080,"cache_ttl_banner":10080,"cache_ttl_native":10080,"cache_ttl_icon":10080,"campaigns":[{"campaignID":"9017","attribution":0,"priority":"5","appToPromote":{"appToPromoteID":"12567","usesDefaultFrameImage":"0","usesDefaultCloseImage":"0","marketURL":"https:\/\/play.google.com\/store\/apps\/details?id=com.deg.desert.car.destruction.derby.crash.stunts.racing","packageID":"com.deg.desert.car.destruction.derby.crash.stunts.racing"},"showTemplate":1,"s2s_tracking_url":"https:\/\/play.google.com\/store\/apps\/details?id=com.deg.desert.car.destruction.derby.crash.stunts.racing","activeCreativeID":"4381","scenes":["27","1","2","3","4","5","6","7","8","9","10","11","12","13","14","15","21","24"],"campaignAdType":"Icon"},{"campaignID":"9376","attribution":2,"priority":"5","appToPromote":{"appToPromoteID":"13421","usesDefaultFrameImage":"0","usesDefaultCloseImage":"0","marketURL":"http:\/\/www.google.com","packageID":"com.appricot2d.testt"},"showTemplate":1,"s2s_tracking_url":"http:\/\/www.google.com","activeCreativeID":"4680","scenes":["27","1","2","3","4","5","6","7","8","9","10","11","12","13","14","15","21","24"],"campaignAdType":"Interstitial"},{"campaignID":"9385","attribution":0,"priority":"5","appToPromote":{"appToPromoteID":"9497","usesDefaultFrameImage":"0","usesDefaultCloseImage":"0","marketURL":"https:\/\/play.google.com\/store\/apps\/details?id=com.appricot2d.barber.shop.hair.salon.hair.cutting.games","packageID":"com.appricot2d.barber.shop.hair.salon.hair.cutting.games"},"showTemplate":1,"s2s_tracking_url":"https:\/\/play.google.com\/store\/apps\/details?id=com.appricot2d.barber.shop.hair.salon.hair.cutting.games","activeCreativeID":"4572","scenes":["27","1","2","3","4","5","6","7","8","9","10","11","12","13","14","15","21","24"],"campaignAdType":"Interstitial"},{"campaignID":"116","attribution":0,"priority":"5","appToPromote":{"appToPromoteID":"1999","usesDefaultFrameImage":"0","usesDefaultCloseImage":"0","marketURL":"https:\/\/play.google.com\/store\/apps\/details?id=com.whitesand.military.academy","packageID":"com.whitesand.military.academy"},"showTemplate":1,"s2s_tracking_url":"https:\/\/play.google.com\/store\/apps\/details?id=com.whitesand.military.academy","activeCreativeID":"141","scenes":["27","1","2","3","4","5","6","7","8","9","10","11","12","13","14","15","21","24"],"campaignAdType":"Interstitial"},{"campaignID":"120","attribution":0,"priority":"5","appToPromote":{"appToPromoteID":"1997","usesDefaultFrameImage":"0","usesDefaultCloseImage":"0","marketURL":"https:\/\/play.google.com\/store\/apps\/details?id=com.appricot2d.anna.coloring.book","packageID":"com.appricot2d.anna.coloring.book"},"showTemplate":1,"s2s_tracking_url":"https:\/\/play.google.com\/store\/apps\/details?id=com.appricot2d.anna.coloring.book","activeCreativeID":"152","scenes":["27","1","2","3","4","5","6","7","8","9","10","11","12","13","14","15","21","24"],"campaignAdType":"Interstitial"},{"campaignID":"124","attribution":0,"priority":"5","appToPromote":{"appToPromoteID":"2058","usesDefaultFrameImage":"0","usesDefaultCloseImage":"0","marketURL":"https:\/\/play.google.com\/store\/apps\/details?id=com.appricot2d.mannequin.challenge","packageID":"com.appricot2d.mannequin.challenge"},"showTemplate":1,"s2s_tracking_url":"https:\/\/play.google.com\/store\/apps\/details?id=com.appricot2d.mannequin.challenge","activeCreativeID":"161","scenes":["27","1","2","3","4","5","6","7","8","9","10","11","12","13","14","15","21","24"],"campaignAdType":"Interstitial"},{"campaignID":"140","attribution":0,"priority":"5","appToPromote":{"appToPromoteID":"2116","usesDefaultFrameImage":"0","usesDefaultCloseImage":"0","marketURL":"https:\/\/play.google.com\/store\/apps\/details?id=com.appricot2d.vending.machine","packageID":"com.appricot2d.vending.machine"},"showTemplate":1,"s2s_tracking_url":"https:\/\/play.google.com\/store\/apps\/details?id=com.appricot2d.vending.machine","activeCreativeID":"180","scenes":["27","1","2","3","4","5","6","7","8","9","10","11","12","13","14","15","21","24"],"campaignAdType":"Interstitial"},{"campaignID":"188","attribution":0,"priority":"5","appToPromote":{"appToPromoteID":"2435","usesDefaultFrameImage":"0","usesDefaultCloseImage":"0","marketURL":"https:\/\/play.google.com\/store\/apps\/details?id=com.whitesand.f1.car.stunt.simulator","packageID":"com.whitesand.f1.car.stunt.simulator"},"showTemplate":2,"s2s_tracking_url":"https:\/\/play.google.com\/store\/apps\/details?id=com.whitesand.f1.car.stunt.simulator","activeCreativeID":"239","scenes":["27","1","2","3","4","5","6","7","8","9","10","11","12","13","14","15","21","24"],"campaignAdType":"Interstitial"},{"campaignID":"305","attribution":0,"priority":"5","appToPromote":{"appToPromoteID":"2667","usesDefaultFrameImage":"0","usesDefaultCloseImage":"0","marketURL":"https:\/\/play.google.com\/store\/apps\/details?id=com.whitesand.smart.bike.parking.crane.simulator","packageID":"com.whitesand.smart.bike.parking.crane.simulator"},"showTemplate":2,"s2s_tracking_url":"https:\/\/play.google.com\/store\/apps\/details?id=com.whitesand.smart.bike.parking.crane.simulator","activeCreativeID":"303","scenes":["27","1","2","3","4","5","6","7","8","9","10","11","12","13","14","15","21","24"],"campaignAdType":"Interstitial"},{"campaignID":"320","attribution":0,"priority":"5","appToPromote":{"appToPromoteID":"2736","usesDefaultFrameImage":"0","usesDefaultCloseImage":"0","marketURL":"https:\/\/play.google.com\/store\/apps\/details?id=com.whitesand.road.builder.mechanic.garage","packageID":"com.whitesand.road.builder.mechanic.garage"},"showTemplate":2,"s2s_tracking_url":"https:\/\/play.google.com\/store\/apps\/details?id=com.whitesand.road.builder.mechanic.garage","activeCreativeID":"313","scenes":["27","1","2","3","4","5","6","7","8","9","10","11","12","13","14","15","21","24"],"campaignAdType":"Interstitial"},{"campaignID":"327","attribution":0,"priority":"5","appToPromote":{"appToPromoteID":"2734","usesDefaultFrameImage":"0","usesDefaultCloseImage":"0","marketURL":"https:\/\/play.google.com\/store\/apps\/details?id=com.whitesand.offroad.bicycle","packageID":"com.whitesand.offroad.bicycle"},"showTemplate":2,"s2s_tracking_url":"https:\/\/play.google.com\/store\/apps\/details?id=com.whitesand.offroad.bicycle","activeCreativeID":"326","scenes":["27","1","2","3","4","5","6","7","8","9","10","11","12","13","14","15","21","24"],"campaignAdType":"Interstitial"},{"campaignID":"365","attribution":0,"priority":"5","appToPromote":{"appToPromoteID":"3006","usesDefaultFrameImage":"0","usesDefaultCloseImage":"0","marketURL":"https:\/\/play.google.com\/store\/apps\/details?id=com.whitesand.helicopter.mechanic.simulator","packageID":"com.whitesand.helicopter.mechanic.simulator"},"showTemplate":2,"s2s_tracking_url":"https:\/\/play.google.com\/store\/apps\/details?id=com.whitesand.helicopter.mechanic.simulator","activeCreativeID":"368","scenes":["27","1","2","3","4","5","6","7","8","9","10","11","12","13","14","15","21","24"],"campaignAdType":"Interstitial"},{"campaignID":"368","attribution":0,"priority":"5","appToPromote":{"appToPromoteID":"3023","usesDefaultFrameImage":"0","usesDefaultCloseImage":"0","marketURL":"https:\/\/play.google.com\/store\/apps\/details?id=com.appricot2d.rolo.pet.parrot","packageID":"com.appricot2d.rolo.pet.parrot"},"showTemplate":2,"s2s_tracking_url":"https:\/\/play.google.com\/store\/apps\/details?id=com.appricot2d.rolo.pet.parrot","activeCreativeID":"384","scenes":["27","1","2","3","4","5","6","7","8","9","10","11","12","13","14","15","21","24"],"campaignAdType":"Interstitial"},{"campaignID":"383","attribution":0,"priority":"5","appToPromote":{"appToPromoteID":"3111","usesDefaultFrameImage":"0","usesDefaultCloseImage":"0","marketURL":"https:\/\/play.google.com\/store\/apps\/details?id=com.whitesand.destruction.derby.tank.rumble","packageID":"com.whitesand.destruction.derby.tank.rumble"},"showTemplate":1,"s2s_tracking_url":"https:\/\/play.google.com\/store\/apps\/details?id=com.whitesand.destruction.derby.tank.rumble","activeCreativeID":"386","scenes":["27","1","2","3","4","5","6","7","8","9","10","11","12","13","14","15","21","24"],"campaignAdType":"Interstitial"},{"campaignID":"413","attribution":0,"priority":"5","appToPromote":{"appToPromoteID":"3140","usesDefaultFrameImage":"0","usesDefaultCloseImage":"0","marketURL":"https:\/\/play.google.com\/store\/apps\/details?id=com.whitesand.robot.transform","packageID":"com.whitesand.robot.transform"},"showTemplate":2,"s2s_tracking_url":"https:\/\/play.google.com\/store\/apps\/details?id=com.whitesand.robot.transform","activeCreativeID":"451","scenes":["27","1","2","3","4","5","6","7","8","9","10","11","12","13","14","15","21","24"],"campaignAdType":"Interstitial"},{"campaignID":"420","attribution":0,"priority":"5","appToPromote":{"appToPromoteID":"3234","usesDefaultFrameImage":"0","usesDefaultCloseImage":"0","marketURL":"https:\/\/play.google.com\/store\/apps\/details?id=com.whitesand.bumper.cars.demolition","packageID":"com.whitesand.bumper.cars.demolition"},"showTemplate":1,"s2s_tracking_url":"https:\/\/play.google.com\/store\/apps\/details?id=com.whitesand.bumper.cars.demolition","activeCreativeID":"457","scenes":["27","1","2","3","4","5","6","7","8","9","10","11","12","13","14","15","21","24"],"campaignAdType":"Interstitial"},{"campaignID":"1849","attribution":0,"priority":"5","appToPromote":{"appToPromoteID":"9587","usesDefaultFrameImage":"0","usesDefaultCloseImage":"0","marketURL":"https:\/\/play.google.com\/store\/apps\/details?id=com.whitesand.us.police.transform.robot.car.flying.horse.simulator.game","packageID":"com.whitesand.us.police.transform.robot.car.flying.horse.simulator.game"},"showTemplate":1,"s2s_tracking_url":"https:\/\/play.google.com\/store\/apps\/details?id=com.whitesand.us.police.transform.robot.car.flying.horse.simulator.game","activeCreativeID":"1176","scenes":["27","1","2","3","4","5","6","7","8","9","10","11","12","13","14","15","21","24"],"campaignAdType":"Video"},{"campaignID":"1853","attribution":0,"priority":"5","appToPromote":{"appToPromoteID":"9919","usesDefaultFrameImage":"0","usesDefaultCloseImage":"0","marketURL":"https:\/\/play.google.com\/store\/apps\/details?id=com.whitesand.us.police.robot.horse.transport.simulator.game","packageID":"com.whitesand.us.police.robot.horse.transport.simulator.game"},"showTemplate":1,"s2s_tracking_url":"https:\/\/play.google.com\/store\/apps\/details?id=com.whitesand.us.police.robot.horse.transport.simulator.game","activeCreativeID":"1158","scenes":["27","1","2","3","4","5","6","7","8","9","10","11","12","13","14","15","21","24"],"campaignAdType":"Video"},{"campaignID":"1954","attribution":0,"priority":"5","appToPromote":{"appToPromoteID":"10075","usesDefaultFrameImage":"0","usesDefaultCloseImage":"0","marketURL":"https:\/\/play.google.com\/store\/apps\/details?id=com.whitesand.us.police.limo.car.robot.transformation.game","packageID":"com.whitesand.us.police.limo.car.robot.transformation.game"},"showTemplate":1,"s2s_tracking_url":"https:\/\/play.google.com\/store\/apps\/details?id=com.whitesand.us.police.limo.car.robot.transformation.game","activeCreativeID":"1196","scenes":["27","1","2","3","4","5","6","7","8","9","10","11","12","13","14","15","21","24"],"campaignAdType":"Video"},{"campaignID":"3360","attribution":0,"priority":"5","appToPromote":{"appToPromoteID":"8263","usesDefaultFrameImage":"0","usesDefaultCloseImage":"0","marketURL":"https:\/\/play.google.com\/store\/apps\/details?id=com.whitesand.captain.hero.moto.robot.transform.dino.a","packageID":"com.whitesand.captain.hero.moto.robot.transform.dino.attack"},"showTemplate":1,"s2s_tracking_url":"https:\/\/play.google.com\/store\/apps\/details?id=com.whitesand.captain.hero.moto.robot.transform.dino.a","activeCreativeID":"1213","scenes":["27","1","2","3","4","5","6","7","8","9","10","11","12","13","14","15","21","24"],"campaignAdType":"Video"},{"campaignID":"6388","attribution":0,"priority":"5","appToPromote":{"appToPromoteID":"12420","usesDefaultFrameImage":"0","usesDefaultCloseImage":"0","marketURL":"https:\/\/play.google.com\/store\/apps\/details?id=com.appricot2d.noodle.maker.cooking.game","packageID":"com.appricot2d.noodle.maker.cooking.game"},"showTemplate":1,"s2s_tracking_url":"https:\/\/play.google.com\/store\/apps\/details?id=com.appricot2d.noodle.maker.cooking.game","activeCreativeID":"1537","scenes":["5","4"],"campaignAdType":"Interstitial"},{"campaignID":"6621","attribution":0,"priority":"5","appToPromote":{"appToPromoteID":"12980","usesDefaultFrameImage":"0","usesDefaultCloseImage":"0","marketURL":"https:\/\/play.google.com\/store\/apps\/details?id=com.sx.cooking.cafe.restaurant","packageID":"com.sx.cooking.cafe.restaurant"},"showTemplate":1,"s2s_tracking_url":"https:\/\/play.google.com\/store\/apps\/details?id=com.sx.cooking.cafe.restaurant","activeCreativeID":"1702","scenes":["27","1","2","3","4","5","6","7","8","9","10","11","12","13","14","15","21","24"],"campaignAdType":"Interstitial"},{"campaignID":"7297","attribution":0,"priority":"5","appToPromote":{"appToPromoteID":"11734","usesDefaultFrameImage":"0","usesDefaultCloseImage":"0","marketURL":"https:\/\/play.google.com\/store\/apps\/details?id=com.appricot2d.cooking.restaurent.food.chef.kitchen.game","packageID":"com.appricot2d.cooking.restaurent.food.chef.kitchen.game"},"showTemplate":1,"s2s_tracking_url":"https:\/\/play.google.com\/store\/apps\/details?id=com.appricot2d.cooking.restaurent.food.chef.kitchen.game","activeCreativeID":"2436","scenes":["27","1","2","3","4","5","6","7","8","9","10","11","12","13","14","15","21","24"],"campaignAdType":"Interstitial"},{"campaignID":"7298","attribution":0,"priority":"5","appToPromote":{"appToPromoteID":"11734","usesDefaultFrameImage":"0","usesDefaultCloseImage":"0","marketURL":"https:\/\/play.google.com\/store\/apps\/details?id=com.appricot2d.cooking.restaurent.food.chef.kitchen.game","packageID":"com.appricot2d.cooking.restaurent.food.chef.kitchen.game"},"showTemplate":1,"s2s_tracking_url":"https:\/\/play.google.com\/store\/apps\/details?id=com.appricot2d.cooking.restaurent.food.chef.kitchen.game","activeCreativeID":"2437","scenes":["27","1","2","3","4","5","6","7","8","9","10","11","12","13","14","15","21","24"],"campaignAdType":"Icon"},{"campaignID":"8691","attribution":0,"priority":"5","appToPromote":{"appToPromoteID":"16801","usesDefaultFrameImage":"0","usesDefaultCloseImage":"0","marketURL":"https:\/\/play.google.com\/store\/apps\/details?id=com.yhi.robot.flying.bike.taxi.simulator.games","packageID":"com.yhi.robot.flying.bike.taxi.simulator.games"},"showTemplate":1,"s2s_tracking_url":"https:\/\/play.google.com\/store\/apps\/details?id=com.yhi.robot.flying.bike.taxi.simulator.games","activeCreativeID":"4051","scenes":["1"],"campaignAdType":"Icon"}],"refreshAdRate":0,"mode":"Production","aspectRatio":"4_3","cdnPath":"https:\/\/df8ymybeo92md.cloudfront.net\/images\/","sentry_log":0,"local_logging":0,"sentry_dsn":"https:\/\/93ffa1c9a4124f67b8888a53265f751a:bbf998e04584477fa9a145838e9d3b26@sentry.io\/168994","sentry_initialization":1,"sentry_debugging":0,"bannerSizes":["1"],"aspectRatioVideo":"16_9","app_id":"2504","showPreRewardedDialogue":0,"showPostRewardedDialogue":0,"rewardCurrency":"coins","rewardValue":0,"isSkipable":0,"privacyPolicyURL":"https:\/\/www.consoliads.com\/privacy-policy\/","sessionToken":"JMNbRERe6AXdAPFXeUBaaTtlNDVckIyUbOEdT7KQ93EvHsoOxYH+uxZ5KWT9wVAsE0C7\/Nqt0BitqbsTQWsjeg7GkWj91urBg4LIa2eKO\/BnB01pkYMBr1mF3YTACqW6L0SsbZur\/ORBO09inHjPLbRGGeJRfX\/5HdTfeKJPFow="}
Session token value is set


{"appKey":"9bfb78f6a7b11d99e8e05f5d9ad5562d","deviceID":"3320","stats":[{"campaignID":204,"packageID":"com.whitesand.pit.stop.car.mechanic","sceneStats":[{"sceneID":"9","eventStats":"333,233,133,33,33,0,0"}]}],"sdkVersion":"2286","sessionToken":"JMNbRERe6AXdAPFXeUBaaTtlNDVckIyUbOEdT7KQ93EvHsoOxYH+uxZ5KWT9wVAsE0C7\/Nqt0BitqbsTQWsjeg7GkWj91urBg4LIa2eKO\/BnB01pkYMBr1mF3YTACqW6L0SsbZur\/ORBO09inHjPLbRGGeJRfX\/5HdTfeKJPFow="}
cache_ttl value is correct

Refresh Ad Rate value is correct
mode value is set

 Aspect ratio value is correct
sentry_log value is set
local_logging value is set
sentry_initialization value is set
sentry_debugging value is set
showPreRewardedDialogue value is set
showPostRewardedDialogue value is set
isSkipable value is set
{"cache_ttl":10080,"cache_ttl_rewarded":10080,"cache_ttl_banner":10080,"cache_ttl_native":10080,"cache_ttl_icon":10080,"campaigns":[{"campaignID":"9017","attribution":0,"priority":"5","appToPromote":{"appToPromoteID":"12567","usesDefaultFrameImage":"0","usesDefaultCloseImage":"0","marketURL":"https:\/\/play.google.com\/store\/apps\/details?id=com.deg.desert.car.destruction.derby.crash.stunts.racing","packageID":"com.deg.desert.car.destruction.derby.crash.stunts.racing"},"showTemplate":1,"s2s_tracking_url":"https:\/\/play.google.com\/store\/apps\/details?id=com.deg.desert.car.destruction.derby.crash.stunts.racing","activeCreativeID":"4381","scenes":["27","1","2","3","4","5","6","7","8","9","10","11","12","13","14","15","21","24"],"campaignAdType":"Icon"},{"campaignID":"9376","attribution":2,"priority":"5","appToPromote":{"appToPromoteID":"13421","usesDefaultFrameImage":"0","usesDefaultCloseImage":"0","marketURL":"http:\/\/www.google.com","packageID":"com.appricot2d.testt"},"showTemplate":1,"s2s_tracking_url":"http:\/\/www.google.com","activeCreativeID":"4680","scenes":["27","1","2","3","4","5","6","7","8","9","10","11","12","13","14","15","21","24"],"campaignAdType":"Interstitial"},{"campaignID":"9385","attribution":0,"priority":"5","appToPromote":{"appToPromoteID":"9497","usesDefaultFrameImage":"0","usesDefaultCloseImage":"0","marketURL":"https:\/\/play.google.com\/store\/apps\/details?id=com.appricot2d.barber.shop.hair.salon.hair.cutting.games","packageID":"com.appricot2d.barber.shop.hair.salon.hair.cutting.games"},"showTemplate":1,"s2s_tracking_url":"https:\/\/play.google.com\/store\/apps\/details?id=com.appricot2d.barber.shop.hair.salon.hair.cutting.games","activeCreativeID":"4572","scenes":["27","1","2","3","4","5","6","7","8","9","10","11","12","13","14","15","21","24"],"campaignAdType":"Interstitial"},{"campaignID":"116","attribution":0,"priority":"5","appToPromote":{"appToPromoteID":"1999","usesDefaultFrameImage":"0","usesDefaultCloseImage":"0","marketURL":"https:\/\/play.google.com\/store\/apps\/details?id=com.whitesand.military.academy","packageID":"com.whitesand.military.academy"},"showTemplate":1,"s2s_tracking_url":"https:\/\/play.google.com\/store\/apps\/details?id=com.whitesand.military.academy","activeCreativeID":"141","scenes":["27","1","2","3","4","5","6","7","8","9","10","11","12","13","14","15","21","24"],"campaignAdType":"Interstitial"},{"campaignID":"120","attribution":0,"priority":"5","appToPromote":{"appToPromoteID":"1997","usesDefaultFrameImage":"0","usesDefaultCloseImage":"0","marketURL":"https:\/\/play.google.com\/store\/apps\/details?id=com.appricot2d.anna.coloring.book","packageID":"com.appricot2d.anna.coloring.book"},"showTemplate":1,"s2s_tracking_url":"https:\/\/play.google.com\/store\/apps\/details?id=com.appricot2d.anna.coloring.book","activeCreativeID":"152","scenes":["27","1","2","3","4","5","6","7","8","9","10","11","12","13","14","15","21","24"],"campaignAdType":"Interstitial"},{"campaignID":"124","attribution":0,"priority":"5","appToPromote":{"appToPromoteID":"2058","usesDefaultFrameImage":"0","usesDefaultCloseImage":"0","marketURL":"https:\/\/play.google.com\/store\/apps\/details?id=com.appricot2d.mannequin.challenge","packageID":"com.appricot2d.mannequin.challenge"},"showTemplate":1,"s2s_tracking_url":"https:\/\/play.google.com\/store\/apps\/details?id=com.appricot2d.mannequin.challenge","activeCreativeID":"161","scenes":["27","1","2","3","4","5","6","7","8","9","10","11","12","13","14","15","21","24"],"campaignAdType":"Interstitial"},{"campaignID":"140","attribution":0,"priority":"5","appToPromote":{"appToPromoteID":"2116","usesDefaultFrameImage":"0","usesDefaultCloseImage":"0","marketURL":"https:\/\/play.google.com\/store\/apps\/details?id=com.appricot2d.vending.machine","packageID":"com.appricot2d.vending.machine"},"showTemplate":1,"s2s_tracking_url":"https:\/\/play.google.com\/store\/apps\/details?id=com.appricot2d.vending.machine","activeCreativeID":"180","scenes":["27","1","2","3","4","5","6","7","8","9","10","11","12","13","14","15","21","24"],"campaignAdType":"Interstitial"},{"campaignID":"188","attribution":0,"priority":"5","appToPromote":{"appToPromoteID":"2435","usesDefaultFrameImage":"0","usesDefaultCloseImage":"0","marketURL":"https:\/\/play.google.com\/store\/apps\/details?id=com.whitesand.f1.car.stunt.simulator","packageID":"com.whitesand.f1.car.stunt.simulator"},"showTemplate":2,"s2s_tracking_url":"https:\/\/play.google.com\/store\/apps\/details?id=com.whitesand.f1.car.stunt.simulator","activeCreativeID":"239","scenes":["27","1","2","3","4","5","6","7","8","9","10","11","12","13","14","15","21","24"],"campaignAdType":"Interstitial"},{"campaignID":"305","attribution":0,"priority":"5","appToPromote":{"appToPromoteID":"2667","usesDefaultFrameImage":"0","usesDefaultCloseImage":"0","marketURL":"https:\/\/play.google.com\/store\/apps\/details?id=com.whitesand.smart.bike.parking.crane.simulator","packageID":"com.whitesand.smart.bike.parking.crane.simulator"},"showTemplate":2,"s2s_tracking_url":"https:\/\/play.google.com\/store\/apps\/details?id=com.whitesand.smart.bike.parking.crane.simulator","activeCreativeID":"303","scenes":["27","1","2","3","4","5","6","7","8","9","10","11","12","13","14","15","21","24"],"campaignAdType":"Interstitial"},{"campaignID":"320","attribution":0,"priority":"5","appToPromote":{"appToPromoteID":"2736","usesDefaultFrameImage":"0","usesDefaultCloseImage":"0","marketURL":"https:\/\/play.google.com\/store\/apps\/details?id=com.whitesand.road.builder.mechanic.garage","packageID":"com.whitesand.road.builder.mechanic.garage"},"showTemplate":2,"s2s_tracking_url":"https:\/\/play.google.com\/store\/apps\/details?id=com.whitesand.road.builder.mechanic.garage","activeCreativeID":"313","scenes":["27","1","2","3","4","5","6","7","8","9","10","11","12","13","14","15","21","24"],"campaignAdType":"Interstitial"},{"campaignID":"327","attribution":0,"priority":"5","appToPromote":{"appToPromoteID":"2734","usesDefaultFrameImage":"0","usesDefaultCloseImage":"0","marketURL":"https:\/\/play.google.com\/store\/apps\/details?id=com.whitesand.offroad.bicycle","packageID":"com.whitesand.offroad.bicycle"},"showTemplate":2,"s2s_tracking_url":"https:\/\/play.google.com\/store\/apps\/details?id=com.whitesand.offroad.bicycle","activeCreativeID":"326","scenes":["27","1","2","3","4","5","6","7","8","9","10","11","12","13","14","15","21","24"],"campaignAdType":"Interstitial"},{"campaignID":"365","attribution":0,"priority":"5","appToPromote":{"appToPromoteID":"3006","usesDefaultFrameImage":"0","usesDefaultCloseImage":"0","marketURL":"https:\/\/play.google.com\/store\/apps\/details?id=com.whitesand.helicopter.mechanic.simulator","packageID":"com.whitesand.helicopter.mechanic.simulator"},"showTemplate":2,"s2s_tracking_url":"https:\/\/play.google.com\/store\/apps\/details?id=com.whitesand.helicopter.mechanic.simulator","activeCreativeID":"368","scenes":["27","1","2","3","4","5","6","7","8","9","10","11","12","13","14","15","21","24"],"campaignAdType":"Interstitial"},{"campaignID":"368","attribution":0,"priority":"5","appToPromote":{"appToPromoteID":"3023","usesDefaultFrameImage":"0","usesDefaultCloseImage":"0","marketURL":"https:\/\/play.google.com\/store\/apps\/details?id=com.appricot2d.rolo.pet.parrot","packageID":"com.appricot2d.rolo.pet.parrot"},"showTemplate":2,"s2s_tracking_url":"https:\/\/play.google.com\/store\/apps\/details?id=com.appricot2d.rolo.pet.parrot","activeCreativeID":"384","scenes":["27","1","2","3","4","5","6","7","8","9","10","11","12","13","14","15","21","24"],"campaignAdType":"Interstitial"},{"campaignID":"383","attribution":0,"priority":"5","appToPromote":{"appToPromoteID":"3111","usesDefaultFrameImage":"0","usesDefaultCloseImage":"0","marketURL":"https:\/\/play.google.com\/store\/apps\/details?id=com.whitesand.destruction.derby.tank.rumble","packageID":"com.whitesand.destruction.derby.tank.rumble"},"showTemplate":1,"s2s_tracking_url":"https:\/\/play.google.com\/store\/apps\/details?id=com.whitesand.destruction.derby.tank.rumble","activeCreativeID":"386","scenes":["27","1","2","3","4","5","6","7","8","9","10","11","12","13","14","15","21","24"],"campaignAdType":"Interstitial"},{"campaignID":"413","attribution":0,"priority":"5","appToPromote":{"appToPromoteID":"3140","usesDefaultFrameImage":"0","usesDefaultCloseImage":"0","marketURL":"https:\/\/play.google.com\/store\/apps\/details?id=com.whitesand.robot.transform","packageID":"com.whitesand.robot.transform"},"showTemplate":2,"s2s_tracking_url":"https:\/\/play.google.com\/store\/apps\/details?id=com.whitesand.robot.transform","activeCreativeID":"451","scenes":["27","1","2","3","4","5","6","7","8","9","10","11","12","13","14","15","21","24"],"campaignAdType":"Interstitial"},{"campaignID":"420","attribution":0,"priority":"5","appToPromote":{"appToPromoteID":"3234","usesDefaultFrameImage":"0","usesDefaultCloseImage":"0","marketURL":"https:\/\/play.google.com\/store\/apps\/details?id=com.whitesand.bumper.cars.demolition","packageID":"com.whitesand.bumper.cars.demolition"},"showTemplate":1,"s2s_tracking_url":"https:\/\/play.google.com\/store\/apps\/details?id=com.whitesand.bumper.cars.demolition","activeCreativeID":"457","scenes":["27","1","2","3","4","5","6","7","8","9","10","11","12","13","14","15","21","24"],"campaignAdType":"Interstitial"},{"campaignID":"1849","attribution":0,"priority":"5","appToPromote":{"appToPromoteID":"9587","usesDefaultFrameImage":"0","usesDefaultCloseImage":"0","marketURL":"https:\/\/play.google.com\/store\/apps\/details?id=com.whitesand.us.police.transform.robot.car.flying.horse.simulator.game","packageID":"com.whitesand.us.police.transform.robot.car.flying.horse.simulator.game"},"showTemplate":1,"s2s_tracking_url":"https:\/\/play.google.com\/store\/apps\/details?id=com.whitesand.us.police.transform.robot.car.flying.horse.simulator.game","activeCreativeID":"1176","scenes":["27","1","2","3","4","5","6","7","8","9","10","11","12","13","14","15","21","24"],"campaignAdType":"Video"},{"campaignID":"1853","attribution":0,"priority":"5","appToPromote":{"appToPromoteID":"9919","usesDefaultFrameImage":"0","usesDefaultCloseImage":"0","marketURL":"https:\/\/play.google.com\/store\/apps\/details?id=com.whitesand.us.police.robot.horse.transport.simulator.game","packageID":"com.whitesand.us.police.robot.horse.transport.simulator.game"},"showTemplate":1,"s2s_tracking_url":"https:\/\/play.google.com\/store\/apps\/details?id=com.whitesand.us.police.robot.horse.transport.simulator.game","activeCreativeID":"1158","scenes":["27","1","2","3","4","5","6","7","8","9","10","11","12","13","14","15","21","24"],"campaignAdType":"Video"},{"campaignID":"1954","attribution":0,"priority":"5","appToPromote":{"appToPromoteID":"10075","usesDefaultFrameImage":"0","usesDefaultCloseImage":"0","marketURL":"https:\/\/play.google.com\/store\/apps\/details?id=com.whitesand.us.police.limo.car.robot.transformation.game","packageID":"com.whitesand.us.police.limo.car.robot.transformation.game"},"showTemplate":1,"s2s_tracking_url":"https:\/\/play.google.com\/store\/apps\/details?id=com.whitesand.us.police.limo.car.robot.transformation.game","activeCreativeID":"1196","scenes":["27","1","2","3","4","5","6","7","8","9","10","11","12","13","14","15","21","24"],"campaignAdType":"Video"},{"campaignID":"3360","attribution":0,"priority":"5","appToPromote":{"appToPromoteID":"8263","usesDefaultFrameImage":"0","usesDefaultCloseImage":"0","marketURL":"https:\/\/play.google.com\/store\/apps\/details?id=com.whitesand.captain.hero.moto.robot.transform.dino.a","packageID":"com.whitesand.captain.hero.moto.robot.transform.dino.attack"},"showTemplate":1,"s2s_tracking_url":"https:\/\/play.google.com\/store\/apps\/details?id=com.whitesand.captain.hero.moto.robot.transform.dino.a","activeCreativeID":"1213","scenes":["27","1","2","3","4","5","6","7","8","9","10","11","12","13","14","15","21","24"],"campaignAdType":"Video"},{"campaignID":"6388","attribution":0,"priority":"5","appToPromote":{"appToPromoteID":"12420","usesDefaultFrameImage":"0","usesDefaultCloseImage":"0","marketURL":"https:\/\/play.google.com\/store\/apps\/details?id=com.appricot2d.noodle.maker.cooking.game","packageID":"com.appricot2d.noodle.maker.cooking.game"},"showTemplate":1,"s2s_tracking_url":"https:\/\/play.google.com\/store\/apps\/details?id=com.appricot2d.noodle.maker.cooking.game","activeCreativeID":"1537","scenes":["5","4"],"campaignAdType":"Interstitial"},{"campaignID":"6621","attribution":0,"priority":"5","appToPromote":{"appToPromoteID":"12980","usesDefaultFrameImage":"0","usesDefaultCloseImage":"0","marketURL":"https:\/\/play.google.com\/store\/apps\/details?id=com.sx.cooking.cafe.restaurant","packageID":"com.sx.cooking.cafe.restaurant"},"showTemplate":1,"s2s_tracking_url":"https:\/\/play.google.com\/store\/apps\/details?id=com.sx.cooking.cafe.restaurant","activeCreativeID":"1702","scenes":["27","1","2","3","4","5","6","7","8","9","10","11","12","13","14","15","21","24"],"campaignAdType":"Interstitial"},{"campaignID":"7297","attribution":0,"priority":"5","appToPromote":{"appToPromoteID":"11734","usesDefaultFrameImage":"0","usesDefaultCloseImage":"0","marketURL":"https:\/\/play.google.com\/store\/apps\/details?id=com.appricot2d.cooking.restaurent.food.chef.kitchen.game","packageID":"com.appricot2d.cooking.restaurent.food.chef.kitchen.game"},"showTemplate":1,"s2s_tracking_url":"https:\/\/play.google.com\/store\/apps\/details?id=com.appricot2d.cooking.restaurent.food.chef.kitchen.game","activeCreativeID":"2436","scenes":["27","1","2","3","4","5","6","7","8","9","10","11","12","13","14","15","21","24"],"campaignAdType":"Interstitial"},{"campaignID":"7298","attribution":0,"priority":"5","appToPromote":{"appToPromoteID":"11734","usesDefaultFrameImage":"0","usesDefaultCloseImage":"0","marketURL":"https:\/\/play.google.com\/store\/apps\/details?id=com.appricot2d.cooking.restaurent.food.chef.kitchen.game","packageID":"com.appricot2d.cooking.restaurent.food.chef.kitchen.game"},"showTemplate":1,"s2s_tracking_url":"https:\/\/play.google.com\/store\/apps\/details?id=com.appricot2d.cooking.restaurent.food.chef.kitchen.game","activeCreativeID":"2437","scenes":["27","1","2","3","4","5","6","7","8","9","10","11","12","13","14","15","21","24"],"campaignAdType":"Icon"},{"campaignID":"8691","attribution":0,"priority":"5","appToPromote":{"appToPromoteID":"16801","usesDefaultFrameImage":"0","usesDefaultCloseImage":"0","marketURL":"https:\/\/play.google.com\/store\/apps\/details?id=com.yhi.robot.flying.bike.taxi.simulator.games","packageID":"com.yhi.robot.flying.bike.taxi.simulator.games"},"showTemplate":1,"s2s_tracking_url":"https:\/\/play.google.com\/store\/apps\/details?id=com.yhi.robot.flying.bike.taxi.simulator.games","activeCreativeID":"4051","scenes":["1"],"campaignAdType":"Icon"}],"refreshAdRate":0,"mode":"Production","aspectRatio":"4_3","cdnPath":"https:\/\/df8ymybeo92md.cloudfront.net\/images\/","sentry_log":0,"local_logging":0,"sentry_dsn":"https:\/\/93ffa1c9a4124f67b8888a53265f751a:bbf998e04584477fa9a145838e9d3b26@sentry.io\/168994","sentry_initialization":1,"sentry_debugging":0,"bannerSizes":["1"],"aspectRatioVideo":"16_9","app_id":"2504","showPreRewardedDialogue":0,"showPostRewardedDialogue":0,"rewardCurrency":"coins","rewardValue":0,"isSkipable":0,"privacyPolicyURL":"https:\/\/www.consoliads.com\/privacy-policy\/","sessionToken":"4hEotAtsESyOph50GmtxHBBaY6WWMKRrl7p\/0bHx2yxe4fXLm7KdpZVNZFvUZ0srMVxOhKxTUIP7ocEBSNnGk\/zo9nkWoGYP+onHC2y8KBKhCWcE+dTIhGrz0n2CZjrtDqauRRZCQr4vY+cP8mTfL5fxHBZ5tGGOe9kz6DiHJDI="}
Session token value is set


{"appKey":"c9ff7b63c2c44f80f0a4aaef6737794f","deviceID":"4301","stats":[{"campaignID":207,"packageID":"com.gss.army.commando.survivalisland","sceneStats":[{"sceneID":"11","eventStats":"343,243,143,43,43,0,0"}]}],"sdkVersion":"39","sessionToken":"4hEotAtsESyOph50GmtxHBBaY6WWMKRrl7p\/0bHx2yxe4fXLm7KdpZVNZFvUZ0srMVxOhKxTUIP7ocEBSNnGk\/zo9nkWoGYP+onHC2y8KBKhCWcE+dTIhGrz0n2CZjrtDqauRRZCQr4vY+cP8mTfL5fxHBZ5tGGOe9kz6DiHJDI="}
cache_ttl value is correct

Refresh Ad Rate value is correct
mode value is set

 Aspect ratio value is correct
sentry_log value is set
local_logging value is set
sentry_initialization value is set
sentry_debugging value is set
showPreRewardedDialogue value is set
showPostRewardedDialogue value is set
isSkipable value is set
{"cache_ttl":10080,"cache_ttl_rewarded":10080,"cache_ttl_banner":10080,"cache_ttl_native":10080,"cache_ttl_icon":10080,"campaigns":[{"campaignID":"85","attribution":0,"priority":"5","appToPromote":{"appToPromoteID":"1830","usesDefaultFrameImage":"0","usesDefaultCloseImage":"0","marketURL":"https:\/\/play.google.com\/store\/apps\/details?id=com.gss.offroad.uphill.extremetruckdriver","packageID":"com.gss.offroad.uphill.extremetruckdriver"},"showTemplate":1,"s2s_tracking_url":"https:\/\/play.google.com\/store\/apps\/details?id=com.gss.offroad.uphill.extremetruckdriver","activeCreativeID":"106","scenes":["12","1","8","6","15","2"],"campaignAdType":"Interstitial"},{"campaignID":"86","attribution":0,"priority":"5","appToPromote":{"appToPromoteID":"1823","usesDefaultFrameImage":"0","usesDefaultCloseImage":"0","marketURL":"https:\/\/play.google.com\/store\/apps\/details?id=com.vg.demolition.derby.extreme.car.stunts","packageID":"com.vg.demolition.derby.extreme.car.stunts"},"showTemplate":1,"s2s_tracking_url":"https:\/\/play.google.com\/store\/apps\/details?id=com.vg.demolition.derby.extreme.car.stunts","activeCreativeID":"109","scenes":["12","1","8","6","15","2"],"campaignAdType":"Interstitial"},{"campaignID":"93","attribution":0,"priority":"5","appToPromote":{"appToPromoteID":"1860","usesDefaultFrameImage":"0","usesDefaultCloseImage":"0","marketURL":"https:\/\/play.google.com\/store\/apps\/details?id=com.gss.vendetta.subwaycrime.rescue.mission","packageID":"com.gss.vendetta.subwaycrime.rescue.mission"},"showTemplate":1,"s2s_tracking_url":"https:\/\/play.google.com\/store\/apps\/details?id=com.gss.vendetta.subwaycrime.rescue.mission","activeCreativeID":"117","scenes":["12","1","8","6","15","2"],"campaignAdType":"Interstitial"},{"campaignID":"94","attribution":0,"priority":"5","appToPromote":{"appToPromoteID":"1843","usesDefaultFrameImage":"0","usesDefaultCloseImage":"0","marketURL":"https:\/\/play.google.com\/store\/apps\/details?id=com.vg.secret.agent.mafia.gods.criminal.gang","packageID":"com.vg.secret.agent.mafia.gods.criminal.gang"},"showTemplate":1,"s2s_tracking_url":"https:\/\/play.google.com\/store\/apps\/details?id=com.vg.secret.agent.mafia.gods.criminal.gang","activeCreativeID":"120","scenes":["12","1","8","6","15","2"],"campaignAdType":"Interstitial"},{"campaignID":"112","attribution":0,"priority":"5","appToPromote":{"appToPromoteID":"1998","usesDefaultFrameImage":"0","usesDefaultCloseImage":"0","marketURL":"https:\/\/play.google.com\/store\/apps\/details?id=com.gss.citygangster.underworldempire.mafia.crime","packageID":"com.gss.citygangster.underworldempire.mafia.crime"},"showTemplate":1,"s2s_tracking_url":"https:\/\/play.google.com\/store\/apps\/details?id=com.gss.citygangster.underworldempire.mafia.crime","activeCreativeID":"146","scenes":["12","1","8","6","15","2"],"campaignAdType":"Interstitial"},{"campaignID":"114","attribution":0,"priority":"5","appToPromote":{"appToPromoteID":"2007","usesDefaultFrameImage":"0","usesDefaultCloseImage":"0","marketURL":"https:\/\/play.google.com\/store\/apps\/details?id=com.vg.police.secret.agent.crime.gang","packageID":"com.vg.police.secret.agent.crime.gang"},"showTemplate":1,"s2s_tracking_url":"https:\/\/play.google.com\/store\/apps\/details?id=com.vg.police.secret.agent.crime.gang","activeCreativeID":"148","scenes":["12","1","8","6","15","2"],"campaignAdType":"Interstitial"},{"campaignID":"132","attribution":0,"priority":"5","appToPromote":{"appToPromoteID":"2109","usesDefaultFrameImage":"0","usesDefaultCloseImage":"0","marketURL":"https:\/\/play.google.com\/store\/apps\/details?id=com.gss.us.army.commando.survival","packageID":"com.gss.us.army.commando.survival"},"showTemplate":1,"s2s_tracking_url":"https:\/\/play.google.com\/store\/apps\/details?id=com.gss.us.army.commando.survival","activeCreativeID":"171","scenes":["12","1","8","6","15","2"],"campaignAdType":"Interstitial"},{"campaignID":"133","attribution":0,"priority":"5","appToPromote":{"appToPromoteID":"2118","usesDefaultFrameImage":"0","usesDefaultCloseImage":"0","marketURL":"https:\/\/play.google.com\/store\/apps\/details?id=com.vg.us.war.mafia.gang.vegas.crime","packageID":"com.vg.us.war.mafia.gang.vegas.crime"},"showTemplate":1,"s2s_tracking_url":"https:\/\/play.google.com\/store\/apps\/details?id=com.vg.us.war.mafia.gang.vegas.crime","activeCreativeID":"172","scenes":["12","1","8","6","15","2"],"campaignAdType":"Interstitial"},{"campaignID":"152","attribution":0,"priority":"5","appToPromote":{"appToPromoteID":"1348","usesDefaultFrameImage":"0","usesDefaultCloseImage":"0","marketURL":"https:\/\/play.google.com\/store\/apps\/details?id=com.gss.police.sniper.prison.gaurd","packageID":"com.gss.police.sniper.prison.gaurd"},"showTemplate":1,"s2s_tracking_url":"https:\/\/play.google.com\/store\/apps\/details?id=com.gss.police.sniper.prison.gaurd","activeCreativeID":"192","scenes":["12","1","8","6","15","2"],"campaignAdType":"Interstitial"},{"campaignID":"158","attribution":0,"priority":"5","appToPromote":{"appToPromoteID":"2223","usesDefaultFrameImage":"0","usesDefaultCloseImage":"0","marketURL":"https:\/\/play.google.com\/store\/apps\/details?id=com.vg.counter.mafia.squad.army.training","packageID":"com.vg.counter.mafia.squad.army.training"},"showTemplate":1,"s2s_tracking_url":"https:\/\/play.google.com\/store\/apps\/details?id=com.vg.counter.mafia.squad.army.training","activeCreativeID":"204","scenes":["12","1","8","6","15","2"],"campaignAdType":"Interstitial"},{"campaignID":"162","attribution":0,"priority":"5","appToPromote":{"appToPromoteID":"2268","usesDefaultFrameImage":"0","usesDefaultCloseImage":"0","marketURL":"https:\/\/play.google.com\/store\/apps\/details?id=com.vg.prisoner.escape.survival.hero","packageID":"com.vg.prisoner.escape.survival.hero"},"showTemplate":1,"s2s_tracking_url":"https:\/\/play.google.com\/store\/apps\/details?id=com.vg.prisoner.escape.survival.hero","activeCreativeID":"206","scenes":["12","1","8","6","15","2"],"campaignAdType":"Interstitial"},{"campaignID":"163","attribution":0,"priority":"5","appToPromote":{"appToPromoteID":"2349","usesDefaultFrameImage":"0","usesDefaultCloseImage":"0","marketURL":"https:\/\/play.google.com\/store\/apps\/details?id=com.gss.city.war.survival.robothero","packageID":"com.gss.city.war.survival.robothero"},"showTemplate":1,"s2s_tracking_url":"https:\/\/play.google.com\/store\/apps\/details?id=com.gss.city.war.survival.robothero","activeCreativeID":"207","scenes":["12","1","8","6","15","2"],"campaignAdType":"Interstitial"},{"campaignID":"332","attribution":0,"priority":"5","appToPromote":{"appToPromoteID":"2857","usesDefaultFrameImage":"0","usesDefaultCloseImage":"0","marketURL":"https:\/\/play.google.com\/store\/apps\/details?id=com.gss.robot.battle.robbery.squad","packageID":"com.gss.robot.battle.robbery.squad"},"showTemplate":1,"s2s_tracking_url":"https:\/\/play.google.com\/store\/apps\/details?id=com.gss.robot.battle.robbery.squad","activeCreativeID":"343","scenes":["12","1","8","6","15","2"],"campaignAdType":"Interstitial"},{"campaignID":"336","attribution":0,"priority":"5","appToPromote":{"appToPromoteID":"2941","usesDefaultFrameImage":"0","usesDefaultCloseImage":"0","marketURL":"https:\/\/play.google.com\/store\/apps\/details?id=com.vg.us.army.war.survival.island","packageID":"com.vg.us.army.war.survival.island"},"showTemplate":1,"s2s_tracking_url":"https:\/\/play.google.com\/store\/apps\/details?id=com.vg.us.army.war.survival.island","activeCreativeID":"347","scenes":["12","1","8","6","15","2"],"campaignAdType":"Interstitial"},{"campaignID":"357","attribution":0,"priority":"5","appToPromote":{"appToPromoteID":"2741","usesDefaultFrameImage":"0","usesDefaultCloseImage":"0","marketURL":"https:\/\/play.google.com\/store\/apps\/details?id=com.gss.us.air.jetfighter.warrior","packageID":"com.gss.us.air.jetfighter.warrior"},"showTemplate":1,"s2s_tracking_url":"https:\/\/play.google.com\/store\/apps\/details?id=com.gss.us.air.jetfighter.warrior","activeCreativeID":"376","scenes":["12","1","8","6","15","2"],"campaignAdType":"Interstitial"},{"campaignID":"364","attribution":0,"priority":"5","appToPromote":{"appToPromoteID":"2552","usesDefaultFrameImage":"0","usesDefaultCloseImage":"0","marketURL":"https:\/\/play.google.com\/store\/apps\/details?id=com.gss.grand.city.rescue.flyingrobot","packageID":"com.gss.grand.city.rescue.flyingrobot"},"showTemplate":1,"s2s_tracking_url":"https:\/\/play.google.com\/store\/apps\/details?id=com.gss.grand.city.rescue.flyingrobot","activeCreativeID":"309","scenes":["12","1","8","6","15","2"],"campaignAdType":"Interstitial"},{"campaignID":"370","attribution":0,"priority":"5","appToPromote":{"appToPromoteID":"3065","usesDefaultFrameImage":"0","usesDefaultCloseImage":"0","marketURL":"https:\/\/play.google.com\/store\/apps\/details?id=com.gss.raft.survival.island.escape","packageID":"com.gss.raft.survival.island.escape"},"showTemplate":1,"s2s_tracking_url":"https:\/\/play.google.com\/store\/apps\/details?id=com.gss.raft.survival.island.escape","activeCreativeID":"391","scenes":["12","1","8","6","15","2"],"campaignAdType":"Interstitial"},{"campaignID":"417","attribution":0,"priority":"5","appToPromote":{"appToPromoteID":"3227","usesDefaultFrameImage":"0","usesDefaultCloseImage":"0","marketURL":"https:\/\/play.google.com\/store\/apps\/details?id=com.vg.hero.kids.army.training.school","packageID":"com.vg.hero.kids.army.training.school"},"showTemplate":1,"s2s_tracking_url":"https:\/\/play.google.com\/store\/apps\/details?id=com.vg.hero.kids.army.training.school","activeCreativeID":"454","scenes":["12","1","8","6","15","2"],"campaignAdType":"Interstitial"},{"campaignID":"433","attribution":0,"priority":"5","appToPromote":{"appToPromoteID":"3339","usesDefaultFrameImage":"0","usesDefaultCloseImage":"0","marketURL":"https:\/\/play.google.com\/store\/apps\/details?id=com.gss.battle.force.counterterrorist","packageID":"com.gss.battle.force.counterterrorist"},"showTemplate":1,"s2s_tracking_url":"https:\/\/play.google.com\/store\/apps\/details?id=com.gss.battle.force.counterterrorist","activeCreativeID":"477","scenes":["12","1","8","6","15","2"],"campaignAdType":"Interstitial"},{"campaignID":"436","attribution":0,"priority":"5","appToPromote":{"appToPromoteID":"3282","usesDefaultFrameImage":"0","usesDefaultCloseImage":"0","marketURL":"https:\/\/play.google.com\/store\/apps\/details?id=com.tgp.city.rescue.survival.flyinghero","packageID":"com.tgp.city.rescue.survival.flyinghero"},"showTemplate":1,"s2s_tracking_url":"https:\/\/play.google.com\/store\/apps\/details?id=com.tgp.city.rescue.survival.flyinghero","activeCreativeID":"478","scenes":["12","1","8","6","15","2"],"campaignAdType":"Interstitial"},{"campaignID":"446","attribution":0,"priority":"5","appToPromote":{"appToPromoteID":"3390","usesDefaultFrameImage":"0","usesDefaultCloseImage":"0","marketURL":"https:\/\/play.google.com\/store\/apps\/details?id=com.gss.flying.spider.superhero.survival","packageID":"com.gss.flying.spider.superhero.survival"},"showTemplate":1,"s2s_tracking_url":"https:\/\/play.google.com\/store\/apps\/details?id=com.gss.flying.spider.superhero.survival","activeCreativeID":"488","scenes":["12","1","8","6","15","2"],"campaignAdType":"Interstitial"},{"campaignID":"486","attribution":0,"priority":"5","appToPromote":{"appToPromoteID":"3389","usesDefaultFrameImage":"0","usesDefaultCloseImage":"0","marketURL":"https:\/\/play.google.com\/store\/apps\/details?id=com.gss.ultimate.shark.snipershooting","packageID":"com.gss.ultimate.shark.snipershooting"},"showTemplate":1,"s2s_tracking_url":"https:\/\/play.google.com\/store\/apps\/details?id=com.gss.ultimate.shark.snipershooting","activeCreativeID":"547","scenes":["12","1","8","6","15","2"],"campaignAdType":"Interstitial"},{"campaignID":"493","attribution":0,"priority":"5","appToPromote":{"appToPromoteID":"3536","usesDefaultFrameImage":"0","usesDefaultCloseImage":"0","marketURL":"https:\/\/play.google.com\/store\/apps\/details?id=com.gss.us.army.secret.stealth.mission","packageID":"com.gss.us.army.secret.stealth.mission"},"showTemplate":1,"s2s_tracking_url":"https:\/\/play.google.com\/store\/apps\/details?id=com.gss.us.army.secret.stealth.mission","activeCreativeID":"556","scenes":["12","1","8","6","15","2"],"campaignAdType":"Interstitial"},{"campaignID":"496","attribution":0,"priority":"5","appToPromote":{"appToPromoteID":"3555","usesDefaultFrameImage":"0","usesDefaultCloseImage":"0","marketURL":"https:\/\/play.google.com\/store\/apps\/details?id=com.vg.epic.survival.hero.escape.story","packageID":"com.vg.epic.survival.hero.escape.story"},"showTemplate":1,"s2s_tracking_url":"https:\/\/play.google.com\/store\/apps\/details?id=com.vg.epic.survival.hero.escape.story","activeCreativeID":"559","scenes":["12","1","8","6","15","2"],"campaignAdType":"Interstitial"},{"campaignID":"499","attribution":0,"priority":"5","appToPromote":{"appToPromoteID":"3536","usesDefaultFrameImage":"0","usesDefaultCloseImage":"0","marketURL":"https:\/\/play.google.com\/store\/apps\/details?id=com.gss.us.army.secret.stealth.mission","packageID":"com.gss.us.army.secret.stealth.mission"},"showTemplate":1,"s2s_tracking_url":"https:\/\/play.google.com\/store\/apps\/details?id=com.gss.us.army.secret.stealth.mission","activeCreativeID":"556","scenes":["12","1","8","6","15","2"],"campaignAdType":"Interstitial"}],"refreshAdRate":30,"mode":"Production","aspectRatio":"4_3","cdnPath":"https:\/\/df8ymybeo92md.cloudfront.net\/images\/","sentry_log":0,"local_logging":0,"sentry_dsn":"https:\/\/93ffa1c9a4124f67b8888a53265f751a:bbf998e04584477fa9a145838e9d3b26@sentry.io\/168994","sentry_initialization":1,"sentry_debugging":0,"bannerSizes":["5"],"aspectRatioVideo":"16_9","app_id":"2450","showPreRewardedDialogue":0,"showPostRewardedDialogue":0,"rewardCurrency":"coins","rewardValue":0,"isSkipable":0,"privacyPolicyURL":"https:\/\/www.consoliads.com\/privacy-policy\/","sessionToken":"yoyeSCyCwixRj92DzwDvJDI8WgstxQgy+MPzCfqBTaaMpoEAoZejch\/sBJ4HnrAkB7ZOmvRKyb6lqum508lQADgM6vEXG+dBJ\/rq6Fe7+F\/453ppX0LN3sJPuJrkaDabQ2MKEqkiyvp7YRqWdmXmk5NVZTwxCAEI20rYqlC49Bc="}
Session token value is set


{"appKey":"9bfb78f6a7b11d99e8e05f5d9ad5562d","deviceID":"7442","stats":[{"campaignID":211,"packageID":"com.whitesand.pit.stop.car.mechanic","sceneStats":[{"sceneID":"19","eventStats":"374,274,174,74,74,0,0"}]}],"sdkVersion":"2286","sessionToken":"yoyeSCyCwixRj92DzwDvJDI8WgstxQgy+MPzCfqBTaaMpoEAoZejch\/sBJ4HnrAkB7ZOmvRKyb6lqum508lQADgM6vEXG+dBJ\/rq6Fe7+F\/453ppX0LN3sJPuJrkaDabQ2MKEqkiyvp7YRqWdmXmk5NVZTwxCAEI20rYqlC49Bc="}
cache_ttl value is correct

Refresh Ad Rate value is correct
mode value is set

 Aspect ratio value is correct
sentry_log value is set
local_logging value is set
sentry_initialization value is set
sentry_debugging value is set
showPreRewardedDialogue value is set
showPostRewardedDialogue value is set
isSkipable value is set
{"cache_ttl":10080,"cache_ttl_rewarded":10080,"cache_ttl_banner":10080,"cache_ttl_native":10080,"cache_ttl_icon":10080,"campaigns":[{"campaignID":"9017","attribution":0,"priority":"5","appToPromote":{"appToPromoteID":"12567","usesDefaultFrameImage":"0","usesDefaultCloseImage":"0","marketURL":"https:\/\/play.google.com\/store\/apps\/details?id=com.deg.desert.car.destruction.derby.crash.stunts.racing","packageID":"com.deg.desert.car.destruction.derby.crash.stunts.racing"},"showTemplate":1,"s2s_tracking_url":"https:\/\/play.google.com\/store\/apps\/details?id=com.deg.desert.car.destruction.derby.crash.stunts.racing","activeCreativeID":"4381","scenes":["27","1","2","3","4","5","6","7","8","9","10","11","12","13","14","15","21","24"],"campaignAdType":"Icon"},{"campaignID":"9376","attribution":2,"priority":"5","appToPromote":{"appToPromoteID":"13421","usesDefaultFrameImage":"0","usesDefaultCloseImage":"0","marketURL":"http:\/\/www.google.com","packageID":"com.appricot2d.testt"},"showTemplate":1,"s2s_tracking_url":"http:\/\/www.google.com","activeCreativeID":"4680","scenes":["27","1","2","3","4","5","6","7","8","9","10","11","12","13","14","15","21","24"],"campaignAdType":"Interstitial"},{"campaignID":"9385","attribution":0,"priority":"5","appToPromote":{"appToPromoteID":"9497","usesDefaultFrameImage":"0","usesDefaultCloseImage":"0","marketURL":"https:\/\/play.google.com\/store\/apps\/details?id=com.appricot2d.barber.shop.hair.salon.hair.cutting.games","packageID":"com.appricot2d.barber.shop.hair.salon.hair.cutting.games"},"showTemplate":1,"s2s_tracking_url":"https:\/\/play.google.com\/store\/apps\/details?id=com.appricot2d.barber.shop.hair.salon.hair.cutting.games","activeCreativeID":"4572","scenes":["27","1","2","3","4","5","6","7","8","9","10","11","12","13","14","15","21","24"],"campaignAdType":"Interstitial"},{"campaignID":"116","attribution":0,"priority":"5","appToPromote":{"appToPromoteID":"1999","usesDefaultFrameImage":"0","usesDefaultCloseImage":"0","marketURL":"https:\/\/play.google.com\/store\/apps\/details?id=com.whitesand.military.academy","packageID":"com.whitesand.military.academy"},"showTemplate":1,"s2s_tracking_url":"https:\/\/play.google.com\/store\/apps\/details?id=com.whitesand.military.academy","activeCreativeID":"141","scenes":["27","1","2","3","4","5","6","7","8","9","10","11","12","13","14","15","21","24"],"campaignAdType":"Interstitial"},{"campaignID":"120","attribution":0,"priority":"5","appToPromote":{"appToPromoteID":"1997","usesDefaultFrameImage":"0","usesDefaultCloseImage":"0","marketURL":"https:\/\/play.google.com\/store\/apps\/details?id=com.appricot2d.anna.coloring.book","packageID":"com.appricot2d.anna.coloring.book"},"showTemplate":1,"s2s_tracking_url":"https:\/\/play.google.com\/store\/apps\/details?id=com.appricot2d.anna.coloring.book","activeCreativeID":"152","scenes":["27","1","2","3","4","5","6","7","8","9","10","11","12","13","14","15","21","24"],"campaignAdType":"Interstitial"},{"campaignID":"124","attribution":0,"priority":"5","appToPromote":{"appToPromoteID":"2058","usesDefaultFrameImage":"0","usesDefaultCloseImage":"0","marketURL":"https:\/\/play.google.com\/store\/apps\/details?id=com.appricot2d.mannequin.challenge","packageID":"com.appricot2d.mannequin.challenge"},"showTemplate":1,"s2s_tracking_url":"https:\/\/play.google.com\/store\/apps\/details?id=com.appricot2d.mannequin.challenge","activeCreativeID":"161","scenes":["27","1","2","3","4","5","6","7","8","9","10","11","12","13","14","15","21","24"],"campaignAdType":"Interstitial"},{"campaignID":"140","attribution":0,"priority":"5","appToPromote":{"appToPromoteID":"2116","usesDefaultFrameImage":"0","usesDefaultCloseImage":"0","marketURL":"https:\/\/play.google.com\/store\/apps\/details?id=com.appricot2d.vending.machine","packageID":"com.appricot2d.vending.machine"},"showTemplate":1,"s2s_tracking_url":"https:\/\/play.google.com\/store\/apps\/details?id=com.appricot2d.vending.machine","activeCreativeID":"180","scenes":["27","1","2","3","4","5","6","7","8","9","10","11","12","13","14","15","21","24"],"campaignAdType":"Interstitial"},{"campaignID":"188","attribution":0,"priority":"5","appToPromote":{"appToPromoteID":"2435","usesDefaultFrameImage":"0","usesDefaultCloseImage":"0","marketURL":"https:\/\/play.google.com\/store\/apps\/details?id=com.whitesand.f1.car.stunt.simulator","packageID":"com.whitesand.f1.car.stunt.simulator"},"showTemplate":2,"s2s_tracking_url":"https:\/\/play.google.com\/store\/apps\/details?id=com.whitesand.f1.car.stunt.simulator","activeCreativeID":"239","scenes":["27","1","2","3","4","5","6","7","8","9","10","11","12","13","14","15","21","24"],"campaignAdType":"Interstitial"},{"campaignID":"305","attribution":0,"priority":"5","appToPromote":{"appToPromoteID":"2667","usesDefaultFrameImage":"0","usesDefaultCloseImage":"0","marketURL":"https:\/\/play.google.com\/store\/apps\/details?id=com.whitesand.smart.bike.parking.crane.simulator","packageID":"com.whitesand.smart.bike.parking.crane.simulator"},"showTemplate":2,"s2s_tracking_url":"https:\/\/play.google.com\/store\/apps\/details?id=com.whitesand.smart.bike.parking.crane.simulator","activeCreativeID":"303","scenes":["27","1","2","3","4","5","6","7","8","9","10","11","12","13","14","15","21","24"],"campaignAdType":"Interstitial"},{"campaignID":"320","attribution":0,"priority":"5","appToPromote":{"appToPromoteID":"2736","usesDefaultFrameImage":"0","usesDefaultCloseImage":"0","marketURL":"https:\/\/play.google.com\/store\/apps\/details?id=com.whitesand.road.builder.mechanic.garage","packageID":"com.whitesand.road.builder.mechanic.garage"},"showTemplate":2,"s2s_tracking_url":"https:\/\/play.google.com\/store\/apps\/details?id=com.whitesand.road.builder.mechanic.garage","activeCreativeID":"313","scenes":["27","1","2","3","4","5","6","7","8","9","10","11","12","13","14","15","21","24"],"campaignAdType":"Interstitial"},{"campaignID":"327","attribution":0,"priority":"5","appToPromote":{"appToPromoteID":"2734","usesDefaultFrameImage":"0","usesDefaultCloseImage":"0","marketURL":"https:\/\/play.google.com\/store\/apps\/details?id=com.whitesand.offroad.bicycle","packageID":"com.whitesand.offroad.bicycle"},"showTemplate":2,"s2s_tracking_url":"https:\/\/play.google.com\/store\/apps\/details?id=com.whitesand.offroad.bicycle","activeCreativeID":"326","scenes":["27","1","2","3","4","5","6","7","8","9","10","11","12","13","14","15","21","24"],"campaignAdType":"Interstitial"},{"campaignID":"365","attribution":0,"priority":"5","appToPromote":{"appToPromoteID":"3006","usesDefaultFrameImage":"0","usesDefaultCloseImage":"0","marketURL":"https:\/\/play.google.com\/store\/apps\/details?id=com.whitesand.helicopter.mechanic.simulator","packageID":"com.whitesand.helicopter.mechanic.simulator"},"showTemplate":2,"s2s_tracking_url":"https:\/\/play.google.com\/store\/apps\/details?id=com.whitesand.helicopter.mechanic.simulator","activeCreativeID":"368","scenes":["27","1","2","3","4","5","6","7","8","9","10","11","12","13","14","15","21","24"],"campaignAdType":"Interstitial"},{"campaignID":"368","attribution":0,"priority":"5","appToPromote":{"appToPromoteID":"3023","usesDefaultFrameImage":"0","usesDefaultCloseImage":"0","marketURL":"https:\/\/play.google.com\/store\/apps\/details?id=com.appricot2d.rolo.pet.parrot","packageID":"com.appricot2d.rolo.pet.parrot"},"showTemplate":2,"s2s_tracking_url":"https:\/\/play.google.com\/store\/apps\/details?id=com.appricot2d.rolo.pet.parrot","activeCreativeID":"384","scenes":["27","1","2","3","4","5","6","7","8","9","10","11","12","13","14","15","21","24"],"campaignAdType":"Interstitial"},{"campaignID":"383","attribution":0,"priority":"5","appToPromote":{"appToPromoteID":"3111","usesDefaultFrameImage":"0","usesDefaultCloseImage":"0","marketURL":"https:\/\/play.google.com\/store\/apps\/details?id=com.whitesand.destruction.derby.tank.rumble","packageID":"com.whitesand.destruction.derby.tank.rumble"},"showTemplate":1,"s2s_tracking_url":"https:\/\/play.google.com\/store\/apps\/details?id=com.whitesand.destruction.derby.tank.rumble","activeCreativeID":"386","scenes":["27","1","2","3","4","5","6","7","8","9","10","11","12","13","14","15","21","24"],"campaignAdType":"Interstitial"},{"campaignID":"413","attribution":0,"priority":"5","appToPromote":{"appToPromoteID":"3140","usesDefaultFrameImage":"0","usesDefaultCloseImage":"0","marketURL":"https:\/\/play.google.com\/store\/apps\/details?id=com.whitesand.robot.transform","packageID":"com.whitesand.robot.transform"},"showTemplate":2,"s2s_tracking_url":"https:\/\/play.google.com\/store\/apps\/details?id=com.whitesand.robot.transform","activeCreativeID":"451","scenes":["27","1","2","3","4","5","6","7","8","9","10","11","12","13","14","15","21","24"],"campaignAdType":"Interstitial"},{"campaignID":"420","attribution":0,"priority":"5","appToPromote":{"appToPromoteID":"3234","usesDefaultFrameImage":"0","usesDefaultCloseImage":"0","marketURL":"https:\/\/play.google.com\/store\/apps\/details?id=com.whitesand.bumper.cars.demolition","packageID":"com.whitesand.bumper.cars.demolition"},"showTemplate":1,"s2s_tracking_url":"https:\/\/play.google.com\/store\/apps\/details?id=com.whitesand.bumper.cars.demolition","activeCreativeID":"457","scenes":["27","1","2","3","4","5","6","7","8","9","10","11","12","13","14","15","21","24"],"campaignAdType":"Interstitial"},{"campaignID":"1849","attribution":0,"priority":"5","appToPromote":{"appToPromoteID":"9587","usesDefaultFrameImage":"0","usesDefaultCloseImage":"0","marketURL":"https:\/\/play.google.com\/store\/apps\/details?id=com.whitesand.us.police.transform.robot.car.flying.horse.simulator.game","packageID":"com.whitesand.us.police.transform.robot.car.flying.horse.simulator.game"},"showTemplate":1,"s2s_tracking_url":"https:\/\/play.google.com\/store\/apps\/details?id=com.whitesand.us.police.transform.robot.car.flying.horse.simulator.game","activeCreativeID":"1176","scenes":["27","1","2","3","4","5","6","7","8","9","10","11","12","13","14","15","21","24"],"campaignAdType":"Video"},{"campaignID":"1853","attribution":0,"priority":"5","appToPromote":{"appToPromoteID":"9919","usesDefaultFrameImage":"0","usesDefaultCloseImage":"0","marketURL":"https:\/\/play.google.com\/store\/apps\/details?id=com.whitesand.us.police.robot.horse.transport.simulator.game","packageID":"com.whitesand.us.police.robot.horse.transport.simulator.game"},"showTemplate":1,"s2s_tracking_url":"https:\/\/play.google.com\/store\/apps\/details?id=com.whitesand.us.police.robot.horse.transport.simulator.game","activeCreativeID":"1158","scenes":["27","1","2","3","4","5","6","7","8","9","10","11","12","13","14","15","21","24"],"campaignAdType":"Video"},{"campaignID":"1954","attribution":0,"priority":"5","appToPromote":{"appToPromoteID":"10075","usesDefaultFrameImage":"0","usesDefaultCloseImage":"0","marketURL":"https:\/\/play.google.com\/store\/apps\/details?id=com.whitesand.us.police.limo.car.robot.transformation.game","packageID":"com.whitesand.us.police.limo.car.robot.transformation.game"},"showTemplate":1,"s2s_tracking_url":"https:\/\/play.google.com\/store\/apps\/details?id=com.whitesand.us.police.limo.car.robot.transformation.game","activeCreativeID":"1196","scenes":["27","1","2","3","4","5","6","7","8","9","10","11","12","13","14","15","21","24"],"campaignAdType":"Video"},{"campaignID":"3360","attribution":0,"priority":"5","appToPromote":{"appToPromoteID":"8263","usesDefaultFrameImage":"0","usesDefaultCloseImage":"0","marketURL":"https:\/\/play.google.com\/store\/apps\/details?id=com.whitesand.captain.hero.moto.robot.transform.dino.a","packageID":"com.whitesand.captain.hero.moto.robot.transform.dino.attack"},"showTemplate":1,"s2s_tracking_url":"https:\/\/play.google.com\/store\/apps\/details?id=com.whitesand.captain.hero.moto.robot.transform.dino.a","activeCreativeID":"1213","scenes":["27","1","2","3","4","5","6","7","8","9","10","11","12","13","14","15","21","24"],"campaignAdType":"Video"},{"campaignID":"6388","attribution":0,"priority":"5","appToPromote":{"appToPromoteID":"12420","usesDefaultFrameImage":"0","usesDefaultCloseImage":"0","marketURL":"https:\/\/play.google.com\/store\/apps\/details?id=com.appricot2d.noodle.maker.cooking.game","packageID":"com.appricot2d.noodle.maker.cooking.game"},"showTemplate":1,"s2s_tracking_url":"https:\/\/play.google.com\/store\/apps\/details?id=com.appricot2d.noodle.maker.cooking.game","activeCreativeID":"1537","scenes":["5","4"],"campaignAdType":"Interstitial"},{"campaignID":"6621","attribution":0,"priority":"5","appToPromote":{"appToPromoteID":"12980","usesDefaultFrameImage":"0","usesDefaultCloseImage":"0","marketURL":"https:\/\/play.google.com\/store\/apps\/details?id=com.sx.cooking.cafe.restaurant","packageID":"com.sx.cooking.cafe.restaurant"},"showTemplate":1,"s2s_tracking_url":"https:\/\/play.google.com\/store\/apps\/details?id=com.sx.cooking.cafe.restaurant","activeCreativeID":"1702","scenes":["27","1","2","3","4","5","6","7","8","9","10","11","12","13","14","15","21","24"],"campaignAdType":"Interstitial"},{"campaignID":"7297","attribution":0,"priority":"5","appToPromote":{"appToPromoteID":"11734","usesDefaultFrameImage":"0","usesDefaultCloseImage":"0","marketURL":"https:\/\/play.google.com\/store\/apps\/details?id=com.appricot2d.cooking.restaurent.food.chef.kitchen.game","packageID":"com.appricot2d.cooking.restaurent.food.chef.kitchen.game"},"showTemplate":1,"s2s_tracking_url":"https:\/\/play.google.com\/store\/apps\/details?id=com.appricot2d.cooking.restaurent.food.chef.kitchen.game","activeCreativeID":"2436","scenes":["27","1","2","3","4","5","6","7","8","9","10","11","12","13","14","15","21","24"],"campaignAdType":"Interstitial"},{"campaignID":"7298","attribution":0,"priority":"5","appToPromote":{"appToPromoteID":"11734","usesDefaultFrameImage":"0","usesDefaultCloseImage":"0","marketURL":"https:\/\/play.google.com\/store\/apps\/details?id=com.appricot2d.cooking.restaurent.food.chef.kitchen.game","packageID":"com.appricot2d.cooking.restaurent.food.chef.kitchen.game"},"showTemplate":1,"s2s_tracking_url":"https:\/\/play.google.com\/store\/apps\/details?id=com.appricot2d.cooking.restaurent.food.chef.kitchen.game","activeCreativeID":"2437","scenes":["27","1","2","3","4","5","6","7","8","9","10","11","12","13","14","15","21","24"],"campaignAdType":"Icon"},{"campaignID":"8691","attribution":0,"priority":"5","appToPromote":{"appToPromoteID":"16801","usesDefaultFrameImage":"0","usesDefaultCloseImage":"0","marketURL":"https:\/\/play.google.com\/store\/apps\/details?id=com.yhi.robot.flying.bike.taxi.simulator.games","packageID":"com.yhi.robot.flying.bike.taxi.simulator.games"},"showTemplate":1,"s2s_tracking_url":"https:\/\/play.google.com\/store\/apps\/details?id=com.yhi.robot.flying.bike.taxi.simulator.games","activeCreativeID":"4051","scenes":["1"],"campaignAdType":"Icon"}],"refreshAdRate":0,"mode":"Production","aspectRatio":"4_3","cdnPath":"https:\/\/df8ymybeo92md.cloudfront.net\/images\/","sentry_log":0,"local_logging":0,"sentry_dsn":"https:\/\/93ffa1c9a4124f67b8888a53265f751a:bbf998e04584477fa9a145838e9d3b26@sentry.io\/168994","sentry_initialization":1,"sentry_debugging":0,"bannerSizes":["1"],"aspectRatioVideo":"16_9","app_id":"2504","showPreRewardedDialogue":0,"showPostRewardedDialogue":0,"rewardCurrency":"coins","rewardValue":0,"isSkipable":0,"privacyPolicyURL":"https:\/\/www.consoliads.com\/privacy-policy\/","sessionToken":"CYLTTLW1JU3\/eQxr0jHfMtKgk\/o7KqcsIq5hRZR65792zeQx4mgribuXuOvnDqN1+7Cx\/spj9W0SZ6XU2WGz4S4+mWDnrbhQ6g+b3v6vnCjaO3F7PMamICtY+XPo0QayCZ3xXCfe4uUo\/nyIgVeIus\/fFKEYnUktEMfgWHmH7XI="}
Session token value is set


{"appKey":"aee1c1ce85b1b8e194b01eb3f0d44b23","deviceID":"8423","stats":[{"campaignID":214,"packageID":"com.gss.robot.bike.transport.truck","sceneStats":[{"sceneID":"22","eventStats":"384,284,184,84,84,0,0"}]}],"sdkVersion":"39","sessionToken":"CYLTTLW1JU3\/eQxr0jHfMtKgk\/o7KqcsIq5hRZR65792zeQx4mgribuXuOvnDqN1+7Cx\/spj9W0SZ6XU2WGz4S4+mWDnrbhQ6g+b3v6vnCjaO3F7PMamICtY+XPo0QayCZ3xXCfe4uUo\/nyIgVeIus\/fFKEYnUktEMfgWHmH7XI="}
cache_ttl value is correct

Refresh Ad Rate value is correct
mode value is set

 Aspect ratio value is correct
sentry_log value is set
local_logging value is set
sentry_initialization value is set
sentry_debugging value is set
showPreRewardedDialogue value is set
showPostRewardedDialogue value is set
isSkipable value is set
{"cache_ttl":10080,"cache_ttl_rewarded":10080,"cache_ttl_banner":10080,"cache_ttl_native":10080,"cache_ttl_icon":10080,"campaigns":[{"campaignID":"139","attribution":0,"priority":"5","appToPromote":{"appToPromoteID":"2150","usesDefaultFrameImage":"0","usesDefaultCloseImage":"0","marketURL":"https:\/\/play.google.com\/store\/apps\/details?id=com.gss.traffic.rush.crazy.bike.rider","packageID":"com.gss.traffic.rush.crazy.bike.rider"},"showTemplate":1,"s2s_tracking_url":"https:\/\/play.google.com\/store\/apps\/details?id=com.gss.traffic.rush.crazy.bike.rider","activeCreativeID":"179","scenes":["12","1","8","6","15","2"],"campaignAdType":"Interstitial"},{"campaignID":"142","attribution":0,"priority":"5","appToPromote":{"appToPromoteID":"2164","usesDefaultFrameImage":"0","usesDefaultCloseImage":"0","marketURL":"https:\/\/play.google.com\/store\/apps\/details?id=com.vg.police.demolition.derby.crash.racing","packageID":"com.vg.police.demolition.derby.crash.racing"},"showTemplate":1,"s2s_tracking_url":"https:\/\/play.google.com\/store\/apps\/details?id=com.vg.police.demolition.derby.crash.racing","activeCreativeID":"182","scenes":["12","1","8","6","15","2"],"campaignAdType":"Interstitial"},{"campaignID":"146","attribution":0,"priority":"5","appToPromote":{"appToPromoteID":"2225","usesDefaultFrameImage":"0","usesDefaultCloseImage":"0","marketURL":"https:\/\/play.google.com\/store\/apps\/details?id=com.gss.offroad.policebiketransport","packageID":"com.gss.offroad.policebiketransport"},"showTemplate":1,"s2s_tracking_url":"https:\/\/play.google.com\/store\/apps\/details?id=com.gss.offroad.policebiketransport","activeCreativeID":"187","scenes":["12","1","8","6","15","2"],"campaignAdType":"Interstitial"},{"campaignID":"149","attribution":0,"priority":"5","appToPromote":{"appToPromoteID":"2224","usesDefaultFrameImage":"0","usesDefaultCloseImage":"0","marketURL":"https:\/\/play.google.com\/store\/apps\/details?id=com.vg.mega.city.construction.building.sim","packageID":"com.vg.mega.city.construction.building.sim"},"showTemplate":1,"s2s_tracking_url":"https:\/\/play.google.com\/store\/apps\/details?id=com.vg.mega.city.construction.building.sim","activeCreativeID":"191","scenes":["12","1","8","6","15","2"],"campaignAdType":"Interstitial"},{"campaignID":"150","attribution":0,"priority":"5","appToPromote":{"appToPromoteID":"2224","usesDefaultFrameImage":"0","usesDefaultCloseImage":"0","marketURL":"https:\/\/play.google.com\/store\/apps\/details?id=com.vg.mega.city.construction.building.sim","packageID":"com.vg.mega.city.construction.building.sim"},"showTemplate":1,"s2s_tracking_url":"https:\/\/play.google.com\/store\/apps\/details?id=com.vg.mega.city.construction.building.sim","activeCreativeID":"191","scenes":["12","1","8","6","15","2"],"campaignAdType":"Interstitial"},{"campaignID":"155","attribution":0,"priority":"5","appToPromote":{"appToPromoteID":"2226","usesDefaultFrameImage":"0","usesDefaultCloseImage":"0","marketURL":"https:\/\/play.google.com\/store\/apps\/details?id=com.gss.garage.workshop.carmehanic","packageID":"com.gss.garage.workshop.carmehanic"},"showTemplate":1,"s2s_tracking_url":"https:\/\/play.google.com\/store\/apps\/details?id=com.gss.garage.workshop.carmehanic","activeCreativeID":"197","scenes":["12","1","8","6","15","2"],"campaignAdType":"Interstitial"},{"campaignID":"156","attribution":0,"priority":"5","appToPromote":{"appToPromoteID":"2227","usesDefaultFrameImage":"0","usesDefaultCloseImage":"0","marketURL":"https:\/\/play.google.com\/store\/apps\/details?id=com.tgp.offroad.extreme.multi.cargotruck","packageID":"com.tgp.offroad.extreme.multi.cargotruck"},"showTemplate":1,"s2s_tracking_url":"https:\/\/play.google.com\/store\/apps\/details?id=com.tgp.offroad.extreme.multi.cargotruck","activeCreativeID":"198","scenes":["12","1","8","6","15","2"],"campaignAdType":"Interstitial"},{"campaignID":"163","attribution":0,"priority":"5","appToPromote":{"appToPromoteID":"2349","usesDefaultFrameImage":"0","usesDefaultCloseImage":"0","marketURL":"https:\/\/play.google.com\/store\/apps\/details?id=com.gss.city.war.survival.robothero","packageID":"com.gss.city.war.survival.robothero"},"showTemplate":1,"s2s_tracking_url":"https:\/\/play.google.com\/store\/apps\/details?id=com.gss.city.war.survival.robothero","activeCreativeID":"207","scenes":["12","1","8","6","15","2"],"campaignAdType":"Interstitial"},{"campaignID":"164","attribution":0,"priority":"5","appToPromote":{"appToPromoteID":"2350","usesDefaultFrameImage":"0","usesDefaultCloseImage":"0","marketURL":"https:\/\/play.google.com\/store\/apps\/details?id=com.tgp.car.robot.transport.truck","packageID":"com.tgp.car.robot.transport.truck"},"showTemplate":1,"s2s_tracking_url":"https:\/\/play.google.com\/store\/apps\/details?id=com.tgp.car.robot.transport.truck","activeCreativeID":"211","scenes":["12","1","8","6","15","2"],"campaignAdType":"Interstitial"},{"campaignID":"166","attribution":0,"priority":"5","appToPromote":{"appToPromoteID":"2273","usesDefaultFrameImage":"0","usesDefaultCloseImage":"0","marketURL":"https:\/\/play.google.com\/store\/apps\/details?id=com.gss.police.automechanic.repair.workshop","packageID":"com.gss.police.automechanic.repair.workshop"},"showTemplate":1,"s2s_tracking_url":"https:\/\/play.google.com\/store\/apps\/details?id=com.gss.police.automechanic.repair.workshop","activeCreativeID":"217","scenes":["12","1","8","6","15","2"],"campaignAdType":"Interstitial"},{"campaignID":"167","attribution":0,"priority":"5","appToPromote":{"appToPromoteID":"2348","usesDefaultFrameImage":"0","usesDefaultCloseImage":"0","marketURL":"https:\/\/play.google.com\/store\/apps\/details?id=com.vg.rollercoaster.crazy.tycoon.tour","packageID":"com.vg.rollercoaster.crazy.tycoon.tour"},"showTemplate":1,"s2s_tracking_url":"https:\/\/play.google.com\/store\/apps\/details?id=com.vg.rollercoaster.crazy.tycoon.tour","activeCreativeID":"218","scenes":["12","1","8","6","15","2"],"campaignAdType":"Interstitial"},{"campaignID":"303","attribution":0,"priority":"5","appToPromote":{"appToPromoteID":"2642","usesDefaultFrameImage":"0","usesDefaultCloseImage":"0","marketURL":"https:\/\/play.google.com\/store\/apps\/details?id=com.tgp.offroad.robot.transport.truck","packageID":"com.tgp.offroad.robot.transport.truck"},"showTemplate":1,"s2s_tracking_url":"https:\/\/play.google.com\/store\/apps\/details?id=com.tgp.offroad.robot.transport.truck","activeCreativeID":"310","scenes":["12","1","8","6","15","2"],"campaignAdType":"Interstitial"},{"campaignID":"370","attribution":0,"priority":"5","appToPromote":{"appToPromoteID":"3065","usesDefaultFrameImage":"0","usesDefaultCloseImage":"0","marketURL":"https:\/\/play.google.com\/store\/apps\/details?id=com.gss.raft.survival.island.escape","packageID":"com.gss.raft.survival.island.escape"},"showTemplate":1,"s2s_tracking_url":"https:\/\/play.google.com\/store\/apps\/details?id=com.gss.raft.survival.island.escape","activeCreativeID":"391","scenes":["12","1","8","6","15","2"],"campaignAdType":"Interstitial"},{"campaignID":"371","attribution":0,"priority":"5","appToPromote":{"appToPromoteID":"3117","usesDefaultFrameImage":"0","usesDefaultCloseImage":"0","marketURL":"https:\/\/play.google.com\/store\/apps\/details?id=com.vg.fast.car.driver.furiousracing","packageID":"com.vg.fast.car.driver.furiousracing"},"showTemplate":1,"s2s_tracking_url":"https:\/\/play.google.com\/store\/apps\/details?id=com.vg.fast.car.driver.furiousracing","activeCreativeID":"392","scenes":["12","1","8","6","15","2"],"campaignAdType":"Interstitial"},{"campaignID":"372","attribution":0,"priority":"5","appToPromote":{"appToPromoteID":"2938","usesDefaultFrameImage":"0","usesDefaultCloseImage":"0","marketURL":"https:\/\/play.google.com\/store\/apps\/details?id=com.tgp.offroad.us.army.transport","packageID":"com.tgp.offroad.us.army.transport"},"showTemplate":1,"s2s_tracking_url":"https:\/\/play.google.com\/store\/apps\/details?id=com.tgp.offroad.us.army.transport","activeCreativeID":"393","scenes":["12","1","8","6","15","2"],"campaignAdType":"Interstitial"},{"campaignID":"396","attribution":0,"priority":"5","appToPromote":{"appToPromoteID":"3019","usesDefaultFrameImage":"0","usesDefaultCloseImage":"0","marketURL":"https:\/\/play.google.com\/store\/apps\/details?id=com.gss.robot.car.transport.truck","packageID":"com.gss.robot.car.transport.truck"},"showTemplate":1,"s2s_tracking_url":"https:\/\/play.google.com\/store\/apps\/details?id=com.gss.robot.car.transport.truck","activeCreativeID":"420","scenes":["12","1","8","6","15","2"],"campaignAdType":"Interstitial"},{"campaignID":"397","attribution":0,"priority":"5","appToPromote":{"appToPromoteID":"3108","usesDefaultFrameImage":"0","usesDefaultCloseImage":"0","marketURL":"https:\/\/play.google.com\/store\/apps\/details?id=com.vg.amazing.city.coachbusdriver","packageID":"com.vg.amazing.city.coachbusdriver"},"showTemplate":1,"s2s_tracking_url":"https:\/\/play.google.com\/store\/apps\/details?id=com.vg.amazing.city.coachbusdriver","activeCreativeID":"417","scenes":["12","1","8","6","15","2"],"campaignAdType":"Interstitial"},{"campaignID":"399","attribution":0,"priority":"5","appToPromote":{"appToPromoteID":"3151","usesDefaultFrameImage":"0","usesDefaultCloseImage":"0","marketURL":"https:\/\/play.google.com\/store\/apps\/details?id=com.tgp.watersurfer.beach.car.driving","packageID":"com.tgp.watersurfer.beach.car.driving"},"showTemplate":1,"s2s_tracking_url":"https:\/\/play.google.com\/store\/apps\/details?id=com.tgp.watersurfer.beach.car.driving","activeCreativeID":"419","scenes":["12","1","8","6","15","2"],"campaignAdType":"Interstitial"},{"campaignID":"416","attribution":0,"priority":"5","appToPromote":{"appToPromoteID":"3226","usesDefaultFrameImage":"0","usesDefaultCloseImage":"0","marketURL":"https:\/\/play.google.com\/store\/apps\/details?id=com.gss.city.rooftop.bikestuntsrider","packageID":"com.gss.city.rooftop.bikestuntsrider"},"showTemplate":1,"s2s_tracking_url":"https:\/\/play.google.com\/store\/apps\/details?id=com.gss.city.rooftop.bikestuntsrider","activeCreativeID":"453","scenes":["12","1","8","6","15","2"],"campaignAdType":"Interstitial"},{"campaignID":"418","attribution":0,"priority":"5","appToPromote":{"appToPromoteID":"3152","usesDefaultFrameImage":"0","usesDefaultCloseImage":"0","marketURL":"https:\/\/play.google.com\/store\/apps\/details?id=com.tgp.city.rooftop.bicycle.stunts.rider","packageID":"com.tgp.city.rooftop.bicycle.stunts.rider"},"showTemplate":1,"s2s_tracking_url":"https:\/\/play.google.com\/store\/apps\/details?id=com.tgp.city.rooftop.bicycle.stunts.rider","activeCreativeID":"455","scenes":["12","1","8","6","15","2"],"campaignAdType":"Interstitial"},{"campaignID":"438","attribution":0,"priority":"5","appToPromote":{"appToPromoteID":"3281","usesDefaultFrameImage":"0","usesDefaultCloseImage":"0","marketURL":"https:\/\/play.google.com\/store\/apps\/details?id=com.vg.police.car.robot.superhero","packageID":"com.vg.police.car.robot.superhero"},"showTemplate":1,"s2s_tracking_url":"https:\/\/play.google.com\/store\/apps\/details?id=com.vg.police.car.robot.superhero","activeCreativeID":"479","scenes":["12","1","8","6","15","2"],"campaignAdType":"Interstitial"},{"campaignID":"446","attribution":0,"priority":"5","appToPromote":{"appToPromoteID":"3390","usesDefaultFrameImage":"0","usesDefaultCloseImage":"0","marketURL":"https:\/\/play.google.com\/store\/apps\/details?id=com.gss.flying.spider.superhero.survival","packageID":"com.gss.flying.spider.superhero.survival"},"showTemplate":1,"s2s_tracking_url":"https:\/\/play.google.com\/store\/apps\/details?id=com.gss.flying.spider.superhero.survival","activeCreativeID":"488","scenes":["12","1","8","6","15","2"],"campaignAdType":"Interstitial"},{"campaignID":"447","attribution":0,"priority":"5","appToPromote":{"appToPromoteID":"3383","usesDefaultFrameImage":"0","usesDefaultCloseImage":"0","marketURL":"https:\/\/play.google.com\/store\/apps\/details?id=com.vg.us.armytransport.truck.simulator","packageID":"com.vg.us.armytransport.truck.simulator"},"showTemplate":1,"s2s_tracking_url":"https:\/\/play.google.com\/store\/apps\/details?id=com.vg.us.armytransport.truck.simulator","activeCreativeID":"490","scenes":["12","1","8","6","15","2"],"campaignAdType":"Interstitial"},{"campaignID":"448","attribution":0,"priority":"5","appToPromote":{"appToPromoteID":"3283","usesDefaultFrameImage":"0","usesDefaultCloseImage":"0","marketURL":"https:\/\/play.google.com\/store\/apps\/details?id=com.tgp.water.stunts.jetskiracing","packageID":"com.tgp.water.stunts.jetskiracing"},"showTemplate":1,"s2s_tracking_url":"https:\/\/play.google.com\/store\/apps\/details?id=com.tgp.water.stunts.jetskiracing","activeCreativeID":"487","scenes":["12","1","8","6","15","2"],"campaignAdType":"Interstitial"},{"campaignID":"486","attribution":0,"priority":"5","appToPromote":{"appToPromoteID":"3389","usesDefaultFrameImage":"0","usesDefaultCloseImage":"0","marketURL":"https:\/\/play.google.com\/store\/apps\/details?id=com.gss.ultimate.shark.snipershooting","packageID":"com.gss.ultimate.shark.snipershooting"},"showTemplate":1,"s2s_tracking_url":"https:\/\/play.google.com\/store\/apps\/details?id=com.gss.ultimate.shark.snipershooting","activeCreativeID":"547","scenes":["12","1","8","6","15","2"],"campaignAdType":"Interstitial"}],"refreshAdRate":30,"mode":"Production","aspectRatio":"4_3","cdnPath":"https:\/\/df8ymybeo92md.cloudfront.net\/images\/","sentry_log":0,"local_logging":0,"sentry_dsn":"https:\/\/93ffa1c9a4124f67b8888a53265f751a:bbf998e04584477fa9a145838e9d3b26@sentry.io\/168994","sentry_initialization":1,"sentry_debugging":0,"bannerSizes":["5"],"aspectRatioVideo":"16_9","app_id":"2613","showPreRewardedDialogue":0,"showPostRewardedDialogue":0,"rewardCurrency":"coins","rewardValue":0,"isSkipable":0,"privacyPolicyURL":"https:\/\/www.consoliads.com\/privacy-policy\/","sessionToken":"UjdyR4ILjprgyAOgushU27Ytw6ZJnkdWVuh7wKRY8OH9O86lOaVqLsk0902kVBrKhMSZaGGlWk8mb8W1fPnqmMXoI95DIIKCF46IfvvsloWBykh1i+l\/93Wes6v8n+cfT8NS2uDJIMx0vAsIpGVUAt9MpB9FPoBIXPCG4Umy92A="}
Session token value is set


{"appKey":"6321e187a94be2ff678451a5e73bbf42","deviceID":"2121","stats":[{"campaignID":215,"packageID":"com.gamefeast.moto.robot.transformation","sceneStats":[{"sceneID":"6","eventStats":"321,221,121,21,21,0,0"}]}],"sdkVersion":"39","sessionToken":"UjdyR4ILjprgyAOgushU27Ytw6ZJnkdWVuh7wKRY8OH9O86lOaVqLsk0902kVBrKhMSZaGGlWk8mb8W1fPnqmMXoI95DIIKCF46IfvvsloWBykh1i+l\/93Wes6v8n+cfT8NS2uDJIMx0vAsIpGVUAt9MpB9FPoBIXPCG4Umy92A="}
cache_ttl value is correct

Refresh Ad Rate value is correct
mode value is set

 Aspect ratio value is correct
sentry_log value is set
local_logging value is set
sentry_initialization value is set
sentry_debugging value is set
showPreRewardedDialogue value is set
showPostRewardedDialogue value is set
isSkipable value is set
{"cache_ttl":10080,"cache_ttl_rewarded":10080,"cache_ttl_banner":10080,"cache_ttl_native":10080,"cache_ttl_icon":10080,"campaigns":[{"campaignID":"139","attribution":0,"priority":"5","appToPromote":{"appToPromoteID":"2150","usesDefaultFrameImage":"0","usesDefaultCloseImage":"0","marketURL":"https:\/\/play.google.com\/store\/apps\/details?id=com.gss.traffic.rush.crazy.bike.rider","packageID":"com.gss.traffic.rush.crazy.bike.rider"},"showTemplate":1,"s2s_tracking_url":"https:\/\/play.google.com\/store\/apps\/details?id=com.gss.traffic.rush.crazy.bike.rider","activeCreativeID":"179","scenes":["12","1","8","6","15","2"],"campaignAdType":"Interstitial"},{"campaignID":"142","attribution":0,"priority":"5","appToPromote":{"appToPromoteID":"2164","usesDefaultFrameImage":"0","usesDefaultCloseImage":"0","marketURL":"https:\/\/play.google.com\/store\/apps\/details?id=com.vg.police.demolition.derby.crash.racing","packageID":"com.vg.police.demolition.derby.crash.racing"},"showTemplate":1,"s2s_tracking_url":"https:\/\/play.google.com\/store\/apps\/details?id=com.vg.police.demolition.derby.crash.racing","activeCreativeID":"182","scenes":["12","1","8","6","15","2"],"campaignAdType":"Interstitial"},{"campaignID":"146","attribution":0,"priority":"5","appToPromote":{"appToPromoteID":"2225","usesDefaultFrameImage":"0","usesDefaultCloseImage":"0","marketURL":"https:\/\/play.google.com\/store\/apps\/details?id=com.gss.offroad.policebiketransport","packageID":"com.gss.offroad.policebiketransport"},"showTemplate":1,"s2s_tracking_url":"https:\/\/play.google.com\/store\/apps\/details?id=com.gss.offroad.policebiketransport","activeCreativeID":"187","scenes":["12","1","8","6","15","2"],"campaignAdType":"Interstitial"},{"campaignID":"149","attribution":0,"priority":"5","appToPromote":{"appToPromoteID":"2224","usesDefaultFrameImage":"0","usesDefaultCloseImage":"0","marketURL":"https:\/\/play.google.com\/store\/apps\/details?id=com.vg.mega.city.construction.building.sim","packageID":"com.vg.mega.city.construction.building.sim"},"showTemplate":1,"s2s_tracking_url":"https:\/\/play.google.com\/store\/apps\/details?id=com.vg.mega.city.construction.building.sim","activeCreativeID":"191","scenes":["12","1","8","6","15","2"],"campaignAdType":"Interstitial"},{"campaignID":"150","attribution":0,"priority":"5","appToPromote":{"appToPromoteID":"2224","usesDefaultFrameImage":"0","usesDefaultCloseImage":"0","marketURL":"https:\/\/play.google.com\/store\/apps\/details?id=com.vg.mega.city.construction.building.sim","packageID":"com.vg.mega.city.construction.building.sim"},"showTemplate":1,"s2s_tracking_url":"https:\/\/play.google.com\/store\/apps\/details?id=com.vg.mega.city.construction.building.sim","activeCreativeID":"191","scenes":["12","1","8","6","15","2"],"campaignAdType":"Interstitial"},{"campaignID":"155","attribution":0,"priority":"5","appToPromote":{"appToPromoteID":"2226","usesDefaultFrameImage":"0","usesDefaultCloseImage":"0","marketURL":"https:\/\/play.google.com\/store\/apps\/details?id=com.gss.garage.workshop.carmehanic","packageID":"com.gss.garage.workshop.carmehanic"},"showTemplate":1,"s2s_tracking_url":"https:\/\/play.google.com\/store\/apps\/details?id=com.gss.garage.workshop.carmehanic","activeCreativeID":"197","scenes":["12","1","8","6","15","2"],"campaignAdType":"Interstitial"},{"campaignID":"156","attribution":0,"priority":"5","appToPromote":{"appToPromoteID":"2227","usesDefaultFrameImage":"0","usesDefaultCloseImage":"0","marketURL":"https:\/\/play.google.com\/store\/apps\/details?id=com.tgp.offroad.extreme.multi.cargotruck","packageID":"com.tgp.offroad.extreme.multi.cargotruck"},"showTemplate":1,"s2s_tracking_url":"https:\/\/play.google.com\/store\/apps\/details?id=com.tgp.offroad.extreme.multi.cargotruck","activeCreativeID":"198","scenes":["12","1","8","6","15","2"],"campaignAdType":"Interstitial"},{"campaignID":"163","attribution":0,"priority":"5","appToPromote":{"appToPromoteID":"2349","usesDefaultFrameImage":"0","usesDefaultCloseImage":"0","marketURL":"https:\/\/play.google.com\/store\/apps\/details?id=com.gss.city.war.survival.robothero","packageID":"com.gss.city.war.survival.robothero"},"showTemplate":1,"s2s_tracking_url":"https:\/\/play.google.com\/store\/apps\/details?id=com.gss.city.war.survival.robothero","activeCreativeID":"207","scenes":["12","1","8","6","15","2"],"campaignAdType":"Interstitial"},{"campaignID":"164","attribution":0,"priority":"5","appToPromote":{"appToPromoteID":"2350","usesDefaultFrameImage":"0","usesDefaultCloseImage":"0","marketURL":"https:\/\/play.google.com\/store\/apps\/details?id=com.tgp.car.robot.transport.truck","packageID":"com.tgp.car.robot.transport.truck"},"showTemplate":1,"s2s_tracking_url":"https:\/\/play.google.com\/store\/apps\/details?id=com.tgp.car.robot.transport.truck","activeCreativeID":"211","scenes":["12","1","8","6","15","2"],"campaignAdType":"Interstitial"},{"campaignID":"166","attribution":0,"priority":"5","appToPromote":{"appToPromoteID":"2273","usesDefaultFrameImage":"0","usesDefaultCloseImage":"0","marketURL":"https:\/\/play.google.com\/store\/apps\/details?id=com.gss.police.automechanic.repair.workshop","packageID":"com.gss.police.automechanic.repair.workshop"},"showTemplate":1,"s2s_tracking_url":"https:\/\/play.google.com\/store\/apps\/details?id=com.gss.police.automechanic.repair.workshop","activeCreativeID":"217","scenes":["12","1","8","6","15","2"],"campaignAdType":"Interstitial"},{"campaignID":"167","attribution":0,"priority":"5","appToPromote":{"appToPromoteID":"2348","usesDefaultFrameImage":"0","usesDefaultCloseImage":"0","marketURL":"https:\/\/play.google.com\/store\/apps\/details?id=com.vg.rollercoaster.crazy.tycoon.tour","packageID":"com.vg.rollercoaster.crazy.tycoon.tour"},"showTemplate":1,"s2s_tracking_url":"https:\/\/play.google.com\/store\/apps\/details?id=com.vg.rollercoaster.crazy.tycoon.tour","activeCreativeID":"218","scenes":["12","1","8","6","15","2"],"campaignAdType":"Interstitial"},{"campaignID":"214","attribution":0,"priority":"5","appToPromote":{"appToPromoteID":"2613","usesDefaultFrameImage":"0","usesDefaultCloseImage":"0","marketURL":"https:\/\/play.google.com\/store\/apps\/details?id=com.gss.robot.bike.transport.truck","packageID":"com.gss.robot.bike.transport.truck"},"showTemplate":1,"s2s_tracking_url":"https:\/\/play.google.com\/store\/apps\/details?id=com.gss.robot.bike.transport.truck","activeCreativeID":"295","scenes":["12","1","8","6","15","2"],"campaignAdType":"Interstitial"},{"campaignID":"303","attribution":0,"priority":"5","appToPromote":{"appToPromoteID":"2642","usesDefaultFrameImage":"0","usesDefaultCloseImage":"0","marketURL":"https:\/\/play.google.com\/store\/apps\/details?id=com.tgp.offroad.robot.transport.truck","packageID":"com.tgp.offroad.robot.transport.truck"},"showTemplate":1,"s2s_tracking_url":"https:\/\/play.google.com\/store\/apps\/details?id=com.tgp.offroad.robot.transport.truck","activeCreativeID":"310","scenes":["12","1","8","6","15","2"],"campaignAdType":"Interstitial"},{"campaignID":"370","attribution":0,"priority":"5","appToPromote":{"appToPromoteID":"3065","usesDefaultFrameImage":"0","usesDefaultCloseImage":"0","marketURL":"https:\/\/play.google.com\/store\/apps\/details?id=com.gss.raft.survival.island.escape","packageID":"com.gss.raft.survival.island.escape"},"showTemplate":1,"s2s_tracking_url":"https:\/\/play.google.com\/store\/apps\/details?id=com.gss.raft.survival.island.escape","activeCreativeID":"391","scenes":["12","1","8","6","15","2"],"campaignAdType":"Interstitial"},{"campaignID":"371","attribution":0,"priority":"5","appToPromote":{"appToPromoteID":"3117","usesDefaultFrameImage":"0","usesDefaultCloseImage":"0","marketURL":"https:\/\/play.google.com\/store\/apps\/details?id=com.vg.fast.car.driver.furiousracing","packageID":"com.vg.fast.car.driver.furiousracing"},"showTemplate":1,"s2s_tracking_url":"https:\/\/play.google.com\/store\/apps\/details?id=com.vg.fast.car.driver.furiousracing","activeCreativeID":"392","scenes":["12","1","8","6","15","2"],"campaignAdType":"Interstitial"},{"campaignID":"372","attribution":0,"priority":"5","appToPromote":{"appToPromoteID":"2938","usesDefaultFrameImage":"0","usesDefaultCloseImage":"0","marketURL":"https:\/\/play.google.com\/store\/apps\/details?id=com.tgp.offroad.us.army.transport","packageID":"com.tgp.offroad.us.army.transport"},"showTemplate":1,"s2s_tracking_url":"https:\/\/play.google.com\/store\/apps\/details?id=com.tgp.offroad.us.army.transport","activeCreativeID":"393","scenes":["12","1","8","6","15","2"],"campaignAdType":"Interstitial"},{"campaignID":"396","attribution":0,"priority":"5","appToPromote":{"appToPromoteID":"3019","usesDefaultFrameImage":"0","usesDefaultCloseImage":"0","marketURL":"https:\/\/play.google.com\/store\/apps\/details?id=com.gss.robot.car.transport.truck","packageID":"com.gss.robot.car.transport.truck"},"showTemplate":1,"s2s_tracking_url":"https:\/\/play.google.com\/store\/apps\/details?id=com.gss.robot.car.transport.truck","activeCreativeID":"420","scenes":["12","1","8","6","15","2"],"campaignAdType":"Interstitial"},{"campaignID":"397","attribution":0,"priority":"5","appToPromote":{"appToPromoteID":"3108","usesDefaultFrameImage":"0","usesDefaultCloseImage":"0","marketURL":"https:\/\/play.google.com\/store\/apps\/details?id=com.vg.amazing.city.coachbusdriver","packageID":"com.vg.amazing.city.coachbusdriver"},"showTemplate":1,"s2s_tracking_url":"https:\/\/play.google.com\/store\/apps\/details?id=com.vg.amazing.city.coachbusdriver","activeCreativeID":"417","scenes":["12","1","8","6","15","2"],"campaignAdType":"Interstitial"},{"campaignID":"399","attribution":0,"priority":"5","appToPromote":{"appToPromoteID":"3151","usesDefaultFrameImage":"0","usesDefaultCloseImage":"0","marketURL":"https:\/\/play.google.com\/store\/apps\/details?id=com.tgp.watersurfer.beach.car.driving","packageID":"com.tgp.watersurfer.beach.car.driving"},"showTemplate":1,"s2s_tracking_url":"https:\/\/play.google.com\/store\/apps\/details?id=com.tgp.watersurfer.beach.car.driving","activeCreativeID":"419","scenes":["12","1","8","6","15","2"],"campaignAdType":"Interstitial"},{"campaignID":"416","attribution":0,"priority":"5","appToPromote":{"appToPromoteID":"3226","usesDefaultFrameImage":"0","usesDefaultCloseImage":"0","marketURL":"https:\/\/play.google.com\/store\/apps\/details?id=com.gss.city.rooftop.bikestuntsrider","packageID":"com.gss.city.rooftop.bikestuntsrider"},"showTemplate":1,"s2s_tracking_url":"https:\/\/play.google.com\/store\/apps\/details?id=com.gss.city.rooftop.bikestuntsrider","activeCreativeID":"453","scenes":["12","1","8","6","15","2"],"campaignAdType":"Interstitial"},{"campaignID":"418","attribution":0,"priority":"5","appToPromote":{"appToPromoteID":"3152","usesDefaultFrameImage":"0","usesDefaultCloseImage":"0","marketURL":"https:\/\/play.google.com\/store\/apps\/details?id=com.tgp.city.rooftop.bicycle.stunts.rider","packageID":"com.tgp.city.rooftop.bicycle.stunts.rider"},"showTemplate":1,"s2s_tracking_url":"https:\/\/play.google.com\/store\/apps\/details?id=com.tgp.city.rooftop.bicycle.stunts.rider","activeCreativeID":"455","scenes":["12","1","8","6","15","2"],"campaignAdType":"Interstitial"},{"campaignID":"438","attribution":0,"priority":"5","appToPromote":{"appToPromoteID":"3281","usesDefaultFrameImage":"0","usesDefaultCloseImage":"0","marketURL":"https:\/\/play.google.com\/store\/apps\/details?id=com.vg.police.car.robot.superhero","packageID":"com.vg.police.car.robot.superhero"},"showTemplate":1,"s2s_tracking_url":"https:\/\/play.google.com\/store\/apps\/details?id=com.vg.police.car.robot.superhero","activeCreativeID":"479","scenes":["12","1","8","6","15","2"],"campaignAdType":"Interstitial"},{"campaignID":"446","attribution":0,"priority":"5","appToPromote":{"appToPromoteID":"3390","usesDefaultFrameImage":"0","usesDefaultCloseImage":"0","marketURL":"https:\/\/play.google.com\/store\/apps\/details?id=com.gss.flying.spider.superhero.survival","packageID":"com.gss.flying.spider.superhero.survival"},"showTemplate":1,"s2s_tracking_url":"https:\/\/play.google.com\/store\/apps\/details?id=com.gss.flying.spider.superhero.survival","activeCreativeID":"488","scenes":["12","1","8","6","15","2"],"campaignAdType":"Interstitial"},{"campaignID":"447","attribution":0,"priority":"5","appToPromote":{"appToPromoteID":"3383","usesDefaultFrameImage":"0","usesDefaultCloseImage":"0","marketURL":"https:\/\/play.google.com\/store\/apps\/details?id=com.vg.us.armytransport.truck.simulator","packageID":"com.vg.us.armytransport.truck.simulator"},"showTemplate":1,"s2s_tracking_url":"https:\/\/play.google.com\/store\/apps\/details?id=com.vg.us.armytransport.truck.simulator","activeCreativeID":"490","scenes":["12","1","8","6","15","2"],"campaignAdType":"Interstitial"},{"campaignID":"448","attribution":0,"priority":"5","appToPromote":{"appToPromoteID":"3283","usesDefaultFrameImage":"0","usesDefaultCloseImage":"0","marketURL":"https:\/\/play.google.com\/store\/apps\/details?id=com.tgp.water.stunts.jetskiracing","packageID":"com.tgp.water.stunts.jetskiracing"},"showTemplate":1,"s2s_tracking_url":"https:\/\/play.google.com\/store\/apps\/details?id=com.tgp.water.stunts.jetskiracing","activeCreativeID":"487","scenes":["12","1","8","6","15","2"],"campaignAdType":"Interstitial"}],"refreshAdRate":30,"mode":"Production","aspectRatio":"4_3","cdnPath":"https:\/\/df8ymybeo92md.cloudfront.net\/images\/","sentry_log":0,"local_logging":0,"sentry_dsn":"https:\/\/93ffa1c9a4124f67b8888a53265f751a:bbf998e04584477fa9a145838e9d3b26@sentry.io\/168994","sentry_initialization":1,"sentry_debugging":0,"bannerSizes":["5"],"aspectRatioVideo":"16_9","app_id":"2598","showPreRewardedDialogue":0,"showPostRewardedDialogue":0,"rewardCurrency":"coins","rewardValue":0,"isSkipable":0,"privacyPolicyURL":"https:\/\/www.consoliads.com\/privacy-policy\/","sessionToken":"M4YNKjef0F50SP4UCsGPUOndAs+h0LWXBecT48DsEM9MWteZ7vUdOcAaIO2XsZ+U6vtH6w0RsmBii39MmhOKJgLSJnGSgCZM1anSX9vcYJJrT9tTPYBuupC26NfQBxe5HtPjFNinNhMbWK+X2yn2oReRnXsZLNlvSTKmWC\/Eehk="}
Session token value is set


{"appKey":"cd6601541ec10dd5e108fa8bb11b8a6d","deviceID":"4324","stats":[{"campaignID":216,"packageID":"com.tgp.offroad.extreme.highway.busdriver","sceneStats":[{"sceneID":"11","eventStats":"343,243,143,43,43,0,0"}]}],"sdkVersion":"2163","sessionToken":"M4YNKjef0F50SP4UCsGPUOndAs+h0LWXBecT48DsEM9MWteZ7vUdOcAaIO2XsZ+U6vtH6w0RsmBii39MmhOKJgLSJnGSgCZM1anSX9vcYJJrT9tTPYBuupC26NfQBxe5HtPjFNinNhMbWK+X2yn2oReRnXsZLNlvSTKmWC\/Eehk="}
cache_ttl value is correct

Refresh Ad Rate value is correct
mode value is set

 Aspect ratio value is correct
sentry_log value is set
local_logging value is set
sentry_initialization value is set
sentry_debugging value is set
showPreRewardedDialogue value is set
showPostRewardedDialogue value is set
isSkipable value is set
{"cache_ttl":10080,"cache_ttl_rewarded":10080,"cache_ttl_banner":10080,"cache_ttl_native":10080,"cache_ttl_icon":10080,"campaigns":[{"campaignID":"139","attribution":0,"priority":"5","appToPromote":{"appToPromoteID":"2150","usesDefaultFrameImage":"0","usesDefaultCloseImage":"0","marketURL":"https:\/\/play.google.com\/store\/apps\/details?id=com.gss.traffic.rush.crazy.bike.rider","packageID":"com.gss.traffic.rush.crazy.bike.rider"},"showTemplate":1,"s2s_tracking_url":"https:\/\/play.google.com\/store\/apps\/details?id=com.gss.traffic.rush.crazy.bike.rider","activeCreativeID":"179","scenes":["12","1","8","6","15","2"],"campaignAdType":"Interstitial"},{"campaignID":"142","attribution":0,"priority":"5","appToPromote":{"appToPromoteID":"2164","usesDefaultFrameImage":"0","usesDefaultCloseImage":"0","marketURL":"https:\/\/play.google.com\/store\/apps\/details?id=com.vg.police.demolition.derby.crash.racing","packageID":"com.vg.police.demolition.derby.crash.racing"},"showTemplate":1,"s2s_tracking_url":"https:\/\/play.google.com\/store\/apps\/details?id=com.vg.police.demolition.derby.crash.racing","activeCreativeID":"182","scenes":["12","1","8","6","15","2"],"campaignAdType":"Interstitial"},{"campaignID":"146","attribution":0,"priority":"5","appToPromote":{"appToPromoteID":"2225","usesDefaultFrameImage":"0","usesDefaultCloseImage":"0","marketURL":"https:\/\/play.google.com\/store\/apps\/details?id=com.gss.offroad.policebiketransport","packageID":"com.gss.offroad.policebiketransport"},"showTemplate":1,"s2s_tracking_url":"https:\/\/play.google.com\/store\/apps\/details?id=com.gss.offroad.policebiketransport","activeCreativeID":"187","scenes":["12","1","8","6","15","2"],"campaignAdType":"Interstitial"},{"campaignID":"149","attribution":0,"priority":"5","appToPromote":{"appToPromoteID":"2224","usesDefaultFrameImage":"0","usesDefaultCloseImage":"0","marketURL":"https:\/\/play.google.com\/store\/apps\/details?id=com.vg.mega.city.construction.building.sim","packageID":"com.vg.mega.city.construction.building.sim"},"showTemplate":1,"s2s_tracking_url":"https:\/\/play.google.com\/store\/apps\/details?id=com.vg.mega.city.construction.building.sim","activeCreativeID":"191","scenes":["12","1","8","6","15","2"],"campaignAdType":"Interstitial"},{"campaignID":"150","attribution":0,"priority":"5","appToPromote":{"appToPromoteID":"2224","usesDefaultFrameImage":"0","usesDefaultCloseImage":"0","marketURL":"https:\/\/play.google.com\/store\/apps\/details?id=com.vg.mega.city.construction.building.sim","packageID":"com.vg.mega.city.construction.building.sim"},"showTemplate":1,"s2s_tracking_url":"https:\/\/play.google.com\/store\/apps\/details?id=com.vg.mega.city.construction.building.sim","activeCreativeID":"191","scenes":["12","1","8","6","15","2"],"campaignAdType":"Interstitial"},{"campaignID":"155","attribution":0,"priority":"5","appToPromote":{"appToPromoteID":"2226","usesDefaultFrameImage":"0","usesDefaultCloseImage":"0","marketURL":"https:\/\/play.google.com\/store\/apps\/details?id=com.gss.garage.workshop.carmehanic","packageID":"com.gss.garage.workshop.carmehanic"},"showTemplate":1,"s2s_tracking_url":"https:\/\/play.google.com\/store\/apps\/details?id=com.gss.garage.workshop.carmehanic","activeCreativeID":"197","scenes":["12","1","8","6","15","2"],"campaignAdType":"Interstitial"},{"campaignID":"156","attribution":0,"priority":"5","appToPromote":{"appToPromoteID":"2227","usesDefaultFrameImage":"0","usesDefaultCloseImage":"0","marketURL":"https:\/\/play.google.com\/store\/apps\/details?id=com.tgp.offroad.extreme.multi.cargotruck","packageID":"com.tgp.offroad.extreme.multi.cargotruck"},"showTemplate":1,"s2s_tracking_url":"https:\/\/play.google.com\/store\/apps\/details?id=com.tgp.offroad.extreme.multi.cargotruck","activeCreativeID":"198","scenes":["12","1","8","6","15","2"],"campaignAdType":"Interstitial"},{"campaignID":"163","attribution":0,"priority":"5","appToPromote":{"appToPromoteID":"2349","usesDefaultFrameImage":"0","usesDefaultCloseImage":"0","marketURL":"https:\/\/play.google.com\/store\/apps\/details?id=com.gss.city.war.survival.robothero","packageID":"com.gss.city.war.survival.robothero"},"showTemplate":1,"s2s_tracking_url":"https:\/\/play.google.com\/store\/apps\/details?id=com.gss.city.war.survival.robothero","activeCreativeID":"207","scenes":["12","1","8","6","15","2"],"campaignAdType":"Interstitial"},{"campaignID":"164","attribution":0,"priority":"5","appToPromote":{"appToPromoteID":"2350","usesDefaultFrameImage":"0","usesDefaultCloseImage":"0","marketURL":"https:\/\/play.google.com\/store\/apps\/details?id=com.tgp.car.robot.transport.truck","packageID":"com.tgp.car.robot.transport.truck"},"showTemplate":1,"s2s_tracking_url":"https:\/\/play.google.com\/store\/apps\/details?id=com.tgp.car.robot.transport.truck","activeCreativeID":"211","scenes":["12","1","8","6","15","2"],"campaignAdType":"Interstitial"},{"campaignID":"166","attribution":0,"priority":"5","appToPromote":{"appToPromoteID":"2273","usesDefaultFrameImage":"0","usesDefaultCloseImage":"0","marketURL":"https:\/\/play.google.com\/store\/apps\/details?id=com.gss.police.automechanic.repair.workshop","packageID":"com.gss.police.automechanic.repair.workshop"},"showTemplate":1,"s2s_tracking_url":"https:\/\/play.google.com\/store\/apps\/details?id=com.gss.police.automechanic.repair.workshop","activeCreativeID":"217","scenes":["12","1","8","6","15","2"],"campaignAdType":"Interstitial"},{"campaignID":"167","attribution":0,"priority":"5","appToPromote":{"appToPromoteID":"2348","usesDefaultFrameImage":"0","usesDefaultCloseImage":"0","marketURL":"https:\/\/play.google.com\/store\/apps\/details?id=com.vg.rollercoaster.crazy.tycoon.tour","packageID":"com.vg.rollercoaster.crazy.tycoon.tour"},"showTemplate":1,"s2s_tracking_url":"https:\/\/play.google.com\/store\/apps\/details?id=com.vg.rollercoaster.crazy.tycoon.tour","activeCreativeID":"218","scenes":["12","1","8","6","15","2"],"campaignAdType":"Interstitial"},{"campaignID":"214","attribution":0,"priority":"5","appToPromote":{"appToPromoteID":"2613","usesDefaultFrameImage":"0","usesDefaultCloseImage":"0","marketURL":"https:\/\/play.google.com\/store\/apps\/details?id=com.gss.robot.bike.transport.truck","packageID":"com.gss.robot.bike.transport.truck"},"showTemplate":1,"s2s_tracking_url":"https:\/\/play.google.com\/store\/apps\/details?id=com.gss.robot.bike.transport.truck","activeCreativeID":"295","scenes":["12","1","8","6","15","2"],"campaignAdType":"Interstitial"},{"campaignID":"303","attribution":0,"priority":"5","appToPromote":{"appToPromoteID":"2642","usesDefaultFrameImage":"0","usesDefaultCloseImage":"0","marketURL":"https:\/\/play.google.com\/store\/apps\/details?id=com.tgp.offroad.robot.transport.truck","packageID":"com.tgp.offroad.robot.transport.truck"},"showTemplate":1,"s2s_tracking_url":"https:\/\/play.google.com\/store\/apps\/details?id=com.tgp.offroad.robot.transport.truck","activeCreativeID":"310","scenes":["12","1","8","6","15","2"],"campaignAdType":"Interstitial"},{"campaignID":"370","attribution":0,"priority":"5","appToPromote":{"appToPromoteID":"3065","usesDefaultFrameImage":"0","usesDefaultCloseImage":"0","marketURL":"https:\/\/play.google.com\/store\/apps\/details?id=com.gss.raft.survival.island.escape","packageID":"com.gss.raft.survival.island.escape"},"showTemplate":1,"s2s_tracking_url":"https:\/\/play.google.com\/store\/apps\/details?id=com.gss.raft.survival.island.escape","activeCreativeID":"391","scenes":["12","1","8","6","15","2"],"campaignAdType":"Interstitial"},{"campaignID":"371","attribution":0,"priority":"5","appToPromote":{"appToPromoteID":"3117","usesDefaultFrameImage":"0","usesDefaultCloseImage":"0","marketURL":"https:\/\/play.google.com\/store\/apps\/details?id=com.vg.fast.car.driver.furiousracing","packageID":"com.vg.fast.car.driver.furiousracing"},"showTemplate":1,"s2s_tracking_url":"https:\/\/play.google.com\/store\/apps\/details?id=com.vg.fast.car.driver.furiousracing","activeCreativeID":"392","scenes":["12","1","8","6","15","2"],"campaignAdType":"Interstitial"},{"campaignID":"372","attribution":0,"priority":"5","appToPromote":{"appToPromoteID":"2938","usesDefaultFrameImage":"0","usesDefaultCloseImage":"0","marketURL":"https:\/\/play.google.com\/store\/apps\/details?id=com.tgp.offroad.us.army.transport","packageID":"com.tgp.offroad.us.army.transport"},"showTemplate":1,"s2s_tracking_url":"https:\/\/play.google.com\/store\/apps\/details?id=com.tgp.offroad.us.army.transport","activeCreativeID":"393","scenes":["12","1","8","6","15","2"],"campaignAdType":"Interstitial"},{"campaignID":"396","attribution":0,"priority":"5","appToPromote":{"appToPromoteID":"3019","usesDefaultFrameImage":"0","usesDefaultCloseImage":"0","marketURL":"https:\/\/play.google.com\/store\/apps\/details?id=com.gss.robot.car.transport.truck","packageID":"com.gss.robot.car.transport.truck"},"showTemplate":1,"s2s_tracking_url":"https:\/\/play.google.com\/store\/apps\/details?id=com.gss.robot.car.transport.truck","activeCreativeID":"420","scenes":["12","1","8","6","15","2"],"campaignAdType":"Interstitial"},{"campaignID":"397","attribution":0,"priority":"5","appToPromote":{"appToPromoteID":"3108","usesDefaultFrameImage":"0","usesDefaultCloseImage":"0","marketURL":"https:\/\/play.google.com\/store\/apps\/details?id=com.vg.amazing.city.coachbusdriver","packageID":"com.vg.amazing.city.coachbusdriver"},"showTemplate":1,"s2s_tracking_url":"https:\/\/play.google.com\/store\/apps\/details?id=com.vg.amazing.city.coachbusdriver","activeCreativeID":"417","scenes":["12","1","8","6","15","2"],"campaignAdType":"Interstitial"},{"campaignID":"399","attribution":0,"priority":"5","appToPromote":{"appToPromoteID":"3151","usesDefaultFrameImage":"0","usesDefaultCloseImage":"0","marketURL":"https:\/\/play.google.com\/store\/apps\/details?id=com.tgp.watersurfer.beach.car.driving","packageID":"com.tgp.watersurfer.beach.car.driving"},"showTemplate":1,"s2s_tracking_url":"https:\/\/play.google.com\/store\/apps\/details?id=com.tgp.watersurfer.beach.car.driving","activeCreativeID":"419","scenes":["12","1","8","6","15","2"],"campaignAdType":"Interstitial"},{"campaignID":"416","attribution":0,"priority":"5","appToPromote":{"appToPromoteID":"3226","usesDefaultFrameImage":"0","usesDefaultCloseImage":"0","marketURL":"https:\/\/play.google.com\/store\/apps\/details?id=com.gss.city.rooftop.bikestuntsrider","packageID":"com.gss.city.rooftop.bikestuntsrider"},"showTemplate":1,"s2s_tracking_url":"https:\/\/play.google.com\/store\/apps\/details?id=com.gss.city.rooftop.bikestuntsrider","activeCreativeID":"453","scenes":["12","1","8","6","15","2"],"campaignAdType":"Interstitial"},{"campaignID":"418","attribution":0,"priority":"5","appToPromote":{"appToPromoteID":"3152","usesDefaultFrameImage":"0","usesDefaultCloseImage":"0","marketURL":"https:\/\/play.google.com\/store\/apps\/details?id=com.tgp.city.rooftop.bicycle.stunts.rider","packageID":"com.tgp.city.rooftop.bicycle.stunts.rider"},"showTemplate":1,"s2s_tracking_url":"https:\/\/play.google.com\/store\/apps\/details?id=com.tgp.city.rooftop.bicycle.stunts.rider","activeCreativeID":"455","scenes":["12","1","8","6","15","2"],"campaignAdType":"Interstitial"},{"campaignID":"438","attribution":0,"priority":"5","appToPromote":{"appToPromoteID":"3281","usesDefaultFrameImage":"0","usesDefaultCloseImage":"0","marketURL":"https:\/\/play.google.com\/store\/apps\/details?id=com.vg.police.car.robot.superhero","packageID":"com.vg.police.car.robot.superhero"},"showTemplate":1,"s2s_tracking_url":"https:\/\/play.google.com\/store\/apps\/details?id=com.vg.police.car.robot.superhero","activeCreativeID":"479","scenes":["12","1","8","6","15","2"],"campaignAdType":"Interstitial"},{"campaignID":"446","attribution":0,"priority":"5","appToPromote":{"appToPromoteID":"3390","usesDefaultFrameImage":"0","usesDefaultCloseImage":"0","marketURL":"https:\/\/play.google.com\/store\/apps\/details?id=com.gss.flying.spider.superhero.survival","packageID":"com.gss.flying.spider.superhero.survival"},"showTemplate":1,"s2s_tracking_url":"https:\/\/play.google.com\/store\/apps\/details?id=com.gss.flying.spider.superhero.survival","activeCreativeID":"488","scenes":["12","1","8","6","15","2"],"campaignAdType":"Interstitial"},{"campaignID":"447","attribution":0,"priority":"5","appToPromote":{"appToPromoteID":"3383","usesDefaultFrameImage":"0","usesDefaultCloseImage":"0","marketURL":"https:\/\/play.google.com\/store\/apps\/details?id=com.vg.us.armytransport.truck.simulator","packageID":"com.vg.us.armytransport.truck.simulator"},"showTemplate":1,"s2s_tracking_url":"https:\/\/play.google.com\/store\/apps\/details?id=com.vg.us.armytransport.truck.simulator","activeCreativeID":"490","scenes":["12","1","8","6","15","2"],"campaignAdType":"Interstitial"},{"campaignID":"448","attribution":0,"priority":"5","appToPromote":{"appToPromoteID":"3283","usesDefaultFrameImage":"0","usesDefaultCloseImage":"0","marketURL":"https:\/\/play.google.com\/store\/apps\/details?id=com.tgp.water.stunts.jetskiracing","packageID":"com.tgp.water.stunts.jetskiracing"},"showTemplate":1,"s2s_tracking_url":"https:\/\/play.google.com\/store\/apps\/details?id=com.tgp.water.stunts.jetskiracing","activeCreativeID":"487","scenes":["12","1","8","6","15","2"],"campaignAdType":"Interstitial"}],"refreshAdRate":30,"mode":"Production","aspectRatio":"4_3","cdnPath":"https:\/\/df8ymybeo92md.cloudfront.net\/images\/","sentry_log":0,"local_logging":0,"sentry_dsn":"https:\/\/93ffa1c9a4124f67b8888a53265f751a:bbf998e04584477fa9a145838e9d3b26@sentry.io\/168994","sentry_initialization":1,"sentry_debugging":0,"bannerSizes":["1","2"],"aspectRatioVideo":"16_9","app_id":"2402","showPreRewardedDialogue":0,"showPostRewardedDialogue":0,"rewardCurrency":"coins","rewardValue":0,"isSkipable":0,"privacyPolicyURL":"https:\/\/www.consoliads.com\/privacy-policy\/","sessionToken":"\/lBaBbpcymdT6ZJyrga\/y6yvkXfd6gKJehssxB25FaYAIjqtKyodf2U4p6JiXympDN9L0amFZtcx9\/6hSLr0eSj8B0tjooRrGjAvqHFvtvRfbGgXYojpbE5KPSo4a52Fq0k08LVDntNG84Zy0MOO2Yxf+QE581n20r6TWiN7XSc="}
Session token value is set


{"appKey":"dd587f33bef2bea93ba58b467ec75780","deviceID":"4434","stats":[{"campaignID":220,"packageID":"com.rgs.robot.battle","sceneStats":[{"sceneID":"12","eventStats":"344,244,144,44,44,0,0"}]}],"sdkVersion":"90","sessionToken":"\/lBaBbpcymdT6ZJyrga\/y6yvkXfd6gKJehssxB25FaYAIjqtKyodf2U4p6JiXympDN9L0amFZtcx9\/6hSLr0eSj8B0tjooRrGjAvqHFvtvRfbGgXYojpbE5KPSo4a52Fq0k08LVDntNG84Zy0MOO2Yxf+QE581n20r6TWiN7XSc="}
cache_ttl value is correct

Refresh Ad Rate value is correct
mode value is set

 Aspect ratio value is correct
sentry_log value is set
local_logging value is set
sentry_initialization value is set
sentry_debugging value is set
showPreRewardedDialogue value is set
showPostRewardedDialogue value is set
isSkipable value is set
{"cache_ttl":10080,"cache_ttl_rewarded":10080,"cache_ttl_banner":10080,"cache_ttl_native":10080,"cache_ttl_icon":10080,"refreshAdRate":30,"mode":"Production","aspectRatio":"4_3","cdnPath":"https:\/\/df8ymybeo92md.cloudfront.net\/images\/","sentry_log":0,"local_logging":0,"sentry_dsn":"https:\/\/93ffa1c9a4124f67b8888a53265f751a:bbf998e04584477fa9a145838e9d3b26@sentry.io\/168994","sentry_initialization":1,"sentry_debugging":0,"bannerSizes":[],"aspectRatioVideo":"16_9","app_id":"2624","showPreRewardedDialogue":0,"showPostRewardedDialogue":0,"rewardCurrency":"coins","rewardValue":0,"isSkipable":0,"privacyPolicyURL":"https:\/\/www.consoliads.com\/privacy-policy\/","sessionToken":"acvlC8iMz+JlmmS4Pu9B4rUmFgSEIcL\/tQh038K34XzaGAmFZp3V+uzPjZZVLoRs+Tm5Vfl8Xfou\/3Jdho8SB9BA74fICP3A7oO+6iVL76hkKuW\/C9fa7GOrIlP1MStUZE7ZCLFrUJfuUjLJxMWjhnlWgIdZQ6Ds6gIxjMiprjw="}
Session token value is set


{"appKey":"f7195bc5052737febb7af2f3f1baf1c1","deviceID":"4368","stats":[{"campaignID":221,"packageID":"com.whitesand.raft.survival.shark.hunter","sceneStats":[{"sceneID":"11","eventStats":"344,244,144,44,44,0,0"}]}],"sdkVersion":"39","sessionToken":"acvlC8iMz+JlmmS4Pu9B4rUmFgSEIcL\/tQh038K34XzaGAmFZp3V+uzPjZZVLoRs+Tm5Vfl8Xfou\/3Jdho8SB9BA74fICP3A7oO+6iVL76hkKuW\/C9fa7GOrIlP1MStUZE7ZCLFrUJfuUjLJxMWjhnlWgIdZQ6Ds6gIxjMiprjw="}
cache_ttl value is correct

Refresh Ad Rate value is correct
mode value is set

 Aspect ratio value is correct
sentry_log value is set
local_logging value is set
sentry_initialization value is set
sentry_debugging value is set
showPreRewardedDialogue value is set
showPostRewardedDialogue value is set
isSkipable value is set
{"cache_ttl":10080,"cache_ttl_rewarded":10080,"cache_ttl_banner":10080,"cache_ttl_native":10080,"cache_ttl_icon":10080,"refreshAdRate":30,"mode":"Production","aspectRatio":"4_3","cdnPath":"https:\/\/df8ymybeo92md.cloudfront.net\/images\/","sentry_log":0,"local_logging":0,"sentry_dsn":"https:\/\/93ffa1c9a4124f67b8888a53265f751a:bbf998e04584477fa9a145838e9d3b26@sentry.io\/168994","sentry_initialization":1,"sentry_debugging":0,"bannerSizes":["5"],"aspectRatioVideo":"16_9","app_id":"2602","showPreRewardedDialogue":0,"showPostRewardedDialogue":0,"rewardCurrency":"coins","rewardValue":0,"isSkipable":0,"privacyPolicyURL":"https:\/\/www.consoliads.com\/privacy-policy\/","sessionToken":"HI6x+elrDWtlcTvrrKS3cCIba\/3H7Z6mnHSsQMh1uownQlFQ8bIWI0xwPrefKxFxQEuj8zqmEbQeqI1ZoJhkyDAIFJDWDG0JRJpstpMBL6Rk+IiENE+0hjnFEgEFWMJzWI\/vBfJLnaySGEgsvaIy3OwCyPBhgJO0YZqTKU7Nrw8="}
Session token value is set


{"appKey":"e27e8b9552ca9d031927942acc186a25","deviceID":"5939","stats":[{"campaignID":222,"packageID":"com.rgs.car.transporter.cargo.ship","sceneStats":[{"sceneID":"15","eventStats":"359,259,159,59,59,0,0"}]}],"sdkVersion":"90","sessionToken":"HI6x+elrDWtlcTvrrKS3cCIba\/3H7Z6mnHSsQMh1uownQlFQ8bIWI0xwPrefKxFxQEuj8zqmEbQeqI1ZoJhkyDAIFJDWDG0JRJpstpMBL6Rk+IiENE+0hjnFEgEFWMJzWI\/vBfJLnaySGEgsvaIy3OwCyPBhgJO0YZqTKU7Nrw8="}
cache_ttl value is correct

Refresh Ad Rate value is correct
mode value is set

 Aspect ratio value is correct
sentry_log value is set
local_logging value is set
sentry_initialization value is set
sentry_debugging value is set
showPreRewardedDialogue value is set
showPostRewardedDialogue value is set
isSkipable value is set
{"cache_ttl":10080,"cache_ttl_rewarded":10080,"cache_ttl_banner":10080,"cache_ttl_native":10080,"cache_ttl_icon":10080,"refreshAdRate":30,"mode":"Production","aspectRatio":"4_3","cdnPath":"https:\/\/df8ymybeo92md.cloudfront.net\/images\/","sentry_log":0,"local_logging":0,"sentry_dsn":"https:\/\/93ffa1c9a4124f67b8888a53265f751a:bbf998e04584477fa9a145838e9d3b26@sentry.io\/168994","sentry_initialization":1,"sentry_debugging":0,"bannerSizes":[],"aspectRatioVideo":"16_9","app_id":"2583","showPreRewardedDialogue":0,"showPostRewardedDialogue":0,"rewardCurrency":"coins","rewardValue":0,"isSkipable":0,"privacyPolicyURL":"https:\/\/www.consoliads.com\/privacy-policy\/","sessionToken":"zSESUvJlpT7ULoNmnR7xK7EYU3F+ASTWpRPXOBo+Pg0MCnXnqfkRafRg2HX99kwH3TRGHTNzJ4GpvTblrsB16Z24TBqomkBBjob\/9uiDuzr\/rTUMw5suW\/HeexrzorJPA4NrcCKopPHOHpArnRqvz6RM9YDf7VOrHg8lAzJy8c0="}
Session token value is set


{"appKey":"dd587f33bef2bea93ba58b467ec75780","deviceID":"2286","stats":[{"campaignID":223,"packageID":"com.rgs.robot.battle","sceneStats":[{"sceneID":"6","eventStats":"323,223,123,23,23,0,0"}]}],"sdkVersion":"90","sessionToken":"zSESUvJlpT7ULoNmnR7xK7EYU3F+ASTWpRPXOBo+Pg0MCnXnqfkRafRg2HX99kwH3TRGHTNzJ4GpvTblrsB16Z24TBqomkBBjob\/9uiDuzr\/rTUMw5suW\/HeexrzorJPA4NrcCKopPHOHpArnRqvz6RM9YDf7VOrHg8lAzJy8c0="}
cache_ttl value is correct

Refresh Ad Rate value is correct
mode value is set

 Aspect ratio value is correct
sentry_log value is set
local_logging value is set
sentry_initialization value is set
sentry_debugging value is set
showPreRewardedDialogue value is set
showPostRewardedDialogue value is set
isSkipable value is set
{"cache_ttl":10080,"cache_ttl_rewarded":10080,"cache_ttl_banner":10080,"cache_ttl_native":10080,"cache_ttl_icon":10080,"refreshAdRate":30,"mode":"Production","aspectRatio":"4_3","cdnPath":"https:\/\/df8ymybeo92md.cloudfront.net\/images\/","sentry_log":0,"local_logging":0,"sentry_dsn":"https:\/\/93ffa1c9a4124f67b8888a53265f751a:bbf998e04584477fa9a145838e9d3b26@sentry.io\/168994","sentry_initialization":1,"sentry_debugging":0,"bannerSizes":[],"aspectRatioVideo":"16_9","app_id":"2624","showPreRewardedDialogue":0,"showPostRewardedDialogue":0,"rewardCurrency":"coins","rewardValue":0,"isSkipable":0,"privacyPolicyURL":"https:\/\/www.consoliads.com\/privacy-policy\/","sessionToken":"bqZyjdng7AMfLNGF+1PwQ75uYWatH9\/vA5iea8aLhaJNHbKAJ+c44DiKtTNnouP2aFO1ksrjXmju5l+hJEZ5le5VB+8hf+VPzXgvm9DqtJwEcRBtv82WI4Wtg1Gy3wIevAi1UwAnqPVz21Fe0Y2NAuTeKfFACuyGz5mPYXIMOV4="}
Session token value is set


{"appKey":"dd587f33bef2bea93ba58b467ec75780","deviceID":"3857","stats":[{"campaignID":225,"packageID":"com.rgs.robot.battle","sceneStats":[{"sceneID":"10","eventStats":"339,239,139,39,39,0,0"}]}],"sdkVersion":"90","sessionToken":"bqZyjdng7AMfLNGF+1PwQ75uYWatH9\/vA5iea8aLhaJNHbKAJ+c44DiKtTNnouP2aFO1ksrjXmju5l+hJEZ5le5VB+8hf+VPzXgvm9DqtJwEcRBtv82WI4Wtg1Gy3wIevAi1UwAnqPVz21Fe0Y2NAuTeKfFACuyGz5mPYXIMOV4="}
cache_ttl value is correct

Refresh Ad Rate value is correct
mode value is set

 Aspect ratio value is correct
sentry_log value is set
local_logging value is set
sentry_initialization value is set
sentry_debugging value is set
showPreRewardedDialogue value is set
showPostRewardedDialogue value is set
isSkipable value is set
{"cache_ttl":10080,"cache_ttl_rewarded":10080,"cache_ttl_banner":10080,"cache_ttl_native":10080,"cache_ttl_icon":10080,"refreshAdRate":30,"mode":"Production","aspectRatio":"4_3","cdnPath":"https:\/\/df8ymybeo92md.cloudfront.net\/images\/","sentry_log":0,"local_logging":0,"sentry_dsn":"https:\/\/93ffa1c9a4124f67b8888a53265f751a:bbf998e04584477fa9a145838e9d3b26@sentry.io\/168994","sentry_initialization":1,"sentry_debugging":0,"bannerSizes":[],"aspectRatioVideo":"16_9","app_id":"2624","showPreRewardedDialogue":0,"showPostRewardedDialogue":0,"rewardCurrency":"coins","rewardValue":0,"isSkipable":0,"privacyPolicyURL":"https:\/\/www.consoliads.com\/privacy-policy\/","sessionToken":"4pBJ9HaDd9Xx46DzFSa+u3iJr3Y10rVYJvVi4\/09obZrarAQVq0yn+z0tPfKi4X7iMuF1oVG+S0EC8W0RTNGuqCnhmxid5vJMO7kAb\/8FOnYhVCGpQqnRXZx+jTQdfoZZmD1QYtPknhoWaqL8VQ9SHWIijnOgbGfXIBXG5\/rsf4="}
Session token value is set

</DebugTrace>
      </Output>
    </UnitTestResult>
    <UnitTestResult executionId="f24f68bb-bb4a-4160-997d-31e26efbe0ce" testId="d249d328-6d44-2c2d-6ed9-e0b5d6f69772" testName="C_RecordClicksFromDeviceMainMethodCodeGenerator" computerName="DESKTOP-5AJ0SB3" duration="00:01:48.6329050" startTime="2020-12-31T12:17:14.6372423+05:00" endTime="2020-12-31T12:19:03.2761252+05:00" testType="13cdc9d9-ddb5-4fa4-a97d-d965ccfc6d4b" outcome="Passed" testListId="8c84fa94-04c1-424b-9868-57a2d4851a1d" relativeResultsDirectory="f24f68bb-bb4a-4160-997d-31e26efbe0ce">
      <Output>
        <DebugTrace>****************** SELECT campaigns.campaignID,campaigns.appID,apps.sdkID,apps.companyID,apps.osID FROM apps INNER JOIN campaigns ON apps.appID = campaigns.appID WHERE apps.sdkID &gt; 20 AND apps.appKey != '' AND campaigns.campaignID NOT IN (0 ,- 1 ,- 2 ,- 3 ,- 4 ,- 5) LIMIT 50
****************** 
****************** Select appKey , appID from apps where appkey!='' and sdkID &gt; 10 limit  50
****************** 
****************** JJpX85UiVMIIL76SOmx/V38lvKURDRVwbXc8U7kDRoSED310LrcjKfQCfTMxbOWRwnbjSNw8TDXz5pA3iwXrqBhoeqMc8fG7U9JpllMOOwdTpbf6vuddgS2LUhomvidi
****************** JJpX85UiVMIIL76SOmx/V38lvKURDRVwbXc8U7kDRoSED310LrcjKfQCfTMxbOWRwnbjSNw8TDXz5pA3iwXrqBhoeqMc8fG7U9JpllMOOwdTpbf6vuddgS2LUhomvidi
****************** JJpX85UiVMIIL76SOmx/V38lvKURDRVwbXc8U7kDRoSED310LrcjKfQCfTMxbOWRwnbjSNw8TDXz5pA3iwXrqBhoeqMc8fG7U9JpllMOOwdTpbf6vuddgS2LUhomvidi
****************** JJpX85UiVMIIL76SOmx/V38lvKURDRVwbXc8U7kDRoSED310LrcjKfQCfTMxbOWRwnbjSNw8TDXz5pA3iwXrqBhoeqMc8fG7U9JpllMOOwdTpbf6vuddgS2LUhomvidi
****************** JJpX85UiVMIIL76SOmx/V38lvKURDRVwbXc8U7kDRoSED310LrcjKfQCfTMxbOWRwnbjSNw8TDXz5pA3iwXrqBhoeqMc8fG7U9JpllMOOwdTpbf6vuddgS2LUhomvidi
****************** JJpX85UiVMIIL76SOmx/V38lvKURDRVwbXc8U7kDRoSED310LrcjKfQCfTMxbOWRwnbjSNw8TDXz5pA3iwXrqBhoeqMc8fG7U9JpllMOOwdTpbf6vuddgS2LUhomvidi
****************** JJpX85UiVMIIL76SOmx/V38lvKURDRVwbXc8U7kDRoSED310LrcjKfQCfTMxbOWRwnbjSNw8TDXz5pA3iwXrqBhoeqMc8fG7U9JpllMOOwdTpbf6vuddgS2LUhomvidi
****************** JJpX85UiVMIIL76SOmx/V38lvKURDRVwbXc8U7kDRoSED310LrcjKfQCfTMxbOWRwnbjSNw8TDXz5pA3iwXrqBhoeqMc8fG7U9JpllMOOwdTpbf6vuddgS2LUhomvidi
****************** JJpX85UiVMIIL76SOmx/V38lvKURDRVwbXc8U7kDRoSED310LrcjKfQCfTMxbOWRwnbjSNw8TDXz5pA3iwXrqBhoeqMc8fG7U9JpllMOOwdTpbf6vuddgS2LUhomvidi
****************** JJpX85UiVMIIL76SOmx/V38lvKURDRVwbXc8U7kDRoSED310LrcjKfQCfTMxbOWRwnbjSNw8TDXz5pA3iwXrqBhoeqMc8fG7U9JpllMOOwdTpbf6vuddgS2LUhomvidi
****************** JJpX85UiVMIIL76SOmx/V38lvKURDRVwbXc8U7kDRoSED310LrcjKfQCfTMxbOWRwnbjSNw8TDXz5pA3iwXrqBhoeqMc8fG7U9JpllMOOwdTpbf6vuddgS2LUhomvidi
****************** JJpX85UiVMIIL76SOmx/V38lvKURDRVwbXc8U7kDRoSED310LrcjKfQCfTMxbOWRwnbjSNw8TDXz5pA3iwXrqBhoeqMc8fG7U9JpllMOOwdTpbf6vuddgS2LUhomvidi
****************** JJpX85UiVMIIL76SOmx/V38lvKURDRVwbXc8U7kDRoSED310LrcjKfQCfTMxbOWRwnbjSNw8TDXz5pA3iwXrqBhoeqMc8fG7U9JpllMOOwdTpbf6vuddgS2LUhomvidi
****************** JJpX85UiVMIIL76SOmx/V38lvKURDRVwbXc8U7kDRoSED310LrcjKfQCfTMxbOWRwnbjSNw8TDXz5pA3iwXrqBhoeqMc8fG7U9JpllMOOwdTpbf6vuddgS2LUhomvidi
****************** JJpX85UiVMIIL76SOmx/V38lvKURDRVwbXc8U7kDRoSED310LrcjKfQCfTMxbOWRwnbjSNw8TDXz5pA3iwXrqBhoeqMc8fG7U9JpllMOOwdTpbf6vuddgS2LUhomvidi
****************** JJpX85UiVMIIL76SOmx/V38lvKURDRVwbXc8U7kDRoSED310LrcjKfQCfTMxbOWRwnbjSNw8TDXz5pA3iwXrqBhoeqMc8fG7U9JpllMOOwdTpbf6vuddgS2LUhomvidi
****************** JJpX85UiVMIIL76SOmx/V38lvKURDRVwbXc8U7kDRoSED310LrcjKfQCfTMxbOWRwnbjSNw8TDXz5pA3iwXrqBhoeqMc8fG7U9JpllMOOwdTpbf6vuddgS2LUhomvidi
****************** JJpX85UiVMIIL76SOmx/V38lvKURDRVwbXc8U7kDRoSED310LrcjKfQCfTMxbOWRwnbjSNw8TDXz5pA3iwXrqBhoeqMc8fG7U9JpllMOOwdTpbf6vuddgS2LUhomvidi
****************** JJpX85UiVMIIL76SOmx/V38lvKURDRVwbXc8U7kDRoSED310LrcjKfQCfTMxbOWRwnbjSNw8TDXz5pA3iwXrqBhoeqMc8fG7U9JpllMOOwdTpbf6vuddgS2LUhomvidi
****************** JJpX85UiVMIIL76SOmx/V38lvKURDRVwbXc8U7kDRoSED310LrcjKfQCfTMxbOWRwnbjSNw8TDXz5pA3iwXrqBhoeqMc8fG7U9JpllMOOwdTpbf6vuddgS2LUhomvidi
****************** JJpX85UiVMIIL76SOmx/V38lvKURDRVwbXc8U7kDRoSED310LrcjKfQCfTMxbOWRwnbjSNw8TDXz5pA3iwXrqBhoeqMc8fG7U9JpllMOOwdTpbf6vuddgS2LUhomvidi
****************** JJpX85UiVMIIL76SOmx/V38lvKURDRVwbXc8U7kDRoSED310LrcjKfQCfTMxbOWRwnbjSNw8TDXz5pA3iwXrqBhoeqMc8fG7U9JpllMOOwdTpbf6vuddgS2LUhomvidi
****************** JJpX85UiVMIIL76SOmx/V38lvKURDRVwbXc8U7kDRoSED310LrcjKfQCfTMxbOWRwnbjSNw8TDXz5pA3iwXrqBhoeqMc8fG7U9JpllMOOwdTpbf6vuddgS2LUhomvidi
****************** JJpX85UiVMIIL76SOmx/V38lvKURDRVwbXc8U7kDRoSED310LrcjKfQCfTMxbOWRwnbjSNw8TDXz5pA3iwXrqBhoeqMc8fG7U9JpllMOOwdTpbf6vuddgS2LUhomvidi
****************** JJpX85UiVMIIL76SOmx/V38lvKURDRVwbXc8U7kDRoSED310LrcjKfQCfTMxbOWRwnbjSNw8TDXz5pA3iwXrqBhoeqMc8fG7U9JpllMOOwdTpbf6vuddgS2LUhomvidi
****************** JJpX85UiVMIIL76SOmx/V38lvKURDRVwbXc8U7kDRoSED310LrcjKfQCfTMxbOWRwnbjSNw8TDXz5pA3iwXrqBhoeqMc8fG7U9JpllMOOwdTpbf6vuddgS2LUhomvidi
****************** JJpX85UiVMIIL76SOmx/V38lvKURDRVwbXc8U7kDRoSED310LrcjKfQCfTMxbOWRwnbjSNw8TDXz5pA3iwXrqBhoeqMc8fG7U9JpllMOOwdTpbf6vuddgS2LUhomvidi
****************** JJpX85UiVMIIL76SOmx/V38lvKURDRVwbXc8U7kDRoSED310LrcjKfQCfTMxbOWRwnbjSNw8TDXz5pA3iwXrqBhoeqMc8fG7U9JpllMOOwdTpbf6vuddgS2LUhomvidi
****************** JJpX85UiVMIIL76SOmx/V38lvKURDRVwbXc8U7kDRoSED310LrcjKfQCfTMxbOWRwnbjSNw8TDXz5pA3iwXrqBhoeqMc8fG7U9JpllMOOwdTpbf6vuddgS2LUhomvidi
****************** JJpX85UiVMIIL76SOmx/V38lvKURDRVwbXc8U7kDRoSED310LrcjKfQCfTMxbOWRwnbjSNw8TDXz5pA3iwXrqBhoeqMc8fG7U9JpllMOOwdTpbf6vuddgS2LUhomvidi
****************** JJpX85UiVMIIL76SOmx/V38lvKURDRVwbXc8U7kDRoSED310LrcjKfQCfTMxbOWRwnbjSNw8TDXz5pA3iwXrqBhoeqMc8fG7U9JpllMOOwdTpbf6vuddgS2LUhomvidi
****************** JJpX85UiVMIIL76SOmx/V38lvKURDRVwbXc8U7kDRoSED310LrcjKfQCfTMxbOWRwnbjSNw8TDXz5pA3iwXrqBhoeqMc8fG7U9JpllMOOwdTpbf6vuddgS2LUhomvidi
****************** JJpX85UiVMIIL76SOmx/V38lvKURDRVwbXc8U7kDRoSED310LrcjKfQCfTMxbOWRwnbjSNw8TDXz5pA3iwXrqBhoeqMc8fG7U9JpllMOOwdTpbf6vuddgS2LUhomvidi
****************** JJpX85UiVMIIL76SOmx/V38lvKURDRVwbXc8U7kDRoSED310LrcjKfQCfTMxbOWRwnbjSNw8TDXz5pA3iwXrqBhoeqMc8fG7U9JpllMOOwdTpbf6vuddgS2LUhomvidi
****************** JJpX85UiVMIIL76SOmx/V38lvKURDRVwbXc8U7kDRoSED310LrcjKfQCfTMxbOWRwnbjSNw8TDXz5pA3iwXrqBhoeqMc8fG7U9JpllMOOwdTpbf6vuddgS2LUhomvidi
****************** JJpX85UiVMIIL76SOmx/V38lvKURDRVwbXc8U7kDRoSED310LrcjKfQCfTMxbOWRwnbjSNw8TDXz5pA3iwXrqBhoeqMc8fG7U9JpllMOOwdTpbf6vuddgS2LUhomvidi
****************** JJpX85UiVMIIL76SOmx/V38lvKURDRVwbXc8U7kDRoSED310LrcjKfQCfTMxbOWRwnbjSNw8TDXz5pA3iwXrqBhoeqMc8fG7U9JpllMOOwdTpbf6vuddgS2LUhomvidi
****************** JJpX85UiVMIIL76SOmx/V38lvKURDRVwbXc8U7kDRoSED310LrcjKfQCfTMxbOWRwnbjSNw8TDXz5pA3iwXrqBhoeqMc8fG7U9JpllMOOwdTpbf6vuddgS2LUhomvidi
****************** JJpX85UiVMIIL76SOmx/V38lvKURDRVwbXc8U7kDRoSED310LrcjKfQCfTMxbOWRwnbjSNw8TDXz5pA3iwXrqBhoeqMc8fG7U9JpllMOOwdTpbf6vuddgS2LUhomvidi
****************** JJpX85UiVMIIL76SOmx/V38lvKURDRVwbXc8U7kDRoSED310LrcjKfQCfTMxbOWRwnbjSNw8TDXz5pA3iwXrqBhoeqMc8fG7U9JpllMOOwdTpbf6vuddgS2LUhomvidi
****************** JJpX85UiVMIIL76SOmx/V38lvKURDRVwbXc8U7kDRoSED310LrcjKfQCfTMxbOWRwnbjSNw8TDXz5pA3iwXrqBhoeqMc8fG7U9JpllMOOwdTpbf6vuddgS2LUhomvidi
****************** JJpX85UiVMIIL76SOmx/V38lvKURDRVwbXc8U7kDRoSED310LrcjKfQCfTMxbOWRwnbjSNw8TDXz5pA3iwXrqBhoeqMc8fG7U9JpllMOOwdTpbf6vuddgS2LUhomvidi
****************** JJpX85UiVMIIL76SOmx/V38lvKURDRVwbXc8U7kDRoSED310LrcjKfQCfTMxbOWRwnbjSNw8TDXz5pA3iwXrqBhoeqMc8fG7U9JpllMOOwdTpbf6vuddgS2LUhomvidi
****************** JJpX85UiVMIIL76SOmx/V38lvKURDRVwbXc8U7kDRoSED310LrcjKfQCfTMxbOWRwnbjSNw8TDXz5pA3iwXrqBhoeqMc8fG7U9JpllMOOwdTpbf6vuddgS2LUhomvidi
****************** JJpX85UiVMIIL76SOmx/V38lvKURDRVwbXc8U7kDRoSED310LrcjKfQCfTMxbOWRwnbjSNw8TDXz5pA3iwXrqBhoeqMc8fG7U9JpllMOOwdTpbf6vuddgS2LUhomvidi
****************** JJpX85UiVMIIL76SOmx/V38lvKURDRVwbXc8U7kDRoSED310LrcjKfQCfTMxbOWRwnbjSNw8TDXz5pA3iwXrqBhoeqMc8fG7U9JpllMOOwdTpbf6vuddgS2LUhomvidi
****************** JJpX85UiVMIIL76SOmx/V38lvKURDRVwbXc8U7kDRoSED310LrcjKfQCfTMxbOWRwnbjSNw8TDXz5pA3iwXrqBhoeqMc8fG7U9JpllMOOwdTpbf6vuddgS2LUhomvidi
****************** JJpX85UiVMIIL76SOmx/V38lvKURDRVwbXc8U7kDRoSED310LrcjKfQCfTMxbOWRwnbjSNw8TDXz5pA3iwXrqBhoeqMc8fG7U9JpllMOOwdTpbf6vuddgS2LUhomvidi
****************** JJpX85UiVMIIL76SOmx/V38lvKURDRVwbXc8U7kDRoSED310LrcjKfQCfTMxbOWRwnbjSNw8TDXz5pA3iwXrqBhoeqMc8fG7U9JpllMOOwdTpbf6vuddgS2LUhomvidi
****************** JJpX85UiVMIIL76SOmx/V38lvKURDRVwbXc8U7kDRoSED310LrcjKfQCfTMxbOWRwnbjSNw8TDXz5pA3iwXrqBhoeqMc8fG7U9JpllMOOwdTpbf6vuddgS2LUhomvidi
</DebugTrace>
      </Output>
    </UnitTestResult>
    <UnitTestResult executionId="b6825322-4a72-4e4c-b5a8-66cc09673b97" testId="20f0da05-06f5-50cc-bee5-9ac7cf561794" testName="D_SaveNetworkrStatsMainMethodCodeGenerator" computerName="DESKTOP-5AJ0SB3" duration="00:01:23.7773604" startTime="2020-12-31T12:19:03.2821225+05:00" endTime="2020-12-31T12:20:27.0660912+05:00" testType="13cdc9d9-ddb5-4fa4-a97d-d965ccfc6d4b" outcome="Passed" testListId="8c84fa94-04c1-424b-9868-57a2d4851a1d" relativeResultsDirectory="b6825322-4a72-4e4c-b5a8-66cc09673b97">
      <Output>
        <DebugTrace>****************** http://52.13.174.6/sheeda/admin/analytics/saveNetworkStats
****************** SELECT apps.package, apps.osID, apps.appID, apps.companyID,apps.sdkID,sdk_info.ver from apps INNER JOIN sdk_info ON apps.sdkID = sdk_info.sdkID where apps.sdkID &gt; 20 Limit 50
****************** 
****************** select adID from ads where ad_type != 'analytics';
****************** 
****************** JJpX85UiVMIIL76SOmx/V38lvKURDRVwbXc8U7kDRoSED310LrcjKfQCfTMxbOWRwnbjSNw8TDXz5pA3iwXrqBhoeqMc8fG7U9JpllMOOwdTpbf6vuddgS2LUhomvidi
****************** http://52.13.174.6/sheeda/admin/analytics/saveNetworkStats
message value is correct
Session token value is set

****************** http://52.13.174.6/sheeda/admin/analytics/saveNetworkStats
message value is correct
****************** http://52.13.174.6/sheeda/admin/analytics/saveNetworkStats
message value is correct
Session token value is set

****************** http://52.13.174.6/sheeda/admin/analytics/saveNetworkStats
message value is correct
Session token value is set

****************** http://52.13.174.6/sheeda/admin/analytics/saveNetworkStats
{"package":"com.rgs.sand.excavator.truck.simulator","store":"41","uniqueDeviceID":"4441","appID":"","deviceID":"","region":"","adsQueueEventStats":[{"adID":"4","sceneID":"12","request":"444","impression":"444","click":"444"}],"gssdkVersion":"3.2.2","sdkVersionID":"39","sdkVersion":"39","sessionToken":"mQucyx5JbgtcEmktTsFNYJRopbRFdrTU2EmruP8rBVlzGzYQihJQbUJcmVgeRkvQ3nUhX6Ddoxdd1SRtHa72YQO9o8keFHCi+AeYnh3depUMWC1LQh1FXK5crUKAbk0C"}: http://52.13.174.6/sheeda/admin/analytics/saveNetworkStatsAPI failed as it is not correct json response in content type. A PHP error has encoutered  4
&lt;div style="border:1px solid #990000;padding-left:20px;margin:0 0 10px 0;"&gt;

&lt;h4&gt;A PHP Error was encountered&lt;/h4&gt;

&lt;p&gt;Severity: Notice&lt;/p&gt;
&lt;p&gt;Message:  Undefined offset: 0&lt;/p&gt;
&lt;p&gt;Filename: controllers/Mediation.php&lt;/p&gt;
&lt;p&gt;Line Number: 656&lt;/p&gt;


	&lt;p&gt;Backtrace:&lt;/p&gt;
	
		
	
		
	
		
			&lt;p style="margin-left:10px"&gt;
			File: /var/www/html/sheeda/admin/3.0.1/modules/mediation/controllers/Mediation.php&lt;br /&gt;
			Line: 656&lt;br /&gt;
			Function: _error_handler			&lt;/p&gt;

		
	
		
	
		
			&lt;p style="margin-left:10px"&gt;
			File: /var/www/html/sheeda/admin/3.0.1/libraries/REST_Controller.php&lt;br /&gt;
			Line: 688&lt;br /&gt;
			Function: call_user_func_array			&lt;/p&gt;

		
	
		
	
		
	
		
			&lt;p style="margin-left:10px"&gt;
			File: /var/www/html/sheeda/admin/3.0.1.php&lt;br /&gt;
			Line: 307&lt;br /&gt;
			Function: require_once			&lt;/p&gt;

		
	
		
			&lt;p style="margin-left:10px"&gt;
			File: /var/www/html/sheeda/admin/index.php&lt;br /&gt;
			Line: 69&lt;br /&gt;
			Function: require			&lt;/p&gt;

		
	

&lt;/div&gt;&lt;br /&gt;
&lt;b&gt;Notice&lt;/b&gt;:  Trying to get property of non-object in &lt;b&gt;/var/www/html/sheeda/admin/3.0.1/modules/mediation/controllers/Mediation.php&lt;/b&gt; on line &lt;b&gt;656&lt;/b&gt;&lt;br /&gt;
{"message":"App belongs to an inactive brand."}
****************** http://52.13.174.6/sheeda/admin/analytics/saveNetworkStats
message value is correct
Session token value is set

****************** http://52.13.174.6/sheeda/admin/analytics/saveNetworkStats
Message value not appearing correctly
****************** http://52.13.174.6/sheeda/admin/analytics/saveNetworkStats
Message value not appearing correctly
****************** http://52.13.174.6/sheeda/admin/analytics/saveNetworkStats
Message value not appearing correctly
****************** http://52.13.174.6/sheeda/admin/analytics/saveNetworkStats
message value is correct
Session token value is set

****************** http://52.13.174.6/sheeda/admin/analytics/saveNetworkStats
{"package":"com.threed.sand.excavator.simulator","store":"41","uniqueDeviceID":"7703","appID":"","deviceID":"","region":"","adsQueueEventStats":[{"adID":"10","sceneID":"20","request":"770","impression":"770","click":"770"}],"gssdkVersion":"5.1.3-1","sdkVersionID":"2163","sdkVersion":"2163","sessionToken":"4Qbz+QCQ4YI4cHJEdfugrQwYwBkLznEcWVaxOt6y9B+eZLyeKVEwUcjU40UDMZbpsmi4A1VZ4mkurnK0aIdMA9d+mqc1E60r7Xkwcm52cOxirWM9WlO\/1hsAVnrl5PKs"}: http://52.13.174.6/sheeda/admin/analytics/saveNetworkStatsAPI failed as it is not correct json response in content type. A PHP error has encoutered  10
&lt;div style="border:1px solid #990000;padding-left:20px;margin:0 0 10px 0;"&gt;

&lt;h4&gt;A PHP Error was encountered&lt;/h4&gt;

&lt;p&gt;Severity: Notice&lt;/p&gt;
&lt;p&gt;Message:  Undefined offset: 0&lt;/p&gt;
&lt;p&gt;Filename: controllers/Mediation.php&lt;/p&gt;
&lt;p&gt;Line Number: 656&lt;/p&gt;


	&lt;p&gt;Backtrace:&lt;/p&gt;
	
		
	
		
	
		
			&lt;p style="margin-left:10px"&gt;
			File: /var/www/html/sheeda/admin/3.0.1/modules/mediation/controllers/Mediation.php&lt;br /&gt;
			Line: 656&lt;br /&gt;
			Function: _error_handler			&lt;/p&gt;

		
	
		
	
		
			&lt;p style="margin-left:10px"&gt;
			File: /var/www/html/sheeda/admin/3.0.1/libraries/REST_Controller.php&lt;br /&gt;
			Line: 688&lt;br /&gt;
			Function: call_user_func_array			&lt;/p&gt;

		
	
		
	
		
	
		
			&lt;p style="margin-left:10px"&gt;
			File: /var/www/html/sheeda/admin/3.0.1.php&lt;br /&gt;
			Line: 307&lt;br /&gt;
			Function: require_once			&lt;/p&gt;

		
	
		
			&lt;p style="margin-left:10px"&gt;
			File: /var/www/html/sheeda/admin/index.php&lt;br /&gt;
			Line: 69&lt;br /&gt;
			Function: require			&lt;/p&gt;

		
	

&lt;/div&gt;&lt;br /&gt;
&lt;b&gt;Notice&lt;/b&gt;:  Trying to get property of non-object in &lt;b&gt;/var/www/html/sheeda/admin/3.0.1/modules/mediation/controllers/Mediation.php&lt;/b&gt; on line &lt;b&gt;656&lt;/b&gt;&lt;br /&gt;
{"message":"App belongs to an inactive brand."}
****************** http://52.13.174.6/sheeda/admin/analytics/saveNetworkStats
{"package":"com.threed.sand.excavator.simulator","store":"43","uniqueDeviceID":"4083","appID":"","deviceID":"","region":"","adsQueueEventStats":[{"adID":"11","sceneID":"11","request":"408","impression":"408","click":"408"}],"gssdkVersion":"5.1.3","sdkVersionID":"2151","sdkVersion":"2151","sessionToken":"4Qbz+QCQ4YI4cHJEdfugrQwYwBkLznEcWVaxOt6y9B+eZLyeKVEwUcjU40UDMZbpsmi4A1VZ4mkurnK0aIdMA9d+mqc1E60r7Xkwcm52cOxirWM9WlO\/1hsAVnrl5PKs"}: http://52.13.174.6/sheeda/admin/analytics/saveNetworkStatsAPI failed as it is not correct json response in content type. A PHP error has encoutered  11
&lt;div style="border:1px solid #990000;padding-left:20px;margin:0 0 10px 0;"&gt;

&lt;h4&gt;A PHP Error was encountered&lt;/h4&gt;

&lt;p&gt;Severity: Notice&lt;/p&gt;
&lt;p&gt;Message:  Undefined offset: 0&lt;/p&gt;
&lt;p&gt;Filename: controllers/Mediation.php&lt;/p&gt;
&lt;p&gt;Line Number: 656&lt;/p&gt;


	&lt;p&gt;Backtrace:&lt;/p&gt;
	
		
	
		
	
		
			&lt;p style="margin-left:10px"&gt;
			File: /var/www/html/sheeda/admin/3.0.1/modules/mediation/controllers/Mediation.php&lt;br /&gt;
			Line: 656&lt;br /&gt;
			Function: _error_handler			&lt;/p&gt;

		
	
		
	
		
			&lt;p style="margin-left:10px"&gt;
			File: /var/www/html/sheeda/admin/3.0.1/libraries/REST_Controller.php&lt;br /&gt;
			Line: 688&lt;br /&gt;
			Function: call_user_func_array			&lt;/p&gt;

		
	
		
	
		
	
		
			&lt;p style="margin-left:10px"&gt;
			File: /var/www/html/sheeda/admin/3.0.1.php&lt;br /&gt;
			Line: 307&lt;br /&gt;
			Function: require_once			&lt;/p&gt;

		
	
		
			&lt;p style="margin-left:10px"&gt;
			File: /var/www/html/sheeda/admin/index.php&lt;br /&gt;
			Line: 69&lt;br /&gt;
			Function: require			&lt;/p&gt;

		
	

&lt;/div&gt;&lt;br /&gt;
&lt;b&gt;Notice&lt;/b&gt;:  Trying to get property of non-object in &lt;b&gt;/var/www/html/sheeda/admin/3.0.1/modules/mediation/controllers/Mediation.php&lt;/b&gt; on line &lt;b&gt;656&lt;/b&gt;&lt;br /&gt;
{"message":"App belongs to an inactive brand."}
****************** http://52.13.174.6/sheeda/admin/analytics/saveNetworkStats
message value is correct
Session token value is set

****************** http://52.13.174.6/sheeda/admin/analytics/saveNetworkStats
message value is correct
Session token value is set

****************** http://52.13.174.6/sheeda/admin/analytics/saveNetworkStats
{"package":"1.0","store":"42","uniqueDeviceID":"7856","appID":"","deviceID":"","region":"","adsQueueEventStats":[{"adID":"15","sceneID":"20","request":"785","impression":"785","click":"785"}],"gssdkVersion":"3.2.2","sdkVersionID":"39","sdkVersion":"39","sessionToken":"kYwi54C+q\/LzO1\/jYkROcWnlFL2M9B1w6fPgcuuy\/Z2rg6HXdzRvlV8wmOct3\/TFzpfQCWTXNl1POQq8tTMQGVl1c3WEb0etV+zEeDGD1gNT8E2pAhrT5O3Nw65q1u5W"}: http://52.13.174.6/sheeda/admin/analytics/saveNetworkStatsAPI failed as it is not correct json response in content type. A PHP error has encoutered  14
&lt;div style="border:1px solid #990000;padding-left:20px;margin:0 0 10px 0;"&gt;

&lt;h4&gt;A PHP Error was encountered&lt;/h4&gt;

&lt;p&gt;Severity: Notice&lt;/p&gt;
&lt;p&gt;Message:  Undefined offset: 0&lt;/p&gt;
&lt;p&gt;Filename: controllers/Mediation.php&lt;/p&gt;
&lt;p&gt;Line Number: 656&lt;/p&gt;


	&lt;p&gt;Backtrace:&lt;/p&gt;
	
		
	
		
	
		
			&lt;p style="margin-left:10px"&gt;
			File: /var/www/html/sheeda/admin/3.0.1/modules/mediation/controllers/Mediation.php&lt;br /&gt;
			Line: 656&lt;br /&gt;
			Function: _error_handler			&lt;/p&gt;

		
	
		
	
		
			&lt;p style="margin-left:10px"&gt;
			File: /var/www/html/sheeda/admin/3.0.1/libraries/REST_Controller.php&lt;br /&gt;
			Line: 688&lt;br /&gt;
			Function: call_user_func_array			&lt;/p&gt;

		
	
		
	
		
	
		
			&lt;p style="margin-left:10px"&gt;
			File: /var/www/html/sheeda/admin/3.0.1.php&lt;br /&gt;
			Line: 307&lt;br /&gt;
			Function: require_once			&lt;/p&gt;

		
	
		
			&lt;p style="margin-left:10px"&gt;
			File: /var/www/html/sheeda/admin/index.php&lt;br /&gt;
			Line: 69&lt;br /&gt;
			Function: require			&lt;/p&gt;

		
	

&lt;/div&gt;&lt;br /&gt;
&lt;b&gt;Notice&lt;/b&gt;:  Trying to get property of non-object in &lt;b&gt;/var/www/html/sheeda/admin/3.0.1/modules/mediation/controllers/Mediation.php&lt;/b&gt; on line &lt;b&gt;656&lt;/b&gt;&lt;br /&gt;
{"message":"App belongs to an inactive brand."}
****************** http://52.13.174.6/sheeda/admin/analytics/saveNetworkStats
Message value not appearing correctly
****************** http://52.13.174.6/sheeda/admin/analytics/saveNetworkStats
Message value not appearing correctly
****************** http://52.13.174.6/sheeda/admin/analytics/saveNetworkStats
Message value not appearing correctly
****************** http://52.13.174.6/sheeda/admin/analytics/saveNetworkStats
{"package":"com.threed.horse.simulator","store":"41","uniqueDeviceID":"518","appID":"","deviceID":"","region":"","adsQueueEventStats":[{"adID":"21","sceneID":"2","request":"52","impression":"52","click":"52"}],"gssdkVersion":"4.10.2","sdkVersionID":"2089","sdkVersion":"2089","sessionToken":"kYwi54C+q\/LzO1\/jYkROcWnlFL2M9B1w6fPgcuuy\/Z2rg6HXdzRvlV8wmOct3\/TFzpfQCWTXNl1POQq8tTMQGVl1c3WEb0etV+zEeDGD1gNT8E2pAhrT5O3Nw65q1u5W"}: http://52.13.174.6/sheeda/admin/analytics/saveNetworkStatsAPI failed as it is not correct json response in content type. A PHP error has encoutered  18
&lt;div style="border:1px solid #990000;padding-left:20px;margin:0 0 10px 0;"&gt;

&lt;h4&gt;A PHP Error was encountered&lt;/h4&gt;

&lt;p&gt;Severity: Notice&lt;/p&gt;
&lt;p&gt;Message:  Undefined offset: 0&lt;/p&gt;
&lt;p&gt;Filename: controllers/Mediation.php&lt;/p&gt;
&lt;p&gt;Line Number: 656&lt;/p&gt;


	&lt;p&gt;Backtrace:&lt;/p&gt;
	
		
	
		
	
		
			&lt;p style="margin-left:10px"&gt;
			File: /var/www/html/sheeda/admin/3.0.1/modules/mediation/controllers/Mediation.php&lt;br /&gt;
			Line: 656&lt;br /&gt;
			Function: _error_handler			&lt;/p&gt;

		
	
		
	
		
			&lt;p style="margin-left:10px"&gt;
			File: /var/www/html/sheeda/admin/3.0.1/libraries/REST_Controller.php&lt;br /&gt;
			Line: 688&lt;br /&gt;
			Function: call_user_func_array			&lt;/p&gt;

		
	
		
	
		
	
		
			&lt;p style="margin-left:10px"&gt;
			File: /var/www/html/sheeda/admin/3.0.1.php&lt;br /&gt;
			Line: 307&lt;br /&gt;
			Function: require_once			&lt;/p&gt;

		
	
		
			&lt;p style="margin-left:10px"&gt;
			File: /var/www/html/sheeda/admin/index.php&lt;br /&gt;
			Line: 69&lt;br /&gt;
			Function: require			&lt;/p&gt;

		
	

&lt;/div&gt;&lt;br /&gt;
&lt;b&gt;Notice&lt;/b&gt;:  Trying to get property of non-object in &lt;b&gt;/var/www/html/sheeda/admin/3.0.1/modules/mediation/controllers/Mediation.php&lt;/b&gt; on line &lt;b&gt;656&lt;/b&gt;&lt;br /&gt;
{"message":"App belongs to an inactive brand."}
****************** http://52.13.174.6/sheeda/admin/analytics/saveNetworkStats
message value is correct
Session token value is set

****************** http://52.13.174.6/sheeda/admin/analytics/saveNetworkStats
message value is correct
Session token value is set

****************** http://52.13.174.6/sheeda/admin/analytics/saveNetworkStats
message value is correct
Session token value is set

****************** http://52.13.174.6/sheeda/admin/analytics/saveNetworkStats
message value is correct
Session token value is set

****************** http://52.13.174.6/sheeda/admin/analytics/saveNetworkStats
Message value not appearing correctly
****************** http://52.13.174.6/sheeda/admin/analytics/saveNetworkStats
{"package":"com.threed.wild.hungry.wolves","store":"41","uniqueDeviceID":"116","appID":"","deviceID":"","region":"","adsQueueEventStats":[{"adID":"27","sceneID":"1","request":"12","impression":"12","click":"12"}],"gssdkVersion":"5.1.3-1","sdkVersionID":"2163","sdkVersion":"2163","sessionToken":"fFrufBdugz1dErDt5iIxuHEFRiW9OQ\/sH8r+3dHKYcc4+NsBH2RLLxtCROmv2ufsmvvV8yiKZCfGr2SUK49LMNnivSRLYH8+nhdDOG2+7hJF3dqF3CGMcPgMmYZU0j3k"}: http://52.13.174.6/sheeda/admin/analytics/saveNetworkStatsAPI failed as it is not correct json response in content type. A PHP error has encoutered  24
&lt;div style="border:1px solid #990000;padding-left:20px;margin:0 0 10px 0;"&gt;

&lt;h4&gt;A PHP Error was encountered&lt;/h4&gt;

&lt;p&gt;Severity: Notice&lt;/p&gt;
&lt;p&gt;Message:  Undefined offset: 0&lt;/p&gt;
&lt;p&gt;Filename: controllers/Mediation.php&lt;/p&gt;
&lt;p&gt;Line Number: 656&lt;/p&gt;


	&lt;p&gt;Backtrace:&lt;/p&gt;
	
		
	
		
	
		
			&lt;p style="margin-left:10px"&gt;
			File: /var/www/html/sheeda/admin/3.0.1/modules/mediation/controllers/Mediation.php&lt;br /&gt;
			Line: 656&lt;br /&gt;
			Function: _error_handler			&lt;/p&gt;

		
	
		
	
		
			&lt;p style="margin-left:10px"&gt;
			File: /var/www/html/sheeda/admin/3.0.1/libraries/REST_Controller.php&lt;br /&gt;
			Line: 688&lt;br /&gt;
			Function: call_user_func_array			&lt;/p&gt;

		
	
		
	
		
	
		
			&lt;p style="margin-left:10px"&gt;
			File: /var/www/html/sheeda/admin/3.0.1.php&lt;br /&gt;
			Line: 307&lt;br /&gt;
			Function: require_once			&lt;/p&gt;

		
	
		
			&lt;p style="margin-left:10px"&gt;
			File: /var/www/html/sheeda/admin/index.php&lt;br /&gt;
			Line: 69&lt;br /&gt;
			Function: require			&lt;/p&gt;

		
	

&lt;/div&gt;&lt;br /&gt;
&lt;b&gt;Notice&lt;/b&gt;:  Trying to get property of non-object in &lt;b&gt;/var/www/html/sheeda/admin/3.0.1/modules/mediation/controllers/Mediation.php&lt;/b&gt; on line &lt;b&gt;656&lt;/b&gt;&lt;br /&gt;
{"message":"App belongs to an inactive brand."}
****************** http://52.13.174.6/sheeda/admin/analytics/saveNetworkStats
Message value not appearing correctly
****************** http://52.13.174.6/sheeda/admin/analytics/saveNetworkStats
message value is correct
Session token value is set

****************** http://52.13.174.6/sheeda/admin/analytics/saveNetworkStats
message value is correct
Session token value is set

****************** http://52.13.174.6/sheeda/admin/analytics/saveNetworkStats
message value is correct
Session token value is set

****************** http://52.13.174.6/sheeda/admin/analytics/saveNetworkStats
message value is correct
Session token value is set

****************** http://52.13.174.6/sheeda/admin/analytics/saveNetworkStats
message value is correct
Session token value is set

****************** http://52.13.174.6/sheeda/admin/analytics/saveNetworkStats
message value is correct
****************** http://52.13.174.6/sheeda/admin/analytics/saveNetworkStats
message value is correct
Session token value is set

****************** http://52.13.174.6/sheeda/admin/analytics/saveNetworkStats
message value is correct
Session token value is set

****************** http://52.13.174.6/sheeda/admin/analytics/saveNetworkStats
message value is correct
****************** http://52.13.174.6/sheeda/admin/analytics/saveNetworkStats
message value is correct
Session token value is set

****************** http://52.13.174.6/sheeda/admin/analytics/saveNetworkStats
message value is correct
****************** http://52.13.174.6/sheeda/admin/analytics/saveNetworkStats
message value is correct
Session token value is set

****************** http://52.13.174.6/sheeda/admin/analytics/saveNetworkStats
message value is correct
Session token value is set

****************** http://52.13.174.6/sheeda/admin/analytics/saveNetworkStats
message value is correct
Session token value is set

****************** http://52.13.174.6/sheeda/admin/analytics/saveNetworkStats
message value is correct
Session token value is set

****************** http://52.13.174.6/sheeda/admin/analytics/saveNetworkStats
message value is correct
Session token value is set

****************** http://52.13.174.6/sheeda/admin/analytics/saveNetworkStats
message value is correct
Session token value is set

****************** http://52.13.174.6/sheeda/admin/analytics/saveNetworkStats
message value is correct
Session token value is set

****************** http://52.13.174.6/sheeda/admin/analytics/saveNetworkStats
message value is correct
****************** http://52.13.174.6/sheeda/admin/analytics/saveNetworkStats
message value is correct
Session token value is set

****************** http://52.13.174.6/sheeda/admin/analytics/saveNetworkStats
message value is correct
****************** http://52.13.174.6/sheeda/admin/analytics/saveNetworkStats
message value is correct
****************** http://52.13.174.6/sheeda/admin/analytics/saveNetworkStats
message value is correct
Session token value is set

****************** http://52.13.174.6/sheeda/admin/analytics/saveNetworkStats
message value is correct
Session token value is set

</DebugTrace>
      </Output>
    </UnitTestResult>
    <UnitTestResult executionId="48199889-807d-4f1d-ad7b-7f18754b5284" testId="bfc1b289-dbbb-3bad-fc5e-78e601449e19" testName="E_StartNewAdSessionMainInputGenerator" computerName="DESKTOP-5AJ0SB3" duration="00:01:49.3562278" startTime="2020-12-31T12:20:27.2829640+05:00" endTime="2020-12-31T12:22:16.6484799+05:00" testType="13cdc9d9-ddb5-4fa4-a97d-d965ccfc6d4b" outcome="Passed" testListId="8c84fa94-04c1-424b-9868-57a2d4851a1d" relativeResultsDirectory="48199889-807d-4f1d-ad7b-7f18754b5284">
      <Output>
        <DebugTrace>****************** Select appKey , sdkID from apps where appkey!='' and sdkID &gt; 20 LIMIT 50
****************** 

{"appKey":"0001095f2f8393fdbf7a808a2d0caf21","osVersion":"9.0","orientation":"0","is_mac":"0","model":"GT-Nnnn0","deviceID":"82","telco_operator":"","cpu":"0","brand":"HUAWEI","userConsent":"0","internet_connectivity":"0","height":"132","architecture":"","width":"132","resolution":"1280x720","ram":"953,45 MB","sdkVersion":"2056","product":"j7xeltexx","devMode":"0"}
cache_ttl value is correct

Title value is correct

Title value is correct

Title value is correct

Title value is correct

Title value is correct

Title value is correct

Refresh Ad Rate value is correct
mode value is set

 Aspect ratio value is correct
sentry_log value is set
local_logging value is set
sentry_initialization value is set
sentry_debugging value is set
showPreRewardedDialogue value is set
showPostRewardedDialogue value is set
isSkipable value is set
{"cache_ttl":10080,"cache_ttl_rewarded":10080,"cache_ttl_banner":10080,"cache_ttl_native":10080,"cache_ttl_icon":10080,"campaigns":[{"campaignID":"7074","attribution":0,"priority":"5","appToPromote":{"appToPromoteID":"14247","usesDefaultFrameImage":"0","usesDefaultCloseImage":"0","marketURL":"https:\/\/play.google.com\/store\/apps\/details?id=com.tinykraken.crowd.hop.jump&amp;referrer=utm_source=42matters.com&amp;utm_medium=api","packageID":"com.tinykraken.crowd.hop.jump"},"showTemplate":1,"s2s_tracking_url":"https:\/\/play.google.com\/store\/apps\/details?id=com.tinykraken.crowd.hop.jump&amp;referrer=utm_source=42matters.com&amp;utm_medium=api","activeCreativeID":"2180","scenes":["12","1","8","6","15","2"],"campaignAdType":"Video"},{"campaignID":"7074","attribution":0,"priority":"5","appToPromote":{"appToPromoteID":"14247","usesDefaultFrameImage":"0","usesDefaultCloseImage":"0","marketURL":"https:\/\/play.google.com\/store\/apps\/details?id=com.tinykraken.crowd.hop.jump&amp;referrer=utm_source=42matters.com&amp;utm_medium=api","packageID":"com.tinykraken.crowd.hop.jump"},"showTemplate":1,"s2s_tracking_url":"https:\/\/play.google.com\/store\/apps\/details?id=com.tinykraken.crowd.hop.jump&amp;referrer=utm_source=42matters.com&amp;utm_medium=api","activeCreativeID":"2180","scenes":["12","1","8","6","15","2"],"campaignAdType":"Video"},{"campaignID":"7074","attribution":0,"priority":"5","appToPromote":{"appToPromoteID":"14247","usesDefaultFrameImage":"0","usesDefaultCloseImage":"0","marketURL":"https:\/\/play.google.com\/store\/apps\/details?id=com.tinykraken.crowd.hop.jump&amp;referrer=utm_source=42matters.com&amp;utm_medium=api","packageID":"com.tinykraken.crowd.hop.jump"},"showTemplate":1,"s2s_tracking_url":"https:\/\/play.google.com\/store\/apps\/details?id=com.tinykraken.crowd.hop.jump&amp;referrer=utm_source=42matters.com&amp;utm_medium=api","activeCreativeID":"2180","scenes":["12","1","8","6","15","2"],"campaignAdType":"Video"},{"campaignID":"6694","attribution":0,"priority":"3","appToPromote":{"appToPromoteID":"12976","usesDefaultFrameImage":"0","usesDefaultCloseImage":"0","marketURL":"https:\/\/play.google.com\/store\/apps\/details?id=com.chulbulgames.run.cat.game","packageID":"com.chulbulgames.run.cat.game"},"showTemplate":1,"s2s_tracking_url":"https:\/\/play.google.com\/store\/apps\/details?id=com.chulbulgames.run.cat.game","activeCreativeID":"1796","scenes":["12","1","8","6","15","2"],"campaignAdType":"Video"},{"campaignID":"6694","attribution":0,"priority":"3","appToPromote":{"appToPromoteID":"12976","usesDefaultFrameImage":"0","usesDefaultCloseImage":"0","marketURL":"https:\/\/play.google.com\/store\/apps\/details?id=com.chulbulgames.run.cat.game","packageID":"com.chulbulgames.run.cat.game"},"showTemplate":1,"s2s_tracking_url":"https:\/\/play.google.com\/store\/apps\/details?id=com.chulbulgames.run.cat.game","activeCreativeID":"1796","scenes":["12","1","8","6","15","2"],"campaignAdType":"Video"},{"campaignID":"6694","attribution":0,"priority":"3","appToPromote":{"appToPromoteID":"12976","usesDefaultFrameImage":"0","usesDefaultCloseImage":"0","marketURL":"https:\/\/play.google.com\/store\/apps\/details?id=com.chulbulgames.run.cat.game","packageID":"com.chulbulgames.run.cat.game"},"showTemplate":1,"s2s_tracking_url":"https:\/\/play.google.com\/store\/apps\/details?id=com.chulbulgames.run.cat.game","activeCreativeID":"1796","scenes":["12","1","8","6","15","2"],"campaignAdType":"Video"},{"campaignID":"8226","attribution":0,"priority":"8","appToPromote":{"appToPromoteID":"12623","usesDefaultFrameImage":"0","usesDefaultCloseImage":"0","marketURL":"https:\/\/play.google.com\/store\/apps\/details?id=com.igg.android.lordsmobile&amp;referrer=utm_source=42matters.com&amp;utm_medium=api","packageID":"com.nooribrand.android.lordsmobile"},"showTemplate":1,"s2s_tracking_url":"https:\/\/play.google.com\/store\/apps\/details?id=com.igg.android.lordsmobile&amp;referrer=utm_source=42matters.com&amp;utm_medium=api","activeCreativeID":"3557","scenes":["12","1","8","6","15","2"],"campaignAdType":"Icon"},{"campaignID":"8378","attribution":0,"priority":"8","appToPromote":{"appToPromoteID":"16480","usesDefaultFrameImage":"0","usesDefaultCloseImage":"0","marketURL":"https:\/\/play.google.com\/store\/apps\/details?id=com.nag.home.manager.working.virtual.mom","packageID":"com.GSS317.AmazingFamily"},"showTemplate":1,"s2s_tracking_url":"https:\/\/play.google.com\/store\/apps\/details?id=com.nag.home.manager.working.virtual.mom","activeCreativeID":"3720","scenes":["12","1","8","6","15","2"],"campaignAdType":"Interstitial"},{"campaignID":"8613","attribution":0,"priority":"8","appToPromote":{"appToPromoteID":"12623","usesDefaultFrameImage":"0","usesDefaultCloseImage":"0","marketURL":"https:\/\/play.google.com\/store\/apps\/details?id=com.igg.android.lordsmobile&amp;referrer=utm_source=42matters.com&amp;utm_medium=api","packageID":"com.nooribrand.android.lordsmobile"},"showTemplate":1,"s2s_tracking_url":"https:\/\/play.google.com\/store\/apps\/details?id=com.igg.android.lordsmobile&amp;referrer=utm_source=42matters.com&amp;utm_medium=api","activeCreativeID":"3557","scenes":["12","1","8","6","15","2"],"campaignAdType":"Icon"},{"campaignID":"9092","attribution":0,"priority":"8","appToPromote":{"appToPromoteID":"13421","usesDefaultFrameImage":"0","usesDefaultCloseImage":"0","marketURL":"http:\/\/www.google.com","packageID":"com.appricot2d.testt"},"showTemplate":1,"s2s_tracking_url":"http:\/\/www.google.com","activeCreativeID":"4384","scenes":["12","1","8","6","15","2"],"campaignAdType":"Interstitial"},{"campaignID":"9204","attribution":0,"priority":"8","appToPromote":{"appToPromoteID":"1997","usesDefaultFrameImage":"0","usesDefaultCloseImage":"0","marketURL":"https:\/\/play.google.com\/store\/apps\/details?id=com.appricot2d.anna.coloring.book","packageID":"com.appricot2d.anna.coloring.book"},"showTemplate":1,"s2s_tracking_url":"https:\/\/play.google.com\/store\/apps\/details?id=com.appricot2d.anna.coloring.book","activeCreativeID":"4573","scenes":["12","1","8","6","15","2"],"campaignAdType":"Interstitial"},{"campaignID":"9206","attribution":0,"priority":"8","appToPromote":{"appToPromoteID":"13421","usesDefaultFrameImage":"0","usesDefaultCloseImage":"0","marketURL":"http:\/\/www.google.com","packageID":"com.appricot2d.testt"},"showTemplate":1,"s2s_tracking_url":"http:\/\/www.google.com","activeCreativeID":"4574","scenes":["12","1","8","6","15","2"],"campaignAdType":"Interstitial"},{"campaignID":"9249","attribution_link":"https:\/\/app.appsflyer.com\/com.lgn.gun.strike.war.train.shooting.games?pid=consoliads_int&amp;af_click_lookback=7d&amp;clickid=12403_9249_82&amp;android_id={android_id}&amp;sha1_android_id={sha1_android_id}&amp;advertising_id=82&amp;sha1_advertising_id=76546f9a641ede2beab506b96df1688d889e629a&amp;af_keywords=2","attribution":1,"priority":"8","appToPromote":{"appToPromoteID":"13421","usesDefaultFrameImage":"0","usesDefaultCloseImage":"0","marketURL":"http:\/\/www.google.com","packageID":"com.appricot2d.testt"},"showTemplate":1,"s2s_tracking_url":"https:\/\/app.appsflyer.com\/com.lgn.gun.strike.war.train.shooting.games?pid=consoliads_int&amp;af_click_lookback=7d&amp;clickid=12403_9249_82&amp;android_id={android_id}&amp;sha1_android_id={sha1_android_id}&amp;advertising_id=82&amp;sha1_advertising_id=76546f9a641ede2beab506b96df1688d889e629a&amp;af_keywords=2","activeCreativeID":"4679","scenes":["12","1","8","6","15","2"],"campaignAdType":"Interstitial"},{"campaignID":"9250","attribution_link":"https:\/\/app.appsflyer.com\/com.lgn.gun.strike.war.train.shooting.games?pid=consoliads_int&amp;af_click_lookback=7d&amp;clickid=12403_9250_82&amp;android_id={android_id}&amp;sha1_android_id={sha1_android_id}&amp;advertising_id=82&amp;sha1_advertising_id=76546f9a641ede2beab506b96df1688d889e629a&amp;af_keywords=2","attribution":1,"priority":"8","appToPromote":{"appToPromoteID":"13421","usesDefaultFrameImage":"0","usesDefaultCloseImage":"0","marketURL":"http:\/\/www.google.com","packageID":"com.appricot2d.testt"},"showTemplate":1,"s2s_tracking_url":"https:\/\/app.appsflyer.com\/com.lgn.gun.strike.war.train.shooting.games?pid=consoliads_int&amp;af_click_lookback=7d&amp;clickid=12403_9250_82&amp;android_id={android_id}&amp;sha1_android_id={sha1_android_id}&amp;advertising_id=82&amp;sha1_advertising_id=76546f9a641ede2beab506b96df1688d889e629a&amp;af_keywords=2","activeCreativeID":"4680","scenes":["12","1","8","6","15","2"],"campaignAdType":"Interstitial"},{"campaignID":"9252","attribution":0,"priority":"8","appToPromote":{"appToPromoteID":"12315","usesDefaultFrameImage":"0","usesDefaultCloseImage":"0","marketURL":"google.com","packageID":"com.qabrand.plnative"},"showTemplate":1,"s2s_tracking_url":"google.com","activeCreativeID":"4683","scenes":["12","1","8","6","15","2"],"campaignAdType":"Native","title":"Native first","subTitle":"First ","description":"New description","adClickThroughText":"FIRST Button"},{"campaignID":"9253","attribution":0,"priority":"8","appToPromote":{"appToPromoteID":"12315","usesDefaultFrameImage":"0","usesDefaultCloseImage":"0","marketURL":"google.com","packageID":"com.qabrand.plnative"},"showTemplate":1,"s2s_tracking_url":"google.com","activeCreativeID":"4683","scenes":["12","1","8","6","15","2"],"campaignAdType":"Native","title":"Native first","subTitle":"First ","description":"New description","adClickThroughText":"FIRST Button"},{"campaignID":"9255","attribution":0,"priority":"8","appToPromote":{"appToPromoteID":"13274","usesDefaultFrameImage":"0","usesDefaultCloseImage":"0","marketURL":"https:\/\/play.google.com\/store\/apps\/details?id=com.facebook.katana","packageID":"com.salon.adsalon"},"showTemplate":1,"s2s_tracking_url":"https:\/\/play.google.com\/store\/apps\/details?id=com.facebook.katana","activeCreativeID":"4685","scenes":["12","1","8","6","15","2"],"campaignAdType":"Native","title":"native NA ","subTitle":"native NA ","description":"native NA added","adClickThroughText":"native NA "},{"campaignID":"9257","attribution":0,"priority":"8","appToPromote":{"appToPromoteID":"12286","usesDefaultFrameImage":"0","usesDefaultCloseImage":"0","marketURL":"google.com","packageID":"com.qabrand.Chartboost_Native"},"showTemplate":1,"s2s_tracking_url":"google.com","activeCreativeID":"4688","scenes":["12","1","8","6","15","2"],"campaignAdType":"Native","title":"Native second updated","subTitle":"Native second ","description":"Native second details","adClickThroughText":"Native second "},{"campaignID":"9261","attribution_link":"https:\/\/app.appsflyer.com\/com.lgn.gun.strike.war.train.shooting.games?pid=consoliads_int&amp;af_click_lookback=7d&amp;clickid=12403_9261_82&amp;android_id={android_id}&amp;sha1_android_id={sha1_android_id}&amp;advertising_id=82&amp;sha1_advertising_id=76546f9a641ede2beab506b96df1688d889e629a&amp;af_keywords=2","attribution":1,"priority":"8","appToPromote":{"appToPromoteID":"13421","usesDefaultFrameImage":"0","usesDefaultCloseImage":"0","marketURL":"http:\/\/www.google.com","packageID":"com.appricot2d.testt"},"showTemplate":1,"s2s_tracking_url":"https:\/\/app.appsflyer.com\/com.lgn.gun.strike.war.train.shooting.games?pid=consoliads_int&amp;af_click_lookback=7d&amp;clickid=12403_9261_82&amp;android_id={android_id}&amp;sha1_android_id={sha1_android_id}&amp;advertising_id=82&amp;sha1_advertising_id=76546f9a641ede2beab506b96df1688d889e629a&amp;af_keywords=2","activeCreativeID":"4692","scenes":["12","1","8","6","15","2"],"campaignAdType":"Interstitial"},{"campaignID":"9263","attribution":0,"priority":"8","appToPromote":{"appToPromoteID":"12315","usesDefaultFrameImage":"0","usesDefaultCloseImage":"0","marketURL":"google.com","packageID":"com.qabrand.plnative"},"showTemplate":1,"s2s_tracking_url":"google.com","activeCreativeID":"4694","scenes":["12","1","8","6","15","2"],"campaignAdType":"Native","title":"test","subTitle":"test","description":" test details update","adClickThroughText":"test"},{"campaignID":"9270","attribution":0,"priority":"8","appToPromote":{"appToPromoteID":"1727","usesDefaultFrameImage":"1","usesDefaultCloseImage":"1","marketURL":"https:\/\/play.google.com\/store\/apps\/details?id=com.appricot2d.anna.spasalon","packageID":"com.appricot2d.anna.spasalon"},"showTemplate":1,"s2s_tracking_url":"https:\/\/play.google.com\/store\/apps\/details?id=com.appricot2d.anna.spasalon","activeCreativeID":"4696","scenes":["12","1","8","6","15","2"],"campaignAdType":"Banner"},{"campaignID":"9295","attribution":0,"priority":"8","appToPromote":{"appToPromoteID":"1933","usesDefaultFrameImage":"0","usesDefaultCloseImage":"0","marketURL":"https:\/\/play.google.com\/store\/apps\/details?id=com.appricot2d.kids.pony.coloring","packageID":"com.appricot2d.kids.pony.coloring"},"showTemplate":1,"s2s_tracking_url":"https:\/\/play.google.com\/store\/apps\/details?id=com.appricot2d.kids.pony.coloring","activeCreativeID":"4570","scenes":["12","1","8","6","15","2"],"campaignAdType":"Interstitial"},{"campaignID":"9334","attribution":0,"priority":"8","appToPromote":{"appToPromoteID":"1933","usesDefaultFrameImage":"0","usesDefaultCloseImage":"0","marketURL":"https:\/\/play.google.com\/store\/apps\/details?id=com.appricot2d.kids.pony.coloring","packageID":"com.appricot2d.kids.pony.coloring"},"showTemplate":1,"s2s_tracking_url":"https:\/\/play.google.com\/store\/apps\/details?id=com.appricot2d.kids.pony.coloring","activeCreativeID":"4570","scenes":["12","1","8","6","15","2"],"campaignAdType":"Interstitial"},{"campaignID":"9335","attribution":0,"priority":"8","appToPromote":{"appToPromoteID":"1997","usesDefaultFrameImage":"0","usesDefaultCloseImage":"0","marketURL":"https:\/\/play.google.com\/store\/apps\/details?id=com.appricot2d.anna.coloring.book","packageID":"com.appricot2d.anna.coloring.book"},"showTemplate":1,"s2s_tracking_url":"https:\/\/play.google.com\/store\/apps\/details?id=com.appricot2d.anna.coloring.book","activeCreativeID":"4573","scenes":["12","1","8","6","15","2"],"campaignAdType":"Interstitial"},{"campaignID":"9336","attribution":0,"priority":"8","appToPromote":{"appToPromoteID":"1727","usesDefaultFrameImage":"1","usesDefaultCloseImage":"1","marketURL":"https:\/\/play.google.com\/store\/apps\/details?id=com.appricot2d.anna.spasalon","packageID":"com.appricot2d.anna.spasalon"},"showTemplate":1,"s2s_tracking_url":"https:\/\/play.google.com\/store\/apps\/details?id=com.appricot2d.anna.spasalon","activeCreativeID":"133","scenes":["12","1","8","6","15","2"],"campaignAdType":"Interstitial"},{"campaignID":"9125","attribution":0,"priority":"8","appToPromote":{"appToPromoteID":"17526","usesDefaultFrameImage":"0","usesDefaultCloseImage":"0","marketURL":"https:\/\/play.google.com\/store\/apps\/details?id=kr.co.richnco.goodrich","packageID":"kr.co.richnco.goodrich"},"showTemplate":1,"s2s_tracking_url":"https:\/\/tha.gotrackier.com\/click?campaign_id=68347\\u0026pub_id=75?p1=12403_9125_82&amp;source=6841&amp;app_name=NitroLightSpeedCarRacingGame&amp;gaid=82","activeCreativeID":"4477","scenes":["12","1","8","6","15","2"],"campaignAdType":"Icon"},{"campaignID":"9127","attribution":0,"priority":"8","appToPromote":{"appToPromoteID":"17528","usesDefaultFrameImage":"0","usesDefaultCloseImage":"0","marketURL":"https:\/\/play.google.com\/store\/apps\/details?id=net.one97.paytm","packageID":"net.one97.paytm"},"showTemplate":1,"s2s_tracking_url":"https:\/\/tha.gotrackier.com\/click?campaign_id=63249\\u0026pub_id=75?p1=12403_9127_82&amp;source=6841&amp;app_name=NitroLightSpeedCarRacingGame&amp;gaid=82","activeCreativeID":"4788","scenes":["12","1","8","6","15","2"],"campaignAdType":"Native","title":"BCA","subTitle":"FW","description":"nope","adClickThroughText":"Link"},{"campaignID":"9131","attribution":0,"priority":"8","appToPromote":{"appToPromoteID":"17532","usesDefaultFrameImage":"0","usesDefaultCloseImage":"0","marketURL":"https:\/\/play.google.com\/store\/apps\/details?id=com.dhgate.buyermob","packageID":"com.dhgate.buyermob"},"showTemplate":1,"s2s_tracking_url":"https:\/\/tha.gotrackier.com\/click?campaign_id=63254\\u0026pub_id=75?p1=12403_9131_82&amp;source=6841&amp;app_name=NitroLightSpeedCarRacingGame&amp;gaid=82","activeCreativeID":"4483","scenes":["12","1","8","6","15","2"],"campaignAdType":"Interstitial"}],"refreshAdRate":30,"mode":"Production","aspectRatio":"9_16","cdnPath":"https:\/\/df8ymybeo92md.cloudfront.net\/images\/","sentry_log":0,"local_logging":0,"sentry_dsn":"https:\/\/93ffa1c9a4124f67b8888a53265f751a:bbf998e04584477fa9a145838e9d3b26@sentry.io\/168994","sentry_initialization":1,"sentry_debugging":0,"bannerSizes":["1"],"aspectRatioVideo":"9_16","app_id":"12403","showPreRewardedDialogue":0,"showPostRewardedDialogue":0,"rewardCurrency":"coins","rewardValue":0,"isSkipable":1,"privacyPolicyURL":"https:\/\/www.consoliads.com\/privacy-policy\/","sessionToken":"K+5n4p+53F3XLc7o2KI4m4atXZDUGktX9FNUHX0CO3tsxYDZnrLHW+q3wdXJwImzSw81EsS6DIApYTqdCCTmeLYq2pxxH\/OX7794dVAEur8GcEhOr4I65IGVhp4j50zpwKH3t9aIk4V2qTnHG0v4ZnanfQRhGE5OxI6H3RirlpM="}
Session token value is set

mode value is set

 Aspect ratio value is correct
sentry_log value is set
Session token value is set


{"appKey":"000ebaba202ff04f7a4fd938b853597c","osVersion":"7.0","orientation":"0","is_mac":"0","model":"GT-Snnn0","deviceID":"27","telco_operator":"Oi","cpu":"0","brand":"HONOR","userConsent":"0","internet_connectivity":"0","height":"111","architecture":"aarch64","width":"111","resolution":"1436x720","ram":"1.77 GB","sdkVersion":"2056","product":"STK-L21M","devMode":"0"}
cache_ttl value is correct

Title value is correct

Refresh Ad Rate value is correct
mode value is set

 Aspect ratio value is correct
sentry_log value is set
local_logging value is set
sentry_initialization value is set
sentry_debugging value is set
showPreRewardedDialogue value is set
showPostRewardedDialogue value is set
isSkipable value is set
{"cache_ttl":10080,"cache_ttl_rewarded":10080,"cache_ttl_banner":10080,"cache_ttl_native":10080,"cache_ttl_icon":10080,"campaigns":[{"campaignID":0,"priority":10,"appToPromote":{"appToPromoteID":0,"usesDefaultFrameImage":"1","usesDefaultCloseImage":"1","packageID":"testPackage"},"showTemplate":2,"activeCreativeID":0,"campaignAdType":"Interstitial","scenes":["1","2","3","8","5"]},{"campaignID":0,"priority":10,"appToPromote":{"appToPromoteID":0,"usesDefaultFrameImage":"1","usesDefaultCloseImage":"1","packageID":"testPackage"},"showTemplate":2,"activeCreativeID":0,"campaignAdType":"Video","scenes":["1","2","3","8","5"]},{"campaignID":0,"priority":10,"appToPromote":{"appToPromoteID":0,"usesDefaultFrameImage":"1","usesDefaultCloseImage":"1","packageID":"testPackage"},"showTemplate":2,"activeCreativeID":0,"campaignAdType":"Rewarded Video","scenes":["1","2","3","8","5"]},{"campaignID":0,"priority":10,"appToPromote":{"appToPromoteID":0,"usesDefaultFrameImage":"1","usesDefaultCloseImage":"1","marketURL":"https:\/\/play.google.com","packageID":"testPackage"},"showTemplate":2,"activeCreativeID":0,"campaignAdType":"Banner","scenes":["1","2","3","8","5"]},{"campaignID":0,"priority":10,"appToPromote":{"appToPromoteID":0,"usesDefaultFrameImage":"1","usesDefaultCloseImage":"1","marketURL":"https:\/\/play.google.com","packageID":"testPackage"},"showTemplate":2,"activeCreativeID":0,"campaignAdType":"Native","title":"Test Title","subTitle":"Test Subtitle","description":"This is test description","adChoicesLink":"www.google.com","adClickThroughText":"Open Link","scenes":["1","2","3","8","5"]},{"campaignID":0,"priority":10,"appToPromote":{"appToPromoteID":0,"usesDefaultFrameImage":"1","usesDefaultCloseImage":"1","marketURL":"https:\/\/play.google.com","packageID":"testPackage"},"showTemplate":2,"activeCreativeID":0,"campaignAdType":"Icon","scenes":["1","2","3","8","5"]}],"refreshAdRate":30,"mode":"Testing","aspectRatio":"9_16","cdnPath":"https:\/\/df8ymybeo92md.cloudfront.net\/images\/","sentry_log":0,"local_logging":0,"sentry_dsn":"https:\/\/e6dcd89483ae4d13b0f42ed3810d8d62:078421c4ad3d43f19885b30828ce7ee6@sentry.io\/187776","sentry_initialization":1,"sentry_debugging":0,"bannerSizes":["1"],"aspectRatioVideo":"9_16","app_id":"13254","showPreRewardedDialogue":0,"showPostRewardedDialogue":0,"rewardCurrency":"coins","rewardValue":0,"isSkipable":1,"privacyPolicyURL":"https:\/\/www.consoliads.com\/privacy-policy\/","sessionToken":"O+CkAhqqgkEKLXwzF0XHjO8LgEApPTVpc1KeSFwem+LawSJ+qO\/aZeUHnYdYx0Heo0pb+Nj3hi0W9tpQRs\/fZYHVq3lIbJkwQK067o38a7D+W21Umx+UuUQdJp+1ZHXJo8jp2+8LKD+eXWhM6frjnDgMu5FsLxMfdtcKTouKbfE="}
Session token value is set


{"appKey":"0010f29c602f3f3750645c8b4852f66f","osVersion":"6.0","orientation":"0","is_mac":"0","model":"GT-Snnn2","deviceID":"857","telco_operator":"Maroc","cpu":"0","brand":"vivo","userConsent":"0","internet_connectivity":"0","height":"443","architecture":"armv8l","width":"443","resolution":"1344x720","ram":"1.68 GB","sdkVersion":"2056","product":"aosp_arm","devMode":"0"}
cache_ttl value is correct

Title value is correct

Title value is correct

Title value is correct

Title value is correct

Title value is correct

Title value is correct

Refresh Ad Rate value is correct
mode value is set

 Aspect ratio value is correct
sentry_log value is set
local_logging value is set
sentry_initialization value is set
sentry_debugging value is set
showPreRewardedDialogue value is set
showPostRewardedDialogue value is set
isSkipable value is set
{"cache_ttl":10080,"cache_ttl_rewarded":10080,"cache_ttl_banner":10080,"cache_ttl_native":10080,"cache_ttl_icon":10080,"campaigns":[{"campaignID":"8004","attribution":0,"priority":"5","appToPromote":{"appToPromoteID":"15932","usesDefaultFrameImage":"0","usesDefaultCloseImage":"0","marketURL":"https:\/\/play.google.com\/store\/apps\/details?id=com.tricktale.modern.car.taxi.car.parking&amp;hl=en","packageID":"com.tiptaptoe.TAXIPARKINGICON"},"showTemplate":1,"s2s_tracking_url":"https:\/\/play.google.com\/store\/apps\/details?id=com.tricktale.modern.car.taxi.car.parking&amp;hl=en","activeCreativeID":"3311","scenes":["1","2","8","13"],"campaignAdType":"Icon"},{"campaignID":"7737","attribution":0,"priority":"4","appToPromote":{"appToPromoteID":"15561","usesDefaultFrameImage":"0","usesDefaultCloseImage":"0","marketURL":"https:\/\/play.google.com\/store\/apps\/details?id=com.gamehivestudios.fps.games.counter.terrorist.shooting.strike","packageID":"com.gamescapes.FPSShootingFHS1"},"showTemplate":1,"s2s_tracking_url":"https:\/\/play.google.com\/store\/apps\/details?id=com.gamehivestudios.fps.games.counter.terrorist.shooting.strike","activeCreativeID":"2991","scenes":["1","2","8","13"],"campaignAdType":"Icon"},{"campaignID":"8921","attribution":0,"priority":"2","appToPromote":{"appToPromoteID":"16363","usesDefaultFrameImage":"0","usesDefaultCloseImage":"0","marketURL":"https:\/\/play.google.com\/store\/apps\/details?id=com.gamecrew.tank.robot.car.transform.gangster.robot.war","packageID":"com.gamecrew.tank.robot.car.transform.gangster.robot.war"},"showTemplate":1,"s2s_tracking_url":"https:\/\/play.google.com\/store\/apps\/details?id=com.gamecrew.tank.robot.car.transform.gangster.robot.war","activeCreativeID":"4291","scenes":["1","2","8","13"],"campaignAdType":"Video"},{"campaignID":"8922","attribution":0,"priority":"2","appToPromote":{"appToPromoteID":"17331","usesDefaultFrameImage":"0","usesDefaultCloseImage":"0","marketURL":"https:\/\/play.google.com\/store\/apps\/details?id=com.gamehivestudios.leapord.transform.bike.robot.shooting.robotgames","packageID":"com.funhive521.leopard"},"showTemplate":1,"s2s_tracking_url":"https:\/\/play.google.com\/store\/apps\/details?id=com.gamehivestudios.leapord.transform.bike.robot.shooting.robotgames","activeCreativeID":"4292","scenes":["1","2","8","13"],"campaignAdType":"Video"},{"campaignID":"8478","attribution":0,"priority":"2","appToPromote":{"appToPromoteID":"16363","usesDefaultFrameImage":"0","usesDefaultCloseImage":"0","marketURL":"https:\/\/play.google.com\/store\/apps\/details?id=com.gamecrew.tank.robot.car.transform.gangster.robot.war","packageID":"com.gamecrew.tank.robot.car.transform.gangster.robot.war"},"showTemplate":1,"s2s_tracking_url":"https:\/\/play.google.com\/store\/apps\/details?id=com.gamecrew.tank.robot.car.transform.gangster.robot.war","activeCreativeID":"3816","scenes":["1","2","8","13"],"campaignAdType":"Icon"},{"campaignID":"8633","attribution":0,"priority":"1","appToPromote":{"appToPromoteID":"15887","usesDefaultFrameImage":"0","usesDefaultCloseImage":"0","marketURL":"https:\/\/play.google.com\/store\/apps\/details?id=com.gamecrew.flying.goat.transform.robot.war.robot.hero","packageID":"com.gamecrew.flying.goat.transform.robot.war.robot.hero"},"showTemplate":1,"s2s_tracking_url":"https:\/\/play.google.com\/store\/apps\/details?id=com.gamecrew.flying.goat.transform.robot.war.robot.hero","activeCreativeID":"3989","scenes":["1","2","8","13"],"campaignAdType":"Video"},{"campaignID":"8378","attribution":0,"priority":"8","appToPromote":{"appToPromoteID":"16480","usesDefaultFrameImage":"0","usesDefaultCloseImage":"0","marketURL":"https:\/\/play.google.com\/store\/apps\/details?id=com.nag.home.manager.working.virtual.mom","packageID":"com.GSS317.AmazingFamily"},"showTemplate":1,"s2s_tracking_url":"https:\/\/play.google.com\/store\/apps\/details?id=com.nag.home.manager.working.virtual.mom","activeCreativeID":"3720","scenes":["1","2","8","13"],"campaignAdType":"Interstitial"},{"campaignID":"9092","attribution":0,"priority":"8","appToPromote":{"appToPromoteID":"13421","usesDefaultFrameImage":"0","usesDefaultCloseImage":"0","marketURL":"http:\/\/www.google.com","packageID":"com.appricot2d.testt"},"showTemplate":1,"s2s_tracking_url":"http:\/\/www.google.com","activeCreativeID":"4384","scenes":["1","2","8","13"],"campaignAdType":"Interstitial"},{"campaignID":"9204","attribution":0,"priority":"8","appToPromote":{"appToPromoteID":"1997","usesDefaultFrameImage":"0","usesDefaultCloseImage":"0","marketURL":"https:\/\/play.google.com\/store\/apps\/details?id=com.appricot2d.anna.coloring.book","packageID":"com.appricot2d.anna.coloring.book"},"showTemplate":1,"s2s_tracking_url":"https:\/\/play.google.com\/store\/apps\/details?id=com.appricot2d.anna.coloring.book","activeCreativeID":"4573","scenes":["1","2","8","13"],"campaignAdType":"Interstitial"},{"campaignID":"9206","attribution":0,"priority":"8","appToPromote":{"appToPromoteID":"13421","usesDefaultFrameImage":"0","usesDefaultCloseImage":"0","marketURL":"http:\/\/www.google.com","packageID":"com.appricot2d.testt"},"showTemplate":1,"s2s_tracking_url":"http:\/\/www.google.com","activeCreativeID":"4574","scenes":["1","2","8","13"],"campaignAdType":"Interstitial"},{"campaignID":"9249","attribution_link":"https:\/\/app.appsflyer.com\/com.lgn.gun.strike.war.train.shooting.games?pid=consoliads_int&amp;af_click_lookback=7d&amp;clickid=15227_9249_857&amp;android_id={android_id}&amp;sha1_android_id={sha1_android_id}&amp;advertising_id=857&amp;sha1_advertising_id=c44201fe5bac6de29c443c0c27cc988299120d45&amp;af_keywords=2","attribution":1,"priority":"8","appToPromote":{"appToPromoteID":"13421","usesDefaultFrameImage":"0","usesDefaultCloseImage":"0","marketURL":"http:\/\/www.google.com","packageID":"com.appricot2d.testt"},"showTemplate":1,"s2s_tracking_url":"https:\/\/app.appsflyer.com\/com.lgn.gun.strike.war.train.shooting.games?pid=consoliads_int&amp;af_click_lookback=7d&amp;clickid=15227_9249_857&amp;android_id={android_id}&amp;sha1_android_id={sha1_android_id}&amp;advertising_id=857&amp;sha1_advertising_id=c44201fe5bac6de29c443c0c27cc988299120d45&amp;af_keywords=2","activeCreativeID":"4679","scenes":["1","2","8","13"],"campaignAdType":"Interstitial"},{"campaignID":"9250","attribution_link":"https:\/\/app.appsflyer.com\/com.lgn.gun.strike.war.train.shooting.games?pid=consoliads_int&amp;af_click_lookback=7d&amp;clickid=15227_9250_857&amp;android_id={android_id}&amp;sha1_android_id={sha1_android_id}&amp;advertising_id=857&amp;sha1_advertising_id=c44201fe5bac6de29c443c0c27cc988299120d45&amp;af_keywords=2","attribution":1,"priority":"8","appToPromote":{"appToPromoteID":"13421","usesDefaultFrameImage":"0","usesDefaultCloseImage":"0","marketURL":"http:\/\/www.google.com","packageID":"com.appricot2d.testt"},"showTemplate":1,"s2s_tracking_url":"https:\/\/app.appsflyer.com\/com.lgn.gun.strike.war.train.shooting.games?pid=consoliads_int&amp;af_click_lookback=7d&amp;clickid=15227_9250_857&amp;android_id={android_id}&amp;sha1_android_id={sha1_android_id}&amp;advertising_id=857&amp;sha1_advertising_id=c44201fe5bac6de29c443c0c27cc988299120d45&amp;af_keywords=2","activeCreativeID":"4680","scenes":["1","2","8","13"],"campaignAdType":"Interstitial"},{"campaignID":"9252","attribution":0,"priority":"8","appToPromote":{"appToPromoteID":"12315","usesDefaultFrameImage":"0","usesDefaultCloseImage":"0","marketURL":"google.com","packageID":"com.qabrand.plnative"},"showTemplate":1,"s2s_tracking_url":"google.com","activeCreativeID":"4683","scenes":["1","2","8","13"],"campaignAdType":"Native","title":"Native first","subTitle":"First ","description":"New description","adClickThroughText":"FIRST Button"},{"campaignID":"9253","attribution":0,"priority":"8","appToPromote":{"appToPromoteID":"12315","usesDefaultFrameImage":"0","usesDefaultCloseImage":"0","marketURL":"google.com","packageID":"com.qabrand.plnative"},"showTemplate":1,"s2s_tracking_url":"google.com","activeCreativeID":"4683","scenes":["1","2","8","13"],"campaignAdType":"Native","title":"Native first","subTitle":"First ","description":"New description","adClickThroughText":"FIRST Button"},{"campaignID":"9255","attribution":0,"priority":"8","appToPromote":{"appToPromoteID":"13274","usesDefaultFrameImage":"0","usesDefaultCloseImage":"0","marketURL":"https:\/\/play.google.com\/store\/apps\/details?id=com.facebook.katana","packageID":"com.salon.adsalon"},"showTemplate":1,"s2s_tracking_url":"https:\/\/play.google.com\/store\/apps\/details?id=com.facebook.katana","activeCreativeID":"4685","scenes":["1","2","8","13"],"campaignAdType":"Native","title":"native NA ","subTitle":"native NA ","description":"native NA added","adClickThroughText":"native NA "},{"campaignID":"9257","attribution":0,"priority":"8","appToPromote":{"appToPromoteID":"12286","usesDefaultFrameImage":"0","usesDefaultCloseImage":"0","marketURL":"google.com","packageID":"com.qabrand.Chartboost_Native"},"showTemplate":1,"s2s_tracking_url":"google.com","activeCreativeID":"4688","scenes":["1","2","8","13"],"campaignAdType":"Native","title":"Native second updated","subTitle":"Native second ","description":"Native second details","adClickThroughText":"Native second "},{"campaignID":"9261","attribution_link":"https:\/\/app.appsflyer.com\/com.lgn.gun.strike.war.train.shooting.games?pid=consoliads_int&amp;af_click_lookback=7d&amp;clickid=15227_9261_857&amp;android_id={android_id}&amp;sha1_android_id={sha1_android_id}&amp;advertising_id=857&amp;sha1_advertising_id=c44201fe5bac6de29c443c0c27cc988299120d45&amp;af_keywords=2","attribution":1,"priority":"8","appToPromote":{"appToPromoteID":"13421","usesDefaultFrameImage":"0","usesDefaultCloseImage":"0","marketURL":"http:\/\/www.google.com","packageID":"com.appricot2d.testt"},"showTemplate":1,"s2s_tracking_url":"https:\/\/app.appsflyer.com\/com.lgn.gun.strike.war.train.shooting.games?pid=consoliads_int&amp;af_click_lookback=7d&amp;clickid=15227_9261_857&amp;android_id={android_id}&amp;sha1_android_id={sha1_android_id}&amp;advertising_id=857&amp;sha1_advertising_id=c44201fe5bac6de29c443c0c27cc988299120d45&amp;af_keywords=2","activeCreativeID":"4692","scenes":["1","2","8","13"],"campaignAdType":"Interstitial"},{"campaignID":"9263","attribution":0,"priority":"8","appToPromote":{"appToPromoteID":"12315","usesDefaultFrameImage":"0","usesDefaultCloseImage":"0","marketURL":"google.com","packageID":"com.qabrand.plnative"},"showTemplate":1,"s2s_tracking_url":"google.com","activeCreativeID":"4694","scenes":["1","2","8","13"],"campaignAdType":"Native","title":"test","subTitle":"test","description":" test details update","adClickThroughText":"test"},{"campaignID":"9270","attribution":0,"priority":"8","appToPromote":{"appToPromoteID":"1727","usesDefaultFrameImage":"1","usesDefaultCloseImage":"1","marketURL":"https:\/\/play.google.com\/store\/apps\/details?id=com.appricot2d.anna.spasalon","packageID":"com.appricot2d.anna.spasalon"},"showTemplate":1,"s2s_tracking_url":"https:\/\/play.google.com\/store\/apps\/details?id=com.appricot2d.anna.spasalon","activeCreativeID":"4696","scenes":["1","2","8","13"],"campaignAdType":"Banner"},{"campaignID":"9295","attribution":0,"priority":"8","appToPromote":{"appToPromoteID":"1933","usesDefaultFrameImage":"0","usesDefaultCloseImage":"0","marketURL":"https:\/\/play.google.com\/store\/apps\/details?id=com.appricot2d.kids.pony.coloring","packageID":"com.appricot2d.kids.pony.coloring"},"showTemplate":1,"s2s_tracking_url":"https:\/\/play.google.com\/store\/apps\/details?id=com.appricot2d.kids.pony.coloring","activeCreativeID":"4570","scenes":["1","2","8","13"],"campaignAdType":"Interstitial"},{"campaignID":"9127","attribution":0,"priority":"8","appToPromote":{"appToPromoteID":"17528","usesDefaultFrameImage":"0","usesDefaultCloseImage":"0","marketURL":"https:\/\/play.google.com\/store\/apps\/details?id=net.one97.paytm","packageID":"net.one97.paytm"},"showTemplate":1,"s2s_tracking_url":"https:\/\/tha.gotrackier.com\/click?campaign_id=63249\\u0026pub_id=75?p1=15227_9127_857&amp;source=6841&amp;app_name=FormulaCarRobot&amp;gaid=857","activeCreativeID":"4788","scenes":["1","2","8","13"],"campaignAdType":"Native","title":"BCA","subTitle":"FW","description":"nope","adClickThroughText":"Link"},{"campaignID":"9131","attribution":0,"priority":"8","appToPromote":{"appToPromoteID":"17532","usesDefaultFrameImage":"0","usesDefaultCloseImage":"0","marketURL":"https:\/\/play.google.com\/store\/apps\/details?id=com.dhgate.buyermob","packageID":"com.dhgate.buyermob"},"showTemplate":1,"s2s_tracking_url":"https:\/\/tha.gotrackier.com\/click?campaign_id=63254\\u0026pub_id=75?p1=15227_9131_857&amp;source=6841&amp;app_name=FormulaCarRobot&amp;gaid=857","activeCreativeID":"4483","scenes":["1","2","8","13"],"campaignAdType":"Interstitial"}],"refreshAdRate":30,"mode":"Production","aspectRatio":"9_16","cdnPath":"https:\/\/df8ymybeo92md.cloudfront.net\/images\/","sentry_log":0,"local_logging":0,"sentry_dsn":"https:\/\/93ffa1c9a4124f67b8888a53265f751a:bbf998e04584477fa9a145838e9d3b26@sentry.io\/168994","sentry_initialization":1,"sentry_debugging":0,"bannerSizes":["1"],"aspectRatioVideo":"9_16","app_id":"15227","showPreRewardedDialogue":0,"showPostRewardedDialogue":0,"rewardCurrency":"coins","rewardValue":0,"isSkipable":1,"privacyPolicyURL":"https:\/\/www.consoliads.com\/privacy-policy\/","sessionToken":"cZDhgTCT85s5w95N5fydD4vEt35j2pfV7ALpGSKLbbasO+N00V0f1vg75UP\/IbWWVncLRluxjqA69KKZBBr7zGoDimuem4O2bw48UXW8mTMHT3slZ7XTKiKa5x0vGWHbP6loorj\/jdE\/X2H0+konTGMX6\/i0gLce78O3VECXX+c="}
Session token value is set

{"appKey":"0011dbefb018130f33f9a49c583db1cc","osVersion":"5.0","orientation":"0","is_mac":"0","model":"xiaomi Mi 4s","deviceID":"279","telco_operator":"Telecom","cpu":"0","brand":"samsung","userConsent":"0","internet_connectivity":"0","height":"211","architecture":"armv7l,","width":"211","resolution":"1024x552","ram":"3.68 GB","sdkVersion":"21","product":"potter","devMode":"0"}: Status code not OK,http://52.13.174.6/sheeda/admin/api_v1/startNewAdSession_2 API has failed at 4 InternalServerError
{"appKey":"00158764536c49fb352d25d1149398a5","osVersion":"4.4","orientation":"0","is_mac":"0","model":"E5673","deviceID":"74","telco_operator":"airtel","cpu":"0","brand":"realme","userConsent":"0","internet_connectivity":"0","height":"129","architecture":"aarch81","width":"129","resolution":"1387x720","ram":"2.75 GB","sdkVersion":"2056","product":"iPhone","devMode":"0"}: Status code not OK,http://52.13.174.6/sheeda/admin/api/startNewAdSession_2 API has failed at 5 InternalServerError
{"appKey":"001df35eabe3ef8bf4cf6645e3e819f5","osVersion":"4.3","orientation":"0","is_mac":"0","model":"E3372","deviceID":"426","telco_operator":"Metfone","cpu":"0","brand":"iPhone","userConsent":"0","internet_connectivity":"0","height":"270","architecture":"aarch81","width":"270","resolution":"1080 x 1920","ram":"1,37 GB","sdkVersion":"26","product":"LUA-U22","devMode":"0"}: Status code not OK,http://52.13.174.6/sheeda/admin/api/startNewAdSession_2 API has failed at 6 InternalServerError
{"appKey":"00213e22a8396c544210355c3aba9f65","osVersion":"4.2","orientation":"0","is_mac":"0","model":"iphone 3GS","deviceID":"475","telco_operator":" Ooredoo","cpu":"0","brand":"OPPO","userConsent":"0","internet_connectivity":"0","height":"290","architecture":"armv64","width":"290","resolution":"1440 x 2960","ram":"3.69 GB","sdkVersion":"22","product":"BKK-LX2","devMode":"0"}: Status code not OK,http://52.13.174.6/sheeda/admin/api/startNewAdSession_2 API has failed at 7 InternalServerError
{"appKey":"002229c00caf8829ed5d397ed1ed206d","osVersion":"9.0","orientation":"0","is_mac":"0","model":"GT-Nnnn0","deviceID":"166","telco_operator":"","cpu":"0","brand":"HUAWEI","userConsent":"0","internet_connectivity":"0","height":"166","architecture":"","width":"166","resolution":"1280x720","ram":"953,45 MB","sdkVersion":"26","product":"j7xeltexx","devMode":"0"}: Status code not OK,http://52.13.174.6/sheeda/admin/api/startNewAdSession_2 API has failed at 8 InternalServerError
{"appKey":"0024e0cf2fab9340f501d54a2092c2b0","osVersion":"8.0","orientation":"0","is_mac":"0","model":"SM-Nnn0","deviceID":"856","telco_operator":"Azercell","cpu":"0","brand":"Xiaomi","userConsent":"0","internet_connectivity":"0","height":"442","architecture":"0","width":"442","resolution":"1196x720","ram":"3.51 GB ","sdkVersion":"2056","product":"mido","devMode":"0"}: Status code not OK,http://52.13.174.6/sheeda/admin/api/startNewAdSession_2 API has failed at 9 InternalServerError
{"appKey":"00255845a16e4f835e503cd687dcf4f3","osVersion":"7.0","orientation":"0","is_mac":"0","model":"GT-Snnn0","deviceID":"146","telco_operator":"Oi","cpu":"0","brand":"HONOR","userConsent":"0","internet_connectivity":"0","height":"158","architecture":"aarch64","width":"158","resolution":"1436x720","ram":"1.77 GB","sdkVersion":"21","product":"STK-L21M","devMode":"0"}: Status code not OK,http://52.13.174.6/sheeda/admin/api_v1/startNewAdSession_2 API has failed at 10 InternalServerError
{"appKey":"0027615fb0048de87dc7e1257d65e397","osVersion":"6.0","orientation":"0","is_mac":"0","model":"GT-Snnn2","deviceID":"140","telco_operator":"Maroc","cpu":"0","brand":"vivo","userConsent":"0","internet_connectivity":"0","height":"156","architecture":"armv8l","width":"156","resolution":"1344x720","ram":"1.68 GB","sdkVersion":"39","product":"aosp_arm","devMode":"0"}: Status code not OK,http://52.13.174.6/sheeda/admin/api/startNewAdSession_2 API has failed at 11 InternalServerError
{"appKey":"002e4eb7df8262ad34b6daa98c13262f","osVersion":"5.0","orientation":"0","is_mac":"0","model":"xiaomi Mi 4s","deviceID":"189","telco_operator":"Telecom","cpu":"0","brand":"samsung","userConsent":"0","internet_connectivity":"0","height":"175","architecture":"armv7l,","width":"175","resolution":"1024x552","ram":"3.68 GB","sdkVersion":"22","product":"potter","devMode":"0"}: Status code not OK,http://52.13.174.6/sheeda/admin/api/startNewAdSession_2 API has failed at 12 InternalServerError
{"appKey":"0034c9287108a0865eec92973ab2cabf","osVersion":"4.4","orientation":"0","is_mac":"0","model":"E5673","deviceID":"597","telco_operator":"airtel","cpu":"0","brand":"realme","userConsent":"0","internet_connectivity":"0","height":"338","architecture":"aarch81","width":"338","resolution":"1387x720","ram":"2.75 GB","sdkVersion":"2151","product":"iPhone","devMode":"0"}: Status code not OK,http://52.13.174.6/sheeda/admin/api/startNewAdSession_2 API has failed at 13 InternalServerError
{"appKey":"003a31fb156ba9c1d390ff47ddd5f910","osVersion":"4.3","orientation":"0","is_mac":"0","model":"E3372","deviceID":"482","telco_operator":"Metfone","cpu":"0","brand":"iPhone","userConsent":"0","internet_connectivity":"0","height":"293","architecture":"aarch81","width":"293","resolution":"1080 x 1920","ram":"1,37 GB","sdkVersion":"2212","product":"LUA-U22","devMode":"0"}: Status code not OK,http://52.13.174.6/sheeda/admin/api/startNewAdSession_2 API has failed at 14 InternalServerError
{"appKey":"003ac3c432ddccd02f2c4a27be8dfb95","osVersion":"4.2","orientation":"0","is_mac":"0","model":"iphone 3GS","deviceID":"173","telco_operator":" Ooredoo","cpu":"0","brand":"OPPO","userConsent":"0","internet_connectivity":"0","height":"169","architecture":"armv64","width":"169","resolution":"1440 x 2960","ram":"3.69 GB","sdkVersion":"39","product":"BKK-LX2","devMode":"0"}: Status code not OK,http://52.13.174.6/sheeda/admin/api/startNewAdSession_2 API has failed at 15 InternalServerError
{"appKey":"003e87daef54e5a06f16b09d011f49c0","osVersion":"9.0","orientation":"0","is_mac":"0","model":"GT-Nnnn0","deviceID":"525","telco_operator":"","cpu":"0","brand":"HUAWEI","userConsent":"0","internet_connectivity":"0","height":"310","architecture":"","width":"310","resolution":"1280x720","ram":"953,45 MB","sdkVersion":"2106","product":"j7xeltexx","devMode":"0"}: Status code not OK,http://52.13.174.6/sheeda/admin/api/startNewAdSession_2 API has failed at 16 InternalServerError
{"appKey":"0044e5eb4358836589c2b67d0194a6d4","osVersion":"8.0","orientation":"0","is_mac":"0","model":"SM-Nnn0","deviceID":"180","telco_operator":"Azercell","cpu":"0","brand":"Xiaomi","userConsent":"0","internet_connectivity":"0","height":"172","architecture":"0","width":"172","resolution":"1196x720","ram":"3.51 GB ","sdkVersion":"2216","product":"mido","devMode":"0"}: Status code not OK,http://52.13.174.6/sheeda/admin/api/startNewAdSession_2 API has failed at 17 InternalServerError
{"appKey":"00471fdb26ac4c7ad99fd12b01a9c598","osVersion":"7.0","orientation":"0","is_mac":"0","model":"GT-Snnn0","deviceID":"66","telco_operator":"Oi","cpu":"0","brand":"HONOR","userConsent":"0","internet_connectivity":"0","height":"126","architecture":"aarch64","width":"126","resolution":"1436x720","ram":"1.77 GB","sdkVersion":"39","product":"STK-L21M","devMode":"0"}: Status code not OK,http://52.13.174.6/sheeda/admin/api/startNewAdSession_2 API has failed at 18 InternalServerError
{"appKey":"0052e87419f4d976c138fb3c086c6074","osVersion":"6.0","orientation":"0","is_mac":"0","model":"GT-Snnn2","deviceID":"756","telco_operator":"Maroc","cpu":"0","brand":"vivo","userConsent":"0","internet_connectivity":"0","height":"402","architecture":"armv8l","width":"402","resolution":"1344x720","ram":"1.68 GB","sdkVersion":"2151","product":"aosp_arm","devMode":"0"}: Status code not OK,http://52.13.174.6/sheeda/admin/api/startNewAdSession_2 API has failed at 19 InternalServerError
{"appKey":"0054be58e28868e1c82467eb4623499d","osVersion":"5.0","orientation":"0","is_mac":"0","model":"xiaomi Mi 4s","deviceID":"446","telco_operator":"Telecom","cpu":"0","brand":"samsung","userConsent":"0","internet_connectivity":"0","height":"278","architecture":"armv7l,","width":"278","resolution":"1024x552","ram":"3.68 GB","sdkVersion":"21","product":"potter","devMode":"0"}: Status code not OK,http://52.13.174.6/sheeda/admin/api_v1/startNewAdSession_2 API has failed at 20 InternalServerError
{"appKey":"005a1d7bbcf1906ecde3fbb61ad53ac3","osVersion":"4.4","orientation":"0","is_mac":"0","model":"E5673","deviceID":"440","telco_operator":"airtel","cpu":"0","brand":"realme","userConsent":"0","internet_connectivity":"0","height":"276","architecture":"aarch81","width":"276","resolution":"1387x720","ram":"2.75 GB","sdkVersion":"2056","product":"iPhone","devMode":"0"}: Status code not OK,http://52.13.174.6/sheeda/admin/api/startNewAdSession_2 API has failed at 21 InternalServerError
{"appKey":"005be97fcd809104f05a0543dc19a96f","osVersion":"4.3","orientation":"0","is_mac":"0","model":"E3372","deviceID":"684","telco_operator":"Metfone","cpu":"0","brand":"iPhone","userConsent":"0","internet_connectivity":"0","height":"373","architecture":"aarch81","width":"373","resolution":"1080 x 1920","ram":"1,37 GB","sdkVersion":"39","product":"LUA-U22","devMode":"0"}: Status code not OK,http://52.13.174.6/sheeda/admin/api/startNewAdSession_2 API has failed at 22 InternalServerError
{"appKey":"006007905d69c7c3bfc38b08198afcf8","osVersion":"4.2","orientation":"0","is_mac":"0","model":"iphone 3GS","deviceID":"646","telco_operator":" Ooredoo","cpu":"0","brand":"OPPO","userConsent":"0","internet_connectivity":"0","height":"358","architecture":"armv64","width":"358","resolution":"1440 x 2960","ram":"3.69 GB","sdkVersion":"2056","product":"BKK-LX2","devMode":"0"}: Status code not OK,http://52.13.174.6/sheeda/admin/api/startNewAdSession_2 API has failed at 23 InternalServerError
{"appKey":"0065f922b6a67353ac14be778cdfd42c","osVersion":"9.0","orientation":"0","is_mac":"0","model":"GT-Nnnn0","deviceID":"744","telco_operator":"","cpu":"0","brand":"HUAWEI","userConsent":"0","internet_connectivity":"0","height":"397","architecture":"","width":"397","resolution":"1280x720","ram":"953,45 MB","sdkVersion":"2151","product":"j7xeltexx","devMode":"0"}: Status code not OK,http://52.13.174.6/sheeda/admin/api/startNewAdSession_2 API has failed at 24 InternalServerError
{"appKey":"0069e2f8ff4b2535bf0b0f4bb4b26b2e","osVersion":"8.0","orientation":"0","is_mac":"0","model":"SM-Nnn0","deviceID":"793","telco_operator":"Azercell","cpu":"0","brand":"Xiaomi","userConsent":"0","internet_connectivity":"0","height":"417","architecture":"0","width":"417","resolution":"1196x720","ram":"3.51 GB ","sdkVersion":"2106","product":"mido","devMode":"0"}: Status code not OK,http://52.13.174.6/sheeda/admin/api/startNewAdSession_2 API has failed at 25 InternalServerError
{"appKey":"00890dc5b50bc96e41c6a9c88c0e3c57","osVersion":"7.0","orientation":"0","is_mac":"0","model":"GT-Snnn0","deviceID":"125","telco_operator":"Oi","cpu":"0","brand":"HONOR","userConsent":"0","internet_connectivity":"0","height":"150","architecture":"aarch64","width":"150","resolution":"1436x720","ram":"1.77 GB","sdkVersion":"21","product":"STK-L21M","devMode":"0"}: Status code not OK,http://52.13.174.6/sheeda/admin/api_v1/startNewAdSession_2 API has failed at 26 InternalServerError
{"appKey":"0089de0074c9c018605188bf725d63c7","osVersion":"6.0","orientation":"0","is_mac":"0","model":"GT-Snnn2","deviceID":"174","telco_operator":"Maroc","cpu":"0","brand":"vivo","userConsent":"0","internet_connectivity":"0","height":"169","architecture":"armv8l","width":"169","resolution":"1344x720","ram":"1.68 GB","sdkVersion":"2237","product":"aosp_arm","devMode":"0"}: Status code not OK,http://52.13.174.6/sheeda/admin/api/startNewAdSession_2 API has failed at 27 InternalServerError
{"appKey":"008e67db746a628971d2387d0ad3903c","osVersion":"5.0","orientation":"0","is_mac":"0","model":"xiaomi Mi 4s","deviceID":"418","telco_operator":"Telecom","cpu":"0","brand":"samsung","userConsent":"0","internet_connectivity":"0","height":"267","architecture":"armv7l,","width":"267","resolution":"1024x552","ram":"3.68 GB","sdkVersion":"2106","product":"potter","devMode":"0"}: Status code not OK,http://52.13.174.6/sheeda/admin/api/startNewAdSession_2 API has failed at 28 InternalServerError
{"appKey":"008e822aa3ad50d71198173f790c69b4","osVersion":"4.4","orientation":"0","is_mac":"0","model":"E5673","deviceID":"304","telco_operator":"airtel","cpu":"0","brand":"realme","userConsent":"0","internet_connectivity":"0","height":"221","architecture":"aarch81","width":"221","resolution":"1387x720","ram":"2.75 GB","sdkVersion":"39","product":"iPhone","devMode":"0"}: Status code not OK,http://52.13.174.6/sheeda/admin/api/startNewAdSession_2 API has failed at 29 InternalServerError
{"appKey":"00935bc314ffec95b2283b192c68b5b8","osVersion":"4.3","orientation":"0","is_mac":"0","model":"E3372","deviceID":"210","telco_operator":"Metfone","cpu":"0","brand":"iPhone","userConsent":"0","internet_connectivity":"0","height":"184","architecture":"aarch81","width":"184","resolution":"1080 x 1920","ram":"1,37 GB","sdkVersion":"2056","product":"LUA-U22","devMode":"0"}: Status code not OK,http://52.13.174.6/sheeda/admin/api/startNewAdSession_2 API has failed at 30 InternalServerError
{"appKey":"0096820732ca931816a3bc90f621bfa5","osVersion":"4.2","orientation":"0","is_mac":"0","model":"iphone 3GS","deviceID":"900","telco_operator":" Ooredoo","cpu":"0","brand":"OPPO","userConsent":"0","internet_connectivity":"0","height":"460","architecture":"armv64","width":"460","resolution":"1440 x 2960","ram":"3.69 GB","sdkVersion":"26","product":"BKK-LX2","devMode":"0"}: Status code not OK,http://52.13.174.6/sheeda/admin/api/startNewAdSession_2 API has failed at 31 InternalServerError
{"appKey":"009c53a38e9a1adbbb6698b8fa0ee5b3","osVersion":"9.0","orientation":"0","is_mac":"0","model":"GT-Nnnn0","deviceID":"660","telco_operator":"","cpu":"0","brand":"HUAWEI","userConsent":"0","internet_connectivity":"0","height":"364","architecture":"","width":"364","resolution":"1280x720","ram":"953,45 MB","sdkVersion":"21","product":"j7xeltexx","devMode":"0"}: Status code not OK,http://52.13.174.6/sheeda/admin/api_v1/startNewAdSession_2 API has failed at 32 InternalServerError
mode value is set

 Aspect ratio value is correct
sentry_log value is set
Session token value is set

{"appKey":"009e7fd62a094309d8dc3e29376a603c","osVersion":"7.0","orientation":"0","is_mac":"0","model":"GT-Snnn0","deviceID":"414","telco_operator":"Oi","cpu":"0","brand":"HONOR","userConsent":"0","internet_connectivity":"0","height":"265","architecture":"aarch64","width":"265","resolution":"1436x720","ram":"1.77 GB","sdkVersion":"2163","product":"STK-L21M","devMode":"0"}: Status code forbidden, internet connectivity not availablehttp://52.13.174.6/sheeda/admin/api/startNewAdSession_2 please check your internet connection 34
{"appKey":"009e7fd62a094309d8dc3e29376a603c","osVersion":"7.0","orientation":"0","is_mac":"0","model":"GT-Snnn0","deviceID":"414","telco_operator":"Oi","cpu":"0","brand":"HONOR","userConsent":"0","internet_connectivity":"0","height":"265","architecture":"aarch64","width":"265","resolution":"1436x720","ram":"1.77 GB","sdkVersion":"2163","product":"STK-L21M","devMode":"0"}: Status code not OK,http://52.13.174.6/sheeda/admin/api/startNewAdSession_2 API has failed at 34 Forbidden
{"appKey":"009e7fd62a094309d8dc3e29376a603c","osVersion":"7.0","orientation":"0","is_mac":"0","model":"GT-Snnn0","deviceID":"414","telco_operator":"Oi","cpu":"0","brand":"HONOR","userConsent":"0","internet_connectivity":"0","height":"265","architecture":"aarch64","width":"265","resolution":"1436x720","ram":"1.77 GB","sdkVersion":"2163","product":"STK-L21M","devMode":"0"}: message value is other then completed,http://52.13.174.6/sheeda/admin/api/startNewAdSession_2api is failed
{"appKey":"009fbd9b95d5362c0526a3ded9f4fae5","osVersion":"6.0","orientation":"0","is_mac":"0","model":"GT-Snnn2","deviceID":"927","telco_operator":"Maroc","cpu":"0","brand":"vivo","userConsent":"0","internet_connectivity":"0","height":"470","architecture":"armv8l","width":"470","resolution":"1344x720","ram":"1.68 GB","sdkVersion":"2151","product":"aosp_arm","devMode":"0"}: Status code forbidden, internet connectivity not availablehttp://52.13.174.6/sheeda/admin/api/startNewAdSession_2 please check your internet connection 35
{"appKey":"009fbd9b95d5362c0526a3ded9f4fae5","osVersion":"6.0","orientation":"0","is_mac":"0","model":"GT-Snnn2","deviceID":"927","telco_operator":"Maroc","cpu":"0","brand":"vivo","userConsent":"0","internet_connectivity":"0","height":"470","architecture":"armv8l","width":"470","resolution":"1344x720","ram":"1.68 GB","sdkVersion":"2151","product":"aosp_arm","devMode":"0"}: Status code not OK,http://52.13.174.6/sheeda/admin/api/startNewAdSession_2 API has failed at 35 Forbidden
{"appKey":"009fbd9b95d5362c0526a3ded9f4fae5","osVersion":"6.0","orientation":"0","is_mac":"0","model":"GT-Snnn2","deviceID":"927","telco_operator":"Maroc","cpu":"0","brand":"vivo","userConsent":"0","internet_connectivity":"0","height":"470","architecture":"armv8l","width":"470","resolution":"1344x720","ram":"1.68 GB","sdkVersion":"2151","product":"aosp_arm","devMode":"0"}: message value is other then completed,http://52.13.174.6/sheeda/admin/api/startNewAdSession_2api is failed
{"appKey":"00ab47cc1433ca2773b7d9c00484beed","osVersion":"5.0","orientation":"0","is_mac":"0","model":"xiaomi Mi 4s","deviceID":"80","telco_operator":"Telecom","cpu":"0","brand":"samsung","userConsent":"0","internet_connectivity":"0","height":"132","architecture":"armv7l,","width":"132","resolution":"1024x552","ram":"3.68 GB","sdkVersion":"2151","product":"potter","devMode":"0"}: Status code forbidden, internet connectivity not availablehttp://52.13.174.6/sheeda/admin/api/startNewAdSession_2 please check your internet connection 36
{"appKey":"00ab47cc1433ca2773b7d9c00484beed","osVersion":"5.0","orientation":"0","is_mac":"0","model":"xiaomi Mi 4s","deviceID":"80","telco_operator":"Telecom","cpu":"0","brand":"samsung","userConsent":"0","internet_connectivity":"0","height":"132","architecture":"armv7l,","width":"132","resolution":"1024x552","ram":"3.68 GB","sdkVersion":"2151","product":"potter","devMode":"0"}: Status code not OK,http://52.13.174.6/sheeda/admin/api/startNewAdSession_2 API has failed at 36 Forbidden
{"appKey":"00ab47cc1433ca2773b7d9c00484beed","osVersion":"5.0","orientation":"0","is_mac":"0","model":"xiaomi Mi 4s","deviceID":"80","telco_operator":"Telecom","cpu":"0","brand":"samsung","userConsent":"0","internet_connectivity":"0","height":"132","architecture":"armv7l,","width":"132","resolution":"1024x552","ram":"3.68 GB","sdkVersion":"2151","product":"potter","devMode":"0"}: message value is other then completed,http://52.13.174.6/sheeda/admin/api/startNewAdSession_2api is failed
mode value is set

 Aspect ratio value is correct
sentry_log value is set
Session token value is set

{"appKey":"00b641915001243f4ce280a0616127c4","osVersion":"4.3","orientation":"0","is_mac":"0","model":"E3372","deviceID":"32","telco_operator":"Metfone","cpu":"0","brand":"iPhone","userConsent":"0","internet_connectivity":"0","height":"113","architecture":"aarch81","width":"113","resolution":"1080 x 1920","ram":"1,37 GB","sdkVersion":"2151","product":"LUA-U22","devMode":"0"}: Status code forbidden, internet connectivity not availablehttp://52.13.174.6/sheeda/admin/api/startNewAdSession_2 please check your internet connection 38
{"appKey":"00b641915001243f4ce280a0616127c4","osVersion":"4.3","orientation":"0","is_mac":"0","model":"E3372","deviceID":"32","telco_operator":"Metfone","cpu":"0","brand":"iPhone","userConsent":"0","internet_connectivity":"0","height":"113","architecture":"aarch81","width":"113","resolution":"1080 x 1920","ram":"1,37 GB","sdkVersion":"2151","product":"LUA-U22","devMode":"0"}: Status code not OK,http://52.13.174.6/sheeda/admin/api/startNewAdSession_2 API has failed at 38 Forbidden
{"appKey":"00b641915001243f4ce280a0616127c4","osVersion":"4.3","orientation":"0","is_mac":"0","model":"E3372","deviceID":"32","telco_operator":"Metfone","cpu":"0","brand":"iPhone","userConsent":"0","internet_connectivity":"0","height":"113","architecture":"aarch81","width":"113","resolution":"1080 x 1920","ram":"1,37 GB","sdkVersion":"2151","product":"LUA-U22","devMode":"0"}: message value is other then completed,http://52.13.174.6/sheeda/admin/api/startNewAdSession_2api is failed
{"appKey":"00ba9719ad317b2d92a4d9986c0407d4","osVersion":"4.2","orientation":"0","is_mac":"0","model":"iphone 3GS","deviceID":"448","telco_operator":" Ooredoo","cpu":"0","brand":"OPPO","userConsent":"0","internet_connectivity":"0","height":"279","architecture":"armv64","width":"279","resolution":"1440 x 2960","ram":"3.69 GB","sdkVersion":"90","product":"BKK-LX2","devMode":"0"}: Status code forbidden, internet connectivity not availablehttp://52.13.174.6/sheeda/admin/api/startNewAdSession_2 please check your internet connection 39
{"appKey":"00ba9719ad317b2d92a4d9986c0407d4","osVersion":"4.2","orientation":"0","is_mac":"0","model":"iphone 3GS","deviceID":"448","telco_operator":" Ooredoo","cpu":"0","brand":"OPPO","userConsent":"0","internet_connectivity":"0","height":"279","architecture":"armv64","width":"279","resolution":"1440 x 2960","ram":"3.69 GB","sdkVersion":"90","product":"BKK-LX2","devMode":"0"}: Status code not OK,http://52.13.174.6/sheeda/admin/api/startNewAdSession_2 API has failed at 39 Forbidden
{"appKey":"00ba9719ad317b2d92a4d9986c0407d4","osVersion":"4.2","orientation":"0","is_mac":"0","model":"iphone 3GS","deviceID":"448","telco_operator":" Ooredoo","cpu":"0","brand":"OPPO","userConsent":"0","internet_connectivity":"0","height":"279","architecture":"armv64","width":"279","resolution":"1440 x 2960","ram":"3.69 GB","sdkVersion":"90","product":"BKK-LX2","devMode":"0"}: message value is other then completed,http://52.13.174.6/sheeda/admin/api/startNewAdSession_2api is failed
mode value is set

 Aspect ratio value is correct
sentry_log value is set
Session token value is set

{"appKey":"00d2bc4845ff04592d91f7d78425a576","osVersion":"8.0","orientation":"0","is_mac":"0","model":"SM-Nnn0","deviceID":"732","telco_operator":"Azercell","cpu":"0","brand":"Xiaomi","userConsent":"0","internet_connectivity":"0","height":"392","architecture":"0","width":"392","resolution":"1196x720","ram":"3.51 GB ","sdkVersion":"2163","product":"mido","devMode":"0"}: Status code forbidden, internet connectivity not availablehttp://52.13.174.6/sheeda/admin/api/startNewAdSession_2 please check your internet connection 41
{"appKey":"00d2bc4845ff04592d91f7d78425a576","osVersion":"8.0","orientation":"0","is_mac":"0","model":"SM-Nnn0","deviceID":"732","telco_operator":"Azercell","cpu":"0","brand":"Xiaomi","userConsent":"0","internet_connectivity":"0","height":"392","architecture":"0","width":"392","resolution":"1196x720","ram":"3.51 GB ","sdkVersion":"2163","product":"mido","devMode":"0"}: Status code not OK,http://52.13.174.6/sheeda/admin/api/startNewAdSession_2 API has failed at 41 Forbidden
{"appKey":"00d2bc4845ff04592d91f7d78425a576","osVersion":"8.0","orientation":"0","is_mac":"0","model":"SM-Nnn0","deviceID":"732","telco_operator":"Azercell","cpu":"0","brand":"Xiaomi","userConsent":"0","internet_connectivity":"0","height":"392","architecture":"0","width":"392","resolution":"1196x720","ram":"3.51 GB ","sdkVersion":"2163","product":"mido","devMode":"0"}: message value is other then completed,http://52.13.174.6/sheeda/admin/api/startNewAdSession_2api is failed
mode value is set

 Aspect ratio value is correct
sentry_log value is set
Session token value is set

{"appKey":"00da67afee9cf020903bd8c3e6f25287","osVersion":"6.0","orientation":"0","is_mac":"0","model":"GT-Snnn2","deviceID":"234","telco_operator":"Maroc","cpu":"0","brand":"vivo","userConsent":"0","internet_connectivity":"0","height":"193","architecture":"armv8l","width":"193","resolution":"1344x720","ram":"1.68 GB","sdkVersion":"39","product":"aosp_arm","devMode":"0"}: Status code forbidden, internet connectivity not availablehttp://52.13.174.6/sheeda/admin/api/startNewAdSession_2 please check your internet connection 43
{"appKey":"00da67afee9cf020903bd8c3e6f25287","osVersion":"6.0","orientation":"0","is_mac":"0","model":"GT-Snnn2","deviceID":"234","telco_operator":"Maroc","cpu":"0","brand":"vivo","userConsent":"0","internet_connectivity":"0","height":"193","architecture":"armv8l","width":"193","resolution":"1344x720","ram":"1.68 GB","sdkVersion":"39","product":"aosp_arm","devMode":"0"}: Status code not OK,http://52.13.174.6/sheeda/admin/api/startNewAdSession_2 API has failed at 43 Forbidden
{"appKey":"00da67afee9cf020903bd8c3e6f25287","osVersion":"6.0","orientation":"0","is_mac":"0","model":"GT-Snnn2","deviceID":"234","telco_operator":"Maroc","cpu":"0","brand":"vivo","userConsent":"0","internet_connectivity":"0","height":"193","architecture":"armv8l","width":"193","resolution":"1344x720","ram":"1.68 GB","sdkVersion":"39","product":"aosp_arm","devMode":"0"}: message value is other then completed,http://52.13.174.6/sheeda/admin/api/startNewAdSession_2api is failed
{"appKey":"00da919d00b35f9ef0f58c642a0157cc","osVersion":"5.0","orientation":"0","is_mac":"0","model":"xiaomi Mi 4s","deviceID":"225","telco_operator":"Telecom","cpu":"0","brand":"samsung","userConsent":"0","internet_connectivity":"0","height":"190","architecture":"armv7l,","width":"190","resolution":"1024x552","ram":"3.68 GB","sdkVersion":"2151","product":"potter","devMode":"0"}: Status code forbidden, internet connectivity not availablehttp://52.13.174.6/sheeda/admin/api/startNewAdSession_2 please check your internet connection 44
{"appKey":"00da919d00b35f9ef0f58c642a0157cc","osVersion":"5.0","orientation":"0","is_mac":"0","model":"xiaomi Mi 4s","deviceID":"225","telco_operator":"Telecom","cpu":"0","brand":"samsung","userConsent":"0","internet_connectivity":"0","height":"190","architecture":"armv7l,","width":"190","resolution":"1024x552","ram":"3.68 GB","sdkVersion":"2151","product":"potter","devMode":"0"}: Status code not OK,http://52.13.174.6/sheeda/admin/api/startNewAdSession_2 API has failed at 44 Forbidden
{"appKey":"00da919d00b35f9ef0f58c642a0157cc","osVersion":"5.0","orientation":"0","is_mac":"0","model":"xiaomi Mi 4s","deviceID":"225","telco_operator":"Telecom","cpu":"0","brand":"samsung","userConsent":"0","internet_connectivity":"0","height":"190","architecture":"armv7l,","width":"190","resolution":"1024x552","ram":"3.68 GB","sdkVersion":"2151","product":"potter","devMode":"0"}: message value is other then completed,http://52.13.174.6/sheeda/admin/api/startNewAdSession_2api is failed
{"appKey":"00db08cd3078a2f2ca8f8efaee0febd0","osVersion":"4.4","orientation":"0","is_mac":"0","model":"E5673","deviceID":"804","telco_operator":"airtel","cpu":"0","brand":"realme","userConsent":"0","internet_connectivity":"0","height":"421","architecture":"aarch81","width":"421","resolution":"1387x720","ram":"2.75 GB","sdkVersion":"39","product":"iPhone","devMode":"0"}: Status code forbidden, internet connectivity not availablehttp://52.13.174.6/sheeda/admin/api/startNewAdSession_2 please check your internet connection 45
{"appKey":"00db08cd3078a2f2ca8f8efaee0febd0","osVersion":"4.4","orientation":"0","is_mac":"0","model":"E5673","deviceID":"804","telco_operator":"airtel","cpu":"0","brand":"realme","userConsent":"0","internet_connectivity":"0","height":"421","architecture":"aarch81","width":"421","resolution":"1387x720","ram":"2.75 GB","sdkVersion":"39","product":"iPhone","devMode":"0"}: Status code not OK,http://52.13.174.6/sheeda/admin/api/startNewAdSession_2 API has failed at 45 Forbidden
{"appKey":"00db08cd3078a2f2ca8f8efaee0febd0","osVersion":"4.4","orientation":"0","is_mac":"0","model":"E5673","deviceID":"804","telco_operator":"airtel","cpu":"0","brand":"realme","userConsent":"0","internet_connectivity":"0","height":"421","architecture":"aarch81","width":"421","resolution":"1387x720","ram":"2.75 GB","sdkVersion":"39","product":"iPhone","devMode":"0"}: message value is other then completed,http://52.13.174.6/sheeda/admin/api/startNewAdSession_2api is failed
mode value is set

 Aspect ratio value is correct
sentry_log value is set
Session token value is set

{"appKey":"00e354cf703fab534e6ab9035dab484a","osVersion":"4.2","orientation":"0","is_mac":"0","model":"iphone 3GS","deviceID":"895","telco_operator":" Ooredoo","cpu":"0","brand":"OPPO","userConsent":"0","internet_connectivity":"0","height":"458","architecture":"armv64","width":"458","resolution":"1440 x 2960","ram":"3.69 GB","sdkVersion":"2151","product":"BKK-LX2","devMode":"0"}: Status code forbidden, internet connectivity not availablehttp://52.13.174.6/sheeda/admin/api/startNewAdSession_2 please check your internet connection 47
{"appKey":"00e354cf703fab534e6ab9035dab484a","osVersion":"4.2","orientation":"0","is_mac":"0","model":"iphone 3GS","deviceID":"895","telco_operator":" Ooredoo","cpu":"0","brand":"OPPO","userConsent":"0","internet_connectivity":"0","height":"458","architecture":"armv64","width":"458","resolution":"1440 x 2960","ram":"3.69 GB","sdkVersion":"2151","product":"BKK-LX2","devMode":"0"}: Status code not OK,http://52.13.174.6/sheeda/admin/api/startNewAdSession_2 API has failed at 47 Forbidden
{"appKey":"00e354cf703fab534e6ab9035dab484a","osVersion":"4.2","orientation":"0","is_mac":"0","model":"iphone 3GS","deviceID":"895","telco_operator":" Ooredoo","cpu":"0","brand":"OPPO","userConsent":"0","internet_connectivity":"0","height":"458","architecture":"armv64","width":"458","resolution":"1440 x 2960","ram":"3.69 GB","sdkVersion":"2151","product":"BKK-LX2","devMode":"0"}: message value is other then completed,http://52.13.174.6/sheeda/admin/api/startNewAdSession_2api is failed
{"appKey":"00eb10eaac9ee896a0fa30cfc0a79614","osVersion":"9.0","orientation":"0","is_mac":"0","model":"GT-Nnnn0","deviceID":"213","telco_operator":"","cpu":"0","brand":"HUAWEI","userConsent":"0","internet_connectivity":"0","height":"185","architecture":"","width":"185","resolution":"1280x720","ram":"953,45 MB","sdkVersion":"91","product":"j7xeltexx","devMode":"0"}: Status code forbidden, internet connectivity not availablehttp://52.13.174.6/sheeda/admin/api/startNewAdSession_2 please check your internet connection 48
{"appKey":"00eb10eaac9ee896a0fa30cfc0a79614","osVersion":"9.0","orientation":"0","is_mac":"0","model":"GT-Nnnn0","deviceID":"213","telco_operator":"","cpu":"0","brand":"HUAWEI","userConsent":"0","internet_connectivity":"0","height":"185","architecture":"","width":"185","resolution":"1280x720","ram":"953,45 MB","sdkVersion":"91","product":"j7xeltexx","devMode":"0"}: Status code not OK,http://52.13.174.6/sheeda/admin/api/startNewAdSession_2 API has failed at 48 Forbidden
{"appKey":"00eb10eaac9ee896a0fa30cfc0a79614","osVersion":"9.0","orientation":"0","is_mac":"0","model":"GT-Nnnn0","deviceID":"213","telco_operator":"","cpu":"0","brand":"HUAWEI","userConsent":"0","internet_connectivity":"0","height":"185","architecture":"","width":"185","resolution":"1280x720","ram":"953,45 MB","sdkVersion":"91","product":"j7xeltexx","devMode":"0"}: message value is other then completed,http://52.13.174.6/sheeda/admin/api/startNewAdSession_2api is failed
mode value is set

 Aspect ratio value is correct
sentry_log value is set
Session token value is set

</DebugTrace>
      </Output>
    </UnitTestResult>
    <UnitTestResult executionId="6093423d-8b08-42e3-941f-35d101f857ab" testId="f70c910a-cc07-24cb-0d1c-bc2c00fc396f" testName="G_SyncAppunityMainMethodCodeGenerator" computerName="DESKTOP-5AJ0SB3" duration="00:01:29.7511646" startTime="2020-12-31T12:22:16.6514790+05:00" endTime="2020-12-31T12:23:46.4076292+05:00" testType="13cdc9d9-ddb5-4fa4-a97d-d965ccfc6d4b" outcome="Passed" testListId="8c84fa94-04c1-424b-9868-57a2d4851a1d" relativeResultsDirectory="6093423d-8b08-42e3-941f-35d101f857ab">
      <Output>
        <DebugTrace>****************** http://52.13.174.6/sheeda/admin/api/startNewAdSession_2
****************** SELECT apps.package,apps.title,apps.companyID, apps.osID , users.userSignature, apps.appVersionCode, apps.appVersionName FROM apps 
 join users ON apps.companyID = users.companyID where apps.app_type = 'app' AND apps.sdkID &gt; 20 And users.isAdmin = 1 AND users.status = 1 ORDER BY companyID ASC
LIMIT 50



****************** 
****************** select adID from ads where ad_type != 'analytics';
****************** select adID from ads where ad_type != 'analytics' and ad_type ='interstitial'
****************** select adID from ads where ad_type != 'analytics' and ad_type ='banner'
****************** select adID from ads where ad_type != 'analytics' and ad_type ='native'
****************** select adID from ads where ad_type != 'analytics' and ad_type ='rewarded_video'
****************** SELECT sdkID, ver FROM `sdk_info` WHERE `description` LIKE '%mediation unity%' AND sdkID &gt; 2173 LIMIT 50
****************** 
****************** http://52.13.174.6/sheeda/admin/json/syncApp
****************** http://52.13.174.6/sheeda/admin/json/syncApp
{"package":"com.threed.army.prisoner.transport","title":"Army Prisoner Transport Plane","gssdkVersion":"6.1.1","sdkVersionID":"2174","sdkVersion":"2174","userSignature":"a31265023c3eb8a0e11a55e1b57f3b30","appVersionCode":"","appVersionName":"","totalSequences":"1","adsQueueType":"priority","gpRateUsURL":"","isHideAds":"0","childDirected":"1","mediationLog":"0","store":"41","sequences":[{"seqTitleID":"1","isFirstSkip":"False","failOverAdID":"0"," isFirstSkipRewardedVideo":"False"," bannerEnabled":"False","bannerPosition":"1","failOverAdIDBanner":"28","failOverAdIDNative":"27","failOverAdIDRewardedVideo":"4","nativeEnabled":"False","nativeWidth":"107","nativeHeight":"107","interstitialAndVideo":[{"adID":"0","adOrder":"1"}],"rewardedVideo":[{"adID":"4","adOrder":"1"}],"native":[{"adID":"27","adOrder":"1"}],"banner":[{"adID":"28","adOrder":"1"}],"icon":{"enabled":"False","adID":"59","size":"1"}}],"appAdnetwork":[{"adID":"0","isAdavailable":"1"},{"adID":"28","isAdavailable":"1"},{"adID":"27","isAdavailable":"1"},{"adID":"4","isAdavailable":"1"},{"adID":"59","isAdavailable":"1"}]}: Status code forbidden, internet connectivity not availablehttp://52.13.174.6/sheeda/admin/json/syncApp please check your internet connection 0
{"package":"com.threed.army.prisoner.transport","title":"Army Prisoner Transport Plane","gssdkVersion":"6.1.1","sdkVersionID":"2174","sdkVersion":"2174","userSignature":"a31265023c3eb8a0e11a55e1b57f3b30","appVersionCode":"","appVersionName":"","totalSequences":"1","adsQueueType":"priority","gpRateUsURL":"","isHideAds":"0","childDirected":"1","mediationLog":"0","store":"41","sequences":[{"seqTitleID":"1","isFirstSkip":"False","failOverAdID":"0"," isFirstSkipRewardedVideo":"False"," bannerEnabled":"False","bannerPosition":"1","failOverAdIDBanner":"28","failOverAdIDNative":"27","failOverAdIDRewardedVideo":"4","nativeEnabled":"False","nativeWidth":"107","nativeHeight":"107","interstitialAndVideo":[{"adID":"0","adOrder":"1"}],"rewardedVideo":[{"adID":"4","adOrder":"1"}],"native":[{"adID":"27","adOrder":"1"}],"banner":[{"adID":"28","adOrder":"1"}],"icon":{"enabled":"False","adID":"59","size":"1"}}],"appAdnetwork":[{"adID":"0","isAdavailable":"1"},{"adID":"28","isAdavailable":"1"},{"adID":"27","isAdavailable":"1"},{"adID":"4","isAdavailable":"1"},{"adID":"59","isAdavailable":"1"}]}: Status code not OK,http://52.13.174.6/sheeda/admin/json/syncApp API has failed at 0 Forbidden{"message":"HTTP Error 401 - Unauthorized: Access is denied due to invalid credentials."}
{"package":"com.threed.army.prisoner.transport","title":"Army Prisoner Transport Plane","gssdkVersion":"6.1.1","sdkVersionID":"2174","sdkVersion":"2174","userSignature":"a31265023c3eb8a0e11a55e1b57f3b30","appVersionCode":"","appVersionName":"","totalSequences":"1","adsQueueType":"priority","gpRateUsURL":"","isHideAds":"0","childDirected":"1","mediationLog":"0","store":"41","sequences":[{"seqTitleID":"1","isFirstSkip":"False","failOverAdID":"0"," isFirstSkipRewardedVideo":"False"," bannerEnabled":"False","bannerPosition":"1","failOverAdIDBanner":"28","failOverAdIDNative":"27","failOverAdIDRewardedVideo":"4","nativeEnabled":"False","nativeWidth":"107","nativeHeight":"107","interstitialAndVideo":[{"adID":"0","adOrder":"1"}],"rewardedVideo":[{"adID":"4","adOrder":"1"}],"native":[{"adID":"27","adOrder":"1"}],"banner":[{"adID":"28","adOrder":"1"}],"icon":{"enabled":"False","adID":"59","size":"1"}}],"appAdnetwork":[{"adID":"0","isAdavailable":"1"},{"adID":"28","isAdavailable":"1"},{"adID":"27","isAdavailable":"1"},{"adID":"4","isAdavailable":"1"},{"adID":"59","isAdavailable":"1"}]}: http://52.13.174.6/sheeda/admin/json/syncAppAPI failed as it is not correct json response in content type 0{"message":"HTTP Error 401 - Unauthorized: Access is denied due to invalid credentials."}
****************** http://52.13.174.6/sheeda/admin/json/syncApp
****************** http://52.13.174.6/sheeda/admin/json/syncApp
{"package":"com.sx.bank.transit.security.transport.atm.cash.van.simulator.game","title":"Bank Cashier","gssdkVersion":"6.2.1","sdkVersionID":"2179","sdkVersion":"2179","userSignature":"a31265023c3eb8a0e11a55e1b57f3b30","appVersionCode":"","appVersionName":"","totalSequences":"1","adsQueueType":"priority","gpRateUsURL":"","isHideAds":"0","childDirected":"1","mediationLog":"0","store":"41","sequences":[{"seqTitleID":"17","isFirstSkip":"False","failOverAdID":"2"," isFirstSkipRewardedVideo":"False"," bannerEnabled":"False","bannerPosition":"4","failOverAdIDBanner":"42","failOverAdIDNative":"44","failOverAdIDRewardedVideo":"15","nativeEnabled":"False","nativeWidth":"234","nativeHeight":"234","interstitialAndVideo":[{"adID":"2","adOrder":"7"}],"rewardedVideo":[{"adID":"15","adOrder":"7"}],"native":[{"adID":"44","adOrder":"7"}],"banner":[{"adID":"42","adOrder":"7"}],"icon":{"enabled":"False","adID":"59","size":"2"}}],"appAdnetwork":[{"adID":"2","isAdavailable":"1"},{"adID":"42","isAdavailable":"1"},{"adID":"44","isAdavailable":"1"},{"adID":"15","isAdavailable":"1"},{"adID":"59","isAdavailable":"1"}]}: Status code forbidden, internet connectivity not availablehttp://52.13.174.6/sheeda/admin/json/syncApp please check your internet connection 1
{"package":"com.sx.bank.transit.security.transport.atm.cash.van.simulator.game","title":"Bank Cashier","gssdkVersion":"6.2.1","sdkVersionID":"2179","sdkVersion":"2179","userSignature":"a31265023c3eb8a0e11a55e1b57f3b30","appVersionCode":"","appVersionName":"","totalSequences":"1","adsQueueType":"priority","gpRateUsURL":"","isHideAds":"0","childDirected":"1","mediationLog":"0","store":"41","sequences":[{"seqTitleID":"17","isFirstSkip":"False","failOverAdID":"2"," isFirstSkipRewardedVideo":"False"," bannerEnabled":"False","bannerPosition":"4","failOverAdIDBanner":"42","failOverAdIDNative":"44","failOverAdIDRewardedVideo":"15","nativeEnabled":"False","nativeWidth":"234","nativeHeight":"234","interstitialAndVideo":[{"adID":"2","adOrder":"7"}],"rewardedVideo":[{"adID":"15","adOrder":"7"}],"native":[{"adID":"44","adOrder":"7"}],"banner":[{"adID":"42","adOrder":"7"}],"icon":{"enabled":"False","adID":"59","size":"2"}}],"appAdnetwork":[{"adID":"2","isAdavailable":"1"},{"adID":"42","isAdavailable":"1"},{"adID":"44","isAdavailable":"1"},{"adID":"15","isAdavailable":"1"},{"adID":"59","isAdavailable":"1"}]}: Status code not OK,http://52.13.174.6/sheeda/admin/json/syncApp API has failed at 1 Forbidden{"message":"HTTP Error 401 - Unauthorized: Access is denied due to invalid credentials."}
{"package":"com.sx.bank.transit.security.transport.atm.cash.van.simulator.game","title":"Bank Cashier","gssdkVersion":"6.2.1","sdkVersionID":"2179","sdkVersion":"2179","userSignature":"a31265023c3eb8a0e11a55e1b57f3b30","appVersionCode":"","appVersionName":"","totalSequences":"1","adsQueueType":"priority","gpRateUsURL":"","isHideAds":"0","childDirected":"1","mediationLog":"0","store":"41","sequences":[{"seqTitleID":"17","isFirstSkip":"False","failOverAdID":"2"," isFirstSkipRewardedVideo":"False"," bannerEnabled":"False","bannerPosition":"4","failOverAdIDBanner":"42","failOverAdIDNative":"44","failOverAdIDRewardedVideo":"15","nativeEnabled":"False","nativeWidth":"234","nativeHeight":"234","interstitialAndVideo":[{"adID":"2","adOrder":"7"}],"rewardedVideo":[{"adID":"15","adOrder":"7"}],"native":[{"adID":"44","adOrder":"7"}],"banner":[{"adID":"42","adOrder":"7"}],"icon":{"enabled":"False","adID":"59","size":"2"}}],"appAdnetwork":[{"adID":"2","isAdavailable":"1"},{"adID":"42","isAdavailable":"1"},{"adID":"44","isAdavailable":"1"},{"adID":"15","isAdavailable":"1"},{"adID":"59","isAdavailable":"1"}]}: http://52.13.174.6/sheeda/admin/json/syncAppAPI failed as it is not correct json response in content type 1{"message":"HTTP Error 401 - Unauthorized: Access is denied due to invalid credentials."}
****************** http://52.13.174.6/sheeda/admin/json/syncApp
****************** http://52.13.174.6/sheeda/admin/json/syncApp
{"package":"com.playaction.flying.dog.animal.rescue","title":"Flying Super Dog Hero City Animal Rescue","gssdkVersion":"6.2.1","sdkVersionID":"2180","sdkVersion":"2180","userSignature":"a31265023c3eb8a0e11a55e1b57f3b30","appVersionCode":"","appVersionName":"","totalSequences":"1","adsQueueType":"priority","gpRateUsURL":"","isHideAds":"0","childDirected":"1","mediationLog":"0","store":"41","sequences":[{"seqTitleID":"3","isFirstSkip":"False","failOverAdID":"5"," isFirstSkipRewardedVideo":"False"," bannerEnabled":"False","bannerPosition":"1","failOverAdIDBanner":"43","failOverAdIDNative":"58","failOverAdIDRewardedVideo":"20","nativeEnabled":"False","nativeWidth":"123","nativeHeight":"123","interstitialAndVideo":[{"adID":"5","adOrder":"2"}],"rewardedVideo":[{"adID":"20","adOrder":"2"}],"native":[{"adID":"58","adOrder":"2"}],"banner":[{"adID":"43","adOrder":"2"}],"icon":{"enabled":"False","adID":"59","size":"1"}}],"appAdnetwork":[{"adID":"5","isAdavailable":"1"},{"adID":"43","isAdavailable":"1"},{"adID":"58","isAdavailable":"1"},{"adID":"20","isAdavailable":"1"},{"adID":"59","isAdavailable":"1"}]}: Status code forbidden, internet connectivity not availablehttp://52.13.174.6/sheeda/admin/json/syncApp please check your internet connection 2
{"package":"com.playaction.flying.dog.animal.rescue","title":"Flying Super Dog Hero City Animal Rescue","gssdkVersion":"6.2.1","sdkVersionID":"2180","sdkVersion":"2180","userSignature":"a31265023c3eb8a0e11a55e1b57f3b30","appVersionCode":"","appVersionName":"","totalSequences":"1","adsQueueType":"priority","gpRateUsURL":"","isHideAds":"0","childDirected":"1","mediationLog":"0","store":"41","sequences":[{"seqTitleID":"3","isFirstSkip":"False","failOverAdID":"5"," isFirstSkipRewardedVideo":"False"," bannerEnabled":"False","bannerPosition":"1","failOverAdIDBanner":"43","failOverAdIDNative":"58","failOverAdIDRewardedVideo":"20","nativeEnabled":"False","nativeWidth":"123","nativeHeight":"123","interstitialAndVideo":[{"adID":"5","adOrder":"2"}],"rewardedVideo":[{"adID":"20","adOrder":"2"}],"native":[{"adID":"58","adOrder":"2"}],"banner":[{"adID":"43","adOrder":"2"}],"icon":{"enabled":"False","adID":"59","size":"1"}}],"appAdnetwork":[{"adID":"5","isAdavailable":"1"},{"adID":"43","isAdavailable":"1"},{"adID":"58","isAdavailable":"1"},{"adID":"20","isAdavailable":"1"},{"adID":"59","isAdavailable":"1"}]}: Status code not OK,http://52.13.174.6/sheeda/admin/json/syncApp API has failed at 2 Forbidden{"message":"HTTP Error 401 - Unauthorized: Access is denied due to invalid credentials."}
{"package":"com.playaction.flying.dog.animal.rescue","title":"Flying Super Dog Hero City Animal Rescue","gssdkVersion":"6.2.1","sdkVersionID":"2180","sdkVersion":"2180","userSignature":"a31265023c3eb8a0e11a55e1b57f3b30","appVersionCode":"","appVersionName":"","totalSequences":"1","adsQueueType":"priority","gpRateUsURL":"","isHideAds":"0","childDirected":"1","mediationLog":"0","store":"41","sequences":[{"seqTitleID":"3","isFirstSkip":"False","failOverAdID":"5"," isFirstSkipRewardedVideo":"False"," bannerEnabled":"False","bannerPosition":"1","failOverAdIDBanner":"43","failOverAdIDNative":"58","failOverAdIDRewardedVideo":"20","nativeEnabled":"False","nativeWidth":"123","nativeHeight":"123","interstitialAndVideo":[{"adID":"5","adOrder":"2"}],"rewardedVideo":[{"adID":"20","adOrder":"2"}],"native":[{"adID":"58","adOrder":"2"}],"banner":[{"adID":"43","adOrder":"2"}],"icon":{"enabled":"False","adID":"59","size":"1"}}],"appAdnetwork":[{"adID":"5","isAdavailable":"1"},{"adID":"43","isAdavailable":"1"},{"adID":"58","isAdavailable":"1"},{"adID":"20","isAdavailable":"1"},{"adID":"59","isAdavailable":"1"}]}: http://52.13.174.6/sheeda/admin/json/syncAppAPI failed as it is not correct json response in content type 2{"message":"HTTP Error 401 - Unauthorized: Access is denied due to invalid credentials."}
****************** http://52.13.174.6/sheeda/admin/json/syncApp
****************** http://52.13.174.6/sheeda/admin/json/syncApp
{"package":"com.burbn.instagram","title":"Instagram","gssdkVersion":"v6.2.1","sdkVersionID":"2181","sdkVersion":"2181","userSignature":"a31265023c3eb8a0e11a55e1b57f3b30","appVersionCode":"","appVersionName":"","totalSequences":"1","adsQueueType":"priority","gpRateUsURL":"","isHideAds":"0","childDirected":"1","mediationLog":"0","store":"42","sequences":[{"seqTitleID":"10","isFirstSkip":"False","failOverAdID":"7"," isFirstSkipRewardedVideo":"False"," bannerEnabled":"False","bannerPosition":"2","failOverAdIDBanner":"45","failOverAdIDNative":"63","failOverAdIDRewardedVideo":"21","nativeEnabled":"False","nativeWidth":"179","nativeHeight":"179","interstitialAndVideo":[{"adID":"7","adOrder":"4"}],"rewardedVideo":[{"adID":"21","adOrder":"4"}],"native":[{"adID":"63","adOrder":"4"}],"banner":[{"adID":"45","adOrder":"4"}],"icon":{"enabled":"False","adID":"59","size":"1"}}],"appAdnetwork":[{"adID":"7","isAdavailable":"1"},{"adID":"45","isAdavailable":"1"},{"adID":"63","isAdavailable":"1"},{"adID":"21","isAdavailable":"1"},{"adID":"59","isAdavailable":"1"}]}: Status code forbidden, internet connectivity not availablehttp://52.13.174.6/sheeda/admin/json/syncApp please check your internet connection 3
{"package":"com.burbn.instagram","title":"Instagram","gssdkVersion":"v6.2.1","sdkVersionID":"2181","sdkVersion":"2181","userSignature":"a31265023c3eb8a0e11a55e1b57f3b30","appVersionCode":"","appVersionName":"","totalSequences":"1","adsQueueType":"priority","gpRateUsURL":"","isHideAds":"0","childDirected":"1","mediationLog":"0","store":"42","sequences":[{"seqTitleID":"10","isFirstSkip":"False","failOverAdID":"7"," isFirstSkipRewardedVideo":"False"," bannerEnabled":"False","bannerPosition":"2","failOverAdIDBanner":"45","failOverAdIDNative":"63","failOverAdIDRewardedVideo":"21","nativeEnabled":"False","nativeWidth":"179","nativeHeight":"179","interstitialAndVideo":[{"adID":"7","adOrder":"4"}],"rewardedVideo":[{"adID":"21","adOrder":"4"}],"native":[{"adID":"63","adOrder":"4"}],"banner":[{"adID":"45","adOrder":"4"}],"icon":{"enabled":"False","adID":"59","size":"1"}}],"appAdnetwork":[{"adID":"7","isAdavailable":"1"},{"adID":"45","isAdavailable":"1"},{"adID":"63","isAdavailable":"1"},{"adID":"21","isAdavailable":"1"},{"adID":"59","isAdavailable":"1"}]}: Status code not OK,http://52.13.174.6/sheeda/admin/json/syncApp API has failed at 3 Forbidden{"message":"HTTP Error 401 - Unauthorized: Access is denied due to invalid credentials."}
{"package":"com.burbn.instagram","title":"Instagram","gssdkVersion":"v6.2.1","sdkVersionID":"2181","sdkVersion":"2181","userSignature":"a31265023c3eb8a0e11a55e1b57f3b30","appVersionCode":"","appVersionName":"","totalSequences":"1","adsQueueType":"priority","gpRateUsURL":"","isHideAds":"0","childDirected":"1","mediationLog":"0","store":"42","sequences":[{"seqTitleID":"10","isFirstSkip":"False","failOverAdID":"7"," isFirstSkipRewardedVideo":"False"," bannerEnabled":"False","bannerPosition":"2","failOverAdIDBanner":"45","failOverAdIDNative":"63","failOverAdIDRewardedVideo":"21","nativeEnabled":"False","nativeWidth":"179","nativeHeight":"179","interstitialAndVideo":[{"adID":"7","adOrder":"4"}],"rewardedVideo":[{"adID":"21","adOrder":"4"}],"native":[{"adID":"63","adOrder":"4"}],"banner":[{"adID":"45","adOrder":"4"}],"icon":{"enabled":"False","adID":"59","size":"1"}}],"appAdnetwork":[{"adID":"7","isAdavailable":"1"},{"adID":"45","isAdavailable":"1"},{"adID":"63","isAdavailable":"1"},{"adID":"21","isAdavailable":"1"},{"adID":"59","isAdavailable":"1"}]}: http://52.13.174.6/sheeda/admin/json/syncAppAPI failed as it is not correct json response in content type 3{"message":"HTTP Error 401 - Unauthorized: Access is denied due to invalid credentials."}
****************** http://52.13.174.6/sheeda/admin/json/syncApp
****************** http://52.13.174.6/sheeda/admin/json/syncApp
{"package":"com.deg.underwater.impossible.car.stunts.driving.racing.game","title":"Underwater Fearless Car Racing Stunts Game","gssdkVersion":"v6.2.1","sdkVersionID":"2182","sdkVersion":"2182","userSignature":"a31265023c3eb8a0e11a55e1b57f3b30","appVersionCode":"","appVersionName":"","totalSequences":"1","adsQueueType":"priority","gpRateUsURL":"","isHideAds":"0","childDirected":"1","mediationLog":"0","store":"41","sequences":[{"seqTitleID":"21","isFirstSkip":"False","failOverAdID":"8"," isFirstSkipRewardedVideo":"False"," bannerEnabled":"False","bannerPosition":"5","failOverAdIDBanner":"49","failOverAdIDNative":"69","failOverAdIDRewardedVideo":"24","nativeEnabled":"False","nativeWidth":"267","nativeHeight":"267","interstitialAndVideo":[{"adID":"8","adOrder":"8"}],"rewardedVideo":[{"adID":"24","adOrder":"8"}],"native":[{"adID":"69","adOrder":"8"}],"banner":[{"adID":"49","adOrder":"8"}],"icon":{"enabled":"False","adID":"59","size":"2"}}],"appAdnetwork":[{"adID":"8","isAdavailable":"1"},{"adID":"49","isAdavailable":"1"},{"adID":"69","isAdavailable":"1"},{"adID":"24","isAdavailable":"1"},{"adID":"59","isAdavailable":"1"}]}: Status code forbidden, internet connectivity not availablehttp://52.13.174.6/sheeda/admin/json/syncApp please check your internet connection 4
{"package":"com.deg.underwater.impossible.car.stunts.driving.racing.game","title":"Underwater Fearless Car Racing Stunts Game","gssdkVersion":"v6.2.1","sdkVersionID":"2182","sdkVersion":"2182","userSignature":"a31265023c3eb8a0e11a55e1b57f3b30","appVersionCode":"","appVersionName":"","totalSequences":"1","adsQueueType":"priority","gpRateUsURL":"","isHideAds":"0","childDirected":"1","mediationLog":"0","store":"41","sequences":[{"seqTitleID":"21","isFirstSkip":"False","failOverAdID":"8"," isFirstSkipRewardedVideo":"False"," bannerEnabled":"False","bannerPosition":"5","failOverAdIDBanner":"49","failOverAdIDNative":"69","failOverAdIDRewardedVideo":"24","nativeEnabled":"False","nativeWidth":"267","nativeHeight":"267","interstitialAndVideo":[{"adID":"8","adOrder":"8"}],"rewardedVideo":[{"adID":"24","adOrder":"8"}],"native":[{"adID":"69","adOrder":"8"}],"banner":[{"adID":"49","adOrder":"8"}],"icon":{"enabled":"False","adID":"59","size":"2"}}],"appAdnetwork":[{"adID":"8","isAdavailable":"1"},{"adID":"49","isAdavailable":"1"},{"adID":"69","isAdavailable":"1"},{"adID":"24","isAdavailable":"1"},{"adID":"59","isAdavailable":"1"}]}: Status code not OK,http://52.13.174.6/sheeda/admin/json/syncApp API has failed at 4 Forbidden{"message":"HTTP Error 401 - Unauthorized: Access is denied due to invalid credentials."}
{"package":"com.deg.underwater.impossible.car.stunts.driving.racing.game","title":"Underwater Fearless Car Racing Stunts Game","gssdkVersion":"v6.2.1","sdkVersionID":"2182","sdkVersion":"2182","userSignature":"a31265023c3eb8a0e11a55e1b57f3b30","appVersionCode":"","appVersionName":"","totalSequences":"1","adsQueueType":"priority","gpRateUsURL":"","isHideAds":"0","childDirected":"1","mediationLog":"0","store":"41","sequences":[{"seqTitleID":"21","isFirstSkip":"False","failOverAdID":"8"," isFirstSkipRewardedVideo":"False"," bannerEnabled":"False","bannerPosition":"5","failOverAdIDBanner":"49","failOverAdIDNative":"69","failOverAdIDRewardedVideo":"24","nativeEnabled":"False","nativeWidth":"267","nativeHeight":"267","interstitialAndVideo":[{"adID":"8","adOrder":"8"}],"rewardedVideo":[{"adID":"24","adOrder":"8"}],"native":[{"adID":"69","adOrder":"8"}],"banner":[{"adID":"49","adOrder":"8"}],"icon":{"enabled":"False","adID":"59","size":"2"}}],"appAdnetwork":[{"adID":"8","isAdavailable":"1"},{"adID":"49","isAdavailable":"1"},{"adID":"69","isAdavailable":"1"},{"adID":"24","isAdavailable":"1"},{"adID":"59","isAdavailable":"1"}]}: http://52.13.174.6/sheeda/admin/json/syncAppAPI failed as it is not correct json response in content type 4{"message":"HTTP Error 401 - Unauthorized: Access is denied due to invalid credentials."}
****************** http://52.13.174.6/sheeda/admin/json/syncApp
****************** http://52.13.174.6/sheeda/admin/json/syncApp
{"package":"com.de.real.heavy.excavator.crane.transform.robot.war","title":"City Garbage Truck","gssdkVersion":"v6.2.1-1","sdkVersionID":"2185","sdkVersion":"2185","userSignature":"a31265023c3eb8a0e11a55e1b57f3b30","appVersionCode":"","appVersionName":"","totalSequences":"1","adsQueueType":"priority","gpRateUsURL":"","isHideAds":"0","childDirected":"1","mediationLog":"0","store":"41","sequences":[{"seqTitleID":"19","isFirstSkip":"False","failOverAdID":"12"," isFirstSkipRewardedVideo":"False"," bannerEnabled":"False","bannerPosition":"4","failOverAdIDBanner":"53","failOverAdIDNative":"74","failOverAdIDRewardedVideo":"25","nativeEnabled":"False","nativeWidth":"251","nativeHeight":"251","interstitialAndVideo":[{"adID":"12","adOrder":"7"}],"rewardedVideo":[{"adID":"25","adOrder":"7"}],"native":[{"adID":"74","adOrder":"7"}],"banner":[{"adID":"53","adOrder":"7"}],"icon":{"enabled":"False","adID":"59","size":"2"}}],"appAdnetwork":[{"adID":"12","isAdavailable":"1"},{"adID":"53","isAdavailable":"1"},{"adID":"74","isAdavailable":"1"},{"adID":"25","isAdavailable":"1"},{"adID":"59","isAdavailable":"1"}]}: Status code forbidden, internet connectivity not availablehttp://52.13.174.6/sheeda/admin/json/syncApp please check your internet connection 5
{"package":"com.de.real.heavy.excavator.crane.transform.robot.war","title":"City Garbage Truck","gssdkVersion":"v6.2.1-1","sdkVersionID":"2185","sdkVersion":"2185","userSignature":"a31265023c3eb8a0e11a55e1b57f3b30","appVersionCode":"","appVersionName":"","totalSequences":"1","adsQueueType":"priority","gpRateUsURL":"","isHideAds":"0","childDirected":"1","mediationLog":"0","store":"41","sequences":[{"seqTitleID":"19","isFirstSkip":"False","failOverAdID":"12"," isFirstSkipRewardedVideo":"False"," bannerEnabled":"False","bannerPosition":"4","failOverAdIDBanner":"53","failOverAdIDNative":"74","failOverAdIDRewardedVideo":"25","nativeEnabled":"False","nativeWidth":"251","nativeHeight":"251","interstitialAndVideo":[{"adID":"12","adOrder":"7"}],"rewardedVideo":[{"adID":"25","adOrder":"7"}],"native":[{"adID":"74","adOrder":"7"}],"banner":[{"adID":"53","adOrder":"7"}],"icon":{"enabled":"False","adID":"59","size":"2"}}],"appAdnetwork":[{"adID":"12","isAdavailable":"1"},{"adID":"53","isAdavailable":"1"},{"adID":"74","isAdavailable":"1"},{"adID":"25","isAdavailable":"1"},{"adID":"59","isAdavailable":"1"}]}: Status code not OK,http://52.13.174.6/sheeda/admin/json/syncApp API has failed at 5 Forbidden{"message":"HTTP Error 401 - Unauthorized: Access is denied due to invalid credentials."}
{"package":"com.de.real.heavy.excavator.crane.transform.robot.war","title":"City Garbage Truck","gssdkVersion":"v6.2.1-1","sdkVersionID":"2185","sdkVersion":"2185","userSignature":"a31265023c3eb8a0e11a55e1b57f3b30","appVersionCode":"","appVersionName":"","totalSequences":"1","adsQueueType":"priority","gpRateUsURL":"","isHideAds":"0","childDirected":"1","mediationLog":"0","store":"41","sequences":[{"seqTitleID":"19","isFirstSkip":"False","failOverAdID":"12"," isFirstSkipRewardedVideo":"False"," bannerEnabled":"False","bannerPosition":"4","failOverAdIDBanner":"53","failOverAdIDNative":"74","failOverAdIDRewardedVideo":"25","nativeEnabled":"False","nativeWidth":"251","nativeHeight":"251","interstitialAndVideo":[{"adID":"12","adOrder":"7"}],"rewardedVideo":[{"adID":"25","adOrder":"7"}],"native":[{"adID":"74","adOrder":"7"}],"banner":[{"adID":"53","adOrder":"7"}],"icon":{"enabled":"False","adID":"59","size":"2"}}],"appAdnetwork":[{"adID":"12","isAdavailable":"1"},{"adID":"53","isAdavailable":"1"},{"adID":"74","isAdavailable":"1"},{"adID":"25","isAdavailable":"1"},{"adID":"59","isAdavailable":"1"}]}: http://52.13.174.6/sheeda/admin/json/syncAppAPI failed as it is not correct json response in content type 5{"message":"HTTP Error 401 - Unauthorized: Access is denied due to invalid credentials."}
****************** http://52.13.174.6/sheeda/admin/json/syncApp
****************** http://52.13.174.6/sheeda/admin/json/syncApp
{"package":"com.google.android.apps.searchlite","title":"Lingbe: Google Go: A lighter, faster way to search","gssdkVersion":"v6.3.1","sdkVersionID":"2193","sdkVersion":"2193","userSignature":"a31265023c3eb8a0e11a55e1b57f3b30","appVersionCode":"","appVersionName":"","totalSequences":"1","adsQueueType":"priority","gpRateUsURL":"","isHideAds":"0","childDirected":"1","mediationLog":"0","store":"41","sequences":[{"seqTitleID":"19","isFirstSkip":"False","failOverAdID":"18"," isFirstSkipRewardedVideo":"False"," bannerEnabled":"False","bannerPosition":"4","failOverAdIDBanner":"56","failOverAdIDNative":"75","failOverAdIDRewardedVideo":"26","nativeEnabled":"False","nativeWidth":"251","nativeHeight":"251","interstitialAndVideo":[{"adID":"18","adOrder":"7"}],"rewardedVideo":[{"adID":"26","adOrder":"7"}],"native":[{"adID":"75","adOrder":"7"}],"banner":[{"adID":"56","adOrder":"7"}],"icon":{"enabled":"False","adID":"59","size":"2"}}],"appAdnetwork":[{"adID":"18","isAdavailable":"1"},{"adID":"56","isAdavailable":"1"},{"adID":"75","isAdavailable":"1"},{"adID":"26","isAdavailable":"1"},{"adID":"59","isAdavailable":"1"}]}: Status code forbidden, internet connectivity not availablehttp://52.13.174.6/sheeda/admin/json/syncApp please check your internet connection 6
{"package":"com.google.android.apps.searchlite","title":"Lingbe: Google Go: A lighter, faster way to search","gssdkVersion":"v6.3.1","sdkVersionID":"2193","sdkVersion":"2193","userSignature":"a31265023c3eb8a0e11a55e1b57f3b30","appVersionCode":"","appVersionName":"","totalSequences":"1","adsQueueType":"priority","gpRateUsURL":"","isHideAds":"0","childDirected":"1","mediationLog":"0","store":"41","sequences":[{"seqTitleID":"19","isFirstSkip":"False","failOverAdID":"18"," isFirstSkipRewardedVideo":"False"," bannerEnabled":"False","bannerPosition":"4","failOverAdIDBanner":"56","failOverAdIDNative":"75","failOverAdIDRewardedVideo":"26","nativeEnabled":"False","nativeWidth":"251","nativeHeight":"251","interstitialAndVideo":[{"adID":"18","adOrder":"7"}],"rewardedVideo":[{"adID":"26","adOrder":"7"}],"native":[{"adID":"75","adOrder":"7"}],"banner":[{"adID":"56","adOrder":"7"}],"icon":{"enabled":"False","adID":"59","size":"2"}}],"appAdnetwork":[{"adID":"18","isAdavailable":"1"},{"adID":"56","isAdavailable":"1"},{"adID":"75","isAdavailable":"1"},{"adID":"26","isAdavailable":"1"},{"adID":"59","isAdavailable":"1"}]}: Status code not OK,http://52.13.174.6/sheeda/admin/json/syncApp API has failed at 6 Forbidden{"message":"HTTP Error 401 - Unauthorized: Access is denied due to invalid credentials."}
{"package":"com.google.android.apps.searchlite","title":"Lingbe: Google Go: A lighter, faster way to search","gssdkVersion":"v6.3.1","sdkVersionID":"2193","sdkVersion":"2193","userSignature":"a31265023c3eb8a0e11a55e1b57f3b30","appVersionCode":"","appVersionName":"","totalSequences":"1","adsQueueType":"priority","gpRateUsURL":"","isHideAds":"0","childDirected":"1","mediationLog":"0","store":"41","sequences":[{"seqTitleID":"19","isFirstSkip":"False","failOverAdID":"18"," isFirstSkipRewardedVideo":"False"," bannerEnabled":"False","bannerPosition":"4","failOverAdIDBanner":"56","failOverAdIDNative":"75","failOverAdIDRewardedVideo":"26","nativeEnabled":"False","nativeWidth":"251","nativeHeight":"251","interstitialAndVideo":[{"adID":"18","adOrder":"7"}],"rewardedVideo":[{"adID":"26","adOrder":"7"}],"native":[{"adID":"75","adOrder":"7"}],"banner":[{"adID":"56","adOrder":"7"}],"icon":{"enabled":"False","adID":"59","size":"2"}}],"appAdnetwork":[{"adID":"18","isAdavailable":"1"},{"adID":"56","isAdavailable":"1"},{"adID":"75","isAdavailable":"1"},{"adID":"26","isAdavailable":"1"},{"adID":"59","isAdavailable":"1"}]}: http://52.13.174.6/sheeda/admin/json/syncAppAPI failed as it is not correct json response in content type 6{"message":"HTTP Error 401 - Unauthorized: Access is denied due to invalid credentials."}
****************** http://52.13.174.6/sheeda/admin/json/syncApp
****************** http://52.13.174.6/sheeda/admin/json/syncApp
{"package":"com.playink.splitvideointerstitial","title":"Split Video Interstitial","gssdkVersion":"v6.3.1","sdkVersionID":"2194","sdkVersion":"2194","userSignature":"a31265023c3eb8a0e11a55e1b57f3b30","appVersionCode":"1","appVersionName":"1.0","totalSequences":"1","adsQueueType":"priority","gpRateUsURL":"","isHideAds":"0","childDirected":"1","mediationLog":"0","store":"42","sequences":[{"seqTitleID":"12","isFirstSkip":"False","failOverAdID":"19"," isFirstSkipRewardedVideo":"False"," bannerEnabled":"False","bannerPosition":"3","failOverAdIDBanner":"57","failOverAdIDNative":"78","failOverAdIDRewardedVideo":"32","nativeEnabled":"False","nativeWidth":"192","nativeHeight":"192","interstitialAndVideo":[{"adID":"19","adOrder":"5"}],"rewardedVideo":[{"adID":"32","adOrder":"5"}],"native":[{"adID":"78","adOrder":"5"}],"banner":[{"adID":"57","adOrder":"5"}],"icon":{"enabled":"False","adID":"59","size":"1"}}],"appAdnetwork":[{"adID":"19","isAdavailable":"1"},{"adID":"57","isAdavailable":"1"},{"adID":"78","isAdavailable":"1"},{"adID":"32","isAdavailable":"1"},{"adID":"59","isAdavailable":"1"}]}: Status code forbidden, internet connectivity not availablehttp://52.13.174.6/sheeda/admin/json/syncApp please check your internet connection 7
{"package":"com.playink.splitvideointerstitial","title":"Split Video Interstitial","gssdkVersion":"v6.3.1","sdkVersionID":"2194","sdkVersion":"2194","userSignature":"a31265023c3eb8a0e11a55e1b57f3b30","appVersionCode":"1","appVersionName":"1.0","totalSequences":"1","adsQueueType":"priority","gpRateUsURL":"","isHideAds":"0","childDirected":"1","mediationLog":"0","store":"42","sequences":[{"seqTitleID":"12","isFirstSkip":"False","failOverAdID":"19"," isFirstSkipRewardedVideo":"False"," bannerEnabled":"False","bannerPosition":"3","failOverAdIDBanner":"57","failOverAdIDNative":"78","failOverAdIDRewardedVideo":"32","nativeEnabled":"False","nativeWidth":"192","nativeHeight":"192","interstitialAndVideo":[{"adID":"19","adOrder":"5"}],"rewardedVideo":[{"adID":"32","adOrder":"5"}],"native":[{"adID":"78","adOrder":"5"}],"banner":[{"adID":"57","adOrder":"5"}],"icon":{"enabled":"False","adID":"59","size":"1"}}],"appAdnetwork":[{"adID":"19","isAdavailable":"1"},{"adID":"57","isAdavailable":"1"},{"adID":"78","isAdavailable":"1"},{"adID":"32","isAdavailable":"1"},{"adID":"59","isAdavailable":"1"}]}: Status code not OK,http://52.13.174.6/sheeda/admin/json/syncApp API has failed at 7 Forbidden{"message":"HTTP Error 401 - Unauthorized: Access is denied due to invalid credentials."}
{"package":"com.playink.splitvideointerstitial","title":"Split Video Interstitial","gssdkVersion":"v6.3.1","sdkVersionID":"2194","sdkVersion":"2194","userSignature":"a31265023c3eb8a0e11a55e1b57f3b30","appVersionCode":"1","appVersionName":"1.0","totalSequences":"1","adsQueueType":"priority","gpRateUsURL":"","isHideAds":"0","childDirected":"1","mediationLog":"0","store":"42","sequences":[{"seqTitleID":"12","isFirstSkip":"False","failOverAdID":"19"," isFirstSkipRewardedVideo":"False"," bannerEnabled":"False","bannerPosition":"3","failOverAdIDBanner":"57","failOverAdIDNative":"78","failOverAdIDRewardedVideo":"32","nativeEnabled":"False","nativeWidth":"192","nativeHeight":"192","interstitialAndVideo":[{"adID":"19","adOrder":"5"}],"rewardedVideo":[{"adID":"32","adOrder":"5"}],"native":[{"adID":"78","adOrder":"5"}],"banner":[{"adID":"57","adOrder":"5"}],"icon":{"enabled":"False","adID":"59","size":"1"}}],"appAdnetwork":[{"adID":"19","isAdavailable":"1"},{"adID":"57","isAdavailable":"1"},{"adID":"78","isAdavailable":"1"},{"adID":"32","isAdavailable":"1"},{"adID":"59","isAdavailable":"1"}]}: http://52.13.174.6/sheeda/admin/json/syncAppAPI failed as it is not correct json response in content type 7{"message":"HTTP Error 401 - Unauthorized: Access is denied due to invalid credentials."}
****************** http://52.13.174.6/sheeda/admin/json/syncApp
****************** http://52.13.174.6/sheeda/admin/json/syncApp
{"package":"com.sx.futuristic.real.flying.dragon.attack.transform.robot.war","title":"Robot TRansform","gssdkVersion":"v6.4.1","sdkVersionID":"2199","sdkVersion":"2199","userSignature":"a31265023c3eb8a0e11a55e1b57f3b30","appVersionCode":"","appVersionName":"","totalSequences":"1","adsQueueType":"priority","gpRateUsURL":"","isHideAds":"0","childDirected":"1","mediationLog":"0","store":"41","sequences":[{"seqTitleID":"15","isFirstSkip":"False","failOverAdID":"29"," isFirstSkipRewardedVideo":"False"," bannerEnabled":"False","bannerPosition":"3","failOverAdIDBanner":"68","failOverAdIDNative":"79","failOverAdIDRewardedVideo":"34","nativeEnabled":"False","nativeWidth":"219","nativeHeight":"219","interstitialAndVideo":[{"adID":"29","adOrder":"6"}],"rewardedVideo":[{"adID":"34","adOrder":"6"}],"native":[{"adID":"79","adOrder":"6"}],"banner":[{"adID":"68","adOrder":"6"}],"icon":{"enabled":"False","adID":"59","size":"2"}}],"appAdnetwork":[{"adID":"29","isAdavailable":"1"},{"adID":"68","isAdavailable":"1"},{"adID":"79","isAdavailable":"1"},{"adID":"34","isAdavailable":"1"},{"adID":"59","isAdavailable":"1"}]}: Status code forbidden, internet connectivity not availablehttp://52.13.174.6/sheeda/admin/json/syncApp please check your internet connection 8
{"package":"com.sx.futuristic.real.flying.dragon.attack.transform.robot.war","title":"Robot TRansform","gssdkVersion":"v6.4.1","sdkVersionID":"2199","sdkVersion":"2199","userSignature":"a31265023c3eb8a0e11a55e1b57f3b30","appVersionCode":"","appVersionName":"","totalSequences":"1","adsQueueType":"priority","gpRateUsURL":"","isHideAds":"0","childDirected":"1","mediationLog":"0","store":"41","sequences":[{"seqTitleID":"15","isFirstSkip":"False","failOverAdID":"29"," isFirstSkipRewardedVideo":"False"," bannerEnabled":"False","bannerPosition":"3","failOverAdIDBanner":"68","failOverAdIDNative":"79","failOverAdIDRewardedVideo":"34","nativeEnabled":"False","nativeWidth":"219","nativeHeight":"219","interstitialAndVideo":[{"adID":"29","adOrder":"6"}],"rewardedVideo":[{"adID":"34","adOrder":"6"}],"native":[{"adID":"79","adOrder":"6"}],"banner":[{"adID":"68","adOrder":"6"}],"icon":{"enabled":"False","adID":"59","size":"2"}}],"appAdnetwork":[{"adID":"29","isAdavailable":"1"},{"adID":"68","isAdavailable":"1"},{"adID":"79","isAdavailable":"1"},{"adID":"34","isAdavailable":"1"},{"adID":"59","isAdavailable":"1"}]}: Status code not OK,http://52.13.174.6/sheeda/admin/json/syncApp API has failed at 8 Forbidden{"message":"HTTP Error 401 - Unauthorized: Access is denied due to invalid credentials."}
{"package":"com.sx.futuristic.real.flying.dragon.attack.transform.robot.war","title":"Robot TRansform","gssdkVersion":"v6.4.1","sdkVersionID":"2199","sdkVersion":"2199","userSignature":"a31265023c3eb8a0e11a55e1b57f3b30","appVersionCode":"","appVersionName":"","totalSequences":"1","adsQueueType":"priority","gpRateUsURL":"","isHideAds":"0","childDirected":"1","mediationLog":"0","store":"41","sequences":[{"seqTitleID":"15","isFirstSkip":"False","failOverAdID":"29"," isFirstSkipRewardedVideo":"False"," bannerEnabled":"False","bannerPosition":"3","failOverAdIDBanner":"68","failOverAdIDNative":"79","failOverAdIDRewardedVideo":"34","nativeEnabled":"False","nativeWidth":"219","nativeHeight":"219","interstitialAndVideo":[{"adID":"29","adOrder":"6"}],"rewardedVideo":[{"adID":"34","adOrder":"6"}],"native":[{"adID":"79","adOrder":"6"}],"banner":[{"adID":"68","adOrder":"6"}],"icon":{"enabled":"False","adID":"59","size":"2"}}],"appAdnetwork":[{"adID":"29","isAdavailable":"1"},{"adID":"68","isAdavailable":"1"},{"adID":"79","isAdavailable":"1"},{"adID":"34","isAdavailable":"1"},{"adID":"59","isAdavailable":"1"}]}: http://52.13.174.6/sheeda/admin/json/syncAppAPI failed as it is not correct json response in content type 8{"message":"HTTP Error 401 - Unauthorized: Access is denied due to invalid credentials."}
****************** http://52.13.174.6/sheeda/admin/json/syncApp
****************** http://52.13.174.6/sheeda/admin/json/syncApp
{"package":"com.yhi.tornado.robot.transforming.city.rescue","title":"Hurricane Tornado Robot Transforming - City Rescue","gssdkVersion":"6.1.1","sdkVersionID":"2174","sdkVersion":"2174","userSignature":"a31265023c3eb8a0e11a55e1b57f3b30","appVersionCode":"","appVersionName":"","totalSequences":"1","adsQueueType":"priority","gpRateUsURL":"","isHideAds":"0","childDirected":"1","mediationLog":"0","store":"41","sequences":[{"seqTitleID":"22","isFirstSkip":"False","failOverAdID":"0"," isFirstSkipRewardedVideo":"False"," bannerEnabled":"False","bannerPosition":"5","failOverAdIDBanner":"28","failOverAdIDNative":"27","failOverAdIDRewardedVideo":"4","nativeEnabled":"False","nativeWidth":"275","nativeHeight":"275","interstitialAndVideo":[{"adID":"0","adOrder":"8"}],"rewardedVideo":[{"adID":"4","adOrder":"8"}],"native":[{"adID":"27","adOrder":"8"}],"banner":[{"adID":"28","adOrder":"8"}],"icon":{"enabled":"False","adID":"59","size":"2"}}],"appAdnetwork":[{"adID":"0","isAdavailable":"1"},{"adID":"28","isAdavailable":"1"},{"adID":"27","isAdavailable":"1"},{"adID":"4","isAdavailable":"1"},{"adID":"59","isAdavailable":"1"}]}: Status code forbidden, internet connectivity not availablehttp://52.13.174.6/sheeda/admin/json/syncApp please check your internet connection 9
{"package":"com.yhi.tornado.robot.transforming.city.rescue","title":"Hurricane Tornado Robot Transforming - City Rescue","gssdkVersion":"6.1.1","sdkVersionID":"2174","sdkVersion":"2174","userSignature":"a31265023c3eb8a0e11a55e1b57f3b30","appVersionCode":"","appVersionName":"","totalSequences":"1","adsQueueType":"priority","gpRateUsURL":"","isHideAds":"0","childDirected":"1","mediationLog":"0","store":"41","sequences":[{"seqTitleID":"22","isFirstSkip":"False","failOverAdID":"0"," isFirstSkipRewardedVideo":"False"," bannerEnabled":"False","bannerPosition":"5","failOverAdIDBanner":"28","failOverAdIDNative":"27","failOverAdIDRewardedVideo":"4","nativeEnabled":"False","nativeWidth":"275","nativeHeight":"275","interstitialAndVideo":[{"adID":"0","adOrder":"8"}],"rewardedVideo":[{"adID":"4","adOrder":"8"}],"native":[{"adID":"27","adOrder":"8"}],"banner":[{"adID":"28","adOrder":"8"}],"icon":{"enabled":"False","adID":"59","size":"2"}}],"appAdnetwork":[{"adID":"0","isAdavailable":"1"},{"adID":"28","isAdavailable":"1"},{"adID":"27","isAdavailable":"1"},{"adID":"4","isAdavailable":"1"},{"adID":"59","isAdavailable":"1"}]}: Status code not OK,http://52.13.174.6/sheeda/admin/json/syncApp API has failed at 9 Forbidden{"message":"HTTP Error 401 - Unauthorized: Access is denied due to invalid credentials."}
{"package":"com.yhi.tornado.robot.transforming.city.rescue","title":"Hurricane Tornado Robot Transforming - City Rescue","gssdkVersion":"6.1.1","sdkVersionID":"2174","sdkVersion":"2174","userSignature":"a31265023c3eb8a0e11a55e1b57f3b30","appVersionCode":"","appVersionName":"","totalSequences":"1","adsQueueType":"priority","gpRateUsURL":"","isHideAds":"0","childDirected":"1","mediationLog":"0","store":"41","sequences":[{"seqTitleID":"22","isFirstSkip":"False","failOverAdID":"0"," isFirstSkipRewardedVideo":"False"," bannerEnabled":"False","bannerPosition":"5","failOverAdIDBanner":"28","failOverAdIDNative":"27","failOverAdIDRewardedVideo":"4","nativeEnabled":"False","nativeWidth":"275","nativeHeight":"275","interstitialAndVideo":[{"adID":"0","adOrder":"8"}],"rewardedVideo":[{"adID":"4","adOrder":"8"}],"native":[{"adID":"27","adOrder":"8"}],"banner":[{"adID":"28","adOrder":"8"}],"icon":{"enabled":"False","adID":"59","size":"2"}}],"appAdnetwork":[{"adID":"0","isAdavailable":"1"},{"adID":"28","isAdavailable":"1"},{"adID":"27","isAdavailable":"1"},{"adID":"4","isAdavailable":"1"},{"adID":"59","isAdavailable":"1"}]}: http://52.13.174.6/sheeda/admin/json/syncAppAPI failed as it is not correct json response in content type 9{"message":"HTTP Error 401 - Unauthorized: Access is denied due to invalid credentials."}
****************** http://52.13.174.6/sheeda/admin/json/syncApp
****************** http://52.13.174.6/sheeda/admin/json/syncApp
{"package":"com.pixnic.wws","title":"STAPPAmazon2","gssdkVersion":"6.2.1","sdkVersionID":"2179","sdkVersion":"2179","userSignature":"a31265023c3eb8a0e11a55e1b57f3b30","appVersionCode":"","appVersionName":"","totalSequences":"1","adsQueueType":"priority","gpRateUsURL":"","isHideAds":"0","childDirected":"1","mediationLog":"0","store":"43","sequences":[{"seqTitleID":"18","isFirstSkip":"False","failOverAdID":"2"," isFirstSkipRewardedVideo":"False"," bannerEnabled":"False","bannerPosition":"4","failOverAdIDBanner":"42","failOverAdIDNative":"44","failOverAdIDRewardedVideo":"15","nativeEnabled":"False","nativeWidth":"242","nativeHeight":"242","interstitialAndVideo":[{"adID":"2","adOrder":"7"}],"rewardedVideo":[{"adID":"15","adOrder":"7"}],"native":[{"adID":"44","adOrder":"7"}],"banner":[{"adID":"42","adOrder":"7"}],"icon":{"enabled":"False","adID":"59","size":"2"}}],"appAdnetwork":[{"adID":"2","isAdavailable":"1"},{"adID":"42","isAdavailable":"1"},{"adID":"44","isAdavailable":"1"},{"adID":"15","isAdavailable":"1"},{"adID":"59","isAdavailable":"1"}]}: Status code forbidden, internet connectivity not availablehttp://52.13.174.6/sheeda/admin/json/syncApp please check your internet connection 10
{"package":"com.pixnic.wws","title":"STAPPAmazon2","gssdkVersion":"6.2.1","sdkVersionID":"2179","sdkVersion":"2179","userSignature":"a31265023c3eb8a0e11a55e1b57f3b30","appVersionCode":"","appVersionName":"","totalSequences":"1","adsQueueType":"priority","gpRateUsURL":"","isHideAds":"0","childDirected":"1","mediationLog":"0","store":"43","sequences":[{"seqTitleID":"18","isFirstSkip":"False","failOverAdID":"2"," isFirstSkipRewardedVideo":"False"," bannerEnabled":"False","bannerPosition":"4","failOverAdIDBanner":"42","failOverAdIDNative":"44","failOverAdIDRewardedVideo":"15","nativeEnabled":"False","nativeWidth":"242","nativeHeight":"242","interstitialAndVideo":[{"adID":"2","adOrder":"7"}],"rewardedVideo":[{"adID":"15","adOrder":"7"}],"native":[{"adID":"44","adOrder":"7"}],"banner":[{"adID":"42","adOrder":"7"}],"icon":{"enabled":"False","adID":"59","size":"2"}}],"appAdnetwork":[{"adID":"2","isAdavailable":"1"},{"adID":"42","isAdavailable":"1"},{"adID":"44","isAdavailable":"1"},{"adID":"15","isAdavailable":"1"},{"adID":"59","isAdavailable":"1"}]}: Status code not OK,http://52.13.174.6/sheeda/admin/json/syncApp API has failed at 10 Forbidden{"message":"HTTP Error 401 - Unauthorized: Access is denied due to invalid credentials."}
{"package":"com.pixnic.wws","title":"STAPPAmazon2","gssdkVersion":"6.2.1","sdkVersionID":"2179","sdkVersion":"2179","userSignature":"a31265023c3eb8a0e11a55e1b57f3b30","appVersionCode":"","appVersionName":"","totalSequences":"1","adsQueueType":"priority","gpRateUsURL":"","isHideAds":"0","childDirected":"1","mediationLog":"0","store":"43","sequences":[{"seqTitleID":"18","isFirstSkip":"False","failOverAdID":"2"," isFirstSkipRewardedVideo":"False"," bannerEnabled":"False","bannerPosition":"4","failOverAdIDBanner":"42","failOverAdIDNative":"44","failOverAdIDRewardedVideo":"15","nativeEnabled":"False","nativeWidth":"242","nativeHeight":"242","interstitialAndVideo":[{"adID":"2","adOrder":"7"}],"rewardedVideo":[{"adID":"15","adOrder":"7"}],"native":[{"adID":"44","adOrder":"7"}],"banner":[{"adID":"42","adOrder":"7"}],"icon":{"enabled":"False","adID":"59","size":"2"}}],"appAdnetwork":[{"adID":"2","isAdavailable":"1"},{"adID":"42","isAdavailable":"1"},{"adID":"44","isAdavailable":"1"},{"adID":"15","isAdavailable":"1"},{"adID":"59","isAdavailable":"1"}]}: http://52.13.174.6/sheeda/admin/json/syncAppAPI failed as it is not correct json response in content type 10{"message":"HTTP Error 401 - Unauthorized: Access is denied due to invalid credentials."}
****************** http://52.13.174.6/sheeda/admin/json/syncApp
****************** http://52.13.174.6/sheeda/admin/json/syncApp
{"package":"com.yhi.wild.dinosaur.animal.family.survival.simulator.game","title":"Dinosaur Family Simulator","gssdkVersion":"6.2.1","sdkVersionID":"2180","sdkVersion":"2180","userSignature":"a31265023c3eb8a0e11a55e1b57f3b30","appVersionCode":"","appVersionName":"","totalSequences":"1","adsQueueType":"priority","gpRateUsURL":"","isHideAds":"0","childDirected":"1","mediationLog":"0","store":"41","sequences":[{"seqTitleID":"1","isFirstSkip":"False","failOverAdID":"5"," isFirstSkipRewardedVideo":"False"," bannerEnabled":"False","bannerPosition":"1","failOverAdIDBanner":"43","failOverAdIDNative":"58","failOverAdIDRewardedVideo":"20","nativeEnabled":"False","nativeWidth":"102","nativeHeight":"102","interstitialAndVideo":[{"adID":"5","adOrder":"1"}],"rewardedVideo":[{"adID":"20","adOrder":"1"}],"native":[{"adID":"58","adOrder":"1"}],"banner":[{"adID":"43","adOrder":"1"}],"icon":{"enabled":"False","adID":"59","size":"1"}}],"appAdnetwork":[{"adID":"5","isAdavailable":"1"},{"adID":"43","isAdavailable":"1"},{"adID":"58","isAdavailable":"1"},{"adID":"20","isAdavailable":"1"},{"adID":"59","isAdavailable":"1"}]}: Status code forbidden, internet connectivity not availablehttp://52.13.174.6/sheeda/admin/json/syncApp please check your internet connection 11
{"package":"com.yhi.wild.dinosaur.animal.family.survival.simulator.game","title":"Dinosaur Family Simulator","gssdkVersion":"6.2.1","sdkVersionID":"2180","sdkVersion":"2180","userSignature":"a31265023c3eb8a0e11a55e1b57f3b30","appVersionCode":"","appVersionName":"","totalSequences":"1","adsQueueType":"priority","gpRateUsURL":"","isHideAds":"0","childDirected":"1","mediationLog":"0","store":"41","sequences":[{"seqTitleID":"1","isFirstSkip":"False","failOverAdID":"5"," isFirstSkipRewardedVideo":"False"," bannerEnabled":"False","bannerPosition":"1","failOverAdIDBanner":"43","failOverAdIDNative":"58","failOverAdIDRewardedVideo":"20","nativeEnabled":"False","nativeWidth":"102","nativeHeight":"102","interstitialAndVideo":[{"adID":"5","adOrder":"1"}],"rewardedVideo":[{"adID":"20","adOrder":"1"}],"native":[{"adID":"58","adOrder":"1"}],"banner":[{"adID":"43","adOrder":"1"}],"icon":{"enabled":"False","adID":"59","size":"1"}}],"appAdnetwork":[{"adID":"5","isAdavailable":"1"},{"adID":"43","isAdavailable":"1"},{"adID":"58","isAdavailable":"1"},{"adID":"20","isAdavailable":"1"},{"adID":"59","isAdavailable":"1"}]}: Status code not OK,http://52.13.174.6/sheeda/admin/json/syncApp API has failed at 11 Forbidden{"message":"HTTP Error 401 - Unauthorized: Access is denied due to invalid credentials."}
{"package":"com.yhi.wild.dinosaur.animal.family.survival.simulator.game","title":"Dinosaur Family Simulator","gssdkVersion":"6.2.1","sdkVersionID":"2180","sdkVersion":"2180","userSignature":"a31265023c3eb8a0e11a55e1b57f3b30","appVersionCode":"","appVersionName":"","totalSequences":"1","adsQueueType":"priority","gpRateUsURL":"","isHideAds":"0","childDirected":"1","mediationLog":"0","store":"41","sequences":[{"seqTitleID":"1","isFirstSkip":"False","failOverAdID":"5"," isFirstSkipRewardedVideo":"False"," bannerEnabled":"False","bannerPosition":"1","failOverAdIDBanner":"43","failOverAdIDNative":"58","failOverAdIDRewardedVideo":"20","nativeEnabled":"False","nativeWidth":"102","nativeHeight":"102","interstitialAndVideo":[{"adID":"5","adOrder":"1"}],"rewardedVideo":[{"adID":"20","adOrder":"1"}],"native":[{"adID":"58","adOrder":"1"}],"banner":[{"adID":"43","adOrder":"1"}],"icon":{"enabled":"False","adID":"59","size":"1"}}],"appAdnetwork":[{"adID":"5","isAdavailable":"1"},{"adID":"43","isAdavailable":"1"},{"adID":"58","isAdavailable":"1"},{"adID":"20","isAdavailable":"1"},{"adID":"59","isAdavailable":"1"}]}: http://52.13.174.6/sheeda/admin/json/syncAppAPI failed as it is not correct json response in content type 11{"message":"HTTP Error 401 - Unauthorized: Access is denied due to invalid credentials."}
****************** http://52.13.174.6/sheeda/admin/json/syncApp
****************** http://52.13.174.6/sheeda/admin/json/syncApp
{"package":"com.deg.ultimate.gorilla.robot.transform.city.rampage","title":"Ultimate Gorilla Robot Transform: City Rampage","gssdkVersion":"v6.2.1","sdkVersionID":"2181","sdkVersion":"2181","userSignature":"a31265023c3eb8a0e11a55e1b57f3b30","appVersionCode":"","appVersionName":"","totalSequences":"1","adsQueueType":"priority","gpRateUsURL":"","isHideAds":"0","childDirected":"1","mediationLog":"0","store":"41","sequences":[{"seqTitleID":"3","isFirstSkip":"False","failOverAdID":"7"," isFirstSkipRewardedVideo":"False"," bannerEnabled":"False","bannerPosition":"1","failOverAdIDBanner":"45","failOverAdIDNative":"63","failOverAdIDRewardedVideo":"21","nativeEnabled":"False","nativeWidth":"119","nativeHeight":"119","interstitialAndVideo":[{"adID":"7","adOrder":"1"}],"rewardedVideo":[{"adID":"21","adOrder":"1"}],"native":[{"adID":"63","adOrder":"1"}],"banner":[{"adID":"45","adOrder":"1"}],"icon":{"enabled":"False","adID":"59","size":"1"}}],"appAdnetwork":[{"adID":"7","isAdavailable":"1"},{"adID":"45","isAdavailable":"1"},{"adID":"63","isAdavailable":"1"},{"adID":"21","isAdavailable":"1"},{"adID":"59","isAdavailable":"1"}]}: Status code forbidden, internet connectivity not availablehttp://52.13.174.6/sheeda/admin/json/syncApp please check your internet connection 12
{"package":"com.deg.ultimate.gorilla.robot.transform.city.rampage","title":"Ultimate Gorilla Robot Transform: City Rampage","gssdkVersion":"v6.2.1","sdkVersionID":"2181","sdkVersion":"2181","userSignature":"a31265023c3eb8a0e11a55e1b57f3b30","appVersionCode":"","appVersionName":"","totalSequences":"1","adsQueueType":"priority","gpRateUsURL":"","isHideAds":"0","childDirected":"1","mediationLog":"0","store":"41","sequences":[{"seqTitleID":"3","isFirstSkip":"False","failOverAdID":"7"," isFirstSkipRewardedVideo":"False"," bannerEnabled":"False","bannerPosition":"1","failOverAdIDBanner":"45","failOverAdIDNative":"63","failOverAdIDRewardedVideo":"21","nativeEnabled":"False","nativeWidth":"119","nativeHeight":"119","interstitialAndVideo":[{"adID":"7","adOrder":"1"}],"rewardedVideo":[{"adID":"21","adOrder":"1"}],"native":[{"adID":"63","adOrder":"1"}],"banner":[{"adID":"45","adOrder":"1"}],"icon":{"enabled":"False","adID":"59","size":"1"}}],"appAdnetwork":[{"adID":"7","isAdavailable":"1"},{"adID":"45","isAdavailable":"1"},{"adID":"63","isAdavailable":"1"},{"adID":"21","isAdavailable":"1"},{"adID":"59","isAdavailable":"1"}]}: Status code not OK,http://52.13.174.6/sheeda/admin/json/syncApp API has failed at 12 Forbidden{"message":"HTTP Error 401 - Unauthorized: Access is denied due to invalid credentials."}
{"package":"com.deg.ultimate.gorilla.robot.transform.city.rampage","title":"Ultimate Gorilla Robot Transform: City Rampage","gssdkVersion":"v6.2.1","sdkVersionID":"2181","sdkVersion":"2181","userSignature":"a31265023c3eb8a0e11a55e1b57f3b30","appVersionCode":"","appVersionName":"","totalSequences":"1","adsQueueType":"priority","gpRateUsURL":"","isHideAds":"0","childDirected":"1","mediationLog":"0","store":"41","sequences":[{"seqTitleID":"3","isFirstSkip":"False","failOverAdID":"7"," isFirstSkipRewardedVideo":"False"," bannerEnabled":"False","bannerPosition":"1","failOverAdIDBanner":"45","failOverAdIDNative":"63","failOverAdIDRewardedVideo":"21","nativeEnabled":"False","nativeWidth":"119","nativeHeight":"119","interstitialAndVideo":[{"adID":"7","adOrder":"1"}],"rewardedVideo":[{"adID":"21","adOrder":"1"}],"native":[{"adID":"63","adOrder":"1"}],"banner":[{"adID":"45","adOrder":"1"}],"icon":{"enabled":"False","adID":"59","size":"1"}}],"appAdnetwork":[{"adID":"7","isAdavailable":"1"},{"adID":"45","isAdavailable":"1"},{"adID":"63","isAdavailable":"1"},{"adID":"21","isAdavailable":"1"},{"adID":"59","isAdavailable":"1"}]}: http://52.13.174.6/sheeda/admin/json/syncAppAPI failed as it is not correct json response in content type 12{"message":"HTTP Error 401 - Unauthorized: Access is denied due to invalid credentials."}
****************** http://52.13.174.6/sheeda/admin/json/syncApp
****************** http://52.13.174.6/sheeda/admin/json/syncApp
{"package":"com.contextlogic.geek","title":"Geek - Smarter Shopping","gssdkVersion":"v6.2.1","sdkVersionID":"2182","sdkVersion":"2182","userSignature":"a31265023c3eb8a0e11a55e1b57f3b30","appVersionCode":"","appVersionName":"","totalSequences":"1","adsQueueType":"priority","gpRateUsURL":"","isHideAds":"0","childDirected":"1","mediationLog":"0","store":"41","sequences":[{"seqTitleID":"14","isFirstSkip":"False","failOverAdID":"8"," isFirstSkipRewardedVideo":"False"," bannerEnabled":"False","bannerPosition":"3","failOverAdIDBanner":"49","failOverAdIDNative":"69","failOverAdIDRewardedVideo":"24","nativeEnabled":"False","nativeWidth":"207","nativeHeight":"207","interstitialAndVideo":[{"adID":"8","adOrder":"5"}],"rewardedVideo":[{"adID":"24","adOrder":"5"}],"native":[{"adID":"69","adOrder":"5"}],"banner":[{"adID":"49","adOrder":"5"}],"icon":{"enabled":"False","adID":"59","size":"2"}}],"appAdnetwork":[{"adID":"8","isAdavailable":"1"},{"adID":"49","isAdavailable":"1"},{"adID":"69","isAdavailable":"1"},{"adID":"24","isAdavailable":"1"},{"adID":"59","isAdavailable":"1"}]}: Status code forbidden, internet connectivity not availablehttp://52.13.174.6/sheeda/admin/json/syncApp please check your internet connection 13
{"package":"com.contextlogic.geek","title":"Geek - Smarter Shopping","gssdkVersion":"v6.2.1","sdkVersionID":"2182","sdkVersion":"2182","userSignature":"a31265023c3eb8a0e11a55e1b57f3b30","appVersionCode":"","appVersionName":"","totalSequences":"1","adsQueueType":"priority","gpRateUsURL":"","isHideAds":"0","childDirected":"1","mediationLog":"0","store":"41","sequences":[{"seqTitleID":"14","isFirstSkip":"False","failOverAdID":"8"," isFirstSkipRewardedVideo":"False"," bannerEnabled":"False","bannerPosition":"3","failOverAdIDBanner":"49","failOverAdIDNative":"69","failOverAdIDRewardedVideo":"24","nativeEnabled":"False","nativeWidth":"207","nativeHeight":"207","interstitialAndVideo":[{"adID":"8","adOrder":"5"}],"rewardedVideo":[{"adID":"24","adOrder":"5"}],"native":[{"adID":"69","adOrder":"5"}],"banner":[{"adID":"49","adOrder":"5"}],"icon":{"enabled":"False","adID":"59","size":"2"}}],"appAdnetwork":[{"adID":"8","isAdavailable":"1"},{"adID":"49","isAdavailable":"1"},{"adID":"69","isAdavailable":"1"},{"adID":"24","isAdavailable":"1"},{"adID":"59","isAdavailable":"1"}]}: Status code not OK,http://52.13.174.6/sheeda/admin/json/syncApp API has failed at 13 Forbidden{"message":"HTTP Error 401 - Unauthorized: Access is denied due to invalid credentials."}
{"package":"com.contextlogic.geek","title":"Geek - Smarter Shopping","gssdkVersion":"v6.2.1","sdkVersionID":"2182","sdkVersion":"2182","userSignature":"a31265023c3eb8a0e11a55e1b57f3b30","appVersionCode":"","appVersionName":"","totalSequences":"1","adsQueueType":"priority","gpRateUsURL":"","isHideAds":"0","childDirected":"1","mediationLog":"0","store":"41","sequences":[{"seqTitleID":"14","isFirstSkip":"False","failOverAdID":"8"," isFirstSkipRewardedVideo":"False"," bannerEnabled":"False","bannerPosition":"3","failOverAdIDBanner":"49","failOverAdIDNative":"69","failOverAdIDRewardedVideo":"24","nativeEnabled":"False","nativeWidth":"207","nativeHeight":"207","interstitialAndVideo":[{"adID":"8","adOrder":"5"}],"rewardedVideo":[{"adID":"24","adOrder":"5"}],"native":[{"adID":"69","adOrder":"5"}],"banner":[{"adID":"49","adOrder":"5"}],"icon":{"enabled":"False","adID":"59","size":"2"}}],"appAdnetwork":[{"adID":"8","isAdavailable":"1"},{"adID":"49","isAdavailable":"1"},{"adID":"69","isAdavailable":"1"},{"adID":"24","isAdavailable":"1"},{"adID":"59","isAdavailable":"1"}]}: http://52.13.174.6/sheeda/admin/json/syncAppAPI failed as it is not correct json response in content type 13{"message":"HTTP Error 401 - Unauthorized: Access is denied due to invalid credentials."}
****************** http://52.13.174.6/sheeda/admin/json/syncApp
****************** http://52.13.174.6/sheeda/admin/json/syncApp
{"package":"com.holucent.math","title":"Math Tests - mathematics practice questions","gssdkVersion":"v6.2.1-1","sdkVersionID":"2185","sdkVersion":"2185","userSignature":"a31265023c3eb8a0e11a55e1b57f3b30","appVersionCode":"2","appVersionName":"2.2","totalSequences":"1","adsQueueType":"priority","gpRateUsURL":"","isHideAds":"0","childDirected":"1","mediationLog":"0","store":"41","sequences":[{"seqTitleID":"22","isFirstSkip":"False","failOverAdID":"12"," isFirstSkipRewardedVideo":"False"," bannerEnabled":"False","bannerPosition":"5","failOverAdIDBanner":"53","failOverAdIDNative":"74","failOverAdIDRewardedVideo":"25","nativeEnabled":"False","nativeWidth":"273","nativeHeight":"273","interstitialAndVideo":[{"adID":"12","adOrder":"8"}],"rewardedVideo":[{"adID":"25","adOrder":"8"}],"native":[{"adID":"74","adOrder":"8"}],"banner":[{"adID":"53","adOrder":"8"}],"icon":{"enabled":"False","adID":"59","size":"2"}}],"appAdnetwork":[{"adID":"12","isAdavailable":"1"},{"adID":"53","isAdavailable":"1"},{"adID":"74","isAdavailable":"1"},{"adID":"25","isAdavailable":"1"},{"adID":"59","isAdavailable":"1"}]}: Status code forbidden, internet connectivity not availablehttp://52.13.174.6/sheeda/admin/json/syncApp please check your internet connection 14
{"package":"com.holucent.math","title":"Math Tests - mathematics practice questions","gssdkVersion":"v6.2.1-1","sdkVersionID":"2185","sdkVersion":"2185","userSignature":"a31265023c3eb8a0e11a55e1b57f3b30","appVersionCode":"2","appVersionName":"2.2","totalSequences":"1","adsQueueType":"priority","gpRateUsURL":"","isHideAds":"0","childDirected":"1","mediationLog":"0","store":"41","sequences":[{"seqTitleID":"22","isFirstSkip":"False","failOverAdID":"12"," isFirstSkipRewardedVideo":"False"," bannerEnabled":"False","bannerPosition":"5","failOverAdIDBanner":"53","failOverAdIDNative":"74","failOverAdIDRewardedVideo":"25","nativeEnabled":"False","nativeWidth":"273","nativeHeight":"273","interstitialAndVideo":[{"adID":"12","adOrder":"8"}],"rewardedVideo":[{"adID":"25","adOrder":"8"}],"native":[{"adID":"74","adOrder":"8"}],"banner":[{"adID":"53","adOrder":"8"}],"icon":{"enabled":"False","adID":"59","size":"2"}}],"appAdnetwork":[{"adID":"12","isAdavailable":"1"},{"adID":"53","isAdavailable":"1"},{"adID":"74","isAdavailable":"1"},{"adID":"25","isAdavailable":"1"},{"adID":"59","isAdavailable":"1"}]}: Status code not OK,http://52.13.174.6/sheeda/admin/json/syncApp API has failed at 14 Forbidden{"message":"HTTP Error 401 - Unauthorized: Access is denied due to invalid credentials."}
{"package":"com.holucent.math","title":"Math Tests - mathematics practice questions","gssdkVersion":"v6.2.1-1","sdkVersionID":"2185","sdkVersion":"2185","userSignature":"a31265023c3eb8a0e11a55e1b57f3b30","appVersionCode":"2","appVersionName":"2.2","totalSequences":"1","adsQueueType":"priority","gpRateUsURL":"","isHideAds":"0","childDirected":"1","mediationLog":"0","store":"41","sequences":[{"seqTitleID":"22","isFirstSkip":"False","failOverAdID":"12"," isFirstSkipRewardedVideo":"False"," bannerEnabled":"False","bannerPosition":"5","failOverAdIDBanner":"53","failOverAdIDNative":"74","failOverAdIDRewardedVideo":"25","nativeEnabled":"False","nativeWidth":"273","nativeHeight":"273","interstitialAndVideo":[{"adID":"12","adOrder":"8"}],"rewardedVideo":[{"adID":"25","adOrder":"8"}],"native":[{"adID":"74","adOrder":"8"}],"banner":[{"adID":"53","adOrder":"8"}],"icon":{"enabled":"False","adID":"59","size":"2"}}],"appAdnetwork":[{"adID":"12","isAdavailable":"1"},{"adID":"53","isAdavailable":"1"},{"adID":"74","isAdavailable":"1"},{"adID":"25","isAdavailable":"1"},{"adID":"59","isAdavailable":"1"}]}: http://52.13.174.6/sheeda/admin/json/syncAppAPI failed as it is not correct json response in content type 14{"message":"HTTP Error 401 - Unauthorized: Access is denied due to invalid credentials."}
****************** http://52.13.174.6/sheeda/admin/json/syncApp
****************** http://52.13.174.6/sheeda/admin/json/syncApp
{"package":"com.threed.police.mounted.horse.city.cop.extreme.real.gangster.chase","title":"Police Horse Gangster Chase 2019","gssdkVersion":"v6.3.1","sdkVersionID":"2193","sdkVersion":"2193","userSignature":"a31265023c3eb8a0e11a55e1b57f3b30","appVersionCode":"","appVersionName":"","totalSequences":"1","adsQueueType":"priority","gpRateUsURL":"","isHideAds":"0","childDirected":"1","mediationLog":"0","store":"41","sequences":[{"seqTitleID":"22","isFirstSkip":"False","failOverAdID":"18"," isFirstSkipRewardedVideo":"False"," bannerEnabled":"False","bannerPosition":"5","failOverAdIDBanner":"56","failOverAdIDNative":"75","failOverAdIDRewardedVideo":"26","nativeEnabled":"False","nativeWidth":"272","nativeHeight":"272","interstitialAndVideo":[{"adID":"18","adOrder":"8"}],"rewardedVideo":[{"adID":"26","adOrder":"8"}],"native":[{"adID":"75","adOrder":"8"}],"banner":[{"adID":"56","adOrder":"8"}],"icon":{"enabled":"False","adID":"59","size":"2"}}],"appAdnetwork":[{"adID":"18","isAdavailable":"1"},{"adID":"56","isAdavailable":"1"},{"adID":"75","isAdavailable":"1"},{"adID":"26","isAdavailable":"1"},{"adID":"59","isAdavailable":"1"}]}: Status code forbidden, internet connectivity not availablehttp://52.13.174.6/sheeda/admin/json/syncApp please check your internet connection 15
{"package":"com.threed.police.mounted.horse.city.cop.extreme.real.gangster.chase","title":"Police Horse Gangster Chase 2019","gssdkVersion":"v6.3.1","sdkVersionID":"2193","sdkVersion":"2193","userSignature":"a31265023c3eb8a0e11a55e1b57f3b30","appVersionCode":"","appVersionName":"","totalSequences":"1","adsQueueType":"priority","gpRateUsURL":"","isHideAds":"0","childDirected":"1","mediationLog":"0","store":"41","sequences":[{"seqTitleID":"22","isFirstSkip":"False","failOverAdID":"18"," isFirstSkipRewardedVideo":"False"," bannerEnabled":"False","bannerPosition":"5","failOverAdIDBanner":"56","failOverAdIDNative":"75","failOverAdIDRewardedVideo":"26","nativeEnabled":"False","nativeWidth":"272","nativeHeight":"272","interstitialAndVideo":[{"adID":"18","adOrder":"8"}],"rewardedVideo":[{"adID":"26","adOrder":"8"}],"native":[{"adID":"75","adOrder":"8"}],"banner":[{"adID":"56","adOrder":"8"}],"icon":{"enabled":"False","adID":"59","size":"2"}}],"appAdnetwork":[{"adID":"18","isAdavailable":"1"},{"adID":"56","isAdavailable":"1"},{"adID":"75","isAdavailable":"1"},{"adID":"26","isAdavailable":"1"},{"adID":"59","isAdavailable":"1"}]}: Status code not OK,http://52.13.174.6/sheeda/admin/json/syncApp API has failed at 15 Forbidden{"message":"HTTP Error 401 - Unauthorized: Access is denied due to invalid credentials."}
{"package":"com.threed.police.mounted.horse.city.cop.extreme.real.gangster.chase","title":"Police Horse Gangster Chase 2019","gssdkVersion":"v6.3.1","sdkVersionID":"2193","sdkVersion":"2193","userSignature":"a31265023c3eb8a0e11a55e1b57f3b30","appVersionCode":"","appVersionName":"","totalSequences":"1","adsQueueType":"priority","gpRateUsURL":"","isHideAds":"0","childDirected":"1","mediationLog":"0","store":"41","sequences":[{"seqTitleID":"22","isFirstSkip":"False","failOverAdID":"18"," isFirstSkipRewardedVideo":"False"," bannerEnabled":"False","bannerPosition":"5","failOverAdIDBanner":"56","failOverAdIDNative":"75","failOverAdIDRewardedVideo":"26","nativeEnabled":"False","nativeWidth":"272","nativeHeight":"272","interstitialAndVideo":[{"adID":"18","adOrder":"8"}],"rewardedVideo":[{"adID":"26","adOrder":"8"}],"native":[{"adID":"75","adOrder":"8"}],"banner":[{"adID":"56","adOrder":"8"}],"icon":{"enabled":"False","adID":"59","size":"2"}}],"appAdnetwork":[{"adID":"18","isAdavailable":"1"},{"adID":"56","isAdavailable":"1"},{"adID":"75","isAdavailable":"1"},{"adID":"26","isAdavailable":"1"},{"adID":"59","isAdavailable":"1"}]}: http://52.13.174.6/sheeda/admin/json/syncAppAPI failed as it is not correct json response in content type 15{"message":"HTTP Error 401 - Unauthorized: Access is denied due to invalid credentials."}
****************** http://52.13.174.6/sheeda/admin/json/syncApp
****************** http://52.13.174.6/sheeda/admin/json/syncApp
{"package":"com.g247.police.lion.robot.animal.rescue.game","title":"Cougar Robot Hero Game","gssdkVersion":"v6.3.1","sdkVersionID":"2194","sdkVersion":"2194","userSignature":"a31265023c3eb8a0e11a55e1b57f3b30","appVersionCode":"","appVersionName":"","totalSequences":"1","adsQueueType":"priority","gpRateUsURL":"","isHideAds":"0","childDirected":"1","mediationLog":"0","store":"41","sequences":[{"seqTitleID":"20","isFirstSkip":"False","failOverAdID":"19"," isFirstSkipRewardedVideo":"False"," bannerEnabled":"False","bannerPosition":"4","failOverAdIDBanner":"57","failOverAdIDNative":"78","failOverAdIDRewardedVideo":"32","nativeEnabled":"False","nativeWidth":"256","nativeHeight":"256","interstitialAndVideo":[{"adID":"19","adOrder":"8"}],"rewardedVideo":[{"adID":"32","adOrder":"8"}],"native":[{"adID":"78","adOrder":"8"}],"banner":[{"adID":"57","adOrder":"8"}],"icon":{"enabled":"False","adID":"59","size":"2"}}],"appAdnetwork":[{"adID":"19","isAdavailable":"1"},{"adID":"57","isAdavailable":"1"},{"adID":"78","isAdavailable":"1"},{"adID":"32","isAdavailable":"1"},{"adID":"59","isAdavailable":"1"}]}: Status code forbidden, internet connectivity not availablehttp://52.13.174.6/sheeda/admin/json/syncApp please check your internet connection 16
{"package":"com.g247.police.lion.robot.animal.rescue.game","title":"Cougar Robot Hero Game","gssdkVersion":"v6.3.1","sdkVersionID":"2194","sdkVersion":"2194","userSignature":"a31265023c3eb8a0e11a55e1b57f3b30","appVersionCode":"","appVersionName":"","totalSequences":"1","adsQueueType":"priority","gpRateUsURL":"","isHideAds":"0","childDirected":"1","mediationLog":"0","store":"41","sequences":[{"seqTitleID":"20","isFirstSkip":"False","failOverAdID":"19"," isFirstSkipRewardedVideo":"False"," bannerEnabled":"False","bannerPosition":"4","failOverAdIDBanner":"57","failOverAdIDNative":"78","failOverAdIDRewardedVideo":"32","nativeEnabled":"False","nativeWidth":"256","nativeHeight":"256","interstitialAndVideo":[{"adID":"19","adOrder":"8"}],"rewardedVideo":[{"adID":"32","adOrder":"8"}],"native":[{"adID":"78","adOrder":"8"}],"banner":[{"adID":"57","adOrder":"8"}],"icon":{"enabled":"False","adID":"59","size":"2"}}],"appAdnetwork":[{"adID":"19","isAdavailable":"1"},{"adID":"57","isAdavailable":"1"},{"adID":"78","isAdavailable":"1"},{"adID":"32","isAdavailable":"1"},{"adID":"59","isAdavailable":"1"}]}: Status code not OK,http://52.13.174.6/sheeda/admin/json/syncApp API has failed at 16 Forbidden{"message":"HTTP Error 401 - Unauthorized: Access is denied due to invalid credentials."}
{"package":"com.g247.police.lion.robot.animal.rescue.game","title":"Cougar Robot Hero Game","gssdkVersion":"v6.3.1","sdkVersionID":"2194","sdkVersion":"2194","userSignature":"a31265023c3eb8a0e11a55e1b57f3b30","appVersionCode":"","appVersionName":"","totalSequences":"1","adsQueueType":"priority","gpRateUsURL":"","isHideAds":"0","childDirected":"1","mediationLog":"0","store":"41","sequences":[{"seqTitleID":"20","isFirstSkip":"False","failOverAdID":"19"," isFirstSkipRewardedVideo":"False"," bannerEnabled":"False","bannerPosition":"4","failOverAdIDBanner":"57","failOverAdIDNative":"78","failOverAdIDRewardedVideo":"32","nativeEnabled":"False","nativeWidth":"256","nativeHeight":"256","interstitialAndVideo":[{"adID":"19","adOrder":"8"}],"rewardedVideo":[{"adID":"32","adOrder":"8"}],"native":[{"adID":"78","adOrder":"8"}],"banner":[{"adID":"57","adOrder":"8"}],"icon":{"enabled":"False","adID":"59","size":"2"}}],"appAdnetwork":[{"adID":"19","isAdavailable":"1"},{"adID":"57","isAdavailable":"1"},{"adID":"78","isAdavailable":"1"},{"adID":"32","isAdavailable":"1"},{"adID":"59","isAdavailable":"1"}]}: http://52.13.174.6/sheeda/admin/json/syncAppAPI failed as it is not correct json response in content type 16{"message":"HTTP Error 401 - Unauthorized: Access is denied due to invalid credentials."}
****************** http://52.13.174.6/sheeda/admin/json/syncApp
****************** http://52.13.174.6/sheeda/admin/json/syncApp
{"package":"com.contextlogic.wish1","title":"Wish - Shopping Made Fun","gssdkVersion":"v6.4.1","sdkVersionID":"2199","sdkVersion":"2199","userSignature":"a31265023c3eb8a0e11a55e1b57f3b30","appVersionCode":"","appVersionName":"","totalSequences":"1","adsQueueType":"priority","gpRateUsURL":"","isHideAds":"0","childDirected":"1","mediationLog":"0","store":"41","sequences":[{"seqTitleID":"15","isFirstSkip":"False","failOverAdID":"29"," isFirstSkipRewardedVideo":"False"," bannerEnabled":"False","bannerPosition":"3","failOverAdIDBanner":"68","failOverAdIDNative":"79","failOverAdIDRewardedVideo":"34","nativeEnabled":"False","nativeWidth":"217","nativeHeight":"217","interstitialAndVideo":[{"adID":"29","adOrder":"6"}],"rewardedVideo":[{"adID":"34","adOrder":"6"}],"native":[{"adID":"79","adOrder":"6"}],"banner":[{"adID":"68","adOrder":"6"}],"icon":{"enabled":"False","adID":"59","size":"2"}}],"appAdnetwork":[{"adID":"29","isAdavailable":"1"},{"adID":"68","isAdavailable":"1"},{"adID":"79","isAdavailable":"1"},{"adID":"34","isAdavailable":"1"},{"adID":"59","isAdavailable":"1"}]}: Status code forbidden, internet connectivity not availablehttp://52.13.174.6/sheeda/admin/json/syncApp please check your internet connection 17
{"package":"com.contextlogic.wish1","title":"Wish - Shopping Made Fun","gssdkVersion":"v6.4.1","sdkVersionID":"2199","sdkVersion":"2199","userSignature":"a31265023c3eb8a0e11a55e1b57f3b30","appVersionCode":"","appVersionName":"","totalSequences":"1","adsQueueType":"priority","gpRateUsURL":"","isHideAds":"0","childDirected":"1","mediationLog":"0","store":"41","sequences":[{"seqTitleID":"15","isFirstSkip":"False","failOverAdID":"29"," isFirstSkipRewardedVideo":"False"," bannerEnabled":"False","bannerPosition":"3","failOverAdIDBanner":"68","failOverAdIDNative":"79","failOverAdIDRewardedVideo":"34","nativeEnabled":"False","nativeWidth":"217","nativeHeight":"217","interstitialAndVideo":[{"adID":"29","adOrder":"6"}],"rewardedVideo":[{"adID":"34","adOrder":"6"}],"native":[{"adID":"79","adOrder":"6"}],"banner":[{"adID":"68","adOrder":"6"}],"icon":{"enabled":"False","adID":"59","size":"2"}}],"appAdnetwork":[{"adID":"29","isAdavailable":"1"},{"adID":"68","isAdavailable":"1"},{"adID":"79","isAdavailable":"1"},{"adID":"34","isAdavailable":"1"},{"adID":"59","isAdavailable":"1"}]}: Status code not OK,http://52.13.174.6/sheeda/admin/json/syncApp API has failed at 17 Forbidden{"message":"HTTP Error 401 - Unauthorized: Access is denied due to invalid credentials."}
{"package":"com.contextlogic.wish1","title":"Wish - Shopping Made Fun","gssdkVersion":"v6.4.1","sdkVersionID":"2199","sdkVersion":"2199","userSignature":"a31265023c3eb8a0e11a55e1b57f3b30","appVersionCode":"","appVersionName":"","totalSequences":"1","adsQueueType":"priority","gpRateUsURL":"","isHideAds":"0","childDirected":"1","mediationLog":"0","store":"41","sequences":[{"seqTitleID":"15","isFirstSkip":"False","failOverAdID":"29"," isFirstSkipRewardedVideo":"False"," bannerEnabled":"False","bannerPosition":"3","failOverAdIDBanner":"68","failOverAdIDNative":"79","failOverAdIDRewardedVideo":"34","nativeEnabled":"False","nativeWidth":"217","nativeHeight":"217","interstitialAndVideo":[{"adID":"29","adOrder":"6"}],"rewardedVideo":[{"adID":"34","adOrder":"6"}],"native":[{"adID":"79","adOrder":"6"}],"banner":[{"adID":"68","adOrder":"6"}],"icon":{"enabled":"False","adID":"59","size":"2"}}],"appAdnetwork":[{"adID":"29","isAdavailable":"1"},{"adID":"68","isAdavailable":"1"},{"adID":"79","isAdavailable":"1"},{"adID":"34","isAdavailable":"1"},{"adID":"59","isAdavailable":"1"}]}: http://52.13.174.6/sheeda/admin/json/syncAppAPI failed as it is not correct json response in content type 17{"message":"HTTP Error 401 - Unauthorized: Access is denied due to invalid credentials."}
****************** http://52.13.174.6/sheeda/admin/json/syncApp
****************** http://52.13.174.6/sheeda/admin/json/syncApp
{"package":"com.deg.desert.car.destruction.derby.crash.stunts.racing","title":"Sand Safari Derby Car","gssdkVersion":"6.1.1","sdkVersionID":"2174","sdkVersion":"2174","userSignature":"a31265023c3eb8a0e11a55e1b57f3b30","appVersionCode":"","appVersionName":"","totalSequences":"1","adsQueueType":"priority","gpRateUsURL":"","isHideAds":"0","childDirected":"1","mediationLog":"0","store":"41","sequences":[{"seqTitleID":"5","isFirstSkip":"False","failOverAdID":"0"," isFirstSkipRewardedVideo":"False"," bannerEnabled":"False","bannerPosition":"1","failOverAdIDBanner":"28","failOverAdIDNative":"27","failOverAdIDRewardedVideo":"4","nativeEnabled":"False","nativeWidth":"133","nativeHeight":"133","interstitialAndVideo":[{"adID":"0","adOrder":"2"}],"rewardedVideo":[{"adID":"4","adOrder":"2"}],"native":[{"adID":"27","adOrder":"2"}],"banner":[{"adID":"28","adOrder":"2"}],"icon":{"enabled":"False","adID":"59","size":"1"}}],"appAdnetwork":[{"adID":"0","isAdavailable":"1"},{"adID":"28","isAdavailable":"1"},{"adID":"27","isAdavailable":"1"},{"adID":"4","isAdavailable":"1"},{"adID":"59","isAdavailable":"1"}]}: Status code forbidden, internet connectivity not availablehttp://52.13.174.6/sheeda/admin/json/syncApp please check your internet connection 18
{"package":"com.deg.desert.car.destruction.derby.crash.stunts.racing","title":"Sand Safari Derby Car","gssdkVersion":"6.1.1","sdkVersionID":"2174","sdkVersion":"2174","userSignature":"a31265023c3eb8a0e11a55e1b57f3b30","appVersionCode":"","appVersionName":"","totalSequences":"1","adsQueueType":"priority","gpRateUsURL":"","isHideAds":"0","childDirected":"1","mediationLog":"0","store":"41","sequences":[{"seqTitleID":"5","isFirstSkip":"False","failOverAdID":"0"," isFirstSkipRewardedVideo":"False"," bannerEnabled":"False","bannerPosition":"1","failOverAdIDBanner":"28","failOverAdIDNative":"27","failOverAdIDRewardedVideo":"4","nativeEnabled":"False","nativeWidth":"133","nativeHeight":"133","interstitialAndVideo":[{"adID":"0","adOrder":"2"}],"rewardedVideo":[{"adID":"4","adOrder":"2"}],"native":[{"adID":"27","adOrder":"2"}],"banner":[{"adID":"28","adOrder":"2"}],"icon":{"enabled":"False","adID":"59","size":"1"}}],"appAdnetwork":[{"adID":"0","isAdavailable":"1"},{"adID":"28","isAdavailable":"1"},{"adID":"27","isAdavailable":"1"},{"adID":"4","isAdavailable":"1"},{"adID":"59","isAdavailable":"1"}]}: Status code not OK,http://52.13.174.6/sheeda/admin/json/syncApp API has failed at 18 Forbidden{"message":"HTTP Error 401 - Unauthorized: Access is denied due to invalid credentials."}
{"package":"com.deg.desert.car.destruction.derby.crash.stunts.racing","title":"Sand Safari Derby Car","gssdkVersion":"6.1.1","sdkVersionID":"2174","sdkVersion":"2174","userSignature":"a31265023c3eb8a0e11a55e1b57f3b30","appVersionCode":"","appVersionName":"","totalSequences":"1","adsQueueType":"priority","gpRateUsURL":"","isHideAds":"0","childDirected":"1","mediationLog":"0","store":"41","sequences":[{"seqTitleID":"5","isFirstSkip":"False","failOverAdID":"0"," isFirstSkipRewardedVideo":"False"," bannerEnabled":"False","bannerPosition":"1","failOverAdIDBanner":"28","failOverAdIDNative":"27","failOverAdIDRewardedVideo":"4","nativeEnabled":"False","nativeWidth":"133","nativeHeight":"133","interstitialAndVideo":[{"adID":"0","adOrder":"2"}],"rewardedVideo":[{"adID":"4","adOrder":"2"}],"native":[{"adID":"27","adOrder":"2"}],"banner":[{"adID":"28","adOrder":"2"}],"icon":{"enabled":"False","adID":"59","size":"1"}}],"appAdnetwork":[{"adID":"0","isAdavailable":"1"},{"adID":"28","isAdavailable":"1"},{"adID":"27","isAdavailable":"1"},{"adID":"4","isAdavailable":"1"},{"adID":"59","isAdavailable":"1"}]}: http://52.13.174.6/sheeda/admin/json/syncAppAPI failed as it is not correct json response in content type 18{"message":"HTTP Error 401 - Unauthorized: Access is denied due to invalid credentials."}
****************** http://52.13.174.6/sheeda/admin/json/syncApp
****************** http://52.13.174.6/sheeda/admin/json/syncApp
{"package":"com.sx.futuristic.flying.robot.bike.rider.transform.wars.game","title":"Flying Robot Bike","gssdkVersion":"6.2.1","sdkVersionID":"2179","sdkVersion":"2179","userSignature":"a31265023c3eb8a0e11a55e1b57f3b30","appVersionCode":"","appVersionName":"","totalSequences":"1","adsQueueType":"priority","gpRateUsURL":"","isHideAds":"0","childDirected":"1","mediationLog":"0","store":"41","sequences":[{"seqTitleID":"21","isFirstSkip":"False","failOverAdID":"2"," isFirstSkipRewardedVideo":"False"," bannerEnabled":"False","bannerPosition":"5","failOverAdIDBanner":"42","failOverAdIDNative":"44","failOverAdIDRewardedVideo":"15","nativeEnabled":"False","nativeWidth":"261","nativeHeight":"261","interstitialAndVideo":[{"adID":"2","adOrder":"8"}],"rewardedVideo":[{"adID":"15","adOrder":"8"}],"native":[{"adID":"44","adOrder":"8"}],"banner":[{"adID":"42","adOrder":"8"}],"icon":{"enabled":"False","adID":"59","size":"2"}}],"appAdnetwork":[{"adID":"2","isAdavailable":"1"},{"adID":"42","isAdavailable":"1"},{"adID":"44","isAdavailable":"1"},{"adID":"15","isAdavailable":"1"},{"adID":"59","isAdavailable":"1"}]}: Status code forbidden, internet connectivity not availablehttp://52.13.174.6/sheeda/admin/json/syncApp please check your internet connection 19
{"package":"com.sx.futuristic.flying.robot.bike.rider.transform.wars.game","title":"Flying Robot Bike","gssdkVersion":"6.2.1","sdkVersionID":"2179","sdkVersion":"2179","userSignature":"a31265023c3eb8a0e11a55e1b57f3b30","appVersionCode":"","appVersionName":"","totalSequences":"1","adsQueueType":"priority","gpRateUsURL":"","isHideAds":"0","childDirected":"1","mediationLog":"0","store":"41","sequences":[{"seqTitleID":"21","isFirstSkip":"False","failOverAdID":"2"," isFirstSkipRewardedVideo":"False"," bannerEnabled":"False","bannerPosition":"5","failOverAdIDBanner":"42","failOverAdIDNative":"44","failOverAdIDRewardedVideo":"15","nativeEnabled":"False","nativeWidth":"261","nativeHeight":"261","interstitialAndVideo":[{"adID":"2","adOrder":"8"}],"rewardedVideo":[{"adID":"15","adOrder":"8"}],"native":[{"adID":"44","adOrder":"8"}],"banner":[{"adID":"42","adOrder":"8"}],"icon":{"enabled":"False","adID":"59","size":"2"}}],"appAdnetwork":[{"adID":"2","isAdavailable":"1"},{"adID":"42","isAdavailable":"1"},{"adID":"44","isAdavailable":"1"},{"adID":"15","isAdavailable":"1"},{"adID":"59","isAdavailable":"1"}]}: Status code not OK,http://52.13.174.6/sheeda/admin/json/syncApp API has failed at 19 Forbidden{"message":"HTTP Error 401 - Unauthorized: Access is denied due to invalid credentials."}
{"package":"com.sx.futuristic.flying.robot.bike.rider.transform.wars.game","title":"Flying Robot Bike","gssdkVersion":"6.2.1","sdkVersionID":"2179","sdkVersion":"2179","userSignature":"a31265023c3eb8a0e11a55e1b57f3b30","appVersionCode":"","appVersionName":"","totalSequences":"1","adsQueueType":"priority","gpRateUsURL":"","isHideAds":"0","childDirected":"1","mediationLog":"0","store":"41","sequences":[{"seqTitleID":"21","isFirstSkip":"False","failOverAdID":"2"," isFirstSkipRewardedVideo":"False"," bannerEnabled":"False","bannerPosition":"5","failOverAdIDBanner":"42","failOverAdIDNative":"44","failOverAdIDRewardedVideo":"15","nativeEnabled":"False","nativeWidth":"261","nativeHeight":"261","interstitialAndVideo":[{"adID":"2","adOrder":"8"}],"rewardedVideo":[{"adID":"15","adOrder":"8"}],"native":[{"adID":"44","adOrder":"8"}],"banner":[{"adID":"42","adOrder":"8"}],"icon":{"enabled":"False","adID":"59","size":"2"}}],"appAdnetwork":[{"adID":"2","isAdavailable":"1"},{"adID":"42","isAdavailable":"1"},{"adID":"44","isAdavailable":"1"},{"adID":"15","isAdavailable":"1"},{"adID":"59","isAdavailable":"1"}]}: http://52.13.174.6/sheeda/admin/json/syncAppAPI failed as it is not correct json response in content type 19{"message":"HTTP Error 401 - Unauthorized: Access is denied due to invalid credentials."}
****************** http://52.13.174.6/sheeda/admin/json/syncApp
****************** http://52.13.174.6/sheeda/admin/json/syncApp
{"package":"com.yhi.well.death.tuk.tuk.rickshaw.stunt.game","title":"Well of Death Auto Rickshaw","gssdkVersion":"6.2.1","sdkVersionID":"2180","sdkVersion":"2180","userSignature":"a31265023c3eb8a0e11a55e1b57f3b30","appVersionCode":"","appVersionName":"","totalSequences":"1","adsQueueType":"priority","gpRateUsURL":"","isHideAds":"0","childDirected":"1","mediationLog":"0","store":"41","sequences":[{"seqTitleID":"12","isFirstSkip":"False","failOverAdID":"5"," isFirstSkipRewardedVideo":"False"," bannerEnabled":"False","bannerPosition":"3","failOverAdIDBanner":"43","failOverAdIDNative":"58","failOverAdIDRewardedVideo":"20","nativeEnabled":"False","nativeWidth":"188","nativeHeight":"188","interstitialAndVideo":[{"adID":"5","adOrder":"4"}],"rewardedVideo":[{"adID":"20","adOrder":"4"}],"native":[{"adID":"58","adOrder":"4"}],"banner":[{"adID":"43","adOrder":"4"}],"icon":{"enabled":"False","adID":"59","size":"1"}}],"appAdnetwork":[{"adID":"5","isAdavailable":"1"},{"adID":"43","isAdavailable":"1"},{"adID":"58","isAdavailable":"1"},{"adID":"20","isAdavailable":"1"},{"adID":"59","isAdavailable":"1"}]}: Status code forbidden, internet connectivity not availablehttp://52.13.174.6/sheeda/admin/json/syncApp please check your internet connection 20
{"package":"com.yhi.well.death.tuk.tuk.rickshaw.stunt.game","title":"Well of Death Auto Rickshaw","gssdkVersion":"6.2.1","sdkVersionID":"2180","sdkVersion":"2180","userSignature":"a31265023c3eb8a0e11a55e1b57f3b30","appVersionCode":"","appVersionName":"","totalSequences":"1","adsQueueType":"priority","gpRateUsURL":"","isHideAds":"0","childDirected":"1","mediationLog":"0","store":"41","sequences":[{"seqTitleID":"12","isFirstSkip":"False","failOverAdID":"5"," isFirstSkipRewardedVideo":"False"," bannerEnabled":"False","bannerPosition":"3","failOverAdIDBanner":"43","failOverAdIDNative":"58","failOverAdIDRewardedVideo":"20","nativeEnabled":"False","nativeWidth":"188","nativeHeight":"188","interstitialAndVideo":[{"adID":"5","adOrder":"4"}],"rewardedVideo":[{"adID":"20","adOrder":"4"}],"native":[{"adID":"58","adOrder":"4"}],"banner":[{"adID":"43","adOrder":"4"}],"icon":{"enabled":"False","adID":"59","size":"1"}}],"appAdnetwork":[{"adID":"5","isAdavailable":"1"},{"adID":"43","isAdavailable":"1"},{"adID":"58","isAdavailable":"1"},{"adID":"20","isAdavailable":"1"},{"adID":"59","isAdavailable":"1"}]}: Status code not OK,http://52.13.174.6/sheeda/admin/json/syncApp API has failed at 20 Forbidden{"message":"HTTP Error 401 - Unauthorized: Access is denied due to invalid credentials."}
{"package":"com.yhi.well.death.tuk.tuk.rickshaw.stunt.game","title":"Well of Death Auto Rickshaw","gssdkVersion":"6.2.1","sdkVersionID":"2180","sdkVersion":"2180","userSignature":"a31265023c3eb8a0e11a55e1b57f3b30","appVersionCode":"","appVersionName":"","totalSequences":"1","adsQueueType":"priority","gpRateUsURL":"","isHideAds":"0","childDirected":"1","mediationLog":"0","store":"41","sequences":[{"seqTitleID":"12","isFirstSkip":"False","failOverAdID":"5"," isFirstSkipRewardedVideo":"False"," bannerEnabled":"False","bannerPosition":"3","failOverAdIDBanner":"43","failOverAdIDNative":"58","failOverAdIDRewardedVideo":"20","nativeEnabled":"False","nativeWidth":"188","nativeHeight":"188","interstitialAndVideo":[{"adID":"5","adOrder":"4"}],"rewardedVideo":[{"adID":"20","adOrder":"4"}],"native":[{"adID":"58","adOrder":"4"}],"banner":[{"adID":"43","adOrder":"4"}],"icon":{"enabled":"False","adID":"59","size":"1"}}],"appAdnetwork":[{"adID":"5","isAdavailable":"1"},{"adID":"43","isAdavailable":"1"},{"adID":"58","isAdavailable":"1"},{"adID":"20","isAdavailable":"1"},{"adID":"59","isAdavailable":"1"}]}: http://52.13.174.6/sheeda/admin/json/syncAppAPI failed as it is not correct json response in content type 20{"message":"HTTP Error 401 - Unauthorized: Access is denied due to invalid credentials."}
****************** http://52.13.174.6/sheeda/admin/json/syncApp
****************** http://52.13.174.6/sheeda/admin/json/syncApp
{"package":"com.memrise.android.memrisecompanion","title":"Learn Languages with Memrise - Spanish, French","gssdkVersion":"v6.2.1","sdkVersionID":"2181","sdkVersion":"2181","userSignature":"a31265023c3eb8a0e11a55e1b57f3b30","appVersionCode":"","appVersionName":"","totalSequences":"1","adsQueueType":"priority","gpRateUsURL":"","isHideAds":"0","childDirected":"1","mediationLog":"0","store":"41","sequences":[{"seqTitleID":"14","isFirstSkip":"False","failOverAdID":"7"," isFirstSkipRewardedVideo":"False"," bannerEnabled":"False","bannerPosition":"3","failOverAdIDBanner":"45","failOverAdIDNative":"63","failOverAdIDRewardedVideo":"21","nativeEnabled":"False","nativeWidth":"209","nativeHeight":"209","interstitialAndVideo":[{"adID":"7","adOrder":"5"}],"rewardedVideo":[{"adID":"21","adOrder":"5"}],"native":[{"adID":"63","adOrder":"5"}],"banner":[{"adID":"45","adOrder":"5"}],"icon":{"enabled":"False","adID":"59","size":"2"}}],"appAdnetwork":[{"adID":"7","isAdavailable":"1"},{"adID":"45","isAdavailable":"1"},{"adID":"63","isAdavailable":"1"},{"adID":"21","isAdavailable":"1"},{"adID":"59","isAdavailable":"1"}]}: Status code forbidden, internet connectivity not availablehttp://52.13.174.6/sheeda/admin/json/syncApp please check your internet connection 21
{"package":"com.memrise.android.memrisecompanion","title":"Learn Languages with Memrise - Spanish, French","gssdkVersion":"v6.2.1","sdkVersionID":"2181","sdkVersion":"2181","userSignature":"a31265023c3eb8a0e11a55e1b57f3b30","appVersionCode":"","appVersionName":"","totalSequences":"1","adsQueueType":"priority","gpRateUsURL":"","isHideAds":"0","childDirected":"1","mediationLog":"0","store":"41","sequences":[{"seqTitleID":"14","isFirstSkip":"False","failOverAdID":"7"," isFirstSkipRewardedVideo":"False"," bannerEnabled":"False","bannerPosition":"3","failOverAdIDBanner":"45","failOverAdIDNative":"63","failOverAdIDRewardedVideo":"21","nativeEnabled":"False","nativeWidth":"209","nativeHeight":"209","interstitialAndVideo":[{"adID":"7","adOrder":"5"}],"rewardedVideo":[{"adID":"21","adOrder":"5"}],"native":[{"adID":"63","adOrder":"5"}],"banner":[{"adID":"45","adOrder":"5"}],"icon":{"enabled":"False","adID":"59","size":"2"}}],"appAdnetwork":[{"adID":"7","isAdavailable":"1"},{"adID":"45","isAdavailable":"1"},{"adID":"63","isAdavailable":"1"},{"adID":"21","isAdavailable":"1"},{"adID":"59","isAdavailable":"1"}]}: Status code not OK,http://52.13.174.6/sheeda/admin/json/syncApp API has failed at 21 Forbidden{"message":"HTTP Error 401 - Unauthorized: Access is denied due to invalid credentials."}
{"package":"com.memrise.android.memrisecompanion","title":"Learn Languages with Memrise - Spanish, French","gssdkVersion":"v6.2.1","sdkVersionID":"2181","sdkVersion":"2181","userSignature":"a31265023c3eb8a0e11a55e1b57f3b30","appVersionCode":"","appVersionName":"","totalSequences":"1","adsQueueType":"priority","gpRateUsURL":"","isHideAds":"0","childDirected":"1","mediationLog":"0","store":"41","sequences":[{"seqTitleID":"14","isFirstSkip":"False","failOverAdID":"7"," isFirstSkipRewardedVideo":"False"," bannerEnabled":"False","bannerPosition":"3","failOverAdIDBanner":"45","failOverAdIDNative":"63","failOverAdIDRewardedVideo":"21","nativeEnabled":"False","nativeWidth":"209","nativeHeight":"209","interstitialAndVideo":[{"adID":"7","adOrder":"5"}],"rewardedVideo":[{"adID":"21","adOrder":"5"}],"native":[{"adID":"63","adOrder":"5"}],"banner":[{"adID":"45","adOrder":"5"}],"icon":{"enabled":"False","adID":"59","size":"2"}}],"appAdnetwork":[{"adID":"7","isAdavailable":"1"},{"adID":"45","isAdavailable":"1"},{"adID":"63","isAdavailable":"1"},{"adID":"21","isAdavailable":"1"},{"adID":"59","isAdavailable":"1"}]}: http://52.13.174.6/sheeda/admin/json/syncAppAPI failed as it is not correct json response in content type 21{"message":"HTTP Error 401 - Unauthorized: Access is denied due to invalid credentials."}
****************** http://52.13.174.6/sheeda/admin/json/syncApp
****************** http://52.13.174.6/sheeda/admin/json/syncApp
{"package":"com.devon-technologies.thinktogo","title":"DEVONthink To Go","gssdkVersion":"v6.2.1","sdkVersionID":"2182","sdkVersion":"2182","userSignature":"a31265023c3eb8a0e11a55e1b57f3b30","appVersionCode":"","appVersionName":"","totalSequences":"1","adsQueueType":"priority","gpRateUsURL":"","isHideAds":"0","childDirected":"1","mediationLog":"0","store":"42","sequences":[{"seqTitleID":"25","isFirstSkip":"False","failOverAdID":"8"," isFirstSkipRewardedVideo":"False"," bannerEnabled":"False","bannerPosition":"5","failOverAdIDBanner":"49","failOverAdIDNative":"69","failOverAdIDRewardedVideo":"24","nativeEnabled":"False","nativeWidth":"297","nativeHeight":"297","interstitialAndVideo":[{"adID":"8","adOrder":"9"}],"rewardedVideo":[{"adID":"24","adOrder":"9"}],"native":[{"adID":"69","adOrder":"9"}],"banner":[{"adID":"49","adOrder":"9"}],"icon":{"enabled":"False","adID":"59","size":"2"}}],"appAdnetwork":[{"adID":"8","isAdavailable":"1"},{"adID":"49","isAdavailable":"1"},{"adID":"69","isAdavailable":"1"},{"adID":"24","isAdavailable":"1"},{"adID":"59","isAdavailable":"1"}]}: Status code forbidden, internet connectivity not availablehttp://52.13.174.6/sheeda/admin/json/syncApp please check your internet connection 22
{"package":"com.devon-technologies.thinktogo","title":"DEVONthink To Go","gssdkVersion":"v6.2.1","sdkVersionID":"2182","sdkVersion":"2182","userSignature":"a31265023c3eb8a0e11a55e1b57f3b30","appVersionCode":"","appVersionName":"","totalSequences":"1","adsQueueType":"priority","gpRateUsURL":"","isHideAds":"0","childDirected":"1","mediationLog":"0","store":"42","sequences":[{"seqTitleID":"25","isFirstSkip":"False","failOverAdID":"8"," isFirstSkipRewardedVideo":"False"," bannerEnabled":"False","bannerPosition":"5","failOverAdIDBanner":"49","failOverAdIDNative":"69","failOverAdIDRewardedVideo":"24","nativeEnabled":"False","nativeWidth":"297","nativeHeight":"297","interstitialAndVideo":[{"adID":"8","adOrder":"9"}],"rewardedVideo":[{"adID":"24","adOrder":"9"}],"native":[{"adID":"69","adOrder":"9"}],"banner":[{"adID":"49","adOrder":"9"}],"icon":{"enabled":"False","adID":"59","size":"2"}}],"appAdnetwork":[{"adID":"8","isAdavailable":"1"},{"adID":"49","isAdavailable":"1"},{"adID":"69","isAdavailable":"1"},{"adID":"24","isAdavailable":"1"},{"adID":"59","isAdavailable":"1"}]}: Status code not OK,http://52.13.174.6/sheeda/admin/json/syncApp API has failed at 22 Forbidden{"message":"HTTP Error 401 - Unauthorized: Access is denied due to invalid credentials."}
{"package":"com.devon-technologies.thinktogo","title":"DEVONthink To Go","gssdkVersion":"v6.2.1","sdkVersionID":"2182","sdkVersion":"2182","userSignature":"a31265023c3eb8a0e11a55e1b57f3b30","appVersionCode":"","appVersionName":"","totalSequences":"1","adsQueueType":"priority","gpRateUsURL":"","isHideAds":"0","childDirected":"1","mediationLog":"0","store":"42","sequences":[{"seqTitleID":"25","isFirstSkip":"False","failOverAdID":"8"," isFirstSkipRewardedVideo":"False"," bannerEnabled":"False","bannerPosition":"5","failOverAdIDBanner":"49","failOverAdIDNative":"69","failOverAdIDRewardedVideo":"24","nativeEnabled":"False","nativeWidth":"297","nativeHeight":"297","interstitialAndVideo":[{"adID":"8","adOrder":"9"}],"rewardedVideo":[{"adID":"24","adOrder":"9"}],"native":[{"adID":"69","adOrder":"9"}],"banner":[{"adID":"49","adOrder":"9"}],"icon":{"enabled":"False","adID":"59","size":"2"}}],"appAdnetwork":[{"adID":"8","isAdavailable":"1"},{"adID":"49","isAdavailable":"1"},{"adID":"69","isAdavailable":"1"},{"adID":"24","isAdavailable":"1"},{"adID":"59","isAdavailable":"1"}]}: http://52.13.174.6/sheeda/admin/json/syncAppAPI failed as it is not correct json response in content type 22{"message":"HTTP Error 401 - Unauthorized: Access is denied due to invalid credentials."}
****************** http://52.13.174.6/sheeda/admin/json/syncApp
****************** http://52.13.174.6/sheeda/admin/json/syncApp
{"package":"com.yhi.police.truck.city.cop.extreme.real.gangster.chase","title":"6x6 Police Truck Water Surfer Chase","gssdkVersion":"v6.2.1-1","sdkVersionID":"2185","sdkVersion":"2185","userSignature":"a31265023c3eb8a0e11a55e1b57f3b30","appVersionCode":"","appVersionName":"","totalSequences":"1","adsQueueType":"priority","gpRateUsURL":"","isHideAds":"0","childDirected":"1","mediationLog":"0","store":"41","sequences":[{"seqTitleID":"20","isFirstSkip":"False","failOverAdID":"12"," isFirstSkipRewardedVideo":"False"," bannerEnabled":"False","bannerPosition":"4","failOverAdIDBanner":"53","failOverAdIDNative":"74","failOverAdIDRewardedVideo":"25","nativeEnabled":"False","nativeWidth":"257","nativeHeight":"257","interstitialAndVideo":[{"adID":"12","adOrder":"8"}],"rewardedVideo":[{"adID":"25","adOrder":"8"}],"native":[{"adID":"74","adOrder":"8"}],"banner":[{"adID":"53","adOrder":"8"}],"icon":{"enabled":"False","adID":"59","size":"2"}}],"appAdnetwork":[{"adID":"12","isAdavailable":"1"},{"adID":"53","isAdavailable":"1"},{"adID":"74","isAdavailable":"1"},{"adID":"25","isAdavailable":"1"},{"adID":"59","isAdavailable":"1"}]}: Status code forbidden, internet connectivity not availablehttp://52.13.174.6/sheeda/admin/json/syncApp please check your internet connection 23
{"package":"com.yhi.police.truck.city.cop.extreme.real.gangster.chase","title":"6x6 Police Truck Water Surfer Chase","gssdkVersion":"v6.2.1-1","sdkVersionID":"2185","sdkVersion":"2185","userSignature":"a31265023c3eb8a0e11a55e1b57f3b30","appVersionCode":"","appVersionName":"","totalSequences":"1","adsQueueType":"priority","gpRateUsURL":"","isHideAds":"0","childDirected":"1","mediationLog":"0","store":"41","sequences":[{"seqTitleID":"20","isFirstSkip":"False","failOverAdID":"12"," isFirstSkipRewardedVideo":"False"," bannerEnabled":"False","bannerPosition":"4","failOverAdIDBanner":"53","failOverAdIDNative":"74","failOverAdIDRewardedVideo":"25","nativeEnabled":"False","nativeWidth":"257","nativeHeight":"257","interstitialAndVideo":[{"adID":"12","adOrder":"8"}],"rewardedVideo":[{"adID":"25","adOrder":"8"}],"native":[{"adID":"74","adOrder":"8"}],"banner":[{"adID":"53","adOrder":"8"}],"icon":{"enabled":"False","adID":"59","size":"2"}}],"appAdnetwork":[{"adID":"12","isAdavailable":"1"},{"adID":"53","isAdavailable":"1"},{"adID":"74","isAdavailable":"1"},{"adID":"25","isAdavailable":"1"},{"adID":"59","isAdavailable":"1"}]}: Status code not OK,http://52.13.174.6/sheeda/admin/json/syncApp API has failed at 23 Forbidden{"message":"HTTP Error 401 - Unauthorized: Access is denied due to invalid credentials."}
{"package":"com.yhi.police.truck.city.cop.extreme.real.gangster.chase","title":"6x6 Police Truck Water Surfer Chase","gssdkVersion":"v6.2.1-1","sdkVersionID":"2185","sdkVersion":"2185","userSignature":"a31265023c3eb8a0e11a55e1b57f3b30","appVersionCode":"","appVersionName":"","totalSequences":"1","adsQueueType":"priority","gpRateUsURL":"","isHideAds":"0","childDirected":"1","mediationLog":"0","store":"41","sequences":[{"seqTitleID":"20","isFirstSkip":"False","failOverAdID":"12"," isFirstSkipRewardedVideo":"False"," bannerEnabled":"False","bannerPosition":"4","failOverAdIDBanner":"53","failOverAdIDNative":"74","failOverAdIDRewardedVideo":"25","nativeEnabled":"False","nativeWidth":"257","nativeHeight":"257","interstitialAndVideo":[{"adID":"12","adOrder":"8"}],"rewardedVideo":[{"adID":"25","adOrder":"8"}],"native":[{"adID":"74","adOrder":"8"}],"banner":[{"adID":"53","adOrder":"8"}],"icon":{"enabled":"False","adID":"59","size":"2"}}],"appAdnetwork":[{"adID":"12","isAdavailable":"1"},{"adID":"53","isAdavailable":"1"},{"adID":"74","isAdavailable":"1"},{"adID":"25","isAdavailable":"1"},{"adID":"59","isAdavailable":"1"}]}: http://52.13.174.6/sheeda/admin/json/syncAppAPI failed as it is not correct json response in content type 23{"message":"HTTP Error 401 - Unauthorized: Access is denied due to invalid credentials."}
****************** http://52.13.174.6/sheeda/admin/json/syncApp
****************** http://52.13.174.6/sheeda/admin/json/syncApp
{"package":"com.yhi.prisoner.survival.prison.jail.stealth.escape","title":"US Army Prison Escape","gssdkVersion":"v6.3.1","sdkVersionID":"2193","sdkVersion":"2193","userSignature":"a31265023c3eb8a0e11a55e1b57f3b30","appVersionCode":"","appVersionName":"","totalSequences":"1","adsQueueType":"priority","gpRateUsURL":"","isHideAds":"0","childDirected":"1","mediationLog":"0","store":"41","sequences":[{"seqTitleID":"13","isFirstSkip":"False","failOverAdID":"18"," isFirstSkipRewardedVideo":"False"," bannerEnabled":"False","bannerPosition":"3","failOverAdIDBanner":"56","failOverAdIDNative":"75","failOverAdIDRewardedVideo":"26","nativeEnabled":"False","nativeWidth":"202","nativeHeight":"202","interstitialAndVideo":[{"adID":"18","adOrder":"5"}],"rewardedVideo":[{"adID":"26","adOrder":"5"}],"native":[{"adID":"75","adOrder":"5"}],"banner":[{"adID":"56","adOrder":"5"}],"icon":{"enabled":"False","adID":"59","size":"2"}}],"appAdnetwork":[{"adID":"18","isAdavailable":"1"},{"adID":"56","isAdavailable":"1"},{"adID":"75","isAdavailable":"1"},{"adID":"26","isAdavailable":"1"},{"adID":"59","isAdavailable":"1"}]}: Status code forbidden, internet connectivity not availablehttp://52.13.174.6/sheeda/admin/json/syncApp please check your internet connection 24
{"package":"com.yhi.prisoner.survival.prison.jail.stealth.escape","title":"US Army Prison Escape","gssdkVersion":"v6.3.1","sdkVersionID":"2193","sdkVersion":"2193","userSignature":"a31265023c3eb8a0e11a55e1b57f3b30","appVersionCode":"","appVersionName":"","totalSequences":"1","adsQueueType":"priority","gpRateUsURL":"","isHideAds":"0","childDirected":"1","mediationLog":"0","store":"41","sequences":[{"seqTitleID":"13","isFirstSkip":"False","failOverAdID":"18"," isFirstSkipRewardedVideo":"False"," bannerEnabled":"False","bannerPosition":"3","failOverAdIDBanner":"56","failOverAdIDNative":"75","failOverAdIDRewardedVideo":"26","nativeEnabled":"False","nativeWidth":"202","nativeHeight":"202","interstitialAndVideo":[{"adID":"18","adOrder":"5"}],"rewardedVideo":[{"adID":"26","adOrder":"5"}],"native":[{"adID":"75","adOrder":"5"}],"banner":[{"adID":"56","adOrder":"5"}],"icon":{"enabled":"False","adID":"59","size":"2"}}],"appAdnetwork":[{"adID":"18","isAdavailable":"1"},{"adID":"56","isAdavailable":"1"},{"adID":"75","isAdavailable":"1"},{"adID":"26","isAdavailable":"1"},{"adID":"59","isAdavailable":"1"}]}: Status code not OK,http://52.13.174.6/sheeda/admin/json/syncApp API has failed at 24 Forbidden{"message":"HTTP Error 401 - Unauthorized: Access is denied due to invalid credentials."}
{"package":"com.yhi.prisoner.survival.prison.jail.stealth.escape","title":"US Army Prison Escape","gssdkVersion":"v6.3.1","sdkVersionID":"2193","sdkVersion":"2193","userSignature":"a31265023c3eb8a0e11a55e1b57f3b30","appVersionCode":"","appVersionName":"","totalSequences":"1","adsQueueType":"priority","gpRateUsURL":"","isHideAds":"0","childDirected":"1","mediationLog":"0","store":"41","sequences":[{"seqTitleID":"13","isFirstSkip":"False","failOverAdID":"18"," isFirstSkipRewardedVideo":"False"," bannerEnabled":"False","bannerPosition":"3","failOverAdIDBanner":"56","failOverAdIDNative":"75","failOverAdIDRewardedVideo":"26","nativeEnabled":"False","nativeWidth":"202","nativeHeight":"202","interstitialAndVideo":[{"adID":"18","adOrder":"5"}],"rewardedVideo":[{"adID":"26","adOrder":"5"}],"native":[{"adID":"75","adOrder":"5"}],"banner":[{"adID":"56","adOrder":"5"}],"icon":{"enabled":"False","adID":"59","size":"2"}}],"appAdnetwork":[{"adID":"18","isAdavailable":"1"},{"adID":"56","isAdavailable":"1"},{"adID":"75","isAdavailable":"1"},{"adID":"26","isAdavailable":"1"},{"adID":"59","isAdavailable":"1"}]}: http://52.13.174.6/sheeda/admin/json/syncAppAPI failed as it is not correct json response in content type 24{"message":"HTTP Error 401 - Unauthorized: Access is denied due to invalid credentials."}
****************** http://52.13.174.6/sheeda/admin/json/syncApp
****************** http://52.13.174.6/sheeda/admin/json/syncApp
{"package":"com.g247.construction.vehicle.transport.sim.games","title":"Big Machine Construction Transport Truck Games","gssdkVersion":"v6.3.1","sdkVersionID":"2194","sdkVersion":"2194","userSignature":"a31265023c3eb8a0e11a55e1b57f3b30","appVersionCode":"","appVersionName":"","totalSequences":"1","adsQueueType":"priority","gpRateUsURL":"","isHideAds":"0","childDirected":"1","mediationLog":"0","store":"41","sequences":[{"seqTitleID":"13","isFirstSkip":"False","failOverAdID":"19"," isFirstSkipRewardedVideo":"False"," bannerEnabled":"False","bannerPosition":"3","failOverAdIDBanner":"57","failOverAdIDNative":"78","failOverAdIDRewardedVideo":"32","nativeEnabled":"False","nativeWidth":"201","nativeHeight":"201","interstitialAndVideo":[{"adID":"19","adOrder":"5"}],"rewardedVideo":[{"adID":"32","adOrder":"5"}],"native":[{"adID":"78","adOrder":"5"}],"banner":[{"adID":"57","adOrder":"5"}],"icon":{"enabled":"False","adID":"59","size":"2"}}],"appAdnetwork":[{"adID":"19","isAdavailable":"1"},{"adID":"57","isAdavailable":"1"},{"adID":"78","isAdavailable":"1"},{"adID":"32","isAdavailable":"1"},{"adID":"59","isAdavailable":"1"}]}: Status code forbidden, internet connectivity not availablehttp://52.13.174.6/sheeda/admin/json/syncApp please check your internet connection 25
{"package":"com.g247.construction.vehicle.transport.sim.games","title":"Big Machine Construction Transport Truck Games","gssdkVersion":"v6.3.1","sdkVersionID":"2194","sdkVersion":"2194","userSignature":"a31265023c3eb8a0e11a55e1b57f3b30","appVersionCode":"","appVersionName":"","totalSequences":"1","adsQueueType":"priority","gpRateUsURL":"","isHideAds":"0","childDirected":"1","mediationLog":"0","store":"41","sequences":[{"seqTitleID":"13","isFirstSkip":"False","failOverAdID":"19"," isFirstSkipRewardedVideo":"False"," bannerEnabled":"False","bannerPosition":"3","failOverAdIDBanner":"57","failOverAdIDNative":"78","failOverAdIDRewardedVideo":"32","nativeEnabled":"False","nativeWidth":"201","nativeHeight":"201","interstitialAndVideo":[{"adID":"19","adOrder":"5"}],"rewardedVideo":[{"adID":"32","adOrder":"5"}],"native":[{"adID":"78","adOrder":"5"}],"banner":[{"adID":"57","adOrder":"5"}],"icon":{"enabled":"False","adID":"59","size":"2"}}],"appAdnetwork":[{"adID":"19","isAdavailable":"1"},{"adID":"57","isAdavailable":"1"},{"adID":"78","isAdavailable":"1"},{"adID":"32","isAdavailable":"1"},{"adID":"59","isAdavailable":"1"}]}: Status code not OK,http://52.13.174.6/sheeda/admin/json/syncApp API has failed at 25 Forbidden{"message":"HTTP Error 401 - Unauthorized: Access is denied due to invalid credentials."}
{"package":"com.g247.construction.vehicle.transport.sim.games","title":"Big Machine Construction Transport Truck Games","gssdkVersion":"v6.3.1","sdkVersionID":"2194","sdkVersion":"2194","userSignature":"a31265023c3eb8a0e11a55e1b57f3b30","appVersionCode":"","appVersionName":"","totalSequences":"1","adsQueueType":"priority","gpRateUsURL":"","isHideAds":"0","childDirected":"1","mediationLog":"0","store":"41","sequences":[{"seqTitleID":"13","isFirstSkip":"False","failOverAdID":"19"," isFirstSkipRewardedVideo":"False"," bannerEnabled":"False","bannerPosition":"3","failOverAdIDBanner":"57","failOverAdIDNative":"78","failOverAdIDRewardedVideo":"32","nativeEnabled":"False","nativeWidth":"201","nativeHeight":"201","interstitialAndVideo":[{"adID":"19","adOrder":"5"}],"rewardedVideo":[{"adID":"32","adOrder":"5"}],"native":[{"adID":"78","adOrder":"5"}],"banner":[{"adID":"57","adOrder":"5"}],"icon":{"enabled":"False","adID":"59","size":"2"}}],"appAdnetwork":[{"adID":"19","isAdavailable":"1"},{"adID":"57","isAdavailable":"1"},{"adID":"78","isAdavailable":"1"},{"adID":"32","isAdavailable":"1"},{"adID":"59","isAdavailable":"1"}]}: http://52.13.174.6/sheeda/admin/json/syncAppAPI failed as it is not correct json response in content type 25{"message":"HTTP Error 401 - Unauthorized: Access is denied due to invalid credentials."}
****************** http://52.13.174.6/sheeda/admin/json/syncApp
****************** http://52.13.174.6/sheeda/admin/json/syncApp
{"package":"com.loudcrow.charliebrownallstars","title":"Peanutes","gssdkVersion":"v6.4.1","sdkVersionID":"2199","sdkVersion":"2199","userSignature":"a31265023c3eb8a0e11a55e1b57f3b30","appVersionCode":"","appVersionName":"","totalSequences":"1","adsQueueType":"priority","gpRateUsURL":"","isHideAds":"0","childDirected":"1","mediationLog":"0","store":"41","sequences":[{"seqTitleID":"20","isFirstSkip":"False","failOverAdID":"29"," isFirstSkipRewardedVideo":"False"," bannerEnabled":"False","bannerPosition":"4","failOverAdIDBanner":"68","failOverAdIDNative":"79","failOverAdIDRewardedVideo":"34","nativeEnabled":"False","nativeWidth":"257","nativeHeight":"257","interstitialAndVideo":[{"adID":"29","adOrder":"8"}],"rewardedVideo":[{"adID":"34","adOrder":"8"}],"native":[{"adID":"79","adOrder":"8"}],"banner":[{"adID":"68","adOrder":"8"}],"icon":{"enabled":"False","adID":"59","size":"2"}}],"appAdnetwork":[{"adID":"29","isAdavailable":"1"},{"adID":"68","isAdavailable":"1"},{"adID":"79","isAdavailable":"1"},{"adID":"34","isAdavailable":"1"},{"adID":"59","isAdavailable":"1"}]}: Status code forbidden, internet connectivity not availablehttp://52.13.174.6/sheeda/admin/json/syncApp please check your internet connection 26
{"package":"com.loudcrow.charliebrownallstars","title":"Peanutes","gssdkVersion":"v6.4.1","sdkVersionID":"2199","sdkVersion":"2199","userSignature":"a31265023c3eb8a0e11a55e1b57f3b30","appVersionCode":"","appVersionName":"","totalSequences":"1","adsQueueType":"priority","gpRateUsURL":"","isHideAds":"0","childDirected":"1","mediationLog":"0","store":"41","sequences":[{"seqTitleID":"20","isFirstSkip":"False","failOverAdID":"29"," isFirstSkipRewardedVideo":"False"," bannerEnabled":"False","bannerPosition":"4","failOverAdIDBanner":"68","failOverAdIDNative":"79","failOverAdIDRewardedVideo":"34","nativeEnabled":"False","nativeWidth":"257","nativeHeight":"257","interstitialAndVideo":[{"adID":"29","adOrder":"8"}],"rewardedVideo":[{"adID":"34","adOrder":"8"}],"native":[{"adID":"79","adOrder":"8"}],"banner":[{"adID":"68","adOrder":"8"}],"icon":{"enabled":"False","adID":"59","size":"2"}}],"appAdnetwork":[{"adID":"29","isAdavailable":"1"},{"adID":"68","isAdavailable":"1"},{"adID":"79","isAdavailable":"1"},{"adID":"34","isAdavailable":"1"},{"adID":"59","isAdavailable":"1"}]}: Status code not OK,http://52.13.174.6/sheeda/admin/json/syncApp API has failed at 26 Forbidden{"message":"HTTP Error 401 - Unauthorized: Access is denied due to invalid credentials."}
{"package":"com.loudcrow.charliebrownallstars","title":"Peanutes","gssdkVersion":"v6.4.1","sdkVersionID":"2199","sdkVersion":"2199","userSignature":"a31265023c3eb8a0e11a55e1b57f3b30","appVersionCode":"","appVersionName":"","totalSequences":"1","adsQueueType":"priority","gpRateUsURL":"","isHideAds":"0","childDirected":"1","mediationLog":"0","store":"41","sequences":[{"seqTitleID":"20","isFirstSkip":"False","failOverAdID":"29"," isFirstSkipRewardedVideo":"False"," bannerEnabled":"False","bannerPosition":"4","failOverAdIDBanner":"68","failOverAdIDNative":"79","failOverAdIDRewardedVideo":"34","nativeEnabled":"False","nativeWidth":"257","nativeHeight":"257","interstitialAndVideo":[{"adID":"29","adOrder":"8"}],"rewardedVideo":[{"adID":"34","adOrder":"8"}],"native":[{"adID":"79","adOrder":"8"}],"banner":[{"adID":"68","adOrder":"8"}],"icon":{"enabled":"False","adID":"59","size":"2"}}],"appAdnetwork":[{"adID":"29","isAdavailable":"1"},{"adID":"68","isAdavailable":"1"},{"adID":"79","isAdavailable":"1"},{"adID":"34","isAdavailable":"1"},{"adID":"59","isAdavailable":"1"}]}: http://52.13.174.6/sheeda/admin/json/syncAppAPI failed as it is not correct json response in content type 26{"message":"HTTP Error 401 - Unauthorized: Access is denied due to invalid credentials."}
****************** http://52.13.174.6/sheeda/admin/json/syncApp
****************** http://52.13.174.6/sheeda/admin/json/syncApp
{"package":"com.yhi.offroad.camper.van.cruiser.truck.driving.simulator","title":"Camper Van Simulator","gssdkVersion":"6.1.1","sdkVersionID":"2174","sdkVersion":"2174","userSignature":"a31265023c3eb8a0e11a55e1b57f3b30","appVersionCode":"","appVersionName":"","totalSequences":"1","adsQueueType":"priority","gpRateUsURL":"","isHideAds":"0","childDirected":"1","mediationLog":"0","store":"41","sequences":[{"seqTitleID":"6","isFirstSkip":"False","failOverAdID":"0"," isFirstSkipRewardedVideo":"False"," bannerEnabled":"False","bannerPosition":"2","failOverAdIDBanner":"28","failOverAdIDNative":"27","failOverAdIDRewardedVideo":"4","nativeEnabled":"False","nativeWidth":"146","nativeHeight":"146","interstitialAndVideo":[{"adID":"0","adOrder":"3"}],"rewardedVideo":[{"adID":"4","adOrder":"3"}],"native":[{"adID":"27","adOrder":"3"}],"banner":[{"adID":"28","adOrder":"3"}],"icon":{"enabled":"False","adID":"59","size":"1"}}],"appAdnetwork":[{"adID":"0","isAdavailable":"1"},{"adID":"28","isAdavailable":"1"},{"adID":"27","isAdavailable":"1"},{"adID":"4","isAdavailable":"1"},{"adID":"59","isAdavailable":"1"}]}: Status code forbidden, internet connectivity not availablehttp://52.13.174.6/sheeda/admin/json/syncApp please check your internet connection 27
{"package":"com.yhi.offroad.camper.van.cruiser.truck.driving.simulator","title":"Camper Van Simulator","gssdkVersion":"6.1.1","sdkVersionID":"2174","sdkVersion":"2174","userSignature":"a31265023c3eb8a0e11a55e1b57f3b30","appVersionCode":"","appVersionName":"","totalSequences":"1","adsQueueType":"priority","gpRateUsURL":"","isHideAds":"0","childDirected":"1","mediationLog":"0","store":"41","sequences":[{"seqTitleID":"6","isFirstSkip":"False","failOverAdID":"0"," isFirstSkipRewardedVideo":"False"," bannerEnabled":"False","bannerPosition":"2","failOverAdIDBanner":"28","failOverAdIDNative":"27","failOverAdIDRewardedVideo":"4","nativeEnabled":"False","nativeWidth":"146","nativeHeight":"146","interstitialAndVideo":[{"adID":"0","adOrder":"3"}],"rewardedVideo":[{"adID":"4","adOrder":"3"}],"native":[{"adID":"27","adOrder":"3"}],"banner":[{"adID":"28","adOrder":"3"}],"icon":{"enabled":"False","adID":"59","size":"1"}}],"appAdnetwork":[{"adID":"0","isAdavailable":"1"},{"adID":"28","isAdavailable":"1"},{"adID":"27","isAdavailable":"1"},{"adID":"4","isAdavailable":"1"},{"adID":"59","isAdavailable":"1"}]}: Status code not OK,http://52.13.174.6/sheeda/admin/json/syncApp API has failed at 27 Forbidden{"message":"HTTP Error 401 - Unauthorized: Access is denied due to invalid credentials."}
{"package":"com.yhi.offroad.camper.van.cruiser.truck.driving.simulator","title":"Camper Van Simulator","gssdkVersion":"6.1.1","sdkVersionID":"2174","sdkVersion":"2174","userSignature":"a31265023c3eb8a0e11a55e1b57f3b30","appVersionCode":"","appVersionName":"","totalSequences":"1","adsQueueType":"priority","gpRateUsURL":"","isHideAds":"0","childDirected":"1","mediationLog":"0","store":"41","sequences":[{"seqTitleID":"6","isFirstSkip":"False","failOverAdID":"0"," isFirstSkipRewardedVideo":"False"," bannerEnabled":"False","bannerPosition":"2","failOverAdIDBanner":"28","failOverAdIDNative":"27","failOverAdIDRewardedVideo":"4","nativeEnabled":"False","nativeWidth":"146","nativeHeight":"146","interstitialAndVideo":[{"adID":"0","adOrder":"3"}],"rewardedVideo":[{"adID":"4","adOrder":"3"}],"native":[{"adID":"27","adOrder":"3"}],"banner":[{"adID":"28","adOrder":"3"}],"icon":{"enabled":"False","adID":"59","size":"1"}}],"appAdnetwork":[{"adID":"0","isAdavailable":"1"},{"adID":"28","isAdavailable":"1"},{"adID":"27","isAdavailable":"1"},{"adID":"4","isAdavailable":"1"},{"adID":"59","isAdavailable":"1"}]}: http://52.13.174.6/sheeda/admin/json/syncAppAPI failed as it is not correct json response in content type 27{"message":"HTTP Error 401 - Unauthorized: Access is denied due to invalid credentials."}
****************** http://52.13.174.6/sheeda/admin/json/syncApp
****************** http://52.13.174.6/sheeda/admin/json/syncApp
{"package":"com.g247.flying.jetski.robot.shooting.games","title":"Flying Jet Ski Rescue Robot - Robot Shooting Games","gssdkVersion":"6.2.1","sdkVersionID":"2179","sdkVersion":"2179","userSignature":"a31265023c3eb8a0e11a55e1b57f3b30","appVersionCode":"","appVersionName":"","totalSequences":"1","adsQueueType":"priority","gpRateUsURL":"","isHideAds":"0","childDirected":"1","mediationLog":"0","store":"41","sequences":[{"seqTitleID":"13","isFirstSkip":"False","failOverAdID":"2"," isFirstSkipRewardedVideo":"False"," bannerEnabled":"False","bannerPosition":"3","failOverAdIDBanner":"42","failOverAdIDNative":"44","failOverAdIDRewardedVideo":"15","nativeEnabled":"False","nativeWidth":"201","nativeHeight":"201","interstitialAndVideo":[{"adID":"2","adOrder":"5"}],"rewardedVideo":[{"adID":"15","adOrder":"5"}],"native":[{"adID":"44","adOrder":"5"}],"banner":[{"adID":"42","adOrder":"5"}],"icon":{"enabled":"False","adID":"59","size":"2"}}],"appAdnetwork":[{"adID":"2","isAdavailable":"1"},{"adID":"42","isAdavailable":"1"},{"adID":"44","isAdavailable":"1"},{"adID":"15","isAdavailable":"1"},{"adID":"59","isAdavailable":"1"}]}: Status code forbidden, internet connectivity not availablehttp://52.13.174.6/sheeda/admin/json/syncApp please check your internet connection 28
{"package":"com.g247.flying.jetski.robot.shooting.games","title":"Flying Jet Ski Rescue Robot - Robot Shooting Games","gssdkVersion":"6.2.1","sdkVersionID":"2179","sdkVersion":"2179","userSignature":"a31265023c3eb8a0e11a55e1b57f3b30","appVersionCode":"","appVersionName":"","totalSequences":"1","adsQueueType":"priority","gpRateUsURL":"","isHideAds":"0","childDirected":"1","mediationLog":"0","store":"41","sequences":[{"seqTitleID":"13","isFirstSkip":"False","failOverAdID":"2"," isFirstSkipRewardedVideo":"False"," bannerEnabled":"False","bannerPosition":"3","failOverAdIDBanner":"42","failOverAdIDNative":"44","failOverAdIDRewardedVideo":"15","nativeEnabled":"False","nativeWidth":"201","nativeHeight":"201","interstitialAndVideo":[{"adID":"2","adOrder":"5"}],"rewardedVideo":[{"adID":"15","adOrder":"5"}],"native":[{"adID":"44","adOrder":"5"}],"banner":[{"adID":"42","adOrder":"5"}],"icon":{"enabled":"False","adID":"59","size":"2"}}],"appAdnetwork":[{"adID":"2","isAdavailable":"1"},{"adID":"42","isAdavailable":"1"},{"adID":"44","isAdavailable":"1"},{"adID":"15","isAdavailable":"1"},{"adID":"59","isAdavailable":"1"}]}: Status code not OK,http://52.13.174.6/sheeda/admin/json/syncApp API has failed at 28 Forbidden{"message":"HTTP Error 401 - Unauthorized: Access is denied due to invalid credentials."}
{"package":"com.g247.flying.jetski.robot.shooting.games","title":"Flying Jet Ski Rescue Robot - Robot Shooting Games","gssdkVersion":"6.2.1","sdkVersionID":"2179","sdkVersion":"2179","userSignature":"a31265023c3eb8a0e11a55e1b57f3b30","appVersionCode":"","appVersionName":"","totalSequences":"1","adsQueueType":"priority","gpRateUsURL":"","isHideAds":"0","childDirected":"1","mediationLog":"0","store":"41","sequences":[{"seqTitleID":"13","isFirstSkip":"False","failOverAdID":"2"," isFirstSkipRewardedVideo":"False"," bannerEnabled":"False","bannerPosition":"3","failOverAdIDBanner":"42","failOverAdIDNative":"44","failOverAdIDRewardedVideo":"15","nativeEnabled":"False","nativeWidth":"201","nativeHeight":"201","interstitialAndVideo":[{"adID":"2","adOrder":"5"}],"rewardedVideo":[{"adID":"15","adOrder":"5"}],"native":[{"adID":"44","adOrder":"5"}],"banner":[{"adID":"42","adOrder":"5"}],"icon":{"enabled":"False","adID":"59","size":"2"}}],"appAdnetwork":[{"adID":"2","isAdavailable":"1"},{"adID":"42","isAdavailable":"1"},{"adID":"44","isAdavailable":"1"},{"adID":"15","isAdavailable":"1"},{"adID":"59","isAdavailable":"1"}]}: http://52.13.174.6/sheeda/admin/json/syncAppAPI failed as it is not correct json response in content type 28{"message":"HTTP Error 401 - Unauthorized: Access is denied due to invalid credentials."}
****************** http://52.13.174.6/sheeda/admin/json/syncApp
****************** http://52.13.174.6/sheeda/admin/json/syncApp
{"package":"com.yhi.whale.shark.fps.sniper.shooter.hunter.game","title":"Whale Shark Attack Sniper Shooting","gssdkVersion":"6.2.1","sdkVersionID":"2180","sdkVersion":"2180","userSignature":"a31265023c3eb8a0e11a55e1b57f3b30","appVersionCode":"","appVersionName":"","totalSequences":"1","adsQueueType":"priority","gpRateUsURL":"","isHideAds":"0","childDirected":"1","mediationLog":"0","store":"41","sequences":[{"seqTitleID":"18","isFirstSkip":"False","failOverAdID":"5"," isFirstSkipRewardedVideo":"False"," bannerEnabled":"False","bannerPosition":"4","failOverAdIDBanner":"43","failOverAdIDNative":"58","failOverAdIDRewardedVideo":"20","nativeEnabled":"False","nativeWidth":"240","nativeHeight":"240","interstitialAndVideo":[{"adID":"5","adOrder":"7"}],"rewardedVideo":[{"adID":"20","adOrder":"7"}],"native":[{"adID":"58","adOrder":"7"}],"banner":[{"adID":"43","adOrder":"7"}],"icon":{"enabled":"False","adID":"59","size":"2"}}],"appAdnetwork":[{"adID":"5","isAdavailable":"1"},{"adID":"43","isAdavailable":"1"},{"adID":"58","isAdavailable":"1"},{"adID":"20","isAdavailable":"1"},{"adID":"59","isAdavailable":"1"}]}: Status code forbidden, internet connectivity not availablehttp://52.13.174.6/sheeda/admin/json/syncApp please check your internet connection 29
{"package":"com.yhi.whale.shark.fps.sniper.shooter.hunter.game","title":"Whale Shark Attack Sniper Shooting","gssdkVersion":"6.2.1","sdkVersionID":"2180","sdkVersion":"2180","userSignature":"a31265023c3eb8a0e11a55e1b57f3b30","appVersionCode":"","appVersionName":"","totalSequences":"1","adsQueueType":"priority","gpRateUsURL":"","isHideAds":"0","childDirected":"1","mediationLog":"0","store":"41","sequences":[{"seqTitleID":"18","isFirstSkip":"False","failOverAdID":"5"," isFirstSkipRewardedVideo":"False"," bannerEnabled":"False","bannerPosition":"4","failOverAdIDBanner":"43","failOverAdIDNative":"58","failOverAdIDRewardedVideo":"20","nativeEnabled":"False","nativeWidth":"240","nativeHeight":"240","interstitialAndVideo":[{"adID":"5","adOrder":"7"}],"rewardedVideo":[{"adID":"20","adOrder":"7"}],"native":[{"adID":"58","adOrder":"7"}],"banner":[{"adID":"43","adOrder":"7"}],"icon":{"enabled":"False","adID":"59","size":"2"}}],"appAdnetwork":[{"adID":"5","isAdavailable":"1"},{"adID":"43","isAdavailable":"1"},{"adID":"58","isAdavailable":"1"},{"adID":"20","isAdavailable":"1"},{"adID":"59","isAdavailable":"1"}]}: Status code not OK,http://52.13.174.6/sheeda/admin/json/syncApp API has failed at 29 Forbidden{"message":"HTTP Error 401 - Unauthorized: Access is denied due to invalid credentials."}
{"package":"com.yhi.whale.shark.fps.sniper.shooter.hunter.game","title":"Whale Shark Attack Sniper Shooting","gssdkVersion":"6.2.1","sdkVersionID":"2180","sdkVersion":"2180","userSignature":"a31265023c3eb8a0e11a55e1b57f3b30","appVersionCode":"","appVersionName":"","totalSequences":"1","adsQueueType":"priority","gpRateUsURL":"","isHideAds":"0","childDirected":"1","mediationLog":"0","store":"41","sequences":[{"seqTitleID":"18","isFirstSkip":"False","failOverAdID":"5"," isFirstSkipRewardedVideo":"False"," bannerEnabled":"False","bannerPosition":"4","failOverAdIDBanner":"43","failOverAdIDNative":"58","failOverAdIDRewardedVideo":"20","nativeEnabled":"False","nativeWidth":"240","nativeHeight":"240","interstitialAndVideo":[{"adID":"5","adOrder":"7"}],"rewardedVideo":[{"adID":"20","adOrder":"7"}],"native":[{"adID":"58","adOrder":"7"}],"banner":[{"adID":"43","adOrder":"7"}],"icon":{"enabled":"False","adID":"59","size":"2"}}],"appAdnetwork":[{"adID":"5","isAdavailable":"1"},{"adID":"43","isAdavailable":"1"},{"adID":"58","isAdavailable":"1"},{"adID":"20","isAdavailable":"1"},{"adID":"59","isAdavailable":"1"}]}: http://52.13.174.6/sheeda/admin/json/syncAppAPI failed as it is not correct json response in content type 29{"message":"HTTP Error 401 - Unauthorized: Access is denied due to invalid credentials."}
****************** http://52.13.174.6/sheeda/admin/json/syncApp
****************** http://52.13.174.6/sheeda/admin/json/syncApp
{"package":"com.threed.real.robot.firefighter.transformation.rescue.mission","title":"Fire Fighter Truck Robot","gssdkVersion":"v6.2.1","sdkVersionID":"2181","sdkVersion":"2181","userSignature":"a31265023c3eb8a0e11a55e1b57f3b30","appVersionCode":"","appVersionName":"","totalSequences":"1","adsQueueType":"priority","gpRateUsURL":"","isHideAds":"0","childDirected":"1","mediationLog":"0","store":"41","sequences":[{"seqTitleID":"9","isFirstSkip":"False","failOverAdID":"7"," isFirstSkipRewardedVideo":"False"," bannerEnabled":"False","bannerPosition":"2","failOverAdIDBanner":"45","failOverAdIDNative":"63","failOverAdIDRewardedVideo":"21","nativeEnabled":"False","nativeWidth":"167","nativeHeight":"167","interstitialAndVideo":[{"adID":"7","adOrder":"4"}],"rewardedVideo":[{"adID":"21","adOrder":"4"}],"native":[{"adID":"63","adOrder":"4"}],"banner":[{"adID":"45","adOrder":"4"}],"icon":{"enabled":"False","adID":"59","size":"1"}}],"appAdnetwork":[{"adID":"7","isAdavailable":"1"},{"adID":"45","isAdavailable":"1"},{"adID":"63","isAdavailable":"1"},{"adID":"21","isAdavailable":"1"},{"adID":"59","isAdavailable":"1"}]}: Status code forbidden, internet connectivity not availablehttp://52.13.174.6/sheeda/admin/json/syncApp please check your internet connection 30
{"package":"com.threed.real.robot.firefighter.transformation.rescue.mission","title":"Fire Fighter Truck Robot","gssdkVersion":"v6.2.1","sdkVersionID":"2181","sdkVersion":"2181","userSignature":"a31265023c3eb8a0e11a55e1b57f3b30","appVersionCode":"","appVersionName":"","totalSequences":"1","adsQueueType":"priority","gpRateUsURL":"","isHideAds":"0","childDirected":"1","mediationLog":"0","store":"41","sequences":[{"seqTitleID":"9","isFirstSkip":"False","failOverAdID":"7"," isFirstSkipRewardedVideo":"False"," bannerEnabled":"False","bannerPosition":"2","failOverAdIDBanner":"45","failOverAdIDNative":"63","failOverAdIDRewardedVideo":"21","nativeEnabled":"False","nativeWidth":"167","nativeHeight":"167","interstitialAndVideo":[{"adID":"7","adOrder":"4"}],"rewardedVideo":[{"adID":"21","adOrder":"4"}],"native":[{"adID":"63","adOrder":"4"}],"banner":[{"adID":"45","adOrder":"4"}],"icon":{"enabled":"False","adID":"59","size":"1"}}],"appAdnetwork":[{"adID":"7","isAdavailable":"1"},{"adID":"45","isAdavailable":"1"},{"adID":"63","isAdavailable":"1"},{"adID":"21","isAdavailable":"1"},{"adID":"59","isAdavailable":"1"}]}: Status code not OK,http://52.13.174.6/sheeda/admin/json/syncApp API has failed at 30 Forbidden{"message":"HTTP Error 401 - Unauthorized: Access is denied due to invalid credentials."}
{"package":"com.threed.real.robot.firefighter.transformation.rescue.mission","title":"Fire Fighter Truck Robot","gssdkVersion":"v6.2.1","sdkVersionID":"2181","sdkVersion":"2181","userSignature":"a31265023c3eb8a0e11a55e1b57f3b30","appVersionCode":"","appVersionName":"","totalSequences":"1","adsQueueType":"priority","gpRateUsURL":"","isHideAds":"0","childDirected":"1","mediationLog":"0","store":"41","sequences":[{"seqTitleID":"9","isFirstSkip":"False","failOverAdID":"7"," isFirstSkipRewardedVideo":"False"," bannerEnabled":"False","bannerPosition":"2","failOverAdIDBanner":"45","failOverAdIDNative":"63","failOverAdIDRewardedVideo":"21","nativeEnabled":"False","nativeWidth":"167","nativeHeight":"167","interstitialAndVideo":[{"adID":"7","adOrder":"4"}],"rewardedVideo":[{"adID":"21","adOrder":"4"}],"native":[{"adID":"63","adOrder":"4"}],"banner":[{"adID":"45","adOrder":"4"}],"icon":{"enabled":"False","adID":"59","size":"1"}}],"appAdnetwork":[{"adID":"7","isAdavailable":"1"},{"adID":"45","isAdavailable":"1"},{"adID":"63","isAdavailable":"1"},{"adID":"21","isAdavailable":"1"},{"adID":"59","isAdavailable":"1"}]}: http://52.13.174.6/sheeda/admin/json/syncAppAPI failed as it is not correct json response in content type 30{"message":"HTTP Error 401 - Unauthorized: Access is denied due to invalid credentials."}
****************** http://52.13.174.6/sheeda/admin/json/syncApp
****************** http://52.13.174.6/sheeda/admin/json/syncApp
{"package":"com.playaction.cyber.truck.transport.simulator","title":"Police Robot Monster","gssdkVersion":"v6.2.1","sdkVersionID":"2182","sdkVersion":"2182","userSignature":"a31265023c3eb8a0e11a55e1b57f3b30","appVersionCode":"","appVersionName":"","totalSequences":"1","adsQueueType":"priority","gpRateUsURL":"","isHideAds":"0","childDirected":"1","mediationLog":"0","store":"41","sequences":[{"seqTitleID":"20","isFirstSkip":"False","failOverAdID":"8"," isFirstSkipRewardedVideo":"False"," bannerEnabled":"False","bannerPosition":"4","failOverAdIDBanner":"49","failOverAdIDNative":"69","failOverAdIDRewardedVideo":"24","nativeEnabled":"False","nativeWidth":"256","nativeHeight":"256","interstitialAndVideo":[{"adID":"8","adOrder":"8"}],"rewardedVideo":[{"adID":"24","adOrder":"8"}],"native":[{"adID":"69","adOrder":"8"}],"banner":[{"adID":"49","adOrder":"8"}],"icon":{"enabled":"False","adID":"59","size":"2"}}],"appAdnetwork":[{"adID":"8","isAdavailable":"1"},{"adID":"49","isAdavailable":"1"},{"adID":"69","isAdavailable":"1"},{"adID":"24","isAdavailable":"1"},{"adID":"59","isAdavailable":"1"}]}: Status code forbidden, internet connectivity not availablehttp://52.13.174.6/sheeda/admin/json/syncApp please check your internet connection 31
{"package":"com.playaction.cyber.truck.transport.simulator","title":"Police Robot Monster","gssdkVersion":"v6.2.1","sdkVersionID":"2182","sdkVersion":"2182","userSignature":"a31265023c3eb8a0e11a55e1b57f3b30","appVersionCode":"","appVersionName":"","totalSequences":"1","adsQueueType":"priority","gpRateUsURL":"","isHideAds":"0","childDirected":"1","mediationLog":"0","store":"41","sequences":[{"seqTitleID":"20","isFirstSkip":"False","failOverAdID":"8"," isFirstSkipRewardedVideo":"False"," bannerEnabled":"False","bannerPosition":"4","failOverAdIDBanner":"49","failOverAdIDNative":"69","failOverAdIDRewardedVideo":"24","nativeEnabled":"False","nativeWidth":"256","nativeHeight":"256","interstitialAndVideo":[{"adID":"8","adOrder":"8"}],"rewardedVideo":[{"adID":"24","adOrder":"8"}],"native":[{"adID":"69","adOrder":"8"}],"banner":[{"adID":"49","adOrder":"8"}],"icon":{"enabled":"False","adID":"59","size":"2"}}],"appAdnetwork":[{"adID":"8","isAdavailable":"1"},{"adID":"49","isAdavailable":"1"},{"adID":"69","isAdavailable":"1"},{"adID":"24","isAdavailable":"1"},{"adID":"59","isAdavailable":"1"}]}: Status code not OK,http://52.13.174.6/sheeda/admin/json/syncApp API has failed at 31 Forbidden{"message":"HTTP Error 401 - Unauthorized: Access is denied due to invalid credentials."}
{"package":"com.playaction.cyber.truck.transport.simulator","title":"Police Robot Monster","gssdkVersion":"v6.2.1","sdkVersionID":"2182","sdkVersion":"2182","userSignature":"a31265023c3eb8a0e11a55e1b57f3b30","appVersionCode":"","appVersionName":"","totalSequences":"1","adsQueueType":"priority","gpRateUsURL":"","isHideAds":"0","childDirected":"1","mediationLog":"0","store":"41","sequences":[{"seqTitleID":"20","isFirstSkip":"False","failOverAdID":"8"," isFirstSkipRewardedVideo":"False"," bannerEnabled":"False","bannerPosition":"4","failOverAdIDBanner":"49","failOverAdIDNative":"69","failOverAdIDRewardedVideo":"24","nativeEnabled":"False","nativeWidth":"256","nativeHeight":"256","interstitialAndVideo":[{"adID":"8","adOrder":"8"}],"rewardedVideo":[{"adID":"24","adOrder":"8"}],"native":[{"adID":"69","adOrder":"8"}],"banner":[{"adID":"49","adOrder":"8"}],"icon":{"enabled":"False","adID":"59","size":"2"}}],"appAdnetwork":[{"adID":"8","isAdavailable":"1"},{"adID":"49","isAdavailable":"1"},{"adID":"69","isAdavailable":"1"},{"adID":"24","isAdavailable":"1"},{"adID":"59","isAdavailable":"1"}]}: http://52.13.174.6/sheeda/admin/json/syncAppAPI failed as it is not correct json response in content type 31{"message":"HTTP Error 401 - Unauthorized: Access is denied due to invalid credentials."}
****************** http://52.13.174.6/sheeda/admin/json/syncApp
****************** http://52.13.174.6/sheeda/admin/json/syncApp
{"package":"com.getepic.Epic","title":"Epic: Kids' Books &amp; Educational Reading Library","gssdkVersion":"v6.2.1-1","sdkVersionID":"2185","sdkVersion":"2185","userSignature":"a31265023c3eb8a0e11a55e1b57f3b30","appVersionCode":"","appVersionName":"","totalSequences":"1","adsQueueType":"priority","gpRateUsURL":"","isHideAds":"0","childDirected":"1","mediationLog":"0","store":"41","sequences":[{"seqTitleID":"22","isFirstSkip":"False","failOverAdID":"12"," isFirstSkipRewardedVideo":"False"," bannerEnabled":"False","bannerPosition":"5","failOverAdIDBanner":"53","failOverAdIDNative":"74","failOverAdIDRewardedVideo":"25","nativeEnabled":"False","nativeWidth":"273","nativeHeight":"273","interstitialAndVideo":[{"adID":"12","adOrder":"8"}],"rewardedVideo":[{"adID":"25","adOrder":"8"}],"native":[{"adID":"74","adOrder":"8"}],"banner":[{"adID":"53","adOrder":"8"}],"icon":{"enabled":"False","adID":"59","size":"2"}}],"appAdnetwork":[{"adID":"12","isAdavailable":"1"},{"adID":"53","isAdavailable":"1"},{"adID":"74","isAdavailable":"1"},{"adID":"25","isAdavailable":"1"},{"adID":"59","isAdavailable":"1"}]}: Status code forbidden, internet connectivity not availablehttp://52.13.174.6/sheeda/admin/json/syncApp please check your internet connection 32
{"package":"com.getepic.Epic","title":"Epic: Kids' Books &amp; Educational Reading Library","gssdkVersion":"v6.2.1-1","sdkVersionID":"2185","sdkVersion":"2185","userSignature":"a31265023c3eb8a0e11a55e1b57f3b30","appVersionCode":"","appVersionName":"","totalSequences":"1","adsQueueType":"priority","gpRateUsURL":"","isHideAds":"0","childDirected":"1","mediationLog":"0","store":"41","sequences":[{"seqTitleID":"22","isFirstSkip":"False","failOverAdID":"12"," isFirstSkipRewardedVideo":"False"," bannerEnabled":"False","bannerPosition":"5","failOverAdIDBanner":"53","failOverAdIDNative":"74","failOverAdIDRewardedVideo":"25","nativeEnabled":"False","nativeWidth":"273","nativeHeight":"273","interstitialAndVideo":[{"adID":"12","adOrder":"8"}],"rewardedVideo":[{"adID":"25","adOrder":"8"}],"native":[{"adID":"74","adOrder":"8"}],"banner":[{"adID":"53","adOrder":"8"}],"icon":{"enabled":"False","adID":"59","size":"2"}}],"appAdnetwork":[{"adID":"12","isAdavailable":"1"},{"adID":"53","isAdavailable":"1"},{"adID":"74","isAdavailable":"1"},{"adID":"25","isAdavailable":"1"},{"adID":"59","isAdavailable":"1"}]}: Status code not OK,http://52.13.174.6/sheeda/admin/json/syncApp API has failed at 32 Forbidden{"message":"HTTP Error 401 - Unauthorized: Access is denied due to invalid credentials."}
{"package":"com.getepic.Epic","title":"Epic: Kids' Books &amp; Educational Reading Library","gssdkVersion":"v6.2.1-1","sdkVersionID":"2185","sdkVersion":"2185","userSignature":"a31265023c3eb8a0e11a55e1b57f3b30","appVersionCode":"","appVersionName":"","totalSequences":"1","adsQueueType":"priority","gpRateUsURL":"","isHideAds":"0","childDirected":"1","mediationLog":"0","store":"41","sequences":[{"seqTitleID":"22","isFirstSkip":"False","failOverAdID":"12"," isFirstSkipRewardedVideo":"False"," bannerEnabled":"False","bannerPosition":"5","failOverAdIDBanner":"53","failOverAdIDNative":"74","failOverAdIDRewardedVideo":"25","nativeEnabled":"False","nativeWidth":"273","nativeHeight":"273","interstitialAndVideo":[{"adID":"12","adOrder":"8"}],"rewardedVideo":[{"adID":"25","adOrder":"8"}],"native":[{"adID":"74","adOrder":"8"}],"banner":[{"adID":"53","adOrder":"8"}],"icon":{"enabled":"False","adID":"59","size":"2"}}],"appAdnetwork":[{"adID":"12","isAdavailable":"1"},{"adID":"53","isAdavailable":"1"},{"adID":"74","isAdavailable":"1"},{"adID":"25","isAdavailable":"1"},{"adID":"59","isAdavailable":"1"}]}: http://52.13.174.6/sheeda/admin/json/syncAppAPI failed as it is not correct json response in content type 32{"message":"HTTP Error 401 - Unauthorized: Access is denied due to invalid credentials."}
****************** http://52.13.174.6/sheeda/admin/json/syncApp
****************** http://52.13.174.6/sheeda/admin/json/syncApp
{"package":"com.threed.wild.horse.city.attack.rampage.survival.simulator.game","title":"Horse City Rampage","gssdkVersion":"v6.3.1","sdkVersionID":"2193","sdkVersion":"2193","userSignature":"a31265023c3eb8a0e11a55e1b57f3b30","appVersionCode":"","appVersionName":"","totalSequences":"1","adsQueueType":"priority","gpRateUsURL":"","isHideAds":"0","childDirected":"1","mediationLog":"0","store":"41","sequences":[{"seqTitleID":"13","isFirstSkip":"False","failOverAdID":"18"," isFirstSkipRewardedVideo":"False"," bannerEnabled":"False","bannerPosition":"3","failOverAdIDBanner":"56","failOverAdIDNative":"75","failOverAdIDRewardedVideo":"26","nativeEnabled":"False","nativeWidth":"200","nativeHeight":"200","interstitialAndVideo":[{"adID":"18","adOrder":"5"}],"rewardedVideo":[{"adID":"26","adOrder":"5"}],"native":[{"adID":"75","adOrder":"5"}],"banner":[{"adID":"56","adOrder":"5"}],"icon":{"enabled":"False","adID":"59","size":"2"}}],"appAdnetwork":[{"adID":"18","isAdavailable":"1"},{"adID":"56","isAdavailable":"1"},{"adID":"75","isAdavailable":"1"},{"adID":"26","isAdavailable":"1"},{"adID":"59","isAdavailable":"1"}]}: Status code forbidden, internet connectivity not availablehttp://52.13.174.6/sheeda/admin/json/syncApp please check your internet connection 33
{"package":"com.threed.wild.horse.city.attack.rampage.survival.simulator.game","title":"Horse City Rampage","gssdkVersion":"v6.3.1","sdkVersionID":"2193","sdkVersion":"2193","userSignature":"a31265023c3eb8a0e11a55e1b57f3b30","appVersionCode":"","appVersionName":"","totalSequences":"1","adsQueueType":"priority","gpRateUsURL":"","isHideAds":"0","childDirected":"1","mediationLog":"0","store":"41","sequences":[{"seqTitleID":"13","isFirstSkip":"False","failOverAdID":"18"," isFirstSkipRewardedVideo":"False"," bannerEnabled":"False","bannerPosition":"3","failOverAdIDBanner":"56","failOverAdIDNative":"75","failOverAdIDRewardedVideo":"26","nativeEnabled":"False","nativeWidth":"200","nativeHeight":"200","interstitialAndVideo":[{"adID":"18","adOrder":"5"}],"rewardedVideo":[{"adID":"26","adOrder":"5"}],"native":[{"adID":"75","adOrder":"5"}],"banner":[{"adID":"56","adOrder":"5"}],"icon":{"enabled":"False","adID":"59","size":"2"}}],"appAdnetwork":[{"adID":"18","isAdavailable":"1"},{"adID":"56","isAdavailable":"1"},{"adID":"75","isAdavailable":"1"},{"adID":"26","isAdavailable":"1"},{"adID":"59","isAdavailable":"1"}]}: Status code not OK,http://52.13.174.6/sheeda/admin/json/syncApp API has failed at 33 Forbidden{"message":"HTTP Error 401 - Unauthorized: Access is denied due to invalid credentials."}
{"package":"com.threed.wild.horse.city.attack.rampage.survival.simulator.game","title":"Horse City Rampage","gssdkVersion":"v6.3.1","sdkVersionID":"2193","sdkVersion":"2193","userSignature":"a31265023c3eb8a0e11a55e1b57f3b30","appVersionCode":"","appVersionName":"","totalSequences":"1","adsQueueType":"priority","gpRateUsURL":"","isHideAds":"0","childDirected":"1","mediationLog":"0","store":"41","sequences":[{"seqTitleID":"13","isFirstSkip":"False","failOverAdID":"18"," isFirstSkipRewardedVideo":"False"," bannerEnabled":"False","bannerPosition":"3","failOverAdIDBanner":"56","failOverAdIDNative":"75","failOverAdIDRewardedVideo":"26","nativeEnabled":"False","nativeWidth":"200","nativeHeight":"200","interstitialAndVideo":[{"adID":"18","adOrder":"5"}],"rewardedVideo":[{"adID":"26","adOrder":"5"}],"native":[{"adID":"75","adOrder":"5"}],"banner":[{"adID":"56","adOrder":"5"}],"icon":{"enabled":"False","adID":"59","size":"2"}}],"appAdnetwork":[{"adID":"18","isAdavailable":"1"},{"adID":"56","isAdavailable":"1"},{"adID":"75","isAdavailable":"1"},{"adID":"26","isAdavailable":"1"},{"adID":"59","isAdavailable":"1"}]}: http://52.13.174.6/sheeda/admin/json/syncAppAPI failed as it is not correct json response in content type 33{"message":"HTTP Error 401 - Unauthorized: Access is denied due to invalid credentials."}
****************** http://52.13.174.6/sheeda/admin/json/syncApp
****************** http://52.13.174.6/sheeda/admin/json/syncApp
{"package":"com.yhi.high.speed.car.stunt.racing","title":"High Speed Car Stunt Racing","gssdkVersion":"v6.3.1","sdkVersionID":"2194","sdkVersion":"2194","userSignature":"a31265023c3eb8a0e11a55e1b57f3b30","appVersionCode":"","appVersionName":"","totalSequences":"1","adsQueueType":"priority","gpRateUsURL":"","isHideAds":"0","childDirected":"1","mediationLog":"0","store":"41","sequences":[{"seqTitleID":"18","isFirstSkip":"False","failOverAdID":"19"," isFirstSkipRewardedVideo":"False"," bannerEnabled":"False","bannerPosition":"4","failOverAdIDBanner":"57","failOverAdIDNative":"78","failOverAdIDRewardedVideo":"32","nativeEnabled":"False","nativeWidth":"239","nativeHeight":"239","interstitialAndVideo":[{"adID":"19","adOrder":"7"}],"rewardedVideo":[{"adID":"32","adOrder":"7"}],"native":[{"adID":"78","adOrder":"7"}],"banner":[{"adID":"57","adOrder":"7"}],"icon":{"enabled":"False","adID":"59","size":"2"}}],"appAdnetwork":[{"adID":"19","isAdavailable":"1"},{"adID":"57","isAdavailable":"1"},{"adID":"78","isAdavailable":"1"},{"adID":"32","isAdavailable":"1"},{"adID":"59","isAdavailable":"1"}]}: Status code forbidden, internet connectivity not availablehttp://52.13.174.6/sheeda/admin/json/syncApp please check your internet connection 34
{"package":"com.yhi.high.speed.car.stunt.racing","title":"High Speed Car Stunt Racing","gssdkVersion":"v6.3.1","sdkVersionID":"2194","sdkVersion":"2194","userSignature":"a31265023c3eb8a0e11a55e1b57f3b30","appVersionCode":"","appVersionName":"","totalSequences":"1","adsQueueType":"priority","gpRateUsURL":"","isHideAds":"0","childDirected":"1","mediationLog":"0","store":"41","sequences":[{"seqTitleID":"18","isFirstSkip":"False","failOverAdID":"19"," isFirstSkipRewardedVideo":"False"," bannerEnabled":"False","bannerPosition":"4","failOverAdIDBanner":"57","failOverAdIDNative":"78","failOverAdIDRewardedVideo":"32","nativeEnabled":"False","nativeWidth":"239","nativeHeight":"239","interstitialAndVideo":[{"adID":"19","adOrder":"7"}],"rewardedVideo":[{"adID":"32","adOrder":"7"}],"native":[{"adID":"78","adOrder":"7"}],"banner":[{"adID":"57","adOrder":"7"}],"icon":{"enabled":"False","adID":"59","size":"2"}}],"appAdnetwork":[{"adID":"19","isAdavailable":"1"},{"adID":"57","isAdavailable":"1"},{"adID":"78","isAdavailable":"1"},{"adID":"32","isAdavailable":"1"},{"adID":"59","isAdavailable":"1"}]}: Status code not OK,http://52.13.174.6/sheeda/admin/json/syncApp API has failed at 34 Forbidden{"message":"HTTP Error 401 - Unauthorized: Access is denied due to invalid credentials."}
{"package":"com.yhi.high.speed.car.stunt.racing","title":"High Speed Car Stunt Racing","gssdkVersion":"v6.3.1","sdkVersionID":"2194","sdkVersion":"2194","userSignature":"a31265023c3eb8a0e11a55e1b57f3b30","appVersionCode":"","appVersionName":"","totalSequences":"1","adsQueueType":"priority","gpRateUsURL":"","isHideAds":"0","childDirected":"1","mediationLog":"0","store":"41","sequences":[{"seqTitleID":"18","isFirstSkip":"False","failOverAdID":"19"," isFirstSkipRewardedVideo":"False"," bannerEnabled":"False","bannerPosition":"4","failOverAdIDBanner":"57","failOverAdIDNative":"78","failOverAdIDRewardedVideo":"32","nativeEnabled":"False","nativeWidth":"239","nativeHeight":"239","interstitialAndVideo":[{"adID":"19","adOrder":"7"}],"rewardedVideo":[{"adID":"32","adOrder":"7"}],"native":[{"adID":"78","adOrder":"7"}],"banner":[{"adID":"57","adOrder":"7"}],"icon":{"enabled":"False","adID":"59","size":"2"}}],"appAdnetwork":[{"adID":"19","isAdavailable":"1"},{"adID":"57","isAdavailable":"1"},{"adID":"78","isAdavailable":"1"},{"adID":"32","isAdavailable":"1"},{"adID":"59","isAdavailable":"1"}]}: http://52.13.174.6/sheeda/admin/json/syncAppAPI failed as it is not correct json response in content type 34{"message":"HTTP Error 401 - Unauthorized: Access is denied due to invalid credentials."}
****************** http://52.13.174.6/sheeda/admin/json/syncApp
****************** http://52.13.174.6/sheeda/admin/json/syncApp
{"package":"com.weheartit","title":"We Heart It","gssdkVersion":"v6.4.1","sdkVersionID":"2199","sdkVersion":"2199","userSignature":"a31265023c3eb8a0e11a55e1b57f3b30","appVersionCode":"","appVersionName":"","totalSequences":"1","adsQueueType":"priority","gpRateUsURL":"","isHideAds":"0","childDirected":"1","mediationLog":"0","store":"41","sequences":[{"seqTitleID":"9","isFirstSkip":"False","failOverAdID":"29"," isFirstSkipRewardedVideo":"False"," bannerEnabled":"False","bannerPosition":"2","failOverAdIDBanner":"68","failOverAdIDNative":"79","failOverAdIDRewardedVideo":"34","nativeEnabled":"False","nativeWidth":"166","nativeHeight":"166","interstitialAndVideo":[{"adID":"29","adOrder":"4"}],"rewardedVideo":[{"adID":"34","adOrder":"4"}],"native":[{"adID":"79","adOrder":"4"}],"banner":[{"adID":"68","adOrder":"4"}],"icon":{"enabled":"False","adID":"59","size":"1"}}],"appAdnetwork":[{"adID":"29","isAdavailable":"1"},{"adID":"68","isAdavailable":"1"},{"adID":"79","isAdavailable":"1"},{"adID":"34","isAdavailable":"1"},{"adID":"59","isAdavailable":"1"}]}: Status code forbidden, internet connectivity not availablehttp://52.13.174.6/sheeda/admin/json/syncApp please check your internet connection 35
{"package":"com.weheartit","title":"We Heart It","gssdkVersion":"v6.4.1","sdkVersionID":"2199","sdkVersion":"2199","userSignature":"a31265023c3eb8a0e11a55e1b57f3b30","appVersionCode":"","appVersionName":"","totalSequences":"1","adsQueueType":"priority","gpRateUsURL":"","isHideAds":"0","childDirected":"1","mediationLog":"0","store":"41","sequences":[{"seqTitleID":"9","isFirstSkip":"False","failOverAdID":"29"," isFirstSkipRewardedVideo":"False"," bannerEnabled":"False","bannerPosition":"2","failOverAdIDBanner":"68","failOverAdIDNative":"79","failOverAdIDRewardedVideo":"34","nativeEnabled":"False","nativeWidth":"166","nativeHeight":"166","interstitialAndVideo":[{"adID":"29","adOrder":"4"}],"rewardedVideo":[{"adID":"34","adOrder":"4"}],"native":[{"adID":"79","adOrder":"4"}],"banner":[{"adID":"68","adOrder":"4"}],"icon":{"enabled":"False","adID":"59","size":"1"}}],"appAdnetwork":[{"adID":"29","isAdavailable":"1"},{"adID":"68","isAdavailable":"1"},{"adID":"79","isAdavailable":"1"},{"adID":"34","isAdavailable":"1"},{"adID":"59","isAdavailable":"1"}]}: Status code not OK,http://52.13.174.6/sheeda/admin/json/syncApp API has failed at 35 Forbidden{"message":"HTTP Error 401 - Unauthorized: Access is denied due to invalid credentials."}
{"package":"com.weheartit","title":"We Heart It","gssdkVersion":"v6.4.1","sdkVersionID":"2199","sdkVersion":"2199","userSignature":"a31265023c3eb8a0e11a55e1b57f3b30","appVersionCode":"","appVersionName":"","totalSequences":"1","adsQueueType":"priority","gpRateUsURL":"","isHideAds":"0","childDirected":"1","mediationLog":"0","store":"41","sequences":[{"seqTitleID":"9","isFirstSkip":"False","failOverAdID":"29"," isFirstSkipRewardedVideo":"False"," bannerEnabled":"False","bannerPosition":"2","failOverAdIDBanner":"68","failOverAdIDNative":"79","failOverAdIDRewardedVideo":"34","nativeEnabled":"False","nativeWidth":"166","nativeHeight":"166","interstitialAndVideo":[{"adID":"29","adOrder":"4"}],"rewardedVideo":[{"adID":"34","adOrder":"4"}],"native":[{"adID":"79","adOrder":"4"}],"banner":[{"adID":"68","adOrder":"4"}],"icon":{"enabled":"False","adID":"59","size":"1"}}],"appAdnetwork":[{"adID":"29","isAdavailable":"1"},{"adID":"68","isAdavailable":"1"},{"adID":"79","isAdavailable":"1"},{"adID":"34","isAdavailable":"1"},{"adID":"59","isAdavailable":"1"}]}: http://52.13.174.6/sheeda/admin/json/syncAppAPI failed as it is not correct json response in content type 35{"message":"HTTP Error 401 - Unauthorized: Access is denied due to invalid credentials."}
****************** http://52.13.174.6/sheeda/admin/json/syncApp
****************** http://52.13.174.6/sheeda/admin/json/syncApp
{"package":"com.threed.real.gangster.police.chase.water.surfing","title":"Mega Ramp Monster Truck Taxi Transport Games","gssdkVersion":"6.1.1","sdkVersionID":"2174","sdkVersion":"2174","userSignature":"a31265023c3eb8a0e11a55e1b57f3b30","appVersionCode":"","appVersionName":"","totalSequences":"1","adsQueueType":"priority","gpRateUsURL":"","isHideAds":"0","childDirected":"1","mediationLog":"0","store":"41","sequences":[{"seqTitleID":"6","isFirstSkip":"False","failOverAdID":"0"," isFirstSkipRewardedVideo":"False"," bannerEnabled":"False","bannerPosition":"2","failOverAdIDBanner":"28","failOverAdIDNative":"27","failOverAdIDRewardedVideo":"4","nativeEnabled":"False","nativeWidth":"147","nativeHeight":"147","interstitialAndVideo":[{"adID":"0","adOrder":"3"}],"rewardedVideo":[{"adID":"4","adOrder":"3"}],"native":[{"adID":"27","adOrder":"3"}],"banner":[{"adID":"28","adOrder":"3"}],"icon":{"enabled":"False","adID":"59","size":"1"}}],"appAdnetwork":[{"adID":"0","isAdavailable":"1"},{"adID":"28","isAdavailable":"1"},{"adID":"27","isAdavailable":"1"},{"adID":"4","isAdavailable":"1"},{"adID":"59","isAdavailable":"1"}]}: Status code forbidden, internet connectivity not availablehttp://52.13.174.6/sheeda/admin/json/syncApp please check your internet connection 36
{"package":"com.threed.real.gangster.police.chase.water.surfing","title":"Mega Ramp Monster Truck Taxi Transport Games","gssdkVersion":"6.1.1","sdkVersionID":"2174","sdkVersion":"2174","userSignature":"a31265023c3eb8a0e11a55e1b57f3b30","appVersionCode":"","appVersionName":"","totalSequences":"1","adsQueueType":"priority","gpRateUsURL":"","isHideAds":"0","childDirected":"1","mediationLog":"0","store":"41","sequences":[{"seqTitleID":"6","isFirstSkip":"False","failOverAdID":"0"," isFirstSkipRewardedVideo":"False"," bannerEnabled":"False","bannerPosition":"2","failOverAdIDBanner":"28","failOverAdIDNative":"27","failOverAdIDRewardedVideo":"4","nativeEnabled":"False","nativeWidth":"147","nativeHeight":"147","interstitialAndVideo":[{"adID":"0","adOrder":"3"}],"rewardedVideo":[{"adID":"4","adOrder":"3"}],"native":[{"adID":"27","adOrder":"3"}],"banner":[{"adID":"28","adOrder":"3"}],"icon":{"enabled":"False","adID":"59","size":"1"}}],"appAdnetwork":[{"adID":"0","isAdavailable":"1"},{"adID":"28","isAdavailable":"1"},{"adID":"27","isAdavailable":"1"},{"adID":"4","isAdavailable":"1"},{"adID":"59","isAdavailable":"1"}]}: Status code not OK,http://52.13.174.6/sheeda/admin/json/syncApp API has failed at 36 Forbidden{"message":"HTTP Error 401 - Unauthorized: Access is denied due to invalid credentials."}
{"package":"com.threed.real.gangster.police.chase.water.surfing","title":"Mega Ramp Monster Truck Taxi Transport Games","gssdkVersion":"6.1.1","sdkVersionID":"2174","sdkVersion":"2174","userSignature":"a31265023c3eb8a0e11a55e1b57f3b30","appVersionCode":"","appVersionName":"","totalSequences":"1","adsQueueType":"priority","gpRateUsURL":"","isHideAds":"0","childDirected":"1","mediationLog":"0","store":"41","sequences":[{"seqTitleID":"6","isFirstSkip":"False","failOverAdID":"0"," isFirstSkipRewardedVideo":"False"," bannerEnabled":"False","bannerPosition":"2","failOverAdIDBanner":"28","failOverAdIDNative":"27","failOverAdIDRewardedVideo":"4","nativeEnabled":"False","nativeWidth":"147","nativeHeight":"147","interstitialAndVideo":[{"adID":"0","adOrder":"3"}],"rewardedVideo":[{"adID":"4","adOrder":"3"}],"native":[{"adID":"27","adOrder":"3"}],"banner":[{"adID":"28","adOrder":"3"}],"icon":{"enabled":"False","adID":"59","size":"1"}}],"appAdnetwork":[{"adID":"0","isAdavailable":"1"},{"adID":"28","isAdavailable":"1"},{"adID":"27","isAdavailable":"1"},{"adID":"4","isAdavailable":"1"},{"adID":"59","isAdavailable":"1"}]}: http://52.13.174.6/sheeda/admin/json/syncAppAPI failed as it is not correct json response in content type 36{"message":"HTTP Error 401 - Unauthorized: Access is denied due to invalid credentials."}
****************** http://52.13.174.6/sheeda/admin/json/syncApp
****************** http://52.13.174.6/sheeda/admin/json/syncApp
{"package":"com.threed.dino.hunting.dinosaur.shooter.fps.survival.game","title":"Dinosaur Hunters FPS Shooting Game","gssdkVersion":"6.2.1","sdkVersionID":"2179","sdkVersion":"2179","userSignature":"a31265023c3eb8a0e11a55e1b57f3b30","appVersionCode":"","appVersionName":"","totalSequences":"1","adsQueueType":"priority","gpRateUsURL":"","isHideAds":"0","childDirected":"1","mediationLog":"0","store":"41","sequences":[{"seqTitleID":"13","isFirstSkip":"False","failOverAdID":"2"," isFirstSkipRewardedVideo":"False"," bannerEnabled":"False","bannerPosition":"3","failOverAdIDBanner":"42","failOverAdIDNative":"44","failOverAdIDRewardedVideo":"15","nativeEnabled":"False","nativeWidth":"203","nativeHeight":"203","interstitialAndVideo":[{"adID":"2","adOrder":"5"}],"rewardedVideo":[{"adID":"15","adOrder":"5"}],"native":[{"adID":"44","adOrder":"5"}],"banner":[{"adID":"42","adOrder":"5"}],"icon":{"enabled":"False","adID":"59","size":"2"}}],"appAdnetwork":[{"adID":"2","isAdavailable":"1"},{"adID":"42","isAdavailable":"1"},{"adID":"44","isAdavailable":"1"},{"adID":"15","isAdavailable":"1"},{"adID":"59","isAdavailable":"1"}]}: Status code forbidden, internet connectivity not availablehttp://52.13.174.6/sheeda/admin/json/syncApp please check your internet connection 37
{"package":"com.threed.dino.hunting.dinosaur.shooter.fps.survival.game","title":"Dinosaur Hunters FPS Shooting Game","gssdkVersion":"6.2.1","sdkVersionID":"2179","sdkVersion":"2179","userSignature":"a31265023c3eb8a0e11a55e1b57f3b30","appVersionCode":"","appVersionName":"","totalSequences":"1","adsQueueType":"priority","gpRateUsURL":"","isHideAds":"0","childDirected":"1","mediationLog":"0","store":"41","sequences":[{"seqTitleID":"13","isFirstSkip":"False","failOverAdID":"2"," isFirstSkipRewardedVideo":"False"," bannerEnabled":"False","bannerPosition":"3","failOverAdIDBanner":"42","failOverAdIDNative":"44","failOverAdIDRewardedVideo":"15","nativeEnabled":"False","nativeWidth":"203","nativeHeight":"203","interstitialAndVideo":[{"adID":"2","adOrder":"5"}],"rewardedVideo":[{"adID":"15","adOrder":"5"}],"native":[{"adID":"44","adOrder":"5"}],"banner":[{"adID":"42","adOrder":"5"}],"icon":{"enabled":"False","adID":"59","size":"2"}}],"appAdnetwork":[{"adID":"2","isAdavailable":"1"},{"adID":"42","isAdavailable":"1"},{"adID":"44","isAdavailable":"1"},{"adID":"15","isAdavailable":"1"},{"adID":"59","isAdavailable":"1"}]}: Status code not OK,http://52.13.174.6/sheeda/admin/json/syncApp API has failed at 37 Forbidden{"message":"HTTP Error 401 - Unauthorized: Access is denied due to invalid credentials."}
{"package":"com.threed.dino.hunting.dinosaur.shooter.fps.survival.game","title":"Dinosaur Hunters FPS Shooting Game","gssdkVersion":"6.2.1","sdkVersionID":"2179","sdkVersion":"2179","userSignature":"a31265023c3eb8a0e11a55e1b57f3b30","appVersionCode":"","appVersionName":"","totalSequences":"1","adsQueueType":"priority","gpRateUsURL":"","isHideAds":"0","childDirected":"1","mediationLog":"0","store":"41","sequences":[{"seqTitleID":"13","isFirstSkip":"False","failOverAdID":"2"," isFirstSkipRewardedVideo":"False"," bannerEnabled":"False","bannerPosition":"3","failOverAdIDBanner":"42","failOverAdIDNative":"44","failOverAdIDRewardedVideo":"15","nativeEnabled":"False","nativeWidth":"203","nativeHeight":"203","interstitialAndVideo":[{"adID":"2","adOrder":"5"}],"rewardedVideo":[{"adID":"15","adOrder":"5"}],"native":[{"adID":"44","adOrder":"5"}],"banner":[{"adID":"42","adOrder":"5"}],"icon":{"enabled":"False","adID":"59","size":"2"}}],"appAdnetwork":[{"adID":"2","isAdavailable":"1"},{"adID":"42","isAdavailable":"1"},{"adID":"44","isAdavailable":"1"},{"adID":"15","isAdavailable":"1"},{"adID":"59","isAdavailable":"1"}]}: http://52.13.174.6/sheeda/admin/json/syncAppAPI failed as it is not correct json response in content type 37{"message":"HTTP Error 401 - Unauthorized: Access is denied due to invalid credentials."}
****************** http://52.13.174.6/sheeda/admin/json/syncApp
****************** http://52.13.174.6/sheeda/admin/json/syncApp
{"package":"com.playaction.flying.police.drone.bike.simulator","title":"Flying Police Drone Bike Simulator 2020","gssdkVersion":"6.2.1","sdkVersionID":"2180","sdkVersion":"2180","userSignature":"a31265023c3eb8a0e11a55e1b57f3b30","appVersionCode":"","appVersionName":"","totalSequences":"1","adsQueueType":"priority","gpRateUsURL":"","isHideAds":"0","childDirected":"1","mediationLog":"0","store":"41","sequences":[{"seqTitleID":"22","isFirstSkip":"False","failOverAdID":"5"," isFirstSkipRewardedVideo":"False"," bannerEnabled":"False","bannerPosition":"5","failOverAdIDBanner":"43","failOverAdIDNative":"58","failOverAdIDRewardedVideo":"20","nativeEnabled":"False","nativeWidth":"273","nativeHeight":"273","interstitialAndVideo":[{"adID":"5","adOrder":"8"}],"rewardedVideo":[{"adID":"20","adOrder":"8"}],"native":[{"adID":"58","adOrder":"8"}],"banner":[{"adID":"43","adOrder":"8"}],"icon":{"enabled":"False","adID":"59","size":"2"}}],"appAdnetwork":[{"adID":"5","isAdavailable":"1"},{"adID":"43","isAdavailable":"1"},{"adID":"58","isAdavailable":"1"},{"adID":"20","isAdavailable":"1"},{"adID":"59","isAdavailable":"1"}]}: Status code forbidden, internet connectivity not availablehttp://52.13.174.6/sheeda/admin/json/syncApp please check your internet connection 38
{"package":"com.playaction.flying.police.drone.bike.simulator","title":"Flying Police Drone Bike Simulator 2020","gssdkVersion":"6.2.1","sdkVersionID":"2180","sdkVersion":"2180","userSignature":"a31265023c3eb8a0e11a55e1b57f3b30","appVersionCode":"","appVersionName":"","totalSequences":"1","adsQueueType":"priority","gpRateUsURL":"","isHideAds":"0","childDirected":"1","mediationLog":"0","store":"41","sequences":[{"seqTitleID":"22","isFirstSkip":"False","failOverAdID":"5"," isFirstSkipRewardedVideo":"False"," bannerEnabled":"False","bannerPosition":"5","failOverAdIDBanner":"43","failOverAdIDNative":"58","failOverAdIDRewardedVideo":"20","nativeEnabled":"False","nativeWidth":"273","nativeHeight":"273","interstitialAndVideo":[{"adID":"5","adOrder":"8"}],"rewardedVideo":[{"adID":"20","adOrder":"8"}],"native":[{"adID":"58","adOrder":"8"}],"banner":[{"adID":"43","adOrder":"8"}],"icon":{"enabled":"False","adID":"59","size":"2"}}],"appAdnetwork":[{"adID":"5","isAdavailable":"1"},{"adID":"43","isAdavailable":"1"},{"adID":"58","isAdavailable":"1"},{"adID":"20","isAdavailable":"1"},{"adID":"59","isAdavailable":"1"}]}: Status code not OK,http://52.13.174.6/sheeda/admin/json/syncApp API has failed at 38 Forbidden{"message":"HTTP Error 401 - Unauthorized: Access is denied due to invalid credentials."}
{"package":"com.playaction.flying.police.drone.bike.simulator","title":"Flying Police Drone Bike Simulator 2020","gssdkVersion":"6.2.1","sdkVersionID":"2180","sdkVersion":"2180","userSignature":"a31265023c3eb8a0e11a55e1b57f3b30","appVersionCode":"","appVersionName":"","totalSequences":"1","adsQueueType":"priority","gpRateUsURL":"","isHideAds":"0","childDirected":"1","mediationLog":"0","store":"41","sequences":[{"seqTitleID":"22","isFirstSkip":"False","failOverAdID":"5"," isFirstSkipRewardedVideo":"False"," bannerEnabled":"False","bannerPosition":"5","failOverAdIDBanner":"43","failOverAdIDNative":"58","failOverAdIDRewardedVideo":"20","nativeEnabled":"False","nativeWidth":"273","nativeHeight":"273","interstitialAndVideo":[{"adID":"5","adOrder":"8"}],"rewardedVideo":[{"adID":"20","adOrder":"8"}],"native":[{"adID":"58","adOrder":"8"}],"banner":[{"adID":"43","adOrder":"8"}],"icon":{"enabled":"False","adID":"59","size":"2"}}],"appAdnetwork":[{"adID":"5","isAdavailable":"1"},{"adID":"43","isAdavailable":"1"},{"adID":"58","isAdavailable":"1"},{"adID":"20","isAdavailable":"1"},{"adID":"59","isAdavailable":"1"}]}: http://52.13.174.6/sheeda/admin/json/syncAppAPI failed as it is not correct json response in content type 38{"message":"HTTP Error 401 - Unauthorized: Access is denied due to invalid credentials."}
****************** http://52.13.174.6/sheeda/admin/json/syncApp
****************** http://52.13.174.6/sheeda/admin/json/syncApp
{"package":"Stocard","title":"Stocard - Rewards Cards Wallet","gssdkVersion":"v6.2.1","sdkVersionID":"2181","sdkVersion":"2181","userSignature":"a31265023c3eb8a0e11a55e1b57f3b30","appVersionCode":"","appVersionName":"","totalSequences":"1","adsQueueType":"priority","gpRateUsURL":"","isHideAds":"0","childDirected":"1","mediationLog":"0","store":"42","sequences":[{"seqTitleID":"17","isFirstSkip":"False","failOverAdID":"7"," isFirstSkipRewardedVideo":"False"," bannerEnabled":"False","bannerPosition":"4","failOverAdIDBanner":"45","failOverAdIDNative":"63","failOverAdIDRewardedVideo":"21","nativeEnabled":"False","nativeWidth":"234","nativeHeight":"234","interstitialAndVideo":[{"adID":"7","adOrder":"7"}],"rewardedVideo":[{"adID":"21","adOrder":"7"}],"native":[{"adID":"63","adOrder":"7"}],"banner":[{"adID":"45","adOrder":"7"}],"icon":{"enabled":"False","adID":"59","size":"2"}}],"appAdnetwork":[{"adID":"7","isAdavailable":"1"},{"adID":"45","isAdavailable":"1"},{"adID":"63","isAdavailable":"1"},{"adID":"21","isAdavailable":"1"},{"adID":"59","isAdavailable":"1"}]}: Status code forbidden, internet connectivity not availablehttp://52.13.174.6/sheeda/admin/json/syncApp please check your internet connection 39
{"package":"Stocard","title":"Stocard - Rewards Cards Wallet","gssdkVersion":"v6.2.1","sdkVersionID":"2181","sdkVersion":"2181","userSignature":"a31265023c3eb8a0e11a55e1b57f3b30","appVersionCode":"","appVersionName":"","totalSequences":"1","adsQueueType":"priority","gpRateUsURL":"","isHideAds":"0","childDirected":"1","mediationLog":"0","store":"42","sequences":[{"seqTitleID":"17","isFirstSkip":"False","failOverAdID":"7"," isFirstSkipRewardedVideo":"False"," bannerEnabled":"False","bannerPosition":"4","failOverAdIDBanner":"45","failOverAdIDNative":"63","failOverAdIDRewardedVideo":"21","nativeEnabled":"False","nativeWidth":"234","nativeHeight":"234","interstitialAndVideo":[{"adID":"7","adOrder":"7"}],"rewardedVideo":[{"adID":"21","adOrder":"7"}],"native":[{"adID":"63","adOrder":"7"}],"banner":[{"adID":"45","adOrder":"7"}],"icon":{"enabled":"False","adID":"59","size":"2"}}],"appAdnetwork":[{"adID":"7","isAdavailable":"1"},{"adID":"45","isAdavailable":"1"},{"adID":"63","isAdavailable":"1"},{"adID":"21","isAdavailable":"1"},{"adID":"59","isAdavailable":"1"}]}: Status code not OK,http://52.13.174.6/sheeda/admin/json/syncApp API has failed at 39 Forbidden{"message":"HTTP Error 401 - Unauthorized: Access is denied due to invalid credentials."}
{"package":"Stocard","title":"Stocard - Rewards Cards Wallet","gssdkVersion":"v6.2.1","sdkVersionID":"2181","sdkVersion":"2181","userSignature":"a31265023c3eb8a0e11a55e1b57f3b30","appVersionCode":"","appVersionName":"","totalSequences":"1","adsQueueType":"priority","gpRateUsURL":"","isHideAds":"0","childDirected":"1","mediationLog":"0","store":"42","sequences":[{"seqTitleID":"17","isFirstSkip":"False","failOverAdID":"7"," isFirstSkipRewardedVideo":"False"," bannerEnabled":"False","bannerPosition":"4","failOverAdIDBanner":"45","failOverAdIDNative":"63","failOverAdIDRewardedVideo":"21","nativeEnabled":"False","nativeWidth":"234","nativeHeight":"234","interstitialAndVideo":[{"adID":"7","adOrder":"7"}],"rewardedVideo":[{"adID":"21","adOrder":"7"}],"native":[{"adID":"63","adOrder":"7"}],"banner":[{"adID":"45","adOrder":"7"}],"icon":{"enabled":"False","adID":"59","size":"2"}}],"appAdnetwork":[{"adID":"7","isAdavailable":"1"},{"adID":"45","isAdavailable":"1"},{"adID":"63","isAdavailable":"1"},{"adID":"21","isAdavailable":"1"},{"adID":"59","isAdavailable":"1"}]}: http://52.13.174.6/sheeda/admin/json/syncAppAPI failed as it is not correct json response in content type 39{"message":"HTTP Error 401 - Unauthorized: Access is denied due to invalid credentials."}
****************** http://52.13.174.6/sheeda/admin/json/syncApp
****************** http://52.13.174.6/sheeda/admin/json/syncApp
{"package":"com.deg.offroad.jeep.snow.mountain.driving.simulator","title":"offroad Snow Mountain Jeep Driving Simulator","gssdkVersion":"v6.2.1","sdkVersionID":"2182","sdkVersion":"2182","userSignature":"a31265023c3eb8a0e11a55e1b57f3b30","appVersionCode":"","appVersionName":"","totalSequences":"1","adsQueueType":"priority","gpRateUsURL":"","isHideAds":"0","childDirected":"1","mediationLog":"0","store":"41","sequences":[{"seqTitleID":"15","isFirstSkip":"False","failOverAdID":"8"," isFirstSkipRewardedVideo":"False"," bannerEnabled":"False","bannerPosition":"3","failOverAdIDBanner":"49","failOverAdIDNative":"69","failOverAdIDRewardedVideo":"24","nativeEnabled":"False","nativeWidth":"218","nativeHeight":"218","interstitialAndVideo":[{"adID":"8","adOrder":"6"}],"rewardedVideo":[{"adID":"24","adOrder":"6"}],"native":[{"adID":"69","adOrder":"6"}],"banner":[{"adID":"49","adOrder":"6"}],"icon":{"enabled":"False","adID":"59","size":"2"}}],"appAdnetwork":[{"adID":"8","isAdavailable":"1"},{"adID":"49","isAdavailable":"1"},{"adID":"69","isAdavailable":"1"},{"adID":"24","isAdavailable":"1"},{"adID":"59","isAdavailable":"1"}]}: Status code forbidden, internet connectivity not availablehttp://52.13.174.6/sheeda/admin/json/syncApp please check your internet connection 40
{"package":"com.deg.offroad.jeep.snow.mountain.driving.simulator","title":"offroad Snow Mountain Jeep Driving Simulator","gssdkVersion":"v6.2.1","sdkVersionID":"2182","sdkVersion":"2182","userSignature":"a31265023c3eb8a0e11a55e1b57f3b30","appVersionCode":"","appVersionName":"","totalSequences":"1","adsQueueType":"priority","gpRateUsURL":"","isHideAds":"0","childDirected":"1","mediationLog":"0","store":"41","sequences":[{"seqTitleID":"15","isFirstSkip":"False","failOverAdID":"8"," isFirstSkipRewardedVideo":"False"," bannerEnabled":"False","bannerPosition":"3","failOverAdIDBanner":"49","failOverAdIDNative":"69","failOverAdIDRewardedVideo":"24","nativeEnabled":"False","nativeWidth":"218","nativeHeight":"218","interstitialAndVideo":[{"adID":"8","adOrder":"6"}],"rewardedVideo":[{"adID":"24","adOrder":"6"}],"native":[{"adID":"69","adOrder":"6"}],"banner":[{"adID":"49","adOrder":"6"}],"icon":{"enabled":"False","adID":"59","size":"2"}}],"appAdnetwork":[{"adID":"8","isAdavailable":"1"},{"adID":"49","isAdavailable":"1"},{"adID":"69","isAdavailable":"1"},{"adID":"24","isAdavailable":"1"},{"adID":"59","isAdavailable":"1"}]}: Status code not OK,http://52.13.174.6/sheeda/admin/json/syncApp API has failed at 40 Forbidden{"message":"HTTP Error 401 - Unauthorized: Access is denied due to invalid credentials."}
{"package":"com.deg.offroad.jeep.snow.mountain.driving.simulator","title":"offroad Snow Mountain Jeep Driving Simulator","gssdkVersion":"v6.2.1","sdkVersionID":"2182","sdkVersion":"2182","userSignature":"a31265023c3eb8a0e11a55e1b57f3b30","appVersionCode":"","appVersionName":"","totalSequences":"1","adsQueueType":"priority","gpRateUsURL":"","isHideAds":"0","childDirected":"1","mediationLog":"0","store":"41","sequences":[{"seqTitleID":"15","isFirstSkip":"False","failOverAdID":"8"," isFirstSkipRewardedVideo":"False"," bannerEnabled":"False","bannerPosition":"3","failOverAdIDBanner":"49","failOverAdIDNative":"69","failOverAdIDRewardedVideo":"24","nativeEnabled":"False","nativeWidth":"218","nativeHeight":"218","interstitialAndVideo":[{"adID":"8","adOrder":"6"}],"rewardedVideo":[{"adID":"24","adOrder":"6"}],"native":[{"adID":"69","adOrder":"6"}],"banner":[{"adID":"49","adOrder":"6"}],"icon":{"enabled":"False","adID":"59","size":"2"}}],"appAdnetwork":[{"adID":"8","isAdavailable":"1"},{"adID":"49","isAdavailable":"1"},{"adID":"69","isAdavailable":"1"},{"adID":"24","isAdavailable":"1"},{"adID":"59","isAdavailable":"1"}]}: http://52.13.174.6/sheeda/admin/json/syncAppAPI failed as it is not correct json response in content type 40{"message":"HTTP Error 401 - Unauthorized: Access is denied due to invalid credentials."}
****************** http://52.13.174.6/sheeda/admin/json/syncApp
****************** http://52.13.174.6/sheeda/admin/json/syncApp
{"package":"com.threed.counter.terrorist.fps.shooter.legend.sniper.game","title":"Counter Terrorist","gssdkVersion":"v6.2.1-1","sdkVersionID":"2185","sdkVersion":"2185","userSignature":"a31265023c3eb8a0e11a55e1b57f3b30","appVersionCode":"","appVersionName":"","totalSequences":"1","adsQueueType":"priority","gpRateUsURL":"","isHideAds":"0","childDirected":"1","mediationLog":"0","store":"41","sequences":[{"seqTitleID":"6","isFirstSkip":"False","failOverAdID":"12"," isFirstSkipRewardedVideo":"False"," bannerEnabled":"False","bannerPosition":"2","failOverAdIDBanner":"53","failOverAdIDNative":"74","failOverAdIDRewardedVideo":"25","nativeEnabled":"False","nativeWidth":"145","nativeHeight":"145","interstitialAndVideo":[{"adID":"12","adOrder":"3"}],"rewardedVideo":[{"adID":"25","adOrder":"3"}],"native":[{"adID":"74","adOrder":"3"}],"banner":[{"adID":"53","adOrder":"3"}],"icon":{"enabled":"False","adID":"59","size":"1"}}],"appAdnetwork":[{"adID":"12","isAdavailable":"1"},{"adID":"53","isAdavailable":"1"},{"adID":"74","isAdavailable":"1"},{"adID":"25","isAdavailable":"1"},{"adID":"59","isAdavailable":"1"}]}: Status code forbidden, internet connectivity not availablehttp://52.13.174.6/sheeda/admin/json/syncApp please check your internet connection 41
{"package":"com.threed.counter.terrorist.fps.shooter.legend.sniper.game","title":"Counter Terrorist","gssdkVersion":"v6.2.1-1","sdkVersionID":"2185","sdkVersion":"2185","userSignature":"a31265023c3eb8a0e11a55e1b57f3b30","appVersionCode":"","appVersionName":"","totalSequences":"1","adsQueueType":"priority","gpRateUsURL":"","isHideAds":"0","childDirected":"1","mediationLog":"0","store":"41","sequences":[{"seqTitleID":"6","isFirstSkip":"False","failOverAdID":"12"," isFirstSkipRewardedVideo":"False"," bannerEnabled":"False","bannerPosition":"2","failOverAdIDBanner":"53","failOverAdIDNative":"74","failOverAdIDRewardedVideo":"25","nativeEnabled":"False","nativeWidth":"145","nativeHeight":"145","interstitialAndVideo":[{"adID":"12","adOrder":"3"}],"rewardedVideo":[{"adID":"25","adOrder":"3"}],"native":[{"adID":"74","adOrder":"3"}],"banner":[{"adID":"53","adOrder":"3"}],"icon":{"enabled":"False","adID":"59","size":"1"}}],"appAdnetwork":[{"adID":"12","isAdavailable":"1"},{"adID":"53","isAdavailable":"1"},{"adID":"74","isAdavailable":"1"},{"adID":"25","isAdavailable":"1"},{"adID":"59","isAdavailable":"1"}]}: Status code not OK,http://52.13.174.6/sheeda/admin/json/syncApp API has failed at 41 Forbidden{"message":"HTTP Error 401 - Unauthorized: Access is denied due to invalid credentials."}
{"package":"com.threed.counter.terrorist.fps.shooter.legend.sniper.game","title":"Counter Terrorist","gssdkVersion":"v6.2.1-1","sdkVersionID":"2185","sdkVersion":"2185","userSignature":"a31265023c3eb8a0e11a55e1b57f3b30","appVersionCode":"","appVersionName":"","totalSequences":"1","adsQueueType":"priority","gpRateUsURL":"","isHideAds":"0","childDirected":"1","mediationLog":"0","store":"41","sequences":[{"seqTitleID":"6","isFirstSkip":"False","failOverAdID":"12"," isFirstSkipRewardedVideo":"False"," bannerEnabled":"False","bannerPosition":"2","failOverAdIDBanner":"53","failOverAdIDNative":"74","failOverAdIDRewardedVideo":"25","nativeEnabled":"False","nativeWidth":"145","nativeHeight":"145","interstitialAndVideo":[{"adID":"12","adOrder":"3"}],"rewardedVideo":[{"adID":"25","adOrder":"3"}],"native":[{"adID":"74","adOrder":"3"}],"banner":[{"adID":"53","adOrder":"3"}],"icon":{"enabled":"False","adID":"59","size":"1"}}],"appAdnetwork":[{"adID":"12","isAdavailable":"1"},{"adID":"53","isAdavailable":"1"},{"adID":"74","isAdavailable":"1"},{"adID":"25","isAdavailable":"1"},{"adID":"59","isAdavailable":"1"}]}: http://52.13.174.6/sheeda/admin/json/syncAppAPI failed as it is not correct json response in content type 41{"message":"HTTP Error 401 - Unauthorized: Access is denied due to invalid credentials."}
****************** http://52.13.174.6/sheeda/admin/json/syncApp
****************** http://52.13.174.6/sheeda/admin/json/syncApp
{"package":"com.whatsapp.w4b","title":"WhatsApp Business","gssdkVersion":"v6.3.1","sdkVersionID":"2193","sdkVersion":"2193","userSignature":"a31265023c3eb8a0e11a55e1b57f3b30","appVersionCode":"","appVersionName":"","totalSequences":"1","adsQueueType":"priority","gpRateUsURL":"","isHideAds":"0","childDirected":"1","mediationLog":"0","store":"41","sequences":[{"seqTitleID":"17","isFirstSkip":"False","failOverAdID":"18"," isFirstSkipRewardedVideo":"False"," bannerEnabled":"False","bannerPosition":"4","failOverAdIDBanner":"56","failOverAdIDNative":"75","failOverAdIDRewardedVideo":"26","nativeEnabled":"False","nativeWidth":"234","nativeHeight":"234","interstitialAndVideo":[{"adID":"18","adOrder":"7"}],"rewardedVideo":[{"adID":"26","adOrder":"7"}],"native":[{"adID":"75","adOrder":"7"}],"banner":[{"adID":"56","adOrder":"7"}],"icon":{"enabled":"False","adID":"59","size":"2"}}],"appAdnetwork":[{"adID":"18","isAdavailable":"1"},{"adID":"56","isAdavailable":"1"},{"adID":"75","isAdavailable":"1"},{"adID":"26","isAdavailable":"1"},{"adID":"59","isAdavailable":"1"}]}: Status code forbidden, internet connectivity not availablehttp://52.13.174.6/sheeda/admin/json/syncApp please check your internet connection 42
{"package":"com.whatsapp.w4b","title":"WhatsApp Business","gssdkVersion":"v6.3.1","sdkVersionID":"2193","sdkVersion":"2193","userSignature":"a31265023c3eb8a0e11a55e1b57f3b30","appVersionCode":"","appVersionName":"","totalSequences":"1","adsQueueType":"priority","gpRateUsURL":"","isHideAds":"0","childDirected":"1","mediationLog":"0","store":"41","sequences":[{"seqTitleID":"17","isFirstSkip":"False","failOverAdID":"18"," isFirstSkipRewardedVideo":"False"," bannerEnabled":"False","bannerPosition":"4","failOverAdIDBanner":"56","failOverAdIDNative":"75","failOverAdIDRewardedVideo":"26","nativeEnabled":"False","nativeWidth":"234","nativeHeight":"234","interstitialAndVideo":[{"adID":"18","adOrder":"7"}],"rewardedVideo":[{"adID":"26","adOrder":"7"}],"native":[{"adID":"75","adOrder":"7"}],"banner":[{"adID":"56","adOrder":"7"}],"icon":{"enabled":"False","adID":"59","size":"2"}}],"appAdnetwork":[{"adID":"18","isAdavailable":"1"},{"adID":"56","isAdavailable":"1"},{"adID":"75","isAdavailable":"1"},{"adID":"26","isAdavailable":"1"},{"adID":"59","isAdavailable":"1"}]}: Status code not OK,http://52.13.174.6/sheeda/admin/json/syncApp API has failed at 42 Forbidden{"message":"HTTP Error 401 - Unauthorized: Access is denied due to invalid credentials."}
{"package":"com.whatsapp.w4b","title":"WhatsApp Business","gssdkVersion":"v6.3.1","sdkVersionID":"2193","sdkVersion":"2193","userSignature":"a31265023c3eb8a0e11a55e1b57f3b30","appVersionCode":"","appVersionName":"","totalSequences":"1","adsQueueType":"priority","gpRateUsURL":"","isHideAds":"0","childDirected":"1","mediationLog":"0","store":"41","sequences":[{"seqTitleID":"17","isFirstSkip":"False","failOverAdID":"18"," isFirstSkipRewardedVideo":"False"," bannerEnabled":"False","bannerPosition":"4","failOverAdIDBanner":"56","failOverAdIDNative":"75","failOverAdIDRewardedVideo":"26","nativeEnabled":"False","nativeWidth":"234","nativeHeight":"234","interstitialAndVideo":[{"adID":"18","adOrder":"7"}],"rewardedVideo":[{"adID":"26","adOrder":"7"}],"native":[{"adID":"75","adOrder":"7"}],"banner":[{"adID":"56","adOrder":"7"}],"icon":{"enabled":"False","adID":"59","size":"2"}}],"appAdnetwork":[{"adID":"18","isAdavailable":"1"},{"adID":"56","isAdavailable":"1"},{"adID":"75","isAdavailable":"1"},{"adID":"26","isAdavailable":"1"},{"adID":"59","isAdavailable":"1"}]}: http://52.13.174.6/sheeda/admin/json/syncAppAPI failed as it is not correct json response in content type 42{"message":"HTTP Error 401 - Unauthorized: Access is denied due to invalid credentials."}
****************** http://52.13.174.6/sheeda/admin/json/syncApp
****************** http://52.13.174.6/sheeda/admin/json/syncApp
{"package":"com.playink.staticInterstitial","title":"Static split interstitial","gssdkVersion":"v6.3.1","sdkVersionID":"2194","sdkVersion":"2194","userSignature":"a31265023c3eb8a0e11a55e1b57f3b30","appVersionCode":"2","appVersionName":"2.2","totalSequences":"1","adsQueueType":"priority","gpRateUsURL":"","isHideAds":"0","childDirected":"1","mediationLog":"0","store":"42","sequences":[{"seqTitleID":"24","isFirstSkip":"False","failOverAdID":"19"," isFirstSkipRewardedVideo":"False"," bannerEnabled":"False","bannerPosition":"5","failOverAdIDBanner":"57","failOverAdIDNative":"78","failOverAdIDRewardedVideo":"32","nativeEnabled":"False","nativeWidth":"290","nativeHeight":"290","interstitialAndVideo":[{"adID":"19","adOrder":"9"}],"rewardedVideo":[{"adID":"32","adOrder":"9"}],"native":[{"adID":"78","adOrder":"9"}],"banner":[{"adID":"57","adOrder":"9"}],"icon":{"enabled":"False","adID":"59","size":"2"}}],"appAdnetwork":[{"adID":"19","isAdavailable":"1"},{"adID":"57","isAdavailable":"1"},{"adID":"78","isAdavailable":"1"},{"adID":"32","isAdavailable":"1"},{"adID":"59","isAdavailable":"1"}]}: Status code forbidden, internet connectivity not availablehttp://52.13.174.6/sheeda/admin/json/syncApp please check your internet connection 43
{"package":"com.playink.staticInterstitial","title":"Static split interstitial","gssdkVersion":"v6.3.1","sdkVersionID":"2194","sdkVersion":"2194","userSignature":"a31265023c3eb8a0e11a55e1b57f3b30","appVersionCode":"2","appVersionName":"2.2","totalSequences":"1","adsQueueType":"priority","gpRateUsURL":"","isHideAds":"0","childDirected":"1","mediationLog":"0","store":"42","sequences":[{"seqTitleID":"24","isFirstSkip":"False","failOverAdID":"19"," isFirstSkipRewardedVideo":"False"," bannerEnabled":"False","bannerPosition":"5","failOverAdIDBanner":"57","failOverAdIDNative":"78","failOverAdIDRewardedVideo":"32","nativeEnabled":"False","nativeWidth":"290","nativeHeight":"290","interstitialAndVideo":[{"adID":"19","adOrder":"9"}],"rewardedVideo":[{"adID":"32","adOrder":"9"}],"native":[{"adID":"78","adOrder":"9"}],"banner":[{"adID":"57","adOrder":"9"}],"icon":{"enabled":"False","adID":"59","size":"2"}}],"appAdnetwork":[{"adID":"19","isAdavailable":"1"},{"adID":"57","isAdavailable":"1"},{"adID":"78","isAdavailable":"1"},{"adID":"32","isAdavailable":"1"},{"adID":"59","isAdavailable":"1"}]}: Status code not OK,http://52.13.174.6/sheeda/admin/json/syncApp API has failed at 43 Forbidden{"message":"HTTP Error 401 - Unauthorized: Access is denied due to invalid credentials."}
{"package":"com.playink.staticInterstitial","title":"Static split interstitial","gssdkVersion":"v6.3.1","sdkVersionID":"2194","sdkVersion":"2194","userSignature":"a31265023c3eb8a0e11a55e1b57f3b30","appVersionCode":"2","appVersionName":"2.2","totalSequences":"1","adsQueueType":"priority","gpRateUsURL":"","isHideAds":"0","childDirected":"1","mediationLog":"0","store":"42","sequences":[{"seqTitleID":"24","isFirstSkip":"False","failOverAdID":"19"," isFirstSkipRewardedVideo":"False"," bannerEnabled":"False","bannerPosition":"5","failOverAdIDBanner":"57","failOverAdIDNative":"78","failOverAdIDRewardedVideo":"32","nativeEnabled":"False","nativeWidth":"290","nativeHeight":"290","interstitialAndVideo":[{"adID":"19","adOrder":"9"}],"rewardedVideo":[{"adID":"32","adOrder":"9"}],"native":[{"adID":"78","adOrder":"9"}],"banner":[{"adID":"57","adOrder":"9"}],"icon":{"enabled":"False","adID":"59","size":"2"}}],"appAdnetwork":[{"adID":"19","isAdavailable":"1"},{"adID":"57","isAdavailable":"1"},{"adID":"78","isAdavailable":"1"},{"adID":"32","isAdavailable":"1"},{"adID":"59","isAdavailable":"1"}]}: http://52.13.174.6/sheeda/admin/json/syncAppAPI failed as it is not correct json response in content type 43{"message":"HTTP Error 401 - Unauthorized: Access is denied due to invalid credentials."}
****************** http://52.13.174.6/sheeda/admin/json/syncApp
****************** http://52.13.174.6/sheeda/admin/json/syncApp
{"package":"com.deg.multi.level.storey.smart.car.parking.plaza.driving.games","title":"Multi Level Car Parking","gssdkVersion":"v6.4.1","sdkVersionID":"2199","sdkVersion":"2199","userSignature":"a31265023c3eb8a0e11a55e1b57f3b30","appVersionCode":"","appVersionName":"","totalSequences":"1","adsQueueType":"priority","gpRateUsURL":"","isHideAds":"0","childDirected":"1","mediationLog":"0","store":"41","sequences":[{"seqTitleID":"3","isFirstSkip":"False","failOverAdID":"29"," isFirstSkipRewardedVideo":"False"," bannerEnabled":"False","bannerPosition":"1","failOverAdIDBanner":"68","failOverAdIDNative":"79","failOverAdIDRewardedVideo":"34","nativeEnabled":"False","nativeWidth":"120","nativeHeight":"120","interstitialAndVideo":[{"adID":"29","adOrder":"1"}],"rewardedVideo":[{"adID":"34","adOrder":"1"}],"native":[{"adID":"79","adOrder":"1"}],"banner":[{"adID":"68","adOrder":"1"}],"icon":{"enabled":"False","adID":"59","size":"1"}}],"appAdnetwork":[{"adID":"29","isAdavailable":"1"},{"adID":"68","isAdavailable":"1"},{"adID":"79","isAdavailable":"1"},{"adID":"34","isAdavailable":"1"},{"adID":"59","isAdavailable":"1"}]}: Status code forbidden, internet connectivity not availablehttp://52.13.174.6/sheeda/admin/json/syncApp please check your internet connection 44
{"package":"com.deg.multi.level.storey.smart.car.parking.plaza.driving.games","title":"Multi Level Car Parking","gssdkVersion":"v6.4.1","sdkVersionID":"2199","sdkVersion":"2199","userSignature":"a31265023c3eb8a0e11a55e1b57f3b30","appVersionCode":"","appVersionName":"","totalSequences":"1","adsQueueType":"priority","gpRateUsURL":"","isHideAds":"0","childDirected":"1","mediationLog":"0","store":"41","sequences":[{"seqTitleID":"3","isFirstSkip":"False","failOverAdID":"29"," isFirstSkipRewardedVideo":"False"," bannerEnabled":"False","bannerPosition":"1","failOverAdIDBanner":"68","failOverAdIDNative":"79","failOverAdIDRewardedVideo":"34","nativeEnabled":"False","nativeWidth":"120","nativeHeight":"120","interstitialAndVideo":[{"adID":"29","adOrder":"1"}],"rewardedVideo":[{"adID":"34","adOrder":"1"}],"native":[{"adID":"79","adOrder":"1"}],"banner":[{"adID":"68","adOrder":"1"}],"icon":{"enabled":"False","adID":"59","size":"1"}}],"appAdnetwork":[{"adID":"29","isAdavailable":"1"},{"adID":"68","isAdavailable":"1"},{"adID":"79","isAdavailable":"1"},{"adID":"34","isAdavailable":"1"},{"adID":"59","isAdavailable":"1"}]}: Status code not OK,http://52.13.174.6/sheeda/admin/json/syncApp API has failed at 44 Forbidden{"message":"HTTP Error 401 - Unauthorized: Access is denied due to invalid credentials."}
{"package":"com.deg.multi.level.storey.smart.car.parking.plaza.driving.games","title":"Multi Level Car Parking","gssdkVersion":"v6.4.1","sdkVersionID":"2199","sdkVersion":"2199","userSignature":"a31265023c3eb8a0e11a55e1b57f3b30","appVersionCode":"","appVersionName":"","totalSequences":"1","adsQueueType":"priority","gpRateUsURL":"","isHideAds":"0","childDirected":"1","mediationLog":"0","store":"41","sequences":[{"seqTitleID":"3","isFirstSkip":"False","failOverAdID":"29"," isFirstSkipRewardedVideo":"False"," bannerEnabled":"False","bannerPosition":"1","failOverAdIDBanner":"68","failOverAdIDNative":"79","failOverAdIDRewardedVideo":"34","nativeEnabled":"False","nativeWidth":"120","nativeHeight":"120","interstitialAndVideo":[{"adID":"29","adOrder":"1"}],"rewardedVideo":[{"adID":"34","adOrder":"1"}],"native":[{"adID":"79","adOrder":"1"}],"banner":[{"adID":"68","adOrder":"1"}],"icon":{"enabled":"False","adID":"59","size":"1"}}],"appAdnetwork":[{"adID":"29","isAdavailable":"1"},{"adID":"68","isAdavailable":"1"},{"adID":"79","isAdavailable":"1"},{"adID":"34","isAdavailable":"1"},{"adID":"59","isAdavailable":"1"}]}: http://52.13.174.6/sheeda/admin/json/syncAppAPI failed as it is not correct json response in content type 44{"message":"HTTP Error 401 - Unauthorized: Access is denied due to invalid credentials."}
****************** http://52.13.174.6/sheeda/admin/json/syncApp
****************** http://52.13.174.6/sheeda/admin/json/syncApp
{"package":"com.threed.fps.gun.ops.battle.shooting.game","title":"FPS Gun Strike Ops Battle: Offline Shooting Game","gssdkVersion":"6.1.1","sdkVersionID":"2174","sdkVersion":"2174","userSignature":"a31265023c3eb8a0e11a55e1b57f3b30","appVersionCode":"","appVersionName":"","totalSequences":"1","adsQueueType":"priority","gpRateUsURL":"","isHideAds":"0","childDirected":"1","mediationLog":"0","store":"41","sequences":[{"seqTitleID":"3","isFirstSkip":"False","failOverAdID":"0"," isFirstSkipRewardedVideo":"False"," bannerEnabled":"False","bannerPosition":"1","failOverAdIDBanner":"28","failOverAdIDNative":"27","failOverAdIDRewardedVideo":"4","nativeEnabled":"False","nativeWidth":"120","nativeHeight":"120","interstitialAndVideo":[{"adID":"0","adOrder":"1"}],"rewardedVideo":[{"adID":"4","adOrder":"1"}],"native":[{"adID":"27","adOrder":"1"}],"banner":[{"adID":"28","adOrder":"1"}],"icon":{"enabled":"False","adID":"59","size":"1"}}],"appAdnetwork":[{"adID":"0","isAdavailable":"1"},{"adID":"28","isAdavailable":"1"},{"adID":"27","isAdavailable":"1"},{"adID":"4","isAdavailable":"1"},{"adID":"59","isAdavailable":"1"}]}: Status code forbidden, internet connectivity not availablehttp://52.13.174.6/sheeda/admin/json/syncApp please check your internet connection 45
{"package":"com.threed.fps.gun.ops.battle.shooting.game","title":"FPS Gun Strike Ops Battle: Offline Shooting Game","gssdkVersion":"6.1.1","sdkVersionID":"2174","sdkVersion":"2174","userSignature":"a31265023c3eb8a0e11a55e1b57f3b30","appVersionCode":"","appVersionName":"","totalSequences":"1","adsQueueType":"priority","gpRateUsURL":"","isHideAds":"0","childDirected":"1","mediationLog":"0","store":"41","sequences":[{"seqTitleID":"3","isFirstSkip":"False","failOverAdID":"0"," isFirstSkipRewardedVideo":"False"," bannerEnabled":"False","bannerPosition":"1","failOverAdIDBanner":"28","failOverAdIDNative":"27","failOverAdIDRewardedVideo":"4","nativeEnabled":"False","nativeWidth":"120","nativeHeight":"120","interstitialAndVideo":[{"adID":"0","adOrder":"1"}],"rewardedVideo":[{"adID":"4","adOrder":"1"}],"native":[{"adID":"27","adOrder":"1"}],"banner":[{"adID":"28","adOrder":"1"}],"icon":{"enabled":"False","adID":"59","size":"1"}}],"appAdnetwork":[{"adID":"0","isAdavailable":"1"},{"adID":"28","isAdavailable":"1"},{"adID":"27","isAdavailable":"1"},{"adID":"4","isAdavailable":"1"},{"adID":"59","isAdavailable":"1"}]}: Status code not OK,http://52.13.174.6/sheeda/admin/json/syncApp API has failed at 45 Forbidden{"message":"HTTP Error 401 - Unauthorized: Access is denied due to invalid credentials."}
{"package":"com.threed.fps.gun.ops.battle.shooting.game","title":"FPS Gun Strike Ops Battle: Offline Shooting Game","gssdkVersion":"6.1.1","sdkVersionID":"2174","sdkVersion":"2174","userSignature":"a31265023c3eb8a0e11a55e1b57f3b30","appVersionCode":"","appVersionName":"","totalSequences":"1","adsQueueType":"priority","gpRateUsURL":"","isHideAds":"0","childDirected":"1","mediationLog":"0","store":"41","sequences":[{"seqTitleID":"3","isFirstSkip":"False","failOverAdID":"0"," isFirstSkipRewardedVideo":"False"," bannerEnabled":"False","bannerPosition":"1","failOverAdIDBanner":"28","failOverAdIDNative":"27","failOverAdIDRewardedVideo":"4","nativeEnabled":"False","nativeWidth":"120","nativeHeight":"120","interstitialAndVideo":[{"adID":"0","adOrder":"1"}],"rewardedVideo":[{"adID":"4","adOrder":"1"}],"native":[{"adID":"27","adOrder":"1"}],"banner":[{"adID":"28","adOrder":"1"}],"icon":{"enabled":"False","adID":"59","size":"1"}}],"appAdnetwork":[{"adID":"0","isAdavailable":"1"},{"adID":"28","isAdavailable":"1"},{"adID":"27","isAdavailable":"1"},{"adID":"4","isAdavailable":"1"},{"adID":"59","isAdavailable":"1"}]}: http://52.13.174.6/sheeda/admin/json/syncAppAPI failed as it is not correct json response in content type 45{"message":"HTTP Error 401 - Unauthorized: Access is denied due to invalid credentials."}
****************** http://52.13.174.6/sheeda/admin/json/syncApp
****************** http://52.13.174.6/sheeda/admin/json/syncApp
{"package":"com.contextlogic.wis1","title":"STAPPAmazon3","gssdkVersion":"6.2.1","sdkVersionID":"2179","sdkVersion":"2179","userSignature":"a31265023c3eb8a0e11a55e1b57f3b30","appVersionCode":"","appVersionName":"","totalSequences":"1","adsQueueType":"priority","gpRateUsURL":"","isHideAds":"0","childDirected":"1","mediationLog":"0","store":"43","sequences":[{"seqTitleID":"10","isFirstSkip":"False","failOverAdID":"2"," isFirstSkipRewardedVideo":"False"," bannerEnabled":"False","bannerPosition":"2","failOverAdIDBanner":"42","failOverAdIDNative":"44","failOverAdIDRewardedVideo":"15","nativeEnabled":"False","nativeWidth":"176","nativeHeight":"176","interstitialAndVideo":[{"adID":"2","adOrder":"4"}],"rewardedVideo":[{"adID":"15","adOrder":"4"}],"native":[{"adID":"44","adOrder":"4"}],"banner":[{"adID":"42","adOrder":"4"}],"icon":{"enabled":"False","adID":"59","size":"1"}}],"appAdnetwork":[{"adID":"2","isAdavailable":"1"},{"adID":"42","isAdavailable":"1"},{"adID":"44","isAdavailable":"1"},{"adID":"15","isAdavailable":"1"},{"adID":"59","isAdavailable":"1"}]}: Status code forbidden, internet connectivity not availablehttp://52.13.174.6/sheeda/admin/json/syncApp please check your internet connection 46
{"package":"com.contextlogic.wis1","title":"STAPPAmazon3","gssdkVersion":"6.2.1","sdkVersionID":"2179","sdkVersion":"2179","userSignature":"a31265023c3eb8a0e11a55e1b57f3b30","appVersionCode":"","appVersionName":"","totalSequences":"1","adsQueueType":"priority","gpRateUsURL":"","isHideAds":"0","childDirected":"1","mediationLog":"0","store":"43","sequences":[{"seqTitleID":"10","isFirstSkip":"False","failOverAdID":"2"," isFirstSkipRewardedVideo":"False"," bannerEnabled":"False","bannerPosition":"2","failOverAdIDBanner":"42","failOverAdIDNative":"44","failOverAdIDRewardedVideo":"15","nativeEnabled":"False","nativeWidth":"176","nativeHeight":"176","interstitialAndVideo":[{"adID":"2","adOrder":"4"}],"rewardedVideo":[{"adID":"15","adOrder":"4"}],"native":[{"adID":"44","adOrder":"4"}],"banner":[{"adID":"42","adOrder":"4"}],"icon":{"enabled":"False","adID":"59","size":"1"}}],"appAdnetwork":[{"adID":"2","isAdavailable":"1"},{"adID":"42","isAdavailable":"1"},{"adID":"44","isAdavailable":"1"},{"adID":"15","isAdavailable":"1"},{"adID":"59","isAdavailable":"1"}]}: Status code not OK,http://52.13.174.6/sheeda/admin/json/syncApp API has failed at 46 Forbidden{"message":"HTTP Error 401 - Unauthorized: Access is denied due to invalid credentials."}
{"package":"com.contextlogic.wis1","title":"STAPPAmazon3","gssdkVersion":"6.2.1","sdkVersionID":"2179","sdkVersion":"2179","userSignature":"a31265023c3eb8a0e11a55e1b57f3b30","appVersionCode":"","appVersionName":"","totalSequences":"1","adsQueueType":"priority","gpRateUsURL":"","isHideAds":"0","childDirected":"1","mediationLog":"0","store":"43","sequences":[{"seqTitleID":"10","isFirstSkip":"False","failOverAdID":"2"," isFirstSkipRewardedVideo":"False"," bannerEnabled":"False","bannerPosition":"2","failOverAdIDBanner":"42","failOverAdIDNative":"44","failOverAdIDRewardedVideo":"15","nativeEnabled":"False","nativeWidth":"176","nativeHeight":"176","interstitialAndVideo":[{"adID":"2","adOrder":"4"}],"rewardedVideo":[{"adID":"15","adOrder":"4"}],"native":[{"adID":"44","adOrder":"4"}],"banner":[{"adID":"42","adOrder":"4"}],"icon":{"enabled":"False","adID":"59","size":"1"}}],"appAdnetwork":[{"adID":"2","isAdavailable":"1"},{"adID":"42","isAdavailable":"1"},{"adID":"44","isAdavailable":"1"},{"adID":"15","isAdavailable":"1"},{"adID":"59","isAdavailable":"1"}]}: http://52.13.174.6/sheeda/admin/json/syncAppAPI failed as it is not correct json response in content type 46{"message":"HTTP Error 401 - Unauthorized: Access is denied due to invalid credentials."}
****************** http://52.13.174.6/sheeda/admin/json/syncApp
****************** http://52.13.174.6/sheeda/admin/json/syncApp
{"package":"com.yhi.real.russian.submarine.ship.transport.simulator.driving.game","title":"Submarine Driving Simulator","gssdkVersion":"6.2.1","sdkVersionID":"2180","sdkVersion":"2180","userSignature":"a31265023c3eb8a0e11a55e1b57f3b30","appVersionCode":"","appVersionName":"","totalSequences":"1","adsQueueType":"priority","gpRateUsURL":"","isHideAds":"0","childDirected":"1","mediationLog":"0","store":"41","sequences":[{"seqTitleID":"21","isFirstSkip":"False","failOverAdID":"5"," isFirstSkipRewardedVideo":"False"," bannerEnabled":"False","bannerPosition":"5","failOverAdIDBanner":"43","failOverAdIDNative":"58","failOverAdIDRewardedVideo":"20","nativeEnabled":"False","nativeWidth":"264","nativeHeight":"264","interstitialAndVideo":[{"adID":"5","adOrder":"8"}],"rewardedVideo":[{"adID":"20","adOrder":"8"}],"native":[{"adID":"58","adOrder":"8"}],"banner":[{"adID":"43","adOrder":"8"}],"icon":{"enabled":"False","adID":"59","size":"2"}}],"appAdnetwork":[{"adID":"5","isAdavailable":"1"},{"adID":"43","isAdavailable":"1"},{"adID":"58","isAdavailable":"1"},{"adID":"20","isAdavailable":"1"},{"adID":"59","isAdavailable":"1"}]}: Status code forbidden, internet connectivity not availablehttp://52.13.174.6/sheeda/admin/json/syncApp please check your internet connection 47
{"package":"com.yhi.real.russian.submarine.ship.transport.simulator.driving.game","title":"Submarine Driving Simulator","gssdkVersion":"6.2.1","sdkVersionID":"2180","sdkVersion":"2180","userSignature":"a31265023c3eb8a0e11a55e1b57f3b30","appVersionCode":"","appVersionName":"","totalSequences":"1","adsQueueType":"priority","gpRateUsURL":"","isHideAds":"0","childDirected":"1","mediationLog":"0","store":"41","sequences":[{"seqTitleID":"21","isFirstSkip":"False","failOverAdID":"5"," isFirstSkipRewardedVideo":"False"," bannerEnabled":"False","bannerPosition":"5","failOverAdIDBanner":"43","failOverAdIDNative":"58","failOverAdIDRewardedVideo":"20","nativeEnabled":"False","nativeWidth":"264","nativeHeight":"264","interstitialAndVideo":[{"adID":"5","adOrder":"8"}],"rewardedVideo":[{"adID":"20","adOrder":"8"}],"native":[{"adID":"58","adOrder":"8"}],"banner":[{"adID":"43","adOrder":"8"}],"icon":{"enabled":"False","adID":"59","size":"2"}}],"appAdnetwork":[{"adID":"5","isAdavailable":"1"},{"adID":"43","isAdavailable":"1"},{"adID":"58","isAdavailable":"1"},{"adID":"20","isAdavailable":"1"},{"adID":"59","isAdavailable":"1"}]}: Status code not OK,http://52.13.174.6/sheeda/admin/json/syncApp API has failed at 47 Forbidden{"message":"HTTP Error 401 - Unauthorized: Access is denied due to invalid credentials."}
{"package":"com.yhi.real.russian.submarine.ship.transport.simulator.driving.game","title":"Submarine Driving Simulator","gssdkVersion":"6.2.1","sdkVersionID":"2180","sdkVersion":"2180","userSignature":"a31265023c3eb8a0e11a55e1b57f3b30","appVersionCode":"","appVersionName":"","totalSequences":"1","adsQueueType":"priority","gpRateUsURL":"","isHideAds":"0","childDirected":"1","mediationLog":"0","store":"41","sequences":[{"seqTitleID":"21","isFirstSkip":"False","failOverAdID":"5"," isFirstSkipRewardedVideo":"False"," bannerEnabled":"False","bannerPosition":"5","failOverAdIDBanner":"43","failOverAdIDNative":"58","failOverAdIDRewardedVideo":"20","nativeEnabled":"False","nativeWidth":"264","nativeHeight":"264","interstitialAndVideo":[{"adID":"5","adOrder":"8"}],"rewardedVideo":[{"adID":"20","adOrder":"8"}],"native":[{"adID":"58","adOrder":"8"}],"banner":[{"adID":"43","adOrder":"8"}],"icon":{"enabled":"False","adID":"59","size":"2"}}],"appAdnetwork":[{"adID":"5","isAdavailable":"1"},{"adID":"43","isAdavailable":"1"},{"adID":"58","isAdavailable":"1"},{"adID":"20","isAdavailable":"1"},{"adID":"59","isAdavailable":"1"}]}: http://52.13.174.6/sheeda/admin/json/syncAppAPI failed as it is not correct json response in content type 47{"message":"HTTP Error 401 - Unauthorized: Access is denied due to invalid credentials."}
****************** http://52.13.174.6/sheeda/admin/json/syncApp
****************** http://52.13.174.6/sheeda/admin/json/syncApp
{"package":"com.yhi.atv.quad.fastfood.big.pizza.delivery.game","title":"Police Training School Academy","gssdkVersion":"v6.2.1","sdkVersionID":"2181","sdkVersion":"2181","userSignature":"a31265023c3eb8a0e11a55e1b57f3b30","appVersionCode":"","appVersionName":"","totalSequences":"1","adsQueueType":"priority","gpRateUsURL":"","isHideAds":"0","childDirected":"1","mediationLog":"0","store":"41","sequences":[{"seqTitleID":"12","isFirstSkip":"False","failOverAdID":"7"," isFirstSkipRewardedVideo":"False"," bannerEnabled":"False","bannerPosition":"3","failOverAdIDBanner":"45","failOverAdIDNative":"63","failOverAdIDRewardedVideo":"21","nativeEnabled":"False","nativeWidth":"192","nativeHeight":"192","interstitialAndVideo":[{"adID":"7","adOrder":"5"}],"rewardedVideo":[{"adID":"21","adOrder":"5"}],"native":[{"adID":"63","adOrder":"5"}],"banner":[{"adID":"45","adOrder":"5"}],"icon":{"enabled":"False","adID":"59","size":"1"}}],"appAdnetwork":[{"adID":"7","isAdavailable":"1"},{"adID":"45","isAdavailable":"1"},{"adID":"63","isAdavailable":"1"},{"adID":"21","isAdavailable":"1"},{"adID":"59","isAdavailable":"1"}]}: Status code forbidden, internet connectivity not availablehttp://52.13.174.6/sheeda/admin/json/syncApp please check your internet connection 48
{"package":"com.yhi.atv.quad.fastfood.big.pizza.delivery.game","title":"Police Training School Academy","gssdkVersion":"v6.2.1","sdkVersionID":"2181","sdkVersion":"2181","userSignature":"a31265023c3eb8a0e11a55e1b57f3b30","appVersionCode":"","appVersionName":"","totalSequences":"1","adsQueueType":"priority","gpRateUsURL":"","isHideAds":"0","childDirected":"1","mediationLog":"0","store":"41","sequences":[{"seqTitleID":"12","isFirstSkip":"False","failOverAdID":"7"," isFirstSkipRewardedVideo":"False"," bannerEnabled":"False","bannerPosition":"3","failOverAdIDBanner":"45","failOverAdIDNative":"63","failOverAdIDRewardedVideo":"21","nativeEnabled":"False","nativeWidth":"192","nativeHeight":"192","interstitialAndVideo":[{"adID":"7","adOrder":"5"}],"rewardedVideo":[{"adID":"21","adOrder":"5"}],"native":[{"adID":"63","adOrder":"5"}],"banner":[{"adID":"45","adOrder":"5"}],"icon":{"enabled":"False","adID":"59","size":"1"}}],"appAdnetwork":[{"adID":"7","isAdavailable":"1"},{"adID":"45","isAdavailable":"1"},{"adID":"63","isAdavailable":"1"},{"adID":"21","isAdavailable":"1"},{"adID":"59","isAdavailable":"1"}]}: Status code not OK,http://52.13.174.6/sheeda/admin/json/syncApp API has failed at 48 Forbidden{"message":"HTTP Error 401 - Unauthorized: Access is denied due to invalid credentials."}
{"package":"com.yhi.atv.quad.fastfood.big.pizza.delivery.game","title":"Police Training School Academy","gssdkVersion":"v6.2.1","sdkVersionID":"2181","sdkVersion":"2181","userSignature":"a31265023c3eb8a0e11a55e1b57f3b30","appVersionCode":"","appVersionName":"","totalSequences":"1","adsQueueType":"priority","gpRateUsURL":"","isHideAds":"0","childDirected":"1","mediationLog":"0","store":"41","sequences":[{"seqTitleID":"12","isFirstSkip":"False","failOverAdID":"7"," isFirstSkipRewardedVideo":"False"," bannerEnabled":"False","bannerPosition":"3","failOverAdIDBanner":"45","failOverAdIDNative":"63","failOverAdIDRewardedVideo":"21","nativeEnabled":"False","nativeWidth":"192","nativeHeight":"192","interstitialAndVideo":[{"adID":"7","adOrder":"5"}],"rewardedVideo":[{"adID":"21","adOrder":"5"}],"native":[{"adID":"63","adOrder":"5"}],"banner":[{"adID":"45","adOrder":"5"}],"icon":{"enabled":"False","adID":"59","size":"1"}}],"appAdnetwork":[{"adID":"7","isAdavailable":"1"},{"adID":"45","isAdavailable":"1"},{"adID":"63","isAdavailable":"1"},{"adID":"21","isAdavailable":"1"},{"adID":"59","isAdavailable":"1"}]}: http://52.13.174.6/sheeda/admin/json/syncAppAPI failed as it is not correct json response in content type 48{"message":"HTTP Error 401 - Unauthorized: Access is denied due to invalid credentials."}
****************** http://52.13.174.6/sheeda/admin/json/syncApp
****************** http://52.13.174.6/sheeda/admin/json/syncApp
{"package":"com.contextlogic.home","title":"Home - Design &amp; Décor Shopping","gssdkVersion":"v6.2.1","sdkVersionID":"2182","sdkVersion":"2182","userSignature":"a31265023c3eb8a0e11a55e1b57f3b30","appVersionCode":"","appVersionName":"","totalSequences":"1","adsQueueType":"priority","gpRateUsURL":"","isHideAds":"0","childDirected":"1","mediationLog":"0","store":"41","sequences":[{"seqTitleID":"12","isFirstSkip":"False","failOverAdID":"8"," isFirstSkipRewardedVideo":"False"," bannerEnabled":"False","bannerPosition":"3","failOverAdIDBanner":"49","failOverAdIDNative":"69","failOverAdIDRewardedVideo":"24","nativeEnabled":"False","nativeWidth":"191","nativeHeight":"191","interstitialAndVideo":[{"adID":"8","adOrder":"5"}],"rewardedVideo":[{"adID":"24","adOrder":"5"}],"native":[{"adID":"69","adOrder":"5"}],"banner":[{"adID":"49","adOrder":"5"}],"icon":{"enabled":"False","adID":"59","size":"1"}}],"appAdnetwork":[{"adID":"8","isAdavailable":"1"},{"adID":"49","isAdavailable":"1"},{"adID":"69","isAdavailable":"1"},{"adID":"24","isAdavailable":"1"},{"adID":"59","isAdavailable":"1"}]}: Status code forbidden, internet connectivity not availablehttp://52.13.174.6/sheeda/admin/json/syncApp please check your internet connection 49
{"package":"com.contextlogic.home","title":"Home - Design &amp; Décor Shopping","gssdkVersion":"v6.2.1","sdkVersionID":"2182","sdkVersion":"2182","userSignature":"a31265023c3eb8a0e11a55e1b57f3b30","appVersionCode":"","appVersionName":"","totalSequences":"1","adsQueueType":"priority","gpRateUsURL":"","isHideAds":"0","childDirected":"1","mediationLog":"0","store":"41","sequences":[{"seqTitleID":"12","isFirstSkip":"False","failOverAdID":"8"," isFirstSkipRewardedVideo":"False"," bannerEnabled":"False","bannerPosition":"3","failOverAdIDBanner":"49","failOverAdIDNative":"69","failOverAdIDRewardedVideo":"24","nativeEnabled":"False","nativeWidth":"191","nativeHeight":"191","interstitialAndVideo":[{"adID":"8","adOrder":"5"}],"rewardedVideo":[{"adID":"24","adOrder":"5"}],"native":[{"adID":"69","adOrder":"5"}],"banner":[{"adID":"49","adOrder":"5"}],"icon":{"enabled":"False","adID":"59","size":"1"}}],"appAdnetwork":[{"adID":"8","isAdavailable":"1"},{"adID":"49","isAdavailable":"1"},{"adID":"69","isAdavailable":"1"},{"adID":"24","isAdavailable":"1"},{"adID":"59","isAdavailable":"1"}]}: Status code not OK,http://52.13.174.6/sheeda/admin/json/syncApp API has failed at 49 Forbidden{"message":"HTTP Error 401 - Unauthorized: Access is denied due to invalid credentials."}
{"package":"com.contextlogic.home","title":"Home - Design &amp; Décor Shopping","gssdkVersion":"v6.2.1","sdkVersionID":"2182","sdkVersion":"2182","userSignature":"a31265023c3eb8a0e11a55e1b57f3b30","appVersionCode":"","appVersionName":"","totalSequences":"1","adsQueueType":"priority","gpRateUsURL":"","isHideAds":"0","childDirected":"1","mediationLog":"0","store":"41","sequences":[{"seqTitleID":"12","isFirstSkip":"False","failOverAdID":"8"," isFirstSkipRewardedVideo":"False"," bannerEnabled":"False","bannerPosition":"3","failOverAdIDBanner":"49","failOverAdIDNative":"69","failOverAdIDRewardedVideo":"24","nativeEnabled":"False","nativeWidth":"191","nativeHeight":"191","interstitialAndVideo":[{"adID":"8","adOrder":"5"}],"rewardedVideo":[{"adID":"24","adOrder":"5"}],"native":[{"adID":"69","adOrder":"5"}],"banner":[{"adID":"49","adOrder":"5"}],"icon":{"enabled":"False","adID":"59","size":"1"}}],"appAdnetwork":[{"adID":"8","isAdavailable":"1"},{"adID":"49","isAdavailable":"1"},{"adID":"69","isAdavailable":"1"},{"adID":"24","isAdavailable":"1"},{"adID":"59","isAdavailable":"1"}]}: http://52.13.174.6/sheeda/admin/json/syncAppAPI failed as it is not correct json response in content type 49{"message":"HTTP Error 401 - Unauthorized: Access is denied due to invalid credentials."}
</DebugTrace>
      </Output>
    </UnitTestResult>
    <UnitTestResult executionId="d2822ea3-5f36-4169-a7ef-be60ec38ff4f" testId="4d0749f1-2acf-bf6d-9151-b617319ecfaf" testName="F_SyncUserDeviceMainMethodCodeGenerator" computerName="DESKTOP-5AJ0SB3" duration="00:01:27.2852333" startTime="2020-12-31T12:23:46.4378407+05:00" endTime="2020-12-31T12:25:13.7309722+05:00" testType="13cdc9d9-ddb5-4fa4-a97d-d965ccfc6d4b" outcome="Passed" testListId="8c84fa94-04c1-424b-9868-57a2d4851a1d" relativeResultsDirectory="d2822ea3-5f36-4169-a7ef-be60ec38ff4f">
      <Output>
        <DebugTrace>****************** http://52.13.174.6/sheeda/admin/analytics/syncUserDevice
****************** SELECT apps.package, apps.appID, apps.osID, apps.companyID, apps.sdkID, sdk_info.ver, apps.appVersionCode, apps.appVersionName FROM apps INNER JOIN sdk_info ON apps.sdkID = sdk_info.sdkID WHERE apps.sdkID &gt; 20 LIMIT 50
****************** 
****************** select adID from ads where ad_type != 'analytics';
****************** 
****************** http://52.13.174.6/sheeda/admin/analytics/syncUserDevice
Status code forbidden, internet connectivity not availablehttp://52.13.174.6/sheeda/admin/analytics/syncUserDevice please check your internet connection 0
{"package":"com.socialink.jungle.warrior","appVersionCode":"","appVersionName":"","nativeApp":"0","store":"41","uniqueDeviceID":"2606","appID":"","deviceID":"","region":"","adsQueueEventStats ":[{"adID":"0","sceneID":"7"," request":"261"," impression":"261"," click":"261"}],"gssdkVersion":"1.0.0","sdkVersionID":"2001","sdkVersion":"2001","devMode":"0"}: Status code not OK,http://52.13.174.6/sheeda/admin/analytics/syncUserDevice API has failed at 0 Forbidden{"message":"HTTP Error 401 - Unauthorized: Access is denied due to invalid credentials."}
{"package":"com.socialink.jungle.warrior","appVersionCode":"","appVersionName":"","nativeApp":"0","store":"41","uniqueDeviceID":"2606","appID":"","deviceID":"","region":"","adsQueueEventStats ":[{"adID":"0","sceneID":"7"," request":"261"," impression":"261"," click":"261"}],"gssdkVersion":"1.0.0","sdkVersionID":"2001","sdkVersion":"2001","devMode":"0"}: http://52.13.174.6/sheeda/admin/analytics/syncUserDeviceAPI failed as it is not correct json response in content type 0{"message":"HTTP Error 401 - Unauthorized: Access is denied due to invalid credentials."}
{"package":"com.socialink.jungle.warrior","appVersionCode":"","appVersionName":"","nativeApp":"0","store":"41","uniqueDeviceID":"2606","appID":"","deviceID":"","region":"","adsQueueEventStats ":[{"adID":"0","sceneID":"7"," request":"261"," impression":"261"," click":"261"}],"gssdkVersion":"1.0.0","sdkVersionID":"2001","sdkVersion":"2001","devMode":"0"}: message value is other then completed,http://52.13.174.6/sheeda/admin/analytics/syncUserDeviceapi is failed
****************** http://52.13.174.6/sheeda/admin/analytics/syncUserDevice
{"package":"com.whitesand.farm.water.supply","appVersionCode":"","appVersionName":"","nativeApp":"0","store":"41","uniqueDeviceID":"4841","appID":"","deviceID":"","region":"","adsQueueEventStats ":[{"adID":"1","sceneID":"13"," request":"484"," impression":"484"," click":"484"}],"gssdkVersion":"2.0.3","sdkVersionID":"21","sdkVersion":"21","devMode":"0"}: http://52.13.174.6/sheeda/admin/analytics/syncUserDeviceAPI failed as it is not correct json response in content type 1No suitable servers found (`serverSelectionTryOnce` set): [connection closed calling ismaster on '127.0.0.1:27017']
****************** http://52.13.174.6/sheeda/admin/analytics/syncUserDevice
Status code forbidden, internet connectivity not availablehttp://52.13.174.6/sheeda/admin/analytics/syncUserDevice please check your internet connection 2
{"package":"com.gamerzstudio.airplane.simulator","appVersionCode":"","appVersionName":"","nativeApp":"0","store":"41","uniqueDeviceID":"5365","appID":"","deviceID":"","region":"","adsQueueEventStats ":[{"adID":"2","sceneID":"14"," request":"536"," impression":"536"," click":"536"}],"gssdkVersion":"3.2.2","sdkVersionID":"39","sdkVersion":"39","devMode":"0"}: Status code not OK,http://52.13.174.6/sheeda/admin/analytics/syncUserDevice API has failed at 2 Forbidden{"message":"HTTP Error 401 - Unauthorized: Access is denied due to invalid credentials."}
{"package":"com.gamerzstudio.airplane.simulator","appVersionCode":"","appVersionName":"","nativeApp":"0","store":"41","uniqueDeviceID":"5365","appID":"","deviceID":"","region":"","adsQueueEventStats ":[{"adID":"2","sceneID":"14"," request":"536"," impression":"536"," click":"536"}],"gssdkVersion":"3.2.2","sdkVersionID":"39","sdkVersion":"39","devMode":"0"}: http://52.13.174.6/sheeda/admin/analytics/syncUserDeviceAPI failed as it is not correct json response in content type 2{"message":"HTTP Error 401 - Unauthorized: Access is denied due to invalid credentials."}
{"package":"com.gamerzstudio.airplane.simulator","appVersionCode":"","appVersionName":"","nativeApp":"0","store":"41","uniqueDeviceID":"5365","appID":"","deviceID":"","region":"","adsQueueEventStats ":[{"adID":"2","sceneID":"14"," request":"536"," impression":"536"," click":"536"}],"gssdkVersion":"3.2.2","sdkVersionID":"39","sdkVersion":"39","devMode":"0"}: message value is other then completed,http://52.13.174.6/sheeda/admin/analytics/syncUserDeviceapi is failed
****************** http://52.13.174.6/sheeda/admin/analytics/syncUserDevice
Status code forbidden, internet connectivity not availablehttp://52.13.174.6/sheeda/admin/analytics/syncUserDevice please check your internet connection 3
{"package":"com.gamerzstudio.airplane.simulator","appVersionCode":"","appVersionName":"","nativeApp":"0","store":"42","uniqueDeviceID":"3697","appID":"","deviceID":"","region":"","adsQueueEventStats ":[{"adID":"3","sceneID":"10"," request":"370"," impression":"370"," click":"370"}],"gssdkVersion":"3.2.2","sdkVersionID":"39","sdkVersion":"39","devMode":"0"}: Status code not OK,http://52.13.174.6/sheeda/admin/analytics/syncUserDevice API has failed at 3 Forbidden{"message":"HTTP Error 401 - Unauthorized: Access is denied due to invalid credentials."}
{"package":"com.gamerzstudio.airplane.simulator","appVersionCode":"","appVersionName":"","nativeApp":"0","store":"42","uniqueDeviceID":"3697","appID":"","deviceID":"","region":"","adsQueueEventStats ":[{"adID":"3","sceneID":"10"," request":"370"," impression":"370"," click":"370"}],"gssdkVersion":"3.2.2","sdkVersionID":"39","sdkVersion":"39","devMode":"0"}: http://52.13.174.6/sheeda/admin/analytics/syncUserDeviceAPI failed as it is not correct json response in content type 3{"message":"HTTP Error 401 - Unauthorized: Access is denied due to invalid credentials."}
{"package":"com.gamerzstudio.airplane.simulator","appVersionCode":"","appVersionName":"","nativeApp":"0","store":"42","uniqueDeviceID":"3697","appID":"","deviceID":"","region":"","adsQueueEventStats ":[{"adID":"3","sceneID":"10"," request":"370"," impression":"370"," click":"370"}],"gssdkVersion":"3.2.2","sdkVersionID":"39","sdkVersion":"39","devMode":"0"}: message value is other then completed,http://52.13.174.6/sheeda/admin/analytics/syncUserDeviceapi is failed
****************** http://52.13.174.6/sheeda/admin/analytics/syncUserDevice
Status code forbidden, internet connectivity not availablehttp://52.13.174.6/sheeda/admin/analytics/syncUserDevice please check your internet connection 4
{"package":"com.rgs.sand.excavator.truck.simulator","appVersionCode":"","appVersionName":"","nativeApp":"0","store":"41","uniqueDeviceID":"3980","appID":"","deviceID":"","region":"","adsQueueEventStats ":[{"adID":"4","sceneID":"10"," request":"398"," impression":"398"," click":"398"}],"gssdkVersion":"3.2.2","sdkVersionID":"39","sdkVersion":"39","devMode":"0"}: Status code not OK,http://52.13.174.6/sheeda/admin/analytics/syncUserDevice API has failed at 4 Forbidden{"message":"HTTP Error 401 - Unauthorized: Access is denied due to invalid credentials."}
{"package":"com.rgs.sand.excavator.truck.simulator","appVersionCode":"","appVersionName":"","nativeApp":"0","store":"41","uniqueDeviceID":"3980","appID":"","deviceID":"","region":"","adsQueueEventStats ":[{"adID":"4","sceneID":"10"," request":"398"," impression":"398"," click":"398"}],"gssdkVersion":"3.2.2","sdkVersionID":"39","sdkVersion":"39","devMode":"0"}: http://52.13.174.6/sheeda/admin/analytics/syncUserDeviceAPI failed as it is not correct json response in content type 4{"message":"HTTP Error 401 - Unauthorized: Access is denied due to invalid credentials."}
{"package":"com.rgs.sand.excavator.truck.simulator","appVersionCode":"","appVersionName":"","nativeApp":"0","store":"41","uniqueDeviceID":"3980","appID":"","deviceID":"","region":"","adsQueueEventStats ":[{"adID":"4","sceneID":"10"," request":"398"," impression":"398"," click":"398"}],"gssdkVersion":"3.2.2","sdkVersionID":"39","sdkVersion":"39","devMode":"0"}: message value is other then completed,http://52.13.174.6/sheeda/admin/analytics/syncUserDeviceapi is failed
****************** http://52.13.174.6/sheeda/admin/analytics/syncUserDevice
Status code forbidden, internet connectivity not availablehttp://52.13.174.6/sheeda/admin/analytics/syncUserDevice please check your internet connection 5
{"package":"com.gamerzstudio.city.construction.crane.operator","appVersionCode":"","appVersionName":"","nativeApp":"0","store":"41","uniqueDeviceID":"5899","appID":"","deviceID":"","region":"","adsQueueEventStats ":[{"adID":"5","sceneID":"15"," request":"590"," impression":"590"," click":"590"}],"gssdkVersion":"3.2.2","sdkVersionID":"39","sdkVersion":"39","devMode":"0"}: Status code not OK,http://52.13.174.6/sheeda/admin/analytics/syncUserDevice API has failed at 5 Forbidden{"message":"HTTP Error 401 - Unauthorized: Access is denied due to invalid credentials."}
{"package":"com.gamerzstudio.city.construction.crane.operator","appVersionCode":"","appVersionName":"","nativeApp":"0","store":"41","uniqueDeviceID":"5899","appID":"","deviceID":"","region":"","adsQueueEventStats ":[{"adID":"5","sceneID":"15"," request":"590"," impression":"590"," click":"590"}],"gssdkVersion":"3.2.2","sdkVersionID":"39","sdkVersion":"39","devMode":"0"}: http://52.13.174.6/sheeda/admin/analytics/syncUserDeviceAPI failed as it is not correct json response in content type 5{"message":"HTTP Error 401 - Unauthorized: Access is denied due to invalid credentials."}
{"package":"com.gamerzstudio.city.construction.crane.operator","appVersionCode":"","appVersionName":"","nativeApp":"0","store":"41","uniqueDeviceID":"5899","appID":"","deviceID":"","region":"","adsQueueEventStats ":[{"adID":"5","sceneID":"15"," request":"590"," impression":"590"," click":"590"}],"gssdkVersion":"3.2.2","sdkVersionID":"39","sdkVersion":"39","devMode":"0"}: message value is other then completed,http://52.13.174.6/sheeda/admin/analytics/syncUserDeviceapi is failed
****************** http://52.13.174.6/sheeda/admin/analytics/syncUserDevice
Status code forbidden, internet connectivity not availablehttp://52.13.174.6/sheeda/admin/analytics/syncUserDevice please check your internet connection 6
{"package":"com.amazing.gamez.airplane.car.transporter.pilot","appVersionCode":"","appVersionName":"","nativeApp":"0","store":"41","uniqueDeviceID":"5867","appID":"","deviceID":"","region":"","adsQueueEventStats ":[{"adID":"6","sceneID":"15"," request":"587"," impression":"587"," click":"587"}],"gssdkVersion":"3.2.2","sdkVersionID":"39","sdkVersion":"39","devMode":"0"}: Status code not OK,http://52.13.174.6/sheeda/admin/analytics/syncUserDevice API has failed at 6 Forbidden{"message":"HTTP Error 401 - Unauthorized: Access is denied due to invalid credentials."}
{"package":"com.amazing.gamez.airplane.car.transporter.pilot","appVersionCode":"","appVersionName":"","nativeApp":"0","store":"41","uniqueDeviceID":"5867","appID":"","deviceID":"","region":"","adsQueueEventStats ":[{"adID":"6","sceneID":"15"," request":"587"," impression":"587"," click":"587"}],"gssdkVersion":"3.2.2","sdkVersionID":"39","sdkVersion":"39","devMode":"0"}: http://52.13.174.6/sheeda/admin/analytics/syncUserDeviceAPI failed as it is not correct json response in content type 6{"message":"HTTP Error 401 - Unauthorized: Access is denied due to invalid credentials."}
{"package":"com.amazing.gamez.airplane.car.transporter.pilot","appVersionCode":"","appVersionName":"","nativeApp":"0","store":"41","uniqueDeviceID":"5867","appID":"","deviceID":"","region":"","adsQueueEventStats ":[{"adID":"6","sceneID":"15"," request":"587"," impression":"587"," click":"587"}],"gssdkVersion":"3.2.2","sdkVersionID":"39","sdkVersion":"39","devMode":"0"}: message value is other then completed,http://52.13.174.6/sheeda/admin/analytics/syncUserDeviceapi is failed
****************** http://52.13.174.6/sheeda/admin/analytics/syncUserDevice
Status code forbidden, internet connectivity not availablehttp://52.13.174.6/sheeda/admin/analytics/syncUserDevice please check your internet connection 7
{"package":"com.amazing.gamez.airplane.car.transporter.pilot","appVersionCode":"","appVersionName":"","nativeApp":"0","store":"43","uniqueDeviceID":"5835","appID":"","deviceID":"","region":"","adsQueueEventStats ":[{"adID":"7","sceneID":"15"," request":"583"," impression":"583"," click":"583"}],"gssdkVersion":"3.2.2","sdkVersionID":"39","sdkVersion":"39","devMode":"0"}: Status code not OK,http://52.13.174.6/sheeda/admin/analytics/syncUserDevice API has failed at 7 Forbidden{"message":"HTTP Error 401 - Unauthorized: Access is denied due to invalid credentials."}
{"package":"com.amazing.gamez.airplane.car.transporter.pilot","appVersionCode":"","appVersionName":"","nativeApp":"0","store":"43","uniqueDeviceID":"5835","appID":"","deviceID":"","region":"","adsQueueEventStats ":[{"adID":"7","sceneID":"15"," request":"583"," impression":"583"," click":"583"}],"gssdkVersion":"3.2.2","sdkVersionID":"39","sdkVersion":"39","devMode":"0"}: http://52.13.174.6/sheeda/admin/analytics/syncUserDeviceAPI failed as it is not correct json response in content type 7{"message":"HTTP Error 401 - Unauthorized: Access is denied due to invalid credentials."}
{"package":"com.amazing.gamez.airplane.car.transporter.pilot","appVersionCode":"","appVersionName":"","nativeApp":"0","store":"43","uniqueDeviceID":"5835","appID":"","deviceID":"","region":"","adsQueueEventStats ":[{"adID":"7","sceneID":"15"," request":"583"," impression":"583"," click":"583"}],"gssdkVersion":"3.2.2","sdkVersionID":"39","sdkVersion":"39","devMode":"0"}: message value is other then completed,http://52.13.174.6/sheeda/admin/analytics/syncUserDeviceapi is failed
****************** http://52.13.174.6/sheeda/admin/analytics/syncUserDevice
Status code forbidden, internet connectivity not availablehttp://52.13.174.6/sheeda/admin/analytics/syncUserDevice please check your internet connection 8
{"package":"com.amazing.gamez.snow.plow.truck.simulator","appVersionCode":"","appVersionName":"","nativeApp":"0","store":"41","uniqueDeviceID":"579","appID":"","deviceID":"","region":"","adsQueueEventStats ":[{"adID":"8","sceneID":"2"," request":"58"," impression":"58"," click":"58"}],"gssdkVersion":"3.2.2","sdkVersionID":"39","sdkVersion":"39","devMode":"0"}: Status code not OK,http://52.13.174.6/sheeda/admin/analytics/syncUserDevice API has failed at 8 Forbidden{"message":"HTTP Error 401 - Unauthorized: Access is denied due to invalid credentials."}
{"package":"com.amazing.gamez.snow.plow.truck.simulator","appVersionCode":"","appVersionName":"","nativeApp":"0","store":"41","uniqueDeviceID":"579","appID":"","deviceID":"","region":"","adsQueueEventStats ":[{"adID":"8","sceneID":"2"," request":"58"," impression":"58"," click":"58"}],"gssdkVersion":"3.2.2","sdkVersionID":"39","sdkVersion":"39","devMode":"0"}: http://52.13.174.6/sheeda/admin/analytics/syncUserDeviceAPI failed as it is not correct json response in content type 8{"message":"HTTP Error 401 - Unauthorized: Access is denied due to invalid credentials."}
{"package":"com.amazing.gamez.snow.plow.truck.simulator","appVersionCode":"","appVersionName":"","nativeApp":"0","store":"41","uniqueDeviceID":"579","appID":"","deviceID":"","region":"","adsQueueEventStats ":[{"adID":"8","sceneID":"2"," request":"58"," impression":"58"," click":"58"}],"gssdkVersion":"3.2.2","sdkVersionID":"39","sdkVersion":"39","devMode":"0"}: message value is other then completed,http://52.13.174.6/sheeda/admin/analytics/syncUserDeviceapi is failed
****************** http://52.13.174.6/sheeda/admin/analytics/syncUserDevice
Status code forbidden, internet connectivity not availablehttp://52.13.174.6/sheeda/admin/analytics/syncUserDevice please check your internet connection 9
{"package":"com.vinegargames.foot.surgery.simulator","appVersionCode":"","appVersionName":"","nativeApp":"0","store":"42","uniqueDeviceID":"6086","appID":"","deviceID":"","region":"","adsQueueEventStats ":[{"adID":"9","sceneID":"16"," request":"609"," impression":"609"," click":"609"}],"gssdkVersion":"v8.1.1","sdkVersionID":"2225","sdkVersion":"2225","devMode":"0"}: Status code not OK,http://52.13.174.6/sheeda/admin/analytics/syncUserDevice API has failed at 9 Forbidden{"message":"HTTP Error 401 - Unauthorized: Access is denied due to invalid credentials."}
{"package":"com.vinegargames.foot.surgery.simulator","appVersionCode":"","appVersionName":"","nativeApp":"0","store":"42","uniqueDeviceID":"6086","appID":"","deviceID":"","region":"","adsQueueEventStats ":[{"adID":"9","sceneID":"16"," request":"609"," impression":"609"," click":"609"}],"gssdkVersion":"v8.1.1","sdkVersionID":"2225","sdkVersion":"2225","devMode":"0"}: http://52.13.174.6/sheeda/admin/analytics/syncUserDeviceAPI failed as it is not correct json response in content type 9{"message":"HTTP Error 401 - Unauthorized: Access is denied due to invalid credentials."}
{"package":"com.vinegargames.foot.surgery.simulator","appVersionCode":"","appVersionName":"","nativeApp":"0","store":"42","uniqueDeviceID":"6086","appID":"","deviceID":"","region":"","adsQueueEventStats ":[{"adID":"9","sceneID":"16"," request":"609"," impression":"609"," click":"609"}],"gssdkVersion":"v8.1.1","sdkVersionID":"2225","sdkVersion":"2225","devMode":"0"}: message value is other then completed,http://52.13.174.6/sheeda/admin/analytics/syncUserDeviceapi is failed
****************** http://52.13.174.6/sheeda/admin/analytics/syncUserDevice
Status code forbidden, internet connectivity not availablehttp://52.13.174.6/sheeda/admin/analytics/syncUserDevice please check your internet connection 10
{"package":"com.threed.sand.excavator.simulator","appVersionCode":"","appVersionName":"","nativeApp":"0","store":"41","uniqueDeviceID":"9957","appID":"","deviceID":"","region":"","adsQueueEventStats ":[{"adID":"10","sceneID":"25"," request":"995"," impression":"995"," click":"995"}],"gssdkVersion":"5.1.3-1","sdkVersionID":"2163","sdkVersion":"2163","devMode":"0"}: Status code not OK,http://52.13.174.6/sheeda/admin/analytics/syncUserDevice API has failed at 10 Forbidden{"message":"HTTP Error 401 - Unauthorized: Access is denied due to invalid credentials."}
{"package":"com.threed.sand.excavator.simulator","appVersionCode":"","appVersionName":"","nativeApp":"0","store":"41","uniqueDeviceID":"9957","appID":"","deviceID":"","region":"","adsQueueEventStats ":[{"adID":"10","sceneID":"25"," request":"995"," impression":"995"," click":"995"}],"gssdkVersion":"5.1.3-1","sdkVersionID":"2163","sdkVersion":"2163","devMode":"0"}: http://52.13.174.6/sheeda/admin/analytics/syncUserDeviceAPI failed as it is not correct json response in content type 10{"message":"HTTP Error 401 - Unauthorized: Access is denied due to invalid credentials."}
{"package":"com.threed.sand.excavator.simulator","appVersionCode":"","appVersionName":"","nativeApp":"0","store":"41","uniqueDeviceID":"9957","appID":"","deviceID":"","region":"","adsQueueEventStats ":[{"adID":"10","sceneID":"25"," request":"995"," impression":"995"," click":"995"}],"gssdkVersion":"5.1.3-1","sdkVersionID":"2163","sdkVersion":"2163","devMode":"0"}: message value is other then completed,http://52.13.174.6/sheeda/admin/analytics/syncUserDeviceapi is failed
****************** http://52.13.174.6/sheeda/admin/analytics/syncUserDevice
Status code forbidden, internet connectivity not availablehttp://52.13.174.6/sheeda/admin/analytics/syncUserDevice please check your internet connection 11
{"package":"com.threed.sand.excavator.simulator","appVersionCode":"","appVersionName":"","nativeApp":"0","store":"43","uniqueDeviceID":"2924","appID":"","deviceID":"","region":"","adsQueueEventStats ":[{"adID":"11","sceneID":"8"," request":"293"," impression":"293"," click":"293"}],"gssdkVersion":"5.1.3","sdkVersionID":"2151","sdkVersion":"2151","devMode":"0"}: Status code not OK,http://52.13.174.6/sheeda/admin/analytics/syncUserDevice API has failed at 11 Forbidden{"message":"HTTP Error 401 - Unauthorized: Access is denied due to invalid credentials."}
{"package":"com.threed.sand.excavator.simulator","appVersionCode":"","appVersionName":"","nativeApp":"0","store":"43","uniqueDeviceID":"2924","appID":"","deviceID":"","region":"","adsQueueEventStats ":[{"adID":"11","sceneID":"8"," request":"293"," impression":"293"," click":"293"}],"gssdkVersion":"5.1.3","sdkVersionID":"2151","sdkVersion":"2151","devMode":"0"}: http://52.13.174.6/sheeda/admin/analytics/syncUserDeviceAPI failed as it is not correct json response in content type 11{"message":"HTTP Error 401 - Unauthorized: Access is denied due to invalid credentials."}
{"package":"com.threed.sand.excavator.simulator","appVersionCode":"","appVersionName":"","nativeApp":"0","store":"43","uniqueDeviceID":"2924","appID":"","deviceID":"","region":"","adsQueueEventStats ":[{"adID":"11","sceneID":"8"," request":"293"," impression":"293"," click":"293"}],"gssdkVersion":"5.1.3","sdkVersionID":"2151","sdkVersion":"2151","devMode":"0"}: message value is other then completed,http://52.13.174.6/sheeda/admin/analytics/syncUserDeviceapi is failed
****************** http://52.13.174.6/sheeda/admin/analytics/syncUserDevice
Status code forbidden, internet connectivity not availablehttp://52.13.174.6/sheeda/admin/analytics/syncUserDevice please check your internet connection 12
{"package":"com.gamerzstudio.rangers.van.gangsters.chase","appVersionCode":"","appVersionName":"","nativeApp":"0","store":"41","uniqueDeviceID":"2892","appID":"","deviceID":"","region":"","adsQueueEventStats ":[{"adID":"12","sceneID":"8"," request":"289"," impression":"289"," click":"289"}],"gssdkVersion":"3.2.2","sdkVersionID":"39","sdkVersion":"39","devMode":"0"}: Status code not OK,http://52.13.174.6/sheeda/admin/analytics/syncUserDevice API has failed at 12 Forbidden{"message":"HTTP Error 401 - Unauthorized: Access is denied due to invalid credentials."}
{"package":"com.gamerzstudio.rangers.van.gangsters.chase","appVersionCode":"","appVersionName":"","nativeApp":"0","store":"41","uniqueDeviceID":"2892","appID":"","deviceID":"","region":"","adsQueueEventStats ":[{"adID":"12","sceneID":"8"," request":"289"," impression":"289"," click":"289"}],"gssdkVersion":"3.2.2","sdkVersionID":"39","sdkVersion":"39","devMode":"0"}: http://52.13.174.6/sheeda/admin/analytics/syncUserDeviceAPI failed as it is not correct json response in content type 12{"message":"HTTP Error 401 - Unauthorized: Access is denied due to invalid credentials."}
{"package":"com.gamerzstudio.rangers.van.gangsters.chase","appVersionCode":"","appVersionName":"","nativeApp":"0","store":"41","uniqueDeviceID":"2892","appID":"","deviceID":"","region":"","adsQueueEventStats ":[{"adID":"12","sceneID":"8"," request":"289"," impression":"289"," click":"289"}],"gssdkVersion":"3.2.2","sdkVersionID":"39","sdkVersion":"39","devMode":"0"}: message value is other then completed,http://52.13.174.6/sheeda/admin/analytics/syncUserDeviceapi is failed
****************** http://52.13.174.6/sheeda/admin/analytics/syncUserDevice
Status code forbidden, internet connectivity not availablehttp://52.13.174.6/sheeda/admin/analytics/syncUserDevice please check your internet connection 13
{"package":"com.gamerzstudio.rangers.van.gangsters.chase","appVersionCode":"","appVersionName":"","nativeApp":"0","store":"43","uniqueDeviceID":"1224","appID":"","deviceID":"","region":"","adsQueueEventStats ":[{"adID":"14","sceneID":"4"," request":"123"," impression":"123"," click":"123"}],"gssdkVersion":"3.2.2","sdkVersionID":"39","sdkVersion":"39","devMode":"0"}: Status code not OK,http://52.13.174.6/sheeda/admin/analytics/syncUserDevice API has failed at 13 Forbidden{"message":"HTTP Error 401 - Unauthorized: Access is denied due to invalid credentials."}
{"package":"com.gamerzstudio.rangers.van.gangsters.chase","appVersionCode":"","appVersionName":"","nativeApp":"0","store":"43","uniqueDeviceID":"1224","appID":"","deviceID":"","region":"","adsQueueEventStats ":[{"adID":"14","sceneID":"4"," request":"123"," impression":"123"," click":"123"}],"gssdkVersion":"3.2.2","sdkVersionID":"39","sdkVersion":"39","devMode":"0"}: http://52.13.174.6/sheeda/admin/analytics/syncUserDeviceAPI failed as it is not correct json response in content type 13{"message":"HTTP Error 401 - Unauthorized: Access is denied due to invalid credentials."}
{"package":"com.gamerzstudio.rangers.van.gangsters.chase","appVersionCode":"","appVersionName":"","nativeApp":"0","store":"43","uniqueDeviceID":"1224","appID":"","deviceID":"","region":"","adsQueueEventStats ":[{"adID":"14","sceneID":"4"," request":"123"," impression":"123"," click":"123"}],"gssdkVersion":"3.2.2","sdkVersionID":"39","sdkVersion":"39","devMode":"0"}: message value is other then completed,http://52.13.174.6/sheeda/admin/analytics/syncUserDeviceapi is failed
****************** http://52.13.174.6/sheeda/admin/analytics/syncUserDevice
Status code forbidden, internet connectivity not availablehttp://52.13.174.6/sheeda/admin/analytics/syncUserDevice please check your internet connection 14
{"package":"1.0","appVersionCode":"","appVersionName":"","nativeApp":"0","store":"42","uniqueDeviceID":"3143","appID":"","deviceID":"","region":"","adsQueueEventStats ":[{"adID":"15","sceneID":"8"," request":"314"," impression":"314"," click":"314"}],"gssdkVersion":"3.2.2","sdkVersionID":"39","sdkVersion":"39","devMode":"0"}: Status code not OK,http://52.13.174.6/sheeda/admin/analytics/syncUserDevice API has failed at 14 Forbidden{"message":"HTTP Error 401 - Unauthorized: Access is denied due to invalid credentials."}
{"package":"1.0","appVersionCode":"","appVersionName":"","nativeApp":"0","store":"42","uniqueDeviceID":"3143","appID":"","deviceID":"","region":"","adsQueueEventStats ":[{"adID":"15","sceneID":"8"," request":"314"," impression":"314"," click":"314"}],"gssdkVersion":"3.2.2","sdkVersionID":"39","sdkVersion":"39","devMode":"0"}: http://52.13.174.6/sheeda/admin/analytics/syncUserDeviceAPI failed as it is not correct json response in content type 14{"message":"HTTP Error 401 - Unauthorized: Access is denied due to invalid credentials."}
{"package":"1.0","appVersionCode":"","appVersionName":"","nativeApp":"0","store":"42","uniqueDeviceID":"3143","appID":"","deviceID":"","region":"","adsQueueEventStats ":[{"adID":"15","sceneID":"8"," request":"314"," impression":"314"," click":"314"}],"gssdkVersion":"3.2.2","sdkVersionID":"39","sdkVersion":"39","devMode":"0"}: message value is other then completed,http://52.13.174.6/sheeda/admin/analytics/syncUserDeviceapi is failed
****************** http://52.13.174.6/sheeda/admin/analytics/syncUserDevice
Status code forbidden, internet connectivity not availablehttp://52.13.174.6/sheeda/admin/analytics/syncUserDevice please check your internet connection 15
{"package":"com.amazing.gamez.airplane.car.transporter.pilot","appVersionCode":"","appVersionName":"","nativeApp":"0","store":"42","uniqueDeviceID":"7886","appID":"","deviceID":"","region":"","adsQueueEventStats ":[{"adID":"18","sceneID":"20"," request":"788"," impression":"788"," click":"788"}],"gssdkVersion":"3.2.2","sdkVersionID":"39","sdkVersion":"39","devMode":"0"}: Status code not OK,http://52.13.174.6/sheeda/admin/analytics/syncUserDevice API has failed at 15 Forbidden{"message":"HTTP Error 401 - Unauthorized: Access is denied due to invalid credentials."}
{"package":"com.amazing.gamez.airplane.car.transporter.pilot","appVersionCode":"","appVersionName":"","nativeApp":"0","store":"42","uniqueDeviceID":"7886","appID":"","deviceID":"","region":"","adsQueueEventStats ":[{"adID":"18","sceneID":"20"," request":"788"," impression":"788"," click":"788"}],"gssdkVersion":"3.2.2","sdkVersionID":"39","sdkVersion":"39","devMode":"0"}: http://52.13.174.6/sheeda/admin/analytics/syncUserDeviceAPI failed as it is not correct json response in content type 15{"message":"HTTP Error 401 - Unauthorized: Access is denied due to invalid credentials."}
{"package":"com.amazing.gamez.airplane.car.transporter.pilot","appVersionCode":"","appVersionName":"","nativeApp":"0","store":"42","uniqueDeviceID":"7886","appID":"","deviceID":"","region":"","adsQueueEventStats ":[{"adID":"18","sceneID":"20"," request":"788"," impression":"788"," click":"788"}],"gssdkVersion":"3.2.2","sdkVersionID":"39","sdkVersion":"39","devMode":"0"}: message value is other then completed,http://52.13.174.6/sheeda/admin/analytics/syncUserDeviceapi is failed
****************** http://52.13.174.6/sheeda/admin/analytics/syncUserDevice
Status code forbidden, internet connectivity not availablehttp://52.13.174.6/sheeda/admin/analytics/syncUserDevice please check your internet connection 16
{"package":"com.amazing.gamez.off.road.hill.climb","appVersionCode":"","appVersionName":"","nativeApp":"0","store":"41","uniqueDeviceID":"4266","appID":"","deviceID":"","region":"","adsQueueEventStats ":[{"adID":"19","sceneID":"11"," request":"427"," impression":"427"," click":"427"}],"gssdkVersion":"3.2.2","sdkVersionID":"39","sdkVersion":"39","devMode":"0"}: Status code not OK,http://52.13.174.6/sheeda/admin/analytics/syncUserDevice API has failed at 16 Forbidden{"message":"HTTP Error 401 - Unauthorized: Access is denied due to invalid credentials."}
{"package":"com.amazing.gamez.off.road.hill.climb","appVersionCode":"","appVersionName":"","nativeApp":"0","store":"41","uniqueDeviceID":"4266","appID":"","deviceID":"","region":"","adsQueueEventStats ":[{"adID":"19","sceneID":"11"," request":"427"," impression":"427"," click":"427"}],"gssdkVersion":"3.2.2","sdkVersionID":"39","sdkVersion":"39","devMode":"0"}: http://52.13.174.6/sheeda/admin/analytics/syncUserDeviceAPI failed as it is not correct json response in content type 16{"message":"HTTP Error 401 - Unauthorized: Access is denied due to invalid credentials."}
{"package":"com.amazing.gamez.off.road.hill.climb","appVersionCode":"","appVersionName":"","nativeApp":"0","store":"41","uniqueDeviceID":"4266","appID":"","deviceID":"","region":"","adsQueueEventStats ":[{"adID":"19","sceneID":"11"," request":"427"," impression":"427"," click":"427"}],"gssdkVersion":"3.2.2","sdkVersionID":"39","sdkVersion":"39","devMode":"0"}: message value is other then completed,http://52.13.174.6/sheeda/admin/analytics/syncUserDeviceapi is failed
****************** http://52.13.174.6/sheeda/admin/analytics/syncUserDevice
Status code forbidden, internet connectivity not availablehttp://52.13.174.6/sheeda/admin/analytics/syncUserDevice please check your internet connection 17
{"package":"com.amazing.gamez.off.road.hill.climb","appVersionCode":"","appVersionName":"","nativeApp":"0","store":"43","uniqueDeviceID":"646","appID":"","deviceID":"","region":"","adsQueueEventStats ":[{"adID":"20","sceneID":"2"," request":"65"," impression":"65"," click":"65"}],"gssdkVersion":"3.2.2","sdkVersionID":"39","sdkVersion":"39","devMode":"0"}: Status code not OK,http://52.13.174.6/sheeda/admin/analytics/syncUserDevice API has failed at 17 Forbidden{"message":"HTTP Error 401 - Unauthorized: Access is denied due to invalid credentials."}
{"package":"com.amazing.gamez.off.road.hill.climb","appVersionCode":"","appVersionName":"","nativeApp":"0","store":"43","uniqueDeviceID":"646","appID":"","deviceID":"","region":"","adsQueueEventStats ":[{"adID":"20","sceneID":"2"," request":"65"," impression":"65"," click":"65"}],"gssdkVersion":"3.2.2","sdkVersionID":"39","sdkVersion":"39","devMode":"0"}: http://52.13.174.6/sheeda/admin/analytics/syncUserDeviceAPI failed as it is not correct json response in content type 17{"message":"HTTP Error 401 - Unauthorized: Access is denied due to invalid credentials."}
{"package":"com.amazing.gamez.off.road.hill.climb","appVersionCode":"","appVersionName":"","nativeApp":"0","store":"43","uniqueDeviceID":"646","appID":"","deviceID":"","region":"","adsQueueEventStats ":[{"adID":"20","sceneID":"2"," request":"65"," impression":"65"," click":"65"}],"gssdkVersion":"3.2.2","sdkVersionID":"39","sdkVersion":"39","devMode":"0"}: message value is other then completed,http://52.13.174.6/sheeda/admin/analytics/syncUserDeviceapi is failed
****************** http://52.13.174.6/sheeda/admin/analytics/syncUserDevice
Status code forbidden, internet connectivity not availablehttp://52.13.174.6/sheeda/admin/analytics/syncUserDevice please check your internet connection 18
{"package":"com.threed.horse.simulator","appVersionCode":"","appVersionName":"","nativeApp":"0","store":"41","uniqueDeviceID":"4517","appID":"","deviceID":"","region":"","adsQueueEventStats ":[{"adID":"21","sceneID":"12"," request":"452"," impression":"452"," click":"452"}],"gssdkVersion":"4.10.2","sdkVersionID":"2089","sdkVersion":"2089","devMode":"0"}: Status code not OK,http://52.13.174.6/sheeda/admin/analytics/syncUserDevice API has failed at 18 Forbidden{"message":"HTTP Error 401 - Unauthorized: Access is denied due to invalid credentials."}
{"package":"com.threed.horse.simulator","appVersionCode":"","appVersionName":"","nativeApp":"0","store":"41","uniqueDeviceID":"4517","appID":"","deviceID":"","region":"","adsQueueEventStats ":[{"adID":"21","sceneID":"12"," request":"452"," impression":"452"," click":"452"}],"gssdkVersion":"4.10.2","sdkVersionID":"2089","sdkVersion":"2089","devMode":"0"}: http://52.13.174.6/sheeda/admin/analytics/syncUserDeviceAPI failed as it is not correct json response in content type 18{"message":"HTTP Error 401 - Unauthorized: Access is denied due to invalid credentials."}
{"package":"com.threed.horse.simulator","appVersionCode":"","appVersionName":"","nativeApp":"0","store":"41","uniqueDeviceID":"4517","appID":"","deviceID":"","region":"","adsQueueEventStats ":[{"adID":"21","sceneID":"12"," request":"452"," impression":"452"," click":"452"}],"gssdkVersion":"4.10.2","sdkVersionID":"2089","sdkVersion":"2089","devMode":"0"}: message value is other then completed,http://52.13.174.6/sheeda/admin/analytics/syncUserDeviceapi is failed
****************** http://52.13.174.6/sheeda/admin/analytics/syncUserDevice
Status code forbidden, internet connectivity not availablehttp://52.13.174.6/sheeda/admin/analytics/syncUserDevice please check your internet connection 19
{"package":"com.gamerzstudio.police.dog.simulator","appVersionCode":"","appVersionName":"","nativeApp":"0","store":"41","uniqueDeviceID":"1629","appID":"","deviceID":"","region":"","adsQueueEventStats ":[{"adID":"22","sceneID":"5"," request":"163"," impression":"163"," click":"163"}],"gssdkVersion":"3.2.2","sdkVersionID":"39","sdkVersion":"39","devMode":"0"}: Status code not OK,http://52.13.174.6/sheeda/admin/analytics/syncUserDevice API has failed at 19 Forbidden{"message":"HTTP Error 401 - Unauthorized: Access is denied due to invalid credentials."}
{"package":"com.gamerzstudio.police.dog.simulator","appVersionCode":"","appVersionName":"","nativeApp":"0","store":"41","uniqueDeviceID":"1629","appID":"","deviceID":"","region":"","adsQueueEventStats ":[{"adID":"22","sceneID":"5"," request":"163"," impression":"163"," click":"163"}],"gssdkVersion":"3.2.2","sdkVersionID":"39","sdkVersion":"39","devMode":"0"}: http://52.13.174.6/sheeda/admin/analytics/syncUserDeviceAPI failed as it is not correct json response in content type 19{"message":"HTTP Error 401 - Unauthorized: Access is denied due to invalid credentials."}
{"package":"com.gamerzstudio.police.dog.simulator","appVersionCode":"","appVersionName":"","nativeApp":"0","store":"41","uniqueDeviceID":"1629","appID":"","deviceID":"","region":"","adsQueueEventStats ":[{"adID":"22","sceneID":"5"," request":"163"," impression":"163"," click":"163"}],"gssdkVersion":"3.2.2","sdkVersionID":"39","sdkVersion":"39","devMode":"0"}: message value is other then completed,http://52.13.174.6/sheeda/admin/analytics/syncUserDeviceapi is failed
****************** http://52.13.174.6/sheeda/admin/analytics/syncUserDevice
Status code forbidden, internet connectivity not availablehttp://52.13.174.6/sheeda/admin/analytics/syncUserDevice please check your internet connection 20
{"package":"com.gamerzstudio.police.dog.simulator","appVersionCode":"","appVersionName":"","nativeApp":"0","store":"43","uniqueDeviceID":"6372","appID":"","deviceID":"","region":"","adsQueueEventStats ":[{"adID":"23","sceneID":"16"," request":"637"," impression":"637"," click":"637"}],"gssdkVersion":"3.2.2","sdkVersionID":"39","sdkVersion":"39","devMode":"0"}: Status code not OK,http://52.13.174.6/sheeda/admin/analytics/syncUserDevice API has failed at 20 Forbidden{"message":"HTTP Error 401 - Unauthorized: Access is denied due to invalid credentials."}
{"package":"com.gamerzstudio.police.dog.simulator","appVersionCode":"","appVersionName":"","nativeApp":"0","store":"43","uniqueDeviceID":"6372","appID":"","deviceID":"","region":"","adsQueueEventStats ":[{"adID":"23","sceneID":"16"," request":"637"," impression":"637"," click":"637"}],"gssdkVersion":"3.2.2","sdkVersionID":"39","sdkVersion":"39","devMode":"0"}: http://52.13.174.6/sheeda/admin/analytics/syncUserDeviceAPI failed as it is not correct json response in content type 20{"message":"HTTP Error 401 - Unauthorized: Access is denied due to invalid credentials."}
{"package":"com.gamerzstudio.police.dog.simulator","appVersionCode":"","appVersionName":"","nativeApp":"0","store":"43","uniqueDeviceID":"6372","appID":"","deviceID":"","region":"","adsQueueEventStats ":[{"adID":"23","sceneID":"16"," request":"637"," impression":"637"," click":"637"}],"gssdkVersion":"3.2.2","sdkVersionID":"39","sdkVersion":"39","devMode":"0"}: message value is other then completed,http://52.13.174.6/sheeda/admin/analytics/syncUserDeviceapi is failed
****************** http://52.13.174.6/sheeda/admin/analytics/syncUserDevice
Status code forbidden, internet connectivity not availablehttp://52.13.174.6/sheeda/admin/analytics/syncUserDevice please check your internet connection 21
{"package":"com.gamerzstudio.city.bus.driver.simulator","appVersionCode":"","appVersionName":"","nativeApp":"0","store":"41","uniqueDeviceID":"2752","appID":"","deviceID":"","region":"","adsQueueEventStats ":[{"adID":"24","sceneID":"7"," request":"275"," impression":"275"," click":"275"}],"gssdkVersion":"3.2.2","sdkVersionID":"39","sdkVersion":"39","devMode":"0"}: Status code not OK,http://52.13.174.6/sheeda/admin/analytics/syncUserDevice API has failed at 21 Forbidden{"message":"HTTP Error 401 - Unauthorized: Access is denied due to invalid credentials."}
{"package":"com.gamerzstudio.city.bus.driver.simulator","appVersionCode":"","appVersionName":"","nativeApp":"0","store":"41","uniqueDeviceID":"2752","appID":"","deviceID":"","region":"","adsQueueEventStats ":[{"adID":"24","sceneID":"7"," request":"275"," impression":"275"," click":"275"}],"gssdkVersion":"3.2.2","sdkVersionID":"39","sdkVersion":"39","devMode":"0"}: http://52.13.174.6/sheeda/admin/analytics/syncUserDeviceAPI failed as it is not correct json response in content type 21{"message":"HTTP Error 401 - Unauthorized: Access is denied due to invalid credentials."}
{"package":"com.gamerzstudio.city.bus.driver.simulator","appVersionCode":"","appVersionName":"","nativeApp":"0","store":"41","uniqueDeviceID":"2752","appID":"","deviceID":"","region":"","adsQueueEventStats ":[{"adID":"24","sceneID":"7"," request":"275"," impression":"275"," click":"275"}],"gssdkVersion":"3.2.2","sdkVersionID":"39","sdkVersion":"39","devMode":"0"}: message value is other then completed,http://52.13.174.6/sheeda/admin/analytics/syncUserDeviceapi is failed
****************** http://52.13.174.6/sheeda/admin/analytics/syncUserDevice
Status code forbidden, internet connectivity not availablehttp://52.13.174.6/sheeda/admin/analytics/syncUserDevice please check your internet connection 22
{"package":"com.gamerzstudio.city.bus.driver.simulator","appVersionCode":"","appVersionName":"","nativeApp":"0","store":"42","uniqueDeviceID":"4671","appID":"","deviceID":"","region":"","adsQueueEventStats ":[{"adID":"25","sceneID":"12"," request":"467"," impression":"467"," click":"467"}],"gssdkVersion":"3.2.2","sdkVersionID":"39","sdkVersion":"39","devMode":"0"}: Status code not OK,http://52.13.174.6/sheeda/admin/analytics/syncUserDevice API has failed at 22 Forbidden{"message":"HTTP Error 401 - Unauthorized: Access is denied due to invalid credentials."}
{"package":"com.gamerzstudio.city.bus.driver.simulator","appVersionCode":"","appVersionName":"","nativeApp":"0","store":"42","uniqueDeviceID":"4671","appID":"","deviceID":"","region":"","adsQueueEventStats ":[{"adID":"25","sceneID":"12"," request":"467"," impression":"467"," click":"467"}],"gssdkVersion":"3.2.2","sdkVersionID":"39","sdkVersion":"39","devMode":"0"}: http://52.13.174.6/sheeda/admin/analytics/syncUserDeviceAPI failed as it is not correct json response in content type 22{"message":"HTTP Error 401 - Unauthorized: Access is denied due to invalid credentials."}
{"package":"com.gamerzstudio.city.bus.driver.simulator","appVersionCode":"","appVersionName":"","nativeApp":"0","store":"42","uniqueDeviceID":"4671","appID":"","deviceID":"","region":"","adsQueueEventStats ":[{"adID":"25","sceneID":"12"," request":"467"," impression":"467"," click":"467"}],"gssdkVersion":"3.2.2","sdkVersionID":"39","sdkVersion":"39","devMode":"0"}: message value is other then completed,http://52.13.174.6/sheeda/admin/analytics/syncUserDeviceapi is failed
****************** http://52.13.174.6/sheeda/admin/analytics/syncUserDevice
Status code forbidden, internet connectivity not availablehttp://52.13.174.6/sheeda/admin/analytics/syncUserDevice please check your internet connection 23
{"package":"com.amazing.gamez.share.attack.survival.simulator","appVersionCode":"","appVersionName":"","nativeApp":"0","store":"42","uniqueDeviceID":"9448","appID":"","deviceID":"","region":"","adsQueueEventStats ":[{"adID":"26","sceneID":"24"," request":"944"," impression":"944"," click":"944"}],"gssdkVersion":"3.2.2","sdkVersionID":"39","sdkVersion":"39","devMode":"0"}: Status code not OK,http://52.13.174.6/sheeda/admin/analytics/syncUserDevice API has failed at 23 Forbidden{"message":"HTTP Error 401 - Unauthorized: Access is denied due to invalid credentials."}
{"package":"com.amazing.gamez.share.attack.survival.simulator","appVersionCode":"","appVersionName":"","nativeApp":"0","store":"42","uniqueDeviceID":"9448","appID":"","deviceID":"","region":"","adsQueueEventStats ":[{"adID":"26","sceneID":"24"," request":"944"," impression":"944"," click":"944"}],"gssdkVersion":"3.2.2","sdkVersionID":"39","sdkVersion":"39","devMode":"0"}: http://52.13.174.6/sheeda/admin/analytics/syncUserDeviceAPI failed as it is not correct json response in content type 23{"message":"HTTP Error 401 - Unauthorized: Access is denied due to invalid credentials."}
{"package":"com.amazing.gamez.share.attack.survival.simulator","appVersionCode":"","appVersionName":"","nativeApp":"0","store":"42","uniqueDeviceID":"9448","appID":"","deviceID":"","region":"","adsQueueEventStats ":[{"adID":"26","sceneID":"24"," request":"944"," impression":"944"," click":"944"}],"gssdkVersion":"3.2.2","sdkVersionID":"39","sdkVersion":"39","devMode":"0"}: message value is other then completed,http://52.13.174.6/sheeda/admin/analytics/syncUserDeviceapi is failed
****************** http://52.13.174.6/sheeda/admin/analytics/syncUserDevice
Status code forbidden, internet connectivity not availablehttp://52.13.174.6/sheeda/admin/analytics/syncUserDevice please check your internet connection 24
{"package":"com.threed.wild.hungry.wolves","appVersionCode":"","appVersionName":"","nativeApp":"0","store":"41","uniqueDeviceID":"1510","appID":"","deviceID":"","region":"","adsQueueEventStats ":[{"adID":"27","sceneID":"4"," request":"151"," impression":"151"," click":"151"}],"gssdkVersion":"5.1.3-1","sdkVersionID":"2163","sdkVersion":"2163","devMode":"0"}: Status code not OK,http://52.13.174.6/sheeda/admin/analytics/syncUserDevice API has failed at 24 Forbidden{"message":"HTTP Error 401 - Unauthorized: Access is denied due to invalid credentials."}
{"package":"com.threed.wild.hungry.wolves","appVersionCode":"","appVersionName":"","nativeApp":"0","store":"41","uniqueDeviceID":"1510","appID":"","deviceID":"","region":"","adsQueueEventStats ":[{"adID":"27","sceneID":"4"," request":"151"," impression":"151"," click":"151"}],"gssdkVersion":"5.1.3-1","sdkVersionID":"2163","sdkVersion":"2163","devMode":"0"}: http://52.13.174.6/sheeda/admin/analytics/syncUserDeviceAPI failed as it is not correct json response in content type 24{"message":"HTTP Error 401 - Unauthorized: Access is denied due to invalid credentials."}
{"package":"com.threed.wild.hungry.wolves","appVersionCode":"","appVersionName":"","nativeApp":"0","store":"41","uniqueDeviceID":"1510","appID":"","deviceID":"","region":"","adsQueueEventStats ":[{"adID":"27","sceneID":"4"," request":"151"," impression":"151"," click":"151"}],"gssdkVersion":"5.1.3-1","sdkVersionID":"2163","sdkVersion":"2163","devMode":"0"}: message value is other then completed,http://52.13.174.6/sheeda/admin/analytics/syncUserDeviceapi is failed
****************** http://52.13.174.6/sheeda/admin/analytics/syncUserDevice
Status code forbidden, internet connectivity not availablehttp://52.13.174.6/sheeda/admin/analytics/syncUserDevice please check your internet connection 25
{"package":"com.amazing.gamez.counter.terrorist.force","appVersionCode":"","appVersionName":"","nativeApp":"0","store":"41","uniqueDeviceID":"9841","appID":"","deviceID":"","region":"","adsQueueEventStats ":[{"adID":"28","sceneID":"25"," request":"984"," impression":"984"," click":"984"}],"gssdkVersion":"3.2.2","sdkVersionID":"39","sdkVersion":"39","devMode":"0"}: Status code not OK,http://52.13.174.6/sheeda/admin/analytics/syncUserDevice API has failed at 25 Forbidden{"message":"HTTP Error 401 - Unauthorized: Access is denied due to invalid credentials."}
{"package":"com.amazing.gamez.counter.terrorist.force","appVersionCode":"","appVersionName":"","nativeApp":"0","store":"41","uniqueDeviceID":"9841","appID":"","deviceID":"","region":"","adsQueueEventStats ":[{"adID":"28","sceneID":"25"," request":"984"," impression":"984"," click":"984"}],"gssdkVersion":"3.2.2","sdkVersionID":"39","sdkVersion":"39","devMode":"0"}: http://52.13.174.6/sheeda/admin/analytics/syncUserDeviceAPI failed as it is not correct json response in content type 25{"message":"HTTP Error 401 - Unauthorized: Access is denied due to invalid credentials."}
{"package":"com.amazing.gamez.counter.terrorist.force","appVersionCode":"","appVersionName":"","nativeApp":"0","store":"41","uniqueDeviceID":"9841","appID":"","deviceID":"","region":"","adsQueueEventStats ":[{"adID":"28","sceneID":"25"," request":"984"," impression":"984"," click":"984"}],"gssdkVersion":"3.2.2","sdkVersionID":"39","sdkVersion":"39","devMode":"0"}: message value is other then completed,http://52.13.174.6/sheeda/admin/analytics/syncUserDeviceapi is failed
****************** http://52.13.174.6/sheeda/admin/analytics/syncUserDevice
Status code forbidden, internet connectivity not availablehttp://52.13.174.6/sheeda/admin/analytics/syncUserDevice please check your internet connection 26
{"package":"com.gamerzstudio.sniper.shooter","appVersionCode":"","appVersionName":"","nativeApp":"0","store":"41","uniqueDeviceID":"1761","appID":"","deviceID":"","region":"","adsQueueEventStats ":[{"adID":"29","sceneID":"5"," request":"176"," impression":"176"," click":"176"}],"gssdkVersion":"v8.1.1","sdkVersionID":"2225","sdkVersion":"2225","devMode":"0"}: Status code not OK,http://52.13.174.6/sheeda/admin/analytics/syncUserDevice API has failed at 26 Forbidden{"message":"HTTP Error 401 - Unauthorized: Access is denied due to invalid credentials."}
{"package":"com.gamerzstudio.sniper.shooter","appVersionCode":"","appVersionName":"","nativeApp":"0","store":"41","uniqueDeviceID":"1761","appID":"","deviceID":"","region":"","adsQueueEventStats ":[{"adID":"29","sceneID":"5"," request":"176"," impression":"176"," click":"176"}],"gssdkVersion":"v8.1.1","sdkVersionID":"2225","sdkVersion":"2225","devMode":"0"}: http://52.13.174.6/sheeda/admin/analytics/syncUserDeviceAPI failed as it is not correct json response in content type 26{"message":"HTTP Error 401 - Unauthorized: Access is denied due to invalid credentials."}
{"package":"com.gamerzstudio.sniper.shooter","appVersionCode":"","appVersionName":"","nativeApp":"0","store":"41","uniqueDeviceID":"1761","appID":"","deviceID":"","region":"","adsQueueEventStats ":[{"adID":"29","sceneID":"5"," request":"176"," impression":"176"," click":"176"}],"gssdkVersion":"v8.1.1","sdkVersionID":"2225","sdkVersion":"2225","devMode":"0"}: message value is other then completed,http://52.13.174.6/sheeda/admin/analytics/syncUserDeviceapi is failed
****************** http://52.13.174.6/sheeda/admin/analytics/syncUserDevice
Status code forbidden, internet connectivity not availablehttp://52.13.174.6/sheeda/admin/analytics/syncUserDevice please check your internet connection 27
{"package":"com.gamerzstudio.dinosaur3Dsimulator","appVersionCode":"","appVersionName":"","nativeApp":"0","store":"42","uniqueDeviceID":"6504","appID":"","deviceID":"","region":"","adsQueueEventStats ":[{"adID":"30","sceneID":"17"," request":"650"," impression":"650"," click":"650"}],"gssdkVersion":"3.2.2","sdkVersionID":"39","sdkVersion":"39","devMode":"0"}: Status code not OK,http://52.13.174.6/sheeda/admin/analytics/syncUserDevice API has failed at 27 Forbidden{"message":"HTTP Error 401 - Unauthorized: Access is denied due to invalid credentials."}
{"package":"com.gamerzstudio.dinosaur3Dsimulator","appVersionCode":"","appVersionName":"","nativeApp":"0","store":"42","uniqueDeviceID":"6504","appID":"","deviceID":"","region":"","adsQueueEventStats ":[{"adID":"30","sceneID":"17"," request":"650"," impression":"650"," click":"650"}],"gssdkVersion":"3.2.2","sdkVersionID":"39","sdkVersion":"39","devMode":"0"}: http://52.13.174.6/sheeda/admin/analytics/syncUserDeviceAPI failed as it is not correct json response in content type 27{"message":"HTTP Error 401 - Unauthorized: Access is denied due to invalid credentials."}
{"package":"com.gamerzstudio.dinosaur3Dsimulator","appVersionCode":"","appVersionName":"","nativeApp":"0","store":"42","uniqueDeviceID":"6504","appID":"","deviceID":"","region":"","adsQueueEventStats ":[{"adID":"30","sceneID":"17"," request":"650"," impression":"650"," click":"650"}],"gssdkVersion":"3.2.2","sdkVersionID":"39","sdkVersion":"39","devMode":"0"}: message value is other then completed,http://52.13.174.6/sheeda/admin/analytics/syncUserDeviceapi is failed
****************** http://52.13.174.6/sheeda/admin/analytics/syncUserDevice
Status code forbidden, internet connectivity not availablehttp://52.13.174.6/sheeda/admin/analytics/syncUserDevice please check your internet connection 28
{"package":"com.gamerzstudio.loin3Dsimulator","appVersionCode":"","appVersionName":"","nativeApp":"0","store":"41","uniqueDeviceID":"8042","appID":"","deviceID":"","region":"","adsQueueEventStats ":[{"adID":"31","sceneID":"21"," request":"804"," impression":"804"," click":"804"}],"gssdkVersion":"3.2.2","sdkVersionID":"39","sdkVersion":"39","devMode":"0"}: Status code not OK,http://52.13.174.6/sheeda/admin/analytics/syncUserDevice API has failed at 28 Forbidden{"message":"HTTP Error 401 - Unauthorized: Access is denied due to invalid credentials."}
{"package":"com.gamerzstudio.loin3Dsimulator","appVersionCode":"","appVersionName":"","nativeApp":"0","store":"41","uniqueDeviceID":"8042","appID":"","deviceID":"","region":"","adsQueueEventStats ":[{"adID":"31","sceneID":"21"," request":"804"," impression":"804"," click":"804"}],"gssdkVersion":"3.2.2","sdkVersionID":"39","sdkVersion":"39","devMode":"0"}: http://52.13.174.6/sheeda/admin/analytics/syncUserDeviceAPI failed as it is not correct json response in content type 28{"message":"HTTP Error 401 - Unauthorized: Access is denied due to invalid credentials."}
{"package":"com.gamerzstudio.loin3Dsimulator","appVersionCode":"","appVersionName":"","nativeApp":"0","store":"41","uniqueDeviceID":"8042","appID":"","deviceID":"","region":"","adsQueueEventStats ":[{"adID":"31","sceneID":"21"," request":"804"," impression":"804"," click":"804"}],"gssdkVersion":"3.2.2","sdkVersionID":"39","sdkVersion":"39","devMode":"0"}: message value is other then completed,http://52.13.174.6/sheeda/admin/analytics/syncUserDeviceapi is failed
****************** http://52.13.174.6/sheeda/admin/analytics/syncUserDevice
Status code forbidden, internet connectivity not availablehttp://52.13.174.6/sheeda/admin/analytics/syncUserDevice please check your internet connection 29
{"package":"com.gamerzstudio.wolf3Dsimulator","appVersionCode":"","appVersionName":"","nativeApp":"0","store":"42","uniqueDeviceID":"9961","appID":"","deviceID":"","region":"","adsQueueEventStats ":[{"adID":"32","sceneID":"25"," request":"996"," impression":"996"," click":"996"}],"gssdkVersion":"3.2.2","sdkVersionID":"39","sdkVersion":"39","devMode":"0"}: Status code not OK,http://52.13.174.6/sheeda/admin/analytics/syncUserDevice API has failed at 29 Forbidden{"message":"HTTP Error 401 - Unauthorized: Access is denied due to invalid credentials."}
{"package":"com.gamerzstudio.wolf3Dsimulator","appVersionCode":"","appVersionName":"","nativeApp":"0","store":"42","uniqueDeviceID":"9961","appID":"","deviceID":"","region":"","adsQueueEventStats ":[{"adID":"32","sceneID":"25"," request":"996"," impression":"996"," click":"996"}],"gssdkVersion":"3.2.2","sdkVersionID":"39","sdkVersion":"39","devMode":"0"}: http://52.13.174.6/sheeda/admin/analytics/syncUserDeviceAPI failed as it is not correct json response in content type 29{"message":"HTTP Error 401 - Unauthorized: Access is denied due to invalid credentials."}
{"package":"com.gamerzstudio.wolf3Dsimulator","appVersionCode":"","appVersionName":"","nativeApp":"0","store":"42","uniqueDeviceID":"9961","appID":"","deviceID":"","region":"","adsQueueEventStats ":[{"adID":"32","sceneID":"25"," request":"996"," impression":"996"," click":"996"}],"gssdkVersion":"3.2.2","sdkVersionID":"39","sdkVersion":"39","devMode":"0"}: message value is other then completed,http://52.13.174.6/sheeda/admin/analytics/syncUserDeviceapi is failed
****************** http://52.13.174.6/sheeda/admin/analytics/syncUserDevice
Status code forbidden, internet connectivity not availablehttp://52.13.174.6/sheeda/admin/analytics/syncUserDevice please check your internet connection 30
{"package":"com.gamerzstudio.horse3Dsimulator","appVersionCode":"","appVersionName":"","nativeApp":"0","store":"41","uniqueDeviceID":"3518","appID":"","deviceID":"","region":"","adsQueueEventStats ":[{"adID":"33","sceneID":"9"," request":"352"," impression":"352"," click":"352"}],"gssdkVersion":"3.2.2","sdkVersionID":"39","sdkVersion":"39","devMode":"0"}: Status code not OK,http://52.13.174.6/sheeda/admin/analytics/syncUserDevice API has failed at 30 Forbidden{"message":"HTTP Error 401 - Unauthorized: Access is denied due to invalid credentials."}
{"package":"com.gamerzstudio.horse3Dsimulator","appVersionCode":"","appVersionName":"","nativeApp":"0","store":"41","uniqueDeviceID":"3518","appID":"","deviceID":"","region":"","adsQueueEventStats ":[{"adID":"33","sceneID":"9"," request":"352"," impression":"352"," click":"352"}],"gssdkVersion":"3.2.2","sdkVersionID":"39","sdkVersion":"39","devMode":"0"}: http://52.13.174.6/sheeda/admin/analytics/syncUserDeviceAPI failed as it is not correct json response in content type 30{"message":"HTTP Error 401 - Unauthorized: Access is denied due to invalid credentials."}
{"package":"com.gamerzstudio.horse3Dsimulator","appVersionCode":"","appVersionName":"","nativeApp":"0","store":"41","uniqueDeviceID":"3518","appID":"","deviceID":"","region":"","adsQueueEventStats ":[{"adID":"33","sceneID":"9"," request":"352"," impression":"352"," click":"352"}],"gssdkVersion":"3.2.2","sdkVersionID":"39","sdkVersion":"39","devMode":"0"}: message value is other then completed,http://52.13.174.6/sheeda/admin/analytics/syncUserDeviceapi is failed
****************** http://52.13.174.6/sheeda/admin/analytics/syncUserDevice
{"package":"com.gamerzstudio.containertruck3Dsimulator","appVersionCode":"","appVersionName":"","nativeApp":"0","store":"41","uniqueDeviceID":"3801","appID":"","deviceID":"","region":"","adsQueueEventStats ":[{"adID":"34","sceneID":"10"," request":"380"," impression":"380"," click":"380"}],"gssdkVersion":"2.0.3","sdkVersionID":"22","sdkVersion":"22","devMode":"0"}: http://52.13.174.6/sheeda/admin/analytics/syncUserDeviceAPI failed as it is not correct json response in content type 31No suitable servers found (`serverSelectionTryOnce` set): [connection closed calling ismaster on '127.0.0.1:27017']
****************** http://52.13.174.6/sheeda/admin/analytics/syncUserDevice
Status code forbidden, internet connectivity not availablehttp://52.13.174.6/sheeda/admin/analytics/syncUserDevice please check your internet connection 32
{"package":"com.gamerzstudio.bear3Dsimulator","appVersionCode":"","appVersionName":"","nativeApp":"0","store":"42","uniqueDeviceID":"3246","appID":"","deviceID":"","region":"","adsQueueEventStats ":[{"adID":"35","sceneID":"9"," request":"325"," impression":"325"," click":"325"}],"gssdkVersion":"6.4.2","sdkVersionID":"2124","sdkVersion":"2124","devMode":"0"}: Status code not OK,http://52.13.174.6/sheeda/admin/analytics/syncUserDevice API has failed at 32 Forbidden{"message":"HTTP Error 401 - Unauthorized: Access is denied due to invalid credentials."}
{"package":"com.gamerzstudio.bear3Dsimulator","appVersionCode":"","appVersionName":"","nativeApp":"0","store":"42","uniqueDeviceID":"3246","appID":"","deviceID":"","region":"","adsQueueEventStats ":[{"adID":"35","sceneID":"9"," request":"325"," impression":"325"," click":"325"}],"gssdkVersion":"6.4.2","sdkVersionID":"2124","sdkVersion":"2124","devMode":"0"}: http://52.13.174.6/sheeda/admin/analytics/syncUserDeviceAPI failed as it is not correct json response in content type 32{"message":"HTTP Error 401 - Unauthorized: Access is denied due to invalid credentials."}
{"package":"com.gamerzstudio.bear3Dsimulator","appVersionCode":"","appVersionName":"","nativeApp":"0","store":"42","uniqueDeviceID":"3246","appID":"","deviceID":"","region":"","adsQueueEventStats ":[{"adID":"35","sceneID":"9"," request":"325"," impression":"325"," click":"325"}],"gssdkVersion":"6.4.2","sdkVersionID":"2124","sdkVersion":"2124","devMode":"0"}: message value is other then completed,http://52.13.174.6/sheeda/admin/analytics/syncUserDeviceapi is failed
****************** http://52.13.174.6/sheeda/admin/analytics/syncUserDevice
Status code forbidden, internet connectivity not availablehttp://52.13.174.6/sheeda/admin/analytics/syncUserDevice please check your internet connection 33
{"package":"com.gamerzstudio.pizzamaker","appVersionCode":"","appVersionName":"","nativeApp":"0","store":"41","uniqueDeviceID":"9940","appID":"","deviceID":"","region":"","adsQueueEventStats ":[{"adID":"36","sceneID":"25"," request":"994"," impression":"994"," click":"994"}],"gssdkVersion":"3.2.2","sdkVersionID":"39","sdkVersion":"39","devMode":"0"}: Status code not OK,http://52.13.174.6/sheeda/admin/analytics/syncUserDevice API has failed at 33 Forbidden{"message":"HTTP Error 401 - Unauthorized: Access is denied due to invalid credentials."}
{"package":"com.gamerzstudio.pizzamaker","appVersionCode":"","appVersionName":"","nativeApp":"0","store":"41","uniqueDeviceID":"9940","appID":"","deviceID":"","region":"","adsQueueEventStats ":[{"adID":"36","sceneID":"25"," request":"994"," impression":"994"," click":"994"}],"gssdkVersion":"3.2.2","sdkVersionID":"39","sdkVersion":"39","devMode":"0"}: http://52.13.174.6/sheeda/admin/analytics/syncUserDeviceAPI failed as it is not correct json response in content type 33{"message":"HTTP Error 401 - Unauthorized: Access is denied due to invalid credentials."}
{"package":"com.gamerzstudio.pizzamaker","appVersionCode":"","appVersionName":"","nativeApp":"0","store":"41","uniqueDeviceID":"9940","appID":"","deviceID":"","region":"","adsQueueEventStats ":[{"adID":"36","sceneID":"25"," request":"994"," impression":"994"," click":"994"}],"gssdkVersion":"3.2.2","sdkVersionID":"39","sdkVersion":"39","devMode":"0"}: message value is other then completed,http://52.13.174.6/sheeda/admin/analytics/syncUserDeviceapi is failed
****************** http://52.13.174.6/sheeda/admin/analytics/syncUserDevice
{"package":"com.gamerzstudio.monstertruckparking","appVersionCode":"","appVersionName":"","nativeApp":"0","store":"41","uniqueDeviceID":"3497","appID":"","deviceID":"","region":"","adsQueueEventStats ":[{"adID":"37","sceneID":"9"," request":"350"," impression":"350"," click":"350"}],"gssdkVersion":"2.0.3","sdkVersionID":"22","sdkVersion":"22","devMode":"0"}: http://52.13.174.6/sheeda/admin/analytics/syncUserDeviceAPI failed as it is not correct json response in content type 34No suitable servers found (`serverSelectionTryOnce` set): [connection closed calling ismaster on '127.0.0.1:27017']
****************** http://52.13.174.6/sheeda/admin/analytics/syncUserDevice
Status code forbidden, internet connectivity not availablehttp://52.13.174.6/sheeda/admin/analytics/syncUserDevice please check your internet connection 35
{"package":"com.gamerzstudio.icecreammaker","appVersionCode":"","appVersionName":"","nativeApp":"0","store":"42","uniqueDeviceID":"9353","appID":"","deviceID":"","region":"","adsQueueEventStats ":[{"adID":"38","sceneID":"24"," request":"935"," impression":"935"," click":"935"}],"gssdkVersion":"v8.1.1","sdkVersionID":"2225","sdkVersion":"2225","devMode":"0"}: Status code not OK,http://52.13.174.6/sheeda/admin/analytics/syncUserDevice API has failed at 35 Forbidden{"message":"HTTP Error 401 - Unauthorized: Access is denied due to invalid credentials."}
{"package":"com.gamerzstudio.icecreammaker","appVersionCode":"","appVersionName":"","nativeApp":"0","store":"42","uniqueDeviceID":"9353","appID":"","deviceID":"","region":"","adsQueueEventStats ":[{"adID":"38","sceneID":"24"," request":"935"," impression":"935"," click":"935"}],"gssdkVersion":"v8.1.1","sdkVersionID":"2225","sdkVersion":"2225","devMode":"0"}: http://52.13.174.6/sheeda/admin/analytics/syncUserDeviceAPI failed as it is not correct json response in content type 35{"message":"HTTP Error 401 - Unauthorized: Access is denied due to invalid credentials."}
{"package":"com.gamerzstudio.icecreammaker","appVersionCode":"","appVersionName":"","nativeApp":"0","store":"42","uniqueDeviceID":"9353","appID":"","deviceID":"","region":"","adsQueueEventStats ":[{"adID":"38","sceneID":"24"," request":"935"," impression":"935"," click":"935"}],"gssdkVersion":"v8.1.1","sdkVersionID":"2225","sdkVersion":"2225","devMode":"0"}: message value is other then completed,http://52.13.174.6/sheeda/admin/analytics/syncUserDeviceapi is failed
****************** http://52.13.174.6/sheeda/admin/analytics/syncUserDevice
{"package":"com.gamerzstudio.gangstercar3Dsimulator","appVersionCode":"","appVersionName":"","nativeApp":"0","store":"41","uniqueDeviceID":"6681","appID":"","deviceID":"","region":"","adsQueueEventStats ":[{"adID":"39","sceneID":"17"," request":"668"," impression":"668"," click":"668"}],"gssdkVersion":"2.0.3","sdkVersionID":"22","sdkVersion":"22","devMode":"0"}: http://52.13.174.6/sheeda/admin/analytics/syncUserDeviceAPI failed as it is not correct json response in content type 36No suitable servers found (`serverSelectionTryOnce` set): [connection closed calling ismaster on '127.0.0.1:27017']
****************** http://52.13.174.6/sheeda/admin/analytics/syncUserDevice
Status code forbidden, internet connectivity not availablehttp://52.13.174.6/sheeda/admin/analytics/syncUserDevice please check your internet connection 37
{"package":"com.gamerzstudio.car.stunts.simulator","appVersionCode":"","appVersionName":"","nativeApp":"0","store":"41","uniqueDeviceID":"586","appID":"","deviceID":"","region":"","adsQueueEventStats ":[{"adID":"40","sceneID":"2"," request":"59"," impression":"59"," click":"59"}],"gssdkVersion":"3.2.2","sdkVersionID":"39","sdkVersion":"39","devMode":"0"}: Status code not OK,http://52.13.174.6/sheeda/admin/analytics/syncUserDevice API has failed at 37 Forbidden{"message":"HTTP Error 401 - Unauthorized: Access is denied due to invalid credentials."}
{"package":"com.gamerzstudio.car.stunts.simulator","appVersionCode":"","appVersionName":"","nativeApp":"0","store":"41","uniqueDeviceID":"586","appID":"","deviceID":"","region":"","adsQueueEventStats ":[{"adID":"40","sceneID":"2"," request":"59"," impression":"59"," click":"59"}],"gssdkVersion":"3.2.2","sdkVersionID":"39","sdkVersion":"39","devMode":"0"}: http://52.13.174.6/sheeda/admin/analytics/syncUserDeviceAPI failed as it is not correct json response in content type 37{"message":"HTTP Error 401 - Unauthorized: Access is denied due to invalid credentials."}
{"package":"com.gamerzstudio.car.stunts.simulator","appVersionCode":"","appVersionName":"","nativeApp":"0","store":"41","uniqueDeviceID":"586","appID":"","deviceID":"","region":"","adsQueueEventStats ":[{"adID":"40","sceneID":"2"," request":"59"," impression":"59"," click":"59"}],"gssdkVersion":"3.2.2","sdkVersionID":"39","sdkVersion":"39","devMode":"0"}: message value is other then completed,http://52.13.174.6/sheeda/admin/analytics/syncUserDeviceapi is failed
****************** http://52.13.174.6/sheeda/admin/analytics/syncUserDevice
Status code forbidden, internet connectivity not availablehttp://52.13.174.6/sheeda/admin/analytics/syncUserDevice please check your internet connection 38
{"package":"com.gamerzstudio.car.stunts.simulator","appVersionCode":"","appVersionName":"","nativeApp":"0","store":"43","uniqueDeviceID":"6093","appID":"","deviceID":"","region":"","adsQueueEventStats ":[{"adID":"41","sceneID":"16"," request":"609"," impression":"609"," click":"609"}],"gssdkVersion":"3.2.2","sdkVersionID":"39","sdkVersion":"39","devMode":"0"}: Status code not OK,http://52.13.174.6/sheeda/admin/analytics/syncUserDevice API has failed at 38 Forbidden{"message":"HTTP Error 401 - Unauthorized: Access is denied due to invalid credentials."}
{"package":"com.gamerzstudio.car.stunts.simulator","appVersionCode":"","appVersionName":"","nativeApp":"0","store":"43","uniqueDeviceID":"6093","appID":"","deviceID":"","region":"","adsQueueEventStats ":[{"adID":"41","sceneID":"16"," request":"609"," impression":"609"," click":"609"}],"gssdkVersion":"3.2.2","sdkVersionID":"39","sdkVersion":"39","devMode":"0"}: http://52.13.174.6/sheeda/admin/analytics/syncUserDeviceAPI failed as it is not correct json response in content type 38{"message":"HTTP Error 401 - Unauthorized: Access is denied due to invalid credentials."}
{"package":"com.gamerzstudio.car.stunts.simulator","appVersionCode":"","appVersionName":"","nativeApp":"0","store":"43","uniqueDeviceID":"6093","appID":"","deviceID":"","region":"","adsQueueEventStats ":[{"adID":"41","sceneID":"16"," request":"609"," impression":"609"," click":"609"}],"gssdkVersion":"3.2.2","sdkVersionID":"39","sdkVersion":"39","devMode":"0"}: message value is other then completed,http://52.13.174.6/sheeda/admin/analytics/syncUserDeviceapi is failed
****************** http://52.13.174.6/sheeda/admin/analytics/syncUserDevice
Status code forbidden, internet connectivity not availablehttp://52.13.174.6/sheeda/admin/analytics/syncUserDevice please check your internet connection 39
{"package":"com.gamerzstudio.sand.excavator.truck.simulator","appVersionCode":"","appVersionName":"","nativeApp":"0","store":"42","uniqueDeviceID":"2789","appID":"","deviceID":"","region":"","adsQueueEventStats ":[{"adID":"42","sceneID":"7"," request":"279"," impression":"279"," click":"279"}],"gssdkVersion":"3.2.2","sdkVersionID":"60","sdkVersion":"60","devMode":"0"}: Status code not OK,http://52.13.174.6/sheeda/admin/analytics/syncUserDevice API has failed at 39 Forbidden{"message":"HTTP Error 401 - Unauthorized: Access is denied due to invalid credentials."}
{"package":"com.gamerzstudio.sand.excavator.truck.simulator","appVersionCode":"","appVersionName":"","nativeApp":"0","store":"42","uniqueDeviceID":"2789","appID":"","deviceID":"","region":"","adsQueueEventStats ":[{"adID":"42","sceneID":"7"," request":"279"," impression":"279"," click":"279"}],"gssdkVersion":"3.2.2","sdkVersionID":"60","sdkVersion":"60","devMode":"0"}: http://52.13.174.6/sheeda/admin/analytics/syncUserDeviceAPI failed as it is not correct json response in content type 39{"message":"HTTP Error 401 - Unauthorized: Access is denied due to invalid credentials."}
{"package":"com.gamerzstudio.sand.excavator.truck.simulator","appVersionCode":"","appVersionName":"","nativeApp":"0","store":"42","uniqueDeviceID":"2789","appID":"","deviceID":"","region":"","adsQueueEventStats ":[{"adID":"42","sceneID":"7"," request":"279"," impression":"279"," click":"279"}],"gssdkVersion":"3.2.2","sdkVersionID":"60","sdkVersion":"60","devMode":"0"}: message value is other then completed,http://52.13.174.6/sheeda/admin/analytics/syncUserDeviceapi is failed
****************** http://52.13.174.6/sheeda/admin/analytics/syncUserDevice
Status code forbidden, internet connectivity not availablehttp://52.13.174.6/sheeda/admin/analytics/syncUserDevice please check your internet connection 40
{"package":"com.gamerzstudio.heavy.excavator.truck.simulator","appVersionCode":"","appVersionName":"","nativeApp":"0","store":"41","uniqueDeviceID":"6344","appID":"","deviceID":"","region":"","adsQueueEventStats ":[{"adID":"43","sceneID":"16"," request":"634"," impression":"634"," click":"634"}],"gssdkVersion":"3.2.2","sdkVersionID":"39","sdkVersion":"39","devMode":"0"}: Status code not OK,http://52.13.174.6/sheeda/admin/analytics/syncUserDevice API has failed at 40 Forbidden{"message":"HTTP Error 401 - Unauthorized: Access is denied due to invalid credentials."}
{"package":"com.gamerzstudio.heavy.excavator.truck.simulator","appVersionCode":"","appVersionName":"","nativeApp":"0","store":"41","uniqueDeviceID":"6344","appID":"","deviceID":"","region":"","adsQueueEventStats ":[{"adID":"43","sceneID":"16"," request":"634"," impression":"634"," click":"634"}],"gssdkVersion":"3.2.2","sdkVersionID":"39","sdkVersion":"39","devMode":"0"}: http://52.13.174.6/sheeda/admin/analytics/syncUserDeviceAPI failed as it is not correct json response in content type 40{"message":"HTTP Error 401 - Unauthorized: Access is denied due to invalid credentials."}
{"package":"com.gamerzstudio.heavy.excavator.truck.simulator","appVersionCode":"","appVersionName":"","nativeApp":"0","store":"41","uniqueDeviceID":"6344","appID":"","deviceID":"","region":"","adsQueueEventStats ":[{"adID":"43","sceneID":"16"," request":"634"," impression":"634"," click":"634"}],"gssdkVersion":"3.2.2","sdkVersionID":"39","sdkVersion":"39","devMode":"0"}: message value is other then completed,http://52.13.174.6/sheeda/admin/analytics/syncUserDeviceapi is failed
****************** http://52.13.174.6/sheeda/admin/analytics/syncUserDevice
Status code forbidden, internet connectivity not availablehttp://52.13.174.6/sheeda/admin/analytics/syncUserDevice please check your internet connection 41
{"package":"com.gamerzstudio.plow.tractor.farming","appVersionCode":"","appVersionName":"","nativeApp":"0","store":"41","uniqueDeviceID":"8264","appID":"","deviceID":"","region":"","adsQueueEventStats ":[{"adID":"44","sceneID":"21"," request":"826"," impression":"826"," click":"826"}],"gssdkVersion":"3.2.2","sdkVersionID":"39","sdkVersion":"39","devMode":"0"}: Status code not OK,http://52.13.174.6/sheeda/admin/analytics/syncUserDevice API has failed at 41 Forbidden{"message":"HTTP Error 401 - Unauthorized: Access is denied due to invalid credentials."}
{"package":"com.gamerzstudio.plow.tractor.farming","appVersionCode":"","appVersionName":"","nativeApp":"0","store":"41","uniqueDeviceID":"8264","appID":"","deviceID":"","region":"","adsQueueEventStats ":[{"adID":"44","sceneID":"21"," request":"826"," impression":"826"," click":"826"}],"gssdkVersion":"3.2.2","sdkVersionID":"39","sdkVersion":"39","devMode":"0"}: http://52.13.174.6/sheeda/admin/analytics/syncUserDeviceAPI failed as it is not correct json response in content type 41{"message":"HTTP Error 401 - Unauthorized: Access is denied due to invalid credentials."}
{"package":"com.gamerzstudio.plow.tractor.farming","appVersionCode":"","appVersionName":"","nativeApp":"0","store":"41","uniqueDeviceID":"8264","appID":"","deviceID":"","region":"","adsQueueEventStats ":[{"adID":"44","sceneID":"21"," request":"826"," impression":"826"," click":"826"}],"gssdkVersion":"3.2.2","sdkVersionID":"39","sdkVersion":"39","devMode":"0"}: message value is other then completed,http://52.13.174.6/sheeda/admin/analytics/syncUserDeviceapi is failed
****************** http://52.13.174.6/sheeda/admin/analytics/syncUserDevice
Status code forbidden, internet connectivity not availablehttp://52.13.174.6/sheeda/admin/analytics/syncUserDevice please check your internet connection 42
{"package":"com.gamerzstudio.cargo.train.transporter","appVersionCode":"","appVersionName":"","nativeApp":"0","store":"41","uniqueDeviceID":"8547","appID":"","deviceID":"","region":"","adsQueueEventStats ":[{"adID":"45","sceneID":"22"," request":"854"," impression":"854"," click":"854"}],"gssdkVersion":"3.2.2","sdkVersionID":"39","sdkVersion":"39","devMode":"0"}: Status code not OK,http://52.13.174.6/sheeda/admin/analytics/syncUserDevice API has failed at 42 Forbidden{"message":"HTTP Error 401 - Unauthorized: Access is denied due to invalid credentials."}
{"package":"com.gamerzstudio.cargo.train.transporter","appVersionCode":"","appVersionName":"","nativeApp":"0","store":"41","uniqueDeviceID":"8547","appID":"","deviceID":"","region":"","adsQueueEventStats ":[{"adID":"45","sceneID":"22"," request":"854"," impression":"854"," click":"854"}],"gssdkVersion":"3.2.2","sdkVersionID":"39","sdkVersion":"39","devMode":"0"}: http://52.13.174.6/sheeda/admin/analytics/syncUserDeviceAPI failed as it is not correct json response in content type 42{"message":"HTTP Error 401 - Unauthorized: Access is denied due to invalid credentials."}
{"package":"com.gamerzstudio.cargo.train.transporter","appVersionCode":"","appVersionName":"","nativeApp":"0","store":"41","uniqueDeviceID":"8547","appID":"","deviceID":"","region":"","adsQueueEventStats ":[{"adID":"45","sceneID":"22"," request":"854"," impression":"854"," click":"854"}],"gssdkVersion":"3.2.2","sdkVersionID":"39","sdkVersion":"39","devMode":"0"}: message value is other then completed,http://52.13.174.6/sheeda/admin/analytics/syncUserDeviceapi is failed
****************** http://52.13.174.6/sheeda/admin/analytics/syncUserDevice
Status code forbidden, internet connectivity not availablehttp://52.13.174.6/sheeda/admin/analytics/syncUserDevice please check your internet connection 43
{"package":"com.gamerzstudio.cargo.train.transporter","appVersionCode":"","appVersionName":"","nativeApp":"0","store":"43","uniqueDeviceID":"6879","appID":"","deviceID":"","region":"","adsQueueEventStats ":[{"adID":"46","sceneID":"18"," request":"688"," impression":"688"," click":"688"}],"gssdkVersion":"3.2.2","sdkVersionID":"39","sdkVersion":"39","devMode":"0"}: Status code not OK,http://52.13.174.6/sheeda/admin/analytics/syncUserDevice API has failed at 43 Forbidden{"message":"HTTP Error 401 - Unauthorized: Access is denied due to invalid credentials."}
{"package":"com.gamerzstudio.cargo.train.transporter","appVersionCode":"","appVersionName":"","nativeApp":"0","store":"43","uniqueDeviceID":"6879","appID":"","deviceID":"","region":"","adsQueueEventStats ":[{"adID":"46","sceneID":"18"," request":"688"," impression":"688"," click":"688"}],"gssdkVersion":"3.2.2","sdkVersionID":"39","sdkVersion":"39","devMode":"0"}: http://52.13.174.6/sheeda/admin/analytics/syncUserDeviceAPI failed as it is not correct json response in content type 43{"message":"HTTP Error 401 - Unauthorized: Access is denied due to invalid credentials."}
{"package":"com.gamerzstudio.cargo.train.transporter","appVersionCode":"","appVersionName":"","nativeApp":"0","store":"43","uniqueDeviceID":"6879","appID":"","deviceID":"","region":"","adsQueueEventStats ":[{"adID":"46","sceneID":"18"," request":"688"," impression":"688"," click":"688"}],"gssdkVersion":"3.2.2","sdkVersionID":"39","sdkVersion":"39","devMode":"0"}: message value is other then completed,http://52.13.174.6/sheeda/admin/analytics/syncUserDeviceapi is failed
****************** http://52.13.174.6/sheeda/admin/analytics/syncUserDevice
{"package":"com.gamerzstudio.police.bike.racing.moto","appVersionCode":"","appVersionName":"","nativeApp":"0","store":"41","uniqueDeviceID":"8798","appID":"","deviceID":"","region":"","adsQueueEventStats ":[{"adID":"47","sceneID":"22"," request":"879"," impression":"879"," click":"879"}],"gssdkVersion":"2.0.3","sdkVersionID":"22","sdkVersion":"22","devMode":"0"}: http://52.13.174.6/sheeda/admin/analytics/syncUserDeviceAPI failed as it is not correct json response in content type 44No suitable servers found (`serverSelectionTryOnce` set): [connection closed calling ismaster on '127.0.0.1:27017']
****************** http://52.13.174.6/sheeda/admin/analytics/syncUserDevice
Status code forbidden, internet connectivity not availablehttp://52.13.174.6/sheeda/admin/analytics/syncUserDevice please check your internet connection 45
{"package":"com.gamerzstudio.jet.fighter.vs.tank.attack.action","appVersionCode":"","appVersionName":"","nativeApp":"0","store":"41","uniqueDeviceID":"3783","appID":"","deviceID":"","region":"","adsQueueEventStats ":[{"adID":"48","sceneID":"10"," request":"378"," impression":"378"," click":"378"}],"gssdkVersion":"3.2.2","sdkVersionID":"39","sdkVersion":"39","devMode":"0"}: Status code not OK,http://52.13.174.6/sheeda/admin/analytics/syncUserDevice API has failed at 45 Forbidden{"message":"HTTP Error 401 - Unauthorized: Access is denied due to invalid credentials."}
{"package":"com.gamerzstudio.jet.fighter.vs.tank.attack.action","appVersionCode":"","appVersionName":"","nativeApp":"0","store":"41","uniqueDeviceID":"3783","appID":"","deviceID":"","region":"","adsQueueEventStats ":[{"adID":"48","sceneID":"10"," request":"378"," impression":"378"," click":"378"}],"gssdkVersion":"3.2.2","sdkVersionID":"39","sdkVersion":"39","devMode":"0"}: http://52.13.174.6/sheeda/admin/analytics/syncUserDeviceAPI failed as it is not correct json response in content type 45{"message":"HTTP Error 401 - Unauthorized: Access is denied due to invalid credentials."}
{"package":"com.gamerzstudio.jet.fighter.vs.tank.attack.action","appVersionCode":"","appVersionName":"","nativeApp":"0","store":"41","uniqueDeviceID":"3783","appID":"","deviceID":"","region":"","adsQueueEventStats ":[{"adID":"48","sceneID":"10"," request":"378"," impression":"378"," click":"378"}],"gssdkVersion":"3.2.2","sdkVersionID":"39","sdkVersion":"39","devMode":"0"}: message value is other then completed,http://52.13.174.6/sheeda/admin/analytics/syncUserDeviceapi is failed
****************** http://52.13.174.6/sheeda/admin/analytics/syncUserDevice
{"package":"com.gamerzstudio.ninja.warrior.attack.action","appVersionCode":"","appVersionName":"","nativeApp":"0","store":"41","uniqueDeviceID":"2115","appID":"","deviceID":"","region":"","adsQueueEventStats ":[{"adID":"49","sceneID":"6"," request":"212"," impression":"212"," click":"212"}],"gssdkVersion":"2.0.3","sdkVersionID":"22","sdkVersion":"22","devMode":"0"}: http://52.13.174.6/sheeda/admin/analytics/syncUserDeviceAPI failed as it is not correct json response in content type 46No suitable servers found (`serverSelectionTryOnce` set): [connection closed calling ismaster on '127.0.0.1:27017']
****************** http://52.13.174.6/sheeda/admin/analytics/syncUserDevice
{"package":"com.gamerzstudio.sand.excavator.transporter.simulator","appVersionCode":"","appVersionName":"","nativeApp":"0","store":"41","uniqueDeviceID":"9922","appID":"","deviceID":"","region":"","adsQueueEventStats ":[{"adID":"50","sceneID":"25"," request":"992"," impression":"992"," click":"992"}],"gssdkVersion":"2.0.3","sdkVersionID":"22","sdkVersion":"22","devMode":"0"}: http://52.13.174.6/sheeda/admin/analytics/syncUserDeviceAPI failed as it is not correct json response in content type 47No suitable servers found (`serverSelectionTryOnce` set): [connection closed calling ismaster on '127.0.0.1:27017']
****************** http://52.13.174.6/sheeda/admin/analytics/syncUserDevice
Status code forbidden, internet connectivity not availablehttp://52.13.174.6/sheeda/admin/analytics/syncUserDevice please check your internet connection 48
{"package":"com.gamerzstudio.crime.city.vendetta.simulator","appVersionCode":"","appVersionName":"","nativeApp":"0","store":"41","uniqueDeviceID":"6651","appID":"","deviceID":"","region":"","adsQueueEventStats ":[{"adID":"52","sceneID":"17"," request":"665"," impression":"665"," click":"665"}],"gssdkVersion":"3.2.2","sdkVersionID":"39","sdkVersion":"39","devMode":"0"}: Status code not OK,http://52.13.174.6/sheeda/admin/analytics/syncUserDevice API has failed at 48 Forbidden{"message":"HTTP Error 401 - Unauthorized: Access is denied due to invalid credentials."}
{"package":"com.gamerzstudio.crime.city.vendetta.simulator","appVersionCode":"","appVersionName":"","nativeApp":"0","store":"41","uniqueDeviceID":"6651","appID":"","deviceID":"","region":"","adsQueueEventStats ":[{"adID":"52","sceneID":"17"," request":"665"," impression":"665"," click":"665"}],"gssdkVersion":"3.2.2","sdkVersionID":"39","sdkVersion":"39","devMode":"0"}: http://52.13.174.6/sheeda/admin/analytics/syncUserDeviceAPI failed as it is not correct json response in content type 48{"message":"HTTP Error 401 - Unauthorized: Access is denied due to invalid credentials."}
{"package":"com.gamerzstudio.crime.city.vendetta.simulator","appVersionCode":"","appVersionName":"","nativeApp":"0","store":"41","uniqueDeviceID":"6651","appID":"","deviceID":"","region":"","adsQueueEventStats ":[{"adID":"52","sceneID":"17"," request":"665"," impression":"665"," click":"665"}],"gssdkVersion":"3.2.2","sdkVersionID":"39","sdkVersion":"39","devMode":"0"}: message value is other then completed,http://52.13.174.6/sheeda/admin/analytics/syncUserDeviceapi is failed
****************** http://52.13.174.6/sheeda/admin/analytics/syncUserDevice
Status code forbidden, internet connectivity not availablehttp://52.13.174.6/sheeda/admin/analytics/syncUserDevice please check your internet connection 49
{"package":"com.gamerzstudio.city.construction.road.builder","appVersionCode":"","appVersionName":"","nativeApp":"0","store":"41","uniqueDeviceID":"8570","appID":"","deviceID":"","region":"","adsQueueEventStats ":[{"adID":"53","sceneID":"22"," request":"857"," impression":"857"," click":"857"}],"gssdkVersion":"3.2.2","sdkVersionID":"39","sdkVersion":"39","devMode":"0"}: Status code not OK,http://52.13.174.6/sheeda/admin/analytics/syncUserDevice API has failed at 49 Forbidden{"message":"HTTP Error 401 - Unauthorized: Access is denied due to invalid credentials."}
{"package":"com.gamerzstudio.city.construction.road.builder","appVersionCode":"","appVersionName":"","nativeApp":"0","store":"41","uniqueDeviceID":"8570","appID":"","deviceID":"","region":"","adsQueueEventStats ":[{"adID":"53","sceneID":"22"," request":"857"," impression":"857"," click":"857"}],"gssdkVersion":"3.2.2","sdkVersionID":"39","sdkVersion":"39","devMode":"0"}: http://52.13.174.6/sheeda/admin/analytics/syncUserDeviceAPI failed as it is not correct json response in content type 49{"message":"HTTP Error 401 - Unauthorized: Access is denied due to invalid credentials."}
{"package":"com.gamerzstudio.city.construction.road.builder","appVersionCode":"","appVersionName":"","nativeApp":"0","store":"41","uniqueDeviceID":"8570","appID":"","deviceID":"","region":"","adsQueueEventStats ":[{"adID":"53","sceneID":"22"," request":"857"," impression":"857"," click":"857"}],"gssdkVersion":"3.2.2","sdkVersionID":"39","sdkVersion":"39","devMode":"0"}: message value is other then completed,http://52.13.174.6/sheeda/admin/analytics/syncUserDeviceapi is failed
</DebugTrace>
      </Output>
    </UnitTestResult>
  </Results>
</TestRun>