<?xml version="1.0" encoding="UTF-8"?>
<TestRun id="435c1aeb-6113-4fb1-a8a7-15c7ebb38158" name="SYSTEM@DESKTOP-5AJ0SB3 2021-01-06 14:15:03" runUser="NT AUTHORITY\SYSTEM" xmlns="http://microsoft.com/schemas/VisualStudio/TeamTest/2010">
  <TestSettings name="Default Test Settings" id="c6431672-cc1a-4765-af1b-543ee07da72d">
    <Deployment userDeploymentRoot="E:\Automation\Automation_API_Windows\Monetization_Automation\Monetization_Automation\Monetization_Automation\AutomationAPIExecutionResultsFiles" useDefaultDeploymentRoot="false" runDeploymentRoot="SYSTEM_DESKTOP-5AJ0SB3 2021-01-06 14_15_03" />
    <Execution>
      <TestTypeSpecific />
      <AgentRule name="Execution Agents">
      </AgentRule>
    </Execution>
    <Properties />
  </TestSettings>
  <Times creation="2021-01-06T14:15:03.4443661+05:00" queuing="2021-01-06T14:15:21.5524619+05:00" start="2021-01-06T14:15:21.6462062+05:00" finish="2021-01-06T14:27:58.3304791+05:00" />
  <ResultSummary outcome="Warning">
    <Counters total="7" executed="7" passed="7" error="0" failed="0" timeout="0" aborted="0" inconclusive="0" passedButRunAborted="0" notRunnable="0" notExecuted="0" disconnected="0" warning="0" completed="0" inProgress="0" pending="0" />
    <RunInfos>
      <RunInfo computerName="DESKTOP-5AJ0SB3" outcome="Warning" timestamp="2021-01-06T14:15:21.5368576+05:00">
        <Text>Warning: conflict during test run deployment: deployment item 'E:\Automation\Automation_API_Windows\Monetization_Automation\Monetization_Automation\Monetization_Automation\Monetization_Automation.Utils\Monetization_Automation.Utils\bin\Debug\Monetization_Automation.Utils.dll' specified by the test 'Monetization_Automation.Test.F_SyncAppUnityAPIInputGenerator.G_SyncAppunityMainMethodCodeGenerator' cannot be deployed to 'Google.Protobuf.dll' because otherwise the file 'E:\Automation\Automation_API_Windows\Monetization_Automation\Monetization_Automation\Monetization_Automation\Monetization_Automation.Utils\Monetization_Automation.Utils\bin\Debug\Google.Protobuf.dll' would overwrite deployment item 'e:\automation\automation_api_windows\monetization_automation\monetization_automation\monetization_automation\testingapi\bin\debug\Google.Protobuf.dll' directly or indirectly referenced by the test container 'e:\automation\automation_api_windows\monetization_automation\monetization_automation\monetization_automation\testingapi\bin\debug\monetization_automation.test.dll'.</Text>
      </RunInfo>
      <RunInfo computerName="DESKTOP-5AJ0SB3" outcome="Warning" timestamp="2021-01-06T14:15:21.5368576+05:00">
        <Text>Warning: conflict during test run deployment: deployment item 'E:\Automation\Automation_API_Windows\Monetization_Automation\Monetization_Automation\Monetization_Automation\Monetization_Automation.Utils\Monetization_Automation.Utils\bin\Debug\Monetization_Automation.Utils.dll' specified by the test 'Monetization_Automation.Test.F_SyncAppUnityAPIInputGenerator.G_SyncAppunityMainMethodCodeGenerator' cannot be deployed to 'K4os.Compression.LZ4.Streams.dll' because otherwise the file 'E:\Automation\Automation_API_Windows\Monetization_Automation\Monetization_Automation\Monetization_Automation\Monetization_Automation.Utils\Monetization_Automation.Utils\bin\Debug\K4os.Compression.LZ4.Streams.dll' would overwrite deployment item 'e:\automation\automation_api_windows\monetization_automation\monetization_automation\monetization_automation\testingapi\bin\debug\K4os.Compression.LZ4.Streams.dll' directly or indirectly referenced by the test container 'e:\automation\automation_api_windows\monetization_automation\monetization_automation\monetization_automation\testingapi\bin\debug\monetization_automation.test.dll'.</Text>
      </RunInfo>
      <RunInfo computerName="DESKTOP-5AJ0SB3" outcome="Warning" timestamp="2021-01-06T14:15:21.5368576+05:00">
        <Text>Warning: conflict during test run deployment: deployment item 'E:\Automation\Automation_API_Windows\Monetization_Automation\Monetization_Automation\Monetization_Automation\Monetization_Automation.Utils\Monetization_Automation.Utils\bin\Debug\Monetization_Automation.Utils.dll' specified by the test 'Monetization_Automation.Test.F_SyncAppUnityAPIInputGenerator.G_SyncAppunityMainMethodCodeGenerator' cannot be deployed to 'K4os.Compression.LZ4.dll' because otherwise the file 'E:\Automation\Automation_API_Windows\Monetization_Automation\Monetization_Automation\Monetization_Automation\Monetization_Automation.Utils\Monetization_Automation.Utils\bin\Debug\K4os.Compression.LZ4.dll' would overwrite deployment item 'e:\automation\automation_api_windows\monetization_automation\monetization_automation\monetization_automation\testingapi\bin\debug\K4os.Compression.LZ4.dll' directly or indirectly referenced by the test container 'e:\automation\automation_api_windows\monetization_automation\monetization_automation\monetization_automation\testingapi\bin\debug\monetization_automation.test.dll'.</Text>
      </RunInfo>
      <RunInfo computerName="DESKTOP-5AJ0SB3" outcome="Warning" timestamp="2021-01-06T14:15:21.5368576+05:00">
        <Text>Warning: conflict during test run deployment: deployment item 'E:\Automation\Automation_API_Windows\Monetization_Automation\Monetization_Automation\Monetization_Automation\Monetization_Automation.Utils\Monetization_Automation.Utils\bin\Debug\Monetization_Automation.Utils.dll' specified by the test 'Monetization_Automation.Test.F_SyncAppUnityAPIInputGenerator.G_SyncAppunityMainMethodCodeGenerator' cannot be deployed to 'System.Memory.dll' because otherwise the file 'E:\Automation\Automation_API_Windows\Monetization_Automation\Monetization_Automation\Monetization_Automation\Monetization_Automation.Utils\Monetization_Automation.Utils\bin\Debug\System.Memory.dll' would overwrite deployment item 'e:\automation\automation_api_windows\monetization_automation\monetization_automation\monetization_automation\testingapi\bin\debug\System.Memory.dll' directly or indirectly referenced by the test container 'e:\automation\automation_api_windows\monetization_automation\monetization_automation\monetization_automation\testingapi\bin\debug\monetization_automation.test.dll'.</Text>
      </RunInfo>
      <RunInfo computerName="DESKTOP-5AJ0SB3" outcome="Warning" timestamp="2021-01-06T14:15:21.5368576+05:00">
        <Text>Warning: conflict during test run deployment: deployment item 'E:\Automation\Automation_API_Windows\Monetization_Automation\Monetization_Automation\Monetization_Automation\Monetization_Automation.Utils\Monetization_Automation.Utils\bin\Debug\Monetization_Automation.Utils.dll' specified by the test 'Monetization_Automation.Test.F_SyncAppUnityAPIInputGenerator.G_SyncAppunityMainMethodCodeGenerator' cannot be deployed to 'System.Numerics.Vectors.dll' because otherwise the file 'E:\Automation\Automation_API_Windows\Monetization_Automation\Monetization_Automation\Monetization_Automation\Monetization_Automation.Utils\Monetization_Automation.Utils\bin\Debug\System.Numerics.Vectors.dll' would overwrite deployment item 'e:\automation\automation_api_windows\monetization_automation\monetization_automation\monetization_automation\testingapi\bin\debug\System.Numerics.Vectors.dll' directly or indirectly referenced by the test container 'e:\automation\automation_api_windows\monetization_automation\monetization_automation\monetization_automation\testingapi\bin\debug\monetization_automation.test.dll'.</Text>
      </RunInfo>
      <RunInfo computerName="DESKTOP-5AJ0SB3" outcome="Warning" timestamp="2021-01-06T14:15:21.5368576+05:00">
        <Text>Warning: conflict during test run deployment: deployment item 'E:\Automation\Automation_API_Windows\Monetization_Automation\Monetization_Automation\Monetization_Automation\Monetization_Automation.Utils\Monetization_Automation.Utils\bin\Debug\Monetization_Automation.Utils.dll' specified by the test 'Monetization_Automation.Test.F_SyncAppUnityAPIInputGenerator.G_SyncAppunityMainMethodCodeGenerator' cannot be deployed to 'BouncyCastle.Crypto.dll' because otherwise the file 'E:\Automation\Automation_API_Windows\Monetization_Automation\Monetization_Automation\Monetization_Automation\Monetization_Automation.Utils\Monetization_Automation.Utils\bin\Debug\BouncyCastle.Crypto.dll' would overwrite deployment item 'e:\automation\automation_api_windows\monetization_automation\monetization_automation\monetization_automation\testingapi\bin\debug\BouncyCastle.Crypto.dll' directly or indirectly referenced by the test container 'e:\automation\automation_api_windows\monetization_automation\monetization_automation\monetization_automation\testingapi\bin\debug\monetization_automation.test.dll'.</Text>
      </RunInfo>
      <RunInfo computerName="DESKTOP-5AJ0SB3" outcome="Warning" timestamp="2021-01-06T14:15:21.5368576+05:00">
        <Text>Warning: Test Run deployment issue: The assembly or module 'office' directly or indirectly referenced by the test container 'e:\automation\automation_api_windows\monetization_automation\monetization_automation\monetization_automation\testingapi\bin\debug\monetization_automation.test.dll' was not found.</Text>
      </RunInfo>
      <RunInfo computerName="DESKTOP-5AJ0SB3" outcome="Warning" timestamp="2021-01-06T14:15:21.5368576+05:00">
        <Text>Warning: Test Run deployment issue: The assembly or module 'Microsoft.Vbe.Interop' directly or indirectly referenced by the test container 'e:\automation\automation_api_windows\monetization_automation\monetization_automation\monetization_automation\testingapi\bin\debug\monetization_automation.test.dll' was not found.</Text>
      </RunInfo>
      <RunInfo computerName="DESKTOP-5AJ0SB3" outcome="Warning" timestamp="2021-01-06T14:15:21.5368576+05:00">
        <Text>Warning: Test Run deployment issue: The assembly or module 'System.Memory' directly or indirectly referenced by deployment item 'E:\Automation\Automation_API_Windows\Monetization_Automation\Monetization_Automation\Monetization_Automation\Monetization_Automation.Utils\Monetization_Automation.Utils\bin\Debug\Monetization_Automation.Utils.dll' specified by the test 'Monetization_Automation.Test.F_SyncAppUnityAPIInputGenerator.G_SyncAppunityMainMethodCodeGenerator' was not found.</Text>
      </RunInfo>
      <RunInfo computerName="DESKTOP-5AJ0SB3" outcome="Warning" timestamp="2021-01-06T14:15:21.5368576+05:00">
        <Text>Warning: Test Run deployment issue: The assembly or module 'System.Runtime.CompilerServices.Unsafe' directly or indirectly referenced by deployment item 'E:\Automation\Automation_API_Windows\Monetization_Automation\Monetization_Automation\Monetization_Automation\Monetization_Automation.Utils\Monetization_Automation.Utils\bin\Debug\Monetization_Automation.Utils.dll' specified by the test 'Monetization_Automation.Test.F_SyncAppUnityAPIInputGenerator.G_SyncAppunityMainMethodCodeGenerator' was not found.</Text>
      </RunInfo>
      <RunInfo computerName="DESKTOP-5AJ0SB3" outcome="Warning" timestamp="2021-01-06T14:15:21.5368576+05:00">
        <Text>Warning: Test Run deployment issue: The assembly or module 'System.Buffers' directly or indirectly referenced by deployment item 'E:\Automation\Automation_API_Windows\Monetization_Automation\Monetization_Automation\Monetization_Automation\Monetization_Automation.Utils\Monetization_Automation.Utils\bin\Debug\Monetization_Automation.Utils.dll' specified by the test 'Monetization_Automation.Test.F_SyncAppUnityAPIInputGenerator.G_SyncAppunityMainMethodCodeGenerator' was not found.</Text>
      </RunInfo>
    </RunInfos>
  </ResultSummary>
  <TestDefinitions>
    <UnitTest name="G_SyncAppunityMainMethodCodeGenerator" storage="e:\automation\automation_api_windows\monetization_automation\monetization_automation\monetization_automation\testingapi\bin\debug\monetization_automation.test.dll" id="f70c910a-cc07-24cb-0d1c-bc2c00fc396f">
      <DeploymentItems>
        <DeploymentItem filename="E:\Automation\Automation_API_Windows\Monetization_Automation\Monetization_Automation\Monetization_Automation\Monetization_Automation.Utils\Monetization_Automation.Utils\bin\Debug\Monetization_Automation.Utils.dll" />
      </DeploymentItems>
      <Execution id="371f73db-a94d-460f-a5db-0a2f5b8c3c61" />
      <TestMethod codeBase="E:/Automation/Automation_API_Windows/Monetization_Automation/Monetization_Automation/Monetization_Automation/TestingAPI/bin/Debug/Monetization_Automation.Test.DLL" adapterTypeName="Microsoft.VisualStudio.TestTools.TestTypes.Unit.UnitTestAdapter, Microsoft.VisualStudio.QualityTools.Tips.UnitTest.Adapter, Version=16.0.0.0, Culture=neutral, PublicKeyToken=b03f5f7f11d50a3a" className="Monetization_Automation.Test.F_SyncAppUnityAPIInputGenerator, Monetization_Automation.Test, Version=1.0.0.0, Culture=neutral, PublicKeyToken=null" name="G_SyncAppunityMainMethodCodeGenerator" />
    </UnitTest>
    <UnitTest name="B_CampaignLogSummaryMainMethodCodeGenerator" storage="e:\automation\automation_api_windows\monetization_automation\monetization_automation\monetization_automation\testingapi\bin\debug\monetization_automation.test.dll" id="04151d7f-9c61-1489-4cc0-5cc1dc07baee">
      <DeploymentItems>
        <DeploymentItem filename="E:\Automation\Automation_API_Windows\Monetization_Automation\Monetization_Automation\Monetization_Automation\Monetization_Automation.Utils\Monetization_Automation.Utils\bin\Debug\Monetization_Automation.Utils.dll" />
      </DeploymentItems>
      <Execution id="1694c369-7cb7-4bed-b21e-dbdf821085fd" />
      <TestMethod codeBase="E:/Automation/Automation_API_Windows/Monetization_Automation/Monetization_Automation/Monetization_Automation/TestingAPI/bin/Debug/Monetization_Automation.Test.DLL" adapterTypeName="Microsoft.VisualStudio.TestTools.TestTypes.Unit.UnitTestAdapter, Microsoft.VisualStudio.QualityTools.Tips.UnitTest.Adapter, Version=16.0.0.0, Culture=neutral, PublicKeyToken=b03f5f7f11d50a3a" className="Monetization_Automation.Test.B_CampaignLogSummaryAPIInputGenerator, Monetization_Automation.Test, Version=1.0.0.0, Culture=neutral, PublicKeyToken=null" name="B_CampaignLogSummaryMainMethodCodeGenerator" />
    </UnitTest>
    <UnitTest name="E_StartNewAdSessionMainInputGenerator" storage="e:\automation\automation_api_windows\monetization_automation\monetization_automation\monetization_automation\testingapi\bin\debug\monetization_automation.test.dll" id="bfc1b289-dbbb-3bad-fc5e-78e601449e19">
      <DeploymentItems>
        <DeploymentItem filename="E:\Automation\Automation_API_Windows\Monetization_Automation\Monetization_Automation\Monetization_Automation\Monetization_Automation.Utils\Monetization_Automation.Utils\bin\Debug\Monetization_Automation.Utils.dll" />
      </DeploymentItems>
      <Execution id="14a57eb3-3528-4f7a-8d1d-a7895bdc0712" />
      <TestMethod codeBase="E:/Automation/Automation_API_Windows/Monetization_Automation/Monetization_Automation/Monetization_Automation/TestingAPI/bin/Debug/Monetization_Automation.Test.DLL" adapterTypeName="Microsoft.VisualStudio.TestTools.TestTypes.Unit.UnitTestAdapter, Microsoft.VisualStudio.QualityTools.Tips.UnitTest.Adapter, Version=16.0.0.0, Culture=neutral, PublicKeyToken=b03f5f7f11d50a3a" className="Monetization_Automation.Test.E_StartNewAdSessionInputGenerator, Monetization_Automation.Test, Version=1.0.0.0, Culture=neutral, PublicKeyToken=null" name="E_StartNewAdSessionMainInputGenerator" />
    </UnitTest>
    <UnitTest name="A_SyncAppNativeMainMethodInputGenerator" storage="e:\automation\automation_api_windows\monetization_automation\monetization_automation\monetization_automation\testingapi\bin\debug\monetization_automation.test.dll" id="b1df3d41-c071-e99d-12ca-f9fb92f1350c">
      <DeploymentItems>
        <DeploymentItem filename="E:\Automation\Automation_API_Windows\Monetization_Automation\Monetization_Automation\Monetization_Automation\Monetization_Automation.Utils\Monetization_Automation.Utils\bin\Debug\Monetization_Automation.Utils.dll" />
      </DeploymentItems>
      <Execution id="a50986d9-2a93-4c2a-a117-8b76679577d3" />
      <TestMethod codeBase="E:/Automation/Automation_API_Windows/Monetization_Automation/Monetization_Automation/Monetization_Automation/TestingAPI/bin/Debug/Monetization_Automation.Test.DLL" adapterTypeName="Microsoft.VisualStudio.TestTools.TestTypes.Unit.UnitTestAdapter, Microsoft.VisualStudio.QualityTools.Tips.UnitTest.Adapter, Version=16.0.0.0, Culture=neutral, PublicKeyToken=b03f5f7f11d50a3a" className="Monetization_Automation.Test.A_SyncAppNativeAPIInputGenerator, Monetization_Automation.Test, Version=1.0.0.0, Culture=neutral, PublicKeyToken=null" name="A_SyncAppNativeMainMethodInputGenerator" />
    </UnitTest>
    <UnitTest name="D_SaveNetworkrStatsMainMethodCodeGenerator" storage="e:\automation\automation_api_windows\monetization_automation\monetization_automation\monetization_automation\testingapi\bin\debug\monetization_automation.test.dll" id="20f0da05-06f5-50cc-bee5-9ac7cf561794">
      <DeploymentItems>
        <DeploymentItem filename="E:\Automation\Automation_API_Windows\Monetization_Automation\Monetization_Automation\Monetization_Automation\Monetization_Automation.Utils\Monetization_Automation.Utils\bin\Debug\Monetization_Automation.Utils.dll" />
      </DeploymentItems>
      <Execution id="9bed0fd4-9be9-41b8-a67a-c6d722ca7879" />
      <TestMethod codeBase="E:/Automation/Automation_API_Windows/Monetization_Automation/Monetization_Automation/Monetization_Automation/TestingAPI/bin/Debug/Monetization_Automation.Test.DLL" adapterTypeName="Microsoft.VisualStudio.TestTools.TestTypes.Unit.UnitTestAdapter, Microsoft.VisualStudio.QualityTools.Tips.UnitTest.Adapter, Version=16.0.0.0, Culture=neutral, PublicKeyToken=b03f5f7f11d50a3a" className="Monetization_Automation.Test.D_SaveNetworkrStatsAPIInputGenerator, Monetization_Automation.Test, Version=1.0.0.0, Culture=neutral, PublicKeyToken=null" name="D_SaveNetworkrStatsMainMethodCodeGenerator" />
    </UnitTest>
    <UnitTest name="C_RecordClicksFromDeviceMainMethodCodeGenerator" storage="e:\automation\automation_api_windows\monetization_automation\monetization_automation\monetization_automation\testingapi\bin\debug\monetization_automation.test.dll" id="d249d328-6d44-2c2d-6ed9-e0b5d6f69772">
      <DeploymentItems>
        <DeploymentItem filename="E:\Automation\Automation_API_Windows\Monetization_Automation\Monetization_Automation\Monetization_Automation\Monetization_Automation.Utils\Monetization_Automation.Utils\bin\Debug\Monetization_Automation.Utils.dll" />
      </DeploymentItems>
      <Execution id="ee9581ba-a3eb-4c8a-a768-f1a351c91da9" />
      <TestMethod codeBase="E:/Automation/Automation_API_Windows/Monetization_Automation/Monetization_Automation/Monetization_Automation/TestingAPI/bin/Debug/Monetization_Automation.Test.DLL" adapterTypeName="Microsoft.VisualStudio.TestTools.TestTypes.Unit.UnitTestAdapter, Microsoft.VisualStudio.QualityTools.Tips.UnitTest.Adapter, Version=16.0.0.0, Culture=neutral, PublicKeyToken=b03f5f7f11d50a3a" className="Monetization_Automation.Test.C_RecordClicksFromDeviceInputGenerator, Monetization_Automation.Test, Version=1.0.0.0, Culture=neutral, PublicKeyToken=null" name="C_RecordClicksFromDeviceMainMethodCodeGenerator" />
    </UnitTest>
    <UnitTest name="F_SyncUserDeviceMainMethodCodeGenerator" storage="e:\automation\automation_api_windows\monetization_automation\monetization_automation\monetization_automation\testingapi\bin\debug\monetization_automation.test.dll" id="4d0749f1-2acf-bf6d-9151-b617319ecfaf">
      <DeploymentItems>
        <DeploymentItem filename="E:\Automation\Automation_API_Windows\Monetization_Automation\Monetization_Automation\Monetization_Automation\Monetization_Automation.Utils\Monetization_Automation.Utils\bin\Debug\Monetization_Automation.Utils.dll" />
      </DeploymentItems>
      <Execution id="0865b126-1cd9-4822-a1d4-b850c8705494" />
      <TestMethod codeBase="E:/Automation/Automation_API_Windows/Monetization_Automation/Monetization_Automation/Monetization_Automation/TestingAPI/bin/Debug/Monetization_Automation.Test.DLL" adapterTypeName="Microsoft.VisualStudio.TestTools.TestTypes.Unit.UnitTestAdapter, Microsoft.VisualStudio.QualityTools.Tips.UnitTest.Adapter, Version=16.0.0.0, Culture=neutral, PublicKeyToken=b03f5f7f11d50a3a" className="Monetization_Automation.Test.G_SyncUserDeviceAPIInputGenerator, Monetization_Automation.Test, Version=1.0.0.0, Culture=neutral, PublicKeyToken=null" name="F_SyncUserDeviceMainMethodCodeGenerator" />
    </UnitTest>
  </TestDefinitions>
  <TestLists>
    <TestList name="Results Not in a List" id="8c84fa94-04c1-424b-9868-57a2d4851a1d" />
    <TestList name="All Loaded Results" id="19431567-8539-422a-85d7-44ee4e166bda" />
  </TestLists>
  <TestEntries>
    <TestEntry testId="b1df3d41-c071-e99d-12ca-f9fb92f1350c" executionId="a50986d9-2a93-4c2a-a117-8b76679577d3" testListId="8c84fa94-04c1-424b-9868-57a2d4851a1d" />
    <TestEntry testId="04151d7f-9c61-1489-4cc0-5cc1dc07baee" executionId="1694c369-7cb7-4bed-b21e-dbdf821085fd" testListId="8c84fa94-04c1-424b-9868-57a2d4851a1d" />
    <TestEntry testId="d249d328-6d44-2c2d-6ed9-e0b5d6f69772" executionId="ee9581ba-a3eb-4c8a-a768-f1a351c91da9" testListId="8c84fa94-04c1-424b-9868-57a2d4851a1d" />
    <TestEntry testId="20f0da05-06f5-50cc-bee5-9ac7cf561794" executionId="9bed0fd4-9be9-41b8-a67a-c6d722ca7879" testListId="8c84fa94-04c1-424b-9868-57a2d4851a1d" />
    <TestEntry testId="bfc1b289-dbbb-3bad-fc5e-78e601449e19" executionId="14a57eb3-3528-4f7a-8d1d-a7895bdc0712" testListId="8c84fa94-04c1-424b-9868-57a2d4851a1d" />
    <TestEntry testId="f70c910a-cc07-24cb-0d1c-bc2c00fc396f" executionId="371f73db-a94d-460f-a5db-0a2f5b8c3c61" testListId="8c84fa94-04c1-424b-9868-57a2d4851a1d" />
    <TestEntry testId="4d0749f1-2acf-bf6d-9151-b617319ecfaf" executionId="0865b126-1cd9-4822-a1d4-b850c8705494" testListId="8c84fa94-04c1-424b-9868-57a2d4851a1d" />
  </TestEntries>
  <Results>
    <UnitTestResult executionId="a50986d9-2a93-4c2a-a117-8b76679577d3" testId="b1df3d41-c071-e99d-12ca-f9fb92f1350c" testName="A_SyncAppNativeMainMethodInputGenerator" computerName="DESKTOP-5AJ0SB3" duration="00:02:43.9384905" startTime="2021-01-06T14:15:21.7087003+05:00" endTime="2021-01-06T14:18:11.5050810+05:00" testType="13cdc9d9-ddb5-4fa4-a97d-d965ccfc6d4b" outcome="Passed" testListId="8c84fa94-04c1-424b-9868-57a2d4851a1d" relativeResultsDirectory="a50986d9-2a93-4c2a-a117-8b76679577d3">
      <Output>
        <DebugTrace>****************** http://52.13.174.6/sheeda/admin/json/syncApp
****************** 
SELECT apps.package, apps.osID, apps.companyID, users.userSignature, apps.appVersionCode, apps.appVersionName
FROM apps JOIN users ON apps.companyID = users.companyID
WHERE apps.sdkID &gt; 20 AND apps.app_type = 'app' AND users.isAdmin = 1 AND users. STATUS = 1 ORDER BY companyID ASC
LIMIT 50
****************** 
****************** SELECT sdkID, ver FROM `sdk_info` WHERE `description` LIKE '%Native mediation%' AND sdkID &gt; 2173 LIMIT 50
****************** 
****************** select adID from ads where ad_type != 'analytics' and ad_type ='interstitial'
****************** select adID from ads where ad_type != 'analytics' and ad_type ='banner'
****************** select adID from ads where ad_type != 'analytics' and ad_type ='native'
****************** select adID from ads where ad_type != 'analytics' and ad_type ='rewarded_video'
Ads mediation queue value is set
Mediation mode value is set
child directed value is set
Sequences value is set
Is hide ads value is set
Ads mediation queue value is set
Mediation mode value is set
child directed value is set
Sequences value is set
Is hide ads value is set
Ads mediation queue value is set
Mediation mode value is set
child directed value is set
Sequences value is set
Is hide ads value is set
Ads mediation queue value is set
Mediation mode value is set
child directed value is set
Sequences value is set
Is hide ads value is set
Ads mediation queue value is set
Mediation mode value is set
child directed value is set
Sequences value is set
Is hide ads value is set
Ads mediation queue value is set
Mediation mode value is set
child directed value is set
Sequences value is set
Is hide ads value is set
Ads mediation queue value is set
Mediation mode value is set
child directed value is set
Sequences value is set
Is hide ads value is set
Ads mediation queue value is set
Mediation mode value is set
child directed value is set
Sequences value is set
Is hide ads value is set
Ads mediation queue value is set
Mediation mode value is set
child directed value is set
Sequences value is set
Is hide ads value is set
Ads mediation queue value is set
Mediation mode value is set
child directed value is set
Sequences value is set
Is hide ads value is set
Ads mediation queue value is set
Mediation mode value is set
child directed value is set
Sequences value is set
Is hide ads value is set
Ads mediation queue value is set
Mediation mode value is set
child directed value is set
Sequences value is set
Is hide ads value is set
Ads mediation queue value is set
Mediation mode value is set
child directed value is set
Sequences value is set
Is hide ads value is set
Ads mediation queue value is set
Mediation mode value is set
child directed value is set
Sequences value is set
Is hide ads value is set
Ads mediation queue value is set
Mediation mode value is set
child directed value is set
Sequences value is set
Is hide ads value is set
Ads mediation queue value is set
Mediation mode value is set
child directed value is set
Sequences value is set
Is hide ads value is set
Ads mediation queue value is set
Mediation mode value is set
child directed value is set
Sequences value is set
Is hide ads value is set
Ads mediation queue value is set
Mediation mode value is set
child directed value is set
Sequences value is set
Is hide ads value is set
Ads mediation queue value is set
Mediation mode value is set
child directed value is set
Sequences value is set
Is hide ads value is set
Ads mediation queue value is set
Mediation mode value is set
child directed value is set
Sequences value is set
Is hide ads value is set
Ads mediation queue value is set
Mediation mode value is set
child directed value is set
Sequences value is set
Is hide ads value is set
Ads mediation queue value is set
Mediation mode value is set
child directed value is set
Sequences value is set
Is hide ads value is set
Ads mediation queue value is set
Mediation mode value is set
child directed value is set
Sequences value is set
Is hide ads value is set
Ads mediation queue value is set
Mediation mode value is set
child directed value is set
Sequences value is set
Is hide ads value is set
</DebugTrace>
      </Output>
    </UnitTestResult>
    <UnitTestResult executionId="1694c369-7cb7-4bed-b21e-dbdf821085fd" testId="04151d7f-9c61-1489-4cc0-5cc1dc07baee" testName="B_CampaignLogSummaryMainMethodCodeGenerator" computerName="DESKTOP-5AJ0SB3" duration="00:02:22.1745159" startTime="2021-01-06T14:18:11.5080792+05:00" endTime="2021-01-06T14:20:33.6914845+05:00" testType="13cdc9d9-ddb5-4fa4-a97d-d965ccfc6d4b" outcome="Passed" testListId="8c84fa94-04c1-424b-9868-57a2d4851a1d" relativeResultsDirectory="1694c369-7cb7-4bed-b21e-dbdf821085fd">
      <Output>
        <DebugTrace>****************** SELECT apps.appKey, campaigns.campaignID, apps.package, apps.sdkID, apps.companyID, apps.osID FROM apps INNER JOIN campaigns ON apps.appID = campaigns.appID WHERE apps.sdkID &gt; 20 AND apps.appKey != '' AND campaigns.campaignID NOT IN (0 ,- 1 ,- 2 ,- 3 ,- 4 ,- 5) LIMIT 50

****************** 

{"appKey":"6be907be9a5386b13826a8903328cb90","deviceID":"4471","stats":[{"campaignID":310,"packageID":"com.playink.babycaredressup","sceneStats":[{"sceneID":"12","eventStats":"345,245,145,45,45,0,0"}]}],"sdkVersion":"90","sessionToken":"vhRDZd5MK+4lIH8X/mNh9q3AWhAF6oQpsHzkSChxcELpqKx6kQxk3RdbBSxO0WdoUKHfmD2btxDbDaOk1jW1lp611h8JJ+FxRc8NQutzk0X7xTjJHvfIKjdMGZMp8Lax"}
cache_ttl value is correct

Refresh Ad Rate value is correct
mode value is set

 Aspect ratio value is correct
sentry_log value is set
local_logging value is set
sentry_initialization value is set
sentry_debugging value is set
showPreRewardedDialogue value is set
showPostRewardedDialogue value is set
isSkipable value is set
{"cache_ttl":10080,"cache_ttl_rewarded":10080,"cache_ttl_banner":10080,"cache_ttl_native":10080,"cache_ttl_icon":10080,"refreshAdRate":30,"mode":"Production","aspectRatio":"4_3","cdnPath":"https:\/\/df8ymybeo92md.cloudfront.net\/images\/","sentry_log":0,"local_logging":0,"sentry_dsn":"https:\/\/93ffa1c9a4124f67b8888a53265f751a:bbf998e04584477fa9a145838e9d3b26@sentry.io\/168994","sentry_initialization":1,"sentry_debugging":0,"bannerSizes":[],"aspectRatioVideo":"16_9","app_id":"859","showPreRewardedDialogue":0,"showPostRewardedDialogue":0,"rewardCurrency":"coins","rewardValue":0,"isSkipable":0,"privacyPolicyURL":"https:\/\/www.consoliads.com\/privacy-policy\/","sessionToken":"PTUMYtDxYiQK1ER7Cj13AbOgp5AlCq\/O3cmPshPeAxCEIQraCJnqEc5LWfMu9DwxDbaYg\/xoc9jo6bo5NwFttMhMkqYe9myZFkxDxCn\/EBJ76\/szDzeQrS6SWCcXs+qyfElQoo2cFb+aNZAM4S6xHPZnRIRbp12Rg9LDxtvr1pk="}
Session token value is set


{"appKey":"6be907be9a5386b13826a8903328cb90","deviceID":"5627","stats":[{"campaignID":316,"packageID":"com.playink.babycaredressup","sceneStats":[{"sceneID":"15","eventStats":"356,256,156,56,56,0,0"}]}],"sdkVersion":"90","sessionToken":"PTUMYtDxYiQK1ER7Cj13AbOgp5AlCq\/O3cmPshPeAxCEIQraCJnqEc5LWfMu9DwxDbaYg\/xoc9jo6bo5NwFttMhMkqYe9myZFkxDxCn\/EBJ76\/szDzeQrS6SWCcXs+qyfElQoo2cFb+aNZAM4S6xHPZnRIRbp12Rg9LDxtvr1pk="}
cache_ttl value is correct

Refresh Ad Rate value is correct
mode value is set

 Aspect ratio value is correct
sentry_log value is set
local_logging value is set
sentry_initialization value is set
sentry_debugging value is set
showPreRewardedDialogue value is set
showPostRewardedDialogue value is set
isSkipable value is set
{"cache_ttl":10080,"cache_ttl_rewarded":10080,"cache_ttl_banner":10080,"cache_ttl_native":10080,"cache_ttl_icon":10080,"refreshAdRate":30,"mode":"Production","aspectRatio":"4_3","cdnPath":"https:\/\/df8ymybeo92md.cloudfront.net\/images\/","sentry_log":0,"local_logging":0,"sentry_dsn":"https:\/\/93ffa1c9a4124f67b8888a53265f751a:bbf998e04584477fa9a145838e9d3b26@sentry.io\/168994","sentry_initialization":1,"sentry_debugging":0,"bannerSizes":[],"aspectRatioVideo":"16_9","app_id":"859","showPreRewardedDialogue":0,"showPostRewardedDialogue":0,"rewardCurrency":"coins","rewardValue":0,"isSkipable":0,"privacyPolicyURL":"https:\/\/www.consoliads.com\/privacy-policy\/","sessionToken":"gPYlzwTXThN2buE3oLEXdywBRHAjHcJ7jM9v1P7Nu0t3K1n2XzuPkLdJWeIRkN8qJVROzs+GbdoYnSS\/AIt9\/5Jl+absd+zqoaXmMgLHLQomWWOqC\/S9iR9gg6Qgo5hwN53B2YDmyLXlTM9IBLxbkMbaDyeJtsp4fWPQQBhZFbk="}
Session token value is set


{"appKey":"87749f0a5e72d3c88e3f0a2ceae0e8ad","deviceID":"8244","stats":[{"campaignID":47,"packageID":"com.mizo.city.ambulance","sceneStats":[{"sceneID":"21","eventStats":"382,282,182,82,82,0,0"}]}],"sdkVersion":"2056","sessionToken":"gPYlzwTXThN2buE3oLEXdywBRHAjHcJ7jM9v1P7Nu0t3K1n2XzuPkLdJWeIRkN8qJVROzs+GbdoYnSS\/AIt9\/5Jl+absd+zqoaXmMgLHLQomWWOqC\/S9iR9gg6Qgo5hwN53B2YDmyLXlTM9IBLxbkMbaDyeJtsp4fWPQQBhZFbk="}
cache_ttl value is correct

Refresh Ad Rate value is correct
mode value is set

 Aspect ratio value is correct
sentry_log value is set
local_logging value is set
sentry_initialization value is set
sentry_debugging value is set
showPreRewardedDialogue value is set
showPostRewardedDialogue value is set
isSkipable value is set
{"cache_ttl":10080,"cache_ttl_rewarded":10080,"cache_ttl_banner":10080,"cache_ttl_native":10080,"cache_ttl_icon":10080,"refreshAdRate":30,"mode":"Production","aspectRatio":"4_3","cdnPath":"https:\/\/df8ymybeo92md.cloudfront.net\/images\/","sentry_log":0,"local_logging":0,"sentry_dsn":"https:\/\/93ffa1c9a4124f67b8888a53265f751a:bbf998e04584477fa9a145838e9d3b26@sentry.io\/168994","sentry_initialization":1,"sentry_debugging":0,"bannerSizes":[],"aspectRatioVideo":"16_9","app_id":"1035","showPreRewardedDialogue":0,"showPostRewardedDialogue":0,"rewardCurrency":"coins","rewardValue":0,"isSkipable":0,"privacyPolicyURL":"https:\/\/www.consoliads.com\/privacy-policy\/","sessionToken":"cSVzWwe1kx2u5M+OFiX\/fgI31nkAW14tZJPAxcTJvaDTNnZgzGrhfGegNZaytCMjTPYa6+acjZGPD00w4WEPAt8oZN6i02Zqo4H2rVSfKuoy0F9HXJov5H2srHPWnnfn6OhxRqRvmGuFnBMk+iHVJr\/h0gM+PyuZ0BPF5H\/NWYs="}
Session token value is set


{"appKey":"03a90424d48d01cab7124698a3b141c5","deviceID":"8702","stats":[{"campaignID":48,"packageID":"com.mizo.construction.crane.hill.climb","sceneStats":[{"sceneID":"22","eventStats":"387,287,187,87,87,0,0"}]}],"sdkVersion":"39","sessionToken":"cSVzWwe1kx2u5M+OFiX\/fgI31nkAW14tZJPAxcTJvaDTNnZgzGrhfGegNZaytCMjTPYa6+acjZGPD00w4WEPAt8oZN6i02Zqo4H2rVSfKuoy0F9HXJov5H2srHPWnnfn6OhxRqRvmGuFnBMk+iHVJr\/h0gM+PyuZ0BPF5H\/NWYs="}
cache_ttl value is correct

Refresh Ad Rate value is correct
mode value is set

 Aspect ratio value is correct
sentry_log value is set
local_logging value is set
sentry_initialization value is set
sentry_debugging value is set
showPreRewardedDialogue value is set
showPostRewardedDialogue value is set
isSkipable value is set
{"cache_ttl":10080,"cache_ttl_rewarded":10080,"cache_ttl_banner":10080,"cache_ttl_native":10080,"cache_ttl_icon":10080,"campaigns":[{"campaignID":"9277","attribution_link":"","attribution":1,"priority":"5","appToPromote":{"appToPromoteID":"17609","usesDefaultFrameImage":"0","usesDefaultCloseImage":"0","marketURL":"https:\/\/smartbear.com\/learn\/automated-testing\/test-automation-frameworks\/","packageID":"com.buntoo.buntooAd"},"showTemplate":1,"s2s_tracking_url":"","activeCreativeID":"4702","scenes":["1","2","6","4","5"],"campaignAdType":"Interstitial","productId":"","purchaseBit":0,"licenseKey":""},{"campaignID":"9278","attribution":0,"priority":"5","appToPromote":{"appToPromoteID":"17609","usesDefaultFrameImage":"0","usesDefaultCloseImage":"0","marketURL":"https:\/\/smartbear.com\/learn\/automated-testing\/test-automation-frameworks\/","packageID":"com.buntoo.buntooAd"},"showTemplate":1,"s2s_tracking_url":"https:\/\/smartbear.com\/learn\/automated-testing\/test-automation-frameworks\/","activeCreativeID":"4701","scenes":["1","2","6","4","5"],"campaignAdType":"Interstitial","productId":"","purchaseBit":0,"licenseKey":""},{"campaignID":"9279","attribution":0,"priority":"5","appToPromote":{"appToPromoteID":"17609","usesDefaultFrameImage":"0","usesDefaultCloseImage":"0","marketURL":"https:\/\/smartbear.com\/learn\/automated-testing\/test-automation-frameworks\/","packageID":"com.buntoo.buntooAd"},"showTemplate":1,"s2s_tracking_url":"https:\/\/smartbear.com\/learn\/automated-testing\/test-automation-frameworks\/","activeCreativeID":"4701","scenes":["1","2","6","4","5"],"campaignAdType":"Interstitial","productId":"","purchaseBit":0,"licenseKey":""},{"campaignID":"9280","attribution":0,"priority":"5","appToPromote":{"appToPromoteID":"17609","usesDefaultFrameImage":"0","usesDefaultCloseImage":"0","marketURL":"https:\/\/smartbear.com\/learn\/automated-testing\/test-automation-frameworks\/","packageID":"com.buntoo.buntooAd"},"showTemplate":1,"s2s_tracking_url":"https:\/\/smartbear.com\/learn\/automated-testing\/test-automation-frameworks\/","activeCreativeID":"4701","scenes":["1","2","6","4","5"],"campaignAdType":"Interstitial","productId":"","purchaseBit":0,"licenseKey":""},{"campaignID":"9281","attribution":0,"priority":"5","appToPromote":{"appToPromoteID":"17609","usesDefaultFrameImage":"0","usesDefaultCloseImage":"0","marketURL":"https:\/\/smartbear.com\/learn\/automated-testing\/test-automation-frameworks\/","packageID":"com.buntoo.buntooAd"},"showTemplate":1,"s2s_tracking_url":"https:\/\/smartbear.com\/learn\/automated-testing\/test-automation-frameworks\/","activeCreativeID":"4701","scenes":["1","2","6","4","5"],"campaignAdType":"Interstitial","productId":"","purchaseBit":0,"licenseKey":""},{"campaignID":"9282","attribution":0,"priority":"5","appToPromote":{"appToPromoteID":"17609","usesDefaultFrameImage":"0","usesDefaultCloseImage":"0","marketURL":"https:\/\/smartbear.com\/learn\/automated-testing\/test-automation-frameworks\/","packageID":"com.buntoo.buntooAd"},"showTemplate":1,"s2s_tracking_url":"https:\/\/smartbear.com\/learn\/automated-testing\/test-automation-frameworks\/","activeCreativeID":"4701","scenes":["1","2","6","4","5"],"campaignAdType":"Interstitial","productId":"","purchaseBit":0,"licenseKey":""},{"campaignID":"9283","attribution":0,"priority":"5","appToPromote":{"appToPromoteID":"17609","usesDefaultFrameImage":"0","usesDefaultCloseImage":"0","marketURL":"https:\/\/smartbear.com\/learn\/automated-testing\/test-automation-frameworks\/","packageID":"com.buntoo.buntooAd"},"showTemplate":1,"s2s_tracking_url":"https:\/\/smartbear.com\/learn\/automated-testing\/test-automation-frameworks\/","activeCreativeID":"4701","scenes":["1","2","6","4","5"],"campaignAdType":"Interstitial","productId":"","purchaseBit":0,"licenseKey":""},{"campaignID":"9285","attribution":0,"priority":"5","appToPromote":{"appToPromoteID":"14746","usesDefaultFrameImage":"0","usesDefaultCloseImage":"0","marketURL":"https:\/\/play.google.com\/store\/apps\/details?id=com.buntoo.army.bus.parking","packageID":"com.buntoo.army.bus.parking"},"showTemplate":1,"s2s_tracking_url":"https:\/\/play.google.com\/store\/apps\/details?id=com.buntoo.army.bus.parking","activeCreativeID":"4710","scenes":["1","2","6","4","5"],"campaignAdType":"Interstitial","productId":"","purchaseBit":0,"licenseKey":""},{"campaignID":"9287","attribution":0,"priority":"5","appToPromote":{"appToPromoteID":"14746","usesDefaultFrameImage":"0","usesDefaultCloseImage":"0","marketURL":"https:\/\/play.google.com\/store\/apps\/details?id=com.buntoo.army.bus.parking","packageID":"com.buntoo.army.bus.parking"},"showTemplate":1,"s2s_tracking_url":"https:\/\/play.google.com\/store\/apps\/details?id=com.buntoo.army.bus.parking","activeCreativeID":"4710","scenes":["1","2","6","4","5"],"campaignAdType":"Interstitial","productId":"","purchaseBit":0,"licenseKey":""},{"campaignID":"9289","attribution":0,"priority":"5","appToPromote":{"appToPromoteID":"17609","usesDefaultFrameImage":"0","usesDefaultCloseImage":"0","marketURL":"https:\/\/smartbear.com\/learn\/automated-testing\/test-automation-frameworks\/","packageID":"com.buntoo.buntooAd"},"showTemplate":1,"s2s_tracking_url":"https:\/\/smartbear.com\/learn\/automated-testing\/test-automation-frameworks\/","activeCreativeID":"4701","scenes":["1","2","6","4","5"],"campaignAdType":"Interstitial","productId":"","purchaseBit":0,"licenseKey":""},{"campaignID":"9290","attribution":0,"priority":"5","appToPromote":{"appToPromoteID":"17609","usesDefaultFrameImage":"0","usesDefaultCloseImage":"0","marketURL":"https:\/\/smartbear.com\/learn\/automated-testing\/test-automation-frameworks\/","packageID":"com.buntoo.buntooAd"},"showTemplate":1,"s2s_tracking_url":"https:\/\/smartbear.com\/learn\/automated-testing\/test-automation-frameworks\/","activeCreativeID":"4701","scenes":["1","2","6","4","5"],"campaignAdType":"Interstitial","productId":"","purchaseBit":0,"licenseKey":""},{"campaignID":"9293","attribution":0,"priority":"5","appToPromote":{"appToPromoteID":"17609","usesDefaultFrameImage":"0","usesDefaultCloseImage":"0","marketURL":"https:\/\/smartbear.com\/learn\/automated-testing\/test-automation-frameworks\/","packageID":"com.buntoo.buntooAd"},"showTemplate":1,"s2s_tracking_url":"https:\/\/smartbear.com\/learn\/automated-testing\/test-automation-frameworks\/","activeCreativeID":"4701","scenes":["1","2","6","4","5"],"campaignAdType":"Interstitial","productId":"","purchaseBit":0,"licenseKey":""},{"campaignID":"9296","attribution":0,"priority":"5","appToPromote":{"appToPromoteID":"17609","usesDefaultFrameImage":"0","usesDefaultCloseImage":"0","marketURL":"https:\/\/smartbear.com\/learn\/automated-testing\/test-automation-frameworks\/","packageID":"com.buntoo.buntooAd"},"showTemplate":1,"s2s_tracking_url":"https:\/\/smartbear.com\/learn\/automated-testing\/test-automation-frameworks\/","activeCreativeID":"4701","scenes":["1","2","6","4","5"],"campaignAdType":"Interstitial","productId":"","purchaseBit":0,"licenseKey":""},{"campaignID":"9297","attribution":0,"priority":"5","appToPromote":{"appToPromoteID":"17609","usesDefaultFrameImage":"0","usesDefaultCloseImage":"0","marketURL":"https:\/\/smartbear.com\/learn\/automated-testing\/test-automation-frameworks\/","packageID":"com.buntoo.buntooAd"},"showTemplate":1,"s2s_tracking_url":"https:\/\/smartbear.com\/learn\/automated-testing\/test-automation-frameworks\/","activeCreativeID":"4701","scenes":["1","2","6","4","5"],"campaignAdType":"Interstitial","productId":"","purchaseBit":0,"licenseKey":""},{"campaignID":"9299","attribution":0,"priority":"5","appToPromote":{"appToPromoteID":"17609","usesDefaultFrameImage":"0","usesDefaultCloseImage":"0","marketURL":"https:\/\/smartbear.com\/learn\/automated-testing\/test-automation-frameworks\/","packageID":"com.buntoo.buntooAd"},"showTemplate":1,"s2s_tracking_url":"https:\/\/smartbear.com\/learn\/automated-testing\/test-automation-frameworks\/","activeCreativeID":"4701","scenes":["1","2","6","4","5"],"campaignAdType":"Interstitial","productId":"","purchaseBit":0,"licenseKey":""},{"campaignID":"9301","attribution":0,"priority":"5","appToPromote":{"appToPromoteID":"17609","usesDefaultFrameImage":"0","usesDefaultCloseImage":"0","marketURL":"https:\/\/smartbear.com\/learn\/automated-testing\/test-automation-frameworks\/","packageID":"com.buntoo.buntooAd"},"showTemplate":1,"s2s_tracking_url":"https:\/\/smartbear.com\/learn\/automated-testing\/test-automation-frameworks\/","activeCreativeID":"4701","scenes":["1","2","6","4","5"],"campaignAdType":"Interstitial","productId":"","purchaseBit":0,"licenseKey":""},{"campaignID":"9305","attribution":0,"priority":"5","appToPromote":{"appToPromoteID":"14746","usesDefaultFrameImage":"0","usesDefaultCloseImage":"0","marketURL":"https:\/\/play.google.com\/store\/apps\/details?id=com.buntoo.army.bus.parking","packageID":"com.buntoo.army.bus.parking"},"showTemplate":1,"s2s_tracking_url":"https:\/\/play.google.com\/store\/apps\/details?id=com.buntoo.army.bus.parking","activeCreativeID":"4710","scenes":["1","2","6","4","5"],"campaignAdType":"Interstitial","productId":"","purchaseBit":0,"licenseKey":""},{"campaignID":"47","attribution":0,"priority":"5","appToPromote":{"appToPromoteID":"1035","usesDefaultFrameImage":"1","usesDefaultCloseImage":"1","marketURL":"https:\/\/play.google.com\/store\/apps\/details?id=com.mizo.city.ambulance","packageID":"com.mizo.city.ambulance"},"showTemplate":1,"s2s_tracking_url":"https:\/\/play.google.com\/store\/apps\/details?id=com.mizo.city.ambulance","activeCreativeID":"60","scenes":["1","2","6","4","5"],"campaignAdType":"Interstitial","productId":"","purchaseBit":0,"licenseKey":""},{"campaignID":"48","attribution":0,"priority":"5","appToPromote":{"appToPromoteID":"1074","usesDefaultFrameImage":"1","usesDefaultCloseImage":"1","marketURL":"https:\/\/play.google.com\/store\/apps\/details?id=com.mizo.construction.crane.hill.climb","packageID":"com.mizo.construction.crane.hill.climb"},"showTemplate":1,"s2s_tracking_url":"https:\/\/play.google.com\/store\/apps\/details?id=com.mizo.construction.crane.hill.climb","activeCreativeID":"65","scenes":["1","2","6","4","5"],"campaignAdType":"Interstitial","productId":"","purchaseBit":0,"licenseKey":""},{"campaignID":"50","attribution":0,"priority":"5","appToPromote":{"appToPromoteID":"1221","usesDefaultFrameImage":"1","usesDefaultCloseImage":"1","marketURL":"https:\/\/play.google.com\/store\/apps\/details?id=com.mizo.offroad.hill.climb","packageID":"com.mizo.offroad.hill.climb"},"showTemplate":1,"s2s_tracking_url":"https:\/\/play.google.com\/store\/apps\/details?id=com.mizo.offroad.hill.climb","activeCreativeID":"67","scenes":["1","2","6","4","5"],"campaignAdType":"Interstitial","productId":"","purchaseBit":0,"licenseKey":""},{"campaignID":"67","attribution":0,"priority":"5","appToPromote":{"appToPromoteID":"1306","usesDefaultFrameImage":"1","usesDefaultCloseImage":"1","marketURL":"https:\/\/play.google.com\/store\/apps\/details?id=com.mizo.extreme.heavy.truck","packageID":"com.mizo.extreme.heavy.truck"},"showTemplate":1,"s2s_tracking_url":"https:\/\/play.google.com\/store\/apps\/details?id=com.mizo.extreme.heavy.truck","activeCreativeID":"85","scenes":["1","2","6","4","5"],"campaignAdType":"Interstitial","productId":"","purchaseBit":0,"licenseKey":""},{"campaignID":"78","attribution":0,"priority":"5","appToPromote":{"appToPromoteID":"1632","usesDefaultFrameImage":"1","usesDefaultCloseImage":"1","marketURL":"https:\/\/play.google.com\/store\/apps\/details?id=com.mizo.road.builder.city.construction","packageID":"com.mizo.road.builder.city.construction"},"showTemplate":1,"s2s_tracking_url":"https:\/\/play.google.com\/store\/apps\/details?id=com.mizo.road.builder.city.construction","activeCreativeID":"97","scenes":["1","2","6","4","5"],"campaignAdType":"Interstitial","productId":"","purchaseBit":0,"licenseKey":""},{"campaignID":"80","attribution":0,"priority":"5","appToPromote":{"appToPromoteID":"1675","usesDefaultFrameImage":"1","usesDefaultCloseImage":"1","marketURL":"https:\/\/play.google.com\/store\/apps\/details?id=com.mizo.flip.bottle.shooting.expert","packageID":"com.mizo.flip.bottle.shooting.expert"},"showTemplate":1,"s2s_tracking_url":"https:\/\/play.google.com\/store\/apps\/details?id=com.mizo.flip.bottle.shooting.expert","activeCreativeID":"100","scenes":["1","2","6","4","5"],"campaignAdType":"Interstitial","productId":"","purchaseBit":0,"licenseKey":""},{"campaignID":"110","attribution":0,"priority":"5","appToPromote":{"appToPromoteID":"1853","usesDefaultFrameImage":"1","usesDefaultCloseImage":"1","marketURL":"https:\/\/play.google.com\/store\/apps\/details?id=com.mizo.police.airplane.transporter","packageID":"com.mizo.police.airplane.transporter"},"showTemplate":1,"s2s_tracking_url":"https:\/\/play.google.com\/store\/apps\/details?id=com.mizo.police.airplane.transporter","activeCreativeID":"137","scenes":["1","2","6","4","5"],"campaignAdType":"Interstitial","productId":"","purchaseBit":0,"licenseKey":""},{"campaignID":"143","attribution":0,"priority":"5","appToPromote":{"appToPromoteID":"2089","usesDefaultFrameImage":"0","usesDefaultCloseImage":"0","marketURL":"https:\/\/play.google.com\/store\/apps\/details?id=com.mizo.sports.car.mechanic","packageID":"com.mizo.sports.car.mechanic"},"showTemplate":1,"s2s_tracking_url":"https:\/\/play.google.com\/store\/apps\/details?id=com.mizo.sports.car.mechanic","activeCreativeID":"184","scenes":["1","2","6","4","5"],"campaignAdType":"Interstitial","productId":"","purchaseBit":0,"licenseKey":""}],"refreshAdRate":30,"mode":"Production","aspectRatio":"4_3","cdnPath":"https:\/\/df8ymybeo92md.cloudfront.net\/images\/","sentry_log":0,"local_logging":0,"sentry_dsn":"https:\/\/93ffa1c9a4124f67b8888a53265f751a:bbf998e04584477fa9a145838e9d3b26@sentry.io\/168994","sentry_initialization":1,"sentry_debugging":0,"bannerSizes":[],"aspectRatioVideo":"16_9","app_id":"1074","showPreRewardedDialogue":0,"showPostRewardedDialogue":0,"rewardCurrency":"coins","rewardValue":0,"isSkipable":0,"privacyPolicyURL":"https:\/\/www.consoliads.com\/privacy-policy\/","sessionToken":"cKl0kRb2El87CUBdq6eKLRr0V+JGfOqz0kliBABoWmN19um8GoaMDc4FeSaXFkvXS5\/r2wsMGb3XfSa26pYP+gsadV4LsCGk4HL3zMZVtdyhJvN1X7HVXLzy6k1LyrPUE1szTCW1imtyCp3IIBhY+kt2jQe31JiLYsmklk\/gmS0="}
Session token value is set


{"appKey":"b4729925db57c2b0093f9ef0986b65ad","deviceID":"4494","stats":[{"campaignID":53,"packageID":"com.fazbro.heavy.excavator","sceneStats":[{"sceneID":"12","eventStats":"345,245,145,45,45,0,0"}]}],"sdkVersion":"2056","sessionToken":"cKl0kRb2El87CUBdq6eKLRr0V+JGfOqz0kliBABoWmN19um8GoaMDc4FeSaXFkvXS5\/r2wsMGb3XfSa26pYP+gsadV4LsCGk4HL3zMZVtdyhJvN1X7HVXLzy6k1LyrPUE1szTCW1imtyCp3IIBhY+kt2jQe31JiLYsmklk\/gmS0="}
cache_ttl value is correct

Title value is correct

Refresh Ad Rate value is correct
mode value is set

 Aspect ratio value is correct
sentry_log value is set
local_logging value is set
sentry_initialization value is set
sentry_debugging value is set
showPreRewardedDialogue value is set
showPostRewardedDialogue value is set
isSkipable value is set
{"cache_ttl":10080,"cache_ttl_rewarded":10080,"cache_ttl_banner":10080,"cache_ttl_native":10080,"cache_ttl_icon":10080,"campaigns":[{"campaignID":"53","attribution":0,"priority":"5","appToPromote":{"appToPromoteID":"1217","usesDefaultFrameImage":"1","usesDefaultCloseImage":"1","marketURL":"https:\/\/play.google.com\/store\/apps\/details?id=com.fazbro.heavy.excavator","packageID":"com.fazbro.heavy.excavator"},"showTemplate":1,"s2s_tracking_url":"https:\/\/play.google.com\/store\/apps\/details?id=com.fazbro.heavy.excavator","activeCreativeID":"71","scenes":["1","2","8","13"],"campaignAdType":"Interstitial","productId":"","purchaseBit":0,"licenseKey":""},{"campaignID":"53","attribution":0,"priority":"5","appToPromote":{"appToPromoteID":"1217","usesDefaultFrameImage":"1","usesDefaultCloseImage":"1","marketURL":"https:\/\/play.google.com\/store\/apps\/details?id=com.fazbro.heavy.excavator","packageID":"com.fazbro.heavy.excavator"},"showTemplate":1,"s2s_tracking_url":"https:\/\/play.google.com\/store\/apps\/details?id=com.fazbro.heavy.excavator","activeCreativeID":"71","scenes":["1","2","8","13"],"campaignAdType":"Interstitial","productId":"","purchaseBit":0,"licenseKey":""},{"campaignID":"53","attribution":0,"priority":"5","appToPromote":{"appToPromoteID":"1217","usesDefaultFrameImage":"1","usesDefaultCloseImage":"1","marketURL":"https:\/\/play.google.com\/store\/apps\/details?id=com.fazbro.heavy.excavator","packageID":"com.fazbro.heavy.excavator"},"showTemplate":1,"s2s_tracking_url":"https:\/\/play.google.com\/store\/apps\/details?id=com.fazbro.heavy.excavator","activeCreativeID":"71","scenes":["1","2","8","13"],"campaignAdType":"Interstitial","productId":"","purchaseBit":0,"licenseKey":""},{"campaignID":"55","attribution":0,"priority":"5","appToPromote":{"appToPromoteID":"1045","usesDefaultFrameImage":"1","usesDefaultCloseImage":"1","marketURL":"https:\/\/play.google.com\/store\/apps\/details?id=com.fazbro.road.builder.excavator","packageID":"com.fazbro.road.builder.excavator"},"showTemplate":1,"s2s_tracking_url":"https:\/\/play.google.com\/store\/apps\/details?id=com.fazbro.road.builder.excavator","activeCreativeID":"73","scenes":["1","2","8","13"],"campaignAdType":"Interstitial","productId":"","purchaseBit":0,"licenseKey":""},{"campaignID":"55","attribution":0,"priority":"5","appToPromote":{"appToPromoteID":"1045","usesDefaultFrameImage":"1","usesDefaultCloseImage":"1","marketURL":"https:\/\/play.google.com\/store\/apps\/details?id=com.fazbro.road.builder.excavator","packageID":"com.fazbro.road.builder.excavator"},"showTemplate":1,"s2s_tracking_url":"https:\/\/play.google.com\/store\/apps\/details?id=com.fazbro.road.builder.excavator","activeCreativeID":"73","scenes":["1","2","8","13"],"campaignAdType":"Interstitial","productId":"","purchaseBit":0,"licenseKey":""},{"campaignID":"55","attribution":0,"priority":"5","appToPromote":{"appToPromoteID":"1045","usesDefaultFrameImage":"1","usesDefaultCloseImage":"1","marketURL":"https:\/\/play.google.com\/store\/apps\/details?id=com.fazbro.road.builder.excavator","packageID":"com.fazbro.road.builder.excavator"},"showTemplate":1,"s2s_tracking_url":"https:\/\/play.google.com\/store\/apps\/details?id=com.fazbro.road.builder.excavator","activeCreativeID":"73","scenes":["1","2","8","13"],"campaignAdType":"Interstitial","productId":"","purchaseBit":0,"licenseKey":""},{"campaignID":"8226","attribution":0,"priority":"8","appToPromote":{"appToPromoteID":"12623","usesDefaultFrameImage":"0","usesDefaultCloseImage":"0","marketURL":"https:\/\/play.google.com\/store\/apps\/details?id=com.igg.android.lordsmobile&amp;referrer=utm_source=42matters.com&amp;utm_medium=api","packageID":"com.nooribrand.android.lordsmobile"},"showTemplate":1,"s2s_tracking_url":"https:\/\/play.google.com\/store\/apps\/details?id=com.igg.android.lordsmobile&amp;referrer=utm_source=42matters.com&amp;utm_medium=api","activeCreativeID":"3557","scenes":["1","2","8","13"],"campaignAdType":"Icon","productId":"","purchaseBit":0,"licenseKey":""},{"campaignID":"8378","attribution":0,"priority":"8","appToPromote":{"appToPromoteID":"16480","usesDefaultFrameImage":"0","usesDefaultCloseImage":"0","marketURL":"https:\/\/play.google.com\/store\/apps\/details?id=com.nag.home.manager.working.virtual.mom","packageID":"com.GSS317.AmazingFamily"},"showTemplate":1,"s2s_tracking_url":"https:\/\/play.google.com\/store\/apps\/details?id=com.nag.home.manager.working.virtual.mom","activeCreativeID":"3720","scenes":["1","2","8","13"],"campaignAdType":"Interstitial","productId":"","purchaseBit":0,"licenseKey":""},{"campaignID":"8613","attribution":0,"priority":"8","appToPromote":{"appToPromoteID":"12623","usesDefaultFrameImage":"0","usesDefaultCloseImage":"0","marketURL":"https:\/\/play.google.com\/store\/apps\/details?id=com.igg.android.lordsmobile&amp;referrer=utm_source=42matters.com&amp;utm_medium=api","packageID":"com.nooribrand.android.lordsmobile"},"showTemplate":1,"s2s_tracking_url":"https:\/\/play.google.com\/store\/apps\/details?id=com.igg.android.lordsmobile&amp;referrer=utm_source=42matters.com&amp;utm_medium=api","activeCreativeID":"3557","scenes":["1","2","8","13"],"campaignAdType":"Icon","productId":"","purchaseBit":0,"licenseKey":""},{"campaignID":"9092","attribution":0,"priority":"8","appToPromote":{"appToPromoteID":"13421","usesDefaultFrameImage":"0","usesDefaultCloseImage":"0","marketURL":"http:\/\/www.google.com","packageID":"com.appricot2d.testt"},"showTemplate":1,"s2s_tracking_url":"http:\/\/www.google.com","activeCreativeID":"4384","scenes":["1","2","8","13"],"campaignAdType":"Interstitial","productId":"","purchaseBit":0,"licenseKey":""},{"campaignID":"9249","attribution_link":"https:\/\/app.appsflyer.com\/com.lgn.gun.strike.war.train.shooting.games?pid=consoliads_int&amp;af_click_lookback=7d&amp;clickid=1217_9249_4494&amp;android_id={android_id}&amp;sha1_android_id={sha1_android_id}&amp;advertising_id=4494&amp;sha1_advertising_id=d19de1701bdaeb97fc5be89f166b5a0192d34254&amp;af_keywords=2","attribution":1,"priority":"8","appToPromote":{"appToPromoteID":"13421","usesDefaultFrameImage":"0","usesDefaultCloseImage":"0","marketURL":"http:\/\/www.google.com","packageID":"com.appricot2d.testt"},"showTemplate":1,"s2s_tracking_url":"https:\/\/app.appsflyer.com\/com.lgn.gun.strike.war.train.shooting.games?pid=consoliads_int&amp;af_click_lookback=7d&amp;clickid=1217_9249_4494&amp;android_id={android_id}&amp;sha1_android_id={sha1_android_id}&amp;advertising_id=4494&amp;sha1_advertising_id=d19de1701bdaeb97fc5be89f166b5a0192d34254&amp;af_keywords=2","activeCreativeID":"4679","scenes":["1","2","8","13"],"campaignAdType":"Interstitial","productId":"","purchaseBit":0,"licenseKey":""},{"campaignID":"9250","attribution_link":"https:\/\/app.appsflyer.com\/com.lgn.gun.strike.war.train.shooting.games?pid=consoliads_int&amp;af_click_lookback=7d&amp;clickid=1217_9250_4494&amp;android_id={android_id}&amp;sha1_android_id={sha1_android_id}&amp;advertising_id=4494&amp;sha1_advertising_id=d19de1701bdaeb97fc5be89f166b5a0192d34254&amp;af_keywords=2","attribution":1,"priority":"8","appToPromote":{"appToPromoteID":"13421","usesDefaultFrameImage":"0","usesDefaultCloseImage":"0","marketURL":"http:\/\/www.google.com","packageID":"com.appricot2d.testt"},"showTemplate":1,"s2s_tracking_url":"https:\/\/app.appsflyer.com\/com.lgn.gun.strike.war.train.shooting.games?pid=consoliads_int&amp;af_click_lookback=7d&amp;clickid=1217_9250_4494&amp;android_id={android_id}&amp;sha1_android_id={sha1_android_id}&amp;advertising_id=4494&amp;sha1_advertising_id=d19de1701bdaeb97fc5be89f166b5a0192d34254&amp;af_keywords=2","activeCreativeID":"4680","scenes":["1","2","8","13"],"campaignAdType":"Interstitial","productId":"","purchaseBit":0,"licenseKey":""},{"campaignID":"9261","attribution_link":"https:\/\/app.appsflyer.com\/com.lgn.gun.strike.war.train.shooting.games?pid=consoliads_int&amp;af_click_lookback=7d&amp;clickid=1217_9261_4494&amp;android_id={android_id}&amp;sha1_android_id={sha1_android_id}&amp;advertising_id=4494&amp;sha1_advertising_id=d19de1701bdaeb97fc5be89f166b5a0192d34254&amp;af_keywords=2","attribution":1,"priority":"8","appToPromote":{"appToPromoteID":"13421","usesDefaultFrameImage":"0","usesDefaultCloseImage":"0","marketURL":"http:\/\/www.google.com","packageID":"com.appricot2d.testt"},"showTemplate":1,"s2s_tracking_url":"https:\/\/app.appsflyer.com\/com.lgn.gun.strike.war.train.shooting.games?pid=consoliads_int&amp;af_click_lookback=7d&amp;clickid=1217_9261_4494&amp;android_id={android_id}&amp;sha1_android_id={sha1_android_id}&amp;advertising_id=4494&amp;sha1_advertising_id=d19de1701bdaeb97fc5be89f166b5a0192d34254&amp;af_keywords=2","activeCreativeID":"4692","scenes":["1","2","8","13"],"campaignAdType":"Interstitial","productId":"","purchaseBit":0,"licenseKey":""},{"campaignID":"9270","attribution":0,"priority":"8","appToPromote":{"appToPromoteID":"1727","usesDefaultFrameImage":"1","usesDefaultCloseImage":"1","marketURL":"https:\/\/play.google.com\/store\/apps\/details?id=com.appricot2d.anna.spasalon","packageID":"com.appricot2d.anna.spasalon"},"showTemplate":1,"s2s_tracking_url":"https:\/\/play.google.com\/store\/apps\/details?id=com.appricot2d.anna.spasalon","activeCreativeID":"4696","scenes":["1","2","8","13"],"campaignAdType":"Banner","productId":"","purchaseBit":0,"licenseKey":""},{"campaignID":"9295","attribution":0,"priority":"8","appToPromote":{"appToPromoteID":"1933","usesDefaultFrameImage":"0","usesDefaultCloseImage":"0","marketURL":"https:\/\/play.google.com\/store\/apps\/details?id=com.appricot2d.kids.pony.coloring","packageID":"com.appricot2d.kids.pony.coloring"},"showTemplate":1,"s2s_tracking_url":"https:\/\/play.google.com\/store\/apps\/details?id=com.appricot2d.kids.pony.coloring","activeCreativeID":"4570","scenes":["1","2","8","13"],"campaignAdType":"Interstitial","productId":"","purchaseBit":0,"licenseKey":""},{"campaignID":"9334","attribution":0,"priority":"8","appToPromote":{"appToPromoteID":"1933","usesDefaultFrameImage":"0","usesDefaultCloseImage":"0","marketURL":"https:\/\/play.google.com\/store\/apps\/details?id=com.appricot2d.kids.pony.coloring","packageID":"com.appricot2d.kids.pony.coloring"},"showTemplate":1,"s2s_tracking_url":"https:\/\/play.google.com\/store\/apps\/details?id=com.appricot2d.kids.pony.coloring","activeCreativeID":"4570","scenes":["1","2","8","13"],"campaignAdType":"Interstitial","productId":"","purchaseBit":0,"licenseKey":""},{"campaignID":"9335","attribution":0,"priority":"8","appToPromote":{"appToPromoteID":"1997","usesDefaultFrameImage":"0","usesDefaultCloseImage":"0","marketURL":"https:\/\/play.google.com\/store\/apps\/details?id=com.appricot2d.anna.coloring.book","packageID":"com.appricot2d.anna.coloring.book"},"showTemplate":1,"s2s_tracking_url":"https:\/\/play.google.com\/store\/apps\/details?id=com.appricot2d.anna.coloring.book","activeCreativeID":"4573","scenes":["1","2","8","13"],"campaignAdType":"Interstitial","productId":"","purchaseBit":0,"licenseKey":""},{"campaignID":"9336","attribution":0,"priority":"8","appToPromote":{"appToPromoteID":"1727","usesDefaultFrameImage":"1","usesDefaultCloseImage":"1","marketURL":"https:\/\/play.google.com\/store\/apps\/details?id=com.appricot2d.anna.spasalon","packageID":"com.appricot2d.anna.spasalon"},"showTemplate":1,"s2s_tracking_url":"https:\/\/play.google.com\/store\/apps\/details?id=com.appricot2d.anna.spasalon","activeCreativeID":"133","scenes":["1","2","8","13"],"campaignAdType":"Interstitial","productId":"","purchaseBit":0,"licenseKey":""},{"campaignID":"9338","attribution":0,"priority":"8","appToPromote":{"appToPromoteID":"1933","usesDefaultFrameImage":"0","usesDefaultCloseImage":"0","marketURL":"https:\/\/play.google.com\/store\/apps\/details?id=com.appricot2d.kids.pony.coloring","packageID":"com.appricot2d.kids.pony.coloring"},"showTemplate":1,"s2s_tracking_url":"https:\/\/play.google.com\/store\/apps\/details?id=com.appricot2d.kids.pony.coloring","activeCreativeID":"4568","scenes":["1","2","8","13"],"campaignAdType":"Interstitial","productId":"","purchaseBit":0,"licenseKey":""},{"campaignID":"9339","attribution_link":"www.favebookk.com","attribution":1,"priority":"8","appToPromote":{"appToPromoteID":"13421","usesDefaultFrameImage":"0","usesDefaultCloseImage":"0","marketURL":"http:\/\/www.google.com","packageID":"com.appricot2d.testt"},"showTemplate":1,"s2s_tracking_url":"www.favebookk.com","activeCreativeID":"4574","scenes":["1","2","8","13"],"campaignAdType":"Interstitial","productId":"","purchaseBit":0,"licenseKey":""},{"campaignID":"9407","attribution":0,"priority":"8","appToPromote":{"appToPromoteID":"4514","usesDefaultFrameImage":"0","usesDefaultCloseImage":"0","marketURL":"https:\/\/play.google.com\/store\/apps\/details?id=com.appricot2d.bank.manager.cashier.kids.game","packageID":"com.appricot2d.bank.manager.cashier.kids.game"},"showTemplate":1,"s2s_tracking_url":"https:\/\/play.google.com\/store\/apps\/details?id=com.appricot2d.bank.manager.cashier.kids.game","activeCreativeID":"4845","scenes":["1","2","8","13"],"campaignAdType":"Interstitial","productId":"","purchaseBit":0,"licenseKey":""},{"campaignID":"9415","attribution":0,"priority":"8","appToPromote":{"appToPromoteID":"13354","usesDefaultFrameImage":"0","usesDefaultCloseImage":"0","marketURL":"https:\/\/play.google.com\/store\/apps\/details?id=com.de.real.heavy.excavator.crane.transform.robot.war","packageID":"com.de.real.heavy.excavator.crane.transform.robot.war"},"showTemplate":1,"s2s_tracking_url":"https:\/\/play.google.com\/store\/apps\/details?id=com.de.real.heavy.excavator.crane.transform.robot.war","activeCreativeID":"2016","scenes":["1","2","8","13"],"campaignAdType":"Icon","productId":"","purchaseBit":0,"licenseKey":""},{"campaignID":"9127","attribution":0,"priority":"8","appToPromote":{"appToPromoteID":"17528","usesDefaultFrameImage":"0","usesDefaultCloseImage":"0","marketURL":"https:\/\/play.google.com\/store\/apps\/details?id=net.one97.paytm","packageID":"net.one97.paytm"},"showTemplate":1,"s2s_tracking_url":"https:\/\/tha.gotrackier.com\/click?campaign_id=63249\\u0026pub_id=75?p1=1217_9127_4494&amp;source=6841&amp;app_name=HeavyExcavator&amp;gaid=4494","activeCreativeID":"4788","scenes":["1","2","8","13"],"campaignAdType":"Native","title":"BCA","subTitle":"FW","description":"nope","adClickThroughText":"Link","productId":"","purchaseBit":0,"licenseKey":""},{"campaignID":"9131","attribution":0,"priority":"8","appToPromote":{"appToPromoteID":"17532","usesDefaultFrameImage":"0","usesDefaultCloseImage":"0","marketURL":"https:\/\/play.google.com\/store\/apps\/details?id=com.dhgate.buyermob","packageID":"com.dhgate.buyermob"},"showTemplate":1,"s2s_tracking_url":"https:\/\/tha.gotrackier.com\/click?campaign_id=63254\\u0026pub_id=75?p1=1217_9131_4494&amp;source=6841&amp;app_name=HeavyExcavator&amp;gaid=4494","activeCreativeID":"4483","scenes":["1","2","8","13"],"campaignAdType":"Interstitial","productId":"","purchaseBit":0,"licenseKey":""}],"refreshAdRate":30,"mode":"Production","aspectRatio":"4_3","cdnPath":"https:\/\/df8ymybeo92md.cloudfront.net\/images\/","sentry_log":0,"local_logging":0,"sentry_dsn":"https:\/\/93ffa1c9a4124f67b8888a53265f751a:bbf998e04584477fa9a145838e9d3b26@sentry.io\/168994","sentry_initialization":1,"sentry_debugging":0,"bannerSizes":["1"],"aspectRatioVideo":"16_9","app_id":"1217","showPreRewardedDialogue":0,"showPostRewardedDialogue":0,"rewardCurrency":"coins","rewardValue":0,"isSkipable":1,"privacyPolicyURL":"https:\/\/www.consoliads.com\/privacy-policy\/","sessionToken":"URb8baLeU\/+VKt8z4eR\/yBObtzAPB+gF4hGk\/sxzQHww1nRDbThA8MVBOMNx\/Hy+bWPNkw9QOeSagX6VbDEH6tX+oJp+QJnamEDNWWgwO2cnlncmzddhkPXViw2TRoq42pEZ\/7++UJR9w6PfIMx9H1JBNsx4xb3EeqKdjIpSpzI="}
Session token value is set


{"appKey":"e551eacd7ce4c379df2008130984e935","deviceID":"9238","stats":[{"campaignID":173,"packageID":"com.ubmgames.commando.survivor.modern.lone","sceneStats":[{"sceneID":"24","eventStats":"392,292,192,92,92,0,0"}]}],"sdkVersion":"26","sessionToken":"URb8baLeU\/+VKt8z4eR\/yBObtzAPB+gF4hGk\/sxzQHww1nRDbThA8MVBOMNx\/Hy+bWPNkw9QOeSagX6VbDEH6tX+oJp+QJnamEDNWWgwO2cnlncmzddhkPXViw2TRoq42pEZ\/7++UJR9w6PfIMx9H1JBNsx4xb3EeqKdjIpSpzI="}
cache_ttl value is correct

Refresh Ad Rate value is correct
mode value is set

 Aspect ratio value is correct
sentry_log value is set
local_logging value is set
sentry_initialization value is set
sentry_debugging value is set
showPreRewardedDialogue value is set
showPostRewardedDialogue value is set
isSkipable value is set
{"cache_ttl":10080,"cache_ttl_rewarded":10080,"cache_ttl_banner":10080,"cache_ttl_native":10080,"cache_ttl_icon":10080,"refreshAdRate":30,"mode":"Production","aspectRatio":"4_3","cdnPath":"https:\/\/df8ymybeo92md.cloudfront.net\/images\/","sentry_log":0,"local_logging":0,"sentry_dsn":"https:\/\/93ffa1c9a4124f67b8888a53265f751a:bbf998e04584477fa9a145838e9d3b26@sentry.io\/168994","sentry_initialization":1,"sentry_debugging":0,"bannerSizes":["5"],"aspectRatioVideo":"16_9","app_id":"1266","showPreRewardedDialogue":0,"showPostRewardedDialogue":0,"rewardCurrency":"coins","rewardValue":0,"isSkipable":0,"privacyPolicyURL":"https:\/\/www.consoliads.com\/privacy-policy\/","sessionToken":"zwexo8n3xmUhlzVRU3wRY4DypiHJll43uQg6KUEnRTYQ0rLUr3WX66+B15wwDFBFE7jid+fHT0qjmg0ex9pdUzhEG5vA+8aK0cwYJGOAICdqNIDRFlMWubitWoVYyyuJFTsPKd+Ko2MNQ3EIcnGw8Q6NX6HpAO\/tiD1cngvt8uc="}
Session token value is set


{"appKey":"e551eacd7ce4c379df2008130984e935","deviceID":"6108","stats":[{"campaignID":179,"packageID":"com.ubmgames.commando.survivor.modern.lone","sceneStats":[{"sceneID":"16","eventStats":"361,261,161,61,61,0,0"}]}],"sdkVersion":"26","sessionToken":"zwexo8n3xmUhlzVRU3wRY4DypiHJll43uQg6KUEnRTYQ0rLUr3WX66+B15wwDFBFE7jid+fHT0qjmg0ex9pdUzhEG5vA+8aK0cwYJGOAICdqNIDRFlMWubitWoVYyyuJFTsPKd+Ko2MNQ3EIcnGw8Q6NX6HpAO\/tiD1cngvt8uc="}
cache_ttl value is correct

Refresh Ad Rate value is correct
mode value is set

 Aspect ratio value is correct
sentry_log value is set
local_logging value is set
sentry_initialization value is set
sentry_debugging value is set
showPreRewardedDialogue value is set
showPostRewardedDialogue value is set
isSkipable value is set
{"cache_ttl":10080,"cache_ttl_rewarded":10080,"cache_ttl_banner":10080,"cache_ttl_native":10080,"cache_ttl_icon":10080,"refreshAdRate":30,"mode":"Production","aspectRatio":"4_3","cdnPath":"https:\/\/df8ymybeo92md.cloudfront.net\/images\/","sentry_log":0,"local_logging":0,"sentry_dsn":"https:\/\/93ffa1c9a4124f67b8888a53265f751a:bbf998e04584477fa9a145838e9d3b26@sentry.io\/168994","sentry_initialization":1,"sentry_debugging":0,"bannerSizes":["5"],"aspectRatioVideo":"16_9","app_id":"1266","showPreRewardedDialogue":0,"showPostRewardedDialogue":0,"rewardCurrency":"coins","rewardValue":0,"isSkipable":0,"privacyPolicyURL":"https:\/\/www.consoliads.com\/privacy-policy\/","sessionToken":"E86Pqx7zXw8z+lq0oXMTyL4VuQhQAMHUbJFtUWZkTc1eDIEwikQ5vDDK5LhpzE\/PKAxYSzHP5y0Y721Ivr5K4BanCMKPJrXzznBjQWkrDZmnEyGOa1Sxply3sfkYYPIOn\/LjC0HYN2XVZwZIr6idm0k2cQ9f0wszGsadw4FC6zg="}
Session token value is set


{"appKey":"a6c37abf407b4606382faab36e69377f","deviceID":"8202","stats":[{"campaignID":73,"packageID":"com.mizo.army.prisoner.transport.simulator","sceneStats":[{"sceneID":"21","eventStats":"382,282,182,82,82,0,0"}]}],"sdkVersion":"39","sessionToken":"E86Pqx7zXw8z+lq0oXMTyL4VuQhQAMHUbJFtUWZkTc1eDIEwikQ5vDDK5LhpzE\/PKAxYSzHP5y0Y721Ivr5K4BanCMKPJrXzznBjQWkrDZmnEyGOa1Sxply3sfkYYPIOn\/LjC0HYN2XVZwZIr6idm0k2cQ9f0wszGsadw4FC6zg="}
cache_ttl value is correct

Refresh Ad Rate value is correct
mode value is set

 Aspect ratio value is correct
sentry_log value is set
local_logging value is set
sentry_initialization value is set
sentry_debugging value is set
showPreRewardedDialogue value is set
showPostRewardedDialogue value is set
isSkipable value is set
{"cache_ttl":10080,"cache_ttl_rewarded":10080,"cache_ttl_banner":10080,"cache_ttl_native":10080,"cache_ttl_icon":10080,"refreshAdRate":30,"mode":"Production","aspectRatio":"4_3","cdnPath":"https:\/\/df8ymybeo92md.cloudfront.net\/images\/","sentry_log":0,"local_logging":0,"sentry_dsn":"https:\/\/93ffa1c9a4124f67b8888a53265f751a:bbf998e04584477fa9a145838e9d3b26@sentry.io\/168994","sentry_initialization":1,"sentry_debugging":0,"bannerSizes":[],"aspectRatioVideo":"16_9","app_id":"1458","showPreRewardedDialogue":0,"showPostRewardedDialogue":0,"rewardCurrency":"coins","rewardValue":0,"isSkipable":0,"privacyPolicyURL":"https:\/\/www.consoliads.com\/privacy-policy\/","sessionToken":"Oj+DRt6B+8ZZ1W++8LjmqicEWYgXvePp6wlwobKFXQgZEGVcEDjEgkgb++gR+\/MHu4oGJnRiGpYya\/05IAbIbH8VBftN5aZHKJXk8LvnnPWNDRmD0tbjR29fa8cA\/WmqkPDd18AcUIQMetAlv1f0pwJfauFRHu+uI0kWZZwDHKo="}
Session token value is set


{"appKey":"6a69c861101b1393f755f15cc4fa3703","deviceID":"5073","stats":[{"campaignID":8088,"packageID":"com.TheGameStormStudios.TouristBusSimulator2016","sceneStats":[{"sceneID":"13","eventStats":"351,251,151,51,51,0,0"}]}],"sdkVersion":"2151","sessionToken":"Oj+DRt6B+8ZZ1W++8LjmqicEWYgXvePp6wlwobKFXQgZEGVcEDjEgkgb++gR+\/MHu4oGJnRiGpYya\/05IAbIbH8VBftN5aZHKJXk8LvnnPWNDRmD0tbjR29fa8cA\/WmqkPDd18AcUIQMetAlv1f0pwJfauFRHu+uI0kWZZwDHKo="}
cache_ttl value is correct

Title value is correct

Title value is correct

Title value is correct

Refresh Ad Rate value is correct
mode value is set

 Aspect ratio value is correct
sentry_log value is set
local_logging value is set
sentry_initialization value is set
sentry_debugging value is set
showPreRewardedDialogue value is set
showPostRewardedDialogue value is set
isSkipable value is set
{"cache_ttl":10080,"cache_ttl_rewarded":10080,"cache_ttl_banner":10080,"cache_ttl_native":10080,"cache_ttl_icon":10080,"campaigns":[{"campaignID":"9006","attribution":0,"priority":"5","appToPromote":{"appToPromoteID":"17448","usesDefaultFrameImage":"0","usesDefaultCloseImage":"0","marketURL":"https:\/\/apps.apple.com\/us\/app\/monster-truck-derby-racing\/id1459074481?uo=4&amp;at=10l9yE","packageID":"com.TheGameStormStudios.derby.race.mayhem"},"showTemplate":1,"s2s_tracking_url":"https:\/\/apps.apple.com\/us\/app\/monster-truck-derby-racing\/id1459074481?uo=4&amp;at=10l9yE","activeCreativeID":"4370","scenes":["12","1","8","6","15","2"],"campaignAdType":"Icon","productId":"","purchaseBit":0,"licenseKey":""},{"campaignID":"9647","attribution":0,"priority":"5","appToPromote":{"appToPromoteID":"15527","usesDefaultFrameImage":"0","usesDefaultCloseImage":"0","marketURL":"https:\/\/apps.apple.com\/us\/app\/crowd-jump-adventure\/id1483198976","packageID":"com.TinyKraken16.TinyKraken-CrowdJump"},"showTemplate":1,"s2s_tracking_url":"https:\/\/apps.apple.com\/us\/app\/crowd-jump-adventure\/id1483198976","activeCreativeID":"5023","scenes":["2"],"campaignAdType":"Native","title":"native","subTitle":"native","description":"native","adClickThroughText":"antive","productId":"","purchaseBit":0,"licenseKey":""},{"campaignID":"9651","attribution":0,"priority":"5","appToPromote":{"appToPromoteID":"14953","usesDefaultFrameImage":"0","usesDefaultCloseImage":"0","marketURL":"https:\/\/play.google.com\/store\/apps\/details?id=com.appricot2d.cooking.restaurent.food.chef.kitchen.game","packageID":"com.Appricot2d16.InterCookingStop"},"showTemplate":1,"s2s_tracking_url":"https:\/\/play.google.com\/store\/apps\/details?id=com.appricot2d.cooking.restaurent.food.chef.kitchen.game","activeCreativeID":"5026","scenes":["2"],"campaignAdType":"Native","title":"set","subTitle":"set","description":"set","adClickThroughText":"set","productId":"","purchaseBit":0,"licenseKey":""},{"campaignID":"9709","attribution":0,"priority":"5","appToPromote":{"appToPromoteID":"18192","usesDefaultFrameImage":"0","usesDefaultCloseImage":"0","marketURL":"https:\/\/www.google.com\/","packageID":"com.NewAge.adddd"},"showTemplate":1,"s2s_tracking_url":"https:\/\/www.google.com\/","activeCreativeID":"5025","scenes":["12","1","8","6","15","2"],"campaignAdType":"Native","title":"set","subTitle":"set","description":"set","adClickThroughText":"set","productId":"","purchaseBit":0,"licenseKey":""},{"campaignID":"7183","attribution":0,"priority":"5","appToPromote":{"appToPromoteID":"14224","usesDefaultFrameImage":"0","usesDefaultCloseImage":"0","marketURL":"https:\/\/apps.apple.com\/us\/app\/moto-bike-stunt-racing-game\/id1484465780?uo=4&amp;at=10l9yE","packageID":"com.TheGameStormStudios.MotoBikeStuntRace"},"showTemplate":1,"s2s_tracking_url":"https:\/\/apps.apple.com\/us\/app\/moto-bike-stunt-racing-game\/id1484465780?uo=4&amp;at=10l9yE","activeCreativeID":"2313","scenes":["12","1","8","6","15","2"],"campaignAdType":"Banner","productId":"","purchaseBit":0,"licenseKey":""},{"campaignID":"9126","attribution":0,"priority":"8","appToPromote":{"appToPromoteID":"17527","usesDefaultFrameImage":"0","usesDefaultCloseImage":"0","marketURL":"https:\/\/itunes.apple.com\/us\/app\/id1196690809","packageID":"id1196690809"},"showTemplate":1,"s2s_tracking_url":"https:\/\/tha.gotrackier.com\/click?campaign_id=68346\\u0026pub_id=75?p1=1472_9126_5073&amp;source=6841&amp;app_name=OffRoadTouristBusSimulator2016&amp;idfa=5073","activeCreativeID":"4478","scenes":["12","1","8","6","15","2"],"campaignAdType":"Banner","productId":"","purchaseBit":0,"licenseKey":""},{"campaignID":"9128","attribution":0,"priority":"8","appToPromote":{"appToPromoteID":"17529","usesDefaultFrameImage":"0","usesDefaultCloseImage":"0","marketURL":"https:\/\/apps.apple.com\/ru\/app\/id1259203065","packageID":"id1259203065"},"showTemplate":1,"s2s_tracking_url":"https:\/\/tha.gotrackier.com\/click?campaign_id=63251\\u0026pub_id=75?p1=1472_9128_5073&amp;source=6841&amp;app_name=OffRoadTouristBusSimulator2016&amp;idfa=5073","activeCreativeID":"4480","scenes":["12","1","8","6","15","2"],"campaignAdType":"Video","productId":"","purchaseBit":0,"licenseKey":""},{"campaignID":"9129","attribution":0,"priority":"8","appToPromote":{"appToPromoteID":"17530","usesDefaultFrameImage":"0","usesDefaultCloseImage":"0","marketURL":"https:\/\/apps.apple.com\/tw\/app\/%E6%BB%BF%E8%B2%AB%E5%A4%A7%E4%BA%A8\/id1007924271","packageID":"id1007924271"},"showTemplate":1,"s2s_tracking_url":"https:\/\/tha.gotrackier.com\/click?campaign_id=63252\\u0026pub_id=75?p1=1472_9129_5073&amp;source=6841&amp;app_name=OffRoadTouristBusSimulator2016&amp;idfa=5073","activeCreativeID":"4481","scenes":["12","1","8","6","15","2"],"campaignAdType":"Banner","productId":"","purchaseBit":0,"licenseKey":""},{"campaignID":"1041","attribution":0,"priority":"6","appToPromote":{"appToPromoteID":"5781","usesDefaultFrameImage":"0","usesDefaultCloseImage":"0","marketURL":"https:\/\/itunes.apple.com\/US\/app\/id642727743?","packageID":"id642727743"},"showTemplate":1,"activeCreativeID":null,"scenes":["12","1","8","6","15","2"],"campaignAdType":"Interstitial","productId":"","purchaseBit":0,"licenseKey":""},{"campaignID":"1423","attribution":0,"priority":"4","appToPromote":{"appToPromoteID":"5227","usesDefaultFrameImage":"0","usesDefaultCloseImage":"0","marketURL":"https:\/\/itunes.apple.com\/in\/app\/8-ball-pool\/id543186831?mt=8","packageID":"id543186831"},"showTemplate":1,"activeCreativeID":null,"scenes":["12","1","8","6","15","2"],"campaignAdType":"Interstitial","productId":"","purchaseBit":0,"licenseKey":""}],"refreshAdRate":30,"mode":"Production","aspectRatio":"4_3","cdnPath":"https:\/\/df8ymybeo92md.cloudfront.net\/images\/","sentry_log":0,"local_logging":0,"sentry_dsn":"https:\/\/e6dcd89483ae4d13b0f42ed3810d8d62:078421c4ad3d43f19885b30828ce7ee6@sentry.io\/187776","sentry_initialization":1,"sentry_debugging":0,"bannerSizes":["5","1","2"],"aspectRatioVideo":"16_9","app_id":"1472","showPreRewardedDialogue":0,"showPostRewardedDialogue":0,"rewardCurrency":"coins","rewardValue":0,"isSkipable":0,"privacyPolicyURL":"https:\/\/www.consoliads.com\/privacy-policy\/","sessionToken":"BWyC6r5DBS3lWdfvOAYUiWnv48RxYN8iMT7ai7SucnMFnrTV3x235y7IUIJcrrXdJ3H4j9yj4HaUocndgCFgG34kSlJXHBctXOpNsSN+ZWFUOBN9zR7SH5EDw03cUIk3v2C7m9pIZXwWJxEUSZT\/63efoAxACMu5MTiDBHaj3mo="}
Session token value is set


{"appKey":"f1b23f0067eb003f37357ca24defd9a4","deviceID":"5182","stats":[{"campaignID":78,"packageID":"com.mizo.road.builder.city.construction","sceneStats":[{"sceneID":"13","eventStats":"352,252,152,52,52,0,0"}]}],"sdkVersion":"2151","sessionToken":"BWyC6r5DBS3lWdfvOAYUiWnv48RxYN8iMT7ai7SucnMFnrTV3x235y7IUIJcrrXdJ3H4j9yj4HaUocndgCFgG34kSlJXHBctXOpNsSN+ZWFUOBN9zR7SH5EDw03cUIk3v2C7m9pIZXwWJxEUSZT\/63efoAxACMu5MTiDBHaj3mo="}
cache_ttl value is correct

Refresh Ad Rate value is correct
mode value is set

 Aspect ratio value is correct
sentry_log value is set
local_logging value is set
sentry_initialization value is set
sentry_debugging value is set
showPreRewardedDialogue value is set
showPostRewardedDialogue value is set
isSkipable value is set
{"cache_ttl":10080,"cache_ttl_rewarded":10080,"cache_ttl_banner":10080,"cache_ttl_native":10080,"cache_ttl_icon":10080,"campaigns":[{"campaignID":"9277","attribution_link":"","attribution":1,"priority":"5","appToPromote":{"appToPromoteID":"17609","usesDefaultFrameImage":"0","usesDefaultCloseImage":"0","marketURL":"https:\/\/smartbear.com\/learn\/automated-testing\/test-automation-frameworks\/","packageID":"com.buntoo.buntooAd"},"showTemplate":1,"s2s_tracking_url":"","activeCreativeID":"4702","scenes":["1","2","6","4","5"],"campaignAdType":"Interstitial","productId":"","purchaseBit":0,"licenseKey":""},{"campaignID":"9278","attribution":0,"priority":"5","appToPromote":{"appToPromoteID":"17609","usesDefaultFrameImage":"0","usesDefaultCloseImage":"0","marketURL":"https:\/\/smartbear.com\/learn\/automated-testing\/test-automation-frameworks\/","packageID":"com.buntoo.buntooAd"},"showTemplate":1,"s2s_tracking_url":"https:\/\/smartbear.com\/learn\/automated-testing\/test-automation-frameworks\/","activeCreativeID":"4701","scenes":["1","2","6","4","5"],"campaignAdType":"Interstitial","productId":"","purchaseBit":0,"licenseKey":""},{"campaignID":"9279","attribution":0,"priority":"5","appToPromote":{"appToPromoteID":"17609","usesDefaultFrameImage":"0","usesDefaultCloseImage":"0","marketURL":"https:\/\/smartbear.com\/learn\/automated-testing\/test-automation-frameworks\/","packageID":"com.buntoo.buntooAd"},"showTemplate":1,"s2s_tracking_url":"https:\/\/smartbear.com\/learn\/automated-testing\/test-automation-frameworks\/","activeCreativeID":"4701","scenes":["1","2","6","4","5"],"campaignAdType":"Interstitial","productId":"","purchaseBit":0,"licenseKey":""},{"campaignID":"9280","attribution":0,"priority":"5","appToPromote":{"appToPromoteID":"17609","usesDefaultFrameImage":"0","usesDefaultCloseImage":"0","marketURL":"https:\/\/smartbear.com\/learn\/automated-testing\/test-automation-frameworks\/","packageID":"com.buntoo.buntooAd"},"showTemplate":1,"s2s_tracking_url":"https:\/\/smartbear.com\/learn\/automated-testing\/test-automation-frameworks\/","activeCreativeID":"4701","scenes":["1","2","6","4","5"],"campaignAdType":"Interstitial","productId":"","purchaseBit":0,"licenseKey":""},{"campaignID":"9281","attribution":0,"priority":"5","appToPromote":{"appToPromoteID":"17609","usesDefaultFrameImage":"0","usesDefaultCloseImage":"0","marketURL":"https:\/\/smartbear.com\/learn\/automated-testing\/test-automation-frameworks\/","packageID":"com.buntoo.buntooAd"},"showTemplate":1,"s2s_tracking_url":"https:\/\/smartbear.com\/learn\/automated-testing\/test-automation-frameworks\/","activeCreativeID":"4701","scenes":["1","2","6","4","5"],"campaignAdType":"Interstitial","productId":"","purchaseBit":0,"licenseKey":""},{"campaignID":"9282","attribution":0,"priority":"5","appToPromote":{"appToPromoteID":"17609","usesDefaultFrameImage":"0","usesDefaultCloseImage":"0","marketURL":"https:\/\/smartbear.com\/learn\/automated-testing\/test-automation-frameworks\/","packageID":"com.buntoo.buntooAd"},"showTemplate":1,"s2s_tracking_url":"https:\/\/smartbear.com\/learn\/automated-testing\/test-automation-frameworks\/","activeCreativeID":"4701","scenes":["1","2","6","4","5"],"campaignAdType":"Interstitial","productId":"","purchaseBit":0,"licenseKey":""},{"campaignID":"9283","attribution":0,"priority":"5","appToPromote":{"appToPromoteID":"17609","usesDefaultFrameImage":"0","usesDefaultCloseImage":"0","marketURL":"https:\/\/smartbear.com\/learn\/automated-testing\/test-automation-frameworks\/","packageID":"com.buntoo.buntooAd"},"showTemplate":1,"s2s_tracking_url":"https:\/\/smartbear.com\/learn\/automated-testing\/test-automation-frameworks\/","activeCreativeID":"4701","scenes":["1","2","6","4","5"],"campaignAdType":"Interstitial","productId":"","purchaseBit":0,"licenseKey":""},{"campaignID":"9285","attribution":0,"priority":"5","appToPromote":{"appToPromoteID":"14746","usesDefaultFrameImage":"0","usesDefaultCloseImage":"0","marketURL":"https:\/\/play.google.com\/store\/apps\/details?id=com.buntoo.army.bus.parking","packageID":"com.buntoo.army.bus.parking"},"showTemplate":1,"s2s_tracking_url":"https:\/\/play.google.com\/store\/apps\/details?id=com.buntoo.army.bus.parking","activeCreativeID":"4710","scenes":["1","2","6","4","5"],"campaignAdType":"Interstitial","productId":"","purchaseBit":0,"licenseKey":""},{"campaignID":"9287","attribution":0,"priority":"5","appToPromote":{"appToPromoteID":"14746","usesDefaultFrameImage":"0","usesDefaultCloseImage":"0","marketURL":"https:\/\/play.google.com\/store\/apps\/details?id=com.buntoo.army.bus.parking","packageID":"com.buntoo.army.bus.parking"},"showTemplate":1,"s2s_tracking_url":"https:\/\/play.google.com\/store\/apps\/details?id=com.buntoo.army.bus.parking","activeCreativeID":"4710","scenes":["1","2","6","4","5"],"campaignAdType":"Interstitial","productId":"","purchaseBit":0,"licenseKey":""},{"campaignID":"9289","attribution":0,"priority":"5","appToPromote":{"appToPromoteID":"17609","usesDefaultFrameImage":"0","usesDefaultCloseImage":"0","marketURL":"https:\/\/smartbear.com\/learn\/automated-testing\/test-automation-frameworks\/","packageID":"com.buntoo.buntooAd"},"showTemplate":1,"s2s_tracking_url":"https:\/\/smartbear.com\/learn\/automated-testing\/test-automation-frameworks\/","activeCreativeID":"4701","scenes":["1","2","6","4","5"],"campaignAdType":"Interstitial","productId":"","purchaseBit":0,"licenseKey":""},{"campaignID":"9290","attribution":0,"priority":"5","appToPromote":{"appToPromoteID":"17609","usesDefaultFrameImage":"0","usesDefaultCloseImage":"0","marketURL":"https:\/\/smartbear.com\/learn\/automated-testing\/test-automation-frameworks\/","packageID":"com.buntoo.buntooAd"},"showTemplate":1,"s2s_tracking_url":"https:\/\/smartbear.com\/learn\/automated-testing\/test-automation-frameworks\/","activeCreativeID":"4701","scenes":["1","2","6","4","5"],"campaignAdType":"Interstitial","productId":"","purchaseBit":0,"licenseKey":""},{"campaignID":"9293","attribution":0,"priority":"5","appToPromote":{"appToPromoteID":"17609","usesDefaultFrameImage":"0","usesDefaultCloseImage":"0","marketURL":"https:\/\/smartbear.com\/learn\/automated-testing\/test-automation-frameworks\/","packageID":"com.buntoo.buntooAd"},"showTemplate":1,"s2s_tracking_url":"https:\/\/smartbear.com\/learn\/automated-testing\/test-automation-frameworks\/","activeCreativeID":"4701","scenes":["1","2","6","4","5"],"campaignAdType":"Interstitial","productId":"","purchaseBit":0,"licenseKey":""},{"campaignID":"9296","attribution":0,"priority":"5","appToPromote":{"appToPromoteID":"17609","usesDefaultFrameImage":"0","usesDefaultCloseImage":"0","marketURL":"https:\/\/smartbear.com\/learn\/automated-testing\/test-automation-frameworks\/","packageID":"com.buntoo.buntooAd"},"showTemplate":1,"s2s_tracking_url":"https:\/\/smartbear.com\/learn\/automated-testing\/test-automation-frameworks\/","activeCreativeID":"4701","scenes":["1","2","6","4","5"],"campaignAdType":"Interstitial","productId":"","purchaseBit":0,"licenseKey":""},{"campaignID":"9297","attribution":0,"priority":"5","appToPromote":{"appToPromoteID":"17609","usesDefaultFrameImage":"0","usesDefaultCloseImage":"0","marketURL":"https:\/\/smartbear.com\/learn\/automated-testing\/test-automation-frameworks\/","packageID":"com.buntoo.buntooAd"},"showTemplate":1,"s2s_tracking_url":"https:\/\/smartbear.com\/learn\/automated-testing\/test-automation-frameworks\/","activeCreativeID":"4701","scenes":["1","2","6","4","5"],"campaignAdType":"Interstitial","productId":"","purchaseBit":0,"licenseKey":""},{"campaignID":"9299","attribution":0,"priority":"5","appToPromote":{"appToPromoteID":"17609","usesDefaultFrameImage":"0","usesDefaultCloseImage":"0","marketURL":"https:\/\/smartbear.com\/learn\/automated-testing\/test-automation-frameworks\/","packageID":"com.buntoo.buntooAd"},"showTemplate":1,"s2s_tracking_url":"https:\/\/smartbear.com\/learn\/automated-testing\/test-automation-frameworks\/","activeCreativeID":"4701","scenes":["1","2","6","4","5"],"campaignAdType":"Interstitial","productId":"","purchaseBit":0,"licenseKey":""},{"campaignID":"9301","attribution":0,"priority":"5","appToPromote":{"appToPromoteID":"17609","usesDefaultFrameImage":"0","usesDefaultCloseImage":"0","marketURL":"https:\/\/smartbear.com\/learn\/automated-testing\/test-automation-frameworks\/","packageID":"com.buntoo.buntooAd"},"showTemplate":1,"s2s_tracking_url":"https:\/\/smartbear.com\/learn\/automated-testing\/test-automation-frameworks\/","activeCreativeID":"4701","scenes":["1","2","6","4","5"],"campaignAdType":"Interstitial","productId":"","purchaseBit":0,"licenseKey":""},{"campaignID":"9305","attribution":0,"priority":"5","appToPromote":{"appToPromoteID":"14746","usesDefaultFrameImage":"0","usesDefaultCloseImage":"0","marketURL":"https:\/\/play.google.com\/store\/apps\/details?id=com.buntoo.army.bus.parking","packageID":"com.buntoo.army.bus.parking"},"showTemplate":1,"s2s_tracking_url":"https:\/\/play.google.com\/store\/apps\/details?id=com.buntoo.army.bus.parking","activeCreativeID":"4710","scenes":["1","2","6","4","5"],"campaignAdType":"Interstitial","productId":"","purchaseBit":0,"licenseKey":""},{"campaignID":"48","attribution":0,"priority":"5","appToPromote":{"appToPromoteID":"1074","usesDefaultFrameImage":"1","usesDefaultCloseImage":"1","marketURL":"https:\/\/play.google.com\/store\/apps\/details?id=com.mizo.construction.crane.hill.climb","packageID":"com.mizo.construction.crane.hill.climb"},"showTemplate":1,"s2s_tracking_url":"https:\/\/play.google.com\/store\/apps\/details?id=com.mizo.construction.crane.hill.climb","activeCreativeID":"65","scenes":["1","2","6","4","5"],"campaignAdType":"Interstitial","productId":"","purchaseBit":0,"licenseKey":""},{"campaignID":"50","attribution":0,"priority":"5","appToPromote":{"appToPromoteID":"1221","usesDefaultFrameImage":"1","usesDefaultCloseImage":"1","marketURL":"https:\/\/play.google.com\/store\/apps\/details?id=com.mizo.offroad.hill.climb","packageID":"com.mizo.offroad.hill.climb"},"showTemplate":1,"s2s_tracking_url":"https:\/\/play.google.com\/store\/apps\/details?id=com.mizo.offroad.hill.climb","activeCreativeID":"67","scenes":["1","2","6","4","5"],"campaignAdType":"Interstitial","productId":"","purchaseBit":0,"licenseKey":""},{"campaignID":"67","attribution":0,"priority":"5","appToPromote":{"appToPromoteID":"1306","usesDefaultFrameImage":"1","usesDefaultCloseImage":"1","marketURL":"https:\/\/play.google.com\/store\/apps\/details?id=com.mizo.extreme.heavy.truck","packageID":"com.mizo.extreme.heavy.truck"},"showTemplate":1,"s2s_tracking_url":"https:\/\/play.google.com\/store\/apps\/details?id=com.mizo.extreme.heavy.truck","activeCreativeID":"85","scenes":["1","2","6","4","5"],"campaignAdType":"Interstitial","productId":"","purchaseBit":0,"licenseKey":""},{"campaignID":"78","attribution":0,"priority":"5","appToPromote":{"appToPromoteID":"1632","usesDefaultFrameImage":"1","usesDefaultCloseImage":"1","marketURL":"https:\/\/play.google.com\/store\/apps\/details?id=com.mizo.road.builder.city.construction","packageID":"com.mizo.road.builder.city.construction"},"showTemplate":1,"s2s_tracking_url":"https:\/\/play.google.com\/store\/apps\/details?id=com.mizo.road.builder.city.construction","activeCreativeID":"97","scenes":["1","2","6","4","5"],"campaignAdType":"Interstitial","productId":"","purchaseBit":0,"licenseKey":""},{"campaignID":"80","attribution":0,"priority":"5","appToPromote":{"appToPromoteID":"1675","usesDefaultFrameImage":"1","usesDefaultCloseImage":"1","marketURL":"https:\/\/play.google.com\/store\/apps\/details?id=com.mizo.flip.bottle.shooting.expert","packageID":"com.mizo.flip.bottle.shooting.expert"},"showTemplate":1,"s2s_tracking_url":"https:\/\/play.google.com\/store\/apps\/details?id=com.mizo.flip.bottle.shooting.expert","activeCreativeID":"100","scenes":["1","2","6","4","5"],"campaignAdType":"Interstitial","productId":"","purchaseBit":0,"licenseKey":""},{"campaignID":"110","attribution":0,"priority":"5","appToPromote":{"appToPromoteID":"1853","usesDefaultFrameImage":"1","usesDefaultCloseImage":"1","marketURL":"https:\/\/play.google.com\/store\/apps\/details?id=com.mizo.police.airplane.transporter","packageID":"com.mizo.police.airplane.transporter"},"showTemplate":1,"s2s_tracking_url":"https:\/\/play.google.com\/store\/apps\/details?id=com.mizo.police.airplane.transporter","activeCreativeID":"137","scenes":["1","2","6","4","5"],"campaignAdType":"Interstitial","productId":"","purchaseBit":0,"licenseKey":""},{"campaignID":"143","attribution":0,"priority":"5","appToPromote":{"appToPromoteID":"2089","usesDefaultFrameImage":"0","usesDefaultCloseImage":"0","marketURL":"https:\/\/play.google.com\/store\/apps\/details?id=com.mizo.sports.car.mechanic","packageID":"com.mizo.sports.car.mechanic"},"showTemplate":1,"s2s_tracking_url":"https:\/\/play.google.com\/store\/apps\/details?id=com.mizo.sports.car.mechanic","activeCreativeID":"184","scenes":["1","2","6","4","5"],"campaignAdType":"Interstitial","productId":"","purchaseBit":0,"licenseKey":""},{"campaignID":"147","attribution":0,"priority":"5","appToPromote":{"appToPromoteID":"2085","usesDefaultFrameImage":"0","usesDefaultCloseImage":"0","marketURL":"https:\/\/play.google.com\/store\/apps\/details?id=com.mizo.robot.gang.mafia","packageID":"com.mizo.robot.gang.mafia"},"showTemplate":1,"s2s_tracking_url":"https:\/\/play.google.com\/store\/apps\/details?id=com.mizo.robot.gang.mafia","activeCreativeID":"188","scenes":["1","2","6","4","5"],"campaignAdType":"Interstitial","productId":"","purchaseBit":0,"licenseKey":""}],"refreshAdRate":30,"mode":"Production","aspectRatio":"4_3","cdnPath":"https:\/\/df8ymybeo92md.cloudfront.net\/images\/","sentry_log":0,"local_logging":0,"sentry_dsn":"https:\/\/93ffa1c9a4124f67b8888a53265f751a:bbf998e04584477fa9a145838e9d3b26@sentry.io\/168994","sentry_initialization":1,"sentry_debugging":0,"bannerSizes":["1"],"aspectRatioVideo":"16_9","app_id":"1632","showPreRewardedDialogue":0,"showPostRewardedDialogue":0,"rewardCurrency":"coins","rewardValue":0,"isSkipable":1,"privacyPolicyURL":"https:\/\/www.consoliads.com\/privacy-policy\/","sessionToken":"DomyDdhhDBKG8J4l5z9cDIGPVWTuw7cLh9cwrYCSjnIi1mAPiRaDLL2x7uxGZWukyU8fuE\/BcGcQhkD\/coHNd4XqxGdn2EHJDTJI4rqxIDwusKOmCZozy2gG1ka6dex\/J4NTKHHDvOT4zNEH5wqRBy\/64LX7FqVyxR8TncQ8yis="}
Session token value is set


{"appKey":"a15540f259692e0f609b4cace3e780a9","deviceID":"1006","stats":[{"campaignID":80,"packageID":"com.mizo.flip.bottle.shooting.expert","sceneStats":[{"sceneID":"3","eventStats":"310,210,110,10,10,0,0"}]}],"sdkVersion":"39","sessionToken":"DomyDdhhDBKG8J4l5z9cDIGPVWTuw7cLh9cwrYCSjnIi1mAPiRaDLL2x7uxGZWukyU8fuE\/BcGcQhkD\/coHNd4XqxGdn2EHJDTJI4rqxIDwusKOmCZozy2gG1ka6dex\/J4NTKHHDvOT4zNEH5wqRBy\/64LX7FqVyxR8TncQ8yis="}
cache_ttl value is correct

Refresh Ad Rate value is correct
mode value is set

 Aspect ratio value is correct
sentry_log value is set
local_logging value is set
sentry_initialization value is set
sentry_debugging value is set
showPreRewardedDialogue value is set
showPostRewardedDialogue value is set
isSkipable value is set
{"cache_ttl":10080,"cache_ttl_rewarded":10080,"cache_ttl_banner":10080,"cache_ttl_native":10080,"cache_ttl_icon":10080,"refreshAdRate":30,"mode":"Production","aspectRatio":"4_3","cdnPath":"https:\/\/df8ymybeo92md.cloudfront.net\/images\/","sentry_log":0,"local_logging":0,"sentry_dsn":"https:\/\/93ffa1c9a4124f67b8888a53265f751a:bbf998e04584477fa9a145838e9d3b26@sentry.io\/168994","sentry_initialization":1,"sentry_debugging":0,"bannerSizes":[],"aspectRatioVideo":"16_9","app_id":"1675","showPreRewardedDialogue":0,"showPostRewardedDialogue":0,"rewardCurrency":"coins","rewardValue":0,"isSkipable":0,"privacyPolicyURL":"https:\/\/www.consoliads.com\/privacy-policy\/","sessionToken":"NihChZrgZMqWy5DNttZdoUPmSYVjJ1rE\/Y+le9UsFi83E0NKiGxBfMdDULXROYq2jWpnN5Ejq9u7d5AxgJSLLobluh66oSjABcFV6yp4sDueHi3692vHhPuAKvhteTX1KHQw6F9mkWWkFJvxgexmsNxxKeRQHfE+9QiFAlrwPAk="}
Session token value is set


{"appKey":"b86d913485cddc89a88e3a31f2611244","deviceID":"5052","stats":[{"campaignID":84,"packageID":"com.ids.kids.hospital.cashier.pro","sceneStats":[{"sceneID":"13","eventStats":"351,251,151,51,51,0,0"}]}],"sdkVersion":"39","sessionToken":"NihChZrgZMqWy5DNttZdoUPmSYVjJ1rE\/Y+le9UsFi83E0NKiGxBfMdDULXROYq2jWpnN5Ejq9u7d5AxgJSLLobluh66oSjABcFV6yp4sDueHi3692vHhPuAKvhteTX1KHQw6F9mkWWkFJvxgexmsNxxKeRQHfE+9QiFAlrwPAk="}
cache_ttl value is correct

Refresh Ad Rate value is correct
mode value is set

 Aspect ratio value is correct
sentry_log value is set
local_logging value is set
sentry_initialization value is set
sentry_debugging value is set
showPreRewardedDialogue value is set
showPostRewardedDialogue value is set
isSkipable value is set
{"cache_ttl":10080,"cache_ttl_rewarded":10080,"cache_ttl_banner":10080,"cache_ttl_native":10080,"cache_ttl_icon":10080,"campaigns":[{"campaignID":"8959","attribution":0,"priority":"5","appToPromote":{"appToPromoteID":"8237","usesDefaultFrameImage":"0","usesDefaultCloseImage":"0","marketURL":"https:\/\/play.google.com\/store\/apps\/details?id=com.ids.crazykitchen.seafood.chef.cooking.game","packageID":"com.ids.crazykitchen.seafood.chef.cooking.game"},"showTemplate":1,"s2s_tracking_url":"https:\/\/play.google.com\/store\/apps\/details?id=com.ids.crazykitchen.seafood.chef.cooking.game","activeCreativeID":"4330","scenes":["12","1","8","6","15","2"],"campaignAdType":"Interstitial","productId":"","purchaseBit":0,"licenseKey":""},{"campaignID":"9384","attribution":0,"priority":"5","appToPromote":{"appToPromoteID":"13185","usesDefaultFrameImage":"0","usesDefaultCloseImage":"0","marketURL":"https:\/\/play.google.com\/store\/apps\/details?id=com.gamesarena.flying.bike.tricks.stunts&amp;referrer=utm_source=42matters.com&amp;utm_medium=api","packageID":"com.gamesarena.flying.bike.tricks.stunts"},"showTemplate":1,"s2s_tracking_url":"https:\/\/play.google.com\/store\/apps\/details?id=com.gamesarena.flying.bike.tricks.stunts&amp;referrer=utm_source=42matters.com&amp;utm_medium=api","activeCreativeID":"4829","scenes":["12","1","8","6","15","2"],"campaignAdType":"Interstitial","productId":"","purchaseBit":0,"licenseKey":""},{"campaignID":"9386","attribution":0,"priority":"5","appToPromote":{"appToPromoteID":"17764","usesDefaultFrameImage":"0","usesDefaultCloseImage":"0","marketURL":"https:\/\/play.google.com\/store\/apps\/details?id=com.visiblebody.atlas&amp;referrer=utm_source=42matters.com&amp;utm_medium=api","packageID":"com.gamesarena..test6324"},"showTemplate":1,"s2s_tracking_url":"https:\/\/play.google.com\/store\/apps\/details?id=com.visiblebody.atlas&amp;referrer=utm_source=42matters.com&amp;utm_medium=api","activeCreativeID":"4828","scenes":["12","1","8","6","15","2"],"campaignAdType":"Interstitial","productId":"","purchaseBit":0,"licenseKey":""},{"campaignID":"9389","attribution":0,"priority":"5","appToPromote":{"appToPromoteID":"13185","usesDefaultFrameImage":"0","usesDefaultCloseImage":"0","marketURL":"https:\/\/play.google.com\/store\/apps\/details?id=com.gamesarena.flying.bike.tricks.stunts&amp;referrer=utm_source=42matters.com&amp;utm_medium=api","packageID":"com.gamesarena.flying.bike.tricks.stunts"},"showTemplate":1,"s2s_tracking_url":"https:\/\/play.google.com\/store\/apps\/details?id=com.gamesarena.flying.bike.tricks.stunts&amp;referrer=utm_source=42matters.com&amp;utm_medium=api","activeCreativeID":"4829","scenes":["12","1","8","6","15","2"],"campaignAdType":"Interstitial","productId":"","purchaseBit":0,"licenseKey":""},{"campaignID":"100","attribution":0,"priority":"5","appToPromote":{"appToPromoteID":"1906","usesDefaultFrameImage":"0","usesDefaultCloseImage":"0","marketURL":"https:\/\/play.google.com\/store\/apps\/details?id=com.tenlogix.christmas.cooking.bbq.maker","packageID":"com.tenlogix.christmas.cooking.bbq.maker"},"showTemplate":1,"s2s_tracking_url":"https:\/\/play.google.com\/store\/apps\/details?id=com.tenlogix.christmas.cooking.bbq.maker","activeCreativeID":"126","scenes":["12","1","8","6","15","2"],"campaignAdType":"Interstitial","productId":"","purchaseBit":0,"licenseKey":""},{"campaignID":"141","attribution":0,"priority":"5","appToPromote":{"appToPromoteID":"2162","usesDefaultFrameImage":"0","usesDefaultCloseImage":"0","marketURL":"https:\/\/play.google.com\/store\/apps\/details?id=com.tenlogix.fun.kids.eye.doctor.clinic","packageID":"com.tenlogix.fun.kids.eye.doctor.clinic"},"showTemplate":1,"s2s_tracking_url":"https:\/\/play.google.com\/store\/apps\/details?id=com.tenlogix.fun.kids.eye.doctor.clinic","activeCreativeID":"181","scenes":["12","1","8","6","15","2"],"campaignAdType":"Interstitial","productId":"","purchaseBit":0,"licenseKey":""},{"campaignID":"186","attribution":0,"priority":"5","appToPromote":{"appToPromoteID":"2367","usesDefaultFrameImage":"0","usesDefaultCloseImage":"0","marketURL":"https:\/\/play.google.com\/store\/apps\/details?id=com.tenlogix.kids.clinic.story.nosedoctor","packageID":"com.tenlogix.kids.clinic.story.nosedoctor"},"showTemplate":1,"s2s_tracking_url":"https:\/\/play.google.com\/store\/apps\/details?id=com.tenlogix.kids.clinic.story.nosedoctor","activeCreativeID":"256","scenes":["12","1","8","6","15","2"],"campaignAdType":"Interstitial","productId":"","purchaseBit":0,"licenseKey":""},{"campaignID":"212","attribution":0,"priority":"5","appToPromote":{"appToPromoteID":"2557","usesDefaultFrameImage":"0","usesDefaultCloseImage":"0","marketURL":"https:\/\/play.google.com\/store\/apps\/details?id=com.ids.theme.park.kids.cashier","packageID":"com.ids.theme.park.kids.cashier"},"showTemplate":1,"s2s_tracking_url":"https:\/\/play.google.com\/store\/apps\/details?id=com.ids.theme.park.kids.cashier","activeCreativeID":"290","scenes":["12","1","8","6","15","2"],"campaignAdType":"Interstitial","productId":"","purchaseBit":0,"licenseKey":""},{"campaignID":"374","attribution":0,"priority":"5","appToPromote":{"appToPromoteID":"2975","usesDefaultFrameImage":"0","usesDefaultCloseImage":"0","marketURL":"https:\/\/play.google.com\/store\/apps\/details?id=com.tenlogix.girlsgame.princess.fashion.salon","packageID":"com.tenlogix.girlsgame.princess.fashion.salon"},"showTemplate":1,"s2s_tracking_url":"https:\/\/play.google.com\/store\/apps\/details?id=com.tenlogix.girlsgame.princess.fashion.salon","activeCreativeID":"395","scenes":["12","1","8","6","15","2"],"campaignAdType":"Interstitial","productId":"","purchaseBit":0,"licenseKey":""},{"campaignID":"423","attribution":0,"priority":"5","appToPromote":{"appToPromoteID":"3210","usesDefaultFrameImage":"0","usesDefaultCloseImage":"0","marketURL":"https:\/\/play.google.com\/store\/apps\/details?id=com.tenlogix.highschool.crazy.cooking.chef","packageID":"com.tenlogix.highschool.crazy.cooking.chef"},"showTemplate":1,"s2s_tracking_url":"https:\/\/play.google.com\/store\/apps\/details?id=com.tenlogix.highschool.crazy.cooking.chef","activeCreativeID":"465","scenes":["12","1","8","6","15","2"],"campaignAdType":"Interstitial","productId":"","purchaseBit":0,"licenseKey":""},{"campaignID":"491","attribution":0,"priority":"5","appToPromote":{"appToPromoteID":"3532","usesDefaultFrameImage":"0","usesDefaultCloseImage":"0","marketURL":"https:\/\/play.google.com\/store\/apps\/details?id=com.tenlogix.highschool.girl.cooking.story","packageID":"com.tenlogix.highschool.girl.cooking.story"},"showTemplate":1,"s2s_tracking_url":"https:\/\/play.google.com\/store\/apps\/details?id=com.tenlogix.highschool.girl.cooking.story","activeCreativeID":"553","scenes":["12","1","8","6","15","2"],"campaignAdType":"Interstitial","productId":"","purchaseBit":0,"licenseKey":""},{"campaignID":"507","attribution":0,"priority":"5","appToPromote":{"appToPromoteID":"3472","usesDefaultFrameImage":"0","usesDefaultCloseImage":"0","marketURL":"https:\/\/play.google.com\/store\/apps\/details?id=com.tenlogix.streetfood.cooking.chef","packageID":"com.tenlogix.streetfood.cooking.chef"},"showTemplate":1,"s2s_tracking_url":"https:\/\/play.google.com\/store\/apps\/details?id=com.tenlogix.streetfood.cooking.chef","activeCreativeID":"585","scenes":["12","1","8","6","15","2"],"campaignAdType":"Interstitial","productId":"","purchaseBit":0,"licenseKey":""},{"campaignID":"519","attribution":0,"priority":"5","appToPromote":{"appToPromoteID":"3675","usesDefaultFrameImage":"0","usesDefaultCloseImage":"0","marketURL":"https:\/\/play.google.com\/store\/apps\/details?id=com.tenlogix.highschool.cafe.cashier.girl","packageID":"com.tenlogix.highschool.cafe.cashier.girl"},"showTemplate":1,"s2s_tracking_url":"https:\/\/play.google.com\/store\/apps\/details?id=com.tenlogix.highschool.cafe.cashier.girl","activeCreativeID":"600","scenes":["8"],"campaignAdType":"Interstitial","productId":"","purchaseBit":0,"licenseKey":""},{"campaignID":"525","attribution":0,"priority":"5","appToPromote":{"appToPromoteID":"3675","usesDefaultFrameImage":"0","usesDefaultCloseImage":"0","marketURL":"https:\/\/play.google.com\/store\/apps\/details?id=com.tenlogix.highschool.cafe.cashier.girl","packageID":"com.tenlogix.highschool.cafe.cashier.girl"},"showTemplate":1,"s2s_tracking_url":"https:\/\/play.google.com\/store\/apps\/details?id=com.tenlogix.highschool.cafe.cashier.girl","activeCreativeID":"600","scenes":["8"],"campaignAdType":"Interstitial","productId":"","purchaseBit":0,"licenseKey":""},{"campaignID":"527","attribution":0,"priority":"5","appToPromote":{"appToPromoteID":"3600","usesDefaultFrameImage":"0","usesDefaultCloseImage":"0","marketURL":"https:\/\/play.google.com\/store\/apps\/details?id=com.ids.little.farm.time.fun","packageID":"com.ids.little.farm.time.fun"},"showTemplate":1,"s2s_tracking_url":"https:\/\/play.google.com\/store\/apps\/details?id=com.ids.little.farm.time.fun","activeCreativeID":"574","scenes":["8"],"campaignAdType":"Interstitial","productId":"","purchaseBit":0,"licenseKey":""},{"campaignID":"533","attribution":0,"priority":"5","appToPromote":{"appToPromoteID":"3922","usesDefaultFrameImage":"0","usesDefaultCloseImage":"0","marketURL":"https:\/\/play.google.com\/store\/apps\/details?id=com.tenlogix.breakfast.maker.island.cooking.story","packageID":"com.tenlogix.breakfast.maker.island.cooking.story"},"showTemplate":1,"s2s_tracking_url":"https:\/\/play.google.com\/store\/apps\/details?id=com.tenlogix.breakfast.maker.island.cooking.story","activeCreativeID":"606","scenes":["8"],"campaignAdType":"Interstitial","productId":"","purchaseBit":0,"licenseKey":""},{"campaignID":"1456","attribution":0,"priority":"5","appToPromote":{"appToPromoteID":"7408","usesDefaultFrameImage":"0","usesDefaultCloseImage":"0","marketURL":"https:\/\/play.google.com\/store\/apps\/details?id=com.tenlogix.fashion.mall.cash.register.games","packageID":"com.tenlogix.fashion.mall.cash.register.games"},"showTemplate":1,"s2s_tracking_url":"https:\/\/play.google.com\/store\/apps\/details?id=com.tenlogix.fashion.mall.cash.register.games","activeCreativeID":"1001","scenes":["12","1","8","6","15","2"],"campaignAdType":"Video","productId":"","purchaseBit":0,"licenseKey":""},{"campaignID":"1512","attribution":0,"priority":"5","appToPromote":{"appToPromoteID":"8237","usesDefaultFrameImage":"0","usesDefaultCloseImage":"0","marketURL":"https:\/\/play.google.com\/store\/apps\/details?id=com.ids.crazykitchen.seafood.chef.cooking.game","packageID":"com.ids.crazykitchen.seafood.chef.cooking.game"},"showTemplate":1,"s2s_tracking_url":"https:\/\/play.google.com\/store\/apps\/details?id=com.ids.crazykitchen.seafood.chef.cooking.game","activeCreativeID":"1045","scenes":["12","1","8","6","15","2"],"campaignAdType":"Video","productId":"","purchaseBit":0,"licenseKey":""},{"campaignID":"1558","attribution":0,"priority":"5","appToPromote":{"appToPromoteID":"8503","usesDefaultFrameImage":"0","usesDefaultCloseImage":"0","marketURL":"https:\/\/play.google.com\/store\/apps\/details?id=com.tenlogix.highschoolgirls.girlsgames.fitnessgame","packageID":"com.tenlogix.highschoolgirls.girlsgames.fitnessgame"},"showTemplate":1,"s2s_tracking_url":"https:\/\/play.google.com\/store\/apps\/details?id=com.tenlogix.highschoolgirls.girlsgames.fitnessgame","activeCreativeID":"1071","scenes":["12","1","8","6","15","2"],"campaignAdType":"Video","productId":"","purchaseBit":0,"licenseKey":""},{"campaignID":"1560","attribution":0,"priority":"5","appToPromote":{"appToPromoteID":"8501","usesDefaultFrameImage":"0","usesDefaultCloseImage":"0","marketURL":"https:\/\/play.google.com\/store\/apps\/details?id=com.ids.restaurantmanager.jobsimulator","packageID":"com.ids.restaurantmanager.jobsimulator"},"showTemplate":1,"s2s_tracking_url":"https:\/\/play.google.com\/store\/apps\/details?id=com.ids.restaurantmanager.jobsimulator","activeCreativeID":"1073","scenes":["12","1","8","6","15","2"],"campaignAdType":"Video","productId":"","purchaseBit":0,"licenseKey":""},{"campaignID":"1601","attribution":0,"priority":"5","appToPromote":{"appToPromoteID":"8668","usesDefaultFrameImage":"0","usesDefaultCloseImage":"0","marketURL":"https:\/\/play.google.com\/store\/apps\/details?id=com.tenlogix.wall.street.money.exchange.bank.cashiergames","packageID":"com.tenlogix.wall.street.money.exchange.bank.cashiergames"},"showTemplate":1,"s2s_tracking_url":"https:\/\/play.google.com\/store\/apps\/details?id=com.tenlogix.wall.street.money.exchange.bank.cashiergames","activeCreativeID":"1089","scenes":["12","1","8","6","15","2"],"campaignAdType":"Video","productId":"","purchaseBit":0,"licenseKey":""},{"campaignID":"1622","attribution":0,"priority":"5","appToPromote":{"appToPromoteID":"8668","usesDefaultFrameImage":"0","usesDefaultCloseImage":"0","marketURL":"https:\/\/play.google.com\/store\/apps\/details?id=com.tenlogix.wall.street.money.exchange.bank.cashiergames","packageID":"com.tenlogix.wall.street.money.exchange.bank.cashiergames"},"showTemplate":1,"s2s_tracking_url":"https:\/\/play.google.com\/store\/apps\/details?id=com.tenlogix.wall.street.money.exchange.bank.cashiergames","activeCreativeID":"1093","scenes":["12","1","8","6","15","2"],"campaignAdType":"Video","productId":"","purchaseBit":0,"licenseKey":""},{"campaignID":"1625","attribution":0,"priority":"5","appToPromote":{"appToPromoteID":"8651","usesDefaultFrameImage":"0","usesDefaultCloseImage":"0","marketURL":"https:\/\/play.google.com\/store\/apps\/details?id=com.ids.virtual.mom.babysitter.familygames","packageID":"com.ids.virtual.mom.babysitter.familygames"},"showTemplate":1,"s2s_tracking_url":"https:\/\/play.google.com\/store\/apps\/details?id=com.ids.virtual.mom.babysitter.familygames","activeCreativeID":"1095","scenes":["12","1","8","6","15","2"],"campaignAdType":"Video","productId":"","purchaseBit":0,"licenseKey":""},{"campaignID":"1653","attribution":0,"priority":"5","appToPromote":{"appToPromoteID":"8931","usesDefaultFrameImage":"0","usesDefaultCloseImage":"0","marketURL":"https:\/\/play.google.com\/store\/apps\/details?id=com.tenlogix.subway.cash.register.atm.cashiergames","packageID":"com.tenlogix.subway.cash.register.atm.cashiergames"},"showTemplate":1,"s2s_tracking_url":"https:\/\/play.google.com\/store\/apps\/details?id=com.tenlogix.subway.cash.register.atm.cashiergames","activeCreativeID":"1101","scenes":["12","1","8","6","15","2"],"campaignAdType":"Video","productId":"","purchaseBit":0,"licenseKey":""},{"campaignID":"1707","attribution":0,"priority":"5","appToPromote":{"appToPromoteID":"9201","usesDefaultFrameImage":"0","usesDefaultCloseImage":"0","marketURL":"https:\/\/play.google.com\/store\/apps\/details?id=com.ids.mexican.food.kitchen.story.cooking.games","packageID":"com.ids.mexican.food.kitchen.story.cooking.games"},"showTemplate":1,"s2s_tracking_url":"https:\/\/play.google.com\/store\/apps\/details?id=com.ids.mexican.food.kitchen.story.cooking.games","activeCreativeID":"1117","scenes":["12","1","8","6","15","2"],"campaignAdType":"Video","productId":"","purchaseBit":0,"licenseKey":""}],"refreshAdRate":30,"mode":"Production","aspectRatio":"4_3","cdnPath":"https:\/\/df8ymybeo92md.cloudfront.net\/images\/","sentry_log":0,"local_logging":0,"sentry_dsn":"https:\/\/93ffa1c9a4124f67b8888a53265f751a:bbf998e04584477fa9a145838e9d3b26@sentry.io\/168994","sentry_initialization":1,"sentry_debugging":0,"bannerSizes":["5"],"aspectRatioVideo":"16_9","app_id":"1722","showPreRewardedDialogue":0,"showPostRewardedDialogue":0,"rewardCurrency":"coins","rewardValue":0,"isSkipable":0,"privacyPolicyURL":"https:\/\/www.consoliads.com\/privacy-policy\/","sessionToken":"aj8J3rXIpRrM2QEZi\/C2uwhcNjFlMG5nt1Lq7anRgBDgMo6JnkK\/Wb77sLeOldcRn+4\/M8tvryDeryYcxPPpbNV0z5r7YkuYJPEoJQMfrckGgODl4kGuyJHc9VaxL4bKmqxlDvMMk4PQit0Qv19+ufATGt3YuSUCnMtQd0le4gs="}
Session token value is set

mode value is set

 Aspect ratio value is correct
sentry_log value is set
Session token value is set


{"appKey":"e2fa631706654f26f4092c2b79d6d8db","deviceID":"9698","stats":[{"campaignID":8732,"packageID":"com.wpl.us.army.shooting.training.school.game","sceneStats":[{"sceneID":"25","eventStats":"397,297,197,97,97,0,0"}]}],"sdkVersion":"2163","sessionToken":"UqW9oSeDy\/M3J74N4VYOaqaeGDr6nUzygoxZ8p1USLV7ygGcBF2XvL02mYJdSwMQ1wFf+5PoGo\/ekp494ekquB0B5oHkCcLL8nk2Vk6aL83wkVvPwhGlRy31eI3eqpPLl7VKpOBygVr7hRIqEFB5NuOP5FfcOCbL1vBHJK41CBg="}
cache_ttl value is correct

Refresh Ad Rate value is correct
mode value is set

 Aspect ratio value is correct
sentry_log value is set
local_logging value is set
sentry_initialization value is set
sentry_debugging value is set
showPreRewardedDialogue value is set
showPostRewardedDialogue value is set
isSkipable value is set
{"cache_ttl":10080,"cache_ttl_rewarded":10080,"cache_ttl_banner":10080,"cache_ttl_native":10080,"cache_ttl_icon":10080,"campaigns":[{"campaignID":"9013","attribution":0,"priority":"5","appToPromote":{"appToPromoteID":"16967","usesDefaultFrameImage":"0","usesDefaultCloseImage":"0","marketURL":"https:\/\/play.google.com\/store\/apps\/details?id=com.wpl.modern.flying.atv.bike.taxi.driving","packageID":"com.wpl.modern.flying.atv.bike.taxi.driving"},"showTemplate":1,"s2s_tracking_url":"https:\/\/play.google.com\/store\/apps\/details?id=com.wpl.modern.flying.atv.bike.taxi.driving","activeCreativeID":"4377","scenes":["12","1","8","6","15","2"],"campaignAdType":"Icon","productId":"","purchaseBit":0,"licenseKey":""},{"campaignID":"9015","attribution":0,"priority":"5","appToPromote":{"appToPromoteID":"12413","usesDefaultFrameImage":"0","usesDefaultCloseImage":"0","marketURL":"https:\/\/play.google.com\/store\/apps\/details?id=com.rbgs.us.police.car.stunts2019","packageID":"com.rbgs.us.police.car.stunts2019"},"showTemplate":1,"s2s_tracking_url":"https:\/\/play.google.com\/store\/apps\/details?id=com.rbgs.us.police.car.stunts2019","activeCreativeID":"4379","scenes":["12","1","8","6","15","2"],"campaignAdType":"Interstitial","productId":"","purchaseBit":0,"licenseKey":""},{"campaignID":"422","attribution":0,"priority":"5","appToPromote":{"appToPromoteID":"3255","usesDefaultFrameImage":"0","usesDefaultCloseImage":"0","marketURL":"https:\/\/play.google.com\/store\/apps\/details?id=com.tzap.superdrift.car.racing2017","packageID":"com.tzap.superdrift.car.racing2017"},"showTemplate":1,"s2s_tracking_url":"https:\/\/play.google.com\/store\/apps\/details?id=com.tzap.superdrift.car.racing2017","activeCreativeID":"449","scenes":["12","1","8","6","15","2"],"campaignAdType":"Interstitial","productId":"","purchaseBit":0,"licenseKey":""},{"campaignID":"455","attribution":0,"priority":"5","appToPromote":{"appToPromoteID":"3422","usesDefaultFrameImage":"0","usesDefaultCloseImage":"0","marketURL":"https:\/\/play.google.com\/store\/apps\/details?id=com.wpl.raft.survival.island.escape.hero","packageID":"com.wpl.raft.survival.island.escape.hero"},"showTemplate":1,"s2s_tracking_url":"https:\/\/play.google.com\/store\/apps\/details?id=com.wpl.raft.survival.island.escape.hero","activeCreativeID":"501","scenes":["8"],"campaignAdType":"Interstitial","productId":"","purchaseBit":0,"licenseKey":""},{"campaignID":"480","attribution":0,"priority":"5","appToPromote":{"appToPromoteID":"3496","usesDefaultFrameImage":"0","usesDefaultCloseImage":"0","marketURL":"https:\/\/play.google.com\/store\/apps\/details?id=com.wpl.police.superhero.robotbike","packageID":"com.wpl.police.superhero.robotbike"},"showTemplate":1,"s2s_tracking_url":"https:\/\/play.google.com\/store\/apps\/details?id=com.wpl.police.superhero.robotbike","activeCreativeID":"539","scenes":["8"],"campaignAdType":"Interstitial","productId":"","purchaseBit":0,"licenseKey":""},{"campaignID":"497","attribution":0,"priority":"5","appToPromote":{"appToPromoteID":"3550","usesDefaultFrameImage":"0","usesDefaultCloseImage":"0","marketURL":"https:\/\/play.google.com\/store\/apps\/details?id=com.wpl.blocky.cops.policebicyclerider","packageID":"com.wpl.blocky.cops.policebicyclerider"},"showTemplate":1,"s2s_tracking_url":"https:\/\/play.google.com\/store\/apps\/details?id=com.wpl.blocky.cops.policebicyclerider","activeCreativeID":"560","scenes":["8"],"campaignAdType":"Interstitial","productId":"","purchaseBit":0,"licenseKey":""},{"campaignID":"505","attribution":0,"priority":"5","appToPromote":{"appToPromoteID":"3618","usesDefaultFrameImage":"0","usesDefaultCloseImage":"0","marketURL":"https:\/\/play.google.com\/store\/apps\/details?id=com.wpl.usatrucksimulator.parking2017","packageID":"com.wpl.usatrucksimulator.parking2017"},"showTemplate":1,"s2s_tracking_url":"https:\/\/play.google.com\/store\/apps\/details?id=com.wpl.usatrucksimulator.parking2017","activeCreativeID":"584","scenes":["8"],"campaignAdType":"Interstitial","productId":"","purchaseBit":0,"licenseKey":""},{"campaignID":"514","attribution":0,"priority":"5","appToPromote":{"appToPromoteID":"3713","usesDefaultFrameImage":"0","usesDefaultCloseImage":"0","marketURL":"https:\/\/play.google.com\/store\/apps\/details?id=com.wpl.superhero.monster.citybattle2017","packageID":"com.wpl.superhero.monster.citybattle2017"},"showTemplate":1,"s2s_tracking_url":"https:\/\/play.google.com\/store\/apps\/details?id=com.wpl.superhero.monster.citybattle2017","activeCreativeID":"593","scenes":["8"],"campaignAdType":"Interstitial","productId":"","purchaseBit":0,"licenseKey":""},{"campaignID":"532","attribution":0,"priority":"5","appToPromote":{"appToPromoteID":"3800","usesDefaultFrameImage":"0","usesDefaultCloseImage":"0","marketURL":"https:\/\/play.google.com\/store\/apps\/details?id=com.tzap.superhero.fidget.spinner","packageID":"com.tzap.superhero.fidget.spinner"},"showTemplate":1,"s2s_tracking_url":"https:\/\/play.google.com\/store\/apps\/details?id=com.tzap.superhero.fidget.spinner","activeCreativeID":"601","scenes":["6"],"campaignAdType":"Interstitial","productId":"","purchaseBit":0,"licenseKey":""},{"campaignID":"599","attribution":0,"priority":"5","appToPromote":{"appToPromoteID":"5354","usesDefaultFrameImage":"0","usesDefaultCloseImage":"0","marketURL":"https:\/\/play.google.com\/store\/apps\/details?id=com.wpl.gyroscopic.train.bus.driving.simulator","packageID":"com.wpl.gyroscopic.train.bus.driving.simulator"},"showTemplate":1,"s2s_tracking_url":"https:\/\/play.google.com\/store\/apps\/details?id=com.wpl.gyroscopic.train.bus.driving.simulator","activeCreativeID":"694","scenes":["6"],"campaignAdType":"Interstitial","productId":"","purchaseBit":0,"licenseKey":""},{"campaignID":"6243","attribution":0,"priority":"5","appToPromote":{"appToPromoteID":"11785","usesDefaultFrameImage":"0","usesDefaultCloseImage":"0","marketURL":"https:\/\/play.google.com\/store\/apps\/details?id=com.wpl.ultimate.car.racing.game","packageID":"com.wpl.ultimate.car.racing.game"},"showTemplate":1,"s2s_tracking_url":"https:\/\/play.google.com\/store\/apps\/details?id=com.wpl.ultimate.car.racing.game","activeCreativeID":"1358","scenes":["12","1","8","6","15","2"],"campaignAdType":"Video","productId":"","purchaseBit":0,"licenseKey":""},{"campaignID":"6295","attribution":0,"priority":"5","appToPromote":{"appToPromoteID":"12047","usesDefaultFrameImage":"0","usesDefaultCloseImage":"0","marketURL":"https:\/\/play.google.com\/store\/apps\/details?id=com.wpl.eat.street.taxi.driving.simulator","packageID":"com.wpl.eat.street.taxi.driving.simulator"},"showTemplate":1,"s2s_tracking_url":"https:\/\/play.google.com\/store\/apps\/details?id=com.wpl.eat.street.taxi.driving.simulator","activeCreativeID":"1415","scenes":["12","1","8","6","15","2"],"campaignAdType":"Video","productId":"","purchaseBit":0,"licenseKey":""},{"campaignID":"6346","attribution":0,"priority":"5","appToPromote":{"appToPromoteID":"12248","usesDefaultFrameImage":"0","usesDefaultCloseImage":"0","marketURL":"https:\/\/play.google.com\/store\/apps\/details?id=com.wpl.police.offroad.bus.driver.cop.prisoner.transport","packageID":"com.wpl.police.offroad.bus.driver.cop.prisoner.transport"},"showTemplate":1,"s2s_tracking_url":"https:\/\/play.google.com\/store\/apps\/details?id=com.wpl.police.offroad.bus.driver.cop.prisoner.transport","activeCreativeID":"1506","scenes":["12","1","8","6","15","2"],"campaignAdType":"Video","productId":"","purchaseBit":0,"licenseKey":""},{"campaignID":"6361","attribution":0,"priority":"5","appToPromote":{"appToPromoteID":"12248","usesDefaultFrameImage":"0","usesDefaultCloseImage":"0","marketURL":"https:\/\/play.google.com\/store\/apps\/details?id=com.wpl.police.offroad.bus.driver.cop.prisoner.transport","packageID":"com.wpl.police.offroad.bus.driver.cop.prisoner.transport"},"showTemplate":1,"s2s_tracking_url":"https:\/\/play.google.com\/store\/apps\/details?id=com.wpl.police.offroad.bus.driver.cop.prisoner.transport","activeCreativeID":"1506","scenes":["12","1","8","6","15","2"],"campaignAdType":"Video","productId":"","purchaseBit":0,"licenseKey":""},{"campaignID":"6374","attribution":0,"priority":"5","appToPromote":{"appToPromoteID":"12353","usesDefaultFrameImage":"0","usesDefaultCloseImage":"0","marketURL":"https:\/\/play.google.com\/store\/apps\/details?id=com.wpl.advance.car.driving.school.parking.games","packageID":"com.wpl.advance.car.driving.school.parking.games"},"showTemplate":1,"s2s_tracking_url":"https:\/\/play.google.com\/store\/apps\/details?id=com.wpl.advance.car.driving.school.parking.games","activeCreativeID":"1529","scenes":["12","1","8","6","15","2"],"campaignAdType":"Video","productId":"","purchaseBit":0,"licenseKey":""},{"campaignID":"6389","attribution":0,"priority":"5","appToPromote":{"appToPromoteID":"12415","usesDefaultFrameImage":"0","usesDefaultCloseImage":"0","marketURL":"https:\/\/play.google.com\/store\/apps\/details?id=com.wpl.jetski.stunts.extreme.water.sports.surfing","packageID":"com.wpl.jetski.stunts.extreme.water.sports.surfing"},"showTemplate":1,"s2s_tracking_url":"https:\/\/play.google.com\/store\/apps\/details?id=com.wpl.jetski.stunts.extreme.water.sports.surfing","activeCreativeID":"1538","scenes":["12","1","8","6","15","2"],"campaignAdType":"Video","productId":"","purchaseBit":0,"licenseKey":""},{"campaignID":"6390","attribution":0,"priority":"5","appToPromote":{"appToPromoteID":"12353","usesDefaultFrameImage":"0","usesDefaultCloseImage":"0","marketURL":"https:\/\/play.google.com\/store\/apps\/details?id=com.wpl.advance.car.driving.school.parking.games","packageID":"com.wpl.advance.car.driving.school.parking.games"},"showTemplate":1,"s2s_tracking_url":"https:\/\/play.google.com\/store\/apps\/details?id=com.wpl.advance.car.driving.school.parking.games","activeCreativeID":"1529","scenes":["12","1","8","6","15","2"],"campaignAdType":"Video","productId":"","purchaseBit":0,"licenseKey":""},{"campaignID":"6394","attribution":0,"priority":"5","appToPromote":{"appToPromoteID":"12248","usesDefaultFrameImage":"0","usesDefaultCloseImage":"0","marketURL":"https:\/\/play.google.com\/store\/apps\/details?id=com.wpl.police.offroad.bus.driver.cop.prisoner.transport","packageID":"com.wpl.police.offroad.bus.driver.cop.prisoner.transport"},"showTemplate":1,"s2s_tracking_url":"https:\/\/play.google.com\/store\/apps\/details?id=com.wpl.police.offroad.bus.driver.cop.prisoner.transport","activeCreativeID":"1506","scenes":["12","1","8","6","15","2"],"campaignAdType":"Video","productId":"","purchaseBit":0,"licenseKey":""},{"campaignID":"6395","attribution":0,"priority":"5","appToPromote":{"appToPromoteID":"12353","usesDefaultFrameImage":"0","usesDefaultCloseImage":"0","marketURL":"https:\/\/play.google.com\/store\/apps\/details?id=com.wpl.advance.car.driving.school.parking.games","packageID":"com.wpl.advance.car.driving.school.parking.games"},"showTemplate":1,"s2s_tracking_url":"https:\/\/play.google.com\/store\/apps\/details?id=com.wpl.advance.car.driving.school.parking.games","activeCreativeID":"1529","scenes":["12","1","8","6","15","2"],"campaignAdType":"Video","productId":"","purchaseBit":0,"licenseKey":""},{"campaignID":"6396","attribution":0,"priority":"5","appToPromote":{"appToPromoteID":"12415","usesDefaultFrameImage":"0","usesDefaultCloseImage":"0","marketURL":"https:\/\/play.google.com\/store\/apps\/details?id=com.wpl.jetski.stunts.extreme.water.sports.surfing","packageID":"com.wpl.jetski.stunts.extreme.water.sports.surfing"},"showTemplate":1,"s2s_tracking_url":"https:\/\/play.google.com\/store\/apps\/details?id=com.wpl.jetski.stunts.extreme.water.sports.surfing","activeCreativeID":"1538","scenes":["12","1","8","6","15","2"],"campaignAdType":"Video","productId":"","purchaseBit":0,"licenseKey":""},{"campaignID":"6399","attribution":0,"priority":"5","appToPromote":{"appToPromoteID":"12248","usesDefaultFrameImage":"0","usesDefaultCloseImage":"0","marketURL":"https:\/\/play.google.com\/store\/apps\/details?id=com.wpl.police.offroad.bus.driver.cop.prisoner.transport","packageID":"com.wpl.police.offroad.bus.driver.cop.prisoner.transport"},"showTemplate":1,"s2s_tracking_url":"https:\/\/play.google.com\/store\/apps\/details?id=com.wpl.police.offroad.bus.driver.cop.prisoner.transport","activeCreativeID":"1506","scenes":["12","1","8","6","15","2"],"campaignAdType":"Video","productId":"","purchaseBit":0,"licenseKey":""},{"campaignID":"6400","attribution":0,"priority":"5","appToPromote":{"appToPromoteID":"12353","usesDefaultFrameImage":"0","usesDefaultCloseImage":"0","marketURL":"https:\/\/play.google.com\/store\/apps\/details?id=com.wpl.advance.car.driving.school.parking.games","packageID":"com.wpl.advance.car.driving.school.parking.games"},"showTemplate":1,"s2s_tracking_url":"https:\/\/play.google.com\/store\/apps\/details?id=com.wpl.advance.car.driving.school.parking.games","activeCreativeID":"1529","scenes":["12","1","8","6","15","2"],"campaignAdType":"Video","productId":"","purchaseBit":0,"licenseKey":""},{"campaignID":"6401","attribution":0,"priority":"5","appToPromote":{"appToPromoteID":"12415","usesDefaultFrameImage":"0","usesDefaultCloseImage":"0","marketURL":"https:\/\/play.google.com\/store\/apps\/details?id=com.wpl.jetski.stunts.extreme.water.sports.surfing","packageID":"com.wpl.jetski.stunts.extreme.water.sports.surfing"},"showTemplate":1,"s2s_tracking_url":"https:\/\/play.google.com\/store\/apps\/details?id=com.wpl.jetski.stunts.extreme.water.sports.surfing","activeCreativeID":"1538","scenes":["12","1","8","6","15","2"],"campaignAdType":"Video","productId":"","purchaseBit":0,"licenseKey":""},{"campaignID":"6405","attribution":0,"priority":"5","appToPromote":{"appToPromoteID":"12469","usesDefaultFrameImage":"0","usesDefaultCloseImage":"0","marketURL":"https:\/\/play.google.com\/store\/apps\/details?id=com.wpl.real.gangster.motorbike.city.crime.simulator","packageID":"com.wpl.real.gangster.motorbike.city.crime.simulator"},"showTemplate":1,"s2s_tracking_url":"https:\/\/play.google.com\/store\/apps\/details?id=com.wpl.real.gangster.motorbike.city.crime.simulator","activeCreativeID":"1542","scenes":["12","1","8","6","15","2"],"campaignAdType":"Video","productId":"","purchaseBit":0,"licenseKey":""},{"campaignID":"6406","attribution":0,"priority":"5","appToPromote":{"appToPromoteID":"12248","usesDefaultFrameImage":"0","usesDefaultCloseImage":"0","marketURL":"https:\/\/play.google.com\/store\/apps\/details?id=com.wpl.police.offroad.bus.driver.cop.prisoner.transport","packageID":"com.wpl.police.offroad.bus.driver.cop.prisoner.transport"},"showTemplate":1,"s2s_tracking_url":"https:\/\/play.google.com\/store\/apps\/details?id=com.wpl.police.offroad.bus.driver.cop.prisoner.transport","activeCreativeID":"1506","scenes":["12","1","8","6","15","2"],"campaignAdType":"Video","productId":"","purchaseBit":0,"licenseKey":""}],"refreshAdRate":30,"mode":"Production","aspectRatio":"4_3","cdnPath":"https:\/\/df8ymybeo92md.cloudfront.net\/images\/","sentry_log":0,"local_logging":0,"sentry_dsn":"https:\/\/93ffa1c9a4124f67b8888a53265f751a:bbf998e04584477fa9a145838e9d3b26@sentry.io\/168994","sentry_initialization":1,"sentry_debugging":0,"bannerSizes":["5","1"],"aspectRatioVideo":"16_9","app_id":"1751","showPreRewardedDialogue":0,"showPostRewardedDialogue":0,"rewardCurrency":"coins","rewardValue":0,"isSkipable":0,"privacyPolicyURL":"https:\/\/www.consoliads.com\/privacy-policy\/","sessionToken":"nXbgKX8YBGhmN30zsalpo2Y0oem0lxpnoWv0B4rKW40c6078duZMZDXjo12sQhjLoGNDgAdIn9Yq7bP2rU1BLN+5RF04zlNRs5sa0STyzV\/iOGfyYhAkIsdJjwBj9AuJqFIq91bBiFTzNAYRPb+7tzI2lVYPW\/IEVGep+bV51yU="}
Session token value is set


{"appKey":"516703e326af9856e83f9f4223432c4b","deviceID":"2807","stats":[{"campaignID":104,"packageID":"com.whitesand.construction.crane.cargo.plane","sceneStats":[{"sceneID":"8","eventStats":"328,228,128,28,28,0,0"}]}],"sdkVersion":"39","sessionToken":"nXbgKX8YBGhmN30zsalpo2Y0oem0lxpnoWv0B4rKW40c6078duZMZDXjo12sQhjLoGNDgAdIn9Yq7bP2rU1BLN+5RF04zlNRs5sa0STyzV\/iOGfyYhAkIsdJjwBj9AuJqFIq91bBiFTzNAYRPb+7tzI2lVYPW\/IEVGep+bV51yU="}
cache_ttl value is correct

Refresh Ad Rate value is correct
mode value is set

 Aspect ratio value is correct
sentry_log value is set
local_logging value is set
sentry_initialization value is set
sentry_debugging value is set
showPreRewardedDialogue value is set
showPostRewardedDialogue value is set
isSkipable value is set
{"cache_ttl":10080,"cache_ttl_rewarded":10080,"cache_ttl_banner":10080,"cache_ttl_native":10080,"cache_ttl_icon":10080,"refreshAdRate":30,"mode":"Production","aspectRatio":"4_3","cdnPath":"https:\/\/df8ymybeo92md.cloudfront.net\/images\/","sentry_log":0,"local_logging":0,"sentry_dsn":"https:\/\/93ffa1c9a4124f67b8888a53265f751a:bbf998e04584477fa9a145838e9d3b26@sentry.io\/168994","sentry_initialization":1,"sentry_debugging":0,"bannerSizes":[],"aspectRatioVideo":"16_9","app_id":"1752","showPreRewardedDialogue":0,"showPostRewardedDialogue":0,"rewardCurrency":"coins","rewardValue":0,"isSkipable":0,"privacyPolicyURL":"https:\/\/www.consoliads.com\/privacy-policy\/","sessionToken":"\/DV++w4LgdCL4wO8nGx354nCib8nWtb\/bRmSsWZN3es93ljzP0dtdEdXVXysX7hyfdfR8QPJXKbFwHzhi761JgLwYJfE+SrrGmwJ2L4AEY06dqgp7AV859tDdTiQHCQQgmCXcetMdT8XG0OVXt8R1tG+q+Qb\/Ye72oxiw24N21g="}
Session token value is set


{"appKey":"fd17f17f557e8305ce7ec87b54f27e59","deviceID":"4901","stats":[{"campaignID":86,"packageID":"com.vg.demolition.derby.extreme.car.stunts","sceneStats":[{"sceneID":"13","eventStats":"349,249,149,49,49,0,0"}]}],"sdkVersion":"2163","sessionToken":"\/DV++w4LgdCL4wO8nGx354nCib8nWtb\/bRmSsWZN3es93ljzP0dtdEdXVXysX7hyfdfR8QPJXKbFwHzhi761JgLwYJfE+SrrGmwJ2L4AEY06dqgp7AV859tDdTiQHCQQgmCXcetMdT8XG0OVXt8R1tG+q+Qb\/Ye72oxiw24N21g="}
cache_ttl value is correct

Refresh Ad Rate value is correct
mode value is set

 Aspect ratio value is correct
sentry_log value is set
local_logging value is set
sentry_initialization value is set
sentry_debugging value is set
showPreRewardedDialogue value is set
showPostRewardedDialogue value is set
isSkipable value is set
{"cache_ttl":10080,"cache_ttl_rewarded":10080,"cache_ttl_banner":10080,"cache_ttl_native":10080,"cache_ttl_icon":10080,"campaigns":[{"campaignID":"9384","attribution":0,"priority":"5","appToPromote":{"appToPromoteID":"13185","usesDefaultFrameImage":"0","usesDefaultCloseImage":"0","marketURL":"https:\/\/play.google.com\/store\/apps\/details?id=com.gamesarena.flying.bike.tricks.stunts&amp;referrer=utm_source=42matters.com&amp;utm_medium=api","packageID":"com.gamesarena.flying.bike.tricks.stunts"},"showTemplate":1,"s2s_tracking_url":"https:\/\/play.google.com\/store\/apps\/details?id=com.gamesarena.flying.bike.tricks.stunts&amp;referrer=utm_source=42matters.com&amp;utm_medium=api","activeCreativeID":"4829","scenes":["12","1","8","6","15","2"],"campaignAdType":"Interstitial","productId":"","purchaseBit":0,"licenseKey":""},{"campaignID":"9386","attribution":0,"priority":"5","appToPromote":{"appToPromoteID":"17764","usesDefaultFrameImage":"0","usesDefaultCloseImage":"0","marketURL":"https:\/\/play.google.com\/store\/apps\/details?id=com.visiblebody.atlas&amp;referrer=utm_source=42matters.com&amp;utm_medium=api","packageID":"com.gamesarena..test6324"},"showTemplate":1,"s2s_tracking_url":"https:\/\/play.google.com\/store\/apps\/details?id=com.visiblebody.atlas&amp;referrer=utm_source=42matters.com&amp;utm_medium=api","activeCreativeID":"4828","scenes":["12","1","8","6","15","2"],"campaignAdType":"Interstitial","productId":"","purchaseBit":0,"licenseKey":""},{"campaignID":"9389","attribution":0,"priority":"5","appToPromote":{"appToPromoteID":"13185","usesDefaultFrameImage":"0","usesDefaultCloseImage":"0","marketURL":"https:\/\/play.google.com\/store\/apps\/details?id=com.gamesarena.flying.bike.tricks.stunts&amp;referrer=utm_source=42matters.com&amp;utm_medium=api","packageID":"com.gamesarena.flying.bike.tricks.stunts"},"showTemplate":1,"s2s_tracking_url":"https:\/\/play.google.com\/store\/apps\/details?id=com.gamesarena.flying.bike.tricks.stunts&amp;referrer=utm_source=42matters.com&amp;utm_medium=api","activeCreativeID":"4829","scenes":["12","1","8","6","15","2"],"campaignAdType":"Interstitial","productId":"","purchaseBit":0,"licenseKey":""},{"campaignID":"93","attribution":0,"priority":"5","appToPromote":{"appToPromoteID":"1860","usesDefaultFrameImage":"0","usesDefaultCloseImage":"0","marketURL":"https:\/\/play.google.com\/store\/apps\/details?id=com.gss.vendetta.subwaycrime.rescue.mission","packageID":"com.gss.vendetta.subwaycrime.rescue.mission"},"showTemplate":1,"s2s_tracking_url":"https:\/\/play.google.com\/store\/apps\/details?id=com.gss.vendetta.subwaycrime.rescue.mission","activeCreativeID":"117","scenes":["12","1","8","6","15","2"],"campaignAdType":"Interstitial","productId":"","purchaseBit":0,"licenseKey":""},{"campaignID":"94","attribution":0,"priority":"5","appToPromote":{"appToPromoteID":"1843","usesDefaultFrameImage":"0","usesDefaultCloseImage":"0","marketURL":"https:\/\/play.google.com\/store\/apps\/details?id=com.vg.secret.agent.mafia.gods.criminal.gang","packageID":"com.vg.secret.agent.mafia.gods.criminal.gang"},"showTemplate":1,"s2s_tracking_url":"https:\/\/play.google.com\/store\/apps\/details?id=com.vg.secret.agent.mafia.gods.criminal.gang","activeCreativeID":"120","scenes":["12","1","8","6","15","2"],"campaignAdType":"Interstitial","productId":"","purchaseBit":0,"licenseKey":""},{"campaignID":"98","attribution":0,"priority":"5","appToPromote":{"appToPromoteID":"1937","usesDefaultFrameImage":"0","usesDefaultCloseImage":"0","marketURL":"https:\/\/play.google.com\/store\/apps\/details?id=com.gss.offroad.policetransporttruck","packageID":"com.gss.offroad.policetransporttruck"},"showTemplate":1,"s2s_tracking_url":"https:\/\/play.google.com\/store\/apps\/details?id=com.gss.offroad.policetransporttruck","activeCreativeID":"124","scenes":["12","1","8","6","15","2"],"campaignAdType":"Interstitial","productId":"","purchaseBit":0,"licenseKey":""},{"campaignID":"111","attribution":0,"priority":"5","appToPromote":{"appToPromoteID":"1969","usesDefaultFrameImage":"0","usesDefaultCloseImage":"0","marketURL":"https:\/\/play.google.com\/store\/apps\/details?id=com.vg.moto.airplane.transporter.police.plane","packageID":"com.vg.moto.airplane.transporter.police.plane"},"showTemplate":1,"s2s_tracking_url":"https:\/\/play.google.com\/store\/apps\/details?id=com.vg.moto.airplane.transporter.police.plane","activeCreativeID":"143","scenes":["12","1","8","6","15","2"],"campaignAdType":"Interstitial","productId":"","purchaseBit":0,"licenseKey":""},{"campaignID":"112","attribution":0,"priority":"5","appToPromote":{"appToPromoteID":"1998","usesDefaultFrameImage":"0","usesDefaultCloseImage":"0","marketURL":"https:\/\/play.google.com\/store\/apps\/details?id=com.gss.citygangster.underworldempire.mafia.crime","packageID":"com.gss.citygangster.underworldempire.mafia.crime"},"showTemplate":1,"s2s_tracking_url":"https:\/\/play.google.com\/store\/apps\/details?id=com.gss.citygangster.underworldempire.mafia.crime","activeCreativeID":"146","scenes":["12","1","8","6","15","2"],"campaignAdType":"Interstitial","productId":"","purchaseBit":0,"licenseKey":""},{"campaignID":"114","attribution":0,"priority":"5","appToPromote":{"appToPromoteID":"2007","usesDefaultFrameImage":"0","usesDefaultCloseImage":"0","marketURL":"https:\/\/play.google.com\/store\/apps\/details?id=com.vg.police.secret.agent.crime.gang","packageID":"com.vg.police.secret.agent.crime.gang"},"showTemplate":1,"s2s_tracking_url":"https:\/\/play.google.com\/store\/apps\/details?id=com.vg.police.secret.agent.crime.gang","activeCreativeID":"148","scenes":["12","1","8","6","15","2"],"campaignAdType":"Interstitial","productId":"","purchaseBit":0,"licenseKey":""},{"campaignID":"115","attribution":0,"priority":"5","appToPromote":{"appToPromoteID":"2018","usesDefaultFrameImage":"0","usesDefaultCloseImage":"0","marketURL":"https:\/\/play.google.com\/store\/apps\/details?id=com.tgp.multistorey.car.transporter.truck","packageID":"com.tgp.multistorey.car.transporter.truck"},"showTemplate":1,"s2s_tracking_url":"https:\/\/play.google.com\/store\/apps\/details?id=com.tgp.multistorey.car.transporter.truck","activeCreativeID":"149","scenes":["12","1","8","6","15","2"],"campaignAdType":"Interstitial","productId":"","purchaseBit":0,"licenseKey":""},{"campaignID":"132","attribution":0,"priority":"5","appToPromote":{"appToPromoteID":"2109","usesDefaultFrameImage":"0","usesDefaultCloseImage":"0","marketURL":"https:\/\/play.google.com\/store\/apps\/details?id=com.gss.us.army.commando.survival","packageID":"com.gss.us.army.commando.survival"},"showTemplate":1,"s2s_tracking_url":"https:\/\/play.google.com\/store\/apps\/details?id=com.gss.us.army.commando.survival","activeCreativeID":"171","scenes":["12","1","8","6","15","2"],"campaignAdType":"Interstitial","productId":"","purchaseBit":0,"licenseKey":""},{"campaignID":"133","attribution":0,"priority":"5","appToPromote":{"appToPromoteID":"2118","usesDefaultFrameImage":"0","usesDefaultCloseImage":"0","marketURL":"https:\/\/play.google.com\/store\/apps\/details?id=com.vg.us.war.mafia.gang.vegas.crime","packageID":"com.vg.us.war.mafia.gang.vegas.crime"},"showTemplate":1,"s2s_tracking_url":"https:\/\/play.google.com\/store\/apps\/details?id=com.vg.us.war.mafia.gang.vegas.crime","activeCreativeID":"172","scenes":["12","1","8","6","15","2"],"campaignAdType":"Interstitial","productId":"","purchaseBit":0,"licenseKey":""},{"campaignID":"139","attribution":0,"priority":"5","appToPromote":{"appToPromoteID":"2150","usesDefaultFrameImage":"0","usesDefaultCloseImage":"0","marketURL":"https:\/\/play.google.com\/store\/apps\/details?id=com.gss.traffic.rush.crazy.bike.rider","packageID":"com.gss.traffic.rush.crazy.bike.rider"},"showTemplate":1,"s2s_tracking_url":"https:\/\/play.google.com\/store\/apps\/details?id=com.gss.traffic.rush.crazy.bike.rider","activeCreativeID":"179","scenes":["12","1","8","6","15","2"],"campaignAdType":"Interstitial","productId":"","purchaseBit":0,"licenseKey":""},{"campaignID":"142","attribution":0,"priority":"5","appToPromote":{"appToPromoteID":"2164","usesDefaultFrameImage":"0","usesDefaultCloseImage":"0","marketURL":"https:\/\/play.google.com\/store\/apps\/details?id=com.vg.police.demolition.derby.crash.racing","packageID":"com.vg.police.demolition.derby.crash.racing"},"showTemplate":1,"s2s_tracking_url":"https:\/\/play.google.com\/store\/apps\/details?id=com.vg.police.demolition.derby.crash.racing","activeCreativeID":"182","scenes":["12","1","8","6","15","2"],"campaignAdType":"Interstitial","productId":"","purchaseBit":0,"licenseKey":""},{"campaignID":"146","attribution":0,"priority":"5","appToPromote":{"appToPromoteID":"2225","usesDefaultFrameImage":"0","usesDefaultCloseImage":"0","marketURL":"https:\/\/play.google.com\/store\/apps\/details?id=com.gss.offroad.policebiketransport","packageID":"com.gss.offroad.policebiketransport"},"showTemplate":1,"s2s_tracking_url":"https:\/\/play.google.com\/store\/apps\/details?id=com.gss.offroad.policebiketransport","activeCreativeID":"187","scenes":["12","1","8","6","15","2"],"campaignAdType":"Interstitial","productId":"","purchaseBit":0,"licenseKey":""},{"campaignID":"149","attribution":0,"priority":"5","appToPromote":{"appToPromoteID":"2224","usesDefaultFrameImage":"0","usesDefaultCloseImage":"0","marketURL":"https:\/\/play.google.com\/store\/apps\/details?id=com.vg.mega.city.construction.building.sim","packageID":"com.vg.mega.city.construction.building.sim"},"showTemplate":1,"s2s_tracking_url":"https:\/\/play.google.com\/store\/apps\/details?id=com.vg.mega.city.construction.building.sim","activeCreativeID":"191","scenes":["12","1","8","6","15","2"],"campaignAdType":"Interstitial","productId":"","purchaseBit":0,"licenseKey":""},{"campaignID":"150","attribution":0,"priority":"5","appToPromote":{"appToPromoteID":"2224","usesDefaultFrameImage":"0","usesDefaultCloseImage":"0","marketURL":"https:\/\/play.google.com\/store\/apps\/details?id=com.vg.mega.city.construction.building.sim","packageID":"com.vg.mega.city.construction.building.sim"},"showTemplate":1,"s2s_tracking_url":"https:\/\/play.google.com\/store\/apps\/details?id=com.vg.mega.city.construction.building.sim","activeCreativeID":"191","scenes":["12","1","8","6","15","2"],"campaignAdType":"Interstitial","productId":"","purchaseBit":0,"licenseKey":""},{"campaignID":"152","attribution":0,"priority":"5","appToPromote":{"appToPromoteID":"1348","usesDefaultFrameImage":"0","usesDefaultCloseImage":"0","marketURL":"https:\/\/play.google.com\/store\/apps\/details?id=com.gss.police.sniper.prison.gaurd","packageID":"com.gss.police.sniper.prison.gaurd"},"showTemplate":1,"s2s_tracking_url":"https:\/\/play.google.com\/store\/apps\/details?id=com.gss.police.sniper.prison.gaurd","activeCreativeID":"192","scenes":["12","1","8","6","15","2"],"campaignAdType":"Interstitial","productId":"","purchaseBit":0,"licenseKey":""},{"campaignID":"155","attribution":0,"priority":"5","appToPromote":{"appToPromoteID":"2226","usesDefaultFrameImage":"0","usesDefaultCloseImage":"0","marketURL":"https:\/\/play.google.com\/store\/apps\/details?id=com.gss.garage.workshop.carmehanic","packageID":"com.gss.garage.workshop.carmehanic"},"showTemplate":1,"s2s_tracking_url":"https:\/\/play.google.com\/store\/apps\/details?id=com.gss.garage.workshop.carmehanic","activeCreativeID":"197","scenes":["12","1","8","6","15","2"],"campaignAdType":"Interstitial","productId":"","purchaseBit":0,"licenseKey":""},{"campaignID":"156","attribution":0,"priority":"5","appToPromote":{"appToPromoteID":"2227","usesDefaultFrameImage":"0","usesDefaultCloseImage":"0","marketURL":"https:\/\/play.google.com\/store\/apps\/details?id=com.tgp.offroad.extreme.multi.cargotruck","packageID":"com.tgp.offroad.extreme.multi.cargotruck"},"showTemplate":1,"s2s_tracking_url":"https:\/\/play.google.com\/store\/apps\/details?id=com.tgp.offroad.extreme.multi.cargotruck","activeCreativeID":"198","scenes":["12","1","8","6","15","2"],"campaignAdType":"Interstitial","productId":"","purchaseBit":0,"licenseKey":""},{"campaignID":"158","attribution":0,"priority":"5","appToPromote":{"appToPromoteID":"2223","usesDefaultFrameImage":"0","usesDefaultCloseImage":"0","marketURL":"https:\/\/play.google.com\/store\/apps\/details?id=com.vg.counter.mafia.squad.army.training","packageID":"com.vg.counter.mafia.squad.army.training"},"showTemplate":1,"s2s_tracking_url":"https:\/\/play.google.com\/store\/apps\/details?id=com.vg.counter.mafia.squad.army.training","activeCreativeID":"204","scenes":["12","1","8","6","15","2"],"campaignAdType":"Interstitial","productId":"","purchaseBit":0,"licenseKey":""},{"campaignID":"162","attribution":0,"priority":"5","appToPromote":{"appToPromoteID":"2268","usesDefaultFrameImage":"0","usesDefaultCloseImage":"0","marketURL":"https:\/\/play.google.com\/store\/apps\/details?id=com.vg.prisoner.escape.survival.hero","packageID":"com.vg.prisoner.escape.survival.hero"},"showTemplate":1,"s2s_tracking_url":"https:\/\/play.google.com\/store\/apps\/details?id=com.vg.prisoner.escape.survival.hero","activeCreativeID":"206","scenes":["12","1","8","6","15","2"],"campaignAdType":"Interstitial","productId":"","purchaseBit":0,"licenseKey":""},{"campaignID":"163","attribution":0,"priority":"5","appToPromote":{"appToPromoteID":"2349","usesDefaultFrameImage":"0","usesDefaultCloseImage":"0","marketURL":"https:\/\/play.google.com\/store\/apps\/details?id=com.gss.city.war.survival.robothero","packageID":"com.gss.city.war.survival.robothero"},"showTemplate":1,"s2s_tracking_url":"https:\/\/play.google.com\/store\/apps\/details?id=com.gss.city.war.survival.robothero","activeCreativeID":"207","scenes":["12","1","8","6","15","2"],"campaignAdType":"Interstitial","productId":"","purchaseBit":0,"licenseKey":""},{"campaignID":"164","attribution":0,"priority":"5","appToPromote":{"appToPromoteID":"2350","usesDefaultFrameImage":"0","usesDefaultCloseImage":"0","marketURL":"https:\/\/play.google.com\/store\/apps\/details?id=com.tgp.car.robot.transport.truck","packageID":"com.tgp.car.robot.transport.truck"},"showTemplate":1,"s2s_tracking_url":"https:\/\/play.google.com\/store\/apps\/details?id=com.tgp.car.robot.transport.truck","activeCreativeID":"211","scenes":["12","1","8","6","15","2"],"campaignAdType":"Interstitial","productId":"","purchaseBit":0,"licenseKey":""},{"campaignID":"166","attribution":0,"priority":"5","appToPromote":{"appToPromoteID":"2273","usesDefaultFrameImage":"0","usesDefaultCloseImage":"0","marketURL":"https:\/\/play.google.com\/store\/apps\/details?id=com.gss.police.automechanic.repair.workshop","packageID":"com.gss.police.automechanic.repair.workshop"},"showTemplate":1,"s2s_tracking_url":"https:\/\/play.google.com\/store\/apps\/details?id=com.gss.police.automechanic.repair.workshop","activeCreativeID":"217","scenes":["12","1","8","6","15","2"],"campaignAdType":"Interstitial","productId":"","purchaseBit":0,"licenseKey":""}],"refreshAdRate":30,"mode":"Production","aspectRatio":"4_3","cdnPath":"https:\/\/df8ymybeo92md.cloudfront.net\/images\/","sentry_log":0,"local_logging":0,"sentry_dsn":"https:\/\/93ffa1c9a4124f67b8888a53265f751a:bbf998e04584477fa9a145838e9d3b26@sentry.io\/168994","sentry_initialization":1,"sentry_debugging":0,"bannerSizes":["1"],"aspectRatioVideo":"16_9","app_id":"1823","showPreRewardedDialogue":0,"showPostRewardedDialogue":0,"rewardCurrency":"coins","rewardValue":0,"isSkipable":1,"privacyPolicyURL":"https:\/\/www.consoliads.com\/privacy-policy\/","sessionToken":"tSVikva\/9V6cJFRph38+d\/NBtTgl9AeLlLjR809Jv\/rFN\/S3Kj\/UUk7Ds5hUq7DBcPy9Ib3JlcN4XfeYTR4RMvsU7LJmvqvH33YnRqGjEAh+085QUXn3\/4hL+sDUoiAw9wJmUZXYurOBX\/MCAXzQQkBG0DEMRZzvgcHwSdunbK0="}
Session token value is set


{"appKey":"a3fd0355e69506375fb1411dd7b6a600","deviceID":"1249","stats":[{"campaignID":85,"packageID":"com.gss.offroad.uphill.extremetruckdriver","sceneStats":[{"sceneID":"4","eventStats":"313,213,113,13,13,0,0"}]}],"sdkVersion":"39","sessionToken":"tSVikva\/9V6cJFRph38+d\/NBtTgl9AeLlLjR809Jv\/rFN\/S3Kj\/UUk7Ds5hUq7DBcPy9Ib3JlcN4XfeYTR4RMvsU7LJmvqvH33YnRqGjEAh+085QUXn3\/4hL+sDUoiAw9wJmUZXYurOBX\/MCAXzQQkBG0DEMRZzvgcHwSdunbK0="}
cache_ttl value is correct

Refresh Ad Rate value is correct
mode value is set

 Aspect ratio value is correct
sentry_log value is set
local_logging value is set
sentry_initialization value is set
sentry_debugging value is set
showPreRewardedDialogue value is set
showPostRewardedDialogue value is set
isSkipable value is set
{"cache_ttl":10080,"cache_ttl_rewarded":10080,"cache_ttl_banner":10080,"cache_ttl_native":10080,"cache_ttl_icon":10080,"campaigns":[{"campaignID":"9384","attribution":0,"priority":"5","appToPromote":{"appToPromoteID":"13185","usesDefaultFrameImage":"0","usesDefaultCloseImage":"0","marketURL":"https:\/\/play.google.com\/store\/apps\/details?id=com.gamesarena.flying.bike.tricks.stunts&amp;referrer=utm_source=42matters.com&amp;utm_medium=api","packageID":"com.gamesarena.flying.bike.tricks.stunts"},"showTemplate":1,"s2s_tracking_url":"https:\/\/play.google.com\/store\/apps\/details?id=com.gamesarena.flying.bike.tricks.stunts&amp;referrer=utm_source=42matters.com&amp;utm_medium=api","activeCreativeID":"4829","scenes":["12","1","8","6","15","2"],"campaignAdType":"Interstitial","productId":"","purchaseBit":0,"licenseKey":""},{"campaignID":"9386","attribution":0,"priority":"5","appToPromote":{"appToPromoteID":"17764","usesDefaultFrameImage":"0","usesDefaultCloseImage":"0","marketURL":"https:\/\/play.google.com\/store\/apps\/details?id=com.visiblebody.atlas&amp;referrer=utm_source=42matters.com&amp;utm_medium=api","packageID":"com.gamesarena..test6324"},"showTemplate":1,"s2s_tracking_url":"https:\/\/play.google.com\/store\/apps\/details?id=com.visiblebody.atlas&amp;referrer=utm_source=42matters.com&amp;utm_medium=api","activeCreativeID":"4828","scenes":["12","1","8","6","15","2"],"campaignAdType":"Interstitial","productId":"","purchaseBit":0,"licenseKey":""},{"campaignID":"9389","attribution":0,"priority":"5","appToPromote":{"appToPromoteID":"13185","usesDefaultFrameImage":"0","usesDefaultCloseImage":"0","marketURL":"https:\/\/play.google.com\/store\/apps\/details?id=com.gamesarena.flying.bike.tricks.stunts&amp;referrer=utm_source=42matters.com&amp;utm_medium=api","packageID":"com.gamesarena.flying.bike.tricks.stunts"},"showTemplate":1,"s2s_tracking_url":"https:\/\/play.google.com\/store\/apps\/details?id=com.gamesarena.flying.bike.tricks.stunts&amp;referrer=utm_source=42matters.com&amp;utm_medium=api","activeCreativeID":"4829","scenes":["12","1","8","6","15","2"],"campaignAdType":"Interstitial","productId":"","purchaseBit":0,"licenseKey":""},{"campaignID":"9710","attribution":0,"priority":"5","appToPromote":{"appToPromoteID":"11385","usesDefaultFrameImage":"0","usesDefaultCloseImage":"0","marketURL":"https:\/\/play.google.com\/store\/apps\/details?id=com.play.io.car.mechanic.auto.repair.workshop","packageID":"com.play.io.car.mechanic.auto.repair.workshop"},"showTemplate":1,"s2s_tracking_url":"https:\/\/play.google.com\/store\/apps\/details?id=com.play.io.car.mechanic.auto.repair.workshop","activeCreativeID":"1309","scenes":["12","1","8","6","15","2"],"campaignAdType":"Video","productId":"","purchaseBit":0,"licenseKey":""},{"campaignID":"98","attribution":0,"priority":"5","appToPromote":{"appToPromoteID":"1937","usesDefaultFrameImage":"0","usesDefaultCloseImage":"0","marketURL":"https:\/\/play.google.com\/store\/apps\/details?id=com.gss.offroad.policetransporttruck","packageID":"com.gss.offroad.policetransporttruck"},"showTemplate":1,"s2s_tracking_url":"https:\/\/play.google.com\/store\/apps\/details?id=com.gss.offroad.policetransporttruck","activeCreativeID":"124","scenes":["12","1","8","6","15","2"],"campaignAdType":"Interstitial","productId":"","purchaseBit":0,"licenseKey":""},{"campaignID":"111","attribution":0,"priority":"5","appToPromote":{"appToPromoteID":"1969","usesDefaultFrameImage":"0","usesDefaultCloseImage":"0","marketURL":"https:\/\/play.google.com\/store\/apps\/details?id=com.vg.moto.airplane.transporter.police.plane","packageID":"com.vg.moto.airplane.transporter.police.plane"},"showTemplate":1,"s2s_tracking_url":"https:\/\/play.google.com\/store\/apps\/details?id=com.vg.moto.airplane.transporter.police.plane","activeCreativeID":"143","scenes":["12","1","8","6","15","2"],"campaignAdType":"Interstitial","productId":"","purchaseBit":0,"licenseKey":""},{"campaignID":"115","attribution":0,"priority":"5","appToPromote":{"appToPromoteID":"2018","usesDefaultFrameImage":"0","usesDefaultCloseImage":"0","marketURL":"https:\/\/play.google.com\/store\/apps\/details?id=com.tgp.multistorey.car.transporter.truck","packageID":"com.tgp.multistorey.car.transporter.truck"},"showTemplate":1,"s2s_tracking_url":"https:\/\/play.google.com\/store\/apps\/details?id=com.tgp.multistorey.car.transporter.truck","activeCreativeID":"149","scenes":["12","1","8","6","15","2"],"campaignAdType":"Interstitial","productId":"","purchaseBit":0,"licenseKey":""},{"campaignID":"139","attribution":0,"priority":"5","appToPromote":{"appToPromoteID":"2150","usesDefaultFrameImage":"0","usesDefaultCloseImage":"0","marketURL":"https:\/\/play.google.com\/store\/apps\/details?id=com.gss.traffic.rush.crazy.bike.rider","packageID":"com.gss.traffic.rush.crazy.bike.rider"},"showTemplate":1,"s2s_tracking_url":"https:\/\/play.google.com\/store\/apps\/details?id=com.gss.traffic.rush.crazy.bike.rider","activeCreativeID":"179","scenes":["12","1","8","6","15","2"],"campaignAdType":"Interstitial","productId":"","purchaseBit":0,"licenseKey":""},{"campaignID":"142","attribution":0,"priority":"5","appToPromote":{"appToPromoteID":"2164","usesDefaultFrameImage":"0","usesDefaultCloseImage":"0","marketURL":"https:\/\/play.google.com\/store\/apps\/details?id=com.vg.police.demolition.derby.crash.racing","packageID":"com.vg.police.demolition.derby.crash.racing"},"showTemplate":1,"s2s_tracking_url":"https:\/\/play.google.com\/store\/apps\/details?id=com.vg.police.demolition.derby.crash.racing","activeCreativeID":"182","scenes":["12","1","8","6","15","2"],"campaignAdType":"Interstitial","productId":"","purchaseBit":0,"licenseKey":""},{"campaignID":"146","attribution":0,"priority":"5","appToPromote":{"appToPromoteID":"2225","usesDefaultFrameImage":"0","usesDefaultCloseImage":"0","marketURL":"https:\/\/play.google.com\/store\/apps\/details?id=com.gss.offroad.policebiketransport","packageID":"com.gss.offroad.policebiketransport"},"showTemplate":1,"s2s_tracking_url":"https:\/\/play.google.com\/store\/apps\/details?id=com.gss.offroad.policebiketransport","activeCreativeID":"187","scenes":["12","1","8","6","15","2"],"campaignAdType":"Interstitial","productId":"","purchaseBit":0,"licenseKey":""},{"campaignID":"149","attribution":0,"priority":"5","appToPromote":{"appToPromoteID":"2224","usesDefaultFrameImage":"0","usesDefaultCloseImage":"0","marketURL":"https:\/\/play.google.com\/store\/apps\/details?id=com.vg.mega.city.construction.building.sim","packageID":"com.vg.mega.city.construction.building.sim"},"showTemplate":1,"s2s_tracking_url":"https:\/\/play.google.com\/store\/apps\/details?id=com.vg.mega.city.construction.building.sim","activeCreativeID":"191","scenes":["12","1","8","6","15","2"],"campaignAdType":"Interstitial","productId":"","purchaseBit":0,"licenseKey":""},{"campaignID":"150","attribution":0,"priority":"5","appToPromote":{"appToPromoteID":"2224","usesDefaultFrameImage":"0","usesDefaultCloseImage":"0","marketURL":"https:\/\/play.google.com\/store\/apps\/details?id=com.vg.mega.city.construction.building.sim","packageID":"com.vg.mega.city.construction.building.sim"},"showTemplate":1,"s2s_tracking_url":"https:\/\/play.google.com\/store\/apps\/details?id=com.vg.mega.city.construction.building.sim","activeCreativeID":"191","scenes":["12","1","8","6","15","2"],"campaignAdType":"Interstitial","productId":"","purchaseBit":0,"licenseKey":""},{"campaignID":"155","attribution":0,"priority":"5","appToPromote":{"appToPromoteID":"2226","usesDefaultFrameImage":"0","usesDefaultCloseImage":"0","marketURL":"https:\/\/play.google.com\/store\/apps\/details?id=com.gss.garage.workshop.carmehanic","packageID":"com.gss.garage.workshop.carmehanic"},"showTemplate":1,"s2s_tracking_url":"https:\/\/play.google.com\/store\/apps\/details?id=com.gss.garage.workshop.carmehanic","activeCreativeID":"197","scenes":["12","1","8","6","15","2"],"campaignAdType":"Interstitial","productId":"","purchaseBit":0,"licenseKey":""},{"campaignID":"156","attribution":0,"priority":"5","appToPromote":{"appToPromoteID":"2227","usesDefaultFrameImage":"0","usesDefaultCloseImage":"0","marketURL":"https:\/\/play.google.com\/store\/apps\/details?id=com.tgp.offroad.extreme.multi.cargotruck","packageID":"com.tgp.offroad.extreme.multi.cargotruck"},"showTemplate":1,"s2s_tracking_url":"https:\/\/play.google.com\/store\/apps\/details?id=com.tgp.offroad.extreme.multi.cargotruck","activeCreativeID":"198","scenes":["12","1","8","6","15","2"],"campaignAdType":"Interstitial","productId":"","purchaseBit":0,"licenseKey":""},{"campaignID":"163","attribution":0,"priority":"5","appToPromote":{"appToPromoteID":"2349","usesDefaultFrameImage":"0","usesDefaultCloseImage":"0","marketURL":"https:\/\/play.google.com\/store\/apps\/details?id=com.gss.city.war.survival.robothero","packageID":"com.gss.city.war.survival.robothero"},"showTemplate":1,"s2s_tracking_url":"https:\/\/play.google.com\/store\/apps\/details?id=com.gss.city.war.survival.robothero","activeCreativeID":"207","scenes":["12","1","8","6","15","2"],"campaignAdType":"Interstitial","productId":"","purchaseBit":0,"licenseKey":""},{"campaignID":"164","attribution":0,"priority":"5","appToPromote":{"appToPromoteID":"2350","usesDefaultFrameImage":"0","usesDefaultCloseImage":"0","marketURL":"https:\/\/play.google.com\/store\/apps\/details?id=com.tgp.car.robot.transport.truck","packageID":"com.tgp.car.robot.transport.truck"},"showTemplate":1,"s2s_tracking_url":"https:\/\/play.google.com\/store\/apps\/details?id=com.tgp.car.robot.transport.truck","activeCreativeID":"211","scenes":["12","1","8","6","15","2"],"campaignAdType":"Interstitial","productId":"","purchaseBit":0,"licenseKey":""},{"campaignID":"166","attribution":0,"priority":"5","appToPromote":{"appToPromoteID":"2273","usesDefaultFrameImage":"0","usesDefaultCloseImage":"0","marketURL":"https:\/\/play.google.com\/store\/apps\/details?id=com.gss.police.automechanic.repair.workshop","packageID":"com.gss.police.automechanic.repair.workshop"},"showTemplate":1,"s2s_tracking_url":"https:\/\/play.google.com\/store\/apps\/details?id=com.gss.police.automechanic.repair.workshop","activeCreativeID":"217","scenes":["12","1","8","6","15","2"],"campaignAdType":"Interstitial","productId":"","purchaseBit":0,"licenseKey":""},{"campaignID":"167","attribution":0,"priority":"5","appToPromote":{"appToPromoteID":"2348","usesDefaultFrameImage":"0","usesDefaultCloseImage":"0","marketURL":"https:\/\/play.google.com\/store\/apps\/details?id=com.vg.rollercoaster.crazy.tycoon.tour","packageID":"com.vg.rollercoaster.crazy.tycoon.tour"},"showTemplate":1,"s2s_tracking_url":"https:\/\/play.google.com\/store\/apps\/details?id=com.vg.rollercoaster.crazy.tycoon.tour","activeCreativeID":"218","scenes":["12","1","8","6","15","2"],"campaignAdType":"Interstitial","productId":"","purchaseBit":0,"licenseKey":""},{"campaignID":"214","attribution":0,"priority":"5","appToPromote":{"appToPromoteID":"2613","usesDefaultFrameImage":"0","usesDefaultCloseImage":"0","marketURL":"https:\/\/play.google.com\/store\/apps\/details?id=com.gss.robot.bike.transport.truck","packageID":"com.gss.robot.bike.transport.truck"},"showTemplate":1,"s2s_tracking_url":"https:\/\/play.google.com\/store\/apps\/details?id=com.gss.robot.bike.transport.truck","activeCreativeID":"295","scenes":["12","1","8","6","15","2"],"campaignAdType":"Interstitial","productId":"","purchaseBit":0,"licenseKey":""},{"campaignID":"303","attribution":0,"priority":"5","appToPromote":{"appToPromoteID":"2642","usesDefaultFrameImage":"0","usesDefaultCloseImage":"0","marketURL":"https:\/\/play.google.com\/store\/apps\/details?id=com.tgp.offroad.robot.transport.truck","packageID":"com.tgp.offroad.robot.transport.truck"},"showTemplate":1,"s2s_tracking_url":"https:\/\/play.google.com\/store\/apps\/details?id=com.tgp.offroad.robot.transport.truck","activeCreativeID":"310","scenes":["12","1","8","6","15","2"],"campaignAdType":"Interstitial","productId":"","purchaseBit":0,"licenseKey":""},{"campaignID":"358","attribution":0,"priority":"5","appToPromote":{"appToPromoteID":"2917","usesDefaultFrameImage":"0","usesDefaultCloseImage":"0","marketURL":"https:\/\/play.google.com\/store\/apps\/details?id=com.gamefeast.touristbus.highway.driver.sim","packageID":"com.gamefeast.touristbus.highway.driver.sim"},"showTemplate":1,"s2s_tracking_url":"https:\/\/play.google.com\/store\/apps\/details?id=com.gamefeast.touristbus.highway.driver.sim","activeCreativeID":"377","scenes":["12","1","8","6","15","2"],"campaignAdType":"Interstitial","productId":"","purchaseBit":0,"licenseKey":""},{"campaignID":"370","attribution":0,"priority":"5","appToPromote":{"appToPromoteID":"3065","usesDefaultFrameImage":"0","usesDefaultCloseImage":"0","marketURL":"https:\/\/play.google.com\/store\/apps\/details?id=com.gss.raft.survival.island.escape","packageID":"com.gss.raft.survival.island.escape"},"showTemplate":1,"s2s_tracking_url":"https:\/\/play.google.com\/store\/apps\/details?id=com.gss.raft.survival.island.escape","activeCreativeID":"391","scenes":["12","1","8","6","15","2"],"campaignAdType":"Interstitial","productId":"","purchaseBit":0,"licenseKey":""},{"campaignID":"371","attribution":0,"priority":"5","appToPromote":{"appToPromoteID":"3117","usesDefaultFrameImage":"0","usesDefaultCloseImage":"0","marketURL":"https:\/\/play.google.com\/store\/apps\/details?id=com.vg.fast.car.driver.furiousracing","packageID":"com.vg.fast.car.driver.furiousracing"},"showTemplate":1,"s2s_tracking_url":"https:\/\/play.google.com\/store\/apps\/details?id=com.vg.fast.car.driver.furiousracing","activeCreativeID":"392","scenes":["12","1","8","6","15","2"],"campaignAdType":"Interstitial","productId":"","purchaseBit":0,"licenseKey":""},{"campaignID":"372","attribution":0,"priority":"5","appToPromote":{"appToPromoteID":"2938","usesDefaultFrameImage":"0","usesDefaultCloseImage":"0","marketURL":"https:\/\/play.google.com\/store\/apps\/details?id=com.tgp.offroad.us.army.transport","packageID":"com.tgp.offroad.us.army.transport"},"showTemplate":1,"s2s_tracking_url":"https:\/\/play.google.com\/store\/apps\/details?id=com.tgp.offroad.us.army.transport","activeCreativeID":"393","scenes":["12","1","8","6","15","2"],"campaignAdType":"Interstitial","productId":"","purchaseBit":0,"licenseKey":""},{"campaignID":"396","attribution":0,"priority":"5","appToPromote":{"appToPromoteID":"3019","usesDefaultFrameImage":"0","usesDefaultCloseImage":"0","marketURL":"https:\/\/play.google.com\/store\/apps\/details?id=com.gss.robot.car.transport.truck","packageID":"com.gss.robot.car.transport.truck"},"showTemplate":1,"s2s_tracking_url":"https:\/\/play.google.com\/store\/apps\/details?id=com.gss.robot.car.transport.truck","activeCreativeID":"420","scenes":["12","1","8","6","15","2"],"campaignAdType":"Interstitial","productId":"","purchaseBit":0,"licenseKey":""}],"refreshAdRate":30,"mode":"Production","aspectRatio":"4_3","cdnPath":"https:\/\/df8ymybeo92md.cloudfront.net\/images\/","sentry_log":0,"local_logging":0,"sentry_dsn":"https:\/\/93ffa1c9a4124f67b8888a53265f751a:bbf998e04584477fa9a145838e9d3b26@sentry.io\/168994","sentry_initialization":1,"sentry_debugging":0,"bannerSizes":["5"],"aspectRatioVideo":"16_9","app_id":"1830","showPreRewardedDialogue":0,"showPostRewardedDialogue":0,"rewardCurrency":"coins","rewardValue":0,"isSkipable":0,"privacyPolicyURL":"https:\/\/www.consoliads.com\/privacy-policy\/","sessionToken":"38gjCHrGzyYscndwUnNloImuTvQeN7Pw5gueZthVYr+7rfb+lPKA9drABthgaZPB+mj94d10EXK6CnTsyvwS2i9FYj4mV0fsoqiNn7Ra8TNBmSy3jULycsAeHzPWYDwLHzn6vf+cBYUL1zdPdezUBmZUqcaClPEuWti7GdpK22E="}
Session token value is set


{"appKey":"01cc5c461d53ae065213c5cd8caabc4f","deviceID":"7388","stats":[{"campaignID":110,"packageID":"com.mizo.police.airplane.transporter","sceneStats":[{"sceneID":"19","eventStats":"374,274,174,74,74,0,0"}]}],"sdkVersion":"2151","sessionToken":"38gjCHrGzyYscndwUnNloImuTvQeN7Pw5gueZthVYr+7rfb+lPKA9drABthgaZPB+mj94d10EXK6CnTsyvwS2i9FYj4mV0fsoqiNn7Ra8TNBmSy3jULycsAeHzPWYDwLHzn6vf+cBYUL1zdPdezUBmZUqcaClPEuWti7GdpK22E="}
cache_ttl value is correct

Refresh Ad Rate value is correct
mode value is set

 Aspect ratio value is correct
sentry_log value is set
local_logging value is set
sentry_initialization value is set
sentry_debugging value is set
showPreRewardedDialogue value is set
showPostRewardedDialogue value is set
isSkipable value is set
{"cache_ttl":10080,"cache_ttl_rewarded":10080,"cache_ttl_banner":10080,"cache_ttl_native":10080,"cache_ttl_icon":10080,"campaigns":[{"campaignID":"9277","attribution_link":"","attribution":1,"priority":"5","appToPromote":{"appToPromoteID":"17609","usesDefaultFrameImage":"0","usesDefaultCloseImage":"0","marketURL":"https:\/\/smartbear.com\/learn\/automated-testing\/test-automation-frameworks\/","packageID":"com.buntoo.buntooAd"},"showTemplate":1,"s2s_tracking_url":"","activeCreativeID":"4702","scenes":["1","2","6","4","5","15"],"campaignAdType":"Interstitial","productId":"","purchaseBit":0,"licenseKey":""},{"campaignID":"9278","attribution":0,"priority":"5","appToPromote":{"appToPromoteID":"17609","usesDefaultFrameImage":"0","usesDefaultCloseImage":"0","marketURL":"https:\/\/smartbear.com\/learn\/automated-testing\/test-automation-frameworks\/","packageID":"com.buntoo.buntooAd"},"showTemplate":1,"s2s_tracking_url":"https:\/\/smartbear.com\/learn\/automated-testing\/test-automation-frameworks\/","activeCreativeID":"4701","scenes":["1","2","6","4","5","15"],"campaignAdType":"Interstitial","productId":"","purchaseBit":0,"licenseKey":""},{"campaignID":"9279","attribution":0,"priority":"5","appToPromote":{"appToPromoteID":"17609","usesDefaultFrameImage":"0","usesDefaultCloseImage":"0","marketURL":"https:\/\/smartbear.com\/learn\/automated-testing\/test-automation-frameworks\/","packageID":"com.buntoo.buntooAd"},"showTemplate":1,"s2s_tracking_url":"https:\/\/smartbear.com\/learn\/automated-testing\/test-automation-frameworks\/","activeCreativeID":"4701","scenes":["1","2","6","4","5","15"],"campaignAdType":"Interstitial","productId":"","purchaseBit":0,"licenseKey":""},{"campaignID":"9280","attribution":0,"priority":"5","appToPromote":{"appToPromoteID":"17609","usesDefaultFrameImage":"0","usesDefaultCloseImage":"0","marketURL":"https:\/\/smartbear.com\/learn\/automated-testing\/test-automation-frameworks\/","packageID":"com.buntoo.buntooAd"},"showTemplate":1,"s2s_tracking_url":"https:\/\/smartbear.com\/learn\/automated-testing\/test-automation-frameworks\/","activeCreativeID":"4701","scenes":["1","2","6","4","5","15"],"campaignAdType":"Interstitial","productId":"","purchaseBit":0,"licenseKey":""},{"campaignID":"9281","attribution":0,"priority":"5","appToPromote":{"appToPromoteID":"17609","usesDefaultFrameImage":"0","usesDefaultCloseImage":"0","marketURL":"https:\/\/smartbear.com\/learn\/automated-testing\/test-automation-frameworks\/","packageID":"com.buntoo.buntooAd"},"showTemplate":1,"s2s_tracking_url":"https:\/\/smartbear.com\/learn\/automated-testing\/test-automation-frameworks\/","activeCreativeID":"4701","scenes":["1","2","6","4","5","15"],"campaignAdType":"Interstitial","productId":"","purchaseBit":0,"licenseKey":""},{"campaignID":"9282","attribution":0,"priority":"5","appToPromote":{"appToPromoteID":"17609","usesDefaultFrameImage":"0","usesDefaultCloseImage":"0","marketURL":"https:\/\/smartbear.com\/learn\/automated-testing\/test-automation-frameworks\/","packageID":"com.buntoo.buntooAd"},"showTemplate":1,"s2s_tracking_url":"https:\/\/smartbear.com\/learn\/automated-testing\/test-automation-frameworks\/","activeCreativeID":"4701","scenes":["1","2","6","4","5","15"],"campaignAdType":"Interstitial","productId":"","purchaseBit":0,"licenseKey":""},{"campaignID":"9283","attribution":0,"priority":"5","appToPromote":{"appToPromoteID":"17609","usesDefaultFrameImage":"0","usesDefaultCloseImage":"0","marketURL":"https:\/\/smartbear.com\/learn\/automated-testing\/test-automation-frameworks\/","packageID":"com.buntoo.buntooAd"},"showTemplate":1,"s2s_tracking_url":"https:\/\/smartbear.com\/learn\/automated-testing\/test-automation-frameworks\/","activeCreativeID":"4701","scenes":["1","2","6","4","5","15"],"campaignAdType":"Interstitial","productId":"","purchaseBit":0,"licenseKey":""},{"campaignID":"9285","attribution":0,"priority":"5","appToPromote":{"appToPromoteID":"14746","usesDefaultFrameImage":"0","usesDefaultCloseImage":"0","marketURL":"https:\/\/play.google.com\/store\/apps\/details?id=com.buntoo.army.bus.parking","packageID":"com.buntoo.army.bus.parking"},"showTemplate":1,"s2s_tracking_url":"https:\/\/play.google.com\/store\/apps\/details?id=com.buntoo.army.bus.parking","activeCreativeID":"4710","scenes":["1","2","6","4","5","15"],"campaignAdType":"Interstitial","productId":"","purchaseBit":0,"licenseKey":""},{"campaignID":"9287","attribution":0,"priority":"5","appToPromote":{"appToPromoteID":"14746","usesDefaultFrameImage":"0","usesDefaultCloseImage":"0","marketURL":"https:\/\/play.google.com\/store\/apps\/details?id=com.buntoo.army.bus.parking","packageID":"com.buntoo.army.bus.parking"},"showTemplate":1,"s2s_tracking_url":"https:\/\/play.google.com\/store\/apps\/details?id=com.buntoo.army.bus.parking","activeCreativeID":"4710","scenes":["1","2","6","4","5","15"],"campaignAdType":"Interstitial","productId":"","purchaseBit":0,"licenseKey":""},{"campaignID":"9289","attribution":0,"priority":"5","appToPromote":{"appToPromoteID":"17609","usesDefaultFrameImage":"0","usesDefaultCloseImage":"0","marketURL":"https:\/\/smartbear.com\/learn\/automated-testing\/test-automation-frameworks\/","packageID":"com.buntoo.buntooAd"},"showTemplate":1,"s2s_tracking_url":"https:\/\/smartbear.com\/learn\/automated-testing\/test-automation-frameworks\/","activeCreativeID":"4701","scenes":["1","2","6","4","5","15"],"campaignAdType":"Interstitial","productId":"","purchaseBit":0,"licenseKey":""},{"campaignID":"9290","attribution":0,"priority":"5","appToPromote":{"appToPromoteID":"17609","usesDefaultFrameImage":"0","usesDefaultCloseImage":"0","marketURL":"https:\/\/smartbear.com\/learn\/automated-testing\/test-automation-frameworks\/","packageID":"com.buntoo.buntooAd"},"showTemplate":1,"s2s_tracking_url":"https:\/\/smartbear.com\/learn\/automated-testing\/test-automation-frameworks\/","activeCreativeID":"4701","scenes":["1","2","6","4","5","15"],"campaignAdType":"Interstitial","productId":"","purchaseBit":0,"licenseKey":""},{"campaignID":"9293","attribution":0,"priority":"5","appToPromote":{"appToPromoteID":"17609","usesDefaultFrameImage":"0","usesDefaultCloseImage":"0","marketURL":"https:\/\/smartbear.com\/learn\/automated-testing\/test-automation-frameworks\/","packageID":"com.buntoo.buntooAd"},"showTemplate":1,"s2s_tracking_url":"https:\/\/smartbear.com\/learn\/automated-testing\/test-automation-frameworks\/","activeCreativeID":"4701","scenes":["1","2","6","4","5","15"],"campaignAdType":"Interstitial","productId":"","purchaseBit":0,"licenseKey":""},{"campaignID":"9296","attribution":0,"priority":"5","appToPromote":{"appToPromoteID":"17609","usesDefaultFrameImage":"0","usesDefaultCloseImage":"0","marketURL":"https:\/\/smartbear.com\/learn\/automated-testing\/test-automation-frameworks\/","packageID":"com.buntoo.buntooAd"},"showTemplate":1,"s2s_tracking_url":"https:\/\/smartbear.com\/learn\/automated-testing\/test-automation-frameworks\/","activeCreativeID":"4701","scenes":["1","2","6","4","5","15"],"campaignAdType":"Interstitial","productId":"","purchaseBit":0,"licenseKey":""},{"campaignID":"9297","attribution":0,"priority":"5","appToPromote":{"appToPromoteID":"17609","usesDefaultFrameImage":"0","usesDefaultCloseImage":"0","marketURL":"https:\/\/smartbear.com\/learn\/automated-testing\/test-automation-frameworks\/","packageID":"com.buntoo.buntooAd"},"showTemplate":1,"s2s_tracking_url":"https:\/\/smartbear.com\/learn\/automated-testing\/test-automation-frameworks\/","activeCreativeID":"4701","scenes":["1","2","6","4","5","15"],"campaignAdType":"Interstitial","productId":"","purchaseBit":0,"licenseKey":""},{"campaignID":"9299","attribution":0,"priority":"5","appToPromote":{"appToPromoteID":"17609","usesDefaultFrameImage":"0","usesDefaultCloseImage":"0","marketURL":"https:\/\/smartbear.com\/learn\/automated-testing\/test-automation-frameworks\/","packageID":"com.buntoo.buntooAd"},"showTemplate":1,"s2s_tracking_url":"https:\/\/smartbear.com\/learn\/automated-testing\/test-automation-frameworks\/","activeCreativeID":"4701","scenes":["1","2","6","4","5","15"],"campaignAdType":"Interstitial","productId":"","purchaseBit":0,"licenseKey":""},{"campaignID":"9301","attribution":0,"priority":"5","appToPromote":{"appToPromoteID":"17609","usesDefaultFrameImage":"0","usesDefaultCloseImage":"0","marketURL":"https:\/\/smartbear.com\/learn\/automated-testing\/test-automation-frameworks\/","packageID":"com.buntoo.buntooAd"},"showTemplate":1,"s2s_tracking_url":"https:\/\/smartbear.com\/learn\/automated-testing\/test-automation-frameworks\/","activeCreativeID":"4701","scenes":["1","2","6","4","5","15"],"campaignAdType":"Interstitial","productId":"","purchaseBit":0,"licenseKey":""},{"campaignID":"9305","attribution":0,"priority":"5","appToPromote":{"appToPromoteID":"14746","usesDefaultFrameImage":"0","usesDefaultCloseImage":"0","marketURL":"https:\/\/play.google.com\/store\/apps\/details?id=com.buntoo.army.bus.parking","packageID":"com.buntoo.army.bus.parking"},"showTemplate":1,"s2s_tracking_url":"https:\/\/play.google.com\/store\/apps\/details?id=com.buntoo.army.bus.parking","activeCreativeID":"4710","scenes":["1","2","6","4","5","15"],"campaignAdType":"Interstitial","productId":"","purchaseBit":0,"licenseKey":""},{"campaignID":"48","attribution":0,"priority":"5","appToPromote":{"appToPromoteID":"1074","usesDefaultFrameImage":"1","usesDefaultCloseImage":"1","marketURL":"https:\/\/play.google.com\/store\/apps\/details?id=com.mizo.construction.crane.hill.climb","packageID":"com.mizo.construction.crane.hill.climb"},"showTemplate":1,"s2s_tracking_url":"https:\/\/play.google.com\/store\/apps\/details?id=com.mizo.construction.crane.hill.climb","activeCreativeID":"65","scenes":["1","2","6","4","5","15"],"campaignAdType":"Interstitial","productId":"","purchaseBit":0,"licenseKey":""},{"campaignID":"50","attribution":0,"priority":"5","appToPromote":{"appToPromoteID":"1221","usesDefaultFrameImage":"1","usesDefaultCloseImage":"1","marketURL":"https:\/\/play.google.com\/store\/apps\/details?id=com.mizo.offroad.hill.climb","packageID":"com.mizo.offroad.hill.climb"},"showTemplate":1,"s2s_tracking_url":"https:\/\/play.google.com\/store\/apps\/details?id=com.mizo.offroad.hill.climb","activeCreativeID":"67","scenes":["1","2","6","4","5","15"],"campaignAdType":"Interstitial","productId":"","purchaseBit":0,"licenseKey":""},{"campaignID":"67","attribution":0,"priority":"5","appToPromote":{"appToPromoteID":"1306","usesDefaultFrameImage":"1","usesDefaultCloseImage":"1","marketURL":"https:\/\/play.google.com\/store\/apps\/details?id=com.mizo.extreme.heavy.truck","packageID":"com.mizo.extreme.heavy.truck"},"showTemplate":1,"s2s_tracking_url":"https:\/\/play.google.com\/store\/apps\/details?id=com.mizo.extreme.heavy.truck","activeCreativeID":"85","scenes":["1","2","6","4","5","15"],"campaignAdType":"Interstitial","productId":"","purchaseBit":0,"licenseKey":""},{"campaignID":"78","attribution":0,"priority":"5","appToPromote":{"appToPromoteID":"1632","usesDefaultFrameImage":"1","usesDefaultCloseImage":"1","marketURL":"https:\/\/play.google.com\/store\/apps\/details?id=com.mizo.road.builder.city.construction","packageID":"com.mizo.road.builder.city.construction"},"showTemplate":1,"s2s_tracking_url":"https:\/\/play.google.com\/store\/apps\/details?id=com.mizo.road.builder.city.construction","activeCreativeID":"97","scenes":["1","2","6","4","5","15"],"campaignAdType":"Interstitial","productId":"","purchaseBit":0,"licenseKey":""},{"campaignID":"80","attribution":0,"priority":"5","appToPromote":{"appToPromoteID":"1675","usesDefaultFrameImage":"1","usesDefaultCloseImage":"1","marketURL":"https:\/\/play.google.com\/store\/apps\/details?id=com.mizo.flip.bottle.shooting.expert","packageID":"com.mizo.flip.bottle.shooting.expert"},"showTemplate":1,"s2s_tracking_url":"https:\/\/play.google.com\/store\/apps\/details?id=com.mizo.flip.bottle.shooting.expert","activeCreativeID":"100","scenes":["1","2","6","4","5","15"],"campaignAdType":"Interstitial","productId":"","purchaseBit":0,"licenseKey":""},{"campaignID":"110","attribution":0,"priority":"5","appToPromote":{"appToPromoteID":"1853","usesDefaultFrameImage":"1","usesDefaultCloseImage":"1","marketURL":"https:\/\/play.google.com\/store\/apps\/details?id=com.mizo.police.airplane.transporter","packageID":"com.mizo.police.airplane.transporter"},"showTemplate":1,"s2s_tracking_url":"https:\/\/play.google.com\/store\/apps\/details?id=com.mizo.police.airplane.transporter","activeCreativeID":"137","scenes":["1","2","6","4","5","15"],"campaignAdType":"Interstitial","productId":"","purchaseBit":0,"licenseKey":""},{"campaignID":"143","attribution":0,"priority":"5","appToPromote":{"appToPromoteID":"2089","usesDefaultFrameImage":"0","usesDefaultCloseImage":"0","marketURL":"https:\/\/play.google.com\/store\/apps\/details?id=com.mizo.sports.car.mechanic","packageID":"com.mizo.sports.car.mechanic"},"showTemplate":1,"s2s_tracking_url":"https:\/\/play.google.com\/store\/apps\/details?id=com.mizo.sports.car.mechanic","activeCreativeID":"184","scenes":["1","2","6","4","5","15"],"campaignAdType":"Interstitial","productId":"","purchaseBit":0,"licenseKey":""},{"campaignID":"147","attribution":0,"priority":"5","appToPromote":{"appToPromoteID":"2085","usesDefaultFrameImage":"0","usesDefaultCloseImage":"0","marketURL":"https:\/\/play.google.com\/store\/apps\/details?id=com.mizo.robot.gang.mafia","packageID":"com.mizo.robot.gang.mafia"},"showTemplate":1,"s2s_tracking_url":"https:\/\/play.google.com\/store\/apps\/details?id=com.mizo.robot.gang.mafia","activeCreativeID":"188","scenes":["1","2","6","4","5","15"],"campaignAdType":"Interstitial","productId":"","purchaseBit":0,"licenseKey":""}],"refreshAdRate":30,"mode":"Production","aspectRatio":"4_3","cdnPath":"https:\/\/df8ymybeo92md.cloudfront.net\/images\/","sentry_log":0,"local_logging":0,"sentry_dsn":"https:\/\/93ffa1c9a4124f67b8888a53265f751a:bbf998e04584477fa9a145838e9d3b26@sentry.io\/168994","sentry_initialization":1,"sentry_debugging":0,"bannerSizes":["1"],"aspectRatioVideo":"16_9","app_id":"1853","showPreRewardedDialogue":0,"showPostRewardedDialogue":0,"rewardCurrency":"coins","rewardValue":0,"isSkipable":1,"privacyPolicyURL":"https:\/\/www.consoliads.com\/privacy-policy\/","sessionToken":"FSmXEmmkXPpD5v9Pw4znF67La4J1nFQ5yM7FY2YSF+GRymQKBPLr36\/ZbSeHSiSlT80CqEC3S\/thp9sUcdCkSuUkfNdZZTnV0uXS0sXUwcQ6AbjgyTW5Me5ZaUS\/59o3vJA84LmLIhLQ3qj4A42re1BV\/LqasEo1VsTuV5Wws1A="}
Session token value is set


{"appKey":"3d9a2ad28f8f99beaf2e117d8d1c3ebb","deviceID":"7115","stats":[{"campaignID":96,"packageID":"com.rgs.offroad.police.monster.truck","sceneStats":[{"sceneID":"18","eventStats":"371,271,171,71,71,0,0"}]}],"sdkVersion":"39","sessionToken":"FSmXEmmkXPpD5v9Pw4znF67La4J1nFQ5yM7FY2YSF+GRymQKBPLr36\/ZbSeHSiSlT80CqEC3S\/thp9sUcdCkSuUkfNdZZTnV0uXS0sXUwcQ6AbjgyTW5Me5ZaUS\/59o3vJA84LmLIhLQ3qj4A42re1BV\/LqasEo1VsTuV5Wws1A="}
cache_ttl value is correct

Refresh Ad Rate value is correct
mode value is set

 Aspect ratio value is correct
sentry_log value is set
local_logging value is set
sentry_initialization value is set
sentry_debugging value is set
showPreRewardedDialogue value is set
showPostRewardedDialogue value is set
isSkipable value is set
{"cache_ttl":10080,"cache_ttl_rewarded":10080,"cache_ttl_banner":10080,"cache_ttl_native":10080,"cache_ttl_icon":10080,"refreshAdRate":30,"mode":"Production","aspectRatio":"4_3","cdnPath":"https:\/\/df8ymybeo92md.cloudfront.net\/images\/","sentry_log":0,"local_logging":0,"sentry_dsn":"https:\/\/93ffa1c9a4124f67b8888a53265f751a:bbf998e04584477fa9a145838e9d3b26@sentry.io\/168994","sentry_initialization":1,"sentry_debugging":0,"bannerSizes":[],"aspectRatioVideo":"16_9","app_id":"1921","showPreRewardedDialogue":0,"showPostRewardedDialogue":0,"rewardCurrency":"coins","rewardValue":0,"isSkipable":0,"privacyPolicyURL":"https:\/\/www.consoliads.com\/privacy-policy\/","sessionToken":"f6r3IDPfykjAVq+VUMM1HPVEIDvFWsg6uuhIjanI+PxPO0Jr+sSjCB9lcA3VRPUn53GvIVnn+O2mO1MMLJbbnXOmxPM0MDOguhh+7YqOH55ex2pWSZcSzWMiDttaT1JqscLK9YHwd+awMH0FCDu4gWm34x\/vMcrZfnACrNHLs68="}
Session token value is set


{"appKey":"3d9a2ad28f8f99beaf2e117d8d1c3ebb","deviceID":"5622","stats":[{"campaignID":384,"packageID":"com.rgs.offroad.police.monster.truck","sceneStats":[{"sceneID":"15","eventStats":"356,256,156,56,56,0,0"}]}],"sdkVersion":"39","sessionToken":"f6r3IDPfykjAVq+VUMM1HPVEIDvFWsg6uuhIjanI+PxPO0Jr+sSjCB9lcA3VRPUn53GvIVnn+O2mO1MMLJbbnXOmxPM0MDOguhh+7YqOH55ex2pWSZcSzWMiDttaT1JqscLK9YHwd+awMH0FCDu4gWm34x\/vMcrZfnACrNHLs68="}
cache_ttl value is correct

Refresh Ad Rate value is correct
mode value is set

 Aspect ratio value is correct
sentry_log value is set
local_logging value is set
sentry_initialization value is set
sentry_debugging value is set
showPreRewardedDialogue value is set
showPostRewardedDialogue value is set
isSkipable value is set
{"cache_ttl":10080,"cache_ttl_rewarded":10080,"cache_ttl_banner":10080,"cache_ttl_native":10080,"cache_ttl_icon":10080,"refreshAdRate":30,"mode":"Production","aspectRatio":"4_3","cdnPath":"https:\/\/df8ymybeo92md.cloudfront.net\/images\/","sentry_log":0,"local_logging":0,"sentry_dsn":"https:\/\/93ffa1c9a4124f67b8888a53265f751a:bbf998e04584477fa9a145838e9d3b26@sentry.io\/168994","sentry_initialization":1,"sentry_debugging":0,"bannerSizes":[],"aspectRatioVideo":"16_9","app_id":"1921","showPreRewardedDialogue":0,"showPostRewardedDialogue":0,"rewardCurrency":"coins","rewardValue":0,"isSkipable":0,"privacyPolicyURL":"https:\/\/www.consoliads.com\/privacy-policy\/","sessionToken":"+mk9rlyYsOZKJf\/p4Uyymt79YAwiD7F1MsgYpVh3oF\/XRCFPnrMlnGIn97FukVo5tPm0pgEqTHoQw6viOSRkiRn\/TkaE4U86OYmonjKlbsl4RAADvrQ0QJIgGu\/6xc8fv8LDLD9cRO+mtiw1EPzQY+z33mTR4\/\/HxPNQA5tF5nc="}
Session token value is set


{"appKey":"7108df607430ea0aa7197ebf957ab785","deviceID":"4128","stats":[{"campaignID":99,"packageID":"com.vg.crazy.car.rush.pro.taxi.driver","sceneStats":[{"sceneID":"11","eventStats":"341,241,141,41,41,0,0"}]}],"sdkVersion":"2163","sessionToken":"+mk9rlyYsOZKJf\/p4Uyymt79YAwiD7F1MsgYpVh3oF\/XRCFPnrMlnGIn97FukVo5tPm0pgEqTHoQw6viOSRkiRn\/TkaE4U86OYmonjKlbsl4RAADvrQ0QJIgGu\/6xc8fv8LDLD9cRO+mtiw1EPzQY+z33mTR4\/\/HxPNQA5tF5nc="}
cache_ttl value is correct

Refresh Ad Rate value is correct
mode value is set

 Aspect ratio value is correct
sentry_log value is set
local_logging value is set
sentry_initialization value is set
sentry_debugging value is set
showPreRewardedDialogue value is set
showPostRewardedDialogue value is set
isSkipable value is set
{"cache_ttl":10080,"cache_ttl_rewarded":10080,"cache_ttl_banner":10080,"cache_ttl_native":10080,"cache_ttl_icon":10080,"campaigns":[{"campaignID":"9384","attribution":0,"priority":"5","appToPromote":{"appToPromoteID":"13185","usesDefaultFrameImage":"0","usesDefaultCloseImage":"0","marketURL":"https:\/\/play.google.com\/store\/apps\/details?id=com.gamesarena.flying.bike.tricks.stunts&amp;referrer=utm_source=42matters.com&amp;utm_medium=api","packageID":"com.gamesarena.flying.bike.tricks.stunts"},"showTemplate":1,"s2s_tracking_url":"https:\/\/play.google.com\/store\/apps\/details?id=com.gamesarena.flying.bike.tricks.stunts&amp;referrer=utm_source=42matters.com&amp;utm_medium=api","activeCreativeID":"4829","scenes":["12","1","8","6","15","2","9"],"campaignAdType":"Interstitial","productId":"","purchaseBit":0,"licenseKey":""},{"campaignID":"9386","attribution":0,"priority":"5","appToPromote":{"appToPromoteID":"17764","usesDefaultFrameImage":"0","usesDefaultCloseImage":"0","marketURL":"https:\/\/play.google.com\/store\/apps\/details?id=com.visiblebody.atlas&amp;referrer=utm_source=42matters.com&amp;utm_medium=api","packageID":"com.gamesarena..test6324"},"showTemplate":1,"s2s_tracking_url":"https:\/\/play.google.com\/store\/apps\/details?id=com.visiblebody.atlas&amp;referrer=utm_source=42matters.com&amp;utm_medium=api","activeCreativeID":"4828","scenes":["12","1","8","6","15","2","9"],"campaignAdType":"Interstitial","productId":"","purchaseBit":0,"licenseKey":""},{"campaignID":"9389","attribution":0,"priority":"5","appToPromote":{"appToPromoteID":"13185","usesDefaultFrameImage":"0","usesDefaultCloseImage":"0","marketURL":"https:\/\/play.google.com\/store\/apps\/details?id=com.gamesarena.flying.bike.tricks.stunts&amp;referrer=utm_source=42matters.com&amp;utm_medium=api","packageID":"com.gamesarena.flying.bike.tricks.stunts"},"showTemplate":1,"s2s_tracking_url":"https:\/\/play.google.com\/store\/apps\/details?id=com.gamesarena.flying.bike.tricks.stunts&amp;referrer=utm_source=42matters.com&amp;utm_medium=api","activeCreativeID":"4829","scenes":["12","1","8","6","15","2","9"],"campaignAdType":"Interstitial","productId":"","purchaseBit":0,"licenseKey":""},{"campaignID":"9710","attribution":0,"priority":"5","appToPromote":{"appToPromoteID":"11385","usesDefaultFrameImage":"0","usesDefaultCloseImage":"0","marketURL":"https:\/\/play.google.com\/store\/apps\/details?id=com.play.io.car.mechanic.auto.repair.workshop","packageID":"com.play.io.car.mechanic.auto.repair.workshop"},"showTemplate":1,"s2s_tracking_url":"https:\/\/play.google.com\/store\/apps\/details?id=com.play.io.car.mechanic.auto.repair.workshop","activeCreativeID":"1309","scenes":["12","1","8","6","15","2","9"],"campaignAdType":"Video","productId":"","purchaseBit":0,"licenseKey":""},{"campaignID":"98","attribution":0,"priority":"5","appToPromote":{"appToPromoteID":"1937","usesDefaultFrameImage":"0","usesDefaultCloseImage":"0","marketURL":"https:\/\/play.google.com\/store\/apps\/details?id=com.gss.offroad.policetransporttruck","packageID":"com.gss.offroad.policetransporttruck"},"showTemplate":1,"s2s_tracking_url":"https:\/\/play.google.com\/store\/apps\/details?id=com.gss.offroad.policetransporttruck","activeCreativeID":"124","scenes":["12","1","8","6","15","2","9"],"campaignAdType":"Interstitial","productId":"","purchaseBit":0,"licenseKey":""},{"campaignID":"111","attribution":0,"priority":"5","appToPromote":{"appToPromoteID":"1969","usesDefaultFrameImage":"0","usesDefaultCloseImage":"0","marketURL":"https:\/\/play.google.com\/store\/apps\/details?id=com.vg.moto.airplane.transporter.police.plane","packageID":"com.vg.moto.airplane.transporter.police.plane"},"showTemplate":1,"s2s_tracking_url":"https:\/\/play.google.com\/store\/apps\/details?id=com.vg.moto.airplane.transporter.police.plane","activeCreativeID":"143","scenes":["12","1","8","6","15","2","9"],"campaignAdType":"Interstitial","productId":"","purchaseBit":0,"licenseKey":""},{"campaignID":"115","attribution":0,"priority":"5","appToPromote":{"appToPromoteID":"2018","usesDefaultFrameImage":"0","usesDefaultCloseImage":"0","marketURL":"https:\/\/play.google.com\/store\/apps\/details?id=com.tgp.multistorey.car.transporter.truck","packageID":"com.tgp.multistorey.car.transporter.truck"},"showTemplate":1,"s2s_tracking_url":"https:\/\/play.google.com\/store\/apps\/details?id=com.tgp.multistorey.car.transporter.truck","activeCreativeID":"149","scenes":["12","1","8","6","15","2","9"],"campaignAdType":"Interstitial","productId":"","purchaseBit":0,"licenseKey":""},{"campaignID":"139","attribution":0,"priority":"5","appToPromote":{"appToPromoteID":"2150","usesDefaultFrameImage":"0","usesDefaultCloseImage":"0","marketURL":"https:\/\/play.google.com\/store\/apps\/details?id=com.gss.traffic.rush.crazy.bike.rider","packageID":"com.gss.traffic.rush.crazy.bike.rider"},"showTemplate":1,"s2s_tracking_url":"https:\/\/play.google.com\/store\/apps\/details?id=com.gss.traffic.rush.crazy.bike.rider","activeCreativeID":"179","scenes":["12","1","8","6","15","2","9"],"campaignAdType":"Interstitial","productId":"","purchaseBit":0,"licenseKey":""},{"campaignID":"142","attribution":0,"priority":"5","appToPromote":{"appToPromoteID":"2164","usesDefaultFrameImage":"0","usesDefaultCloseImage":"0","marketURL":"https:\/\/play.google.com\/store\/apps\/details?id=com.vg.police.demolition.derby.crash.racing","packageID":"com.vg.police.demolition.derby.crash.racing"},"showTemplate":1,"s2s_tracking_url":"https:\/\/play.google.com\/store\/apps\/details?id=com.vg.police.demolition.derby.crash.racing","activeCreativeID":"182","scenes":["12","1","8","6","15","2","9"],"campaignAdType":"Interstitial","productId":"","purchaseBit":0,"licenseKey":""},{"campaignID":"146","attribution":0,"priority":"5","appToPromote":{"appToPromoteID":"2225","usesDefaultFrameImage":"0","usesDefaultCloseImage":"0","marketURL":"https:\/\/play.google.com\/store\/apps\/details?id=com.gss.offroad.policebiketransport","packageID":"com.gss.offroad.policebiketransport"},"showTemplate":1,"s2s_tracking_url":"https:\/\/play.google.com\/store\/apps\/details?id=com.gss.offroad.policebiketransport","activeCreativeID":"187","scenes":["12","1","8","6","15","2","9"],"campaignAdType":"Interstitial","productId":"","purchaseBit":0,"licenseKey":""},{"campaignID":"149","attribution":0,"priority":"5","appToPromote":{"appToPromoteID":"2224","usesDefaultFrameImage":"0","usesDefaultCloseImage":"0","marketURL":"https:\/\/play.google.com\/store\/apps\/details?id=com.vg.mega.city.construction.building.sim","packageID":"com.vg.mega.city.construction.building.sim"},"showTemplate":1,"s2s_tracking_url":"https:\/\/play.google.com\/store\/apps\/details?id=com.vg.mega.city.construction.building.sim","activeCreativeID":"191","scenes":["12","1","8","6","15","2","9"],"campaignAdType":"Interstitial","productId":"","purchaseBit":0,"licenseKey":""},{"campaignID":"150","attribution":0,"priority":"5","appToPromote":{"appToPromoteID":"2224","usesDefaultFrameImage":"0","usesDefaultCloseImage":"0","marketURL":"https:\/\/play.google.com\/store\/apps\/details?id=com.vg.mega.city.construction.building.sim","packageID":"com.vg.mega.city.construction.building.sim"},"showTemplate":1,"s2s_tracking_url":"https:\/\/play.google.com\/store\/apps\/details?id=com.vg.mega.city.construction.building.sim","activeCreativeID":"191","scenes":["12","1","8","6","15","2","9"],"campaignAdType":"Interstitial","productId":"","purchaseBit":0,"licenseKey":""},{"campaignID":"155","attribution":0,"priority":"5","appToPromote":{"appToPromoteID":"2226","usesDefaultFrameImage":"0","usesDefaultCloseImage":"0","marketURL":"https:\/\/play.google.com\/store\/apps\/details?id=com.gss.garage.workshop.carmehanic","packageID":"com.gss.garage.workshop.carmehanic"},"showTemplate":1,"s2s_tracking_url":"https:\/\/play.google.com\/store\/apps\/details?id=com.gss.garage.workshop.carmehanic","activeCreativeID":"197","scenes":["12","1","8","6","15","2","9"],"campaignAdType":"Interstitial","productId":"","purchaseBit":0,"licenseKey":""},{"campaignID":"156","attribution":0,"priority":"5","appToPromote":{"appToPromoteID":"2227","usesDefaultFrameImage":"0","usesDefaultCloseImage":"0","marketURL":"https:\/\/play.google.com\/store\/apps\/details?id=com.tgp.offroad.extreme.multi.cargotruck","packageID":"com.tgp.offroad.extreme.multi.cargotruck"},"showTemplate":1,"s2s_tracking_url":"https:\/\/play.google.com\/store\/apps\/details?id=com.tgp.offroad.extreme.multi.cargotruck","activeCreativeID":"198","scenes":["12","1","8","6","15","2","9"],"campaignAdType":"Interstitial","productId":"","purchaseBit":0,"licenseKey":""},{"campaignID":"163","attribution":0,"priority":"5","appToPromote":{"appToPromoteID":"2349","usesDefaultFrameImage":"0","usesDefaultCloseImage":"0","marketURL":"https:\/\/play.google.com\/store\/apps\/details?id=com.gss.city.war.survival.robothero","packageID":"com.gss.city.war.survival.robothero"},"showTemplate":1,"s2s_tracking_url":"https:\/\/play.google.com\/store\/apps\/details?id=com.gss.city.war.survival.robothero","activeCreativeID":"207","scenes":["12","1","8","6","15","2","9"],"campaignAdType":"Interstitial","productId":"","purchaseBit":0,"licenseKey":""},{"campaignID":"164","attribution":0,"priority":"5","appToPromote":{"appToPromoteID":"2350","usesDefaultFrameImage":"0","usesDefaultCloseImage":"0","marketURL":"https:\/\/play.google.com\/store\/apps\/details?id=com.tgp.car.robot.transport.truck","packageID":"com.tgp.car.robot.transport.truck"},"showTemplate":1,"s2s_tracking_url":"https:\/\/play.google.com\/store\/apps\/details?id=com.tgp.car.robot.transport.truck","activeCreativeID":"211","scenes":["12","1","8","6","15","2","9"],"campaignAdType":"Interstitial","productId":"","purchaseBit":0,"licenseKey":""},{"campaignID":"166","attribution":0,"priority":"5","appToPromote":{"appToPromoteID":"2273","usesDefaultFrameImage":"0","usesDefaultCloseImage":"0","marketURL":"https:\/\/play.google.com\/store\/apps\/details?id=com.gss.police.automechanic.repair.workshop","packageID":"com.gss.police.automechanic.repair.workshop"},"showTemplate":1,"s2s_tracking_url":"https:\/\/play.google.com\/store\/apps\/details?id=com.gss.police.automechanic.repair.workshop","activeCreativeID":"217","scenes":["12","1","8","6","15","2","9"],"campaignAdType":"Interstitial","productId":"","purchaseBit":0,"licenseKey":""},{"campaignID":"167","attribution":0,"priority":"5","appToPromote":{"appToPromoteID":"2348","usesDefaultFrameImage":"0","usesDefaultCloseImage":"0","marketURL":"https:\/\/play.google.com\/store\/apps\/details?id=com.vg.rollercoaster.crazy.tycoon.tour","packageID":"com.vg.rollercoaster.crazy.tycoon.tour"},"showTemplate":1,"s2s_tracking_url":"https:\/\/play.google.com\/store\/apps\/details?id=com.vg.rollercoaster.crazy.tycoon.tour","activeCreativeID":"218","scenes":["12","1","8","6","15","2","9"],"campaignAdType":"Interstitial","productId":"","purchaseBit":0,"licenseKey":""},{"campaignID":"214","attribution":0,"priority":"5","appToPromote":{"appToPromoteID":"2613","usesDefaultFrameImage":"0","usesDefaultCloseImage":"0","marketURL":"https:\/\/play.google.com\/store\/apps\/details?id=com.gss.robot.bike.transport.truck","packageID":"com.gss.robot.bike.transport.truck"},"showTemplate":1,"s2s_tracking_url":"https:\/\/play.google.com\/store\/apps\/details?id=com.gss.robot.bike.transport.truck","activeCreativeID":"295","scenes":["12","1","8","6","15","2","9"],"campaignAdType":"Interstitial","productId":"","purchaseBit":0,"licenseKey":""},{"campaignID":"303","attribution":0,"priority":"5","appToPromote":{"appToPromoteID":"2642","usesDefaultFrameImage":"0","usesDefaultCloseImage":"0","marketURL":"https:\/\/play.google.com\/store\/apps\/details?id=com.tgp.offroad.robot.transport.truck","packageID":"com.tgp.offroad.robot.transport.truck"},"showTemplate":1,"s2s_tracking_url":"https:\/\/play.google.com\/store\/apps\/details?id=com.tgp.offroad.robot.transport.truck","activeCreativeID":"310","scenes":["12","1","8","6","15","2","9"],"campaignAdType":"Interstitial","productId":"","purchaseBit":0,"licenseKey":""},{"campaignID":"358","attribution":0,"priority":"5","appToPromote":{"appToPromoteID":"2917","usesDefaultFrameImage":"0","usesDefaultCloseImage":"0","marketURL":"https:\/\/play.google.com\/store\/apps\/details?id=com.gamefeast.touristbus.highway.driver.sim","packageID":"com.gamefeast.touristbus.highway.driver.sim"},"showTemplate":1,"s2s_tracking_url":"https:\/\/play.google.com\/store\/apps\/details?id=com.gamefeast.touristbus.highway.driver.sim","activeCreativeID":"377","scenes":["12","1","8","6","15","2","9"],"campaignAdType":"Interstitial","productId":"","purchaseBit":0,"licenseKey":""},{"campaignID":"370","attribution":0,"priority":"5","appToPromote":{"appToPromoteID":"3065","usesDefaultFrameImage":"0","usesDefaultCloseImage":"0","marketURL":"https:\/\/play.google.com\/store\/apps\/details?id=com.gss.raft.survival.island.escape","packageID":"com.gss.raft.survival.island.escape"},"showTemplate":1,"s2s_tracking_url":"https:\/\/play.google.com\/store\/apps\/details?id=com.gss.raft.survival.island.escape","activeCreativeID":"391","scenes":["12","1","8","6","15","2","9"],"campaignAdType":"Interstitial","productId":"","purchaseBit":0,"licenseKey":""},{"campaignID":"371","attribution":0,"priority":"5","appToPromote":{"appToPromoteID":"3117","usesDefaultFrameImage":"0","usesDefaultCloseImage":"0","marketURL":"https:\/\/play.google.com\/store\/apps\/details?id=com.vg.fast.car.driver.furiousracing","packageID":"com.vg.fast.car.driver.furiousracing"},"showTemplate":1,"s2s_tracking_url":"https:\/\/play.google.com\/store\/apps\/details?id=com.vg.fast.car.driver.furiousracing","activeCreativeID":"392","scenes":["12","1","8","6","15","2","9"],"campaignAdType":"Interstitial","productId":"","purchaseBit":0,"licenseKey":""},{"campaignID":"372","attribution":0,"priority":"5","appToPromote":{"appToPromoteID":"2938","usesDefaultFrameImage":"0","usesDefaultCloseImage":"0","marketURL":"https:\/\/play.google.com\/store\/apps\/details?id=com.tgp.offroad.us.army.transport","packageID":"com.tgp.offroad.us.army.transport"},"showTemplate":1,"s2s_tracking_url":"https:\/\/play.google.com\/store\/apps\/details?id=com.tgp.offroad.us.army.transport","activeCreativeID":"393","scenes":["12","1","8","6","15","2","9"],"campaignAdType":"Interstitial","productId":"","purchaseBit":0,"licenseKey":""},{"campaignID":"396","attribution":0,"priority":"5","appToPromote":{"appToPromoteID":"3019","usesDefaultFrameImage":"0","usesDefaultCloseImage":"0","marketURL":"https:\/\/play.google.com\/store\/apps\/details?id=com.gss.robot.car.transport.truck","packageID":"com.gss.robot.car.transport.truck"},"showTemplate":1,"s2s_tracking_url":"https:\/\/play.google.com\/store\/apps\/details?id=com.gss.robot.car.transport.truck","activeCreativeID":"420","scenes":["12","1","8","6","15","2","9"],"campaignAdType":"Interstitial","productId":"","purchaseBit":0,"licenseKey":""}],"refreshAdRate":30,"mode":"Production","aspectRatio":"4_3","cdnPath":"https:\/\/df8ymybeo92md.cloudfront.net\/images\/","sentry_log":0,"local_logging":0,"sentry_dsn":"https:\/\/93ffa1c9a4124f67b8888a53265f751a:bbf998e04584477fa9a145838e9d3b26@sentry.io\/168994","sentry_initialization":1,"sentry_debugging":0,"bannerSizes":["1"],"aspectRatioVideo":"16_9","app_id":"1936","showPreRewardedDialogue":0,"showPostRewardedDialogue":0,"rewardCurrency":"coins","rewardValue":0,"isSkipable":1,"privacyPolicyURL":"https:\/\/www.consoliads.com\/privacy-policy\/","sessionToken":"6dTKlXQdecBJC8Mr2XP7uBMg2sfaogm8gEh875DZIXIyFZrLnLw+DkrCB6EMSDhnoXDtARbbaORA3sGRVjZ3\/RRJrxa8Zs7XNHiSpFdixcLLF\/AUeLc578nS39cqB2PBiPx5l8hIuWby+VFltDoYZPVg5ABMyGY+hxaPxjRuRlk="}
Session token value is set


{"appKey":"7108df607430ea0aa7197ebf957ab785","deviceID":"7444","stats":[{"campaignID":7750,"packageID":"com.vg.crazy.car.rush.pro.taxi.driver","sceneStats":[{"sceneID":"19","eventStats":"374,274,174,74,74,0,0"}]}],"sdkVersion":"2163","sessionToken":"6dTKlXQdecBJC8Mr2XP7uBMg2sfaogm8gEh875DZIXIyFZrLnLw+DkrCB6EMSDhnoXDtARbbaORA3sGRVjZ3\/RRJrxa8Zs7XNHiSpFdixcLLF\/AUeLc578nS39cqB2PBiPx5l8hIuWby+VFltDoYZPVg5ABMyGY+hxaPxjRuRlk="}
cache_ttl value is correct

Refresh Ad Rate value is correct
mode value is set

 Aspect ratio value is correct
sentry_log value is set
local_logging value is set
sentry_initialization value is set
sentry_debugging value is set
showPreRewardedDialogue value is set
showPostRewardedDialogue value is set
isSkipable value is set
{"cache_ttl":10080,"cache_ttl_rewarded":10080,"cache_ttl_banner":10080,"cache_ttl_native":10080,"cache_ttl_icon":10080,"campaigns":[{"campaignID":"9384","attribution":0,"priority":"5","appToPromote":{"appToPromoteID":"13185","usesDefaultFrameImage":"0","usesDefaultCloseImage":"0","marketURL":"https:\/\/play.google.com\/store\/apps\/details?id=com.gamesarena.flying.bike.tricks.stunts&amp;referrer=utm_source=42matters.com&amp;utm_medium=api","packageID":"com.gamesarena.flying.bike.tricks.stunts"},"showTemplate":1,"s2s_tracking_url":"https:\/\/play.google.com\/store\/apps\/details?id=com.gamesarena.flying.bike.tricks.stunts&amp;referrer=utm_source=42matters.com&amp;utm_medium=api","activeCreativeID":"4829","scenes":["12","1","8","6","15","2","9"],"campaignAdType":"Interstitial","productId":"","purchaseBit":0,"licenseKey":""},{"campaignID":"9386","attribution":0,"priority":"5","appToPromote":{"appToPromoteID":"17764","usesDefaultFrameImage":"0","usesDefaultCloseImage":"0","marketURL":"https:\/\/play.google.com\/store\/apps\/details?id=com.visiblebody.atlas&amp;referrer=utm_source=42matters.com&amp;utm_medium=api","packageID":"com.gamesarena..test6324"},"showTemplate":1,"s2s_tracking_url":"https:\/\/play.google.com\/store\/apps\/details?id=com.visiblebody.atlas&amp;referrer=utm_source=42matters.com&amp;utm_medium=api","activeCreativeID":"4828","scenes":["12","1","8","6","15","2","9"],"campaignAdType":"Interstitial","productId":"","purchaseBit":0,"licenseKey":""},{"campaignID":"9389","attribution":0,"priority":"5","appToPromote":{"appToPromoteID":"13185","usesDefaultFrameImage":"0","usesDefaultCloseImage":"0","marketURL":"https:\/\/play.google.com\/store\/apps\/details?id=com.gamesarena.flying.bike.tricks.stunts&amp;referrer=utm_source=42matters.com&amp;utm_medium=api","packageID":"com.gamesarena.flying.bike.tricks.stunts"},"showTemplate":1,"s2s_tracking_url":"https:\/\/play.google.com\/store\/apps\/details?id=com.gamesarena.flying.bike.tricks.stunts&amp;referrer=utm_source=42matters.com&amp;utm_medium=api","activeCreativeID":"4829","scenes":["12","1","8","6","15","2","9"],"campaignAdType":"Interstitial","productId":"","purchaseBit":0,"licenseKey":""},{"campaignID":"9710","attribution":0,"priority":"5","appToPromote":{"appToPromoteID":"11385","usesDefaultFrameImage":"0","usesDefaultCloseImage":"0","marketURL":"https:\/\/play.google.com\/store\/apps\/details?id=com.play.io.car.mechanic.auto.repair.workshop","packageID":"com.play.io.car.mechanic.auto.repair.workshop"},"showTemplate":1,"s2s_tracking_url":"https:\/\/play.google.com\/store\/apps\/details?id=com.play.io.car.mechanic.auto.repair.workshop","activeCreativeID":"1309","scenes":["12","1","8","6","15","2","9"],"campaignAdType":"Video","productId":"","purchaseBit":0,"licenseKey":""},{"campaignID":"98","attribution":0,"priority":"5","appToPromote":{"appToPromoteID":"1937","usesDefaultFrameImage":"0","usesDefaultCloseImage":"0","marketURL":"https:\/\/play.google.com\/store\/apps\/details?id=com.gss.offroad.policetransporttruck","packageID":"com.gss.offroad.policetransporttruck"},"showTemplate":1,"s2s_tracking_url":"https:\/\/play.google.com\/store\/apps\/details?id=com.gss.offroad.policetransporttruck","activeCreativeID":"124","scenes":["12","1","8","6","15","2","9"],"campaignAdType":"Interstitial","productId":"","purchaseBit":0,"licenseKey":""},{"campaignID":"111","attribution":0,"priority":"5","appToPromote":{"appToPromoteID":"1969","usesDefaultFrameImage":"0","usesDefaultCloseImage":"0","marketURL":"https:\/\/play.google.com\/store\/apps\/details?id=com.vg.moto.airplane.transporter.police.plane","packageID":"com.vg.moto.airplane.transporter.police.plane"},"showTemplate":1,"s2s_tracking_url":"https:\/\/play.google.com\/store\/apps\/details?id=com.vg.moto.airplane.transporter.police.plane","activeCreativeID":"143","scenes":["12","1","8","6","15","2","9"],"campaignAdType":"Interstitial","productId":"","purchaseBit":0,"licenseKey":""},{"campaignID":"115","attribution":0,"priority":"5","appToPromote":{"appToPromoteID":"2018","usesDefaultFrameImage":"0","usesDefaultCloseImage":"0","marketURL":"https:\/\/play.google.com\/store\/apps\/details?id=com.tgp.multistorey.car.transporter.truck","packageID":"com.tgp.multistorey.car.transporter.truck"},"showTemplate":1,"s2s_tracking_url":"https:\/\/play.google.com\/store\/apps\/details?id=com.tgp.multistorey.car.transporter.truck","activeCreativeID":"149","scenes":["12","1","8","6","15","2","9"],"campaignAdType":"Interstitial","productId":"","purchaseBit":0,"licenseKey":""},{"campaignID":"139","attribution":0,"priority":"5","appToPromote":{"appToPromoteID":"2150","usesDefaultFrameImage":"0","usesDefaultCloseImage":"0","marketURL":"https:\/\/play.google.com\/store\/apps\/details?id=com.gss.traffic.rush.crazy.bike.rider","packageID":"com.gss.traffic.rush.crazy.bike.rider"},"showTemplate":1,"s2s_tracking_url":"https:\/\/play.google.com\/store\/apps\/details?id=com.gss.traffic.rush.crazy.bike.rider","activeCreativeID":"179","scenes":["12","1","8","6","15","2","9"],"campaignAdType":"Interstitial","productId":"","purchaseBit":0,"licenseKey":""},{"campaignID":"142","attribution":0,"priority":"5","appToPromote":{"appToPromoteID":"2164","usesDefaultFrameImage":"0","usesDefaultCloseImage":"0","marketURL":"https:\/\/play.google.com\/store\/apps\/details?id=com.vg.police.demolition.derby.crash.racing","packageID":"com.vg.police.demolition.derby.crash.racing"},"showTemplate":1,"s2s_tracking_url":"https:\/\/play.google.com\/store\/apps\/details?id=com.vg.police.demolition.derby.crash.racing","activeCreativeID":"182","scenes":["12","1","8","6","15","2","9"],"campaignAdType":"Interstitial","productId":"","purchaseBit":0,"licenseKey":""},{"campaignID":"146","attribution":0,"priority":"5","appToPromote":{"appToPromoteID":"2225","usesDefaultFrameImage":"0","usesDefaultCloseImage":"0","marketURL":"https:\/\/play.google.com\/store\/apps\/details?id=com.gss.offroad.policebiketransport","packageID":"com.gss.offroad.policebiketransport"},"showTemplate":1,"s2s_tracking_url":"https:\/\/play.google.com\/store\/apps\/details?id=com.gss.offroad.policebiketransport","activeCreativeID":"187","scenes":["12","1","8","6","15","2","9"],"campaignAdType":"Interstitial","productId":"","purchaseBit":0,"licenseKey":""},{"campaignID":"149","attribution":0,"priority":"5","appToPromote":{"appToPromoteID":"2224","usesDefaultFrameImage":"0","usesDefaultCloseImage":"0","marketURL":"https:\/\/play.google.com\/store\/apps\/details?id=com.vg.mega.city.construction.building.sim","packageID":"com.vg.mega.city.construction.building.sim"},"showTemplate":1,"s2s_tracking_url":"https:\/\/play.google.com\/store\/apps\/details?id=com.vg.mega.city.construction.building.sim","activeCreativeID":"191","scenes":["12","1","8","6","15","2","9"],"campaignAdType":"Interstitial","productId":"","purchaseBit":0,"licenseKey":""},{"campaignID":"150","attribution":0,"priority":"5","appToPromote":{"appToPromoteID":"2224","usesDefaultFrameImage":"0","usesDefaultCloseImage":"0","marketURL":"https:\/\/play.google.com\/store\/apps\/details?id=com.vg.mega.city.construction.building.sim","packageID":"com.vg.mega.city.construction.building.sim"},"showTemplate":1,"s2s_tracking_url":"https:\/\/play.google.com\/store\/apps\/details?id=com.vg.mega.city.construction.building.sim","activeCreativeID":"191","scenes":["12","1","8","6","15","2","9"],"campaignAdType":"Interstitial","productId":"","purchaseBit":0,"licenseKey":""},{"campaignID":"155","attribution":0,"priority":"5","appToPromote":{"appToPromoteID":"2226","usesDefaultFrameImage":"0","usesDefaultCloseImage":"0","marketURL":"https:\/\/play.google.com\/store\/apps\/details?id=com.gss.garage.workshop.carmehanic","packageID":"com.gss.garage.workshop.carmehanic"},"showTemplate":1,"s2s_tracking_url":"https:\/\/play.google.com\/store\/apps\/details?id=com.gss.garage.workshop.carmehanic","activeCreativeID":"197","scenes":["12","1","8","6","15","2","9"],"campaignAdType":"Interstitial","productId":"","purchaseBit":0,"licenseKey":""},{"campaignID":"156","attribution":0,"priority":"5","appToPromote":{"appToPromoteID":"2227","usesDefaultFrameImage":"0","usesDefaultCloseImage":"0","marketURL":"https:\/\/play.google.com\/store\/apps\/details?id=com.tgp.offroad.extreme.multi.cargotruck","packageID":"com.tgp.offroad.extreme.multi.cargotruck"},"showTemplate":1,"s2s_tracking_url":"https:\/\/play.google.com\/store\/apps\/details?id=com.tgp.offroad.extreme.multi.cargotruck","activeCreativeID":"198","scenes":["12","1","8","6","15","2","9"],"campaignAdType":"Interstitial","productId":"","purchaseBit":0,"licenseKey":""},{"campaignID":"163","attribution":0,"priority":"5","appToPromote":{"appToPromoteID":"2349","usesDefaultFrameImage":"0","usesDefaultCloseImage":"0","marketURL":"https:\/\/play.google.com\/store\/apps\/details?id=com.gss.city.war.survival.robothero","packageID":"com.gss.city.war.survival.robothero"},"showTemplate":1,"s2s_tracking_url":"https:\/\/play.google.com\/store\/apps\/details?id=com.gss.city.war.survival.robothero","activeCreativeID":"207","scenes":["12","1","8","6","15","2","9"],"campaignAdType":"Interstitial","productId":"","purchaseBit":0,"licenseKey":""},{"campaignID":"164","attribution":0,"priority":"5","appToPromote":{"appToPromoteID":"2350","usesDefaultFrameImage":"0","usesDefaultCloseImage":"0","marketURL":"https:\/\/play.google.com\/store\/apps\/details?id=com.tgp.car.robot.transport.truck","packageID":"com.tgp.car.robot.transport.truck"},"showTemplate":1,"s2s_tracking_url":"https:\/\/play.google.com\/store\/apps\/details?id=com.tgp.car.robot.transport.truck","activeCreativeID":"211","scenes":["12","1","8","6","15","2","9"],"campaignAdType":"Interstitial","productId":"","purchaseBit":0,"licenseKey":""},{"campaignID":"166","attribution":0,"priority":"5","appToPromote":{"appToPromoteID":"2273","usesDefaultFrameImage":"0","usesDefaultCloseImage":"0","marketURL":"https:\/\/play.google.com\/store\/apps\/details?id=com.gss.police.automechanic.repair.workshop","packageID":"com.gss.police.automechanic.repair.workshop"},"showTemplate":1,"s2s_tracking_url":"https:\/\/play.google.com\/store\/apps\/details?id=com.gss.police.automechanic.repair.workshop","activeCreativeID":"217","scenes":["12","1","8","6","15","2","9"],"campaignAdType":"Interstitial","productId":"","purchaseBit":0,"licenseKey":""},{"campaignID":"167","attribution":0,"priority":"5","appToPromote":{"appToPromoteID":"2348","usesDefaultFrameImage":"0","usesDefaultCloseImage":"0","marketURL":"https:\/\/play.google.com\/store\/apps\/details?id=com.vg.rollercoaster.crazy.tycoon.tour","packageID":"com.vg.rollercoaster.crazy.tycoon.tour"},"showTemplate":1,"s2s_tracking_url":"https:\/\/play.google.com\/store\/apps\/details?id=com.vg.rollercoaster.crazy.tycoon.tour","activeCreativeID":"218","scenes":["12","1","8","6","15","2","9"],"campaignAdType":"Interstitial","productId":"","purchaseBit":0,"licenseKey":""},{"campaignID":"214","attribution":0,"priority":"5","appToPromote":{"appToPromoteID":"2613","usesDefaultFrameImage":"0","usesDefaultCloseImage":"0","marketURL":"https:\/\/play.google.com\/store\/apps\/details?id=com.gss.robot.bike.transport.truck","packageID":"com.gss.robot.bike.transport.truck"},"showTemplate":1,"s2s_tracking_url":"https:\/\/play.google.com\/store\/apps\/details?id=com.gss.robot.bike.transport.truck","activeCreativeID":"295","scenes":["12","1","8","6","15","2","9"],"campaignAdType":"Interstitial","productId":"","purchaseBit":0,"licenseKey":""},{"campaignID":"303","attribution":0,"priority":"5","appToPromote":{"appToPromoteID":"2642","usesDefaultFrameImage":"0","usesDefaultCloseImage":"0","marketURL":"https:\/\/play.google.com\/store\/apps\/details?id=com.tgp.offroad.robot.transport.truck","packageID":"com.tgp.offroad.robot.transport.truck"},"showTemplate":1,"s2s_tracking_url":"https:\/\/play.google.com\/store\/apps\/details?id=com.tgp.offroad.robot.transport.truck","activeCreativeID":"310","scenes":["12","1","8","6","15","2","9"],"campaignAdType":"Interstitial","productId":"","purchaseBit":0,"licenseKey":""},{"campaignID":"358","attribution":0,"priority":"5","appToPromote":{"appToPromoteID":"2917","usesDefaultFrameImage":"0","usesDefaultCloseImage":"0","marketURL":"https:\/\/play.google.com\/store\/apps\/details?id=com.gamefeast.touristbus.highway.driver.sim","packageID":"com.gamefeast.touristbus.highway.driver.sim"},"showTemplate":1,"s2s_tracking_url":"https:\/\/play.google.com\/store\/apps\/details?id=com.gamefeast.touristbus.highway.driver.sim","activeCreativeID":"377","scenes":["12","1","8","6","15","2","9"],"campaignAdType":"Interstitial","productId":"","purchaseBit":0,"licenseKey":""},{"campaignID":"370","attribution":0,"priority":"5","appToPromote":{"appToPromoteID":"3065","usesDefaultFrameImage":"0","usesDefaultCloseImage":"0","marketURL":"https:\/\/play.google.com\/store\/apps\/details?id=com.gss.raft.survival.island.escape","packageID":"com.gss.raft.survival.island.escape"},"showTemplate":1,"s2s_tracking_url":"https:\/\/play.google.com\/store\/apps\/details?id=com.gss.raft.survival.island.escape","activeCreativeID":"391","scenes":["12","1","8","6","15","2","9"],"campaignAdType":"Interstitial","productId":"","purchaseBit":0,"licenseKey":""},{"campaignID":"371","attribution":0,"priority":"5","appToPromote":{"appToPromoteID":"3117","usesDefaultFrameImage":"0","usesDefaultCloseImage":"0","marketURL":"https:\/\/play.google.com\/store\/apps\/details?id=com.vg.fast.car.driver.furiousracing","packageID":"com.vg.fast.car.driver.furiousracing"},"showTemplate":1,"s2s_tracking_url":"https:\/\/play.google.com\/store\/apps\/details?id=com.vg.fast.car.driver.furiousracing","activeCreativeID":"392","scenes":["12","1","8","6","15","2","9"],"campaignAdType":"Interstitial","productId":"","purchaseBit":0,"licenseKey":""},{"campaignID":"372","attribution":0,"priority":"5","appToPromote":{"appToPromoteID":"2938","usesDefaultFrameImage":"0","usesDefaultCloseImage":"0","marketURL":"https:\/\/play.google.com\/store\/apps\/details?id=com.tgp.offroad.us.army.transport","packageID":"com.tgp.offroad.us.army.transport"},"showTemplate":1,"s2s_tracking_url":"https:\/\/play.google.com\/store\/apps\/details?id=com.tgp.offroad.us.army.transport","activeCreativeID":"393","scenes":["12","1","8","6","15","2","9"],"campaignAdType":"Interstitial","productId":"","purchaseBit":0,"licenseKey":""},{"campaignID":"396","attribution":0,"priority":"5","appToPromote":{"appToPromoteID":"3019","usesDefaultFrameImage":"0","usesDefaultCloseImage":"0","marketURL":"https:\/\/play.google.com\/store\/apps\/details?id=com.gss.robot.car.transport.truck","packageID":"com.gss.robot.car.transport.truck"},"showTemplate":1,"s2s_tracking_url":"https:\/\/play.google.com\/store\/apps\/details?id=com.gss.robot.car.transport.truck","activeCreativeID":"420","scenes":["12","1","8","6","15","2","9"],"campaignAdType":"Interstitial","productId":"","purchaseBit":0,"licenseKey":""}],"refreshAdRate":30,"mode":"Production","aspectRatio":"4_3","cdnPath":"https:\/\/df8ymybeo92md.cloudfront.net\/images\/","sentry_log":0,"local_logging":0,"sentry_dsn":"https:\/\/93ffa1c9a4124f67b8888a53265f751a:bbf998e04584477fa9a145838e9d3b26@sentry.io\/168994","sentry_initialization":1,"sentry_debugging":0,"bannerSizes":["1"],"aspectRatioVideo":"16_9","app_id":"1936","showPreRewardedDialogue":0,"showPostRewardedDialogue":0,"rewardCurrency":"coins","rewardValue":0,"isSkipable":1,"privacyPolicyURL":"https:\/\/www.consoliads.com\/privacy-policy\/","sessionToken":"1uaEPVPgSndW8Uu6EKK+BpU+j0HWu2hzSuZcTFbU9TSxMG5P1Hm8vNyplMb3e0Vyo4cYTRyBQ+Yla1xgyj6g6GCGZciyZdPe2mbfPMx+5Lc0tdQNUzNz3i3gu0t83v7nHT9MoiOjaCdtOISxPbCkFI4UQvgbFSAtGRXbBBBHEss="}
Session token value is set


{"appKey":"b6cf3bbc179e3b767025729170fbb3cf","deviceID":"7172","stats":[{"campaignID":98,"packageID":"com.gss.offroad.policetransporttruck","sceneStats":[{"sceneID":"18","eventStats":"372,272,172,72,72,0,0"}]}],"sdkVersion":"2163","sessionToken":"1uaEPVPgSndW8Uu6EKK+BpU+j0HWu2hzSuZcTFbU9TSxMG5P1Hm8vNyplMb3e0Vyo4cYTRyBQ+Yla1xgyj6g6GCGZciyZdPe2mbfPMx+5Lc0tdQNUzNz3i3gu0t83v7nHT9MoiOjaCdtOISxPbCkFI4UQvgbFSAtGRXbBBBHEss="}
cache_ttl value is correct

Refresh Ad Rate value is correct
mode value is set

 Aspect ratio value is correct
sentry_log value is set
local_logging value is set
sentry_initialization value is set
sentry_debugging value is set
showPreRewardedDialogue value is set
showPostRewardedDialogue value is set
isSkipable value is set
{"cache_ttl":10080,"cache_ttl_rewarded":10080,"cache_ttl_banner":10080,"cache_ttl_native":10080,"cache_ttl_icon":10080,"campaigns":[{"campaignID":"9384","attribution":0,"priority":"5","appToPromote":{"appToPromoteID":"13185","usesDefaultFrameImage":"0","usesDefaultCloseImage":"0","marketURL":"https:\/\/play.google.com\/store\/apps\/details?id=com.gamesarena.flying.bike.tricks.stunts&amp;referrer=utm_source=42matters.com&amp;utm_medium=api","packageID":"com.gamesarena.flying.bike.tricks.stunts"},"showTemplate":1,"s2s_tracking_url":"https:\/\/play.google.com\/store\/apps\/details?id=com.gamesarena.flying.bike.tricks.stunts&amp;referrer=utm_source=42matters.com&amp;utm_medium=api","activeCreativeID":"4829","scenes":["12","1","8","6","15","2"],"campaignAdType":"Interstitial","productId":"","purchaseBit":0,"licenseKey":""},{"campaignID":"9386","attribution":0,"priority":"5","appToPromote":{"appToPromoteID":"17764","usesDefaultFrameImage":"0","usesDefaultCloseImage":"0","marketURL":"https:\/\/play.google.com\/store\/apps\/details?id=com.visiblebody.atlas&amp;referrer=utm_source=42matters.com&amp;utm_medium=api","packageID":"com.gamesarena..test6324"},"showTemplate":1,"s2s_tracking_url":"https:\/\/play.google.com\/store\/apps\/details?id=com.visiblebody.atlas&amp;referrer=utm_source=42matters.com&amp;utm_medium=api","activeCreativeID":"4828","scenes":["12","1","8","6","15","2"],"campaignAdType":"Interstitial","productId":"","purchaseBit":0,"licenseKey":""},{"campaignID":"9389","attribution":0,"priority":"5","appToPromote":{"appToPromoteID":"13185","usesDefaultFrameImage":"0","usesDefaultCloseImage":"0","marketURL":"https:\/\/play.google.com\/store\/apps\/details?id=com.gamesarena.flying.bike.tricks.stunts&amp;referrer=utm_source=42matters.com&amp;utm_medium=api","packageID":"com.gamesarena.flying.bike.tricks.stunts"},"showTemplate":1,"s2s_tracking_url":"https:\/\/play.google.com\/store\/apps\/details?id=com.gamesarena.flying.bike.tricks.stunts&amp;referrer=utm_source=42matters.com&amp;utm_medium=api","activeCreativeID":"4829","scenes":["12","1","8","6","15","2"],"campaignAdType":"Interstitial","productId":"","purchaseBit":0,"licenseKey":""},{"campaignID":"9710","attribution":0,"priority":"5","appToPromote":{"appToPromoteID":"11385","usesDefaultFrameImage":"0","usesDefaultCloseImage":"0","marketURL":"https:\/\/play.google.com\/store\/apps\/details?id=com.play.io.car.mechanic.auto.repair.workshop","packageID":"com.play.io.car.mechanic.auto.repair.workshop"},"showTemplate":1,"s2s_tracking_url":"https:\/\/play.google.com\/store\/apps\/details?id=com.play.io.car.mechanic.auto.repair.workshop","activeCreativeID":"1309","scenes":["12","1","8","6","15","2"],"campaignAdType":"Video","productId":"","purchaseBit":0,"licenseKey":""},{"campaignID":"111","attribution":0,"priority":"5","appToPromote":{"appToPromoteID":"1969","usesDefaultFrameImage":"0","usesDefaultCloseImage":"0","marketURL":"https:\/\/play.google.com\/store\/apps\/details?id=com.vg.moto.airplane.transporter.police.plane","packageID":"com.vg.moto.airplane.transporter.police.plane"},"showTemplate":1,"s2s_tracking_url":"https:\/\/play.google.com\/store\/apps\/details?id=com.vg.moto.airplane.transporter.police.plane","activeCreativeID":"143","scenes":["12","1","8","6","15","2"],"campaignAdType":"Interstitial","productId":"","purchaseBit":0,"licenseKey":""},{"campaignID":"115","attribution":0,"priority":"5","appToPromote":{"appToPromoteID":"2018","usesDefaultFrameImage":"0","usesDefaultCloseImage":"0","marketURL":"https:\/\/play.google.com\/store\/apps\/details?id=com.tgp.multistorey.car.transporter.truck","packageID":"com.tgp.multistorey.car.transporter.truck"},"showTemplate":1,"s2s_tracking_url":"https:\/\/play.google.com\/store\/apps\/details?id=com.tgp.multistorey.car.transporter.truck","activeCreativeID":"149","scenes":["12","1","8","6","15","2"],"campaignAdType":"Interstitial","productId":"","purchaseBit":0,"licenseKey":""},{"campaignID":"139","attribution":0,"priority":"5","appToPromote":{"appToPromoteID":"2150","usesDefaultFrameImage":"0","usesDefaultCloseImage":"0","marketURL":"https:\/\/play.google.com\/store\/apps\/details?id=com.gss.traffic.rush.crazy.bike.rider","packageID":"com.gss.traffic.rush.crazy.bike.rider"},"showTemplate":1,"s2s_tracking_url":"https:\/\/play.google.com\/store\/apps\/details?id=com.gss.traffic.rush.crazy.bike.rider","activeCreativeID":"179","scenes":["12","1","8","6","15","2"],"campaignAdType":"Interstitial","productId":"","purchaseBit":0,"licenseKey":""},{"campaignID":"142","attribution":0,"priority":"5","appToPromote":{"appToPromoteID":"2164","usesDefaultFrameImage":"0","usesDefaultCloseImage":"0","marketURL":"https:\/\/play.google.com\/store\/apps\/details?id=com.vg.police.demolition.derby.crash.racing","packageID":"com.vg.police.demolition.derby.crash.racing"},"showTemplate":1,"s2s_tracking_url":"https:\/\/play.google.com\/store\/apps\/details?id=com.vg.police.demolition.derby.crash.racing","activeCreativeID":"182","scenes":["12","1","8","6","15","2"],"campaignAdType":"Interstitial","productId":"","purchaseBit":0,"licenseKey":""},{"campaignID":"146","attribution":0,"priority":"5","appToPromote":{"appToPromoteID":"2225","usesDefaultFrameImage":"0","usesDefaultCloseImage":"0","marketURL":"https:\/\/play.google.com\/store\/apps\/details?id=com.gss.offroad.policebiketransport","packageID":"com.gss.offroad.policebiketransport"},"showTemplate":1,"s2s_tracking_url":"https:\/\/play.google.com\/store\/apps\/details?id=com.gss.offroad.policebiketransport","activeCreativeID":"187","scenes":["12","1","8","6","15","2"],"campaignAdType":"Interstitial","productId":"","purchaseBit":0,"licenseKey":""},{"campaignID":"149","attribution":0,"priority":"5","appToPromote":{"appToPromoteID":"2224","usesDefaultFrameImage":"0","usesDefaultCloseImage":"0","marketURL":"https:\/\/play.google.com\/store\/apps\/details?id=com.vg.mega.city.construction.building.sim","packageID":"com.vg.mega.city.construction.building.sim"},"showTemplate":1,"s2s_tracking_url":"https:\/\/play.google.com\/store\/apps\/details?id=com.vg.mega.city.construction.building.sim","activeCreativeID":"191","scenes":["12","1","8","6","15","2"],"campaignAdType":"Interstitial","productId":"","purchaseBit":0,"licenseKey":""},{"campaignID":"150","attribution":0,"priority":"5","appToPromote":{"appToPromoteID":"2224","usesDefaultFrameImage":"0","usesDefaultCloseImage":"0","marketURL":"https:\/\/play.google.com\/store\/apps\/details?id=com.vg.mega.city.construction.building.sim","packageID":"com.vg.mega.city.construction.building.sim"},"showTemplate":1,"s2s_tracking_url":"https:\/\/play.google.com\/store\/apps\/details?id=com.vg.mega.city.construction.building.sim","activeCreativeID":"191","scenes":["12","1","8","6","15","2"],"campaignAdType":"Interstitial","productId":"","purchaseBit":0,"licenseKey":""},{"campaignID":"155","attribution":0,"priority":"5","appToPromote":{"appToPromoteID":"2226","usesDefaultFrameImage":"0","usesDefaultCloseImage":"0","marketURL":"https:\/\/play.google.com\/store\/apps\/details?id=com.gss.garage.workshop.carmehanic","packageID":"com.gss.garage.workshop.carmehanic"},"showTemplate":1,"s2s_tracking_url":"https:\/\/play.google.com\/store\/apps\/details?id=com.gss.garage.workshop.carmehanic","activeCreativeID":"197","scenes":["12","1","8","6","15","2"],"campaignAdType":"Interstitial","productId":"","purchaseBit":0,"licenseKey":""},{"campaignID":"156","attribution":0,"priority":"5","appToPromote":{"appToPromoteID":"2227","usesDefaultFrameImage":"0","usesDefaultCloseImage":"0","marketURL":"https:\/\/play.google.com\/store\/apps\/details?id=com.tgp.offroad.extreme.multi.cargotruck","packageID":"com.tgp.offroad.extreme.multi.cargotruck"},"showTemplate":1,"s2s_tracking_url":"https:\/\/play.google.com\/store\/apps\/details?id=com.tgp.offroad.extreme.multi.cargotruck","activeCreativeID":"198","scenes":["12","1","8","6","15","2"],"campaignAdType":"Interstitial","productId":"","purchaseBit":0,"licenseKey":""},{"campaignID":"163","attribution":0,"priority":"5","appToPromote":{"appToPromoteID":"2349","usesDefaultFrameImage":"0","usesDefaultCloseImage":"0","marketURL":"https:\/\/play.google.com\/store\/apps\/details?id=com.gss.city.war.survival.robothero","packageID":"com.gss.city.war.survival.robothero"},"showTemplate":1,"s2s_tracking_url":"https:\/\/play.google.com\/store\/apps\/details?id=com.gss.city.war.survival.robothero","activeCreativeID":"207","scenes":["12","1","8","6","15","2"],"campaignAdType":"Interstitial","productId":"","purchaseBit":0,"licenseKey":""},{"campaignID":"164","attribution":0,"priority":"5","appToPromote":{"appToPromoteID":"2350","usesDefaultFrameImage":"0","usesDefaultCloseImage":"0","marketURL":"https:\/\/play.google.com\/store\/apps\/details?id=com.tgp.car.robot.transport.truck","packageID":"com.tgp.car.robot.transport.truck"},"showTemplate":1,"s2s_tracking_url":"https:\/\/play.google.com\/store\/apps\/details?id=com.tgp.car.robot.transport.truck","activeCreativeID":"211","scenes":["12","1","8","6","15","2"],"campaignAdType":"Interstitial","productId":"","purchaseBit":0,"licenseKey":""},{"campaignID":"166","attribution":0,"priority":"5","appToPromote":{"appToPromoteID":"2273","usesDefaultFrameImage":"0","usesDefaultCloseImage":"0","marketURL":"https:\/\/play.google.com\/store\/apps\/details?id=com.gss.police.automechanic.repair.workshop","packageID":"com.gss.police.automechanic.repair.workshop"},"showTemplate":1,"s2s_tracking_url":"https:\/\/play.google.com\/store\/apps\/details?id=com.gss.police.automechanic.repair.workshop","activeCreativeID":"217","scenes":["12","1","8","6","15","2"],"campaignAdType":"Interstitial","productId":"","purchaseBit":0,"licenseKey":""},{"campaignID":"167","attribution":0,"priority":"5","appToPromote":{"appToPromoteID":"2348","usesDefaultFrameImage":"0","usesDefaultCloseImage":"0","marketURL":"https:\/\/play.google.com\/store\/apps\/details?id=com.vg.rollercoaster.crazy.tycoon.tour","packageID":"com.vg.rollercoaster.crazy.tycoon.tour"},"showTemplate":1,"s2s_tracking_url":"https:\/\/play.google.com\/store\/apps\/details?id=com.vg.rollercoaster.crazy.tycoon.tour","activeCreativeID":"218","scenes":["12","1","8","6","15","2"],"campaignAdType":"Interstitial","productId":"","purchaseBit":0,"licenseKey":""},{"campaignID":"214","attribution":0,"priority":"5","appToPromote":{"appToPromoteID":"2613","usesDefaultFrameImage":"0","usesDefaultCloseImage":"0","marketURL":"https:\/\/play.google.com\/store\/apps\/details?id=com.gss.robot.bike.transport.truck","packageID":"com.gss.robot.bike.transport.truck"},"showTemplate":1,"s2s_tracking_url":"https:\/\/play.google.com\/store\/apps\/details?id=com.gss.robot.bike.transport.truck","activeCreativeID":"295","scenes":["12","1","8","6","15","2"],"campaignAdType":"Interstitial","productId":"","purchaseBit":0,"licenseKey":""},{"campaignID":"303","attribution":0,"priority":"5","appToPromote":{"appToPromoteID":"2642","usesDefaultFrameImage":"0","usesDefaultCloseImage":"0","marketURL":"https:\/\/play.google.com\/store\/apps\/details?id=com.tgp.offroad.robot.transport.truck","packageID":"com.tgp.offroad.robot.transport.truck"},"showTemplate":1,"s2s_tracking_url":"https:\/\/play.google.com\/store\/apps\/details?id=com.tgp.offroad.robot.transport.truck","activeCreativeID":"310","scenes":["12","1","8","6","15","2"],"campaignAdType":"Interstitial","productId":"","purchaseBit":0,"licenseKey":""},{"campaignID":"358","attribution":0,"priority":"5","appToPromote":{"appToPromoteID":"2917","usesDefaultFrameImage":"0","usesDefaultCloseImage":"0","marketURL":"https:\/\/play.google.com\/store\/apps\/details?id=com.gamefeast.touristbus.highway.driver.sim","packageID":"com.gamefeast.touristbus.highway.driver.sim"},"showTemplate":1,"s2s_tracking_url":"https:\/\/play.google.com\/store\/apps\/details?id=com.gamefeast.touristbus.highway.driver.sim","activeCreativeID":"377","scenes":["12","1","8","6","15","2"],"campaignAdType":"Interstitial","productId":"","purchaseBit":0,"licenseKey":""},{"campaignID":"370","attribution":0,"priority":"5","appToPromote":{"appToPromoteID":"3065","usesDefaultFrameImage":"0","usesDefaultCloseImage":"0","marketURL":"https:\/\/play.google.com\/store\/apps\/details?id=com.gss.raft.survival.island.escape","packageID":"com.gss.raft.survival.island.escape"},"showTemplate":1,"s2s_tracking_url":"https:\/\/play.google.com\/store\/apps\/details?id=com.gss.raft.survival.island.escape","activeCreativeID":"391","scenes":["12","1","8","6","15","2"],"campaignAdType":"Interstitial","productId":"","purchaseBit":0,"licenseKey":""},{"campaignID":"371","attribution":0,"priority":"5","appToPromote":{"appToPromoteID":"3117","usesDefaultFrameImage":"0","usesDefaultCloseImage":"0","marketURL":"https:\/\/play.google.com\/store\/apps\/details?id=com.vg.fast.car.driver.furiousracing","packageID":"com.vg.fast.car.driver.furiousracing"},"showTemplate":1,"s2s_tracking_url":"https:\/\/play.google.com\/store\/apps\/details?id=com.vg.fast.car.driver.furiousracing","activeCreativeID":"392","scenes":["12","1","8","6","15","2"],"campaignAdType":"Interstitial","productId":"","purchaseBit":0,"licenseKey":""},{"campaignID":"372","attribution":0,"priority":"5","appToPromote":{"appToPromoteID":"2938","usesDefaultFrameImage":"0","usesDefaultCloseImage":"0","marketURL":"https:\/\/play.google.com\/store\/apps\/details?id=com.tgp.offroad.us.army.transport","packageID":"com.tgp.offroad.us.army.transport"},"showTemplate":1,"s2s_tracking_url":"https:\/\/play.google.com\/store\/apps\/details?id=com.tgp.offroad.us.army.transport","activeCreativeID":"393","scenes":["12","1","8","6","15","2"],"campaignAdType":"Interstitial","productId":"","purchaseBit":0,"licenseKey":""},{"campaignID":"396","attribution":0,"priority":"5","appToPromote":{"appToPromoteID":"3019","usesDefaultFrameImage":"0","usesDefaultCloseImage":"0","marketURL":"https:\/\/play.google.com\/store\/apps\/details?id=com.gss.robot.car.transport.truck","packageID":"com.gss.robot.car.transport.truck"},"showTemplate":1,"s2s_tracking_url":"https:\/\/play.google.com\/store\/apps\/details?id=com.gss.robot.car.transport.truck","activeCreativeID":"420","scenes":["12","1","8","6","15","2"],"campaignAdType":"Interstitial","productId":"","purchaseBit":0,"licenseKey":""},{"campaignID":"397","attribution":0,"priority":"5","appToPromote":{"appToPromoteID":"3108","usesDefaultFrameImage":"0","usesDefaultCloseImage":"0","marketURL":"https:\/\/play.google.com\/store\/apps\/details?id=com.vg.amazing.city.coachbusdriver","packageID":"com.vg.amazing.city.coachbusdriver"},"showTemplate":1,"s2s_tracking_url":"https:\/\/play.google.com\/store\/apps\/details?id=com.vg.amazing.city.coachbusdriver","activeCreativeID":"417","scenes":["12","1","8","6","15","2"],"campaignAdType":"Interstitial","productId":"","purchaseBit":0,"licenseKey":""}],"refreshAdRate":30,"mode":"Production","aspectRatio":"4_3","cdnPath":"https:\/\/df8ymybeo92md.cloudfront.net\/images\/","sentry_log":0,"local_logging":0,"sentry_dsn":"https:\/\/93ffa1c9a4124f67b8888a53265f751a:bbf998e04584477fa9a145838e9d3b26@sentry.io\/168994","sentry_initialization":1,"sentry_debugging":0,"bannerSizes":["1"],"aspectRatioVideo":"16_9","app_id":"1937","showPreRewardedDialogue":0,"showPostRewardedDialogue":0,"rewardCurrency":"coins","rewardValue":0,"isSkipable":0,"privacyPolicyURL":"https:\/\/www.consoliads.com\/privacy-policy\/","sessionToken":"6fTIM8aissMZjObLydgQ4FpVRnbQ6nCBs7SvBckiAHgNONT0OGqSe+auu2Gu25y2U+AP8Ts\/ktR7r2Oak3f3MQVOq0\/g9pvZj5qnsOeRLsePkWM\/JPTZpCb2LAOYJVbhKWHuGssclDSoTCoo2QRZ5OygaVE9PPyRBMCFh7rjdog="}
Session token value is set


{"appKey":"b6cf3bbc179e3b767025729170fbb3cf","deviceID":"3835","stats":[{"campaignID":6770,"packageID":"com.gss.offroad.policetransporttruck","sceneStats":[{"sceneID":"10","eventStats":"338,238,138,38,38,0,0"}]}],"sdkVersion":"2163","sessionToken":"6fTIM8aissMZjObLydgQ4FpVRnbQ6nCBs7SvBckiAHgNONT0OGqSe+auu2Gu25y2U+AP8Ts\/ktR7r2Oak3f3MQVOq0\/g9pvZj5qnsOeRLsePkWM\/JPTZpCb2LAOYJVbhKWHuGssclDSoTCoo2QRZ5OygaVE9PPyRBMCFh7rjdog="}
cache_ttl value is correct

Refresh Ad Rate value is correct
mode value is set

 Aspect ratio value is correct
sentry_log value is set
local_logging value is set
sentry_initialization value is set
sentry_debugging value is set
showPreRewardedDialogue value is set
showPostRewardedDialogue value is set
isSkipable value is set
{"cache_ttl":10080,"cache_ttl_rewarded":10080,"cache_ttl_banner":10080,"cache_ttl_native":10080,"cache_ttl_icon":10080,"campaigns":[{"campaignID":"9384","attribution":0,"priority":"5","appToPromote":{"appToPromoteID":"13185","usesDefaultFrameImage":"0","usesDefaultCloseImage":"0","marketURL":"https:\/\/play.google.com\/store\/apps\/details?id=com.gamesarena.flying.bike.tricks.stunts&amp;referrer=utm_source=42matters.com&amp;utm_medium=api","packageID":"com.gamesarena.flying.bike.tricks.stunts"},"showTemplate":1,"s2s_tracking_url":"https:\/\/play.google.com\/store\/apps\/details?id=com.gamesarena.flying.bike.tricks.stunts&amp;referrer=utm_source=42matters.com&amp;utm_medium=api","activeCreativeID":"4829","scenes":["12","1","8","6","15","2"],"campaignAdType":"Interstitial","productId":"","purchaseBit":0,"licenseKey":""},{"campaignID":"9386","attribution":0,"priority":"5","appToPromote":{"appToPromoteID":"17764","usesDefaultFrameImage":"0","usesDefaultCloseImage":"0","marketURL":"https:\/\/play.google.com\/store\/apps\/details?id=com.visiblebody.atlas&amp;referrer=utm_source=42matters.com&amp;utm_medium=api","packageID":"com.gamesarena..test6324"},"showTemplate":1,"s2s_tracking_url":"https:\/\/play.google.com\/store\/apps\/details?id=com.visiblebody.atlas&amp;referrer=utm_source=42matters.com&amp;utm_medium=api","activeCreativeID":"4828","scenes":["12","1","8","6","15","2"],"campaignAdType":"Interstitial","productId":"","purchaseBit":0,"licenseKey":""},{"campaignID":"9389","attribution":0,"priority":"5","appToPromote":{"appToPromoteID":"13185","usesDefaultFrameImage":"0","usesDefaultCloseImage":"0","marketURL":"https:\/\/play.google.com\/store\/apps\/details?id=com.gamesarena.flying.bike.tricks.stunts&amp;referrer=utm_source=42matters.com&amp;utm_medium=api","packageID":"com.gamesarena.flying.bike.tricks.stunts"},"showTemplate":1,"s2s_tracking_url":"https:\/\/play.google.com\/store\/apps\/details?id=com.gamesarena.flying.bike.tricks.stunts&amp;referrer=utm_source=42matters.com&amp;utm_medium=api","activeCreativeID":"4829","scenes":["12","1","8","6","15","2"],"campaignAdType":"Interstitial","productId":"","purchaseBit":0,"licenseKey":""},{"campaignID":"9710","attribution":0,"priority":"5","appToPromote":{"appToPromoteID":"11385","usesDefaultFrameImage":"0","usesDefaultCloseImage":"0","marketURL":"https:\/\/play.google.com\/store\/apps\/details?id=com.play.io.car.mechanic.auto.repair.workshop","packageID":"com.play.io.car.mechanic.auto.repair.workshop"},"showTemplate":1,"s2s_tracking_url":"https:\/\/play.google.com\/store\/apps\/details?id=com.play.io.car.mechanic.auto.repair.workshop","activeCreativeID":"1309","scenes":["12","1","8","6","15","2"],"campaignAdType":"Video","productId":"","purchaseBit":0,"licenseKey":""},{"campaignID":"111","attribution":0,"priority":"5","appToPromote":{"appToPromoteID":"1969","usesDefaultFrameImage":"0","usesDefaultCloseImage":"0","marketURL":"https:\/\/play.google.com\/store\/apps\/details?id=com.vg.moto.airplane.transporter.police.plane","packageID":"com.vg.moto.airplane.transporter.police.plane"},"showTemplate":1,"s2s_tracking_url":"https:\/\/play.google.com\/store\/apps\/details?id=com.vg.moto.airplane.transporter.police.plane","activeCreativeID":"143","scenes":["12","1","8","6","15","2"],"campaignAdType":"Interstitial","productId":"","purchaseBit":0,"licenseKey":""},{"campaignID":"115","attribution":0,"priority":"5","appToPromote":{"appToPromoteID":"2018","usesDefaultFrameImage":"0","usesDefaultCloseImage":"0","marketURL":"https:\/\/play.google.com\/store\/apps\/details?id=com.tgp.multistorey.car.transporter.truck","packageID":"com.tgp.multistorey.car.transporter.truck"},"showTemplate":1,"s2s_tracking_url":"https:\/\/play.google.com\/store\/apps\/details?id=com.tgp.multistorey.car.transporter.truck","activeCreativeID":"149","scenes":["12","1","8","6","15","2"],"campaignAdType":"Interstitial","productId":"","purchaseBit":0,"licenseKey":""},{"campaignID":"139","attribution":0,"priority":"5","appToPromote":{"appToPromoteID":"2150","usesDefaultFrameImage":"0","usesDefaultCloseImage":"0","marketURL":"https:\/\/play.google.com\/store\/apps\/details?id=com.gss.traffic.rush.crazy.bike.rider","packageID":"com.gss.traffic.rush.crazy.bike.rider"},"showTemplate":1,"s2s_tracking_url":"https:\/\/play.google.com\/store\/apps\/details?id=com.gss.traffic.rush.crazy.bike.rider","activeCreativeID":"179","scenes":["12","1","8","6","15","2"],"campaignAdType":"Interstitial","productId":"","purchaseBit":0,"licenseKey":""},{"campaignID":"142","attribution":0,"priority":"5","appToPromote":{"appToPromoteID":"2164","usesDefaultFrameImage":"0","usesDefaultCloseImage":"0","marketURL":"https:\/\/play.google.com\/store\/apps\/details?id=com.vg.police.demolition.derby.crash.racing","packageID":"com.vg.police.demolition.derby.crash.racing"},"showTemplate":1,"s2s_tracking_url":"https:\/\/play.google.com\/store\/apps\/details?id=com.vg.police.demolition.derby.crash.racing","activeCreativeID":"182","scenes":["12","1","8","6","15","2"],"campaignAdType":"Interstitial","productId":"","purchaseBit":0,"licenseKey":""},{"campaignID":"146","attribution":0,"priority":"5","appToPromote":{"appToPromoteID":"2225","usesDefaultFrameImage":"0","usesDefaultCloseImage":"0","marketURL":"https:\/\/play.google.com\/store\/apps\/details?id=com.gss.offroad.policebiketransport","packageID":"com.gss.offroad.policebiketransport"},"showTemplate":1,"s2s_tracking_url":"https:\/\/play.google.com\/store\/apps\/details?id=com.gss.offroad.policebiketransport","activeCreativeID":"187","scenes":["12","1","8","6","15","2"],"campaignAdType":"Interstitial","productId":"","purchaseBit":0,"licenseKey":""},{"campaignID":"149","attribution":0,"priority":"5","appToPromote":{"appToPromoteID":"2224","usesDefaultFrameImage":"0","usesDefaultCloseImage":"0","marketURL":"https:\/\/play.google.com\/store\/apps\/details?id=com.vg.mega.city.construction.building.sim","packageID":"com.vg.mega.city.construction.building.sim"},"showTemplate":1,"s2s_tracking_url":"https:\/\/play.google.com\/store\/apps\/details?id=com.vg.mega.city.construction.building.sim","activeCreativeID":"191","scenes":["12","1","8","6","15","2"],"campaignAdType":"Interstitial","productId":"","purchaseBit":0,"licenseKey":""},{"campaignID":"150","attribution":0,"priority":"5","appToPromote":{"appToPromoteID":"2224","usesDefaultFrameImage":"0","usesDefaultCloseImage":"0","marketURL":"https:\/\/play.google.com\/store\/apps\/details?id=com.vg.mega.city.construction.building.sim","packageID":"com.vg.mega.city.construction.building.sim"},"showTemplate":1,"s2s_tracking_url":"https:\/\/play.google.com\/store\/apps\/details?id=com.vg.mega.city.construction.building.sim","activeCreativeID":"191","scenes":["12","1","8","6","15","2"],"campaignAdType":"Interstitial","productId":"","purchaseBit":0,"licenseKey":""},{"campaignID":"155","attribution":0,"priority":"5","appToPromote":{"appToPromoteID":"2226","usesDefaultFrameImage":"0","usesDefaultCloseImage":"0","marketURL":"https:\/\/play.google.com\/store\/apps\/details?id=com.gss.garage.workshop.carmehanic","packageID":"com.gss.garage.workshop.carmehanic"},"showTemplate":1,"s2s_tracking_url":"https:\/\/play.google.com\/store\/apps\/details?id=com.gss.garage.workshop.carmehanic","activeCreativeID":"197","scenes":["12","1","8","6","15","2"],"campaignAdType":"Interstitial","productId":"","purchaseBit":0,"licenseKey":""},{"campaignID":"156","attribution":0,"priority":"5","appToPromote":{"appToPromoteID":"2227","usesDefaultFrameImage":"0","usesDefaultCloseImage":"0","marketURL":"https:\/\/play.google.com\/store\/apps\/details?id=com.tgp.offroad.extreme.multi.cargotruck","packageID":"com.tgp.offroad.extreme.multi.cargotruck"},"showTemplate":1,"s2s_tracking_url":"https:\/\/play.google.com\/store\/apps\/details?id=com.tgp.offroad.extreme.multi.cargotruck","activeCreativeID":"198","scenes":["12","1","8","6","15","2"],"campaignAdType":"Interstitial","productId":"","purchaseBit":0,"licenseKey":""},{"campaignID":"163","attribution":0,"priority":"5","appToPromote":{"appToPromoteID":"2349","usesDefaultFrameImage":"0","usesDefaultCloseImage":"0","marketURL":"https:\/\/play.google.com\/store\/apps\/details?id=com.gss.city.war.survival.robothero","packageID":"com.gss.city.war.survival.robothero"},"showTemplate":1,"s2s_tracking_url":"https:\/\/play.google.com\/store\/apps\/details?id=com.gss.city.war.survival.robothero","activeCreativeID":"207","scenes":["12","1","8","6","15","2"],"campaignAdType":"Interstitial","productId":"","purchaseBit":0,"licenseKey":""},{"campaignID":"164","attribution":0,"priority":"5","appToPromote":{"appToPromoteID":"2350","usesDefaultFrameImage":"0","usesDefaultCloseImage":"0","marketURL":"https:\/\/play.google.com\/store\/apps\/details?id=com.tgp.car.robot.transport.truck","packageID":"com.tgp.car.robot.transport.truck"},"showTemplate":1,"s2s_tracking_url":"https:\/\/play.google.com\/store\/apps\/details?id=com.tgp.car.robot.transport.truck","activeCreativeID":"211","scenes":["12","1","8","6","15","2"],"campaignAdType":"Interstitial","productId":"","purchaseBit":0,"licenseKey":""},{"campaignID":"166","attribution":0,"priority":"5","appToPromote":{"appToPromoteID":"2273","usesDefaultFrameImage":"0","usesDefaultCloseImage":"0","marketURL":"https:\/\/play.google.com\/store\/apps\/details?id=com.gss.police.automechanic.repair.workshop","packageID":"com.gss.police.automechanic.repair.workshop"},"showTemplate":1,"s2s_tracking_url":"https:\/\/play.google.com\/store\/apps\/details?id=com.gss.police.automechanic.repair.workshop","activeCreativeID":"217","scenes":["12","1","8","6","15","2"],"campaignAdType":"Interstitial","productId":"","purchaseBit":0,"licenseKey":""},{"campaignID":"167","attribution":0,"priority":"5","appToPromote":{"appToPromoteID":"2348","usesDefaultFrameImage":"0","usesDefaultCloseImage":"0","marketURL":"https:\/\/play.google.com\/store\/apps\/details?id=com.vg.rollercoaster.crazy.tycoon.tour","packageID":"com.vg.rollercoaster.crazy.tycoon.tour"},"showTemplate":1,"s2s_tracking_url":"https:\/\/play.google.com\/store\/apps\/details?id=com.vg.rollercoaster.crazy.tycoon.tour","activeCreativeID":"218","scenes":["12","1","8","6","15","2"],"campaignAdType":"Interstitial","productId":"","purchaseBit":0,"licenseKey":""},{"campaignID":"214","attribution":0,"priority":"5","appToPromote":{"appToPromoteID":"2613","usesDefaultFrameImage":"0","usesDefaultCloseImage":"0","marketURL":"https:\/\/play.google.com\/store\/apps\/details?id=com.gss.robot.bike.transport.truck","packageID":"com.gss.robot.bike.transport.truck"},"showTemplate":1,"s2s_tracking_url":"https:\/\/play.google.com\/store\/apps\/details?id=com.gss.robot.bike.transport.truck","activeCreativeID":"295","scenes":["12","1","8","6","15","2"],"campaignAdType":"Interstitial","productId":"","purchaseBit":0,"licenseKey":""},{"campaignID":"303","attribution":0,"priority":"5","appToPromote":{"appToPromoteID":"2642","usesDefaultFrameImage":"0","usesDefaultCloseImage":"0","marketURL":"https:\/\/play.google.com\/store\/apps\/details?id=com.tgp.offroad.robot.transport.truck","packageID":"com.tgp.offroad.robot.transport.truck"},"showTemplate":1,"s2s_tracking_url":"https:\/\/play.google.com\/store\/apps\/details?id=com.tgp.offroad.robot.transport.truck","activeCreativeID":"310","scenes":["12","1","8","6","15","2"],"campaignAdType":"Interstitial","productId":"","purchaseBit":0,"licenseKey":""},{"campaignID":"358","attribution":0,"priority":"5","appToPromote":{"appToPromoteID":"2917","usesDefaultFrameImage":"0","usesDefaultCloseImage":"0","marketURL":"https:\/\/play.google.com\/store\/apps\/details?id=com.gamefeast.touristbus.highway.driver.sim","packageID":"com.gamefeast.touristbus.highway.driver.sim"},"showTemplate":1,"s2s_tracking_url":"https:\/\/play.google.com\/store\/apps\/details?id=com.gamefeast.touristbus.highway.driver.sim","activeCreativeID":"377","scenes":["12","1","8","6","15","2"],"campaignAdType":"Interstitial","productId":"","purchaseBit":0,"licenseKey":""},{"campaignID":"370","attribution":0,"priority":"5","appToPromote":{"appToPromoteID":"3065","usesDefaultFrameImage":"0","usesDefaultCloseImage":"0","marketURL":"https:\/\/play.google.com\/store\/apps\/details?id=com.gss.raft.survival.island.escape","packageID":"com.gss.raft.survival.island.escape"},"showTemplate":1,"s2s_tracking_url":"https:\/\/play.google.com\/store\/apps\/details?id=com.gss.raft.survival.island.escape","activeCreativeID":"391","scenes":["12","1","8","6","15","2"],"campaignAdType":"Interstitial","productId":"","purchaseBit":0,"licenseKey":""},{"campaignID":"371","attribution":0,"priority":"5","appToPromote":{"appToPromoteID":"3117","usesDefaultFrameImage":"0","usesDefaultCloseImage":"0","marketURL":"https:\/\/play.google.com\/store\/apps\/details?id=com.vg.fast.car.driver.furiousracing","packageID":"com.vg.fast.car.driver.furiousracing"},"showTemplate":1,"s2s_tracking_url":"https:\/\/play.google.com\/store\/apps\/details?id=com.vg.fast.car.driver.furiousracing","activeCreativeID":"392","scenes":["12","1","8","6","15","2"],"campaignAdType":"Interstitial","productId":"","purchaseBit":0,"licenseKey":""},{"campaignID":"372","attribution":0,"priority":"5","appToPromote":{"appToPromoteID":"2938","usesDefaultFrameImage":"0","usesDefaultCloseImage":"0","marketURL":"https:\/\/play.google.com\/store\/apps\/details?id=com.tgp.offroad.us.army.transport","packageID":"com.tgp.offroad.us.army.transport"},"showTemplate":1,"s2s_tracking_url":"https:\/\/play.google.com\/store\/apps\/details?id=com.tgp.offroad.us.army.transport","activeCreativeID":"393","scenes":["12","1","8","6","15","2"],"campaignAdType":"Interstitial","productId":"","purchaseBit":0,"licenseKey":""},{"campaignID":"396","attribution":0,"priority":"5","appToPromote":{"appToPromoteID":"3019","usesDefaultFrameImage":"0","usesDefaultCloseImage":"0","marketURL":"https:\/\/play.google.com\/store\/apps\/details?id=com.gss.robot.car.transport.truck","packageID":"com.gss.robot.car.transport.truck"},"showTemplate":1,"s2s_tracking_url":"https:\/\/play.google.com\/store\/apps\/details?id=com.gss.robot.car.transport.truck","activeCreativeID":"420","scenes":["12","1","8","6","15","2"],"campaignAdType":"Interstitial","productId":"","purchaseBit":0,"licenseKey":""},{"campaignID":"397","attribution":0,"priority":"5","appToPromote":{"appToPromoteID":"3108","usesDefaultFrameImage":"0","usesDefaultCloseImage":"0","marketURL":"https:\/\/play.google.com\/store\/apps\/details?id=com.vg.amazing.city.coachbusdriver","packageID":"com.vg.amazing.city.coachbusdriver"},"showTemplate":1,"s2s_tracking_url":"https:\/\/play.google.com\/store\/apps\/details?id=com.vg.amazing.city.coachbusdriver","activeCreativeID":"417","scenes":["12","1","8","6","15","2"],"campaignAdType":"Interstitial","productId":"","purchaseBit":0,"licenseKey":""}],"refreshAdRate":30,"mode":"Production","aspectRatio":"4_3","cdnPath":"https:\/\/df8ymybeo92md.cloudfront.net\/images\/","sentry_log":0,"local_logging":0,"sentry_dsn":"https:\/\/93ffa1c9a4124f67b8888a53265f751a:bbf998e04584477fa9a145838e9d3b26@sentry.io\/168994","sentry_initialization":1,"sentry_debugging":0,"bannerSizes":["1"],"aspectRatioVideo":"16_9","app_id":"1937","showPreRewardedDialogue":0,"showPostRewardedDialogue":0,"rewardCurrency":"coins","rewardValue":0,"isSkipable":0,"privacyPolicyURL":"https:\/\/www.consoliads.com\/privacy-policy\/","sessionToken":"Irr2Lj5EJxZXndJ5jhr7TZWo9pccm0AXkcUVDwLJg0z2sw7up\/WsXLwYFDJeUERdWSj+4fpXS9+2VaOugGkGSBfeO\/pPYJuP6mgLpp0Tr0wcW6jMBadMmO1+V6Ocx6xJDx3x6qxfcESvCwCmmO\/5nq3wodBSdC3zzuPI8bKaXWY="}
Session token value is set


{"appKey":"7d25f21b1692382e5507c792271446d8","deviceID":"1611","stats":[{"campaignID":123,"packageID":"com.mizo.taxi.driving.simII","sceneStats":[{"sceneID":"5","eventStats":"316,216,116,16,16,0,0"}]}],"sdkVersion":"90","sessionToken":"Irr2Lj5EJxZXndJ5jhr7TZWo9pccm0AXkcUVDwLJg0z2sw7up\/WsXLwYFDJeUERdWSj+4fpXS9+2VaOugGkGSBfeO\/pPYJuP6mgLpp0Tr0wcW6jMBadMmO1+V6Ocx6xJDx3x6qxfcESvCwCmmO\/5nq3wodBSdC3zzuPI8bKaXWY="}
cache_ttl value is correct

Refresh Ad Rate value is correct
mode value is set

 Aspect ratio value is correct
sentry_log value is set
local_logging value is set
sentry_initialization value is set
sentry_debugging value is set
showPreRewardedDialogue value is set
showPostRewardedDialogue value is set
isSkipable value is set
{"cache_ttl":10080,"cache_ttl_rewarded":10080,"cache_ttl_banner":10080,"cache_ttl_native":10080,"cache_ttl_icon":10080,"campaigns":[{"campaignID":"9277","attribution_link":"","attribution":1,"priority":"5","appToPromote":{"appToPromoteID":"17609","usesDefaultFrameImage":"0","usesDefaultCloseImage":"0","marketURL":"https:\/\/smartbear.com\/learn\/automated-testing\/test-automation-frameworks\/","packageID":"com.buntoo.buntooAd"},"showTemplate":1,"s2s_tracking_url":"","activeCreativeID":"4702","scenes":["1","2","6","4"],"campaignAdType":"Interstitial","productId":"","purchaseBit":0,"licenseKey":""},{"campaignID":"9278","attribution":0,"priority":"5","appToPromote":{"appToPromoteID":"17609","usesDefaultFrameImage":"0","usesDefaultCloseImage":"0","marketURL":"https:\/\/smartbear.com\/learn\/automated-testing\/test-automation-frameworks\/","packageID":"com.buntoo.buntooAd"},"showTemplate":1,"s2s_tracking_url":"https:\/\/smartbear.com\/learn\/automated-testing\/test-automation-frameworks\/","activeCreativeID":"4701","scenes":["1","2","6","4"],"campaignAdType":"Interstitial","productId":"","purchaseBit":0,"licenseKey":""},{"campaignID":"9279","attribution":0,"priority":"5","appToPromote":{"appToPromoteID":"17609","usesDefaultFrameImage":"0","usesDefaultCloseImage":"0","marketURL":"https:\/\/smartbear.com\/learn\/automated-testing\/test-automation-frameworks\/","packageID":"com.buntoo.buntooAd"},"showTemplate":1,"s2s_tracking_url":"https:\/\/smartbear.com\/learn\/automated-testing\/test-automation-frameworks\/","activeCreativeID":"4701","scenes":["1","2","6","4"],"campaignAdType":"Interstitial","productId":"","purchaseBit":0,"licenseKey":""},{"campaignID":"9280","attribution":0,"priority":"5","appToPromote":{"appToPromoteID":"17609","usesDefaultFrameImage":"0","usesDefaultCloseImage":"0","marketURL":"https:\/\/smartbear.com\/learn\/automated-testing\/test-automation-frameworks\/","packageID":"com.buntoo.buntooAd"},"showTemplate":1,"s2s_tracking_url":"https:\/\/smartbear.com\/learn\/automated-testing\/test-automation-frameworks\/","activeCreativeID":"4701","scenes":["1","2","6","4"],"campaignAdType":"Interstitial","productId":"","purchaseBit":0,"licenseKey":""},{"campaignID":"9281","attribution":0,"priority":"5","appToPromote":{"appToPromoteID":"17609","usesDefaultFrameImage":"0","usesDefaultCloseImage":"0","marketURL":"https:\/\/smartbear.com\/learn\/automated-testing\/test-automation-frameworks\/","packageID":"com.buntoo.buntooAd"},"showTemplate":1,"s2s_tracking_url":"https:\/\/smartbear.com\/learn\/automated-testing\/test-automation-frameworks\/","activeCreativeID":"4701","scenes":["1","2","6","4"],"campaignAdType":"Interstitial","productId":"","purchaseBit":0,"licenseKey":""},{"campaignID":"9282","attribution":0,"priority":"5","appToPromote":{"appToPromoteID":"17609","usesDefaultFrameImage":"0","usesDefaultCloseImage":"0","marketURL":"https:\/\/smartbear.com\/learn\/automated-testing\/test-automation-frameworks\/","packageID":"com.buntoo.buntooAd"},"showTemplate":1,"s2s_tracking_url":"https:\/\/smartbear.com\/learn\/automated-testing\/test-automation-frameworks\/","activeCreativeID":"4701","scenes":["1","2","6","4"],"campaignAdType":"Interstitial","productId":"","purchaseBit":0,"licenseKey":""},{"campaignID":"9283","attribution":0,"priority":"5","appToPromote":{"appToPromoteID":"17609","usesDefaultFrameImage":"0","usesDefaultCloseImage":"0","marketURL":"https:\/\/smartbear.com\/learn\/automated-testing\/test-automation-frameworks\/","packageID":"com.buntoo.buntooAd"},"showTemplate":1,"s2s_tracking_url":"https:\/\/smartbear.com\/learn\/automated-testing\/test-automation-frameworks\/","activeCreativeID":"4701","scenes":["1","2","6","4"],"campaignAdType":"Interstitial","productId":"","purchaseBit":0,"licenseKey":""},{"campaignID":"9285","attribution":0,"priority":"5","appToPromote":{"appToPromoteID":"14746","usesDefaultFrameImage":"0","usesDefaultCloseImage":"0","marketURL":"https:\/\/play.google.com\/store\/apps\/details?id=com.buntoo.army.bus.parking","packageID":"com.buntoo.army.bus.parking"},"showTemplate":1,"s2s_tracking_url":"https:\/\/play.google.com\/store\/apps\/details?id=com.buntoo.army.bus.parking","activeCreativeID":"4710","scenes":["1","2","6","4"],"campaignAdType":"Interstitial","productId":"","purchaseBit":0,"licenseKey":""},{"campaignID":"9287","attribution":0,"priority":"5","appToPromote":{"appToPromoteID":"14746","usesDefaultFrameImage":"0","usesDefaultCloseImage":"0","marketURL":"https:\/\/play.google.com\/store\/apps\/details?id=com.buntoo.army.bus.parking","packageID":"com.buntoo.army.bus.parking"},"showTemplate":1,"s2s_tracking_url":"https:\/\/play.google.com\/store\/apps\/details?id=com.buntoo.army.bus.parking","activeCreativeID":"4710","scenes":["1","2","6","4"],"campaignAdType":"Interstitial","productId":"","purchaseBit":0,"licenseKey":""},{"campaignID":"9289","attribution":0,"priority":"5","appToPromote":{"appToPromoteID":"17609","usesDefaultFrameImage":"0","usesDefaultCloseImage":"0","marketURL":"https:\/\/smartbear.com\/learn\/automated-testing\/test-automation-frameworks\/","packageID":"com.buntoo.buntooAd"},"showTemplate":1,"s2s_tracking_url":"https:\/\/smartbear.com\/learn\/automated-testing\/test-automation-frameworks\/","activeCreativeID":"4701","scenes":["1","2","6","4"],"campaignAdType":"Interstitial","productId":"","purchaseBit":0,"licenseKey":""},{"campaignID":"9290","attribution":0,"priority":"5","appToPromote":{"appToPromoteID":"17609","usesDefaultFrameImage":"0","usesDefaultCloseImage":"0","marketURL":"https:\/\/smartbear.com\/learn\/automated-testing\/test-automation-frameworks\/","packageID":"com.buntoo.buntooAd"},"showTemplate":1,"s2s_tracking_url":"https:\/\/smartbear.com\/learn\/automated-testing\/test-automation-frameworks\/","activeCreativeID":"4701","scenes":["1","2","6","4"],"campaignAdType":"Interstitial","productId":"","purchaseBit":0,"licenseKey":""},{"campaignID":"9293","attribution":0,"priority":"5","appToPromote":{"appToPromoteID":"17609","usesDefaultFrameImage":"0","usesDefaultCloseImage":"0","marketURL":"https:\/\/smartbear.com\/learn\/automated-testing\/test-automation-frameworks\/","packageID":"com.buntoo.buntooAd"},"showTemplate":1,"s2s_tracking_url":"https:\/\/smartbear.com\/learn\/automated-testing\/test-automation-frameworks\/","activeCreativeID":"4701","scenes":["1","2","6","4"],"campaignAdType":"Interstitial","productId":"","purchaseBit":0,"licenseKey":""},{"campaignID":"9296","attribution":0,"priority":"5","appToPromote":{"appToPromoteID":"17609","usesDefaultFrameImage":"0","usesDefaultCloseImage":"0","marketURL":"https:\/\/smartbear.com\/learn\/automated-testing\/test-automation-frameworks\/","packageID":"com.buntoo.buntooAd"},"showTemplate":1,"s2s_tracking_url":"https:\/\/smartbear.com\/learn\/automated-testing\/test-automation-frameworks\/","activeCreativeID":"4701","scenes":["1","2","6","4"],"campaignAdType":"Interstitial","productId":"","purchaseBit":0,"licenseKey":""},{"campaignID":"9297","attribution":0,"priority":"5","appToPromote":{"appToPromoteID":"17609","usesDefaultFrameImage":"0","usesDefaultCloseImage":"0","marketURL":"https:\/\/smartbear.com\/learn\/automated-testing\/test-automation-frameworks\/","packageID":"com.buntoo.buntooAd"},"showTemplate":1,"s2s_tracking_url":"https:\/\/smartbear.com\/learn\/automated-testing\/test-automation-frameworks\/","activeCreativeID":"4701","scenes":["1","2","6","4"],"campaignAdType":"Interstitial","productId":"","purchaseBit":0,"licenseKey":""},{"campaignID":"9299","attribution":0,"priority":"5","appToPromote":{"appToPromoteID":"17609","usesDefaultFrameImage":"0","usesDefaultCloseImage":"0","marketURL":"https:\/\/smartbear.com\/learn\/automated-testing\/test-automation-frameworks\/","packageID":"com.buntoo.buntooAd"},"showTemplate":1,"s2s_tracking_url":"https:\/\/smartbear.com\/learn\/automated-testing\/test-automation-frameworks\/","activeCreativeID":"4701","scenes":["1","2","6","4"],"campaignAdType":"Interstitial","productId":"","purchaseBit":0,"licenseKey":""},{"campaignID":"9301","attribution":0,"priority":"5","appToPromote":{"appToPromoteID":"17609","usesDefaultFrameImage":"0","usesDefaultCloseImage":"0","marketURL":"https:\/\/smartbear.com\/learn\/automated-testing\/test-automation-frameworks\/","packageID":"com.buntoo.buntooAd"},"showTemplate":1,"s2s_tracking_url":"https:\/\/smartbear.com\/learn\/automated-testing\/test-automation-frameworks\/","activeCreativeID":"4701","scenes":["1","2","6","4"],"campaignAdType":"Interstitial","productId":"","purchaseBit":0,"licenseKey":""},{"campaignID":"9305","attribution":0,"priority":"5","appToPromote":{"appToPromoteID":"14746","usesDefaultFrameImage":"0","usesDefaultCloseImage":"0","marketURL":"https:\/\/play.google.com\/store\/apps\/details?id=com.buntoo.army.bus.parking","packageID":"com.buntoo.army.bus.parking"},"showTemplate":1,"s2s_tracking_url":"https:\/\/play.google.com\/store\/apps\/details?id=com.buntoo.army.bus.parking","activeCreativeID":"4710","scenes":["1","2","6","4"],"campaignAdType":"Interstitial","productId":"","purchaseBit":0,"licenseKey":""},{"campaignID":"48","attribution":0,"priority":"5","appToPromote":{"appToPromoteID":"1074","usesDefaultFrameImage":"1","usesDefaultCloseImage":"1","marketURL":"https:\/\/play.google.com\/store\/apps\/details?id=com.mizo.construction.crane.hill.climb","packageID":"com.mizo.construction.crane.hill.climb"},"showTemplate":1,"s2s_tracking_url":"https:\/\/play.google.com\/store\/apps\/details?id=com.mizo.construction.crane.hill.climb","activeCreativeID":"65","scenes":["1","2","6","4"],"campaignAdType":"Interstitial","productId":"","purchaseBit":0,"licenseKey":""},{"campaignID":"50","attribution":0,"priority":"5","appToPromote":{"appToPromoteID":"1221","usesDefaultFrameImage":"1","usesDefaultCloseImage":"1","marketURL":"https:\/\/play.google.com\/store\/apps\/details?id=com.mizo.offroad.hill.climb","packageID":"com.mizo.offroad.hill.climb"},"showTemplate":1,"s2s_tracking_url":"https:\/\/play.google.com\/store\/apps\/details?id=com.mizo.offroad.hill.climb","activeCreativeID":"67","scenes":["1","2","6","4"],"campaignAdType":"Interstitial","productId":"","purchaseBit":0,"licenseKey":""},{"campaignID":"67","attribution":0,"priority":"5","appToPromote":{"appToPromoteID":"1306","usesDefaultFrameImage":"1","usesDefaultCloseImage":"1","marketURL":"https:\/\/play.google.com\/store\/apps\/details?id=com.mizo.extreme.heavy.truck","packageID":"com.mizo.extreme.heavy.truck"},"showTemplate":1,"s2s_tracking_url":"https:\/\/play.google.com\/store\/apps\/details?id=com.mizo.extreme.heavy.truck","activeCreativeID":"85","scenes":["1","2","6","4"],"campaignAdType":"Interstitial","productId":"","purchaseBit":0,"licenseKey":""},{"campaignID":"78","attribution":0,"priority":"5","appToPromote":{"appToPromoteID":"1632","usesDefaultFrameImage":"1","usesDefaultCloseImage":"1","marketURL":"https:\/\/play.google.com\/store\/apps\/details?id=com.mizo.road.builder.city.construction","packageID":"com.mizo.road.builder.city.construction"},"showTemplate":1,"s2s_tracking_url":"https:\/\/play.google.com\/store\/apps\/details?id=com.mizo.road.builder.city.construction","activeCreativeID":"97","scenes":["1","2","6","4"],"campaignAdType":"Interstitial","productId":"","purchaseBit":0,"licenseKey":""},{"campaignID":"80","attribution":0,"priority":"5","appToPromote":{"appToPromoteID":"1675","usesDefaultFrameImage":"1","usesDefaultCloseImage":"1","marketURL":"https:\/\/play.google.com\/store\/apps\/details?id=com.mizo.flip.bottle.shooting.expert","packageID":"com.mizo.flip.bottle.shooting.expert"},"showTemplate":1,"s2s_tracking_url":"https:\/\/play.google.com\/store\/apps\/details?id=com.mizo.flip.bottle.shooting.expert","activeCreativeID":"100","scenes":["1","2","6","4"],"campaignAdType":"Interstitial","productId":"","purchaseBit":0,"licenseKey":""},{"campaignID":"110","attribution":0,"priority":"5","appToPromote":{"appToPromoteID":"1853","usesDefaultFrameImage":"1","usesDefaultCloseImage":"1","marketURL":"https:\/\/play.google.com\/store\/apps\/details?id=com.mizo.police.airplane.transporter","packageID":"com.mizo.police.airplane.transporter"},"showTemplate":1,"s2s_tracking_url":"https:\/\/play.google.com\/store\/apps\/details?id=com.mizo.police.airplane.transporter","activeCreativeID":"137","scenes":["1","2","6","4"],"campaignAdType":"Interstitial","productId":"","purchaseBit":0,"licenseKey":""},{"campaignID":"143","attribution":0,"priority":"5","appToPromote":{"appToPromoteID":"2089","usesDefaultFrameImage":"0","usesDefaultCloseImage":"0","marketURL":"https:\/\/play.google.com\/store\/apps\/details?id=com.mizo.sports.car.mechanic","packageID":"com.mizo.sports.car.mechanic"},"showTemplate":1,"s2s_tracking_url":"https:\/\/play.google.com\/store\/apps\/details?id=com.mizo.sports.car.mechanic","activeCreativeID":"184","scenes":["1","2","6","4"],"campaignAdType":"Interstitial","productId":"","purchaseBit":0,"licenseKey":""},{"campaignID":"147","attribution":0,"priority":"5","appToPromote":{"appToPromoteID":"2085","usesDefaultFrameImage":"0","usesDefaultCloseImage":"0","marketURL":"https:\/\/play.google.com\/store\/apps\/details?id=com.mizo.robot.gang.mafia","packageID":"com.mizo.robot.gang.mafia"},"showTemplate":1,"s2s_tracking_url":"https:\/\/play.google.com\/store\/apps\/details?id=com.mizo.robot.gang.mafia","activeCreativeID":"188","scenes":["1","2","6","4"],"campaignAdType":"Interstitial","productId":"","purchaseBit":0,"licenseKey":""}],"refreshAdRate":30,"mode":"Production","aspectRatio":"4_3","cdnPath":"https:\/\/df8ymybeo92md.cloudfront.net\/images\/","sentry_log":0,"local_logging":0,"sentry_dsn":"https:\/\/93ffa1c9a4124f67b8888a53265f751a:bbf998e04584477fa9a145838e9d3b26@sentry.io\/168994","sentry_initialization":1,"sentry_debugging":0,"bannerSizes":[],"aspectRatioVideo":"16_9","app_id":"1946","showPreRewardedDialogue":0,"showPostRewardedDialogue":0,"rewardCurrency":"coins","rewardValue":0,"isSkipable":0,"privacyPolicyURL":"https:\/\/www.consoliads.com\/privacy-policy\/","sessionToken":"JOkQsbQa69FAXYnSkWK\/J+GqKS7lGEonxQhDxT+2KNrS56L+tB9dpbHW2Uhvs5yuxCJzBh3EWovJg3j0R+Cd+qo424seJAZeprHfwkRJfVbkrCn8GFTiP9ATWwhGqE5uVOxzg2JUL\/vYUZCpefy1glprDqmSpe5Q3fMaSXKYchg="}
Session token value is set


{"appKey":"ab7f3b1fb0164883224066dad230b691","deviceID":"9386","stats":[{"campaignID":6170,"packageID":"com.vg.airportpilot.car.transporter.plane","sceneStats":[{"sceneID":"24","eventStats":"393,293,193,93,93,0,0"}]}],"sdkVersion":"2163","sessionToken":"JOkQsbQa69FAXYnSkWK\/J+GqKS7lGEonxQhDxT+2KNrS56L+tB9dpbHW2Uhvs5yuxCJzBh3EWovJg3j0R+Cd+qo424seJAZeprHfwkRJfVbkrCn8GFTiP9ATWwhGqE5uVOxzg2JUL\/vYUZCpefy1glprDqmSpe5Q3fMaSXKYchg="}
cache_ttl value is correct

Refresh Ad Rate value is correct
mode value is set

 Aspect ratio value is correct
sentry_log value is set
local_logging value is set
sentry_initialization value is set
sentry_debugging value is set
showPreRewardedDialogue value is set
showPostRewardedDialogue value is set
isSkipable value is set
{"cache_ttl":10080,"cache_ttl_rewarded":10080,"cache_ttl_banner":10080,"cache_ttl_native":10080,"cache_ttl_icon":10080,"campaigns":[{"campaignID":"9384","attribution":0,"priority":"5","appToPromote":{"appToPromoteID":"13185","usesDefaultFrameImage":"0","usesDefaultCloseImage":"0","marketURL":"https:\/\/play.google.com\/store\/apps\/details?id=com.gamesarena.flying.bike.tricks.stunts&amp;referrer=utm_source=42matters.com&amp;utm_medium=api","packageID":"com.gamesarena.flying.bike.tricks.stunts"},"showTemplate":1,"s2s_tracking_url":"https:\/\/play.google.com\/store\/apps\/details?id=com.gamesarena.flying.bike.tricks.stunts&amp;referrer=utm_source=42matters.com&amp;utm_medium=api","activeCreativeID":"4829","scenes":["12","1","8","6","15","2","9","10","11"],"campaignAdType":"Interstitial","productId":"","purchaseBit":0,"licenseKey":""},{"campaignID":"9386","attribution":0,"priority":"5","appToPromote":{"appToPromoteID":"17764","usesDefaultFrameImage":"0","usesDefaultCloseImage":"0","marketURL":"https:\/\/play.google.com\/store\/apps\/details?id=com.visiblebody.atlas&amp;referrer=utm_source=42matters.com&amp;utm_medium=api","packageID":"com.gamesarena..test6324"},"showTemplate":1,"s2s_tracking_url":"https:\/\/play.google.com\/store\/apps\/details?id=com.visiblebody.atlas&amp;referrer=utm_source=42matters.com&amp;utm_medium=api","activeCreativeID":"4828","scenes":["12","1","8","6","15","2","9","10","11"],"campaignAdType":"Interstitial","productId":"","purchaseBit":0,"licenseKey":""},{"campaignID":"9389","attribution":0,"priority":"5","appToPromote":{"appToPromoteID":"13185","usesDefaultFrameImage":"0","usesDefaultCloseImage":"0","marketURL":"https:\/\/play.google.com\/store\/apps\/details?id=com.gamesarena.flying.bike.tricks.stunts&amp;referrer=utm_source=42matters.com&amp;utm_medium=api","packageID":"com.gamesarena.flying.bike.tricks.stunts"},"showTemplate":1,"s2s_tracking_url":"https:\/\/play.google.com\/store\/apps\/details?id=com.gamesarena.flying.bike.tricks.stunts&amp;referrer=utm_source=42matters.com&amp;utm_medium=api","activeCreativeID":"4829","scenes":["12","1","8","6","15","2","9","10","11"],"campaignAdType":"Interstitial","productId":"","purchaseBit":0,"licenseKey":""},{"campaignID":"98","attribution":0,"priority":"5","appToPromote":{"appToPromoteID":"1937","usesDefaultFrameImage":"0","usesDefaultCloseImage":"0","marketURL":"https:\/\/play.google.com\/store\/apps\/details?id=com.gss.offroad.policetransporttruck","packageID":"com.gss.offroad.policetransporttruck"},"showTemplate":1,"s2s_tracking_url":"https:\/\/play.google.com\/store\/apps\/details?id=com.gss.offroad.policetransporttruck","activeCreativeID":"124","scenes":["12","1","8","6","15","2","9","10","11"],"campaignAdType":"Interstitial","productId":"","purchaseBit":0,"licenseKey":""},{"campaignID":"111","attribution":0,"priority":"5","appToPromote":{"appToPromoteID":"1969","usesDefaultFrameImage":"0","usesDefaultCloseImage":"0","marketURL":"https:\/\/play.google.com\/store\/apps\/details?id=com.vg.moto.airplane.transporter.police.plane","packageID":"com.vg.moto.airplane.transporter.police.plane"},"showTemplate":1,"s2s_tracking_url":"https:\/\/play.google.com\/store\/apps\/details?id=com.vg.moto.airplane.transporter.police.plane","activeCreativeID":"143","scenes":["12","1","8","6","15","2","9","10","11"],"campaignAdType":"Interstitial","productId":"","purchaseBit":0,"licenseKey":""},{"campaignID":"115","attribution":0,"priority":"5","appToPromote":{"appToPromoteID":"2018","usesDefaultFrameImage":"0","usesDefaultCloseImage":"0","marketURL":"https:\/\/play.google.com\/store\/apps\/details?id=com.tgp.multistorey.car.transporter.truck","packageID":"com.tgp.multistorey.car.transporter.truck"},"showTemplate":1,"s2s_tracking_url":"https:\/\/play.google.com\/store\/apps\/details?id=com.tgp.multistorey.car.transporter.truck","activeCreativeID":"149","scenes":["12","1","8","6","15","2","9","10","11"],"campaignAdType":"Interstitial","productId":"","purchaseBit":0,"licenseKey":""},{"campaignID":"519","attribution":0,"priority":"5","appToPromote":{"appToPromoteID":"3675","usesDefaultFrameImage":"0","usesDefaultCloseImage":"0","marketURL":"https:\/\/play.google.com\/store\/apps\/details?id=com.tenlogix.highschool.cafe.cashier.girl","packageID":"com.tenlogix.highschool.cafe.cashier.girl"},"showTemplate":1,"s2s_tracking_url":"https:\/\/play.google.com\/store\/apps\/details?id=com.tenlogix.highschool.cafe.cashier.girl","activeCreativeID":"600","scenes":["8"],"campaignAdType":"Interstitial","productId":"","purchaseBit":0,"licenseKey":""},{"campaignID":"525","attribution":0,"priority":"5","appToPromote":{"appToPromoteID":"3675","usesDefaultFrameImage":"0","usesDefaultCloseImage":"0","marketURL":"https:\/\/play.google.com\/store\/apps\/details?id=com.tenlogix.highschool.cafe.cashier.girl","packageID":"com.tenlogix.highschool.cafe.cashier.girl"},"showTemplate":1,"s2s_tracking_url":"https:\/\/play.google.com\/store\/apps\/details?id=com.tenlogix.highschool.cafe.cashier.girl","activeCreativeID":"600","scenes":["8"],"campaignAdType":"Interstitial","productId":"","purchaseBit":0,"licenseKey":""},{"campaignID":"527","attribution":0,"priority":"5","appToPromote":{"appToPromoteID":"3600","usesDefaultFrameImage":"0","usesDefaultCloseImage":"0","marketURL":"https:\/\/play.google.com\/store\/apps\/details?id=com.ids.little.farm.time.fun","packageID":"com.ids.little.farm.time.fun"},"showTemplate":1,"s2s_tracking_url":"https:\/\/play.google.com\/store\/apps\/details?id=com.ids.little.farm.time.fun","activeCreativeID":"574","scenes":["8"],"campaignAdType":"Interstitial","productId":"","purchaseBit":0,"licenseKey":""},{"campaignID":"1715","attribution":0,"priority":"5","appToPromote":{"appToPromoteID":"9053","usesDefaultFrameImage":"0","usesDefaultCloseImage":"0","marketURL":"https:\/\/play.google.com\/store\/apps\/details?id=com.tgp.us.army.transport.ambulance.driving.game","packageID":"com.tgp.us.army.transport.ambulance.driving.game"},"showTemplate":1,"s2s_tracking_url":"https:\/\/play.google.com\/store\/apps\/details?id=com.tgp.us.army.transport.ambulance.driving.game","activeCreativeID":"1119","scenes":["12","1","8","6","15","2","9","10","11"],"campaignAdType":"Video","productId":"","purchaseBit":0,"licenseKey":""},{"campaignID":"1738","attribution":0,"priority":"5","appToPromote":{"appToPromoteID":"9233","usesDefaultFrameImage":"0","usesDefaultCloseImage":"0","marketURL":"https:\/\/play.google.com\/store\/apps\/details?id=com.vg.airplane.pilot.robot.police.plane.transport.game","packageID":"com.vg.airplane.pilot.robot.police.plane.transport.game"},"showTemplate":1,"s2s_tracking_url":"https:\/\/play.google.com\/store\/apps\/details?id=com.vg.airplane.pilot.robot.police.plane.transport.game","activeCreativeID":"1124","scenes":["12","1","8","6","15","2","9","10","11"],"campaignAdType":"Video","productId":"","purchaseBit":0,"licenseKey":""},{"campaignID":"1741","attribution":0,"priority":"5","appToPromote":{"appToPromoteID":"9235","usesDefaultFrameImage":"0","usesDefaultCloseImage":"0","marketURL":"https:\/\/play.google.com\/store\/apps\/details?id=com.gss.us.fire.truck.driving.rescue.simulator","packageID":"com.gss.us.fire.truck.driving.rescue.simulator"},"showTemplate":1,"s2s_tracking_url":"https:\/\/play.google.com\/store\/apps\/details?id=com.gss.us.fire.truck.driving.rescue.simulator","activeCreativeID":"1129","scenes":["12","1","8","6","15","2","9","10","11"],"campaignAdType":"Video","productId":"","purchaseBit":0,"licenseKey":""},{"campaignID":"1762","attribution":0,"priority":"5","appToPromote":{"appToPromoteID":"9490","usesDefaultFrameImage":"0","usesDefaultCloseImage":"0","marketURL":"https:\/\/play.google.com\/store\/apps\/details?id=com.play.io.city.mobile.taxi.driving.simulator","packageID":"com.play.io.city.mobile.taxi.driving.simulator"},"showTemplate":1,"s2s_tracking_url":"https:\/\/play.google.com\/store\/apps\/details?id=com.play.io.city.mobile.taxi.driving.simulator","activeCreativeID":"1135","scenes":["12","1","8","6","15","2","9","10","11"],"campaignAdType":"Video","productId":"","purchaseBit":0,"licenseKey":""},{"campaignID":"6199","attribution":0,"priority":"5","appToPromote":{"appToPromoteID":"4006","usesDefaultFrameImage":"0","usesDefaultCloseImage":"0","marketURL":"https:\/\/play.google.com\/store\/apps\/details?id=com.vg.car.battle.demolition.derby.wars","packageID":"com.vg.car.battle.demolition.derby.wars"},"showTemplate":1,"s2s_tracking_url":"https:\/\/play.google.com\/store\/apps\/details?id=com.vg.car.battle.demolition.derby.wars","activeCreativeID":"1306","scenes":["12","1","8","6","15","2","9","10","11"],"campaignAdType":"Video","productId":"","purchaseBit":0,"licenseKey":""},{"campaignID":"6257","attribution":0,"priority":"5","appToPromote":{"appToPromoteID":"8549","usesDefaultFrameImage":"0","usesDefaultCloseImage":"0","marketURL":"https:\/\/play.google.com\/store\/apps\/details?id=com.gss.atv.police.bike.transport.cargo.plane","packageID":"com.gss.atv.police.bike.transport.cargo.plane"},"showTemplate":1,"s2s_tracking_url":"https:\/\/play.google.com\/store\/apps\/details?id=com.gss.atv.police.bike.transport.cargo.plane","activeCreativeID":"1076","scenes":["12","1","8","6","15","2","9","10","11"],"campaignAdType":"Video","productId":"","purchaseBit":0,"licenseKey":""},{"campaignID":"6305","attribution":0,"priority":"5","appToPromote":{"appToPromoteID":"12124","usesDefaultFrameImage":"0","usesDefaultCloseImage":"0","marketURL":"https:\/\/play.google.com\/store\/apps\/details?id=com.play.io.truck.car.transporter.trailer","packageID":"com.play.io.truck.car.transporter.trailer"},"showTemplate":1,"s2s_tracking_url":"https:\/\/play.google.com\/store\/apps\/details?id=com.play.io.truck.car.transporter.trailer","activeCreativeID":"1425","scenes":["12","1","8","6","15","2","9","10","11"],"campaignAdType":"Video","productId":"","purchaseBit":0,"licenseKey":""},{"campaignID":"6345","attribution":0,"priority":"5","appToPromote":{"appToPromoteID":"12205","usesDefaultFrameImage":"0","usesDefaultCloseImage":"0","marketURL":"https:\/\/play.google.com\/store\/apps\/details?id=com.vg.bus.derby.destruction.battleground","packageID":"com.vg.bus.derby.destruction.battleground"},"showTemplate":1,"s2s_tracking_url":"https:\/\/play.google.com\/store\/apps\/details?id=com.vg.bus.derby.destruction.battleground","activeCreativeID":"1505","scenes":["12","1","8","6","15","2","9","10","11"],"campaignAdType":"Video","productId":"","purchaseBit":0,"licenseKey":""},{"campaignID":"6381","attribution":0,"priority":"5","appToPromote":{"appToPromoteID":"12081","usesDefaultFrameImage":"0","usesDefaultCloseImage":"0","marketURL":"https:\/\/play.google.com\/store\/apps\/details?id=com.play.io.mega.ramp.bmx.stunts","packageID":"com.play.io.mega.ramp.bmx.stunts"},"showTemplate":1,"s2s_tracking_url":"https:\/\/play.google.com\/store\/apps\/details?id=com.play.io.mega.ramp.bmx.stunts","activeCreativeID":"1422","scenes":["12","1","8","6","15","2","9","10","11"],"campaignAdType":"Video","productId":"","purchaseBit":0,"licenseKey":""},{"campaignID":"6404","attribution":0,"priority":"5","appToPromote":{"appToPromoteID":"12081","usesDefaultFrameImage":"0","usesDefaultCloseImage":"0","marketURL":"https:\/\/play.google.com\/store\/apps\/details?id=com.play.io.mega.ramp.bmx.stunts","packageID":"com.play.io.mega.ramp.bmx.stunts"},"showTemplate":1,"s2s_tracking_url":"https:\/\/play.google.com\/store\/apps\/details?id=com.play.io.mega.ramp.bmx.stunts","activeCreativeID":"1422","scenes":["12","1","8","6","15","2","9","10","11"],"campaignAdType":"Video","productId":"","purchaseBit":0,"licenseKey":""},{"campaignID":"6414","attribution":0,"priority":"5","appToPromote":{"appToPromoteID":"12124","usesDefaultFrameImage":"0","usesDefaultCloseImage":"0","marketURL":"https:\/\/play.google.com\/store\/apps\/details?id=com.play.io.truck.car.transporter.trailer","packageID":"com.play.io.truck.car.transporter.trailer"},"showTemplate":1,"s2s_tracking_url":"https:\/\/play.google.com\/store\/apps\/details?id=com.play.io.truck.car.transporter.trailer","activeCreativeID":"1425","scenes":["12","1","8","6","15","2","9","10","11"],"campaignAdType":"Video","productId":"","purchaseBit":0,"licenseKey":""},{"campaignID":"6425","attribution":0,"priority":"5","appToPromote":{"appToPromoteID":"12081","usesDefaultFrameImage":"0","usesDefaultCloseImage":"0","marketURL":"https:\/\/play.google.com\/store\/apps\/details?id=com.play.io.mega.ramp.bmx.stunts","packageID":"com.play.io.mega.ramp.bmx.stunts"},"showTemplate":1,"s2s_tracking_url":"https:\/\/play.google.com\/store\/apps\/details?id=com.play.io.mega.ramp.bmx.stunts","activeCreativeID":"1422","scenes":["12","1","8","6","15","2","9","10","11"],"campaignAdType":"Video","productId":"","purchaseBit":0,"licenseKey":""},{"campaignID":"6426","attribution":0,"priority":"5","appToPromote":{"appToPromoteID":"12338","usesDefaultFrameImage":"0","usesDefaultCloseImage":"0","marketURL":"https:\/\/play.google.com\/store\/apps\/details?id=com.play.io.police.moto.bike.gangster.chase.games","packageID":"com.play.io.police.moto.bike.gangster.chase.games"},"showTemplate":1,"s2s_tracking_url":"https:\/\/play.google.com\/store\/apps\/details?id=com.play.io.police.moto.bike.gangster.chase.games","activeCreativeID":"1530","scenes":["12","1","8","6","15","2","9","10","11"],"campaignAdType":"Video","productId":"","purchaseBit":0,"licenseKey":""},{"campaignID":"6443","attribution":0,"priority":"5","appToPromote":{"appToPromoteID":"12338","usesDefaultFrameImage":"0","usesDefaultCloseImage":"0","marketURL":"https:\/\/play.google.com\/store\/apps\/details?id=com.play.io.police.moto.bike.gangster.chase.games","packageID":"com.play.io.police.moto.bike.gangster.chase.games"},"showTemplate":1,"s2s_tracking_url":"https:\/\/play.google.com\/store\/apps\/details?id=com.play.io.police.moto.bike.gangster.chase.games","activeCreativeID":"1530","scenes":["12","1","8","6","15","2","9","10","11"],"campaignAdType":"Video","productId":"","purchaseBit":0,"licenseKey":""},{"campaignID":"6444","attribution":0,"priority":"5","appToPromote":{"appToPromoteID":"12486","usesDefaultFrameImage":"0","usesDefaultCloseImage":"0","marketURL":"https:\/\/play.google.com\/store\/apps\/details?id=com.play.io.offroad.police.driver.bus.transport.jail.prisoner","packageID":"com.play.io.offroad.police.driver.bus.transport.jail.prisoner"},"showTemplate":1,"s2s_tracking_url":"https:\/\/play.google.com\/store\/apps\/details?id=com.play.io.offroad.police.driver.bus.transport.jail.prisoner","activeCreativeID":"1571","scenes":["12","1","8","6","15","2","9","10","11"],"campaignAdType":"Video","productId":"","purchaseBit":0,"licenseKey":""},{"campaignID":"6446","attribution":0,"priority":"5","appToPromote":{"appToPromoteID":"12081","usesDefaultFrameImage":"0","usesDefaultCloseImage":"0","marketURL":"https:\/\/play.google.com\/store\/apps\/details?id=com.play.io.mega.ramp.bmx.stunts","packageID":"com.play.io.mega.ramp.bmx.stunts"},"showTemplate":1,"s2s_tracking_url":"https:\/\/play.google.com\/store\/apps\/details?id=com.play.io.mega.ramp.bmx.stunts","activeCreativeID":"1422","scenes":["12","1","8","6","15","2","9","10","11"],"campaignAdType":"Video","productId":"","purchaseBit":0,"licenseKey":""}],"refreshAdRate":30,"mode":"Production","aspectRatio":"4_3","cdnPath":"https:\/\/df8ymybeo92md.cloudfront.net\/images\/","sentry_log":0,"local_logging":0,"sentry_dsn":"https:\/\/93ffa1c9a4124f67b8888a53265f751a:bbf998e04584477fa9a145838e9d3b26@sentry.io\/168994","sentry_initialization":1,"sentry_debugging":0,"bannerSizes":["1"],"aspectRatioVideo":"16_9","app_id":"1991","showPreRewardedDialogue":0,"showPostRewardedDialogue":0,"rewardCurrency":"coins","rewardValue":0,"isSkipable":1,"privacyPolicyURL":"https:\/\/www.consoliads.com\/privacy-policy\/","sessionToken":"6vXYMC6fOcN+nLOS\/cpKUUBRRXKuFJ88oJ1ELSReevoFk56Jj2hIsjwJnu+6JaAEW5GakgSkb4UkRaEXS\/+bGTS62+8Ki5acI9ZZEkGr+PZtJPmMBCSMO0nfBRMp6CTyAmOOii8McsT3R9dncuglcxnJiyX0+1eQKBal3EkForY="}
Session token value is set


{"appKey":"ab7f3b1fb0164883224066dad230b691","deviceID":"6083","stats":[{"campaignID":6790,"packageID":"com.vg.airportpilot.car.transporter.plane","sceneStats":[{"sceneID":"16","eventStats":"361,261,161,61,61,0,0"}]}],"sdkVersion":"2163","sessionToken":"6vXYMC6fOcN+nLOS\/cpKUUBRRXKuFJ88oJ1ELSReevoFk56Jj2hIsjwJnu+6JaAEW5GakgSkb4UkRaEXS\/+bGTS62+8Ki5acI9ZZEkGr+PZtJPmMBCSMO0nfBRMp6CTyAmOOii8McsT3R9dncuglcxnJiyX0+1eQKBal3EkForY="}
cache_ttl value is correct

Refresh Ad Rate value is correct
mode value is set

 Aspect ratio value is correct
sentry_log value is set
local_logging value is set
sentry_initialization value is set
sentry_debugging value is set
showPreRewardedDialogue value is set
showPostRewardedDialogue value is set
isSkipable value is set
{"cache_ttl":10080,"cache_ttl_rewarded":10080,"cache_ttl_banner":10080,"cache_ttl_native":10080,"cache_ttl_icon":10080,"campaigns":[{"campaignID":"9384","attribution":0,"priority":"5","appToPromote":{"appToPromoteID":"13185","usesDefaultFrameImage":"0","usesDefaultCloseImage":"0","marketURL":"https:\/\/play.google.com\/store\/apps\/details?id=com.gamesarena.flying.bike.tricks.stunts&amp;referrer=utm_source=42matters.com&amp;utm_medium=api","packageID":"com.gamesarena.flying.bike.tricks.stunts"},"showTemplate":1,"s2s_tracking_url":"https:\/\/play.google.com\/store\/apps\/details?id=com.gamesarena.flying.bike.tricks.stunts&amp;referrer=utm_source=42matters.com&amp;utm_medium=api","activeCreativeID":"4829","scenes":["12","1","8","6","15","2","9","10","11"],"campaignAdType":"Interstitial","productId":"","purchaseBit":0,"licenseKey":""},{"campaignID":"9386","attribution":0,"priority":"5","appToPromote":{"appToPromoteID":"17764","usesDefaultFrameImage":"0","usesDefaultCloseImage":"0","marketURL":"https:\/\/play.google.com\/store\/apps\/details?id=com.visiblebody.atlas&amp;referrer=utm_source=42matters.com&amp;utm_medium=api","packageID":"com.gamesarena..test6324"},"showTemplate":1,"s2s_tracking_url":"https:\/\/play.google.com\/store\/apps\/details?id=com.visiblebody.atlas&amp;referrer=utm_source=42matters.com&amp;utm_medium=api","activeCreativeID":"4828","scenes":["12","1","8","6","15","2","9","10","11"],"campaignAdType":"Interstitial","productId":"","purchaseBit":0,"licenseKey":""},{"campaignID":"9389","attribution":0,"priority":"5","appToPromote":{"appToPromoteID":"13185","usesDefaultFrameImage":"0","usesDefaultCloseImage":"0","marketURL":"https:\/\/play.google.com\/store\/apps\/details?id=com.gamesarena.flying.bike.tricks.stunts&amp;referrer=utm_source=42matters.com&amp;utm_medium=api","packageID":"com.gamesarena.flying.bike.tricks.stunts"},"showTemplate":1,"s2s_tracking_url":"https:\/\/play.google.com\/store\/apps\/details?id=com.gamesarena.flying.bike.tricks.stunts&amp;referrer=utm_source=42matters.com&amp;utm_medium=api","activeCreativeID":"4829","scenes":["12","1","8","6","15","2","9","10","11"],"campaignAdType":"Interstitial","productId":"","purchaseBit":0,"licenseKey":""},{"campaignID":"98","attribution":0,"priority":"5","appToPromote":{"appToPromoteID":"1937","usesDefaultFrameImage":"0","usesDefaultCloseImage":"0","marketURL":"https:\/\/play.google.com\/store\/apps\/details?id=com.gss.offroad.policetransporttruck","packageID":"com.gss.offroad.policetransporttruck"},"showTemplate":1,"s2s_tracking_url":"https:\/\/play.google.com\/store\/apps\/details?id=com.gss.offroad.policetransporttruck","activeCreativeID":"124","scenes":["12","1","8","6","15","2","9","10","11"],"campaignAdType":"Interstitial","productId":"","purchaseBit":0,"licenseKey":""},{"campaignID":"111","attribution":0,"priority":"5","appToPromote":{"appToPromoteID":"1969","usesDefaultFrameImage":"0","usesDefaultCloseImage":"0","marketURL":"https:\/\/play.google.com\/store\/apps\/details?id=com.vg.moto.airplane.transporter.police.plane","packageID":"com.vg.moto.airplane.transporter.police.plane"},"showTemplate":1,"s2s_tracking_url":"https:\/\/play.google.com\/store\/apps\/details?id=com.vg.moto.airplane.transporter.police.plane","activeCreativeID":"143","scenes":["12","1","8","6","15","2","9","10","11"],"campaignAdType":"Interstitial","productId":"","purchaseBit":0,"licenseKey":""},{"campaignID":"115","attribution":0,"priority":"5","appToPromote":{"appToPromoteID":"2018","usesDefaultFrameImage":"0","usesDefaultCloseImage":"0","marketURL":"https:\/\/play.google.com\/store\/apps\/details?id=com.tgp.multistorey.car.transporter.truck","packageID":"com.tgp.multistorey.car.transporter.truck"},"showTemplate":1,"s2s_tracking_url":"https:\/\/play.google.com\/store\/apps\/details?id=com.tgp.multistorey.car.transporter.truck","activeCreativeID":"149","scenes":["12","1","8","6","15","2","9","10","11"],"campaignAdType":"Interstitial","productId":"","purchaseBit":0,"licenseKey":""},{"campaignID":"519","attribution":0,"priority":"5","appToPromote":{"appToPromoteID":"3675","usesDefaultFrameImage":"0","usesDefaultCloseImage":"0","marketURL":"https:\/\/play.google.com\/store\/apps\/details?id=com.tenlogix.highschool.cafe.cashier.girl","packageID":"com.tenlogix.highschool.cafe.cashier.girl"},"showTemplate":1,"s2s_tracking_url":"https:\/\/play.google.com\/store\/apps\/details?id=com.tenlogix.highschool.cafe.cashier.girl","activeCreativeID":"600","scenes":["8"],"campaignAdType":"Interstitial","productId":"","purchaseBit":0,"licenseKey":""},{"campaignID":"525","attribution":0,"priority":"5","appToPromote":{"appToPromoteID":"3675","usesDefaultFrameImage":"0","usesDefaultCloseImage":"0","marketURL":"https:\/\/play.google.com\/store\/apps\/details?id=com.tenlogix.highschool.cafe.cashier.girl","packageID":"com.tenlogix.highschool.cafe.cashier.girl"},"showTemplate":1,"s2s_tracking_url":"https:\/\/play.google.com\/store\/apps\/details?id=com.tenlogix.highschool.cafe.cashier.girl","activeCreativeID":"600","scenes":["8"],"campaignAdType":"Interstitial","productId":"","purchaseBit":0,"licenseKey":""},{"campaignID":"527","attribution":0,"priority":"5","appToPromote":{"appToPromoteID":"3600","usesDefaultFrameImage":"0","usesDefaultCloseImage":"0","marketURL":"https:\/\/play.google.com\/store\/apps\/details?id=com.ids.little.farm.time.fun","packageID":"com.ids.little.farm.time.fun"},"showTemplate":1,"s2s_tracking_url":"https:\/\/play.google.com\/store\/apps\/details?id=com.ids.little.farm.time.fun","activeCreativeID":"574","scenes":["8"],"campaignAdType":"Interstitial","productId":"","purchaseBit":0,"licenseKey":""},{"campaignID":"1715","attribution":0,"priority":"5","appToPromote":{"appToPromoteID":"9053","usesDefaultFrameImage":"0","usesDefaultCloseImage":"0","marketURL":"https:\/\/play.google.com\/store\/apps\/details?id=com.tgp.us.army.transport.ambulance.driving.game","packageID":"com.tgp.us.army.transport.ambulance.driving.game"},"showTemplate":1,"s2s_tracking_url":"https:\/\/play.google.com\/store\/apps\/details?id=com.tgp.us.army.transport.ambulance.driving.game","activeCreativeID":"1119","scenes":["12","1","8","6","15","2","9","10","11"],"campaignAdType":"Video","productId":"","purchaseBit":0,"licenseKey":""},{"campaignID":"1738","attribution":0,"priority":"5","appToPromote":{"appToPromoteID":"9233","usesDefaultFrameImage":"0","usesDefaultCloseImage":"0","marketURL":"https:\/\/play.google.com\/store\/apps\/details?id=com.vg.airplane.pilot.robot.police.plane.transport.game","packageID":"com.vg.airplane.pilot.robot.police.plane.transport.game"},"showTemplate":1,"s2s_tracking_url":"https:\/\/play.google.com\/store\/apps\/details?id=com.vg.airplane.pilot.robot.police.plane.transport.game","activeCreativeID":"1124","scenes":["12","1","8","6","15","2","9","10","11"],"campaignAdType":"Video","productId":"","purchaseBit":0,"licenseKey":""},{"campaignID":"1741","attribution":0,"priority":"5","appToPromote":{"appToPromoteID":"9235","usesDefaultFrameImage":"0","usesDefaultCloseImage":"0","marketURL":"https:\/\/play.google.com\/store\/apps\/details?id=com.gss.us.fire.truck.driving.rescue.simulator","packageID":"com.gss.us.fire.truck.driving.rescue.simulator"},"showTemplate":1,"s2s_tracking_url":"https:\/\/play.google.com\/store\/apps\/details?id=com.gss.us.fire.truck.driving.rescue.simulator","activeCreativeID":"1129","scenes":["12","1","8","6","15","2","9","10","11"],"campaignAdType":"Video","productId":"","purchaseBit":0,"licenseKey":""},{"campaignID":"1762","attribution":0,"priority":"5","appToPromote":{"appToPromoteID":"9490","usesDefaultFrameImage":"0","usesDefaultCloseImage":"0","marketURL":"https:\/\/play.google.com\/store\/apps\/details?id=com.play.io.city.mobile.taxi.driving.simulator","packageID":"com.play.io.city.mobile.taxi.driving.simulator"},"showTemplate":1,"s2s_tracking_url":"https:\/\/play.google.com\/store\/apps\/details?id=com.play.io.city.mobile.taxi.driving.simulator","activeCreativeID":"1135","scenes":["12","1","8","6","15","2","9","10","11"],"campaignAdType":"Video","productId":"","purchaseBit":0,"licenseKey":""},{"campaignID":"6199","attribution":0,"priority":"5","appToPromote":{"appToPromoteID":"4006","usesDefaultFrameImage":"0","usesDefaultCloseImage":"0","marketURL":"https:\/\/play.google.com\/store\/apps\/details?id=com.vg.car.battle.demolition.derby.wars","packageID":"com.vg.car.battle.demolition.derby.wars"},"showTemplate":1,"s2s_tracking_url":"https:\/\/play.google.com\/store\/apps\/details?id=com.vg.car.battle.demolition.derby.wars","activeCreativeID":"1306","scenes":["12","1","8","6","15","2","9","10","11"],"campaignAdType":"Video","productId":"","purchaseBit":0,"licenseKey":""},{"campaignID":"6257","attribution":0,"priority":"5","appToPromote":{"appToPromoteID":"8549","usesDefaultFrameImage":"0","usesDefaultCloseImage":"0","marketURL":"https:\/\/play.google.com\/store\/apps\/details?id=com.gss.atv.police.bike.transport.cargo.plane","packageID":"com.gss.atv.police.bike.transport.cargo.plane"},"showTemplate":1,"s2s_tracking_url":"https:\/\/play.google.com\/store\/apps\/details?id=com.gss.atv.police.bike.transport.cargo.plane","activeCreativeID":"1076","scenes":["12","1","8","6","15","2","9","10","11"],"campaignAdType":"Video","productId":"","purchaseBit":0,"licenseKey":""},{"campaignID":"6305","attribution":0,"priority":"5","appToPromote":{"appToPromoteID":"12124","usesDefaultFrameImage":"0","usesDefaultCloseImage":"0","marketURL":"https:\/\/play.google.com\/store\/apps\/details?id=com.play.io.truck.car.transporter.trailer","packageID":"com.play.io.truck.car.transporter.trailer"},"showTemplate":1,"s2s_tracking_url":"https:\/\/play.google.com\/store\/apps\/details?id=com.play.io.truck.car.transporter.trailer","activeCreativeID":"1425","scenes":["12","1","8","6","15","2","9","10","11"],"campaignAdType":"Video","productId":"","purchaseBit":0,"licenseKey":""},{"campaignID":"6345","attribution":0,"priority":"5","appToPromote":{"appToPromoteID":"12205","usesDefaultFrameImage":"0","usesDefaultCloseImage":"0","marketURL":"https:\/\/play.google.com\/store\/apps\/details?id=com.vg.bus.derby.destruction.battleground","packageID":"com.vg.bus.derby.destruction.battleground"},"showTemplate":1,"s2s_tracking_url":"https:\/\/play.google.com\/store\/apps\/details?id=com.vg.bus.derby.destruction.battleground","activeCreativeID":"1505","scenes":["12","1","8","6","15","2","9","10","11"],"campaignAdType":"Video","productId":"","purchaseBit":0,"licenseKey":""},{"campaignID":"6381","attribution":0,"priority":"5","appToPromote":{"appToPromoteID":"12081","usesDefaultFrameImage":"0","usesDefaultCloseImage":"0","marketURL":"https:\/\/play.google.com\/store\/apps\/details?id=com.play.io.mega.ramp.bmx.stunts","packageID":"com.play.io.mega.ramp.bmx.stunts"},"showTemplate":1,"s2s_tracking_url":"https:\/\/play.google.com\/store\/apps\/details?id=com.play.io.mega.ramp.bmx.stunts","activeCreativeID":"1422","scenes":["12","1","8","6","15","2","9","10","11"],"campaignAdType":"Video","productId":"","purchaseBit":0,"licenseKey":""},{"campaignID":"6404","attribution":0,"priority":"5","appToPromote":{"appToPromoteID":"12081","usesDefaultFrameImage":"0","usesDefaultCloseImage":"0","marketURL":"https:\/\/play.google.com\/store\/apps\/details?id=com.play.io.mega.ramp.bmx.stunts","packageID":"com.play.io.mega.ramp.bmx.stunts"},"showTemplate":1,"s2s_tracking_url":"https:\/\/play.google.com\/store\/apps\/details?id=com.play.io.mega.ramp.bmx.stunts","activeCreativeID":"1422","scenes":["12","1","8","6","15","2","9","10","11"],"campaignAdType":"Video","productId":"","purchaseBit":0,"licenseKey":""},{"campaignID":"6414","attribution":0,"priority":"5","appToPromote":{"appToPromoteID":"12124","usesDefaultFrameImage":"0","usesDefaultCloseImage":"0","marketURL":"https:\/\/play.google.com\/store\/apps\/details?id=com.play.io.truck.car.transporter.trailer","packageID":"com.play.io.truck.car.transporter.trailer"},"showTemplate":1,"s2s_tracking_url":"https:\/\/play.google.com\/store\/apps\/details?id=com.play.io.truck.car.transporter.trailer","activeCreativeID":"1425","scenes":["12","1","8","6","15","2","9","10","11"],"campaignAdType":"Video","productId":"","purchaseBit":0,"licenseKey":""},{"campaignID":"6425","attribution":0,"priority":"5","appToPromote":{"appToPromoteID":"12081","usesDefaultFrameImage":"0","usesDefaultCloseImage":"0","marketURL":"https:\/\/play.google.com\/store\/apps\/details?id=com.play.io.mega.ramp.bmx.stunts","packageID":"com.play.io.mega.ramp.bmx.stunts"},"showTemplate":1,"s2s_tracking_url":"https:\/\/play.google.com\/store\/apps\/details?id=com.play.io.mega.ramp.bmx.stunts","activeCreativeID":"1422","scenes":["12","1","8","6","15","2","9","10","11"],"campaignAdType":"Video","productId":"","purchaseBit":0,"licenseKey":""},{"campaignID":"6426","attribution":0,"priority":"5","appToPromote":{"appToPromoteID":"12338","usesDefaultFrameImage":"0","usesDefaultCloseImage":"0","marketURL":"https:\/\/play.google.com\/store\/apps\/details?id=com.play.io.police.moto.bike.gangster.chase.games","packageID":"com.play.io.police.moto.bike.gangster.chase.games"},"showTemplate":1,"s2s_tracking_url":"https:\/\/play.google.com\/store\/apps\/details?id=com.play.io.police.moto.bike.gangster.chase.games","activeCreativeID":"1530","scenes":["12","1","8","6","15","2","9","10","11"],"campaignAdType":"Video","productId":"","purchaseBit":0,"licenseKey":""},{"campaignID":"6443","attribution":0,"priority":"5","appToPromote":{"appToPromoteID":"12338","usesDefaultFrameImage":"0","usesDefaultCloseImage":"0","marketURL":"https:\/\/play.google.com\/store\/apps\/details?id=com.play.io.police.moto.bike.gangster.chase.games","packageID":"com.play.io.police.moto.bike.gangster.chase.games"},"showTemplate":1,"s2s_tracking_url":"https:\/\/play.google.com\/store\/apps\/details?id=com.play.io.police.moto.bike.gangster.chase.games","activeCreativeID":"1530","scenes":["12","1","8","6","15","2","9","10","11"],"campaignAdType":"Video","productId":"","purchaseBit":0,"licenseKey":""},{"campaignID":"6444","attribution":0,"priority":"5","appToPromote":{"appToPromoteID":"12486","usesDefaultFrameImage":"0","usesDefaultCloseImage":"0","marketURL":"https:\/\/play.google.com\/store\/apps\/details?id=com.play.io.offroad.police.driver.bus.transport.jail.prisoner","packageID":"com.play.io.offroad.police.driver.bus.transport.jail.prisoner"},"showTemplate":1,"s2s_tracking_url":"https:\/\/play.google.com\/store\/apps\/details?id=com.play.io.offroad.police.driver.bus.transport.jail.prisoner","activeCreativeID":"1571","scenes":["12","1","8","6","15","2","9","10","11"],"campaignAdType":"Video","productId":"","purchaseBit":0,"licenseKey":""},{"campaignID":"6446","attribution":0,"priority":"5","appToPromote":{"appToPromoteID":"12081","usesDefaultFrameImage":"0","usesDefaultCloseImage":"0","marketURL":"https:\/\/play.google.com\/store\/apps\/details?id=com.play.io.mega.ramp.bmx.stunts","packageID":"com.play.io.mega.ramp.bmx.stunts"},"showTemplate":1,"s2s_tracking_url":"https:\/\/play.google.com\/store\/apps\/details?id=com.play.io.mega.ramp.bmx.stunts","activeCreativeID":"1422","scenes":["12","1","8","6","15","2","9","10","11"],"campaignAdType":"Video","productId":"","purchaseBit":0,"licenseKey":""}],"refreshAdRate":30,"mode":"Production","aspectRatio":"4_3","cdnPath":"https:\/\/df8ymybeo92md.cloudfront.net\/images\/","sentry_log":0,"local_logging":0,"sentry_dsn":"https:\/\/93ffa1c9a4124f67b8888a53265f751a:bbf998e04584477fa9a145838e9d3b26@sentry.io\/168994","sentry_initialization":1,"sentry_debugging":0,"bannerSizes":["1"],"aspectRatioVideo":"16_9","app_id":"1991","showPreRewardedDialogue":0,"showPostRewardedDialogue":0,"rewardCurrency":"coins","rewardValue":0,"isSkipable":1,"privacyPolicyURL":"https:\/\/www.consoliads.com\/privacy-policy\/","sessionToken":"hLc2IJOkEtie9cMk9BTTiXSgkstgLlo20AVUshUuJzybSUWAvT\/35JzT61dNNtYDOJOx2+2+P8GZLG9LuxOX2WpC\/3GsJl6DSjcCwOsdCK\/nA9D8+HDrSu60hsdw2fwoZJmHJRwHNW9mrnpUFHVM2bvQoxdQ3KZRmN04J3TQLpM="}
Session token value is set


{"appKey":"9cb6163f088b7fe1e362a087b80adf18","deviceID":"4731","stats":[{"campaignID":8858,"packageID":"com.vg.prisonerbreakout.HardTime","sceneStats":[{"sceneID":"12","eventStats":"347,247,147,47,47,0,0"}]}],"sdkVersion":"2163","sessionToken":"hLc2IJOkEtie9cMk9BTTiXSgkstgLlo20AVUshUuJzybSUWAvT\/35JzT61dNNtYDOJOx2+2+P8GZLG9LuxOX2WpC\/3GsJl6DSjcCwOsdCK\/nA9D8+HDrSu60hsdw2fwoZJmHJRwHNW9mrnpUFHVM2bvQoxdQ3KZRmN04J3TQLpM="}
cache_ttl value is correct

Refresh Ad Rate value is correct
mode value is set

 Aspect ratio value is correct
sentry_log value is set
local_logging value is set
sentry_initialization value is set
sentry_debugging value is set
showPreRewardedDialogue value is set
showPostRewardedDialogue value is set
isSkipable value is set
{"cache_ttl":10080,"cache_ttl_rewarded":10080,"cache_ttl_banner":10080,"cache_ttl_native":10080,"cache_ttl_icon":10080,"campaigns":[{"campaignID":"9384","attribution":0,"priority":"5","appToPromote":{"appToPromoteID":"13185","usesDefaultFrameImage":"0","usesDefaultCloseImage":"0","marketURL":"https:\/\/play.google.com\/store\/apps\/details?id=com.gamesarena.flying.bike.tricks.stunts&amp;referrer=utm_source=42matters.com&amp;utm_medium=api","packageID":"com.gamesarena.flying.bike.tricks.stunts"},"showTemplate":1,"s2s_tracking_url":"https:\/\/play.google.com\/store\/apps\/details?id=com.gamesarena.flying.bike.tricks.stunts&amp;referrer=utm_source=42matters.com&amp;utm_medium=api","activeCreativeID":"4829","scenes":["12","1","8","6","15"],"campaignAdType":"Interstitial","productId":"","purchaseBit":0,"licenseKey":""},{"campaignID":"9386","attribution":0,"priority":"5","appToPromote":{"appToPromoteID":"17764","usesDefaultFrameImage":"0","usesDefaultCloseImage":"0","marketURL":"https:\/\/play.google.com\/store\/apps\/details?id=com.visiblebody.atlas&amp;referrer=utm_source=42matters.com&amp;utm_medium=api","packageID":"com.gamesarena..test6324"},"showTemplate":1,"s2s_tracking_url":"https:\/\/play.google.com\/store\/apps\/details?id=com.visiblebody.atlas&amp;referrer=utm_source=42matters.com&amp;utm_medium=api","activeCreativeID":"4828","scenes":["12","1","8","6","15"],"campaignAdType":"Interstitial","productId":"","purchaseBit":0,"licenseKey":""},{"campaignID":"9389","attribution":0,"priority":"5","appToPromote":{"appToPromoteID":"13185","usesDefaultFrameImage":"0","usesDefaultCloseImage":"0","marketURL":"https:\/\/play.google.com\/store\/apps\/details?id=com.gamesarena.flying.bike.tricks.stunts&amp;referrer=utm_source=42matters.com&amp;utm_medium=api","packageID":"com.gamesarena.flying.bike.tricks.stunts"},"showTemplate":1,"s2s_tracking_url":"https:\/\/play.google.com\/store\/apps\/details?id=com.gamesarena.flying.bike.tricks.stunts&amp;referrer=utm_source=42matters.com&amp;utm_medium=api","activeCreativeID":"4829","scenes":["12","1","8","6","15"],"campaignAdType":"Interstitial","productId":"","purchaseBit":0,"licenseKey":""},{"campaignID":"85","attribution":0,"priority":"5","appToPromote":{"appToPromoteID":"1830","usesDefaultFrameImage":"0","usesDefaultCloseImage":"0","marketURL":"https:\/\/play.google.com\/store\/apps\/details?id=com.gss.offroad.uphill.extremetruckdriver","packageID":"com.gss.offroad.uphill.extremetruckdriver"},"showTemplate":1,"s2s_tracking_url":"https:\/\/play.google.com\/store\/apps\/details?id=com.gss.offroad.uphill.extremetruckdriver","activeCreativeID":"106","scenes":["12","1","8","6","15"],"campaignAdType":"Interstitial","productId":"","purchaseBit":0,"licenseKey":""},{"campaignID":"86","attribution":0,"priority":"5","appToPromote":{"appToPromoteID":"1823","usesDefaultFrameImage":"0","usesDefaultCloseImage":"0","marketURL":"https:\/\/play.google.com\/store\/apps\/details?id=com.vg.demolition.derby.extreme.car.stunts","packageID":"com.vg.demolition.derby.extreme.car.stunts"},"showTemplate":1,"s2s_tracking_url":"https:\/\/play.google.com\/store\/apps\/details?id=com.vg.demolition.derby.extreme.car.stunts","activeCreativeID":"109","scenes":["12","1","8","6","15"],"campaignAdType":"Interstitial","productId":"","purchaseBit":0,"licenseKey":""},{"campaignID":"93","attribution":0,"priority":"5","appToPromote":{"appToPromoteID":"1860","usesDefaultFrameImage":"0","usesDefaultCloseImage":"0","marketURL":"https:\/\/play.google.com\/store\/apps\/details?id=com.gss.vendetta.subwaycrime.rescue.mission","packageID":"com.gss.vendetta.subwaycrime.rescue.mission"},"showTemplate":1,"s2s_tracking_url":"https:\/\/play.google.com\/store\/apps\/details?id=com.gss.vendetta.subwaycrime.rescue.mission","activeCreativeID":"117","scenes":["12","1","8","6","15"],"campaignAdType":"Interstitial","productId":"","purchaseBit":0,"licenseKey":""},{"campaignID":"94","attribution":0,"priority":"5","appToPromote":{"appToPromoteID":"1843","usesDefaultFrameImage":"0","usesDefaultCloseImage":"0","marketURL":"https:\/\/play.google.com\/store\/apps\/details?id=com.vg.secret.agent.mafia.gods.criminal.gang","packageID":"com.vg.secret.agent.mafia.gods.criminal.gang"},"showTemplate":1,"s2s_tracking_url":"https:\/\/play.google.com\/store\/apps\/details?id=com.vg.secret.agent.mafia.gods.criminal.gang","activeCreativeID":"120","scenes":["12","1","8","6","15"],"campaignAdType":"Interstitial","productId":"","purchaseBit":0,"licenseKey":""},{"campaignID":"112","attribution":0,"priority":"5","appToPromote":{"appToPromoteID":"1998","usesDefaultFrameImage":"0","usesDefaultCloseImage":"0","marketURL":"https:\/\/play.google.com\/store\/apps\/details?id=com.gss.citygangster.underworldempire.mafia.crime","packageID":"com.gss.citygangster.underworldempire.mafia.crime"},"showTemplate":1,"s2s_tracking_url":"https:\/\/play.google.com\/store\/apps\/details?id=com.gss.citygangster.underworldempire.mafia.crime","activeCreativeID":"146","scenes":["12","1","8","6","15"],"campaignAdType":"Interstitial","productId":"","purchaseBit":0,"licenseKey":""},{"campaignID":"114","attribution":0,"priority":"5","appToPromote":{"appToPromoteID":"2007","usesDefaultFrameImage":"0","usesDefaultCloseImage":"0","marketURL":"https:\/\/play.google.com\/store\/apps\/details?id=com.vg.police.secret.agent.crime.gang","packageID":"com.vg.police.secret.agent.crime.gang"},"showTemplate":1,"s2s_tracking_url":"https:\/\/play.google.com\/store\/apps\/details?id=com.vg.police.secret.agent.crime.gang","activeCreativeID":"148","scenes":["12","1","8","6","15"],"campaignAdType":"Interstitial","productId":"","purchaseBit":0,"licenseKey":""},{"campaignID":"132","attribution":0,"priority":"5","appToPromote":{"appToPromoteID":"2109","usesDefaultFrameImage":"0","usesDefaultCloseImage":"0","marketURL":"https:\/\/play.google.com\/store\/apps\/details?id=com.gss.us.army.commando.survival","packageID":"com.gss.us.army.commando.survival"},"showTemplate":1,"s2s_tracking_url":"https:\/\/play.google.com\/store\/apps\/details?id=com.gss.us.army.commando.survival","activeCreativeID":"171","scenes":["12","1","8","6","15"],"campaignAdType":"Interstitial","productId":"","purchaseBit":0,"licenseKey":""},{"campaignID":"133","attribution":0,"priority":"5","appToPromote":{"appToPromoteID":"2118","usesDefaultFrameImage":"0","usesDefaultCloseImage":"0","marketURL":"https:\/\/play.google.com\/store\/apps\/details?id=com.vg.us.war.mafia.gang.vegas.crime","packageID":"com.vg.us.war.mafia.gang.vegas.crime"},"showTemplate":1,"s2s_tracking_url":"https:\/\/play.google.com\/store\/apps\/details?id=com.vg.us.war.mafia.gang.vegas.crime","activeCreativeID":"172","scenes":["12","1","8","6","15"],"campaignAdType":"Interstitial","productId":"","purchaseBit":0,"licenseKey":""},{"campaignID":"152","attribution":0,"priority":"5","appToPromote":{"appToPromoteID":"1348","usesDefaultFrameImage":"0","usesDefaultCloseImage":"0","marketURL":"https:\/\/play.google.com\/store\/apps\/details?id=com.gss.police.sniper.prison.gaurd","packageID":"com.gss.police.sniper.prison.gaurd"},"showTemplate":1,"s2s_tracking_url":"https:\/\/play.google.com\/store\/apps\/details?id=com.gss.police.sniper.prison.gaurd","activeCreativeID":"192","scenes":["12","1","8","6","15"],"campaignAdType":"Interstitial","productId":"","purchaseBit":0,"licenseKey":""},{"campaignID":"158","attribution":0,"priority":"5","appToPromote":{"appToPromoteID":"2223","usesDefaultFrameImage":"0","usesDefaultCloseImage":"0","marketURL":"https:\/\/play.google.com\/store\/apps\/details?id=com.vg.counter.mafia.squad.army.training","packageID":"com.vg.counter.mafia.squad.army.training"},"showTemplate":1,"s2s_tracking_url":"https:\/\/play.google.com\/store\/apps\/details?id=com.vg.counter.mafia.squad.army.training","activeCreativeID":"204","scenes":["12","1","8","6","15"],"campaignAdType":"Interstitial","productId":"","purchaseBit":0,"licenseKey":""},{"campaignID":"162","attribution":0,"priority":"5","appToPromote":{"appToPromoteID":"2268","usesDefaultFrameImage":"0","usesDefaultCloseImage":"0","marketURL":"https:\/\/play.google.com\/store\/apps\/details?id=com.vg.prisoner.escape.survival.hero","packageID":"com.vg.prisoner.escape.survival.hero"},"showTemplate":1,"s2s_tracking_url":"https:\/\/play.google.com\/store\/apps\/details?id=com.vg.prisoner.escape.survival.hero","activeCreativeID":"206","scenes":["12","1","8","6","15"],"campaignAdType":"Interstitial","productId":"","purchaseBit":0,"licenseKey":""},{"campaignID":"163","attribution":0,"priority":"5","appToPromote":{"appToPromoteID":"2349","usesDefaultFrameImage":"0","usesDefaultCloseImage":"0","marketURL":"https:\/\/play.google.com\/store\/apps\/details?id=com.gss.city.war.survival.robothero","packageID":"com.gss.city.war.survival.robothero"},"showTemplate":1,"s2s_tracking_url":"https:\/\/play.google.com\/store\/apps\/details?id=com.gss.city.war.survival.robothero","activeCreativeID":"207","scenes":["12","1","8","6","15"],"campaignAdType":"Interstitial","productId":"","purchaseBit":0,"licenseKey":""},{"campaignID":"169","attribution":0,"priority":"5","appToPromote":{"appToPromoteID":"2414","usesDefaultFrameImage":"0","usesDefaultCloseImage":"0","marketURL":"https:\/\/play.google.com\/store\/apps\/details?id=com.gamefeast.armyheroes.us.military.training","packageID":"com.gamefeast.armyheroes.us.military.training"},"showTemplate":1,"s2s_tracking_url":"https:\/\/play.google.com\/store\/apps\/details?id=com.gamefeast.armyheroes.us.military.training","activeCreativeID":"220","scenes":["12","1","8","6","15"],"campaignAdType":"Interstitial","productId":"","purchaseBit":0,"licenseKey":""},{"campaignID":"207","attribution":0,"priority":"5","appToPromote":{"appToPromoteID":"2450","usesDefaultFrameImage":"0","usesDefaultCloseImage":"0","marketURL":"https:\/\/play.google.com\/store\/apps\/details?id=com.gss.army.commando.survivalisland","packageID":"com.gss.army.commando.survivalisland"},"showTemplate":1,"s2s_tracking_url":"https:\/\/play.google.com\/store\/apps\/details?id=com.gss.army.commando.survivalisland","activeCreativeID":"281","scenes":["12","1","8","6","15"],"campaignAdType":"Interstitial","productId":"","purchaseBit":0,"licenseKey":""},{"campaignID":"332","attribution":0,"priority":"5","appToPromote":{"appToPromoteID":"2857","usesDefaultFrameImage":"0","usesDefaultCloseImage":"0","marketURL":"https:\/\/play.google.com\/store\/apps\/details?id=com.gss.robot.battle.robbery.squad","packageID":"com.gss.robot.battle.robbery.squad"},"showTemplate":1,"s2s_tracking_url":"https:\/\/play.google.com\/store\/apps\/details?id=com.gss.robot.battle.robbery.squad","activeCreativeID":"343","scenes":["12","1","8","6","15"],"campaignAdType":"Interstitial","productId":"","purchaseBit":0,"licenseKey":""},{"campaignID":"336","attribution":0,"priority":"5","appToPromote":{"appToPromoteID":"2941","usesDefaultFrameImage":"0","usesDefaultCloseImage":"0","marketURL":"https:\/\/play.google.com\/store\/apps\/details?id=com.vg.us.army.war.survival.island","packageID":"com.vg.us.army.war.survival.island"},"showTemplate":1,"s2s_tracking_url":"https:\/\/play.google.com\/store\/apps\/details?id=com.vg.us.army.war.survival.island","activeCreativeID":"347","scenes":["12","1","8","6","15"],"campaignAdType":"Interstitial","productId":"","purchaseBit":0,"licenseKey":""},{"campaignID":"357","attribution":0,"priority":"5","appToPromote":{"appToPromoteID":"2741","usesDefaultFrameImage":"0","usesDefaultCloseImage":"0","marketURL":"https:\/\/play.google.com\/store\/apps\/details?id=com.gss.us.air.jetfighter.warrior","packageID":"com.gss.us.air.jetfighter.warrior"},"showTemplate":1,"s2s_tracking_url":"https:\/\/play.google.com\/store\/apps\/details?id=com.gss.us.air.jetfighter.warrior","activeCreativeID":"376","scenes":["12","1","8","6","15"],"campaignAdType":"Interstitial","productId":"","purchaseBit":0,"licenseKey":""},{"campaignID":"364","attribution":0,"priority":"5","appToPromote":{"appToPromoteID":"2552","usesDefaultFrameImage":"0","usesDefaultCloseImage":"0","marketURL":"https:\/\/play.google.com\/store\/apps\/details?id=com.gss.grand.city.rescue.flyingrobot","packageID":"com.gss.grand.city.rescue.flyingrobot"},"showTemplate":1,"s2s_tracking_url":"https:\/\/play.google.com\/store\/apps\/details?id=com.gss.grand.city.rescue.flyingrobot","activeCreativeID":"309","scenes":["12","1","8","6","15"],"campaignAdType":"Interstitial","productId":"","purchaseBit":0,"licenseKey":""},{"campaignID":"370","attribution":0,"priority":"5","appToPromote":{"appToPromoteID":"3065","usesDefaultFrameImage":"0","usesDefaultCloseImage":"0","marketURL":"https:\/\/play.google.com\/store\/apps\/details?id=com.gss.raft.survival.island.escape","packageID":"com.gss.raft.survival.island.escape"},"showTemplate":1,"s2s_tracking_url":"https:\/\/play.google.com\/store\/apps\/details?id=com.gss.raft.survival.island.escape","activeCreativeID":"391","scenes":["12","1","8","6","15"],"campaignAdType":"Interstitial","productId":"","purchaseBit":0,"licenseKey":""},{"campaignID":"417","attribution":0,"priority":"5","appToPromote":{"appToPromoteID":"3227","usesDefaultFrameImage":"0","usesDefaultCloseImage":"0","marketURL":"https:\/\/play.google.com\/store\/apps\/details?id=com.vg.hero.kids.army.training.school","packageID":"com.vg.hero.kids.army.training.school"},"showTemplate":1,"s2s_tracking_url":"https:\/\/play.google.com\/store\/apps\/details?id=com.vg.hero.kids.army.training.school","activeCreativeID":"454","scenes":["12","1","8","6","15"],"campaignAdType":"Interstitial","productId":"","purchaseBit":0,"licenseKey":""},{"campaignID":"433","attribution":0,"priority":"5","appToPromote":{"appToPromoteID":"3339","usesDefaultFrameImage":"0","usesDefaultCloseImage":"0","marketURL":"https:\/\/play.google.com\/store\/apps\/details?id=com.gss.battle.force.counterterrorist","packageID":"com.gss.battle.force.counterterrorist"},"showTemplate":1,"s2s_tracking_url":"https:\/\/play.google.com\/store\/apps\/details?id=com.gss.battle.force.counterterrorist","activeCreativeID":"477","scenes":["12","1","8","6","15"],"campaignAdType":"Interstitial","productId":"","purchaseBit":0,"licenseKey":""},{"campaignID":"436","attribution":0,"priority":"5","appToPromote":{"appToPromoteID":"3282","usesDefaultFrameImage":"0","usesDefaultCloseImage":"0","marketURL":"https:\/\/play.google.com\/store\/apps\/details?id=com.tgp.city.rescue.survival.flyinghero","packageID":"com.tgp.city.rescue.survival.flyinghero"},"showTemplate":1,"s2s_tracking_url":"https:\/\/play.google.com\/store\/apps\/details?id=com.tgp.city.rescue.survival.flyinghero","activeCreativeID":"478","scenes":["12","1","8","6","15"],"campaignAdType":"Interstitial","productId":"","purchaseBit":0,"licenseKey":""}],"refreshAdRate":30,"mode":"Production","aspectRatio":"4_3","cdnPath":"https:\/\/df8ymybeo92md.cloudfront.net\/images\/","sentry_log":0,"local_logging":0,"sentry_dsn":"https:\/\/93ffa1c9a4124f67b8888a53265f751a:bbf998e04584477fa9a145838e9d3b26@sentry.io\/168994","sentry_initialization":1,"sentry_debugging":0,"bannerSizes":["1"],"aspectRatioVideo":"16_9","app_id":"1992","showPreRewardedDialogue":0,"showPostRewardedDialogue":0,"rewardCurrency":"coins","rewardValue":0,"isSkipable":0,"privacyPolicyURL":"https:\/\/www.consoliads.com\/privacy-policy\/","sessionToken":"im0QuGbVZZLA2oAOC+QfUcXKv7Pbg4NY\/pklBUKZ2lTWTPv\/u0FYcyt+9J9\/rREuElQAIpqfmppqWFqmYc8+YXJ6lLwXgbMjTbHxMStkn+4sa6lz1unrewKeM3W9DqAaO01IgkwdlnTRSKQwmmgSxlqZC2r\/r\/Xjkb27TbxdL1E="}
Session token value is set


{"appKey":"ea3a1008bf37134982acf7e675d170bc","deviceID":"6967","stats":[{"campaignID":116,"packageID":"com.whitesand.military.academy","sceneStats":[{"sceneID":"18","eventStats":"369,269,169,69,69,0,0"}]}],"sdkVersion":"39","sessionToken":"im0QuGbVZZLA2oAOC+QfUcXKv7Pbg4NY\/pklBUKZ2lTWTPv\/u0FYcyt+9J9\/rREuElQAIpqfmppqWFqmYc8+YXJ6lLwXgbMjTbHxMStkn+4sa6lz1unrewKeM3W9DqAaO01IgkwdlnTRSKQwmmgSxlqZC2r\/r\/Xjkb27TbxdL1E="}
cache_ttl value is correct

Refresh Ad Rate value is correct
mode value is set

 Aspect ratio value is correct
sentry_log value is set
local_logging value is set
sentry_initialization value is set
sentry_debugging value is set
showPreRewardedDialogue value is set
showPostRewardedDialogue value is set
isSkipable value is set
{"cache_ttl":10080,"cache_ttl_rewarded":10080,"cache_ttl_banner":10080,"cache_ttl_native":10080,"cache_ttl_icon":10080,"refreshAdRate":30,"mode":"Production","aspectRatio":"4_3","cdnPath":"https:\/\/df8ymybeo92md.cloudfront.net\/images\/","sentry_log":0,"local_logging":0,"sentry_dsn":"https:\/\/93ffa1c9a4124f67b8888a53265f751a:bbf998e04584477fa9a145838e9d3b26@sentry.io\/168994","sentry_initialization":1,"sentry_debugging":0,"bannerSizes":["5"],"aspectRatioVideo":"16_9","app_id":"1999","showPreRewardedDialogue":0,"showPostRewardedDialogue":0,"rewardCurrency":"coins","rewardValue":0,"isSkipable":0,"privacyPolicyURL":"https:\/\/www.consoliads.com\/privacy-policy\/","sessionToken":"5I2GA\/g8RiXPYWlAA49GO\/UiBItYxW1RGDfiwqoxLNCd1aZ+oaWOcl9zi8CgkfFfyX13ensbSe8YLJuaWlSdXUqeBH1yY6VV4pKPYq4db7expjzr4vcQP1gs7LAJpBojgrhWa+YBz\/KeE4q9I\/XneD2fq2YBHHwnps7+\/+4PuiA="}
Session token value is set


{"appKey":"2f239cc63433a12656a3d1e2832fa017","deviceID":"5473","stats":[{"campaignID":114,"packageID":"com.vg.police.secret.agent.crime.gang","sceneStats":[{"sceneID":"14","eventStats":"355,255,155,55,55,0,0"}]}],"sdkVersion":"2163","sessionToken":"5I2GA\/g8RiXPYWlAA49GO\/UiBItYxW1RGDfiwqoxLNCd1aZ+oaWOcl9zi8CgkfFfyX13ensbSe8YLJuaWlSdXUqeBH1yY6VV4pKPYq4db7expjzr4vcQP1gs7LAJpBojgrhWa+YBz\/KeE4q9I\/XneD2fq2YBHHwnps7+\/+4PuiA="}
cache_ttl value is correct

Refresh Ad Rate value is correct
mode value is set

 Aspect ratio value is correct
sentry_log value is set
local_logging value is set
sentry_initialization value is set
sentry_debugging value is set
showPreRewardedDialogue value is set
showPostRewardedDialogue value is set
isSkipable value is set
{"cache_ttl":10080,"cache_ttl_rewarded":10080,"cache_ttl_banner":10080,"cache_ttl_native":10080,"cache_ttl_icon":10080,"campaigns":[{"campaignID":"9384","attribution":0,"priority":"5","appToPromote":{"appToPromoteID":"13185","usesDefaultFrameImage":"0","usesDefaultCloseImage":"0","marketURL":"https:\/\/play.google.com\/store\/apps\/details?id=com.gamesarena.flying.bike.tricks.stunts&amp;referrer=utm_source=42matters.com&amp;utm_medium=api","packageID":"com.gamesarena.flying.bike.tricks.stunts"},"showTemplate":1,"s2s_tracking_url":"https:\/\/play.google.com\/store\/apps\/details?id=com.gamesarena.flying.bike.tricks.stunts&amp;referrer=utm_source=42matters.com&amp;utm_medium=api","activeCreativeID":"4829","scenes":["12","1","8","6","15","2","9"],"campaignAdType":"Interstitial","productId":"","purchaseBit":0,"licenseKey":""},{"campaignID":"9386","attribution":0,"priority":"5","appToPromote":{"appToPromoteID":"17764","usesDefaultFrameImage":"0","usesDefaultCloseImage":"0","marketURL":"https:\/\/play.google.com\/store\/apps\/details?id=com.visiblebody.atlas&amp;referrer=utm_source=42matters.com&amp;utm_medium=api","packageID":"com.gamesarena..test6324"},"showTemplate":1,"s2s_tracking_url":"https:\/\/play.google.com\/store\/apps\/details?id=com.visiblebody.atlas&amp;referrer=utm_source=42matters.com&amp;utm_medium=api","activeCreativeID":"4828","scenes":["12","1","8","6","15","2","9"],"campaignAdType":"Interstitial","productId":"","purchaseBit":0,"licenseKey":""},{"campaignID":"9389","attribution":0,"priority":"5","appToPromote":{"appToPromoteID":"13185","usesDefaultFrameImage":"0","usesDefaultCloseImage":"0","marketURL":"https:\/\/play.google.com\/store\/apps\/details?id=com.gamesarena.flying.bike.tricks.stunts&amp;referrer=utm_source=42matters.com&amp;utm_medium=api","packageID":"com.gamesarena.flying.bike.tricks.stunts"},"showTemplate":1,"s2s_tracking_url":"https:\/\/play.google.com\/store\/apps\/details?id=com.gamesarena.flying.bike.tricks.stunts&amp;referrer=utm_source=42matters.com&amp;utm_medium=api","activeCreativeID":"4829","scenes":["12","1","8","6","15","2","9"],"campaignAdType":"Interstitial","productId":"","purchaseBit":0,"licenseKey":""},{"campaignID":"85","attribution":0,"priority":"5","appToPromote":{"appToPromoteID":"1830","usesDefaultFrameImage":"0","usesDefaultCloseImage":"0","marketURL":"https:\/\/play.google.com\/store\/apps\/details?id=com.gss.offroad.uphill.extremetruckdriver","packageID":"com.gss.offroad.uphill.extremetruckdriver"},"showTemplate":1,"s2s_tracking_url":"https:\/\/play.google.com\/store\/apps\/details?id=com.gss.offroad.uphill.extremetruckdriver","activeCreativeID":"106","scenes":["12","1","8","6","15","2","9"],"campaignAdType":"Interstitial","productId":"","purchaseBit":0,"licenseKey":""},{"campaignID":"86","attribution":0,"priority":"5","appToPromote":{"appToPromoteID":"1823","usesDefaultFrameImage":"0","usesDefaultCloseImage":"0","marketURL":"https:\/\/play.google.com\/store\/apps\/details?id=com.vg.demolition.derby.extreme.car.stunts","packageID":"com.vg.demolition.derby.extreme.car.stunts"},"showTemplate":1,"s2s_tracking_url":"https:\/\/play.google.com\/store\/apps\/details?id=com.vg.demolition.derby.extreme.car.stunts","activeCreativeID":"109","scenes":["12","1","8","6","15","2","9"],"campaignAdType":"Interstitial","productId":"","purchaseBit":0,"licenseKey":""},{"campaignID":"93","attribution":0,"priority":"5","appToPromote":{"appToPromoteID":"1860","usesDefaultFrameImage":"0","usesDefaultCloseImage":"0","marketURL":"https:\/\/play.google.com\/store\/apps\/details?id=com.gss.vendetta.subwaycrime.rescue.mission","packageID":"com.gss.vendetta.subwaycrime.rescue.mission"},"showTemplate":1,"s2s_tracking_url":"https:\/\/play.google.com\/store\/apps\/details?id=com.gss.vendetta.subwaycrime.rescue.mission","activeCreativeID":"117","scenes":["12","1","8","6","15","2","9"],"campaignAdType":"Interstitial","productId":"","purchaseBit":0,"licenseKey":""},{"campaignID":"94","attribution":0,"priority":"5","appToPromote":{"appToPromoteID":"1843","usesDefaultFrameImage":"0","usesDefaultCloseImage":"0","marketURL":"https:\/\/play.google.com\/store\/apps\/details?id=com.vg.secret.agent.mafia.gods.criminal.gang","packageID":"com.vg.secret.agent.mafia.gods.criminal.gang"},"showTemplate":1,"s2s_tracking_url":"https:\/\/play.google.com\/store\/apps\/details?id=com.vg.secret.agent.mafia.gods.criminal.gang","activeCreativeID":"120","scenes":["12","1","8","6","15","2","9"],"campaignAdType":"Interstitial","productId":"","purchaseBit":0,"licenseKey":""},{"campaignID":"112","attribution":0,"priority":"5","appToPromote":{"appToPromoteID":"1998","usesDefaultFrameImage":"0","usesDefaultCloseImage":"0","marketURL":"https:\/\/play.google.com\/store\/apps\/details?id=com.gss.citygangster.underworldempire.mafia.crime","packageID":"com.gss.citygangster.underworldempire.mafia.crime"},"showTemplate":1,"s2s_tracking_url":"https:\/\/play.google.com\/store\/apps\/details?id=com.gss.citygangster.underworldempire.mafia.crime","activeCreativeID":"146","scenes":["12","1","8","6","15","2","9"],"campaignAdType":"Interstitial","productId":"","purchaseBit":0,"licenseKey":""},{"campaignID":"132","attribution":0,"priority":"5","appToPromote":{"appToPromoteID":"2109","usesDefaultFrameImage":"0","usesDefaultCloseImage":"0","marketURL":"https:\/\/play.google.com\/store\/apps\/details?id=com.gss.us.army.commando.survival","packageID":"com.gss.us.army.commando.survival"},"showTemplate":1,"s2s_tracking_url":"https:\/\/play.google.com\/store\/apps\/details?id=com.gss.us.army.commando.survival","activeCreativeID":"171","scenes":["12","1","8","6","15","2","9"],"campaignAdType":"Interstitial","productId":"","purchaseBit":0,"licenseKey":""},{"campaignID":"133","attribution":0,"priority":"5","appToPromote":{"appToPromoteID":"2118","usesDefaultFrameImage":"0","usesDefaultCloseImage":"0","marketURL":"https:\/\/play.google.com\/store\/apps\/details?id=com.vg.us.war.mafia.gang.vegas.crime","packageID":"com.vg.us.war.mafia.gang.vegas.crime"},"showTemplate":1,"s2s_tracking_url":"https:\/\/play.google.com\/store\/apps\/details?id=com.vg.us.war.mafia.gang.vegas.crime","activeCreativeID":"172","scenes":["12","1","8","6","15","2","9"],"campaignAdType":"Interstitial","productId":"","purchaseBit":0,"licenseKey":""},{"campaignID":"152","attribution":0,"priority":"5","appToPromote":{"appToPromoteID":"1348","usesDefaultFrameImage":"0","usesDefaultCloseImage":"0","marketURL":"https:\/\/play.google.com\/store\/apps\/details?id=com.gss.police.sniper.prison.gaurd","packageID":"com.gss.police.sniper.prison.gaurd"},"showTemplate":1,"s2s_tracking_url":"https:\/\/play.google.com\/store\/apps\/details?id=com.gss.police.sniper.prison.gaurd","activeCreativeID":"192","scenes":["12","1","8","6","15","2","9"],"campaignAdType":"Interstitial","productId":"","purchaseBit":0,"licenseKey":""},{"campaignID":"158","attribution":0,"priority":"5","appToPromote":{"appToPromoteID":"2223","usesDefaultFrameImage":"0","usesDefaultCloseImage":"0","marketURL":"https:\/\/play.google.com\/store\/apps\/details?id=com.vg.counter.mafia.squad.army.training","packageID":"com.vg.counter.mafia.squad.army.training"},"showTemplate":1,"s2s_tracking_url":"https:\/\/play.google.com\/store\/apps\/details?id=com.vg.counter.mafia.squad.army.training","activeCreativeID":"204","scenes":["12","1","8","6","15","2","9"],"campaignAdType":"Interstitial","productId":"","purchaseBit":0,"licenseKey":""},{"campaignID":"162","attribution":0,"priority":"5","appToPromote":{"appToPromoteID":"2268","usesDefaultFrameImage":"0","usesDefaultCloseImage":"0","marketURL":"https:\/\/play.google.com\/store\/apps\/details?id=com.vg.prisoner.escape.survival.hero","packageID":"com.vg.prisoner.escape.survival.hero"},"showTemplate":1,"s2s_tracking_url":"https:\/\/play.google.com\/store\/apps\/details?id=com.vg.prisoner.escape.survival.hero","activeCreativeID":"206","scenes":["12","1","8","6","15","2","9"],"campaignAdType":"Interstitial","productId":"","purchaseBit":0,"licenseKey":""},{"campaignID":"163","attribution":0,"priority":"5","appToPromote":{"appToPromoteID":"2349","usesDefaultFrameImage":"0","usesDefaultCloseImage":"0","marketURL":"https:\/\/play.google.com\/store\/apps\/details?id=com.gss.city.war.survival.robothero","packageID":"com.gss.city.war.survival.robothero"},"showTemplate":1,"s2s_tracking_url":"https:\/\/play.google.com\/store\/apps\/details?id=com.gss.city.war.survival.robothero","activeCreativeID":"207","scenes":["12","1","8","6","15","2","9"],"campaignAdType":"Interstitial","productId":"","purchaseBit":0,"licenseKey":""},{"campaignID":"169","attribution":0,"priority":"5","appToPromote":{"appToPromoteID":"2414","usesDefaultFrameImage":"0","usesDefaultCloseImage":"0","marketURL":"https:\/\/play.google.com\/store\/apps\/details?id=com.gamefeast.armyheroes.us.military.training","packageID":"com.gamefeast.armyheroes.us.military.training"},"showTemplate":1,"s2s_tracking_url":"https:\/\/play.google.com\/store\/apps\/details?id=com.gamefeast.armyheroes.us.military.training","activeCreativeID":"220","scenes":["12","1","8","6","15","2","9"],"campaignAdType":"Interstitial","productId":"","purchaseBit":0,"licenseKey":""},{"campaignID":"207","attribution":0,"priority":"5","appToPromote":{"appToPromoteID":"2450","usesDefaultFrameImage":"0","usesDefaultCloseImage":"0","marketURL":"https:\/\/play.google.com\/store\/apps\/details?id=com.gss.army.commando.survivalisland","packageID":"com.gss.army.commando.survivalisland"},"showTemplate":1,"s2s_tracking_url":"https:\/\/play.google.com\/store\/apps\/details?id=com.gss.army.commando.survivalisland","activeCreativeID":"281","scenes":["12","1","8","6","15","2","9"],"campaignAdType":"Interstitial","productId":"","purchaseBit":0,"licenseKey":""},{"campaignID":"332","attribution":0,"priority":"5","appToPromote":{"appToPromoteID":"2857","usesDefaultFrameImage":"0","usesDefaultCloseImage":"0","marketURL":"https:\/\/play.google.com\/store\/apps\/details?id=com.gss.robot.battle.robbery.squad","packageID":"com.gss.robot.battle.robbery.squad"},"showTemplate":1,"s2s_tracking_url":"https:\/\/play.google.com\/store\/apps\/details?id=com.gss.robot.battle.robbery.squad","activeCreativeID":"343","scenes":["12","1","8","6","15","2","9"],"campaignAdType":"Interstitial","productId":"","purchaseBit":0,"licenseKey":""},{"campaignID":"336","attribution":0,"priority":"5","appToPromote":{"appToPromoteID":"2941","usesDefaultFrameImage":"0","usesDefaultCloseImage":"0","marketURL":"https:\/\/play.google.com\/store\/apps\/details?id=com.vg.us.army.war.survival.island","packageID":"com.vg.us.army.war.survival.island"},"showTemplate":1,"s2s_tracking_url":"https:\/\/play.google.com\/store\/apps\/details?id=com.vg.us.army.war.survival.island","activeCreativeID":"347","scenes":["12","1","8","6","15","2","9"],"campaignAdType":"Interstitial","productId":"","purchaseBit":0,"licenseKey":""},{"campaignID":"357","attribution":0,"priority":"5","appToPromote":{"appToPromoteID":"2741","usesDefaultFrameImage":"0","usesDefaultCloseImage":"0","marketURL":"https:\/\/play.google.com\/store\/apps\/details?id=com.gss.us.air.jetfighter.warrior","packageID":"com.gss.us.air.jetfighter.warrior"},"showTemplate":1,"s2s_tracking_url":"https:\/\/play.google.com\/store\/apps\/details?id=com.gss.us.air.jetfighter.warrior","activeCreativeID":"376","scenes":["12","1","8","6","15","2","9"],"campaignAdType":"Interstitial","productId":"","purchaseBit":0,"licenseKey":""},{"campaignID":"364","attribution":0,"priority":"5","appToPromote":{"appToPromoteID":"2552","usesDefaultFrameImage":"0","usesDefaultCloseImage":"0","marketURL":"https:\/\/play.google.com\/store\/apps\/details?id=com.gss.grand.city.rescue.flyingrobot","packageID":"com.gss.grand.city.rescue.flyingrobot"},"showTemplate":1,"s2s_tracking_url":"https:\/\/play.google.com\/store\/apps\/details?id=com.gss.grand.city.rescue.flyingrobot","activeCreativeID":"309","scenes":["12","1","8","6","15","2","9"],"campaignAdType":"Interstitial","productId":"","purchaseBit":0,"licenseKey":""},{"campaignID":"370","attribution":0,"priority":"5","appToPromote":{"appToPromoteID":"3065","usesDefaultFrameImage":"0","usesDefaultCloseImage":"0","marketURL":"https:\/\/play.google.com\/store\/apps\/details?id=com.gss.raft.survival.island.escape","packageID":"com.gss.raft.survival.island.escape"},"showTemplate":1,"s2s_tracking_url":"https:\/\/play.google.com\/store\/apps\/details?id=com.gss.raft.survival.island.escape","activeCreativeID":"391","scenes":["12","1","8","6","15","2","9"],"campaignAdType":"Interstitial","productId":"","purchaseBit":0,"licenseKey":""},{"campaignID":"417","attribution":0,"priority":"5","appToPromote":{"appToPromoteID":"3227","usesDefaultFrameImage":"0","usesDefaultCloseImage":"0","marketURL":"https:\/\/play.google.com\/store\/apps\/details?id=com.vg.hero.kids.army.training.school","packageID":"com.vg.hero.kids.army.training.school"},"showTemplate":1,"s2s_tracking_url":"https:\/\/play.google.com\/store\/apps\/details?id=com.vg.hero.kids.army.training.school","activeCreativeID":"454","scenes":["12","1","8","6","15","2","9"],"campaignAdType":"Interstitial","productId":"","purchaseBit":0,"licenseKey":""},{"campaignID":"433","attribution":0,"priority":"5","appToPromote":{"appToPromoteID":"3339","usesDefaultFrameImage":"0","usesDefaultCloseImage":"0","marketURL":"https:\/\/play.google.com\/store\/apps\/details?id=com.gss.battle.force.counterterrorist","packageID":"com.gss.battle.force.counterterrorist"},"showTemplate":1,"s2s_tracking_url":"https:\/\/play.google.com\/store\/apps\/details?id=com.gss.battle.force.counterterrorist","activeCreativeID":"477","scenes":["12","1","8","6","15","2","9"],"campaignAdType":"Interstitial","productId":"","purchaseBit":0,"licenseKey":""},{"campaignID":"436","attribution":0,"priority":"5","appToPromote":{"appToPromoteID":"3282","usesDefaultFrameImage":"0","usesDefaultCloseImage":"0","marketURL":"https:\/\/play.google.com\/store\/apps\/details?id=com.tgp.city.rescue.survival.flyinghero","packageID":"com.tgp.city.rescue.survival.flyinghero"},"showTemplate":1,"s2s_tracking_url":"https:\/\/play.google.com\/store\/apps\/details?id=com.tgp.city.rescue.survival.flyinghero","activeCreativeID":"478","scenes":["12","1","8","6","15","2","9"],"campaignAdType":"Interstitial","productId":"","purchaseBit":0,"licenseKey":""},{"campaignID":"446","attribution":0,"priority":"5","appToPromote":{"appToPromoteID":"3390","usesDefaultFrameImage":"0","usesDefaultCloseImage":"0","marketURL":"https:\/\/play.google.com\/store\/apps\/details?id=com.gss.flying.spider.superhero.survival","packageID":"com.gss.flying.spider.superhero.survival"},"showTemplate":1,"s2s_tracking_url":"https:\/\/play.google.com\/store\/apps\/details?id=com.gss.flying.spider.superhero.survival","activeCreativeID":"488","scenes":["12","1","8","6","15","2","9"],"campaignAdType":"Interstitial","productId":"","purchaseBit":0,"licenseKey":""}],"refreshAdRate":30,"mode":"Production","aspectRatio":"4_3","cdnPath":"https:\/\/df8ymybeo92md.cloudfront.net\/images\/","sentry_log":0,"local_logging":0,"sentry_dsn":"https:\/\/93ffa1c9a4124f67b8888a53265f751a:bbf998e04584477fa9a145838e9d3b26@sentry.io\/168994","sentry_initialization":1,"sentry_debugging":0,"bannerSizes":["1"],"aspectRatioVideo":"16_9","app_id":"2007","showPreRewardedDialogue":0,"showPostRewardedDialogue":0,"rewardCurrency":"coins","rewardValue":0,"isSkipable":0,"privacyPolicyURL":"https:\/\/www.consoliads.com\/privacy-policy\/","sessionToken":"otfOsw\/SqjlrIfoZObrN7eAQBCFhetSydBW3TQ2pFoqW1Rqzhau2+vk\/HYG0j81L6c\/BRmhyEAm3iFrlCQ1fHRM3CwpJwVBU9Bvilpm8fnVGpfgXfB1VPckd\/I\/GefzgdTrKiZ1WdBKoq4JiEEzFRTl+6J8XiVJJ1ai1zmmvopQ="}
Session token value is set


{"appKey":"2f239cc63433a12656a3d1e2832fa017","deviceID":"4121","stats":[{"campaignID":8829,"packageID":"com.vg.police.secret.agent.crime.gang","sceneStats":[{"sceneID":"11","eventStats":"341,241,141,41,41,0,0"}]}],"sdkVersion":"2163","sessionToken":"otfOsw\/SqjlrIfoZObrN7eAQBCFhetSydBW3TQ2pFoqW1Rqzhau2+vk\/HYG0j81L6c\/BRmhyEAm3iFrlCQ1fHRM3CwpJwVBU9Bvilpm8fnVGpfgXfB1VPckd\/I\/GefzgdTrKiZ1WdBKoq4JiEEzFRTl+6J8XiVJJ1ai1zmmvopQ="}
cache_ttl value is correct

Refresh Ad Rate value is correct
mode value is set

 Aspect ratio value is correct
sentry_log value is set
local_logging value is set
sentry_initialization value is set
sentry_debugging value is set
showPreRewardedDialogue value is set
showPostRewardedDialogue value is set
isSkipable value is set
{"cache_ttl":10080,"cache_ttl_rewarded":10080,"cache_ttl_banner":10080,"cache_ttl_native":10080,"cache_ttl_icon":10080,"campaigns":[{"campaignID":"9384","attribution":0,"priority":"5","appToPromote":{"appToPromoteID":"13185","usesDefaultFrameImage":"0","usesDefaultCloseImage":"0","marketURL":"https:\/\/play.google.com\/store\/apps\/details?id=com.gamesarena.flying.bike.tricks.stunts&amp;referrer=utm_source=42matters.com&amp;utm_medium=api","packageID":"com.gamesarena.flying.bike.tricks.stunts"},"showTemplate":1,"s2s_tracking_url":"https:\/\/play.google.com\/store\/apps\/details?id=com.gamesarena.flying.bike.tricks.stunts&amp;referrer=utm_source=42matters.com&amp;utm_medium=api","activeCreativeID":"4829","scenes":["12","1","8","6","15","2","9"],"campaignAdType":"Interstitial","productId":"","purchaseBit":0,"licenseKey":""},{"campaignID":"9386","attribution":0,"priority":"5","appToPromote":{"appToPromoteID":"17764","usesDefaultFrameImage":"0","usesDefaultCloseImage":"0","marketURL":"https:\/\/play.google.com\/store\/apps\/details?id=com.visiblebody.atlas&amp;referrer=utm_source=42matters.com&amp;utm_medium=api","packageID":"com.gamesarena..test6324"},"showTemplate":1,"s2s_tracking_url":"https:\/\/play.google.com\/store\/apps\/details?id=com.visiblebody.atlas&amp;referrer=utm_source=42matters.com&amp;utm_medium=api","activeCreativeID":"4828","scenes":["12","1","8","6","15","2","9"],"campaignAdType":"Interstitial","productId":"","purchaseBit":0,"licenseKey":""},{"campaignID":"9389","attribution":0,"priority":"5","appToPromote":{"appToPromoteID":"13185","usesDefaultFrameImage":"0","usesDefaultCloseImage":"0","marketURL":"https:\/\/play.google.com\/store\/apps\/details?id=com.gamesarena.flying.bike.tricks.stunts&amp;referrer=utm_source=42matters.com&amp;utm_medium=api","packageID":"com.gamesarena.flying.bike.tricks.stunts"},"showTemplate":1,"s2s_tracking_url":"https:\/\/play.google.com\/store\/apps\/details?id=com.gamesarena.flying.bike.tricks.stunts&amp;referrer=utm_source=42matters.com&amp;utm_medium=api","activeCreativeID":"4829","scenes":["12","1","8","6","15","2","9"],"campaignAdType":"Interstitial","productId":"","purchaseBit":0,"licenseKey":""},{"campaignID":"85","attribution":0,"priority":"5","appToPromote":{"appToPromoteID":"1830","usesDefaultFrameImage":"0","usesDefaultCloseImage":"0","marketURL":"https:\/\/play.google.com\/store\/apps\/details?id=com.gss.offroad.uphill.extremetruckdriver","packageID":"com.gss.offroad.uphill.extremetruckdriver"},"showTemplate":1,"s2s_tracking_url":"https:\/\/play.google.com\/store\/apps\/details?id=com.gss.offroad.uphill.extremetruckdriver","activeCreativeID":"106","scenes":["12","1","8","6","15","2","9"],"campaignAdType":"Interstitial","productId":"","purchaseBit":0,"licenseKey":""},{"campaignID":"86","attribution":0,"priority":"5","appToPromote":{"appToPromoteID":"1823","usesDefaultFrameImage":"0","usesDefaultCloseImage":"0","marketURL":"https:\/\/play.google.com\/store\/apps\/details?id=com.vg.demolition.derby.extreme.car.stunts","packageID":"com.vg.demolition.derby.extreme.car.stunts"},"showTemplate":1,"s2s_tracking_url":"https:\/\/play.google.com\/store\/apps\/details?id=com.vg.demolition.derby.extreme.car.stunts","activeCreativeID":"109","scenes":["12","1","8","6","15","2","9"],"campaignAdType":"Interstitial","productId":"","purchaseBit":0,"licenseKey":""},{"campaignID":"93","attribution":0,"priority":"5","appToPromote":{"appToPromoteID":"1860","usesDefaultFrameImage":"0","usesDefaultCloseImage":"0","marketURL":"https:\/\/play.google.com\/store\/apps\/details?id=com.gss.vendetta.subwaycrime.rescue.mission","packageID":"com.gss.vendetta.subwaycrime.rescue.mission"},"showTemplate":1,"s2s_tracking_url":"https:\/\/play.google.com\/store\/apps\/details?id=com.gss.vendetta.subwaycrime.rescue.mission","activeCreativeID":"117","scenes":["12","1","8","6","15","2","9"],"campaignAdType":"Interstitial","productId":"","purchaseBit":0,"licenseKey":""},{"campaignID":"94","attribution":0,"priority":"5","appToPromote":{"appToPromoteID":"1843","usesDefaultFrameImage":"0","usesDefaultCloseImage":"0","marketURL":"https:\/\/play.google.com\/store\/apps\/details?id=com.vg.secret.agent.mafia.gods.criminal.gang","packageID":"com.vg.secret.agent.mafia.gods.criminal.gang"},"showTemplate":1,"s2s_tracking_url":"https:\/\/play.google.com\/store\/apps\/details?id=com.vg.secret.agent.mafia.gods.criminal.gang","activeCreativeID":"120","scenes":["12","1","8","6","15","2","9"],"campaignAdType":"Interstitial","productId":"","purchaseBit":0,"licenseKey":""},{"campaignID":"112","attribution":0,"priority":"5","appToPromote":{"appToPromoteID":"1998","usesDefaultFrameImage":"0","usesDefaultCloseImage":"0","marketURL":"https:\/\/play.google.com\/store\/apps\/details?id=com.gss.citygangster.underworldempire.mafia.crime","packageID":"com.gss.citygangster.underworldempire.mafia.crime"},"showTemplate":1,"s2s_tracking_url":"https:\/\/play.google.com\/store\/apps\/details?id=com.gss.citygangster.underworldempire.mafia.crime","activeCreativeID":"146","scenes":["12","1","8","6","15","2","9"],"campaignAdType":"Interstitial","productId":"","purchaseBit":0,"licenseKey":""},{"campaignID":"132","attribution":0,"priority":"5","appToPromote":{"appToPromoteID":"2109","usesDefaultFrameImage":"0","usesDefaultCloseImage":"0","marketURL":"https:\/\/play.google.com\/store\/apps\/details?id=com.gss.us.army.commando.survival","packageID":"com.gss.us.army.commando.survival"},"showTemplate":1,"s2s_tracking_url":"https:\/\/play.google.com\/store\/apps\/details?id=com.gss.us.army.commando.survival","activeCreativeID":"171","scenes":["12","1","8","6","15","2","9"],"campaignAdType":"Interstitial","productId":"","purchaseBit":0,"licenseKey":""},{"campaignID":"133","attribution":0,"priority":"5","appToPromote":{"appToPromoteID":"2118","usesDefaultFrameImage":"0","usesDefaultCloseImage":"0","marketURL":"https:\/\/play.google.com\/store\/apps\/details?id=com.vg.us.war.mafia.gang.vegas.crime","packageID":"com.vg.us.war.mafia.gang.vegas.crime"},"showTemplate":1,"s2s_tracking_url":"https:\/\/play.google.com\/store\/apps\/details?id=com.vg.us.war.mafia.gang.vegas.crime","activeCreativeID":"172","scenes":["12","1","8","6","15","2","9"],"campaignAdType":"Interstitial","productId":"","purchaseBit":0,"licenseKey":""},{"campaignID":"152","attribution":0,"priority":"5","appToPromote":{"appToPromoteID":"1348","usesDefaultFrameImage":"0","usesDefaultCloseImage":"0","marketURL":"https:\/\/play.google.com\/store\/apps\/details?id=com.gss.police.sniper.prison.gaurd","packageID":"com.gss.police.sniper.prison.gaurd"},"showTemplate":1,"s2s_tracking_url":"https:\/\/play.google.com\/store\/apps\/details?id=com.gss.police.sniper.prison.gaurd","activeCreativeID":"192","scenes":["12","1","8","6","15","2","9"],"campaignAdType":"Interstitial","productId":"","purchaseBit":0,"licenseKey":""},{"campaignID":"158","attribution":0,"priority":"5","appToPromote":{"appToPromoteID":"2223","usesDefaultFrameImage":"0","usesDefaultCloseImage":"0","marketURL":"https:\/\/play.google.com\/store\/apps\/details?id=com.vg.counter.mafia.squad.army.training","packageID":"com.vg.counter.mafia.squad.army.training"},"showTemplate":1,"s2s_tracking_url":"https:\/\/play.google.com\/store\/apps\/details?id=com.vg.counter.mafia.squad.army.training","activeCreativeID":"204","scenes":["12","1","8","6","15","2","9"],"campaignAdType":"Interstitial","productId":"","purchaseBit":0,"licenseKey":""},{"campaignID":"162","attribution":0,"priority":"5","appToPromote":{"appToPromoteID":"2268","usesDefaultFrameImage":"0","usesDefaultCloseImage":"0","marketURL":"https:\/\/play.google.com\/store\/apps\/details?id=com.vg.prisoner.escape.survival.hero","packageID":"com.vg.prisoner.escape.survival.hero"},"showTemplate":1,"s2s_tracking_url":"https:\/\/play.google.com\/store\/apps\/details?id=com.vg.prisoner.escape.survival.hero","activeCreativeID":"206","scenes":["12","1","8","6","15","2","9"],"campaignAdType":"Interstitial","productId":"","purchaseBit":0,"licenseKey":""},{"campaignID":"163","attribution":0,"priority":"5","appToPromote":{"appToPromoteID":"2349","usesDefaultFrameImage":"0","usesDefaultCloseImage":"0","marketURL":"https:\/\/play.google.com\/store\/apps\/details?id=com.gss.city.war.survival.robothero","packageID":"com.gss.city.war.survival.robothero"},"showTemplate":1,"s2s_tracking_url":"https:\/\/play.google.com\/store\/apps\/details?id=com.gss.city.war.survival.robothero","activeCreativeID":"207","scenes":["12","1","8","6","15","2","9"],"campaignAdType":"Interstitial","productId":"","purchaseBit":0,"licenseKey":""},{"campaignID":"169","attribution":0,"priority":"5","appToPromote":{"appToPromoteID":"2414","usesDefaultFrameImage":"0","usesDefaultCloseImage":"0","marketURL":"https:\/\/play.google.com\/store\/apps\/details?id=com.gamefeast.armyheroes.us.military.training","packageID":"com.gamefeast.armyheroes.us.military.training"},"showTemplate":1,"s2s_tracking_url":"https:\/\/play.google.com\/store\/apps\/details?id=com.gamefeast.armyheroes.us.military.training","activeCreativeID":"220","scenes":["12","1","8","6","15","2","9"],"campaignAdType":"Interstitial","productId":"","purchaseBit":0,"licenseKey":""},{"campaignID":"207","attribution":0,"priority":"5","appToPromote":{"appToPromoteID":"2450","usesDefaultFrameImage":"0","usesDefaultCloseImage":"0","marketURL":"https:\/\/play.google.com\/store\/apps\/details?id=com.gss.army.commando.survivalisland","packageID":"com.gss.army.commando.survivalisland"},"showTemplate":1,"s2s_tracking_url":"https:\/\/play.google.com\/store\/apps\/details?id=com.gss.army.commando.survivalisland","activeCreativeID":"281","scenes":["12","1","8","6","15","2","9"],"campaignAdType":"Interstitial","productId":"","purchaseBit":0,"licenseKey":""},{"campaignID":"332","attribution":0,"priority":"5","appToPromote":{"appToPromoteID":"2857","usesDefaultFrameImage":"0","usesDefaultCloseImage":"0","marketURL":"https:\/\/play.google.com\/store\/apps\/details?id=com.gss.robot.battle.robbery.squad","packageID":"com.gss.robot.battle.robbery.squad"},"showTemplate":1,"s2s_tracking_url":"https:\/\/play.google.com\/store\/apps\/details?id=com.gss.robot.battle.robbery.squad","activeCreativeID":"343","scenes":["12","1","8","6","15","2","9"],"campaignAdType":"Interstitial","productId":"","purchaseBit":0,"licenseKey":""},{"campaignID":"336","attribution":0,"priority":"5","appToPromote":{"appToPromoteID":"2941","usesDefaultFrameImage":"0","usesDefaultCloseImage":"0","marketURL":"https:\/\/play.google.com\/store\/apps\/details?id=com.vg.us.army.war.survival.island","packageID":"com.vg.us.army.war.survival.island"},"showTemplate":1,"s2s_tracking_url":"https:\/\/play.google.com\/store\/apps\/details?id=com.vg.us.army.war.survival.island","activeCreativeID":"347","scenes":["12","1","8","6","15","2","9"],"campaignAdType":"Interstitial","productId":"","purchaseBit":0,"licenseKey":""},{"campaignID":"357","attribution":0,"priority":"5","appToPromote":{"appToPromoteID":"2741","usesDefaultFrameImage":"0","usesDefaultCloseImage":"0","marketURL":"https:\/\/play.google.com\/store\/apps\/details?id=com.gss.us.air.jetfighter.warrior","packageID":"com.gss.us.air.jetfighter.warrior"},"showTemplate":1,"s2s_tracking_url":"https:\/\/play.google.com\/store\/apps\/details?id=com.gss.us.air.jetfighter.warrior","activeCreativeID":"376","scenes":["12","1","8","6","15","2","9"],"campaignAdType":"Interstitial","productId":"","purchaseBit":0,"licenseKey":""},{"campaignID":"364","attribution":0,"priority":"5","appToPromote":{"appToPromoteID":"2552","usesDefaultFrameImage":"0","usesDefaultCloseImage":"0","marketURL":"https:\/\/play.google.com\/store\/apps\/details?id=com.gss.grand.city.rescue.flyingrobot","packageID":"com.gss.grand.city.rescue.flyingrobot"},"showTemplate":1,"s2s_tracking_url":"https:\/\/play.google.com\/store\/apps\/details?id=com.gss.grand.city.rescue.flyingrobot","activeCreativeID":"309","scenes":["12","1","8","6","15","2","9"],"campaignAdType":"Interstitial","productId":"","purchaseBit":0,"licenseKey":""},{"campaignID":"370","attribution":0,"priority":"5","appToPromote":{"appToPromoteID":"3065","usesDefaultFrameImage":"0","usesDefaultCloseImage":"0","marketURL":"https:\/\/play.google.com\/store\/apps\/details?id=com.gss.raft.survival.island.escape","packageID":"com.gss.raft.survival.island.escape"},"showTemplate":1,"s2s_tracking_url":"https:\/\/play.google.com\/store\/apps\/details?id=com.gss.raft.survival.island.escape","activeCreativeID":"391","scenes":["12","1","8","6","15","2","9"],"campaignAdType":"Interstitial","productId":"","purchaseBit":0,"licenseKey":""},{"campaignID":"417","attribution":0,"priority":"5","appToPromote":{"appToPromoteID":"3227","usesDefaultFrameImage":"0","usesDefaultCloseImage":"0","marketURL":"https:\/\/play.google.com\/store\/apps\/details?id=com.vg.hero.kids.army.training.school","packageID":"com.vg.hero.kids.army.training.school"},"showTemplate":1,"s2s_tracking_url":"https:\/\/play.google.com\/store\/apps\/details?id=com.vg.hero.kids.army.training.school","activeCreativeID":"454","scenes":["12","1","8","6","15","2","9"],"campaignAdType":"Interstitial","productId":"","purchaseBit":0,"licenseKey":""},{"campaignID":"433","attribution":0,"priority":"5","appToPromote":{"appToPromoteID":"3339","usesDefaultFrameImage":"0","usesDefaultCloseImage":"0","marketURL":"https:\/\/play.google.com\/store\/apps\/details?id=com.gss.battle.force.counterterrorist","packageID":"com.gss.battle.force.counterterrorist"},"showTemplate":1,"s2s_tracking_url":"https:\/\/play.google.com\/store\/apps\/details?id=com.gss.battle.force.counterterrorist","activeCreativeID":"477","scenes":["12","1","8","6","15","2","9"],"campaignAdType":"Interstitial","productId":"","purchaseBit":0,"licenseKey":""},{"campaignID":"436","attribution":0,"priority":"5","appToPromote":{"appToPromoteID":"3282","usesDefaultFrameImage":"0","usesDefaultCloseImage":"0","marketURL":"https:\/\/play.google.com\/store\/apps\/details?id=com.tgp.city.rescue.survival.flyinghero","packageID":"com.tgp.city.rescue.survival.flyinghero"},"showTemplate":1,"s2s_tracking_url":"https:\/\/play.google.com\/store\/apps\/details?id=com.tgp.city.rescue.survival.flyinghero","activeCreativeID":"478","scenes":["12","1","8","6","15","2","9"],"campaignAdType":"Interstitial","productId":"","purchaseBit":0,"licenseKey":""},{"campaignID":"446","attribution":0,"priority":"5","appToPromote":{"appToPromoteID":"3390","usesDefaultFrameImage":"0","usesDefaultCloseImage":"0","marketURL":"https:\/\/play.google.com\/store\/apps\/details?id=com.gss.flying.spider.superhero.survival","packageID":"com.gss.flying.spider.superhero.survival"},"showTemplate":1,"s2s_tracking_url":"https:\/\/play.google.com\/store\/apps\/details?id=com.gss.flying.spider.superhero.survival","activeCreativeID":"488","scenes":["12","1","8","6","15","2","9"],"campaignAdType":"Interstitial","productId":"","purchaseBit":0,"licenseKey":""}],"refreshAdRate":30,"mode":"Production","aspectRatio":"4_3","cdnPath":"https:\/\/df8ymybeo92md.cloudfront.net\/images\/","sentry_log":0,"local_logging":0,"sentry_dsn":"https:\/\/93ffa1c9a4124f67b8888a53265f751a:bbf998e04584477fa9a145838e9d3b26@sentry.io\/168994","sentry_initialization":1,"sentry_debugging":0,"bannerSizes":["1"],"aspectRatioVideo":"16_9","app_id":"2007","showPreRewardedDialogue":0,"showPostRewardedDialogue":0,"rewardCurrency":"coins","rewardValue":0,"isSkipable":0,"privacyPolicyURL":"https:\/\/www.consoliads.com\/privacy-policy\/","sessionToken":"tWhAd2CBOZqidphtIwYN5i8OEW\/SGKUP0ZTpzMTxm0M2v5BNIRLooOyEhc05Yc2ZESHsNmzKvvbHTUYd5tlEYeUQ7V\/\/e4BiSWuOvkr0D9X8sEoA\/K85Hsnxwbpyr8WjqYYoxulIL5YyWoSrWREFiAx2GdYPmuTPcXHa1s87DlM="}
Session token value is set


{"appKey":"4d80502e5e231c73aef56bc16c23e28e","deviceID":"8309","stats":[{"campaignID":115,"packageID":"com.tgp.multistorey.car.transporter.truck","sceneStats":[{"sceneID":"21","eventStats":"383,283,183,83,83,0,0"}]}],"sdkVersion":"2163","sessionToken":"tWhAd2CBOZqidphtIwYN5i8OEW\/SGKUP0ZTpzMTxm0M2v5BNIRLooOyEhc05Yc2ZESHsNmzKvvbHTUYd5tlEYeUQ7V\/\/e4BiSWuOvkr0D9X8sEoA\/K85Hsnxwbpyr8WjqYYoxulIL5YyWoSrWREFiAx2GdYPmuTPcXHa1s87DlM="}
cache_ttl value is correct

Refresh Ad Rate value is correct
mode value is set

 Aspect ratio value is correct
sentry_log value is set
local_logging value is set
sentry_initialization value is set
sentry_debugging value is set
showPreRewardedDialogue value is set
showPostRewardedDialogue value is set
isSkipable value is set
{"cache_ttl":10080,"cache_ttl_rewarded":10080,"cache_ttl_banner":10080,"cache_ttl_native":10080,"cache_ttl_icon":10080,"campaigns":[{"campaignID":"9384","attribution":0,"priority":"5","appToPromote":{"appToPromoteID":"13185","usesDefaultFrameImage":"0","usesDefaultCloseImage":"0","marketURL":"https:\/\/play.google.com\/store\/apps\/details?id=com.gamesarena.flying.bike.tricks.stunts&amp;referrer=utm_source=42matters.com&amp;utm_medium=api","packageID":"com.gamesarena.flying.bike.tricks.stunts"},"showTemplate":1,"s2s_tracking_url":"https:\/\/play.google.com\/store\/apps\/details?id=com.gamesarena.flying.bike.tricks.stunts&amp;referrer=utm_source=42matters.com&amp;utm_medium=api","activeCreativeID":"4829","scenes":["12","1","8","6","15","2"],"campaignAdType":"Interstitial","productId":"","purchaseBit":0,"licenseKey":""},{"campaignID":"9386","attribution":0,"priority":"5","appToPromote":{"appToPromoteID":"17764","usesDefaultFrameImage":"0","usesDefaultCloseImage":"0","marketURL":"https:\/\/play.google.com\/store\/apps\/details?id=com.visiblebody.atlas&amp;referrer=utm_source=42matters.com&amp;utm_medium=api","packageID":"com.gamesarena..test6324"},"showTemplate":1,"s2s_tracking_url":"https:\/\/play.google.com\/store\/apps\/details?id=com.visiblebody.atlas&amp;referrer=utm_source=42matters.com&amp;utm_medium=api","activeCreativeID":"4828","scenes":["12","1","8","6","15","2"],"campaignAdType":"Interstitial","productId":"","purchaseBit":0,"licenseKey":""},{"campaignID":"9389","attribution":0,"priority":"5","appToPromote":{"appToPromoteID":"13185","usesDefaultFrameImage":"0","usesDefaultCloseImage":"0","marketURL":"https:\/\/play.google.com\/store\/apps\/details?id=com.gamesarena.flying.bike.tricks.stunts&amp;referrer=utm_source=42matters.com&amp;utm_medium=api","packageID":"com.gamesarena.flying.bike.tricks.stunts"},"showTemplate":1,"s2s_tracking_url":"https:\/\/play.google.com\/store\/apps\/details?id=com.gamesarena.flying.bike.tricks.stunts&amp;referrer=utm_source=42matters.com&amp;utm_medium=api","activeCreativeID":"4829","scenes":["12","1","8","6","15","2"],"campaignAdType":"Interstitial","productId":"","purchaseBit":0,"licenseKey":""},{"campaignID":"9710","attribution":0,"priority":"5","appToPromote":{"appToPromoteID":"11385","usesDefaultFrameImage":"0","usesDefaultCloseImage":"0","marketURL":"https:\/\/play.google.com\/store\/apps\/details?id=com.play.io.car.mechanic.auto.repair.workshop","packageID":"com.play.io.car.mechanic.auto.repair.workshop"},"showTemplate":1,"s2s_tracking_url":"https:\/\/play.google.com\/store\/apps\/details?id=com.play.io.car.mechanic.auto.repair.workshop","activeCreativeID":"1309","scenes":["12","1","8","6","15","2"],"campaignAdType":"Video","productId":"","purchaseBit":0,"licenseKey":""},{"campaignID":"98","attribution":0,"priority":"5","appToPromote":{"appToPromoteID":"1937","usesDefaultFrameImage":"0","usesDefaultCloseImage":"0","marketURL":"https:\/\/play.google.com\/store\/apps\/details?id=com.gss.offroad.policetransporttruck","packageID":"com.gss.offroad.policetransporttruck"},"showTemplate":1,"s2s_tracking_url":"https:\/\/play.google.com\/store\/apps\/details?id=com.gss.offroad.policetransporttruck","activeCreativeID":"124","scenes":["12","1","8","6","15","2"],"campaignAdType":"Interstitial","productId":"","purchaseBit":0,"licenseKey":""},{"campaignID":"111","attribution":0,"priority":"5","appToPromote":{"appToPromoteID":"1969","usesDefaultFrameImage":"0","usesDefaultCloseImage":"0","marketURL":"https:\/\/play.google.com\/store\/apps\/details?id=com.vg.moto.airplane.transporter.police.plane","packageID":"com.vg.moto.airplane.transporter.police.plane"},"showTemplate":1,"s2s_tracking_url":"https:\/\/play.google.com\/store\/apps\/details?id=com.vg.moto.airplane.transporter.police.plane","activeCreativeID":"143","scenes":["12","1","8","6","15","2"],"campaignAdType":"Interstitial","productId":"","purchaseBit":0,"licenseKey":""},{"campaignID":"139","attribution":0,"priority":"5","appToPromote":{"appToPromoteID":"2150","usesDefaultFrameImage":"0","usesDefaultCloseImage":"0","marketURL":"https:\/\/play.google.com\/store\/apps\/details?id=com.gss.traffic.rush.crazy.bike.rider","packageID":"com.gss.traffic.rush.crazy.bike.rider"},"showTemplate":1,"s2s_tracking_url":"https:\/\/play.google.com\/store\/apps\/details?id=com.gss.traffic.rush.crazy.bike.rider","activeCreativeID":"179","scenes":["12","1","8","6","15","2"],"campaignAdType":"Interstitial","productId":"","purchaseBit":0,"licenseKey":""},{"campaignID":"142","attribution":0,"priority":"5","appToPromote":{"appToPromoteID":"2164","usesDefaultFrameImage":"0","usesDefaultCloseImage":"0","marketURL":"https:\/\/play.google.com\/store\/apps\/details?id=com.vg.police.demolition.derby.crash.racing","packageID":"com.vg.police.demolition.derby.crash.racing"},"showTemplate":1,"s2s_tracking_url":"https:\/\/play.google.com\/store\/apps\/details?id=com.vg.police.demolition.derby.crash.racing","activeCreativeID":"182","scenes":["12","1","8","6","15","2"],"campaignAdType":"Interstitial","productId":"","purchaseBit":0,"licenseKey":""},{"campaignID":"146","attribution":0,"priority":"5","appToPromote":{"appToPromoteID":"2225","usesDefaultFrameImage":"0","usesDefaultCloseImage":"0","marketURL":"https:\/\/play.google.com\/store\/apps\/details?id=com.gss.offroad.policebiketransport","packageID":"com.gss.offroad.policebiketransport"},"showTemplate":1,"s2s_tracking_url":"https:\/\/play.google.com\/store\/apps\/details?id=com.gss.offroad.policebiketransport","activeCreativeID":"187","scenes":["12","1","8","6","15","2"],"campaignAdType":"Interstitial","productId":"","purchaseBit":0,"licenseKey":""},{"campaignID":"149","attribution":0,"priority":"5","appToPromote":{"appToPromoteID":"2224","usesDefaultFrameImage":"0","usesDefaultCloseImage":"0","marketURL":"https:\/\/play.google.com\/store\/apps\/details?id=com.vg.mega.city.construction.building.sim","packageID":"com.vg.mega.city.construction.building.sim"},"showTemplate":1,"s2s_tracking_url":"https:\/\/play.google.com\/store\/apps\/details?id=com.vg.mega.city.construction.building.sim","activeCreativeID":"191","scenes":["12","1","8","6","15","2"],"campaignAdType":"Interstitial","productId":"","purchaseBit":0,"licenseKey":""},{"campaignID":"150","attribution":0,"priority":"5","appToPromote":{"appToPromoteID":"2224","usesDefaultFrameImage":"0","usesDefaultCloseImage":"0","marketURL":"https:\/\/play.google.com\/store\/apps\/details?id=com.vg.mega.city.construction.building.sim","packageID":"com.vg.mega.city.construction.building.sim"},"showTemplate":1,"s2s_tracking_url":"https:\/\/play.google.com\/store\/apps\/details?id=com.vg.mega.city.construction.building.sim","activeCreativeID":"191","scenes":["12","1","8","6","15","2"],"campaignAdType":"Interstitial","productId":"","purchaseBit":0,"licenseKey":""},{"campaignID":"155","attribution":0,"priority":"5","appToPromote":{"appToPromoteID":"2226","usesDefaultFrameImage":"0","usesDefaultCloseImage":"0","marketURL":"https:\/\/play.google.com\/store\/apps\/details?id=com.gss.garage.workshop.carmehanic","packageID":"com.gss.garage.workshop.carmehanic"},"showTemplate":1,"s2s_tracking_url":"https:\/\/play.google.com\/store\/apps\/details?id=com.gss.garage.workshop.carmehanic","activeCreativeID":"197","scenes":["12","1","8","6","15","2"],"campaignAdType":"Interstitial","productId":"","purchaseBit":0,"licenseKey":""},{"campaignID":"156","attribution":0,"priority":"5","appToPromote":{"appToPromoteID":"2227","usesDefaultFrameImage":"0","usesDefaultCloseImage":"0","marketURL":"https:\/\/play.google.com\/store\/apps\/details?id=com.tgp.offroad.extreme.multi.cargotruck","packageID":"com.tgp.offroad.extreme.multi.cargotruck"},"showTemplate":1,"s2s_tracking_url":"https:\/\/play.google.com\/store\/apps\/details?id=com.tgp.offroad.extreme.multi.cargotruck","activeCreativeID":"198","scenes":["12","1","8","6","15","2"],"campaignAdType":"Interstitial","productId":"","purchaseBit":0,"licenseKey":""},{"campaignID":"163","attribution":0,"priority":"5","appToPromote":{"appToPromoteID":"2349","usesDefaultFrameImage":"0","usesDefaultCloseImage":"0","marketURL":"https:\/\/play.google.com\/store\/apps\/details?id=com.gss.city.war.survival.robothero","packageID":"com.gss.city.war.survival.robothero"},"showTemplate":1,"s2s_tracking_url":"https:\/\/play.google.com\/store\/apps\/details?id=com.gss.city.war.survival.robothero","activeCreativeID":"207","scenes":["12","1","8","6","15","2"],"campaignAdType":"Interstitial","productId":"","purchaseBit":0,"licenseKey":""},{"campaignID":"164","attribution":0,"priority":"5","appToPromote":{"appToPromoteID":"2350","usesDefaultFrameImage":"0","usesDefaultCloseImage":"0","marketURL":"https:\/\/play.google.com\/store\/apps\/details?id=com.tgp.car.robot.transport.truck","packageID":"com.tgp.car.robot.transport.truck"},"showTemplate":1,"s2s_tracking_url":"https:\/\/play.google.com\/store\/apps\/details?id=com.tgp.car.robot.transport.truck","activeCreativeID":"211","scenes":["12","1","8","6","15","2"],"campaignAdType":"Interstitial","productId":"","purchaseBit":0,"licenseKey":""},{"campaignID":"166","attribution":0,"priority":"5","appToPromote":{"appToPromoteID":"2273","usesDefaultFrameImage":"0","usesDefaultCloseImage":"0","marketURL":"https:\/\/play.google.com\/store\/apps\/details?id=com.gss.police.automechanic.repair.workshop","packageID":"com.gss.police.automechanic.repair.workshop"},"showTemplate":1,"s2s_tracking_url":"https:\/\/play.google.com\/store\/apps\/details?id=com.gss.police.automechanic.repair.workshop","activeCreativeID":"217","scenes":["12","1","8","6","15","2"],"campaignAdType":"Interstitial","productId":"","purchaseBit":0,"licenseKey":""},{"campaignID":"167","attribution":0,"priority":"5","appToPromote":{"appToPromoteID":"2348","usesDefaultFrameImage":"0","usesDefaultCloseImage":"0","marketURL":"https:\/\/play.google.com\/store\/apps\/details?id=com.vg.rollercoaster.crazy.tycoon.tour","packageID":"com.vg.rollercoaster.crazy.tycoon.tour"},"showTemplate":1,"s2s_tracking_url":"https:\/\/play.google.com\/store\/apps\/details?id=com.vg.rollercoaster.crazy.tycoon.tour","activeCreativeID":"218","scenes":["12","1","8","6","15","2"],"campaignAdType":"Interstitial","productId":"","purchaseBit":0,"licenseKey":""},{"campaignID":"214","attribution":0,"priority":"5","appToPromote":{"appToPromoteID":"2613","usesDefaultFrameImage":"0","usesDefaultCloseImage":"0","marketURL":"https:\/\/play.google.com\/store\/apps\/details?id=com.gss.robot.bike.transport.truck","packageID":"com.gss.robot.bike.transport.truck"},"showTemplate":1,"s2s_tracking_url":"https:\/\/play.google.com\/store\/apps\/details?id=com.gss.robot.bike.transport.truck","activeCreativeID":"295","scenes":["12","1","8","6","15","2"],"campaignAdType":"Interstitial","productId":"","purchaseBit":0,"licenseKey":""},{"campaignID":"303","attribution":0,"priority":"5","appToPromote":{"appToPromoteID":"2642","usesDefaultFrameImage":"0","usesDefaultCloseImage":"0","marketURL":"https:\/\/play.google.com\/store\/apps\/details?id=com.tgp.offroad.robot.transport.truck","packageID":"com.tgp.offroad.robot.transport.truck"},"showTemplate":1,"s2s_tracking_url":"https:\/\/play.google.com\/store\/apps\/details?id=com.tgp.offroad.robot.transport.truck","activeCreativeID":"310","scenes":["12","1","8","6","15","2"],"campaignAdType":"Interstitial","productId":"","purchaseBit":0,"licenseKey":""},{"campaignID":"358","attribution":0,"priority":"5","appToPromote":{"appToPromoteID":"2917","usesDefaultFrameImage":"0","usesDefaultCloseImage":"0","marketURL":"https:\/\/play.google.com\/store\/apps\/details?id=com.gamefeast.touristbus.highway.driver.sim","packageID":"com.gamefeast.touristbus.highway.driver.sim"},"showTemplate":1,"s2s_tracking_url":"https:\/\/play.google.com\/store\/apps\/details?id=com.gamefeast.touristbus.highway.driver.sim","activeCreativeID":"377","scenes":["12","1","8","6","15","2"],"campaignAdType":"Interstitial","productId":"","purchaseBit":0,"licenseKey":""},{"campaignID":"370","attribution":0,"priority":"5","appToPromote":{"appToPromoteID":"3065","usesDefaultFrameImage":"0","usesDefaultCloseImage":"0","marketURL":"https:\/\/play.google.com\/store\/apps\/details?id=com.gss.raft.survival.island.escape","packageID":"com.gss.raft.survival.island.escape"},"showTemplate":1,"s2s_tracking_url":"https:\/\/play.google.com\/store\/apps\/details?id=com.gss.raft.survival.island.escape","activeCreativeID":"391","scenes":["12","1","8","6","15","2"],"campaignAdType":"Interstitial","productId":"","purchaseBit":0,"licenseKey":""},{"campaignID":"371","attribution":0,"priority":"5","appToPromote":{"appToPromoteID":"3117","usesDefaultFrameImage":"0","usesDefaultCloseImage":"0","marketURL":"https:\/\/play.google.com\/store\/apps\/details?id=com.vg.fast.car.driver.furiousracing","packageID":"com.vg.fast.car.driver.furiousracing"},"showTemplate":1,"s2s_tracking_url":"https:\/\/play.google.com\/store\/apps\/details?id=com.vg.fast.car.driver.furiousracing","activeCreativeID":"392","scenes":["12","1","8","6","15","2"],"campaignAdType":"Interstitial","productId":"","purchaseBit":0,"licenseKey":""},{"campaignID":"372","attribution":0,"priority":"5","appToPromote":{"appToPromoteID":"2938","usesDefaultFrameImage":"0","usesDefaultCloseImage":"0","marketURL":"https:\/\/play.google.com\/store\/apps\/details?id=com.tgp.offroad.us.army.transport","packageID":"com.tgp.offroad.us.army.transport"},"showTemplate":1,"s2s_tracking_url":"https:\/\/play.google.com\/store\/apps\/details?id=com.tgp.offroad.us.army.transport","activeCreativeID":"393","scenes":["12","1","8","6","15","2"],"campaignAdType":"Interstitial","productId":"","purchaseBit":0,"licenseKey":""},{"campaignID":"396","attribution":0,"priority":"5","appToPromote":{"appToPromoteID":"3019","usesDefaultFrameImage":"0","usesDefaultCloseImage":"0","marketURL":"https:\/\/play.google.com\/store\/apps\/details?id=com.gss.robot.car.transport.truck","packageID":"com.gss.robot.car.transport.truck"},"showTemplate":1,"s2s_tracking_url":"https:\/\/play.google.com\/store\/apps\/details?id=com.gss.robot.car.transport.truck","activeCreativeID":"420","scenes":["12","1","8","6","15","2"],"campaignAdType":"Interstitial","productId":"","purchaseBit":0,"licenseKey":""},{"campaignID":"397","attribution":0,"priority":"5","appToPromote":{"appToPromoteID":"3108","usesDefaultFrameImage":"0","usesDefaultCloseImage":"0","marketURL":"https:\/\/play.google.com\/store\/apps\/details?id=com.vg.amazing.city.coachbusdriver","packageID":"com.vg.amazing.city.coachbusdriver"},"showTemplate":1,"s2s_tracking_url":"https:\/\/play.google.com\/store\/apps\/details?id=com.vg.amazing.city.coachbusdriver","activeCreativeID":"417","scenes":["12","1","8","6","15","2"],"campaignAdType":"Interstitial","productId":"","purchaseBit":0,"licenseKey":""}],"refreshAdRate":30,"mode":"Production","aspectRatio":"4_3","cdnPath":"https:\/\/df8ymybeo92md.cloudfront.net\/images\/","sentry_log":0,"local_logging":0,"sentry_dsn":"https:\/\/93ffa1c9a4124f67b8888a53265f751a:bbf998e04584477fa9a145838e9d3b26@sentry.io\/168994","sentry_initialization":1,"sentry_debugging":0,"bannerSizes":["1"],"aspectRatioVideo":"16_9","app_id":"2018","showPreRewardedDialogue":0,"showPostRewardedDialogue":0,"rewardCurrency":"coins","rewardValue":0,"isSkipable":0,"privacyPolicyURL":"https:\/\/www.consoliads.com\/privacy-policy\/","sessionToken":"hWctIMEQeKnyOuH8SVtT8a6Q1wEUfrzaaOZjF4bl\/VWsZPFFhnXR74g3rml9P+YBKx6YkVGya0JJMRmcaowz0SosqL8l\/Y4OCLkZEvGlR2Yy2cVIAr8YU+8GPqE3LQnt3eCbgLxjFead69K9jyegaJ7ghAGfcIbBO5kfy7KfdvM="}
Session token value is set


{"appKey":"4d80502e5e231c73aef56bc16c23e28e","deviceID":"4133","stats":[{"campaignID":128,"packageID":"com.tgp.multistorey.car.transporter.truck","sceneStats":[{"sceneID":"11","eventStats":"341,241,141,41,41,0,0"}]}],"sdkVersion":"2163","sessionToken":"hWctIMEQeKnyOuH8SVtT8a6Q1wEUfrzaaOZjF4bl\/VWsZPFFhnXR74g3rml9P+YBKx6YkVGya0JJMRmcaowz0SosqL8l\/Y4OCLkZEvGlR2Yy2cVIAr8YU+8GPqE3LQnt3eCbgLxjFead69K9jyegaJ7ghAGfcIbBO5kfy7KfdvM="}
cache_ttl value is correct

Refresh Ad Rate value is correct
mode value is set

 Aspect ratio value is correct
sentry_log value is set
local_logging value is set
sentry_initialization value is set
sentry_debugging value is set
showPreRewardedDialogue value is set
showPostRewardedDialogue value is set
isSkipable value is set
{"cache_ttl":10080,"cache_ttl_rewarded":10080,"cache_ttl_banner":10080,"cache_ttl_native":10080,"cache_ttl_icon":10080,"campaigns":[{"campaignID":"9384","attribution":0,"priority":"5","appToPromote":{"appToPromoteID":"13185","usesDefaultFrameImage":"0","usesDefaultCloseImage":"0","marketURL":"https:\/\/play.google.com\/store\/apps\/details?id=com.gamesarena.flying.bike.tricks.stunts&amp;referrer=utm_source=42matters.com&amp;utm_medium=api","packageID":"com.gamesarena.flying.bike.tricks.stunts"},"showTemplate":1,"s2s_tracking_url":"https:\/\/play.google.com\/store\/apps\/details?id=com.gamesarena.flying.bike.tricks.stunts&amp;referrer=utm_source=42matters.com&amp;utm_medium=api","activeCreativeID":"4829","scenes":["12","1","8","6","15","2"],"campaignAdType":"Interstitial","productId":"","purchaseBit":0,"licenseKey":""},{"campaignID":"9386","attribution":0,"priority":"5","appToPromote":{"appToPromoteID":"17764","usesDefaultFrameImage":"0","usesDefaultCloseImage":"0","marketURL":"https:\/\/play.google.com\/store\/apps\/details?id=com.visiblebody.atlas&amp;referrer=utm_source=42matters.com&amp;utm_medium=api","packageID":"com.gamesarena..test6324"},"showTemplate":1,"s2s_tracking_url":"https:\/\/play.google.com\/store\/apps\/details?id=com.visiblebody.atlas&amp;referrer=utm_source=42matters.com&amp;utm_medium=api","activeCreativeID":"4828","scenes":["12","1","8","6","15","2"],"campaignAdType":"Interstitial","productId":"","purchaseBit":0,"licenseKey":""},{"campaignID":"9389","attribution":0,"priority":"5","appToPromote":{"appToPromoteID":"13185","usesDefaultFrameImage":"0","usesDefaultCloseImage":"0","marketURL":"https:\/\/play.google.com\/store\/apps\/details?id=com.gamesarena.flying.bike.tricks.stunts&amp;referrer=utm_source=42matters.com&amp;utm_medium=api","packageID":"com.gamesarena.flying.bike.tricks.stunts"},"showTemplate":1,"s2s_tracking_url":"https:\/\/play.google.com\/store\/apps\/details?id=com.gamesarena.flying.bike.tricks.stunts&amp;referrer=utm_source=42matters.com&amp;utm_medium=api","activeCreativeID":"4829","scenes":["12","1","8","6","15","2"],"campaignAdType":"Interstitial","productId":"","purchaseBit":0,"licenseKey":""},{"campaignID":"9710","attribution":0,"priority":"5","appToPromote":{"appToPromoteID":"11385","usesDefaultFrameImage":"0","usesDefaultCloseImage":"0","marketURL":"https:\/\/play.google.com\/store\/apps\/details?id=com.play.io.car.mechanic.auto.repair.workshop","packageID":"com.play.io.car.mechanic.auto.repair.workshop"},"showTemplate":1,"s2s_tracking_url":"https:\/\/play.google.com\/store\/apps\/details?id=com.play.io.car.mechanic.auto.repair.workshop","activeCreativeID":"1309","scenes":["12","1","8","6","15","2"],"campaignAdType":"Video","productId":"","purchaseBit":0,"licenseKey":""},{"campaignID":"98","attribution":0,"priority":"5","appToPromote":{"appToPromoteID":"1937","usesDefaultFrameImage":"0","usesDefaultCloseImage":"0","marketURL":"https:\/\/play.google.com\/store\/apps\/details?id=com.gss.offroad.policetransporttruck","packageID":"com.gss.offroad.policetransporttruck"},"showTemplate":1,"s2s_tracking_url":"https:\/\/play.google.com\/store\/apps\/details?id=com.gss.offroad.policetransporttruck","activeCreativeID":"124","scenes":["12","1","8","6","15","2"],"campaignAdType":"Interstitial","productId":"","purchaseBit":0,"licenseKey":""},{"campaignID":"111","attribution":0,"priority":"5","appToPromote":{"appToPromoteID":"1969","usesDefaultFrameImage":"0","usesDefaultCloseImage":"0","marketURL":"https:\/\/play.google.com\/store\/apps\/details?id=com.vg.moto.airplane.transporter.police.plane","packageID":"com.vg.moto.airplane.transporter.police.plane"},"showTemplate":1,"s2s_tracking_url":"https:\/\/play.google.com\/store\/apps\/details?id=com.vg.moto.airplane.transporter.police.plane","activeCreativeID":"143","scenes":["12","1","8","6","15","2"],"campaignAdType":"Interstitial","productId":"","purchaseBit":0,"licenseKey":""},{"campaignID":"139","attribution":0,"priority":"5","appToPromote":{"appToPromoteID":"2150","usesDefaultFrameImage":"0","usesDefaultCloseImage":"0","marketURL":"https:\/\/play.google.com\/store\/apps\/details?id=com.gss.traffic.rush.crazy.bike.rider","packageID":"com.gss.traffic.rush.crazy.bike.rider"},"showTemplate":1,"s2s_tracking_url":"https:\/\/play.google.com\/store\/apps\/details?id=com.gss.traffic.rush.crazy.bike.rider","activeCreativeID":"179","scenes":["12","1","8","6","15","2"],"campaignAdType":"Interstitial","productId":"","purchaseBit":0,"licenseKey":""},{"campaignID":"142","attribution":0,"priority":"5","appToPromote":{"appToPromoteID":"2164","usesDefaultFrameImage":"0","usesDefaultCloseImage":"0","marketURL":"https:\/\/play.google.com\/store\/apps\/details?id=com.vg.police.demolition.derby.crash.racing","packageID":"com.vg.police.demolition.derby.crash.racing"},"showTemplate":1,"s2s_tracking_url":"https:\/\/play.google.com\/store\/apps\/details?id=com.vg.police.demolition.derby.crash.racing","activeCreativeID":"182","scenes":["12","1","8","6","15","2"],"campaignAdType":"Interstitial","productId":"","purchaseBit":0,"licenseKey":""},{"campaignID":"146","attribution":0,"priority":"5","appToPromote":{"appToPromoteID":"2225","usesDefaultFrameImage":"0","usesDefaultCloseImage":"0","marketURL":"https:\/\/play.google.com\/store\/apps\/details?id=com.gss.offroad.policebiketransport","packageID":"com.gss.offroad.policebiketransport"},"showTemplate":1,"s2s_tracking_url":"https:\/\/play.google.com\/store\/apps\/details?id=com.gss.offroad.policebiketransport","activeCreativeID":"187","scenes":["12","1","8","6","15","2"],"campaignAdType":"Interstitial","productId":"","purchaseBit":0,"licenseKey":""},{"campaignID":"149","attribution":0,"priority":"5","appToPromote":{"appToPromoteID":"2224","usesDefaultFrameImage":"0","usesDefaultCloseImage":"0","marketURL":"https:\/\/play.google.com\/store\/apps\/details?id=com.vg.mega.city.construction.building.sim","packageID":"com.vg.mega.city.construction.building.sim"},"showTemplate":1,"s2s_tracking_url":"https:\/\/play.google.com\/store\/apps\/details?id=com.vg.mega.city.construction.building.sim","activeCreativeID":"191","scenes":["12","1","8","6","15","2"],"campaignAdType":"Interstitial","productId":"","purchaseBit":0,"licenseKey":""},{"campaignID":"150","attribution":0,"priority":"5","appToPromote":{"appToPromoteID":"2224","usesDefaultFrameImage":"0","usesDefaultCloseImage":"0","marketURL":"https:\/\/play.google.com\/store\/apps\/details?id=com.vg.mega.city.construction.building.sim","packageID":"com.vg.mega.city.construction.building.sim"},"showTemplate":1,"s2s_tracking_url":"https:\/\/play.google.com\/store\/apps\/details?id=com.vg.mega.city.construction.building.sim","activeCreativeID":"191","scenes":["12","1","8","6","15","2"],"campaignAdType":"Interstitial","productId":"","purchaseBit":0,"licenseKey":""},{"campaignID":"155","attribution":0,"priority":"5","appToPromote":{"appToPromoteID":"2226","usesDefaultFrameImage":"0","usesDefaultCloseImage":"0","marketURL":"https:\/\/play.google.com\/store\/apps\/details?id=com.gss.garage.workshop.carmehanic","packageID":"com.gss.garage.workshop.carmehanic"},"showTemplate":1,"s2s_tracking_url":"https:\/\/play.google.com\/store\/apps\/details?id=com.gss.garage.workshop.carmehanic","activeCreativeID":"197","scenes":["12","1","8","6","15","2"],"campaignAdType":"Interstitial","productId":"","purchaseBit":0,"licenseKey":""},{"campaignID":"156","attribution":0,"priority":"5","appToPromote":{"appToPromoteID":"2227","usesDefaultFrameImage":"0","usesDefaultCloseImage":"0","marketURL":"https:\/\/play.google.com\/store\/apps\/details?id=com.tgp.offroad.extreme.multi.cargotruck","packageID":"com.tgp.offroad.extreme.multi.cargotruck"},"showTemplate":1,"s2s_tracking_url":"https:\/\/play.google.com\/store\/apps\/details?id=com.tgp.offroad.extreme.multi.cargotruck","activeCreativeID":"198","scenes":["12","1","8","6","15","2"],"campaignAdType":"Interstitial","productId":"","purchaseBit":0,"licenseKey":""},{"campaignID":"163","attribution":0,"priority":"5","appToPromote":{"appToPromoteID":"2349","usesDefaultFrameImage":"0","usesDefaultCloseImage":"0","marketURL":"https:\/\/play.google.com\/store\/apps\/details?id=com.gss.city.war.survival.robothero","packageID":"com.gss.city.war.survival.robothero"},"showTemplate":1,"s2s_tracking_url":"https:\/\/play.google.com\/store\/apps\/details?id=com.gss.city.war.survival.robothero","activeCreativeID":"207","scenes":["12","1","8","6","15","2"],"campaignAdType":"Interstitial","productId":"","purchaseBit":0,"licenseKey":""},{"campaignID":"164","attribution":0,"priority":"5","appToPromote":{"appToPromoteID":"2350","usesDefaultFrameImage":"0","usesDefaultCloseImage":"0","marketURL":"https:\/\/play.google.com\/store\/apps\/details?id=com.tgp.car.robot.transport.truck","packageID":"com.tgp.car.robot.transport.truck"},"showTemplate":1,"s2s_tracking_url":"https:\/\/play.google.com\/store\/apps\/details?id=com.tgp.car.robot.transport.truck","activeCreativeID":"211","scenes":["12","1","8","6","15","2"],"campaignAdType":"Interstitial","productId":"","purchaseBit":0,"licenseKey":""},{"campaignID":"166","attribution":0,"priority":"5","appToPromote":{"appToPromoteID":"2273","usesDefaultFrameImage":"0","usesDefaultCloseImage":"0","marketURL":"https:\/\/play.google.com\/store\/apps\/details?id=com.gss.police.automechanic.repair.workshop","packageID":"com.gss.police.automechanic.repair.workshop"},"showTemplate":1,"s2s_tracking_url":"https:\/\/play.google.com\/store\/apps\/details?id=com.gss.police.automechanic.repair.workshop","activeCreativeID":"217","scenes":["12","1","8","6","15","2"],"campaignAdType":"Interstitial","productId":"","purchaseBit":0,"licenseKey":""},{"campaignID":"167","attribution":0,"priority":"5","appToPromote":{"appToPromoteID":"2348","usesDefaultFrameImage":"0","usesDefaultCloseImage":"0","marketURL":"https:\/\/play.google.com\/store\/apps\/details?id=com.vg.rollercoaster.crazy.tycoon.tour","packageID":"com.vg.rollercoaster.crazy.tycoon.tour"},"showTemplate":1,"s2s_tracking_url":"https:\/\/play.google.com\/store\/apps\/details?id=com.vg.rollercoaster.crazy.tycoon.tour","activeCreativeID":"218","scenes":["12","1","8","6","15","2"],"campaignAdType":"Interstitial","productId":"","purchaseBit":0,"licenseKey":""},{"campaignID":"214","attribution":0,"priority":"5","appToPromote":{"appToPromoteID":"2613","usesDefaultFrameImage":"0","usesDefaultCloseImage":"0","marketURL":"https:\/\/play.google.com\/store\/apps\/details?id=com.gss.robot.bike.transport.truck","packageID":"com.gss.robot.bike.transport.truck"},"showTemplate":1,"s2s_tracking_url":"https:\/\/play.google.com\/store\/apps\/details?id=com.gss.robot.bike.transport.truck","activeCreativeID":"295","scenes":["12","1","8","6","15","2"],"campaignAdType":"Interstitial","productId":"","purchaseBit":0,"licenseKey":""},{"campaignID":"303","attribution":0,"priority":"5","appToPromote":{"appToPromoteID":"2642","usesDefaultFrameImage":"0","usesDefaultCloseImage":"0","marketURL":"https:\/\/play.google.com\/store\/apps\/details?id=com.tgp.offroad.robot.transport.truck","packageID":"com.tgp.offroad.robot.transport.truck"},"showTemplate":1,"s2s_tracking_url":"https:\/\/play.google.com\/store\/apps\/details?id=com.tgp.offroad.robot.transport.truck","activeCreativeID":"310","scenes":["12","1","8","6","15","2"],"campaignAdType":"Interstitial","productId":"","purchaseBit":0,"licenseKey":""},{"campaignID":"358","attribution":0,"priority":"5","appToPromote":{"appToPromoteID":"2917","usesDefaultFrameImage":"0","usesDefaultCloseImage":"0","marketURL":"https:\/\/play.google.com\/store\/apps\/details?id=com.gamefeast.touristbus.highway.driver.sim","packageID":"com.gamefeast.touristbus.highway.driver.sim"},"showTemplate":1,"s2s_tracking_url":"https:\/\/play.google.com\/store\/apps\/details?id=com.gamefeast.touristbus.highway.driver.sim","activeCreativeID":"377","scenes":["12","1","8","6","15","2"],"campaignAdType":"Interstitial","productId":"","purchaseBit":0,"licenseKey":""},{"campaignID":"370","attribution":0,"priority":"5","appToPromote":{"appToPromoteID":"3065","usesDefaultFrameImage":"0","usesDefaultCloseImage":"0","marketURL":"https:\/\/play.google.com\/store\/apps\/details?id=com.gss.raft.survival.island.escape","packageID":"com.gss.raft.survival.island.escape"},"showTemplate":1,"s2s_tracking_url":"https:\/\/play.google.com\/store\/apps\/details?id=com.gss.raft.survival.island.escape","activeCreativeID":"391","scenes":["12","1","8","6","15","2"],"campaignAdType":"Interstitial","productId":"","purchaseBit":0,"licenseKey":""},{"campaignID":"371","attribution":0,"priority":"5","appToPromote":{"appToPromoteID":"3117","usesDefaultFrameImage":"0","usesDefaultCloseImage":"0","marketURL":"https:\/\/play.google.com\/store\/apps\/details?id=com.vg.fast.car.driver.furiousracing","packageID":"com.vg.fast.car.driver.furiousracing"},"showTemplate":1,"s2s_tracking_url":"https:\/\/play.google.com\/store\/apps\/details?id=com.vg.fast.car.driver.furiousracing","activeCreativeID":"392","scenes":["12","1","8","6","15","2"],"campaignAdType":"Interstitial","productId":"","purchaseBit":0,"licenseKey":""},{"campaignID":"372","attribution":0,"priority":"5","appToPromote":{"appToPromoteID":"2938","usesDefaultFrameImage":"0","usesDefaultCloseImage":"0","marketURL":"https:\/\/play.google.com\/store\/apps\/details?id=com.tgp.offroad.us.army.transport","packageID":"com.tgp.offroad.us.army.transport"},"showTemplate":1,"s2s_tracking_url":"https:\/\/play.google.com\/store\/apps\/details?id=com.tgp.offroad.us.army.transport","activeCreativeID":"393","scenes":["12","1","8","6","15","2"],"campaignAdType":"Interstitial","productId":"","purchaseBit":0,"licenseKey":""},{"campaignID":"396","attribution":0,"priority":"5","appToPromote":{"appToPromoteID":"3019","usesDefaultFrameImage":"0","usesDefaultCloseImage":"0","marketURL":"https:\/\/play.google.com\/store\/apps\/details?id=com.gss.robot.car.transport.truck","packageID":"com.gss.robot.car.transport.truck"},"showTemplate":1,"s2s_tracking_url":"https:\/\/play.google.com\/store\/apps\/details?id=com.gss.robot.car.transport.truck","activeCreativeID":"420","scenes":["12","1","8","6","15","2"],"campaignAdType":"Interstitial","productId":"","purchaseBit":0,"licenseKey":""},{"campaignID":"397","attribution":0,"priority":"5","appToPromote":{"appToPromoteID":"3108","usesDefaultFrameImage":"0","usesDefaultCloseImage":"0","marketURL":"https:\/\/play.google.com\/store\/apps\/details?id=com.vg.amazing.city.coachbusdriver","packageID":"com.vg.amazing.city.coachbusdriver"},"showTemplate":1,"s2s_tracking_url":"https:\/\/play.google.com\/store\/apps\/details?id=com.vg.amazing.city.coachbusdriver","activeCreativeID":"417","scenes":["12","1","8","6","15","2"],"campaignAdType":"Interstitial","productId":"","purchaseBit":0,"licenseKey":""}],"refreshAdRate":30,"mode":"Production","aspectRatio":"4_3","cdnPath":"https:\/\/df8ymybeo92md.cloudfront.net\/images\/","sentry_log":0,"local_logging":0,"sentry_dsn":"https:\/\/93ffa1c9a4124f67b8888a53265f751a:bbf998e04584477fa9a145838e9d3b26@sentry.io\/168994","sentry_initialization":1,"sentry_debugging":0,"bannerSizes":["1"],"aspectRatioVideo":"16_9","app_id":"2018","showPreRewardedDialogue":0,"showPostRewardedDialogue":0,"rewardCurrency":"coins","rewardValue":0,"isSkipable":0,"privacyPolicyURL":"https:\/\/www.consoliads.com\/privacy-policy\/","sessionToken":"zHjeac+Tot6QkYhZEnU+u56CWD1ZSm7MTTf05zsRWUYi\/tc7lC2TpJBQaAJcEET1c\/hKrgN2Z33kwVmZi7RajhY49\/xTKWls+Ib2GJLo6dJUun0GZQ9iQQOkvYbBsAnTiwsBCtKNHSqcNwJ78SkydRIbim1qiwwjflciV0Md18I="}
Session token value is set


{"appKey":"95784c8196170f224be1193006a3bbea","deviceID":"5813","stats":[{"campaignID":130,"packageID":"com.whitesand.bike.mechanic","sceneStats":[{"sceneID":"15","eventStats":"358,258,158,58,58,0,0"}]}],"sdkVersion":"39","sessionToken":"zHjeac+Tot6QkYhZEnU+u56CWD1ZSm7MTTf05zsRWUYi\/tc7lC2TpJBQaAJcEET1c\/hKrgN2Z33kwVmZi7RajhY49\/xTKWls+Ib2GJLo6dJUun0GZQ9iQQOkvYbBsAnTiwsBCtKNHSqcNwJ78SkydRIbim1qiwwjflciV0Md18I="}
cache_ttl value is correct

Refresh Ad Rate value is correct
mode value is set

 Aspect ratio value is correct
sentry_log value is set
local_logging value is set
sentry_initialization value is set
sentry_debugging value is set
showPreRewardedDialogue value is set
showPostRewardedDialogue value is set
isSkipable value is set
{"cache_ttl":10080,"cache_ttl_rewarded":10080,"cache_ttl_banner":10080,"cache_ttl_native":10080,"cache_ttl_icon":10080,"refreshAdRate":30,"mode":"Production","aspectRatio":"4_3","cdnPath":"https:\/\/df8ymybeo92md.cloudfront.net\/images\/","sentry_log":0,"local_logging":0,"sentry_dsn":"https:\/\/93ffa1c9a4124f67b8888a53265f751a:bbf998e04584477fa9a145838e9d3b26@sentry.io\/168994","sentry_initialization":1,"sentry_debugging":0,"bannerSizes":["5"],"aspectRatioVideo":"16_9","app_id":"2030","showPreRewardedDialogue":0,"showPostRewardedDialogue":0,"rewardCurrency":"coins","rewardValue":0,"isSkipable":0,"privacyPolicyURL":"https:\/\/www.consoliads.com\/privacy-policy\/","sessionToken":"tlSw2WKzxAmaq1Otre0D+xvkjtm9tsbNFjvVbxXXqgq9SuX8KE+DmMLwM3WHhdZ6RQNb3wf8Y6FdiIJ2Un+3JD7GhYKnedcZZwVBfEzXuwm1vHHnCRPh\/snKfKrXwCKFq2tir4hu\/8z51ITOQociNwOXGjtoWGq8U\/skLJjdCdw="}
Session token value is set


{"appKey":"95784c8196170f224be1193006a3bbea","deviceID":"1463","stats":[{"campaignID":389,"packageID":"com.whitesand.bike.mechanic","sceneStats":[{"sceneID":"4","eventStats":"315,215,115,15,15,0,0"}]}],"sdkVersion":"39","sessionToken":"tlSw2WKzxAmaq1Otre0D+xvkjtm9tsbNFjvVbxXXqgq9SuX8KE+DmMLwM3WHhdZ6RQNb3wf8Y6FdiIJ2Un+3JD7GhYKnedcZZwVBfEzXuwm1vHHnCRPh\/snKfKrXwCKFq2tir4hu\/8z51ITOQociNwOXGjtoWGq8U\/skLJjdCdw="}
cache_ttl value is correct

Refresh Ad Rate value is correct
mode value is set

 Aspect ratio value is correct
sentry_log value is set
local_logging value is set
sentry_initialization value is set
sentry_debugging value is set
showPreRewardedDialogue value is set
showPostRewardedDialogue value is set
isSkipable value is set
{"cache_ttl":10080,"cache_ttl_rewarded":10080,"cache_ttl_banner":10080,"cache_ttl_native":10080,"cache_ttl_icon":10080,"refreshAdRate":30,"mode":"Production","aspectRatio":"4_3","cdnPath":"https:\/\/df8ymybeo92md.cloudfront.net\/images\/","sentry_log":0,"local_logging":0,"sentry_dsn":"https:\/\/93ffa1c9a4124f67b8888a53265f751a:bbf998e04584477fa9a145838e9d3b26@sentry.io\/168994","sentry_initialization":1,"sentry_debugging":0,"bannerSizes":["5"],"aspectRatioVideo":"16_9","app_id":"2030","showPreRewardedDialogue":0,"showPostRewardedDialogue":0,"rewardCurrency":"coins","rewardValue":0,"isSkipable":0,"privacyPolicyURL":"https:\/\/www.consoliads.com\/privacy-policy\/","sessionToken":"IVN3uA5KPl3YOVrRNwVAvQcqDQY8q+YUkWeJilCTIaCbOhmGzZdgtxREur2GMgm3TSNVZ68NXSYFDME2qgJDjW6pUSa7116cexhj53GwW5+Ky53ajbDP0nzon3VTLrx+MnniPv8hdUjPDFNfDcv\/h4ti6Ew4jjsfySRfqpQsd9c="}
Session token value is set


{"appKey":"95784c8196170f224be1193006a3bbea","deviceID":"5508","stats":[{"campaignID":9275,"packageID":"com.whitesand.bike.mechanic","sceneStats":[{"sceneID":"14","eventStats":"355,255,155,55,55,0,0"}]}],"sdkVersion":"39","sessionToken":"IVN3uA5KPl3YOVrRNwVAvQcqDQY8q+YUkWeJilCTIaCbOhmGzZdgtxREur2GMgm3TSNVZ68NXSYFDME2qgJDjW6pUSa7116cexhj53GwW5+Ky53ajbDP0nzon3VTLrx+MnniPv8hdUjPDFNfDcv\/h4ti6Ew4jjsfySRfqpQsd9c="}
cache_ttl value is correct

Refresh Ad Rate value is correct
mode value is set

 Aspect ratio value is correct
sentry_log value is set
local_logging value is set
sentry_initialization value is set
sentry_debugging value is set
showPreRewardedDialogue value is set
showPostRewardedDialogue value is set
isSkipable value is set
{"cache_ttl":10080,"cache_ttl_rewarded":10080,"cache_ttl_banner":10080,"cache_ttl_native":10080,"cache_ttl_icon":10080,"refreshAdRate":30,"mode":"Production","aspectRatio":"4_3","cdnPath":"https:\/\/df8ymybeo92md.cloudfront.net\/images\/","sentry_log":0,"local_logging":0,"sentry_dsn":"https:\/\/93ffa1c9a4124f67b8888a53265f751a:bbf998e04584477fa9a145838e9d3b26@sentry.io\/168994","sentry_initialization":1,"sentry_debugging":0,"bannerSizes":["5"],"aspectRatioVideo":"16_9","app_id":"2030","showPreRewardedDialogue":0,"showPostRewardedDialogue":0,"rewardCurrency":"coins","rewardValue":0,"isSkipable":0,"privacyPolicyURL":"https:\/\/www.consoliads.com\/privacy-policy\/","sessionToken":"w16My2si+L0D6BloKvdXdLKBGnwO90i3MNFqxBqBSzpuq8iJ768sSQ2L6YddH12MtJJ7k\/PHAAByN4u2f+dRJUQwhaMLskkNkBgsf+uktc7MO526K\/NmN4mzZGCQaVxaXJkSeJoUDBIwXSL\/4E3f5LxQ8kw++\/4tQA2YcsUFhGk="}
Session token value is set


{"appKey":"95784c8196170f224be1193006a3bbea","deviceID":"4015","stats":[{"campaignID":9276,"packageID":"com.whitesand.bike.mechanic","sceneStats":[{"sceneID":"11","eventStats":"340,240,140,40,40,0,0"}]}],"sdkVersion":"39","sessionToken":"w16My2si+L0D6BloKvdXdLKBGnwO90i3MNFqxBqBSzpuq8iJ768sSQ2L6YddH12MtJJ7k\/PHAAByN4u2f+dRJUQwhaMLskkNkBgsf+uktc7MO526K\/NmN4mzZGCQaVxaXJkSeJoUDBIwXSL\/4E3f5LxQ8kw++\/4tQA2YcsUFhGk="}
cache_ttl value is correct

Refresh Ad Rate value is correct
mode value is set

 Aspect ratio value is correct
sentry_log value is set
local_logging value is set
sentry_initialization value is set
sentry_debugging value is set
showPreRewardedDialogue value is set
showPostRewardedDialogue value is set
isSkipable value is set
{"cache_ttl":10080,"cache_ttl_rewarded":10080,"cache_ttl_banner":10080,"cache_ttl_native":10080,"cache_ttl_icon":10080,"refreshAdRate":30,"mode":"Production","aspectRatio":"4_3","cdnPath":"https:\/\/df8ymybeo92md.cloudfront.net\/images\/","sentry_log":0,"local_logging":0,"sentry_dsn":"https:\/\/93ffa1c9a4124f67b8888a53265f751a:bbf998e04584477fa9a145838e9d3b26@sentry.io\/168994","sentry_initialization":1,"sentry_debugging":0,"bannerSizes":["5"],"aspectRatioVideo":"16_9","app_id":"2030","showPreRewardedDialogue":0,"showPostRewardedDialogue":0,"rewardCurrency":"coins","rewardValue":0,"isSkipable":0,"privacyPolicyURL":"https:\/\/www.consoliads.com\/privacy-policy\/","sessionToken":"ILrnuX2tnmzb0rT7xcjyG90j57Rw9Os+OODtHZjzwD2g0TRVZMeFC\/hn9Ygs0l\/7Il+ivsYgjmTxQF3hJP3XnJO7dU2hCmddgDkXQhKh4kE1ADVDW8EkqBRkeI1SizHYV+6qCsheW\/qALGtY3hZ3GMV1RSUI4tFAJUydAqjD+Uw="}
Session token value is set


{"appKey":"408e2b68db7ae9de1346fe1907578a69","deviceID":"8933","stats":[{"campaignID":131,"packageID":"com.threed.army.sniper.shooter","sceneStats":[{"sceneID":"23","eventStats":"389,289,189,89,89,0,0"}]}],"sdkVersion":"39","sessionToken":"ILrnuX2tnmzb0rT7xcjyG90j57Rw9Os+OODtHZjzwD2g0TRVZMeFC\/hn9Ygs0l\/7Il+ivsYgjmTxQF3hJP3XnJO7dU2hCmddgDkXQhKh4kE1ADVDW8EkqBRkeI1SizHYV+6qCsheW\/qALGtY3hZ3GMV1RSUI4tFAJUydAqjD+Uw="}
cache_ttl value is correct

Refresh Ad Rate value is correct
mode value is set

 Aspect ratio value is correct
sentry_log value is set
local_logging value is set
sentry_initialization value is set
sentry_debugging value is set
showPreRewardedDialogue value is set
showPostRewardedDialogue value is set
isSkipable value is set
{"cache_ttl":10080,"cache_ttl_rewarded":10080,"cache_ttl_banner":10080,"cache_ttl_native":10080,"cache_ttl_icon":10080,"refreshAdRate":30,"mode":"Production","aspectRatio":"4_3","cdnPath":"https:\/\/df8ymybeo92md.cloudfront.net\/images\/","sentry_log":0,"local_logging":0,"sentry_dsn":"https:\/\/93ffa1c9a4124f67b8888a53265f751a:bbf998e04584477fa9a145838e9d3b26@sentry.io\/168994","sentry_initialization":1,"sentry_debugging":0,"bannerSizes":[],"aspectRatioVideo":"16_9","app_id":"2059","showPreRewardedDialogue":0,"showPostRewardedDialogue":0,"rewardCurrency":"coins","rewardValue":0,"isSkipable":0,"privacyPolicyURL":"https:\/\/www.consoliads.com\/privacy-policy\/","sessionToken":"8BbHEpl3IPY8RtvoVig7THwzm7eAEY8PXmO7Z5EvaSkByjGA1isazRtgSTorkxMoK9hyA1pizgMDGi19MhUGB8YkAUeD9YnY7FtT2ZFd8zVB4B+9+5cFAhoA2eba1utLSXZJ\/uYJvsw5hAMxzoC11ZYPUj49cpLUToM6ufo8U0s="}
Session token value is set


{"appKey":"e6c288ffb04d929a4737a593ce216e8b","deviceID":"2979","stats":[{"campaignID":126,"packageID":"com.gss.clown.robbery.gangster.squad","sceneStats":[{"sceneID":"8","eventStats":"330,230,130,30,30,0,0"}]}],"sdkVersion":"39","sessionToken":"8BbHEpl3IPY8RtvoVig7THwzm7eAEY8PXmO7Z5EvaSkByjGA1isazRtgSTorkxMoK9hyA1pizgMDGi19MhUGB8YkAUeD9YnY7FtT2ZFd8zVB4B+9+5cFAhoA2eba1utLSXZJ\/uYJvsw5hAMxzoC11ZYPUj49cpLUToM6ufo8U0s="}
cache_ttl value is correct

Refresh Ad Rate value is correct
mode value is set

 Aspect ratio value is correct
sentry_log value is set
local_logging value is set
sentry_initialization value is set
sentry_debugging value is set
showPreRewardedDialogue value is set
showPostRewardedDialogue value is set
isSkipable value is set
{"cache_ttl":10080,"cache_ttl_rewarded":10080,"cache_ttl_banner":10080,"cache_ttl_native":10080,"cache_ttl_icon":10080,"campaigns":[{"campaignID":"9384","attribution":0,"priority":"5","appToPromote":{"appToPromoteID":"13185","usesDefaultFrameImage":"0","usesDefaultCloseImage":"0","marketURL":"https:\/\/play.google.com\/store\/apps\/details?id=com.gamesarena.flying.bike.tricks.stunts&amp;referrer=utm_source=42matters.com&amp;utm_medium=api","packageID":"com.gamesarena.flying.bike.tricks.stunts"},"showTemplate":1,"s2s_tracking_url":"https:\/\/play.google.com\/store\/apps\/details?id=com.gamesarena.flying.bike.tricks.stunts&amp;referrer=utm_source=42matters.com&amp;utm_medium=api","activeCreativeID":"4829","scenes":["12","1","8","6","15","2"],"campaignAdType":"Interstitial","productId":"","purchaseBit":0,"licenseKey":""},{"campaignID":"9386","attribution":0,"priority":"5","appToPromote":{"appToPromoteID":"17764","usesDefaultFrameImage":"0","usesDefaultCloseImage":"0","marketURL":"https:\/\/play.google.com\/store\/apps\/details?id=com.visiblebody.atlas&amp;referrer=utm_source=42matters.com&amp;utm_medium=api","packageID":"com.gamesarena..test6324"},"showTemplate":1,"s2s_tracking_url":"https:\/\/play.google.com\/store\/apps\/details?id=com.visiblebody.atlas&amp;referrer=utm_source=42matters.com&amp;utm_medium=api","activeCreativeID":"4828","scenes":["12","1","8","6","15","2"],"campaignAdType":"Interstitial","productId":"","purchaseBit":0,"licenseKey":""},{"campaignID":"9389","attribution":0,"priority":"5","appToPromote":{"appToPromoteID":"13185","usesDefaultFrameImage":"0","usesDefaultCloseImage":"0","marketURL":"https:\/\/play.google.com\/store\/apps\/details?id=com.gamesarena.flying.bike.tricks.stunts&amp;referrer=utm_source=42matters.com&amp;utm_medium=api","packageID":"com.gamesarena.flying.bike.tricks.stunts"},"showTemplate":1,"s2s_tracking_url":"https:\/\/play.google.com\/store\/apps\/details?id=com.gamesarena.flying.bike.tricks.stunts&amp;referrer=utm_source=42matters.com&amp;utm_medium=api","activeCreativeID":"4829","scenes":["12","1","8","6","15","2"],"campaignAdType":"Interstitial","productId":"","purchaseBit":0,"licenseKey":""},{"campaignID":"85","attribution":0,"priority":"5","appToPromote":{"appToPromoteID":"1830","usesDefaultFrameImage":"0","usesDefaultCloseImage":"0","marketURL":"https:\/\/play.google.com\/store\/apps\/details?id=com.gss.offroad.uphill.extremetruckdriver","packageID":"com.gss.offroad.uphill.extremetruckdriver"},"showTemplate":1,"s2s_tracking_url":"https:\/\/play.google.com\/store\/apps\/details?id=com.gss.offroad.uphill.extremetruckdriver","activeCreativeID":"106","scenes":["12","1","8","6","15","2"],"campaignAdType":"Interstitial","productId":"","purchaseBit":0,"licenseKey":""},{"campaignID":"86","attribution":0,"priority":"5","appToPromote":{"appToPromoteID":"1823","usesDefaultFrameImage":"0","usesDefaultCloseImage":"0","marketURL":"https:\/\/play.google.com\/store\/apps\/details?id=com.vg.demolition.derby.extreme.car.stunts","packageID":"com.vg.demolition.derby.extreme.car.stunts"},"showTemplate":1,"s2s_tracking_url":"https:\/\/play.google.com\/store\/apps\/details?id=com.vg.demolition.derby.extreme.car.stunts","activeCreativeID":"109","scenes":["12","1","8","6","15","2"],"campaignAdType":"Interstitial","productId":"","purchaseBit":0,"licenseKey":""},{"campaignID":"93","attribution":0,"priority":"5","appToPromote":{"appToPromoteID":"1860","usesDefaultFrameImage":"0","usesDefaultCloseImage":"0","marketURL":"https:\/\/play.google.com\/store\/apps\/details?id=com.gss.vendetta.subwaycrime.rescue.mission","packageID":"com.gss.vendetta.subwaycrime.rescue.mission"},"showTemplate":1,"s2s_tracking_url":"https:\/\/play.google.com\/store\/apps\/details?id=com.gss.vendetta.subwaycrime.rescue.mission","activeCreativeID":"117","scenes":["12","1","8","6","15","2"],"campaignAdType":"Interstitial","productId":"","purchaseBit":0,"licenseKey":""},{"campaignID":"94","attribution":0,"priority":"5","appToPromote":{"appToPromoteID":"1843","usesDefaultFrameImage":"0","usesDefaultCloseImage":"0","marketURL":"https:\/\/play.google.com\/store\/apps\/details?id=com.vg.secret.agent.mafia.gods.criminal.gang","packageID":"com.vg.secret.agent.mafia.gods.criminal.gang"},"showTemplate":1,"s2s_tracking_url":"https:\/\/play.google.com\/store\/apps\/details?id=com.vg.secret.agent.mafia.gods.criminal.gang","activeCreativeID":"120","scenes":["12","1","8","6","15","2"],"campaignAdType":"Interstitial","productId":"","purchaseBit":0,"licenseKey":""},{"campaignID":"112","attribution":0,"priority":"5","appToPromote":{"appToPromoteID":"1998","usesDefaultFrameImage":"0","usesDefaultCloseImage":"0","marketURL":"https:\/\/play.google.com\/store\/apps\/details?id=com.gss.citygangster.underworldempire.mafia.crime","packageID":"com.gss.citygangster.underworldempire.mafia.crime"},"showTemplate":1,"s2s_tracking_url":"https:\/\/play.google.com\/store\/apps\/details?id=com.gss.citygangster.underworldempire.mafia.crime","activeCreativeID":"146","scenes":["12","1","8","6","15","2"],"campaignAdType":"Interstitial","productId":"","purchaseBit":0,"licenseKey":""},{"campaignID":"114","attribution":0,"priority":"5","appToPromote":{"appToPromoteID":"2007","usesDefaultFrameImage":"0","usesDefaultCloseImage":"0","marketURL":"https:\/\/play.google.com\/store\/apps\/details?id=com.vg.police.secret.agent.crime.gang","packageID":"com.vg.police.secret.agent.crime.gang"},"showTemplate":1,"s2s_tracking_url":"https:\/\/play.google.com\/store\/apps\/details?id=com.vg.police.secret.agent.crime.gang","activeCreativeID":"148","scenes":["12","1","8","6","15","2"],"campaignAdType":"Interstitial","productId":"","purchaseBit":0,"licenseKey":""},{"campaignID":"132","attribution":0,"priority":"5","appToPromote":{"appToPromoteID":"2109","usesDefaultFrameImage":"0","usesDefaultCloseImage":"0","marketURL":"https:\/\/play.google.com\/store\/apps\/details?id=com.gss.us.army.commando.survival","packageID":"com.gss.us.army.commando.survival"},"showTemplate":1,"s2s_tracking_url":"https:\/\/play.google.com\/store\/apps\/details?id=com.gss.us.army.commando.survival","activeCreativeID":"171","scenes":["12","1","8","6","15","2"],"campaignAdType":"Interstitial","productId":"","purchaseBit":0,"licenseKey":""},{"campaignID":"133","attribution":0,"priority":"5","appToPromote":{"appToPromoteID":"2118","usesDefaultFrameImage":"0","usesDefaultCloseImage":"0","marketURL":"https:\/\/play.google.com\/store\/apps\/details?id=com.vg.us.war.mafia.gang.vegas.crime","packageID":"com.vg.us.war.mafia.gang.vegas.crime"},"showTemplate":1,"s2s_tracking_url":"https:\/\/play.google.com\/store\/apps\/details?id=com.vg.us.war.mafia.gang.vegas.crime","activeCreativeID":"172","scenes":["12","1","8","6","15","2"],"campaignAdType":"Interstitial","productId":"","purchaseBit":0,"licenseKey":""},{"campaignID":"152","attribution":0,"priority":"5","appToPromote":{"appToPromoteID":"1348","usesDefaultFrameImage":"0","usesDefaultCloseImage":"0","marketURL":"https:\/\/play.google.com\/store\/apps\/details?id=com.gss.police.sniper.prison.gaurd","packageID":"com.gss.police.sniper.prison.gaurd"},"showTemplate":1,"s2s_tracking_url":"https:\/\/play.google.com\/store\/apps\/details?id=com.gss.police.sniper.prison.gaurd","activeCreativeID":"192","scenes":["12","1","8","6","15","2"],"campaignAdType":"Interstitial","productId":"","purchaseBit":0,"licenseKey":""},{"campaignID":"158","attribution":0,"priority":"5","appToPromote":{"appToPromoteID":"2223","usesDefaultFrameImage":"0","usesDefaultCloseImage":"0","marketURL":"https:\/\/play.google.com\/store\/apps\/details?id=com.vg.counter.mafia.squad.army.training","packageID":"com.vg.counter.mafia.squad.army.training"},"showTemplate":1,"s2s_tracking_url":"https:\/\/play.google.com\/store\/apps\/details?id=com.vg.counter.mafia.squad.army.training","activeCreativeID":"204","scenes":["12","1","8","6","15","2"],"campaignAdType":"Interstitial","productId":"","purchaseBit":0,"licenseKey":""},{"campaignID":"162","attribution":0,"priority":"5","appToPromote":{"appToPromoteID":"2268","usesDefaultFrameImage":"0","usesDefaultCloseImage":"0","marketURL":"https:\/\/play.google.com\/store\/apps\/details?id=com.vg.prisoner.escape.survival.hero","packageID":"com.vg.prisoner.escape.survival.hero"},"showTemplate":1,"s2s_tracking_url":"https:\/\/play.google.com\/store\/apps\/details?id=com.vg.prisoner.escape.survival.hero","activeCreativeID":"206","scenes":["12","1","8","6","15","2"],"campaignAdType":"Interstitial","productId":"","purchaseBit":0,"licenseKey":""},{"campaignID":"163","attribution":0,"priority":"5","appToPromote":{"appToPromoteID":"2349","usesDefaultFrameImage":"0","usesDefaultCloseImage":"0","marketURL":"https:\/\/play.google.com\/store\/apps\/details?id=com.gss.city.war.survival.robothero","packageID":"com.gss.city.war.survival.robothero"},"showTemplate":1,"s2s_tracking_url":"https:\/\/play.google.com\/store\/apps\/details?id=com.gss.city.war.survival.robothero","activeCreativeID":"207","scenes":["12","1","8","6","15","2"],"campaignAdType":"Interstitial","productId":"","purchaseBit":0,"licenseKey":""},{"campaignID":"169","attribution":0,"priority":"5","appToPromote":{"appToPromoteID":"2414","usesDefaultFrameImage":"0","usesDefaultCloseImage":"0","marketURL":"https:\/\/play.google.com\/store\/apps\/details?id=com.gamefeast.armyheroes.us.military.training","packageID":"com.gamefeast.armyheroes.us.military.training"},"showTemplate":1,"s2s_tracking_url":"https:\/\/play.google.com\/store\/apps\/details?id=com.gamefeast.armyheroes.us.military.training","activeCreativeID":"220","scenes":["12","1","8","6","15","2"],"campaignAdType":"Interstitial","productId":"","purchaseBit":0,"licenseKey":""},{"campaignID":"207","attribution":0,"priority":"5","appToPromote":{"appToPromoteID":"2450","usesDefaultFrameImage":"0","usesDefaultCloseImage":"0","marketURL":"https:\/\/play.google.com\/store\/apps\/details?id=com.gss.army.commando.survivalisland","packageID":"com.gss.army.commando.survivalisland"},"showTemplate":1,"s2s_tracking_url":"https:\/\/play.google.com\/store\/apps\/details?id=com.gss.army.commando.survivalisland","activeCreativeID":"281","scenes":["12","1","8","6","15","2"],"campaignAdType":"Interstitial","productId":"","purchaseBit":0,"licenseKey":""},{"campaignID":"332","attribution":0,"priority":"5","appToPromote":{"appToPromoteID":"2857","usesDefaultFrameImage":"0","usesDefaultCloseImage":"0","marketURL":"https:\/\/play.google.com\/store\/apps\/details?id=com.gss.robot.battle.robbery.squad","packageID":"com.gss.robot.battle.robbery.squad"},"showTemplate":1,"s2s_tracking_url":"https:\/\/play.google.com\/store\/apps\/details?id=com.gss.robot.battle.robbery.squad","activeCreativeID":"343","scenes":["12","1","8","6","15","2"],"campaignAdType":"Interstitial","productId":"","purchaseBit":0,"licenseKey":""},{"campaignID":"336","attribution":0,"priority":"5","appToPromote":{"appToPromoteID":"2941","usesDefaultFrameImage":"0","usesDefaultCloseImage":"0","marketURL":"https:\/\/play.google.com\/store\/apps\/details?id=com.vg.us.army.war.survival.island","packageID":"com.vg.us.army.war.survival.island"},"showTemplate":1,"s2s_tracking_url":"https:\/\/play.google.com\/store\/apps\/details?id=com.vg.us.army.war.survival.island","activeCreativeID":"347","scenes":["12","1","8","6","15","2"],"campaignAdType":"Interstitial","productId":"","purchaseBit":0,"licenseKey":""},{"campaignID":"357","attribution":0,"priority":"5","appToPromote":{"appToPromoteID":"2741","usesDefaultFrameImage":"0","usesDefaultCloseImage":"0","marketURL":"https:\/\/play.google.com\/store\/apps\/details?id=com.gss.us.air.jetfighter.warrior","packageID":"com.gss.us.air.jetfighter.warrior"},"showTemplate":1,"s2s_tracking_url":"https:\/\/play.google.com\/store\/apps\/details?id=com.gss.us.air.jetfighter.warrior","activeCreativeID":"376","scenes":["12","1","8","6","15","2"],"campaignAdType":"Interstitial","productId":"","purchaseBit":0,"licenseKey":""},{"campaignID":"364","attribution":0,"priority":"5","appToPromote":{"appToPromoteID":"2552","usesDefaultFrameImage":"0","usesDefaultCloseImage":"0","marketURL":"https:\/\/play.google.com\/store\/apps\/details?id=com.gss.grand.city.rescue.flyingrobot","packageID":"com.gss.grand.city.rescue.flyingrobot"},"showTemplate":1,"s2s_tracking_url":"https:\/\/play.google.com\/store\/apps\/details?id=com.gss.grand.city.rescue.flyingrobot","activeCreativeID":"309","scenes":["12","1","8","6","15","2"],"campaignAdType":"Interstitial","productId":"","purchaseBit":0,"licenseKey":""},{"campaignID":"370","attribution":0,"priority":"5","appToPromote":{"appToPromoteID":"3065","usesDefaultFrameImage":"0","usesDefaultCloseImage":"0","marketURL":"https:\/\/play.google.com\/store\/apps\/details?id=com.gss.raft.survival.island.escape","packageID":"com.gss.raft.survival.island.escape"},"showTemplate":1,"s2s_tracking_url":"https:\/\/play.google.com\/store\/apps\/details?id=com.gss.raft.survival.island.escape","activeCreativeID":"391","scenes":["12","1","8","6","15","2"],"campaignAdType":"Interstitial","productId":"","purchaseBit":0,"licenseKey":""},{"campaignID":"417","attribution":0,"priority":"5","appToPromote":{"appToPromoteID":"3227","usesDefaultFrameImage":"0","usesDefaultCloseImage":"0","marketURL":"https:\/\/play.google.com\/store\/apps\/details?id=com.vg.hero.kids.army.training.school","packageID":"com.vg.hero.kids.army.training.school"},"showTemplate":1,"s2s_tracking_url":"https:\/\/play.google.com\/store\/apps\/details?id=com.vg.hero.kids.army.training.school","activeCreativeID":"454","scenes":["12","1","8","6","15","2"],"campaignAdType":"Interstitial","productId":"","purchaseBit":0,"licenseKey":""},{"campaignID":"433","attribution":0,"priority":"5","appToPromote":{"appToPromoteID":"3339","usesDefaultFrameImage":"0","usesDefaultCloseImage":"0","marketURL":"https:\/\/play.google.com\/store\/apps\/details?id=com.gss.battle.force.counterterrorist","packageID":"com.gss.battle.force.counterterrorist"},"showTemplate":1,"s2s_tracking_url":"https:\/\/play.google.com\/store\/apps\/details?id=com.gss.battle.force.counterterrorist","activeCreativeID":"477","scenes":["12","1","8","6","15","2"],"campaignAdType":"Interstitial","productId":"","purchaseBit":0,"licenseKey":""},{"campaignID":"436","attribution":0,"priority":"5","appToPromote":{"appToPromoteID":"3282","usesDefaultFrameImage":"0","usesDefaultCloseImage":"0","marketURL":"https:\/\/play.google.com\/store\/apps\/details?id=com.tgp.city.rescue.survival.flyinghero","packageID":"com.tgp.city.rescue.survival.flyinghero"},"showTemplate":1,"s2s_tracking_url":"https:\/\/play.google.com\/store\/apps\/details?id=com.tgp.city.rescue.survival.flyinghero","activeCreativeID":"478","scenes":["12","1","8","6","15","2"],"campaignAdType":"Interstitial","productId":"","purchaseBit":0,"licenseKey":""}],"refreshAdRate":30,"mode":"Production","aspectRatio":"4_3","cdnPath":"https:\/\/df8ymybeo92md.cloudfront.net\/images\/","sentry_log":0,"local_logging":0,"sentry_dsn":"https:\/\/93ffa1c9a4124f67b8888a53265f751a:bbf998e04584477fa9a145838e9d3b26@sentry.io\/168994","sentry_initialization":1,"sentry_debugging":0,"bannerSizes":["5"],"aspectRatioVideo":"16_9","app_id":"2081","showPreRewardedDialogue":0,"showPostRewardedDialogue":0,"rewardCurrency":"coins","rewardValue":0,"isSkipable":0,"privacyPolicyURL":"https:\/\/www.consoliads.com\/privacy-policy\/","sessionToken":"5xA3R3dyh+z8OeEtFX3lrllRGQ7sQC8ZAYpKjZaw5m0gKodPWzLeL0QQ499gBc0S0SD2jrZAmOVh7eZTc2c\/tGuCaSsNj1TkNzPxTZJ+VfXzzxSaZrlTIbPbxQ445NyIryRNWucVaFjb4pJst5o2cJl\/oeHWSfOxY8ZevIKAOJ8="}
Session token value is set


{"appKey":"934628f5152161a94cdb52489ea8b7b5","deviceID":"2674","stats":[{"campaignID":143,"packageID":"com.mizo.sports.car.mechanic","sceneStats":[{"sceneID":"7","eventStats":"327,227,127,27,27,0,0"}]}],"sdkVersion":"2216","sessionToken":"5xA3R3dyh+z8OeEtFX3lrllRGQ7sQC8ZAYpKjZaw5m0gKodPWzLeL0QQ499gBc0S0SD2jrZAmOVh7eZTc2c\/tGuCaSsNj1TkNzPxTZJ+VfXzzxSaZrlTIbPbxQ445NyIryRNWucVaFjb4pJst5o2cJl\/oeHWSfOxY8ZevIKAOJ8="}
cache_ttl value is correct

Refresh Ad Rate value is correct
mode value is set

 Aspect ratio value is correct
sentry_log value is set
local_logging value is set
sentry_initialization value is set
sentry_debugging value is set
showPreRewardedDialogue value is set
showPostRewardedDialogue value is set
isSkipable value is set
{"cache_ttl":10080,"cache_ttl_rewarded":10080,"cache_ttl_banner":10080,"cache_ttl_native":10080,"cache_ttl_icon":10080,"campaigns":[{"campaignID":"9277","attribution_link":"","attribution":1,"priority":"5","appToPromote":{"appToPromoteID":"17609","usesDefaultFrameImage":"0","usesDefaultCloseImage":"0","marketURL":"https:\/\/smartbear.com\/learn\/automated-testing\/test-automation-frameworks\/","packageID":"com.buntoo.buntooAd"},"showTemplate":1,"s2s_tracking_url":"","activeCreativeID":"4702","scenes":["1","2","6","4","5"],"campaignAdType":"Interstitial","productId":"","purchaseBit":0,"licenseKey":""},{"campaignID":"9278","attribution":0,"priority":"5","appToPromote":{"appToPromoteID":"17609","usesDefaultFrameImage":"0","usesDefaultCloseImage":"0","marketURL":"https:\/\/smartbear.com\/learn\/automated-testing\/test-automation-frameworks\/","packageID":"com.buntoo.buntooAd"},"showTemplate":1,"s2s_tracking_url":"https:\/\/smartbear.com\/learn\/automated-testing\/test-automation-frameworks\/","activeCreativeID":"4701","scenes":["1","2","6","4","5"],"campaignAdType":"Interstitial","productId":"","purchaseBit":0,"licenseKey":""},{"campaignID":"9279","attribution":0,"priority":"5","appToPromote":{"appToPromoteID":"17609","usesDefaultFrameImage":"0","usesDefaultCloseImage":"0","marketURL":"https:\/\/smartbear.com\/learn\/automated-testing\/test-automation-frameworks\/","packageID":"com.buntoo.buntooAd"},"showTemplate":1,"s2s_tracking_url":"https:\/\/smartbear.com\/learn\/automated-testing\/test-automation-frameworks\/","activeCreativeID":"4701","scenes":["1","2","6","4","5"],"campaignAdType":"Interstitial","productId":"","purchaseBit":0,"licenseKey":""},{"campaignID":"9280","attribution":0,"priority":"5","appToPromote":{"appToPromoteID":"17609","usesDefaultFrameImage":"0","usesDefaultCloseImage":"0","marketURL":"https:\/\/smartbear.com\/learn\/automated-testing\/test-automation-frameworks\/","packageID":"com.buntoo.buntooAd"},"showTemplate":1,"s2s_tracking_url":"https:\/\/smartbear.com\/learn\/automated-testing\/test-automation-frameworks\/","activeCreativeID":"4701","scenes":["1","2","6","4","5"],"campaignAdType":"Interstitial","productId":"","purchaseBit":0,"licenseKey":""},{"campaignID":"9281","attribution":0,"priority":"5","appToPromote":{"appToPromoteID":"17609","usesDefaultFrameImage":"0","usesDefaultCloseImage":"0","marketURL":"https:\/\/smartbear.com\/learn\/automated-testing\/test-automation-frameworks\/","packageID":"com.buntoo.buntooAd"},"showTemplate":1,"s2s_tracking_url":"https:\/\/smartbear.com\/learn\/automated-testing\/test-automation-frameworks\/","activeCreativeID":"4701","scenes":["1","2","6","4","5"],"campaignAdType":"Interstitial","productId":"","purchaseBit":0,"licenseKey":""},{"campaignID":"9282","attribution":0,"priority":"5","appToPromote":{"appToPromoteID":"17609","usesDefaultFrameImage":"0","usesDefaultCloseImage":"0","marketURL":"https:\/\/smartbear.com\/learn\/automated-testing\/test-automation-frameworks\/","packageID":"com.buntoo.buntooAd"},"showTemplate":1,"s2s_tracking_url":"https:\/\/smartbear.com\/learn\/automated-testing\/test-automation-frameworks\/","activeCreativeID":"4701","scenes":["1","2","6","4","5"],"campaignAdType":"Interstitial","productId":"","purchaseBit":0,"licenseKey":""},{"campaignID":"9283","attribution":0,"priority":"5","appToPromote":{"appToPromoteID":"17609","usesDefaultFrameImage":"0","usesDefaultCloseImage":"0","marketURL":"https:\/\/smartbear.com\/learn\/automated-testing\/test-automation-frameworks\/","packageID":"com.buntoo.buntooAd"},"showTemplate":1,"s2s_tracking_url":"https:\/\/smartbear.com\/learn\/automated-testing\/test-automation-frameworks\/","activeCreativeID":"4701","scenes":["1","2","6","4","5"],"campaignAdType":"Interstitial","productId":"","purchaseBit":0,"licenseKey":""},{"campaignID":"9285","attribution":0,"priority":"5","appToPromote":{"appToPromoteID":"14746","usesDefaultFrameImage":"0","usesDefaultCloseImage":"0","marketURL":"https:\/\/play.google.com\/store\/apps\/details?id=com.buntoo.army.bus.parking","packageID":"com.buntoo.army.bus.parking"},"showTemplate":1,"s2s_tracking_url":"https:\/\/play.google.com\/store\/apps\/details?id=com.buntoo.army.bus.parking","activeCreativeID":"4710","scenes":["1","2","6","4","5"],"campaignAdType":"Interstitial","productId":"","purchaseBit":0,"licenseKey":""},{"campaignID":"9287","attribution":0,"priority":"5","appToPromote":{"appToPromoteID":"14746","usesDefaultFrameImage":"0","usesDefaultCloseImage":"0","marketURL":"https:\/\/play.google.com\/store\/apps\/details?id=com.buntoo.army.bus.parking","packageID":"com.buntoo.army.bus.parking"},"showTemplate":1,"s2s_tracking_url":"https:\/\/play.google.com\/store\/apps\/details?id=com.buntoo.army.bus.parking","activeCreativeID":"4710","scenes":["1","2","6","4","5"],"campaignAdType":"Interstitial","productId":"","purchaseBit":0,"licenseKey":""},{"campaignID":"9289","attribution":0,"priority":"5","appToPromote":{"appToPromoteID":"17609","usesDefaultFrameImage":"0","usesDefaultCloseImage":"0","marketURL":"https:\/\/smartbear.com\/learn\/automated-testing\/test-automation-frameworks\/","packageID":"com.buntoo.buntooAd"},"showTemplate":1,"s2s_tracking_url":"https:\/\/smartbear.com\/learn\/automated-testing\/test-automation-frameworks\/","activeCreativeID":"4701","scenes":["1","2","6","4","5"],"campaignAdType":"Interstitial","productId":"","purchaseBit":0,"licenseKey":""},{"campaignID":"9290","attribution":0,"priority":"5","appToPromote":{"appToPromoteID":"17609","usesDefaultFrameImage":"0","usesDefaultCloseImage":"0","marketURL":"https:\/\/smartbear.com\/learn\/automated-testing\/test-automation-frameworks\/","packageID":"com.buntoo.buntooAd"},"showTemplate":1,"s2s_tracking_url":"https:\/\/smartbear.com\/learn\/automated-testing\/test-automation-frameworks\/","activeCreativeID":"4701","scenes":["1","2","6","4","5"],"campaignAdType":"Interstitial","productId":"","purchaseBit":0,"licenseKey":""},{"campaignID":"9293","attribution":0,"priority":"5","appToPromote":{"appToPromoteID":"17609","usesDefaultFrameImage":"0","usesDefaultCloseImage":"0","marketURL":"https:\/\/smartbear.com\/learn\/automated-testing\/test-automation-frameworks\/","packageID":"com.buntoo.buntooAd"},"showTemplate":1,"s2s_tracking_url":"https:\/\/smartbear.com\/learn\/automated-testing\/test-automation-frameworks\/","activeCreativeID":"4701","scenes":["1","2","6","4","5"],"campaignAdType":"Interstitial","productId":"","purchaseBit":0,"licenseKey":""},{"campaignID":"9296","attribution":0,"priority":"5","appToPromote":{"appToPromoteID":"17609","usesDefaultFrameImage":"0","usesDefaultCloseImage":"0","marketURL":"https:\/\/smartbear.com\/learn\/automated-testing\/test-automation-frameworks\/","packageID":"com.buntoo.buntooAd"},"showTemplate":1,"s2s_tracking_url":"https:\/\/smartbear.com\/learn\/automated-testing\/test-automation-frameworks\/","activeCreativeID":"4701","scenes":["1","2","6","4","5"],"campaignAdType":"Interstitial","productId":"","purchaseBit":0,"licenseKey":""},{"campaignID":"9297","attribution":0,"priority":"5","appToPromote":{"appToPromoteID":"17609","usesDefaultFrameImage":"0","usesDefaultCloseImage":"0","marketURL":"https:\/\/smartbear.com\/learn\/automated-testing\/test-automation-frameworks\/","packageID":"com.buntoo.buntooAd"},"showTemplate":1,"s2s_tracking_url":"https:\/\/smartbear.com\/learn\/automated-testing\/test-automation-frameworks\/","activeCreativeID":"4701","scenes":["1","2","6","4","5"],"campaignAdType":"Interstitial","productId":"","purchaseBit":0,"licenseKey":""},{"campaignID":"9299","attribution":0,"priority":"5","appToPromote":{"appToPromoteID":"17609","usesDefaultFrameImage":"0","usesDefaultCloseImage":"0","marketURL":"https:\/\/smartbear.com\/learn\/automated-testing\/test-automation-frameworks\/","packageID":"com.buntoo.buntooAd"},"showTemplate":1,"s2s_tracking_url":"https:\/\/smartbear.com\/learn\/automated-testing\/test-automation-frameworks\/","activeCreativeID":"4701","scenes":["1","2","6","4","5"],"campaignAdType":"Interstitial","productId":"","purchaseBit":0,"licenseKey":""},{"campaignID":"9301","attribution":0,"priority":"5","appToPromote":{"appToPromoteID":"17609","usesDefaultFrameImage":"0","usesDefaultCloseImage":"0","marketURL":"https:\/\/smartbear.com\/learn\/automated-testing\/test-automation-frameworks\/","packageID":"com.buntoo.buntooAd"},"showTemplate":1,"s2s_tracking_url":"https:\/\/smartbear.com\/learn\/automated-testing\/test-automation-frameworks\/","activeCreativeID":"4701","scenes":["1","2","6","4","5"],"campaignAdType":"Interstitial","productId":"","purchaseBit":0,"licenseKey":""},{"campaignID":"9305","attribution":0,"priority":"5","appToPromote":{"appToPromoteID":"14746","usesDefaultFrameImage":"0","usesDefaultCloseImage":"0","marketURL":"https:\/\/play.google.com\/store\/apps\/details?id=com.buntoo.army.bus.parking","packageID":"com.buntoo.army.bus.parking"},"showTemplate":1,"s2s_tracking_url":"https:\/\/play.google.com\/store\/apps\/details?id=com.buntoo.army.bus.parking","activeCreativeID":"4710","scenes":["1","2","6","4","5"],"campaignAdType":"Interstitial","productId":"","purchaseBit":0,"licenseKey":""},{"campaignID":"48","attribution":0,"priority":"5","appToPromote":{"appToPromoteID":"1074","usesDefaultFrameImage":"1","usesDefaultCloseImage":"1","marketURL":"https:\/\/play.google.com\/store\/apps\/details?id=com.mizo.construction.crane.hill.climb","packageID":"com.mizo.construction.crane.hill.climb"},"showTemplate":1,"s2s_tracking_url":"https:\/\/play.google.com\/store\/apps\/details?id=com.mizo.construction.crane.hill.climb","activeCreativeID":"65","scenes":["1","2","6","4","5"],"campaignAdType":"Interstitial","productId":"","purchaseBit":0,"licenseKey":""},{"campaignID":"50","attribution":0,"priority":"5","appToPromote":{"appToPromoteID":"1221","usesDefaultFrameImage":"1","usesDefaultCloseImage":"1","marketURL":"https:\/\/play.google.com\/store\/apps\/details?id=com.mizo.offroad.hill.climb","packageID":"com.mizo.offroad.hill.climb"},"showTemplate":1,"s2s_tracking_url":"https:\/\/play.google.com\/store\/apps\/details?id=com.mizo.offroad.hill.climb","activeCreativeID":"67","scenes":["1","2","6","4","5"],"campaignAdType":"Interstitial","productId":"","purchaseBit":0,"licenseKey":""},{"campaignID":"67","attribution":0,"priority":"5","appToPromote":{"appToPromoteID":"1306","usesDefaultFrameImage":"1","usesDefaultCloseImage":"1","marketURL":"https:\/\/play.google.com\/store\/apps\/details?id=com.mizo.extreme.heavy.truck","packageID":"com.mizo.extreme.heavy.truck"},"showTemplate":1,"s2s_tracking_url":"https:\/\/play.google.com\/store\/apps\/details?id=com.mizo.extreme.heavy.truck","activeCreativeID":"85","scenes":["1","2","6","4","5"],"campaignAdType":"Interstitial","productId":"","purchaseBit":0,"licenseKey":""},{"campaignID":"78","attribution":0,"priority":"5","appToPromote":{"appToPromoteID":"1632","usesDefaultFrameImage":"1","usesDefaultCloseImage":"1","marketURL":"https:\/\/play.google.com\/store\/apps\/details?id=com.mizo.road.builder.city.construction","packageID":"com.mizo.road.builder.city.construction"},"showTemplate":1,"s2s_tracking_url":"https:\/\/play.google.com\/store\/apps\/details?id=com.mizo.road.builder.city.construction","activeCreativeID":"97","scenes":["1","2","6","4","5"],"campaignAdType":"Interstitial","productId":"","purchaseBit":0,"licenseKey":""},{"campaignID":"80","attribution":0,"priority":"5","appToPromote":{"appToPromoteID":"1675","usesDefaultFrameImage":"1","usesDefaultCloseImage":"1","marketURL":"https:\/\/play.google.com\/store\/apps\/details?id=com.mizo.flip.bottle.shooting.expert","packageID":"com.mizo.flip.bottle.shooting.expert"},"showTemplate":1,"s2s_tracking_url":"https:\/\/play.google.com\/store\/apps\/details?id=com.mizo.flip.bottle.shooting.expert","activeCreativeID":"100","scenes":["1","2","6","4","5"],"campaignAdType":"Interstitial","productId":"","purchaseBit":0,"licenseKey":""},{"campaignID":"110","attribution":0,"priority":"5","appToPromote":{"appToPromoteID":"1853","usesDefaultFrameImage":"1","usesDefaultCloseImage":"1","marketURL":"https:\/\/play.google.com\/store\/apps\/details?id=com.mizo.police.airplane.transporter","packageID":"com.mizo.police.airplane.transporter"},"showTemplate":1,"s2s_tracking_url":"https:\/\/play.google.com\/store\/apps\/details?id=com.mizo.police.airplane.transporter","activeCreativeID":"137","scenes":["1","2","6","4","5"],"campaignAdType":"Interstitial","productId":"","purchaseBit":0,"licenseKey":""},{"campaignID":"143","attribution":0,"priority":"5","appToPromote":{"appToPromoteID":"2089","usesDefaultFrameImage":"0","usesDefaultCloseImage":"0","marketURL":"https:\/\/play.google.com\/store\/apps\/details?id=com.mizo.sports.car.mechanic","packageID":"com.mizo.sports.car.mechanic"},"showTemplate":1,"s2s_tracking_url":"https:\/\/play.google.com\/store\/apps\/details?id=com.mizo.sports.car.mechanic","activeCreativeID":"184","scenes":["1","2","6","4","5"],"campaignAdType":"Interstitial","productId":"","purchaseBit":0,"licenseKey":""},{"campaignID":"147","attribution":0,"priority":"5","appToPromote":{"appToPromoteID":"2085","usesDefaultFrameImage":"0","usesDefaultCloseImage":"0","marketURL":"https:\/\/play.google.com\/store\/apps\/details?id=com.mizo.robot.gang.mafia","packageID":"com.mizo.robot.gang.mafia"},"showTemplate":1,"s2s_tracking_url":"https:\/\/play.google.com\/store\/apps\/details?id=com.mizo.robot.gang.mafia","activeCreativeID":"188","scenes":["1","2","6","4","5"],"campaignAdType":"Interstitial","productId":"","purchaseBit":0,"licenseKey":""}],"refreshAdRate":30,"mode":"Production","aspectRatio":"4_3","cdnPath":"https:\/\/df8ymybeo92md.cloudfront.net\/images\/","sentry_log":0,"local_logging":0,"sentry_dsn":"https:\/\/93ffa1c9a4124f67b8888a53265f751a:bbf998e04584477fa9a145838e9d3b26@sentry.io\/168994","sentry_initialization":1,"sentry_debugging":0,"bannerSizes":["1"],"aspectRatioVideo":"16_9","app_id":"2089","showPreRewardedDialogue":0,"showPostRewardedDialogue":0,"rewardCurrency":"coins","rewardValue":0,"isSkipable":1,"privacyPolicyURL":"https:\/\/www.consoliads.com\/privacy-policy\/","sessionToken":"4QBmj3B5YsGikRJvxo+Cpkv3g8PbeXFbgXaUKh5ItL9Byg4jvvdjWrv8wu8y2oPqhGkGD3HulAf+1Rvfzj2WYGAcWdbdXfBlV7B0C5i30yRm3Y9pRIdnMyO4sBdOQbvVQdd2MxyJrhWOVxlz5CeJHAKdHbwFa\/sq06soUi6GspI="}
Session token value is set

mode value is set

 Aspect ratio value is correct
sentry_log value is set
Session token value is set


{"appKey":"9c32e165fd92e18a2d2f8d387cd9e104","deviceID":"1258","stats":[{"campaignID":132,"packageID":"com.gss.us.army.commando.survival","sceneStats":[{"sceneID":"4","eventStats":"313,213,113,13,13,0,0"}]}],"sdkVersion":"2216","sessionToken":"CP9k\/2e5ZTbpV9GlrUgv6ajjb\/\/bi1z8rv+QKSghp2N7traWInlislNJY7vIw5kMTm0VWARLFKTgjCiLai+fbGsRfjqfhjJ+ESBvu\/Cp5ggeNZt\/H4EkuOqf8b\/9ED8YT60i13OTID3S4Te10yQ1c4CESt10huZ4CClwH6bZdBk="}
cache_ttl value is correct

Refresh Ad Rate value is correct
mode value is set

 Aspect ratio value is correct
sentry_log value is set
local_logging value is set
sentry_initialization value is set
sentry_debugging value is set
showPreRewardedDialogue value is set
showPostRewardedDialogue value is set
isSkipable value is set
{"cache_ttl":10080,"cache_ttl_rewarded":10080,"cache_ttl_banner":10080,"cache_ttl_native":10080,"cache_ttl_icon":10080,"campaigns":[{"campaignID":"9384","attribution":0,"priority":"5","appToPromote":{"appToPromoteID":"13185","usesDefaultFrameImage":"0","usesDefaultCloseImage":"0","marketURL":"https:\/\/play.google.com\/store\/apps\/details?id=com.gamesarena.flying.bike.tricks.stunts&amp;referrer=utm_source=42matters.com&amp;utm_medium=api","packageID":"com.gamesarena.flying.bike.tricks.stunts"},"showTemplate":1,"s2s_tracking_url":"https:\/\/play.google.com\/store\/apps\/details?id=com.gamesarena.flying.bike.tricks.stunts&amp;referrer=utm_source=42matters.com&amp;utm_medium=api","activeCreativeID":"4829","scenes":["12","1","8","6","15","2"],"campaignAdType":"Interstitial","productId":"","purchaseBit":0,"licenseKey":""},{"campaignID":"9386","attribution":0,"priority":"5","appToPromote":{"appToPromoteID":"17764","usesDefaultFrameImage":"0","usesDefaultCloseImage":"0","marketURL":"https:\/\/play.google.com\/store\/apps\/details?id=com.visiblebody.atlas&amp;referrer=utm_source=42matters.com&amp;utm_medium=api","packageID":"com.gamesarena..test6324"},"showTemplate":1,"s2s_tracking_url":"https:\/\/play.google.com\/store\/apps\/details?id=com.visiblebody.atlas&amp;referrer=utm_source=42matters.com&amp;utm_medium=api","activeCreativeID":"4828","scenes":["12","1","8","6","15","2"],"campaignAdType":"Interstitial","productId":"","purchaseBit":0,"licenseKey":""},{"campaignID":"9389","attribution":0,"priority":"5","appToPromote":{"appToPromoteID":"13185","usesDefaultFrameImage":"0","usesDefaultCloseImage":"0","marketURL":"https:\/\/play.google.com\/store\/apps\/details?id=com.gamesarena.flying.bike.tricks.stunts&amp;referrer=utm_source=42matters.com&amp;utm_medium=api","packageID":"com.gamesarena.flying.bike.tricks.stunts"},"showTemplate":1,"s2s_tracking_url":"https:\/\/play.google.com\/store\/apps\/details?id=com.gamesarena.flying.bike.tricks.stunts&amp;referrer=utm_source=42matters.com&amp;utm_medium=api","activeCreativeID":"4829","scenes":["12","1","8","6","15","2"],"campaignAdType":"Interstitial","productId":"","purchaseBit":0,"licenseKey":""},{"campaignID":"85","attribution":0,"priority":"5","appToPromote":{"appToPromoteID":"1830","usesDefaultFrameImage":"0","usesDefaultCloseImage":"0","marketURL":"https:\/\/play.google.com\/store\/apps\/details?id=com.gss.offroad.uphill.extremetruckdriver","packageID":"com.gss.offroad.uphill.extremetruckdriver"},"showTemplate":1,"s2s_tracking_url":"https:\/\/play.google.com\/store\/apps\/details?id=com.gss.offroad.uphill.extremetruckdriver","activeCreativeID":"106","scenes":["12","1","8","6","15","2"],"campaignAdType":"Interstitial","productId":"","purchaseBit":0,"licenseKey":""},{"campaignID":"86","attribution":0,"priority":"5","appToPromote":{"appToPromoteID":"1823","usesDefaultFrameImage":"0","usesDefaultCloseImage":"0","marketURL":"https:\/\/play.google.com\/store\/apps\/details?id=com.vg.demolition.derby.extreme.car.stunts","packageID":"com.vg.demolition.derby.extreme.car.stunts"},"showTemplate":1,"s2s_tracking_url":"https:\/\/play.google.com\/store\/apps\/details?id=com.vg.demolition.derby.extreme.car.stunts","activeCreativeID":"109","scenes":["12","1","8","6","15","2"],"campaignAdType":"Interstitial","productId":"","purchaseBit":0,"licenseKey":""},{"campaignID":"93","attribution":0,"priority":"5","appToPromote":{"appToPromoteID":"1860","usesDefaultFrameImage":"0","usesDefaultCloseImage":"0","marketURL":"https:\/\/play.google.com\/store\/apps\/details?id=com.gss.vendetta.subwaycrime.rescue.mission","packageID":"com.gss.vendetta.subwaycrime.rescue.mission"},"showTemplate":1,"s2s_tracking_url":"https:\/\/play.google.com\/store\/apps\/details?id=com.gss.vendetta.subwaycrime.rescue.mission","activeCreativeID":"117","scenes":["12","1","8","6","15","2"],"campaignAdType":"Interstitial","productId":"","purchaseBit":0,"licenseKey":""},{"campaignID":"94","attribution":0,"priority":"5","appToPromote":{"appToPromoteID":"1843","usesDefaultFrameImage":"0","usesDefaultCloseImage":"0","marketURL":"https:\/\/play.google.com\/store\/apps\/details?id=com.vg.secret.agent.mafia.gods.criminal.gang","packageID":"com.vg.secret.agent.mafia.gods.criminal.gang"},"showTemplate":1,"s2s_tracking_url":"https:\/\/play.google.com\/store\/apps\/details?id=com.vg.secret.agent.mafia.gods.criminal.gang","activeCreativeID":"120","scenes":["12","1","8","6","15","2"],"campaignAdType":"Interstitial","productId":"","purchaseBit":0,"licenseKey":""},{"campaignID":"112","attribution":0,"priority":"5","appToPromote":{"appToPromoteID":"1998","usesDefaultFrameImage":"0","usesDefaultCloseImage":"0","marketURL":"https:\/\/play.google.com\/store\/apps\/details?id=com.gss.citygangster.underworldempire.mafia.crime","packageID":"com.gss.citygangster.underworldempire.mafia.crime"},"showTemplate":1,"s2s_tracking_url":"https:\/\/play.google.com\/store\/apps\/details?id=com.gss.citygangster.underworldempire.mafia.crime","activeCreativeID":"146","scenes":["12","1","8","6","15","2"],"campaignAdType":"Interstitial","productId":"","purchaseBit":0,"licenseKey":""},{"campaignID":"114","attribution":0,"priority":"5","appToPromote":{"appToPromoteID":"2007","usesDefaultFrameImage":"0","usesDefaultCloseImage":"0","marketURL":"https:\/\/play.google.com\/store\/apps\/details?id=com.vg.police.secret.agent.crime.gang","packageID":"com.vg.police.secret.agent.crime.gang"},"showTemplate":1,"s2s_tracking_url":"https:\/\/play.google.com\/store\/apps\/details?id=com.vg.police.secret.agent.crime.gang","activeCreativeID":"148","scenes":["12","1","8","6","15","2"],"campaignAdType":"Interstitial","productId":"","purchaseBit":0,"licenseKey":""},{"campaignID":"133","attribution":0,"priority":"5","appToPromote":{"appToPromoteID":"2118","usesDefaultFrameImage":"0","usesDefaultCloseImage":"0","marketURL":"https:\/\/play.google.com\/store\/apps\/details?id=com.vg.us.war.mafia.gang.vegas.crime","packageID":"com.vg.us.war.mafia.gang.vegas.crime"},"showTemplate":1,"s2s_tracking_url":"https:\/\/play.google.com\/store\/apps\/details?id=com.vg.us.war.mafia.gang.vegas.crime","activeCreativeID":"172","scenes":["12","1","8","6","15","2"],"campaignAdType":"Interstitial","productId":"","purchaseBit":0,"licenseKey":""},{"campaignID":"152","attribution":0,"priority":"5","appToPromote":{"appToPromoteID":"1348","usesDefaultFrameImage":"0","usesDefaultCloseImage":"0","marketURL":"https:\/\/play.google.com\/store\/apps\/details?id=com.gss.police.sniper.prison.gaurd","packageID":"com.gss.police.sniper.prison.gaurd"},"showTemplate":1,"s2s_tracking_url":"https:\/\/play.google.com\/store\/apps\/details?id=com.gss.police.sniper.prison.gaurd","activeCreativeID":"192","scenes":["12","1","8","6","15","2"],"campaignAdType":"Interstitial","productId":"","purchaseBit":0,"licenseKey":""},{"campaignID":"158","attribution":0,"priority":"5","appToPromote":{"appToPromoteID":"2223","usesDefaultFrameImage":"0","usesDefaultCloseImage":"0","marketURL":"https:\/\/play.google.com\/store\/apps\/details?id=com.vg.counter.mafia.squad.army.training","packageID":"com.vg.counter.mafia.squad.army.training"},"showTemplate":1,"s2s_tracking_url":"https:\/\/play.google.com\/store\/apps\/details?id=com.vg.counter.mafia.squad.army.training","activeCreativeID":"204","scenes":["12","1","8","6","15","2"],"campaignAdType":"Interstitial","productId":"","purchaseBit":0,"licenseKey":""},{"campaignID":"162","attribution":0,"priority":"5","appToPromote":{"appToPromoteID":"2268","usesDefaultFrameImage":"0","usesDefaultCloseImage":"0","marketURL":"https:\/\/play.google.com\/store\/apps\/details?id=com.vg.prisoner.escape.survival.hero","packageID":"com.vg.prisoner.escape.survival.hero"},"showTemplate":1,"s2s_tracking_url":"https:\/\/play.google.com\/store\/apps\/details?id=com.vg.prisoner.escape.survival.hero","activeCreativeID":"206","scenes":["12","1","8","6","15","2"],"campaignAdType":"Interstitial","productId":"","purchaseBit":0,"licenseKey":""},{"campaignID":"163","attribution":0,"priority":"5","appToPromote":{"appToPromoteID":"2349","usesDefaultFrameImage":"0","usesDefaultCloseImage":"0","marketURL":"https:\/\/play.google.com\/store\/apps\/details?id=com.gss.city.war.survival.robothero","packageID":"com.gss.city.war.survival.robothero"},"showTemplate":1,"s2s_tracking_url":"https:\/\/play.google.com\/store\/apps\/details?id=com.gss.city.war.survival.robothero","activeCreativeID":"207","scenes":["12","1","8","6","15","2"],"campaignAdType":"Interstitial","productId":"","purchaseBit":0,"licenseKey":""},{"campaignID":"169","attribution":0,"priority":"5","appToPromote":{"appToPromoteID":"2414","usesDefaultFrameImage":"0","usesDefaultCloseImage":"0","marketURL":"https:\/\/play.google.com\/store\/apps\/details?id=com.gamefeast.armyheroes.us.military.training","packageID":"com.gamefeast.armyheroes.us.military.training"},"showTemplate":1,"s2s_tracking_url":"https:\/\/play.google.com\/store\/apps\/details?id=com.gamefeast.armyheroes.us.military.training","activeCreativeID":"220","scenes":["12","1","8","6","15","2"],"campaignAdType":"Interstitial","productId":"","purchaseBit":0,"licenseKey":""},{"campaignID":"207","attribution":0,"priority":"5","appToPromote":{"appToPromoteID":"2450","usesDefaultFrameImage":"0","usesDefaultCloseImage":"0","marketURL":"https:\/\/play.google.com\/store\/apps\/details?id=com.gss.army.commando.survivalisland","packageID":"com.gss.army.commando.survivalisland"},"showTemplate":1,"s2s_tracking_url":"https:\/\/play.google.com\/store\/apps\/details?id=com.gss.army.commando.survivalisland","activeCreativeID":"281","scenes":["12","1","8","6","15","2"],"campaignAdType":"Interstitial","productId":"","purchaseBit":0,"licenseKey":""},{"campaignID":"332","attribution":0,"priority":"5","appToPromote":{"appToPromoteID":"2857","usesDefaultFrameImage":"0","usesDefaultCloseImage":"0","marketURL":"https:\/\/play.google.com\/store\/apps\/details?id=com.gss.robot.battle.robbery.squad","packageID":"com.gss.robot.battle.robbery.squad"},"showTemplate":1,"s2s_tracking_url":"https:\/\/play.google.com\/store\/apps\/details?id=com.gss.robot.battle.robbery.squad","activeCreativeID":"343","scenes":["12","1","8","6","15","2"],"campaignAdType":"Interstitial","productId":"","purchaseBit":0,"licenseKey":""},{"campaignID":"336","attribution":0,"priority":"5","appToPromote":{"appToPromoteID":"2941","usesDefaultFrameImage":"0","usesDefaultCloseImage":"0","marketURL":"https:\/\/play.google.com\/store\/apps\/details?id=com.vg.us.army.war.survival.island","packageID":"com.vg.us.army.war.survival.island"},"showTemplate":1,"s2s_tracking_url":"https:\/\/play.google.com\/store\/apps\/details?id=com.vg.us.army.war.survival.island","activeCreativeID":"347","scenes":["12","1","8","6","15","2"],"campaignAdType":"Interstitial","productId":"","purchaseBit":0,"licenseKey":""},{"campaignID":"357","attribution":0,"priority":"5","appToPromote":{"appToPromoteID":"2741","usesDefaultFrameImage":"0","usesDefaultCloseImage":"0","marketURL":"https:\/\/play.google.com\/store\/apps\/details?id=com.gss.us.air.jetfighter.warrior","packageID":"com.gss.us.air.jetfighter.warrior"},"showTemplate":1,"s2s_tracking_url":"https:\/\/play.google.com\/store\/apps\/details?id=com.gss.us.air.jetfighter.warrior","activeCreativeID":"376","scenes":["12","1","8","6","15","2"],"campaignAdType":"Interstitial","productId":"","purchaseBit":0,"licenseKey":""},{"campaignID":"364","attribution":0,"priority":"5","appToPromote":{"appToPromoteID":"2552","usesDefaultFrameImage":"0","usesDefaultCloseImage":"0","marketURL":"https:\/\/play.google.com\/store\/apps\/details?id=com.gss.grand.city.rescue.flyingrobot","packageID":"com.gss.grand.city.rescue.flyingrobot"},"showTemplate":1,"s2s_tracking_url":"https:\/\/play.google.com\/store\/apps\/details?id=com.gss.grand.city.rescue.flyingrobot","activeCreativeID":"309","scenes":["12","1","8","6","15","2"],"campaignAdType":"Interstitial","productId":"","purchaseBit":0,"licenseKey":""},{"campaignID":"370","attribution":0,"priority":"5","appToPromote":{"appToPromoteID":"3065","usesDefaultFrameImage":"0","usesDefaultCloseImage":"0","marketURL":"https:\/\/play.google.com\/store\/apps\/details?id=com.gss.raft.survival.island.escape","packageID":"com.gss.raft.survival.island.escape"},"showTemplate":1,"s2s_tracking_url":"https:\/\/play.google.com\/store\/apps\/details?id=com.gss.raft.survival.island.escape","activeCreativeID":"391","scenes":["12","1","8","6","15","2"],"campaignAdType":"Interstitial","productId":"","purchaseBit":0,"licenseKey":""},{"campaignID":"417","attribution":0,"priority":"5","appToPromote":{"appToPromoteID":"3227","usesDefaultFrameImage":"0","usesDefaultCloseImage":"0","marketURL":"https:\/\/play.google.com\/store\/apps\/details?id=com.vg.hero.kids.army.training.school","packageID":"com.vg.hero.kids.army.training.school"},"showTemplate":1,"s2s_tracking_url":"https:\/\/play.google.com\/store\/apps\/details?id=com.vg.hero.kids.army.training.school","activeCreativeID":"454","scenes":["12","1","8","6","15","2"],"campaignAdType":"Interstitial","productId":"","purchaseBit":0,"licenseKey":""},{"campaignID":"433","attribution":0,"priority":"5","appToPromote":{"appToPromoteID":"3339","usesDefaultFrameImage":"0","usesDefaultCloseImage":"0","marketURL":"https:\/\/play.google.com\/store\/apps\/details?id=com.gss.battle.force.counterterrorist","packageID":"com.gss.battle.force.counterterrorist"},"showTemplate":1,"s2s_tracking_url":"https:\/\/play.google.com\/store\/apps\/details?id=com.gss.battle.force.counterterrorist","activeCreativeID":"477","scenes":["12","1","8","6","15","2"],"campaignAdType":"Interstitial","productId":"","purchaseBit":0,"licenseKey":""},{"campaignID":"436","attribution":0,"priority":"5","appToPromote":{"appToPromoteID":"3282","usesDefaultFrameImage":"0","usesDefaultCloseImage":"0","marketURL":"https:\/\/play.google.com\/store\/apps\/details?id=com.tgp.city.rescue.survival.flyinghero","packageID":"com.tgp.city.rescue.survival.flyinghero"},"showTemplate":1,"s2s_tracking_url":"https:\/\/play.google.com\/store\/apps\/details?id=com.tgp.city.rescue.survival.flyinghero","activeCreativeID":"478","scenes":["12","1","8","6","15","2"],"campaignAdType":"Interstitial","productId":"","purchaseBit":0,"licenseKey":""},{"campaignID":"446","attribution":0,"priority":"5","appToPromote":{"appToPromoteID":"3390","usesDefaultFrameImage":"0","usesDefaultCloseImage":"0","marketURL":"https:\/\/play.google.com\/store\/apps\/details?id=com.gss.flying.spider.superhero.survival","packageID":"com.gss.flying.spider.superhero.survival"},"showTemplate":1,"s2s_tracking_url":"https:\/\/play.google.com\/store\/apps\/details?id=com.gss.flying.spider.superhero.survival","activeCreativeID":"488","scenes":["12","1","8","6","15","2"],"campaignAdType":"Interstitial","productId":"","purchaseBit":0,"licenseKey":""}],"refreshAdRate":30,"mode":"Production","aspectRatio":"4_3","cdnPath":"https:\/\/df8ymybeo92md.cloudfront.net\/images\/","sentry_log":0,"local_logging":0,"sentry_dsn":"https:\/\/93ffa1c9a4124f67b8888a53265f751a:bbf998e04584477fa9a145838e9d3b26@sentry.io\/168994","sentry_initialization":1,"sentry_debugging":0,"bannerSizes":["1","2"],"aspectRatioVideo":"16_9","app_id":"2109","showPreRewardedDialogue":0,"showPostRewardedDialogue":0,"rewardCurrency":"coins","rewardValue":0,"isSkipable":0,"privacyPolicyURL":"https:\/\/www.consoliads.com\/privacy-policy\/","sessionToken":"IosBQjKNfqAHmHfr4E+uUkLUj8kgSQo\/23oIG4GqknJl0BC+SMVHm1728Q5YO05ezwSvq1MbsKxsZC3yEabq43lfm9U\/BTNsAePPB0ur8NTmIbRcFzOrXHmvejFMnKJ\/hVGbSbXmN9CjPXnqrfLoCouf4O2h5UnZtFU+hmk6wGg="}
Session token value is set


{"appKey":"a3040901882682cf28d8e6242b545b11","deviceID":"7539","stats":[{"campaignID":134,"packageID":"com.tgp.offroad.multi.truck.transport","sceneStats":[{"sceneID":"19","eventStats":"375,275,175,75,75,0,0"}]}],"sdkVersion":"39","sessionToken":"IosBQjKNfqAHmHfr4E+uUkLUj8kgSQo\/23oIG4GqknJl0BC+SMVHm1728Q5YO05ezwSvq1MbsKxsZC3yEabq43lfm9U\/BTNsAePPB0ur8NTmIbRcFzOrXHmvejFMnKJ\/hVGbSbXmN9CjPXnqrfLoCouf4O2h5UnZtFU+hmk6wGg="}
cache_ttl value is correct

Refresh Ad Rate value is correct
mode value is set

 Aspect ratio value is correct
sentry_log value is set
local_logging value is set
sentry_initialization value is set
sentry_debugging value is set
showPreRewardedDialogue value is set
showPostRewardedDialogue value is set
isSkipable value is set
{"cache_ttl":10080,"cache_ttl_rewarded":10080,"cache_ttl_banner":10080,"cache_ttl_native":10080,"cache_ttl_icon":10080,"campaigns":[{"campaignID":"9384","attribution":0,"priority":"5","appToPromote":{"appToPromoteID":"13185","usesDefaultFrameImage":"0","usesDefaultCloseImage":"0","marketURL":"https:\/\/play.google.com\/store\/apps\/details?id=com.gamesarena.flying.bike.tricks.stunts&amp;referrer=utm_source=42matters.com&amp;utm_medium=api","packageID":"com.gamesarena.flying.bike.tricks.stunts"},"showTemplate":1,"s2s_tracking_url":"https:\/\/play.google.com\/store\/apps\/details?id=com.gamesarena.flying.bike.tricks.stunts&amp;referrer=utm_source=42matters.com&amp;utm_medium=api","activeCreativeID":"4829","scenes":["12","1","8","6","15","2"],"campaignAdType":"Interstitial","productId":"","purchaseBit":0,"licenseKey":""},{"campaignID":"9386","attribution":0,"priority":"5","appToPromote":{"appToPromoteID":"17764","usesDefaultFrameImage":"0","usesDefaultCloseImage":"0","marketURL":"https:\/\/play.google.com\/store\/apps\/details?id=com.visiblebody.atlas&amp;referrer=utm_source=42matters.com&amp;utm_medium=api","packageID":"com.gamesarena..test6324"},"showTemplate":1,"s2s_tracking_url":"https:\/\/play.google.com\/store\/apps\/details?id=com.visiblebody.atlas&amp;referrer=utm_source=42matters.com&amp;utm_medium=api","activeCreativeID":"4828","scenes":["12","1","8","6","15","2"],"campaignAdType":"Interstitial","productId":"","purchaseBit":0,"licenseKey":""},{"campaignID":"9389","attribution":0,"priority":"5","appToPromote":{"appToPromoteID":"13185","usesDefaultFrameImage":"0","usesDefaultCloseImage":"0","marketURL":"https:\/\/play.google.com\/store\/apps\/details?id=com.gamesarena.flying.bike.tricks.stunts&amp;referrer=utm_source=42matters.com&amp;utm_medium=api","packageID":"com.gamesarena.flying.bike.tricks.stunts"},"showTemplate":1,"s2s_tracking_url":"https:\/\/play.google.com\/store\/apps\/details?id=com.gamesarena.flying.bike.tricks.stunts&amp;referrer=utm_source=42matters.com&amp;utm_medium=api","activeCreativeID":"4829","scenes":["12","1","8","6","15","2"],"campaignAdType":"Interstitial","productId":"","purchaseBit":0,"licenseKey":""},{"campaignID":"9710","attribution":0,"priority":"5","appToPromote":{"appToPromoteID":"11385","usesDefaultFrameImage":"0","usesDefaultCloseImage":"0","marketURL":"https:\/\/play.google.com\/store\/apps\/details?id=com.play.io.car.mechanic.auto.repair.workshop","packageID":"com.play.io.car.mechanic.auto.repair.workshop"},"showTemplate":1,"s2s_tracking_url":"https:\/\/play.google.com\/store\/apps\/details?id=com.play.io.car.mechanic.auto.repair.workshop","activeCreativeID":"1309","scenes":["12","1","8","6","15","2"],"campaignAdType":"Video","productId":"","purchaseBit":0,"licenseKey":""},{"campaignID":"139","attribution":0,"priority":"5","appToPromote":{"appToPromoteID":"2150","usesDefaultFrameImage":"0","usesDefaultCloseImage":"0","marketURL":"https:\/\/play.google.com\/store\/apps\/details?id=com.gss.traffic.rush.crazy.bike.rider","packageID":"com.gss.traffic.rush.crazy.bike.rider"},"showTemplate":1,"s2s_tracking_url":"https:\/\/play.google.com\/store\/apps\/details?id=com.gss.traffic.rush.crazy.bike.rider","activeCreativeID":"179","scenes":["12","1","8","6","15","2"],"campaignAdType":"Interstitial","productId":"","purchaseBit":0,"licenseKey":""},{"campaignID":"142","attribution":0,"priority":"5","appToPromote":{"appToPromoteID":"2164","usesDefaultFrameImage":"0","usesDefaultCloseImage":"0","marketURL":"https:\/\/play.google.com\/store\/apps\/details?id=com.vg.police.demolition.derby.crash.racing","packageID":"com.vg.police.demolition.derby.crash.racing"},"showTemplate":1,"s2s_tracking_url":"https:\/\/play.google.com\/store\/apps\/details?id=com.vg.police.demolition.derby.crash.racing","activeCreativeID":"182","scenes":["12","1","8","6","15","2"],"campaignAdType":"Interstitial","productId":"","purchaseBit":0,"licenseKey":""},{"campaignID":"146","attribution":0,"priority":"5","appToPromote":{"appToPromoteID":"2225","usesDefaultFrameImage":"0","usesDefaultCloseImage":"0","marketURL":"https:\/\/play.google.com\/store\/apps\/details?id=com.gss.offroad.policebiketransport","packageID":"com.gss.offroad.policebiketransport"},"showTemplate":1,"s2s_tracking_url":"https:\/\/play.google.com\/store\/apps\/details?id=com.gss.offroad.policebiketransport","activeCreativeID":"187","scenes":["12","1","8","6","15","2"],"campaignAdType":"Interstitial","productId":"","purchaseBit":0,"licenseKey":""},{"campaignID":"149","attribution":0,"priority":"5","appToPromote":{"appToPromoteID":"2224","usesDefaultFrameImage":"0","usesDefaultCloseImage":"0","marketURL":"https:\/\/play.google.com\/store\/apps\/details?id=com.vg.mega.city.construction.building.sim","packageID":"com.vg.mega.city.construction.building.sim"},"showTemplate":1,"s2s_tracking_url":"https:\/\/play.google.com\/store\/apps\/details?id=com.vg.mega.city.construction.building.sim","activeCreativeID":"191","scenes":["12","1","8","6","15","2"],"campaignAdType":"Interstitial","productId":"","purchaseBit":0,"licenseKey":""},{"campaignID":"150","attribution":0,"priority":"5","appToPromote":{"appToPromoteID":"2224","usesDefaultFrameImage":"0","usesDefaultCloseImage":"0","marketURL":"https:\/\/play.google.com\/store\/apps\/details?id=com.vg.mega.city.construction.building.sim","packageID":"com.vg.mega.city.construction.building.sim"},"showTemplate":1,"s2s_tracking_url":"https:\/\/play.google.com\/store\/apps\/details?id=com.vg.mega.city.construction.building.sim","activeCreativeID":"191","scenes":["12","1","8","6","15","2"],"campaignAdType":"Interstitial","productId":"","purchaseBit":0,"licenseKey":""},{"campaignID":"155","attribution":0,"priority":"5","appToPromote":{"appToPromoteID":"2226","usesDefaultFrameImage":"0","usesDefaultCloseImage":"0","marketURL":"https:\/\/play.google.com\/store\/apps\/details?id=com.gss.garage.workshop.carmehanic","packageID":"com.gss.garage.workshop.carmehanic"},"showTemplate":1,"s2s_tracking_url":"https:\/\/play.google.com\/store\/apps\/details?id=com.gss.garage.workshop.carmehanic","activeCreativeID":"197","scenes":["12","1","8","6","15","2"],"campaignAdType":"Interstitial","productId":"","purchaseBit":0,"licenseKey":""},{"campaignID":"156","attribution":0,"priority":"5","appToPromote":{"appToPromoteID":"2227","usesDefaultFrameImage":"0","usesDefaultCloseImage":"0","marketURL":"https:\/\/play.google.com\/store\/apps\/details?id=com.tgp.offroad.extreme.multi.cargotruck","packageID":"com.tgp.offroad.extreme.multi.cargotruck"},"showTemplate":1,"s2s_tracking_url":"https:\/\/play.google.com\/store\/apps\/details?id=com.tgp.offroad.extreme.multi.cargotruck","activeCreativeID":"198","scenes":["12","1","8","6","15","2"],"campaignAdType":"Interstitial","productId":"","purchaseBit":0,"licenseKey":""},{"campaignID":"163","attribution":0,"priority":"5","appToPromote":{"appToPromoteID":"2349","usesDefaultFrameImage":"0","usesDefaultCloseImage":"0","marketURL":"https:\/\/play.google.com\/store\/apps\/details?id=com.gss.city.war.survival.robothero","packageID":"com.gss.city.war.survival.robothero"},"showTemplate":1,"s2s_tracking_url":"https:\/\/play.google.com\/store\/apps\/details?id=com.gss.city.war.survival.robothero","activeCreativeID":"207","scenes":["12","1","8","6","15","2"],"campaignAdType":"Interstitial","productId":"","purchaseBit":0,"licenseKey":""},{"campaignID":"164","attribution":0,"priority":"5","appToPromote":{"appToPromoteID":"2350","usesDefaultFrameImage":"0","usesDefaultCloseImage":"0","marketURL":"https:\/\/play.google.com\/store\/apps\/details?id=com.tgp.car.robot.transport.truck","packageID":"com.tgp.car.robot.transport.truck"},"showTemplate":1,"s2s_tracking_url":"https:\/\/play.google.com\/store\/apps\/details?id=com.tgp.car.robot.transport.truck","activeCreativeID":"211","scenes":["12","1","8","6","15","2"],"campaignAdType":"Interstitial","productId":"","purchaseBit":0,"licenseKey":""},{"campaignID":"166","attribution":0,"priority":"5","appToPromote":{"appToPromoteID":"2273","usesDefaultFrameImage":"0","usesDefaultCloseImage":"0","marketURL":"https:\/\/play.google.com\/store\/apps\/details?id=com.gss.police.automechanic.repair.workshop","packageID":"com.gss.police.automechanic.repair.workshop"},"showTemplate":1,"s2s_tracking_url":"https:\/\/play.google.com\/store\/apps\/details?id=com.gss.police.automechanic.repair.workshop","activeCreativeID":"217","scenes":["12","1","8","6","15","2"],"campaignAdType":"Interstitial","productId":"","purchaseBit":0,"licenseKey":""},{"campaignID":"167","attribution":0,"priority":"5","appToPromote":{"appToPromoteID":"2348","usesDefaultFrameImage":"0","usesDefaultCloseImage":"0","marketURL":"https:\/\/play.google.com\/store\/apps\/details?id=com.vg.rollercoaster.crazy.tycoon.tour","packageID":"com.vg.rollercoaster.crazy.tycoon.tour"},"showTemplate":1,"s2s_tracking_url":"https:\/\/play.google.com\/store\/apps\/details?id=com.vg.rollercoaster.crazy.tycoon.tour","activeCreativeID":"218","scenes":["12","1","8","6","15","2"],"campaignAdType":"Interstitial","productId":"","purchaseBit":0,"licenseKey":""},{"campaignID":"214","attribution":0,"priority":"5","appToPromote":{"appToPromoteID":"2613","usesDefaultFrameImage":"0","usesDefaultCloseImage":"0","marketURL":"https:\/\/play.google.com\/store\/apps\/details?id=com.gss.robot.bike.transport.truck","packageID":"com.gss.robot.bike.transport.truck"},"showTemplate":1,"s2s_tracking_url":"https:\/\/play.google.com\/store\/apps\/details?id=com.gss.robot.bike.transport.truck","activeCreativeID":"295","scenes":["12","1","8","6","15","2"],"campaignAdType":"Interstitial","productId":"","purchaseBit":0,"licenseKey":""},{"campaignID":"303","attribution":0,"priority":"5","appToPromote":{"appToPromoteID":"2642","usesDefaultFrameImage":"0","usesDefaultCloseImage":"0","marketURL":"https:\/\/play.google.com\/store\/apps\/details?id=com.tgp.offroad.robot.transport.truck","packageID":"com.tgp.offroad.robot.transport.truck"},"showTemplate":1,"s2s_tracking_url":"https:\/\/play.google.com\/store\/apps\/details?id=com.tgp.offroad.robot.transport.truck","activeCreativeID":"310","scenes":["12","1","8","6","15","2"],"campaignAdType":"Interstitial","productId":"","purchaseBit":0,"licenseKey":""},{"campaignID":"358","attribution":0,"priority":"5","appToPromote":{"appToPromoteID":"2917","usesDefaultFrameImage":"0","usesDefaultCloseImage":"0","marketURL":"https:\/\/play.google.com\/store\/apps\/details?id=com.gamefeast.touristbus.highway.driver.sim","packageID":"com.gamefeast.touristbus.highway.driver.sim"},"showTemplate":1,"s2s_tracking_url":"https:\/\/play.google.com\/store\/apps\/details?id=com.gamefeast.touristbus.highway.driver.sim","activeCreativeID":"377","scenes":["12","1","8","6","15","2"],"campaignAdType":"Interstitial","productId":"","purchaseBit":0,"licenseKey":""},{"campaignID":"370","attribution":0,"priority":"5","appToPromote":{"appToPromoteID":"3065","usesDefaultFrameImage":"0","usesDefaultCloseImage":"0","marketURL":"https:\/\/play.google.com\/store\/apps\/details?id=com.gss.raft.survival.island.escape","packageID":"com.gss.raft.survival.island.escape"},"showTemplate":1,"s2s_tracking_url":"https:\/\/play.google.com\/store\/apps\/details?id=com.gss.raft.survival.island.escape","activeCreativeID":"391","scenes":["12","1","8","6","15","2"],"campaignAdType":"Interstitial","productId":"","purchaseBit":0,"licenseKey":""},{"campaignID":"371","attribution":0,"priority":"5","appToPromote":{"appToPromoteID":"3117","usesDefaultFrameImage":"0","usesDefaultCloseImage":"0","marketURL":"https:\/\/play.google.com\/store\/apps\/details?id=com.vg.fast.car.driver.furiousracing","packageID":"com.vg.fast.car.driver.furiousracing"},"showTemplate":1,"s2s_tracking_url":"https:\/\/play.google.com\/store\/apps\/details?id=com.vg.fast.car.driver.furiousracing","activeCreativeID":"392","scenes":["12","1","8","6","15","2"],"campaignAdType":"Interstitial","productId":"","purchaseBit":0,"licenseKey":""},{"campaignID":"372","attribution":0,"priority":"5","appToPromote":{"appToPromoteID":"2938","usesDefaultFrameImage":"0","usesDefaultCloseImage":"0","marketURL":"https:\/\/play.google.com\/store\/apps\/details?id=com.tgp.offroad.us.army.transport","packageID":"com.tgp.offroad.us.army.transport"},"showTemplate":1,"s2s_tracking_url":"https:\/\/play.google.com\/store\/apps\/details?id=com.tgp.offroad.us.army.transport","activeCreativeID":"393","scenes":["12","1","8","6","15","2"],"campaignAdType":"Interstitial","productId":"","purchaseBit":0,"licenseKey":""},{"campaignID":"396","attribution":0,"priority":"5","appToPromote":{"appToPromoteID":"3019","usesDefaultFrameImage":"0","usesDefaultCloseImage":"0","marketURL":"https:\/\/play.google.com\/store\/apps\/details?id=com.gss.robot.car.transport.truck","packageID":"com.gss.robot.car.transport.truck"},"showTemplate":1,"s2s_tracking_url":"https:\/\/play.google.com\/store\/apps\/details?id=com.gss.robot.car.transport.truck","activeCreativeID":"420","scenes":["12","1","8","6","15","2"],"campaignAdType":"Interstitial","productId":"","purchaseBit":0,"licenseKey":""},{"campaignID":"397","attribution":0,"priority":"5","appToPromote":{"appToPromoteID":"3108","usesDefaultFrameImage":"0","usesDefaultCloseImage":"0","marketURL":"https:\/\/play.google.com\/store\/apps\/details?id=com.vg.amazing.city.coachbusdriver","packageID":"com.vg.amazing.city.coachbusdriver"},"showTemplate":1,"s2s_tracking_url":"https:\/\/play.google.com\/store\/apps\/details?id=com.vg.amazing.city.coachbusdriver","activeCreativeID":"417","scenes":["12","1","8","6","15","2"],"campaignAdType":"Interstitial","productId":"","purchaseBit":0,"licenseKey":""},{"campaignID":"398","attribution":0,"priority":"5","appToPromote":{"appToPromoteID":"3083","usesDefaultFrameImage":"0","usesDefaultCloseImage":"0","marketURL":"https:\/\/play.google.com\/store\/apps\/details?id=com.gamefeast.city.police.prisonbusdriver","packageID":"com.gamefeast.city.police.prisonbusdriver"},"showTemplate":1,"s2s_tracking_url":"https:\/\/play.google.com\/store\/apps\/details?id=com.gamefeast.city.police.prisonbusdriver","activeCreativeID":"418","scenes":["12","1","8","6","15","2"],"campaignAdType":"Interstitial","productId":"","purchaseBit":0,"licenseKey":""},{"campaignID":"399","attribution":0,"priority":"5","appToPromote":{"appToPromoteID":"3151","usesDefaultFrameImage":"0","usesDefaultCloseImage":"0","marketURL":"https:\/\/play.google.com\/store\/apps\/details?id=com.tgp.watersurfer.beach.car.driving","packageID":"com.tgp.watersurfer.beach.car.driving"},"showTemplate":1,"s2s_tracking_url":"https:\/\/play.google.com\/store\/apps\/details?id=com.tgp.watersurfer.beach.car.driving","activeCreativeID":"419","scenes":["12","1","8","6","15","2"],"campaignAdType":"Interstitial","productId":"","purchaseBit":0,"licenseKey":""}],"refreshAdRate":30,"mode":"Production","aspectRatio":"4_3","cdnPath":"https:\/\/df8ymybeo92md.cloudfront.net\/images\/","sentry_log":0,"local_logging":0,"sentry_dsn":"https:\/\/93ffa1c9a4124f67b8888a53265f751a:bbf998e04584477fa9a145838e9d3b26@sentry.io\/168994","sentry_initialization":1,"sentry_debugging":0,"bannerSizes":["5"],"aspectRatioVideo":"16_9","app_id":"2130","showPreRewardedDialogue":0,"showPostRewardedDialogue":0,"rewardCurrency":"coins","rewardValue":0,"isSkipable":0,"privacyPolicyURL":"https:\/\/www.consoliads.com\/privacy-policy\/","sessionToken":"D4a4d1epqHtKrvPTxJ8zYhj5k+NIZdeTpO+x27zihJnQQ669bRIlU8\/3yZbu3ZQi5XZbJhWD7W3Bd0OomBXo1WXdhE9Zx2Cfoa48guRYBlWmqWePjMrzIpjOJO1Xi433DlDckO1iBtEh\/YyPf\/96ZhQU4GU4fskgHQFnYuvYh\/Q="}
Session token value is set


{"appKey":"9df632233aa0ab875abe5f3677328817","deviceID":"4933","stats":[{"campaignID":121,"packageID":"com.whitesand.underwater.shark.sniper.hunter","sceneStats":[{"sceneID":"13","eventStats":"349,249,149,49,49,0,0"}]}],"sdkVersion":"90","sessionToken":"D4a4d1epqHtKrvPTxJ8zYhj5k+NIZdeTpO+x27zihJnQQ669bRIlU8\/3yZbu3ZQi5XZbJhWD7W3Bd0OomBXo1WXdhE9Zx2Cfoa48guRYBlWmqWePjMrzIpjOJO1Xi433DlDckO1iBtEh\/YyPf\/96ZhQU4GU4fskgHQFnYuvYh\/Q="}
cache_ttl value is correct

Refresh Ad Rate value is correct
mode value is set

 Aspect ratio value is correct
sentry_log value is set
local_logging value is set
sentry_initialization value is set
sentry_debugging value is set
showPreRewardedDialogue value is set
showPostRewardedDialogue value is set
isSkipable value is set
{"cache_ttl":10080,"cache_ttl_rewarded":10080,"cache_ttl_banner":10080,"cache_ttl_native":10080,"cache_ttl_icon":10080,"refreshAdRate":30,"mode":"Production","aspectRatio":"4_3","cdnPath":"https:\/\/df8ymybeo92md.cloudfront.net\/images\/","sentry_log":0,"local_logging":0,"sentry_dsn":"https:\/\/93ffa1c9a4124f67b8888a53265f751a:bbf998e04584477fa9a145838e9d3b26@sentry.io\/168994","sentry_initialization":1,"sentry_debugging":0,"bannerSizes":["5"],"aspectRatioVideo":"16_9","app_id":"2141","showPreRewardedDialogue":0,"showPostRewardedDialogue":0,"rewardCurrency":"coins","rewardValue":0,"isSkipable":0,"privacyPolicyURL":"https:\/\/www.consoliads.com\/privacy-policy\/","sessionToken":"QfylQtGDXohYdtAUcpKkS83lDzfv1cGie4e1z+Alh3kO9MSdSPK4Elcj132gIHIGh1yo7+X7sOyeNVQvZMDhh6Owbpn0KBNdZoN+rLsgjSB7JD8muGOfY6ZsjhqFaBvRdflJd7\/MtZXA0UYgBwQZgXmUQgdcHXvNYwlaUk0OUf4="}
Session token value is set


{"appKey":"9df632233aa0ab875abe5f3677328817","deviceID":"932","stats":[{"campaignID":153,"packageID":"com.whitesand.underwater.shark.sniper.hunter","sceneStats":[{"sceneID":"3","eventStats":"310,210,110,10,10,0,0"}]}],"sdkVersion":"90","sessionToken":"QfylQtGDXohYdtAUcpKkS83lDzfv1cGie4e1z+Alh3kO9MSdSPK4Elcj132gIHIGh1yo7+X7sOyeNVQvZMDhh6Owbpn0KBNdZoN+rLsgjSB7JD8muGOfY6ZsjhqFaBvRdflJd7\/MtZXA0UYgBwQZgXmUQgdcHXvNYwlaUk0OUf4="}
cache_ttl value is correct

Refresh Ad Rate value is correct
mode value is set

 Aspect ratio value is correct
sentry_log value is set
local_logging value is set
sentry_initialization value is set
sentry_debugging value is set
showPreRewardedDialogue value is set
showPostRewardedDialogue value is set
isSkipable value is set
{"cache_ttl":10080,"cache_ttl_rewarded":10080,"cache_ttl_banner":10080,"cache_ttl_native":10080,"cache_ttl_icon":10080,"refreshAdRate":30,"mode":"Production","aspectRatio":"4_3","cdnPath":"https:\/\/df8ymybeo92md.cloudfront.net\/images\/","sentry_log":0,"local_logging":0,"sentry_dsn":"https:\/\/93ffa1c9a4124f67b8888a53265f751a:bbf998e04584477fa9a145838e9d3b26@sentry.io\/168994","sentry_initialization":1,"sentry_debugging":0,"bannerSizes":["5"],"aspectRatioVideo":"16_9","app_id":"2141","showPreRewardedDialogue":0,"showPostRewardedDialogue":0,"rewardCurrency":"coins","rewardValue":0,"isSkipable":0,"privacyPolicyURL":"https:\/\/www.consoliads.com\/privacy-policy\/","sessionToken":"3Nmw\/QmIa2dd+Dgp1lVnT7lhR9O3yTpLtYTPP4yFUOS3tEp7Mc2wAL53MziVFoxKnLu79wvqwRmZBI9Jn2nfZRLwhcvg94Cy7l8njrOo9b4KYivACbR4q3l0fvOjyi2Dzd2XfU0uQzeRhihrfdmRYxgTbBeQVOSy7BY4EA5FSK4="}
Session token value is set


{"appKey":"9df632233aa0ab875abe5f3677328817","deviceID":"7628","stats":[{"campaignID":1482,"packageID":"com.whitesand.underwater.shark.sniper.hunter","sceneStats":[{"sceneID":"20","eventStats":"376,276,176,76,76,0,0"}]}],"sdkVersion":"90","sessionToken":"3Nmw\/QmIa2dd+Dgp1lVnT7lhR9O3yTpLtYTPP4yFUOS3tEp7Mc2wAL53MziVFoxKnLu79wvqwRmZBI9Jn2nfZRLwhcvg94Cy7l8njrOo9b4KYivACbR4q3l0fvOjyi2Dzd2XfU0uQzeRhihrfdmRYxgTbBeQVOSy7BY4EA5FSK4="}
cache_ttl value is correct

Refresh Ad Rate value is correct
mode value is set

 Aspect ratio value is correct
sentry_log value is set
local_logging value is set
sentry_initialization value is set
sentry_debugging value is set
showPreRewardedDialogue value is set
showPostRewardedDialogue value is set
isSkipable value is set
{"cache_ttl":10080,"cache_ttl_rewarded":10080,"cache_ttl_banner":10080,"cache_ttl_native":10080,"cache_ttl_icon":10080,"refreshAdRate":30,"mode":"Production","aspectRatio":"4_3","cdnPath":"https:\/\/df8ymybeo92md.cloudfront.net\/images\/","sentry_log":0,"local_logging":0,"sentry_dsn":"https:\/\/93ffa1c9a4124f67b8888a53265f751a:bbf998e04584477fa9a145838e9d3b26@sentry.io\/168994","sentry_initialization":1,"sentry_debugging":0,"bannerSizes":["5"],"aspectRatioVideo":"16_9","app_id":"2141","showPreRewardedDialogue":0,"showPostRewardedDialogue":0,"rewardCurrency":"coins","rewardValue":0,"isSkipable":0,"privacyPolicyURL":"https:\/\/www.consoliads.com\/privacy-policy\/","sessionToken":"\/Y0j\/PvrWBqivyHlX\/yKY5tzKB3zh\/zEPxqYs0B4v+JVrOhheOCsqtDxzf+GebvhKhl4ynqDI\/wYQ61m01hnc5Si92x8XrDiLRm7IsZTALY2gMQmLAs0oAHruC3pwqHkllI7pconFjZu+VaJ46ckgl1p+0kiFe16gi\/AzOF2Qhk="}
Session token value is set


{"appKey":"081c9f3ed7515bbbefc3fc89101b1944","deviceID":"6450","stats":[{"campaignID":146,"packageID":"com.gss.offroad.policebiketransport","sceneStats":[{"sceneID":"17","eventStats":"364,264,164,64,64,0,0"}]}],"sdkVersion":"39","sessionToken":"\/Y0j\/PvrWBqivyHlX\/yKY5tzKB3zh\/zEPxqYs0B4v+JVrOhheOCsqtDxzf+GebvhKhl4ynqDI\/wYQ61m01hnc5Si92x8XrDiLRm7IsZTALY2gMQmLAs0oAHruC3pwqHkllI7pconFjZu+VaJ46ckgl1p+0kiFe16gi\/AzOF2Qhk="}
cache_ttl value is correct

Refresh Ad Rate value is correct
mode value is set

 Aspect ratio value is correct
sentry_log value is set
local_logging value is set
sentry_initialization value is set
sentry_debugging value is set
showPreRewardedDialogue value is set
showPostRewardedDialogue value is set
isSkipable value is set
{"cache_ttl":10080,"cache_ttl_rewarded":10080,"cache_ttl_banner":10080,"cache_ttl_native":10080,"cache_ttl_icon":10080,"campaigns":[{"campaignID":"9384","attribution":0,"priority":"5","appToPromote":{"appToPromoteID":"13185","usesDefaultFrameImage":"0","usesDefaultCloseImage":"0","marketURL":"https:\/\/play.google.com\/store\/apps\/details?id=com.gamesarena.flying.bike.tricks.stunts&amp;referrer=utm_source=42matters.com&amp;utm_medium=api","packageID":"com.gamesarena.flying.bike.tricks.stunts"},"showTemplate":1,"s2s_tracking_url":"https:\/\/play.google.com\/store\/apps\/details?id=com.gamesarena.flying.bike.tricks.stunts&amp;referrer=utm_source=42matters.com&amp;utm_medium=api","activeCreativeID":"4829","scenes":["12","1","8","6","15","2"],"campaignAdType":"Interstitial","productId":"","purchaseBit":0,"licenseKey":""},{"campaignID":"9386","attribution":0,"priority":"5","appToPromote":{"appToPromoteID":"17764","usesDefaultFrameImage":"0","usesDefaultCloseImage":"0","marketURL":"https:\/\/play.google.com\/store\/apps\/details?id=com.visiblebody.atlas&amp;referrer=utm_source=42matters.com&amp;utm_medium=api","packageID":"com.gamesarena..test6324"},"showTemplate":1,"s2s_tracking_url":"https:\/\/play.google.com\/store\/apps\/details?id=com.visiblebody.atlas&amp;referrer=utm_source=42matters.com&amp;utm_medium=api","activeCreativeID":"4828","scenes":["12","1","8","6","15","2"],"campaignAdType":"Interstitial","productId":"","purchaseBit":0,"licenseKey":""},{"campaignID":"9389","attribution":0,"priority":"5","appToPromote":{"appToPromoteID":"13185","usesDefaultFrameImage":"0","usesDefaultCloseImage":"0","marketURL":"https:\/\/play.google.com\/store\/apps\/details?id=com.gamesarena.flying.bike.tricks.stunts&amp;referrer=utm_source=42matters.com&amp;utm_medium=api","packageID":"com.gamesarena.flying.bike.tricks.stunts"},"showTemplate":1,"s2s_tracking_url":"https:\/\/play.google.com\/store\/apps\/details?id=com.gamesarena.flying.bike.tricks.stunts&amp;referrer=utm_source=42matters.com&amp;utm_medium=api","activeCreativeID":"4829","scenes":["12","1","8","6","15","2"],"campaignAdType":"Interstitial","productId":"","purchaseBit":0,"licenseKey":""},{"campaignID":"9710","attribution":0,"priority":"5","appToPromote":{"appToPromoteID":"11385","usesDefaultFrameImage":"0","usesDefaultCloseImage":"0","marketURL":"https:\/\/play.google.com\/store\/apps\/details?id=com.play.io.car.mechanic.auto.repair.workshop","packageID":"com.play.io.car.mechanic.auto.repair.workshop"},"showTemplate":1,"s2s_tracking_url":"https:\/\/play.google.com\/store\/apps\/details?id=com.play.io.car.mechanic.auto.repair.workshop","activeCreativeID":"1309","scenes":["12","1","8","6","15","2"],"campaignAdType":"Video","productId":"","purchaseBit":0,"licenseKey":""},{"campaignID":"139","attribution":0,"priority":"5","appToPromote":{"appToPromoteID":"2150","usesDefaultFrameImage":"0","usesDefaultCloseImage":"0","marketURL":"https:\/\/play.google.com\/store\/apps\/details?id=com.gss.traffic.rush.crazy.bike.rider","packageID":"com.gss.traffic.rush.crazy.bike.rider"},"showTemplate":1,"s2s_tracking_url":"https:\/\/play.google.com\/store\/apps\/details?id=com.gss.traffic.rush.crazy.bike.rider","activeCreativeID":"179","scenes":["12","1","8","6","15","2"],"campaignAdType":"Interstitial","productId":"","purchaseBit":0,"licenseKey":""},{"campaignID":"142","attribution":0,"priority":"5","appToPromote":{"appToPromoteID":"2164","usesDefaultFrameImage":"0","usesDefaultCloseImage":"0","marketURL":"https:\/\/play.google.com\/store\/apps\/details?id=com.vg.police.demolition.derby.crash.racing","packageID":"com.vg.police.demolition.derby.crash.racing"},"showTemplate":1,"s2s_tracking_url":"https:\/\/play.google.com\/store\/apps\/details?id=com.vg.police.demolition.derby.crash.racing","activeCreativeID":"182","scenes":["12","1","8","6","15","2"],"campaignAdType":"Interstitial","productId":"","purchaseBit":0,"licenseKey":""},{"campaignID":"149","attribution":0,"priority":"5","appToPromote":{"appToPromoteID":"2224","usesDefaultFrameImage":"0","usesDefaultCloseImage":"0","marketURL":"https:\/\/play.google.com\/store\/apps\/details?id=com.vg.mega.city.construction.building.sim","packageID":"com.vg.mega.city.construction.building.sim"},"showTemplate":1,"s2s_tracking_url":"https:\/\/play.google.com\/store\/apps\/details?id=com.vg.mega.city.construction.building.sim","activeCreativeID":"191","scenes":["12","1","8","6","15","2"],"campaignAdType":"Interstitial","productId":"","purchaseBit":0,"licenseKey":""},{"campaignID":"150","attribution":0,"priority":"5","appToPromote":{"appToPromoteID":"2224","usesDefaultFrameImage":"0","usesDefaultCloseImage":"0","marketURL":"https:\/\/play.google.com\/store\/apps\/details?id=com.vg.mega.city.construction.building.sim","packageID":"com.vg.mega.city.construction.building.sim"},"showTemplate":1,"s2s_tracking_url":"https:\/\/play.google.com\/store\/apps\/details?id=com.vg.mega.city.construction.building.sim","activeCreativeID":"191","scenes":["12","1","8","6","15","2"],"campaignAdType":"Interstitial","productId":"","purchaseBit":0,"licenseKey":""},{"campaignID":"155","attribution":0,"priority":"5","appToPromote":{"appToPromoteID":"2226","usesDefaultFrameImage":"0","usesDefaultCloseImage":"0","marketURL":"https:\/\/play.google.com\/store\/apps\/details?id=com.gss.garage.workshop.carmehanic","packageID":"com.gss.garage.workshop.carmehanic"},"showTemplate":1,"s2s_tracking_url":"https:\/\/play.google.com\/store\/apps\/details?id=com.gss.garage.workshop.carmehanic","activeCreativeID":"197","scenes":["12","1","8","6","15","2"],"campaignAdType":"Interstitial","productId":"","purchaseBit":0,"licenseKey":""},{"campaignID":"156","attribution":0,"priority":"5","appToPromote":{"appToPromoteID":"2227","usesDefaultFrameImage":"0","usesDefaultCloseImage":"0","marketURL":"https:\/\/play.google.com\/store\/apps\/details?id=com.tgp.offroad.extreme.multi.cargotruck","packageID":"com.tgp.offroad.extreme.multi.cargotruck"},"showTemplate":1,"s2s_tracking_url":"https:\/\/play.google.com\/store\/apps\/details?id=com.tgp.offroad.extreme.multi.cargotruck","activeCreativeID":"198","scenes":["12","1","8","6","15","2"],"campaignAdType":"Interstitial","productId":"","purchaseBit":0,"licenseKey":""},{"campaignID":"163","attribution":0,"priority":"5","appToPromote":{"appToPromoteID":"2349","usesDefaultFrameImage":"0","usesDefaultCloseImage":"0","marketURL":"https:\/\/play.google.com\/store\/apps\/details?id=com.gss.city.war.survival.robothero","packageID":"com.gss.city.war.survival.robothero"},"showTemplate":1,"s2s_tracking_url":"https:\/\/play.google.com\/store\/apps\/details?id=com.gss.city.war.survival.robothero","activeCreativeID":"207","scenes":["12","1","8","6","15","2"],"campaignAdType":"Interstitial","productId":"","purchaseBit":0,"licenseKey":""},{"campaignID":"164","attribution":0,"priority":"5","appToPromote":{"appToPromoteID":"2350","usesDefaultFrameImage":"0","usesDefaultCloseImage":"0","marketURL":"https:\/\/play.google.com\/store\/apps\/details?id=com.tgp.car.robot.transport.truck","packageID":"com.tgp.car.robot.transport.truck"},"showTemplate":1,"s2s_tracking_url":"https:\/\/play.google.com\/store\/apps\/details?id=com.tgp.car.robot.transport.truck","activeCreativeID":"211","scenes":["12","1","8","6","15","2"],"campaignAdType":"Interstitial","productId":"","purchaseBit":0,"licenseKey":""},{"campaignID":"166","attribution":0,"priority":"5","appToPromote":{"appToPromoteID":"2273","usesDefaultFrameImage":"0","usesDefaultCloseImage":"0","marketURL":"https:\/\/play.google.com\/store\/apps\/details?id=com.gss.police.automechanic.repair.workshop","packageID":"com.gss.police.automechanic.repair.workshop"},"showTemplate":1,"s2s_tracking_url":"https:\/\/play.google.com\/store\/apps\/details?id=com.gss.police.automechanic.repair.workshop","activeCreativeID":"217","scenes":["12","1","8","6","15","2"],"campaignAdType":"Interstitial","productId":"","purchaseBit":0,"licenseKey":""},{"campaignID":"167","attribution":0,"priority":"5","appToPromote":{"appToPromoteID":"2348","usesDefaultFrameImage":"0","usesDefaultCloseImage":"0","marketURL":"https:\/\/play.google.com\/store\/apps\/details?id=com.vg.rollercoaster.crazy.tycoon.tour","packageID":"com.vg.rollercoaster.crazy.tycoon.tour"},"showTemplate":1,"s2s_tracking_url":"https:\/\/play.google.com\/store\/apps\/details?id=com.vg.rollercoaster.crazy.tycoon.tour","activeCreativeID":"218","scenes":["12","1","8","6","15","2"],"campaignAdType":"Interstitial","productId":"","purchaseBit":0,"licenseKey":""},{"campaignID":"214","attribution":0,"priority":"5","appToPromote":{"appToPromoteID":"2613","usesDefaultFrameImage":"0","usesDefaultCloseImage":"0","marketURL":"https:\/\/play.google.com\/store\/apps\/details?id=com.gss.robot.bike.transport.truck","packageID":"com.gss.robot.bike.transport.truck"},"showTemplate":1,"s2s_tracking_url":"https:\/\/play.google.com\/store\/apps\/details?id=com.gss.robot.bike.transport.truck","activeCreativeID":"295","scenes":["12","1","8","6","15","2"],"campaignAdType":"Interstitial","productId":"","purchaseBit":0,"licenseKey":""},{"campaignID":"303","attribution":0,"priority":"5","appToPromote":{"appToPromoteID":"2642","usesDefaultFrameImage":"0","usesDefaultCloseImage":"0","marketURL":"https:\/\/play.google.com\/store\/apps\/details?id=com.tgp.offroad.robot.transport.truck","packageID":"com.tgp.offroad.robot.transport.truck"},"showTemplate":1,"s2s_tracking_url":"https:\/\/play.google.com\/store\/apps\/details?id=com.tgp.offroad.robot.transport.truck","activeCreativeID":"310","scenes":["12","1","8","6","15","2"],"campaignAdType":"Interstitial","productId":"","purchaseBit":0,"licenseKey":""},{"campaignID":"358","attribution":0,"priority":"5","appToPromote":{"appToPromoteID":"2917","usesDefaultFrameImage":"0","usesDefaultCloseImage":"0","marketURL":"https:\/\/play.google.com\/store\/apps\/details?id=com.gamefeast.touristbus.highway.driver.sim","packageID":"com.gamefeast.touristbus.highway.driver.sim"},"showTemplate":1,"s2s_tracking_url":"https:\/\/play.google.com\/store\/apps\/details?id=com.gamefeast.touristbus.highway.driver.sim","activeCreativeID":"377","scenes":["12","1","8","6","15","2"],"campaignAdType":"Interstitial","productId":"","purchaseBit":0,"licenseKey":""},{"campaignID":"370","attribution":0,"priority":"5","appToPromote":{"appToPromoteID":"3065","usesDefaultFrameImage":"0","usesDefaultCloseImage":"0","marketURL":"https:\/\/play.google.com\/store\/apps\/details?id=com.gss.raft.survival.island.escape","packageID":"com.gss.raft.survival.island.escape"},"showTemplate":1,"s2s_tracking_url":"https:\/\/play.google.com\/store\/apps\/details?id=com.gss.raft.survival.island.escape","activeCreativeID":"391","scenes":["12","1","8","6","15","2"],"campaignAdType":"Interstitial","productId":"","purchaseBit":0,"licenseKey":""},{"campaignID":"371","attribution":0,"priority":"5","appToPromote":{"appToPromoteID":"3117","usesDefaultFrameImage":"0","usesDefaultCloseImage":"0","marketURL":"https:\/\/play.google.com\/store\/apps\/details?id=com.vg.fast.car.driver.furiousracing","packageID":"com.vg.fast.car.driver.furiousracing"},"showTemplate":1,"s2s_tracking_url":"https:\/\/play.google.com\/store\/apps\/details?id=com.vg.fast.car.driver.furiousracing","activeCreativeID":"392","scenes":["12","1","8","6","15","2"],"campaignAdType":"Interstitial","productId":"","purchaseBit":0,"licenseKey":""},{"campaignID":"372","attribution":0,"priority":"5","appToPromote":{"appToPromoteID":"2938","usesDefaultFrameImage":"0","usesDefaultCloseImage":"0","marketURL":"https:\/\/play.google.com\/store\/apps\/details?id=com.tgp.offroad.us.army.transport","packageID":"com.tgp.offroad.us.army.transport"},"showTemplate":1,"s2s_tracking_url":"https:\/\/play.google.com\/store\/apps\/details?id=com.tgp.offroad.us.army.transport","activeCreativeID":"393","scenes":["12","1","8","6","15","2"],"campaignAdType":"Interstitial","productId":"","purchaseBit":0,"licenseKey":""},{"campaignID":"396","attribution":0,"priority":"5","appToPromote":{"appToPromoteID":"3019","usesDefaultFrameImage":"0","usesDefaultCloseImage":"0","marketURL":"https:\/\/play.google.com\/store\/apps\/details?id=com.gss.robot.car.transport.truck","packageID":"com.gss.robot.car.transport.truck"},"showTemplate":1,"s2s_tracking_url":"https:\/\/play.google.com\/store\/apps\/details?id=com.gss.robot.car.transport.truck","activeCreativeID":"420","scenes":["12","1","8","6","15","2"],"campaignAdType":"Interstitial","productId":"","purchaseBit":0,"licenseKey":""},{"campaignID":"397","attribution":0,"priority":"5","appToPromote":{"appToPromoteID":"3108","usesDefaultFrameImage":"0","usesDefaultCloseImage":"0","marketURL":"https:\/\/play.google.com\/store\/apps\/details?id=com.vg.amazing.city.coachbusdriver","packageID":"com.vg.amazing.city.coachbusdriver"},"showTemplate":1,"s2s_tracking_url":"https:\/\/play.google.com\/store\/apps\/details?id=com.vg.amazing.city.coachbusdriver","activeCreativeID":"417","scenes":["12","1","8","6","15","2"],"campaignAdType":"Interstitial","productId":"","purchaseBit":0,"licenseKey":""},{"campaignID":"398","attribution":0,"priority":"5","appToPromote":{"appToPromoteID":"3083","usesDefaultFrameImage":"0","usesDefaultCloseImage":"0","marketURL":"https:\/\/play.google.com\/store\/apps\/details?id=com.gamefeast.city.police.prisonbusdriver","packageID":"com.gamefeast.city.police.prisonbusdriver"},"showTemplate":1,"s2s_tracking_url":"https:\/\/play.google.com\/store\/apps\/details?id=com.gamefeast.city.police.prisonbusdriver","activeCreativeID":"418","scenes":["12","1","8","6","15","2"],"campaignAdType":"Interstitial","productId":"","purchaseBit":0,"licenseKey":""},{"campaignID":"399","attribution":0,"priority":"5","appToPromote":{"appToPromoteID":"3151","usesDefaultFrameImage":"0","usesDefaultCloseImage":"0","marketURL":"https:\/\/play.google.com\/store\/apps\/details?id=com.tgp.watersurfer.beach.car.driving","packageID":"com.tgp.watersurfer.beach.car.driving"},"showTemplate":1,"s2s_tracking_url":"https:\/\/play.google.com\/store\/apps\/details?id=com.tgp.watersurfer.beach.car.driving","activeCreativeID":"419","scenes":["12","1","8","6","15","2"],"campaignAdType":"Interstitial","productId":"","purchaseBit":0,"licenseKey":""},{"campaignID":"416","attribution":0,"priority":"5","appToPromote":{"appToPromoteID":"3226","usesDefaultFrameImage":"0","usesDefaultCloseImage":"0","marketURL":"https:\/\/play.google.com\/store\/apps\/details?id=com.gss.city.rooftop.bikestuntsrider","packageID":"com.gss.city.rooftop.bikestuntsrider"},"showTemplate":1,"s2s_tracking_url":"https:\/\/play.google.com\/store\/apps\/details?id=com.gss.city.rooftop.bikestuntsrider","activeCreativeID":"453","scenes":["12","1","8","6","15","2"],"campaignAdType":"Interstitial","productId":"","purchaseBit":0,"licenseKey":""}],"refreshAdRate":30,"mode":"Production","aspectRatio":"4_3","cdnPath":"https:\/\/df8ymybeo92md.cloudfront.net\/images\/","sentry_log":0,"local_logging":0,"sentry_dsn":"https:\/\/93ffa1c9a4124f67b8888a53265f751a:bbf998e04584477fa9a145838e9d3b26@sentry.io\/168994","sentry_initialization":1,"sentry_debugging":0,"bannerSizes":["5"],"aspectRatioVideo":"16_9","app_id":"2225","showPreRewardedDialogue":0,"showPostRewardedDialogue":0,"rewardCurrency":"coins","rewardValue":0,"isSkipable":0,"privacyPolicyURL":"https:\/\/www.consoliads.com\/privacy-policy\/","sessionToken":"wiwYRXtpojkKuNh1wXNDSqk3FTWnsKAdkp7sVSIl0BQ\/FhN2JVDQKwIGbbh\/5mVao17DBucKKpyLaOmRkE1NgkfPXFB2pU\/mi3gb\/R7QumyznjcO2DKijjQswoHrGJ\/unSyvNRanpkoQREBMLpHH1QyXEKulDjqR9IPPtZ+jQPw="}
Session token value is set


{"appKey":"0c2ea59a1926e209c4043dbc64975c4d","deviceID":"4924","stats":[{"campaignID":155,"packageID":"com.gss.garage.workshop.carmehanic","sceneStats":[{"sceneID":"13","eventStats":"349,249,149,49,49,0,0"}]}],"sdkVersion":"2163","sessionToken":"wiwYRXtpojkKuNh1wXNDSqk3FTWnsKAdkp7sVSIl0BQ\/FhN2JVDQKwIGbbh\/5mVao17DBucKKpyLaOmRkE1NgkfPXFB2pU\/mi3gb\/R7QumyznjcO2DKijjQswoHrGJ\/unSyvNRanpkoQREBMLpHH1QyXEKulDjqR9IPPtZ+jQPw="}
cache_ttl value is correct

Refresh Ad Rate value is correct
mode value is set

 Aspect ratio value is correct
sentry_log value is set
local_logging value is set
sentry_initialization value is set
sentry_debugging value is set
showPreRewardedDialogue value is set
showPostRewardedDialogue value is set
isSkipable value is set
{"cache_ttl":10080,"cache_ttl_rewarded":10080,"cache_ttl_banner":10080,"cache_ttl_native":10080,"cache_ttl_icon":10080,"campaigns":[{"campaignID":"9384","attribution":0,"priority":"5","appToPromote":{"appToPromoteID":"13185","usesDefaultFrameImage":"0","usesDefaultCloseImage":"0","marketURL":"https:\/\/play.google.com\/store\/apps\/details?id=com.gamesarena.flying.bike.tricks.stunts&amp;referrer=utm_source=42matters.com&amp;utm_medium=api","packageID":"com.gamesarena.flying.bike.tricks.stunts"},"showTemplate":1,"s2s_tracking_url":"https:\/\/play.google.com\/store\/apps\/details?id=com.gamesarena.flying.bike.tricks.stunts&amp;referrer=utm_source=42matters.com&amp;utm_medium=api","activeCreativeID":"4829","scenes":["12","1","8","6","15","2"],"campaignAdType":"Interstitial","productId":"","purchaseBit":0,"licenseKey":""},{"campaignID":"9386","attribution":0,"priority":"5","appToPromote":{"appToPromoteID":"17764","usesDefaultFrameImage":"0","usesDefaultCloseImage":"0","marketURL":"https:\/\/play.google.com\/store\/apps\/details?id=com.visiblebody.atlas&amp;referrer=utm_source=42matters.com&amp;utm_medium=api","packageID":"com.gamesarena..test6324"},"showTemplate":1,"s2s_tracking_url":"https:\/\/play.google.com\/store\/apps\/details?id=com.visiblebody.atlas&amp;referrer=utm_source=42matters.com&amp;utm_medium=api","activeCreativeID":"4828","scenes":["12","1","8","6","15","2"],"campaignAdType":"Interstitial","productId":"","purchaseBit":0,"licenseKey":""},{"campaignID":"9389","attribution":0,"priority":"5","appToPromote":{"appToPromoteID":"13185","usesDefaultFrameImage":"0","usesDefaultCloseImage":"0","marketURL":"https:\/\/play.google.com\/store\/apps\/details?id=com.gamesarena.flying.bike.tricks.stunts&amp;referrer=utm_source=42matters.com&amp;utm_medium=api","packageID":"com.gamesarena.flying.bike.tricks.stunts"},"showTemplate":1,"s2s_tracking_url":"https:\/\/play.google.com\/store\/apps\/details?id=com.gamesarena.flying.bike.tricks.stunts&amp;referrer=utm_source=42matters.com&amp;utm_medium=api","activeCreativeID":"4829","scenes":["12","1","8","6","15","2"],"campaignAdType":"Interstitial","productId":"","purchaseBit":0,"licenseKey":""},{"campaignID":"9710","attribution":0,"priority":"5","appToPromote":{"appToPromoteID":"11385","usesDefaultFrameImage":"0","usesDefaultCloseImage":"0","marketURL":"https:\/\/play.google.com\/store\/apps\/details?id=com.play.io.car.mechanic.auto.repair.workshop","packageID":"com.play.io.car.mechanic.auto.repair.workshop"},"showTemplate":1,"s2s_tracking_url":"https:\/\/play.google.com\/store\/apps\/details?id=com.play.io.car.mechanic.auto.repair.workshop","activeCreativeID":"1309","scenes":["12","1","8","6","15","2"],"campaignAdType":"Video","productId":"","purchaseBit":0,"licenseKey":""},{"campaignID":"139","attribution":0,"priority":"5","appToPromote":{"appToPromoteID":"2150","usesDefaultFrameImage":"0","usesDefaultCloseImage":"0","marketURL":"https:\/\/play.google.com\/store\/apps\/details?id=com.gss.traffic.rush.crazy.bike.rider","packageID":"com.gss.traffic.rush.crazy.bike.rider"},"showTemplate":1,"s2s_tracking_url":"https:\/\/play.google.com\/store\/apps\/details?id=com.gss.traffic.rush.crazy.bike.rider","activeCreativeID":"179","scenes":["12","1","8","6","15","2"],"campaignAdType":"Interstitial","productId":"","purchaseBit":0,"licenseKey":""},{"campaignID":"142","attribution":0,"priority":"5","appToPromote":{"appToPromoteID":"2164","usesDefaultFrameImage":"0","usesDefaultCloseImage":"0","marketURL":"https:\/\/play.google.com\/store\/apps\/details?id=com.vg.police.demolition.derby.crash.racing","packageID":"com.vg.police.demolition.derby.crash.racing"},"showTemplate":1,"s2s_tracking_url":"https:\/\/play.google.com\/store\/apps\/details?id=com.vg.police.demolition.derby.crash.racing","activeCreativeID":"182","scenes":["12","1","8","6","15","2"],"campaignAdType":"Interstitial","productId":"","purchaseBit":0,"licenseKey":""},{"campaignID":"146","attribution":0,"priority":"5","appToPromote":{"appToPromoteID":"2225","usesDefaultFrameImage":"0","usesDefaultCloseImage":"0","marketURL":"https:\/\/play.google.com\/store\/apps\/details?id=com.gss.offroad.policebiketransport","packageID":"com.gss.offroad.policebiketransport"},"showTemplate":1,"s2s_tracking_url":"https:\/\/play.google.com\/store\/apps\/details?id=com.gss.offroad.policebiketransport","activeCreativeID":"187","scenes":["12","1","8","6","15","2"],"campaignAdType":"Interstitial","productId":"","purchaseBit":0,"licenseKey":""},{"campaignID":"149","attribution":0,"priority":"5","appToPromote":{"appToPromoteID":"2224","usesDefaultFrameImage":"0","usesDefaultCloseImage":"0","marketURL":"https:\/\/play.google.com\/store\/apps\/details?id=com.vg.mega.city.construction.building.sim","packageID":"com.vg.mega.city.construction.building.sim"},"showTemplate":1,"s2s_tracking_url":"https:\/\/play.google.com\/store\/apps\/details?id=com.vg.mega.city.construction.building.sim","activeCreativeID":"191","scenes":["12","1","8","6","15","2"],"campaignAdType":"Interstitial","productId":"","purchaseBit":0,"licenseKey":""},{"campaignID":"150","attribution":0,"priority":"5","appToPromote":{"appToPromoteID":"2224","usesDefaultFrameImage":"0","usesDefaultCloseImage":"0","marketURL":"https:\/\/play.google.com\/store\/apps\/details?id=com.vg.mega.city.construction.building.sim","packageID":"com.vg.mega.city.construction.building.sim"},"showTemplate":1,"s2s_tracking_url":"https:\/\/play.google.com\/store\/apps\/details?id=com.vg.mega.city.construction.building.sim","activeCreativeID":"191","scenes":["12","1","8","6","15","2"],"campaignAdType":"Interstitial","productId":"","purchaseBit":0,"licenseKey":""},{"campaignID":"156","attribution":0,"priority":"5","appToPromote":{"appToPromoteID":"2227","usesDefaultFrameImage":"0","usesDefaultCloseImage":"0","marketURL":"https:\/\/play.google.com\/store\/apps\/details?id=com.tgp.offroad.extreme.multi.cargotruck","packageID":"com.tgp.offroad.extreme.multi.cargotruck"},"showTemplate":1,"s2s_tracking_url":"https:\/\/play.google.com\/store\/apps\/details?id=com.tgp.offroad.extreme.multi.cargotruck","activeCreativeID":"198","scenes":["12","1","8","6","15","2"],"campaignAdType":"Interstitial","productId":"","purchaseBit":0,"licenseKey":""},{"campaignID":"163","attribution":0,"priority":"5","appToPromote":{"appToPromoteID":"2349","usesDefaultFrameImage":"0","usesDefaultCloseImage":"0","marketURL":"https:\/\/play.google.com\/store\/apps\/details?id=com.gss.city.war.survival.robothero","packageID":"com.gss.city.war.survival.robothero"},"showTemplate":1,"s2s_tracking_url":"https:\/\/play.google.com\/store\/apps\/details?id=com.gss.city.war.survival.robothero","activeCreativeID":"207","scenes":["12","1","8","6","15","2"],"campaignAdType":"Interstitial","productId":"","purchaseBit":0,"licenseKey":""},{"campaignID":"164","attribution":0,"priority":"5","appToPromote":{"appToPromoteID":"2350","usesDefaultFrameImage":"0","usesDefaultCloseImage":"0","marketURL":"https:\/\/play.google.com\/store\/apps\/details?id=com.tgp.car.robot.transport.truck","packageID":"com.tgp.car.robot.transport.truck"},"showTemplate":1,"s2s_tracking_url":"https:\/\/play.google.com\/store\/apps\/details?id=com.tgp.car.robot.transport.truck","activeCreativeID":"211","scenes":["12","1","8","6","15","2"],"campaignAdType":"Interstitial","productId":"","purchaseBit":0,"licenseKey":""},{"campaignID":"166","attribution":0,"priority":"5","appToPromote":{"appToPromoteID":"2273","usesDefaultFrameImage":"0","usesDefaultCloseImage":"0","marketURL":"https:\/\/play.google.com\/store\/apps\/details?id=com.gss.police.automechanic.repair.workshop","packageID":"com.gss.police.automechanic.repair.workshop"},"showTemplate":1,"s2s_tracking_url":"https:\/\/play.google.com\/store\/apps\/details?id=com.gss.police.automechanic.repair.workshop","activeCreativeID":"217","scenes":["12","1","8","6","15","2"],"campaignAdType":"Interstitial","productId":"","purchaseBit":0,"licenseKey":""},{"campaignID":"167","attribution":0,"priority":"5","appToPromote":{"appToPromoteID":"2348","usesDefaultFrameImage":"0","usesDefaultCloseImage":"0","marketURL":"https:\/\/play.google.com\/store\/apps\/details?id=com.vg.rollercoaster.crazy.tycoon.tour","packageID":"com.vg.rollercoaster.crazy.tycoon.tour"},"showTemplate":1,"s2s_tracking_url":"https:\/\/play.google.com\/store\/apps\/details?id=com.vg.rollercoaster.crazy.tycoon.tour","activeCreativeID":"218","scenes":["12","1","8","6","15","2"],"campaignAdType":"Interstitial","productId":"","purchaseBit":0,"licenseKey":""},{"campaignID":"214","attribution":0,"priority":"5","appToPromote":{"appToPromoteID":"2613","usesDefaultFrameImage":"0","usesDefaultCloseImage":"0","marketURL":"https:\/\/play.google.com\/store\/apps\/details?id=com.gss.robot.bike.transport.truck","packageID":"com.gss.robot.bike.transport.truck"},"showTemplate":1,"s2s_tracking_url":"https:\/\/play.google.com\/store\/apps\/details?id=com.gss.robot.bike.transport.truck","activeCreativeID":"295","scenes":["12","1","8","6","15","2"],"campaignAdType":"Interstitial","productId":"","purchaseBit":0,"licenseKey":""},{"campaignID":"303","attribution":0,"priority":"5","appToPromote":{"appToPromoteID":"2642","usesDefaultFrameImage":"0","usesDefaultCloseImage":"0","marketURL":"https:\/\/play.google.com\/store\/apps\/details?id=com.tgp.offroad.robot.transport.truck","packageID":"com.tgp.offroad.robot.transport.truck"},"showTemplate":1,"s2s_tracking_url":"https:\/\/play.google.com\/store\/apps\/details?id=com.tgp.offroad.robot.transport.truck","activeCreativeID":"310","scenes":["12","1","8","6","15","2"],"campaignAdType":"Interstitial","productId":"","purchaseBit":0,"licenseKey":""},{"campaignID":"358","attribution":0,"priority":"5","appToPromote":{"appToPromoteID":"2917","usesDefaultFrameImage":"0","usesDefaultCloseImage":"0","marketURL":"https:\/\/play.google.com\/store\/apps\/details?id=com.gamefeast.touristbus.highway.driver.sim","packageID":"com.gamefeast.touristbus.highway.driver.sim"},"showTemplate":1,"s2s_tracking_url":"https:\/\/play.google.com\/store\/apps\/details?id=com.gamefeast.touristbus.highway.driver.sim","activeCreativeID":"377","scenes":["12","1","8","6","15","2"],"campaignAdType":"Interstitial","productId":"","purchaseBit":0,"licenseKey":""},{"campaignID":"370","attribution":0,"priority":"5","appToPromote":{"appToPromoteID":"3065","usesDefaultFrameImage":"0","usesDefaultCloseImage":"0","marketURL":"https:\/\/play.google.com\/store\/apps\/details?id=com.gss.raft.survival.island.escape","packageID":"com.gss.raft.survival.island.escape"},"showTemplate":1,"s2s_tracking_url":"https:\/\/play.google.com\/store\/apps\/details?id=com.gss.raft.survival.island.escape","activeCreativeID":"391","scenes":["12","1","8","6","15","2"],"campaignAdType":"Interstitial","productId":"","purchaseBit":0,"licenseKey":""},{"campaignID":"371","attribution":0,"priority":"5","appToPromote":{"appToPromoteID":"3117","usesDefaultFrameImage":"0","usesDefaultCloseImage":"0","marketURL":"https:\/\/play.google.com\/store\/apps\/details?id=com.vg.fast.car.driver.furiousracing","packageID":"com.vg.fast.car.driver.furiousracing"},"showTemplate":1,"s2s_tracking_url":"https:\/\/play.google.com\/store\/apps\/details?id=com.vg.fast.car.driver.furiousracing","activeCreativeID":"392","scenes":["12","1","8","6","15","2"],"campaignAdType":"Interstitial","productId":"","purchaseBit":0,"licenseKey":""},{"campaignID":"372","attribution":0,"priority":"5","appToPromote":{"appToPromoteID":"2938","usesDefaultFrameImage":"0","usesDefaultCloseImage":"0","marketURL":"https:\/\/play.google.com\/store\/apps\/details?id=com.tgp.offroad.us.army.transport","packageID":"com.tgp.offroad.us.army.transport"},"showTemplate":1,"s2s_tracking_url":"https:\/\/play.google.com\/store\/apps\/details?id=com.tgp.offroad.us.army.transport","activeCreativeID":"393","scenes":["12","1","8","6","15","2"],"campaignAdType":"Interstitial","productId":"","purchaseBit":0,"licenseKey":""},{"campaignID":"396","attribution":0,"priority":"5","appToPromote":{"appToPromoteID":"3019","usesDefaultFrameImage":"0","usesDefaultCloseImage":"0","marketURL":"https:\/\/play.google.com\/store\/apps\/details?id=com.gss.robot.car.transport.truck","packageID":"com.gss.robot.car.transport.truck"},"showTemplate":1,"s2s_tracking_url":"https:\/\/play.google.com\/store\/apps\/details?id=com.gss.robot.car.transport.truck","activeCreativeID":"420","scenes":["12","1","8","6","15","2"],"campaignAdType":"Interstitial","productId":"","purchaseBit":0,"licenseKey":""},{"campaignID":"397","attribution":0,"priority":"5","appToPromote":{"appToPromoteID":"3108","usesDefaultFrameImage":"0","usesDefaultCloseImage":"0","marketURL":"https:\/\/play.google.com\/store\/apps\/details?id=com.vg.amazing.city.coachbusdriver","packageID":"com.vg.amazing.city.coachbusdriver"},"showTemplate":1,"s2s_tracking_url":"https:\/\/play.google.com\/store\/apps\/details?id=com.vg.amazing.city.coachbusdriver","activeCreativeID":"417","scenes":["12","1","8","6","15","2"],"campaignAdType":"Interstitial","productId":"","purchaseBit":0,"licenseKey":""},{"campaignID":"398","attribution":0,"priority":"5","appToPromote":{"appToPromoteID":"3083","usesDefaultFrameImage":"0","usesDefaultCloseImage":"0","marketURL":"https:\/\/play.google.com\/store\/apps\/details?id=com.gamefeast.city.police.prisonbusdriver","packageID":"com.gamefeast.city.police.prisonbusdriver"},"showTemplate":1,"s2s_tracking_url":"https:\/\/play.google.com\/store\/apps\/details?id=com.gamefeast.city.police.prisonbusdriver","activeCreativeID":"418","scenes":["12","1","8","6","15","2"],"campaignAdType":"Interstitial","productId":"","purchaseBit":0,"licenseKey":""},{"campaignID":"399","attribution":0,"priority":"5","appToPromote":{"appToPromoteID":"3151","usesDefaultFrameImage":"0","usesDefaultCloseImage":"0","marketURL":"https:\/\/play.google.com\/store\/apps\/details?id=com.tgp.watersurfer.beach.car.driving","packageID":"com.tgp.watersurfer.beach.car.driving"},"showTemplate":1,"s2s_tracking_url":"https:\/\/play.google.com\/store\/apps\/details?id=com.tgp.watersurfer.beach.car.driving","activeCreativeID":"419","scenes":["12","1","8","6","15","2"],"campaignAdType":"Interstitial","productId":"","purchaseBit":0,"licenseKey":""},{"campaignID":"416","attribution":0,"priority":"5","appToPromote":{"appToPromoteID":"3226","usesDefaultFrameImage":"0","usesDefaultCloseImage":"0","marketURL":"https:\/\/play.google.com\/store\/apps\/details?id=com.gss.city.rooftop.bikestuntsrider","packageID":"com.gss.city.rooftop.bikestuntsrider"},"showTemplate":1,"s2s_tracking_url":"https:\/\/play.google.com\/store\/apps\/details?id=com.gss.city.rooftop.bikestuntsrider","activeCreativeID":"453","scenes":["12","1","8","6","15","2"],"campaignAdType":"Interstitial","productId":"","purchaseBit":0,"licenseKey":""}],"refreshAdRate":30,"mode":"Production","aspectRatio":"4_3","cdnPath":"https:\/\/df8ymybeo92md.cloudfront.net\/images\/","sentry_log":0,"local_logging":0,"sentry_dsn":"https:\/\/93ffa1c9a4124f67b8888a53265f751a:bbf998e04584477fa9a145838e9d3b26@sentry.io\/168994","sentry_initialization":1,"sentry_debugging":0,"bannerSizes":["1"],"aspectRatioVideo":"16_9","app_id":"2226","showPreRewardedDialogue":0,"showPostRewardedDialogue":0,"rewardCurrency":"coins","rewardValue":0,"isSkipable":1,"privacyPolicyURL":"https:\/\/www.consoliads.com\/privacy-policy\/","sessionToken":"ocoJzf9cGQY2PfqxJgvdWw7O3lGL+6LrgAYuRK7yku0vawfUDu\/Wh67SsIhCm8CZHVQ92JNVBO+1d2q\/h4\/9hqETKdH+aP2ZnJNyK8jq1+qpniQAaICX+2kU7hHMvgJtUZFRFMrreBKnZVxh0vjxWwEo0Ucf1Q+8aaD2bOs+NNU="}
Session token value is set


{"appKey":"3d3b0ade243bce6da45814386d4ec35f","deviceID":"7335","stats":[{"campaignID":7033,"packageID":"com.gss.police.sniper.reloaded","sceneStats":[{"sceneID":"19","eventStats":"373,273,173,73,73,0,0"}]}],"sdkVersion":"2163","sessionToken":"ocoJzf9cGQY2PfqxJgvdWw7O3lGL+6LrgAYuRK7yku0vawfUDu\/Wh67SsIhCm8CZHVQ92JNVBO+1d2q\/h4\/9hqETKdH+aP2ZnJNyK8jq1+qpniQAaICX+2kU7hHMvgJtUZFRFMrreBKnZVxh0vjxWwEo0Ucf1Q+8aaD2bOs+NNU="}
cache_ttl value is correct

Refresh Ad Rate value is correct
mode value is set

 Aspect ratio value is correct
sentry_log value is set
local_logging value is set
sentry_initialization value is set
sentry_debugging value is set
showPreRewardedDialogue value is set
showPostRewardedDialogue value is set
isSkipable value is set
{"cache_ttl":10080,"cache_ttl_rewarded":10080,"cache_ttl_banner":10080,"cache_ttl_native":10080,"cache_ttl_icon":10080,"campaigns":[{"campaignID":"9384","attribution":0,"priority":"5","appToPromote":{"appToPromoteID":"13185","usesDefaultFrameImage":"0","usesDefaultCloseImage":"0","marketURL":"https:\/\/play.google.com\/store\/apps\/details?id=com.gamesarena.flying.bike.tricks.stunts&amp;referrer=utm_source=42matters.com&amp;utm_medium=api","packageID":"com.gamesarena.flying.bike.tricks.stunts"},"showTemplate":1,"s2s_tracking_url":"https:\/\/play.google.com\/store\/apps\/details?id=com.gamesarena.flying.bike.tricks.stunts&amp;referrer=utm_source=42matters.com&amp;utm_medium=api","activeCreativeID":"4829","scenes":["12","1","8","6","15","2"],"campaignAdType":"Interstitial","productId":"","purchaseBit":0,"licenseKey":""},{"campaignID":"9386","attribution":0,"priority":"5","appToPromote":{"appToPromoteID":"17764","usesDefaultFrameImage":"0","usesDefaultCloseImage":"0","marketURL":"https:\/\/play.google.com\/store\/apps\/details?id=com.visiblebody.atlas&amp;referrer=utm_source=42matters.com&amp;utm_medium=api","packageID":"com.gamesarena..test6324"},"showTemplate":1,"s2s_tracking_url":"https:\/\/play.google.com\/store\/apps\/details?id=com.visiblebody.atlas&amp;referrer=utm_source=42matters.com&amp;utm_medium=api","activeCreativeID":"4828","scenes":["12","1","8","6","15","2"],"campaignAdType":"Interstitial","productId":"","purchaseBit":0,"licenseKey":""},{"campaignID":"9389","attribution":0,"priority":"5","appToPromote":{"appToPromoteID":"13185","usesDefaultFrameImage":"0","usesDefaultCloseImage":"0","marketURL":"https:\/\/play.google.com\/store\/apps\/details?id=com.gamesarena.flying.bike.tricks.stunts&amp;referrer=utm_source=42matters.com&amp;utm_medium=api","packageID":"com.gamesarena.flying.bike.tricks.stunts"},"showTemplate":1,"s2s_tracking_url":"https:\/\/play.google.com\/store\/apps\/details?id=com.gamesarena.flying.bike.tricks.stunts&amp;referrer=utm_source=42matters.com&amp;utm_medium=api","activeCreativeID":"4829","scenes":["12","1","8","6","15","2"],"campaignAdType":"Interstitial","productId":"","purchaseBit":0,"licenseKey":""},{"campaignID":"93","attribution":0,"priority":"5","appToPromote":{"appToPromoteID":"1860","usesDefaultFrameImage":"0","usesDefaultCloseImage":"0","marketURL":"https:\/\/play.google.com\/store\/apps\/details?id=com.gss.vendetta.subwaycrime.rescue.mission","packageID":"com.gss.vendetta.subwaycrime.rescue.mission"},"showTemplate":1,"s2s_tracking_url":"https:\/\/play.google.com\/store\/apps\/details?id=com.gss.vendetta.subwaycrime.rescue.mission","activeCreativeID":"117","scenes":["12","1","8","6","15","2"],"campaignAdType":"Interstitial","productId":"","purchaseBit":0,"licenseKey":""},{"campaignID":"94","attribution":0,"priority":"5","appToPromote":{"appToPromoteID":"1843","usesDefaultFrameImage":"0","usesDefaultCloseImage":"0","marketURL":"https:\/\/play.google.com\/store\/apps\/details?id=com.vg.secret.agent.mafia.gods.criminal.gang","packageID":"com.vg.secret.agent.mafia.gods.criminal.gang"},"showTemplate":1,"s2s_tracking_url":"https:\/\/play.google.com\/store\/apps\/details?id=com.vg.secret.agent.mafia.gods.criminal.gang","activeCreativeID":"120","scenes":["12","1","8","6","15","2"],"campaignAdType":"Interstitial","productId":"","purchaseBit":0,"licenseKey":""},{"campaignID":"112","attribution":0,"priority":"5","appToPromote":{"appToPromoteID":"1998","usesDefaultFrameImage":"0","usesDefaultCloseImage":"0","marketURL":"https:\/\/play.google.com\/store\/apps\/details?id=com.gss.citygangster.underworldempire.mafia.crime","packageID":"com.gss.citygangster.underworldempire.mafia.crime"},"showTemplate":1,"s2s_tracking_url":"https:\/\/play.google.com\/store\/apps\/details?id=com.gss.citygangster.underworldempire.mafia.crime","activeCreativeID":"146","scenes":["12","1","8","6","15","2"],"campaignAdType":"Interstitial","productId":"","purchaseBit":0,"licenseKey":""},{"campaignID":"114","attribution":0,"priority":"5","appToPromote":{"appToPromoteID":"2007","usesDefaultFrameImage":"0","usesDefaultCloseImage":"0","marketURL":"https:\/\/play.google.com\/store\/apps\/details?id=com.vg.police.secret.agent.crime.gang","packageID":"com.vg.police.secret.agent.crime.gang"},"showTemplate":1,"s2s_tracking_url":"https:\/\/play.google.com\/store\/apps\/details?id=com.vg.police.secret.agent.crime.gang","activeCreativeID":"148","scenes":["12","1","8","6","15","2"],"campaignAdType":"Interstitial","productId":"","purchaseBit":0,"licenseKey":""},{"campaignID":"132","attribution":0,"priority":"5","appToPromote":{"appToPromoteID":"2109","usesDefaultFrameImage":"0","usesDefaultCloseImage":"0","marketURL":"https:\/\/play.google.com\/store\/apps\/details?id=com.gss.us.army.commando.survival","packageID":"com.gss.us.army.commando.survival"},"showTemplate":1,"s2s_tracking_url":"https:\/\/play.google.com\/store\/apps\/details?id=com.gss.us.army.commando.survival","activeCreativeID":"171","scenes":["12","1","8","6","15","2"],"campaignAdType":"Interstitial","productId":"","purchaseBit":0,"licenseKey":""},{"campaignID":"133","attribution":0,"priority":"5","appToPromote":{"appToPromoteID":"2118","usesDefaultFrameImage":"0","usesDefaultCloseImage":"0","marketURL":"https:\/\/play.google.com\/store\/apps\/details?id=com.vg.us.war.mafia.gang.vegas.crime","packageID":"com.vg.us.war.mafia.gang.vegas.crime"},"showTemplate":1,"s2s_tracking_url":"https:\/\/play.google.com\/store\/apps\/details?id=com.vg.us.war.mafia.gang.vegas.crime","activeCreativeID":"172","scenes":["12","1","8","6","15","2"],"campaignAdType":"Interstitial","productId":"","purchaseBit":0,"licenseKey":""},{"campaignID":"152","attribution":0,"priority":"5","appToPromote":{"appToPromoteID":"1348","usesDefaultFrameImage":"0","usesDefaultCloseImage":"0","marketURL":"https:\/\/play.google.com\/store\/apps\/details?id=com.gss.police.sniper.prison.gaurd","packageID":"com.gss.police.sniper.prison.gaurd"},"showTemplate":1,"s2s_tracking_url":"https:\/\/play.google.com\/store\/apps\/details?id=com.gss.police.sniper.prison.gaurd","activeCreativeID":"192","scenes":["12","1","8","6","15","2"],"campaignAdType":"Interstitial","productId":"","purchaseBit":0,"licenseKey":""},{"campaignID":"158","attribution":0,"priority":"5","appToPromote":{"appToPromoteID":"2223","usesDefaultFrameImage":"0","usesDefaultCloseImage":"0","marketURL":"https:\/\/play.google.com\/store\/apps\/details?id=com.vg.counter.mafia.squad.army.training","packageID":"com.vg.counter.mafia.squad.army.training"},"showTemplate":1,"s2s_tracking_url":"https:\/\/play.google.com\/store\/apps\/details?id=com.vg.counter.mafia.squad.army.training","activeCreativeID":"204","scenes":["12","1","8","6","15","2"],"campaignAdType":"Interstitial","productId":"","purchaseBit":0,"licenseKey":""},{"campaignID":"162","attribution":0,"priority":"5","appToPromote":{"appToPromoteID":"2268","usesDefaultFrameImage":"0","usesDefaultCloseImage":"0","marketURL":"https:\/\/play.google.com\/store\/apps\/details?id=com.vg.prisoner.escape.survival.hero","packageID":"com.vg.prisoner.escape.survival.hero"},"showTemplate":1,"s2s_tracking_url":"https:\/\/play.google.com\/store\/apps\/details?id=com.vg.prisoner.escape.survival.hero","activeCreativeID":"206","scenes":["12","1","8","6","15","2"],"campaignAdType":"Interstitial","productId":"","purchaseBit":0,"licenseKey":""},{"campaignID":"163","attribution":0,"priority":"5","appToPromote":{"appToPromoteID":"2349","usesDefaultFrameImage":"0","usesDefaultCloseImage":"0","marketURL":"https:\/\/play.google.com\/store\/apps\/details?id=com.gss.city.war.survival.robothero","packageID":"com.gss.city.war.survival.robothero"},"showTemplate":1,"s2s_tracking_url":"https:\/\/play.google.com\/store\/apps\/details?id=com.gss.city.war.survival.robothero","activeCreativeID":"207","scenes":["12","1","8","6","15","2"],"campaignAdType":"Interstitial","productId":"","purchaseBit":0,"licenseKey":""},{"campaignID":"169","attribution":0,"priority":"5","appToPromote":{"appToPromoteID":"2414","usesDefaultFrameImage":"0","usesDefaultCloseImage":"0","marketURL":"https:\/\/play.google.com\/store\/apps\/details?id=com.gamefeast.armyheroes.us.military.training","packageID":"com.gamefeast.armyheroes.us.military.training"},"showTemplate":1,"s2s_tracking_url":"https:\/\/play.google.com\/store\/apps\/details?id=com.gamefeast.armyheroes.us.military.training","activeCreativeID":"220","scenes":["12","1","8","6","15","2"],"campaignAdType":"Interstitial","productId":"","purchaseBit":0,"licenseKey":""},{"campaignID":"207","attribution":0,"priority":"5","appToPromote":{"appToPromoteID":"2450","usesDefaultFrameImage":"0","usesDefaultCloseImage":"0","marketURL":"https:\/\/play.google.com\/store\/apps\/details?id=com.gss.army.commando.survivalisland","packageID":"com.gss.army.commando.survivalisland"},"showTemplate":1,"s2s_tracking_url":"https:\/\/play.google.com\/store\/apps\/details?id=com.gss.army.commando.survivalisland","activeCreativeID":"281","scenes":["12","1","8","6","15","2"],"campaignAdType":"Interstitial","productId":"","purchaseBit":0,"licenseKey":""},{"campaignID":"332","attribution":0,"priority":"5","appToPromote":{"appToPromoteID":"2857","usesDefaultFrameImage":"0","usesDefaultCloseImage":"0","marketURL":"https:\/\/play.google.com\/store\/apps\/details?id=com.gss.robot.battle.robbery.squad","packageID":"com.gss.robot.battle.robbery.squad"},"showTemplate":1,"s2s_tracking_url":"https:\/\/play.google.com\/store\/apps\/details?id=com.gss.robot.battle.robbery.squad","activeCreativeID":"343","scenes":["12","1","8","6","15","2"],"campaignAdType":"Interstitial","productId":"","purchaseBit":0,"licenseKey":""},{"campaignID":"336","attribution":0,"priority":"5","appToPromote":{"appToPromoteID":"2941","usesDefaultFrameImage":"0","usesDefaultCloseImage":"0","marketURL":"https:\/\/play.google.com\/store\/apps\/details?id=com.vg.us.army.war.survival.island","packageID":"com.vg.us.army.war.survival.island"},"showTemplate":1,"s2s_tracking_url":"https:\/\/play.google.com\/store\/apps\/details?id=com.vg.us.army.war.survival.island","activeCreativeID":"347","scenes":["12","1","8","6","15","2"],"campaignAdType":"Interstitial","productId":"","purchaseBit":0,"licenseKey":""},{"campaignID":"357","attribution":0,"priority":"5","appToPromote":{"appToPromoteID":"2741","usesDefaultFrameImage":"0","usesDefaultCloseImage":"0","marketURL":"https:\/\/play.google.com\/store\/apps\/details?id=com.gss.us.air.jetfighter.warrior","packageID":"com.gss.us.air.jetfighter.warrior"},"showTemplate":1,"s2s_tracking_url":"https:\/\/play.google.com\/store\/apps\/details?id=com.gss.us.air.jetfighter.warrior","activeCreativeID":"376","scenes":["12","1","8","6","15","2"],"campaignAdType":"Interstitial","productId":"","purchaseBit":0,"licenseKey":""},{"campaignID":"364","attribution":0,"priority":"5","appToPromote":{"appToPromoteID":"2552","usesDefaultFrameImage":"0","usesDefaultCloseImage":"0","marketURL":"https:\/\/play.google.com\/store\/apps\/details?id=com.gss.grand.city.rescue.flyingrobot","packageID":"com.gss.grand.city.rescue.flyingrobot"},"showTemplate":1,"s2s_tracking_url":"https:\/\/play.google.com\/store\/apps\/details?id=com.gss.grand.city.rescue.flyingrobot","activeCreativeID":"309","scenes":["12","1","8","6","15","2"],"campaignAdType":"Interstitial","productId":"","purchaseBit":0,"licenseKey":""},{"campaignID":"370","attribution":0,"priority":"5","appToPromote":{"appToPromoteID":"3065","usesDefaultFrameImage":"0","usesDefaultCloseImage":"0","marketURL":"https:\/\/play.google.com\/store\/apps\/details?id=com.gss.raft.survival.island.escape","packageID":"com.gss.raft.survival.island.escape"},"showTemplate":1,"s2s_tracking_url":"https:\/\/play.google.com\/store\/apps\/details?id=com.gss.raft.survival.island.escape","activeCreativeID":"391","scenes":["12","1","8","6","15","2"],"campaignAdType":"Interstitial","productId":"","purchaseBit":0,"licenseKey":""},{"campaignID":"417","attribution":0,"priority":"5","appToPromote":{"appToPromoteID":"3227","usesDefaultFrameImage":"0","usesDefaultCloseImage":"0","marketURL":"https:\/\/play.google.com\/store\/apps\/details?id=com.vg.hero.kids.army.training.school","packageID":"com.vg.hero.kids.army.training.school"},"showTemplate":1,"s2s_tracking_url":"https:\/\/play.google.com\/store\/apps\/details?id=com.vg.hero.kids.army.training.school","activeCreativeID":"454","scenes":["12","1","8","6","15","2"],"campaignAdType":"Interstitial","productId":"","purchaseBit":0,"licenseKey":""},{"campaignID":"433","attribution":0,"priority":"5","appToPromote":{"appToPromoteID":"3339","usesDefaultFrameImage":"0","usesDefaultCloseImage":"0","marketURL":"https:\/\/play.google.com\/store\/apps\/details?id=com.gss.battle.force.counterterrorist","packageID":"com.gss.battle.force.counterterrorist"},"showTemplate":1,"s2s_tracking_url":"https:\/\/play.google.com\/store\/apps\/details?id=com.gss.battle.force.counterterrorist","activeCreativeID":"477","scenes":["12","1","8","6","15","2"],"campaignAdType":"Interstitial","productId":"","purchaseBit":0,"licenseKey":""},{"campaignID":"436","attribution":0,"priority":"5","appToPromote":{"appToPromoteID":"3282","usesDefaultFrameImage":"0","usesDefaultCloseImage":"0","marketURL":"https:\/\/play.google.com\/store\/apps\/details?id=com.tgp.city.rescue.survival.flyinghero","packageID":"com.tgp.city.rescue.survival.flyinghero"},"showTemplate":1,"s2s_tracking_url":"https:\/\/play.google.com\/store\/apps\/details?id=com.tgp.city.rescue.survival.flyinghero","activeCreativeID":"478","scenes":["12","1","8","6","15","2"],"campaignAdType":"Interstitial","productId":"","purchaseBit":0,"licenseKey":""},{"campaignID":"446","attribution":0,"priority":"5","appToPromote":{"appToPromoteID":"3390","usesDefaultFrameImage":"0","usesDefaultCloseImage":"0","marketURL":"https:\/\/play.google.com\/store\/apps\/details?id=com.gss.flying.spider.superhero.survival","packageID":"com.gss.flying.spider.superhero.survival"},"showTemplate":1,"s2s_tracking_url":"https:\/\/play.google.com\/store\/apps\/details?id=com.gss.flying.spider.superhero.survival","activeCreativeID":"488","scenes":["12","1","8","6","15","2"],"campaignAdType":"Interstitial","productId":"","purchaseBit":0,"licenseKey":""},{"campaignID":"493","attribution":0,"priority":"5","appToPromote":{"appToPromoteID":"3536","usesDefaultFrameImage":"0","usesDefaultCloseImage":"0","marketURL":"https:\/\/play.google.com\/store\/apps\/details?id=com.gss.us.army.secret.stealth.mission","packageID":"com.gss.us.army.secret.stealth.mission"},"showTemplate":1,"s2s_tracking_url":"https:\/\/play.google.com\/store\/apps\/details?id=com.gss.us.army.secret.stealth.mission","activeCreativeID":"556","scenes":["12","1","8","6","15","2"],"campaignAdType":"Interstitial","productId":"","purchaseBit":0,"licenseKey":""}],"refreshAdRate":30,"mode":"Production","aspectRatio":"4_3","cdnPath":"https:\/\/df8ymybeo92md.cloudfront.net\/images\/","sentry_log":0,"local_logging":0,"sentry_dsn":"https:\/\/93ffa1c9a4124f67b8888a53265f751a:bbf998e04584477fa9a145838e9d3b26@sentry.io\/168994","sentry_initialization":1,"sentry_debugging":0,"bannerSizes":["1","2"],"aspectRatioVideo":"16_9","app_id":"2251","showPreRewardedDialogue":0,"showPostRewardedDialogue":0,"rewardCurrency":"coins","rewardValue":0,"isSkipable":1,"privacyPolicyURL":"https:\/\/www.consoliads.com\/privacy-policy\/","sessionToken":"4yTuiAaXCFP1DhTllWMcf\/dYF3ZjlDfRnyWN3ZYDPWwoDQ4nfQzbLslF1162tvAemA1EHAKMlQGhEtAZbRvfIlbuXXHhbm5Fgm7iJJkWkkkZwQT3xdQ0N0lVIZTYk2rhDtUVemEqoUlCIKHsNX7pvXM7AaYMyCTD2uVBYlPlYLY="}
Session token value is set


{"appKey":"3d3b0ade243bce6da45814386d4ec35f","deviceID":"8981","stats":[{"campaignID":7036,"packageID":"com.gss.police.sniper.reloaded","sceneStats":[{"sceneID":"23","eventStats":"389,289,189,89,89,0,0"}]}],"sdkVersion":"2163","sessionToken":"4yTuiAaXCFP1DhTllWMcf\/dYF3ZjlDfRnyWN3ZYDPWwoDQ4nfQzbLslF1162tvAemA1EHAKMlQGhEtAZbRvfIlbuXXHhbm5Fgm7iJJkWkkkZwQT3xdQ0N0lVIZTYk2rhDtUVemEqoUlCIKHsNX7pvXM7AaYMyCTD2uVBYlPlYLY="}
cache_ttl value is correct

Refresh Ad Rate value is correct
mode value is set

 Aspect ratio value is correct
sentry_log value is set
local_logging value is set
sentry_initialization value is set
sentry_debugging value is set
showPreRewardedDialogue value is set
showPostRewardedDialogue value is set
isSkipable value is set
{"cache_ttl":10080,"cache_ttl_rewarded":10080,"cache_ttl_banner":10080,"cache_ttl_native":10080,"cache_ttl_icon":10080,"campaigns":[{"campaignID":"9384","attribution":0,"priority":"5","appToPromote":{"appToPromoteID":"13185","usesDefaultFrameImage":"0","usesDefaultCloseImage":"0","marketURL":"https:\/\/play.google.com\/store\/apps\/details?id=com.gamesarena.flying.bike.tricks.stunts&amp;referrer=utm_source=42matters.com&amp;utm_medium=api","packageID":"com.gamesarena.flying.bike.tricks.stunts"},"showTemplate":1,"s2s_tracking_url":"https:\/\/play.google.com\/store\/apps\/details?id=com.gamesarena.flying.bike.tricks.stunts&amp;referrer=utm_source=42matters.com&amp;utm_medium=api","activeCreativeID":"4829","scenes":["12","1","8","6","15","2"],"campaignAdType":"Interstitial","productId":"","purchaseBit":0,"licenseKey":""},{"campaignID":"9386","attribution":0,"priority":"5","appToPromote":{"appToPromoteID":"17764","usesDefaultFrameImage":"0","usesDefaultCloseImage":"0","marketURL":"https:\/\/play.google.com\/store\/apps\/details?id=com.visiblebody.atlas&amp;referrer=utm_source=42matters.com&amp;utm_medium=api","packageID":"com.gamesarena..test6324"},"showTemplate":1,"s2s_tracking_url":"https:\/\/play.google.com\/store\/apps\/details?id=com.visiblebody.atlas&amp;referrer=utm_source=42matters.com&amp;utm_medium=api","activeCreativeID":"4828","scenes":["12","1","8","6","15","2"],"campaignAdType":"Interstitial","productId":"","purchaseBit":0,"licenseKey":""},{"campaignID":"9389","attribution":0,"priority":"5","appToPromote":{"appToPromoteID":"13185","usesDefaultFrameImage":"0","usesDefaultCloseImage":"0","marketURL":"https:\/\/play.google.com\/store\/apps\/details?id=com.gamesarena.flying.bike.tricks.stunts&amp;referrer=utm_source=42matters.com&amp;utm_medium=api","packageID":"com.gamesarena.flying.bike.tricks.stunts"},"showTemplate":1,"s2s_tracking_url":"https:\/\/play.google.com\/store\/apps\/details?id=com.gamesarena.flying.bike.tricks.stunts&amp;referrer=utm_source=42matters.com&amp;utm_medium=api","activeCreativeID":"4829","scenes":["12","1","8","6","15","2"],"campaignAdType":"Interstitial","productId":"","purchaseBit":0,"licenseKey":""},{"campaignID":"93","attribution":0,"priority":"5","appToPromote":{"appToPromoteID":"1860","usesDefaultFrameImage":"0","usesDefaultCloseImage":"0","marketURL":"https:\/\/play.google.com\/store\/apps\/details?id=com.gss.vendetta.subwaycrime.rescue.mission","packageID":"com.gss.vendetta.subwaycrime.rescue.mission"},"showTemplate":1,"s2s_tracking_url":"https:\/\/play.google.com\/store\/apps\/details?id=com.gss.vendetta.subwaycrime.rescue.mission","activeCreativeID":"117","scenes":["12","1","8","6","15","2"],"campaignAdType":"Interstitial","productId":"","purchaseBit":0,"licenseKey":""},{"campaignID":"94","attribution":0,"priority":"5","appToPromote":{"appToPromoteID":"1843","usesDefaultFrameImage":"0","usesDefaultCloseImage":"0","marketURL":"https:\/\/play.google.com\/store\/apps\/details?id=com.vg.secret.agent.mafia.gods.criminal.gang","packageID":"com.vg.secret.agent.mafia.gods.criminal.gang"},"showTemplate":1,"s2s_tracking_url":"https:\/\/play.google.com\/store\/apps\/details?id=com.vg.secret.agent.mafia.gods.criminal.gang","activeCreativeID":"120","scenes":["12","1","8","6","15","2"],"campaignAdType":"Interstitial","productId":"","purchaseBit":0,"licenseKey":""},{"campaignID":"112","attribution":0,"priority":"5","appToPromote":{"appToPromoteID":"1998","usesDefaultFrameImage":"0","usesDefaultCloseImage":"0","marketURL":"https:\/\/play.google.com\/store\/apps\/details?id=com.gss.citygangster.underworldempire.mafia.crime","packageID":"com.gss.citygangster.underworldempire.mafia.crime"},"showTemplate":1,"s2s_tracking_url":"https:\/\/play.google.com\/store\/apps\/details?id=com.gss.citygangster.underworldempire.mafia.crime","activeCreativeID":"146","scenes":["12","1","8","6","15","2"],"campaignAdType":"Interstitial","productId":"","purchaseBit":0,"licenseKey":""},{"campaignID":"114","attribution":0,"priority":"5","appToPromote":{"appToPromoteID":"2007","usesDefaultFrameImage":"0","usesDefaultCloseImage":"0","marketURL":"https:\/\/play.google.com\/store\/apps\/details?id=com.vg.police.secret.agent.crime.gang","packageID":"com.vg.police.secret.agent.crime.gang"},"showTemplate":1,"s2s_tracking_url":"https:\/\/play.google.com\/store\/apps\/details?id=com.vg.police.secret.agent.crime.gang","activeCreativeID":"148","scenes":["12","1","8","6","15","2"],"campaignAdType":"Interstitial","productId":"","purchaseBit":0,"licenseKey":""},{"campaignID":"132","attribution":0,"priority":"5","appToPromote":{"appToPromoteID":"2109","usesDefaultFrameImage":"0","usesDefaultCloseImage":"0","marketURL":"https:\/\/play.google.com\/store\/apps\/details?id=com.gss.us.army.commando.survival","packageID":"com.gss.us.army.commando.survival"},"showTemplate":1,"s2s_tracking_url":"https:\/\/play.google.com\/store\/apps\/details?id=com.gss.us.army.commando.survival","activeCreativeID":"171","scenes":["12","1","8","6","15","2"],"campaignAdType":"Interstitial","productId":"","purchaseBit":0,"licenseKey":""},{"campaignID":"133","attribution":0,"priority":"5","appToPromote":{"appToPromoteID":"2118","usesDefaultFrameImage":"0","usesDefaultCloseImage":"0","marketURL":"https:\/\/play.google.com\/store\/apps\/details?id=com.vg.us.war.mafia.gang.vegas.crime","packageID":"com.vg.us.war.mafia.gang.vegas.crime"},"showTemplate":1,"s2s_tracking_url":"https:\/\/play.google.com\/store\/apps\/details?id=com.vg.us.war.mafia.gang.vegas.crime","activeCreativeID":"172","scenes":["12","1","8","6","15","2"],"campaignAdType":"Interstitial","productId":"","purchaseBit":0,"licenseKey":""},{"campaignID":"152","attribution":0,"priority":"5","appToPromote":{"appToPromoteID":"1348","usesDefaultFrameImage":"0","usesDefaultCloseImage":"0","marketURL":"https:\/\/play.google.com\/store\/apps\/details?id=com.gss.police.sniper.prison.gaurd","packageID":"com.gss.police.sniper.prison.gaurd"},"showTemplate":1,"s2s_tracking_url":"https:\/\/play.google.com\/store\/apps\/details?id=com.gss.police.sniper.prison.gaurd","activeCreativeID":"192","scenes":["12","1","8","6","15","2"],"campaignAdType":"Interstitial","productId":"","purchaseBit":0,"licenseKey":""},{"campaignID":"158","attribution":0,"priority":"5","appToPromote":{"appToPromoteID":"2223","usesDefaultFrameImage":"0","usesDefaultCloseImage":"0","marketURL":"https:\/\/play.google.com\/store\/apps\/details?id=com.vg.counter.mafia.squad.army.training","packageID":"com.vg.counter.mafia.squad.army.training"},"showTemplate":1,"s2s_tracking_url":"https:\/\/play.google.com\/store\/apps\/details?id=com.vg.counter.mafia.squad.army.training","activeCreativeID":"204","scenes":["12","1","8","6","15","2"],"campaignAdType":"Interstitial","productId":"","purchaseBit":0,"licenseKey":""},{"campaignID":"162","attribution":0,"priority":"5","appToPromote":{"appToPromoteID":"2268","usesDefaultFrameImage":"0","usesDefaultCloseImage":"0","marketURL":"https:\/\/play.google.com\/store\/apps\/details?id=com.vg.prisoner.escape.survival.hero","packageID":"com.vg.prisoner.escape.survival.hero"},"showTemplate":1,"s2s_tracking_url":"https:\/\/play.google.com\/store\/apps\/details?id=com.vg.prisoner.escape.survival.hero","activeCreativeID":"206","scenes":["12","1","8","6","15","2"],"campaignAdType":"Interstitial","productId":"","purchaseBit":0,"licenseKey":""},{"campaignID":"163","attribution":0,"priority":"5","appToPromote":{"appToPromoteID":"2349","usesDefaultFrameImage":"0","usesDefaultCloseImage":"0","marketURL":"https:\/\/play.google.com\/store\/apps\/details?id=com.gss.city.war.survival.robothero","packageID":"com.gss.city.war.survival.robothero"},"showTemplate":1,"s2s_tracking_url":"https:\/\/play.google.com\/store\/apps\/details?id=com.gss.city.war.survival.robothero","activeCreativeID":"207","scenes":["12","1","8","6","15","2"],"campaignAdType":"Interstitial","productId":"","purchaseBit":0,"licenseKey":""},{"campaignID":"169","attribution":0,"priority":"5","appToPromote":{"appToPromoteID":"2414","usesDefaultFrameImage":"0","usesDefaultCloseImage":"0","marketURL":"https:\/\/play.google.com\/store\/apps\/details?id=com.gamefeast.armyheroes.us.military.training","packageID":"com.gamefeast.armyheroes.us.military.training"},"showTemplate":1,"s2s_tracking_url":"https:\/\/play.google.com\/store\/apps\/details?id=com.gamefeast.armyheroes.us.military.training","activeCreativeID":"220","scenes":["12","1","8","6","15","2"],"campaignAdType":"Interstitial","productId":"","purchaseBit":0,"licenseKey":""},{"campaignID":"207","attribution":0,"priority":"5","appToPromote":{"appToPromoteID":"2450","usesDefaultFrameImage":"0","usesDefaultCloseImage":"0","marketURL":"https:\/\/play.google.com\/store\/apps\/details?id=com.gss.army.commando.survivalisland","packageID":"com.gss.army.commando.survivalisland"},"showTemplate":1,"s2s_tracking_url":"https:\/\/play.google.com\/store\/apps\/details?id=com.gss.army.commando.survivalisland","activeCreativeID":"281","scenes":["12","1","8","6","15","2"],"campaignAdType":"Interstitial","productId":"","purchaseBit":0,"licenseKey":""},{"campaignID":"332","attribution":0,"priority":"5","appToPromote":{"appToPromoteID":"2857","usesDefaultFrameImage":"0","usesDefaultCloseImage":"0","marketURL":"https:\/\/play.google.com\/store\/apps\/details?id=com.gss.robot.battle.robbery.squad","packageID":"com.gss.robot.battle.robbery.squad"},"showTemplate":1,"s2s_tracking_url":"https:\/\/play.google.com\/store\/apps\/details?id=com.gss.robot.battle.robbery.squad","activeCreativeID":"343","scenes":["12","1","8","6","15","2"],"campaignAdType":"Interstitial","productId":"","purchaseBit":0,"licenseKey":""},{"campaignID":"336","attribution":0,"priority":"5","appToPromote":{"appToPromoteID":"2941","usesDefaultFrameImage":"0","usesDefaultCloseImage":"0","marketURL":"https:\/\/play.google.com\/store\/apps\/details?id=com.vg.us.army.war.survival.island","packageID":"com.vg.us.army.war.survival.island"},"showTemplate":1,"s2s_tracking_url":"https:\/\/play.google.com\/store\/apps\/details?id=com.vg.us.army.war.survival.island","activeCreativeID":"347","scenes":["12","1","8","6","15","2"],"campaignAdType":"Interstitial","productId":"","purchaseBit":0,"licenseKey":""},{"campaignID":"357","attribution":0,"priority":"5","appToPromote":{"appToPromoteID":"2741","usesDefaultFrameImage":"0","usesDefaultCloseImage":"0","marketURL":"https:\/\/play.google.com\/store\/apps\/details?id=com.gss.us.air.jetfighter.warrior","packageID":"com.gss.us.air.jetfighter.warrior"},"showTemplate":1,"s2s_tracking_url":"https:\/\/play.google.com\/store\/apps\/details?id=com.gss.us.air.jetfighter.warrior","activeCreativeID":"376","scenes":["12","1","8","6","15","2"],"campaignAdType":"Interstitial","productId":"","purchaseBit":0,"licenseKey":""},{"campaignID":"364","attribution":0,"priority":"5","appToPromote":{"appToPromoteID":"2552","usesDefaultFrameImage":"0","usesDefaultCloseImage":"0","marketURL":"https:\/\/play.google.com\/store\/apps\/details?id=com.gss.grand.city.rescue.flyingrobot","packageID":"com.gss.grand.city.rescue.flyingrobot"},"showTemplate":1,"s2s_tracking_url":"https:\/\/play.google.com\/store\/apps\/details?id=com.gss.grand.city.rescue.flyingrobot","activeCreativeID":"309","scenes":["12","1","8","6","15","2"],"campaignAdType":"Interstitial","productId":"","purchaseBit":0,"licenseKey":""},{"campaignID":"370","attribution":0,"priority":"5","appToPromote":{"appToPromoteID":"3065","usesDefaultFrameImage":"0","usesDefaultCloseImage":"0","marketURL":"https:\/\/play.google.com\/store\/apps\/details?id=com.gss.raft.survival.island.escape","packageID":"com.gss.raft.survival.island.escape"},"showTemplate":1,"s2s_tracking_url":"https:\/\/play.google.com\/store\/apps\/details?id=com.gss.raft.survival.island.escape","activeCreativeID":"391","scenes":["12","1","8","6","15","2"],"campaignAdType":"Interstitial","productId":"","purchaseBit":0,"licenseKey":""},{"campaignID":"417","attribution":0,"priority":"5","appToPromote":{"appToPromoteID":"3227","usesDefaultFrameImage":"0","usesDefaultCloseImage":"0","marketURL":"https:\/\/play.google.com\/store\/apps\/details?id=com.vg.hero.kids.army.training.school","packageID":"com.vg.hero.kids.army.training.school"},"showTemplate":1,"s2s_tracking_url":"https:\/\/play.google.com\/store\/apps\/details?id=com.vg.hero.kids.army.training.school","activeCreativeID":"454","scenes":["12","1","8","6","15","2"],"campaignAdType":"Interstitial","productId":"","purchaseBit":0,"licenseKey":""},{"campaignID":"433","attribution":0,"priority":"5","appToPromote":{"appToPromoteID":"3339","usesDefaultFrameImage":"0","usesDefaultCloseImage":"0","marketURL":"https:\/\/play.google.com\/store\/apps\/details?id=com.gss.battle.force.counterterrorist","packageID":"com.gss.battle.force.counterterrorist"},"showTemplate":1,"s2s_tracking_url":"https:\/\/play.google.com\/store\/apps\/details?id=com.gss.battle.force.counterterrorist","activeCreativeID":"477","scenes":["12","1","8","6","15","2"],"campaignAdType":"Interstitial","productId":"","purchaseBit":0,"licenseKey":""},{"campaignID":"436","attribution":0,"priority":"5","appToPromote":{"appToPromoteID":"3282","usesDefaultFrameImage":"0","usesDefaultCloseImage":"0","marketURL":"https:\/\/play.google.com\/store\/apps\/details?id=com.tgp.city.rescue.survival.flyinghero","packageID":"com.tgp.city.rescue.survival.flyinghero"},"showTemplate":1,"s2s_tracking_url":"https:\/\/play.google.com\/store\/apps\/details?id=com.tgp.city.rescue.survival.flyinghero","activeCreativeID":"478","scenes":["12","1","8","6","15","2"],"campaignAdType":"Interstitial","productId":"","purchaseBit":0,"licenseKey":""},{"campaignID":"446","attribution":0,"priority":"5","appToPromote":{"appToPromoteID":"3390","usesDefaultFrameImage":"0","usesDefaultCloseImage":"0","marketURL":"https:\/\/play.google.com\/store\/apps\/details?id=com.gss.flying.spider.superhero.survival","packageID":"com.gss.flying.spider.superhero.survival"},"showTemplate":1,"s2s_tracking_url":"https:\/\/play.google.com\/store\/apps\/details?id=com.gss.flying.spider.superhero.survival","activeCreativeID":"488","scenes":["12","1","8","6","15","2"],"campaignAdType":"Interstitial","productId":"","purchaseBit":0,"licenseKey":""},{"campaignID":"493","attribution":0,"priority":"5","appToPromote":{"appToPromoteID":"3536","usesDefaultFrameImage":"0","usesDefaultCloseImage":"0","marketURL":"https:\/\/play.google.com\/store\/apps\/details?id=com.gss.us.army.secret.stealth.mission","packageID":"com.gss.us.army.secret.stealth.mission"},"showTemplate":1,"s2s_tracking_url":"https:\/\/play.google.com\/store\/apps\/details?id=com.gss.us.army.secret.stealth.mission","activeCreativeID":"556","scenes":["12","1","8","6","15","2"],"campaignAdType":"Interstitial","productId":"","purchaseBit":0,"licenseKey":""}],"refreshAdRate":30,"mode":"Production","aspectRatio":"4_3","cdnPath":"https:\/\/df8ymybeo92md.cloudfront.net\/images\/","sentry_log":0,"local_logging":0,"sentry_dsn":"https:\/\/93ffa1c9a4124f67b8888a53265f751a:bbf998e04584477fa9a145838e9d3b26@sentry.io\/168994","sentry_initialization":1,"sentry_debugging":0,"bannerSizes":["1","2"],"aspectRatioVideo":"16_9","app_id":"2251","showPreRewardedDialogue":0,"showPostRewardedDialogue":0,"rewardCurrency":"coins","rewardValue":0,"isSkipable":1,"privacyPolicyURL":"https:\/\/www.consoliads.com\/privacy-policy\/","sessionToken":"DqtEHsGmLvzQROBxwygTd8bfM4ZFMRq9Ua0zmFHGGrXPx5FgxwPMqQCezFU6oWIdjslTBTANT3RzdBZA91WK8JRTEaYwJegoSsoYgkO1qmYxJI9e4PvbUY8FBXO+L5i1UX4hX08AOjhJAFEbNU1Je32Zh0jR7Qtst+x+tND0CAE="}
Session token value is set

</DebugTrace>
      </Output>
    </UnitTestResult>
    <UnitTestResult executionId="ee9581ba-a3eb-4c8a-a768-f1a351c91da9" testId="d249d328-6d44-2c2d-6ed9-e0b5d6f69772" testName="C_RecordClicksFromDeviceMainMethodCodeGenerator" computerName="DESKTOP-5AJ0SB3" duration="00:01:47.3966213" startTime="2021-01-06T14:20:34.3521060+05:00" endTime="2021-01-06T14:22:21.8139447+05:00" testType="13cdc9d9-ddb5-4fa4-a97d-d965ccfc6d4b" outcome="Passed" testListId="8c84fa94-04c1-424b-9868-57a2d4851a1d" relativeResultsDirectory="ee9581ba-a3eb-4c8a-a768-f1a351c91da9">
      <Output>
        <DebugTrace>****************** SELECT campaigns.campaignID,campaigns.appID,apps.sdkID,apps.companyID,apps.osID FROM apps INNER JOIN campaigns ON apps.appID = campaigns.appID WHERE apps.sdkID &gt; 20 AND apps.appKey != '' AND campaigns.campaignID NOT IN (0 ,- 1 ,- 2 ,- 3 ,- 4 ,- 5) LIMIT 50
****************** 
****************** Select appKey , appID from apps where appkey!='' and sdkID &gt; 10 limit  50
****************** 
****************** JJpX85UiVMIIL76SOmx/V38lvKURDRVwbXc8U7kDRoSED310LrcjKfQCfTMxbOWRwnbjSNw8TDXz5pA3iwXrqBhoeqMc8fG7U9JpllMOOwdTpbf6vuddgS2LUhomvidi
****************** JJpX85UiVMIIL76SOmx/V38lvKURDRVwbXc8U7kDRoSED310LrcjKfQCfTMxbOWRwnbjSNw8TDXz5pA3iwXrqBhoeqMc8fG7U9JpllMOOwdTpbf6vuddgS2LUhomvidi
****************** JJpX85UiVMIIL76SOmx/V38lvKURDRVwbXc8U7kDRoSED310LrcjKfQCfTMxbOWRwnbjSNw8TDXz5pA3iwXrqBhoeqMc8fG7U9JpllMOOwdTpbf6vuddgS2LUhomvidi
****************** JJpX85UiVMIIL76SOmx/V38lvKURDRVwbXc8U7kDRoSED310LrcjKfQCfTMxbOWRwnbjSNw8TDXz5pA3iwXrqBhoeqMc8fG7U9JpllMOOwdTpbf6vuddgS2LUhomvidi
****************** JJpX85UiVMIIL76SOmx/V38lvKURDRVwbXc8U7kDRoSED310LrcjKfQCfTMxbOWRwnbjSNw8TDXz5pA3iwXrqBhoeqMc8fG7U9JpllMOOwdTpbf6vuddgS2LUhomvidi
****************** JJpX85UiVMIIL76SOmx/V38lvKURDRVwbXc8U7kDRoSED310LrcjKfQCfTMxbOWRwnbjSNw8TDXz5pA3iwXrqBhoeqMc8fG7U9JpllMOOwdTpbf6vuddgS2LUhomvidi
****************** JJpX85UiVMIIL76SOmx/V38lvKURDRVwbXc8U7kDRoSED310LrcjKfQCfTMxbOWRwnbjSNw8TDXz5pA3iwXrqBhoeqMc8fG7U9JpllMOOwdTpbf6vuddgS2LUhomvidi
****************** JJpX85UiVMIIL76SOmx/V38lvKURDRVwbXc8U7kDRoSED310LrcjKfQCfTMxbOWRwnbjSNw8TDXz5pA3iwXrqBhoeqMc8fG7U9JpllMOOwdTpbf6vuddgS2LUhomvidi
****************** JJpX85UiVMIIL76SOmx/V38lvKURDRVwbXc8U7kDRoSED310LrcjKfQCfTMxbOWRwnbjSNw8TDXz5pA3iwXrqBhoeqMc8fG7U9JpllMOOwdTpbf6vuddgS2LUhomvidi
****************** JJpX85UiVMIIL76SOmx/V38lvKURDRVwbXc8U7kDRoSED310LrcjKfQCfTMxbOWRwnbjSNw8TDXz5pA3iwXrqBhoeqMc8fG7U9JpllMOOwdTpbf6vuddgS2LUhomvidi
****************** JJpX85UiVMIIL76SOmx/V38lvKURDRVwbXc8U7kDRoSED310LrcjKfQCfTMxbOWRwnbjSNw8TDXz5pA3iwXrqBhoeqMc8fG7U9JpllMOOwdTpbf6vuddgS2LUhomvidi
****************** JJpX85UiVMIIL76SOmx/V38lvKURDRVwbXc8U7kDRoSED310LrcjKfQCfTMxbOWRwnbjSNw8TDXz5pA3iwXrqBhoeqMc8fG7U9JpllMOOwdTpbf6vuddgS2LUhomvidi
****************** JJpX85UiVMIIL76SOmx/V38lvKURDRVwbXc8U7kDRoSED310LrcjKfQCfTMxbOWRwnbjSNw8TDXz5pA3iwXrqBhoeqMc8fG7U9JpllMOOwdTpbf6vuddgS2LUhomvidi
****************** JJpX85UiVMIIL76SOmx/V38lvKURDRVwbXc8U7kDRoSED310LrcjKfQCfTMxbOWRwnbjSNw8TDXz5pA3iwXrqBhoeqMc8fG7U9JpllMOOwdTpbf6vuddgS2LUhomvidi
****************** JJpX85UiVMIIL76SOmx/V38lvKURDRVwbXc8U7kDRoSED310LrcjKfQCfTMxbOWRwnbjSNw8TDXz5pA3iwXrqBhoeqMc8fG7U9JpllMOOwdTpbf6vuddgS2LUhomvidi
****************** JJpX85UiVMIIL76SOmx/V38lvKURDRVwbXc8U7kDRoSED310LrcjKfQCfTMxbOWRwnbjSNw8TDXz5pA3iwXrqBhoeqMc8fG7U9JpllMOOwdTpbf6vuddgS2LUhomvidi
****************** JJpX85UiVMIIL76SOmx/V38lvKURDRVwbXc8U7kDRoSED310LrcjKfQCfTMxbOWRwnbjSNw8TDXz5pA3iwXrqBhoeqMc8fG7U9JpllMOOwdTpbf6vuddgS2LUhomvidi
****************** JJpX85UiVMIIL76SOmx/V38lvKURDRVwbXc8U7kDRoSED310LrcjKfQCfTMxbOWRwnbjSNw8TDXz5pA3iwXrqBhoeqMc8fG7U9JpllMOOwdTpbf6vuddgS2LUhomvidi
****************** JJpX85UiVMIIL76SOmx/V38lvKURDRVwbXc8U7kDRoSED310LrcjKfQCfTMxbOWRwnbjSNw8TDXz5pA3iwXrqBhoeqMc8fG7U9JpllMOOwdTpbf6vuddgS2LUhomvidi
****************** JJpX85UiVMIIL76SOmx/V38lvKURDRVwbXc8U7kDRoSED310LrcjKfQCfTMxbOWRwnbjSNw8TDXz5pA3iwXrqBhoeqMc8fG7U9JpllMOOwdTpbf6vuddgS2LUhomvidi
****************** JJpX85UiVMIIL76SOmx/V38lvKURDRVwbXc8U7kDRoSED310LrcjKfQCfTMxbOWRwnbjSNw8TDXz5pA3iwXrqBhoeqMc8fG7U9JpllMOOwdTpbf6vuddgS2LUhomvidi
****************** JJpX85UiVMIIL76SOmx/V38lvKURDRVwbXc8U7kDRoSED310LrcjKfQCfTMxbOWRwnbjSNw8TDXz5pA3iwXrqBhoeqMc8fG7U9JpllMOOwdTpbf6vuddgS2LUhomvidi
****************** JJpX85UiVMIIL76SOmx/V38lvKURDRVwbXc8U7kDRoSED310LrcjKfQCfTMxbOWRwnbjSNw8TDXz5pA3iwXrqBhoeqMc8fG7U9JpllMOOwdTpbf6vuddgS2LUhomvidi
****************** JJpX85UiVMIIL76SOmx/V38lvKURDRVwbXc8U7kDRoSED310LrcjKfQCfTMxbOWRwnbjSNw8TDXz5pA3iwXrqBhoeqMc8fG7U9JpllMOOwdTpbf6vuddgS2LUhomvidi
****************** JJpX85UiVMIIL76SOmx/V38lvKURDRVwbXc8U7kDRoSED310LrcjKfQCfTMxbOWRwnbjSNw8TDXz5pA3iwXrqBhoeqMc8fG7U9JpllMOOwdTpbf6vuddgS2LUhomvidi
****************** JJpX85UiVMIIL76SOmx/V38lvKURDRVwbXc8U7kDRoSED310LrcjKfQCfTMxbOWRwnbjSNw8TDXz5pA3iwXrqBhoeqMc8fG7U9JpllMOOwdTpbf6vuddgS2LUhomvidi
****************** JJpX85UiVMIIL76SOmx/V38lvKURDRVwbXc8U7kDRoSED310LrcjKfQCfTMxbOWRwnbjSNw8TDXz5pA3iwXrqBhoeqMc8fG7U9JpllMOOwdTpbf6vuddgS2LUhomvidi
****************** JJpX85UiVMIIL76SOmx/V38lvKURDRVwbXc8U7kDRoSED310LrcjKfQCfTMxbOWRwnbjSNw8TDXz5pA3iwXrqBhoeqMc8fG7U9JpllMOOwdTpbf6vuddgS2LUhomvidi
****************** JJpX85UiVMIIL76SOmx/V38lvKURDRVwbXc8U7kDRoSED310LrcjKfQCfTMxbOWRwnbjSNw8TDXz5pA3iwXrqBhoeqMc8fG7U9JpllMOOwdTpbf6vuddgS2LUhomvidi
****************** JJpX85UiVMIIL76SOmx/V38lvKURDRVwbXc8U7kDRoSED310LrcjKfQCfTMxbOWRwnbjSNw8TDXz5pA3iwXrqBhoeqMc8fG7U9JpllMOOwdTpbf6vuddgS2LUhomvidi
****************** JJpX85UiVMIIL76SOmx/V38lvKURDRVwbXc8U7kDRoSED310LrcjKfQCfTMxbOWRwnbjSNw8TDXz5pA3iwXrqBhoeqMc8fG7U9JpllMOOwdTpbf6vuddgS2LUhomvidi
****************** JJpX85UiVMIIL76SOmx/V38lvKURDRVwbXc8U7kDRoSED310LrcjKfQCfTMxbOWRwnbjSNw8TDXz5pA3iwXrqBhoeqMc8fG7U9JpllMOOwdTpbf6vuddgS2LUhomvidi
****************** JJpX85UiVMIIL76SOmx/V38lvKURDRVwbXc8U7kDRoSED310LrcjKfQCfTMxbOWRwnbjSNw8TDXz5pA3iwXrqBhoeqMc8fG7U9JpllMOOwdTpbf6vuddgS2LUhomvidi
****************** JJpX85UiVMIIL76SOmx/V38lvKURDRVwbXc8U7kDRoSED310LrcjKfQCfTMxbOWRwnbjSNw8TDXz5pA3iwXrqBhoeqMc8fG7U9JpllMOOwdTpbf6vuddgS2LUhomvidi
****************** JJpX85UiVMIIL76SOmx/V38lvKURDRVwbXc8U7kDRoSED310LrcjKfQCfTMxbOWRwnbjSNw8TDXz5pA3iwXrqBhoeqMc8fG7U9JpllMOOwdTpbf6vuddgS2LUhomvidi
****************** JJpX85UiVMIIL76SOmx/V38lvKURDRVwbXc8U7kDRoSED310LrcjKfQCfTMxbOWRwnbjSNw8TDXz5pA3iwXrqBhoeqMc8fG7U9JpllMOOwdTpbf6vuddgS2LUhomvidi
****************** JJpX85UiVMIIL76SOmx/V38lvKURDRVwbXc8U7kDRoSED310LrcjKfQCfTMxbOWRwnbjSNw8TDXz5pA3iwXrqBhoeqMc8fG7U9JpllMOOwdTpbf6vuddgS2LUhomvidi
****************** JJpX85UiVMIIL76SOmx/V38lvKURDRVwbXc8U7kDRoSED310LrcjKfQCfTMxbOWRwnbjSNw8TDXz5pA3iwXrqBhoeqMc8fG7U9JpllMOOwdTpbf6vuddgS2LUhomvidi
****************** JJpX85UiVMIIL76SOmx/V38lvKURDRVwbXc8U7kDRoSED310LrcjKfQCfTMxbOWRwnbjSNw8TDXz5pA3iwXrqBhoeqMc8fG7U9JpllMOOwdTpbf6vuddgS2LUhomvidi
****************** JJpX85UiVMIIL76SOmx/V38lvKURDRVwbXc8U7kDRoSED310LrcjKfQCfTMxbOWRwnbjSNw8TDXz5pA3iwXrqBhoeqMc8fG7U9JpllMOOwdTpbf6vuddgS2LUhomvidi
****************** JJpX85UiVMIIL76SOmx/V38lvKURDRVwbXc8U7kDRoSED310LrcjKfQCfTMxbOWRwnbjSNw8TDXz5pA3iwXrqBhoeqMc8fG7U9JpllMOOwdTpbf6vuddgS2LUhomvidi
****************** JJpX85UiVMIIL76SOmx/V38lvKURDRVwbXc8U7kDRoSED310LrcjKfQCfTMxbOWRwnbjSNw8TDXz5pA3iwXrqBhoeqMc8fG7U9JpllMOOwdTpbf6vuddgS2LUhomvidi
****************** JJpX85UiVMIIL76SOmx/V38lvKURDRVwbXc8U7kDRoSED310LrcjKfQCfTMxbOWRwnbjSNw8TDXz5pA3iwXrqBhoeqMc8fG7U9JpllMOOwdTpbf6vuddgS2LUhomvidi
****************** JJpX85UiVMIIL76SOmx/V38lvKURDRVwbXc8U7kDRoSED310LrcjKfQCfTMxbOWRwnbjSNw8TDXz5pA3iwXrqBhoeqMc8fG7U9JpllMOOwdTpbf6vuddgS2LUhomvidi
****************** JJpX85UiVMIIL76SOmx/V38lvKURDRVwbXc8U7kDRoSED310LrcjKfQCfTMxbOWRwnbjSNw8TDXz5pA3iwXrqBhoeqMc8fG7U9JpllMOOwdTpbf6vuddgS2LUhomvidi
****************** JJpX85UiVMIIL76SOmx/V38lvKURDRVwbXc8U7kDRoSED310LrcjKfQCfTMxbOWRwnbjSNw8TDXz5pA3iwXrqBhoeqMc8fG7U9JpllMOOwdTpbf6vuddgS2LUhomvidi
****************** JJpX85UiVMIIL76SOmx/V38lvKURDRVwbXc8U7kDRoSED310LrcjKfQCfTMxbOWRwnbjSNw8TDXz5pA3iwXrqBhoeqMc8fG7U9JpllMOOwdTpbf6vuddgS2LUhomvidi
****************** JJpX85UiVMIIL76SOmx/V38lvKURDRVwbXc8U7kDRoSED310LrcjKfQCfTMxbOWRwnbjSNw8TDXz5pA3iwXrqBhoeqMc8fG7U9JpllMOOwdTpbf6vuddgS2LUhomvidi
****************** JJpX85UiVMIIL76SOmx/V38lvKURDRVwbXc8U7kDRoSED310LrcjKfQCfTMxbOWRwnbjSNw8TDXz5pA3iwXrqBhoeqMc8fG7U9JpllMOOwdTpbf6vuddgS2LUhomvidi
****************** JJpX85UiVMIIL76SOmx/V38lvKURDRVwbXc8U7kDRoSED310LrcjKfQCfTMxbOWRwnbjSNw8TDXz5pA3iwXrqBhoeqMc8fG7U9JpllMOOwdTpbf6vuddgS2LUhomvidi
</DebugTrace>
      </Output>
    </UnitTestResult>
    <UnitTestResult executionId="9bed0fd4-9be9-41b8-a67a-c6d722ca7879" testId="20f0da05-06f5-50cc-bee5-9ac7cf561794" testName="D_SaveNetworkrStatsMainMethodCodeGenerator" computerName="DESKTOP-5AJ0SB3" duration="00:01:15.6480420" startTime="2021-01-06T14:22:21.8169438+05:00" endTime="2021-01-06T14:23:37.4689796+05:00" testType="13cdc9d9-ddb5-4fa4-a97d-d965ccfc6d4b" outcome="Passed" testListId="8c84fa94-04c1-424b-9868-57a2d4851a1d" relativeResultsDirectory="9bed0fd4-9be9-41b8-a67a-c6d722ca7879">
      <Output>
        <DebugTrace>****************** http://52.13.174.6/sheeda/admin/analytics/saveNetworkStats
****************** SELECT apps.package, apps.osID, apps.appID, apps.companyID,apps.sdkID,sdk_info.ver from apps INNER JOIN sdk_info ON apps.sdkID = sdk_info.sdkID where apps.sdkID &gt; 20 Limit 50
****************** 
****************** select adID from ads where ad_type != 'analytics';
****************** 
****************** JJpX85UiVMIIL76SOmx/V38lvKURDRVwbXc8U7kDRoSED310LrcjKfQCfTMxbOWRwnbjSNw8TDXz5pA3iwXrqBhoeqMc8fG7U9JpllMOOwdTpbf6vuddgS2LUhomvidi
****************** http://52.13.174.6/sheeda/admin/analytics/saveNetworkStats
message value is correct
Session token value is set

****************** http://52.13.174.6/sheeda/admin/analytics/saveNetworkStats
Message value not appearing correctly
****************** http://52.13.174.6/sheeda/admin/analytics/saveNetworkStats
message value is correct
Session token value is set

****************** http://52.13.174.6/sheeda/admin/analytics/saveNetworkStats
message value is correct
Session token value is set

****************** http://52.13.174.6/sheeda/admin/analytics/saveNetworkStats
{"package":"com.rgs.sand.excavator.truck.simulator","store":"41","uniqueDeviceID":"8389","appID":"","deviceID":"","region":"","adsQueueEventStats":[{"adID":"4","sceneID":"21","request":"839","impression":"839","click":"839"}],"gssdkVersion":"3.2.2","sdkVersionID":"39","sdkVersion":"39","sessionToken":"4Q01b9H2O8q3mpICOJp7Tiv3RVOnCdvMx5+NnXx2tJw8lJNmbonCKat3dY3Qf1Vk3iRfMGrR1rUtFx7qyhE+W3EZr1Sge+zZL6+ZGmaiVsz\/W7TfRSXk8RkFPFz1HWao"}: http://52.13.174.6/sheeda/admin/analytics/saveNetworkStatsAPI failed as it is not correct json response in content type. A PHP error has encoutered  4
&lt;div style="border:1px solid #990000;padding-left:20px;margin:0 0 10px 0;"&gt;

&lt;h4&gt;A PHP Error was encountered&lt;/h4&gt;

&lt;p&gt;Severity: Notice&lt;/p&gt;
&lt;p&gt;Message:  Undefined offset: 0&lt;/p&gt;
&lt;p&gt;Filename: controllers/Mediation.php&lt;/p&gt;
&lt;p&gt;Line Number: 656&lt;/p&gt;


	&lt;p&gt;Backtrace:&lt;/p&gt;
	
		
	
		
	
		
			&lt;p style="margin-left:10px"&gt;
			File: /var/www/html/sheeda/admin/3.0.1/modules/mediation/controllers/Mediation.php&lt;br /&gt;
			Line: 656&lt;br /&gt;
			Function: _error_handler			&lt;/p&gt;

		
	
		
	
		
			&lt;p style="margin-left:10px"&gt;
			File: /var/www/html/sheeda/admin/3.0.1/libraries/REST_Controller.php&lt;br /&gt;
			Line: 688&lt;br /&gt;
			Function: call_user_func_array			&lt;/p&gt;

		
	
		
	
		
	
		
			&lt;p style="margin-left:10px"&gt;
			File: /var/www/html/sheeda/admin/3.0.1.php&lt;br /&gt;
			Line: 307&lt;br /&gt;
			Function: require_once			&lt;/p&gt;

		
	
		
			&lt;p style="margin-left:10px"&gt;
			File: /var/www/html/sheeda/admin/index.php&lt;br /&gt;
			Line: 69&lt;br /&gt;
			Function: require			&lt;/p&gt;

		
	

&lt;/div&gt;&lt;br /&gt;
&lt;b&gt;Notice&lt;/b&gt;:  Trying to get property of non-object in &lt;b&gt;/var/www/html/sheeda/admin/3.0.1/modules/mediation/controllers/Mediation.php&lt;/b&gt; on line &lt;b&gt;656&lt;/b&gt;&lt;br /&gt;
{"message":"App belongs to an inactive brand."}
****************** http://52.13.174.6/sheeda/admin/analytics/saveNetworkStats
message value is correct
Session token value is set

****************** http://52.13.174.6/sheeda/admin/analytics/saveNetworkStats
Message value not appearing correctly
****************** http://52.13.174.6/sheeda/admin/analytics/saveNetworkStats
Message value not appearing correctly
****************** http://52.13.174.6/sheeda/admin/analytics/saveNetworkStats
Message value not appearing correctly
****************** http://52.13.174.6/sheeda/admin/analytics/saveNetworkStats
message value is correct
Session token value is set

****************** http://52.13.174.6/sheeda/admin/analytics/saveNetworkStats
{"package":"com.threed.sand.excavator.simulator","store":"41","uniqueDeviceID":"7049","appID":"","deviceID":"","region":"","adsQueueEventStats":[{"adID":"10","sceneID":"18","request":"705","impression":"705","click":"705"}],"gssdkVersion":"5.1.3-1","sdkVersionID":"2163","sdkVersion":"2163","sessionToken":"gnEic+3RlUPBS6kp1SaMfsdIesrsfrxH4lhkNIOQWtGSHqm08zR8CDiye4iid\/6gJHl3A7ocz\/gNZhFgWtl8WvlitbM7TefT85qN28eJVpZo9W8RCiTlx7UaKWuelv8J"}: http://52.13.174.6/sheeda/admin/analytics/saveNetworkStatsAPI failed as it is not correct json response in content type. A PHP error has encoutered  10
&lt;div style="border:1px solid #990000;padding-left:20px;margin:0 0 10px 0;"&gt;

&lt;h4&gt;A PHP Error was encountered&lt;/h4&gt;

&lt;p&gt;Severity: Notice&lt;/p&gt;
&lt;p&gt;Message:  Undefined offset: 0&lt;/p&gt;
&lt;p&gt;Filename: controllers/Mediation.php&lt;/p&gt;
&lt;p&gt;Line Number: 656&lt;/p&gt;


	&lt;p&gt;Backtrace:&lt;/p&gt;
	
		
	
		
	
		
			&lt;p style="margin-left:10px"&gt;
			File: /var/www/html/sheeda/admin/3.0.1/modules/mediation/controllers/Mediation.php&lt;br /&gt;
			Line: 656&lt;br /&gt;
			Function: _error_handler			&lt;/p&gt;

		
	
		
	
		
			&lt;p style="margin-left:10px"&gt;
			File: /var/www/html/sheeda/admin/3.0.1/libraries/REST_Controller.php&lt;br /&gt;
			Line: 688&lt;br /&gt;
			Function: call_user_func_array			&lt;/p&gt;

		
	
		
	
		
	
		
			&lt;p style="margin-left:10px"&gt;
			File: /var/www/html/sheeda/admin/3.0.1.php&lt;br /&gt;
			Line: 307&lt;br /&gt;
			Function: require_once			&lt;/p&gt;

		
	
		
			&lt;p style="margin-left:10px"&gt;
			File: /var/www/html/sheeda/admin/index.php&lt;br /&gt;
			Line: 69&lt;br /&gt;
			Function: require			&lt;/p&gt;

		
	

&lt;/div&gt;&lt;br /&gt;
&lt;b&gt;Notice&lt;/b&gt;:  Trying to get property of non-object in &lt;b&gt;/var/www/html/sheeda/admin/3.0.1/modules/mediation/controllers/Mediation.php&lt;/b&gt; on line &lt;b&gt;656&lt;/b&gt;&lt;br /&gt;
{"message":"App belongs to an inactive brand."}
****************** http://52.13.174.6/sheeda/admin/analytics/saveNetworkStats
{"package":"com.threed.sand.excavator.simulator","store":"43","uniqueDeviceID":"2872","appID":"","deviceID":"","region":"","adsQueueEventStats":[{"adID":"11","sceneID":"8","request":"287","impression":"287","click":"287"}],"gssdkVersion":"5.1.3","sdkVersionID":"2151","sdkVersion":"2151","sessionToken":"gnEic+3RlUPBS6kp1SaMfsdIesrsfrxH4lhkNIOQWtGSHqm08zR8CDiye4iid\/6gJHl3A7ocz\/gNZhFgWtl8WvlitbM7TefT85qN28eJVpZo9W8RCiTlx7UaKWuelv8J"}: http://52.13.174.6/sheeda/admin/analytics/saveNetworkStatsAPI failed as it is not correct json response in content type. A PHP error has encoutered  11
&lt;div style="border:1px solid #990000;padding-left:20px;margin:0 0 10px 0;"&gt;

&lt;h4&gt;A PHP Error was encountered&lt;/h4&gt;

&lt;p&gt;Severity: Notice&lt;/p&gt;
&lt;p&gt;Message:  Undefined offset: 0&lt;/p&gt;
&lt;p&gt;Filename: controllers/Mediation.php&lt;/p&gt;
&lt;p&gt;Line Number: 656&lt;/p&gt;


	&lt;p&gt;Backtrace:&lt;/p&gt;
	
		
	
		
	
		
			&lt;p style="margin-left:10px"&gt;
			File: /var/www/html/sheeda/admin/3.0.1/modules/mediation/controllers/Mediation.php&lt;br /&gt;
			Line: 656&lt;br /&gt;
			Function: _error_handler			&lt;/p&gt;

		
	
		
	
		
			&lt;p style="margin-left:10px"&gt;
			File: /var/www/html/sheeda/admin/3.0.1/libraries/REST_Controller.php&lt;br /&gt;
			Line: 688&lt;br /&gt;
			Function: call_user_func_array			&lt;/p&gt;

		
	
		
	
		
	
		
			&lt;p style="margin-left:10px"&gt;
			File: /var/www/html/sheeda/admin/3.0.1.php&lt;br /&gt;
			Line: 307&lt;br /&gt;
			Function: require_once			&lt;/p&gt;

		
	
		
			&lt;p style="margin-left:10px"&gt;
			File: /var/www/html/sheeda/admin/index.php&lt;br /&gt;
			Line: 69&lt;br /&gt;
			Function: require			&lt;/p&gt;

		
	

&lt;/div&gt;&lt;br /&gt;
&lt;b&gt;Notice&lt;/b&gt;:  Trying to get property of non-object in &lt;b&gt;/var/www/html/sheeda/admin/3.0.1/modules/mediation/controllers/Mediation.php&lt;/b&gt; on line &lt;b&gt;656&lt;/b&gt;&lt;br /&gt;
{"message":"App belongs to an inactive brand."}
****************** http://52.13.174.6/sheeda/admin/analytics/saveNetworkStats
message value is correct
Session token value is set

****************** http://52.13.174.6/sheeda/admin/analytics/saveNetworkStats
message value is correct
Session token value is set

****************** http://52.13.174.6/sheeda/admin/analytics/saveNetworkStats
{"package":"1.0","store":"42","uniqueDeviceID":"7900","appID":"","deviceID":"","region":"","adsQueueEventStats":[{"adID":"15","sceneID":"20","request":"790","impression":"790","click":"790"}],"gssdkVersion":"3.2.2","sdkVersionID":"39","sdkVersion":"39","sessionToken":"9dL6Wm+q0USfawyGIW9RTxeJTHMvGfPlnQrhQGXEUuJYkeidrbOeAL1d7onQFgoEmNk+kaYO4dLBHGSCJY8x6zNAX9kUgu5PWxY80dXcQ2qtMZBu+eNf9Puh4hoC11+W"}: http://52.13.174.6/sheeda/admin/analytics/saveNetworkStatsAPI failed as it is not correct json response in content type. A PHP error has encoutered  14
&lt;div style="border:1px solid #990000;padding-left:20px;margin:0 0 10px 0;"&gt;

&lt;h4&gt;A PHP Error was encountered&lt;/h4&gt;

&lt;p&gt;Severity: Notice&lt;/p&gt;
&lt;p&gt;Message:  Undefined offset: 0&lt;/p&gt;
&lt;p&gt;Filename: controllers/Mediation.php&lt;/p&gt;
&lt;p&gt;Line Number: 656&lt;/p&gt;


	&lt;p&gt;Backtrace:&lt;/p&gt;
	
		
	
		
	
		
			&lt;p style="margin-left:10px"&gt;
			File: /var/www/html/sheeda/admin/3.0.1/modules/mediation/controllers/Mediation.php&lt;br /&gt;
			Line: 656&lt;br /&gt;
			Function: _error_handler			&lt;/p&gt;

		
	
		
	
		
			&lt;p style="margin-left:10px"&gt;
			File: /var/www/html/sheeda/admin/3.0.1/libraries/REST_Controller.php&lt;br /&gt;
			Line: 688&lt;br /&gt;
			Function: call_user_func_array			&lt;/p&gt;

		
	
		
	
		
	
		
			&lt;p style="margin-left:10px"&gt;
			File: /var/www/html/sheeda/admin/3.0.1.php&lt;br /&gt;
			Line: 307&lt;br /&gt;
			Function: require_once			&lt;/p&gt;

		
	
		
			&lt;p style="margin-left:10px"&gt;
			File: /var/www/html/sheeda/admin/index.php&lt;br /&gt;
			Line: 69&lt;br /&gt;
			Function: require			&lt;/p&gt;

		
	

&lt;/div&gt;&lt;br /&gt;
&lt;b&gt;Notice&lt;/b&gt;:  Trying to get property of non-object in &lt;b&gt;/var/www/html/sheeda/admin/3.0.1/modules/mediation/controllers/Mediation.php&lt;/b&gt; on line &lt;b&gt;656&lt;/b&gt;&lt;br /&gt;
{"message":"App belongs to an inactive brand."}
****************** http://52.13.174.6/sheeda/admin/analytics/saveNetworkStats
Message value not appearing correctly
****************** http://52.13.174.6/sheeda/admin/analytics/saveNetworkStats
Message value not appearing correctly
****************** http://52.13.174.6/sheeda/admin/analytics/saveNetworkStats
Message value not appearing correctly
****************** http://52.13.174.6/sheeda/admin/analytics/saveNetworkStats
{"package":"com.threed.horse.simulator","store":"41","uniqueDeviceID":"2372","appID":"","deviceID":"","region":"","adsQueueEventStats":[{"adID":"21","sceneID":"6","request":"237","impression":"237","click":"237"}],"gssdkVersion":"4.10.2","sdkVersionID":"2089","sdkVersion":"2089","sessionToken":"9dL6Wm+q0USfawyGIW9RTxeJTHMvGfPlnQrhQGXEUuJYkeidrbOeAL1d7onQFgoEmNk+kaYO4dLBHGSCJY8x6zNAX9kUgu5PWxY80dXcQ2qtMZBu+eNf9Puh4hoC11+W"}: http://52.13.174.6/sheeda/admin/analytics/saveNetworkStatsAPI failed as it is not correct json response in content type. A PHP error has encoutered  18
&lt;div style="border:1px solid #990000;padding-left:20px;margin:0 0 10px 0;"&gt;

&lt;h4&gt;A PHP Error was encountered&lt;/h4&gt;

&lt;p&gt;Severity: Notice&lt;/p&gt;
&lt;p&gt;Message:  Undefined offset: 0&lt;/p&gt;
&lt;p&gt;Filename: controllers/Mediation.php&lt;/p&gt;
&lt;p&gt;Line Number: 656&lt;/p&gt;


	&lt;p&gt;Backtrace:&lt;/p&gt;
	
		
	
		
	
		
			&lt;p style="margin-left:10px"&gt;
			File: /var/www/html/sheeda/admin/3.0.1/modules/mediation/controllers/Mediation.php&lt;br /&gt;
			Line: 656&lt;br /&gt;
			Function: _error_handler			&lt;/p&gt;

		
	
		
	
		
			&lt;p style="margin-left:10px"&gt;
			File: /var/www/html/sheeda/admin/3.0.1/libraries/REST_Controller.php&lt;br /&gt;
			Line: 688&lt;br /&gt;
			Function: call_user_func_array			&lt;/p&gt;

		
	
		
	
		
	
		
			&lt;p style="margin-left:10px"&gt;
			File: /var/www/html/sheeda/admin/3.0.1.php&lt;br /&gt;
			Line: 307&lt;br /&gt;
			Function: require_once			&lt;/p&gt;

		
	
		
			&lt;p style="margin-left:10px"&gt;
			File: /var/www/html/sheeda/admin/index.php&lt;br /&gt;
			Line: 69&lt;br /&gt;
			Function: require			&lt;/p&gt;

		
	

&lt;/div&gt;&lt;br /&gt;
&lt;b&gt;Notice&lt;/b&gt;:  Trying to get property of non-object in &lt;b&gt;/var/www/html/sheeda/admin/3.0.1/modules/mediation/controllers/Mediation.php&lt;/b&gt; on line &lt;b&gt;656&lt;/b&gt;&lt;br /&gt;
{"message":"App belongs to an inactive brand."}
****************** http://52.13.174.6/sheeda/admin/analytics/saveNetworkStats
message value is correct
Session token value is set

****************** http://52.13.174.6/sheeda/admin/analytics/saveNetworkStats
message value is correct
Session token value is set

****************** http://52.13.174.6/sheeda/admin/analytics/saveNetworkStats
message value is correct
Session token value is set

****************** http://52.13.174.6/sheeda/admin/analytics/saveNetworkStats
message value is correct
Session token value is set

****************** http://52.13.174.6/sheeda/admin/analytics/saveNetworkStats
Message value not appearing correctly
****************** http://52.13.174.6/sheeda/admin/analytics/saveNetworkStats
{"package":"com.threed.wild.hungry.wolves","store":"41","uniqueDeviceID":"6364","appID":"","deviceID":"","region":"","adsQueueEventStats":[{"adID":"27","sceneID":"16","request":"636","impression":"636","click":"636"}],"gssdkVersion":"5.1.3-1","sdkVersionID":"2163","sdkVersion":"2163","sessionToken":"dKv2IiZ1QBAL6bD3OYYIcey8h2TVi13WrXK1EZbIuW91xz8FAxAxCM7JKPujCSbrWFaFodDGLfSUCcsxtgUZMuSnkZ7uLmKjM6ObMAirhPOaNioZEH20gbvYQ4VraLMe"}: http://52.13.174.6/sheeda/admin/analytics/saveNetworkStatsAPI failed as it is not correct json response in content type. A PHP error has encoutered  24
&lt;div style="border:1px solid #990000;padding-left:20px;margin:0 0 10px 0;"&gt;

&lt;h4&gt;A PHP Error was encountered&lt;/h4&gt;

&lt;p&gt;Severity: Notice&lt;/p&gt;
&lt;p&gt;Message:  Undefined offset: 0&lt;/p&gt;
&lt;p&gt;Filename: controllers/Mediation.php&lt;/p&gt;
&lt;p&gt;Line Number: 656&lt;/p&gt;


	&lt;p&gt;Backtrace:&lt;/p&gt;
	
		
	
		
	
		
			&lt;p style="margin-left:10px"&gt;
			File: /var/www/html/sheeda/admin/3.0.1/modules/mediation/controllers/Mediation.php&lt;br /&gt;
			Line: 656&lt;br /&gt;
			Function: _error_handler			&lt;/p&gt;

		
	
		
	
		
			&lt;p style="margin-left:10px"&gt;
			File: /var/www/html/sheeda/admin/3.0.1/libraries/REST_Controller.php&lt;br /&gt;
			Line: 688&lt;br /&gt;
			Function: call_user_func_array			&lt;/p&gt;

		
	
		
	
		
	
		
			&lt;p style="margin-left:10px"&gt;
			File: /var/www/html/sheeda/admin/3.0.1.php&lt;br /&gt;
			Line: 307&lt;br /&gt;
			Function: require_once			&lt;/p&gt;

		
	
		
			&lt;p style="margin-left:10px"&gt;
			File: /var/www/html/sheeda/admin/index.php&lt;br /&gt;
			Line: 69&lt;br /&gt;
			Function: require			&lt;/p&gt;

		
	

&lt;/div&gt;&lt;br /&gt;
&lt;b&gt;Notice&lt;/b&gt;:  Trying to get property of non-object in &lt;b&gt;/var/www/html/sheeda/admin/3.0.1/modules/mediation/controllers/Mediation.php&lt;/b&gt; on line &lt;b&gt;656&lt;/b&gt;&lt;br /&gt;
{"message":"App belongs to an inactive brand."}
****************** http://52.13.174.6/sheeda/admin/analytics/saveNetworkStats
Message value not appearing correctly
****************** http://52.13.174.6/sheeda/admin/analytics/saveNetworkStats
message value is correct
Session token value is set

****************** http://52.13.174.6/sheeda/admin/analytics/saveNetworkStats
message value is correct
Session token value is set

****************** http://52.13.174.6/sheeda/admin/analytics/saveNetworkStats
message value is correct
Session token value is set

****************** http://52.13.174.6/sheeda/admin/analytics/saveNetworkStats
message value is correct
Session token value is set

****************** http://52.13.174.6/sheeda/admin/analytics/saveNetworkStats
message value is correct
Session token value is set

****************** http://52.13.174.6/sheeda/admin/analytics/saveNetworkStats
message value is correct
****************** http://52.13.174.6/sheeda/admin/analytics/saveNetworkStats
message value is correct
Session token value is set

****************** http://52.13.174.6/sheeda/admin/analytics/saveNetworkStats
message value is correct
Session token value is set

****************** http://52.13.174.6/sheeda/admin/analytics/saveNetworkStats
message value is correct
****************** http://52.13.174.6/sheeda/admin/analytics/saveNetworkStats
message value is correct
Session token value is set

****************** http://52.13.174.6/sheeda/admin/analytics/saveNetworkStats
message value is correct
****************** http://52.13.174.6/sheeda/admin/analytics/saveNetworkStats
message value is correct
Session token value is set

****************** http://52.13.174.6/sheeda/admin/analytics/saveNetworkStats
message value is correct
Session token value is set

****************** http://52.13.174.6/sheeda/admin/analytics/saveNetworkStats
message value is correct
Session token value is set

****************** http://52.13.174.6/sheeda/admin/analytics/saveNetworkStats
message value is correct
Session token value is set

****************** http://52.13.174.6/sheeda/admin/analytics/saveNetworkStats
message value is correct
Session token value is set

****************** http://52.13.174.6/sheeda/admin/analytics/saveNetworkStats
message value is correct
Session token value is set

****************** http://52.13.174.6/sheeda/admin/analytics/saveNetworkStats
message value is correct
Session token value is set

****************** http://52.13.174.6/sheeda/admin/analytics/saveNetworkStats
message value is correct
****************** http://52.13.174.6/sheeda/admin/analytics/saveNetworkStats
message value is correct
Session token value is set

****************** http://52.13.174.6/sheeda/admin/analytics/saveNetworkStats
message value is correct
****************** http://52.13.174.6/sheeda/admin/analytics/saveNetworkStats
message value is correct
****************** http://52.13.174.6/sheeda/admin/analytics/saveNetworkStats
message value is correct
Session token value is set

****************** http://52.13.174.6/sheeda/admin/analytics/saveNetworkStats
message value is correct
Session token value is set

</DebugTrace>
      </Output>
    </UnitTestResult>
    <UnitTestResult executionId="14a57eb3-3528-4f7a-8d1d-a7895bdc0712" testId="bfc1b289-dbbb-3bad-fc5e-78e601449e19" testName="E_StartNewAdSessionMainInputGenerator" computerName="DESKTOP-5AJ0SB3" duration="00:01:50.1466661" startTime="2021-01-06T14:23:37.4709781+05:00" endTime="2021-01-06T14:25:27.6222359+05:00" testType="13cdc9d9-ddb5-4fa4-a97d-d965ccfc6d4b" outcome="Passed" testListId="8c84fa94-04c1-424b-9868-57a2d4851a1d" relativeResultsDirectory="14a57eb3-3528-4f7a-8d1d-a7895bdc0712">
      <Output>
        <DebugTrace>****************** Select appKey , sdkID from apps where appkey!='' and sdkID &gt; 20 LIMIT 50
****************** 

{"appKey":"cf9b5e65c71c19e37f7fdec53fc4bd1d","osVersion":"9.0","orientation":"0","is_mac":"0","model":"GT-Nnnn0","deviceID":"840","telco_operator":"","cpu":"0","brand":"HUAWEI","userConsent":"0","internet_connectivity":"0","height":"436","architecture":"","width":"436","resolution":"1280x720","ram":"953,45 MB","sdkVersion":"2001","product":"j7xeltexx","devMode":"0"}
cache_ttl value is correct

Refresh Ad Rate value is correct
mode value is set

 Aspect ratio value is correct
sentry_log value is set
local_logging value is set
sentry_initialization value is set
sentry_debugging value is set
showPreRewardedDialogue value is set
showPostRewardedDialogue value is set
isSkipable value is set
{"cache_ttl":10080,"cache_ttl_rewarded":10080,"cache_ttl_banner":10080,"cache_ttl_native":10080,"cache_ttl_icon":10080,"campaigns":[{"campaignID":"138","attribution":0,"priority":"5","appToPromote":{"appToPromoteID":"1817","usesDefaultFrameImage":"1","usesDefaultCloseImage":"1","marketURL":"https:\/\/play.google.com\/store\/apps\/details?id=com.molev.army.shooting.training.game","packageID":"com.molev.army.shooting.training.game"},"showTemplate":1,"s2s_tracking_url":"https:\/\/play.google.com\/store\/apps\/details?id=com.molev.army.shooting.training.game","activeCreativeID":"130","scenes":["2","1"],"campaignAdType":"Interstitial","productId":"","purchaseBit":0,"licenseKey":""},{"campaignID":"138","attribution":0,"priority":"5","appToPromote":{"appToPromoteID":"1817","usesDefaultFrameImage":"1","usesDefaultCloseImage":"1","marketURL":"https:\/\/play.google.com\/store\/apps\/details?id=com.molev.army.shooting.training.game","packageID":"com.molev.army.shooting.training.game"},"showTemplate":1,"s2s_tracking_url":"https:\/\/play.google.com\/store\/apps\/details?id=com.molev.army.shooting.training.game","activeCreativeID":"130","scenes":["2","1"],"campaignAdType":"Interstitial","productId":"","purchaseBit":0,"licenseKey":""},{"campaignID":"138","attribution":0,"priority":"5","appToPromote":{"appToPromoteID":"1817","usesDefaultFrameImage":"1","usesDefaultCloseImage":"1","marketURL":"https:\/\/play.google.com\/store\/apps\/details?id=com.molev.army.shooting.training.game","packageID":"com.molev.army.shooting.training.game"},"showTemplate":1,"s2s_tracking_url":"https:\/\/play.google.com\/store\/apps\/details?id=com.molev.army.shooting.training.game","activeCreativeID":"130","scenes":["2","1"],"campaignAdType":"Interstitial","productId":"","purchaseBit":0,"licenseKey":""},{"campaignID":"138","attribution":0,"priority":"5","appToPromote":{"appToPromoteID":"1817","usesDefaultFrameImage":"1","usesDefaultCloseImage":"1","marketURL":"https:\/\/play.google.com\/store\/apps\/details?id=com.molev.army.shooting.training.game","packageID":"com.molev.army.shooting.training.game"},"showTemplate":1,"s2s_tracking_url":"https:\/\/play.google.com\/store\/apps\/details?id=com.molev.army.shooting.training.game","activeCreativeID":"130","scenes":["2","1"],"campaignAdType":"Interstitial","productId":"","purchaseBit":0,"licenseKey":""},{"campaignID":"138","attribution":0,"priority":"5","appToPromote":{"appToPromoteID":"1817","usesDefaultFrameImage":"1","usesDefaultCloseImage":"1","marketURL":"https:\/\/play.google.com\/store\/apps\/details?id=com.molev.army.shooting.training.game","packageID":"com.molev.army.shooting.training.game"},"showTemplate":1,"s2s_tracking_url":"https:\/\/play.google.com\/store\/apps\/details?id=com.molev.army.shooting.training.game","activeCreativeID":"130","scenes":["2","1"],"campaignAdType":"Interstitial","productId":"","purchaseBit":0,"licenseKey":""},{"campaignID":"138","attribution":0,"priority":"5","appToPromote":{"appToPromoteID":"1817","usesDefaultFrameImage":"1","usesDefaultCloseImage":"1","marketURL":"https:\/\/play.google.com\/store\/apps\/details?id=com.molev.army.shooting.training.game","packageID":"com.molev.army.shooting.training.game"},"showTemplate":1,"s2s_tracking_url":"https:\/\/play.google.com\/store\/apps\/details?id=com.molev.army.shooting.training.game","activeCreativeID":"130","scenes":["2","1"],"campaignAdType":"Interstitial","productId":"","purchaseBit":0,"licenseKey":""},{"campaignID":"8378","attribution":0,"priority":"8","appToPromote":{"appToPromoteID":"16480","usesDefaultFrameImage":"0","usesDefaultCloseImage":"0","marketURL":"https:\/\/play.google.com\/store\/apps\/details?id=com.nag.home.manager.working.virtual.mom","packageID":"com.GSS317.AmazingFamily"},"showTemplate":1,"s2s_tracking_url":"https:\/\/play.google.com\/store\/apps\/details?id=com.nag.home.manager.working.virtual.mom","activeCreativeID":"3720","scenes":["2","1"],"campaignAdType":"Interstitial","productId":"","purchaseBit":0,"licenseKey":""},{"campaignID":"9092","attribution":0,"priority":"8","appToPromote":{"appToPromoteID":"13421","usesDefaultFrameImage":"0","usesDefaultCloseImage":"0","marketURL":"http:\/\/www.google.com","packageID":"com.appricot2d.testt"},"showTemplate":1,"s2s_tracking_url":"http:\/\/www.google.com","activeCreativeID":"4384","scenes":["2","1"],"campaignAdType":"Interstitial","productId":"","purchaseBit":0,"licenseKey":""},{"campaignID":"9249","attribution_link":"https:\/\/app.appsflyer.com\/com.lgn.gun.strike.war.train.shooting.games?pid=consoliads_int&amp;af_click_lookback=7d&amp;clickid=1_9249_840&amp;android_id={android_id}&amp;sha1_android_id={sha1_android_id}&amp;advertising_id=840&amp;sha1_advertising_id=c1d2fb848010807be783ec66dd6ddfad6863dbe7&amp;af_keywords=2","attribution":1,"priority":"8","appToPromote":{"appToPromoteID":"13421","usesDefaultFrameImage":"0","usesDefaultCloseImage":"0","marketURL":"http:\/\/www.google.com","packageID":"com.appricot2d.testt"},"showTemplate":1,"s2s_tracking_url":"https:\/\/app.appsflyer.com\/com.lgn.gun.strike.war.train.shooting.games?pid=consoliads_int&amp;af_click_lookback=7d&amp;clickid=1_9249_840&amp;android_id={android_id}&amp;sha1_android_id={sha1_android_id}&amp;advertising_id=840&amp;sha1_advertising_id=c1d2fb848010807be783ec66dd6ddfad6863dbe7&amp;af_keywords=2","activeCreativeID":"4679","scenes":["2","1"],"campaignAdType":"Interstitial","productId":"","purchaseBit":0,"licenseKey":""},{"campaignID":"9250","attribution_link":"https:\/\/app.appsflyer.com\/com.lgn.gun.strike.war.train.shooting.games?pid=consoliads_int&amp;af_click_lookback=7d&amp;clickid=1_9250_840&amp;android_id={android_id}&amp;sha1_android_id={sha1_android_id}&amp;advertising_id=840&amp;sha1_advertising_id=c1d2fb848010807be783ec66dd6ddfad6863dbe7&amp;af_keywords=2","attribution":1,"priority":"8","appToPromote":{"appToPromoteID":"13421","usesDefaultFrameImage":"0","usesDefaultCloseImage":"0","marketURL":"http:\/\/www.google.com","packageID":"com.appricot2d.testt"},"showTemplate":1,"s2s_tracking_url":"https:\/\/app.appsflyer.com\/com.lgn.gun.strike.war.train.shooting.games?pid=consoliads_int&amp;af_click_lookback=7d&amp;clickid=1_9250_840&amp;android_id={android_id}&amp;sha1_android_id={sha1_android_id}&amp;advertising_id=840&amp;sha1_advertising_id=c1d2fb848010807be783ec66dd6ddfad6863dbe7&amp;af_keywords=2","activeCreativeID":"4680","scenes":["2","1"],"campaignAdType":"Interstitial","productId":"","purchaseBit":0,"licenseKey":""},{"campaignID":"9261","attribution_link":"https:\/\/app.appsflyer.com\/com.lgn.gun.strike.war.train.shooting.games?pid=consoliads_int&amp;af_click_lookback=7d&amp;clickid=1_9261_840&amp;android_id={android_id}&amp;sha1_android_id={sha1_android_id}&amp;advertising_id=840&amp;sha1_advertising_id=c1d2fb848010807be783ec66dd6ddfad6863dbe7&amp;af_keywords=2","attribution":1,"priority":"8","appToPromote":{"appToPromoteID":"13421","usesDefaultFrameImage":"0","usesDefaultCloseImage":"0","marketURL":"http:\/\/www.google.com","packageID":"com.appricot2d.testt"},"showTemplate":1,"s2s_tracking_url":"https:\/\/app.appsflyer.com\/com.lgn.gun.strike.war.train.shooting.games?pid=consoliads_int&amp;af_click_lookback=7d&amp;clickid=1_9261_840&amp;android_id={android_id}&amp;sha1_android_id={sha1_android_id}&amp;advertising_id=840&amp;sha1_advertising_id=c1d2fb848010807be783ec66dd6ddfad6863dbe7&amp;af_keywords=2","activeCreativeID":"4692","scenes":["2","1"],"campaignAdType":"Interstitial","productId":"","purchaseBit":0,"licenseKey":""},{"campaignID":"9295","attribution":0,"priority":"8","appToPromote":{"appToPromoteID":"1933","usesDefaultFrameImage":"0","usesDefaultCloseImage":"0","marketURL":"https:\/\/play.google.com\/store\/apps\/details?id=com.appricot2d.kids.pony.coloring","packageID":"com.appricot2d.kids.pony.coloring"},"showTemplate":1,"s2s_tracking_url":"https:\/\/play.google.com\/store\/apps\/details?id=com.appricot2d.kids.pony.coloring","activeCreativeID":"4570","scenes":["2","1"],"campaignAdType":"Interstitial","productId":"","purchaseBit":0,"licenseKey":""},{"campaignID":"9334","attribution":0,"priority":"8","appToPromote":{"appToPromoteID":"1933","usesDefaultFrameImage":"0","usesDefaultCloseImage":"0","marketURL":"https:\/\/play.google.com\/store\/apps\/details?id=com.appricot2d.kids.pony.coloring","packageID":"com.appricot2d.kids.pony.coloring"},"showTemplate":1,"s2s_tracking_url":"https:\/\/play.google.com\/store\/apps\/details?id=com.appricot2d.kids.pony.coloring","activeCreativeID":"4570","scenes":["2","1"],"campaignAdType":"Interstitial","productId":"","purchaseBit":0,"licenseKey":""},{"campaignID":"9335","attribution":0,"priority":"8","appToPromote":{"appToPromoteID":"1997","usesDefaultFrameImage":"0","usesDefaultCloseImage":"0","marketURL":"https:\/\/play.google.com\/store\/apps\/details?id=com.appricot2d.anna.coloring.book","packageID":"com.appricot2d.anna.coloring.book"},"showTemplate":1,"s2s_tracking_url":"https:\/\/play.google.com\/store\/apps\/details?id=com.appricot2d.anna.coloring.book","activeCreativeID":"4573","scenes":["2","1"],"campaignAdType":"Interstitial","productId":"","purchaseBit":0,"licenseKey":""},{"campaignID":"9336","attribution":0,"priority":"8","appToPromote":{"appToPromoteID":"1727","usesDefaultFrameImage":"1","usesDefaultCloseImage":"1","marketURL":"https:\/\/play.google.com\/store\/apps\/details?id=com.appricot2d.anna.spasalon","packageID":"com.appricot2d.anna.spasalon"},"showTemplate":1,"s2s_tracking_url":"https:\/\/play.google.com\/store\/apps\/details?id=com.appricot2d.anna.spasalon","activeCreativeID":"133","scenes":["2","1"],"campaignAdType":"Interstitial","productId":"","purchaseBit":0,"licenseKey":""},{"campaignID":"9338","attribution":0,"priority":"8","appToPromote":{"appToPromoteID":"1933","usesDefaultFrameImage":"0","usesDefaultCloseImage":"0","marketURL":"https:\/\/play.google.com\/store\/apps\/details?id=com.appricot2d.kids.pony.coloring","packageID":"com.appricot2d.kids.pony.coloring"},"showTemplate":1,"s2s_tracking_url":"https:\/\/play.google.com\/store\/apps\/details?id=com.appricot2d.kids.pony.coloring","activeCreativeID":"4568","scenes":["2","1"],"campaignAdType":"Interstitial","productId":"","purchaseBit":0,"licenseKey":""},{"campaignID":"9339","attribution_link":"www.favebookk.com","attribution":1,"priority":"8","appToPromote":{"appToPromoteID":"13421","usesDefaultFrameImage":"0","usesDefaultCloseImage":"0","marketURL":"http:\/\/www.google.com","packageID":"com.appricot2d.testt"},"showTemplate":1,"s2s_tracking_url":"www.favebookk.com","activeCreativeID":"4574","scenes":["2","1"],"campaignAdType":"Interstitial","productId":"","purchaseBit":0,"licenseKey":""},{"campaignID":"9407","attribution":0,"priority":"8","appToPromote":{"appToPromoteID":"4514","usesDefaultFrameImage":"0","usesDefaultCloseImage":"0","marketURL":"https:\/\/play.google.com\/store\/apps\/details?id=com.appricot2d.bank.manager.cashier.kids.game","packageID":"com.appricot2d.bank.manager.cashier.kids.game"},"showTemplate":1,"s2s_tracking_url":"https:\/\/play.google.com\/store\/apps\/details?id=com.appricot2d.bank.manager.cashier.kids.game","activeCreativeID":"4845","scenes":["2","1"],"campaignAdType":"Interstitial","productId":"","purchaseBit":0,"licenseKey":""},{"campaignID":"9131","attribution":0,"priority":"8","appToPromote":{"appToPromoteID":"17532","usesDefaultFrameImage":"0","usesDefaultCloseImage":"0","marketURL":"https:\/\/play.google.com\/store\/apps\/details?id=com.dhgate.buyermob","packageID":"com.dhgate.buyermob"},"showTemplate":1,"s2s_tracking_url":"https:\/\/tha.gotrackier.com\/click?campaign_id=63254\\u0026pub_id=75?p1=1_9131_840&amp;source=6841&amp;app_name=JungleWarrior&amp;gaid=840","activeCreativeID":"4483","scenes":["2","1"],"campaignAdType":"Interstitial","productId":"","purchaseBit":0,"licenseKey":""},{"campaignID":"8380","attribution_link":"","attribution":1,"priority":"7","appToPromote":{"appToPromoteID":"16480","usesDefaultFrameImage":"0","usesDefaultCloseImage":"0","marketURL":"https:\/\/play.google.com\/store\/apps\/details?id=com.nag.home.manager.working.virtual.mom","packageID":"com.GSS317.AmazingFamily"},"showTemplate":1,"s2s_tracking_url":"","activeCreativeID":"3720","scenes":["2","1"],"campaignAdType":"Interstitial","productId":"","purchaseBit":0,"licenseKey":""}],"refreshAdRate":30,"mode":"Production","aspectRatio":"9_16","cdnPath":"https:\/\/df8ymybeo92md.cloudfront.net\/images\/","sentry_log":0,"local_logging":0,"sentry_dsn":"https:\/\/93ffa1c9a4124f67b8888a53265f751a:bbf998e04584477fa9a145838e9d3b26@sentry.io\/168994","sentry_initialization":1,"sentry_debugging":0,"bannerSizes":["1"],"aspectRatioVideo":"9_16","app_id":"1","showPreRewardedDialogue":0,"showPostRewardedDialogue":0,"rewardCurrency":"coins","rewardValue":0,"isSkipable":0,"privacyPolicyURL":"https:\/\/www.consoliads.com\/privacy-policy\/","sessionToken":"50EsK6cM9dumLECWQfDKNcLLNmee7ohBTCjjGMNl8kde4wBbWLZLnS9lJGG+bzfI5Fcex1ocM\/rW9Pkv2T239PwgCNHrT5CYMSrACOL4QV77dVDhx308SLkuqARWPm36rDgQdKRcpboTn7We53mZT4ROpRZTgsBMMw27CkFkWyQ="}
Session token value is set

mode value is set

 Aspect ratio value is correct
sentry_log value is set
Session token value is set


{"appKey":"1babdbf77027233f02631f34358fa4cb","osVersion":"7.0","orientation":"0","is_mac":"0","model":"GT-Snnn0","deviceID":"218","telco_operator":"Oi","cpu":"0","brand":"HONOR","userConsent":"0","internet_connectivity":"0","height":"187","architecture":"aarch64","width":"187","resolution":"1436x720","ram":"1.77 GB","sdkVersion":"39","product":"STK-L21M","devMode":"0"}
cache_ttl value is correct

Refresh Ad Rate value is correct
mode value is set

 Aspect ratio value is correct
sentry_log value is set
local_logging value is set
sentry_initialization value is set
sentry_debugging value is set
showPreRewardedDialogue value is set
showPostRewardedDialogue value is set
isSkipable value is set
{"cache_ttl":10080,"cache_ttl_rewarded":10080,"cache_ttl_banner":10080,"cache_ttl_native":10080,"cache_ttl_icon":10080,"refreshAdRate":30,"mode":"Production","aspectRatio":"9_16","cdnPath":"https:\/\/df8ymybeo92md.cloudfront.net\/images\/","sentry_log":0,"local_logging":0,"sentry_dsn":"https:\/\/93ffa1c9a4124f67b8888a53265f751a:bbf998e04584477fa9a145838e9d3b26@sentry.io\/168994","sentry_initialization":1,"sentry_debugging":0,"bannerSizes":[],"aspectRatioVideo":"9_16","app_id":"17","showPreRewardedDialogue":0,"showPostRewardedDialogue":0,"rewardCurrency":"coins","rewardValue":0,"isSkipable":0,"privacyPolicyURL":"https:\/\/www.consoliads.com\/privacy-policy\/","sessionToken":"jgJXj3h6osvb++BveD\/7bcd\/55vnjLwe3kH1CcApJi8+V337JsBg+NFfEAhSjpRtILV1KsKB1aqrBMSVsm9F+5\/wNLtjT1n1Mcf8IFaCDZVKaBtR3D0oaYlmMpbym8DHPZhO9p7JzocjRaso3DlyWI+iqOJTKqf9dO2iMnwoJOI="}
Session token value is set


{"appKey":"6ddf0213018740694ee42a85ec9b27b9","osVersion":"6.0","orientation":"0","is_mac":"0","model":"GT-Snnn2","deviceID":"232","telco_operator":"Maroc","cpu":"0","brand":"vivo","userConsent":"0","internet_connectivity":"0","height":"193","architecture":"armv8l","width":"193","resolution":"1344x720","ram":"1.68 GB","sdkVersion":"39","product":"aosp_arm","devMode":"0"}
cache_ttl value is correct

Refresh Ad Rate value is correct
mode value is set

 Aspect ratio value is correct
sentry_log value is set
local_logging value is set
sentry_initialization value is set
sentry_debugging value is set
showPreRewardedDialogue value is set
showPostRewardedDialogue value is set
isSkipable value is set
{"cache_ttl":10080,"cache_ttl_rewarded":10080,"cache_ttl_banner":10080,"cache_ttl_native":10080,"cache_ttl_icon":10080,"refreshAdRate":30,"mode":"Production","aspectRatio":"9_16","cdnPath":"https:\/\/df8ymybeo92md.cloudfront.net\/images\/","sentry_log":0,"local_logging":0,"sentry_dsn":"https:\/\/e6dcd89483ae4d13b0f42ed3810d8d62:078421c4ad3d43f19885b30828ce7ee6@sentry.io\/187776","sentry_initialization":1,"sentry_debugging":0,"bannerSizes":[],"aspectRatioVideo":"9_16","app_id":"21","showPreRewardedDialogue":0,"showPostRewardedDialogue":0,"rewardCurrency":"coins","rewardValue":0,"isSkipable":0,"privacyPolicyURL":"https:\/\/www.consoliads.com\/privacy-policy\/","sessionToken":"FCfnJg6MQSmf1YTtXdqUIZ4FLZu2QmOtnC1na592gkd0yO8njqdeMiiV0ywBuDDyX\/Fcj4e9cll86IBbFXVxSJHg6FKdR\/giBCwMhHI+Fun3HLZVNtwa6DpxYw9IK9A71X80LhU5n3PhUM7r0gFAV72QI\/wCuNqIoKd02ca29K4="}
Session token value is set


{"appKey":"17597323e76208165f7473a172878549","osVersion":"5.0","orientation":"0","is_mac":"0","model":"xiaomi Mi 4s","deviceID":"919","telco_operator":"Telecom","cpu":"0","brand":"samsung","userConsent":"0","internet_connectivity":"0","height":"467","architecture":"armv7l,","width":"467","resolution":"1024x552","ram":"3.68 GB","sdkVersion":"39","product":"potter","devMode":"0"}
cache_ttl value is correct

Refresh Ad Rate value is correct
mode value is set

 Aspect ratio value is correct
sentry_log value is set
local_logging value is set
sentry_initialization value is set
sentry_debugging value is set
showPreRewardedDialogue value is set
showPostRewardedDialogue value is set
isSkipable value is set
{"cache_ttl":10080,"cache_ttl_rewarded":10080,"cache_ttl_banner":10080,"cache_ttl_native":10080,"cache_ttl_icon":10080,"refreshAdRate":30,"mode":"Production","aspectRatio":"9_16","cdnPath":"https:\/\/df8ymybeo92md.cloudfront.net\/images\/","sentry_log":0,"local_logging":0,"sentry_dsn":"https:\/\/93ffa1c9a4124f67b8888a53265f751a:bbf998e04584477fa9a145838e9d3b26@sentry.io\/168994","sentry_initialization":1,"sentry_debugging":0,"bannerSizes":[],"aspectRatioVideo":"9_16","app_id":"27","showPreRewardedDialogue":0,"showPostRewardedDialogue":0,"rewardCurrency":"coins","rewardValue":0,"isSkipable":0,"privacyPolicyURL":"https:\/\/www.consoliads.com\/privacy-policy\/","sessionToken":"zDeA5mMc\/Lq+gSxXUS+D9EcMpBlb8hRwtYixc6\/KeP+PTN0W3B3YSwybyITOZI67jnF0fszWlhQtRil4F8CMrxU751ik66s8zfJWnsDmk5lE4L\/tTgSMRKpMcLAwEDFA2f9lzL\/uFBpcNphAbLp9TI04kNc\/43axHmV2Sv9YT\/o="}
Session token value is set


{"appKey":"94be501b0931585622effed06f4d6494","osVersion":"4.4","orientation":"0","is_mac":"0","model":"E5673","deviceID":"575","telco_operator":"airtel","cpu":"0","brand":"realme","userConsent":"0","internet_connectivity":"0","height":"330","architecture":"aarch81","width":"330","resolution":"1387x720","ram":"2.75 GB","sdkVersion":"39","product":"iPhone","devMode":"0"}
cache_ttl value is correct

Refresh Ad Rate value is correct
mode value is set

 Aspect ratio value is correct
sentry_log value is set
local_logging value is set
sentry_initialization value is set
sentry_debugging value is set
showPreRewardedDialogue value is set
showPostRewardedDialogue value is set
isSkipable value is set
{"cache_ttl":10080,"cache_ttl_rewarded":10080,"cache_ttl_banner":10080,"cache_ttl_native":10080,"cache_ttl_icon":10080,"refreshAdRate":30,"mode":"Production","aspectRatio":"9_16","cdnPath":"https:\/\/df8ymybeo92md.cloudfront.net\/images\/","sentry_log":0,"local_logging":0,"sentry_dsn":"https:\/\/93ffa1c9a4124f67b8888a53265f751a:bbf998e04584477fa9a145838e9d3b26@sentry.io\/168994","sentry_initialization":1,"sentry_debugging":0,"bannerSizes":[],"aspectRatioVideo":"9_16","app_id":"28","showPreRewardedDialogue":0,"showPostRewardedDialogue":0,"rewardCurrency":"coins","rewardValue":0,"isSkipable":0,"privacyPolicyURL":"https:\/\/www.consoliads.com\/privacy-policy\/","sessionToken":"mDoWAY\/LiCjCy4C74RTkPbDDeq\/thdY2kAYv1rb3DnKWm6uOlHHtWW6mBoWp1zHC7Bm+TmCUz85J4ssWTwexeMCUhJdnSwsm341qnph\/u7e2MS17o6Y4OTSf+pvRRxfcFbfms9kiecxLtnZ0xvy39Zm4RX7zPpxa7WJs\/j\/+MW8="}
Session token value is set


{"appKey":"d903ca86d7de5fdc83922b5f4d5edb45","osVersion":"4.3","orientation":"0","is_mac":"0","model":"E3372","deviceID":"66","telco_operator":"Metfone","cpu":"0","brand":"iPhone","userConsent":"0","internet_connectivity":"0","height":"126","architecture":"aarch81","width":"126","resolution":"1080 x 1920","ram":"1,37 GB","sdkVersion":"39","product":"LUA-U22","devMode":"0"}
cache_ttl value is correct

Refresh Ad Rate value is correct
mode value is set

 Aspect ratio value is correct
sentry_log value is set
local_logging value is set
sentry_initialization value is set
sentry_debugging value is set
showPreRewardedDialogue value is set
showPostRewardedDialogue value is set
isSkipable value is set
{"cache_ttl":10080,"cache_ttl_rewarded":10080,"cache_ttl_banner":10080,"cache_ttl_native":10080,"cache_ttl_icon":10080,"refreshAdRate":30,"mode":"Production","aspectRatio":"9_16","cdnPath":"https:\/\/df8ymybeo92md.cloudfront.net\/images\/","sentry_log":0,"local_logging":0,"sentry_dsn":"https:\/\/93ffa1c9a4124f67b8888a53265f751a:bbf998e04584477fa9a145838e9d3b26@sentry.io\/168994","sentry_initialization":1,"sentry_debugging":0,"bannerSizes":[],"aspectRatioVideo":"9_16","app_id":"45","showPreRewardedDialogue":0,"showPostRewardedDialogue":0,"rewardCurrency":"coins","rewardValue":0,"isSkipable":0,"privacyPolicyURL":"https:\/\/www.consoliads.com\/privacy-policy\/","sessionToken":"UfkOvClQEqq8uyqm2VOef2CKekhI0wQpnEItbpYyWToB1anqhrFv3MmzSDdGhfejv5fClfb+71FckVi4MnqgCIxB8WFUH\/WzTsFztjZeJM41WP+rLK+Z5uYq3LtV+YXtqPLqIVLXUnM\/iFMQkRdLmOjb\/RHJfsebehmJLiV1Utg="}
Session token value is set


{"appKey":"e5ce34d09f98c0fa3f4ec913d0ef2448","osVersion":"4.2","orientation":"0","is_mac":"0","model":"iphone 3GS","deviceID":"276","telco_operator":" Ooredoo","cpu":"0","brand":"OPPO","userConsent":"0","internet_connectivity":"0","height":"210","architecture":"armv64","width":"210","resolution":"1440 x 2960","ram":"3.69 GB","sdkVersion":"39","product":"BKK-LX2","devMode":"0"}
cache_ttl value is correct

Refresh Ad Rate value is correct
mode value is set

 Aspect ratio value is correct
sentry_log value is set
local_logging value is set
sentry_initialization value is set
sentry_debugging value is set
showPreRewardedDialogue value is set
showPostRewardedDialogue value is set
isSkipable value is set
{"cache_ttl":10080,"cache_ttl_rewarded":10080,"cache_ttl_banner":10080,"cache_ttl_native":10080,"cache_ttl_icon":10080,"refreshAdRate":30,"mode":"Production","aspectRatio":"9_16","cdnPath":"https:\/\/df8ymybeo92md.cloudfront.net\/images\/","sentry_log":0,"local_logging":0,"sentry_dsn":"na","sentry_initialization":1,"sentry_debugging":0,"bannerSizes":[],"aspectRatioVideo":"9_16","app_id":"46","showPreRewardedDialogue":0,"showPostRewardedDialogue":0,"rewardCurrency":"coins","rewardValue":0,"isSkipable":0,"privacyPolicyURL":"https:\/\/www.consoliads.com\/privacy-policy\/","sessionToken":"ZhBNkLW1KVUYp5SkX2PoeUxYtZdSiyLEVzIMaJDWWXssKlpWyIzM74Cy\/P4tbANGb0FsSdQy5Cgm2MpmvhuoBXQgmvSJfA0b14aaYBtG7IZ1jA5IqNq6ipNFcAIRZbbXnSrbg51tJCKVaJhq0GoarKHSz24+FGA80288YljajYg="}
Session token value is set


{"appKey":"7692f5bcf81146b852cdf4e82e97faac","osVersion":"9.0","orientation":"0","is_mac":"0","model":"GT-Nnnn0","deviceID":"931","telco_operator":"","cpu":"0","brand":"HUAWEI","userConsent":"0","internet_connectivity":"0","height":"472","architecture":"","width":"472","resolution":"1280x720","ram":"953,45 MB","sdkVersion":"39","product":"j7xeltexx","devMode":"0"}
cache_ttl value is correct

Refresh Ad Rate value is correct
mode value is set

 Aspect ratio value is correct
sentry_log value is set
local_logging value is set
sentry_initialization value is set
sentry_debugging value is set
showPreRewardedDialogue value is set
showPostRewardedDialogue value is set
isSkipable value is set
{"cache_ttl":10080,"cache_ttl_rewarded":10080,"cache_ttl_banner":10080,"cache_ttl_native":10080,"cache_ttl_icon":10080,"refreshAdRate":30,"mode":"Production","aspectRatio":"9_16","cdnPath":"https:\/\/df8ymybeo92md.cloudfront.net\/images\/","sentry_log":0,"local_logging":0,"sentry_dsn":"https:\/\/93ffa1c9a4124f67b8888a53265f751a:bbf998e04584477fa9a145838e9d3b26@sentry.io\/168994","sentry_initialization":1,"sentry_debugging":0,"bannerSizes":[],"aspectRatioVideo":"9_16","app_id":"47","showPreRewardedDialogue":0,"showPostRewardedDialogue":0,"rewardCurrency":"coins","rewardValue":0,"isSkipable":0,"privacyPolicyURL":"https:\/\/www.consoliads.com\/privacy-policy\/","sessionToken":"cAZg8pOrPtDrmKkYiuQtzpIhzKUP5WTV73gUhkNn5W2qAkfOXhi3ktyfjXF0Z8FfbDVY4XA9giZ149WoFGHMM7OBQnFtQCCICk6y7JOMXu9kIMrIk8Q3Yeb8XAdAlAKB6WEtMoYLu34Y53ZseJkWN4QUKx0wcYguWBsQznA\/la0="}
Session token value is set


{"appKey":"b684540d6a47d1b91acb44a95ef0444d","osVersion":"8.0","orientation":"0","is_mac":"0","model":"SM-Nnn0","deviceID":"64","telco_operator":"Azercell","cpu":"0","brand":"Xiaomi","userConsent":"0","internet_connectivity":"0","height":"125","architecture":"0","width":"125","resolution":"1196x720","ram":"3.51 GB ","sdkVersion":"2225","product":"mido","devMode":"0"}
cache_ttl value is correct

Refresh Ad Rate value is correct
mode value is set

 Aspect ratio value is correct
sentry_log value is set
local_logging value is set
sentry_initialization value is set
sentry_debugging value is set
showPreRewardedDialogue value is set
showPostRewardedDialogue value is set
isSkipable value is set
{"cache_ttl":10080,"cache_ttl_rewarded":10080,"cache_ttl_banner":10080,"cache_ttl_native":10080,"cache_ttl_icon":10080,"refreshAdRate":30,"mode":"Production","aspectRatio":"9_16","cdnPath":"https:\/\/df8ymybeo92md.cloudfront.net\/images\/","sentry_log":0,"local_logging":0,"sentry_dsn":"https:\/\/e6dcd89483ae4d13b0f42ed3810d8d62:078421c4ad3d43f19885b30828ce7ee6@sentry.io\/187776","sentry_initialization":1,"sentry_debugging":0,"bannerSizes":["1"],"aspectRatioVideo":"9_16","app_id":"55","showPreRewardedDialogue":0,"showPostRewardedDialogue":0,"rewardCurrency":"coins","rewardValue":0,"isSkipable":0,"privacyPolicyURL":"https:\/\/www.consoliads.com\/privacy-policy\/","sessionToken":"jBSGqnE\/2LtNhhT3hm2yOVdYo7kYPbGAhsntqzVOx+KyGMlVIWP1i53XmQ6UPvVrg+OpVGyLYTb+2+4Ed6er24GSsIntVcoYHYWDVT+GIhXPTJm1mXUrGBv+Az5c7z+3VlIFXbtb7TgO6rjq0bsQE+6vA3L0x80Ps7g6eWtuv8w="}
Session token value is set


{"appKey":"1cc93b0c9d030fe8c2b04e8b22591ab6","osVersion":"7.0","orientation":"0","is_mac":"0","model":"GT-Snnn0","deviceID":"218","telco_operator":"Oi","cpu":"0","brand":"HONOR","userConsent":"0","internet_connectivity":"0","height":"187","architecture":"aarch64","width":"187","resolution":"1436x720","ram":"1.77 GB","sdkVersion":"2163","product":"STK-L21M","devMode":"0"}
cache_ttl value is correct

Title value is correct

Refresh Ad Rate value is correct
mode value is set

 Aspect ratio value is correct
sentry_log value is set
local_logging value is set
sentry_initialization value is set
sentry_debugging value is set
showPreRewardedDialogue value is set
showPostRewardedDialogue value is set
isSkipable value is set
{"cache_ttl":10080,"cache_ttl_rewarded":10080,"cache_ttl_banner":10080,"cache_ttl_native":10080,"cache_ttl_icon":10080,"campaigns":[{"campaignID":0,"priority":10,"appToPromote":{"appToPromoteID":0,"usesDefaultFrameImage":"1","usesDefaultCloseImage":"1","packageID":"testPackage"},"showTemplate":2,"activeCreativeID":0,"campaignAdType":"Interstitial","scenes":["1","2","6","5","4","7","13","14"]},{"campaignID":0,"priority":10,"appToPromote":{"appToPromoteID":0,"usesDefaultFrameImage":"1","usesDefaultCloseImage":"1","packageID":"testPackage"},"showTemplate":2,"activeCreativeID":0,"campaignAdType":"Video","scenes":["1","2","6","5","4","7","13","14"]},{"campaignID":0,"priority":10,"appToPromote":{"appToPromoteID":0,"usesDefaultFrameImage":"1","usesDefaultCloseImage":"1","packageID":"testPackage"},"showTemplate":2,"activeCreativeID":0,"campaignAdType":"Rewarded Video","scenes":["1","2","6","5","4","7","13","14"]},{"campaignID":0,"priority":10,"appToPromote":{"appToPromoteID":0,"usesDefaultFrameImage":"1","usesDefaultCloseImage":"1","marketURL":"https:\/\/play.google.com","packageID":"testPackage"},"showTemplate":2,"activeCreativeID":0,"campaignAdType":"Banner","scenes":["1","2","6","5","4","7","13","14"]},{"campaignID":0,"priority":10,"appToPromote":{"appToPromoteID":0,"usesDefaultFrameImage":"1","usesDefaultCloseImage":"1","marketURL":"https:\/\/play.google.com","packageID":"testPackage"},"showTemplate":2,"activeCreativeID":0,"campaignAdType":"Native","title":"Test Title","subTitle":"Test Subtitle","description":"This is test description","adChoicesLink":"www.google.com","adClickThroughText":"Open Link","scenes":["1","2","6","5","4","7","13","14"]},{"campaignID":0,"priority":10,"appToPromote":{"appToPromoteID":0,"usesDefaultFrameImage":"1","usesDefaultCloseImage":"1","marketURL":"https:\/\/play.google.com","packageID":"testPackage"},"showTemplate":2,"activeCreativeID":0,"campaignAdType":"Icon","scenes":["1","2","6","5","4","7","13","14"]}],"refreshAdRate":30,"mode":"Production","aspectRatio":"9_16","cdnPath":"https:\/\/df8ymybeo92md.cloudfront.net\/images\/","sentry_log":0,"local_logging":0,"sentry_dsn":"https:\/\/93ffa1c9a4124f67b8888a53265f751a:bbf998e04584477fa9a145838e9d3b26@sentry.io\/168994","sentry_initialization":1,"sentry_debugging":0,"bannerSizes":["1","5"],"aspectRatioVideo":"9_16","app_id":"66","showPreRewardedDialogue":0,"showPostRewardedDialogue":0,"rewardCurrency":"coins","rewardValue":0,"isSkipable":0,"privacyPolicyURL":"https:\/\/www.consoliads.com\/privacy-policy\/","sessionToken":"dguZHqtz97bs7SYaLQlRnWQon5rjftfsPD8uyY5h\/NHbcpUv\/gDgKfcBsi+x2p2oST8Kj1EFLr7Pz2Rnf2ELkmRDKRn9ttQLJ\/Mpyb+M0ULtQIu5HFN0MMcA2Qm2BjKFZKAwK32H6za26dRXM0oI3DxiJPO+ssQmsgBUCJn4R8Q="}
Session token value is set


{"appKey":"6c99d6ff09b8e68b5142a8a86b21646b","osVersion":"6.0","orientation":"0","is_mac":"0","model":"GT-Snnn2","deviceID":"232","telco_operator":"Maroc","cpu":"0","brand":"vivo","userConsent":"0","internet_connectivity":"0","height":"193","architecture":"armv8l","width":"193","resolution":"1344x720","ram":"1.68 GB","sdkVersion":"2151","product":"aosp_arm","devMode":"0"}
cache_ttl value is correct

Title value is correct

Refresh Ad Rate value is correct
mode value is set

 Aspect ratio value is correct
sentry_log value is set
local_logging value is set
sentry_initialization value is set
sentry_debugging value is set
showPreRewardedDialogue value is set
showPostRewardedDialogue value is set
isSkipable value is set
{"cache_ttl":10080,"cache_ttl_rewarded":10080,"cache_ttl_banner":10080,"cache_ttl_native":10080,"cache_ttl_icon":10080,"campaigns":[{"campaignID":0,"priority":10,"appToPromote":{"appToPromoteID":0,"usesDefaultFrameImage":"1","usesDefaultCloseImage":"1","packageID":"testPackage"},"showTemplate":2,"activeCreativeID":0,"campaignAdType":"Interstitial","scenes":["12","1","8","6","15","2"]},{"campaignID":0,"priority":10,"appToPromote":{"appToPromoteID":0,"usesDefaultFrameImage":"1","usesDefaultCloseImage":"1","packageID":"testPackage"},"showTemplate":2,"activeCreativeID":0,"campaignAdType":"Video","scenes":["12","1","8","6","15","2"]},{"campaignID":0,"priority":10,"appToPromote":{"appToPromoteID":0,"usesDefaultFrameImage":"1","usesDefaultCloseImage":"1","packageID":"testPackage"},"showTemplate":2,"activeCreativeID":0,"campaignAdType":"Rewarded Video","scenes":["12","1","8","6","15","2"]},{"campaignID":0,"priority":10,"appToPromote":{"appToPromoteID":0,"usesDefaultFrameImage":"1","usesDefaultCloseImage":"1","marketURL":"https:\/\/play.google.com","packageID":"testPackage"},"showTemplate":2,"activeCreativeID":0,"campaignAdType":"Banner","scenes":["12","1","8","6","15","2"]},{"campaignID":0,"priority":10,"appToPromote":{"appToPromoteID":0,"usesDefaultFrameImage":"1","usesDefaultCloseImage":"1","marketURL":"https:\/\/play.google.com","packageID":"testPackage"},"showTemplate":2,"activeCreativeID":0,"campaignAdType":"Native","title":"Test Title","subTitle":"Test Subtitle","description":"This is test description","adChoicesLink":"www.google.com","adClickThroughText":"Open Link","scenes":["12","1","8","6","15","2"]},{"campaignID":0,"priority":10,"appToPromote":{"appToPromoteID":0,"usesDefaultFrameImage":"1","usesDefaultCloseImage":"1","marketURL":"https:\/\/play.google.com","packageID":"testPackage"},"showTemplate":2,"activeCreativeID":0,"campaignAdType":"Icon","scenes":["12","1","8","6","15","2"]}],"refreshAdRate":30,"mode":"Production","aspectRatio":"9_16","cdnPath":"https:\/\/df8ymybeo92md.cloudfront.net\/images\/","sentry_log":0,"local_logging":0,"sentry_dsn":"na","sentry_initialization":1,"sentry_debugging":0,"bannerSizes":["1"],"aspectRatioVideo":"9_16","app_id":"67","showPreRewardedDialogue":0,"showPostRewardedDialogue":0,"rewardCurrency":"coins","rewardValue":0,"isSkipable":0,"privacyPolicyURL":"https:\/\/www.consoliads.com\/privacy-policy\/","sessionToken":"LgUkRn695alHGPPAe\/3v\/HFyne78lBySbNr5RanUW3FQ\/lz9kAfkSnquB53HTehxVKOpud94UGVoon4RWiAU3M4AW5jWxYN8lxbWijyA4+vYLYmhg1Vc4rjnQi2+x2\/3Awgj+C1oYQY7jdzHQnT\/7dgwg18HdDyhmlNyeHeBQZI="}
Session token value is set


{"appKey":"c08c0fbb83a078f6c8538e00c3bf31cf","osVersion":"5.0","orientation":"0","is_mac":"0","model":"xiaomi Mi 4s","deviceID":"919","telco_operator":"Telecom","cpu":"0","brand":"samsung","userConsent":"0","internet_connectivity":"0","height":"467","architecture":"armv7l,","width":"467","resolution":"1024x552","ram":"3.68 GB","sdkVersion":"39","product":"potter","devMode":"0"}
cache_ttl value is correct

Refresh Ad Rate value is correct
mode value is set

 Aspect ratio value is correct
sentry_log value is set
local_logging value is set
sentry_initialization value is set
sentry_debugging value is set
showPreRewardedDialogue value is set
showPostRewardedDialogue value is set
isSkipable value is set
{"cache_ttl":10080,"cache_ttl_rewarded":10080,"cache_ttl_banner":10080,"cache_ttl_native":10080,"cache_ttl_icon":10080,"refreshAdRate":30,"mode":"Production","aspectRatio":"9_16","cdnPath":"https:\/\/df8ymybeo92md.cloudfront.net\/images\/","sentry_log":0,"local_logging":0,"sentry_dsn":"https:\/\/93ffa1c9a4124f67b8888a53265f751a:bbf998e04584477fa9a145838e9d3b26@sentry.io\/168994","sentry_initialization":1,"sentry_debugging":0,"bannerSizes":[],"aspectRatioVideo":"9_16","app_id":"73","showPreRewardedDialogue":0,"showPostRewardedDialogue":0,"rewardCurrency":"coins","rewardValue":0,"isSkipable":0,"privacyPolicyURL":"https:\/\/www.consoliads.com\/privacy-policy\/","sessionToken":"PkqNXidNwLGCw9FL9Jl\/jNifOTMQ\/j+tlA22YXRFN9slm8QHb\/usmFKGPQgam7JjOjkZEOSRY3WbcfRN+8ZzT7mJf\/xHgi7YuGS0ZGIf34F\/5xlviSDC8Z9Wk200ySpicKL1FBYUZOSxhaqy3yknu7q6WVfez1icJcr8k8jkJ3Q="}
Session token value is set


{"appKey":"f22c5ae41b6e41d09c7785f550581859","osVersion":"4.4","orientation":"0","is_mac":"0","model":"E5673","deviceID":"934","telco_operator":"airtel","cpu":"0","brand":"realme","userConsent":"0","internet_connectivity":"0","height":"473","architecture":"aarch81","width":"473","resolution":"1387x720","ram":"2.75 GB","sdkVersion":"39","product":"iPhone","devMode":"0"}
cache_ttl value is correct

Refresh Ad Rate value is correct
mode value is set

 Aspect ratio value is correct
sentry_log value is set
local_logging value is set
sentry_initialization value is set
sentry_debugging value is set
showPreRewardedDialogue value is set
showPostRewardedDialogue value is set
isSkipable value is set
{"cache_ttl":10080,"cache_ttl_rewarded":10080,"cache_ttl_banner":10080,"cache_ttl_native":10080,"cache_ttl_icon":10080,"refreshAdRate":30,"mode":"Production","aspectRatio":"9_16","cdnPath":"https:\/\/df8ymybeo92md.cloudfront.net\/images\/","sentry_log":0,"local_logging":0,"sentry_dsn":"na","sentry_initialization":1,"sentry_debugging":0,"bannerSizes":[],"aspectRatioVideo":"9_16","app_id":"74","showPreRewardedDialogue":0,"showPostRewardedDialogue":0,"rewardCurrency":"coins","rewardValue":0,"isSkipable":0,"privacyPolicyURL":"https:\/\/www.consoliads.com\/privacy-policy\/","sessionToken":"8yDtpyd1XkZJDOudWqbrzF03hda5siQm1zmOsRzs8g0cqvG7zfAaU9N4RKh6IagJZVTzYnDi\/y2VrbtgloI3R+KCT+NjtxCJHRFZfpFgPof\/aDNVISKKBes6+LQyCYDxl8IB6q8rDAQTqamPFNJ819hZlrcO7kOOdj2hoUMsvpA="}
Session token value is set


{"appKey":"8a691a6557421a7f77921449ccfd99ed","osVersion":"4.3","orientation":"0","is_mac":"0","model":"E3372","deviceID":"784","telco_operator":"Metfone","cpu":"0","brand":"iPhone","userConsent":"0","internet_connectivity":"0","height":"413","architecture":"aarch81","width":"413","resolution":"1080 x 1920","ram":"1,37 GB","sdkVersion":"39","product":"LUA-U22","devMode":"0"}
cache_ttl value is correct

Refresh Ad Rate value is correct
mode value is set

 Aspect ratio value is correct
sentry_log value is set
local_logging value is set
sentry_initialization value is set
sentry_debugging value is set
showPreRewardedDialogue value is set
showPostRewardedDialogue value is set
isSkipable value is set
{"cache_ttl":10080,"cache_ttl_rewarded":10080,"cache_ttl_banner":10080,"cache_ttl_native":10080,"cache_ttl_icon":10080,"refreshAdRate":30,"mode":"Production","aspectRatio":"9_16","cdnPath":"https:\/\/df8ymybeo92md.cloudfront.net\/images\/","sentry_log":0,"local_logging":0,"sentry_dsn":"https:\/\/e6dcd89483ae4d13b0f42ed3810d8d62:078421c4ad3d43f19885b30828ce7ee6@sentry.io\/187776","sentry_initialization":1,"sentry_debugging":0,"bannerSizes":[],"aspectRatioVideo":"9_16","app_id":"82","showPreRewardedDialogue":0,"showPostRewardedDialogue":0,"rewardCurrency":"coins","rewardValue":0,"isSkipable":0,"privacyPolicyURL":"https:\/\/www.consoliads.com\/privacy-policy\/","sessionToken":"a4cJp6dgArKTI+WBI0zn1kqpn+bM1sXl6ezxW6oi9WRCo1JFhjxuhqKtR1eAEedx\/E\/9k41CO\/gAkSJrqEGuCuc7rWbPvG3xJSbjtCZzb5llRJdGY5dg0G7Bmp6qF9Rb2fFAxAPUhS6ticJWoStFOSM9sUX+SluLEQoYRun+PZs="}
Session token value is set


{"appKey":"4d6a786be151e3ecf8b2d8cb2953aad0","osVersion":"4.2","orientation":"0","is_mac":"0","model":"iphone 3GS","deviceID":"276","telco_operator":" Ooredoo","cpu":"0","brand":"OPPO","userConsent":"0","internet_connectivity":"0","height":"210","architecture":"armv64","width":"210","resolution":"1440 x 2960","ram":"3.69 GB","sdkVersion":"39","product":"BKK-LX2","devMode":"0"}
cache_ttl value is correct

Refresh Ad Rate value is correct
mode value is set

 Aspect ratio value is correct
sentry_log value is set
local_logging value is set
sentry_initialization value is set
sentry_debugging value is set
showPreRewardedDialogue value is set
showPostRewardedDialogue value is set
isSkipable value is set
{"cache_ttl":10080,"cache_ttl_rewarded":10080,"cache_ttl_banner":10080,"cache_ttl_native":10080,"cache_ttl_icon":10080,"refreshAdRate":30,"mode":"Production","aspectRatio":"9_16","cdnPath":"https:\/\/df8ymybeo92md.cloudfront.net\/images\/","sentry_log":0,"local_logging":0,"sentry_dsn":"https:\/\/e6dcd89483ae4d13b0f42ed3810d8d62:078421c4ad3d43f19885b30828ce7ee6@sentry.io\/187776","sentry_initialization":1,"sentry_debugging":0,"bannerSizes":["5"],"aspectRatioVideo":"9_16","app_id":"94","showPreRewardedDialogue":0,"showPostRewardedDialogue":0,"rewardCurrency":"coins","rewardValue":0,"isSkipable":0,"privacyPolicyURL":"https:\/\/www.consoliads.com\/privacy-policy\/","sessionToken":"yb\/D+BkhFA4cJfSoQDgErP3EgiAEGpYJ9VU87O\/olW14xp6czCmBAEca37S34L7OnTbjQrDUa40lEXKehi4pTg7Nwrg2PT5TPY0v7+Ibi6E9r8T8NkHHx5Nd0oqqJiqEBJ7fmmydAykehabvB\/3ofzx38uKFCabGd8X3TbB2LOc="}
Session token value is set


{"appKey":"62a9758c2e846355e5199bd9292fe189","osVersion":"9.0","orientation":"0","is_mac":"0","model":"GT-Nnnn0","deviceID":"127","telco_operator":"","cpu":"0","brand":"HUAWEI","userConsent":"0","internet_connectivity":"0","height":"150","architecture":"","width":"150","resolution":"1280x720","ram":"953,45 MB","sdkVersion":"39","product":"j7xeltexx","devMode":"0"}
cache_ttl value is correct

Refresh Ad Rate value is correct
mode value is set

 Aspect ratio value is correct
sentry_log value is set
local_logging value is set
sentry_initialization value is set
sentry_debugging value is set
showPreRewardedDialogue value is set
showPostRewardedDialogue value is set
isSkipable value is set
{"cache_ttl":10080,"cache_ttl_rewarded":10080,"cache_ttl_banner":10080,"cache_ttl_native":10080,"cache_ttl_icon":10080,"refreshAdRate":30,"mode":"Production","aspectRatio":"9_16","cdnPath":"https:\/\/df8ymybeo92md.cloudfront.net\/images\/","sentry_log":0,"local_logging":0,"sentry_dsn":"https:\/\/93ffa1c9a4124f67b8888a53265f751a:bbf998e04584477fa9a145838e9d3b26@sentry.io\/168994","sentry_initialization":1,"sentry_debugging":0,"bannerSizes":[],"aspectRatioVideo":"9_16","app_id":"118","showPreRewardedDialogue":0,"showPostRewardedDialogue":0,"rewardCurrency":"coins","rewardValue":0,"isSkipable":0,"privacyPolicyURL":"https:\/\/www.consoliads.com\/privacy-policy\/","sessionToken":"otFQT+iuFmDf\/2N0JyuVP7gjXOvOzOcu8oNXxATJd5bYAZouICckffYOfUDiQ6diwzBE+ORq3ecODbqhBDvnAQHQJjemTpajyXCWb9wkeGi2Uj4JG8bWUxYuaaJxzKP1H5Jss+y0uLccn6pe8fXnQgNH8J5LpKzs6rtbH+K79Os="}
Session token value is set


{"appKey":"d6c9c4cc2c1671da1e4c7096b8136782","osVersion":"8.0","orientation":"0","is_mac":"0","model":"SM-Nnn0","deviceID":"782","telco_operator":"Azercell","cpu":"0","brand":"Xiaomi","userConsent":"0","internet_connectivity":"0","height":"413","architecture":"0","width":"413","resolution":"1196x720","ram":"3.51 GB ","sdkVersion":"39","product":"mido","devMode":"0"}
cache_ttl value is correct

Refresh Ad Rate value is correct
mode value is set

 Aspect ratio value is correct
sentry_log value is set
local_logging value is set
sentry_initialization value is set
sentry_debugging value is set
showPreRewardedDialogue value is set
showPostRewardedDialogue value is set
isSkipable value is set
{"cache_ttl":10080,"cache_ttl_rewarded":10080,"cache_ttl_banner":10080,"cache_ttl_native":10080,"cache_ttl_icon":10080,"refreshAdRate":30,"mode":"Production","aspectRatio":"9_16","cdnPath":"https:\/\/df8ymybeo92md.cloudfront.net\/images\/","sentry_log":0,"local_logging":0,"sentry_dsn":"na","sentry_initialization":1,"sentry_debugging":0,"bannerSizes":[],"aspectRatioVideo":"9_16","app_id":"119","showPreRewardedDialogue":0,"showPostRewardedDialogue":0,"rewardCurrency":"coins","rewardValue":0,"isSkipable":0,"privacyPolicyURL":"https:\/\/www.consoliads.com\/privacy-policy\/","sessionToken":"L7HaU9p+kZY6ispNhQX5EUfG\/FlpJIrxjsdiBIZIyOH6e+OxKYc39zZWtM9DTQRGIRj28Zrdl5KBJfgKeypT3KPIsaq10AnGWAqkIIxApFE1lJKUBuOoBiEkiNKTMDXRbP1C607bl8TiWQZWkfMVJCe+\/qKIbWSmh1M6lZQfsXo="}
Session token value is set


{"appKey":"0673e8a052b5ad1d0763cd47d57a68e2","osVersion":"7.0","orientation":"0","is_mac":"0","model":"GT-Snnn0","deviceID":"633","telco_operator":"Oi","cpu":"0","brand":"HONOR","userConsent":"0","internet_connectivity":"0","height":"353","architecture":"aarch64","width":"353","resolution":"1436x720","ram":"1.77 GB","sdkVersion":"2089","product":"STK-L21M","devMode":"0"}
cache_ttl value is correct

Title value is correct

Refresh Ad Rate value is correct
mode value is set

 Aspect ratio value is correct
sentry_log value is set
local_logging value is set
sentry_initialization value is set
sentry_debugging value is set
showPreRewardedDialogue value is set
showPostRewardedDialogue value is set
isSkipable value is set
{"cache_ttl":10080,"cache_ttl_rewarded":10080,"cache_ttl_banner":10080,"cache_ttl_native":10080,"cache_ttl_icon":10080,"campaigns":[{"campaignID":0,"priority":10,"appToPromote":{"appToPromoteID":0,"usesDefaultFrameImage":"1","usesDefaultCloseImage":"1","packageID":"testPackage"},"showTemplate":2,"activeCreativeID":0,"campaignAdType":"Interstitial","scenes":["12","1","8","6","15","2"]},{"campaignID":0,"priority":10,"appToPromote":{"appToPromoteID":0,"usesDefaultFrameImage":"1","usesDefaultCloseImage":"1","packageID":"testPackage"},"showTemplate":2,"activeCreativeID":0,"campaignAdType":"Video","scenes":["12","1","8","6","15","2"]},{"campaignID":0,"priority":10,"appToPromote":{"appToPromoteID":0,"usesDefaultFrameImage":"1","usesDefaultCloseImage":"1","packageID":"testPackage"},"showTemplate":2,"activeCreativeID":0,"campaignAdType":"Rewarded Video","scenes":["12","1","8","6","15","2"]},{"campaignID":0,"priority":10,"appToPromote":{"appToPromoteID":0,"usesDefaultFrameImage":"1","usesDefaultCloseImage":"1","marketURL":"https:\/\/play.google.com","packageID":"testPackage"},"showTemplate":2,"activeCreativeID":0,"campaignAdType":"Banner","scenes":["12","1","8","6","15","2"]},{"campaignID":0,"priority":10,"appToPromote":{"appToPromoteID":0,"usesDefaultFrameImage":"1","usesDefaultCloseImage":"1","marketURL":"https:\/\/play.google.com","packageID":"testPackage"},"showTemplate":2,"activeCreativeID":0,"campaignAdType":"Native","title":"Test Title","subTitle":"Test Subtitle","description":"This is test description","adChoicesLink":"www.google.com","adClickThroughText":"Open Link","scenes":["12","1","8","6","15","2"]},{"campaignID":0,"priority":10,"appToPromote":{"appToPromoteID":0,"usesDefaultFrameImage":"1","usesDefaultCloseImage":"1","marketURL":"https:\/\/play.google.com","packageID":"testPackage"},"showTemplate":2,"activeCreativeID":0,"campaignAdType":"Icon","scenes":["12","1","8","6","15","2"]}],"refreshAdRate":30,"mode":"Production","aspectRatio":"9_16","cdnPath":"https:\/\/df8ymybeo92md.cloudfront.net\/images\/","sentry_log":0,"local_logging":0,"sentry_dsn":"https:\/\/93ffa1c9a4124f67b8888a53265f751a:bbf998e04584477fa9a145838e9d3b26@sentry.io\/168994","sentry_initialization":1,"sentry_debugging":0,"bannerSizes":["5"],"aspectRatioVideo":"9_16","app_id":"120","showPreRewardedDialogue":0,"showPostRewardedDialogue":0,"rewardCurrency":"coins","rewardValue":0,"isSkipable":0,"privacyPolicyURL":"https:\/\/www.consoliads.com\/privacy-policy\/","sessionToken":"5xFz7THEQxoHc\/VjSxGHS4UFftwapgglUSGqdU5sQ8wZWT6TLjjj2BEAJlow7LkC6Iv+yMfOYgomDZKe6i7pJ1zrqwO9O4dwkfVcY1MfZQlAJz3MmNXIUv6gVgYF0pIjQr4KYD4yEFaqkpeBC5CcrkZl02Pe6GE5I9RWMGCOO5M="}
Session token value is set


{"appKey":"4fb9ff67d716777b45c4ed37d403dc7d","osVersion":"6.0","orientation":"0","is_mac":"0","model":"GT-Snnn2","deviceID":"679","telco_operator":"Maroc","cpu":"0","brand":"vivo","userConsent":"0","internet_connectivity":"0","height":"371","architecture":"armv8l","width":"371","resolution":"1344x720","ram":"1.68 GB","sdkVersion":"39","product":"aosp_arm","devMode":"0"}
cache_ttl value is correct

Refresh Ad Rate value is correct
mode value is set

 Aspect ratio value is correct
sentry_log value is set
local_logging value is set
sentry_initialization value is set
sentry_debugging value is set
showPreRewardedDialogue value is set
showPostRewardedDialogue value is set
isSkipable value is set
{"cache_ttl":10080,"cache_ttl_rewarded":10080,"cache_ttl_banner":10080,"cache_ttl_native":10080,"cache_ttl_icon":10080,"refreshAdRate":30,"mode":"Production","aspectRatio":"9_16","cdnPath":"https:\/\/df8ymybeo92md.cloudfront.net\/images\/","sentry_log":0,"local_logging":0,"sentry_dsn":"https:\/\/93ffa1c9a4124f67b8888a53265f751a:bbf998e04584477fa9a145838e9d3b26@sentry.io\/168994","sentry_initialization":1,"sentry_debugging":0,"bannerSizes":[],"aspectRatioVideo":"9_16","app_id":"126","showPreRewardedDialogue":0,"showPostRewardedDialogue":0,"rewardCurrency":"coins","rewardValue":0,"isSkipable":0,"privacyPolicyURL":"https:\/\/www.consoliads.com\/privacy-policy\/","sessionToken":"VCMp23VsPR36QZmjEadfCtdLy3NIeoFUvSvAPAXdxsqbzftrBDawyZJBfM0LLpXjayQLFDqYArAVVdITYJp5OLQfEqfg13Kl3cNj5ca1aH7ZkeWI2q0QbBBQX\/oQYO9MAWcCrqk8GbWr0mb0XVPbFeKQABS5HlL9ZQFmcVkhuYg="}
Session token value is set


{"appKey":"8c63ea479845ec15664d02424faee3ea","osVersion":"5.0","orientation":"0","is_mac":"0","model":"xiaomi Mi 4s","deviceID":"888","telco_operator":"Telecom","cpu":"0","brand":"samsung","userConsent":"0","internet_connectivity":"0","height":"455","architecture":"armv7l,","width":"455","resolution":"1024x552","ram":"3.68 GB","sdkVersion":"39","product":"potter","devMode":"0"}
cache_ttl value is correct

Refresh Ad Rate value is correct
mode value is set

 Aspect ratio value is correct
sentry_log value is set
local_logging value is set
sentry_initialization value is set
sentry_debugging value is set
showPreRewardedDialogue value is set
showPostRewardedDialogue value is set
isSkipable value is set
{"cache_ttl":10080,"cache_ttl_rewarded":10080,"cache_ttl_banner":10080,"cache_ttl_native":10080,"cache_ttl_icon":10080,"refreshAdRate":30,"mode":"Production","aspectRatio":"9_16","cdnPath":"https:\/\/df8ymybeo92md.cloudfront.net\/images\/","sentry_log":0,"local_logging":0,"sentry_dsn":"na","sentry_initialization":1,"sentry_debugging":0,"bannerSizes":[],"aspectRatioVideo":"9_16","app_id":"127","showPreRewardedDialogue":0,"showPostRewardedDialogue":0,"rewardCurrency":"coins","rewardValue":0,"isSkipable":0,"privacyPolicyURL":"https:\/\/www.consoliads.com\/privacy-policy\/","sessionToken":"Dt12MA\/PdUNEmhAqVYONw\/VuMSnbllyUFJ4KUmHr+VhDG2Wl+GbfuPgF1Wt2mggbA5It305Gcn1OulftvjIg9nxTvSIF5CYsviA51KZY+lPDOWPdJBtZ+L6aJiL\/\/0y9g5eENimhoD+chc0mDcdn63EEPFG3i2cd9Qq8lXN3hag="}
Session token value is set


{"appKey":"b676e8054b40aa32da52c417ba06d5e7","osVersion":"4.4","orientation":"0","is_mac":"0","model":"E5673","deviceID":"345","telco_operator":"airtel","cpu":"0","brand":"realme","userConsent":"0","internet_connectivity":"0","height":"238","architecture":"aarch81","width":"238","resolution":"1387x720","ram":"2.75 GB","sdkVersion":"39","product":"iPhone","devMode":"0"}
cache_ttl value is correct

Refresh Ad Rate value is correct
mode value is set

 Aspect ratio value is correct
sentry_log value is set
local_logging value is set
sentry_initialization value is set
sentry_debugging value is set
showPreRewardedDialogue value is set
showPostRewardedDialogue value is set
isSkipable value is set
{"cache_ttl":10080,"cache_ttl_rewarded":10080,"cache_ttl_banner":10080,"cache_ttl_native":10080,"cache_ttl_icon":10080,"refreshAdRate":30,"mode":"Production","aspectRatio":"9_16","cdnPath":"https:\/\/df8ymybeo92md.cloudfront.net\/images\/","sentry_log":0,"local_logging":0,"sentry_dsn":"https:\/\/93ffa1c9a4124f67b8888a53265f751a:bbf998e04584477fa9a145838e9d3b26@sentry.io\/168994","sentry_initialization":1,"sentry_debugging":0,"bannerSizes":[],"aspectRatioVideo":"9_16","app_id":"154","showPreRewardedDialogue":0,"showPostRewardedDialogue":0,"rewardCurrency":"coins","rewardValue":0,"isSkipable":0,"privacyPolicyURL":"https:\/\/www.consoliads.com\/privacy-policy\/","sessionToken":"yvIj8cod7TunKIVu84yEOO6g7Hrw2699p4Qp4yaWhDriRB1s9BJlIZiyikgtCMTgFP\/IQvUufLa3PI3bBfJDh3lVYc2kdRKyulCNw5xV7\/uj8vMZBFtVOvdwoDygh9EztPcieTi0od7yfrBwByqMlWUMmIUllF2rXGrth\/FRBTs="}
Session token value is set


{"appKey":"db7bf29f5ad35d54f4a7d6ef62a94ee0","osVersion":"4.3","orientation":"0","is_mac":"0","model":"E3372","deviceID":"15","telco_operator":"Metfone","cpu":"0","brand":"iPhone","userConsent":"0","internet_connectivity":"0","height":"106","architecture":"aarch81","width":"106","resolution":"1080 x 1920","ram":"1,37 GB","sdkVersion":"39","product":"LUA-U22","devMode":"0"}
cache_ttl value is correct

Refresh Ad Rate value is correct
mode value is set

 Aspect ratio value is correct
sentry_log value is set
local_logging value is set
sentry_initialization value is set
sentry_debugging value is set
showPreRewardedDialogue value is set
showPostRewardedDialogue value is set
isSkipable value is set
{"cache_ttl":10080,"cache_ttl_rewarded":10080,"cache_ttl_banner":10080,"cache_ttl_native":10080,"cache_ttl_icon":10080,"refreshAdRate":30,"mode":"Production","aspectRatio":"9_16","cdnPath":"https:\/\/df8ymybeo92md.cloudfront.net\/images\/","sentry_log":0,"local_logging":0,"sentry_dsn":"https:\/\/e6dcd89483ae4d13b0f42ed3810d8d62:078421c4ad3d43f19885b30828ce7ee6@sentry.io\/187776","sentry_initialization":1,"sentry_debugging":0,"bannerSizes":["5"],"aspectRatioVideo":"9_16","app_id":"155","showPreRewardedDialogue":0,"showPostRewardedDialogue":0,"rewardCurrency":"coins","rewardValue":0,"isSkipable":0,"privacyPolicyURL":"https:\/\/www.consoliads.com\/privacy-policy\/","sessionToken":"zl2Q80caJ\/dOf96G85JtgGLgi7FcrVy0GWmbN3vRPAZZmmhgMI2YZOIDU8SBSkxnMFtsfsv4Uqpnwu\/W6z47+w0ckBbg6gr7Zyt80ZWIJw4HXIicqnpyXbZgYPI4LluZAPrBBZt65s2UBAJCjrqgpWc0eO8WAXTV7ZLGji2OXWA="}
Session token value is set


{"appKey":"53772d696193e95fa1448fc051e2698c","osVersion":"4.2","orientation":"0","is_mac":"0","model":"iphone 3GS","deviceID":"670","telco_operator":" Ooredoo","cpu":"0","brand":"OPPO","userConsent":"0","internet_connectivity":"0","height":"368","architecture":"armv64","width":"368","resolution":"1440 x 2960","ram":"3.69 GB","sdkVersion":"39","product":"BKK-LX2","devMode":"0"}
cache_ttl value is correct

Refresh Ad Rate value is correct
mode value is set

 Aspect ratio value is correct
sentry_log value is set
local_logging value is set
sentry_initialization value is set
sentry_debugging value is set
showPreRewardedDialogue value is set
showPostRewardedDialogue value is set
isSkipable value is set
{"cache_ttl":10080,"cache_ttl_rewarded":10080,"cache_ttl_banner":10080,"cache_ttl_native":10080,"cache_ttl_icon":10080,"refreshAdRate":30,"mode":"Production","aspectRatio":"9_16","cdnPath":"https:\/\/df8ymybeo92md.cloudfront.net\/images\/","sentry_log":0,"local_logging":0,"sentry_dsn":"https:\/\/e6dcd89483ae4d13b0f42ed3810d8d62:078421c4ad3d43f19885b30828ce7ee6@sentry.io\/187776","sentry_initialization":1,"sentry_debugging":0,"bannerSizes":["5"],"aspectRatioVideo":"9_16","app_id":"159","showPreRewardedDialogue":0,"showPostRewardedDialogue":0,"rewardCurrency":"coins","rewardValue":0,"isSkipable":0,"privacyPolicyURL":"https:\/\/www.consoliads.com\/privacy-policy\/","sessionToken":"7fJr4bXV4vHS3Y1TaLn8YbVOgxahxpL6GbzfrKT3tWxiZC93dITPK6iy37opok4jr6\/3D4vQieI06+rtlG\/NMLqz+03EyuuHo5H5v9+MaAoRJw47aUozXYhiByP5UWCo90rgXN5GnZB7jeagOFTAJfuJ\/pIWd\/smO8dvpa+Fe9s="}
Session token value is set


{"appKey":"66be9fb8efaae821f1c2401c99c56f0a","osVersion":"9.0","orientation":"0","is_mac":"0","model":"GT-Nnnn0","deviceID":"803","telco_operator":"","cpu":"0","brand":"HUAWEI","userConsent":"0","internet_connectivity":"0","height":"421","architecture":"","width":"421","resolution":"1280x720","ram":"953,45 MB","sdkVersion":"2163","product":"j7xeltexx","devMode":"0"}
cache_ttl value is correct

Title value is correct

Refresh Ad Rate value is correct
mode value is set

 Aspect ratio value is correct
sentry_log value is set
local_logging value is set
sentry_initialization value is set
sentry_debugging value is set
showPreRewardedDialogue value is set
showPostRewardedDialogue value is set
isSkipable value is set
{"cache_ttl":10080,"cache_ttl_rewarded":10080,"cache_ttl_banner":10080,"cache_ttl_native":10080,"cache_ttl_icon":10080,"campaigns":[{"campaignID":0,"priority":10,"appToPromote":{"appToPromoteID":0,"usesDefaultFrameImage":"1","usesDefaultCloseImage":"1","packageID":"testPackage"},"showTemplate":2,"activeCreativeID":0,"campaignAdType":"Interstitial","scenes":["1","2","6","5","4","13","14","15"]},{"campaignID":0,"priority":10,"appToPromote":{"appToPromoteID":0,"usesDefaultFrameImage":"1","usesDefaultCloseImage":"1","packageID":"testPackage"},"showTemplate":2,"activeCreativeID":0,"campaignAdType":"Video","scenes":["1","2","6","5","4","13","14","15"]},{"campaignID":0,"priority":10,"appToPromote":{"appToPromoteID":0,"usesDefaultFrameImage":"1","usesDefaultCloseImage":"1","packageID":"testPackage"},"showTemplate":2,"activeCreativeID":0,"campaignAdType":"Rewarded Video","scenes":["1","2","6","5","4","13","14","15"]},{"campaignID":0,"priority":10,"appToPromote":{"appToPromoteID":0,"usesDefaultFrameImage":"1","usesDefaultCloseImage":"1","marketURL":"https:\/\/play.google.com","packageID":"testPackage"},"showTemplate":2,"activeCreativeID":0,"campaignAdType":"Banner","scenes":["1","2","6","5","4","13","14","15"]},{"campaignID":0,"priority":10,"appToPromote":{"appToPromoteID":0,"usesDefaultFrameImage":"1","usesDefaultCloseImage":"1","marketURL":"https:\/\/play.google.com","packageID":"testPackage"},"showTemplate":2,"activeCreativeID":0,"campaignAdType":"Native","title":"Test Title","subTitle":"Test Subtitle","description":"This is test description","adChoicesLink":"www.google.com","adClickThroughText":"Open Link","scenes":["1","2","6","5","4","13","14","15"]},{"campaignID":0,"priority":10,"appToPromote":{"appToPromoteID":0,"usesDefaultFrameImage":"1","usesDefaultCloseImage":"1","marketURL":"https:\/\/play.google.com","packageID":"testPackage"},"showTemplate":2,"activeCreativeID":0,"campaignAdType":"Icon","scenes":["1","2","6","5","4","13","14","15"]}],"refreshAdRate":30,"mode":"Production","aspectRatio":"9_16","cdnPath":"https:\/\/df8ymybeo92md.cloudfront.net\/images\/","sentry_log":0,"local_logging":0,"sentry_dsn":"https:\/\/93ffa1c9a4124f67b8888a53265f751a:bbf998e04584477fa9a145838e9d3b26@sentry.io\/168994","sentry_initialization":1,"sentry_debugging":0,"bannerSizes":["5"],"aspectRatioVideo":"9_16","app_id":"165","showPreRewardedDialogue":0,"showPostRewardedDialogue":0,"rewardCurrency":"coins","rewardValue":0,"isSkipable":0,"privacyPolicyURL":"https:\/\/www.consoliads.com\/privacy-policy\/","sessionToken":"qx3tGEeyJscxsgixZeY\/OWZYHHXHBD\/qg00RL0wP8vlMYNgidZb9ZKr0M8\/3wv5K\/baUCv6Nzr1QiJ1VhApualkkDvLtFHbBDdl1Y4Q7rzewGIYffu00dWTFc87SeipMBGSQ4\/oQzi0yhXTIX0cC+kJTOznjXVilBEHzVOrdi48="}
Session token value is set


{"appKey":"53eca194fbf9bc9fdda6a52308ee3e05","osVersion":"8.0","orientation":"0","is_mac":"0","model":"SM-Nnn0","deviceID":"424","telco_operator":"Azercell","cpu":"0","brand":"Xiaomi","userConsent":"0","internet_connectivity":"0","height":"269","architecture":"0","width":"269","resolution":"1196x720","ram":"3.51 GB ","sdkVersion":"39","product":"mido","devMode":"0"}
cache_ttl value is correct

Refresh Ad Rate value is correct
mode value is set

 Aspect ratio value is correct
sentry_log value is set
local_logging value is set
sentry_initialization value is set
sentry_debugging value is set
showPreRewardedDialogue value is set
showPostRewardedDialogue value is set
isSkipable value is set
{"cache_ttl":10080,"cache_ttl_rewarded":10080,"cache_ttl_banner":10080,"cache_ttl_native":10080,"cache_ttl_icon":10080,"refreshAdRate":30,"mode":"Production","aspectRatio":"9_16","cdnPath":"https:\/\/df8ymybeo92md.cloudfront.net\/images\/","sentry_log":0,"local_logging":0,"sentry_dsn":"https:\/\/93ffa1c9a4124f67b8888a53265f751a:bbf998e04584477fa9a145838e9d3b26@sentry.io\/168994","sentry_initialization":1,"sentry_debugging":0,"bannerSizes":[],"aspectRatioVideo":"9_16","app_id":"168","showPreRewardedDialogue":0,"showPostRewardedDialogue":0,"rewardCurrency":"coins","rewardValue":0,"isSkipable":0,"privacyPolicyURL":"https:\/\/www.consoliads.com\/privacy-policy\/","sessionToken":"XTddnjh+9QWCWDEJp3Abfvg9CFRDdvyo3LeJN9IKCJVZTQapSHqcUFFIiMiSAjTUFbgV\/ifoA4H\/F5TQR5M8addRDa4Pyhn05reBHYeRJGzT9VxW52u15oQejBPQQD5YrbRJKTiO8rkn4RNOdV6BCcBgOca5\/Z2beyXGnThMVzg="}
Session token value is set


{"appKey":"6c43d0e957550be8b6cbf833df6d0419","osVersion":"7.0","orientation":"0","is_mac":"0","model":"GT-Snnn0","deviceID":"361","telco_operator":"Oi","cpu":"0","brand":"HONOR","userConsent":"0","internet_connectivity":"0","height":"244","architecture":"aarch64","width":"244","resolution":"1436x720","ram":"1.77 GB","sdkVersion":"2225","product":"STK-L21M","devMode":"0"}
cache_ttl value is correct

Title value is correct

Refresh Ad Rate value is correct
mode value is set

 Aspect ratio value is correct
sentry_log value is set
local_logging value is set
sentry_initialization value is set
sentry_debugging value is set
showPreRewardedDialogue value is set
showPostRewardedDialogue value is set
isSkipable value is set
{"cache_ttl":10080,"cache_ttl_rewarded":10080,"cache_ttl_banner":10080,"cache_ttl_native":10080,"cache_ttl_icon":10080,"campaigns":[{"campaignID":"8226","attribution":0,"priority":"8","appToPromote":{"appToPromoteID":"12623","usesDefaultFrameImage":"0","usesDefaultCloseImage":"0","marketURL":"https:\/\/play.google.com\/store\/apps\/details?id=com.igg.android.lordsmobile&amp;referrer=utm_source=42matters.com&amp;utm_medium=api","packageID":"com.nooribrand.android.lordsmobile"},"showTemplate":1,"s2s_tracking_url":"https:\/\/play.google.com\/store\/apps\/details?id=com.igg.android.lordsmobile&amp;referrer=utm_source=42matters.com&amp;utm_medium=api","activeCreativeID":"3557","scenes":["3","2"],"campaignAdType":"Icon","productId":"","purchaseBit":0,"licenseKey":""},{"campaignID":"8378","attribution":0,"priority":"8","appToPromote":{"appToPromoteID":"16480","usesDefaultFrameImage":"0","usesDefaultCloseImage":"0","marketURL":"https:\/\/play.google.com\/store\/apps\/details?id=com.nag.home.manager.working.virtual.mom","packageID":"com.GSS317.AmazingFamily"},"showTemplate":1,"s2s_tracking_url":"https:\/\/play.google.com\/store\/apps\/details?id=com.nag.home.manager.working.virtual.mom","activeCreativeID":"3720","scenes":["3","2"],"campaignAdType":"Interstitial","productId":"","purchaseBit":0,"licenseKey":""},{"campaignID":"8613","attribution":0,"priority":"8","appToPromote":{"appToPromoteID":"12623","usesDefaultFrameImage":"0","usesDefaultCloseImage":"0","marketURL":"https:\/\/play.google.com\/store\/apps\/details?id=com.igg.android.lordsmobile&amp;referrer=utm_source=42matters.com&amp;utm_medium=api","packageID":"com.nooribrand.android.lordsmobile"},"showTemplate":1,"s2s_tracking_url":"https:\/\/play.google.com\/store\/apps\/details?id=com.igg.android.lordsmobile&amp;referrer=utm_source=42matters.com&amp;utm_medium=api","activeCreativeID":"3557","scenes":["3","2"],"campaignAdType":"Icon","productId":"","purchaseBit":0,"licenseKey":""},{"campaignID":"8907","attribution":0,"priority":"8","appToPromote":{"appToPromoteID":"17121","usesDefaultFrameImage":"0","usesDefaultCloseImage":"0","marketURL":"https:\/\/infopromo188.wixsite.com\/promo188-f1","packageID":"com.188BET6572.Fullbanner"},"showTemplate":1,"s2s_tracking_url":"https:\/\/infopromo188.wixsite.com\/promo188-f1","activeCreativeID":"4244","scenes":["3","2"],"campaignAdType":"Banner","productId":"","purchaseBit":0,"licenseKey":""},{"campaignID":"8908","attribution":0,"priority":"8","appToPromote":{"appToPromoteID":"17121","usesDefaultFrameImage":"0","usesDefaultCloseImage":"0","marketURL":"https:\/\/infopromo188.wixsite.com\/promo188-f1","packageID":"com.188BET6572.Fullbanner"},"showTemplate":1,"s2s_tracking_url":"https:\/\/infopromo188.wixsite.com\/promo188-f1","activeCreativeID":"4243","scenes":["3","2"],"campaignAdType":"Interstitial","productId":"","purchaseBit":0,"licenseKey":""},{"campaignID":"8909","attribution":0,"priority":"8","appToPromote":{"appToPromoteID":"17121","usesDefaultFrameImage":"0","usesDefaultCloseImage":"0","marketURL":"https:\/\/infopromo188.wixsite.com\/promo188-f1","packageID":"com.188BET6572.Fullbanner"},"showTemplate":1,"s2s_tracking_url":"https:\/\/infopromo188.wixsite.com\/promo188-f1","activeCreativeID":"4244","scenes":["3","2"],"campaignAdType":"Banner","productId":"","purchaseBit":0,"licenseKey":""},{"campaignID":"8910","attribution":0,"priority":"8","appToPromote":{"appToPromoteID":"17121","usesDefaultFrameImage":"0","usesDefaultCloseImage":"0","marketURL":"https:\/\/infopromo188.wixsite.com\/promo188-f1","packageID":"com.188BET6572.Fullbanner"},"showTemplate":1,"s2s_tracking_url":"https:\/\/infopromo188.wixsite.com\/promo188-f1","activeCreativeID":"4245","scenes":["3","2"],"campaignAdType":"Native","title":"Ayo Buruan Ikutan Promo F1","subTitle":"Banyak Hadiah Menarik","description":"Dapatkan PS 5 Terbaru","adClickThroughText":"Selengkapnya","productId":"","purchaseBit":0,"licenseKey":""},{"campaignID":"9092","attribution":0,"priority":"8","appToPromote":{"appToPromoteID":"13421","usesDefaultFrameImage":"0","usesDefaultCloseImage":"0","marketURL":"http:\/\/www.google.com","packageID":"com.appricot2d.testt"},"showTemplate":1,"s2s_tracking_url":"http:\/\/www.google.com","activeCreativeID":"4384","scenes":["3","2"],"campaignAdType":"Interstitial","productId":"","purchaseBit":0,"licenseKey":""},{"campaignID":"9249","attribution_link":"https:\/\/app.appsflyer.com\/com.lgn.gun.strike.war.train.shooting.games?pid=consoliads_int&amp;af_click_lookback=7d&amp;clickid=190_9249_361&amp;android_id={android_id}&amp;sha1_android_id={sha1_android_id}&amp;advertising_id=361&amp;sha1_advertising_id=b6e7a22c25e9e7146913841b0995288c688f9bf8&amp;af_keywords=2","attribution":1,"priority":"8","appToPromote":{"appToPromoteID":"13421","usesDefaultFrameImage":"0","usesDefaultCloseImage":"0","marketURL":"http:\/\/www.google.com","packageID":"com.appricot2d.testt"},"showTemplate":1,"s2s_tracking_url":"https:\/\/app.appsflyer.com\/com.lgn.gun.strike.war.train.shooting.games?pid=consoliads_int&amp;af_click_lookback=7d&amp;clickid=190_9249_361&amp;android_id={android_id}&amp;sha1_android_id={sha1_android_id}&amp;advertising_id=361&amp;sha1_advertising_id=b6e7a22c25e9e7146913841b0995288c688f9bf8&amp;af_keywords=2","activeCreativeID":"4679","scenes":["3","2"],"campaignAdType":"Interstitial","productId":"","purchaseBit":0,"licenseKey":""},{"campaignID":"9250","attribution_link":"https:\/\/app.appsflyer.com\/com.lgn.gun.strike.war.train.shooting.games?pid=consoliads_int&amp;af_click_lookback=7d&amp;clickid=190_9250_361&amp;android_id={android_id}&amp;sha1_android_id={sha1_android_id}&amp;advertising_id=361&amp;sha1_advertising_id=b6e7a22c25e9e7146913841b0995288c688f9bf8&amp;af_keywords=2","attribution":1,"priority":"8","appToPromote":{"appToPromoteID":"13421","usesDefaultFrameImage":"0","usesDefaultCloseImage":"0","marketURL":"http:\/\/www.google.com","packageID":"com.appricot2d.testt"},"showTemplate":1,"s2s_tracking_url":"https:\/\/app.appsflyer.com\/com.lgn.gun.strike.war.train.shooting.games?pid=consoliads_int&amp;af_click_lookback=7d&amp;clickid=190_9250_361&amp;android_id={android_id}&amp;sha1_android_id={sha1_android_id}&amp;advertising_id=361&amp;sha1_advertising_id=b6e7a22c25e9e7146913841b0995288c688f9bf8&amp;af_keywords=2","activeCreativeID":"4680","scenes":["3","2"],"campaignAdType":"Interstitial","productId":"","purchaseBit":0,"licenseKey":""},{"campaignID":"9261","attribution_link":"https:\/\/app.appsflyer.com\/com.lgn.gun.strike.war.train.shooting.games?pid=consoliads_int&amp;af_click_lookback=7d&amp;clickid=190_9261_361&amp;android_id={android_id}&amp;sha1_android_id={sha1_android_id}&amp;advertising_id=361&amp;sha1_advertising_id=b6e7a22c25e9e7146913841b0995288c688f9bf8&amp;af_keywords=2","attribution":1,"priority":"8","appToPromote":{"appToPromoteID":"13421","usesDefaultFrameImage":"0","usesDefaultCloseImage":"0","marketURL":"http:\/\/www.google.com","packageID":"com.appricot2d.testt"},"showTemplate":1,"s2s_tracking_url":"https:\/\/app.appsflyer.com\/com.lgn.gun.strike.war.train.shooting.games?pid=consoliads_int&amp;af_click_lookback=7d&amp;clickid=190_9261_361&amp;android_id={android_id}&amp;sha1_android_id={sha1_android_id}&amp;advertising_id=361&amp;sha1_advertising_id=b6e7a22c25e9e7146913841b0995288c688f9bf8&amp;af_keywords=2","activeCreativeID":"4692","scenes":["3","2"],"campaignAdType":"Interstitial","productId":"","purchaseBit":0,"licenseKey":""},{"campaignID":"9270","attribution":0,"priority":"8","appToPromote":{"appToPromoteID":"1727","usesDefaultFrameImage":"1","usesDefaultCloseImage":"1","marketURL":"https:\/\/play.google.com\/store\/apps\/details?id=com.appricot2d.anna.spasalon","packageID":"com.appricot2d.anna.spasalon"},"showTemplate":1,"s2s_tracking_url":"https:\/\/play.google.com\/store\/apps\/details?id=com.appricot2d.anna.spasalon","activeCreativeID":"4696","scenes":["3","2"],"campaignAdType":"Banner","productId":"","purchaseBit":0,"licenseKey":""},{"campaignID":"9295","attribution":0,"priority":"8","appToPromote":{"appToPromoteID":"1933","usesDefaultFrameImage":"0","usesDefaultCloseImage":"0","marketURL":"https:\/\/play.google.com\/store\/apps\/details?id=com.appricot2d.kids.pony.coloring","packageID":"com.appricot2d.kids.pony.coloring"},"showTemplate":1,"s2s_tracking_url":"https:\/\/play.google.com\/store\/apps\/details?id=com.appricot2d.kids.pony.coloring","activeCreativeID":"4570","scenes":["3","2"],"campaignAdType":"Interstitial","productId":"","purchaseBit":0,"licenseKey":""},{"campaignID":"9334","attribution":0,"priority":"8","appToPromote":{"appToPromoteID":"1933","usesDefaultFrameImage":"0","usesDefaultCloseImage":"0","marketURL":"https:\/\/play.google.com\/store\/apps\/details?id=com.appricot2d.kids.pony.coloring","packageID":"com.appricot2d.kids.pony.coloring"},"showTemplate":1,"s2s_tracking_url":"https:\/\/play.google.com\/store\/apps\/details?id=com.appricot2d.kids.pony.coloring","activeCreativeID":"4570","scenes":["3","2"],"campaignAdType":"Interstitial","productId":"","purchaseBit":0,"licenseKey":""},{"campaignID":"9335","attribution":0,"priority":"8","appToPromote":{"appToPromoteID":"1997","usesDefaultFrameImage":"0","usesDefaultCloseImage":"0","marketURL":"https:\/\/play.google.com\/store\/apps\/details?id=com.appricot2d.anna.coloring.book","packageID":"com.appricot2d.anna.coloring.book"},"showTemplate":1,"s2s_tracking_url":"https:\/\/play.google.com\/store\/apps\/details?id=com.appricot2d.anna.coloring.book","activeCreativeID":"4573","scenes":["3","2"],"campaignAdType":"Interstitial","productId":"","purchaseBit":0,"licenseKey":""},{"campaignID":"9336","attribution":0,"priority":"8","appToPromote":{"appToPromoteID":"1727","usesDefaultFrameImage":"1","usesDefaultCloseImage":"1","marketURL":"https:\/\/play.google.com\/store\/apps\/details?id=com.appricot2d.anna.spasalon","packageID":"com.appricot2d.anna.spasalon"},"showTemplate":1,"s2s_tracking_url":"https:\/\/play.google.com\/store\/apps\/details?id=com.appricot2d.anna.spasalon","activeCreativeID":"133","scenes":["3","2"],"campaignAdType":"Interstitial","productId":"","purchaseBit":0,"licenseKey":""},{"campaignID":"9338","attribution":0,"priority":"8","appToPromote":{"appToPromoteID":"1933","usesDefaultFrameImage":"0","usesDefaultCloseImage":"0","marketURL":"https:\/\/play.google.com\/store\/apps\/details?id=com.appricot2d.kids.pony.coloring","packageID":"com.appricot2d.kids.pony.coloring"},"showTemplate":1,"s2s_tracking_url":"https:\/\/play.google.com\/store\/apps\/details?id=com.appricot2d.kids.pony.coloring","activeCreativeID":"4568","scenes":["3","2"],"campaignAdType":"Interstitial","productId":"","purchaseBit":0,"licenseKey":""},{"campaignID":"9339","attribution_link":"www.favebookk.com","attribution":1,"priority":"8","appToPromote":{"appToPromoteID":"13421","usesDefaultFrameImage":"0","usesDefaultCloseImage":"0","marketURL":"http:\/\/www.google.com","packageID":"com.appricot2d.testt"},"showTemplate":1,"s2s_tracking_url":"www.favebookk.com","activeCreativeID":"4574","scenes":["3","2"],"campaignAdType":"Interstitial","productId":"","purchaseBit":0,"licenseKey":""},{"campaignID":"9407","attribution":0,"priority":"8","appToPromote":{"appToPromoteID":"4514","usesDefaultFrameImage":"0","usesDefaultCloseImage":"0","marketURL":"https:\/\/play.google.com\/store\/apps\/details?id=com.appricot2d.bank.manager.cashier.kids.game","packageID":"com.appricot2d.bank.manager.cashier.kids.game"},"showTemplate":1,"s2s_tracking_url":"https:\/\/play.google.com\/store\/apps\/details?id=com.appricot2d.bank.manager.cashier.kids.game","activeCreativeID":"4845","scenes":["3","2"],"campaignAdType":"Interstitial","productId":"","purchaseBit":0,"licenseKey":""},{"campaignID":"9415","attribution":0,"priority":"8","appToPromote":{"appToPromoteID":"13354","usesDefaultFrameImage":"0","usesDefaultCloseImage":"0","marketURL":"https:\/\/play.google.com\/store\/apps\/details?id=com.de.real.heavy.excavator.crane.transform.robot.war","packageID":"com.de.real.heavy.excavator.crane.transform.robot.war"},"showTemplate":1,"s2s_tracking_url":"https:\/\/play.google.com\/store\/apps\/details?id=com.de.real.heavy.excavator.crane.transform.robot.war","activeCreativeID":"2016","scenes":["3","2"],"campaignAdType":"Icon","productId":"","purchaseBit":0,"licenseKey":""}],"refreshAdRate":30,"mode":"Production","aspectRatio":"9_16","cdnPath":"https:\/\/df8ymybeo92md.cloudfront.net\/images\/","sentry_log":0,"local_logging":0,"sentry_dsn":"https:\/\/93ffa1c9a4124f67b8888a53265f751a:bbf998e04584477fa9a145838e9d3b26@sentry.io\/168994","sentry_initialization":1,"sentry_debugging":0,"bannerSizes":["1"],"aspectRatioVideo":"9_16","app_id":"190","showPreRewardedDialogue":0,"showPostRewardedDialogue":0,"rewardCurrency":"coins","rewardValue":0,"isSkipable":0,"privacyPolicyURL":"https:\/\/www.consoliads.com\/privacy-policy\/","sessionToken":"QtSgNonrxkAMI3Oj9AnEwYVGoptMEIoBKmNq0yxlWXiY5HlbbBR2beiXEmTH1G4RTRFA+OmNsb73\/Q2CE\/VBS7X87Ci4LvQfF6WqvwiS5RfxrZPpQ+juCALlU33Dlb1VpUwTsfAopPSAP0MrHgT9\/NtM0YDG1ZuOWEvyWGg4Dzk="}
Session token value is set


{"appKey":"363eeeef9479d9af8cfa3d9ee81f42ad","osVersion":"6.0","orientation":"0","is_mac":"0","model":"GT-Snnn2","deviceID":"891","telco_operator":"Maroc","cpu":"0","brand":"vivo","userConsent":"0","internet_connectivity":"0","height":"456","architecture":"armv8l","width":"456","resolution":"1344x720","ram":"1.68 GB","sdkVersion":"39","product":"aosp_arm","devMode":"0"}
cache_ttl value is correct

Refresh Ad Rate value is correct
mode value is set

 Aspect ratio value is correct
sentry_log value is set
local_logging value is set
sentry_initialization value is set
sentry_debugging value is set
showPreRewardedDialogue value is set
showPostRewardedDialogue value is set
isSkipable value is set
{"cache_ttl":10080,"cache_ttl_rewarded":10080,"cache_ttl_banner":10080,"cache_ttl_native":10080,"cache_ttl_icon":10080,"refreshAdRate":30,"mode":"Production","aspectRatio":"9_16","cdnPath":"https:\/\/df8ymybeo92md.cloudfront.net\/images\/","sentry_log":0,"local_logging":0,"sentry_dsn":"https:\/\/e6dcd89483ae4d13b0f42ed3810d8d62:078421c4ad3d43f19885b30828ce7ee6@sentry.io\/187776","sentry_initialization":1,"sentry_debugging":0,"bannerSizes":[],"aspectRatioVideo":"9_16","app_id":"197","showPreRewardedDialogue":0,"showPostRewardedDialogue":0,"rewardCurrency":"coins","rewardValue":0,"isSkipable":0,"privacyPolicyURL":"https:\/\/www.consoliads.com\/privacy-policy\/","sessionToken":"q5gFIpiOIPNrPWZcvnPcqqPOfkLjBmZfBxIZq0FQ6CNRb6UpD+42DGhohM+S05SozYpekX5FJSnHTvRw4LTCqPcMIlAAyvPqpTLrA4T1Mae7dYFeSraZgzPudVrJnazeivR6Jh2YyGYPlPLUbcL3QirBkV5727412pq\/+Vf7zFA="}
Session token value is set


{"appKey":"c95886d10c34ffc0029ce07e6830a9c3","osVersion":"5.0","orientation":"0","is_mac":"0","model":"xiaomi Mi 4s","deviceID":"937","telco_operator":"Telecom","cpu":"0","brand":"samsung","userConsent":"0","internet_connectivity":"0","height":"475","architecture":"armv7l,","width":"475","resolution":"1024x552","ram":"3.68 GB","sdkVersion":"39","product":"potter","devMode":"0"}
cache_ttl value is correct

Refresh Ad Rate value is correct
mode value is set

 Aspect ratio value is correct
sentry_log value is set
local_logging value is set
sentry_initialization value is set
sentry_debugging value is set
showPreRewardedDialogue value is set
showPostRewardedDialogue value is set
isSkipable value is set
{"cache_ttl":10080,"cache_ttl_rewarded":10080,"cache_ttl_banner":10080,"cache_ttl_native":10080,"cache_ttl_icon":10080,"refreshAdRate":30,"mode":"Production","aspectRatio":"9_16","cdnPath":"https:\/\/df8ymybeo92md.cloudfront.net\/images\/","sentry_log":0,"local_logging":0,"sentry_dsn":"https:\/\/93ffa1c9a4124f67b8888a53265f751a:bbf998e04584477fa9a145838e9d3b26@sentry.io\/168994","sentry_initialization":1,"sentry_debugging":0,"bannerSizes":[],"aspectRatioVideo":"9_16","app_id":"202","showPreRewardedDialogue":0,"showPostRewardedDialogue":0,"rewardCurrency":"coins","rewardValue":0,"isSkipable":0,"privacyPolicyURL":"https:\/\/www.consoliads.com\/privacy-policy\/","sessionToken":"5ky7j1slqAEnT1+TKCT4iwEJDaRDCVS9KTrrg9\/UnQNXriwg5RitD\/Q1EaXdt50\/Sx4bPkJcX28R+M6dm2LSuQfk4p3k4Xvw84Ff1XFkXJ9JwLGaCNSi1kpb8eHTi3cEMeFqphDR0AyDSEZeypcmHGfP3tc2asUf8Ze15k35AWM="}
Session token value is set


{"appKey":"8a6b3a437d3e028a8849cf8f819fd919","osVersion":"4.4","orientation":"0","is_mac":"0","model":"E5673","deviceID":"234","telco_operator":"airtel","cpu":"0","brand":"realme","userConsent":"0","internet_connectivity":"0","height":"193","architecture":"aarch81","width":"193","resolution":"1387x720","ram":"2.75 GB","sdkVersion":"39","product":"iPhone","devMode":"0"}
cache_ttl value is correct

Refresh Ad Rate value is correct
mode value is set

 Aspect ratio value is correct
sentry_log value is set
local_logging value is set
sentry_initialization value is set
sentry_debugging value is set
showPreRewardedDialogue value is set
showPostRewardedDialogue value is set
isSkipable value is set
{"cache_ttl":10080,"cache_ttl_rewarded":10080,"cache_ttl_banner":10080,"cache_ttl_native":10080,"cache_ttl_icon":10080,"refreshAdRate":30,"mode":"Production","aspectRatio":"9_16","cdnPath":"https:\/\/df8ymybeo92md.cloudfront.net\/images\/","sentry_log":0,"local_logging":0,"sentry_dsn":"https:\/\/e6dcd89483ae4d13b0f42ed3810d8d62:078421c4ad3d43f19885b30828ce7ee6@sentry.io\/187776","sentry_initialization":1,"sentry_debugging":0,"bannerSizes":["5"],"aspectRatioVideo":"9_16","app_id":"224","showPreRewardedDialogue":0,"showPostRewardedDialogue":0,"rewardCurrency":"coins","rewardValue":0,"isSkipable":0,"privacyPolicyURL":"https:\/\/www.consoliads.com\/privacy-policy\/","sessionToken":"hebArYFjKqZyTTGeNiyUA2AdRbEDOzgb80XLjqz\/ceTHvGfd4mASUly6jCIh\/BfJf1d8uUQBi8p3jYds\/P5HP24FjVS2lbwqA1RGiTuC3d\/010VIGOwkVEjSN6W79nRRpmmTNqZ684QGPcMNyYcDJ4PBURUggk4zwIGDCPMzyj4="}
Session token value is set


{"appKey":"f41eecd58fdd226e9d370df3828af01f","osVersion":"4.3","orientation":"0","is_mac":"0","model":"E3372","deviceID":"726","telco_operator":"Metfone","cpu":"0","brand":"iPhone","userConsent":"0","internet_connectivity":"0","height":"390","architecture":"aarch81","width":"390","resolution":"1080 x 1920","ram":"1,37 GB","sdkVersion":"39","product":"LUA-U22","devMode":"0"}
cache_ttl value is correct

Refresh Ad Rate value is correct
mode value is set

 Aspect ratio value is correct
sentry_log value is set
local_logging value is set
sentry_initialization value is set
sentry_debugging value is set
showPreRewardedDialogue value is set
showPostRewardedDialogue value is set
isSkipable value is set
{"cache_ttl":10080,"cache_ttl_rewarded":10080,"cache_ttl_banner":10080,"cache_ttl_native":10080,"cache_ttl_icon":10080,"refreshAdRate":30,"mode":"Production","aspectRatio":"9_16","cdnPath":"https:\/\/df8ymybeo92md.cloudfront.net\/images\/","sentry_log":0,"local_logging":0,"sentry_dsn":"https:\/\/93ffa1c9a4124f67b8888a53265f751a:bbf998e04584477fa9a145838e9d3b26@sentry.io\/168994","sentry_initialization":1,"sentry_debugging":0,"bannerSizes":[],"aspectRatioVideo":"9_16","app_id":"226","showPreRewardedDialogue":0,"showPostRewardedDialogue":0,"rewardCurrency":"coins","rewardValue":0,"isSkipable":0,"privacyPolicyURL":"https:\/\/www.consoliads.com\/privacy-policy\/","sessionToken":"ViztfrJnGASWYKIinuBaP1ZyZE9M5TfIhQpvyVwoavCBhI7V9lsFIEt52kDcTwAZLCEl+clPy\/AuwaPlWcM\/8f3MvTjH2aJw9MK2iPgtMJoNt8L+xJXldQ5+1qHo7cBVtyKvO5cXX4yexobOYuOUPc\/S7Dggf29sdpE4XawEz5o="}
Session token value is set

{"appKey":"fdcae9dc671b6823d2c35a6c94131930","osVersion":"4.2","orientation":"0","is_mac":"0","model":"iphone 3GS","deviceID":"935","telco_operator":" Ooredoo","cpu":"0","brand":"OPPO","userConsent":"0","internet_connectivity":"0","height":"474","architecture":"armv64","width":"474","resolution":"1440 x 2960","ram":"3.69 GB","sdkVersion":"22","product":"BKK-LX2","devMode":"0"}: Status code not OK,http://52.13.174.6/sheeda/admin/api/startNewAdSession_2 API has failed at 31 NotFound

{"appKey":"9aec7032e72fc71651e446a6f79e717e","osVersion":"9.0","orientation":"0","is_mac":"0","model":"GT-Nnnn0","deviceID":"427","telco_operator":"","cpu":"0","brand":"HUAWEI","userConsent":"0","internet_connectivity":"0","height":"270","architecture":"","width":"270","resolution":"1280x720","ram":"953,45 MB","sdkVersion":"2124","product":"j7xeltexx","devMode":"0"}
cache_ttl value is correct

Refresh Ad Rate value is correct
mode value is set

 Aspect ratio value is correct
sentry_log value is set
local_logging value is set
sentry_initialization value is set
sentry_debugging value is set
showPreRewardedDialogue value is set
showPostRewardedDialogue value is set
isSkipable value is set
{"cache_ttl":10080,"cache_ttl_rewarded":10080,"cache_ttl_banner":10080,"cache_ttl_native":10080,"cache_ttl_icon":10080,"campaigns":[{"campaignID":"9262","attribution":0,"priority":"8","appToPromote":{"appToPromoteID":"11407","usesDefaultFrameImage":"0","usesDefaultCloseImage":"0","marketURL":"https:\/\/itunes.apple.com\/us\/app\/rooftop-luxury-restaurant\/id1438205050?mt=8","packageID":"com.giga.rooftop.luxury.restaurant"},"showTemplate":1,"s2s_tracking_url":"https:\/\/itunes.apple.com\/us\/app\/rooftop-luxury-restaurant\/id1438205050?mt=8","activeCreativeID":"4693","scenes":["3","2"],"campaignAdType":"Rewarded Video","productId":"","purchaseBit":0,"licenseKey":""},{"campaignID":"9126","attribution":0,"priority":"8","appToPromote":{"appToPromoteID":"17527","usesDefaultFrameImage":"0","usesDefaultCloseImage":"0","marketURL":"https:\/\/itunes.apple.com\/us\/app\/id1196690809","packageID":"id1196690809"},"showTemplate":1,"s2s_tracking_url":"https:\/\/tha.gotrackier.com\/click?campaign_id=68346\\u0026pub_id=75?p1=236_9126_427&amp;source=6841&amp;app_name=BearSimulator&amp;idfa=427","activeCreativeID":"4478","scenes":["3","2"],"campaignAdType":"Banner","productId":"","purchaseBit":0,"licenseKey":""},{"campaignID":"9128","attribution":0,"priority":"8","appToPromote":{"appToPromoteID":"17529","usesDefaultFrameImage":"0","usesDefaultCloseImage":"0","marketURL":"https:\/\/apps.apple.com\/ru\/app\/id1259203065","packageID":"id1259203065"},"showTemplate":1,"s2s_tracking_url":"https:\/\/tha.gotrackier.com\/click?campaign_id=63251\\u0026pub_id=75?p1=236_9128_427&amp;source=6841&amp;app_name=BearSimulator&amp;idfa=427","activeCreativeID":"4480","scenes":["3","2"],"campaignAdType":"Video","productId":"","purchaseBit":0,"licenseKey":""},{"campaignID":"9129","attribution":0,"priority":"8","appToPromote":{"appToPromoteID":"17530","usesDefaultFrameImage":"0","usesDefaultCloseImage":"0","marketURL":"https:\/\/apps.apple.com\/tw\/app\/%E6%BB%BF%E8%B2%AB%E5%A4%A7%E4%BA%A8\/id1007924271","packageID":"id1007924271"},"showTemplate":1,"s2s_tracking_url":"https:\/\/tha.gotrackier.com\/click?campaign_id=63252\\u0026pub_id=75?p1=236_9129_427&amp;source=6841&amp;app_name=BearSimulator&amp;idfa=427","activeCreativeID":"4481","scenes":["3","2"],"campaignAdType":"Banner","productId":"","purchaseBit":0,"licenseKey":""},{"campaignID":"9414","attribution":0,"priority":"6","appToPromote":{"appToPromoteID":"17755","usesDefaultFrameImage":"0","usesDefaultCloseImage":"0","marketURL":"https:\/\/apps.apple.com\/us\/app\/ancient-battle\/id1511642145?uo=4&amp;at=10l9yE","packageID":"com.mandrillvr.AncientBattleioV3"},"showTemplate":1,"s2s_tracking_url":"https:\/\/apps.apple.com\/us\/app\/ancient-battle\/id1511642145?uo=4&amp;at=10l9yE","activeCreativeID":"4831","scenes":["3","2"],"campaignAdType":"Interstitial","productId":"","purchaseBit":0,"licenseKey":""},{"campaignID":"9590","attribution":0,"priority":"6","appToPromote":{"appToPromoteID":"11320","usesDefaultFrameImage":"0","usesDefaultCloseImage":"0","marketURL":"http:\/\/itunes.apple.com\/app\/virtual-airport-police-manager\/id1437518178?uo=5&amp;at=10l9yE","packageID":"com.giga.virtual.airport.police.manager"},"showTemplate":1,"s2s_tracking_url":"http:\/\/itunes.apple.com\/app\/virtual-airport-police-manager\/id1437518178?uo=5&amp;at=10l9yE","activeCreativeID":"4997","scenes":["3","2"],"campaignAdType":"Interstitial","productId":"","purchaseBit":0,"licenseKey":""},{"campaignID":"9591","attribution":0,"priority":"6","appToPromote":{"appToPromoteID":"11320","usesDefaultFrameImage":"0","usesDefaultCloseImage":"0","marketURL":"http:\/\/itunes.apple.com\/app\/virtual-airport-police-manager\/id1437518178?uo=5&amp;at=10l9yE","packageID":"com.giga.virtual.airport.police.manager"},"showTemplate":1,"s2s_tracking_url":"http:\/\/itunes.apple.com\/app\/virtual-airport-police-manager\/id1437518178?uo=5&amp;at=10l9yE","activeCreativeID":"4997","scenes":["3","2"],"campaignAdType":"Interstitial","productId":"","purchaseBit":0,"licenseKey":""},{"campaignID":"1041","attribution":0,"priority":"6","appToPromote":{"appToPromoteID":"5781","usesDefaultFrameImage":"0","usesDefaultCloseImage":"0","marketURL":"https:\/\/itunes.apple.com\/US\/app\/id642727743?","packageID":"id642727743"},"showTemplate":1,"activeCreativeID":null,"scenes":["3","2"],"campaignAdType":"Interstitial","productId":"","purchaseBit":0,"licenseKey":""},{"campaignID":"8628","attribution":0,"priority":"5","appToPromote":{"appToPromoteID":"11082","usesDefaultFrameImage":"0","usesDefaultCloseImage":"0","marketURL":"https:\/\/apps.apple.com\/app\/cooking-day-restaurant-game\/id1427191409?uo=5&amp;at=10l9yE","packageID":"com.NewAge.cooking.day"},"showTemplate":1,"s2s_tracking_url":"https:\/\/apps.apple.com\/app\/cooking-day-restaurant-game\/id1427191409?uo=5&amp;at=10l9yE","activeCreativeID":"2113","scenes":["3","2"],"campaignAdType":"Interstitial","productId":"","purchaseBit":0,"licenseKey":""},{"campaignID":"6761","attribution":0,"priority":"5","appToPromote":{"appToPromoteID":"13201","usesDefaultFrameImage":"0","usesDefaultCloseImage":"0","marketURL":"https:\/\/apps.apple.com\/us\/app\/fury-counter-survival-war\/id1472730597?uo=4&amp;at=10l9yE","packageID":"com.aaqibios.fury.terrorist.survival.war"},"showTemplate":1,"s2s_tracking_url":"https:\/\/apps.apple.com\/us\/app\/fury-counter-survival-war\/id1472730597?uo=4&amp;at=10l9yE","activeCreativeID":"1875","scenes":["3","2"],"campaignAdType":"Interstitial","productId":"","purchaseBit":0,"licenseKey":""},{"campaignID":"1423","attribution":0,"priority":"4","appToPromote":{"appToPromoteID":"5227","usesDefaultFrameImage":"0","usesDefaultCloseImage":"0","marketURL":"https:\/\/itunes.apple.com\/in\/app\/8-ball-pool\/id543186831?mt=8","packageID":"id543186831"},"showTemplate":1,"activeCreativeID":null,"scenes":["3","2"],"campaignAdType":"Interstitial","productId":"","purchaseBit":0,"licenseKey":""}],"refreshAdRate":30,"mode":"Production","aspectRatio":"9_16","cdnPath":"https:\/\/df8ymybeo92md.cloudfront.net\/images\/","sentry_log":0,"local_logging":0,"sentry_dsn":"https:\/\/e6dcd89483ae4d13b0f42ed3810d8d62:078421c4ad3d43f19885b30828ce7ee6@sentry.io\/187776","sentry_initialization":1,"sentry_debugging":0,"bannerSizes":["1"],"aspectRatioVideo":"9_16","app_id":"236","showPreRewardedDialogue":0,"showPostRewardedDialogue":0,"rewardCurrency":"coins","rewardValue":0,"isSkipable":0,"privacyPolicyURL":"https:\/\/www.consoliads.com\/privacy-policy\/","sessionToken":"SLEL4QrUUBJjDH15RTZU2Pp1rXN+oe9ULZFOyj45ZakNDBy0h1vJv0uMoqbdstseABGQS7JFE\/HL4yGsCl9Ja4GRaOy+fB69JVBjHLqZKvwuBhuAitU+MYyXcalJLUGf\/n8A2hpzAanhZbjSB4Sf9etQH6jfdjKKCUPcC1o5Tss="}
Session token value is set


{"appKey":"02d11fd9738d97b70b9d22ec1bd2123f","osVersion":"8.0","orientation":"0","is_mac":"0","model":"SM-Nnn0","deviceID":"330","telco_operator":"Azercell","cpu":"0","brand":"Xiaomi","userConsent":"0","internet_connectivity":"0","height":"232","architecture":"0","width":"232","resolution":"1196x720","ram":"3.51 GB ","sdkVersion":"39","product":"mido","devMode":"0"}
cache_ttl value is correct

Refresh Ad Rate value is correct
mode value is set

 Aspect ratio value is correct
sentry_log value is set
local_logging value is set
sentry_initialization value is set
sentry_debugging value is set
showPreRewardedDialogue value is set
showPostRewardedDialogue value is set
isSkipable value is set
{"cache_ttl":10080,"cache_ttl_rewarded":10080,"cache_ttl_banner":10080,"cache_ttl_native":10080,"cache_ttl_icon":10080,"refreshAdRate":30,"mode":"Production","aspectRatio":"9_16","cdnPath":"https:\/\/df8ymybeo92md.cloudfront.net\/images\/","sentry_log":0,"local_logging":0,"sentry_dsn":"https:\/\/93ffa1c9a4124f67b8888a53265f751a:bbf998e04584477fa9a145838e9d3b26@sentry.io\/168994","sentry_initialization":1,"sentry_debugging":0,"bannerSizes":[],"aspectRatioVideo":"9_16","app_id":"238","showPreRewardedDialogue":0,"showPostRewardedDialogue":0,"rewardCurrency":"coins","rewardValue":0,"isSkipable":0,"privacyPolicyURL":"https:\/\/www.consoliads.com\/privacy-policy\/","sessionToken":"mOdPYjhC3J+8ySPLTdGT1uZJWtIXOdUTuGKFrJ8IRImPyC7qID8ncR4+MYlCv\/cZso9gbBm4pC7Q4aEzUXZ9m0onA\/K5QHo1HaHfQPjoy8MV1LOvECRub3JedErS0tRGbHv1xyUBRDTBf4BTXB00dvTVFuMDb9ZX9xQks2hBCio="}
Session token value is set

{"appKey":"17cf37d56026573c47a5d84146b15956","osVersion":"7.0","orientation":"0","is_mac":"0","model":"GT-Snnn0","deviceID":"362","telco_operator":"Oi","cpu":"0","brand":"HONOR","userConsent":"0","internet_connectivity":"0","height":"244","architecture":"aarch64","width":"244","resolution":"1436x720","ram":"1.77 GB","sdkVersion":"22","product":"STK-L21M","devMode":"0"}: Status code not OK,http://52.13.174.6/sheeda/admin/api/startNewAdSession_2 API has failed at 34 NotFound

{"appKey":"de6bde2b521a5e5f071c239a72e6a0be","osVersion":"6.0","orientation":"0","is_mac":"0","model":"GT-Snnn2","deviceID":"63","telco_operator":"Maroc","cpu":"0","brand":"vivo","userConsent":"0","internet_connectivity":"0","height":"125","architecture":"armv8l","width":"125","resolution":"1344x720","ram":"1.68 GB","sdkVersion":"2225","product":"aosp_arm","devMode":"0"}
cache_ttl value is correct

Refresh Ad Rate value is correct
mode value is set

 Aspect ratio value is correct
sentry_log value is set
local_logging value is set
sentry_initialization value is set
sentry_debugging value is set
showPreRewardedDialogue value is set
showPostRewardedDialogue value is set
isSkipable value is set
{"cache_ttl":10080,"cache_ttl_rewarded":10080,"cache_ttl_banner":10080,"cache_ttl_native":10080,"cache_ttl_icon":10080,"campaigns":[{"campaignID":"9262","attribution":0,"priority":"8","appToPromote":{"appToPromoteID":"11407","usesDefaultFrameImage":"0","usesDefaultCloseImage":"0","marketURL":"https:\/\/itunes.apple.com\/us\/app\/rooftop-luxury-restaurant\/id1438205050?mt=8","packageID":"com.giga.rooftop.luxury.restaurant"},"showTemplate":1,"s2s_tracking_url":"https:\/\/itunes.apple.com\/us\/app\/rooftop-luxury-restaurant\/id1438205050?mt=8","activeCreativeID":"4693","scenes":["3","2"],"campaignAdType":"Rewarded Video","productId":"","purchaseBit":0,"licenseKey":""},{"campaignID":"9414","attribution":0,"priority":"6","appToPromote":{"appToPromoteID":"17755","usesDefaultFrameImage":"0","usesDefaultCloseImage":"0","marketURL":"https:\/\/apps.apple.com\/us\/app\/ancient-battle\/id1511642145?uo=4&amp;at=10l9yE","packageID":"com.mandrillvr.AncientBattleioV3"},"showTemplate":1,"s2s_tracking_url":"https:\/\/apps.apple.com\/us\/app\/ancient-battle\/id1511642145?uo=4&amp;at=10l9yE","activeCreativeID":"4831","scenes":["3","2"],"campaignAdType":"Interstitial","productId":"","purchaseBit":0,"licenseKey":""},{"campaignID":"9590","attribution":0,"priority":"6","appToPromote":{"appToPromoteID":"11320","usesDefaultFrameImage":"0","usesDefaultCloseImage":"0","marketURL":"http:\/\/itunes.apple.com\/app\/virtual-airport-police-manager\/id1437518178?uo=5&amp;at=10l9yE","packageID":"com.giga.virtual.airport.police.manager"},"showTemplate":1,"s2s_tracking_url":"http:\/\/itunes.apple.com\/app\/virtual-airport-police-manager\/id1437518178?uo=5&amp;at=10l9yE","activeCreativeID":"4997","scenes":["3","2"],"campaignAdType":"Interstitial","productId":"","purchaseBit":0,"licenseKey":""},{"campaignID":"9591","attribution":0,"priority":"6","appToPromote":{"appToPromoteID":"11320","usesDefaultFrameImage":"0","usesDefaultCloseImage":"0","marketURL":"http:\/\/itunes.apple.com\/app\/virtual-airport-police-manager\/id1437518178?uo=5&amp;at=10l9yE","packageID":"com.giga.virtual.airport.police.manager"},"showTemplate":1,"s2s_tracking_url":"http:\/\/itunes.apple.com\/app\/virtual-airport-police-manager\/id1437518178?uo=5&amp;at=10l9yE","activeCreativeID":"4997","scenes":["3","2"],"campaignAdType":"Interstitial","productId":"","purchaseBit":0,"licenseKey":""},{"campaignID":"1041","attribution":0,"priority":"6","appToPromote":{"appToPromoteID":"5781","usesDefaultFrameImage":"0","usesDefaultCloseImage":"0","marketURL":"https:\/\/itunes.apple.com\/US\/app\/id642727743?","packageID":"id642727743"},"showTemplate":1,"activeCreativeID":null,"scenes":["3","2"],"campaignAdType":"Interstitial","productId":"","purchaseBit":0,"licenseKey":""},{"campaignID":"8628","attribution":0,"priority":"5","appToPromote":{"appToPromoteID":"11082","usesDefaultFrameImage":"0","usesDefaultCloseImage":"0","marketURL":"https:\/\/apps.apple.com\/app\/cooking-day-restaurant-game\/id1427191409?uo=5&amp;at=10l9yE","packageID":"com.NewAge.cooking.day"},"showTemplate":1,"s2s_tracking_url":"https:\/\/apps.apple.com\/app\/cooking-day-restaurant-game\/id1427191409?uo=5&amp;at=10l9yE","activeCreativeID":"2113","scenes":["3","2"],"campaignAdType":"Interstitial","productId":"","purchaseBit":0,"licenseKey":""},{"campaignID":"6761","attribution":0,"priority":"5","appToPromote":{"appToPromoteID":"13201","usesDefaultFrameImage":"0","usesDefaultCloseImage":"0","marketURL":"https:\/\/apps.apple.com\/us\/app\/fury-counter-survival-war\/id1472730597?uo=4&amp;at=10l9yE","packageID":"com.aaqibios.fury.terrorist.survival.war"},"showTemplate":1,"s2s_tracking_url":"https:\/\/apps.apple.com\/us\/app\/fury-counter-survival-war\/id1472730597?uo=4&amp;at=10l9yE","activeCreativeID":"1875","scenes":["3","2"],"campaignAdType":"Interstitial","productId":"","purchaseBit":0,"licenseKey":""},{"campaignID":"1423","attribution":0,"priority":"4","appToPromote":{"appToPromoteID":"5227","usesDefaultFrameImage":"0","usesDefaultCloseImage":"0","marketURL":"https:\/\/itunes.apple.com\/in\/app\/8-ball-pool\/id543186831?mt=8","packageID":"id543186831"},"showTemplate":1,"activeCreativeID":null,"scenes":["3","2"],"campaignAdType":"Interstitial","productId":"","purchaseBit":0,"licenseKey":""}],"refreshAdRate":30,"mode":"Production","aspectRatio":"9_16","cdnPath":"https:\/\/df8ymybeo92md.cloudfront.net\/images\/","sentry_log":0,"local_logging":0,"sentry_dsn":"https:\/\/e6dcd89483ae4d13b0f42ed3810d8d62:078421c4ad3d43f19885b30828ce7ee6@sentry.io\/187776","sentry_initialization":1,"sentry_debugging":0,"bannerSizes":["1"],"aspectRatioVideo":"9_16","app_id":"254","showPreRewardedDialogue":0,"showPostRewardedDialogue":0,"rewardCurrency":"coins","rewardValue":0,"isSkipable":0,"privacyPolicyURL":"https:\/\/www.consoliads.com\/privacy-policy\/","sessionToken":"LdG+tg7ZPZ4V4nwM3ZIJdN6hoLuLhgvt7S2w4kYG14eO4T+8W\/rnvFBgPKlJ0ciq66IlpA54cz3LSHi724485pIeIA8HwPaY1BY8DIsMXZlTwb0C7Xg6Emx0hWuXT2JiUevPJ9Bgiuz6TYd7+4gSSxtM\/KqtjsO6BSADyYoHXU8="}
Session token value is set

{"appKey":"4a72d27f251a0dd2086fdba76fde4535","osVersion":"5.0","orientation":"0","is_mac":"0","model":"xiaomi Mi 4s","deviceID":"934","telco_operator":"Telecom","cpu":"0","brand":"samsung","userConsent":"0","internet_connectivity":"0","height":"473","architecture":"armv7l,","width":"473","resolution":"1024x552","ram":"3.68 GB","sdkVersion":"22","product":"potter","devMode":"0"}: Status code not OK,http://52.13.174.6/sheeda/admin/api/startNewAdSession_2 API has failed at 36 NotFound

{"appKey":"5d5ac66b8796ce7db05414be2136f2cd","osVersion":"4.4","orientation":"0","is_mac":"0","model":"E5673","deviceID":"231","telco_operator":"airtel","cpu":"0","brand":"realme","userConsent":"0","internet_connectivity":"0","height":"192","architecture":"aarch81","width":"192","resolution":"1387x720","ram":"2.75 GB","sdkVersion":"39","product":"iPhone","devMode":"0"}
cache_ttl value is correct

Refresh Ad Rate value is correct
mode value is set

 Aspect ratio value is correct
sentry_log value is set
local_logging value is set
sentry_initialization value is set
sentry_debugging value is set
showPreRewardedDialogue value is set
showPostRewardedDialogue value is set
isSkipable value is set
{"cache_ttl":10080,"cache_ttl_rewarded":10080,"cache_ttl_banner":10080,"cache_ttl_native":10080,"cache_ttl_icon":10080,"refreshAdRate":30,"mode":"Production","aspectRatio":"9_16","cdnPath":"https:\/\/df8ymybeo92md.cloudfront.net\/images\/","sentry_log":0,"local_logging":0,"sentry_dsn":"https:\/\/93ffa1c9a4124f67b8888a53265f751a:bbf998e04584477fa9a145838e9d3b26@sentry.io\/168994","sentry_initialization":1,"sentry_debugging":0,"bannerSizes":[],"aspectRatioVideo":"9_16","app_id":"262","showPreRewardedDialogue":0,"showPostRewardedDialogue":0,"rewardCurrency":"coins","rewardValue":0,"isSkipable":0,"privacyPolicyURL":"https:\/\/www.consoliads.com\/privacy-policy\/","sessionToken":"V6goZ9Gf5L3WLM+hTT\/fnef2TTnzOzWyZJhzsVqu9spCa0zD8hG8R8yyHkTXplbXRcJUQMWUdJWmO6+qnh2bJ+zmcNS9zsOnKzKxpo3ogbe4Mew4wbpx+B4VhD+1TcS\/d9piJIizj38AB0o1DY6pbuRrVdGndKioAHOumm3T0TI="}
Session token value is set


{"appKey":"8e241a59532e953339795dedba3abd02","osVersion":"4.3","orientation":"0","is_mac":"0","model":"E3372","deviceID":"723","telco_operator":"Metfone","cpu":"0","brand":"iPhone","userConsent":"0","internet_connectivity":"0","height":"389","architecture":"aarch81","width":"389","resolution":"1080 x 1920","ram":"1,37 GB","sdkVersion":"39","product":"LUA-U22","devMode":"0"}
cache_ttl value is correct

Refresh Ad Rate value is correct
mode value is set

 Aspect ratio value is correct
sentry_log value is set
local_logging value is set
sentry_initialization value is set
sentry_debugging value is set
showPreRewardedDialogue value is set
showPostRewardedDialogue value is set
isSkipable value is set
{"cache_ttl":10080,"cache_ttl_rewarded":10080,"cache_ttl_banner":10080,"cache_ttl_native":10080,"cache_ttl_icon":10080,"refreshAdRate":30,"mode":"Production","aspectRatio":"9_16","cdnPath":"https:\/\/df8ymybeo92md.cloudfront.net\/images\/","sentry_log":0,"local_logging":0,"sentry_dsn":"na","sentry_initialization":1,"sentry_debugging":0,"bannerSizes":[],"aspectRatioVideo":"9_16","app_id":"264","showPreRewardedDialogue":0,"showPostRewardedDialogue":0,"rewardCurrency":"coins","rewardValue":0,"isSkipable":0,"privacyPolicyURL":"https:\/\/www.consoliads.com\/privacy-policy\/","sessionToken":"sSUoIc0yiIqC89zaupqd8zwNfLWRGpBQjv0pDmlQOCmpW\/4UmeeO5NJ2xben7UJ9LsUhQ3IXnXEA\/Eob2N8nPDy69OPfEuurCToceQ7lcvcA2g6fctENBZQoZREf1KdwAJharKog2cAm+r9Al9GAFddbksMIXtp7sIlc9bG3Ggo="}
Session token value is set


{"appKey":"3b7205551216c71dee6bb11fe3abb1bc","osVersion":"4.2","orientation":"0","is_mac":"0","model":"iphone 3GS","deviceID":"486","telco_operator":" Ooredoo","cpu":"0","brand":"OPPO","userConsent":"0","internet_connectivity":"0","height":"294","architecture":"armv64","width":"294","resolution":"1440 x 2960","ram":"3.69 GB","sdkVersion":"60","product":"BKK-LX2","devMode":"0"}
cache_ttl value is correct

Refresh Ad Rate value is correct
mode value is set

 Aspect ratio value is correct
sentry_log value is set
local_logging value is set
sentry_initialization value is set
sentry_debugging value is set
showPreRewardedDialogue value is set
showPostRewardedDialogue value is set
isSkipable value is set
{"cache_ttl":10080,"cache_ttl_rewarded":10080,"cache_ttl_banner":10080,"cache_ttl_native":10080,"cache_ttl_icon":10080,"refreshAdRate":30,"mode":"Production","aspectRatio":"9_16","cdnPath":"https:\/\/df8ymybeo92md.cloudfront.net\/images\/","sentry_log":0,"local_logging":0,"sentry_dsn":"https:\/\/e6dcd89483ae4d13b0f42ed3810d8d62:078421c4ad3d43f19885b30828ce7ee6@sentry.io\/187776","sentry_initialization":1,"sentry_debugging":0,"bannerSizes":[],"aspectRatioVideo":"9_16","app_id":"266","showPreRewardedDialogue":0,"showPostRewardedDialogue":0,"rewardCurrency":"coins","rewardValue":0,"isSkipable":0,"privacyPolicyURL":"https:\/\/www.consoliads.com\/privacy-policy\/","sessionToken":"doI+xM\/3CBIlFkh7NnckyD31aluoUCw43p9cml5ui7WiNIENWO6f7KnjoQDoxCIaVBY6CzLrad\/FLj4Gsjd89N8ineQhzHj2WEH5kJUxFJjxmtSOTPVOQI\/2AZ8Mr4TgL0AGzzA9Sy+WCvhqvfxpGYRY2oh4L21LgmdzB04Y3oo="}
Session token value is set


{"appKey":"85c4d47a991c399e517b435dcd008465","osVersion":"9.0","orientation":"0","is_mac":"0","model":"GT-Nnnn0","deviceID":"337","telco_operator":"","cpu":"0","brand":"HUAWEI","userConsent":"0","internet_connectivity":"0","height":"234","architecture":"","width":"234","resolution":"1280x720","ram":"953,45 MB","sdkVersion":"39","product":"j7xeltexx","devMode":"0"}
cache_ttl value is correct

Refresh Ad Rate value is correct
mode value is set

 Aspect ratio value is correct
sentry_log value is set
local_logging value is set
sentry_initialization value is set
sentry_debugging value is set
showPreRewardedDialogue value is set
showPostRewardedDialogue value is set
isSkipable value is set
{"cache_ttl":10080,"cache_ttl_rewarded":10080,"cache_ttl_banner":10080,"cache_ttl_native":10080,"cache_ttl_icon":10080,"refreshAdRate":30,"mode":"Production","aspectRatio":"9_16","cdnPath":"https:\/\/df8ymybeo92md.cloudfront.net\/images\/","sentry_log":0,"local_logging":0,"sentry_dsn":"https:\/\/93ffa1c9a4124f67b8888a53265f751a:bbf998e04584477fa9a145838e9d3b26@sentry.io\/168994","sentry_initialization":1,"sentry_debugging":0,"bannerSizes":[],"aspectRatioVideo":"9_16","app_id":"268","showPreRewardedDialogue":0,"showPostRewardedDialogue":0,"rewardCurrency":"coins","rewardValue":0,"isSkipable":0,"privacyPolicyURL":"https:\/\/www.consoliads.com\/privacy-policy\/","sessionToken":"xV+fuwBust+X4OrqzFZs0LA8XWTkMccZgVtEK9eEB31dPTW2vf4821j+Y0iB3Ul7aYHpvwaklTBzCJWCKRG3ubzUZP7Fl404fWYWw302E48dAIO8Dfa1chUOQ3Y+vfPMSNTD0w0hvDiaQC6StmUlWZ+JIhn2bsG6KeBb\/qpNRl8="}
Session token value is set


{"appKey":"60f88b014c5b906cbedc0f072040fb65","osVersion":"8.0","orientation":"0","is_mac":"0","model":"SM-Nnn0","deviceID":"470","telco_operator":"Azercell","cpu":"0","brand":"Xiaomi","userConsent":"0","internet_connectivity":"0","height":"288","architecture":"0","width":"288","resolution":"1196x720","ram":"3.51 GB ","sdkVersion":"39","product":"mido","devMode":"0"}
cache_ttl value is correct

Refresh Ad Rate value is correct
mode value is set

 Aspect ratio value is correct
sentry_log value is set
local_logging value is set
sentry_initialization value is set
sentry_debugging value is set
showPreRewardedDialogue value is set
showPostRewardedDialogue value is set
isSkipable value is set
{"cache_ttl":10080,"cache_ttl_rewarded":10080,"cache_ttl_banner":10080,"cache_ttl_native":10080,"cache_ttl_icon":10080,"refreshAdRate":30,"mode":"Production","aspectRatio":"9_16","cdnPath":"https:\/\/df8ymybeo92md.cloudfront.net\/images\/","sentry_log":0,"local_logging":0,"sentry_dsn":"https:\/\/93ffa1c9a4124f67b8888a53265f751a:bbf998e04584477fa9a145838e9d3b26@sentry.io\/168994","sentry_initialization":1,"sentry_debugging":0,"bannerSizes":[],"aspectRatioVideo":"9_16","app_id":"271","showPreRewardedDialogue":0,"showPostRewardedDialogue":0,"rewardCurrency":"coins","rewardValue":0,"isSkipable":0,"privacyPolicyURL":"https:\/\/www.consoliads.com\/privacy-policy\/","sessionToken":"YbZk1F8qB5ggjTBzfCvoFDmbSrJksudhe7s6RnSf\/kz6QiVErr4YJuvPXa8nbJfSZWjXhgar+0\/FA30\/ykUwbXJek7RGUTD1Id1oQubyPgalSYnjxvuK+KWGqOBt3+yOscXJ7SYOqCuIqp1JclfMfLPAfAJ0VvJKII5NNIHhhkI="}
Session token value is set


{"appKey":"cc7c0dc3617dc403b90811916faee5c0","osVersion":"7.0","orientation":"0","is_mac":"0","model":"GT-Snnn0","deviceID":"320","telco_operator":"Oi","cpu":"0","brand":"HONOR","userConsent":"0","internet_connectivity":"0","height":"228","architecture":"aarch64","width":"228","resolution":"1436x720","ram":"1.77 GB","sdkVersion":"39","product":"STK-L21M","devMode":"0"}
cache_ttl value is correct

Refresh Ad Rate value is correct
mode value is set

 Aspect ratio value is correct
sentry_log value is set
local_logging value is set
sentry_initialization value is set
sentry_debugging value is set
showPreRewardedDialogue value is set
showPostRewardedDialogue value is set
isSkipable value is set
{"cache_ttl":10080,"cache_ttl_rewarded":10080,"cache_ttl_banner":10080,"cache_ttl_native":10080,"cache_ttl_icon":10080,"refreshAdRate":30,"mode":"Production","aspectRatio":"9_16","cdnPath":"https:\/\/df8ymybeo92md.cloudfront.net\/images\/","sentry_log":0,"local_logging":0,"sentry_dsn":"https:\/\/93ffa1c9a4124f67b8888a53265f751a:bbf998e04584477fa9a145838e9d3b26@sentry.io\/168994","sentry_initialization":1,"sentry_debugging":0,"bannerSizes":[],"aspectRatioVideo":"9_16","app_id":"280","showPreRewardedDialogue":0,"showPostRewardedDialogue":0,"rewardCurrency":"coins","rewardValue":0,"isSkipable":0,"privacyPolicyURL":"https:\/\/www.consoliads.com\/privacy-policy\/","sessionToken":"jACmfmLlScgeMWbXisdOxEvCHDqZ86Sua1S4Muvo9yLCA3f9UzZh5KtWYE+n0mRN76XkaZV6RLv8HEacJvbVTG\/lwa3Rebu\/JzgxnYGm81HpNf6voj9uiRNfD3wJxCTt6b\/ICfSbdFq5SwuQGLMIRjr+drorIbg5mN7Kz2h2yrI="}
Session token value is set


{"appKey":"096d387c0358e27c2d39b783d06790f4","osVersion":"6.0","orientation":"0","is_mac":"0","model":"GT-Snnn2","deviceID":"976","telco_operator":"Maroc","cpu":"0","brand":"vivo","userConsent":"0","internet_connectivity":"0","height":"490","architecture":"armv8l","width":"490","resolution":"1344x720","ram":"1.68 GB","sdkVersion":"39","product":"aosp_arm","devMode":"0"}
cache_ttl value is correct

Refresh Ad Rate value is correct
mode value is set

 Aspect ratio value is correct
sentry_log value is set
local_logging value is set
sentry_initialization value is set
sentry_debugging value is set
showPreRewardedDialogue value is set
showPostRewardedDialogue value is set
isSkipable value is set
{"cache_ttl":10080,"cache_ttl_rewarded":10080,"cache_ttl_banner":10080,"cache_ttl_native":10080,"cache_ttl_icon":10080,"refreshAdRate":30,"mode":"Production","aspectRatio":"9_16","cdnPath":"https:\/\/df8ymybeo92md.cloudfront.net\/images\/","sentry_log":0,"local_logging":0,"sentry_dsn":"na","sentry_initialization":1,"sentry_debugging":0,"bannerSizes":[],"aspectRatioVideo":"9_16","app_id":"282","showPreRewardedDialogue":0,"showPostRewardedDialogue":0,"rewardCurrency":"coins","rewardValue":0,"isSkipable":0,"privacyPolicyURL":"https:\/\/www.consoliads.com\/privacy-policy\/","sessionToken":"zc44ecMDqD0gNRHEj42B8Ca25a50KJz8xIE7WL9MJjpTp5nllW8ct5WHEh70wYsGJPCqLAQoVrppT9vozrxoYZMeKj5dL8NYE6sVutcUarLEhBBGmBVP3tRnkcCxg\/+3BkK3I5CQeSQjOKxPF9UfmPv8tGQmco20Ims5ol+NRAw="}
Session token value is set

{"appKey":"b810ee887d6bed36479ac5884904ecad","osVersion":"5.0","orientation":"0","is_mac":"0","model":"xiaomi Mi 4s","deviceID":"990","telco_operator":"Telecom","cpu":"0","brand":"samsung","userConsent":"0","internet_connectivity":"0","height":"496","architecture":"armv7l,","width":"496","resolution":"1024x552","ram":"3.68 GB","sdkVersion":"22","product":"potter","devMode":"0"}: Status code not OK,http://52.13.174.6/sheeda/admin/api/startNewAdSession_2 API has failed at 44 NotFound

{"appKey":"e4f563b27676d79d2981b8bb53fd765b","osVersion":"4.4","orientation":"0","is_mac":"0","model":"E5673","deviceID":"123","telco_operator":"airtel","cpu":"0","brand":"realme","userConsent":"0","internet_connectivity":"0","height":"149","architecture":"aarch81","width":"149","resolution":"1387x720","ram":"2.75 GB","sdkVersion":"39","product":"iPhone","devMode":"0"}
cache_ttl value is correct

Refresh Ad Rate value is correct
mode value is set

 Aspect ratio value is correct
sentry_log value is set
local_logging value is set
sentry_initialization value is set
sentry_debugging value is set
showPreRewardedDialogue value is set
showPostRewardedDialogue value is set
isSkipable value is set
{"cache_ttl":10080,"cache_ttl_rewarded":10080,"cache_ttl_banner":10080,"cache_ttl_native":10080,"cache_ttl_icon":10080,"refreshAdRate":30,"mode":"Production","aspectRatio":"9_16","cdnPath":"https:\/\/df8ymybeo92md.cloudfront.net\/images\/","sentry_log":0,"local_logging":0,"sentry_dsn":"https:\/\/93ffa1c9a4124f67b8888a53265f751a:bbf998e04584477fa9a145838e9d3b26@sentry.io\/168994","sentry_initialization":1,"sentry_debugging":0,"bannerSizes":[],"aspectRatioVideo":"9_16","app_id":"301","showPreRewardedDialogue":0,"showPostRewardedDialogue":0,"rewardCurrency":"coins","rewardValue":0,"isSkipable":0,"privacyPolicyURL":"https:\/\/www.consoliads.com\/privacy-policy\/","sessionToken":"qIF7zBl8id20ttHC\/xYOo\/x8bg7LRayWILQBm9G8J+QLzNqcK+JpV2mbLjEnpTLQ7qRvnJByWn3HiKjYrQx7SsYNaYPO4pwkfGUGcWfFcEC8qdddstBA8tfR5OCHuLNeWFDyv2nD6\/rVJl7ANiboynpeqMXIrkcNzwPMRy2AYS8="}
Session token value is set

{"appKey":"eb62767ca2ab6872a737bde125c18e94","osVersion":"4.3","orientation":"0","is_mac":"0","model":"E3372","deviceID":"137","telco_operator":"Metfone","cpu":"0","brand":"iPhone","userConsent":"0","internet_connectivity":"0","height":"155","architecture":"aarch81","width":"155","resolution":"1080 x 1920","ram":"1,37 GB","sdkVersion":"22","product":"LUA-U22","devMode":"0"}: Status code not OK,http://52.13.174.6/sheeda/admin/api/startNewAdSession_2 API has failed at 46 NotFound
{"appKey":"71ee363c926a2d86eba2e0ed056d7667","osVersion":"4.2","orientation":"0","is_mac":"0","model":"iphone 3GS","deviceID":"75","telco_operator":" Ooredoo","cpu":"0","brand":"OPPO","userConsent":"0","internet_connectivity":"0","height":"130","architecture":"armv64","width":"130","resolution":"1440 x 2960","ram":"3.69 GB","sdkVersion":"22","product":"BKK-LX2","devMode":"0"}: Status code not OK,http://52.13.174.6/sheeda/admin/api/startNewAdSession_2 API has failed at 47 NotFound

{"appKey":"a721516b8f46a3bee645d61ef55d0769","osVersion":"9.0","orientation":"0","is_mac":"0","model":"GT-Nnnn0","deviceID":"372","telco_operator":"","cpu":"0","brand":"HUAWEI","userConsent":"0","internet_connectivity":"0","height":"248","architecture":"","width":"248","resolution":"1280x720","ram":"953,45 MB","sdkVersion":"39","product":"j7xeltexx","devMode":"0"}
cache_ttl value is correct

Refresh Ad Rate value is correct
mode value is set

 Aspect ratio value is correct
sentry_log value is set
local_logging value is set
sentry_initialization value is set
sentry_debugging value is set
showPreRewardedDialogue value is set
showPostRewardedDialogue value is set
isSkipable value is set
{"cache_ttl":10080,"cache_ttl_rewarded":10080,"cache_ttl_banner":10080,"cache_ttl_native":10080,"cache_ttl_icon":10080,"refreshAdRate":30,"mode":"Production","aspectRatio":"9_16","cdnPath":"https:\/\/df8ymybeo92md.cloudfront.net\/images\/","sentry_log":0,"local_logging":0,"sentry_dsn":"https:\/\/93ffa1c9a4124f67b8888a53265f751a:bbf998e04584477fa9a145838e9d3b26@sentry.io\/168994","sentry_initialization":1,"sentry_debugging":0,"bannerSizes":[],"aspectRatioVideo":"9_16","app_id":"310","showPreRewardedDialogue":0,"showPostRewardedDialogue":0,"rewardCurrency":"coins","rewardValue":0,"isSkipable":0,"privacyPolicyURL":"https:\/\/www.consoliads.com\/privacy-policy\/","sessionToken":"0nk7eQvIl8EmqD2cLYE363UF8eKrrT8yrpXxYsojKh5lLKJERrFBbbwQi9rkhMlzsxdIFKtM17ka3CHDz6ditYoerLE87Yvl2BtYMaH9q6uJAWAVbHjsC1hSyLXxiJ0Mm6xECSouQtsW29tIPHRJcLF1fdh\/u82NOlmvt8qi68E="}
Session token value is set


{"appKey":"cffdf6d34f1a66b74f85bb6f728ab84c","osVersion":"8.0","orientation":"0","is_mac":"0","model":"SM-Nnn0","deviceID":"581","telco_operator":"Azercell","cpu":"0","brand":"Xiaomi","userConsent":"0","internet_connectivity":"0","height":"332","architecture":"0","width":"332","resolution":"1196x720","ram":"3.51 GB ","sdkVersion":"39","product":"mido","devMode":"0"}
cache_ttl value is correct

Refresh Ad Rate value is correct
mode value is set

 Aspect ratio value is correct
sentry_log value is set
local_logging value is set
sentry_initialization value is set
sentry_debugging value is set
showPreRewardedDialogue value is set
showPostRewardedDialogue value is set
isSkipable value is set
{"cache_ttl":10080,"cache_ttl_rewarded":10080,"cache_ttl_banner":10080,"cache_ttl_native":10080,"cache_ttl_icon":10080,"refreshAdRate":30,"mode":"Production","aspectRatio":"9_16","cdnPath":"https:\/\/df8ymybeo92md.cloudfront.net\/images\/","sentry_log":0,"local_logging":0,"sentry_dsn":"https:\/\/93ffa1c9a4124f67b8888a53265f751a:bbf998e04584477fa9a145838e9d3b26@sentry.io\/168994","sentry_initialization":1,"sentry_debugging":0,"bannerSizes":[],"aspectRatioVideo":"9_16","app_id":"316","showPreRewardedDialogue":0,"showPostRewardedDialogue":0,"rewardCurrency":"coins","rewardValue":0,"isSkipable":0,"privacyPolicyURL":"https:\/\/www.consoliads.com\/privacy-policy\/","sessionToken":"owr3+oiOuikirYXiC\/7bxB2+J+sXIjEn5Ibl3CLggxLUNMOOip46sR2QDwAILNO1MZ29IT9WxB77g+aADTMYoDn1GouIENO8Uc2bJ6D4sTCYBqQJhSpF8rcBgUQ2zWuakFxdCo5Xb1K9bepAWmZ1W8\/iHznRmAn4i136lhRe3qE="}
Session token value is set

</DebugTrace>
      </Output>
    </UnitTestResult>
    <UnitTestResult executionId="371f73db-a94d-460f-a5db-0a2f5b8c3c61" testId="f70c910a-cc07-24cb-0d1c-bc2c00fc396f" testName="G_SyncAppunityMainMethodCodeGenerator" computerName="DESKTOP-5AJ0SB3" duration="00:01:17.2791288" startTime="2021-01-06T14:25:27.6242345+05:00" endTime="2021-01-06T14:26:44.9090529+05:00" testType="13cdc9d9-ddb5-4fa4-a97d-d965ccfc6d4b" outcome="Passed" testListId="8c84fa94-04c1-424b-9868-57a2d4851a1d" relativeResultsDirectory="371f73db-a94d-460f-a5db-0a2f5b8c3c61">
      <Output>
        <DebugTrace>****************** http://52.13.174.6/sheeda/admin/api/startNewAdSession_2
****************** SELECT apps.package,apps.title,apps.companyID, apps.osID , users.userSignature, apps.appVersionCode, apps.appVersionName FROM apps 
 join users ON apps.companyID = users.companyID where apps.app_type = 'app' AND apps.sdkID &gt; 20 And users.isAdmin = 1 AND users.status = 1 ORDER BY companyID ASC
LIMIT 50



****************** 
****************** select adID from ads where ad_type != 'analytics';
****************** select adID from ads where ad_type != 'analytics' and ad_type ='interstitial'
****************** select adID from ads where ad_type != 'analytics' and ad_type ='banner'
****************** select adID from ads where ad_type != 'analytics' and ad_type ='native'
****************** select adID from ads where ad_type != 'analytics' and ad_type ='rewarded_video'
****************** SELECT sdkID, ver FROM `sdk_info` WHERE `description` LIKE '%mediation unity%' AND sdkID &gt; 2173 LIMIT 50
****************** 
****************** http://52.13.174.6/sheeda/admin/json/syncApp
****************** http://52.13.174.6/sheeda/admin/json/syncApp
****************** http://52.13.174.6/sheeda/admin/json/syncApp
****************** http://52.13.174.6/sheeda/admin/json/syncApp
****************** http://52.13.174.6/sheeda/admin/json/syncApp
****************** http://52.13.174.6/sheeda/admin/json/syncApp
****************** http://52.13.174.6/sheeda/admin/json/syncApp
****************** http://52.13.174.6/sheeda/admin/json/syncApp
Ads mediation queue value is set
child directed value is set
Sequences value is set
Is hide ads value is set
****************** http://52.13.174.6/sheeda/admin/json/syncApp
****************** http://52.13.174.6/sheeda/admin/json/syncApp
****************** http://52.13.174.6/sheeda/admin/json/syncApp
****************** http://52.13.174.6/sheeda/admin/json/syncApp
****************** http://52.13.174.6/sheeda/admin/json/syncApp
****************** http://52.13.174.6/sheeda/admin/json/syncApp
****************** http://52.13.174.6/sheeda/admin/json/syncApp
****************** http://52.13.174.6/sheeda/admin/json/syncApp
****************** http://52.13.174.6/sheeda/admin/json/syncApp
****************** http://52.13.174.6/sheeda/admin/json/syncApp
****************** http://52.13.174.6/sheeda/admin/json/syncApp
****************** http://52.13.174.6/sheeda/admin/json/syncApp
****************** http://52.13.174.6/sheeda/admin/json/syncApp
****************** http://52.13.174.6/sheeda/admin/json/syncApp
Ads mediation queue value is set
child directed value is set
Sequences value is set
Is hide ads value is set
****************** http://52.13.174.6/sheeda/admin/json/syncApp
****************** http://52.13.174.6/sheeda/admin/json/syncApp
****************** http://52.13.174.6/sheeda/admin/json/syncApp
****************** http://52.13.174.6/sheeda/admin/json/syncApp
Ads mediation queue value is set
child directed value is set
Sequences value is set
Is hide ads value is set
****************** http://52.13.174.6/sheeda/admin/json/syncApp
****************** http://52.13.174.6/sheeda/admin/json/syncApp
****************** http://52.13.174.6/sheeda/admin/json/syncApp
****************** http://52.13.174.6/sheeda/admin/json/syncApp
****************** http://52.13.174.6/sheeda/admin/json/syncApp
****************** http://52.13.174.6/sheeda/admin/json/syncApp
****************** http://52.13.174.6/sheeda/admin/json/syncApp
****************** http://52.13.174.6/sheeda/admin/json/syncApp
****************** http://52.13.174.6/sheeda/admin/json/syncApp
****************** http://52.13.174.6/sheeda/admin/json/syncApp
****************** http://52.13.174.6/sheeda/admin/json/syncApp
****************** http://52.13.174.6/sheeda/admin/json/syncApp
****************** http://52.13.174.6/sheeda/admin/json/syncApp
****************** http://52.13.174.6/sheeda/admin/json/syncApp
****************** http://52.13.174.6/sheeda/admin/json/syncApp
****************** http://52.13.174.6/sheeda/admin/json/syncApp
****************** http://52.13.174.6/sheeda/admin/json/syncApp
****************** http://52.13.174.6/sheeda/admin/json/syncApp
Ads mediation queue value is set
child directed value is set
Sequences value is set
Is hide ads value is set
****************** http://52.13.174.6/sheeda/admin/json/syncApp
****************** http://52.13.174.6/sheeda/admin/json/syncApp
****************** http://52.13.174.6/sheeda/admin/json/syncApp
****************** http://52.13.174.6/sheeda/admin/json/syncApp
****************** http://52.13.174.6/sheeda/admin/json/syncApp
****************** http://52.13.174.6/sheeda/admin/json/syncApp
****************** http://52.13.174.6/sheeda/admin/json/syncApp
****************** http://52.13.174.6/sheeda/admin/json/syncApp
Ads mediation queue value is set
child directed value is set
Sequences value is set
Is hide ads value is set
****************** http://52.13.174.6/sheeda/admin/json/syncApp
****************** http://52.13.174.6/sheeda/admin/json/syncApp
Ads mediation queue value is set
child directed value is set
Sequences value is set
Is hide ads value is set
****************** http://52.13.174.6/sheeda/admin/json/syncApp
****************** http://52.13.174.6/sheeda/admin/json/syncApp
****************** http://52.13.174.6/sheeda/admin/json/syncApp
****************** http://52.13.174.6/sheeda/admin/json/syncApp
Ads mediation queue value is set
child directed value is set
Sequences value is set
Is hide ads value is set
****************** http://52.13.174.6/sheeda/admin/json/syncApp
****************** http://52.13.174.6/sheeda/admin/json/syncApp
****************** http://52.13.174.6/sheeda/admin/json/syncApp
****************** http://52.13.174.6/sheeda/admin/json/syncApp
Ads mediation queue value is set
child directed value is set
Sequences value is set
Is hide ads value is set
****************** http://52.13.174.6/sheeda/admin/json/syncApp
****************** http://52.13.174.6/sheeda/admin/json/syncApp
****************** http://52.13.174.6/sheeda/admin/json/syncApp
****************** http://52.13.174.6/sheeda/admin/json/syncApp
****************** http://52.13.174.6/sheeda/admin/json/syncApp
****************** http://52.13.174.6/sheeda/admin/json/syncApp
****************** http://52.13.174.6/sheeda/admin/json/syncApp
****************** http://52.13.174.6/sheeda/admin/json/syncApp
****************** http://52.13.174.6/sheeda/admin/json/syncApp
****************** http://52.13.174.6/sheeda/admin/json/syncApp
****************** http://52.13.174.6/sheeda/admin/json/syncApp
****************** http://52.13.174.6/sheeda/admin/json/syncApp
****************** http://52.13.174.6/sheeda/admin/json/syncApp
****************** http://52.13.174.6/sheeda/admin/json/syncApp
****************** http://52.13.174.6/sheeda/admin/json/syncApp
****************** http://52.13.174.6/sheeda/admin/json/syncApp
****************** http://52.13.174.6/sheeda/admin/json/syncApp
****************** http://52.13.174.6/sheeda/admin/json/syncApp
Ads mediation queue value is set
child directed value is set
Sequences value is set
Is hide ads value is set
****************** http://52.13.174.6/sheeda/admin/json/syncApp
****************** http://52.13.174.6/sheeda/admin/json/syncApp
****************** http://52.13.174.6/sheeda/admin/json/syncApp
****************** http://52.13.174.6/sheeda/admin/json/syncApp
****************** http://52.13.174.6/sheeda/admin/json/syncApp
****************** http://52.13.174.6/sheeda/admin/json/syncApp
****************** http://52.13.174.6/sheeda/admin/json/syncApp
****************** http://52.13.174.6/sheeda/admin/json/syncApp
****************** http://52.13.174.6/sheeda/admin/json/syncApp
****************** http://52.13.174.6/sheeda/admin/json/syncApp
****************** http://52.13.174.6/sheeda/admin/json/syncApp
****************** http://52.13.174.6/sheeda/admin/json/syncApp
****************** http://52.13.174.6/sheeda/admin/json/syncApp
****************** http://52.13.174.6/sheeda/admin/json/syncApp
****************** http://52.13.174.6/sheeda/admin/json/syncApp
****************** http://52.13.174.6/sheeda/admin/json/syncApp
****************** http://52.13.174.6/sheeda/admin/json/syncApp
****************** http://52.13.174.6/sheeda/admin/json/syncApp
Ads mediation queue value is set
child directed value is set
Sequences value is set
Is hide ads value is set
****************** http://52.13.174.6/sheeda/admin/json/syncApp
****************** http://52.13.174.6/sheeda/admin/json/syncApp
</DebugTrace>
      </Output>
    </UnitTestResult>
    <UnitTestResult executionId="0865b126-1cd9-4822-a1d4-b850c8705494" testId="4d0749f1-2acf-bf6d-9151-b617319ecfaf" testName="F_SyncUserDeviceMainMethodCodeGenerator" computerName="DESKTOP-5AJ0SB3" duration="00:01:13.2195148" startTime="2021-01-06T14:26:44.9130208+05:00" endTime="2021-01-06T14:27:58.1405888+05:00" testType="13cdc9d9-ddb5-4fa4-a97d-d965ccfc6d4b" outcome="Passed" testListId="8c84fa94-04c1-424b-9868-57a2d4851a1d" relativeResultsDirectory="0865b126-1cd9-4822-a1d4-b850c8705494">
      <Output>
        <DebugTrace>****************** http://52.13.174.6/sheeda/admin/analytics/syncUserDevice
****************** SELECT apps.package, apps.appID, apps.osID, apps.companyID, apps.sdkID, sdk_info.ver, apps.appVersionCode, apps.appVersionName FROM apps INNER JOIN sdk_info ON apps.sdkID = sdk_info.sdkID WHERE apps.sdkID &gt; 20 LIMIT 50
****************** 
****************** select adID from ads where ad_type != 'analytics';
****************** 
****************** http://52.13.174.6/sheeda/admin/analytics/syncUserDevice
AM mode is working fine
child directed value is set
Sequences value is set
Is hide ads value is set
Mediation mode value is set
Ads mediation queue value is set
Message value is completed
****************** http://52.13.174.6/sheeda/admin/analytics/syncUserDevice
{"package":"com.whitesand.farm.water.supply","appVersionCode":"","appVersionName":"","nativeApp":"0","store":"41","uniqueDeviceID":"574","appID":"","deviceID":"","region":"","adsQueueEventStats ":[{"adID":"1","sceneID":"2"," request":"58"," impression":"58"," click":"58"}],"gssdkVersion":"2.0.3","sdkVersionID":"21","sdkVersion":"21","devMode":"0"}: message value is other then completed,http://52.13.174.6/sheeda/admin/analytics/syncUserDeviceapi is failed
****************** http://52.13.174.6/sheeda/admin/analytics/syncUserDevice
AM mode is working fine
Message value is completed
****************** http://52.13.174.6/sheeda/admin/analytics/syncUserDevice
AM mode is working fine
Message value is completed
****************** http://52.13.174.6/sheeda/admin/analytics/syncUserDevice
****************** http://52.13.174.6/sheeda/admin/analytics/syncUserDevice
AM mode is working fine
Message value is completed
****************** http://52.13.174.6/sheeda/admin/analytics/syncUserDevice
{"package":"com.amazing.gamez.airplane.car.transporter.pilot","appVersionCode":"","appVersionName":"","nativeApp":"0","store":"41","uniqueDeviceID":"2821","appID":"","deviceID":"","region":"","adsQueueEventStats ":[{"adID":"6","sceneID":"8"," request":"282"," impression":"282"," click":"282"}],"gssdkVersion":"3.2.2","sdkVersionID":"39","sdkVersion":"39","devMode":"0"}: message value is other then completed,http://52.13.174.6/sheeda/admin/analytics/syncUserDeviceapi is failed
****************** http://52.13.174.6/sheeda/admin/analytics/syncUserDevice
{"package":"com.amazing.gamez.airplane.car.transporter.pilot","appVersionCode":"","appVersionName":"","nativeApp":"0","store":"43","uniqueDeviceID":"2265","appID":"","deviceID":"","region":"","adsQueueEventStats ":[{"adID":"7","sceneID":"6"," request":"227"," impression":"227"," click":"227"}],"gssdkVersion":"3.2.2","sdkVersionID":"39","sdkVersion":"39","devMode":"0"}: message value is other then completed,http://52.13.174.6/sheeda/admin/analytics/syncUserDeviceapi is failed
****************** http://52.13.174.6/sheeda/admin/analytics/syncUserDevice
{"package":"com.amazing.gamez.snow.plow.truck.simulator","appVersionCode":"","appVersionName":"","nativeApp":"0","store":"41","uniqueDeviceID":"6485","appID":"","deviceID":"","region":"","adsQueueEventStats ":[{"adID":"8","sceneID":"17"," request":"648"," impression":"648"," click":"648"}],"gssdkVersion":"3.2.2","sdkVersionID":"39","sdkVersion":"39","devMode":"0"}: message value is other then completed,http://52.13.174.6/sheeda/admin/analytics/syncUserDeviceapi is failed
****************** http://52.13.174.6/sheeda/admin/analytics/syncUserDevice
AM mode is working fine
Message value is completed
****************** http://52.13.174.6/sheeda/admin/analytics/syncUserDevice
****************** http://52.13.174.6/sheeda/admin/analytics/syncUserDevice
****************** http://52.13.174.6/sheeda/admin/analytics/syncUserDevice
AM mode is working fine
Message value is completed
****************** http://52.13.174.6/sheeda/admin/analytics/syncUserDevice
AM mode is working fine
Message value is completed
****************** http://52.13.174.6/sheeda/admin/analytics/syncUserDevice
****************** http://52.13.174.6/sheeda/admin/analytics/syncUserDevice
{"package":"com.amazing.gamez.airplane.car.transporter.pilot","appVersionCode":"","appVersionName":"","nativeApp":"0","store":"42","uniqueDeviceID":"3685","appID":"","deviceID":"","region":"","adsQueueEventStats ":[{"adID":"18","sceneID":"10"," request":"369"," impression":"369"," click":"369"}],"gssdkVersion":"3.2.2","sdkVersionID":"39","sdkVersion":"39","devMode":"0"}: message value is other then completed,http://52.13.174.6/sheeda/admin/analytics/syncUserDeviceapi is failed
****************** http://52.13.174.6/sheeda/admin/analytics/syncUserDevice
{"package":"com.amazing.gamez.off.road.hill.climb","appVersionCode":"","appVersionName":"","nativeApp":"0","store":"41","uniqueDeviceID":"1493","appID":"","deviceID":"","region":"","adsQueueEventStats ":[{"adID":"19","sceneID":"4"," request":"150"," impression":"150"," click":"150"}],"gssdkVersion":"3.2.2","sdkVersionID":"39","sdkVersion":"39","devMode":"0"}: message value is other then completed,http://52.13.174.6/sheeda/admin/analytics/syncUserDeviceapi is failed
****************** http://52.13.174.6/sheeda/admin/analytics/syncUserDevice
{"package":"com.amazing.gamez.off.road.hill.climb","appVersionCode":"","appVersionName":"","nativeApp":"0","store":"43","uniqueDeviceID":"5713","appID":"","deviceID":"","region":"","adsQueueEventStats ":[{"adID":"20","sceneID":"15"," request":"571"," impression":"571"," click":"571"}],"gssdkVersion":"3.2.2","sdkVersionID":"39","sdkVersion":"39","devMode":"0"}: message value is other then completed,http://52.13.174.6/sheeda/admin/analytics/syncUserDeviceapi is failed
****************** http://52.13.174.6/sheeda/admin/analytics/syncUserDevice
****************** http://52.13.174.6/sheeda/admin/analytics/syncUserDevice
AM mode is working fine
Message value is completed
****************** http://52.13.174.6/sheeda/admin/analytics/syncUserDevice
AM mode is working fine
Message value is completed
****************** http://52.13.174.6/sheeda/admin/analytics/syncUserDevice
AM mode is working fine
Message value is completed
****************** http://52.13.174.6/sheeda/admin/analytics/syncUserDevice
AM mode is working fine
Message value is completed
****************** http://52.13.174.6/sheeda/admin/analytics/syncUserDevice
{"package":"com.amazing.gamez.share.attack.survival.simulator","appVersionCode":"","appVersionName":"","nativeApp":"0","store":"42","uniqueDeviceID":"2596","appID":"","deviceID":"","region":"","adsQueueEventStats ":[{"adID":"26","sceneID":"7"," request":"260"," impression":"260"," click":"260"}],"gssdkVersion":"3.2.2","sdkVersionID":"39","sdkVersion":"39","devMode":"0"}: message value is other then completed,http://52.13.174.6/sheeda/admin/analytics/syncUserDeviceapi is failed
****************** http://52.13.174.6/sheeda/admin/analytics/syncUserDevice
****************** http://52.13.174.6/sheeda/admin/analytics/syncUserDevice
{"package":"com.amazing.gamez.counter.terrorist.force","appVersionCode":"","appVersionName":"","nativeApp":"0","store":"41","uniqueDeviceID":"2847","appID":"","deviceID":"","region":"","adsQueueEventStats ":[{"adID":"28","sceneID":"8"," request":"285"," impression":"285"," click":"285"}],"gssdkVersion":"3.2.2","sdkVersionID":"39","sdkVersion":"39","devMode":"0"}: message value is other then completed,http://52.13.174.6/sheeda/admin/analytics/syncUserDeviceapi is failed
****************** http://52.13.174.6/sheeda/admin/analytics/syncUserDevice
AM mode is working fine
Message value is completed
****************** http://52.13.174.6/sheeda/admin/analytics/syncUserDevice
AM mode is working fine
Message value is completed
****************** http://52.13.174.6/sheeda/admin/analytics/syncUserDevice
AM mode is working fine
Message value is completed
****************** http://52.13.174.6/sheeda/admin/analytics/syncUserDevice
AM mode is working fine
Message value is completed
****************** http://52.13.174.6/sheeda/admin/analytics/syncUserDevice
AM mode is working fine
Message value is completed
****************** http://52.13.174.6/sheeda/admin/analytics/syncUserDevice
AM mode is working fine
Message value is completed
****************** http://52.13.174.6/sheeda/admin/analytics/syncUserDevice
AM mode is working fine
child directed value is set
Sequences value is set
Is hide ads value is set
Mediation mode value is set
Ads mediation queue value is set
Message value is completed
****************** http://52.13.174.6/sheeda/admin/analytics/syncUserDevice
AM mode is working fine
Message value is completed
****************** http://52.13.174.6/sheeda/admin/analytics/syncUserDevice
AM mode is working fine
Message value is completed
****************** http://52.13.174.6/sheeda/admin/analytics/syncUserDevice
AM mode is working fine
Message value is completed
****************** http://52.13.174.6/sheeda/admin/analytics/syncUserDevice
AM mode is working fine
Message value is completed
****************** http://52.13.174.6/sheeda/admin/analytics/syncUserDevice
AM mode is working fine
Message value is completed
****************** http://52.13.174.6/sheeda/admin/analytics/syncUserDevice
AM mode is working fine
Message value is completed
****************** http://52.13.174.6/sheeda/admin/analytics/syncUserDevice
AM mode is working fine
Message value is completed
****************** http://52.13.174.6/sheeda/admin/analytics/syncUserDevice
AM mode is working fine
Message value is completed
****************** http://52.13.174.6/sheeda/admin/analytics/syncUserDevice
AM mode is working fine
Message value is completed
****************** http://52.13.174.6/sheeda/admin/analytics/syncUserDevice
AM mode is working fine
Message value is completed
****************** http://52.13.174.6/sheeda/admin/analytics/syncUserDevice
AM mode is working fine
Message value is completed
****************** http://52.13.174.6/sheeda/admin/analytics/syncUserDevice
AM mode is working fine
Message value is completed
****************** http://52.13.174.6/sheeda/admin/analytics/syncUserDevice
AM mode is working fine
Message value is completed
****************** http://52.13.174.6/sheeda/admin/analytics/syncUserDevice
AM mode is working fine
Message value is completed
****************** http://52.13.174.6/sheeda/admin/analytics/syncUserDevice
AM mode is working fine
Message value is completed
****************** http://52.13.174.6/sheeda/admin/analytics/syncUserDevice
AM mode is working fine
Message value is completed
****************** http://52.13.174.6/sheeda/admin/analytics/syncUserDevice
AM mode is working fine
Message value is completed
</DebugTrace>
      </Output>
    </UnitTestResult>
  </Results>
</TestRun>