<?xml version="1.0" encoding="UTF-8"?>
<TestRun id="92c6f8ea-8b94-4090-bd81-fcc997ce1150" name="SYSTEM@DESKTOP-5AJ0SB3 2021-01-27 12:46:39" runUser="NT AUTHORITY\SYSTEM" xmlns="http://microsoft.com/schemas/VisualStudio/TeamTest/2010">
  <TestSettings name="Default Test Settings" id="d10abc80-94cd-4b95-b37e-b1398a923ed6">
    <Deployment userDeploymentRoot="E:\Automation\Automation_API_Windows\Monetization_Automation\Monetization_Automation\Monetization_Automation\AutomationAPIExecutionResultsFiles" useDefaultDeploymentRoot="false" runDeploymentRoot="SYSTEM_DESKTOP-5AJ0SB3 2021-01-27 12_46_39" />
    <Execution>
      <TestTypeSpecific />
      <AgentRule name="Execution Agents">
      </AgentRule>
    </Execution>
    <Properties />
  </TestSettings>
  <Times creation="2021-01-27T12:46:39.4643642+05:00" queuing="2021-01-27T12:46:58.6030071+05:00" start="2021-01-27T12:46:58.7229395+05:00" finish="2021-01-27T13:02:46.7547642+05:00" />
  <ResultSummary outcome="Warning">
    <Counters total="7" executed="7" passed="7" error="0" failed="0" timeout="0" aborted="0" inconclusive="0" passedButRunAborted="0" notRunnable="0" notExecuted="0" disconnected="0" warning="0" completed="0" inProgress="0" pending="0" />
    <RunInfos>
      <RunInfo computerName="DESKTOP-5AJ0SB3" outcome="Warning" timestamp="2021-01-27T12:46:58.5830390+05:00">
        <Text>Warning: conflict during test run deployment: deployment item 'E:\Automation\Automation_API_Windows\Monetization_Automation\Monetization_Automation\Monetization_Automation\Monetization_Automation.Utils\Monetization_Automation.Utils\bin\Debug\Monetization_Automation.Utils.dll' specified by the test 'Monetization_Automation.Test.F_SyncAppUnityAPIInputGenerator.G_SyncAppunityMainMethodCodeGenerator' cannot be deployed to 'Google.Protobuf.dll' because otherwise the file 'E:\Automation\Automation_API_Windows\Monetization_Automation\Monetization_Automation\Monetization_Automation\Monetization_Automation.Utils\Monetization_Automation.Utils\bin\Debug\Google.Protobuf.dll' would overwrite deployment item 'e:\automation\automation_api_windows\monetization_automation\monetization_automation\monetization_automation\testingapi\bin\debug\Google.Protobuf.dll' directly or indirectly referenced by the test container 'e:\automation\automation_api_windows\monetization_automation\monetization_automation\monetization_automation\testingapi\bin\debug\monetization_automation.test.dll'.</Text>
      </RunInfo>
      <RunInfo computerName="DESKTOP-5AJ0SB3" outcome="Warning" timestamp="2021-01-27T12:46:58.5840179+05:00">
        <Text>Warning: conflict during test run deployment: deployment item 'E:\Automation\Automation_API_Windows\Monetization_Automation\Monetization_Automation\Monetization_Automation\Monetization_Automation.Utils\Monetization_Automation.Utils\bin\Debug\Monetization_Automation.Utils.dll' specified by the test 'Monetization_Automation.Test.F_SyncAppUnityAPIInputGenerator.G_SyncAppunityMainMethodCodeGenerator' cannot be deployed to 'K4os.Compression.LZ4.Streams.dll' because otherwise the file 'E:\Automation\Automation_API_Windows\Monetization_Automation\Monetization_Automation\Monetization_Automation\Monetization_Automation.Utils\Monetization_Automation.Utils\bin\Debug\K4os.Compression.LZ4.Streams.dll' would overwrite deployment item 'e:\automation\automation_api_windows\monetization_automation\monetization_automation\monetization_automation\testingapi\bin\debug\K4os.Compression.LZ4.Streams.dll' directly or indirectly referenced by the test container 'e:\automation\automation_api_windows\monetization_automation\monetization_automation\monetization_automation\testingapi\bin\debug\monetization_automation.test.dll'.</Text>
      </RunInfo>
      <RunInfo computerName="DESKTOP-5AJ0SB3" outcome="Warning" timestamp="2021-01-27T12:46:58.5840179+05:00">
        <Text>Warning: conflict during test run deployment: deployment item 'E:\Automation\Automation_API_Windows\Monetization_Automation\Monetization_Automation\Monetization_Automation\Monetization_Automation.Utils\Monetization_Automation.Utils\bin\Debug\Monetization_Automation.Utils.dll' specified by the test 'Monetization_Automation.Test.F_SyncAppUnityAPIInputGenerator.G_SyncAppunityMainMethodCodeGenerator' cannot be deployed to 'K4os.Compression.LZ4.dll' because otherwise the file 'E:\Automation\Automation_API_Windows\Monetization_Automation\Monetization_Automation\Monetization_Automation\Monetization_Automation.Utils\Monetization_Automation.Utils\bin\Debug\K4os.Compression.LZ4.dll' would overwrite deployment item 'e:\automation\automation_api_windows\monetization_automation\monetization_automation\monetization_automation\testingapi\bin\debug\K4os.Compression.LZ4.dll' directly or indirectly referenced by the test container 'e:\automation\automation_api_windows\monetization_automation\monetization_automation\monetization_automation\testingapi\bin\debug\monetization_automation.test.dll'.</Text>
      </RunInfo>
      <RunInfo computerName="DESKTOP-5AJ0SB3" outcome="Warning" timestamp="2021-01-27T12:46:58.5840179+05:00">
        <Text>Warning: conflict during test run deployment: deployment item 'E:\Automation\Automation_API_Windows\Monetization_Automation\Monetization_Automation\Monetization_Automation\Monetization_Automation.Utils\Monetization_Automation.Utils\bin\Debug\Monetization_Automation.Utils.dll' specified by the test 'Monetization_Automation.Test.F_SyncAppUnityAPIInputGenerator.G_SyncAppunityMainMethodCodeGenerator' cannot be deployed to 'System.Memory.dll' because otherwise the file 'E:\Automation\Automation_API_Windows\Monetization_Automation\Monetization_Automation\Monetization_Automation\Monetization_Automation.Utils\Monetization_Automation.Utils\bin\Debug\System.Memory.dll' would overwrite deployment item 'e:\automation\automation_api_windows\monetization_automation\monetization_automation\monetization_automation\testingapi\bin\debug\System.Memory.dll' directly or indirectly referenced by the test container 'e:\automation\automation_api_windows\monetization_automation\monetization_automation\monetization_automation\testingapi\bin\debug\monetization_automation.test.dll'.</Text>
      </RunInfo>
      <RunInfo computerName="DESKTOP-5AJ0SB3" outcome="Warning" timestamp="2021-01-27T12:46:58.5840179+05:00">
        <Text>Warning: conflict during test run deployment: deployment item 'E:\Automation\Automation_API_Windows\Monetization_Automation\Monetization_Automation\Monetization_Automation\Monetization_Automation.Utils\Monetization_Automation.Utils\bin\Debug\Monetization_Automation.Utils.dll' specified by the test 'Monetization_Automation.Test.F_SyncAppUnityAPIInputGenerator.G_SyncAppunityMainMethodCodeGenerator' cannot be deployed to 'System.Numerics.Vectors.dll' because otherwise the file 'E:\Automation\Automation_API_Windows\Monetization_Automation\Monetization_Automation\Monetization_Automation\Monetization_Automation.Utils\Monetization_Automation.Utils\bin\Debug\System.Numerics.Vectors.dll' would overwrite deployment item 'e:\automation\automation_api_windows\monetization_automation\monetization_automation\monetization_automation\testingapi\bin\debug\System.Numerics.Vectors.dll' directly or indirectly referenced by the test container 'e:\automation\automation_api_windows\monetization_automation\monetization_automation\monetization_automation\testingapi\bin\debug\monetization_automation.test.dll'.</Text>
      </RunInfo>
      <RunInfo computerName="DESKTOP-5AJ0SB3" outcome="Warning" timestamp="2021-01-27T12:46:58.5840179+05:00">
        <Text>Warning: conflict during test run deployment: deployment item 'E:\Automation\Automation_API_Windows\Monetization_Automation\Monetization_Automation\Monetization_Automation\Monetization_Automation.Utils\Monetization_Automation.Utils\bin\Debug\Monetization_Automation.Utils.dll' specified by the test 'Monetization_Automation.Test.F_SyncAppUnityAPIInputGenerator.G_SyncAppunityMainMethodCodeGenerator' cannot be deployed to 'BouncyCastle.Crypto.dll' because otherwise the file 'E:\Automation\Automation_API_Windows\Monetization_Automation\Monetization_Automation\Monetization_Automation\Monetization_Automation.Utils\Monetization_Automation.Utils\bin\Debug\BouncyCastle.Crypto.dll' would overwrite deployment item 'e:\automation\automation_api_windows\monetization_automation\monetization_automation\monetization_automation\testingapi\bin\debug\BouncyCastle.Crypto.dll' directly or indirectly referenced by the test container 'e:\automation\automation_api_windows\monetization_automation\monetization_automation\monetization_automation\testingapi\bin\debug\monetization_automation.test.dll'.</Text>
      </RunInfo>
      <RunInfo computerName="DESKTOP-5AJ0SB3" outcome="Warning" timestamp="2021-01-27T12:46:58.5840179+05:00">
        <Text>Warning: Test Run deployment issue: The assembly or module 'office' directly or indirectly referenced by the test container 'e:\automation\automation_api_windows\monetization_automation\monetization_automation\monetization_automation\testingapi\bin\debug\monetization_automation.test.dll' was not found.</Text>
      </RunInfo>
      <RunInfo computerName="DESKTOP-5AJ0SB3" outcome="Warning" timestamp="2021-01-27T12:46:58.5840179+05:00">
        <Text>Warning: Test Run deployment issue: The assembly or module 'Microsoft.Vbe.Interop' directly or indirectly referenced by the test container 'e:\automation\automation_api_windows\monetization_automation\monetization_automation\monetization_automation\testingapi\bin\debug\monetization_automation.test.dll' was not found.</Text>
      </RunInfo>
      <RunInfo computerName="DESKTOP-5AJ0SB3" outcome="Warning" timestamp="2021-01-27T12:46:58.5840179+05:00">
        <Text>Warning: Test Run deployment issue: The assembly or module 'System.Memory' directly or indirectly referenced by deployment item 'E:\Automation\Automation_API_Windows\Monetization_Automation\Monetization_Automation\Monetization_Automation\Monetization_Automation.Utils\Monetization_Automation.Utils\bin\Debug\Monetization_Automation.Utils.dll' specified by the test 'Monetization_Automation.Test.F_SyncAppUnityAPIInputGenerator.G_SyncAppunityMainMethodCodeGenerator' was not found.</Text>
      </RunInfo>
      <RunInfo computerName="DESKTOP-5AJ0SB3" outcome="Warning" timestamp="2021-01-27T12:46:58.5840179+05:00">
        <Text>Warning: Test Run deployment issue: The assembly or module 'System.Runtime.CompilerServices.Unsafe' directly or indirectly referenced by deployment item 'E:\Automation\Automation_API_Windows\Monetization_Automation\Monetization_Automation\Monetization_Automation\Monetization_Automation.Utils\Monetization_Automation.Utils\bin\Debug\Monetization_Automation.Utils.dll' specified by the test 'Monetization_Automation.Test.F_SyncAppUnityAPIInputGenerator.G_SyncAppunityMainMethodCodeGenerator' was not found.</Text>
      </RunInfo>
      <RunInfo computerName="DESKTOP-5AJ0SB3" outcome="Warning" timestamp="2021-01-27T12:46:58.5840179+05:00">
        <Text>Warning: Test Run deployment issue: The assembly or module 'System.Buffers' directly or indirectly referenced by deployment item 'E:\Automation\Automation_API_Windows\Monetization_Automation\Monetization_Automation\Monetization_Automation\Monetization_Automation.Utils\Monetization_Automation.Utils\bin\Debug\Monetization_Automation.Utils.dll' specified by the test 'Monetization_Automation.Test.F_SyncAppUnityAPIInputGenerator.G_SyncAppunityMainMethodCodeGenerator' was not found.</Text>
      </RunInfo>
    </RunInfos>
  </ResultSummary>
  <TestDefinitions>
    <UnitTest name="G_SyncAppunityMainMethodCodeGenerator" storage="e:\automation\automation_api_windows\monetization_automation\monetization_automation\monetization_automation\testingapi\bin\debug\monetization_automation.test.dll" id="f70c910a-cc07-24cb-0d1c-bc2c00fc396f">
      <DeploymentItems>
        <DeploymentItem filename="E:\Automation\Automation_API_Windows\Monetization_Automation\Monetization_Automation\Monetization_Automation\Monetization_Automation.Utils\Monetization_Automation.Utils\bin\Debug\Monetization_Automation.Utils.dll" />
      </DeploymentItems>
      <Execution id="23b492c6-d61e-4917-8ee6-fd0a32838696" />
      <TestMethod codeBase="E:/Automation/Automation_API_Windows/Monetization_Automation/Monetization_Automation/Monetization_Automation/TestingAPI/bin/Debug/Monetization_Automation.Test.DLL" adapterTypeName="Microsoft.VisualStudio.TestTools.TestTypes.Unit.UnitTestAdapter, Microsoft.VisualStudio.QualityTools.Tips.UnitTest.Adapter, Version=16.0.0.0, Culture=neutral, PublicKeyToken=b03f5f7f11d50a3a" className="Monetization_Automation.Test.F_SyncAppUnityAPIInputGenerator, Monetization_Automation.Test, Version=1.0.0.0, Culture=neutral, PublicKeyToken=null" name="G_SyncAppunityMainMethodCodeGenerator" />
    </UnitTest>
    <UnitTest name="B_CampaignLogSummaryMainMethodCodeGenerator" storage="e:\automation\automation_api_windows\monetization_automation\monetization_automation\monetization_automation\testingapi\bin\debug\monetization_automation.test.dll" id="04151d7f-9c61-1489-4cc0-5cc1dc07baee">
      <DeploymentItems>
        <DeploymentItem filename="E:\Automation\Automation_API_Windows\Monetization_Automation\Monetization_Automation\Monetization_Automation\Monetization_Automation.Utils\Monetization_Automation.Utils\bin\Debug\Monetization_Automation.Utils.dll" />
      </DeploymentItems>
      <Execution id="1a7efdf3-81f0-4d74-a299-6532db2111da" />
      <TestMethod codeBase="E:/Automation/Automation_API_Windows/Monetization_Automation/Monetization_Automation/Monetization_Automation/TestingAPI/bin/Debug/Monetization_Automation.Test.DLL" adapterTypeName="Microsoft.VisualStudio.TestTools.TestTypes.Unit.UnitTestAdapter, Microsoft.VisualStudio.QualityTools.Tips.UnitTest.Adapter, Version=16.0.0.0, Culture=neutral, PublicKeyToken=b03f5f7f11d50a3a" className="Monetization_Automation.Test.B_CampaignLogSummaryAPIInputGenerator, Monetization_Automation.Test, Version=1.0.0.0, Culture=neutral, PublicKeyToken=null" name="B_CampaignLogSummaryMainMethodCodeGenerator" />
    </UnitTest>
    <UnitTest name="E_StartNewAdSessionMainInputGenerator" storage="e:\automation\automation_api_windows\monetization_automation\monetization_automation\monetization_automation\testingapi\bin\debug\monetization_automation.test.dll" id="bfc1b289-dbbb-3bad-fc5e-78e601449e19">
      <DeploymentItems>
        <DeploymentItem filename="E:\Automation\Automation_API_Windows\Monetization_Automation\Monetization_Automation\Monetization_Automation\Monetization_Automation.Utils\Monetization_Automation.Utils\bin\Debug\Monetization_Automation.Utils.dll" />
      </DeploymentItems>
      <Execution id="8e7d5c6c-9160-41f3-87f8-f2c473ed6ca2" />
      <TestMethod codeBase="E:/Automation/Automation_API_Windows/Monetization_Automation/Monetization_Automation/Monetization_Automation/TestingAPI/bin/Debug/Monetization_Automation.Test.DLL" adapterTypeName="Microsoft.VisualStudio.TestTools.TestTypes.Unit.UnitTestAdapter, Microsoft.VisualStudio.QualityTools.Tips.UnitTest.Adapter, Version=16.0.0.0, Culture=neutral, PublicKeyToken=b03f5f7f11d50a3a" className="Monetization_Automation.Test.E_StartNewAdSessionInputGenerator, Monetization_Automation.Test, Version=1.0.0.0, Culture=neutral, PublicKeyToken=null" name="E_StartNewAdSessionMainInputGenerator" />
    </UnitTest>
    <UnitTest name="A_SyncAppNativeMainMethodInputGenerator" storage="e:\automation\automation_api_windows\monetization_automation\monetization_automation\monetization_automation\testingapi\bin\debug\monetization_automation.test.dll" id="b1df3d41-c071-e99d-12ca-f9fb92f1350c">
      <DeploymentItems>
        <DeploymentItem filename="E:\Automation\Automation_API_Windows\Monetization_Automation\Monetization_Automation\Monetization_Automation\Monetization_Automation.Utils\Monetization_Automation.Utils\bin\Debug\Monetization_Automation.Utils.dll" />
      </DeploymentItems>
      <Execution id="2a939914-ea87-41d6-9e1b-202caa85a7c8" />
      <TestMethod codeBase="E:/Automation/Automation_API_Windows/Monetization_Automation/Monetization_Automation/Monetization_Automation/TestingAPI/bin/Debug/Monetization_Automation.Test.DLL" adapterTypeName="Microsoft.VisualStudio.TestTools.TestTypes.Unit.UnitTestAdapter, Microsoft.VisualStudio.QualityTools.Tips.UnitTest.Adapter, Version=16.0.0.0, Culture=neutral, PublicKeyToken=b03f5f7f11d50a3a" className="Monetization_Automation.Test.A_SyncAppNativeAPIInputGenerator, Monetization_Automation.Test, Version=1.0.0.0, Culture=neutral, PublicKeyToken=null" name="A_SyncAppNativeMainMethodInputGenerator" />
    </UnitTest>
    <UnitTest name="D_SaveNetworkrStatsMainMethodCodeGenerator" storage="e:\automation\automation_api_windows\monetization_automation\monetization_automation\monetization_automation\testingapi\bin\debug\monetization_automation.test.dll" id="20f0da05-06f5-50cc-bee5-9ac7cf561794">
      <DeploymentItems>
        <DeploymentItem filename="E:\Automation\Automation_API_Windows\Monetization_Automation\Monetization_Automation\Monetization_Automation\Monetization_Automation.Utils\Monetization_Automation.Utils\bin\Debug\Monetization_Automation.Utils.dll" />
      </DeploymentItems>
      <Execution id="5bdb307b-22dc-411d-bdf8-259b7656c19d" />
      <TestMethod codeBase="E:/Automation/Automation_API_Windows/Monetization_Automation/Monetization_Automation/Monetization_Automation/TestingAPI/bin/Debug/Monetization_Automation.Test.DLL" adapterTypeName="Microsoft.VisualStudio.TestTools.TestTypes.Unit.UnitTestAdapter, Microsoft.VisualStudio.QualityTools.Tips.UnitTest.Adapter, Version=16.0.0.0, Culture=neutral, PublicKeyToken=b03f5f7f11d50a3a" className="Monetization_Automation.Test.D_SaveNetworkrStatsAPIInputGenerator, Monetization_Automation.Test, Version=1.0.0.0, Culture=neutral, PublicKeyToken=null" name="D_SaveNetworkrStatsMainMethodCodeGenerator" />
    </UnitTest>
    <UnitTest name="C_RecordClicksFromDeviceMainMethodCodeGenerator" storage="e:\automation\automation_api_windows\monetization_automation\monetization_automation\monetization_automation\testingapi\bin\debug\monetization_automation.test.dll" id="d249d328-6d44-2c2d-6ed9-e0b5d6f69772">
      <DeploymentItems>
        <DeploymentItem filename="E:\Automation\Automation_API_Windows\Monetization_Automation\Monetization_Automation\Monetization_Automation\Monetization_Automation.Utils\Monetization_Automation.Utils\bin\Debug\Monetization_Automation.Utils.dll" />
      </DeploymentItems>
      <Execution id="4d820fb8-624e-4e3f-8101-980a22bf1e08" />
      <TestMethod codeBase="E:/Automation/Automation_API_Windows/Monetization_Automation/Monetization_Automation/Monetization_Automation/TestingAPI/bin/Debug/Monetization_Automation.Test.DLL" adapterTypeName="Microsoft.VisualStudio.TestTools.TestTypes.Unit.UnitTestAdapter, Microsoft.VisualStudio.QualityTools.Tips.UnitTest.Adapter, Version=16.0.0.0, Culture=neutral, PublicKeyToken=b03f5f7f11d50a3a" className="Monetization_Automation.Test.C_RecordClicksFromDeviceInputGenerator, Monetization_Automation.Test, Version=1.0.0.0, Culture=neutral, PublicKeyToken=null" name="C_RecordClicksFromDeviceMainMethodCodeGenerator" />
    </UnitTest>
    <UnitTest name="F_SyncUserDeviceMainMethodCodeGenerator" storage="e:\automation\automation_api_windows\monetization_automation\monetization_automation\monetization_automation\testingapi\bin\debug\monetization_automation.test.dll" id="4d0749f1-2acf-bf6d-9151-b617319ecfaf">
      <DeploymentItems>
        <DeploymentItem filename="E:\Automation\Automation_API_Windows\Monetization_Automation\Monetization_Automation\Monetization_Automation\Monetization_Automation.Utils\Monetization_Automation.Utils\bin\Debug\Monetization_Automation.Utils.dll" />
      </DeploymentItems>
      <Execution id="5ab39452-15b4-4998-bb65-6b2e79337d62" />
      <TestMethod codeBase="E:/Automation/Automation_API_Windows/Monetization_Automation/Monetization_Automation/Monetization_Automation/TestingAPI/bin/Debug/Monetization_Automation.Test.DLL" adapterTypeName="Microsoft.VisualStudio.TestTools.TestTypes.Unit.UnitTestAdapter, Microsoft.VisualStudio.QualityTools.Tips.UnitTest.Adapter, Version=16.0.0.0, Culture=neutral, PublicKeyToken=b03f5f7f11d50a3a" className="Monetization_Automation.Test.G_SyncUserDeviceAPIInputGenerator, Monetization_Automation.Test, Version=1.0.0.0, Culture=neutral, PublicKeyToken=null" name="F_SyncUserDeviceMainMethodCodeGenerator" />
    </UnitTest>
  </TestDefinitions>
  <TestLists>
    <TestList name="Results Not in a List" id="8c84fa94-04c1-424b-9868-57a2d4851a1d" />
    <TestList name="All Loaded Results" id="19431567-8539-422a-85d7-44ee4e166bda" />
  </TestLists>
  <TestEntries>
    <TestEntry testId="b1df3d41-c071-e99d-12ca-f9fb92f1350c" executionId="2a939914-ea87-41d6-9e1b-202caa85a7c8" testListId="8c84fa94-04c1-424b-9868-57a2d4851a1d" />
    <TestEntry testId="04151d7f-9c61-1489-4cc0-5cc1dc07baee" executionId="1a7efdf3-81f0-4d74-a299-6532db2111da" testListId="8c84fa94-04c1-424b-9868-57a2d4851a1d" />
    <TestEntry testId="d249d328-6d44-2c2d-6ed9-e0b5d6f69772" executionId="4d820fb8-624e-4e3f-8101-980a22bf1e08" testListId="8c84fa94-04c1-424b-9868-57a2d4851a1d" />
    <TestEntry testId="20f0da05-06f5-50cc-bee5-9ac7cf561794" executionId="5bdb307b-22dc-411d-bdf8-259b7656c19d" testListId="8c84fa94-04c1-424b-9868-57a2d4851a1d" />
    <TestEntry testId="bfc1b289-dbbb-3bad-fc5e-78e601449e19" executionId="8e7d5c6c-9160-41f3-87f8-f2c473ed6ca2" testListId="8c84fa94-04c1-424b-9868-57a2d4851a1d" />
    <TestEntry testId="f70c910a-cc07-24cb-0d1c-bc2c00fc396f" executionId="23b492c6-d61e-4917-8ee6-fd0a32838696" testListId="8c84fa94-04c1-424b-9868-57a2d4851a1d" />
    <TestEntry testId="4d0749f1-2acf-bf6d-9151-b617319ecfaf" executionId="5ab39452-15b4-4998-bb65-6b2e79337d62" testListId="8c84fa94-04c1-424b-9868-57a2d4851a1d" />
  </TestEntries>
  <Results>
    <UnitTestResult executionId="2a939914-ea87-41d6-9e1b-202caa85a7c8" testId="b1df3d41-c071-e99d-12ca-f9fb92f1350c" testName="A_SyncAppNativeMainMethodInputGenerator" computerName="DESKTOP-5AJ0SB3" duration="00:02:53.4309475" startTime="2021-01-27T12:46:58.8918434+05:00" endTime="2021-01-27T12:49:53.6417287+05:00" testType="13cdc9d9-ddb5-4fa4-a97d-d965ccfc6d4b" outcome="Passed" testListId="8c84fa94-04c1-424b-9868-57a2d4851a1d" relativeResultsDirectory="2a939914-ea87-41d6-9e1b-202caa85a7c8">
      <Output>
        <DebugTrace>****************** http://52.13.174.6/sheeda/admin/json/syncApp
****************** 
SELECT apps.package, apps.osID, apps.companyID, users.userSignature, apps.appVersionCode, apps.appVersionName
FROM apps JOIN users ON apps.companyID = users.companyID
WHERE apps.sdkID &gt; 20 AND apps.app_type = 'app' AND users.isAdmin = 1 AND users. STATUS = 1 ORDER BY companyID ASC
LIMIT 50
****************** 
****************** SELECT sdkID, ver FROM `sdk_info` WHERE `description` LIKE '%Native mediation%' AND sdkID &gt; 2173 LIMIT 50
****************** 
****************** select adID from ads where ad_type != 'analytics' and ad_type ='interstitial'
****************** select adID from ads where ad_type != 'analytics' and ad_type ='banner'
****************** select adID from ads where ad_type != 'analytics' and ad_type ='native'
****************** select adID from ads where ad_type != 'analytics' and ad_type ='rewarded_video'
Ads mediation queue value is set
Mediation mode value is set
child directed value is set
Sequences value is set
Is hide ads value is set
Ads mediation queue value is set
Mediation mode value is set
child directed value is set
Sequences value is set
Is hide ads value is set
Ads mediation queue value is set
Mediation mode value is set
child directed value is set
Sequences value is set
Is hide ads value is set
Ads mediation queue value is set
Mediation mode value is set
child directed value is set
Sequences value is set
Is hide ads value is set
Ads mediation queue value is set
Mediation mode value is set
child directed value is set
Sequences value is set
Is hide ads value is set
Ads mediation queue value is set
Mediation mode value is set
child directed value is set
Sequences value is set
Is hide ads value is set
Ads mediation queue value is set
Mediation mode value is set
child directed value is set
Sequences value is set
Is hide ads value is set
Ads mediation queue value is set
Mediation mode value is set
child directed value is set
Sequences value is set
Is hide ads value is set
Ads mediation queue value is set
Mediation mode value is set
child directed value is set
Sequences value is set
Is hide ads value is set
Ads mediation queue value is set
Mediation mode value is set
child directed value is set
Sequences value is set
Is hide ads value is set
Ads mediation queue value is set
Mediation mode value is set
child directed value is set
Sequences value is set
Is hide ads value is set
Ads mediation queue value is set
Mediation mode value is set
child directed value is set
Sequences value is set
Is hide ads value is set
Ads mediation queue value is set
Mediation mode value is set
child directed value is set
Sequences value is set
Is hide ads value is set
Ads mediation queue value is set
Mediation mode value is set
child directed value is set
Sequences value is set
Is hide ads value is set
Ads mediation queue value is set
Mediation mode value is set
child directed value is set
Sequences value is set
Is hide ads value is set
Ads mediation queue value is set
Mediation mode value is set
child directed value is set
Sequences value is set
Is hide ads value is set
Ads mediation queue value is set
Mediation mode value is set
child directed value is set
Sequences value is set
Is hide ads value is set
Ads mediation queue value is set
Mediation mode value is set
child directed value is set
Sequences value is set
Is hide ads value is set
Ads mediation queue value is set
Mediation mode value is set
child directed value is set
Sequences value is set
Is hide ads value is set
Ads mediation queue value is set
Mediation mode value is set
child directed value is set
Sequences value is set
Is hide ads value is set
</DebugTrace>
      </Output>
    </UnitTestResult>
    <UnitTestResult executionId="1a7efdf3-81f0-4d74-a299-6532db2111da" testId="04151d7f-9c61-1489-4cc0-5cc1dc07baee" testName="B_CampaignLogSummaryMainMethodCodeGenerator" computerName="DESKTOP-5AJ0SB3" duration="00:03:03.5723318" startTime="2021-01-27T12:49:53.6447273+05:00" endTime="2021-01-27T12:52:57.2214870+05:00" testType="13cdc9d9-ddb5-4fa4-a97d-d965ccfc6d4b" outcome="Passed" testListId="8c84fa94-04c1-424b-9868-57a2d4851a1d" relativeResultsDirectory="1a7efdf3-81f0-4d74-a299-6532db2111da">
      <Output>
        <DebugTrace>****************** SELECT apps.appKey, campaigns.campaignID, apps.package, apps.sdkID, apps.companyID, apps.osID FROM apps INNER JOIN campaigns ON apps.appID = campaigns.appID WHERE apps.sdkID &gt; 20 AND apps.appKey != '' AND campaigns.campaignID NOT IN (0 ,- 1 ,- 2 ,- 3 ,- 4 ,- 5) LIMIT 50

****************** 

{"appKey":"87749f0a5e72d3c88e3f0a2ceae0e8ad","deviceID":"2527","stats":[{"campaignID":47,"packageID":"com.mizo.city.ambulance","sceneStats":[{"sceneID":"7","eventStats":"326,226,126,26,26,0,0"}]}],"sdkVersion":"2056","sessionToken":"vhRDZd5MK+4lIH8X/mNh9q3AWhAF6oQpsHzkSChxcELpqKx6kQxk3RdbBSxO0WdoUKHfmD2btxDbDaOk1jW1lp611h8JJ+FxRc8NQutzk0X7xTjJHvfIKjdMGZMp8Lax"}
cache_ttl value is correct

Refresh Ad Rate value is correct
mode value is set

 Aspect ratio value is correct
sentry_log value is set
local_logging value is set
sentry_initialization value is set
sentry_debugging value is set
showPreRewardedDialogue value is set
showPostRewardedDialogue value is set
isSkipable value is set
{"cache_ttl":10080,"cache_ttl_rewarded":10080,"cache_ttl_banner":10080,"cache_ttl_native":10080,"cache_ttl_icon":10080,"refreshAdRate":30,"mode":"Production","aspectRatio":"4_3","cdnPath":"https:\/\/df8ymybeo92md.cloudfront.net\/images\/","sentry_log":0,"local_logging":0,"sentry_dsn":"https:\/\/93ffa1c9a4124f67b8888a53265f751a:bbf998e04584477fa9a145838e9d3b26@sentry.io\/168994","sentry_initialization":1,"sentry_debugging":0,"bannerSizes":[],"aspectRatioVideo":"16_9","app_id":"1035","showPreRewardedDialogue":0,"showPostRewardedDialogue":0,"rewardCurrency":"coins","rewardValue":0,"isSkipable":0,"privacyPolicyURL":"https:\/\/www.consoliads.com\/privacy-policy\/","sessionToken":"FyuY73sufLxpWmp\/j9e5+5oO6B9Y8QEd2tcOw1qV0W9HWXVvyWtWoSdxHB1c9IaDSZ9pwVKM0EUSSkNwZJqqfABoafUGOGfviewTfXCPyULT\/eNVHZtr5h2UKhNXfLZ76pyu2qIyRCIWmL09MlWQre2IuqbToVeBwNLa6dCP1MU="}
Session token value is set


{"appKey":"03a90424d48d01cab7124698a3b141c5","deviceID":"9430","stats":[{"campaignID":48,"packageID":"com.mizo.construction.crane.hill.climb","sceneStats":[{"sceneID":"24","eventStats":"394,294,194,94,94,0,0"}]}],"sdkVersion":"39","sessionToken":"FyuY73sufLxpWmp\/j9e5+5oO6B9Y8QEd2tcOw1qV0W9HWXVvyWtWoSdxHB1c9IaDSZ9pwVKM0EUSSkNwZJqqfABoafUGOGfviewTfXCPyULT\/eNVHZtr5h2UKhNXfLZ76pyu2qIyRCIWmL09MlWQre2IuqbToVeBwNLa6dCP1MU="}
cache_ttl value is correct

Refresh Ad Rate value is correct
mode value is set

 Aspect ratio value is correct
sentry_log value is set
local_logging value is set
sentry_initialization value is set
sentry_debugging value is set
showPreRewardedDialogue value is set
showPostRewardedDialogue value is set
isSkipable value is set
{"cache_ttl":10080,"cache_ttl_rewarded":10080,"cache_ttl_banner":10080,"cache_ttl_native":10080,"cache_ttl_icon":10080,"campaigns":[{"campaignID":"9277","attribution_link":"","attribution":1,"priority":"5","appToPromote":{"appToPromoteID":"17609","usesDefaultFrameImage":"0","usesDefaultCloseImage":"0","marketURL":"https:\/\/smartbear.com\/learn\/automated-testing\/test-automation-frameworks\/","packageID":"com.buntoo.buntooAd"},"showTemplate":1,"s2s_tracking_url":"","activeCreativeID":"4702","scenes":["1","2","6","4","5"],"campaignAdType":"Interstitial","productId":"","purchaseBit":0,"licenseKey":""},{"campaignID":"9278","attribution":0,"priority":"5","appToPromote":{"appToPromoteID":"17609","usesDefaultFrameImage":"0","usesDefaultCloseImage":"0","marketURL":"https:\/\/smartbear.com\/learn\/automated-testing\/test-automation-frameworks\/","packageID":"com.buntoo.buntooAd"},"showTemplate":1,"s2s_tracking_url":"https:\/\/smartbear.com\/learn\/automated-testing\/test-automation-frameworks\/","activeCreativeID":"4701","scenes":["1","2","6","4","5"],"campaignAdType":"Interstitial","productId":"","purchaseBit":0,"licenseKey":""},{"campaignID":"9279","attribution":0,"priority":"5","appToPromote":{"appToPromoteID":"17609","usesDefaultFrameImage":"0","usesDefaultCloseImage":"0","marketURL":"https:\/\/smartbear.com\/learn\/automated-testing\/test-automation-frameworks\/","packageID":"com.buntoo.buntooAd"},"showTemplate":1,"s2s_tracking_url":"https:\/\/smartbear.com\/learn\/automated-testing\/test-automation-frameworks\/","activeCreativeID":"4701","scenes":["1","2","6","4","5"],"campaignAdType":"Interstitial","productId":"","purchaseBit":0,"licenseKey":""},{"campaignID":"9280","attribution":0,"priority":"5","appToPromote":{"appToPromoteID":"17609","usesDefaultFrameImage":"0","usesDefaultCloseImage":"0","marketURL":"https:\/\/smartbear.com\/learn\/automated-testing\/test-automation-frameworks\/","packageID":"com.buntoo.buntooAd"},"showTemplate":1,"s2s_tracking_url":"https:\/\/smartbear.com\/learn\/automated-testing\/test-automation-frameworks\/","activeCreativeID":"4701","scenes":["1","2","6","4","5"],"campaignAdType":"Interstitial","productId":"","purchaseBit":0,"licenseKey":""},{"campaignID":"9281","attribution":0,"priority":"5","appToPromote":{"appToPromoteID":"17609","usesDefaultFrameImage":"0","usesDefaultCloseImage":"0","marketURL":"https:\/\/smartbear.com\/learn\/automated-testing\/test-automation-frameworks\/","packageID":"com.buntoo.buntooAd"},"showTemplate":1,"s2s_tracking_url":"https:\/\/smartbear.com\/learn\/automated-testing\/test-automation-frameworks\/","activeCreativeID":"4701","scenes":["1","2","6","4","5"],"campaignAdType":"Interstitial","productId":"","purchaseBit":0,"licenseKey":""},{"campaignID":"9282","attribution":0,"priority":"5","appToPromote":{"appToPromoteID":"17609","usesDefaultFrameImage":"0","usesDefaultCloseImage":"0","marketURL":"https:\/\/smartbear.com\/learn\/automated-testing\/test-automation-frameworks\/","packageID":"com.buntoo.buntooAd"},"showTemplate":1,"s2s_tracking_url":"https:\/\/smartbear.com\/learn\/automated-testing\/test-automation-frameworks\/","activeCreativeID":"4701","scenes":["1","2","6","4","5"],"campaignAdType":"Interstitial","productId":"","purchaseBit":0,"licenseKey":""},{"campaignID":"9283","attribution":0,"priority":"5","appToPromote":{"appToPromoteID":"17609","usesDefaultFrameImage":"0","usesDefaultCloseImage":"0","marketURL":"https:\/\/smartbear.com\/learn\/automated-testing\/test-automation-frameworks\/","packageID":"com.buntoo.buntooAd"},"showTemplate":1,"s2s_tracking_url":"https:\/\/smartbear.com\/learn\/automated-testing\/test-automation-frameworks\/","activeCreativeID":"4701","scenes":["1","2","6","4","5"],"campaignAdType":"Interstitial","productId":"","purchaseBit":0,"licenseKey":""},{"campaignID":"9285","attribution":0,"priority":"5","appToPromote":{"appToPromoteID":"14746","usesDefaultFrameImage":"0","usesDefaultCloseImage":"0","marketURL":"https:\/\/play.google.com\/store\/apps\/details?id=com.buntoo.army.bus.parking","packageID":"com.buntoo.army.bus.parking"},"showTemplate":1,"s2s_tracking_url":"https:\/\/play.google.com\/store\/apps\/details?id=com.buntoo.army.bus.parking","activeCreativeID":"4710","scenes":["1","2","6","4","5"],"campaignAdType":"Interstitial","productId":"","purchaseBit":0,"licenseKey":""},{"campaignID":"9287","attribution":0,"priority":"5","appToPromote":{"appToPromoteID":"14746","usesDefaultFrameImage":"0","usesDefaultCloseImage":"0","marketURL":"https:\/\/play.google.com\/store\/apps\/details?id=com.buntoo.army.bus.parking","packageID":"com.buntoo.army.bus.parking"},"showTemplate":1,"s2s_tracking_url":"https:\/\/play.google.com\/store\/apps\/details?id=com.buntoo.army.bus.parking","activeCreativeID":"4710","scenes":["1","2","6","4","5"],"campaignAdType":"Interstitial","productId":"","purchaseBit":0,"licenseKey":""},{"campaignID":"9289","attribution":0,"priority":"5","appToPromote":{"appToPromoteID":"17609","usesDefaultFrameImage":"0","usesDefaultCloseImage":"0","marketURL":"https:\/\/smartbear.com\/learn\/automated-testing\/test-automation-frameworks\/","packageID":"com.buntoo.buntooAd"},"showTemplate":1,"s2s_tracking_url":"https:\/\/smartbear.com\/learn\/automated-testing\/test-automation-frameworks\/","activeCreativeID":"4701","scenes":["1","2","6","4","5"],"campaignAdType":"Interstitial","productId":"","purchaseBit":0,"licenseKey":""},{"campaignID":"9290","attribution":0,"priority":"5","appToPromote":{"appToPromoteID":"17609","usesDefaultFrameImage":"0","usesDefaultCloseImage":"0","marketURL":"https:\/\/smartbear.com\/learn\/automated-testing\/test-automation-frameworks\/","packageID":"com.buntoo.buntooAd"},"showTemplate":1,"s2s_tracking_url":"https:\/\/smartbear.com\/learn\/automated-testing\/test-automation-frameworks\/","activeCreativeID":"4701","scenes":["1","2","6","4","5"],"campaignAdType":"Interstitial","productId":"","purchaseBit":0,"licenseKey":""},{"campaignID":"9293","attribution":0,"priority":"5","appToPromote":{"appToPromoteID":"17609","usesDefaultFrameImage":"0","usesDefaultCloseImage":"0","marketURL":"https:\/\/smartbear.com\/learn\/automated-testing\/test-automation-frameworks\/","packageID":"com.buntoo.buntooAd"},"showTemplate":1,"s2s_tracking_url":"https:\/\/smartbear.com\/learn\/automated-testing\/test-automation-frameworks\/","activeCreativeID":"4701","scenes":["1","2","6","4","5"],"campaignAdType":"Interstitial","productId":"","purchaseBit":0,"licenseKey":""},{"campaignID":"9296","attribution":0,"priority":"5","appToPromote":{"appToPromoteID":"17609","usesDefaultFrameImage":"0","usesDefaultCloseImage":"0","marketURL":"https:\/\/smartbear.com\/learn\/automated-testing\/test-automation-frameworks\/","packageID":"com.buntoo.buntooAd"},"showTemplate":1,"s2s_tracking_url":"https:\/\/smartbear.com\/learn\/automated-testing\/test-automation-frameworks\/","activeCreativeID":"4701","scenes":["1","2","6","4","5"],"campaignAdType":"Interstitial","productId":"","purchaseBit":0,"licenseKey":""},{"campaignID":"9297","attribution":0,"priority":"5","appToPromote":{"appToPromoteID":"17609","usesDefaultFrameImage":"0","usesDefaultCloseImage":"0","marketURL":"https:\/\/smartbear.com\/learn\/automated-testing\/test-automation-frameworks\/","packageID":"com.buntoo.buntooAd"},"showTemplate":1,"s2s_tracking_url":"https:\/\/smartbear.com\/learn\/automated-testing\/test-automation-frameworks\/","activeCreativeID":"4701","scenes":["1","2","6","4","5"],"campaignAdType":"Interstitial","productId":"","purchaseBit":0,"licenseKey":""},{"campaignID":"9299","attribution":0,"priority":"5","appToPromote":{"appToPromoteID":"17609","usesDefaultFrameImage":"0","usesDefaultCloseImage":"0","marketURL":"https:\/\/smartbear.com\/learn\/automated-testing\/test-automation-frameworks\/","packageID":"com.buntoo.buntooAd"},"showTemplate":1,"s2s_tracking_url":"https:\/\/smartbear.com\/learn\/automated-testing\/test-automation-frameworks\/","activeCreativeID":"4701","scenes":["1","2","6","4","5"],"campaignAdType":"Interstitial","productId":"","purchaseBit":0,"licenseKey":""},{"campaignID":"9301","attribution":0,"priority":"5","appToPromote":{"appToPromoteID":"17609","usesDefaultFrameImage":"0","usesDefaultCloseImage":"0","marketURL":"https:\/\/smartbear.com\/learn\/automated-testing\/test-automation-frameworks\/","packageID":"com.buntoo.buntooAd"},"showTemplate":1,"s2s_tracking_url":"https:\/\/smartbear.com\/learn\/automated-testing\/test-automation-frameworks\/","activeCreativeID":"4701","scenes":["1","2","6","4","5"],"campaignAdType":"Interstitial","productId":"","purchaseBit":0,"licenseKey":""},{"campaignID":"9305","attribution":0,"priority":"5","appToPromote":{"appToPromoteID":"14746","usesDefaultFrameImage":"0","usesDefaultCloseImage":"0","marketURL":"https:\/\/play.google.com\/store\/apps\/details?id=com.buntoo.army.bus.parking","packageID":"com.buntoo.army.bus.parking"},"showTemplate":1,"s2s_tracking_url":"https:\/\/play.google.com\/store\/apps\/details?id=com.buntoo.army.bus.parking","activeCreativeID":"4710","scenes":["1","2","6","4","5"],"campaignAdType":"Interstitial","productId":"","purchaseBit":0,"licenseKey":""},{"campaignID":"47","attribution":0,"priority":"5","appToPromote":{"appToPromoteID":"1035","usesDefaultFrameImage":"1","usesDefaultCloseImage":"1","marketURL":"https:\/\/play.google.com\/store\/apps\/details?id=com.mizo.city.ambulance","packageID":"com.mizo.city.ambulance"},"showTemplate":1,"s2s_tracking_url":"https:\/\/play.google.com\/store\/apps\/details?id=com.mizo.city.ambulance","activeCreativeID":"60","scenes":["1","2","6","4","5"],"campaignAdType":"Interstitial","productId":"","purchaseBit":0,"licenseKey":""},{"campaignID":"48","attribution":0,"priority":"5","appToPromote":{"appToPromoteID":"1074","usesDefaultFrameImage":"1","usesDefaultCloseImage":"1","marketURL":"https:\/\/play.google.com\/store\/apps\/details?id=com.mizo.construction.crane.hill.climb","packageID":"com.mizo.construction.crane.hill.climb"},"showTemplate":1,"s2s_tracking_url":"https:\/\/play.google.com\/store\/apps\/details?id=com.mizo.construction.crane.hill.climb","activeCreativeID":"65","scenes":["1","2","6","4","5"],"campaignAdType":"Interstitial","productId":"","purchaseBit":0,"licenseKey":""},{"campaignID":"50","attribution":0,"priority":"5","appToPromote":{"appToPromoteID":"1221","usesDefaultFrameImage":"1","usesDefaultCloseImage":"1","marketURL":"https:\/\/play.google.com\/store\/apps\/details?id=com.mizo.offroad.hill.climb","packageID":"com.mizo.offroad.hill.climb"},"showTemplate":1,"s2s_tracking_url":"https:\/\/play.google.com\/store\/apps\/details?id=com.mizo.offroad.hill.climb","activeCreativeID":"67","scenes":["1","2","6","4","5"],"campaignAdType":"Interstitial","productId":"","purchaseBit":0,"licenseKey":""},{"campaignID":"67","attribution":0,"priority":"5","appToPromote":{"appToPromoteID":"1306","usesDefaultFrameImage":"1","usesDefaultCloseImage":"1","marketURL":"https:\/\/play.google.com\/store\/apps\/details?id=com.mizo.extreme.heavy.truck","packageID":"com.mizo.extreme.heavy.truck"},"showTemplate":1,"s2s_tracking_url":"https:\/\/play.google.com\/store\/apps\/details?id=com.mizo.extreme.heavy.truck","activeCreativeID":"85","scenes":["1","2","6","4","5"],"campaignAdType":"Interstitial","productId":"","purchaseBit":0,"licenseKey":""},{"campaignID":"73","attribution":0,"priority":"5","appToPromote":{"appToPromoteID":"1458","usesDefaultFrameImage":"1","usesDefaultCloseImage":"1","marketURL":"https:\/\/play.google.com\/store\/apps\/details?id=com.mizo.army.prisoner.transport.simulator","packageID":"com.mizo.army.prisoner.transport.simulator"},"showTemplate":1,"s2s_tracking_url":"https:\/\/play.google.com\/store\/apps\/details?id=com.mizo.army.prisoner.transport.simulator","activeCreativeID":"93","scenes":["1","2","6","4","5"],"campaignAdType":"Interstitial","productId":"","purchaseBit":0,"licenseKey":""},{"campaignID":"74","attribution":0,"priority":"5","appToPromote":{"appToPromoteID":"1449","usesDefaultFrameImage":"1","usesDefaultCloseImage":"1","marketURL":"https:\/\/play.google.com\/store\/apps\/details?id=com.brilliantgamez.army.prisoners.transport.plane","packageID":"com.brilliantgamez.army.prisoners.transport.plane"},"showTemplate":1,"s2s_tracking_url":"https:\/\/play.google.com\/store\/apps\/details?id=com.brilliantgamez.army.prisoners.transport.plane","activeCreativeID":"94","scenes":["1","2","6","4","5"],"campaignAdType":"Interstitial","productId":"","purchaseBit":0,"licenseKey":""},{"campaignID":"78","attribution":0,"priority":"5","appToPromote":{"appToPromoteID":"1632","usesDefaultFrameImage":"1","usesDefaultCloseImage":"1","marketURL":"https:\/\/play.google.com\/store\/apps\/details?id=com.mizo.road.builder.city.construction","packageID":"com.mizo.road.builder.city.construction"},"showTemplate":1,"s2s_tracking_url":"https:\/\/play.google.com\/store\/apps\/details?id=com.mizo.road.builder.city.construction","activeCreativeID":"97","scenes":["1","2","6","4","5"],"campaignAdType":"Interstitial","productId":"","purchaseBit":0,"licenseKey":""},{"campaignID":"80","attribution":0,"priority":"5","appToPromote":{"appToPromoteID":"1675","usesDefaultFrameImage":"1","usesDefaultCloseImage":"1","marketURL":"https:\/\/play.google.com\/store\/apps\/details?id=com.mizo.flip.bottle.shooting.expert","packageID":"com.mizo.flip.bottle.shooting.expert"},"showTemplate":1,"s2s_tracking_url":"https:\/\/play.google.com\/store\/apps\/details?id=com.mizo.flip.bottle.shooting.expert","activeCreativeID":"100","scenes":["1","2","6","4","5"],"campaignAdType":"Interstitial","productId":"","purchaseBit":0,"licenseKey":""},{"campaignID":"110","attribution":0,"priority":"5","appToPromote":{"appToPromoteID":"1853","usesDefaultFrameImage":"1","usesDefaultCloseImage":"1","marketURL":"https:\/\/play.google.com\/store\/apps\/details?id=com.mizo.police.airplane.transporter","packageID":"com.mizo.police.airplane.transporter"},"showTemplate":1,"s2s_tracking_url":"https:\/\/play.google.com\/store\/apps\/details?id=com.mizo.police.airplane.transporter","activeCreativeID":"137","scenes":["1","2","6","4","5"],"campaignAdType":"Interstitial","productId":"","purchaseBit":0,"licenseKey":""},{"campaignID":"143","attribution":0,"priority":"5","appToPromote":{"appToPromoteID":"2089","usesDefaultFrameImage":"0","usesDefaultCloseImage":"0","marketURL":"https:\/\/play.google.com\/store\/apps\/details?id=com.mizo.sports.car.mechanic","packageID":"com.mizo.sports.car.mechanic"},"showTemplate":1,"s2s_tracking_url":"https:\/\/play.google.com\/store\/apps\/details?id=com.mizo.sports.car.mechanic","activeCreativeID":"184","scenes":["1","2","6","4","5"],"campaignAdType":"Interstitial","productId":"","purchaseBit":0,"licenseKey":""},{"campaignID":"147","attribution":0,"priority":"5","appToPromote":{"appToPromoteID":"2085","usesDefaultFrameImage":"0","usesDefaultCloseImage":"0","marketURL":"https:\/\/play.google.com\/store\/apps\/details?id=com.mizo.robot.gang.mafia","packageID":"com.mizo.robot.gang.mafia"},"showTemplate":1,"s2s_tracking_url":"https:\/\/play.google.com\/store\/apps\/details?id=com.mizo.robot.gang.mafia","activeCreativeID":"188","scenes":["1","2","6","4","5"],"campaignAdType":"Interstitial","productId":"","purchaseBit":0,"licenseKey":""},{"campaignID":"227","attribution":0,"priority":"5","appToPromote":{"appToPromoteID":"2571","usesDefaultFrameImage":"0","usesDefaultCloseImage":"0","marketURL":"https:\/\/play.google.com\/store\/apps\/details?id=com.mizo.raft.suvival","packageID":"com.mizo.raft.suvival"},"showTemplate":1,"s2s_tracking_url":"https:\/\/play.google.com\/store\/apps\/details?id=com.mizo.raft.suvival","activeCreativeID":"302","scenes":["1","2","6","4","5"],"campaignAdType":"Interstitial","productId":"","purchaseBit":0,"licenseKey":""},{"campaignID":"317","attribution":0,"priority":"5","appToPromote":{"appToPromoteID":"2723","usesDefaultFrameImage":"0","usesDefaultCloseImage":"0","marketURL":"https:\/\/play.google.com\/store\/apps\/details?id=com.mizo.helicopter.rescue","packageID":"com.mizo.helicopter.rescue"},"showTemplate":1,"s2s_tracking_url":"https:\/\/play.google.com\/store\/apps\/details?id=com.mizo.helicopter.rescue","activeCreativeID":"324","scenes":["1","2","6","4","5"],"campaignAdType":"Interstitial","productId":"","purchaseBit":0,"licenseKey":""},{"campaignID":"367","attribution":0,"priority":"5","appToPromote":{"appToPromoteID":"2911","usesDefaultFrameImage":"0","usesDefaultCloseImage":"0","marketURL":"https:\/\/play.google.com\/store\/apps\/details?id=com.mizo.police.ship.transporter","packageID":"com.mizo.police.ship.transporter"},"showTemplate":1,"s2s_tracking_url":"https:\/\/play.google.com\/store\/apps\/details?id=com.mizo.police.ship.transporter","activeCreativeID":"383","scenes":["1","2","6","4","5"],"campaignAdType":"Interstitial","productId":"","purchaseBit":0,"licenseKey":""},{"campaignID":"390","attribution":0,"priority":"5","appToPromote":{"appToPromoteID":"3077","usesDefaultFrameImage":"0","usesDefaultCloseImage":"0","marketURL":"https:\/\/play.google.com\/store\/apps\/details?id=com.mizo.transformer.shooting","packageID":"com.mizo.transformer.shooting"},"showTemplate":1,"s2s_tracking_url":"https:\/\/play.google.com\/store\/apps\/details?id=com.mizo.transformer.shooting","activeCreativeID":"441","scenes":["1","2","6","4","5"],"campaignAdType":"Interstitial","productId":"","purchaseBit":0,"licenseKey":""},{"campaignID":"408","attribution":0,"priority":"5","appToPromote":{"appToPromoteID":"3095","usesDefaultFrameImage":"0","usesDefaultCloseImage":"0","marketURL":"https:\/\/play.google.com\/store\/apps\/details?id=com.mizo.superhero.robot","packageID":"com.mizo.superhero.robot"},"showTemplate":1,"s2s_tracking_url":"https:\/\/play.google.com\/store\/apps\/details?id=com.mizo.superhero.robot","activeCreativeID":"443","scenes":["1","2","6","4","5"],"campaignAdType":"Interstitial","productId":"","purchaseBit":0,"licenseKey":""},{"campaignID":"410","attribution":0,"priority":"5","appToPromote":{"appToPromoteID":"3145","usesDefaultFrameImage":"0","usesDefaultCloseImage":"0","marketURL":"https:\/\/play.google.com\/store\/apps\/details?id=com.mizo.extreme.bikerider","packageID":"com.mizo.extreme.bikerider"},"showTemplate":1,"s2s_tracking_url":"https:\/\/play.google.com\/store\/apps\/details?id=com.mizo.extreme.bikerider","activeCreativeID":"448","scenes":["1","2","6","4","5"],"campaignAdType":"Interstitial","productId":"","purchaseBit":0,"licenseKey":""},{"campaignID":"428","attribution":0,"priority":"5","appToPromote":{"appToPromoteID":"3250","usesDefaultFrameImage":"0","usesDefaultCloseImage":"0","marketURL":"https:\/\/play.google.com\/store\/apps\/details?id=com.mizo.bicycle.stunt.racer","packageID":"com.mizo.bicycle.stunt.racer"},"showTemplate":1,"s2s_tracking_url":"https:\/\/play.google.com\/store\/apps\/details?id=com.mizo.bicycle.stunt.racer","activeCreativeID":"472","scenes":["1","2","6","4","5"],"campaignAdType":"Interstitial","productId":"","purchaseBit":0,"licenseKey":""},{"campaignID":"429","attribution":0,"priority":"5","appToPromote":{"appToPromoteID":"3253","usesDefaultFrameImage":"0","usesDefaultCloseImage":"0","marketURL":"https:\/\/play.google.com\/store\/apps\/details?id=com.mizo.rooftop.stunts","packageID":"com.mizo.rooftop.stunts"},"showTemplate":1,"s2s_tracking_url":"https:\/\/play.google.com\/store\/apps\/details?id=com.mizo.rooftop.stunts","activeCreativeID":"474","scenes":["1","2","6","4","5"],"campaignAdType":"Interstitial","productId":"","purchaseBit":0,"licenseKey":""},{"campaignID":"456","attribution":0,"priority":"5","appToPromote":{"appToPromoteID":"2448","usesDefaultFrameImage":"0","usesDefaultCloseImage":"0","marketURL":"https:\/\/play.google.com\/store\/apps\/details?id=com.mizo.battle.simulator","packageID":"com.mizo.battle.simulator"},"showTemplate":1,"s2s_tracking_url":"https:\/\/play.google.com\/store\/apps\/details?id=com.mizo.battle.simulator","activeCreativeID":"503","scenes":["1","2","6","4","5"],"campaignAdType":"Interstitial","productId":"","purchaseBit":0,"licenseKey":""},{"campaignID":"482","attribution":0,"priority":"5","appToPromote":{"appToPromoteID":"2877","usesDefaultFrameImage":"0","usesDefaultCloseImage":"0","marketURL":"https:\/\/play.google.com\/store\/apps\/details?id=com.mizo.underwater.tourist.bus","packageID":"com.mizo.underwater.tourist.bus"},"showTemplate":1,"s2s_tracking_url":"https:\/\/play.google.com\/store\/apps\/details?id=com.mizo.underwater.tourist.bus","activeCreativeID":"540","scenes":["1","2","6","4","5"],"campaignAdType":"Interstitial","productId":"","purchaseBit":0,"licenseKey":""},{"campaignID":"490","attribution":0,"priority":"5","appToPromote":{"appToPromoteID":"3518","usesDefaultFrameImage":"0","usesDefaultCloseImage":"0","marketURL":"https:\/\/play.google.com\/store\/apps\/details?id=com.crazyneuron.superhero.robot.world","packageID":"com.crazyneuron.superhero.robot.world"},"showTemplate":1,"s2s_tracking_url":"https:\/\/play.google.com\/store\/apps\/details?id=com.crazyneuron.superhero.robot.world","activeCreativeID":"550","scenes":["1","2","6","4","5"],"campaignAdType":"Interstitial","productId":"","purchaseBit":0,"licenseKey":""},{"campaignID":"501","attribution":0,"priority":"5","appToPromote":{"appToPromoteID":"3579","usesDefaultFrameImage":"0","usesDefaultCloseImage":"0","marketURL":"https:\/\/play.google.com\/store\/apps\/details?id=com.crazyneuron.us.army.transport","packageID":"com.crazyneuron.us.army.transport"},"showTemplate":1,"s2s_tracking_url":"https:\/\/play.google.com\/store\/apps\/details?id=com.crazyneuron.us.army.transport","activeCreativeID":"577","scenes":["1","2","6","4","5"],"campaignAdType":"Interstitial","productId":"","purchaseBit":0,"licenseKey":""},{"campaignID":"512","attribution":0,"priority":"5","appToPromote":{"appToPromoteID":"3683","usesDefaultFrameImage":"0","usesDefaultCloseImage":"0","marketURL":"https:\/\/play.google.com\/store\/apps\/details?id=com.mizo.plane.landing","packageID":"com.mizo.plane.landing"},"showTemplate":1,"s2s_tracking_url":"https:\/\/play.google.com\/store\/apps\/details?id=com.mizo.plane.landing","activeCreativeID":"594","scenes":["1","2","6","4","5"],"campaignAdType":"Interstitial","productId":"","purchaseBit":0,"licenseKey":""},{"campaignID":"6210","attribution":0,"priority":"5","appToPromote":{"appToPromoteID":"11566","usesDefaultFrameImage":"0","usesDefaultCloseImage":"0","marketURL":"https:\/\/play.google.com\/store\/apps\/details?id=com.mizo.line.drawing.puzzle.game","packageID":"com.mizo.line.drawing.puzzle.game"},"showTemplate":1,"s2s_tracking_url":"https:\/\/play.google.com\/store\/apps\/details?id=com.mizo.line.drawing.puzzle.game","activeCreativeID":"1322","scenes":["1","2","6","4","5"],"campaignAdType":"Video","productId":"","purchaseBit":0,"licenseKey":""},{"campaignID":"6213","attribution":0,"priority":"5","appToPromote":{"appToPromoteID":"11633","usesDefaultFrameImage":"0","usesDefaultCloseImage":"0","marketURL":"https:\/\/play.google.com\/store\/apps\/details?id=com.mizo.car.driving.simulator","packageID":"com.mizo.car.driving.simulator"},"showTemplate":1,"s2s_tracking_url":"https:\/\/play.google.com\/store\/apps\/details?id=com.mizo.car.driving.simulator","activeCreativeID":"1325","scenes":["1","2","6","4","5"],"campaignAdType":"Video","productId":"","purchaseBit":0,"licenseKey":""},{"campaignID":"6214","attribution":0,"priority":"5","appToPromote":{"appToPromoteID":"11661","usesDefaultFrameImage":"0","usesDefaultCloseImage":"0","marketURL":"https:\/\/play.google.com\/store\/apps\/details?id=com.mizo.car.tycoon.game","packageID":"com.mizo.car.tycoon.game"},"showTemplate":1,"s2s_tracking_url":"https:\/\/play.google.com\/store\/apps\/details?id=com.mizo.car.tycoon.game","activeCreativeID":"1326","scenes":["1","2","6","4","5"],"campaignAdType":"Video","productId":"","purchaseBit":0,"licenseKey":""},{"campaignID":"6254","attribution":0,"priority":"5","appToPromote":{"appToPromoteID":"11810","usesDefaultFrameImage":"0","usesDefaultCloseImage":"0","marketURL":"https:\/\/play.google.com\/store\/apps\/details?id=com.mizo.car.transporter.games","packageID":"com.mizo.car.transporter.games"},"showTemplate":1,"s2s_tracking_url":"https:\/\/play.google.com\/store\/apps\/details?id=com.mizo.car.transporter.games","activeCreativeID":"1370","scenes":["1","2","6","4","5"],"campaignAdType":"Video","productId":"","purchaseBit":0,"licenseKey":""},{"campaignID":"6256","attribution":0,"priority":"5","appToPromote":{"appToPromoteID":"11880","usesDefaultFrameImage":"0","usesDefaultCloseImage":"0","marketURL":"https:\/\/play.google.com\/store\/apps\/details?id=com.mizo.us.army.transporter","packageID":"com.mizo.us.army.transporter"},"showTemplate":1,"s2s_tracking_url":"https:\/\/play.google.com\/store\/apps\/details?id=com.mizo.us.army.transporter","activeCreativeID":"1372","scenes":["1","2","6","4","5"],"campaignAdType":"Video","productId":"","purchaseBit":0,"licenseKey":""},{"campaignID":"6264","attribution":0,"priority":"5","appToPromote":{"appToPromoteID":"11879","usesDefaultFrameImage":"0","usesDefaultCloseImage":"0","marketURL":"https:\/\/play.google.com\/store\/apps\/details?id=com.buntoo.car.racing.games","packageID":"com.buntoo.car.racing.games"},"showTemplate":1,"s2s_tracking_url":"https:\/\/play.google.com\/store\/apps\/details?id=com.buntoo.car.racing.games","activeCreativeID":"1380","scenes":["1","2","6","4","5"],"campaignAdType":"Video","productId":"","purchaseBit":0,"licenseKey":""},{"campaignID":"6363","attribution":0,"priority":"5","appToPromote":{"appToPromoteID":"12100","usesDefaultFrameImage":"0","usesDefaultCloseImage":"0","marketURL":"https:\/\/play.google.com\/store\/apps\/details?id=com.mizo.police.transport.shooting","packageID":"com.mizo.police.transport.shooting"},"showTemplate":1,"s2s_tracking_url":"https:\/\/play.google.com\/store\/apps\/details?id=com.mizo.police.transport.shooting","activeCreativeID":"1519","scenes":["1","2","6","4","5"],"campaignAdType":"Video","productId":"","purchaseBit":0,"licenseKey":""},{"campaignID":"6430","attribution":0,"priority":"5","appToPromote":{"appToPromoteID":"12340","usesDefaultFrameImage":"0","usesDefaultCloseImage":"0","marketURL":"https:\/\/play.google.com\/store\/apps\/details?id=com.buntoo.robot.car.transporter.games","packageID":"com.buntoo.robot.car.transporter.games"},"showTemplate":1,"s2s_tracking_url":"https:\/\/play.google.com\/store\/apps\/details?id=com.buntoo.robot.car.transporter.games","activeCreativeID":"1563","scenes":["1","2","6","4","5"],"campaignAdType":"Video","productId":"","purchaseBit":0,"licenseKey":""},{"campaignID":"6432","attribution":0,"priority":"5","appToPromote":{"appToPromoteID":"12565","usesDefaultFrameImage":"0","usesDefaultCloseImage":"0","marketURL":"https:\/\/play.google.com\/store\/apps\/details?id=com.mizo.train.gold.robbery.games","packageID":"com.mizo.train.gold.robbery.games"},"showTemplate":1,"s2s_tracking_url":"https:\/\/play.google.com\/store\/apps\/details?id=com.mizo.train.gold.robbery.games","activeCreativeID":"1565","scenes":["1","2","6","4","5"],"campaignAdType":"Video","productId":"","purchaseBit":0,"licenseKey":""}],"refreshAdRate":30,"mode":"Production","aspectRatio":"4_3","cdnPath":"https:\/\/df8ymybeo92md.cloudfront.net\/images\/","sentry_log":0,"local_logging":0,"sentry_dsn":"https:\/\/93ffa1c9a4124f67b8888a53265f751a:bbf998e04584477fa9a145838e9d3b26@sentry.io\/168994","sentry_initialization":1,"sentry_debugging":0,"bannerSizes":[],"aspectRatioVideo":"16_9","app_id":"1074","showPreRewardedDialogue":0,"showPostRewardedDialogue":0,"rewardCurrency":"coins","rewardValue":0,"isSkipable":0,"privacyPolicyURL":"https:\/\/www.consoliads.com\/privacy-policy\/","sessionToken":"uzZw1bNoJsgKEDqhG4Jx+avsU6cqZ1icuEI64pvJ5qeEar5ydGuBIp4d8odELfJnWQ3OycYUB1F1+Cp+C1XlonsgKxDfoFgFWMHpyZ45G8MLIk3B+xuHcGAzrVw9akF3\/75j8W1be5EGTCHozrKOod\/tp9RNp4PiPf9RJKzs1D0="}
Session token value is set


{"appKey":"b4729925db57c2b0093f9ef0986b65ad","deviceID":"1394","stats":[{"campaignID":53,"packageID":"com.fazbro.heavy.excavator","sceneStats":[{"sceneID":"4","eventStats":"314,214,114,14,14,0,0"}]}],"sdkVersion":"2056","sessionToken":"uzZw1bNoJsgKEDqhG4Jx+avsU6cqZ1icuEI64pvJ5qeEar5ydGuBIp4d8odELfJnWQ3OycYUB1F1+Cp+C1XlonsgKxDfoFgFWMHpyZ45G8MLIk3B+xuHcGAzrVw9akF3\/75j8W1be5EGTCHozrKOod\/tp9RNp4PiPf9RJKzs1D0="}
cache_ttl value is correct

Title value is correct

Title value is correct

Title value is correct

Title value is correct

Title value is correct

Title value is correct

Refresh Ad Rate value is correct
mode value is set

 Aspect ratio value is correct
sentry_log value is set
local_logging value is set
sentry_initialization value is set
sentry_debugging value is set
showPreRewardedDialogue value is set
showPostRewardedDialogue value is set
isSkipable value is set
{"cache_ttl":10080,"cache_ttl_rewarded":10080,"cache_ttl_banner":10080,"cache_ttl_native":10080,"cache_ttl_icon":10080,"campaigns":[{"campaignID":"53","attribution":0,"priority":"5","appToPromote":{"appToPromoteID":"1217","usesDefaultFrameImage":"1","usesDefaultCloseImage":"1","marketURL":"https:\/\/play.google.com\/store\/apps\/details?id=com.fazbro.heavy.excavator","packageID":"com.fazbro.heavy.excavator"},"showTemplate":1,"s2s_tracking_url":"https:\/\/play.google.com\/store\/apps\/details?id=com.fazbro.heavy.excavator","activeCreativeID":"71","scenes":["1","2","8","13"],"campaignAdType":"Interstitial","productId":"","purchaseBit":0,"licenseKey":""},{"campaignID":"55","attribution":0,"priority":"5","appToPromote":{"appToPromoteID":"1045","usesDefaultFrameImage":"1","usesDefaultCloseImage":"1","marketURL":"https:\/\/play.google.com\/store\/apps\/details?id=com.fazbro.road.builder.excavator","packageID":"com.fazbro.road.builder.excavator"},"showTemplate":1,"s2s_tracking_url":"https:\/\/play.google.com\/store\/apps\/details?id=com.fazbro.road.builder.excavator","activeCreativeID":"73","scenes":["1","2","8","13"],"campaignAdType":"Interstitial","productId":"","purchaseBit":0,"licenseKey":""},{"campaignID":"73","attribution":0,"priority":"5","appToPromote":{"appToPromoteID":"1458","usesDefaultFrameImage":"1","usesDefaultCloseImage":"1","marketURL":"https:\/\/play.google.com\/store\/apps\/details?id=com.mizo.army.prisoner.transport.simulator","packageID":"com.mizo.army.prisoner.transport.simulator"},"showTemplate":1,"s2s_tracking_url":"https:\/\/play.google.com\/store\/apps\/details?id=com.mizo.army.prisoner.transport.simulator","activeCreativeID":"93","scenes":["1","2","8","13"],"campaignAdType":"Interstitial","productId":"","purchaseBit":0,"licenseKey":""},{"campaignID":"74","attribution":0,"priority":"5","appToPromote":{"appToPromoteID":"1449","usesDefaultFrameImage":"1","usesDefaultCloseImage":"1","marketURL":"https:\/\/play.google.com\/store\/apps\/details?id=com.brilliantgamez.army.prisoners.transport.plane","packageID":"com.brilliantgamez.army.prisoners.transport.plane"},"showTemplate":1,"s2s_tracking_url":"https:\/\/play.google.com\/store\/apps\/details?id=com.brilliantgamez.army.prisoners.transport.plane","activeCreativeID":"94","scenes":["1","2","8","13"],"campaignAdType":"Interstitial","productId":"","purchaseBit":0,"licenseKey":""},{"campaignID":"8226","attribution":0,"priority":"8","appToPromote":{"appToPromoteID":"12623","usesDefaultFrameImage":"0","usesDefaultCloseImage":"0","marketURL":"https:\/\/play.google.com\/store\/apps\/details?id=com.igg.android.lordsmobile&amp;referrer=utm_source=42matters.com&amp;utm_medium=api","packageID":"com.nooribrand.android.lordsmobile"},"showTemplate":1,"s2s_tracking_url":"https:\/\/play.google.com\/store\/apps\/details?id=com.igg.android.lordsmobile&amp;referrer=utm_source=42matters.com&amp;utm_medium=api","activeCreativeID":"3557","scenes":["1","2","8","13"],"campaignAdType":"Icon","productId":"","purchaseBit":0,"licenseKey":""},{"campaignID":"8378","attribution":0,"priority":"8","appToPromote":{"appToPromoteID":"16480","usesDefaultFrameImage":"0","usesDefaultCloseImage":"0","marketURL":"https:\/\/play.google.com\/store\/apps\/details?id=com.nag.home.manager.working.virtual.mom","packageID":"com.GSS317.AmazingFamily"},"showTemplate":1,"s2s_tracking_url":"https:\/\/play.google.com\/store\/apps\/details?id=com.nag.home.manager.working.virtual.mom","activeCreativeID":"3720","scenes":["1","2","8","13"],"campaignAdType":"Interstitial","productId":"","purchaseBit":0,"licenseKey":""},{"campaignID":"8613","attribution":0,"priority":"8","appToPromote":{"appToPromoteID":"12623","usesDefaultFrameImage":"0","usesDefaultCloseImage":"0","marketURL":"https:\/\/play.google.com\/store\/apps\/details?id=com.igg.android.lordsmobile&amp;referrer=utm_source=42matters.com&amp;utm_medium=api","packageID":"com.nooribrand.android.lordsmobile"},"showTemplate":1,"s2s_tracking_url":"https:\/\/play.google.com\/store\/apps\/details?id=com.igg.android.lordsmobile&amp;referrer=utm_source=42matters.com&amp;utm_medium=api","activeCreativeID":"3557","scenes":["1","2","8","13"],"campaignAdType":"Icon","productId":"","purchaseBit":0,"licenseKey":""},{"campaignID":"9252","attribution":0,"priority":"8","appToPromote":{"appToPromoteID":"12315","usesDefaultFrameImage":"0","usesDefaultCloseImage":"0","marketURL":"google.com","packageID":"com.qabrand.plnative"},"showTemplate":1,"s2s_tracking_url":"google.com","activeCreativeID":"4683","scenes":["1","2","8","13"],"campaignAdType":"Native","title":"Native first","subTitle":"First ","description":"New description","adClickThroughText":"FIRST Button","productId":"","purchaseBit":0,"licenseKey":""},{"campaignID":"9253","attribution":0,"priority":"8","appToPromote":{"appToPromoteID":"12315","usesDefaultFrameImage":"0","usesDefaultCloseImage":"0","marketURL":"google.com","packageID":"com.qabrand.plnative"},"showTemplate":1,"s2s_tracking_url":"google.com","activeCreativeID":"4683","scenes":["1","2","8","13"],"campaignAdType":"Native","title":"Native first","subTitle":"First ","description":"New description","adClickThroughText":"FIRST Button","productId":"","purchaseBit":0,"licenseKey":""},{"campaignID":"9255","attribution":0,"priority":"8","appToPromote":{"appToPromoteID":"13274","usesDefaultFrameImage":"0","usesDefaultCloseImage":"0","marketURL":"https:\/\/play.google.com\/store\/apps\/details?id=com.facebook.katana","packageID":"com.salon.adsalon"},"showTemplate":1,"s2s_tracking_url":"https:\/\/play.google.com\/store\/apps\/details?id=com.facebook.katana","activeCreativeID":"4685","scenes":["1","2","8","13"],"campaignAdType":"Native","title":"native NA ","subTitle":"native NA ","description":"native NA added","adClickThroughText":"native NA ","productId":"","purchaseBit":0,"licenseKey":""},{"campaignID":"9257","attribution":0,"priority":"8","appToPromote":{"appToPromoteID":"12286","usesDefaultFrameImage":"0","usesDefaultCloseImage":"0","marketURL":"google.com","packageID":"com.qabrand.Chartboost_Native"},"showTemplate":1,"s2s_tracking_url":"google.com","activeCreativeID":"4688","scenes":["1","2","8","13"],"campaignAdType":"Native","title":"Native second updated","subTitle":"Native second ","description":"Native second details","adClickThroughText":"Native second ","productId":"","purchaseBit":0,"licenseKey":""},{"campaignID":"9263","attribution":0,"priority":"8","appToPromote":{"appToPromoteID":"12315","usesDefaultFrameImage":"0","usesDefaultCloseImage":"0","marketURL":"google.com","packageID":"com.qabrand.plnative"},"showTemplate":1,"s2s_tracking_url":"google.com","activeCreativeID":"4694","scenes":["1","2","8","13"],"campaignAdType":"Native","title":"test","subTitle":"test","description":" test details update","adClickThroughText":"test","productId":"","purchaseBit":0,"licenseKey":""},{"campaignID":"9547","attribution":0,"priority":"8","appToPromote":{"appToPromoteID":"11879","usesDefaultFrameImage":"0","usesDefaultCloseImage":"0","marketURL":"https:\/\/play.google.com\/store\/apps\/details?id=com.buntoo.car.racing.games","packageID":"com.buntoo.car.racing.games"},"showTemplate":1,"s2s_tracking_url":"https:\/\/play.google.com\/store\/apps\/details?id=com.buntoo.car.racing.games","activeCreativeID":"4964","scenes":["1","2","8","13"],"campaignAdType":"Interstitial","productId":"","purchaseBit":0,"licenseKey":""},{"campaignID":"9586","attribution":0,"priority":"8","appToPromote":{"appToPromoteID":"515","usesDefaultFrameImage":"1","usesDefaultCloseImage":"1","marketURL":"https:\/\/play.google.com\/store\/apps\/details?id=com.plum.cash.counter.simualtor","packageID":"com.plum.cash.counter.simualtor"},"showTemplate":1,"s2s_tracking_url":"https:\/\/play.google.com\/store\/apps\/details?id=com.plum.cash.counter.simualtor","activeCreativeID":"50","scenes":["1","2","8","13"],"campaignAdType":"Interstitial","productId":"","purchaseBit":0,"licenseKey":""},{"campaignID":"9587","attribution":0,"priority":"8","appToPromote":{"appToPromoteID":"515","usesDefaultFrameImage":"1","usesDefaultCloseImage":"1","marketURL":"https:\/\/play.google.com\/store\/apps\/details?id=com.plum.cash.counter.simualtor","packageID":"com.plum.cash.counter.simualtor"},"showTemplate":1,"s2s_tracking_url":"https:\/\/play.google.com\/store\/apps\/details?id=com.plum.cash.counter.simualtor","activeCreativeID":"50","scenes":["1","2","8","13"],"campaignAdType":"Interstitial","productId":"","purchaseBit":0,"licenseKey":""},{"campaignID":"9588","attribution":0,"priority":"8","appToPromote":{"appToPromoteID":"515","usesDefaultFrameImage":"1","usesDefaultCloseImage":"1","marketURL":"https:\/\/play.google.com\/store\/apps\/details?id=com.plum.cash.counter.simualtor","packageID":"com.plum.cash.counter.simualtor"},"showTemplate":1,"s2s_tracking_url":"https:\/\/play.google.com\/store\/apps\/details?id=com.plum.cash.counter.simualtor","activeCreativeID":"50","scenes":["1","2","8","13"],"campaignAdType":"Interstitial","productId":"","purchaseBit":0,"licenseKey":""},{"campaignID":"9589","attribution":0,"priority":"8","appToPromote":{"appToPromoteID":"515","usesDefaultFrameImage":"1","usesDefaultCloseImage":"1","marketURL":"https:\/\/play.google.com\/store\/apps\/details?id=com.plum.cash.counter.simualtor","packageID":"com.plum.cash.counter.simualtor"},"showTemplate":1,"s2s_tracking_url":"https:\/\/play.google.com\/store\/apps\/details?id=com.plum.cash.counter.simualtor","activeCreativeID":"50","scenes":["1","2","8","13"],"campaignAdType":"Interstitial","productId":"","purchaseBit":0,"licenseKey":""},{"campaignID":"9599","attribution":0,"priority":"8","appToPromote":{"appToPromoteID":"515","usesDefaultFrameImage":"1","usesDefaultCloseImage":"1","marketURL":"https:\/\/play.google.com\/store\/apps\/details?id=com.plum.cash.counter.simualtor","packageID":"com.plum.cash.counter.simualtor"},"showTemplate":1,"s2s_tracking_url":"https:\/\/play.google.com\/store\/apps\/details?id=com.plum.cash.counter.simualtor","activeCreativeID":"5001","scenes":["1","2","8","13"],"campaignAdType":"Icon","productId":"","purchaseBit":0,"licenseKey":""},{"campaignID":"9127","attribution":0,"priority":"8","appToPromote":{"appToPromoteID":"17528","usesDefaultFrameImage":"0","usesDefaultCloseImage":"0","marketURL":"https:\/\/play.google.com\/store\/apps\/details?id=net.one97.paytm","packageID":"net.one97.paytm"},"showTemplate":1,"s2s_tracking_url":"https:\/\/tha.gotrackier.com\/click?campaign_id=63249\\u0026pub_id=75?p1=1217_9127_1394&amp;source=6841&amp;app_name=HeavyExcavator&amp;gaid=1394","activeCreativeID":"4788","scenes":["1","2","8","13"],"campaignAdType":"Native","title":"BCA","subTitle":"FW","description":"nope","adClickThroughText":"Link","productId":"","purchaseBit":0,"licenseKey":""},{"campaignID":"9131","attribution":0,"priority":"8","appToPromote":{"appToPromoteID":"17532","usesDefaultFrameImage":"0","usesDefaultCloseImage":"0","marketURL":"https:\/\/play.google.com\/store\/apps\/details?id=com.dhgate.buyermob","packageID":"com.dhgate.buyermob"},"showTemplate":1,"s2s_tracking_url":"https:\/\/tha.gotrackier.com\/click?campaign_id=63254\\u0026pub_id=75?p1=1217_9131_1394&amp;source=6841&amp;app_name=HeavyExcavator&amp;gaid=1394","activeCreativeID":"4483","scenes":["1","2","8","13"],"campaignAdType":"Interstitial","productId":"","purchaseBit":0,"licenseKey":""},{"campaignID":"8380","attribution_link":"","attribution":1,"priority":"7","appToPromote":{"appToPromoteID":"16480","usesDefaultFrameImage":"0","usesDefaultCloseImage":"0","marketURL":"https:\/\/play.google.com\/store\/apps\/details?id=com.nag.home.manager.working.virtual.mom","packageID":"com.GSS317.AmazingFamily"},"showTemplate":1,"s2s_tracking_url":"","activeCreativeID":"3720","scenes":["1","2","8","13"],"campaignAdType":"Interstitial","productId":"","purchaseBit":0,"licenseKey":""},{"campaignID":"444","attribution":0,"priority":"6","appToPromote":{"appToPromoteID":"3355","usesDefaultFrameImage":"0","usesDefaultCloseImage":"0","marketURL":"https:\/\/play.google.com\/store\/apps\/details?id=com.popnsons.parkour.mouse","packageID":"com.popnsons.parkour.mouse"},"showTemplate":1,"s2s_tracking_url":"https:\/\/play.google.com\/store\/apps\/details?id=com.popnsons.parkour.mouse","activeCreativeID":"469","scenes":["1","2","8","13"],"campaignAdType":"Interstitial","productId":"","purchaseBit":0,"licenseKey":""},{"campaignID":"561","attribution":0,"priority":"6","appToPromote":{"appToPromoteID":"5026","usesDefaultFrameImage":"0","usesDefaultCloseImage":"0","marketURL":"https:\/\/play.google.com\/store\/apps\/details?id=com.as.cashupapp","packageID":"com.as.cashupapp"},"showTemplate":1,"s2s_tracking_url":"https:\/\/play.google.com\/store\/apps\/details?id=com.as.cashupapp","activeCreativeID":"652","scenes":["1","2","8","13"],"campaignAdType":"Interstitial","productId":"","purchaseBit":0,"licenseKey":""},{"campaignID":"570","attribution":0,"priority":"6","appToPromote":{"appToPromoteID":"3802","usesDefaultFrameImage":"0","usesDefaultCloseImage":"0","marketURL":"https:\/\/play.google.com\/store\/apps\/details?id=com.Madxstudios.Flickshootsoccer","packageID":"com.Madxstudios.Flickshootsoccer"},"showTemplate":1,"s2s_tracking_url":"https:\/\/play.google.com\/store\/apps\/details?id=com.Madxstudios.Flickshootsoccer","activeCreativeID":"661","scenes":["1","2","8","13"],"campaignAdType":"Interstitial","productId":"","purchaseBit":0,"licenseKey":""},{"campaignID":"588","attribution":0,"priority":"6","appToPromote":{"appToPromoteID":"5026","usesDefaultFrameImage":"0","usesDefaultCloseImage":"0","marketURL":"https:\/\/play.google.com\/store\/apps\/details?id=com.as.cashupapp","packageID":"com.as.cashupapp"},"showTemplate":1,"s2s_tracking_url":"https:\/\/play.google.com\/store\/apps\/details?id=com.as.cashupapp","activeCreativeID":"652","scenes":["1","2","8","13"],"campaignAdType":"Interstitial","productId":"","purchaseBit":0,"licenseKey":""},{"campaignID":"8808","attribution_link":"","attribution":1,"priority":"5","appToPromote":{"appToPromoteID":"16528","usesDefaultFrameImage":"0","usesDefaultCloseImage":"0","marketURL":"https:\/\/play.google.com\/store\/apps\/details?id=com.bag.farm.day.village.farming.games","packageID":"com.GSS317.com.bag.farm.day.village.farming.games"},"showTemplate":1,"s2s_tracking_url":"","activeCreativeID":"3775","scenes":["1","2","8","13"],"campaignAdType":"Interstitial","productId":"","purchaseBit":0,"licenseKey":""},{"campaignID":"8876","attribution":0,"priority":"5","appToPromote":{"appToPromoteID":"15640","usesDefaultFrameImage":"0","usesDefaultCloseImage":"0","marketURL":"https:\/\/play.google.com\/store\/apps\/details?id=com.pgz.police.bike.stunt.ramp.bike.racing.games","packageID":"com.pgz.police.bike.stunt.ramp.bike.racing.games"},"showTemplate":1,"s2s_tracking_url":"https:\/\/play.google.com\/store\/apps\/details?id=com.pgz.police.bike.stunt.ramp.bike.racing.games","activeCreativeID":"4236","scenes":["1","2","8","13"],"campaignAdType":"Interstitial","productId":"","purchaseBit":0,"licenseKey":""},{"campaignID":"8973","attribution":0,"priority":"5","appToPromote":{"appToPromoteID":"15974","usesDefaultFrameImage":"0","usesDefaultCloseImage":"0","marketURL":"https:\/\/play.google.com\/store\/apps\/details?id=com.mustardgames.bmx.cycle.stunt.mega.ramp.impossibletracks","packageID":"com.mustardgames.bmx.cycle.stunt.mega.ramp.impossibletracks"},"showTemplate":1,"s2s_tracking_url":"https:\/\/play.google.com\/store\/apps\/details?id=com.mustardgames.bmx.cycle.stunt.mega.ramp.impossibletracks","activeCreativeID":"4339","scenes":["1","2","8","13"],"campaignAdType":"Interstitial","productId":"","purchaseBit":0,"licenseKey":""},{"campaignID":"557","attribution":0,"priority":"4","appToPromote":{"appToPromoteID":"4959","usesDefaultFrameImage":"0","usesDefaultCloseImage":"0","marketURL":"https:\/\/play.google.com\/store\/apps\/details?id=com.jet.plane.surfers.joyride.dash","packageID":"com.jet.plane.surfers.joyride.dash"},"showTemplate":1,"s2s_tracking_url":"https:\/\/play.google.com\/store\/apps\/details?id=com.jet.plane.surfers.joyride.dash","activeCreativeID":"645","scenes":["1","2","8","13"],"campaignAdType":"Interstitial","productId":"","purchaseBit":0,"licenseKey":""},{"campaignID":"414","attribution":0,"priority":"3","appToPromote":{"appToPromoteID":"3023","usesDefaultFrameImage":"0","usesDefaultCloseImage":"0","marketURL":"https:\/\/play.google.com\/store\/apps\/details?id=com.appricot2d.rolo.pet.parrot","packageID":"com.appricot2d.rolo.pet.parrot"},"showTemplate":1,"s2s_tracking_url":"https:\/\/play.google.com\/store\/apps\/details?id=com.appricot2d.rolo.pet.parrot","activeCreativeID":"385","scenes":["1","2","8","13"],"campaignAdType":"Interstitial","productId":"","purchaseBit":0,"licenseKey":""},{"campaignID":"559","attribution":0,"priority":"3","appToPromote":{"appToPromoteID":"3476","usesDefaultFrameImage":"0","usesDefaultCloseImage":"0","marketURL":"https:\/\/play.google.com\/store\/apps\/details?id=com.perspectivegames.real.impossible.tracks.stunts","packageID":"com.perspectivegames.real.impossible.tracks.stunts"},"showTemplate":1,"s2s_tracking_url":"https:\/\/play.google.com\/store\/apps\/details?id=com.perspectivegames.real.impossible.tracks.stunts","activeCreativeID":"649","scenes":["1","2","8","13"],"campaignAdType":"Interstitial","productId":"","purchaseBit":0,"licenseKey":""},{"campaignID":"741","attribution":0,"priority":"3","appToPromote":{"appToPromoteID":"5609","usesDefaultFrameImage":"0","usesDefaultCloseImage":"0","marketURL":"https:\/\/play.google.com\/store\/apps\/details?id=com.kick.gyroscopic.city.train.driver.simulator","packageID":"com.kick.gyroscopic.city.train.driver.simulator"},"showTemplate":1,"s2s_tracking_url":"https:\/\/play.google.com\/store\/apps\/details?id=com.kick.gyroscopic.city.train.driver.simulator","activeCreativeID":"753","scenes":["1","2","8","13"],"campaignAdType":"Interstitial","productId":"","purchaseBit":0,"licenseKey":""},{"campaignID":"798","attribution":0,"priority":"3","appToPromote":{"appToPromoteID":"5770","usesDefaultFrameImage":"0","usesDefaultCloseImage":"0","marketURL":"https:\/\/play.google.com\/store\/apps\/details?id=com.simulatorgames3d.alohacelebrations","packageID":"com.simulatorgames3d.alohacelebrations"},"showTemplate":1,"s2s_tracking_url":"https:\/\/play.google.com\/store\/apps\/details?id=com.simulatorgames3d.alohacelebrations","activeCreativeID":"787","scenes":["1","2","8","13"],"campaignAdType":"Interstitial","productId":"","purchaseBit":0,"licenseKey":""},{"campaignID":"1483","attribution":0,"priority":"3","appToPromote":{"appToPromoteID":"1714","usesDefaultFrameImage":"1","usesDefaultCloseImage":"1","marketURL":"https:\/\/play.google.com\/store\/apps\/details?id=com.playink.cookie.maker","packageID":"com.playink.cookie.maker"},"showTemplate":1,"s2s_tracking_url":"https:\/\/play.google.com\/store\/apps\/details?id=com.playink.cookie.maker","activeCreativeID":"1020","scenes":["1","2","8","13"],"campaignAdType":"Interstitial","productId":"","purchaseBit":0,"licenseKey":""},{"campaignID":"8762","attribution":0,"priority":"2","appToPromote":{"appToPromoteID":"13265","usesDefaultFrameImage":"0","usesDefaultCloseImage":"0","marketURL":"https:\/\/play.google.com\/store\/apps\/details?id=com.rhg.tricky.bike.stunt.moto.master","packageID":"com.rhg.tricky.bike.stunt.moto.master"},"showTemplate":1,"s2s_tracking_url":"https:\/\/play.google.com\/store\/apps\/details?id=com.rhg.tricky.bike.stunt.moto.master","activeCreativeID":"4121","scenes":["1","2","8","13"],"campaignAdType":"Rewarded Video","productId":"","purchaseBit":0,"licenseKey":""},{"campaignID":"8879","attribution":0,"priority":"2","appToPromote":{"appToPromoteID":"15640","usesDefaultFrameImage":"0","usesDefaultCloseImage":"0","marketURL":"https:\/\/play.google.com\/store\/apps\/details?id=com.pgz.police.bike.stunt.ramp.bike.racing.games","packageID":"com.pgz.police.bike.stunt.ramp.bike.racing.games"},"showTemplate":1,"s2s_tracking_url":"https:\/\/play.google.com\/store\/apps\/details?id=com.pgz.police.bike.stunt.ramp.bike.racing.games","activeCreativeID":"4239","scenes":["1","2","8","13"],"campaignAdType":"Banner","productId":"","purchaseBit":0,"licenseKey":""},{"campaignID":"8971","attribution":0,"priority":"2","appToPromote":{"appToPromoteID":"15640","usesDefaultFrameImage":"0","usesDefaultCloseImage":"0","marketURL":"https:\/\/play.google.com\/store\/apps\/details?id=com.pgz.police.bike.stunt.ramp.bike.racing.games","packageID":"com.pgz.police.bike.stunt.ramp.bike.racing.games"},"showTemplate":1,"s2s_tracking_url":"https:\/\/play.google.com\/store\/apps\/details?id=com.pgz.police.bike.stunt.ramp.bike.racing.games","activeCreativeID":"4236","scenes":["1","2","8","13"],"campaignAdType":"Interstitial","productId":"","purchaseBit":0,"licenseKey":""}],"refreshAdRate":30,"mode":"Production","aspectRatio":"4_3","cdnPath":"https:\/\/df8ymybeo92md.cloudfront.net\/images\/","sentry_log":0,"local_logging":0,"sentry_dsn":"https:\/\/93ffa1c9a4124f67b8888a53265f751a:bbf998e04584477fa9a145838e9d3b26@sentry.io\/168994","sentry_initialization":1,"sentry_debugging":0,"bannerSizes":["1"],"aspectRatioVideo":"16_9","app_id":"1217","showPreRewardedDialogue":0,"showPostRewardedDialogue":0,"rewardCurrency":"coins","rewardValue":0,"isSkipable":1,"privacyPolicyURL":"https:\/\/www.consoliads.com\/privacy-policy\/","sessionToken":"MAqvYtFbtOsKOa7yB6wVod4OynlMcis0soq+7tt36XhNqtYisPMwHuTlYFRIl\/hi3t0TJUsaz9pLqS8URSgvjWjIsSR11TXvQ0cZ9B2z9NEi1YbKY3D8u9iLF5FnG8nE1U8rJESaVBLZ5sPq7DdzAPjIO8+4n2LHv6qRQ\/CPAco="}
Session token value is set


{"appKey":"a6c37abf407b4606382faab36e69377f","deviceID":"4644","stats":[{"campaignID":73,"packageID":"com.mizo.army.prisoner.transport.simulator","sceneStats":[{"sceneID":"12","eventStats":"346,246,146,46,46,0,0"}]}],"sdkVersion":"39","sessionToken":"MAqvYtFbtOsKOa7yB6wVod4OynlMcis0soq+7tt36XhNqtYisPMwHuTlYFRIl\/hi3t0TJUsaz9pLqS8URSgvjWjIsSR11TXvQ0cZ9B2z9NEi1YbKY3D8u9iLF5FnG8nE1U8rJESaVBLZ5sPq7DdzAPjIO8+4n2LHv6qRQ\/CPAco="}
cache_ttl value is correct

Refresh Ad Rate value is correct
mode value is set

 Aspect ratio value is correct
sentry_log value is set
local_logging value is set
sentry_initialization value is set
sentry_debugging value is set
showPreRewardedDialogue value is set
showPostRewardedDialogue value is set
isSkipable value is set
{"cache_ttl":10080,"cache_ttl_rewarded":10080,"cache_ttl_banner":10080,"cache_ttl_native":10080,"cache_ttl_icon":10080,"refreshAdRate":30,"mode":"Production","aspectRatio":"4_3","cdnPath":"https:\/\/df8ymybeo92md.cloudfront.net\/images\/","sentry_log":0,"local_logging":0,"sentry_dsn":"https:\/\/93ffa1c9a4124f67b8888a53265f751a:bbf998e04584477fa9a145838e9d3b26@sentry.io\/168994","sentry_initialization":1,"sentry_debugging":0,"bannerSizes":[],"aspectRatioVideo":"16_9","app_id":"1458","showPreRewardedDialogue":0,"showPostRewardedDialogue":0,"rewardCurrency":"coins","rewardValue":0,"isSkipable":0,"privacyPolicyURL":"https:\/\/www.consoliads.com\/privacy-policy\/","sessionToken":"h2giyY\/5NYExPJYJbWedzDxBgW4dky9kNliuNyLtyhdjuopLmzEEPMCsMVu7qcPIzLAef3rMoLshFlunxykZBz\/jBF1mDmjjtHC4ldcOGXum9Pf0SzZtlaXJvC4qy06x6DkmBBiISaJhdhOGXHFLfAY47Z9ZmO9HHzOCuVJ1uLo="}
Session token value is set


{"appKey":"f1b23f0067eb003f37357ca24defd9a4","deviceID":"7403","stats":[{"campaignID":78,"packageID":"com.mizo.road.builder.city.construction","sceneStats":[{"sceneID":"19","eventStats":"374,274,174,74,74,0,0"}]}],"sdkVersion":"2151","sessionToken":"h2giyY\/5NYExPJYJbWedzDxBgW4dky9kNliuNyLtyhdjuopLmzEEPMCsMVu7qcPIzLAef3rMoLshFlunxykZBz\/jBF1mDmjjtHC4ldcOGXum9Pf0SzZtlaXJvC4qy06x6DkmBBiISaJhdhOGXHFLfAY47Z9ZmO9HHzOCuVJ1uLo="}
cache_ttl value is correct

Refresh Ad Rate value is correct
mode value is set

 Aspect ratio value is correct
sentry_log value is set
local_logging value is set
sentry_initialization value is set
sentry_debugging value is set
showPreRewardedDialogue value is set
showPostRewardedDialogue value is set
isSkipable value is set
{"cache_ttl":10080,"cache_ttl_rewarded":10080,"cache_ttl_banner":10080,"cache_ttl_native":10080,"cache_ttl_icon":10080,"campaigns":[{"campaignID":"9277","attribution_link":"","attribution":1,"priority":"5","appToPromote":{"appToPromoteID":"17609","usesDefaultFrameImage":"0","usesDefaultCloseImage":"0","marketURL":"https:\/\/smartbear.com\/learn\/automated-testing\/test-automation-frameworks\/","packageID":"com.buntoo.buntooAd"},"showTemplate":1,"s2s_tracking_url":"","activeCreativeID":"4702","scenes":["1","2","6","4","5"],"campaignAdType":"Interstitial","productId":"","purchaseBit":0,"licenseKey":""},{"campaignID":"9278","attribution":0,"priority":"5","appToPromote":{"appToPromoteID":"17609","usesDefaultFrameImage":"0","usesDefaultCloseImage":"0","marketURL":"https:\/\/smartbear.com\/learn\/automated-testing\/test-automation-frameworks\/","packageID":"com.buntoo.buntooAd"},"showTemplate":1,"s2s_tracking_url":"https:\/\/smartbear.com\/learn\/automated-testing\/test-automation-frameworks\/","activeCreativeID":"4701","scenes":["1","2","6","4","5"],"campaignAdType":"Interstitial","productId":"","purchaseBit":0,"licenseKey":""},{"campaignID":"9279","attribution":0,"priority":"5","appToPromote":{"appToPromoteID":"17609","usesDefaultFrameImage":"0","usesDefaultCloseImage":"0","marketURL":"https:\/\/smartbear.com\/learn\/automated-testing\/test-automation-frameworks\/","packageID":"com.buntoo.buntooAd"},"showTemplate":1,"s2s_tracking_url":"https:\/\/smartbear.com\/learn\/automated-testing\/test-automation-frameworks\/","activeCreativeID":"4701","scenes":["1","2","6","4","5"],"campaignAdType":"Interstitial","productId":"","purchaseBit":0,"licenseKey":""},{"campaignID":"9280","attribution":0,"priority":"5","appToPromote":{"appToPromoteID":"17609","usesDefaultFrameImage":"0","usesDefaultCloseImage":"0","marketURL":"https:\/\/smartbear.com\/learn\/automated-testing\/test-automation-frameworks\/","packageID":"com.buntoo.buntooAd"},"showTemplate":1,"s2s_tracking_url":"https:\/\/smartbear.com\/learn\/automated-testing\/test-automation-frameworks\/","activeCreativeID":"4701","scenes":["1","2","6","4","5"],"campaignAdType":"Interstitial","productId":"","purchaseBit":0,"licenseKey":""},{"campaignID":"9281","attribution":0,"priority":"5","appToPromote":{"appToPromoteID":"17609","usesDefaultFrameImage":"0","usesDefaultCloseImage":"0","marketURL":"https:\/\/smartbear.com\/learn\/automated-testing\/test-automation-frameworks\/","packageID":"com.buntoo.buntooAd"},"showTemplate":1,"s2s_tracking_url":"https:\/\/smartbear.com\/learn\/automated-testing\/test-automation-frameworks\/","activeCreativeID":"4701","scenes":["1","2","6","4","5"],"campaignAdType":"Interstitial","productId":"","purchaseBit":0,"licenseKey":""},{"campaignID":"9282","attribution":0,"priority":"5","appToPromote":{"appToPromoteID":"17609","usesDefaultFrameImage":"0","usesDefaultCloseImage":"0","marketURL":"https:\/\/smartbear.com\/learn\/automated-testing\/test-automation-frameworks\/","packageID":"com.buntoo.buntooAd"},"showTemplate":1,"s2s_tracking_url":"https:\/\/smartbear.com\/learn\/automated-testing\/test-automation-frameworks\/","activeCreativeID":"4701","scenes":["1","2","6","4","5"],"campaignAdType":"Interstitial","productId":"","purchaseBit":0,"licenseKey":""},{"campaignID":"9283","attribution":0,"priority":"5","appToPromote":{"appToPromoteID":"17609","usesDefaultFrameImage":"0","usesDefaultCloseImage":"0","marketURL":"https:\/\/smartbear.com\/learn\/automated-testing\/test-automation-frameworks\/","packageID":"com.buntoo.buntooAd"},"showTemplate":1,"s2s_tracking_url":"https:\/\/smartbear.com\/learn\/automated-testing\/test-automation-frameworks\/","activeCreativeID":"4701","scenes":["1","2","6","4","5"],"campaignAdType":"Interstitial","productId":"","purchaseBit":0,"licenseKey":""},{"campaignID":"9285","attribution":0,"priority":"5","appToPromote":{"appToPromoteID":"14746","usesDefaultFrameImage":"0","usesDefaultCloseImage":"0","marketURL":"https:\/\/play.google.com\/store\/apps\/details?id=com.buntoo.army.bus.parking","packageID":"com.buntoo.army.bus.parking"},"showTemplate":1,"s2s_tracking_url":"https:\/\/play.google.com\/store\/apps\/details?id=com.buntoo.army.bus.parking","activeCreativeID":"4710","scenes":["1","2","6","4","5"],"campaignAdType":"Interstitial","productId":"","purchaseBit":0,"licenseKey":""},{"campaignID":"9287","attribution":0,"priority":"5","appToPromote":{"appToPromoteID":"14746","usesDefaultFrameImage":"0","usesDefaultCloseImage":"0","marketURL":"https:\/\/play.google.com\/store\/apps\/details?id=com.buntoo.army.bus.parking","packageID":"com.buntoo.army.bus.parking"},"showTemplate":1,"s2s_tracking_url":"https:\/\/play.google.com\/store\/apps\/details?id=com.buntoo.army.bus.parking","activeCreativeID":"4710","scenes":["1","2","6","4","5"],"campaignAdType":"Interstitial","productId":"","purchaseBit":0,"licenseKey":""},{"campaignID":"9289","attribution":0,"priority":"5","appToPromote":{"appToPromoteID":"17609","usesDefaultFrameImage":"0","usesDefaultCloseImage":"0","marketURL":"https:\/\/smartbear.com\/learn\/automated-testing\/test-automation-frameworks\/","packageID":"com.buntoo.buntooAd"},"showTemplate":1,"s2s_tracking_url":"https:\/\/smartbear.com\/learn\/automated-testing\/test-automation-frameworks\/","activeCreativeID":"4701","scenes":["1","2","6","4","5"],"campaignAdType":"Interstitial","productId":"","purchaseBit":0,"licenseKey":""},{"campaignID":"9290","attribution":0,"priority":"5","appToPromote":{"appToPromoteID":"17609","usesDefaultFrameImage":"0","usesDefaultCloseImage":"0","marketURL":"https:\/\/smartbear.com\/learn\/automated-testing\/test-automation-frameworks\/","packageID":"com.buntoo.buntooAd"},"showTemplate":1,"s2s_tracking_url":"https:\/\/smartbear.com\/learn\/automated-testing\/test-automation-frameworks\/","activeCreativeID":"4701","scenes":["1","2","6","4","5"],"campaignAdType":"Interstitial","productId":"","purchaseBit":0,"licenseKey":""},{"campaignID":"9293","attribution":0,"priority":"5","appToPromote":{"appToPromoteID":"17609","usesDefaultFrameImage":"0","usesDefaultCloseImage":"0","marketURL":"https:\/\/smartbear.com\/learn\/automated-testing\/test-automation-frameworks\/","packageID":"com.buntoo.buntooAd"},"showTemplate":1,"s2s_tracking_url":"https:\/\/smartbear.com\/learn\/automated-testing\/test-automation-frameworks\/","activeCreativeID":"4701","scenes":["1","2","6","4","5"],"campaignAdType":"Interstitial","productId":"","purchaseBit":0,"licenseKey":""},{"campaignID":"9296","attribution":0,"priority":"5","appToPromote":{"appToPromoteID":"17609","usesDefaultFrameImage":"0","usesDefaultCloseImage":"0","marketURL":"https:\/\/smartbear.com\/learn\/automated-testing\/test-automation-frameworks\/","packageID":"com.buntoo.buntooAd"},"showTemplate":1,"s2s_tracking_url":"https:\/\/smartbear.com\/learn\/automated-testing\/test-automation-frameworks\/","activeCreativeID":"4701","scenes":["1","2","6","4","5"],"campaignAdType":"Interstitial","productId":"","purchaseBit":0,"licenseKey":""},{"campaignID":"9297","attribution":0,"priority":"5","appToPromote":{"appToPromoteID":"17609","usesDefaultFrameImage":"0","usesDefaultCloseImage":"0","marketURL":"https:\/\/smartbear.com\/learn\/automated-testing\/test-automation-frameworks\/","packageID":"com.buntoo.buntooAd"},"showTemplate":1,"s2s_tracking_url":"https:\/\/smartbear.com\/learn\/automated-testing\/test-automation-frameworks\/","activeCreativeID":"4701","scenes":["1","2","6","4","5"],"campaignAdType":"Interstitial","productId":"","purchaseBit":0,"licenseKey":""},{"campaignID":"9299","attribution":0,"priority":"5","appToPromote":{"appToPromoteID":"17609","usesDefaultFrameImage":"0","usesDefaultCloseImage":"0","marketURL":"https:\/\/smartbear.com\/learn\/automated-testing\/test-automation-frameworks\/","packageID":"com.buntoo.buntooAd"},"showTemplate":1,"s2s_tracking_url":"https:\/\/smartbear.com\/learn\/automated-testing\/test-automation-frameworks\/","activeCreativeID":"4701","scenes":["1","2","6","4","5"],"campaignAdType":"Interstitial","productId":"","purchaseBit":0,"licenseKey":""},{"campaignID":"9301","attribution":0,"priority":"5","appToPromote":{"appToPromoteID":"17609","usesDefaultFrameImage":"0","usesDefaultCloseImage":"0","marketURL":"https:\/\/smartbear.com\/learn\/automated-testing\/test-automation-frameworks\/","packageID":"com.buntoo.buntooAd"},"showTemplate":1,"s2s_tracking_url":"https:\/\/smartbear.com\/learn\/automated-testing\/test-automation-frameworks\/","activeCreativeID":"4701","scenes":["1","2","6","4","5"],"campaignAdType":"Interstitial","productId":"","purchaseBit":0,"licenseKey":""},{"campaignID":"9305","attribution":0,"priority":"5","appToPromote":{"appToPromoteID":"14746","usesDefaultFrameImage":"0","usesDefaultCloseImage":"0","marketURL":"https:\/\/play.google.com\/store\/apps\/details?id=com.buntoo.army.bus.parking","packageID":"com.buntoo.army.bus.parking"},"showTemplate":1,"s2s_tracking_url":"https:\/\/play.google.com\/store\/apps\/details?id=com.buntoo.army.bus.parking","activeCreativeID":"4710","scenes":["1","2","6","4","5"],"campaignAdType":"Interstitial","productId":"","purchaseBit":0,"licenseKey":""},{"campaignID":"48","attribution":0,"priority":"5","appToPromote":{"appToPromoteID":"1074","usesDefaultFrameImage":"1","usesDefaultCloseImage":"1","marketURL":"https:\/\/play.google.com\/store\/apps\/details?id=com.mizo.construction.crane.hill.climb","packageID":"com.mizo.construction.crane.hill.climb"},"showTemplate":1,"s2s_tracking_url":"https:\/\/play.google.com\/store\/apps\/details?id=com.mizo.construction.crane.hill.climb","activeCreativeID":"65","scenes":["1","2","6","4","5"],"campaignAdType":"Interstitial","productId":"","purchaseBit":0,"licenseKey":""},{"campaignID":"50","attribution":0,"priority":"5","appToPromote":{"appToPromoteID":"1221","usesDefaultFrameImage":"1","usesDefaultCloseImage":"1","marketURL":"https:\/\/play.google.com\/store\/apps\/details?id=com.mizo.offroad.hill.climb","packageID":"com.mizo.offroad.hill.climb"},"showTemplate":1,"s2s_tracking_url":"https:\/\/play.google.com\/store\/apps\/details?id=com.mizo.offroad.hill.climb","activeCreativeID":"67","scenes":["1","2","6","4","5"],"campaignAdType":"Interstitial","productId":"","purchaseBit":0,"licenseKey":""},{"campaignID":"67","attribution":0,"priority":"5","appToPromote":{"appToPromoteID":"1306","usesDefaultFrameImage":"1","usesDefaultCloseImage":"1","marketURL":"https:\/\/play.google.com\/store\/apps\/details?id=com.mizo.extreme.heavy.truck","packageID":"com.mizo.extreme.heavy.truck"},"showTemplate":1,"s2s_tracking_url":"https:\/\/play.google.com\/store\/apps\/details?id=com.mizo.extreme.heavy.truck","activeCreativeID":"85","scenes":["1","2","6","4","5"],"campaignAdType":"Interstitial","productId":"","purchaseBit":0,"licenseKey":""},{"campaignID":"73","attribution":0,"priority":"5","appToPromote":{"appToPromoteID":"1458","usesDefaultFrameImage":"1","usesDefaultCloseImage":"1","marketURL":"https:\/\/play.google.com\/store\/apps\/details?id=com.mizo.army.prisoner.transport.simulator","packageID":"com.mizo.army.prisoner.transport.simulator"},"showTemplate":1,"s2s_tracking_url":"https:\/\/play.google.com\/store\/apps\/details?id=com.mizo.army.prisoner.transport.simulator","activeCreativeID":"93","scenes":["1","2","6","4","5"],"campaignAdType":"Interstitial","productId":"","purchaseBit":0,"licenseKey":""},{"campaignID":"74","attribution":0,"priority":"5","appToPromote":{"appToPromoteID":"1449","usesDefaultFrameImage":"1","usesDefaultCloseImage":"1","marketURL":"https:\/\/play.google.com\/store\/apps\/details?id=com.brilliantgamez.army.prisoners.transport.plane","packageID":"com.brilliantgamez.army.prisoners.transport.plane"},"showTemplate":1,"s2s_tracking_url":"https:\/\/play.google.com\/store\/apps\/details?id=com.brilliantgamez.army.prisoners.transport.plane","activeCreativeID":"94","scenes":["1","2","6","4","5"],"campaignAdType":"Interstitial","productId":"","purchaseBit":0,"licenseKey":""},{"campaignID":"78","attribution":0,"priority":"5","appToPromote":{"appToPromoteID":"1632","usesDefaultFrameImage":"1","usesDefaultCloseImage":"1","marketURL":"https:\/\/play.google.com\/store\/apps\/details?id=com.mizo.road.builder.city.construction","packageID":"com.mizo.road.builder.city.construction"},"showTemplate":1,"s2s_tracking_url":"https:\/\/play.google.com\/store\/apps\/details?id=com.mizo.road.builder.city.construction","activeCreativeID":"97","scenes":["1","2","6","4","5"],"campaignAdType":"Interstitial","productId":"","purchaseBit":0,"licenseKey":""},{"campaignID":"80","attribution":0,"priority":"5","appToPromote":{"appToPromoteID":"1675","usesDefaultFrameImage":"1","usesDefaultCloseImage":"1","marketURL":"https:\/\/play.google.com\/store\/apps\/details?id=com.mizo.flip.bottle.shooting.expert","packageID":"com.mizo.flip.bottle.shooting.expert"},"showTemplate":1,"s2s_tracking_url":"https:\/\/play.google.com\/store\/apps\/details?id=com.mizo.flip.bottle.shooting.expert","activeCreativeID":"100","scenes":["1","2","6","4","5"],"campaignAdType":"Interstitial","productId":"","purchaseBit":0,"licenseKey":""},{"campaignID":"110","attribution":0,"priority":"5","appToPromote":{"appToPromoteID":"1853","usesDefaultFrameImage":"1","usesDefaultCloseImage":"1","marketURL":"https:\/\/play.google.com\/store\/apps\/details?id=com.mizo.police.airplane.transporter","packageID":"com.mizo.police.airplane.transporter"},"showTemplate":1,"s2s_tracking_url":"https:\/\/play.google.com\/store\/apps\/details?id=com.mizo.police.airplane.transporter","activeCreativeID":"137","scenes":["1","2","6","4","5"],"campaignAdType":"Interstitial","productId":"","purchaseBit":0,"licenseKey":""},{"campaignID":"143","attribution":0,"priority":"5","appToPromote":{"appToPromoteID":"2089","usesDefaultFrameImage":"0","usesDefaultCloseImage":"0","marketURL":"https:\/\/play.google.com\/store\/apps\/details?id=com.mizo.sports.car.mechanic","packageID":"com.mizo.sports.car.mechanic"},"showTemplate":1,"s2s_tracking_url":"https:\/\/play.google.com\/store\/apps\/details?id=com.mizo.sports.car.mechanic","activeCreativeID":"184","scenes":["1","2","6","4","5"],"campaignAdType":"Interstitial","productId":"","purchaseBit":0,"licenseKey":""},{"campaignID":"147","attribution":0,"priority":"5","appToPromote":{"appToPromoteID":"2085","usesDefaultFrameImage":"0","usesDefaultCloseImage":"0","marketURL":"https:\/\/play.google.com\/store\/apps\/details?id=com.mizo.robot.gang.mafia","packageID":"com.mizo.robot.gang.mafia"},"showTemplate":1,"s2s_tracking_url":"https:\/\/play.google.com\/store\/apps\/details?id=com.mizo.robot.gang.mafia","activeCreativeID":"188","scenes":["1","2","6","4","5"],"campaignAdType":"Interstitial","productId":"","purchaseBit":0,"licenseKey":""},{"campaignID":"227","attribution":0,"priority":"5","appToPromote":{"appToPromoteID":"2571","usesDefaultFrameImage":"0","usesDefaultCloseImage":"0","marketURL":"https:\/\/play.google.com\/store\/apps\/details?id=com.mizo.raft.suvival","packageID":"com.mizo.raft.suvival"},"showTemplate":1,"s2s_tracking_url":"https:\/\/play.google.com\/store\/apps\/details?id=com.mizo.raft.suvival","activeCreativeID":"302","scenes":["1","2","6","4","5"],"campaignAdType":"Interstitial","productId":"","purchaseBit":0,"licenseKey":""},{"campaignID":"317","attribution":0,"priority":"5","appToPromote":{"appToPromoteID":"2723","usesDefaultFrameImage":"0","usesDefaultCloseImage":"0","marketURL":"https:\/\/play.google.com\/store\/apps\/details?id=com.mizo.helicopter.rescue","packageID":"com.mizo.helicopter.rescue"},"showTemplate":1,"s2s_tracking_url":"https:\/\/play.google.com\/store\/apps\/details?id=com.mizo.helicopter.rescue","activeCreativeID":"324","scenes":["1","2","6","4","5"],"campaignAdType":"Interstitial","productId":"","purchaseBit":0,"licenseKey":""},{"campaignID":"367","attribution":0,"priority":"5","appToPromote":{"appToPromoteID":"2911","usesDefaultFrameImage":"0","usesDefaultCloseImage":"0","marketURL":"https:\/\/play.google.com\/store\/apps\/details?id=com.mizo.police.ship.transporter","packageID":"com.mizo.police.ship.transporter"},"showTemplate":1,"s2s_tracking_url":"https:\/\/play.google.com\/store\/apps\/details?id=com.mizo.police.ship.transporter","activeCreativeID":"383","scenes":["1","2","6","4","5"],"campaignAdType":"Interstitial","productId":"","purchaseBit":0,"licenseKey":""},{"campaignID":"390","attribution":0,"priority":"5","appToPromote":{"appToPromoteID":"3077","usesDefaultFrameImage":"0","usesDefaultCloseImage":"0","marketURL":"https:\/\/play.google.com\/store\/apps\/details?id=com.mizo.transformer.shooting","packageID":"com.mizo.transformer.shooting"},"showTemplate":1,"s2s_tracking_url":"https:\/\/play.google.com\/store\/apps\/details?id=com.mizo.transformer.shooting","activeCreativeID":"441","scenes":["1","2","6","4","5"],"campaignAdType":"Interstitial","productId":"","purchaseBit":0,"licenseKey":""},{"campaignID":"408","attribution":0,"priority":"5","appToPromote":{"appToPromoteID":"3095","usesDefaultFrameImage":"0","usesDefaultCloseImage":"0","marketURL":"https:\/\/play.google.com\/store\/apps\/details?id=com.mizo.superhero.robot","packageID":"com.mizo.superhero.robot"},"showTemplate":1,"s2s_tracking_url":"https:\/\/play.google.com\/store\/apps\/details?id=com.mizo.superhero.robot","activeCreativeID":"443","scenes":["1","2","6","4","5"],"campaignAdType":"Interstitial","productId":"","purchaseBit":0,"licenseKey":""},{"campaignID":"410","attribution":0,"priority":"5","appToPromote":{"appToPromoteID":"3145","usesDefaultFrameImage":"0","usesDefaultCloseImage":"0","marketURL":"https:\/\/play.google.com\/store\/apps\/details?id=com.mizo.extreme.bikerider","packageID":"com.mizo.extreme.bikerider"},"showTemplate":1,"s2s_tracking_url":"https:\/\/play.google.com\/store\/apps\/details?id=com.mizo.extreme.bikerider","activeCreativeID":"448","scenes":["1","2","6","4","5"],"campaignAdType":"Interstitial","productId":"","purchaseBit":0,"licenseKey":""},{"campaignID":"428","attribution":0,"priority":"5","appToPromote":{"appToPromoteID":"3250","usesDefaultFrameImage":"0","usesDefaultCloseImage":"0","marketURL":"https:\/\/play.google.com\/store\/apps\/details?id=com.mizo.bicycle.stunt.racer","packageID":"com.mizo.bicycle.stunt.racer"},"showTemplate":1,"s2s_tracking_url":"https:\/\/play.google.com\/store\/apps\/details?id=com.mizo.bicycle.stunt.racer","activeCreativeID":"472","scenes":["1","2","6","4","5"],"campaignAdType":"Interstitial","productId":"","purchaseBit":0,"licenseKey":""},{"campaignID":"429","attribution":0,"priority":"5","appToPromote":{"appToPromoteID":"3253","usesDefaultFrameImage":"0","usesDefaultCloseImage":"0","marketURL":"https:\/\/play.google.com\/store\/apps\/details?id=com.mizo.rooftop.stunts","packageID":"com.mizo.rooftop.stunts"},"showTemplate":1,"s2s_tracking_url":"https:\/\/play.google.com\/store\/apps\/details?id=com.mizo.rooftop.stunts","activeCreativeID":"474","scenes":["1","2","6","4","5"],"campaignAdType":"Interstitial","productId":"","purchaseBit":0,"licenseKey":""},{"campaignID":"456","attribution":0,"priority":"5","appToPromote":{"appToPromoteID":"2448","usesDefaultFrameImage":"0","usesDefaultCloseImage":"0","marketURL":"https:\/\/play.google.com\/store\/apps\/details?id=com.mizo.battle.simulator","packageID":"com.mizo.battle.simulator"},"showTemplate":1,"s2s_tracking_url":"https:\/\/play.google.com\/store\/apps\/details?id=com.mizo.battle.simulator","activeCreativeID":"503","scenes":["1","2","6","4","5"],"campaignAdType":"Interstitial","productId":"","purchaseBit":0,"licenseKey":""},{"campaignID":"482","attribution":0,"priority":"5","appToPromote":{"appToPromoteID":"2877","usesDefaultFrameImage":"0","usesDefaultCloseImage":"0","marketURL":"https:\/\/play.google.com\/store\/apps\/details?id=com.mizo.underwater.tourist.bus","packageID":"com.mizo.underwater.tourist.bus"},"showTemplate":1,"s2s_tracking_url":"https:\/\/play.google.com\/store\/apps\/details?id=com.mizo.underwater.tourist.bus","activeCreativeID":"540","scenes":["1","2","6","4","5"],"campaignAdType":"Interstitial","productId":"","purchaseBit":0,"licenseKey":""},{"campaignID":"490","attribution":0,"priority":"5","appToPromote":{"appToPromoteID":"3518","usesDefaultFrameImage":"0","usesDefaultCloseImage":"0","marketURL":"https:\/\/play.google.com\/store\/apps\/details?id=com.crazyneuron.superhero.robot.world","packageID":"com.crazyneuron.superhero.robot.world"},"showTemplate":1,"s2s_tracking_url":"https:\/\/play.google.com\/store\/apps\/details?id=com.crazyneuron.superhero.robot.world","activeCreativeID":"550","scenes":["1","2","6","4","5"],"campaignAdType":"Interstitial","productId":"","purchaseBit":0,"licenseKey":""},{"campaignID":"501","attribution":0,"priority":"5","appToPromote":{"appToPromoteID":"3579","usesDefaultFrameImage":"0","usesDefaultCloseImage":"0","marketURL":"https:\/\/play.google.com\/store\/apps\/details?id=com.crazyneuron.us.army.transport","packageID":"com.crazyneuron.us.army.transport"},"showTemplate":1,"s2s_tracking_url":"https:\/\/play.google.com\/store\/apps\/details?id=com.crazyneuron.us.army.transport","activeCreativeID":"577","scenes":["1","2","6","4","5"],"campaignAdType":"Interstitial","productId":"","purchaseBit":0,"licenseKey":""},{"campaignID":"512","attribution":0,"priority":"5","appToPromote":{"appToPromoteID":"3683","usesDefaultFrameImage":"0","usesDefaultCloseImage":"0","marketURL":"https:\/\/play.google.com\/store\/apps\/details?id=com.mizo.plane.landing","packageID":"com.mizo.plane.landing"},"showTemplate":1,"s2s_tracking_url":"https:\/\/play.google.com\/store\/apps\/details?id=com.mizo.plane.landing","activeCreativeID":"594","scenes":["1","2","6","4","5"],"campaignAdType":"Interstitial","productId":"","purchaseBit":0,"licenseKey":""},{"campaignID":"6210","attribution":0,"priority":"5","appToPromote":{"appToPromoteID":"11566","usesDefaultFrameImage":"0","usesDefaultCloseImage":"0","marketURL":"https:\/\/play.google.com\/store\/apps\/details?id=com.mizo.line.drawing.puzzle.game","packageID":"com.mizo.line.drawing.puzzle.game"},"showTemplate":1,"s2s_tracking_url":"https:\/\/play.google.com\/store\/apps\/details?id=com.mizo.line.drawing.puzzle.game","activeCreativeID":"1322","scenes":["1","2","6","4","5"],"campaignAdType":"Video","productId":"","purchaseBit":0,"licenseKey":""},{"campaignID":"6213","attribution":0,"priority":"5","appToPromote":{"appToPromoteID":"11633","usesDefaultFrameImage":"0","usesDefaultCloseImage":"0","marketURL":"https:\/\/play.google.com\/store\/apps\/details?id=com.mizo.car.driving.simulator","packageID":"com.mizo.car.driving.simulator"},"showTemplate":1,"s2s_tracking_url":"https:\/\/play.google.com\/store\/apps\/details?id=com.mizo.car.driving.simulator","activeCreativeID":"1325","scenes":["1","2","6","4","5"],"campaignAdType":"Video","productId":"","purchaseBit":0,"licenseKey":""},{"campaignID":"6214","attribution":0,"priority":"5","appToPromote":{"appToPromoteID":"11661","usesDefaultFrameImage":"0","usesDefaultCloseImage":"0","marketURL":"https:\/\/play.google.com\/store\/apps\/details?id=com.mizo.car.tycoon.game","packageID":"com.mizo.car.tycoon.game"},"showTemplate":1,"s2s_tracking_url":"https:\/\/play.google.com\/store\/apps\/details?id=com.mizo.car.tycoon.game","activeCreativeID":"1326","scenes":["1","2","6","4","5"],"campaignAdType":"Video","productId":"","purchaseBit":0,"licenseKey":""},{"campaignID":"6254","attribution":0,"priority":"5","appToPromote":{"appToPromoteID":"11810","usesDefaultFrameImage":"0","usesDefaultCloseImage":"0","marketURL":"https:\/\/play.google.com\/store\/apps\/details?id=com.mizo.car.transporter.games","packageID":"com.mizo.car.transporter.games"},"showTemplate":1,"s2s_tracking_url":"https:\/\/play.google.com\/store\/apps\/details?id=com.mizo.car.transporter.games","activeCreativeID":"1370","scenes":["1","2","6","4","5"],"campaignAdType":"Video","productId":"","purchaseBit":0,"licenseKey":""},{"campaignID":"6256","attribution":0,"priority":"5","appToPromote":{"appToPromoteID":"11880","usesDefaultFrameImage":"0","usesDefaultCloseImage":"0","marketURL":"https:\/\/play.google.com\/store\/apps\/details?id=com.mizo.us.army.transporter","packageID":"com.mizo.us.army.transporter"},"showTemplate":1,"s2s_tracking_url":"https:\/\/play.google.com\/store\/apps\/details?id=com.mizo.us.army.transporter","activeCreativeID":"1372","scenes":["1","2","6","4","5"],"campaignAdType":"Video","productId":"","purchaseBit":0,"licenseKey":""},{"campaignID":"6264","attribution":0,"priority":"5","appToPromote":{"appToPromoteID":"11879","usesDefaultFrameImage":"0","usesDefaultCloseImage":"0","marketURL":"https:\/\/play.google.com\/store\/apps\/details?id=com.buntoo.car.racing.games","packageID":"com.buntoo.car.racing.games"},"showTemplate":1,"s2s_tracking_url":"https:\/\/play.google.com\/store\/apps\/details?id=com.buntoo.car.racing.games","activeCreativeID":"1380","scenes":["1","2","6","4","5"],"campaignAdType":"Video","productId":"","purchaseBit":0,"licenseKey":""},{"campaignID":"6363","attribution":0,"priority":"5","appToPromote":{"appToPromoteID":"12100","usesDefaultFrameImage":"0","usesDefaultCloseImage":"0","marketURL":"https:\/\/play.google.com\/store\/apps\/details?id=com.mizo.police.transport.shooting","packageID":"com.mizo.police.transport.shooting"},"showTemplate":1,"s2s_tracking_url":"https:\/\/play.google.com\/store\/apps\/details?id=com.mizo.police.transport.shooting","activeCreativeID":"1519","scenes":["1","2","6","4","5"],"campaignAdType":"Video","productId":"","purchaseBit":0,"licenseKey":""},{"campaignID":"6430","attribution":0,"priority":"5","appToPromote":{"appToPromoteID":"12340","usesDefaultFrameImage":"0","usesDefaultCloseImage":"0","marketURL":"https:\/\/play.google.com\/store\/apps\/details?id=com.buntoo.robot.car.transporter.games","packageID":"com.buntoo.robot.car.transporter.games"},"showTemplate":1,"s2s_tracking_url":"https:\/\/play.google.com\/store\/apps\/details?id=com.buntoo.robot.car.transporter.games","activeCreativeID":"1563","scenes":["1","2","6","4","5"],"campaignAdType":"Video","productId":"","purchaseBit":0,"licenseKey":""},{"campaignID":"6432","attribution":0,"priority":"5","appToPromote":{"appToPromoteID":"12565","usesDefaultFrameImage":"0","usesDefaultCloseImage":"0","marketURL":"https:\/\/play.google.com\/store\/apps\/details?id=com.mizo.train.gold.robbery.games","packageID":"com.mizo.train.gold.robbery.games"},"showTemplate":1,"s2s_tracking_url":"https:\/\/play.google.com\/store\/apps\/details?id=com.mizo.train.gold.robbery.games","activeCreativeID":"1565","scenes":["1","2","6","4","5"],"campaignAdType":"Video","productId":"","purchaseBit":0,"licenseKey":""},{"campaignID":"6445","attribution":0,"priority":"5","appToPromote":{"appToPromoteID":"12564","usesDefaultFrameImage":"0","usesDefaultCloseImage":"0","marketURL":"https:\/\/play.google.com\/store\/apps\/details?id=com.cradley.prison.escape.casino.robbery","packageID":"com.cradley.prison.escape.casino.robbery"},"showTemplate":1,"s2s_tracking_url":"https:\/\/play.google.com\/store\/apps\/details?id=com.cradley.prison.escape.casino.robbery","activeCreativeID":"1575","scenes":["1","2","6","4","5"],"campaignAdType":"Video","productId":"","purchaseBit":0,"licenseKey":""}],"refreshAdRate":30,"mode":"Production","aspectRatio":"4_3","cdnPath":"https:\/\/df8ymybeo92md.cloudfront.net\/images\/","sentry_log":0,"local_logging":0,"sentry_dsn":"https:\/\/93ffa1c9a4124f67b8888a53265f751a:bbf998e04584477fa9a145838e9d3b26@sentry.io\/168994","sentry_initialization":1,"sentry_debugging":0,"bannerSizes":["1"],"aspectRatioVideo":"16_9","app_id":"1632","showPreRewardedDialogue":0,"showPostRewardedDialogue":0,"rewardCurrency":"coins","rewardValue":0,"isSkipable":1,"privacyPolicyURL":"https:\/\/www.consoliads.com\/privacy-policy\/","sessionToken":"DlF9PUVB1Vv7rtagNooNEGqBctHGea1lMBmM6cVUX6g5Y\/V\/uqfL1vY0g1pQzPWPPBm856Hc9VpYWL+nSuLoGH9jbShMsB41LVGYOa0gIIhv99jCAvDUE8ky68z8ZrbBLKUbux9TCtQHqoqr0rTIobYNcL+dBXcM6bD4x9CbSks="}
Session token value is set


{"appKey":"a15540f259692e0f609b4cace3e780a9","deviceID":"6903","stats":[{"campaignID":80,"packageID":"com.mizo.flip.bottle.shooting.expert","sceneStats":[{"sceneID":"18","eventStats":"369,269,169,69,69,0,0"}]}],"sdkVersion":"39","sessionToken":"DlF9PUVB1Vv7rtagNooNEGqBctHGea1lMBmM6cVUX6g5Y\/V\/uqfL1vY0g1pQzPWPPBm856Hc9VpYWL+nSuLoGH9jbShMsB41LVGYOa0gIIhv99jCAvDUE8ky68z8ZrbBLKUbux9TCtQHqoqr0rTIobYNcL+dBXcM6bD4x9CbSks="}
cache_ttl value is correct

Refresh Ad Rate value is correct
mode value is set

 Aspect ratio value is correct
sentry_log value is set
local_logging value is set
sentry_initialization value is set
sentry_debugging value is set
showPreRewardedDialogue value is set
showPostRewardedDialogue value is set
isSkipable value is set
{"cache_ttl":10080,"cache_ttl_rewarded":10080,"cache_ttl_banner":10080,"cache_ttl_native":10080,"cache_ttl_icon":10080,"refreshAdRate":30,"mode":"Production","aspectRatio":"4_3","cdnPath":"https:\/\/df8ymybeo92md.cloudfront.net\/images\/","sentry_log":0,"local_logging":0,"sentry_dsn":"https:\/\/93ffa1c9a4124f67b8888a53265f751a:bbf998e04584477fa9a145838e9d3b26@sentry.io\/168994","sentry_initialization":1,"sentry_debugging":0,"bannerSizes":[],"aspectRatioVideo":"16_9","app_id":"1675","showPreRewardedDialogue":0,"showPostRewardedDialogue":0,"rewardCurrency":"coins","rewardValue":0,"isSkipable":0,"privacyPolicyURL":"https:\/\/www.consoliads.com\/privacy-policy\/","sessionToken":"L7LjLl2yWSQY2l0\/aKYPvyd9SYPQkEJBCulm9bvCM9xfRVCX7uee5SdkQYRxh9QFPisTsbuW7gG83K3Uv3i8wjZ4pom6T1JRT3+nfOU+tF4fgFQwg1wpOGfUJWv4eZRvuQC46FsXUyNyy2AvhF\/t0TKvvGZsjqo+iT6eZZqFDIA="}
Session token value is set


{"appKey":"b86d913485cddc89a88e3a31f2611244","deviceID":"3076","stats":[{"campaignID":84,"packageID":"com.ids.kids.hospital.cashier.pro","sceneStats":[{"sceneID":"8","eventStats":"331,231,131,31,31,0,0"}]}],"sdkVersion":"39","sessionToken":"L7LjLl2yWSQY2l0\/aKYPvyd9SYPQkEJBCulm9bvCM9xfRVCX7uee5SdkQYRxh9QFPisTsbuW7gG83K3Uv3i8wjZ4pom6T1JRT3+nfOU+tF4fgFQwg1wpOGfUJWv4eZRvuQC46FsXUyNyy2AvhF\/t0TKvvGZsjqo+iT6eZZqFDIA="}
cache_ttl value is correct

Refresh Ad Rate value is correct
mode value is set

 Aspect ratio value is correct
sentry_log value is set
local_logging value is set
sentry_initialization value is set
sentry_debugging value is set
showPreRewardedDialogue value is set
showPostRewardedDialogue value is set
isSkipable value is set
{"cache_ttl":10080,"cache_ttl_rewarded":10080,"cache_ttl_banner":10080,"cache_ttl_native":10080,"cache_ttl_icon":10080,"campaigns":[{"campaignID":"8378","attribution":0,"priority":"8","appToPromote":{"appToPromoteID":"16480","usesDefaultFrameImage":"0","usesDefaultCloseImage":"0","marketURL":"https:\/\/play.google.com\/store\/apps\/details?id=com.nag.home.manager.working.virtual.mom","packageID":"com.GSS317.AmazingFamily"},"showTemplate":1,"s2s_tracking_url":"https:\/\/play.google.com\/store\/apps\/details?id=com.nag.home.manager.working.virtual.mom","activeCreativeID":"3720","scenes":["12","1","8","6","15","2"],"campaignAdType":"Interstitial","productId":"","purchaseBit":0,"licenseKey":""},{"campaignID":"9547","attribution":0,"priority":"8","appToPromote":{"appToPromoteID":"11879","usesDefaultFrameImage":"0","usesDefaultCloseImage":"0","marketURL":"https:\/\/play.google.com\/store\/apps\/details?id=com.buntoo.car.racing.games","packageID":"com.buntoo.car.racing.games"},"showTemplate":1,"s2s_tracking_url":"https:\/\/play.google.com\/store\/apps\/details?id=com.buntoo.car.racing.games","activeCreativeID":"4964","scenes":["12","1","8","6","15","2"],"campaignAdType":"Interstitial","productId":"","purchaseBit":0,"licenseKey":""},{"campaignID":"9586","attribution":0,"priority":"8","appToPromote":{"appToPromoteID":"515","usesDefaultFrameImage":"1","usesDefaultCloseImage":"1","marketURL":"https:\/\/play.google.com\/store\/apps\/details?id=com.plum.cash.counter.simualtor","packageID":"com.plum.cash.counter.simualtor"},"showTemplate":1,"s2s_tracking_url":"https:\/\/play.google.com\/store\/apps\/details?id=com.plum.cash.counter.simualtor","activeCreativeID":"50","scenes":["12","1","8","6","15","2"],"campaignAdType":"Interstitial","productId":"","purchaseBit":0,"licenseKey":""},{"campaignID":"9587","attribution":0,"priority":"8","appToPromote":{"appToPromoteID":"515","usesDefaultFrameImage":"1","usesDefaultCloseImage":"1","marketURL":"https:\/\/play.google.com\/store\/apps\/details?id=com.plum.cash.counter.simualtor","packageID":"com.plum.cash.counter.simualtor"},"showTemplate":1,"s2s_tracking_url":"https:\/\/play.google.com\/store\/apps\/details?id=com.plum.cash.counter.simualtor","activeCreativeID":"50","scenes":["12","1","8","6","15","2"],"campaignAdType":"Interstitial","productId":"","purchaseBit":0,"licenseKey":""},{"campaignID":"9588","attribution":0,"priority":"8","appToPromote":{"appToPromoteID":"515","usesDefaultFrameImage":"1","usesDefaultCloseImage":"1","marketURL":"https:\/\/play.google.com\/store\/apps\/details?id=com.plum.cash.counter.simualtor","packageID":"com.plum.cash.counter.simualtor"},"showTemplate":1,"s2s_tracking_url":"https:\/\/play.google.com\/store\/apps\/details?id=com.plum.cash.counter.simualtor","activeCreativeID":"50","scenes":["12","1","8","6","15","2"],"campaignAdType":"Interstitial","productId":"","purchaseBit":0,"licenseKey":""},{"campaignID":"9589","attribution":0,"priority":"8","appToPromote":{"appToPromoteID":"515","usesDefaultFrameImage":"1","usesDefaultCloseImage":"1","marketURL":"https:\/\/play.google.com\/store\/apps\/details?id=com.plum.cash.counter.simualtor","packageID":"com.plum.cash.counter.simualtor"},"showTemplate":1,"s2s_tracking_url":"https:\/\/play.google.com\/store\/apps\/details?id=com.plum.cash.counter.simualtor","activeCreativeID":"50","scenes":["12","1","8","6","15","2"],"campaignAdType":"Interstitial","productId":"","purchaseBit":0,"licenseKey":""},{"campaignID":"9131","attribution":0,"priority":"8","appToPromote":{"appToPromoteID":"17532","usesDefaultFrameImage":"0","usesDefaultCloseImage":"0","marketURL":"https:\/\/play.google.com\/store\/apps\/details?id=com.dhgate.buyermob","packageID":"com.dhgate.buyermob"},"showTemplate":1,"s2s_tracking_url":"https:\/\/tha.gotrackier.com\/click?campaign_id=63254\\u0026pub_id=75?p1=1722_9131_3076&amp;source=6841&amp;app_name=KidsHospitalCashierPro&amp;gaid=3076","activeCreativeID":"4483","scenes":["12","1","8","6","15","2"],"campaignAdType":"Interstitial","productId":"","purchaseBit":0,"licenseKey":""},{"campaignID":"8380","attribution_link":"","attribution":1,"priority":"7","appToPromote":{"appToPromoteID":"16480","usesDefaultFrameImage":"0","usesDefaultCloseImage":"0","marketURL":"https:\/\/play.google.com\/store\/apps\/details?id=com.nag.home.manager.working.virtual.mom","packageID":"com.GSS317.AmazingFamily"},"showTemplate":1,"s2s_tracking_url":"","activeCreativeID":"3720","scenes":["12","1","8","6","15","2"],"campaignAdType":"Interstitial","productId":"","purchaseBit":0,"licenseKey":""},{"campaignID":"444","attribution":0,"priority":"6","appToPromote":{"appToPromoteID":"3355","usesDefaultFrameImage":"0","usesDefaultCloseImage":"0","marketURL":"https:\/\/play.google.com\/store\/apps\/details?id=com.popnsons.parkour.mouse","packageID":"com.popnsons.parkour.mouse"},"showTemplate":1,"s2s_tracking_url":"https:\/\/play.google.com\/store\/apps\/details?id=com.popnsons.parkour.mouse","activeCreativeID":"469","scenes":["12","1","8","6","15","2"],"campaignAdType":"Interstitial","productId":"","purchaseBit":0,"licenseKey":""},{"campaignID":"561","attribution":0,"priority":"6","appToPromote":{"appToPromoteID":"5026","usesDefaultFrameImage":"0","usesDefaultCloseImage":"0","marketURL":"https:\/\/play.google.com\/store\/apps\/details?id=com.as.cashupapp","packageID":"com.as.cashupapp"},"showTemplate":1,"s2s_tracking_url":"https:\/\/play.google.com\/store\/apps\/details?id=com.as.cashupapp","activeCreativeID":"652","scenes":["12","1","8","6","15","2"],"campaignAdType":"Interstitial","productId":"","purchaseBit":0,"licenseKey":""},{"campaignID":"570","attribution":0,"priority":"6","appToPromote":{"appToPromoteID":"3802","usesDefaultFrameImage":"0","usesDefaultCloseImage":"0","marketURL":"https:\/\/play.google.com\/store\/apps\/details?id=com.Madxstudios.Flickshootsoccer","packageID":"com.Madxstudios.Flickshootsoccer"},"showTemplate":1,"s2s_tracking_url":"https:\/\/play.google.com\/store\/apps\/details?id=com.Madxstudios.Flickshootsoccer","activeCreativeID":"661","scenes":["12","1","8","6","15","2"],"campaignAdType":"Interstitial","productId":"","purchaseBit":0,"licenseKey":""},{"campaignID":"588","attribution":0,"priority":"6","appToPromote":{"appToPromoteID":"5026","usesDefaultFrameImage":"0","usesDefaultCloseImage":"0","marketURL":"https:\/\/play.google.com\/store\/apps\/details?id=com.as.cashupapp","packageID":"com.as.cashupapp"},"showTemplate":1,"s2s_tracking_url":"https:\/\/play.google.com\/store\/apps\/details?id=com.as.cashupapp","activeCreativeID":"652","scenes":["12","1","8","6","15","2"],"campaignAdType":"Interstitial","productId":"","purchaseBit":0,"licenseKey":""},{"campaignID":"8808","attribution_link":"","attribution":1,"priority":"5","appToPromote":{"appToPromoteID":"16528","usesDefaultFrameImage":"0","usesDefaultCloseImage":"0","marketURL":"https:\/\/play.google.com\/store\/apps\/details?id=com.bag.farm.day.village.farming.games","packageID":"com.GSS317.com.bag.farm.day.village.farming.games"},"showTemplate":1,"s2s_tracking_url":"","activeCreativeID":"3775","scenes":["12","1","8","6","15","2"],"campaignAdType":"Interstitial","productId":"","purchaseBit":0,"licenseKey":""},{"campaignID":"8973","attribution":0,"priority":"5","appToPromote":{"appToPromoteID":"15974","usesDefaultFrameImage":"0","usesDefaultCloseImage":"0","marketURL":"https:\/\/play.google.com\/store\/apps\/details?id=com.mustardgames.bmx.cycle.stunt.mega.ramp.impossibletracks","packageID":"com.mustardgames.bmx.cycle.stunt.mega.ramp.impossibletracks"},"showTemplate":1,"s2s_tracking_url":"https:\/\/play.google.com\/store\/apps\/details?id=com.mustardgames.bmx.cycle.stunt.mega.ramp.impossibletracks","activeCreativeID":"4339","scenes":["12","1","8","6","15","2"],"campaignAdType":"Interstitial","productId":"","purchaseBit":0,"licenseKey":""},{"campaignID":"414","attribution":0,"priority":"3","appToPromote":{"appToPromoteID":"3023","usesDefaultFrameImage":"0","usesDefaultCloseImage":"0","marketURL":"https:\/\/play.google.com\/store\/apps\/details?id=com.appricot2d.rolo.pet.parrot","packageID":"com.appricot2d.rolo.pet.parrot"},"showTemplate":1,"s2s_tracking_url":"https:\/\/play.google.com\/store\/apps\/details?id=com.appricot2d.rolo.pet.parrot","activeCreativeID":"385","scenes":["12","1","8","6","15","2"],"campaignAdType":"Interstitial","productId":"","purchaseBit":0,"licenseKey":""},{"campaignID":"559","attribution":0,"priority":"3","appToPromote":{"appToPromoteID":"3476","usesDefaultFrameImage":"0","usesDefaultCloseImage":"0","marketURL":"https:\/\/play.google.com\/store\/apps\/details?id=com.perspectivegames.real.impossible.tracks.stunts","packageID":"com.perspectivegames.real.impossible.tracks.stunts"},"showTemplate":1,"s2s_tracking_url":"https:\/\/play.google.com\/store\/apps\/details?id=com.perspectivegames.real.impossible.tracks.stunts","activeCreativeID":"649","scenes":["12","1","8","6","15","2"],"campaignAdType":"Interstitial","productId":"","purchaseBit":0,"licenseKey":""},{"campaignID":"741","attribution":0,"priority":"3","appToPromote":{"appToPromoteID":"5609","usesDefaultFrameImage":"0","usesDefaultCloseImage":"0","marketURL":"https:\/\/play.google.com\/store\/apps\/details?id=com.kick.gyroscopic.city.train.driver.simulator","packageID":"com.kick.gyroscopic.city.train.driver.simulator"},"showTemplate":1,"s2s_tracking_url":"https:\/\/play.google.com\/store\/apps\/details?id=com.kick.gyroscopic.city.train.driver.simulator","activeCreativeID":"753","scenes":["12","1","8","6","15","2"],"campaignAdType":"Interstitial","productId":"","purchaseBit":0,"licenseKey":""},{"campaignID":"798","attribution":0,"priority":"3","appToPromote":{"appToPromoteID":"5770","usesDefaultFrameImage":"0","usesDefaultCloseImage":"0","marketURL":"https:\/\/play.google.com\/store\/apps\/details?id=com.simulatorgames3d.alohacelebrations","packageID":"com.simulatorgames3d.alohacelebrations"},"showTemplate":1,"s2s_tracking_url":"https:\/\/play.google.com\/store\/apps\/details?id=com.simulatorgames3d.alohacelebrations","activeCreativeID":"787","scenes":["12","1","8","6","15","2"],"campaignAdType":"Interstitial","productId":"","purchaseBit":0,"licenseKey":""},{"campaignID":"1483","attribution":0,"priority":"3","appToPromote":{"appToPromoteID":"1714","usesDefaultFrameImage":"1","usesDefaultCloseImage":"1","marketURL":"https:\/\/play.google.com\/store\/apps\/details?id=com.playink.cookie.maker","packageID":"com.playink.cookie.maker"},"showTemplate":1,"s2s_tracking_url":"https:\/\/play.google.com\/store\/apps\/details?id=com.playink.cookie.maker","activeCreativeID":"1020","scenes":["12","1","8","6","15","2"],"campaignAdType":"Interstitial","productId":"","purchaseBit":0,"licenseKey":""},{"campaignID":"8762","attribution":0,"priority":"2","appToPromote":{"appToPromoteID":"13265","usesDefaultFrameImage":"0","usesDefaultCloseImage":"0","marketURL":"https:\/\/play.google.com\/store\/apps\/details?id=com.rhg.tricky.bike.stunt.moto.master","packageID":"com.rhg.tricky.bike.stunt.moto.master"},"showTemplate":1,"s2s_tracking_url":"https:\/\/play.google.com\/store\/apps\/details?id=com.rhg.tricky.bike.stunt.moto.master","activeCreativeID":"4121","scenes":["12","1","8","6","15","2"],"campaignAdType":"Rewarded Video","productId":"","purchaseBit":0,"licenseKey":""},{"campaignID":"9366","attribution":0,"priority":"2","appToPromote":{"appToPromoteID":"17602","usesDefaultFrameImage":"0","usesDefaultCloseImage":"0","marketURL":"https:\/\/play.google.com\/store\/apps\/details?id=com.abaenglish.videoclass&amp;referrer=utm_source=42matters.com&amp;utm_medium=api","packageID":"com.abaenglish.videoclass"},"showTemplate":1,"s2s_tracking_url":"https:\/\/play.google.com\/store\/apps\/details?id=com.abaenglish.videoclass&amp;referrer=utm_source=42matters.com&amp;utm_medium=api","activeCreativeID":"4815","scenes":["12","1","8","6","15","2"],"campaignAdType":"Interstitial","productId":"","purchaseBit":0,"licenseKey":""},{"campaignID":"9367","attribution":0,"priority":"2","appToPromote":{"appToPromoteID":"17602","usesDefaultFrameImage":"0","usesDefaultCloseImage":"0","marketURL":"https:\/\/play.google.com\/store\/apps\/details?id=com.abaenglish.videoclass&amp;referrer=utm_source=42matters.com&amp;utm_medium=api","packageID":"com.abaenglish.videoclass"},"showTemplate":1,"s2s_tracking_url":"https:\/\/play.google.com\/store\/apps\/details?id=com.abaenglish.videoclass&amp;referrer=utm_source=42matters.com&amp;utm_medium=api","activeCreativeID":"4815","scenes":["12","1","8","6","15","2"],"campaignAdType":"Interstitial","productId":"","purchaseBit":0,"licenseKey":""},{"campaignID":"9368","attribution":0,"priority":"2","appToPromote":{"appToPromoteID":"17602","usesDefaultFrameImage":"0","usesDefaultCloseImage":"0","marketURL":"https:\/\/play.google.com\/store\/apps\/details?id=com.abaenglish.videoclass&amp;referrer=utm_source=42matters.com&amp;utm_medium=api","packageID":"com.abaenglish.videoclass"},"showTemplate":1,"s2s_tracking_url":"https:\/\/play.google.com\/store\/apps\/details?id=com.abaenglish.videoclass&amp;referrer=utm_source=42matters.com&amp;utm_medium=api","activeCreativeID":"4815","scenes":["12","1","8","6","15","2"],"campaignAdType":"Interstitial","productId":"","purchaseBit":0,"licenseKey":""}],"refreshAdRate":30,"mode":"Production","aspectRatio":"4_3","cdnPath":"https:\/\/df8ymybeo92md.cloudfront.net\/images\/","sentry_log":0,"local_logging":0,"sentry_dsn":"https:\/\/93ffa1c9a4124f67b8888a53265f751a:bbf998e04584477fa9a145838e9d3b26@sentry.io\/168994","sentry_initialization":1,"sentry_debugging":0,"bannerSizes":["5"],"aspectRatioVideo":"16_9","app_id":"1722","showPreRewardedDialogue":0,"showPostRewardedDialogue":0,"rewardCurrency":"coins","rewardValue":0,"isSkipable":0,"privacyPolicyURL":"https:\/\/www.consoliads.com\/privacy-policy\/","sessionToken":"9vPokLC5z23lvKEaycytz3TPHglSF7uMpZEud6YyRxK3eqRj+yFZB9c6RS41u1mJEKaCypREWyUjl4q1b9tjqYlC3UxzXTFjZiiJcfAO1ek5GX7MqpZDbjVSiPBSuAxL4LVJ8I8Tur6ZOQYrgqopaXsanYKTTfsTWfoDzKscnGw="}
Session token value is set


{"appKey":"a3fd0355e69506375fb1411dd7b6a600","deviceID":"8136","stats":[{"campaignID":85,"packageID":"com.gss.offroad.uphill.extremetruckdriver","sceneStats":[{"sceneID":"21","eventStats":"381,281,181,81,81,0,0"}]}],"sdkVersion":"39","sessionToken":"9vPokLC5z23lvKEaycytz3TPHglSF7uMpZEud6YyRxK3eqRj+yFZB9c6RS41u1mJEKaCypREWyUjl4q1b9tjqYlC3UxzXTFjZiiJcfAO1ek5GX7MqpZDbjVSiPBSuAxL4LVJ8I8Tur6ZOQYrgqopaXsanYKTTfsTWfoDzKscnGw="}
cache_ttl value is correct

Refresh Ad Rate value is correct
mode value is set

 Aspect ratio value is correct
sentry_log value is set
local_logging value is set
sentry_initialization value is set
sentry_debugging value is set
showPreRewardedDialogue value is set
showPostRewardedDialogue value is set
isSkipable value is set
{"cache_ttl":10080,"cache_ttl_rewarded":10080,"cache_ttl_banner":10080,"cache_ttl_native":10080,"cache_ttl_icon":10080,"campaigns":[{"campaignID":"8378","attribution":0,"priority":"8","appToPromote":{"appToPromoteID":"16480","usesDefaultFrameImage":"0","usesDefaultCloseImage":"0","marketURL":"https:\/\/play.google.com\/store\/apps\/details?id=com.nag.home.manager.working.virtual.mom","packageID":"com.GSS317.AmazingFamily"},"showTemplate":1,"s2s_tracking_url":"https:\/\/play.google.com\/store\/apps\/details?id=com.nag.home.manager.working.virtual.mom","activeCreativeID":"3720","scenes":["12","1","8","6","15","2"],"campaignAdType":"Interstitial","productId":"","purchaseBit":0,"licenseKey":""},{"campaignID":"9547","attribution":0,"priority":"8","appToPromote":{"appToPromoteID":"11879","usesDefaultFrameImage":"0","usesDefaultCloseImage":"0","marketURL":"https:\/\/play.google.com\/store\/apps\/details?id=com.buntoo.car.racing.games","packageID":"com.buntoo.car.racing.games"},"showTemplate":1,"s2s_tracking_url":"https:\/\/play.google.com\/store\/apps\/details?id=com.buntoo.car.racing.games","activeCreativeID":"4964","scenes":["12","1","8","6","15","2"],"campaignAdType":"Interstitial","productId":"","purchaseBit":0,"licenseKey":""},{"campaignID":"9586","attribution":0,"priority":"8","appToPromote":{"appToPromoteID":"515","usesDefaultFrameImage":"1","usesDefaultCloseImage":"1","marketURL":"https:\/\/play.google.com\/store\/apps\/details?id=com.plum.cash.counter.simualtor","packageID":"com.plum.cash.counter.simualtor"},"showTemplate":1,"s2s_tracking_url":"https:\/\/play.google.com\/store\/apps\/details?id=com.plum.cash.counter.simualtor","activeCreativeID":"50","scenes":["12","1","8","6","15","2"],"campaignAdType":"Interstitial","productId":"","purchaseBit":0,"licenseKey":""},{"campaignID":"9587","attribution":0,"priority":"8","appToPromote":{"appToPromoteID":"515","usesDefaultFrameImage":"1","usesDefaultCloseImage":"1","marketURL":"https:\/\/play.google.com\/store\/apps\/details?id=com.plum.cash.counter.simualtor","packageID":"com.plum.cash.counter.simualtor"},"showTemplate":1,"s2s_tracking_url":"https:\/\/play.google.com\/store\/apps\/details?id=com.plum.cash.counter.simualtor","activeCreativeID":"50","scenes":["12","1","8","6","15","2"],"campaignAdType":"Interstitial","productId":"","purchaseBit":0,"licenseKey":""},{"campaignID":"9588","attribution":0,"priority":"8","appToPromote":{"appToPromoteID":"515","usesDefaultFrameImage":"1","usesDefaultCloseImage":"1","marketURL":"https:\/\/play.google.com\/store\/apps\/details?id=com.plum.cash.counter.simualtor","packageID":"com.plum.cash.counter.simualtor"},"showTemplate":1,"s2s_tracking_url":"https:\/\/play.google.com\/store\/apps\/details?id=com.plum.cash.counter.simualtor","activeCreativeID":"50","scenes":["12","1","8","6","15","2"],"campaignAdType":"Interstitial","productId":"","purchaseBit":0,"licenseKey":""},{"campaignID":"9589","attribution":0,"priority":"8","appToPromote":{"appToPromoteID":"515","usesDefaultFrameImage":"1","usesDefaultCloseImage":"1","marketURL":"https:\/\/play.google.com\/store\/apps\/details?id=com.plum.cash.counter.simualtor","packageID":"com.plum.cash.counter.simualtor"},"showTemplate":1,"s2s_tracking_url":"https:\/\/play.google.com\/store\/apps\/details?id=com.plum.cash.counter.simualtor","activeCreativeID":"50","scenes":["12","1","8","6","15","2"],"campaignAdType":"Interstitial","productId":"","purchaseBit":0,"licenseKey":""},{"campaignID":"9131","attribution":0,"priority":"8","appToPromote":{"appToPromoteID":"17532","usesDefaultFrameImage":"0","usesDefaultCloseImage":"0","marketURL":"https:\/\/play.google.com\/store\/apps\/details?id=com.dhgate.buyermob","packageID":"com.dhgate.buyermob"},"showTemplate":1,"s2s_tracking_url":"https:\/\/tha.gotrackier.com\/click?campaign_id=63254\\u0026pub_id=75?p1=1830_9131_8136&amp;source=6841&amp;app_name=UphillExtremeTruckDriver3D&amp;gaid=8136","activeCreativeID":"4483","scenes":["12","1","8","6","15","2"],"campaignAdType":"Interstitial","productId":"","purchaseBit":0,"licenseKey":""},{"campaignID":"8380","attribution_link":"","attribution":1,"priority":"7","appToPromote":{"appToPromoteID":"16480","usesDefaultFrameImage":"0","usesDefaultCloseImage":"0","marketURL":"https:\/\/play.google.com\/store\/apps\/details?id=com.nag.home.manager.working.virtual.mom","packageID":"com.GSS317.AmazingFamily"},"showTemplate":1,"s2s_tracking_url":"","activeCreativeID":"3720","scenes":["12","1","8","6","15","2"],"campaignAdType":"Interstitial","productId":"","purchaseBit":0,"licenseKey":""},{"campaignID":"444","attribution":0,"priority":"6","appToPromote":{"appToPromoteID":"3355","usesDefaultFrameImage":"0","usesDefaultCloseImage":"0","marketURL":"https:\/\/play.google.com\/store\/apps\/details?id=com.popnsons.parkour.mouse","packageID":"com.popnsons.parkour.mouse"},"showTemplate":1,"s2s_tracking_url":"https:\/\/play.google.com\/store\/apps\/details?id=com.popnsons.parkour.mouse","activeCreativeID":"469","scenes":["12","1","8","6","15","2"],"campaignAdType":"Interstitial","productId":"","purchaseBit":0,"licenseKey":""},{"campaignID":"561","attribution":0,"priority":"6","appToPromote":{"appToPromoteID":"5026","usesDefaultFrameImage":"0","usesDefaultCloseImage":"0","marketURL":"https:\/\/play.google.com\/store\/apps\/details?id=com.as.cashupapp","packageID":"com.as.cashupapp"},"showTemplate":1,"s2s_tracking_url":"https:\/\/play.google.com\/store\/apps\/details?id=com.as.cashupapp","activeCreativeID":"652","scenes":["12","1","8","6","15","2"],"campaignAdType":"Interstitial","productId":"","purchaseBit":0,"licenseKey":""},{"campaignID":"570","attribution":0,"priority":"6","appToPromote":{"appToPromoteID":"3802","usesDefaultFrameImage":"0","usesDefaultCloseImage":"0","marketURL":"https:\/\/play.google.com\/store\/apps\/details?id=com.Madxstudios.Flickshootsoccer","packageID":"com.Madxstudios.Flickshootsoccer"},"showTemplate":1,"s2s_tracking_url":"https:\/\/play.google.com\/store\/apps\/details?id=com.Madxstudios.Flickshootsoccer","activeCreativeID":"661","scenes":["12","1","8","6","15","2"],"campaignAdType":"Interstitial","productId":"","purchaseBit":0,"licenseKey":""},{"campaignID":"588","attribution":0,"priority":"6","appToPromote":{"appToPromoteID":"5026","usesDefaultFrameImage":"0","usesDefaultCloseImage":"0","marketURL":"https:\/\/play.google.com\/store\/apps\/details?id=com.as.cashupapp","packageID":"com.as.cashupapp"},"showTemplate":1,"s2s_tracking_url":"https:\/\/play.google.com\/store\/apps\/details?id=com.as.cashupapp","activeCreativeID":"652","scenes":["12","1","8","6","15","2"],"campaignAdType":"Interstitial","productId":"","purchaseBit":0,"licenseKey":""},{"campaignID":"8808","attribution_link":"","attribution":1,"priority":"5","appToPromote":{"appToPromoteID":"16528","usesDefaultFrameImage":"0","usesDefaultCloseImage":"0","marketURL":"https:\/\/play.google.com\/store\/apps\/details?id=com.bag.farm.day.village.farming.games","packageID":"com.GSS317.com.bag.farm.day.village.farming.games"},"showTemplate":1,"s2s_tracking_url":"","activeCreativeID":"3775","scenes":["12","1","8","6","15","2"],"campaignAdType":"Interstitial","productId":"","purchaseBit":0,"licenseKey":""},{"campaignID":"8876","attribution":0,"priority":"5","appToPromote":{"appToPromoteID":"15640","usesDefaultFrameImage":"0","usesDefaultCloseImage":"0","marketURL":"https:\/\/play.google.com\/store\/apps\/details?id=com.pgz.police.bike.stunt.ramp.bike.racing.games","packageID":"com.pgz.police.bike.stunt.ramp.bike.racing.games"},"showTemplate":1,"s2s_tracking_url":"https:\/\/play.google.com\/store\/apps\/details?id=com.pgz.police.bike.stunt.ramp.bike.racing.games","activeCreativeID":"4236","scenes":["12","1","8","6","15","2"],"campaignAdType":"Interstitial","productId":"","purchaseBit":0,"licenseKey":""},{"campaignID":"8973","attribution":0,"priority":"5","appToPromote":{"appToPromoteID":"15974","usesDefaultFrameImage":"0","usesDefaultCloseImage":"0","marketURL":"https:\/\/play.google.com\/store\/apps\/details?id=com.mustardgames.bmx.cycle.stunt.mega.ramp.impossibletracks","packageID":"com.mustardgames.bmx.cycle.stunt.mega.ramp.impossibletracks"},"showTemplate":1,"s2s_tracking_url":"https:\/\/play.google.com\/store\/apps\/details?id=com.mustardgames.bmx.cycle.stunt.mega.ramp.impossibletracks","activeCreativeID":"4339","scenes":["12","1","8","6","15","2"],"campaignAdType":"Interstitial","productId":"","purchaseBit":0,"licenseKey":""},{"campaignID":"557","attribution":0,"priority":"4","appToPromote":{"appToPromoteID":"4959","usesDefaultFrameImage":"0","usesDefaultCloseImage":"0","marketURL":"https:\/\/play.google.com\/store\/apps\/details?id=com.jet.plane.surfers.joyride.dash","packageID":"com.jet.plane.surfers.joyride.dash"},"showTemplate":1,"s2s_tracking_url":"https:\/\/play.google.com\/store\/apps\/details?id=com.jet.plane.surfers.joyride.dash","activeCreativeID":"645","scenes":["12","1","8","6","15","2"],"campaignAdType":"Interstitial","productId":"","purchaseBit":0,"licenseKey":""},{"campaignID":"414","attribution":0,"priority":"3","appToPromote":{"appToPromoteID":"3023","usesDefaultFrameImage":"0","usesDefaultCloseImage":"0","marketURL":"https:\/\/play.google.com\/store\/apps\/details?id=com.appricot2d.rolo.pet.parrot","packageID":"com.appricot2d.rolo.pet.parrot"},"showTemplate":1,"s2s_tracking_url":"https:\/\/play.google.com\/store\/apps\/details?id=com.appricot2d.rolo.pet.parrot","activeCreativeID":"385","scenes":["12","1","8","6","15","2"],"campaignAdType":"Interstitial","productId":"","purchaseBit":0,"licenseKey":""},{"campaignID":"559","attribution":0,"priority":"3","appToPromote":{"appToPromoteID":"3476","usesDefaultFrameImage":"0","usesDefaultCloseImage":"0","marketURL":"https:\/\/play.google.com\/store\/apps\/details?id=com.perspectivegames.real.impossible.tracks.stunts","packageID":"com.perspectivegames.real.impossible.tracks.stunts"},"showTemplate":1,"s2s_tracking_url":"https:\/\/play.google.com\/store\/apps\/details?id=com.perspectivegames.real.impossible.tracks.stunts","activeCreativeID":"649","scenes":["12","1","8","6","15","2"],"campaignAdType":"Interstitial","productId":"","purchaseBit":0,"licenseKey":""},{"campaignID":"741","attribution":0,"priority":"3","appToPromote":{"appToPromoteID":"5609","usesDefaultFrameImage":"0","usesDefaultCloseImage":"0","marketURL":"https:\/\/play.google.com\/store\/apps\/details?id=com.kick.gyroscopic.city.train.driver.simulator","packageID":"com.kick.gyroscopic.city.train.driver.simulator"},"showTemplate":1,"s2s_tracking_url":"https:\/\/play.google.com\/store\/apps\/details?id=com.kick.gyroscopic.city.train.driver.simulator","activeCreativeID":"753","scenes":["12","1","8","6","15","2"],"campaignAdType":"Interstitial","productId":"","purchaseBit":0,"licenseKey":""},{"campaignID":"798","attribution":0,"priority":"3","appToPromote":{"appToPromoteID":"5770","usesDefaultFrameImage":"0","usesDefaultCloseImage":"0","marketURL":"https:\/\/play.google.com\/store\/apps\/details?id=com.simulatorgames3d.alohacelebrations","packageID":"com.simulatorgames3d.alohacelebrations"},"showTemplate":1,"s2s_tracking_url":"https:\/\/play.google.com\/store\/apps\/details?id=com.simulatorgames3d.alohacelebrations","activeCreativeID":"787","scenes":["12","1","8","6","15","2"],"campaignAdType":"Interstitial","productId":"","purchaseBit":0,"licenseKey":""},{"campaignID":"1483","attribution":0,"priority":"3","appToPromote":{"appToPromoteID":"1714","usesDefaultFrameImage":"1","usesDefaultCloseImage":"1","marketURL":"https:\/\/play.google.com\/store\/apps\/details?id=com.playink.cookie.maker","packageID":"com.playink.cookie.maker"},"showTemplate":1,"s2s_tracking_url":"https:\/\/play.google.com\/store\/apps\/details?id=com.playink.cookie.maker","activeCreativeID":"1020","scenes":["12","1","8","6","15","2"],"campaignAdType":"Interstitial","productId":"","purchaseBit":0,"licenseKey":""},{"campaignID":"8762","attribution":0,"priority":"2","appToPromote":{"appToPromoteID":"13265","usesDefaultFrameImage":"0","usesDefaultCloseImage":"0","marketURL":"https:\/\/play.google.com\/store\/apps\/details?id=com.rhg.tricky.bike.stunt.moto.master","packageID":"com.rhg.tricky.bike.stunt.moto.master"},"showTemplate":1,"s2s_tracking_url":"https:\/\/play.google.com\/store\/apps\/details?id=com.rhg.tricky.bike.stunt.moto.master","activeCreativeID":"4121","scenes":["12","1","8","6","15","2"],"campaignAdType":"Rewarded Video","productId":"","purchaseBit":0,"licenseKey":""},{"campaignID":"8971","attribution":0,"priority":"2","appToPromote":{"appToPromoteID":"15640","usesDefaultFrameImage":"0","usesDefaultCloseImage":"0","marketURL":"https:\/\/play.google.com\/store\/apps\/details?id=com.pgz.police.bike.stunt.ramp.bike.racing.games","packageID":"com.pgz.police.bike.stunt.ramp.bike.racing.games"},"showTemplate":1,"s2s_tracking_url":"https:\/\/play.google.com\/store\/apps\/details?id=com.pgz.police.bike.stunt.ramp.bike.racing.games","activeCreativeID":"4236","scenes":["12","1","8","6","15","2"],"campaignAdType":"Interstitial","productId":"","purchaseBit":0,"licenseKey":""},{"campaignID":"9366","attribution":0,"priority":"2","appToPromote":{"appToPromoteID":"17602","usesDefaultFrameImage":"0","usesDefaultCloseImage":"0","marketURL":"https:\/\/play.google.com\/store\/apps\/details?id=com.abaenglish.videoclass&amp;referrer=utm_source=42matters.com&amp;utm_medium=api","packageID":"com.abaenglish.videoclass"},"showTemplate":1,"s2s_tracking_url":"https:\/\/play.google.com\/store\/apps\/details?id=com.abaenglish.videoclass&amp;referrer=utm_source=42matters.com&amp;utm_medium=api","activeCreativeID":"4815","scenes":["12","1","8","6","15","2"],"campaignAdType":"Interstitial","productId":"","purchaseBit":0,"licenseKey":""},{"campaignID":"9367","attribution":0,"priority":"2","appToPromote":{"appToPromoteID":"17602","usesDefaultFrameImage":"0","usesDefaultCloseImage":"0","marketURL":"https:\/\/play.google.com\/store\/apps\/details?id=com.abaenglish.videoclass&amp;referrer=utm_source=42matters.com&amp;utm_medium=api","packageID":"com.abaenglish.videoclass"},"showTemplate":1,"s2s_tracking_url":"https:\/\/play.google.com\/store\/apps\/details?id=com.abaenglish.videoclass&amp;referrer=utm_source=42matters.com&amp;utm_medium=api","activeCreativeID":"4815","scenes":["12","1","8","6","15","2"],"campaignAdType":"Interstitial","productId":"","purchaseBit":0,"licenseKey":""},{"campaignID":"9368","attribution":0,"priority":"2","appToPromote":{"appToPromoteID":"17602","usesDefaultFrameImage":"0","usesDefaultCloseImage":"0","marketURL":"https:\/\/play.google.com\/store\/apps\/details?id=com.abaenglish.videoclass&amp;referrer=utm_source=42matters.com&amp;utm_medium=api","packageID":"com.abaenglish.videoclass"},"showTemplate":1,"s2s_tracking_url":"https:\/\/play.google.com\/store\/apps\/details?id=com.abaenglish.videoclass&amp;referrer=utm_source=42matters.com&amp;utm_medium=api","activeCreativeID":"4815","scenes":["12","1","8","6","15","2"],"campaignAdType":"Interstitial","productId":"","purchaseBit":0,"licenseKey":""},{"campaignID":"9369","attribution":0,"priority":"2","appToPromote":{"appToPromoteID":"17602","usesDefaultFrameImage":"0","usesDefaultCloseImage":"0","marketURL":"https:\/\/play.google.com\/store\/apps\/details?id=com.abaenglish.videoclass&amp;referrer=utm_source=42matters.com&amp;utm_medium=api","packageID":"com.abaenglish.videoclass"},"showTemplate":1,"s2s_tracking_url":"https:\/\/play.google.com\/store\/apps\/details?id=com.abaenglish.videoclass&amp;referrer=utm_source=42matters.com&amp;utm_medium=api","activeCreativeID":"4815","scenes":["12","1","8","6","15","2"],"campaignAdType":"Interstitial","productId":"","purchaseBit":0,"licenseKey":""}],"refreshAdRate":30,"mode":"Production","aspectRatio":"4_3","cdnPath":"https:\/\/df8ymybeo92md.cloudfront.net\/images\/","sentry_log":0,"local_logging":0,"sentry_dsn":"https:\/\/93ffa1c9a4124f67b8888a53265f751a:bbf998e04584477fa9a145838e9d3b26@sentry.io\/168994","sentry_initialization":1,"sentry_debugging":0,"bannerSizes":["5"],"aspectRatioVideo":"16_9","app_id":"1830","showPreRewardedDialogue":0,"showPostRewardedDialogue":0,"rewardCurrency":"coins","rewardValue":0,"isSkipable":0,"privacyPolicyURL":"https:\/\/www.consoliads.com\/privacy-policy\/","sessionToken":"hLlao0noPEQfTiqTqRJ5pQKhxKGLDpnjk0pEBBxBF9A+lilJg4lhYi2LVqrCKdJnwm9kZKjXHYJfyzkMAPYYVbBC0uyBSbVmQjkyJsjZ\/ioHKR1TbvsdAWKO1iyaKb2RCSuZmmphC8iZEJqTRO7SaBEXr5ST6wNzD8fbFIW\/\/cM="}
Session token value is set


{"appKey":"fd17f17f557e8305ce7ec87b54f27e59","deviceID":"5181","stats":[{"campaignID":86,"packageID":"com.vg.demolition.derby.extreme.car.stunts","sceneStats":[{"sceneID":"13","eventStats":"352,252,152,52,52,0,0"}]}],"sdkVersion":"2163","sessionToken":"hLlao0noPEQfTiqTqRJ5pQKhxKGLDpnjk0pEBBxBF9A+lilJg4lhYi2LVqrCKdJnwm9kZKjXHYJfyzkMAPYYVbBC0uyBSbVmQjkyJsjZ\/ioHKR1TbvsdAWKO1iyaKb2RCSuZmmphC8iZEJqTRO7SaBEXr5ST6wNzD8fbFIW\/\/cM="}
cache_ttl value is correct

Title value is correct

Title value is correct

Title value is correct

Title value is correct

Title value is correct

Title value is correct

Refresh Ad Rate value is correct
mode value is set

 Aspect ratio value is correct
sentry_log value is set
local_logging value is set
sentry_initialization value is set
sentry_debugging value is set
showPreRewardedDialogue value is set
showPostRewardedDialogue value is set
isSkipable value is set
{"cache_ttl":10080,"cache_ttl_rewarded":10080,"cache_ttl_banner":10080,"cache_ttl_native":10080,"cache_ttl_icon":10080,"campaigns":[{"campaignID":"8226","attribution":0,"priority":"8","appToPromote":{"appToPromoteID":"12623","usesDefaultFrameImage":"0","usesDefaultCloseImage":"0","marketURL":"https:\/\/play.google.com\/store\/apps\/details?id=com.igg.android.lordsmobile&amp;referrer=utm_source=42matters.com&amp;utm_medium=api","packageID":"com.nooribrand.android.lordsmobile"},"showTemplate":1,"s2s_tracking_url":"https:\/\/play.google.com\/store\/apps\/details?id=com.igg.android.lordsmobile&amp;referrer=utm_source=42matters.com&amp;utm_medium=api","activeCreativeID":"3557","scenes":["12","1","8","6","15","2"],"campaignAdType":"Icon","productId":"","purchaseBit":0,"licenseKey":""},{"campaignID":"8378","attribution":0,"priority":"8","appToPromote":{"appToPromoteID":"16480","usesDefaultFrameImage":"0","usesDefaultCloseImage":"0","marketURL":"https:\/\/play.google.com\/store\/apps\/details?id=com.nag.home.manager.working.virtual.mom","packageID":"com.GSS317.AmazingFamily"},"showTemplate":1,"s2s_tracking_url":"https:\/\/play.google.com\/store\/apps\/details?id=com.nag.home.manager.working.virtual.mom","activeCreativeID":"3720","scenes":["12","1","8","6","15","2"],"campaignAdType":"Interstitial","productId":"","purchaseBit":0,"licenseKey":""},{"campaignID":"8613","attribution":0,"priority":"8","appToPromote":{"appToPromoteID":"12623","usesDefaultFrameImage":"0","usesDefaultCloseImage":"0","marketURL":"https:\/\/play.google.com\/store\/apps\/details?id=com.igg.android.lordsmobile&amp;referrer=utm_source=42matters.com&amp;utm_medium=api","packageID":"com.nooribrand.android.lordsmobile"},"showTemplate":1,"s2s_tracking_url":"https:\/\/play.google.com\/store\/apps\/details?id=com.igg.android.lordsmobile&amp;referrer=utm_source=42matters.com&amp;utm_medium=api","activeCreativeID":"3557","scenes":["12","1","8","6","15","2"],"campaignAdType":"Icon","productId":"","purchaseBit":0,"licenseKey":""},{"campaignID":"9252","attribution":0,"priority":"8","appToPromote":{"appToPromoteID":"12315","usesDefaultFrameImage":"0","usesDefaultCloseImage":"0","marketURL":"google.com","packageID":"com.qabrand.plnative"},"showTemplate":1,"s2s_tracking_url":"google.com","activeCreativeID":"4683","scenes":["12","1","8","6","15","2"],"campaignAdType":"Native","title":"Native first","subTitle":"First ","description":"New description","adClickThroughText":"FIRST Button","productId":"","purchaseBit":0,"licenseKey":""},{"campaignID":"9253","attribution":0,"priority":"8","appToPromote":{"appToPromoteID":"12315","usesDefaultFrameImage":"0","usesDefaultCloseImage":"0","marketURL":"google.com","packageID":"com.qabrand.plnative"},"showTemplate":1,"s2s_tracking_url":"google.com","activeCreativeID":"4683","scenes":["12","1","8","6","15","2"],"campaignAdType":"Native","title":"Native first","subTitle":"First ","description":"New description","adClickThroughText":"FIRST Button","productId":"","purchaseBit":0,"licenseKey":""},{"campaignID":"9255","attribution":0,"priority":"8","appToPromote":{"appToPromoteID":"13274","usesDefaultFrameImage":"0","usesDefaultCloseImage":"0","marketURL":"https:\/\/play.google.com\/store\/apps\/details?id=com.facebook.katana","packageID":"com.salon.adsalon"},"showTemplate":1,"s2s_tracking_url":"https:\/\/play.google.com\/store\/apps\/details?id=com.facebook.katana","activeCreativeID":"4685","scenes":["12","1","8","6","15","2"],"campaignAdType":"Native","title":"native NA ","subTitle":"native NA ","description":"native NA added","adClickThroughText":"native NA ","productId":"","purchaseBit":0,"licenseKey":""},{"campaignID":"9257","attribution":0,"priority":"8","appToPromote":{"appToPromoteID":"12286","usesDefaultFrameImage":"0","usesDefaultCloseImage":"0","marketURL":"google.com","packageID":"com.qabrand.Chartboost_Native"},"showTemplate":1,"s2s_tracking_url":"google.com","activeCreativeID":"4688","scenes":["12","1","8","6","15","2"],"campaignAdType":"Native","title":"Native second updated","subTitle":"Native second ","description":"Native second details","adClickThroughText":"Native second ","productId":"","purchaseBit":0,"licenseKey":""},{"campaignID":"9263","attribution":0,"priority":"8","appToPromote":{"appToPromoteID":"12315","usesDefaultFrameImage":"0","usesDefaultCloseImage":"0","marketURL":"google.com","packageID":"com.qabrand.plnative"},"showTemplate":1,"s2s_tracking_url":"google.com","activeCreativeID":"4694","scenes":["12","1","8","6","15","2"],"campaignAdType":"Native","title":"test","subTitle":"test","description":" test details update","adClickThroughText":"test","productId":"","purchaseBit":0,"licenseKey":""},{"campaignID":"9547","attribution":0,"priority":"8","appToPromote":{"appToPromoteID":"11879","usesDefaultFrameImage":"0","usesDefaultCloseImage":"0","marketURL":"https:\/\/play.google.com\/store\/apps\/details?id=com.buntoo.car.racing.games","packageID":"com.buntoo.car.racing.games"},"showTemplate":1,"s2s_tracking_url":"https:\/\/play.google.com\/store\/apps\/details?id=com.buntoo.car.racing.games","activeCreativeID":"4964","scenes":["12","1","8","6","15","2"],"campaignAdType":"Interstitial","productId":"","purchaseBit":0,"licenseKey":""},{"campaignID":"9586","attribution":0,"priority":"8","appToPromote":{"appToPromoteID":"515","usesDefaultFrameImage":"1","usesDefaultCloseImage":"1","marketURL":"https:\/\/play.google.com\/store\/apps\/details?id=com.plum.cash.counter.simualtor","packageID":"com.plum.cash.counter.simualtor"},"showTemplate":1,"s2s_tracking_url":"https:\/\/play.google.com\/store\/apps\/details?id=com.plum.cash.counter.simualtor","activeCreativeID":"50","scenes":["12","1","8","6","15","2"],"campaignAdType":"Interstitial","productId":"","purchaseBit":0,"licenseKey":""},{"campaignID":"9587","attribution":0,"priority":"8","appToPromote":{"appToPromoteID":"515","usesDefaultFrameImage":"1","usesDefaultCloseImage":"1","marketURL":"https:\/\/play.google.com\/store\/apps\/details?id=com.plum.cash.counter.simualtor","packageID":"com.plum.cash.counter.simualtor"},"showTemplate":1,"s2s_tracking_url":"https:\/\/play.google.com\/store\/apps\/details?id=com.plum.cash.counter.simualtor","activeCreativeID":"50","scenes":["12","1","8","6","15","2"],"campaignAdType":"Interstitial","productId":"","purchaseBit":0,"licenseKey":""},{"campaignID":"9588","attribution":0,"priority":"8","appToPromote":{"appToPromoteID":"515","usesDefaultFrameImage":"1","usesDefaultCloseImage":"1","marketURL":"https:\/\/play.google.com\/store\/apps\/details?id=com.plum.cash.counter.simualtor","packageID":"com.plum.cash.counter.simualtor"},"showTemplate":1,"s2s_tracking_url":"https:\/\/play.google.com\/store\/apps\/details?id=com.plum.cash.counter.simualtor","activeCreativeID":"50","scenes":["12","1","8","6","15","2"],"campaignAdType":"Interstitial","productId":"","purchaseBit":0,"licenseKey":""},{"campaignID":"9589","attribution":0,"priority":"8","appToPromote":{"appToPromoteID":"515","usesDefaultFrameImage":"1","usesDefaultCloseImage":"1","marketURL":"https:\/\/play.google.com\/store\/apps\/details?id=com.plum.cash.counter.simualtor","packageID":"com.plum.cash.counter.simualtor"},"showTemplate":1,"s2s_tracking_url":"https:\/\/play.google.com\/store\/apps\/details?id=com.plum.cash.counter.simualtor","activeCreativeID":"50","scenes":["12","1","8","6","15","2"],"campaignAdType":"Interstitial","productId":"","purchaseBit":0,"licenseKey":""},{"campaignID":"9599","attribution":0,"priority":"8","appToPromote":{"appToPromoteID":"515","usesDefaultFrameImage":"1","usesDefaultCloseImage":"1","marketURL":"https:\/\/play.google.com\/store\/apps\/details?id=com.plum.cash.counter.simualtor","packageID":"com.plum.cash.counter.simualtor"},"showTemplate":1,"s2s_tracking_url":"https:\/\/play.google.com\/store\/apps\/details?id=com.plum.cash.counter.simualtor","activeCreativeID":"5001","scenes":["12","1","8","6","15","2"],"campaignAdType":"Icon","productId":"","purchaseBit":0,"licenseKey":""},{"campaignID":"9127","attribution":0,"priority":"8","appToPromote":{"appToPromoteID":"17528","usesDefaultFrameImage":"0","usesDefaultCloseImage":"0","marketURL":"https:\/\/play.google.com\/store\/apps\/details?id=net.one97.paytm","packageID":"net.one97.paytm"},"showTemplate":1,"s2s_tracking_url":"https:\/\/tha.gotrackier.com\/click?campaign_id=63249\\u0026pub_id=75?p1=1823_9127_5181&amp;source=6841&amp;app_name=DemolitionDerbyXtremeRacing&amp;gaid=5181","activeCreativeID":"4788","scenes":["12","1","8","6","15","2"],"campaignAdType":"Native","title":"BCA","subTitle":"FW","description":"nope","adClickThroughText":"Link","productId":"","purchaseBit":0,"licenseKey":""},{"campaignID":"9131","attribution":0,"priority":"8","appToPromote":{"appToPromoteID":"17532","usesDefaultFrameImage":"0","usesDefaultCloseImage":"0","marketURL":"https:\/\/play.google.com\/store\/apps\/details?id=com.dhgate.buyermob","packageID":"com.dhgate.buyermob"},"showTemplate":1,"s2s_tracking_url":"https:\/\/tha.gotrackier.com\/click?campaign_id=63254\\u0026pub_id=75?p1=1823_9131_5181&amp;source=6841&amp;app_name=DemolitionDerbyXtremeRacing&amp;gaid=5181","activeCreativeID":"4483","scenes":["12","1","8","6","15","2"],"campaignAdType":"Interstitial","productId":"","purchaseBit":0,"licenseKey":""},{"campaignID":"8380","attribution_link":"","attribution":1,"priority":"7","appToPromote":{"appToPromoteID":"16480","usesDefaultFrameImage":"0","usesDefaultCloseImage":"0","marketURL":"https:\/\/play.google.com\/store\/apps\/details?id=com.nag.home.manager.working.virtual.mom","packageID":"com.GSS317.AmazingFamily"},"showTemplate":1,"s2s_tracking_url":"","activeCreativeID":"3720","scenes":["12","1","8","6","15","2"],"campaignAdType":"Interstitial","productId":"","purchaseBit":0,"licenseKey":""},{"campaignID":"444","attribution":0,"priority":"6","appToPromote":{"appToPromoteID":"3355","usesDefaultFrameImage":"0","usesDefaultCloseImage":"0","marketURL":"https:\/\/play.google.com\/store\/apps\/details?id=com.popnsons.parkour.mouse","packageID":"com.popnsons.parkour.mouse"},"showTemplate":1,"s2s_tracking_url":"https:\/\/play.google.com\/store\/apps\/details?id=com.popnsons.parkour.mouse","activeCreativeID":"469","scenes":["12","1","8","6","15","2"],"campaignAdType":"Interstitial","productId":"","purchaseBit":0,"licenseKey":""},{"campaignID":"561","attribution":0,"priority":"6","appToPromote":{"appToPromoteID":"5026","usesDefaultFrameImage":"0","usesDefaultCloseImage":"0","marketURL":"https:\/\/play.google.com\/store\/apps\/details?id=com.as.cashupapp","packageID":"com.as.cashupapp"},"showTemplate":1,"s2s_tracking_url":"https:\/\/play.google.com\/store\/apps\/details?id=com.as.cashupapp","activeCreativeID":"652","scenes":["12","1","8","6","15","2"],"campaignAdType":"Interstitial","productId":"","purchaseBit":0,"licenseKey":""},{"campaignID":"570","attribution":0,"priority":"6","appToPromote":{"appToPromoteID":"3802","usesDefaultFrameImage":"0","usesDefaultCloseImage":"0","marketURL":"https:\/\/play.google.com\/store\/apps\/details?id=com.Madxstudios.Flickshootsoccer","packageID":"com.Madxstudios.Flickshootsoccer"},"showTemplate":1,"s2s_tracking_url":"https:\/\/play.google.com\/store\/apps\/details?id=com.Madxstudios.Flickshootsoccer","activeCreativeID":"661","scenes":["12","1","8","6","15","2"],"campaignAdType":"Interstitial","productId":"","purchaseBit":0,"licenseKey":""},{"campaignID":"588","attribution":0,"priority":"6","appToPromote":{"appToPromoteID":"5026","usesDefaultFrameImage":"0","usesDefaultCloseImage":"0","marketURL":"https:\/\/play.google.com\/store\/apps\/details?id=com.as.cashupapp","packageID":"com.as.cashupapp"},"showTemplate":1,"s2s_tracking_url":"https:\/\/play.google.com\/store\/apps\/details?id=com.as.cashupapp","activeCreativeID":"652","scenes":["12","1","8","6","15","2"],"campaignAdType":"Interstitial","productId":"","purchaseBit":0,"licenseKey":""},{"campaignID":"8808","attribution_link":"","attribution":1,"priority":"5","appToPromote":{"appToPromoteID":"16528","usesDefaultFrameImage":"0","usesDefaultCloseImage":"0","marketURL":"https:\/\/play.google.com\/store\/apps\/details?id=com.bag.farm.day.village.farming.games","packageID":"com.GSS317.com.bag.farm.day.village.farming.games"},"showTemplate":1,"s2s_tracking_url":"","activeCreativeID":"3775","scenes":["12","1","8","6","15","2"],"campaignAdType":"Interstitial","productId":"","purchaseBit":0,"licenseKey":""},{"campaignID":"8876","attribution":0,"priority":"5","appToPromote":{"appToPromoteID":"15640","usesDefaultFrameImage":"0","usesDefaultCloseImage":"0","marketURL":"https:\/\/play.google.com\/store\/apps\/details?id=com.pgz.police.bike.stunt.ramp.bike.racing.games","packageID":"com.pgz.police.bike.stunt.ramp.bike.racing.games"},"showTemplate":1,"s2s_tracking_url":"https:\/\/play.google.com\/store\/apps\/details?id=com.pgz.police.bike.stunt.ramp.bike.racing.games","activeCreativeID":"4236","scenes":["12","1","8","6","15","2"],"campaignAdType":"Interstitial","productId":"","purchaseBit":0,"licenseKey":""},{"campaignID":"8972","attribution":0,"priority":"5","appToPromote":{"appToPromoteID":"15974","usesDefaultFrameImage":"0","usesDefaultCloseImage":"0","marketURL":"https:\/\/play.google.com\/store\/apps\/details?id=com.mustardgames.bmx.cycle.stunt.mega.ramp.impossibletracks","packageID":"com.mustardgames.bmx.cycle.stunt.mega.ramp.impossibletracks"},"showTemplate":1,"s2s_tracking_url":"https:\/\/play.google.com\/store\/apps\/details?id=com.mustardgames.bmx.cycle.stunt.mega.ramp.impossibletracks","activeCreativeID":"4339","scenes":["12","1","8","6","15","2"],"campaignAdType":"Interstitial","productId":"","purchaseBit":0,"licenseKey":""},{"campaignID":"8973","attribution":0,"priority":"5","appToPromote":{"appToPromoteID":"15974","usesDefaultFrameImage":"0","usesDefaultCloseImage":"0","marketURL":"https:\/\/play.google.com\/store\/apps\/details?id=com.mustardgames.bmx.cycle.stunt.mega.ramp.impossibletracks","packageID":"com.mustardgames.bmx.cycle.stunt.mega.ramp.impossibletracks"},"showTemplate":1,"s2s_tracking_url":"https:\/\/play.google.com\/store\/apps\/details?id=com.mustardgames.bmx.cycle.stunt.mega.ramp.impossibletracks","activeCreativeID":"4339","scenes":["12","1","8","6","15","2"],"campaignAdType":"Interstitial","productId":"","purchaseBit":0,"licenseKey":""},{"campaignID":"8974","attribution":0,"priority":"5","appToPromote":{"appToPromoteID":"15974","usesDefaultFrameImage":"0","usesDefaultCloseImage":"0","marketURL":"https:\/\/play.google.com\/store\/apps\/details?id=com.mustardgames.bmx.cycle.stunt.mega.ramp.impossibletracks","packageID":"com.mustardgames.bmx.cycle.stunt.mega.ramp.impossibletracks"},"showTemplate":1,"s2s_tracking_url":"https:\/\/play.google.com\/store\/apps\/details?id=com.mustardgames.bmx.cycle.stunt.mega.ramp.impossibletracks","activeCreativeID":"3564","scenes":["12","1","8","6","15","2"],"campaignAdType":"Video","productId":"","purchaseBit":0,"licenseKey":""},{"campaignID":"8747","attribution":0,"priority":"3","appToPromote":{"appToPromoteID":"16244","usesDefaultFrameImage":"0","usesDefaultCloseImage":"0","marketURL":"https:\/\/play.google.com\/store\/apps\/details?id=com.mustardgames.formula.car.racing.ramp.car.stunt.impossible.tracks","packageID":"com.mustardgames.formula.car.racing.ramp.car.stunt.impossible.tracks"},"showTemplate":1,"s2s_tracking_url":"https:\/\/play.google.com\/store\/apps\/details?id=com.mustardgames.formula.car.racing.ramp.car.stunt.impossible.tracks","activeCreativeID":"3993","scenes":["12","1","8","6","15","2"],"campaignAdType":"Video","productId":"","purchaseBit":0,"licenseKey":""},{"campaignID":"414","attribution":0,"priority":"3","appToPromote":{"appToPromoteID":"3023","usesDefaultFrameImage":"0","usesDefaultCloseImage":"0","marketURL":"https:\/\/play.google.com\/store\/apps\/details?id=com.appricot2d.rolo.pet.parrot","packageID":"com.appricot2d.rolo.pet.parrot"},"showTemplate":1,"s2s_tracking_url":"https:\/\/play.google.com\/store\/apps\/details?id=com.appricot2d.rolo.pet.parrot","activeCreativeID":"385","scenes":["12","1","8","6","15","2"],"campaignAdType":"Interstitial","productId":"","purchaseBit":0,"licenseKey":""},{"campaignID":"559","attribution":0,"priority":"3","appToPromote":{"appToPromoteID":"3476","usesDefaultFrameImage":"0","usesDefaultCloseImage":"0","marketURL":"https:\/\/play.google.com\/store\/apps\/details?id=com.perspectivegames.real.impossible.tracks.stunts","packageID":"com.perspectivegames.real.impossible.tracks.stunts"},"showTemplate":1,"s2s_tracking_url":"https:\/\/play.google.com\/store\/apps\/details?id=com.perspectivegames.real.impossible.tracks.stunts","activeCreativeID":"649","scenes":["12","1","8","6","15","2"],"campaignAdType":"Interstitial","productId":"","purchaseBit":0,"licenseKey":""},{"campaignID":"741","attribution":0,"priority":"3","appToPromote":{"appToPromoteID":"5609","usesDefaultFrameImage":"0","usesDefaultCloseImage":"0","marketURL":"https:\/\/play.google.com\/store\/apps\/details?id=com.kick.gyroscopic.city.train.driver.simulator","packageID":"com.kick.gyroscopic.city.train.driver.simulator"},"showTemplate":1,"s2s_tracking_url":"https:\/\/play.google.com\/store\/apps\/details?id=com.kick.gyroscopic.city.train.driver.simulator","activeCreativeID":"753","scenes":["12","1","8","6","15","2"],"campaignAdType":"Interstitial","productId":"","purchaseBit":0,"licenseKey":""},{"campaignID":"798","attribution":0,"priority":"3","appToPromote":{"appToPromoteID":"5770","usesDefaultFrameImage":"0","usesDefaultCloseImage":"0","marketURL":"https:\/\/play.google.com\/store\/apps\/details?id=com.simulatorgames3d.alohacelebrations","packageID":"com.simulatorgames3d.alohacelebrations"},"showTemplate":1,"s2s_tracking_url":"https:\/\/play.google.com\/store\/apps\/details?id=com.simulatorgames3d.alohacelebrations","activeCreativeID":"787","scenes":["12","1","8","6","15","2"],"campaignAdType":"Interstitial","productId":"","purchaseBit":0,"licenseKey":""},{"campaignID":"1483","attribution":0,"priority":"3","appToPromote":{"appToPromoteID":"1714","usesDefaultFrameImage":"1","usesDefaultCloseImage":"1","marketURL":"https:\/\/play.google.com\/store\/apps\/details?id=com.playink.cookie.maker","packageID":"com.playink.cookie.maker"},"showTemplate":1,"s2s_tracking_url":"https:\/\/play.google.com\/store\/apps\/details?id=com.playink.cookie.maker","activeCreativeID":"1020","scenes":["12","1","8","6","15","2"],"campaignAdType":"Interstitial","productId":"","purchaseBit":0,"licenseKey":""},{"campaignID":"8762","attribution":0,"priority":"2","appToPromote":{"appToPromoteID":"13265","usesDefaultFrameImage":"0","usesDefaultCloseImage":"0","marketURL":"https:\/\/play.google.com\/store\/apps\/details?id=com.rhg.tricky.bike.stunt.moto.master","packageID":"com.rhg.tricky.bike.stunt.moto.master"},"showTemplate":1,"s2s_tracking_url":"https:\/\/play.google.com\/store\/apps\/details?id=com.rhg.tricky.bike.stunt.moto.master","activeCreativeID":"4121","scenes":["12","1","8","6","15","2"],"campaignAdType":"Rewarded Video","productId":"","purchaseBit":0,"licenseKey":""},{"campaignID":"8879","attribution":0,"priority":"2","appToPromote":{"appToPromoteID":"15640","usesDefaultFrameImage":"0","usesDefaultCloseImage":"0","marketURL":"https:\/\/play.google.com\/store\/apps\/details?id=com.pgz.police.bike.stunt.ramp.bike.racing.games","packageID":"com.pgz.police.bike.stunt.ramp.bike.racing.games"},"showTemplate":1,"s2s_tracking_url":"https:\/\/play.google.com\/store\/apps\/details?id=com.pgz.police.bike.stunt.ramp.bike.racing.games","activeCreativeID":"4239","scenes":["12","1","8","6","15","2"],"campaignAdType":"Banner","productId":"","purchaseBit":0,"licenseKey":""},{"campaignID":"8971","attribution":0,"priority":"2","appToPromote":{"appToPromoteID":"15640","usesDefaultFrameImage":"0","usesDefaultCloseImage":"0","marketURL":"https:\/\/play.google.com\/store\/apps\/details?id=com.pgz.police.bike.stunt.ramp.bike.racing.games","packageID":"com.pgz.police.bike.stunt.ramp.bike.racing.games"},"showTemplate":1,"s2s_tracking_url":"https:\/\/play.google.com\/store\/apps\/details?id=com.pgz.police.bike.stunt.ramp.bike.racing.games","activeCreativeID":"4236","scenes":["12","1","8","6","15","2"],"campaignAdType":"Interstitial","productId":"","purchaseBit":0,"licenseKey":""},{"campaignID":"9366","attribution":0,"priority":"2","appToPromote":{"appToPromoteID":"17602","usesDefaultFrameImage":"0","usesDefaultCloseImage":"0","marketURL":"https:\/\/play.google.com\/store\/apps\/details?id=com.abaenglish.videoclass&amp;referrer=utm_source=42matters.com&amp;utm_medium=api","packageID":"com.abaenglish.videoclass"},"showTemplate":1,"s2s_tracking_url":"https:\/\/play.google.com\/store\/apps\/details?id=com.abaenglish.videoclass&amp;referrer=utm_source=42matters.com&amp;utm_medium=api","activeCreativeID":"4815","scenes":["12","1","8","6","15","2"],"campaignAdType":"Interstitial","productId":"","purchaseBit":0,"licenseKey":""},{"campaignID":"9367","attribution":0,"priority":"2","appToPromote":{"appToPromoteID":"17602","usesDefaultFrameImage":"0","usesDefaultCloseImage":"0","marketURL":"https:\/\/play.google.com\/store\/apps\/details?id=com.abaenglish.videoclass&amp;referrer=utm_source=42matters.com&amp;utm_medium=api","packageID":"com.abaenglish.videoclass"},"showTemplate":1,"s2s_tracking_url":"https:\/\/play.google.com\/store\/apps\/details?id=com.abaenglish.videoclass&amp;referrer=utm_source=42matters.com&amp;utm_medium=api","activeCreativeID":"4815","scenes":["12","1","8","6","15","2"],"campaignAdType":"Interstitial","productId":"","purchaseBit":0,"licenseKey":""},{"campaignID":"9368","attribution":0,"priority":"2","appToPromote":{"appToPromoteID":"17602","usesDefaultFrameImage":"0","usesDefaultCloseImage":"0","marketURL":"https:\/\/play.google.com\/store\/apps\/details?id=com.abaenglish.videoclass&amp;referrer=utm_source=42matters.com&amp;utm_medium=api","packageID":"com.abaenglish.videoclass"},"showTemplate":1,"s2s_tracking_url":"https:\/\/play.google.com\/store\/apps\/details?id=com.abaenglish.videoclass&amp;referrer=utm_source=42matters.com&amp;utm_medium=api","activeCreativeID":"4815","scenes":["12","1","8","6","15","2"],"campaignAdType":"Interstitial","productId":"","purchaseBit":0,"licenseKey":""},{"campaignID":"9369","attribution":0,"priority":"2","appToPromote":{"appToPromoteID":"17602","usesDefaultFrameImage":"0","usesDefaultCloseImage":"0","marketURL":"https:\/\/play.google.com\/store\/apps\/details?id=com.abaenglish.videoclass&amp;referrer=utm_source=42matters.com&amp;utm_medium=api","packageID":"com.abaenglish.videoclass"},"showTemplate":1,"s2s_tracking_url":"https:\/\/play.google.com\/store\/apps\/details?id=com.abaenglish.videoclass&amp;referrer=utm_source=42matters.com&amp;utm_medium=api","activeCreativeID":"4815","scenes":["12","1","8","6","15","2"],"campaignAdType":"Interstitial","productId":"","purchaseBit":0,"licenseKey":""},{"campaignID":"9370","attribution":0,"priority":"2","appToPromote":{"appToPromoteID":"17602","usesDefaultFrameImage":"0","usesDefaultCloseImage":"0","marketURL":"https:\/\/play.google.com\/store\/apps\/details?id=com.abaenglish.videoclass&amp;referrer=utm_source=42matters.com&amp;utm_medium=api","packageID":"com.abaenglish.videoclass"},"showTemplate":1,"s2s_tracking_url":"https:\/\/play.google.com\/store\/apps\/details?id=com.abaenglish.videoclass&amp;referrer=utm_source=42matters.com&amp;utm_medium=api","activeCreativeID":"4815","scenes":["12","1","8","6","15","2"],"campaignAdType":"Interstitial","productId":"","purchaseBit":0,"licenseKey":""}],"refreshAdRate":30,"mode":"Production","aspectRatio":"4_3","cdnPath":"https:\/\/df8ymybeo92md.cloudfront.net\/images\/","sentry_log":0,"local_logging":0,"sentry_dsn":"https:\/\/93ffa1c9a4124f67b8888a53265f751a:bbf998e04584477fa9a145838e9d3b26@sentry.io\/168994","sentry_initialization":1,"sentry_debugging":0,"bannerSizes":["1"],"aspectRatioVideo":"16_9","app_id":"1823","showPreRewardedDialogue":0,"showPostRewardedDialogue":0,"rewardCurrency":"coins","rewardValue":0,"isSkipable":1,"privacyPolicyURL":"https:\/\/www.consoliads.com\/privacy-policy\/","sessionToken":"+SP1wZrgkGCe8p0f\/D7t8snH345stPVoMtVeoufIaK3O8hii0auKBbgM1HD3iFsrmqmP8YM6pyNXCIMX1XcPyavqq3iSQs2Af1aJnlRqAppLUgOHZsNUprQip8kcEeUOf+WsqVC4zUpPkw4tCNpNHijvRxcrK7Vfo3uzXOD4Z0U="}
Session token value is set


{"appKey":"3d9a2ad28f8f99beaf2e117d8d1c3ebb","deviceID":"1006","stats":[{"campaignID":96,"packageID":"com.rgs.offroad.police.monster.truck","sceneStats":[{"sceneID":"3","eventStats":"310,210,110,10,10,0,0"}]}],"sdkVersion":"39","sessionToken":"+SP1wZrgkGCe8p0f\/D7t8snH345stPVoMtVeoufIaK3O8hii0auKBbgM1HD3iFsrmqmP8YM6pyNXCIMX1XcPyavqq3iSQs2Af1aJnlRqAppLUgOHZsNUprQip8kcEeUOf+WsqVC4zUpPkw4tCNpNHijvRxcrK7Vfo3uzXOD4Z0U="}
cache_ttl value is correct

Refresh Ad Rate value is correct
mode value is set

 Aspect ratio value is correct
sentry_log value is set
local_logging value is set
sentry_initialization value is set
sentry_debugging value is set
showPreRewardedDialogue value is set
showPostRewardedDialogue value is set
isSkipable value is set
{"cache_ttl":10080,"cache_ttl_rewarded":10080,"cache_ttl_banner":10080,"cache_ttl_native":10080,"cache_ttl_icon":10080,"refreshAdRate":30,"mode":"Production","aspectRatio":"4_3","cdnPath":"https:\/\/df8ymybeo92md.cloudfront.net\/images\/","sentry_log":0,"local_logging":0,"sentry_dsn":"https:\/\/93ffa1c9a4124f67b8888a53265f751a:bbf998e04584477fa9a145838e9d3b26@sentry.io\/168994","sentry_initialization":1,"sentry_debugging":0,"bannerSizes":[],"aspectRatioVideo":"16_9","app_id":"1921","showPreRewardedDialogue":0,"showPostRewardedDialogue":0,"rewardCurrency":"coins","rewardValue":0,"isSkipable":0,"privacyPolicyURL":"https:\/\/www.consoliads.com\/privacy-policy\/","sessionToken":"Ok2eSecM4L9YAF59GpGEYpkalzPEUYOhzszlWhGYzD46sLoVoRpE4b2zEyaf+bB\/0RITw3rsgh5UiXuNmACCOVtw40Ho8yLUf3vKXqB3UnecK+KddQZv13hyD7fAYc+bBWnyv\/Mx\/YIuMwwjLky34grUHsfxpRywvF3sN4wA7dY="}
Session token value is set


{"appKey":"b6cf3bbc179e3b767025729170fbb3cf","deviceID":"2020","stats":[{"campaignID":98,"packageID":"com.gss.offroad.policetransporttruck","sceneStats":[{"sceneID":"6","eventStats":"320,220,120,20,20,0,0"}]}],"sdkVersion":"2163","sessionToken":"Ok2eSecM4L9YAF59GpGEYpkalzPEUYOhzszlWhGYzD46sLoVoRpE4b2zEyaf+bB\/0RITw3rsgh5UiXuNmACCOVtw40Ho8yLUf3vKXqB3UnecK+KddQZv13hyD7fAYc+bBWnyv\/Mx\/YIuMwwjLky34grUHsfxpRywvF3sN4wA7dY="}
cache_ttl value is correct

Title value is correct

Title value is correct

Title value is correct

Title value is correct

Title value is correct

Title value is correct

Refresh Ad Rate value is correct
mode value is set

 Aspect ratio value is correct
sentry_log value is set
local_logging value is set
sentry_initialization value is set
sentry_debugging value is set
showPreRewardedDialogue value is set
showPostRewardedDialogue value is set
isSkipable value is set
{"cache_ttl":10080,"cache_ttl_rewarded":10080,"cache_ttl_banner":10080,"cache_ttl_native":10080,"cache_ttl_icon":10080,"campaigns":[{"campaignID":"8226","attribution":0,"priority":"8","appToPromote":{"appToPromoteID":"12623","usesDefaultFrameImage":"0","usesDefaultCloseImage":"0","marketURL":"https:\/\/play.google.com\/store\/apps\/details?id=com.igg.android.lordsmobile&amp;referrer=utm_source=42matters.com&amp;utm_medium=api","packageID":"com.nooribrand.android.lordsmobile"},"showTemplate":1,"s2s_tracking_url":"https:\/\/play.google.com\/store\/apps\/details?id=com.igg.android.lordsmobile&amp;referrer=utm_source=42matters.com&amp;utm_medium=api","activeCreativeID":"3557","scenes":["12","1","8","6","15","2"],"campaignAdType":"Icon","productId":"","purchaseBit":0,"licenseKey":""},{"campaignID":"8378","attribution":0,"priority":"8","appToPromote":{"appToPromoteID":"16480","usesDefaultFrameImage":"0","usesDefaultCloseImage":"0","marketURL":"https:\/\/play.google.com\/store\/apps\/details?id=com.nag.home.manager.working.virtual.mom","packageID":"com.GSS317.AmazingFamily"},"showTemplate":1,"s2s_tracking_url":"https:\/\/play.google.com\/store\/apps\/details?id=com.nag.home.manager.working.virtual.mom","activeCreativeID":"3720","scenes":["12","1","8","6","15","2"],"campaignAdType":"Interstitial","productId":"","purchaseBit":0,"licenseKey":""},{"campaignID":"8613","attribution":0,"priority":"8","appToPromote":{"appToPromoteID":"12623","usesDefaultFrameImage":"0","usesDefaultCloseImage":"0","marketURL":"https:\/\/play.google.com\/store\/apps\/details?id=com.igg.android.lordsmobile&amp;referrer=utm_source=42matters.com&amp;utm_medium=api","packageID":"com.nooribrand.android.lordsmobile"},"showTemplate":1,"s2s_tracking_url":"https:\/\/play.google.com\/store\/apps\/details?id=com.igg.android.lordsmobile&amp;referrer=utm_source=42matters.com&amp;utm_medium=api","activeCreativeID":"3557","scenes":["12","1","8","6","15","2"],"campaignAdType":"Icon","productId":"","purchaseBit":0,"licenseKey":""},{"campaignID":"9252","attribution":0,"priority":"8","appToPromote":{"appToPromoteID":"12315","usesDefaultFrameImage":"0","usesDefaultCloseImage":"0","marketURL":"google.com","packageID":"com.qabrand.plnative"},"showTemplate":1,"s2s_tracking_url":"google.com","activeCreativeID":"4683","scenes":["12","1","8","6","15","2"],"campaignAdType":"Native","title":"Native first","subTitle":"First ","description":"New description","adClickThroughText":"FIRST Button","productId":"","purchaseBit":0,"licenseKey":""},{"campaignID":"9253","attribution":0,"priority":"8","appToPromote":{"appToPromoteID":"12315","usesDefaultFrameImage":"0","usesDefaultCloseImage":"0","marketURL":"google.com","packageID":"com.qabrand.plnative"},"showTemplate":1,"s2s_tracking_url":"google.com","activeCreativeID":"4683","scenes":["12","1","8","6","15","2"],"campaignAdType":"Native","title":"Native first","subTitle":"First ","description":"New description","adClickThroughText":"FIRST Button","productId":"","purchaseBit":0,"licenseKey":""},{"campaignID":"9255","attribution":0,"priority":"8","appToPromote":{"appToPromoteID":"13274","usesDefaultFrameImage":"0","usesDefaultCloseImage":"0","marketURL":"https:\/\/play.google.com\/store\/apps\/details?id=com.facebook.katana","packageID":"com.salon.adsalon"},"showTemplate":1,"s2s_tracking_url":"https:\/\/play.google.com\/store\/apps\/details?id=com.facebook.katana","activeCreativeID":"4685","scenes":["12","1","8","6","15","2"],"campaignAdType":"Native","title":"native NA ","subTitle":"native NA ","description":"native NA added","adClickThroughText":"native NA ","productId":"","purchaseBit":0,"licenseKey":""},{"campaignID":"9257","attribution":0,"priority":"8","appToPromote":{"appToPromoteID":"12286","usesDefaultFrameImage":"0","usesDefaultCloseImage":"0","marketURL":"google.com","packageID":"com.qabrand.Chartboost_Native"},"showTemplate":1,"s2s_tracking_url":"google.com","activeCreativeID":"4688","scenes":["12","1","8","6","15","2"],"campaignAdType":"Native","title":"Native second updated","subTitle":"Native second ","description":"Native second details","adClickThroughText":"Native second ","productId":"","purchaseBit":0,"licenseKey":""},{"campaignID":"9263","attribution":0,"priority":"8","appToPromote":{"appToPromoteID":"12315","usesDefaultFrameImage":"0","usesDefaultCloseImage":"0","marketURL":"google.com","packageID":"com.qabrand.plnative"},"showTemplate":1,"s2s_tracking_url":"google.com","activeCreativeID":"4694","scenes":["12","1","8","6","15","2"],"campaignAdType":"Native","title":"test","subTitle":"test","description":" test details update","adClickThroughText":"test","productId":"","purchaseBit":0,"licenseKey":""},{"campaignID":"9547","attribution":0,"priority":"8","appToPromote":{"appToPromoteID":"11879","usesDefaultFrameImage":"0","usesDefaultCloseImage":"0","marketURL":"https:\/\/play.google.com\/store\/apps\/details?id=com.buntoo.car.racing.games","packageID":"com.buntoo.car.racing.games"},"showTemplate":1,"s2s_tracking_url":"https:\/\/play.google.com\/store\/apps\/details?id=com.buntoo.car.racing.games","activeCreativeID":"4964","scenes":["12","1","8","6","15","2"],"campaignAdType":"Interstitial","productId":"","purchaseBit":0,"licenseKey":""},{"campaignID":"9586","attribution":0,"priority":"8","appToPromote":{"appToPromoteID":"515","usesDefaultFrameImage":"1","usesDefaultCloseImage":"1","marketURL":"https:\/\/play.google.com\/store\/apps\/details?id=com.plum.cash.counter.simualtor","packageID":"com.plum.cash.counter.simualtor"},"showTemplate":1,"s2s_tracking_url":"https:\/\/play.google.com\/store\/apps\/details?id=com.plum.cash.counter.simualtor","activeCreativeID":"50","scenes":["12","1","8","6","15","2"],"campaignAdType":"Interstitial","productId":"","purchaseBit":0,"licenseKey":""},{"campaignID":"9587","attribution":0,"priority":"8","appToPromote":{"appToPromoteID":"515","usesDefaultFrameImage":"1","usesDefaultCloseImage":"1","marketURL":"https:\/\/play.google.com\/store\/apps\/details?id=com.plum.cash.counter.simualtor","packageID":"com.plum.cash.counter.simualtor"},"showTemplate":1,"s2s_tracking_url":"https:\/\/play.google.com\/store\/apps\/details?id=com.plum.cash.counter.simualtor","activeCreativeID":"50","scenes":["12","1","8","6","15","2"],"campaignAdType":"Interstitial","productId":"","purchaseBit":0,"licenseKey":""},{"campaignID":"9588","attribution":0,"priority":"8","appToPromote":{"appToPromoteID":"515","usesDefaultFrameImage":"1","usesDefaultCloseImage":"1","marketURL":"https:\/\/play.google.com\/store\/apps\/details?id=com.plum.cash.counter.simualtor","packageID":"com.plum.cash.counter.simualtor"},"showTemplate":1,"s2s_tracking_url":"https:\/\/play.google.com\/store\/apps\/details?id=com.plum.cash.counter.simualtor","activeCreativeID":"50","scenes":["12","1","8","6","15","2"],"campaignAdType":"Interstitial","productId":"","purchaseBit":0,"licenseKey":""},{"campaignID":"9589","attribution":0,"priority":"8","appToPromote":{"appToPromoteID":"515","usesDefaultFrameImage":"1","usesDefaultCloseImage":"1","marketURL":"https:\/\/play.google.com\/store\/apps\/details?id=com.plum.cash.counter.simualtor","packageID":"com.plum.cash.counter.simualtor"},"showTemplate":1,"s2s_tracking_url":"https:\/\/play.google.com\/store\/apps\/details?id=com.plum.cash.counter.simualtor","activeCreativeID":"50","scenes":["12","1","8","6","15","2"],"campaignAdType":"Interstitial","productId":"","purchaseBit":0,"licenseKey":""},{"campaignID":"9599","attribution":0,"priority":"8","appToPromote":{"appToPromoteID":"515","usesDefaultFrameImage":"1","usesDefaultCloseImage":"1","marketURL":"https:\/\/play.google.com\/store\/apps\/details?id=com.plum.cash.counter.simualtor","packageID":"com.plum.cash.counter.simualtor"},"showTemplate":1,"s2s_tracking_url":"https:\/\/play.google.com\/store\/apps\/details?id=com.plum.cash.counter.simualtor","activeCreativeID":"5001","scenes":["12","1","8","6","15","2"],"campaignAdType":"Icon","productId":"","purchaseBit":0,"licenseKey":""},{"campaignID":"9127","attribution":0,"priority":"8","appToPromote":{"appToPromoteID":"17528","usesDefaultFrameImage":"0","usesDefaultCloseImage":"0","marketURL":"https:\/\/play.google.com\/store\/apps\/details?id=net.one97.paytm","packageID":"net.one97.paytm"},"showTemplate":1,"s2s_tracking_url":"https:\/\/tha.gotrackier.com\/click?campaign_id=63249\\u0026pub_id=75?p1=1937_9127_2020&amp;source=6841&amp;app_name=OffRoadPoliceTruckTransport&amp;gaid=2020","activeCreativeID":"4788","scenes":["12","1","8","6","15","2"],"campaignAdType":"Native","title":"BCA","subTitle":"FW","description":"nope","adClickThroughText":"Link","productId":"","purchaseBit":0,"licenseKey":""},{"campaignID":"9131","attribution":0,"priority":"8","appToPromote":{"appToPromoteID":"17532","usesDefaultFrameImage":"0","usesDefaultCloseImage":"0","marketURL":"https:\/\/play.google.com\/store\/apps\/details?id=com.dhgate.buyermob","packageID":"com.dhgate.buyermob"},"showTemplate":1,"s2s_tracking_url":"https:\/\/tha.gotrackier.com\/click?campaign_id=63254\\u0026pub_id=75?p1=1937_9131_2020&amp;source=6841&amp;app_name=OffRoadPoliceTruckTransport&amp;gaid=2020","activeCreativeID":"4483","scenes":["12","1","8","6","15","2"],"campaignAdType":"Interstitial","productId":"","purchaseBit":0,"licenseKey":""},{"campaignID":"8380","attribution_link":"","attribution":1,"priority":"7","appToPromote":{"appToPromoteID":"16480","usesDefaultFrameImage":"0","usesDefaultCloseImage":"0","marketURL":"https:\/\/play.google.com\/store\/apps\/details?id=com.nag.home.manager.working.virtual.mom","packageID":"com.GSS317.AmazingFamily"},"showTemplate":1,"s2s_tracking_url":"","activeCreativeID":"3720","scenes":["12","1","8","6","15","2"],"campaignAdType":"Interstitial","productId":"","purchaseBit":0,"licenseKey":""},{"campaignID":"444","attribution":0,"priority":"6","appToPromote":{"appToPromoteID":"3355","usesDefaultFrameImage":"0","usesDefaultCloseImage":"0","marketURL":"https:\/\/play.google.com\/store\/apps\/details?id=com.popnsons.parkour.mouse","packageID":"com.popnsons.parkour.mouse"},"showTemplate":1,"s2s_tracking_url":"https:\/\/play.google.com\/store\/apps\/details?id=com.popnsons.parkour.mouse","activeCreativeID":"469","scenes":["12","1","8","6","15","2"],"campaignAdType":"Interstitial","productId":"","purchaseBit":0,"licenseKey":""},{"campaignID":"561","attribution":0,"priority":"6","appToPromote":{"appToPromoteID":"5026","usesDefaultFrameImage":"0","usesDefaultCloseImage":"0","marketURL":"https:\/\/play.google.com\/store\/apps\/details?id=com.as.cashupapp","packageID":"com.as.cashupapp"},"showTemplate":1,"s2s_tracking_url":"https:\/\/play.google.com\/store\/apps\/details?id=com.as.cashupapp","activeCreativeID":"652","scenes":["12","1","8","6","15","2"],"campaignAdType":"Interstitial","productId":"","purchaseBit":0,"licenseKey":""},{"campaignID":"570","attribution":0,"priority":"6","appToPromote":{"appToPromoteID":"3802","usesDefaultFrameImage":"0","usesDefaultCloseImage":"0","marketURL":"https:\/\/play.google.com\/store\/apps\/details?id=com.Madxstudios.Flickshootsoccer","packageID":"com.Madxstudios.Flickshootsoccer"},"showTemplate":1,"s2s_tracking_url":"https:\/\/play.google.com\/store\/apps\/details?id=com.Madxstudios.Flickshootsoccer","activeCreativeID":"661","scenes":["12","1","8","6","15","2"],"campaignAdType":"Interstitial","productId":"","purchaseBit":0,"licenseKey":""},{"campaignID":"588","attribution":0,"priority":"6","appToPromote":{"appToPromoteID":"5026","usesDefaultFrameImage":"0","usesDefaultCloseImage":"0","marketURL":"https:\/\/play.google.com\/store\/apps\/details?id=com.as.cashupapp","packageID":"com.as.cashupapp"},"showTemplate":1,"s2s_tracking_url":"https:\/\/play.google.com\/store\/apps\/details?id=com.as.cashupapp","activeCreativeID":"652","scenes":["12","1","8","6","15","2"],"campaignAdType":"Interstitial","productId":"","purchaseBit":0,"licenseKey":""},{"campaignID":"8808","attribution_link":"","attribution":1,"priority":"5","appToPromote":{"appToPromoteID":"16528","usesDefaultFrameImage":"0","usesDefaultCloseImage":"0","marketURL":"https:\/\/play.google.com\/store\/apps\/details?id=com.bag.farm.day.village.farming.games","packageID":"com.GSS317.com.bag.farm.day.village.farming.games"},"showTemplate":1,"s2s_tracking_url":"","activeCreativeID":"3775","scenes":["12","1","8","6","15","2"],"campaignAdType":"Interstitial","productId":"","purchaseBit":0,"licenseKey":""},{"campaignID":"8973","attribution":0,"priority":"5","appToPromote":{"appToPromoteID":"15974","usesDefaultFrameImage":"0","usesDefaultCloseImage":"0","marketURL":"https:\/\/play.google.com\/store\/apps\/details?id=com.mustardgames.bmx.cycle.stunt.mega.ramp.impossibletracks","packageID":"com.mustardgames.bmx.cycle.stunt.mega.ramp.impossibletracks"},"showTemplate":1,"s2s_tracking_url":"https:\/\/play.google.com\/store\/apps\/details?id=com.mustardgames.bmx.cycle.stunt.mega.ramp.impossibletracks","activeCreativeID":"4339","scenes":["12","1","8","6","15","2"],"campaignAdType":"Interstitial","productId":"","purchaseBit":0,"licenseKey":""},{"campaignID":"557","attribution":0,"priority":"4","appToPromote":{"appToPromoteID":"4959","usesDefaultFrameImage":"0","usesDefaultCloseImage":"0","marketURL":"https:\/\/play.google.com\/store\/apps\/details?id=com.jet.plane.surfers.joyride.dash","packageID":"com.jet.plane.surfers.joyride.dash"},"showTemplate":1,"s2s_tracking_url":"https:\/\/play.google.com\/store\/apps\/details?id=com.jet.plane.surfers.joyride.dash","activeCreativeID":"645","scenes":["12","1","8","6","15","2"],"campaignAdType":"Interstitial","productId":"","purchaseBit":0,"licenseKey":""},{"campaignID":"414","attribution":0,"priority":"3","appToPromote":{"appToPromoteID":"3023","usesDefaultFrameImage":"0","usesDefaultCloseImage":"0","marketURL":"https:\/\/play.google.com\/store\/apps\/details?id=com.appricot2d.rolo.pet.parrot","packageID":"com.appricot2d.rolo.pet.parrot"},"showTemplate":1,"s2s_tracking_url":"https:\/\/play.google.com\/store\/apps\/details?id=com.appricot2d.rolo.pet.parrot","activeCreativeID":"385","scenes":["12","1","8","6","15","2"],"campaignAdType":"Interstitial","productId":"","purchaseBit":0,"licenseKey":""},{"campaignID":"559","attribution":0,"priority":"3","appToPromote":{"appToPromoteID":"3476","usesDefaultFrameImage":"0","usesDefaultCloseImage":"0","marketURL":"https:\/\/play.google.com\/store\/apps\/details?id=com.perspectivegames.real.impossible.tracks.stunts","packageID":"com.perspectivegames.real.impossible.tracks.stunts"},"showTemplate":1,"s2s_tracking_url":"https:\/\/play.google.com\/store\/apps\/details?id=com.perspectivegames.real.impossible.tracks.stunts","activeCreativeID":"649","scenes":["12","1","8","6","15","2"],"campaignAdType":"Interstitial","productId":"","purchaseBit":0,"licenseKey":""},{"campaignID":"741","attribution":0,"priority":"3","appToPromote":{"appToPromoteID":"5609","usesDefaultFrameImage":"0","usesDefaultCloseImage":"0","marketURL":"https:\/\/play.google.com\/store\/apps\/details?id=com.kick.gyroscopic.city.train.driver.simulator","packageID":"com.kick.gyroscopic.city.train.driver.simulator"},"showTemplate":1,"s2s_tracking_url":"https:\/\/play.google.com\/store\/apps\/details?id=com.kick.gyroscopic.city.train.driver.simulator","activeCreativeID":"753","scenes":["12","1","8","6","15","2"],"campaignAdType":"Interstitial","productId":"","purchaseBit":0,"licenseKey":""},{"campaignID":"798","attribution":0,"priority":"3","appToPromote":{"appToPromoteID":"5770","usesDefaultFrameImage":"0","usesDefaultCloseImage":"0","marketURL":"https:\/\/play.google.com\/store\/apps\/details?id=com.simulatorgames3d.alohacelebrations","packageID":"com.simulatorgames3d.alohacelebrations"},"showTemplate":1,"s2s_tracking_url":"https:\/\/play.google.com\/store\/apps\/details?id=com.simulatorgames3d.alohacelebrations","activeCreativeID":"787","scenes":["12","1","8","6","15","2"],"campaignAdType":"Interstitial","productId":"","purchaseBit":0,"licenseKey":""},{"campaignID":"1483","attribution":0,"priority":"3","appToPromote":{"appToPromoteID":"1714","usesDefaultFrameImage":"1","usesDefaultCloseImage":"1","marketURL":"https:\/\/play.google.com\/store\/apps\/details?id=com.playink.cookie.maker","packageID":"com.playink.cookie.maker"},"showTemplate":1,"s2s_tracking_url":"https:\/\/play.google.com\/store\/apps\/details?id=com.playink.cookie.maker","activeCreativeID":"1020","scenes":["12","1","8","6","15","2"],"campaignAdType":"Interstitial","productId":"","purchaseBit":0,"licenseKey":""},{"campaignID":"8762","attribution":0,"priority":"2","appToPromote":{"appToPromoteID":"13265","usesDefaultFrameImage":"0","usesDefaultCloseImage":"0","marketURL":"https:\/\/play.google.com\/store\/apps\/details?id=com.rhg.tricky.bike.stunt.moto.master","packageID":"com.rhg.tricky.bike.stunt.moto.master"},"showTemplate":1,"s2s_tracking_url":"https:\/\/play.google.com\/store\/apps\/details?id=com.rhg.tricky.bike.stunt.moto.master","activeCreativeID":"4121","scenes":["12","1","8","6","15","2"],"campaignAdType":"Rewarded Video","productId":"","purchaseBit":0,"licenseKey":""},{"campaignID":"9366","attribution":0,"priority":"2","appToPromote":{"appToPromoteID":"17602","usesDefaultFrameImage":"0","usesDefaultCloseImage":"0","marketURL":"https:\/\/play.google.com\/store\/apps\/details?id=com.abaenglish.videoclass&amp;referrer=utm_source=42matters.com&amp;utm_medium=api","packageID":"com.abaenglish.videoclass"},"showTemplate":1,"s2s_tracking_url":"https:\/\/play.google.com\/store\/apps\/details?id=com.abaenglish.videoclass&amp;referrer=utm_source=42matters.com&amp;utm_medium=api","activeCreativeID":"4815","scenes":["12","1","8","6","15","2"],"campaignAdType":"Interstitial","productId":"","purchaseBit":0,"licenseKey":""}],"refreshAdRate":30,"mode":"Production","aspectRatio":"4_3","cdnPath":"https:\/\/df8ymybeo92md.cloudfront.net\/images\/","sentry_log":0,"local_logging":0,"sentry_dsn":"https:\/\/93ffa1c9a4124f67b8888a53265f751a:bbf998e04584477fa9a145838e9d3b26@sentry.io\/168994","sentry_initialization":1,"sentry_debugging":0,"bannerSizes":["1"],"aspectRatioVideo":"16_9","app_id":"1937","showPreRewardedDialogue":0,"showPostRewardedDialogue":0,"rewardCurrency":"coins","rewardValue":0,"isSkipable":0,"privacyPolicyURL":"https:\/\/www.consoliads.com\/privacy-policy\/","sessionToken":"1ETqzOt5+2YX1n2RAnvbuwU2tQjjTWL4fVnHL6Qd0Nyw5ti31T\/YkkXD5EqDqRPDFq4kQw7xogdTryAAX39Hpxh10Z4EmebXoqBIyKjFsV6RNLghu6NvapfvQQnATUTwjP2xNKWmC5u5k5FSWcxi+hpw7SwO8eGRMwQdYNKfaPg="}
Session token value is set


{"appKey":"7108df607430ea0aa7197ebf957ab785","deviceID":"5477","stats":[{"campaignID":99,"packageID":"com.vg.crazy.car.rush.pro.taxi.driver","sceneStats":[{"sceneID":"14","eventStats":"355,255,155,55,55,0,0"}]}],"sdkVersion":"2163","sessionToken":"1ETqzOt5+2YX1n2RAnvbuwU2tQjjTWL4fVnHL6Qd0Nyw5ti31T\/YkkXD5EqDqRPDFq4kQw7xogdTryAAX39Hpxh10Z4EmebXoqBIyKjFsV6RNLghu6NvapfvQQnATUTwjP2xNKWmC5u5k5FSWcxi+hpw7SwO8eGRMwQdYNKfaPg="}
cache_ttl value is correct

Title value is correct

Title value is correct

Title value is correct

Title value is correct

Title value is correct

Title value is correct

Refresh Ad Rate value is correct
mode value is set

 Aspect ratio value is correct
sentry_log value is set
local_logging value is set
sentry_initialization value is set
sentry_debugging value is set
showPreRewardedDialogue value is set
showPostRewardedDialogue value is set
isSkipable value is set
{"cache_ttl":10080,"cache_ttl_rewarded":10080,"cache_ttl_banner":10080,"cache_ttl_native":10080,"cache_ttl_icon":10080,"campaigns":[{"campaignID":"8226","attribution":0,"priority":"8","appToPromote":{"appToPromoteID":"12623","usesDefaultFrameImage":"0","usesDefaultCloseImage":"0","marketURL":"https:\/\/play.google.com\/store\/apps\/details?id=com.igg.android.lordsmobile&amp;referrer=utm_source=42matters.com&amp;utm_medium=api","packageID":"com.nooribrand.android.lordsmobile"},"showTemplate":1,"s2s_tracking_url":"https:\/\/play.google.com\/store\/apps\/details?id=com.igg.android.lordsmobile&amp;referrer=utm_source=42matters.com&amp;utm_medium=api","activeCreativeID":"3557","scenes":["12","1","8","6","15","2","9"],"campaignAdType":"Icon","productId":"","purchaseBit":0,"licenseKey":""},{"campaignID":"8378","attribution":0,"priority":"8","appToPromote":{"appToPromoteID":"16480","usesDefaultFrameImage":"0","usesDefaultCloseImage":"0","marketURL":"https:\/\/play.google.com\/store\/apps\/details?id=com.nag.home.manager.working.virtual.mom","packageID":"com.GSS317.AmazingFamily"},"showTemplate":1,"s2s_tracking_url":"https:\/\/play.google.com\/store\/apps\/details?id=com.nag.home.manager.working.virtual.mom","activeCreativeID":"3720","scenes":["12","1","8","6","15","2","9"],"campaignAdType":"Interstitial","productId":"","purchaseBit":0,"licenseKey":""},{"campaignID":"8613","attribution":0,"priority":"8","appToPromote":{"appToPromoteID":"12623","usesDefaultFrameImage":"0","usesDefaultCloseImage":"0","marketURL":"https:\/\/play.google.com\/store\/apps\/details?id=com.igg.android.lordsmobile&amp;referrer=utm_source=42matters.com&amp;utm_medium=api","packageID":"com.nooribrand.android.lordsmobile"},"showTemplate":1,"s2s_tracking_url":"https:\/\/play.google.com\/store\/apps\/details?id=com.igg.android.lordsmobile&amp;referrer=utm_source=42matters.com&amp;utm_medium=api","activeCreativeID":"3557","scenes":["12","1","8","6","15","2","9"],"campaignAdType":"Icon","productId":"","purchaseBit":0,"licenseKey":""},{"campaignID":"9252","attribution":0,"priority":"8","appToPromote":{"appToPromoteID":"12315","usesDefaultFrameImage":"0","usesDefaultCloseImage":"0","marketURL":"google.com","packageID":"com.qabrand.plnative"},"showTemplate":1,"s2s_tracking_url":"google.com","activeCreativeID":"4683","scenes":["12","1","8","6","15","2","9"],"campaignAdType":"Native","title":"Native first","subTitle":"First ","description":"New description","adClickThroughText":"FIRST Button","productId":"","purchaseBit":0,"licenseKey":""},{"campaignID":"9253","attribution":0,"priority":"8","appToPromote":{"appToPromoteID":"12315","usesDefaultFrameImage":"0","usesDefaultCloseImage":"0","marketURL":"google.com","packageID":"com.qabrand.plnative"},"showTemplate":1,"s2s_tracking_url":"google.com","activeCreativeID":"4683","scenes":["12","1","8","6","15","2","9"],"campaignAdType":"Native","title":"Native first","subTitle":"First ","description":"New description","adClickThroughText":"FIRST Button","productId":"","purchaseBit":0,"licenseKey":""},{"campaignID":"9255","attribution":0,"priority":"8","appToPromote":{"appToPromoteID":"13274","usesDefaultFrameImage":"0","usesDefaultCloseImage":"0","marketURL":"https:\/\/play.google.com\/store\/apps\/details?id=com.facebook.katana","packageID":"com.salon.adsalon"},"showTemplate":1,"s2s_tracking_url":"https:\/\/play.google.com\/store\/apps\/details?id=com.facebook.katana","activeCreativeID":"4685","scenes":["12","1","8","6","15","2","9"],"campaignAdType":"Native","title":"native NA ","subTitle":"native NA ","description":"native NA added","adClickThroughText":"native NA ","productId":"","purchaseBit":0,"licenseKey":""},{"campaignID":"9257","attribution":0,"priority":"8","appToPromote":{"appToPromoteID":"12286","usesDefaultFrameImage":"0","usesDefaultCloseImage":"0","marketURL":"google.com","packageID":"com.qabrand.Chartboost_Native"},"showTemplate":1,"s2s_tracking_url":"google.com","activeCreativeID":"4688","scenes":["12","1","8","6","15","2","9"],"campaignAdType":"Native","title":"Native second updated","subTitle":"Native second ","description":"Native second details","adClickThroughText":"Native second ","productId":"","purchaseBit":0,"licenseKey":""},{"campaignID":"9263","attribution":0,"priority":"8","appToPromote":{"appToPromoteID":"12315","usesDefaultFrameImage":"0","usesDefaultCloseImage":"0","marketURL":"google.com","packageID":"com.qabrand.plnative"},"showTemplate":1,"s2s_tracking_url":"google.com","activeCreativeID":"4694","scenes":["12","1","8","6","15","2","9"],"campaignAdType":"Native","title":"test","subTitle":"test","description":" test details update","adClickThroughText":"test","productId":"","purchaseBit":0,"licenseKey":""},{"campaignID":"9547","attribution":0,"priority":"8","appToPromote":{"appToPromoteID":"11879","usesDefaultFrameImage":"0","usesDefaultCloseImage":"0","marketURL":"https:\/\/play.google.com\/store\/apps\/details?id=com.buntoo.car.racing.games","packageID":"com.buntoo.car.racing.games"},"showTemplate":1,"s2s_tracking_url":"https:\/\/play.google.com\/store\/apps\/details?id=com.buntoo.car.racing.games","activeCreativeID":"4964","scenes":["12","1","8","6","15","2","9"],"campaignAdType":"Interstitial","productId":"","purchaseBit":0,"licenseKey":""},{"campaignID":"9586","attribution":0,"priority":"8","appToPromote":{"appToPromoteID":"515","usesDefaultFrameImage":"1","usesDefaultCloseImage":"1","marketURL":"https:\/\/play.google.com\/store\/apps\/details?id=com.plum.cash.counter.simualtor","packageID":"com.plum.cash.counter.simualtor"},"showTemplate":1,"s2s_tracking_url":"https:\/\/play.google.com\/store\/apps\/details?id=com.plum.cash.counter.simualtor","activeCreativeID":"50","scenes":["12","1","8","6","15","2","9"],"campaignAdType":"Interstitial","productId":"","purchaseBit":0,"licenseKey":""},{"campaignID":"9587","attribution":0,"priority":"8","appToPromote":{"appToPromoteID":"515","usesDefaultFrameImage":"1","usesDefaultCloseImage":"1","marketURL":"https:\/\/play.google.com\/store\/apps\/details?id=com.plum.cash.counter.simualtor","packageID":"com.plum.cash.counter.simualtor"},"showTemplate":1,"s2s_tracking_url":"https:\/\/play.google.com\/store\/apps\/details?id=com.plum.cash.counter.simualtor","activeCreativeID":"50","scenes":["12","1","8","6","15","2","9"],"campaignAdType":"Interstitial","productId":"","purchaseBit":0,"licenseKey":""},{"campaignID":"9588","attribution":0,"priority":"8","appToPromote":{"appToPromoteID":"515","usesDefaultFrameImage":"1","usesDefaultCloseImage":"1","marketURL":"https:\/\/play.google.com\/store\/apps\/details?id=com.plum.cash.counter.simualtor","packageID":"com.plum.cash.counter.simualtor"},"showTemplate":1,"s2s_tracking_url":"https:\/\/play.google.com\/store\/apps\/details?id=com.plum.cash.counter.simualtor","activeCreativeID":"50","scenes":["12","1","8","6","15","2","9"],"campaignAdType":"Interstitial","productId":"","purchaseBit":0,"licenseKey":""},{"campaignID":"9589","attribution":0,"priority":"8","appToPromote":{"appToPromoteID":"515","usesDefaultFrameImage":"1","usesDefaultCloseImage":"1","marketURL":"https:\/\/play.google.com\/store\/apps\/details?id=com.plum.cash.counter.simualtor","packageID":"com.plum.cash.counter.simualtor"},"showTemplate":1,"s2s_tracking_url":"https:\/\/play.google.com\/store\/apps\/details?id=com.plum.cash.counter.simualtor","activeCreativeID":"50","scenes":["12","1","8","6","15","2","9"],"campaignAdType":"Interstitial","productId":"","purchaseBit":0,"licenseKey":""},{"campaignID":"9599","attribution":0,"priority":"8","appToPromote":{"appToPromoteID":"515","usesDefaultFrameImage":"1","usesDefaultCloseImage":"1","marketURL":"https:\/\/play.google.com\/store\/apps\/details?id=com.plum.cash.counter.simualtor","packageID":"com.plum.cash.counter.simualtor"},"showTemplate":1,"s2s_tracking_url":"https:\/\/play.google.com\/store\/apps\/details?id=com.plum.cash.counter.simualtor","activeCreativeID":"5001","scenes":["12","1","8","6","15","2","9"],"campaignAdType":"Icon","productId":"","purchaseBit":0,"licenseKey":""},{"campaignID":"9127","attribution":0,"priority":"8","appToPromote":{"appToPromoteID":"17528","usesDefaultFrameImage":"0","usesDefaultCloseImage":"0","marketURL":"https:\/\/play.google.com\/store\/apps\/details?id=net.one97.paytm","packageID":"net.one97.paytm"},"showTemplate":1,"s2s_tracking_url":"https:\/\/tha.gotrackier.com\/click?campaign_id=63249\\u0026pub_id=75?p1=1936_9127_5477&amp;source=6841&amp;app_name=ProTAXIDriverCrazyCarRush&amp;gaid=5477","activeCreativeID":"4788","scenes":["12","1","8","6","15","2","9"],"campaignAdType":"Native","title":"BCA","subTitle":"FW","description":"nope","adClickThroughText":"Link","productId":"","purchaseBit":0,"licenseKey":""},{"campaignID":"9131","attribution":0,"priority":"8","appToPromote":{"appToPromoteID":"17532","usesDefaultFrameImage":"0","usesDefaultCloseImage":"0","marketURL":"https:\/\/play.google.com\/store\/apps\/details?id=com.dhgate.buyermob","packageID":"com.dhgate.buyermob"},"showTemplate":1,"s2s_tracking_url":"https:\/\/tha.gotrackier.com\/click?campaign_id=63254\\u0026pub_id=75?p1=1936_9131_5477&amp;source=6841&amp;app_name=ProTAXIDriverCrazyCarRush&amp;gaid=5477","activeCreativeID":"4483","scenes":["12","1","8","6","15","2","9"],"campaignAdType":"Interstitial","productId":"","purchaseBit":0,"licenseKey":""},{"campaignID":"8380","attribution_link":"","attribution":1,"priority":"7","appToPromote":{"appToPromoteID":"16480","usesDefaultFrameImage":"0","usesDefaultCloseImage":"0","marketURL":"https:\/\/play.google.com\/store\/apps\/details?id=com.nag.home.manager.working.virtual.mom","packageID":"com.GSS317.AmazingFamily"},"showTemplate":1,"s2s_tracking_url":"","activeCreativeID":"3720","scenes":["12","1","8","6","15","2","9"],"campaignAdType":"Interstitial","productId":"","purchaseBit":0,"licenseKey":""},{"campaignID":"444","attribution":0,"priority":"6","appToPromote":{"appToPromoteID":"3355","usesDefaultFrameImage":"0","usesDefaultCloseImage":"0","marketURL":"https:\/\/play.google.com\/store\/apps\/details?id=com.popnsons.parkour.mouse","packageID":"com.popnsons.parkour.mouse"},"showTemplate":1,"s2s_tracking_url":"https:\/\/play.google.com\/store\/apps\/details?id=com.popnsons.parkour.mouse","activeCreativeID":"469","scenes":["12","1","8","6","15","2","9"],"campaignAdType":"Interstitial","productId":"","purchaseBit":0,"licenseKey":""},{"campaignID":"561","attribution":0,"priority":"6","appToPromote":{"appToPromoteID":"5026","usesDefaultFrameImage":"0","usesDefaultCloseImage":"0","marketURL":"https:\/\/play.google.com\/store\/apps\/details?id=com.as.cashupapp","packageID":"com.as.cashupapp"},"showTemplate":1,"s2s_tracking_url":"https:\/\/play.google.com\/store\/apps\/details?id=com.as.cashupapp","activeCreativeID":"652","scenes":["12","1","8","6","15","2","9"],"campaignAdType":"Interstitial","productId":"","purchaseBit":0,"licenseKey":""},{"campaignID":"570","attribution":0,"priority":"6","appToPromote":{"appToPromoteID":"3802","usesDefaultFrameImage":"0","usesDefaultCloseImage":"0","marketURL":"https:\/\/play.google.com\/store\/apps\/details?id=com.Madxstudios.Flickshootsoccer","packageID":"com.Madxstudios.Flickshootsoccer"},"showTemplate":1,"s2s_tracking_url":"https:\/\/play.google.com\/store\/apps\/details?id=com.Madxstudios.Flickshootsoccer","activeCreativeID":"661","scenes":["12","1","8","6","15","2","9"],"campaignAdType":"Interstitial","productId":"","purchaseBit":0,"licenseKey":""},{"campaignID":"588","attribution":0,"priority":"6","appToPromote":{"appToPromoteID":"5026","usesDefaultFrameImage":"0","usesDefaultCloseImage":"0","marketURL":"https:\/\/play.google.com\/store\/apps\/details?id=com.as.cashupapp","packageID":"com.as.cashupapp"},"showTemplate":1,"s2s_tracking_url":"https:\/\/play.google.com\/store\/apps\/details?id=com.as.cashupapp","activeCreativeID":"652","scenes":["12","1","8","6","15","2","9"],"campaignAdType":"Interstitial","productId":"","purchaseBit":0,"licenseKey":""},{"campaignID":"8808","attribution_link":"","attribution":1,"priority":"5","appToPromote":{"appToPromoteID":"16528","usesDefaultFrameImage":"0","usesDefaultCloseImage":"0","marketURL":"https:\/\/play.google.com\/store\/apps\/details?id=com.bag.farm.day.village.farming.games","packageID":"com.GSS317.com.bag.farm.day.village.farming.games"},"showTemplate":1,"s2s_tracking_url":"","activeCreativeID":"3775","scenes":["12","1","8","6","15","2","9"],"campaignAdType":"Interstitial","productId":"","purchaseBit":0,"licenseKey":""},{"campaignID":"8973","attribution":0,"priority":"5","appToPromote":{"appToPromoteID":"15974","usesDefaultFrameImage":"0","usesDefaultCloseImage":"0","marketURL":"https:\/\/play.google.com\/store\/apps\/details?id=com.mustardgames.bmx.cycle.stunt.mega.ramp.impossibletracks","packageID":"com.mustardgames.bmx.cycle.stunt.mega.ramp.impossibletracks"},"showTemplate":1,"s2s_tracking_url":"https:\/\/play.google.com\/store\/apps\/details?id=com.mustardgames.bmx.cycle.stunt.mega.ramp.impossibletracks","activeCreativeID":"4339","scenes":["12","1","8","6","15","2","9"],"campaignAdType":"Interstitial","productId":"","purchaseBit":0,"licenseKey":""},{"campaignID":"557","attribution":0,"priority":"4","appToPromote":{"appToPromoteID":"4959","usesDefaultFrameImage":"0","usesDefaultCloseImage":"0","marketURL":"https:\/\/play.google.com\/store\/apps\/details?id=com.jet.plane.surfers.joyride.dash","packageID":"com.jet.plane.surfers.joyride.dash"},"showTemplate":1,"s2s_tracking_url":"https:\/\/play.google.com\/store\/apps\/details?id=com.jet.plane.surfers.joyride.dash","activeCreativeID":"645","scenes":["12","1","8","6","15","2","9"],"campaignAdType":"Interstitial","productId":"","purchaseBit":0,"licenseKey":""},{"campaignID":"414","attribution":0,"priority":"3","appToPromote":{"appToPromoteID":"3023","usesDefaultFrameImage":"0","usesDefaultCloseImage":"0","marketURL":"https:\/\/play.google.com\/store\/apps\/details?id=com.appricot2d.rolo.pet.parrot","packageID":"com.appricot2d.rolo.pet.parrot"},"showTemplate":1,"s2s_tracking_url":"https:\/\/play.google.com\/store\/apps\/details?id=com.appricot2d.rolo.pet.parrot","activeCreativeID":"385","scenes":["12","1","8","6","15","2","9"],"campaignAdType":"Interstitial","productId":"","purchaseBit":0,"licenseKey":""},{"campaignID":"559","attribution":0,"priority":"3","appToPromote":{"appToPromoteID":"3476","usesDefaultFrameImage":"0","usesDefaultCloseImage":"0","marketURL":"https:\/\/play.google.com\/store\/apps\/details?id=com.perspectivegames.real.impossible.tracks.stunts","packageID":"com.perspectivegames.real.impossible.tracks.stunts"},"showTemplate":1,"s2s_tracking_url":"https:\/\/play.google.com\/store\/apps\/details?id=com.perspectivegames.real.impossible.tracks.stunts","activeCreativeID":"649","scenes":["12","1","8","6","15","2","9"],"campaignAdType":"Interstitial","productId":"","purchaseBit":0,"licenseKey":""},{"campaignID":"741","attribution":0,"priority":"3","appToPromote":{"appToPromoteID":"5609","usesDefaultFrameImage":"0","usesDefaultCloseImage":"0","marketURL":"https:\/\/play.google.com\/store\/apps\/details?id=com.kick.gyroscopic.city.train.driver.simulator","packageID":"com.kick.gyroscopic.city.train.driver.simulator"},"showTemplate":1,"s2s_tracking_url":"https:\/\/play.google.com\/store\/apps\/details?id=com.kick.gyroscopic.city.train.driver.simulator","activeCreativeID":"753","scenes":["12","1","8","6","15","2","9"],"campaignAdType":"Interstitial","productId":"","purchaseBit":0,"licenseKey":""},{"campaignID":"798","attribution":0,"priority":"3","appToPromote":{"appToPromoteID":"5770","usesDefaultFrameImage":"0","usesDefaultCloseImage":"0","marketURL":"https:\/\/play.google.com\/store\/apps\/details?id=com.simulatorgames3d.alohacelebrations","packageID":"com.simulatorgames3d.alohacelebrations"},"showTemplate":1,"s2s_tracking_url":"https:\/\/play.google.com\/store\/apps\/details?id=com.simulatorgames3d.alohacelebrations","activeCreativeID":"787","scenes":["12","1","8","6","15","2","9"],"campaignAdType":"Interstitial","productId":"","purchaseBit":0,"licenseKey":""},{"campaignID":"1483","attribution":0,"priority":"3","appToPromote":{"appToPromoteID":"1714","usesDefaultFrameImage":"1","usesDefaultCloseImage":"1","marketURL":"https:\/\/play.google.com\/store\/apps\/details?id=com.playink.cookie.maker","packageID":"com.playink.cookie.maker"},"showTemplate":1,"s2s_tracking_url":"https:\/\/play.google.com\/store\/apps\/details?id=com.playink.cookie.maker","activeCreativeID":"1020","scenes":["12","1","8","6","15","2","9"],"campaignAdType":"Interstitial","productId":"","purchaseBit":0,"licenseKey":""},{"campaignID":"8762","attribution":0,"priority":"2","appToPromote":{"appToPromoteID":"13265","usesDefaultFrameImage":"0","usesDefaultCloseImage":"0","marketURL":"https:\/\/play.google.com\/store\/apps\/details?id=com.rhg.tricky.bike.stunt.moto.master","packageID":"com.rhg.tricky.bike.stunt.moto.master"},"showTemplate":1,"s2s_tracking_url":"https:\/\/play.google.com\/store\/apps\/details?id=com.rhg.tricky.bike.stunt.moto.master","activeCreativeID":"4121","scenes":["12","1","8","6","15","2","9"],"campaignAdType":"Rewarded Video","productId":"","purchaseBit":0,"licenseKey":""},{"campaignID":"9366","attribution":0,"priority":"2","appToPromote":{"appToPromoteID":"17602","usesDefaultFrameImage":"0","usesDefaultCloseImage":"0","marketURL":"https:\/\/play.google.com\/store\/apps\/details?id=com.abaenglish.videoclass&amp;referrer=utm_source=42matters.com&amp;utm_medium=api","packageID":"com.abaenglish.videoclass"},"showTemplate":1,"s2s_tracking_url":"https:\/\/play.google.com\/store\/apps\/details?id=com.abaenglish.videoclass&amp;referrer=utm_source=42matters.com&amp;utm_medium=api","activeCreativeID":"4815","scenes":["12","1","8","6","15","2","9"],"campaignAdType":"Interstitial","productId":"","purchaseBit":0,"licenseKey":""},{"campaignID":"9367","attribution":0,"priority":"2","appToPromote":{"appToPromoteID":"17602","usesDefaultFrameImage":"0","usesDefaultCloseImage":"0","marketURL":"https:\/\/play.google.com\/store\/apps\/details?id=com.abaenglish.videoclass&amp;referrer=utm_source=42matters.com&amp;utm_medium=api","packageID":"com.abaenglish.videoclass"},"showTemplate":1,"s2s_tracking_url":"https:\/\/play.google.com\/store\/apps\/details?id=com.abaenglish.videoclass&amp;referrer=utm_source=42matters.com&amp;utm_medium=api","activeCreativeID":"4815","scenes":["12","1","8","6","15","2","9"],"campaignAdType":"Interstitial","productId":"","purchaseBit":0,"licenseKey":""}],"refreshAdRate":30,"mode":"Production","aspectRatio":"4_3","cdnPath":"https:\/\/df8ymybeo92md.cloudfront.net\/images\/","sentry_log":0,"local_logging":0,"sentry_dsn":"https:\/\/93ffa1c9a4124f67b8888a53265f751a:bbf998e04584477fa9a145838e9d3b26@sentry.io\/168994","sentry_initialization":1,"sentry_debugging":0,"bannerSizes":["1"],"aspectRatioVideo":"16_9","app_id":"1936","showPreRewardedDialogue":0,"showPostRewardedDialogue":0,"rewardCurrency":"coins","rewardValue":0,"isSkipable":1,"privacyPolicyURL":"https:\/\/www.consoliads.com\/privacy-policy\/","sessionToken":"3h4GqTDU0R2UQS00xmTmcI0DC33vXgOEHvobfzsqqjxIRqpnJmasU2SPFewTnKedUWsGDSrPHM5E3wa4u76LuHtbPpMsLz7q025aubL+yHzbmBT3YeJDy7zs4Ua6hc7\/B\/MYdnbwbK25Jo0echgMbi1oUuS\/HKwYm\/xe2ubcAvE="}
Session token value is set


{"appKey":"516703e326af9856e83f9f4223432c4b","deviceID":"1650","stats":[{"campaignID":104,"packageID":"com.whitesand.construction.crane.cargo.plane","sceneStats":[{"sceneID":"5","eventStats":"317,217,117,17,17,0,0"}]}],"sdkVersion":"39","sessionToken":"3h4GqTDU0R2UQS00xmTmcI0DC33vXgOEHvobfzsqqjxIRqpnJmasU2SPFewTnKedUWsGDSrPHM5E3wa4u76LuHtbPpMsLz7q025aubL+yHzbmBT3YeJDy7zs4Ua6hc7\/B\/MYdnbwbK25Jo0echgMbi1oUuS\/HKwYm\/xe2ubcAvE="}
cache_ttl value is correct

Refresh Ad Rate value is correct
mode value is set

 Aspect ratio value is correct
sentry_log value is set
local_logging value is set
sentry_initialization value is set
sentry_debugging value is set
showPreRewardedDialogue value is set
showPostRewardedDialogue value is set
isSkipable value is set
{"cache_ttl":10080,"cache_ttl_rewarded":10080,"cache_ttl_banner":10080,"cache_ttl_native":10080,"cache_ttl_icon":10080,"refreshAdRate":30,"mode":"Production","aspectRatio":"4_3","cdnPath":"https:\/\/df8ymybeo92md.cloudfront.net\/images\/","sentry_log":0,"local_logging":0,"sentry_dsn":"https:\/\/93ffa1c9a4124f67b8888a53265f751a:bbf998e04584477fa9a145838e9d3b26@sentry.io\/168994","sentry_initialization":1,"sentry_debugging":0,"bannerSizes":[],"aspectRatioVideo":"16_9","app_id":"1752","showPreRewardedDialogue":0,"showPostRewardedDialogue":0,"rewardCurrency":"coins","rewardValue":0,"isSkipable":0,"privacyPolicyURL":"https:\/\/www.consoliads.com\/privacy-policy\/","sessionToken":"vpy\/vZXCP0MgV0Rdf+2gbylLeyOpwLjfJACDiDKspbchoqU\/kdxFOMCEB345+RU6Cm\/SaJOlJKYvBm21eXf7N\/xHoSjNnWB6Xqcl9Ll5pKmfB8XL41viD0JLitnmC7fKS+RJDbnmbAk4CxM1dCeg9P8qQhe3Un1WKAA0wHFCH8s="}
Session token value is set


{"appKey":"01cc5c461d53ae065213c5cd8caabc4f","deviceID":"2664","stats":[{"campaignID":110,"packageID":"com.mizo.police.airplane.transporter","sceneStats":[{"sceneID":"7","eventStats":"327,227,127,27,27,0,0"}]}],"sdkVersion":"2151","sessionToken":"vpy\/vZXCP0MgV0Rdf+2gbylLeyOpwLjfJACDiDKspbchoqU\/kdxFOMCEB345+RU6Cm\/SaJOlJKYvBm21eXf7N\/xHoSjNnWB6Xqcl9Ll5pKmfB8XL41viD0JLitnmC7fKS+RJDbnmbAk4CxM1dCeg9P8qQhe3Un1WKAA0wHFCH8s="}
cache_ttl value is correct

Refresh Ad Rate value is correct
mode value is set

 Aspect ratio value is correct
sentry_log value is set
local_logging value is set
sentry_initialization value is set
sentry_debugging value is set
showPreRewardedDialogue value is set
showPostRewardedDialogue value is set
isSkipable value is set
{"cache_ttl":10080,"cache_ttl_rewarded":10080,"cache_ttl_banner":10080,"cache_ttl_native":10080,"cache_ttl_icon":10080,"campaigns":[{"campaignID":"9277","attribution_link":"","attribution":1,"priority":"5","appToPromote":{"appToPromoteID":"17609","usesDefaultFrameImage":"0","usesDefaultCloseImage":"0","marketURL":"https:\/\/smartbear.com\/learn\/automated-testing\/test-automation-frameworks\/","packageID":"com.buntoo.buntooAd"},"showTemplate":1,"s2s_tracking_url":"","activeCreativeID":"4702","scenes":["1","2","6","4","5","15"],"campaignAdType":"Interstitial","productId":"","purchaseBit":0,"licenseKey":""},{"campaignID":"9278","attribution":0,"priority":"5","appToPromote":{"appToPromoteID":"17609","usesDefaultFrameImage":"0","usesDefaultCloseImage":"0","marketURL":"https:\/\/smartbear.com\/learn\/automated-testing\/test-automation-frameworks\/","packageID":"com.buntoo.buntooAd"},"showTemplate":1,"s2s_tracking_url":"https:\/\/smartbear.com\/learn\/automated-testing\/test-automation-frameworks\/","activeCreativeID":"4701","scenes":["1","2","6","4","5","15"],"campaignAdType":"Interstitial","productId":"","purchaseBit":0,"licenseKey":""},{"campaignID":"9279","attribution":0,"priority":"5","appToPromote":{"appToPromoteID":"17609","usesDefaultFrameImage":"0","usesDefaultCloseImage":"0","marketURL":"https:\/\/smartbear.com\/learn\/automated-testing\/test-automation-frameworks\/","packageID":"com.buntoo.buntooAd"},"showTemplate":1,"s2s_tracking_url":"https:\/\/smartbear.com\/learn\/automated-testing\/test-automation-frameworks\/","activeCreativeID":"4701","scenes":["1","2","6","4","5","15"],"campaignAdType":"Interstitial","productId":"","purchaseBit":0,"licenseKey":""},{"campaignID":"9280","attribution":0,"priority":"5","appToPromote":{"appToPromoteID":"17609","usesDefaultFrameImage":"0","usesDefaultCloseImage":"0","marketURL":"https:\/\/smartbear.com\/learn\/automated-testing\/test-automation-frameworks\/","packageID":"com.buntoo.buntooAd"},"showTemplate":1,"s2s_tracking_url":"https:\/\/smartbear.com\/learn\/automated-testing\/test-automation-frameworks\/","activeCreativeID":"4701","scenes":["1","2","6","4","5","15"],"campaignAdType":"Interstitial","productId":"","purchaseBit":0,"licenseKey":""},{"campaignID":"9281","attribution":0,"priority":"5","appToPromote":{"appToPromoteID":"17609","usesDefaultFrameImage":"0","usesDefaultCloseImage":"0","marketURL":"https:\/\/smartbear.com\/learn\/automated-testing\/test-automation-frameworks\/","packageID":"com.buntoo.buntooAd"},"showTemplate":1,"s2s_tracking_url":"https:\/\/smartbear.com\/learn\/automated-testing\/test-automation-frameworks\/","activeCreativeID":"4701","scenes":["1","2","6","4","5","15"],"campaignAdType":"Interstitial","productId":"","purchaseBit":0,"licenseKey":""},{"campaignID":"9282","attribution":0,"priority":"5","appToPromote":{"appToPromoteID":"17609","usesDefaultFrameImage":"0","usesDefaultCloseImage":"0","marketURL":"https:\/\/smartbear.com\/learn\/automated-testing\/test-automation-frameworks\/","packageID":"com.buntoo.buntooAd"},"showTemplate":1,"s2s_tracking_url":"https:\/\/smartbear.com\/learn\/automated-testing\/test-automation-frameworks\/","activeCreativeID":"4701","scenes":["1","2","6","4","5","15"],"campaignAdType":"Interstitial","productId":"","purchaseBit":0,"licenseKey":""},{"campaignID":"9283","attribution":0,"priority":"5","appToPromote":{"appToPromoteID":"17609","usesDefaultFrameImage":"0","usesDefaultCloseImage":"0","marketURL":"https:\/\/smartbear.com\/learn\/automated-testing\/test-automation-frameworks\/","packageID":"com.buntoo.buntooAd"},"showTemplate":1,"s2s_tracking_url":"https:\/\/smartbear.com\/learn\/automated-testing\/test-automation-frameworks\/","activeCreativeID":"4701","scenes":["1","2","6","4","5","15"],"campaignAdType":"Interstitial","productId":"","purchaseBit":0,"licenseKey":""},{"campaignID":"9285","attribution":0,"priority":"5","appToPromote":{"appToPromoteID":"14746","usesDefaultFrameImage":"0","usesDefaultCloseImage":"0","marketURL":"https:\/\/play.google.com\/store\/apps\/details?id=com.buntoo.army.bus.parking","packageID":"com.buntoo.army.bus.parking"},"showTemplate":1,"s2s_tracking_url":"https:\/\/play.google.com\/store\/apps\/details?id=com.buntoo.army.bus.parking","activeCreativeID":"4710","scenes":["1","2","6","4","5","15"],"campaignAdType":"Interstitial","productId":"","purchaseBit":0,"licenseKey":""},{"campaignID":"9287","attribution":0,"priority":"5","appToPromote":{"appToPromoteID":"14746","usesDefaultFrameImage":"0","usesDefaultCloseImage":"0","marketURL":"https:\/\/play.google.com\/store\/apps\/details?id=com.buntoo.army.bus.parking","packageID":"com.buntoo.army.bus.parking"},"showTemplate":1,"s2s_tracking_url":"https:\/\/play.google.com\/store\/apps\/details?id=com.buntoo.army.bus.parking","activeCreativeID":"4710","scenes":["1","2","6","4","5","15"],"campaignAdType":"Interstitial","productId":"","purchaseBit":0,"licenseKey":""},{"campaignID":"9289","attribution":0,"priority":"5","appToPromote":{"appToPromoteID":"17609","usesDefaultFrameImage":"0","usesDefaultCloseImage":"0","marketURL":"https:\/\/smartbear.com\/learn\/automated-testing\/test-automation-frameworks\/","packageID":"com.buntoo.buntooAd"},"showTemplate":1,"s2s_tracking_url":"https:\/\/smartbear.com\/learn\/automated-testing\/test-automation-frameworks\/","activeCreativeID":"4701","scenes":["1","2","6","4","5","15"],"campaignAdType":"Interstitial","productId":"","purchaseBit":0,"licenseKey":""},{"campaignID":"9290","attribution":0,"priority":"5","appToPromote":{"appToPromoteID":"17609","usesDefaultFrameImage":"0","usesDefaultCloseImage":"0","marketURL":"https:\/\/smartbear.com\/learn\/automated-testing\/test-automation-frameworks\/","packageID":"com.buntoo.buntooAd"},"showTemplate":1,"s2s_tracking_url":"https:\/\/smartbear.com\/learn\/automated-testing\/test-automation-frameworks\/","activeCreativeID":"4701","scenes":["1","2","6","4","5","15"],"campaignAdType":"Interstitial","productId":"","purchaseBit":0,"licenseKey":""},{"campaignID":"9293","attribution":0,"priority":"5","appToPromote":{"appToPromoteID":"17609","usesDefaultFrameImage":"0","usesDefaultCloseImage":"0","marketURL":"https:\/\/smartbear.com\/learn\/automated-testing\/test-automation-frameworks\/","packageID":"com.buntoo.buntooAd"},"showTemplate":1,"s2s_tracking_url":"https:\/\/smartbear.com\/learn\/automated-testing\/test-automation-frameworks\/","activeCreativeID":"4701","scenes":["1","2","6","4","5","15"],"campaignAdType":"Interstitial","productId":"","purchaseBit":0,"licenseKey":""},{"campaignID":"9296","attribution":0,"priority":"5","appToPromote":{"appToPromoteID":"17609","usesDefaultFrameImage":"0","usesDefaultCloseImage":"0","marketURL":"https:\/\/smartbear.com\/learn\/automated-testing\/test-automation-frameworks\/","packageID":"com.buntoo.buntooAd"},"showTemplate":1,"s2s_tracking_url":"https:\/\/smartbear.com\/learn\/automated-testing\/test-automation-frameworks\/","activeCreativeID":"4701","scenes":["1","2","6","4","5","15"],"campaignAdType":"Interstitial","productId":"","purchaseBit":0,"licenseKey":""},{"campaignID":"9297","attribution":0,"priority":"5","appToPromote":{"appToPromoteID":"17609","usesDefaultFrameImage":"0","usesDefaultCloseImage":"0","marketURL":"https:\/\/smartbear.com\/learn\/automated-testing\/test-automation-frameworks\/","packageID":"com.buntoo.buntooAd"},"showTemplate":1,"s2s_tracking_url":"https:\/\/smartbear.com\/learn\/automated-testing\/test-automation-frameworks\/","activeCreativeID":"4701","scenes":["1","2","6","4","5","15"],"campaignAdType":"Interstitial","productId":"","purchaseBit":0,"licenseKey":""},{"campaignID":"9299","attribution":0,"priority":"5","appToPromote":{"appToPromoteID":"17609","usesDefaultFrameImage":"0","usesDefaultCloseImage":"0","marketURL":"https:\/\/smartbear.com\/learn\/automated-testing\/test-automation-frameworks\/","packageID":"com.buntoo.buntooAd"},"showTemplate":1,"s2s_tracking_url":"https:\/\/smartbear.com\/learn\/automated-testing\/test-automation-frameworks\/","activeCreativeID":"4701","scenes":["1","2","6","4","5","15"],"campaignAdType":"Interstitial","productId":"","purchaseBit":0,"licenseKey":""},{"campaignID":"9301","attribution":0,"priority":"5","appToPromote":{"appToPromoteID":"17609","usesDefaultFrameImage":"0","usesDefaultCloseImage":"0","marketURL":"https:\/\/smartbear.com\/learn\/automated-testing\/test-automation-frameworks\/","packageID":"com.buntoo.buntooAd"},"showTemplate":1,"s2s_tracking_url":"https:\/\/smartbear.com\/learn\/automated-testing\/test-automation-frameworks\/","activeCreativeID":"4701","scenes":["1","2","6","4","5","15"],"campaignAdType":"Interstitial","productId":"","purchaseBit":0,"licenseKey":""},{"campaignID":"9305","attribution":0,"priority":"5","appToPromote":{"appToPromoteID":"14746","usesDefaultFrameImage":"0","usesDefaultCloseImage":"0","marketURL":"https:\/\/play.google.com\/store\/apps\/details?id=com.buntoo.army.bus.parking","packageID":"com.buntoo.army.bus.parking"},"showTemplate":1,"s2s_tracking_url":"https:\/\/play.google.com\/store\/apps\/details?id=com.buntoo.army.bus.parking","activeCreativeID":"4710","scenes":["1","2","6","4","5","15"],"campaignAdType":"Interstitial","productId":"","purchaseBit":0,"licenseKey":""},{"campaignID":"48","attribution":0,"priority":"5","appToPromote":{"appToPromoteID":"1074","usesDefaultFrameImage":"1","usesDefaultCloseImage":"1","marketURL":"https:\/\/play.google.com\/store\/apps\/details?id=com.mizo.construction.crane.hill.climb","packageID":"com.mizo.construction.crane.hill.climb"},"showTemplate":1,"s2s_tracking_url":"https:\/\/play.google.com\/store\/apps\/details?id=com.mizo.construction.crane.hill.climb","activeCreativeID":"65","scenes":["1","2","6","4","5","15"],"campaignAdType":"Interstitial","productId":"","purchaseBit":0,"licenseKey":""},{"campaignID":"50","attribution":0,"priority":"5","appToPromote":{"appToPromoteID":"1221","usesDefaultFrameImage":"1","usesDefaultCloseImage":"1","marketURL":"https:\/\/play.google.com\/store\/apps\/details?id=com.mizo.offroad.hill.climb","packageID":"com.mizo.offroad.hill.climb"},"showTemplate":1,"s2s_tracking_url":"https:\/\/play.google.com\/store\/apps\/details?id=com.mizo.offroad.hill.climb","activeCreativeID":"67","scenes":["1","2","6","4","5","15"],"campaignAdType":"Interstitial","productId":"","purchaseBit":0,"licenseKey":""},{"campaignID":"67","attribution":0,"priority":"5","appToPromote":{"appToPromoteID":"1306","usesDefaultFrameImage":"1","usesDefaultCloseImage":"1","marketURL":"https:\/\/play.google.com\/store\/apps\/details?id=com.mizo.extreme.heavy.truck","packageID":"com.mizo.extreme.heavy.truck"},"showTemplate":1,"s2s_tracking_url":"https:\/\/play.google.com\/store\/apps\/details?id=com.mizo.extreme.heavy.truck","activeCreativeID":"85","scenes":["1","2","6","4","5","15"],"campaignAdType":"Interstitial","productId":"","purchaseBit":0,"licenseKey":""},{"campaignID":"73","attribution":0,"priority":"5","appToPromote":{"appToPromoteID":"1458","usesDefaultFrameImage":"1","usesDefaultCloseImage":"1","marketURL":"https:\/\/play.google.com\/store\/apps\/details?id=com.mizo.army.prisoner.transport.simulator","packageID":"com.mizo.army.prisoner.transport.simulator"},"showTemplate":1,"s2s_tracking_url":"https:\/\/play.google.com\/store\/apps\/details?id=com.mizo.army.prisoner.transport.simulator","activeCreativeID":"93","scenes":["1","2","6","4","5","15"],"campaignAdType":"Interstitial","productId":"","purchaseBit":0,"licenseKey":""},{"campaignID":"74","attribution":0,"priority":"5","appToPromote":{"appToPromoteID":"1449","usesDefaultFrameImage":"1","usesDefaultCloseImage":"1","marketURL":"https:\/\/play.google.com\/store\/apps\/details?id=com.brilliantgamez.army.prisoners.transport.plane","packageID":"com.brilliantgamez.army.prisoners.transport.plane"},"showTemplate":1,"s2s_tracking_url":"https:\/\/play.google.com\/store\/apps\/details?id=com.brilliantgamez.army.prisoners.transport.plane","activeCreativeID":"94","scenes":["1","2","6","4","5","15"],"campaignAdType":"Interstitial","productId":"","purchaseBit":0,"licenseKey":""},{"campaignID":"78","attribution":0,"priority":"5","appToPromote":{"appToPromoteID":"1632","usesDefaultFrameImage":"1","usesDefaultCloseImage":"1","marketURL":"https:\/\/play.google.com\/store\/apps\/details?id=com.mizo.road.builder.city.construction","packageID":"com.mizo.road.builder.city.construction"},"showTemplate":1,"s2s_tracking_url":"https:\/\/play.google.com\/store\/apps\/details?id=com.mizo.road.builder.city.construction","activeCreativeID":"97","scenes":["1","2","6","4","5","15"],"campaignAdType":"Interstitial","productId":"","purchaseBit":0,"licenseKey":""},{"campaignID":"80","attribution":0,"priority":"5","appToPromote":{"appToPromoteID":"1675","usesDefaultFrameImage":"1","usesDefaultCloseImage":"1","marketURL":"https:\/\/play.google.com\/store\/apps\/details?id=com.mizo.flip.bottle.shooting.expert","packageID":"com.mizo.flip.bottle.shooting.expert"},"showTemplate":1,"s2s_tracking_url":"https:\/\/play.google.com\/store\/apps\/details?id=com.mizo.flip.bottle.shooting.expert","activeCreativeID":"100","scenes":["1","2","6","4","5","15"],"campaignAdType":"Interstitial","productId":"","purchaseBit":0,"licenseKey":""},{"campaignID":"110","attribution":0,"priority":"5","appToPromote":{"appToPromoteID":"1853","usesDefaultFrameImage":"1","usesDefaultCloseImage":"1","marketURL":"https:\/\/play.google.com\/store\/apps\/details?id=com.mizo.police.airplane.transporter","packageID":"com.mizo.police.airplane.transporter"},"showTemplate":1,"s2s_tracking_url":"https:\/\/play.google.com\/store\/apps\/details?id=com.mizo.police.airplane.transporter","activeCreativeID":"137","scenes":["1","2","6","4","5","15"],"campaignAdType":"Interstitial","productId":"","purchaseBit":0,"licenseKey":""},{"campaignID":"143","attribution":0,"priority":"5","appToPromote":{"appToPromoteID":"2089","usesDefaultFrameImage":"0","usesDefaultCloseImage":"0","marketURL":"https:\/\/play.google.com\/store\/apps\/details?id=com.mizo.sports.car.mechanic","packageID":"com.mizo.sports.car.mechanic"},"showTemplate":1,"s2s_tracking_url":"https:\/\/play.google.com\/store\/apps\/details?id=com.mizo.sports.car.mechanic","activeCreativeID":"184","scenes":["1","2","6","4","5","15"],"campaignAdType":"Interstitial","productId":"","purchaseBit":0,"licenseKey":""},{"campaignID":"147","attribution":0,"priority":"5","appToPromote":{"appToPromoteID":"2085","usesDefaultFrameImage":"0","usesDefaultCloseImage":"0","marketURL":"https:\/\/play.google.com\/store\/apps\/details?id=com.mizo.robot.gang.mafia","packageID":"com.mizo.robot.gang.mafia"},"showTemplate":1,"s2s_tracking_url":"https:\/\/play.google.com\/store\/apps\/details?id=com.mizo.robot.gang.mafia","activeCreativeID":"188","scenes":["1","2","6","4","5","15"],"campaignAdType":"Interstitial","productId":"","purchaseBit":0,"licenseKey":""},{"campaignID":"227","attribution":0,"priority":"5","appToPromote":{"appToPromoteID":"2571","usesDefaultFrameImage":"0","usesDefaultCloseImage":"0","marketURL":"https:\/\/play.google.com\/store\/apps\/details?id=com.mizo.raft.suvival","packageID":"com.mizo.raft.suvival"},"showTemplate":1,"s2s_tracking_url":"https:\/\/play.google.com\/store\/apps\/details?id=com.mizo.raft.suvival","activeCreativeID":"302","scenes":["1","2","6","4","5","15"],"campaignAdType":"Interstitial","productId":"","purchaseBit":0,"licenseKey":""},{"campaignID":"317","attribution":0,"priority":"5","appToPromote":{"appToPromoteID":"2723","usesDefaultFrameImage":"0","usesDefaultCloseImage":"0","marketURL":"https:\/\/play.google.com\/store\/apps\/details?id=com.mizo.helicopter.rescue","packageID":"com.mizo.helicopter.rescue"},"showTemplate":1,"s2s_tracking_url":"https:\/\/play.google.com\/store\/apps\/details?id=com.mizo.helicopter.rescue","activeCreativeID":"324","scenes":["1","2","6","4","5","15"],"campaignAdType":"Interstitial","productId":"","purchaseBit":0,"licenseKey":""},{"campaignID":"367","attribution":0,"priority":"5","appToPromote":{"appToPromoteID":"2911","usesDefaultFrameImage":"0","usesDefaultCloseImage":"0","marketURL":"https:\/\/play.google.com\/store\/apps\/details?id=com.mizo.police.ship.transporter","packageID":"com.mizo.police.ship.transporter"},"showTemplate":1,"s2s_tracking_url":"https:\/\/play.google.com\/store\/apps\/details?id=com.mizo.police.ship.transporter","activeCreativeID":"383","scenes":["1","2","6","4","5","15"],"campaignAdType":"Interstitial","productId":"","purchaseBit":0,"licenseKey":""},{"campaignID":"390","attribution":0,"priority":"5","appToPromote":{"appToPromoteID":"3077","usesDefaultFrameImage":"0","usesDefaultCloseImage":"0","marketURL":"https:\/\/play.google.com\/store\/apps\/details?id=com.mizo.transformer.shooting","packageID":"com.mizo.transformer.shooting"},"showTemplate":1,"s2s_tracking_url":"https:\/\/play.google.com\/store\/apps\/details?id=com.mizo.transformer.shooting","activeCreativeID":"441","scenes":["1","2","6","4","5","15"],"campaignAdType":"Interstitial","productId":"","purchaseBit":0,"licenseKey":""},{"campaignID":"408","attribution":0,"priority":"5","appToPromote":{"appToPromoteID":"3095","usesDefaultFrameImage":"0","usesDefaultCloseImage":"0","marketURL":"https:\/\/play.google.com\/store\/apps\/details?id=com.mizo.superhero.robot","packageID":"com.mizo.superhero.robot"},"showTemplate":1,"s2s_tracking_url":"https:\/\/play.google.com\/store\/apps\/details?id=com.mizo.superhero.robot","activeCreativeID":"443","scenes":["1","2","6","4","5","15"],"campaignAdType":"Interstitial","productId":"","purchaseBit":0,"licenseKey":""},{"campaignID":"410","attribution":0,"priority":"5","appToPromote":{"appToPromoteID":"3145","usesDefaultFrameImage":"0","usesDefaultCloseImage":"0","marketURL":"https:\/\/play.google.com\/store\/apps\/details?id=com.mizo.extreme.bikerider","packageID":"com.mizo.extreme.bikerider"},"showTemplate":1,"s2s_tracking_url":"https:\/\/play.google.com\/store\/apps\/details?id=com.mizo.extreme.bikerider","activeCreativeID":"448","scenes":["1","2","6","4","5","15"],"campaignAdType":"Interstitial","productId":"","purchaseBit":0,"licenseKey":""},{"campaignID":"428","attribution":0,"priority":"5","appToPromote":{"appToPromoteID":"3250","usesDefaultFrameImage":"0","usesDefaultCloseImage":"0","marketURL":"https:\/\/play.google.com\/store\/apps\/details?id=com.mizo.bicycle.stunt.racer","packageID":"com.mizo.bicycle.stunt.racer"},"showTemplate":1,"s2s_tracking_url":"https:\/\/play.google.com\/store\/apps\/details?id=com.mizo.bicycle.stunt.racer","activeCreativeID":"472","scenes":["1","2","6","4","5","15"],"campaignAdType":"Interstitial","productId":"","purchaseBit":0,"licenseKey":""},{"campaignID":"429","attribution":0,"priority":"5","appToPromote":{"appToPromoteID":"3253","usesDefaultFrameImage":"0","usesDefaultCloseImage":"0","marketURL":"https:\/\/play.google.com\/store\/apps\/details?id=com.mizo.rooftop.stunts","packageID":"com.mizo.rooftop.stunts"},"showTemplate":1,"s2s_tracking_url":"https:\/\/play.google.com\/store\/apps\/details?id=com.mizo.rooftop.stunts","activeCreativeID":"474","scenes":["1","2","6","4","5","15"],"campaignAdType":"Interstitial","productId":"","purchaseBit":0,"licenseKey":""},{"campaignID":"456","attribution":0,"priority":"5","appToPromote":{"appToPromoteID":"2448","usesDefaultFrameImage":"0","usesDefaultCloseImage":"0","marketURL":"https:\/\/play.google.com\/store\/apps\/details?id=com.mizo.battle.simulator","packageID":"com.mizo.battle.simulator"},"showTemplate":1,"s2s_tracking_url":"https:\/\/play.google.com\/store\/apps\/details?id=com.mizo.battle.simulator","activeCreativeID":"503","scenes":["1","2","6","4","5","15"],"campaignAdType":"Interstitial","productId":"","purchaseBit":0,"licenseKey":""},{"campaignID":"482","attribution":0,"priority":"5","appToPromote":{"appToPromoteID":"2877","usesDefaultFrameImage":"0","usesDefaultCloseImage":"0","marketURL":"https:\/\/play.google.com\/store\/apps\/details?id=com.mizo.underwater.tourist.bus","packageID":"com.mizo.underwater.tourist.bus"},"showTemplate":1,"s2s_tracking_url":"https:\/\/play.google.com\/store\/apps\/details?id=com.mizo.underwater.tourist.bus","activeCreativeID":"540","scenes":["1","2","6","4","5","15"],"campaignAdType":"Interstitial","productId":"","purchaseBit":0,"licenseKey":""},{"campaignID":"483","attribution":0,"priority":"5","appToPromote":{"appToPromoteID":"3440","usesDefaultFrameImage":"0","usesDefaultCloseImage":"0","marketURL":"https:\/\/play.google.com\/store\/apps\/details?id=com.mizo.police.cruiser.transport","packageID":"com.mizo.police.cruiser.transport"},"showTemplate":1,"s2s_tracking_url":"https:\/\/play.google.com\/store\/apps\/details?id=com.mizo.police.cruiser.transport","activeCreativeID":"541","scenes":["1","2","6","4","5","15"],"campaignAdType":"Interstitial","productId":"","purchaseBit":0,"licenseKey":""},{"campaignID":"490","attribution":0,"priority":"5","appToPromote":{"appToPromoteID":"3518","usesDefaultFrameImage":"0","usesDefaultCloseImage":"0","marketURL":"https:\/\/play.google.com\/store\/apps\/details?id=com.crazyneuron.superhero.robot.world","packageID":"com.crazyneuron.superhero.robot.world"},"showTemplate":1,"s2s_tracking_url":"https:\/\/play.google.com\/store\/apps\/details?id=com.crazyneuron.superhero.robot.world","activeCreativeID":"550","scenes":["1","2","6","4","5","15"],"campaignAdType":"Interstitial","productId":"","purchaseBit":0,"licenseKey":""},{"campaignID":"501","attribution":0,"priority":"5","appToPromote":{"appToPromoteID":"3579","usesDefaultFrameImage":"0","usesDefaultCloseImage":"0","marketURL":"https:\/\/play.google.com\/store\/apps\/details?id=com.crazyneuron.us.army.transport","packageID":"com.crazyneuron.us.army.transport"},"showTemplate":1,"s2s_tracking_url":"https:\/\/play.google.com\/store\/apps\/details?id=com.crazyneuron.us.army.transport","activeCreativeID":"577","scenes":["1","2","6","4","5","15"],"campaignAdType":"Interstitial","productId":"","purchaseBit":0,"licenseKey":""},{"campaignID":"512","attribution":0,"priority":"5","appToPromote":{"appToPromoteID":"3683","usesDefaultFrameImage":"0","usesDefaultCloseImage":"0","marketURL":"https:\/\/play.google.com\/store\/apps\/details?id=com.mizo.plane.landing","packageID":"com.mizo.plane.landing"},"showTemplate":1,"s2s_tracking_url":"https:\/\/play.google.com\/store\/apps\/details?id=com.mizo.plane.landing","activeCreativeID":"594","scenes":["1","2","6","4","5","15"],"campaignAdType":"Interstitial","productId":"","purchaseBit":0,"licenseKey":""},{"campaignID":"6210","attribution":0,"priority":"5","appToPromote":{"appToPromoteID":"11566","usesDefaultFrameImage":"0","usesDefaultCloseImage":"0","marketURL":"https:\/\/play.google.com\/store\/apps\/details?id=com.mizo.line.drawing.puzzle.game","packageID":"com.mizo.line.drawing.puzzle.game"},"showTemplate":1,"s2s_tracking_url":"https:\/\/play.google.com\/store\/apps\/details?id=com.mizo.line.drawing.puzzle.game","activeCreativeID":"1322","scenes":["1","2","6","4","5","15"],"campaignAdType":"Video","productId":"","purchaseBit":0,"licenseKey":""},{"campaignID":"6213","attribution":0,"priority":"5","appToPromote":{"appToPromoteID":"11633","usesDefaultFrameImage":"0","usesDefaultCloseImage":"0","marketURL":"https:\/\/play.google.com\/store\/apps\/details?id=com.mizo.car.driving.simulator","packageID":"com.mizo.car.driving.simulator"},"showTemplate":1,"s2s_tracking_url":"https:\/\/play.google.com\/store\/apps\/details?id=com.mizo.car.driving.simulator","activeCreativeID":"1325","scenes":["1","2","6","4","5","15"],"campaignAdType":"Video","productId":"","purchaseBit":0,"licenseKey":""},{"campaignID":"6214","attribution":0,"priority":"5","appToPromote":{"appToPromoteID":"11661","usesDefaultFrameImage":"0","usesDefaultCloseImage":"0","marketURL":"https:\/\/play.google.com\/store\/apps\/details?id=com.mizo.car.tycoon.game","packageID":"com.mizo.car.tycoon.game"},"showTemplate":1,"s2s_tracking_url":"https:\/\/play.google.com\/store\/apps\/details?id=com.mizo.car.tycoon.game","activeCreativeID":"1326","scenes":["1","2","6","4","5","15"],"campaignAdType":"Video","productId":"","purchaseBit":0,"licenseKey":""},{"campaignID":"6254","attribution":0,"priority":"5","appToPromote":{"appToPromoteID":"11810","usesDefaultFrameImage":"0","usesDefaultCloseImage":"0","marketURL":"https:\/\/play.google.com\/store\/apps\/details?id=com.mizo.car.transporter.games","packageID":"com.mizo.car.transporter.games"},"showTemplate":1,"s2s_tracking_url":"https:\/\/play.google.com\/store\/apps\/details?id=com.mizo.car.transporter.games","activeCreativeID":"1370","scenes":["1","2","6","4","5","15"],"campaignAdType":"Video","productId":"","purchaseBit":0,"licenseKey":""},{"campaignID":"6256","attribution":0,"priority":"5","appToPromote":{"appToPromoteID":"11880","usesDefaultFrameImage":"0","usesDefaultCloseImage":"0","marketURL":"https:\/\/play.google.com\/store\/apps\/details?id=com.mizo.us.army.transporter","packageID":"com.mizo.us.army.transporter"},"showTemplate":1,"s2s_tracking_url":"https:\/\/play.google.com\/store\/apps\/details?id=com.mizo.us.army.transporter","activeCreativeID":"1372","scenes":["1","2","6","4","5","15"],"campaignAdType":"Video","productId":"","purchaseBit":0,"licenseKey":""},{"campaignID":"6264","attribution":0,"priority":"5","appToPromote":{"appToPromoteID":"11879","usesDefaultFrameImage":"0","usesDefaultCloseImage":"0","marketURL":"https:\/\/play.google.com\/store\/apps\/details?id=com.buntoo.car.racing.games","packageID":"com.buntoo.car.racing.games"},"showTemplate":1,"s2s_tracking_url":"https:\/\/play.google.com\/store\/apps\/details?id=com.buntoo.car.racing.games","activeCreativeID":"1380","scenes":["1","2","6","4","5","15"],"campaignAdType":"Video","productId":"","purchaseBit":0,"licenseKey":""},{"campaignID":"6363","attribution":0,"priority":"5","appToPromote":{"appToPromoteID":"12100","usesDefaultFrameImage":"0","usesDefaultCloseImage":"0","marketURL":"https:\/\/play.google.com\/store\/apps\/details?id=com.mizo.police.transport.shooting","packageID":"com.mizo.police.transport.shooting"},"showTemplate":1,"s2s_tracking_url":"https:\/\/play.google.com\/store\/apps\/details?id=com.mizo.police.transport.shooting","activeCreativeID":"1519","scenes":["1","2","6","4","5","15"],"campaignAdType":"Video","productId":"","purchaseBit":0,"licenseKey":""},{"campaignID":"6430","attribution":0,"priority":"5","appToPromote":{"appToPromoteID":"12340","usesDefaultFrameImage":"0","usesDefaultCloseImage":"0","marketURL":"https:\/\/play.google.com\/store\/apps\/details?id=com.buntoo.robot.car.transporter.games","packageID":"com.buntoo.robot.car.transporter.games"},"showTemplate":1,"s2s_tracking_url":"https:\/\/play.google.com\/store\/apps\/details?id=com.buntoo.robot.car.transporter.games","activeCreativeID":"1563","scenes":["1","2","6","4","5","15"],"campaignAdType":"Video","productId":"","purchaseBit":0,"licenseKey":""},{"campaignID":"6432","attribution":0,"priority":"5","appToPromote":{"appToPromoteID":"12565","usesDefaultFrameImage":"0","usesDefaultCloseImage":"0","marketURL":"https:\/\/play.google.com\/store\/apps\/details?id=com.mizo.train.gold.robbery.games","packageID":"com.mizo.train.gold.robbery.games"},"showTemplate":1,"s2s_tracking_url":"https:\/\/play.google.com\/store\/apps\/details?id=com.mizo.train.gold.robbery.games","activeCreativeID":"1565","scenes":["1","2","6","4","5","15"],"campaignAdType":"Video","productId":"","purchaseBit":0,"licenseKey":""}],"refreshAdRate":30,"mode":"Production","aspectRatio":"4_3","cdnPath":"https:\/\/df8ymybeo92md.cloudfront.net\/images\/","sentry_log":0,"local_logging":0,"sentry_dsn":"https:\/\/93ffa1c9a4124f67b8888a53265f751a:bbf998e04584477fa9a145838e9d3b26@sentry.io\/168994","sentry_initialization":1,"sentry_debugging":0,"bannerSizes":["1"],"aspectRatioVideo":"16_9","app_id":"1853","showPreRewardedDialogue":0,"showPostRewardedDialogue":0,"rewardCurrency":"coins","rewardValue":0,"isSkipable":1,"privacyPolicyURL":"https:\/\/www.consoliads.com\/privacy-policy\/","sessionToken":"h7XMhPJg8G3t4ukxS4FsHFq3cTbsXb\/KvXxiPjJOLtmJkQxjuOeVwzUmy5FvNygfPEpTcBArZj4ddWfzZyx5nfraTrr3GkjHbddGR2wp6Pp0rn7ucWB0i8Vt5xvf7erfuSj1aFo73kd6GfMe7MTWRSbnf6ezebmCsEEUKwNt6oc="}
Session token value is set


{"appKey":"2f239cc63433a12656a3d1e2832fa017","deviceID":"931","stats":[{"campaignID":114,"packageID":"com.vg.police.secret.agent.crime.gang","sceneStats":[{"sceneID":"3","eventStats":"310,210,110,10,10,0,0"}]}],"sdkVersion":"2163","sessionToken":"h7XMhPJg8G3t4ukxS4FsHFq3cTbsXb\/KvXxiPjJOLtmJkQxjuOeVwzUmy5FvNygfPEpTcBArZj4ddWfzZyx5nfraTrr3GkjHbddGR2wp6Pp0rn7ucWB0i8Vt5xvf7erfuSj1aFo73kd6GfMe7MTWRSbnf6ezebmCsEEUKwNt6oc="}
cache_ttl value is correct

Title value is correct

Title value is correct

Title value is correct

Title value is correct

Title value is correct

Title value is correct

Refresh Ad Rate value is correct
mode value is set

 Aspect ratio value is correct
sentry_log value is set
local_logging value is set
sentry_initialization value is set
sentry_debugging value is set
showPreRewardedDialogue value is set
showPostRewardedDialogue value is set
isSkipable value is set
{"cache_ttl":10080,"cache_ttl_rewarded":10080,"cache_ttl_banner":10080,"cache_ttl_native":10080,"cache_ttl_icon":10080,"campaigns":[{"campaignID":"8226","attribution":0,"priority":"8","appToPromote":{"appToPromoteID":"12623","usesDefaultFrameImage":"0","usesDefaultCloseImage":"0","marketURL":"https:\/\/play.google.com\/store\/apps\/details?id=com.igg.android.lordsmobile&amp;referrer=utm_source=42matters.com&amp;utm_medium=api","packageID":"com.nooribrand.android.lordsmobile"},"showTemplate":1,"s2s_tracking_url":"https:\/\/play.google.com\/store\/apps\/details?id=com.igg.android.lordsmobile&amp;referrer=utm_source=42matters.com&amp;utm_medium=api","activeCreativeID":"3557","scenes":["12","1","8","6","15","2","9"],"campaignAdType":"Icon","productId":"","purchaseBit":0,"licenseKey":""},{"campaignID":"8378","attribution":0,"priority":"8","appToPromote":{"appToPromoteID":"16480","usesDefaultFrameImage":"0","usesDefaultCloseImage":"0","marketURL":"https:\/\/play.google.com\/store\/apps\/details?id=com.nag.home.manager.working.virtual.mom","packageID":"com.GSS317.AmazingFamily"},"showTemplate":1,"s2s_tracking_url":"https:\/\/play.google.com\/store\/apps\/details?id=com.nag.home.manager.working.virtual.mom","activeCreativeID":"3720","scenes":["12","1","8","6","15","2","9"],"campaignAdType":"Interstitial","productId":"","purchaseBit":0,"licenseKey":""},{"campaignID":"8613","attribution":0,"priority":"8","appToPromote":{"appToPromoteID":"12623","usesDefaultFrameImage":"0","usesDefaultCloseImage":"0","marketURL":"https:\/\/play.google.com\/store\/apps\/details?id=com.igg.android.lordsmobile&amp;referrer=utm_source=42matters.com&amp;utm_medium=api","packageID":"com.nooribrand.android.lordsmobile"},"showTemplate":1,"s2s_tracking_url":"https:\/\/play.google.com\/store\/apps\/details?id=com.igg.android.lordsmobile&amp;referrer=utm_source=42matters.com&amp;utm_medium=api","activeCreativeID":"3557","scenes":["12","1","8","6","15","2","9"],"campaignAdType":"Icon","productId":"","purchaseBit":0,"licenseKey":""},{"campaignID":"9252","attribution":0,"priority":"8","appToPromote":{"appToPromoteID":"12315","usesDefaultFrameImage":"0","usesDefaultCloseImage":"0","marketURL":"google.com","packageID":"com.qabrand.plnative"},"showTemplate":1,"s2s_tracking_url":"google.com","activeCreativeID":"4683","scenes":["12","1","8","6","15","2","9"],"campaignAdType":"Native","title":"Native first","subTitle":"First ","description":"New description","adClickThroughText":"FIRST Button","productId":"","purchaseBit":0,"licenseKey":""},{"campaignID":"9253","attribution":0,"priority":"8","appToPromote":{"appToPromoteID":"12315","usesDefaultFrameImage":"0","usesDefaultCloseImage":"0","marketURL":"google.com","packageID":"com.qabrand.plnative"},"showTemplate":1,"s2s_tracking_url":"google.com","activeCreativeID":"4683","scenes":["12","1","8","6","15","2","9"],"campaignAdType":"Native","title":"Native first","subTitle":"First ","description":"New description","adClickThroughText":"FIRST Button","productId":"","purchaseBit":0,"licenseKey":""},{"campaignID":"9255","attribution":0,"priority":"8","appToPromote":{"appToPromoteID":"13274","usesDefaultFrameImage":"0","usesDefaultCloseImage":"0","marketURL":"https:\/\/play.google.com\/store\/apps\/details?id=com.facebook.katana","packageID":"com.salon.adsalon"},"showTemplate":1,"s2s_tracking_url":"https:\/\/play.google.com\/store\/apps\/details?id=com.facebook.katana","activeCreativeID":"4685","scenes":["12","1","8","6","15","2","9"],"campaignAdType":"Native","title":"native NA ","subTitle":"native NA ","description":"native NA added","adClickThroughText":"native NA ","productId":"","purchaseBit":0,"licenseKey":""},{"campaignID":"9257","attribution":0,"priority":"8","appToPromote":{"appToPromoteID":"12286","usesDefaultFrameImage":"0","usesDefaultCloseImage":"0","marketURL":"google.com","packageID":"com.qabrand.Chartboost_Native"},"showTemplate":1,"s2s_tracking_url":"google.com","activeCreativeID":"4688","scenes":["12","1","8","6","15","2","9"],"campaignAdType":"Native","title":"Native second updated","subTitle":"Native second ","description":"Native second details","adClickThroughText":"Native second ","productId":"","purchaseBit":0,"licenseKey":""},{"campaignID":"9263","attribution":0,"priority":"8","appToPromote":{"appToPromoteID":"12315","usesDefaultFrameImage":"0","usesDefaultCloseImage":"0","marketURL":"google.com","packageID":"com.qabrand.plnative"},"showTemplate":1,"s2s_tracking_url":"google.com","activeCreativeID":"4694","scenes":["12","1","8","6","15","2","9"],"campaignAdType":"Native","title":"test","subTitle":"test","description":" test details update","adClickThroughText":"test","productId":"","purchaseBit":0,"licenseKey":""},{"campaignID":"9547","attribution":0,"priority":"8","appToPromote":{"appToPromoteID":"11879","usesDefaultFrameImage":"0","usesDefaultCloseImage":"0","marketURL":"https:\/\/play.google.com\/store\/apps\/details?id=com.buntoo.car.racing.games","packageID":"com.buntoo.car.racing.games"},"showTemplate":1,"s2s_tracking_url":"https:\/\/play.google.com\/store\/apps\/details?id=com.buntoo.car.racing.games","activeCreativeID":"4964","scenes":["12","1","8","6","15","2","9"],"campaignAdType":"Interstitial","productId":"","purchaseBit":0,"licenseKey":""},{"campaignID":"9586","attribution":0,"priority":"8","appToPromote":{"appToPromoteID":"515","usesDefaultFrameImage":"1","usesDefaultCloseImage":"1","marketURL":"https:\/\/play.google.com\/store\/apps\/details?id=com.plum.cash.counter.simualtor","packageID":"com.plum.cash.counter.simualtor"},"showTemplate":1,"s2s_tracking_url":"https:\/\/play.google.com\/store\/apps\/details?id=com.plum.cash.counter.simualtor","activeCreativeID":"50","scenes":["12","1","8","6","15","2","9"],"campaignAdType":"Interstitial","productId":"","purchaseBit":0,"licenseKey":""},{"campaignID":"9587","attribution":0,"priority":"8","appToPromote":{"appToPromoteID":"515","usesDefaultFrameImage":"1","usesDefaultCloseImage":"1","marketURL":"https:\/\/play.google.com\/store\/apps\/details?id=com.plum.cash.counter.simualtor","packageID":"com.plum.cash.counter.simualtor"},"showTemplate":1,"s2s_tracking_url":"https:\/\/play.google.com\/store\/apps\/details?id=com.plum.cash.counter.simualtor","activeCreativeID":"50","scenes":["12","1","8","6","15","2","9"],"campaignAdType":"Interstitial","productId":"","purchaseBit":0,"licenseKey":""},{"campaignID":"9588","attribution":0,"priority":"8","appToPromote":{"appToPromoteID":"515","usesDefaultFrameImage":"1","usesDefaultCloseImage":"1","marketURL":"https:\/\/play.google.com\/store\/apps\/details?id=com.plum.cash.counter.simualtor","packageID":"com.plum.cash.counter.simualtor"},"showTemplate":1,"s2s_tracking_url":"https:\/\/play.google.com\/store\/apps\/details?id=com.plum.cash.counter.simualtor","activeCreativeID":"50","scenes":["12","1","8","6","15","2","9"],"campaignAdType":"Interstitial","productId":"","purchaseBit":0,"licenseKey":""},{"campaignID":"9589","attribution":0,"priority":"8","appToPromote":{"appToPromoteID":"515","usesDefaultFrameImage":"1","usesDefaultCloseImage":"1","marketURL":"https:\/\/play.google.com\/store\/apps\/details?id=com.plum.cash.counter.simualtor","packageID":"com.plum.cash.counter.simualtor"},"showTemplate":1,"s2s_tracking_url":"https:\/\/play.google.com\/store\/apps\/details?id=com.plum.cash.counter.simualtor","activeCreativeID":"50","scenes":["12","1","8","6","15","2","9"],"campaignAdType":"Interstitial","productId":"","purchaseBit":0,"licenseKey":""},{"campaignID":"9599","attribution":0,"priority":"8","appToPromote":{"appToPromoteID":"515","usesDefaultFrameImage":"1","usesDefaultCloseImage":"1","marketURL":"https:\/\/play.google.com\/store\/apps\/details?id=com.plum.cash.counter.simualtor","packageID":"com.plum.cash.counter.simualtor"},"showTemplate":1,"s2s_tracking_url":"https:\/\/play.google.com\/store\/apps\/details?id=com.plum.cash.counter.simualtor","activeCreativeID":"5001","scenes":["12","1","8","6","15","2","9"],"campaignAdType":"Icon","productId":"","purchaseBit":0,"licenseKey":""},{"campaignID":"9127","attribution":0,"priority":"8","appToPromote":{"appToPromoteID":"17528","usesDefaultFrameImage":"0","usesDefaultCloseImage":"0","marketURL":"https:\/\/play.google.com\/store\/apps\/details?id=net.one97.paytm","packageID":"net.one97.paytm"},"showTemplate":1,"s2s_tracking_url":"https:\/\/tha.gotrackier.com\/click?campaign_id=63249\\u0026pub_id=75?p1=2007_9127_931&amp;source=6841&amp;app_name=PoliceSecretAgentCrimeGang&amp;gaid=931","activeCreativeID":"4788","scenes":["12","1","8","6","15","2","9"],"campaignAdType":"Native","title":"BCA","subTitle":"FW","description":"nope","adClickThroughText":"Link","productId":"","purchaseBit":0,"licenseKey":""},{"campaignID":"9131","attribution":0,"priority":"8","appToPromote":{"appToPromoteID":"17532","usesDefaultFrameImage":"0","usesDefaultCloseImage":"0","marketURL":"https:\/\/play.google.com\/store\/apps\/details?id=com.dhgate.buyermob","packageID":"com.dhgate.buyermob"},"showTemplate":1,"s2s_tracking_url":"https:\/\/tha.gotrackier.com\/click?campaign_id=63254\\u0026pub_id=75?p1=2007_9131_931&amp;source=6841&amp;app_name=PoliceSecretAgentCrimeGang&amp;gaid=931","activeCreativeID":"4483","scenes":["12","1","8","6","15","2","9"],"campaignAdType":"Interstitial","productId":"","purchaseBit":0,"licenseKey":""},{"campaignID":"8380","attribution_link":"","attribution":1,"priority":"7","appToPromote":{"appToPromoteID":"16480","usesDefaultFrameImage":"0","usesDefaultCloseImage":"0","marketURL":"https:\/\/play.google.com\/store\/apps\/details?id=com.nag.home.manager.working.virtual.mom","packageID":"com.GSS317.AmazingFamily"},"showTemplate":1,"s2s_tracking_url":"","activeCreativeID":"3720","scenes":["12","1","8","6","15","2","9"],"campaignAdType":"Interstitial","productId":"","purchaseBit":0,"licenseKey":""},{"campaignID":"444","attribution":0,"priority":"6","appToPromote":{"appToPromoteID":"3355","usesDefaultFrameImage":"0","usesDefaultCloseImage":"0","marketURL":"https:\/\/play.google.com\/store\/apps\/details?id=com.popnsons.parkour.mouse","packageID":"com.popnsons.parkour.mouse"},"showTemplate":1,"s2s_tracking_url":"https:\/\/play.google.com\/store\/apps\/details?id=com.popnsons.parkour.mouse","activeCreativeID":"469","scenes":["12","1","8","6","15","2","9"],"campaignAdType":"Interstitial","productId":"","purchaseBit":0,"licenseKey":""},{"campaignID":"561","attribution":0,"priority":"6","appToPromote":{"appToPromoteID":"5026","usesDefaultFrameImage":"0","usesDefaultCloseImage":"0","marketURL":"https:\/\/play.google.com\/store\/apps\/details?id=com.as.cashupapp","packageID":"com.as.cashupapp"},"showTemplate":1,"s2s_tracking_url":"https:\/\/play.google.com\/store\/apps\/details?id=com.as.cashupapp","activeCreativeID":"652","scenes":["12","1","8","6","15","2","9"],"campaignAdType":"Interstitial","productId":"","purchaseBit":0,"licenseKey":""},{"campaignID":"570","attribution":0,"priority":"6","appToPromote":{"appToPromoteID":"3802","usesDefaultFrameImage":"0","usesDefaultCloseImage":"0","marketURL":"https:\/\/play.google.com\/store\/apps\/details?id=com.Madxstudios.Flickshootsoccer","packageID":"com.Madxstudios.Flickshootsoccer"},"showTemplate":1,"s2s_tracking_url":"https:\/\/play.google.com\/store\/apps\/details?id=com.Madxstudios.Flickshootsoccer","activeCreativeID":"661","scenes":["12","1","8","6","15","2","9"],"campaignAdType":"Interstitial","productId":"","purchaseBit":0,"licenseKey":""},{"campaignID":"588","attribution":0,"priority":"6","appToPromote":{"appToPromoteID":"5026","usesDefaultFrameImage":"0","usesDefaultCloseImage":"0","marketURL":"https:\/\/play.google.com\/store\/apps\/details?id=com.as.cashupapp","packageID":"com.as.cashupapp"},"showTemplate":1,"s2s_tracking_url":"https:\/\/play.google.com\/store\/apps\/details?id=com.as.cashupapp","activeCreativeID":"652","scenes":["12","1","8","6","15","2","9"],"campaignAdType":"Interstitial","productId":"","purchaseBit":0,"licenseKey":""},{"campaignID":"8808","attribution_link":"","attribution":1,"priority":"5","appToPromote":{"appToPromoteID":"16528","usesDefaultFrameImage":"0","usesDefaultCloseImage":"0","marketURL":"https:\/\/play.google.com\/store\/apps\/details?id=com.bag.farm.day.village.farming.games","packageID":"com.GSS317.com.bag.farm.day.village.farming.games"},"showTemplate":1,"s2s_tracking_url":"","activeCreativeID":"3775","scenes":["12","1","8","6","15","2","9"],"campaignAdType":"Interstitial","productId":"","purchaseBit":0,"licenseKey":""},{"campaignID":"8876","attribution":0,"priority":"5","appToPromote":{"appToPromoteID":"15640","usesDefaultFrameImage":"0","usesDefaultCloseImage":"0","marketURL":"https:\/\/play.google.com\/store\/apps\/details?id=com.pgz.police.bike.stunt.ramp.bike.racing.games","packageID":"com.pgz.police.bike.stunt.ramp.bike.racing.games"},"showTemplate":1,"s2s_tracking_url":"https:\/\/play.google.com\/store\/apps\/details?id=com.pgz.police.bike.stunt.ramp.bike.racing.games","activeCreativeID":"4236","scenes":["12","1","8","6","15","2","9"],"campaignAdType":"Interstitial","productId":"","purchaseBit":0,"licenseKey":""},{"campaignID":"8972","attribution":0,"priority":"5","appToPromote":{"appToPromoteID":"15974","usesDefaultFrameImage":"0","usesDefaultCloseImage":"0","marketURL":"https:\/\/play.google.com\/store\/apps\/details?id=com.mustardgames.bmx.cycle.stunt.mega.ramp.impossibletracks","packageID":"com.mustardgames.bmx.cycle.stunt.mega.ramp.impossibletracks"},"showTemplate":1,"s2s_tracking_url":"https:\/\/play.google.com\/store\/apps\/details?id=com.mustardgames.bmx.cycle.stunt.mega.ramp.impossibletracks","activeCreativeID":"4339","scenes":["12","1","8","6","15","2","9"],"campaignAdType":"Interstitial","productId":"","purchaseBit":0,"licenseKey":""},{"campaignID":"8973","attribution":0,"priority":"5","appToPromote":{"appToPromoteID":"15974","usesDefaultFrameImage":"0","usesDefaultCloseImage":"0","marketURL":"https:\/\/play.google.com\/store\/apps\/details?id=com.mustardgames.bmx.cycle.stunt.mega.ramp.impossibletracks","packageID":"com.mustardgames.bmx.cycle.stunt.mega.ramp.impossibletracks"},"showTemplate":1,"s2s_tracking_url":"https:\/\/play.google.com\/store\/apps\/details?id=com.mustardgames.bmx.cycle.stunt.mega.ramp.impossibletracks","activeCreativeID":"4339","scenes":["12","1","8","6","15","2","9"],"campaignAdType":"Interstitial","productId":"","purchaseBit":0,"licenseKey":""},{"campaignID":"8974","attribution":0,"priority":"5","appToPromote":{"appToPromoteID":"15974","usesDefaultFrameImage":"0","usesDefaultCloseImage":"0","marketURL":"https:\/\/play.google.com\/store\/apps\/details?id=com.mustardgames.bmx.cycle.stunt.mega.ramp.impossibletracks","packageID":"com.mustardgames.bmx.cycle.stunt.mega.ramp.impossibletracks"},"showTemplate":1,"s2s_tracking_url":"https:\/\/play.google.com\/store\/apps\/details?id=com.mustardgames.bmx.cycle.stunt.mega.ramp.impossibletracks","activeCreativeID":"3564","scenes":["12","1","8","6","15","2","9"],"campaignAdType":"Video","productId":"","purchaseBit":0,"licenseKey":""},{"campaignID":"8747","attribution":0,"priority":"3","appToPromote":{"appToPromoteID":"16244","usesDefaultFrameImage":"0","usesDefaultCloseImage":"0","marketURL":"https:\/\/play.google.com\/store\/apps\/details?id=com.mustardgames.formula.car.racing.ramp.car.stunt.impossible.tracks","packageID":"com.mustardgames.formula.car.racing.ramp.car.stunt.impossible.tracks"},"showTemplate":1,"s2s_tracking_url":"https:\/\/play.google.com\/store\/apps\/details?id=com.mustardgames.formula.car.racing.ramp.car.stunt.impossible.tracks","activeCreativeID":"3993","scenes":["12","1","8","6","15","2","9"],"campaignAdType":"Video","productId":"","purchaseBit":0,"licenseKey":""},{"campaignID":"414","attribution":0,"priority":"3","appToPromote":{"appToPromoteID":"3023","usesDefaultFrameImage":"0","usesDefaultCloseImage":"0","marketURL":"https:\/\/play.google.com\/store\/apps\/details?id=com.appricot2d.rolo.pet.parrot","packageID":"com.appricot2d.rolo.pet.parrot"},"showTemplate":1,"s2s_tracking_url":"https:\/\/play.google.com\/store\/apps\/details?id=com.appricot2d.rolo.pet.parrot","activeCreativeID":"385","scenes":["12","1","8","6","15","2","9"],"campaignAdType":"Interstitial","productId":"","purchaseBit":0,"licenseKey":""},{"campaignID":"559","attribution":0,"priority":"3","appToPromote":{"appToPromoteID":"3476","usesDefaultFrameImage":"0","usesDefaultCloseImage":"0","marketURL":"https:\/\/play.google.com\/store\/apps\/details?id=com.perspectivegames.real.impossible.tracks.stunts","packageID":"com.perspectivegames.real.impossible.tracks.stunts"},"showTemplate":1,"s2s_tracking_url":"https:\/\/play.google.com\/store\/apps\/details?id=com.perspectivegames.real.impossible.tracks.stunts","activeCreativeID":"649","scenes":["12","1","8","6","15","2","9"],"campaignAdType":"Interstitial","productId":"","purchaseBit":0,"licenseKey":""},{"campaignID":"741","attribution":0,"priority":"3","appToPromote":{"appToPromoteID":"5609","usesDefaultFrameImage":"0","usesDefaultCloseImage":"0","marketURL":"https:\/\/play.google.com\/store\/apps\/details?id=com.kick.gyroscopic.city.train.driver.simulator","packageID":"com.kick.gyroscopic.city.train.driver.simulator"},"showTemplate":1,"s2s_tracking_url":"https:\/\/play.google.com\/store\/apps\/details?id=com.kick.gyroscopic.city.train.driver.simulator","activeCreativeID":"753","scenes":["12","1","8","6","15","2","9"],"campaignAdType":"Interstitial","productId":"","purchaseBit":0,"licenseKey":""},{"campaignID":"798","attribution":0,"priority":"3","appToPromote":{"appToPromoteID":"5770","usesDefaultFrameImage":"0","usesDefaultCloseImage":"0","marketURL":"https:\/\/play.google.com\/store\/apps\/details?id=com.simulatorgames3d.alohacelebrations","packageID":"com.simulatorgames3d.alohacelebrations"},"showTemplate":1,"s2s_tracking_url":"https:\/\/play.google.com\/store\/apps\/details?id=com.simulatorgames3d.alohacelebrations","activeCreativeID":"787","scenes":["12","1","8","6","15","2","9"],"campaignAdType":"Interstitial","productId":"","purchaseBit":0,"licenseKey":""},{"campaignID":"1483","attribution":0,"priority":"3","appToPromote":{"appToPromoteID":"1714","usesDefaultFrameImage":"1","usesDefaultCloseImage":"1","marketURL":"https:\/\/play.google.com\/store\/apps\/details?id=com.playink.cookie.maker","packageID":"com.playink.cookie.maker"},"showTemplate":1,"s2s_tracking_url":"https:\/\/play.google.com\/store\/apps\/details?id=com.playink.cookie.maker","activeCreativeID":"1020","scenes":["12","1","8","6","15","2","9"],"campaignAdType":"Interstitial","productId":"","purchaseBit":0,"licenseKey":""},{"campaignID":"8762","attribution":0,"priority":"2","appToPromote":{"appToPromoteID":"13265","usesDefaultFrameImage":"0","usesDefaultCloseImage":"0","marketURL":"https:\/\/play.google.com\/store\/apps\/details?id=com.rhg.tricky.bike.stunt.moto.master","packageID":"com.rhg.tricky.bike.stunt.moto.master"},"showTemplate":1,"s2s_tracking_url":"https:\/\/play.google.com\/store\/apps\/details?id=com.rhg.tricky.bike.stunt.moto.master","activeCreativeID":"4121","scenes":["12","1","8","6","15","2","9"],"campaignAdType":"Rewarded Video","productId":"","purchaseBit":0,"licenseKey":""},{"campaignID":"8879","attribution":0,"priority":"2","appToPromote":{"appToPromoteID":"15640","usesDefaultFrameImage":"0","usesDefaultCloseImage":"0","marketURL":"https:\/\/play.google.com\/store\/apps\/details?id=com.pgz.police.bike.stunt.ramp.bike.racing.games","packageID":"com.pgz.police.bike.stunt.ramp.bike.racing.games"},"showTemplate":1,"s2s_tracking_url":"https:\/\/play.google.com\/store\/apps\/details?id=com.pgz.police.bike.stunt.ramp.bike.racing.games","activeCreativeID":"4239","scenes":["12","1","8","6","15","2","9"],"campaignAdType":"Banner","productId":"","purchaseBit":0,"licenseKey":""},{"campaignID":"8971","attribution":0,"priority":"2","appToPromote":{"appToPromoteID":"15640","usesDefaultFrameImage":"0","usesDefaultCloseImage":"0","marketURL":"https:\/\/play.google.com\/store\/apps\/details?id=com.pgz.police.bike.stunt.ramp.bike.racing.games","packageID":"com.pgz.police.bike.stunt.ramp.bike.racing.games"},"showTemplate":1,"s2s_tracking_url":"https:\/\/play.google.com\/store\/apps\/details?id=com.pgz.police.bike.stunt.ramp.bike.racing.games","activeCreativeID":"4236","scenes":["12","1","8","6","15","2","9"],"campaignAdType":"Interstitial","productId":"","purchaseBit":0,"licenseKey":""},{"campaignID":"9366","attribution":0,"priority":"2","appToPromote":{"appToPromoteID":"17602","usesDefaultFrameImage":"0","usesDefaultCloseImage":"0","marketURL":"https:\/\/play.google.com\/store\/apps\/details?id=com.abaenglish.videoclass&amp;referrer=utm_source=42matters.com&amp;utm_medium=api","packageID":"com.abaenglish.videoclass"},"showTemplate":1,"s2s_tracking_url":"https:\/\/play.google.com\/store\/apps\/details?id=com.abaenglish.videoclass&amp;referrer=utm_source=42matters.com&amp;utm_medium=api","activeCreativeID":"4815","scenes":["12","1","8","6","15","2","9"],"campaignAdType":"Interstitial","productId":"","purchaseBit":0,"licenseKey":""},{"campaignID":"9367","attribution":0,"priority":"2","appToPromote":{"appToPromoteID":"17602","usesDefaultFrameImage":"0","usesDefaultCloseImage":"0","marketURL":"https:\/\/play.google.com\/store\/apps\/details?id=com.abaenglish.videoclass&amp;referrer=utm_source=42matters.com&amp;utm_medium=api","packageID":"com.abaenglish.videoclass"},"showTemplate":1,"s2s_tracking_url":"https:\/\/play.google.com\/store\/apps\/details?id=com.abaenglish.videoclass&amp;referrer=utm_source=42matters.com&amp;utm_medium=api","activeCreativeID":"4815","scenes":["12","1","8","6","15","2","9"],"campaignAdType":"Interstitial","productId":"","purchaseBit":0,"licenseKey":""},{"campaignID":"9368","attribution":0,"priority":"2","appToPromote":{"appToPromoteID":"17602","usesDefaultFrameImage":"0","usesDefaultCloseImage":"0","marketURL":"https:\/\/play.google.com\/store\/apps\/details?id=com.abaenglish.videoclass&amp;referrer=utm_source=42matters.com&amp;utm_medium=api","packageID":"com.abaenglish.videoclass"},"showTemplate":1,"s2s_tracking_url":"https:\/\/play.google.com\/store\/apps\/details?id=com.abaenglish.videoclass&amp;referrer=utm_source=42matters.com&amp;utm_medium=api","activeCreativeID":"4815","scenes":["12","1","8","6","15","2","9"],"campaignAdType":"Interstitial","productId":"","purchaseBit":0,"licenseKey":""},{"campaignID":"9369","attribution":0,"priority":"2","appToPromote":{"appToPromoteID":"17602","usesDefaultFrameImage":"0","usesDefaultCloseImage":"0","marketURL":"https:\/\/play.google.com\/store\/apps\/details?id=com.abaenglish.videoclass&amp;referrer=utm_source=42matters.com&amp;utm_medium=api","packageID":"com.abaenglish.videoclass"},"showTemplate":1,"s2s_tracking_url":"https:\/\/play.google.com\/store\/apps\/details?id=com.abaenglish.videoclass&amp;referrer=utm_source=42matters.com&amp;utm_medium=api","activeCreativeID":"4815","scenes":["12","1","8","6","15","2","9"],"campaignAdType":"Interstitial","productId":"","purchaseBit":0,"licenseKey":""},{"campaignID":"9370","attribution":0,"priority":"2","appToPromote":{"appToPromoteID":"17602","usesDefaultFrameImage":"0","usesDefaultCloseImage":"0","marketURL":"https:\/\/play.google.com\/store\/apps\/details?id=com.abaenglish.videoclass&amp;referrer=utm_source=42matters.com&amp;utm_medium=api","packageID":"com.abaenglish.videoclass"},"showTemplate":1,"s2s_tracking_url":"https:\/\/play.google.com\/store\/apps\/details?id=com.abaenglish.videoclass&amp;referrer=utm_source=42matters.com&amp;utm_medium=api","activeCreativeID":"4815","scenes":["12","1","8","6","15","2","9"],"campaignAdType":"Interstitial","productId":"","purchaseBit":0,"licenseKey":""}],"refreshAdRate":30,"mode":"Production","aspectRatio":"4_3","cdnPath":"https:\/\/df8ymybeo92md.cloudfront.net\/images\/","sentry_log":0,"local_logging":0,"sentry_dsn":"https:\/\/93ffa1c9a4124f67b8888a53265f751a:bbf998e04584477fa9a145838e9d3b26@sentry.io\/168994","sentry_initialization":1,"sentry_debugging":0,"bannerSizes":["1"],"aspectRatioVideo":"16_9","app_id":"2007","showPreRewardedDialogue":0,"showPostRewardedDialogue":0,"rewardCurrency":"coins","rewardValue":0,"isSkipable":0,"privacyPolicyURL":"https:\/\/www.consoliads.com\/privacy-policy\/","sessionToken":"u4ltvjtgwRt6noABt1M5gyXFPvHTHJOwTAZ7CXfUMZkANShVHlQbGgTkCSFANEFA8HY\/F6YkSqkiyjy0GzMG\/7tgNmAUxkCXUJDgWCFuR5mFxNfsAvZtwzKsAGAyonvKqBkW\/qPZIypfGLwSGgsV6SEzAo5xviIo+L69xUgJeWk="}
Session token value is set


{"appKey":"4d80502e5e231c73aef56bc16c23e28e","deviceID":"692","stats":[{"campaignID":115,"packageID":"com.tgp.multistorey.car.transporter.truck","sceneStats":[{"sceneID":"2","eventStats":"307,207,107,7,7,0,0"}]}],"sdkVersion":"2163","sessionToken":"u4ltvjtgwRt6noABt1M5gyXFPvHTHJOwTAZ7CXfUMZkANShVHlQbGgTkCSFANEFA8HY\/F6YkSqkiyjy0GzMG\/7tgNmAUxkCXUJDgWCFuR5mFxNfsAvZtwzKsAGAyonvKqBkW\/qPZIypfGLwSGgsV6SEzAo5xviIo+L69xUgJeWk="}
cache_ttl value is correct

Title value is correct

Title value is correct

Title value is correct

Title value is correct

Title value is correct

Title value is correct

Refresh Ad Rate value is correct
mode value is set

 Aspect ratio value is correct
sentry_log value is set
local_logging value is set
sentry_initialization value is set
sentry_debugging value is set
showPreRewardedDialogue value is set
showPostRewardedDialogue value is set
isSkipable value is set
{"cache_ttl":10080,"cache_ttl_rewarded":10080,"cache_ttl_banner":10080,"cache_ttl_native":10080,"cache_ttl_icon":10080,"campaigns":[{"campaignID":"8226","attribution":0,"priority":"8","appToPromote":{"appToPromoteID":"12623","usesDefaultFrameImage":"0","usesDefaultCloseImage":"0","marketURL":"https:\/\/play.google.com\/store\/apps\/details?id=com.igg.android.lordsmobile&amp;referrer=utm_source=42matters.com&amp;utm_medium=api","packageID":"com.nooribrand.android.lordsmobile"},"showTemplate":1,"s2s_tracking_url":"https:\/\/play.google.com\/store\/apps\/details?id=com.igg.android.lordsmobile&amp;referrer=utm_source=42matters.com&amp;utm_medium=api","activeCreativeID":"3557","scenes":["12","1","8","6","15","2"],"campaignAdType":"Icon","productId":"","purchaseBit":0,"licenseKey":""},{"campaignID":"8378","attribution":0,"priority":"8","appToPromote":{"appToPromoteID":"16480","usesDefaultFrameImage":"0","usesDefaultCloseImage":"0","marketURL":"https:\/\/play.google.com\/store\/apps\/details?id=com.nag.home.manager.working.virtual.mom","packageID":"com.GSS317.AmazingFamily"},"showTemplate":1,"s2s_tracking_url":"https:\/\/play.google.com\/store\/apps\/details?id=com.nag.home.manager.working.virtual.mom","activeCreativeID":"3720","scenes":["12","1","8","6","15","2"],"campaignAdType":"Interstitial","productId":"","purchaseBit":0,"licenseKey":""},{"campaignID":"8613","attribution":0,"priority":"8","appToPromote":{"appToPromoteID":"12623","usesDefaultFrameImage":"0","usesDefaultCloseImage":"0","marketURL":"https:\/\/play.google.com\/store\/apps\/details?id=com.igg.android.lordsmobile&amp;referrer=utm_source=42matters.com&amp;utm_medium=api","packageID":"com.nooribrand.android.lordsmobile"},"showTemplate":1,"s2s_tracking_url":"https:\/\/play.google.com\/store\/apps\/details?id=com.igg.android.lordsmobile&amp;referrer=utm_source=42matters.com&amp;utm_medium=api","activeCreativeID":"3557","scenes":["12","1","8","6","15","2"],"campaignAdType":"Icon","productId":"","purchaseBit":0,"licenseKey":""},{"campaignID":"9252","attribution":0,"priority":"8","appToPromote":{"appToPromoteID":"12315","usesDefaultFrameImage":"0","usesDefaultCloseImage":"0","marketURL":"google.com","packageID":"com.qabrand.plnative"},"showTemplate":1,"s2s_tracking_url":"google.com","activeCreativeID":"4683","scenes":["12","1","8","6","15","2"],"campaignAdType":"Native","title":"Native first","subTitle":"First ","description":"New description","adClickThroughText":"FIRST Button","productId":"","purchaseBit":0,"licenseKey":""},{"campaignID":"9253","attribution":0,"priority":"8","appToPromote":{"appToPromoteID":"12315","usesDefaultFrameImage":"0","usesDefaultCloseImage":"0","marketURL":"google.com","packageID":"com.qabrand.plnative"},"showTemplate":1,"s2s_tracking_url":"google.com","activeCreativeID":"4683","scenes":["12","1","8","6","15","2"],"campaignAdType":"Native","title":"Native first","subTitle":"First ","description":"New description","adClickThroughText":"FIRST Button","productId":"","purchaseBit":0,"licenseKey":""},{"campaignID":"9255","attribution":0,"priority":"8","appToPromote":{"appToPromoteID":"13274","usesDefaultFrameImage":"0","usesDefaultCloseImage":"0","marketURL":"https:\/\/play.google.com\/store\/apps\/details?id=com.facebook.katana","packageID":"com.salon.adsalon"},"showTemplate":1,"s2s_tracking_url":"https:\/\/play.google.com\/store\/apps\/details?id=com.facebook.katana","activeCreativeID":"4685","scenes":["12","1","8","6","15","2"],"campaignAdType":"Native","title":"native NA ","subTitle":"native NA ","description":"native NA added","adClickThroughText":"native NA ","productId":"","purchaseBit":0,"licenseKey":""},{"campaignID":"9257","attribution":0,"priority":"8","appToPromote":{"appToPromoteID":"12286","usesDefaultFrameImage":"0","usesDefaultCloseImage":"0","marketURL":"google.com","packageID":"com.qabrand.Chartboost_Native"},"showTemplate":1,"s2s_tracking_url":"google.com","activeCreativeID":"4688","scenes":["12","1","8","6","15","2"],"campaignAdType":"Native","title":"Native second updated","subTitle":"Native second ","description":"Native second details","adClickThroughText":"Native second ","productId":"","purchaseBit":0,"licenseKey":""},{"campaignID":"9263","attribution":0,"priority":"8","appToPromote":{"appToPromoteID":"12315","usesDefaultFrameImage":"0","usesDefaultCloseImage":"0","marketURL":"google.com","packageID":"com.qabrand.plnative"},"showTemplate":1,"s2s_tracking_url":"google.com","activeCreativeID":"4694","scenes":["12","1","8","6","15","2"],"campaignAdType":"Native","title":"test","subTitle":"test","description":" test details update","adClickThroughText":"test","productId":"","purchaseBit":0,"licenseKey":""},{"campaignID":"9547","attribution":0,"priority":"8","appToPromote":{"appToPromoteID":"11879","usesDefaultFrameImage":"0","usesDefaultCloseImage":"0","marketURL":"https:\/\/play.google.com\/store\/apps\/details?id=com.buntoo.car.racing.games","packageID":"com.buntoo.car.racing.games"},"showTemplate":1,"s2s_tracking_url":"https:\/\/play.google.com\/store\/apps\/details?id=com.buntoo.car.racing.games","activeCreativeID":"4964","scenes":["12","1","8","6","15","2"],"campaignAdType":"Interstitial","productId":"","purchaseBit":0,"licenseKey":""},{"campaignID":"9586","attribution":0,"priority":"8","appToPromote":{"appToPromoteID":"515","usesDefaultFrameImage":"1","usesDefaultCloseImage":"1","marketURL":"https:\/\/play.google.com\/store\/apps\/details?id=com.plum.cash.counter.simualtor","packageID":"com.plum.cash.counter.simualtor"},"showTemplate":1,"s2s_tracking_url":"https:\/\/play.google.com\/store\/apps\/details?id=com.plum.cash.counter.simualtor","activeCreativeID":"50","scenes":["12","1","8","6","15","2"],"campaignAdType":"Interstitial","productId":"","purchaseBit":0,"licenseKey":""},{"campaignID":"9587","attribution":0,"priority":"8","appToPromote":{"appToPromoteID":"515","usesDefaultFrameImage":"1","usesDefaultCloseImage":"1","marketURL":"https:\/\/play.google.com\/store\/apps\/details?id=com.plum.cash.counter.simualtor","packageID":"com.plum.cash.counter.simualtor"},"showTemplate":1,"s2s_tracking_url":"https:\/\/play.google.com\/store\/apps\/details?id=com.plum.cash.counter.simualtor","activeCreativeID":"50","scenes":["12","1","8","6","15","2"],"campaignAdType":"Interstitial","productId":"","purchaseBit":0,"licenseKey":""},{"campaignID":"9588","attribution":0,"priority":"8","appToPromote":{"appToPromoteID":"515","usesDefaultFrameImage":"1","usesDefaultCloseImage":"1","marketURL":"https:\/\/play.google.com\/store\/apps\/details?id=com.plum.cash.counter.simualtor","packageID":"com.plum.cash.counter.simualtor"},"showTemplate":1,"s2s_tracking_url":"https:\/\/play.google.com\/store\/apps\/details?id=com.plum.cash.counter.simualtor","activeCreativeID":"50","scenes":["12","1","8","6","15","2"],"campaignAdType":"Interstitial","productId":"","purchaseBit":0,"licenseKey":""},{"campaignID":"9589","attribution":0,"priority":"8","appToPromote":{"appToPromoteID":"515","usesDefaultFrameImage":"1","usesDefaultCloseImage":"1","marketURL":"https:\/\/play.google.com\/store\/apps\/details?id=com.plum.cash.counter.simualtor","packageID":"com.plum.cash.counter.simualtor"},"showTemplate":1,"s2s_tracking_url":"https:\/\/play.google.com\/store\/apps\/details?id=com.plum.cash.counter.simualtor","activeCreativeID":"50","scenes":["12","1","8","6","15","2"],"campaignAdType":"Interstitial","productId":"","purchaseBit":0,"licenseKey":""},{"campaignID":"9599","attribution":0,"priority":"8","appToPromote":{"appToPromoteID":"515","usesDefaultFrameImage":"1","usesDefaultCloseImage":"1","marketURL":"https:\/\/play.google.com\/store\/apps\/details?id=com.plum.cash.counter.simualtor","packageID":"com.plum.cash.counter.simualtor"},"showTemplate":1,"s2s_tracking_url":"https:\/\/play.google.com\/store\/apps\/details?id=com.plum.cash.counter.simualtor","activeCreativeID":"5001","scenes":["12","1","8","6","15","2"],"campaignAdType":"Icon","productId":"","purchaseBit":0,"licenseKey":""},{"campaignID":"9127","attribution":0,"priority":"8","appToPromote":{"appToPromoteID":"17528","usesDefaultFrameImage":"0","usesDefaultCloseImage":"0","marketURL":"https:\/\/play.google.com\/store\/apps\/details?id=net.one97.paytm","packageID":"net.one97.paytm"},"showTemplate":1,"s2s_tracking_url":"https:\/\/tha.gotrackier.com\/click?campaign_id=63249\\u0026pub_id=75?p1=2018_9127_692&amp;source=6841&amp;app_name=MultiTruckCarTransporter&amp;gaid=692","activeCreativeID":"4788","scenes":["12","1","8","6","15","2"],"campaignAdType":"Native","title":"BCA","subTitle":"FW","description":"nope","adClickThroughText":"Link","productId":"","purchaseBit":0,"licenseKey":""},{"campaignID":"9131","attribution":0,"priority":"8","appToPromote":{"appToPromoteID":"17532","usesDefaultFrameImage":"0","usesDefaultCloseImage":"0","marketURL":"https:\/\/play.google.com\/store\/apps\/details?id=com.dhgate.buyermob","packageID":"com.dhgate.buyermob"},"showTemplate":1,"s2s_tracking_url":"https:\/\/tha.gotrackier.com\/click?campaign_id=63254\\u0026pub_id=75?p1=2018_9131_692&amp;source=6841&amp;app_name=MultiTruckCarTransporter&amp;gaid=692","activeCreativeID":"4483","scenes":["12","1","8","6","15","2"],"campaignAdType":"Interstitial","productId":"","purchaseBit":0,"licenseKey":""},{"campaignID":"8380","attribution_link":"","attribution":1,"priority":"7","appToPromote":{"appToPromoteID":"16480","usesDefaultFrameImage":"0","usesDefaultCloseImage":"0","marketURL":"https:\/\/play.google.com\/store\/apps\/details?id=com.nag.home.manager.working.virtual.mom","packageID":"com.GSS317.AmazingFamily"},"showTemplate":1,"s2s_tracking_url":"","activeCreativeID":"3720","scenes":["12","1","8","6","15","2"],"campaignAdType":"Interstitial","productId":"","purchaseBit":0,"licenseKey":""},{"campaignID":"444","attribution":0,"priority":"6","appToPromote":{"appToPromoteID":"3355","usesDefaultFrameImage":"0","usesDefaultCloseImage":"0","marketURL":"https:\/\/play.google.com\/store\/apps\/details?id=com.popnsons.parkour.mouse","packageID":"com.popnsons.parkour.mouse"},"showTemplate":1,"s2s_tracking_url":"https:\/\/play.google.com\/store\/apps\/details?id=com.popnsons.parkour.mouse","activeCreativeID":"469","scenes":["12","1","8","6","15","2"],"campaignAdType":"Interstitial","productId":"","purchaseBit":0,"licenseKey":""},{"campaignID":"561","attribution":0,"priority":"6","appToPromote":{"appToPromoteID":"5026","usesDefaultFrameImage":"0","usesDefaultCloseImage":"0","marketURL":"https:\/\/play.google.com\/store\/apps\/details?id=com.as.cashupapp","packageID":"com.as.cashupapp"},"showTemplate":1,"s2s_tracking_url":"https:\/\/play.google.com\/store\/apps\/details?id=com.as.cashupapp","activeCreativeID":"652","scenes":["12","1","8","6","15","2"],"campaignAdType":"Interstitial","productId":"","purchaseBit":0,"licenseKey":""},{"campaignID":"570","attribution":0,"priority":"6","appToPromote":{"appToPromoteID":"3802","usesDefaultFrameImage":"0","usesDefaultCloseImage":"0","marketURL":"https:\/\/play.google.com\/store\/apps\/details?id=com.Madxstudios.Flickshootsoccer","packageID":"com.Madxstudios.Flickshootsoccer"},"showTemplate":1,"s2s_tracking_url":"https:\/\/play.google.com\/store\/apps\/details?id=com.Madxstudios.Flickshootsoccer","activeCreativeID":"661","scenes":["12","1","8","6","15","2"],"campaignAdType":"Interstitial","productId":"","purchaseBit":0,"licenseKey":""},{"campaignID":"588","attribution":0,"priority":"6","appToPromote":{"appToPromoteID":"5026","usesDefaultFrameImage":"0","usesDefaultCloseImage":"0","marketURL":"https:\/\/play.google.com\/store\/apps\/details?id=com.as.cashupapp","packageID":"com.as.cashupapp"},"showTemplate":1,"s2s_tracking_url":"https:\/\/play.google.com\/store\/apps\/details?id=com.as.cashupapp","activeCreativeID":"652","scenes":["12","1","8","6","15","2"],"campaignAdType":"Interstitial","productId":"","purchaseBit":0,"licenseKey":""},{"campaignID":"8808","attribution_link":"","attribution":1,"priority":"5","appToPromote":{"appToPromoteID":"16528","usesDefaultFrameImage":"0","usesDefaultCloseImage":"0","marketURL":"https:\/\/play.google.com\/store\/apps\/details?id=com.bag.farm.day.village.farming.games","packageID":"com.GSS317.com.bag.farm.day.village.farming.games"},"showTemplate":1,"s2s_tracking_url":"","activeCreativeID":"3775","scenes":["12","1","8","6","15","2"],"campaignAdType":"Interstitial","productId":"","purchaseBit":0,"licenseKey":""},{"campaignID":"8973","attribution":0,"priority":"5","appToPromote":{"appToPromoteID":"15974","usesDefaultFrameImage":"0","usesDefaultCloseImage":"0","marketURL":"https:\/\/play.google.com\/store\/apps\/details?id=com.mustardgames.bmx.cycle.stunt.mega.ramp.impossibletracks","packageID":"com.mustardgames.bmx.cycle.stunt.mega.ramp.impossibletracks"},"showTemplate":1,"s2s_tracking_url":"https:\/\/play.google.com\/store\/apps\/details?id=com.mustardgames.bmx.cycle.stunt.mega.ramp.impossibletracks","activeCreativeID":"4339","scenes":["12","1","8","6","15","2"],"campaignAdType":"Interstitial","productId":"","purchaseBit":0,"licenseKey":""},{"campaignID":"557","attribution":0,"priority":"4","appToPromote":{"appToPromoteID":"4959","usesDefaultFrameImage":"0","usesDefaultCloseImage":"0","marketURL":"https:\/\/play.google.com\/store\/apps\/details?id=com.jet.plane.surfers.joyride.dash","packageID":"com.jet.plane.surfers.joyride.dash"},"showTemplate":1,"s2s_tracking_url":"https:\/\/play.google.com\/store\/apps\/details?id=com.jet.plane.surfers.joyride.dash","activeCreativeID":"645","scenes":["12","1","8","6","15","2"],"campaignAdType":"Interstitial","productId":"","purchaseBit":0,"licenseKey":""},{"campaignID":"414","attribution":0,"priority":"3","appToPromote":{"appToPromoteID":"3023","usesDefaultFrameImage":"0","usesDefaultCloseImage":"0","marketURL":"https:\/\/play.google.com\/store\/apps\/details?id=com.appricot2d.rolo.pet.parrot","packageID":"com.appricot2d.rolo.pet.parrot"},"showTemplate":1,"s2s_tracking_url":"https:\/\/play.google.com\/store\/apps\/details?id=com.appricot2d.rolo.pet.parrot","activeCreativeID":"385","scenes":["12","1","8","6","15","2"],"campaignAdType":"Interstitial","productId":"","purchaseBit":0,"licenseKey":""},{"campaignID":"559","attribution":0,"priority":"3","appToPromote":{"appToPromoteID":"3476","usesDefaultFrameImage":"0","usesDefaultCloseImage":"0","marketURL":"https:\/\/play.google.com\/store\/apps\/details?id=com.perspectivegames.real.impossible.tracks.stunts","packageID":"com.perspectivegames.real.impossible.tracks.stunts"},"showTemplate":1,"s2s_tracking_url":"https:\/\/play.google.com\/store\/apps\/details?id=com.perspectivegames.real.impossible.tracks.stunts","activeCreativeID":"649","scenes":["12","1","8","6","15","2"],"campaignAdType":"Interstitial","productId":"","purchaseBit":0,"licenseKey":""},{"campaignID":"741","attribution":0,"priority":"3","appToPromote":{"appToPromoteID":"5609","usesDefaultFrameImage":"0","usesDefaultCloseImage":"0","marketURL":"https:\/\/play.google.com\/store\/apps\/details?id=com.kick.gyroscopic.city.train.driver.simulator","packageID":"com.kick.gyroscopic.city.train.driver.simulator"},"showTemplate":1,"s2s_tracking_url":"https:\/\/play.google.com\/store\/apps\/details?id=com.kick.gyroscopic.city.train.driver.simulator","activeCreativeID":"753","scenes":["12","1","8","6","15","2"],"campaignAdType":"Interstitial","productId":"","purchaseBit":0,"licenseKey":""},{"campaignID":"798","attribution":0,"priority":"3","appToPromote":{"appToPromoteID":"5770","usesDefaultFrameImage":"0","usesDefaultCloseImage":"0","marketURL":"https:\/\/play.google.com\/store\/apps\/details?id=com.simulatorgames3d.alohacelebrations","packageID":"com.simulatorgames3d.alohacelebrations"},"showTemplate":1,"s2s_tracking_url":"https:\/\/play.google.com\/store\/apps\/details?id=com.simulatorgames3d.alohacelebrations","activeCreativeID":"787","scenes":["12","1","8","6","15","2"],"campaignAdType":"Interstitial","productId":"","purchaseBit":0,"licenseKey":""},{"campaignID":"1483","attribution":0,"priority":"3","appToPromote":{"appToPromoteID":"1714","usesDefaultFrameImage":"1","usesDefaultCloseImage":"1","marketURL":"https:\/\/play.google.com\/store\/apps\/details?id=com.playink.cookie.maker","packageID":"com.playink.cookie.maker"},"showTemplate":1,"s2s_tracking_url":"https:\/\/play.google.com\/store\/apps\/details?id=com.playink.cookie.maker","activeCreativeID":"1020","scenes":["12","1","8","6","15","2"],"campaignAdType":"Interstitial","productId":"","purchaseBit":0,"licenseKey":""},{"campaignID":"8762","attribution":0,"priority":"2","appToPromote":{"appToPromoteID":"13265","usesDefaultFrameImage":"0","usesDefaultCloseImage":"0","marketURL":"https:\/\/play.google.com\/store\/apps\/details?id=com.rhg.tricky.bike.stunt.moto.master","packageID":"com.rhg.tricky.bike.stunt.moto.master"},"showTemplate":1,"s2s_tracking_url":"https:\/\/play.google.com\/store\/apps\/details?id=com.rhg.tricky.bike.stunt.moto.master","activeCreativeID":"4121","scenes":["12","1","8","6","15","2"],"campaignAdType":"Rewarded Video","productId":"","purchaseBit":0,"licenseKey":""},{"campaignID":"9366","attribution":0,"priority":"2","appToPromote":{"appToPromoteID":"17602","usesDefaultFrameImage":"0","usesDefaultCloseImage":"0","marketURL":"https:\/\/play.google.com\/store\/apps\/details?id=com.abaenglish.videoclass&amp;referrer=utm_source=42matters.com&amp;utm_medium=api","packageID":"com.abaenglish.videoclass"},"showTemplate":1,"s2s_tracking_url":"https:\/\/play.google.com\/store\/apps\/details?id=com.abaenglish.videoclass&amp;referrer=utm_source=42matters.com&amp;utm_medium=api","activeCreativeID":"4815","scenes":["12","1","8","6","15","2"],"campaignAdType":"Interstitial","productId":"","purchaseBit":0,"licenseKey":""}],"refreshAdRate":30,"mode":"Production","aspectRatio":"4_3","cdnPath":"https:\/\/df8ymybeo92md.cloudfront.net\/images\/","sentry_log":0,"local_logging":0,"sentry_dsn":"https:\/\/93ffa1c9a4124f67b8888a53265f751a:bbf998e04584477fa9a145838e9d3b26@sentry.io\/168994","sentry_initialization":1,"sentry_debugging":0,"bannerSizes":["1"],"aspectRatioVideo":"16_9","app_id":"2018","showPreRewardedDialogue":0,"showPostRewardedDialogue":0,"rewardCurrency":"coins","rewardValue":0,"isSkipable":0,"privacyPolicyURL":"https:\/\/www.consoliads.com\/privacy-policy\/","sessionToken":"ulksJO9O0WP1kv6ZRBUV5YpB+xqwA+Msm\/rd\/nfFWJfJmZas+E69KfSZGKFdAXkt4MMilGq52qm0to1lRSorP0PtHrpp6AjKxhGykii0dwQ5LGxyUz3+VTkJ8NqKnHnPEvGVJsqV7JWjFpvV3cWSIvqE1mfpqVEqRDnJabkS8nQ="}
Session token value is set


{"appKey":"ea3a1008bf37134982acf7e675d170bc","deviceID":"3276","stats":[{"campaignID":116,"packageID":"com.whitesand.military.academy","sceneStats":[{"sceneID":"9","eventStats":"333,233,133,33,33,0,0"}]}],"sdkVersion":"39","sessionToken":"ulksJO9O0WP1kv6ZRBUV5YpB+xqwA+Msm\/rd\/nfFWJfJmZas+E69KfSZGKFdAXkt4MMilGq52qm0to1lRSorP0PtHrpp6AjKxhGykii0dwQ5LGxyUz3+VTkJ8NqKnHnPEvGVJsqV7JWjFpvV3cWSIvqE1mfpqVEqRDnJabkS8nQ="}
cache_ttl value is correct

Refresh Ad Rate value is correct
mode value is set

 Aspect ratio value is correct
sentry_log value is set
local_logging value is set
sentry_initialization value is set
sentry_debugging value is set
showPreRewardedDialogue value is set
showPostRewardedDialogue value is set
isSkipable value is set
{"cache_ttl":10080,"cache_ttl_rewarded":10080,"cache_ttl_banner":10080,"cache_ttl_native":10080,"cache_ttl_icon":10080,"refreshAdRate":30,"mode":"Production","aspectRatio":"4_3","cdnPath":"https:\/\/df8ymybeo92md.cloudfront.net\/images\/","sentry_log":0,"local_logging":0,"sentry_dsn":"https:\/\/93ffa1c9a4124f67b8888a53265f751a:bbf998e04584477fa9a145838e9d3b26@sentry.io\/168994","sentry_initialization":1,"sentry_debugging":0,"bannerSizes":["5"],"aspectRatioVideo":"16_9","app_id":"1999","showPreRewardedDialogue":0,"showPostRewardedDialogue":0,"rewardCurrency":"coins","rewardValue":0,"isSkipable":0,"privacyPolicyURL":"https:\/\/www.consoliads.com\/privacy-policy\/","sessionToken":"ebikX2GydHQVdcdx\/gTKltwgRT4zQjpMfco\/GbocAohqAyB2sBrKL9CrbCeTStBPi4vt17aVoRDAC4lgHucxMB8PT\/3B4QjTmgB9yy0z+vW0Eu7q0qZ9bMOkoxNY51qjuy6HHqnUamgCV6uOvAobUYRBrKztKEuK8GZI9K7crb0="}
Session token value is set


{"appKey":"9df632233aa0ab875abe5f3677328817","deviceID":"703","stats":[{"campaignID":121,"packageID":"com.whitesand.underwater.shark.sniper.hunter","sceneStats":[{"sceneID":"2","eventStats":"307,207,107,7,7,0,0"}]}],"sdkVersion":"90","sessionToken":"ebikX2GydHQVdcdx\/gTKltwgRT4zQjpMfco\/GbocAohqAyB2sBrKL9CrbCeTStBPi4vt17aVoRDAC4lgHucxMB8PT\/3B4QjTmgB9yy0z+vW0Eu7q0qZ9bMOkoxNY51qjuy6HHqnUamgCV6uOvAobUYRBrKztKEuK8GZI9K7crb0="}
cache_ttl value is correct

Refresh Ad Rate value is correct
mode value is set

 Aspect ratio value is correct
sentry_log value is set
local_logging value is set
sentry_initialization value is set
sentry_debugging value is set
showPreRewardedDialogue value is set
showPostRewardedDialogue value is set
isSkipable value is set
{"cache_ttl":10080,"cache_ttl_rewarded":10080,"cache_ttl_banner":10080,"cache_ttl_native":10080,"cache_ttl_icon":10080,"refreshAdRate":30,"mode":"Production","aspectRatio":"4_3","cdnPath":"https:\/\/df8ymybeo92md.cloudfront.net\/images\/","sentry_log":0,"local_logging":0,"sentry_dsn":"https:\/\/93ffa1c9a4124f67b8888a53265f751a:bbf998e04584477fa9a145838e9d3b26@sentry.io\/168994","sentry_initialization":1,"sentry_debugging":0,"bannerSizes":["5"],"aspectRatioVideo":"16_9","app_id":"2141","showPreRewardedDialogue":0,"showPostRewardedDialogue":0,"rewardCurrency":"coins","rewardValue":0,"isSkipable":0,"privacyPolicyURL":"https:\/\/www.consoliads.com\/privacy-policy\/","sessionToken":"CeeQ3Eo3TNM53axDYPh0vylcr+jHSQCD\/HcfiA7GvV+CAWSTXMwsgSQYGMk5FNZYFPHHtdOZ9l1M9lYKdmBIZkjYz8VQLe9Ns9DHN5iD9BII\/OpdUJPC9vA8qayliWcuZWAgbQjvMmmN\/FwJWyMmFKIJhRUXrYMPZAvegkZbYtc="}
Session token value is set


{"appKey":"7d25f21b1692382e5507c792271446d8","deviceID":"6385","stats":[{"campaignID":123,"packageID":"com.mizo.taxi.driving.simII","sceneStats":[{"sceneID":"16","eventStats":"364,264,164,64,64,0,0"}]}],"sdkVersion":"90","sessionToken":"CeeQ3Eo3TNM53axDYPh0vylcr+jHSQCD\/HcfiA7GvV+CAWSTXMwsgSQYGMk5FNZYFPHHtdOZ9l1M9lYKdmBIZkjYz8VQLe9Ns9DHN5iD9BII\/OpdUJPC9vA8qayliWcuZWAgbQjvMmmN\/FwJWyMmFKIJhRUXrYMPZAvegkZbYtc="}
cache_ttl value is correct

Refresh Ad Rate value is correct
mode value is set

 Aspect ratio value is correct
sentry_log value is set
local_logging value is set
sentry_initialization value is set
sentry_debugging value is set
showPreRewardedDialogue value is set
showPostRewardedDialogue value is set
isSkipable value is set
{"cache_ttl":10080,"cache_ttl_rewarded":10080,"cache_ttl_banner":10080,"cache_ttl_native":10080,"cache_ttl_icon":10080,"campaigns":[{"campaignID":"9277","attribution_link":"","attribution":1,"priority":"5","appToPromote":{"appToPromoteID":"17609","usesDefaultFrameImage":"0","usesDefaultCloseImage":"0","marketURL":"https:\/\/smartbear.com\/learn\/automated-testing\/test-automation-frameworks\/","packageID":"com.buntoo.buntooAd"},"showTemplate":1,"s2s_tracking_url":"","activeCreativeID":"4702","scenes":["1","2","6","4"],"campaignAdType":"Interstitial","productId":"","purchaseBit":0,"licenseKey":""},{"campaignID":"9278","attribution":0,"priority":"5","appToPromote":{"appToPromoteID":"17609","usesDefaultFrameImage":"0","usesDefaultCloseImage":"0","marketURL":"https:\/\/smartbear.com\/learn\/automated-testing\/test-automation-frameworks\/","packageID":"com.buntoo.buntooAd"},"showTemplate":1,"s2s_tracking_url":"https:\/\/smartbear.com\/learn\/automated-testing\/test-automation-frameworks\/","activeCreativeID":"4701","scenes":["1","2","6","4"],"campaignAdType":"Interstitial","productId":"","purchaseBit":0,"licenseKey":""},{"campaignID":"9279","attribution":0,"priority":"5","appToPromote":{"appToPromoteID":"17609","usesDefaultFrameImage":"0","usesDefaultCloseImage":"0","marketURL":"https:\/\/smartbear.com\/learn\/automated-testing\/test-automation-frameworks\/","packageID":"com.buntoo.buntooAd"},"showTemplate":1,"s2s_tracking_url":"https:\/\/smartbear.com\/learn\/automated-testing\/test-automation-frameworks\/","activeCreativeID":"4701","scenes":["1","2","6","4"],"campaignAdType":"Interstitial","productId":"","purchaseBit":0,"licenseKey":""},{"campaignID":"9280","attribution":0,"priority":"5","appToPromote":{"appToPromoteID":"17609","usesDefaultFrameImage":"0","usesDefaultCloseImage":"0","marketURL":"https:\/\/smartbear.com\/learn\/automated-testing\/test-automation-frameworks\/","packageID":"com.buntoo.buntooAd"},"showTemplate":1,"s2s_tracking_url":"https:\/\/smartbear.com\/learn\/automated-testing\/test-automation-frameworks\/","activeCreativeID":"4701","scenes":["1","2","6","4"],"campaignAdType":"Interstitial","productId":"","purchaseBit":0,"licenseKey":""},{"campaignID":"9281","attribution":0,"priority":"5","appToPromote":{"appToPromoteID":"17609","usesDefaultFrameImage":"0","usesDefaultCloseImage":"0","marketURL":"https:\/\/smartbear.com\/learn\/automated-testing\/test-automation-frameworks\/","packageID":"com.buntoo.buntooAd"},"showTemplate":1,"s2s_tracking_url":"https:\/\/smartbear.com\/learn\/automated-testing\/test-automation-frameworks\/","activeCreativeID":"4701","scenes":["1","2","6","4"],"campaignAdType":"Interstitial","productId":"","purchaseBit":0,"licenseKey":""},{"campaignID":"9282","attribution":0,"priority":"5","appToPromote":{"appToPromoteID":"17609","usesDefaultFrameImage":"0","usesDefaultCloseImage":"0","marketURL":"https:\/\/smartbear.com\/learn\/automated-testing\/test-automation-frameworks\/","packageID":"com.buntoo.buntooAd"},"showTemplate":1,"s2s_tracking_url":"https:\/\/smartbear.com\/learn\/automated-testing\/test-automation-frameworks\/","activeCreativeID":"4701","scenes":["1","2","6","4"],"campaignAdType":"Interstitial","productId":"","purchaseBit":0,"licenseKey":""},{"campaignID":"9283","attribution":0,"priority":"5","appToPromote":{"appToPromoteID":"17609","usesDefaultFrameImage":"0","usesDefaultCloseImage":"0","marketURL":"https:\/\/smartbear.com\/learn\/automated-testing\/test-automation-frameworks\/","packageID":"com.buntoo.buntooAd"},"showTemplate":1,"s2s_tracking_url":"https:\/\/smartbear.com\/learn\/automated-testing\/test-automation-frameworks\/","activeCreativeID":"4701","scenes":["1","2","6","4"],"campaignAdType":"Interstitial","productId":"","purchaseBit":0,"licenseKey":""},{"campaignID":"9285","attribution":0,"priority":"5","appToPromote":{"appToPromoteID":"14746","usesDefaultFrameImage":"0","usesDefaultCloseImage":"0","marketURL":"https:\/\/play.google.com\/store\/apps\/details?id=com.buntoo.army.bus.parking","packageID":"com.buntoo.army.bus.parking"},"showTemplate":1,"s2s_tracking_url":"https:\/\/play.google.com\/store\/apps\/details?id=com.buntoo.army.bus.parking","activeCreativeID":"4710","scenes":["1","2","6","4"],"campaignAdType":"Interstitial","productId":"","purchaseBit":0,"licenseKey":""},{"campaignID":"9287","attribution":0,"priority":"5","appToPromote":{"appToPromoteID":"14746","usesDefaultFrameImage":"0","usesDefaultCloseImage":"0","marketURL":"https:\/\/play.google.com\/store\/apps\/details?id=com.buntoo.army.bus.parking","packageID":"com.buntoo.army.bus.parking"},"showTemplate":1,"s2s_tracking_url":"https:\/\/play.google.com\/store\/apps\/details?id=com.buntoo.army.bus.parking","activeCreativeID":"4710","scenes":["1","2","6","4"],"campaignAdType":"Interstitial","productId":"","purchaseBit":0,"licenseKey":""},{"campaignID":"9289","attribution":0,"priority":"5","appToPromote":{"appToPromoteID":"17609","usesDefaultFrameImage":"0","usesDefaultCloseImage":"0","marketURL":"https:\/\/smartbear.com\/learn\/automated-testing\/test-automation-frameworks\/","packageID":"com.buntoo.buntooAd"},"showTemplate":1,"s2s_tracking_url":"https:\/\/smartbear.com\/learn\/automated-testing\/test-automation-frameworks\/","activeCreativeID":"4701","scenes":["1","2","6","4"],"campaignAdType":"Interstitial","productId":"","purchaseBit":0,"licenseKey":""},{"campaignID":"9290","attribution":0,"priority":"5","appToPromote":{"appToPromoteID":"17609","usesDefaultFrameImage":"0","usesDefaultCloseImage":"0","marketURL":"https:\/\/smartbear.com\/learn\/automated-testing\/test-automation-frameworks\/","packageID":"com.buntoo.buntooAd"},"showTemplate":1,"s2s_tracking_url":"https:\/\/smartbear.com\/learn\/automated-testing\/test-automation-frameworks\/","activeCreativeID":"4701","scenes":["1","2","6","4"],"campaignAdType":"Interstitial","productId":"","purchaseBit":0,"licenseKey":""},{"campaignID":"9293","attribution":0,"priority":"5","appToPromote":{"appToPromoteID":"17609","usesDefaultFrameImage":"0","usesDefaultCloseImage":"0","marketURL":"https:\/\/smartbear.com\/learn\/automated-testing\/test-automation-frameworks\/","packageID":"com.buntoo.buntooAd"},"showTemplate":1,"s2s_tracking_url":"https:\/\/smartbear.com\/learn\/automated-testing\/test-automation-frameworks\/","activeCreativeID":"4701","scenes":["1","2","6","4"],"campaignAdType":"Interstitial","productId":"","purchaseBit":0,"licenseKey":""},{"campaignID":"9296","attribution":0,"priority":"5","appToPromote":{"appToPromoteID":"17609","usesDefaultFrameImage":"0","usesDefaultCloseImage":"0","marketURL":"https:\/\/smartbear.com\/learn\/automated-testing\/test-automation-frameworks\/","packageID":"com.buntoo.buntooAd"},"showTemplate":1,"s2s_tracking_url":"https:\/\/smartbear.com\/learn\/automated-testing\/test-automation-frameworks\/","activeCreativeID":"4701","scenes":["1","2","6","4"],"campaignAdType":"Interstitial","productId":"","purchaseBit":0,"licenseKey":""},{"campaignID":"9297","attribution":0,"priority":"5","appToPromote":{"appToPromoteID":"17609","usesDefaultFrameImage":"0","usesDefaultCloseImage":"0","marketURL":"https:\/\/smartbear.com\/learn\/automated-testing\/test-automation-frameworks\/","packageID":"com.buntoo.buntooAd"},"showTemplate":1,"s2s_tracking_url":"https:\/\/smartbear.com\/learn\/automated-testing\/test-automation-frameworks\/","activeCreativeID":"4701","scenes":["1","2","6","4"],"campaignAdType":"Interstitial","productId":"","purchaseBit":0,"licenseKey":""},{"campaignID":"9299","attribution":0,"priority":"5","appToPromote":{"appToPromoteID":"17609","usesDefaultFrameImage":"0","usesDefaultCloseImage":"0","marketURL":"https:\/\/smartbear.com\/learn\/automated-testing\/test-automation-frameworks\/","packageID":"com.buntoo.buntooAd"},"showTemplate":1,"s2s_tracking_url":"https:\/\/smartbear.com\/learn\/automated-testing\/test-automation-frameworks\/","activeCreativeID":"4701","scenes":["1","2","6","4"],"campaignAdType":"Interstitial","productId":"","purchaseBit":0,"licenseKey":""},{"campaignID":"9301","attribution":0,"priority":"5","appToPromote":{"appToPromoteID":"17609","usesDefaultFrameImage":"0","usesDefaultCloseImage":"0","marketURL":"https:\/\/smartbear.com\/learn\/automated-testing\/test-automation-frameworks\/","packageID":"com.buntoo.buntooAd"},"showTemplate":1,"s2s_tracking_url":"https:\/\/smartbear.com\/learn\/automated-testing\/test-automation-frameworks\/","activeCreativeID":"4701","scenes":["1","2","6","4"],"campaignAdType":"Interstitial","productId":"","purchaseBit":0,"licenseKey":""},{"campaignID":"9305","attribution":0,"priority":"5","appToPromote":{"appToPromoteID":"14746","usesDefaultFrameImage":"0","usesDefaultCloseImage":"0","marketURL":"https:\/\/play.google.com\/store\/apps\/details?id=com.buntoo.army.bus.parking","packageID":"com.buntoo.army.bus.parking"},"showTemplate":1,"s2s_tracking_url":"https:\/\/play.google.com\/store\/apps\/details?id=com.buntoo.army.bus.parking","activeCreativeID":"4710","scenes":["1","2","6","4"],"campaignAdType":"Interstitial","productId":"","purchaseBit":0,"licenseKey":""},{"campaignID":"48","attribution":0,"priority":"5","appToPromote":{"appToPromoteID":"1074","usesDefaultFrameImage":"1","usesDefaultCloseImage":"1","marketURL":"https:\/\/play.google.com\/store\/apps\/details?id=com.mizo.construction.crane.hill.climb","packageID":"com.mizo.construction.crane.hill.climb"},"showTemplate":1,"s2s_tracking_url":"https:\/\/play.google.com\/store\/apps\/details?id=com.mizo.construction.crane.hill.climb","activeCreativeID":"65","scenes":["1","2","6","4"],"campaignAdType":"Interstitial","productId":"","purchaseBit":0,"licenseKey":""},{"campaignID":"50","attribution":0,"priority":"5","appToPromote":{"appToPromoteID":"1221","usesDefaultFrameImage":"1","usesDefaultCloseImage":"1","marketURL":"https:\/\/play.google.com\/store\/apps\/details?id=com.mizo.offroad.hill.climb","packageID":"com.mizo.offroad.hill.climb"},"showTemplate":1,"s2s_tracking_url":"https:\/\/play.google.com\/store\/apps\/details?id=com.mizo.offroad.hill.climb","activeCreativeID":"67","scenes":["1","2","6","4"],"campaignAdType":"Interstitial","productId":"","purchaseBit":0,"licenseKey":""},{"campaignID":"67","attribution":0,"priority":"5","appToPromote":{"appToPromoteID":"1306","usesDefaultFrameImage":"1","usesDefaultCloseImage":"1","marketURL":"https:\/\/play.google.com\/store\/apps\/details?id=com.mizo.extreme.heavy.truck","packageID":"com.mizo.extreme.heavy.truck"},"showTemplate":1,"s2s_tracking_url":"https:\/\/play.google.com\/store\/apps\/details?id=com.mizo.extreme.heavy.truck","activeCreativeID":"85","scenes":["1","2","6","4"],"campaignAdType":"Interstitial","productId":"","purchaseBit":0,"licenseKey":""},{"campaignID":"73","attribution":0,"priority":"5","appToPromote":{"appToPromoteID":"1458","usesDefaultFrameImage":"1","usesDefaultCloseImage":"1","marketURL":"https:\/\/play.google.com\/store\/apps\/details?id=com.mizo.army.prisoner.transport.simulator","packageID":"com.mizo.army.prisoner.transport.simulator"},"showTemplate":1,"s2s_tracking_url":"https:\/\/play.google.com\/store\/apps\/details?id=com.mizo.army.prisoner.transport.simulator","activeCreativeID":"93","scenes":["1","2","6","4"],"campaignAdType":"Interstitial","productId":"","purchaseBit":0,"licenseKey":""},{"campaignID":"74","attribution":0,"priority":"5","appToPromote":{"appToPromoteID":"1449","usesDefaultFrameImage":"1","usesDefaultCloseImage":"1","marketURL":"https:\/\/play.google.com\/store\/apps\/details?id=com.brilliantgamez.army.prisoners.transport.plane","packageID":"com.brilliantgamez.army.prisoners.transport.plane"},"showTemplate":1,"s2s_tracking_url":"https:\/\/play.google.com\/store\/apps\/details?id=com.brilliantgamez.army.prisoners.transport.plane","activeCreativeID":"94","scenes":["1","2","6","4"],"campaignAdType":"Interstitial","productId":"","purchaseBit":0,"licenseKey":""},{"campaignID":"78","attribution":0,"priority":"5","appToPromote":{"appToPromoteID":"1632","usesDefaultFrameImage":"1","usesDefaultCloseImage":"1","marketURL":"https:\/\/play.google.com\/store\/apps\/details?id=com.mizo.road.builder.city.construction","packageID":"com.mizo.road.builder.city.construction"},"showTemplate":1,"s2s_tracking_url":"https:\/\/play.google.com\/store\/apps\/details?id=com.mizo.road.builder.city.construction","activeCreativeID":"97","scenes":["1","2","6","4"],"campaignAdType":"Interstitial","productId":"","purchaseBit":0,"licenseKey":""},{"campaignID":"80","attribution":0,"priority":"5","appToPromote":{"appToPromoteID":"1675","usesDefaultFrameImage":"1","usesDefaultCloseImage":"1","marketURL":"https:\/\/play.google.com\/store\/apps\/details?id=com.mizo.flip.bottle.shooting.expert","packageID":"com.mizo.flip.bottle.shooting.expert"},"showTemplate":1,"s2s_tracking_url":"https:\/\/play.google.com\/store\/apps\/details?id=com.mizo.flip.bottle.shooting.expert","activeCreativeID":"100","scenes":["1","2","6","4"],"campaignAdType":"Interstitial","productId":"","purchaseBit":0,"licenseKey":""},{"campaignID":"110","attribution":0,"priority":"5","appToPromote":{"appToPromoteID":"1853","usesDefaultFrameImage":"1","usesDefaultCloseImage":"1","marketURL":"https:\/\/play.google.com\/store\/apps\/details?id=com.mizo.police.airplane.transporter","packageID":"com.mizo.police.airplane.transporter"},"showTemplate":1,"s2s_tracking_url":"https:\/\/play.google.com\/store\/apps\/details?id=com.mizo.police.airplane.transporter","activeCreativeID":"137","scenes":["1","2","6","4"],"campaignAdType":"Interstitial","productId":"","purchaseBit":0,"licenseKey":""},{"campaignID":"143","attribution":0,"priority":"5","appToPromote":{"appToPromoteID":"2089","usesDefaultFrameImage":"0","usesDefaultCloseImage":"0","marketURL":"https:\/\/play.google.com\/store\/apps\/details?id=com.mizo.sports.car.mechanic","packageID":"com.mizo.sports.car.mechanic"},"showTemplate":1,"s2s_tracking_url":"https:\/\/play.google.com\/store\/apps\/details?id=com.mizo.sports.car.mechanic","activeCreativeID":"184","scenes":["1","2","6","4"],"campaignAdType":"Interstitial","productId":"","purchaseBit":0,"licenseKey":""},{"campaignID":"147","attribution":0,"priority":"5","appToPromote":{"appToPromoteID":"2085","usesDefaultFrameImage":"0","usesDefaultCloseImage":"0","marketURL":"https:\/\/play.google.com\/store\/apps\/details?id=com.mizo.robot.gang.mafia","packageID":"com.mizo.robot.gang.mafia"},"showTemplate":1,"s2s_tracking_url":"https:\/\/play.google.com\/store\/apps\/details?id=com.mizo.robot.gang.mafia","activeCreativeID":"188","scenes":["1","2","6","4"],"campaignAdType":"Interstitial","productId":"","purchaseBit":0,"licenseKey":""},{"campaignID":"227","attribution":0,"priority":"5","appToPromote":{"appToPromoteID":"2571","usesDefaultFrameImage":"0","usesDefaultCloseImage":"0","marketURL":"https:\/\/play.google.com\/store\/apps\/details?id=com.mizo.raft.suvival","packageID":"com.mizo.raft.suvival"},"showTemplate":1,"s2s_tracking_url":"https:\/\/play.google.com\/store\/apps\/details?id=com.mizo.raft.suvival","activeCreativeID":"302","scenes":["1","2","6","4"],"campaignAdType":"Interstitial","productId":"","purchaseBit":0,"licenseKey":""},{"campaignID":"317","attribution":0,"priority":"5","appToPromote":{"appToPromoteID":"2723","usesDefaultFrameImage":"0","usesDefaultCloseImage":"0","marketURL":"https:\/\/play.google.com\/store\/apps\/details?id=com.mizo.helicopter.rescue","packageID":"com.mizo.helicopter.rescue"},"showTemplate":1,"s2s_tracking_url":"https:\/\/play.google.com\/store\/apps\/details?id=com.mizo.helicopter.rescue","activeCreativeID":"324","scenes":["1","2","6","4"],"campaignAdType":"Interstitial","productId":"","purchaseBit":0,"licenseKey":""},{"campaignID":"367","attribution":0,"priority":"5","appToPromote":{"appToPromoteID":"2911","usesDefaultFrameImage":"0","usesDefaultCloseImage":"0","marketURL":"https:\/\/play.google.com\/store\/apps\/details?id=com.mizo.police.ship.transporter","packageID":"com.mizo.police.ship.transporter"},"showTemplate":1,"s2s_tracking_url":"https:\/\/play.google.com\/store\/apps\/details?id=com.mizo.police.ship.transporter","activeCreativeID":"383","scenes":["1","2","6","4"],"campaignAdType":"Interstitial","productId":"","purchaseBit":0,"licenseKey":""},{"campaignID":"390","attribution":0,"priority":"5","appToPromote":{"appToPromoteID":"3077","usesDefaultFrameImage":"0","usesDefaultCloseImage":"0","marketURL":"https:\/\/play.google.com\/store\/apps\/details?id=com.mizo.transformer.shooting","packageID":"com.mizo.transformer.shooting"},"showTemplate":1,"s2s_tracking_url":"https:\/\/play.google.com\/store\/apps\/details?id=com.mizo.transformer.shooting","activeCreativeID":"441","scenes":["1","2","6","4"],"campaignAdType":"Interstitial","productId":"","purchaseBit":0,"licenseKey":""},{"campaignID":"408","attribution":0,"priority":"5","appToPromote":{"appToPromoteID":"3095","usesDefaultFrameImage":"0","usesDefaultCloseImage":"0","marketURL":"https:\/\/play.google.com\/store\/apps\/details?id=com.mizo.superhero.robot","packageID":"com.mizo.superhero.robot"},"showTemplate":1,"s2s_tracking_url":"https:\/\/play.google.com\/store\/apps\/details?id=com.mizo.superhero.robot","activeCreativeID":"443","scenes":["1","2","6","4"],"campaignAdType":"Interstitial","productId":"","purchaseBit":0,"licenseKey":""},{"campaignID":"410","attribution":0,"priority":"5","appToPromote":{"appToPromoteID":"3145","usesDefaultFrameImage":"0","usesDefaultCloseImage":"0","marketURL":"https:\/\/play.google.com\/store\/apps\/details?id=com.mizo.extreme.bikerider","packageID":"com.mizo.extreme.bikerider"},"showTemplate":1,"s2s_tracking_url":"https:\/\/play.google.com\/store\/apps\/details?id=com.mizo.extreme.bikerider","activeCreativeID":"448","scenes":["1","2","6","4"],"campaignAdType":"Interstitial","productId":"","purchaseBit":0,"licenseKey":""},{"campaignID":"428","attribution":0,"priority":"5","appToPromote":{"appToPromoteID":"3250","usesDefaultFrameImage":"0","usesDefaultCloseImage":"0","marketURL":"https:\/\/play.google.com\/store\/apps\/details?id=com.mizo.bicycle.stunt.racer","packageID":"com.mizo.bicycle.stunt.racer"},"showTemplate":1,"s2s_tracking_url":"https:\/\/play.google.com\/store\/apps\/details?id=com.mizo.bicycle.stunt.racer","activeCreativeID":"472","scenes":["1","2","6","4"],"campaignAdType":"Interstitial","productId":"","purchaseBit":0,"licenseKey":""},{"campaignID":"429","attribution":0,"priority":"5","appToPromote":{"appToPromoteID":"3253","usesDefaultFrameImage":"0","usesDefaultCloseImage":"0","marketURL":"https:\/\/play.google.com\/store\/apps\/details?id=com.mizo.rooftop.stunts","packageID":"com.mizo.rooftop.stunts"},"showTemplate":1,"s2s_tracking_url":"https:\/\/play.google.com\/store\/apps\/details?id=com.mizo.rooftop.stunts","activeCreativeID":"474","scenes":["1","2","6","4"],"campaignAdType":"Interstitial","productId":"","purchaseBit":0,"licenseKey":""},{"campaignID":"456","attribution":0,"priority":"5","appToPromote":{"appToPromoteID":"2448","usesDefaultFrameImage":"0","usesDefaultCloseImage":"0","marketURL":"https:\/\/play.google.com\/store\/apps\/details?id=com.mizo.battle.simulator","packageID":"com.mizo.battle.simulator"},"showTemplate":1,"s2s_tracking_url":"https:\/\/play.google.com\/store\/apps\/details?id=com.mizo.battle.simulator","activeCreativeID":"503","scenes":["1","2","6","4"],"campaignAdType":"Interstitial","productId":"","purchaseBit":0,"licenseKey":""},{"campaignID":"482","attribution":0,"priority":"5","appToPromote":{"appToPromoteID":"2877","usesDefaultFrameImage":"0","usesDefaultCloseImage":"0","marketURL":"https:\/\/play.google.com\/store\/apps\/details?id=com.mizo.underwater.tourist.bus","packageID":"com.mizo.underwater.tourist.bus"},"showTemplate":1,"s2s_tracking_url":"https:\/\/play.google.com\/store\/apps\/details?id=com.mizo.underwater.tourist.bus","activeCreativeID":"540","scenes":["1","2","6","4"],"campaignAdType":"Interstitial","productId":"","purchaseBit":0,"licenseKey":""},{"campaignID":"490","attribution":0,"priority":"5","appToPromote":{"appToPromoteID":"3518","usesDefaultFrameImage":"0","usesDefaultCloseImage":"0","marketURL":"https:\/\/play.google.com\/store\/apps\/details?id=com.crazyneuron.superhero.robot.world","packageID":"com.crazyneuron.superhero.robot.world"},"showTemplate":1,"s2s_tracking_url":"https:\/\/play.google.com\/store\/apps\/details?id=com.crazyneuron.superhero.robot.world","activeCreativeID":"550","scenes":["1","2","6","4"],"campaignAdType":"Interstitial","productId":"","purchaseBit":0,"licenseKey":""},{"campaignID":"501","attribution":0,"priority":"5","appToPromote":{"appToPromoteID":"3579","usesDefaultFrameImage":"0","usesDefaultCloseImage":"0","marketURL":"https:\/\/play.google.com\/store\/apps\/details?id=com.crazyneuron.us.army.transport","packageID":"com.crazyneuron.us.army.transport"},"showTemplate":1,"s2s_tracking_url":"https:\/\/play.google.com\/store\/apps\/details?id=com.crazyneuron.us.army.transport","activeCreativeID":"577","scenes":["1","2","6","4"],"campaignAdType":"Interstitial","productId":"","purchaseBit":0,"licenseKey":""},{"campaignID":"512","attribution":0,"priority":"5","appToPromote":{"appToPromoteID":"3683","usesDefaultFrameImage":"0","usesDefaultCloseImage":"0","marketURL":"https:\/\/play.google.com\/store\/apps\/details?id=com.mizo.plane.landing","packageID":"com.mizo.plane.landing"},"showTemplate":1,"s2s_tracking_url":"https:\/\/play.google.com\/store\/apps\/details?id=com.mizo.plane.landing","activeCreativeID":"594","scenes":["1","2","6","4"],"campaignAdType":"Interstitial","productId":"","purchaseBit":0,"licenseKey":""},{"campaignID":"6210","attribution":0,"priority":"5","appToPromote":{"appToPromoteID":"11566","usesDefaultFrameImage":"0","usesDefaultCloseImage":"0","marketURL":"https:\/\/play.google.com\/store\/apps\/details?id=com.mizo.line.drawing.puzzle.game","packageID":"com.mizo.line.drawing.puzzle.game"},"showTemplate":1,"s2s_tracking_url":"https:\/\/play.google.com\/store\/apps\/details?id=com.mizo.line.drawing.puzzle.game","activeCreativeID":"1322","scenes":["1","2","6","4"],"campaignAdType":"Video","productId":"","purchaseBit":0,"licenseKey":""},{"campaignID":"6213","attribution":0,"priority":"5","appToPromote":{"appToPromoteID":"11633","usesDefaultFrameImage":"0","usesDefaultCloseImage":"0","marketURL":"https:\/\/play.google.com\/store\/apps\/details?id=com.mizo.car.driving.simulator","packageID":"com.mizo.car.driving.simulator"},"showTemplate":1,"s2s_tracking_url":"https:\/\/play.google.com\/store\/apps\/details?id=com.mizo.car.driving.simulator","activeCreativeID":"1325","scenes":["1","2","6","4"],"campaignAdType":"Video","productId":"","purchaseBit":0,"licenseKey":""},{"campaignID":"6214","attribution":0,"priority":"5","appToPromote":{"appToPromoteID":"11661","usesDefaultFrameImage":"0","usesDefaultCloseImage":"0","marketURL":"https:\/\/play.google.com\/store\/apps\/details?id=com.mizo.car.tycoon.game","packageID":"com.mizo.car.tycoon.game"},"showTemplate":1,"s2s_tracking_url":"https:\/\/play.google.com\/store\/apps\/details?id=com.mizo.car.tycoon.game","activeCreativeID":"1326","scenes":["1","2","6","4"],"campaignAdType":"Video","productId":"","purchaseBit":0,"licenseKey":""},{"campaignID":"6254","attribution":0,"priority":"5","appToPromote":{"appToPromoteID":"11810","usesDefaultFrameImage":"0","usesDefaultCloseImage":"0","marketURL":"https:\/\/play.google.com\/store\/apps\/details?id=com.mizo.car.transporter.games","packageID":"com.mizo.car.transporter.games"},"showTemplate":1,"s2s_tracking_url":"https:\/\/play.google.com\/store\/apps\/details?id=com.mizo.car.transporter.games","activeCreativeID":"1370","scenes":["1","2","6","4"],"campaignAdType":"Video","productId":"","purchaseBit":0,"licenseKey":""},{"campaignID":"6256","attribution":0,"priority":"5","appToPromote":{"appToPromoteID":"11880","usesDefaultFrameImage":"0","usesDefaultCloseImage":"0","marketURL":"https:\/\/play.google.com\/store\/apps\/details?id=com.mizo.us.army.transporter","packageID":"com.mizo.us.army.transporter"},"showTemplate":1,"s2s_tracking_url":"https:\/\/play.google.com\/store\/apps\/details?id=com.mizo.us.army.transporter","activeCreativeID":"1372","scenes":["1","2","6","4"],"campaignAdType":"Video","productId":"","purchaseBit":0,"licenseKey":""},{"campaignID":"6264","attribution":0,"priority":"5","appToPromote":{"appToPromoteID":"11879","usesDefaultFrameImage":"0","usesDefaultCloseImage":"0","marketURL":"https:\/\/play.google.com\/store\/apps\/details?id=com.buntoo.car.racing.games","packageID":"com.buntoo.car.racing.games"},"showTemplate":1,"s2s_tracking_url":"https:\/\/play.google.com\/store\/apps\/details?id=com.buntoo.car.racing.games","activeCreativeID":"1380","scenes":["1","2","6","4"],"campaignAdType":"Video","productId":"","purchaseBit":0,"licenseKey":""},{"campaignID":"6363","attribution":0,"priority":"5","appToPromote":{"appToPromoteID":"12100","usesDefaultFrameImage":"0","usesDefaultCloseImage":"0","marketURL":"https:\/\/play.google.com\/store\/apps\/details?id=com.mizo.police.transport.shooting","packageID":"com.mizo.police.transport.shooting"},"showTemplate":1,"s2s_tracking_url":"https:\/\/play.google.com\/store\/apps\/details?id=com.mizo.police.transport.shooting","activeCreativeID":"1519","scenes":["1","2","6","4"],"campaignAdType":"Video","productId":"","purchaseBit":0,"licenseKey":""},{"campaignID":"6430","attribution":0,"priority":"5","appToPromote":{"appToPromoteID":"12340","usesDefaultFrameImage":"0","usesDefaultCloseImage":"0","marketURL":"https:\/\/play.google.com\/store\/apps\/details?id=com.buntoo.robot.car.transporter.games","packageID":"com.buntoo.robot.car.transporter.games"},"showTemplate":1,"s2s_tracking_url":"https:\/\/play.google.com\/store\/apps\/details?id=com.buntoo.robot.car.transporter.games","activeCreativeID":"1563","scenes":["1","2","6","4"],"campaignAdType":"Video","productId":"","purchaseBit":0,"licenseKey":""},{"campaignID":"6432","attribution":0,"priority":"5","appToPromote":{"appToPromoteID":"12565","usesDefaultFrameImage":"0","usesDefaultCloseImage":"0","marketURL":"https:\/\/play.google.com\/store\/apps\/details?id=com.mizo.train.gold.robbery.games","packageID":"com.mizo.train.gold.robbery.games"},"showTemplate":1,"s2s_tracking_url":"https:\/\/play.google.com\/store\/apps\/details?id=com.mizo.train.gold.robbery.games","activeCreativeID":"1565","scenes":["1","2","6","4"],"campaignAdType":"Video","productId":"","purchaseBit":0,"licenseKey":""},{"campaignID":"6445","attribution":0,"priority":"5","appToPromote":{"appToPromoteID":"12564","usesDefaultFrameImage":"0","usesDefaultCloseImage":"0","marketURL":"https:\/\/play.google.com\/store\/apps\/details?id=com.cradley.prison.escape.casino.robbery","packageID":"com.cradley.prison.escape.casino.robbery"},"showTemplate":1,"s2s_tracking_url":"https:\/\/play.google.com\/store\/apps\/details?id=com.cradley.prison.escape.casino.robbery","activeCreativeID":"1575","scenes":["1","2","6","4"],"campaignAdType":"Video","productId":"","purchaseBit":0,"licenseKey":""}],"refreshAdRate":30,"mode":"Production","aspectRatio":"4_3","cdnPath":"https:\/\/df8ymybeo92md.cloudfront.net\/images\/","sentry_log":0,"local_logging":0,"sentry_dsn":"https:\/\/93ffa1c9a4124f67b8888a53265f751a:bbf998e04584477fa9a145838e9d3b26@sentry.io\/168994","sentry_initialization":1,"sentry_debugging":0,"bannerSizes":[],"aspectRatioVideo":"16_9","app_id":"1946","showPreRewardedDialogue":0,"showPostRewardedDialogue":0,"rewardCurrency":"coins","rewardValue":0,"isSkipable":0,"privacyPolicyURL":"https:\/\/www.consoliads.com\/privacy-policy\/","sessionToken":"uuu9wmQhRFj1Sdw+a7oXjjcZlAtLXFTInlcTz7yRqNMdkXGvUG5NnukoIX7S5EiEB+ZTgLmp5vgpP9UP+2huoDZRo3cgbbfVZKGwwr8e6mley2qyCIvVakrfgmn+HmZPgIstgtBmY2NdHoxTw80xC\/TG3ObEuDrQnZs+UbnbQFI="}
Session token value is set


{"appKey":"e6c288ffb04d929a4737a593ce216e8b","deviceID":"4509","stats":[{"campaignID":126,"packageID":"com.gss.clown.robbery.gangster.squad","sceneStats":[{"sceneID":"12","eventStats":"345,245,145,45,45,0,0"}]}],"sdkVersion":"39","sessionToken":"uuu9wmQhRFj1Sdw+a7oXjjcZlAtLXFTInlcTz7yRqNMdkXGvUG5NnukoIX7S5EiEB+ZTgLmp5vgpP9UP+2huoDZRo3cgbbfVZKGwwr8e6mley2qyCIvVakrfgmn+HmZPgIstgtBmY2NdHoxTw80xC\/TG3ObEuDrQnZs+UbnbQFI="}
cache_ttl value is correct

Refresh Ad Rate value is correct
mode value is set

 Aspect ratio value is correct
sentry_log value is set
local_logging value is set
sentry_initialization value is set
sentry_debugging value is set
showPreRewardedDialogue value is set
showPostRewardedDialogue value is set
isSkipable value is set
{"cache_ttl":10080,"cache_ttl_rewarded":10080,"cache_ttl_banner":10080,"cache_ttl_native":10080,"cache_ttl_icon":10080,"campaigns":[{"campaignID":"8378","attribution":0,"priority":"8","appToPromote":{"appToPromoteID":"16480","usesDefaultFrameImage":"0","usesDefaultCloseImage":"0","marketURL":"https:\/\/play.google.com\/store\/apps\/details?id=com.nag.home.manager.working.virtual.mom","packageID":"com.GSS317.AmazingFamily"},"showTemplate":1,"s2s_tracking_url":"https:\/\/play.google.com\/store\/apps\/details?id=com.nag.home.manager.working.virtual.mom","activeCreativeID":"3720","scenes":["12","1","8","6","15","2"],"campaignAdType":"Interstitial","productId":"","purchaseBit":0,"licenseKey":""},{"campaignID":"9547","attribution":0,"priority":"8","appToPromote":{"appToPromoteID":"11879","usesDefaultFrameImage":"0","usesDefaultCloseImage":"0","marketURL":"https:\/\/play.google.com\/store\/apps\/details?id=com.buntoo.car.racing.games","packageID":"com.buntoo.car.racing.games"},"showTemplate":1,"s2s_tracking_url":"https:\/\/play.google.com\/store\/apps\/details?id=com.buntoo.car.racing.games","activeCreativeID":"4964","scenes":["12","1","8","6","15","2"],"campaignAdType":"Interstitial","productId":"","purchaseBit":0,"licenseKey":""},{"campaignID":"9586","attribution":0,"priority":"8","appToPromote":{"appToPromoteID":"515","usesDefaultFrameImage":"1","usesDefaultCloseImage":"1","marketURL":"https:\/\/play.google.com\/store\/apps\/details?id=com.plum.cash.counter.simualtor","packageID":"com.plum.cash.counter.simualtor"},"showTemplate":1,"s2s_tracking_url":"https:\/\/play.google.com\/store\/apps\/details?id=com.plum.cash.counter.simualtor","activeCreativeID":"50","scenes":["12","1","8","6","15","2"],"campaignAdType":"Interstitial","productId":"","purchaseBit":0,"licenseKey":""},{"campaignID":"9587","attribution":0,"priority":"8","appToPromote":{"appToPromoteID":"515","usesDefaultFrameImage":"1","usesDefaultCloseImage":"1","marketURL":"https:\/\/play.google.com\/store\/apps\/details?id=com.plum.cash.counter.simualtor","packageID":"com.plum.cash.counter.simualtor"},"showTemplate":1,"s2s_tracking_url":"https:\/\/play.google.com\/store\/apps\/details?id=com.plum.cash.counter.simualtor","activeCreativeID":"50","scenes":["12","1","8","6","15","2"],"campaignAdType":"Interstitial","productId":"","purchaseBit":0,"licenseKey":""},{"campaignID":"9588","attribution":0,"priority":"8","appToPromote":{"appToPromoteID":"515","usesDefaultFrameImage":"1","usesDefaultCloseImage":"1","marketURL":"https:\/\/play.google.com\/store\/apps\/details?id=com.plum.cash.counter.simualtor","packageID":"com.plum.cash.counter.simualtor"},"showTemplate":1,"s2s_tracking_url":"https:\/\/play.google.com\/store\/apps\/details?id=com.plum.cash.counter.simualtor","activeCreativeID":"50","scenes":["12","1","8","6","15","2"],"campaignAdType":"Interstitial","productId":"","purchaseBit":0,"licenseKey":""},{"campaignID":"9589","attribution":0,"priority":"8","appToPromote":{"appToPromoteID":"515","usesDefaultFrameImage":"1","usesDefaultCloseImage":"1","marketURL":"https:\/\/play.google.com\/store\/apps\/details?id=com.plum.cash.counter.simualtor","packageID":"com.plum.cash.counter.simualtor"},"showTemplate":1,"s2s_tracking_url":"https:\/\/play.google.com\/store\/apps\/details?id=com.plum.cash.counter.simualtor","activeCreativeID":"50","scenes":["12","1","8","6","15","2"],"campaignAdType":"Interstitial","productId":"","purchaseBit":0,"licenseKey":""},{"campaignID":"9131","attribution":0,"priority":"8","appToPromote":{"appToPromoteID":"17532","usesDefaultFrameImage":"0","usesDefaultCloseImage":"0","marketURL":"https:\/\/play.google.com\/store\/apps\/details?id=com.dhgate.buyermob","packageID":"com.dhgate.buyermob"},"showTemplate":1,"s2s_tracking_url":"https:\/\/tha.gotrackier.com\/click?campaign_id=63254\\u0026pub_id=75?p1=2081_9131_4509&amp;source=6841&amp;app_name=ClownRobberyGangsterSquad&amp;gaid=4509","activeCreativeID":"4483","scenes":["12","1","8","6","15","2"],"campaignAdType":"Interstitial","productId":"","purchaseBit":0,"licenseKey":""},{"campaignID":"8380","attribution_link":"","attribution":1,"priority":"7","appToPromote":{"appToPromoteID":"16480","usesDefaultFrameImage":"0","usesDefaultCloseImage":"0","marketURL":"https:\/\/play.google.com\/store\/apps\/details?id=com.nag.home.manager.working.virtual.mom","packageID":"com.GSS317.AmazingFamily"},"showTemplate":1,"s2s_tracking_url":"","activeCreativeID":"3720","scenes":["12","1","8","6","15","2"],"campaignAdType":"Interstitial","productId":"","purchaseBit":0,"licenseKey":""},{"campaignID":"444","attribution":0,"priority":"6","appToPromote":{"appToPromoteID":"3355","usesDefaultFrameImage":"0","usesDefaultCloseImage":"0","marketURL":"https:\/\/play.google.com\/store\/apps\/details?id=com.popnsons.parkour.mouse","packageID":"com.popnsons.parkour.mouse"},"showTemplate":1,"s2s_tracking_url":"https:\/\/play.google.com\/store\/apps\/details?id=com.popnsons.parkour.mouse","activeCreativeID":"469","scenes":["12","1","8","6","15","2"],"campaignAdType":"Interstitial","productId":"","purchaseBit":0,"licenseKey":""},{"campaignID":"561","attribution":0,"priority":"6","appToPromote":{"appToPromoteID":"5026","usesDefaultFrameImage":"0","usesDefaultCloseImage":"0","marketURL":"https:\/\/play.google.com\/store\/apps\/details?id=com.as.cashupapp","packageID":"com.as.cashupapp"},"showTemplate":1,"s2s_tracking_url":"https:\/\/play.google.com\/store\/apps\/details?id=com.as.cashupapp","activeCreativeID":"652","scenes":["12","1","8","6","15","2"],"campaignAdType":"Interstitial","productId":"","purchaseBit":0,"licenseKey":""},{"campaignID":"570","attribution":0,"priority":"6","appToPromote":{"appToPromoteID":"3802","usesDefaultFrameImage":"0","usesDefaultCloseImage":"0","marketURL":"https:\/\/play.google.com\/store\/apps\/details?id=com.Madxstudios.Flickshootsoccer","packageID":"com.Madxstudios.Flickshootsoccer"},"showTemplate":1,"s2s_tracking_url":"https:\/\/play.google.com\/store\/apps\/details?id=com.Madxstudios.Flickshootsoccer","activeCreativeID":"661","scenes":["12","1","8","6","15","2"],"campaignAdType":"Interstitial","productId":"","purchaseBit":0,"licenseKey":""},{"campaignID":"588","attribution":0,"priority":"6","appToPromote":{"appToPromoteID":"5026","usesDefaultFrameImage":"0","usesDefaultCloseImage":"0","marketURL":"https:\/\/play.google.com\/store\/apps\/details?id=com.as.cashupapp","packageID":"com.as.cashupapp"},"showTemplate":1,"s2s_tracking_url":"https:\/\/play.google.com\/store\/apps\/details?id=com.as.cashupapp","activeCreativeID":"652","scenes":["12","1","8","6","15","2"],"campaignAdType":"Interstitial","productId":"","purchaseBit":0,"licenseKey":""},{"campaignID":"8808","attribution_link":"","attribution":1,"priority":"5","appToPromote":{"appToPromoteID":"16528","usesDefaultFrameImage":"0","usesDefaultCloseImage":"0","marketURL":"https:\/\/play.google.com\/store\/apps\/details?id=com.bag.farm.day.village.farming.games","packageID":"com.GSS317.com.bag.farm.day.village.farming.games"},"showTemplate":1,"s2s_tracking_url":"","activeCreativeID":"3775","scenes":["12","1","8","6","15","2"],"campaignAdType":"Interstitial","productId":"","purchaseBit":0,"licenseKey":""},{"campaignID":"8973","attribution":0,"priority":"5","appToPromote":{"appToPromoteID":"15974","usesDefaultFrameImage":"0","usesDefaultCloseImage":"0","marketURL":"https:\/\/play.google.com\/store\/apps\/details?id=com.mustardgames.bmx.cycle.stunt.mega.ramp.impossibletracks","packageID":"com.mustardgames.bmx.cycle.stunt.mega.ramp.impossibletracks"},"showTemplate":1,"s2s_tracking_url":"https:\/\/play.google.com\/store\/apps\/details?id=com.mustardgames.bmx.cycle.stunt.mega.ramp.impossibletracks","activeCreativeID":"4339","scenes":["12","1","8","6","15","2"],"campaignAdType":"Interstitial","productId":"","purchaseBit":0,"licenseKey":""},{"campaignID":"414","attribution":0,"priority":"3","appToPromote":{"appToPromoteID":"3023","usesDefaultFrameImage":"0","usesDefaultCloseImage":"0","marketURL":"https:\/\/play.google.com\/store\/apps\/details?id=com.appricot2d.rolo.pet.parrot","packageID":"com.appricot2d.rolo.pet.parrot"},"showTemplate":1,"s2s_tracking_url":"https:\/\/play.google.com\/store\/apps\/details?id=com.appricot2d.rolo.pet.parrot","activeCreativeID":"385","scenes":["12","1","8","6","15","2"],"campaignAdType":"Interstitial","productId":"","purchaseBit":0,"licenseKey":""},{"campaignID":"559","attribution":0,"priority":"3","appToPromote":{"appToPromoteID":"3476","usesDefaultFrameImage":"0","usesDefaultCloseImage":"0","marketURL":"https:\/\/play.google.com\/store\/apps\/details?id=com.perspectivegames.real.impossible.tracks.stunts","packageID":"com.perspectivegames.real.impossible.tracks.stunts"},"showTemplate":1,"s2s_tracking_url":"https:\/\/play.google.com\/store\/apps\/details?id=com.perspectivegames.real.impossible.tracks.stunts","activeCreativeID":"649","scenes":["12","1","8","6","15","2"],"campaignAdType":"Interstitial","productId":"","purchaseBit":0,"licenseKey":""},{"campaignID":"741","attribution":0,"priority":"3","appToPromote":{"appToPromoteID":"5609","usesDefaultFrameImage":"0","usesDefaultCloseImage":"0","marketURL":"https:\/\/play.google.com\/store\/apps\/details?id=com.kick.gyroscopic.city.train.driver.simulator","packageID":"com.kick.gyroscopic.city.train.driver.simulator"},"showTemplate":1,"s2s_tracking_url":"https:\/\/play.google.com\/store\/apps\/details?id=com.kick.gyroscopic.city.train.driver.simulator","activeCreativeID":"753","scenes":["12","1","8","6","15","2"],"campaignAdType":"Interstitial","productId":"","purchaseBit":0,"licenseKey":""},{"campaignID":"798","attribution":0,"priority":"3","appToPromote":{"appToPromoteID":"5770","usesDefaultFrameImage":"0","usesDefaultCloseImage":"0","marketURL":"https:\/\/play.google.com\/store\/apps\/details?id=com.simulatorgames3d.alohacelebrations","packageID":"com.simulatorgames3d.alohacelebrations"},"showTemplate":1,"s2s_tracking_url":"https:\/\/play.google.com\/store\/apps\/details?id=com.simulatorgames3d.alohacelebrations","activeCreativeID":"787","scenes":["12","1","8","6","15","2"],"campaignAdType":"Interstitial","productId":"","purchaseBit":0,"licenseKey":""},{"campaignID":"1483","attribution":0,"priority":"3","appToPromote":{"appToPromoteID":"1714","usesDefaultFrameImage":"1","usesDefaultCloseImage":"1","marketURL":"https:\/\/play.google.com\/store\/apps\/details?id=com.playink.cookie.maker","packageID":"com.playink.cookie.maker"},"showTemplate":1,"s2s_tracking_url":"https:\/\/play.google.com\/store\/apps\/details?id=com.playink.cookie.maker","activeCreativeID":"1020","scenes":["12","1","8","6","15","2"],"campaignAdType":"Interstitial","productId":"","purchaseBit":0,"licenseKey":""},{"campaignID":"8762","attribution":0,"priority":"2","appToPromote":{"appToPromoteID":"13265","usesDefaultFrameImage":"0","usesDefaultCloseImage":"0","marketURL":"https:\/\/play.google.com\/store\/apps\/details?id=com.rhg.tricky.bike.stunt.moto.master","packageID":"com.rhg.tricky.bike.stunt.moto.master"},"showTemplate":1,"s2s_tracking_url":"https:\/\/play.google.com\/store\/apps\/details?id=com.rhg.tricky.bike.stunt.moto.master","activeCreativeID":"4121","scenes":["12","1","8","6","15","2"],"campaignAdType":"Rewarded Video","productId":"","purchaseBit":0,"licenseKey":""},{"campaignID":"9366","attribution":0,"priority":"2","appToPromote":{"appToPromoteID":"17602","usesDefaultFrameImage":"0","usesDefaultCloseImage":"0","marketURL":"https:\/\/play.google.com\/store\/apps\/details?id=com.abaenglish.videoclass&amp;referrer=utm_source=42matters.com&amp;utm_medium=api","packageID":"com.abaenglish.videoclass"},"showTemplate":1,"s2s_tracking_url":"https:\/\/play.google.com\/store\/apps\/details?id=com.abaenglish.videoclass&amp;referrer=utm_source=42matters.com&amp;utm_medium=api","activeCreativeID":"4815","scenes":["12","1","8","6","15","2"],"campaignAdType":"Interstitial","productId":"","purchaseBit":0,"licenseKey":""},{"campaignID":"9367","attribution":0,"priority":"2","appToPromote":{"appToPromoteID":"17602","usesDefaultFrameImage":"0","usesDefaultCloseImage":"0","marketURL":"https:\/\/play.google.com\/store\/apps\/details?id=com.abaenglish.videoclass&amp;referrer=utm_source=42matters.com&amp;utm_medium=api","packageID":"com.abaenglish.videoclass"},"showTemplate":1,"s2s_tracking_url":"https:\/\/play.google.com\/store\/apps\/details?id=com.abaenglish.videoclass&amp;referrer=utm_source=42matters.com&amp;utm_medium=api","activeCreativeID":"4815","scenes":["12","1","8","6","15","2"],"campaignAdType":"Interstitial","productId":"","purchaseBit":0,"licenseKey":""}],"refreshAdRate":30,"mode":"Production","aspectRatio":"4_3","cdnPath":"https:\/\/df8ymybeo92md.cloudfront.net\/images\/","sentry_log":0,"local_logging":0,"sentry_dsn":"https:\/\/93ffa1c9a4124f67b8888a53265f751a:bbf998e04584477fa9a145838e9d3b26@sentry.io\/168994","sentry_initialization":1,"sentry_debugging":0,"bannerSizes":["5"],"aspectRatioVideo":"16_9","app_id":"2081","showPreRewardedDialogue":0,"showPostRewardedDialogue":0,"rewardCurrency":"coins","rewardValue":0,"isSkipable":0,"privacyPolicyURL":"https:\/\/www.consoliads.com\/privacy-policy\/","sessionToken":"mlUJBImtuliQgFHXpYSTpWNXawRHhXXpZDTs4bOxgk7k5bQnpV4iF46YKsxqhyAK74H53gqMasqKoL+nspVgNCOoZcMHDq1CVtwsmXJi4xsIdrZiEclQ3Y8ZvUW+\/IS\/W3UOWRPEQ0eoEeZe\/\/Cjls4Gp\/Z\/dgyzGeCN9QU\/EE8="}
Session token value is set


{"appKey":"4d80502e5e231c73aef56bc16c23e28e","deviceID":"9046","stats":[{"campaignID":128,"packageID":"com.tgp.multistorey.car.transporter.truck","sceneStats":[{"sceneID":"23","eventStats":"390,290,190,90,90,0,0"}]}],"sdkVersion":"2163","sessionToken":"mlUJBImtuliQgFHXpYSTpWNXawRHhXXpZDTs4bOxgk7k5bQnpV4iF46YKsxqhyAK74H53gqMasqKoL+nspVgNCOoZcMHDq1CVtwsmXJi4xsIdrZiEclQ3Y8ZvUW+\/IS\/W3UOWRPEQ0eoEeZe\/\/Cjls4Gp\/Z\/dgyzGeCN9QU\/EE8="}
cache_ttl value is correct

Title value is correct

Title value is correct

Title value is correct

Title value is correct

Title value is correct

Title value is correct

Refresh Ad Rate value is correct
mode value is set

 Aspect ratio value is correct
sentry_log value is set
local_logging value is set
sentry_initialization value is set
sentry_debugging value is set
showPreRewardedDialogue value is set
showPostRewardedDialogue value is set
isSkipable value is set
{"cache_ttl":10080,"cache_ttl_rewarded":10080,"cache_ttl_banner":10080,"cache_ttl_native":10080,"cache_ttl_icon":10080,"campaigns":[{"campaignID":"8226","attribution":0,"priority":"8","appToPromote":{"appToPromoteID":"12623","usesDefaultFrameImage":"0","usesDefaultCloseImage":"0","marketURL":"https:\/\/play.google.com\/store\/apps\/details?id=com.igg.android.lordsmobile&amp;referrer=utm_source=42matters.com&amp;utm_medium=api","packageID":"com.nooribrand.android.lordsmobile"},"showTemplate":1,"s2s_tracking_url":"https:\/\/play.google.com\/store\/apps\/details?id=com.igg.android.lordsmobile&amp;referrer=utm_source=42matters.com&amp;utm_medium=api","activeCreativeID":"3557","scenes":["12","1","8","6","15","2"],"campaignAdType":"Icon","productId":"","purchaseBit":0,"licenseKey":""},{"campaignID":"8378","attribution":0,"priority":"8","appToPromote":{"appToPromoteID":"16480","usesDefaultFrameImage":"0","usesDefaultCloseImage":"0","marketURL":"https:\/\/play.google.com\/store\/apps\/details?id=com.nag.home.manager.working.virtual.mom","packageID":"com.GSS317.AmazingFamily"},"showTemplate":1,"s2s_tracking_url":"https:\/\/play.google.com\/store\/apps\/details?id=com.nag.home.manager.working.virtual.mom","activeCreativeID":"3720","scenes":["12","1","8","6","15","2"],"campaignAdType":"Interstitial","productId":"","purchaseBit":0,"licenseKey":""},{"campaignID":"8613","attribution":0,"priority":"8","appToPromote":{"appToPromoteID":"12623","usesDefaultFrameImage":"0","usesDefaultCloseImage":"0","marketURL":"https:\/\/play.google.com\/store\/apps\/details?id=com.igg.android.lordsmobile&amp;referrer=utm_source=42matters.com&amp;utm_medium=api","packageID":"com.nooribrand.android.lordsmobile"},"showTemplate":1,"s2s_tracking_url":"https:\/\/play.google.com\/store\/apps\/details?id=com.igg.android.lordsmobile&amp;referrer=utm_source=42matters.com&amp;utm_medium=api","activeCreativeID":"3557","scenes":["12","1","8","6","15","2"],"campaignAdType":"Icon","productId":"","purchaseBit":0,"licenseKey":""},{"campaignID":"9252","attribution":0,"priority":"8","appToPromote":{"appToPromoteID":"12315","usesDefaultFrameImage":"0","usesDefaultCloseImage":"0","marketURL":"google.com","packageID":"com.qabrand.plnative"},"showTemplate":1,"s2s_tracking_url":"google.com","activeCreativeID":"4683","scenes":["12","1","8","6","15","2"],"campaignAdType":"Native","title":"Native first","subTitle":"First ","description":"New description","adClickThroughText":"FIRST Button","productId":"","purchaseBit":0,"licenseKey":""},{"campaignID":"9253","attribution":0,"priority":"8","appToPromote":{"appToPromoteID":"12315","usesDefaultFrameImage":"0","usesDefaultCloseImage":"0","marketURL":"google.com","packageID":"com.qabrand.plnative"},"showTemplate":1,"s2s_tracking_url":"google.com","activeCreativeID":"4683","scenes":["12","1","8","6","15","2"],"campaignAdType":"Native","title":"Native first","subTitle":"First ","description":"New description","adClickThroughText":"FIRST Button","productId":"","purchaseBit":0,"licenseKey":""},{"campaignID":"9255","attribution":0,"priority":"8","appToPromote":{"appToPromoteID":"13274","usesDefaultFrameImage":"0","usesDefaultCloseImage":"0","marketURL":"https:\/\/play.google.com\/store\/apps\/details?id=com.facebook.katana","packageID":"com.salon.adsalon"},"showTemplate":1,"s2s_tracking_url":"https:\/\/play.google.com\/store\/apps\/details?id=com.facebook.katana","activeCreativeID":"4685","scenes":["12","1","8","6","15","2"],"campaignAdType":"Native","title":"native NA ","subTitle":"native NA ","description":"native NA added","adClickThroughText":"native NA ","productId":"","purchaseBit":0,"licenseKey":""},{"campaignID":"9257","attribution":0,"priority":"8","appToPromote":{"appToPromoteID":"12286","usesDefaultFrameImage":"0","usesDefaultCloseImage":"0","marketURL":"google.com","packageID":"com.qabrand.Chartboost_Native"},"showTemplate":1,"s2s_tracking_url":"google.com","activeCreativeID":"4688","scenes":["12","1","8","6","15","2"],"campaignAdType":"Native","title":"Native second updated","subTitle":"Native second ","description":"Native second details","adClickThroughText":"Native second ","productId":"","purchaseBit":0,"licenseKey":""},{"campaignID":"9263","attribution":0,"priority":"8","appToPromote":{"appToPromoteID":"12315","usesDefaultFrameImage":"0","usesDefaultCloseImage":"0","marketURL":"google.com","packageID":"com.qabrand.plnative"},"showTemplate":1,"s2s_tracking_url":"google.com","activeCreativeID":"4694","scenes":["12","1","8","6","15","2"],"campaignAdType":"Native","title":"test","subTitle":"test","description":" test details update","adClickThroughText":"test","productId":"","purchaseBit":0,"licenseKey":""},{"campaignID":"9547","attribution":0,"priority":"8","appToPromote":{"appToPromoteID":"11879","usesDefaultFrameImage":"0","usesDefaultCloseImage":"0","marketURL":"https:\/\/play.google.com\/store\/apps\/details?id=com.buntoo.car.racing.games","packageID":"com.buntoo.car.racing.games"},"showTemplate":1,"s2s_tracking_url":"https:\/\/play.google.com\/store\/apps\/details?id=com.buntoo.car.racing.games","activeCreativeID":"4964","scenes":["12","1","8","6","15","2"],"campaignAdType":"Interstitial","productId":"","purchaseBit":0,"licenseKey":""},{"campaignID":"9586","attribution":0,"priority":"8","appToPromote":{"appToPromoteID":"515","usesDefaultFrameImage":"1","usesDefaultCloseImage":"1","marketURL":"https:\/\/play.google.com\/store\/apps\/details?id=com.plum.cash.counter.simualtor","packageID":"com.plum.cash.counter.simualtor"},"showTemplate":1,"s2s_tracking_url":"https:\/\/play.google.com\/store\/apps\/details?id=com.plum.cash.counter.simualtor","activeCreativeID":"50","scenes":["12","1","8","6","15","2"],"campaignAdType":"Interstitial","productId":"","purchaseBit":0,"licenseKey":""},{"campaignID":"9587","attribution":0,"priority":"8","appToPromote":{"appToPromoteID":"515","usesDefaultFrameImage":"1","usesDefaultCloseImage":"1","marketURL":"https:\/\/play.google.com\/store\/apps\/details?id=com.plum.cash.counter.simualtor","packageID":"com.plum.cash.counter.simualtor"},"showTemplate":1,"s2s_tracking_url":"https:\/\/play.google.com\/store\/apps\/details?id=com.plum.cash.counter.simualtor","activeCreativeID":"50","scenes":["12","1","8","6","15","2"],"campaignAdType":"Interstitial","productId":"","purchaseBit":0,"licenseKey":""},{"campaignID":"9588","attribution":0,"priority":"8","appToPromote":{"appToPromoteID":"515","usesDefaultFrameImage":"1","usesDefaultCloseImage":"1","marketURL":"https:\/\/play.google.com\/store\/apps\/details?id=com.plum.cash.counter.simualtor","packageID":"com.plum.cash.counter.simualtor"},"showTemplate":1,"s2s_tracking_url":"https:\/\/play.google.com\/store\/apps\/details?id=com.plum.cash.counter.simualtor","activeCreativeID":"50","scenes":["12","1","8","6","15","2"],"campaignAdType":"Interstitial","productId":"","purchaseBit":0,"licenseKey":""},{"campaignID":"9589","attribution":0,"priority":"8","appToPromote":{"appToPromoteID":"515","usesDefaultFrameImage":"1","usesDefaultCloseImage":"1","marketURL":"https:\/\/play.google.com\/store\/apps\/details?id=com.plum.cash.counter.simualtor","packageID":"com.plum.cash.counter.simualtor"},"showTemplate":1,"s2s_tracking_url":"https:\/\/play.google.com\/store\/apps\/details?id=com.plum.cash.counter.simualtor","activeCreativeID":"50","scenes":["12","1","8","6","15","2"],"campaignAdType":"Interstitial","productId":"","purchaseBit":0,"licenseKey":""},{"campaignID":"9599","attribution":0,"priority":"8","appToPromote":{"appToPromoteID":"515","usesDefaultFrameImage":"1","usesDefaultCloseImage":"1","marketURL":"https:\/\/play.google.com\/store\/apps\/details?id=com.plum.cash.counter.simualtor","packageID":"com.plum.cash.counter.simualtor"},"showTemplate":1,"s2s_tracking_url":"https:\/\/play.google.com\/store\/apps\/details?id=com.plum.cash.counter.simualtor","activeCreativeID":"5001","scenes":["12","1","8","6","15","2"],"campaignAdType":"Icon","productId":"","purchaseBit":0,"licenseKey":""},{"campaignID":"9127","attribution":0,"priority":"8","appToPromote":{"appToPromoteID":"17528","usesDefaultFrameImage":"0","usesDefaultCloseImage":"0","marketURL":"https:\/\/play.google.com\/store\/apps\/details?id=net.one97.paytm","packageID":"net.one97.paytm"},"showTemplate":1,"s2s_tracking_url":"https:\/\/tha.gotrackier.com\/click?campaign_id=63249\\u0026pub_id=75?p1=2018_9127_9046&amp;source=6841&amp;app_name=MultiTruckCarTransporter&amp;gaid=9046","activeCreativeID":"4788","scenes":["12","1","8","6","15","2"],"campaignAdType":"Native","title":"BCA","subTitle":"FW","description":"nope","adClickThroughText":"Link","productId":"","purchaseBit":0,"licenseKey":""},{"campaignID":"9131","attribution":0,"priority":"8","appToPromote":{"appToPromoteID":"17532","usesDefaultFrameImage":"0","usesDefaultCloseImage":"0","marketURL":"https:\/\/play.google.com\/store\/apps\/details?id=com.dhgate.buyermob","packageID":"com.dhgate.buyermob"},"showTemplate":1,"s2s_tracking_url":"https:\/\/tha.gotrackier.com\/click?campaign_id=63254\\u0026pub_id=75?p1=2018_9131_9046&amp;source=6841&amp;app_name=MultiTruckCarTransporter&amp;gaid=9046","activeCreativeID":"4483","scenes":["12","1","8","6","15","2"],"campaignAdType":"Interstitial","productId":"","purchaseBit":0,"licenseKey":""},{"campaignID":"8380","attribution_link":"","attribution":1,"priority":"7","appToPromote":{"appToPromoteID":"16480","usesDefaultFrameImage":"0","usesDefaultCloseImage":"0","marketURL":"https:\/\/play.google.com\/store\/apps\/details?id=com.nag.home.manager.working.virtual.mom","packageID":"com.GSS317.AmazingFamily"},"showTemplate":1,"s2s_tracking_url":"","activeCreativeID":"3720","scenes":["12","1","8","6","15","2"],"campaignAdType":"Interstitial","productId":"","purchaseBit":0,"licenseKey":""},{"campaignID":"444","attribution":0,"priority":"6","appToPromote":{"appToPromoteID":"3355","usesDefaultFrameImage":"0","usesDefaultCloseImage":"0","marketURL":"https:\/\/play.google.com\/store\/apps\/details?id=com.popnsons.parkour.mouse","packageID":"com.popnsons.parkour.mouse"},"showTemplate":1,"s2s_tracking_url":"https:\/\/play.google.com\/store\/apps\/details?id=com.popnsons.parkour.mouse","activeCreativeID":"469","scenes":["12","1","8","6","15","2"],"campaignAdType":"Interstitial","productId":"","purchaseBit":0,"licenseKey":""},{"campaignID":"561","attribution":0,"priority":"6","appToPromote":{"appToPromoteID":"5026","usesDefaultFrameImage":"0","usesDefaultCloseImage":"0","marketURL":"https:\/\/play.google.com\/store\/apps\/details?id=com.as.cashupapp","packageID":"com.as.cashupapp"},"showTemplate":1,"s2s_tracking_url":"https:\/\/play.google.com\/store\/apps\/details?id=com.as.cashupapp","activeCreativeID":"652","scenes":["12","1","8","6","15","2"],"campaignAdType":"Interstitial","productId":"","purchaseBit":0,"licenseKey":""},{"campaignID":"570","attribution":0,"priority":"6","appToPromote":{"appToPromoteID":"3802","usesDefaultFrameImage":"0","usesDefaultCloseImage":"0","marketURL":"https:\/\/play.google.com\/store\/apps\/details?id=com.Madxstudios.Flickshootsoccer","packageID":"com.Madxstudios.Flickshootsoccer"},"showTemplate":1,"s2s_tracking_url":"https:\/\/play.google.com\/store\/apps\/details?id=com.Madxstudios.Flickshootsoccer","activeCreativeID":"661","scenes":["12","1","8","6","15","2"],"campaignAdType":"Interstitial","productId":"","purchaseBit":0,"licenseKey":""},{"campaignID":"588","attribution":0,"priority":"6","appToPromote":{"appToPromoteID":"5026","usesDefaultFrameImage":"0","usesDefaultCloseImage":"0","marketURL":"https:\/\/play.google.com\/store\/apps\/details?id=com.as.cashupapp","packageID":"com.as.cashupapp"},"showTemplate":1,"s2s_tracking_url":"https:\/\/play.google.com\/store\/apps\/details?id=com.as.cashupapp","activeCreativeID":"652","scenes":["12","1","8","6","15","2"],"campaignAdType":"Interstitial","productId":"","purchaseBit":0,"licenseKey":""},{"campaignID":"8808","attribution_link":"","attribution":1,"priority":"5","appToPromote":{"appToPromoteID":"16528","usesDefaultFrameImage":"0","usesDefaultCloseImage":"0","marketURL":"https:\/\/play.google.com\/store\/apps\/details?id=com.bag.farm.day.village.farming.games","packageID":"com.GSS317.com.bag.farm.day.village.farming.games"},"showTemplate":1,"s2s_tracking_url":"","activeCreativeID":"3775","scenes":["12","1","8","6","15","2"],"campaignAdType":"Interstitial","productId":"","purchaseBit":0,"licenseKey":""},{"campaignID":"8973","attribution":0,"priority":"5","appToPromote":{"appToPromoteID":"15974","usesDefaultFrameImage":"0","usesDefaultCloseImage":"0","marketURL":"https:\/\/play.google.com\/store\/apps\/details?id=com.mustardgames.bmx.cycle.stunt.mega.ramp.impossibletracks","packageID":"com.mustardgames.bmx.cycle.stunt.mega.ramp.impossibletracks"},"showTemplate":1,"s2s_tracking_url":"https:\/\/play.google.com\/store\/apps\/details?id=com.mustardgames.bmx.cycle.stunt.mega.ramp.impossibletracks","activeCreativeID":"4339","scenes":["12","1","8","6","15","2"],"campaignAdType":"Interstitial","productId":"","purchaseBit":0,"licenseKey":""},{"campaignID":"557","attribution":0,"priority":"4","appToPromote":{"appToPromoteID":"4959","usesDefaultFrameImage":"0","usesDefaultCloseImage":"0","marketURL":"https:\/\/play.google.com\/store\/apps\/details?id=com.jet.plane.surfers.joyride.dash","packageID":"com.jet.plane.surfers.joyride.dash"},"showTemplate":1,"s2s_tracking_url":"https:\/\/play.google.com\/store\/apps\/details?id=com.jet.plane.surfers.joyride.dash","activeCreativeID":"645","scenes":["12","1","8","6","15","2"],"campaignAdType":"Interstitial","productId":"","purchaseBit":0,"licenseKey":""},{"campaignID":"414","attribution":0,"priority":"3","appToPromote":{"appToPromoteID":"3023","usesDefaultFrameImage":"0","usesDefaultCloseImage":"0","marketURL":"https:\/\/play.google.com\/store\/apps\/details?id=com.appricot2d.rolo.pet.parrot","packageID":"com.appricot2d.rolo.pet.parrot"},"showTemplate":1,"s2s_tracking_url":"https:\/\/play.google.com\/store\/apps\/details?id=com.appricot2d.rolo.pet.parrot","activeCreativeID":"385","scenes":["12","1","8","6","15","2"],"campaignAdType":"Interstitial","productId":"","purchaseBit":0,"licenseKey":""},{"campaignID":"559","attribution":0,"priority":"3","appToPromote":{"appToPromoteID":"3476","usesDefaultFrameImage":"0","usesDefaultCloseImage":"0","marketURL":"https:\/\/play.google.com\/store\/apps\/details?id=com.perspectivegames.real.impossible.tracks.stunts","packageID":"com.perspectivegames.real.impossible.tracks.stunts"},"showTemplate":1,"s2s_tracking_url":"https:\/\/play.google.com\/store\/apps\/details?id=com.perspectivegames.real.impossible.tracks.stunts","activeCreativeID":"649","scenes":["12","1","8","6","15","2"],"campaignAdType":"Interstitial","productId":"","purchaseBit":0,"licenseKey":""},{"campaignID":"741","attribution":0,"priority":"3","appToPromote":{"appToPromoteID":"5609","usesDefaultFrameImage":"0","usesDefaultCloseImage":"0","marketURL":"https:\/\/play.google.com\/store\/apps\/details?id=com.kick.gyroscopic.city.train.driver.simulator","packageID":"com.kick.gyroscopic.city.train.driver.simulator"},"showTemplate":1,"s2s_tracking_url":"https:\/\/play.google.com\/store\/apps\/details?id=com.kick.gyroscopic.city.train.driver.simulator","activeCreativeID":"753","scenes":["12","1","8","6","15","2"],"campaignAdType":"Interstitial","productId":"","purchaseBit":0,"licenseKey":""},{"campaignID":"798","attribution":0,"priority":"3","appToPromote":{"appToPromoteID":"5770","usesDefaultFrameImage":"0","usesDefaultCloseImage":"0","marketURL":"https:\/\/play.google.com\/store\/apps\/details?id=com.simulatorgames3d.alohacelebrations","packageID":"com.simulatorgames3d.alohacelebrations"},"showTemplate":1,"s2s_tracking_url":"https:\/\/play.google.com\/store\/apps\/details?id=com.simulatorgames3d.alohacelebrations","activeCreativeID":"787","scenes":["12","1","8","6","15","2"],"campaignAdType":"Interstitial","productId":"","purchaseBit":0,"licenseKey":""},{"campaignID":"1483","attribution":0,"priority":"3","appToPromote":{"appToPromoteID":"1714","usesDefaultFrameImage":"1","usesDefaultCloseImage":"1","marketURL":"https:\/\/play.google.com\/store\/apps\/details?id=com.playink.cookie.maker","packageID":"com.playink.cookie.maker"},"showTemplate":1,"s2s_tracking_url":"https:\/\/play.google.com\/store\/apps\/details?id=com.playink.cookie.maker","activeCreativeID":"1020","scenes":["12","1","8","6","15","2"],"campaignAdType":"Interstitial","productId":"","purchaseBit":0,"licenseKey":""},{"campaignID":"8762","attribution":0,"priority":"2","appToPromote":{"appToPromoteID":"13265","usesDefaultFrameImage":"0","usesDefaultCloseImage":"0","marketURL":"https:\/\/play.google.com\/store\/apps\/details?id=com.rhg.tricky.bike.stunt.moto.master","packageID":"com.rhg.tricky.bike.stunt.moto.master"},"showTemplate":1,"s2s_tracking_url":"https:\/\/play.google.com\/store\/apps\/details?id=com.rhg.tricky.bike.stunt.moto.master","activeCreativeID":"4121","scenes":["12","1","8","6","15","2"],"campaignAdType":"Rewarded Video","productId":"","purchaseBit":0,"licenseKey":""},{"campaignID":"9366","attribution":0,"priority":"2","appToPromote":{"appToPromoteID":"17602","usesDefaultFrameImage":"0","usesDefaultCloseImage":"0","marketURL":"https:\/\/play.google.com\/store\/apps\/details?id=com.abaenglish.videoclass&amp;referrer=utm_source=42matters.com&amp;utm_medium=api","packageID":"com.abaenglish.videoclass"},"showTemplate":1,"s2s_tracking_url":"https:\/\/play.google.com\/store\/apps\/details?id=com.abaenglish.videoclass&amp;referrer=utm_source=42matters.com&amp;utm_medium=api","activeCreativeID":"4815","scenes":["12","1","8","6","15","2"],"campaignAdType":"Interstitial","productId":"","purchaseBit":0,"licenseKey":""}],"refreshAdRate":30,"mode":"Production","aspectRatio":"4_3","cdnPath":"https:\/\/df8ymybeo92md.cloudfront.net\/images\/","sentry_log":0,"local_logging":0,"sentry_dsn":"https:\/\/93ffa1c9a4124f67b8888a53265f751a:bbf998e04584477fa9a145838e9d3b26@sentry.io\/168994","sentry_initialization":1,"sentry_debugging":0,"bannerSizes":["1"],"aspectRatioVideo":"16_9","app_id":"2018","showPreRewardedDialogue":0,"showPostRewardedDialogue":0,"rewardCurrency":"coins","rewardValue":0,"isSkipable":0,"privacyPolicyURL":"https:\/\/www.consoliads.com\/privacy-policy\/","sessionToken":"EJRQRgSnWfb3VUEPADmoRICVpINqmLXLqHnnQfVIFvIazMg\/zxHBxhIYB4BUlTGj2nu8MWZs+nYH3zmuePok7x+agbDSh68fwXkqFpXMKu2\/FRWe4hjNS2nd83DVIC72eaUg8MsH6Uibcwe13B8D1a8oQrlEuLgI1Befe+kV6mg="}
Session token value is set


{"appKey":"95784c8196170f224be1193006a3bbea","deviceID":"7170","stats":[{"campaignID":130,"packageID":"com.whitesand.bike.mechanic","sceneStats":[{"sceneID":"18","eventStats":"371,271,171,71,71,0,0"}]}],"sdkVersion":"39","sessionToken":"EJRQRgSnWfb3VUEPADmoRICVpINqmLXLqHnnQfVIFvIazMg\/zxHBxhIYB4BUlTGj2nu8MWZs+nYH3zmuePok7x+agbDSh68fwXkqFpXMKu2\/FRWe4hjNS2nd83DVIC72eaUg8MsH6Uibcwe13B8D1a8oQrlEuLgI1Befe+kV6mg="}
cache_ttl value is correct

Refresh Ad Rate value is correct
mode value is set

 Aspect ratio value is correct
sentry_log value is set
local_logging value is set
sentry_initialization value is set
sentry_debugging value is set
showPreRewardedDialogue value is set
showPostRewardedDialogue value is set
isSkipable value is set
{"cache_ttl":10080,"cache_ttl_rewarded":10080,"cache_ttl_banner":10080,"cache_ttl_native":10080,"cache_ttl_icon":10080,"refreshAdRate":30,"mode":"Production","aspectRatio":"4_3","cdnPath":"https:\/\/df8ymybeo92md.cloudfront.net\/images\/","sentry_log":0,"local_logging":0,"sentry_dsn":"https:\/\/93ffa1c9a4124f67b8888a53265f751a:bbf998e04584477fa9a145838e9d3b26@sentry.io\/168994","sentry_initialization":1,"sentry_debugging":0,"bannerSizes":["5"],"aspectRatioVideo":"16_9","app_id":"2030","showPreRewardedDialogue":0,"showPostRewardedDialogue":0,"rewardCurrency":"coins","rewardValue":0,"isSkipable":0,"privacyPolicyURL":"https:\/\/www.consoliads.com\/privacy-policy\/","sessionToken":"SYOMIlYd6gahUvw3kNoSZo7NdQpxzeD5p9KAELZB0yYMOkFBgbHgpQ8O77XJYbsQSOaQ3bJLPMS3\/yJfxdk5YEr75KsVAjTdxh9WEV8wAMs9Edyv7\/Nep\/UI\/WD+DIE+xpnxmt0nM93AUPdfQc3euXPj\/A9kdSi\/YWFd94SiI8I="}
Session token value is set


{"appKey":"408e2b68db7ae9de1346fe1907578a69","deviceID":"5328","stats":[{"campaignID":131,"packageID":"com.threed.army.sniper.shooter","sceneStats":[{"sceneID":"14","eventStats":"353,253,153,53,53,0,0"}]}],"sdkVersion":"39","sessionToken":"SYOMIlYd6gahUvw3kNoSZo7NdQpxzeD5p9KAELZB0yYMOkFBgbHgpQ8O77XJYbsQSOaQ3bJLPMS3\/yJfxdk5YEr75KsVAjTdxh9WEV8wAMs9Edyv7\/Nep\/UI\/WD+DIE+xpnxmt0nM93AUPdfQc3euXPj\/A9kdSi\/YWFd94SiI8I="}
cache_ttl value is correct

Refresh Ad Rate value is correct
mode value is set

 Aspect ratio value is correct
sentry_log value is set
local_logging value is set
sentry_initialization value is set
sentry_debugging value is set
showPreRewardedDialogue value is set
showPostRewardedDialogue value is set
isSkipable value is set
{"cache_ttl":10080,"cache_ttl_rewarded":10080,"cache_ttl_banner":10080,"cache_ttl_native":10080,"cache_ttl_icon":10080,"refreshAdRate":30,"mode":"Production","aspectRatio":"4_3","cdnPath":"https:\/\/df8ymybeo92md.cloudfront.net\/images\/","sentry_log":0,"local_logging":0,"sentry_dsn":"https:\/\/93ffa1c9a4124f67b8888a53265f751a:bbf998e04584477fa9a145838e9d3b26@sentry.io\/168994","sentry_initialization":1,"sentry_debugging":0,"bannerSizes":[],"aspectRatioVideo":"16_9","app_id":"2059","showPreRewardedDialogue":0,"showPostRewardedDialogue":0,"rewardCurrency":"coins","rewardValue":0,"isSkipable":0,"privacyPolicyURL":"https:\/\/www.consoliads.com\/privacy-policy\/","sessionToken":"1vI71FElFTHQimLhpVVzA6yZf4MY595\/XJ68YeF\/UugxQFKoGvOCJMWoYo2jaonY3KMIKnXQ3\/iVLWu0BQ1ddaaS7sXl0SHDbyP2JbjtAVa58XxdPIzEf2q4RLdR04mdS7ICxLlKKDWGzEMdNucDztyXpl8LeqfHi07FEf5NTew="}
Session token value is set


{"appKey":"9c32e165fd92e18a2d2f8d387cd9e104","deviceID":"8818","stats":[{"campaignID":132,"packageID":"com.gss.us.army.commando.survival","sceneStats":[{"sceneID":"23","eventStats":"388,288,188,88,88,0,0"}]}],"sdkVersion":"2216","sessionToken":"1vI71FElFTHQimLhpVVzA6yZf4MY595\/XJ68YeF\/UugxQFKoGvOCJMWoYo2jaonY3KMIKnXQ3\/iVLWu0BQ1ddaaS7sXl0SHDbyP2JbjtAVa58XxdPIzEf2q4RLdR04mdS7ICxLlKKDWGzEMdNucDztyXpl8LeqfHi07FEf5NTew="}
cache_ttl value is correct

Title value is correct

Title value is correct

Title value is correct

Title value is correct

Title value is correct

Title value is correct

Refresh Ad Rate value is correct
mode value is set

 Aspect ratio value is correct
sentry_log value is set
local_logging value is set
sentry_initialization value is set
sentry_debugging value is set
showPreRewardedDialogue value is set
showPostRewardedDialogue value is set
isSkipable value is set
{"cache_ttl":10080,"cache_ttl_rewarded":10080,"cache_ttl_banner":10080,"cache_ttl_native":10080,"cache_ttl_icon":10080,"campaigns":[{"campaignID":"8226","attribution":0,"priority":"8","appToPromote":{"appToPromoteID":"12623","usesDefaultFrameImage":"0","usesDefaultCloseImage":"0","marketURL":"https:\/\/play.google.com\/store\/apps\/details?id=com.igg.android.lordsmobile&amp;referrer=utm_source=42matters.com&amp;utm_medium=api","packageID":"com.nooribrand.android.lordsmobile"},"showTemplate":1,"s2s_tracking_url":"https:\/\/play.google.com\/store\/apps\/details?id=com.igg.android.lordsmobile&amp;referrer=utm_source=42matters.com&amp;utm_medium=api","activeCreativeID":"3557","scenes":["12","1","8","6","15","2"],"campaignAdType":"Icon","productId":"","purchaseBit":0,"licenseKey":""},{"campaignID":"8378","attribution":0,"priority":"8","appToPromote":{"appToPromoteID":"16480","usesDefaultFrameImage":"0","usesDefaultCloseImage":"0","marketURL":"https:\/\/play.google.com\/store\/apps\/details?id=com.nag.home.manager.working.virtual.mom","packageID":"com.GSS317.AmazingFamily"},"showTemplate":1,"s2s_tracking_url":"https:\/\/play.google.com\/store\/apps\/details?id=com.nag.home.manager.working.virtual.mom","activeCreativeID":"3720","scenes":["12","1","8","6","15","2"],"campaignAdType":"Interstitial","productId":"","purchaseBit":0,"licenseKey":""},{"campaignID":"8613","attribution":0,"priority":"8","appToPromote":{"appToPromoteID":"12623","usesDefaultFrameImage":"0","usesDefaultCloseImage":"0","marketURL":"https:\/\/play.google.com\/store\/apps\/details?id=com.igg.android.lordsmobile&amp;referrer=utm_source=42matters.com&amp;utm_medium=api","packageID":"com.nooribrand.android.lordsmobile"},"showTemplate":1,"s2s_tracking_url":"https:\/\/play.google.com\/store\/apps\/details?id=com.igg.android.lordsmobile&amp;referrer=utm_source=42matters.com&amp;utm_medium=api","activeCreativeID":"3557","scenes":["12","1","8","6","15","2"],"campaignAdType":"Icon","productId":"","purchaseBit":0,"licenseKey":""},{"campaignID":"9252","attribution":0,"priority":"8","appToPromote":{"appToPromoteID":"12315","usesDefaultFrameImage":"0","usesDefaultCloseImage":"0","marketURL":"google.com","packageID":"com.qabrand.plnative"},"showTemplate":1,"s2s_tracking_url":"google.com","activeCreativeID":"4683","scenes":["12","1","8","6","15","2"],"campaignAdType":"Native","title":"Native first","subTitle":"First ","description":"New description","adClickThroughText":"FIRST Button","productId":"","purchaseBit":0,"licenseKey":""},{"campaignID":"9253","attribution":0,"priority":"8","appToPromote":{"appToPromoteID":"12315","usesDefaultFrameImage":"0","usesDefaultCloseImage":"0","marketURL":"google.com","packageID":"com.qabrand.plnative"},"showTemplate":1,"s2s_tracking_url":"google.com","activeCreativeID":"4683","scenes":["12","1","8","6","15","2"],"campaignAdType":"Native","title":"Native first","subTitle":"First ","description":"New description","adClickThroughText":"FIRST Button","productId":"","purchaseBit":0,"licenseKey":""},{"campaignID":"9255","attribution":0,"priority":"8","appToPromote":{"appToPromoteID":"13274","usesDefaultFrameImage":"0","usesDefaultCloseImage":"0","marketURL":"https:\/\/play.google.com\/store\/apps\/details?id=com.facebook.katana","packageID":"com.salon.adsalon"},"showTemplate":1,"s2s_tracking_url":"https:\/\/play.google.com\/store\/apps\/details?id=com.facebook.katana","activeCreativeID":"4685","scenes":["12","1","8","6","15","2"],"campaignAdType":"Native","title":"native NA ","subTitle":"native NA ","description":"native NA added","adClickThroughText":"native NA ","productId":"","purchaseBit":0,"licenseKey":""},{"campaignID":"9257","attribution":0,"priority":"8","appToPromote":{"appToPromoteID":"12286","usesDefaultFrameImage":"0","usesDefaultCloseImage":"0","marketURL":"google.com","packageID":"com.qabrand.Chartboost_Native"},"showTemplate":1,"s2s_tracking_url":"google.com","activeCreativeID":"4688","scenes":["12","1","8","6","15","2"],"campaignAdType":"Native","title":"Native second updated","subTitle":"Native second ","description":"Native second details","adClickThroughText":"Native second ","productId":"","purchaseBit":0,"licenseKey":""},{"campaignID":"9263","attribution":0,"priority":"8","appToPromote":{"appToPromoteID":"12315","usesDefaultFrameImage":"0","usesDefaultCloseImage":"0","marketURL":"google.com","packageID":"com.qabrand.plnative"},"showTemplate":1,"s2s_tracking_url":"google.com","activeCreativeID":"4694","scenes":["12","1","8","6","15","2"],"campaignAdType":"Native","title":"test","subTitle":"test","description":" test details update","adClickThroughText":"test","productId":"","purchaseBit":0,"licenseKey":""},{"campaignID":"9547","attribution":0,"priority":"8","appToPromote":{"appToPromoteID":"11879","usesDefaultFrameImage":"0","usesDefaultCloseImage":"0","marketURL":"https:\/\/play.google.com\/store\/apps\/details?id=com.buntoo.car.racing.games","packageID":"com.buntoo.car.racing.games"},"showTemplate":1,"s2s_tracking_url":"https:\/\/play.google.com\/store\/apps\/details?id=com.buntoo.car.racing.games","activeCreativeID":"4964","scenes":["12","1","8","6","15","2"],"campaignAdType":"Interstitial","productId":"","purchaseBit":0,"licenseKey":""},{"campaignID":"9586","attribution":0,"priority":"8","appToPromote":{"appToPromoteID":"515","usesDefaultFrameImage":"1","usesDefaultCloseImage":"1","marketURL":"https:\/\/play.google.com\/store\/apps\/details?id=com.plum.cash.counter.simualtor","packageID":"com.plum.cash.counter.simualtor"},"showTemplate":1,"s2s_tracking_url":"https:\/\/play.google.com\/store\/apps\/details?id=com.plum.cash.counter.simualtor","activeCreativeID":"50","scenes":["12","1","8","6","15","2"],"campaignAdType":"Interstitial","productId":"","purchaseBit":0,"licenseKey":""},{"campaignID":"9587","attribution":0,"priority":"8","appToPromote":{"appToPromoteID":"515","usesDefaultFrameImage":"1","usesDefaultCloseImage":"1","marketURL":"https:\/\/play.google.com\/store\/apps\/details?id=com.plum.cash.counter.simualtor","packageID":"com.plum.cash.counter.simualtor"},"showTemplate":1,"s2s_tracking_url":"https:\/\/play.google.com\/store\/apps\/details?id=com.plum.cash.counter.simualtor","activeCreativeID":"50","scenes":["12","1","8","6","15","2"],"campaignAdType":"Interstitial","productId":"","purchaseBit":0,"licenseKey":""},{"campaignID":"9588","attribution":0,"priority":"8","appToPromote":{"appToPromoteID":"515","usesDefaultFrameImage":"1","usesDefaultCloseImage":"1","marketURL":"https:\/\/play.google.com\/store\/apps\/details?id=com.plum.cash.counter.simualtor","packageID":"com.plum.cash.counter.simualtor"},"showTemplate":1,"s2s_tracking_url":"https:\/\/play.google.com\/store\/apps\/details?id=com.plum.cash.counter.simualtor","activeCreativeID":"50","scenes":["12","1","8","6","15","2"],"campaignAdType":"Interstitial","productId":"","purchaseBit":0,"licenseKey":""},{"campaignID":"9589","attribution":0,"priority":"8","appToPromote":{"appToPromoteID":"515","usesDefaultFrameImage":"1","usesDefaultCloseImage":"1","marketURL":"https:\/\/play.google.com\/store\/apps\/details?id=com.plum.cash.counter.simualtor","packageID":"com.plum.cash.counter.simualtor"},"showTemplate":1,"s2s_tracking_url":"https:\/\/play.google.com\/store\/apps\/details?id=com.plum.cash.counter.simualtor","activeCreativeID":"50","scenes":["12","1","8","6","15","2"],"campaignAdType":"Interstitial","productId":"","purchaseBit":0,"licenseKey":""},{"campaignID":"9599","attribution":0,"priority":"8","appToPromote":{"appToPromoteID":"515","usesDefaultFrameImage":"1","usesDefaultCloseImage":"1","marketURL":"https:\/\/play.google.com\/store\/apps\/details?id=com.plum.cash.counter.simualtor","packageID":"com.plum.cash.counter.simualtor"},"showTemplate":1,"s2s_tracking_url":"https:\/\/play.google.com\/store\/apps\/details?id=com.plum.cash.counter.simualtor","activeCreativeID":"5001","scenes":["12","1","8","6","15","2"],"campaignAdType":"Icon","productId":"","purchaseBit":0,"licenseKey":""},{"campaignID":"9127","attribution":0,"priority":"8","appToPromote":{"appToPromoteID":"17528","usesDefaultFrameImage":"0","usesDefaultCloseImage":"0","marketURL":"https:\/\/play.google.com\/store\/apps\/details?id=net.one97.paytm","packageID":"net.one97.paytm"},"showTemplate":1,"s2s_tracking_url":"https:\/\/tha.gotrackier.com\/click?campaign_id=63249\\u0026pub_id=75?p1=2109_9127_8818&amp;source=6841&amp;app_name=USArmyCommandoSurvival-FPSShooter&amp;gaid=8818","activeCreativeID":"4788","scenes":["12","1","8","6","15","2"],"campaignAdType":"Native","title":"BCA","subTitle":"FW","description":"nope","adClickThroughText":"Link","productId":"","purchaseBit":0,"licenseKey":""},{"campaignID":"9131","attribution":0,"priority":"8","appToPromote":{"appToPromoteID":"17532","usesDefaultFrameImage":"0","usesDefaultCloseImage":"0","marketURL":"https:\/\/play.google.com\/store\/apps\/details?id=com.dhgate.buyermob","packageID":"com.dhgate.buyermob"},"showTemplate":1,"s2s_tracking_url":"https:\/\/tha.gotrackier.com\/click?campaign_id=63254\\u0026pub_id=75?p1=2109_9131_8818&amp;source=6841&amp;app_name=USArmyCommandoSurvival-FPSShooter&amp;gaid=8818","activeCreativeID":"4483","scenes":["12","1","8","6","15","2"],"campaignAdType":"Interstitial","productId":"","purchaseBit":0,"licenseKey":""},{"campaignID":"8380","attribution_link":"","attribution":1,"priority":"7","appToPromote":{"appToPromoteID":"16480","usesDefaultFrameImage":"0","usesDefaultCloseImage":"0","marketURL":"https:\/\/play.google.com\/store\/apps\/details?id=com.nag.home.manager.working.virtual.mom","packageID":"com.GSS317.AmazingFamily"},"showTemplate":1,"s2s_tracking_url":"","activeCreativeID":"3720","scenes":["12","1","8","6","15","2"],"campaignAdType":"Interstitial","productId":"","purchaseBit":0,"licenseKey":""},{"campaignID":"444","attribution":0,"priority":"6","appToPromote":{"appToPromoteID":"3355","usesDefaultFrameImage":"0","usesDefaultCloseImage":"0","marketURL":"https:\/\/play.google.com\/store\/apps\/details?id=com.popnsons.parkour.mouse","packageID":"com.popnsons.parkour.mouse"},"showTemplate":1,"s2s_tracking_url":"https:\/\/play.google.com\/store\/apps\/details?id=com.popnsons.parkour.mouse","activeCreativeID":"469","scenes":["12","1","8","6","15","2"],"campaignAdType":"Interstitial","productId":"","purchaseBit":0,"licenseKey":""},{"campaignID":"561","attribution":0,"priority":"6","appToPromote":{"appToPromoteID":"5026","usesDefaultFrameImage":"0","usesDefaultCloseImage":"0","marketURL":"https:\/\/play.google.com\/store\/apps\/details?id=com.as.cashupapp","packageID":"com.as.cashupapp"},"showTemplate":1,"s2s_tracking_url":"https:\/\/play.google.com\/store\/apps\/details?id=com.as.cashupapp","activeCreativeID":"652","scenes":["12","1","8","6","15","2"],"campaignAdType":"Interstitial","productId":"","purchaseBit":0,"licenseKey":""},{"campaignID":"570","attribution":0,"priority":"6","appToPromote":{"appToPromoteID":"3802","usesDefaultFrameImage":"0","usesDefaultCloseImage":"0","marketURL":"https:\/\/play.google.com\/store\/apps\/details?id=com.Madxstudios.Flickshootsoccer","packageID":"com.Madxstudios.Flickshootsoccer"},"showTemplate":1,"s2s_tracking_url":"https:\/\/play.google.com\/store\/apps\/details?id=com.Madxstudios.Flickshootsoccer","activeCreativeID":"661","scenes":["12","1","8","6","15","2"],"campaignAdType":"Interstitial","productId":"","purchaseBit":0,"licenseKey":""},{"campaignID":"588","attribution":0,"priority":"6","appToPromote":{"appToPromoteID":"5026","usesDefaultFrameImage":"0","usesDefaultCloseImage":"0","marketURL":"https:\/\/play.google.com\/store\/apps\/details?id=com.as.cashupapp","packageID":"com.as.cashupapp"},"showTemplate":1,"s2s_tracking_url":"https:\/\/play.google.com\/store\/apps\/details?id=com.as.cashupapp","activeCreativeID":"652","scenes":["12","1","8","6","15","2"],"campaignAdType":"Interstitial","productId":"","purchaseBit":0,"licenseKey":""},{"campaignID":"8808","attribution_link":"","attribution":1,"priority":"5","appToPromote":{"appToPromoteID":"16528","usesDefaultFrameImage":"0","usesDefaultCloseImage":"0","marketURL":"https:\/\/play.google.com\/store\/apps\/details?id=com.bag.farm.day.village.farming.games","packageID":"com.GSS317.com.bag.farm.day.village.farming.games"},"showTemplate":1,"s2s_tracking_url":"","activeCreativeID":"3775","scenes":["12","1","8","6","15","2"],"campaignAdType":"Interstitial","productId":"","purchaseBit":0,"licenseKey":""},{"campaignID":"8973","attribution":0,"priority":"5","appToPromote":{"appToPromoteID":"15974","usesDefaultFrameImage":"0","usesDefaultCloseImage":"0","marketURL":"https:\/\/play.google.com\/store\/apps\/details?id=com.mustardgames.bmx.cycle.stunt.mega.ramp.impossibletracks","packageID":"com.mustardgames.bmx.cycle.stunt.mega.ramp.impossibletracks"},"showTemplate":1,"s2s_tracking_url":"https:\/\/play.google.com\/store\/apps\/details?id=com.mustardgames.bmx.cycle.stunt.mega.ramp.impossibletracks","activeCreativeID":"4339","scenes":["12","1","8","6","15","2"],"campaignAdType":"Interstitial","productId":"","purchaseBit":0,"licenseKey":""},{"campaignID":"414","attribution":0,"priority":"3","appToPromote":{"appToPromoteID":"3023","usesDefaultFrameImage":"0","usesDefaultCloseImage":"0","marketURL":"https:\/\/play.google.com\/store\/apps\/details?id=com.appricot2d.rolo.pet.parrot","packageID":"com.appricot2d.rolo.pet.parrot"},"showTemplate":1,"s2s_tracking_url":"https:\/\/play.google.com\/store\/apps\/details?id=com.appricot2d.rolo.pet.parrot","activeCreativeID":"385","scenes":["12","1","8","6","15","2"],"campaignAdType":"Interstitial","productId":"","purchaseBit":0,"licenseKey":""},{"campaignID":"559","attribution":0,"priority":"3","appToPromote":{"appToPromoteID":"3476","usesDefaultFrameImage":"0","usesDefaultCloseImage":"0","marketURL":"https:\/\/play.google.com\/store\/apps\/details?id=com.perspectivegames.real.impossible.tracks.stunts","packageID":"com.perspectivegames.real.impossible.tracks.stunts"},"showTemplate":1,"s2s_tracking_url":"https:\/\/play.google.com\/store\/apps\/details?id=com.perspectivegames.real.impossible.tracks.stunts","activeCreativeID":"649","scenes":["12","1","8","6","15","2"],"campaignAdType":"Interstitial","productId":"","purchaseBit":0,"licenseKey":""},{"campaignID":"741","attribution":0,"priority":"3","appToPromote":{"appToPromoteID":"5609","usesDefaultFrameImage":"0","usesDefaultCloseImage":"0","marketURL":"https:\/\/play.google.com\/store\/apps\/details?id=com.kick.gyroscopic.city.train.driver.simulator","packageID":"com.kick.gyroscopic.city.train.driver.simulator"},"showTemplate":1,"s2s_tracking_url":"https:\/\/play.google.com\/store\/apps\/details?id=com.kick.gyroscopic.city.train.driver.simulator","activeCreativeID":"753","scenes":["12","1","8","6","15","2"],"campaignAdType":"Interstitial","productId":"","purchaseBit":0,"licenseKey":""},{"campaignID":"798","attribution":0,"priority":"3","appToPromote":{"appToPromoteID":"5770","usesDefaultFrameImage":"0","usesDefaultCloseImage":"0","marketURL":"https:\/\/play.google.com\/store\/apps\/details?id=com.simulatorgames3d.alohacelebrations","packageID":"com.simulatorgames3d.alohacelebrations"},"showTemplate":1,"s2s_tracking_url":"https:\/\/play.google.com\/store\/apps\/details?id=com.simulatorgames3d.alohacelebrations","activeCreativeID":"787","scenes":["12","1","8","6","15","2"],"campaignAdType":"Interstitial","productId":"","purchaseBit":0,"licenseKey":""},{"campaignID":"1483","attribution":0,"priority":"3","appToPromote":{"appToPromoteID":"1714","usesDefaultFrameImage":"1","usesDefaultCloseImage":"1","marketURL":"https:\/\/play.google.com\/store\/apps\/details?id=com.playink.cookie.maker","packageID":"com.playink.cookie.maker"},"showTemplate":1,"s2s_tracking_url":"https:\/\/play.google.com\/store\/apps\/details?id=com.playink.cookie.maker","activeCreativeID":"1020","scenes":["12","1","8","6","15","2"],"campaignAdType":"Interstitial","productId":"","purchaseBit":0,"licenseKey":""},{"campaignID":"8762","attribution":0,"priority":"2","appToPromote":{"appToPromoteID":"13265","usesDefaultFrameImage":"0","usesDefaultCloseImage":"0","marketURL":"https:\/\/play.google.com\/store\/apps\/details?id=com.rhg.tricky.bike.stunt.moto.master","packageID":"com.rhg.tricky.bike.stunt.moto.master"},"showTemplate":1,"s2s_tracking_url":"https:\/\/play.google.com\/store\/apps\/details?id=com.rhg.tricky.bike.stunt.moto.master","activeCreativeID":"4121","scenes":["12","1","8","6","15","2"],"campaignAdType":"Rewarded Video","productId":"","purchaseBit":0,"licenseKey":""},{"campaignID":"9366","attribution":0,"priority":"2","appToPromote":{"appToPromoteID":"17602","usesDefaultFrameImage":"0","usesDefaultCloseImage":"0","marketURL":"https:\/\/play.google.com\/store\/apps\/details?id=com.abaenglish.videoclass&amp;referrer=utm_source=42matters.com&amp;utm_medium=api","packageID":"com.abaenglish.videoclass"},"showTemplate":1,"s2s_tracking_url":"https:\/\/play.google.com\/store\/apps\/details?id=com.abaenglish.videoclass&amp;referrer=utm_source=42matters.com&amp;utm_medium=api","activeCreativeID":"4815","scenes":["12","1","8","6","15","2"],"campaignAdType":"Interstitial","productId":"","purchaseBit":0,"licenseKey":""},{"campaignID":"9367","attribution":0,"priority":"2","appToPromote":{"appToPromoteID":"17602","usesDefaultFrameImage":"0","usesDefaultCloseImage":"0","marketURL":"https:\/\/play.google.com\/store\/apps\/details?id=com.abaenglish.videoclass&amp;referrer=utm_source=42matters.com&amp;utm_medium=api","packageID":"com.abaenglish.videoclass"},"showTemplate":1,"s2s_tracking_url":"https:\/\/play.google.com\/store\/apps\/details?id=com.abaenglish.videoclass&amp;referrer=utm_source=42matters.com&amp;utm_medium=api","activeCreativeID":"4815","scenes":["12","1","8","6","15","2"],"campaignAdType":"Interstitial","productId":"","purchaseBit":0,"licenseKey":""}],"refreshAdRate":30,"mode":"Production","aspectRatio":"4_3","cdnPath":"https:\/\/df8ymybeo92md.cloudfront.net\/images\/","sentry_log":0,"local_logging":0,"sentry_dsn":"https:\/\/93ffa1c9a4124f67b8888a53265f751a:bbf998e04584477fa9a145838e9d3b26@sentry.io\/168994","sentry_initialization":1,"sentry_debugging":0,"bannerSizes":["1","2"],"aspectRatioVideo":"16_9","app_id":"2109","showPreRewardedDialogue":0,"showPostRewardedDialogue":0,"rewardCurrency":"coins","rewardValue":0,"isSkipable":0,"privacyPolicyURL":"https:\/\/www.consoliads.com\/privacy-policy\/","sessionToken":"xWsSTUwpxYB5djr4Ex6Cmt1li+eUkH7W8UeP0hifKBubh1KdDUOE\/KHUwFIKB+ckdgn+Cu9pmVaaFhau0jLwcy2Ka\/ohNdAel2MHc\/O+2uutcD90skGnTWY+5pxqX27mAcVeb7ujTbbg0QR4OKcuHxFqbUeXf9hX2tQXtMZuYSc="}
Session token value is set


{"appKey":"a3040901882682cf28d8e6242b545b11","deviceID":"3355","stats":[{"campaignID":134,"packageID":"com.tgp.offroad.multi.truck.transport","sceneStats":[{"sceneID":"9","eventStats":"334,234,134,34,34,0,0"}]}],"sdkVersion":"39","sessionToken":"xWsSTUwpxYB5djr4Ex6Cmt1li+eUkH7W8UeP0hifKBubh1KdDUOE\/KHUwFIKB+ckdgn+Cu9pmVaaFhau0jLwcy2Ka\/ohNdAel2MHc\/O+2uutcD90skGnTWY+5pxqX27mAcVeb7ujTbbg0QR4OKcuHxFqbUeXf9hX2tQXtMZuYSc="}
cache_ttl value is correct

Refresh Ad Rate value is correct
mode value is set

 Aspect ratio value is correct
sentry_log value is set
local_logging value is set
sentry_initialization value is set
sentry_debugging value is set
showPreRewardedDialogue value is set
showPostRewardedDialogue value is set
isSkipable value is set
{"cache_ttl":10080,"cache_ttl_rewarded":10080,"cache_ttl_banner":10080,"cache_ttl_native":10080,"cache_ttl_icon":10080,"campaigns":[{"campaignID":"8378","attribution":0,"priority":"8","appToPromote":{"appToPromoteID":"16480","usesDefaultFrameImage":"0","usesDefaultCloseImage":"0","marketURL":"https:\/\/play.google.com\/store\/apps\/details?id=com.nag.home.manager.working.virtual.mom","packageID":"com.GSS317.AmazingFamily"},"showTemplate":1,"s2s_tracking_url":"https:\/\/play.google.com\/store\/apps\/details?id=com.nag.home.manager.working.virtual.mom","activeCreativeID":"3720","scenes":["12","1","8","6","15","2"],"campaignAdType":"Interstitial","productId":"","purchaseBit":0,"licenseKey":""},{"campaignID":"9547","attribution":0,"priority":"8","appToPromote":{"appToPromoteID":"11879","usesDefaultFrameImage":"0","usesDefaultCloseImage":"0","marketURL":"https:\/\/play.google.com\/store\/apps\/details?id=com.buntoo.car.racing.games","packageID":"com.buntoo.car.racing.games"},"showTemplate":1,"s2s_tracking_url":"https:\/\/play.google.com\/store\/apps\/details?id=com.buntoo.car.racing.games","activeCreativeID":"4964","scenes":["12","1","8","6","15","2"],"campaignAdType":"Interstitial","productId":"","purchaseBit":0,"licenseKey":""},{"campaignID":"9586","attribution":0,"priority":"8","appToPromote":{"appToPromoteID":"515","usesDefaultFrameImage":"1","usesDefaultCloseImage":"1","marketURL":"https:\/\/play.google.com\/store\/apps\/details?id=com.plum.cash.counter.simualtor","packageID":"com.plum.cash.counter.simualtor"},"showTemplate":1,"s2s_tracking_url":"https:\/\/play.google.com\/store\/apps\/details?id=com.plum.cash.counter.simualtor","activeCreativeID":"50","scenes":["12","1","8","6","15","2"],"campaignAdType":"Interstitial","productId":"","purchaseBit":0,"licenseKey":""},{"campaignID":"9587","attribution":0,"priority":"8","appToPromote":{"appToPromoteID":"515","usesDefaultFrameImage":"1","usesDefaultCloseImage":"1","marketURL":"https:\/\/play.google.com\/store\/apps\/details?id=com.plum.cash.counter.simualtor","packageID":"com.plum.cash.counter.simualtor"},"showTemplate":1,"s2s_tracking_url":"https:\/\/play.google.com\/store\/apps\/details?id=com.plum.cash.counter.simualtor","activeCreativeID":"50","scenes":["12","1","8","6","15","2"],"campaignAdType":"Interstitial","productId":"","purchaseBit":0,"licenseKey":""},{"campaignID":"9588","attribution":0,"priority":"8","appToPromote":{"appToPromoteID":"515","usesDefaultFrameImage":"1","usesDefaultCloseImage":"1","marketURL":"https:\/\/play.google.com\/store\/apps\/details?id=com.plum.cash.counter.simualtor","packageID":"com.plum.cash.counter.simualtor"},"showTemplate":1,"s2s_tracking_url":"https:\/\/play.google.com\/store\/apps\/details?id=com.plum.cash.counter.simualtor","activeCreativeID":"50","scenes":["12","1","8","6","15","2"],"campaignAdType":"Interstitial","productId":"","purchaseBit":0,"licenseKey":""},{"campaignID":"9589","attribution":0,"priority":"8","appToPromote":{"appToPromoteID":"515","usesDefaultFrameImage":"1","usesDefaultCloseImage":"1","marketURL":"https:\/\/play.google.com\/store\/apps\/details?id=com.plum.cash.counter.simualtor","packageID":"com.plum.cash.counter.simualtor"},"showTemplate":1,"s2s_tracking_url":"https:\/\/play.google.com\/store\/apps\/details?id=com.plum.cash.counter.simualtor","activeCreativeID":"50","scenes":["12","1","8","6","15","2"],"campaignAdType":"Interstitial","productId":"","purchaseBit":0,"licenseKey":""},{"campaignID":"9131","attribution":0,"priority":"8","appToPromote":{"appToPromoteID":"17532","usesDefaultFrameImage":"0","usesDefaultCloseImage":"0","marketURL":"https:\/\/play.google.com\/store\/apps\/details?id=com.dhgate.buyermob","packageID":"com.dhgate.buyermob"},"showTemplate":1,"s2s_tracking_url":"https:\/\/tha.gotrackier.com\/click?campaign_id=63254\\u0026pub_id=75?p1=2130_9131_3355&amp;source=6841&amp;app_name=OffRoadMultiTruckTransport&amp;gaid=3355","activeCreativeID":"4483","scenes":["12","1","8","6","15","2"],"campaignAdType":"Interstitial","productId":"","purchaseBit":0,"licenseKey":""},{"campaignID":"8380","attribution_link":"","attribution":1,"priority":"7","appToPromote":{"appToPromoteID":"16480","usesDefaultFrameImage":"0","usesDefaultCloseImage":"0","marketURL":"https:\/\/play.google.com\/store\/apps\/details?id=com.nag.home.manager.working.virtual.mom","packageID":"com.GSS317.AmazingFamily"},"showTemplate":1,"s2s_tracking_url":"","activeCreativeID":"3720","scenes":["12","1","8","6","15","2"],"campaignAdType":"Interstitial","productId":"","purchaseBit":0,"licenseKey":""},{"campaignID":"444","attribution":0,"priority":"6","appToPromote":{"appToPromoteID":"3355","usesDefaultFrameImage":"0","usesDefaultCloseImage":"0","marketURL":"https:\/\/play.google.com\/store\/apps\/details?id=com.popnsons.parkour.mouse","packageID":"com.popnsons.parkour.mouse"},"showTemplate":1,"s2s_tracking_url":"https:\/\/play.google.com\/store\/apps\/details?id=com.popnsons.parkour.mouse","activeCreativeID":"469","scenes":["12","1","8","6","15","2"],"campaignAdType":"Interstitial","productId":"","purchaseBit":0,"licenseKey":""},{"campaignID":"561","attribution":0,"priority":"6","appToPromote":{"appToPromoteID":"5026","usesDefaultFrameImage":"0","usesDefaultCloseImage":"0","marketURL":"https:\/\/play.google.com\/store\/apps\/details?id=com.as.cashupapp","packageID":"com.as.cashupapp"},"showTemplate":1,"s2s_tracking_url":"https:\/\/play.google.com\/store\/apps\/details?id=com.as.cashupapp","activeCreativeID":"652","scenes":["12","1","8","6","15","2"],"campaignAdType":"Interstitial","productId":"","purchaseBit":0,"licenseKey":""},{"campaignID":"570","attribution":0,"priority":"6","appToPromote":{"appToPromoteID":"3802","usesDefaultFrameImage":"0","usesDefaultCloseImage":"0","marketURL":"https:\/\/play.google.com\/store\/apps\/details?id=com.Madxstudios.Flickshootsoccer","packageID":"com.Madxstudios.Flickshootsoccer"},"showTemplate":1,"s2s_tracking_url":"https:\/\/play.google.com\/store\/apps\/details?id=com.Madxstudios.Flickshootsoccer","activeCreativeID":"661","scenes":["12","1","8","6","15","2"],"campaignAdType":"Interstitial","productId":"","purchaseBit":0,"licenseKey":""},{"campaignID":"588","attribution":0,"priority":"6","appToPromote":{"appToPromoteID":"5026","usesDefaultFrameImage":"0","usesDefaultCloseImage":"0","marketURL":"https:\/\/play.google.com\/store\/apps\/details?id=com.as.cashupapp","packageID":"com.as.cashupapp"},"showTemplate":1,"s2s_tracking_url":"https:\/\/play.google.com\/store\/apps\/details?id=com.as.cashupapp","activeCreativeID":"652","scenes":["12","1","8","6","15","2"],"campaignAdType":"Interstitial","productId":"","purchaseBit":0,"licenseKey":""},{"campaignID":"8808","attribution_link":"","attribution":1,"priority":"5","appToPromote":{"appToPromoteID":"16528","usesDefaultFrameImage":"0","usesDefaultCloseImage":"0","marketURL":"https:\/\/play.google.com\/store\/apps\/details?id=com.bag.farm.day.village.farming.games","packageID":"com.GSS317.com.bag.farm.day.village.farming.games"},"showTemplate":1,"s2s_tracking_url":"","activeCreativeID":"3775","scenes":["12","1","8","6","15","2"],"campaignAdType":"Interstitial","productId":"","purchaseBit":0,"licenseKey":""},{"campaignID":"8973","attribution":0,"priority":"5","appToPromote":{"appToPromoteID":"15974","usesDefaultFrameImage":"0","usesDefaultCloseImage":"0","marketURL":"https:\/\/play.google.com\/store\/apps\/details?id=com.mustardgames.bmx.cycle.stunt.mega.ramp.impossibletracks","packageID":"com.mustardgames.bmx.cycle.stunt.mega.ramp.impossibletracks"},"showTemplate":1,"s2s_tracking_url":"https:\/\/play.google.com\/store\/apps\/details?id=com.mustardgames.bmx.cycle.stunt.mega.ramp.impossibletracks","activeCreativeID":"4339","scenes":["12","1","8","6","15","2"],"campaignAdType":"Interstitial","productId":"","purchaseBit":0,"licenseKey":""},{"campaignID":"557","attribution":0,"priority":"4","appToPromote":{"appToPromoteID":"4959","usesDefaultFrameImage":"0","usesDefaultCloseImage":"0","marketURL":"https:\/\/play.google.com\/store\/apps\/details?id=com.jet.plane.surfers.joyride.dash","packageID":"com.jet.plane.surfers.joyride.dash"},"showTemplate":1,"s2s_tracking_url":"https:\/\/play.google.com\/store\/apps\/details?id=com.jet.plane.surfers.joyride.dash","activeCreativeID":"645","scenes":["12","1","8","6","15","2"],"campaignAdType":"Interstitial","productId":"","purchaseBit":0,"licenseKey":""},{"campaignID":"414","attribution":0,"priority":"3","appToPromote":{"appToPromoteID":"3023","usesDefaultFrameImage":"0","usesDefaultCloseImage":"0","marketURL":"https:\/\/play.google.com\/store\/apps\/details?id=com.appricot2d.rolo.pet.parrot","packageID":"com.appricot2d.rolo.pet.parrot"},"showTemplate":1,"s2s_tracking_url":"https:\/\/play.google.com\/store\/apps\/details?id=com.appricot2d.rolo.pet.parrot","activeCreativeID":"385","scenes":["12","1","8","6","15","2"],"campaignAdType":"Interstitial","productId":"","purchaseBit":0,"licenseKey":""},{"campaignID":"559","attribution":0,"priority":"3","appToPromote":{"appToPromoteID":"3476","usesDefaultFrameImage":"0","usesDefaultCloseImage":"0","marketURL":"https:\/\/play.google.com\/store\/apps\/details?id=com.perspectivegames.real.impossible.tracks.stunts","packageID":"com.perspectivegames.real.impossible.tracks.stunts"},"showTemplate":1,"s2s_tracking_url":"https:\/\/play.google.com\/store\/apps\/details?id=com.perspectivegames.real.impossible.tracks.stunts","activeCreativeID":"649","scenes":["12","1","8","6","15","2"],"campaignAdType":"Interstitial","productId":"","purchaseBit":0,"licenseKey":""},{"campaignID":"741","attribution":0,"priority":"3","appToPromote":{"appToPromoteID":"5609","usesDefaultFrameImage":"0","usesDefaultCloseImage":"0","marketURL":"https:\/\/play.google.com\/store\/apps\/details?id=com.kick.gyroscopic.city.train.driver.simulator","packageID":"com.kick.gyroscopic.city.train.driver.simulator"},"showTemplate":1,"s2s_tracking_url":"https:\/\/play.google.com\/store\/apps\/details?id=com.kick.gyroscopic.city.train.driver.simulator","activeCreativeID":"753","scenes":["12","1","8","6","15","2"],"campaignAdType":"Interstitial","productId":"","purchaseBit":0,"licenseKey":""},{"campaignID":"798","attribution":0,"priority":"3","appToPromote":{"appToPromoteID":"5770","usesDefaultFrameImage":"0","usesDefaultCloseImage":"0","marketURL":"https:\/\/play.google.com\/store\/apps\/details?id=com.simulatorgames3d.alohacelebrations","packageID":"com.simulatorgames3d.alohacelebrations"},"showTemplate":1,"s2s_tracking_url":"https:\/\/play.google.com\/store\/apps\/details?id=com.simulatorgames3d.alohacelebrations","activeCreativeID":"787","scenes":["12","1","8","6","15","2"],"campaignAdType":"Interstitial","productId":"","purchaseBit":0,"licenseKey":""},{"campaignID":"1483","attribution":0,"priority":"3","appToPromote":{"appToPromoteID":"1714","usesDefaultFrameImage":"1","usesDefaultCloseImage":"1","marketURL":"https:\/\/play.google.com\/store\/apps\/details?id=com.playink.cookie.maker","packageID":"com.playink.cookie.maker"},"showTemplate":1,"s2s_tracking_url":"https:\/\/play.google.com\/store\/apps\/details?id=com.playink.cookie.maker","activeCreativeID":"1020","scenes":["12","1","8","6","15","2"],"campaignAdType":"Interstitial","productId":"","purchaseBit":0,"licenseKey":""},{"campaignID":"8762","attribution":0,"priority":"2","appToPromote":{"appToPromoteID":"13265","usesDefaultFrameImage":"0","usesDefaultCloseImage":"0","marketURL":"https:\/\/play.google.com\/store\/apps\/details?id=com.rhg.tricky.bike.stunt.moto.master","packageID":"com.rhg.tricky.bike.stunt.moto.master"},"showTemplate":1,"s2s_tracking_url":"https:\/\/play.google.com\/store\/apps\/details?id=com.rhg.tricky.bike.stunt.moto.master","activeCreativeID":"4121","scenes":["12","1","8","6","15","2"],"campaignAdType":"Rewarded Video","productId":"","purchaseBit":0,"licenseKey":""},{"campaignID":"9366","attribution":0,"priority":"2","appToPromote":{"appToPromoteID":"17602","usesDefaultFrameImage":"0","usesDefaultCloseImage":"0","marketURL":"https:\/\/play.google.com\/store\/apps\/details?id=com.abaenglish.videoclass&amp;referrer=utm_source=42matters.com&amp;utm_medium=api","packageID":"com.abaenglish.videoclass"},"showTemplate":1,"s2s_tracking_url":"https:\/\/play.google.com\/store\/apps\/details?id=com.abaenglish.videoclass&amp;referrer=utm_source=42matters.com&amp;utm_medium=api","activeCreativeID":"4815","scenes":["12","1","8","6","15","2"],"campaignAdType":"Interstitial","productId":"","purchaseBit":0,"licenseKey":""}],"refreshAdRate":30,"mode":"Production","aspectRatio":"4_3","cdnPath":"https:\/\/df8ymybeo92md.cloudfront.net\/images\/","sentry_log":0,"local_logging":0,"sentry_dsn":"https:\/\/93ffa1c9a4124f67b8888a53265f751a:bbf998e04584477fa9a145838e9d3b26@sentry.io\/168994","sentry_initialization":1,"sentry_debugging":0,"bannerSizes":["5"],"aspectRatioVideo":"16_9","app_id":"2130","showPreRewardedDialogue":0,"showPostRewardedDialogue":0,"rewardCurrency":"coins","rewardValue":0,"isSkipable":0,"privacyPolicyURL":"https:\/\/www.consoliads.com\/privacy-policy\/","sessionToken":"6nxEIB3FaXn4vVUvg+ApDx75d5JoSWNRfR8SjNdukyCjJAoNT+c3eCzLdMeeB2Ds7BMlD9Ff6fPORfF97btI69HYktHDJaV9bWM4D94W9a7mySAgA7b\/UixkJwCtTnQVokYE8dlX8QDF0nKr3+3E4yU6mAHFbhLVjwYsGCSAPJ0="}
Session token value is set

mode value is set

 Aspect ratio value is correct
sentry_log value is set
Session token value is set


{"appKey":"934628f5152161a94cdb52489ea8b7b5","deviceID":"4937","stats":[{"campaignID":143,"packageID":"com.mizo.sports.car.mechanic","sceneStats":[{"sceneID":"13","eventStats":"349,249,149,49,49,0,0"}]}],"sdkVersion":"2216","sessionToken":"qtMTS4+Hkd8kW4Hzso7FRNpz+txUM+l7KHaod6bK5KtJVMWSRVP3nWTe+0WCKYg\/M3orQnJCYf9iezrdO5VdlydxNAUEGGiRyqVVEfJm1Eq+5g3vRBhPi\/PeGAFuBTNVGubFiRU0NxxLb9qXs6pEuo1w6K8L7sv\/rYzRcPpQnhE="}
cache_ttl value is correct

Refresh Ad Rate value is correct
mode value is set

 Aspect ratio value is correct
sentry_log value is set
local_logging value is set
sentry_initialization value is set
sentry_debugging value is set
showPreRewardedDialogue value is set
showPostRewardedDialogue value is set
isSkipable value is set
{"cache_ttl":10080,"cache_ttl_rewarded":10080,"cache_ttl_banner":10080,"cache_ttl_native":10080,"cache_ttl_icon":10080,"campaigns":[{"campaignID":"9277","attribution_link":"","attribution":1,"priority":"5","appToPromote":{"appToPromoteID":"17609","usesDefaultFrameImage":"0","usesDefaultCloseImage":"0","marketURL":"https:\/\/smartbear.com\/learn\/automated-testing\/test-automation-frameworks\/","packageID":"com.buntoo.buntooAd"},"showTemplate":1,"s2s_tracking_url":"","activeCreativeID":"4702","scenes":["1","2","6","4","5"],"campaignAdType":"Interstitial","productId":"","purchaseBit":0,"licenseKey":""},{"campaignID":"9278","attribution":0,"priority":"5","appToPromote":{"appToPromoteID":"17609","usesDefaultFrameImage":"0","usesDefaultCloseImage":"0","marketURL":"https:\/\/smartbear.com\/learn\/automated-testing\/test-automation-frameworks\/","packageID":"com.buntoo.buntooAd"},"showTemplate":1,"s2s_tracking_url":"https:\/\/smartbear.com\/learn\/automated-testing\/test-automation-frameworks\/","activeCreativeID":"4701","scenes":["1","2","6","4","5"],"campaignAdType":"Interstitial","productId":"","purchaseBit":0,"licenseKey":""},{"campaignID":"9279","attribution":0,"priority":"5","appToPromote":{"appToPromoteID":"17609","usesDefaultFrameImage":"0","usesDefaultCloseImage":"0","marketURL":"https:\/\/smartbear.com\/learn\/automated-testing\/test-automation-frameworks\/","packageID":"com.buntoo.buntooAd"},"showTemplate":1,"s2s_tracking_url":"https:\/\/smartbear.com\/learn\/automated-testing\/test-automation-frameworks\/","activeCreativeID":"4701","scenes":["1","2","6","4","5"],"campaignAdType":"Interstitial","productId":"","purchaseBit":0,"licenseKey":""},{"campaignID":"9280","attribution":0,"priority":"5","appToPromote":{"appToPromoteID":"17609","usesDefaultFrameImage":"0","usesDefaultCloseImage":"0","marketURL":"https:\/\/smartbear.com\/learn\/automated-testing\/test-automation-frameworks\/","packageID":"com.buntoo.buntooAd"},"showTemplate":1,"s2s_tracking_url":"https:\/\/smartbear.com\/learn\/automated-testing\/test-automation-frameworks\/","activeCreativeID":"4701","scenes":["1","2","6","4","5"],"campaignAdType":"Interstitial","productId":"","purchaseBit":0,"licenseKey":""},{"campaignID":"9281","attribution":0,"priority":"5","appToPromote":{"appToPromoteID":"17609","usesDefaultFrameImage":"0","usesDefaultCloseImage":"0","marketURL":"https:\/\/smartbear.com\/learn\/automated-testing\/test-automation-frameworks\/","packageID":"com.buntoo.buntooAd"},"showTemplate":1,"s2s_tracking_url":"https:\/\/smartbear.com\/learn\/automated-testing\/test-automation-frameworks\/","activeCreativeID":"4701","scenes":["1","2","6","4","5"],"campaignAdType":"Interstitial","productId":"","purchaseBit":0,"licenseKey":""},{"campaignID":"9282","attribution":0,"priority":"5","appToPromote":{"appToPromoteID":"17609","usesDefaultFrameImage":"0","usesDefaultCloseImage":"0","marketURL":"https:\/\/smartbear.com\/learn\/automated-testing\/test-automation-frameworks\/","packageID":"com.buntoo.buntooAd"},"showTemplate":1,"s2s_tracking_url":"https:\/\/smartbear.com\/learn\/automated-testing\/test-automation-frameworks\/","activeCreativeID":"4701","scenes":["1","2","6","4","5"],"campaignAdType":"Interstitial","productId":"","purchaseBit":0,"licenseKey":""},{"campaignID":"9283","attribution":0,"priority":"5","appToPromote":{"appToPromoteID":"17609","usesDefaultFrameImage":"0","usesDefaultCloseImage":"0","marketURL":"https:\/\/smartbear.com\/learn\/automated-testing\/test-automation-frameworks\/","packageID":"com.buntoo.buntooAd"},"showTemplate":1,"s2s_tracking_url":"https:\/\/smartbear.com\/learn\/automated-testing\/test-automation-frameworks\/","activeCreativeID":"4701","scenes":["1","2","6","4","5"],"campaignAdType":"Interstitial","productId":"","purchaseBit":0,"licenseKey":""},{"campaignID":"9285","attribution":0,"priority":"5","appToPromote":{"appToPromoteID":"14746","usesDefaultFrameImage":"0","usesDefaultCloseImage":"0","marketURL":"https:\/\/play.google.com\/store\/apps\/details?id=com.buntoo.army.bus.parking","packageID":"com.buntoo.army.bus.parking"},"showTemplate":1,"s2s_tracking_url":"https:\/\/play.google.com\/store\/apps\/details?id=com.buntoo.army.bus.parking","activeCreativeID":"4710","scenes":["1","2","6","4","5"],"campaignAdType":"Interstitial","productId":"","purchaseBit":0,"licenseKey":""},{"campaignID":"9287","attribution":0,"priority":"5","appToPromote":{"appToPromoteID":"14746","usesDefaultFrameImage":"0","usesDefaultCloseImage":"0","marketURL":"https:\/\/play.google.com\/store\/apps\/details?id=com.buntoo.army.bus.parking","packageID":"com.buntoo.army.bus.parking"},"showTemplate":1,"s2s_tracking_url":"https:\/\/play.google.com\/store\/apps\/details?id=com.buntoo.army.bus.parking","activeCreativeID":"4710","scenes":["1","2","6","4","5"],"campaignAdType":"Interstitial","productId":"","purchaseBit":0,"licenseKey":""},{"campaignID":"9289","attribution":0,"priority":"5","appToPromote":{"appToPromoteID":"17609","usesDefaultFrameImage":"0","usesDefaultCloseImage":"0","marketURL":"https:\/\/smartbear.com\/learn\/automated-testing\/test-automation-frameworks\/","packageID":"com.buntoo.buntooAd"},"showTemplate":1,"s2s_tracking_url":"https:\/\/smartbear.com\/learn\/automated-testing\/test-automation-frameworks\/","activeCreativeID":"4701","scenes":["1","2","6","4","5"],"campaignAdType":"Interstitial","productId":"","purchaseBit":0,"licenseKey":""},{"campaignID":"9290","attribution":0,"priority":"5","appToPromote":{"appToPromoteID":"17609","usesDefaultFrameImage":"0","usesDefaultCloseImage":"0","marketURL":"https:\/\/smartbear.com\/learn\/automated-testing\/test-automation-frameworks\/","packageID":"com.buntoo.buntooAd"},"showTemplate":1,"s2s_tracking_url":"https:\/\/smartbear.com\/learn\/automated-testing\/test-automation-frameworks\/","activeCreativeID":"4701","scenes":["1","2","6","4","5"],"campaignAdType":"Interstitial","productId":"","purchaseBit":0,"licenseKey":""},{"campaignID":"9293","attribution":0,"priority":"5","appToPromote":{"appToPromoteID":"17609","usesDefaultFrameImage":"0","usesDefaultCloseImage":"0","marketURL":"https:\/\/smartbear.com\/learn\/automated-testing\/test-automation-frameworks\/","packageID":"com.buntoo.buntooAd"},"showTemplate":1,"s2s_tracking_url":"https:\/\/smartbear.com\/learn\/automated-testing\/test-automation-frameworks\/","activeCreativeID":"4701","scenes":["1","2","6","4","5"],"campaignAdType":"Interstitial","productId":"","purchaseBit":0,"licenseKey":""},{"campaignID":"9296","attribution":0,"priority":"5","appToPromote":{"appToPromoteID":"17609","usesDefaultFrameImage":"0","usesDefaultCloseImage":"0","marketURL":"https:\/\/smartbear.com\/learn\/automated-testing\/test-automation-frameworks\/","packageID":"com.buntoo.buntooAd"},"showTemplate":1,"s2s_tracking_url":"https:\/\/smartbear.com\/learn\/automated-testing\/test-automation-frameworks\/","activeCreativeID":"4701","scenes":["1","2","6","4","5"],"campaignAdType":"Interstitial","productId":"","purchaseBit":0,"licenseKey":""},{"campaignID":"9297","attribution":0,"priority":"5","appToPromote":{"appToPromoteID":"17609","usesDefaultFrameImage":"0","usesDefaultCloseImage":"0","marketURL":"https:\/\/smartbear.com\/learn\/automated-testing\/test-automation-frameworks\/","packageID":"com.buntoo.buntooAd"},"showTemplate":1,"s2s_tracking_url":"https:\/\/smartbear.com\/learn\/automated-testing\/test-automation-frameworks\/","activeCreativeID":"4701","scenes":["1","2","6","4","5"],"campaignAdType":"Interstitial","productId":"","purchaseBit":0,"licenseKey":""},{"campaignID":"9299","attribution":0,"priority":"5","appToPromote":{"appToPromoteID":"17609","usesDefaultFrameImage":"0","usesDefaultCloseImage":"0","marketURL":"https:\/\/smartbear.com\/learn\/automated-testing\/test-automation-frameworks\/","packageID":"com.buntoo.buntooAd"},"showTemplate":1,"s2s_tracking_url":"https:\/\/smartbear.com\/learn\/automated-testing\/test-automation-frameworks\/","activeCreativeID":"4701","scenes":["1","2","6","4","5"],"campaignAdType":"Interstitial","productId":"","purchaseBit":0,"licenseKey":""},{"campaignID":"9301","attribution":0,"priority":"5","appToPromote":{"appToPromoteID":"17609","usesDefaultFrameImage":"0","usesDefaultCloseImage":"0","marketURL":"https:\/\/smartbear.com\/learn\/automated-testing\/test-automation-frameworks\/","packageID":"com.buntoo.buntooAd"},"showTemplate":1,"s2s_tracking_url":"https:\/\/smartbear.com\/learn\/automated-testing\/test-automation-frameworks\/","activeCreativeID":"4701","scenes":["1","2","6","4","5"],"campaignAdType":"Interstitial","productId":"","purchaseBit":0,"licenseKey":""},{"campaignID":"9305","attribution":0,"priority":"5","appToPromote":{"appToPromoteID":"14746","usesDefaultFrameImage":"0","usesDefaultCloseImage":"0","marketURL":"https:\/\/play.google.com\/store\/apps\/details?id=com.buntoo.army.bus.parking","packageID":"com.buntoo.army.bus.parking"},"showTemplate":1,"s2s_tracking_url":"https:\/\/play.google.com\/store\/apps\/details?id=com.buntoo.army.bus.parking","activeCreativeID":"4710","scenes":["1","2","6","4","5"],"campaignAdType":"Interstitial","productId":"","purchaseBit":0,"licenseKey":""},{"campaignID":"48","attribution":0,"priority":"5","appToPromote":{"appToPromoteID":"1074","usesDefaultFrameImage":"1","usesDefaultCloseImage":"1","marketURL":"https:\/\/play.google.com\/store\/apps\/details?id=com.mizo.construction.crane.hill.climb","packageID":"com.mizo.construction.crane.hill.climb"},"showTemplate":1,"s2s_tracking_url":"https:\/\/play.google.com\/store\/apps\/details?id=com.mizo.construction.crane.hill.climb","activeCreativeID":"65","scenes":["1","2","6","4","5"],"campaignAdType":"Interstitial","productId":"","purchaseBit":0,"licenseKey":""},{"campaignID":"50","attribution":0,"priority":"5","appToPromote":{"appToPromoteID":"1221","usesDefaultFrameImage":"1","usesDefaultCloseImage":"1","marketURL":"https:\/\/play.google.com\/store\/apps\/details?id=com.mizo.offroad.hill.climb","packageID":"com.mizo.offroad.hill.climb"},"showTemplate":1,"s2s_tracking_url":"https:\/\/play.google.com\/store\/apps\/details?id=com.mizo.offroad.hill.climb","activeCreativeID":"67","scenes":["1","2","6","4","5"],"campaignAdType":"Interstitial","productId":"","purchaseBit":0,"licenseKey":""},{"campaignID":"67","attribution":0,"priority":"5","appToPromote":{"appToPromoteID":"1306","usesDefaultFrameImage":"1","usesDefaultCloseImage":"1","marketURL":"https:\/\/play.google.com\/store\/apps\/details?id=com.mizo.extreme.heavy.truck","packageID":"com.mizo.extreme.heavy.truck"},"showTemplate":1,"s2s_tracking_url":"https:\/\/play.google.com\/store\/apps\/details?id=com.mizo.extreme.heavy.truck","activeCreativeID":"85","scenes":["1","2","6","4","5"],"campaignAdType":"Interstitial","productId":"","purchaseBit":0,"licenseKey":""},{"campaignID":"73","attribution":0,"priority":"5","appToPromote":{"appToPromoteID":"1458","usesDefaultFrameImage":"1","usesDefaultCloseImage":"1","marketURL":"https:\/\/play.google.com\/store\/apps\/details?id=com.mizo.army.prisoner.transport.simulator","packageID":"com.mizo.army.prisoner.transport.simulator"},"showTemplate":1,"s2s_tracking_url":"https:\/\/play.google.com\/store\/apps\/details?id=com.mizo.army.prisoner.transport.simulator","activeCreativeID":"93","scenes":["1","2","6","4","5"],"campaignAdType":"Interstitial","productId":"","purchaseBit":0,"licenseKey":""},{"campaignID":"74","attribution":0,"priority":"5","appToPromote":{"appToPromoteID":"1449","usesDefaultFrameImage":"1","usesDefaultCloseImage":"1","marketURL":"https:\/\/play.google.com\/store\/apps\/details?id=com.brilliantgamez.army.prisoners.transport.plane","packageID":"com.brilliantgamez.army.prisoners.transport.plane"},"showTemplate":1,"s2s_tracking_url":"https:\/\/play.google.com\/store\/apps\/details?id=com.brilliantgamez.army.prisoners.transport.plane","activeCreativeID":"94","scenes":["1","2","6","4","5"],"campaignAdType":"Interstitial","productId":"","purchaseBit":0,"licenseKey":""},{"campaignID":"78","attribution":0,"priority":"5","appToPromote":{"appToPromoteID":"1632","usesDefaultFrameImage":"1","usesDefaultCloseImage":"1","marketURL":"https:\/\/play.google.com\/store\/apps\/details?id=com.mizo.road.builder.city.construction","packageID":"com.mizo.road.builder.city.construction"},"showTemplate":1,"s2s_tracking_url":"https:\/\/play.google.com\/store\/apps\/details?id=com.mizo.road.builder.city.construction","activeCreativeID":"97","scenes":["1","2","6","4","5"],"campaignAdType":"Interstitial","productId":"","purchaseBit":0,"licenseKey":""},{"campaignID":"80","attribution":0,"priority":"5","appToPromote":{"appToPromoteID":"1675","usesDefaultFrameImage":"1","usesDefaultCloseImage":"1","marketURL":"https:\/\/play.google.com\/store\/apps\/details?id=com.mizo.flip.bottle.shooting.expert","packageID":"com.mizo.flip.bottle.shooting.expert"},"showTemplate":1,"s2s_tracking_url":"https:\/\/play.google.com\/store\/apps\/details?id=com.mizo.flip.bottle.shooting.expert","activeCreativeID":"100","scenes":["1","2","6","4","5"],"campaignAdType":"Interstitial","productId":"","purchaseBit":0,"licenseKey":""},{"campaignID":"110","attribution":0,"priority":"5","appToPromote":{"appToPromoteID":"1853","usesDefaultFrameImage":"1","usesDefaultCloseImage":"1","marketURL":"https:\/\/play.google.com\/store\/apps\/details?id=com.mizo.police.airplane.transporter","packageID":"com.mizo.police.airplane.transporter"},"showTemplate":1,"s2s_tracking_url":"https:\/\/play.google.com\/store\/apps\/details?id=com.mizo.police.airplane.transporter","activeCreativeID":"137","scenes":["1","2","6","4","5"],"campaignAdType":"Interstitial","productId":"","purchaseBit":0,"licenseKey":""},{"campaignID":"143","attribution":0,"priority":"5","appToPromote":{"appToPromoteID":"2089","usesDefaultFrameImage":"0","usesDefaultCloseImage":"0","marketURL":"https:\/\/play.google.com\/store\/apps\/details?id=com.mizo.sports.car.mechanic","packageID":"com.mizo.sports.car.mechanic"},"showTemplate":1,"s2s_tracking_url":"https:\/\/play.google.com\/store\/apps\/details?id=com.mizo.sports.car.mechanic","activeCreativeID":"184","scenes":["1","2","6","4","5"],"campaignAdType":"Interstitial","productId":"","purchaseBit":0,"licenseKey":""},{"campaignID":"147","attribution":0,"priority":"5","appToPromote":{"appToPromoteID":"2085","usesDefaultFrameImage":"0","usesDefaultCloseImage":"0","marketURL":"https:\/\/play.google.com\/store\/apps\/details?id=com.mizo.robot.gang.mafia","packageID":"com.mizo.robot.gang.mafia"},"showTemplate":1,"s2s_tracking_url":"https:\/\/play.google.com\/store\/apps\/details?id=com.mizo.robot.gang.mafia","activeCreativeID":"188","scenes":["1","2","6","4","5"],"campaignAdType":"Interstitial","productId":"","purchaseBit":0,"licenseKey":""},{"campaignID":"227","attribution":0,"priority":"5","appToPromote":{"appToPromoteID":"2571","usesDefaultFrameImage":"0","usesDefaultCloseImage":"0","marketURL":"https:\/\/play.google.com\/store\/apps\/details?id=com.mizo.raft.suvival","packageID":"com.mizo.raft.suvival"},"showTemplate":1,"s2s_tracking_url":"https:\/\/play.google.com\/store\/apps\/details?id=com.mizo.raft.suvival","activeCreativeID":"302","scenes":["1","2","6","4","5"],"campaignAdType":"Interstitial","productId":"","purchaseBit":0,"licenseKey":""},{"campaignID":"317","attribution":0,"priority":"5","appToPromote":{"appToPromoteID":"2723","usesDefaultFrameImage":"0","usesDefaultCloseImage":"0","marketURL":"https:\/\/play.google.com\/store\/apps\/details?id=com.mizo.helicopter.rescue","packageID":"com.mizo.helicopter.rescue"},"showTemplate":1,"s2s_tracking_url":"https:\/\/play.google.com\/store\/apps\/details?id=com.mizo.helicopter.rescue","activeCreativeID":"324","scenes":["1","2","6","4","5"],"campaignAdType":"Interstitial","productId":"","purchaseBit":0,"licenseKey":""},{"campaignID":"367","attribution":0,"priority":"5","appToPromote":{"appToPromoteID":"2911","usesDefaultFrameImage":"0","usesDefaultCloseImage":"0","marketURL":"https:\/\/play.google.com\/store\/apps\/details?id=com.mizo.police.ship.transporter","packageID":"com.mizo.police.ship.transporter"},"showTemplate":1,"s2s_tracking_url":"https:\/\/play.google.com\/store\/apps\/details?id=com.mizo.police.ship.transporter","activeCreativeID":"383","scenes":["1","2","6","4","5"],"campaignAdType":"Interstitial","productId":"","purchaseBit":0,"licenseKey":""},{"campaignID":"390","attribution":0,"priority":"5","appToPromote":{"appToPromoteID":"3077","usesDefaultFrameImage":"0","usesDefaultCloseImage":"0","marketURL":"https:\/\/play.google.com\/store\/apps\/details?id=com.mizo.transformer.shooting","packageID":"com.mizo.transformer.shooting"},"showTemplate":1,"s2s_tracking_url":"https:\/\/play.google.com\/store\/apps\/details?id=com.mizo.transformer.shooting","activeCreativeID":"441","scenes":["1","2","6","4","5"],"campaignAdType":"Interstitial","productId":"","purchaseBit":0,"licenseKey":""},{"campaignID":"408","attribution":0,"priority":"5","appToPromote":{"appToPromoteID":"3095","usesDefaultFrameImage":"0","usesDefaultCloseImage":"0","marketURL":"https:\/\/play.google.com\/store\/apps\/details?id=com.mizo.superhero.robot","packageID":"com.mizo.superhero.robot"},"showTemplate":1,"s2s_tracking_url":"https:\/\/play.google.com\/store\/apps\/details?id=com.mizo.superhero.robot","activeCreativeID":"443","scenes":["1","2","6","4","5"],"campaignAdType":"Interstitial","productId":"","purchaseBit":0,"licenseKey":""},{"campaignID":"410","attribution":0,"priority":"5","appToPromote":{"appToPromoteID":"3145","usesDefaultFrameImage":"0","usesDefaultCloseImage":"0","marketURL":"https:\/\/play.google.com\/store\/apps\/details?id=com.mizo.extreme.bikerider","packageID":"com.mizo.extreme.bikerider"},"showTemplate":1,"s2s_tracking_url":"https:\/\/play.google.com\/store\/apps\/details?id=com.mizo.extreme.bikerider","activeCreativeID":"448","scenes":["1","2","6","4","5"],"campaignAdType":"Interstitial","productId":"","purchaseBit":0,"licenseKey":""},{"campaignID":"428","attribution":0,"priority":"5","appToPromote":{"appToPromoteID":"3250","usesDefaultFrameImage":"0","usesDefaultCloseImage":"0","marketURL":"https:\/\/play.google.com\/store\/apps\/details?id=com.mizo.bicycle.stunt.racer","packageID":"com.mizo.bicycle.stunt.racer"},"showTemplate":1,"s2s_tracking_url":"https:\/\/play.google.com\/store\/apps\/details?id=com.mizo.bicycle.stunt.racer","activeCreativeID":"472","scenes":["1","2","6","4","5"],"campaignAdType":"Interstitial","productId":"","purchaseBit":0,"licenseKey":""},{"campaignID":"429","attribution":0,"priority":"5","appToPromote":{"appToPromoteID":"3253","usesDefaultFrameImage":"0","usesDefaultCloseImage":"0","marketURL":"https:\/\/play.google.com\/store\/apps\/details?id=com.mizo.rooftop.stunts","packageID":"com.mizo.rooftop.stunts"},"showTemplate":1,"s2s_tracking_url":"https:\/\/play.google.com\/store\/apps\/details?id=com.mizo.rooftop.stunts","activeCreativeID":"474","scenes":["1","2","6","4","5"],"campaignAdType":"Interstitial","productId":"","purchaseBit":0,"licenseKey":""},{"campaignID":"456","attribution":0,"priority":"5","appToPromote":{"appToPromoteID":"2448","usesDefaultFrameImage":"0","usesDefaultCloseImage":"0","marketURL":"https:\/\/play.google.com\/store\/apps\/details?id=com.mizo.battle.simulator","packageID":"com.mizo.battle.simulator"},"showTemplate":1,"s2s_tracking_url":"https:\/\/play.google.com\/store\/apps\/details?id=com.mizo.battle.simulator","activeCreativeID":"503","scenes":["1","2","6","4","5"],"campaignAdType":"Interstitial","productId":"","purchaseBit":0,"licenseKey":""},{"campaignID":"482","attribution":0,"priority":"5","appToPromote":{"appToPromoteID":"2877","usesDefaultFrameImage":"0","usesDefaultCloseImage":"0","marketURL":"https:\/\/play.google.com\/store\/apps\/details?id=com.mizo.underwater.tourist.bus","packageID":"com.mizo.underwater.tourist.bus"},"showTemplate":1,"s2s_tracking_url":"https:\/\/play.google.com\/store\/apps\/details?id=com.mizo.underwater.tourist.bus","activeCreativeID":"540","scenes":["1","2","6","4","5"],"campaignAdType":"Interstitial","productId":"","purchaseBit":0,"licenseKey":""},{"campaignID":"490","attribution":0,"priority":"5","appToPromote":{"appToPromoteID":"3518","usesDefaultFrameImage":"0","usesDefaultCloseImage":"0","marketURL":"https:\/\/play.google.com\/store\/apps\/details?id=com.crazyneuron.superhero.robot.world","packageID":"com.crazyneuron.superhero.robot.world"},"showTemplate":1,"s2s_tracking_url":"https:\/\/play.google.com\/store\/apps\/details?id=com.crazyneuron.superhero.robot.world","activeCreativeID":"550","scenes":["1","2","6","4","5"],"campaignAdType":"Interstitial","productId":"","purchaseBit":0,"licenseKey":""},{"campaignID":"501","attribution":0,"priority":"5","appToPromote":{"appToPromoteID":"3579","usesDefaultFrameImage":"0","usesDefaultCloseImage":"0","marketURL":"https:\/\/play.google.com\/store\/apps\/details?id=com.crazyneuron.us.army.transport","packageID":"com.crazyneuron.us.army.transport"},"showTemplate":1,"s2s_tracking_url":"https:\/\/play.google.com\/store\/apps\/details?id=com.crazyneuron.us.army.transport","activeCreativeID":"577","scenes":["1","2","6","4","5"],"campaignAdType":"Interstitial","productId":"","purchaseBit":0,"licenseKey":""},{"campaignID":"512","attribution":0,"priority":"5","appToPromote":{"appToPromoteID":"3683","usesDefaultFrameImage":"0","usesDefaultCloseImage":"0","marketURL":"https:\/\/play.google.com\/store\/apps\/details?id=com.mizo.plane.landing","packageID":"com.mizo.plane.landing"},"showTemplate":1,"s2s_tracking_url":"https:\/\/play.google.com\/store\/apps\/details?id=com.mizo.plane.landing","activeCreativeID":"594","scenes":["1","2","6","4","5"],"campaignAdType":"Interstitial","productId":"","purchaseBit":0,"licenseKey":""},{"campaignID":"6210","attribution":0,"priority":"5","appToPromote":{"appToPromoteID":"11566","usesDefaultFrameImage":"0","usesDefaultCloseImage":"0","marketURL":"https:\/\/play.google.com\/store\/apps\/details?id=com.mizo.line.drawing.puzzle.game","packageID":"com.mizo.line.drawing.puzzle.game"},"showTemplate":1,"s2s_tracking_url":"https:\/\/play.google.com\/store\/apps\/details?id=com.mizo.line.drawing.puzzle.game","activeCreativeID":"1322","scenes":["1","2","6","4","5"],"campaignAdType":"Video","productId":"","purchaseBit":0,"licenseKey":""},{"campaignID":"6213","attribution":0,"priority":"5","appToPromote":{"appToPromoteID":"11633","usesDefaultFrameImage":"0","usesDefaultCloseImage":"0","marketURL":"https:\/\/play.google.com\/store\/apps\/details?id=com.mizo.car.driving.simulator","packageID":"com.mizo.car.driving.simulator"},"showTemplate":1,"s2s_tracking_url":"https:\/\/play.google.com\/store\/apps\/details?id=com.mizo.car.driving.simulator","activeCreativeID":"1325","scenes":["1","2","6","4","5"],"campaignAdType":"Video","productId":"","purchaseBit":0,"licenseKey":""},{"campaignID":"6214","attribution":0,"priority":"5","appToPromote":{"appToPromoteID":"11661","usesDefaultFrameImage":"0","usesDefaultCloseImage":"0","marketURL":"https:\/\/play.google.com\/store\/apps\/details?id=com.mizo.car.tycoon.game","packageID":"com.mizo.car.tycoon.game"},"showTemplate":1,"s2s_tracking_url":"https:\/\/play.google.com\/store\/apps\/details?id=com.mizo.car.tycoon.game","activeCreativeID":"1326","scenes":["1","2","6","4","5"],"campaignAdType":"Video","productId":"","purchaseBit":0,"licenseKey":""},{"campaignID":"6254","attribution":0,"priority":"5","appToPromote":{"appToPromoteID":"11810","usesDefaultFrameImage":"0","usesDefaultCloseImage":"0","marketURL":"https:\/\/play.google.com\/store\/apps\/details?id=com.mizo.car.transporter.games","packageID":"com.mizo.car.transporter.games"},"showTemplate":1,"s2s_tracking_url":"https:\/\/play.google.com\/store\/apps\/details?id=com.mizo.car.transporter.games","activeCreativeID":"1370","scenes":["1","2","6","4","5"],"campaignAdType":"Video","productId":"","purchaseBit":0,"licenseKey":""},{"campaignID":"6256","attribution":0,"priority":"5","appToPromote":{"appToPromoteID":"11880","usesDefaultFrameImage":"0","usesDefaultCloseImage":"0","marketURL":"https:\/\/play.google.com\/store\/apps\/details?id=com.mizo.us.army.transporter","packageID":"com.mizo.us.army.transporter"},"showTemplate":1,"s2s_tracking_url":"https:\/\/play.google.com\/store\/apps\/details?id=com.mizo.us.army.transporter","activeCreativeID":"1372","scenes":["1","2","6","4","5"],"campaignAdType":"Video","productId":"","purchaseBit":0,"licenseKey":""},{"campaignID":"6264","attribution":0,"priority":"5","appToPromote":{"appToPromoteID":"11879","usesDefaultFrameImage":"0","usesDefaultCloseImage":"0","marketURL":"https:\/\/play.google.com\/store\/apps\/details?id=com.buntoo.car.racing.games","packageID":"com.buntoo.car.racing.games"},"showTemplate":1,"s2s_tracking_url":"https:\/\/play.google.com\/store\/apps\/details?id=com.buntoo.car.racing.games","activeCreativeID":"1380","scenes":["1","2","6","4","5"],"campaignAdType":"Video","productId":"","purchaseBit":0,"licenseKey":""},{"campaignID":"6363","attribution":0,"priority":"5","appToPromote":{"appToPromoteID":"12100","usesDefaultFrameImage":"0","usesDefaultCloseImage":"0","marketURL":"https:\/\/play.google.com\/store\/apps\/details?id=com.mizo.police.transport.shooting","packageID":"com.mizo.police.transport.shooting"},"showTemplate":1,"s2s_tracking_url":"https:\/\/play.google.com\/store\/apps\/details?id=com.mizo.police.transport.shooting","activeCreativeID":"1519","scenes":["1","2","6","4","5"],"campaignAdType":"Video","productId":"","purchaseBit":0,"licenseKey":""},{"campaignID":"6430","attribution":0,"priority":"5","appToPromote":{"appToPromoteID":"12340","usesDefaultFrameImage":"0","usesDefaultCloseImage":"0","marketURL":"https:\/\/play.google.com\/store\/apps\/details?id=com.buntoo.robot.car.transporter.games","packageID":"com.buntoo.robot.car.transporter.games"},"showTemplate":1,"s2s_tracking_url":"https:\/\/play.google.com\/store\/apps\/details?id=com.buntoo.robot.car.transporter.games","activeCreativeID":"1563","scenes":["1","2","6","4","5"],"campaignAdType":"Video","productId":"","purchaseBit":0,"licenseKey":""},{"campaignID":"6432","attribution":0,"priority":"5","appToPromote":{"appToPromoteID":"12565","usesDefaultFrameImage":"0","usesDefaultCloseImage":"0","marketURL":"https:\/\/play.google.com\/store\/apps\/details?id=com.mizo.train.gold.robbery.games","packageID":"com.mizo.train.gold.robbery.games"},"showTemplate":1,"s2s_tracking_url":"https:\/\/play.google.com\/store\/apps\/details?id=com.mizo.train.gold.robbery.games","activeCreativeID":"1565","scenes":["1","2","6","4","5"],"campaignAdType":"Video","productId":"","purchaseBit":0,"licenseKey":""},{"campaignID":"6445","attribution":0,"priority":"5","appToPromote":{"appToPromoteID":"12564","usesDefaultFrameImage":"0","usesDefaultCloseImage":"0","marketURL":"https:\/\/play.google.com\/store\/apps\/details?id=com.cradley.prison.escape.casino.robbery","packageID":"com.cradley.prison.escape.casino.robbery"},"showTemplate":1,"s2s_tracking_url":"https:\/\/play.google.com\/store\/apps\/details?id=com.cradley.prison.escape.casino.robbery","activeCreativeID":"1575","scenes":["1","2","6","4","5"],"campaignAdType":"Video","productId":"","purchaseBit":0,"licenseKey":""}],"refreshAdRate":30,"mode":"Production","aspectRatio":"4_3","cdnPath":"https:\/\/df8ymybeo92md.cloudfront.net\/images\/","sentry_log":0,"local_logging":0,"sentry_dsn":"https:\/\/93ffa1c9a4124f67b8888a53265f751a:bbf998e04584477fa9a145838e9d3b26@sentry.io\/168994","sentry_initialization":1,"sentry_debugging":0,"bannerSizes":["1"],"aspectRatioVideo":"16_9","app_id":"2089","showPreRewardedDialogue":0,"showPostRewardedDialogue":0,"rewardCurrency":"coins","rewardValue":0,"isSkipable":1,"privacyPolicyURL":"https:\/\/www.consoliads.com\/privacy-policy\/","sessionToken":"7YymdguKmB5ZNxwMZRYDotQ0y6qaRJIsgEFBj0XKIIa41TM083r5Mwjfb9R0yI868jq53haoIZisuYynhbIRofgMR8+eL6pdJWW7kjKVm\/UbiVfqbg9SVcIQgdtdGSc7UjvTsv8BbCLX61miomSpRrvgySXUa4p6cRY04pjeglY="}
Session token value is set


{"appKey":"081c9f3ed7515bbbefc3fc89101b1944","deviceID":"4393","stats":[{"campaignID":146,"packageID":"com.gss.offroad.policebiketransport","sceneStats":[{"sceneID":"11","eventStats":"344,244,144,44,44,0,0"}]}],"sdkVersion":"39","sessionToken":"7YymdguKmB5ZNxwMZRYDotQ0y6qaRJIsgEFBj0XKIIa41TM083r5Mwjfb9R0yI868jq53haoIZisuYynhbIRofgMR8+eL6pdJWW7kjKVm\/UbiVfqbg9SVcIQgdtdGSc7UjvTsv8BbCLX61miomSpRrvgySXUa4p6cRY04pjeglY="}
cache_ttl value is correct

Refresh Ad Rate value is correct
mode value is set

 Aspect ratio value is correct
sentry_log value is set
local_logging value is set
sentry_initialization value is set
sentry_debugging value is set
showPreRewardedDialogue value is set
showPostRewardedDialogue value is set
isSkipable value is set
{"cache_ttl":10080,"cache_ttl_rewarded":10080,"cache_ttl_banner":10080,"cache_ttl_native":10080,"cache_ttl_icon":10080,"campaigns":[{"campaignID":"8378","attribution":0,"priority":"8","appToPromote":{"appToPromoteID":"16480","usesDefaultFrameImage":"0","usesDefaultCloseImage":"0","marketURL":"https:\/\/play.google.com\/store\/apps\/details?id=com.nag.home.manager.working.virtual.mom","packageID":"com.GSS317.AmazingFamily"},"showTemplate":1,"s2s_tracking_url":"https:\/\/play.google.com\/store\/apps\/details?id=com.nag.home.manager.working.virtual.mom","activeCreativeID":"3720","scenes":["12","1","8","6","15","2"],"campaignAdType":"Interstitial","productId":"","purchaseBit":0,"licenseKey":""},{"campaignID":"9547","attribution":0,"priority":"8","appToPromote":{"appToPromoteID":"11879","usesDefaultFrameImage":"0","usesDefaultCloseImage":"0","marketURL":"https:\/\/play.google.com\/store\/apps\/details?id=com.buntoo.car.racing.games","packageID":"com.buntoo.car.racing.games"},"showTemplate":1,"s2s_tracking_url":"https:\/\/play.google.com\/store\/apps\/details?id=com.buntoo.car.racing.games","activeCreativeID":"4964","scenes":["12","1","8","6","15","2"],"campaignAdType":"Interstitial","productId":"","purchaseBit":0,"licenseKey":""},{"campaignID":"9586","attribution":0,"priority":"8","appToPromote":{"appToPromoteID":"515","usesDefaultFrameImage":"1","usesDefaultCloseImage":"1","marketURL":"https:\/\/play.google.com\/store\/apps\/details?id=com.plum.cash.counter.simualtor","packageID":"com.plum.cash.counter.simualtor"},"showTemplate":1,"s2s_tracking_url":"https:\/\/play.google.com\/store\/apps\/details?id=com.plum.cash.counter.simualtor","activeCreativeID":"50","scenes":["12","1","8","6","15","2"],"campaignAdType":"Interstitial","productId":"","purchaseBit":0,"licenseKey":""},{"campaignID":"9587","attribution":0,"priority":"8","appToPromote":{"appToPromoteID":"515","usesDefaultFrameImage":"1","usesDefaultCloseImage":"1","marketURL":"https:\/\/play.google.com\/store\/apps\/details?id=com.plum.cash.counter.simualtor","packageID":"com.plum.cash.counter.simualtor"},"showTemplate":1,"s2s_tracking_url":"https:\/\/play.google.com\/store\/apps\/details?id=com.plum.cash.counter.simualtor","activeCreativeID":"50","scenes":["12","1","8","6","15","2"],"campaignAdType":"Interstitial","productId":"","purchaseBit":0,"licenseKey":""},{"campaignID":"9588","attribution":0,"priority":"8","appToPromote":{"appToPromoteID":"515","usesDefaultFrameImage":"1","usesDefaultCloseImage":"1","marketURL":"https:\/\/play.google.com\/store\/apps\/details?id=com.plum.cash.counter.simualtor","packageID":"com.plum.cash.counter.simualtor"},"showTemplate":1,"s2s_tracking_url":"https:\/\/play.google.com\/store\/apps\/details?id=com.plum.cash.counter.simualtor","activeCreativeID":"50","scenes":["12","1","8","6","15","2"],"campaignAdType":"Interstitial","productId":"","purchaseBit":0,"licenseKey":""},{"campaignID":"9589","attribution":0,"priority":"8","appToPromote":{"appToPromoteID":"515","usesDefaultFrameImage":"1","usesDefaultCloseImage":"1","marketURL":"https:\/\/play.google.com\/store\/apps\/details?id=com.plum.cash.counter.simualtor","packageID":"com.plum.cash.counter.simualtor"},"showTemplate":1,"s2s_tracking_url":"https:\/\/play.google.com\/store\/apps\/details?id=com.plum.cash.counter.simualtor","activeCreativeID":"50","scenes":["12","1","8","6","15","2"],"campaignAdType":"Interstitial","productId":"","purchaseBit":0,"licenseKey":""},{"campaignID":"9131","attribution":0,"priority":"8","appToPromote":{"appToPromoteID":"17532","usesDefaultFrameImage":"0","usesDefaultCloseImage":"0","marketURL":"https:\/\/play.google.com\/store\/apps\/details?id=com.dhgate.buyermob","packageID":"com.dhgate.buyermob"},"showTemplate":1,"s2s_tracking_url":"https:\/\/tha.gotrackier.com\/click?campaign_id=63254\\u0026pub_id=75?p1=2225_9131_4393&amp;source=6841&amp;app_name=OffRoadPoliceBikeTransport&amp;gaid=4393","activeCreativeID":"4483","scenes":["12","1","8","6","15","2"],"campaignAdType":"Interstitial","productId":"","purchaseBit":0,"licenseKey":""},{"campaignID":"8380","attribution_link":"","attribution":1,"priority":"7","appToPromote":{"appToPromoteID":"16480","usesDefaultFrameImage":"0","usesDefaultCloseImage":"0","marketURL":"https:\/\/play.google.com\/store\/apps\/details?id=com.nag.home.manager.working.virtual.mom","packageID":"com.GSS317.AmazingFamily"},"showTemplate":1,"s2s_tracking_url":"","activeCreativeID":"3720","scenes":["12","1","8","6","15","2"],"campaignAdType":"Interstitial","productId":"","purchaseBit":0,"licenseKey":""},{"campaignID":"444","attribution":0,"priority":"6","appToPromote":{"appToPromoteID":"3355","usesDefaultFrameImage":"0","usesDefaultCloseImage":"0","marketURL":"https:\/\/play.google.com\/store\/apps\/details?id=com.popnsons.parkour.mouse","packageID":"com.popnsons.parkour.mouse"},"showTemplate":1,"s2s_tracking_url":"https:\/\/play.google.com\/store\/apps\/details?id=com.popnsons.parkour.mouse","activeCreativeID":"469","scenes":["12","1","8","6","15","2"],"campaignAdType":"Interstitial","productId":"","purchaseBit":0,"licenseKey":""},{"campaignID":"561","attribution":0,"priority":"6","appToPromote":{"appToPromoteID":"5026","usesDefaultFrameImage":"0","usesDefaultCloseImage":"0","marketURL":"https:\/\/play.google.com\/store\/apps\/details?id=com.as.cashupapp","packageID":"com.as.cashupapp"},"showTemplate":1,"s2s_tracking_url":"https:\/\/play.google.com\/store\/apps\/details?id=com.as.cashupapp","activeCreativeID":"652","scenes":["12","1","8","6","15","2"],"campaignAdType":"Interstitial","productId":"","purchaseBit":0,"licenseKey":""},{"campaignID":"570","attribution":0,"priority":"6","appToPromote":{"appToPromoteID":"3802","usesDefaultFrameImage":"0","usesDefaultCloseImage":"0","marketURL":"https:\/\/play.google.com\/store\/apps\/details?id=com.Madxstudios.Flickshootsoccer","packageID":"com.Madxstudios.Flickshootsoccer"},"showTemplate":1,"s2s_tracking_url":"https:\/\/play.google.com\/store\/apps\/details?id=com.Madxstudios.Flickshootsoccer","activeCreativeID":"661","scenes":["12","1","8","6","15","2"],"campaignAdType":"Interstitial","productId":"","purchaseBit":0,"licenseKey":""},{"campaignID":"588","attribution":0,"priority":"6","appToPromote":{"appToPromoteID":"5026","usesDefaultFrameImage":"0","usesDefaultCloseImage":"0","marketURL":"https:\/\/play.google.com\/store\/apps\/details?id=com.as.cashupapp","packageID":"com.as.cashupapp"},"showTemplate":1,"s2s_tracking_url":"https:\/\/play.google.com\/store\/apps\/details?id=com.as.cashupapp","activeCreativeID":"652","scenes":["12","1","8","6","15","2"],"campaignAdType":"Interstitial","productId":"","purchaseBit":0,"licenseKey":""},{"campaignID":"8808","attribution_link":"","attribution":1,"priority":"5","appToPromote":{"appToPromoteID":"16528","usesDefaultFrameImage":"0","usesDefaultCloseImage":"0","marketURL":"https:\/\/play.google.com\/store\/apps\/details?id=com.bag.farm.day.village.farming.games","packageID":"com.GSS317.com.bag.farm.day.village.farming.games"},"showTemplate":1,"s2s_tracking_url":"","activeCreativeID":"3775","scenes":["12","1","8","6","15","2"],"campaignAdType":"Interstitial","productId":"","purchaseBit":0,"licenseKey":""},{"campaignID":"8973","attribution":0,"priority":"5","appToPromote":{"appToPromoteID":"15974","usesDefaultFrameImage":"0","usesDefaultCloseImage":"0","marketURL":"https:\/\/play.google.com\/store\/apps\/details?id=com.mustardgames.bmx.cycle.stunt.mega.ramp.impossibletracks","packageID":"com.mustardgames.bmx.cycle.stunt.mega.ramp.impossibletracks"},"showTemplate":1,"s2s_tracking_url":"https:\/\/play.google.com\/store\/apps\/details?id=com.mustardgames.bmx.cycle.stunt.mega.ramp.impossibletracks","activeCreativeID":"4339","scenes":["12","1","8","6","15","2"],"campaignAdType":"Interstitial","productId":"","purchaseBit":0,"licenseKey":""},{"campaignID":"557","attribution":0,"priority":"4","appToPromote":{"appToPromoteID":"4959","usesDefaultFrameImage":"0","usesDefaultCloseImage":"0","marketURL":"https:\/\/play.google.com\/store\/apps\/details?id=com.jet.plane.surfers.joyride.dash","packageID":"com.jet.plane.surfers.joyride.dash"},"showTemplate":1,"s2s_tracking_url":"https:\/\/play.google.com\/store\/apps\/details?id=com.jet.plane.surfers.joyride.dash","activeCreativeID":"645","scenes":["12","1","8","6","15","2"],"campaignAdType":"Interstitial","productId":"","purchaseBit":0,"licenseKey":""},{"campaignID":"414","attribution":0,"priority":"3","appToPromote":{"appToPromoteID":"3023","usesDefaultFrameImage":"0","usesDefaultCloseImage":"0","marketURL":"https:\/\/play.google.com\/store\/apps\/details?id=com.appricot2d.rolo.pet.parrot","packageID":"com.appricot2d.rolo.pet.parrot"},"showTemplate":1,"s2s_tracking_url":"https:\/\/play.google.com\/store\/apps\/details?id=com.appricot2d.rolo.pet.parrot","activeCreativeID":"385","scenes":["12","1","8","6","15","2"],"campaignAdType":"Interstitial","productId":"","purchaseBit":0,"licenseKey":""},{"campaignID":"559","attribution":0,"priority":"3","appToPromote":{"appToPromoteID":"3476","usesDefaultFrameImage":"0","usesDefaultCloseImage":"0","marketURL":"https:\/\/play.google.com\/store\/apps\/details?id=com.perspectivegames.real.impossible.tracks.stunts","packageID":"com.perspectivegames.real.impossible.tracks.stunts"},"showTemplate":1,"s2s_tracking_url":"https:\/\/play.google.com\/store\/apps\/details?id=com.perspectivegames.real.impossible.tracks.stunts","activeCreativeID":"649","scenes":["12","1","8","6","15","2"],"campaignAdType":"Interstitial","productId":"","purchaseBit":0,"licenseKey":""},{"campaignID":"741","attribution":0,"priority":"3","appToPromote":{"appToPromoteID":"5609","usesDefaultFrameImage":"0","usesDefaultCloseImage":"0","marketURL":"https:\/\/play.google.com\/store\/apps\/details?id=com.kick.gyroscopic.city.train.driver.simulator","packageID":"com.kick.gyroscopic.city.train.driver.simulator"},"showTemplate":1,"s2s_tracking_url":"https:\/\/play.google.com\/store\/apps\/details?id=com.kick.gyroscopic.city.train.driver.simulator","activeCreativeID":"753","scenes":["12","1","8","6","15","2"],"campaignAdType":"Interstitial","productId":"","purchaseBit":0,"licenseKey":""},{"campaignID":"798","attribution":0,"priority":"3","appToPromote":{"appToPromoteID":"5770","usesDefaultFrameImage":"0","usesDefaultCloseImage":"0","marketURL":"https:\/\/play.google.com\/store\/apps\/details?id=com.simulatorgames3d.alohacelebrations","packageID":"com.simulatorgames3d.alohacelebrations"},"showTemplate":1,"s2s_tracking_url":"https:\/\/play.google.com\/store\/apps\/details?id=com.simulatorgames3d.alohacelebrations","activeCreativeID":"787","scenes":["12","1","8","6","15","2"],"campaignAdType":"Interstitial","productId":"","purchaseBit":0,"licenseKey":""},{"campaignID":"1483","attribution":0,"priority":"3","appToPromote":{"appToPromoteID":"1714","usesDefaultFrameImage":"1","usesDefaultCloseImage":"1","marketURL":"https:\/\/play.google.com\/store\/apps\/details?id=com.playink.cookie.maker","packageID":"com.playink.cookie.maker"},"showTemplate":1,"s2s_tracking_url":"https:\/\/play.google.com\/store\/apps\/details?id=com.playink.cookie.maker","activeCreativeID":"1020","scenes":["12","1","8","6","15","2"],"campaignAdType":"Interstitial","productId":"","purchaseBit":0,"licenseKey":""},{"campaignID":"8762","attribution":0,"priority":"2","appToPromote":{"appToPromoteID":"13265","usesDefaultFrameImage":"0","usesDefaultCloseImage":"0","marketURL":"https:\/\/play.google.com\/store\/apps\/details?id=com.rhg.tricky.bike.stunt.moto.master","packageID":"com.rhg.tricky.bike.stunt.moto.master"},"showTemplate":1,"s2s_tracking_url":"https:\/\/play.google.com\/store\/apps\/details?id=com.rhg.tricky.bike.stunt.moto.master","activeCreativeID":"4121","scenes":["12","1","8","6","15","2"],"campaignAdType":"Rewarded Video","productId":"","purchaseBit":0,"licenseKey":""},{"campaignID":"9366","attribution":0,"priority":"2","appToPromote":{"appToPromoteID":"17602","usesDefaultFrameImage":"0","usesDefaultCloseImage":"0","marketURL":"https:\/\/play.google.com\/store\/apps\/details?id=com.abaenglish.videoclass&amp;referrer=utm_source=42matters.com&amp;utm_medium=api","packageID":"com.abaenglish.videoclass"},"showTemplate":1,"s2s_tracking_url":"https:\/\/play.google.com\/store\/apps\/details?id=com.abaenglish.videoclass&amp;referrer=utm_source=42matters.com&amp;utm_medium=api","activeCreativeID":"4815","scenes":["12","1","8","6","15","2"],"campaignAdType":"Interstitial","productId":"","purchaseBit":0,"licenseKey":""}],"refreshAdRate":30,"mode":"Production","aspectRatio":"4_3","cdnPath":"https:\/\/df8ymybeo92md.cloudfront.net\/images\/","sentry_log":0,"local_logging":0,"sentry_dsn":"https:\/\/93ffa1c9a4124f67b8888a53265f751a:bbf998e04584477fa9a145838e9d3b26@sentry.io\/168994","sentry_initialization":1,"sentry_debugging":0,"bannerSizes":["5"],"aspectRatioVideo":"16_9","app_id":"2225","showPreRewardedDialogue":0,"showPostRewardedDialogue":0,"rewardCurrency":"coins","rewardValue":0,"isSkipable":0,"privacyPolicyURL":"https:\/\/www.consoliads.com\/privacy-policy\/","sessionToken":"sjUKgToly0ceD8WPV\/ipck9TEjhhfEd24Pszn6abZ3m+ZdGgKtC+xWPdzEP166sly9PsGsjl2KaILc843hIH5e3pqpajtqDh5bB4pT8y2d9+NvTUFGzvXME29d2wQR\/MmxyRuqJ3Szhv7FP54TiUvBqzQQNBUIq8oZ2Hd\/qHCr8="}
Session token value is set


{"appKey":"9df632233aa0ab875abe5f3677328817","deviceID":"501","stats":[{"campaignID":153,"packageID":"com.whitesand.underwater.shark.sniper.hunter","sceneStats":[{"sceneID":"2","eventStats":"305,205,105,5,5,0,0"}]}],"sdkVersion":"90","sessionToken":"sjUKgToly0ceD8WPV\/ipck9TEjhhfEd24Pszn6abZ3m+ZdGgKtC+xWPdzEP166sly9PsGsjl2KaILc843hIH5e3pqpajtqDh5bB4pT8y2d9+NvTUFGzvXME29d2wQR\/MmxyRuqJ3Szhv7FP54TiUvBqzQQNBUIq8oZ2Hd\/qHCr8="}
cache_ttl value is correct

Refresh Ad Rate value is correct
mode value is set

 Aspect ratio value is correct
sentry_log value is set
local_logging value is set
sentry_initialization value is set
sentry_debugging value is set
showPreRewardedDialogue value is set
showPostRewardedDialogue value is set
isSkipable value is set
{"cache_ttl":10080,"cache_ttl_rewarded":10080,"cache_ttl_banner":10080,"cache_ttl_native":10080,"cache_ttl_icon":10080,"refreshAdRate":30,"mode":"Production","aspectRatio":"4_3","cdnPath":"https:\/\/df8ymybeo92md.cloudfront.net\/images\/","sentry_log":0,"local_logging":0,"sentry_dsn":"https:\/\/93ffa1c9a4124f67b8888a53265f751a:bbf998e04584477fa9a145838e9d3b26@sentry.io\/168994","sentry_initialization":1,"sentry_debugging":0,"bannerSizes":["5"],"aspectRatioVideo":"16_9","app_id":"2141","showPreRewardedDialogue":0,"showPostRewardedDialogue":0,"rewardCurrency":"coins","rewardValue":0,"isSkipable":0,"privacyPolicyURL":"https:\/\/www.consoliads.com\/privacy-policy\/","sessionToken":"IfQX1N2Ti7RRnB3e8hZU1JgH\/o1bFV\/QEOOiukNREo24+cTHsEaum1J4U+CKlJkM6Q0bDShu+QHuWqJLaaBlARlykFZfv8HNyi6Ti+qF0xjxe6DkyTIppe6IaPbP4BWivHhiuMQCqq5w69qK6JkDMy4cl4Gokgn\/F1EDKc4lXdw="}
Session token value is set


{"appKey":"0c2ea59a1926e209c4043dbc64975c4d","deviceID":"3609","stats":[{"campaignID":155,"packageID":"com.gss.garage.workshop.carmehanic","sceneStats":[{"sceneID":"10","eventStats":"336,236,136,36,36,0,0"}]}],"sdkVersion":"2163","sessionToken":"IfQX1N2Ti7RRnB3e8hZU1JgH\/o1bFV\/QEOOiukNREo24+cTHsEaum1J4U+CKlJkM6Q0bDShu+QHuWqJLaaBlARlykFZfv8HNyi6Ti+qF0xjxe6DkyTIppe6IaPbP4BWivHhiuMQCqq5w69qK6JkDMy4cl4Gokgn\/F1EDKc4lXdw="}
cache_ttl value is correct

Title value is correct

Title value is correct

Title value is correct

Title value is correct

Title value is correct

Title value is correct

Refresh Ad Rate value is correct
mode value is set

 Aspect ratio value is correct
sentry_log value is set
local_logging value is set
sentry_initialization value is set
sentry_debugging value is set
showPreRewardedDialogue value is set
showPostRewardedDialogue value is set
isSkipable value is set
{"cache_ttl":10080,"cache_ttl_rewarded":10080,"cache_ttl_banner":10080,"cache_ttl_native":10080,"cache_ttl_icon":10080,"campaigns":[{"campaignID":"8226","attribution":0,"priority":"8","appToPromote":{"appToPromoteID":"12623","usesDefaultFrameImage":"0","usesDefaultCloseImage":"0","marketURL":"https:\/\/play.google.com\/store\/apps\/details?id=com.igg.android.lordsmobile&amp;referrer=utm_source=42matters.com&amp;utm_medium=api","packageID":"com.nooribrand.android.lordsmobile"},"showTemplate":1,"s2s_tracking_url":"https:\/\/play.google.com\/store\/apps\/details?id=com.igg.android.lordsmobile&amp;referrer=utm_source=42matters.com&amp;utm_medium=api","activeCreativeID":"3557","scenes":["12","1","8","6","15","2"],"campaignAdType":"Icon","productId":"","purchaseBit":0,"licenseKey":""},{"campaignID":"8613","attribution":0,"priority":"8","appToPromote":{"appToPromoteID":"12623","usesDefaultFrameImage":"0","usesDefaultCloseImage":"0","marketURL":"https:\/\/play.google.com\/store\/apps\/details?id=com.igg.android.lordsmobile&amp;referrer=utm_source=42matters.com&amp;utm_medium=api","packageID":"com.nooribrand.android.lordsmobile"},"showTemplate":1,"s2s_tracking_url":"https:\/\/play.google.com\/store\/apps\/details?id=com.igg.android.lordsmobile&amp;referrer=utm_source=42matters.com&amp;utm_medium=api","activeCreativeID":"3557","scenes":["12","1","8","6","15","2"],"campaignAdType":"Icon","productId":"","purchaseBit":0,"licenseKey":""},{"campaignID":"9252","attribution":0,"priority":"8","appToPromote":{"appToPromoteID":"12315","usesDefaultFrameImage":"0","usesDefaultCloseImage":"0","marketURL":"google.com","packageID":"com.qabrand.plnative"},"showTemplate":1,"s2s_tracking_url":"google.com","activeCreativeID":"4683","scenes":["12","1","8","6","15","2"],"campaignAdType":"Native","title":"Native first","subTitle":"First ","description":"New description","adClickThroughText":"FIRST Button","productId":"","purchaseBit":0,"licenseKey":""},{"campaignID":"9253","attribution":0,"priority":"8","appToPromote":{"appToPromoteID":"12315","usesDefaultFrameImage":"0","usesDefaultCloseImage":"0","marketURL":"google.com","packageID":"com.qabrand.plnative"},"showTemplate":1,"s2s_tracking_url":"google.com","activeCreativeID":"4683","scenes":["12","1","8","6","15","2"],"campaignAdType":"Native","title":"Native first","subTitle":"First ","description":"New description","adClickThroughText":"FIRST Button","productId":"","purchaseBit":0,"licenseKey":""},{"campaignID":"9255","attribution":0,"priority":"8","appToPromote":{"appToPromoteID":"13274","usesDefaultFrameImage":"0","usesDefaultCloseImage":"0","marketURL":"https:\/\/play.google.com\/store\/apps\/details?id=com.facebook.katana","packageID":"com.salon.adsalon"},"showTemplate":1,"s2s_tracking_url":"https:\/\/play.google.com\/store\/apps\/details?id=com.facebook.katana","activeCreativeID":"4685","scenes":["12","1","8","6","15","2"],"campaignAdType":"Native","title":"native NA ","subTitle":"native NA ","description":"native NA added","adClickThroughText":"native NA ","productId":"","purchaseBit":0,"licenseKey":""},{"campaignID":"9257","attribution":0,"priority":"8","appToPromote":{"appToPromoteID":"12286","usesDefaultFrameImage":"0","usesDefaultCloseImage":"0","marketURL":"google.com","packageID":"com.qabrand.Chartboost_Native"},"showTemplate":1,"s2s_tracking_url":"google.com","activeCreativeID":"4688","scenes":["12","1","8","6","15","2"],"campaignAdType":"Native","title":"Native second updated","subTitle":"Native second ","description":"Native second details","adClickThroughText":"Native second ","productId":"","purchaseBit":0,"licenseKey":""},{"campaignID":"9263","attribution":0,"priority":"8","appToPromote":{"appToPromoteID":"12315","usesDefaultFrameImage":"0","usesDefaultCloseImage":"0","marketURL":"google.com","packageID":"com.qabrand.plnative"},"showTemplate":1,"s2s_tracking_url":"google.com","activeCreativeID":"4694","scenes":["12","1","8","6","15","2"],"campaignAdType":"Native","title":"test","subTitle":"test","description":" test details update","adClickThroughText":"test","productId":"","purchaseBit":0,"licenseKey":""},{"campaignID":"9547","attribution":0,"priority":"8","appToPromote":{"appToPromoteID":"11879","usesDefaultFrameImage":"0","usesDefaultCloseImage":"0","marketURL":"https:\/\/play.google.com\/store\/apps\/details?id=com.buntoo.car.racing.games","packageID":"com.buntoo.car.racing.games"},"showTemplate":1,"s2s_tracking_url":"https:\/\/play.google.com\/store\/apps\/details?id=com.buntoo.car.racing.games","activeCreativeID":"4964","scenes":["12","1","8","6","15","2"],"campaignAdType":"Interstitial","productId":"","purchaseBit":0,"licenseKey":""},{"campaignID":"9586","attribution":0,"priority":"8","appToPromote":{"appToPromoteID":"515","usesDefaultFrameImage":"1","usesDefaultCloseImage":"1","marketURL":"https:\/\/play.google.com\/store\/apps\/details?id=com.plum.cash.counter.simualtor","packageID":"com.plum.cash.counter.simualtor"},"showTemplate":1,"s2s_tracking_url":"https:\/\/play.google.com\/store\/apps\/details?id=com.plum.cash.counter.simualtor","activeCreativeID":"50","scenes":["12","1","8","6","15","2"],"campaignAdType":"Interstitial","productId":"","purchaseBit":0,"licenseKey":""},{"campaignID":"9587","attribution":0,"priority":"8","appToPromote":{"appToPromoteID":"515","usesDefaultFrameImage":"1","usesDefaultCloseImage":"1","marketURL":"https:\/\/play.google.com\/store\/apps\/details?id=com.plum.cash.counter.simualtor","packageID":"com.plum.cash.counter.simualtor"},"showTemplate":1,"s2s_tracking_url":"https:\/\/play.google.com\/store\/apps\/details?id=com.plum.cash.counter.simualtor","activeCreativeID":"50","scenes":["12","1","8","6","15","2"],"campaignAdType":"Interstitial","productId":"","purchaseBit":0,"licenseKey":""},{"campaignID":"9588","attribution":0,"priority":"8","appToPromote":{"appToPromoteID":"515","usesDefaultFrameImage":"1","usesDefaultCloseImage":"1","marketURL":"https:\/\/play.google.com\/store\/apps\/details?id=com.plum.cash.counter.simualtor","packageID":"com.plum.cash.counter.simualtor"},"showTemplate":1,"s2s_tracking_url":"https:\/\/play.google.com\/store\/apps\/details?id=com.plum.cash.counter.simualtor","activeCreativeID":"50","scenes":["12","1","8","6","15","2"],"campaignAdType":"Interstitial","productId":"","purchaseBit":0,"licenseKey":""},{"campaignID":"9589","attribution":0,"priority":"8","appToPromote":{"appToPromoteID":"515","usesDefaultFrameImage":"1","usesDefaultCloseImage":"1","marketURL":"https:\/\/play.google.com\/store\/apps\/details?id=com.plum.cash.counter.simualtor","packageID":"com.plum.cash.counter.simualtor"},"showTemplate":1,"s2s_tracking_url":"https:\/\/play.google.com\/store\/apps\/details?id=com.plum.cash.counter.simualtor","activeCreativeID":"50","scenes":["12","1","8","6","15","2"],"campaignAdType":"Interstitial","productId":"","purchaseBit":0,"licenseKey":""},{"campaignID":"9599","attribution":0,"priority":"8","appToPromote":{"appToPromoteID":"515","usesDefaultFrameImage":"1","usesDefaultCloseImage":"1","marketURL":"https:\/\/play.google.com\/store\/apps\/details?id=com.plum.cash.counter.simualtor","packageID":"com.plum.cash.counter.simualtor"},"showTemplate":1,"s2s_tracking_url":"https:\/\/play.google.com\/store\/apps\/details?id=com.plum.cash.counter.simualtor","activeCreativeID":"5001","scenes":["12","1","8","6","15","2"],"campaignAdType":"Icon","productId":"","purchaseBit":0,"licenseKey":""},{"campaignID":"9127","attribution":0,"priority":"8","appToPromote":{"appToPromoteID":"17528","usesDefaultFrameImage":"0","usesDefaultCloseImage":"0","marketURL":"https:\/\/play.google.com\/store\/apps\/details?id=net.one97.paytm","packageID":"net.one97.paytm"},"showTemplate":1,"s2s_tracking_url":"https:\/\/tha.gotrackier.com\/click?campaign_id=63249\\u0026pub_id=75?p1=2226_9127_3609&amp;source=6841&amp;app_name=CarMechanicWorkshopGarage&amp;gaid=3609","activeCreativeID":"4788","scenes":["12","1","8","6","15","2"],"campaignAdType":"Native","title":"BCA","subTitle":"FW","description":"nope","adClickThroughText":"Link","productId":"","purchaseBit":0,"licenseKey":""},{"campaignID":"9131","attribution":0,"priority":"8","appToPromote":{"appToPromoteID":"17532","usesDefaultFrameImage":"0","usesDefaultCloseImage":"0","marketURL":"https:\/\/play.google.com\/store\/apps\/details?id=com.dhgate.buyermob","packageID":"com.dhgate.buyermob"},"showTemplate":1,"s2s_tracking_url":"https:\/\/tha.gotrackier.com\/click?campaign_id=63254\\u0026pub_id=75?p1=2226_9131_3609&amp;source=6841&amp;app_name=CarMechanicWorkshopGarage&amp;gaid=3609","activeCreativeID":"4483","scenes":["12","1","8","6","15","2"],"campaignAdType":"Interstitial","productId":"","purchaseBit":0,"licenseKey":""},{"campaignID":"444","attribution":0,"priority":"6","appToPromote":{"appToPromoteID":"3355","usesDefaultFrameImage":"0","usesDefaultCloseImage":"0","marketURL":"https:\/\/play.google.com\/store\/apps\/details?id=com.popnsons.parkour.mouse","packageID":"com.popnsons.parkour.mouse"},"showTemplate":1,"s2s_tracking_url":"https:\/\/play.google.com\/store\/apps\/details?id=com.popnsons.parkour.mouse","activeCreativeID":"469","scenes":["12","1","8","6","15","2"],"campaignAdType":"Interstitial","productId":"","purchaseBit":0,"licenseKey":""},{"campaignID":"561","attribution":0,"priority":"6","appToPromote":{"appToPromoteID":"5026","usesDefaultFrameImage":"0","usesDefaultCloseImage":"0","marketURL":"https:\/\/play.google.com\/store\/apps\/details?id=com.as.cashupapp","packageID":"com.as.cashupapp"},"showTemplate":1,"s2s_tracking_url":"https:\/\/play.google.com\/store\/apps\/details?id=com.as.cashupapp","activeCreativeID":"652","scenes":["12","1","8","6","15","2"],"campaignAdType":"Interstitial","productId":"","purchaseBit":0,"licenseKey":""},{"campaignID":"570","attribution":0,"priority":"6","appToPromote":{"appToPromoteID":"3802","usesDefaultFrameImage":"0","usesDefaultCloseImage":"0","marketURL":"https:\/\/play.google.com\/store\/apps\/details?id=com.Madxstudios.Flickshootsoccer","packageID":"com.Madxstudios.Flickshootsoccer"},"showTemplate":1,"s2s_tracking_url":"https:\/\/play.google.com\/store\/apps\/details?id=com.Madxstudios.Flickshootsoccer","activeCreativeID":"661","scenes":["12","1","8","6","15","2"],"campaignAdType":"Interstitial","productId":"","purchaseBit":0,"licenseKey":""},{"campaignID":"588","attribution":0,"priority":"6","appToPromote":{"appToPromoteID":"5026","usesDefaultFrameImage":"0","usesDefaultCloseImage":"0","marketURL":"https:\/\/play.google.com\/store\/apps\/details?id=com.as.cashupapp","packageID":"com.as.cashupapp"},"showTemplate":1,"s2s_tracking_url":"https:\/\/play.google.com\/store\/apps\/details?id=com.as.cashupapp","activeCreativeID":"652","scenes":["12","1","8","6","15","2"],"campaignAdType":"Interstitial","productId":"","purchaseBit":0,"licenseKey":""},{"campaignID":"8808","attribution_link":"","attribution":1,"priority":"5","appToPromote":{"appToPromoteID":"16528","usesDefaultFrameImage":"0","usesDefaultCloseImage":"0","marketURL":"https:\/\/play.google.com\/store\/apps\/details?id=com.bag.farm.day.village.farming.games","packageID":"com.GSS317.com.bag.farm.day.village.farming.games"},"showTemplate":1,"s2s_tracking_url":"","activeCreativeID":"3775","scenes":["12","1","8","6","15","2"],"campaignAdType":"Interstitial","productId":"","purchaseBit":0,"licenseKey":""},{"campaignID":"8973","attribution":0,"priority":"5","appToPromote":{"appToPromoteID":"15974","usesDefaultFrameImage":"0","usesDefaultCloseImage":"0","marketURL":"https:\/\/play.google.com\/store\/apps\/details?id=com.mustardgames.bmx.cycle.stunt.mega.ramp.impossibletracks","packageID":"com.mustardgames.bmx.cycle.stunt.mega.ramp.impossibletracks"},"showTemplate":1,"s2s_tracking_url":"https:\/\/play.google.com\/store\/apps\/details?id=com.mustardgames.bmx.cycle.stunt.mega.ramp.impossibletracks","activeCreativeID":"4339","scenes":["12","1","8","6","15","2"],"campaignAdType":"Interstitial","productId":"","purchaseBit":0,"licenseKey":""},{"campaignID":"557","attribution":0,"priority":"4","appToPromote":{"appToPromoteID":"4959","usesDefaultFrameImage":"0","usesDefaultCloseImage":"0","marketURL":"https:\/\/play.google.com\/store\/apps\/details?id=com.jet.plane.surfers.joyride.dash","packageID":"com.jet.plane.surfers.joyride.dash"},"showTemplate":1,"s2s_tracking_url":"https:\/\/play.google.com\/store\/apps\/details?id=com.jet.plane.surfers.joyride.dash","activeCreativeID":"645","scenes":["12","1","8","6","15","2"],"campaignAdType":"Interstitial","productId":"","purchaseBit":0,"licenseKey":""},{"campaignID":"414","attribution":0,"priority":"3","appToPromote":{"appToPromoteID":"3023","usesDefaultFrameImage":"0","usesDefaultCloseImage":"0","marketURL":"https:\/\/play.google.com\/store\/apps\/details?id=com.appricot2d.rolo.pet.parrot","packageID":"com.appricot2d.rolo.pet.parrot"},"showTemplate":1,"s2s_tracking_url":"https:\/\/play.google.com\/store\/apps\/details?id=com.appricot2d.rolo.pet.parrot","activeCreativeID":"385","scenes":["12","1","8","6","15","2"],"campaignAdType":"Interstitial","productId":"","purchaseBit":0,"licenseKey":""},{"campaignID":"559","attribution":0,"priority":"3","appToPromote":{"appToPromoteID":"3476","usesDefaultFrameImage":"0","usesDefaultCloseImage":"0","marketURL":"https:\/\/play.google.com\/store\/apps\/details?id=com.perspectivegames.real.impossible.tracks.stunts","packageID":"com.perspectivegames.real.impossible.tracks.stunts"},"showTemplate":1,"s2s_tracking_url":"https:\/\/play.google.com\/store\/apps\/details?id=com.perspectivegames.real.impossible.tracks.stunts","activeCreativeID":"649","scenes":["12","1","8","6","15","2"],"campaignAdType":"Interstitial","productId":"","purchaseBit":0,"licenseKey":""},{"campaignID":"741","attribution":0,"priority":"3","appToPromote":{"appToPromoteID":"5609","usesDefaultFrameImage":"0","usesDefaultCloseImage":"0","marketURL":"https:\/\/play.google.com\/store\/apps\/details?id=com.kick.gyroscopic.city.train.driver.simulator","packageID":"com.kick.gyroscopic.city.train.driver.simulator"},"showTemplate":1,"s2s_tracking_url":"https:\/\/play.google.com\/store\/apps\/details?id=com.kick.gyroscopic.city.train.driver.simulator","activeCreativeID":"753","scenes":["12","1","8","6","15","2"],"campaignAdType":"Interstitial","productId":"","purchaseBit":0,"licenseKey":""},{"campaignID":"798","attribution":0,"priority":"3","appToPromote":{"appToPromoteID":"5770","usesDefaultFrameImage":"0","usesDefaultCloseImage":"0","marketURL":"https:\/\/play.google.com\/store\/apps\/details?id=com.simulatorgames3d.alohacelebrations","packageID":"com.simulatorgames3d.alohacelebrations"},"showTemplate":1,"s2s_tracking_url":"https:\/\/play.google.com\/store\/apps\/details?id=com.simulatorgames3d.alohacelebrations","activeCreativeID":"787","scenes":["12","1","8","6","15","2"],"campaignAdType":"Interstitial","productId":"","purchaseBit":0,"licenseKey":""},{"campaignID":"1483","attribution":0,"priority":"3","appToPromote":{"appToPromoteID":"1714","usesDefaultFrameImage":"1","usesDefaultCloseImage":"1","marketURL":"https:\/\/play.google.com\/store\/apps\/details?id=com.playink.cookie.maker","packageID":"com.playink.cookie.maker"},"showTemplate":1,"s2s_tracking_url":"https:\/\/play.google.com\/store\/apps\/details?id=com.playink.cookie.maker","activeCreativeID":"1020","scenes":["12","1","8","6","15","2"],"campaignAdType":"Interstitial","productId":"","purchaseBit":0,"licenseKey":""},{"campaignID":"8762","attribution":0,"priority":"2","appToPromote":{"appToPromoteID":"13265","usesDefaultFrameImage":"0","usesDefaultCloseImage":"0","marketURL":"https:\/\/play.google.com\/store\/apps\/details?id=com.rhg.tricky.bike.stunt.moto.master","packageID":"com.rhg.tricky.bike.stunt.moto.master"},"showTemplate":1,"s2s_tracking_url":"https:\/\/play.google.com\/store\/apps\/details?id=com.rhg.tricky.bike.stunt.moto.master","activeCreativeID":"4121","scenes":["12","1","8","6","15","2"],"campaignAdType":"Rewarded Video","productId":"","purchaseBit":0,"licenseKey":""},{"campaignID":"9366","attribution":0,"priority":"2","appToPromote":{"appToPromoteID":"17602","usesDefaultFrameImage":"0","usesDefaultCloseImage":"0","marketURL":"https:\/\/play.google.com\/store\/apps\/details?id=com.abaenglish.videoclass&amp;referrer=utm_source=42matters.com&amp;utm_medium=api","packageID":"com.abaenglish.videoclass"},"showTemplate":1,"s2s_tracking_url":"https:\/\/play.google.com\/store\/apps\/details?id=com.abaenglish.videoclass&amp;referrer=utm_source=42matters.com&amp;utm_medium=api","activeCreativeID":"4815","scenes":["12","1","8","6","15","2"],"campaignAdType":"Interstitial","productId":"","purchaseBit":0,"licenseKey":""}],"refreshAdRate":30,"mode":"Production","aspectRatio":"4_3","cdnPath":"https:\/\/df8ymybeo92md.cloudfront.net\/images\/","sentry_log":0,"local_logging":0,"sentry_dsn":"https:\/\/93ffa1c9a4124f67b8888a53265f751a:bbf998e04584477fa9a145838e9d3b26@sentry.io\/168994","sentry_initialization":1,"sentry_debugging":0,"bannerSizes":["1"],"aspectRatioVideo":"16_9","app_id":"2226","showPreRewardedDialogue":0,"showPostRewardedDialogue":0,"rewardCurrency":"coins","rewardValue":0,"isSkipable":1,"privacyPolicyURL":"https:\/\/www.consoliads.com\/privacy-policy\/","sessionToken":"aZjC\/lC8hDM+oLN8zeDCIIJoDKjJAgC9Ro7nKiIwQeNzytmtdu3\/XIyBJX+VtOacoBWpdUX13Ow3wla9bap6m8Y9Y1k5DHs55KuRkGCEcbSwzqyoaWTd0Ri1I0l6K\/j7SblO7r2Y6JAzmrtjl1Mkqmadhwr\/8domerlAN6tZTj8="}
Session token value is set


{"appKey":"47177e643e2e9ff27cdc3f79c552ce95","deviceID":"5540","stats":[{"campaignID":164,"packageID":"com.tgp.car.robot.transport.truck","sceneStats":[{"sceneID":"14","eventStats":"355,255,155,55,55,0,0"}]}],"sdkVersion":"2163","sessionToken":"aZjC\/lC8hDM+oLN8zeDCIIJoDKjJAgC9Ro7nKiIwQeNzytmtdu3\/XIyBJX+VtOacoBWpdUX13Ow3wla9bap6m8Y9Y1k5DHs55KuRkGCEcbSwzqyoaWTd0Ri1I0l6K\/j7SblO7r2Y6JAzmrtjl1Mkqmadhwr\/8domerlAN6tZTj8="}
cache_ttl value is correct

Title value is correct

Title value is correct

Title value is correct

Title value is correct

Title value is correct

Title value is correct

Refresh Ad Rate value is correct
mode value is set

 Aspect ratio value is correct
sentry_log value is set
local_logging value is set
sentry_initialization value is set
sentry_debugging value is set
showPreRewardedDialogue value is set
showPostRewardedDialogue value is set
isSkipable value is set
{"cache_ttl":10080,"cache_ttl_rewarded":10080,"cache_ttl_banner":10080,"cache_ttl_native":10080,"cache_ttl_icon":10080,"campaigns":[{"campaignID":"8226","attribution":0,"priority":"8","appToPromote":{"appToPromoteID":"12623","usesDefaultFrameImage":"0","usesDefaultCloseImage":"0","marketURL":"https:\/\/play.google.com\/store\/apps\/details?id=com.igg.android.lordsmobile&amp;referrer=utm_source=42matters.com&amp;utm_medium=api","packageID":"com.nooribrand.android.lordsmobile"},"showTemplate":1,"s2s_tracking_url":"https:\/\/play.google.com\/store\/apps\/details?id=com.igg.android.lordsmobile&amp;referrer=utm_source=42matters.com&amp;utm_medium=api","activeCreativeID":"3557","scenes":["12","1","8","6","15","2"],"campaignAdType":"Icon","productId":"","purchaseBit":0,"licenseKey":""},{"campaignID":"8378","attribution":0,"priority":"8","appToPromote":{"appToPromoteID":"16480","usesDefaultFrameImage":"0","usesDefaultCloseImage":"0","marketURL":"https:\/\/play.google.com\/store\/apps\/details?id=com.nag.home.manager.working.virtual.mom","packageID":"com.GSS317.AmazingFamily"},"showTemplate":1,"s2s_tracking_url":"https:\/\/play.google.com\/store\/apps\/details?id=com.nag.home.manager.working.virtual.mom","activeCreativeID":"3720","scenes":["12","1","8","6","15","2"],"campaignAdType":"Interstitial","productId":"","purchaseBit":0,"licenseKey":""},{"campaignID":"8613","attribution":0,"priority":"8","appToPromote":{"appToPromoteID":"12623","usesDefaultFrameImage":"0","usesDefaultCloseImage":"0","marketURL":"https:\/\/play.google.com\/store\/apps\/details?id=com.igg.android.lordsmobile&amp;referrer=utm_source=42matters.com&amp;utm_medium=api","packageID":"com.nooribrand.android.lordsmobile"},"showTemplate":1,"s2s_tracking_url":"https:\/\/play.google.com\/store\/apps\/details?id=com.igg.android.lordsmobile&amp;referrer=utm_source=42matters.com&amp;utm_medium=api","activeCreativeID":"3557","scenes":["12","1","8","6","15","2"],"campaignAdType":"Icon","productId":"","purchaseBit":0,"licenseKey":""},{"campaignID":"9252","attribution":0,"priority":"8","appToPromote":{"appToPromoteID":"12315","usesDefaultFrameImage":"0","usesDefaultCloseImage":"0","marketURL":"google.com","packageID":"com.qabrand.plnative"},"showTemplate":1,"s2s_tracking_url":"google.com","activeCreativeID":"4683","scenes":["12","1","8","6","15","2"],"campaignAdType":"Native","title":"Native first","subTitle":"First ","description":"New description","adClickThroughText":"FIRST Button","productId":"","purchaseBit":0,"licenseKey":""},{"campaignID":"9253","attribution":0,"priority":"8","appToPromote":{"appToPromoteID":"12315","usesDefaultFrameImage":"0","usesDefaultCloseImage":"0","marketURL":"google.com","packageID":"com.qabrand.plnative"},"showTemplate":1,"s2s_tracking_url":"google.com","activeCreativeID":"4683","scenes":["12","1","8","6","15","2"],"campaignAdType":"Native","title":"Native first","subTitle":"First ","description":"New description","adClickThroughText":"FIRST Button","productId":"","purchaseBit":0,"licenseKey":""},{"campaignID":"9255","attribution":0,"priority":"8","appToPromote":{"appToPromoteID":"13274","usesDefaultFrameImage":"0","usesDefaultCloseImage":"0","marketURL":"https:\/\/play.google.com\/store\/apps\/details?id=com.facebook.katana","packageID":"com.salon.adsalon"},"showTemplate":1,"s2s_tracking_url":"https:\/\/play.google.com\/store\/apps\/details?id=com.facebook.katana","activeCreativeID":"4685","scenes":["12","1","8","6","15","2"],"campaignAdType":"Native","title":"native NA ","subTitle":"native NA ","description":"native NA added","adClickThroughText":"native NA ","productId":"","purchaseBit":0,"licenseKey":""},{"campaignID":"9257","attribution":0,"priority":"8","appToPromote":{"appToPromoteID":"12286","usesDefaultFrameImage":"0","usesDefaultCloseImage":"0","marketURL":"google.com","packageID":"com.qabrand.Chartboost_Native"},"showTemplate":1,"s2s_tracking_url":"google.com","activeCreativeID":"4688","scenes":["12","1","8","6","15","2"],"campaignAdType":"Native","title":"Native second updated","subTitle":"Native second ","description":"Native second details","adClickThroughText":"Native second ","productId":"","purchaseBit":0,"licenseKey":""},{"campaignID":"9263","attribution":0,"priority":"8","appToPromote":{"appToPromoteID":"12315","usesDefaultFrameImage":"0","usesDefaultCloseImage":"0","marketURL":"google.com","packageID":"com.qabrand.plnative"},"showTemplate":1,"s2s_tracking_url":"google.com","activeCreativeID":"4694","scenes":["12","1","8","6","15","2"],"campaignAdType":"Native","title":"test","subTitle":"test","description":" test details update","adClickThroughText":"test","productId":"","purchaseBit":0,"licenseKey":""},{"campaignID":"9547","attribution":0,"priority":"8","appToPromote":{"appToPromoteID":"11879","usesDefaultFrameImage":"0","usesDefaultCloseImage":"0","marketURL":"https:\/\/play.google.com\/store\/apps\/details?id=com.buntoo.car.racing.games","packageID":"com.buntoo.car.racing.games"},"showTemplate":1,"s2s_tracking_url":"https:\/\/play.google.com\/store\/apps\/details?id=com.buntoo.car.racing.games","activeCreativeID":"4964","scenes":["12","1","8","6","15","2"],"campaignAdType":"Interstitial","productId":"","purchaseBit":0,"licenseKey":""},{"campaignID":"9586","attribution":0,"priority":"8","appToPromote":{"appToPromoteID":"515","usesDefaultFrameImage":"1","usesDefaultCloseImage":"1","marketURL":"https:\/\/play.google.com\/store\/apps\/details?id=com.plum.cash.counter.simualtor","packageID":"com.plum.cash.counter.simualtor"},"showTemplate":1,"s2s_tracking_url":"https:\/\/play.google.com\/store\/apps\/details?id=com.plum.cash.counter.simualtor","activeCreativeID":"50","scenes":["12","1","8","6","15","2"],"campaignAdType":"Interstitial","productId":"","purchaseBit":0,"licenseKey":""},{"campaignID":"9587","attribution":0,"priority":"8","appToPromote":{"appToPromoteID":"515","usesDefaultFrameImage":"1","usesDefaultCloseImage":"1","marketURL":"https:\/\/play.google.com\/store\/apps\/details?id=com.plum.cash.counter.simualtor","packageID":"com.plum.cash.counter.simualtor"},"showTemplate":1,"s2s_tracking_url":"https:\/\/play.google.com\/store\/apps\/details?id=com.plum.cash.counter.simualtor","activeCreativeID":"50","scenes":["12","1","8","6","15","2"],"campaignAdType":"Interstitial","productId":"","purchaseBit":0,"licenseKey":""},{"campaignID":"9588","attribution":0,"priority":"8","appToPromote":{"appToPromoteID":"515","usesDefaultFrameImage":"1","usesDefaultCloseImage":"1","marketURL":"https:\/\/play.google.com\/store\/apps\/details?id=com.plum.cash.counter.simualtor","packageID":"com.plum.cash.counter.simualtor"},"showTemplate":1,"s2s_tracking_url":"https:\/\/play.google.com\/store\/apps\/details?id=com.plum.cash.counter.simualtor","activeCreativeID":"50","scenes":["12","1","8","6","15","2"],"campaignAdType":"Interstitial","productId":"","purchaseBit":0,"licenseKey":""},{"campaignID":"9589","attribution":0,"priority":"8","appToPromote":{"appToPromoteID":"515","usesDefaultFrameImage":"1","usesDefaultCloseImage":"1","marketURL":"https:\/\/play.google.com\/store\/apps\/details?id=com.plum.cash.counter.simualtor","packageID":"com.plum.cash.counter.simualtor"},"showTemplate":1,"s2s_tracking_url":"https:\/\/play.google.com\/store\/apps\/details?id=com.plum.cash.counter.simualtor","activeCreativeID":"50","scenes":["12","1","8","6","15","2"],"campaignAdType":"Interstitial","productId":"","purchaseBit":0,"licenseKey":""},{"campaignID":"9599","attribution":0,"priority":"8","appToPromote":{"appToPromoteID":"515","usesDefaultFrameImage":"1","usesDefaultCloseImage":"1","marketURL":"https:\/\/play.google.com\/store\/apps\/details?id=com.plum.cash.counter.simualtor","packageID":"com.plum.cash.counter.simualtor"},"showTemplate":1,"s2s_tracking_url":"https:\/\/play.google.com\/store\/apps\/details?id=com.plum.cash.counter.simualtor","activeCreativeID":"5001","scenes":["12","1","8","6","15","2"],"campaignAdType":"Icon","productId":"","purchaseBit":0,"licenseKey":""},{"campaignID":"9127","attribution":0,"priority":"8","appToPromote":{"appToPromoteID":"17528","usesDefaultFrameImage":"0","usesDefaultCloseImage":"0","marketURL":"https:\/\/play.google.com\/store\/apps\/details?id=net.one97.paytm","packageID":"net.one97.paytm"},"showTemplate":1,"s2s_tracking_url":"https:\/\/tha.gotrackier.com\/click?campaign_id=63249\\u0026pub_id=75?p1=2350_9127_5540&amp;source=6841&amp;app_name=CarRobotTransportTruck&amp;gaid=5540","activeCreativeID":"4788","scenes":["12","1","8","6","15","2"],"campaignAdType":"Native","title":"BCA","subTitle":"FW","description":"nope","adClickThroughText":"Link","productId":"","purchaseBit":0,"licenseKey":""},{"campaignID":"9131","attribution":0,"priority":"8","appToPromote":{"appToPromoteID":"17532","usesDefaultFrameImage":"0","usesDefaultCloseImage":"0","marketURL":"https:\/\/play.google.com\/store\/apps\/details?id=com.dhgate.buyermob","packageID":"com.dhgate.buyermob"},"showTemplate":1,"s2s_tracking_url":"https:\/\/tha.gotrackier.com\/click?campaign_id=63254\\u0026pub_id=75?p1=2350_9131_5540&amp;source=6841&amp;app_name=CarRobotTransportTruck&amp;gaid=5540","activeCreativeID":"4483","scenes":["12","1","8","6","15","2"],"campaignAdType":"Interstitial","productId":"","purchaseBit":0,"licenseKey":""},{"campaignID":"8380","attribution_link":"","attribution":1,"priority":"7","appToPromote":{"appToPromoteID":"16480","usesDefaultFrameImage":"0","usesDefaultCloseImage":"0","marketURL":"https:\/\/play.google.com\/store\/apps\/details?id=com.nag.home.manager.working.virtual.mom","packageID":"com.GSS317.AmazingFamily"},"showTemplate":1,"s2s_tracking_url":"","activeCreativeID":"3720","scenes":["12","1","8","6","15","2"],"campaignAdType":"Interstitial","productId":"","purchaseBit":0,"licenseKey":""},{"campaignID":"444","attribution":0,"priority":"6","appToPromote":{"appToPromoteID":"3355","usesDefaultFrameImage":"0","usesDefaultCloseImage":"0","marketURL":"https:\/\/play.google.com\/store\/apps\/details?id=com.popnsons.parkour.mouse","packageID":"com.popnsons.parkour.mouse"},"showTemplate":1,"s2s_tracking_url":"https:\/\/play.google.com\/store\/apps\/details?id=com.popnsons.parkour.mouse","activeCreativeID":"469","scenes":["12","1","8","6","15","2"],"campaignAdType":"Interstitial","productId":"","purchaseBit":0,"licenseKey":""},{"campaignID":"561","attribution":0,"priority":"6","appToPromote":{"appToPromoteID":"5026","usesDefaultFrameImage":"0","usesDefaultCloseImage":"0","marketURL":"https:\/\/play.google.com\/store\/apps\/details?id=com.as.cashupapp","packageID":"com.as.cashupapp"},"showTemplate":1,"s2s_tracking_url":"https:\/\/play.google.com\/store\/apps\/details?id=com.as.cashupapp","activeCreativeID":"652","scenes":["12","1","8","6","15","2"],"campaignAdType":"Interstitial","productId":"","purchaseBit":0,"licenseKey":""},{"campaignID":"570","attribution":0,"priority":"6","appToPromote":{"appToPromoteID":"3802","usesDefaultFrameImage":"0","usesDefaultCloseImage":"0","marketURL":"https:\/\/play.google.com\/store\/apps\/details?id=com.Madxstudios.Flickshootsoccer","packageID":"com.Madxstudios.Flickshootsoccer"},"showTemplate":1,"s2s_tracking_url":"https:\/\/play.google.com\/store\/apps\/details?id=com.Madxstudios.Flickshootsoccer","activeCreativeID":"661","scenes":["12","1","8","6","15","2"],"campaignAdType":"Interstitial","productId":"","purchaseBit":0,"licenseKey":""},{"campaignID":"588","attribution":0,"priority":"6","appToPromote":{"appToPromoteID":"5026","usesDefaultFrameImage":"0","usesDefaultCloseImage":"0","marketURL":"https:\/\/play.google.com\/store\/apps\/details?id=com.as.cashupapp","packageID":"com.as.cashupapp"},"showTemplate":1,"s2s_tracking_url":"https:\/\/play.google.com\/store\/apps\/details?id=com.as.cashupapp","activeCreativeID":"652","scenes":["12","1","8","6","15","2"],"campaignAdType":"Interstitial","productId":"","purchaseBit":0,"licenseKey":""},{"campaignID":"8808","attribution_link":"","attribution":1,"priority":"5","appToPromote":{"appToPromoteID":"16528","usesDefaultFrameImage":"0","usesDefaultCloseImage":"0","marketURL":"https:\/\/play.google.com\/store\/apps\/details?id=com.bag.farm.day.village.farming.games","packageID":"com.GSS317.com.bag.farm.day.village.farming.games"},"showTemplate":1,"s2s_tracking_url":"","activeCreativeID":"3775","scenes":["12","1","8","6","15","2"],"campaignAdType":"Interstitial","productId":"","purchaseBit":0,"licenseKey":""},{"campaignID":"8973","attribution":0,"priority":"5","appToPromote":{"appToPromoteID":"15974","usesDefaultFrameImage":"0","usesDefaultCloseImage":"0","marketURL":"https:\/\/play.google.com\/store\/apps\/details?id=com.mustardgames.bmx.cycle.stunt.mega.ramp.impossibletracks","packageID":"com.mustardgames.bmx.cycle.stunt.mega.ramp.impossibletracks"},"showTemplate":1,"s2s_tracking_url":"https:\/\/play.google.com\/store\/apps\/details?id=com.mustardgames.bmx.cycle.stunt.mega.ramp.impossibletracks","activeCreativeID":"4339","scenes":["12","1","8","6","15","2"],"campaignAdType":"Interstitial","productId":"","purchaseBit":0,"licenseKey":""},{"campaignID":"557","attribution":0,"priority":"4","appToPromote":{"appToPromoteID":"4959","usesDefaultFrameImage":"0","usesDefaultCloseImage":"0","marketURL":"https:\/\/play.google.com\/store\/apps\/details?id=com.jet.plane.surfers.joyride.dash","packageID":"com.jet.plane.surfers.joyride.dash"},"showTemplate":1,"s2s_tracking_url":"https:\/\/play.google.com\/store\/apps\/details?id=com.jet.plane.surfers.joyride.dash","activeCreativeID":"645","scenes":["12","1","8","6","15","2"],"campaignAdType":"Interstitial","productId":"","purchaseBit":0,"licenseKey":""},{"campaignID":"414","attribution":0,"priority":"3","appToPromote":{"appToPromoteID":"3023","usesDefaultFrameImage":"0","usesDefaultCloseImage":"0","marketURL":"https:\/\/play.google.com\/store\/apps\/details?id=com.appricot2d.rolo.pet.parrot","packageID":"com.appricot2d.rolo.pet.parrot"},"showTemplate":1,"s2s_tracking_url":"https:\/\/play.google.com\/store\/apps\/details?id=com.appricot2d.rolo.pet.parrot","activeCreativeID":"385","scenes":["12","1","8","6","15","2"],"campaignAdType":"Interstitial","productId":"","purchaseBit":0,"licenseKey":""},{"campaignID":"559","attribution":0,"priority":"3","appToPromote":{"appToPromoteID":"3476","usesDefaultFrameImage":"0","usesDefaultCloseImage":"0","marketURL":"https:\/\/play.google.com\/store\/apps\/details?id=com.perspectivegames.real.impossible.tracks.stunts","packageID":"com.perspectivegames.real.impossible.tracks.stunts"},"showTemplate":1,"s2s_tracking_url":"https:\/\/play.google.com\/store\/apps\/details?id=com.perspectivegames.real.impossible.tracks.stunts","activeCreativeID":"649","scenes":["12","1","8","6","15","2"],"campaignAdType":"Interstitial","productId":"","purchaseBit":0,"licenseKey":""},{"campaignID":"741","attribution":0,"priority":"3","appToPromote":{"appToPromoteID":"5609","usesDefaultFrameImage":"0","usesDefaultCloseImage":"0","marketURL":"https:\/\/play.google.com\/store\/apps\/details?id=com.kick.gyroscopic.city.train.driver.simulator","packageID":"com.kick.gyroscopic.city.train.driver.simulator"},"showTemplate":1,"s2s_tracking_url":"https:\/\/play.google.com\/store\/apps\/details?id=com.kick.gyroscopic.city.train.driver.simulator","activeCreativeID":"753","scenes":["12","1","8","6","15","2"],"campaignAdType":"Interstitial","productId":"","purchaseBit":0,"licenseKey":""},{"campaignID":"798","attribution":0,"priority":"3","appToPromote":{"appToPromoteID":"5770","usesDefaultFrameImage":"0","usesDefaultCloseImage":"0","marketURL":"https:\/\/play.google.com\/store\/apps\/details?id=com.simulatorgames3d.alohacelebrations","packageID":"com.simulatorgames3d.alohacelebrations"},"showTemplate":1,"s2s_tracking_url":"https:\/\/play.google.com\/store\/apps\/details?id=com.simulatorgames3d.alohacelebrations","activeCreativeID":"787","scenes":["12","1","8","6","15","2"],"campaignAdType":"Interstitial","productId":"","purchaseBit":0,"licenseKey":""},{"campaignID":"1483","attribution":0,"priority":"3","appToPromote":{"appToPromoteID":"1714","usesDefaultFrameImage":"1","usesDefaultCloseImage":"1","marketURL":"https:\/\/play.google.com\/store\/apps\/details?id=com.playink.cookie.maker","packageID":"com.playink.cookie.maker"},"showTemplate":1,"s2s_tracking_url":"https:\/\/play.google.com\/store\/apps\/details?id=com.playink.cookie.maker","activeCreativeID":"1020","scenes":["12","1","8","6","15","2"],"campaignAdType":"Interstitial","productId":"","purchaseBit":0,"licenseKey":""},{"campaignID":"8762","attribution":0,"priority":"2","appToPromote":{"appToPromoteID":"13265","usesDefaultFrameImage":"0","usesDefaultCloseImage":"0","marketURL":"https:\/\/play.google.com\/store\/apps\/details?id=com.rhg.tricky.bike.stunt.moto.master","packageID":"com.rhg.tricky.bike.stunt.moto.master"},"showTemplate":1,"s2s_tracking_url":"https:\/\/play.google.com\/store\/apps\/details?id=com.rhg.tricky.bike.stunt.moto.master","activeCreativeID":"4121","scenes":["12","1","8","6","15","2"],"campaignAdType":"Rewarded Video","productId":"","purchaseBit":0,"licenseKey":""},{"campaignID":"9366","attribution":0,"priority":"2","appToPromote":{"appToPromoteID":"17602","usesDefaultFrameImage":"0","usesDefaultCloseImage":"0","marketURL":"https:\/\/play.google.com\/store\/apps\/details?id=com.abaenglish.videoclass&amp;referrer=utm_source=42matters.com&amp;utm_medium=api","packageID":"com.abaenglish.videoclass"},"showTemplate":1,"s2s_tracking_url":"https:\/\/play.google.com\/store\/apps\/details?id=com.abaenglish.videoclass&amp;referrer=utm_source=42matters.com&amp;utm_medium=api","activeCreativeID":"4815","scenes":["12","1","8","6","15","2"],"campaignAdType":"Interstitial","productId":"","purchaseBit":0,"licenseKey":""}],"refreshAdRate":30,"mode":"Production","aspectRatio":"4_3","cdnPath":"https:\/\/df8ymybeo92md.cloudfront.net\/images\/","sentry_log":0,"local_logging":0,"sentry_dsn":"https:\/\/93ffa1c9a4124f67b8888a53265f751a:bbf998e04584477fa9a145838e9d3b26@sentry.io\/168994","sentry_initialization":1,"sentry_debugging":0,"bannerSizes":["1"],"aspectRatioVideo":"16_9","app_id":"2350","showPreRewardedDialogue":0,"showPostRewardedDialogue":0,"rewardCurrency":"coins","rewardValue":0,"isSkipable":0,"privacyPolicyURL":"https:\/\/www.consoliads.com\/privacy-policy\/","sessionToken":"QhqISUf32OtyO9J6sLGpzSwd23XY8oInxprCYbmzTve8ld8Ouf\/eLOS3eEKdJ89AhJyzfJFt7nleU+MptLWuhnUfFNaKbYytnL20ZXZWIUt7H1TCO4bh5NOZEkTt+L6N6U6iRJimScNXWBKjvD5wXQld9AE\/ID9GbxGcCfR9HkA="}
Session token value is set


{"appKey":"e551eacd7ce4c379df2008130984e935","deviceID":"13","stats":[{"campaignID":173,"packageID":"com.ubmgames.commando.survivor.modern.lone","sceneStats":[{"sceneID":"1","eventStats":"301,201,101,1,1,0,0"}]}],"sdkVersion":"26","sessionToken":"QhqISUf32OtyO9J6sLGpzSwd23XY8oInxprCYbmzTve8ld8Ouf\/eLOS3eEKdJ89AhJyzfJFt7nleU+MptLWuhnUfFNaKbYytnL20ZXZWIUt7H1TCO4bh5NOZEkTt+L6N6U6iRJimScNXWBKjvD5wXQld9AE\/ID9GbxGcCfR9HkA="}
cache_ttl value is correct

Refresh Ad Rate value is correct
mode value is set

 Aspect ratio value is correct
sentry_log value is set
local_logging value is set
sentry_initialization value is set
sentry_debugging value is set
showPreRewardedDialogue value is set
showPostRewardedDialogue value is set
isSkipable value is set
{"cache_ttl":10080,"cache_ttl_rewarded":10080,"cache_ttl_banner":10080,"cache_ttl_native":10080,"cache_ttl_icon":10080,"refreshAdRate":30,"mode":"Production","aspectRatio":"4_3","cdnPath":"https:\/\/df8ymybeo92md.cloudfront.net\/images\/","sentry_log":0,"local_logging":0,"sentry_dsn":"https:\/\/93ffa1c9a4124f67b8888a53265f751a:bbf998e04584477fa9a145838e9d3b26@sentry.io\/168994","sentry_initialization":1,"sentry_debugging":0,"bannerSizes":["5"],"aspectRatioVideo":"16_9","app_id":"1266","showPreRewardedDialogue":0,"showPostRewardedDialogue":0,"rewardCurrency":"coins","rewardValue":0,"isSkipable":0,"privacyPolicyURL":"https:\/\/www.consoliads.com\/privacy-policy\/","sessionToken":"VwF9nmalU3pj3pJDEvq41DikCOJwEECvYRI0V8naUPW5769oUq\/7vUa3lJiff9TAGKmXqyLJh5lzvNHMFKMhI+kdURxbzxUbuGETRjplGvhLE7HtTJXi+gQYk+lBuMWR2iOdUhHiT3fgQmzDPTMC9drg4WxetzDnu9zqt3xnmCI="}
Session token value is set


{"appKey":"71828c96f5c84c83fef15e416d3756de","deviceID":"3992","stats":[{"campaignID":177,"packageID":"com.mizo.transformer.robot","sceneStats":[{"sceneID":"10","eventStats":"340,240,140,40,40,0,0"}]}],"sdkVersion":"39","sessionToken":"VwF9nmalU3pj3pJDEvq41DikCOJwEECvYRI0V8naUPW5769oUq\/7vUa3lJiff9TAGKmXqyLJh5lzvNHMFKMhI+kdURxbzxUbuGETRjplGvhLE7HtTJXi+gQYk+lBuMWR2iOdUhHiT3fgQmzDPTMC9drg4WxetzDnu9zqt3xnmCI="}
cache_ttl value is correct

Refresh Ad Rate value is correct
mode value is set

 Aspect ratio value is correct
sentry_log value is set
local_logging value is set
sentry_initialization value is set
sentry_debugging value is set
showPreRewardedDialogue value is set
showPostRewardedDialogue value is set
isSkipable value is set
{"cache_ttl":10080,"cache_ttl_rewarded":10080,"cache_ttl_banner":10080,"cache_ttl_native":10080,"cache_ttl_icon":10080,"campaigns":[{"campaignID":"9277","attribution_link":"","attribution":1,"priority":"5","appToPromote":{"appToPromoteID":"17609","usesDefaultFrameImage":"0","usesDefaultCloseImage":"0","marketURL":"https:\/\/smartbear.com\/learn\/automated-testing\/test-automation-frameworks\/","packageID":"com.buntoo.buntooAd"},"showTemplate":1,"s2s_tracking_url":"","activeCreativeID":"4702","scenes":["1","2","6","4","5"],"campaignAdType":"Interstitial","productId":"","purchaseBit":0,"licenseKey":""},{"campaignID":"9278","attribution":0,"priority":"5","appToPromote":{"appToPromoteID":"17609","usesDefaultFrameImage":"0","usesDefaultCloseImage":"0","marketURL":"https:\/\/smartbear.com\/learn\/automated-testing\/test-automation-frameworks\/","packageID":"com.buntoo.buntooAd"},"showTemplate":1,"s2s_tracking_url":"https:\/\/smartbear.com\/learn\/automated-testing\/test-automation-frameworks\/","activeCreativeID":"4701","scenes":["1","2","6","4","5"],"campaignAdType":"Interstitial","productId":"","purchaseBit":0,"licenseKey":""},{"campaignID":"9279","attribution":0,"priority":"5","appToPromote":{"appToPromoteID":"17609","usesDefaultFrameImage":"0","usesDefaultCloseImage":"0","marketURL":"https:\/\/smartbear.com\/learn\/automated-testing\/test-automation-frameworks\/","packageID":"com.buntoo.buntooAd"},"showTemplate":1,"s2s_tracking_url":"https:\/\/smartbear.com\/learn\/automated-testing\/test-automation-frameworks\/","activeCreativeID":"4701","scenes":["1","2","6","4","5"],"campaignAdType":"Interstitial","productId":"","purchaseBit":0,"licenseKey":""},{"campaignID":"9280","attribution":0,"priority":"5","appToPromote":{"appToPromoteID":"17609","usesDefaultFrameImage":"0","usesDefaultCloseImage":"0","marketURL":"https:\/\/smartbear.com\/learn\/automated-testing\/test-automation-frameworks\/","packageID":"com.buntoo.buntooAd"},"showTemplate":1,"s2s_tracking_url":"https:\/\/smartbear.com\/learn\/automated-testing\/test-automation-frameworks\/","activeCreativeID":"4701","scenes":["1","2","6","4","5"],"campaignAdType":"Interstitial","productId":"","purchaseBit":0,"licenseKey":""},{"campaignID":"9281","attribution":0,"priority":"5","appToPromote":{"appToPromoteID":"17609","usesDefaultFrameImage":"0","usesDefaultCloseImage":"0","marketURL":"https:\/\/smartbear.com\/learn\/automated-testing\/test-automation-frameworks\/","packageID":"com.buntoo.buntooAd"},"showTemplate":1,"s2s_tracking_url":"https:\/\/smartbear.com\/learn\/automated-testing\/test-automation-frameworks\/","activeCreativeID":"4701","scenes":["1","2","6","4","5"],"campaignAdType":"Interstitial","productId":"","purchaseBit":0,"licenseKey":""},{"campaignID":"9282","attribution":0,"priority":"5","appToPromote":{"appToPromoteID":"17609","usesDefaultFrameImage":"0","usesDefaultCloseImage":"0","marketURL":"https:\/\/smartbear.com\/learn\/automated-testing\/test-automation-frameworks\/","packageID":"com.buntoo.buntooAd"},"showTemplate":1,"s2s_tracking_url":"https:\/\/smartbear.com\/learn\/automated-testing\/test-automation-frameworks\/","activeCreativeID":"4701","scenes":["1","2","6","4","5"],"campaignAdType":"Interstitial","productId":"","purchaseBit":0,"licenseKey":""},{"campaignID":"9283","attribution":0,"priority":"5","appToPromote":{"appToPromoteID":"17609","usesDefaultFrameImage":"0","usesDefaultCloseImage":"0","marketURL":"https:\/\/smartbear.com\/learn\/automated-testing\/test-automation-frameworks\/","packageID":"com.buntoo.buntooAd"},"showTemplate":1,"s2s_tracking_url":"https:\/\/smartbear.com\/learn\/automated-testing\/test-automation-frameworks\/","activeCreativeID":"4701","scenes":["1","2","6","4","5"],"campaignAdType":"Interstitial","productId":"","purchaseBit":0,"licenseKey":""},{"campaignID":"9285","attribution":0,"priority":"5","appToPromote":{"appToPromoteID":"14746","usesDefaultFrameImage":"0","usesDefaultCloseImage":"0","marketURL":"https:\/\/play.google.com\/store\/apps\/details?id=com.buntoo.army.bus.parking","packageID":"com.buntoo.army.bus.parking"},"showTemplate":1,"s2s_tracking_url":"https:\/\/play.google.com\/store\/apps\/details?id=com.buntoo.army.bus.parking","activeCreativeID":"4710","scenes":["1","2","6","4","5"],"campaignAdType":"Interstitial","productId":"","purchaseBit":0,"licenseKey":""},{"campaignID":"9287","attribution":0,"priority":"5","appToPromote":{"appToPromoteID":"14746","usesDefaultFrameImage":"0","usesDefaultCloseImage":"0","marketURL":"https:\/\/play.google.com\/store\/apps\/details?id=com.buntoo.army.bus.parking","packageID":"com.buntoo.army.bus.parking"},"showTemplate":1,"s2s_tracking_url":"https:\/\/play.google.com\/store\/apps\/details?id=com.buntoo.army.bus.parking","activeCreativeID":"4710","scenes":["1","2","6","4","5"],"campaignAdType":"Interstitial","productId":"","purchaseBit":0,"licenseKey":""},{"campaignID":"9289","attribution":0,"priority":"5","appToPromote":{"appToPromoteID":"17609","usesDefaultFrameImage":"0","usesDefaultCloseImage":"0","marketURL":"https:\/\/smartbear.com\/learn\/automated-testing\/test-automation-frameworks\/","packageID":"com.buntoo.buntooAd"},"showTemplate":1,"s2s_tracking_url":"https:\/\/smartbear.com\/learn\/automated-testing\/test-automation-frameworks\/","activeCreativeID":"4701","scenes":["1","2","6","4","5"],"campaignAdType":"Interstitial","productId":"","purchaseBit":0,"licenseKey":""},{"campaignID":"9290","attribution":0,"priority":"5","appToPromote":{"appToPromoteID":"17609","usesDefaultFrameImage":"0","usesDefaultCloseImage":"0","marketURL":"https:\/\/smartbear.com\/learn\/automated-testing\/test-automation-frameworks\/","packageID":"com.buntoo.buntooAd"},"showTemplate":1,"s2s_tracking_url":"https:\/\/smartbear.com\/learn\/automated-testing\/test-automation-frameworks\/","activeCreativeID":"4701","scenes":["1","2","6","4","5"],"campaignAdType":"Interstitial","productId":"","purchaseBit":0,"licenseKey":""},{"campaignID":"9293","attribution":0,"priority":"5","appToPromote":{"appToPromoteID":"17609","usesDefaultFrameImage":"0","usesDefaultCloseImage":"0","marketURL":"https:\/\/smartbear.com\/learn\/automated-testing\/test-automation-frameworks\/","packageID":"com.buntoo.buntooAd"},"showTemplate":1,"s2s_tracking_url":"https:\/\/smartbear.com\/learn\/automated-testing\/test-automation-frameworks\/","activeCreativeID":"4701","scenes":["1","2","6","4","5"],"campaignAdType":"Interstitial","productId":"","purchaseBit":0,"licenseKey":""},{"campaignID":"9296","attribution":0,"priority":"5","appToPromote":{"appToPromoteID":"17609","usesDefaultFrameImage":"0","usesDefaultCloseImage":"0","marketURL":"https:\/\/smartbear.com\/learn\/automated-testing\/test-automation-frameworks\/","packageID":"com.buntoo.buntooAd"},"showTemplate":1,"s2s_tracking_url":"https:\/\/smartbear.com\/learn\/automated-testing\/test-automation-frameworks\/","activeCreativeID":"4701","scenes":["1","2","6","4","5"],"campaignAdType":"Interstitial","productId":"","purchaseBit":0,"licenseKey":""},{"campaignID":"9297","attribution":0,"priority":"5","appToPromote":{"appToPromoteID":"17609","usesDefaultFrameImage":"0","usesDefaultCloseImage":"0","marketURL":"https:\/\/smartbear.com\/learn\/automated-testing\/test-automation-frameworks\/","packageID":"com.buntoo.buntooAd"},"showTemplate":1,"s2s_tracking_url":"https:\/\/smartbear.com\/learn\/automated-testing\/test-automation-frameworks\/","activeCreativeID":"4701","scenes":["1","2","6","4","5"],"campaignAdType":"Interstitial","productId":"","purchaseBit":0,"licenseKey":""},{"campaignID":"9299","attribution":0,"priority":"5","appToPromote":{"appToPromoteID":"17609","usesDefaultFrameImage":"0","usesDefaultCloseImage":"0","marketURL":"https:\/\/smartbear.com\/learn\/automated-testing\/test-automation-frameworks\/","packageID":"com.buntoo.buntooAd"},"showTemplate":1,"s2s_tracking_url":"https:\/\/smartbear.com\/learn\/automated-testing\/test-automation-frameworks\/","activeCreativeID":"4701","scenes":["1","2","6","4","5"],"campaignAdType":"Interstitial","productId":"","purchaseBit":0,"licenseKey":""},{"campaignID":"9301","attribution":0,"priority":"5","appToPromote":{"appToPromoteID":"17609","usesDefaultFrameImage":"0","usesDefaultCloseImage":"0","marketURL":"https:\/\/smartbear.com\/learn\/automated-testing\/test-automation-frameworks\/","packageID":"com.buntoo.buntooAd"},"showTemplate":1,"s2s_tracking_url":"https:\/\/smartbear.com\/learn\/automated-testing\/test-automation-frameworks\/","activeCreativeID":"4701","scenes":["1","2","6","4","5"],"campaignAdType":"Interstitial","productId":"","purchaseBit":0,"licenseKey":""},{"campaignID":"9305","attribution":0,"priority":"5","appToPromote":{"appToPromoteID":"14746","usesDefaultFrameImage":"0","usesDefaultCloseImage":"0","marketURL":"https:\/\/play.google.com\/store\/apps\/details?id=com.buntoo.army.bus.parking","packageID":"com.buntoo.army.bus.parking"},"showTemplate":1,"s2s_tracking_url":"https:\/\/play.google.com\/store\/apps\/details?id=com.buntoo.army.bus.parking","activeCreativeID":"4710","scenes":["1","2","6","4","5"],"campaignAdType":"Interstitial","productId":"","purchaseBit":0,"licenseKey":""},{"campaignID":"48","attribution":0,"priority":"5","appToPromote":{"appToPromoteID":"1074","usesDefaultFrameImage":"1","usesDefaultCloseImage":"1","marketURL":"https:\/\/play.google.com\/store\/apps\/details?id=com.mizo.construction.crane.hill.climb","packageID":"com.mizo.construction.crane.hill.climb"},"showTemplate":1,"s2s_tracking_url":"https:\/\/play.google.com\/store\/apps\/details?id=com.mizo.construction.crane.hill.climb","activeCreativeID":"65","scenes":["1","2","6","4","5"],"campaignAdType":"Interstitial","productId":"","purchaseBit":0,"licenseKey":""},{"campaignID":"50","attribution":0,"priority":"5","appToPromote":{"appToPromoteID":"1221","usesDefaultFrameImage":"1","usesDefaultCloseImage":"1","marketURL":"https:\/\/play.google.com\/store\/apps\/details?id=com.mizo.offroad.hill.climb","packageID":"com.mizo.offroad.hill.climb"},"showTemplate":1,"s2s_tracking_url":"https:\/\/play.google.com\/store\/apps\/details?id=com.mizo.offroad.hill.climb","activeCreativeID":"67","scenes":["1","2","6","4","5"],"campaignAdType":"Interstitial","productId":"","purchaseBit":0,"licenseKey":""},{"campaignID":"67","attribution":0,"priority":"5","appToPromote":{"appToPromoteID":"1306","usesDefaultFrameImage":"1","usesDefaultCloseImage":"1","marketURL":"https:\/\/play.google.com\/store\/apps\/details?id=com.mizo.extreme.heavy.truck","packageID":"com.mizo.extreme.heavy.truck"},"showTemplate":1,"s2s_tracking_url":"https:\/\/play.google.com\/store\/apps\/details?id=com.mizo.extreme.heavy.truck","activeCreativeID":"85","scenes":["1","2","6","4","5"],"campaignAdType":"Interstitial","productId":"","purchaseBit":0,"licenseKey":""},{"campaignID":"73","attribution":0,"priority":"5","appToPromote":{"appToPromoteID":"1458","usesDefaultFrameImage":"1","usesDefaultCloseImage":"1","marketURL":"https:\/\/play.google.com\/store\/apps\/details?id=com.mizo.army.prisoner.transport.simulator","packageID":"com.mizo.army.prisoner.transport.simulator"},"showTemplate":1,"s2s_tracking_url":"https:\/\/play.google.com\/store\/apps\/details?id=com.mizo.army.prisoner.transport.simulator","activeCreativeID":"93","scenes":["1","2","6","4","5"],"campaignAdType":"Interstitial","productId":"","purchaseBit":0,"licenseKey":""},{"campaignID":"74","attribution":0,"priority":"5","appToPromote":{"appToPromoteID":"1449","usesDefaultFrameImage":"1","usesDefaultCloseImage":"1","marketURL":"https:\/\/play.google.com\/store\/apps\/details?id=com.brilliantgamez.army.prisoners.transport.plane","packageID":"com.brilliantgamez.army.prisoners.transport.plane"},"showTemplate":1,"s2s_tracking_url":"https:\/\/play.google.com\/store\/apps\/details?id=com.brilliantgamez.army.prisoners.transport.plane","activeCreativeID":"94","scenes":["1","2","6","4","5"],"campaignAdType":"Interstitial","productId":"","purchaseBit":0,"licenseKey":""},{"campaignID":"78","attribution":0,"priority":"5","appToPromote":{"appToPromoteID":"1632","usesDefaultFrameImage":"1","usesDefaultCloseImage":"1","marketURL":"https:\/\/play.google.com\/store\/apps\/details?id=com.mizo.road.builder.city.construction","packageID":"com.mizo.road.builder.city.construction"},"showTemplate":1,"s2s_tracking_url":"https:\/\/play.google.com\/store\/apps\/details?id=com.mizo.road.builder.city.construction","activeCreativeID":"97","scenes":["1","2","6","4","5"],"campaignAdType":"Interstitial","productId":"","purchaseBit":0,"licenseKey":""},{"campaignID":"80","attribution":0,"priority":"5","appToPromote":{"appToPromoteID":"1675","usesDefaultFrameImage":"1","usesDefaultCloseImage":"1","marketURL":"https:\/\/play.google.com\/store\/apps\/details?id=com.mizo.flip.bottle.shooting.expert","packageID":"com.mizo.flip.bottle.shooting.expert"},"showTemplate":1,"s2s_tracking_url":"https:\/\/play.google.com\/store\/apps\/details?id=com.mizo.flip.bottle.shooting.expert","activeCreativeID":"100","scenes":["1","2","6","4","5"],"campaignAdType":"Interstitial","productId":"","purchaseBit":0,"licenseKey":""},{"campaignID":"110","attribution":0,"priority":"5","appToPromote":{"appToPromoteID":"1853","usesDefaultFrameImage":"1","usesDefaultCloseImage":"1","marketURL":"https:\/\/play.google.com\/store\/apps\/details?id=com.mizo.police.airplane.transporter","packageID":"com.mizo.police.airplane.transporter"},"showTemplate":1,"s2s_tracking_url":"https:\/\/play.google.com\/store\/apps\/details?id=com.mizo.police.airplane.transporter","activeCreativeID":"137","scenes":["1","2","6","4","5"],"campaignAdType":"Interstitial","productId":"","purchaseBit":0,"licenseKey":""},{"campaignID":"143","attribution":0,"priority":"5","appToPromote":{"appToPromoteID":"2089","usesDefaultFrameImage":"0","usesDefaultCloseImage":"0","marketURL":"https:\/\/play.google.com\/store\/apps\/details?id=com.mizo.sports.car.mechanic","packageID":"com.mizo.sports.car.mechanic"},"showTemplate":1,"s2s_tracking_url":"https:\/\/play.google.com\/store\/apps\/details?id=com.mizo.sports.car.mechanic","activeCreativeID":"184","scenes":["1","2","6","4","5"],"campaignAdType":"Interstitial","productId":"","purchaseBit":0,"licenseKey":""},{"campaignID":"147","attribution":0,"priority":"5","appToPromote":{"appToPromoteID":"2085","usesDefaultFrameImage":"0","usesDefaultCloseImage":"0","marketURL":"https:\/\/play.google.com\/store\/apps\/details?id=com.mizo.robot.gang.mafia","packageID":"com.mizo.robot.gang.mafia"},"showTemplate":1,"s2s_tracking_url":"https:\/\/play.google.com\/store\/apps\/details?id=com.mizo.robot.gang.mafia","activeCreativeID":"188","scenes":["1","2","6","4","5"],"campaignAdType":"Interstitial","productId":"","purchaseBit":0,"licenseKey":""},{"campaignID":"227","attribution":0,"priority":"5","appToPromote":{"appToPromoteID":"2571","usesDefaultFrameImage":"0","usesDefaultCloseImage":"0","marketURL":"https:\/\/play.google.com\/store\/apps\/details?id=com.mizo.raft.suvival","packageID":"com.mizo.raft.suvival"},"showTemplate":1,"s2s_tracking_url":"https:\/\/play.google.com\/store\/apps\/details?id=com.mizo.raft.suvival","activeCreativeID":"302","scenes":["1","2","6","4","5"],"campaignAdType":"Interstitial","productId":"","purchaseBit":0,"licenseKey":""},{"campaignID":"317","attribution":0,"priority":"5","appToPromote":{"appToPromoteID":"2723","usesDefaultFrameImage":"0","usesDefaultCloseImage":"0","marketURL":"https:\/\/play.google.com\/store\/apps\/details?id=com.mizo.helicopter.rescue","packageID":"com.mizo.helicopter.rescue"},"showTemplate":1,"s2s_tracking_url":"https:\/\/play.google.com\/store\/apps\/details?id=com.mizo.helicopter.rescue","activeCreativeID":"324","scenes":["1","2","6","4","5"],"campaignAdType":"Interstitial","productId":"","purchaseBit":0,"licenseKey":""},{"campaignID":"367","attribution":0,"priority":"5","appToPromote":{"appToPromoteID":"2911","usesDefaultFrameImage":"0","usesDefaultCloseImage":"0","marketURL":"https:\/\/play.google.com\/store\/apps\/details?id=com.mizo.police.ship.transporter","packageID":"com.mizo.police.ship.transporter"},"showTemplate":1,"s2s_tracking_url":"https:\/\/play.google.com\/store\/apps\/details?id=com.mizo.police.ship.transporter","activeCreativeID":"383","scenes":["1","2","6","4","5"],"campaignAdType":"Interstitial","productId":"","purchaseBit":0,"licenseKey":""},{"campaignID":"390","attribution":0,"priority":"5","appToPromote":{"appToPromoteID":"3077","usesDefaultFrameImage":"0","usesDefaultCloseImage":"0","marketURL":"https:\/\/play.google.com\/store\/apps\/details?id=com.mizo.transformer.shooting","packageID":"com.mizo.transformer.shooting"},"showTemplate":1,"s2s_tracking_url":"https:\/\/play.google.com\/store\/apps\/details?id=com.mizo.transformer.shooting","activeCreativeID":"441","scenes":["1","2","6","4","5"],"campaignAdType":"Interstitial","productId":"","purchaseBit":0,"licenseKey":""},{"campaignID":"408","attribution":0,"priority":"5","appToPromote":{"appToPromoteID":"3095","usesDefaultFrameImage":"0","usesDefaultCloseImage":"0","marketURL":"https:\/\/play.google.com\/store\/apps\/details?id=com.mizo.superhero.robot","packageID":"com.mizo.superhero.robot"},"showTemplate":1,"s2s_tracking_url":"https:\/\/play.google.com\/store\/apps\/details?id=com.mizo.superhero.robot","activeCreativeID":"443","scenes":["1","2","6","4","5"],"campaignAdType":"Interstitial","productId":"","purchaseBit":0,"licenseKey":""},{"campaignID":"410","attribution":0,"priority":"5","appToPromote":{"appToPromoteID":"3145","usesDefaultFrameImage":"0","usesDefaultCloseImage":"0","marketURL":"https:\/\/play.google.com\/store\/apps\/details?id=com.mizo.extreme.bikerider","packageID":"com.mizo.extreme.bikerider"},"showTemplate":1,"s2s_tracking_url":"https:\/\/play.google.com\/store\/apps\/details?id=com.mizo.extreme.bikerider","activeCreativeID":"448","scenes":["1","2","6","4","5"],"campaignAdType":"Interstitial","productId":"","purchaseBit":0,"licenseKey":""},{"campaignID":"428","attribution":0,"priority":"5","appToPromote":{"appToPromoteID":"3250","usesDefaultFrameImage":"0","usesDefaultCloseImage":"0","marketURL":"https:\/\/play.google.com\/store\/apps\/details?id=com.mizo.bicycle.stunt.racer","packageID":"com.mizo.bicycle.stunt.racer"},"showTemplate":1,"s2s_tracking_url":"https:\/\/play.google.com\/store\/apps\/details?id=com.mizo.bicycle.stunt.racer","activeCreativeID":"472","scenes":["1","2","6","4","5"],"campaignAdType":"Interstitial","productId":"","purchaseBit":0,"licenseKey":""},{"campaignID":"429","attribution":0,"priority":"5","appToPromote":{"appToPromoteID":"3253","usesDefaultFrameImage":"0","usesDefaultCloseImage":"0","marketURL":"https:\/\/play.google.com\/store\/apps\/details?id=com.mizo.rooftop.stunts","packageID":"com.mizo.rooftop.stunts"},"showTemplate":1,"s2s_tracking_url":"https:\/\/play.google.com\/store\/apps\/details?id=com.mizo.rooftop.stunts","activeCreativeID":"474","scenes":["1","2","6","4","5"],"campaignAdType":"Interstitial","productId":"","purchaseBit":0,"licenseKey":""},{"campaignID":"456","attribution":0,"priority":"5","appToPromote":{"appToPromoteID":"2448","usesDefaultFrameImage":"0","usesDefaultCloseImage":"0","marketURL":"https:\/\/play.google.com\/store\/apps\/details?id=com.mizo.battle.simulator","packageID":"com.mizo.battle.simulator"},"showTemplate":1,"s2s_tracking_url":"https:\/\/play.google.com\/store\/apps\/details?id=com.mizo.battle.simulator","activeCreativeID":"503","scenes":["1","2","6","4","5"],"campaignAdType":"Interstitial","productId":"","purchaseBit":0,"licenseKey":""},{"campaignID":"482","attribution":0,"priority":"5","appToPromote":{"appToPromoteID":"2877","usesDefaultFrameImage":"0","usesDefaultCloseImage":"0","marketURL":"https:\/\/play.google.com\/store\/apps\/details?id=com.mizo.underwater.tourist.bus","packageID":"com.mizo.underwater.tourist.bus"},"showTemplate":1,"s2s_tracking_url":"https:\/\/play.google.com\/store\/apps\/details?id=com.mizo.underwater.tourist.bus","activeCreativeID":"540","scenes":["1","2","6","4","5"],"campaignAdType":"Interstitial","productId":"","purchaseBit":0,"licenseKey":""},{"campaignID":"490","attribution":0,"priority":"5","appToPromote":{"appToPromoteID":"3518","usesDefaultFrameImage":"0","usesDefaultCloseImage":"0","marketURL":"https:\/\/play.google.com\/store\/apps\/details?id=com.crazyneuron.superhero.robot.world","packageID":"com.crazyneuron.superhero.robot.world"},"showTemplate":1,"s2s_tracking_url":"https:\/\/play.google.com\/store\/apps\/details?id=com.crazyneuron.superhero.robot.world","activeCreativeID":"550","scenes":["1","2","6","4","5"],"campaignAdType":"Interstitial","productId":"","purchaseBit":0,"licenseKey":""},{"campaignID":"501","attribution":0,"priority":"5","appToPromote":{"appToPromoteID":"3579","usesDefaultFrameImage":"0","usesDefaultCloseImage":"0","marketURL":"https:\/\/play.google.com\/store\/apps\/details?id=com.crazyneuron.us.army.transport","packageID":"com.crazyneuron.us.army.transport"},"showTemplate":1,"s2s_tracking_url":"https:\/\/play.google.com\/store\/apps\/details?id=com.crazyneuron.us.army.transport","activeCreativeID":"577","scenes":["1","2","6","4","5"],"campaignAdType":"Interstitial","productId":"","purchaseBit":0,"licenseKey":""},{"campaignID":"512","attribution":0,"priority":"5","appToPromote":{"appToPromoteID":"3683","usesDefaultFrameImage":"0","usesDefaultCloseImage":"0","marketURL":"https:\/\/play.google.com\/store\/apps\/details?id=com.mizo.plane.landing","packageID":"com.mizo.plane.landing"},"showTemplate":1,"s2s_tracking_url":"https:\/\/play.google.com\/store\/apps\/details?id=com.mizo.plane.landing","activeCreativeID":"594","scenes":["1","2","6","4","5"],"campaignAdType":"Interstitial","productId":"","purchaseBit":0,"licenseKey":""},{"campaignID":"6210","attribution":0,"priority":"5","appToPromote":{"appToPromoteID":"11566","usesDefaultFrameImage":"0","usesDefaultCloseImage":"0","marketURL":"https:\/\/play.google.com\/store\/apps\/details?id=com.mizo.line.drawing.puzzle.game","packageID":"com.mizo.line.drawing.puzzle.game"},"showTemplate":1,"s2s_tracking_url":"https:\/\/play.google.com\/store\/apps\/details?id=com.mizo.line.drawing.puzzle.game","activeCreativeID":"1322","scenes":["1","2","6","4","5"],"campaignAdType":"Video","productId":"","purchaseBit":0,"licenseKey":""},{"campaignID":"6213","attribution":0,"priority":"5","appToPromote":{"appToPromoteID":"11633","usesDefaultFrameImage":"0","usesDefaultCloseImage":"0","marketURL":"https:\/\/play.google.com\/store\/apps\/details?id=com.mizo.car.driving.simulator","packageID":"com.mizo.car.driving.simulator"},"showTemplate":1,"s2s_tracking_url":"https:\/\/play.google.com\/store\/apps\/details?id=com.mizo.car.driving.simulator","activeCreativeID":"1325","scenes":["1","2","6","4","5"],"campaignAdType":"Video","productId":"","purchaseBit":0,"licenseKey":""},{"campaignID":"6214","attribution":0,"priority":"5","appToPromote":{"appToPromoteID":"11661","usesDefaultFrameImage":"0","usesDefaultCloseImage":"0","marketURL":"https:\/\/play.google.com\/store\/apps\/details?id=com.mizo.car.tycoon.game","packageID":"com.mizo.car.tycoon.game"},"showTemplate":1,"s2s_tracking_url":"https:\/\/play.google.com\/store\/apps\/details?id=com.mizo.car.tycoon.game","activeCreativeID":"1326","scenes":["1","2","6","4","5"],"campaignAdType":"Video","productId":"","purchaseBit":0,"licenseKey":""},{"campaignID":"6254","attribution":0,"priority":"5","appToPromote":{"appToPromoteID":"11810","usesDefaultFrameImage":"0","usesDefaultCloseImage":"0","marketURL":"https:\/\/play.google.com\/store\/apps\/details?id=com.mizo.car.transporter.games","packageID":"com.mizo.car.transporter.games"},"showTemplate":1,"s2s_tracking_url":"https:\/\/play.google.com\/store\/apps\/details?id=com.mizo.car.transporter.games","activeCreativeID":"1370","scenes":["1","2","6","4","5"],"campaignAdType":"Video","productId":"","purchaseBit":0,"licenseKey":""},{"campaignID":"6256","attribution":0,"priority":"5","appToPromote":{"appToPromoteID":"11880","usesDefaultFrameImage":"0","usesDefaultCloseImage":"0","marketURL":"https:\/\/play.google.com\/store\/apps\/details?id=com.mizo.us.army.transporter","packageID":"com.mizo.us.army.transporter"},"showTemplate":1,"s2s_tracking_url":"https:\/\/play.google.com\/store\/apps\/details?id=com.mizo.us.army.transporter","activeCreativeID":"1372","scenes":["1","2","6","4","5"],"campaignAdType":"Video","productId":"","purchaseBit":0,"licenseKey":""},{"campaignID":"6264","attribution":0,"priority":"5","appToPromote":{"appToPromoteID":"11879","usesDefaultFrameImage":"0","usesDefaultCloseImage":"0","marketURL":"https:\/\/play.google.com\/store\/apps\/details?id=com.buntoo.car.racing.games","packageID":"com.buntoo.car.racing.games"},"showTemplate":1,"s2s_tracking_url":"https:\/\/play.google.com\/store\/apps\/details?id=com.buntoo.car.racing.games","activeCreativeID":"1380","scenes":["1","2","6","4","5"],"campaignAdType":"Video","productId":"","purchaseBit":0,"licenseKey":""},{"campaignID":"6363","attribution":0,"priority":"5","appToPromote":{"appToPromoteID":"12100","usesDefaultFrameImage":"0","usesDefaultCloseImage":"0","marketURL":"https:\/\/play.google.com\/store\/apps\/details?id=com.mizo.police.transport.shooting","packageID":"com.mizo.police.transport.shooting"},"showTemplate":1,"s2s_tracking_url":"https:\/\/play.google.com\/store\/apps\/details?id=com.mizo.police.transport.shooting","activeCreativeID":"1519","scenes":["1","2","6","4","5"],"campaignAdType":"Video","productId":"","purchaseBit":0,"licenseKey":""},{"campaignID":"6430","attribution":0,"priority":"5","appToPromote":{"appToPromoteID":"12340","usesDefaultFrameImage":"0","usesDefaultCloseImage":"0","marketURL":"https:\/\/play.google.com\/store\/apps\/details?id=com.buntoo.robot.car.transporter.games","packageID":"com.buntoo.robot.car.transporter.games"},"showTemplate":1,"s2s_tracking_url":"https:\/\/play.google.com\/store\/apps\/details?id=com.buntoo.robot.car.transporter.games","activeCreativeID":"1563","scenes":["1","2","6","4","5"],"campaignAdType":"Video","productId":"","purchaseBit":0,"licenseKey":""},{"campaignID":"6432","attribution":0,"priority":"5","appToPromote":{"appToPromoteID":"12565","usesDefaultFrameImage":"0","usesDefaultCloseImage":"0","marketURL":"https:\/\/play.google.com\/store\/apps\/details?id=com.mizo.train.gold.robbery.games","packageID":"com.mizo.train.gold.robbery.games"},"showTemplate":1,"s2s_tracking_url":"https:\/\/play.google.com\/store\/apps\/details?id=com.mizo.train.gold.robbery.games","activeCreativeID":"1565","scenes":["1","2","6","4","5"],"campaignAdType":"Video","productId":"","purchaseBit":0,"licenseKey":""},{"campaignID":"6445","attribution":0,"priority":"5","appToPromote":{"appToPromoteID":"12564","usesDefaultFrameImage":"0","usesDefaultCloseImage":"0","marketURL":"https:\/\/play.google.com\/store\/apps\/details?id=com.cradley.prison.escape.casino.robbery","packageID":"com.cradley.prison.escape.casino.robbery"},"showTemplate":1,"s2s_tracking_url":"https:\/\/play.google.com\/store\/apps\/details?id=com.cradley.prison.escape.casino.robbery","activeCreativeID":"1575","scenes":["1","2","6","4","5"],"campaignAdType":"Video","productId":"","purchaseBit":0,"licenseKey":""}],"refreshAdRate":30,"mode":"Production","aspectRatio":"4_3","cdnPath":"https:\/\/df8ymybeo92md.cloudfront.net\/images\/","sentry_log":0,"local_logging":0,"sentry_dsn":"https:\/\/93ffa1c9a4124f67b8888a53265f751a:bbf998e04584477fa9a145838e9d3b26@sentry.io\/168994","sentry_initialization":1,"sentry_debugging":0,"bannerSizes":[],"aspectRatioVideo":"16_9","app_id":"2343","showPreRewardedDialogue":0,"showPostRewardedDialogue":0,"rewardCurrency":"coins","rewardValue":0,"isSkipable":0,"privacyPolicyURL":"https:\/\/www.consoliads.com\/privacy-policy\/","sessionToken":"auj2IhObaB11d8plJANwbwju2PVU2qw6pBFVRQcKagx3uszA5iXhndy9uTCf\/bllB629ewSXe5Zj8okkNXfIPaV8s+u0KLc9QDLDdU9A\/HODml87O\/uSXQ8fAqHN9a98BNwvyafBVsgcZkMQ2TKFCj+fZlsJfQ9QyQ7ybKbr+Qw="}
Session token value is set


{"appKey":"e551eacd7ce4c379df2008130984e935","deviceID":"8181","stats":[{"campaignID":179,"packageID":"com.ubmgames.commando.survivor.modern.lone","sceneStats":[{"sceneID":"21","eventStats":"381,281,181,81,81,0,0"}]}],"sdkVersion":"26","sessionToken":"auj2IhObaB11d8plJANwbwju2PVU2qw6pBFVRQcKagx3uszA5iXhndy9uTCf\/bllB629ewSXe5Zj8okkNXfIPaV8s+u0KLc9QDLDdU9A\/HODml87O\/uSXQ8fAqHN9a98BNwvyafBVsgcZkMQ2TKFCj+fZlsJfQ9QyQ7ybKbr+Qw="}
cache_ttl value is correct

Refresh Ad Rate value is correct
mode value is set

 Aspect ratio value is correct
sentry_log value is set
local_logging value is set
sentry_initialization value is set
sentry_debugging value is set
showPreRewardedDialogue value is set
showPostRewardedDialogue value is set
isSkipable value is set
{"cache_ttl":10080,"cache_ttl_rewarded":10080,"cache_ttl_banner":10080,"cache_ttl_native":10080,"cache_ttl_icon":10080,"refreshAdRate":30,"mode":"Production","aspectRatio":"4_3","cdnPath":"https:\/\/df8ymybeo92md.cloudfront.net\/images\/","sentry_log":0,"local_logging":0,"sentry_dsn":"https:\/\/93ffa1c9a4124f67b8888a53265f751a:bbf998e04584477fa9a145838e9d3b26@sentry.io\/168994","sentry_initialization":1,"sentry_debugging":0,"bannerSizes":["5"],"aspectRatioVideo":"16_9","app_id":"1266","showPreRewardedDialogue":0,"showPostRewardedDialogue":0,"rewardCurrency":"coins","rewardValue":0,"isSkipable":0,"privacyPolicyURL":"https:\/\/www.consoliads.com\/privacy-policy\/","sessionToken":"iSeecG9jKJfzPNki25fQeIyzFr3eGwPpOUl33f6BeZeV6ztkpxZlcqdf9O3L6tQDIFoHrrNJDB1O300YTuSmpLw3QWI8Jp3Itdnfj0qBPKc4xRPYFJYDI2hfA1Jd0z8877nJhUcVGH47+eJot7mnooTKWcOgceMBGK3UKn7mSfo="}
Session token value is set


{"appKey":"dacfcc72736ec57f9871a90c24be611a","deviceID":"8432","stats":[{"campaignID":184,"packageID":"com.tgp.derby.cartransporttruck","sceneStats":[{"sceneID":"22","eventStats":"384,284,184,84,84,0,0"}]}],"sdkVersion":"39","sessionToken":"iSeecG9jKJfzPNki25fQeIyzFr3eGwPpOUl33f6BeZeV6ztkpxZlcqdf9O3L6tQDIFoHrrNJDB1O300YTuSmpLw3QWI8Jp3Itdnfj0qBPKc4xRPYFJYDI2hfA1Jd0z8877nJhUcVGH47+eJot7mnooTKWcOgceMBGK3UKn7mSfo="}
cache_ttl value is correct

Refresh Ad Rate value is correct
mode value is set

 Aspect ratio value is correct
sentry_log value is set
local_logging value is set
sentry_initialization value is set
sentry_debugging value is set
showPreRewardedDialogue value is set
showPostRewardedDialogue value is set
isSkipable value is set
{"cache_ttl":10080,"cache_ttl_rewarded":10080,"cache_ttl_banner":10080,"cache_ttl_native":10080,"cache_ttl_icon":10080,"campaigns":[{"campaignID":"8378","attribution":0,"priority":"8","appToPromote":{"appToPromoteID":"16480","usesDefaultFrameImage":"0","usesDefaultCloseImage":"0","marketURL":"https:\/\/play.google.com\/store\/apps\/details?id=com.nag.home.manager.working.virtual.mom","packageID":"com.GSS317.AmazingFamily"},"showTemplate":1,"s2s_tracking_url":"https:\/\/play.google.com\/store\/apps\/details?id=com.nag.home.manager.working.virtual.mom","activeCreativeID":"3720","scenes":["12","1","8","6","15","2"],"campaignAdType":"Interstitial","productId":"","purchaseBit":0,"licenseKey":""},{"campaignID":"9547","attribution":0,"priority":"8","appToPromote":{"appToPromoteID":"11879","usesDefaultFrameImage":"0","usesDefaultCloseImage":"0","marketURL":"https:\/\/play.google.com\/store\/apps\/details?id=com.buntoo.car.racing.games","packageID":"com.buntoo.car.racing.games"},"showTemplate":1,"s2s_tracking_url":"https:\/\/play.google.com\/store\/apps\/details?id=com.buntoo.car.racing.games","activeCreativeID":"4964","scenes":["12","1","8","6","15","2"],"campaignAdType":"Interstitial","productId":"","purchaseBit":0,"licenseKey":""},{"campaignID":"9586","attribution":0,"priority":"8","appToPromote":{"appToPromoteID":"515","usesDefaultFrameImage":"1","usesDefaultCloseImage":"1","marketURL":"https:\/\/play.google.com\/store\/apps\/details?id=com.plum.cash.counter.simualtor","packageID":"com.plum.cash.counter.simualtor"},"showTemplate":1,"s2s_tracking_url":"https:\/\/play.google.com\/store\/apps\/details?id=com.plum.cash.counter.simualtor","activeCreativeID":"50","scenes":["12","1","8","6","15","2"],"campaignAdType":"Interstitial","productId":"","purchaseBit":0,"licenseKey":""},{"campaignID":"9587","attribution":0,"priority":"8","appToPromote":{"appToPromoteID":"515","usesDefaultFrameImage":"1","usesDefaultCloseImage":"1","marketURL":"https:\/\/play.google.com\/store\/apps\/details?id=com.plum.cash.counter.simualtor","packageID":"com.plum.cash.counter.simualtor"},"showTemplate":1,"s2s_tracking_url":"https:\/\/play.google.com\/store\/apps\/details?id=com.plum.cash.counter.simualtor","activeCreativeID":"50","scenes":["12","1","8","6","15","2"],"campaignAdType":"Interstitial","productId":"","purchaseBit":0,"licenseKey":""},{"campaignID":"9588","attribution":0,"priority":"8","appToPromote":{"appToPromoteID":"515","usesDefaultFrameImage":"1","usesDefaultCloseImage":"1","marketURL":"https:\/\/play.google.com\/store\/apps\/details?id=com.plum.cash.counter.simualtor","packageID":"com.plum.cash.counter.simualtor"},"showTemplate":1,"s2s_tracking_url":"https:\/\/play.google.com\/store\/apps\/details?id=com.plum.cash.counter.simualtor","activeCreativeID":"50","scenes":["12","1","8","6","15","2"],"campaignAdType":"Interstitial","productId":"","purchaseBit":0,"licenseKey":""},{"campaignID":"9589","attribution":0,"priority":"8","appToPromote":{"appToPromoteID":"515","usesDefaultFrameImage":"1","usesDefaultCloseImage":"1","marketURL":"https:\/\/play.google.com\/store\/apps\/details?id=com.plum.cash.counter.simualtor","packageID":"com.plum.cash.counter.simualtor"},"showTemplate":1,"s2s_tracking_url":"https:\/\/play.google.com\/store\/apps\/details?id=com.plum.cash.counter.simualtor","activeCreativeID":"50","scenes":["12","1","8","6","15","2"],"campaignAdType":"Interstitial","productId":"","purchaseBit":0,"licenseKey":""},{"campaignID":"9131","attribution":0,"priority":"8","appToPromote":{"appToPromoteID":"17532","usesDefaultFrameImage":"0","usesDefaultCloseImage":"0","marketURL":"https:\/\/play.google.com\/store\/apps\/details?id=com.dhgate.buyermob","packageID":"com.dhgate.buyermob"},"showTemplate":1,"s2s_tracking_url":"https:\/\/tha.gotrackier.com\/click?campaign_id=63254\\u0026pub_id=75?p1=2269_9131_8432&amp;source=6841&amp;app_name=DerbyCarTransportTruck&amp;gaid=8432","activeCreativeID":"4483","scenes":["12","1","8","6","15","2"],"campaignAdType":"Interstitial","productId":"","purchaseBit":0,"licenseKey":""},{"campaignID":"8380","attribution_link":"","attribution":1,"priority":"7","appToPromote":{"appToPromoteID":"16480","usesDefaultFrameImage":"0","usesDefaultCloseImage":"0","marketURL":"https:\/\/play.google.com\/store\/apps\/details?id=com.nag.home.manager.working.virtual.mom","packageID":"com.GSS317.AmazingFamily"},"showTemplate":1,"s2s_tracking_url":"","activeCreativeID":"3720","scenes":["12","1","8","6","15","2"],"campaignAdType":"Interstitial","productId":"","purchaseBit":0,"licenseKey":""},{"campaignID":"444","attribution":0,"priority":"6","appToPromote":{"appToPromoteID":"3355","usesDefaultFrameImage":"0","usesDefaultCloseImage":"0","marketURL":"https:\/\/play.google.com\/store\/apps\/details?id=com.popnsons.parkour.mouse","packageID":"com.popnsons.parkour.mouse"},"showTemplate":1,"s2s_tracking_url":"https:\/\/play.google.com\/store\/apps\/details?id=com.popnsons.parkour.mouse","activeCreativeID":"469","scenes":["12","1","8","6","15","2"],"campaignAdType":"Interstitial","productId":"","purchaseBit":0,"licenseKey":""},{"campaignID":"561","attribution":0,"priority":"6","appToPromote":{"appToPromoteID":"5026","usesDefaultFrameImage":"0","usesDefaultCloseImage":"0","marketURL":"https:\/\/play.google.com\/store\/apps\/details?id=com.as.cashupapp","packageID":"com.as.cashupapp"},"showTemplate":1,"s2s_tracking_url":"https:\/\/play.google.com\/store\/apps\/details?id=com.as.cashupapp","activeCreativeID":"652","scenes":["12","1","8","6","15","2"],"campaignAdType":"Interstitial","productId":"","purchaseBit":0,"licenseKey":""},{"campaignID":"570","attribution":0,"priority":"6","appToPromote":{"appToPromoteID":"3802","usesDefaultFrameImage":"0","usesDefaultCloseImage":"0","marketURL":"https:\/\/play.google.com\/store\/apps\/details?id=com.Madxstudios.Flickshootsoccer","packageID":"com.Madxstudios.Flickshootsoccer"},"showTemplate":1,"s2s_tracking_url":"https:\/\/play.google.com\/store\/apps\/details?id=com.Madxstudios.Flickshootsoccer","activeCreativeID":"661","scenes":["12","1","8","6","15","2"],"campaignAdType":"Interstitial","productId":"","purchaseBit":0,"licenseKey":""},{"campaignID":"588","attribution":0,"priority":"6","appToPromote":{"appToPromoteID":"5026","usesDefaultFrameImage":"0","usesDefaultCloseImage":"0","marketURL":"https:\/\/play.google.com\/store\/apps\/details?id=com.as.cashupapp","packageID":"com.as.cashupapp"},"showTemplate":1,"s2s_tracking_url":"https:\/\/play.google.com\/store\/apps\/details?id=com.as.cashupapp","activeCreativeID":"652","scenes":["12","1","8","6","15","2"],"campaignAdType":"Interstitial","productId":"","purchaseBit":0,"licenseKey":""},{"campaignID":"8808","attribution_link":"","attribution":1,"priority":"5","appToPromote":{"appToPromoteID":"16528","usesDefaultFrameImage":"0","usesDefaultCloseImage":"0","marketURL":"https:\/\/play.google.com\/store\/apps\/details?id=com.bag.farm.day.village.farming.games","packageID":"com.GSS317.com.bag.farm.day.village.farming.games"},"showTemplate":1,"s2s_tracking_url":"","activeCreativeID":"3775","scenes":["12","1","8","6","15","2"],"campaignAdType":"Interstitial","productId":"","purchaseBit":0,"licenseKey":""},{"campaignID":"8973","attribution":0,"priority":"5","appToPromote":{"appToPromoteID":"15974","usesDefaultFrameImage":"0","usesDefaultCloseImage":"0","marketURL":"https:\/\/play.google.com\/store\/apps\/details?id=com.mustardgames.bmx.cycle.stunt.mega.ramp.impossibletracks","packageID":"com.mustardgames.bmx.cycle.stunt.mega.ramp.impossibletracks"},"showTemplate":1,"s2s_tracking_url":"https:\/\/play.google.com\/store\/apps\/details?id=com.mustardgames.bmx.cycle.stunt.mega.ramp.impossibletracks","activeCreativeID":"4339","scenes":["12","1","8","6","15","2"],"campaignAdType":"Interstitial","productId":"","purchaseBit":0,"licenseKey":""},{"campaignID":"557","attribution":0,"priority":"4","appToPromote":{"appToPromoteID":"4959","usesDefaultFrameImage":"0","usesDefaultCloseImage":"0","marketURL":"https:\/\/play.google.com\/store\/apps\/details?id=com.jet.plane.surfers.joyride.dash","packageID":"com.jet.plane.surfers.joyride.dash"},"showTemplate":1,"s2s_tracking_url":"https:\/\/play.google.com\/store\/apps\/details?id=com.jet.plane.surfers.joyride.dash","activeCreativeID":"645","scenes":["12","1","8","6","15","2"],"campaignAdType":"Interstitial","productId":"","purchaseBit":0,"licenseKey":""},{"campaignID":"414","attribution":0,"priority":"3","appToPromote":{"appToPromoteID":"3023","usesDefaultFrameImage":"0","usesDefaultCloseImage":"0","marketURL":"https:\/\/play.google.com\/store\/apps\/details?id=com.appricot2d.rolo.pet.parrot","packageID":"com.appricot2d.rolo.pet.parrot"},"showTemplate":1,"s2s_tracking_url":"https:\/\/play.google.com\/store\/apps\/details?id=com.appricot2d.rolo.pet.parrot","activeCreativeID":"385","scenes":["12","1","8","6","15","2"],"campaignAdType":"Interstitial","productId":"","purchaseBit":0,"licenseKey":""},{"campaignID":"559","attribution":0,"priority":"3","appToPromote":{"appToPromoteID":"3476","usesDefaultFrameImage":"0","usesDefaultCloseImage":"0","marketURL":"https:\/\/play.google.com\/store\/apps\/details?id=com.perspectivegames.real.impossible.tracks.stunts","packageID":"com.perspectivegames.real.impossible.tracks.stunts"},"showTemplate":1,"s2s_tracking_url":"https:\/\/play.google.com\/store\/apps\/details?id=com.perspectivegames.real.impossible.tracks.stunts","activeCreativeID":"649","scenes":["12","1","8","6","15","2"],"campaignAdType":"Interstitial","productId":"","purchaseBit":0,"licenseKey":""},{"campaignID":"741","attribution":0,"priority":"3","appToPromote":{"appToPromoteID":"5609","usesDefaultFrameImage":"0","usesDefaultCloseImage":"0","marketURL":"https:\/\/play.google.com\/store\/apps\/details?id=com.kick.gyroscopic.city.train.driver.simulator","packageID":"com.kick.gyroscopic.city.train.driver.simulator"},"showTemplate":1,"s2s_tracking_url":"https:\/\/play.google.com\/store\/apps\/details?id=com.kick.gyroscopic.city.train.driver.simulator","activeCreativeID":"753","scenes":["12","1","8","6","15","2"],"campaignAdType":"Interstitial","productId":"","purchaseBit":0,"licenseKey":""},{"campaignID":"798","attribution":0,"priority":"3","appToPromote":{"appToPromoteID":"5770","usesDefaultFrameImage":"0","usesDefaultCloseImage":"0","marketURL":"https:\/\/play.google.com\/store\/apps\/details?id=com.simulatorgames3d.alohacelebrations","packageID":"com.simulatorgames3d.alohacelebrations"},"showTemplate":1,"s2s_tracking_url":"https:\/\/play.google.com\/store\/apps\/details?id=com.simulatorgames3d.alohacelebrations","activeCreativeID":"787","scenes":["12","1","8","6","15","2"],"campaignAdType":"Interstitial","productId":"","purchaseBit":0,"licenseKey":""},{"campaignID":"1483","attribution":0,"priority":"3","appToPromote":{"appToPromoteID":"1714","usesDefaultFrameImage":"1","usesDefaultCloseImage":"1","marketURL":"https:\/\/play.google.com\/store\/apps\/details?id=com.playink.cookie.maker","packageID":"com.playink.cookie.maker"},"showTemplate":1,"s2s_tracking_url":"https:\/\/play.google.com\/store\/apps\/details?id=com.playink.cookie.maker","activeCreativeID":"1020","scenes":["12","1","8","6","15","2"],"campaignAdType":"Interstitial","productId":"","purchaseBit":0,"licenseKey":""},{"campaignID":"8762","attribution":0,"priority":"2","appToPromote":{"appToPromoteID":"13265","usesDefaultFrameImage":"0","usesDefaultCloseImage":"0","marketURL":"https:\/\/play.google.com\/store\/apps\/details?id=com.rhg.tricky.bike.stunt.moto.master","packageID":"com.rhg.tricky.bike.stunt.moto.master"},"showTemplate":1,"s2s_tracking_url":"https:\/\/play.google.com\/store\/apps\/details?id=com.rhg.tricky.bike.stunt.moto.master","activeCreativeID":"4121","scenes":["12","1","8","6","15","2"],"campaignAdType":"Rewarded Video","productId":"","purchaseBit":0,"licenseKey":""},{"campaignID":"9366","attribution":0,"priority":"2","appToPromote":{"appToPromoteID":"17602","usesDefaultFrameImage":"0","usesDefaultCloseImage":"0","marketURL":"https:\/\/play.google.com\/store\/apps\/details?id=com.abaenglish.videoclass&amp;referrer=utm_source=42matters.com&amp;utm_medium=api","packageID":"com.abaenglish.videoclass"},"showTemplate":1,"s2s_tracking_url":"https:\/\/play.google.com\/store\/apps\/details?id=com.abaenglish.videoclass&amp;referrer=utm_source=42matters.com&amp;utm_medium=api","activeCreativeID":"4815","scenes":["12","1","8","6","15","2"],"campaignAdType":"Interstitial","productId":"","purchaseBit":0,"licenseKey":""}],"refreshAdRate":30,"mode":"Production","aspectRatio":"4_3","cdnPath":"https:\/\/df8ymybeo92md.cloudfront.net\/images\/","sentry_log":0,"local_logging":0,"sentry_dsn":"https:\/\/93ffa1c9a4124f67b8888a53265f751a:bbf998e04584477fa9a145838e9d3b26@sentry.io\/168994","sentry_initialization":1,"sentry_debugging":0,"bannerSizes":["5"],"aspectRatioVideo":"16_9","app_id":"2269","showPreRewardedDialogue":0,"showPostRewardedDialogue":0,"rewardCurrency":"coins","rewardValue":0,"isSkipable":0,"privacyPolicyURL":"https:\/\/www.consoliads.com\/privacy-policy\/","sessionToken":"\/NHAVBThbYLAQiD5vhq+Tms9b\/vbWPPWDA38hthMFcEDN4LrTo3fNzRrD1XfiZTdfLgcURkSdVsk\/VLLqayrwmbHAPQzBTAqm2hinz\/TWKV7\/teIS13N3SygkC71VWTozSIY\/j9ul+L0LsjHke5o6KODl+epuLhKaBdrIBEFPog="}
Session token value is set

mode value is set

 Aspect ratio value is correct
sentry_log value is set
Session token value is set


{"appKey":"04f5a9854a7ab0d33c312f6ba1115c79","deviceID":"6252","stats":[{"campaignID":191,"packageID":"com.tgp.multi.car.smart.parking.truck","sceneStats":[{"sceneID":"16","eventStats":"362,262,162,62,62,0,0"}]}],"sdkVersion":"39","sessionToken":"F94Z5JuaRbu0luT0jKzIQSR60NzCMkRV88r\/H+ld+dMUeXWEjWqphcGi15npNSpww\/D4lm02BswjRYjmeIY2F5FKX0srUh7E7YC5zpOk0hn1FEuTBkCDQTjYQys+fclHz6V2fcG\/Xo9Irdz9RT2jfHvxzXUspLkSRdeGlE0QMjg="}
cache_ttl value is correct

Refresh Ad Rate value is correct
mode value is set

 Aspect ratio value is correct
sentry_log value is set
local_logging value is set
sentry_initialization value is set
sentry_debugging value is set
showPreRewardedDialogue value is set
showPostRewardedDialogue value is set
isSkipable value is set
{"cache_ttl":10080,"cache_ttl_rewarded":10080,"cache_ttl_banner":10080,"cache_ttl_native":10080,"cache_ttl_icon":10080,"refreshAdRate":30,"mode":"Production","aspectRatio":"4_3","cdnPath":"https:\/\/df8ymybeo92md.cloudfront.net\/images\/","sentry_log":0,"local_logging":0,"sentry_dsn":"https:\/\/93ffa1c9a4124f67b8888a53265f751a:bbf998e04584477fa9a145838e9d3b26@sentry.io\/168994","sentry_initialization":1,"sentry_debugging":0,"bannerSizes":[],"aspectRatioVideo":"16_9","app_id":"2480","showPreRewardedDialogue":0,"showPostRewardedDialogue":0,"rewardCurrency":"coins","rewardValue":0,"isSkipable":0,"privacyPolicyURL":"https:\/\/www.consoliads.com\/privacy-policy\/","sessionToken":"uVyODva9\/sZj\/+9mY473CTfXox2G1PGbBQFj1BFLqfUfDm0TTcNRI2EmxyP+150\/6wfi8EEDlQw4DZzu+sXkJyD1fuiX80lk6aFZQjw2VatXf2MmcqoMRkgwsHFb0M2B3fFboPg9NbD+x4H0Vpl2jXYW4ZICe6HxIGdkW7159ZQ="}
Session token value is set


{"appKey":"8417aa110173549083015865620d6db3","deviceID":"3264","stats":[{"campaignID":192,"packageID":"com.gamefeast.offroadtruck.mechanic.garage","sceneStats":[{"sceneID":"9","eventStats":"333,233,133,33,33,0,0"}]}],"sdkVersion":"39","sessionToken":"uVyODva9\/sZj\/+9mY473CTfXox2G1PGbBQFj1BFLqfUfDm0TTcNRI2EmxyP+150\/6wfi8EEDlQw4DZzu+sXkJyD1fuiX80lk6aFZQjw2VatXf2MmcqoMRkgwsHFb0M2B3fFboPg9NbD+x4H0Vpl2jXYW4ZICe6HxIGdkW7159ZQ="}
cache_ttl value is correct

Refresh Ad Rate value is correct
mode value is set

 Aspect ratio value is correct
sentry_log value is set
local_logging value is set
sentry_initialization value is set
sentry_debugging value is set
showPreRewardedDialogue value is set
showPostRewardedDialogue value is set
isSkipable value is set
{"cache_ttl":10080,"cache_ttl_rewarded":10080,"cache_ttl_banner":10080,"cache_ttl_native":10080,"cache_ttl_icon":10080,"campaigns":[{"campaignID":"8378","attribution":0,"priority":"8","appToPromote":{"appToPromoteID":"16480","usesDefaultFrameImage":"0","usesDefaultCloseImage":"0","marketURL":"https:\/\/play.google.com\/store\/apps\/details?id=com.nag.home.manager.working.virtual.mom","packageID":"com.GSS317.AmazingFamily"},"showTemplate":1,"s2s_tracking_url":"https:\/\/play.google.com\/store\/apps\/details?id=com.nag.home.manager.working.virtual.mom","activeCreativeID":"3720","scenes":["12","1","8","6","15","2"],"campaignAdType":"Interstitial","productId":"","purchaseBit":0,"licenseKey":""},{"campaignID":"9547","attribution":0,"priority":"8","appToPromote":{"appToPromoteID":"11879","usesDefaultFrameImage":"0","usesDefaultCloseImage":"0","marketURL":"https:\/\/play.google.com\/store\/apps\/details?id=com.buntoo.car.racing.games","packageID":"com.buntoo.car.racing.games"},"showTemplate":1,"s2s_tracking_url":"https:\/\/play.google.com\/store\/apps\/details?id=com.buntoo.car.racing.games","activeCreativeID":"4964","scenes":["12","1","8","6","15","2"],"campaignAdType":"Interstitial","productId":"","purchaseBit":0,"licenseKey":""},{"campaignID":"9586","attribution":0,"priority":"8","appToPromote":{"appToPromoteID":"515","usesDefaultFrameImage":"1","usesDefaultCloseImage":"1","marketURL":"https:\/\/play.google.com\/store\/apps\/details?id=com.plum.cash.counter.simualtor","packageID":"com.plum.cash.counter.simualtor"},"showTemplate":1,"s2s_tracking_url":"https:\/\/play.google.com\/store\/apps\/details?id=com.plum.cash.counter.simualtor","activeCreativeID":"50","scenes":["12","1","8","6","15","2"],"campaignAdType":"Interstitial","productId":"","purchaseBit":0,"licenseKey":""},{"campaignID":"9587","attribution":0,"priority":"8","appToPromote":{"appToPromoteID":"515","usesDefaultFrameImage":"1","usesDefaultCloseImage":"1","marketURL":"https:\/\/play.google.com\/store\/apps\/details?id=com.plum.cash.counter.simualtor","packageID":"com.plum.cash.counter.simualtor"},"showTemplate":1,"s2s_tracking_url":"https:\/\/play.google.com\/store\/apps\/details?id=com.plum.cash.counter.simualtor","activeCreativeID":"50","scenes":["12","1","8","6","15","2"],"campaignAdType":"Interstitial","productId":"","purchaseBit":0,"licenseKey":""},{"campaignID":"9588","attribution":0,"priority":"8","appToPromote":{"appToPromoteID":"515","usesDefaultFrameImage":"1","usesDefaultCloseImage":"1","marketURL":"https:\/\/play.google.com\/store\/apps\/details?id=com.plum.cash.counter.simualtor","packageID":"com.plum.cash.counter.simualtor"},"showTemplate":1,"s2s_tracking_url":"https:\/\/play.google.com\/store\/apps\/details?id=com.plum.cash.counter.simualtor","activeCreativeID":"50","scenes":["12","1","8","6","15","2"],"campaignAdType":"Interstitial","productId":"","purchaseBit":0,"licenseKey":""},{"campaignID":"9589","attribution":0,"priority":"8","appToPromote":{"appToPromoteID":"515","usesDefaultFrameImage":"1","usesDefaultCloseImage":"1","marketURL":"https:\/\/play.google.com\/store\/apps\/details?id=com.plum.cash.counter.simualtor","packageID":"com.plum.cash.counter.simualtor"},"showTemplate":1,"s2s_tracking_url":"https:\/\/play.google.com\/store\/apps\/details?id=com.plum.cash.counter.simualtor","activeCreativeID":"50","scenes":["12","1","8","6","15","2"],"campaignAdType":"Interstitial","productId":"","purchaseBit":0,"licenseKey":""},{"campaignID":"9131","attribution":0,"priority":"8","appToPromote":{"appToPromoteID":"17532","usesDefaultFrameImage":"0","usesDefaultCloseImage":"0","marketURL":"https:\/\/play.google.com\/store\/apps\/details?id=com.dhgate.buyermob","packageID":"com.dhgate.buyermob"},"showTemplate":1,"s2s_tracking_url":"https:\/\/tha.gotrackier.com\/click?campaign_id=63254\\u0026pub_id=75?p1=2521_9131_3264&amp;source=6841&amp;app_name=OffRoadTruckMechanicGarage&amp;gaid=3264","activeCreativeID":"4483","scenes":["12","1","8","6","15","2"],"campaignAdType":"Interstitial","productId":"","purchaseBit":0,"licenseKey":""},{"campaignID":"8380","attribution_link":"","attribution":1,"priority":"7","appToPromote":{"appToPromoteID":"16480","usesDefaultFrameImage":"0","usesDefaultCloseImage":"0","marketURL":"https:\/\/play.google.com\/store\/apps\/details?id=com.nag.home.manager.working.virtual.mom","packageID":"com.GSS317.AmazingFamily"},"showTemplate":1,"s2s_tracking_url":"","activeCreativeID":"3720","scenes":["12","1","8","6","15","2"],"campaignAdType":"Interstitial","productId":"","purchaseBit":0,"licenseKey":""},{"campaignID":"444","attribution":0,"priority":"6","appToPromote":{"appToPromoteID":"3355","usesDefaultFrameImage":"0","usesDefaultCloseImage":"0","marketURL":"https:\/\/play.google.com\/store\/apps\/details?id=com.popnsons.parkour.mouse","packageID":"com.popnsons.parkour.mouse"},"showTemplate":1,"s2s_tracking_url":"https:\/\/play.google.com\/store\/apps\/details?id=com.popnsons.parkour.mouse","activeCreativeID":"469","scenes":["12","1","8","6","15","2"],"campaignAdType":"Interstitial","productId":"","purchaseBit":0,"licenseKey":""},{"campaignID":"561","attribution":0,"priority":"6","appToPromote":{"appToPromoteID":"5026","usesDefaultFrameImage":"0","usesDefaultCloseImage":"0","marketURL":"https:\/\/play.google.com\/store\/apps\/details?id=com.as.cashupapp","packageID":"com.as.cashupapp"},"showTemplate":1,"s2s_tracking_url":"https:\/\/play.google.com\/store\/apps\/details?id=com.as.cashupapp","activeCreativeID":"652","scenes":["12","1","8","6","15","2"],"campaignAdType":"Interstitial","productId":"","purchaseBit":0,"licenseKey":""},{"campaignID":"570","attribution":0,"priority":"6","appToPromote":{"appToPromoteID":"3802","usesDefaultFrameImage":"0","usesDefaultCloseImage":"0","marketURL":"https:\/\/play.google.com\/store\/apps\/details?id=com.Madxstudios.Flickshootsoccer","packageID":"com.Madxstudios.Flickshootsoccer"},"showTemplate":1,"s2s_tracking_url":"https:\/\/play.google.com\/store\/apps\/details?id=com.Madxstudios.Flickshootsoccer","activeCreativeID":"661","scenes":["12","1","8","6","15","2"],"campaignAdType":"Interstitial","productId":"","purchaseBit":0,"licenseKey":""},{"campaignID":"588","attribution":0,"priority":"6","appToPromote":{"appToPromoteID":"5026","usesDefaultFrameImage":"0","usesDefaultCloseImage":"0","marketURL":"https:\/\/play.google.com\/store\/apps\/details?id=com.as.cashupapp","packageID":"com.as.cashupapp"},"showTemplate":1,"s2s_tracking_url":"https:\/\/play.google.com\/store\/apps\/details?id=com.as.cashupapp","activeCreativeID":"652","scenes":["12","1","8","6","15","2"],"campaignAdType":"Interstitial","productId":"","purchaseBit":0,"licenseKey":""},{"campaignID":"8808","attribution_link":"","attribution":1,"priority":"5","appToPromote":{"appToPromoteID":"16528","usesDefaultFrameImage":"0","usesDefaultCloseImage":"0","marketURL":"https:\/\/play.google.com\/store\/apps\/details?id=com.bag.farm.day.village.farming.games","packageID":"com.GSS317.com.bag.farm.day.village.farming.games"},"showTemplate":1,"s2s_tracking_url":"","activeCreativeID":"3775","scenes":["12","1","8","6","15","2"],"campaignAdType":"Interstitial","productId":"","purchaseBit":0,"licenseKey":""},{"campaignID":"8973","attribution":0,"priority":"5","appToPromote":{"appToPromoteID":"15974","usesDefaultFrameImage":"0","usesDefaultCloseImage":"0","marketURL":"https:\/\/play.google.com\/store\/apps\/details?id=com.mustardgames.bmx.cycle.stunt.mega.ramp.impossibletracks","packageID":"com.mustardgames.bmx.cycle.stunt.mega.ramp.impossibletracks"},"showTemplate":1,"s2s_tracking_url":"https:\/\/play.google.com\/store\/apps\/details?id=com.mustardgames.bmx.cycle.stunt.mega.ramp.impossibletracks","activeCreativeID":"4339","scenes":["12","1","8","6","15","2"],"campaignAdType":"Interstitial","productId":"","purchaseBit":0,"licenseKey":""},{"campaignID":"557","attribution":0,"priority":"4","appToPromote":{"appToPromoteID":"4959","usesDefaultFrameImage":"0","usesDefaultCloseImage":"0","marketURL":"https:\/\/play.google.com\/store\/apps\/details?id=com.jet.plane.surfers.joyride.dash","packageID":"com.jet.plane.surfers.joyride.dash"},"showTemplate":1,"s2s_tracking_url":"https:\/\/play.google.com\/store\/apps\/details?id=com.jet.plane.surfers.joyride.dash","activeCreativeID":"645","scenes":["12","1","8","6","15","2"],"campaignAdType":"Interstitial","productId":"","purchaseBit":0,"licenseKey":""},{"campaignID":"414","attribution":0,"priority":"3","appToPromote":{"appToPromoteID":"3023","usesDefaultFrameImage":"0","usesDefaultCloseImage":"0","marketURL":"https:\/\/play.google.com\/store\/apps\/details?id=com.appricot2d.rolo.pet.parrot","packageID":"com.appricot2d.rolo.pet.parrot"},"showTemplate":1,"s2s_tracking_url":"https:\/\/play.google.com\/store\/apps\/details?id=com.appricot2d.rolo.pet.parrot","activeCreativeID":"385","scenes":["12","1","8","6","15","2"],"campaignAdType":"Interstitial","productId":"","purchaseBit":0,"licenseKey":""},{"campaignID":"559","attribution":0,"priority":"3","appToPromote":{"appToPromoteID":"3476","usesDefaultFrameImage":"0","usesDefaultCloseImage":"0","marketURL":"https:\/\/play.google.com\/store\/apps\/details?id=com.perspectivegames.real.impossible.tracks.stunts","packageID":"com.perspectivegames.real.impossible.tracks.stunts"},"showTemplate":1,"s2s_tracking_url":"https:\/\/play.google.com\/store\/apps\/details?id=com.perspectivegames.real.impossible.tracks.stunts","activeCreativeID":"649","scenes":["12","1","8","6","15","2"],"campaignAdType":"Interstitial","productId":"","purchaseBit":0,"licenseKey":""},{"campaignID":"741","attribution":0,"priority":"3","appToPromote":{"appToPromoteID":"5609","usesDefaultFrameImage":"0","usesDefaultCloseImage":"0","marketURL":"https:\/\/play.google.com\/store\/apps\/details?id=com.kick.gyroscopic.city.train.driver.simulator","packageID":"com.kick.gyroscopic.city.train.driver.simulator"},"showTemplate":1,"s2s_tracking_url":"https:\/\/play.google.com\/store\/apps\/details?id=com.kick.gyroscopic.city.train.driver.simulator","activeCreativeID":"753","scenes":["12","1","8","6","15","2"],"campaignAdType":"Interstitial","productId":"","purchaseBit":0,"licenseKey":""},{"campaignID":"798","attribution":0,"priority":"3","appToPromote":{"appToPromoteID":"5770","usesDefaultFrameImage":"0","usesDefaultCloseImage":"0","marketURL":"https:\/\/play.google.com\/store\/apps\/details?id=com.simulatorgames3d.alohacelebrations","packageID":"com.simulatorgames3d.alohacelebrations"},"showTemplate":1,"s2s_tracking_url":"https:\/\/play.google.com\/store\/apps\/details?id=com.simulatorgames3d.alohacelebrations","activeCreativeID":"787","scenes":["12","1","8","6","15","2"],"campaignAdType":"Interstitial","productId":"","purchaseBit":0,"licenseKey":""},{"campaignID":"1483","attribution":0,"priority":"3","appToPromote":{"appToPromoteID":"1714","usesDefaultFrameImage":"1","usesDefaultCloseImage":"1","marketURL":"https:\/\/play.google.com\/store\/apps\/details?id=com.playink.cookie.maker","packageID":"com.playink.cookie.maker"},"showTemplate":1,"s2s_tracking_url":"https:\/\/play.google.com\/store\/apps\/details?id=com.playink.cookie.maker","activeCreativeID":"1020","scenes":["12","1","8","6","15","2"],"campaignAdType":"Interstitial","productId":"","purchaseBit":0,"licenseKey":""},{"campaignID":"8762","attribution":0,"priority":"2","appToPromote":{"appToPromoteID":"13265","usesDefaultFrameImage":"0","usesDefaultCloseImage":"0","marketURL":"https:\/\/play.google.com\/store\/apps\/details?id=com.rhg.tricky.bike.stunt.moto.master","packageID":"com.rhg.tricky.bike.stunt.moto.master"},"showTemplate":1,"s2s_tracking_url":"https:\/\/play.google.com\/store\/apps\/details?id=com.rhg.tricky.bike.stunt.moto.master","activeCreativeID":"4121","scenes":["12","1","8","6","15","2"],"campaignAdType":"Rewarded Video","productId":"","purchaseBit":0,"licenseKey":""},{"campaignID":"9366","attribution":0,"priority":"2","appToPromote":{"appToPromoteID":"17602","usesDefaultFrameImage":"0","usesDefaultCloseImage":"0","marketURL":"https:\/\/play.google.com\/store\/apps\/details?id=com.abaenglish.videoclass&amp;referrer=utm_source=42matters.com&amp;utm_medium=api","packageID":"com.abaenglish.videoclass"},"showTemplate":1,"s2s_tracking_url":"https:\/\/play.google.com\/store\/apps\/details?id=com.abaenglish.videoclass&amp;referrer=utm_source=42matters.com&amp;utm_medium=api","activeCreativeID":"4815","scenes":["12","1","8","6","15","2"],"campaignAdType":"Interstitial","productId":"","purchaseBit":0,"licenseKey":""}],"refreshAdRate":30,"mode":"Production","aspectRatio":"4_3","cdnPath":"https:\/\/df8ymybeo92md.cloudfront.net\/images\/","sentry_log":0,"local_logging":0,"sentry_dsn":"https:\/\/93ffa1c9a4124f67b8888a53265f751a:bbf998e04584477fa9a145838e9d3b26@sentry.io\/168994","sentry_initialization":1,"sentry_debugging":0,"bannerSizes":["5"],"aspectRatioVideo":"16_9","app_id":"2521","showPreRewardedDialogue":0,"showPostRewardedDialogue":0,"rewardCurrency":"coins","rewardValue":0,"isSkipable":0,"privacyPolicyURL":"https:\/\/www.consoliads.com\/privacy-policy\/","sessionToken":"c5GdMeeEsTbgBrpCdEKcmnkdr07Vy8hcfDWh58rsNrbJScLof6UPxqsa9yjRzLPv4Aax6q1YyI\/0CzB32BF7bnNN16\/yfZvI0Vt6ZXp0UTvIfW0lBZATBB\/NKVeCI\/sRAV1PW9wjs6egt8uu8QjRXkeZO\/heN0ZAo5esR5YaZZs="}
Session token value is set


{"appKey":"9bfb78f6a7b11d99e8e05f5d9ad5562d","deviceID":"7943","stats":[{"campaignID":201,"packageID":"com.whitesand.pit.stop.car.mechanic","sceneStats":[{"sceneID":"20","eventStats":"379,279,179,79,79,0,0"}]}],"sdkVersion":"2286","sessionToken":"c5GdMeeEsTbgBrpCdEKcmnkdr07Vy8hcfDWh58rsNrbJScLof6UPxqsa9yjRzLPv4Aax6q1YyI\/0CzB32BF7bnNN16\/yfZvI0Vt6ZXp0UTvIfW0lBZATBB\/NKVeCI\/sRAV1PW9wjs6egt8uu8QjRXkeZO\/heN0ZAo5esR5YaZZs="}
cache_ttl value is correct

Title value is correct

Title value is correct

Title value is correct

Title value is correct

Title value is correct

Title value is correct

Refresh Ad Rate value is correct
mode value is set

 Aspect ratio value is correct
sentry_log value is set
local_logging value is set
sentry_initialization value is set
sentry_debugging value is set
showPreRewardedDialogue value is set
showPostRewardedDialogue value is set
isSkipable value is set
{"cache_ttl":10080,"cache_ttl_rewarded":10080,"cache_ttl_banner":10080,"cache_ttl_native":10080,"cache_ttl_icon":10080,"campaigns":[{"campaignID":"9017","attribution":0,"priority":"5","appToPromote":{"appToPromoteID":"12567","usesDefaultFrameImage":"0","usesDefaultCloseImage":"0","marketURL":"https:\/\/play.google.com\/store\/apps\/details?id=com.deg.desert.car.destruction.derby.crash.stunts.racing","packageID":"com.deg.desert.car.destruction.derby.crash.stunts.racing"},"showTemplate":1,"s2s_tracking_url":"https:\/\/play.google.com\/store\/apps\/details?id=com.deg.desert.car.destruction.derby.crash.stunts.racing","activeCreativeID":"4381","scenes":["27","1","2","3","4","5","6","7","8","9","10","11","12","13","14","15","21","24"],"campaignAdType":"Icon","productId":"","purchaseBit":0,"licenseKey":""},{"campaignID":"9376","attribution":2,"priority":"5","appToPromote":{"appToPromoteID":"13421","usesDefaultFrameImage":"0","usesDefaultCloseImage":"0","marketURL":"http:\/\/www.google.com","packageID":"com.appricot2d.testt"},"showTemplate":1,"s2s_tracking_url":"http:\/\/www.google.com","activeCreativeID":"4680","scenes":["27","1","2","3","4","5","6","7","8","9","10","11","12","13","14","15","21","24"],"campaignAdType":"Interstitial","productId":"","purchaseBit":0,"licenseKey":""},{"campaignID":"9385","attribution":0,"priority":"5","appToPromote":{"appToPromoteID":"9497","usesDefaultFrameImage":"0","usesDefaultCloseImage":"0","marketURL":"https:\/\/play.google.com\/store\/apps\/details?id=com.appricot2d.barber.shop.hair.salon.hair.cutting.games","packageID":"com.appricot2d.barber.shop.hair.salon.hair.cutting.games"},"showTemplate":1,"s2s_tracking_url":"https:\/\/play.google.com\/store\/apps\/details?id=com.appricot2d.barber.shop.hair.salon.hair.cutting.games","activeCreativeID":"4572","scenes":["27","1","2","3","4","5","6","7","8","9","10","11","12","13","14","15","21","24"],"campaignAdType":"Interstitial","productId":"","purchaseBit":0,"licenseKey":""},{"campaignID":"7297","attribution":0,"priority":"5","appToPromote":{"appToPromoteID":"11734","usesDefaultFrameImage":"0","usesDefaultCloseImage":"0","marketURL":"https:\/\/play.google.com\/store\/apps\/details?id=com.appricot2d.cooking.restaurent.food.chef.kitchen.game","packageID":"com.appricot2d.cooking.restaurent.food.chef.kitchen.game"},"showTemplate":1,"s2s_tracking_url":"https:\/\/play.google.com\/store\/apps\/details?id=com.appricot2d.cooking.restaurent.food.chef.kitchen.game","activeCreativeID":"2436","scenes":["27","1","2","3","4","5","6","7","8","9","10","11","12","13","14","15","21","24"],"campaignAdType":"Interstitial","productId":"","purchaseBit":0,"licenseKey":""},{"campaignID":"7298","attribution":0,"priority":"5","appToPromote":{"appToPromoteID":"11734","usesDefaultFrameImage":"0","usesDefaultCloseImage":"0","marketURL":"https:\/\/play.google.com\/store\/apps\/details?id=com.appricot2d.cooking.restaurent.food.chef.kitchen.game","packageID":"com.appricot2d.cooking.restaurent.food.chef.kitchen.game"},"showTemplate":1,"s2s_tracking_url":"https:\/\/play.google.com\/store\/apps\/details?id=com.appricot2d.cooking.restaurent.food.chef.kitchen.game","activeCreativeID":"2437","scenes":["27","1","2","3","4","5","6","7","8","9","10","11","12","13","14","15","21","24"],"campaignAdType":"Icon","productId":"","purchaseBit":0,"licenseKey":""},{"campaignID":"8691","attribution":0,"priority":"5","appToPromote":{"appToPromoteID":"16801","usesDefaultFrameImage":"0","usesDefaultCloseImage":"0","marketURL":"https:\/\/play.google.com\/store\/apps\/details?id=com.yhi.robot.flying.bike.taxi.simulator.games","packageID":"com.yhi.robot.flying.bike.taxi.simulator.games"},"showTemplate":1,"s2s_tracking_url":"https:\/\/play.google.com\/store\/apps\/details?id=com.yhi.robot.flying.bike.taxi.simulator.games","activeCreativeID":"4051","scenes":["1"],"campaignAdType":"Icon","productId":"","purchaseBit":0,"licenseKey":""},{"campaignID":"8378","attribution":0,"priority":"8","appToPromote":{"appToPromoteID":"16480","usesDefaultFrameImage":"0","usesDefaultCloseImage":"0","marketURL":"https:\/\/play.google.com\/store\/apps\/details?id=com.nag.home.manager.working.virtual.mom","packageID":"com.GSS317.AmazingFamily"},"showTemplate":1,"s2s_tracking_url":"https:\/\/play.google.com\/store\/apps\/details?id=com.nag.home.manager.working.virtual.mom","activeCreativeID":"3720","scenes":["27","1","2","3","4","5","6","7","8","9","10","11","12","13","14","15","21","24"],"campaignAdType":"Interstitial","productId":"","purchaseBit":0,"licenseKey":""},{"campaignID":"9252","attribution":0,"priority":"8","appToPromote":{"appToPromoteID":"12315","usesDefaultFrameImage":"0","usesDefaultCloseImage":"0","marketURL":"google.com","packageID":"com.qabrand.plnative"},"showTemplate":1,"s2s_tracking_url":"google.com","activeCreativeID":"4683","scenes":["27","1","2","3","4","5","6","7","8","9","10","11","12","13","14","15","21","24"],"campaignAdType":"Native","title":"Native first","subTitle":"First ","description":"New description","adClickThroughText":"FIRST Button","productId":"","purchaseBit":0,"licenseKey":""},{"campaignID":"9253","attribution":0,"priority":"8","appToPromote":{"appToPromoteID":"12315","usesDefaultFrameImage":"0","usesDefaultCloseImage":"0","marketURL":"google.com","packageID":"com.qabrand.plnative"},"showTemplate":1,"s2s_tracking_url":"google.com","activeCreativeID":"4683","scenes":["27","1","2","3","4","5","6","7","8","9","10","11","12","13","14","15","21","24"],"campaignAdType":"Native","title":"Native first","subTitle":"First ","description":"New description","adClickThroughText":"FIRST Button","productId":"","purchaseBit":0,"licenseKey":""},{"campaignID":"9255","attribution":0,"priority":"8","appToPromote":{"appToPromoteID":"13274","usesDefaultFrameImage":"0","usesDefaultCloseImage":"0","marketURL":"https:\/\/play.google.com\/store\/apps\/details?id=com.facebook.katana","packageID":"com.salon.adsalon"},"showTemplate":1,"s2s_tracking_url":"https:\/\/play.google.com\/store\/apps\/details?id=com.facebook.katana","activeCreativeID":"4685","scenes":["27","1","2","3","4","5","6","7","8","9","10","11","12","13","14","15","21","24"],"campaignAdType":"Native","title":"native NA ","subTitle":"native NA ","description":"native NA added","adClickThroughText":"native NA ","productId":"","purchaseBit":0,"licenseKey":""},{"campaignID":"9257","attribution":0,"priority":"8","appToPromote":{"appToPromoteID":"12286","usesDefaultFrameImage":"0","usesDefaultCloseImage":"0","marketURL":"google.com","packageID":"com.qabrand.Chartboost_Native"},"showTemplate":1,"s2s_tracking_url":"google.com","activeCreativeID":"4688","scenes":["27","1","2","3","4","5","6","7","8","9","10","11","12","13","14","15","21","24"],"campaignAdType":"Native","title":"Native second updated","subTitle":"Native second ","description":"Native second details","adClickThroughText":"Native second ","productId":"","purchaseBit":0,"licenseKey":""},{"campaignID":"9263","attribution":0,"priority":"8","appToPromote":{"appToPromoteID":"12315","usesDefaultFrameImage":"0","usesDefaultCloseImage":"0","marketURL":"google.com","packageID":"com.qabrand.plnative"},"showTemplate":1,"s2s_tracking_url":"google.com","activeCreativeID":"4694","scenes":["27","1","2","3","4","5","6","7","8","9","10","11","12","13","14","15","21","24"],"campaignAdType":"Native","title":"test","subTitle":"test","description":" test details update","adClickThroughText":"test","productId":"","purchaseBit":0,"licenseKey":""},{"campaignID":"9547","attribution":0,"priority":"8","appToPromote":{"appToPromoteID":"11879","usesDefaultFrameImage":"0","usesDefaultCloseImage":"0","marketURL":"https:\/\/play.google.com\/store\/apps\/details?id=com.buntoo.car.racing.games","packageID":"com.buntoo.car.racing.games"},"showTemplate":1,"s2s_tracking_url":"https:\/\/play.google.com\/store\/apps\/details?id=com.buntoo.car.racing.games","activeCreativeID":"4964","scenes":["27","1","2","3","4","5","6","7","8","9","10","11","12","13","14","15","21","24"],"campaignAdType":"Interstitial","productId":"","purchaseBit":0,"licenseKey":""},{"campaignID":"9127","attribution":0,"priority":"8","appToPromote":{"appToPromoteID":"17528","usesDefaultFrameImage":"0","usesDefaultCloseImage":"0","marketURL":"https:\/\/play.google.com\/store\/apps\/details?id=net.one97.paytm","packageID":"net.one97.paytm"},"showTemplate":1,"s2s_tracking_url":"https:\/\/tha.gotrackier.com\/click?campaign_id=63249\\u0026pub_id=75?p1=2504_9127_7943&amp;source=6841&amp;app_name=PitStopCarMechanic&amp;gaid=7943","activeCreativeID":"4788","scenes":["27","1","2","3","4","5","6","7","8","9","10","11","12","13","14","15","21","24"],"campaignAdType":"Native","title":"BCA","subTitle":"FW","description":"nope","adClickThroughText":"Link","productId":"","purchaseBit":0,"licenseKey":""},{"campaignID":"9131","attribution":0,"priority":"8","appToPromote":{"appToPromoteID":"17532","usesDefaultFrameImage":"0","usesDefaultCloseImage":"0","marketURL":"https:\/\/play.google.com\/store\/apps\/details?id=com.dhgate.buyermob","packageID":"com.dhgate.buyermob"},"showTemplate":1,"s2s_tracking_url":"https:\/\/tha.gotrackier.com\/click?campaign_id=63254\\u0026pub_id=75?p1=2504_9131_7943&amp;source=6841&amp;app_name=PitStopCarMechanic&amp;gaid=7943","activeCreativeID":"4483","scenes":["27","1","2","3","4","5","6","7","8","9","10","11","12","13","14","15","21","24"],"campaignAdType":"Interstitial","productId":"","purchaseBit":0,"licenseKey":""},{"campaignID":"8380","attribution_link":"","attribution":1,"priority":"7","appToPromote":{"appToPromoteID":"16480","usesDefaultFrameImage":"0","usesDefaultCloseImage":"0","marketURL":"https:\/\/play.google.com\/store\/apps\/details?id=com.nag.home.manager.working.virtual.mom","packageID":"com.GSS317.AmazingFamily"},"showTemplate":1,"s2s_tracking_url":"","activeCreativeID":"3720","scenes":["27","1","2","3","4","5","6","7","8","9","10","11","12","13","14","15","21","24"],"campaignAdType":"Interstitial","productId":"","purchaseBit":0,"licenseKey":""},{"campaignID":"444","attribution":0,"priority":"6","appToPromote":{"appToPromoteID":"3355","usesDefaultFrameImage":"0","usesDefaultCloseImage":"0","marketURL":"https:\/\/play.google.com\/store\/apps\/details?id=com.popnsons.parkour.mouse","packageID":"com.popnsons.parkour.mouse"},"showTemplate":1,"s2s_tracking_url":"https:\/\/play.google.com\/store\/apps\/details?id=com.popnsons.parkour.mouse","activeCreativeID":"469","scenes":["27","1","2","3","4","5","6","7","8","9","10","11","12","13","14","15","21","24"],"campaignAdType":"Interstitial","productId":"","purchaseBit":0,"licenseKey":""},{"campaignID":"561","attribution":0,"priority":"6","appToPromote":{"appToPromoteID":"5026","usesDefaultFrameImage":"0","usesDefaultCloseImage":"0","marketURL":"https:\/\/play.google.com\/store\/apps\/details?id=com.as.cashupapp","packageID":"com.as.cashupapp"},"showTemplate":1,"s2s_tracking_url":"https:\/\/play.google.com\/store\/apps\/details?id=com.as.cashupapp","activeCreativeID":"652","scenes":["27","1","2","3","4","5","6","7","8","9","10","11","12","13","14","15","21","24"],"campaignAdType":"Interstitial","productId":"","purchaseBit":0,"licenseKey":""},{"campaignID":"570","attribution":0,"priority":"6","appToPromote":{"appToPromoteID":"3802","usesDefaultFrameImage":"0","usesDefaultCloseImage":"0","marketURL":"https:\/\/play.google.com\/store\/apps\/details?id=com.Madxstudios.Flickshootsoccer","packageID":"com.Madxstudios.Flickshootsoccer"},"showTemplate":1,"s2s_tracking_url":"https:\/\/play.google.com\/store\/apps\/details?id=com.Madxstudios.Flickshootsoccer","activeCreativeID":"661","scenes":["27","1","2","3","4","5","6","7","8","9","10","11","12","13","14","15","21","24"],"campaignAdType":"Interstitial","productId":"","purchaseBit":0,"licenseKey":""},{"campaignID":"588","attribution":0,"priority":"6","appToPromote":{"appToPromoteID":"5026","usesDefaultFrameImage":"0","usesDefaultCloseImage":"0","marketURL":"https:\/\/play.google.com\/store\/apps\/details?id=com.as.cashupapp","packageID":"com.as.cashupapp"},"showTemplate":1,"s2s_tracking_url":"https:\/\/play.google.com\/store\/apps\/details?id=com.as.cashupapp","activeCreativeID":"652","scenes":["27","1","2","3","4","5","6","7","8","9","10","11","12","13","14","15","21","24"],"campaignAdType":"Interstitial","productId":"","purchaseBit":0,"licenseKey":""},{"campaignID":"8808","attribution_link":"","attribution":1,"priority":"5","appToPromote":{"appToPromoteID":"16528","usesDefaultFrameImage":"0","usesDefaultCloseImage":"0","marketURL":"https:\/\/play.google.com\/store\/apps\/details?id=com.bag.farm.day.village.farming.games","packageID":"com.GSS317.com.bag.farm.day.village.farming.games"},"showTemplate":1,"s2s_tracking_url":"","activeCreativeID":"3775","scenes":["27","1","2","3","4","5","6","7","8","9","10","11","12","13","14","15","21","24"],"campaignAdType":"Interstitial","productId":"","purchaseBit":0,"licenseKey":""},{"campaignID":"8973","attribution":0,"priority":"5","appToPromote":{"appToPromoteID":"15974","usesDefaultFrameImage":"0","usesDefaultCloseImage":"0","marketURL":"https:\/\/play.google.com\/store\/apps\/details?id=com.mustardgames.bmx.cycle.stunt.mega.ramp.impossibletracks","packageID":"com.mustardgames.bmx.cycle.stunt.mega.ramp.impossibletracks"},"showTemplate":1,"s2s_tracking_url":"https:\/\/play.google.com\/store\/apps\/details?id=com.mustardgames.bmx.cycle.stunt.mega.ramp.impossibletracks","activeCreativeID":"4339","scenes":["27","1","2","3","4","5","6","7","8","9","10","11","12","13","14","15","21","24"],"campaignAdType":"Interstitial","productId":"","purchaseBit":0,"licenseKey":""},{"campaignID":"557","attribution":0,"priority":"4","appToPromote":{"appToPromoteID":"4959","usesDefaultFrameImage":"0","usesDefaultCloseImage":"0","marketURL":"https:\/\/play.google.com\/store\/apps\/details?id=com.jet.plane.surfers.joyride.dash","packageID":"com.jet.plane.surfers.joyride.dash"},"showTemplate":1,"s2s_tracking_url":"https:\/\/play.google.com\/store\/apps\/details?id=com.jet.plane.surfers.joyride.dash","activeCreativeID":"645","scenes":["27","1","2","3","4","5","6","7","8","9","10","11","12","13","14","15","21","24"],"campaignAdType":"Interstitial","productId":"","purchaseBit":0,"licenseKey":""},{"campaignID":"559","attribution":0,"priority":"3","appToPromote":{"appToPromoteID":"3476","usesDefaultFrameImage":"0","usesDefaultCloseImage":"0","marketURL":"https:\/\/play.google.com\/store\/apps\/details?id=com.perspectivegames.real.impossible.tracks.stunts","packageID":"com.perspectivegames.real.impossible.tracks.stunts"},"showTemplate":1,"s2s_tracking_url":"https:\/\/play.google.com\/store\/apps\/details?id=com.perspectivegames.real.impossible.tracks.stunts","activeCreativeID":"649","scenes":["27","1","2","3","4","5","6","7","8","9","10","11","12","13","14","15","21","24"],"campaignAdType":"Interstitial","productId":"","purchaseBit":0,"licenseKey":""},{"campaignID":"741","attribution":0,"priority":"3","appToPromote":{"appToPromoteID":"5609","usesDefaultFrameImage":"0","usesDefaultCloseImage":"0","marketURL":"https:\/\/play.google.com\/store\/apps\/details?id=com.kick.gyroscopic.city.train.driver.simulator","packageID":"com.kick.gyroscopic.city.train.driver.simulator"},"showTemplate":1,"s2s_tracking_url":"https:\/\/play.google.com\/store\/apps\/details?id=com.kick.gyroscopic.city.train.driver.simulator","activeCreativeID":"753","scenes":["27","1","2","3","4","5","6","7","8","9","10","11","12","13","14","15","21","24"],"campaignAdType":"Interstitial","productId":"","purchaseBit":0,"licenseKey":""},{"campaignID":"798","attribution":0,"priority":"3","appToPromote":{"appToPromoteID":"5770","usesDefaultFrameImage":"0","usesDefaultCloseImage":"0","marketURL":"https:\/\/play.google.com\/store\/apps\/details?id=com.simulatorgames3d.alohacelebrations","packageID":"com.simulatorgames3d.alohacelebrations"},"showTemplate":1,"s2s_tracking_url":"https:\/\/play.google.com\/store\/apps\/details?id=com.simulatorgames3d.alohacelebrations","activeCreativeID":"787","scenes":["27","1","2","3","4","5","6","7","8","9","10","11","12","13","14","15","21","24"],"campaignAdType":"Interstitial","productId":"","purchaseBit":0,"licenseKey":""},{"campaignID":"8762","attribution":0,"priority":"2","appToPromote":{"appToPromoteID":"13265","usesDefaultFrameImage":"0","usesDefaultCloseImage":"0","marketURL":"https:\/\/play.google.com\/store\/apps\/details?id=com.rhg.tricky.bike.stunt.moto.master","packageID":"com.rhg.tricky.bike.stunt.moto.master"},"showTemplate":1,"s2s_tracking_url":"https:\/\/play.google.com\/store\/apps\/details?id=com.rhg.tricky.bike.stunt.moto.master","activeCreativeID":"4121","scenes":["27","1","2","3","4","5","6","7","8","9","10","11","12","13","14","15","21","24"],"campaignAdType":"Rewarded Video","productId":"","purchaseBit":0,"licenseKey":""},{"campaignID":"9366","attribution":0,"priority":"2","appToPromote":{"appToPromoteID":"17602","usesDefaultFrameImage":"0","usesDefaultCloseImage":"0","marketURL":"https:\/\/play.google.com\/store\/apps\/details?id=com.abaenglish.videoclass&amp;referrer=utm_source=42matters.com&amp;utm_medium=api","packageID":"com.abaenglish.videoclass"},"showTemplate":1,"s2s_tracking_url":"https:\/\/play.google.com\/store\/apps\/details?id=com.abaenglish.videoclass&amp;referrer=utm_source=42matters.com&amp;utm_medium=api","activeCreativeID":"4815","scenes":["27","1","2","3","4","5","6","7","8","9","10","11","12","13","14","15","21","24"],"campaignAdType":"Interstitial","productId":"","purchaseBit":0,"licenseKey":""},{"campaignID":"9367","attribution":0,"priority":"2","appToPromote":{"appToPromoteID":"17602","usesDefaultFrameImage":"0","usesDefaultCloseImage":"0","marketURL":"https:\/\/play.google.com\/store\/apps\/details?id=com.abaenglish.videoclass&amp;referrer=utm_source=42matters.com&amp;utm_medium=api","packageID":"com.abaenglish.videoclass"},"showTemplate":1,"s2s_tracking_url":"https:\/\/play.google.com\/store\/apps\/details?id=com.abaenglish.videoclass&amp;referrer=utm_source=42matters.com&amp;utm_medium=api","activeCreativeID":"4815","scenes":["27","1","2","3","4","5","6","7","8","9","10","11","12","13","14","15","21","24"],"campaignAdType":"Interstitial","productId":"","purchaseBit":0,"licenseKey":""},{"campaignID":"9368","attribution":0,"priority":"2","appToPromote":{"appToPromoteID":"17602","usesDefaultFrameImage":"0","usesDefaultCloseImage":"0","marketURL":"https:\/\/play.google.com\/store\/apps\/details?id=com.abaenglish.videoclass&amp;referrer=utm_source=42matters.com&amp;utm_medium=api","packageID":"com.abaenglish.videoclass"},"showTemplate":1,"s2s_tracking_url":"https:\/\/play.google.com\/store\/apps\/details?id=com.abaenglish.videoclass&amp;referrer=utm_source=42matters.com&amp;utm_medium=api","activeCreativeID":"4815","scenes":["27","1","2","3","4","5","6","7","8","9","10","11","12","13","14","15","21","24"],"campaignAdType":"Interstitial","productId":"","purchaseBit":0,"licenseKey":""},{"campaignID":"9369","attribution":0,"priority":"2","appToPromote":{"appToPromoteID":"17602","usesDefaultFrameImage":"0","usesDefaultCloseImage":"0","marketURL":"https:\/\/play.google.com\/store\/apps\/details?id=com.abaenglish.videoclass&amp;referrer=utm_source=42matters.com&amp;utm_medium=api","packageID":"com.abaenglish.videoclass"},"showTemplate":1,"s2s_tracking_url":"https:\/\/play.google.com\/store\/apps\/details?id=com.abaenglish.videoclass&amp;referrer=utm_source=42matters.com&amp;utm_medium=api","activeCreativeID":"4815","scenes":["27","1","2","3","4","5","6","7","8","9","10","11","12","13","14","15","21","24"],"campaignAdType":"Interstitial","productId":"","purchaseBit":0,"licenseKey":""}],"refreshAdRate":0,"mode":"Production","aspectRatio":"4_3","cdnPath":"https:\/\/df8ymybeo92md.cloudfront.net\/images\/","sentry_log":0,"local_logging":0,"sentry_dsn":"https:\/\/93ffa1c9a4124f67b8888a53265f751a:bbf998e04584477fa9a145838e9d3b26@sentry.io\/168994","sentry_initialization":1,"sentry_debugging":0,"bannerSizes":["1"],"aspectRatioVideo":"16_9","app_id":"2504","showPreRewardedDialogue":0,"showPostRewardedDialogue":0,"rewardCurrency":"coins","rewardValue":0,"isSkipable":0,"privacyPolicyURL":"https:\/\/www.consoliads.com\/privacy-policy\/","sessionToken":"1H6HE02qitMMNyqdK\/H78+wT55bNRtvfSVJcyJCtH5XgniT0qg492yFGTlTJ47xINHZBoJ3IaU25W4YI19FSE0g9o9eHNa1wfkZn\/4CZ7mIhUUVfF1u+mouEpqBPK2QtjdmU6AHNWuSeXT58eLUSs1j22gx+bA2lqHSKjH31SLw="}
Session token value is set


{"appKey":"9bfb78f6a7b11d99e8e05f5d9ad5562d","deviceID":"5480","stats":[{"campaignID":204,"packageID":"com.whitesand.pit.stop.car.mechanic","sceneStats":[{"sceneID":"14","eventStats":"355,255,155,55,55,0,0"}]}],"sdkVersion":"2286","sessionToken":"1H6HE02qitMMNyqdK\/H78+wT55bNRtvfSVJcyJCtH5XgniT0qg492yFGTlTJ47xINHZBoJ3IaU25W4YI19FSE0g9o9eHNa1wfkZn\/4CZ7mIhUUVfF1u+mouEpqBPK2QtjdmU6AHNWuSeXT58eLUSs1j22gx+bA2lqHSKjH31SLw="}
cache_ttl value is correct

Title value is correct

Title value is correct

Title value is correct

Title value is correct

Title value is correct

Title value is correct

Refresh Ad Rate value is correct
mode value is set

 Aspect ratio value is correct
sentry_log value is set
local_logging value is set
sentry_initialization value is set
sentry_debugging value is set
showPreRewardedDialogue value is set
showPostRewardedDialogue value is set
isSkipable value is set
{"cache_ttl":10080,"cache_ttl_rewarded":10080,"cache_ttl_banner":10080,"cache_ttl_native":10080,"cache_ttl_icon":10080,"campaigns":[{"campaignID":"9017","attribution":0,"priority":"5","appToPromote":{"appToPromoteID":"12567","usesDefaultFrameImage":"0","usesDefaultCloseImage":"0","marketURL":"https:\/\/play.google.com\/store\/apps\/details?id=com.deg.desert.car.destruction.derby.crash.stunts.racing","packageID":"com.deg.desert.car.destruction.derby.crash.stunts.racing"},"showTemplate":1,"s2s_tracking_url":"https:\/\/play.google.com\/store\/apps\/details?id=com.deg.desert.car.destruction.derby.crash.stunts.racing","activeCreativeID":"4381","scenes":["27","1","2","3","4","5","6","7","8","9","10","11","12","13","14","15","21","24"],"campaignAdType":"Icon","productId":"","purchaseBit":0,"licenseKey":""},{"campaignID":"9376","attribution":2,"priority":"5","appToPromote":{"appToPromoteID":"13421","usesDefaultFrameImage":"0","usesDefaultCloseImage":"0","marketURL":"http:\/\/www.google.com","packageID":"com.appricot2d.testt"},"showTemplate":1,"s2s_tracking_url":"http:\/\/www.google.com","activeCreativeID":"4680","scenes":["27","1","2","3","4","5","6","7","8","9","10","11","12","13","14","15","21","24"],"campaignAdType":"Interstitial","productId":"","purchaseBit":0,"licenseKey":""},{"campaignID":"9385","attribution":0,"priority":"5","appToPromote":{"appToPromoteID":"9497","usesDefaultFrameImage":"0","usesDefaultCloseImage":"0","marketURL":"https:\/\/play.google.com\/store\/apps\/details?id=com.appricot2d.barber.shop.hair.salon.hair.cutting.games","packageID":"com.appricot2d.barber.shop.hair.salon.hair.cutting.games"},"showTemplate":1,"s2s_tracking_url":"https:\/\/play.google.com\/store\/apps\/details?id=com.appricot2d.barber.shop.hair.salon.hair.cutting.games","activeCreativeID":"4572","scenes":["27","1","2","3","4","5","6","7","8","9","10","11","12","13","14","15","21","24"],"campaignAdType":"Interstitial","productId":"","purchaseBit":0,"licenseKey":""},{"campaignID":"7297","attribution":0,"priority":"5","appToPromote":{"appToPromoteID":"11734","usesDefaultFrameImage":"0","usesDefaultCloseImage":"0","marketURL":"https:\/\/play.google.com\/store\/apps\/details?id=com.appricot2d.cooking.restaurent.food.chef.kitchen.game","packageID":"com.appricot2d.cooking.restaurent.food.chef.kitchen.game"},"showTemplate":1,"s2s_tracking_url":"https:\/\/play.google.com\/store\/apps\/details?id=com.appricot2d.cooking.restaurent.food.chef.kitchen.game","activeCreativeID":"2436","scenes":["27","1","2","3","4","5","6","7","8","9","10","11","12","13","14","15","21","24"],"campaignAdType":"Interstitial","productId":"","purchaseBit":0,"licenseKey":""},{"campaignID":"7298","attribution":0,"priority":"5","appToPromote":{"appToPromoteID":"11734","usesDefaultFrameImage":"0","usesDefaultCloseImage":"0","marketURL":"https:\/\/play.google.com\/store\/apps\/details?id=com.appricot2d.cooking.restaurent.food.chef.kitchen.game","packageID":"com.appricot2d.cooking.restaurent.food.chef.kitchen.game"},"showTemplate":1,"s2s_tracking_url":"https:\/\/play.google.com\/store\/apps\/details?id=com.appricot2d.cooking.restaurent.food.chef.kitchen.game","activeCreativeID":"2437","scenes":["27","1","2","3","4","5","6","7","8","9","10","11","12","13","14","15","21","24"],"campaignAdType":"Icon","productId":"","purchaseBit":0,"licenseKey":""},{"campaignID":"8691","attribution":0,"priority":"5","appToPromote":{"appToPromoteID":"16801","usesDefaultFrameImage":"0","usesDefaultCloseImage":"0","marketURL":"https:\/\/play.google.com\/store\/apps\/details?id=com.yhi.robot.flying.bike.taxi.simulator.games","packageID":"com.yhi.robot.flying.bike.taxi.simulator.games"},"showTemplate":1,"s2s_tracking_url":"https:\/\/play.google.com\/store\/apps\/details?id=com.yhi.robot.flying.bike.taxi.simulator.games","activeCreativeID":"4051","scenes":["1"],"campaignAdType":"Icon","productId":"","purchaseBit":0,"licenseKey":""},{"campaignID":"8378","attribution":0,"priority":"8","appToPromote":{"appToPromoteID":"16480","usesDefaultFrameImage":"0","usesDefaultCloseImage":"0","marketURL":"https:\/\/play.google.com\/store\/apps\/details?id=com.nag.home.manager.working.virtual.mom","packageID":"com.GSS317.AmazingFamily"},"showTemplate":1,"s2s_tracking_url":"https:\/\/play.google.com\/store\/apps\/details?id=com.nag.home.manager.working.virtual.mom","activeCreativeID":"3720","scenes":["27","1","2","3","4","5","6","7","8","9","10","11","12","13","14","15","21","24"],"campaignAdType":"Interstitial","productId":"","purchaseBit":0,"licenseKey":""},{"campaignID":"9252","attribution":0,"priority":"8","appToPromote":{"appToPromoteID":"12315","usesDefaultFrameImage":"0","usesDefaultCloseImage":"0","marketURL":"google.com","packageID":"com.qabrand.plnative"},"showTemplate":1,"s2s_tracking_url":"google.com","activeCreativeID":"4683","scenes":["27","1","2","3","4","5","6","7","8","9","10","11","12","13","14","15","21","24"],"campaignAdType":"Native","title":"Native first","subTitle":"First ","description":"New description","adClickThroughText":"FIRST Button","productId":"","purchaseBit":0,"licenseKey":""},{"campaignID":"9253","attribution":0,"priority":"8","appToPromote":{"appToPromoteID":"12315","usesDefaultFrameImage":"0","usesDefaultCloseImage":"0","marketURL":"google.com","packageID":"com.qabrand.plnative"},"showTemplate":1,"s2s_tracking_url":"google.com","activeCreativeID":"4683","scenes":["27","1","2","3","4","5","6","7","8","9","10","11","12","13","14","15","21","24"],"campaignAdType":"Native","title":"Native first","subTitle":"First ","description":"New description","adClickThroughText":"FIRST Button","productId":"","purchaseBit":0,"licenseKey":""},{"campaignID":"9255","attribution":0,"priority":"8","appToPromote":{"appToPromoteID":"13274","usesDefaultFrameImage":"0","usesDefaultCloseImage":"0","marketURL":"https:\/\/play.google.com\/store\/apps\/details?id=com.facebook.katana","packageID":"com.salon.adsalon"},"showTemplate":1,"s2s_tracking_url":"https:\/\/play.google.com\/store\/apps\/details?id=com.facebook.katana","activeCreativeID":"4685","scenes":["27","1","2","3","4","5","6","7","8","9","10","11","12","13","14","15","21","24"],"campaignAdType":"Native","title":"native NA ","subTitle":"native NA ","description":"native NA added","adClickThroughText":"native NA ","productId":"","purchaseBit":0,"licenseKey":""},{"campaignID":"9257","attribution":0,"priority":"8","appToPromote":{"appToPromoteID":"12286","usesDefaultFrameImage":"0","usesDefaultCloseImage":"0","marketURL":"google.com","packageID":"com.qabrand.Chartboost_Native"},"showTemplate":1,"s2s_tracking_url":"google.com","activeCreativeID":"4688","scenes":["27","1","2","3","4","5","6","7","8","9","10","11","12","13","14","15","21","24"],"campaignAdType":"Native","title":"Native second updated","subTitle":"Native second ","description":"Native second details","adClickThroughText":"Native second ","productId":"","purchaseBit":0,"licenseKey":""},{"campaignID":"9263","attribution":0,"priority":"8","appToPromote":{"appToPromoteID":"12315","usesDefaultFrameImage":"0","usesDefaultCloseImage":"0","marketURL":"google.com","packageID":"com.qabrand.plnative"},"showTemplate":1,"s2s_tracking_url":"google.com","activeCreativeID":"4694","scenes":["27","1","2","3","4","5","6","7","8","9","10","11","12","13","14","15","21","24"],"campaignAdType":"Native","title":"test","subTitle":"test","description":" test details update","adClickThroughText":"test","productId":"","purchaseBit":0,"licenseKey":""},{"campaignID":"9547","attribution":0,"priority":"8","appToPromote":{"appToPromoteID":"11879","usesDefaultFrameImage":"0","usesDefaultCloseImage":"0","marketURL":"https:\/\/play.google.com\/store\/apps\/details?id=com.buntoo.car.racing.games","packageID":"com.buntoo.car.racing.games"},"showTemplate":1,"s2s_tracking_url":"https:\/\/play.google.com\/store\/apps\/details?id=com.buntoo.car.racing.games","activeCreativeID":"4964","scenes":["27","1","2","3","4","5","6","7","8","9","10","11","12","13","14","15","21","24"],"campaignAdType":"Interstitial","productId":"","purchaseBit":0,"licenseKey":""},{"campaignID":"9127","attribution":0,"priority":"8","appToPromote":{"appToPromoteID":"17528","usesDefaultFrameImage":"0","usesDefaultCloseImage":"0","marketURL":"https:\/\/play.google.com\/store\/apps\/details?id=net.one97.paytm","packageID":"net.one97.paytm"},"showTemplate":1,"s2s_tracking_url":"https:\/\/tha.gotrackier.com\/click?campaign_id=63249\\u0026pub_id=75?p1=2504_9127_5480&amp;source=6841&amp;app_name=PitStopCarMechanic&amp;gaid=5480","activeCreativeID":"4788","scenes":["27","1","2","3","4","5","6","7","8","9","10","11","12","13","14","15","21","24"],"campaignAdType":"Native","title":"BCA","subTitle":"FW","description":"nope","adClickThroughText":"Link","productId":"","purchaseBit":0,"licenseKey":""},{"campaignID":"9131","attribution":0,"priority":"8","appToPromote":{"appToPromoteID":"17532","usesDefaultFrameImage":"0","usesDefaultCloseImage":"0","marketURL":"https:\/\/play.google.com\/store\/apps\/details?id=com.dhgate.buyermob","packageID":"com.dhgate.buyermob"},"showTemplate":1,"s2s_tracking_url":"https:\/\/tha.gotrackier.com\/click?campaign_id=63254\\u0026pub_id=75?p1=2504_9131_5480&amp;source=6841&amp;app_name=PitStopCarMechanic&amp;gaid=5480","activeCreativeID":"4483","scenes":["27","1","2","3","4","5","6","7","8","9","10","11","12","13","14","15","21","24"],"campaignAdType":"Interstitial","productId":"","purchaseBit":0,"licenseKey":""},{"campaignID":"8380","attribution_link":"","attribution":1,"priority":"7","appToPromote":{"appToPromoteID":"16480","usesDefaultFrameImage":"0","usesDefaultCloseImage":"0","marketURL":"https:\/\/play.google.com\/store\/apps\/details?id=com.nag.home.manager.working.virtual.mom","packageID":"com.GSS317.AmazingFamily"},"showTemplate":1,"s2s_tracking_url":"","activeCreativeID":"3720","scenes":["27","1","2","3","4","5","6","7","8","9","10","11","12","13","14","15","21","24"],"campaignAdType":"Interstitial","productId":"","purchaseBit":0,"licenseKey":""},{"campaignID":"444","attribution":0,"priority":"6","appToPromote":{"appToPromoteID":"3355","usesDefaultFrameImage":"0","usesDefaultCloseImage":"0","marketURL":"https:\/\/play.google.com\/store\/apps\/details?id=com.popnsons.parkour.mouse","packageID":"com.popnsons.parkour.mouse"},"showTemplate":1,"s2s_tracking_url":"https:\/\/play.google.com\/store\/apps\/details?id=com.popnsons.parkour.mouse","activeCreativeID":"469","scenes":["27","1","2","3","4","5","6","7","8","9","10","11","12","13","14","15","21","24"],"campaignAdType":"Interstitial","productId":"","purchaseBit":0,"licenseKey":""},{"campaignID":"561","attribution":0,"priority":"6","appToPromote":{"appToPromoteID":"5026","usesDefaultFrameImage":"0","usesDefaultCloseImage":"0","marketURL":"https:\/\/play.google.com\/store\/apps\/details?id=com.as.cashupapp","packageID":"com.as.cashupapp"},"showTemplate":1,"s2s_tracking_url":"https:\/\/play.google.com\/store\/apps\/details?id=com.as.cashupapp","activeCreativeID":"652","scenes":["27","1","2","3","4","5","6","7","8","9","10","11","12","13","14","15","21","24"],"campaignAdType":"Interstitial","productId":"","purchaseBit":0,"licenseKey":""},{"campaignID":"570","attribution":0,"priority":"6","appToPromote":{"appToPromoteID":"3802","usesDefaultFrameImage":"0","usesDefaultCloseImage":"0","marketURL":"https:\/\/play.google.com\/store\/apps\/details?id=com.Madxstudios.Flickshootsoccer","packageID":"com.Madxstudios.Flickshootsoccer"},"showTemplate":1,"s2s_tracking_url":"https:\/\/play.google.com\/store\/apps\/details?id=com.Madxstudios.Flickshootsoccer","activeCreativeID":"661","scenes":["27","1","2","3","4","5","6","7","8","9","10","11","12","13","14","15","21","24"],"campaignAdType":"Interstitial","productId":"","purchaseBit":0,"licenseKey":""},{"campaignID":"588","attribution":0,"priority":"6","appToPromote":{"appToPromoteID":"5026","usesDefaultFrameImage":"0","usesDefaultCloseImage":"0","marketURL":"https:\/\/play.google.com\/store\/apps\/details?id=com.as.cashupapp","packageID":"com.as.cashupapp"},"showTemplate":1,"s2s_tracking_url":"https:\/\/play.google.com\/store\/apps\/details?id=com.as.cashupapp","activeCreativeID":"652","scenes":["27","1","2","3","4","5","6","7","8","9","10","11","12","13","14","15","21","24"],"campaignAdType":"Interstitial","productId":"","purchaseBit":0,"licenseKey":""},{"campaignID":"8808","attribution_link":"","attribution":1,"priority":"5","appToPromote":{"appToPromoteID":"16528","usesDefaultFrameImage":"0","usesDefaultCloseImage":"0","marketURL":"https:\/\/play.google.com\/store\/apps\/details?id=com.bag.farm.day.village.farming.games","packageID":"com.GSS317.com.bag.farm.day.village.farming.games"},"showTemplate":1,"s2s_tracking_url":"","activeCreativeID":"3775","scenes":["27","1","2","3","4","5","6","7","8","9","10","11","12","13","14","15","21","24"],"campaignAdType":"Interstitial","productId":"","purchaseBit":0,"licenseKey":""},{"campaignID":"8973","attribution":0,"priority":"5","appToPromote":{"appToPromoteID":"15974","usesDefaultFrameImage":"0","usesDefaultCloseImage":"0","marketURL":"https:\/\/play.google.com\/store\/apps\/details?id=com.mustardgames.bmx.cycle.stunt.mega.ramp.impossibletracks","packageID":"com.mustardgames.bmx.cycle.stunt.mega.ramp.impossibletracks"},"showTemplate":1,"s2s_tracking_url":"https:\/\/play.google.com\/store\/apps\/details?id=com.mustardgames.bmx.cycle.stunt.mega.ramp.impossibletracks","activeCreativeID":"4339","scenes":["27","1","2","3","4","5","6","7","8","9","10","11","12","13","14","15","21","24"],"campaignAdType":"Interstitial","productId":"","purchaseBit":0,"licenseKey":""},{"campaignID":"557","attribution":0,"priority":"4","appToPromote":{"appToPromoteID":"4959","usesDefaultFrameImage":"0","usesDefaultCloseImage":"0","marketURL":"https:\/\/play.google.com\/store\/apps\/details?id=com.jet.plane.surfers.joyride.dash","packageID":"com.jet.plane.surfers.joyride.dash"},"showTemplate":1,"s2s_tracking_url":"https:\/\/play.google.com\/store\/apps\/details?id=com.jet.plane.surfers.joyride.dash","activeCreativeID":"645","scenes":["27","1","2","3","4","5","6","7","8","9","10","11","12","13","14","15","21","24"],"campaignAdType":"Interstitial","productId":"","purchaseBit":0,"licenseKey":""},{"campaignID":"559","attribution":0,"priority":"3","appToPromote":{"appToPromoteID":"3476","usesDefaultFrameImage":"0","usesDefaultCloseImage":"0","marketURL":"https:\/\/play.google.com\/store\/apps\/details?id=com.perspectivegames.real.impossible.tracks.stunts","packageID":"com.perspectivegames.real.impossible.tracks.stunts"},"showTemplate":1,"s2s_tracking_url":"https:\/\/play.google.com\/store\/apps\/details?id=com.perspectivegames.real.impossible.tracks.stunts","activeCreativeID":"649","scenes":["27","1","2","3","4","5","6","7","8","9","10","11","12","13","14","15","21","24"],"campaignAdType":"Interstitial","productId":"","purchaseBit":0,"licenseKey":""},{"campaignID":"741","attribution":0,"priority":"3","appToPromote":{"appToPromoteID":"5609","usesDefaultFrameImage":"0","usesDefaultCloseImage":"0","marketURL":"https:\/\/play.google.com\/store\/apps\/details?id=com.kick.gyroscopic.city.train.driver.simulator","packageID":"com.kick.gyroscopic.city.train.driver.simulator"},"showTemplate":1,"s2s_tracking_url":"https:\/\/play.google.com\/store\/apps\/details?id=com.kick.gyroscopic.city.train.driver.simulator","activeCreativeID":"753","scenes":["27","1","2","3","4","5","6","7","8","9","10","11","12","13","14","15","21","24"],"campaignAdType":"Interstitial","productId":"","purchaseBit":0,"licenseKey":""},{"campaignID":"798","attribution":0,"priority":"3","appToPromote":{"appToPromoteID":"5770","usesDefaultFrameImage":"0","usesDefaultCloseImage":"0","marketURL":"https:\/\/play.google.com\/store\/apps\/details?id=com.simulatorgames3d.alohacelebrations","packageID":"com.simulatorgames3d.alohacelebrations"},"showTemplate":1,"s2s_tracking_url":"https:\/\/play.google.com\/store\/apps\/details?id=com.simulatorgames3d.alohacelebrations","activeCreativeID":"787","scenes":["27","1","2","3","4","5","6","7","8","9","10","11","12","13","14","15","21","24"],"campaignAdType":"Interstitial","productId":"","purchaseBit":0,"licenseKey":""},{"campaignID":"8762","attribution":0,"priority":"2","appToPromote":{"appToPromoteID":"13265","usesDefaultFrameImage":"0","usesDefaultCloseImage":"0","marketURL":"https:\/\/play.google.com\/store\/apps\/details?id=com.rhg.tricky.bike.stunt.moto.master","packageID":"com.rhg.tricky.bike.stunt.moto.master"},"showTemplate":1,"s2s_tracking_url":"https:\/\/play.google.com\/store\/apps\/details?id=com.rhg.tricky.bike.stunt.moto.master","activeCreativeID":"4121","scenes":["27","1","2","3","4","5","6","7","8","9","10","11","12","13","14","15","21","24"],"campaignAdType":"Rewarded Video","productId":"","purchaseBit":0,"licenseKey":""},{"campaignID":"9366","attribution":0,"priority":"2","appToPromote":{"appToPromoteID":"17602","usesDefaultFrameImage":"0","usesDefaultCloseImage":"0","marketURL":"https:\/\/play.google.com\/store\/apps\/details?id=com.abaenglish.videoclass&amp;referrer=utm_source=42matters.com&amp;utm_medium=api","packageID":"com.abaenglish.videoclass"},"showTemplate":1,"s2s_tracking_url":"https:\/\/play.google.com\/store\/apps\/details?id=com.abaenglish.videoclass&amp;referrer=utm_source=42matters.com&amp;utm_medium=api","activeCreativeID":"4815","scenes":["27","1","2","3","4","5","6","7","8","9","10","11","12","13","14","15","21","24"],"campaignAdType":"Interstitial","productId":"","purchaseBit":0,"licenseKey":""},{"campaignID":"9367","attribution":0,"priority":"2","appToPromote":{"appToPromoteID":"17602","usesDefaultFrameImage":"0","usesDefaultCloseImage":"0","marketURL":"https:\/\/play.google.com\/store\/apps\/details?id=com.abaenglish.videoclass&amp;referrer=utm_source=42matters.com&amp;utm_medium=api","packageID":"com.abaenglish.videoclass"},"showTemplate":1,"s2s_tracking_url":"https:\/\/play.google.com\/store\/apps\/details?id=com.abaenglish.videoclass&amp;referrer=utm_source=42matters.com&amp;utm_medium=api","activeCreativeID":"4815","scenes":["27","1","2","3","4","5","6","7","8","9","10","11","12","13","14","15","21","24"],"campaignAdType":"Interstitial","productId":"","purchaseBit":0,"licenseKey":""},{"campaignID":"9368","attribution":0,"priority":"2","appToPromote":{"appToPromoteID":"17602","usesDefaultFrameImage":"0","usesDefaultCloseImage":"0","marketURL":"https:\/\/play.google.com\/store\/apps\/details?id=com.abaenglish.videoclass&amp;referrer=utm_source=42matters.com&amp;utm_medium=api","packageID":"com.abaenglish.videoclass"},"showTemplate":1,"s2s_tracking_url":"https:\/\/play.google.com\/store\/apps\/details?id=com.abaenglish.videoclass&amp;referrer=utm_source=42matters.com&amp;utm_medium=api","activeCreativeID":"4815","scenes":["27","1","2","3","4","5","6","7","8","9","10","11","12","13","14","15","21","24"],"campaignAdType":"Interstitial","productId":"","purchaseBit":0,"licenseKey":""},{"campaignID":"9369","attribution":0,"priority":"2","appToPromote":{"appToPromoteID":"17602","usesDefaultFrameImage":"0","usesDefaultCloseImage":"0","marketURL":"https:\/\/play.google.com\/store\/apps\/details?id=com.abaenglish.videoclass&amp;referrer=utm_source=42matters.com&amp;utm_medium=api","packageID":"com.abaenglish.videoclass"},"showTemplate":1,"s2s_tracking_url":"https:\/\/play.google.com\/store\/apps\/details?id=com.abaenglish.videoclass&amp;referrer=utm_source=42matters.com&amp;utm_medium=api","activeCreativeID":"4815","scenes":["27","1","2","3","4","5","6","7","8","9","10","11","12","13","14","15","21","24"],"campaignAdType":"Interstitial","productId":"","purchaseBit":0,"licenseKey":""}],"refreshAdRate":0,"mode":"Production","aspectRatio":"4_3","cdnPath":"https:\/\/df8ymybeo92md.cloudfront.net\/images\/","sentry_log":0,"local_logging":0,"sentry_dsn":"https:\/\/93ffa1c9a4124f67b8888a53265f751a:bbf998e04584477fa9a145838e9d3b26@sentry.io\/168994","sentry_initialization":1,"sentry_debugging":0,"bannerSizes":["1"],"aspectRatioVideo":"16_9","app_id":"2504","showPreRewardedDialogue":0,"showPostRewardedDialogue":0,"rewardCurrency":"coins","rewardValue":0,"isSkipable":0,"privacyPolicyURL":"https:\/\/www.consoliads.com\/privacy-policy\/","sessionToken":"WOCr71bCHDBRVg9YWiFBDiXUJtC2JjCJW2lCTDZKq8uSOzCCK0cS\/yuOp1BXl8FdXVGUV4BaLIARNRdjyVAEGKKK9ux9wTt\/iSTDWS83Y0c2JqdGmGdEBYf4ponKS6fmkgfQtdnm93P2zElzRLhVETtNIU\/FpuLMeWjRjd3ZWWk="}
Session token value is set


{"appKey":"c9ff7b63c2c44f80f0a4aaef6737794f","deviceID":"268","stats":[{"campaignID":207,"packageID":"com.gss.army.commando.survivalisland","sceneStats":[{"sceneID":"1","eventStats":"303,203,103,3,3,0,0"}]}],"sdkVersion":"39","sessionToken":"WOCr71bCHDBRVg9YWiFBDiXUJtC2JjCJW2lCTDZKq8uSOzCCK0cS\/yuOp1BXl8FdXVGUV4BaLIARNRdjyVAEGKKK9ux9wTt\/iSTDWS83Y0c2JqdGmGdEBYf4ponKS6fmkgfQtdnm93P2zElzRLhVETtNIU\/FpuLMeWjRjd3ZWWk="}
cache_ttl value is correct

Refresh Ad Rate value is correct
mode value is set

 Aspect ratio value is correct
sentry_log value is set
local_logging value is set
sentry_initialization value is set
sentry_debugging value is set
showPreRewardedDialogue value is set
showPostRewardedDialogue value is set
isSkipable value is set
{"cache_ttl":10080,"cache_ttl_rewarded":10080,"cache_ttl_banner":10080,"cache_ttl_native":10080,"cache_ttl_icon":10080,"campaigns":[{"campaignID":"8378","attribution":0,"priority":"8","appToPromote":{"appToPromoteID":"16480","usesDefaultFrameImage":"0","usesDefaultCloseImage":"0","marketURL":"https:\/\/play.google.com\/store\/apps\/details?id=com.nag.home.manager.working.virtual.mom","packageID":"com.GSS317.AmazingFamily"},"showTemplate":1,"s2s_tracking_url":"https:\/\/play.google.com\/store\/apps\/details?id=com.nag.home.manager.working.virtual.mom","activeCreativeID":"3720","scenes":["12","1","8","6","15","2"],"campaignAdType":"Interstitial","productId":"","purchaseBit":0,"licenseKey":""},{"campaignID":"9547","attribution":0,"priority":"8","appToPromote":{"appToPromoteID":"11879","usesDefaultFrameImage":"0","usesDefaultCloseImage":"0","marketURL":"https:\/\/play.google.com\/store\/apps\/details?id=com.buntoo.car.racing.games","packageID":"com.buntoo.car.racing.games"},"showTemplate":1,"s2s_tracking_url":"https:\/\/play.google.com\/store\/apps\/details?id=com.buntoo.car.racing.games","activeCreativeID":"4964","scenes":["12","1","8","6","15","2"],"campaignAdType":"Interstitial","productId":"","purchaseBit":0,"licenseKey":""},{"campaignID":"9586","attribution":0,"priority":"8","appToPromote":{"appToPromoteID":"515","usesDefaultFrameImage":"1","usesDefaultCloseImage":"1","marketURL":"https:\/\/play.google.com\/store\/apps\/details?id=com.plum.cash.counter.simualtor","packageID":"com.plum.cash.counter.simualtor"},"showTemplate":1,"s2s_tracking_url":"https:\/\/play.google.com\/store\/apps\/details?id=com.plum.cash.counter.simualtor","activeCreativeID":"50","scenes":["12","1","8","6","15","2"],"campaignAdType":"Interstitial","productId":"","purchaseBit":0,"licenseKey":""},{"campaignID":"9587","attribution":0,"priority":"8","appToPromote":{"appToPromoteID":"515","usesDefaultFrameImage":"1","usesDefaultCloseImage":"1","marketURL":"https:\/\/play.google.com\/store\/apps\/details?id=com.plum.cash.counter.simualtor","packageID":"com.plum.cash.counter.simualtor"},"showTemplate":1,"s2s_tracking_url":"https:\/\/play.google.com\/store\/apps\/details?id=com.plum.cash.counter.simualtor","activeCreativeID":"50","scenes":["12","1","8","6","15","2"],"campaignAdType":"Interstitial","productId":"","purchaseBit":0,"licenseKey":""},{"campaignID":"9588","attribution":0,"priority":"8","appToPromote":{"appToPromoteID":"515","usesDefaultFrameImage":"1","usesDefaultCloseImage":"1","marketURL":"https:\/\/play.google.com\/store\/apps\/details?id=com.plum.cash.counter.simualtor","packageID":"com.plum.cash.counter.simualtor"},"showTemplate":1,"s2s_tracking_url":"https:\/\/play.google.com\/store\/apps\/details?id=com.plum.cash.counter.simualtor","activeCreativeID":"50","scenes":["12","1","8","6","15","2"],"campaignAdType":"Interstitial","productId":"","purchaseBit":0,"licenseKey":""},{"campaignID":"9589","attribution":0,"priority":"8","appToPromote":{"appToPromoteID":"515","usesDefaultFrameImage":"1","usesDefaultCloseImage":"1","marketURL":"https:\/\/play.google.com\/store\/apps\/details?id=com.plum.cash.counter.simualtor","packageID":"com.plum.cash.counter.simualtor"},"showTemplate":1,"s2s_tracking_url":"https:\/\/play.google.com\/store\/apps\/details?id=com.plum.cash.counter.simualtor","activeCreativeID":"50","scenes":["12","1","8","6","15","2"],"campaignAdType":"Interstitial","productId":"","purchaseBit":0,"licenseKey":""},{"campaignID":"9131","attribution":0,"priority":"8","appToPromote":{"appToPromoteID":"17532","usesDefaultFrameImage":"0","usesDefaultCloseImage":"0","marketURL":"https:\/\/play.google.com\/store\/apps\/details?id=com.dhgate.buyermob","packageID":"com.dhgate.buyermob"},"showTemplate":1,"s2s_tracking_url":"https:\/\/tha.gotrackier.com\/click?campaign_id=63254\\u0026pub_id=75?p1=2450_9131_268&amp;source=6841&amp;app_name=ArmyCommandoSurvivalIsland&amp;gaid=268","activeCreativeID":"4483","scenes":["12","1","8","6","15","2"],"campaignAdType":"Interstitial","productId":"","purchaseBit":0,"licenseKey":""},{"campaignID":"8380","attribution_link":"","attribution":1,"priority":"7","appToPromote":{"appToPromoteID":"16480","usesDefaultFrameImage":"0","usesDefaultCloseImage":"0","marketURL":"https:\/\/play.google.com\/store\/apps\/details?id=com.nag.home.manager.working.virtual.mom","packageID":"com.GSS317.AmazingFamily"},"showTemplate":1,"s2s_tracking_url":"","activeCreativeID":"3720","scenes":["12","1","8","6","15","2"],"campaignAdType":"Interstitial","productId":"","purchaseBit":0,"licenseKey":""},{"campaignID":"444","attribution":0,"priority":"6","appToPromote":{"appToPromoteID":"3355","usesDefaultFrameImage":"0","usesDefaultCloseImage":"0","marketURL":"https:\/\/play.google.com\/store\/apps\/details?id=com.popnsons.parkour.mouse","packageID":"com.popnsons.parkour.mouse"},"showTemplate":1,"s2s_tracking_url":"https:\/\/play.google.com\/store\/apps\/details?id=com.popnsons.parkour.mouse","activeCreativeID":"469","scenes":["12","1","8","6","15","2"],"campaignAdType":"Interstitial","productId":"","purchaseBit":0,"licenseKey":""},{"campaignID":"561","attribution":0,"priority":"6","appToPromote":{"appToPromoteID":"5026","usesDefaultFrameImage":"0","usesDefaultCloseImage":"0","marketURL":"https:\/\/play.google.com\/store\/apps\/details?id=com.as.cashupapp","packageID":"com.as.cashupapp"},"showTemplate":1,"s2s_tracking_url":"https:\/\/play.google.com\/store\/apps\/details?id=com.as.cashupapp","activeCreativeID":"652","scenes":["12","1","8","6","15","2"],"campaignAdType":"Interstitial","productId":"","purchaseBit":0,"licenseKey":""},{"campaignID":"570","attribution":0,"priority":"6","appToPromote":{"appToPromoteID":"3802","usesDefaultFrameImage":"0","usesDefaultCloseImage":"0","marketURL":"https:\/\/play.google.com\/store\/apps\/details?id=com.Madxstudios.Flickshootsoccer","packageID":"com.Madxstudios.Flickshootsoccer"},"showTemplate":1,"s2s_tracking_url":"https:\/\/play.google.com\/store\/apps\/details?id=com.Madxstudios.Flickshootsoccer","activeCreativeID":"661","scenes":["12","1","8","6","15","2"],"campaignAdType":"Interstitial","productId":"","purchaseBit":0,"licenseKey":""},{"campaignID":"588","attribution":0,"priority":"6","appToPromote":{"appToPromoteID":"5026","usesDefaultFrameImage":"0","usesDefaultCloseImage":"0","marketURL":"https:\/\/play.google.com\/store\/apps\/details?id=com.as.cashupapp","packageID":"com.as.cashupapp"},"showTemplate":1,"s2s_tracking_url":"https:\/\/play.google.com\/store\/apps\/details?id=com.as.cashupapp","activeCreativeID":"652","scenes":["12","1","8","6","15","2"],"campaignAdType":"Interstitial","productId":"","purchaseBit":0,"licenseKey":""},{"campaignID":"8808","attribution_link":"","attribution":1,"priority":"5","appToPromote":{"appToPromoteID":"16528","usesDefaultFrameImage":"0","usesDefaultCloseImage":"0","marketURL":"https:\/\/play.google.com\/store\/apps\/details?id=com.bag.farm.day.village.farming.games","packageID":"com.GSS317.com.bag.farm.day.village.farming.games"},"showTemplate":1,"s2s_tracking_url":"","activeCreativeID":"3775","scenes":["12","1","8","6","15","2"],"campaignAdType":"Interstitial","productId":"","purchaseBit":0,"licenseKey":""},{"campaignID":"8876","attribution":0,"priority":"5","appToPromote":{"appToPromoteID":"15640","usesDefaultFrameImage":"0","usesDefaultCloseImage":"0","marketURL":"https:\/\/play.google.com\/store\/apps\/details?id=com.pgz.police.bike.stunt.ramp.bike.racing.games","packageID":"com.pgz.police.bike.stunt.ramp.bike.racing.games"},"showTemplate":1,"s2s_tracking_url":"https:\/\/play.google.com\/store\/apps\/details?id=com.pgz.police.bike.stunt.ramp.bike.racing.games","activeCreativeID":"4236","scenes":["12","1","8","6","15","2"],"campaignAdType":"Interstitial","productId":"","purchaseBit":0,"licenseKey":""},{"campaignID":"8972","attribution":0,"priority":"5","appToPromote":{"appToPromoteID":"15974","usesDefaultFrameImage":"0","usesDefaultCloseImage":"0","marketURL":"https:\/\/play.google.com\/store\/apps\/details?id=com.mustardgames.bmx.cycle.stunt.mega.ramp.impossibletracks","packageID":"com.mustardgames.bmx.cycle.stunt.mega.ramp.impossibletracks"},"showTemplate":1,"s2s_tracking_url":"https:\/\/play.google.com\/store\/apps\/details?id=com.mustardgames.bmx.cycle.stunt.mega.ramp.impossibletracks","activeCreativeID":"4339","scenes":["12","1","8","6","15","2"],"campaignAdType":"Interstitial","productId":"","purchaseBit":0,"licenseKey":""},{"campaignID":"8973","attribution":0,"priority":"5","appToPromote":{"appToPromoteID":"15974","usesDefaultFrameImage":"0","usesDefaultCloseImage":"0","marketURL":"https:\/\/play.google.com\/store\/apps\/details?id=com.mustardgames.bmx.cycle.stunt.mega.ramp.impossibletracks","packageID":"com.mustardgames.bmx.cycle.stunt.mega.ramp.impossibletracks"},"showTemplate":1,"s2s_tracking_url":"https:\/\/play.google.com\/store\/apps\/details?id=com.mustardgames.bmx.cycle.stunt.mega.ramp.impossibletracks","activeCreativeID":"4339","scenes":["12","1","8","6","15","2"],"campaignAdType":"Interstitial","productId":"","purchaseBit":0,"licenseKey":""},{"campaignID":"8974","attribution":0,"priority":"5","appToPromote":{"appToPromoteID":"15974","usesDefaultFrameImage":"0","usesDefaultCloseImage":"0","marketURL":"https:\/\/play.google.com\/store\/apps\/details?id=com.mustardgames.bmx.cycle.stunt.mega.ramp.impossibletracks","packageID":"com.mustardgames.bmx.cycle.stunt.mega.ramp.impossibletracks"},"showTemplate":1,"s2s_tracking_url":"https:\/\/play.google.com\/store\/apps\/details?id=com.mustardgames.bmx.cycle.stunt.mega.ramp.impossibletracks","activeCreativeID":"3564","scenes":["12","1","8","6","15","2"],"campaignAdType":"Video","productId":"","purchaseBit":0,"licenseKey":""},{"campaignID":"557","attribution":0,"priority":"4","appToPromote":{"appToPromoteID":"4959","usesDefaultFrameImage":"0","usesDefaultCloseImage":"0","marketURL":"https:\/\/play.google.com\/store\/apps\/details?id=com.jet.plane.surfers.joyride.dash","packageID":"com.jet.plane.surfers.joyride.dash"},"showTemplate":1,"s2s_tracking_url":"https:\/\/play.google.com\/store\/apps\/details?id=com.jet.plane.surfers.joyride.dash","activeCreativeID":"645","scenes":["12","1","8","6","15","2"],"campaignAdType":"Interstitial","productId":"","purchaseBit":0,"licenseKey":""},{"campaignID":"8747","attribution":0,"priority":"3","appToPromote":{"appToPromoteID":"16244","usesDefaultFrameImage":"0","usesDefaultCloseImage":"0","marketURL":"https:\/\/play.google.com\/store\/apps\/details?id=com.mustardgames.formula.car.racing.ramp.car.stunt.impossible.tracks","packageID":"com.mustardgames.formula.car.racing.ramp.car.stunt.impossible.tracks"},"showTemplate":1,"s2s_tracking_url":"https:\/\/play.google.com\/store\/apps\/details?id=com.mustardgames.formula.car.racing.ramp.car.stunt.impossible.tracks","activeCreativeID":"3993","scenes":["12","1","8","6","15","2"],"campaignAdType":"Video","productId":"","purchaseBit":0,"licenseKey":""},{"campaignID":"414","attribution":0,"priority":"3","appToPromote":{"appToPromoteID":"3023","usesDefaultFrameImage":"0","usesDefaultCloseImage":"0","marketURL":"https:\/\/play.google.com\/store\/apps\/details?id=com.appricot2d.rolo.pet.parrot","packageID":"com.appricot2d.rolo.pet.parrot"},"showTemplate":1,"s2s_tracking_url":"https:\/\/play.google.com\/store\/apps\/details?id=com.appricot2d.rolo.pet.parrot","activeCreativeID":"385","scenes":["12","1","8","6","15","2"],"campaignAdType":"Interstitial","productId":"","purchaseBit":0,"licenseKey":""},{"campaignID":"559","attribution":0,"priority":"3","appToPromote":{"appToPromoteID":"3476","usesDefaultFrameImage":"0","usesDefaultCloseImage":"0","marketURL":"https:\/\/play.google.com\/store\/apps\/details?id=com.perspectivegames.real.impossible.tracks.stunts","packageID":"com.perspectivegames.real.impossible.tracks.stunts"},"showTemplate":1,"s2s_tracking_url":"https:\/\/play.google.com\/store\/apps\/details?id=com.perspectivegames.real.impossible.tracks.stunts","activeCreativeID":"649","scenes":["12","1","8","6","15","2"],"campaignAdType":"Interstitial","productId":"","purchaseBit":0,"licenseKey":""},{"campaignID":"741","attribution":0,"priority":"3","appToPromote":{"appToPromoteID":"5609","usesDefaultFrameImage":"0","usesDefaultCloseImage":"0","marketURL":"https:\/\/play.google.com\/store\/apps\/details?id=com.kick.gyroscopic.city.train.driver.simulator","packageID":"com.kick.gyroscopic.city.train.driver.simulator"},"showTemplate":1,"s2s_tracking_url":"https:\/\/play.google.com\/store\/apps\/details?id=com.kick.gyroscopic.city.train.driver.simulator","activeCreativeID":"753","scenes":["12","1","8","6","15","2"],"campaignAdType":"Interstitial","productId":"","purchaseBit":0,"licenseKey":""},{"campaignID":"798","attribution":0,"priority":"3","appToPromote":{"appToPromoteID":"5770","usesDefaultFrameImage":"0","usesDefaultCloseImage":"0","marketURL":"https:\/\/play.google.com\/store\/apps\/details?id=com.simulatorgames3d.alohacelebrations","packageID":"com.simulatorgames3d.alohacelebrations"},"showTemplate":1,"s2s_tracking_url":"https:\/\/play.google.com\/store\/apps\/details?id=com.simulatorgames3d.alohacelebrations","activeCreativeID":"787","scenes":["12","1","8","6","15","2"],"campaignAdType":"Interstitial","productId":"","purchaseBit":0,"licenseKey":""},{"campaignID":"1483","attribution":0,"priority":"3","appToPromote":{"appToPromoteID":"1714","usesDefaultFrameImage":"1","usesDefaultCloseImage":"1","marketURL":"https:\/\/play.google.com\/store\/apps\/details?id=com.playink.cookie.maker","packageID":"com.playink.cookie.maker"},"showTemplate":1,"s2s_tracking_url":"https:\/\/play.google.com\/store\/apps\/details?id=com.playink.cookie.maker","activeCreativeID":"1020","scenes":["12","1","8","6","15","2"],"campaignAdType":"Interstitial","productId":"","purchaseBit":0,"licenseKey":""},{"campaignID":"8762","attribution":0,"priority":"2","appToPromote":{"appToPromoteID":"13265","usesDefaultFrameImage":"0","usesDefaultCloseImage":"0","marketURL":"https:\/\/play.google.com\/store\/apps\/details?id=com.rhg.tricky.bike.stunt.moto.master","packageID":"com.rhg.tricky.bike.stunt.moto.master"},"showTemplate":1,"s2s_tracking_url":"https:\/\/play.google.com\/store\/apps\/details?id=com.rhg.tricky.bike.stunt.moto.master","activeCreativeID":"4121","scenes":["12","1","8","6","15","2"],"campaignAdType":"Rewarded Video","productId":"","purchaseBit":0,"licenseKey":""},{"campaignID":"8971","attribution":0,"priority":"2","appToPromote":{"appToPromoteID":"15640","usesDefaultFrameImage":"0","usesDefaultCloseImage":"0","marketURL":"https:\/\/play.google.com\/store\/apps\/details?id=com.pgz.police.bike.stunt.ramp.bike.racing.games","packageID":"com.pgz.police.bike.stunt.ramp.bike.racing.games"},"showTemplate":1,"s2s_tracking_url":"https:\/\/play.google.com\/store\/apps\/details?id=com.pgz.police.bike.stunt.ramp.bike.racing.games","activeCreativeID":"4236","scenes":["12","1","8","6","15","2"],"campaignAdType":"Interstitial","productId":"","purchaseBit":0,"licenseKey":""},{"campaignID":"9366","attribution":0,"priority":"2","appToPromote":{"appToPromoteID":"17602","usesDefaultFrameImage":"0","usesDefaultCloseImage":"0","marketURL":"https:\/\/play.google.com\/store\/apps\/details?id=com.abaenglish.videoclass&amp;referrer=utm_source=42matters.com&amp;utm_medium=api","packageID":"com.abaenglish.videoclass"},"showTemplate":1,"s2s_tracking_url":"https:\/\/play.google.com\/store\/apps\/details?id=com.abaenglish.videoclass&amp;referrer=utm_source=42matters.com&amp;utm_medium=api","activeCreativeID":"4815","scenes":["12","1","8","6","15","2"],"campaignAdType":"Interstitial","productId":"","purchaseBit":0,"licenseKey":""},{"campaignID":"9367","attribution":0,"priority":"2","appToPromote":{"appToPromoteID":"17602","usesDefaultFrameImage":"0","usesDefaultCloseImage":"0","marketURL":"https:\/\/play.google.com\/store\/apps\/details?id=com.abaenglish.videoclass&amp;referrer=utm_source=42matters.com&amp;utm_medium=api","packageID":"com.abaenglish.videoclass"},"showTemplate":1,"s2s_tracking_url":"https:\/\/play.google.com\/store\/apps\/details?id=com.abaenglish.videoclass&amp;referrer=utm_source=42matters.com&amp;utm_medium=api","activeCreativeID":"4815","scenes":["12","1","8","6","15","2"],"campaignAdType":"Interstitial","productId":"","purchaseBit":0,"licenseKey":""},{"campaignID":"9368","attribution":0,"priority":"2","appToPromote":{"appToPromoteID":"17602","usesDefaultFrameImage":"0","usesDefaultCloseImage":"0","marketURL":"https:\/\/play.google.com\/store\/apps\/details?id=com.abaenglish.videoclass&amp;referrer=utm_source=42matters.com&amp;utm_medium=api","packageID":"com.abaenglish.videoclass"},"showTemplate":1,"s2s_tracking_url":"https:\/\/play.google.com\/store\/apps\/details?id=com.abaenglish.videoclass&amp;referrer=utm_source=42matters.com&amp;utm_medium=api","activeCreativeID":"4815","scenes":["12","1","8","6","15","2"],"campaignAdType":"Interstitial","productId":"","purchaseBit":0,"licenseKey":""},{"campaignID":"9369","attribution":0,"priority":"2","appToPromote":{"appToPromoteID":"17602","usesDefaultFrameImage":"0","usesDefaultCloseImage":"0","marketURL":"https:\/\/play.google.com\/store\/apps\/details?id=com.abaenglish.videoclass&amp;referrer=utm_source=42matters.com&amp;utm_medium=api","packageID":"com.abaenglish.videoclass"},"showTemplate":1,"s2s_tracking_url":"https:\/\/play.google.com\/store\/apps\/details?id=com.abaenglish.videoclass&amp;referrer=utm_source=42matters.com&amp;utm_medium=api","activeCreativeID":"4815","scenes":["12","1","8","6","15","2"],"campaignAdType":"Interstitial","productId":"","purchaseBit":0,"licenseKey":""}],"refreshAdRate":30,"mode":"Production","aspectRatio":"4_3","cdnPath":"https:\/\/df8ymybeo92md.cloudfront.net\/images\/","sentry_log":0,"local_logging":0,"sentry_dsn":"https:\/\/93ffa1c9a4124f67b8888a53265f751a:bbf998e04584477fa9a145838e9d3b26@sentry.io\/168994","sentry_initialization":1,"sentry_debugging":0,"bannerSizes":["5"],"aspectRatioVideo":"16_9","app_id":"2450","showPreRewardedDialogue":0,"showPostRewardedDialogue":0,"rewardCurrency":"coins","rewardValue":0,"isSkipable":0,"privacyPolicyURL":"https:\/\/www.consoliads.com\/privacy-policy\/","sessionToken":"zqqsxAwhMjQSahedZEFtZITqvhNUqvj667Gc9AzyyV8hmU4HOhz4jK3BwXHGVgXebYz3NPyEJLTc4+hkSzjtCAhSJDT6x6RCjW\/kTIS3C1dgNQ7RTG3r729RlSCMlzpV7QywRE9vH5tkf5H0dUP8zB6dpW7obhHwuE2VOvw0\/YA="}
Session token value is set


{"appKey":"9bfb78f6a7b11d99e8e05f5d9ad5562d","deviceID":"9232","stats":[{"campaignID":211,"packageID":"com.whitesand.pit.stop.car.mechanic","sceneStats":[{"sceneID":"24","eventStats":"392,292,192,92,92,0,0"}]}],"sdkVersion":"2286","sessionToken":"zqqsxAwhMjQSahedZEFtZITqvhNUqvj667Gc9AzyyV8hmU4HOhz4jK3BwXHGVgXebYz3NPyEJLTc4+hkSzjtCAhSJDT6x6RCjW\/kTIS3C1dgNQ7RTG3r729RlSCMlzpV7QywRE9vH5tkf5H0dUP8zB6dpW7obhHwuE2VOvw0\/YA="}
cache_ttl value is correct

Title value is correct

Title value is correct

Title value is correct

Title value is correct

Title value is correct

Title value is correct

Refresh Ad Rate value is correct
mode value is set

 Aspect ratio value is correct
sentry_log value is set
local_logging value is set
sentry_initialization value is set
sentry_debugging value is set
showPreRewardedDialogue value is set
showPostRewardedDialogue value is set
isSkipable value is set
{"cache_ttl":10080,"cache_ttl_rewarded":10080,"cache_ttl_banner":10080,"cache_ttl_native":10080,"cache_ttl_icon":10080,"campaigns":[{"campaignID":"9017","attribution":0,"priority":"5","appToPromote":{"appToPromoteID":"12567","usesDefaultFrameImage":"0","usesDefaultCloseImage":"0","marketURL":"https:\/\/play.google.com\/store\/apps\/details?id=com.deg.desert.car.destruction.derby.crash.stunts.racing","packageID":"com.deg.desert.car.destruction.derby.crash.stunts.racing"},"showTemplate":1,"s2s_tracking_url":"https:\/\/play.google.com\/store\/apps\/details?id=com.deg.desert.car.destruction.derby.crash.stunts.racing","activeCreativeID":"4381","scenes":["27","1","2","3","4","5","6","7","8","9","10","11","12","13","14","15","21","24"],"campaignAdType":"Icon","productId":"","purchaseBit":0,"licenseKey":""},{"campaignID":"9376","attribution":2,"priority":"5","appToPromote":{"appToPromoteID":"13421","usesDefaultFrameImage":"0","usesDefaultCloseImage":"0","marketURL":"http:\/\/www.google.com","packageID":"com.appricot2d.testt"},"showTemplate":1,"s2s_tracking_url":"http:\/\/www.google.com","activeCreativeID":"4680","scenes":["27","1","2","3","4","5","6","7","8","9","10","11","12","13","14","15","21","24"],"campaignAdType":"Interstitial","productId":"","purchaseBit":0,"licenseKey":""},{"campaignID":"9385","attribution":0,"priority":"5","appToPromote":{"appToPromoteID":"9497","usesDefaultFrameImage":"0","usesDefaultCloseImage":"0","marketURL":"https:\/\/play.google.com\/store\/apps\/details?id=com.appricot2d.barber.shop.hair.salon.hair.cutting.games","packageID":"com.appricot2d.barber.shop.hair.salon.hair.cutting.games"},"showTemplate":1,"s2s_tracking_url":"https:\/\/play.google.com\/store\/apps\/details?id=com.appricot2d.barber.shop.hair.salon.hair.cutting.games","activeCreativeID":"4572","scenes":["27","1","2","3","4","5","6","7","8","9","10","11","12","13","14","15","21","24"],"campaignAdType":"Interstitial","productId":"","purchaseBit":0,"licenseKey":""},{"campaignID":"7297","attribution":0,"priority":"5","appToPromote":{"appToPromoteID":"11734","usesDefaultFrameImage":"0","usesDefaultCloseImage":"0","marketURL":"https:\/\/play.google.com\/store\/apps\/details?id=com.appricot2d.cooking.restaurent.food.chef.kitchen.game","packageID":"com.appricot2d.cooking.restaurent.food.chef.kitchen.game"},"showTemplate":1,"s2s_tracking_url":"https:\/\/play.google.com\/store\/apps\/details?id=com.appricot2d.cooking.restaurent.food.chef.kitchen.game","activeCreativeID":"2436","scenes":["27","1","2","3","4","5","6","7","8","9","10","11","12","13","14","15","21","24"],"campaignAdType":"Interstitial","productId":"","purchaseBit":0,"licenseKey":""},{"campaignID":"7298","attribution":0,"priority":"5","appToPromote":{"appToPromoteID":"11734","usesDefaultFrameImage":"0","usesDefaultCloseImage":"0","marketURL":"https:\/\/play.google.com\/store\/apps\/details?id=com.appricot2d.cooking.restaurent.food.chef.kitchen.game","packageID":"com.appricot2d.cooking.restaurent.food.chef.kitchen.game"},"showTemplate":1,"s2s_tracking_url":"https:\/\/play.google.com\/store\/apps\/details?id=com.appricot2d.cooking.restaurent.food.chef.kitchen.game","activeCreativeID":"2437","scenes":["27","1","2","3","4","5","6","7","8","9","10","11","12","13","14","15","21","24"],"campaignAdType":"Icon","productId":"","purchaseBit":0,"licenseKey":""},{"campaignID":"8691","attribution":0,"priority":"5","appToPromote":{"appToPromoteID":"16801","usesDefaultFrameImage":"0","usesDefaultCloseImage":"0","marketURL":"https:\/\/play.google.com\/store\/apps\/details?id=com.yhi.robot.flying.bike.taxi.simulator.games","packageID":"com.yhi.robot.flying.bike.taxi.simulator.games"},"showTemplate":1,"s2s_tracking_url":"https:\/\/play.google.com\/store\/apps\/details?id=com.yhi.robot.flying.bike.taxi.simulator.games","activeCreativeID":"4051","scenes":["1"],"campaignAdType":"Icon","productId":"","purchaseBit":0,"licenseKey":""},{"campaignID":"8378","attribution":0,"priority":"8","appToPromote":{"appToPromoteID":"16480","usesDefaultFrameImage":"0","usesDefaultCloseImage":"0","marketURL":"https:\/\/play.google.com\/store\/apps\/details?id=com.nag.home.manager.working.virtual.mom","packageID":"com.GSS317.AmazingFamily"},"showTemplate":1,"s2s_tracking_url":"https:\/\/play.google.com\/store\/apps\/details?id=com.nag.home.manager.working.virtual.mom","activeCreativeID":"3720","scenes":["27","1","2","3","4","5","6","7","8","9","10","11","12","13","14","15","21","24"],"campaignAdType":"Interstitial","productId":"","purchaseBit":0,"licenseKey":""},{"campaignID":"9252","attribution":0,"priority":"8","appToPromote":{"appToPromoteID":"12315","usesDefaultFrameImage":"0","usesDefaultCloseImage":"0","marketURL":"google.com","packageID":"com.qabrand.plnative"},"showTemplate":1,"s2s_tracking_url":"google.com","activeCreativeID":"4683","scenes":["27","1","2","3","4","5","6","7","8","9","10","11","12","13","14","15","21","24"],"campaignAdType":"Native","title":"Native first","subTitle":"First ","description":"New description","adClickThroughText":"FIRST Button","productId":"","purchaseBit":0,"licenseKey":""},{"campaignID":"9253","attribution":0,"priority":"8","appToPromote":{"appToPromoteID":"12315","usesDefaultFrameImage":"0","usesDefaultCloseImage":"0","marketURL":"google.com","packageID":"com.qabrand.plnative"},"showTemplate":1,"s2s_tracking_url":"google.com","activeCreativeID":"4683","scenes":["27","1","2","3","4","5","6","7","8","9","10","11","12","13","14","15","21","24"],"campaignAdType":"Native","title":"Native first","subTitle":"First ","description":"New description","adClickThroughText":"FIRST Button","productId":"","purchaseBit":0,"licenseKey":""},{"campaignID":"9255","attribution":0,"priority":"8","appToPromote":{"appToPromoteID":"13274","usesDefaultFrameImage":"0","usesDefaultCloseImage":"0","marketURL":"https:\/\/play.google.com\/store\/apps\/details?id=com.facebook.katana","packageID":"com.salon.adsalon"},"showTemplate":1,"s2s_tracking_url":"https:\/\/play.google.com\/store\/apps\/details?id=com.facebook.katana","activeCreativeID":"4685","scenes":["27","1","2","3","4","5","6","7","8","9","10","11","12","13","14","15","21","24"],"campaignAdType":"Native","title":"native NA ","subTitle":"native NA ","description":"native NA added","adClickThroughText":"native NA ","productId":"","purchaseBit":0,"licenseKey":""},{"campaignID":"9257","attribution":0,"priority":"8","appToPromote":{"appToPromoteID":"12286","usesDefaultFrameImage":"0","usesDefaultCloseImage":"0","marketURL":"google.com","packageID":"com.qabrand.Chartboost_Native"},"showTemplate":1,"s2s_tracking_url":"google.com","activeCreativeID":"4688","scenes":["27","1","2","3","4","5","6","7","8","9","10","11","12","13","14","15","21","24"],"campaignAdType":"Native","title":"Native second updated","subTitle":"Native second ","description":"Native second details","adClickThroughText":"Native second ","productId":"","purchaseBit":0,"licenseKey":""},{"campaignID":"9263","attribution":0,"priority":"8","appToPromote":{"appToPromoteID":"12315","usesDefaultFrameImage":"0","usesDefaultCloseImage":"0","marketURL":"google.com","packageID":"com.qabrand.plnative"},"showTemplate":1,"s2s_tracking_url":"google.com","activeCreativeID":"4694","scenes":["27","1","2","3","4","5","6","7","8","9","10","11","12","13","14","15","21","24"],"campaignAdType":"Native","title":"test","subTitle":"test","description":" test details update","adClickThroughText":"test","productId":"","purchaseBit":0,"licenseKey":""},{"campaignID":"9547","attribution":0,"priority":"8","appToPromote":{"appToPromoteID":"11879","usesDefaultFrameImage":"0","usesDefaultCloseImage":"0","marketURL":"https:\/\/play.google.com\/store\/apps\/details?id=com.buntoo.car.racing.games","packageID":"com.buntoo.car.racing.games"},"showTemplate":1,"s2s_tracking_url":"https:\/\/play.google.com\/store\/apps\/details?id=com.buntoo.car.racing.games","activeCreativeID":"4964","scenes":["27","1","2","3","4","5","6","7","8","9","10","11","12","13","14","15","21","24"],"campaignAdType":"Interstitial","productId":"","purchaseBit":0,"licenseKey":""},{"campaignID":"9127","attribution":0,"priority":"8","appToPromote":{"appToPromoteID":"17528","usesDefaultFrameImage":"0","usesDefaultCloseImage":"0","marketURL":"https:\/\/play.google.com\/store\/apps\/details?id=net.one97.paytm","packageID":"net.one97.paytm"},"showTemplate":1,"s2s_tracking_url":"https:\/\/tha.gotrackier.com\/click?campaign_id=63249\\u0026pub_id=75?p1=2504_9127_9232&amp;source=6841&amp;app_name=PitStopCarMechanic&amp;gaid=9232","activeCreativeID":"4788","scenes":["27","1","2","3","4","5","6","7","8","9","10","11","12","13","14","15","21","24"],"campaignAdType":"Native","title":"BCA","subTitle":"FW","description":"nope","adClickThroughText":"Link","productId":"","purchaseBit":0,"licenseKey":""},{"campaignID":"9131","attribution":0,"priority":"8","appToPromote":{"appToPromoteID":"17532","usesDefaultFrameImage":"0","usesDefaultCloseImage":"0","marketURL":"https:\/\/play.google.com\/store\/apps\/details?id=com.dhgate.buyermob","packageID":"com.dhgate.buyermob"},"showTemplate":1,"s2s_tracking_url":"https:\/\/tha.gotrackier.com\/click?campaign_id=63254\\u0026pub_id=75?p1=2504_9131_9232&amp;source=6841&amp;app_name=PitStopCarMechanic&amp;gaid=9232","activeCreativeID":"4483","scenes":["27","1","2","3","4","5","6","7","8","9","10","11","12","13","14","15","21","24"],"campaignAdType":"Interstitial","productId":"","purchaseBit":0,"licenseKey":""},{"campaignID":"8380","attribution_link":"","attribution":1,"priority":"7","appToPromote":{"appToPromoteID":"16480","usesDefaultFrameImage":"0","usesDefaultCloseImage":"0","marketURL":"https:\/\/play.google.com\/store\/apps\/details?id=com.nag.home.manager.working.virtual.mom","packageID":"com.GSS317.AmazingFamily"},"showTemplate":1,"s2s_tracking_url":"","activeCreativeID":"3720","scenes":["27","1","2","3","4","5","6","7","8","9","10","11","12","13","14","15","21","24"],"campaignAdType":"Interstitial","productId":"","purchaseBit":0,"licenseKey":""},{"campaignID":"444","attribution":0,"priority":"6","appToPromote":{"appToPromoteID":"3355","usesDefaultFrameImage":"0","usesDefaultCloseImage":"0","marketURL":"https:\/\/play.google.com\/store\/apps\/details?id=com.popnsons.parkour.mouse","packageID":"com.popnsons.parkour.mouse"},"showTemplate":1,"s2s_tracking_url":"https:\/\/play.google.com\/store\/apps\/details?id=com.popnsons.parkour.mouse","activeCreativeID":"469","scenes":["27","1","2","3","4","5","6","7","8","9","10","11","12","13","14","15","21","24"],"campaignAdType":"Interstitial","productId":"","purchaseBit":0,"licenseKey":""},{"campaignID":"561","attribution":0,"priority":"6","appToPromote":{"appToPromoteID":"5026","usesDefaultFrameImage":"0","usesDefaultCloseImage":"0","marketURL":"https:\/\/play.google.com\/store\/apps\/details?id=com.as.cashupapp","packageID":"com.as.cashupapp"},"showTemplate":1,"s2s_tracking_url":"https:\/\/play.google.com\/store\/apps\/details?id=com.as.cashupapp","activeCreativeID":"652","scenes":["27","1","2","3","4","5","6","7","8","9","10","11","12","13","14","15","21","24"],"campaignAdType":"Interstitial","productId":"","purchaseBit":0,"licenseKey":""},{"campaignID":"570","attribution":0,"priority":"6","appToPromote":{"appToPromoteID":"3802","usesDefaultFrameImage":"0","usesDefaultCloseImage":"0","marketURL":"https:\/\/play.google.com\/store\/apps\/details?id=com.Madxstudios.Flickshootsoccer","packageID":"com.Madxstudios.Flickshootsoccer"},"showTemplate":1,"s2s_tracking_url":"https:\/\/play.google.com\/store\/apps\/details?id=com.Madxstudios.Flickshootsoccer","activeCreativeID":"661","scenes":["27","1","2","3","4","5","6","7","8","9","10","11","12","13","14","15","21","24"],"campaignAdType":"Interstitial","productId":"","purchaseBit":0,"licenseKey":""},{"campaignID":"588","attribution":0,"priority":"6","appToPromote":{"appToPromoteID":"5026","usesDefaultFrameImage":"0","usesDefaultCloseImage":"0","marketURL":"https:\/\/play.google.com\/store\/apps\/details?id=com.as.cashupapp","packageID":"com.as.cashupapp"},"showTemplate":1,"s2s_tracking_url":"https:\/\/play.google.com\/store\/apps\/details?id=com.as.cashupapp","activeCreativeID":"652","scenes":["27","1","2","3","4","5","6","7","8","9","10","11","12","13","14","15","21","24"],"campaignAdType":"Interstitial","productId":"","purchaseBit":0,"licenseKey":""},{"campaignID":"8808","attribution_link":"","attribution":1,"priority":"5","appToPromote":{"appToPromoteID":"16528","usesDefaultFrameImage":"0","usesDefaultCloseImage":"0","marketURL":"https:\/\/play.google.com\/store\/apps\/details?id=com.bag.farm.day.village.farming.games","packageID":"com.GSS317.com.bag.farm.day.village.farming.games"},"showTemplate":1,"s2s_tracking_url":"","activeCreativeID":"3775","scenes":["27","1","2","3","4","5","6","7","8","9","10","11","12","13","14","15","21","24"],"campaignAdType":"Interstitial","productId":"","purchaseBit":0,"licenseKey":""},{"campaignID":"8973","attribution":0,"priority":"5","appToPromote":{"appToPromoteID":"15974","usesDefaultFrameImage":"0","usesDefaultCloseImage":"0","marketURL":"https:\/\/play.google.com\/store\/apps\/details?id=com.mustardgames.bmx.cycle.stunt.mega.ramp.impossibletracks","packageID":"com.mustardgames.bmx.cycle.stunt.mega.ramp.impossibletracks"},"showTemplate":1,"s2s_tracking_url":"https:\/\/play.google.com\/store\/apps\/details?id=com.mustardgames.bmx.cycle.stunt.mega.ramp.impossibletracks","activeCreativeID":"4339","scenes":["27","1","2","3","4","5","6","7","8","9","10","11","12","13","14","15","21","24"],"campaignAdType":"Interstitial","productId":"","purchaseBit":0,"licenseKey":""},{"campaignID":"557","attribution":0,"priority":"4","appToPromote":{"appToPromoteID":"4959","usesDefaultFrameImage":"0","usesDefaultCloseImage":"0","marketURL":"https:\/\/play.google.com\/store\/apps\/details?id=com.jet.plane.surfers.joyride.dash","packageID":"com.jet.plane.surfers.joyride.dash"},"showTemplate":1,"s2s_tracking_url":"https:\/\/play.google.com\/store\/apps\/details?id=com.jet.plane.surfers.joyride.dash","activeCreativeID":"645","scenes":["27","1","2","3","4","5","6","7","8","9","10","11","12","13","14","15","21","24"],"campaignAdType":"Interstitial","productId":"","purchaseBit":0,"licenseKey":""},{"campaignID":"559","attribution":0,"priority":"3","appToPromote":{"appToPromoteID":"3476","usesDefaultFrameImage":"0","usesDefaultCloseImage":"0","marketURL":"https:\/\/play.google.com\/store\/apps\/details?id=com.perspectivegames.real.impossible.tracks.stunts","packageID":"com.perspectivegames.real.impossible.tracks.stunts"},"showTemplate":1,"s2s_tracking_url":"https:\/\/play.google.com\/store\/apps\/details?id=com.perspectivegames.real.impossible.tracks.stunts","activeCreativeID":"649","scenes":["27","1","2","3","4","5","6","7","8","9","10","11","12","13","14","15","21","24"],"campaignAdType":"Interstitial","productId":"","purchaseBit":0,"licenseKey":""},{"campaignID":"741","attribution":0,"priority":"3","appToPromote":{"appToPromoteID":"5609","usesDefaultFrameImage":"0","usesDefaultCloseImage":"0","marketURL":"https:\/\/play.google.com\/store\/apps\/details?id=com.kick.gyroscopic.city.train.driver.simulator","packageID":"com.kick.gyroscopic.city.train.driver.simulator"},"showTemplate":1,"s2s_tracking_url":"https:\/\/play.google.com\/store\/apps\/details?id=com.kick.gyroscopic.city.train.driver.simulator","activeCreativeID":"753","scenes":["27","1","2","3","4","5","6","7","8","9","10","11","12","13","14","15","21","24"],"campaignAdType":"Interstitial","productId":"","purchaseBit":0,"licenseKey":""},{"campaignID":"798","attribution":0,"priority":"3","appToPromote":{"appToPromoteID":"5770","usesDefaultFrameImage":"0","usesDefaultCloseImage":"0","marketURL":"https:\/\/play.google.com\/store\/apps\/details?id=com.simulatorgames3d.alohacelebrations","packageID":"com.simulatorgames3d.alohacelebrations"},"showTemplate":1,"s2s_tracking_url":"https:\/\/play.google.com\/store\/apps\/details?id=com.simulatorgames3d.alohacelebrations","activeCreativeID":"787","scenes":["27","1","2","3","4","5","6","7","8","9","10","11","12","13","14","15","21","24"],"campaignAdType":"Interstitial","productId":"","purchaseBit":0,"licenseKey":""},{"campaignID":"8762","attribution":0,"priority":"2","appToPromote":{"appToPromoteID":"13265","usesDefaultFrameImage":"0","usesDefaultCloseImage":"0","marketURL":"https:\/\/play.google.com\/store\/apps\/details?id=com.rhg.tricky.bike.stunt.moto.master","packageID":"com.rhg.tricky.bike.stunt.moto.master"},"showTemplate":1,"s2s_tracking_url":"https:\/\/play.google.com\/store\/apps\/details?id=com.rhg.tricky.bike.stunt.moto.master","activeCreativeID":"4121","scenes":["27","1","2","3","4","5","6","7","8","9","10","11","12","13","14","15","21","24"],"campaignAdType":"Rewarded Video","productId":"","purchaseBit":0,"licenseKey":""},{"campaignID":"9366","attribution":0,"priority":"2","appToPromote":{"appToPromoteID":"17602","usesDefaultFrameImage":"0","usesDefaultCloseImage":"0","marketURL":"https:\/\/play.google.com\/store\/apps\/details?id=com.abaenglish.videoclass&amp;referrer=utm_source=42matters.com&amp;utm_medium=api","packageID":"com.abaenglish.videoclass"},"showTemplate":1,"s2s_tracking_url":"https:\/\/play.google.com\/store\/apps\/details?id=com.abaenglish.videoclass&amp;referrer=utm_source=42matters.com&amp;utm_medium=api","activeCreativeID":"4815","scenes":["27","1","2","3","4","5","6","7","8","9","10","11","12","13","14","15","21","24"],"campaignAdType":"Interstitial","productId":"","purchaseBit":0,"licenseKey":""},{"campaignID":"9367","attribution":0,"priority":"2","appToPromote":{"appToPromoteID":"17602","usesDefaultFrameImage":"0","usesDefaultCloseImage":"0","marketURL":"https:\/\/play.google.com\/store\/apps\/details?id=com.abaenglish.videoclass&amp;referrer=utm_source=42matters.com&amp;utm_medium=api","packageID":"com.abaenglish.videoclass"},"showTemplate":1,"s2s_tracking_url":"https:\/\/play.google.com\/store\/apps\/details?id=com.abaenglish.videoclass&amp;referrer=utm_source=42matters.com&amp;utm_medium=api","activeCreativeID":"4815","scenes":["27","1","2","3","4","5","6","7","8","9","10","11","12","13","14","15","21","24"],"campaignAdType":"Interstitial","productId":"","purchaseBit":0,"licenseKey":""},{"campaignID":"9368","attribution":0,"priority":"2","appToPromote":{"appToPromoteID":"17602","usesDefaultFrameImage":"0","usesDefaultCloseImage":"0","marketURL":"https:\/\/play.google.com\/store\/apps\/details?id=com.abaenglish.videoclass&amp;referrer=utm_source=42matters.com&amp;utm_medium=api","packageID":"com.abaenglish.videoclass"},"showTemplate":1,"s2s_tracking_url":"https:\/\/play.google.com\/store\/apps\/details?id=com.abaenglish.videoclass&amp;referrer=utm_source=42matters.com&amp;utm_medium=api","activeCreativeID":"4815","scenes":["27","1","2","3","4","5","6","7","8","9","10","11","12","13","14","15","21","24"],"campaignAdType":"Interstitial","productId":"","purchaseBit":0,"licenseKey":""},{"campaignID":"9369","attribution":0,"priority":"2","appToPromote":{"appToPromoteID":"17602","usesDefaultFrameImage":"0","usesDefaultCloseImage":"0","marketURL":"https:\/\/play.google.com\/store\/apps\/details?id=com.abaenglish.videoclass&amp;referrer=utm_source=42matters.com&amp;utm_medium=api","packageID":"com.abaenglish.videoclass"},"showTemplate":1,"s2s_tracking_url":"https:\/\/play.google.com\/store\/apps\/details?id=com.abaenglish.videoclass&amp;referrer=utm_source=42matters.com&amp;utm_medium=api","activeCreativeID":"4815","scenes":["27","1","2","3","4","5","6","7","8","9","10","11","12","13","14","15","21","24"],"campaignAdType":"Interstitial","productId":"","purchaseBit":0,"licenseKey":""}],"refreshAdRate":0,"mode":"Production","aspectRatio":"4_3","cdnPath":"https:\/\/df8ymybeo92md.cloudfront.net\/images\/","sentry_log":0,"local_logging":0,"sentry_dsn":"https:\/\/93ffa1c9a4124f67b8888a53265f751a:bbf998e04584477fa9a145838e9d3b26@sentry.io\/168994","sentry_initialization":1,"sentry_debugging":0,"bannerSizes":["1"],"aspectRatioVideo":"16_9","app_id":"2504","showPreRewardedDialogue":0,"showPostRewardedDialogue":0,"rewardCurrency":"coins","rewardValue":0,"isSkipable":0,"privacyPolicyURL":"https:\/\/www.consoliads.com\/privacy-policy\/","sessionToken":"bVNI27JD+CmPMQCQzpCGVrcAwjS871zjv\/\/VbbYznqPN61XJJJbsiyW0hP7uuyVI0Pf2DQIr7GW1uDpR9TJqZJTPVZG7OZlNmuBkB7mB\/BQSdRyaAYDDcP8fZa\/FFuZfUbj17L3C44wBNrg58\/MgKvBiK3BQpXWKlW23wTMA2Cw="}
Session token value is set


{"appKey":"aee1c1ce85b1b8e194b01eb3f0d44b23","deviceID":"498","stats":[{"campaignID":214,"packageID":"com.gss.robot.bike.transport.truck","sceneStats":[{"sceneID":"2","eventStats":"305,205,105,5,5,0,0"}]}],"sdkVersion":"39","sessionToken":"bVNI27JD+CmPMQCQzpCGVrcAwjS871zjv\/\/VbbYznqPN61XJJJbsiyW0hP7uuyVI0Pf2DQIr7GW1uDpR9TJqZJTPVZG7OZlNmuBkB7mB\/BQSdRyaAYDDcP8fZa\/FFuZfUbj17L3C44wBNrg58\/MgKvBiK3BQpXWKlW23wTMA2Cw="}
cache_ttl value is correct

Refresh Ad Rate value is correct
mode value is set

 Aspect ratio value is correct
sentry_log value is set
local_logging value is set
sentry_initialization value is set
sentry_debugging value is set
showPreRewardedDialogue value is set
showPostRewardedDialogue value is set
isSkipable value is set
{"cache_ttl":10080,"cache_ttl_rewarded":10080,"cache_ttl_banner":10080,"cache_ttl_native":10080,"cache_ttl_icon":10080,"campaigns":[{"campaignID":"8378","attribution":0,"priority":"8","appToPromote":{"appToPromoteID":"16480","usesDefaultFrameImage":"0","usesDefaultCloseImage":"0","marketURL":"https:\/\/play.google.com\/store\/apps\/details?id=com.nag.home.manager.working.virtual.mom","packageID":"com.GSS317.AmazingFamily"},"showTemplate":1,"s2s_tracking_url":"https:\/\/play.google.com\/store\/apps\/details?id=com.nag.home.manager.working.virtual.mom","activeCreativeID":"3720","scenes":["12","1","8","6","15","2"],"campaignAdType":"Interstitial","productId":"","purchaseBit":0,"licenseKey":""},{"campaignID":"9547","attribution":0,"priority":"8","appToPromote":{"appToPromoteID":"11879","usesDefaultFrameImage":"0","usesDefaultCloseImage":"0","marketURL":"https:\/\/play.google.com\/store\/apps\/details?id=com.buntoo.car.racing.games","packageID":"com.buntoo.car.racing.games"},"showTemplate":1,"s2s_tracking_url":"https:\/\/play.google.com\/store\/apps\/details?id=com.buntoo.car.racing.games","activeCreativeID":"4964","scenes":["12","1","8","6","15","2"],"campaignAdType":"Interstitial","productId":"","purchaseBit":0,"licenseKey":""},{"campaignID":"9586","attribution":0,"priority":"8","appToPromote":{"appToPromoteID":"515","usesDefaultFrameImage":"1","usesDefaultCloseImage":"1","marketURL":"https:\/\/play.google.com\/store\/apps\/details?id=com.plum.cash.counter.simualtor","packageID":"com.plum.cash.counter.simualtor"},"showTemplate":1,"s2s_tracking_url":"https:\/\/play.google.com\/store\/apps\/details?id=com.plum.cash.counter.simualtor","activeCreativeID":"50","scenes":["12","1","8","6","15","2"],"campaignAdType":"Interstitial","productId":"","purchaseBit":0,"licenseKey":""},{"campaignID":"9587","attribution":0,"priority":"8","appToPromote":{"appToPromoteID":"515","usesDefaultFrameImage":"1","usesDefaultCloseImage":"1","marketURL":"https:\/\/play.google.com\/store\/apps\/details?id=com.plum.cash.counter.simualtor","packageID":"com.plum.cash.counter.simualtor"},"showTemplate":1,"s2s_tracking_url":"https:\/\/play.google.com\/store\/apps\/details?id=com.plum.cash.counter.simualtor","activeCreativeID":"50","scenes":["12","1","8","6","15","2"],"campaignAdType":"Interstitial","productId":"","purchaseBit":0,"licenseKey":""},{"campaignID":"9588","attribution":0,"priority":"8","appToPromote":{"appToPromoteID":"515","usesDefaultFrameImage":"1","usesDefaultCloseImage":"1","marketURL":"https:\/\/play.google.com\/store\/apps\/details?id=com.plum.cash.counter.simualtor","packageID":"com.plum.cash.counter.simualtor"},"showTemplate":1,"s2s_tracking_url":"https:\/\/play.google.com\/store\/apps\/details?id=com.plum.cash.counter.simualtor","activeCreativeID":"50","scenes":["12","1","8","6","15","2"],"campaignAdType":"Interstitial","productId":"","purchaseBit":0,"licenseKey":""},{"campaignID":"9589","attribution":0,"priority":"8","appToPromote":{"appToPromoteID":"515","usesDefaultFrameImage":"1","usesDefaultCloseImage":"1","marketURL":"https:\/\/play.google.com\/store\/apps\/details?id=com.plum.cash.counter.simualtor","packageID":"com.plum.cash.counter.simualtor"},"showTemplate":1,"s2s_tracking_url":"https:\/\/play.google.com\/store\/apps\/details?id=com.plum.cash.counter.simualtor","activeCreativeID":"50","scenes":["12","1","8","6","15","2"],"campaignAdType":"Interstitial","productId":"","purchaseBit":0,"licenseKey":""},{"campaignID":"9131","attribution":0,"priority":"8","appToPromote":{"appToPromoteID":"17532","usesDefaultFrameImage":"0","usesDefaultCloseImage":"0","marketURL":"https:\/\/play.google.com\/store\/apps\/details?id=com.dhgate.buyermob","packageID":"com.dhgate.buyermob"},"showTemplate":1,"s2s_tracking_url":"https:\/\/tha.gotrackier.com\/click?campaign_id=63254\\u0026pub_id=75?p1=2613_9131_498&amp;source=6841&amp;app_name=RobotBikeTransportTruck&amp;gaid=498","activeCreativeID":"4483","scenes":["12","1","8","6","15","2"],"campaignAdType":"Interstitial","productId":"","purchaseBit":0,"licenseKey":""},{"campaignID":"8380","attribution_link":"","attribution":1,"priority":"7","appToPromote":{"appToPromoteID":"16480","usesDefaultFrameImage":"0","usesDefaultCloseImage":"0","marketURL":"https:\/\/play.google.com\/store\/apps\/details?id=com.nag.home.manager.working.virtual.mom","packageID":"com.GSS317.AmazingFamily"},"showTemplate":1,"s2s_tracking_url":"","activeCreativeID":"3720","scenes":["12","1","8","6","15","2"],"campaignAdType":"Interstitial","productId":"","purchaseBit":0,"licenseKey":""},{"campaignID":"444","attribution":0,"priority":"6","appToPromote":{"appToPromoteID":"3355","usesDefaultFrameImage":"0","usesDefaultCloseImage":"0","marketURL":"https:\/\/play.google.com\/store\/apps\/details?id=com.popnsons.parkour.mouse","packageID":"com.popnsons.parkour.mouse"},"showTemplate":1,"s2s_tracking_url":"https:\/\/play.google.com\/store\/apps\/details?id=com.popnsons.parkour.mouse","activeCreativeID":"469","scenes":["12","1","8","6","15","2"],"campaignAdType":"Interstitial","productId":"","purchaseBit":0,"licenseKey":""},{"campaignID":"561","attribution":0,"priority":"6","appToPromote":{"appToPromoteID":"5026","usesDefaultFrameImage":"0","usesDefaultCloseImage":"0","marketURL":"https:\/\/play.google.com\/store\/apps\/details?id=com.as.cashupapp","packageID":"com.as.cashupapp"},"showTemplate":1,"s2s_tracking_url":"https:\/\/play.google.com\/store\/apps\/details?id=com.as.cashupapp","activeCreativeID":"652","scenes":["12","1","8","6","15","2"],"campaignAdType":"Interstitial","productId":"","purchaseBit":0,"licenseKey":""},{"campaignID":"570","attribution":0,"priority":"6","appToPromote":{"appToPromoteID":"3802","usesDefaultFrameImage":"0","usesDefaultCloseImage":"0","marketURL":"https:\/\/play.google.com\/store\/apps\/details?id=com.Madxstudios.Flickshootsoccer","packageID":"com.Madxstudios.Flickshootsoccer"},"showTemplate":1,"s2s_tracking_url":"https:\/\/play.google.com\/store\/apps\/details?id=com.Madxstudios.Flickshootsoccer","activeCreativeID":"661","scenes":["12","1","8","6","15","2"],"campaignAdType":"Interstitial","productId":"","purchaseBit":0,"licenseKey":""},{"campaignID":"588","attribution":0,"priority":"6","appToPromote":{"appToPromoteID":"5026","usesDefaultFrameImage":"0","usesDefaultCloseImage":"0","marketURL":"https:\/\/play.google.com\/store\/apps\/details?id=com.as.cashupapp","packageID":"com.as.cashupapp"},"showTemplate":1,"s2s_tracking_url":"https:\/\/play.google.com\/store\/apps\/details?id=com.as.cashupapp","activeCreativeID":"652","scenes":["12","1","8","6","15","2"],"campaignAdType":"Interstitial","productId":"","purchaseBit":0,"licenseKey":""},{"campaignID":"8808","attribution_link":"","attribution":1,"priority":"5","appToPromote":{"appToPromoteID":"16528","usesDefaultFrameImage":"0","usesDefaultCloseImage":"0","marketURL":"https:\/\/play.google.com\/store\/apps\/details?id=com.bag.farm.day.village.farming.games","packageID":"com.GSS317.com.bag.farm.day.village.farming.games"},"showTemplate":1,"s2s_tracking_url":"","activeCreativeID":"3775","scenes":["12","1","8","6","15","2"],"campaignAdType":"Interstitial","productId":"","purchaseBit":0,"licenseKey":""},{"campaignID":"8973","attribution":0,"priority":"5","appToPromote":{"appToPromoteID":"15974","usesDefaultFrameImage":"0","usesDefaultCloseImage":"0","marketURL":"https:\/\/play.google.com\/store\/apps\/details?id=com.mustardgames.bmx.cycle.stunt.mega.ramp.impossibletracks","packageID":"com.mustardgames.bmx.cycle.stunt.mega.ramp.impossibletracks"},"showTemplate":1,"s2s_tracking_url":"https:\/\/play.google.com\/store\/apps\/details?id=com.mustardgames.bmx.cycle.stunt.mega.ramp.impossibletracks","activeCreativeID":"4339","scenes":["12","1","8","6","15","2"],"campaignAdType":"Interstitial","productId":"","purchaseBit":0,"licenseKey":""},{"campaignID":"557","attribution":0,"priority":"4","appToPromote":{"appToPromoteID":"4959","usesDefaultFrameImage":"0","usesDefaultCloseImage":"0","marketURL":"https:\/\/play.google.com\/store\/apps\/details?id=com.jet.plane.surfers.joyride.dash","packageID":"com.jet.plane.surfers.joyride.dash"},"showTemplate":1,"s2s_tracking_url":"https:\/\/play.google.com\/store\/apps\/details?id=com.jet.plane.surfers.joyride.dash","activeCreativeID":"645","scenes":["12","1","8","6","15","2"],"campaignAdType":"Interstitial","productId":"","purchaseBit":0,"licenseKey":""},{"campaignID":"414","attribution":0,"priority":"3","appToPromote":{"appToPromoteID":"3023","usesDefaultFrameImage":"0","usesDefaultCloseImage":"0","marketURL":"https:\/\/play.google.com\/store\/apps\/details?id=com.appricot2d.rolo.pet.parrot","packageID":"com.appricot2d.rolo.pet.parrot"},"showTemplate":1,"s2s_tracking_url":"https:\/\/play.google.com\/store\/apps\/details?id=com.appricot2d.rolo.pet.parrot","activeCreativeID":"385","scenes":["12","1","8","6","15","2"],"campaignAdType":"Interstitial","productId":"","purchaseBit":0,"licenseKey":""},{"campaignID":"559","attribution":0,"priority":"3","appToPromote":{"appToPromoteID":"3476","usesDefaultFrameImage":"0","usesDefaultCloseImage":"0","marketURL":"https:\/\/play.google.com\/store\/apps\/details?id=com.perspectivegames.real.impossible.tracks.stunts","packageID":"com.perspectivegames.real.impossible.tracks.stunts"},"showTemplate":1,"s2s_tracking_url":"https:\/\/play.google.com\/store\/apps\/details?id=com.perspectivegames.real.impossible.tracks.stunts","activeCreativeID":"649","scenes":["12","1","8","6","15","2"],"campaignAdType":"Interstitial","productId":"","purchaseBit":0,"licenseKey":""},{"campaignID":"741","attribution":0,"priority":"3","appToPromote":{"appToPromoteID":"5609","usesDefaultFrameImage":"0","usesDefaultCloseImage":"0","marketURL":"https:\/\/play.google.com\/store\/apps\/details?id=com.kick.gyroscopic.city.train.driver.simulator","packageID":"com.kick.gyroscopic.city.train.driver.simulator"},"showTemplate":1,"s2s_tracking_url":"https:\/\/play.google.com\/store\/apps\/details?id=com.kick.gyroscopic.city.train.driver.simulator","activeCreativeID":"753","scenes":["12","1","8","6","15","2"],"campaignAdType":"Interstitial","productId":"","purchaseBit":0,"licenseKey":""},{"campaignID":"798","attribution":0,"priority":"3","appToPromote":{"appToPromoteID":"5770","usesDefaultFrameImage":"0","usesDefaultCloseImage":"0","marketURL":"https:\/\/play.google.com\/store\/apps\/details?id=com.simulatorgames3d.alohacelebrations","packageID":"com.simulatorgames3d.alohacelebrations"},"showTemplate":1,"s2s_tracking_url":"https:\/\/play.google.com\/store\/apps\/details?id=com.simulatorgames3d.alohacelebrations","activeCreativeID":"787","scenes":["12","1","8","6","15","2"],"campaignAdType":"Interstitial","productId":"","purchaseBit":0,"licenseKey":""},{"campaignID":"1483","attribution":0,"priority":"3","appToPromote":{"appToPromoteID":"1714","usesDefaultFrameImage":"1","usesDefaultCloseImage":"1","marketURL":"https:\/\/play.google.com\/store\/apps\/details?id=com.playink.cookie.maker","packageID":"com.playink.cookie.maker"},"showTemplate":1,"s2s_tracking_url":"https:\/\/play.google.com\/store\/apps\/details?id=com.playink.cookie.maker","activeCreativeID":"1020","scenes":["12","1","8","6","15","2"],"campaignAdType":"Interstitial","productId":"","purchaseBit":0,"licenseKey":""},{"campaignID":"8762","attribution":0,"priority":"2","appToPromote":{"appToPromoteID":"13265","usesDefaultFrameImage":"0","usesDefaultCloseImage":"0","marketURL":"https:\/\/play.google.com\/store\/apps\/details?id=com.rhg.tricky.bike.stunt.moto.master","packageID":"com.rhg.tricky.bike.stunt.moto.master"},"showTemplate":1,"s2s_tracking_url":"https:\/\/play.google.com\/store\/apps\/details?id=com.rhg.tricky.bike.stunt.moto.master","activeCreativeID":"4121","scenes":["12","1","8","6","15","2"],"campaignAdType":"Rewarded Video","productId":"","purchaseBit":0,"licenseKey":""},{"campaignID":"9366","attribution":0,"priority":"2","appToPromote":{"appToPromoteID":"17602","usesDefaultFrameImage":"0","usesDefaultCloseImage":"0","marketURL":"https:\/\/play.google.com\/store\/apps\/details?id=com.abaenglish.videoclass&amp;referrer=utm_source=42matters.com&amp;utm_medium=api","packageID":"com.abaenglish.videoclass"},"showTemplate":1,"s2s_tracking_url":"https:\/\/play.google.com\/store\/apps\/details?id=com.abaenglish.videoclass&amp;referrer=utm_source=42matters.com&amp;utm_medium=api","activeCreativeID":"4815","scenes":["12","1","8","6","15","2"],"campaignAdType":"Interstitial","productId":"","purchaseBit":0,"licenseKey":""}],"refreshAdRate":30,"mode":"Production","aspectRatio":"4_3","cdnPath":"https:\/\/df8ymybeo92md.cloudfront.net\/images\/","sentry_log":0,"local_logging":0,"sentry_dsn":"https:\/\/93ffa1c9a4124f67b8888a53265f751a:bbf998e04584477fa9a145838e9d3b26@sentry.io\/168994","sentry_initialization":1,"sentry_debugging":0,"bannerSizes":["5"],"aspectRatioVideo":"16_9","app_id":"2613","showPreRewardedDialogue":0,"showPostRewardedDialogue":0,"rewardCurrency":"coins","rewardValue":0,"isSkipable":0,"privacyPolicyURL":"https:\/\/www.consoliads.com\/privacy-policy\/","sessionToken":"Jw352RkbH1PWnzVAlcPM6XAhHe1lc+ogQcGOpcUaO\/Zv6RtJqMxjG9f0Y\/jvDTb2o1QVNsdT87NGBSiau7Ya3aPah9qfDd0BpbMIWBKJPywLhY4dPVdNO\/v7+4mmRgEWDX2d0A86y4rrjgFNy8CeGTHIV2N7aSqeNu+pT\/ndUJY="}
Session token value is set


{"appKey":"6321e187a94be2ff678451a5e73bbf42","deviceID":"7020","stats":[{"campaignID":215,"packageID":"com.gamefeast.moto.robot.transformation","sceneStats":[{"sceneID":"18","eventStats":"370,270,170,70,70,0,0"}]}],"sdkVersion":"39","sessionToken":"Jw352RkbH1PWnzVAlcPM6XAhHe1lc+ogQcGOpcUaO\/Zv6RtJqMxjG9f0Y\/jvDTb2o1QVNsdT87NGBSiau7Ya3aPah9qfDd0BpbMIWBKJPywLhY4dPVdNO\/v7+4mmRgEWDX2d0A86y4rrjgFNy8CeGTHIV2N7aSqeNu+pT\/ndUJY="}
cache_ttl value is correct

Refresh Ad Rate value is correct
mode value is set

 Aspect ratio value is correct
sentry_log value is set
local_logging value is set
sentry_initialization value is set
sentry_debugging value is set
showPreRewardedDialogue value is set
showPostRewardedDialogue value is set
isSkipable value is set
{"cache_ttl":10080,"cache_ttl_rewarded":10080,"cache_ttl_banner":10080,"cache_ttl_native":10080,"cache_ttl_icon":10080,"campaigns":[{"campaignID":"8378","attribution":0,"priority":"8","appToPromote":{"appToPromoteID":"16480","usesDefaultFrameImage":"0","usesDefaultCloseImage":"0","marketURL":"https:\/\/play.google.com\/store\/apps\/details?id=com.nag.home.manager.working.virtual.mom","packageID":"com.GSS317.AmazingFamily"},"showTemplate":1,"s2s_tracking_url":"https:\/\/play.google.com\/store\/apps\/details?id=com.nag.home.manager.working.virtual.mom","activeCreativeID":"3720","scenes":["12","1","8","6","15","2"],"campaignAdType":"Interstitial","productId":"","purchaseBit":0,"licenseKey":""},{"campaignID":"9547","attribution":0,"priority":"8","appToPromote":{"appToPromoteID":"11879","usesDefaultFrameImage":"0","usesDefaultCloseImage":"0","marketURL":"https:\/\/play.google.com\/store\/apps\/details?id=com.buntoo.car.racing.games","packageID":"com.buntoo.car.racing.games"},"showTemplate":1,"s2s_tracking_url":"https:\/\/play.google.com\/store\/apps\/details?id=com.buntoo.car.racing.games","activeCreativeID":"4964","scenes":["12","1","8","6","15","2"],"campaignAdType":"Interstitial","productId":"","purchaseBit":0,"licenseKey":""},{"campaignID":"9586","attribution":0,"priority":"8","appToPromote":{"appToPromoteID":"515","usesDefaultFrameImage":"1","usesDefaultCloseImage":"1","marketURL":"https:\/\/play.google.com\/store\/apps\/details?id=com.plum.cash.counter.simualtor","packageID":"com.plum.cash.counter.simualtor"},"showTemplate":1,"s2s_tracking_url":"https:\/\/play.google.com\/store\/apps\/details?id=com.plum.cash.counter.simualtor","activeCreativeID":"50","scenes":["12","1","8","6","15","2"],"campaignAdType":"Interstitial","productId":"","purchaseBit":0,"licenseKey":""},{"campaignID":"9587","attribution":0,"priority":"8","appToPromote":{"appToPromoteID":"515","usesDefaultFrameImage":"1","usesDefaultCloseImage":"1","marketURL":"https:\/\/play.google.com\/store\/apps\/details?id=com.plum.cash.counter.simualtor","packageID":"com.plum.cash.counter.simualtor"},"showTemplate":1,"s2s_tracking_url":"https:\/\/play.google.com\/store\/apps\/details?id=com.plum.cash.counter.simualtor","activeCreativeID":"50","scenes":["12","1","8","6","15","2"],"campaignAdType":"Interstitial","productId":"","purchaseBit":0,"licenseKey":""},{"campaignID":"9588","attribution":0,"priority":"8","appToPromote":{"appToPromoteID":"515","usesDefaultFrameImage":"1","usesDefaultCloseImage":"1","marketURL":"https:\/\/play.google.com\/store\/apps\/details?id=com.plum.cash.counter.simualtor","packageID":"com.plum.cash.counter.simualtor"},"showTemplate":1,"s2s_tracking_url":"https:\/\/play.google.com\/store\/apps\/details?id=com.plum.cash.counter.simualtor","activeCreativeID":"50","scenes":["12","1","8","6","15","2"],"campaignAdType":"Interstitial","productId":"","purchaseBit":0,"licenseKey":""},{"campaignID":"9589","attribution":0,"priority":"8","appToPromote":{"appToPromoteID":"515","usesDefaultFrameImage":"1","usesDefaultCloseImage":"1","marketURL":"https:\/\/play.google.com\/store\/apps\/details?id=com.plum.cash.counter.simualtor","packageID":"com.plum.cash.counter.simualtor"},"showTemplate":1,"s2s_tracking_url":"https:\/\/play.google.com\/store\/apps\/details?id=com.plum.cash.counter.simualtor","activeCreativeID":"50","scenes":["12","1","8","6","15","2"],"campaignAdType":"Interstitial","productId":"","purchaseBit":0,"licenseKey":""},{"campaignID":"9131","attribution":0,"priority":"8","appToPromote":{"appToPromoteID":"17532","usesDefaultFrameImage":"0","usesDefaultCloseImage":"0","marketURL":"https:\/\/play.google.com\/store\/apps\/details?id=com.dhgate.buyermob","packageID":"com.dhgate.buyermob"},"showTemplate":1,"s2s_tracking_url":"https:\/\/tha.gotrackier.com\/click?campaign_id=63254\\u0026pub_id=75?p1=2598_9131_7020&amp;source=6841&amp;app_name=SuperMotoRobotTransform&amp;gaid=7020","activeCreativeID":"4483","scenes":["12","1","8","6","15","2"],"campaignAdType":"Interstitial","productId":"","purchaseBit":0,"licenseKey":""},{"campaignID":"8380","attribution_link":"","attribution":1,"priority":"7","appToPromote":{"appToPromoteID":"16480","usesDefaultFrameImage":"0","usesDefaultCloseImage":"0","marketURL":"https:\/\/play.google.com\/store\/apps\/details?id=com.nag.home.manager.working.virtual.mom","packageID":"com.GSS317.AmazingFamily"},"showTemplate":1,"s2s_tracking_url":"","activeCreativeID":"3720","scenes":["12","1","8","6","15","2"],"campaignAdType":"Interstitial","productId":"","purchaseBit":0,"licenseKey":""},{"campaignID":"444","attribution":0,"priority":"6","appToPromote":{"appToPromoteID":"3355","usesDefaultFrameImage":"0","usesDefaultCloseImage":"0","marketURL":"https:\/\/play.google.com\/store\/apps\/details?id=com.popnsons.parkour.mouse","packageID":"com.popnsons.parkour.mouse"},"showTemplate":1,"s2s_tracking_url":"https:\/\/play.google.com\/store\/apps\/details?id=com.popnsons.parkour.mouse","activeCreativeID":"469","scenes":["12","1","8","6","15","2"],"campaignAdType":"Interstitial","productId":"","purchaseBit":0,"licenseKey":""},{"campaignID":"561","attribution":0,"priority":"6","appToPromote":{"appToPromoteID":"5026","usesDefaultFrameImage":"0","usesDefaultCloseImage":"0","marketURL":"https:\/\/play.google.com\/store\/apps\/details?id=com.as.cashupapp","packageID":"com.as.cashupapp"},"showTemplate":1,"s2s_tracking_url":"https:\/\/play.google.com\/store\/apps\/details?id=com.as.cashupapp","activeCreativeID":"652","scenes":["12","1","8","6","15","2"],"campaignAdType":"Interstitial","productId":"","purchaseBit":0,"licenseKey":""},{"campaignID":"570","attribution":0,"priority":"6","appToPromote":{"appToPromoteID":"3802","usesDefaultFrameImage":"0","usesDefaultCloseImage":"0","marketURL":"https:\/\/play.google.com\/store\/apps\/details?id=com.Madxstudios.Flickshootsoccer","packageID":"com.Madxstudios.Flickshootsoccer"},"showTemplate":1,"s2s_tracking_url":"https:\/\/play.google.com\/store\/apps\/details?id=com.Madxstudios.Flickshootsoccer","activeCreativeID":"661","scenes":["12","1","8","6","15","2"],"campaignAdType":"Interstitial","productId":"","purchaseBit":0,"licenseKey":""},{"campaignID":"588","attribution":0,"priority":"6","appToPromote":{"appToPromoteID":"5026","usesDefaultFrameImage":"0","usesDefaultCloseImage":"0","marketURL":"https:\/\/play.google.com\/store\/apps\/details?id=com.as.cashupapp","packageID":"com.as.cashupapp"},"showTemplate":1,"s2s_tracking_url":"https:\/\/play.google.com\/store\/apps\/details?id=com.as.cashupapp","activeCreativeID":"652","scenes":["12","1","8","6","15","2"],"campaignAdType":"Interstitial","productId":"","purchaseBit":0,"licenseKey":""},{"campaignID":"8808","attribution_link":"","attribution":1,"priority":"5","appToPromote":{"appToPromoteID":"16528","usesDefaultFrameImage":"0","usesDefaultCloseImage":"0","marketURL":"https:\/\/play.google.com\/store\/apps\/details?id=com.bag.farm.day.village.farming.games","packageID":"com.GSS317.com.bag.farm.day.village.farming.games"},"showTemplate":1,"s2s_tracking_url":"","activeCreativeID":"3775","scenes":["12","1","8","6","15","2"],"campaignAdType":"Interstitial","productId":"","purchaseBit":0,"licenseKey":""},{"campaignID":"8876","attribution":0,"priority":"5","appToPromote":{"appToPromoteID":"15640","usesDefaultFrameImage":"0","usesDefaultCloseImage":"0","marketURL":"https:\/\/play.google.com\/store\/apps\/details?id=com.pgz.police.bike.stunt.ramp.bike.racing.games","packageID":"com.pgz.police.bike.stunt.ramp.bike.racing.games"},"showTemplate":1,"s2s_tracking_url":"https:\/\/play.google.com\/store\/apps\/details?id=com.pgz.police.bike.stunt.ramp.bike.racing.games","activeCreativeID":"4236","scenes":["12","1","8","6","15","2"],"campaignAdType":"Interstitial","productId":"","purchaseBit":0,"licenseKey":""},{"campaignID":"8973","attribution":0,"priority":"5","appToPromote":{"appToPromoteID":"15974","usesDefaultFrameImage":"0","usesDefaultCloseImage":"0","marketURL":"https:\/\/play.google.com\/store\/apps\/details?id=com.mustardgames.bmx.cycle.stunt.mega.ramp.impossibletracks","packageID":"com.mustardgames.bmx.cycle.stunt.mega.ramp.impossibletracks"},"showTemplate":1,"s2s_tracking_url":"https:\/\/play.google.com\/store\/apps\/details?id=com.mustardgames.bmx.cycle.stunt.mega.ramp.impossibletracks","activeCreativeID":"4339","scenes":["12","1","8","6","15","2"],"campaignAdType":"Interstitial","productId":"","purchaseBit":0,"licenseKey":""},{"campaignID":"557","attribution":0,"priority":"4","appToPromote":{"appToPromoteID":"4959","usesDefaultFrameImage":"0","usesDefaultCloseImage":"0","marketURL":"https:\/\/play.google.com\/store\/apps\/details?id=com.jet.plane.surfers.joyride.dash","packageID":"com.jet.plane.surfers.joyride.dash"},"showTemplate":1,"s2s_tracking_url":"https:\/\/play.google.com\/store\/apps\/details?id=com.jet.plane.surfers.joyride.dash","activeCreativeID":"645","scenes":["12","1","8","6","15","2"],"campaignAdType":"Interstitial","productId":"","purchaseBit":0,"licenseKey":""},{"campaignID":"414","attribution":0,"priority":"3","appToPromote":{"appToPromoteID":"3023","usesDefaultFrameImage":"0","usesDefaultCloseImage":"0","marketURL":"https:\/\/play.google.com\/store\/apps\/details?id=com.appricot2d.rolo.pet.parrot","packageID":"com.appricot2d.rolo.pet.parrot"},"showTemplate":1,"s2s_tracking_url":"https:\/\/play.google.com\/store\/apps\/details?id=com.appricot2d.rolo.pet.parrot","activeCreativeID":"385","scenes":["12","1","8","6","15","2"],"campaignAdType":"Interstitial","productId":"","purchaseBit":0,"licenseKey":""},{"campaignID":"559","attribution":0,"priority":"3","appToPromote":{"appToPromoteID":"3476","usesDefaultFrameImage":"0","usesDefaultCloseImage":"0","marketURL":"https:\/\/play.google.com\/store\/apps\/details?id=com.perspectivegames.real.impossible.tracks.stunts","packageID":"com.perspectivegames.real.impossible.tracks.stunts"},"showTemplate":1,"s2s_tracking_url":"https:\/\/play.google.com\/store\/apps\/details?id=com.perspectivegames.real.impossible.tracks.stunts","activeCreativeID":"649","scenes":["12","1","8","6","15","2"],"campaignAdType":"Interstitial","productId":"","purchaseBit":0,"licenseKey":""},{"campaignID":"741","attribution":0,"priority":"3","appToPromote":{"appToPromoteID":"5609","usesDefaultFrameImage":"0","usesDefaultCloseImage":"0","marketURL":"https:\/\/play.google.com\/store\/apps\/details?id=com.kick.gyroscopic.city.train.driver.simulator","packageID":"com.kick.gyroscopic.city.train.driver.simulator"},"showTemplate":1,"s2s_tracking_url":"https:\/\/play.google.com\/store\/apps\/details?id=com.kick.gyroscopic.city.train.driver.simulator","activeCreativeID":"753","scenes":["12","1","8","6","15","2"],"campaignAdType":"Interstitial","productId":"","purchaseBit":0,"licenseKey":""},{"campaignID":"798","attribution":0,"priority":"3","appToPromote":{"appToPromoteID":"5770","usesDefaultFrameImage":"0","usesDefaultCloseImage":"0","marketURL":"https:\/\/play.google.com\/store\/apps\/details?id=com.simulatorgames3d.alohacelebrations","packageID":"com.simulatorgames3d.alohacelebrations"},"showTemplate":1,"s2s_tracking_url":"https:\/\/play.google.com\/store\/apps\/details?id=com.simulatorgames3d.alohacelebrations","activeCreativeID":"787","scenes":["12","1","8","6","15","2"],"campaignAdType":"Interstitial","productId":"","purchaseBit":0,"licenseKey":""},{"campaignID":"1483","attribution":0,"priority":"3","appToPromote":{"appToPromoteID":"1714","usesDefaultFrameImage":"1","usesDefaultCloseImage":"1","marketURL":"https:\/\/play.google.com\/store\/apps\/details?id=com.playink.cookie.maker","packageID":"com.playink.cookie.maker"},"showTemplate":1,"s2s_tracking_url":"https:\/\/play.google.com\/store\/apps\/details?id=com.playink.cookie.maker","activeCreativeID":"1020","scenes":["12","1","8","6","15","2"],"campaignAdType":"Interstitial","productId":"","purchaseBit":0,"licenseKey":""},{"campaignID":"8762","attribution":0,"priority":"2","appToPromote":{"appToPromoteID":"13265","usesDefaultFrameImage":"0","usesDefaultCloseImage":"0","marketURL":"https:\/\/play.google.com\/store\/apps\/details?id=com.rhg.tricky.bike.stunt.moto.master","packageID":"com.rhg.tricky.bike.stunt.moto.master"},"showTemplate":1,"s2s_tracking_url":"https:\/\/play.google.com\/store\/apps\/details?id=com.rhg.tricky.bike.stunt.moto.master","activeCreativeID":"4121","scenes":["12","1","8","6","15","2"],"campaignAdType":"Rewarded Video","productId":"","purchaseBit":0,"licenseKey":""},{"campaignID":"8971","attribution":0,"priority":"2","appToPromote":{"appToPromoteID":"15640","usesDefaultFrameImage":"0","usesDefaultCloseImage":"0","marketURL":"https:\/\/play.google.com\/store\/apps\/details?id=com.pgz.police.bike.stunt.ramp.bike.racing.games","packageID":"com.pgz.police.bike.stunt.ramp.bike.racing.games"},"showTemplate":1,"s2s_tracking_url":"https:\/\/play.google.com\/store\/apps\/details?id=com.pgz.police.bike.stunt.ramp.bike.racing.games","activeCreativeID":"4236","scenes":["12","1","8","6","15","2"],"campaignAdType":"Interstitial","productId":"","purchaseBit":0,"licenseKey":""},{"campaignID":"9366","attribution":0,"priority":"2","appToPromote":{"appToPromoteID":"17602","usesDefaultFrameImage":"0","usesDefaultCloseImage":"0","marketURL":"https:\/\/play.google.com\/store\/apps\/details?id=com.abaenglish.videoclass&amp;referrer=utm_source=42matters.com&amp;utm_medium=api","packageID":"com.abaenglish.videoclass"},"showTemplate":1,"s2s_tracking_url":"https:\/\/play.google.com\/store\/apps\/details?id=com.abaenglish.videoclass&amp;referrer=utm_source=42matters.com&amp;utm_medium=api","activeCreativeID":"4815","scenes":["12","1","8","6","15","2"],"campaignAdType":"Interstitial","productId":"","purchaseBit":0,"licenseKey":""},{"campaignID":"9367","attribution":0,"priority":"2","appToPromote":{"appToPromoteID":"17602","usesDefaultFrameImage":"0","usesDefaultCloseImage":"0","marketURL":"https:\/\/play.google.com\/store\/apps\/details?id=com.abaenglish.videoclass&amp;referrer=utm_source=42matters.com&amp;utm_medium=api","packageID":"com.abaenglish.videoclass"},"showTemplate":1,"s2s_tracking_url":"https:\/\/play.google.com\/store\/apps\/details?id=com.abaenglish.videoclass&amp;referrer=utm_source=42matters.com&amp;utm_medium=api","activeCreativeID":"4815","scenes":["12","1","8","6","15","2"],"campaignAdType":"Interstitial","productId":"","purchaseBit":0,"licenseKey":""},{"campaignID":"9368","attribution":0,"priority":"2","appToPromote":{"appToPromoteID":"17602","usesDefaultFrameImage":"0","usesDefaultCloseImage":"0","marketURL":"https:\/\/play.google.com\/store\/apps\/details?id=com.abaenglish.videoclass&amp;referrer=utm_source=42matters.com&amp;utm_medium=api","packageID":"com.abaenglish.videoclass"},"showTemplate":1,"s2s_tracking_url":"https:\/\/play.google.com\/store\/apps\/details?id=com.abaenglish.videoclass&amp;referrer=utm_source=42matters.com&amp;utm_medium=api","activeCreativeID":"4815","scenes":["12","1","8","6","15","2"],"campaignAdType":"Interstitial","productId":"","purchaseBit":0,"licenseKey":""},{"campaignID":"9369","attribution":0,"priority":"2","appToPromote":{"appToPromoteID":"17602","usesDefaultFrameImage":"0","usesDefaultCloseImage":"0","marketURL":"https:\/\/play.google.com\/store\/apps\/details?id=com.abaenglish.videoclass&amp;referrer=utm_source=42matters.com&amp;utm_medium=api","packageID":"com.abaenglish.videoclass"},"showTemplate":1,"s2s_tracking_url":"https:\/\/play.google.com\/store\/apps\/details?id=com.abaenglish.videoclass&amp;referrer=utm_source=42matters.com&amp;utm_medium=api","activeCreativeID":"4815","scenes":["12","1","8","6","15","2"],"campaignAdType":"Interstitial","productId":"","purchaseBit":0,"licenseKey":""}],"refreshAdRate":30,"mode":"Production","aspectRatio":"4_3","cdnPath":"https:\/\/df8ymybeo92md.cloudfront.net\/images\/","sentry_log":0,"local_logging":0,"sentry_dsn":"https:\/\/93ffa1c9a4124f67b8888a53265f751a:bbf998e04584477fa9a145838e9d3b26@sentry.io\/168994","sentry_initialization":1,"sentry_debugging":0,"bannerSizes":["5"],"aspectRatioVideo":"16_9","app_id":"2598","showPreRewardedDialogue":0,"showPostRewardedDialogue":0,"rewardCurrency":"coins","rewardValue":0,"isSkipable":0,"privacyPolicyURL":"https:\/\/www.consoliads.com\/privacy-policy\/","sessionToken":"OlENW7\/JH6azo60Yai0Y3Om9TUX9j1yyyreqw+9NaOPEBtrL0X2JZkFgmWcUgTbgQALc2ATURM0LFO5HCPA5g\/B+OD7uYaUMB8gmNz6cXWmmwseHlu1IIO1DG1w7ExBMG76t+FNp\/i2AA6Q\/uYgdKYZwFi6IuOFkDOdcOafipPE="}
Session token value is set


{"appKey":"cd6601541ec10dd5e108fa8bb11b8a6d","deviceID":"3509","stats":[{"campaignID":216,"packageID":"com.tgp.offroad.extreme.highway.busdriver","sceneStats":[{"sceneID":"9","eventStats":"335,235,135,35,35,0,0"}]}],"sdkVersion":"2163","sessionToken":"OlENW7\/JH6azo60Yai0Y3Om9TUX9j1yyyreqw+9NaOPEBtrL0X2JZkFgmWcUgTbgQALc2ATURM0LFO5HCPA5g\/B+OD7uYaUMB8gmNz6cXWmmwseHlu1IIO1DG1w7ExBMG76t+FNp\/i2AA6Q\/uYgdKYZwFi6IuOFkDOdcOafipPE="}
cache_ttl value is correct

Title value is correct

Title value is correct

Title value is correct

Title value is correct

Title value is correct

Title value is correct

Refresh Ad Rate value is correct
mode value is set

 Aspect ratio value is correct
sentry_log value is set
local_logging value is set
sentry_initialization value is set
sentry_debugging value is set
showPreRewardedDialogue value is set
showPostRewardedDialogue value is set
isSkipable value is set
{"cache_ttl":10080,"cache_ttl_rewarded":10080,"cache_ttl_banner":10080,"cache_ttl_native":10080,"cache_ttl_icon":10080,"campaigns":[{"campaignID":"8226","attribution":0,"priority":"8","appToPromote":{"appToPromoteID":"12623","usesDefaultFrameImage":"0","usesDefaultCloseImage":"0","marketURL":"https:\/\/play.google.com\/store\/apps\/details?id=com.igg.android.lordsmobile&amp;referrer=utm_source=42matters.com&amp;utm_medium=api","packageID":"com.nooribrand.android.lordsmobile"},"showTemplate":1,"s2s_tracking_url":"https:\/\/play.google.com\/store\/apps\/details?id=com.igg.android.lordsmobile&amp;referrer=utm_source=42matters.com&amp;utm_medium=api","activeCreativeID":"3557","scenes":["12","1","8","6","15","2"],"campaignAdType":"Icon","productId":"","purchaseBit":0,"licenseKey":""},{"campaignID":"8378","attribution":0,"priority":"8","appToPromote":{"appToPromoteID":"16480","usesDefaultFrameImage":"0","usesDefaultCloseImage":"0","marketURL":"https:\/\/play.google.com\/store\/apps\/details?id=com.nag.home.manager.working.virtual.mom","packageID":"com.GSS317.AmazingFamily"},"showTemplate":1,"s2s_tracking_url":"https:\/\/play.google.com\/store\/apps\/details?id=com.nag.home.manager.working.virtual.mom","activeCreativeID":"3720","scenes":["12","1","8","6","15","2"],"campaignAdType":"Interstitial","productId":"","purchaseBit":0,"licenseKey":""},{"campaignID":"8613","attribution":0,"priority":"8","appToPromote":{"appToPromoteID":"12623","usesDefaultFrameImage":"0","usesDefaultCloseImage":"0","marketURL":"https:\/\/play.google.com\/store\/apps\/details?id=com.igg.android.lordsmobile&amp;referrer=utm_source=42matters.com&amp;utm_medium=api","packageID":"com.nooribrand.android.lordsmobile"},"showTemplate":1,"s2s_tracking_url":"https:\/\/play.google.com\/store\/apps\/details?id=com.igg.android.lordsmobile&amp;referrer=utm_source=42matters.com&amp;utm_medium=api","activeCreativeID":"3557","scenes":["12","1","8","6","15","2"],"campaignAdType":"Icon","productId":"","purchaseBit":0,"licenseKey":""},{"campaignID":"9252","attribution":0,"priority":"8","appToPromote":{"appToPromoteID":"12315","usesDefaultFrameImage":"0","usesDefaultCloseImage":"0","marketURL":"google.com","packageID":"com.qabrand.plnative"},"showTemplate":1,"s2s_tracking_url":"google.com","activeCreativeID":"4683","scenes":["12","1","8","6","15","2"],"campaignAdType":"Native","title":"Native first","subTitle":"First ","description":"New description","adClickThroughText":"FIRST Button","productId":"","purchaseBit":0,"licenseKey":""},{"campaignID":"9253","attribution":0,"priority":"8","appToPromote":{"appToPromoteID":"12315","usesDefaultFrameImage":"0","usesDefaultCloseImage":"0","marketURL":"google.com","packageID":"com.qabrand.plnative"},"showTemplate":1,"s2s_tracking_url":"google.com","activeCreativeID":"4683","scenes":["12","1","8","6","15","2"],"campaignAdType":"Native","title":"Native first","subTitle":"First ","description":"New description","adClickThroughText":"FIRST Button","productId":"","purchaseBit":0,"licenseKey":""},{"campaignID":"9255","attribution":0,"priority":"8","appToPromote":{"appToPromoteID":"13274","usesDefaultFrameImage":"0","usesDefaultCloseImage":"0","marketURL":"https:\/\/play.google.com\/store\/apps\/details?id=com.facebook.katana","packageID":"com.salon.adsalon"},"showTemplate":1,"s2s_tracking_url":"https:\/\/play.google.com\/store\/apps\/details?id=com.facebook.katana","activeCreativeID":"4685","scenes":["12","1","8","6","15","2"],"campaignAdType":"Native","title":"native NA ","subTitle":"native NA ","description":"native NA added","adClickThroughText":"native NA ","productId":"","purchaseBit":0,"licenseKey":""},{"campaignID":"9257","attribution":0,"priority":"8","appToPromote":{"appToPromoteID":"12286","usesDefaultFrameImage":"0","usesDefaultCloseImage":"0","marketURL":"google.com","packageID":"com.qabrand.Chartboost_Native"},"showTemplate":1,"s2s_tracking_url":"google.com","activeCreativeID":"4688","scenes":["12","1","8","6","15","2"],"campaignAdType":"Native","title":"Native second updated","subTitle":"Native second ","description":"Native second details","adClickThroughText":"Native second ","productId":"","purchaseBit":0,"licenseKey":""},{"campaignID":"9263","attribution":0,"priority":"8","appToPromote":{"appToPromoteID":"12315","usesDefaultFrameImage":"0","usesDefaultCloseImage":"0","marketURL":"google.com","packageID":"com.qabrand.plnative"},"showTemplate":1,"s2s_tracking_url":"google.com","activeCreativeID":"4694","scenes":["12","1","8","6","15","2"],"campaignAdType":"Native","title":"test","subTitle":"test","description":" test details update","adClickThroughText":"test","productId":"","purchaseBit":0,"licenseKey":""},{"campaignID":"9547","attribution":0,"priority":"8","appToPromote":{"appToPromoteID":"11879","usesDefaultFrameImage":"0","usesDefaultCloseImage":"0","marketURL":"https:\/\/play.google.com\/store\/apps\/details?id=com.buntoo.car.racing.games","packageID":"com.buntoo.car.racing.games"},"showTemplate":1,"s2s_tracking_url":"https:\/\/play.google.com\/store\/apps\/details?id=com.buntoo.car.racing.games","activeCreativeID":"4964","scenes":["12","1","8","6","15","2"],"campaignAdType":"Interstitial","productId":"","purchaseBit":0,"licenseKey":""},{"campaignID":"9586","attribution":0,"priority":"8","appToPromote":{"appToPromoteID":"515","usesDefaultFrameImage":"1","usesDefaultCloseImage":"1","marketURL":"https:\/\/play.google.com\/store\/apps\/details?id=com.plum.cash.counter.simualtor","packageID":"com.plum.cash.counter.simualtor"},"showTemplate":1,"s2s_tracking_url":"https:\/\/play.google.com\/store\/apps\/details?id=com.plum.cash.counter.simualtor","activeCreativeID":"50","scenes":["12","1","8","6","15","2"],"campaignAdType":"Interstitial","productId":"","purchaseBit":0,"licenseKey":""},{"campaignID":"9587","attribution":0,"priority":"8","appToPromote":{"appToPromoteID":"515","usesDefaultFrameImage":"1","usesDefaultCloseImage":"1","marketURL":"https:\/\/play.google.com\/store\/apps\/details?id=com.plum.cash.counter.simualtor","packageID":"com.plum.cash.counter.simualtor"},"showTemplate":1,"s2s_tracking_url":"https:\/\/play.google.com\/store\/apps\/details?id=com.plum.cash.counter.simualtor","activeCreativeID":"50","scenes":["12","1","8","6","15","2"],"campaignAdType":"Interstitial","productId":"","purchaseBit":0,"licenseKey":""},{"campaignID":"9588","attribution":0,"priority":"8","appToPromote":{"appToPromoteID":"515","usesDefaultFrameImage":"1","usesDefaultCloseImage":"1","marketURL":"https:\/\/play.google.com\/store\/apps\/details?id=com.plum.cash.counter.simualtor","packageID":"com.plum.cash.counter.simualtor"},"showTemplate":1,"s2s_tracking_url":"https:\/\/play.google.com\/store\/apps\/details?id=com.plum.cash.counter.simualtor","activeCreativeID":"50","scenes":["12","1","8","6","15","2"],"campaignAdType":"Interstitial","productId":"","purchaseBit":0,"licenseKey":""},{"campaignID":"9589","attribution":0,"priority":"8","appToPromote":{"appToPromoteID":"515","usesDefaultFrameImage":"1","usesDefaultCloseImage":"1","marketURL":"https:\/\/play.google.com\/store\/apps\/details?id=com.plum.cash.counter.simualtor","packageID":"com.plum.cash.counter.simualtor"},"showTemplate":1,"s2s_tracking_url":"https:\/\/play.google.com\/store\/apps\/details?id=com.plum.cash.counter.simualtor","activeCreativeID":"50","scenes":["12","1","8","6","15","2"],"campaignAdType":"Interstitial","productId":"","purchaseBit":0,"licenseKey":""},{"campaignID":"9599","attribution":0,"priority":"8","appToPromote":{"appToPromoteID":"515","usesDefaultFrameImage":"1","usesDefaultCloseImage":"1","marketURL":"https:\/\/play.google.com\/store\/apps\/details?id=com.plum.cash.counter.simualtor","packageID":"com.plum.cash.counter.simualtor"},"showTemplate":1,"s2s_tracking_url":"https:\/\/play.google.com\/store\/apps\/details?id=com.plum.cash.counter.simualtor","activeCreativeID":"5001","scenes":["12","1","8","6","15","2"],"campaignAdType":"Icon","productId":"","purchaseBit":0,"licenseKey":""},{"campaignID":"9127","attribution":0,"priority":"8","appToPromote":{"appToPromoteID":"17528","usesDefaultFrameImage":"0","usesDefaultCloseImage":"0","marketURL":"https:\/\/play.google.com\/store\/apps\/details?id=net.one97.paytm","packageID":"net.one97.paytm"},"showTemplate":1,"s2s_tracking_url":"https:\/\/tha.gotrackier.com\/click?campaign_id=63249\\u0026pub_id=75?p1=2402_9127_3509&amp;source=6841&amp;app_name=ExtremeHighwayBusDriver&amp;gaid=3509","activeCreativeID":"4788","scenes":["12","1","8","6","15","2"],"campaignAdType":"Native","title":"BCA","subTitle":"FW","description":"nope","adClickThroughText":"Link","productId":"","purchaseBit":0,"licenseKey":""},{"campaignID":"9131","attribution":0,"priority":"8","appToPromote":{"appToPromoteID":"17532","usesDefaultFrameImage":"0","usesDefaultCloseImage":"0","marketURL":"https:\/\/play.google.com\/store\/apps\/details?id=com.dhgate.buyermob","packageID":"com.dhgate.buyermob"},"showTemplate":1,"s2s_tracking_url":"https:\/\/tha.gotrackier.com\/click?campaign_id=63254\\u0026pub_id=75?p1=2402_9131_3509&amp;source=6841&amp;app_name=ExtremeHighwayBusDriver&amp;gaid=3509","activeCreativeID":"4483","scenes":["12","1","8","6","15","2"],"campaignAdType":"Interstitial","productId":"","purchaseBit":0,"licenseKey":""},{"campaignID":"8380","attribution_link":"","attribution":1,"priority":"7","appToPromote":{"appToPromoteID":"16480","usesDefaultFrameImage":"0","usesDefaultCloseImage":"0","marketURL":"https:\/\/play.google.com\/store\/apps\/details?id=com.nag.home.manager.working.virtual.mom","packageID":"com.GSS317.AmazingFamily"},"showTemplate":1,"s2s_tracking_url":"","activeCreativeID":"3720","scenes":["12","1","8","6","15","2"],"campaignAdType":"Interstitial","productId":"","purchaseBit":0,"licenseKey":""},{"campaignID":"444","attribution":0,"priority":"6","appToPromote":{"appToPromoteID":"3355","usesDefaultFrameImage":"0","usesDefaultCloseImage":"0","marketURL":"https:\/\/play.google.com\/store\/apps\/details?id=com.popnsons.parkour.mouse","packageID":"com.popnsons.parkour.mouse"},"showTemplate":1,"s2s_tracking_url":"https:\/\/play.google.com\/store\/apps\/details?id=com.popnsons.parkour.mouse","activeCreativeID":"469","scenes":["12","1","8","6","15","2"],"campaignAdType":"Interstitial","productId":"","purchaseBit":0,"licenseKey":""},{"campaignID":"561","attribution":0,"priority":"6","appToPromote":{"appToPromoteID":"5026","usesDefaultFrameImage":"0","usesDefaultCloseImage":"0","marketURL":"https:\/\/play.google.com\/store\/apps\/details?id=com.as.cashupapp","packageID":"com.as.cashupapp"},"showTemplate":1,"s2s_tracking_url":"https:\/\/play.google.com\/store\/apps\/details?id=com.as.cashupapp","activeCreativeID":"652","scenes":["12","1","8","6","15","2"],"campaignAdType":"Interstitial","productId":"","purchaseBit":0,"licenseKey":""},{"campaignID":"570","attribution":0,"priority":"6","appToPromote":{"appToPromoteID":"3802","usesDefaultFrameImage":"0","usesDefaultCloseImage":"0","marketURL":"https:\/\/play.google.com\/store\/apps\/details?id=com.Madxstudios.Flickshootsoccer","packageID":"com.Madxstudios.Flickshootsoccer"},"showTemplate":1,"s2s_tracking_url":"https:\/\/play.google.com\/store\/apps\/details?id=com.Madxstudios.Flickshootsoccer","activeCreativeID":"661","scenes":["12","1","8","6","15","2"],"campaignAdType":"Interstitial","productId":"","purchaseBit":0,"licenseKey":""},{"campaignID":"588","attribution":0,"priority":"6","appToPromote":{"appToPromoteID":"5026","usesDefaultFrameImage":"0","usesDefaultCloseImage":"0","marketURL":"https:\/\/play.google.com\/store\/apps\/details?id=com.as.cashupapp","packageID":"com.as.cashupapp"},"showTemplate":1,"s2s_tracking_url":"https:\/\/play.google.com\/store\/apps\/details?id=com.as.cashupapp","activeCreativeID":"652","scenes":["12","1","8","6","15","2"],"campaignAdType":"Interstitial","productId":"","purchaseBit":0,"licenseKey":""},{"campaignID":"8808","attribution_link":"","attribution":1,"priority":"5","appToPromote":{"appToPromoteID":"16528","usesDefaultFrameImage":"0","usesDefaultCloseImage":"0","marketURL":"https:\/\/play.google.com\/store\/apps\/details?id=com.bag.farm.day.village.farming.games","packageID":"com.GSS317.com.bag.farm.day.village.farming.games"},"showTemplate":1,"s2s_tracking_url":"","activeCreativeID":"3775","scenes":["12","1","8","6","15","2"],"campaignAdType":"Interstitial","productId":"","purchaseBit":0,"licenseKey":""},{"campaignID":"8973","attribution":0,"priority":"5","appToPromote":{"appToPromoteID":"15974","usesDefaultFrameImage":"0","usesDefaultCloseImage":"0","marketURL":"https:\/\/play.google.com\/store\/apps\/details?id=com.mustardgames.bmx.cycle.stunt.mega.ramp.impossibletracks","packageID":"com.mustardgames.bmx.cycle.stunt.mega.ramp.impossibletracks"},"showTemplate":1,"s2s_tracking_url":"https:\/\/play.google.com\/store\/apps\/details?id=com.mustardgames.bmx.cycle.stunt.mega.ramp.impossibletracks","activeCreativeID":"4339","scenes":["12","1","8","6","15","2"],"campaignAdType":"Interstitial","productId":"","purchaseBit":0,"licenseKey":""},{"campaignID":"557","attribution":0,"priority":"4","appToPromote":{"appToPromoteID":"4959","usesDefaultFrameImage":"0","usesDefaultCloseImage":"0","marketURL":"https:\/\/play.google.com\/store\/apps\/details?id=com.jet.plane.surfers.joyride.dash","packageID":"com.jet.plane.surfers.joyride.dash"},"showTemplate":1,"s2s_tracking_url":"https:\/\/play.google.com\/store\/apps\/details?id=com.jet.plane.surfers.joyride.dash","activeCreativeID":"645","scenes":["12","1","8","6","15","2"],"campaignAdType":"Interstitial","productId":"","purchaseBit":0,"licenseKey":""},{"campaignID":"414","attribution":0,"priority":"3","appToPromote":{"appToPromoteID":"3023","usesDefaultFrameImage":"0","usesDefaultCloseImage":"0","marketURL":"https:\/\/play.google.com\/store\/apps\/details?id=com.appricot2d.rolo.pet.parrot","packageID":"com.appricot2d.rolo.pet.parrot"},"showTemplate":1,"s2s_tracking_url":"https:\/\/play.google.com\/store\/apps\/details?id=com.appricot2d.rolo.pet.parrot","activeCreativeID":"385","scenes":["12","1","8","6","15","2"],"campaignAdType":"Interstitial","productId":"","purchaseBit":0,"licenseKey":""},{"campaignID":"559","attribution":0,"priority":"3","appToPromote":{"appToPromoteID":"3476","usesDefaultFrameImage":"0","usesDefaultCloseImage":"0","marketURL":"https:\/\/play.google.com\/store\/apps\/details?id=com.perspectivegames.real.impossible.tracks.stunts","packageID":"com.perspectivegames.real.impossible.tracks.stunts"},"showTemplate":1,"s2s_tracking_url":"https:\/\/play.google.com\/store\/apps\/details?id=com.perspectivegames.real.impossible.tracks.stunts","activeCreativeID":"649","scenes":["12","1","8","6","15","2"],"campaignAdType":"Interstitial","productId":"","purchaseBit":0,"licenseKey":""},{"campaignID":"741","attribution":0,"priority":"3","appToPromote":{"appToPromoteID":"5609","usesDefaultFrameImage":"0","usesDefaultCloseImage":"0","marketURL":"https:\/\/play.google.com\/store\/apps\/details?id=com.kick.gyroscopic.city.train.driver.simulator","packageID":"com.kick.gyroscopic.city.train.driver.simulator"},"showTemplate":1,"s2s_tracking_url":"https:\/\/play.google.com\/store\/apps\/details?id=com.kick.gyroscopic.city.train.driver.simulator","activeCreativeID":"753","scenes":["12","1","8","6","15","2"],"campaignAdType":"Interstitial","productId":"","purchaseBit":0,"licenseKey":""},{"campaignID":"798","attribution":0,"priority":"3","appToPromote":{"appToPromoteID":"5770","usesDefaultFrameImage":"0","usesDefaultCloseImage":"0","marketURL":"https:\/\/play.google.com\/store\/apps\/details?id=com.simulatorgames3d.alohacelebrations","packageID":"com.simulatorgames3d.alohacelebrations"},"showTemplate":1,"s2s_tracking_url":"https:\/\/play.google.com\/store\/apps\/details?id=com.simulatorgames3d.alohacelebrations","activeCreativeID":"787","scenes":["12","1","8","6","15","2"],"campaignAdType":"Interstitial","productId":"","purchaseBit":0,"licenseKey":""},{"campaignID":"1483","attribution":0,"priority":"3","appToPromote":{"appToPromoteID":"1714","usesDefaultFrameImage":"1","usesDefaultCloseImage":"1","marketURL":"https:\/\/play.google.com\/store\/apps\/details?id=com.playink.cookie.maker","packageID":"com.playink.cookie.maker"},"showTemplate":1,"s2s_tracking_url":"https:\/\/play.google.com\/store\/apps\/details?id=com.playink.cookie.maker","activeCreativeID":"1020","scenes":["12","1","8","6","15","2"],"campaignAdType":"Interstitial","productId":"","purchaseBit":0,"licenseKey":""},{"campaignID":"8762","attribution":0,"priority":"2","appToPromote":{"appToPromoteID":"13265","usesDefaultFrameImage":"0","usesDefaultCloseImage":"0","marketURL":"https:\/\/play.google.com\/store\/apps\/details?id=com.rhg.tricky.bike.stunt.moto.master","packageID":"com.rhg.tricky.bike.stunt.moto.master"},"showTemplate":1,"s2s_tracking_url":"https:\/\/play.google.com\/store\/apps\/details?id=com.rhg.tricky.bike.stunt.moto.master","activeCreativeID":"4121","scenes":["12","1","8","6","15","2"],"campaignAdType":"Rewarded Video","productId":"","purchaseBit":0,"licenseKey":""},{"campaignID":"9366","attribution":0,"priority":"2","appToPromote":{"appToPromoteID":"17602","usesDefaultFrameImage":"0","usesDefaultCloseImage":"0","marketURL":"https:\/\/play.google.com\/store\/apps\/details?id=com.abaenglish.videoclass&amp;referrer=utm_source=42matters.com&amp;utm_medium=api","packageID":"com.abaenglish.videoclass"},"showTemplate":1,"s2s_tracking_url":"https:\/\/play.google.com\/store\/apps\/details?id=com.abaenglish.videoclass&amp;referrer=utm_source=42matters.com&amp;utm_medium=api","activeCreativeID":"4815","scenes":["12","1","8","6","15","2"],"campaignAdType":"Interstitial","productId":"","purchaseBit":0,"licenseKey":""}],"refreshAdRate":30,"mode":"Production","aspectRatio":"4_3","cdnPath":"https:\/\/df8ymybeo92md.cloudfront.net\/images\/","sentry_log":0,"local_logging":0,"sentry_dsn":"https:\/\/93ffa1c9a4124f67b8888a53265f751a:bbf998e04584477fa9a145838e9d3b26@sentry.io\/168994","sentry_initialization":1,"sentry_debugging":0,"bannerSizes":["1","2"],"aspectRatioVideo":"16_9","app_id":"2402","showPreRewardedDialogue":0,"showPostRewardedDialogue":0,"rewardCurrency":"coins","rewardValue":0,"isSkipable":0,"privacyPolicyURL":"https:\/\/www.consoliads.com\/privacy-policy\/","sessionToken":"lD7jMWGrgBNpSptHkMxm9Wk0j8UUiFsJBurhVZZh4JyD87hTu\/i2lZr9ZdlciNo2jKOlXbTsW0SjbEfJMILLImH5j02PoQxhHTOKo5x51XNnX8olliQ2MH+fp\/GmzUkuXf\/ZDZOSL1HMCJ4oryUBB76x7+gYn0bLZ0AeWNMdCBE="}
Session token value is set


{"appKey":"dd587f33bef2bea93ba58b467ec75780","deviceID":"314","stats":[{"campaignID":220,"packageID":"com.rgs.robot.battle","sceneStats":[{"sceneID":"1","eventStats":"304,204,104,4,4,0,0"}]}],"sdkVersion":"90","sessionToken":"lD7jMWGrgBNpSptHkMxm9Wk0j8UUiFsJBurhVZZh4JyD87hTu\/i2lZr9ZdlciNo2jKOlXbTsW0SjbEfJMILLImH5j02PoQxhHTOKo5x51XNnX8olliQ2MH+fp\/GmzUkuXf\/ZDZOSL1HMCJ4oryUBB76x7+gYn0bLZ0AeWNMdCBE="}
cache_ttl value is correct

Refresh Ad Rate value is correct
mode value is set

 Aspect ratio value is correct
sentry_log value is set
local_logging value is set
sentry_initialization value is set
sentry_debugging value is set
showPreRewardedDialogue value is set
showPostRewardedDialogue value is set
isSkipable value is set
{"cache_ttl":10080,"cache_ttl_rewarded":10080,"cache_ttl_banner":10080,"cache_ttl_native":10080,"cache_ttl_icon":10080,"refreshAdRate":30,"mode":"Production","aspectRatio":"4_3","cdnPath":"https:\/\/df8ymybeo92md.cloudfront.net\/images\/","sentry_log":0,"local_logging":0,"sentry_dsn":"https:\/\/93ffa1c9a4124f67b8888a53265f751a:bbf998e04584477fa9a145838e9d3b26@sentry.io\/168994","sentry_initialization":1,"sentry_debugging":0,"bannerSizes":[],"aspectRatioVideo":"16_9","app_id":"2624","showPreRewardedDialogue":0,"showPostRewardedDialogue":0,"rewardCurrency":"coins","rewardValue":0,"isSkipable":0,"privacyPolicyURL":"https:\/\/www.consoliads.com\/privacy-policy\/","sessionToken":"hvnY2quoMpwkyxtJ6NiK38C98yLjliJAVTi4ONe94MpmETy4ReW2IW+nmM3sY3f4n6ZOfHbovF8+O6q2a93X5LyzgIv5nAWQNKB+L4I13x9FlGQKTnjq3yKoB\/H5V71uNFVByC\/8o+4PqAYzAfEI5CSNtZMTm5GcAPY\/h0HEJy0="}
Session token value is set


{"appKey":"f7195bc5052737febb7af2f3f1baf1c1","deviceID":"3663","stats":[{"campaignID":221,"packageID":"com.whitesand.raft.survival.shark.hunter","sceneStats":[{"sceneID":"10","eventStats":"337,237,137,37,37,0,0"}]}],"sdkVersion":"39","sessionToken":"hvnY2quoMpwkyxtJ6NiK38C98yLjliJAVTi4ONe94MpmETy4ReW2IW+nmM3sY3f4n6ZOfHbovF8+O6q2a93X5LyzgIv5nAWQNKB+L4I13x9FlGQKTnjq3yKoB\/H5V71uNFVByC\/8o+4PqAYzAfEI5CSNtZMTm5GcAPY\/h0HEJy0="}
cache_ttl value is correct

Refresh Ad Rate value is correct
mode value is set

 Aspect ratio value is correct
sentry_log value is set
local_logging value is set
sentry_initialization value is set
sentry_debugging value is set
showPreRewardedDialogue value is set
showPostRewardedDialogue value is set
isSkipable value is set
{"cache_ttl":10080,"cache_ttl_rewarded":10080,"cache_ttl_banner":10080,"cache_ttl_native":10080,"cache_ttl_icon":10080,"refreshAdRate":30,"mode":"Production","aspectRatio":"4_3","cdnPath":"https:\/\/df8ymybeo92md.cloudfront.net\/images\/","sentry_log":0,"local_logging":0,"sentry_dsn":"https:\/\/93ffa1c9a4124f67b8888a53265f751a:bbf998e04584477fa9a145838e9d3b26@sentry.io\/168994","sentry_initialization":1,"sentry_debugging":0,"bannerSizes":["5"],"aspectRatioVideo":"16_9","app_id":"2602","showPreRewardedDialogue":0,"showPostRewardedDialogue":0,"rewardCurrency":"coins","rewardValue":0,"isSkipable":0,"privacyPolicyURL":"https:\/\/www.consoliads.com\/privacy-policy\/","sessionToken":"e+vQQhqUbj81SxgmZUTJ1t0F3UidI7tDwdl816VwBwIQjUZCCacq5JjmHDT27yFO9N80J6Fh+Jmw+rRyXaJeULkboWZxAauMqP7IxLdrEqQ1wXFgUnanI8e0V6\/ANXhHZTiXB3611u4J9KNrMTnJOitncLsGvZviVoFu+J9ZjmE="}
Session token value is set


{"appKey":"e27e8b9552ca9d031927942acc186a25","deviceID":"6247","stats":[{"campaignID":222,"packageID":"com.rgs.car.transporter.cargo.ship","sceneStats":[{"sceneID":"16","eventStats":"362,262,162,62,62,0,0"}]}],"sdkVersion":"90","sessionToken":"e+vQQhqUbj81SxgmZUTJ1t0F3UidI7tDwdl816VwBwIQjUZCCacq5JjmHDT27yFO9N80J6Fh+Jmw+rRyXaJeULkboWZxAauMqP7IxLdrEqQ1wXFgUnanI8e0V6\/ANXhHZTiXB3611u4J9KNrMTnJOitncLsGvZviVoFu+J9ZjmE="}
cache_ttl value is correct

Refresh Ad Rate value is correct
mode value is set

 Aspect ratio value is correct
sentry_log value is set
local_logging value is set
sentry_initialization value is set
sentry_debugging value is set
showPreRewardedDialogue value is set
showPostRewardedDialogue value is set
isSkipable value is set
{"cache_ttl":10080,"cache_ttl_rewarded":10080,"cache_ttl_banner":10080,"cache_ttl_native":10080,"cache_ttl_icon":10080,"refreshAdRate":30,"mode":"Production","aspectRatio":"4_3","cdnPath":"https:\/\/df8ymybeo92md.cloudfront.net\/images\/","sentry_log":0,"local_logging":0,"sentry_dsn":"https:\/\/93ffa1c9a4124f67b8888a53265f751a:bbf998e04584477fa9a145838e9d3b26@sentry.io\/168994","sentry_initialization":1,"sentry_debugging":0,"bannerSizes":[],"aspectRatioVideo":"16_9","app_id":"2583","showPreRewardedDialogue":0,"showPostRewardedDialogue":0,"rewardCurrency":"coins","rewardValue":0,"isSkipable":0,"privacyPolicyURL":"https:\/\/www.consoliads.com\/privacy-policy\/","sessionToken":"WQkvyCE96Ib0oXCBODDp1lJz\/+PznPo53gE2gpq3tQFIFTk\/Sblax4UvXqZ7WfFpz059h1nCCrgoMXQRKvl2ZugvIB5i0\/1idY5Bn03hyA1VqXKcffCEc4sMFM1dmINo\/CdjqVsoAeLrCz6y0kRXxZ7TyJL42UZyuS+fX3Onr+8="}
Session token value is set


{"appKey":"dd587f33bef2bea93ba58b467ec75780","deviceID":"9911","stats":[{"campaignID":223,"packageID":"com.rgs.robot.battle","sceneStats":[{"sceneID":"25","eventStats":"399,299,199,99,99,0,0"}]}],"sdkVersion":"90","sessionToken":"WQkvyCE96Ib0oXCBODDp1lJz\/+PznPo53gE2gpq3tQFIFTk\/Sblax4UvXqZ7WfFpz059h1nCCrgoMXQRKvl2ZugvIB5i0\/1idY5Bn03hyA1VqXKcffCEc4sMFM1dmINo\/CdjqVsoAeLrCz6y0kRXxZ7TyJL42UZyuS+fX3Onr+8="}
cache_ttl value is correct

Refresh Ad Rate value is correct
mode value is set

 Aspect ratio value is correct
sentry_log value is set
local_logging value is set
sentry_initialization value is set
sentry_debugging value is set
showPreRewardedDialogue value is set
showPostRewardedDialogue value is set
isSkipable value is set
{"cache_ttl":10080,"cache_ttl_rewarded":10080,"cache_ttl_banner":10080,"cache_ttl_native":10080,"cache_ttl_icon":10080,"refreshAdRate":30,"mode":"Production","aspectRatio":"4_3","cdnPath":"https:\/\/df8ymybeo92md.cloudfront.net\/images\/","sentry_log":0,"local_logging":0,"sentry_dsn":"https:\/\/93ffa1c9a4124f67b8888a53265f751a:bbf998e04584477fa9a145838e9d3b26@sentry.io\/168994","sentry_initialization":1,"sentry_debugging":0,"bannerSizes":[],"aspectRatioVideo":"16_9","app_id":"2624","showPreRewardedDialogue":0,"showPostRewardedDialogue":0,"rewardCurrency":"coins","rewardValue":0,"isSkipable":0,"privacyPolicyURL":"https:\/\/www.consoliads.com\/privacy-policy\/","sessionToken":"XBVhoO3wvY8OKP3Lhl+T\/SU6rzP3u1arpjnN0P3EgJ6HHmN4y9E5NMrfecozohrnZszZH1n0Mhbg8aZKvQ1z+Y5cGXSgsj6hx66ctJH+QZZPxsahzt3e7celT33+2ZhfL\/OFSuRPxiqXpx92bMjK9V+Vjw91kTZ2NUZYeFJ5K+g="}
Session token value is set


{"appKey":"dd587f33bef2bea93ba58b467ec75780","deviceID":"8560","stats":[{"campaignID":225,"packageID":"com.rgs.robot.battle","sceneStats":[{"sceneID":"22","eventStats":"385,285,185,85,85,0,0"}]}],"sdkVersion":"90","sessionToken":"XBVhoO3wvY8OKP3Lhl+T\/SU6rzP3u1arpjnN0P3EgJ6HHmN4y9E5NMrfecozohrnZszZH1n0Mhbg8aZKvQ1z+Y5cGXSgsj6hx66ctJH+QZZPxsahzt3e7celT33+2ZhfL\/OFSuRPxiqXpx92bMjK9V+Vjw91kTZ2NUZYeFJ5K+g="}
cache_ttl value is correct

Refresh Ad Rate value is correct
mode value is set

 Aspect ratio value is correct
sentry_log value is set
local_logging value is set
sentry_initialization value is set
sentry_debugging value is set
showPreRewardedDialogue value is set
showPostRewardedDialogue value is set
isSkipable value is set
{"cache_ttl":10080,"cache_ttl_rewarded":10080,"cache_ttl_banner":10080,"cache_ttl_native":10080,"cache_ttl_icon":10080,"refreshAdRate":30,"mode":"Production","aspectRatio":"4_3","cdnPath":"https:\/\/df8ymybeo92md.cloudfront.net\/images\/","sentry_log":0,"local_logging":0,"sentry_dsn":"https:\/\/93ffa1c9a4124f67b8888a53265f751a:bbf998e04584477fa9a145838e9d3b26@sentry.io\/168994","sentry_initialization":1,"sentry_debugging":0,"bannerSizes":[],"aspectRatioVideo":"16_9","app_id":"2624","showPreRewardedDialogue":0,"showPostRewardedDialogue":0,"rewardCurrency":"coins","rewardValue":0,"isSkipable":0,"privacyPolicyURL":"https:\/\/www.consoliads.com\/privacy-policy\/","sessionToken":"\/\/uQGAZfcICAk57eIf8LWgz0WnywWDqTFA7lNMm\/kyfqrScKdWvbDY0\/8xCx9jDFzxDRkUbTpWyoiUPifIpaD3QqpkKdpetTrXvorZTkmnrkixMrCU47wNAn3eAdBSxl8KKLJ6JJkYK5NsODXWZeCmDzy7oMpkcwlstBpR9dIWY="}
Session token value is set

</DebugTrace>
      </Output>
    </UnitTestResult>
    <UnitTestResult executionId="4d820fb8-624e-4e3f-8101-980a22bf1e08" testId="d249d328-6d44-2c2d-6ed9-e0b5d6f69772" testName="C_RecordClicksFromDeviceMainMethodCodeGenerator" computerName="DESKTOP-5AJ0SB3" duration="00:02:11.1699798" startTime="2021-01-27T12:52:57.2244851+05:00" endTime="2021-01-27T12:55:08.3987885+05:00" testType="13cdc9d9-ddb5-4fa4-a97d-d965ccfc6d4b" outcome="Passed" testListId="8c84fa94-04c1-424b-9868-57a2d4851a1d" relativeResultsDirectory="4d820fb8-624e-4e3f-8101-980a22bf1e08">
      <Output>
        <DebugTrace>****************** SELECT campaigns.campaignID,campaigns.appID,apps.sdkID,apps.companyID,apps.osID FROM apps INNER JOIN campaigns ON apps.appID = campaigns.appID WHERE apps.sdkID &gt; 20 AND apps.appKey != '' AND campaigns.campaignID NOT IN (0 ,- 1 ,- 2 ,- 3 ,- 4 ,- 5) LIMIT 50
****************** 
****************** Select appKey , appID from apps where appkey!='' and sdkID &gt; 10 limit  50
****************** 
****************** JJpX85UiVMIIL76SOmx/V38lvKURDRVwbXc8U7kDRoSED310LrcjKfQCfTMxbOWRwnbjSNw8TDXz5pA3iwXrqBhoeqMc8fG7U9JpllMOOwdTpbf6vuddgS2LUhomvidi
****************** JJpX85UiVMIIL76SOmx/V38lvKURDRVwbXc8U7kDRoSED310LrcjKfQCfTMxbOWRwnbjSNw8TDXz5pA3iwXrqBhoeqMc8fG7U9JpllMOOwdTpbf6vuddgS2LUhomvidi
****************** JJpX85UiVMIIL76SOmx/V38lvKURDRVwbXc8U7kDRoSED310LrcjKfQCfTMxbOWRwnbjSNw8TDXz5pA3iwXrqBhoeqMc8fG7U9JpllMOOwdTpbf6vuddgS2LUhomvidi
****************** JJpX85UiVMIIL76SOmx/V38lvKURDRVwbXc8U7kDRoSED310LrcjKfQCfTMxbOWRwnbjSNw8TDXz5pA3iwXrqBhoeqMc8fG7U9JpllMOOwdTpbf6vuddgS2LUhomvidi
****************** JJpX85UiVMIIL76SOmx/V38lvKURDRVwbXc8U7kDRoSED310LrcjKfQCfTMxbOWRwnbjSNw8TDXz5pA3iwXrqBhoeqMc8fG7U9JpllMOOwdTpbf6vuddgS2LUhomvidi
****************** JJpX85UiVMIIL76SOmx/V38lvKURDRVwbXc8U7kDRoSED310LrcjKfQCfTMxbOWRwnbjSNw8TDXz5pA3iwXrqBhoeqMc8fG7U9JpllMOOwdTpbf6vuddgS2LUhomvidi
****************** JJpX85UiVMIIL76SOmx/V38lvKURDRVwbXc8U7kDRoSED310LrcjKfQCfTMxbOWRwnbjSNw8TDXz5pA3iwXrqBhoeqMc8fG7U9JpllMOOwdTpbf6vuddgS2LUhomvidi
****************** JJpX85UiVMIIL76SOmx/V38lvKURDRVwbXc8U7kDRoSED310LrcjKfQCfTMxbOWRwnbjSNw8TDXz5pA3iwXrqBhoeqMc8fG7U9JpllMOOwdTpbf6vuddgS2LUhomvidi
****************** JJpX85UiVMIIL76SOmx/V38lvKURDRVwbXc8U7kDRoSED310LrcjKfQCfTMxbOWRwnbjSNw8TDXz5pA3iwXrqBhoeqMc8fG7U9JpllMOOwdTpbf6vuddgS2LUhomvidi
****************** JJpX85UiVMIIL76SOmx/V38lvKURDRVwbXc8U7kDRoSED310LrcjKfQCfTMxbOWRwnbjSNw8TDXz5pA3iwXrqBhoeqMc8fG7U9JpllMOOwdTpbf6vuddgS2LUhomvidi
****************** JJpX85UiVMIIL76SOmx/V38lvKURDRVwbXc8U7kDRoSED310LrcjKfQCfTMxbOWRwnbjSNw8TDXz5pA3iwXrqBhoeqMc8fG7U9JpllMOOwdTpbf6vuddgS2LUhomvidi
****************** JJpX85UiVMIIL76SOmx/V38lvKURDRVwbXc8U7kDRoSED310LrcjKfQCfTMxbOWRwnbjSNw8TDXz5pA3iwXrqBhoeqMc8fG7U9JpllMOOwdTpbf6vuddgS2LUhomvidi
****************** JJpX85UiVMIIL76SOmx/V38lvKURDRVwbXc8U7kDRoSED310LrcjKfQCfTMxbOWRwnbjSNw8TDXz5pA3iwXrqBhoeqMc8fG7U9JpllMOOwdTpbf6vuddgS2LUhomvidi
****************** JJpX85UiVMIIL76SOmx/V38lvKURDRVwbXc8U7kDRoSED310LrcjKfQCfTMxbOWRwnbjSNw8TDXz5pA3iwXrqBhoeqMc8fG7U9JpllMOOwdTpbf6vuddgS2LUhomvidi
****************** JJpX85UiVMIIL76SOmx/V38lvKURDRVwbXc8U7kDRoSED310LrcjKfQCfTMxbOWRwnbjSNw8TDXz5pA3iwXrqBhoeqMc8fG7U9JpllMOOwdTpbf6vuddgS2LUhomvidi
****************** JJpX85UiVMIIL76SOmx/V38lvKURDRVwbXc8U7kDRoSED310LrcjKfQCfTMxbOWRwnbjSNw8TDXz5pA3iwXrqBhoeqMc8fG7U9JpllMOOwdTpbf6vuddgS2LUhomvidi
****************** JJpX85UiVMIIL76SOmx/V38lvKURDRVwbXc8U7kDRoSED310LrcjKfQCfTMxbOWRwnbjSNw8TDXz5pA3iwXrqBhoeqMc8fG7U9JpllMOOwdTpbf6vuddgS2LUhomvidi
****************** JJpX85UiVMIIL76SOmx/V38lvKURDRVwbXc8U7kDRoSED310LrcjKfQCfTMxbOWRwnbjSNw8TDXz5pA3iwXrqBhoeqMc8fG7U9JpllMOOwdTpbf6vuddgS2LUhomvidi
****************** JJpX85UiVMIIL76SOmx/V38lvKURDRVwbXc8U7kDRoSED310LrcjKfQCfTMxbOWRwnbjSNw8TDXz5pA3iwXrqBhoeqMc8fG7U9JpllMOOwdTpbf6vuddgS2LUhomvidi
****************** JJpX85UiVMIIL76SOmx/V38lvKURDRVwbXc8U7kDRoSED310LrcjKfQCfTMxbOWRwnbjSNw8TDXz5pA3iwXrqBhoeqMc8fG7U9JpllMOOwdTpbf6vuddgS2LUhomvidi
****************** JJpX85UiVMIIL76SOmx/V38lvKURDRVwbXc8U7kDRoSED310LrcjKfQCfTMxbOWRwnbjSNw8TDXz5pA3iwXrqBhoeqMc8fG7U9JpllMOOwdTpbf6vuddgS2LUhomvidi
****************** JJpX85UiVMIIL76SOmx/V38lvKURDRVwbXc8U7kDRoSED310LrcjKfQCfTMxbOWRwnbjSNw8TDXz5pA3iwXrqBhoeqMc8fG7U9JpllMOOwdTpbf6vuddgS2LUhomvidi
****************** JJpX85UiVMIIL76SOmx/V38lvKURDRVwbXc8U7kDRoSED310LrcjKfQCfTMxbOWRwnbjSNw8TDXz5pA3iwXrqBhoeqMc8fG7U9JpllMOOwdTpbf6vuddgS2LUhomvidi
****************** JJpX85UiVMIIL76SOmx/V38lvKURDRVwbXc8U7kDRoSED310LrcjKfQCfTMxbOWRwnbjSNw8TDXz5pA3iwXrqBhoeqMc8fG7U9JpllMOOwdTpbf6vuddgS2LUhomvidi
****************** JJpX85UiVMIIL76SOmx/V38lvKURDRVwbXc8U7kDRoSED310LrcjKfQCfTMxbOWRwnbjSNw8TDXz5pA3iwXrqBhoeqMc8fG7U9JpllMOOwdTpbf6vuddgS2LUhomvidi
****************** JJpX85UiVMIIL76SOmx/V38lvKURDRVwbXc8U7kDRoSED310LrcjKfQCfTMxbOWRwnbjSNw8TDXz5pA3iwXrqBhoeqMc8fG7U9JpllMOOwdTpbf6vuddgS2LUhomvidi
****************** JJpX85UiVMIIL76SOmx/V38lvKURDRVwbXc8U7kDRoSED310LrcjKfQCfTMxbOWRwnbjSNw8TDXz5pA3iwXrqBhoeqMc8fG7U9JpllMOOwdTpbf6vuddgS2LUhomvidi
****************** JJpX85UiVMIIL76SOmx/V38lvKURDRVwbXc8U7kDRoSED310LrcjKfQCfTMxbOWRwnbjSNw8TDXz5pA3iwXrqBhoeqMc8fG7U9JpllMOOwdTpbf6vuddgS2LUhomvidi
****************** JJpX85UiVMIIL76SOmx/V38lvKURDRVwbXc8U7kDRoSED310LrcjKfQCfTMxbOWRwnbjSNw8TDXz5pA3iwXrqBhoeqMc8fG7U9JpllMOOwdTpbf6vuddgS2LUhomvidi
****************** JJpX85UiVMIIL76SOmx/V38lvKURDRVwbXc8U7kDRoSED310LrcjKfQCfTMxbOWRwnbjSNw8TDXz5pA3iwXrqBhoeqMc8fG7U9JpllMOOwdTpbf6vuddgS2LUhomvidi
****************** JJpX85UiVMIIL76SOmx/V38lvKURDRVwbXc8U7kDRoSED310LrcjKfQCfTMxbOWRwnbjSNw8TDXz5pA3iwXrqBhoeqMc8fG7U9JpllMOOwdTpbf6vuddgS2LUhomvidi
****************** JJpX85UiVMIIL76SOmx/V38lvKURDRVwbXc8U7kDRoSED310LrcjKfQCfTMxbOWRwnbjSNw8TDXz5pA3iwXrqBhoeqMc8fG7U9JpllMOOwdTpbf6vuddgS2LUhomvidi
****************** JJpX85UiVMIIL76SOmx/V38lvKURDRVwbXc8U7kDRoSED310LrcjKfQCfTMxbOWRwnbjSNw8TDXz5pA3iwXrqBhoeqMc8fG7U9JpllMOOwdTpbf6vuddgS2LUhomvidi
****************** JJpX85UiVMIIL76SOmx/V38lvKURDRVwbXc8U7kDRoSED310LrcjKfQCfTMxbOWRwnbjSNw8TDXz5pA3iwXrqBhoeqMc8fG7U9JpllMOOwdTpbf6vuddgS2LUhomvidi
****************** JJpX85UiVMIIL76SOmx/V38lvKURDRVwbXc8U7kDRoSED310LrcjKfQCfTMxbOWRwnbjSNw8TDXz5pA3iwXrqBhoeqMc8fG7U9JpllMOOwdTpbf6vuddgS2LUhomvidi
****************** JJpX85UiVMIIL76SOmx/V38lvKURDRVwbXc8U7kDRoSED310LrcjKfQCfTMxbOWRwnbjSNw8TDXz5pA3iwXrqBhoeqMc8fG7U9JpllMOOwdTpbf6vuddgS2LUhomvidi
****************** JJpX85UiVMIIL76SOmx/V38lvKURDRVwbXc8U7kDRoSED310LrcjKfQCfTMxbOWRwnbjSNw8TDXz5pA3iwXrqBhoeqMc8fG7U9JpllMOOwdTpbf6vuddgS2LUhomvidi
****************** JJpX85UiVMIIL76SOmx/V38lvKURDRVwbXc8U7kDRoSED310LrcjKfQCfTMxbOWRwnbjSNw8TDXz5pA3iwXrqBhoeqMc8fG7U9JpllMOOwdTpbf6vuddgS2LUhomvidi
****************** JJpX85UiVMIIL76SOmx/V38lvKURDRVwbXc8U7kDRoSED310LrcjKfQCfTMxbOWRwnbjSNw8TDXz5pA3iwXrqBhoeqMc8fG7U9JpllMOOwdTpbf6vuddgS2LUhomvidi
****************** JJpX85UiVMIIL76SOmx/V38lvKURDRVwbXc8U7kDRoSED310LrcjKfQCfTMxbOWRwnbjSNw8TDXz5pA3iwXrqBhoeqMc8fG7U9JpllMOOwdTpbf6vuddgS2LUhomvidi
****************** JJpX85UiVMIIL76SOmx/V38lvKURDRVwbXc8U7kDRoSED310LrcjKfQCfTMxbOWRwnbjSNw8TDXz5pA3iwXrqBhoeqMc8fG7U9JpllMOOwdTpbf6vuddgS2LUhomvidi
****************** JJpX85UiVMIIL76SOmx/V38lvKURDRVwbXc8U7kDRoSED310LrcjKfQCfTMxbOWRwnbjSNw8TDXz5pA3iwXrqBhoeqMc8fG7U9JpllMOOwdTpbf6vuddgS2LUhomvidi
****************** JJpX85UiVMIIL76SOmx/V38lvKURDRVwbXc8U7kDRoSED310LrcjKfQCfTMxbOWRwnbjSNw8TDXz5pA3iwXrqBhoeqMc8fG7U9JpllMOOwdTpbf6vuddgS2LUhomvidi
****************** JJpX85UiVMIIL76SOmx/V38lvKURDRVwbXc8U7kDRoSED310LrcjKfQCfTMxbOWRwnbjSNw8TDXz5pA3iwXrqBhoeqMc8fG7U9JpllMOOwdTpbf6vuddgS2LUhomvidi
****************** JJpX85UiVMIIL76SOmx/V38lvKURDRVwbXc8U7kDRoSED310LrcjKfQCfTMxbOWRwnbjSNw8TDXz5pA3iwXrqBhoeqMc8fG7U9JpllMOOwdTpbf6vuddgS2LUhomvidi
****************** JJpX85UiVMIIL76SOmx/V38lvKURDRVwbXc8U7kDRoSED310LrcjKfQCfTMxbOWRwnbjSNw8TDXz5pA3iwXrqBhoeqMc8fG7U9JpllMOOwdTpbf6vuddgS2LUhomvidi
****************** JJpX85UiVMIIL76SOmx/V38lvKURDRVwbXc8U7kDRoSED310LrcjKfQCfTMxbOWRwnbjSNw8TDXz5pA3iwXrqBhoeqMc8fG7U9JpllMOOwdTpbf6vuddgS2LUhomvidi
****************** JJpX85UiVMIIL76SOmx/V38lvKURDRVwbXc8U7kDRoSED310LrcjKfQCfTMxbOWRwnbjSNw8TDXz5pA3iwXrqBhoeqMc8fG7U9JpllMOOwdTpbf6vuddgS2LUhomvidi
****************** JJpX85UiVMIIL76SOmx/V38lvKURDRVwbXc8U7kDRoSED310LrcjKfQCfTMxbOWRwnbjSNw8TDXz5pA3iwXrqBhoeqMc8fG7U9JpllMOOwdTpbf6vuddgS2LUhomvidi
****************** JJpX85UiVMIIL76SOmx/V38lvKURDRVwbXc8U7kDRoSED310LrcjKfQCfTMxbOWRwnbjSNw8TDXz5pA3iwXrqBhoeqMc8fG7U9JpllMOOwdTpbf6vuddgS2LUhomvidi
</DebugTrace>
      </Output>
    </UnitTestResult>
    <UnitTestResult executionId="5bdb307b-22dc-411d-bdf8-259b7656c19d" testId="20f0da05-06f5-50cc-bee5-9ac7cf561794" testName="D_SaveNetworkrStatsMainMethodCodeGenerator" computerName="DESKTOP-5AJ0SB3" duration="00:01:28.1797347" startTime="2021-01-27T12:55:08.4007884+05:00" endTime="2021-01-27T12:56:36.5847016+05:00" testType="13cdc9d9-ddb5-4fa4-a97d-d965ccfc6d4b" outcome="Passed" testListId="8c84fa94-04c1-424b-9868-57a2d4851a1d" relativeResultsDirectory="5bdb307b-22dc-411d-bdf8-259b7656c19d">
      <Output>
        <DebugTrace>****************** http://52.13.174.6/sheeda/admin/analytics/saveNetworkStats
****************** SELECT apps.package, apps.osID, apps.appID, apps.companyID,apps.sdkID,sdk_info.ver from apps INNER JOIN sdk_info ON apps.sdkID = sdk_info.sdkID where apps.sdkID &gt; 20 Limit 50
****************** 
****************** select adID from ads where ad_type != 'analytics';
****************** 
****************** JJpX85UiVMIIL76SOmx/V38lvKURDRVwbXc8U7kDRoSED310LrcjKfQCfTMxbOWRwnbjSNw8TDXz5pA3iwXrqBhoeqMc8fG7U9JpllMOOwdTpbf6vuddgS2LUhomvidi
****************** http://52.13.174.6/sheeda/admin/analytics/saveNetworkStats
message value is correct
Session token value is set

****************** http://52.13.174.6/sheeda/admin/analytics/saveNetworkStats
Message value not appearing correctly
****************** http://52.13.174.6/sheeda/admin/analytics/saveNetworkStats
message value is correct
Session token value is set

****************** http://52.13.174.6/sheeda/admin/analytics/saveNetworkStats
message value is correct
Session token value is set

****************** http://52.13.174.6/sheeda/admin/analytics/saveNetworkStats
Message value not appearing correctly
****************** http://52.13.174.6/sheeda/admin/analytics/saveNetworkStats
message value is correct
Session token value is set

****************** http://52.13.174.6/sheeda/admin/analytics/saveNetworkStats
Message value not appearing correctly
****************** http://52.13.174.6/sheeda/admin/analytics/saveNetworkStats
Message value not appearing correctly
****************** http://52.13.174.6/sheeda/admin/analytics/saveNetworkStats
Message value not appearing correctly
****************** http://52.13.174.6/sheeda/admin/analytics/saveNetworkStats
message value is correct
Session token value is set

****************** http://52.13.174.6/sheeda/admin/analytics/saveNetworkStats
Message value not appearing correctly
****************** http://52.13.174.6/sheeda/admin/analytics/saveNetworkStats
Message value not appearing correctly
****************** http://52.13.174.6/sheeda/admin/analytics/saveNetworkStats
message value is correct
Session token value is set

****************** http://52.13.174.6/sheeda/admin/analytics/saveNetworkStats
message value is correct
Session token value is set

****************** http://52.13.174.6/sheeda/admin/analytics/saveNetworkStats
Message value not appearing correctly
****************** http://52.13.174.6/sheeda/admin/analytics/saveNetworkStats
Message value not appearing correctly
****************** http://52.13.174.6/sheeda/admin/analytics/saveNetworkStats
Message value not appearing correctly
****************** http://52.13.174.6/sheeda/admin/analytics/saveNetworkStats
Message value not appearing correctly
****************** http://52.13.174.6/sheeda/admin/analytics/saveNetworkStats
Message value not appearing correctly
****************** http://52.13.174.6/sheeda/admin/analytics/saveNetworkStats
message value is correct
Session token value is set

****************** http://52.13.174.6/sheeda/admin/analytics/saveNetworkStats
message value is correct
Session token value is set

****************** http://52.13.174.6/sheeda/admin/analytics/saveNetworkStats
message value is correct
Session token value is set

****************** http://52.13.174.6/sheeda/admin/analytics/saveNetworkStats
message value is correct
Session token value is set

****************** http://52.13.174.6/sheeda/admin/analytics/saveNetworkStats
Message value not appearing correctly
****************** http://52.13.174.6/sheeda/admin/analytics/saveNetworkStats
Message value not appearing correctly
****************** http://52.13.174.6/sheeda/admin/analytics/saveNetworkStats
Message value not appearing correctly
****************** http://52.13.174.6/sheeda/admin/analytics/saveNetworkStats
message value is correct
Session token value is set

****************** http://52.13.174.6/sheeda/admin/analytics/saveNetworkStats
message value is correct
Session token value is set

****************** http://52.13.174.6/sheeda/admin/analytics/saveNetworkStats
message value is correct
Session token value is set

****************** http://52.13.174.6/sheeda/admin/analytics/saveNetworkStats
message value is correct
Session token value is set

****************** http://52.13.174.6/sheeda/admin/analytics/saveNetworkStats
message value is correct
Session token value is set

****************** http://52.13.174.6/sheeda/admin/analytics/saveNetworkStats
message value is correct
****************** http://52.13.174.6/sheeda/admin/analytics/saveNetworkStats
message value is correct
Session token value is set

****************** http://52.13.174.6/sheeda/admin/analytics/saveNetworkStats
message value is correct
Session token value is set

****************** http://52.13.174.6/sheeda/admin/analytics/saveNetworkStats
message value is correct
****************** http://52.13.174.6/sheeda/admin/analytics/saveNetworkStats
message value is correct
Session token value is set

****************** http://52.13.174.6/sheeda/admin/analytics/saveNetworkStats
message value is correct
****************** http://52.13.174.6/sheeda/admin/analytics/saveNetworkStats
message value is correct
Session token value is set

****************** http://52.13.174.6/sheeda/admin/analytics/saveNetworkStats
message value is correct
Session token value is set

****************** http://52.13.174.6/sheeda/admin/analytics/saveNetworkStats
message value is correct
Session token value is set

****************** http://52.13.174.6/sheeda/admin/analytics/saveNetworkStats
message value is correct
Session token value is set

****************** http://52.13.174.6/sheeda/admin/analytics/saveNetworkStats
message value is correct
Session token value is set

****************** http://52.13.174.6/sheeda/admin/analytics/saveNetworkStats
message value is correct
Session token value is set

****************** http://52.13.174.6/sheeda/admin/analytics/saveNetworkStats
message value is correct
Session token value is set

****************** http://52.13.174.6/sheeda/admin/analytics/saveNetworkStats
message value is correct
****************** http://52.13.174.6/sheeda/admin/analytics/saveNetworkStats
message value is correct
Session token value is set

****************** http://52.13.174.6/sheeda/admin/analytics/saveNetworkStats
message value is correct
****************** http://52.13.174.6/sheeda/admin/analytics/saveNetworkStats
message value is correct
****************** http://52.13.174.6/sheeda/admin/analytics/saveNetworkStats
message value is correct
Session token value is set

****************** http://52.13.174.6/sheeda/admin/analytics/saveNetworkStats
message value is correct
Session token value is set

</DebugTrace>
      </Output>
    </UnitTestResult>
    <UnitTestResult executionId="8e7d5c6c-9160-41f3-87f8-f2c473ed6ca2" testId="bfc1b289-dbbb-3bad-fc5e-78e601449e19" testName="E_StartNewAdSessionMainInputGenerator" computerName="DESKTOP-5AJ0SB3" duration="00:02:21.8822954" startTime="2021-01-27T12:56:36.5876985+05:00" endTime="2021-01-27T12:58:58.4779012+05:00" testType="13cdc9d9-ddb5-4fa4-a97d-d965ccfc6d4b" outcome="Passed" testListId="8c84fa94-04c1-424b-9868-57a2d4851a1d" relativeResultsDirectory="8e7d5c6c-9160-41f3-87f8-f2c473ed6ca2">
      <Output>
        <DebugTrace>****************** Select appKey , sdkID from apps where appkey!='' and sdkID &gt; 20 LIMIT 50
****************** 

{"appKey":"cf9b5e65c71c19e37f7fdec53fc4bd1d","osVersion":"9.0","orientation":"0","is_mac":"0","model":"GT-Nnnn0","deviceID":"889","telco_operator":"","cpu":"0","brand":"HUAWEI","userConsent":"0","internet_connectivity":"0","height":"455","architecture":"","width":"455","resolution":"1280x720","ram":"953,45 MB","sdkVersion":"2001","product":"j7xeltexx","devMode":"0"}
cache_ttl value is correct

Refresh Ad Rate value is correct
mode value is set

 Aspect ratio value is correct
sentry_log value is set
local_logging value is set
sentry_initialization value is set
sentry_debugging value is set
showPreRewardedDialogue value is set
showPostRewardedDialogue value is set
isSkipable value is set
{"cache_ttl":10080,"cache_ttl_rewarded":10080,"cache_ttl_banner":10080,"cache_ttl_native":10080,"cache_ttl_icon":10080,"campaigns":[{"campaignID":"138","attribution":0,"priority":"5","appToPromote":{"appToPromoteID":"1817","usesDefaultFrameImage":"1","usesDefaultCloseImage":"1","marketURL":"https:\/\/play.google.com\/store\/apps\/details?id=com.molev.army.shooting.training.game","packageID":"com.molev.army.shooting.training.game"},"showTemplate":1,"s2s_tracking_url":"https:\/\/play.google.com\/store\/apps\/details?id=com.molev.army.shooting.training.game","activeCreativeID":"130","scenes":["2","1"],"campaignAdType":"Interstitial","productId":"","purchaseBit":0,"licenseKey":""},{"campaignID":"138","attribution":0,"priority":"5","appToPromote":{"appToPromoteID":"1817","usesDefaultFrameImage":"1","usesDefaultCloseImage":"1","marketURL":"https:\/\/play.google.com\/store\/apps\/details?id=com.molev.army.shooting.training.game","packageID":"com.molev.army.shooting.training.game"},"showTemplate":1,"s2s_tracking_url":"https:\/\/play.google.com\/store\/apps\/details?id=com.molev.army.shooting.training.game","activeCreativeID":"130","scenes":["2","1"],"campaignAdType":"Interstitial","productId":"","purchaseBit":0,"licenseKey":""},{"campaignID":"138","attribution":0,"priority":"5","appToPromote":{"appToPromoteID":"1817","usesDefaultFrameImage":"1","usesDefaultCloseImage":"1","marketURL":"https:\/\/play.google.com\/store\/apps\/details?id=com.molev.army.shooting.training.game","packageID":"com.molev.army.shooting.training.game"},"showTemplate":1,"s2s_tracking_url":"https:\/\/play.google.com\/store\/apps\/details?id=com.molev.army.shooting.training.game","activeCreativeID":"130","scenes":["2","1"],"campaignAdType":"Interstitial","productId":"","purchaseBit":0,"licenseKey":""},{"campaignID":"138","attribution":0,"priority":"5","appToPromote":{"appToPromoteID":"1817","usesDefaultFrameImage":"1","usesDefaultCloseImage":"1","marketURL":"https:\/\/play.google.com\/store\/apps\/details?id=com.molev.army.shooting.training.game","packageID":"com.molev.army.shooting.training.game"},"showTemplate":1,"s2s_tracking_url":"https:\/\/play.google.com\/store\/apps\/details?id=com.molev.army.shooting.training.game","activeCreativeID":"130","scenes":["2","1"],"campaignAdType":"Interstitial","productId":"","purchaseBit":0,"licenseKey":""},{"campaignID":"138","attribution":0,"priority":"5","appToPromote":{"appToPromoteID":"1817","usesDefaultFrameImage":"1","usesDefaultCloseImage":"1","marketURL":"https:\/\/play.google.com\/store\/apps\/details?id=com.molev.army.shooting.training.game","packageID":"com.molev.army.shooting.training.game"},"showTemplate":1,"s2s_tracking_url":"https:\/\/play.google.com\/store\/apps\/details?id=com.molev.army.shooting.training.game","activeCreativeID":"130","scenes":["2","1"],"campaignAdType":"Interstitial","productId":"","purchaseBit":0,"licenseKey":""},{"campaignID":"138","attribution":0,"priority":"5","appToPromote":{"appToPromoteID":"1817","usesDefaultFrameImage":"1","usesDefaultCloseImage":"1","marketURL":"https:\/\/play.google.com\/store\/apps\/details?id=com.molev.army.shooting.training.game","packageID":"com.molev.army.shooting.training.game"},"showTemplate":1,"s2s_tracking_url":"https:\/\/play.google.com\/store\/apps\/details?id=com.molev.army.shooting.training.game","activeCreativeID":"130","scenes":["2","1"],"campaignAdType":"Interstitial","productId":"","purchaseBit":0,"licenseKey":""},{"campaignID":"8378","attribution":0,"priority":"8","appToPromote":{"appToPromoteID":"16480","usesDefaultFrameImage":"0","usesDefaultCloseImage":"0","marketURL":"https:\/\/play.google.com\/store\/apps\/details?id=com.nag.home.manager.working.virtual.mom","packageID":"com.GSS317.AmazingFamily"},"showTemplate":1,"s2s_tracking_url":"https:\/\/play.google.com\/store\/apps\/details?id=com.nag.home.manager.working.virtual.mom","activeCreativeID":"3720","scenes":["2","1"],"campaignAdType":"Interstitial","productId":"","purchaseBit":0,"licenseKey":""},{"campaignID":"9547","attribution":0,"priority":"8","appToPromote":{"appToPromoteID":"11879","usesDefaultFrameImage":"0","usesDefaultCloseImage":"0","marketURL":"https:\/\/play.google.com\/store\/apps\/details?id=com.buntoo.car.racing.games","packageID":"com.buntoo.car.racing.games"},"showTemplate":1,"s2s_tracking_url":"https:\/\/play.google.com\/store\/apps\/details?id=com.buntoo.car.racing.games","activeCreativeID":"4964","scenes":["2","1"],"campaignAdType":"Interstitial","productId":"","purchaseBit":0,"licenseKey":""},{"campaignID":"9586","attribution":0,"priority":"8","appToPromote":{"appToPromoteID":"515","usesDefaultFrameImage":"1","usesDefaultCloseImage":"1","marketURL":"https:\/\/play.google.com\/store\/apps\/details?id=com.plum.cash.counter.simualtor","packageID":"com.plum.cash.counter.simualtor"},"showTemplate":1,"s2s_tracking_url":"https:\/\/play.google.com\/store\/apps\/details?id=com.plum.cash.counter.simualtor","activeCreativeID":"50","scenes":["2","1"],"campaignAdType":"Interstitial","productId":"","purchaseBit":0,"licenseKey":""},{"campaignID":"9587","attribution":0,"priority":"8","appToPromote":{"appToPromoteID":"515","usesDefaultFrameImage":"1","usesDefaultCloseImage":"1","marketURL":"https:\/\/play.google.com\/store\/apps\/details?id=com.plum.cash.counter.simualtor","packageID":"com.plum.cash.counter.simualtor"},"showTemplate":1,"s2s_tracking_url":"https:\/\/play.google.com\/store\/apps\/details?id=com.plum.cash.counter.simualtor","activeCreativeID":"50","scenes":["2","1"],"campaignAdType":"Interstitial","productId":"","purchaseBit":0,"licenseKey":""},{"campaignID":"9588","attribution":0,"priority":"8","appToPromote":{"appToPromoteID":"515","usesDefaultFrameImage":"1","usesDefaultCloseImage":"1","marketURL":"https:\/\/play.google.com\/store\/apps\/details?id=com.plum.cash.counter.simualtor","packageID":"com.plum.cash.counter.simualtor"},"showTemplate":1,"s2s_tracking_url":"https:\/\/play.google.com\/store\/apps\/details?id=com.plum.cash.counter.simualtor","activeCreativeID":"50","scenes":["2","1"],"campaignAdType":"Interstitial","productId":"","purchaseBit":0,"licenseKey":""},{"campaignID":"9589","attribution":0,"priority":"8","appToPromote":{"appToPromoteID":"515","usesDefaultFrameImage":"1","usesDefaultCloseImage":"1","marketURL":"https:\/\/play.google.com\/store\/apps\/details?id=com.plum.cash.counter.simualtor","packageID":"com.plum.cash.counter.simualtor"},"showTemplate":1,"s2s_tracking_url":"https:\/\/play.google.com\/store\/apps\/details?id=com.plum.cash.counter.simualtor","activeCreativeID":"50","scenes":["2","1"],"campaignAdType":"Interstitial","productId":"","purchaseBit":0,"licenseKey":""},{"campaignID":"9131","attribution":0,"priority":"8","appToPromote":{"appToPromoteID":"17532","usesDefaultFrameImage":"0","usesDefaultCloseImage":"0","marketURL":"https:\/\/play.google.com\/store\/apps\/details?id=com.dhgate.buyermob","packageID":"com.dhgate.buyermob"},"showTemplate":1,"s2s_tracking_url":"https:\/\/tha.gotrackier.com\/click?campaign_id=63254\\u0026pub_id=75?p1=1_9131_889&amp;source=6841&amp;app_name=JungleWarrior&amp;gaid=889","activeCreativeID":"4483","scenes":["2","1"],"campaignAdType":"Interstitial","productId":"","purchaseBit":0,"licenseKey":""},{"campaignID":"8380","attribution_link":"","attribution":1,"priority":"7","appToPromote":{"appToPromoteID":"16480","usesDefaultFrameImage":"0","usesDefaultCloseImage":"0","marketURL":"https:\/\/play.google.com\/store\/apps\/details?id=com.nag.home.manager.working.virtual.mom","packageID":"com.GSS317.AmazingFamily"},"showTemplate":1,"s2s_tracking_url":"","activeCreativeID":"3720","scenes":["2","1"],"campaignAdType":"Interstitial","productId":"","purchaseBit":0,"licenseKey":""},{"campaignID":"444","attribution":0,"priority":"6","appToPromote":{"appToPromoteID":"3355","usesDefaultFrameImage":"0","usesDefaultCloseImage":"0","marketURL":"https:\/\/play.google.com\/store\/apps\/details?id=com.popnsons.parkour.mouse","packageID":"com.popnsons.parkour.mouse"},"showTemplate":1,"s2s_tracking_url":"https:\/\/play.google.com\/store\/apps\/details?id=com.popnsons.parkour.mouse","activeCreativeID":"469","scenes":["2","1"],"campaignAdType":"Interstitial","productId":"","purchaseBit":0,"licenseKey":""},{"campaignID":"561","attribution":0,"priority":"6","appToPromote":{"appToPromoteID":"5026","usesDefaultFrameImage":"0","usesDefaultCloseImage":"0","marketURL":"https:\/\/play.google.com\/store\/apps\/details?id=com.as.cashupapp","packageID":"com.as.cashupapp"},"showTemplate":1,"s2s_tracking_url":"https:\/\/play.google.com\/store\/apps\/details?id=com.as.cashupapp","activeCreativeID":"652","scenes":["2","1"],"campaignAdType":"Interstitial","productId":"","purchaseBit":0,"licenseKey":""},{"campaignID":"570","attribution":0,"priority":"6","appToPromote":{"appToPromoteID":"3802","usesDefaultFrameImage":"0","usesDefaultCloseImage":"0","marketURL":"https:\/\/play.google.com\/store\/apps\/details?id=com.Madxstudios.Flickshootsoccer","packageID":"com.Madxstudios.Flickshootsoccer"},"showTemplate":1,"s2s_tracking_url":"https:\/\/play.google.com\/store\/apps\/details?id=com.Madxstudios.Flickshootsoccer","activeCreativeID":"661","scenes":["2","1"],"campaignAdType":"Interstitial","productId":"","purchaseBit":0,"licenseKey":""},{"campaignID":"588","attribution":0,"priority":"6","appToPromote":{"appToPromoteID":"5026","usesDefaultFrameImage":"0","usesDefaultCloseImage":"0","marketURL":"https:\/\/play.google.com\/store\/apps\/details?id=com.as.cashupapp","packageID":"com.as.cashupapp"},"showTemplate":1,"s2s_tracking_url":"https:\/\/play.google.com\/store\/apps\/details?id=com.as.cashupapp","activeCreativeID":"652","scenes":["2","1"],"campaignAdType":"Interstitial","productId":"","purchaseBit":0,"licenseKey":""},{"campaignID":"8808","attribution_link":"","attribution":1,"priority":"5","appToPromote":{"appToPromoteID":"16528","usesDefaultFrameImage":"0","usesDefaultCloseImage":"0","marketURL":"https:\/\/play.google.com\/store\/apps\/details?id=com.bag.farm.day.village.farming.games","packageID":"com.GSS317.com.bag.farm.day.village.farming.games"},"showTemplate":1,"s2s_tracking_url":"","activeCreativeID":"3775","scenes":["2","1"],"campaignAdType":"Interstitial","productId":"","purchaseBit":0,"licenseKey":""},{"campaignID":"8876","attribution":0,"priority":"5","appToPromote":{"appToPromoteID":"15640","usesDefaultFrameImage":"0","usesDefaultCloseImage":"0","marketURL":"https:\/\/play.google.com\/store\/apps\/details?id=com.pgz.police.bike.stunt.ramp.bike.racing.games","packageID":"com.pgz.police.bike.stunt.ramp.bike.racing.games"},"showTemplate":1,"s2s_tracking_url":"https:\/\/play.google.com\/store\/apps\/details?id=com.pgz.police.bike.stunt.ramp.bike.racing.games","activeCreativeID":"4236","scenes":["2","1"],"campaignAdType":"Interstitial","productId":"","purchaseBit":0,"licenseKey":""},{"campaignID":"8972","attribution":0,"priority":"5","appToPromote":{"appToPromoteID":"15974","usesDefaultFrameImage":"0","usesDefaultCloseImage":"0","marketURL":"https:\/\/play.google.com\/store\/apps\/details?id=com.mustardgames.bmx.cycle.stunt.mega.ramp.impossibletracks","packageID":"com.mustardgames.bmx.cycle.stunt.mega.ramp.impossibletracks"},"showTemplate":1,"s2s_tracking_url":"https:\/\/play.google.com\/store\/apps\/details?id=com.mustardgames.bmx.cycle.stunt.mega.ramp.impossibletracks","activeCreativeID":"4339","scenes":["2","1"],"campaignAdType":"Interstitial","productId":"","purchaseBit":0,"licenseKey":""},{"campaignID":"8973","attribution":0,"priority":"5","appToPromote":{"appToPromoteID":"15974","usesDefaultFrameImage":"0","usesDefaultCloseImage":"0","marketURL":"https:\/\/play.google.com\/store\/apps\/details?id=com.mustardgames.bmx.cycle.stunt.mega.ramp.impossibletracks","packageID":"com.mustardgames.bmx.cycle.stunt.mega.ramp.impossibletracks"},"showTemplate":1,"s2s_tracking_url":"https:\/\/play.google.com\/store\/apps\/details?id=com.mustardgames.bmx.cycle.stunt.mega.ramp.impossibletracks","activeCreativeID":"4339","scenes":["2","1"],"campaignAdType":"Interstitial","productId":"","purchaseBit":0,"licenseKey":""},{"campaignID":"8974","attribution":0,"priority":"5","appToPromote":{"appToPromoteID":"15974","usesDefaultFrameImage":"0","usesDefaultCloseImage":"0","marketURL":"https:\/\/play.google.com\/store\/apps\/details?id=com.mustardgames.bmx.cycle.stunt.mega.ramp.impossibletracks","packageID":"com.mustardgames.bmx.cycle.stunt.mega.ramp.impossibletracks"},"showTemplate":1,"s2s_tracking_url":"https:\/\/play.google.com\/store\/apps\/details?id=com.mustardgames.bmx.cycle.stunt.mega.ramp.impossibletracks","activeCreativeID":"3564","scenes":["2","1"],"campaignAdType":"Video","productId":"","purchaseBit":0,"licenseKey":""},{"campaignID":"8747","attribution":0,"priority":"3","appToPromote":{"appToPromoteID":"16244","usesDefaultFrameImage":"0","usesDefaultCloseImage":"0","marketURL":"https:\/\/play.google.com\/store\/apps\/details?id=com.mustardgames.formula.car.racing.ramp.car.stunt.impossible.tracks","packageID":"com.mustardgames.formula.car.racing.ramp.car.stunt.impossible.tracks"},"showTemplate":1,"s2s_tracking_url":"https:\/\/play.google.com\/store\/apps\/details?id=com.mustardgames.formula.car.racing.ramp.car.stunt.impossible.tracks","activeCreativeID":"3993","scenes":["2","1"],"campaignAdType":"Video","productId":"","purchaseBit":0,"licenseKey":""},{"campaignID":"414","attribution":0,"priority":"3","appToPromote":{"appToPromoteID":"3023","usesDefaultFrameImage":"0","usesDefaultCloseImage":"0","marketURL":"https:\/\/play.google.com\/store\/apps\/details?id=com.appricot2d.rolo.pet.parrot","packageID":"com.appricot2d.rolo.pet.parrot"},"showTemplate":1,"s2s_tracking_url":"https:\/\/play.google.com\/store\/apps\/details?id=com.appricot2d.rolo.pet.parrot","activeCreativeID":"385","scenes":["2","1"],"campaignAdType":"Interstitial","productId":"","purchaseBit":0,"licenseKey":""},{"campaignID":"559","attribution":0,"priority":"3","appToPromote":{"appToPromoteID":"3476","usesDefaultFrameImage":"0","usesDefaultCloseImage":"0","marketURL":"https:\/\/play.google.com\/store\/apps\/details?id=com.perspectivegames.real.impossible.tracks.stunts","packageID":"com.perspectivegames.real.impossible.tracks.stunts"},"showTemplate":1,"s2s_tracking_url":"https:\/\/play.google.com\/store\/apps\/details?id=com.perspectivegames.real.impossible.tracks.stunts","activeCreativeID":"649","scenes":["2","1"],"campaignAdType":"Interstitial","productId":"","purchaseBit":0,"licenseKey":""},{"campaignID":"741","attribution":0,"priority":"3","appToPromote":{"appToPromoteID":"5609","usesDefaultFrameImage":"0","usesDefaultCloseImage":"0","marketURL":"https:\/\/play.google.com\/store\/apps\/details?id=com.kick.gyroscopic.city.train.driver.simulator","packageID":"com.kick.gyroscopic.city.train.driver.simulator"},"showTemplate":1,"s2s_tracking_url":"https:\/\/play.google.com\/store\/apps\/details?id=com.kick.gyroscopic.city.train.driver.simulator","activeCreativeID":"753","scenes":["2","1"],"campaignAdType":"Interstitial","productId":"","purchaseBit":0,"licenseKey":""},{"campaignID":"798","attribution":0,"priority":"3","appToPromote":{"appToPromoteID":"5770","usesDefaultFrameImage":"0","usesDefaultCloseImage":"0","marketURL":"https:\/\/play.google.com\/store\/apps\/details?id=com.simulatorgames3d.alohacelebrations","packageID":"com.simulatorgames3d.alohacelebrations"},"showTemplate":1,"s2s_tracking_url":"https:\/\/play.google.com\/store\/apps\/details?id=com.simulatorgames3d.alohacelebrations","activeCreativeID":"787","scenes":["2","1"],"campaignAdType":"Interstitial","productId":"","purchaseBit":0,"licenseKey":""},{"campaignID":"1483","attribution":0,"priority":"3","appToPromote":{"appToPromoteID":"1714","usesDefaultFrameImage":"1","usesDefaultCloseImage":"1","marketURL":"https:\/\/play.google.com\/store\/apps\/details?id=com.playink.cookie.maker","packageID":"com.playink.cookie.maker"},"showTemplate":1,"s2s_tracking_url":"https:\/\/play.google.com\/store\/apps\/details?id=com.playink.cookie.maker","activeCreativeID":"1020","scenes":["2","1"],"campaignAdType":"Interstitial","productId":"","purchaseBit":0,"licenseKey":""},{"campaignID":"8762","attribution":0,"priority":"2","appToPromote":{"appToPromoteID":"13265","usesDefaultFrameImage":"0","usesDefaultCloseImage":"0","marketURL":"https:\/\/play.google.com\/store\/apps\/details?id=com.rhg.tricky.bike.stunt.moto.master","packageID":"com.rhg.tricky.bike.stunt.moto.master"},"showTemplate":1,"s2s_tracking_url":"https:\/\/play.google.com\/store\/apps\/details?id=com.rhg.tricky.bike.stunt.moto.master","activeCreativeID":"4121","scenes":["2","1"],"campaignAdType":"Rewarded Video","productId":"","purchaseBit":0,"licenseKey":""},{"campaignID":"8971","attribution":0,"priority":"2","appToPromote":{"appToPromoteID":"15640","usesDefaultFrameImage":"0","usesDefaultCloseImage":"0","marketURL":"https:\/\/play.google.com\/store\/apps\/details?id=com.pgz.police.bike.stunt.ramp.bike.racing.games","packageID":"com.pgz.police.bike.stunt.ramp.bike.racing.games"},"showTemplate":1,"s2s_tracking_url":"https:\/\/play.google.com\/store\/apps\/details?id=com.pgz.police.bike.stunt.ramp.bike.racing.games","activeCreativeID":"4236","scenes":["2","1"],"campaignAdType":"Interstitial","productId":"","purchaseBit":0,"licenseKey":""},{"campaignID":"9366","attribution":0,"priority":"2","appToPromote":{"appToPromoteID":"17602","usesDefaultFrameImage":"0","usesDefaultCloseImage":"0","marketURL":"https:\/\/play.google.com\/store\/apps\/details?id=com.abaenglish.videoclass&amp;referrer=utm_source=42matters.com&amp;utm_medium=api","packageID":"com.abaenglish.videoclass"},"showTemplate":1,"s2s_tracking_url":"https:\/\/play.google.com\/store\/apps\/details?id=com.abaenglish.videoclass&amp;referrer=utm_source=42matters.com&amp;utm_medium=api","activeCreativeID":"4815","scenes":["2","1"],"campaignAdType":"Interstitial","productId":"","purchaseBit":0,"licenseKey":""},{"campaignID":"9367","attribution":0,"priority":"2","appToPromote":{"appToPromoteID":"17602","usesDefaultFrameImage":"0","usesDefaultCloseImage":"0","marketURL":"https:\/\/play.google.com\/store\/apps\/details?id=com.abaenglish.videoclass&amp;referrer=utm_source=42matters.com&amp;utm_medium=api","packageID":"com.abaenglish.videoclass"},"showTemplate":1,"s2s_tracking_url":"https:\/\/play.google.com\/store\/apps\/details?id=com.abaenglish.videoclass&amp;referrer=utm_source=42matters.com&amp;utm_medium=api","activeCreativeID":"4815","scenes":["2","1"],"campaignAdType":"Interstitial","productId":"","purchaseBit":0,"licenseKey":""},{"campaignID":"9368","attribution":0,"priority":"2","appToPromote":{"appToPromoteID":"17602","usesDefaultFrameImage":"0","usesDefaultCloseImage":"0","marketURL":"https:\/\/play.google.com\/store\/apps\/details?id=com.abaenglish.videoclass&amp;referrer=utm_source=42matters.com&amp;utm_medium=api","packageID":"com.abaenglish.videoclass"},"showTemplate":1,"s2s_tracking_url":"https:\/\/play.google.com\/store\/apps\/details?id=com.abaenglish.videoclass&amp;referrer=utm_source=42matters.com&amp;utm_medium=api","activeCreativeID":"4815","scenes":["2","1"],"campaignAdType":"Interstitial","productId":"","purchaseBit":0,"licenseKey":""},{"campaignID":"9369","attribution":0,"priority":"2","appToPromote":{"appToPromoteID":"17602","usesDefaultFrameImage":"0","usesDefaultCloseImage":"0","marketURL":"https:\/\/play.google.com\/store\/apps\/details?id=com.abaenglish.videoclass&amp;referrer=utm_source=42matters.com&amp;utm_medium=api","packageID":"com.abaenglish.videoclass"},"showTemplate":1,"s2s_tracking_url":"https:\/\/play.google.com\/store\/apps\/details?id=com.abaenglish.videoclass&amp;referrer=utm_source=42matters.com&amp;utm_medium=api","activeCreativeID":"4815","scenes":["2","1"],"campaignAdType":"Interstitial","productId":"","purchaseBit":0,"licenseKey":""}],"refreshAdRate":30,"mode":"Production","aspectRatio":"9_16","cdnPath":"https:\/\/df8ymybeo92md.cloudfront.net\/images\/","sentry_log":0,"local_logging":0,"sentry_dsn":"https:\/\/93ffa1c9a4124f67b8888a53265f751a:bbf998e04584477fa9a145838e9d3b26@sentry.io\/168994","sentry_initialization":1,"sentry_debugging":0,"bannerSizes":["1"],"aspectRatioVideo":"9_16","app_id":"1","showPreRewardedDialogue":0,"showPostRewardedDialogue":0,"rewardCurrency":"coins","rewardValue":0,"isSkipable":0,"privacyPolicyURL":"https:\/\/www.consoliads.com\/privacy-policy\/","sessionToken":"rbkdW\/9zg8QZ0acUCK4xWpAlEfbFrdG236btllZwOPDqoSk\/POfHWg542VWsASo5lrr9IGeSwt5hLEzQdLkR+BIB2bKRjPIWQ7y5uGpkbjS8V2\/Lwrjlec3mACdHrs44JIY6EHNetTqbmJKzgH4sG0jgc\/swWYlk\/a8Qo2VNPHo="}
Session token value is set

mode value is set

 Aspect ratio value is correct
sentry_log value is set
Session token value is set


{"appKey":"1babdbf77027233f02631f34358fa4cb","osVersion":"7.0","orientation":"0","is_mac":"0","model":"GT-Snnn0","deviceID":"835","telco_operator":"Oi","cpu":"0","brand":"HONOR","userConsent":"0","internet_connectivity":"0","height":"434","architecture":"aarch64","width":"434","resolution":"1436x720","ram":"1.77 GB","sdkVersion":"39","product":"STK-L21M","devMode":"0"}
cache_ttl value is correct

Refresh Ad Rate value is correct
mode value is set

 Aspect ratio value is correct
sentry_log value is set
local_logging value is set
sentry_initialization value is set
sentry_debugging value is set
showPreRewardedDialogue value is set
showPostRewardedDialogue value is set
isSkipable value is set
{"cache_ttl":10080,"cache_ttl_rewarded":10080,"cache_ttl_banner":10080,"cache_ttl_native":10080,"cache_ttl_icon":10080,"refreshAdRate":30,"mode":"Production","aspectRatio":"9_16","cdnPath":"https:\/\/df8ymybeo92md.cloudfront.net\/images\/","sentry_log":0,"local_logging":0,"sentry_dsn":"https:\/\/93ffa1c9a4124f67b8888a53265f751a:bbf998e04584477fa9a145838e9d3b26@sentry.io\/168994","sentry_initialization":1,"sentry_debugging":0,"bannerSizes":[],"aspectRatioVideo":"9_16","app_id":"17","showPreRewardedDialogue":0,"showPostRewardedDialogue":0,"rewardCurrency":"coins","rewardValue":0,"isSkipable":0,"privacyPolicyURL":"https:\/\/www.consoliads.com\/privacy-policy\/","sessionToken":"dXV1NFSvgztGRLtVagfEHpBGETo35q5ssTT\/xusi4GfvCQ5lHVR\/tEMCAYZD8Oh16QhCbgVsHL9f5evdWfhbkbE7Vkh2\/QvNnEDKTXGp+GCjxZD1Ui9EiDjTmA6XQ7Mw78PwjYVBygdVSkQACruRl7Mra9qnthbJbXBkjeaaVww="}
Session token value is set


{"appKey":"6ddf0213018740694ee42a85ec9b27b9","osVersion":"6.0","orientation":"0","is_mac":"0","model":"GT-Snnn2","deviceID":"484","telco_operator":"Maroc","cpu":"0","brand":"vivo","userConsent":"0","internet_connectivity":"0","height":"293","architecture":"armv8l","width":"293","resolution":"1344x720","ram":"1.68 GB","sdkVersion":"39","product":"aosp_arm","devMode":"0"}
cache_ttl value is correct

Refresh Ad Rate value is correct
mode value is set

 Aspect ratio value is correct
sentry_log value is set
local_logging value is set
sentry_initialization value is set
sentry_debugging value is set
showPreRewardedDialogue value is set
showPostRewardedDialogue value is set
isSkipable value is set
{"cache_ttl":10080,"cache_ttl_rewarded":10080,"cache_ttl_banner":10080,"cache_ttl_native":10080,"cache_ttl_icon":10080,"refreshAdRate":30,"mode":"Production","aspectRatio":"9_16","cdnPath":"https:\/\/df8ymybeo92md.cloudfront.net\/images\/","sentry_log":0,"local_logging":0,"sentry_dsn":"https:\/\/e6dcd89483ae4d13b0f42ed3810d8d62:078421c4ad3d43f19885b30828ce7ee6@sentry.io\/187776","sentry_initialization":1,"sentry_debugging":0,"bannerSizes":[],"aspectRatioVideo":"9_16","app_id":"21","showPreRewardedDialogue":0,"showPostRewardedDialogue":0,"rewardCurrency":"coins","rewardValue":0,"isSkipable":0,"privacyPolicyURL":"https:\/\/www.consoliads.com\/privacy-policy\/","sessionToken":"Kg\/Xh9AJspg2ZWCrl2\/HcZ8eQfpX3ehZkThJ3RMREaZSdE7eUrip7FHN+DZIRYG1pNEBUO+5Pjx\/egHjNbtofuzBsAj95VCEALRzeWwud0P8LSr067OdLy+sI+8\/WNo4lyja2s5Y9Ls5FFs2SMR3rHRNWEhljKa\/mbSknDuVQk0="}
Session token value is set


{"appKey":"17597323e76208165f7473a172878549","osVersion":"5.0","orientation":"0","is_mac":"0","model":"xiaomi Mi 4s","deviceID":"906","telco_operator":"Telecom","cpu":"0","brand":"samsung","userConsent":"0","internet_connectivity":"0","height":"462","architecture":"armv7l,","width":"462","resolution":"1024x552","ram":"3.68 GB","sdkVersion":"39","product":"potter","devMode":"0"}
cache_ttl value is correct

Refresh Ad Rate value is correct
mode value is set

 Aspect ratio value is correct
sentry_log value is set
local_logging value is set
sentry_initialization value is set
sentry_debugging value is set
showPreRewardedDialogue value is set
showPostRewardedDialogue value is set
isSkipable value is set
{"cache_ttl":10080,"cache_ttl_rewarded":10080,"cache_ttl_banner":10080,"cache_ttl_native":10080,"cache_ttl_icon":10080,"refreshAdRate":30,"mode":"Production","aspectRatio":"9_16","cdnPath":"https:\/\/df8ymybeo92md.cloudfront.net\/images\/","sentry_log":0,"local_logging":0,"sentry_dsn":"https:\/\/93ffa1c9a4124f67b8888a53265f751a:bbf998e04584477fa9a145838e9d3b26@sentry.io\/168994","sentry_initialization":1,"sentry_debugging":0,"bannerSizes":[],"aspectRatioVideo":"9_16","app_id":"27","showPreRewardedDialogue":0,"showPostRewardedDialogue":0,"rewardCurrency":"coins","rewardValue":0,"isSkipable":0,"privacyPolicyURL":"https:\/\/www.consoliads.com\/privacy-policy\/","sessionToken":"bKoS83hpPZkGbz8Q58oD8E0laZ6IQkSwiNs\/0jXwj+ZAZwHzxL2dIPY3uqGZoNDzUKnoaXXjVofqFnd+CDZJ8NW\/nXze54rLFQElQLbu5cQoc\/JyCYw5fxc3KfvkR8oIYrDkuqrtMSOSK7z0q3Y+gH4cmI3dZL86INSbkj70eFM="}
Session token value is set


{"appKey":"94be501b0931585622effed06f4d6494","osVersion":"4.4","orientation":"0","is_mac":"0","model":"E5673","deviceID":"129","telco_operator":"airtel","cpu":"0","brand":"realme","userConsent":"0","internet_connectivity":"0","height":"151","architecture":"aarch81","width":"151","resolution":"1387x720","ram":"2.75 GB","sdkVersion":"39","product":"iPhone","devMode":"0"}
cache_ttl value is correct

Refresh Ad Rate value is correct
mode value is set

 Aspect ratio value is correct
sentry_log value is set
local_logging value is set
sentry_initialization value is set
sentry_debugging value is set
showPreRewardedDialogue value is set
showPostRewardedDialogue value is set
isSkipable value is set
{"cache_ttl":10080,"cache_ttl_rewarded":10080,"cache_ttl_banner":10080,"cache_ttl_native":10080,"cache_ttl_icon":10080,"refreshAdRate":30,"mode":"Production","aspectRatio":"9_16","cdnPath":"https:\/\/df8ymybeo92md.cloudfront.net\/images\/","sentry_log":0,"local_logging":0,"sentry_dsn":"https:\/\/93ffa1c9a4124f67b8888a53265f751a:bbf998e04584477fa9a145838e9d3b26@sentry.io\/168994","sentry_initialization":1,"sentry_debugging":0,"bannerSizes":[],"aspectRatioVideo":"9_16","app_id":"28","showPreRewardedDialogue":0,"showPostRewardedDialogue":0,"rewardCurrency":"coins","rewardValue":0,"isSkipable":0,"privacyPolicyURL":"https:\/\/www.consoliads.com\/privacy-policy\/","sessionToken":"Go\/+foLo+27TVH12Ur80sNuKbWUgdQm\/1KLeLs8BQ7D4CyYNqmLj9I7DBfuApEknZ7J+abHR9W1r5r6cB1qLeduS7VKYm\/csjBSuVND+QfQ5fF4XIs3uLnno46yPHu\/i4yeKNim0LXyeFKzXKbku9KBEeYcJ6\/LICwV9FvOx884="}
Session token value is set


{"appKey":"d903ca86d7de5fdc83922b5f4d5edb45","osVersion":"4.3","orientation":"0","is_mac":"0","model":"E3372","deviceID":"942","telco_operator":"Metfone","cpu":"0","brand":"iPhone","userConsent":"0","internet_connectivity":"0","height":"476","architecture":"aarch81","width":"476","resolution":"1080 x 1920","ram":"1,37 GB","sdkVersion":"39","product":"LUA-U22","devMode":"0"}
cache_ttl value is correct

Refresh Ad Rate value is correct
mode value is set

 Aspect ratio value is correct
sentry_log value is set
local_logging value is set
sentry_initialization value is set
sentry_debugging value is set
showPreRewardedDialogue value is set
showPostRewardedDialogue value is set
isSkipable value is set
{"cache_ttl":10080,"cache_ttl_rewarded":10080,"cache_ttl_banner":10080,"cache_ttl_native":10080,"cache_ttl_icon":10080,"refreshAdRate":30,"mode":"Production","aspectRatio":"9_16","cdnPath":"https:\/\/df8ymybeo92md.cloudfront.net\/images\/","sentry_log":0,"local_logging":0,"sentry_dsn":"https:\/\/93ffa1c9a4124f67b8888a53265f751a:bbf998e04584477fa9a145838e9d3b26@sentry.io\/168994","sentry_initialization":1,"sentry_debugging":0,"bannerSizes":[],"aspectRatioVideo":"9_16","app_id":"45","showPreRewardedDialogue":0,"showPostRewardedDialogue":0,"rewardCurrency":"coins","rewardValue":0,"isSkipable":0,"privacyPolicyURL":"https:\/\/www.consoliads.com\/privacy-policy\/","sessionToken":"ViKyKnpGAR5m\/16hKwBTfoaih5uy6s9kGELLsg53GI2L+RuDcQe17D3bnvAB6asgCD9c2X6hs\/lCg07y0PQxniY0TA52\/5U89vllnq8RO6xIZXh\/KNuOsDF0jvtBICzEDSsaNAP86D6CdNBTSWHABQ9MLjmUOxS1JuK2lybfn7U="}
Session token value is set


{"appKey":"e5ce34d09f98c0fa3f4ec913d0ef2448","osVersion":"4.2","orientation":"0","is_mac":"0","model":"iphone 3GS","deviceID":"5","telco_operator":" Ooredoo","cpu":"0","brand":"OPPO","userConsent":"0","internet_connectivity":"0","height":"102","architecture":"armv64","width":"102","resolution":"1440 x 2960","ram":"3.69 GB","sdkVersion":"39","product":"BKK-LX2","devMode":"0"}
cache_ttl value is correct

Refresh Ad Rate value is correct
mode value is set

 Aspect ratio value is correct
sentry_log value is set
local_logging value is set
sentry_initialization value is set
sentry_debugging value is set
showPreRewardedDialogue value is set
showPostRewardedDialogue value is set
isSkipable value is set
{"cache_ttl":10080,"cache_ttl_rewarded":10080,"cache_ttl_banner":10080,"cache_ttl_native":10080,"cache_ttl_icon":10080,"refreshAdRate":30,"mode":"Production","aspectRatio":"9_16","cdnPath":"https:\/\/df8ymybeo92md.cloudfront.net\/images\/","sentry_log":0,"local_logging":0,"sentry_dsn":"na","sentry_initialization":1,"sentry_debugging":0,"bannerSizes":[],"aspectRatioVideo":"9_16","app_id":"46","showPreRewardedDialogue":0,"showPostRewardedDialogue":0,"rewardCurrency":"coins","rewardValue":0,"isSkipable":0,"privacyPolicyURL":"https:\/\/www.consoliads.com\/privacy-policy\/","sessionToken":"yLIDlcbxpKqUObfTZCoO7dNi2bK6F6gSg9bAbLnfBAVwcMsooiMt93\/8mwKEenV3Y8SDo32+Nw0mN6ig2CEbxYwSzo\/uUiLgQ5WNGBFGqpXqa8mlPBPh2gzpsPsftpiWAffSYudCi+goZE88gesdr9afH0G1t7xRrEomEnQQcPc="}
Session token value is set


{"appKey":"7692f5bcf81146b852cdf4e82e97faac","osVersion":"9.0","orientation":"0","is_mac":"0","model":"GT-Nnnn0","deviceID":"783","telco_operator":"","cpu":"0","brand":"HUAWEI","userConsent":"0","internet_connectivity":"0","height":"413","architecture":"","width":"413","resolution":"1280x720","ram":"953,45 MB","sdkVersion":"39","product":"j7xeltexx","devMode":"0"}
cache_ttl value is correct

Refresh Ad Rate value is correct
mode value is set

 Aspect ratio value is correct
sentry_log value is set
local_logging value is set
sentry_initialization value is set
sentry_debugging value is set
showPreRewardedDialogue value is set
showPostRewardedDialogue value is set
isSkipable value is set
{"cache_ttl":10080,"cache_ttl_rewarded":10080,"cache_ttl_banner":10080,"cache_ttl_native":10080,"cache_ttl_icon":10080,"refreshAdRate":30,"mode":"Production","aspectRatio":"9_16","cdnPath":"https:\/\/df8ymybeo92md.cloudfront.net\/images\/","sentry_log":0,"local_logging":0,"sentry_dsn":"https:\/\/93ffa1c9a4124f67b8888a53265f751a:bbf998e04584477fa9a145838e9d3b26@sentry.io\/168994","sentry_initialization":1,"sentry_debugging":0,"bannerSizes":[],"aspectRatioVideo":"9_16","app_id":"47","showPreRewardedDialogue":0,"showPostRewardedDialogue":0,"rewardCurrency":"coins","rewardValue":0,"isSkipable":0,"privacyPolicyURL":"https:\/\/www.consoliads.com\/privacy-policy\/","sessionToken":"2\/q5KeP5v2YRLpV2PAV02QaRd2bi7CrjIxGptKTAdmVBSgHQESKg9lt7F6hqfPl72bGEmmQR9dENoDMv50CuazeVX1xNxb5aTQO25DS6tlR4\/xzrCKAEToWIDHBmhZqSXwdn7IiDTW\/bJkRnKBpBnxzjFpI8OP0nLgOfzxQ8cSw="}
Session token value is set


{"appKey":"b684540d6a47d1b91acb44a95ef0444d","osVersion":"8.0","orientation":"0","is_mac":"0","model":"SM-Nnn0","deviceID":"38","telco_operator":"Azercell","cpu":"0","brand":"Xiaomi","userConsent":"0","internet_connectivity":"0","height":"115","architecture":"0","width":"115","resolution":"1196x720","ram":"3.51 GB ","sdkVersion":"2225","product":"mido","devMode":"0"}
cache_ttl value is correct

Refresh Ad Rate value is correct
mode value is set

 Aspect ratio value is correct
sentry_log value is set
local_logging value is set
sentry_initialization value is set
sentry_debugging value is set
showPreRewardedDialogue value is set
showPostRewardedDialogue value is set
isSkipable value is set
{"cache_ttl":10080,"cache_ttl_rewarded":10080,"cache_ttl_banner":10080,"cache_ttl_native":10080,"cache_ttl_icon":10080,"refreshAdRate":30,"mode":"Production","aspectRatio":"9_16","cdnPath":"https:\/\/df8ymybeo92md.cloudfront.net\/images\/","sentry_log":0,"local_logging":0,"sentry_dsn":"https:\/\/e6dcd89483ae4d13b0f42ed3810d8d62:078421c4ad3d43f19885b30828ce7ee6@sentry.io\/187776","sentry_initialization":1,"sentry_debugging":0,"bannerSizes":["1"],"aspectRatioVideo":"9_16","app_id":"55","showPreRewardedDialogue":0,"showPostRewardedDialogue":0,"rewardCurrency":"coins","rewardValue":0,"isSkipable":0,"privacyPolicyURL":"https:\/\/www.consoliads.com\/privacy-policy\/","sessionToken":"mXCGtXrvZQAHIwmSLEpsZ3BS09xFvzSeNM70UhLL1Qp2eQqsL+qSIs74+2vR+dJQFPULW3oUYE7xpyAo2GlZFSjAqulRa4LTn23XhsEU8Jn323cmGFuQo6oocBkw2vGrdK4EAffUEOe8HOkT9hKhgmThzY80L0HqNRsu9kc\/AjA="}
Session token value is set


{"appKey":"1cc93b0c9d030fe8c2b04e8b22591ab6","osVersion":"7.0","orientation":"0","is_mac":"0","model":"GT-Snnn0","deviceID":"781","telco_operator":"Oi","cpu":"0","brand":"HONOR","userConsent":"0","internet_connectivity":"0","height":"412","architecture":"aarch64","width":"412","resolution":"1436x720","ram":"1.77 GB","sdkVersion":"2163","product":"STK-L21M","devMode":"0"}
cache_ttl value is correct

Title value is correct

Refresh Ad Rate value is correct
mode value is set

 Aspect ratio value is correct
sentry_log value is set
local_logging value is set
sentry_initialization value is set
sentry_debugging value is set
showPreRewardedDialogue value is set
showPostRewardedDialogue value is set
isSkipable value is set
{"cache_ttl":10080,"cache_ttl_rewarded":10080,"cache_ttl_banner":10080,"cache_ttl_native":10080,"cache_ttl_icon":10080,"campaigns":[{"campaignID":0,"priority":10,"appToPromote":{"appToPromoteID":0,"usesDefaultFrameImage":"1","usesDefaultCloseImage":"1","packageID":"testPackage"},"showTemplate":2,"activeCreativeID":0,"campaignAdType":"Interstitial","scenes":["1","2","6","5","4","7","13","14"]},{"campaignID":0,"priority":10,"appToPromote":{"appToPromoteID":0,"usesDefaultFrameImage":"1","usesDefaultCloseImage":"1","packageID":"testPackage"},"showTemplate":2,"activeCreativeID":0,"campaignAdType":"Video","scenes":["1","2","6","5","4","7","13","14"]},{"campaignID":0,"priority":10,"appToPromote":{"appToPromoteID":0,"usesDefaultFrameImage":"1","usesDefaultCloseImage":"1","packageID":"testPackage"},"showTemplate":2,"activeCreativeID":0,"campaignAdType":"Rewarded Video","scenes":["1","2","6","5","4","7","13","14"]},{"campaignID":0,"priority":10,"appToPromote":{"appToPromoteID":0,"usesDefaultFrameImage":"1","usesDefaultCloseImage":"1","marketURL":"https:\/\/play.google.com","packageID":"testPackage"},"showTemplate":2,"activeCreativeID":0,"campaignAdType":"Banner","scenes":["1","2","6","5","4","7","13","14"]},{"campaignID":0,"priority":10,"appToPromote":{"appToPromoteID":0,"usesDefaultFrameImage":"1","usesDefaultCloseImage":"1","marketURL":"https:\/\/play.google.com","packageID":"testPackage"},"showTemplate":2,"activeCreativeID":0,"campaignAdType":"Native","title":"Test Title","subTitle":"Test Subtitle","description":"This is test description","adChoicesLink":"www.google.com","adClickThroughText":"Open Link","scenes":["1","2","6","5","4","7","13","14"]},{"campaignID":0,"priority":10,"appToPromote":{"appToPromoteID":0,"usesDefaultFrameImage":"1","usesDefaultCloseImage":"1","marketURL":"https:\/\/play.google.com","packageID":"testPackage"},"showTemplate":2,"activeCreativeID":0,"campaignAdType":"Icon","scenes":["1","2","6","5","4","7","13","14"]}],"refreshAdRate":30,"mode":"Production","aspectRatio":"9_16","cdnPath":"https:\/\/df8ymybeo92md.cloudfront.net\/images\/","sentry_log":0,"local_logging":0,"sentry_dsn":"https:\/\/93ffa1c9a4124f67b8888a53265f751a:bbf998e04584477fa9a145838e9d3b26@sentry.io\/168994","sentry_initialization":1,"sentry_debugging":0,"bannerSizes":["1","5"],"aspectRatioVideo":"9_16","app_id":"66","showPreRewardedDialogue":0,"showPostRewardedDialogue":0,"rewardCurrency":"coins","rewardValue":0,"isSkipable":0,"privacyPolicyURL":"https:\/\/www.consoliads.com\/privacy-policy\/","sessionToken":"UDl9Fqgko2uuRXON9hoW3R0\/foIwkhg+EdbTNxtVQxqs\/fhCaHNhrNXdqlkhbPnVN9TigPTkwsBfLOQ5Evr7wmp\/uKQvMWRtUrQItKcV8QhHLgj\/bvOJVgtm\/9s8CoSvhEYLqx6jdLtVKx534EVFJ3BMmbfIbrpKM23w7QUKDYw="}
Session token value is set


{"appKey":"6c99d6ff09b8e68b5142a8a86b21646b","osVersion":"6.0","orientation":"0","is_mac":"0","model":"GT-Snnn2","deviceID":"590","telco_operator":"Maroc","cpu":"0","brand":"vivo","userConsent":"0","internet_connectivity":"0","height":"336","architecture":"armv8l","width":"336","resolution":"1344x720","ram":"1.68 GB","sdkVersion":"2151","product":"aosp_arm","devMode":"0"}
cache_ttl value is correct

Title value is correct

Refresh Ad Rate value is correct
mode value is set

 Aspect ratio value is correct
sentry_log value is set
local_logging value is set
sentry_initialization value is set
sentry_debugging value is set
showPreRewardedDialogue value is set
showPostRewardedDialogue value is set
isSkipable value is set
{"cache_ttl":10080,"cache_ttl_rewarded":10080,"cache_ttl_banner":10080,"cache_ttl_native":10080,"cache_ttl_icon":10080,"campaigns":[{"campaignID":0,"priority":10,"appToPromote":{"appToPromoteID":0,"usesDefaultFrameImage":"1","usesDefaultCloseImage":"1","packageID":"testPackage"},"showTemplate":2,"activeCreativeID":0,"campaignAdType":"Interstitial","scenes":["12","1","8","6","15","2"]},{"campaignID":0,"priority":10,"appToPromote":{"appToPromoteID":0,"usesDefaultFrameImage":"1","usesDefaultCloseImage":"1","packageID":"testPackage"},"showTemplate":2,"activeCreativeID":0,"campaignAdType":"Video","scenes":["12","1","8","6","15","2"]},{"campaignID":0,"priority":10,"appToPromote":{"appToPromoteID":0,"usesDefaultFrameImage":"1","usesDefaultCloseImage":"1","packageID":"testPackage"},"showTemplate":2,"activeCreativeID":0,"campaignAdType":"Rewarded Video","scenes":["12","1","8","6","15","2"]},{"campaignID":0,"priority":10,"appToPromote":{"appToPromoteID":0,"usesDefaultFrameImage":"1","usesDefaultCloseImage":"1","marketURL":"https:\/\/play.google.com","packageID":"testPackage"},"showTemplate":2,"activeCreativeID":0,"campaignAdType":"Banner","scenes":["12","1","8","6","15","2"]},{"campaignID":0,"priority":10,"appToPromote":{"appToPromoteID":0,"usesDefaultFrameImage":"1","usesDefaultCloseImage":"1","marketURL":"https:\/\/play.google.com","packageID":"testPackage"},"showTemplate":2,"activeCreativeID":0,"campaignAdType":"Native","title":"Test Title","subTitle":"Test Subtitle","description":"This is test description","adChoicesLink":"www.google.com","adClickThroughText":"Open Link","scenes":["12","1","8","6","15","2"]},{"campaignID":0,"priority":10,"appToPromote":{"appToPromoteID":0,"usesDefaultFrameImage":"1","usesDefaultCloseImage":"1","marketURL":"https:\/\/play.google.com","packageID":"testPackage"},"showTemplate":2,"activeCreativeID":0,"campaignAdType":"Icon","scenes":["12","1","8","6","15","2"]}],"refreshAdRate":30,"mode":"Production","aspectRatio":"9_16","cdnPath":"https:\/\/df8ymybeo92md.cloudfront.net\/images\/","sentry_log":0,"local_logging":0,"sentry_dsn":"na","sentry_initialization":1,"sentry_debugging":0,"bannerSizes":["1"],"aspectRatioVideo":"9_16","app_id":"67","showPreRewardedDialogue":0,"showPostRewardedDialogue":0,"rewardCurrency":"coins","rewardValue":0,"isSkipable":0,"privacyPolicyURL":"https:\/\/www.consoliads.com\/privacy-policy\/","sessionToken":"4krU1uC42KaifnpR\/uw0Tu2CVSoxoaEx6accsRpEhkM6z09goksnSlPgLf0s77Q1GhC9qweOvd4+VRq9g4i4xM4n2S7TnQev9ij2uHCrymbIbTvHN8UViRmLvj5f4jOLmYSmv8Tbl9Yia3abmbW4xMMzImeR4WxJMurA7J1x7lU="}
Session token value is set


{"appKey":"c08c0fbb83a078f6c8538e00c3bf31cf","osVersion":"5.0","orientation":"0","is_mac":"0","model":"xiaomi Mi 4s","deviceID":"779","telco_operator":"Telecom","cpu":"0","brand":"samsung","userConsent":"0","internet_connectivity":"0","height":"411","architecture":"armv7l,","width":"411","resolution":"1024x552","ram":"3.68 GB","sdkVersion":"39","product":"potter","devMode":"0"}
cache_ttl value is correct

Refresh Ad Rate value is correct
mode value is set

 Aspect ratio value is correct
sentry_log value is set
local_logging value is set
sentry_initialization value is set
sentry_debugging value is set
showPreRewardedDialogue value is set
showPostRewardedDialogue value is set
isSkipable value is set
{"cache_ttl":10080,"cache_ttl_rewarded":10080,"cache_ttl_banner":10080,"cache_ttl_native":10080,"cache_ttl_icon":10080,"refreshAdRate":30,"mode":"Production","aspectRatio":"9_16","cdnPath":"https:\/\/df8ymybeo92md.cloudfront.net\/images\/","sentry_log":0,"local_logging":0,"sentry_dsn":"https:\/\/93ffa1c9a4124f67b8888a53265f751a:bbf998e04584477fa9a145838e9d3b26@sentry.io\/168994","sentry_initialization":1,"sentry_debugging":0,"bannerSizes":[],"aspectRatioVideo":"9_16","app_id":"73","showPreRewardedDialogue":0,"showPostRewardedDialogue":0,"rewardCurrency":"coins","rewardValue":0,"isSkipable":0,"privacyPolicyURL":"https:\/\/www.consoliads.com\/privacy-policy\/","sessionToken":"cs6utdXWGTztK9Tms1B8XHTn\/vegain7L1izzRifBKuWUa653rexKYOKCfQ\/yKKjH3dDjDsvFk5tuExI5NHffohd2mMmRxBLqlVxH7jMDXQ64F\/pI8JQYPOApcvTxv7ZDa6BhXkNdkbBSnAFrga2qVwFSi9xZyyVxN7B90tWNQg="}
Session token value is set


{"appKey":"f22c5ae41b6e41d09c7785f550581859","osVersion":"4.4","orientation":"0","is_mac":"0","model":"E5673","deviceID":"842","telco_operator":"airtel","cpu":"0","brand":"realme","userConsent":"0","internet_connectivity":"0","height":"436","architecture":"aarch81","width":"436","resolution":"1387x720","ram":"2.75 GB","sdkVersion":"39","product":"iPhone","devMode":"0"}
cache_ttl value is correct

Refresh Ad Rate value is correct
mode value is set

 Aspect ratio value is correct
sentry_log value is set
local_logging value is set
sentry_initialization value is set
sentry_debugging value is set
showPreRewardedDialogue value is set
showPostRewardedDialogue value is set
isSkipable value is set
{"cache_ttl":10080,"cache_ttl_rewarded":10080,"cache_ttl_banner":10080,"cache_ttl_native":10080,"cache_ttl_icon":10080,"refreshAdRate":30,"mode":"Production","aspectRatio":"9_16","cdnPath":"https:\/\/df8ymybeo92md.cloudfront.net\/images\/","sentry_log":0,"local_logging":0,"sentry_dsn":"na","sentry_initialization":1,"sentry_debugging":0,"bannerSizes":[],"aspectRatioVideo":"9_16","app_id":"74","showPreRewardedDialogue":0,"showPostRewardedDialogue":0,"rewardCurrency":"coins","rewardValue":0,"isSkipable":0,"privacyPolicyURL":"https:\/\/www.consoliads.com\/privacy-policy\/","sessionToken":"68FfbudyMp9q9vb72mcb4m3z4RP3kfGZrUq4i6HTEOUwCbfsQjezzEq9h\/Tr4t7W\/0zXSOOFM1sjQGAPC6873yQnjtjYhMZy5+ylrMmv9LFMGbDKudq7SRXTMFWxvvE7IvnADHWqo7dpp99\/lrk\/+wqFF0JomRFbUGZ2lbhgVEw="}
Session token value is set


{"appKey":"8a691a6557421a7f77921449ccfd99ed","osVersion":"4.3","orientation":"0","is_mac":"0","model":"E3372","deviceID":"100","telco_operator":"Metfone","cpu":"0","brand":"iPhone","userConsent":"0","internet_connectivity":"0","height":"140","architecture":"aarch81","width":"140","resolution":"1080 x 1920","ram":"1,37 GB","sdkVersion":"39","product":"LUA-U22","devMode":"0"}
cache_ttl value is correct

Refresh Ad Rate value is correct
mode value is set

 Aspect ratio value is correct
sentry_log value is set
local_logging value is set
sentry_initialization value is set
sentry_debugging value is set
showPreRewardedDialogue value is set
showPostRewardedDialogue value is set
isSkipable value is set
{"cache_ttl":10080,"cache_ttl_rewarded":10080,"cache_ttl_banner":10080,"cache_ttl_native":10080,"cache_ttl_icon":10080,"refreshAdRate":30,"mode":"Production","aspectRatio":"9_16","cdnPath":"https:\/\/df8ymybeo92md.cloudfront.net\/images\/","sentry_log":0,"local_logging":0,"sentry_dsn":"https:\/\/e6dcd89483ae4d13b0f42ed3810d8d62:078421c4ad3d43f19885b30828ce7ee6@sentry.io\/187776","sentry_initialization":1,"sentry_debugging":0,"bannerSizes":[],"aspectRatioVideo":"9_16","app_id":"82","showPreRewardedDialogue":0,"showPostRewardedDialogue":0,"rewardCurrency":"coins","rewardValue":0,"isSkipable":0,"privacyPolicyURL":"https:\/\/www.consoliads.com\/privacy-policy\/","sessionToken":"5LH0OdwNDky+2dYAvPeVeB1YvJAI8+Hq0sAMDFjwd6lWGDH3U9Fno3Dm4Yjcb2tRgsx4aD543f42z0HxlJkic+oHItZEPSs9+jUjhjBs879TA1Q8stufH5qcgmmXSTuUCSqHUaOcBESsur5TAVAb8lPHF6bOGzUfYy2GF33OEas="}
Session token value is set


{"appKey":"4d6a786be151e3ecf8b2d8cb2953aad0","osVersion":"4.2","orientation":"0","is_mac":"0","model":"iphone 3GS","deviceID":"718","telco_operator":" Ooredoo","cpu":"0","brand":"OPPO","userConsent":"0","internet_connectivity":"0","height":"387","architecture":"armv64","width":"387","resolution":"1440 x 2960","ram":"3.69 GB","sdkVersion":"39","product":"BKK-LX2","devMode":"0"}
cache_ttl value is correct

Refresh Ad Rate value is correct
mode value is set

 Aspect ratio value is correct
sentry_log value is set
local_logging value is set
sentry_initialization value is set
sentry_debugging value is set
showPreRewardedDialogue value is set
showPostRewardedDialogue value is set
isSkipable value is set
{"cache_ttl":10080,"cache_ttl_rewarded":10080,"cache_ttl_banner":10080,"cache_ttl_native":10080,"cache_ttl_icon":10080,"refreshAdRate":30,"mode":"Production","aspectRatio":"9_16","cdnPath":"https:\/\/df8ymybeo92md.cloudfront.net\/images\/","sentry_log":0,"local_logging":0,"sentry_dsn":"https:\/\/e6dcd89483ae4d13b0f42ed3810d8d62:078421c4ad3d43f19885b30828ce7ee6@sentry.io\/187776","sentry_initialization":1,"sentry_debugging":0,"bannerSizes":["5"],"aspectRatioVideo":"9_16","app_id":"94","showPreRewardedDialogue":0,"showPostRewardedDialogue":0,"rewardCurrency":"coins","rewardValue":0,"isSkipable":0,"privacyPolicyURL":"https:\/\/www.consoliads.com\/privacy-policy\/","sessionToken":"DdYl\/gSYApS0XV1\/VB7KOqejNIhKq1wCa1ESPG8vWLOy2hTviHSqTCjVEvXdZhIumEPKQe1tzvnm6i6bpQ2ea89eokN0dwLuRPJGVxca88jscQZr1EwWanRfe8pduRcQMXdaPQe\/4347VwrmQWm2xC0yww3T\/hgqsy32d1qNiGo="}
Session token value is set


{"appKey":"62a9758c2e846355e5199bd9292fe189","osVersion":"9.0","orientation":"0","is_mac":"0","model":"GT-Nnnn0","deviceID":"694","telco_operator":"","cpu":"0","brand":"HUAWEI","userConsent":"0","internet_connectivity":"0","height":"377","architecture":"","width":"377","resolution":"1280x720","ram":"953,45 MB","sdkVersion":"39","product":"j7xeltexx","devMode":"0"}
cache_ttl value is correct

Refresh Ad Rate value is correct
mode value is set

 Aspect ratio value is correct
sentry_log value is set
local_logging value is set
sentry_initialization value is set
sentry_debugging value is set
showPreRewardedDialogue value is set
showPostRewardedDialogue value is set
isSkipable value is set
{"cache_ttl":10080,"cache_ttl_rewarded":10080,"cache_ttl_banner":10080,"cache_ttl_native":10080,"cache_ttl_icon":10080,"refreshAdRate":30,"mode":"Production","aspectRatio":"9_16","cdnPath":"https:\/\/df8ymybeo92md.cloudfront.net\/images\/","sentry_log":0,"local_logging":0,"sentry_dsn":"https:\/\/93ffa1c9a4124f67b8888a53265f751a:bbf998e04584477fa9a145838e9d3b26@sentry.io\/168994","sentry_initialization":1,"sentry_debugging":0,"bannerSizes":[],"aspectRatioVideo":"9_16","app_id":"118","showPreRewardedDialogue":0,"showPostRewardedDialogue":0,"rewardCurrency":"coins","rewardValue":0,"isSkipable":0,"privacyPolicyURL":"https:\/\/www.consoliads.com\/privacy-policy\/","sessionToken":"xbxqCI8pJFs+gyufmfRoXocu2CeSQs+5zs8wQeH548ENT0pvLt4iTmc7mCrsLzjUYlTj3tAbmdXRRJuNC3owDr\/hfalfmR8yJAMpwZTyYWiRoSVfPyKK481rIP9emetpLbUhFsy2O2gWBlNp43JSNBKkYldsTTxMAqQvuDVDWWM="}
Session token value is set


{"appKey":"d6c9c4cc2c1671da1e4c7096b8136782","osVersion":"8.0","orientation":"0","is_mac":"0","model":"SM-Nnn0","deviceID":"92","telco_operator":"Azercell","cpu":"0","brand":"Xiaomi","userConsent":"0","internet_connectivity":"0","height":"136","architecture":"0","width":"136","resolution":"1196x720","ram":"3.51 GB ","sdkVersion":"39","product":"mido","devMode":"0"}
cache_ttl value is correct

Refresh Ad Rate value is correct
mode value is set

 Aspect ratio value is correct
sentry_log value is set
local_logging value is set
sentry_initialization value is set
sentry_debugging value is set
showPreRewardedDialogue value is set
showPostRewardedDialogue value is set
isSkipable value is set
{"cache_ttl":10080,"cache_ttl_rewarded":10080,"cache_ttl_banner":10080,"cache_ttl_native":10080,"cache_ttl_icon":10080,"refreshAdRate":30,"mode":"Production","aspectRatio":"9_16","cdnPath":"https:\/\/df8ymybeo92md.cloudfront.net\/images\/","sentry_log":0,"local_logging":0,"sentry_dsn":"na","sentry_initialization":1,"sentry_debugging":0,"bannerSizes":[],"aspectRatioVideo":"9_16","app_id":"119","showPreRewardedDialogue":0,"showPostRewardedDialogue":0,"rewardCurrency":"coins","rewardValue":0,"isSkipable":0,"privacyPolicyURL":"https:\/\/www.consoliads.com\/privacy-policy\/","sessionToken":"N26z\/Emhx5MM9P7mpV0MGJGrRoOlDceVnT8Bw8aVnRuv3qRZXaWnRIH5d4cKMHYkUVdUe7lP6EBvaNwKzLeKUA\/Yc3Pauf6dab+ohY6xoQQ2Mb\/xiq+Kr6tRSMpaf2sXPyvDvgp++EHkjEVa1N7u7q0ygLcgAu6pEJkF2V0aHZA="}
Session token value is set


{"appKey":"0673e8a052b5ad1d0763cd47d57a68e2","osVersion":"7.0","orientation":"0","is_mac":"0","model":"GT-Snnn0","deviceID":"957","telco_operator":"Oi","cpu":"0","brand":"HONOR","userConsent":"0","internet_connectivity":"0","height":"482","architecture":"aarch64","width":"482","resolution":"1436x720","ram":"1.77 GB","sdkVersion":"2089","product":"STK-L21M","devMode":"0"}
cache_ttl value is correct

Title value is correct

Refresh Ad Rate value is correct
mode value is set

 Aspect ratio value is correct
sentry_log value is set
local_logging value is set
sentry_initialization value is set
sentry_debugging value is set
showPreRewardedDialogue value is set
showPostRewardedDialogue value is set
isSkipable value is set
{"cache_ttl":10080,"cache_ttl_rewarded":10080,"cache_ttl_banner":10080,"cache_ttl_native":10080,"cache_ttl_icon":10080,"campaigns":[{"campaignID":0,"priority":10,"appToPromote":{"appToPromoteID":0,"usesDefaultFrameImage":"1","usesDefaultCloseImage":"1","packageID":"testPackage"},"showTemplate":2,"activeCreativeID":0,"campaignAdType":"Interstitial","scenes":["12","1","8","6","15","2"]},{"campaignID":0,"priority":10,"appToPromote":{"appToPromoteID":0,"usesDefaultFrameImage":"1","usesDefaultCloseImage":"1","packageID":"testPackage"},"showTemplate":2,"activeCreativeID":0,"campaignAdType":"Video","scenes":["12","1","8","6","15","2"]},{"campaignID":0,"priority":10,"appToPromote":{"appToPromoteID":0,"usesDefaultFrameImage":"1","usesDefaultCloseImage":"1","packageID":"testPackage"},"showTemplate":2,"activeCreativeID":0,"campaignAdType":"Rewarded Video","scenes":["12","1","8","6","15","2"]},{"campaignID":0,"priority":10,"appToPromote":{"appToPromoteID":0,"usesDefaultFrameImage":"1","usesDefaultCloseImage":"1","marketURL":"https:\/\/play.google.com","packageID":"testPackage"},"showTemplate":2,"activeCreativeID":0,"campaignAdType":"Banner","scenes":["12","1","8","6","15","2"]},{"campaignID":0,"priority":10,"appToPromote":{"appToPromoteID":0,"usesDefaultFrameImage":"1","usesDefaultCloseImage":"1","marketURL":"https:\/\/play.google.com","packageID":"testPackage"},"showTemplate":2,"activeCreativeID":0,"campaignAdType":"Native","title":"Test Title","subTitle":"Test Subtitle","description":"This is test description","adChoicesLink":"www.google.com","adClickThroughText":"Open Link","scenes":["12","1","8","6","15","2"]},{"campaignID":0,"priority":10,"appToPromote":{"appToPromoteID":0,"usesDefaultFrameImage":"1","usesDefaultCloseImage":"1","marketURL":"https:\/\/play.google.com","packageID":"testPackage"},"showTemplate":2,"activeCreativeID":0,"campaignAdType":"Icon","scenes":["12","1","8","6","15","2"]}],"refreshAdRate":30,"mode":"Production","aspectRatio":"9_16","cdnPath":"https:\/\/df8ymybeo92md.cloudfront.net\/images\/","sentry_log":0,"local_logging":0,"sentry_dsn":"https:\/\/93ffa1c9a4124f67b8888a53265f751a:bbf998e04584477fa9a145838e9d3b26@sentry.io\/168994","sentry_initialization":1,"sentry_debugging":0,"bannerSizes":["5"],"aspectRatioVideo":"9_16","app_id":"120","showPreRewardedDialogue":0,"showPostRewardedDialogue":0,"rewardCurrency":"coins","rewardValue":0,"isSkipable":0,"privacyPolicyURL":"https:\/\/www.consoliads.com\/privacy-policy\/","sessionToken":"ljD18d33WYbRvpKbzoU3LgdnDBUsR9aFLdY\/u6NAa48DABXuLCiK5KV55\/Amgwqip+HcPz8feuTLoIJ+FpTsKawJjm8hTlinIkQK8roPm55ZA0tZQFzfV0Wyjck8W8tn0zya1bfXmHslS6+211iB8tzbC4i8wpB1dzgq0enW38g="}
Session token value is set


{"appKey":"4fb9ff67d716777b45c4ed37d403dc7d","osVersion":"6.0","orientation":"0","is_mac":"0","model":"GT-Snnn2","deviceID":"375","telco_operator":"Maroc","cpu":"0","brand":"vivo","userConsent":"0","internet_connectivity":"0","height":"250","architecture":"armv8l","width":"250","resolution":"1344x720","ram":"1.68 GB","sdkVersion":"39","product":"aosp_arm","devMode":"0"}
cache_ttl value is correct

Refresh Ad Rate value is correct
mode value is set

 Aspect ratio value is correct
sentry_log value is set
local_logging value is set
sentry_initialization value is set
sentry_debugging value is set
showPreRewardedDialogue value is set
showPostRewardedDialogue value is set
isSkipable value is set
{"cache_ttl":10080,"cache_ttl_rewarded":10080,"cache_ttl_banner":10080,"cache_ttl_native":10080,"cache_ttl_icon":10080,"refreshAdRate":30,"mode":"Production","aspectRatio":"9_16","cdnPath":"https:\/\/df8ymybeo92md.cloudfront.net\/images\/","sentry_log":0,"local_logging":0,"sentry_dsn":"https:\/\/93ffa1c9a4124f67b8888a53265f751a:bbf998e04584477fa9a145838e9d3b26@sentry.io\/168994","sentry_initialization":1,"sentry_debugging":0,"bannerSizes":[],"aspectRatioVideo":"9_16","app_id":"126","showPreRewardedDialogue":0,"showPostRewardedDialogue":0,"rewardCurrency":"coins","rewardValue":0,"isSkipable":0,"privacyPolicyURL":"https:\/\/www.consoliads.com\/privacy-policy\/","sessionToken":"YBHomD8zlysrYe7Zyaa7+yifk0JfhKuT1uBCuhhmEqz32RMQ5NF3glcqc54vBk\/QiISDLjWBZv6A8ma0yO+Kii4Kjip13G8GO1MWrKswK36dc+5ww3kCmr6GECnIVq+2kmvy+xSiGuRwCz8UTebFIXW03Oe\/q+Rg\/W7Z\/dludxM="}
Session token value is set


{"appKey":"8c63ea479845ec15664d02424faee3ea","osVersion":"5.0","orientation":"0","is_mac":"0","model":"xiaomi Mi 4s","deviceID":"240","telco_operator":"Telecom","cpu":"0","brand":"samsung","userConsent":"0","internet_connectivity":"0","height":"196","architecture":"armv7l,","width":"196","resolution":"1024x552","ram":"3.68 GB","sdkVersion":"39","product":"potter","devMode":"0"}
cache_ttl value is correct

Refresh Ad Rate value is correct
mode value is set

 Aspect ratio value is correct
sentry_log value is set
local_logging value is set
sentry_initialization value is set
sentry_debugging value is set
showPreRewardedDialogue value is set
showPostRewardedDialogue value is set
isSkipable value is set
{"cache_ttl":10080,"cache_ttl_rewarded":10080,"cache_ttl_banner":10080,"cache_ttl_native":10080,"cache_ttl_icon":10080,"refreshAdRate":30,"mode":"Production","aspectRatio":"9_16","cdnPath":"https:\/\/df8ymybeo92md.cloudfront.net\/images\/","sentry_log":0,"local_logging":0,"sentry_dsn":"na","sentry_initialization":1,"sentry_debugging":0,"bannerSizes":[],"aspectRatioVideo":"9_16","app_id":"127","showPreRewardedDialogue":0,"showPostRewardedDialogue":0,"rewardCurrency":"coins","rewardValue":0,"isSkipable":0,"privacyPolicyURL":"https:\/\/www.consoliads.com\/privacy-policy\/","sessionToken":"rTk6J9LYvR+8YhnfeOq8QoQ2Si4DfEMkiulIE+GlCE7Jz7wll5YjVMsuqoBaj8YF4kqZ5idUorPkvf4eBct3I\/3A5uwrIK4FpuivDWBYG1SqVl8lIpgoEQ4yYfkO5cEo87T\/GvtK+9tskcskHCaBWntEVDDkMew4Tzxqzmj4KOw="}
Session token value is set


{"appKey":"b676e8054b40aa32da52c417ba06d5e7","osVersion":"4.4","orientation":"0","is_mac":"0","model":"E5673","deviceID":"53","telco_operator":"airtel","cpu":"0","brand":"realme","userConsent":"0","internet_connectivity":"0","height":"121","architecture":"aarch81","width":"121","resolution":"1387x720","ram":"2.75 GB","sdkVersion":"39","product":"iPhone","devMode":"0"}
cache_ttl value is correct

Refresh Ad Rate value is correct
mode value is set

 Aspect ratio value is correct
sentry_log value is set
local_logging value is set
sentry_initialization value is set
sentry_debugging value is set
showPreRewardedDialogue value is set
showPostRewardedDialogue value is set
isSkipable value is set
{"cache_ttl":10080,"cache_ttl_rewarded":10080,"cache_ttl_banner":10080,"cache_ttl_native":10080,"cache_ttl_icon":10080,"refreshAdRate":30,"mode":"Production","aspectRatio":"9_16","cdnPath":"https:\/\/df8ymybeo92md.cloudfront.net\/images\/","sentry_log":0,"local_logging":0,"sentry_dsn":"https:\/\/93ffa1c9a4124f67b8888a53265f751a:bbf998e04584477fa9a145838e9d3b26@sentry.io\/168994","sentry_initialization":1,"sentry_debugging":0,"bannerSizes":[],"aspectRatioVideo":"9_16","app_id":"154","showPreRewardedDialogue":0,"showPostRewardedDialogue":0,"rewardCurrency":"coins","rewardValue":0,"isSkipable":0,"privacyPolicyURL":"https:\/\/www.consoliads.com\/privacy-policy\/","sessionToken":"frzg2HgqfvOh1tEOmfh8vahC9gP1d7d+ncB7ubz3XM3iJDeKrxTCrRKXEUy+xpcTemXIE1enQgL6WzEAAmxtLjBGr2ZglwLZgT93\/\/Tkn6y5DT025AF8w\/Yl4WwLuH7zSEQcSJDefvLT4w2gZFyIoIJ3RsOZXTIwlkhAli62s5Y="}
Session token value is set


{"appKey":"db7bf29f5ad35d54f4a7d6ef62a94ee0","osVersion":"4.3","orientation":"0","is_mac":"0","model":"E3372","deviceID":"583","telco_operator":"Metfone","cpu":"0","brand":"iPhone","userConsent":"0","internet_connectivity":"0","height":"333","architecture":"aarch81","width":"333","resolution":"1080 x 1920","ram":"1,37 GB","sdkVersion":"39","product":"LUA-U22","devMode":"0"}
cache_ttl value is correct

Refresh Ad Rate value is correct
mode value is set

 Aspect ratio value is correct
sentry_log value is set
local_logging value is set
sentry_initialization value is set
sentry_debugging value is set
showPreRewardedDialogue value is set
showPostRewardedDialogue value is set
isSkipable value is set
{"cache_ttl":10080,"cache_ttl_rewarded":10080,"cache_ttl_banner":10080,"cache_ttl_native":10080,"cache_ttl_icon":10080,"refreshAdRate":30,"mode":"Production","aspectRatio":"9_16","cdnPath":"https:\/\/df8ymybeo92md.cloudfront.net\/images\/","sentry_log":0,"local_logging":0,"sentry_dsn":"https:\/\/e6dcd89483ae4d13b0f42ed3810d8d62:078421c4ad3d43f19885b30828ce7ee6@sentry.io\/187776","sentry_initialization":1,"sentry_debugging":0,"bannerSizes":["5"],"aspectRatioVideo":"9_16","app_id":"155","showPreRewardedDialogue":0,"showPostRewardedDialogue":0,"rewardCurrency":"coins","rewardValue":0,"isSkipable":0,"privacyPolicyURL":"https:\/\/www.consoliads.com\/privacy-policy\/","sessionToken":"fZI4Q34gF5Oik+GBrRaxrzNS7dtBijfULiai3hmBZHLveY9ZUvfpMS7vZ6aoBjhYgG8h0pm4zx2SAg98cJRStusdvgTWgw7T41n5lJaJMM76smLC5Xc9p\/ew5ToKGaRg\/nlvqQq52YEN9efGX05y4IaW0yNbZ8XAyBpGjQBu9t8="}
Session token value is set


{"appKey":"53772d696193e95fa1448fc051e2698c","osVersion":"4.2","orientation":"0","is_mac":"0","model":"iphone 3GS","deviceID":"36","telco_operator":" Ooredoo","cpu":"0","brand":"OPPO","userConsent":"0","internet_connectivity":"0","height":"114","architecture":"armv64","width":"114","resolution":"1440 x 2960","ram":"3.69 GB","sdkVersion":"39","product":"BKK-LX2","devMode":"0"}
cache_ttl value is correct

Refresh Ad Rate value is correct
mode value is set

 Aspect ratio value is correct
sentry_log value is set
local_logging value is set
sentry_initialization value is set
sentry_debugging value is set
showPreRewardedDialogue value is set
showPostRewardedDialogue value is set
isSkipable value is set
{"cache_ttl":10080,"cache_ttl_rewarded":10080,"cache_ttl_banner":10080,"cache_ttl_native":10080,"cache_ttl_icon":10080,"refreshAdRate":30,"mode":"Production","aspectRatio":"9_16","cdnPath":"https:\/\/df8ymybeo92md.cloudfront.net\/images\/","sentry_log":0,"local_logging":0,"sentry_dsn":"https:\/\/e6dcd89483ae4d13b0f42ed3810d8d62:078421c4ad3d43f19885b30828ce7ee6@sentry.io\/187776","sentry_initialization":1,"sentry_debugging":0,"bannerSizes":["5"],"aspectRatioVideo":"9_16","app_id":"159","showPreRewardedDialogue":0,"showPostRewardedDialogue":0,"rewardCurrency":"coins","rewardValue":0,"isSkipable":0,"privacyPolicyURL":"https:\/\/www.consoliads.com\/privacy-policy\/","sessionToken":"F92Ds0TImNDjpm\/molfHDmeAp9FZJV9Dr0HEBafoyAepmi5OKMnBOsJreSSNDBwqnWLzfwpi9gjqXoX0wF1GKj9EJWBwKI+5Akv73T5eCXKp7Qclja2hnZIrn6IP7VuO0HGBTwEzds1zTN7NLzt6CnUfVt9UEv+HZf+dzGkd8XI="}
Session token value is set


{"appKey":"66be9fb8efaae821f1c2401c99c56f0a","osVersion":"9.0","orientation":"0","is_mac":"0","model":"GT-Nnnn0","deviceID":"9","telco_operator":"","cpu":"0","brand":"HUAWEI","userConsent":"0","internet_connectivity":"0","height":"103","architecture":"","width":"103","resolution":"1280x720","ram":"953,45 MB","sdkVersion":"2163","product":"j7xeltexx","devMode":"0"}
cache_ttl value is correct

Title value is correct

Refresh Ad Rate value is correct
mode value is set

 Aspect ratio value is correct
sentry_log value is set
local_logging value is set
sentry_initialization value is set
sentry_debugging value is set
showPreRewardedDialogue value is set
showPostRewardedDialogue value is set
isSkipable value is set
{"cache_ttl":10080,"cache_ttl_rewarded":10080,"cache_ttl_banner":10080,"cache_ttl_native":10080,"cache_ttl_icon":10080,"campaigns":[{"campaignID":0,"priority":10,"appToPromote":{"appToPromoteID":0,"usesDefaultFrameImage":"1","usesDefaultCloseImage":"1","packageID":"testPackage"},"showTemplate":2,"activeCreativeID":0,"campaignAdType":"Interstitial","scenes":["1","2","6","5","4","13","14","15"]},{"campaignID":0,"priority":10,"appToPromote":{"appToPromoteID":0,"usesDefaultFrameImage":"1","usesDefaultCloseImage":"1","packageID":"testPackage"},"showTemplate":2,"activeCreativeID":0,"campaignAdType":"Video","scenes":["1","2","6","5","4","13","14","15"]},{"campaignID":0,"priority":10,"appToPromote":{"appToPromoteID":0,"usesDefaultFrameImage":"1","usesDefaultCloseImage":"1","packageID":"testPackage"},"showTemplate":2,"activeCreativeID":0,"campaignAdType":"Rewarded Video","scenes":["1","2","6","5","4","13","14","15"]},{"campaignID":0,"priority":10,"appToPromote":{"appToPromoteID":0,"usesDefaultFrameImage":"1","usesDefaultCloseImage":"1","marketURL":"https:\/\/play.google.com","packageID":"testPackage"},"showTemplate":2,"activeCreativeID":0,"campaignAdType":"Banner","scenes":["1","2","6","5","4","13","14","15"]},{"campaignID":0,"priority":10,"appToPromote":{"appToPromoteID":0,"usesDefaultFrameImage":"1","usesDefaultCloseImage":"1","marketURL":"https:\/\/play.google.com","packageID":"testPackage"},"showTemplate":2,"activeCreativeID":0,"campaignAdType":"Native","title":"Test Title","subTitle":"Test Subtitle","description":"This is test description","adChoicesLink":"www.google.com","adClickThroughText":"Open Link","scenes":["1","2","6","5","4","13","14","15"]},{"campaignID":0,"priority":10,"appToPromote":{"appToPromoteID":0,"usesDefaultFrameImage":"1","usesDefaultCloseImage":"1","marketURL":"https:\/\/play.google.com","packageID":"testPackage"},"showTemplate":2,"activeCreativeID":0,"campaignAdType":"Icon","scenes":["1","2","6","5","4","13","14","15"]}],"refreshAdRate":30,"mode":"Production","aspectRatio":"9_16","cdnPath":"https:\/\/df8ymybeo92md.cloudfront.net\/images\/","sentry_log":0,"local_logging":0,"sentry_dsn":"https:\/\/93ffa1c9a4124f67b8888a53265f751a:bbf998e04584477fa9a145838e9d3b26@sentry.io\/168994","sentry_initialization":1,"sentry_debugging":0,"bannerSizes":["5"],"aspectRatioVideo":"9_16","app_id":"165","showPreRewardedDialogue":0,"showPostRewardedDialogue":0,"rewardCurrency":"coins","rewardValue":0,"isSkipable":0,"privacyPolicyURL":"https:\/\/www.consoliads.com\/privacy-policy\/","sessionToken":"0MhA+M4dlYSWvPHnpy9737+tCQ7RBHpVAfmjQ6EFOjdbXrrIY1cF0bcSKGkYIg\/goBxn\/W\/wj1C\/sjMArrnQ9uzw3XnDi\/YgEOklr7BpFNblvymvvg6q6rWAF3GCPcX0wL1LuWNNb\/Yw2wwHgnsA9zWJoY4TtDRUD3z2NLZoeok="}
Session token value is set


{"appKey":"53eca194fbf9bc9fdda6a52308ee3e05","osVersion":"8.0","orientation":"0","is_mac":"0","model":"SM-Nnn0","deviceID":"125","telco_operator":"Azercell","cpu":"0","brand":"Xiaomi","userConsent":"0","internet_connectivity":"0","height":"150","architecture":"0","width":"150","resolution":"1196x720","ram":"3.51 GB ","sdkVersion":"39","product":"mido","devMode":"0"}
cache_ttl value is correct

Refresh Ad Rate value is correct
mode value is set

 Aspect ratio value is correct
sentry_log value is set
local_logging value is set
sentry_initialization value is set
sentry_debugging value is set
showPreRewardedDialogue value is set
showPostRewardedDialogue value is set
isSkipable value is set
{"cache_ttl":10080,"cache_ttl_rewarded":10080,"cache_ttl_banner":10080,"cache_ttl_native":10080,"cache_ttl_icon":10080,"refreshAdRate":30,"mode":"Production","aspectRatio":"9_16","cdnPath":"https:\/\/df8ymybeo92md.cloudfront.net\/images\/","sentry_log":0,"local_logging":0,"sentry_dsn":"https:\/\/93ffa1c9a4124f67b8888a53265f751a:bbf998e04584477fa9a145838e9d3b26@sentry.io\/168994","sentry_initialization":1,"sentry_debugging":0,"bannerSizes":[],"aspectRatioVideo":"9_16","app_id":"168","showPreRewardedDialogue":0,"showPostRewardedDialogue":0,"rewardCurrency":"coins","rewardValue":0,"isSkipable":0,"privacyPolicyURL":"https:\/\/www.consoliads.com\/privacy-policy\/","sessionToken":"wH4zxglneRiEAXy6kvtTBuvDsMvYOU3c6gPoWOVMlMBnaUOZ4l4rao+257DnylvrwZmwMH+kM2tg7VeSLqNGFLszd8D5yec2i3\/is049QLu4BgKFGFjOc7IKELAc1SJaf\/Ehoaenv0t1kMCvG8P9YgSHmyxXvtxNS8HK4ycy6MY="}
Session token value is set


{"appKey":"6c43d0e957550be8b6cbf833df6d0419","osVersion":"7.0","orientation":"0","is_mac":"0","model":"GT-Snnn0","deviceID":"742","telco_operator":"Oi","cpu":"0","brand":"HONOR","userConsent":"0","internet_connectivity":"0","height":"396","architecture":"aarch64","width":"396","resolution":"1436x720","ram":"1.77 GB","sdkVersion":"2225","product":"STK-L21M","devMode":"0"}
cache_ttl value is correct

Title value is correct

Title value is correct

Title value is correct

Title value is correct

Title value is correct

Title value is correct

Refresh Ad Rate value is correct
mode value is set

 Aspect ratio value is correct
sentry_log value is set
local_logging value is set
sentry_initialization value is set
sentry_debugging value is set
showPreRewardedDialogue value is set
showPostRewardedDialogue value is set
isSkipable value is set
{"cache_ttl":10080,"cache_ttl_rewarded":10080,"cache_ttl_banner":10080,"cache_ttl_native":10080,"cache_ttl_icon":10080,"campaigns":[{"campaignID":"8226","attribution":0,"priority":"8","appToPromote":{"appToPromoteID":"12623","usesDefaultFrameImage":"0","usesDefaultCloseImage":"0","marketURL":"https:\/\/play.google.com\/store\/apps\/details?id=com.igg.android.lordsmobile&amp;referrer=utm_source=42matters.com&amp;utm_medium=api","packageID":"com.nooribrand.android.lordsmobile"},"showTemplate":1,"s2s_tracking_url":"https:\/\/play.google.com\/store\/apps\/details?id=com.igg.android.lordsmobile&amp;referrer=utm_source=42matters.com&amp;utm_medium=api","activeCreativeID":"3557","scenes":["3","2"],"campaignAdType":"Icon","productId":"","purchaseBit":0,"licenseKey":""},{"campaignID":"8378","attribution":0,"priority":"8","appToPromote":{"appToPromoteID":"16480","usesDefaultFrameImage":"0","usesDefaultCloseImage":"0","marketURL":"https:\/\/play.google.com\/store\/apps\/details?id=com.nag.home.manager.working.virtual.mom","packageID":"com.GSS317.AmazingFamily"},"showTemplate":1,"s2s_tracking_url":"https:\/\/play.google.com\/store\/apps\/details?id=com.nag.home.manager.working.virtual.mom","activeCreativeID":"3720","scenes":["3","2"],"campaignAdType":"Interstitial","productId":"","purchaseBit":0,"licenseKey":""},{"campaignID":"8613","attribution":0,"priority":"8","appToPromote":{"appToPromoteID":"12623","usesDefaultFrameImage":"0","usesDefaultCloseImage":"0","marketURL":"https:\/\/play.google.com\/store\/apps\/details?id=com.igg.android.lordsmobile&amp;referrer=utm_source=42matters.com&amp;utm_medium=api","packageID":"com.nooribrand.android.lordsmobile"},"showTemplate":1,"s2s_tracking_url":"https:\/\/play.google.com\/store\/apps\/details?id=com.igg.android.lordsmobile&amp;referrer=utm_source=42matters.com&amp;utm_medium=api","activeCreativeID":"3557","scenes":["3","2"],"campaignAdType":"Icon","productId":"","purchaseBit":0,"licenseKey":""},{"campaignID":"8625","attribution_link":"","attribution":1,"priority":"8","appToPromote":{"appToPromoteID":"16774","usesDefaultFrameImage":"0","usesDefaultCloseImage":"0","marketURL":"https:\/\/www.thewarehouse.pk\/bandana-mask-men?utm_source=consoli&amp;utm_medium=cpc&amp;utm_campaign=consoli-Bandana-20052020","packageID":".BandanaAd"},"showTemplate":1,"s2s_tracking_url":"","activeCreativeID":"3981","scenes":["3","2"],"campaignAdType":"Banner","productId":"","purchaseBit":0,"licenseKey":""},{"campaignID":"8907","attribution":0,"priority":"8","appToPromote":{"appToPromoteID":"17121","usesDefaultFrameImage":"0","usesDefaultCloseImage":"0","marketURL":"https:\/\/infopromo188.wixsite.com\/promo188-f1","packageID":"com.188BET6572.Fullbanner"},"showTemplate":1,"s2s_tracking_url":"https:\/\/infopromo188.wixsite.com\/promo188-f1","activeCreativeID":"4244","scenes":["3","2"],"campaignAdType":"Banner","productId":"","purchaseBit":0,"licenseKey":""},{"campaignID":"8908","attribution":0,"priority":"8","appToPromote":{"appToPromoteID":"17121","usesDefaultFrameImage":"0","usesDefaultCloseImage":"0","marketURL":"https:\/\/infopromo188.wixsite.com\/promo188-f1","packageID":"com.188BET6572.Fullbanner"},"showTemplate":1,"s2s_tracking_url":"https:\/\/infopromo188.wixsite.com\/promo188-f1","activeCreativeID":"4243","scenes":["3","2"],"campaignAdType":"Interstitial","productId":"","purchaseBit":0,"licenseKey":""},{"campaignID":"8909","attribution":0,"priority":"8","appToPromote":{"appToPromoteID":"17121","usesDefaultFrameImage":"0","usesDefaultCloseImage":"0","marketURL":"https:\/\/infopromo188.wixsite.com\/promo188-f1","packageID":"com.188BET6572.Fullbanner"},"showTemplate":1,"s2s_tracking_url":"https:\/\/infopromo188.wixsite.com\/promo188-f1","activeCreativeID":"4244","scenes":["3","2"],"campaignAdType":"Banner","productId":"","purchaseBit":0,"licenseKey":""},{"campaignID":"8910","attribution":0,"priority":"8","appToPromote":{"appToPromoteID":"17121","usesDefaultFrameImage":"0","usesDefaultCloseImage":"0","marketURL":"https:\/\/infopromo188.wixsite.com\/promo188-f1","packageID":"com.188BET6572.Fullbanner"},"showTemplate":1,"s2s_tracking_url":"https:\/\/infopromo188.wixsite.com\/promo188-f1","activeCreativeID":"4245","scenes":["3","2"],"campaignAdType":"Native","title":"Ayo Buruan Ikutan Promo F1","subTitle":"Banyak Hadiah Menarik","description":"Dapatkan PS 5 Terbaru","adClickThroughText":"Selengkapnya","productId":"","purchaseBit":0,"licenseKey":""},{"campaignID":"9252","attribution":0,"priority":"8","appToPromote":{"appToPromoteID":"12315","usesDefaultFrameImage":"0","usesDefaultCloseImage":"0","marketURL":"google.com","packageID":"com.qabrand.plnative"},"showTemplate":1,"s2s_tracking_url":"google.com","activeCreativeID":"4683","scenes":["3","2"],"campaignAdType":"Native","title":"Native first","subTitle":"First ","description":"New description","adClickThroughText":"FIRST Button","productId":"","purchaseBit":0,"licenseKey":""},{"campaignID":"9253","attribution":0,"priority":"8","appToPromote":{"appToPromoteID":"12315","usesDefaultFrameImage":"0","usesDefaultCloseImage":"0","marketURL":"google.com","packageID":"com.qabrand.plnative"},"showTemplate":1,"s2s_tracking_url":"google.com","activeCreativeID":"4683","scenes":["3","2"],"campaignAdType":"Native","title":"Native first","subTitle":"First ","description":"New description","adClickThroughText":"FIRST Button","productId":"","purchaseBit":0,"licenseKey":""},{"campaignID":"9255","attribution":0,"priority":"8","appToPromote":{"appToPromoteID":"13274","usesDefaultFrameImage":"0","usesDefaultCloseImage":"0","marketURL":"https:\/\/play.google.com\/store\/apps\/details?id=com.facebook.katana","packageID":"com.salon.adsalon"},"showTemplate":1,"s2s_tracking_url":"https:\/\/play.google.com\/store\/apps\/details?id=com.facebook.katana","activeCreativeID":"4685","scenes":["3","2"],"campaignAdType":"Native","title":"native NA ","subTitle":"native NA ","description":"native NA added","adClickThroughText":"native NA ","productId":"","purchaseBit":0,"licenseKey":""},{"campaignID":"9257","attribution":0,"priority":"8","appToPromote":{"appToPromoteID":"12286","usesDefaultFrameImage":"0","usesDefaultCloseImage":"0","marketURL":"google.com","packageID":"com.qabrand.Chartboost_Native"},"showTemplate":1,"s2s_tracking_url":"google.com","activeCreativeID":"4688","scenes":["3","2"],"campaignAdType":"Native","title":"Native second updated","subTitle":"Native second ","description":"Native second details","adClickThroughText":"Native second ","productId":"","purchaseBit":0,"licenseKey":""},{"campaignID":"9263","attribution":0,"priority":"8","appToPromote":{"appToPromoteID":"12315","usesDefaultFrameImage":"0","usesDefaultCloseImage":"0","marketURL":"google.com","packageID":"com.qabrand.plnative"},"showTemplate":1,"s2s_tracking_url":"google.com","activeCreativeID":"4694","scenes":["3","2"],"campaignAdType":"Native","title":"test","subTitle":"test","description":" test details update","adClickThroughText":"test","productId":"","purchaseBit":0,"licenseKey":""},{"campaignID":"9547","attribution":0,"priority":"8","appToPromote":{"appToPromoteID":"11879","usesDefaultFrameImage":"0","usesDefaultCloseImage":"0","marketURL":"https:\/\/play.google.com\/store\/apps\/details?id=com.buntoo.car.racing.games","packageID":"com.buntoo.car.racing.games"},"showTemplate":1,"s2s_tracking_url":"https:\/\/play.google.com\/store\/apps\/details?id=com.buntoo.car.racing.games","activeCreativeID":"4964","scenes":["3","2"],"campaignAdType":"Interstitial","productId":"","purchaseBit":0,"licenseKey":""},{"campaignID":"9586","attribution":0,"priority":"8","appToPromote":{"appToPromoteID":"515","usesDefaultFrameImage":"1","usesDefaultCloseImage":"1","marketURL":"https:\/\/play.google.com\/store\/apps\/details?id=com.plum.cash.counter.simualtor","packageID":"com.plum.cash.counter.simualtor"},"showTemplate":1,"s2s_tracking_url":"https:\/\/play.google.com\/store\/apps\/details?id=com.plum.cash.counter.simualtor","activeCreativeID":"50","scenes":["3","2"],"campaignAdType":"Interstitial","productId":"","purchaseBit":0,"licenseKey":""},{"campaignID":"9587","attribution":0,"priority":"8","appToPromote":{"appToPromoteID":"515","usesDefaultFrameImage":"1","usesDefaultCloseImage":"1","marketURL":"https:\/\/play.google.com\/store\/apps\/details?id=com.plum.cash.counter.simualtor","packageID":"com.plum.cash.counter.simualtor"},"showTemplate":1,"s2s_tracking_url":"https:\/\/play.google.com\/store\/apps\/details?id=com.plum.cash.counter.simualtor","activeCreativeID":"50","scenes":["3","2"],"campaignAdType":"Interstitial","productId":"","purchaseBit":0,"licenseKey":""},{"campaignID":"9588","attribution":0,"priority":"8","appToPromote":{"appToPromoteID":"515","usesDefaultFrameImage":"1","usesDefaultCloseImage":"1","marketURL":"https:\/\/play.google.com\/store\/apps\/details?id=com.plum.cash.counter.simualtor","packageID":"com.plum.cash.counter.simualtor"},"showTemplate":1,"s2s_tracking_url":"https:\/\/play.google.com\/store\/apps\/details?id=com.plum.cash.counter.simualtor","activeCreativeID":"50","scenes":["3","2"],"campaignAdType":"Interstitial","productId":"","purchaseBit":0,"licenseKey":""},{"campaignID":"9589","attribution":0,"priority":"8","appToPromote":{"appToPromoteID":"515","usesDefaultFrameImage":"1","usesDefaultCloseImage":"1","marketURL":"https:\/\/play.google.com\/store\/apps\/details?id=com.plum.cash.counter.simualtor","packageID":"com.plum.cash.counter.simualtor"},"showTemplate":1,"s2s_tracking_url":"https:\/\/play.google.com\/store\/apps\/details?id=com.plum.cash.counter.simualtor","activeCreativeID":"50","scenes":["3","2"],"campaignAdType":"Interstitial","productId":"","purchaseBit":0,"licenseKey":""},{"campaignID":"9599","attribution":0,"priority":"8","appToPromote":{"appToPromoteID":"515","usesDefaultFrameImage":"1","usesDefaultCloseImage":"1","marketURL":"https:\/\/play.google.com\/store\/apps\/details?id=com.plum.cash.counter.simualtor","packageID":"com.plum.cash.counter.simualtor"},"showTemplate":1,"s2s_tracking_url":"https:\/\/play.google.com\/store\/apps\/details?id=com.plum.cash.counter.simualtor","activeCreativeID":"5001","scenes":["3","2"],"campaignAdType":"Icon","productId":"","purchaseBit":0,"licenseKey":""},{"campaignID":"9131","attribution":0,"priority":"8","appToPromote":{"appToPromoteID":"17532","usesDefaultFrameImage":"0","usesDefaultCloseImage":"0","marketURL":"https:\/\/play.google.com\/store\/apps\/details?id=com.dhgate.buyermob","packageID":"com.dhgate.buyermob"},"showTemplate":1,"s2s_tracking_url":"https:\/\/tha.gotrackier.com\/click?campaign_id=63254\\u0026pub_id=75?p1=190_9131_742&amp;source=6841&amp;app_name=BikeSuperHero-PGZ&amp;gaid=742","activeCreativeID":"4483","scenes":["3","2"],"campaignAdType":"Interstitial","productId":"","purchaseBit":0,"licenseKey":""},{"campaignID":"8380","attribution_link":"","attribution":1,"priority":"7","appToPromote":{"appToPromoteID":"16480","usesDefaultFrameImage":"0","usesDefaultCloseImage":"0","marketURL":"https:\/\/play.google.com\/store\/apps\/details?id=com.nag.home.manager.working.virtual.mom","packageID":"com.GSS317.AmazingFamily"},"showTemplate":1,"s2s_tracking_url":"","activeCreativeID":"3720","scenes":["3","2"],"campaignAdType":"Interstitial","productId":"","purchaseBit":0,"licenseKey":""},{"campaignID":"444","attribution":0,"priority":"6","appToPromote":{"appToPromoteID":"3355","usesDefaultFrameImage":"0","usesDefaultCloseImage":"0","marketURL":"https:\/\/play.google.com\/store\/apps\/details?id=com.popnsons.parkour.mouse","packageID":"com.popnsons.parkour.mouse"},"showTemplate":1,"s2s_tracking_url":"https:\/\/play.google.com\/store\/apps\/details?id=com.popnsons.parkour.mouse","activeCreativeID":"469","scenes":["3","2"],"campaignAdType":"Interstitial","productId":"","purchaseBit":0,"licenseKey":""},{"campaignID":"561","attribution":0,"priority":"6","appToPromote":{"appToPromoteID":"5026","usesDefaultFrameImage":"0","usesDefaultCloseImage":"0","marketURL":"https:\/\/play.google.com\/store\/apps\/details?id=com.as.cashupapp","packageID":"com.as.cashupapp"},"showTemplate":1,"s2s_tracking_url":"https:\/\/play.google.com\/store\/apps\/details?id=com.as.cashupapp","activeCreativeID":"652","scenes":["3","2"],"campaignAdType":"Interstitial","productId":"","purchaseBit":0,"licenseKey":""},{"campaignID":"570","attribution":0,"priority":"6","appToPromote":{"appToPromoteID":"3802","usesDefaultFrameImage":"0","usesDefaultCloseImage":"0","marketURL":"https:\/\/play.google.com\/store\/apps\/details?id=com.Madxstudios.Flickshootsoccer","packageID":"com.Madxstudios.Flickshootsoccer"},"showTemplate":1,"s2s_tracking_url":"https:\/\/play.google.com\/store\/apps\/details?id=com.Madxstudios.Flickshootsoccer","activeCreativeID":"661","scenes":["3","2"],"campaignAdType":"Interstitial","productId":"","purchaseBit":0,"licenseKey":""},{"campaignID":"588","attribution":0,"priority":"6","appToPromote":{"appToPromoteID":"5026","usesDefaultFrameImage":"0","usesDefaultCloseImage":"0","marketURL":"https:\/\/play.google.com\/store\/apps\/details?id=com.as.cashupapp","packageID":"com.as.cashupapp"},"showTemplate":1,"s2s_tracking_url":"https:\/\/play.google.com\/store\/apps\/details?id=com.as.cashupapp","activeCreativeID":"652","scenes":["3","2"],"campaignAdType":"Interstitial","productId":"","purchaseBit":0,"licenseKey":""},{"campaignID":"8808","attribution_link":"","attribution":1,"priority":"5","appToPromote":{"appToPromoteID":"16528","usesDefaultFrameImage":"0","usesDefaultCloseImage":"0","marketURL":"https:\/\/play.google.com\/store\/apps\/details?id=com.bag.farm.day.village.farming.games","packageID":"com.GSS317.com.bag.farm.day.village.farming.games"},"showTemplate":1,"s2s_tracking_url":"","activeCreativeID":"3775","scenes":["3","2"],"campaignAdType":"Interstitial","productId":"","purchaseBit":0,"licenseKey":""},{"campaignID":"8876","attribution":0,"priority":"5","appToPromote":{"appToPromoteID":"15640","usesDefaultFrameImage":"0","usesDefaultCloseImage":"0","marketURL":"https:\/\/play.google.com\/store\/apps\/details?id=com.pgz.police.bike.stunt.ramp.bike.racing.games","packageID":"com.pgz.police.bike.stunt.ramp.bike.racing.games"},"showTemplate":1,"s2s_tracking_url":"https:\/\/play.google.com\/store\/apps\/details?id=com.pgz.police.bike.stunt.ramp.bike.racing.games","activeCreativeID":"4236","scenes":["3","2"],"campaignAdType":"Interstitial","productId":"","purchaseBit":0,"licenseKey":""},{"campaignID":"8930","attribution_link":"","attribution":1,"priority":"5","appToPromote":{"appToPromoteID":"17262","usesDefaultFrameImage":"0","usesDefaultCloseImage":"0","marketURL":"https:\/\/play.google.com\/store\/apps\/details?id=com.parsifal.cinepax","packageID":"com.StarzplaybyCinepax6680.1MonthFreetrial"},"showTemplate":1,"s2s_tracking_url":"","activeCreativeID":"4295","scenes":["3","2"],"campaignAdType":"Interstitial","productId":"","purchaseBit":0,"licenseKey":""},{"campaignID":"8972","attribution":0,"priority":"5","appToPromote":{"appToPromoteID":"15974","usesDefaultFrameImage":"0","usesDefaultCloseImage":"0","marketURL":"https:\/\/play.google.com\/store\/apps\/details?id=com.mustardgames.bmx.cycle.stunt.mega.ramp.impossibletracks","packageID":"com.mustardgames.bmx.cycle.stunt.mega.ramp.impossibletracks"},"showTemplate":1,"s2s_tracking_url":"https:\/\/play.google.com\/store\/apps\/details?id=com.mustardgames.bmx.cycle.stunt.mega.ramp.impossibletracks","activeCreativeID":"4339","scenes":["3","2"],"campaignAdType":"Interstitial","productId":"","purchaseBit":0,"licenseKey":""},{"campaignID":"8973","attribution":0,"priority":"5","appToPromote":{"appToPromoteID":"15974","usesDefaultFrameImage":"0","usesDefaultCloseImage":"0","marketURL":"https:\/\/play.google.com\/store\/apps\/details?id=com.mustardgames.bmx.cycle.stunt.mega.ramp.impossibletracks","packageID":"com.mustardgames.bmx.cycle.stunt.mega.ramp.impossibletracks"},"showTemplate":1,"s2s_tracking_url":"https:\/\/play.google.com\/store\/apps\/details?id=com.mustardgames.bmx.cycle.stunt.mega.ramp.impossibletracks","activeCreativeID":"4339","scenes":["3","2"],"campaignAdType":"Interstitial","productId":"","purchaseBit":0,"licenseKey":""},{"campaignID":"8974","attribution":0,"priority":"5","appToPromote":{"appToPromoteID":"15974","usesDefaultFrameImage":"0","usesDefaultCloseImage":"0","marketURL":"https:\/\/play.google.com\/store\/apps\/details?id=com.mustardgames.bmx.cycle.stunt.mega.ramp.impossibletracks","packageID":"com.mustardgames.bmx.cycle.stunt.mega.ramp.impossibletracks"},"showTemplate":1,"s2s_tracking_url":"https:\/\/play.google.com\/store\/apps\/details?id=com.mustardgames.bmx.cycle.stunt.mega.ramp.impossibletracks","activeCreativeID":"3564","scenes":["3","2"],"campaignAdType":"Video","productId":"","purchaseBit":0,"licenseKey":""},{"campaignID":"8929","attribution_link":"","attribution":1,"priority":"4","appToPromote":{"appToPromoteID":"17262","usesDefaultFrameImage":"0","usesDefaultCloseImage":"0","marketURL":"https:\/\/play.google.com\/store\/apps\/details?id=com.parsifal.cinepax","packageID":"com.StarzplaybyCinepax6680.1MonthFreetrial"},"showTemplate":1,"s2s_tracking_url":"","activeCreativeID":"4295","scenes":["3","2"],"campaignAdType":"Interstitial","productId":"","purchaseBit":0,"licenseKey":""},{"campaignID":"557","attribution":0,"priority":"4","appToPromote":{"appToPromoteID":"4959","usesDefaultFrameImage":"0","usesDefaultCloseImage":"0","marketURL":"https:\/\/play.google.com\/store\/apps\/details?id=com.jet.plane.surfers.joyride.dash","packageID":"com.jet.plane.surfers.joyride.dash"},"showTemplate":1,"s2s_tracking_url":"https:\/\/play.google.com\/store\/apps\/details?id=com.jet.plane.surfers.joyride.dash","activeCreativeID":"645","scenes":["3","2"],"campaignAdType":"Interstitial","productId":"","purchaseBit":0,"licenseKey":""},{"campaignID":"7817","attribution":0,"priority":"4","appToPromote":{"appToPromoteID":"15546","usesDefaultFrameImage":"0","usesDefaultCloseImage":"0","marketURL":"https:\/\/play.google.com\/store\/apps\/details?id=com.smart.developers.watsapp.statussaver.manager&amp;referrer=utm_source=42matters.com&amp;utm_medium=api","packageID":"com.smart.developers.watsapp.statussaver.manager"},"showTemplate":1,"s2s_tracking_url":"https:\/\/play.google.com\/store\/apps\/details?id=com.smart.developers.watsapp.statussaver.manager&amp;referrer=utm_source=42matters.com&amp;utm_medium=api","activeCreativeID":"3090","scenes":["3","2"],"campaignAdType":"Interstitial","productId":"","purchaseBit":0,"licenseKey":""},{"campaignID":"8747","attribution":0,"priority":"3","appToPromote":{"appToPromoteID":"16244","usesDefaultFrameImage":"0","usesDefaultCloseImage":"0","marketURL":"https:\/\/play.google.com\/store\/apps\/details?id=com.mustardgames.formula.car.racing.ramp.car.stunt.impossible.tracks","packageID":"com.mustardgames.formula.car.racing.ramp.car.stunt.impossible.tracks"},"showTemplate":1,"s2s_tracking_url":"https:\/\/play.google.com\/store\/apps\/details?id=com.mustardgames.formula.car.racing.ramp.car.stunt.impossible.tracks","activeCreativeID":"3993","scenes":["3","2"],"campaignAdType":"Video","productId":"","purchaseBit":0,"licenseKey":""},{"campaignID":"414","attribution":0,"priority":"3","appToPromote":{"appToPromoteID":"3023","usesDefaultFrameImage":"0","usesDefaultCloseImage":"0","marketURL":"https:\/\/play.google.com\/store\/apps\/details?id=com.appricot2d.rolo.pet.parrot","packageID":"com.appricot2d.rolo.pet.parrot"},"showTemplate":1,"s2s_tracking_url":"https:\/\/play.google.com\/store\/apps\/details?id=com.appricot2d.rolo.pet.parrot","activeCreativeID":"385","scenes":["3","2"],"campaignAdType":"Interstitial","productId":"","purchaseBit":0,"licenseKey":""},{"campaignID":"559","attribution":0,"priority":"3","appToPromote":{"appToPromoteID":"3476","usesDefaultFrameImage":"0","usesDefaultCloseImage":"0","marketURL":"https:\/\/play.google.com\/store\/apps\/details?id=com.perspectivegames.real.impossible.tracks.stunts","packageID":"com.perspectivegames.real.impossible.tracks.stunts"},"showTemplate":1,"s2s_tracking_url":"https:\/\/play.google.com\/store\/apps\/details?id=com.perspectivegames.real.impossible.tracks.stunts","activeCreativeID":"649","scenes":["3","2"],"campaignAdType":"Interstitial","productId":"","purchaseBit":0,"licenseKey":""},{"campaignID":"741","attribution":0,"priority":"3","appToPromote":{"appToPromoteID":"5609","usesDefaultFrameImage":"0","usesDefaultCloseImage":"0","marketURL":"https:\/\/play.google.com\/store\/apps\/details?id=com.kick.gyroscopic.city.train.driver.simulator","packageID":"com.kick.gyroscopic.city.train.driver.simulator"},"showTemplate":1,"s2s_tracking_url":"https:\/\/play.google.com\/store\/apps\/details?id=com.kick.gyroscopic.city.train.driver.simulator","activeCreativeID":"753","scenes":["3","2"],"campaignAdType":"Interstitial","productId":"","purchaseBit":0,"licenseKey":""},{"campaignID":"798","attribution":0,"priority":"3","appToPromote":{"appToPromoteID":"5770","usesDefaultFrameImage":"0","usesDefaultCloseImage":"0","marketURL":"https:\/\/play.google.com\/store\/apps\/details?id=com.simulatorgames3d.alohacelebrations","packageID":"com.simulatorgames3d.alohacelebrations"},"showTemplate":1,"s2s_tracking_url":"https:\/\/play.google.com\/store\/apps\/details?id=com.simulatorgames3d.alohacelebrations","activeCreativeID":"787","scenes":["3","2"],"campaignAdType":"Interstitial","productId":"","purchaseBit":0,"licenseKey":""},{"campaignID":"1483","attribution":0,"priority":"3","appToPromote":{"appToPromoteID":"1714","usesDefaultFrameImage":"1","usesDefaultCloseImage":"1","marketURL":"https:\/\/play.google.com\/store\/apps\/details?id=com.playink.cookie.maker","packageID":"com.playink.cookie.maker"},"showTemplate":1,"s2s_tracking_url":"https:\/\/play.google.com\/store\/apps\/details?id=com.playink.cookie.maker","activeCreativeID":"1020","scenes":["3","2"],"campaignAdType":"Interstitial","productId":"","purchaseBit":0,"licenseKey":""}],"refreshAdRate":30,"mode":"Production","aspectRatio":"9_16","cdnPath":"https:\/\/df8ymybeo92md.cloudfront.net\/images\/","sentry_log":0,"local_logging":0,"sentry_dsn":"https:\/\/93ffa1c9a4124f67b8888a53265f751a:bbf998e04584477fa9a145838e9d3b26@sentry.io\/168994","sentry_initialization":1,"sentry_debugging":0,"bannerSizes":["1"],"aspectRatioVideo":"9_16","app_id":"190","showPreRewardedDialogue":0,"showPostRewardedDialogue":0,"rewardCurrency":"coins","rewardValue":0,"isSkipable":0,"privacyPolicyURL":"https:\/\/www.consoliads.com\/privacy-policy\/","sessionToken":"Benc97I0PoNnmD2JPb43EVFRCHHwvUuypAGFfkDxdaI8THVUTLKoL3syjEcD8bXLATo\/LVkGwQL2NhvAA6KcvgznpQM\/KrfDe9B8PCjMic\/Civ\/Mkysii6icpA7GJfsi+SDNoON7brKybQLye5JNLIolIDjdpjHCV4Un8jV3B98="}
Session token value is set


{"appKey":"363eeeef9479d9af8cfa3d9ee81f42ad","osVersion":"6.0","orientation":"0","is_mac":"0","model":"GT-Snnn2","deviceID":"137","telco_operator":"Maroc","cpu":"0","brand":"vivo","userConsent":"0","internet_connectivity":"0","height":"154","architecture":"armv8l","width":"154","resolution":"1344x720","ram":"1.68 GB","sdkVersion":"39","product":"aosp_arm","devMode":"0"}
cache_ttl value is correct

Refresh Ad Rate value is correct
mode value is set

 Aspect ratio value is correct
sentry_log value is set
local_logging value is set
sentry_initialization value is set
sentry_debugging value is set
showPreRewardedDialogue value is set
showPostRewardedDialogue value is set
isSkipable value is set
{"cache_ttl":10080,"cache_ttl_rewarded":10080,"cache_ttl_banner":10080,"cache_ttl_native":10080,"cache_ttl_icon":10080,"refreshAdRate":30,"mode":"Production","aspectRatio":"9_16","cdnPath":"https:\/\/df8ymybeo92md.cloudfront.net\/images\/","sentry_log":0,"local_logging":0,"sentry_dsn":"https:\/\/e6dcd89483ae4d13b0f42ed3810d8d62:078421c4ad3d43f19885b30828ce7ee6@sentry.io\/187776","sentry_initialization":1,"sentry_debugging":0,"bannerSizes":[],"aspectRatioVideo":"9_16","app_id":"197","showPreRewardedDialogue":0,"showPostRewardedDialogue":0,"rewardCurrency":"coins","rewardValue":0,"isSkipable":0,"privacyPolicyURL":"https:\/\/www.consoliads.com\/privacy-policy\/","sessionToken":"RZKOvYmmUreHHTjEyzk77NvmlG\/rHWRY1qOlSOJH7QkUUw9ccK69n\/rTdVlpic5SeIVYogUk4sF9Xq8KIngs+p4oe95a681pODridVp\/93bryU3pEKtykfT+43f3vT\/4e4q0hXSWjahiMkLnZuumTvdzF0few0T80qL9oZ+pNVA="}
Session token value is set


{"appKey":"c95886d10c34ffc0029ce07e6830a9c3","osVersion":"5.0","orientation":"0","is_mac":"0","model":"xiaomi Mi 4s","deviceID":"305","telco_operator":"Telecom","cpu":"0","brand":"samsung","userConsent":"0","internet_connectivity":"0","height":"222","architecture":"armv7l,","width":"222","resolution":"1024x552","ram":"3.68 GB","sdkVersion":"39","product":"potter","devMode":"0"}
cache_ttl value is correct

Refresh Ad Rate value is correct
mode value is set

 Aspect ratio value is correct
sentry_log value is set
local_logging value is set
sentry_initialization value is set
sentry_debugging value is set
showPreRewardedDialogue value is set
showPostRewardedDialogue value is set
isSkipable value is set
{"cache_ttl":10080,"cache_ttl_rewarded":10080,"cache_ttl_banner":10080,"cache_ttl_native":10080,"cache_ttl_icon":10080,"refreshAdRate":30,"mode":"Production","aspectRatio":"9_16","cdnPath":"https:\/\/df8ymybeo92md.cloudfront.net\/images\/","sentry_log":0,"local_logging":0,"sentry_dsn":"https:\/\/93ffa1c9a4124f67b8888a53265f751a:bbf998e04584477fa9a145838e9d3b26@sentry.io\/168994","sentry_initialization":1,"sentry_debugging":0,"bannerSizes":[],"aspectRatioVideo":"9_16","app_id":"202","showPreRewardedDialogue":0,"showPostRewardedDialogue":0,"rewardCurrency":"coins","rewardValue":0,"isSkipable":0,"privacyPolicyURL":"https:\/\/www.consoliads.com\/privacy-policy\/","sessionToken":"KTGjb2DnmtIu5P6JpeGQ0mCk\/EKb6ZwIWZonQLS0bDVfnDrmrXakJ2vzgP0\/ro0LSUN49CkGqXOv1uReuoFTmLd7JMJmgJSZcK6HlC4HZNSO6VbuseCcIsPi0IlYYaVpSmUf6+zrmAAmY8NwixRwkyZOCRg1qJpbX2fRzDAYAyo="}
Session token value is set


{"appKey":"8a6b3a437d3e028a8849cf8f819fd919","osVersion":"4.4","orientation":"0","is_mac":"0","model":"E5673","deviceID":"222","telco_operator":"airtel","cpu":"0","brand":"realme","userConsent":"0","internet_connectivity":"0","height":"188","architecture":"aarch81","width":"188","resolution":"1387x720","ram":"2.75 GB","sdkVersion":"39","product":"iPhone","devMode":"0"}
cache_ttl value is correct

Refresh Ad Rate value is correct
mode value is set

 Aspect ratio value is correct
sentry_log value is set
local_logging value is set
sentry_initialization value is set
sentry_debugging value is set
showPreRewardedDialogue value is set
showPostRewardedDialogue value is set
isSkipable value is set
{"cache_ttl":10080,"cache_ttl_rewarded":10080,"cache_ttl_banner":10080,"cache_ttl_native":10080,"cache_ttl_icon":10080,"refreshAdRate":30,"mode":"Production","aspectRatio":"9_16","cdnPath":"https:\/\/df8ymybeo92md.cloudfront.net\/images\/","sentry_log":0,"local_logging":0,"sentry_dsn":"https:\/\/e6dcd89483ae4d13b0f42ed3810d8d62:078421c4ad3d43f19885b30828ce7ee6@sentry.io\/187776","sentry_initialization":1,"sentry_debugging":0,"bannerSizes":["5"],"aspectRatioVideo":"9_16","app_id":"224","showPreRewardedDialogue":0,"showPostRewardedDialogue":0,"rewardCurrency":"coins","rewardValue":0,"isSkipable":0,"privacyPolicyURL":"https:\/\/www.consoliads.com\/privacy-policy\/","sessionToken":"irAi8iQbDluHZwbueJZnF63sAkU9\/hWCGTuO7D1JPP9+2yY4wQ8va\/7KokDpgMvXFVgK8eUWRqfuBl2us4phVW3XNjSglBWa84JBCs+j4Msv+kjX0t8jb8IicTbkey7MySLtSZRDxpJCTyJmJKUH\/ze5rXphxLTFAOgOwzoPG\/Q="}
Session token value is set


{"appKey":"f41eecd58fdd226e9d370df3828af01f","osVersion":"4.3","orientation":"0","is_mac":"0","model":"E3372","deviceID":"195","telco_operator":"Metfone","cpu":"0","brand":"iPhone","userConsent":"0","internet_connectivity":"0","height":"178","architecture":"aarch81","width":"178","resolution":"1080 x 1920","ram":"1,37 GB","sdkVersion":"39","product":"LUA-U22","devMode":"0"}
cache_ttl value is correct

Refresh Ad Rate value is correct
mode value is set

 Aspect ratio value is correct
sentry_log value is set
local_logging value is set
sentry_initialization value is set
sentry_debugging value is set
showPreRewardedDialogue value is set
showPostRewardedDialogue value is set
isSkipable value is set
{"cache_ttl":10080,"cache_ttl_rewarded":10080,"cache_ttl_banner":10080,"cache_ttl_native":10080,"cache_ttl_icon":10080,"refreshAdRate":30,"mode":"Production","aspectRatio":"9_16","cdnPath":"https:\/\/df8ymybeo92md.cloudfront.net\/images\/","sentry_log":0,"local_logging":0,"sentry_dsn":"https:\/\/93ffa1c9a4124f67b8888a53265f751a:bbf998e04584477fa9a145838e9d3b26@sentry.io\/168994","sentry_initialization":1,"sentry_debugging":0,"bannerSizes":[],"aspectRatioVideo":"9_16","app_id":"226","showPreRewardedDialogue":0,"showPostRewardedDialogue":0,"rewardCurrency":"coins","rewardValue":0,"isSkipable":0,"privacyPolicyURL":"https:\/\/www.consoliads.com\/privacy-policy\/","sessionToken":"7f4igGHFCfVI4xKAgDZy9Q7O+CZ\/+wbqX3W4ViFyb+K0xa5lxWJBNUiuZUV0+zX9uS8Bw0Bqhwxs1rQeczJSGdNn\/5XvkKreetk8aGqcZFmchPISKlKhcwzUmqr\/x9uwjcdcbD1+uUvd4QfmEk9DTHNqQ4vw1FIcGr55kBAa0GU="}
Session token value is set

{"appKey":"fdcae9dc671b6823d2c35a6c94131930","osVersion":"4.2","orientation":"0","is_mac":"0","model":"iphone 3GS","deviceID":"972","telco_operator":" Ooredoo","cpu":"0","brand":"OPPO","userConsent":"0","internet_connectivity":"0","height":"489","architecture":"armv64","width":"489","resolution":"1440 x 2960","ram":"3.69 GB","sdkVersion":"22","product":"BKK-LX2","devMode":"0"}: Status code not OK,http://52.13.174.6/sheeda/admin/api/startNewAdSession_2 API has failed at 31 NotFound

{"appKey":"9aec7032e72fc71651e446a6f79e717e","osVersion":"9.0","orientation":"0","is_mac":"0","model":"GT-Nnnn0","deviceID":"321","telco_operator":"","cpu":"0","brand":"HUAWEI","userConsent":"0","internet_connectivity":"0","height":"228","architecture":"","width":"228","resolution":"1280x720","ram":"953,45 MB","sdkVersion":"2124","product":"j7xeltexx","devMode":"0"}
cache_ttl value is correct

Refresh Ad Rate value is correct
mode value is set

 Aspect ratio value is correct
sentry_log value is set
local_logging value is set
sentry_initialization value is set
sentry_debugging value is set
showPreRewardedDialogue value is set
showPostRewardedDialogue value is set
isSkipable value is set
{"cache_ttl":10080,"cache_ttl_rewarded":10080,"cache_ttl_banner":10080,"cache_ttl_native":10080,"cache_ttl_icon":10080,"campaigns":[{"campaignID":"9126","attribution":0,"priority":"8","appToPromote":{"appToPromoteID":"17527","usesDefaultFrameImage":"0","usesDefaultCloseImage":"0","marketURL":"https:\/\/itunes.apple.com\/us\/app\/id1196690809","packageID":"id1196690809"},"showTemplate":1,"s2s_tracking_url":"https:\/\/tha.gotrackier.com\/click?campaign_id=68346\\u0026pub_id=75?p1=236_9126_321&amp;source=6841&amp;app_name=BearSimulator&amp;idfa=321","activeCreativeID":"4478","scenes":["3","2"],"campaignAdType":"Banner","productId":"","purchaseBit":0,"licenseKey":""},{"campaignID":"9128","attribution":0,"priority":"8","appToPromote":{"appToPromoteID":"17529","usesDefaultFrameImage":"0","usesDefaultCloseImage":"0","marketURL":"https:\/\/apps.apple.com\/ru\/app\/id1259203065","packageID":"id1259203065"},"showTemplate":1,"s2s_tracking_url":"https:\/\/tha.gotrackier.com\/click?campaign_id=63251\\u0026pub_id=75?p1=236_9128_321&amp;source=6841&amp;app_name=BearSimulator&amp;idfa=321","activeCreativeID":"4480","scenes":["3","2"],"campaignAdType":"Video","productId":"","purchaseBit":0,"licenseKey":""},{"campaignID":"9129","attribution":0,"priority":"8","appToPromote":{"appToPromoteID":"17530","usesDefaultFrameImage":"0","usesDefaultCloseImage":"0","marketURL":"https:\/\/apps.apple.com\/tw\/app\/%E6%BB%BF%E8%B2%AB%E5%A4%A7%E4%BA%A8\/id1007924271","packageID":"id1007924271"},"showTemplate":1,"s2s_tracking_url":"https:\/\/tha.gotrackier.com\/click?campaign_id=63252\\u0026pub_id=75?p1=236_9129_321&amp;source=6841&amp;app_name=BearSimulator&amp;idfa=321","activeCreativeID":"4481","scenes":["3","2"],"campaignAdType":"Banner","productId":"","purchaseBit":0,"licenseKey":""},{"campaignID":"1041","attribution":0,"priority":"6","appToPromote":{"appToPromoteID":"5781","usesDefaultFrameImage":"0","usesDefaultCloseImage":"0","marketURL":"https:\/\/itunes.apple.com\/US\/app\/id642727743?","packageID":"id642727743"},"showTemplate":1,"activeCreativeID":null,"scenes":["3","2"],"campaignAdType":"Interstitial","productId":"","purchaseBit":0,"licenseKey":""},{"campaignID":"8628","attribution":0,"priority":"5","appToPromote":{"appToPromoteID":"11082","usesDefaultFrameImage":"0","usesDefaultCloseImage":"0","marketURL":"https:\/\/apps.apple.com\/app\/cooking-day-restaurant-game\/id1427191409?uo=5&amp;at=10l9yE","packageID":"com.NewAge.cooking.day"},"showTemplate":1,"s2s_tracking_url":"https:\/\/apps.apple.com\/app\/cooking-day-restaurant-game\/id1427191409?uo=5&amp;at=10l9yE","activeCreativeID":"2113","scenes":["3","2"],"campaignAdType":"Interstitial","productId":"","purchaseBit":0,"licenseKey":""},{"campaignID":"6761","attribution":0,"priority":"5","appToPromote":{"appToPromoteID":"13201","usesDefaultFrameImage":"0","usesDefaultCloseImage":"0","marketURL":"https:\/\/apps.apple.com\/us\/app\/fury-counter-survival-war\/id1472730597?uo=4&amp;at=10l9yE","packageID":"com.aaqibios.fury.terrorist.survival.war"},"showTemplate":1,"s2s_tracking_url":"https:\/\/apps.apple.com\/us\/app\/fury-counter-survival-war\/id1472730597?uo=4&amp;at=10l9yE","activeCreativeID":"1875","scenes":["3","2"],"campaignAdType":"Interstitial","productId":"","purchaseBit":0,"licenseKey":""},{"campaignID":"1423","attribution":0,"priority":"4","appToPromote":{"appToPromoteID":"5227","usesDefaultFrameImage":"0","usesDefaultCloseImage":"0","marketURL":"https:\/\/itunes.apple.com\/in\/app\/8-ball-pool\/id543186831?mt=8","packageID":"id543186831"},"showTemplate":1,"activeCreativeID":null,"scenes":["3","2"],"campaignAdType":"Interstitial","productId":"","purchaseBit":0,"licenseKey":""}],"refreshAdRate":30,"mode":"Production","aspectRatio":"9_16","cdnPath":"https:\/\/df8ymybeo92md.cloudfront.net\/images\/","sentry_log":0,"local_logging":0,"sentry_dsn":"https:\/\/e6dcd89483ae4d13b0f42ed3810d8d62:078421c4ad3d43f19885b30828ce7ee6@sentry.io\/187776","sentry_initialization":1,"sentry_debugging":0,"bannerSizes":["1"],"aspectRatioVideo":"9_16","app_id":"236","showPreRewardedDialogue":0,"showPostRewardedDialogue":0,"rewardCurrency":"coins","rewardValue":0,"isSkipable":0,"privacyPolicyURL":"https:\/\/www.consoliads.com\/privacy-policy\/","sessionToken":"n5G6ftCucdAOVipFhND2g\/NX8tdfALf9+MbmYuaEwHpzzGbRh7MIXCVC\/1RytvXyvr+rDzCbUf+FKNS2JqiZwMDDLfQP4mI3HIYgZHPHjFjQHtEytDpbqsCfg\/M8Kn0Sk4aQm1KtVfUmZmwED7CkTR5zYyYkYOBv\/A69J1cr0Eo="}
Session token value is set


{"appKey":"02d11fd9738d97b70b9d22ec1bd2123f","osVersion":"8.0","orientation":"0","is_mac":"0","model":"SM-Nnn0","deviceID":"23","telco_operator":"Azercell","cpu":"0","brand":"Xiaomi","userConsent":"0","internet_connectivity":"0","height":"109","architecture":"0","width":"109","resolution":"1196x720","ram":"3.51 GB ","sdkVersion":"39","product":"mido","devMode":"0"}
cache_ttl value is correct

Refresh Ad Rate value is correct
mode value is set

 Aspect ratio value is correct
sentry_log value is set
local_logging value is set
sentry_initialization value is set
sentry_debugging value is set
showPreRewardedDialogue value is set
showPostRewardedDialogue value is set
isSkipable value is set
{"cache_ttl":10080,"cache_ttl_rewarded":10080,"cache_ttl_banner":10080,"cache_ttl_native":10080,"cache_ttl_icon":10080,"refreshAdRate":30,"mode":"Production","aspectRatio":"9_16","cdnPath":"https:\/\/df8ymybeo92md.cloudfront.net\/images\/","sentry_log":0,"local_logging":0,"sentry_dsn":"https:\/\/93ffa1c9a4124f67b8888a53265f751a:bbf998e04584477fa9a145838e9d3b26@sentry.io\/168994","sentry_initialization":1,"sentry_debugging":0,"bannerSizes":[],"aspectRatioVideo":"9_16","app_id":"238","showPreRewardedDialogue":0,"showPostRewardedDialogue":0,"rewardCurrency":"coins","rewardValue":0,"isSkipable":0,"privacyPolicyURL":"https:\/\/www.consoliads.com\/privacy-policy\/","sessionToken":"RKVDDTsrVj8YtldIt1IbcE\/6x2\/jTOd3lF+5XwSCO3aNIg0HQ7J+6dPfkSgTxB9WiYSbmDdCkOGvUsX6714VVMPGyBvj8tFpC3a\/BoRkFIni4VWPGwsKIIhQW7gYkuF96xmXkiMTL2L6j7x4uzHJctHK7aQ4MfHE9w9Ae\/VYaZg="}
Session token value is set

{"appKey":"17cf37d56026573c47a5d84146b15956","osVersion":"7.0","orientation":"0","is_mac":"0","model":"GT-Snnn0","deviceID":"695","telco_operator":"Oi","cpu":"0","brand":"HONOR","userConsent":"0","internet_connectivity":"0","height":"378","architecture":"aarch64","width":"378","resolution":"1436x720","ram":"1.77 GB","sdkVersion":"22","product":"STK-L21M","devMode":"0"}: Status code not OK,http://52.13.174.6/sheeda/admin/api/startNewAdSession_2 API has failed at 34 NotFound

{"appKey":"de6bde2b521a5e5f071c239a72e6a0be","osVersion":"6.0","orientation":"0","is_mac":"0","model":"GT-Snnn2","deviceID":"741","telco_operator":"Maroc","cpu":"0","brand":"vivo","userConsent":"0","internet_connectivity":"0","height":"396","architecture":"armv8l","width":"396","resolution":"1344x720","ram":"1.68 GB","sdkVersion":"2225","product":"aosp_arm","devMode":"0"}
cache_ttl value is correct

Refresh Ad Rate value is correct
mode value is set

 Aspect ratio value is correct
sentry_log value is set
local_logging value is set
sentry_initialization value is set
sentry_debugging value is set
showPreRewardedDialogue value is set
showPostRewardedDialogue value is set
isSkipable value is set
{"cache_ttl":10080,"cache_ttl_rewarded":10080,"cache_ttl_banner":10080,"cache_ttl_native":10080,"cache_ttl_icon":10080,"campaigns":[{"campaignID":"1041","attribution":0,"priority":"6","appToPromote":{"appToPromoteID":"5781","usesDefaultFrameImage":"0","usesDefaultCloseImage":"0","marketURL":"https:\/\/itunes.apple.com\/US\/app\/id642727743?","packageID":"id642727743"},"showTemplate":1,"activeCreativeID":null,"scenes":["3","2"],"campaignAdType":"Interstitial","productId":"","purchaseBit":0,"licenseKey":""},{"campaignID":"8628","attribution":0,"priority":"5","appToPromote":{"appToPromoteID":"11082","usesDefaultFrameImage":"0","usesDefaultCloseImage":"0","marketURL":"https:\/\/apps.apple.com\/app\/cooking-day-restaurant-game\/id1427191409?uo=5&amp;at=10l9yE","packageID":"com.NewAge.cooking.day"},"showTemplate":1,"s2s_tracking_url":"https:\/\/apps.apple.com\/app\/cooking-day-restaurant-game\/id1427191409?uo=5&amp;at=10l9yE","activeCreativeID":"2113","scenes":["3","2"],"campaignAdType":"Interstitial","productId":"","purchaseBit":0,"licenseKey":""},{"campaignID":"6761","attribution":0,"priority":"5","appToPromote":{"appToPromoteID":"13201","usesDefaultFrameImage":"0","usesDefaultCloseImage":"0","marketURL":"https:\/\/apps.apple.com\/us\/app\/fury-counter-survival-war\/id1472730597?uo=4&amp;at=10l9yE","packageID":"com.aaqibios.fury.terrorist.survival.war"},"showTemplate":1,"s2s_tracking_url":"https:\/\/apps.apple.com\/us\/app\/fury-counter-survival-war\/id1472730597?uo=4&amp;at=10l9yE","activeCreativeID":"1875","scenes":["3","2"],"campaignAdType":"Interstitial","productId":"","purchaseBit":0,"licenseKey":""},{"campaignID":"1423","attribution":0,"priority":"4","appToPromote":{"appToPromoteID":"5227","usesDefaultFrameImage":"0","usesDefaultCloseImage":"0","marketURL":"https:\/\/itunes.apple.com\/in\/app\/8-ball-pool\/id543186831?mt=8","packageID":"id543186831"},"showTemplate":1,"activeCreativeID":null,"scenes":["3","2"],"campaignAdType":"Interstitial","productId":"","purchaseBit":0,"licenseKey":""}],"refreshAdRate":30,"mode":"Production","aspectRatio":"9_16","cdnPath":"https:\/\/df8ymybeo92md.cloudfront.net\/images\/","sentry_log":0,"local_logging":0,"sentry_dsn":"https:\/\/e6dcd89483ae4d13b0f42ed3810d8d62:078421c4ad3d43f19885b30828ce7ee6@sentry.io\/187776","sentry_initialization":1,"sentry_debugging":0,"bannerSizes":["1"],"aspectRatioVideo":"9_16","app_id":"254","showPreRewardedDialogue":0,"showPostRewardedDialogue":0,"rewardCurrency":"coins","rewardValue":0,"isSkipable":0,"privacyPolicyURL":"https:\/\/www.consoliads.com\/privacy-policy\/","sessionToken":"HK+v9pEYz5nCjFBC3uC+rrHh8ymhxdsCPbXr5++zn80tskoDOGDCAqti70D2kWEVIYNNchuq4bJwcWdo5OtMlkNd5bzvSOghQXwpd0+jRnlfkBPQHIguD6H1ahloUkHuP7e0fYQQiTDTbdY8XMWFU\/NDt8\/UHfpeo02KiEdnFnI="}
Session token value is set

{"appKey":"4a72d27f251a0dd2086fdba76fde4535","osVersion":"5.0","orientation":"0","is_mac":"0","model":"xiaomi Mi 4s","deviceID":"303","telco_operator":"Telecom","cpu":"0","brand":"samsung","userConsent":"0","internet_connectivity":"0","height":"221","architecture":"armv7l,","width":"221","resolution":"1024x552","ram":"3.68 GB","sdkVersion":"22","product":"potter","devMode":"0"}: Status code not OK,http://52.13.174.6/sheeda/admin/api/startNewAdSession_2 API has failed at 36 NotFound

{"appKey":"5d5ac66b8796ce7db05414be2136f2cd","osVersion":"4.4","orientation":"0","is_mac":"0","model":"E5673","deviceID":"154","telco_operator":"airtel","cpu":"0","brand":"realme","userConsent":"0","internet_connectivity":"0","height":"161","architecture":"aarch81","width":"161","resolution":"1387x720","ram":"2.75 GB","sdkVersion":"39","product":"iPhone","devMode":"0"}
cache_ttl value is correct

Refresh Ad Rate value is correct
mode value is set

 Aspect ratio value is correct
sentry_log value is set
local_logging value is set
sentry_initialization value is set
sentry_debugging value is set
showPreRewardedDialogue value is set
showPostRewardedDialogue value is set
isSkipable value is set
{"cache_ttl":10080,"cache_ttl_rewarded":10080,"cache_ttl_banner":10080,"cache_ttl_native":10080,"cache_ttl_icon":10080,"refreshAdRate":30,"mode":"Production","aspectRatio":"9_16","cdnPath":"https:\/\/df8ymybeo92md.cloudfront.net\/images\/","sentry_log":0,"local_logging":0,"sentry_dsn":"https:\/\/93ffa1c9a4124f67b8888a53265f751a:bbf998e04584477fa9a145838e9d3b26@sentry.io\/168994","sentry_initialization":1,"sentry_debugging":0,"bannerSizes":[],"aspectRatioVideo":"9_16","app_id":"262","showPreRewardedDialogue":0,"showPostRewardedDialogue":0,"rewardCurrency":"coins","rewardValue":0,"isSkipable":0,"privacyPolicyURL":"https:\/\/www.consoliads.com\/privacy-policy\/","sessionToken":"m\/BFb7U+RULa6kWEQFm95qX0SjJzHUdsbvS3vtKZ+u1p3g4OgKez6cjINqRUgQn1snCJIftUMJVPGkS007Zvw\/lBPStotl7Ac0oI0RAvslFLhVFmhhimxPzWVYDwJqhb0VJ6mYjNuoO3qQetqW8Je4QnWhbToFOPLAxOjcFonLM="}
Session token value is set


{"appKey":"8e241a59532e953339795dedba3abd02","osVersion":"4.3","orientation":"0","is_mac":"0","model":"E3372","deviceID":"621","telco_operator":"Metfone","cpu":"0","brand":"iPhone","userConsent":"0","internet_connectivity":"0","height":"348","architecture":"aarch81","width":"348","resolution":"1080 x 1920","ram":"1,37 GB","sdkVersion":"39","product":"LUA-U22","devMode":"0"}
cache_ttl value is correct

Refresh Ad Rate value is correct
mode value is set

 Aspect ratio value is correct
sentry_log value is set
local_logging value is set
sentry_initialization value is set
sentry_debugging value is set
showPreRewardedDialogue value is set
showPostRewardedDialogue value is set
isSkipable value is set
{"cache_ttl":10080,"cache_ttl_rewarded":10080,"cache_ttl_banner":10080,"cache_ttl_native":10080,"cache_ttl_icon":10080,"refreshAdRate":30,"mode":"Production","aspectRatio":"9_16","cdnPath":"https:\/\/df8ymybeo92md.cloudfront.net\/images\/","sentry_log":0,"local_logging":0,"sentry_dsn":"na","sentry_initialization":1,"sentry_debugging":0,"bannerSizes":[],"aspectRatioVideo":"9_16","app_id":"264","showPreRewardedDialogue":0,"showPostRewardedDialogue":0,"rewardCurrency":"coins","rewardValue":0,"isSkipable":0,"privacyPolicyURL":"https:\/\/www.consoliads.com\/privacy-policy\/","sessionToken":"xo9L4RE2EveQH7SyGyADe8oUJhdUXutQwKe3tDVVCKjIMqXh3UYPahSG\/beEz9aFz0QIzuSPNEmwwp0cVo9J9W2GAfcAawJYHegih\/XnlhZ6cZBWS6MuupFQosTvo0U9LrcACHjH\/FBSBFKe5fuiaRj6pDgxE3z2Tt5Xz+EPgP0="}
Session token value is set


{"appKey":"3b7205551216c71dee6bb11fe3abb1bc","osVersion":"4.2","orientation":"0","is_mac":"0","model":"iphone 3GS","deviceID":"434","telco_operator":" Ooredoo","cpu":"0","brand":"OPPO","userConsent":"0","internet_connectivity":"0","height":"273","architecture":"armv64","width":"273","resolution":"1440 x 2960","ram":"3.69 GB","sdkVersion":"60","product":"BKK-LX2","devMode":"0"}
cache_ttl value is correct

Refresh Ad Rate value is correct
mode value is set

 Aspect ratio value is correct
sentry_log value is set
local_logging value is set
sentry_initialization value is set
sentry_debugging value is set
showPreRewardedDialogue value is set
showPostRewardedDialogue value is set
isSkipable value is set
{"cache_ttl":10080,"cache_ttl_rewarded":10080,"cache_ttl_banner":10080,"cache_ttl_native":10080,"cache_ttl_icon":10080,"refreshAdRate":30,"mode":"Production","aspectRatio":"9_16","cdnPath":"https:\/\/df8ymybeo92md.cloudfront.net\/images\/","sentry_log":0,"local_logging":0,"sentry_dsn":"https:\/\/e6dcd89483ae4d13b0f42ed3810d8d62:078421c4ad3d43f19885b30828ce7ee6@sentry.io\/187776","sentry_initialization":1,"sentry_debugging":0,"bannerSizes":[],"aspectRatioVideo":"9_16","app_id":"266","showPreRewardedDialogue":0,"showPostRewardedDialogue":0,"rewardCurrency":"coins","rewardValue":0,"isSkipable":0,"privacyPolicyURL":"https:\/\/www.consoliads.com\/privacy-policy\/","sessionToken":"j6JBgkCYMNV3\/9PaXdDh8xwsjnzdoNVjRKnKhjikNSfoDbcBy\/TfJQh7WNHlB6fuhDSzReDBM\/jo1h\/OIo\/T2B\/Gu3SIVJg6or61lhM3QUaasqq41WrtqQCdKn3778LXos01OObdpMSRohnHpAZ7SmB4x7WlKUeWcajyEIxOKOU="}
Session token value is set


{"appKey":"85c4d47a991c399e517b435dcd008465","osVersion":"9.0","orientation":"0","is_mac":"0","model":"GT-Nnnn0","deviceID":"159","telco_operator":"","cpu":"0","brand":"HUAWEI","userConsent":"0","internet_connectivity":"0","height":"163","architecture":"","width":"163","resolution":"1280x720","ram":"953,45 MB","sdkVersion":"39","product":"j7xeltexx","devMode":"0"}
cache_ttl value is correct

Refresh Ad Rate value is correct
mode value is set

 Aspect ratio value is correct
sentry_log value is set
local_logging value is set
sentry_initialization value is set
sentry_debugging value is set
showPreRewardedDialogue value is set
showPostRewardedDialogue value is set
isSkipable value is set
{"cache_ttl":10080,"cache_ttl_rewarded":10080,"cache_ttl_banner":10080,"cache_ttl_native":10080,"cache_ttl_icon":10080,"refreshAdRate":30,"mode":"Production","aspectRatio":"9_16","cdnPath":"https:\/\/df8ymybeo92md.cloudfront.net\/images\/","sentry_log":0,"local_logging":0,"sentry_dsn":"https:\/\/93ffa1c9a4124f67b8888a53265f751a:bbf998e04584477fa9a145838e9d3b26@sentry.io\/168994","sentry_initialization":1,"sentry_debugging":0,"bannerSizes":[],"aspectRatioVideo":"9_16","app_id":"268","showPreRewardedDialogue":0,"showPostRewardedDialogue":0,"rewardCurrency":"coins","rewardValue":0,"isSkipable":0,"privacyPolicyURL":"https:\/\/www.consoliads.com\/privacy-policy\/","sessionToken":"YtN0kC6+x8EnW\/dH5QGJj5r\/tcR5pB3nZsnV0IM5ydTVgAb2LhHGgNqUlfucNfwuv0u\/r4RBHU9J1UaOJHsIYZkZBSltrjSKJjoRA7izpTF4MSpJp7jtM8gOriflbfTsh9\/0DEtzdUlIG5EGC8m8DnPCDEsO7c6iVFFkMiXmE+k="}
Session token value is set


{"appKey":"60f88b014c5b906cbedc0f072040fb65","osVersion":"8.0","orientation":"0","is_mac":"0","model":"SM-Nnn0","deviceID":"776","telco_operator":"Azercell","cpu":"0","brand":"Xiaomi","userConsent":"0","internet_connectivity":"0","height":"410","architecture":"0","width":"410","resolution":"1196x720","ram":"3.51 GB ","sdkVersion":"39","product":"mido","devMode":"0"}
cache_ttl value is correct

Refresh Ad Rate value is correct
mode value is set

 Aspect ratio value is correct
sentry_log value is set
local_logging value is set
sentry_initialization value is set
sentry_debugging value is set
showPreRewardedDialogue value is set
showPostRewardedDialogue value is set
isSkipable value is set
{"cache_ttl":10080,"cache_ttl_rewarded":10080,"cache_ttl_banner":10080,"cache_ttl_native":10080,"cache_ttl_icon":10080,"refreshAdRate":30,"mode":"Production","aspectRatio":"9_16","cdnPath":"https:\/\/df8ymybeo92md.cloudfront.net\/images\/","sentry_log":0,"local_logging":0,"sentry_dsn":"https:\/\/93ffa1c9a4124f67b8888a53265f751a:bbf998e04584477fa9a145838e9d3b26@sentry.io\/168994","sentry_initialization":1,"sentry_debugging":0,"bannerSizes":[],"aspectRatioVideo":"9_16","app_id":"271","showPreRewardedDialogue":0,"showPostRewardedDialogue":0,"rewardCurrency":"coins","rewardValue":0,"isSkipable":0,"privacyPolicyURL":"https:\/\/www.consoliads.com\/privacy-policy\/","sessionToken":"6cjLczXR+t5z7pz39Bld9b6uLl1T23ioBabvtMxBg6IU\/Q5k8G88Cx35FSdW5oZhu4fnfyc5kTj\/sbx3eVZ2cdzPyKptUdSg9x1RrI81QxE0KBt9rpuNQY68Vzs\/\/\/heddmlofuPn4gi6qnCrga0fXVIOf5spqCt12CKfRIGIjY="}
Session token value is set


{"appKey":"cc7c0dc3617dc403b90811916faee5c0","osVersion":"7.0","orientation":"0","is_mac":"0","model":"GT-Snnn0","deviceID":"230","telco_operator":"Oi","cpu":"0","brand":"HONOR","userConsent":"0","internet_connectivity":"0","height":"192","architecture":"aarch64","width":"192","resolution":"1436x720","ram":"1.77 GB","sdkVersion":"39","product":"STK-L21M","devMode":"0"}
cache_ttl value is correct

Refresh Ad Rate value is correct
mode value is set

 Aspect ratio value is correct
sentry_log value is set
local_logging value is set
sentry_initialization value is set
sentry_debugging value is set
showPreRewardedDialogue value is set
showPostRewardedDialogue value is set
isSkipable value is set
{"cache_ttl":10080,"cache_ttl_rewarded":10080,"cache_ttl_banner":10080,"cache_ttl_native":10080,"cache_ttl_icon":10080,"refreshAdRate":30,"mode":"Production","aspectRatio":"9_16","cdnPath":"https:\/\/df8ymybeo92md.cloudfront.net\/images\/","sentry_log":0,"local_logging":0,"sentry_dsn":"https:\/\/93ffa1c9a4124f67b8888a53265f751a:bbf998e04584477fa9a145838e9d3b26@sentry.io\/168994","sentry_initialization":1,"sentry_debugging":0,"bannerSizes":[],"aspectRatioVideo":"9_16","app_id":"280","showPreRewardedDialogue":0,"showPostRewardedDialogue":0,"rewardCurrency":"coins","rewardValue":0,"isSkipable":0,"privacyPolicyURL":"https:\/\/www.consoliads.com\/privacy-policy\/","sessionToken":"gGsyU5qvoyuidLT7WVvFuCQYJqiGfqwg3DMFzCaNjQyyWbw206WcpXmuVih7m1Xd8shKx6rVc852ANPHU1MuERnYdWsHWV0c1f32RZ4jFOz9xidYDgpo4kYpE2Z\/AMZDktkfUt4xy6apSW4kdLNR\/+yihAvZclzpnwT3q4C0O+o="}
Session token value is set


{"appKey":"096d387c0358e27c2d39b783d06790f4","osVersion":"6.0","orientation":"0","is_mac":"0","model":"GT-Snnn2","deviceID":"401","telco_operator":"Maroc","cpu":"0","brand":"vivo","userConsent":"0","internet_connectivity":"0","height":"260","architecture":"armv8l","width":"260","resolution":"1344x720","ram":"1.68 GB","sdkVersion":"39","product":"aosp_arm","devMode":"0"}
cache_ttl value is correct

Refresh Ad Rate value is correct
mode value is set

 Aspect ratio value is correct
sentry_log value is set
local_logging value is set
sentry_initialization value is set
sentry_debugging value is set
showPreRewardedDialogue value is set
showPostRewardedDialogue value is set
isSkipable value is set
{"cache_ttl":10080,"cache_ttl_rewarded":10080,"cache_ttl_banner":10080,"cache_ttl_native":10080,"cache_ttl_icon":10080,"refreshAdRate":30,"mode":"Production","aspectRatio":"9_16","cdnPath":"https:\/\/df8ymybeo92md.cloudfront.net\/images\/","sentry_log":0,"local_logging":0,"sentry_dsn":"na","sentry_initialization":1,"sentry_debugging":0,"bannerSizes":[],"aspectRatioVideo":"9_16","app_id":"282","showPreRewardedDialogue":0,"showPostRewardedDialogue":0,"rewardCurrency":"coins","rewardValue":0,"isSkipable":0,"privacyPolicyURL":"https:\/\/www.consoliads.com\/privacy-policy\/","sessionToken":"i\/+9hc6d5lY5XUSAIqmgL7o28eOpz3QC1QG5i1\/Kcs67xEKLBHFxlqyT6IMv1BbWEHz2Tdt44X2sUyN8HSCUD1qV\/f93hwuMsSPZgL3JH7Y57N1fkbMOyTOCqnBQARV5Xj4hgyTzc9S3LxP91OlmIsgRRnpbU032P5WeRdnp3Wk="}
Session token value is set

{"appKey":"b810ee887d6bed36479ac5884904ecad","osVersion":"5.0","orientation":"0","is_mac":"0","model":"xiaomi Mi 4s","deviceID":"931","telco_operator":"Telecom","cpu":"0","brand":"samsung","userConsent":"0","internet_connectivity":"0","height":"472","architecture":"armv7l,","width":"472","resolution":"1024x552","ram":"3.68 GB","sdkVersion":"22","product":"potter","devMode":"0"}: Status code not OK,http://52.13.174.6/sheeda/admin/api/startNewAdSession_2 API has failed at 44 NotFound

{"appKey":"e4f563b27676d79d2981b8bb53fd765b","osVersion":"4.4","orientation":"0","is_mac":"0","model":"E5673","deviceID":"228","telco_operator":"airtel","cpu":"0","brand":"realme","userConsent":"0","internet_connectivity":"0","height":"191","architecture":"aarch81","width":"191","resolution":"1387x720","ram":"2.75 GB","sdkVersion":"39","product":"iPhone","devMode":"0"}
cache_ttl value is correct

Refresh Ad Rate value is correct
mode value is set

 Aspect ratio value is correct
sentry_log value is set
local_logging value is set
sentry_initialization value is set
sentry_debugging value is set
showPreRewardedDialogue value is set
showPostRewardedDialogue value is set
isSkipable value is set
{"cache_ttl":10080,"cache_ttl_rewarded":10080,"cache_ttl_banner":10080,"cache_ttl_native":10080,"cache_ttl_icon":10080,"refreshAdRate":30,"mode":"Production","aspectRatio":"9_16","cdnPath":"https:\/\/df8ymybeo92md.cloudfront.net\/images\/","sentry_log":0,"local_logging":0,"sentry_dsn":"https:\/\/93ffa1c9a4124f67b8888a53265f751a:bbf998e04584477fa9a145838e9d3b26@sentry.io\/168994","sentry_initialization":1,"sentry_debugging":0,"bannerSizes":[],"aspectRatioVideo":"9_16","app_id":"301","showPreRewardedDialogue":0,"showPostRewardedDialogue":0,"rewardCurrency":"coins","rewardValue":0,"isSkipable":0,"privacyPolicyURL":"https:\/\/www.consoliads.com\/privacy-policy\/","sessionToken":"6tJFRcUY4gfZJByT31wZU9hiu8TC1FzDFGvUgoKFb8AHyjbz3mbPYWNPew2nGmvRqWo+Ch3\/uSTEUwCN7MYlasMuUcgG2aegdbT1+Vu8lSIb7ku9Iwd9PIvNAMaOR7+9Qi7BHGYDFtya7+5KCAlNyXG9tWR0rtCF5c4peCpkh5M="}
Session token value is set

{"appKey":"eb62767ca2ab6872a737bde125c18e94","osVersion":"4.3","orientation":"0","is_mac":"0","model":"E3372","deviceID":"682","telco_operator":"Metfone","cpu":"0","brand":"iPhone","userConsent":"0","internet_connectivity":"0","height":"372","architecture":"aarch81","width":"372","resolution":"1080 x 1920","ram":"1,37 GB","sdkVersion":"22","product":"LUA-U22","devMode":"0"}: Status code not OK,http://52.13.174.6/sheeda/admin/api/startNewAdSession_2 API has failed at 46 NotFound
{"appKey":"71ee363c926a2d86eba2e0ed056d7667","osVersion":"4.2","orientation":"0","is_mac":"0","model":"iphone 3GS","deviceID":"445","telco_operator":" Ooredoo","cpu":"0","brand":"OPPO","userConsent":"0","internet_connectivity":"0","height":"278","architecture":"armv64","width":"278","resolution":"1440 x 2960","ram":"3.69 GB","sdkVersion":"22","product":"BKK-LX2","devMode":"0"}: Status code not OK,http://52.13.174.6/sheeda/admin/api/startNewAdSession_2 API has failed at 47 NotFound

{"appKey":"a721516b8f46a3bee645d61ef55d0769","osVersion":"9.0","orientation":"0","is_mac":"0","model":"GT-Nnnn0","deviceID":"275","telco_operator":"","cpu":"0","brand":"HUAWEI","userConsent":"0","internet_connectivity":"0","height":"210","architecture":"","width":"210","resolution":"1280x720","ram":"953,45 MB","sdkVersion":"39","product":"j7xeltexx","devMode":"0"}
cache_ttl value is correct

Refresh Ad Rate value is correct
mode value is set

 Aspect ratio value is correct
sentry_log value is set
local_logging value is set
sentry_initialization value is set
sentry_debugging value is set
showPreRewardedDialogue value is set
showPostRewardedDialogue value is set
isSkipable value is set
{"cache_ttl":10080,"cache_ttl_rewarded":10080,"cache_ttl_banner":10080,"cache_ttl_native":10080,"cache_ttl_icon":10080,"refreshAdRate":30,"mode":"Production","aspectRatio":"9_16","cdnPath":"https:\/\/df8ymybeo92md.cloudfront.net\/images\/","sentry_log":0,"local_logging":0,"sentry_dsn":"https:\/\/93ffa1c9a4124f67b8888a53265f751a:bbf998e04584477fa9a145838e9d3b26@sentry.io\/168994","sentry_initialization":1,"sentry_debugging":0,"bannerSizes":[],"aspectRatioVideo":"9_16","app_id":"310","showPreRewardedDialogue":0,"showPostRewardedDialogue":0,"rewardCurrency":"coins","rewardValue":0,"isSkipable":0,"privacyPolicyURL":"https:\/\/www.consoliads.com\/privacy-policy\/","sessionToken":"AAQ993vzhOU4TFFNTM\/o81JJ+7V+C7a0m\/BRA40V96mKLMiK95EKgEwQyRJ\/DxbEOUQxGS\/g\/G71aBmfoAoVZKPRNUWBWRheaZ7w+t4r0jUNfNHZgir2imnh95R13avWe7UE6POgHcFLd4YmunCnbvrGT5QoRsj9RQr1atERHB0="}
Session token value is set


{"appKey":"cffdf6d34f1a66b74f85bb6f728ab84c","osVersion":"8.0","orientation":"0","is_mac":"0","model":"SM-Nnn0","deviceID":"0","telco_operator":"Azercell","cpu":"0","brand":"Xiaomi","userConsent":"0","internet_connectivity":"0","height":"100","architecture":"0","width":"100","resolution":"1196x720","ram":"3.51 GB ","sdkVersion":"39","product":"mido","devMode":"0"}
cache_ttl value is correct

Refresh Ad Rate value is correct
mode value is set

 Aspect ratio value is correct
sentry_log value is set
local_logging value is set
sentry_initialization value is set
sentry_debugging value is set
showPreRewardedDialogue value is set
showPostRewardedDialogue value is set
isSkipable value is set
{"cache_ttl":10080,"cache_ttl_rewarded":10080,"cache_ttl_banner":10080,"cache_ttl_native":10080,"cache_ttl_icon":10080,"refreshAdRate":30,"mode":"Production","aspectRatio":"9_16","cdnPath":"https:\/\/df8ymybeo92md.cloudfront.net\/images\/","sentry_log":0,"local_logging":0,"sentry_dsn":"https:\/\/93ffa1c9a4124f67b8888a53265f751a:bbf998e04584477fa9a145838e9d3b26@sentry.io\/168994","sentry_initialization":1,"sentry_debugging":0,"bannerSizes":[],"aspectRatioVideo":"9_16","app_id":"316","showPreRewardedDialogue":0,"showPostRewardedDialogue":0,"rewardCurrency":"coins","rewardValue":0,"isSkipable":0,"privacyPolicyURL":"https:\/\/www.consoliads.com\/privacy-policy\/","sessionToken":"NTjPxAfMqLAoR6ls+npxHuGvG3jdAFCao2J87BbkbG2BxrY5j3QCszFpKoZj+aTueaj6WD6wcxWYWpfcXVF0Xr8H7b4PgO0kx098SIh3qwNgiodh54WNr5CSiqXn0Wb8BaA2\/suZmuIpXxbAzXGjA4aiGVs9sJgupQxuCoEaIXQ="}
Session token value is set

</DebugTrace>
      </Output>
    </UnitTestResult>
    <UnitTestResult executionId="23b492c6-d61e-4917-8ee6-fd0a32838696" testId="f70c910a-cc07-24cb-0d1c-bc2c00fc396f" testName="G_SyncAppunityMainMethodCodeGenerator" computerName="DESKTOP-5AJ0SB3" duration="00:02:01.3527642" startTime="2021-01-27T12:58:58.4818992+05:00" endTime="2021-01-27T13:00:59.8444695+05:00" testType="13cdc9d9-ddb5-4fa4-a97d-d965ccfc6d4b" outcome="Passed" testListId="8c84fa94-04c1-424b-9868-57a2d4851a1d" relativeResultsDirectory="23b492c6-d61e-4917-8ee6-fd0a32838696">
      <Output>
        <DebugTrace>****************** http://52.13.174.6/sheeda/admin/api/startNewAdSession_2
****************** SELECT apps.package,apps.title,apps.companyID, apps.osID , users.userSignature, apps.appVersionCode, apps.appVersionName FROM apps 
 join users ON apps.companyID = users.companyID where apps.app_type = 'app' AND apps.sdkID &gt; 20 And users.isAdmin = 1 AND users.status = 1 ORDER BY companyID ASC
LIMIT 50



****************** 
****************** select adID from ads where ad_type != 'analytics';
****************** select adID from ads where ad_type != 'analytics' and ad_type ='interstitial'
****************** select adID from ads where ad_type != 'analytics' and ad_type ='banner'
****************** select adID from ads where ad_type != 'analytics' and ad_type ='native'
****************** select adID from ads where ad_type != 'analytics' and ad_type ='rewarded_video'
****************** SELECT sdkID, ver FROM `sdk_info` WHERE `description` LIKE '%mediation unity%' AND sdkID &gt; 2173 LIMIT 50
****************** 
****************** http://52.13.174.6/sheeda/admin/json/syncApp
****************** http://52.13.174.6/sheeda/admin/json/syncApp
****************** http://52.13.174.6/sheeda/admin/json/syncApp
****************** http://52.13.174.6/sheeda/admin/json/syncApp
****************** http://52.13.174.6/sheeda/admin/json/syncApp
****************** http://52.13.174.6/sheeda/admin/json/syncApp
****************** http://52.13.174.6/sheeda/admin/json/syncApp
****************** http://52.13.174.6/sheeda/admin/json/syncApp
****************** http://52.13.174.6/sheeda/admin/json/syncApp
****************** http://52.13.174.6/sheeda/admin/json/syncApp
****************** http://52.13.174.6/sheeda/admin/json/syncApp
****************** http://52.13.174.6/sheeda/admin/json/syncApp
****************** http://52.13.174.6/sheeda/admin/json/syncApp
****************** http://52.13.174.6/sheeda/admin/json/syncApp
****************** http://52.13.174.6/sheeda/admin/json/syncApp
****************** http://52.13.174.6/sheeda/admin/json/syncApp
Ads mediation queue value is set
child directed value is set
Sequences value is set
Is hide ads value is set
****************** http://52.13.174.6/sheeda/admin/json/syncApp
****************** http://52.13.174.6/sheeda/admin/json/syncApp
Ads mediation queue value is set
child directed value is set
Sequences value is set
Is hide ads value is set
****************** http://52.13.174.6/sheeda/admin/json/syncApp
****************** http://52.13.174.6/sheeda/admin/json/syncApp
Ads mediation queue value is set
child directed value is set
Sequences value is set
Is hide ads value is set
****************** http://52.13.174.6/sheeda/admin/json/syncApp
****************** http://52.13.174.6/sheeda/admin/json/syncApp
****************** http://52.13.174.6/sheeda/admin/json/syncApp
****************** http://52.13.174.6/sheeda/admin/json/syncApp
****************** http://52.13.174.6/sheeda/admin/json/syncApp
****************** http://52.13.174.6/sheeda/admin/json/syncApp
****************** http://52.13.174.6/sheeda/admin/json/syncApp
****************** http://52.13.174.6/sheeda/admin/json/syncApp
****************** http://52.13.174.6/sheeda/admin/json/syncApp
****************** http://52.13.174.6/sheeda/admin/json/syncApp
Ads mediation queue value is set
child directed value is set
Sequences value is set
Is hide ads value is set
****************** http://52.13.174.6/sheeda/admin/json/syncApp
****************** http://52.13.174.6/sheeda/admin/json/syncApp
****************** http://52.13.174.6/sheeda/admin/json/syncApp
****************** http://52.13.174.6/sheeda/admin/json/syncApp
****************** http://52.13.174.6/sheeda/admin/json/syncApp
****************** http://52.13.174.6/sheeda/admin/json/syncApp
****************** http://52.13.174.6/sheeda/admin/json/syncApp
****************** http://52.13.174.6/sheeda/admin/json/syncApp
****************** http://52.13.174.6/sheeda/admin/json/syncApp
****************** http://52.13.174.6/sheeda/admin/json/syncApp
****************** http://52.13.174.6/sheeda/admin/json/syncApp
****************** http://52.13.174.6/sheeda/admin/json/syncApp
Ads mediation queue value is set
child directed value is set
Sequences value is set
Is hide ads value is set
****************** http://52.13.174.6/sheeda/admin/json/syncApp
****************** http://52.13.174.6/sheeda/admin/json/syncApp
****************** http://52.13.174.6/sheeda/admin/json/syncApp
****************** http://52.13.174.6/sheeda/admin/json/syncApp
****************** http://52.13.174.6/sheeda/admin/json/syncApp
****************** http://52.13.174.6/sheeda/admin/json/syncApp
Ads mediation queue value is set
child directed value is set
Sequences value is set
Is hide ads value is set
****************** http://52.13.174.6/sheeda/admin/json/syncApp
****************** http://52.13.174.6/sheeda/admin/json/syncApp
Ads mediation queue value is set
child directed value is set
Sequences value is set
Is hide ads value is set
****************** http://52.13.174.6/sheeda/admin/json/syncApp
****************** http://52.13.174.6/sheeda/admin/json/syncApp
****************** http://52.13.174.6/sheeda/admin/json/syncApp
****************** http://52.13.174.6/sheeda/admin/json/syncApp
Ads mediation queue value is set
child directed value is set
Sequences value is set
Is hide ads value is set
****************** http://52.13.174.6/sheeda/admin/json/syncApp
****************** http://52.13.174.6/sheeda/admin/json/syncApp
****************** http://52.13.174.6/sheeda/admin/json/syncApp
****************** http://52.13.174.6/sheeda/admin/json/syncApp
****************** http://52.13.174.6/sheeda/admin/json/syncApp
****************** http://52.13.174.6/sheeda/admin/json/syncApp
****************** http://52.13.174.6/sheeda/admin/json/syncApp
****************** http://52.13.174.6/sheeda/admin/json/syncApp
****************** http://52.13.174.6/sheeda/admin/json/syncApp
****************** http://52.13.174.6/sheeda/admin/json/syncApp
****************** http://52.13.174.6/sheeda/admin/json/syncApp
****************** http://52.13.174.6/sheeda/admin/json/syncApp
****************** http://52.13.174.6/sheeda/admin/json/syncApp
****************** http://52.13.174.6/sheeda/admin/json/syncApp
****************** http://52.13.174.6/sheeda/admin/json/syncApp
****************** http://52.13.174.6/sheeda/admin/json/syncApp
Ads mediation queue value is set
child directed value is set
Sequences value is set
Is hide ads value is set
****************** http://52.13.174.6/sheeda/admin/json/syncApp
****************** http://52.13.174.6/sheeda/admin/json/syncApp
****************** http://52.13.174.6/sheeda/admin/json/syncApp
****************** http://52.13.174.6/sheeda/admin/json/syncApp
****************** http://52.13.174.6/sheeda/admin/json/syncApp
****************** http://52.13.174.6/sheeda/admin/json/syncApp
****************** http://52.13.174.6/sheeda/admin/json/syncApp
****************** http://52.13.174.6/sheeda/admin/json/syncApp
****************** http://52.13.174.6/sheeda/admin/json/syncApp
****************** http://52.13.174.6/sheeda/admin/json/syncApp
****************** http://52.13.174.6/sheeda/admin/json/syncApp
****************** http://52.13.174.6/sheeda/admin/json/syncApp
****************** http://52.13.174.6/sheeda/admin/json/syncApp
****************** http://52.13.174.6/sheeda/admin/json/syncApp
****************** http://52.13.174.6/sheeda/admin/json/syncApp
****************** http://52.13.174.6/sheeda/admin/json/syncApp
****************** http://52.13.174.6/sheeda/admin/json/syncApp
****************** http://52.13.174.6/sheeda/admin/json/syncApp
Ads mediation queue value is set
child directed value is set
Sequences value is set
Is hide ads value is set
****************** http://52.13.174.6/sheeda/admin/json/syncApp
****************** http://52.13.174.6/sheeda/admin/json/syncApp
Ads mediation queue value is set
child directed value is set
Sequences value is set
Is hide ads value is set
****************** http://52.13.174.6/sheeda/admin/json/syncApp
****************** http://52.13.174.6/sheeda/admin/json/syncApp
****************** http://52.13.174.6/sheeda/admin/json/syncApp
****************** http://52.13.174.6/sheeda/admin/json/syncApp
****************** http://52.13.174.6/sheeda/admin/json/syncApp
****************** http://52.13.174.6/sheeda/admin/json/syncApp
****************** http://52.13.174.6/sheeda/admin/json/syncApp
****************** http://52.13.174.6/sheeda/admin/json/syncApp
****************** http://52.13.174.6/sheeda/admin/json/syncApp
****************** http://52.13.174.6/sheeda/admin/json/syncApp
</DebugTrace>
      </Output>
    </UnitTestResult>
    <UnitTestResult executionId="5ab39452-15b4-4998-bb65-6b2e79337d62" testId="4d0749f1-2acf-bf6d-9151-b617319ecfaf" testName="F_SyncUserDeviceMainMethodCodeGenerator" computerName="DESKTOP-5AJ0SB3" duration="00:01:46.5424651" startTime="2021-01-27T13:00:59.8494361+05:00" endTime="2021-01-27T13:02:46.4025208+05:00" testType="13cdc9d9-ddb5-4fa4-a97d-d965ccfc6d4b" outcome="Passed" testListId="8c84fa94-04c1-424b-9868-57a2d4851a1d" relativeResultsDirectory="5ab39452-15b4-4998-bb65-6b2e79337d62">
      <Output>
        <DebugTrace>****************** http://52.13.174.6/sheeda/admin/analytics/syncUserDevice
****************** SELECT apps.package, apps.appID, apps.osID, apps.companyID, apps.sdkID, sdk_info.ver, apps.appVersionCode, apps.appVersionName FROM apps INNER JOIN sdk_info ON apps.sdkID = sdk_info.sdkID WHERE apps.sdkID &gt; 20 LIMIT 50
****************** 
****************** select adID from ads where ad_type != 'analytics';
****************** 
****************** http://52.13.174.6/sheeda/admin/analytics/syncUserDevice
AM mode is working fine
child directed value is set
Sequences value is set
Is hide ads value is set
Mediation mode value is set
Ads mediation queue value is set
Message value is completed
****************** http://52.13.174.6/sheeda/admin/analytics/syncUserDevice
{"package":"com.whitesand.farm.water.supply","appVersionCode":"","appVersionName":"","nativeApp":"0","store":"41","uniqueDeviceID":"9567","appID":"","deviceID":"","region":"","adsQueueEventStats ":[{"adID":"1","sceneID":"24"," request":"956"," impression":"956"," click":"956"}],"gssdkVersion":"2.0.3","sdkVersionID":"21","sdkVersion":"21","devMode":"0"}: message value is other then completed,http://52.13.174.6/sheeda/admin/analytics/syncUserDeviceapi is failed
****************** http://52.13.174.6/sheeda/admin/analytics/syncUserDevice
AM mode is working fine
Message value is completed
****************** http://52.13.174.6/sheeda/admin/analytics/syncUserDevice
AM mode is working fine
Message value is completed
****************** http://52.13.174.6/sheeda/admin/analytics/syncUserDevice
{"package":"com.rgs.sand.excavator.truck.simulator","appVersionCode":"","appVersionName":"","nativeApp":"0","store":"41","uniqueDeviceID":"3724","appID":"","deviceID":"","region":"","adsQueueEventStats ":[{"adID":"4","sceneID":"10"," request":"372"," impression":"372"," click":"372"}],"gssdkVersion":"3.2.2","sdkVersionID":"39","sdkVersion":"39","devMode":"0"}: message value is other then completed,http://52.13.174.6/sheeda/admin/analytics/syncUserDeviceapi is failed
****************** http://52.13.174.6/sheeda/admin/analytics/syncUserDevice
AM mode is working fine
Message value is completed
****************** http://52.13.174.6/sheeda/admin/analytics/syncUserDevice
{"package":"com.amazing.gamez.airplane.car.transporter.pilot","appVersionCode":"","appVersionName":"","nativeApp":"0","store":"41","uniqueDeviceID":"2513","appID":"","deviceID":"","region":"","adsQueueEventStats ":[{"adID":"6","sceneID":"7"," request":"252"," impression":"252"," click":"252"}],"gssdkVersion":"3.2.2","sdkVersionID":"39","sdkVersion":"39","devMode":"0"}: message value is other then completed,http://52.13.174.6/sheeda/admin/analytics/syncUserDeviceapi is failed
****************** http://52.13.174.6/sheeda/admin/analytics/syncUserDevice
{"package":"com.amazing.gamez.airplane.car.transporter.pilot","appVersionCode":"","appVersionName":"","nativeApp":"0","store":"43","uniqueDeviceID":"6592","appID":"","deviceID":"","region":"","adsQueueEventStats ":[{"adID":"7","sceneID":"17"," request":"659"," impression":"659"," click":"659"}],"gssdkVersion":"3.2.2","sdkVersionID":"39","sdkVersion":"39","devMode":"0"}: message value is other then completed,http://52.13.174.6/sheeda/admin/analytics/syncUserDeviceapi is failed
****************** http://52.13.174.6/sheeda/admin/analytics/syncUserDevice
{"package":"com.amazing.gamez.snow.plow.truck.simulator","appVersionCode":"","appVersionName":"","nativeApp":"0","store":"41","uniqueDeviceID":"1860","appID":"","deviceID":"","region":"","adsQueueEventStats ":[{"adID":"8","sceneID":"5"," request":"186"," impression":"186"," click":"186"}],"gssdkVersion":"3.2.2","sdkVersionID":"39","sdkVersion":"39","devMode":"0"}: message value is other then completed,http://52.13.174.6/sheeda/admin/analytics/syncUserDeviceapi is failed
****************** http://52.13.174.6/sheeda/admin/analytics/syncUserDevice
AM mode is working fine
Message value is completed
****************** http://52.13.174.6/sheeda/admin/analytics/syncUserDevice
{"package":"com.threed.sand.excavator.simulator","appVersionCode":"","appVersionName":"","nativeApp":"0","store":"41","uniqueDeviceID":"2809","appID":"","deviceID":"","region":"","adsQueueEventStats ":[{"adID":"10","sceneID":"8"," request":"281"," impression":"281"," click":"281"}],"gssdkVersion":"5.1.3-1","sdkVersionID":"2163","sdkVersion":"2163","devMode":"0"}: message value is other then completed,http://52.13.174.6/sheeda/admin/analytics/syncUserDeviceapi is failed
****************** http://52.13.174.6/sheeda/admin/analytics/syncUserDevice
{"package":"com.threed.sand.excavator.simulator","appVersionCode":"","appVersionName":"","nativeApp":"0","store":"43","uniqueDeviceID":"2428","appID":"","deviceID":"","region":"","adsQueueEventStats ":[{"adID":"11","sceneID":"7"," request":"243"," impression":"243"," click":"243"}],"gssdkVersion":"5.1.3","sdkVersionID":"2151","sdkVersion":"2151","devMode":"0"}: message value is other then completed,http://52.13.174.6/sheeda/admin/analytics/syncUserDeviceapi is failed
****************** http://52.13.174.6/sheeda/admin/analytics/syncUserDevice
AM mode is working fine
Message value is completed
****************** http://52.13.174.6/sheeda/admin/analytics/syncUserDevice
AM mode is working fine
Message value is completed
****************** http://52.13.174.6/sheeda/admin/analytics/syncUserDevice
{"package":"1.0","appVersionCode":"","appVersionName":"","nativeApp":"0","store":"42","uniqueDeviceID":"8961","appID":"","deviceID":"","region":"","adsQueueEventStats ":[{"adID":"15","sceneID":"23"," request":"896"," impression":"896"," click":"896"}],"gssdkVersion":"3.2.2","sdkVersionID":"39","sdkVersion":"39","devMode":"0"}: message value is other then completed,http://52.13.174.6/sheeda/admin/analytics/syncUserDeviceapi is failed
****************** http://52.13.174.6/sheeda/admin/analytics/syncUserDevice
{"package":"com.amazing.gamez.airplane.car.transporter.pilot","appVersionCode":"","appVersionName":"","nativeApp":"0","store":"42","uniqueDeviceID":"3356","appID":"","deviceID":"","region":"","adsQueueEventStats ":[{"adID":"18","sceneID":"9"," request":"336"," impression":"336"," click":"336"}],"gssdkVersion":"3.2.2","sdkVersionID":"39","sdkVersion":"39","devMode":"0"}: message value is other then completed,http://52.13.174.6/sheeda/admin/analytics/syncUserDeviceapi is failed
****************** http://52.13.174.6/sheeda/admin/analytics/syncUserDevice
{"package":"com.amazing.gamez.off.road.hill.climb","appVersionCode":"","appVersionName":"","nativeApp":"0","store":"41","uniqueDeviceID":"4163","appID":"","deviceID":"","region":"","adsQueueEventStats ":[{"adID":"19","sceneID":"11"," request":"416"," impression":"416"," click":"416"}],"gssdkVersion":"3.2.2","sdkVersionID":"39","sdkVersion":"39","devMode":"0"}: message value is other then completed,http://52.13.174.6/sheeda/admin/analytics/syncUserDeviceapi is failed
****************** http://52.13.174.6/sheeda/admin/analytics/syncUserDevice
{"package":"com.amazing.gamez.off.road.hill.climb","appVersionCode":"","appVersionName":"","nativeApp":"0","store":"43","uniqueDeviceID":"6813","appID":"","deviceID":"","region":"","adsQueueEventStats ":[{"adID":"20","sceneID":"18"," request":"681"," impression":"681"," click":"681"}],"gssdkVersion":"3.2.2","sdkVersionID":"39","sdkVersion":"39","devMode":"0"}: message value is other then completed,http://52.13.174.6/sheeda/admin/analytics/syncUserDeviceapi is failed
****************** http://52.13.174.6/sheeda/admin/analytics/syncUserDevice
{"package":"com.threed.horse.simulator","appVersionCode":"","appVersionName":"","nativeApp":"0","store":"41","uniqueDeviceID":"6923","appID":"","deviceID":"","region":"","adsQueueEventStats ":[{"adID":"21","sceneID":"18"," request":"692"," impression":"692"," click":"692"}],"gssdkVersion":"4.10.2","sdkVersionID":"2089","sdkVersion":"2089","devMode":"0"}: message value is other then completed,http://52.13.174.6/sheeda/admin/analytics/syncUserDeviceapi is failed
****************** http://52.13.174.6/sheeda/admin/analytics/syncUserDevice
AM mode is working fine
Message value is completed
****************** http://52.13.174.6/sheeda/admin/analytics/syncUserDevice
AM mode is working fine
Message value is completed
****************** http://52.13.174.6/sheeda/admin/analytics/syncUserDevice
AM mode is working fine
Message value is completed
****************** http://52.13.174.6/sheeda/admin/analytics/syncUserDevice
AM mode is working fine
Message value is completed
****************** http://52.13.174.6/sheeda/admin/analytics/syncUserDevice
{"package":"com.amazing.gamez.share.attack.survival.simulator","appVersionCode":"","appVersionName":"","nativeApp":"0","store":"42","uniqueDeviceID":"1690","appID":"","deviceID":"","region":"","adsQueueEventStats ":[{"adID":"26","sceneID":"5"," request":"169"," impression":"169"," click":"169"}],"gssdkVersion":"3.2.2","sdkVersionID":"39","sdkVersion":"39","devMode":"0"}: message value is other then completed,http://52.13.174.6/sheeda/admin/analytics/syncUserDeviceapi is failed
****************** http://52.13.174.6/sheeda/admin/analytics/syncUserDevice
{"package":"com.threed.wild.hungry.wolves","appVersionCode":"","appVersionName":"","nativeApp":"0","store":"41","uniqueDeviceID":"9672","appID":"","deviceID":"","region":"","adsQueueEventStats ":[{"adID":"27","sceneID":"25"," request":"967"," impression":"967"," click":"967"}],"gssdkVersion":"5.1.3-1","sdkVersionID":"2163","sdkVersion":"2163","devMode":"0"}: message value is other then completed,http://52.13.174.6/sheeda/admin/analytics/syncUserDeviceapi is failed
****************** http://52.13.174.6/sheeda/admin/analytics/syncUserDevice
{"package":"com.amazing.gamez.counter.terrorist.force","appVersionCode":"","appVersionName":"","nativeApp":"0","store":"41","uniqueDeviceID":"9607","appID":"","deviceID":"","region":"","adsQueueEventStats ":[{"adID":"28","sceneID":"25"," request":"960"," impression":"960"," click":"960"}],"gssdkVersion":"3.2.2","sdkVersionID":"39","sdkVersion":"39","devMode":"0"}: message value is other then completed,http://52.13.174.6/sheeda/admin/analytics/syncUserDeviceapi is failed
****************** http://52.13.174.6/sheeda/admin/analytics/syncUserDevice
AM mode is working fine
Message value is completed
****************** http://52.13.174.6/sheeda/admin/analytics/syncUserDevice
AM mode is working fine
Message value is completed
****************** http://52.13.174.6/sheeda/admin/analytics/syncUserDevice
AM mode is working fine
Message value is completed
****************** http://52.13.174.6/sheeda/admin/analytics/syncUserDevice
AM mode is working fine
Message value is completed
****************** http://52.13.174.6/sheeda/admin/analytics/syncUserDevice
AM mode is working fine
Message value is completed
****************** http://52.13.174.6/sheeda/admin/analytics/syncUserDevice
AM mode is working fine
Message value is completed
****************** http://52.13.174.6/sheeda/admin/analytics/syncUserDevice
AM mode is working fine
child directed value is set
Sequences value is set
Is hide ads value is set
Mediation mode value is set
Ads mediation queue value is set
Message value is completed
****************** http://52.13.174.6/sheeda/admin/analytics/syncUserDevice
AM mode is working fine
Message value is completed
****************** http://52.13.174.6/sheeda/admin/analytics/syncUserDevice
AM mode is working fine
Message value is completed
****************** http://52.13.174.6/sheeda/admin/analytics/syncUserDevice
AM mode is working fine
Message value is completed
****************** http://52.13.174.6/sheeda/admin/analytics/syncUserDevice
AM mode is working fine
Message value is completed
****************** http://52.13.174.6/sheeda/admin/analytics/syncUserDevice
AM mode is working fine
Message value is completed
****************** http://52.13.174.6/sheeda/admin/analytics/syncUserDevice
AM mode is working fine
Message value is completed
****************** http://52.13.174.6/sheeda/admin/analytics/syncUserDevice
AM mode is working fine
Message value is completed
****************** http://52.13.174.6/sheeda/admin/analytics/syncUserDevice
AM mode is working fine
Message value is completed
****************** http://52.13.174.6/sheeda/admin/analytics/syncUserDevice
AM mode is working fine
Message value is completed
****************** http://52.13.174.6/sheeda/admin/analytics/syncUserDevice
AM mode is working fine
Message value is completed
****************** http://52.13.174.6/sheeda/admin/analytics/syncUserDevice
AM mode is working fine
Message value is completed
****************** http://52.13.174.6/sheeda/admin/analytics/syncUserDevice
AM mode is working fine
Message value is completed
****************** http://52.13.174.6/sheeda/admin/analytics/syncUserDevice
AM mode is working fine
Message value is completed
****************** http://52.13.174.6/sheeda/admin/analytics/syncUserDevice
AM mode is working fine
Message value is completed
****************** http://52.13.174.6/sheeda/admin/analytics/syncUserDevice
AM mode is working fine
Message value is completed
****************** http://52.13.174.6/sheeda/admin/analytics/syncUserDevice
AM mode is working fine
Message value is completed
****************** http://52.13.174.6/sheeda/admin/analytics/syncUserDevice
AM mode is working fine
Message value is completed
</DebugTrace>
      </Output>
    </UnitTestResult>
  </Results>
</TestRun>