<?xml version="1.0" encoding="UTF-8"?>
<TestRun id="39a61a1b-806b-414d-aaa9-46ebe28942c3" name="SYSTEM@DESKTOP-5AJ0SB3 2020-12-31 12:26:23" runUser="NT AUTHORITY\SYSTEM" xmlns="http://microsoft.com/schemas/VisualStudio/TeamTest/2010">
  <TestSettings name="Default Test Settings" id="b5f99ed6-27e7-4909-99bc-6e92ffd802c1">
    <Deployment userDeploymentRoot="E:\Automation\Automation_API_Windows\Monetization_Automation\Monetization_Automation\Monetization_Automation\AutomationAPIExecutionResultsFiles" useDefaultDeploymentRoot="false" runDeploymentRoot="SYSTEM_DESKTOP-5AJ0SB3 2020-12-31 12_26_23" />
    <Execution>
      <TestTypeSpecific />
      <AgentRule name="Execution Agents">
      </AgentRule>
    </Execution>
    <Properties />
  </TestSettings>
  <Times creation="2020-12-31T12:26:23.7710904+05:00" queuing="2020-12-31T12:26:35.4728021+05:00" start="2020-12-31T12:26:35.6909940+05:00" finish="2020-12-31T12:38:00.9381528+05:00" />
  <ResultSummary outcome="Warning">
    <Counters total="7" executed="7" passed="7" error="0" failed="0" timeout="0" aborted="0" inconclusive="0" passedButRunAborted="0" notRunnable="0" notExecuted="0" disconnected="0" warning="0" completed="0" inProgress="0" pending="0" />
    <RunInfos>
      <RunInfo computerName="DESKTOP-5AJ0SB3" outcome="Warning" timestamp="2020-12-31T12:26:35.4368258+05:00">
        <Text>Warning: conflict during test run deployment: deployment item 'E:\Automation\Automation_API_Windows\Monetization_Automation\Monetization_Automation\Monetization_Automation\Monetization_Automation.Utils\Monetization_Automation.Utils\bin\Debug\Monetization_Automation.Utils.dll' specified by the test 'Monetization_Automation.Test.F_SyncAppUnityAPIInputGenerator.G_SyncAppunityMainMethodCodeGenerator' cannot be deployed to 'Google.Protobuf.dll' because otherwise the file 'E:\Automation\Automation_API_Windows\Monetization_Automation\Monetization_Automation\Monetization_Automation\Monetization_Automation.Utils\Monetization_Automation.Utils\bin\Debug\Google.Protobuf.dll' would overwrite deployment item 'e:\automation\automation_api_windows\monetization_automation\monetization_automation\monetization_automation\testingapi\bin\debug\Google.Protobuf.dll' directly or indirectly referenced by the test container 'e:\automation\automation_api_windows\monetization_automation\monetization_automation\monetization_automation\testingapi\bin\debug\monetization_automation.test.dll'.</Text>
      </RunInfo>
      <RunInfo computerName="DESKTOP-5AJ0SB3" outcome="Warning" timestamp="2020-12-31T12:26:35.4368258+05:00">
        <Text>Warning: conflict during test run deployment: deployment item 'E:\Automation\Automation_API_Windows\Monetization_Automation\Monetization_Automation\Monetization_Automation\Monetization_Automation.Utils\Monetization_Automation.Utils\bin\Debug\Monetization_Automation.Utils.dll' specified by the test 'Monetization_Automation.Test.F_SyncAppUnityAPIInputGenerator.G_SyncAppunityMainMethodCodeGenerator' cannot be deployed to 'K4os.Compression.LZ4.Streams.dll' because otherwise the file 'E:\Automation\Automation_API_Windows\Monetization_Automation\Monetization_Automation\Monetization_Automation\Monetization_Automation.Utils\Monetization_Automation.Utils\bin\Debug\K4os.Compression.LZ4.Streams.dll' would overwrite deployment item 'e:\automation\automation_api_windows\monetization_automation\monetization_automation\monetization_automation\testingapi\bin\debug\K4os.Compression.LZ4.Streams.dll' directly or indirectly referenced by the test container 'e:\automation\automation_api_windows\monetization_automation\monetization_automation\monetization_automation\testingapi\bin\debug\monetization_automation.test.dll'.</Text>
      </RunInfo>
      <RunInfo computerName="DESKTOP-5AJ0SB3" outcome="Warning" timestamp="2020-12-31T12:26:35.4368258+05:00">
        <Text>Warning: conflict during test run deployment: deployment item 'E:\Automation\Automation_API_Windows\Monetization_Automation\Monetization_Automation\Monetization_Automation\Monetization_Automation.Utils\Monetization_Automation.Utils\bin\Debug\Monetization_Automation.Utils.dll' specified by the test 'Monetization_Automation.Test.F_SyncAppUnityAPIInputGenerator.G_SyncAppunityMainMethodCodeGenerator' cannot be deployed to 'K4os.Compression.LZ4.dll' because otherwise the file 'E:\Automation\Automation_API_Windows\Monetization_Automation\Monetization_Automation\Monetization_Automation\Monetization_Automation.Utils\Monetization_Automation.Utils\bin\Debug\K4os.Compression.LZ4.dll' would overwrite deployment item 'e:\automation\automation_api_windows\monetization_automation\monetization_automation\monetization_automation\testingapi\bin\debug\K4os.Compression.LZ4.dll' directly or indirectly referenced by the test container 'e:\automation\automation_api_windows\monetization_automation\monetization_automation\monetization_automation\testingapi\bin\debug\monetization_automation.test.dll'.</Text>
      </RunInfo>
      <RunInfo computerName="DESKTOP-5AJ0SB3" outcome="Warning" timestamp="2020-12-31T12:26:35.4368258+05:00">
        <Text>Warning: conflict during test run deployment: deployment item 'E:\Automation\Automation_API_Windows\Monetization_Automation\Monetization_Automation\Monetization_Automation\Monetization_Automation.Utils\Monetization_Automation.Utils\bin\Debug\Monetization_Automation.Utils.dll' specified by the test 'Monetization_Automation.Test.F_SyncAppUnityAPIInputGenerator.G_SyncAppunityMainMethodCodeGenerator' cannot be deployed to 'System.Memory.dll' because otherwise the file 'E:\Automation\Automation_API_Windows\Monetization_Automation\Monetization_Automation\Monetization_Automation\Monetization_Automation.Utils\Monetization_Automation.Utils\bin\Debug\System.Memory.dll' would overwrite deployment item 'e:\automation\automation_api_windows\monetization_automation\monetization_automation\monetization_automation\testingapi\bin\debug\System.Memory.dll' directly or indirectly referenced by the test container 'e:\automation\automation_api_windows\monetization_automation\monetization_automation\monetization_automation\testingapi\bin\debug\monetization_automation.test.dll'.</Text>
      </RunInfo>
      <RunInfo computerName="DESKTOP-5AJ0SB3" outcome="Warning" timestamp="2020-12-31T12:26:35.4368258+05:00">
        <Text>Warning: conflict during test run deployment: deployment item 'E:\Automation\Automation_API_Windows\Monetization_Automation\Monetization_Automation\Monetization_Automation\Monetization_Automation.Utils\Monetization_Automation.Utils\bin\Debug\Monetization_Automation.Utils.dll' specified by the test 'Monetization_Automation.Test.F_SyncAppUnityAPIInputGenerator.G_SyncAppunityMainMethodCodeGenerator' cannot be deployed to 'System.Numerics.Vectors.dll' because otherwise the file 'E:\Automation\Automation_API_Windows\Monetization_Automation\Monetization_Automation\Monetization_Automation\Monetization_Automation.Utils\Monetization_Automation.Utils\bin\Debug\System.Numerics.Vectors.dll' would overwrite deployment item 'e:\automation\automation_api_windows\monetization_automation\monetization_automation\monetization_automation\testingapi\bin\debug\System.Numerics.Vectors.dll' directly or indirectly referenced by the test container 'e:\automation\automation_api_windows\monetization_automation\monetization_automation\monetization_automation\testingapi\bin\debug\monetization_automation.test.dll'.</Text>
      </RunInfo>
      <RunInfo computerName="DESKTOP-5AJ0SB3" outcome="Warning" timestamp="2020-12-31T12:26:35.4378254+05:00">
        <Text>Warning: conflict during test run deployment: deployment item 'E:\Automation\Automation_API_Windows\Monetization_Automation\Monetization_Automation\Monetization_Automation\Monetization_Automation.Utils\Monetization_Automation.Utils\bin\Debug\Monetization_Automation.Utils.dll' specified by the test 'Monetization_Automation.Test.F_SyncAppUnityAPIInputGenerator.G_SyncAppunityMainMethodCodeGenerator' cannot be deployed to 'BouncyCastle.Crypto.dll' because otherwise the file 'E:\Automation\Automation_API_Windows\Monetization_Automation\Monetization_Automation\Monetization_Automation\Monetization_Automation.Utils\Monetization_Automation.Utils\bin\Debug\BouncyCastle.Crypto.dll' would overwrite deployment item 'e:\automation\automation_api_windows\monetization_automation\monetization_automation\monetization_automation\testingapi\bin\debug\BouncyCastle.Crypto.dll' directly or indirectly referenced by the test container 'e:\automation\automation_api_windows\monetization_automation\monetization_automation\monetization_automation\testingapi\bin\debug\monetization_automation.test.dll'.</Text>
      </RunInfo>
      <RunInfo computerName="DESKTOP-5AJ0SB3" outcome="Warning" timestamp="2020-12-31T12:26:35.4378254+05:00">
        <Text>Warning: Test Run deployment issue: The assembly or module 'office' directly or indirectly referenced by the test container 'e:\automation\automation_api_windows\monetization_automation\monetization_automation\monetization_automation\testingapi\bin\debug\monetization_automation.test.dll' was not found.</Text>
      </RunInfo>
      <RunInfo computerName="DESKTOP-5AJ0SB3" outcome="Warning" timestamp="2020-12-31T12:26:35.4378254+05:00">
        <Text>Warning: Test Run deployment issue: The assembly or module 'Microsoft.Vbe.Interop' directly or indirectly referenced by the test container 'e:\automation\automation_api_windows\monetization_automation\monetization_automation\monetization_automation\testingapi\bin\debug\monetization_automation.test.dll' was not found.</Text>
      </RunInfo>
      <RunInfo computerName="DESKTOP-5AJ0SB3" outcome="Warning" timestamp="2020-12-31T12:26:35.4378254+05:00">
        <Text>Warning: Test Run deployment issue: The assembly or module 'System.Memory' directly or indirectly referenced by deployment item 'E:\Automation\Automation_API_Windows\Monetization_Automation\Monetization_Automation\Monetization_Automation\Monetization_Automation.Utils\Monetization_Automation.Utils\bin\Debug\Monetization_Automation.Utils.dll' specified by the test 'Monetization_Automation.Test.F_SyncAppUnityAPIInputGenerator.G_SyncAppunityMainMethodCodeGenerator' was not found.</Text>
      </RunInfo>
      <RunInfo computerName="DESKTOP-5AJ0SB3" outcome="Warning" timestamp="2020-12-31T12:26:35.4378254+05:00">
        <Text>Warning: Test Run deployment issue: The assembly or module 'System.Runtime.CompilerServices.Unsafe' directly or indirectly referenced by deployment item 'E:\Automation\Automation_API_Windows\Monetization_Automation\Monetization_Automation\Monetization_Automation\Monetization_Automation.Utils\Monetization_Automation.Utils\bin\Debug\Monetization_Automation.Utils.dll' specified by the test 'Monetization_Automation.Test.F_SyncAppUnityAPIInputGenerator.G_SyncAppunityMainMethodCodeGenerator' was not found.</Text>
      </RunInfo>
      <RunInfo computerName="DESKTOP-5AJ0SB3" outcome="Warning" timestamp="2020-12-31T12:26:35.4378254+05:00">
        <Text>Warning: Test Run deployment issue: The assembly or module 'System.Buffers' directly or indirectly referenced by deployment item 'E:\Automation\Automation_API_Windows\Monetization_Automation\Monetization_Automation\Monetization_Automation\Monetization_Automation.Utils\Monetization_Automation.Utils\bin\Debug\Monetization_Automation.Utils.dll' specified by the test 'Monetization_Automation.Test.F_SyncAppUnityAPIInputGenerator.G_SyncAppunityMainMethodCodeGenerator' was not found.</Text>
      </RunInfo>
    </RunInfos>
  </ResultSummary>
  <TestDefinitions>
    <UnitTest name="G_SyncAppunityMainMethodCodeGenerator" storage="e:\automation\automation_api_windows\monetization_automation\monetization_automation\monetization_automation\testingapi\bin\debug\monetization_automation.test.dll" id="f70c910a-cc07-24cb-0d1c-bc2c00fc396f">
      <DeploymentItems>
        <DeploymentItem filename="E:\Automation\Automation_API_Windows\Monetization_Automation\Monetization_Automation\Monetization_Automation\Monetization_Automation.Utils\Monetization_Automation.Utils\bin\Debug\Monetization_Automation.Utils.dll" />
      </DeploymentItems>
      <Execution id="6caedb84-b5f6-4982-9c62-b293b41ca593" />
      <TestMethod codeBase="E:/Automation/Automation_API_Windows/Monetization_Automation/Monetization_Automation/Monetization_Automation/TestingAPI/bin/Debug/Monetization_Automation.Test.DLL" adapterTypeName="Microsoft.VisualStudio.TestTools.TestTypes.Unit.UnitTestAdapter, Microsoft.VisualStudio.QualityTools.Tips.UnitTest.Adapter, Version=16.0.0.0, Culture=neutral, PublicKeyToken=b03f5f7f11d50a3a" className="Monetization_Automation.Test.F_SyncAppUnityAPIInputGenerator, Monetization_Automation.Test, Version=1.0.0.0, Culture=neutral, PublicKeyToken=null" name="G_SyncAppunityMainMethodCodeGenerator" />
    </UnitTest>
    <UnitTest name="B_CampaignLogSummaryMainMethodCodeGenerator" storage="e:\automation\automation_api_windows\monetization_automation\monetization_automation\monetization_automation\testingapi\bin\debug\monetization_automation.test.dll" id="04151d7f-9c61-1489-4cc0-5cc1dc07baee">
      <DeploymentItems>
        <DeploymentItem filename="E:\Automation\Automation_API_Windows\Monetization_Automation\Monetization_Automation\Monetization_Automation\Monetization_Automation.Utils\Monetization_Automation.Utils\bin\Debug\Monetization_Automation.Utils.dll" />
      </DeploymentItems>
      <Execution id="9d97e41d-e7a1-4822-9a92-d2980ef442ca" />
      <TestMethod codeBase="E:/Automation/Automation_API_Windows/Monetization_Automation/Monetization_Automation/Monetization_Automation/TestingAPI/bin/Debug/Monetization_Automation.Test.DLL" adapterTypeName="Microsoft.VisualStudio.TestTools.TestTypes.Unit.UnitTestAdapter, Microsoft.VisualStudio.QualityTools.Tips.UnitTest.Adapter, Version=16.0.0.0, Culture=neutral, PublicKeyToken=b03f5f7f11d50a3a" className="Monetization_Automation.Test.B_CampaignLogSummaryAPIInputGenerator, Monetization_Automation.Test, Version=1.0.0.0, Culture=neutral, PublicKeyToken=null" name="B_CampaignLogSummaryMainMethodCodeGenerator" />
    </UnitTest>
    <UnitTest name="E_StartNewAdSessionMainInputGenerator" storage="e:\automation\automation_api_windows\monetization_automation\monetization_automation\monetization_automation\testingapi\bin\debug\monetization_automation.test.dll" id="bfc1b289-dbbb-3bad-fc5e-78e601449e19">
      <DeploymentItems>
        <DeploymentItem filename="E:\Automation\Automation_API_Windows\Monetization_Automation\Monetization_Automation\Monetization_Automation\Monetization_Automation.Utils\Monetization_Automation.Utils\bin\Debug\Monetization_Automation.Utils.dll" />
      </DeploymentItems>
      <Execution id="0f349177-a553-43d8-ac62-913524761b3a" />
      <TestMethod codeBase="E:/Automation/Automation_API_Windows/Monetization_Automation/Monetization_Automation/Monetization_Automation/TestingAPI/bin/Debug/Monetization_Automation.Test.DLL" adapterTypeName="Microsoft.VisualStudio.TestTools.TestTypes.Unit.UnitTestAdapter, Microsoft.VisualStudio.QualityTools.Tips.UnitTest.Adapter, Version=16.0.0.0, Culture=neutral, PublicKeyToken=b03f5f7f11d50a3a" className="Monetization_Automation.Test.E_StartNewAdSessionInputGenerator, Monetization_Automation.Test, Version=1.0.0.0, Culture=neutral, PublicKeyToken=null" name="E_StartNewAdSessionMainInputGenerator" />
    </UnitTest>
    <UnitTest name="A_SyncAppNativeMainMethodInputGenerator" storage="e:\automation\automation_api_windows\monetization_automation\monetization_automation\monetization_automation\testingapi\bin\debug\monetization_automation.test.dll" id="b1df3d41-c071-e99d-12ca-f9fb92f1350c">
      <DeploymentItems>
        <DeploymentItem filename="E:\Automation\Automation_API_Windows\Monetization_Automation\Monetization_Automation\Monetization_Automation\Monetization_Automation.Utils\Monetization_Automation.Utils\bin\Debug\Monetization_Automation.Utils.dll" />
      </DeploymentItems>
      <Execution id="aebb5528-3617-43b4-bbfd-81c718d320c1" />
      <TestMethod codeBase="E:/Automation/Automation_API_Windows/Monetization_Automation/Monetization_Automation/Monetization_Automation/TestingAPI/bin/Debug/Monetization_Automation.Test.DLL" adapterTypeName="Microsoft.VisualStudio.TestTools.TestTypes.Unit.UnitTestAdapter, Microsoft.VisualStudio.QualityTools.Tips.UnitTest.Adapter, Version=16.0.0.0, Culture=neutral, PublicKeyToken=b03f5f7f11d50a3a" className="Monetization_Automation.Test.A_SyncAppNativeAPIInputGenerator, Monetization_Automation.Test, Version=1.0.0.0, Culture=neutral, PublicKeyToken=null" name="A_SyncAppNativeMainMethodInputGenerator" />
    </UnitTest>
    <UnitTest name="D_SaveNetworkrStatsMainMethodCodeGenerator" storage="e:\automation\automation_api_windows\monetization_automation\monetization_automation\monetization_automation\testingapi\bin\debug\monetization_automation.test.dll" id="20f0da05-06f5-50cc-bee5-9ac7cf561794">
      <DeploymentItems>
        <DeploymentItem filename="E:\Automation\Automation_API_Windows\Monetization_Automation\Monetization_Automation\Monetization_Automation\Monetization_Automation.Utils\Monetization_Automation.Utils\bin\Debug\Monetization_Automation.Utils.dll" />
      </DeploymentItems>
      <Execution id="fca1d679-b2bc-45ea-8680-4c56b74988bb" />
      <TestMethod codeBase="E:/Automation/Automation_API_Windows/Monetization_Automation/Monetization_Automation/Monetization_Automation/TestingAPI/bin/Debug/Monetization_Automation.Test.DLL" adapterTypeName="Microsoft.VisualStudio.TestTools.TestTypes.Unit.UnitTestAdapter, Microsoft.VisualStudio.QualityTools.Tips.UnitTest.Adapter, Version=16.0.0.0, Culture=neutral, PublicKeyToken=b03f5f7f11d50a3a" className="Monetization_Automation.Test.D_SaveNetworkrStatsAPIInputGenerator, Monetization_Automation.Test, Version=1.0.0.0, Culture=neutral, PublicKeyToken=null" name="D_SaveNetworkrStatsMainMethodCodeGenerator" />
    </UnitTest>
    <UnitTest name="C_RecordClicksFromDeviceMainMethodCodeGenerator" storage="e:\automation\automation_api_windows\monetization_automation\monetization_automation\monetization_automation\testingapi\bin\debug\monetization_automation.test.dll" id="d249d328-6d44-2c2d-6ed9-e0b5d6f69772">
      <DeploymentItems>
        <DeploymentItem filename="E:\Automation\Automation_API_Windows\Monetization_Automation\Monetization_Automation\Monetization_Automation\Monetization_Automation.Utils\Monetization_Automation.Utils\bin\Debug\Monetization_Automation.Utils.dll" />
      </DeploymentItems>
      <Execution id="4310a8d8-c5d8-4402-994f-06de9f8b5bf7" />
      <TestMethod codeBase="E:/Automation/Automation_API_Windows/Monetization_Automation/Monetization_Automation/Monetization_Automation/TestingAPI/bin/Debug/Monetization_Automation.Test.DLL" adapterTypeName="Microsoft.VisualStudio.TestTools.TestTypes.Unit.UnitTestAdapter, Microsoft.VisualStudio.QualityTools.Tips.UnitTest.Adapter, Version=16.0.0.0, Culture=neutral, PublicKeyToken=b03f5f7f11d50a3a" className="Monetization_Automation.Test.C_RecordClicksFromDeviceInputGenerator, Monetization_Automation.Test, Version=1.0.0.0, Culture=neutral, PublicKeyToken=null" name="C_RecordClicksFromDeviceMainMethodCodeGenerator" />
    </UnitTest>
    <UnitTest name="F_SyncUserDeviceMainMethodCodeGenerator" storage="e:\automation\automation_api_windows\monetization_automation\monetization_automation\monetization_automation\testingapi\bin\debug\monetization_automation.test.dll" id="4d0749f1-2acf-bf6d-9151-b617319ecfaf">
      <DeploymentItems>
        <DeploymentItem filename="E:\Automation\Automation_API_Windows\Monetization_Automation\Monetization_Automation\Monetization_Automation\Monetization_Automation.Utils\Monetization_Automation.Utils\bin\Debug\Monetization_Automation.Utils.dll" />
      </DeploymentItems>
      <Execution id="771d37a8-52f3-4392-8f38-0c33d5a04f34" />
      <TestMethod codeBase="E:/Automation/Automation_API_Windows/Monetization_Automation/Monetization_Automation/Monetization_Automation/TestingAPI/bin/Debug/Monetization_Automation.Test.DLL" adapterTypeName="Microsoft.VisualStudio.TestTools.TestTypes.Unit.UnitTestAdapter, Microsoft.VisualStudio.QualityTools.Tips.UnitTest.Adapter, Version=16.0.0.0, Culture=neutral, PublicKeyToken=b03f5f7f11d50a3a" className="Monetization_Automation.Test.G_SyncUserDeviceAPIInputGenerator, Monetization_Automation.Test, Version=1.0.0.0, Culture=neutral, PublicKeyToken=null" name="F_SyncUserDeviceMainMethodCodeGenerator" />
    </UnitTest>
  </TestDefinitions>
  <TestLists>
    <TestList name="Results Not in a List" id="8c84fa94-04c1-424b-9868-57a2d4851a1d" />
    <TestList name="All Loaded Results" id="19431567-8539-422a-85d7-44ee4e166bda" />
  </TestLists>
  <TestEntries>
    <TestEntry testId="b1df3d41-c071-e99d-12ca-f9fb92f1350c" executionId="aebb5528-3617-43b4-bbfd-81c718d320c1" testListId="8c84fa94-04c1-424b-9868-57a2d4851a1d" />
    <TestEntry testId="04151d7f-9c61-1489-4cc0-5cc1dc07baee" executionId="9d97e41d-e7a1-4822-9a92-d2980ef442ca" testListId="8c84fa94-04c1-424b-9868-57a2d4851a1d" />
    <TestEntry testId="d249d328-6d44-2c2d-6ed9-e0b5d6f69772" executionId="4310a8d8-c5d8-4402-994f-06de9f8b5bf7" testListId="8c84fa94-04c1-424b-9868-57a2d4851a1d" />
    <TestEntry testId="20f0da05-06f5-50cc-bee5-9ac7cf561794" executionId="fca1d679-b2bc-45ea-8680-4c56b74988bb" testListId="8c84fa94-04c1-424b-9868-57a2d4851a1d" />
    <TestEntry testId="bfc1b289-dbbb-3bad-fc5e-78e601449e19" executionId="0f349177-a553-43d8-ac62-913524761b3a" testListId="8c84fa94-04c1-424b-9868-57a2d4851a1d" />
    <TestEntry testId="f70c910a-cc07-24cb-0d1c-bc2c00fc396f" executionId="6caedb84-b5f6-4982-9c62-b293b41ca593" testListId="8c84fa94-04c1-424b-9868-57a2d4851a1d" />
    <TestEntry testId="4d0749f1-2acf-bf6d-9151-b617319ecfaf" executionId="771d37a8-52f3-4392-8f38-0c33d5a04f34" testListId="8c84fa94-04c1-424b-9868-57a2d4851a1d" />
  </TestEntries>
  <Results>
    <UnitTestResult executionId="aebb5528-3617-43b4-bbfd-81c718d320c1" testId="b1df3d41-c071-e99d-12ca-f9fb92f1350c" testName="A_SyncAppNativeMainMethodInputGenerator" computerName="DESKTOP-5AJ0SB3" duration="00:01:32.9977990" startTime="2020-12-31T12:26:35.8622115+05:00" endTime="2020-12-31T12:28:10.0206225+05:00" testType="13cdc9d9-ddb5-4fa4-a97d-d965ccfc6d4b" outcome="Passed" testListId="8c84fa94-04c1-424b-9868-57a2d4851a1d" relativeResultsDirectory="aebb5528-3617-43b4-bbfd-81c718d320c1">
      <Output>
        <DebugTrace>****************** http://52.13.174.6/sheeda/admin/json/syncApp
****************** 
SELECT apps.package, apps.osID, apps.companyID, users.userSignature, apps.appVersionCode, apps.appVersionName
FROM apps JOIN users ON apps.companyID = users.companyID
WHERE apps.sdkID &gt; 20 AND apps.app_type = 'app' AND users.isAdmin = 1 AND users. STATUS = 1 ORDER BY companyID ASC
LIMIT 50
****************** 
****************** SELECT sdkID, ver FROM `sdk_info` WHERE `description` LIKE '%Native mediation%' AND sdkID &gt; 2173 LIMIT 50
****************** 
****************** select adID from ads where ad_type != 'analytics' and ad_type ='interstitial'
****************** select adID from ads where ad_type != 'analytics' and ad_type ='banner'
****************** select adID from ads where ad_type != 'analytics' and ad_type ='native'
****************** select adID from ads where ad_type != 'analytics' and ad_type ='rewarded_video'
{"package":"com.sx.bank.transit.security.transport.atm.cash.van.simulator.game","store":"41","sdkVersionID":"2175","nativeApp":"1","sdkVersion":"2175","appVersionCode":"","appVersionName":"","appAdnetwork":[{"adID":"0","isAdavailable":"1"},{"adID":"28","isAdavailable":"1"},{"adID":"27","isAdavailable":"1"},{"adID":"4","isAdavailable":"1"},{"adID":"59","isAdavailable":"1"}],"userSignature":"a31265023c3eb8a0e11a55e1b57f3b30","gssdkVersion":"8.2.1"}: Status code forbidden, internet connectivity not availablehttp://52.13.174.6/sheeda/admin/json/syncApp please check your internet connection 0
{"package":"com.sx.bank.transit.security.transport.atm.cash.van.simulator.game","store":"41","sdkVersionID":"2175","nativeApp":"1","sdkVersion":"2175","appVersionCode":"","appVersionName":"","appAdnetwork":[{"adID":"0","isAdavailable":"1"},{"adID":"28","isAdavailable":"1"},{"adID":"27","isAdavailable":"1"},{"adID":"4","isAdavailable":"1"},{"adID":"59","isAdavailable":"1"}],"userSignature":"a31265023c3eb8a0e11a55e1b57f3b30","gssdkVersion":"8.2.1"}: Status code not OK,http://52.13.174.6/sheeda/admin/json/syncApp API has failed at 0 Forbidden{"message":"HTTP Error 401 - Unauthorized: Access is denied due to invalid credentials."}
{"package":"com.sx.bank.transit.security.transport.atm.cash.van.simulator.game","store":"41","sdkVersionID":"2175","nativeApp":"1","sdkVersion":"2175","appVersionCode":"","appVersionName":"","appAdnetwork":[{"adID":"0","isAdavailable":"1"},{"adID":"28","isAdavailable":"1"},{"adID":"27","isAdavailable":"1"},{"adID":"4","isAdavailable":"1"},{"adID":"59","isAdavailable":"1"}],"userSignature":"a31265023c3eb8a0e11a55e1b57f3b30","gssdkVersion":"8.2.1"}: http://52.13.174.6/sheeda/admin/json/syncAppAPI failed as it is not correct json response in content type 0{"message":"HTTP Error 401 - Unauthorized: Access is denied due to invalid credentials."}
{"package":"com.burbn.instagram","store":"42","sdkVersionID":"2177","nativeApp":"1","sdkVersion":"2177","appVersionCode":"","appVersionName":"","appAdnetwork":[{"adID":"2","isAdavailable":"1"},{"adID":"42","isAdavailable":"1"},{"adID":"44","isAdavailable":"1"},{"adID":"15","isAdavailable":"1"},{"adID":"59","isAdavailable":"1"}],"userSignature":"a31265023c3eb8a0e11a55e1b57f3b30","gssdkVersion":"8.2.1"}: Status code forbidden, internet connectivity not availablehttp://52.13.174.6/sheeda/admin/json/syncApp please check your internet connection 1
{"package":"com.burbn.instagram","store":"42","sdkVersionID":"2177","nativeApp":"1","sdkVersion":"2177","appVersionCode":"","appVersionName":"","appAdnetwork":[{"adID":"2","isAdavailable":"1"},{"adID":"42","isAdavailable":"1"},{"adID":"44","isAdavailable":"1"},{"adID":"15","isAdavailable":"1"},{"adID":"59","isAdavailable":"1"}],"userSignature":"a31265023c3eb8a0e11a55e1b57f3b30","gssdkVersion":"8.2.1"}: Status code not OK,http://52.13.174.6/sheeda/admin/json/syncApp API has failed at 1 Forbidden{"message":"HTTP Error 401 - Unauthorized: Access is denied due to invalid credentials."}
{"package":"com.burbn.instagram","store":"42","sdkVersionID":"2177","nativeApp":"1","sdkVersion":"2177","appVersionCode":"","appVersionName":"","appAdnetwork":[{"adID":"2","isAdavailable":"1"},{"adID":"42","isAdavailable":"1"},{"adID":"44","isAdavailable":"1"},{"adID":"15","isAdavailable":"1"},{"adID":"59","isAdavailable":"1"}],"userSignature":"a31265023c3eb8a0e11a55e1b57f3b30","gssdkVersion":"8.2.1"}: http://52.13.174.6/sheeda/admin/json/syncAppAPI failed as it is not correct json response in content type 1{"message":"HTTP Error 401 - Unauthorized: Access is denied due to invalid credentials."}
{"package":"com.threed.army.prisoner.transport","store":"41","sdkVersionID":"2183","nativeApp":"1","sdkVersion":"2183","appVersionCode":"","appVersionName":"","appAdnetwork":[{"adID":"5","isAdavailable":"1"},{"adID":"43","isAdavailable":"1"},{"adID":"58","isAdavailable":"1"},{"adID":"20","isAdavailable":"1"},{"adID":"59","isAdavailable":"1"}],"userSignature":"a31265023c3eb8a0e11a55e1b57f3b30","gssdkVersion":"v8.2.1"}: Status code forbidden, internet connectivity not availablehttp://52.13.174.6/sheeda/admin/json/syncApp please check your internet connection 2
{"package":"com.threed.army.prisoner.transport","store":"41","sdkVersionID":"2183","nativeApp":"1","sdkVersion":"2183","appVersionCode":"","appVersionName":"","appAdnetwork":[{"adID":"5","isAdavailable":"1"},{"adID":"43","isAdavailable":"1"},{"adID":"58","isAdavailable":"1"},{"adID":"20","isAdavailable":"1"},{"adID":"59","isAdavailable":"1"}],"userSignature":"a31265023c3eb8a0e11a55e1b57f3b30","gssdkVersion":"v8.2.1"}: Status code not OK,http://52.13.174.6/sheeda/admin/json/syncApp API has failed at 2 Forbidden{"message":"HTTP Error 401 - Unauthorized: Access is denied due to invalid credentials."}
{"package":"com.threed.army.prisoner.transport","store":"41","sdkVersionID":"2183","nativeApp":"1","sdkVersion":"2183","appVersionCode":"","appVersionName":"","appAdnetwork":[{"adID":"5","isAdavailable":"1"},{"adID":"43","isAdavailable":"1"},{"adID":"58","isAdavailable":"1"},{"adID":"20","isAdavailable":"1"},{"adID":"59","isAdavailable":"1"}],"userSignature":"a31265023c3eb8a0e11a55e1b57f3b30","gssdkVersion":"v8.2.1"}: http://52.13.174.6/sheeda/admin/json/syncAppAPI failed as it is not correct json response in content type 2{"message":"HTTP Error 401 - Unauthorized: Access is denied due to invalid credentials."}
{"package":"com.playaction.flying.dog.animal.rescue","store":"41","sdkVersionID":"2184","nativeApp":"1","sdkVersion":"2184","appVersionCode":"","appVersionName":"","appAdnetwork":[{"adID":"7","isAdavailable":"1"},{"adID":"45","isAdavailable":"1"},{"adID":"63","isAdavailable":"1"},{"adID":"21","isAdavailable":"1"},{"adID":"59","isAdavailable":"1"}],"userSignature":"a31265023c3eb8a0e11a55e1b57f3b30","gssdkVersion":"v8.2.1"}: Status code forbidden, internet connectivity not availablehttp://52.13.174.6/sheeda/admin/json/syncApp please check your internet connection 3
{"package":"com.playaction.flying.dog.animal.rescue","store":"41","sdkVersionID":"2184","nativeApp":"1","sdkVersion":"2184","appVersionCode":"","appVersionName":"","appAdnetwork":[{"adID":"7","isAdavailable":"1"},{"adID":"45","isAdavailable":"1"},{"adID":"63","isAdavailable":"1"},{"adID":"21","isAdavailable":"1"},{"adID":"59","isAdavailable":"1"}],"userSignature":"a31265023c3eb8a0e11a55e1b57f3b30","gssdkVersion":"v8.2.1"}: Status code not OK,http://52.13.174.6/sheeda/admin/json/syncApp API has failed at 3 Forbidden{"message":"HTTP Error 401 - Unauthorized: Access is denied due to invalid credentials."}
{"package":"com.playaction.flying.dog.animal.rescue","store":"41","sdkVersionID":"2184","nativeApp":"1","sdkVersion":"2184","appVersionCode":"","appVersionName":"","appAdnetwork":[{"adID":"7","isAdavailable":"1"},{"adID":"45","isAdavailable":"1"},{"adID":"63","isAdavailable":"1"},{"adID":"21","isAdavailable":"1"},{"adID":"59","isAdavailable":"1"}],"userSignature":"a31265023c3eb8a0e11a55e1b57f3b30","gssdkVersion":"v8.2.1"}: http://52.13.174.6/sheeda/admin/json/syncAppAPI failed as it is not correct json response in content type 3{"message":"HTTP Error 401 - Unauthorized: Access is denied due to invalid credentials."}
{"package":"com.playaction.slime.gangster.crime.city","store":"41","sdkVersionID":"2189","nativeApp":"1","sdkVersion":"2189","appVersionCode":"","appVersionName":"","appAdnetwork":[{"adID":"8","isAdavailable":"1"},{"adID":"49","isAdavailable":"1"},{"adID":"69","isAdavailable":"1"},{"adID":"24","isAdavailable":"1"},{"adID":"59","isAdavailable":"1"}],"userSignature":"a31265023c3eb8a0e11a55e1b57f3b30","gssdkVersion":"v8.3.1"}: Status code forbidden, internet connectivity not availablehttp://52.13.174.6/sheeda/admin/json/syncApp please check your internet connection 4
{"package":"com.playaction.slime.gangster.crime.city","store":"41","sdkVersionID":"2189","nativeApp":"1","sdkVersion":"2189","appVersionCode":"","appVersionName":"","appAdnetwork":[{"adID":"8","isAdavailable":"1"},{"adID":"49","isAdavailable":"1"},{"adID":"69","isAdavailable":"1"},{"adID":"24","isAdavailable":"1"},{"adID":"59","isAdavailable":"1"}],"userSignature":"a31265023c3eb8a0e11a55e1b57f3b30","gssdkVersion":"v8.3.1"}: Status code not OK,http://52.13.174.6/sheeda/admin/json/syncApp API has failed at 4 Forbidden{"message":"HTTP Error 401 - Unauthorized: Access is denied due to invalid credentials."}
{"package":"com.playaction.slime.gangster.crime.city","store":"41","sdkVersionID":"2189","nativeApp":"1","sdkVersion":"2189","appVersionCode":"","appVersionName":"","appAdnetwork":[{"adID":"8","isAdavailable":"1"},{"adID":"49","isAdavailable":"1"},{"adID":"69","isAdavailable":"1"},{"adID":"24","isAdavailable":"1"},{"adID":"59","isAdavailable":"1"}],"userSignature":"a31265023c3eb8a0e11a55e1b57f3b30","gssdkVersion":"v8.3.1"}: http://52.13.174.6/sheeda/admin/json/syncAppAPI failed as it is not correct json response in content type 4{"message":"HTTP Error 401 - Unauthorized: Access is denied due to invalid credentials."}
{"package":"com.sx.us.army.real.cruise.ship.transport.simulator.driving.game","store":"41","sdkVersionID":"2190","nativeApp":"1","sdkVersion":"2190","appVersionCode":"","appVersionName":"","appAdnetwork":[{"adID":"12","isAdavailable":"1"},{"adID":"53","isAdavailable":"1"},{"adID":"74","isAdavailable":"1"},{"adID":"25","isAdavailable":"1"},{"adID":"59","isAdavailable":"1"}],"userSignature":"a31265023c3eb8a0e11a55e1b57f3b30","gssdkVersion":"v8.3.1"}: Status code forbidden, internet connectivity not availablehttp://52.13.174.6/sheeda/admin/json/syncApp please check your internet connection 5
{"package":"com.sx.us.army.real.cruise.ship.transport.simulator.driving.game","store":"41","sdkVersionID":"2190","nativeApp":"1","sdkVersion":"2190","appVersionCode":"","appVersionName":"","appAdnetwork":[{"adID":"12","isAdavailable":"1"},{"adID":"53","isAdavailable":"1"},{"adID":"74","isAdavailable":"1"},{"adID":"25","isAdavailable":"1"},{"adID":"59","isAdavailable":"1"}],"userSignature":"a31265023c3eb8a0e11a55e1b57f3b30","gssdkVersion":"v8.3.1"}: Status code not OK,http://52.13.174.6/sheeda/admin/json/syncApp API has failed at 5 Forbidden{"message":"HTTP Error 401 - Unauthorized: Access is denied due to invalid credentials."}
{"package":"com.sx.us.army.real.cruise.ship.transport.simulator.driving.game","store":"41","sdkVersionID":"2190","nativeApp":"1","sdkVersion":"2190","appVersionCode":"","appVersionName":"","appAdnetwork":[{"adID":"12","isAdavailable":"1"},{"adID":"53","isAdavailable":"1"},{"adID":"74","isAdavailable":"1"},{"adID":"25","isAdavailable":"1"},{"adID":"59","isAdavailable":"1"}],"userSignature":"a31265023c3eb8a0e11a55e1b57f3b30","gssdkVersion":"v8.3.1"}: http://52.13.174.6/sheeda/admin/json/syncAppAPI failed as it is not correct json response in content type 5{"message":"HTTP Error 401 - Unauthorized: Access is denied due to invalid credentials."}
{"package":"com.apple.Numbers","store":"42","sdkVersionID":"2195","nativeApp":"1","sdkVersion":"2195","appVersionCode":"","appVersionName":"","appAdnetwork":[{"adID":"18","isAdavailable":"1"},{"adID":"56","isAdavailable":"1"},{"adID":"75","isAdavailable":"1"},{"adID":"26","isAdavailable":"1"},{"adID":"59","isAdavailable":"1"}],"userSignature":"a31265023c3eb8a0e11a55e1b57f3b30","gssdkVersion":"v8.4.1"}: Status code forbidden, internet connectivity not availablehttp://52.13.174.6/sheeda/admin/json/syncApp please check your internet connection 6
{"package":"com.apple.Numbers","store":"42","sdkVersionID":"2195","nativeApp":"1","sdkVersion":"2195","appVersionCode":"","appVersionName":"","appAdnetwork":[{"adID":"18","isAdavailable":"1"},{"adID":"56","isAdavailable":"1"},{"adID":"75","isAdavailable":"1"},{"adID":"26","isAdavailable":"1"},{"adID":"59","isAdavailable":"1"}],"userSignature":"a31265023c3eb8a0e11a55e1b57f3b30","gssdkVersion":"v8.4.1"}: Status code not OK,http://52.13.174.6/sheeda/admin/json/syncApp API has failed at 6 Forbidden{"message":"HTTP Error 401 - Unauthorized: Access is denied due to invalid credentials."}
{"package":"com.apple.Numbers","store":"42","sdkVersionID":"2195","nativeApp":"1","sdkVersion":"2195","appVersionCode":"","appVersionName":"","appAdnetwork":[{"adID":"18","isAdavailable":"1"},{"adID":"56","isAdavailable":"1"},{"adID":"75","isAdavailable":"1"},{"adID":"26","isAdavailable":"1"},{"adID":"59","isAdavailable":"1"}],"userSignature":"a31265023c3eb8a0e11a55e1b57f3b30","gssdkVersion":"v8.4.1"}: http://52.13.174.6/sheeda/admin/json/syncAppAPI failed as it is not correct json response in content type 6{"message":"HTTP Error 401 - Unauthorized: Access is denied due to invalid credentials."}
{"package":"com.threed.battleground.fire.survival.strike.shooting.game","store":"41","sdkVersionID":"2196","nativeApp":"1","sdkVersion":"2196","appVersionCode":"","appVersionName":"","appAdnetwork":[{"adID":"19","isAdavailable":"1"},{"adID":"57","isAdavailable":"1"},{"adID":"78","isAdavailable":"1"},{"adID":"32","isAdavailable":"1"},{"adID":"59","isAdavailable":"1"}],"userSignature":"a31265023c3eb8a0e11a55e1b57f3b30","gssdkVersion":"v8.4.1"}: Status code forbidden, internet connectivity not availablehttp://52.13.174.6/sheeda/admin/json/syncApp please check your internet connection 7
{"package":"com.threed.battleground.fire.survival.strike.shooting.game","store":"41","sdkVersionID":"2196","nativeApp":"1","sdkVersion":"2196","appVersionCode":"","appVersionName":"","appAdnetwork":[{"adID":"19","isAdavailable":"1"},{"adID":"57","isAdavailable":"1"},{"adID":"78","isAdavailable":"1"},{"adID":"32","isAdavailable":"1"},{"adID":"59","isAdavailable":"1"}],"userSignature":"a31265023c3eb8a0e11a55e1b57f3b30","gssdkVersion":"v8.4.1"}: Status code not OK,http://52.13.174.6/sheeda/admin/json/syncApp API has failed at 7 Forbidden{"message":"HTTP Error 401 - Unauthorized: Access is denied due to invalid credentials."}
{"package":"com.threed.battleground.fire.survival.strike.shooting.game","store":"41","sdkVersionID":"2196","nativeApp":"1","sdkVersion":"2196","appVersionCode":"","appVersionName":"","appAdnetwork":[{"adID":"19","isAdavailable":"1"},{"adID":"57","isAdavailable":"1"},{"adID":"78","isAdavailable":"1"},{"adID":"32","isAdavailable":"1"},{"adID":"59","isAdavailable":"1"}],"userSignature":"a31265023c3eb8a0e11a55e1b57f3b30","gssdkVersion":"v8.4.1"}: http://52.13.174.6/sheeda/admin/json/syncAppAPI failed as it is not correct json response in content type 7{"message":"HTTP Error 401 - Unauthorized: Access is denied due to invalid credentials."}
{"package":"com.deg.desert.car.destruction.derby.crash.stunts.racing","store":"41","sdkVersionID":"2203","nativeApp":"1","sdkVersion":"2203","appVersionCode":"","appVersionName":"","appAdnetwork":[{"adID":"29","isAdavailable":"1"},{"adID":"68","isAdavailable":"1"},{"adID":"79","isAdavailable":"1"},{"adID":"34","isAdavailable":"1"},{"adID":"59","isAdavailable":"1"}],"userSignature":"a31265023c3eb8a0e11a55e1b57f3b30","gssdkVersion":"v9.1.1"}: Status code forbidden, internet connectivity not availablehttp://52.13.174.6/sheeda/admin/json/syncApp please check your internet connection 8
{"package":"com.deg.desert.car.destruction.derby.crash.stunts.racing","store":"41","sdkVersionID":"2203","nativeApp":"1","sdkVersion":"2203","appVersionCode":"","appVersionName":"","appAdnetwork":[{"adID":"29","isAdavailable":"1"},{"adID":"68","isAdavailable":"1"},{"adID":"79","isAdavailable":"1"},{"adID":"34","isAdavailable":"1"},{"adID":"59","isAdavailable":"1"}],"userSignature":"a31265023c3eb8a0e11a55e1b57f3b30","gssdkVersion":"v9.1.1"}: Status code not OK,http://52.13.174.6/sheeda/admin/json/syncApp API has failed at 8 Forbidden{"message":"HTTP Error 401 - Unauthorized: Access is denied due to invalid credentials."}
{"package":"com.deg.desert.car.destruction.derby.crash.stunts.racing","store":"41","sdkVersionID":"2203","nativeApp":"1","sdkVersion":"2203","appVersionCode":"","appVersionName":"","appAdnetwork":[{"adID":"29","isAdavailable":"1"},{"adID":"68","isAdavailable":"1"},{"adID":"79","isAdavailable":"1"},{"adID":"34","isAdavailable":"1"},{"adID":"59","isAdavailable":"1"}],"userSignature":"a31265023c3eb8a0e11a55e1b57f3b30","gssdkVersion":"v9.1.1"}: http://52.13.174.6/sheeda/admin/json/syncAppAPI failed as it is not correct json response in content type 8{"message":"HTTP Error 401 - Unauthorized: Access is denied due to invalid credentials."}
{"package":"com.yhi.well.death.tuk.tuk.rickshaw.stunt.game","store":"41","sdkVersionID":"2175","nativeApp":"1","sdkVersion":"2175","appVersionCode":"","appVersionName":"","appAdnetwork":[{"adID":"0","isAdavailable":"1"},{"adID":"28","isAdavailable":"1"},{"adID":"27","isAdavailable":"1"},{"adID":"4","isAdavailable":"1"},{"adID":"59","isAdavailable":"1"}],"userSignature":"a31265023c3eb8a0e11a55e1b57f3b30","gssdkVersion":"8.2.1"}: Status code forbidden, internet connectivity not availablehttp://52.13.174.6/sheeda/admin/json/syncApp please check your internet connection 9
{"package":"com.yhi.well.death.tuk.tuk.rickshaw.stunt.game","store":"41","sdkVersionID":"2175","nativeApp":"1","sdkVersion":"2175","appVersionCode":"","appVersionName":"","appAdnetwork":[{"adID":"0","isAdavailable":"1"},{"adID":"28","isAdavailable":"1"},{"adID":"27","isAdavailable":"1"},{"adID":"4","isAdavailable":"1"},{"adID":"59","isAdavailable":"1"}],"userSignature":"a31265023c3eb8a0e11a55e1b57f3b30","gssdkVersion":"8.2.1"}: Status code not OK,http://52.13.174.6/sheeda/admin/json/syncApp API has failed at 9 Forbidden{"message":"HTTP Error 401 - Unauthorized: Access is denied due to invalid credentials."}
{"package":"com.yhi.well.death.tuk.tuk.rickshaw.stunt.game","store":"41","sdkVersionID":"2175","nativeApp":"1","sdkVersion":"2175","appVersionCode":"","appVersionName":"","appAdnetwork":[{"adID":"0","isAdavailable":"1"},{"adID":"28","isAdavailable":"1"},{"adID":"27","isAdavailable":"1"},{"adID":"4","isAdavailable":"1"},{"adID":"59","isAdavailable":"1"}],"userSignature":"a31265023c3eb8a0e11a55e1b57f3b30","gssdkVersion":"8.2.1"}: http://52.13.174.6/sheeda/admin/json/syncAppAPI failed as it is not correct json response in content type 9{"message":"HTTP Error 401 - Unauthorized: Access is denied due to invalid credentials."}
{"package":"com.sx.futuristic.flying.robot.bike.rider.transform.wars.game","store":"41","sdkVersionID":"2177","nativeApp":"1","sdkVersion":"2177","appVersionCode":"","appVersionName":"","appAdnetwork":[{"adID":"2","isAdavailable":"1"},{"adID":"42","isAdavailable":"1"},{"adID":"44","isAdavailable":"1"},{"adID":"15","isAdavailable":"1"},{"adID":"59","isAdavailable":"1"}],"userSignature":"a31265023c3eb8a0e11a55e1b57f3b30","gssdkVersion":"8.2.1"}: Status code forbidden, internet connectivity not availablehttp://52.13.174.6/sheeda/admin/json/syncApp please check your internet connection 10
{"package":"com.sx.futuristic.flying.robot.bike.rider.transform.wars.game","store":"41","sdkVersionID":"2177","nativeApp":"1","sdkVersion":"2177","appVersionCode":"","appVersionName":"","appAdnetwork":[{"adID":"2","isAdavailable":"1"},{"adID":"42","isAdavailable":"1"},{"adID":"44","isAdavailable":"1"},{"adID":"15","isAdavailable":"1"},{"adID":"59","isAdavailable":"1"}],"userSignature":"a31265023c3eb8a0e11a55e1b57f3b30","gssdkVersion":"8.2.1"}: Status code not OK,http://52.13.174.6/sheeda/admin/json/syncApp API has failed at 10 Forbidden{"message":"HTTP Error 401 - Unauthorized: Access is denied due to invalid credentials."}
{"package":"com.sx.futuristic.flying.robot.bike.rider.transform.wars.game","store":"41","sdkVersionID":"2177","nativeApp":"1","sdkVersion":"2177","appVersionCode":"","appVersionName":"","appAdnetwork":[{"adID":"2","isAdavailable":"1"},{"adID":"42","isAdavailable":"1"},{"adID":"44","isAdavailable":"1"},{"adID":"15","isAdavailable":"1"},{"adID":"59","isAdavailable":"1"}],"userSignature":"a31265023c3eb8a0e11a55e1b57f3b30","gssdkVersion":"8.2.1"}: http://52.13.174.6/sheeda/admin/json/syncAppAPI failed as it is not correct json response in content type 10{"message":"HTTP Error 401 - Unauthorized: Access is denied due to invalid credentials."}
{"package":"com.memrise.android.memrisecompanion","store":"41","sdkVersionID":"2183","nativeApp":"1","sdkVersion":"2183","appVersionCode":"","appVersionName":"","appAdnetwork":[{"adID":"5","isAdavailable":"1"},{"adID":"43","isAdavailable":"1"},{"adID":"58","isAdavailable":"1"},{"adID":"20","isAdavailable":"1"},{"adID":"59","isAdavailable":"1"}],"userSignature":"a31265023c3eb8a0e11a55e1b57f3b30","gssdkVersion":"v8.2.1"}: Status code forbidden, internet connectivity not availablehttp://52.13.174.6/sheeda/admin/json/syncApp please check your internet connection 11
{"package":"com.memrise.android.memrisecompanion","store":"41","sdkVersionID":"2183","nativeApp":"1","sdkVersion":"2183","appVersionCode":"","appVersionName":"","appAdnetwork":[{"adID":"5","isAdavailable":"1"},{"adID":"43","isAdavailable":"1"},{"adID":"58","isAdavailable":"1"},{"adID":"20","isAdavailable":"1"},{"adID":"59","isAdavailable":"1"}],"userSignature":"a31265023c3eb8a0e11a55e1b57f3b30","gssdkVersion":"v8.2.1"}: Status code not OK,http://52.13.174.6/sheeda/admin/json/syncApp API has failed at 11 Forbidden{"message":"HTTP Error 401 - Unauthorized: Access is denied due to invalid credentials."}
{"package":"com.memrise.android.memrisecompanion","store":"41","sdkVersionID":"2183","nativeApp":"1","sdkVersion":"2183","appVersionCode":"","appVersionName":"","appAdnetwork":[{"adID":"5","isAdavailable":"1"},{"adID":"43","isAdavailable":"1"},{"adID":"58","isAdavailable":"1"},{"adID":"20","isAdavailable":"1"},{"adID":"59","isAdavailable":"1"}],"userSignature":"a31265023c3eb8a0e11a55e1b57f3b30","gssdkVersion":"v8.2.1"}: http://52.13.174.6/sheeda/admin/json/syncAppAPI failed as it is not correct json response in content type 11{"message":"HTTP Error 401 - Unauthorized: Access is denied due to invalid credentials."}
{"package":"com.threed.zombie.fps.apocalypse.battleground.survival.shooting","store":"41","sdkVersionID":"2184","nativeApp":"1","sdkVersion":"2184","appVersionCode":"","appVersionName":"","appAdnetwork":[{"adID":"7","isAdavailable":"1"},{"adID":"45","isAdavailable":"1"},{"adID":"63","isAdavailable":"1"},{"adID":"21","isAdavailable":"1"},{"adID":"59","isAdavailable":"1"}],"userSignature":"a31265023c3eb8a0e11a55e1b57f3b30","gssdkVersion":"v8.2.1"}: Status code forbidden, internet connectivity not availablehttp://52.13.174.6/sheeda/admin/json/syncApp please check your internet connection 12
{"package":"com.threed.zombie.fps.apocalypse.battleground.survival.shooting","store":"41","sdkVersionID":"2184","nativeApp":"1","sdkVersion":"2184","appVersionCode":"","appVersionName":"","appAdnetwork":[{"adID":"7","isAdavailable":"1"},{"adID":"45","isAdavailable":"1"},{"adID":"63","isAdavailable":"1"},{"adID":"21","isAdavailable":"1"},{"adID":"59","isAdavailable":"1"}],"userSignature":"a31265023c3eb8a0e11a55e1b57f3b30","gssdkVersion":"v8.2.1"}: Status code not OK,http://52.13.174.6/sheeda/admin/json/syncApp API has failed at 12 Forbidden{"message":"HTTP Error 401 - Unauthorized: Access is denied due to invalid credentials."}
{"package":"com.threed.zombie.fps.apocalypse.battleground.survival.shooting","store":"41","sdkVersionID":"2184","nativeApp":"1","sdkVersion":"2184","appVersionCode":"","appVersionName":"","appAdnetwork":[{"adID":"7","isAdavailable":"1"},{"adID":"45","isAdavailable":"1"},{"adID":"63","isAdavailable":"1"},{"adID":"21","isAdavailable":"1"},{"adID":"59","isAdavailable":"1"}],"userSignature":"a31265023c3eb8a0e11a55e1b57f3b30","gssdkVersion":"v8.2.1"}: http://52.13.174.6/sheeda/admin/json/syncAppAPI failed as it is not correct json response in content type 12{"message":"HTTP Error 401 - Unauthorized: Access is denied due to invalid credentials."}
{"package":"com.contextlogic.mama","store":"41","sdkVersionID":"2189","nativeApp":"1","sdkVersion":"2189","appVersionCode":"","appVersionName":"","appAdnetwork":[{"adID":"8","isAdavailable":"1"},{"adID":"49","isAdavailable":"1"},{"adID":"69","isAdavailable":"1"},{"adID":"24","isAdavailable":"1"},{"adID":"59","isAdavailable":"1"}],"userSignature":"a31265023c3eb8a0e11a55e1b57f3b30","gssdkVersion":"v8.3.1"}: Status code forbidden, internet connectivity not availablehttp://52.13.174.6/sheeda/admin/json/syncApp please check your internet connection 13
{"package":"com.contextlogic.mama","store":"41","sdkVersionID":"2189","nativeApp":"1","sdkVersion":"2189","appVersionCode":"","appVersionName":"","appAdnetwork":[{"adID":"8","isAdavailable":"1"},{"adID":"49","isAdavailable":"1"},{"adID":"69","isAdavailable":"1"},{"adID":"24","isAdavailable":"1"},{"adID":"59","isAdavailable":"1"}],"userSignature":"a31265023c3eb8a0e11a55e1b57f3b30","gssdkVersion":"v8.3.1"}: Status code not OK,http://52.13.174.6/sheeda/admin/json/syncApp API has failed at 13 Forbidden{"message":"HTTP Error 401 - Unauthorized: Access is denied due to invalid credentials."}
{"package":"com.contextlogic.mama","store":"41","sdkVersionID":"2189","nativeApp":"1","sdkVersion":"2189","appVersionCode":"","appVersionName":"","appAdnetwork":[{"adID":"8","isAdavailable":"1"},{"adID":"49","isAdavailable":"1"},{"adID":"69","isAdavailable":"1"},{"adID":"24","isAdavailable":"1"},{"adID":"59","isAdavailable":"1"}],"userSignature":"a31265023c3eb8a0e11a55e1b57f3b30","gssdkVersion":"v8.3.1"}: http://52.13.174.6/sheeda/admin/json/syncAppAPI failed as it is not correct json response in content type 13{"message":"HTTP Error 401 - Unauthorized: Access is denied due to invalid credentials."}
{"package":"com.yhi.virtual.wild.furious.tiger.family.survival.simulator.game","store":"41","sdkVersionID":"2190","nativeApp":"1","sdkVersion":"2190","appVersionCode":"","appVersionName":"","appAdnetwork":[{"adID":"12","isAdavailable":"1"},{"adID":"53","isAdavailable":"1"},{"adID":"74","isAdavailable":"1"},{"adID":"25","isAdavailable":"1"},{"adID":"59","isAdavailable":"1"}],"userSignature":"a31265023c3eb8a0e11a55e1b57f3b30","gssdkVersion":"v8.3.1"}: Status code forbidden, internet connectivity not availablehttp://52.13.174.6/sheeda/admin/json/syncApp please check your internet connection 14
{"package":"com.yhi.virtual.wild.furious.tiger.family.survival.simulator.game","store":"41","sdkVersionID":"2190","nativeApp":"1","sdkVersion":"2190","appVersionCode":"","appVersionName":"","appAdnetwork":[{"adID":"12","isAdavailable":"1"},{"adID":"53","isAdavailable":"1"},{"adID":"74","isAdavailable":"1"},{"adID":"25","isAdavailable":"1"},{"adID":"59","isAdavailable":"1"}],"userSignature":"a31265023c3eb8a0e11a55e1b57f3b30","gssdkVersion":"v8.3.1"}: Status code not OK,http://52.13.174.6/sheeda/admin/json/syncApp API has failed at 14 Forbidden{"message":"HTTP Error 401 - Unauthorized: Access is denied due to invalid credentials."}
{"package":"com.yhi.virtual.wild.furious.tiger.family.survival.simulator.game","store":"41","sdkVersionID":"2190","nativeApp":"1","sdkVersion":"2190","appVersionCode":"","appVersionName":"","appAdnetwork":[{"adID":"12","isAdavailable":"1"},{"adID":"53","isAdavailable":"1"},{"adID":"74","isAdavailable":"1"},{"adID":"25","isAdavailable":"1"},{"adID":"59","isAdavailable":"1"}],"userSignature":"a31265023c3eb8a0e11a55e1b57f3b30","gssdkVersion":"v8.3.1"}: http://52.13.174.6/sheeda/admin/json/syncAppAPI failed as it is not correct json response in content type 14{"message":"HTTP Error 401 - Unauthorized: Access is denied due to invalid credentials."}
{"package":"com.taskade.mobile.new","store":"41","sdkVersionID":"2195","nativeApp":"1","sdkVersion":"2195","appVersionCode":"","appVersionName":"","appAdnetwork":[{"adID":"18","isAdavailable":"1"},{"adID":"56","isAdavailable":"1"},{"adID":"75","isAdavailable":"1"},{"adID":"26","isAdavailable":"1"},{"adID":"59","isAdavailable":"1"}],"userSignature":"a31265023c3eb8a0e11a55e1b57f3b30","gssdkVersion":"v8.4.1"}: Status code forbidden, internet connectivity not availablehttp://52.13.174.6/sheeda/admin/json/syncApp please check your internet connection 15
{"package":"com.taskade.mobile.new","store":"41","sdkVersionID":"2195","nativeApp":"1","sdkVersion":"2195","appVersionCode":"","appVersionName":"","appAdnetwork":[{"adID":"18","isAdavailable":"1"},{"adID":"56","isAdavailable":"1"},{"adID":"75","isAdavailable":"1"},{"adID":"26","isAdavailable":"1"},{"adID":"59","isAdavailable":"1"}],"userSignature":"a31265023c3eb8a0e11a55e1b57f3b30","gssdkVersion":"v8.4.1"}: Status code not OK,http://52.13.174.6/sheeda/admin/json/syncApp API has failed at 15 Forbidden{"message":"HTTP Error 401 - Unauthorized: Access is denied due to invalid credentials."}
{"package":"com.taskade.mobile.new","store":"41","sdkVersionID":"2195","nativeApp":"1","sdkVersion":"2195","appVersionCode":"","appVersionName":"","appAdnetwork":[{"adID":"18","isAdavailable":"1"},{"adID":"56","isAdavailable":"1"},{"adID":"75","isAdavailable":"1"},{"adID":"26","isAdavailable":"1"},{"adID":"59","isAdavailable":"1"}],"userSignature":"a31265023c3eb8a0e11a55e1b57f3b30","gssdkVersion":"v8.4.1"}: http://52.13.174.6/sheeda/admin/json/syncAppAPI failed as it is not correct json response in content type 15{"message":"HTTP Error 401 - Unauthorized: Access is denied due to invalid credentials."}
{"package":"com.threed.wild.horse.city.attack.rampage.survival.simulator.game","store":"41","sdkVersionID":"2196","nativeApp":"1","sdkVersion":"2196","appVersionCode":"","appVersionName":"","appAdnetwork":[{"adID":"19","isAdavailable":"1"},{"adID":"57","isAdavailable":"1"},{"adID":"78","isAdavailable":"1"},{"adID":"32","isAdavailable":"1"},{"adID":"59","isAdavailable":"1"}],"userSignature":"a31265023c3eb8a0e11a55e1b57f3b30","gssdkVersion":"v8.4.1"}: Status code forbidden, internet connectivity not availablehttp://52.13.174.6/sheeda/admin/json/syncApp please check your internet connection 16
{"package":"com.threed.wild.horse.city.attack.rampage.survival.simulator.game","store":"41","sdkVersionID":"2196","nativeApp":"1","sdkVersion":"2196","appVersionCode":"","appVersionName":"","appAdnetwork":[{"adID":"19","isAdavailable":"1"},{"adID":"57","isAdavailable":"1"},{"adID":"78","isAdavailable":"1"},{"adID":"32","isAdavailable":"1"},{"adID":"59","isAdavailable":"1"}],"userSignature":"a31265023c3eb8a0e11a55e1b57f3b30","gssdkVersion":"v8.4.1"}: Status code not OK,http://52.13.174.6/sheeda/admin/json/syncApp API has failed at 16 Forbidden{"message":"HTTP Error 401 - Unauthorized: Access is denied due to invalid credentials."}
{"package":"com.threed.wild.horse.city.attack.rampage.survival.simulator.game","store":"41","sdkVersionID":"2196","nativeApp":"1","sdkVersion":"2196","appVersionCode":"","appVersionName":"","appAdnetwork":[{"adID":"19","isAdavailable":"1"},{"adID":"57","isAdavailable":"1"},{"adID":"78","isAdavailable":"1"},{"adID":"32","isAdavailable":"1"},{"adID":"59","isAdavailable":"1"}],"userSignature":"a31265023c3eb8a0e11a55e1b57f3b30","gssdkVersion":"v8.4.1"}: http://52.13.174.6/sheeda/admin/json/syncAppAPI failed as it is not correct json response in content type 16{"message":"HTTP Error 401 - Unauthorized: Access is denied due to invalid credentials."}
{"package":"com.weheartit","store":"41","sdkVersionID":"2203","nativeApp":"1","sdkVersion":"2203","appVersionCode":"","appVersionName":"","appAdnetwork":[{"adID":"29","isAdavailable":"1"},{"adID":"68","isAdavailable":"1"},{"adID":"79","isAdavailable":"1"},{"adID":"34","isAdavailable":"1"},{"adID":"59","isAdavailable":"1"}],"userSignature":"a31265023c3eb8a0e11a55e1b57f3b30","gssdkVersion":"v9.1.1"}: Status code forbidden, internet connectivity not availablehttp://52.13.174.6/sheeda/admin/json/syncApp please check your internet connection 17
{"package":"com.weheartit","store":"41","sdkVersionID":"2203","nativeApp":"1","sdkVersion":"2203","appVersionCode":"","appVersionName":"","appAdnetwork":[{"adID":"29","isAdavailable":"1"},{"adID":"68","isAdavailable":"1"},{"adID":"79","isAdavailable":"1"},{"adID":"34","isAdavailable":"1"},{"adID":"59","isAdavailable":"1"}],"userSignature":"a31265023c3eb8a0e11a55e1b57f3b30","gssdkVersion":"v9.1.1"}: Status code not OK,http://52.13.174.6/sheeda/admin/json/syncApp API has failed at 17 Forbidden{"message":"HTTP Error 401 - Unauthorized: Access is denied due to invalid credentials."}
{"package":"com.weheartit","store":"41","sdkVersionID":"2203","nativeApp":"1","sdkVersion":"2203","appVersionCode":"","appVersionName":"","appAdnetwork":[{"adID":"29","isAdavailable":"1"},{"adID":"68","isAdavailable":"1"},{"adID":"79","isAdavailable":"1"},{"adID":"34","isAdavailable":"1"},{"adID":"59","isAdavailable":"1"}],"userSignature":"a31265023c3eb8a0e11a55e1b57f3b30","gssdkVersion":"v9.1.1"}: http://52.13.174.6/sheeda/admin/json/syncAppAPI failed as it is not correct json response in content type 17{"message":"HTTP Error 401 - Unauthorized: Access is denied due to invalid credentials."}
{"package":"com.yhi.high.speed.car.stunt.racing","store":"41","sdkVersionID":"2175","nativeApp":"1","sdkVersion":"2175","appVersionCode":"","appVersionName":"","appAdnetwork":[{"adID":"0","isAdavailable":"1"},{"adID":"28","isAdavailable":"1"},{"adID":"27","isAdavailable":"1"},{"adID":"4","isAdavailable":"1"},{"adID":"59","isAdavailable":"1"}],"userSignature":"a31265023c3eb8a0e11a55e1b57f3b30","gssdkVersion":"8.2.1"}: Status code forbidden, internet connectivity not availablehttp://52.13.174.6/sheeda/admin/json/syncApp please check your internet connection 18
{"package":"com.yhi.high.speed.car.stunt.racing","store":"41","sdkVersionID":"2175","nativeApp":"1","sdkVersion":"2175","appVersionCode":"","appVersionName":"","appAdnetwork":[{"adID":"0","isAdavailable":"1"},{"adID":"28","isAdavailable":"1"},{"adID":"27","isAdavailable":"1"},{"adID":"4","isAdavailable":"1"},{"adID":"59","isAdavailable":"1"}],"userSignature":"a31265023c3eb8a0e11a55e1b57f3b30","gssdkVersion":"8.2.1"}: Status code not OK,http://52.13.174.6/sheeda/admin/json/syncApp API has failed at 18 Forbidden{"message":"HTTP Error 401 - Unauthorized: Access is denied due to invalid credentials."}
{"package":"com.yhi.high.speed.car.stunt.racing","store":"41","sdkVersionID":"2175","nativeApp":"1","sdkVersion":"2175","appVersionCode":"","appVersionName":"","appAdnetwork":[{"adID":"0","isAdavailable":"1"},{"adID":"28","isAdavailable":"1"},{"adID":"27","isAdavailable":"1"},{"adID":"4","isAdavailable":"1"},{"adID":"59","isAdavailable":"1"}],"userSignature":"a31265023c3eb8a0e11a55e1b57f3b30","gssdkVersion":"8.2.1"}: http://52.13.174.6/sheeda/admin/json/syncAppAPI failed as it is not correct json response in content type 18{"message":"HTTP Error 401 - Unauthorized: Access is denied due to invalid credentials."}
{"package":"com.yhi.city.road.building.excavator.construction.games","store":"41","sdkVersionID":"2177","nativeApp":"1","sdkVersion":"2177","appVersionCode":"","appVersionName":"","appAdnetwork":[{"adID":"2","isAdavailable":"1"},{"adID":"42","isAdavailable":"1"},{"adID":"44","isAdavailable":"1"},{"adID":"15","isAdavailable":"1"},{"adID":"59","isAdavailable":"1"}],"userSignature":"a31265023c3eb8a0e11a55e1b57f3b30","gssdkVersion":"8.2.1"}: Status code forbidden, internet connectivity not availablehttp://52.13.174.6/sheeda/admin/json/syncApp please check your internet connection 19
{"package":"com.yhi.city.road.building.excavator.construction.games","store":"41","sdkVersionID":"2177","nativeApp":"1","sdkVersion":"2177","appVersionCode":"","appVersionName":"","appAdnetwork":[{"adID":"2","isAdavailable":"1"},{"adID":"42","isAdavailable":"1"},{"adID":"44","isAdavailable":"1"},{"adID":"15","isAdavailable":"1"},{"adID":"59","isAdavailable":"1"}],"userSignature":"a31265023c3eb8a0e11a55e1b57f3b30","gssdkVersion":"8.2.1"}: Status code not OK,http://52.13.174.6/sheeda/admin/json/syncApp API has failed at 19 Forbidden{"message":"HTTP Error 401 - Unauthorized: Access is denied due to invalid credentials."}
{"package":"com.yhi.city.road.building.excavator.construction.games","store":"41","sdkVersionID":"2177","nativeApp":"1","sdkVersion":"2177","appVersionCode":"","appVersionName":"","appAdnetwork":[{"adID":"2","isAdavailable":"1"},{"adID":"42","isAdavailable":"1"},{"adID":"44","isAdavailable":"1"},{"adID":"15","isAdavailable":"1"},{"adID":"59","isAdavailable":"1"}],"userSignature":"a31265023c3eb8a0e11a55e1b57f3b30","gssdkVersion":"8.2.1"}: http://52.13.174.6/sheeda/admin/json/syncAppAPI failed as it is not correct json response in content type 19{"message":"HTTP Error 401 - Unauthorized: Access is denied due to invalid credentials."}
{"package":"com.thetransitapp.droid1","store":"41","sdkVersionID":"2183","nativeApp":"1","sdkVersion":"2183","appVersionCode":"","appVersionName":"","appAdnetwork":[{"adID":"5","isAdavailable":"1"},{"adID":"43","isAdavailable":"1"},{"adID":"58","isAdavailable":"1"},{"adID":"20","isAdavailable":"1"},{"adID":"59","isAdavailable":"1"}],"userSignature":"a31265023c3eb8a0e11a55e1b57f3b30","gssdkVersion":"v8.2.1"}: Status code forbidden, internet connectivity not availablehttp://52.13.174.6/sheeda/admin/json/syncApp please check your internet connection 20
{"package":"com.thetransitapp.droid1","store":"41","sdkVersionID":"2183","nativeApp":"1","sdkVersion":"2183","appVersionCode":"","appVersionName":"","appAdnetwork":[{"adID":"5","isAdavailable":"1"},{"adID":"43","isAdavailable":"1"},{"adID":"58","isAdavailable":"1"},{"adID":"20","isAdavailable":"1"},{"adID":"59","isAdavailable":"1"}],"userSignature":"a31265023c3eb8a0e11a55e1b57f3b30","gssdkVersion":"v8.2.1"}: Status code not OK,http://52.13.174.6/sheeda/admin/json/syncApp API has failed at 20 Forbidden{"message":"HTTP Error 401 - Unauthorized: Access is denied due to invalid credentials."}
{"package":"com.thetransitapp.droid1","store":"41","sdkVersionID":"2183","nativeApp":"1","sdkVersion":"2183","appVersionCode":"","appVersionName":"","appAdnetwork":[{"adID":"5","isAdavailable":"1"},{"adID":"43","isAdavailable":"1"},{"adID":"58","isAdavailable":"1"},{"adID":"20","isAdavailable":"1"},{"adID":"59","isAdavailable":"1"}],"userSignature":"a31265023c3eb8a0e11a55e1b57f3b30","gssdkVersion":"v8.2.1"}: http://52.13.174.6/sheeda/admin/json/syncAppAPI failed as it is not correct json response in content type 20{"message":"HTTP Error 401 - Unauthorized: Access is denied due to invalid credentials."}
{"package":"com.g247.stickman.panda.city.gangster.chase.game","store":"41","sdkVersionID":"2184","nativeApp":"1","sdkVersion":"2184","appVersionCode":"","appVersionName":"","appAdnetwork":[{"adID":"7","isAdavailable":"1"},{"adID":"45","isAdavailable":"1"},{"adID":"63","isAdavailable":"1"},{"adID":"21","isAdavailable":"1"},{"adID":"59","isAdavailable":"1"}],"userSignature":"a31265023c3eb8a0e11a55e1b57f3b30","gssdkVersion":"v8.2.1"}: Status code forbidden, internet connectivity not availablehttp://52.13.174.6/sheeda/admin/json/syncApp please check your internet connection 21
{"package":"com.g247.stickman.panda.city.gangster.chase.game","store":"41","sdkVersionID":"2184","nativeApp":"1","sdkVersion":"2184","appVersionCode":"","appVersionName":"","appAdnetwork":[{"adID":"7","isAdavailable":"1"},{"adID":"45","isAdavailable":"1"},{"adID":"63","isAdavailable":"1"},{"adID":"21","isAdavailable":"1"},{"adID":"59","isAdavailable":"1"}],"userSignature":"a31265023c3eb8a0e11a55e1b57f3b30","gssdkVersion":"v8.2.1"}: Status code not OK,http://52.13.174.6/sheeda/admin/json/syncApp API has failed at 21 Forbidden{"message":"HTTP Error 401 - Unauthorized: Access is denied due to invalid credentials."}
{"package":"com.g247.stickman.panda.city.gangster.chase.game","store":"41","sdkVersionID":"2184","nativeApp":"1","sdkVersion":"2184","appVersionCode":"","appVersionName":"","appAdnetwork":[{"adID":"7","isAdavailable":"1"},{"adID":"45","isAdavailable":"1"},{"adID":"63","isAdavailable":"1"},{"adID":"21","isAdavailable":"1"},{"adID":"59","isAdavailable":"1"}],"userSignature":"a31265023c3eb8a0e11a55e1b57f3b30","gssdkVersion":"v8.2.1"}: http://52.13.174.6/sheeda/admin/json/syncAppAPI failed as it is not correct json response in content type 21{"message":"HTTP Error 401 - Unauthorized: Access is denied due to invalid credentials."}
{"package":"com.deg.multi.level.storey.smart.car.parking.plaza.driving.games","store":"41","sdkVersionID":"2189","nativeApp":"1","sdkVersion":"2189","appVersionCode":"","appVersionName":"","appAdnetwork":[{"adID":"8","isAdavailable":"1"},{"adID":"49","isAdavailable":"1"},{"adID":"69","isAdavailable":"1"},{"adID":"24","isAdavailable":"1"},{"adID":"59","isAdavailable":"1"}],"userSignature":"a31265023c3eb8a0e11a55e1b57f3b30","gssdkVersion":"v8.3.1"}: Status code forbidden, internet connectivity not availablehttp://52.13.174.6/sheeda/admin/json/syncApp please check your internet connection 22
{"package":"com.deg.multi.level.storey.smart.car.parking.plaza.driving.games","store":"41","sdkVersionID":"2189","nativeApp":"1","sdkVersion":"2189","appVersionCode":"","appVersionName":"","appAdnetwork":[{"adID":"8","isAdavailable":"1"},{"adID":"49","isAdavailable":"1"},{"adID":"69","isAdavailable":"1"},{"adID":"24","isAdavailable":"1"},{"adID":"59","isAdavailable":"1"}],"userSignature":"a31265023c3eb8a0e11a55e1b57f3b30","gssdkVersion":"v8.3.1"}: Status code not OK,http://52.13.174.6/sheeda/admin/json/syncApp API has failed at 22 Forbidden{"message":"HTTP Error 401 - Unauthorized: Access is denied due to invalid credentials."}
{"package":"com.deg.multi.level.storey.smart.car.parking.plaza.driving.games","store":"41","sdkVersionID":"2189","nativeApp":"1","sdkVersion":"2189","appVersionCode":"","appVersionName":"","appAdnetwork":[{"adID":"8","isAdavailable":"1"},{"adID":"49","isAdavailable":"1"},{"adID":"69","isAdavailable":"1"},{"adID":"24","isAdavailable":"1"},{"adID":"59","isAdavailable":"1"}],"userSignature":"a31265023c3eb8a0e11a55e1b57f3b30","gssdkVersion":"v8.3.1"}: http://52.13.174.6/sheeda/admin/json/syncAppAPI failed as it is not correct json response in content type 22{"message":"HTTP Error 401 - Unauthorized: Access is denied due to invalid credentials."}
{"package":"com.contextlogic.wis1","store":"43","sdkVersionID":"2190","nativeApp":"1","sdkVersion":"2190","appVersionCode":"","appVersionName":"","appAdnetwork":[{"adID":"12","isAdavailable":"1"},{"adID":"53","isAdavailable":"1"},{"adID":"74","isAdavailable":"1"},{"adID":"25","isAdavailable":"1"},{"adID":"59","isAdavailable":"1"}],"userSignature":"a31265023c3eb8a0e11a55e1b57f3b30","gssdkVersion":"v8.3.1"}: Status code forbidden, internet connectivity not availablehttp://52.13.174.6/sheeda/admin/json/syncApp please check your internet connection 23
{"package":"com.contextlogic.wis1","store":"43","sdkVersionID":"2190","nativeApp":"1","sdkVersion":"2190","appVersionCode":"","appVersionName":"","appAdnetwork":[{"adID":"12","isAdavailable":"1"},{"adID":"53","isAdavailable":"1"},{"adID":"74","isAdavailable":"1"},{"adID":"25","isAdavailable":"1"},{"adID":"59","isAdavailable":"1"}],"userSignature":"a31265023c3eb8a0e11a55e1b57f3b30","gssdkVersion":"v8.3.1"}: Status code not OK,http://52.13.174.6/sheeda/admin/json/syncApp API has failed at 23 Forbidden{"message":"HTTP Error 401 - Unauthorized: Access is denied due to invalid credentials."}
{"package":"com.contextlogic.wis1","store":"43","sdkVersionID":"2190","nativeApp":"1","sdkVersion":"2190","appVersionCode":"","appVersionName":"","appAdnetwork":[{"adID":"12","isAdavailable":"1"},{"adID":"53","isAdavailable":"1"},{"adID":"74","isAdavailable":"1"},{"adID":"25","isAdavailable":"1"},{"adID":"59","isAdavailable":"1"}],"userSignature":"a31265023c3eb8a0e11a55e1b57f3b30","gssdkVersion":"v8.3.1"}: http://52.13.174.6/sheeda/admin/json/syncAppAPI failed as it is not correct json response in content type 23{"message":"HTTP Error 401 - Unauthorized: Access is denied due to invalid credentials."}
{"package":"com.threed.fps.gun.ops.battle.shooting.game","store":"41","sdkVersionID":"2195","nativeApp":"1","sdkVersion":"2195","appVersionCode":"","appVersionName":"","appAdnetwork":[{"adID":"18","isAdavailable":"1"},{"adID":"56","isAdavailable":"1"},{"adID":"75","isAdavailable":"1"},{"adID":"26","isAdavailable":"1"},{"adID":"59","isAdavailable":"1"}],"userSignature":"a31265023c3eb8a0e11a55e1b57f3b30","gssdkVersion":"v8.4.1"}: Status code forbidden, internet connectivity not availablehttp://52.13.174.6/sheeda/admin/json/syncApp please check your internet connection 24
{"package":"com.threed.fps.gun.ops.battle.shooting.game","store":"41","sdkVersionID":"2195","nativeApp":"1","sdkVersion":"2195","appVersionCode":"","appVersionName":"","appAdnetwork":[{"adID":"18","isAdavailable":"1"},{"adID":"56","isAdavailable":"1"},{"adID":"75","isAdavailable":"1"},{"adID":"26","isAdavailable":"1"},{"adID":"59","isAdavailable":"1"}],"userSignature":"a31265023c3eb8a0e11a55e1b57f3b30","gssdkVersion":"v8.4.1"}: Status code not OK,http://52.13.174.6/sheeda/admin/json/syncApp API has failed at 24 Forbidden{"message":"HTTP Error 401 - Unauthorized: Access is denied due to invalid credentials."}
{"package":"com.threed.fps.gun.ops.battle.shooting.game","store":"41","sdkVersionID":"2195","nativeApp":"1","sdkVersion":"2195","appVersionCode":"","appVersionName":"","appAdnetwork":[{"adID":"18","isAdavailable":"1"},{"adID":"56","isAdavailable":"1"},{"adID":"75","isAdavailable":"1"},{"adID":"26","isAdavailable":"1"},{"adID":"59","isAdavailable":"1"}],"userSignature":"a31265023c3eb8a0e11a55e1b57f3b30","gssdkVersion":"v8.4.1"}: http://52.13.174.6/sheeda/admin/json/syncAppAPI failed as it is not correct json response in content type 24{"message":"HTTP Error 401 - Unauthorized: Access is denied due to invalid credentials."}
{"package":"com.playaction.us.army.cruise.ship.transport.jeep.game","store":"41","sdkVersionID":"2196","nativeApp":"1","sdkVersion":"2196","appVersionCode":"","appVersionName":"","appAdnetwork":[{"adID":"19","isAdavailable":"1"},{"adID":"57","isAdavailable":"1"},{"adID":"78","isAdavailable":"1"},{"adID":"32","isAdavailable":"1"},{"adID":"59","isAdavailable":"1"}],"userSignature":"a31265023c3eb8a0e11a55e1b57f3b30","gssdkVersion":"v8.4.1"}: Status code forbidden, internet connectivity not availablehttp://52.13.174.6/sheeda/admin/json/syncApp please check your internet connection 25
{"package":"com.playaction.us.army.cruise.ship.transport.jeep.game","store":"41","sdkVersionID":"2196","nativeApp":"1","sdkVersion":"2196","appVersionCode":"","appVersionName":"","appAdnetwork":[{"adID":"19","isAdavailable":"1"},{"adID":"57","isAdavailable":"1"},{"adID":"78","isAdavailable":"1"},{"adID":"32","isAdavailable":"1"},{"adID":"59","isAdavailable":"1"}],"userSignature":"a31265023c3eb8a0e11a55e1b57f3b30","gssdkVersion":"v8.4.1"}: Status code not OK,http://52.13.174.6/sheeda/admin/json/syncApp API has failed at 25 Forbidden{"message":"HTTP Error 401 - Unauthorized: Access is denied due to invalid credentials."}
{"package":"com.playaction.us.army.cruise.ship.transport.jeep.game","store":"41","sdkVersionID":"2196","nativeApp":"1","sdkVersion":"2196","appVersionCode":"","appVersionName":"","appAdnetwork":[{"adID":"19","isAdavailable":"1"},{"adID":"57","isAdavailable":"1"},{"adID":"78","isAdavailable":"1"},{"adID":"32","isAdavailable":"1"},{"adID":"59","isAdavailable":"1"}],"userSignature":"a31265023c3eb8a0e11a55e1b57f3b30","gssdkVersion":"v8.4.1"}: http://52.13.174.6/sheeda/admin/json/syncAppAPI failed as it is not correct json response in content type 25{"message":"HTTP Error 401 - Unauthorized: Access is denied due to invalid credentials."}
{"package":"com.deg.virtual.pregnant.mom.baby.care.family.game","store":"41","sdkVersionID":"2203","nativeApp":"1","sdkVersion":"2203","appVersionCode":"","appVersionName":"","appAdnetwork":[{"adID":"29","isAdavailable":"1"},{"adID":"68","isAdavailable":"1"},{"adID":"79","isAdavailable":"1"},{"adID":"34","isAdavailable":"1"},{"adID":"59","isAdavailable":"1"}],"userSignature":"a31265023c3eb8a0e11a55e1b57f3b30","gssdkVersion":"v9.1.1"}: Status code forbidden, internet connectivity not availablehttp://52.13.174.6/sheeda/admin/json/syncApp please check your internet connection 26
{"package":"com.deg.virtual.pregnant.mom.baby.care.family.game","store":"41","sdkVersionID":"2203","nativeApp":"1","sdkVersion":"2203","appVersionCode":"","appVersionName":"","appAdnetwork":[{"adID":"29","isAdavailable":"1"},{"adID":"68","isAdavailable":"1"},{"adID":"79","isAdavailable":"1"},{"adID":"34","isAdavailable":"1"},{"adID":"59","isAdavailable":"1"}],"userSignature":"a31265023c3eb8a0e11a55e1b57f3b30","gssdkVersion":"v9.1.1"}: Status code not OK,http://52.13.174.6/sheeda/admin/json/syncApp API has failed at 26 Forbidden{"message":"HTTP Error 401 - Unauthorized: Access is denied due to invalid credentials."}
{"package":"com.deg.virtual.pregnant.mom.baby.care.family.game","store":"41","sdkVersionID":"2203","nativeApp":"1","sdkVersion":"2203","appVersionCode":"","appVersionName":"","appAdnetwork":[{"adID":"29","isAdavailable":"1"},{"adID":"68","isAdavailable":"1"},{"adID":"79","isAdavailable":"1"},{"adID":"34","isAdavailable":"1"},{"adID":"59","isAdavailable":"1"}],"userSignature":"a31265023c3eb8a0e11a55e1b57f3b30","gssdkVersion":"v9.1.1"}: http://52.13.174.6/sheeda/admin/json/syncAppAPI failed as it is not correct json response in content type 26{"message":"HTTP Error 401 - Unauthorized: Access is denied due to invalid credentials."}
{"package":"B00EDTSKLU.com","store":"43","sdkVersionID":"2175","nativeApp":"1","sdkVersion":"2175","appVersionCode":"","appVersionName":"","appAdnetwork":[{"adID":"0","isAdavailable":"1"},{"adID":"28","isAdavailable":"1"},{"adID":"27","isAdavailable":"1"},{"adID":"4","isAdavailable":"1"},{"adID":"59","isAdavailable":"1"}],"userSignature":"a31265023c3eb8a0e11a55e1b57f3b30","gssdkVersion":"8.2.1"}: Status code forbidden, internet connectivity not availablehttp://52.13.174.6/sheeda/admin/json/syncApp please check your internet connection 27
{"package":"B00EDTSKLU.com","store":"43","sdkVersionID":"2175","nativeApp":"1","sdkVersion":"2175","appVersionCode":"","appVersionName":"","appAdnetwork":[{"adID":"0","isAdavailable":"1"},{"adID":"28","isAdavailable":"1"},{"adID":"27","isAdavailable":"1"},{"adID":"4","isAdavailable":"1"},{"adID":"59","isAdavailable":"1"}],"userSignature":"a31265023c3eb8a0e11a55e1b57f3b30","gssdkVersion":"8.2.1"}: Status code not OK,http://52.13.174.6/sheeda/admin/json/syncApp API has failed at 27 Forbidden{"message":"HTTP Error 401 - Unauthorized: Access is denied due to invalid credentials."}
{"package":"B00EDTSKLU.com","store":"43","sdkVersionID":"2175","nativeApp":"1","sdkVersion":"2175","appVersionCode":"","appVersionName":"","appAdnetwork":[{"adID":"0","isAdavailable":"1"},{"adID":"28","isAdavailable":"1"},{"adID":"27","isAdavailable":"1"},{"adID":"4","isAdavailable":"1"},{"adID":"59","isAdavailable":"1"}],"userSignature":"a31265023c3eb8a0e11a55e1b57f3b30","gssdkVersion":"8.2.1"}: http://52.13.174.6/sheeda/admin/json/syncAppAPI failed as it is not correct json response in content type 27{"message":"HTTP Error 401 - Unauthorized: Access is denied due to invalid credentials."}
{"package":"com.yhi.police.motorbike.city.cop.extreme.real.gangster.chase","store":"41","sdkVersionID":"2177","nativeApp":"1","sdkVersion":"2177","appVersionCode":"","appVersionName":"","appAdnetwork":[{"adID":"2","isAdavailable":"1"},{"adID":"42","isAdavailable":"1"},{"adID":"44","isAdavailable":"1"},{"adID":"15","isAdavailable":"1"},{"adID":"59","isAdavailable":"1"}],"userSignature":"a31265023c3eb8a0e11a55e1b57f3b30","gssdkVersion":"8.2.1"}: Status code forbidden, internet connectivity not availablehttp://52.13.174.6/sheeda/admin/json/syncApp please check your internet connection 28
{"package":"com.yhi.police.motorbike.city.cop.extreme.real.gangster.chase","store":"41","sdkVersionID":"2177","nativeApp":"1","sdkVersion":"2177","appVersionCode":"","appVersionName":"","appAdnetwork":[{"adID":"2","isAdavailable":"1"},{"adID":"42","isAdavailable":"1"},{"adID":"44","isAdavailable":"1"},{"adID":"15","isAdavailable":"1"},{"adID":"59","isAdavailable":"1"}],"userSignature":"a31265023c3eb8a0e11a55e1b57f3b30","gssdkVersion":"8.2.1"}: Status code not OK,http://52.13.174.6/sheeda/admin/json/syncApp API has failed at 28 Forbidden{"message":"HTTP Error 401 - Unauthorized: Access is denied due to invalid credentials."}
{"package":"com.yhi.police.motorbike.city.cop.extreme.real.gangster.chase","store":"41","sdkVersionID":"2177","nativeApp":"1","sdkVersion":"2177","appVersionCode":"","appVersionName":"","appAdnetwork":[{"adID":"2","isAdavailable":"1"},{"adID":"42","isAdavailable":"1"},{"adID":"44","isAdavailable":"1"},{"adID":"15","isAdavailable":"1"},{"adID":"59","isAdavailable":"1"}],"userSignature":"a31265023c3eb8a0e11a55e1b57f3b30","gssdkVersion":"8.2.1"}: http://52.13.174.6/sheeda/admin/json/syncAppAPI failed as it is not correct json response in content type 28{"message":"HTTP Error 401 - Unauthorized: Access is denied due to invalid credentials."}
{"package":"com.yhi.monster.truck.extreme.stunts.racing.simulator.game","store":"41","sdkVersionID":"2183","nativeApp":"1","sdkVersion":"2183","appVersionCode":"","appVersionName":"","appAdnetwork":[{"adID":"5","isAdavailable":"1"},{"adID":"43","isAdavailable":"1"},{"adID":"58","isAdavailable":"1"},{"adID":"20","isAdavailable":"1"},{"adID":"59","isAdavailable":"1"}],"userSignature":"a31265023c3eb8a0e11a55e1b57f3b30","gssdkVersion":"v8.2.1"}: Status code forbidden, internet connectivity not availablehttp://52.13.174.6/sheeda/admin/json/syncApp please check your internet connection 29
{"package":"com.yhi.monster.truck.extreme.stunts.racing.simulator.game","store":"41","sdkVersionID":"2183","nativeApp":"1","sdkVersion":"2183","appVersionCode":"","appVersionName":"","appAdnetwork":[{"adID":"5","isAdavailable":"1"},{"adID":"43","isAdavailable":"1"},{"adID":"58","isAdavailable":"1"},{"adID":"20","isAdavailable":"1"},{"adID":"59","isAdavailable":"1"}],"userSignature":"a31265023c3eb8a0e11a55e1b57f3b30","gssdkVersion":"v8.2.1"}: Status code not OK,http://52.13.174.6/sheeda/admin/json/syncApp API has failed at 29 Forbidden{"message":"HTTP Error 401 - Unauthorized: Access is denied due to invalid credentials."}
{"package":"com.yhi.monster.truck.extreme.stunts.racing.simulator.game","store":"41","sdkVersionID":"2183","nativeApp":"1","sdkVersion":"2183","appVersionCode":"","appVersionName":"","appAdnetwork":[{"adID":"5","isAdavailable":"1"},{"adID":"43","isAdavailable":"1"},{"adID":"58","isAdavailable":"1"},{"adID":"20","isAdavailable":"1"},{"adID":"59","isAdavailable":"1"}],"userSignature":"a31265023c3eb8a0e11a55e1b57f3b30","gssdkVersion":"v8.2.1"}: http://52.13.174.6/sheeda/admin/json/syncAppAPI failed as it is not correct json response in content type 29{"message":"HTTP Error 401 - Unauthorized: Access is denied due to invalid credentials."}
{"package":"com.yhi.robot.flying.bike.taxi.simulator.games","store":"41","sdkVersionID":"2184","nativeApp":"1","sdkVersion":"2184","appVersionCode":"","appVersionName":"","appAdnetwork":[{"adID":"7","isAdavailable":"1"},{"adID":"45","isAdavailable":"1"},{"adID":"63","isAdavailable":"1"},{"adID":"21","isAdavailable":"1"},{"adID":"59","isAdavailable":"1"}],"userSignature":"a31265023c3eb8a0e11a55e1b57f3b30","gssdkVersion":"v8.2.1"}: Status code forbidden, internet connectivity not availablehttp://52.13.174.6/sheeda/admin/json/syncApp please check your internet connection 30
{"package":"com.yhi.robot.flying.bike.taxi.simulator.games","store":"41","sdkVersionID":"2184","nativeApp":"1","sdkVersion":"2184","appVersionCode":"","appVersionName":"","appAdnetwork":[{"adID":"7","isAdavailable":"1"},{"adID":"45","isAdavailable":"1"},{"adID":"63","isAdavailable":"1"},{"adID":"21","isAdavailable":"1"},{"adID":"59","isAdavailable":"1"}],"userSignature":"a31265023c3eb8a0e11a55e1b57f3b30","gssdkVersion":"v8.2.1"}: Status code not OK,http://52.13.174.6/sheeda/admin/json/syncApp API has failed at 30 Forbidden{"message":"HTTP Error 401 - Unauthorized: Access is denied due to invalid credentials."}
{"package":"com.yhi.robot.flying.bike.taxi.simulator.games","store":"41","sdkVersionID":"2184","nativeApp":"1","sdkVersion":"2184","appVersionCode":"","appVersionName":"","appAdnetwork":[{"adID":"7","isAdavailable":"1"},{"adID":"45","isAdavailable":"1"},{"adID":"63","isAdavailable":"1"},{"adID":"21","isAdavailable":"1"},{"adID":"59","isAdavailable":"1"}],"userSignature":"a31265023c3eb8a0e11a55e1b57f3b30","gssdkVersion":"v8.2.1"}: http://52.13.174.6/sheeda/admin/json/syncAppAPI failed as it is not correct json response in content type 30{"message":"HTTP Error 401 - Unauthorized: Access is denied due to invalid credentials."}
{"package":"com.threed.legend.real.cover.strike.fire.battleground.shooting.game","store":"41","sdkVersionID":"2189","nativeApp":"1","sdkVersion":"2189","appVersionCode":"","appVersionName":"","appAdnetwork":[{"adID":"8","isAdavailable":"1"},{"adID":"49","isAdavailable":"1"},{"adID":"69","isAdavailable":"1"},{"adID":"24","isAdavailable":"1"},{"adID":"59","isAdavailable":"1"}],"userSignature":"a31265023c3eb8a0e11a55e1b57f3b30","gssdkVersion":"v8.3.1"}: Status code forbidden, internet connectivity not availablehttp://52.13.174.6/sheeda/admin/json/syncApp please check your internet connection 31
{"package":"com.threed.legend.real.cover.strike.fire.battleground.shooting.game","store":"41","sdkVersionID":"2189","nativeApp":"1","sdkVersion":"2189","appVersionCode":"","appVersionName":"","appAdnetwork":[{"adID":"8","isAdavailable":"1"},{"adID":"49","isAdavailable":"1"},{"adID":"69","isAdavailable":"1"},{"adID":"24","isAdavailable":"1"},{"adID":"59","isAdavailable":"1"}],"userSignature":"a31265023c3eb8a0e11a55e1b57f3b30","gssdkVersion":"v8.3.1"}: Status code not OK,http://52.13.174.6/sheeda/admin/json/syncApp API has failed at 31 Forbidden{"message":"HTTP Error 401 - Unauthorized: Access is denied due to invalid credentials."}
{"package":"com.threed.legend.real.cover.strike.fire.battleground.shooting.game","store":"41","sdkVersionID":"2189","nativeApp":"1","sdkVersion":"2189","appVersionCode":"","appVersionName":"","appAdnetwork":[{"adID":"8","isAdavailable":"1"},{"adID":"49","isAdavailable":"1"},{"adID":"69","isAdavailable":"1"},{"adID":"24","isAdavailable":"1"},{"adID":"59","isAdavailable":"1"}],"userSignature":"a31265023c3eb8a0e11a55e1b57f3b30","gssdkVersion":"v8.3.1"}: http://52.13.174.6/sheeda/admin/json/syncAppAPI failed as it is not correct json response in content type 31{"message":"HTTP Error 401 - Unauthorized: Access is denied due to invalid credentials."}
{"package":"com.callapp.contacts7","store":"41","sdkVersionID":"2190","nativeApp":"1","sdkVersion":"2190","appVersionCode":"","appVersionName":"","appAdnetwork":[{"adID":"12","isAdavailable":"1"},{"adID":"53","isAdavailable":"1"},{"adID":"74","isAdavailable":"1"},{"adID":"25","isAdavailable":"1"},{"adID":"59","isAdavailable":"1"}],"userSignature":"a31265023c3eb8a0e11a55e1b57f3b30","gssdkVersion":"v8.3.1"}: Status code forbidden, internet connectivity not availablehttp://52.13.174.6/sheeda/admin/json/syncApp please check your internet connection 32
{"package":"com.callapp.contacts7","store":"41","sdkVersionID":"2190","nativeApp":"1","sdkVersion":"2190","appVersionCode":"","appVersionName":"","appAdnetwork":[{"adID":"12","isAdavailable":"1"},{"adID":"53","isAdavailable":"1"},{"adID":"74","isAdavailable":"1"},{"adID":"25","isAdavailable":"1"},{"adID":"59","isAdavailable":"1"}],"userSignature":"a31265023c3eb8a0e11a55e1b57f3b30","gssdkVersion":"v8.3.1"}: Status code not OK,http://52.13.174.6/sheeda/admin/json/syncApp API has failed at 32 Forbidden{"message":"HTTP Error 401 - Unauthorized: Access is denied due to invalid credentials."}
{"package":"com.callapp.contacts7","store":"41","sdkVersionID":"2190","nativeApp":"1","sdkVersion":"2190","appVersionCode":"","appVersionName":"","appAdnetwork":[{"adID":"12","isAdavailable":"1"},{"adID":"53","isAdavailable":"1"},{"adID":"74","isAdavailable":"1"},{"adID":"25","isAdavailable":"1"},{"adID":"59","isAdavailable":"1"}],"userSignature":"a31265023c3eb8a0e11a55e1b57f3b30","gssdkVersion":"v8.3.1"}: http://52.13.174.6/sheeda/admin/json/syncAppAPI failed as it is not correct json response in content type 32{"message":"HTTP Error 401 - Unauthorized: Access is denied due to invalid credentials."}
{"package":"com.yhi.wild.dinosaur.animal.family.survival.simulator.game","store":"41","sdkVersionID":"2195","nativeApp":"1","sdkVersion":"2195","appVersionCode":"","appVersionName":"","appAdnetwork":[{"adID":"18","isAdavailable":"1"},{"adID":"56","isAdavailable":"1"},{"adID":"75","isAdavailable":"1"},{"adID":"26","isAdavailable":"1"},{"adID":"59","isAdavailable":"1"}],"userSignature":"a31265023c3eb8a0e11a55e1b57f3b30","gssdkVersion":"v8.4.1"}: Status code forbidden, internet connectivity not availablehttp://52.13.174.6/sheeda/admin/json/syncApp please check your internet connection 33
{"package":"com.yhi.wild.dinosaur.animal.family.survival.simulator.game","store":"41","sdkVersionID":"2195","nativeApp":"1","sdkVersion":"2195","appVersionCode":"","appVersionName":"","appAdnetwork":[{"adID":"18","isAdavailable":"1"},{"adID":"56","isAdavailable":"1"},{"adID":"75","isAdavailable":"1"},{"adID":"26","isAdavailable":"1"},{"adID":"59","isAdavailable":"1"}],"userSignature":"a31265023c3eb8a0e11a55e1b57f3b30","gssdkVersion":"v8.4.1"}: Status code not OK,http://52.13.174.6/sheeda/admin/json/syncApp API has failed at 33 Forbidden{"message":"HTTP Error 401 - Unauthorized: Access is denied due to invalid credentials."}
{"package":"com.yhi.wild.dinosaur.animal.family.survival.simulator.game","store":"41","sdkVersionID":"2195","nativeApp":"1","sdkVersion":"2195","appVersionCode":"","appVersionName":"","appAdnetwork":[{"adID":"18","isAdavailable":"1"},{"adID":"56","isAdavailable":"1"},{"adID":"75","isAdavailable":"1"},{"adID":"26","isAdavailable":"1"},{"adID":"59","isAdavailable":"1"}],"userSignature":"a31265023c3eb8a0e11a55e1b57f3b30","gssdkVersion":"v8.4.1"}: http://52.13.174.6/sheeda/admin/json/syncAppAPI failed as it is not correct json response in content type 33{"message":"HTTP Error 401 - Unauthorized: Access is denied due to invalid credentials."}
{"package":"com.contextlogic.geek","store":"41","sdkVersionID":"2196","nativeApp":"1","sdkVersion":"2196","appVersionCode":"","appVersionName":"","appAdnetwork":[{"adID":"19","isAdavailable":"1"},{"adID":"57","isAdavailable":"1"},{"adID":"78","isAdavailable":"1"},{"adID":"32","isAdavailable":"1"},{"adID":"59","isAdavailable":"1"}],"userSignature":"a31265023c3eb8a0e11a55e1b57f3b30","gssdkVersion":"v8.4.1"}: Status code forbidden, internet connectivity not availablehttp://52.13.174.6/sheeda/admin/json/syncApp please check your internet connection 34
{"package":"com.contextlogic.geek","store":"41","sdkVersionID":"2196","nativeApp":"1","sdkVersion":"2196","appVersionCode":"","appVersionName":"","appAdnetwork":[{"adID":"19","isAdavailable":"1"},{"adID":"57","isAdavailable":"1"},{"adID":"78","isAdavailable":"1"},{"adID":"32","isAdavailable":"1"},{"adID":"59","isAdavailable":"1"}],"userSignature":"a31265023c3eb8a0e11a55e1b57f3b30","gssdkVersion":"v8.4.1"}: Status code not OK,http://52.13.174.6/sheeda/admin/json/syncApp API has failed at 34 Forbidden{"message":"HTTP Error 401 - Unauthorized: Access is denied due to invalid credentials."}
{"package":"com.contextlogic.geek","store":"41","sdkVersionID":"2196","nativeApp":"1","sdkVersion":"2196","appVersionCode":"","appVersionName":"","appAdnetwork":[{"adID":"19","isAdavailable":"1"},{"adID":"57","isAdavailable":"1"},{"adID":"78","isAdavailable":"1"},{"adID":"32","isAdavailable":"1"},{"adID":"59","isAdavailable":"1"}],"userSignature":"a31265023c3eb8a0e11a55e1b57f3b30","gssdkVersion":"v8.4.1"}: http://52.13.174.6/sheeda/admin/json/syncAppAPI failed as it is not correct json response in content type 34{"message":"HTTP Error 401 - Unauthorized: Access is denied due to invalid credentials."}
{"package":"com.deg.ultimate.gorilla.robot.transform.city.rampage","store":"41","sdkVersionID":"2203","nativeApp":"1","sdkVersion":"2203","appVersionCode":"","appVersionName":"","appAdnetwork":[{"adID":"29","isAdavailable":"1"},{"adID":"68","isAdavailable":"1"},{"adID":"79","isAdavailable":"1"},{"adID":"34","isAdavailable":"1"},{"adID":"59","isAdavailable":"1"}],"userSignature":"a31265023c3eb8a0e11a55e1b57f3b30","gssdkVersion":"v9.1.1"}: Status code forbidden, internet connectivity not availablehttp://52.13.174.6/sheeda/admin/json/syncApp please check your internet connection 35
{"package":"com.deg.ultimate.gorilla.robot.transform.city.rampage","store":"41","sdkVersionID":"2203","nativeApp":"1","sdkVersion":"2203","appVersionCode":"","appVersionName":"","appAdnetwork":[{"adID":"29","isAdavailable":"1"},{"adID":"68","isAdavailable":"1"},{"adID":"79","isAdavailable":"1"},{"adID":"34","isAdavailable":"1"},{"adID":"59","isAdavailable":"1"}],"userSignature":"a31265023c3eb8a0e11a55e1b57f3b30","gssdkVersion":"v9.1.1"}: Status code not OK,http://52.13.174.6/sheeda/admin/json/syncApp API has failed at 35 Forbidden{"message":"HTTP Error 401 - Unauthorized: Access is denied due to invalid credentials."}
{"package":"com.deg.ultimate.gorilla.robot.transform.city.rampage","store":"41","sdkVersionID":"2203","nativeApp":"1","sdkVersion":"2203","appVersionCode":"","appVersionName":"","appAdnetwork":[{"adID":"29","isAdavailable":"1"},{"adID":"68","isAdavailable":"1"},{"adID":"79","isAdavailable":"1"},{"adID":"34","isAdavailable":"1"},{"adID":"59","isAdavailable":"1"}],"userSignature":"a31265023c3eb8a0e11a55e1b57f3b30","gssdkVersion":"v9.1.1"}: http://52.13.174.6/sheeda/admin/json/syncAppAPI failed as it is not correct json response in content type 35{"message":"HTTP Error 401 - Unauthorized: Access is denied due to invalid credentials."}
{"package":"com.holucent.math","store":"41","sdkVersionID":"2175","nativeApp":"1","sdkVersion":"2175","appVersionCode":"2","appVersionName":"2.2","appAdnetwork":[{"adID":"0","isAdavailable":"1"},{"adID":"28","isAdavailable":"1"},{"adID":"27","isAdavailable":"1"},{"adID":"4","isAdavailable":"1"},{"adID":"59","isAdavailable":"1"}],"userSignature":"a31265023c3eb8a0e11a55e1b57f3b30","gssdkVersion":"8.2.1"}: Status code forbidden, internet connectivity not availablehttp://52.13.174.6/sheeda/admin/json/syncApp please check your internet connection 36
{"package":"com.holucent.math","store":"41","sdkVersionID":"2175","nativeApp":"1","sdkVersion":"2175","appVersionCode":"2","appVersionName":"2.2","appAdnetwork":[{"adID":"0","isAdavailable":"1"},{"adID":"28","isAdavailable":"1"},{"adID":"27","isAdavailable":"1"},{"adID":"4","isAdavailable":"1"},{"adID":"59","isAdavailable":"1"}],"userSignature":"a31265023c3eb8a0e11a55e1b57f3b30","gssdkVersion":"8.2.1"}: Status code not OK,http://52.13.174.6/sheeda/admin/json/syncApp API has failed at 36 Forbidden{"message":"HTTP Error 401 - Unauthorized: Access is denied due to invalid credentials."}
{"package":"com.holucent.math","store":"41","sdkVersionID":"2175","nativeApp":"1","sdkVersion":"2175","appVersionCode":"2","appVersionName":"2.2","appAdnetwork":[{"adID":"0","isAdavailable":"1"},{"adID":"28","isAdavailable":"1"},{"adID":"27","isAdavailable":"1"},{"adID":"4","isAdavailable":"1"},{"adID":"59","isAdavailable":"1"}],"userSignature":"a31265023c3eb8a0e11a55e1b57f3b30","gssdkVersion":"8.2.1"}: http://52.13.174.6/sheeda/admin/json/syncAppAPI failed as it is not correct json response in content type 36{"message":"HTTP Error 401 - Unauthorized: Access is denied due to invalid credentials."}
{"package":"com.yhi.street.city.mafia.gangster.thug.crime.shooting.simulator.game","store":"41","sdkVersionID":"2177","nativeApp":"1","sdkVersion":"2177","appVersionCode":"","appVersionName":"","appAdnetwork":[{"adID":"2","isAdavailable":"1"},{"adID":"42","isAdavailable":"1"},{"adID":"44","isAdavailable":"1"},{"adID":"15","isAdavailable":"1"},{"adID":"59","isAdavailable":"1"}],"userSignature":"a31265023c3eb8a0e11a55e1b57f3b30","gssdkVersion":"8.2.1"}: Status code forbidden, internet connectivity not availablehttp://52.13.174.6/sheeda/admin/json/syncApp please check your internet connection 37
{"package":"com.yhi.street.city.mafia.gangster.thug.crime.shooting.simulator.game","store":"41","sdkVersionID":"2177","nativeApp":"1","sdkVersion":"2177","appVersionCode":"","appVersionName":"","appAdnetwork":[{"adID":"2","isAdavailable":"1"},{"adID":"42","isAdavailable":"1"},{"adID":"44","isAdavailable":"1"},{"adID":"15","isAdavailable":"1"},{"adID":"59","isAdavailable":"1"}],"userSignature":"a31265023c3eb8a0e11a55e1b57f3b30","gssdkVersion":"8.2.1"}: Status code not OK,http://52.13.174.6/sheeda/admin/json/syncApp API has failed at 37 Forbidden{"message":"HTTP Error 401 - Unauthorized: Access is denied due to invalid credentials."}
{"package":"com.yhi.street.city.mafia.gangster.thug.crime.shooting.simulator.game","store":"41","sdkVersionID":"2177","nativeApp":"1","sdkVersion":"2177","appVersionCode":"","appVersionName":"","appAdnetwork":[{"adID":"2","isAdavailable":"1"},{"adID":"42","isAdavailable":"1"},{"adID":"44","isAdavailable":"1"},{"adID":"15","isAdavailable":"1"},{"adID":"59","isAdavailable":"1"}],"userSignature":"a31265023c3eb8a0e11a55e1b57f3b30","gssdkVersion":"8.2.1"}: http://52.13.174.6/sheeda/admin/json/syncAppAPI failed as it is not correct json response in content type 37{"message":"HTTP Error 401 - Unauthorized: Access is denied due to invalid credentials."}
{"package":"com.apple.clips","store":"42","sdkVersionID":"2183","nativeApp":"1","sdkVersion":"2183","appVersionCode":"","appVersionName":"","appAdnetwork":[{"adID":"5","isAdavailable":"1"},{"adID":"43","isAdavailable":"1"},{"adID":"58","isAdavailable":"1"},{"adID":"20","isAdavailable":"1"},{"adID":"59","isAdavailable":"1"}],"userSignature":"a31265023c3eb8a0e11a55e1b57f3b30","gssdkVersion":"v8.2.1"}: Status code forbidden, internet connectivity not availablehttp://52.13.174.6/sheeda/admin/json/syncApp please check your internet connection 38
{"package":"com.apple.clips","store":"42","sdkVersionID":"2183","nativeApp":"1","sdkVersion":"2183","appVersionCode":"","appVersionName":"","appAdnetwork":[{"adID":"5","isAdavailable":"1"},{"adID":"43","isAdavailable":"1"},{"adID":"58","isAdavailable":"1"},{"adID":"20","isAdavailable":"1"},{"adID":"59","isAdavailable":"1"}],"userSignature":"a31265023c3eb8a0e11a55e1b57f3b30","gssdkVersion":"v8.2.1"}: Status code not OK,http://52.13.174.6/sheeda/admin/json/syncApp API has failed at 38 Forbidden{"message":"HTTP Error 401 - Unauthorized: Access is denied due to invalid credentials."}
{"package":"com.apple.clips","store":"42","sdkVersionID":"2183","nativeApp":"1","sdkVersion":"2183","appVersionCode":"","appVersionName":"","appAdnetwork":[{"adID":"5","isAdavailable":"1"},{"adID":"43","isAdavailable":"1"},{"adID":"58","isAdavailable":"1"},{"adID":"20","isAdavailable":"1"},{"adID":"59","isAdavailable":"1"}],"userSignature":"a31265023c3eb8a0e11a55e1b57f3b30","gssdkVersion":"v8.2.1"}: http://52.13.174.6/sheeda/admin/json/syncAppAPI failed as it is not correct json response in content type 38{"message":"HTTP Error 401 - Unauthorized: Access is denied due to invalid credentials."}
{"package":"com.threed.counter.fps.attack.battleground.team.shooting.game","store":"41","sdkVersionID":"2184","nativeApp":"1","sdkVersion":"2184","appVersionCode":"","appVersionName":"","appAdnetwork":[{"adID":"7","isAdavailable":"1"},{"adID":"45","isAdavailable":"1"},{"adID":"63","isAdavailable":"1"},{"adID":"21","isAdavailable":"1"},{"adID":"59","isAdavailable":"1"}],"userSignature":"a31265023c3eb8a0e11a55e1b57f3b30","gssdkVersion":"v8.2.1"}: Status code forbidden, internet connectivity not availablehttp://52.13.174.6/sheeda/admin/json/syncApp please check your internet connection 39
{"package":"com.threed.counter.fps.attack.battleground.team.shooting.game","store":"41","sdkVersionID":"2184","nativeApp":"1","sdkVersion":"2184","appVersionCode":"","appVersionName":"","appAdnetwork":[{"adID":"7","isAdavailable":"1"},{"adID":"45","isAdavailable":"1"},{"adID":"63","isAdavailable":"1"},{"adID":"21","isAdavailable":"1"},{"adID":"59","isAdavailable":"1"}],"userSignature":"a31265023c3eb8a0e11a55e1b57f3b30","gssdkVersion":"v8.2.1"}: Status code not OK,http://52.13.174.6/sheeda/admin/json/syncApp API has failed at 39 Forbidden{"message":"HTTP Error 401 - Unauthorized: Access is denied due to invalid credentials."}
{"package":"com.threed.counter.fps.attack.battleground.team.shooting.game","store":"41","sdkVersionID":"2184","nativeApp":"1","sdkVersion":"2184","appVersionCode":"","appVersionName":"","appAdnetwork":[{"adID":"7","isAdavailable":"1"},{"adID":"45","isAdavailable":"1"},{"adID":"63","isAdavailable":"1"},{"adID":"21","isAdavailable":"1"},{"adID":"59","isAdavailable":"1"}],"userSignature":"a31265023c3eb8a0e11a55e1b57f3b30","gssdkVersion":"v8.2.1"}: http://52.13.174.6/sheeda/admin/json/syncAppAPI failed as it is not correct json response in content type 39{"message":"HTTP Error 401 - Unauthorized: Access is denied due to invalid credentials."}
{"package":"com.playink.idfacrashfix","store":"42","sdkVersionID":"2189","nativeApp":"1","sdkVersion":"2189","appVersionCode":"1","appVersionName":"1.0","appAdnetwork":[{"adID":"8","isAdavailable":"1"},{"adID":"49","isAdavailable":"1"},{"adID":"69","isAdavailable":"1"},{"adID":"24","isAdavailable":"1"},{"adID":"59","isAdavailable":"1"}],"userSignature":"a31265023c3eb8a0e11a55e1b57f3b30","gssdkVersion":"v8.3.1"}: Status code forbidden, internet connectivity not availablehttp://52.13.174.6/sheeda/admin/json/syncApp please check your internet connection 40
{"package":"com.playink.idfacrashfix","store":"42","sdkVersionID":"2189","nativeApp":"1","sdkVersion":"2189","appVersionCode":"1","appVersionName":"1.0","appAdnetwork":[{"adID":"8","isAdavailable":"1"},{"adID":"49","isAdavailable":"1"},{"adID":"69","isAdavailable":"1"},{"adID":"24","isAdavailable":"1"},{"adID":"59","isAdavailable":"1"}],"userSignature":"a31265023c3eb8a0e11a55e1b57f3b30","gssdkVersion":"v8.3.1"}: Status code not OK,http://52.13.174.6/sheeda/admin/json/syncApp API has failed at 40 Forbidden{"message":"HTTP Error 401 - Unauthorized: Access is denied due to invalid credentials."}
{"package":"com.playink.idfacrashfix","store":"42","sdkVersionID":"2189","nativeApp":"1","sdkVersion":"2189","appVersionCode":"1","appVersionName":"1.0","appAdnetwork":[{"adID":"8","isAdavailable":"1"},{"adID":"49","isAdavailable":"1"},{"adID":"69","isAdavailable":"1"},{"adID":"24","isAdavailable":"1"},{"adID":"59","isAdavailable":"1"}],"userSignature":"a31265023c3eb8a0e11a55e1b57f3b30","gssdkVersion":"v8.3.1"}: http://52.13.174.6/sheeda/admin/json/syncAppAPI failed as it is not correct json response in content type 40{"message":"HTTP Error 401 - Unauthorized: Access is denied due to invalid credentials."}
{"package":"com.yhi.offroad.camper.van.cruiser.truck.driving.simulator","store":"41","sdkVersionID":"2190","nativeApp":"1","sdkVersion":"2190","appVersionCode":"","appVersionName":"","appAdnetwork":[{"adID":"12","isAdavailable":"1"},{"adID":"53","isAdavailable":"1"},{"adID":"74","isAdavailable":"1"},{"adID":"25","isAdavailable":"1"},{"adID":"59","isAdavailable":"1"}],"userSignature":"a31265023c3eb8a0e11a55e1b57f3b30","gssdkVersion":"v8.3.1"}: Status code forbidden, internet connectivity not availablehttp://52.13.174.6/sheeda/admin/json/syncApp please check your internet connection 41
{"package":"com.yhi.offroad.camper.van.cruiser.truck.driving.simulator","store":"41","sdkVersionID":"2190","nativeApp":"1","sdkVersion":"2190","appVersionCode":"","appVersionName":"","appAdnetwork":[{"adID":"12","isAdavailable":"1"},{"adID":"53","isAdavailable":"1"},{"adID":"74","isAdavailable":"1"},{"adID":"25","isAdavailable":"1"},{"adID":"59","isAdavailable":"1"}],"userSignature":"a31265023c3eb8a0e11a55e1b57f3b30","gssdkVersion":"v8.3.1"}: Status code not OK,http://52.13.174.6/sheeda/admin/json/syncApp API has failed at 41 Forbidden{"message":"HTTP Error 401 - Unauthorized: Access is denied due to invalid credentials."}
{"package":"com.yhi.offroad.camper.van.cruiser.truck.driving.simulator","store":"41","sdkVersionID":"2190","nativeApp":"1","sdkVersion":"2190","appVersionCode":"","appVersionName":"","appAdnetwork":[{"adID":"12","isAdavailable":"1"},{"adID":"53","isAdavailable":"1"},{"adID":"74","isAdavailable":"1"},{"adID":"25","isAdavailable":"1"},{"adID":"59","isAdavailable":"1"}],"userSignature":"a31265023c3eb8a0e11a55e1b57f3b30","gssdkVersion":"v8.3.1"}: http://52.13.174.6/sheeda/admin/json/syncAppAPI failed as it is not correct json response in content type 41{"message":"HTTP Error 401 - Unauthorized: Access is denied due to invalid credentials."}
{"package":"com.devon-technologies.thinktogo","store":"42","sdkVersionID":"2195","nativeApp":"1","sdkVersion":"2195","appVersionCode":"","appVersionName":"","appAdnetwork":[{"adID":"18","isAdavailable":"1"},{"adID":"56","isAdavailable":"1"},{"adID":"75","isAdavailable":"1"},{"adID":"26","isAdavailable":"1"},{"adID":"59","isAdavailable":"1"}],"userSignature":"a31265023c3eb8a0e11a55e1b57f3b30","gssdkVersion":"v8.4.1"}: Status code forbidden, internet connectivity not availablehttp://52.13.174.6/sheeda/admin/json/syncApp please check your internet connection 42
{"package":"com.devon-technologies.thinktogo","store":"42","sdkVersionID":"2195","nativeApp":"1","sdkVersion":"2195","appVersionCode":"","appVersionName":"","appAdnetwork":[{"adID":"18","isAdavailable":"1"},{"adID":"56","isAdavailable":"1"},{"adID":"75","isAdavailable":"1"},{"adID":"26","isAdavailable":"1"},{"adID":"59","isAdavailable":"1"}],"userSignature":"a31265023c3eb8a0e11a55e1b57f3b30","gssdkVersion":"v8.4.1"}: Status code not OK,http://52.13.174.6/sheeda/admin/json/syncApp API has failed at 42 Forbidden{"message":"HTTP Error 401 - Unauthorized: Access is denied due to invalid credentials."}
{"package":"com.devon-technologies.thinktogo","store":"42","sdkVersionID":"2195","nativeApp":"1","sdkVersion":"2195","appVersionCode":"","appVersionName":"","appAdnetwork":[{"adID":"18","isAdavailable":"1"},{"adID":"56","isAdavailable":"1"},{"adID":"75","isAdavailable":"1"},{"adID":"26","isAdavailable":"1"},{"adID":"59","isAdavailable":"1"}],"userSignature":"a31265023c3eb8a0e11a55e1b57f3b30","gssdkVersion":"v8.4.1"}: http://52.13.174.6/sheeda/admin/json/syncAppAPI failed as it is not correct json response in content type 42{"message":"HTTP Error 401 - Unauthorized: Access is denied due to invalid credentials."}
{"package":"com.g247.flying.jetski.robot.shooting.games","store":"41","sdkVersionID":"2196","nativeApp":"1","sdkVersion":"2196","appVersionCode":"","appVersionName":"","appAdnetwork":[{"adID":"19","isAdavailable":"1"},{"adID":"57","isAdavailable":"1"},{"adID":"78","isAdavailable":"1"},{"adID":"32","isAdavailable":"1"},{"adID":"59","isAdavailable":"1"}],"userSignature":"a31265023c3eb8a0e11a55e1b57f3b30","gssdkVersion":"v8.4.1"}: Status code forbidden, internet connectivity not availablehttp://52.13.174.6/sheeda/admin/json/syncApp please check your internet connection 43
{"package":"com.g247.flying.jetski.robot.shooting.games","store":"41","sdkVersionID":"2196","nativeApp":"1","sdkVersion":"2196","appVersionCode":"","appVersionName":"","appAdnetwork":[{"adID":"19","isAdavailable":"1"},{"adID":"57","isAdavailable":"1"},{"adID":"78","isAdavailable":"1"},{"adID":"32","isAdavailable":"1"},{"adID":"59","isAdavailable":"1"}],"userSignature":"a31265023c3eb8a0e11a55e1b57f3b30","gssdkVersion":"v8.4.1"}: Status code not OK,http://52.13.174.6/sheeda/admin/json/syncApp API has failed at 43 Forbidden{"message":"HTTP Error 401 - Unauthorized: Access is denied due to invalid credentials."}
{"package":"com.g247.flying.jetski.robot.shooting.games","store":"41","sdkVersionID":"2196","nativeApp":"1","sdkVersion":"2196","appVersionCode":"","appVersionName":"","appAdnetwork":[{"adID":"19","isAdavailable":"1"},{"adID":"57","isAdavailable":"1"},{"adID":"78","isAdavailable":"1"},{"adID":"32","isAdavailable":"1"},{"adID":"59","isAdavailable":"1"}],"userSignature":"a31265023c3eb8a0e11a55e1b57f3b30","gssdkVersion":"v8.4.1"}: http://52.13.174.6/sheeda/admin/json/syncAppAPI failed as it is not correct json response in content type 43{"message":"HTTP Error 401 - Unauthorized: Access is denied due to invalid credentials."}
{"package":"com.sx.bumper.cars.racing.crash.extreme.reckless.game","store":"41","sdkVersionID":"2203","nativeApp":"1","sdkVersion":"2203","appVersionCode":"","appVersionName":"","appAdnetwork":[{"adID":"29","isAdavailable":"1"},{"adID":"68","isAdavailable":"1"},{"adID":"79","isAdavailable":"1"},{"adID":"34","isAdavailable":"1"},{"adID":"59","isAdavailable":"1"}],"userSignature":"a31265023c3eb8a0e11a55e1b57f3b30","gssdkVersion":"v9.1.1"}: Status code forbidden, internet connectivity not availablehttp://52.13.174.6/sheeda/admin/json/syncApp please check your internet connection 44
{"package":"com.sx.bumper.cars.racing.crash.extreme.reckless.game","store":"41","sdkVersionID":"2203","nativeApp":"1","sdkVersion":"2203","appVersionCode":"","appVersionName":"","appAdnetwork":[{"adID":"29","isAdavailable":"1"},{"adID":"68","isAdavailable":"1"},{"adID":"79","isAdavailable":"1"},{"adID":"34","isAdavailable":"1"},{"adID":"59","isAdavailable":"1"}],"userSignature":"a31265023c3eb8a0e11a55e1b57f3b30","gssdkVersion":"v9.1.1"}: Status code not OK,http://52.13.174.6/sheeda/admin/json/syncApp API has failed at 44 Forbidden{"message":"HTTP Error 401 - Unauthorized: Access is denied due to invalid credentials."}
{"package":"com.sx.bumper.cars.racing.crash.extreme.reckless.game","store":"41","sdkVersionID":"2203","nativeApp":"1","sdkVersion":"2203","appVersionCode":"","appVersionName":"","appAdnetwork":[{"adID":"29","isAdavailable":"1"},{"adID":"68","isAdavailable":"1"},{"adID":"79","isAdavailable":"1"},{"adID":"34","isAdavailable":"1"},{"adID":"59","isAdavailable":"1"}],"userSignature":"a31265023c3eb8a0e11a55e1b57f3b30","gssdkVersion":"v9.1.1"}: http://52.13.174.6/sheeda/admin/json/syncAppAPI failed as it is not correct json response in content type 44{"message":"HTTP Error 401 - Unauthorized: Access is denied due to invalid credentials."}
{"package":"com.grailr.CARROTweather","store":"42","sdkVersionID":"2175","nativeApp":"1","sdkVersion":"2175","appVersionCode":"","appVersionName":"","appAdnetwork":[{"adID":"0","isAdavailable":"1"},{"adID":"28","isAdavailable":"1"},{"adID":"27","isAdavailable":"1"},{"adID":"4","isAdavailable":"1"},{"adID":"59","isAdavailable":"1"}],"userSignature":"a31265023c3eb8a0e11a55e1b57f3b30","gssdkVersion":"8.2.1"}: Status code forbidden, internet connectivity not availablehttp://52.13.174.6/sheeda/admin/json/syncApp please check your internet connection 45
{"package":"com.grailr.CARROTweather","store":"42","sdkVersionID":"2175","nativeApp":"1","sdkVersion":"2175","appVersionCode":"","appVersionName":"","appAdnetwork":[{"adID":"0","isAdavailable":"1"},{"adID":"28","isAdavailable":"1"},{"adID":"27","isAdavailable":"1"},{"adID":"4","isAdavailable":"1"},{"adID":"59","isAdavailable":"1"}],"userSignature":"a31265023c3eb8a0e11a55e1b57f3b30","gssdkVersion":"8.2.1"}: Status code not OK,http://52.13.174.6/sheeda/admin/json/syncApp API has failed at 45 Forbidden{"message":"HTTP Error 401 - Unauthorized: Access is denied due to invalid credentials."}
{"package":"com.grailr.CARROTweather","store":"42","sdkVersionID":"2175","nativeApp":"1","sdkVersion":"2175","appVersionCode":"","appVersionName":"","appAdnetwork":[{"adID":"0","isAdavailable":"1"},{"adID":"28","isAdavailable":"1"},{"adID":"27","isAdavailable":"1"},{"adID":"4","isAdavailable":"1"},{"adID":"59","isAdavailable":"1"}],"userSignature":"a31265023c3eb8a0e11a55e1b57f3b30","gssdkVersion":"8.2.1"}: http://52.13.174.6/sheeda/admin/json/syncAppAPI failed as it is not correct json response in content type 45{"message":"HTTP Error 401 - Unauthorized: Access is denied due to invalid credentials."}
{"package":"com.g247.grand.gangster.city.simulator","store":"41","sdkVersionID":"2177","nativeApp":"1","sdkVersion":"2177","appVersionCode":"","appVersionName":"","appAdnetwork":[{"adID":"2","isAdavailable":"1"},{"adID":"42","isAdavailable":"1"},{"adID":"44","isAdavailable":"1"},{"adID":"15","isAdavailable":"1"},{"adID":"59","isAdavailable":"1"}],"userSignature":"a31265023c3eb8a0e11a55e1b57f3b30","gssdkVersion":"8.2.1"}: Status code forbidden, internet connectivity not availablehttp://52.13.174.6/sheeda/admin/json/syncApp please check your internet connection 46
{"package":"com.g247.grand.gangster.city.simulator","store":"41","sdkVersionID":"2177","nativeApp":"1","sdkVersion":"2177","appVersionCode":"","appVersionName":"","appAdnetwork":[{"adID":"2","isAdavailable":"1"},{"adID":"42","isAdavailable":"1"},{"adID":"44","isAdavailable":"1"},{"adID":"15","isAdavailable":"1"},{"adID":"59","isAdavailable":"1"}],"userSignature":"a31265023c3eb8a0e11a55e1b57f3b30","gssdkVersion":"8.2.1"}: Status code not OK,http://52.13.174.6/sheeda/admin/json/syncApp API has failed at 46 Forbidden{"message":"HTTP Error 401 - Unauthorized: Access is denied due to invalid credentials."}
{"package":"com.g247.grand.gangster.city.simulator","store":"41","sdkVersionID":"2177","nativeApp":"1","sdkVersion":"2177","appVersionCode":"","appVersionName":"","appAdnetwork":[{"adID":"2","isAdavailable":"1"},{"adID":"42","isAdavailable":"1"},{"adID":"44","isAdavailable":"1"},{"adID":"15","isAdavailable":"1"},{"adID":"59","isAdavailable":"1"}],"userSignature":"a31265023c3eb8a0e11a55e1b57f3b30","gssdkVersion":"8.2.1"}: http://52.13.174.6/sheeda/admin/json/syncAppAPI failed as it is not correct json response in content type 46{"message":"HTTP Error 401 - Unauthorized: Access is denied due to invalid credentials."}
{"package":"com.threed.dino.hunting.dinosaur.shooter.fps.survival.game","store":"41","sdkVersionID":"2183","nativeApp":"1","sdkVersion":"2183","appVersionCode":"","appVersionName":"","appAdnetwork":[{"adID":"5","isAdavailable":"1"},{"adID":"43","isAdavailable":"1"},{"adID":"58","isAdavailable":"1"},{"adID":"20","isAdavailable":"1"},{"adID":"59","isAdavailable":"1"}],"userSignature":"a31265023c3eb8a0e11a55e1b57f3b30","gssdkVersion":"v8.2.1"}: Status code forbidden, internet connectivity not availablehttp://52.13.174.6/sheeda/admin/json/syncApp please check your internet connection 47
{"package":"com.threed.dino.hunting.dinosaur.shooter.fps.survival.game","store":"41","sdkVersionID":"2183","nativeApp":"1","sdkVersion":"2183","appVersionCode":"","appVersionName":"","appAdnetwork":[{"adID":"5","isAdavailable":"1"},{"adID":"43","isAdavailable":"1"},{"adID":"58","isAdavailable":"1"},{"adID":"20","isAdavailable":"1"},{"adID":"59","isAdavailable":"1"}],"userSignature":"a31265023c3eb8a0e11a55e1b57f3b30","gssdkVersion":"v8.2.1"}: Status code not OK,http://52.13.174.6/sheeda/admin/json/syncApp API has failed at 47 Forbidden{"message":"HTTP Error 401 - Unauthorized: Access is denied due to invalid credentials."}
{"package":"com.threed.dino.hunting.dinosaur.shooter.fps.survival.game","store":"41","sdkVersionID":"2183","nativeApp":"1","sdkVersion":"2183","appVersionCode":"","appVersionName":"","appAdnetwork":[{"adID":"5","isAdavailable":"1"},{"adID":"43","isAdavailable":"1"},{"adID":"58","isAdavailable":"1"},{"adID":"20","isAdavailable":"1"},{"adID":"59","isAdavailable":"1"}],"userSignature":"a31265023c3eb8a0e11a55e1b57f3b30","gssdkVersion":"v8.2.1"}: http://52.13.174.6/sheeda/admin/json/syncAppAPI failed as it is not correct json response in content type 47{"message":"HTTP Error 401 - Unauthorized: Access is denied due to invalid credentials."}
{"package":"Stocard","store":"42","sdkVersionID":"2184","nativeApp":"1","sdkVersion":"2184","appVersionCode":"","appVersionName":"","appAdnetwork":[{"adID":"7","isAdavailable":"1"},{"adID":"45","isAdavailable":"1"},{"adID":"63","isAdavailable":"1"},{"adID":"21","isAdavailable":"1"},{"adID":"59","isAdavailable":"1"}],"userSignature":"a31265023c3eb8a0e11a55e1b57f3b30","gssdkVersion":"v8.2.1"}: Status code forbidden, internet connectivity not availablehttp://52.13.174.6/sheeda/admin/json/syncApp please check your internet connection 48
{"package":"Stocard","store":"42","sdkVersionID":"2184","nativeApp":"1","sdkVersion":"2184","appVersionCode":"","appVersionName":"","appAdnetwork":[{"adID":"7","isAdavailable":"1"},{"adID":"45","isAdavailable":"1"},{"adID":"63","isAdavailable":"1"},{"adID":"21","isAdavailable":"1"},{"adID":"59","isAdavailable":"1"}],"userSignature":"a31265023c3eb8a0e11a55e1b57f3b30","gssdkVersion":"v8.2.1"}: Status code not OK,http://52.13.174.6/sheeda/admin/json/syncApp API has failed at 48 Forbidden{"message":"HTTP Error 401 - Unauthorized: Access is denied due to invalid credentials."}
{"package":"Stocard","store":"42","sdkVersionID":"2184","nativeApp":"1","sdkVersion":"2184","appVersionCode":"","appVersionName":"","appAdnetwork":[{"adID":"7","isAdavailable":"1"},{"adID":"45","isAdavailable":"1"},{"adID":"63","isAdavailable":"1"},{"adID":"21","isAdavailable":"1"},{"adID":"59","isAdavailable":"1"}],"userSignature":"a31265023c3eb8a0e11a55e1b57f3b30","gssdkVersion":"v8.2.1"}: http://52.13.174.6/sheeda/admin/json/syncAppAPI failed as it is not correct json response in content type 48{"message":"HTTP Error 401 - Unauthorized: Access is denied due to invalid credentials."}
{"package":"com.threed.real.gangster.police.chase.water.surfing","store":"41","sdkVersionID":"2189","nativeApp":"1","sdkVersion":"2189","appVersionCode":"","appVersionName":"","appAdnetwork":[{"adID":"8","isAdavailable":"1"},{"adID":"49","isAdavailable":"1"},{"adID":"69","isAdavailable":"1"},{"adID":"24","isAdavailable":"1"},{"adID":"59","isAdavailable":"1"}],"userSignature":"a31265023c3eb8a0e11a55e1b57f3b30","gssdkVersion":"v8.3.1"}: Status code forbidden, internet connectivity not availablehttp://52.13.174.6/sheeda/admin/json/syncApp please check your internet connection 49
{"package":"com.threed.real.gangster.police.chase.water.surfing","store":"41","sdkVersionID":"2189","nativeApp":"1","sdkVersion":"2189","appVersionCode":"","appVersionName":"","appAdnetwork":[{"adID":"8","isAdavailable":"1"},{"adID":"49","isAdavailable":"1"},{"adID":"69","isAdavailable":"1"},{"adID":"24","isAdavailable":"1"},{"adID":"59","isAdavailable":"1"}],"userSignature":"a31265023c3eb8a0e11a55e1b57f3b30","gssdkVersion":"v8.3.1"}: Status code not OK,http://52.13.174.6/sheeda/admin/json/syncApp API has failed at 49 Forbidden{"message":"HTTP Error 401 - Unauthorized: Access is denied due to invalid credentials."}
{"package":"com.threed.real.gangster.police.chase.water.surfing","store":"41","sdkVersionID":"2189","nativeApp":"1","sdkVersion":"2189","appVersionCode":"","appVersionName":"","appAdnetwork":[{"adID":"8","isAdavailable":"1"},{"adID":"49","isAdavailable":"1"},{"adID":"69","isAdavailable":"1"},{"adID":"24","isAdavailable":"1"},{"adID":"59","isAdavailable":"1"}],"userSignature":"a31265023c3eb8a0e11a55e1b57f3b30","gssdkVersion":"v8.3.1"}: http://52.13.174.6/sheeda/admin/json/syncAppAPI failed as it is not correct json response in content type 49{"message":"HTTP Error 401 - Unauthorized: Access is denied due to invalid credentials."}
</DebugTrace>
      </Output>
    </UnitTestResult>
    <UnitTestResult executionId="9d97e41d-e7a1-4822-9a92-d2980ef442ca" testId="04151d7f-9c61-1489-4cc0-5cc1dc07baee" testName="B_CampaignLogSummaryMainMethodCodeGenerator" computerName="DESKTOP-5AJ0SB3" duration="00:02:02.7964057" startTime="2020-12-31T12:28:10.0236233+05:00" endTime="2020-12-31T12:30:12.8236537+05:00" testType="13cdc9d9-ddb5-4fa4-a97d-d965ccfc6d4b" outcome="Passed" testListId="8c84fa94-04c1-424b-9868-57a2d4851a1d" relativeResultsDirectory="9d97e41d-e7a1-4822-9a92-d2980ef442ca">
      <Output>
        <DebugTrace>****************** SELECT apps.appKey, campaigns.campaignID, apps.package, apps.sdkID, apps.companyID, apps.osID FROM apps INNER JOIN campaigns ON apps.appID = campaigns.appID WHERE apps.sdkID &gt; 20 AND apps.appKey != '' AND campaigns.campaignID NOT IN (0 ,- 1 ,- 2 ,- 3 ,- 4 ,- 5) LIMIT 50

****************** 
{"appKey":"87749f0a5e72d3c88e3f0a2ceae0e8ad","deviceID":"8019","stats":[{"campaignID":47,"packageID":"com.mizo.city.ambulance","sceneStats":[{"sceneID":"21","eventStats":"380,280,180,80,80,0,0"}]}],"sdkVersion":"2056","sessionToken":"vhRDZd5MK+4lIH8X/mNh9q3AWhAF6oQpsHzkSChxcELpqKx6kQxk3RdbBSxO0WdoUKHfmD2btxDbDaOk1jW1lp611h8JJ+FxRc8NQutzk0X7xTjJHvfIKjdMGZMp8Lax"}: Status code forbidden, internet connectivity not availablehttp://52.13.174.6/sheeda/admin/api/startNewAdSession_2 please check your internet connection 0
{"appKey":"87749f0a5e72d3c88e3f0a2ceae0e8ad","deviceID":"8019","stats":[{"campaignID":47,"packageID":"com.mizo.city.ambulance","sceneStats":[{"sceneID":"21","eventStats":"380,280,180,80,80,0,0"}]}],"sdkVersion":"2056","sessionToken":"vhRDZd5MK+4lIH8X/mNh9q3AWhAF6oQpsHzkSChxcELpqKx6kQxk3RdbBSxO0WdoUKHfmD2btxDbDaOk1jW1lp611h8JJ+FxRc8NQutzk0X7xTjJHvfIKjdMGZMp8Lax"}: Status code not OK,http://52.13.174.6/sheeda/admin/api/startNewAdSession_2 API has failed at 0 Forbidden
{"appKey":"87749f0a5e72d3c88e3f0a2ceae0e8ad","deviceID":"8019","stats":[{"campaignID":47,"packageID":"com.mizo.city.ambulance","sceneStats":[{"sceneID":"21","eventStats":"380,280,180,80,80,0,0"}]}],"sdkVersion":"2056","sessionToken":"vhRDZd5MK+4lIH8X/mNh9q3AWhAF6oQpsHzkSChxcELpqKx6kQxk3RdbBSxO0WdoUKHfmD2btxDbDaOk1jW1lp611h8JJ+FxRc8NQutzk0X7xTjJHvfIKjdMGZMp8Lax"}: message value is other then completed,http://52.13.174.6/sheeda/admin/api/startNewAdSession_2api is failed
{"appKey":"03a90424d48d01cab7124698a3b141c5","deviceID":"1161","stats":[{"campaignID":48,"packageID":"com.mizo.construction.crane.hill.climb","sceneStats":[{"sceneID":"3","eventStats":"312,212,112,12,12,0,0"}]}],"sdkVersion":"39","sessionToken":"vhRDZd5MK+4lIH8X/mNh9q3AWhAF6oQpsHzkSChxcELpqKx6kQxk3RdbBSxO0WdoUKHfmD2btxDbDaOk1jW1lp611h8JJ+FxRc8NQutzk0X7xTjJHvfIKjdMGZMp8Lax"}: Status code forbidden, internet connectivity not availablehttp://52.13.174.6/sheeda/admin/api/startNewAdSession_2 please check your internet connection 1
{"appKey":"03a90424d48d01cab7124698a3b141c5","deviceID":"1161","stats":[{"campaignID":48,"packageID":"com.mizo.construction.crane.hill.climb","sceneStats":[{"sceneID":"3","eventStats":"312,212,112,12,12,0,0"}]}],"sdkVersion":"39","sessionToken":"vhRDZd5MK+4lIH8X/mNh9q3AWhAF6oQpsHzkSChxcELpqKx6kQxk3RdbBSxO0WdoUKHfmD2btxDbDaOk1jW1lp611h8JJ+FxRc8NQutzk0X7xTjJHvfIKjdMGZMp8Lax"}: Status code not OK,http://52.13.174.6/sheeda/admin/api/startNewAdSession_2 API has failed at 1 Forbidden
{"appKey":"03a90424d48d01cab7124698a3b141c5","deviceID":"1161","stats":[{"campaignID":48,"packageID":"com.mizo.construction.crane.hill.climb","sceneStats":[{"sceneID":"3","eventStats":"312,212,112,12,12,0,0"}]}],"sdkVersion":"39","sessionToken":"vhRDZd5MK+4lIH8X/mNh9q3AWhAF6oQpsHzkSChxcELpqKx6kQxk3RdbBSxO0WdoUKHfmD2btxDbDaOk1jW1lp611h8JJ+FxRc8NQutzk0X7xTjJHvfIKjdMGZMp8Lax"}: message value is other then completed,http://52.13.174.6/sheeda/admin/api/startNewAdSession_2api is failed
{"appKey":"b4729925db57c2b0093f9ef0986b65ad","deviceID":"4651","stats":[{"campaignID":53,"packageID":"com.fazbro.heavy.excavator","sceneStats":[{"sceneID":"12","eventStats":"347,247,147,47,47,0,0"}]}],"sdkVersion":"2056","sessionToken":"vhRDZd5MK+4lIH8X/mNh9q3AWhAF6oQpsHzkSChxcELpqKx6kQxk3RdbBSxO0WdoUKHfmD2btxDbDaOk1jW1lp611h8JJ+FxRc8NQutzk0X7xTjJHvfIKjdMGZMp8Lax"}: Status code forbidden, internet connectivity not availablehttp://52.13.174.6/sheeda/admin/api/startNewAdSession_2 please check your internet connection 2
{"appKey":"b4729925db57c2b0093f9ef0986b65ad","deviceID":"4651","stats":[{"campaignID":53,"packageID":"com.fazbro.heavy.excavator","sceneStats":[{"sceneID":"12","eventStats":"347,247,147,47,47,0,0"}]}],"sdkVersion":"2056","sessionToken":"vhRDZd5MK+4lIH8X/mNh9q3AWhAF6oQpsHzkSChxcELpqKx6kQxk3RdbBSxO0WdoUKHfmD2btxDbDaOk1jW1lp611h8JJ+FxRc8NQutzk0X7xTjJHvfIKjdMGZMp8Lax"}: Status code not OK,http://52.13.174.6/sheeda/admin/api/startNewAdSession_2 API has failed at 2 Forbidden
{"appKey":"b4729925db57c2b0093f9ef0986b65ad","deviceID":"4651","stats":[{"campaignID":53,"packageID":"com.fazbro.heavy.excavator","sceneStats":[{"sceneID":"12","eventStats":"347,247,147,47,47,0,0"}]}],"sdkVersion":"2056","sessionToken":"vhRDZd5MK+4lIH8X/mNh9q3AWhAF6oQpsHzkSChxcELpqKx6kQxk3RdbBSxO0WdoUKHfmD2btxDbDaOk1jW1lp611h8JJ+FxRc8NQutzk0X7xTjJHvfIKjdMGZMp8Lax"}: message value is other then completed,http://52.13.174.6/sheeda/admin/api/startNewAdSession_2api is failed
{"appKey":"a6c37abf407b4606382faab36e69377f","deviceID":"4237","stats":[{"campaignID":73,"packageID":"com.mizo.army.prisoner.transport.simulator","sceneStats":[{"sceneID":"11","eventStats":"342,242,142,42,42,0,0"}]}],"sdkVersion":"39","sessionToken":"vhRDZd5MK+4lIH8X/mNh9q3AWhAF6oQpsHzkSChxcELpqKx6kQxk3RdbBSxO0WdoUKHfmD2btxDbDaOk1jW1lp611h8JJ+FxRc8NQutzk0X7xTjJHvfIKjdMGZMp8Lax"}: Status code forbidden, internet connectivity not availablehttp://52.13.174.6/sheeda/admin/api/startNewAdSession_2 please check your internet connection 3
{"appKey":"a6c37abf407b4606382faab36e69377f","deviceID":"4237","stats":[{"campaignID":73,"packageID":"com.mizo.army.prisoner.transport.simulator","sceneStats":[{"sceneID":"11","eventStats":"342,242,142,42,42,0,0"}]}],"sdkVersion":"39","sessionToken":"vhRDZd5MK+4lIH8X/mNh9q3AWhAF6oQpsHzkSChxcELpqKx6kQxk3RdbBSxO0WdoUKHfmD2btxDbDaOk1jW1lp611h8JJ+FxRc8NQutzk0X7xTjJHvfIKjdMGZMp8Lax"}: Status code not OK,http://52.13.174.6/sheeda/admin/api/startNewAdSession_2 API has failed at 3 Forbidden
{"appKey":"a6c37abf407b4606382faab36e69377f","deviceID":"4237","stats":[{"campaignID":73,"packageID":"com.mizo.army.prisoner.transport.simulator","sceneStats":[{"sceneID":"11","eventStats":"342,242,142,42,42,0,0"}]}],"sdkVersion":"39","sessionToken":"vhRDZd5MK+4lIH8X/mNh9q3AWhAF6oQpsHzkSChxcELpqKx6kQxk3RdbBSxO0WdoUKHfmD2btxDbDaOk1jW1lp611h8JJ+FxRc8NQutzk0X7xTjJHvfIKjdMGZMp8Lax"}: message value is other then completed,http://52.13.174.6/sheeda/admin/api/startNewAdSession_2api is failed
{"appKey":"f1b23f0067eb003f37357ca24defd9a4","deviceID":"2187","stats":[{"campaignID":78,"packageID":"com.mizo.road.builder.city.construction","sceneStats":[{"sceneID":"6","eventStats":"322,222,122,22,22,0,0"}]}],"sdkVersion":"2151","sessionToken":"vhRDZd5MK+4lIH8X/mNh9q3AWhAF6oQpsHzkSChxcELpqKx6kQxk3RdbBSxO0WdoUKHfmD2btxDbDaOk1jW1lp611h8JJ+FxRc8NQutzk0X7xTjJHvfIKjdMGZMp8Lax"}: Status code forbidden, internet connectivity not availablehttp://52.13.174.6/sheeda/admin/api/startNewAdSession_2 please check your internet connection 4
{"appKey":"f1b23f0067eb003f37357ca24defd9a4","deviceID":"2187","stats":[{"campaignID":78,"packageID":"com.mizo.road.builder.city.construction","sceneStats":[{"sceneID":"6","eventStats":"322,222,122,22,22,0,0"}]}],"sdkVersion":"2151","sessionToken":"vhRDZd5MK+4lIH8X/mNh9q3AWhAF6oQpsHzkSChxcELpqKx6kQxk3RdbBSxO0WdoUKHfmD2btxDbDaOk1jW1lp611h8JJ+FxRc8NQutzk0X7xTjJHvfIKjdMGZMp8Lax"}: Status code not OK,http://52.13.174.6/sheeda/admin/api/startNewAdSession_2 API has failed at 4 Forbidden
{"appKey":"f1b23f0067eb003f37357ca24defd9a4","deviceID":"2187","stats":[{"campaignID":78,"packageID":"com.mizo.road.builder.city.construction","sceneStats":[{"sceneID":"6","eventStats":"322,222,122,22,22,0,0"}]}],"sdkVersion":"2151","sessionToken":"vhRDZd5MK+4lIH8X/mNh9q3AWhAF6oQpsHzkSChxcELpqKx6kQxk3RdbBSxO0WdoUKHfmD2btxDbDaOk1jW1lp611h8JJ+FxRc8NQutzk0X7xTjJHvfIKjdMGZMp8Lax"}: message value is other then completed,http://52.13.174.6/sheeda/admin/api/startNewAdSession_2api is failed
{"appKey":"a15540f259692e0f609b4cace3e780a9","deviceID":"1217","stats":[{"campaignID":80,"packageID":"com.mizo.flip.bottle.shooting.expert","sceneStats":[{"sceneID":"4","eventStats":"313,213,113,13,13,0,0"}]}],"sdkVersion":"39","sessionToken":"vhRDZd5MK+4lIH8X/mNh9q3AWhAF6oQpsHzkSChxcELpqKx6kQxk3RdbBSxO0WdoUKHfmD2btxDbDaOk1jW1lp611h8JJ+FxRc8NQutzk0X7xTjJHvfIKjdMGZMp8Lax"}: Status code forbidden, internet connectivity not availablehttp://52.13.174.6/sheeda/admin/api/startNewAdSession_2 please check your internet connection 5
{"appKey":"a15540f259692e0f609b4cace3e780a9","deviceID":"1217","stats":[{"campaignID":80,"packageID":"com.mizo.flip.bottle.shooting.expert","sceneStats":[{"sceneID":"4","eventStats":"313,213,113,13,13,0,0"}]}],"sdkVersion":"39","sessionToken":"vhRDZd5MK+4lIH8X/mNh9q3AWhAF6oQpsHzkSChxcELpqKx6kQxk3RdbBSxO0WdoUKHfmD2btxDbDaOk1jW1lp611h8JJ+FxRc8NQutzk0X7xTjJHvfIKjdMGZMp8Lax"}: Status code not OK,http://52.13.174.6/sheeda/admin/api/startNewAdSession_2 API has failed at 5 Forbidden
{"appKey":"a15540f259692e0f609b4cace3e780a9","deviceID":"1217","stats":[{"campaignID":80,"packageID":"com.mizo.flip.bottle.shooting.expert","sceneStats":[{"sceneID":"4","eventStats":"313,213,113,13,13,0,0"}]}],"sdkVersion":"39","sessionToken":"vhRDZd5MK+4lIH8X/mNh9q3AWhAF6oQpsHzkSChxcELpqKx6kQxk3RdbBSxO0WdoUKHfmD2btxDbDaOk1jW1lp611h8JJ+FxRc8NQutzk0X7xTjJHvfIKjdMGZMp8Lax"}: message value is other then completed,http://52.13.174.6/sheeda/admin/api/startNewAdSession_2api is failed
{"appKey":"b86d913485cddc89a88e3a31f2611244","deviceID":"7214","stats":[{"campaignID":84,"packageID":"com.ids.kids.hospital.cashier.pro","sceneStats":[{"sceneID":"19","eventStats":"372,272,172,72,72,0,0"}]}],"sdkVersion":"39","sessionToken":"vhRDZd5MK+4lIH8X/mNh9q3AWhAF6oQpsHzkSChxcELpqKx6kQxk3RdbBSxO0WdoUKHfmD2btxDbDaOk1jW1lp611h8JJ+FxRc8NQutzk0X7xTjJHvfIKjdMGZMp8Lax"}: Status code forbidden, internet connectivity not availablehttp://52.13.174.6/sheeda/admin/api/startNewAdSession_2 please check your internet connection 6
{"appKey":"b86d913485cddc89a88e3a31f2611244","deviceID":"7214","stats":[{"campaignID":84,"packageID":"com.ids.kids.hospital.cashier.pro","sceneStats":[{"sceneID":"19","eventStats":"372,272,172,72,72,0,0"}]}],"sdkVersion":"39","sessionToken":"vhRDZd5MK+4lIH8X/mNh9q3AWhAF6oQpsHzkSChxcELpqKx6kQxk3RdbBSxO0WdoUKHfmD2btxDbDaOk1jW1lp611h8JJ+FxRc8NQutzk0X7xTjJHvfIKjdMGZMp8Lax"}: Status code not OK,http://52.13.174.6/sheeda/admin/api/startNewAdSession_2 API has failed at 6 Forbidden
{"appKey":"b86d913485cddc89a88e3a31f2611244","deviceID":"7214","stats":[{"campaignID":84,"packageID":"com.ids.kids.hospital.cashier.pro","sceneStats":[{"sceneID":"19","eventStats":"372,272,172,72,72,0,0"}]}],"sdkVersion":"39","sessionToken":"vhRDZd5MK+4lIH8X/mNh9q3AWhAF6oQpsHzkSChxcELpqKx6kQxk3RdbBSxO0WdoUKHfmD2btxDbDaOk1jW1lp611h8JJ+FxRc8NQutzk0X7xTjJHvfIKjdMGZMp8Lax"}: message value is other then completed,http://52.13.174.6/sheeda/admin/api/startNewAdSession_2api is failed
{"appKey":"a3fd0355e69506375fb1411dd7b6a600","deviceID":"2340","stats":[{"campaignID":85,"packageID":"com.gss.offroad.uphill.extremetruckdriver","sceneStats":[{"sceneID":"6","eventStats":"324,224,124,24,24,0,0"}]}],"sdkVersion":"39","sessionToken":"vhRDZd5MK+4lIH8X/mNh9q3AWhAF6oQpsHzkSChxcELpqKx6kQxk3RdbBSxO0WdoUKHfmD2btxDbDaOk1jW1lp611h8JJ+FxRc8NQutzk0X7xTjJHvfIKjdMGZMp8Lax"}: Status code forbidden, internet connectivity not availablehttp://52.13.174.6/sheeda/admin/api/startNewAdSession_2 please check your internet connection 7
{"appKey":"a3fd0355e69506375fb1411dd7b6a600","deviceID":"2340","stats":[{"campaignID":85,"packageID":"com.gss.offroad.uphill.extremetruckdriver","sceneStats":[{"sceneID":"6","eventStats":"324,224,124,24,24,0,0"}]}],"sdkVersion":"39","sessionToken":"vhRDZd5MK+4lIH8X/mNh9q3AWhAF6oQpsHzkSChxcELpqKx6kQxk3RdbBSxO0WdoUKHfmD2btxDbDaOk1jW1lp611h8JJ+FxRc8NQutzk0X7xTjJHvfIKjdMGZMp8Lax"}: Status code not OK,http://52.13.174.6/sheeda/admin/api/startNewAdSession_2 API has failed at 7 Forbidden
{"appKey":"a3fd0355e69506375fb1411dd7b6a600","deviceID":"2340","stats":[{"campaignID":85,"packageID":"com.gss.offroad.uphill.extremetruckdriver","sceneStats":[{"sceneID":"6","eventStats":"324,224,124,24,24,0,0"}]}],"sdkVersion":"39","sessionToken":"vhRDZd5MK+4lIH8X/mNh9q3AWhAF6oQpsHzkSChxcELpqKx6kQxk3RdbBSxO0WdoUKHfmD2btxDbDaOk1jW1lp611h8JJ+FxRc8NQutzk0X7xTjJHvfIKjdMGZMp8Lax"}: message value is other then completed,http://52.13.174.6/sheeda/admin/api/startNewAdSession_2api is failed
{"appKey":"fd17f17f557e8305ce7ec87b54f27e59","deviceID":"6386","stats":[{"campaignID":86,"packageID":"com.vg.demolition.derby.extreme.car.stunts","sceneStats":[{"sceneID":"16","eventStats":"364,264,164,64,64,0,0"}]}],"sdkVersion":"2163","sessionToken":"vhRDZd5MK+4lIH8X/mNh9q3AWhAF6oQpsHzkSChxcELpqKx6kQxk3RdbBSxO0WdoUKHfmD2btxDbDaOk1jW1lp611h8JJ+FxRc8NQutzk0X7xTjJHvfIKjdMGZMp8Lax"}: Status code forbidden, internet connectivity not availablehttp://52.13.174.6/sheeda/admin/api/startNewAdSession_2 please check your internet connection 8
{"appKey":"fd17f17f557e8305ce7ec87b54f27e59","deviceID":"6386","stats":[{"campaignID":86,"packageID":"com.vg.demolition.derby.extreme.car.stunts","sceneStats":[{"sceneID":"16","eventStats":"364,264,164,64,64,0,0"}]}],"sdkVersion":"2163","sessionToken":"vhRDZd5MK+4lIH8X/mNh9q3AWhAF6oQpsHzkSChxcELpqKx6kQxk3RdbBSxO0WdoUKHfmD2btxDbDaOk1jW1lp611h8JJ+FxRc8NQutzk0X7xTjJHvfIKjdMGZMp8Lax"}: Status code not OK,http://52.13.174.6/sheeda/admin/api/startNewAdSession_2 API has failed at 8 Forbidden
{"appKey":"fd17f17f557e8305ce7ec87b54f27e59","deviceID":"6386","stats":[{"campaignID":86,"packageID":"com.vg.demolition.derby.extreme.car.stunts","sceneStats":[{"sceneID":"16","eventStats":"364,264,164,64,64,0,0"}]}],"sdkVersion":"2163","sessionToken":"vhRDZd5MK+4lIH8X/mNh9q3AWhAF6oQpsHzkSChxcELpqKx6kQxk3RdbBSxO0WdoUKHfmD2btxDbDaOk1jW1lp611h8JJ+FxRc8NQutzk0X7xTjJHvfIKjdMGZMp8Lax"}: message value is other then completed,http://52.13.174.6/sheeda/admin/api/startNewAdSession_2api is failed
{"appKey":"3d9a2ad28f8f99beaf2e117d8d1c3ebb","deviceID":"1513","stats":[{"campaignID":96,"packageID":"com.rgs.offroad.police.monster.truck","sceneStats":[{"sceneID":"4","eventStats":"315,215,115,15,15,0,0"}]}],"sdkVersion":"39","sessionToken":"vhRDZd5MK+4lIH8X/mNh9q3AWhAF6oQpsHzkSChxcELpqKx6kQxk3RdbBSxO0WdoUKHfmD2btxDbDaOk1jW1lp611h8JJ+FxRc8NQutzk0X7xTjJHvfIKjdMGZMp8Lax"}: Status code forbidden, internet connectivity not availablehttp://52.13.174.6/sheeda/admin/api/startNewAdSession_2 please check your internet connection 9
{"appKey":"3d9a2ad28f8f99beaf2e117d8d1c3ebb","deviceID":"1513","stats":[{"campaignID":96,"packageID":"com.rgs.offroad.police.monster.truck","sceneStats":[{"sceneID":"4","eventStats":"315,215,115,15,15,0,0"}]}],"sdkVersion":"39","sessionToken":"vhRDZd5MK+4lIH8X/mNh9q3AWhAF6oQpsHzkSChxcELpqKx6kQxk3RdbBSxO0WdoUKHfmD2btxDbDaOk1jW1lp611h8JJ+FxRc8NQutzk0X7xTjJHvfIKjdMGZMp8Lax"}: Status code not OK,http://52.13.174.6/sheeda/admin/api/startNewAdSession_2 API has failed at 9 Forbidden
{"appKey":"3d9a2ad28f8f99beaf2e117d8d1c3ebb","deviceID":"1513","stats":[{"campaignID":96,"packageID":"com.rgs.offroad.police.monster.truck","sceneStats":[{"sceneID":"4","eventStats":"315,215,115,15,15,0,0"}]}],"sdkVersion":"39","sessionToken":"vhRDZd5MK+4lIH8X/mNh9q3AWhAF6oQpsHzkSChxcELpqKx6kQxk3RdbBSxO0WdoUKHfmD2btxDbDaOk1jW1lp611h8JJ+FxRc8NQutzk0X7xTjJHvfIKjdMGZMp8Lax"}: message value is other then completed,http://52.13.174.6/sheeda/admin/api/startNewAdSession_2api is failed
{"appKey":"b6cf3bbc179e3b767025729170fbb3cf","deviceID":"5002","stats":[{"campaignID":98,"packageID":"com.gss.offroad.policetransporttruck","sceneStats":[{"sceneID":"13","eventStats":"350,250,150,50,50,0,0"}]}],"sdkVersion":"2163","sessionToken":"vhRDZd5MK+4lIH8X/mNh9q3AWhAF6oQpsHzkSChxcELpqKx6kQxk3RdbBSxO0WdoUKHfmD2btxDbDaOk1jW1lp611h8JJ+FxRc8NQutzk0X7xTjJHvfIKjdMGZMp8Lax"}: Status code forbidden, internet connectivity not availablehttp://52.13.174.6/sheeda/admin/api/startNewAdSession_2 please check your internet connection 10
{"appKey":"b6cf3bbc179e3b767025729170fbb3cf","deviceID":"5002","stats":[{"campaignID":98,"packageID":"com.gss.offroad.policetransporttruck","sceneStats":[{"sceneID":"13","eventStats":"350,250,150,50,50,0,0"}]}],"sdkVersion":"2163","sessionToken":"vhRDZd5MK+4lIH8X/mNh9q3AWhAF6oQpsHzkSChxcELpqKx6kQxk3RdbBSxO0WdoUKHfmD2btxDbDaOk1jW1lp611h8JJ+FxRc8NQutzk0X7xTjJHvfIKjdMGZMp8Lax"}: Status code not OK,http://52.13.174.6/sheeda/admin/api/startNewAdSession_2 API has failed at 10 Forbidden
{"appKey":"b6cf3bbc179e3b767025729170fbb3cf","deviceID":"5002","stats":[{"campaignID":98,"packageID":"com.gss.offroad.policetransporttruck","sceneStats":[{"sceneID":"13","eventStats":"350,250,150,50,50,0,0"}]}],"sdkVersion":"2163","sessionToken":"vhRDZd5MK+4lIH8X/mNh9q3AWhAF6oQpsHzkSChxcELpqKx6kQxk3RdbBSxO0WdoUKHfmD2btxDbDaOk1jW1lp611h8JJ+FxRc8NQutzk0X7xTjJHvfIKjdMGZMp8Lax"}: message value is other then completed,http://52.13.174.6/sheeda/admin/api/startNewAdSession_2api is failed
{"appKey":"7108df607430ea0aa7197ebf957ab785","deviceID":"2952","stats":[{"campaignID":99,"packageID":"com.vg.crazy.car.rush.pro.taxi.driver","sceneStats":[{"sceneID":"8","eventStats":"330,230,130,30,30,0,0"}]}],"sdkVersion":"2163","sessionToken":"vhRDZd5MK+4lIH8X/mNh9q3AWhAF6oQpsHzkSChxcELpqKx6kQxk3RdbBSxO0WdoUKHfmD2btxDbDaOk1jW1lp611h8JJ+FxRc8NQutzk0X7xTjJHvfIKjdMGZMp8Lax"}: Status code forbidden, internet connectivity not availablehttp://52.13.174.6/sheeda/admin/api/startNewAdSession_2 please check your internet connection 11
{"appKey":"7108df607430ea0aa7197ebf957ab785","deviceID":"2952","stats":[{"campaignID":99,"packageID":"com.vg.crazy.car.rush.pro.taxi.driver","sceneStats":[{"sceneID":"8","eventStats":"330,230,130,30,30,0,0"}]}],"sdkVersion":"2163","sessionToken":"vhRDZd5MK+4lIH8X/mNh9q3AWhAF6oQpsHzkSChxcELpqKx6kQxk3RdbBSxO0WdoUKHfmD2btxDbDaOk1jW1lp611h8JJ+FxRc8NQutzk0X7xTjJHvfIKjdMGZMp8Lax"}: Status code not OK,http://52.13.174.6/sheeda/admin/api/startNewAdSession_2 API has failed at 11 Forbidden
{"appKey":"7108df607430ea0aa7197ebf957ab785","deviceID":"2952","stats":[{"campaignID":99,"packageID":"com.vg.crazy.car.rush.pro.taxi.driver","sceneStats":[{"sceneID":"8","eventStats":"330,230,130,30,30,0,0"}]}],"sdkVersion":"2163","sessionToken":"vhRDZd5MK+4lIH8X/mNh9q3AWhAF6oQpsHzkSChxcELpqKx6kQxk3RdbBSxO0WdoUKHfmD2btxDbDaOk1jW1lp611h8JJ+FxRc8NQutzk0X7xTjJHvfIKjdMGZMp8Lax"}: message value is other then completed,http://52.13.174.6/sheeda/admin/api/startNewAdSession_2api is failed
{"appKey":"516703e326af9856e83f9f4223432c4b","deviceID":"30","stats":[{"campaignID":104,"packageID":"com.whitesand.construction.crane.cargo.plane","sceneStats":[{"sceneID":"1","eventStats":"301,201,101,1,1,0,0"}]}],"sdkVersion":"39","sessionToken":"vhRDZd5MK+4lIH8X/mNh9q3AWhAF6oQpsHzkSChxcELpqKx6kQxk3RdbBSxO0WdoUKHfmD2btxDbDaOk1jW1lp611h8JJ+FxRc8NQutzk0X7xTjJHvfIKjdMGZMp8Lax"}: Status code forbidden, internet connectivity not availablehttp://52.13.174.6/sheeda/admin/api/startNewAdSession_2 please check your internet connection 12
{"appKey":"516703e326af9856e83f9f4223432c4b","deviceID":"30","stats":[{"campaignID":104,"packageID":"com.whitesand.construction.crane.cargo.plane","sceneStats":[{"sceneID":"1","eventStats":"301,201,101,1,1,0,0"}]}],"sdkVersion":"39","sessionToken":"vhRDZd5MK+4lIH8X/mNh9q3AWhAF6oQpsHzkSChxcELpqKx6kQxk3RdbBSxO0WdoUKHfmD2btxDbDaOk1jW1lp611h8JJ+FxRc8NQutzk0X7xTjJHvfIKjdMGZMp8Lax"}: Status code not OK,http://52.13.174.6/sheeda/admin/api/startNewAdSession_2 API has failed at 12 Forbidden
{"appKey":"516703e326af9856e83f9f4223432c4b","deviceID":"30","stats":[{"campaignID":104,"packageID":"com.whitesand.construction.crane.cargo.plane","sceneStats":[{"sceneID":"1","eventStats":"301,201,101,1,1,0,0"}]}],"sdkVersion":"39","sessionToken":"vhRDZd5MK+4lIH8X/mNh9q3AWhAF6oQpsHzkSChxcELpqKx6kQxk3RdbBSxO0WdoUKHfmD2btxDbDaOk1jW1lp611h8JJ+FxRc8NQutzk0X7xTjJHvfIKjdMGZMp8Lax"}: message value is other then completed,http://52.13.174.6/sheeda/admin/api/startNewAdSession_2api is failed
{"appKey":"01cc5c461d53ae065213c5cd8caabc4f","deviceID":"7979","stats":[{"campaignID":110,"packageID":"com.mizo.police.airplane.transporter","sceneStats":[{"sceneID":"20","eventStats":"379,279,179,79,79,0,0"}]}],"sdkVersion":"2151","sessionToken":"vhRDZd5MK+4lIH8X/mNh9q3AWhAF6oQpsHzkSChxcELpqKx6kQxk3RdbBSxO0WdoUKHfmD2btxDbDaOk1jW1lp611h8JJ+FxRc8NQutzk0X7xTjJHvfIKjdMGZMp8Lax"}: Status code forbidden, internet connectivity not availablehttp://52.13.174.6/sheeda/admin/api/startNewAdSession_2 please check your internet connection 13
{"appKey":"01cc5c461d53ae065213c5cd8caabc4f","deviceID":"7979","stats":[{"campaignID":110,"packageID":"com.mizo.police.airplane.transporter","sceneStats":[{"sceneID":"20","eventStats":"379,279,179,79,79,0,0"}]}],"sdkVersion":"2151","sessionToken":"vhRDZd5MK+4lIH8X/mNh9q3AWhAF6oQpsHzkSChxcELpqKx6kQxk3RdbBSxO0WdoUKHfmD2btxDbDaOk1jW1lp611h8JJ+FxRc8NQutzk0X7xTjJHvfIKjdMGZMp8Lax"}: Status code not OK,http://52.13.174.6/sheeda/admin/api/startNewAdSession_2 API has failed at 13 Forbidden
{"appKey":"01cc5c461d53ae065213c5cd8caabc4f","deviceID":"7979","stats":[{"campaignID":110,"packageID":"com.mizo.police.airplane.transporter","sceneStats":[{"sceneID":"20","eventStats":"379,279,179,79,79,0,0"}]}],"sdkVersion":"2151","sessionToken":"vhRDZd5MK+4lIH8X/mNh9q3AWhAF6oQpsHzkSChxcELpqKx6kQxk3RdbBSxO0WdoUKHfmD2btxDbDaOk1jW1lp611h8JJ+FxRc8NQutzk0X7xTjJHvfIKjdMGZMp8Lax"}: message value is other then completed,http://52.13.174.6/sheeda/admin/api/startNewAdSession_2api is failed
{"appKey":"2f239cc63433a12656a3d1e2832fa017","deviceID":"7566","stats":[{"campaignID":114,"packageID":"com.vg.police.secret.agent.crime.gang","sceneStats":[{"sceneID":"19","eventStats":"375,275,175,75,75,0,0"}]}],"sdkVersion":"2163","sessionToken":"vhRDZd5MK+4lIH8X/mNh9q3AWhAF6oQpsHzkSChxcELpqKx6kQxk3RdbBSxO0WdoUKHfmD2btxDbDaOk1jW1lp611h8JJ+FxRc8NQutzk0X7xTjJHvfIKjdMGZMp8Lax"}: Status code forbidden, internet connectivity not availablehttp://52.13.174.6/sheeda/admin/api/startNewAdSession_2 please check your internet connection 14
{"appKey":"2f239cc63433a12656a3d1e2832fa017","deviceID":"7566","stats":[{"campaignID":114,"packageID":"com.vg.police.secret.agent.crime.gang","sceneStats":[{"sceneID":"19","eventStats":"375,275,175,75,75,0,0"}]}],"sdkVersion":"2163","sessionToken":"vhRDZd5MK+4lIH8X/mNh9q3AWhAF6oQpsHzkSChxcELpqKx6kQxk3RdbBSxO0WdoUKHfmD2btxDbDaOk1jW1lp611h8JJ+FxRc8NQutzk0X7xTjJHvfIKjdMGZMp8Lax"}: Status code not OK,http://52.13.174.6/sheeda/admin/api/startNewAdSession_2 API has failed at 14 Forbidden
{"appKey":"2f239cc63433a12656a3d1e2832fa017","deviceID":"7566","stats":[{"campaignID":114,"packageID":"com.vg.police.secret.agent.crime.gang","sceneStats":[{"sceneID":"19","eventStats":"375,275,175,75,75,0,0"}]}],"sdkVersion":"2163","sessionToken":"vhRDZd5MK+4lIH8X/mNh9q3AWhAF6oQpsHzkSChxcELpqKx6kQxk3RdbBSxO0WdoUKHfmD2btxDbDaOk1jW1lp611h8JJ+FxRc8NQutzk0X7xTjJHvfIKjdMGZMp8Lax"}: message value is other then completed,http://52.13.174.6/sheeda/admin/api/startNewAdSession_2api is failed
{"appKey":"4d80502e5e231c73aef56bc16c23e28e","deviceID":"7643","stats":[{"campaignID":115,"packageID":"com.tgp.multistorey.car.transporter.truck","sceneStats":[{"sceneID":"20","eventStats":"376,276,176,76,76,0,0"}]}],"sdkVersion":"2163","sessionToken":"vhRDZd5MK+4lIH8X/mNh9q3AWhAF6oQpsHzkSChxcELpqKx6kQxk3RdbBSxO0WdoUKHfmD2btxDbDaOk1jW1lp611h8JJ+FxRc8NQutzk0X7xTjJHvfIKjdMGZMp8Lax"}: Status code forbidden, internet connectivity not availablehttp://52.13.174.6/sheeda/admin/api/startNewAdSession_2 please check your internet connection 15
{"appKey":"4d80502e5e231c73aef56bc16c23e28e","deviceID":"7643","stats":[{"campaignID":115,"packageID":"com.tgp.multistorey.car.transporter.truck","sceneStats":[{"sceneID":"20","eventStats":"376,276,176,76,76,0,0"}]}],"sdkVersion":"2163","sessionToken":"vhRDZd5MK+4lIH8X/mNh9q3AWhAF6oQpsHzkSChxcELpqKx6kQxk3RdbBSxO0WdoUKHfmD2btxDbDaOk1jW1lp611h8JJ+FxRc8NQutzk0X7xTjJHvfIKjdMGZMp8Lax"}: Status code not OK,http://52.13.174.6/sheeda/admin/api/startNewAdSession_2 API has failed at 15 Forbidden
{"appKey":"4d80502e5e231c73aef56bc16c23e28e","deviceID":"7643","stats":[{"campaignID":115,"packageID":"com.tgp.multistorey.car.transporter.truck","sceneStats":[{"sceneID":"20","eventStats":"376,276,176,76,76,0,0"}]}],"sdkVersion":"2163","sessionToken":"vhRDZd5MK+4lIH8X/mNh9q3AWhAF6oQpsHzkSChxcELpqKx6kQxk3RdbBSxO0WdoUKHfmD2btxDbDaOk1jW1lp611h8JJ+FxRc8NQutzk0X7xTjJHvfIKjdMGZMp8Lax"}: message value is other then completed,http://52.13.174.6/sheeda/admin/api/startNewAdSession_2api is failed
{"appKey":"ea3a1008bf37134982acf7e675d170bc","deviceID":"9181","stats":[{"campaignID":116,"packageID":"com.whitesand.military.academy","sceneStats":[{"sceneID":"23","eventStats":"391,291,191,91,91,0,0"}]}],"sdkVersion":"39","sessionToken":"vhRDZd5MK+4lIH8X/mNh9q3AWhAF6oQpsHzkSChxcELpqKx6kQxk3RdbBSxO0WdoUKHfmD2btxDbDaOk1jW1lp611h8JJ+FxRc8NQutzk0X7xTjJHvfIKjdMGZMp8Lax"}: Status code forbidden, internet connectivity not availablehttp://52.13.174.6/sheeda/admin/api/startNewAdSession_2 please check your internet connection 16
{"appKey":"ea3a1008bf37134982acf7e675d170bc","deviceID":"9181","stats":[{"campaignID":116,"packageID":"com.whitesand.military.academy","sceneStats":[{"sceneID":"23","eventStats":"391,291,191,91,91,0,0"}]}],"sdkVersion":"39","sessionToken":"vhRDZd5MK+4lIH8X/mNh9q3AWhAF6oQpsHzkSChxcELpqKx6kQxk3RdbBSxO0WdoUKHfmD2btxDbDaOk1jW1lp611h8JJ+FxRc8NQutzk0X7xTjJHvfIKjdMGZMp8Lax"}: Status code not OK,http://52.13.174.6/sheeda/admin/api/startNewAdSession_2 API has failed at 16 Forbidden
{"appKey":"ea3a1008bf37134982acf7e675d170bc","deviceID":"9181","stats":[{"campaignID":116,"packageID":"com.whitesand.military.academy","sceneStats":[{"sceneID":"23","eventStats":"391,291,191,91,91,0,0"}]}],"sdkVersion":"39","sessionToken":"vhRDZd5MK+4lIH8X/mNh9q3AWhAF6oQpsHzkSChxcELpqKx6kQxk3RdbBSxO0WdoUKHfmD2btxDbDaOk1jW1lp611h8JJ+FxRc8NQutzk0X7xTjJHvfIKjdMGZMp8Lax"}: message value is other then completed,http://52.13.174.6/sheeda/admin/api/startNewAdSession_2api is failed
{"appKey":"9df632233aa0ab875abe5f3677328817","deviceID":"719","stats":[{"campaignID":121,"packageID":"com.whitesand.underwater.shark.sniper.hunter","sceneStats":[{"sceneID":"2","eventStats":"308,208,108,8,8,0,0"}]}],"sdkVersion":"90","sessionToken":"vhRDZd5MK+4lIH8X/mNh9q3AWhAF6oQpsHzkSChxcELpqKx6kQxk3RdbBSxO0WdoUKHfmD2btxDbDaOk1jW1lp611h8JJ+FxRc8NQutzk0X7xTjJHvfIKjdMGZMp8Lax"}: Status code forbidden, internet connectivity not availablehttp://52.13.174.6/sheeda/admin/api/startNewAdSession_2 please check your internet connection 17
{"appKey":"9df632233aa0ab875abe5f3677328817","deviceID":"719","stats":[{"campaignID":121,"packageID":"com.whitesand.underwater.shark.sniper.hunter","sceneStats":[{"sceneID":"2","eventStats":"308,208,108,8,8,0,0"}]}],"sdkVersion":"90","sessionToken":"vhRDZd5MK+4lIH8X/mNh9q3AWhAF6oQpsHzkSChxcELpqKx6kQxk3RdbBSxO0WdoUKHfmD2btxDbDaOk1jW1lp611h8JJ+FxRc8NQutzk0X7xTjJHvfIKjdMGZMp8Lax"}: Status code not OK,http://52.13.174.6/sheeda/admin/api/startNewAdSession_2 API has failed at 17 Forbidden
{"appKey":"9df632233aa0ab875abe5f3677328817","deviceID":"719","stats":[{"campaignID":121,"packageID":"com.whitesand.underwater.shark.sniper.hunter","sceneStats":[{"sceneID":"2","eventStats":"308,208,108,8,8,0,0"}]}],"sdkVersion":"90","sessionToken":"vhRDZd5MK+4lIH8X/mNh9q3AWhAF6oQpsHzkSChxcELpqKx6kQxk3RdbBSxO0WdoUKHfmD2btxDbDaOk1jW1lp611h8JJ+FxRc8NQutzk0X7xTjJHvfIKjdMGZMp8Lax"}: message value is other then completed,http://52.13.174.6/sheeda/admin/api/startNewAdSession_2api is failed
{"appKey":"7d25f21b1692382e5507c792271446d8","deviceID":"2257","stats":[{"campaignID":123,"packageID":"com.mizo.taxi.driving.simII","sceneStats":[{"sceneID":"6","eventStats":"323,223,123,23,23,0,0"}]}],"sdkVersion":"90","sessionToken":"vhRDZd5MK+4lIH8X/mNh9q3AWhAF6oQpsHzkSChxcELpqKx6kQxk3RdbBSxO0WdoUKHfmD2btxDbDaOk1jW1lp611h8JJ+FxRc8NQutzk0X7xTjJHvfIKjdMGZMp8Lax"}: Status code forbidden, internet connectivity not availablehttp://52.13.174.6/sheeda/admin/api/startNewAdSession_2 please check your internet connection 18
{"appKey":"7d25f21b1692382e5507c792271446d8","deviceID":"2257","stats":[{"campaignID":123,"packageID":"com.mizo.taxi.driving.simII","sceneStats":[{"sceneID":"6","eventStats":"323,223,123,23,23,0,0"}]}],"sdkVersion":"90","sessionToken":"vhRDZd5MK+4lIH8X/mNh9q3AWhAF6oQpsHzkSChxcELpqKx6kQxk3RdbBSxO0WdoUKHfmD2btxDbDaOk1jW1lp611h8JJ+FxRc8NQutzk0X7xTjJHvfIKjdMGZMp8Lax"}: Status code not OK,http://52.13.174.6/sheeda/admin/api/startNewAdSession_2 API has failed at 18 Forbidden
{"appKey":"7d25f21b1692382e5507c792271446d8","deviceID":"2257","stats":[{"campaignID":123,"packageID":"com.mizo.taxi.driving.simII","sceneStats":[{"sceneID":"6","eventStats":"323,223,123,23,23,0,0"}]}],"sdkVersion":"90","sessionToken":"vhRDZd5MK+4lIH8X/mNh9q3AWhAF6oQpsHzkSChxcELpqKx6kQxk3RdbBSxO0WdoUKHfmD2btxDbDaOk1jW1lp611h8JJ+FxRc8NQutzk0X7xTjJHvfIKjdMGZMp8Lax"}: message value is other then completed,http://52.13.174.6/sheeda/admin/api/startNewAdSession_2api is failed
{"appKey":"e6c288ffb04d929a4737a593ce216e8b","deviceID":"6618","stats":[{"campaignID":126,"packageID":"com.gss.clown.robbery.gangster.squad","sceneStats":[{"sceneID":"17","eventStats":"366,266,166,66,66,0,0"}]}],"sdkVersion":"39","sessionToken":"vhRDZd5MK+4lIH8X/mNh9q3AWhAF6oQpsHzkSChxcELpqKx6kQxk3RdbBSxO0WdoUKHfmD2btxDbDaOk1jW1lp611h8JJ+FxRc8NQutzk0X7xTjJHvfIKjdMGZMp8Lax"}: Status code forbidden, internet connectivity not availablehttp://52.13.174.6/sheeda/admin/api/startNewAdSession_2 please check your internet connection 19
{"appKey":"e6c288ffb04d929a4737a593ce216e8b","deviceID":"6618","stats":[{"campaignID":126,"packageID":"com.gss.clown.robbery.gangster.squad","sceneStats":[{"sceneID":"17","eventStats":"366,266,166,66,66,0,0"}]}],"sdkVersion":"39","sessionToken":"vhRDZd5MK+4lIH8X/mNh9q3AWhAF6oQpsHzkSChxcELpqKx6kQxk3RdbBSxO0WdoUKHfmD2btxDbDaOk1jW1lp611h8JJ+FxRc8NQutzk0X7xTjJHvfIKjdMGZMp8Lax"}: Status code not OK,http://52.13.174.6/sheeda/admin/api/startNewAdSession_2 API has failed at 19 Forbidden
{"appKey":"e6c288ffb04d929a4737a593ce216e8b","deviceID":"6618","stats":[{"campaignID":126,"packageID":"com.gss.clown.robbery.gangster.squad","sceneStats":[{"sceneID":"17","eventStats":"366,266,166,66,66,0,0"}]}],"sdkVersion":"39","sessionToken":"vhRDZd5MK+4lIH8X/mNh9q3AWhAF6oQpsHzkSChxcELpqKx6kQxk3RdbBSxO0WdoUKHfmD2btxDbDaOk1jW1lp611h8JJ+FxRc8NQutzk0X7xTjJHvfIKjdMGZMp8Lax"}: message value is other then completed,http://52.13.174.6/sheeda/admin/api/startNewAdSession_2api is failed
{"appKey":"4d80502e5e231c73aef56bc16c23e28e","deviceID":"8156","stats":[{"campaignID":128,"packageID":"com.tgp.multistorey.car.transporter.truck","sceneStats":[{"sceneID":"21","eventStats":"381,281,181,81,81,0,0"}]}],"sdkVersion":"2163","sessionToken":"vhRDZd5MK+4lIH8X/mNh9q3AWhAF6oQpsHzkSChxcELpqKx6kQxk3RdbBSxO0WdoUKHfmD2btxDbDaOk1jW1lp611h8JJ+FxRc8NQutzk0X7xTjJHvfIKjdMGZMp8Lax"}: Status code forbidden, internet connectivity not availablehttp://52.13.174.6/sheeda/admin/api/startNewAdSession_2 please check your internet connection 20
{"appKey":"4d80502e5e231c73aef56bc16c23e28e","deviceID":"8156","stats":[{"campaignID":128,"packageID":"com.tgp.multistorey.car.transporter.truck","sceneStats":[{"sceneID":"21","eventStats":"381,281,181,81,81,0,0"}]}],"sdkVersion":"2163","sessionToken":"vhRDZd5MK+4lIH8X/mNh9q3AWhAF6oQpsHzkSChxcELpqKx6kQxk3RdbBSxO0WdoUKHfmD2btxDbDaOk1jW1lp611h8JJ+FxRc8NQutzk0X7xTjJHvfIKjdMGZMp8Lax"}: Status code not OK,http://52.13.174.6/sheeda/admin/api/startNewAdSession_2 API has failed at 20 Forbidden
{"appKey":"4d80502e5e231c73aef56bc16c23e28e","deviceID":"8156","stats":[{"campaignID":128,"packageID":"com.tgp.multistorey.car.transporter.truck","sceneStats":[{"sceneID":"21","eventStats":"381,281,181,81,81,0,0"}]}],"sdkVersion":"2163","sessionToken":"vhRDZd5MK+4lIH8X/mNh9q3AWhAF6oQpsHzkSChxcELpqKx6kQxk3RdbBSxO0WdoUKHfmD2btxDbDaOk1jW1lp611h8JJ+FxRc8NQutzk0X7xTjJHvfIKjdMGZMp8Lax"}: message value is other then completed,http://52.13.174.6/sheeda/admin/api/startNewAdSession_2api is failed
{"appKey":"95784c8196170f224be1193006a3bbea","deviceID":"9694","stats":[{"campaignID":130,"packageID":"com.whitesand.bike.mechanic","sceneStats":[{"sceneID":"25","eventStats":"396,296,196,96,96,0,0"}]}],"sdkVersion":"39","sessionToken":"vhRDZd5MK+4lIH8X/mNh9q3AWhAF6oQpsHzkSChxcELpqKx6kQxk3RdbBSxO0WdoUKHfmD2btxDbDaOk1jW1lp611h8JJ+FxRc8NQutzk0X7xTjJHvfIKjdMGZMp8Lax"}: Status code forbidden, internet connectivity not availablehttp://52.13.174.6/sheeda/admin/api/startNewAdSession_2 please check your internet connection 21
{"appKey":"95784c8196170f224be1193006a3bbea","deviceID":"9694","stats":[{"campaignID":130,"packageID":"com.whitesand.bike.mechanic","sceneStats":[{"sceneID":"25","eventStats":"396,296,196,96,96,0,0"}]}],"sdkVersion":"39","sessionToken":"vhRDZd5MK+4lIH8X/mNh9q3AWhAF6oQpsHzkSChxcELpqKx6kQxk3RdbBSxO0WdoUKHfmD2btxDbDaOk1jW1lp611h8JJ+FxRc8NQutzk0X7xTjJHvfIKjdMGZMp8Lax"}: Status code not OK,http://52.13.174.6/sheeda/admin/api/startNewAdSession_2 API has failed at 21 Forbidden
{"appKey":"95784c8196170f224be1193006a3bbea","deviceID":"9694","stats":[{"campaignID":130,"packageID":"com.whitesand.bike.mechanic","sceneStats":[{"sceneID":"25","eventStats":"396,296,196,96,96,0,0"}]}],"sdkVersion":"39","sessionToken":"vhRDZd5MK+4lIH8X/mNh9q3AWhAF6oQpsHzkSChxcELpqKx6kQxk3RdbBSxO0WdoUKHfmD2btxDbDaOk1jW1lp611h8JJ+FxRc8NQutzk0X7xTjJHvfIKjdMGZMp8Lax"}: message value is other then completed,http://52.13.174.6/sheeda/admin/api/startNewAdSession_2api is failed
{"appKey":"408e2b68db7ae9de1346fe1907578a69","deviceID":"9280","stats":[{"campaignID":131,"packageID":"com.threed.army.sniper.shooter","sceneStats":[{"sceneID":"24","eventStats":"392,292,192,92,92,0,0"}]}],"sdkVersion":"39","sessionToken":"vhRDZd5MK+4lIH8X/mNh9q3AWhAF6oQpsHzkSChxcELpqKx6kQxk3RdbBSxO0WdoUKHfmD2btxDbDaOk1jW1lp611h8JJ+FxRc8NQutzk0X7xTjJHvfIKjdMGZMp8Lax"}: Status code forbidden, internet connectivity not availablehttp://52.13.174.6/sheeda/admin/api/startNewAdSession_2 please check your internet connection 22
{"appKey":"408e2b68db7ae9de1346fe1907578a69","deviceID":"9280","stats":[{"campaignID":131,"packageID":"com.threed.army.sniper.shooter","sceneStats":[{"sceneID":"24","eventStats":"392,292,192,92,92,0,0"}]}],"sdkVersion":"39","sessionToken":"vhRDZd5MK+4lIH8X/mNh9q3AWhAF6oQpsHzkSChxcELpqKx6kQxk3RdbBSxO0WdoUKHfmD2btxDbDaOk1jW1lp611h8JJ+FxRc8NQutzk0X7xTjJHvfIKjdMGZMp8Lax"}: Status code not OK,http://52.13.174.6/sheeda/admin/api/startNewAdSession_2 API has failed at 22 Forbidden
{"appKey":"408e2b68db7ae9de1346fe1907578a69","deviceID":"9280","stats":[{"campaignID":131,"packageID":"com.threed.army.sniper.shooter","sceneStats":[{"sceneID":"24","eventStats":"392,292,192,92,92,0,0"}]}],"sdkVersion":"39","sessionToken":"vhRDZd5MK+4lIH8X/mNh9q3AWhAF6oQpsHzkSChxcELpqKx6kQxk3RdbBSxO0WdoUKHfmD2btxDbDaOk1jW1lp611h8JJ+FxRc8NQutzk0X7xTjJHvfIKjdMGZMp8Lax"}: message value is other then completed,http://52.13.174.6/sheeda/admin/api/startNewAdSession_2api is failed
{"appKey":"9c32e165fd92e18a2d2f8d387cd9e104","deviceID":"2455","stats":[{"campaignID":132,"packageID":"com.gss.us.army.commando.survival","sceneStats":[{"sceneID":"7","eventStats":"325,225,125,25,25,0,0"}]}],"sdkVersion":"2216","sessionToken":"vhRDZd5MK+4lIH8X/mNh9q3AWhAF6oQpsHzkSChxcELpqKx6kQxk3RdbBSxO0WdoUKHfmD2btxDbDaOk1jW1lp611h8JJ+FxRc8NQutzk0X7xTjJHvfIKjdMGZMp8Lax"}: Status code forbidden, internet connectivity not availablehttp://52.13.174.6/sheeda/admin/api/startNewAdSession_2 please check your internet connection 23
{"appKey":"9c32e165fd92e18a2d2f8d387cd9e104","deviceID":"2455","stats":[{"campaignID":132,"packageID":"com.gss.us.army.commando.survival","sceneStats":[{"sceneID":"7","eventStats":"325,225,125,25,25,0,0"}]}],"sdkVersion":"2216","sessionToken":"vhRDZd5MK+4lIH8X/mNh9q3AWhAF6oQpsHzkSChxcELpqKx6kQxk3RdbBSxO0WdoUKHfmD2btxDbDaOk1jW1lp611h8JJ+FxRc8NQutzk0X7xTjJHvfIKjdMGZMp8Lax"}: Status code not OK,http://52.13.174.6/sheeda/admin/api/startNewAdSession_2 API has failed at 23 Forbidden
{"appKey":"9c32e165fd92e18a2d2f8d387cd9e104","deviceID":"2455","stats":[{"campaignID":132,"packageID":"com.gss.us.army.commando.survival","sceneStats":[{"sceneID":"7","eventStats":"325,225,125,25,25,0,0"}]}],"sdkVersion":"2216","sessionToken":"vhRDZd5MK+4lIH8X/mNh9q3AWhAF6oQpsHzkSChxcELpqKx6kQxk3RdbBSxO0WdoUKHfmD2btxDbDaOk1jW1lp611h8JJ+FxRc8NQutzk0X7xTjJHvfIKjdMGZMp8Lax"}: message value is other then completed,http://52.13.174.6/sheeda/admin/api/startNewAdSession_2api is failed
{"appKey":"a3040901882682cf28d8e6242b545b11","deviceID":"3993","stats":[{"campaignID":134,"packageID":"com.tgp.offroad.multi.truck.transport","sceneStats":[{"sceneID":"10","eventStats":"340,240,140,40,40,0,0"}]}],"sdkVersion":"39","sessionToken":"vhRDZd5MK+4lIH8X/mNh9q3AWhAF6oQpsHzkSChxcELpqKx6kQxk3RdbBSxO0WdoUKHfmD2btxDbDaOk1jW1lp611h8JJ+FxRc8NQutzk0X7xTjJHvfIKjdMGZMp8Lax"}: Status code forbidden, internet connectivity not availablehttp://52.13.174.6/sheeda/admin/api/startNewAdSession_2 please check your internet connection 24
{"appKey":"a3040901882682cf28d8e6242b545b11","deviceID":"3993","stats":[{"campaignID":134,"packageID":"com.tgp.offroad.multi.truck.transport","sceneStats":[{"sceneID":"10","eventStats":"340,240,140,40,40,0,0"}]}],"sdkVersion":"39","sessionToken":"vhRDZd5MK+4lIH8X/mNh9q3AWhAF6oQpsHzkSChxcELpqKx6kQxk3RdbBSxO0WdoUKHfmD2btxDbDaOk1jW1lp611h8JJ+FxRc8NQutzk0X7xTjJHvfIKjdMGZMp8Lax"}: Status code not OK,http://52.13.174.6/sheeda/admin/api/startNewAdSession_2 API has failed at 24 Forbidden
{"appKey":"a3040901882682cf28d8e6242b545b11","deviceID":"3993","stats":[{"campaignID":134,"packageID":"com.tgp.offroad.multi.truck.transport","sceneStats":[{"sceneID":"10","eventStats":"340,240,140,40,40,0,0"}]}],"sdkVersion":"39","sessionToken":"vhRDZd5MK+4lIH8X/mNh9q3AWhAF6oQpsHzkSChxcELpqKx6kQxk3RdbBSxO0WdoUKHfmD2btxDbDaOk1jW1lp611h8JJ+FxRc8NQutzk0X7xTjJHvfIKjdMGZMp8Lax"}: message value is other then completed,http://52.13.174.6/sheeda/admin/api/startNewAdSession_2api is failed
mode value is set

 Aspect ratio value is correct
sentry_log value is set
Session token value is set

{"appKey":"934628f5152161a94cdb52489ea8b7b5","deviceID":"6861","stats":[{"campaignID":143,"packageID":"com.mizo.sports.car.mechanic","sceneStats":[{"sceneID":"18","eventStats":"368,268,168,68,68,0,0"}]}],"sdkVersion":"2216","sessionToken":"li91dvop68rs2Mnmzt+qEdcsljM7jVd8PD998dPgg40A4ca4fudldF\/eYCEX+Oq0P5P+QY9PnY2ir3sFsKYSuMmD8Ykhf9WQob4NKSTOsjd7IoKygdXg0bQu+Rrm1EF3eSDRpojlRaNoqiESyWIU5TEQzY6LWXcErfBm4jARqKE="}: Status code forbidden, internet connectivity not availablehttp://52.13.174.6/sheeda/admin/api/startNewAdSession_2 please check your internet connection 26
{"appKey":"934628f5152161a94cdb52489ea8b7b5","deviceID":"6861","stats":[{"campaignID":143,"packageID":"com.mizo.sports.car.mechanic","sceneStats":[{"sceneID":"18","eventStats":"368,268,168,68,68,0,0"}]}],"sdkVersion":"2216","sessionToken":"li91dvop68rs2Mnmzt+qEdcsljM7jVd8PD998dPgg40A4ca4fudldF\/eYCEX+Oq0P5P+QY9PnY2ir3sFsKYSuMmD8Ykhf9WQob4NKSTOsjd7IoKygdXg0bQu+Rrm1EF3eSDRpojlRaNoqiESyWIU5TEQzY6LWXcErfBm4jARqKE="}: Status code not OK,http://52.13.174.6/sheeda/admin/api/startNewAdSession_2 API has failed at 26 Forbidden
{"appKey":"934628f5152161a94cdb52489ea8b7b5","deviceID":"6861","stats":[{"campaignID":143,"packageID":"com.mizo.sports.car.mechanic","sceneStats":[{"sceneID":"18","eventStats":"368,268,168,68,68,0,0"}]}],"sdkVersion":"2216","sessionToken":"li91dvop68rs2Mnmzt+qEdcsljM7jVd8PD998dPgg40A4ca4fudldF\/eYCEX+Oq0P5P+QY9PnY2ir3sFsKYSuMmD8Ykhf9WQob4NKSTOsjd7IoKygdXg0bQu+Rrm1EF3eSDRpojlRaNoqiESyWIU5TEQzY6LWXcErfBm4jARqKE="}: message value is other then completed,http://52.13.174.6/sheeda/admin/api/startNewAdSession_2api is failed
{"appKey":"081c9f3ed7515bbbefc3fc89101b1944","deviceID":"3939","stats":[{"campaignID":146,"packageID":"com.gss.offroad.policebiketransport","sceneStats":[{"sceneID":"10","eventStats":"339,239,139,39,39,0,0"}]}],"sdkVersion":"39","sessionToken":"li91dvop68rs2Mnmzt+qEdcsljM7jVd8PD998dPgg40A4ca4fudldF\/eYCEX+Oq0P5P+QY9PnY2ir3sFsKYSuMmD8Ykhf9WQob4NKSTOsjd7IoKygdXg0bQu+Rrm1EF3eSDRpojlRaNoqiESyWIU5TEQzY6LWXcErfBm4jARqKE="}: Status code forbidden, internet connectivity not availablehttp://52.13.174.6/sheeda/admin/api/startNewAdSession_2 please check your internet connection 27
{"appKey":"081c9f3ed7515bbbefc3fc89101b1944","deviceID":"3939","stats":[{"campaignID":146,"packageID":"com.gss.offroad.policebiketransport","sceneStats":[{"sceneID":"10","eventStats":"339,239,139,39,39,0,0"}]}],"sdkVersion":"39","sessionToken":"li91dvop68rs2Mnmzt+qEdcsljM7jVd8PD998dPgg40A4ca4fudldF\/eYCEX+Oq0P5P+QY9PnY2ir3sFsKYSuMmD8Ykhf9WQob4NKSTOsjd7IoKygdXg0bQu+Rrm1EF3eSDRpojlRaNoqiESyWIU5TEQzY6LWXcErfBm4jARqKE="}: Status code not OK,http://52.13.174.6/sheeda/admin/api/startNewAdSession_2 API has failed at 27 Forbidden
{"appKey":"081c9f3ed7515bbbefc3fc89101b1944","deviceID":"3939","stats":[{"campaignID":146,"packageID":"com.gss.offroad.policebiketransport","sceneStats":[{"sceneID":"10","eventStats":"339,239,139,39,39,0,0"}]}],"sdkVersion":"39","sessionToken":"li91dvop68rs2Mnmzt+qEdcsljM7jVd8PD998dPgg40A4ca4fudldF\/eYCEX+Oq0P5P+QY9PnY2ir3sFsKYSuMmD8Ykhf9WQob4NKSTOsjd7IoKygdXg0bQu+Rrm1EF3eSDRpojlRaNoqiESyWIU5TEQzY6LWXcErfBm4jARqKE="}: message value is other then completed,http://52.13.174.6/sheeda/admin/api/startNewAdSession_2api is failed
{"appKey":"9df632233aa0ab875abe5f3677328817","deviceID":"9064","stats":[{"campaignID":153,"packageID":"com.whitesand.underwater.shark.sniper.hunter","sceneStats":[{"sceneID":"23","eventStats":"390,290,190,90,90,0,0"}]}],"sdkVersion":"90","sessionToken":"li91dvop68rs2Mnmzt+qEdcsljM7jVd8PD998dPgg40A4ca4fudldF\/eYCEX+Oq0P5P+QY9PnY2ir3sFsKYSuMmD8Ykhf9WQob4NKSTOsjd7IoKygdXg0bQu+Rrm1EF3eSDRpojlRaNoqiESyWIU5TEQzY6LWXcErfBm4jARqKE="}: Status code forbidden, internet connectivity not availablehttp://52.13.174.6/sheeda/admin/api/startNewAdSession_2 please check your internet connection 28
{"appKey":"9df632233aa0ab875abe5f3677328817","deviceID":"9064","stats":[{"campaignID":153,"packageID":"com.whitesand.underwater.shark.sniper.hunter","sceneStats":[{"sceneID":"23","eventStats":"390,290,190,90,90,0,0"}]}],"sdkVersion":"90","sessionToken":"li91dvop68rs2Mnmzt+qEdcsljM7jVd8PD998dPgg40A4ca4fudldF\/eYCEX+Oq0P5P+QY9PnY2ir3sFsKYSuMmD8Ykhf9WQob4NKSTOsjd7IoKygdXg0bQu+Rrm1EF3eSDRpojlRaNoqiESyWIU5TEQzY6LWXcErfBm4jARqKE="}: Status code not OK,http://52.13.174.6/sheeda/admin/api/startNewAdSession_2 API has failed at 28 Forbidden
{"appKey":"9df632233aa0ab875abe5f3677328817","deviceID":"9064","stats":[{"campaignID":153,"packageID":"com.whitesand.underwater.shark.sniper.hunter","sceneStats":[{"sceneID":"23","eventStats":"390,290,190,90,90,0,0"}]}],"sdkVersion":"90","sessionToken":"li91dvop68rs2Mnmzt+qEdcsljM7jVd8PD998dPgg40A4ca4fudldF\/eYCEX+Oq0P5P+QY9PnY2ir3sFsKYSuMmD8Ykhf9WQob4NKSTOsjd7IoKygdXg0bQu+Rrm1EF3eSDRpojlRaNoqiESyWIU5TEQzY6LWXcErfBm4jARqKE="}: message value is other then completed,http://52.13.174.6/sheeda/admin/api/startNewAdSession_2api is failed
{"appKey":"0c2ea59a1926e209c4043dbc64975c4d","deviceID":"8650","stats":[{"campaignID":155,"packageID":"com.gss.garage.workshop.carmehanic","sceneStats":[{"sceneID":"22","eventStats":"386,286,186,86,86,0,0"}]}],"sdkVersion":"2163","sessionToken":"li91dvop68rs2Mnmzt+qEdcsljM7jVd8PD998dPgg40A4ca4fudldF\/eYCEX+Oq0P5P+QY9PnY2ir3sFsKYSuMmD8Ykhf9WQob4NKSTOsjd7IoKygdXg0bQu+Rrm1EF3eSDRpojlRaNoqiESyWIU5TEQzY6LWXcErfBm4jARqKE="}: Status code forbidden, internet connectivity not availablehttp://52.13.174.6/sheeda/admin/api/startNewAdSession_2 please check your internet connection 29
{"appKey":"0c2ea59a1926e209c4043dbc64975c4d","deviceID":"8650","stats":[{"campaignID":155,"packageID":"com.gss.garage.workshop.carmehanic","sceneStats":[{"sceneID":"22","eventStats":"386,286,186,86,86,0,0"}]}],"sdkVersion":"2163","sessionToken":"li91dvop68rs2Mnmzt+qEdcsljM7jVd8PD998dPgg40A4ca4fudldF\/eYCEX+Oq0P5P+QY9PnY2ir3sFsKYSuMmD8Ykhf9WQob4NKSTOsjd7IoKygdXg0bQu+Rrm1EF3eSDRpojlRaNoqiESyWIU5TEQzY6LWXcErfBm4jARqKE="}: Status code not OK,http://52.13.174.6/sheeda/admin/api/startNewAdSession_2 API has failed at 29 Forbidden
{"appKey":"0c2ea59a1926e209c4043dbc64975c4d","deviceID":"8650","stats":[{"campaignID":155,"packageID":"com.gss.garage.workshop.carmehanic","sceneStats":[{"sceneID":"22","eventStats":"386,286,186,86,86,0,0"}]}],"sdkVersion":"2163","sessionToken":"li91dvop68rs2Mnmzt+qEdcsljM7jVd8PD998dPgg40A4ca4fudldF\/eYCEX+Oq0P5P+QY9PnY2ir3sFsKYSuMmD8Ykhf9WQob4NKSTOsjd7IoKygdXg0bQu+Rrm1EF3eSDRpojlRaNoqiESyWIU5TEQzY6LWXcErfBm4jARqKE="}: message value is other then completed,http://52.13.174.6/sheeda/admin/api/startNewAdSession_2api is failed
{"appKey":"47177e643e2e9ff27cdc3f79c552ce95","deviceID":"2141","stats":[{"campaignID":164,"packageID":"com.tgp.car.robot.transport.truck","sceneStats":[{"sceneID":"6","eventStats":"322,222,122,22,22,0,0"}]}],"sdkVersion":"2163","sessionToken":"li91dvop68rs2Mnmzt+qEdcsljM7jVd8PD998dPgg40A4ca4fudldF\/eYCEX+Oq0P5P+QY9PnY2ir3sFsKYSuMmD8Ykhf9WQob4NKSTOsjd7IoKygdXg0bQu+Rrm1EF3eSDRpojlRaNoqiESyWIU5TEQzY6LWXcErfBm4jARqKE="}: Status code forbidden, internet connectivity not availablehttp://52.13.174.6/sheeda/admin/api/startNewAdSession_2 please check your internet connection 30
{"appKey":"47177e643e2e9ff27cdc3f79c552ce95","deviceID":"2141","stats":[{"campaignID":164,"packageID":"com.tgp.car.robot.transport.truck","sceneStats":[{"sceneID":"6","eventStats":"322,222,122,22,22,0,0"}]}],"sdkVersion":"2163","sessionToken":"li91dvop68rs2Mnmzt+qEdcsljM7jVd8PD998dPgg40A4ca4fudldF\/eYCEX+Oq0P5P+QY9PnY2ir3sFsKYSuMmD8Ykhf9WQob4NKSTOsjd7IoKygdXg0bQu+Rrm1EF3eSDRpojlRaNoqiESyWIU5TEQzY6LWXcErfBm4jARqKE="}: Status code not OK,http://52.13.174.6/sheeda/admin/api/startNewAdSession_2 API has failed at 30 Forbidden
{"appKey":"47177e643e2e9ff27cdc3f79c552ce95","deviceID":"2141","stats":[{"campaignID":164,"packageID":"com.tgp.car.robot.transport.truck","sceneStats":[{"sceneID":"6","eventStats":"322,222,122,22,22,0,0"}]}],"sdkVersion":"2163","sessionToken":"li91dvop68rs2Mnmzt+qEdcsljM7jVd8PD998dPgg40A4ca4fudldF\/eYCEX+Oq0P5P+QY9PnY2ir3sFsKYSuMmD8Ykhf9WQob4NKSTOsjd7IoKygdXg0bQu+Rrm1EF3eSDRpojlRaNoqiESyWIU5TEQzY6LWXcErfBm4jARqKE="}: message value is other then completed,http://52.13.174.6/sheeda/admin/api/startNewAdSession_2api is failed
{"appKey":"e551eacd7ce4c379df2008130984e935","deviceID":"8138","stats":[{"campaignID":173,"packageID":"com.ubmgames.commando.survivor.modern.lone","sceneStats":[{"sceneID":"21","eventStats":"381,281,181,81,81,0,0"}]}],"sdkVersion":"26","sessionToken":"li91dvop68rs2Mnmzt+qEdcsljM7jVd8PD998dPgg40A4ca4fudldF\/eYCEX+Oq0P5P+QY9PnY2ir3sFsKYSuMmD8Ykhf9WQob4NKSTOsjd7IoKygdXg0bQu+Rrm1EF3eSDRpojlRaNoqiESyWIU5TEQzY6LWXcErfBm4jARqKE="}: Status code forbidden, internet connectivity not availablehttp://52.13.174.6/sheeda/admin/api/startNewAdSession_2 please check your internet connection 31
{"appKey":"e551eacd7ce4c379df2008130984e935","deviceID":"8138","stats":[{"campaignID":173,"packageID":"com.ubmgames.commando.survivor.modern.lone","sceneStats":[{"sceneID":"21","eventStats":"381,281,181,81,81,0,0"}]}],"sdkVersion":"26","sessionToken":"li91dvop68rs2Mnmzt+qEdcsljM7jVd8PD998dPgg40A4ca4fudldF\/eYCEX+Oq0P5P+QY9PnY2ir3sFsKYSuMmD8Ykhf9WQob4NKSTOsjd7IoKygdXg0bQu+Rrm1EF3eSDRpojlRaNoqiESyWIU5TEQzY6LWXcErfBm4jARqKE="}: Status code not OK,http://52.13.174.6/sheeda/admin/api/startNewAdSession_2 API has failed at 31 Forbidden
{"appKey":"e551eacd7ce4c379df2008130984e935","deviceID":"8138","stats":[{"campaignID":173,"packageID":"com.ubmgames.commando.survivor.modern.lone","sceneStats":[{"sceneID":"21","eventStats":"381,281,181,81,81,0,0"}]}],"sdkVersion":"26","sessionToken":"li91dvop68rs2Mnmzt+qEdcsljM7jVd8PD998dPgg40A4ca4fudldF\/eYCEX+Oq0P5P+QY9PnY2ir3sFsKYSuMmD8Ykhf9WQob4NKSTOsjd7IoKygdXg0bQu+Rrm1EF3eSDRpojlRaNoqiESyWIU5TEQzY6LWXcErfBm4jARqKE="}: message value is other then completed,http://52.13.174.6/sheeda/admin/api/startNewAdSession_2api is failed
{"appKey":"71828c96f5c84c83fef15e416d3756de","deviceID":"9676","stats":[{"campaignID":177,"packageID":"com.mizo.transformer.robot","sceneStats":[{"sceneID":"25","eventStats":"396,296,196,96,96,0,0"}]}],"sdkVersion":"39","sessionToken":"li91dvop68rs2Mnmzt+qEdcsljM7jVd8PD998dPgg40A4ca4fudldF\/eYCEX+Oq0P5P+QY9PnY2ir3sFsKYSuMmD8Ykhf9WQob4NKSTOsjd7IoKygdXg0bQu+Rrm1EF3eSDRpojlRaNoqiESyWIU5TEQzY6LWXcErfBm4jARqKE="}: Status code forbidden, internet connectivity not availablehttp://52.13.174.6/sheeda/admin/api/startNewAdSession_2 please check your internet connection 32
{"appKey":"71828c96f5c84c83fef15e416d3756de","deviceID":"9676","stats":[{"campaignID":177,"packageID":"com.mizo.transformer.robot","sceneStats":[{"sceneID":"25","eventStats":"396,296,196,96,96,0,0"}]}],"sdkVersion":"39","sessionToken":"li91dvop68rs2Mnmzt+qEdcsljM7jVd8PD998dPgg40A4ca4fudldF\/eYCEX+Oq0P5P+QY9PnY2ir3sFsKYSuMmD8Ykhf9WQob4NKSTOsjd7IoKygdXg0bQu+Rrm1EF3eSDRpojlRaNoqiESyWIU5TEQzY6LWXcErfBm4jARqKE="}: Status code not OK,http://52.13.174.6/sheeda/admin/api/startNewAdSession_2 API has failed at 32 Forbidden
{"appKey":"71828c96f5c84c83fef15e416d3756de","deviceID":"9676","stats":[{"campaignID":177,"packageID":"com.mizo.transformer.robot","sceneStats":[{"sceneID":"25","eventStats":"396,296,196,96,96,0,0"}]}],"sdkVersion":"39","sessionToken":"li91dvop68rs2Mnmzt+qEdcsljM7jVd8PD998dPgg40A4ca4fudldF\/eYCEX+Oq0P5P+QY9PnY2ir3sFsKYSuMmD8Ykhf9WQob4NKSTOsjd7IoKygdXg0bQu+Rrm1EF3eSDRpojlRaNoqiESyWIU5TEQzY6LWXcErfBm4jARqKE="}: message value is other then completed,http://52.13.174.6/sheeda/admin/api/startNewAdSession_2api is failed
{"appKey":"e551eacd7ce4c379df2008130984e935","deviceID":"4802","stats":[{"campaignID":179,"packageID":"com.ubmgames.commando.survivor.modern.lone","sceneStats":[{"sceneID":"13","eventStats":"348,248,148,48,48,0,0"}]}],"sdkVersion":"26","sessionToken":"li91dvop68rs2Mnmzt+qEdcsljM7jVd8PD998dPgg40A4ca4fudldF\/eYCEX+Oq0P5P+QY9PnY2ir3sFsKYSuMmD8Ykhf9WQob4NKSTOsjd7IoKygdXg0bQu+Rrm1EF3eSDRpojlRaNoqiESyWIU5TEQzY6LWXcErfBm4jARqKE="}: Status code forbidden, internet connectivity not availablehttp://52.13.174.6/sheeda/admin/api/startNewAdSession_2 please check your internet connection 33
{"appKey":"e551eacd7ce4c379df2008130984e935","deviceID":"4802","stats":[{"campaignID":179,"packageID":"com.ubmgames.commando.survivor.modern.lone","sceneStats":[{"sceneID":"13","eventStats":"348,248,148,48,48,0,0"}]}],"sdkVersion":"26","sessionToken":"li91dvop68rs2Mnmzt+qEdcsljM7jVd8PD998dPgg40A4ca4fudldF\/eYCEX+Oq0P5P+QY9PnY2ir3sFsKYSuMmD8Ykhf9WQob4NKSTOsjd7IoKygdXg0bQu+Rrm1EF3eSDRpojlRaNoqiESyWIU5TEQzY6LWXcErfBm4jARqKE="}: Status code not OK,http://52.13.174.6/sheeda/admin/api/startNewAdSession_2 API has failed at 33 Forbidden
{"appKey":"e551eacd7ce4c379df2008130984e935","deviceID":"4802","stats":[{"campaignID":179,"packageID":"com.ubmgames.commando.survivor.modern.lone","sceneStats":[{"sceneID":"13","eventStats":"348,248,148,48,48,0,0"}]}],"sdkVersion":"26","sessionToken":"li91dvop68rs2Mnmzt+qEdcsljM7jVd8PD998dPgg40A4ca4fudldF\/eYCEX+Oq0P5P+QY9PnY2ir3sFsKYSuMmD8Ykhf9WQob4NKSTOsjd7IoKygdXg0bQu+Rrm1EF3eSDRpojlRaNoqiESyWIU5TEQzY6LWXcErfBm4jARqKE="}: message value is other then completed,http://52.13.174.6/sheeda/admin/api/startNewAdSession_2api is failed
{"appKey":"dacfcc72736ec57f9871a90c24be611a","deviceID":"5925","stats":[{"campaignID":184,"packageID":"com.tgp.derby.cartransporttruck","sceneStats":[{"sceneID":"15","eventStats":"359,259,159,59,59,0,0"}]}],"sdkVersion":"39","sessionToken":"li91dvop68rs2Mnmzt+qEdcsljM7jVd8PD998dPgg40A4ca4fudldF\/eYCEX+Oq0P5P+QY9PnY2ir3sFsKYSuMmD8Ykhf9WQob4NKSTOsjd7IoKygdXg0bQu+Rrm1EF3eSDRpojlRaNoqiESyWIU5TEQzY6LWXcErfBm4jARqKE="}: Status code forbidden, internet connectivity not availablehttp://52.13.174.6/sheeda/admin/api/startNewAdSession_2 please check your internet connection 34
{"appKey":"dacfcc72736ec57f9871a90c24be611a","deviceID":"5925","stats":[{"campaignID":184,"packageID":"com.tgp.derby.cartransporttruck","sceneStats":[{"sceneID":"15","eventStats":"359,259,159,59,59,0,0"}]}],"sdkVersion":"39","sessionToken":"li91dvop68rs2Mnmzt+qEdcsljM7jVd8PD998dPgg40A4ca4fudldF\/eYCEX+Oq0P5P+QY9PnY2ir3sFsKYSuMmD8Ykhf9WQob4NKSTOsjd7IoKygdXg0bQu+Rrm1EF3eSDRpojlRaNoqiESyWIU5TEQzY6LWXcErfBm4jARqKE="}: Status code not OK,http://52.13.174.6/sheeda/admin/api/startNewAdSession_2 API has failed at 34 Forbidden
{"appKey":"dacfcc72736ec57f9871a90c24be611a","deviceID":"5925","stats":[{"campaignID":184,"packageID":"com.tgp.derby.cartransporttruck","sceneStats":[{"sceneID":"15","eventStats":"359,259,159,59,59,0,0"}]}],"sdkVersion":"39","sessionToken":"li91dvop68rs2Mnmzt+qEdcsljM7jVd8PD998dPgg40A4ca4fudldF\/eYCEX+Oq0P5P+QY9PnY2ir3sFsKYSuMmD8Ykhf9WQob4NKSTOsjd7IoKygdXg0bQu+Rrm1EF3eSDRpojlRaNoqiESyWIU5TEQzY6LWXcErfBm4jARqKE="}: message value is other then completed,http://52.13.174.6/sheeda/admin/api/startNewAdSession_2api is failed
mode value is set

 Aspect ratio value is correct
sentry_log value is set
Session token value is set

{"appKey":"04f5a9854a7ab0d33c312f6ba1115c79","deviceID":"9176","stats":[{"campaignID":191,"packageID":"com.tgp.multi.car.smart.parking.truck","sceneStats":[{"sceneID":"23","eventStats":"391,291,191,91,91,0,0"}]}],"sdkVersion":"39","sessionToken":"e+c5VAS598Q4dfds4U2U\/pCiKfGK1h0kuTsjjkch8aupwBpqfmGDfijspxKrm0GpGcaIOfrYmxEC1IavnLKtfqJJd2QaMrNGlp8K+AyiLlM15y8s09coJiNPNzaRMtCaeNEovzu1eyN1\/bokCzw7BXuH\/qDXYDQ6hKN6PuKoats="}: Status code forbidden, internet connectivity not availablehttp://52.13.174.6/sheeda/admin/api/startNewAdSession_2 please check your internet connection 36
{"appKey":"04f5a9854a7ab0d33c312f6ba1115c79","deviceID":"9176","stats":[{"campaignID":191,"packageID":"com.tgp.multi.car.smart.parking.truck","sceneStats":[{"sceneID":"23","eventStats":"391,291,191,91,91,0,0"}]}],"sdkVersion":"39","sessionToken":"e+c5VAS598Q4dfds4U2U\/pCiKfGK1h0kuTsjjkch8aupwBpqfmGDfijspxKrm0GpGcaIOfrYmxEC1IavnLKtfqJJd2QaMrNGlp8K+AyiLlM15y8s09coJiNPNzaRMtCaeNEovzu1eyN1\/bokCzw7BXuH\/qDXYDQ6hKN6PuKoats="}: Status code not OK,http://52.13.174.6/sheeda/admin/api/startNewAdSession_2 API has failed at 36 Forbidden
{"appKey":"04f5a9854a7ab0d33c312f6ba1115c79","deviceID":"9176","stats":[{"campaignID":191,"packageID":"com.tgp.multi.car.smart.parking.truck","sceneStats":[{"sceneID":"23","eventStats":"391,291,191,91,91,0,0"}]}],"sdkVersion":"39","sessionToken":"e+c5VAS598Q4dfds4U2U\/pCiKfGK1h0kuTsjjkch8aupwBpqfmGDfijspxKrm0GpGcaIOfrYmxEC1IavnLKtfqJJd2QaMrNGlp8K+AyiLlM15y8s09coJiNPNzaRMtCaeNEovzu1eyN1\/bokCzw7BXuH\/qDXYDQ6hKN6PuKoats="}: message value is other then completed,http://52.13.174.6/sheeda/admin/api/startNewAdSession_2api is failed
{"appKey":"8417aa110173549083015865620d6db3","deviceID":"714","stats":[{"campaignID":192,"packageID":"com.gamefeast.offroadtruck.mechanic.garage","sceneStats":[{"sceneID":"2","eventStats":"308,208,108,8,8,0,0"}]}],"sdkVersion":"39","sessionToken":"e+c5VAS598Q4dfds4U2U\/pCiKfGK1h0kuTsjjkch8aupwBpqfmGDfijspxKrm0GpGcaIOfrYmxEC1IavnLKtfqJJd2QaMrNGlp8K+AyiLlM15y8s09coJiNPNzaRMtCaeNEovzu1eyN1\/bokCzw7BXuH\/qDXYDQ6hKN6PuKoats="}: Status code forbidden, internet connectivity not availablehttp://52.13.174.6/sheeda/admin/api/startNewAdSession_2 please check your internet connection 37
{"appKey":"8417aa110173549083015865620d6db3","deviceID":"714","stats":[{"campaignID":192,"packageID":"com.gamefeast.offroadtruck.mechanic.garage","sceneStats":[{"sceneID":"2","eventStats":"308,208,108,8,8,0,0"}]}],"sdkVersion":"39","sessionToken":"e+c5VAS598Q4dfds4U2U\/pCiKfGK1h0kuTsjjkch8aupwBpqfmGDfijspxKrm0GpGcaIOfrYmxEC1IavnLKtfqJJd2QaMrNGlp8K+AyiLlM15y8s09coJiNPNzaRMtCaeNEovzu1eyN1\/bokCzw7BXuH\/qDXYDQ6hKN6PuKoats="}: Status code not OK,http://52.13.174.6/sheeda/admin/api/startNewAdSession_2 API has failed at 37 Forbidden
{"appKey":"8417aa110173549083015865620d6db3","deviceID":"714","stats":[{"campaignID":192,"packageID":"com.gamefeast.offroadtruck.mechanic.garage","sceneStats":[{"sceneID":"2","eventStats":"308,208,108,8,8,0,0"}]}],"sdkVersion":"39","sessionToken":"e+c5VAS598Q4dfds4U2U\/pCiKfGK1h0kuTsjjkch8aupwBpqfmGDfijspxKrm0GpGcaIOfrYmxEC1IavnLKtfqJJd2QaMrNGlp8K+AyiLlM15y8s09coJiNPNzaRMtCaeNEovzu1eyN1\/bokCzw7BXuH\/qDXYDQ6hKN6PuKoats="}: message value is other then completed,http://52.13.174.6/sheeda/admin/api/startNewAdSession_2api is failed
{"appKey":"9bfb78f6a7b11d99e8e05f5d9ad5562d","deviceID":"301","stats":[{"campaignID":201,"packageID":"com.whitesand.pit.stop.car.mechanic","sceneStats":[{"sceneID":"1","eventStats":"303,203,103,3,3,0,0"}]}],"sdkVersion":"2286","sessionToken":"e+c5VAS598Q4dfds4U2U\/pCiKfGK1h0kuTsjjkch8aupwBpqfmGDfijspxKrm0GpGcaIOfrYmxEC1IavnLKtfqJJd2QaMrNGlp8K+AyiLlM15y8s09coJiNPNzaRMtCaeNEovzu1eyN1\/bokCzw7BXuH\/qDXYDQ6hKN6PuKoats="}: Status code forbidden, internet connectivity not availablehttp://52.13.174.6/sheeda/admin/api/startNewAdSession_2 please check your internet connection 38
{"appKey":"9bfb78f6a7b11d99e8e05f5d9ad5562d","deviceID":"301","stats":[{"campaignID":201,"packageID":"com.whitesand.pit.stop.car.mechanic","sceneStats":[{"sceneID":"1","eventStats":"303,203,103,3,3,0,0"}]}],"sdkVersion":"2286","sessionToken":"e+c5VAS598Q4dfds4U2U\/pCiKfGK1h0kuTsjjkch8aupwBpqfmGDfijspxKrm0GpGcaIOfrYmxEC1IavnLKtfqJJd2QaMrNGlp8K+AyiLlM15y8s09coJiNPNzaRMtCaeNEovzu1eyN1\/bokCzw7BXuH\/qDXYDQ6hKN6PuKoats="}: Status code not OK,http://52.13.174.6/sheeda/admin/api/startNewAdSession_2 API has failed at 38 Forbidden
{"appKey":"9bfb78f6a7b11d99e8e05f5d9ad5562d","deviceID":"301","stats":[{"campaignID":201,"packageID":"com.whitesand.pit.stop.car.mechanic","sceneStats":[{"sceneID":"1","eventStats":"303,203,103,3,3,0,0"}]}],"sdkVersion":"2286","sessionToken":"e+c5VAS598Q4dfds4U2U\/pCiKfGK1h0kuTsjjkch8aupwBpqfmGDfijspxKrm0GpGcaIOfrYmxEC1IavnLKtfqJJd2QaMrNGlp8K+AyiLlM15y8s09coJiNPNzaRMtCaeNEovzu1eyN1\/bokCzw7BXuH\/qDXYDQ6hKN6PuKoats="}: message value is other then completed,http://52.13.174.6/sheeda/admin/api/startNewAdSession_2api is failed
{"appKey":"9bfb78f6a7b11d99e8e05f5d9ad5562d","deviceID":"1805","stats":[{"campaignID":204,"packageID":"com.whitesand.pit.stop.car.mechanic","sceneStats":[{"sceneID":"5","eventStats":"318,218,118,18,18,0,0"}]}],"sdkVersion":"2286","sessionToken":"e+c5VAS598Q4dfds4U2U\/pCiKfGK1h0kuTsjjkch8aupwBpqfmGDfijspxKrm0GpGcaIOfrYmxEC1IavnLKtfqJJd2QaMrNGlp8K+AyiLlM15y8s09coJiNPNzaRMtCaeNEovzu1eyN1\/bokCzw7BXuH\/qDXYDQ6hKN6PuKoats="}: Status code forbidden, internet connectivity not availablehttp://52.13.174.6/sheeda/admin/api/startNewAdSession_2 please check your internet connection 39
{"appKey":"9bfb78f6a7b11d99e8e05f5d9ad5562d","deviceID":"1805","stats":[{"campaignID":204,"packageID":"com.whitesand.pit.stop.car.mechanic","sceneStats":[{"sceneID":"5","eventStats":"318,218,118,18,18,0,0"}]}],"sdkVersion":"2286","sessionToken":"e+c5VAS598Q4dfds4U2U\/pCiKfGK1h0kuTsjjkch8aupwBpqfmGDfijspxKrm0GpGcaIOfrYmxEC1IavnLKtfqJJd2QaMrNGlp8K+AyiLlM15y8s09coJiNPNzaRMtCaeNEovzu1eyN1\/bokCzw7BXuH\/qDXYDQ6hKN6PuKoats="}: Status code not OK,http://52.13.174.6/sheeda/admin/api/startNewAdSession_2 API has failed at 39 Forbidden
{"appKey":"9bfb78f6a7b11d99e8e05f5d9ad5562d","deviceID":"1805","stats":[{"campaignID":204,"packageID":"com.whitesand.pit.stop.car.mechanic","sceneStats":[{"sceneID":"5","eventStats":"318,218,118,18,18,0,0"}]}],"sdkVersion":"2286","sessionToken":"e+c5VAS598Q4dfds4U2U\/pCiKfGK1h0kuTsjjkch8aupwBpqfmGDfijspxKrm0GpGcaIOfrYmxEC1IavnLKtfqJJd2QaMrNGlp8K+AyiLlM15y8s09coJiNPNzaRMtCaeNEovzu1eyN1\/bokCzw7BXuH\/qDXYDQ6hKN6PuKoats="}: message value is other then completed,http://52.13.174.6/sheeda/admin/api/startNewAdSession_2api is failed
{"appKey":"c9ff7b63c2c44f80f0a4aaef6737794f","deviceID":"453","stats":[{"campaignID":207,"packageID":"com.gss.army.commando.survivalisland","sceneStats":[{"sceneID":"2","eventStats":"305,205,105,5,5,0,0"}]}],"sdkVersion":"39","sessionToken":"e+c5VAS598Q4dfds4U2U\/pCiKfGK1h0kuTsjjkch8aupwBpqfmGDfijspxKrm0GpGcaIOfrYmxEC1IavnLKtfqJJd2QaMrNGlp8K+AyiLlM15y8s09coJiNPNzaRMtCaeNEovzu1eyN1\/bokCzw7BXuH\/qDXYDQ6hKN6PuKoats="}: Status code forbidden, internet connectivity not availablehttp://52.13.174.6/sheeda/admin/api/startNewAdSession_2 please check your internet connection 40
{"appKey":"c9ff7b63c2c44f80f0a4aaef6737794f","deviceID":"453","stats":[{"campaignID":207,"packageID":"com.gss.army.commando.survivalisland","sceneStats":[{"sceneID":"2","eventStats":"305,205,105,5,5,0,0"}]}],"sdkVersion":"39","sessionToken":"e+c5VAS598Q4dfds4U2U\/pCiKfGK1h0kuTsjjkch8aupwBpqfmGDfijspxKrm0GpGcaIOfrYmxEC1IavnLKtfqJJd2QaMrNGlp8K+AyiLlM15y8s09coJiNPNzaRMtCaeNEovzu1eyN1\/bokCzw7BXuH\/qDXYDQ6hKN6PuKoats="}: Status code not OK,http://52.13.174.6/sheeda/admin/api/startNewAdSession_2 API has failed at 40 Forbidden
{"appKey":"c9ff7b63c2c44f80f0a4aaef6737794f","deviceID":"453","stats":[{"campaignID":207,"packageID":"com.gss.army.commando.survivalisland","sceneStats":[{"sceneID":"2","eventStats":"305,205,105,5,5,0,0"}]}],"sdkVersion":"39","sessionToken":"e+c5VAS598Q4dfds4U2U\/pCiKfGK1h0kuTsjjkch8aupwBpqfmGDfijspxKrm0GpGcaIOfrYmxEC1IavnLKtfqJJd2QaMrNGlp8K+AyiLlM15y8s09coJiNPNzaRMtCaeNEovzu1eyN1\/bokCzw7BXuH\/qDXYDQ6hKN6PuKoats="}: message value is other then completed,http://52.13.174.6/sheeda/admin/api/startNewAdSession_2api is failed
{"appKey":"9bfb78f6a7b11d99e8e05f5d9ad5562d","deviceID":"5514","stats":[{"campaignID":211,"packageID":"com.whitesand.pit.stop.car.mechanic","sceneStats":[{"sceneID":"14","eventStats":"355,255,155,55,55,0,0"}]}],"sdkVersion":"2286","sessionToken":"e+c5VAS598Q4dfds4U2U\/pCiKfGK1h0kuTsjjkch8aupwBpqfmGDfijspxKrm0GpGcaIOfrYmxEC1IavnLKtfqJJd2QaMrNGlp8K+AyiLlM15y8s09coJiNPNzaRMtCaeNEovzu1eyN1\/bokCzw7BXuH\/qDXYDQ6hKN6PuKoats="}: Status code forbidden, internet connectivity not availablehttp://52.13.174.6/sheeda/admin/api/startNewAdSession_2 please check your internet connection 41
{"appKey":"9bfb78f6a7b11d99e8e05f5d9ad5562d","deviceID":"5514","stats":[{"campaignID":211,"packageID":"com.whitesand.pit.stop.car.mechanic","sceneStats":[{"sceneID":"14","eventStats":"355,255,155,55,55,0,0"}]}],"sdkVersion":"2286","sessionToken":"e+c5VAS598Q4dfds4U2U\/pCiKfGK1h0kuTsjjkch8aupwBpqfmGDfijspxKrm0GpGcaIOfrYmxEC1IavnLKtfqJJd2QaMrNGlp8K+AyiLlM15y8s09coJiNPNzaRMtCaeNEovzu1eyN1\/bokCzw7BXuH\/qDXYDQ6hKN6PuKoats="}: Status code not OK,http://52.13.174.6/sheeda/admin/api/startNewAdSession_2 API has failed at 41 Forbidden
{"appKey":"9bfb78f6a7b11d99e8e05f5d9ad5562d","deviceID":"5514","stats":[{"campaignID":211,"packageID":"com.whitesand.pit.stop.car.mechanic","sceneStats":[{"sceneID":"14","eventStats":"355,255,155,55,55,0,0"}]}],"sdkVersion":"2286","sessionToken":"e+c5VAS598Q4dfds4U2U\/pCiKfGK1h0kuTsjjkch8aupwBpqfmGDfijspxKrm0GpGcaIOfrYmxEC1IavnLKtfqJJd2QaMrNGlp8K+AyiLlM15y8s09coJiNPNzaRMtCaeNEovzu1eyN1\/bokCzw7BXuH\/qDXYDQ6hKN6PuKoats="}: message value is other then completed,http://52.13.174.6/sheeda/admin/api/startNewAdSession_2api is failed
{"appKey":"aee1c1ce85b1b8e194b01eb3f0d44b23","deviceID":"9003","stats":[{"campaignID":214,"packageID":"com.gss.robot.bike.transport.truck","sceneStats":[{"sceneID":"23","eventStats":"390,290,190,90,90,0,0"}]}],"sdkVersion":"39","sessionToken":"e+c5VAS598Q4dfds4U2U\/pCiKfGK1h0kuTsjjkch8aupwBpqfmGDfijspxKrm0GpGcaIOfrYmxEC1IavnLKtfqJJd2QaMrNGlp8K+AyiLlM15y8s09coJiNPNzaRMtCaeNEovzu1eyN1\/bokCzw7BXuH\/qDXYDQ6hKN6PuKoats="}: Status code forbidden, internet connectivity not availablehttp://52.13.174.6/sheeda/admin/api/startNewAdSession_2 please check your internet connection 42
{"appKey":"aee1c1ce85b1b8e194b01eb3f0d44b23","deviceID":"9003","stats":[{"campaignID":214,"packageID":"com.gss.robot.bike.transport.truck","sceneStats":[{"sceneID":"23","eventStats":"390,290,190,90,90,0,0"}]}],"sdkVersion":"39","sessionToken":"e+c5VAS598Q4dfds4U2U\/pCiKfGK1h0kuTsjjkch8aupwBpqfmGDfijspxKrm0GpGcaIOfrYmxEC1IavnLKtfqJJd2QaMrNGlp8K+AyiLlM15y8s09coJiNPNzaRMtCaeNEovzu1eyN1\/bokCzw7BXuH\/qDXYDQ6hKN6PuKoats="}: Status code not OK,http://52.13.174.6/sheeda/admin/api/startNewAdSession_2 API has failed at 42 Forbidden
{"appKey":"aee1c1ce85b1b8e194b01eb3f0d44b23","deviceID":"9003","stats":[{"campaignID":214,"packageID":"com.gss.robot.bike.transport.truck","sceneStats":[{"sceneID":"23","eventStats":"390,290,190,90,90,0,0"}]}],"sdkVersion":"39","sessionToken":"e+c5VAS598Q4dfds4U2U\/pCiKfGK1h0kuTsjjkch8aupwBpqfmGDfijspxKrm0GpGcaIOfrYmxEC1IavnLKtfqJJd2QaMrNGlp8K+AyiLlM15y8s09coJiNPNzaRMtCaeNEovzu1eyN1\/bokCzw7BXuH\/qDXYDQ6hKN6PuKoats="}: message value is other then completed,http://52.13.174.6/sheeda/admin/api/startNewAdSession_2api is failed
{"appKey":"6321e187a94be2ff678451a5e73bbf42","deviceID":"1240","stats":[{"campaignID":215,"packageID":"com.gamefeast.moto.robot.transformation","sceneStats":[{"sceneID":"4","eventStats":"313,213,113,13,13,0,0"}]}],"sdkVersion":"39","sessionToken":"e+c5VAS598Q4dfds4U2U\/pCiKfGK1h0kuTsjjkch8aupwBpqfmGDfijspxKrm0GpGcaIOfrYmxEC1IavnLKtfqJJd2QaMrNGlp8K+AyiLlM15y8s09coJiNPNzaRMtCaeNEovzu1eyN1\/bokCzw7BXuH\/qDXYDQ6hKN6PuKoats="}: Status code forbidden, internet connectivity not availablehttp://52.13.174.6/sheeda/admin/api/startNewAdSession_2 please check your internet connection 43
{"appKey":"6321e187a94be2ff678451a5e73bbf42","deviceID":"1240","stats":[{"campaignID":215,"packageID":"com.gamefeast.moto.robot.transformation","sceneStats":[{"sceneID":"4","eventStats":"313,213,113,13,13,0,0"}]}],"sdkVersion":"39","sessionToken":"e+c5VAS598Q4dfds4U2U\/pCiKfGK1h0kuTsjjkch8aupwBpqfmGDfijspxKrm0GpGcaIOfrYmxEC1IavnLKtfqJJd2QaMrNGlp8K+AyiLlM15y8s09coJiNPNzaRMtCaeNEovzu1eyN1\/bokCzw7BXuH\/qDXYDQ6hKN6PuKoats="}: Status code not OK,http://52.13.174.6/sheeda/admin/api/startNewAdSession_2 API has failed at 43 Forbidden
{"appKey":"6321e187a94be2ff678451a5e73bbf42","deviceID":"1240","stats":[{"campaignID":215,"packageID":"com.gamefeast.moto.robot.transformation","sceneStats":[{"sceneID":"4","eventStats":"313,213,113,13,13,0,0"}]}],"sdkVersion":"39","sessionToken":"e+c5VAS598Q4dfds4U2U\/pCiKfGK1h0kuTsjjkch8aupwBpqfmGDfijspxKrm0GpGcaIOfrYmxEC1IavnLKtfqJJd2QaMrNGlp8K+AyiLlM15y8s09coJiNPNzaRMtCaeNEovzu1eyN1\/bokCzw7BXuH\/qDXYDQ6hKN6PuKoats="}: message value is other then completed,http://52.13.174.6/sheeda/admin/api/startNewAdSession_2api is failed
{"appKey":"cd6601541ec10dd5e108fa8bb11b8a6d","deviceID":"7237","stats":[{"campaignID":216,"packageID":"com.tgp.offroad.extreme.highway.busdriver","sceneStats":[{"sceneID":"19","eventStats":"372,272,172,72,72,0,0"}]}],"sdkVersion":"2163","sessionToken":"e+c5VAS598Q4dfds4U2U\/pCiKfGK1h0kuTsjjkch8aupwBpqfmGDfijspxKrm0GpGcaIOfrYmxEC1IavnLKtfqJJd2QaMrNGlp8K+AyiLlM15y8s09coJiNPNzaRMtCaeNEovzu1eyN1\/bokCzw7BXuH\/qDXYDQ6hKN6PuKoats="}: Status code forbidden, internet connectivity not availablehttp://52.13.174.6/sheeda/admin/api/startNewAdSession_2 please check your internet connection 44
{"appKey":"cd6601541ec10dd5e108fa8bb11b8a6d","deviceID":"7237","stats":[{"campaignID":216,"packageID":"com.tgp.offroad.extreme.highway.busdriver","sceneStats":[{"sceneID":"19","eventStats":"372,272,172,72,72,0,0"}]}],"sdkVersion":"2163","sessionToken":"e+c5VAS598Q4dfds4U2U\/pCiKfGK1h0kuTsjjkch8aupwBpqfmGDfijspxKrm0GpGcaIOfrYmxEC1IavnLKtfqJJd2QaMrNGlp8K+AyiLlM15y8s09coJiNPNzaRMtCaeNEovzu1eyN1\/bokCzw7BXuH\/qDXYDQ6hKN6PuKoats="}: Status code not OK,http://52.13.174.6/sheeda/admin/api/startNewAdSession_2 API has failed at 44 Forbidden
{"appKey":"cd6601541ec10dd5e108fa8bb11b8a6d","deviceID":"7237","stats":[{"campaignID":216,"packageID":"com.tgp.offroad.extreme.highway.busdriver","sceneStats":[{"sceneID":"19","eventStats":"372,272,172,72,72,0,0"}]}],"sdkVersion":"2163","sessionToken":"e+c5VAS598Q4dfds4U2U\/pCiKfGK1h0kuTsjjkch8aupwBpqfmGDfijspxKrm0GpGcaIOfrYmxEC1IavnLKtfqJJd2QaMrNGlp8K+AyiLlM15y8s09coJiNPNzaRMtCaeNEovzu1eyN1\/bokCzw7BXuH\/qDXYDQ6hKN6PuKoats="}: message value is other then completed,http://52.13.174.6/sheeda/admin/api/startNewAdSession_2api is failed
{"appKey":"dd587f33bef2bea93ba58b467ec75780","deviceID":"1982","stats":[{"campaignID":220,"packageID":"com.rgs.robot.battle","sceneStats":[{"sceneID":"5","eventStats":"320,220,120,20,20,0,0"}]}],"sdkVersion":"90","sessionToken":"e+c5VAS598Q4dfds4U2U\/pCiKfGK1h0kuTsjjkch8aupwBpqfmGDfijspxKrm0GpGcaIOfrYmxEC1IavnLKtfqJJd2QaMrNGlp8K+AyiLlM15y8s09coJiNPNzaRMtCaeNEovzu1eyN1\/bokCzw7BXuH\/qDXYDQ6hKN6PuKoats="}: Status code forbidden, internet connectivity not availablehttp://52.13.174.6/sheeda/admin/api/startNewAdSession_2 please check your internet connection 45
{"appKey":"dd587f33bef2bea93ba58b467ec75780","deviceID":"1982","stats":[{"campaignID":220,"packageID":"com.rgs.robot.battle","sceneStats":[{"sceneID":"5","eventStats":"320,220,120,20,20,0,0"}]}],"sdkVersion":"90","sessionToken":"e+c5VAS598Q4dfds4U2U\/pCiKfGK1h0kuTsjjkch8aupwBpqfmGDfijspxKrm0GpGcaIOfrYmxEC1IavnLKtfqJJd2QaMrNGlp8K+AyiLlM15y8s09coJiNPNzaRMtCaeNEovzu1eyN1\/bokCzw7BXuH\/qDXYDQ6hKN6PuKoats="}: Status code not OK,http://52.13.174.6/sheeda/admin/api/startNewAdSession_2 API has failed at 45 Forbidden
{"appKey":"dd587f33bef2bea93ba58b467ec75780","deviceID":"1982","stats":[{"campaignID":220,"packageID":"com.rgs.robot.battle","sceneStats":[{"sceneID":"5","eventStats":"320,220,120,20,20,0,0"}]}],"sdkVersion":"90","sessionToken":"e+c5VAS598Q4dfds4U2U\/pCiKfGK1h0kuTsjjkch8aupwBpqfmGDfijspxKrm0GpGcaIOfrYmxEC1IavnLKtfqJJd2QaMrNGlp8K+AyiLlM15y8s09coJiNPNzaRMtCaeNEovzu1eyN1\/bokCzw7BXuH\/qDXYDQ6hKN6PuKoats="}: message value is other then completed,http://52.13.174.6/sheeda/admin/api/startNewAdSession_2api is failed
{"appKey":"f7195bc5052737febb7af2f3f1baf1c1","deviceID":"7980","stats":[{"campaignID":221,"packageID":"com.whitesand.raft.survival.shark.hunter","sceneStats":[{"sceneID":"20","eventStats":"380,280,180,80,80,0,0"}]}],"sdkVersion":"39","sessionToken":"e+c5VAS598Q4dfds4U2U\/pCiKfGK1h0kuTsjjkch8aupwBpqfmGDfijspxKrm0GpGcaIOfrYmxEC1IavnLKtfqJJd2QaMrNGlp8K+AyiLlM15y8s09coJiNPNzaRMtCaeNEovzu1eyN1\/bokCzw7BXuH\/qDXYDQ6hKN6PuKoats="}: Status code forbidden, internet connectivity not availablehttp://52.13.174.6/sheeda/admin/api/startNewAdSession_2 please check your internet connection 46
{"appKey":"f7195bc5052737febb7af2f3f1baf1c1","deviceID":"7980","stats":[{"campaignID":221,"packageID":"com.whitesand.raft.survival.shark.hunter","sceneStats":[{"sceneID":"20","eventStats":"380,280,180,80,80,0,0"}]}],"sdkVersion":"39","sessionToken":"e+c5VAS598Q4dfds4U2U\/pCiKfGK1h0kuTsjjkch8aupwBpqfmGDfijspxKrm0GpGcaIOfrYmxEC1IavnLKtfqJJd2QaMrNGlp8K+AyiLlM15y8s09coJiNPNzaRMtCaeNEovzu1eyN1\/bokCzw7BXuH\/qDXYDQ6hKN6PuKoats="}: Status code not OK,http://52.13.174.6/sheeda/admin/api/startNewAdSession_2 API has failed at 46 Forbidden
{"appKey":"f7195bc5052737febb7af2f3f1baf1c1","deviceID":"7980","stats":[{"campaignID":221,"packageID":"com.whitesand.raft.survival.shark.hunter","sceneStats":[{"sceneID":"20","eventStats":"380,280,180,80,80,0,0"}]}],"sdkVersion":"39","sessionToken":"e+c5VAS598Q4dfds4U2U\/pCiKfGK1h0kuTsjjkch8aupwBpqfmGDfijspxKrm0GpGcaIOfrYmxEC1IavnLKtfqJJd2QaMrNGlp8K+AyiLlM15y8s09coJiNPNzaRMtCaeNEovzu1eyN1\/bokCzw7BXuH\/qDXYDQ6hKN6PuKoats="}: message value is other then completed,http://52.13.174.6/sheeda/admin/api/startNewAdSession_2api is failed
{"appKey":"e27e8b9552ca9d031927942acc186a25","deviceID":"3106","stats":[{"campaignID":222,"packageID":"com.rgs.car.transporter.cargo.ship","sceneStats":[{"sceneID":"8","eventStats":"331,231,131,31,31,0,0"}]}],"sdkVersion":"90","sessionToken":"e+c5VAS598Q4dfds4U2U\/pCiKfGK1h0kuTsjjkch8aupwBpqfmGDfijspxKrm0GpGcaIOfrYmxEC1IavnLKtfqJJd2QaMrNGlp8K+AyiLlM15y8s09coJiNPNzaRMtCaeNEovzu1eyN1\/bokCzw7BXuH\/qDXYDQ6hKN6PuKoats="}: Status code forbidden, internet connectivity not availablehttp://52.13.174.6/sheeda/admin/api/startNewAdSession_2 please check your internet connection 47
{"appKey":"e27e8b9552ca9d031927942acc186a25","deviceID":"3106","stats":[{"campaignID":222,"packageID":"com.rgs.car.transporter.cargo.ship","sceneStats":[{"sceneID":"8","eventStats":"331,231,131,31,31,0,0"}]}],"sdkVersion":"90","sessionToken":"e+c5VAS598Q4dfds4U2U\/pCiKfGK1h0kuTsjjkch8aupwBpqfmGDfijspxKrm0GpGcaIOfrYmxEC1IavnLKtfqJJd2QaMrNGlp8K+AyiLlM15y8s09coJiNPNzaRMtCaeNEovzu1eyN1\/bokCzw7BXuH\/qDXYDQ6hKN6PuKoats="}: Status code not OK,http://52.13.174.6/sheeda/admin/api/startNewAdSession_2 API has failed at 47 Forbidden
{"appKey":"e27e8b9552ca9d031927942acc186a25","deviceID":"3106","stats":[{"campaignID":222,"packageID":"com.rgs.car.transporter.cargo.ship","sceneStats":[{"sceneID":"8","eventStats":"331,231,131,31,31,0,0"}]}],"sdkVersion":"90","sessionToken":"e+c5VAS598Q4dfds4U2U\/pCiKfGK1h0kuTsjjkch8aupwBpqfmGDfijspxKrm0GpGcaIOfrYmxEC1IavnLKtfqJJd2QaMrNGlp8K+AyiLlM15y8s09coJiNPNzaRMtCaeNEovzu1eyN1\/bokCzw7BXuH\/qDXYDQ6hKN6PuKoats="}: message value is other then completed,http://52.13.174.6/sheeda/admin/api/startNewAdSession_2api is failed
{"appKey":"dd587f33bef2bea93ba58b467ec75780","deviceID":"6595","stats":[{"campaignID":223,"packageID":"com.rgs.robot.battle","sceneStats":[{"sceneID":"17","eventStats":"366,266,166,66,66,0,0"}]}],"sdkVersion":"90","sessionToken":"e+c5VAS598Q4dfds4U2U\/pCiKfGK1h0kuTsjjkch8aupwBpqfmGDfijspxKrm0GpGcaIOfrYmxEC1IavnLKtfqJJd2QaMrNGlp8K+AyiLlM15y8s09coJiNPNzaRMtCaeNEovzu1eyN1\/bokCzw7BXuH\/qDXYDQ6hKN6PuKoats="}: Status code forbidden, internet connectivity not availablehttp://52.13.174.6/sheeda/admin/api/startNewAdSession_2 please check your internet connection 48
{"appKey":"dd587f33bef2bea93ba58b467ec75780","deviceID":"6595","stats":[{"campaignID":223,"packageID":"com.rgs.robot.battle","sceneStats":[{"sceneID":"17","eventStats":"366,266,166,66,66,0,0"}]}],"sdkVersion":"90","sessionToken":"e+c5VAS598Q4dfds4U2U\/pCiKfGK1h0kuTsjjkch8aupwBpqfmGDfijspxKrm0GpGcaIOfrYmxEC1IavnLKtfqJJd2QaMrNGlp8K+AyiLlM15y8s09coJiNPNzaRMtCaeNEovzu1eyN1\/bokCzw7BXuH\/qDXYDQ6hKN6PuKoats="}: Status code not OK,http://52.13.174.6/sheeda/admin/api/startNewAdSession_2 API has failed at 48 Forbidden
{"appKey":"dd587f33bef2bea93ba58b467ec75780","deviceID":"6595","stats":[{"campaignID":223,"packageID":"com.rgs.robot.battle","sceneStats":[{"sceneID":"17","eventStats":"366,266,166,66,66,0,0"}]}],"sdkVersion":"90","sessionToken":"e+c5VAS598Q4dfds4U2U\/pCiKfGK1h0kuTsjjkch8aupwBpqfmGDfijspxKrm0GpGcaIOfrYmxEC1IavnLKtfqJJd2QaMrNGlp8K+AyiLlM15y8s09coJiNPNzaRMtCaeNEovzu1eyN1\/bokCzw7BXuH\/qDXYDQ6hKN6PuKoats="}: message value is other then completed,http://52.13.174.6/sheeda/admin/api/startNewAdSession_2api is failed
{"appKey":"dd587f33bef2bea93ba58b467ec75780","deviceID":"9769","stats":[{"campaignID":225,"packageID":"com.rgs.robot.battle","sceneStats":[{"sceneID":"25","eventStats":"397,297,197,97,97,0,0"}]}],"sdkVersion":"90","sessionToken":"e+c5VAS598Q4dfds4U2U\/pCiKfGK1h0kuTsjjkch8aupwBpqfmGDfijspxKrm0GpGcaIOfrYmxEC1IavnLKtfqJJd2QaMrNGlp8K+AyiLlM15y8s09coJiNPNzaRMtCaeNEovzu1eyN1\/bokCzw7BXuH\/qDXYDQ6hKN6PuKoats="}: Status code forbidden, internet connectivity not availablehttp://52.13.174.6/sheeda/admin/api/startNewAdSession_2 please check your internet connection 49
{"appKey":"dd587f33bef2bea93ba58b467ec75780","deviceID":"9769","stats":[{"campaignID":225,"packageID":"com.rgs.robot.battle","sceneStats":[{"sceneID":"25","eventStats":"397,297,197,97,97,0,0"}]}],"sdkVersion":"90","sessionToken":"e+c5VAS598Q4dfds4U2U\/pCiKfGK1h0kuTsjjkch8aupwBpqfmGDfijspxKrm0GpGcaIOfrYmxEC1IavnLKtfqJJd2QaMrNGlp8K+AyiLlM15y8s09coJiNPNzaRMtCaeNEovzu1eyN1\/bokCzw7BXuH\/qDXYDQ6hKN6PuKoats="}: Status code not OK,http://52.13.174.6/sheeda/admin/api/startNewAdSession_2 API has failed at 49 Forbidden
{"appKey":"dd587f33bef2bea93ba58b467ec75780","deviceID":"9769","stats":[{"campaignID":225,"packageID":"com.rgs.robot.battle","sceneStats":[{"sceneID":"25","eventStats":"397,297,197,97,97,0,0"}]}],"sdkVersion":"90","sessionToken":"e+c5VAS598Q4dfds4U2U\/pCiKfGK1h0kuTsjjkch8aupwBpqfmGDfijspxKrm0GpGcaIOfrYmxEC1IavnLKtfqJJd2QaMrNGlp8K+AyiLlM15y8s09coJiNPNzaRMtCaeNEovzu1eyN1\/bokCzw7BXuH\/qDXYDQ6hKN6PuKoats="}: message value is other then completed,http://52.13.174.6/sheeda/admin/api/startNewAdSession_2api is failed
</DebugTrace>
      </Output>
    </UnitTestResult>
    <UnitTestResult executionId="4310a8d8-c5d8-4402-994f-06de9f8b5bf7" testId="d249d328-6d44-2c2d-6ed9-e0b5d6f69772" testName="C_RecordClicksFromDeviceMainMethodCodeGenerator" computerName="DESKTOP-5AJ0SB3" duration="00:01:56.2485821" startTime="2020-12-31T12:30:12.8256529+05:00" endTime="2020-12-31T12:32:09.0774433+05:00" testType="13cdc9d9-ddb5-4fa4-a97d-d965ccfc6d4b" outcome="Passed" testListId="8c84fa94-04c1-424b-9868-57a2d4851a1d" relativeResultsDirectory="4310a8d8-c5d8-4402-994f-06de9f8b5bf7">
      <Output>
        <DebugTrace>****************** SELECT campaigns.campaignID,campaigns.appID,apps.sdkID,apps.companyID,apps.osID FROM apps INNER JOIN campaigns ON apps.appID = campaigns.appID WHERE apps.sdkID &gt; 20 AND apps.appKey != '' AND campaigns.campaignID NOT IN (0 ,- 1 ,- 2 ,- 3 ,- 4 ,- 5) LIMIT 50
****************** 
****************** Select appKey , appID from apps where appkey!='' and sdkID &gt; 10 limit  50
****************** 
****************** JJpX85UiVMIIL76SOmx/V38lvKURDRVwbXc8U7kDRoSED310LrcjKfQCfTMxbOWRwnbjSNw8TDXz5pA3iwXrqBhoeqMc8fG7U9JpllMOOwdTpbf6vuddgS2LUhomvidi
{"appKey":"0001095f2f8393fdbf7a808a2d0caf21"," appToPromoteID":"1035","sceneID":"19","campaignID":"47","advertising_id":"7350","osID ":"41","sha1_advertising_id":"7350","clickID":"12403_196_7350","sdkVersion":"2056","sessionToken":"JJpX85UiVMIIL76SOmx/V38lvKURDRVwbXc8U7kDRoSED310LrcjKfQCfTMxbOWRwnbjSNw8TDXz5pA3iwXrqBhoeqMc8fG7U9JpllMOOwdTpbf6vuddgS2LUhomvidi"}: Status code forbidden, internet connectivity not availablehttp://52.13.174.6/sheeda/admin/api/recordClicksFromDevice please check your internet connection 0
{"appKey":"0001095f2f8393fdbf7a808a2d0caf21"," appToPromoteID":"1035","sceneID":"19","campaignID":"47","advertising_id":"7350","osID ":"41","sha1_advertising_id":"7350","clickID":"12403_196_7350","sdkVersion":"2056","sessionToken":"JJpX85UiVMIIL76SOmx/V38lvKURDRVwbXc8U7kDRoSED310LrcjKfQCfTMxbOWRwnbjSNw8TDXz5pA3iwXrqBhoeqMc8fG7U9JpllMOOwdTpbf6vuddgS2LUhomvidi"}: Status code not OK,http://52.13.174.6/sheeda/admin/api/recordClicksFromDevice API has failed at 0 Forbidden{"message":"HTTP Error 401 - Unauthorized: Access is denied due to invalid credentials."}
****************** JJpX85UiVMIIL76SOmx/V38lvKURDRVwbXc8U7kDRoSED310LrcjKfQCfTMxbOWRwnbjSNw8TDXz5pA3iwXrqBhoeqMc8fG7U9JpllMOOwdTpbf6vuddgS2LUhomvidi
{"appKey":"0002eb3d08f50fae1c73d8334bff9af6"," appToPromoteID":"1074","sceneID":"24","campaignID":"48","advertising_id":"9411","osID ":"41","sha1_advertising_id":"9411","clickID":"5844_196_9411","sdkVersion":"39","sessionToken":"JJpX85UiVMIIL76SOmx/V38lvKURDRVwbXc8U7kDRoSED310LrcjKfQCfTMxbOWRwnbjSNw8TDXz5pA3iwXrqBhoeqMc8fG7U9JpllMOOwdTpbf6vuddgS2LUhomvidi"}: Status code forbidden, internet connectivity not availablehttp://52.13.174.6/sheeda/admin/api/recordClicksFromDevice please check your internet connection 1
{"appKey":"0002eb3d08f50fae1c73d8334bff9af6"," appToPromoteID":"1074","sceneID":"24","campaignID":"48","advertising_id":"9411","osID ":"41","sha1_advertising_id":"9411","clickID":"5844_196_9411","sdkVersion":"39","sessionToken":"JJpX85UiVMIIL76SOmx/V38lvKURDRVwbXc8U7kDRoSED310LrcjKfQCfTMxbOWRwnbjSNw8TDXz5pA3iwXrqBhoeqMc8fG7U9JpllMOOwdTpbf6vuddgS2LUhomvidi"}: Status code not OK,http://52.13.174.6/sheeda/admin/api/recordClicksFromDevice API has failed at 1 Forbidden{"message":"HTTP Error 401 - Unauthorized: Access is denied due to invalid credentials."}
****************** JJpX85UiVMIIL76SOmx/V38lvKURDRVwbXc8U7kDRoSED310LrcjKfQCfTMxbOWRwnbjSNw8TDXz5pA3iwXrqBhoeqMc8fG7U9JpllMOOwdTpbf6vuddgS2LUhomvidi
{"appKey":"000745dcf093d69090984dff244ac474"," appToPromoteID":"1217","sceneID":"23","campaignID":"53","advertising_id":"8997","osID ":"41","sha1_advertising_id":"8997","clickID":"2783_771_8997","sdkVersion":"2056","sessionToken":"JJpX85UiVMIIL76SOmx/V38lvKURDRVwbXc8U7kDRoSED310LrcjKfQCfTMxbOWRwnbjSNw8TDXz5pA3iwXrqBhoeqMc8fG7U9JpllMOOwdTpbf6vuddgS2LUhomvidi"}: Status code forbidden, internet connectivity not availablehttp://52.13.174.6/sheeda/admin/api/recordClicksFromDevice please check your internet connection 2
{"appKey":"000745dcf093d69090984dff244ac474"," appToPromoteID":"1217","sceneID":"23","campaignID":"53","advertising_id":"8997","osID ":"41","sha1_advertising_id":"8997","clickID":"2783_771_8997","sdkVersion":"2056","sessionToken":"JJpX85UiVMIIL76SOmx/V38lvKURDRVwbXc8U7kDRoSED310LrcjKfQCfTMxbOWRwnbjSNw8TDXz5pA3iwXrqBhoeqMc8fG7U9JpllMOOwdTpbf6vuddgS2LUhomvidi"}: Status code not OK,http://52.13.174.6/sheeda/admin/api/recordClicksFromDevice API has failed at 2 Forbidden{"message":"HTTP Error 401 - Unauthorized: Access is denied due to invalid credentials."}
****************** JJpX85UiVMIIL76SOmx/V38lvKURDRVwbXc8U7kDRoSED310LrcjKfQCfTMxbOWRwnbjSNw8TDXz5pA3iwXrqBhoeqMc8fG7U9JpllMOOwdTpbf6vuddgS2LUhomvidi
{"appKey":"0009f5dc4e8b5535fb46bd1ac100cbd2"," appToPromoteID":"1458","sceneID":"13","campaignID":"73","advertising_id":"4995","osID ":"41","sha1_advertising_id":"4995","clickID":"3156_196_4995","sdkVersion":"39","sessionToken":"JJpX85UiVMIIL76SOmx/V38lvKURDRVwbXc8U7kDRoSED310LrcjKfQCfTMxbOWRwnbjSNw8TDXz5pA3iwXrqBhoeqMc8fG7U9JpllMOOwdTpbf6vuddgS2LUhomvidi"}: Status code forbidden, internet connectivity not availablehttp://52.13.174.6/sheeda/admin/api/recordClicksFromDevice please check your internet connection 3
{"appKey":"0009f5dc4e8b5535fb46bd1ac100cbd2"," appToPromoteID":"1458","sceneID":"13","campaignID":"73","advertising_id":"4995","osID ":"41","sha1_advertising_id":"4995","clickID":"3156_196_4995","sdkVersion":"39","sessionToken":"JJpX85UiVMIIL76SOmx/V38lvKURDRVwbXc8U7kDRoSED310LrcjKfQCfTMxbOWRwnbjSNw8TDXz5pA3iwXrqBhoeqMc8fG7U9JpllMOOwdTpbf6vuddgS2LUhomvidi"}: Status code not OK,http://52.13.174.6/sheeda/admin/api/recordClicksFromDevice API has failed at 3 Forbidden{"message":"HTTP Error 401 - Unauthorized: Access is denied due to invalid credentials."}
****************** JJpX85UiVMIIL76SOmx/V38lvKURDRVwbXc8U7kDRoSED310LrcjKfQCfTMxbOWRwnbjSNw8TDXz5pA3iwXrqBhoeqMc8fG7U9JpllMOOwdTpbf6vuddgS2LUhomvidi
{"appKey":"000ebaba202ff04f7a4fd938b853597c"," appToPromoteID":"1632","sceneID":"8","campaignID":"78","advertising_id":"2945","osID ":"41","sha1_advertising_id":"2945","clickID":"13254_196_2945","sdkVersion":"2151","sessionToken":"JJpX85UiVMIIL76SOmx/V38lvKURDRVwbXc8U7kDRoSED310LrcjKfQCfTMxbOWRwnbjSNw8TDXz5pA3iwXrqBhoeqMc8fG7U9JpllMOOwdTpbf6vuddgS2LUhomvidi"}: Status code forbidden, internet connectivity not availablehttp://52.13.174.6/sheeda/admin/api/recordClicksFromDevice please check your internet connection 4
{"appKey":"000ebaba202ff04f7a4fd938b853597c"," appToPromoteID":"1632","sceneID":"8","campaignID":"78","advertising_id":"2945","osID ":"41","sha1_advertising_id":"2945","clickID":"13254_196_2945","sdkVersion":"2151","sessionToken":"JJpX85UiVMIIL76SOmx/V38lvKURDRVwbXc8U7kDRoSED310LrcjKfQCfTMxbOWRwnbjSNw8TDXz5pA3iwXrqBhoeqMc8fG7U9JpllMOOwdTpbf6vuddgS2LUhomvidi"}: Status code not OK,http://52.13.174.6/sheeda/admin/api/recordClicksFromDevice API has failed at 4 Forbidden{"message":"HTTP Error 401 - Unauthorized: Access is denied due to invalid credentials."}
****************** JJpX85UiVMIIL76SOmx/V38lvKURDRVwbXc8U7kDRoSED310LrcjKfQCfTMxbOWRwnbjSNw8TDXz5pA3iwXrqBhoeqMc8fG7U9JpllMOOwdTpbf6vuddgS2LUhomvidi
{"appKey":"0010f29c602f3f3750645c8b4852f66f"," appToPromoteID":"1675","sceneID":"7","campaignID":"80","advertising_id":"2532","osID ":"41","sha1_advertising_id":"2532","clickID":"15227_196_2532","sdkVersion":"39","sessionToken":"JJpX85UiVMIIL76SOmx/V38lvKURDRVwbXc8U7kDRoSED310LrcjKfQCfTMxbOWRwnbjSNw8TDXz5pA3iwXrqBhoeqMc8fG7U9JpllMOOwdTpbf6vuddgS2LUhomvidi"}: Status code forbidden, internet connectivity not availablehttp://52.13.174.6/sheeda/admin/api/recordClicksFromDevice please check your internet connection 5
{"appKey":"0010f29c602f3f3750645c8b4852f66f"," appToPromoteID":"1675","sceneID":"7","campaignID":"80","advertising_id":"2532","osID ":"41","sha1_advertising_id":"2532","clickID":"15227_196_2532","sdkVersion":"39","sessionToken":"JJpX85UiVMIIL76SOmx/V38lvKURDRVwbXc8U7kDRoSED310LrcjKfQCfTMxbOWRwnbjSNw8TDXz5pA3iwXrqBhoeqMc8fG7U9JpllMOOwdTpbf6vuddgS2LUhomvidi"}: Status code not OK,http://52.13.174.6/sheeda/admin/api/recordClicksFromDevice API has failed at 5 Forbidden{"message":"HTTP Error 401 - Unauthorized: Access is denied due to invalid credentials."}
****************** JJpX85UiVMIIL76SOmx/V38lvKURDRVwbXc8U7kDRoSED310LrcjKfQCfTMxbOWRwnbjSNw8TDXz5pA3iwXrqBhoeqMc8fG7U9JpllMOOwdTpbf6vuddgS2LUhomvidi
{"appKey":"0011dbefb018130f33f9a49c583db1cc"," appToPromoteID":"1722","sceneID":"2","campaignID":"84","advertising_id":"482","osID ":"41","sha1_advertising_id":"482","clickID":"9846_16_482","sdkVersion":"39","sessionToken":"JJpX85UiVMIIL76SOmx/V38lvKURDRVwbXc8U7kDRoSED310LrcjKfQCfTMxbOWRwnbjSNw8TDXz5pA3iwXrqBhoeqMc8fG7U9JpllMOOwdTpbf6vuddgS2LUhomvidi"}: Status code forbidden, internet connectivity not availablehttp://52.13.174.6/sheeda/admin/api/recordClicksFromDevice please check your internet connection 6
{"appKey":"0011dbefb018130f33f9a49c583db1cc"," appToPromoteID":"1722","sceneID":"2","campaignID":"84","advertising_id":"482","osID ":"41","sha1_advertising_id":"482","clickID":"9846_16_482","sdkVersion":"39","sessionToken":"JJpX85UiVMIIL76SOmx/V38lvKURDRVwbXc8U7kDRoSED310LrcjKfQCfTMxbOWRwnbjSNw8TDXz5pA3iwXrqBhoeqMc8fG7U9JpllMOOwdTpbf6vuddgS2LUhomvidi"}: Status code not OK,http://52.13.174.6/sheeda/admin/api/recordClicksFromDevice API has failed at 6 Forbidden{"message":"HTTP Error 401 - Unauthorized: Access is denied due to invalid credentials."}
****************** JJpX85UiVMIIL76SOmx/V38lvKURDRVwbXc8U7kDRoSED310LrcjKfQCfTMxbOWRwnbjSNw8TDXz5pA3iwXrqBhoeqMc8fG7U9JpllMOOwdTpbf6vuddgS2LUhomvidi
{"appKey":"00158764536c49fb352d25d1149398a5"," appToPromoteID":"1830","sceneID":"2","campaignID":"85","advertising_id":"766","osID ":"41","sha1_advertising_id":"766","clickID":"12689_16_766","sdkVersion":"39","sessionToken":"JJpX85UiVMIIL76SOmx/V38lvKURDRVwbXc8U7kDRoSED310LrcjKfQCfTMxbOWRwnbjSNw8TDXz5pA3iwXrqBhoeqMc8fG7U9JpllMOOwdTpbf6vuddgS2LUhomvidi"}: Status code forbidden, internet connectivity not availablehttp://52.13.174.6/sheeda/admin/api/recordClicksFromDevice please check your internet connection 7
{"appKey":"00158764536c49fb352d25d1149398a5"," appToPromoteID":"1830","sceneID":"2","campaignID":"85","advertising_id":"766","osID ":"41","sha1_advertising_id":"766","clickID":"12689_16_766","sdkVersion":"39","sessionToken":"JJpX85UiVMIIL76SOmx/V38lvKURDRVwbXc8U7kDRoSED310LrcjKfQCfTMxbOWRwnbjSNw8TDXz5pA3iwXrqBhoeqMc8fG7U9JpllMOOwdTpbf6vuddgS2LUhomvidi"}: Status code not OK,http://52.13.174.6/sheeda/admin/api/recordClicksFromDevice API has failed at 7 Forbidden{"message":"HTTP Error 401 - Unauthorized: Access is denied due to invalid credentials."}
****************** JJpX85UiVMIIL76SOmx/V38lvKURDRVwbXc8U7kDRoSED310LrcjKfQCfTMxbOWRwnbjSNw8TDXz5pA3iwXrqBhoeqMc8fG7U9JpllMOOwdTpbf6vuddgS2LUhomvidi
{"appKey":"001dd80cb84941d1e4cfd875036d14f6"," appToPromoteID":"1823","sceneID":"6","campaignID":"86","advertising_id":"2304","osID ":"41","sha1_advertising_id":"2304","clickID":"632_16_2304","sdkVersion":"2163","sessionToken":"JJpX85UiVMIIL76SOmx/V38lvKURDRVwbXc8U7kDRoSED310LrcjKfQCfTMxbOWRwnbjSNw8TDXz5pA3iwXrqBhoeqMc8fG7U9JpllMOOwdTpbf6vuddgS2LUhomvidi"}: Status code forbidden, internet connectivity not availablehttp://52.13.174.6/sheeda/admin/api/recordClicksFromDevice please check your internet connection 8
{"appKey":"001dd80cb84941d1e4cfd875036d14f6"," appToPromoteID":"1823","sceneID":"6","campaignID":"86","advertising_id":"2304","osID ":"41","sha1_advertising_id":"2304","clickID":"632_16_2304","sdkVersion":"2163","sessionToken":"JJpX85UiVMIIL76SOmx/V38lvKURDRVwbXc8U7kDRoSED310LrcjKfQCfTMxbOWRwnbjSNw8TDXz5pA3iwXrqBhoeqMc8fG7U9JpllMOOwdTpbf6vuddgS2LUhomvidi"}: Status code not OK,http://52.13.174.6/sheeda/admin/api/recordClicksFromDevice API has failed at 8 Forbidden{"message":"HTTP Error 401 - Unauthorized: Access is denied due to invalid credentials."}
****************** JJpX85UiVMIIL76SOmx/V38lvKURDRVwbXc8U7kDRoSED310LrcjKfQCfTMxbOWRwnbjSNw8TDXz5pA3iwXrqBhoeqMc8fG7U9JpllMOOwdTpbf6vuddgS2LUhomvidi
{"appKey":"001df35eabe3ef8bf4cf6645e3e819f5"," appToPromoteID":"1921","sceneID":"10","campaignID":"96","advertising_id":"3841","osID ":"41","sha1_advertising_id":"3841","clickID":"6678_1_3841","sdkVersion":"39","sessionToken":"JJpX85UiVMIIL76SOmx/V38lvKURDRVwbXc8U7kDRoSED310LrcjKfQCfTMxbOWRwnbjSNw8TDXz5pA3iwXrqBhoeqMc8fG7U9JpllMOOwdTpbf6vuddgS2LUhomvidi"}: Status code forbidden, internet connectivity not availablehttp://52.13.174.6/sheeda/admin/api/recordClicksFromDevice please check your internet connection 9
{"appKey":"001df35eabe3ef8bf4cf6645e3e819f5"," appToPromoteID":"1921","sceneID":"10","campaignID":"96","advertising_id":"3841","osID ":"41","sha1_advertising_id":"3841","clickID":"6678_1_3841","sdkVersion":"39","sessionToken":"JJpX85UiVMIIL76SOmx/V38lvKURDRVwbXc8U7kDRoSED310LrcjKfQCfTMxbOWRwnbjSNw8TDXz5pA3iwXrqBhoeqMc8fG7U9JpllMOOwdTpbf6vuddgS2LUhomvidi"}: Status code not OK,http://52.13.174.6/sheeda/admin/api/recordClicksFromDevice API has failed at 9 Forbidden{"message":"HTTP Error 401 - Unauthorized: Access is denied due to invalid credentials."}
****************** JJpX85UiVMIIL76SOmx/V38lvKURDRVwbXc8U7kDRoSED310LrcjKfQCfTMxbOWRwnbjSNw8TDXz5pA3iwXrqBhoeqMc8fG7U9JpllMOOwdTpbf6vuddgS2LUhomvidi
{"appKey":"0020247b0d4a0b7a365a81dad01ce7f6"," appToPromoteID":"1937","sceneID":"8","campaignID":"98","advertising_id":"3046","osID ":"41","sha1_advertising_id":"3046","clickID":"3907_16_3046","sdkVersion":"2163","sessionToken":"JJpX85UiVMIIL76SOmx/V38lvKURDRVwbXc8U7kDRoSED310LrcjKfQCfTMxbOWRwnbjSNw8TDXz5pA3iwXrqBhoeqMc8fG7U9JpllMOOwdTpbf6vuddgS2LUhomvidi"}: Status code forbidden, internet connectivity not availablehttp://52.13.174.6/sheeda/admin/api/recordClicksFromDevice please check your internet connection 10
{"appKey":"0020247b0d4a0b7a365a81dad01ce7f6"," appToPromoteID":"1937","sceneID":"8","campaignID":"98","advertising_id":"3046","osID ":"41","sha1_advertising_id":"3046","clickID":"3907_16_3046","sdkVersion":"2163","sessionToken":"JJpX85UiVMIIL76SOmx/V38lvKURDRVwbXc8U7kDRoSED310LrcjKfQCfTMxbOWRwnbjSNw8TDXz5pA3iwXrqBhoeqMc8fG7U9JpllMOOwdTpbf6vuddgS2LUhomvidi"}: Status code not OK,http://52.13.174.6/sheeda/admin/api/recordClicksFromDevice API has failed at 10 Forbidden{"message":"HTTP Error 401 - Unauthorized: Access is denied due to invalid credentials."}
****************** JJpX85UiVMIIL76SOmx/V38lvKURDRVwbXc8U7kDRoSED310LrcjKfQCfTMxbOWRwnbjSNw8TDXz5pA3iwXrqBhoeqMc8fG7U9JpllMOOwdTpbf6vuddgS2LUhomvidi
{"appKey":"00213e22a8396c544210355c3aba9f65"," appToPromoteID":"1936","sceneID":"17","campaignID":"99","advertising_id":"6535","osID ":"41","sha1_advertising_id":"6535","clickID":"9255_16_6535","sdkVersion":"2163","sessionToken":"JJpX85UiVMIIL76SOmx/V38lvKURDRVwbXc8U7kDRoSED310LrcjKfQCfTMxbOWRwnbjSNw8TDXz5pA3iwXrqBhoeqMc8fG7U9JpllMOOwdTpbf6vuddgS2LUhomvidi"}: Status code forbidden, internet connectivity not availablehttp://52.13.174.6/sheeda/admin/api/recordClicksFromDevice please check your internet connection 11
{"appKey":"00213e22a8396c544210355c3aba9f65"," appToPromoteID":"1936","sceneID":"17","campaignID":"99","advertising_id":"6535","osID ":"41","sha1_advertising_id":"6535","clickID":"9255_16_6535","sdkVersion":"2163","sessionToken":"JJpX85UiVMIIL76SOmx/V38lvKURDRVwbXc8U7kDRoSED310LrcjKfQCfTMxbOWRwnbjSNw8TDXz5pA3iwXrqBhoeqMc8fG7U9JpllMOOwdTpbf6vuddgS2LUhomvidi"}: Status code not OK,http://52.13.174.6/sheeda/admin/api/recordClicksFromDevice API has failed at 11 Forbidden{"message":"HTTP Error 401 - Unauthorized: Access is denied due to invalid credentials."}
****************** JJpX85UiVMIIL76SOmx/V38lvKURDRVwbXc8U7kDRoSED310LrcjKfQCfTMxbOWRwnbjSNw8TDXz5pA3iwXrqBhoeqMc8fG7U9JpllMOOwdTpbf6vuddgS2LUhomvidi
{"appKey":"002229c00caf8829ed5d397ed1ed206d"," appToPromoteID":"1752","sceneID":"16","campaignID":"104","advertising_id":"6088","osID ":"41","sha1_advertising_id":"6088","clickID":"3924_1_6088","sdkVersion":"39","sessionToken":"JJpX85UiVMIIL76SOmx/V38lvKURDRVwbXc8U7kDRoSED310LrcjKfQCfTMxbOWRwnbjSNw8TDXz5pA3iwXrqBhoeqMc8fG7U9JpllMOOwdTpbf6vuddgS2LUhomvidi"}: Status code forbidden, internet connectivity not availablehttp://52.13.174.6/sheeda/admin/api/recordClicksFromDevice please check your internet connection 12
{"appKey":"002229c00caf8829ed5d397ed1ed206d"," appToPromoteID":"1752","sceneID":"16","campaignID":"104","advertising_id":"6088","osID ":"41","sha1_advertising_id":"6088","clickID":"3924_1_6088","sdkVersion":"39","sessionToken":"JJpX85UiVMIIL76SOmx/V38lvKURDRVwbXc8U7kDRoSED310LrcjKfQCfTMxbOWRwnbjSNw8TDXz5pA3iwXrqBhoeqMc8fG7U9JpllMOOwdTpbf6vuddgS2LUhomvidi"}: Status code not OK,http://52.13.174.6/sheeda/admin/api/recordClicksFromDevice API has failed at 12 Forbidden{"message":"HTTP Error 401 - Unauthorized: Access is denied due to invalid credentials."}
****************** JJpX85UiVMIIL76SOmx/V38lvKURDRVwbXc8U7kDRoSED310LrcjKfQCfTMxbOWRwnbjSNw8TDXz5pA3iwXrqBhoeqMc8fG7U9JpllMOOwdTpbf6vuddgS2LUhomvidi
{"appKey":"0024e0cf2fab9340f501d54a2092c2b0"," appToPromoteID":"1853","sceneID":"20","campaignID":"110","advertising_id":"7626","osID ":"41","sha1_advertising_id":"7626","clickID":"12812_196_7626","sdkVersion":"2151","sessionToken":"JJpX85UiVMIIL76SOmx/V38lvKURDRVwbXc8U7kDRoSED310LrcjKfQCfTMxbOWRwnbjSNw8TDXz5pA3iwXrqBhoeqMc8fG7U9JpllMOOwdTpbf6vuddgS2LUhomvidi"}: Status code forbidden, internet connectivity not availablehttp://52.13.174.6/sheeda/admin/api/recordClicksFromDevice please check your internet connection 13
{"appKey":"0024e0cf2fab9340f501d54a2092c2b0"," appToPromoteID":"1853","sceneID":"20","campaignID":"110","advertising_id":"7626","osID ":"41","sha1_advertising_id":"7626","clickID":"12812_196_7626","sdkVersion":"2151","sessionToken":"JJpX85UiVMIIL76SOmx/V38lvKURDRVwbXc8U7kDRoSED310LrcjKfQCfTMxbOWRwnbjSNw8TDXz5pA3iwXrqBhoeqMc8fG7U9JpllMOOwdTpbf6vuddgS2LUhomvidi"}: Status code not OK,http://52.13.174.6/sheeda/admin/api/recordClicksFromDevice API has failed at 13 Forbidden{"message":"HTTP Error 401 - Unauthorized: Access is denied due to invalid credentials."}
****************** JJpX85UiVMIIL76SOmx/V38lvKURDRVwbXc8U7kDRoSED310LrcjKfQCfTMxbOWRwnbjSNw8TDXz5pA3iwXrqBhoeqMc8fG7U9JpllMOOwdTpbf6vuddgS2LUhomvidi
{"appKey":"00255845a16e4f835e503cd687dcf4f3"," appToPromoteID":"2007","sceneID":"10","campaignID":"114","advertising_id":"3625","osID ":"41","sha1_advertising_id":"3625","clickID":"6629_16_3625","sdkVersion":"2163","sessionToken":"JJpX85UiVMIIL76SOmx/V38lvKURDRVwbXc8U7kDRoSED310LrcjKfQCfTMxbOWRwnbjSNw8TDXz5pA3iwXrqBhoeqMc8fG7U9JpllMOOwdTpbf6vuddgS2LUhomvidi"}: Status code forbidden, internet connectivity not availablehttp://52.13.174.6/sheeda/admin/api/recordClicksFromDevice please check your internet connection 14
{"appKey":"00255845a16e4f835e503cd687dcf4f3"," appToPromoteID":"2007","sceneID":"10","campaignID":"114","advertising_id":"3625","osID ":"41","sha1_advertising_id":"3625","clickID":"6629_16_3625","sdkVersion":"2163","sessionToken":"JJpX85UiVMIIL76SOmx/V38lvKURDRVwbXc8U7kDRoSED310LrcjKfQCfTMxbOWRwnbjSNw8TDXz5pA3iwXrqBhoeqMc8fG7U9JpllMOOwdTpbf6vuddgS2LUhomvidi"}: Status code not OK,http://52.13.174.6/sheeda/admin/api/recordClicksFromDevice API has failed at 14 Forbidden{"message":"HTTP Error 401 - Unauthorized: Access is denied due to invalid credentials."}
****************** JJpX85UiVMIIL76SOmx/V38lvKURDRVwbXc8U7kDRoSED310LrcjKfQCfTMxbOWRwnbjSNw8TDXz5pA3iwXrqBhoeqMc8fG7U9JpllMOOwdTpbf6vuddgS2LUhomvidi
{"appKey":"0027615fb0048de87dc7e1257d65e397"," appToPromoteID":"2018","sceneID":"22","campaignID":"115","advertising_id":"8718","osID ":"41","sha1_advertising_id":"8718","clickID":"10879_16_8718","sdkVersion":"2163","sessionToken":"JJpX85UiVMIIL76SOmx/V38lvKURDRVwbXc8U7kDRoSED310LrcjKfQCfTMxbOWRwnbjSNw8TDXz5pA3iwXrqBhoeqMc8fG7U9JpllMOOwdTpbf6vuddgS2LUhomvidi"}: Status code forbidden, internet connectivity not availablehttp://52.13.174.6/sheeda/admin/api/recordClicksFromDevice please check your internet connection 15
{"appKey":"0027615fb0048de87dc7e1257d65e397"," appToPromoteID":"2018","sceneID":"22","campaignID":"115","advertising_id":"8718","osID ":"41","sha1_advertising_id":"8718","clickID":"10879_16_8718","sdkVersion":"2163","sessionToken":"JJpX85UiVMIIL76SOmx/V38lvKURDRVwbXc8U7kDRoSED310LrcjKfQCfTMxbOWRwnbjSNw8TDXz5pA3iwXrqBhoeqMc8fG7U9JpllMOOwdTpbf6vuddgS2LUhomvidi"}: Status code not OK,http://52.13.174.6/sheeda/admin/api/recordClicksFromDevice API has failed at 15 Forbidden{"message":"HTTP Error 401 - Unauthorized: Access is denied due to invalid credentials."}
****************** JJpX85UiVMIIL76SOmx/V38lvKURDRVwbXc8U7kDRoSED310LrcjKfQCfTMxbOWRwnbjSNw8TDXz5pA3iwXrqBhoeqMc8fG7U9JpllMOOwdTpbf6vuddgS2LUhomvidi
{"appKey":"002e4eb7df8262ad34b6daa98c13262f"," appToPromoteID":"1999","sceneID":"1","campaignID":"116","advertising_id":"257","osID ":"41","sha1_advertising_id":"257","clickID":"9359_1_257","sdkVersion":"39","sessionToken":"JJpX85UiVMIIL76SOmx/V38lvKURDRVwbXc8U7kDRoSED310LrcjKfQCfTMxbOWRwnbjSNw8TDXz5pA3iwXrqBhoeqMc8fG7U9JpllMOOwdTpbf6vuddgS2LUhomvidi"}: Status code forbidden, internet connectivity not availablehttp://52.13.174.6/sheeda/admin/api/recordClicksFromDevice please check your internet connection 16
{"appKey":"002e4eb7df8262ad34b6daa98c13262f"," appToPromoteID":"1999","sceneID":"1","campaignID":"116","advertising_id":"257","osID ":"41","sha1_advertising_id":"257","clickID":"9359_1_257","sdkVersion":"39","sessionToken":"JJpX85UiVMIIL76SOmx/V38lvKURDRVwbXc8U7kDRoSED310LrcjKfQCfTMxbOWRwnbjSNw8TDXz5pA3iwXrqBhoeqMc8fG7U9JpllMOOwdTpbf6vuddgS2LUhomvidi"}: Status code not OK,http://52.13.174.6/sheeda/admin/api/recordClicksFromDevice API has failed at 16 Forbidden{"message":"HTTP Error 401 - Unauthorized: Access is denied due to invalid credentials."}
****************** JJpX85UiVMIIL76SOmx/V38lvKURDRVwbXc8U7kDRoSED310LrcjKfQCfTMxbOWRwnbjSNw8TDXz5pA3iwXrqBhoeqMc8fG7U9JpllMOOwdTpbf6vuddgS2LUhomvidi
{"appKey":"0034c9287108a0865eec92973ab2cabf"," appToPromoteID":"2141","sceneID":"12","campaignID":"121","advertising_id":"4618","osID ":"41","sha1_advertising_id":"4618","clickID":"15643_1_4618","sdkVersion":"90","sessionToken":"JJpX85UiVMIIL76SOmx/V38lvKURDRVwbXc8U7kDRoSED310LrcjKfQCfTMxbOWRwnbjSNw8TDXz5pA3iwXrqBhoeqMc8fG7U9JpllMOOwdTpbf6vuddgS2LUhomvidi"}: Status code forbidden, internet connectivity not availablehttp://52.13.174.6/sheeda/admin/api/recordClicksFromDevice please check your internet connection 17
{"appKey":"0034c9287108a0865eec92973ab2cabf"," appToPromoteID":"2141","sceneID":"12","campaignID":"121","advertising_id":"4618","osID ":"41","sha1_advertising_id":"4618","clickID":"15643_1_4618","sdkVersion":"90","sessionToken":"JJpX85UiVMIIL76SOmx/V38lvKURDRVwbXc8U7kDRoSED310LrcjKfQCfTMxbOWRwnbjSNw8TDXz5pA3iwXrqBhoeqMc8fG7U9JpllMOOwdTpbf6vuddgS2LUhomvidi"}: Status code not OK,http://52.13.174.6/sheeda/admin/api/recordClicksFromDevice API has failed at 17 Forbidden{"message":"HTTP Error 401 - Unauthorized: Access is denied due to invalid credentials."}
****************** JJpX85UiVMIIL76SOmx/V38lvKURDRVwbXc8U7kDRoSED310LrcjKfQCfTMxbOWRwnbjSNw8TDXz5pA3iwXrqBhoeqMc8fG7U9JpllMOOwdTpbf6vuddgS2LUhomvidi
{"appKey":"00370ba840ec82e3cae2f844e5761f7f"," appToPromoteID":"1946","sceneID":"16","campaignID":"123","advertising_id":"6156","osID ":"41","sha1_advertising_id":"6156","clickID":"3377_196_6156","sdkVersion":"90","sessionToken":"JJpX85UiVMIIL76SOmx/V38lvKURDRVwbXc8U7kDRoSED310LrcjKfQCfTMxbOWRwnbjSNw8TDXz5pA3iwXrqBhoeqMc8fG7U9JpllMOOwdTpbf6vuddgS2LUhomvidi"}: Status code forbidden, internet connectivity not availablehttp://52.13.174.6/sheeda/admin/api/recordClicksFromDevice please check your internet connection 18
{"appKey":"00370ba840ec82e3cae2f844e5761f7f"," appToPromoteID":"1946","sceneID":"16","campaignID":"123","advertising_id":"6156","osID ":"41","sha1_advertising_id":"6156","clickID":"3377_196_6156","sdkVersion":"90","sessionToken":"JJpX85UiVMIIL76SOmx/V38lvKURDRVwbXc8U7kDRoSED310LrcjKfQCfTMxbOWRwnbjSNw8TDXz5pA3iwXrqBhoeqMc8fG7U9JpllMOOwdTpbf6vuddgS2LUhomvidi"}: Status code not OK,http://52.13.174.6/sheeda/admin/api/recordClicksFromDevice API has failed at 18 Forbidden{"message":"HTTP Error 401 - Unauthorized: Access is denied due to invalid credentials."}
****************** JJpX85UiVMIIL76SOmx/V38lvKURDRVwbXc8U7kDRoSED310LrcjKfQCfTMxbOWRwnbjSNw8TDXz5pA3iwXrqBhoeqMc8fG7U9JpllMOOwdTpbf6vuddgS2LUhomvidi
{"appKey":"003a31fb156ba9c1d390ff47ddd5f910"," appToPromoteID":"2081","sceneID":"24","campaignID":"126","advertising_id":"9330","osID ":"41","sha1_advertising_id":"9330","clickID":"13512_16_9330","sdkVersion":"39","sessionToken":"JJpX85UiVMIIL76SOmx/V38lvKURDRVwbXc8U7kDRoSED310LrcjKfQCfTMxbOWRwnbjSNw8TDXz5pA3iwXrqBhoeqMc8fG7U9JpllMOOwdTpbf6vuddgS2LUhomvidi"}: Status code forbidden, internet connectivity not availablehttp://52.13.174.6/sheeda/admin/api/recordClicksFromDevice please check your internet connection 19
{"appKey":"003a31fb156ba9c1d390ff47ddd5f910"," appToPromoteID":"2081","sceneID":"24","campaignID":"126","advertising_id":"9330","osID ":"41","sha1_advertising_id":"9330","clickID":"13512_16_9330","sdkVersion":"39","sessionToken":"JJpX85UiVMIIL76SOmx/V38lvKURDRVwbXc8U7kDRoSED310LrcjKfQCfTMxbOWRwnbjSNw8TDXz5pA3iwXrqBhoeqMc8fG7U9JpllMOOwdTpbf6vuddgS2LUhomvidi"}: Status code not OK,http://52.13.174.6/sheeda/admin/api/recordClicksFromDevice API has failed at 19 Forbidden{"message":"HTTP Error 401 - Unauthorized: Access is denied due to invalid credentials."}
****************** JJpX85UiVMIIL76SOmx/V38lvKURDRVwbXc8U7kDRoSED310LrcjKfQCfTMxbOWRwnbjSNw8TDXz5pA3iwXrqBhoeqMc8fG7U9JpllMOOwdTpbf6vuddgS2LUhomvidi
{"appKey":"003ac3c432ddccd02f2c4a27be8dfb95"," appToPromoteID":"2018","sceneID":"3","campaignID":"128","advertising_id":"868","osID ":"41","sha1_advertising_id":"868","clickID":"8537_16_868","sdkVersion":"2163","sessionToken":"JJpX85UiVMIIL76SOmx/V38lvKURDRVwbXc8U7kDRoSED310LrcjKfQCfTMxbOWRwnbjSNw8TDXz5pA3iwXrqBhoeqMc8fG7U9JpllMOOwdTpbf6vuddgS2LUhomvidi"}: Status code forbidden, internet connectivity not availablehttp://52.13.174.6/sheeda/admin/api/recordClicksFromDevice please check your internet connection 20
{"appKey":"003ac3c432ddccd02f2c4a27be8dfb95"," appToPromoteID":"2018","sceneID":"3","campaignID":"128","advertising_id":"868","osID ":"41","sha1_advertising_id":"868","clickID":"8537_16_868","sdkVersion":"2163","sessionToken":"JJpX85UiVMIIL76SOmx/V38lvKURDRVwbXc8U7kDRoSED310LrcjKfQCfTMxbOWRwnbjSNw8TDXz5pA3iwXrqBhoeqMc8fG7U9JpllMOOwdTpbf6vuddgS2LUhomvidi"}: Status code not OK,http://52.13.174.6/sheeda/admin/api/recordClicksFromDevice API has failed at 20 Forbidden{"message":"HTTP Error 401 - Unauthorized: Access is denied due to invalid credentials."}
****************** JJpX85UiVMIIL76SOmx/V38lvKURDRVwbXc8U7kDRoSED310LrcjKfQCfTMxbOWRwnbjSNw8TDXz5pA3iwXrqBhoeqMc8fG7U9JpllMOOwdTpbf6vuddgS2LUhomvidi
{"appKey":"003e87daef54e5a06f16b09d011f49c0"," appToPromoteID":"2030","sceneID":"23","campaignID":"130","advertising_id":"8817","osID ":"41","sha1_advertising_id":"8817","clickID":"13355_1_8817","sdkVersion":"39","sessionToken":"JJpX85UiVMIIL76SOmx/V38lvKURDRVwbXc8U7kDRoSED310LrcjKfQCfTMxbOWRwnbjSNw8TDXz5pA3iwXrqBhoeqMc8fG7U9JpllMOOwdTpbf6vuddgS2LUhomvidi"}: Status code forbidden, internet connectivity not availablehttp://52.13.174.6/sheeda/admin/api/recordClicksFromDevice please check your internet connection 21
{"appKey":"003e87daef54e5a06f16b09d011f49c0"," appToPromoteID":"2030","sceneID":"23","campaignID":"130","advertising_id":"8817","osID ":"41","sha1_advertising_id":"8817","clickID":"13355_1_8817","sdkVersion":"39","sessionToken":"JJpX85UiVMIIL76SOmx/V38lvKURDRVwbXc8U7kDRoSED310LrcjKfQCfTMxbOWRwnbjSNw8TDXz5pA3iwXrqBhoeqMc8fG7U9JpllMOOwdTpbf6vuddgS2LUhomvidi"}: Status code not OK,http://52.13.174.6/sheeda/admin/api/recordClicksFromDevice API has failed at 21 Forbidden{"message":"HTTP Error 401 - Unauthorized: Access is denied due to invalid credentials."}
****************** JJpX85UiVMIIL76SOmx/V38lvKURDRVwbXc8U7kDRoSED310LrcjKfQCfTMxbOWRwnbjSNw8TDXz5pA3iwXrqBhoeqMc8fG7U9JpllMOOwdTpbf6vuddgS2LUhomvidi
{"appKey":"0044e5eb4358836589c2b67d0194a6d4"," appToPromoteID":"2059","sceneID":"22","campaignID":"131","advertising_id":"8404","osID ":"41","sha1_advertising_id":"8404","clickID":"10739_1_8404","sdkVersion":"39","sessionToken":"JJpX85UiVMIIL76SOmx/V38lvKURDRVwbXc8U7kDRoSED310LrcjKfQCfTMxbOWRwnbjSNw8TDXz5pA3iwXrqBhoeqMc8fG7U9JpllMOOwdTpbf6vuddgS2LUhomvidi"}: Status code forbidden, internet connectivity not availablehttp://52.13.174.6/sheeda/admin/api/recordClicksFromDevice please check your internet connection 22
{"appKey":"0044e5eb4358836589c2b67d0194a6d4"," appToPromoteID":"2059","sceneID":"22","campaignID":"131","advertising_id":"8404","osID ":"41","sha1_advertising_id":"8404","clickID":"10739_1_8404","sdkVersion":"39","sessionToken":"JJpX85UiVMIIL76SOmx/V38lvKURDRVwbXc8U7kDRoSED310LrcjKfQCfTMxbOWRwnbjSNw8TDXz5pA3iwXrqBhoeqMc8fG7U9JpllMOOwdTpbf6vuddgS2LUhomvidi"}: Status code not OK,http://52.13.174.6/sheeda/admin/api/recordClicksFromDevice API has failed at 22 Forbidden{"message":"HTTP Error 401 - Unauthorized: Access is denied due to invalid credentials."}
****************** JJpX85UiVMIIL76SOmx/V38lvKURDRVwbXc8U7kDRoSED310LrcjKfQCfTMxbOWRwnbjSNw8TDXz5pA3iwXrqBhoeqMc8fG7U9JpllMOOwdTpbf6vuddgS2LUhomvidi
{"appKey":"00471fdb26ac4c7ad99fd12b01a9c598"," appToPromoteID":"2109","sceneID":"20","campaignID":"132","advertising_id":"7990","osID ":"41","sha1_advertising_id":"7990","clickID":"2846_16_7990","sdkVersion":"2216","sessionToken":"JJpX85UiVMIIL76SOmx/V38lvKURDRVwbXc8U7kDRoSED310LrcjKfQCfTMxbOWRwnbjSNw8TDXz5pA3iwXrqBhoeqMc8fG7U9JpllMOOwdTpbf6vuddgS2LUhomvidi"}: Status code forbidden, internet connectivity not availablehttp://52.13.174.6/sheeda/admin/api/recordClicksFromDevice please check your internet connection 23
{"appKey":"00471fdb26ac4c7ad99fd12b01a9c598"," appToPromoteID":"2109","sceneID":"20","campaignID":"132","advertising_id":"7990","osID ":"41","sha1_advertising_id":"7990","clickID":"2846_16_7990","sdkVersion":"2216","sessionToken":"JJpX85UiVMIIL76SOmx/V38lvKURDRVwbXc8U7kDRoSED310LrcjKfQCfTMxbOWRwnbjSNw8TDXz5pA3iwXrqBhoeqMc8fG7U9JpllMOOwdTpbf6vuddgS2LUhomvidi"}: Status code not OK,http://52.13.174.6/sheeda/admin/api/recordClicksFromDevice API has failed at 23 Forbidden{"message":"HTTP Error 401 - Unauthorized: Access is denied due to invalid credentials."}
****************** JJpX85UiVMIIL76SOmx/V38lvKURDRVwbXc8U7kDRoSED310LrcjKfQCfTMxbOWRwnbjSNw8TDXz5pA3iwXrqBhoeqMc8fG7U9JpllMOOwdTpbf6vuddgS2LUhomvidi
{"appKey":"004eb5e71a7a6be6c0f38539f9b148e7"," appToPromoteID":"2130","sceneID":"20","campaignID":"134","advertising_id":"7891","osID ":"41","sha1_advertising_id":"7891","clickID":"9865_16_7891","sdkVersion":"39","sessionToken":"JJpX85UiVMIIL76SOmx/V38lvKURDRVwbXc8U7kDRoSED310LrcjKfQCfTMxbOWRwnbjSNw8TDXz5pA3iwXrqBhoeqMc8fG7U9JpllMOOwdTpbf6vuddgS2LUhomvidi"}: Status code forbidden, internet connectivity not availablehttp://52.13.174.6/sheeda/admin/api/recordClicksFromDevice please check your internet connection 24
{"appKey":"004eb5e71a7a6be6c0f38539f9b148e7"," appToPromoteID":"2130","sceneID":"20","campaignID":"134","advertising_id":"7891","osID ":"41","sha1_advertising_id":"7891","clickID":"9865_16_7891","sdkVersion":"39","sessionToken":"JJpX85UiVMIIL76SOmx/V38lvKURDRVwbXc8U7kDRoSED310LrcjKfQCfTMxbOWRwnbjSNw8TDXz5pA3iwXrqBhoeqMc8fG7U9JpllMOOwdTpbf6vuddgS2LUhomvidi"}: Status code not OK,http://52.13.174.6/sheeda/admin/api/recordClicksFromDevice API has failed at 24 Forbidden{"message":"HTTP Error 401 - Unauthorized: Access is denied due to invalid credentials."}
****************** JJpX85UiVMIIL76SOmx/V38lvKURDRVwbXc8U7kDRoSED310LrcjKfQCfTMxbOWRwnbjSNw8TDXz5pA3iwXrqBhoeqMc8fG7U9JpllMOOwdTpbf6vuddgS2LUhomvidi
****************** JJpX85UiVMIIL76SOmx/V38lvKURDRVwbXc8U7kDRoSED310LrcjKfQCfTMxbOWRwnbjSNw8TDXz5pA3iwXrqBhoeqMc8fG7U9JpllMOOwdTpbf6vuddgS2LUhomvidi
{"appKey":"0054be58e28868e1c82467eb4623499d"," appToPromoteID":"2089","sceneID":"13","campaignID":"143","advertising_id":"4904","osID ":"41","sha1_advertising_id":"4904","clickID":"2994_196_4904","sdkVersion":"2216","sessionToken":"JJpX85UiVMIIL76SOmx/V38lvKURDRVwbXc8U7kDRoSED310LrcjKfQCfTMxbOWRwnbjSNw8TDXz5pA3iwXrqBhoeqMc8fG7U9JpllMOOwdTpbf6vuddgS2LUhomvidi"}: Status code forbidden, internet connectivity not availablehttp://52.13.174.6/sheeda/admin/api/recordClicksFromDevice please check your internet connection 26
{"appKey":"0054be58e28868e1c82467eb4623499d"," appToPromoteID":"2089","sceneID":"13","campaignID":"143","advertising_id":"4904","osID ":"41","sha1_advertising_id":"4904","clickID":"2994_196_4904","sdkVersion":"2216","sessionToken":"JJpX85UiVMIIL76SOmx/V38lvKURDRVwbXc8U7kDRoSED310LrcjKfQCfTMxbOWRwnbjSNw8TDXz5pA3iwXrqBhoeqMc8fG7U9JpllMOOwdTpbf6vuddgS2LUhomvidi"}: Status code not OK,http://52.13.174.6/sheeda/admin/api/recordClicksFromDevice API has failed at 26 Forbidden{"message":"HTTP Error 401 - Unauthorized: Access is denied due to invalid credentials."}
****************** JJpX85UiVMIIL76SOmx/V38lvKURDRVwbXc8U7kDRoSED310LrcjKfQCfTMxbOWRwnbjSNw8TDXz5pA3iwXrqBhoeqMc8fG7U9JpllMOOwdTpbf6vuddgS2LUhomvidi
{"appKey":"005a1d7bbcf1906ecde3fbb61ad53ac3"," appToPromoteID":"2225","sceneID":"1","campaignID":"146","advertising_id":"31","osID ":"41","sha1_advertising_id":"31","clickID":"16181_16_31","sdkVersion":"39","sessionToken":"JJpX85UiVMIIL76SOmx/V38lvKURDRVwbXc8U7kDRoSED310LrcjKfQCfTMxbOWRwnbjSNw8TDXz5pA3iwXrqBhoeqMc8fG7U9JpllMOOwdTpbf6vuddgS2LUhomvidi"}: Status code forbidden, internet connectivity not availablehttp://52.13.174.6/sheeda/admin/api/recordClicksFromDevice please check your internet connection 27
{"appKey":"005a1d7bbcf1906ecde3fbb61ad53ac3"," appToPromoteID":"2225","sceneID":"1","campaignID":"146","advertising_id":"31","osID ":"41","sha1_advertising_id":"31","clickID":"16181_16_31","sdkVersion":"39","sessionToken":"JJpX85UiVMIIL76SOmx/V38lvKURDRVwbXc8U7kDRoSED310LrcjKfQCfTMxbOWRwnbjSNw8TDXz5pA3iwXrqBhoeqMc8fG7U9JpllMOOwdTpbf6vuddgS2LUhomvidi"}: Status code not OK,http://52.13.174.6/sheeda/admin/api/recordClicksFromDevice API has failed at 27 Forbidden{"message":"HTTP Error 401 - Unauthorized: Access is denied due to invalid credentials."}
****************** JJpX85UiVMIIL76SOmx/V38lvKURDRVwbXc8U7kDRoSED310LrcjKfQCfTMxbOWRwnbjSNw8TDXz5pA3iwXrqBhoeqMc8fG7U9JpllMOOwdTpbf6vuddgS2LUhomvidi
{"appKey":"005be97fcd809104f05a0543dc19a96f"," appToPromoteID":"2141","sceneID":"25","campaignID":"153","advertising_id":"9616","osID ":"41","sha1_advertising_id":"9616","clickID":"3508_1_9616","sdkVersion":"90","sessionToken":"JJpX85UiVMIIL76SOmx/V38lvKURDRVwbXc8U7kDRoSED310LrcjKfQCfTMxbOWRwnbjSNw8TDXz5pA3iwXrqBhoeqMc8fG7U9JpllMOOwdTpbf6vuddgS2LUhomvidi"}: Status code forbidden, internet connectivity not availablehttp://52.13.174.6/sheeda/admin/api/recordClicksFromDevice please check your internet connection 28
{"appKey":"005be97fcd809104f05a0543dc19a96f"," appToPromoteID":"2141","sceneID":"25","campaignID":"153","advertising_id":"9616","osID ":"41","sha1_advertising_id":"9616","clickID":"3508_1_9616","sdkVersion":"90","sessionToken":"JJpX85UiVMIIL76SOmx/V38lvKURDRVwbXc8U7kDRoSED310LrcjKfQCfTMxbOWRwnbjSNw8TDXz5pA3iwXrqBhoeqMc8fG7U9JpllMOOwdTpbf6vuddgS2LUhomvidi"}: Status code not OK,http://52.13.174.6/sheeda/admin/api/recordClicksFromDevice API has failed at 28 Forbidden{"message":"HTTP Error 401 - Unauthorized: Access is denied due to invalid credentials."}
****************** JJpX85UiVMIIL76SOmx/V38lvKURDRVwbXc8U7kDRoSED310LrcjKfQCfTMxbOWRwnbjSNw8TDXz5pA3iwXrqBhoeqMc8fG7U9JpllMOOwdTpbf6vuddgS2LUhomvidi
{"appKey":"006007905d69c7c3bfc38b08198afcf8"," appToPromoteID":"2226","sceneID":"24","campaignID":"155","advertising_id":"9518","osID ":"41","sha1_advertising_id":"9518","clickID":"11782_16_9518","sdkVersion":"2163","sessionToken":"JJpX85UiVMIIL76SOmx/V38lvKURDRVwbXc8U7kDRoSED310LrcjKfQCfTMxbOWRwnbjSNw8TDXz5pA3iwXrqBhoeqMc8fG7U9JpllMOOwdTpbf6vuddgS2LUhomvidi"}: Status code forbidden, internet connectivity not availablehttp://52.13.174.6/sheeda/admin/api/recordClicksFromDevice please check your internet connection 29
{"appKey":"006007905d69c7c3bfc38b08198afcf8"," appToPromoteID":"2226","sceneID":"24","campaignID":"155","advertising_id":"9518","osID ":"41","sha1_advertising_id":"9518","clickID":"11782_16_9518","sdkVersion":"2163","sessionToken":"JJpX85UiVMIIL76SOmx/V38lvKURDRVwbXc8U7kDRoSED310LrcjKfQCfTMxbOWRwnbjSNw8TDXz5pA3iwXrqBhoeqMc8fG7U9JpllMOOwdTpbf6vuddgS2LUhomvidi"}: Status code not OK,http://52.13.174.6/sheeda/admin/api/recordClicksFromDevice API has failed at 29 Forbidden{"message":"HTTP Error 401 - Unauthorized: Access is denied due to invalid credentials."}
****************** JJpX85UiVMIIL76SOmx/V38lvKURDRVwbXc8U7kDRoSED310LrcjKfQCfTMxbOWRwnbjSNw8TDXz5pA3iwXrqBhoeqMc8fG7U9JpllMOOwdTpbf6vuddgS2LUhomvidi
{"appKey":"0065f922b6a67353ac14be778cdfd42c"," appToPromoteID":"2350","sceneID":"3","campaignID":"164","advertising_id":"1056","osID ":"41","sha1_advertising_id":"1056","clickID":"16142_16_1056","sdkVersion":"2163","sessionToken":"JJpX85UiVMIIL76SOmx/V38lvKURDRVwbXc8U7kDRoSED310LrcjKfQCfTMxbOWRwnbjSNw8TDXz5pA3iwXrqBhoeqMc8fG7U9JpllMOOwdTpbf6vuddgS2LUhomvidi"}: Status code forbidden, internet connectivity not availablehttp://52.13.174.6/sheeda/admin/api/recordClicksFromDevice please check your internet connection 30
{"appKey":"0065f922b6a67353ac14be778cdfd42c"," appToPromoteID":"2350","sceneID":"3","campaignID":"164","advertising_id":"1056","osID ":"41","sha1_advertising_id":"1056","clickID":"16142_16_1056","sdkVersion":"2163","sessionToken":"JJpX85UiVMIIL76SOmx/V38lvKURDRVwbXc8U7kDRoSED310LrcjKfQCfTMxbOWRwnbjSNw8TDXz5pA3iwXrqBhoeqMc8fG7U9JpllMOOwdTpbf6vuddgS2LUhomvidi"}: Status code not OK,http://52.13.174.6/sheeda/admin/api/recordClicksFromDevice API has failed at 30 Forbidden{"message":"HTTP Error 401 - Unauthorized: Access is denied due to invalid credentials."}
****************** JJpX85UiVMIIL76SOmx/V38lvKURDRVwbXc8U7kDRoSED310LrcjKfQCfTMxbOWRwnbjSNw8TDXz5pA3iwXrqBhoeqMc8fG7U9JpllMOOwdTpbf6vuddgS2LUhomvidi
{"appKey":"0069e2f8ff4b2535bf0b0f4bb4b26b2e"," appToPromoteID":"1266","sceneID":"11","campaignID":"173","advertising_id":"4230","osID ":"41","sha1_advertising_id":"4230","clickID":"8213_22_4230","sdkVersion":"26","sessionToken":"JJpX85UiVMIIL76SOmx/V38lvKURDRVwbXc8U7kDRoSED310LrcjKfQCfTMxbOWRwnbjSNw8TDXz5pA3iwXrqBhoeqMc8fG7U9JpllMOOwdTpbf6vuddgS2LUhomvidi"}: Status code forbidden, internet connectivity not availablehttp://52.13.174.6/sheeda/admin/api/recordClicksFromDevice please check your internet connection 31
{"appKey":"0069e2f8ff4b2535bf0b0f4bb4b26b2e"," appToPromoteID":"1266","sceneID":"11","campaignID":"173","advertising_id":"4230","osID ":"41","sha1_advertising_id":"4230","clickID":"8213_22_4230","sdkVersion":"26","sessionToken":"JJpX85UiVMIIL76SOmx/V38lvKURDRVwbXc8U7kDRoSED310LrcjKfQCfTMxbOWRwnbjSNw8TDXz5pA3iwXrqBhoeqMc8fG7U9JpllMOOwdTpbf6vuddgS2LUhomvidi"}: Status code not OK,http://52.13.174.6/sheeda/admin/api/recordClicksFromDevice API has failed at 31 Forbidden{"message":"HTTP Error 401 - Unauthorized: Access is denied due to invalid credentials."}
****************** JJpX85UiVMIIL76SOmx/V38lvKURDRVwbXc8U7kDRoSED310LrcjKfQCfTMxbOWRwnbjSNw8TDXz5pA3iwXrqBhoeqMc8fG7U9JpllMOOwdTpbf6vuddgS2LUhomvidi
{"appKey":"006df0ef45fe21665722f2ec9e1e6a22"," appToPromoteID":"2343","sceneID":"15","campaignID":"177","advertising_id":"5768","osID ":"41","sha1_advertising_id":"5768","clickID":"3550_196_5768","sdkVersion":"39","sessionToken":"JJpX85UiVMIIL76SOmx/V38lvKURDRVwbXc8U7kDRoSED310LrcjKfQCfTMxbOWRwnbjSNw8TDXz5pA3iwXrqBhoeqMc8fG7U9JpllMOOwdTpbf6vuddgS2LUhomvidi"}: Status code forbidden, internet connectivity not availablehttp://52.13.174.6/sheeda/admin/api/recordClicksFromDevice please check your internet connection 32
{"appKey":"006df0ef45fe21665722f2ec9e1e6a22"," appToPromoteID":"2343","sceneID":"15","campaignID":"177","advertising_id":"5768","osID ":"41","sha1_advertising_id":"5768","clickID":"3550_196_5768","sdkVersion":"39","sessionToken":"JJpX85UiVMIIL76SOmx/V38lvKURDRVwbXc8U7kDRoSED310LrcjKfQCfTMxbOWRwnbjSNw8TDXz5pA3iwXrqBhoeqMc8fG7U9JpllMOOwdTpbf6vuddgS2LUhomvidi"}: Status code not OK,http://52.13.174.6/sheeda/admin/api/recordClicksFromDevice API has failed at 32 Forbidden{"message":"HTTP Error 401 - Unauthorized: Access is denied due to invalid credentials."}
****************** JJpX85UiVMIIL76SOmx/V38lvKURDRVwbXc8U7kDRoSED310LrcjKfQCfTMxbOWRwnbjSNw8TDXz5pA3iwXrqBhoeqMc8fG7U9JpllMOOwdTpbf6vuddgS2LUhomvidi
{"appKey":"006e5229bdb41ca94266b26774b79a27"," appToPromoteID":"1266","sceneID":"5","campaignID":"179","advertising_id":"1766","osID ":"41","sha1_advertising_id":"1766","clickID":"2538_22_1766","sdkVersion":"26","sessionToken":"JJpX85UiVMIIL76SOmx/V38lvKURDRVwbXc8U7kDRoSED310LrcjKfQCfTMxbOWRwnbjSNw8TDXz5pA3iwXrqBhoeqMc8fG7U9JpllMOOwdTpbf6vuddgS2LUhomvidi"}: Status code forbidden, internet connectivity not availablehttp://52.13.174.6/sheeda/admin/api/recordClicksFromDevice please check your internet connection 33
{"appKey":"006e5229bdb41ca94266b26774b79a27"," appToPromoteID":"1266","sceneID":"5","campaignID":"179","advertising_id":"1766","osID ":"41","sha1_advertising_id":"1766","clickID":"2538_22_1766","sdkVersion":"26","sessionToken":"JJpX85UiVMIIL76SOmx/V38lvKURDRVwbXc8U7kDRoSED310LrcjKfQCfTMxbOWRwnbjSNw8TDXz5pA3iwXrqBhoeqMc8fG7U9JpllMOOwdTpbf6vuddgS2LUhomvidi"}: Status code not OK,http://52.13.174.6/sheeda/admin/api/recordClicksFromDevice API has failed at 33 Forbidden{"message":"HTTP Error 401 - Unauthorized: Access is denied due to invalid credentials."}
****************** JJpX85UiVMIIL76SOmx/V38lvKURDRVwbXc8U7kDRoSED310LrcjKfQCfTMxbOWRwnbjSNw8TDXz5pA3iwXrqBhoeqMc8fG7U9JpllMOOwdTpbf6vuddgS2LUhomvidi
{"appKey":"00890dc5b50bc96e41c6a9c88c0e3c57"," appToPromoteID":"2269","sceneID":"16","campaignID":"184","advertising_id":"6128","osID ":"41","sha1_advertising_id":"6128","clickID":"7410_16_6128","sdkVersion":"39","sessionToken":"JJpX85UiVMIIL76SOmx/V38lvKURDRVwbXc8U7kDRoSED310LrcjKfQCfTMxbOWRwnbjSNw8TDXz5pA3iwXrqBhoeqMc8fG7U9JpllMOOwdTpbf6vuddgS2LUhomvidi"}: Status code forbidden, internet connectivity not availablehttp://52.13.174.6/sheeda/admin/api/recordClicksFromDevice please check your internet connection 34
{"appKey":"00890dc5b50bc96e41c6a9c88c0e3c57"," appToPromoteID":"2269","sceneID":"16","campaignID":"184","advertising_id":"6128","osID ":"41","sha1_advertising_id":"6128","clickID":"7410_16_6128","sdkVersion":"39","sessionToken":"JJpX85UiVMIIL76SOmx/V38lvKURDRVwbXc8U7kDRoSED310LrcjKfQCfTMxbOWRwnbjSNw8TDXz5pA3iwXrqBhoeqMc8fG7U9JpllMOOwdTpbf6vuddgS2LUhomvidi"}: Status code not OK,http://52.13.174.6/sheeda/admin/api/recordClicksFromDevice API has failed at 34 Forbidden{"message":"HTTP Error 401 - Unauthorized: Access is denied due to invalid credentials."}
****************** JJpX85UiVMIIL76SOmx/V38lvKURDRVwbXc8U7kDRoSED310LrcjKfQCfTMxbOWRwnbjSNw8TDXz5pA3iwXrqBhoeqMc8fG7U9JpllMOOwdTpbf6vuddgS2LUhomvidi
****************** JJpX85UiVMIIL76SOmx/V38lvKURDRVwbXc8U7kDRoSED310LrcjKfQCfTMxbOWRwnbjSNw8TDXz5pA3iwXrqBhoeqMc8fG7U9JpllMOOwdTpbf6vuddgS2LUhomvidi
{"appKey":"008e67db746a628971d2387d0ad3903c"," appToPromoteID":"2480","sceneID":"24","campaignID":"191","advertising_id":"9236","osID ":"41","sha1_advertising_id":"9236","clickID":"14370_16_9236","sdkVersion":"39","sessionToken":"JJpX85UiVMIIL76SOmx/V38lvKURDRVwbXc8U7kDRoSED310LrcjKfQCfTMxbOWRwnbjSNw8TDXz5pA3iwXrqBhoeqMc8fG7U9JpllMOOwdTpbf6vuddgS2LUhomvidi"}: Status code forbidden, internet connectivity not availablehttp://52.13.174.6/sheeda/admin/api/recordClicksFromDevice please check your internet connection 36
{"appKey":"008e67db746a628971d2387d0ad3903c"," appToPromoteID":"2480","sceneID":"24","campaignID":"191","advertising_id":"9236","osID ":"41","sha1_advertising_id":"9236","clickID":"14370_16_9236","sdkVersion":"39","sessionToken":"JJpX85UiVMIIL76SOmx/V38lvKURDRVwbXc8U7kDRoSED310LrcjKfQCfTMxbOWRwnbjSNw8TDXz5pA3iwXrqBhoeqMc8fG7U9JpllMOOwdTpbf6vuddgS2LUhomvidi"}: Status code not OK,http://52.13.174.6/sheeda/admin/api/recordClicksFromDevice API has failed at 36 Forbidden{"message":"HTTP Error 401 - Unauthorized: Access is denied due to invalid credentials."}
****************** JJpX85UiVMIIL76SOmx/V38lvKURDRVwbXc8U7kDRoSED310LrcjKfQCfTMxbOWRwnbjSNw8TDXz5pA3iwXrqBhoeqMc8fG7U9JpllMOOwdTpbf6vuddgS2LUhomvidi
{"appKey":"008e822aa3ad50d71198173f790c69b4"," appToPromoteID":"2521","sceneID":"23","campaignID":"192","advertising_id":"8822","osID ":"41","sha1_advertising_id":"8822","clickID":"10452_16_8822","sdkVersion":"39","sessionToken":"JJpX85UiVMIIL76SOmx/V38lvKURDRVwbXc8U7kDRoSED310LrcjKfQCfTMxbOWRwnbjSNw8TDXz5pA3iwXrqBhoeqMc8fG7U9JpllMOOwdTpbf6vuddgS2LUhomvidi"}: Status code forbidden, internet connectivity not availablehttp://52.13.174.6/sheeda/admin/api/recordClicksFromDevice please check your internet connection 37
{"appKey":"008e822aa3ad50d71198173f790c69b4"," appToPromoteID":"2521","sceneID":"23","campaignID":"192","advertising_id":"8822","osID ":"41","sha1_advertising_id":"8822","clickID":"10452_16_8822","sdkVersion":"39","sessionToken":"JJpX85UiVMIIL76SOmx/V38lvKURDRVwbXc8U7kDRoSED310LrcjKfQCfTMxbOWRwnbjSNw8TDXz5pA3iwXrqBhoeqMc8fG7U9JpllMOOwdTpbf6vuddgS2LUhomvidi"}: Status code not OK,http://52.13.174.6/sheeda/admin/api/recordClicksFromDevice API has failed at 37 Forbidden{"message":"HTTP Error 401 - Unauthorized: Access is denied due to invalid credentials."}
****************** JJpX85UiVMIIL76SOmx/V38lvKURDRVwbXc8U7kDRoSED310LrcjKfQCfTMxbOWRwnbjSNw8TDXz5pA3iwXrqBhoeqMc8fG7U9JpllMOOwdTpbf6vuddgS2LUhomvidi
{"appKey":"00935bc314ffec95b2283b192c68b5b8"," appToPromoteID":"2504","sceneID":"22","campaignID":"201","advertising_id":"8724","osID ":"41","sha1_advertising_id":"8724","clickID":"13326_1_8724","sdkVersion":"2286","sessionToken":"JJpX85UiVMIIL76SOmx/V38lvKURDRVwbXc8U7kDRoSED310LrcjKfQCfTMxbOWRwnbjSNw8TDXz5pA3iwXrqBhoeqMc8fG7U9JpllMOOwdTpbf6vuddgS2LUhomvidi"}: Status code forbidden, internet connectivity not availablehttp://52.13.174.6/sheeda/admin/api/recordClicksFromDevice please check your internet connection 38
{"appKey":"00935bc314ffec95b2283b192c68b5b8"," appToPromoteID":"2504","sceneID":"22","campaignID":"201","advertising_id":"8724","osID ":"41","sha1_advertising_id":"8724","clickID":"13326_1_8724","sdkVersion":"2286","sessionToken":"JJpX85UiVMIIL76SOmx/V38lvKURDRVwbXc8U7kDRoSED310LrcjKfQCfTMxbOWRwnbjSNw8TDXz5pA3iwXrqBhoeqMc8fG7U9JpllMOOwdTpbf6vuddgS2LUhomvidi"}: Status code not OK,http://52.13.174.6/sheeda/admin/api/recordClicksFromDevice API has failed at 38 Forbidden{"message":"HTTP Error 401 - Unauthorized: Access is denied due to invalid credentials."}
****************** JJpX85UiVMIIL76SOmx/V38lvKURDRVwbXc8U7kDRoSED310LrcjKfQCfTMxbOWRwnbjSNw8TDXz5pA3iwXrqBhoeqMc8fG7U9JpllMOOwdTpbf6vuddgS2LUhomvidi
{"appKey":"0096820732ca931816a3bc90f621bfa5"," appToPromoteID":"2504","sceneID":"21","campaignID":"204","advertising_id":"8310","osID ":"41","sha1_advertising_id":"8310","clickID":"4242_1_8310","sdkVersion":"2286","sessionToken":"JJpX85UiVMIIL76SOmx/V38lvKURDRVwbXc8U7kDRoSED310LrcjKfQCfTMxbOWRwnbjSNw8TDXz5pA3iwXrqBhoeqMc8fG7U9JpllMOOwdTpbf6vuddgS2LUhomvidi"}: Status code forbidden, internet connectivity not availablehttp://52.13.174.6/sheeda/admin/api/recordClicksFromDevice please check your internet connection 39
{"appKey":"0096820732ca931816a3bc90f621bfa5"," appToPromoteID":"2504","sceneID":"21","campaignID":"204","advertising_id":"8310","osID ":"41","sha1_advertising_id":"8310","clickID":"4242_1_8310","sdkVersion":"2286","sessionToken":"JJpX85UiVMIIL76SOmx/V38lvKURDRVwbXc8U7kDRoSED310LrcjKfQCfTMxbOWRwnbjSNw8TDXz5pA3iwXrqBhoeqMc8fG7U9JpllMOOwdTpbf6vuddgS2LUhomvidi"}: Status code not OK,http://52.13.174.6/sheeda/admin/api/recordClicksFromDevice API has failed at 39 Forbidden{"message":"HTTP Error 401 - Unauthorized: Access is denied due to invalid credentials."}
****************** JJpX85UiVMIIL76SOmx/V38lvKURDRVwbXc8U7kDRoSED310LrcjKfQCfTMxbOWRwnbjSNw8TDXz5pA3iwXrqBhoeqMc8fG7U9JpllMOOwdTpbf6vuddgS2LUhomvidi
{"appKey":"009c53a38e9a1adbbb6698b8fa0ee5b3"," appToPromoteID":"2450","sceneID":"24","campaignID":"207","advertising_id":"9292","osID ":"41","sha1_advertising_id":"9292","clickID":"17508_16_9292","sdkVersion":"39","sessionToken":"JJpX85UiVMIIL76SOmx/V38lvKURDRVwbXc8U7kDRoSED310LrcjKfQCfTMxbOWRwnbjSNw8TDXz5pA3iwXrqBhoeqMc8fG7U9JpllMOOwdTpbf6vuddgS2LUhomvidi"}: Status code forbidden, internet connectivity not availablehttp://52.13.174.6/sheeda/admin/api/recordClicksFromDevice please check your internet connection 40
{"appKey":"009c53a38e9a1adbbb6698b8fa0ee5b3"," appToPromoteID":"2450","sceneID":"24","campaignID":"207","advertising_id":"9292","osID ":"41","sha1_advertising_id":"9292","clickID":"17508_16_9292","sdkVersion":"39","sessionToken":"JJpX85UiVMIIL76SOmx/V38lvKURDRVwbXc8U7kDRoSED310LrcjKfQCfTMxbOWRwnbjSNw8TDXz5pA3iwXrqBhoeqMc8fG7U9JpllMOOwdTpbf6vuddgS2LUhomvidi"}: Status code not OK,http://52.13.174.6/sheeda/admin/api/recordClicksFromDevice API has failed at 40 Forbidden{"message":"HTTP Error 401 - Unauthorized: Access is denied due to invalid credentials."}
****************** JJpX85UiVMIIL76SOmx/V38lvKURDRVwbXc8U7kDRoSED310LrcjKfQCfTMxbOWRwnbjSNw8TDXz5pA3iwXrqBhoeqMc8fG7U9JpllMOOwdTpbf6vuddgS2LUhomvidi
{"appKey":"009e1b667474069b44370e5ad4967fae"," appToPromoteID":"2504","sceneID":"23","campaignID":"211","advertising_id":"8878","osID ":"41","sha1_advertising_id":"8878","clickID":"7223_1_8878","sdkVersion":"2286","sessionToken":"JJpX85UiVMIIL76SOmx/V38lvKURDRVwbXc8U7kDRoSED310LrcjKfQCfTMxbOWRwnbjSNw8TDXz5pA3iwXrqBhoeqMc8fG7U9JpllMOOwdTpbf6vuddgS2LUhomvidi"}: Status code forbidden, internet connectivity not availablehttp://52.13.174.6/sheeda/admin/api/recordClicksFromDevice please check your internet connection 41
{"appKey":"009e1b667474069b44370e5ad4967fae"," appToPromoteID":"2504","sceneID":"23","campaignID":"211","advertising_id":"8878","osID ":"41","sha1_advertising_id":"8878","clickID":"7223_1_8878","sdkVersion":"2286","sessionToken":"JJpX85UiVMIIL76SOmx/V38lvKURDRVwbXc8U7kDRoSED310LrcjKfQCfTMxbOWRwnbjSNw8TDXz5pA3iwXrqBhoeqMc8fG7U9JpllMOOwdTpbf6vuddgS2LUhomvidi"}: Status code not OK,http://52.13.174.6/sheeda/admin/api/recordClicksFromDevice API has failed at 41 Forbidden{"message":"HTTP Error 401 - Unauthorized: Access is denied due to invalid credentials."}
****************** JJpX85UiVMIIL76SOmx/V38lvKURDRVwbXc8U7kDRoSED310LrcjKfQCfTMxbOWRwnbjSNw8TDXz5pA3iwXrqBhoeqMc8fG7U9JpllMOOwdTpbf6vuddgS2LUhomvidi
{"appKey":"009e7fd62a094309d8dc3e29376a603c"," appToPromoteID":"2613","sceneID":"10","campaignID":"214","advertising_id":"3939","osID ":"41","sha1_advertising_id":"3939","clickID":"2009_16_3939","sdkVersion":"39","sessionToken":"JJpX85UiVMIIL76SOmx/V38lvKURDRVwbXc8U7kDRoSED310LrcjKfQCfTMxbOWRwnbjSNw8TDXz5pA3iwXrqBhoeqMc8fG7U9JpllMOOwdTpbf6vuddgS2LUhomvidi"}: Status code forbidden, internet connectivity not availablehttp://52.13.174.6/sheeda/admin/api/recordClicksFromDevice please check your internet connection 42
{"appKey":"009e7fd62a094309d8dc3e29376a603c"," appToPromoteID":"2613","sceneID":"10","campaignID":"214","advertising_id":"3939","osID ":"41","sha1_advertising_id":"3939","clickID":"2009_16_3939","sdkVersion":"39","sessionToken":"JJpX85UiVMIIL76SOmx/V38lvKURDRVwbXc8U7kDRoSED310LrcjKfQCfTMxbOWRwnbjSNw8TDXz5pA3iwXrqBhoeqMc8fG7U9JpllMOOwdTpbf6vuddgS2LUhomvidi"}: Status code not OK,http://52.13.174.6/sheeda/admin/api/recordClicksFromDevice API has failed at 42 Forbidden{"message":"HTTP Error 401 - Unauthorized: Access is denied due to invalid credentials."}
****************** JJpX85UiVMIIL76SOmx/V38lvKURDRVwbXc8U7kDRoSED310LrcjKfQCfTMxbOWRwnbjSNw8TDXz5pA3iwXrqBhoeqMc8fG7U9JpllMOOwdTpbf6vuddgS2LUhomvidi
{"appKey":"009fbd9b95d5362c0526a3ded9f4fae5"," appToPromoteID":"2598","sceneID":"9","campaignID":"215","advertising_id":"3525","osID ":"41","sha1_advertising_id":"3525","clickID":"16394_16_3525","sdkVersion":"39","sessionToken":"JJpX85UiVMIIL76SOmx/V38lvKURDRVwbXc8U7kDRoSED310LrcjKfQCfTMxbOWRwnbjSNw8TDXz5pA3iwXrqBhoeqMc8fG7U9JpllMOOwdTpbf6vuddgS2LUhomvidi"}: Status code forbidden, internet connectivity not availablehttp://52.13.174.6/sheeda/admin/api/recordClicksFromDevice please check your internet connection 43
{"appKey":"009fbd9b95d5362c0526a3ded9f4fae5"," appToPromoteID":"2598","sceneID":"9","campaignID":"215","advertising_id":"3525","osID ":"41","sha1_advertising_id":"3525","clickID":"16394_16_3525","sdkVersion":"39","sessionToken":"JJpX85UiVMIIL76SOmx/V38lvKURDRVwbXc8U7kDRoSED310LrcjKfQCfTMxbOWRwnbjSNw8TDXz5pA3iwXrqBhoeqMc8fG7U9JpllMOOwdTpbf6vuddgS2LUhomvidi"}: Status code not OK,http://52.13.174.6/sheeda/admin/api/recordClicksFromDevice API has failed at 43 Forbidden{"message":"HTTP Error 401 - Unauthorized: Access is denied due to invalid credentials."}
****************** JJpX85UiVMIIL76SOmx/V38lvKURDRVwbXc8U7kDRoSED310LrcjKfQCfTMxbOWRwnbjSNw8TDXz5pA3iwXrqBhoeqMc8fG7U9JpllMOOwdTpbf6vuddgS2LUhomvidi
{"appKey":"00aaa6bbb348b214b1c3409caf684bcd"," appToPromoteID":"2402","sceneID":"24","campaignID":"216","advertising_id":"9523","osID ":"41","sha1_advertising_id":"9523","clickID":"3180_16_9523","sdkVersion":"2163","sessionToken":"JJpX85UiVMIIL76SOmx/V38lvKURDRVwbXc8U7kDRoSED310LrcjKfQCfTMxbOWRwnbjSNw8TDXz5pA3iwXrqBhoeqMc8fG7U9JpllMOOwdTpbf6vuddgS2LUhomvidi"}: Status code forbidden, internet connectivity not availablehttp://52.13.174.6/sheeda/admin/api/recordClicksFromDevice please check your internet connection 44
{"appKey":"00aaa6bbb348b214b1c3409caf684bcd"," appToPromoteID":"2402","sceneID":"24","campaignID":"216","advertising_id":"9523","osID ":"41","sha1_advertising_id":"9523","clickID":"3180_16_9523","sdkVersion":"2163","sessionToken":"JJpX85UiVMIIL76SOmx/V38lvKURDRVwbXc8U7kDRoSED310LrcjKfQCfTMxbOWRwnbjSNw8TDXz5pA3iwXrqBhoeqMc8fG7U9JpllMOOwdTpbf6vuddgS2LUhomvidi"}: Status code not OK,http://52.13.174.6/sheeda/admin/api/recordClicksFromDevice API has failed at 44 Forbidden{"message":"HTTP Error 401 - Unauthorized: Access is denied due to invalid credentials."}
****************** JJpX85UiVMIIL76SOmx/V38lvKURDRVwbXc8U7kDRoSED310LrcjKfQCfTMxbOWRwnbjSNw8TDXz5pA3iwXrqBhoeqMc8fG7U9JpllMOOwdTpbf6vuddgS2LUhomvidi
{"appKey":"00ab47cc1433ca2773b7d9c00484beed"," appToPromoteID":"2624","sceneID":"5","campaignID":"220","advertising_id":"1933","osID ":"41","sha1_advertising_id":"1933","clickID":"10085_1_1933","sdkVersion":"90","sessionToken":"JJpX85UiVMIIL76SOmx/V38lvKURDRVwbXc8U7kDRoSED310LrcjKfQCfTMxbOWRwnbjSNw8TDXz5pA3iwXrqBhoeqMc8fG7U9JpllMOOwdTpbf6vuddgS2LUhomvidi"}: Status code forbidden, internet connectivity not availablehttp://52.13.174.6/sheeda/admin/api/recordClicksFromDevice please check your internet connection 45
{"appKey":"00ab47cc1433ca2773b7d9c00484beed"," appToPromoteID":"2624","sceneID":"5","campaignID":"220","advertising_id":"1933","osID ":"41","sha1_advertising_id":"1933","clickID":"10085_1_1933","sdkVersion":"90","sessionToken":"JJpX85UiVMIIL76SOmx/V38lvKURDRVwbXc8U7kDRoSED310LrcjKfQCfTMxbOWRwnbjSNw8TDXz5pA3iwXrqBhoeqMc8fG7U9JpllMOOwdTpbf6vuddgS2LUhomvidi"}: Status code not OK,http://52.13.174.6/sheeda/admin/api/recordClicksFromDevice API has failed at 45 Forbidden{"message":"HTTP Error 401 - Unauthorized: Access is denied due to invalid credentials."}
****************** JJpX85UiVMIIL76SOmx/V38lvKURDRVwbXc8U7kDRoSED310LrcjKfQCfTMxbOWRwnbjSNw8TDXz5pA3iwXrqBhoeqMc8fG7U9JpllMOOwdTpbf6vuddgS2LUhomvidi
{"appKey":"00ad5f2edb95aa3283f4220e1c134543"," appToPromoteID":"2602","sceneID":"20","campaignID":"221","advertising_id":"7931","osID ":"41","sha1_advertising_id":"7931","clickID":"996_1_7931","sdkVersion":"39","sessionToken":"JJpX85UiVMIIL76SOmx/V38lvKURDRVwbXc8U7kDRoSED310LrcjKfQCfTMxbOWRwnbjSNw8TDXz5pA3iwXrqBhoeqMc8fG7U9JpllMOOwdTpbf6vuddgS2LUhomvidi"}: Status code forbidden, internet connectivity not availablehttp://52.13.174.6/sheeda/admin/api/recordClicksFromDevice please check your internet connection 46
{"appKey":"00ad5f2edb95aa3283f4220e1c134543"," appToPromoteID":"2602","sceneID":"20","campaignID":"221","advertising_id":"7931","osID ":"41","sha1_advertising_id":"7931","clickID":"996_1_7931","sdkVersion":"39","sessionToken":"JJpX85UiVMIIL76SOmx/V38lvKURDRVwbXc8U7kDRoSED310LrcjKfQCfTMxbOWRwnbjSNw8TDXz5pA3iwXrqBhoeqMc8fG7U9JpllMOOwdTpbf6vuddgS2LUhomvidi"}: Status code not OK,http://52.13.174.6/sheeda/admin/api/recordClicksFromDevice API has failed at 46 Forbidden{"message":"HTTP Error 401 - Unauthorized: Access is denied due to invalid credentials."}
****************** JJpX85UiVMIIL76SOmx/V38lvKURDRVwbXc8U7kDRoSED310LrcjKfQCfTMxbOWRwnbjSNw8TDXz5pA3iwXrqBhoeqMc8fG7U9JpllMOOwdTpbf6vuddgS2LUhomvidi
{"appKey":"00afb575b1200727a9cb0f05df9f6689"," appToPromoteID":"2583","sceneID":"19","campaignID":"222","advertising_id":"7517","osID ":"41","sha1_advertising_id":"7517","clickID":"7631_1_7517","sdkVersion":"90","sessionToken":"JJpX85UiVMIIL76SOmx/V38lvKURDRVwbXc8U7kDRoSED310LrcjKfQCfTMxbOWRwnbjSNw8TDXz5pA3iwXrqBhoeqMc8fG7U9JpllMOOwdTpbf6vuddgS2LUhomvidi"}: Status code forbidden, internet connectivity not availablehttp://52.13.174.6/sheeda/admin/api/recordClicksFromDevice please check your internet connection 47
{"appKey":"00afb575b1200727a9cb0f05df9f6689"," appToPromoteID":"2583","sceneID":"19","campaignID":"222","advertising_id":"7517","osID ":"41","sha1_advertising_id":"7517","clickID":"7631_1_7517","sdkVersion":"90","sessionToken":"JJpX85UiVMIIL76SOmx/V38lvKURDRVwbXc8U7kDRoSED310LrcjKfQCfTMxbOWRwnbjSNw8TDXz5pA3iwXrqBhoeqMc8fG7U9JpllMOOwdTpbf6vuddgS2LUhomvidi"}: Status code not OK,http://52.13.174.6/sheeda/admin/api/recordClicksFromDevice API has failed at 47 Forbidden{"message":"HTTP Error 401 - Unauthorized: Access is denied due to invalid credentials."}
****************** JJpX85UiVMIIL76SOmx/V38lvKURDRVwbXc8U7kDRoSED310LrcjKfQCfTMxbOWRwnbjSNw8TDXz5pA3iwXrqBhoeqMc8fG7U9JpllMOOwdTpbf6vuddgS2LUhomvidi
{"appKey":"00b641915001243f4ce280a0616127c4"," appToPromoteID":"2624","sceneID":"2","campaignID":"223","advertising_id":"692","osID ":"41","sha1_advertising_id":"692","clickID":"15046_1_692","sdkVersion":"90","sessionToken":"JJpX85UiVMIIL76SOmx/V38lvKURDRVwbXc8U7kDRoSED310LrcjKfQCfTMxbOWRwnbjSNw8TDXz5pA3iwXrqBhoeqMc8fG7U9JpllMOOwdTpbf6vuddgS2LUhomvidi"}: Status code forbidden, internet connectivity not availablehttp://52.13.174.6/sheeda/admin/api/recordClicksFromDevice please check your internet connection 48
{"appKey":"00b641915001243f4ce280a0616127c4"," appToPromoteID":"2624","sceneID":"2","campaignID":"223","advertising_id":"692","osID ":"41","sha1_advertising_id":"692","clickID":"15046_1_692","sdkVersion":"90","sessionToken":"JJpX85UiVMIIL76SOmx/V38lvKURDRVwbXc8U7kDRoSED310LrcjKfQCfTMxbOWRwnbjSNw8TDXz5pA3iwXrqBhoeqMc8fG7U9JpllMOOwdTpbf6vuddgS2LUhomvidi"}: Status code not OK,http://52.13.174.6/sheeda/admin/api/recordClicksFromDevice API has failed at 48 Forbidden{"message":"HTTP Error 401 - Unauthorized: Access is denied due to invalid credentials."}
****************** JJpX85UiVMIIL76SOmx/V38lvKURDRVwbXc8U7kDRoSED310LrcjKfQCfTMxbOWRwnbjSNw8TDXz5pA3iwXrqBhoeqMc8fG7U9JpllMOOwdTpbf6vuddgS2LUhomvidi
{"appKey":"00b9e54f0739ec3c8866eee51cad595b"," appToPromoteID":"2624","sceneID":"17","campaignID":"225","advertising_id":"6689","osID ":"41","sha1_advertising_id":"6689","clickID":"3788_1_6689","sdkVersion":"90","sessionToken":"JJpX85UiVMIIL76SOmx/V38lvKURDRVwbXc8U7kDRoSED310LrcjKfQCfTMxbOWRwnbjSNw8TDXz5pA3iwXrqBhoeqMc8fG7U9JpllMOOwdTpbf6vuddgS2LUhomvidi"}: Status code forbidden, internet connectivity not availablehttp://52.13.174.6/sheeda/admin/api/recordClicksFromDevice please check your internet connection 49
{"appKey":"00b9e54f0739ec3c8866eee51cad595b"," appToPromoteID":"2624","sceneID":"17","campaignID":"225","advertising_id":"6689","osID ":"41","sha1_advertising_id":"6689","clickID":"3788_1_6689","sdkVersion":"90","sessionToken":"JJpX85UiVMIIL76SOmx/V38lvKURDRVwbXc8U7kDRoSED310LrcjKfQCfTMxbOWRwnbjSNw8TDXz5pA3iwXrqBhoeqMc8fG7U9JpllMOOwdTpbf6vuddgS2LUhomvidi"}: Status code not OK,http://52.13.174.6/sheeda/admin/api/recordClicksFromDevice API has failed at 49 Forbidden{"message":"HTTP Error 401 - Unauthorized: Access is denied due to invalid credentials."}
</DebugTrace>
      </Output>
    </UnitTestResult>
    <UnitTestResult executionId="fca1d679-b2bc-45ea-8680-4c56b74988bb" testId="20f0da05-06f5-50cc-bee5-9ac7cf561794" testName="D_SaveNetworkrStatsMainMethodCodeGenerator" computerName="DESKTOP-5AJ0SB3" duration="00:01:19.7559547" startTime="2020-12-31T12:32:09.0794441+05:00" endTime="2020-12-31T12:33:28.8385485+05:00" testType="13cdc9d9-ddb5-4fa4-a97d-d965ccfc6d4b" outcome="Passed" testListId="8c84fa94-04c1-424b-9868-57a2d4851a1d" relativeResultsDirectory="fca1d679-b2bc-45ea-8680-4c56b74988bb">
      <Output>
        <DebugTrace>****************** http://52.13.174.6/sheeda/admin/analytics/saveNetworkStats
****************** SELECT apps.package, apps.osID, apps.appID, apps.companyID,apps.sdkID,sdk_info.ver from apps INNER JOIN sdk_info ON apps.sdkID = sdk_info.sdkID where apps.sdkID &gt; 20 Limit 50
****************** 
****************** select adID from ads where ad_type != 'analytics';
****************** 
****************** JJpX85UiVMIIL76SOmx/V38lvKURDRVwbXc8U7kDRoSED310LrcjKfQCfTMxbOWRwnbjSNw8TDXz5pA3iwXrqBhoeqMc8fG7U9JpllMOOwdTpbf6vuddgS2LUhomvidi
****************** http://52.13.174.6/sheeda/admin/analytics/saveNetworkStats
{"package":"com.socialink.jungle.warrior","store":"41","uniqueDeviceID":"4018","appID":"","deviceID":"","region":"","adsQueueEventStats":[{"adID":"0","sceneID":"11","request":"402","impression":"402","click":"402"}],"gssdkVersion":"1.0.0","sdkVersionID":"2001","sdkVersion":"2001","sessionToken":"JJpX85UiVMIIL76SOmx/V38lvKURDRVwbXc8U7kDRoSED310LrcjKfQCfTMxbOWRwnbjSNw8TDXz5pA3iwXrqBhoeqMc8fG7U9JpllMOOwdTpbf6vuddgS2LUhomvidi"}: Status code forbidden, internet connectivity not availablehttp://52.13.174.6/sheeda/admin/analytics/saveNetworkStats please check your internet connection 0
{"package":"com.socialink.jungle.warrior","store":"41","uniqueDeviceID":"4018","appID":"","deviceID":"","region":"","adsQueueEventStats":[{"adID":"0","sceneID":"11","request":"402","impression":"402","click":"402"}],"gssdkVersion":"1.0.0","sdkVersionID":"2001","sdkVersion":"2001","sessionToken":"JJpX85UiVMIIL76SOmx/V38lvKURDRVwbXc8U7kDRoSED310LrcjKfQCfTMxbOWRwnbjSNw8TDXz5pA3iwXrqBhoeqMc8fG7U9JpllMOOwdTpbf6vuddgS2LUhomvidi"}: Status code not OK,http://52.13.174.6/sheeda/admin/analytics/saveNetworkStats API has failed at 0 Forbidden
Message value not appearing correctly
****************** http://52.13.174.6/sheeda/admin/analytics/saveNetworkStats
message value is correct
****************** http://52.13.174.6/sheeda/admin/analytics/saveNetworkStats
{"package":"com.gamerzstudio.airplane.simulator","store":"41","uniqueDeviceID":"6254","appID":"","deviceID":"","region":"","adsQueueEventStats":[{"adID":"2","sceneID":"16","request":"625","impression":"625","click":"625"}],"gssdkVersion":"3.2.2","sdkVersionID":"39","sdkVersion":"39","sessionToken":"JJpX85UiVMIIL76SOmx/V38lvKURDRVwbXc8U7kDRoSED310LrcjKfQCfTMxbOWRwnbjSNw8TDXz5pA3iwXrqBhoeqMc8fG7U9JpllMOOwdTpbf6vuddgS2LUhomvidi"}: Status code forbidden, internet connectivity not availablehttp://52.13.174.6/sheeda/admin/analytics/saveNetworkStats please check your internet connection 2
{"package":"com.gamerzstudio.airplane.simulator","store":"41","uniqueDeviceID":"6254","appID":"","deviceID":"","region":"","adsQueueEventStats":[{"adID":"2","sceneID":"16","request":"625","impression":"625","click":"625"}],"gssdkVersion":"3.2.2","sdkVersionID":"39","sdkVersion":"39","sessionToken":"JJpX85UiVMIIL76SOmx/V38lvKURDRVwbXc8U7kDRoSED310LrcjKfQCfTMxbOWRwnbjSNw8TDXz5pA3iwXrqBhoeqMc8fG7U9JpllMOOwdTpbf6vuddgS2LUhomvidi"}: Status code not OK,http://52.13.174.6/sheeda/admin/analytics/saveNetworkStats API has failed at 2 Forbidden
Message value not appearing correctly
****************** http://52.13.174.6/sheeda/admin/analytics/saveNetworkStats
{"package":"com.gamerzstudio.airplane.simulator","store":"42","uniqueDeviceID":"2634","appID":"","deviceID":"","region":"","adsQueueEventStats":[{"adID":"3","sceneID":"7","request":"264","impression":"264","click":"264"}],"gssdkVersion":"3.2.2","sdkVersionID":"39","sdkVersion":"39","sessionToken":"JJpX85UiVMIIL76SOmx/V38lvKURDRVwbXc8U7kDRoSED310LrcjKfQCfTMxbOWRwnbjSNw8TDXz5pA3iwXrqBhoeqMc8fG7U9JpllMOOwdTpbf6vuddgS2LUhomvidi"}: Status code forbidden, internet connectivity not availablehttp://52.13.174.6/sheeda/admin/analytics/saveNetworkStats please check your internet connection 3
{"package":"com.gamerzstudio.airplane.simulator","store":"42","uniqueDeviceID":"2634","appID":"","deviceID":"","region":"","adsQueueEventStats":[{"adID":"3","sceneID":"7","request":"264","impression":"264","click":"264"}],"gssdkVersion":"3.2.2","sdkVersionID":"39","sdkVersion":"39","sessionToken":"JJpX85UiVMIIL76SOmx/V38lvKURDRVwbXc8U7kDRoSED310LrcjKfQCfTMxbOWRwnbjSNw8TDXz5pA3iwXrqBhoeqMc8fG7U9JpllMOOwdTpbf6vuddgS2LUhomvidi"}: Status code not OK,http://52.13.174.6/sheeda/admin/analytics/saveNetworkStats API has failed at 3 Forbidden
Message value not appearing correctly
****************** http://52.13.174.6/sheeda/admin/analytics/saveNetworkStats
{"package":"com.rgs.sand.excavator.truck.simulator","store":"41","uniqueDeviceID":"9013","appID":"","deviceID":"","region":"","adsQueueEventStats":[{"adID":"4","sceneID":"23","request":"901","impression":"901","click":"901"}],"gssdkVersion":"3.2.2","sdkVersionID":"39","sdkVersion":"39","sessionToken":"JJpX85UiVMIIL76SOmx/V38lvKURDRVwbXc8U7kDRoSED310LrcjKfQCfTMxbOWRwnbjSNw8TDXz5pA3iwXrqBhoeqMc8fG7U9JpllMOOwdTpbf6vuddgS2LUhomvidi"}: Status code forbidden, internet connectivity not availablehttp://52.13.174.6/sheeda/admin/analytics/saveNetworkStats please check your internet connection 4
{"package":"com.rgs.sand.excavator.truck.simulator","store":"41","uniqueDeviceID":"9013","appID":"","deviceID":"","region":"","adsQueueEventStats":[{"adID":"4","sceneID":"23","request":"901","impression":"901","click":"901"}],"gssdkVersion":"3.2.2","sdkVersionID":"39","sdkVersion":"39","sessionToken":"JJpX85UiVMIIL76SOmx/V38lvKURDRVwbXc8U7kDRoSED310LrcjKfQCfTMxbOWRwnbjSNw8TDXz5pA3iwXrqBhoeqMc8fG7U9JpllMOOwdTpbf6vuddgS2LUhomvidi"}: Status code not OK,http://52.13.174.6/sheeda/admin/analytics/saveNetworkStats API has failed at 4 Forbidden
Message value not appearing correctly
****************** http://52.13.174.6/sheeda/admin/analytics/saveNetworkStats
{"package":"com.gamerzstudio.city.construction.crane.operator","store":"41","uniqueDeviceID":"7345","appID":"","deviceID":"","region":"","adsQueueEventStats":[{"adID":"5","sceneID":"19","request":"734","impression":"734","click":"734"}],"gssdkVersion":"3.2.2","sdkVersionID":"39","sdkVersion":"39","sessionToken":"JJpX85UiVMIIL76SOmx/V38lvKURDRVwbXc8U7kDRoSED310LrcjKfQCfTMxbOWRwnbjSNw8TDXz5pA3iwXrqBhoeqMc8fG7U9JpllMOOwdTpbf6vuddgS2LUhomvidi"}: Status code forbidden, internet connectivity not availablehttp://52.13.174.6/sheeda/admin/analytics/saveNetworkStats please check your internet connection 5
{"package":"com.gamerzstudio.city.construction.crane.operator","store":"41","uniqueDeviceID":"7345","appID":"","deviceID":"","region":"","adsQueueEventStats":[{"adID":"5","sceneID":"19","request":"734","impression":"734","click":"734"}],"gssdkVersion":"3.2.2","sdkVersionID":"39","sdkVersion":"39","sessionToken":"JJpX85UiVMIIL76SOmx/V38lvKURDRVwbXc8U7kDRoSED310LrcjKfQCfTMxbOWRwnbjSNw8TDXz5pA3iwXrqBhoeqMc8fG7U9JpllMOOwdTpbf6vuddgS2LUhomvidi"}: Status code not OK,http://52.13.174.6/sheeda/admin/analytics/saveNetworkStats API has failed at 5 Forbidden
Message value not appearing correctly
****************** http://52.13.174.6/sheeda/admin/analytics/saveNetworkStats
{"package":"com.amazing.gamez.airplane.car.transporter.pilot","store":"41","uniqueDeviceID":"2089","appID":"","deviceID":"","region":"","adsQueueEventStats":[{"adID":"6","sceneID":"6","request":"209","impression":"209","click":"209"}],"gssdkVersion":"3.2.2","sdkVersionID":"39","sdkVersion":"39","sessionToken":"JJpX85UiVMIIL76SOmx/V38lvKURDRVwbXc8U7kDRoSED310LrcjKfQCfTMxbOWRwnbjSNw8TDXz5pA3iwXrqBhoeqMc8fG7U9JpllMOOwdTpbf6vuddgS2LUhomvidi"}: Status code forbidden, internet connectivity not availablehttp://52.13.174.6/sheeda/admin/analytics/saveNetworkStats please check your internet connection 6
{"package":"com.amazing.gamez.airplane.car.transporter.pilot","store":"41","uniqueDeviceID":"2089","appID":"","deviceID":"","region":"","adsQueueEventStats":[{"adID":"6","sceneID":"6","request":"209","impression":"209","click":"209"}],"gssdkVersion":"3.2.2","sdkVersionID":"39","sdkVersion":"39","sessionToken":"JJpX85UiVMIIL76SOmx/V38lvKURDRVwbXc8U7kDRoSED310LrcjKfQCfTMxbOWRwnbjSNw8TDXz5pA3iwXrqBhoeqMc8fG7U9JpllMOOwdTpbf6vuddgS2LUhomvidi"}: Status code not OK,http://52.13.174.6/sheeda/admin/analytics/saveNetworkStats API has failed at 6 Forbidden
Message value not appearing correctly
****************** http://52.13.174.6/sheeda/admin/analytics/saveNetworkStats
{"package":"com.amazing.gamez.airplane.car.transporter.pilot","store":"43","uniqueDeviceID":"8468","appID":"","deviceID":"","region":"","adsQueueEventStats":[{"adID":"7","sceneID":"22","request":"847","impression":"847","click":"847"}],"gssdkVersion":"3.2.2","sdkVersionID":"39","sdkVersion":"39","sessionToken":"JJpX85UiVMIIL76SOmx/V38lvKURDRVwbXc8U7kDRoSED310LrcjKfQCfTMxbOWRwnbjSNw8TDXz5pA3iwXrqBhoeqMc8fG7U9JpllMOOwdTpbf6vuddgS2LUhomvidi"}: Status code forbidden, internet connectivity not availablehttp://52.13.174.6/sheeda/admin/analytics/saveNetworkStats please check your internet connection 7
{"package":"com.amazing.gamez.airplane.car.transporter.pilot","store":"43","uniqueDeviceID":"8468","appID":"","deviceID":"","region":"","adsQueueEventStats":[{"adID":"7","sceneID":"22","request":"847","impression":"847","click":"847"}],"gssdkVersion":"3.2.2","sdkVersionID":"39","sdkVersion":"39","sessionToken":"JJpX85UiVMIIL76SOmx/V38lvKURDRVwbXc8U7kDRoSED310LrcjKfQCfTMxbOWRwnbjSNw8TDXz5pA3iwXrqBhoeqMc8fG7U9JpllMOOwdTpbf6vuddgS2LUhomvidi"}: Status code not OK,http://52.13.174.6/sheeda/admin/analytics/saveNetworkStats API has failed at 7 Forbidden
Message value not appearing correctly
****************** http://52.13.174.6/sheeda/admin/analytics/saveNetworkStats
{"package":"com.amazing.gamez.snow.plow.truck.simulator","store":"41","uniqueDeviceID":"8436","appID":"","deviceID":"","region":"","adsQueueEventStats":[{"adID":"8","sceneID":"22","request":"843","impression":"843","click":"843"}],"gssdkVersion":"3.2.2","sdkVersionID":"39","sdkVersion":"39","sessionToken":"JJpX85UiVMIIL76SOmx/V38lvKURDRVwbXc8U7kDRoSED310LrcjKfQCfTMxbOWRwnbjSNw8TDXz5pA3iwXrqBhoeqMc8fG7U9JpllMOOwdTpbf6vuddgS2LUhomvidi"}: Status code forbidden, internet connectivity not availablehttp://52.13.174.6/sheeda/admin/analytics/saveNetworkStats please check your internet connection 8
{"package":"com.amazing.gamez.snow.plow.truck.simulator","store":"41","uniqueDeviceID":"8436","appID":"","deviceID":"","region":"","adsQueueEventStats":[{"adID":"8","sceneID":"22","request":"843","impression":"843","click":"843"}],"gssdkVersion":"3.2.2","sdkVersionID":"39","sdkVersion":"39","sessionToken":"JJpX85UiVMIIL76SOmx/V38lvKURDRVwbXc8U7kDRoSED310LrcjKfQCfTMxbOWRwnbjSNw8TDXz5pA3iwXrqBhoeqMc8fG7U9JpllMOOwdTpbf6vuddgS2LUhomvidi"}: Status code not OK,http://52.13.174.6/sheeda/admin/analytics/saveNetworkStats API has failed at 8 Forbidden
Message value not appearing correctly
****************** http://52.13.174.6/sheeda/admin/analytics/saveNetworkStats
{"package":"com.vinegargames.foot.surgery.simulator","store":"42","uniqueDeviceID":"6768","appID":"","deviceID":"","region":"","adsQueueEventStats":[{"adID":"9","sceneID":"17","request":"677","impression":"677","click":"677"}],"gssdkVersion":"v8.1.1","sdkVersionID":"2225","sdkVersion":"2225","sessionToken":"JJpX85UiVMIIL76SOmx/V38lvKURDRVwbXc8U7kDRoSED310LrcjKfQCfTMxbOWRwnbjSNw8TDXz5pA3iwXrqBhoeqMc8fG7U9JpllMOOwdTpbf6vuddgS2LUhomvidi"}: Status code forbidden, internet connectivity not availablehttp://52.13.174.6/sheeda/admin/analytics/saveNetworkStats please check your internet connection 9
{"package":"com.vinegargames.foot.surgery.simulator","store":"42","uniqueDeviceID":"6768","appID":"","deviceID":"","region":"","adsQueueEventStats":[{"adID":"9","sceneID":"17","request":"677","impression":"677","click":"677"}],"gssdkVersion":"v8.1.1","sdkVersionID":"2225","sdkVersion":"2225","sessionToken":"JJpX85UiVMIIL76SOmx/V38lvKURDRVwbXc8U7kDRoSED310LrcjKfQCfTMxbOWRwnbjSNw8TDXz5pA3iwXrqBhoeqMc8fG7U9JpllMOOwdTpbf6vuddgS2LUhomvidi"}: Status code not OK,http://52.13.174.6/sheeda/admin/analytics/saveNetworkStats API has failed at 9 Forbidden
Message value not appearing correctly
****************** http://52.13.174.6/sheeda/admin/analytics/saveNetworkStats
{"package":"com.threed.sand.excavator.simulator","store":"41","uniqueDeviceID":"6735","appID":"","deviceID":"","region":"","adsQueueEventStats":[{"adID":"10","sceneID":"17","request":"673","impression":"673","click":"673"}],"gssdkVersion":"5.1.3-1","sdkVersionID":"2163","sdkVersion":"2163","sessionToken":"JJpX85UiVMIIL76SOmx/V38lvKURDRVwbXc8U7kDRoSED310LrcjKfQCfTMxbOWRwnbjSNw8TDXz5pA3iwXrqBhoeqMc8fG7U9JpllMOOwdTpbf6vuddgS2LUhomvidi"}: Status code forbidden, internet connectivity not availablehttp://52.13.174.6/sheeda/admin/analytics/saveNetworkStats please check your internet connection 10
{"package":"com.threed.sand.excavator.simulator","store":"41","uniqueDeviceID":"6735","appID":"","deviceID":"","region":"","adsQueueEventStats":[{"adID":"10","sceneID":"17","request":"673","impression":"673","click":"673"}],"gssdkVersion":"5.1.3-1","sdkVersionID":"2163","sdkVersion":"2163","sessionToken":"JJpX85UiVMIIL76SOmx/V38lvKURDRVwbXc8U7kDRoSED310LrcjKfQCfTMxbOWRwnbjSNw8TDXz5pA3iwXrqBhoeqMc8fG7U9JpllMOOwdTpbf6vuddgS2LUhomvidi"}: Status code not OK,http://52.13.174.6/sheeda/admin/analytics/saveNetworkStats API has failed at 10 Forbidden
Message value not appearing correctly
****************** http://52.13.174.6/sheeda/admin/analytics/saveNetworkStats
{"package":"com.threed.sand.excavator.simulator","store":"43","uniqueDeviceID":"9527","appID":"","deviceID":"","region":"","adsQueueEventStats":[{"adID":"11","sceneID":"24","request":"952","impression":"952","click":"952"}],"gssdkVersion":"5.1.3","sdkVersionID":"2151","sdkVersion":"2151","sessionToken":"JJpX85UiVMIIL76SOmx/V38lvKURDRVwbXc8U7kDRoSED310LrcjKfQCfTMxbOWRwnbjSNw8TDXz5pA3iwXrqBhoeqMc8fG7U9JpllMOOwdTpbf6vuddgS2LUhomvidi"}: Status code forbidden, internet connectivity not availablehttp://52.13.174.6/sheeda/admin/analytics/saveNetworkStats please check your internet connection 11
{"package":"com.threed.sand.excavator.simulator","store":"43","uniqueDeviceID":"9527","appID":"","deviceID":"","region":"","adsQueueEventStats":[{"adID":"11","sceneID":"24","request":"952","impression":"952","click":"952"}],"gssdkVersion":"5.1.3","sdkVersionID":"2151","sdkVersion":"2151","sessionToken":"JJpX85UiVMIIL76SOmx/V38lvKURDRVwbXc8U7kDRoSED310LrcjKfQCfTMxbOWRwnbjSNw8TDXz5pA3iwXrqBhoeqMc8fG7U9JpllMOOwdTpbf6vuddgS2LUhomvidi"}: Status code not OK,http://52.13.174.6/sheeda/admin/analytics/saveNetworkStats API has failed at 11 Forbidden
Message value not appearing correctly
****************** http://52.13.174.6/sheeda/admin/analytics/saveNetworkStats
{"package":"com.gamerzstudio.rangers.van.gangsters.chase","store":"41","uniqueDeviceID":"3399","appID":"","deviceID":"","region":"","adsQueueEventStats":[{"adID":"12","sceneID":"9","request":"340","impression":"340","click":"340"}],"gssdkVersion":"3.2.2","sdkVersionID":"39","sdkVersion":"39","sessionToken":"JJpX85UiVMIIL76SOmx/V38lvKURDRVwbXc8U7kDRoSED310LrcjKfQCfTMxbOWRwnbjSNw8TDXz5pA3iwXrqBhoeqMc8fG7U9JpllMOOwdTpbf6vuddgS2LUhomvidi"}: Status code forbidden, internet connectivity not availablehttp://52.13.174.6/sheeda/admin/analytics/saveNetworkStats please check your internet connection 12
{"package":"com.gamerzstudio.rangers.van.gangsters.chase","store":"41","uniqueDeviceID":"3399","appID":"","deviceID":"","region":"","adsQueueEventStats":[{"adID":"12","sceneID":"9","request":"340","impression":"340","click":"340"}],"gssdkVersion":"3.2.2","sdkVersionID":"39","sdkVersion":"39","sessionToken":"JJpX85UiVMIIL76SOmx/V38lvKURDRVwbXc8U7kDRoSED310LrcjKfQCfTMxbOWRwnbjSNw8TDXz5pA3iwXrqBhoeqMc8fG7U9JpllMOOwdTpbf6vuddgS2LUhomvidi"}: Status code not OK,http://52.13.174.6/sheeda/admin/analytics/saveNetworkStats API has failed at 12 Forbidden
Message value not appearing correctly
****************** http://52.13.174.6/sheeda/admin/analytics/saveNetworkStats
{"package":"com.gamerzstudio.rangers.van.gangsters.chase","store":"43","uniqueDeviceID":"1415","appID":"","deviceID":"","region":"","adsQueueEventStats":[{"adID":"14","sceneID":"4","request":"142","impression":"142","click":"142"}],"gssdkVersion":"3.2.2","sdkVersionID":"39","sdkVersion":"39","sessionToken":"JJpX85UiVMIIL76SOmx/V38lvKURDRVwbXc8U7kDRoSED310LrcjKfQCfTMxbOWRwnbjSNw8TDXz5pA3iwXrqBhoeqMc8fG7U9JpllMOOwdTpbf6vuddgS2LUhomvidi"}: Status code forbidden, internet connectivity not availablehttp://52.13.174.6/sheeda/admin/analytics/saveNetworkStats please check your internet connection 13
{"package":"com.gamerzstudio.rangers.van.gangsters.chase","store":"43","uniqueDeviceID":"1415","appID":"","deviceID":"","region":"","adsQueueEventStats":[{"adID":"14","sceneID":"4","request":"142","impression":"142","click":"142"}],"gssdkVersion":"3.2.2","sdkVersionID":"39","sdkVersion":"39","sessionToken":"JJpX85UiVMIIL76SOmx/V38lvKURDRVwbXc8U7kDRoSED310LrcjKfQCfTMxbOWRwnbjSNw8TDXz5pA3iwXrqBhoeqMc8fG7U9JpllMOOwdTpbf6vuddgS2LUhomvidi"}: Status code not OK,http://52.13.174.6/sheeda/admin/analytics/saveNetworkStats API has failed at 13 Forbidden
Message value not appearing correctly
****************** http://52.13.174.6/sheeda/admin/analytics/saveNetworkStats
{"package":"1.0","store":"42","uniqueDeviceID":"7794","appID":"","deviceID":"","region":"","adsQueueEventStats":[{"adID":"15","sceneID":"20","request":"779","impression":"779","click":"779"}],"gssdkVersion":"3.2.2","sdkVersionID":"39","sdkVersion":"39","sessionToken":"JJpX85UiVMIIL76SOmx/V38lvKURDRVwbXc8U7kDRoSED310LrcjKfQCfTMxbOWRwnbjSNw8TDXz5pA3iwXrqBhoeqMc8fG7U9JpllMOOwdTpbf6vuddgS2LUhomvidi"}: Status code forbidden, internet connectivity not availablehttp://52.13.174.6/sheeda/admin/analytics/saveNetworkStats please check your internet connection 14
{"package":"1.0","store":"42","uniqueDeviceID":"7794","appID":"","deviceID":"","region":"","adsQueueEventStats":[{"adID":"15","sceneID":"20","request":"779","impression":"779","click":"779"}],"gssdkVersion":"3.2.2","sdkVersionID":"39","sdkVersion":"39","sessionToken":"JJpX85UiVMIIL76SOmx/V38lvKURDRVwbXc8U7kDRoSED310LrcjKfQCfTMxbOWRwnbjSNw8TDXz5pA3iwXrqBhoeqMc8fG7U9JpllMOOwdTpbf6vuddgS2LUhomvidi"}: Status code not OK,http://52.13.174.6/sheeda/admin/analytics/saveNetworkStats API has failed at 14 Forbidden
Message value not appearing correctly
****************** http://52.13.174.6/sheeda/admin/analytics/saveNetworkStats
{"package":"com.amazing.gamez.airplane.car.transporter.pilot","store":"42","uniqueDeviceID":"4174","appID":"","deviceID":"","region":"","adsQueueEventStats":[{"adID":"18","sceneID":"11","request":"417","impression":"417","click":"417"}],"gssdkVersion":"3.2.2","sdkVersionID":"39","sdkVersion":"39","sessionToken":"JJpX85UiVMIIL76SOmx/V38lvKURDRVwbXc8U7kDRoSED310LrcjKfQCfTMxbOWRwnbjSNw8TDXz5pA3iwXrqBhoeqMc8fG7U9JpllMOOwdTpbf6vuddgS2LUhomvidi"}: Status code forbidden, internet connectivity not availablehttp://52.13.174.6/sheeda/admin/analytics/saveNetworkStats please check your internet connection 15
{"package":"com.amazing.gamez.airplane.car.transporter.pilot","store":"42","uniqueDeviceID":"4174","appID":"","deviceID":"","region":"","adsQueueEventStats":[{"adID":"18","sceneID":"11","request":"417","impression":"417","click":"417"}],"gssdkVersion":"3.2.2","sdkVersionID":"39","sdkVersion":"39","sessionToken":"JJpX85UiVMIIL76SOmx/V38lvKURDRVwbXc8U7kDRoSED310LrcjKfQCfTMxbOWRwnbjSNw8TDXz5pA3iwXrqBhoeqMc8fG7U9JpllMOOwdTpbf6vuddgS2LUhomvidi"}: Status code not OK,http://52.13.174.6/sheeda/admin/analytics/saveNetworkStats API has failed at 15 Forbidden
Message value not appearing correctly
****************** http://52.13.174.6/sheeda/admin/analytics/saveNetworkStats
{"package":"com.amazing.gamez.off.road.hill.climb","store":"41","uniqueDeviceID":"140","appID":"","deviceID":"","region":"","adsQueueEventStats":[{"adID":"19","sceneID":"1","request":"14","impression":"14","click":"14"}],"gssdkVersion":"3.2.2","sdkVersionID":"39","sdkVersion":"39","sessionToken":"JJpX85UiVMIIL76SOmx/V38lvKURDRVwbXc8U7kDRoSED310LrcjKfQCfTMxbOWRwnbjSNw8TDXz5pA3iwXrqBhoeqMc8fG7U9JpllMOOwdTpbf6vuddgS2LUhomvidi"}: Status code forbidden, internet connectivity not availablehttp://52.13.174.6/sheeda/admin/analytics/saveNetworkStats please check your internet connection 16
{"package":"com.amazing.gamez.off.road.hill.climb","store":"41","uniqueDeviceID":"140","appID":"","deviceID":"","region":"","adsQueueEventStats":[{"adID":"19","sceneID":"1","request":"14","impression":"14","click":"14"}],"gssdkVersion":"3.2.2","sdkVersionID":"39","sdkVersion":"39","sessionToken":"JJpX85UiVMIIL76SOmx/V38lvKURDRVwbXc8U7kDRoSED310LrcjKfQCfTMxbOWRwnbjSNw8TDXz5pA3iwXrqBhoeqMc8fG7U9JpllMOOwdTpbf6vuddgS2LUhomvidi"}: Status code not OK,http://52.13.174.6/sheeda/admin/analytics/saveNetworkStats API has failed at 16 Forbidden
Message value not appearing correctly
****************** http://52.13.174.6/sheeda/admin/analytics/saveNetworkStats
{"package":"com.amazing.gamez.off.road.hill.climb","store":"43","uniqueDeviceID":"5647","appID":"","deviceID":"","region":"","adsQueueEventStats":[{"adID":"20","sceneID":"15","request":"565","impression":"565","click":"565"}],"gssdkVersion":"3.2.2","sdkVersionID":"39","sdkVersion":"39","sessionToken":"JJpX85UiVMIIL76SOmx/V38lvKURDRVwbXc8U7kDRoSED310LrcjKfQCfTMxbOWRwnbjSNw8TDXz5pA3iwXrqBhoeqMc8fG7U9JpllMOOwdTpbf6vuddgS2LUhomvidi"}: Status code forbidden, internet connectivity not availablehttp://52.13.174.6/sheeda/admin/analytics/saveNetworkStats please check your internet connection 17
{"package":"com.amazing.gamez.off.road.hill.climb","store":"43","uniqueDeviceID":"5647","appID":"","deviceID":"","region":"","adsQueueEventStats":[{"adID":"20","sceneID":"15","request":"565","impression":"565","click":"565"}],"gssdkVersion":"3.2.2","sdkVersionID":"39","sdkVersion":"39","sessionToken":"JJpX85UiVMIIL76SOmx/V38lvKURDRVwbXc8U7kDRoSED310LrcjKfQCfTMxbOWRwnbjSNw8TDXz5pA3iwXrqBhoeqMc8fG7U9JpllMOOwdTpbf6vuddgS2LUhomvidi"}: Status code not OK,http://52.13.174.6/sheeda/admin/analytics/saveNetworkStats API has failed at 17 Forbidden
Message value not appearing correctly
****************** http://52.13.174.6/sheeda/admin/analytics/saveNetworkStats
{"package":"com.threed.horse.simulator","store":"41","uniqueDeviceID":"8438","appID":"","deviceID":"","region":"","adsQueueEventStats":[{"adID":"21","sceneID":"22","request":"843","impression":"843","click":"843"}],"gssdkVersion":"4.10.2","sdkVersionID":"2089","sdkVersion":"2089","sessionToken":"JJpX85UiVMIIL76SOmx/V38lvKURDRVwbXc8U7kDRoSED310LrcjKfQCfTMxbOWRwnbjSNw8TDXz5pA3iwXrqBhoeqMc8fG7U9JpllMOOwdTpbf6vuddgS2LUhomvidi"}: Status code forbidden, internet connectivity not availablehttp://52.13.174.6/sheeda/admin/analytics/saveNetworkStats please check your internet connection 18
{"package":"com.threed.horse.simulator","store":"41","uniqueDeviceID":"8438","appID":"","deviceID":"","region":"","adsQueueEventStats":[{"adID":"21","sceneID":"22","request":"843","impression":"843","click":"843"}],"gssdkVersion":"4.10.2","sdkVersionID":"2089","sdkVersion":"2089","sessionToken":"JJpX85UiVMIIL76SOmx/V38lvKURDRVwbXc8U7kDRoSED310LrcjKfQCfTMxbOWRwnbjSNw8TDXz5pA3iwXrqBhoeqMc8fG7U9JpllMOOwdTpbf6vuddgS2LUhomvidi"}: Status code not OK,http://52.13.174.6/sheeda/admin/analytics/saveNetworkStats API has failed at 18 Forbidden
Message value not appearing correctly
****************** http://52.13.174.6/sheeda/admin/analytics/saveNetworkStats
{"package":"com.gamerzstudio.police.dog.simulator","store":"41","uniqueDeviceID":"6454","appID":"","deviceID":"","region":"","adsQueueEventStats":[{"adID":"22","sceneID":"17","request":"645","impression":"645","click":"645"}],"gssdkVersion":"3.2.2","sdkVersionID":"39","sdkVersion":"39","sessionToken":"JJpX85UiVMIIL76SOmx/V38lvKURDRVwbXc8U7kDRoSED310LrcjKfQCfTMxbOWRwnbjSNw8TDXz5pA3iwXrqBhoeqMc8fG7U9JpllMOOwdTpbf6vuddgS2LUhomvidi"}: Status code forbidden, internet connectivity not availablehttp://52.13.174.6/sheeda/admin/analytics/saveNetworkStats please check your internet connection 19
{"package":"com.gamerzstudio.police.dog.simulator","store":"41","uniqueDeviceID":"6454","appID":"","deviceID":"","region":"","adsQueueEventStats":[{"adID":"22","sceneID":"17","request":"645","impression":"645","click":"645"}],"gssdkVersion":"3.2.2","sdkVersionID":"39","sdkVersion":"39","sessionToken":"JJpX85UiVMIIL76SOmx/V38lvKURDRVwbXc8U7kDRoSED310LrcjKfQCfTMxbOWRwnbjSNw8TDXz5pA3iwXrqBhoeqMc8fG7U9JpllMOOwdTpbf6vuddgS2LUhomvidi"}: Status code not OK,http://52.13.174.6/sheeda/admin/analytics/saveNetworkStats API has failed at 19 Forbidden
Message value not appearing correctly
****************** http://52.13.174.6/sheeda/admin/analytics/saveNetworkStats
{"package":"com.gamerzstudio.police.dog.simulator","store":"43","uniqueDeviceID":"9246","appID":"","deviceID":"","region":"","adsQueueEventStats":[{"adID":"23","sceneID":"24","request":"924","impression":"924","click":"924"}],"gssdkVersion":"3.2.2","sdkVersionID":"39","sdkVersion":"39","sessionToken":"JJpX85UiVMIIL76SOmx/V38lvKURDRVwbXc8U7kDRoSED310LrcjKfQCfTMxbOWRwnbjSNw8TDXz5pA3iwXrqBhoeqMc8fG7U9JpllMOOwdTpbf6vuddgS2LUhomvidi"}: Status code forbidden, internet connectivity not availablehttp://52.13.174.6/sheeda/admin/analytics/saveNetworkStats please check your internet connection 20
{"package":"com.gamerzstudio.police.dog.simulator","store":"43","uniqueDeviceID":"9246","appID":"","deviceID":"","region":"","adsQueueEventStats":[{"adID":"23","sceneID":"24","request":"924","impression":"924","click":"924"}],"gssdkVersion":"3.2.2","sdkVersionID":"39","sdkVersion":"39","sessionToken":"JJpX85UiVMIIL76SOmx/V38lvKURDRVwbXc8U7kDRoSED310LrcjKfQCfTMxbOWRwnbjSNw8TDXz5pA3iwXrqBhoeqMc8fG7U9JpllMOOwdTpbf6vuddgS2LUhomvidi"}: Status code not OK,http://52.13.174.6/sheeda/admin/analytics/saveNetworkStats API has failed at 20 Forbidden
Message value not appearing correctly
****************** http://52.13.174.6/sheeda/admin/analytics/saveNetworkStats
{"package":"com.gamerzstudio.city.bus.driver.simulator","store":"41","uniqueDeviceID":"2038","appID":"","deviceID":"","region":"","adsQueueEventStats":[{"adID":"24","sceneID":"6","request":"204","impression":"204","click":"204"}],"gssdkVersion":"3.2.2","sdkVersionID":"39","sdkVersion":"39","sessionToken":"JJpX85UiVMIIL76SOmx/V38lvKURDRVwbXc8U7kDRoSED310LrcjKfQCfTMxbOWRwnbjSNw8TDXz5pA3iwXrqBhoeqMc8fG7U9JpllMOOwdTpbf6vuddgS2LUhomvidi"}: Status code forbidden, internet connectivity not availablehttp://52.13.174.6/sheeda/admin/analytics/saveNetworkStats please check your internet connection 21
{"package":"com.gamerzstudio.city.bus.driver.simulator","store":"41","uniqueDeviceID":"2038","appID":"","deviceID":"","region":"","adsQueueEventStats":[{"adID":"24","sceneID":"6","request":"204","impression":"204","click":"204"}],"gssdkVersion":"3.2.2","sdkVersionID":"39","sdkVersion":"39","sessionToken":"JJpX85UiVMIIL76SOmx/V38lvKURDRVwbXc8U7kDRoSED310LrcjKfQCfTMxbOWRwnbjSNw8TDXz5pA3iwXrqBhoeqMc8fG7U9JpllMOOwdTpbf6vuddgS2LUhomvidi"}: Status code not OK,http://52.13.174.6/sheeda/admin/analytics/saveNetworkStats API has failed at 21 Forbidden
Message value not appearing correctly
****************** http://52.13.174.6/sheeda/admin/analytics/saveNetworkStats
{"package":"com.gamerzstudio.city.bus.driver.simulator","store":"42","uniqueDeviceID":"54","appID":"","deviceID":"","region":"","adsQueueEventStats":[{"adID":"25","sceneID":"1","request":"6","impression":"6","click":"6"}],"gssdkVersion":"3.2.2","sdkVersionID":"39","sdkVersion":"39","sessionToken":"JJpX85UiVMIIL76SOmx/V38lvKURDRVwbXc8U7kDRoSED310LrcjKfQCfTMxbOWRwnbjSNw8TDXz5pA3iwXrqBhoeqMc8fG7U9JpllMOOwdTpbf6vuddgS2LUhomvidi"}: Status code forbidden, internet connectivity not availablehttp://52.13.174.6/sheeda/admin/analytics/saveNetworkStats please check your internet connection 22
{"package":"com.gamerzstudio.city.bus.driver.simulator","store":"42","uniqueDeviceID":"54","appID":"","deviceID":"","region":"","adsQueueEventStats":[{"adID":"25","sceneID":"1","request":"6","impression":"6","click":"6"}],"gssdkVersion":"3.2.2","sdkVersionID":"39","sdkVersion":"39","sessionToken":"JJpX85UiVMIIL76SOmx/V38lvKURDRVwbXc8U7kDRoSED310LrcjKfQCfTMxbOWRwnbjSNw8TDXz5pA3iwXrqBhoeqMc8fG7U9JpllMOOwdTpbf6vuddgS2LUhomvidi"}: Status code not OK,http://52.13.174.6/sheeda/admin/analytics/saveNetworkStats API has failed at 22 Forbidden
Message value not appearing correctly
****************** http://52.13.174.6/sheeda/admin/analytics/saveNetworkStats
{"package":"com.amazing.gamez.share.attack.survival.simulator","store":"42","uniqueDeviceID":"6433","appID":"","deviceID":"","region":"","adsQueueEventStats":[{"adID":"26","sceneID":"17","request":"643","impression":"643","click":"643"}],"gssdkVersion":"3.2.2","sdkVersionID":"39","sdkVersion":"39","sessionToken":"JJpX85UiVMIIL76SOmx/V38lvKURDRVwbXc8U7kDRoSED310LrcjKfQCfTMxbOWRwnbjSNw8TDXz5pA3iwXrqBhoeqMc8fG7U9JpllMOOwdTpbf6vuddgS2LUhomvidi"}: Status code forbidden, internet connectivity not availablehttp://52.13.174.6/sheeda/admin/analytics/saveNetworkStats please check your internet connection 23
{"package":"com.amazing.gamez.share.attack.survival.simulator","store":"42","uniqueDeviceID":"6433","appID":"","deviceID":"","region":"","adsQueueEventStats":[{"adID":"26","sceneID":"17","request":"643","impression":"643","click":"643"}],"gssdkVersion":"3.2.2","sdkVersionID":"39","sdkVersion":"39","sessionToken":"JJpX85UiVMIIL76SOmx/V38lvKURDRVwbXc8U7kDRoSED310LrcjKfQCfTMxbOWRwnbjSNw8TDXz5pA3iwXrqBhoeqMc8fG7U9JpllMOOwdTpbf6vuddgS2LUhomvidi"}: Status code not OK,http://52.13.174.6/sheeda/admin/analytics/saveNetworkStats API has failed at 23 Forbidden
Message value not appearing correctly
****************** http://52.13.174.6/sheeda/admin/analytics/saveNetworkStats
{"package":"com.threed.wild.hungry.wolves","store":"41","uniqueDeviceID":"2813","appID":"","deviceID":"","region":"","adsQueueEventStats":[{"adID":"27","sceneID":"8","request":"282","impression":"282","click":"282"}],"gssdkVersion":"5.1.3-1","sdkVersionID":"2163","sdkVersion":"2163","sessionToken":"JJpX85UiVMIIL76SOmx/V38lvKURDRVwbXc8U7kDRoSED310LrcjKfQCfTMxbOWRwnbjSNw8TDXz5pA3iwXrqBhoeqMc8fG7U9JpllMOOwdTpbf6vuddgS2LUhomvidi"}: Status code forbidden, internet connectivity not availablehttp://52.13.174.6/sheeda/admin/analytics/saveNetworkStats please check your internet connection 24
{"package":"com.threed.wild.hungry.wolves","store":"41","uniqueDeviceID":"2813","appID":"","deviceID":"","region":"","adsQueueEventStats":[{"adID":"27","sceneID":"8","request":"282","impression":"282","click":"282"}],"gssdkVersion":"5.1.3-1","sdkVersionID":"2163","sdkVersion":"2163","sessionToken":"JJpX85UiVMIIL76SOmx/V38lvKURDRVwbXc8U7kDRoSED310LrcjKfQCfTMxbOWRwnbjSNw8TDXz5pA3iwXrqBhoeqMc8fG7U9JpllMOOwdTpbf6vuddgS2LUhomvidi"}: Status code not OK,http://52.13.174.6/sheeda/admin/analytics/saveNetworkStats API has failed at 24 Forbidden
Message value not appearing correctly
****************** http://52.13.174.6/sheeda/admin/analytics/saveNetworkStats
{"package":"com.amazing.gamez.counter.terrorist.force","store":"41","uniqueDeviceID":"7873","appID":"","deviceID":"","region":"","adsQueueEventStats":[{"adID":"28","sceneID":"20","request":"787","impression":"787","click":"787"}],"gssdkVersion":"3.2.2","sdkVersionID":"39","sdkVersion":"39","sessionToken":"JJpX85UiVMIIL76SOmx/V38lvKURDRVwbXc8U7kDRoSED310LrcjKfQCfTMxbOWRwnbjSNw8TDXz5pA3iwXrqBhoeqMc8fG7U9JpllMOOwdTpbf6vuddgS2LUhomvidi"}: Status code forbidden, internet connectivity not availablehttp://52.13.174.6/sheeda/admin/analytics/saveNetworkStats please check your internet connection 25
{"package":"com.amazing.gamez.counter.terrorist.force","store":"41","uniqueDeviceID":"7873","appID":"","deviceID":"","region":"","adsQueueEventStats":[{"adID":"28","sceneID":"20","request":"787","impression":"787","click":"787"}],"gssdkVersion":"3.2.2","sdkVersionID":"39","sdkVersion":"39","sessionToken":"JJpX85UiVMIIL76SOmx/V38lvKURDRVwbXc8U7kDRoSED310LrcjKfQCfTMxbOWRwnbjSNw8TDXz5pA3iwXrqBhoeqMc8fG7U9JpllMOOwdTpbf6vuddgS2LUhomvidi"}: Status code not OK,http://52.13.174.6/sheeda/admin/analytics/saveNetworkStats API has failed at 25 Forbidden
Message value not appearing correctly
****************** http://52.13.174.6/sheeda/admin/analytics/saveNetworkStats
{"package":"com.gamerzstudio.sniper.shooter","store":"41","uniqueDeviceID":"4253","appID":"","deviceID":"","region":"","adsQueueEventStats":[{"adID":"29","sceneID":"11","request":"425","impression":"425","click":"425"}],"gssdkVersion":"v8.1.1","sdkVersionID":"2225","sdkVersion":"2225","sessionToken":"JJpX85UiVMIIL76SOmx/V38lvKURDRVwbXc8U7kDRoSED310LrcjKfQCfTMxbOWRwnbjSNw8TDXz5pA3iwXrqBhoeqMc8fG7U9JpllMOOwdTpbf6vuddgS2LUhomvidi"}: Status code forbidden, internet connectivity not availablehttp://52.13.174.6/sheeda/admin/analytics/saveNetworkStats please check your internet connection 26
{"package":"com.gamerzstudio.sniper.shooter","store":"41","uniqueDeviceID":"4253","appID":"","deviceID":"","region":"","adsQueueEventStats":[{"adID":"29","sceneID":"11","request":"425","impression":"425","click":"425"}],"gssdkVersion":"v8.1.1","sdkVersionID":"2225","sdkVersion":"2225","sessionToken":"JJpX85UiVMIIL76SOmx/V38lvKURDRVwbXc8U7kDRoSED310LrcjKfQCfTMxbOWRwnbjSNw8TDXz5pA3iwXrqBhoeqMc8fG7U9JpllMOOwdTpbf6vuddgS2LUhomvidi"}: Status code not OK,http://52.13.174.6/sheeda/admin/analytics/saveNetworkStats API has failed at 26 Forbidden
Message value not appearing correctly
****************** http://52.13.174.6/sheeda/admin/analytics/saveNetworkStats
{"package":"com.gamerzstudio.dinosaur3Dsimulator","store":"42","uniqueDeviceID":"7045","appID":"","deviceID":"","region":"","adsQueueEventStats":[{"adID":"30","sceneID":"18","request":"704","impression":"704","click":"704"}],"gssdkVersion":"3.2.2","sdkVersionID":"39","sdkVersion":"39","sessionToken":"JJpX85UiVMIIL76SOmx/V38lvKURDRVwbXc8U7kDRoSED310LrcjKfQCfTMxbOWRwnbjSNw8TDXz5pA3iwXrqBhoeqMc8fG7U9JpllMOOwdTpbf6vuddgS2LUhomvidi"}: Status code forbidden, internet connectivity not availablehttp://52.13.174.6/sheeda/admin/analytics/saveNetworkStats please check your internet connection 27
{"package":"com.gamerzstudio.dinosaur3Dsimulator","store":"42","uniqueDeviceID":"7045","appID":"","deviceID":"","region":"","adsQueueEventStats":[{"adID":"30","sceneID":"18","request":"704","impression":"704","click":"704"}],"gssdkVersion":"3.2.2","sdkVersionID":"39","sdkVersion":"39","sessionToken":"JJpX85UiVMIIL76SOmx/V38lvKURDRVwbXc8U7kDRoSED310LrcjKfQCfTMxbOWRwnbjSNw8TDXz5pA3iwXrqBhoeqMc8fG7U9JpllMOOwdTpbf6vuddgS2LUhomvidi"}: Status code not OK,http://52.13.174.6/sheeda/admin/analytics/saveNetworkStats API has failed at 27 Forbidden
Message value not appearing correctly
****************** http://52.13.174.6/sheeda/admin/analytics/saveNetworkStats
{"package":"com.gamerzstudio.loin3Dsimulator","store":"41","uniqueDeviceID":"9836","appID":"","deviceID":"","region":"","adsQueueEventStats":[{"adID":"31","sceneID":"25","request":"983","impression":"983","click":"983"}],"gssdkVersion":"3.2.2","sdkVersionID":"39","sdkVersion":"39","sessionToken":"JJpX85UiVMIIL76SOmx/V38lvKURDRVwbXc8U7kDRoSED310LrcjKfQCfTMxbOWRwnbjSNw8TDXz5pA3iwXrqBhoeqMc8fG7U9JpllMOOwdTpbf6vuddgS2LUhomvidi"}: Status code forbidden, internet connectivity not availablehttp://52.13.174.6/sheeda/admin/analytics/saveNetworkStats please check your internet connection 28
{"package":"com.gamerzstudio.loin3Dsimulator","store":"41","uniqueDeviceID":"9836","appID":"","deviceID":"","region":"","adsQueueEventStats":[{"adID":"31","sceneID":"25","request":"983","impression":"983","click":"983"}],"gssdkVersion":"3.2.2","sdkVersionID":"39","sdkVersion":"39","sessionToken":"JJpX85UiVMIIL76SOmx/V38lvKURDRVwbXc8U7kDRoSED310LrcjKfQCfTMxbOWRwnbjSNw8TDXz5pA3iwXrqBhoeqMc8fG7U9JpllMOOwdTpbf6vuddgS2LUhomvidi"}: Status code not OK,http://52.13.174.6/sheeda/admin/analytics/saveNetworkStats API has failed at 28 Forbidden
Message value not appearing correctly
****************** http://52.13.174.6/sheeda/admin/analytics/saveNetworkStats
{"package":"com.gamerzstudio.wolf3Dsimulator","store":"42","uniqueDeviceID":"7852","appID":"","deviceID":"","region":"","adsQueueEventStats":[{"adID":"32","sceneID":"20","request":"785","impression":"785","click":"785"}],"gssdkVersion":"3.2.2","sdkVersionID":"39","sdkVersion":"39","sessionToken":"JJpX85UiVMIIL76SOmx/V38lvKURDRVwbXc8U7kDRoSED310LrcjKfQCfTMxbOWRwnbjSNw8TDXz5pA3iwXrqBhoeqMc8fG7U9JpllMOOwdTpbf6vuddgS2LUhomvidi"}: Status code forbidden, internet connectivity not availablehttp://52.13.174.6/sheeda/admin/analytics/saveNetworkStats please check your internet connection 29
{"package":"com.gamerzstudio.wolf3Dsimulator","store":"42","uniqueDeviceID":"7852","appID":"","deviceID":"","region":"","adsQueueEventStats":[{"adID":"32","sceneID":"20","request":"785","impression":"785","click":"785"}],"gssdkVersion":"3.2.2","sdkVersionID":"39","sdkVersion":"39","sessionToken":"JJpX85UiVMIIL76SOmx/V38lvKURDRVwbXc8U7kDRoSED310LrcjKfQCfTMxbOWRwnbjSNw8TDXz5pA3iwXrqBhoeqMc8fG7U9JpllMOOwdTpbf6vuddgS2LUhomvidi"}: Status code not OK,http://52.13.174.6/sheeda/admin/analytics/saveNetworkStats API has failed at 29 Forbidden
Message value not appearing correctly
****************** http://52.13.174.6/sheeda/admin/analytics/saveNetworkStats
{"package":"com.gamerzstudio.horse3Dsimulator","store":"41","uniqueDeviceID":"645","appID":"","deviceID":"","region":"","adsQueueEventStats":[{"adID":"33","sceneID":"2","request":"65","impression":"65","click":"65"}],"gssdkVersion":"3.2.2","sdkVersionID":"39","sdkVersion":"39","sessionToken":"JJpX85UiVMIIL76SOmx/V38lvKURDRVwbXc8U7kDRoSED310LrcjKfQCfTMxbOWRwnbjSNw8TDXz5pA3iwXrqBhoeqMc8fG7U9JpllMOOwdTpbf6vuddgS2LUhomvidi"}: Status code forbidden, internet connectivity not availablehttp://52.13.174.6/sheeda/admin/analytics/saveNetworkStats please check your internet connection 30
{"package":"com.gamerzstudio.horse3Dsimulator","store":"41","uniqueDeviceID":"645","appID":"","deviceID":"","region":"","adsQueueEventStats":[{"adID":"33","sceneID":"2","request":"65","impression":"65","click":"65"}],"gssdkVersion":"3.2.2","sdkVersionID":"39","sdkVersion":"39","sessionToken":"JJpX85UiVMIIL76SOmx/V38lvKURDRVwbXc8U7kDRoSED310LrcjKfQCfTMxbOWRwnbjSNw8TDXz5pA3iwXrqBhoeqMc8fG7U9JpllMOOwdTpbf6vuddgS2LUhomvidi"}: Status code not OK,http://52.13.174.6/sheeda/admin/analytics/saveNetworkStats API has failed at 30 Forbidden
Message value not appearing correctly
****************** http://52.13.174.6/sheeda/admin/analytics/saveNetworkStats
message value is correct
****************** http://52.13.174.6/sheeda/admin/analytics/saveNetworkStats
{"package":"com.gamerzstudio.bear3Dsimulator","store":"42","uniqueDeviceID":"6261","appID":"","deviceID":"","region":"","adsQueueEventStats":[{"adID":"35","sceneID":"16","request":"626","impression":"626","click":"626"}],"gssdkVersion":"6.4.2","sdkVersionID":"2124","sdkVersion":"2124","sessionToken":"JJpX85UiVMIIL76SOmx/V38lvKURDRVwbXc8U7kDRoSED310LrcjKfQCfTMxbOWRwnbjSNw8TDXz5pA3iwXrqBhoeqMc8fG7U9JpllMOOwdTpbf6vuddgS2LUhomvidi"}: Status code forbidden, internet connectivity not availablehttp://52.13.174.6/sheeda/admin/analytics/saveNetworkStats please check your internet connection 32
{"package":"com.gamerzstudio.bear3Dsimulator","store":"42","uniqueDeviceID":"6261","appID":"","deviceID":"","region":"","adsQueueEventStats":[{"adID":"35","sceneID":"16","request":"626","impression":"626","click":"626"}],"gssdkVersion":"6.4.2","sdkVersionID":"2124","sdkVersion":"2124","sessionToken":"JJpX85UiVMIIL76SOmx/V38lvKURDRVwbXc8U7kDRoSED310LrcjKfQCfTMxbOWRwnbjSNw8TDXz5pA3iwXrqBhoeqMc8fG7U9JpllMOOwdTpbf6vuddgS2LUhomvidi"}: Status code not OK,http://52.13.174.6/sheeda/admin/analytics/saveNetworkStats API has failed at 32 Forbidden
Message value not appearing correctly
****************** http://52.13.174.6/sheeda/admin/analytics/saveNetworkStats
{"package":"com.gamerzstudio.pizzamaker","store":"41","uniqueDeviceID":"4277","appID":"","deviceID":"","region":"","adsQueueEventStats":[{"adID":"36","sceneID":"11","request":"428","impression":"428","click":"428"}],"gssdkVersion":"3.2.2","sdkVersionID":"39","sdkVersion":"39","sessionToken":"JJpX85UiVMIIL76SOmx/V38lvKURDRVwbXc8U7kDRoSED310LrcjKfQCfTMxbOWRwnbjSNw8TDXz5pA3iwXrqBhoeqMc8fG7U9JpllMOOwdTpbf6vuddgS2LUhomvidi"}: Status code forbidden, internet connectivity not availablehttp://52.13.174.6/sheeda/admin/analytics/saveNetworkStats please check your internet connection 33
{"package":"com.gamerzstudio.pizzamaker","store":"41","uniqueDeviceID":"4277","appID":"","deviceID":"","region":"","adsQueueEventStats":[{"adID":"36","sceneID":"11","request":"428","impression":"428","click":"428"}],"gssdkVersion":"3.2.2","sdkVersionID":"39","sdkVersion":"39","sessionToken":"JJpX85UiVMIIL76SOmx/V38lvKURDRVwbXc8U7kDRoSED310LrcjKfQCfTMxbOWRwnbjSNw8TDXz5pA3iwXrqBhoeqMc8fG7U9JpllMOOwdTpbf6vuddgS2LUhomvidi"}: Status code not OK,http://52.13.174.6/sheeda/admin/analytics/saveNetworkStats API has failed at 33 Forbidden
Message value not appearing correctly
****************** http://52.13.174.6/sheeda/admin/analytics/saveNetworkStats
message value is correct
****************** http://52.13.174.6/sheeda/admin/analytics/saveNetworkStats
{"package":"com.gamerzstudio.icecreammaker","store":"42","uniqueDeviceID":"9336","appID":"","deviceID":"","region":"","adsQueueEventStats":[{"adID":"38","sceneID":"24","request":"933","impression":"933","click":"933"}],"gssdkVersion":"v8.1.1","sdkVersionID":"2225","sdkVersion":"2225","sessionToken":"JJpX85UiVMIIL76SOmx/V38lvKURDRVwbXc8U7kDRoSED310LrcjKfQCfTMxbOWRwnbjSNw8TDXz5pA3iwXrqBhoeqMc8fG7U9JpllMOOwdTpbf6vuddgS2LUhomvidi"}: Status code forbidden, internet connectivity not availablehttp://52.13.174.6/sheeda/admin/analytics/saveNetworkStats please check your internet connection 35
{"package":"com.gamerzstudio.icecreammaker","store":"42","uniqueDeviceID":"9336","appID":"","deviceID":"","region":"","adsQueueEventStats":[{"adID":"38","sceneID":"24","request":"933","impression":"933","click":"933"}],"gssdkVersion":"v8.1.1","sdkVersionID":"2225","sdkVersion":"2225","sessionToken":"JJpX85UiVMIIL76SOmx/V38lvKURDRVwbXc8U7kDRoSED310LrcjKfQCfTMxbOWRwnbjSNw8TDXz5pA3iwXrqBhoeqMc8fG7U9JpllMOOwdTpbf6vuddgS2LUhomvidi"}: Status code not OK,http://52.13.174.6/sheeda/admin/analytics/saveNetworkStats API has failed at 35 Forbidden
Message value not appearing correctly
****************** http://52.13.174.6/sheeda/admin/analytics/saveNetworkStats
message value is correct
****************** http://52.13.174.6/sheeda/admin/analytics/saveNetworkStats
{"package":"com.gamerzstudio.car.stunts.simulator","store":"41","uniqueDeviceID":"4081","appID":"","deviceID":"","region":"","adsQueueEventStats":[{"adID":"40","sceneID":"11","request":"408","impression":"408","click":"408"}],"gssdkVersion":"3.2.2","sdkVersionID":"39","sdkVersion":"39","sessionToken":"JJpX85UiVMIIL76SOmx/V38lvKURDRVwbXc8U7kDRoSED310LrcjKfQCfTMxbOWRwnbjSNw8TDXz5pA3iwXrqBhoeqMc8fG7U9JpllMOOwdTpbf6vuddgS2LUhomvidi"}: Status code forbidden, internet connectivity not availablehttp://52.13.174.6/sheeda/admin/analytics/saveNetworkStats please check your internet connection 37
{"package":"com.gamerzstudio.car.stunts.simulator","store":"41","uniqueDeviceID":"4081","appID":"","deviceID":"","region":"","adsQueueEventStats":[{"adID":"40","sceneID":"11","request":"408","impression":"408","click":"408"}],"gssdkVersion":"3.2.2","sdkVersionID":"39","sdkVersion":"39","sessionToken":"JJpX85UiVMIIL76SOmx/V38lvKURDRVwbXc8U7kDRoSED310LrcjKfQCfTMxbOWRwnbjSNw8TDXz5pA3iwXrqBhoeqMc8fG7U9JpllMOOwdTpbf6vuddgS2LUhomvidi"}: Status code not OK,http://52.13.174.6/sheeda/admin/analytics/saveNetworkStats API has failed at 37 Forbidden
Message value not appearing correctly
****************** http://52.13.174.6/sheeda/admin/analytics/saveNetworkStats
{"package":"com.gamerzstudio.car.stunts.simulator","store":"43","uniqueDeviceID":"461","appID":"","deviceID":"","region":"","adsQueueEventStats":[{"adID":"41","sceneID":"2","request":"47","impression":"47","click":"47"}],"gssdkVersion":"3.2.2","sdkVersionID":"39","sdkVersion":"39","sessionToken":"JJpX85UiVMIIL76SOmx/V38lvKURDRVwbXc8U7kDRoSED310LrcjKfQCfTMxbOWRwnbjSNw8TDXz5pA3iwXrqBhoeqMc8fG7U9JpllMOOwdTpbf6vuddgS2LUhomvidi"}: Status code forbidden, internet connectivity not availablehttp://52.13.174.6/sheeda/admin/analytics/saveNetworkStats please check your internet connection 38
{"package":"com.gamerzstudio.car.stunts.simulator","store":"43","uniqueDeviceID":"461","appID":"","deviceID":"","region":"","adsQueueEventStats":[{"adID":"41","sceneID":"2","request":"47","impression":"47","click":"47"}],"gssdkVersion":"3.2.2","sdkVersionID":"39","sdkVersion":"39","sessionToken":"JJpX85UiVMIIL76SOmx/V38lvKURDRVwbXc8U7kDRoSED310LrcjKfQCfTMxbOWRwnbjSNw8TDXz5pA3iwXrqBhoeqMc8fG7U9JpllMOOwdTpbf6vuddgS2LUhomvidi"}: Status code not OK,http://52.13.174.6/sheeda/admin/analytics/saveNetworkStats API has failed at 38 Forbidden
Message value not appearing correctly
****************** http://52.13.174.6/sheeda/admin/analytics/saveNetworkStats
{"package":"com.gamerzstudio.sand.excavator.truck.simulator","store":"42","uniqueDeviceID":"6840","appID":"","deviceID":"","region":"","adsQueueEventStats":[{"adID":"42","sceneID":"18","request":"684","impression":"684","click":"684"}],"gssdkVersion":"3.2.2","sdkVersionID":"60","sdkVersion":"60","sessionToken":"JJpX85UiVMIIL76SOmx/V38lvKURDRVwbXc8U7kDRoSED310LrcjKfQCfTMxbOWRwnbjSNw8TDXz5pA3iwXrqBhoeqMc8fG7U9JpllMOOwdTpbf6vuddgS2LUhomvidi"}: Status code forbidden, internet connectivity not availablehttp://52.13.174.6/sheeda/admin/analytics/saveNetworkStats please check your internet connection 39
{"package":"com.gamerzstudio.sand.excavator.truck.simulator","store":"42","uniqueDeviceID":"6840","appID":"","deviceID":"","region":"","adsQueueEventStats":[{"adID":"42","sceneID":"18","request":"684","impression":"684","click":"684"}],"gssdkVersion":"3.2.2","sdkVersionID":"60","sdkVersion":"60","sessionToken":"JJpX85UiVMIIL76SOmx/V38lvKURDRVwbXc8U7kDRoSED310LrcjKfQCfTMxbOWRwnbjSNw8TDXz5pA3iwXrqBhoeqMc8fG7U9JpllMOOwdTpbf6vuddgS2LUhomvidi"}: Status code not OK,http://52.13.174.6/sheeda/admin/analytics/saveNetworkStats API has failed at 39 Forbidden
Message value not appearing correctly
****************** http://52.13.174.6/sheeda/admin/analytics/saveNetworkStats
{"package":"com.gamerzstudio.heavy.excavator.truck.simulator","store":"41","uniqueDeviceID":"6808","appID":"","deviceID":"","region":"","adsQueueEventStats":[{"adID":"43","sceneID":"18","request":"681","impression":"681","click":"681"}],"gssdkVersion":"3.2.2","sdkVersionID":"39","sdkVersion":"39","sessionToken":"JJpX85UiVMIIL76SOmx/V38lvKURDRVwbXc8U7kDRoSED310LrcjKfQCfTMxbOWRwnbjSNw8TDXz5pA3iwXrqBhoeqMc8fG7U9JpllMOOwdTpbf6vuddgS2LUhomvidi"}: Status code forbidden, internet connectivity not availablehttp://52.13.174.6/sheeda/admin/analytics/saveNetworkStats please check your internet connection 40
{"package":"com.gamerzstudio.heavy.excavator.truck.simulator","store":"41","uniqueDeviceID":"6808","appID":"","deviceID":"","region":"","adsQueueEventStats":[{"adID":"43","sceneID":"18","request":"681","impression":"681","click":"681"}],"gssdkVersion":"3.2.2","sdkVersionID":"39","sdkVersion":"39","sessionToken":"JJpX85UiVMIIL76SOmx/V38lvKURDRVwbXc8U7kDRoSED310LrcjKfQCfTMxbOWRwnbjSNw8TDXz5pA3iwXrqBhoeqMc8fG7U9JpllMOOwdTpbf6vuddgS2LUhomvidi"}: Status code not OK,http://52.13.174.6/sheeda/admin/analytics/saveNetworkStats API has failed at 40 Forbidden
Message value not appearing correctly
****************** http://52.13.174.6/sheeda/admin/analytics/saveNetworkStats
{"package":"com.gamerzstudio.plow.tractor.farming","store":"41","uniqueDeviceID":"9599","appID":"","deviceID":"","region":"","adsQueueEventStats":[{"adID":"44","sceneID":"24","request":"960","impression":"960","click":"960"}],"gssdkVersion":"3.2.2","sdkVersionID":"39","sdkVersion":"39","sessionToken":"JJpX85UiVMIIL76SOmx/V38lvKURDRVwbXc8U7kDRoSED310LrcjKfQCfTMxbOWRwnbjSNw8TDXz5pA3iwXrqBhoeqMc8fG7U9JpllMOOwdTpbf6vuddgS2LUhomvidi"}: Status code forbidden, internet connectivity not availablehttp://52.13.174.6/sheeda/admin/analytics/saveNetworkStats please check your internet connection 41
{"package":"com.gamerzstudio.plow.tractor.farming","store":"41","uniqueDeviceID":"9599","appID":"","deviceID":"","region":"","adsQueueEventStats":[{"adID":"44","sceneID":"24","request":"960","impression":"960","click":"960"}],"gssdkVersion":"3.2.2","sdkVersionID":"39","sdkVersion":"39","sessionToken":"JJpX85UiVMIIL76SOmx/V38lvKURDRVwbXc8U7kDRoSED310LrcjKfQCfTMxbOWRwnbjSNw8TDXz5pA3iwXrqBhoeqMc8fG7U9JpllMOOwdTpbf6vuddgS2LUhomvidi"}: Status code not OK,http://52.13.174.6/sheeda/admin/analytics/saveNetworkStats API has failed at 41 Forbidden
Message value not appearing correctly
****************** http://52.13.174.6/sheeda/admin/analytics/saveNetworkStats
{"package":"com.gamerzstudio.cargo.train.transporter","store":"41","uniqueDeviceID":"7931","appID":"","deviceID":"","region":"","adsQueueEventStats":[{"adID":"45","sceneID":"20","request":"793","impression":"793","click":"793"}],"gssdkVersion":"3.2.2","sdkVersionID":"39","sdkVersion":"39","sessionToken":"JJpX85UiVMIIL76SOmx/V38lvKURDRVwbXc8U7kDRoSED310LrcjKfQCfTMxbOWRwnbjSNw8TDXz5pA3iwXrqBhoeqMc8fG7U9JpllMOOwdTpbf6vuddgS2LUhomvidi"}: Status code forbidden, internet connectivity not availablehttp://52.13.174.6/sheeda/admin/analytics/saveNetworkStats please check your internet connection 42
{"package":"com.gamerzstudio.cargo.train.transporter","store":"41","uniqueDeviceID":"7931","appID":"","deviceID":"","region":"","adsQueueEventStats":[{"adID":"45","sceneID":"20","request":"793","impression":"793","click":"793"}],"gssdkVersion":"3.2.2","sdkVersionID":"39","sdkVersion":"39","sessionToken":"JJpX85UiVMIIL76SOmx/V38lvKURDRVwbXc8U7kDRoSED310LrcjKfQCfTMxbOWRwnbjSNw8TDXz5pA3iwXrqBhoeqMc8fG7U9JpllMOOwdTpbf6vuddgS2LUhomvidi"}: Status code not OK,http://52.13.174.6/sheeda/admin/analytics/saveNetworkStats API has failed at 42 Forbidden
Message value not appearing correctly
****************** http://52.13.174.6/sheeda/admin/analytics/saveNetworkStats
{"package":"com.gamerzstudio.cargo.train.transporter","store":"43","uniqueDeviceID":"4311","appID":"","deviceID":"","region":"","adsQueueEventStats":[{"adID":"46","sceneID":"11","request":"431","impression":"431","click":"431"}],"gssdkVersion":"3.2.2","sdkVersionID":"39","sdkVersion":"39","sessionToken":"JJpX85UiVMIIL76SOmx/V38lvKURDRVwbXc8U7kDRoSED310LrcjKfQCfTMxbOWRwnbjSNw8TDXz5pA3iwXrqBhoeqMc8fG7U9JpllMOOwdTpbf6vuddgS2LUhomvidi"}: Status code forbidden, internet connectivity not availablehttp://52.13.174.6/sheeda/admin/analytics/saveNetworkStats please check your internet connection 43
{"package":"com.gamerzstudio.cargo.train.transporter","store":"43","uniqueDeviceID":"4311","appID":"","deviceID":"","region":"","adsQueueEventStats":[{"adID":"46","sceneID":"11","request":"431","impression":"431","click":"431"}],"gssdkVersion":"3.2.2","sdkVersionID":"39","sdkVersion":"39","sessionToken":"JJpX85UiVMIIL76SOmx/V38lvKURDRVwbXc8U7kDRoSED310LrcjKfQCfTMxbOWRwnbjSNw8TDXz5pA3iwXrqBhoeqMc8fG7U9JpllMOOwdTpbf6vuddgS2LUhomvidi"}: Status code not OK,http://52.13.174.6/sheeda/admin/analytics/saveNetworkStats API has failed at 43 Forbidden
Message value not appearing correctly
****************** http://52.13.174.6/sheeda/admin/analytics/saveNetworkStats
message value is correct
****************** http://52.13.174.6/sheeda/admin/analytics/saveNetworkStats
{"package":"com.gamerzstudio.jet.fighter.vs.tank.attack.action","store":"41","uniqueDeviceID":"7103","appID":"","deviceID":"","region":"","adsQueueEventStats":[{"adID":"48","sceneID":"18","request":"710","impression":"710","click":"710"}],"gssdkVersion":"3.2.2","sdkVersionID":"39","sdkVersion":"39","sessionToken":"JJpX85UiVMIIL76SOmx/V38lvKURDRVwbXc8U7kDRoSED310LrcjKfQCfTMxbOWRwnbjSNw8TDXz5pA3iwXrqBhoeqMc8fG7U9JpllMOOwdTpbf6vuddgS2LUhomvidi"}: Status code forbidden, internet connectivity not availablehttp://52.13.174.6/sheeda/admin/analytics/saveNetworkStats please check your internet connection 45
{"package":"com.gamerzstudio.jet.fighter.vs.tank.attack.action","store":"41","uniqueDeviceID":"7103","appID":"","deviceID":"","region":"","adsQueueEventStats":[{"adID":"48","sceneID":"18","request":"710","impression":"710","click":"710"}],"gssdkVersion":"3.2.2","sdkVersionID":"39","sdkVersion":"39","sessionToken":"JJpX85UiVMIIL76SOmx/V38lvKURDRVwbXc8U7kDRoSED310LrcjKfQCfTMxbOWRwnbjSNw8TDXz5pA3iwXrqBhoeqMc8fG7U9JpllMOOwdTpbf6vuddgS2LUhomvidi"}: Status code not OK,http://52.13.174.6/sheeda/admin/analytics/saveNetworkStats API has failed at 45 Forbidden
Message value not appearing correctly
****************** http://52.13.174.6/sheeda/admin/analytics/saveNetworkStats
message value is correct
****************** http://52.13.174.6/sheeda/admin/analytics/saveNetworkStats
message value is correct
****************** http://52.13.174.6/sheeda/admin/analytics/saveNetworkStats
{"package":"com.gamerzstudio.crime.city.vendetta.simulator","store":"41","uniqueDeviceID":"528","appID":"","deviceID":"","region":"","adsQueueEventStats":[{"adID":"52","sceneID":"2","request":"53","impression":"53","click":"53"}],"gssdkVersion":"3.2.2","sdkVersionID":"39","sdkVersion":"39","sessionToken":"JJpX85UiVMIIL76SOmx/V38lvKURDRVwbXc8U7kDRoSED310LrcjKfQCfTMxbOWRwnbjSNw8TDXz5pA3iwXrqBhoeqMc8fG7U9JpllMOOwdTpbf6vuddgS2LUhomvidi"}: Status code forbidden, internet connectivity not availablehttp://52.13.174.6/sheeda/admin/analytics/saveNetworkStats please check your internet connection 48
{"package":"com.gamerzstudio.crime.city.vendetta.simulator","store":"41","uniqueDeviceID":"528","appID":"","deviceID":"","region":"","adsQueueEventStats":[{"adID":"52","sceneID":"2","request":"53","impression":"53","click":"53"}],"gssdkVersion":"3.2.2","sdkVersionID":"39","sdkVersion":"39","sessionToken":"JJpX85UiVMIIL76SOmx/V38lvKURDRVwbXc8U7kDRoSED310LrcjKfQCfTMxbOWRwnbjSNw8TDXz5pA3iwXrqBhoeqMc8fG7U9JpllMOOwdTpbf6vuddgS2LUhomvidi"}: Status code not OK,http://52.13.174.6/sheeda/admin/analytics/saveNetworkStats API has failed at 48 Forbidden
Message value not appearing correctly
****************** http://52.13.174.6/sheeda/admin/analytics/saveNetworkStats
{"package":"com.gamerzstudio.city.construction.road.builder","store":"41","uniqueDeviceID":"8543","appID":"","deviceID":"","region":"","adsQueueEventStats":[{"adID":"53","sceneID":"22","request":"854","impression":"854","click":"854"}],"gssdkVersion":"3.2.2","sdkVersionID":"39","sdkVersion":"39","sessionToken":"JJpX85UiVMIIL76SOmx/V38lvKURDRVwbXc8U7kDRoSED310LrcjKfQCfTMxbOWRwnbjSNw8TDXz5pA3iwXrqBhoeqMc8fG7U9JpllMOOwdTpbf6vuddgS2LUhomvidi"}: Status code forbidden, internet connectivity not availablehttp://52.13.174.6/sheeda/admin/analytics/saveNetworkStats please check your internet connection 49
{"package":"com.gamerzstudio.city.construction.road.builder","store":"41","uniqueDeviceID":"8543","appID":"","deviceID":"","region":"","adsQueueEventStats":[{"adID":"53","sceneID":"22","request":"854","impression":"854","click":"854"}],"gssdkVersion":"3.2.2","sdkVersionID":"39","sdkVersion":"39","sessionToken":"JJpX85UiVMIIL76SOmx/V38lvKURDRVwbXc8U7kDRoSED310LrcjKfQCfTMxbOWRwnbjSNw8TDXz5pA3iwXrqBhoeqMc8fG7U9JpllMOOwdTpbf6vuddgS2LUhomvidi"}: Status code not OK,http://52.13.174.6/sheeda/admin/analytics/saveNetworkStats API has failed at 49 Forbidden
Message value not appearing correctly
</DebugTrace>
      </Output>
    </UnitTestResult>
    <UnitTestResult executionId="0f349177-a553-43d8-ac62-913524761b3a" testId="bfc1b289-dbbb-3bad-fc5e-78e601449e19" testName="E_StartNewAdSessionMainInputGenerator" computerName="DESKTOP-5AJ0SB3" duration="00:01:51.3806664" startTime="2020-12-31T12:33:28.8405480+05:00" endTime="2020-12-31T12:35:20.2237334+05:00" testType="13cdc9d9-ddb5-4fa4-a97d-d965ccfc6d4b" outcome="Passed" testListId="8c84fa94-04c1-424b-9868-57a2d4851a1d" relativeResultsDirectory="0f349177-a553-43d8-ac62-913524761b3a">
      <Output>
        <DebugTrace>****************** Select appKey , sdkID from apps where appkey!='' and sdkID &gt; 20 LIMIT 50
****************** 
{"appKey":"0001095f2f8393fdbf7a808a2d0caf21","osVersion":"9.0","orientation":"0","is_mac":"0","model":"GT-Nnnn0","deviceID":"301","telco_operator":"","cpu":"0","brand":"HUAWEI","userConsent":"0","internet_connectivity":"0","height":"220","architecture":"","width":"220","resolution":"1280x720","ram":"953,45 MB","sdkVersion":"2056","product":"j7xeltexx","devMode":"0"}: Status code forbidden, internet connectivity not availablehttp://52.13.174.6/sheeda/admin/api/startNewAdSession_2 please check your internet connection 0
{"appKey":"0001095f2f8393fdbf7a808a2d0caf21","osVersion":"9.0","orientation":"0","is_mac":"0","model":"GT-Nnnn0","deviceID":"301","telco_operator":"","cpu":"0","brand":"HUAWEI","userConsent":"0","internet_connectivity":"0","height":"220","architecture":"","width":"220","resolution":"1280x720","ram":"953,45 MB","sdkVersion":"2056","product":"j7xeltexx","devMode":"0"}: Status code not OK,http://52.13.174.6/sheeda/admin/api/startNewAdSession_2 API has failed at 0 Forbidden
{"appKey":"0001095f2f8393fdbf7a808a2d0caf21","osVersion":"9.0","orientation":"0","is_mac":"0","model":"GT-Nnnn0","deviceID":"301","telco_operator":"","cpu":"0","brand":"HUAWEI","userConsent":"0","internet_connectivity":"0","height":"220","architecture":"","width":"220","resolution":"1280x720","ram":"953,45 MB","sdkVersion":"2056","product":"j7xeltexx","devMode":"0"}: message value is other then completed,http://52.13.174.6/sheeda/admin/api/startNewAdSession_2api is failed
mode value is set

 Aspect ratio value is correct
sentry_log value is set
Session token value is set

{"appKey":"000ebaba202ff04f7a4fd938b853597c","osVersion":"7.0","orientation":"0","is_mac":"0","model":"GT-Snnn0","deviceID":"2","telco_operator":"Oi","cpu":"0","brand":"HONOR","userConsent":"0","internet_connectivity":"0","height":"101","architecture":"aarch64","width":"101","resolution":"1436x720","ram":"1.77 GB","sdkVersion":"2056","product":"STK-L21M","devMode":"0"}: Status code forbidden, internet connectivity not availablehttp://52.13.174.6/sheeda/admin/api/startNewAdSession_2 please check your internet connection 2
{"appKey":"000ebaba202ff04f7a4fd938b853597c","osVersion":"7.0","orientation":"0","is_mac":"0","model":"GT-Snnn0","deviceID":"2","telco_operator":"Oi","cpu":"0","brand":"HONOR","userConsent":"0","internet_connectivity":"0","height":"101","architecture":"aarch64","width":"101","resolution":"1436x720","ram":"1.77 GB","sdkVersion":"2056","product":"STK-L21M","devMode":"0"}: Status code not OK,http://52.13.174.6/sheeda/admin/api/startNewAdSession_2 API has failed at 2 Forbidden
{"appKey":"000ebaba202ff04f7a4fd938b853597c","osVersion":"7.0","orientation":"0","is_mac":"0","model":"GT-Snnn0","deviceID":"2","telco_operator":"Oi","cpu":"0","brand":"HONOR","userConsent":"0","internet_connectivity":"0","height":"101","architecture":"aarch64","width":"101","resolution":"1436x720","ram":"1.77 GB","sdkVersion":"2056","product":"STK-L21M","devMode":"0"}: message value is other then completed,http://52.13.174.6/sheeda/admin/api/startNewAdSession_2api is failed
{"appKey":"0010f29c602f3f3750645c8b4852f66f","osVersion":"6.0","orientation":"0","is_mac":"0","model":"GT-Snnn2","deviceID":"156","telco_operator":"Maroc","cpu":"0","brand":"vivo","userConsent":"0","internet_connectivity":"0","height":"162","architecture":"armv8l","width":"162","resolution":"1344x720","ram":"1.68 GB","sdkVersion":"2056","product":"aosp_arm","devMode":"0"}: Status code forbidden, internet connectivity not availablehttp://52.13.174.6/sheeda/admin/api/startNewAdSession_2 please check your internet connection 3
{"appKey":"0010f29c602f3f3750645c8b4852f66f","osVersion":"6.0","orientation":"0","is_mac":"0","model":"GT-Snnn2","deviceID":"156","telco_operator":"Maroc","cpu":"0","brand":"vivo","userConsent":"0","internet_connectivity":"0","height":"162","architecture":"armv8l","width":"162","resolution":"1344x720","ram":"1.68 GB","sdkVersion":"2056","product":"aosp_arm","devMode":"0"}: Status code not OK,http://52.13.174.6/sheeda/admin/api/startNewAdSession_2 API has failed at 3 Forbidden
{"appKey":"0010f29c602f3f3750645c8b4852f66f","osVersion":"6.0","orientation":"0","is_mac":"0","model":"GT-Snnn2","deviceID":"156","telco_operator":"Maroc","cpu":"0","brand":"vivo","userConsent":"0","internet_connectivity":"0","height":"162","architecture":"armv8l","width":"162","resolution":"1344x720","ram":"1.68 GB","sdkVersion":"2056","product":"aosp_arm","devMode":"0"}: message value is other then completed,http://52.13.174.6/sheeda/admin/api/startNewAdSession_2api is failed
mode value is set

 Aspect ratio value is correct
sentry_log value is set
Session token value is set

{"appKey":"00158764536c49fb352d25d1149398a5","osVersion":"4.4","orientation":"0","is_mac":"0","model":"E5673","deviceID":"21","telco_operator":"airtel","cpu":"0","brand":"realme","userConsent":"0","internet_connectivity":"0","height":"108","architecture":"aarch81","width":"108","resolution":"1387x720","ram":"2.75 GB","sdkVersion":"2056","product":"iPhone","devMode":"0"}: Status code forbidden, internet connectivity not availablehttp://52.13.174.6/sheeda/admin/api/startNewAdSession_2 please check your internet connection 5
{"appKey":"00158764536c49fb352d25d1149398a5","osVersion":"4.4","orientation":"0","is_mac":"0","model":"E5673","deviceID":"21","telco_operator":"airtel","cpu":"0","brand":"realme","userConsent":"0","internet_connectivity":"0","height":"108","architecture":"aarch81","width":"108","resolution":"1387x720","ram":"2.75 GB","sdkVersion":"2056","product":"iPhone","devMode":"0"}: Status code not OK,http://52.13.174.6/sheeda/admin/api/startNewAdSession_2 API has failed at 5 Forbidden
{"appKey":"00158764536c49fb352d25d1149398a5","osVersion":"4.4","orientation":"0","is_mac":"0","model":"E5673","deviceID":"21","telco_operator":"airtel","cpu":"0","brand":"realme","userConsent":"0","internet_connectivity":"0","height":"108","architecture":"aarch81","width":"108","resolution":"1387x720","ram":"2.75 GB","sdkVersion":"2056","product":"iPhone","devMode":"0"}: message value is other then completed,http://52.13.174.6/sheeda/admin/api/startNewAdSession_2api is failed
{"appKey":"001df35eabe3ef8bf4cf6645e3e819f5","osVersion":"4.3","orientation":"0","is_mac":"0","model":"E3372","deviceID":"621","telco_operator":"Metfone","cpu":"0","brand":"iPhone","userConsent":"0","internet_connectivity":"0","height":"348","architecture":"aarch81","width":"348","resolution":"1080 x 1920","ram":"1,37 GB","sdkVersion":"26","product":"LUA-U22","devMode":"0"}: Status code forbidden, internet connectivity not availablehttp://52.13.174.6/sheeda/admin/api/startNewAdSession_2 please check your internet connection 6
{"appKey":"001df35eabe3ef8bf4cf6645e3e819f5","osVersion":"4.3","orientation":"0","is_mac":"0","model":"E3372","deviceID":"621","telco_operator":"Metfone","cpu":"0","brand":"iPhone","userConsent":"0","internet_connectivity":"0","height":"348","architecture":"aarch81","width":"348","resolution":"1080 x 1920","ram":"1,37 GB","sdkVersion":"26","product":"LUA-U22","devMode":"0"}: Status code not OK,http://52.13.174.6/sheeda/admin/api/startNewAdSession_2 API has failed at 6 Forbidden
{"appKey":"001df35eabe3ef8bf4cf6645e3e819f5","osVersion":"4.3","orientation":"0","is_mac":"0","model":"E3372","deviceID":"621","telco_operator":"Metfone","cpu":"0","brand":"iPhone","userConsent":"0","internet_connectivity":"0","height":"348","architecture":"aarch81","width":"348","resolution":"1080 x 1920","ram":"1,37 GB","sdkVersion":"26","product":"LUA-U22","devMode":"0"}: message value is other then completed,http://52.13.174.6/sheeda/admin/api/startNewAdSession_2api is failed
{"appKey":"00213e22a8396c544210355c3aba9f65","osVersion":"4.2","orientation":"0","is_mac":"0","model":"iphone 3GS","deviceID":"25","telco_operator":" Ooredoo","cpu":"0","brand":"OPPO","userConsent":"0","internet_connectivity":"0","height":"110","architecture":"armv64","width":"110","resolution":"1440 x 2960","ram":"3.69 GB","sdkVersion":"22","product":"BKK-LX2","devMode":"0"}: Status code not OK,http://52.13.174.6/sheeda/admin/api/startNewAdSession_2 API has failed at 7 NotFound
{"appKey":"002229c00caf8829ed5d397ed1ed206d","osVersion":"9.0","orientation":"0","is_mac":"0","model":"GT-Nnnn0","deviceID":"465","telco_operator":"","cpu":"0","brand":"HUAWEI","userConsent":"0","internet_connectivity":"0","height":"286","architecture":"","width":"286","resolution":"1280x720","ram":"953,45 MB","sdkVersion":"26","product":"j7xeltexx","devMode":"0"}: Status code forbidden, internet connectivity not availablehttp://52.13.174.6/sheeda/admin/api/startNewAdSession_2 please check your internet connection 8
{"appKey":"002229c00caf8829ed5d397ed1ed206d","osVersion":"9.0","orientation":"0","is_mac":"0","model":"GT-Nnnn0","deviceID":"465","telco_operator":"","cpu":"0","brand":"HUAWEI","userConsent":"0","internet_connectivity":"0","height":"286","architecture":"","width":"286","resolution":"1280x720","ram":"953,45 MB","sdkVersion":"26","product":"j7xeltexx","devMode":"0"}: Status code not OK,http://52.13.174.6/sheeda/admin/api/startNewAdSession_2 API has failed at 8 Forbidden
{"appKey":"002229c00caf8829ed5d397ed1ed206d","osVersion":"9.0","orientation":"0","is_mac":"0","model":"GT-Nnnn0","deviceID":"465","telco_operator":"","cpu":"0","brand":"HUAWEI","userConsent":"0","internet_connectivity":"0","height":"286","architecture":"","width":"286","resolution":"1280x720","ram":"953,45 MB","sdkVersion":"26","product":"j7xeltexx","devMode":"0"}: message value is other then completed,http://52.13.174.6/sheeda/admin/api/startNewAdSession_2api is failed
{"appKey":"0024e0cf2fab9340f501d54a2092c2b0","osVersion":"8.0","orientation":"0","is_mac":"0","model":"SM-Nnn0","deviceID":"619","telco_operator":"Azercell","cpu":"0","brand":"Xiaomi","userConsent":"0","internet_connectivity":"0","height":"347","architecture":"0","width":"347","resolution":"1196x720","ram":"3.51 GB ","sdkVersion":"2056","product":"mido","devMode":"0"}: Status code forbidden, internet connectivity not availablehttp://52.13.174.6/sheeda/admin/api/startNewAdSession_2 please check your internet connection 9
{"appKey":"0024e0cf2fab9340f501d54a2092c2b0","osVersion":"8.0","orientation":"0","is_mac":"0","model":"SM-Nnn0","deviceID":"619","telco_operator":"Azercell","cpu":"0","brand":"Xiaomi","userConsent":"0","internet_connectivity":"0","height":"347","architecture":"0","width":"347","resolution":"1196x720","ram":"3.51 GB ","sdkVersion":"2056","product":"mido","devMode":"0"}: Status code not OK,http://52.13.174.6/sheeda/admin/api/startNewAdSession_2 API has failed at 9 Forbidden
{"appKey":"0024e0cf2fab9340f501d54a2092c2b0","osVersion":"8.0","orientation":"0","is_mac":"0","model":"SM-Nnn0","deviceID":"619","telco_operator":"Azercell","cpu":"0","brand":"Xiaomi","userConsent":"0","internet_connectivity":"0","height":"347","architecture":"0","width":"347","resolution":"1196x720","ram":"3.51 GB ","sdkVersion":"2056","product":"mido","devMode":"0"}: message value is other then completed,http://52.13.174.6/sheeda/admin/api/startNewAdSession_2api is failed
mode value is set

 Aspect ratio value is correct
sentry_log value is set
Session token value is set

{"appKey":"0027615fb0048de87dc7e1257d65e397","osVersion":"6.0","orientation":"0","is_mac":"0","model":"GT-Snnn2","deviceID":"63","telco_operator":"Maroc","cpu":"0","brand":"vivo","userConsent":"0","internet_connectivity":"0","height":"125","architecture":"armv8l","width":"125","resolution":"1344x720","ram":"1.68 GB","sdkVersion":"39","product":"aosp_arm","devMode":"0"}: Status code forbidden, internet connectivity not availablehttp://52.13.174.6/sheeda/admin/api/startNewAdSession_2 please check your internet connection 11
{"appKey":"0027615fb0048de87dc7e1257d65e397","osVersion":"6.0","orientation":"0","is_mac":"0","model":"GT-Snnn2","deviceID":"63","telco_operator":"Maroc","cpu":"0","brand":"vivo","userConsent":"0","internet_connectivity":"0","height":"125","architecture":"armv8l","width":"125","resolution":"1344x720","ram":"1.68 GB","sdkVersion":"39","product":"aosp_arm","devMode":"0"}: Status code not OK,http://52.13.174.6/sheeda/admin/api/startNewAdSession_2 API has failed at 11 Forbidden
{"appKey":"0027615fb0048de87dc7e1257d65e397","osVersion":"6.0","orientation":"0","is_mac":"0","model":"GT-Snnn2","deviceID":"63","telco_operator":"Maroc","cpu":"0","brand":"vivo","userConsent":"0","internet_connectivity":"0","height":"125","architecture":"armv8l","width":"125","resolution":"1344x720","ram":"1.68 GB","sdkVersion":"39","product":"aosp_arm","devMode":"0"}: message value is other then completed,http://52.13.174.6/sheeda/admin/api/startNewAdSession_2api is failed
{"appKey":"002e4eb7df8262ad34b6daa98c13262f","osVersion":"5.0","orientation":"0","is_mac":"0","model":"xiaomi Mi 4s","deviceID":"216","telco_operator":"Telecom","cpu":"0","brand":"samsung","userConsent":"0","internet_connectivity":"0","height":"186","architecture":"armv7l,","width":"186","resolution":"1024x552","ram":"3.68 GB","sdkVersion":"22","product":"potter","devMode":"0"}: Status code not OK,http://52.13.174.6/sheeda/admin/api/startNewAdSession_2 API has failed at 12 NotFound
{"appKey":"0034c9287108a0865eec92973ab2cabf","osVersion":"4.4","orientation":"0","is_mac":"0","model":"E5673","deviceID":"569","telco_operator":"airtel","cpu":"0","brand":"realme","userConsent":"0","internet_connectivity":"0","height":"327","architecture":"aarch81","width":"327","resolution":"1387x720","ram":"2.75 GB","sdkVersion":"2151","product":"iPhone","devMode":"0"}: Status code forbidden, internet connectivity not availablehttp://52.13.174.6/sheeda/admin/api/startNewAdSession_2 please check your internet connection 13
{"appKey":"0034c9287108a0865eec92973ab2cabf","osVersion":"4.4","orientation":"0","is_mac":"0","model":"E5673","deviceID":"569","telco_operator":"airtel","cpu":"0","brand":"realme","userConsent":"0","internet_connectivity":"0","height":"327","architecture":"aarch81","width":"327","resolution":"1387x720","ram":"2.75 GB","sdkVersion":"2151","product":"iPhone","devMode":"0"}: Status code not OK,http://52.13.174.6/sheeda/admin/api/startNewAdSession_2 API has failed at 13 Forbidden
{"appKey":"0034c9287108a0865eec92973ab2cabf","osVersion":"4.4","orientation":"0","is_mac":"0","model":"E5673","deviceID":"569","telco_operator":"airtel","cpu":"0","brand":"realme","userConsent":"0","internet_connectivity":"0","height":"327","architecture":"aarch81","width":"327","resolution":"1387x720","ram":"2.75 GB","sdkVersion":"2151","product":"iPhone","devMode":"0"}: message value is other then completed,http://52.13.174.6/sheeda/admin/api/startNewAdSession_2api is failed
{"appKey":"003a31fb156ba9c1d390ff47ddd5f910","osVersion":"4.3","orientation":"0","is_mac":"0","model":"E3372","deviceID":"168","telco_operator":"Metfone","cpu":"0","brand":"iPhone","userConsent":"0","internet_connectivity":"0","height":"167","architecture":"aarch81","width":"167","resolution":"1080 x 1920","ram":"1,37 GB","sdkVersion":"2212","product":"LUA-U22","devMode":"0"}: Status code forbidden, internet connectivity not availablehttp://52.13.174.6/sheeda/admin/api/startNewAdSession_2 please check your internet connection 14
{"appKey":"003a31fb156ba9c1d390ff47ddd5f910","osVersion":"4.3","orientation":"0","is_mac":"0","model":"E3372","deviceID":"168","telco_operator":"Metfone","cpu":"0","brand":"iPhone","userConsent":"0","internet_connectivity":"0","height":"167","architecture":"aarch81","width":"167","resolution":"1080 x 1920","ram":"1,37 GB","sdkVersion":"2212","product":"LUA-U22","devMode":"0"}: Status code not OK,http://52.13.174.6/sheeda/admin/api/startNewAdSession_2 API has failed at 14 Forbidden
{"appKey":"003a31fb156ba9c1d390ff47ddd5f910","osVersion":"4.3","orientation":"0","is_mac":"0","model":"E3372","deviceID":"168","telco_operator":"Metfone","cpu":"0","brand":"iPhone","userConsent":"0","internet_connectivity":"0","height":"167","architecture":"aarch81","width":"167","resolution":"1080 x 1920","ram":"1,37 GB","sdkVersion":"2212","product":"LUA-U22","devMode":"0"}: message value is other then completed,http://52.13.174.6/sheeda/admin/api/startNewAdSession_2api is failed
{"appKey":"003ac3c432ddccd02f2c4a27be8dfb95","osVersion":"4.2","orientation":"0","is_mac":"0","model":"iphone 3GS","deviceID":"124","telco_operator":" Ooredoo","cpu":"0","brand":"OPPO","userConsent":"0","internet_connectivity":"0","height":"149","architecture":"armv64","width":"149","resolution":"1440 x 2960","ram":"3.69 GB","sdkVersion":"39","product":"BKK-LX2","devMode":"0"}: Status code forbidden, internet connectivity not availablehttp://52.13.174.6/sheeda/admin/api/startNewAdSession_2 please check your internet connection 15
{"appKey":"003ac3c432ddccd02f2c4a27be8dfb95","osVersion":"4.2","orientation":"0","is_mac":"0","model":"iphone 3GS","deviceID":"124","telco_operator":" Ooredoo","cpu":"0","brand":"OPPO","userConsent":"0","internet_connectivity":"0","height":"149","architecture":"armv64","width":"149","resolution":"1440 x 2960","ram":"3.69 GB","sdkVersion":"39","product":"BKK-LX2","devMode":"0"}: Status code not OK,http://52.13.174.6/sheeda/admin/api/startNewAdSession_2 API has failed at 15 Forbidden
{"appKey":"003ac3c432ddccd02f2c4a27be8dfb95","osVersion":"4.2","orientation":"0","is_mac":"0","model":"iphone 3GS","deviceID":"124","telco_operator":" Ooredoo","cpu":"0","brand":"OPPO","userConsent":"0","internet_connectivity":"0","height":"149","architecture":"armv64","width":"149","resolution":"1440 x 2960","ram":"3.69 GB","sdkVersion":"39","product":"BKK-LX2","devMode":"0"}: message value is other then completed,http://52.13.174.6/sheeda/admin/api/startNewAdSession_2api is failed
{"appKey":"003e87daef54e5a06f16b09d011f49c0","osVersion":"9.0","orientation":"0","is_mac":"0","model":"GT-Nnnn0","deviceID":"797","telco_operator":"","cpu":"0","brand":"HUAWEI","userConsent":"0","internet_connectivity":"0","height":"418","architecture":"","width":"418","resolution":"1280x720","ram":"953,45 MB","sdkVersion":"2106","product":"j7xeltexx","devMode":"0"}: Status code forbidden, internet connectivity not availablehttp://52.13.174.6/sheeda/admin/api/startNewAdSession_2 please check your internet connection 16
{"appKey":"003e87daef54e5a06f16b09d011f49c0","osVersion":"9.0","orientation":"0","is_mac":"0","model":"GT-Nnnn0","deviceID":"797","telco_operator":"","cpu":"0","brand":"HUAWEI","userConsent":"0","internet_connectivity":"0","height":"418","architecture":"","width":"418","resolution":"1280x720","ram":"953,45 MB","sdkVersion":"2106","product":"j7xeltexx","devMode":"0"}: Status code not OK,http://52.13.174.6/sheeda/admin/api/startNewAdSession_2 API has failed at 16 Forbidden
{"appKey":"003e87daef54e5a06f16b09d011f49c0","osVersion":"9.0","orientation":"0","is_mac":"0","model":"GT-Nnnn0","deviceID":"797","telco_operator":"","cpu":"0","brand":"HUAWEI","userConsent":"0","internet_connectivity":"0","height":"418","architecture":"","width":"418","resolution":"1280x720","ram":"953,45 MB","sdkVersion":"2106","product":"j7xeltexx","devMode":"0"}: message value is other then completed,http://52.13.174.6/sheeda/admin/api/startNewAdSession_2api is failed
{"appKey":"0044e5eb4358836589c2b67d0194a6d4","osVersion":"8.0","orientation":"0","is_mac":"0","model":"SM-Nnn0","deviceID":"38","telco_operator":"Azercell","cpu":"0","brand":"Xiaomi","userConsent":"0","internet_connectivity":"0","height":"115","architecture":"0","width":"115","resolution":"1196x720","ram":"3.51 GB ","sdkVersion":"2216","product":"mido","devMode":"0"}: Status code forbidden, internet connectivity not availablehttp://52.13.174.6/sheeda/admin/api/startNewAdSession_2 please check your internet connection 17
{"appKey":"0044e5eb4358836589c2b67d0194a6d4","osVersion":"8.0","orientation":"0","is_mac":"0","model":"SM-Nnn0","deviceID":"38","telco_operator":"Azercell","cpu":"0","brand":"Xiaomi","userConsent":"0","internet_connectivity":"0","height":"115","architecture":"0","width":"115","resolution":"1196x720","ram":"3.51 GB ","sdkVersion":"2216","product":"mido","devMode":"0"}: Status code not OK,http://52.13.174.6/sheeda/admin/api/startNewAdSession_2 API has failed at 17 Forbidden
{"appKey":"0044e5eb4358836589c2b67d0194a6d4","osVersion":"8.0","orientation":"0","is_mac":"0","model":"SM-Nnn0","deviceID":"38","telco_operator":"Azercell","cpu":"0","brand":"Xiaomi","userConsent":"0","internet_connectivity":"0","height":"115","architecture":"0","width":"115","resolution":"1196x720","ram":"3.51 GB ","sdkVersion":"2216","product":"mido","devMode":"0"}: message value is other then completed,http://52.13.174.6/sheeda/admin/api/startNewAdSession_2api is failed
{"appKey":"00471fdb26ac4c7ad99fd12b01a9c598","osVersion":"7.0","orientation":"0","is_mac":"0","model":"GT-Snnn0","deviceID":"801","telco_operator":"Oi","cpu":"0","brand":"HONOR","userConsent":"0","internet_connectivity":"0","height":"420","architecture":"aarch64","width":"420","resolution":"1436x720","ram":"1.77 GB","sdkVersion":"39","product":"STK-L21M","devMode":"0"}: Status code forbidden, internet connectivity not availablehttp://52.13.174.6/sheeda/admin/api/startNewAdSession_2 please check your internet connection 18
{"appKey":"00471fdb26ac4c7ad99fd12b01a9c598","osVersion":"7.0","orientation":"0","is_mac":"0","model":"GT-Snnn0","deviceID":"801","telco_operator":"Oi","cpu":"0","brand":"HONOR","userConsent":"0","internet_connectivity":"0","height":"420","architecture":"aarch64","width":"420","resolution":"1436x720","ram":"1.77 GB","sdkVersion":"39","product":"STK-L21M","devMode":"0"}: Status code not OK,http://52.13.174.6/sheeda/admin/api/startNewAdSession_2 API has failed at 18 Forbidden
{"appKey":"00471fdb26ac4c7ad99fd12b01a9c598","osVersion":"7.0","orientation":"0","is_mac":"0","model":"GT-Snnn0","deviceID":"801","telco_operator":"Oi","cpu":"0","brand":"HONOR","userConsent":"0","internet_connectivity":"0","height":"420","architecture":"aarch64","width":"420","resolution":"1436x720","ram":"1.77 GB","sdkVersion":"39","product":"STK-L21M","devMode":"0"}: message value is other then completed,http://52.13.174.6/sheeda/admin/api/startNewAdSession_2api is failed
{"appKey":"0052e87419f4d976c138fb3c086c6074","osVersion":"6.0","orientation":"0","is_mac":"0","model":"GT-Snnn2","deviceID":"401","telco_operator":"Maroc","cpu":"0","brand":"vivo","userConsent":"0","internet_connectivity":"0","height":"260","architecture":"armv8l","width":"260","resolution":"1344x720","ram":"1.68 GB","sdkVersion":"2151","product":"aosp_arm","devMode":"0"}: Status code forbidden, internet connectivity not availablehttp://52.13.174.6/sheeda/admin/api/startNewAdSession_2 please check your internet connection 19
{"appKey":"0052e87419f4d976c138fb3c086c6074","osVersion":"6.0","orientation":"0","is_mac":"0","model":"GT-Snnn2","deviceID":"401","telco_operator":"Maroc","cpu":"0","brand":"vivo","userConsent":"0","internet_connectivity":"0","height":"260","architecture":"armv8l","width":"260","resolution":"1344x720","ram":"1.68 GB","sdkVersion":"2151","product":"aosp_arm","devMode":"0"}: Status code not OK,http://52.13.174.6/sheeda/admin/api/startNewAdSession_2 API has failed at 19 Forbidden
{"appKey":"0052e87419f4d976c138fb3c086c6074","osVersion":"6.0","orientation":"0","is_mac":"0","model":"GT-Snnn2","deviceID":"401","telco_operator":"Maroc","cpu":"0","brand":"vivo","userConsent":"0","internet_connectivity":"0","height":"260","architecture":"armv8l","width":"260","resolution":"1344x720","ram":"1.68 GB","sdkVersion":"2151","product":"aosp_arm","devMode":"0"}: message value is other then completed,http://52.13.174.6/sheeda/admin/api/startNewAdSession_2api is failed
mode value is set

 Aspect ratio value is correct
sentry_log value is set
Session token value is set

{"appKey":"005a1d7bbcf1906ecde3fbb61ad53ac3","osVersion":"4.4","orientation":"0","is_mac":"0","model":"E5673","deviceID":"120","telco_operator":"airtel","cpu":"0","brand":"realme","userConsent":"0","internet_connectivity":"0","height":"148","architecture":"aarch81","width":"148","resolution":"1387x720","ram":"2.75 GB","sdkVersion":"2056","product":"iPhone","devMode":"0"}: Status code forbidden, internet connectivity not availablehttp://52.13.174.6/sheeda/admin/api/startNewAdSession_2 please check your internet connection 21
{"appKey":"005a1d7bbcf1906ecde3fbb61ad53ac3","osVersion":"4.4","orientation":"0","is_mac":"0","model":"E5673","deviceID":"120","telco_operator":"airtel","cpu":"0","brand":"realme","userConsent":"0","internet_connectivity":"0","height":"148","architecture":"aarch81","width":"148","resolution":"1387x720","ram":"2.75 GB","sdkVersion":"2056","product":"iPhone","devMode":"0"}: Status code not OK,http://52.13.174.6/sheeda/admin/api/startNewAdSession_2 API has failed at 21 Forbidden
{"appKey":"005a1d7bbcf1906ecde3fbb61ad53ac3","osVersion":"4.4","orientation":"0","is_mac":"0","model":"E5673","deviceID":"120","telco_operator":"airtel","cpu":"0","brand":"realme","userConsent":"0","internet_connectivity":"0","height":"148","architecture":"aarch81","width":"148","resolution":"1387x720","ram":"2.75 GB","sdkVersion":"2056","product":"iPhone","devMode":"0"}: message value is other then completed,http://52.13.174.6/sheeda/admin/api/startNewAdSession_2api is failed
{"appKey":"005be97fcd809104f05a0543dc19a96f","osVersion":"4.3","orientation":"0","is_mac":"0","model":"E3372","deviceID":"915","telco_operator":"Metfone","cpu":"0","brand":"iPhone","userConsent":"0","internet_connectivity":"0","height":"466","architecture":"aarch81","width":"466","resolution":"1080 x 1920","ram":"1,37 GB","sdkVersion":"39","product":"LUA-U22","devMode":"0"}: Status code forbidden, internet connectivity not availablehttp://52.13.174.6/sheeda/admin/api/startNewAdSession_2 please check your internet connection 22
{"appKey":"005be97fcd809104f05a0543dc19a96f","osVersion":"4.3","orientation":"0","is_mac":"0","model":"E3372","deviceID":"915","telco_operator":"Metfone","cpu":"0","brand":"iPhone","userConsent":"0","internet_connectivity":"0","height":"466","architecture":"aarch81","width":"466","resolution":"1080 x 1920","ram":"1,37 GB","sdkVersion":"39","product":"LUA-U22","devMode":"0"}: Status code not OK,http://52.13.174.6/sheeda/admin/api/startNewAdSession_2 API has failed at 22 Forbidden
{"appKey":"005be97fcd809104f05a0543dc19a96f","osVersion":"4.3","orientation":"0","is_mac":"0","model":"E3372","deviceID":"915","telco_operator":"Metfone","cpu":"0","brand":"iPhone","userConsent":"0","internet_connectivity":"0","height":"466","architecture":"aarch81","width":"466","resolution":"1080 x 1920","ram":"1,37 GB","sdkVersion":"39","product":"LUA-U22","devMode":"0"}: message value is other then completed,http://52.13.174.6/sheeda/admin/api/startNewAdSession_2api is failed
{"appKey":"006007905d69c7c3bfc38b08198afcf8","osVersion":"4.2","orientation":"0","is_mac":"0","model":"iphone 3GS","deviceID":"389","telco_operator":" Ooredoo","cpu":"0","brand":"OPPO","userConsent":"0","internet_connectivity":"0","height":"255","architecture":"armv64","width":"255","resolution":"1440 x 2960","ram":"3.69 GB","sdkVersion":"2056","product":"BKK-LX2","devMode":"0"}: Status code forbidden, internet connectivity not availablehttp://52.13.174.6/sheeda/admin/api/startNewAdSession_2 please check your internet connection 23
{"appKey":"006007905d69c7c3bfc38b08198afcf8","osVersion":"4.2","orientation":"0","is_mac":"0","model":"iphone 3GS","deviceID":"389","telco_operator":" Ooredoo","cpu":"0","brand":"OPPO","userConsent":"0","internet_connectivity":"0","height":"255","architecture":"armv64","width":"255","resolution":"1440 x 2960","ram":"3.69 GB","sdkVersion":"2056","product":"BKK-LX2","devMode":"0"}: Status code not OK,http://52.13.174.6/sheeda/admin/api/startNewAdSession_2 API has failed at 23 Forbidden
{"appKey":"006007905d69c7c3bfc38b08198afcf8","osVersion":"4.2","orientation":"0","is_mac":"0","model":"iphone 3GS","deviceID":"389","telco_operator":" Ooredoo","cpu":"0","brand":"OPPO","userConsent":"0","internet_connectivity":"0","height":"255","architecture":"armv64","width":"255","resolution":"1440 x 2960","ram":"3.69 GB","sdkVersion":"2056","product":"BKK-LX2","devMode":"0"}: message value is other then completed,http://52.13.174.6/sheeda/admin/api/startNewAdSession_2api is failed
{"appKey":"0065f922b6a67353ac14be778cdfd42c","osVersion":"9.0","orientation":"0","is_mac":"0","model":"GT-Nnnn0","deviceID":"825","telco_operator":"","cpu":"0","brand":"HUAWEI","userConsent":"0","internet_connectivity":"0","height":"430","architecture":"","width":"430","resolution":"1280x720","ram":"953,45 MB","sdkVersion":"2151","product":"j7xeltexx","devMode":"0"}: Status code forbidden, internet connectivity not availablehttp://52.13.174.6/sheeda/admin/api/startNewAdSession_2 please check your internet connection 24
{"appKey":"0065f922b6a67353ac14be778cdfd42c","osVersion":"9.0","orientation":"0","is_mac":"0","model":"GT-Nnnn0","deviceID":"825","telco_operator":"","cpu":"0","brand":"HUAWEI","userConsent":"0","internet_connectivity":"0","height":"430","architecture":"","width":"430","resolution":"1280x720","ram":"953,45 MB","sdkVersion":"2151","product":"j7xeltexx","devMode":"0"}: Status code not OK,http://52.13.174.6/sheeda/admin/api/startNewAdSession_2 API has failed at 24 Forbidden
{"appKey":"0065f922b6a67353ac14be778cdfd42c","osVersion":"9.0","orientation":"0","is_mac":"0","model":"GT-Nnnn0","deviceID":"825","telco_operator":"","cpu":"0","brand":"HUAWEI","userConsent":"0","internet_connectivity":"0","height":"430","architecture":"","width":"430","resolution":"1280x720","ram":"953,45 MB","sdkVersion":"2151","product":"j7xeltexx","devMode":"0"}: message value is other then completed,http://52.13.174.6/sheeda/admin/api/startNewAdSession_2api is failed
{"appKey":"0069e2f8ff4b2535bf0b0f4bb4b26b2e","osVersion":"8.0","orientation":"0","is_mac":"0","model":"SM-Nnn0","deviceID":"338","telco_operator":"Azercell","cpu":"0","brand":"Xiaomi","userConsent":"0","internet_connectivity":"0","height":"235","architecture":"0","width":"235","resolution":"1196x720","ram":"3.51 GB ","sdkVersion":"2106","product":"mido","devMode":"0"}: Status code forbidden, internet connectivity not availablehttp://52.13.174.6/sheeda/admin/api/startNewAdSession_2 please check your internet connection 25
{"appKey":"0069e2f8ff4b2535bf0b0f4bb4b26b2e","osVersion":"8.0","orientation":"0","is_mac":"0","model":"SM-Nnn0","deviceID":"338","telco_operator":"Azercell","cpu":"0","brand":"Xiaomi","userConsent":"0","internet_connectivity":"0","height":"235","architecture":"0","width":"235","resolution":"1196x720","ram":"3.51 GB ","sdkVersion":"2106","product":"mido","devMode":"0"}: Status code not OK,http://52.13.174.6/sheeda/admin/api/startNewAdSession_2 API has failed at 25 Forbidden
{"appKey":"0069e2f8ff4b2535bf0b0f4bb4b26b2e","osVersion":"8.0","orientation":"0","is_mac":"0","model":"SM-Nnn0","deviceID":"338","telco_operator":"Azercell","cpu":"0","brand":"Xiaomi","userConsent":"0","internet_connectivity":"0","height":"235","architecture":"0","width":"235","resolution":"1196x720","ram":"3.51 GB ","sdkVersion":"2106","product":"mido","devMode":"0"}: message value is other then completed,http://52.13.174.6/sheeda/admin/api/startNewAdSession_2api is failed
mode value is set

 Aspect ratio value is correct
sentry_log value is set
Session token value is set

{"appKey":"0089de0074c9c018605188bf725d63c7","osVersion":"6.0","orientation":"0","is_mac":"0","model":"GT-Snnn2","deviceID":"736","telco_operator":"Maroc","cpu":"0","brand":"vivo","userConsent":"0","internet_connectivity":"0","height":"394","architecture":"armv8l","width":"394","resolution":"1344x720","ram":"1.68 GB","sdkVersion":"2237","product":"aosp_arm","devMode":"0"}: Status code forbidden, internet connectivity not availablehttp://52.13.174.6/sheeda/admin/api/startNewAdSession_2 please check your internet connection 27
{"appKey":"0089de0074c9c018605188bf725d63c7","osVersion":"6.0","orientation":"0","is_mac":"0","model":"GT-Snnn2","deviceID":"736","telco_operator":"Maroc","cpu":"0","brand":"vivo","userConsent":"0","internet_connectivity":"0","height":"394","architecture":"armv8l","width":"394","resolution":"1344x720","ram":"1.68 GB","sdkVersion":"2237","product":"aosp_arm","devMode":"0"}: Status code not OK,http://52.13.174.6/sheeda/admin/api/startNewAdSession_2 API has failed at 27 Forbidden
{"appKey":"0089de0074c9c018605188bf725d63c7","osVersion":"6.0","orientation":"0","is_mac":"0","model":"GT-Snnn2","deviceID":"736","telco_operator":"Maroc","cpu":"0","brand":"vivo","userConsent":"0","internet_connectivity":"0","height":"394","architecture":"armv8l","width":"394","resolution":"1344x720","ram":"1.68 GB","sdkVersion":"2237","product":"aosp_arm","devMode":"0"}: message value is other then completed,http://52.13.174.6/sheeda/admin/api/startNewAdSession_2api is failed
{"appKey":"008e67db746a628971d2387d0ad3903c","osVersion":"5.0","orientation":"0","is_mac":"0","model":"xiaomi Mi 4s","deviceID":"890","telco_operator":"Telecom","cpu":"0","brand":"samsung","userConsent":"0","internet_connectivity":"0","height":"456","architecture":"armv7l,","width":"456","resolution":"1024x552","ram":"3.68 GB","sdkVersion":"2106","product":"potter","devMode":"0"}: Status code forbidden, internet connectivity not availablehttp://52.13.174.6/sheeda/admin/api/startNewAdSession_2 please check your internet connection 28
{"appKey":"008e67db746a628971d2387d0ad3903c","osVersion":"5.0","orientation":"0","is_mac":"0","model":"xiaomi Mi 4s","deviceID":"890","telco_operator":"Telecom","cpu":"0","brand":"samsung","userConsent":"0","internet_connectivity":"0","height":"456","architecture":"armv7l,","width":"456","resolution":"1024x552","ram":"3.68 GB","sdkVersion":"2106","product":"potter","devMode":"0"}: Status code not OK,http://52.13.174.6/sheeda/admin/api/startNewAdSession_2 API has failed at 28 Forbidden
{"appKey":"008e67db746a628971d2387d0ad3903c","osVersion":"5.0","orientation":"0","is_mac":"0","model":"xiaomi Mi 4s","deviceID":"890","telco_operator":"Telecom","cpu":"0","brand":"samsung","userConsent":"0","internet_connectivity":"0","height":"456","architecture":"armv7l,","width":"456","resolution":"1024x552","ram":"3.68 GB","sdkVersion":"2106","product":"potter","devMode":"0"}: message value is other then completed,http://52.13.174.6/sheeda/admin/api/startNewAdSession_2api is failed
{"appKey":"008e822aa3ad50d71198173f790c69b4","osVersion":"4.4","orientation":"0","is_mac":"0","model":"E5673","deviceID":"848","telco_operator":"airtel","cpu":"0","brand":"realme","userConsent":"0","internet_connectivity":"0","height":"439","architecture":"aarch81","width":"439","resolution":"1387x720","ram":"2.75 GB","sdkVersion":"39","product":"iPhone","devMode":"0"}: Status code forbidden, internet connectivity not availablehttp://52.13.174.6/sheeda/admin/api/startNewAdSession_2 please check your internet connection 29
{"appKey":"008e822aa3ad50d71198173f790c69b4","osVersion":"4.4","orientation":"0","is_mac":"0","model":"E5673","deviceID":"848","telco_operator":"airtel","cpu":"0","brand":"realme","userConsent":"0","internet_connectivity":"0","height":"439","architecture":"aarch81","width":"439","resolution":"1387x720","ram":"2.75 GB","sdkVersion":"39","product":"iPhone","devMode":"0"}: Status code not OK,http://52.13.174.6/sheeda/admin/api/startNewAdSession_2 API has failed at 29 Forbidden
{"appKey":"008e822aa3ad50d71198173f790c69b4","osVersion":"4.4","orientation":"0","is_mac":"0","model":"E5673","deviceID":"848","telco_operator":"airtel","cpu":"0","brand":"realme","userConsent":"0","internet_connectivity":"0","height":"439","architecture":"aarch81","width":"439","resolution":"1387x720","ram":"2.75 GB","sdkVersion":"39","product":"iPhone","devMode":"0"}: message value is other then completed,http://52.13.174.6/sheeda/admin/api/startNewAdSession_2api is failed
{"appKey":"00935bc314ffec95b2283b192c68b5b8","osVersion":"4.3","orientation":"0","is_mac":"0","model":"E3372","deviceID":"358","telco_operator":"Metfone","cpu":"0","brand":"iPhone","userConsent":"0","internet_connectivity":"0","height":"243","architecture":"aarch81","width":"243","resolution":"1080 x 1920","ram":"1,37 GB","sdkVersion":"2056","product":"LUA-U22","devMode":"0"}: Status code forbidden, internet connectivity not availablehttp://52.13.174.6/sheeda/admin/api/startNewAdSession_2 please check your internet connection 30
{"appKey":"00935bc314ffec95b2283b192c68b5b8","osVersion":"4.3","orientation":"0","is_mac":"0","model":"E3372","deviceID":"358","telco_operator":"Metfone","cpu":"0","brand":"iPhone","userConsent":"0","internet_connectivity":"0","height":"243","architecture":"aarch81","width":"243","resolution":"1080 x 1920","ram":"1,37 GB","sdkVersion":"2056","product":"LUA-U22","devMode":"0"}: Status code not OK,http://52.13.174.6/sheeda/admin/api/startNewAdSession_2 API has failed at 30 Forbidden
{"appKey":"00935bc314ffec95b2283b192c68b5b8","osVersion":"4.3","orientation":"0","is_mac":"0","model":"E3372","deviceID":"358","telco_operator":"Metfone","cpu":"0","brand":"iPhone","userConsent":"0","internet_connectivity":"0","height":"243","architecture":"aarch81","width":"243","resolution":"1080 x 1920","ram":"1,37 GB","sdkVersion":"2056","product":"LUA-U22","devMode":"0"}: message value is other then completed,http://52.13.174.6/sheeda/admin/api/startNewAdSession_2api is failed
{"appKey":"0096820732ca931816a3bc90f621bfa5","osVersion":"4.2","orientation":"0","is_mac":"0","model":"iphone 3GS","deviceID":"316","telco_operator":" Ooredoo","cpu":"0","brand":"OPPO","userConsent":"0","internet_connectivity":"0","height":"226","architecture":"armv64","width":"226","resolution":"1440 x 2960","ram":"3.69 GB","sdkVersion":"26","product":"BKK-LX2","devMode":"0"}: Status code forbidden, internet connectivity not availablehttp://52.13.174.6/sheeda/admin/api/startNewAdSession_2 please check your internet connection 31
{"appKey":"0096820732ca931816a3bc90f621bfa5","osVersion":"4.2","orientation":"0","is_mac":"0","model":"iphone 3GS","deviceID":"316","telco_operator":" Ooredoo","cpu":"0","brand":"OPPO","userConsent":"0","internet_connectivity":"0","height":"226","architecture":"armv64","width":"226","resolution":"1440 x 2960","ram":"3.69 GB","sdkVersion":"26","product":"BKK-LX2","devMode":"0"}: Status code not OK,http://52.13.174.6/sheeda/admin/api/startNewAdSession_2 API has failed at 31 Forbidden
{"appKey":"0096820732ca931816a3bc90f621bfa5","osVersion":"4.2","orientation":"0","is_mac":"0","model":"iphone 3GS","deviceID":"316","telco_operator":" Ooredoo","cpu":"0","brand":"OPPO","userConsent":"0","internet_connectivity":"0","height":"226","architecture":"armv64","width":"226","resolution":"1440 x 2960","ram":"3.69 GB","sdkVersion":"26","product":"BKK-LX2","devMode":"0"}: message value is other then completed,http://52.13.174.6/sheeda/admin/api/startNewAdSession_2api is failed
mode value is set

 Aspect ratio value is correct
sentry_log value is set
Session token value is set

mode value is set

 Aspect ratio value is correct
sentry_log value is set
Session token value is set

{"appKey":"009e7fd62a094309d8dc3e29376a603c","osVersion":"7.0","orientation":"0","is_mac":"0","model":"GT-Snnn0","deviceID":"457","telco_operator":"Oi","cpu":"0","brand":"HONOR","userConsent":"0","internet_connectivity":"0","height":"282","architecture":"aarch64","width":"282","resolution":"1436x720","ram":"1.77 GB","sdkVersion":"2163","product":"STK-L21M","devMode":"0"}: Status code forbidden, internet connectivity not availablehttp://52.13.174.6/sheeda/admin/api/startNewAdSession_2 please check your internet connection 34
{"appKey":"009e7fd62a094309d8dc3e29376a603c","osVersion":"7.0","orientation":"0","is_mac":"0","model":"GT-Snnn0","deviceID":"457","telco_operator":"Oi","cpu":"0","brand":"HONOR","userConsent":"0","internet_connectivity":"0","height":"282","architecture":"aarch64","width":"282","resolution":"1436x720","ram":"1.77 GB","sdkVersion":"2163","product":"STK-L21M","devMode":"0"}: Status code not OK,http://52.13.174.6/sheeda/admin/api/startNewAdSession_2 API has failed at 34 Forbidden
{"appKey":"009e7fd62a094309d8dc3e29376a603c","osVersion":"7.0","orientation":"0","is_mac":"0","model":"GT-Snnn0","deviceID":"457","telco_operator":"Oi","cpu":"0","brand":"HONOR","userConsent":"0","internet_connectivity":"0","height":"282","architecture":"aarch64","width":"282","resolution":"1436x720","ram":"1.77 GB","sdkVersion":"2163","product":"STK-L21M","devMode":"0"}: message value is other then completed,http://52.13.174.6/sheeda/admin/api/startNewAdSession_2api is failed
{"appKey":"009fbd9b95d5362c0526a3ded9f4fae5","osVersion":"6.0","orientation":"0","is_mac":"0","model":"GT-Snnn2","deviceID":"862","telco_operator":"Maroc","cpu":"0","brand":"vivo","userConsent":"0","internet_connectivity":"0","height":"444","architecture":"armv8l","width":"444","resolution":"1344x720","ram":"1.68 GB","sdkVersion":"2151","product":"aosp_arm","devMode":"0"}: Status code forbidden, internet connectivity not availablehttp://52.13.174.6/sheeda/admin/api/startNewAdSession_2 please check your internet connection 35
{"appKey":"009fbd9b95d5362c0526a3ded9f4fae5","osVersion":"6.0","orientation":"0","is_mac":"0","model":"GT-Snnn2","deviceID":"862","telco_operator":"Maroc","cpu":"0","brand":"vivo","userConsent":"0","internet_connectivity":"0","height":"444","architecture":"armv8l","width":"444","resolution":"1344x720","ram":"1.68 GB","sdkVersion":"2151","product":"aosp_arm","devMode":"0"}: Status code not OK,http://52.13.174.6/sheeda/admin/api/startNewAdSession_2 API has failed at 35 Forbidden
{"appKey":"009fbd9b95d5362c0526a3ded9f4fae5","osVersion":"6.0","orientation":"0","is_mac":"0","model":"GT-Snnn2","deviceID":"862","telco_operator":"Maroc","cpu":"0","brand":"vivo","userConsent":"0","internet_connectivity":"0","height":"444","architecture":"armv8l","width":"444","resolution":"1344x720","ram":"1.68 GB","sdkVersion":"2151","product":"aosp_arm","devMode":"0"}: message value is other then completed,http://52.13.174.6/sheeda/admin/api/startNewAdSession_2api is failed
{"appKey":"00ab47cc1433ca2773b7d9c00484beed","osVersion":"5.0","orientation":"0","is_mac":"0","model":"xiaomi Mi 4s","deviceID":"657","telco_operator":"Telecom","cpu":"0","brand":"samsung","userConsent":"0","internet_connectivity":"0","height":"362","architecture":"armv7l,","width":"362","resolution":"1024x552","ram":"3.68 GB","sdkVersion":"2151","product":"potter","devMode":"0"}: Status code forbidden, internet connectivity not availablehttp://52.13.174.6/sheeda/admin/api/startNewAdSession_2 please check your internet connection 36
{"appKey":"00ab47cc1433ca2773b7d9c00484beed","osVersion":"5.0","orientation":"0","is_mac":"0","model":"xiaomi Mi 4s","deviceID":"657","telco_operator":"Telecom","cpu":"0","brand":"samsung","userConsent":"0","internet_connectivity":"0","height":"362","architecture":"armv7l,","width":"362","resolution":"1024x552","ram":"3.68 GB","sdkVersion":"2151","product":"potter","devMode":"0"}: Status code not OK,http://52.13.174.6/sheeda/admin/api/startNewAdSession_2 API has failed at 36 Forbidden
{"appKey":"00ab47cc1433ca2773b7d9c00484beed","osVersion":"5.0","orientation":"0","is_mac":"0","model":"xiaomi Mi 4s","deviceID":"657","telco_operator":"Telecom","cpu":"0","brand":"samsung","userConsent":"0","internet_connectivity":"0","height":"362","architecture":"armv7l,","width":"362","resolution":"1024x552","ram":"3.68 GB","sdkVersion":"2151","product":"potter","devMode":"0"}: message value is other then completed,http://52.13.174.6/sheeda/admin/api/startNewAdSession_2api is failed
mode value is set

 Aspect ratio value is correct
sentry_log value is set
Session token value is set

{"appKey":"00b641915001243f4ce280a0616127c4","osVersion":"4.3","orientation":"0","is_mac":"0","model":"E3372","deviceID":"710","telco_operator":"Metfone","cpu":"0","brand":"iPhone","userConsent":"0","internet_connectivity":"0","height":"384","architecture":"aarch81","width":"384","resolution":"1080 x 1920","ram":"1,37 GB","sdkVersion":"2151","product":"LUA-U22","devMode":"0"}: Status code forbidden, internet connectivity not availablehttp://52.13.174.6/sheeda/admin/api/startNewAdSession_2 please check your internet connection 38
{"appKey":"00b641915001243f4ce280a0616127c4","osVersion":"4.3","orientation":"0","is_mac":"0","model":"E3372","deviceID":"710","telco_operator":"Metfone","cpu":"0","brand":"iPhone","userConsent":"0","internet_connectivity":"0","height":"384","architecture":"aarch81","width":"384","resolution":"1080 x 1920","ram":"1,37 GB","sdkVersion":"2151","product":"LUA-U22","devMode":"0"}: Status code not OK,http://52.13.174.6/sheeda/admin/api/startNewAdSession_2 API has failed at 38 Forbidden
{"appKey":"00b641915001243f4ce280a0616127c4","osVersion":"4.3","orientation":"0","is_mac":"0","model":"E3372","deviceID":"710","telco_operator":"Metfone","cpu":"0","brand":"iPhone","userConsent":"0","internet_connectivity":"0","height":"384","architecture":"aarch81","width":"384","resolution":"1080 x 1920","ram":"1,37 GB","sdkVersion":"2151","product":"LUA-U22","devMode":"0"}: message value is other then completed,http://52.13.174.6/sheeda/admin/api/startNewAdSession_2api is failed
{"appKey":"00ba9719ad317b2d92a4d9986c0407d4","osVersion":"4.2","orientation":"0","is_mac":"0","model":"iphone 3GS","deviceID":"505","telco_operator":" Ooredoo","cpu":"0","brand":"OPPO","userConsent":"0","internet_connectivity":"0","height":"302","architecture":"armv64","width":"302","resolution":"1440 x 2960","ram":"3.69 GB","sdkVersion":"90","product":"BKK-LX2","devMode":"0"}: Status code forbidden, internet connectivity not availablehttp://52.13.174.6/sheeda/admin/api/startNewAdSession_2 please check your internet connection 39
{"appKey":"00ba9719ad317b2d92a4d9986c0407d4","osVersion":"4.2","orientation":"0","is_mac":"0","model":"iphone 3GS","deviceID":"505","telco_operator":" Ooredoo","cpu":"0","brand":"OPPO","userConsent":"0","internet_connectivity":"0","height":"302","architecture":"armv64","width":"302","resolution":"1440 x 2960","ram":"3.69 GB","sdkVersion":"90","product":"BKK-LX2","devMode":"0"}: Status code not OK,http://52.13.174.6/sheeda/admin/api/startNewAdSession_2 API has failed at 39 Forbidden
{"appKey":"00ba9719ad317b2d92a4d9986c0407d4","osVersion":"4.2","orientation":"0","is_mac":"0","model":"iphone 3GS","deviceID":"505","telco_operator":" Ooredoo","cpu":"0","brand":"OPPO","userConsent":"0","internet_connectivity":"0","height":"302","architecture":"armv64","width":"302","resolution":"1440 x 2960","ram":"3.69 GB","sdkVersion":"90","product":"BKK-LX2","devMode":"0"}: message value is other then completed,http://52.13.174.6/sheeda/admin/api/startNewAdSession_2api is failed
mode value is set

 Aspect ratio value is correct
sentry_log value is set
Session token value is set

{"appKey":"00d2bc4845ff04592d91f7d78425a576","osVersion":"8.0","orientation":"0","is_mac":"0","model":"SM-Nnn0","deviceID":"279","telco_operator":"Azercell","cpu":"0","brand":"Xiaomi","userConsent":"0","internet_connectivity":"0","height":"211","architecture":"0","width":"211","resolution":"1196x720","ram":"3.51 GB ","sdkVersion":"2163","product":"mido","devMode":"0"}: Status code forbidden, internet connectivity not availablehttp://52.13.174.6/sheeda/admin/api/startNewAdSession_2 please check your internet connection 41
{"appKey":"00d2bc4845ff04592d91f7d78425a576","osVersion":"8.0","orientation":"0","is_mac":"0","model":"SM-Nnn0","deviceID":"279","telco_operator":"Azercell","cpu":"0","brand":"Xiaomi","userConsent":"0","internet_connectivity":"0","height":"211","architecture":"0","width":"211","resolution":"1196x720","ram":"3.51 GB ","sdkVersion":"2163","product":"mido","devMode":"0"}: Status code not OK,http://52.13.174.6/sheeda/admin/api/startNewAdSession_2 API has failed at 41 Forbidden
{"appKey":"00d2bc4845ff04592d91f7d78425a576","osVersion":"8.0","orientation":"0","is_mac":"0","model":"SM-Nnn0","deviceID":"279","telco_operator":"Azercell","cpu":"0","brand":"Xiaomi","userConsent":"0","internet_connectivity":"0","height":"211","architecture":"0","width":"211","resolution":"1196x720","ram":"3.51 GB ","sdkVersion":"2163","product":"mido","devMode":"0"}: message value is other then completed,http://52.13.174.6/sheeda/admin/api/startNewAdSession_2api is failed
mode value is set

 Aspect ratio value is correct
sentry_log value is set
Session token value is set

{"appKey":"00da67afee9cf020903bd8c3e6f25287","osVersion":"6.0","orientation":"0","is_mac":"0","model":"GT-Snnn2","deviceID":"228","telco_operator":"Maroc","cpu":"0","brand":"vivo","userConsent":"0","internet_connectivity":"0","height":"191","architecture":"armv8l","width":"191","resolution":"1344x720","ram":"1.68 GB","sdkVersion":"39","product":"aosp_arm","devMode":"0"}: Status code forbidden, internet connectivity not availablehttp://52.13.174.6/sheeda/admin/api/startNewAdSession_2 please check your internet connection 43
{"appKey":"00da67afee9cf020903bd8c3e6f25287","osVersion":"6.0","orientation":"0","is_mac":"0","model":"GT-Snnn2","deviceID":"228","telco_operator":"Maroc","cpu":"0","brand":"vivo","userConsent":"0","internet_connectivity":"0","height":"191","architecture":"armv8l","width":"191","resolution":"1344x720","ram":"1.68 GB","sdkVersion":"39","product":"aosp_arm","devMode":"0"}: Status code not OK,http://52.13.174.6/sheeda/admin/api/startNewAdSession_2 API has failed at 43 Forbidden
{"appKey":"00da67afee9cf020903bd8c3e6f25287","osVersion":"6.0","orientation":"0","is_mac":"0","model":"GT-Snnn2","deviceID":"228","telco_operator":"Maroc","cpu":"0","brand":"vivo","userConsent":"0","internet_connectivity":"0","height":"191","architecture":"armv8l","width":"191","resolution":"1344x720","ram":"1.68 GB","sdkVersion":"39","product":"aosp_arm","devMode":"0"}: message value is other then completed,http://52.13.174.6/sheeda/admin/api/startNewAdSession_2api is failed
{"appKey":"00da919d00b35f9ef0f58c642a0157cc","osVersion":"5.0","orientation":"0","is_mac":"0","model":"xiaomi Mi 4s","deviceID":"828","telco_operator":"Telecom","cpu":"0","brand":"samsung","userConsent":"0","internet_connectivity":"0","height":"431","architecture":"armv7l,","width":"431","resolution":"1024x552","ram":"3.68 GB","sdkVersion":"2151","product":"potter","devMode":"0"}: Status code forbidden, internet connectivity not availablehttp://52.13.174.6/sheeda/admin/api/startNewAdSession_2 please check your internet connection 44
{"appKey":"00da919d00b35f9ef0f58c642a0157cc","osVersion":"5.0","orientation":"0","is_mac":"0","model":"xiaomi Mi 4s","deviceID":"828","telco_operator":"Telecom","cpu":"0","brand":"samsung","userConsent":"0","internet_connectivity":"0","height":"431","architecture":"armv7l,","width":"431","resolution":"1024x552","ram":"3.68 GB","sdkVersion":"2151","product":"potter","devMode":"0"}: Status code not OK,http://52.13.174.6/sheeda/admin/api/startNewAdSession_2 API has failed at 44 Forbidden
{"appKey":"00da919d00b35f9ef0f58c642a0157cc","osVersion":"5.0","orientation":"0","is_mac":"0","model":"xiaomi Mi 4s","deviceID":"828","telco_operator":"Telecom","cpu":"0","brand":"samsung","userConsent":"0","internet_connectivity":"0","height":"431","architecture":"armv7l,","width":"431","resolution":"1024x552","ram":"3.68 GB","sdkVersion":"2151","product":"potter","devMode":"0"}: message value is other then completed,http://52.13.174.6/sheeda/admin/api/startNewAdSession_2api is failed
{"appKey":"00db08cd3078a2f2ca8f8efaee0febd0","osVersion":"4.4","orientation":"0","is_mac":"0","model":"E5673","deviceID":"787","telco_operator":"airtel","cpu":"0","brand":"realme","userConsent":"0","internet_connectivity":"0","height":"414","architecture":"aarch81","width":"414","resolution":"1387x720","ram":"2.75 GB","sdkVersion":"39","product":"iPhone","devMode":"0"}: Status code forbidden, internet connectivity not availablehttp://52.13.174.6/sheeda/admin/api/startNewAdSession_2 please check your internet connection 45
{"appKey":"00db08cd3078a2f2ca8f8efaee0febd0","osVersion":"4.4","orientation":"0","is_mac":"0","model":"E5673","deviceID":"787","telco_operator":"airtel","cpu":"0","brand":"realme","userConsent":"0","internet_connectivity":"0","height":"414","architecture":"aarch81","width":"414","resolution":"1387x720","ram":"2.75 GB","sdkVersion":"39","product":"iPhone","devMode":"0"}: Status code not OK,http://52.13.174.6/sheeda/admin/api/startNewAdSession_2 API has failed at 45 Forbidden
{"appKey":"00db08cd3078a2f2ca8f8efaee0febd0","osVersion":"4.4","orientation":"0","is_mac":"0","model":"E5673","deviceID":"787","telco_operator":"airtel","cpu":"0","brand":"realme","userConsent":"0","internet_connectivity":"0","height":"414","architecture":"aarch81","width":"414","resolution":"1387x720","ram":"2.75 GB","sdkVersion":"39","product":"iPhone","devMode":"0"}: message value is other then completed,http://52.13.174.6/sheeda/admin/api/startNewAdSession_2api is failed
mode value is set

 Aspect ratio value is correct
sentry_log value is set
Session token value is set

{"appKey":"00e354cf703fab534e6ab9035dab484a","osVersion":"4.2","orientation":"0","is_mac":"0","model":"iphone 3GS","deviceID":"488","telco_operator":" Ooredoo","cpu":"0","brand":"OPPO","userConsent":"0","internet_connectivity":"0","height":"295","architecture":"armv64","width":"295","resolution":"1440 x 2960","ram":"3.69 GB","sdkVersion":"2151","product":"BKK-LX2","devMode":"0"}: Status code forbidden, internet connectivity not availablehttp://52.13.174.6/sheeda/admin/api/startNewAdSession_2 please check your internet connection 47
{"appKey":"00e354cf703fab534e6ab9035dab484a","osVersion":"4.2","orientation":"0","is_mac":"0","model":"iphone 3GS","deviceID":"488","telco_operator":" Ooredoo","cpu":"0","brand":"OPPO","userConsent":"0","internet_connectivity":"0","height":"295","architecture":"armv64","width":"295","resolution":"1440 x 2960","ram":"3.69 GB","sdkVersion":"2151","product":"BKK-LX2","devMode":"0"}: Status code not OK,http://52.13.174.6/sheeda/admin/api/startNewAdSession_2 API has failed at 47 Forbidden
{"appKey":"00e354cf703fab534e6ab9035dab484a","osVersion":"4.2","orientation":"0","is_mac":"0","model":"iphone 3GS","deviceID":"488","telco_operator":" Ooredoo","cpu":"0","brand":"OPPO","userConsent":"0","internet_connectivity":"0","height":"295","architecture":"armv64","width":"295","resolution":"1440 x 2960","ram":"3.69 GB","sdkVersion":"2151","product":"BKK-LX2","devMode":"0"}: message value is other then completed,http://52.13.174.6/sheeda/admin/api/startNewAdSession_2api is failed
{"appKey":"00eb10eaac9ee896a0fa30cfc0a79614","osVersion":"9.0","orientation":"0","is_mac":"0","model":"GT-Nnnn0","deviceID":"283","telco_operator":"","cpu":"0","brand":"HUAWEI","userConsent":"0","internet_connectivity":"0","height":"213","architecture":"","width":"213","resolution":"1280x720","ram":"953,45 MB","sdkVersion":"91","product":"j7xeltexx","devMode":"0"}: Status code forbidden, internet connectivity not availablehttp://52.13.174.6/sheeda/admin/api/startNewAdSession_2 please check your internet connection 48
{"appKey":"00eb10eaac9ee896a0fa30cfc0a79614","osVersion":"9.0","orientation":"0","is_mac":"0","model":"GT-Nnnn0","deviceID":"283","telco_operator":"","cpu":"0","brand":"HUAWEI","userConsent":"0","internet_connectivity":"0","height":"213","architecture":"","width":"213","resolution":"1280x720","ram":"953,45 MB","sdkVersion":"91","product":"j7xeltexx","devMode":"0"}: Status code not OK,http://52.13.174.6/sheeda/admin/api/startNewAdSession_2 API has failed at 48 Forbidden
{"appKey":"00eb10eaac9ee896a0fa30cfc0a79614","osVersion":"9.0","orientation":"0","is_mac":"0","model":"GT-Nnnn0","deviceID":"283","telco_operator":"","cpu":"0","brand":"HUAWEI","userConsent":"0","internet_connectivity":"0","height":"213","architecture":"","width":"213","resolution":"1280x720","ram":"953,45 MB","sdkVersion":"91","product":"j7xeltexx","devMode":"0"}: message value is other then completed,http://52.13.174.6/sheeda/admin/api/startNewAdSession_2api is failed
mode value is set

 Aspect ratio value is correct
sentry_log value is set
Session token value is set

</DebugTrace>
      </Output>
    </UnitTestResult>
    <UnitTestResult executionId="6caedb84-b5f6-4982-9c62-b293b41ca593" testId="f70c910a-cc07-24cb-0d1c-bc2c00fc396f" testName="G_SyncAppunityMainMethodCodeGenerator" computerName="DESKTOP-5AJ0SB3" duration="00:01:21.7868994" startTime="2020-12-31T12:35:20.2257329+05:00" endTime="2020-12-31T12:36:42.0176478+05:00" testType="13cdc9d9-ddb5-4fa4-a97d-d965ccfc6d4b" outcome="Passed" testListId="8c84fa94-04c1-424b-9868-57a2d4851a1d" relativeResultsDirectory="6caedb84-b5f6-4982-9c62-b293b41ca593">
      <Output>
        <DebugTrace>****************** http://52.13.174.6/sheeda/admin/api/startNewAdSession_2
****************** SELECT apps.package,apps.title,apps.companyID, apps.osID , users.userSignature, apps.appVersionCode, apps.appVersionName FROM apps 
 join users ON apps.companyID = users.companyID where apps.app_type = 'app' AND apps.sdkID &gt; 20 And users.isAdmin = 1 AND users.status = 1 ORDER BY companyID ASC
LIMIT 50



****************** 
****************** select adID from ads where ad_type != 'analytics';
****************** select adID from ads where ad_type != 'analytics' and ad_type ='interstitial'
****************** select adID from ads where ad_type != 'analytics' and ad_type ='banner'
****************** select adID from ads where ad_type != 'analytics' and ad_type ='native'
****************** select adID from ads where ad_type != 'analytics' and ad_type ='rewarded_video'
****************** SELECT sdkID, ver FROM `sdk_info` WHERE `description` LIKE '%mediation unity%' AND sdkID &gt; 2173 LIMIT 50
****************** 
****************** http://52.13.174.6/sheeda/admin/json/syncApp
****************** http://52.13.174.6/sheeda/admin/json/syncApp
{"package":"com.deg.underwater.impossible.car.stunts.driving.racing.game","title":"Underwater Fearless Car Racing Stunts Game","gssdkVersion":"6.1.1","sdkVersionID":"2174","sdkVersion":"2174","userSignature":"a31265023c3eb8a0e11a55e1b57f3b30","appVersionCode":"","appVersionName":"","totalSequences":"1","adsQueueType":"priority","gpRateUsURL":"","isHideAds":"0","childDirected":"1","mediationLog":"0","store":"41","sequences":[{"seqTitleID":"21","isFirstSkip":"False","failOverAdID":"0"," isFirstSkipRewardedVideo":"False"," bannerEnabled":"False","bannerPosition":"5","failOverAdIDBanner":"28","failOverAdIDNative":"27","failOverAdIDRewardedVideo":"4","nativeEnabled":"False","nativeWidth":"264","nativeHeight":"264","interstitialAndVideo":[{"adID":"0","adOrder":"8"}],"rewardedVideo":[{"adID":"4","adOrder":"8"}],"native":[{"adID":"27","adOrder":"8"}],"banner":[{"adID":"28","adOrder":"8"}],"icon":{"enabled":"False","adID":"59","size":"2"}}],"appAdnetwork":[{"adID":"0","isAdavailable":"1"},{"adID":"28","isAdavailable":"1"},{"adID":"27","isAdavailable":"1"},{"adID":"4","isAdavailable":"1"},{"adID":"59","isAdavailable":"1"}]}: Status code forbidden, internet connectivity not availablehttp://52.13.174.6/sheeda/admin/json/syncApp please check your internet connection 0
{"package":"com.deg.underwater.impossible.car.stunts.driving.racing.game","title":"Underwater Fearless Car Racing Stunts Game","gssdkVersion":"6.1.1","sdkVersionID":"2174","sdkVersion":"2174","userSignature":"a31265023c3eb8a0e11a55e1b57f3b30","appVersionCode":"","appVersionName":"","totalSequences":"1","adsQueueType":"priority","gpRateUsURL":"","isHideAds":"0","childDirected":"1","mediationLog":"0","store":"41","sequences":[{"seqTitleID":"21","isFirstSkip":"False","failOverAdID":"0"," isFirstSkipRewardedVideo":"False"," bannerEnabled":"False","bannerPosition":"5","failOverAdIDBanner":"28","failOverAdIDNative":"27","failOverAdIDRewardedVideo":"4","nativeEnabled":"False","nativeWidth":"264","nativeHeight":"264","interstitialAndVideo":[{"adID":"0","adOrder":"8"}],"rewardedVideo":[{"adID":"4","adOrder":"8"}],"native":[{"adID":"27","adOrder":"8"}],"banner":[{"adID":"28","adOrder":"8"}],"icon":{"enabled":"False","adID":"59","size":"2"}}],"appAdnetwork":[{"adID":"0","isAdavailable":"1"},{"adID":"28","isAdavailable":"1"},{"adID":"27","isAdavailable":"1"},{"adID":"4","isAdavailable":"1"},{"adID":"59","isAdavailable":"1"}]}: Status code not OK,http://52.13.174.6/sheeda/admin/json/syncApp API has failed at 0 Forbidden{"message":"HTTP Error 401 - Unauthorized: Access is denied due to invalid credentials."}
{"package":"com.deg.underwater.impossible.car.stunts.driving.racing.game","title":"Underwater Fearless Car Racing Stunts Game","gssdkVersion":"6.1.1","sdkVersionID":"2174","sdkVersion":"2174","userSignature":"a31265023c3eb8a0e11a55e1b57f3b30","appVersionCode":"","appVersionName":"","totalSequences":"1","adsQueueType":"priority","gpRateUsURL":"","isHideAds":"0","childDirected":"1","mediationLog":"0","store":"41","sequences":[{"seqTitleID":"21","isFirstSkip":"False","failOverAdID":"0"," isFirstSkipRewardedVideo":"False"," bannerEnabled":"False","bannerPosition":"5","failOverAdIDBanner":"28","failOverAdIDNative":"27","failOverAdIDRewardedVideo":"4","nativeEnabled":"False","nativeWidth":"264","nativeHeight":"264","interstitialAndVideo":[{"adID":"0","adOrder":"8"}],"rewardedVideo":[{"adID":"4","adOrder":"8"}],"native":[{"adID":"27","adOrder":"8"}],"banner":[{"adID":"28","adOrder":"8"}],"icon":{"enabled":"False","adID":"59","size":"2"}}],"appAdnetwork":[{"adID":"0","isAdavailable":"1"},{"adID":"28","isAdavailable":"1"},{"adID":"27","isAdavailable":"1"},{"adID":"4","isAdavailable":"1"},{"adID":"59","isAdavailable":"1"}]}: http://52.13.174.6/sheeda/admin/json/syncAppAPI failed as it is not correct json response in content type 0{"message":"HTTP Error 401 - Unauthorized: Access is denied due to invalid credentials."}
****************** http://52.13.174.6/sheeda/admin/json/syncApp
****************** http://52.13.174.6/sheeda/admin/json/syncApp
{"package":"com.de.real.heavy.excavator.crane.transform.robot.war","title":"City Garbage Truck","gssdkVersion":"6.2.1","sdkVersionID":"2179","sdkVersion":"2179","userSignature":"a31265023c3eb8a0e11a55e1b57f3b30","appVersionCode":"","appVersionName":"","totalSequences":"1","adsQueueType":"priority","gpRateUsURL":"","isHideAds":"0","childDirected":"1","mediationLog":"0","store":"41","sequences":[{"seqTitleID":"15","isFirstSkip":"False","failOverAdID":"2"," isFirstSkipRewardedVideo":"False"," bannerEnabled":"False","bannerPosition":"3","failOverAdIDBanner":"42","failOverAdIDNative":"44","failOverAdIDRewardedVideo":"15","nativeEnabled":"False","nativeWidth":"212","nativeHeight":"212","interstitialAndVideo":[{"adID":"2","adOrder":"6"}],"rewardedVideo":[{"adID":"15","adOrder":"6"}],"native":[{"adID":"44","adOrder":"6"}],"banner":[{"adID":"42","adOrder":"6"}],"icon":{"enabled":"False","adID":"59","size":"2"}}],"appAdnetwork":[{"adID":"2","isAdavailable":"1"},{"adID":"42","isAdavailable":"1"},{"adID":"44","isAdavailable":"1"},{"adID":"15","isAdavailable":"1"},{"adID":"59","isAdavailable":"1"}]}: Status code forbidden, internet connectivity not availablehttp://52.13.174.6/sheeda/admin/json/syncApp please check your internet connection 1
{"package":"com.de.real.heavy.excavator.crane.transform.robot.war","title":"City Garbage Truck","gssdkVersion":"6.2.1","sdkVersionID":"2179","sdkVersion":"2179","userSignature":"a31265023c3eb8a0e11a55e1b57f3b30","appVersionCode":"","appVersionName":"","totalSequences":"1","adsQueueType":"priority","gpRateUsURL":"","isHideAds":"0","childDirected":"1","mediationLog":"0","store":"41","sequences":[{"seqTitleID":"15","isFirstSkip":"False","failOverAdID":"2"," isFirstSkipRewardedVideo":"False"," bannerEnabled":"False","bannerPosition":"3","failOverAdIDBanner":"42","failOverAdIDNative":"44","failOverAdIDRewardedVideo":"15","nativeEnabled":"False","nativeWidth":"212","nativeHeight":"212","interstitialAndVideo":[{"adID":"2","adOrder":"6"}],"rewardedVideo":[{"adID":"15","adOrder":"6"}],"native":[{"adID":"44","adOrder":"6"}],"banner":[{"adID":"42","adOrder":"6"}],"icon":{"enabled":"False","adID":"59","size":"2"}}],"appAdnetwork":[{"adID":"2","isAdavailable":"1"},{"adID":"42","isAdavailable":"1"},{"adID":"44","isAdavailable":"1"},{"adID":"15","isAdavailable":"1"},{"adID":"59","isAdavailable":"1"}]}: Status code not OK,http://52.13.174.6/sheeda/admin/json/syncApp API has failed at 1 Forbidden{"message":"HTTP Error 401 - Unauthorized: Access is denied due to invalid credentials."}
{"package":"com.de.real.heavy.excavator.crane.transform.robot.war","title":"City Garbage Truck","gssdkVersion":"6.2.1","sdkVersionID":"2179","sdkVersion":"2179","userSignature":"a31265023c3eb8a0e11a55e1b57f3b30","appVersionCode":"","appVersionName":"","totalSequences":"1","adsQueueType":"priority","gpRateUsURL":"","isHideAds":"0","childDirected":"1","mediationLog":"0","store":"41","sequences":[{"seqTitleID":"15","isFirstSkip":"False","failOverAdID":"2"," isFirstSkipRewardedVideo":"False"," bannerEnabled":"False","bannerPosition":"3","failOverAdIDBanner":"42","failOverAdIDNative":"44","failOverAdIDRewardedVideo":"15","nativeEnabled":"False","nativeWidth":"212","nativeHeight":"212","interstitialAndVideo":[{"adID":"2","adOrder":"6"}],"rewardedVideo":[{"adID":"15","adOrder":"6"}],"native":[{"adID":"44","adOrder":"6"}],"banner":[{"adID":"42","adOrder":"6"}],"icon":{"enabled":"False","adID":"59","size":"2"}}],"appAdnetwork":[{"adID":"2","isAdavailable":"1"},{"adID":"42","isAdavailable":"1"},{"adID":"44","isAdavailable":"1"},{"adID":"15","isAdavailable":"1"},{"adID":"59","isAdavailable":"1"}]}: http://52.13.174.6/sheeda/admin/json/syncAppAPI failed as it is not correct json response in content type 1{"message":"HTTP Error 401 - Unauthorized: Access is denied due to invalid credentials."}
****************** http://52.13.174.6/sheeda/admin/json/syncApp
****************** http://52.13.174.6/sheeda/admin/json/syncApp
{"package":"com.google.android.apps.searchlite","title":"Lingbe: Google Go: A lighter, faster way to search","gssdkVersion":"6.2.1","sdkVersionID":"2180","sdkVersion":"2180","userSignature":"a31265023c3eb8a0e11a55e1b57f3b30","appVersionCode":"","appVersionName":"","totalSequences":"1","adsQueueType":"priority","gpRateUsURL":"","isHideAds":"0","childDirected":"1","mediationLog":"0","store":"41","sequences":[{"seqTitleID":"17","isFirstSkip":"False","failOverAdID":"5"," isFirstSkipRewardedVideo":"False"," bannerEnabled":"False","bannerPosition":"4","failOverAdIDBanner":"43","failOverAdIDNative":"58","failOverAdIDRewardedVideo":"20","nativeEnabled":"False","nativeWidth":"229","nativeHeight":"229","interstitialAndVideo":[{"adID":"5","adOrder":"6"}],"rewardedVideo":[{"adID":"20","adOrder":"6"}],"native":[{"adID":"58","adOrder":"6"}],"banner":[{"adID":"43","adOrder":"6"}],"icon":{"enabled":"False","adID":"59","size":"2"}}],"appAdnetwork":[{"adID":"5","isAdavailable":"1"},{"adID":"43","isAdavailable":"1"},{"adID":"58","isAdavailable":"1"},{"adID":"20","isAdavailable":"1"},{"adID":"59","isAdavailable":"1"}]}: Status code forbidden, internet connectivity not availablehttp://52.13.174.6/sheeda/admin/json/syncApp please check your internet connection 2
{"package":"com.google.android.apps.searchlite","title":"Lingbe: Google Go: A lighter, faster way to search","gssdkVersion":"6.2.1","sdkVersionID":"2180","sdkVersion":"2180","userSignature":"a31265023c3eb8a0e11a55e1b57f3b30","appVersionCode":"","appVersionName":"","totalSequences":"1","adsQueueType":"priority","gpRateUsURL":"","isHideAds":"0","childDirected":"1","mediationLog":"0","store":"41","sequences":[{"seqTitleID":"17","isFirstSkip":"False","failOverAdID":"5"," isFirstSkipRewardedVideo":"False"," bannerEnabled":"False","bannerPosition":"4","failOverAdIDBanner":"43","failOverAdIDNative":"58","failOverAdIDRewardedVideo":"20","nativeEnabled":"False","nativeWidth":"229","nativeHeight":"229","interstitialAndVideo":[{"adID":"5","adOrder":"6"}],"rewardedVideo":[{"adID":"20","adOrder":"6"}],"native":[{"adID":"58","adOrder":"6"}],"banner":[{"adID":"43","adOrder":"6"}],"icon":{"enabled":"False","adID":"59","size":"2"}}],"appAdnetwork":[{"adID":"5","isAdavailable":"1"},{"adID":"43","isAdavailable":"1"},{"adID":"58","isAdavailable":"1"},{"adID":"20","isAdavailable":"1"},{"adID":"59","isAdavailable":"1"}]}: Status code not OK,http://52.13.174.6/sheeda/admin/json/syncApp API has failed at 2 Forbidden{"message":"HTTP Error 401 - Unauthorized: Access is denied due to invalid credentials."}
{"package":"com.google.android.apps.searchlite","title":"Lingbe: Google Go: A lighter, faster way to search","gssdkVersion":"6.2.1","sdkVersionID":"2180","sdkVersion":"2180","userSignature":"a31265023c3eb8a0e11a55e1b57f3b30","appVersionCode":"","appVersionName":"","totalSequences":"1","adsQueueType":"priority","gpRateUsURL":"","isHideAds":"0","childDirected":"1","mediationLog":"0","store":"41","sequences":[{"seqTitleID":"17","isFirstSkip":"False","failOverAdID":"5"," isFirstSkipRewardedVideo":"False"," bannerEnabled":"False","bannerPosition":"4","failOverAdIDBanner":"43","failOverAdIDNative":"58","failOverAdIDRewardedVideo":"20","nativeEnabled":"False","nativeWidth":"229","nativeHeight":"229","interstitialAndVideo":[{"adID":"5","adOrder":"6"}],"rewardedVideo":[{"adID":"20","adOrder":"6"}],"native":[{"adID":"58","adOrder":"6"}],"banner":[{"adID":"43","adOrder":"6"}],"icon":{"enabled":"False","adID":"59","size":"2"}}],"appAdnetwork":[{"adID":"5","isAdavailable":"1"},{"adID":"43","isAdavailable":"1"},{"adID":"58","isAdavailable":"1"},{"adID":"20","isAdavailable":"1"},{"adID":"59","isAdavailable":"1"}]}: http://52.13.174.6/sheeda/admin/json/syncAppAPI failed as it is not correct json response in content type 2{"message":"HTTP Error 401 - Unauthorized: Access is denied due to invalid credentials."}
****************** http://52.13.174.6/sheeda/admin/json/syncApp
****************** http://52.13.174.6/sheeda/admin/json/syncApp
{"package":"com.playink.splitvideointerstitial","title":"Split Video Interstitial","gssdkVersion":"v6.2.1","sdkVersionID":"2181","sdkVersion":"2181","userSignature":"a31265023c3eb8a0e11a55e1b57f3b30","appVersionCode":"1","appVersionName":"1.0","totalSequences":"1","adsQueueType":"priority","gpRateUsURL":"","isHideAds":"0","childDirected":"1","mediationLog":"0","store":"42","sequences":[{"seqTitleID":"3","isFirstSkip":"False","failOverAdID":"7"," isFirstSkipRewardedVideo":"False"," bannerEnabled":"False","bannerPosition":"1","failOverAdIDBanner":"45","failOverAdIDNative":"63","failOverAdIDRewardedVideo":"21","nativeEnabled":"False","nativeWidth":"118","nativeHeight":"118","interstitialAndVideo":[{"adID":"7","adOrder":"1"}],"rewardedVideo":[{"adID":"21","adOrder":"1"}],"native":[{"adID":"63","adOrder":"1"}],"banner":[{"adID":"45","adOrder":"1"}],"icon":{"enabled":"False","adID":"59","size":"1"}}],"appAdnetwork":[{"adID":"7","isAdavailable":"1"},{"adID":"45","isAdavailable":"1"},{"adID":"63","isAdavailable":"1"},{"adID":"21","isAdavailable":"1"},{"adID":"59","isAdavailable":"1"}]}: Status code forbidden, internet connectivity not availablehttp://52.13.174.6/sheeda/admin/json/syncApp please check your internet connection 3
{"package":"com.playink.splitvideointerstitial","title":"Split Video Interstitial","gssdkVersion":"v6.2.1","sdkVersionID":"2181","sdkVersion":"2181","userSignature":"a31265023c3eb8a0e11a55e1b57f3b30","appVersionCode":"1","appVersionName":"1.0","totalSequences":"1","adsQueueType":"priority","gpRateUsURL":"","isHideAds":"0","childDirected":"1","mediationLog":"0","store":"42","sequences":[{"seqTitleID":"3","isFirstSkip":"False","failOverAdID":"7"," isFirstSkipRewardedVideo":"False"," bannerEnabled":"False","bannerPosition":"1","failOverAdIDBanner":"45","failOverAdIDNative":"63","failOverAdIDRewardedVideo":"21","nativeEnabled":"False","nativeWidth":"118","nativeHeight":"118","interstitialAndVideo":[{"adID":"7","adOrder":"1"}],"rewardedVideo":[{"adID":"21","adOrder":"1"}],"native":[{"adID":"63","adOrder":"1"}],"banner":[{"adID":"45","adOrder":"1"}],"icon":{"enabled":"False","adID":"59","size":"1"}}],"appAdnetwork":[{"adID":"7","isAdavailable":"1"},{"adID":"45","isAdavailable":"1"},{"adID":"63","isAdavailable":"1"},{"adID":"21","isAdavailable":"1"},{"adID":"59","isAdavailable":"1"}]}: Status code not OK,http://52.13.174.6/sheeda/admin/json/syncApp API has failed at 3 Forbidden{"message":"HTTP Error 401 - Unauthorized: Access is denied due to invalid credentials."}
{"package":"com.playink.splitvideointerstitial","title":"Split Video Interstitial","gssdkVersion":"v6.2.1","sdkVersionID":"2181","sdkVersion":"2181","userSignature":"a31265023c3eb8a0e11a55e1b57f3b30","appVersionCode":"1","appVersionName":"1.0","totalSequences":"1","adsQueueType":"priority","gpRateUsURL":"","isHideAds":"0","childDirected":"1","mediationLog":"0","store":"42","sequences":[{"seqTitleID":"3","isFirstSkip":"False","failOverAdID":"7"," isFirstSkipRewardedVideo":"False"," bannerEnabled":"False","bannerPosition":"1","failOverAdIDBanner":"45","failOverAdIDNative":"63","failOverAdIDRewardedVideo":"21","nativeEnabled":"False","nativeWidth":"118","nativeHeight":"118","interstitialAndVideo":[{"adID":"7","adOrder":"1"}],"rewardedVideo":[{"adID":"21","adOrder":"1"}],"native":[{"adID":"63","adOrder":"1"}],"banner":[{"adID":"45","adOrder":"1"}],"icon":{"enabled":"False","adID":"59","size":"1"}}],"appAdnetwork":[{"adID":"7","isAdavailable":"1"},{"adID":"45","isAdavailable":"1"},{"adID":"63","isAdavailable":"1"},{"adID":"21","isAdavailable":"1"},{"adID":"59","isAdavailable":"1"}]}: http://52.13.174.6/sheeda/admin/json/syncAppAPI failed as it is not correct json response in content type 3{"message":"HTTP Error 401 - Unauthorized: Access is denied due to invalid credentials."}
****************** http://52.13.174.6/sheeda/admin/json/syncApp
****************** http://52.13.174.6/sheeda/admin/json/syncApp
{"package":"com.threed.army.prisoner.transport","title":"Army Prisoner Transport Plane","gssdkVersion":"v6.2.1","sdkVersionID":"2182","sdkVersion":"2182","userSignature":"a31265023c3eb8a0e11a55e1b57f3b30","appVersionCode":"","appVersionName":"","totalSequences":"1","adsQueueType":"priority","gpRateUsURL":"","isHideAds":"0","childDirected":"1","mediationLog":"0","store":"41","sequences":[{"seqTitleID":"14","isFirstSkip":"False","failOverAdID":"8"," isFirstSkipRewardedVideo":"False"," bannerEnabled":"False","bannerPosition":"3","failOverAdIDBanner":"49","failOverAdIDNative":"69","failOverAdIDRewardedVideo":"24","nativeEnabled":"False","nativeWidth":"206","nativeHeight":"206","interstitialAndVideo":[{"adID":"8","adOrder":"5"}],"rewardedVideo":[{"adID":"24","adOrder":"5"}],"native":[{"adID":"69","adOrder":"5"}],"banner":[{"adID":"49","adOrder":"5"}],"icon":{"enabled":"False","adID":"59","size":"2"}}],"appAdnetwork":[{"adID":"8","isAdavailable":"1"},{"adID":"49","isAdavailable":"1"},{"adID":"69","isAdavailable":"1"},{"adID":"24","isAdavailable":"1"},{"adID":"59","isAdavailable":"1"}]}: Status code forbidden, internet connectivity not availablehttp://52.13.174.6/sheeda/admin/json/syncApp please check your internet connection 4
{"package":"com.threed.army.prisoner.transport","title":"Army Prisoner Transport Plane","gssdkVersion":"v6.2.1","sdkVersionID":"2182","sdkVersion":"2182","userSignature":"a31265023c3eb8a0e11a55e1b57f3b30","appVersionCode":"","appVersionName":"","totalSequences":"1","adsQueueType":"priority","gpRateUsURL":"","isHideAds":"0","childDirected":"1","mediationLog":"0","store":"41","sequences":[{"seqTitleID":"14","isFirstSkip":"False","failOverAdID":"8"," isFirstSkipRewardedVideo":"False"," bannerEnabled":"False","bannerPosition":"3","failOverAdIDBanner":"49","failOverAdIDNative":"69","failOverAdIDRewardedVideo":"24","nativeEnabled":"False","nativeWidth":"206","nativeHeight":"206","interstitialAndVideo":[{"adID":"8","adOrder":"5"}],"rewardedVideo":[{"adID":"24","adOrder":"5"}],"native":[{"adID":"69","adOrder":"5"}],"banner":[{"adID":"49","adOrder":"5"}],"icon":{"enabled":"False","adID":"59","size":"2"}}],"appAdnetwork":[{"adID":"8","isAdavailable":"1"},{"adID":"49","isAdavailable":"1"},{"adID":"69","isAdavailable":"1"},{"adID":"24","isAdavailable":"1"},{"adID":"59","isAdavailable":"1"}]}: Status code not OK,http://52.13.174.6/sheeda/admin/json/syncApp API has failed at 4 Forbidden{"message":"HTTP Error 401 - Unauthorized: Access is denied due to invalid credentials."}
{"package":"com.threed.army.prisoner.transport","title":"Army Prisoner Transport Plane","gssdkVersion":"v6.2.1","sdkVersionID":"2182","sdkVersion":"2182","userSignature":"a31265023c3eb8a0e11a55e1b57f3b30","appVersionCode":"","appVersionName":"","totalSequences":"1","adsQueueType":"priority","gpRateUsURL":"","isHideAds":"0","childDirected":"1","mediationLog":"0","store":"41","sequences":[{"seqTitleID":"14","isFirstSkip":"False","failOverAdID":"8"," isFirstSkipRewardedVideo":"False"," bannerEnabled":"False","bannerPosition":"3","failOverAdIDBanner":"49","failOverAdIDNative":"69","failOverAdIDRewardedVideo":"24","nativeEnabled":"False","nativeWidth":"206","nativeHeight":"206","interstitialAndVideo":[{"adID":"8","adOrder":"5"}],"rewardedVideo":[{"adID":"24","adOrder":"5"}],"native":[{"adID":"69","adOrder":"5"}],"banner":[{"adID":"49","adOrder":"5"}],"icon":{"enabled":"False","adID":"59","size":"2"}}],"appAdnetwork":[{"adID":"8","isAdavailable":"1"},{"adID":"49","isAdavailable":"1"},{"adID":"69","isAdavailable":"1"},{"adID":"24","isAdavailable":"1"},{"adID":"59","isAdavailable":"1"}]}: http://52.13.174.6/sheeda/admin/json/syncAppAPI failed as it is not correct json response in content type 4{"message":"HTTP Error 401 - Unauthorized: Access is denied due to invalid credentials."}
****************** http://52.13.174.6/sheeda/admin/json/syncApp
****************** http://52.13.174.6/sheeda/admin/json/syncApp
{"package":"com.sx.bank.transit.security.transport.atm.cash.van.simulator.game","title":"Bank Cashier","gssdkVersion":"v6.2.1-1","sdkVersionID":"2185","sdkVersion":"2185","userSignature":"a31265023c3eb8a0e11a55e1b57f3b30","appVersionCode":"","appVersionName":"","totalSequences":"1","adsQueueType":"priority","gpRateUsURL":"","isHideAds":"0","childDirected":"1","mediationLog":"0","store":"41","sequences":[{"seqTitleID":"5","isFirstSkip":"False","failOverAdID":"12"," isFirstSkipRewardedVideo":"False"," bannerEnabled":"False","bannerPosition":"1","failOverAdIDBanner":"53","failOverAdIDNative":"74","failOverAdIDRewardedVideo":"25","nativeEnabled":"False","nativeWidth":"134","nativeHeight":"134","interstitialAndVideo":[{"adID":"12","adOrder":"2"}],"rewardedVideo":[{"adID":"25","adOrder":"2"}],"native":[{"adID":"74","adOrder":"2"}],"banner":[{"adID":"53","adOrder":"2"}],"icon":{"enabled":"False","adID":"59","size":"1"}}],"appAdnetwork":[{"adID":"12","isAdavailable":"1"},{"adID":"53","isAdavailable":"1"},{"adID":"74","isAdavailable":"1"},{"adID":"25","isAdavailable":"1"},{"adID":"59","isAdavailable":"1"}]}: Status code forbidden, internet connectivity not availablehttp://52.13.174.6/sheeda/admin/json/syncApp please check your internet connection 5
{"package":"com.sx.bank.transit.security.transport.atm.cash.van.simulator.game","title":"Bank Cashier","gssdkVersion":"v6.2.1-1","sdkVersionID":"2185","sdkVersion":"2185","userSignature":"a31265023c3eb8a0e11a55e1b57f3b30","appVersionCode":"","appVersionName":"","totalSequences":"1","adsQueueType":"priority","gpRateUsURL":"","isHideAds":"0","childDirected":"1","mediationLog":"0","store":"41","sequences":[{"seqTitleID":"5","isFirstSkip":"False","failOverAdID":"12"," isFirstSkipRewardedVideo":"False"," bannerEnabled":"False","bannerPosition":"1","failOverAdIDBanner":"53","failOverAdIDNative":"74","failOverAdIDRewardedVideo":"25","nativeEnabled":"False","nativeWidth":"134","nativeHeight":"134","interstitialAndVideo":[{"adID":"12","adOrder":"2"}],"rewardedVideo":[{"adID":"25","adOrder":"2"}],"native":[{"adID":"74","adOrder":"2"}],"banner":[{"adID":"53","adOrder":"2"}],"icon":{"enabled":"False","adID":"59","size":"1"}}],"appAdnetwork":[{"adID":"12","isAdavailable":"1"},{"adID":"53","isAdavailable":"1"},{"adID":"74","isAdavailable":"1"},{"adID":"25","isAdavailable":"1"},{"adID":"59","isAdavailable":"1"}]}: Status code not OK,http://52.13.174.6/sheeda/admin/json/syncApp API has failed at 5 Forbidden{"message":"HTTP Error 401 - Unauthorized: Access is denied due to invalid credentials."}
{"package":"com.sx.bank.transit.security.transport.atm.cash.van.simulator.game","title":"Bank Cashier","gssdkVersion":"v6.2.1-1","sdkVersionID":"2185","sdkVersion":"2185","userSignature":"a31265023c3eb8a0e11a55e1b57f3b30","appVersionCode":"","appVersionName":"","totalSequences":"1","adsQueueType":"priority","gpRateUsURL":"","isHideAds":"0","childDirected":"1","mediationLog":"0","store":"41","sequences":[{"seqTitleID":"5","isFirstSkip":"False","failOverAdID":"12"," isFirstSkipRewardedVideo":"False"," bannerEnabled":"False","bannerPosition":"1","failOverAdIDBanner":"53","failOverAdIDNative":"74","failOverAdIDRewardedVideo":"25","nativeEnabled":"False","nativeWidth":"134","nativeHeight":"134","interstitialAndVideo":[{"adID":"12","adOrder":"2"}],"rewardedVideo":[{"adID":"25","adOrder":"2"}],"native":[{"adID":"74","adOrder":"2"}],"banner":[{"adID":"53","adOrder":"2"}],"icon":{"enabled":"False","adID":"59","size":"1"}}],"appAdnetwork":[{"adID":"12","isAdavailable":"1"},{"adID":"53","isAdavailable":"1"},{"adID":"74","isAdavailable":"1"},{"adID":"25","isAdavailable":"1"},{"adID":"59","isAdavailable":"1"}]}: http://52.13.174.6/sheeda/admin/json/syncAppAPI failed as it is not correct json response in content type 5{"message":"HTTP Error 401 - Unauthorized: Access is denied due to invalid credentials."}
****************** http://52.13.174.6/sheeda/admin/json/syncApp
****************** http://52.13.174.6/sheeda/admin/json/syncApp
{"package":"com.playaction.flying.dog.animal.rescue","title":"Flying Super Dog Hero City Animal Rescue","gssdkVersion":"v6.3.1","sdkVersionID":"2193","sdkVersion":"2193","userSignature":"a31265023c3eb8a0e11a55e1b57f3b30","appVersionCode":"","appVersionName":"","totalSequences":"1","adsQueueType":"priority","gpRateUsURL":"","isHideAds":"0","childDirected":"1","mediationLog":"0","store":"41","sequences":[{"seqTitleID":"3","isFirstSkip":"False","failOverAdID":"18"," isFirstSkipRewardedVideo":"False"," bannerEnabled":"False","bannerPosition":"1","failOverAdIDBanner":"56","failOverAdIDNative":"75","failOverAdIDRewardedVideo":"26","nativeEnabled":"False","nativeWidth":"118","nativeHeight":"118","interstitialAndVideo":[{"adID":"18","adOrder":"1"}],"rewardedVideo":[{"adID":"26","adOrder":"1"}],"native":[{"adID":"75","adOrder":"1"}],"banner":[{"adID":"56","adOrder":"1"}],"icon":{"enabled":"False","adID":"59","size":"1"}}],"appAdnetwork":[{"adID":"18","isAdavailable":"1"},{"adID":"56","isAdavailable":"1"},{"adID":"75","isAdavailable":"1"},{"adID":"26","isAdavailable":"1"},{"adID":"59","isAdavailable":"1"}]}: Status code forbidden, internet connectivity not availablehttp://52.13.174.6/sheeda/admin/json/syncApp please check your internet connection 6
{"package":"com.playaction.flying.dog.animal.rescue","title":"Flying Super Dog Hero City Animal Rescue","gssdkVersion":"v6.3.1","sdkVersionID":"2193","sdkVersion":"2193","userSignature":"a31265023c3eb8a0e11a55e1b57f3b30","appVersionCode":"","appVersionName":"","totalSequences":"1","adsQueueType":"priority","gpRateUsURL":"","isHideAds":"0","childDirected":"1","mediationLog":"0","store":"41","sequences":[{"seqTitleID":"3","isFirstSkip":"False","failOverAdID":"18"," isFirstSkipRewardedVideo":"False"," bannerEnabled":"False","bannerPosition":"1","failOverAdIDBanner":"56","failOverAdIDNative":"75","failOverAdIDRewardedVideo":"26","nativeEnabled":"False","nativeWidth":"118","nativeHeight":"118","interstitialAndVideo":[{"adID":"18","adOrder":"1"}],"rewardedVideo":[{"adID":"26","adOrder":"1"}],"native":[{"adID":"75","adOrder":"1"}],"banner":[{"adID":"56","adOrder":"1"}],"icon":{"enabled":"False","adID":"59","size":"1"}}],"appAdnetwork":[{"adID":"18","isAdavailable":"1"},{"adID":"56","isAdavailable":"1"},{"adID":"75","isAdavailable":"1"},{"adID":"26","isAdavailable":"1"},{"adID":"59","isAdavailable":"1"}]}: Status code not OK,http://52.13.174.6/sheeda/admin/json/syncApp API has failed at 6 Forbidden{"message":"HTTP Error 401 - Unauthorized: Access is denied due to invalid credentials."}
{"package":"com.playaction.flying.dog.animal.rescue","title":"Flying Super Dog Hero City Animal Rescue","gssdkVersion":"v6.3.1","sdkVersionID":"2193","sdkVersion":"2193","userSignature":"a31265023c3eb8a0e11a55e1b57f3b30","appVersionCode":"","appVersionName":"","totalSequences":"1","adsQueueType":"priority","gpRateUsURL":"","isHideAds":"0","childDirected":"1","mediationLog":"0","store":"41","sequences":[{"seqTitleID":"3","isFirstSkip":"False","failOverAdID":"18"," isFirstSkipRewardedVideo":"False"," bannerEnabled":"False","bannerPosition":"1","failOverAdIDBanner":"56","failOverAdIDNative":"75","failOverAdIDRewardedVideo":"26","nativeEnabled":"False","nativeWidth":"118","nativeHeight":"118","interstitialAndVideo":[{"adID":"18","adOrder":"1"}],"rewardedVideo":[{"adID":"26","adOrder":"1"}],"native":[{"adID":"75","adOrder":"1"}],"banner":[{"adID":"56","adOrder":"1"}],"icon":{"enabled":"False","adID":"59","size":"1"}}],"appAdnetwork":[{"adID":"18","isAdavailable":"1"},{"adID":"56","isAdavailable":"1"},{"adID":"75","isAdavailable":"1"},{"adID":"26","isAdavailable":"1"},{"adID":"59","isAdavailable":"1"}]}: http://52.13.174.6/sheeda/admin/json/syncAppAPI failed as it is not correct json response in content type 6{"message":"HTTP Error 401 - Unauthorized: Access is denied due to invalid credentials."}
****************** http://52.13.174.6/sheeda/admin/json/syncApp
****************** http://52.13.174.6/sheeda/admin/json/syncApp
{"package":"com.burbn.instagram","title":"Instagram","gssdkVersion":"v6.3.1","sdkVersionID":"2194","sdkVersion":"2194","userSignature":"a31265023c3eb8a0e11a55e1b57f3b30","appVersionCode":"","appVersionName":"","totalSequences":"1","adsQueueType":"priority","gpRateUsURL":"","isHideAds":"0","childDirected":"1","mediationLog":"0","store":"42","sequences":[{"seqTitleID":"19","isFirstSkip":"False","failOverAdID":"19"," isFirstSkipRewardedVideo":"False"," bannerEnabled":"False","bannerPosition":"4","failOverAdIDBanner":"57","failOverAdIDNative":"78","failOverAdIDRewardedVideo":"32","nativeEnabled":"False","nativeWidth":"246","nativeHeight":"246","interstitialAndVideo":[{"adID":"19","adOrder":"7"}],"rewardedVideo":[{"adID":"32","adOrder":"7"}],"native":[{"adID":"78","adOrder":"7"}],"banner":[{"adID":"57","adOrder":"7"}],"icon":{"enabled":"False","adID":"59","size":"2"}}],"appAdnetwork":[{"adID":"19","isAdavailable":"1"},{"adID":"57","isAdavailable":"1"},{"adID":"78","isAdavailable":"1"},{"adID":"32","isAdavailable":"1"},{"adID":"59","isAdavailable":"1"}]}: Status code forbidden, internet connectivity not availablehttp://52.13.174.6/sheeda/admin/json/syncApp please check your internet connection 7
{"package":"com.burbn.instagram","title":"Instagram","gssdkVersion":"v6.3.1","sdkVersionID":"2194","sdkVersion":"2194","userSignature":"a31265023c3eb8a0e11a55e1b57f3b30","appVersionCode":"","appVersionName":"","totalSequences":"1","adsQueueType":"priority","gpRateUsURL":"","isHideAds":"0","childDirected":"1","mediationLog":"0","store":"42","sequences":[{"seqTitleID":"19","isFirstSkip":"False","failOverAdID":"19"," isFirstSkipRewardedVideo":"False"," bannerEnabled":"False","bannerPosition":"4","failOverAdIDBanner":"57","failOverAdIDNative":"78","failOverAdIDRewardedVideo":"32","nativeEnabled":"False","nativeWidth":"246","nativeHeight":"246","interstitialAndVideo":[{"adID":"19","adOrder":"7"}],"rewardedVideo":[{"adID":"32","adOrder":"7"}],"native":[{"adID":"78","adOrder":"7"}],"banner":[{"adID":"57","adOrder":"7"}],"icon":{"enabled":"False","adID":"59","size":"2"}}],"appAdnetwork":[{"adID":"19","isAdavailable":"1"},{"adID":"57","isAdavailable":"1"},{"adID":"78","isAdavailable":"1"},{"adID":"32","isAdavailable":"1"},{"adID":"59","isAdavailable":"1"}]}: Status code not OK,http://52.13.174.6/sheeda/admin/json/syncApp API has failed at 7 Forbidden{"message":"HTTP Error 401 - Unauthorized: Access is denied due to invalid credentials."}
{"package":"com.burbn.instagram","title":"Instagram","gssdkVersion":"v6.3.1","sdkVersionID":"2194","sdkVersion":"2194","userSignature":"a31265023c3eb8a0e11a55e1b57f3b30","appVersionCode":"","appVersionName":"","totalSequences":"1","adsQueueType":"priority","gpRateUsURL":"","isHideAds":"0","childDirected":"1","mediationLog":"0","store":"42","sequences":[{"seqTitleID":"19","isFirstSkip":"False","failOverAdID":"19"," isFirstSkipRewardedVideo":"False"," bannerEnabled":"False","bannerPosition":"4","failOverAdIDBanner":"57","failOverAdIDNative":"78","failOverAdIDRewardedVideo":"32","nativeEnabled":"False","nativeWidth":"246","nativeHeight":"246","interstitialAndVideo":[{"adID":"19","adOrder":"7"}],"rewardedVideo":[{"adID":"32","adOrder":"7"}],"native":[{"adID":"78","adOrder":"7"}],"banner":[{"adID":"57","adOrder":"7"}],"icon":{"enabled":"False","adID":"59","size":"2"}}],"appAdnetwork":[{"adID":"19","isAdavailable":"1"},{"adID":"57","isAdavailable":"1"},{"adID":"78","isAdavailable":"1"},{"adID":"32","isAdavailable":"1"},{"adID":"59","isAdavailable":"1"}]}: http://52.13.174.6/sheeda/admin/json/syncAppAPI failed as it is not correct json response in content type 7{"message":"HTTP Error 401 - Unauthorized: Access is denied due to invalid credentials."}
****************** http://52.13.174.6/sheeda/admin/json/syncApp
****************** http://52.13.174.6/sheeda/admin/json/syncApp
{"package":"com.yhi.wild.dinosaur.animal.family.survival.simulator.game","title":"Dinosaur Family Simulator","gssdkVersion":"v6.4.1","sdkVersionID":"2199","sdkVersion":"2199","userSignature":"a31265023c3eb8a0e11a55e1b57f3b30","appVersionCode":"","appVersionName":"","totalSequences":"1","adsQueueType":"priority","gpRateUsURL":"","isHideAds":"0","childDirected":"1","mediationLog":"0","store":"41","sequences":[{"seqTitleID":"14","isFirstSkip":"False","failOverAdID":"29"," isFirstSkipRewardedVideo":"False"," bannerEnabled":"False","bannerPosition":"3","failOverAdIDBanner":"68","failOverAdIDNative":"79","failOverAdIDRewardedVideo":"34","nativeEnabled":"False","nativeWidth":"206","nativeHeight":"206","interstitialAndVideo":[{"adID":"29","adOrder":"5"}],"rewardedVideo":[{"adID":"34","adOrder":"5"}],"native":[{"adID":"79","adOrder":"5"}],"banner":[{"adID":"68","adOrder":"5"}],"icon":{"enabled":"False","adID":"59","size":"2"}}],"appAdnetwork":[{"adID":"29","isAdavailable":"1"},{"adID":"68","isAdavailable":"1"},{"adID":"79","isAdavailable":"1"},{"adID":"34","isAdavailable":"1"},{"adID":"59","isAdavailable":"1"}]}: Status code forbidden, internet connectivity not availablehttp://52.13.174.6/sheeda/admin/json/syncApp please check your internet connection 8
{"package":"com.yhi.wild.dinosaur.animal.family.survival.simulator.game","title":"Dinosaur Family Simulator","gssdkVersion":"v6.4.1","sdkVersionID":"2199","sdkVersion":"2199","userSignature":"a31265023c3eb8a0e11a55e1b57f3b30","appVersionCode":"","appVersionName":"","totalSequences":"1","adsQueueType":"priority","gpRateUsURL":"","isHideAds":"0","childDirected":"1","mediationLog":"0","store":"41","sequences":[{"seqTitleID":"14","isFirstSkip":"False","failOverAdID":"29"," isFirstSkipRewardedVideo":"False"," bannerEnabled":"False","bannerPosition":"3","failOverAdIDBanner":"68","failOverAdIDNative":"79","failOverAdIDRewardedVideo":"34","nativeEnabled":"False","nativeWidth":"206","nativeHeight":"206","interstitialAndVideo":[{"adID":"29","adOrder":"5"}],"rewardedVideo":[{"adID":"34","adOrder":"5"}],"native":[{"adID":"79","adOrder":"5"}],"banner":[{"adID":"68","adOrder":"5"}],"icon":{"enabled":"False","adID":"59","size":"2"}}],"appAdnetwork":[{"adID":"29","isAdavailable":"1"},{"adID":"68","isAdavailable":"1"},{"adID":"79","isAdavailable":"1"},{"adID":"34","isAdavailable":"1"},{"adID":"59","isAdavailable":"1"}]}: Status code not OK,http://52.13.174.6/sheeda/admin/json/syncApp API has failed at 8 Forbidden{"message":"HTTP Error 401 - Unauthorized: Access is denied due to invalid credentials."}
{"package":"com.yhi.wild.dinosaur.animal.family.survival.simulator.game","title":"Dinosaur Family Simulator","gssdkVersion":"v6.4.1","sdkVersionID":"2199","sdkVersion":"2199","userSignature":"a31265023c3eb8a0e11a55e1b57f3b30","appVersionCode":"","appVersionName":"","totalSequences":"1","adsQueueType":"priority","gpRateUsURL":"","isHideAds":"0","childDirected":"1","mediationLog":"0","store":"41","sequences":[{"seqTitleID":"14","isFirstSkip":"False","failOverAdID":"29"," isFirstSkipRewardedVideo":"False"," bannerEnabled":"False","bannerPosition":"3","failOverAdIDBanner":"68","failOverAdIDNative":"79","failOverAdIDRewardedVideo":"34","nativeEnabled":"False","nativeWidth":"206","nativeHeight":"206","interstitialAndVideo":[{"adID":"29","adOrder":"5"}],"rewardedVideo":[{"adID":"34","adOrder":"5"}],"native":[{"adID":"79","adOrder":"5"}],"banner":[{"adID":"68","adOrder":"5"}],"icon":{"enabled":"False","adID":"59","size":"2"}}],"appAdnetwork":[{"adID":"29","isAdavailable":"1"},{"adID":"68","isAdavailable":"1"},{"adID":"79","isAdavailable":"1"},{"adID":"34","isAdavailable":"1"},{"adID":"59","isAdavailable":"1"}]}: http://52.13.174.6/sheeda/admin/json/syncAppAPI failed as it is not correct json response in content type 8{"message":"HTTP Error 401 - Unauthorized: Access is denied due to invalid credentials."}
****************** http://52.13.174.6/sheeda/admin/json/syncApp
****************** http://52.13.174.6/sheeda/admin/json/syncApp
{"package":"com.deg.ultimate.gorilla.robot.transform.city.rampage","title":"Ultimate Gorilla Robot Transform: City Rampage","gssdkVersion":"6.1.1","sdkVersionID":"2174","sdkVersion":"2174","userSignature":"a31265023c3eb8a0e11a55e1b57f3b30","appVersionCode":"","appVersionName":"","totalSequences":"1","adsQueueType":"priority","gpRateUsURL":"","isHideAds":"0","childDirected":"1","mediationLog":"0","store":"41","sequences":[{"seqTitleID":"16","isFirstSkip":"False","failOverAdID":"0"," isFirstSkipRewardedVideo":"False"," bannerEnabled":"False","bannerPosition":"4","failOverAdIDBanner":"28","failOverAdIDNative":"27","failOverAdIDRewardedVideo":"4","nativeEnabled":"False","nativeWidth":"223","nativeHeight":"223","interstitialAndVideo":[{"adID":"0","adOrder":"6"}],"rewardedVideo":[{"adID":"4","adOrder":"6"}],"native":[{"adID":"27","adOrder":"6"}],"banner":[{"adID":"28","adOrder":"6"}],"icon":{"enabled":"False","adID":"59","size":"2"}}],"appAdnetwork":[{"adID":"0","isAdavailable":"1"},{"adID":"28","isAdavailable":"1"},{"adID":"27","isAdavailable":"1"},{"adID":"4","isAdavailable":"1"},{"adID":"59","isAdavailable":"1"}]}: Status code forbidden, internet connectivity not availablehttp://52.13.174.6/sheeda/admin/json/syncApp please check your internet connection 9
{"package":"com.deg.ultimate.gorilla.robot.transform.city.rampage","title":"Ultimate Gorilla Robot Transform: City Rampage","gssdkVersion":"6.1.1","sdkVersionID":"2174","sdkVersion":"2174","userSignature":"a31265023c3eb8a0e11a55e1b57f3b30","appVersionCode":"","appVersionName":"","totalSequences":"1","adsQueueType":"priority","gpRateUsURL":"","isHideAds":"0","childDirected":"1","mediationLog":"0","store":"41","sequences":[{"seqTitleID":"16","isFirstSkip":"False","failOverAdID":"0"," isFirstSkipRewardedVideo":"False"," bannerEnabled":"False","bannerPosition":"4","failOverAdIDBanner":"28","failOverAdIDNative":"27","failOverAdIDRewardedVideo":"4","nativeEnabled":"False","nativeWidth":"223","nativeHeight":"223","interstitialAndVideo":[{"adID":"0","adOrder":"6"}],"rewardedVideo":[{"adID":"4","adOrder":"6"}],"native":[{"adID":"27","adOrder":"6"}],"banner":[{"adID":"28","adOrder":"6"}],"icon":{"enabled":"False","adID":"59","size":"2"}}],"appAdnetwork":[{"adID":"0","isAdavailable":"1"},{"adID":"28","isAdavailable":"1"},{"adID":"27","isAdavailable":"1"},{"adID":"4","isAdavailable":"1"},{"adID":"59","isAdavailable":"1"}]}: Status code not OK,http://52.13.174.6/sheeda/admin/json/syncApp API has failed at 9 Forbidden{"message":"HTTP Error 401 - Unauthorized: Access is denied due to invalid credentials."}
{"package":"com.deg.ultimate.gorilla.robot.transform.city.rampage","title":"Ultimate Gorilla Robot Transform: City Rampage","gssdkVersion":"6.1.1","sdkVersionID":"2174","sdkVersion":"2174","userSignature":"a31265023c3eb8a0e11a55e1b57f3b30","appVersionCode":"","appVersionName":"","totalSequences":"1","adsQueueType":"priority","gpRateUsURL":"","isHideAds":"0","childDirected":"1","mediationLog":"0","store":"41","sequences":[{"seqTitleID":"16","isFirstSkip":"False","failOverAdID":"0"," isFirstSkipRewardedVideo":"False"," bannerEnabled":"False","bannerPosition":"4","failOverAdIDBanner":"28","failOverAdIDNative":"27","failOverAdIDRewardedVideo":"4","nativeEnabled":"False","nativeWidth":"223","nativeHeight":"223","interstitialAndVideo":[{"adID":"0","adOrder":"6"}],"rewardedVideo":[{"adID":"4","adOrder":"6"}],"native":[{"adID":"27","adOrder":"6"}],"banner":[{"adID":"28","adOrder":"6"}],"icon":{"enabled":"False","adID":"59","size":"2"}}],"appAdnetwork":[{"adID":"0","isAdavailable":"1"},{"adID":"28","isAdavailable":"1"},{"adID":"27","isAdavailable":"1"},{"adID":"4","isAdavailable":"1"},{"adID":"59","isAdavailable":"1"}]}: http://52.13.174.6/sheeda/admin/json/syncAppAPI failed as it is not correct json response in content type 9{"message":"HTTP Error 401 - Unauthorized: Access is denied due to invalid credentials."}
****************** http://52.13.174.6/sheeda/admin/json/syncApp
****************** http://52.13.174.6/sheeda/admin/json/syncApp
{"package":"com.contextlogic.geek","title":"Geek - Smarter Shopping","gssdkVersion":"6.2.1","sdkVersionID":"2179","sdkVersion":"2179","userSignature":"a31265023c3eb8a0e11a55e1b57f3b30","appVersionCode":"","appVersionName":"","totalSequences":"1","adsQueueType":"priority","gpRateUsURL":"","isHideAds":"0","childDirected":"1","mediationLog":"0","store":"41","sequences":[{"seqTitleID":"23","isFirstSkip":"False","failOverAdID":"2"," isFirstSkipRewardedVideo":"False"," bannerEnabled":"False","bannerPosition":"5","failOverAdIDBanner":"42","failOverAdIDNative":"44","failOverAdIDRewardedVideo":"15","nativeEnabled":"False","nativeWidth":"279","nativeHeight":"279","interstitialAndVideo":[{"adID":"2","adOrder":"9"}],"rewardedVideo":[{"adID":"15","adOrder":"9"}],"native":[{"adID":"44","adOrder":"9"}],"banner":[{"adID":"42","adOrder":"9"}],"icon":{"enabled":"False","adID":"59","size":"2"}}],"appAdnetwork":[{"adID":"2","isAdavailable":"1"},{"adID":"42","isAdavailable":"1"},{"adID":"44","isAdavailable":"1"},{"adID":"15","isAdavailable":"1"},{"adID":"59","isAdavailable":"1"}]}: Status code forbidden, internet connectivity not availablehttp://52.13.174.6/sheeda/admin/json/syncApp please check your internet connection 10
{"package":"com.contextlogic.geek","title":"Geek - Smarter Shopping","gssdkVersion":"6.2.1","sdkVersionID":"2179","sdkVersion":"2179","userSignature":"a31265023c3eb8a0e11a55e1b57f3b30","appVersionCode":"","appVersionName":"","totalSequences":"1","adsQueueType":"priority","gpRateUsURL":"","isHideAds":"0","childDirected":"1","mediationLog":"0","store":"41","sequences":[{"seqTitleID":"23","isFirstSkip":"False","failOverAdID":"2"," isFirstSkipRewardedVideo":"False"," bannerEnabled":"False","bannerPosition":"5","failOverAdIDBanner":"42","failOverAdIDNative":"44","failOverAdIDRewardedVideo":"15","nativeEnabled":"False","nativeWidth":"279","nativeHeight":"279","interstitialAndVideo":[{"adID":"2","adOrder":"9"}],"rewardedVideo":[{"adID":"15","adOrder":"9"}],"native":[{"adID":"44","adOrder":"9"}],"banner":[{"adID":"42","adOrder":"9"}],"icon":{"enabled":"False","adID":"59","size":"2"}}],"appAdnetwork":[{"adID":"2","isAdavailable":"1"},{"adID":"42","isAdavailable":"1"},{"adID":"44","isAdavailable":"1"},{"adID":"15","isAdavailable":"1"},{"adID":"59","isAdavailable":"1"}]}: Status code not OK,http://52.13.174.6/sheeda/admin/json/syncApp API has failed at 10 Forbidden{"message":"HTTP Error 401 - Unauthorized: Access is denied due to invalid credentials."}
{"package":"com.contextlogic.geek","title":"Geek - Smarter Shopping","gssdkVersion":"6.2.1","sdkVersionID":"2179","sdkVersion":"2179","userSignature":"a31265023c3eb8a0e11a55e1b57f3b30","appVersionCode":"","appVersionName":"","totalSequences":"1","adsQueueType":"priority","gpRateUsURL":"","isHideAds":"0","childDirected":"1","mediationLog":"0","store":"41","sequences":[{"seqTitleID":"23","isFirstSkip":"False","failOverAdID":"2"," isFirstSkipRewardedVideo":"False"," bannerEnabled":"False","bannerPosition":"5","failOverAdIDBanner":"42","failOverAdIDNative":"44","failOverAdIDRewardedVideo":"15","nativeEnabled":"False","nativeWidth":"279","nativeHeight":"279","interstitialAndVideo":[{"adID":"2","adOrder":"9"}],"rewardedVideo":[{"adID":"15","adOrder":"9"}],"native":[{"adID":"44","adOrder":"9"}],"banner":[{"adID":"42","adOrder":"9"}],"icon":{"enabled":"False","adID":"59","size":"2"}}],"appAdnetwork":[{"adID":"2","isAdavailable":"1"},{"adID":"42","isAdavailable":"1"},{"adID":"44","isAdavailable":"1"},{"adID":"15","isAdavailable":"1"},{"adID":"59","isAdavailable":"1"}]}: http://52.13.174.6/sheeda/admin/json/syncAppAPI failed as it is not correct json response in content type 10{"message":"HTTP Error 401 - Unauthorized: Access is denied due to invalid credentials."}
****************** http://52.13.174.6/sheeda/admin/json/syncApp
****************** http://52.13.174.6/sheeda/admin/json/syncApp
{"package":"com.holucent.math","title":"Math Tests - mathematics practice questions","gssdkVersion":"6.2.1","sdkVersionID":"2180","sdkVersion":"2180","userSignature":"a31265023c3eb8a0e11a55e1b57f3b30","appVersionCode":"2","appVersionName":"2.2","totalSequences":"1","adsQueueType":"priority","gpRateUsURL":"","isHideAds":"0","childDirected":"1","mediationLog":"0","store":"41","sequences":[{"seqTitleID":"9","isFirstSkip":"False","failOverAdID":"5"," isFirstSkipRewardedVideo":"False"," bannerEnabled":"False","bannerPosition":"2","failOverAdIDBanner":"43","failOverAdIDNative":"58","failOverAdIDRewardedVideo":"20","nativeEnabled":"False","nativeWidth":"167","nativeHeight":"167","interstitialAndVideo":[{"adID":"5","adOrder":"4"}],"rewardedVideo":[{"adID":"20","adOrder":"4"}],"native":[{"adID":"58","adOrder":"4"}],"banner":[{"adID":"43","adOrder":"4"}],"icon":{"enabled":"False","adID":"59","size":"1"}}],"appAdnetwork":[{"adID":"5","isAdavailable":"1"},{"adID":"43","isAdavailable":"1"},{"adID":"58","isAdavailable":"1"},{"adID":"20","isAdavailable":"1"},{"adID":"59","isAdavailable":"1"}]}: Status code forbidden, internet connectivity not availablehttp://52.13.174.6/sheeda/admin/json/syncApp please check your internet connection 11
{"package":"com.holucent.math","title":"Math Tests - mathematics practice questions","gssdkVersion":"6.2.1","sdkVersionID":"2180","sdkVersion":"2180","userSignature":"a31265023c3eb8a0e11a55e1b57f3b30","appVersionCode":"2","appVersionName":"2.2","totalSequences":"1","adsQueueType":"priority","gpRateUsURL":"","isHideAds":"0","childDirected":"1","mediationLog":"0","store":"41","sequences":[{"seqTitleID":"9","isFirstSkip":"False","failOverAdID":"5"," isFirstSkipRewardedVideo":"False"," bannerEnabled":"False","bannerPosition":"2","failOverAdIDBanner":"43","failOverAdIDNative":"58","failOverAdIDRewardedVideo":"20","nativeEnabled":"False","nativeWidth":"167","nativeHeight":"167","interstitialAndVideo":[{"adID":"5","adOrder":"4"}],"rewardedVideo":[{"adID":"20","adOrder":"4"}],"native":[{"adID":"58","adOrder":"4"}],"banner":[{"adID":"43","adOrder":"4"}],"icon":{"enabled":"False","adID":"59","size":"1"}}],"appAdnetwork":[{"adID":"5","isAdavailable":"1"},{"adID":"43","isAdavailable":"1"},{"adID":"58","isAdavailable":"1"},{"adID":"20","isAdavailable":"1"},{"adID":"59","isAdavailable":"1"}]}: Status code not OK,http://52.13.174.6/sheeda/admin/json/syncApp API has failed at 11 Forbidden{"message":"HTTP Error 401 - Unauthorized: Access is denied due to invalid credentials."}
{"package":"com.holucent.math","title":"Math Tests - mathematics practice questions","gssdkVersion":"6.2.1","sdkVersionID":"2180","sdkVersion":"2180","userSignature":"a31265023c3eb8a0e11a55e1b57f3b30","appVersionCode":"2","appVersionName":"2.2","totalSequences":"1","adsQueueType":"priority","gpRateUsURL":"","isHideAds":"0","childDirected":"1","mediationLog":"0","store":"41","sequences":[{"seqTitleID":"9","isFirstSkip":"False","failOverAdID":"5"," isFirstSkipRewardedVideo":"False"," bannerEnabled":"False","bannerPosition":"2","failOverAdIDBanner":"43","failOverAdIDNative":"58","failOverAdIDRewardedVideo":"20","nativeEnabled":"False","nativeWidth":"167","nativeHeight":"167","interstitialAndVideo":[{"adID":"5","adOrder":"4"}],"rewardedVideo":[{"adID":"20","adOrder":"4"}],"native":[{"adID":"58","adOrder":"4"}],"banner":[{"adID":"43","adOrder":"4"}],"icon":{"enabled":"False","adID":"59","size":"1"}}],"appAdnetwork":[{"adID":"5","isAdavailable":"1"},{"adID":"43","isAdavailable":"1"},{"adID":"58","isAdavailable":"1"},{"adID":"20","isAdavailable":"1"},{"adID":"59","isAdavailable":"1"}]}: http://52.13.174.6/sheeda/admin/json/syncAppAPI failed as it is not correct json response in content type 11{"message":"HTTP Error 401 - Unauthorized: Access is denied due to invalid credentials."}
****************** http://52.13.174.6/sheeda/admin/json/syncApp
****************** http://52.13.174.6/sheeda/admin/json/syncApp
{"package":"com.sx.futuristic.real.flying.dragon.attack.transform.robot.war","title":"Robot TRansform","gssdkVersion":"v6.2.1","sdkVersionID":"2181","sdkVersion":"2181","userSignature":"a31265023c3eb8a0e11a55e1b57f3b30","appVersionCode":"","appVersionName":"","totalSequences":"1","adsQueueType":"priority","gpRateUsURL":"","isHideAds":"0","childDirected":"1","mediationLog":"0","store":"41","sequences":[{"seqTitleID":"16","isFirstSkip":"False","failOverAdID":"7"," isFirstSkipRewardedVideo":"False"," bannerEnabled":"False","bannerPosition":"4","failOverAdIDBanner":"45","failOverAdIDNative":"63","failOverAdIDRewardedVideo":"21","nativeEnabled":"False","nativeWidth":"223","nativeHeight":"223","interstitialAndVideo":[{"adID":"7","adOrder":"6"}],"rewardedVideo":[{"adID":"21","adOrder":"6"}],"native":[{"adID":"63","adOrder":"6"}],"banner":[{"adID":"45","adOrder":"6"}],"icon":{"enabled":"False","adID":"59","size":"2"}}],"appAdnetwork":[{"adID":"7","isAdavailable":"1"},{"adID":"45","isAdavailable":"1"},{"adID":"63","isAdavailable":"1"},{"adID":"21","isAdavailable":"1"},{"adID":"59","isAdavailable":"1"}]}: Status code not OK,http://52.13.174.6/sheeda/admin/json/syncApp API has failed at 12 InternalServerError&lt;!DOCTYPE html&gt;
&lt;html lang="en"&gt;
&lt;head&gt;
&lt;meta charset="utf-8"&gt;
&lt;title&gt;Error&lt;/title&gt;
&lt;style type="text/css"&gt;

::selection { background-color: #E13300; color: white; }
::-moz-selection { background-color: #E13300; color: white; }

body {
	background-color: #fff;
	margin: 40px;
	font: 13px/20px normal Helvetica, Arial, sans-serif;
	color: #4F5155;
}

a {
	color: #003399;
	background-color: transparent;
	font-weight: normal;
}

h1 {
	color: #444;
	background-color: transparent;
	border-bottom: 1px solid #D0D0D0;
	font-size: 19px;
	font-weight: normal;
	margin: 0 0 14px 0;
	padding: 14px 15px 10px 15px;
}

code {
	font-family: Consolas, Monaco, Courier New, Courier, monospace;
	font-size: 12px;
	background-color: #f9f9f9;
	border: 1px solid #D0D0D0;
	color: #002166;
	display: block;
	margin: 14px 0 14px 0;
	padding: 12px 10px 12px 10px;
}

#container {
	margin: 10px;
	border: 1px solid #D0D0D0;
	box-shadow: 0 0 8px #D0D0D0;
}

p {
	margin: 12px 15px 12px 15px;
}
&lt;/style&gt;
&lt;/head&gt;
&lt;body&gt;
	&lt;div id="container"&gt;
		&lt;h1&gt;Error Encountered&lt;/h1&gt;
		&lt;p&gt;Non-existent class: Redis&lt;/p&gt;	&lt;/div&gt;
&lt;/body&gt;
&lt;/html&gt;
{"package":"com.sx.futuristic.real.flying.dragon.attack.transform.robot.war","title":"Robot TRansform","gssdkVersion":"v6.2.1","sdkVersionID":"2181","sdkVersion":"2181","userSignature":"a31265023c3eb8a0e11a55e1b57f3b30","appVersionCode":"","appVersionName":"","totalSequences":"1","adsQueueType":"priority","gpRateUsURL":"","isHideAds":"0","childDirected":"1","mediationLog":"0","store":"41","sequences":[{"seqTitleID":"16","isFirstSkip":"False","failOverAdID":"7"," isFirstSkipRewardedVideo":"False"," bannerEnabled":"False","bannerPosition":"4","failOverAdIDBanner":"45","failOverAdIDNative":"63","failOverAdIDRewardedVideo":"21","nativeEnabled":"False","nativeWidth":"223","nativeHeight":"223","interstitialAndVideo":[{"adID":"7","adOrder":"6"}],"rewardedVideo":[{"adID":"21","adOrder":"6"}],"native":[{"adID":"63","adOrder":"6"}],"banner":[{"adID":"45","adOrder":"6"}],"icon":{"enabled":"False","adID":"59","size":"2"}}],"appAdnetwork":[{"adID":"7","isAdavailable":"1"},{"adID":"45","isAdavailable":"1"},{"adID":"63","isAdavailable":"1"},{"adID":"21","isAdavailable":"1"},{"adID":"59","isAdavailable":"1"}]}: http://52.13.174.6/sheeda/admin/json/syncAppAPI failed as it is not correct json response in content type 12&lt;!DOCTYPE html&gt;
&lt;html lang="en"&gt;
&lt;head&gt;
&lt;meta charset="utf-8"&gt;
&lt;title&gt;Error&lt;/title&gt;
&lt;style type="text/css"&gt;

::selection { background-color: #E13300; color: white; }
::-moz-selection { background-color: #E13300; color: white; }

body {
	background-color: #fff;
	margin: 40px;
	font: 13px/20px normal Helvetica, Arial, sans-serif;
	color: #4F5155;
}

a {
	color: #003399;
	background-color: transparent;
	font-weight: normal;
}

h1 {
	color: #444;
	background-color: transparent;
	border-bottom: 1px solid #D0D0D0;
	font-size: 19px;
	font-weight: normal;
	margin: 0 0 14px 0;
	padding: 14px 15px 10px 15px;
}

code {
	font-family: Consolas, Monaco, Courier New, Courier, monospace;
	font-size: 12px;
	background-color: #f9f9f9;
	border: 1px solid #D0D0D0;
	color: #002166;
	display: block;
	margin: 14px 0 14px 0;
	padding: 12px 10px 12px 10px;
}

#container {
	margin: 10px;
	border: 1px solid #D0D0D0;
	box-shadow: 0 0 8px #D0D0D0;
}

p {
	margin: 12px 15px 12px 15px;
}
&lt;/style&gt;
&lt;/head&gt;
&lt;body&gt;
	&lt;div id="container"&gt;
		&lt;h1&gt;Error Encountered&lt;/h1&gt;
		&lt;p&gt;Non-existent class: Redis&lt;/p&gt;	&lt;/div&gt;
&lt;/body&gt;
&lt;/html&gt;
****************** http://52.13.174.6/sheeda/admin/json/syncApp
****************** http://52.13.174.6/sheeda/admin/json/syncApp
{"package":"com.yhi.tornado.robot.transforming.city.rescue","title":"Hurricane Tornado Robot Transforming - City Rescue","gssdkVersion":"v6.2.1","sdkVersionID":"2182","sdkVersion":"2182","userSignature":"a31265023c3eb8a0e11a55e1b57f3b30","appVersionCode":"","appVersionName":"","totalSequences":"1","adsQueueType":"priority","gpRateUsURL":"","isHideAds":"0","childDirected":"1","mediationLog":"0","store":"41","sequences":[{"seqTitleID":"11","isFirstSkip":"False","failOverAdID":"8"," isFirstSkipRewardedVideo":"False"," bannerEnabled":"False","bannerPosition":"3","failOverAdIDBanner":"49","failOverAdIDNative":"69","failOverAdIDRewardedVideo":"24","nativeEnabled":"False","nativeWidth":"183","nativeHeight":"183","interstitialAndVideo":[{"adID":"8","adOrder":"4"}],"rewardedVideo":[{"adID":"24","adOrder":"4"}],"native":[{"adID":"69","adOrder":"4"}],"banner":[{"adID":"49","adOrder":"4"}],"icon":{"enabled":"False","adID":"59","size":"1"}}],"appAdnetwork":[{"adID":"8","isAdavailable":"1"},{"adID":"49","isAdavailable":"1"},{"adID":"69","isAdavailable":"1"},{"adID":"24","isAdavailable":"1"},{"adID":"59","isAdavailable":"1"}]}: Status code forbidden, internet connectivity not availablehttp://52.13.174.6/sheeda/admin/json/syncApp please check your internet connection 13
{"package":"com.yhi.tornado.robot.transforming.city.rescue","title":"Hurricane Tornado Robot Transforming - City Rescue","gssdkVersion":"v6.2.1","sdkVersionID":"2182","sdkVersion":"2182","userSignature":"a31265023c3eb8a0e11a55e1b57f3b30","appVersionCode":"","appVersionName":"","totalSequences":"1","adsQueueType":"priority","gpRateUsURL":"","isHideAds":"0","childDirected":"1","mediationLog":"0","store":"41","sequences":[{"seqTitleID":"11","isFirstSkip":"False","failOverAdID":"8"," isFirstSkipRewardedVideo":"False"," bannerEnabled":"False","bannerPosition":"3","failOverAdIDBanner":"49","failOverAdIDNative":"69","failOverAdIDRewardedVideo":"24","nativeEnabled":"False","nativeWidth":"183","nativeHeight":"183","interstitialAndVideo":[{"adID":"8","adOrder":"4"}],"rewardedVideo":[{"adID":"24","adOrder":"4"}],"native":[{"adID":"69","adOrder":"4"}],"banner":[{"adID":"49","adOrder":"4"}],"icon":{"enabled":"False","adID":"59","size":"1"}}],"appAdnetwork":[{"adID":"8","isAdavailable":"1"},{"adID":"49","isAdavailable":"1"},{"adID":"69","isAdavailable":"1"},{"adID":"24","isAdavailable":"1"},{"adID":"59","isAdavailable":"1"}]}: Status code not OK,http://52.13.174.6/sheeda/admin/json/syncApp API has failed at 13 Forbidden{"message":"HTTP Error 401 - Unauthorized: Access is denied due to invalid credentials."}
{"package":"com.yhi.tornado.robot.transforming.city.rescue","title":"Hurricane Tornado Robot Transforming - City Rescue","gssdkVersion":"v6.2.1","sdkVersionID":"2182","sdkVersion":"2182","userSignature":"a31265023c3eb8a0e11a55e1b57f3b30","appVersionCode":"","appVersionName":"","totalSequences":"1","adsQueueType":"priority","gpRateUsURL":"","isHideAds":"0","childDirected":"1","mediationLog":"0","store":"41","sequences":[{"seqTitleID":"11","isFirstSkip":"False","failOverAdID":"8"," isFirstSkipRewardedVideo":"False"," bannerEnabled":"False","bannerPosition":"3","failOverAdIDBanner":"49","failOverAdIDNative":"69","failOverAdIDRewardedVideo":"24","nativeEnabled":"False","nativeWidth":"183","nativeHeight":"183","interstitialAndVideo":[{"adID":"8","adOrder":"4"}],"rewardedVideo":[{"adID":"24","adOrder":"4"}],"native":[{"adID":"69","adOrder":"4"}],"banner":[{"adID":"49","adOrder":"4"}],"icon":{"enabled":"False","adID":"59","size":"1"}}],"appAdnetwork":[{"adID":"8","isAdavailable":"1"},{"adID":"49","isAdavailable":"1"},{"adID":"69","isAdavailable":"1"},{"adID":"24","isAdavailable":"1"},{"adID":"59","isAdavailable":"1"}]}: http://52.13.174.6/sheeda/admin/json/syncAppAPI failed as it is not correct json response in content type 13{"message":"HTTP Error 401 - Unauthorized: Access is denied due to invalid credentials."}
****************** http://52.13.174.6/sheeda/admin/json/syncApp
****************** http://52.13.174.6/sheeda/admin/json/syncApp
{"package":"com.pixnic.wws","title":"STAPPAmazon2","gssdkVersion":"v6.2.1-1","sdkVersionID":"2185","sdkVersion":"2185","userSignature":"a31265023c3eb8a0e11a55e1b57f3b30","appVersionCode":"","appVersionName":"","totalSequences":"1","adsQueueType":"priority","gpRateUsURL":"","isHideAds":"0","childDirected":"1","mediationLog":"0","store":"43","sequences":[{"seqTitleID":"9","isFirstSkip":"False","failOverAdID":"12"," isFirstSkipRewardedVideo":"False"," bannerEnabled":"False","bannerPosition":"2","failOverAdIDBanner":"53","failOverAdIDNative":"74","failOverAdIDRewardedVideo":"25","nativeEnabled":"False","nativeWidth":"167","nativeHeight":"167","interstitialAndVideo":[{"adID":"12","adOrder":"4"}],"rewardedVideo":[{"adID":"25","adOrder":"4"}],"native":[{"adID":"74","adOrder":"4"}],"banner":[{"adID":"53","adOrder":"4"}],"icon":{"enabled":"False","adID":"59","size":"1"}}],"appAdnetwork":[{"adID":"12","isAdavailable":"1"},{"adID":"53","isAdavailable":"1"},{"adID":"74","isAdavailable":"1"},{"adID":"25","isAdavailable":"1"},{"adID":"59","isAdavailable":"1"}]}: Status code forbidden, internet connectivity not availablehttp://52.13.174.6/sheeda/admin/json/syncApp please check your internet connection 14
{"package":"com.pixnic.wws","title":"STAPPAmazon2","gssdkVersion":"v6.2.1-1","sdkVersionID":"2185","sdkVersion":"2185","userSignature":"a31265023c3eb8a0e11a55e1b57f3b30","appVersionCode":"","appVersionName":"","totalSequences":"1","adsQueueType":"priority","gpRateUsURL":"","isHideAds":"0","childDirected":"1","mediationLog":"0","store":"43","sequences":[{"seqTitleID":"9","isFirstSkip":"False","failOverAdID":"12"," isFirstSkipRewardedVideo":"False"," bannerEnabled":"False","bannerPosition":"2","failOverAdIDBanner":"53","failOverAdIDNative":"74","failOverAdIDRewardedVideo":"25","nativeEnabled":"False","nativeWidth":"167","nativeHeight":"167","interstitialAndVideo":[{"adID":"12","adOrder":"4"}],"rewardedVideo":[{"adID":"25","adOrder":"4"}],"native":[{"adID":"74","adOrder":"4"}],"banner":[{"adID":"53","adOrder":"4"}],"icon":{"enabled":"False","adID":"59","size":"1"}}],"appAdnetwork":[{"adID":"12","isAdavailable":"1"},{"adID":"53","isAdavailable":"1"},{"adID":"74","isAdavailable":"1"},{"adID":"25","isAdavailable":"1"},{"adID":"59","isAdavailable":"1"}]}: Status code not OK,http://52.13.174.6/sheeda/admin/json/syncApp API has failed at 14 Forbidden{"message":"HTTP Error 401 - Unauthorized: Access is denied due to invalid credentials."}
{"package":"com.pixnic.wws","title":"STAPPAmazon2","gssdkVersion":"v6.2.1-1","sdkVersionID":"2185","sdkVersion":"2185","userSignature":"a31265023c3eb8a0e11a55e1b57f3b30","appVersionCode":"","appVersionName":"","totalSequences":"1","adsQueueType":"priority","gpRateUsURL":"","isHideAds":"0","childDirected":"1","mediationLog":"0","store":"43","sequences":[{"seqTitleID":"9","isFirstSkip":"False","failOverAdID":"12"," isFirstSkipRewardedVideo":"False"," bannerEnabled":"False","bannerPosition":"2","failOverAdIDBanner":"53","failOverAdIDNative":"74","failOverAdIDRewardedVideo":"25","nativeEnabled":"False","nativeWidth":"167","nativeHeight":"167","interstitialAndVideo":[{"adID":"12","adOrder":"4"}],"rewardedVideo":[{"adID":"25","adOrder":"4"}],"native":[{"adID":"74","adOrder":"4"}],"banner":[{"adID":"53","adOrder":"4"}],"icon":{"enabled":"False","adID":"59","size":"1"}}],"appAdnetwork":[{"adID":"12","isAdavailable":"1"},{"adID":"53","isAdavailable":"1"},{"adID":"74","isAdavailable":"1"},{"adID":"25","isAdavailable":"1"},{"adID":"59","isAdavailable":"1"}]}: http://52.13.174.6/sheeda/admin/json/syncAppAPI failed as it is not correct json response in content type 14{"message":"HTTP Error 401 - Unauthorized: Access is denied due to invalid credentials."}
****************** http://52.13.174.6/sheeda/admin/json/syncApp
****************** http://52.13.174.6/sheeda/admin/json/syncApp
{"package":"com.deg.desert.car.destruction.derby.crash.stunts.racing","title":"Sand Safari Derby Car","gssdkVersion":"v6.3.1","sdkVersionID":"2193","sdkVersion":"2193","userSignature":"a31265023c3eb8a0e11a55e1b57f3b30","appVersionCode":"","appVersionName":"","totalSequences":"1","adsQueueType":"priority","gpRateUsURL":"","isHideAds":"0","childDirected":"1","mediationLog":"0","store":"41","sequences":[{"seqTitleID":"25","isFirstSkip":"False","failOverAdID":"18"," isFirstSkipRewardedVideo":"False"," bannerEnabled":"False","bannerPosition":"5","failOverAdIDBanner":"56","failOverAdIDNative":"75","failOverAdIDRewardedVideo":"26","nativeEnabled":"False","nativeWidth":"295","nativeHeight":"295","interstitialAndVideo":[{"adID":"18","adOrder":"9"}],"rewardedVideo":[{"adID":"26","adOrder":"9"}],"native":[{"adID":"75","adOrder":"9"}],"banner":[{"adID":"56","adOrder":"9"}],"icon":{"enabled":"False","adID":"59","size":"2"}}],"appAdnetwork":[{"adID":"18","isAdavailable":"1"},{"adID":"56","isAdavailable":"1"},{"adID":"75","isAdavailable":"1"},{"adID":"26","isAdavailable":"1"},{"adID":"59","isAdavailable":"1"}]}: Status code forbidden, internet connectivity not availablehttp://52.13.174.6/sheeda/admin/json/syncApp please check your internet connection 15
{"package":"com.deg.desert.car.destruction.derby.crash.stunts.racing","title":"Sand Safari Derby Car","gssdkVersion":"v6.3.1","sdkVersionID":"2193","sdkVersion":"2193","userSignature":"a31265023c3eb8a0e11a55e1b57f3b30","appVersionCode":"","appVersionName":"","totalSequences":"1","adsQueueType":"priority","gpRateUsURL":"","isHideAds":"0","childDirected":"1","mediationLog":"0","store":"41","sequences":[{"seqTitleID":"25","isFirstSkip":"False","failOverAdID":"18"," isFirstSkipRewardedVideo":"False"," bannerEnabled":"False","bannerPosition":"5","failOverAdIDBanner":"56","failOverAdIDNative":"75","failOverAdIDRewardedVideo":"26","nativeEnabled":"False","nativeWidth":"295","nativeHeight":"295","interstitialAndVideo":[{"adID":"18","adOrder":"9"}],"rewardedVideo":[{"adID":"26","adOrder":"9"}],"native":[{"adID":"75","adOrder":"9"}],"banner":[{"adID":"56","adOrder":"9"}],"icon":{"enabled":"False","adID":"59","size":"2"}}],"appAdnetwork":[{"adID":"18","isAdavailable":"1"},{"adID":"56","isAdavailable":"1"},{"adID":"75","isAdavailable":"1"},{"adID":"26","isAdavailable":"1"},{"adID":"59","isAdavailable":"1"}]}: Status code not OK,http://52.13.174.6/sheeda/admin/json/syncApp API has failed at 15 Forbidden{"message":"HTTP Error 401 - Unauthorized: Access is denied due to invalid credentials."}
{"package":"com.deg.desert.car.destruction.derby.crash.stunts.racing","title":"Sand Safari Derby Car","gssdkVersion":"v6.3.1","sdkVersionID":"2193","sdkVersion":"2193","userSignature":"a31265023c3eb8a0e11a55e1b57f3b30","appVersionCode":"","appVersionName":"","totalSequences":"1","adsQueueType":"priority","gpRateUsURL":"","isHideAds":"0","childDirected":"1","mediationLog":"0","store":"41","sequences":[{"seqTitleID":"25","isFirstSkip":"False","failOverAdID":"18"," isFirstSkipRewardedVideo":"False"," bannerEnabled":"False","bannerPosition":"5","failOverAdIDBanner":"56","failOverAdIDNative":"75","failOverAdIDRewardedVideo":"26","nativeEnabled":"False","nativeWidth":"295","nativeHeight":"295","interstitialAndVideo":[{"adID":"18","adOrder":"9"}],"rewardedVideo":[{"adID":"26","adOrder":"9"}],"native":[{"adID":"75","adOrder":"9"}],"banner":[{"adID":"56","adOrder":"9"}],"icon":{"enabled":"False","adID":"59","size":"2"}}],"appAdnetwork":[{"adID":"18","isAdavailable":"1"},{"adID":"56","isAdavailable":"1"},{"adID":"75","isAdavailable":"1"},{"adID":"26","isAdavailable":"1"},{"adID":"59","isAdavailable":"1"}]}: http://52.13.174.6/sheeda/admin/json/syncAppAPI failed as it is not correct json response in content type 15{"message":"HTTP Error 401 - Unauthorized: Access is denied due to invalid credentials."}
****************** http://52.13.174.6/sheeda/admin/json/syncApp
****************** http://52.13.174.6/sheeda/admin/json/syncApp
{"package":"com.sx.futuristic.flying.robot.bike.rider.transform.wars.game","title":"Flying Robot Bike","gssdkVersion":"v6.3.1","sdkVersionID":"2194","sdkVersion":"2194","userSignature":"a31265023c3eb8a0e11a55e1b57f3b30","appVersionCode":"","appVersionName":"","totalSequences":"1","adsQueueType":"priority","gpRateUsURL":"","isHideAds":"0","childDirected":"1","mediationLog":"0","store":"41","sequences":[{"seqTitleID":"11","isFirstSkip":"False","failOverAdID":"19"," isFirstSkipRewardedVideo":"False"," bannerEnabled":"False","bannerPosition":"3","failOverAdIDBanner":"57","failOverAdIDNative":"78","failOverAdIDRewardedVideo":"32","nativeEnabled":"False","nativeWidth":"184","nativeHeight":"184","interstitialAndVideo":[{"adID":"19","adOrder":"4"}],"rewardedVideo":[{"adID":"32","adOrder":"4"}],"native":[{"adID":"78","adOrder":"4"}],"banner":[{"adID":"57","adOrder":"4"}],"icon":{"enabled":"False","adID":"59","size":"1"}}],"appAdnetwork":[{"adID":"19","isAdavailable":"1"},{"adID":"57","isAdavailable":"1"},{"adID":"78","isAdavailable":"1"},{"adID":"32","isAdavailable":"1"},{"adID":"59","isAdavailable":"1"}]}: Status code forbidden, internet connectivity not availablehttp://52.13.174.6/sheeda/admin/json/syncApp please check your internet connection 16
{"package":"com.sx.futuristic.flying.robot.bike.rider.transform.wars.game","title":"Flying Robot Bike","gssdkVersion":"v6.3.1","sdkVersionID":"2194","sdkVersion":"2194","userSignature":"a31265023c3eb8a0e11a55e1b57f3b30","appVersionCode":"","appVersionName":"","totalSequences":"1","adsQueueType":"priority","gpRateUsURL":"","isHideAds":"0","childDirected":"1","mediationLog":"0","store":"41","sequences":[{"seqTitleID":"11","isFirstSkip":"False","failOverAdID":"19"," isFirstSkipRewardedVideo":"False"," bannerEnabled":"False","bannerPosition":"3","failOverAdIDBanner":"57","failOverAdIDNative":"78","failOverAdIDRewardedVideo":"32","nativeEnabled":"False","nativeWidth":"184","nativeHeight":"184","interstitialAndVideo":[{"adID":"19","adOrder":"4"}],"rewardedVideo":[{"adID":"32","adOrder":"4"}],"native":[{"adID":"78","adOrder":"4"}],"banner":[{"adID":"57","adOrder":"4"}],"icon":{"enabled":"False","adID":"59","size":"1"}}],"appAdnetwork":[{"adID":"19","isAdavailable":"1"},{"adID":"57","isAdavailable":"1"},{"adID":"78","isAdavailable":"1"},{"adID":"32","isAdavailable":"1"},{"adID":"59","isAdavailable":"1"}]}: Status code not OK,http://52.13.174.6/sheeda/admin/json/syncApp API has failed at 16 Forbidden{"message":"HTTP Error 401 - Unauthorized: Access is denied due to invalid credentials."}
{"package":"com.sx.futuristic.flying.robot.bike.rider.transform.wars.game","title":"Flying Robot Bike","gssdkVersion":"v6.3.1","sdkVersionID":"2194","sdkVersion":"2194","userSignature":"a31265023c3eb8a0e11a55e1b57f3b30","appVersionCode":"","appVersionName":"","totalSequences":"1","adsQueueType":"priority","gpRateUsURL":"","isHideAds":"0","childDirected":"1","mediationLog":"0","store":"41","sequences":[{"seqTitleID":"11","isFirstSkip":"False","failOverAdID":"19"," isFirstSkipRewardedVideo":"False"," bannerEnabled":"False","bannerPosition":"3","failOverAdIDBanner":"57","failOverAdIDNative":"78","failOverAdIDRewardedVideo":"32","nativeEnabled":"False","nativeWidth":"184","nativeHeight":"184","interstitialAndVideo":[{"adID":"19","adOrder":"4"}],"rewardedVideo":[{"adID":"32","adOrder":"4"}],"native":[{"adID":"78","adOrder":"4"}],"banner":[{"adID":"57","adOrder":"4"}],"icon":{"enabled":"False","adID":"59","size":"1"}}],"appAdnetwork":[{"adID":"19","isAdavailable":"1"},{"adID":"57","isAdavailable":"1"},{"adID":"78","isAdavailable":"1"},{"adID":"32","isAdavailable":"1"},{"adID":"59","isAdavailable":"1"}]}: http://52.13.174.6/sheeda/admin/json/syncAppAPI failed as it is not correct json response in content type 16{"message":"HTTP Error 401 - Unauthorized: Access is denied due to invalid credentials."}
****************** http://52.13.174.6/sheeda/admin/json/syncApp
****************** http://52.13.174.6/sheeda/admin/json/syncApp
{"package":"com.yhi.well.death.tuk.tuk.rickshaw.stunt.game","title":"Well of Death Auto Rickshaw","gssdkVersion":"v6.4.1","sdkVersionID":"2199","sdkVersion":"2199","userSignature":"a31265023c3eb8a0e11a55e1b57f3b30","appVersionCode":"","appVersionName":"","totalSequences":"1","adsQueueType":"priority","gpRateUsURL":"","isHideAds":"0","childDirected":"1","mediationLog":"0","store":"41","sequences":[{"seqTitleID":"6","isFirstSkip":"False","failOverAdID":"29"," isFirstSkipRewardedVideo":"False"," bannerEnabled":"False","bannerPosition":"2","failOverAdIDBanner":"68","failOverAdIDNative":"79","failOverAdIDRewardedVideo":"34","nativeEnabled":"False","nativeWidth":"143","nativeHeight":"143","interstitialAndVideo":[{"adID":"29","adOrder":"2"}],"rewardedVideo":[{"adID":"34","adOrder":"2"}],"native":[{"adID":"79","adOrder":"2"}],"banner":[{"adID":"68","adOrder":"2"}],"icon":{"enabled":"False","adID":"59","size":"1"}}],"appAdnetwork":[{"adID":"29","isAdavailable":"1"},{"adID":"68","isAdavailable":"1"},{"adID":"79","isAdavailable":"1"},{"adID":"34","isAdavailable":"1"},{"adID":"59","isAdavailable":"1"}]}: Status code forbidden, internet connectivity not availablehttp://52.13.174.6/sheeda/admin/json/syncApp please check your internet connection 17
{"package":"com.yhi.well.death.tuk.tuk.rickshaw.stunt.game","title":"Well of Death Auto Rickshaw","gssdkVersion":"v6.4.1","sdkVersionID":"2199","sdkVersion":"2199","userSignature":"a31265023c3eb8a0e11a55e1b57f3b30","appVersionCode":"","appVersionName":"","totalSequences":"1","adsQueueType":"priority","gpRateUsURL":"","isHideAds":"0","childDirected":"1","mediationLog":"0","store":"41","sequences":[{"seqTitleID":"6","isFirstSkip":"False","failOverAdID":"29"," isFirstSkipRewardedVideo":"False"," bannerEnabled":"False","bannerPosition":"2","failOverAdIDBanner":"68","failOverAdIDNative":"79","failOverAdIDRewardedVideo":"34","nativeEnabled":"False","nativeWidth":"143","nativeHeight":"143","interstitialAndVideo":[{"adID":"29","adOrder":"2"}],"rewardedVideo":[{"adID":"34","adOrder":"2"}],"native":[{"adID":"79","adOrder":"2"}],"banner":[{"adID":"68","adOrder":"2"}],"icon":{"enabled":"False","adID":"59","size":"1"}}],"appAdnetwork":[{"adID":"29","isAdavailable":"1"},{"adID":"68","isAdavailable":"1"},{"adID":"79","isAdavailable":"1"},{"adID":"34","isAdavailable":"1"},{"adID":"59","isAdavailable":"1"}]}: Status code not OK,http://52.13.174.6/sheeda/admin/json/syncApp API has failed at 17 Forbidden{"message":"HTTP Error 401 - Unauthorized: Access is denied due to invalid credentials."}
{"package":"com.yhi.well.death.tuk.tuk.rickshaw.stunt.game","title":"Well of Death Auto Rickshaw","gssdkVersion":"v6.4.1","sdkVersionID":"2199","sdkVersion":"2199","userSignature":"a31265023c3eb8a0e11a55e1b57f3b30","appVersionCode":"","appVersionName":"","totalSequences":"1","adsQueueType":"priority","gpRateUsURL":"","isHideAds":"0","childDirected":"1","mediationLog":"0","store":"41","sequences":[{"seqTitleID":"6","isFirstSkip":"False","failOverAdID":"29"," isFirstSkipRewardedVideo":"False"," bannerEnabled":"False","bannerPosition":"2","failOverAdIDBanner":"68","failOverAdIDNative":"79","failOverAdIDRewardedVideo":"34","nativeEnabled":"False","nativeWidth":"143","nativeHeight":"143","interstitialAndVideo":[{"adID":"29","adOrder":"2"}],"rewardedVideo":[{"adID":"34","adOrder":"2"}],"native":[{"adID":"79","adOrder":"2"}],"banner":[{"adID":"68","adOrder":"2"}],"icon":{"enabled":"False","adID":"59","size":"1"}}],"appAdnetwork":[{"adID":"29","isAdavailable":"1"},{"adID":"68","isAdavailable":"1"},{"adID":"79","isAdavailable":"1"},{"adID":"34","isAdavailable":"1"},{"adID":"59","isAdavailable":"1"}]}: http://52.13.174.6/sheeda/admin/json/syncAppAPI failed as it is not correct json response in content type 17{"message":"HTTP Error 401 - Unauthorized: Access is denied due to invalid credentials."}
****************** http://52.13.174.6/sheeda/admin/json/syncApp
****************** http://52.13.174.6/sheeda/admin/json/syncApp
{"package":"com.memrise.android.memrisecompanion","title":"Learn Languages with Memrise - Spanish, French","gssdkVersion":"6.1.1","sdkVersionID":"2174","sdkVersion":"2174","userSignature":"a31265023c3eb8a0e11a55e1b57f3b30","appVersionCode":"","appVersionName":"","totalSequences":"1","adsQueueType":"priority","gpRateUsURL":"","isHideAds":"0","childDirected":"1","mediationLog":"0","store":"41","sequences":[{"seqTitleID":"13","isFirstSkip":"False","failOverAdID":"0"," isFirstSkipRewardedVideo":"False"," bannerEnabled":"False","bannerPosition":"3","failOverAdIDBanner":"28","failOverAdIDNative":"27","failOverAdIDRewardedVideo":"4","nativeEnabled":"False","nativeWidth":"198","nativeHeight":"198","interstitialAndVideo":[{"adID":"0","adOrder":"5"}],"rewardedVideo":[{"adID":"4","adOrder":"5"}],"native":[{"adID":"27","adOrder":"5"}],"banner":[{"adID":"28","adOrder":"5"}],"icon":{"enabled":"False","adID":"59","size":"1"}}],"appAdnetwork":[{"adID":"0","isAdavailable":"1"},{"adID":"28","isAdavailable":"1"},{"adID":"27","isAdavailable":"1"},{"adID":"4","isAdavailable":"1"},{"adID":"59","isAdavailable":"1"}]}: Status code forbidden, internet connectivity not availablehttp://52.13.174.6/sheeda/admin/json/syncApp please check your internet connection 18
{"package":"com.memrise.android.memrisecompanion","title":"Learn Languages with Memrise - Spanish, French","gssdkVersion":"6.1.1","sdkVersionID":"2174","sdkVersion":"2174","userSignature":"a31265023c3eb8a0e11a55e1b57f3b30","appVersionCode":"","appVersionName":"","totalSequences":"1","adsQueueType":"priority","gpRateUsURL":"","isHideAds":"0","childDirected":"1","mediationLog":"0","store":"41","sequences":[{"seqTitleID":"13","isFirstSkip":"False","failOverAdID":"0"," isFirstSkipRewardedVideo":"False"," bannerEnabled":"False","bannerPosition":"3","failOverAdIDBanner":"28","failOverAdIDNative":"27","failOverAdIDRewardedVideo":"4","nativeEnabled":"False","nativeWidth":"198","nativeHeight":"198","interstitialAndVideo":[{"adID":"0","adOrder":"5"}],"rewardedVideo":[{"adID":"4","adOrder":"5"}],"native":[{"adID":"27","adOrder":"5"}],"banner":[{"adID":"28","adOrder":"5"}],"icon":{"enabled":"False","adID":"59","size":"1"}}],"appAdnetwork":[{"adID":"0","isAdavailable":"1"},{"adID":"28","isAdavailable":"1"},{"adID":"27","isAdavailable":"1"},{"adID":"4","isAdavailable":"1"},{"adID":"59","isAdavailable":"1"}]}: Status code not OK,http://52.13.174.6/sheeda/admin/json/syncApp API has failed at 18 Forbidden{"message":"HTTP Error 401 - Unauthorized: Access is denied due to invalid credentials."}
{"package":"com.memrise.android.memrisecompanion","title":"Learn Languages with Memrise - Spanish, French","gssdkVersion":"6.1.1","sdkVersionID":"2174","sdkVersion":"2174","userSignature":"a31265023c3eb8a0e11a55e1b57f3b30","appVersionCode":"","appVersionName":"","totalSequences":"1","adsQueueType":"priority","gpRateUsURL":"","isHideAds":"0","childDirected":"1","mediationLog":"0","store":"41","sequences":[{"seqTitleID":"13","isFirstSkip":"False","failOverAdID":"0"," isFirstSkipRewardedVideo":"False"," bannerEnabled":"False","bannerPosition":"3","failOverAdIDBanner":"28","failOverAdIDNative":"27","failOverAdIDRewardedVideo":"4","nativeEnabled":"False","nativeWidth":"198","nativeHeight":"198","interstitialAndVideo":[{"adID":"0","adOrder":"5"}],"rewardedVideo":[{"adID":"4","adOrder":"5"}],"native":[{"adID":"27","adOrder":"5"}],"banner":[{"adID":"28","adOrder":"5"}],"icon":{"enabled":"False","adID":"59","size":"1"}}],"appAdnetwork":[{"adID":"0","isAdavailable":"1"},{"adID":"28","isAdavailable":"1"},{"adID":"27","isAdavailable":"1"},{"adID":"4","isAdavailable":"1"},{"adID":"59","isAdavailable":"1"}]}: http://52.13.174.6/sheeda/admin/json/syncAppAPI failed as it is not correct json response in content type 18{"message":"HTTP Error 401 - Unauthorized: Access is denied due to invalid credentials."}
****************** http://52.13.174.6/sheeda/admin/json/syncApp
****************** http://52.13.174.6/sheeda/admin/json/syncApp
{"package":"com.threed.police.mounted.horse.city.cop.extreme.real.gangster.chase","title":"Police Horse Gangster Chase 2019","gssdkVersion":"6.2.1","sdkVersionID":"2179","sdkVersion":"2179","userSignature":"a31265023c3eb8a0e11a55e1b57f3b30","appVersionCode":"","appVersionName":"","totalSequences":"1","adsQueueType":"priority","gpRateUsURL":"","isHideAds":"0","childDirected":"1","mediationLog":"0","store":"41","sequences":[{"seqTitleID":"20","isFirstSkip":"False","failOverAdID":"2"," isFirstSkipRewardedVideo":"False"," bannerEnabled":"False","bannerPosition":"4","failOverAdIDBanner":"42","failOverAdIDNative":"44","failOverAdIDRewardedVideo":"15","nativeEnabled":"False","nativeWidth":"254","nativeHeight":"254","interstitialAndVideo":[{"adID":"2","adOrder":"7"}],"rewardedVideo":[{"adID":"15","adOrder":"7"}],"native":[{"adID":"44","adOrder":"7"}],"banner":[{"adID":"42","adOrder":"7"}],"icon":{"enabled":"False","adID":"59","size":"2"}}],"appAdnetwork":[{"adID":"2","isAdavailable":"1"},{"adID":"42","isAdavailable":"1"},{"adID":"44","isAdavailable":"1"},{"adID":"15","isAdavailable":"1"},{"adID":"59","isAdavailable":"1"}]}: Status code forbidden, internet connectivity not availablehttp://52.13.174.6/sheeda/admin/json/syncApp please check your internet connection 19
{"package":"com.threed.police.mounted.horse.city.cop.extreme.real.gangster.chase","title":"Police Horse Gangster Chase 2019","gssdkVersion":"6.2.1","sdkVersionID":"2179","sdkVersion":"2179","userSignature":"a31265023c3eb8a0e11a55e1b57f3b30","appVersionCode":"","appVersionName":"","totalSequences":"1","adsQueueType":"priority","gpRateUsURL":"","isHideAds":"0","childDirected":"1","mediationLog":"0","store":"41","sequences":[{"seqTitleID":"20","isFirstSkip":"False","failOverAdID":"2"," isFirstSkipRewardedVideo":"False"," bannerEnabled":"False","bannerPosition":"4","failOverAdIDBanner":"42","failOverAdIDNative":"44","failOverAdIDRewardedVideo":"15","nativeEnabled":"False","nativeWidth":"254","nativeHeight":"254","interstitialAndVideo":[{"adID":"2","adOrder":"7"}],"rewardedVideo":[{"adID":"15","adOrder":"7"}],"native":[{"adID":"44","adOrder":"7"}],"banner":[{"adID":"42","adOrder":"7"}],"icon":{"enabled":"False","adID":"59","size":"2"}}],"appAdnetwork":[{"adID":"2","isAdavailable":"1"},{"adID":"42","isAdavailable":"1"},{"adID":"44","isAdavailable":"1"},{"adID":"15","isAdavailable":"1"},{"adID":"59","isAdavailable":"1"}]}: Status code not OK,http://52.13.174.6/sheeda/admin/json/syncApp API has failed at 19 Forbidden{"message":"HTTP Error 401 - Unauthorized: Access is denied due to invalid credentials."}
{"package":"com.threed.police.mounted.horse.city.cop.extreme.real.gangster.chase","title":"Police Horse Gangster Chase 2019","gssdkVersion":"6.2.1","sdkVersionID":"2179","sdkVersion":"2179","userSignature":"a31265023c3eb8a0e11a55e1b57f3b30","appVersionCode":"","appVersionName":"","totalSequences":"1","adsQueueType":"priority","gpRateUsURL":"","isHideAds":"0","childDirected":"1","mediationLog":"0","store":"41","sequences":[{"seqTitleID":"20","isFirstSkip":"False","failOverAdID":"2"," isFirstSkipRewardedVideo":"False"," bannerEnabled":"False","bannerPosition":"4","failOverAdIDBanner":"42","failOverAdIDNative":"44","failOverAdIDRewardedVideo":"15","nativeEnabled":"False","nativeWidth":"254","nativeHeight":"254","interstitialAndVideo":[{"adID":"2","adOrder":"7"}],"rewardedVideo":[{"adID":"15","adOrder":"7"}],"native":[{"adID":"44","adOrder":"7"}],"banner":[{"adID":"42","adOrder":"7"}],"icon":{"enabled":"False","adID":"59","size":"2"}}],"appAdnetwork":[{"adID":"2","isAdavailable":"1"},{"adID":"42","isAdavailable":"1"},{"adID":"44","isAdavailable":"1"},{"adID":"15","isAdavailable":"1"},{"adID":"59","isAdavailable":"1"}]}: http://52.13.174.6/sheeda/admin/json/syncAppAPI failed as it is not correct json response in content type 19{"message":"HTTP Error 401 - Unauthorized: Access is denied due to invalid credentials."}
****************** http://52.13.174.6/sheeda/admin/json/syncApp
****************** http://52.13.174.6/sheeda/admin/json/syncApp
{"package":"com.g247.police.lion.robot.animal.rescue.game","title":"Cougar Robot Hero Game","gssdkVersion":"6.2.1","sdkVersionID":"2180","sdkVersion":"2180","userSignature":"a31265023c3eb8a0e11a55e1b57f3b30","appVersionCode":"","appVersionName":"","totalSequences":"1","adsQueueType":"priority","gpRateUsURL":"","isHideAds":"0","childDirected":"1","mediationLog":"0","store":"41","sequences":[{"seqTitleID":"6","isFirstSkip":"False","failOverAdID":"5"," isFirstSkipRewardedVideo":"False"," bannerEnabled":"False","bannerPosition":"2","failOverAdIDBanner":"43","failOverAdIDNative":"58","failOverAdIDRewardedVideo":"20","nativeEnabled":"False","nativeWidth":"143","nativeHeight":"143","interstitialAndVideo":[{"adID":"5","adOrder":"2"}],"rewardedVideo":[{"adID":"20","adOrder":"2"}],"native":[{"adID":"58","adOrder":"2"}],"banner":[{"adID":"43","adOrder":"2"}],"icon":{"enabled":"False","adID":"59","size":"1"}}],"appAdnetwork":[{"adID":"5","isAdavailable":"1"},{"adID":"43","isAdavailable":"1"},{"adID":"58","isAdavailable":"1"},{"adID":"20","isAdavailable":"1"},{"adID":"59","isAdavailable":"1"}]}: Status code forbidden, internet connectivity not availablehttp://52.13.174.6/sheeda/admin/json/syncApp please check your internet connection 20
{"package":"com.g247.police.lion.robot.animal.rescue.game","title":"Cougar Robot Hero Game","gssdkVersion":"6.2.1","sdkVersionID":"2180","sdkVersion":"2180","userSignature":"a31265023c3eb8a0e11a55e1b57f3b30","appVersionCode":"","appVersionName":"","totalSequences":"1","adsQueueType":"priority","gpRateUsURL":"","isHideAds":"0","childDirected":"1","mediationLog":"0","store":"41","sequences":[{"seqTitleID":"6","isFirstSkip":"False","failOverAdID":"5"," isFirstSkipRewardedVideo":"False"," bannerEnabled":"False","bannerPosition":"2","failOverAdIDBanner":"43","failOverAdIDNative":"58","failOverAdIDRewardedVideo":"20","nativeEnabled":"False","nativeWidth":"143","nativeHeight":"143","interstitialAndVideo":[{"adID":"5","adOrder":"2"}],"rewardedVideo":[{"adID":"20","adOrder":"2"}],"native":[{"adID":"58","adOrder":"2"}],"banner":[{"adID":"43","adOrder":"2"}],"icon":{"enabled":"False","adID":"59","size":"1"}}],"appAdnetwork":[{"adID":"5","isAdavailable":"1"},{"adID":"43","isAdavailable":"1"},{"adID":"58","isAdavailable":"1"},{"adID":"20","isAdavailable":"1"},{"adID":"59","isAdavailable":"1"}]}: Status code not OK,http://52.13.174.6/sheeda/admin/json/syncApp API has failed at 20 Forbidden{"message":"HTTP Error 401 - Unauthorized: Access is denied due to invalid credentials."}
{"package":"com.g247.police.lion.robot.animal.rescue.game","title":"Cougar Robot Hero Game","gssdkVersion":"6.2.1","sdkVersionID":"2180","sdkVersion":"2180","userSignature":"a31265023c3eb8a0e11a55e1b57f3b30","appVersionCode":"","appVersionName":"","totalSequences":"1","adsQueueType":"priority","gpRateUsURL":"","isHideAds":"0","childDirected":"1","mediationLog":"0","store":"41","sequences":[{"seqTitleID":"6","isFirstSkip":"False","failOverAdID":"5"," isFirstSkipRewardedVideo":"False"," bannerEnabled":"False","bannerPosition":"2","failOverAdIDBanner":"43","failOverAdIDNative":"58","failOverAdIDRewardedVideo":"20","nativeEnabled":"False","nativeWidth":"143","nativeHeight":"143","interstitialAndVideo":[{"adID":"5","adOrder":"2"}],"rewardedVideo":[{"adID":"20","adOrder":"2"}],"native":[{"adID":"58","adOrder":"2"}],"banner":[{"adID":"43","adOrder":"2"}],"icon":{"enabled":"False","adID":"59","size":"1"}}],"appAdnetwork":[{"adID":"5","isAdavailable":"1"},{"adID":"43","isAdavailable":"1"},{"adID":"58","isAdavailable":"1"},{"adID":"20","isAdavailable":"1"},{"adID":"59","isAdavailable":"1"}]}: http://52.13.174.6/sheeda/admin/json/syncAppAPI failed as it is not correct json response in content type 20{"message":"HTTP Error 401 - Unauthorized: Access is denied due to invalid credentials."}
****************** http://52.13.174.6/sheeda/admin/json/syncApp
****************** http://52.13.174.6/sheeda/admin/json/syncApp
{"package":"com.contextlogic.wish1","title":"Wish - Shopping Made Fun","gssdkVersion":"v6.2.1","sdkVersionID":"2181","sdkVersion":"2181","userSignature":"a31265023c3eb8a0e11a55e1b57f3b30","appVersionCode":"","appVersionName":"","totalSequences":"1","adsQueueType":"priority","gpRateUsURL":"","isHideAds":"0","childDirected":"1","mediationLog":"0","store":"41","sequences":[{"seqTitleID":"17","isFirstSkip":"False","failOverAdID":"7"," isFirstSkipRewardedVideo":"False"," bannerEnabled":"False","bannerPosition":"4","failOverAdIDBanner":"45","failOverAdIDNative":"63","failOverAdIDRewardedVideo":"21","nativeEnabled":"False","nativeWidth":"231","nativeHeight":"231","interstitialAndVideo":[{"adID":"7","adOrder":"6"}],"rewardedVideo":[{"adID":"21","adOrder":"6"}],"native":[{"adID":"63","adOrder":"6"}],"banner":[{"adID":"45","adOrder":"6"}],"icon":{"enabled":"False","adID":"59","size":"2"}}],"appAdnetwork":[{"adID":"7","isAdavailable":"1"},{"adID":"45","isAdavailable":"1"},{"adID":"63","isAdavailable":"1"},{"adID":"21","isAdavailable":"1"},{"adID":"59","isAdavailable":"1"}]}: Status code forbidden, internet connectivity not availablehttp://52.13.174.6/sheeda/admin/json/syncApp please check your internet connection 21
{"package":"com.contextlogic.wish1","title":"Wish - Shopping Made Fun","gssdkVersion":"v6.2.1","sdkVersionID":"2181","sdkVersion":"2181","userSignature":"a31265023c3eb8a0e11a55e1b57f3b30","appVersionCode":"","appVersionName":"","totalSequences":"1","adsQueueType":"priority","gpRateUsURL":"","isHideAds":"0","childDirected":"1","mediationLog":"0","store":"41","sequences":[{"seqTitleID":"17","isFirstSkip":"False","failOverAdID":"7"," isFirstSkipRewardedVideo":"False"," bannerEnabled":"False","bannerPosition":"4","failOverAdIDBanner":"45","failOverAdIDNative":"63","failOverAdIDRewardedVideo":"21","nativeEnabled":"False","nativeWidth":"231","nativeHeight":"231","interstitialAndVideo":[{"adID":"7","adOrder":"6"}],"rewardedVideo":[{"adID":"21","adOrder":"6"}],"native":[{"adID":"63","adOrder":"6"}],"banner":[{"adID":"45","adOrder":"6"}],"icon":{"enabled":"False","adID":"59","size":"2"}}],"appAdnetwork":[{"adID":"7","isAdavailable":"1"},{"adID":"45","isAdavailable":"1"},{"adID":"63","isAdavailable":"1"},{"adID":"21","isAdavailable":"1"},{"adID":"59","isAdavailable":"1"}]}: Status code not OK,http://52.13.174.6/sheeda/admin/json/syncApp API has failed at 21 Forbidden{"message":"HTTP Error 401 - Unauthorized: Access is denied due to invalid credentials."}
{"package":"com.contextlogic.wish1","title":"Wish - Shopping Made Fun","gssdkVersion":"v6.2.1","sdkVersionID":"2181","sdkVersion":"2181","userSignature":"a31265023c3eb8a0e11a55e1b57f3b30","appVersionCode":"","appVersionName":"","totalSequences":"1","adsQueueType":"priority","gpRateUsURL":"","isHideAds":"0","childDirected":"1","mediationLog":"0","store":"41","sequences":[{"seqTitleID":"17","isFirstSkip":"False","failOverAdID":"7"," isFirstSkipRewardedVideo":"False"," bannerEnabled":"False","bannerPosition":"4","failOverAdIDBanner":"45","failOverAdIDNative":"63","failOverAdIDRewardedVideo":"21","nativeEnabled":"False","nativeWidth":"231","nativeHeight":"231","interstitialAndVideo":[{"adID":"7","adOrder":"6"}],"rewardedVideo":[{"adID":"21","adOrder":"6"}],"native":[{"adID":"63","adOrder":"6"}],"banner":[{"adID":"45","adOrder":"6"}],"icon":{"enabled":"False","adID":"59","size":"2"}}],"appAdnetwork":[{"adID":"7","isAdavailable":"1"},{"adID":"45","isAdavailable":"1"},{"adID":"63","isAdavailable":"1"},{"adID":"21","isAdavailable":"1"},{"adID":"59","isAdavailable":"1"}]}: http://52.13.174.6/sheeda/admin/json/syncAppAPI failed as it is not correct json response in content type 21{"message":"HTTP Error 401 - Unauthorized: Access is denied due to invalid credentials."}
****************** http://52.13.174.6/sheeda/admin/json/syncApp
****************** http://52.13.174.6/sheeda/admin/json/syncApp
{"package":"com.yhi.police.truck.city.cop.extreme.real.gangster.chase","title":"6x6 Police Truck Water Surfer Chase","gssdkVersion":"v6.2.1","sdkVersionID":"2182","sdkVersion":"2182","userSignature":"a31265023c3eb8a0e11a55e1b57f3b30","appVersionCode":"","appVersionName":"","totalSequences":"1","adsQueueType":"priority","gpRateUsURL":"","isHideAds":"0","childDirected":"1","mediationLog":"0","store":"41","sequences":[{"seqTitleID":"13","isFirstSkip":"False","failOverAdID":"8"," isFirstSkipRewardedVideo":"False"," bannerEnabled":"False","bannerPosition":"3","failOverAdIDBanner":"49","failOverAdIDNative":"69","failOverAdIDRewardedVideo":"24","nativeEnabled":"False","nativeWidth":"198","nativeHeight":"198","interstitialAndVideo":[{"adID":"8","adOrder":"5"}],"rewardedVideo":[{"adID":"24","adOrder":"5"}],"native":[{"adID":"69","adOrder":"5"}],"banner":[{"adID":"49","adOrder":"5"}],"icon":{"enabled":"False","adID":"59","size":"1"}}],"appAdnetwork":[{"adID":"8","isAdavailable":"1"},{"adID":"49","isAdavailable":"1"},{"adID":"69","isAdavailable":"1"},{"adID":"24","isAdavailable":"1"},{"adID":"59","isAdavailable":"1"}]}: Status code forbidden, internet connectivity not availablehttp://52.13.174.6/sheeda/admin/json/syncApp please check your internet connection 22
{"package":"com.yhi.police.truck.city.cop.extreme.real.gangster.chase","title":"6x6 Police Truck Water Surfer Chase","gssdkVersion":"v6.2.1","sdkVersionID":"2182","sdkVersion":"2182","userSignature":"a31265023c3eb8a0e11a55e1b57f3b30","appVersionCode":"","appVersionName":"","totalSequences":"1","adsQueueType":"priority","gpRateUsURL":"","isHideAds":"0","childDirected":"1","mediationLog":"0","store":"41","sequences":[{"seqTitleID":"13","isFirstSkip":"False","failOverAdID":"8"," isFirstSkipRewardedVideo":"False"," bannerEnabled":"False","bannerPosition":"3","failOverAdIDBanner":"49","failOverAdIDNative":"69","failOverAdIDRewardedVideo":"24","nativeEnabled":"False","nativeWidth":"198","nativeHeight":"198","interstitialAndVideo":[{"adID":"8","adOrder":"5"}],"rewardedVideo":[{"adID":"24","adOrder":"5"}],"native":[{"adID":"69","adOrder":"5"}],"banner":[{"adID":"49","adOrder":"5"}],"icon":{"enabled":"False","adID":"59","size":"1"}}],"appAdnetwork":[{"adID":"8","isAdavailable":"1"},{"adID":"49","isAdavailable":"1"},{"adID":"69","isAdavailable":"1"},{"adID":"24","isAdavailable":"1"},{"adID":"59","isAdavailable":"1"}]}: Status code not OK,http://52.13.174.6/sheeda/admin/json/syncApp API has failed at 22 Forbidden{"message":"HTTP Error 401 - Unauthorized: Access is denied due to invalid credentials."}
{"package":"com.yhi.police.truck.city.cop.extreme.real.gangster.chase","title":"6x6 Police Truck Water Surfer Chase","gssdkVersion":"v6.2.1","sdkVersionID":"2182","sdkVersion":"2182","userSignature":"a31265023c3eb8a0e11a55e1b57f3b30","appVersionCode":"","appVersionName":"","totalSequences":"1","adsQueueType":"priority","gpRateUsURL":"","isHideAds":"0","childDirected":"1","mediationLog":"0","store":"41","sequences":[{"seqTitleID":"13","isFirstSkip":"False","failOverAdID":"8"," isFirstSkipRewardedVideo":"False"," bannerEnabled":"False","bannerPosition":"3","failOverAdIDBanner":"49","failOverAdIDNative":"69","failOverAdIDRewardedVideo":"24","nativeEnabled":"False","nativeWidth":"198","nativeHeight":"198","interstitialAndVideo":[{"adID":"8","adOrder":"5"}],"rewardedVideo":[{"adID":"24","adOrder":"5"}],"native":[{"adID":"69","adOrder":"5"}],"banner":[{"adID":"49","adOrder":"5"}],"icon":{"enabled":"False","adID":"59","size":"1"}}],"appAdnetwork":[{"adID":"8","isAdavailable":"1"},{"adID":"49","isAdavailable":"1"},{"adID":"69","isAdavailable":"1"},{"adID":"24","isAdavailable":"1"},{"adID":"59","isAdavailable":"1"}]}: http://52.13.174.6/sheeda/admin/json/syncAppAPI failed as it is not correct json response in content type 22{"message":"HTTP Error 401 - Unauthorized: Access is denied due to invalid credentials."}
****************** http://52.13.174.6/sheeda/admin/json/syncApp
****************** http://52.13.174.6/sheeda/admin/json/syncApp
{"package":"com.yhi.prisoner.survival.prison.jail.stealth.escape","title":"US Army Prison Escape","gssdkVersion":"v6.2.1-1","sdkVersionID":"2185","sdkVersion":"2185","userSignature":"a31265023c3eb8a0e11a55e1b57f3b30","appVersionCode":"","appVersionName":"","totalSequences":"1","adsQueueType":"priority","gpRateUsURL":"","isHideAds":"0","childDirected":"1","mediationLog":"0","store":"41","sequences":[{"seqTitleID":"24","isFirstSkip":"False","failOverAdID":"12"," isFirstSkipRewardedVideo":"False"," bannerEnabled":"False","bannerPosition":"5","failOverAdIDBanner":"53","failOverAdIDNative":"74","failOverAdIDRewardedVideo":"25","nativeEnabled":"False","nativeWidth":"287","nativeHeight":"287","interstitialAndVideo":[{"adID":"12","adOrder":"9"}],"rewardedVideo":[{"adID":"25","adOrder":"9"}],"native":[{"adID":"74","adOrder":"9"}],"banner":[{"adID":"53","adOrder":"9"}],"icon":{"enabled":"False","adID":"59","size":"2"}}],"appAdnetwork":[{"adID":"12","isAdavailable":"1"},{"adID":"53","isAdavailable":"1"},{"adID":"74","isAdavailable":"1"},{"adID":"25","isAdavailable":"1"},{"adID":"59","isAdavailable":"1"}]}: Status code forbidden, internet connectivity not availablehttp://52.13.174.6/sheeda/admin/json/syncApp please check your internet connection 23
{"package":"com.yhi.prisoner.survival.prison.jail.stealth.escape","title":"US Army Prison Escape","gssdkVersion":"v6.2.1-1","sdkVersionID":"2185","sdkVersion":"2185","userSignature":"a31265023c3eb8a0e11a55e1b57f3b30","appVersionCode":"","appVersionName":"","totalSequences":"1","adsQueueType":"priority","gpRateUsURL":"","isHideAds":"0","childDirected":"1","mediationLog":"0","store":"41","sequences":[{"seqTitleID":"24","isFirstSkip":"False","failOverAdID":"12"," isFirstSkipRewardedVideo":"False"," bannerEnabled":"False","bannerPosition":"5","failOverAdIDBanner":"53","failOverAdIDNative":"74","failOverAdIDRewardedVideo":"25","nativeEnabled":"False","nativeWidth":"287","nativeHeight":"287","interstitialAndVideo":[{"adID":"12","adOrder":"9"}],"rewardedVideo":[{"adID":"25","adOrder":"9"}],"native":[{"adID":"74","adOrder":"9"}],"banner":[{"adID":"53","adOrder":"9"}],"icon":{"enabled":"False","adID":"59","size":"2"}}],"appAdnetwork":[{"adID":"12","isAdavailable":"1"},{"adID":"53","isAdavailable":"1"},{"adID":"74","isAdavailable":"1"},{"adID":"25","isAdavailable":"1"},{"adID":"59","isAdavailable":"1"}]}: Status code not OK,http://52.13.174.6/sheeda/admin/json/syncApp API has failed at 23 Forbidden{"message":"HTTP Error 401 - Unauthorized: Access is denied due to invalid credentials."}
{"package":"com.yhi.prisoner.survival.prison.jail.stealth.escape","title":"US Army Prison Escape","gssdkVersion":"v6.2.1-1","sdkVersionID":"2185","sdkVersion":"2185","userSignature":"a31265023c3eb8a0e11a55e1b57f3b30","appVersionCode":"","appVersionName":"","totalSequences":"1","adsQueueType":"priority","gpRateUsURL":"","isHideAds":"0","childDirected":"1","mediationLog":"0","store":"41","sequences":[{"seqTitleID":"24","isFirstSkip":"False","failOverAdID":"12"," isFirstSkipRewardedVideo":"False"," bannerEnabled":"False","bannerPosition":"5","failOverAdIDBanner":"53","failOverAdIDNative":"74","failOverAdIDRewardedVideo":"25","nativeEnabled":"False","nativeWidth":"287","nativeHeight":"287","interstitialAndVideo":[{"adID":"12","adOrder":"9"}],"rewardedVideo":[{"adID":"25","adOrder":"9"}],"native":[{"adID":"74","adOrder":"9"}],"banner":[{"adID":"53","adOrder":"9"}],"icon":{"enabled":"False","adID":"59","size":"2"}}],"appAdnetwork":[{"adID":"12","isAdavailable":"1"},{"adID":"53","isAdavailable":"1"},{"adID":"74","isAdavailable":"1"},{"adID":"25","isAdavailable":"1"},{"adID":"59","isAdavailable":"1"}]}: http://52.13.174.6/sheeda/admin/json/syncAppAPI failed as it is not correct json response in content type 23{"message":"HTTP Error 401 - Unauthorized: Access is denied due to invalid credentials."}
****************** http://52.13.174.6/sheeda/admin/json/syncApp
****************** http://52.13.174.6/sheeda/admin/json/syncApp
{"package":"com.g247.construction.vehicle.transport.sim.games","title":"Big Machine Construction Transport Truck Games","gssdkVersion":"v6.3.1","sdkVersionID":"2193","sdkVersion":"2193","userSignature":"a31265023c3eb8a0e11a55e1b57f3b30","appVersionCode":"","appVersionName":"","totalSequences":"1","adsQueueType":"priority","gpRateUsURL":"","isHideAds":"0","childDirected":"1","mediationLog":"0","store":"41","sequences":[{"seqTitleID":"1","isFirstSkip":"False","failOverAdID":"18"," isFirstSkipRewardedVideo":"False"," bannerEnabled":"False","bannerPosition":"1","failOverAdIDBanner":"56","failOverAdIDNative":"75","failOverAdIDRewardedVideo":"26","nativeEnabled":"False","nativeWidth":"103","nativeHeight":"103","interstitialAndVideo":[{"adID":"18","adOrder":"1"}],"rewardedVideo":[{"adID":"26","adOrder":"1"}],"native":[{"adID":"75","adOrder":"1"}],"banner":[{"adID":"56","adOrder":"1"}],"icon":{"enabled":"False","adID":"59","size":"1"}}],"appAdnetwork":[{"adID":"18","isAdavailable":"1"},{"adID":"56","isAdavailable":"1"},{"adID":"75","isAdavailable":"1"},{"adID":"26","isAdavailable":"1"},{"adID":"59","isAdavailable":"1"}]}: Status code forbidden, internet connectivity not availablehttp://52.13.174.6/sheeda/admin/json/syncApp please check your internet connection 24
{"package":"com.g247.construction.vehicle.transport.sim.games","title":"Big Machine Construction Transport Truck Games","gssdkVersion":"v6.3.1","sdkVersionID":"2193","sdkVersion":"2193","userSignature":"a31265023c3eb8a0e11a55e1b57f3b30","appVersionCode":"","appVersionName":"","totalSequences":"1","adsQueueType":"priority","gpRateUsURL":"","isHideAds":"0","childDirected":"1","mediationLog":"0","store":"41","sequences":[{"seqTitleID":"1","isFirstSkip":"False","failOverAdID":"18"," isFirstSkipRewardedVideo":"False"," bannerEnabled":"False","bannerPosition":"1","failOverAdIDBanner":"56","failOverAdIDNative":"75","failOverAdIDRewardedVideo":"26","nativeEnabled":"False","nativeWidth":"103","nativeHeight":"103","interstitialAndVideo":[{"adID":"18","adOrder":"1"}],"rewardedVideo":[{"adID":"26","adOrder":"1"}],"native":[{"adID":"75","adOrder":"1"}],"banner":[{"adID":"56","adOrder":"1"}],"icon":{"enabled":"False","adID":"59","size":"1"}}],"appAdnetwork":[{"adID":"18","isAdavailable":"1"},{"adID":"56","isAdavailable":"1"},{"adID":"75","isAdavailable":"1"},{"adID":"26","isAdavailable":"1"},{"adID":"59","isAdavailable":"1"}]}: Status code not OK,http://52.13.174.6/sheeda/admin/json/syncApp API has failed at 24 Forbidden{"message":"HTTP Error 401 - Unauthorized: Access is denied due to invalid credentials."}
{"package":"com.g247.construction.vehicle.transport.sim.games","title":"Big Machine Construction Transport Truck Games","gssdkVersion":"v6.3.1","sdkVersionID":"2193","sdkVersion":"2193","userSignature":"a31265023c3eb8a0e11a55e1b57f3b30","appVersionCode":"","appVersionName":"","totalSequences":"1","adsQueueType":"priority","gpRateUsURL":"","isHideAds":"0","childDirected":"1","mediationLog":"0","store":"41","sequences":[{"seqTitleID":"1","isFirstSkip":"False","failOverAdID":"18"," isFirstSkipRewardedVideo":"False"," bannerEnabled":"False","bannerPosition":"1","failOverAdIDBanner":"56","failOverAdIDNative":"75","failOverAdIDRewardedVideo":"26","nativeEnabled":"False","nativeWidth":"103","nativeHeight":"103","interstitialAndVideo":[{"adID":"18","adOrder":"1"}],"rewardedVideo":[{"adID":"26","adOrder":"1"}],"native":[{"adID":"75","adOrder":"1"}],"banner":[{"adID":"56","adOrder":"1"}],"icon":{"enabled":"False","adID":"59","size":"1"}}],"appAdnetwork":[{"adID":"18","isAdavailable":"1"},{"adID":"56","isAdavailable":"1"},{"adID":"75","isAdavailable":"1"},{"adID":"26","isAdavailable":"1"},{"adID":"59","isAdavailable":"1"}]}: http://52.13.174.6/sheeda/admin/json/syncAppAPI failed as it is not correct json response in content type 24{"message":"HTTP Error 401 - Unauthorized: Access is denied due to invalid credentials."}
****************** http://52.13.174.6/sheeda/admin/json/syncApp
****************** http://52.13.174.6/sheeda/admin/json/syncApp
{"package":"com.loudcrow.charliebrownallstars","title":"Peanutes","gssdkVersion":"v6.3.1","sdkVersionID":"2194","sdkVersion":"2194","userSignature":"a31265023c3eb8a0e11a55e1b57f3b30","appVersionCode":"","appVersionName":"","totalSequences":"1","adsQueueType":"priority","gpRateUsURL":"","isHideAds":"0","childDirected":"1","mediationLog":"0","store":"41","sequences":[{"seqTitleID":"8","isFirstSkip":"False","failOverAdID":"19"," isFirstSkipRewardedVideo":"False"," bannerEnabled":"False","bannerPosition":"2","failOverAdIDBanner":"57","failOverAdIDNative":"78","failOverAdIDRewardedVideo":"32","nativeEnabled":"False","nativeWidth":"159","nativeHeight":"159","interstitialAndVideo":[{"adID":"19","adOrder":"3"}],"rewardedVideo":[{"adID":"32","adOrder":"3"}],"native":[{"adID":"78","adOrder":"3"}],"banner":[{"adID":"57","adOrder":"3"}],"icon":{"enabled":"False","adID":"59","size":"1"}}],"appAdnetwork":[{"adID":"19","isAdavailable":"1"},{"adID":"57","isAdavailable":"1"},{"adID":"78","isAdavailable":"1"},{"adID":"32","isAdavailable":"1"},{"adID":"59","isAdavailable":"1"}]}: Status code forbidden, internet connectivity not availablehttp://52.13.174.6/sheeda/admin/json/syncApp please check your internet connection 25
{"package":"com.loudcrow.charliebrownallstars","title":"Peanutes","gssdkVersion":"v6.3.1","sdkVersionID":"2194","sdkVersion":"2194","userSignature":"a31265023c3eb8a0e11a55e1b57f3b30","appVersionCode":"","appVersionName":"","totalSequences":"1","adsQueueType":"priority","gpRateUsURL":"","isHideAds":"0","childDirected":"1","mediationLog":"0","store":"41","sequences":[{"seqTitleID":"8","isFirstSkip":"False","failOverAdID":"19"," isFirstSkipRewardedVideo":"False"," bannerEnabled":"False","bannerPosition":"2","failOverAdIDBanner":"57","failOverAdIDNative":"78","failOverAdIDRewardedVideo":"32","nativeEnabled":"False","nativeWidth":"159","nativeHeight":"159","interstitialAndVideo":[{"adID":"19","adOrder":"3"}],"rewardedVideo":[{"adID":"32","adOrder":"3"}],"native":[{"adID":"78","adOrder":"3"}],"banner":[{"adID":"57","adOrder":"3"}],"icon":{"enabled":"False","adID":"59","size":"1"}}],"appAdnetwork":[{"adID":"19","isAdavailable":"1"},{"adID":"57","isAdavailable":"1"},{"adID":"78","isAdavailable":"1"},{"adID":"32","isAdavailable":"1"},{"adID":"59","isAdavailable":"1"}]}: Status code not OK,http://52.13.174.6/sheeda/admin/json/syncApp API has failed at 25 Forbidden{"message":"HTTP Error 401 - Unauthorized: Access is denied due to invalid credentials."}
{"package":"com.loudcrow.charliebrownallstars","title":"Peanutes","gssdkVersion":"v6.3.1","sdkVersionID":"2194","sdkVersion":"2194","userSignature":"a31265023c3eb8a0e11a55e1b57f3b30","appVersionCode":"","appVersionName":"","totalSequences":"1","adsQueueType":"priority","gpRateUsURL":"","isHideAds":"0","childDirected":"1","mediationLog":"0","store":"41","sequences":[{"seqTitleID":"8","isFirstSkip":"False","failOverAdID":"19"," isFirstSkipRewardedVideo":"False"," bannerEnabled":"False","bannerPosition":"2","failOverAdIDBanner":"57","failOverAdIDNative":"78","failOverAdIDRewardedVideo":"32","nativeEnabled":"False","nativeWidth":"159","nativeHeight":"159","interstitialAndVideo":[{"adID":"19","adOrder":"3"}],"rewardedVideo":[{"adID":"32","adOrder":"3"}],"native":[{"adID":"78","adOrder":"3"}],"banner":[{"adID":"57","adOrder":"3"}],"icon":{"enabled":"False","adID":"59","size":"1"}}],"appAdnetwork":[{"adID":"19","isAdavailable":"1"},{"adID":"57","isAdavailable":"1"},{"adID":"78","isAdavailable":"1"},{"adID":"32","isAdavailable":"1"},{"adID":"59","isAdavailable":"1"}]}: http://52.13.174.6/sheeda/admin/json/syncAppAPI failed as it is not correct json response in content type 25{"message":"HTTP Error 401 - Unauthorized: Access is denied due to invalid credentials."}
****************** http://52.13.174.6/sheeda/admin/json/syncApp
****************** http://52.13.174.6/sheeda/admin/json/syncApp
{"package":"com.yhi.offroad.camper.van.cruiser.truck.driving.simulator","title":"Camper Van Simulator","gssdkVersion":"v6.4.1","sdkVersionID":"2199","sdkVersion":"2199","userSignature":"a31265023c3eb8a0e11a55e1b57f3b30","appVersionCode":"","appVersionName":"","totalSequences":"1","adsQueueType":"priority","gpRateUsURL":"","isHideAds":"0","childDirected":"1","mediationLog":"0","store":"41","sequences":[{"seqTitleID":"24","isFirstSkip":"False","failOverAdID":"29"," isFirstSkipRewardedVideo":"False"," bannerEnabled":"False","bannerPosition":"5","failOverAdIDBanner":"68","failOverAdIDNative":"79","failOverAdIDRewardedVideo":"34","nativeEnabled":"False","nativeWidth":"287","nativeHeight":"287","interstitialAndVideo":[{"adID":"29","adOrder":"9"}],"rewardedVideo":[{"adID":"34","adOrder":"9"}],"native":[{"adID":"79","adOrder":"9"}],"banner":[{"adID":"68","adOrder":"9"}],"icon":{"enabled":"False","adID":"59","size":"2"}}],"appAdnetwork":[{"adID":"29","isAdavailable":"1"},{"adID":"68","isAdavailable":"1"},{"adID":"79","isAdavailable":"1"},{"adID":"34","isAdavailable":"1"},{"adID":"59","isAdavailable":"1"}]}: Status code forbidden, internet connectivity not availablehttp://52.13.174.6/sheeda/admin/json/syncApp please check your internet connection 26
{"package":"com.yhi.offroad.camper.van.cruiser.truck.driving.simulator","title":"Camper Van Simulator","gssdkVersion":"v6.4.1","sdkVersionID":"2199","sdkVersion":"2199","userSignature":"a31265023c3eb8a0e11a55e1b57f3b30","appVersionCode":"","appVersionName":"","totalSequences":"1","adsQueueType":"priority","gpRateUsURL":"","isHideAds":"0","childDirected":"1","mediationLog":"0","store":"41","sequences":[{"seqTitleID":"24","isFirstSkip":"False","failOverAdID":"29"," isFirstSkipRewardedVideo":"False"," bannerEnabled":"False","bannerPosition":"5","failOverAdIDBanner":"68","failOverAdIDNative":"79","failOverAdIDRewardedVideo":"34","nativeEnabled":"False","nativeWidth":"287","nativeHeight":"287","interstitialAndVideo":[{"adID":"29","adOrder":"9"}],"rewardedVideo":[{"adID":"34","adOrder":"9"}],"native":[{"adID":"79","adOrder":"9"}],"banner":[{"adID":"68","adOrder":"9"}],"icon":{"enabled":"False","adID":"59","size":"2"}}],"appAdnetwork":[{"adID":"29","isAdavailable":"1"},{"adID":"68","isAdavailable":"1"},{"adID":"79","isAdavailable":"1"},{"adID":"34","isAdavailable":"1"},{"adID":"59","isAdavailable":"1"}]}: Status code not OK,http://52.13.174.6/sheeda/admin/json/syncApp API has failed at 26 Forbidden{"message":"HTTP Error 401 - Unauthorized: Access is denied due to invalid credentials."}
{"package":"com.yhi.offroad.camper.van.cruiser.truck.driving.simulator","title":"Camper Van Simulator","gssdkVersion":"v6.4.1","sdkVersionID":"2199","sdkVersion":"2199","userSignature":"a31265023c3eb8a0e11a55e1b57f3b30","appVersionCode":"","appVersionName":"","totalSequences":"1","adsQueueType":"priority","gpRateUsURL":"","isHideAds":"0","childDirected":"1","mediationLog":"0","store":"41","sequences":[{"seqTitleID":"24","isFirstSkip":"False","failOverAdID":"29"," isFirstSkipRewardedVideo":"False"," bannerEnabled":"False","bannerPosition":"5","failOverAdIDBanner":"68","failOverAdIDNative":"79","failOverAdIDRewardedVideo":"34","nativeEnabled":"False","nativeWidth":"287","nativeHeight":"287","interstitialAndVideo":[{"adID":"29","adOrder":"9"}],"rewardedVideo":[{"adID":"34","adOrder":"9"}],"native":[{"adID":"79","adOrder":"9"}],"banner":[{"adID":"68","adOrder":"9"}],"icon":{"enabled":"False","adID":"59","size":"2"}}],"appAdnetwork":[{"adID":"29","isAdavailable":"1"},{"adID":"68","isAdavailable":"1"},{"adID":"79","isAdavailable":"1"},{"adID":"34","isAdavailable":"1"},{"adID":"59","isAdavailable":"1"}]}: http://52.13.174.6/sheeda/admin/json/syncAppAPI failed as it is not correct json response in content type 26{"message":"HTTP Error 401 - Unauthorized: Access is denied due to invalid credentials."}
****************** http://52.13.174.6/sheeda/admin/json/syncApp
****************** http://52.13.174.6/sheeda/admin/json/syncApp
{"package":"com.g247.flying.jetski.robot.shooting.games","title":"Flying Jet Ski Rescue Robot - Robot Shooting Games","gssdkVersion":"6.1.1","sdkVersionID":"2174","sdkVersion":"2174","userSignature":"a31265023c3eb8a0e11a55e1b57f3b30","appVersionCode":"","appVersionName":"","totalSequences":"1","adsQueueType":"priority","gpRateUsURL":"","isHideAds":"0","childDirected":"1","mediationLog":"0","store":"41","sequences":[{"seqTitleID":"25","isFirstSkip":"False","failOverAdID":"0"," isFirstSkipRewardedVideo":"False"," bannerEnabled":"False","bannerPosition":"5","failOverAdIDBanner":"28","failOverAdIDNative":"27","failOverAdIDRewardedVideo":"4","nativeEnabled":"False","nativeWidth":"297","nativeHeight":"297","interstitialAndVideo":[{"adID":"0","adOrder":"9"}],"rewardedVideo":[{"adID":"4","adOrder":"9"}],"native":[{"adID":"27","adOrder":"9"}],"banner":[{"adID":"28","adOrder":"9"}],"icon":{"enabled":"False","adID":"59","size":"2"}}],"appAdnetwork":[{"adID":"0","isAdavailable":"1"},{"adID":"28","isAdavailable":"1"},{"adID":"27","isAdavailable":"1"},{"adID":"4","isAdavailable":"1"},{"adID":"59","isAdavailable":"1"}]}: Status code forbidden, internet connectivity not availablehttp://52.13.174.6/sheeda/admin/json/syncApp please check your internet connection 27
{"package":"com.g247.flying.jetski.robot.shooting.games","title":"Flying Jet Ski Rescue Robot - Robot Shooting Games","gssdkVersion":"6.1.1","sdkVersionID":"2174","sdkVersion":"2174","userSignature":"a31265023c3eb8a0e11a55e1b57f3b30","appVersionCode":"","appVersionName":"","totalSequences":"1","adsQueueType":"priority","gpRateUsURL":"","isHideAds":"0","childDirected":"1","mediationLog":"0","store":"41","sequences":[{"seqTitleID":"25","isFirstSkip":"False","failOverAdID":"0"," isFirstSkipRewardedVideo":"False"," bannerEnabled":"False","bannerPosition":"5","failOverAdIDBanner":"28","failOverAdIDNative":"27","failOverAdIDRewardedVideo":"4","nativeEnabled":"False","nativeWidth":"297","nativeHeight":"297","interstitialAndVideo":[{"adID":"0","adOrder":"9"}],"rewardedVideo":[{"adID":"4","adOrder":"9"}],"native":[{"adID":"27","adOrder":"9"}],"banner":[{"adID":"28","adOrder":"9"}],"icon":{"enabled":"False","adID":"59","size":"2"}}],"appAdnetwork":[{"adID":"0","isAdavailable":"1"},{"adID":"28","isAdavailable":"1"},{"adID":"27","isAdavailable":"1"},{"adID":"4","isAdavailable":"1"},{"adID":"59","isAdavailable":"1"}]}: Status code not OK,http://52.13.174.6/sheeda/admin/json/syncApp API has failed at 27 Forbidden{"message":"HTTP Error 401 - Unauthorized: Access is denied due to invalid credentials."}
{"package":"com.g247.flying.jetski.robot.shooting.games","title":"Flying Jet Ski Rescue Robot - Robot Shooting Games","gssdkVersion":"6.1.1","sdkVersionID":"2174","sdkVersion":"2174","userSignature":"a31265023c3eb8a0e11a55e1b57f3b30","appVersionCode":"","appVersionName":"","totalSequences":"1","adsQueueType":"priority","gpRateUsURL":"","isHideAds":"0","childDirected":"1","mediationLog":"0","store":"41","sequences":[{"seqTitleID":"25","isFirstSkip":"False","failOverAdID":"0"," isFirstSkipRewardedVideo":"False"," bannerEnabled":"False","bannerPosition":"5","failOverAdIDBanner":"28","failOverAdIDNative":"27","failOverAdIDRewardedVideo":"4","nativeEnabled":"False","nativeWidth":"297","nativeHeight":"297","interstitialAndVideo":[{"adID":"0","adOrder":"9"}],"rewardedVideo":[{"adID":"4","adOrder":"9"}],"native":[{"adID":"27","adOrder":"9"}],"banner":[{"adID":"28","adOrder":"9"}],"icon":{"enabled":"False","adID":"59","size":"2"}}],"appAdnetwork":[{"adID":"0","isAdavailable":"1"},{"adID":"28","isAdavailable":"1"},{"adID":"27","isAdavailable":"1"},{"adID":"4","isAdavailable":"1"},{"adID":"59","isAdavailable":"1"}]}: http://52.13.174.6/sheeda/admin/json/syncAppAPI failed as it is not correct json response in content type 27{"message":"HTTP Error 401 - Unauthorized: Access is denied due to invalid credentials."}
****************** http://52.13.174.6/sheeda/admin/json/syncApp
****************** http://52.13.174.6/sheeda/admin/json/syncApp
{"package":"com.devon-technologies.thinktogo","title":"DEVONthink To Go","gssdkVersion":"6.2.1","sdkVersionID":"2179","sdkVersion":"2179","userSignature":"a31265023c3eb8a0e11a55e1b57f3b30","appVersionCode":"","appVersionName":"","totalSequences":"1","adsQueueType":"priority","gpRateUsURL":"","isHideAds":"0","childDirected":"1","mediationLog":"0","store":"42","sequences":[{"seqTitleID":"2","isFirstSkip":"False","failOverAdID":"2"," isFirstSkipRewardedVideo":"False"," bannerEnabled":"False","bannerPosition":"1","failOverAdIDBanner":"42","failOverAdIDNative":"44","failOverAdIDRewardedVideo":"15","nativeEnabled":"False","nativeWidth":"113","nativeHeight":"113","interstitialAndVideo":[{"adID":"2","adOrder":"1"}],"rewardedVideo":[{"adID":"15","adOrder":"1"}],"native":[{"adID":"44","adOrder":"1"}],"banner":[{"adID":"42","adOrder":"1"}],"icon":{"enabled":"False","adID":"59","size":"1"}}],"appAdnetwork":[{"adID":"2","isAdavailable":"1"},{"adID":"42","isAdavailable":"1"},{"adID":"44","isAdavailable":"1"},{"adID":"15","isAdavailable":"1"},{"adID":"59","isAdavailable":"1"}]}: Status code forbidden, internet connectivity not availablehttp://52.13.174.6/sheeda/admin/json/syncApp please check your internet connection 28
{"package":"com.devon-technologies.thinktogo","title":"DEVONthink To Go","gssdkVersion":"6.2.1","sdkVersionID":"2179","sdkVersion":"2179","userSignature":"a31265023c3eb8a0e11a55e1b57f3b30","appVersionCode":"","appVersionName":"","totalSequences":"1","adsQueueType":"priority","gpRateUsURL":"","isHideAds":"0","childDirected":"1","mediationLog":"0","store":"42","sequences":[{"seqTitleID":"2","isFirstSkip":"False","failOverAdID":"2"," isFirstSkipRewardedVideo":"False"," bannerEnabled":"False","bannerPosition":"1","failOverAdIDBanner":"42","failOverAdIDNative":"44","failOverAdIDRewardedVideo":"15","nativeEnabled":"False","nativeWidth":"113","nativeHeight":"113","interstitialAndVideo":[{"adID":"2","adOrder":"1"}],"rewardedVideo":[{"adID":"15","adOrder":"1"}],"native":[{"adID":"44","adOrder":"1"}],"banner":[{"adID":"42","adOrder":"1"}],"icon":{"enabled":"False","adID":"59","size":"1"}}],"appAdnetwork":[{"adID":"2","isAdavailable":"1"},{"adID":"42","isAdavailable":"1"},{"adID":"44","isAdavailable":"1"},{"adID":"15","isAdavailable":"1"},{"adID":"59","isAdavailable":"1"}]}: Status code not OK,http://52.13.174.6/sheeda/admin/json/syncApp API has failed at 28 Forbidden{"message":"HTTP Error 401 - Unauthorized: Access is denied due to invalid credentials."}
{"package":"com.devon-technologies.thinktogo","title":"DEVONthink To Go","gssdkVersion":"6.2.1","sdkVersionID":"2179","sdkVersion":"2179","userSignature":"a31265023c3eb8a0e11a55e1b57f3b30","appVersionCode":"","appVersionName":"","totalSequences":"1","adsQueueType":"priority","gpRateUsURL":"","isHideAds":"0","childDirected":"1","mediationLog":"0","store":"42","sequences":[{"seqTitleID":"2","isFirstSkip":"False","failOverAdID":"2"," isFirstSkipRewardedVideo":"False"," bannerEnabled":"False","bannerPosition":"1","failOverAdIDBanner":"42","failOverAdIDNative":"44","failOverAdIDRewardedVideo":"15","nativeEnabled":"False","nativeWidth":"113","nativeHeight":"113","interstitialAndVideo":[{"adID":"2","adOrder":"1"}],"rewardedVideo":[{"adID":"15","adOrder":"1"}],"native":[{"adID":"44","adOrder":"1"}],"banner":[{"adID":"42","adOrder":"1"}],"icon":{"enabled":"False","adID":"59","size":"1"}}],"appAdnetwork":[{"adID":"2","isAdavailable":"1"},{"adID":"42","isAdavailable":"1"},{"adID":"44","isAdavailable":"1"},{"adID":"15","isAdavailable":"1"},{"adID":"59","isAdavailable":"1"}]}: http://52.13.174.6/sheeda/admin/json/syncAppAPI failed as it is not correct json response in content type 28{"message":"HTTP Error 401 - Unauthorized: Access is denied due to invalid credentials."}
****************** http://52.13.174.6/sheeda/admin/json/syncApp
****************** http://52.13.174.6/sheeda/admin/json/syncApp
{"package":"com.playaction.cyber.truck.transport.simulator","title":"Police Robot Monster","gssdkVersion":"6.2.1","sdkVersionID":"2180","sdkVersion":"2180","userSignature":"a31265023c3eb8a0e11a55e1b57f3b30","appVersionCode":"","appVersionName":"","totalSequences":"1","adsQueueType":"priority","gpRateUsURL":"","isHideAds":"0","childDirected":"1","mediationLog":"0","store":"41","sequences":[{"seqTitleID":"22","isFirstSkip":"False","failOverAdID":"5"," isFirstSkipRewardedVideo":"False"," bannerEnabled":"False","bannerPosition":"5","failOverAdIDBanner":"43","failOverAdIDNative":"58","failOverAdIDRewardedVideo":"20","nativeEnabled":"False","nativeWidth":"274","nativeHeight":"274","interstitialAndVideo":[{"adID":"5","adOrder":"8"}],"rewardedVideo":[{"adID":"20","adOrder":"8"}],"native":[{"adID":"58","adOrder":"8"}],"banner":[{"adID":"43","adOrder":"8"}],"icon":{"enabled":"False","adID":"59","size":"2"}}],"appAdnetwork":[{"adID":"5","isAdavailable":"1"},{"adID":"43","isAdavailable":"1"},{"adID":"58","isAdavailable":"1"},{"adID":"20","isAdavailable":"1"},{"adID":"59","isAdavailable":"1"}]}: Status code forbidden, internet connectivity not availablehttp://52.13.174.6/sheeda/admin/json/syncApp please check your internet connection 29
{"package":"com.playaction.cyber.truck.transport.simulator","title":"Police Robot Monster","gssdkVersion":"6.2.1","sdkVersionID":"2180","sdkVersion":"2180","userSignature":"a31265023c3eb8a0e11a55e1b57f3b30","appVersionCode":"","appVersionName":"","totalSequences":"1","adsQueueType":"priority","gpRateUsURL":"","isHideAds":"0","childDirected":"1","mediationLog":"0","store":"41","sequences":[{"seqTitleID":"22","isFirstSkip":"False","failOverAdID":"5"," isFirstSkipRewardedVideo":"False"," bannerEnabled":"False","bannerPosition":"5","failOverAdIDBanner":"43","failOverAdIDNative":"58","failOverAdIDRewardedVideo":"20","nativeEnabled":"False","nativeWidth":"274","nativeHeight":"274","interstitialAndVideo":[{"adID":"5","adOrder":"8"}],"rewardedVideo":[{"adID":"20","adOrder":"8"}],"native":[{"adID":"58","adOrder":"8"}],"banner":[{"adID":"43","adOrder":"8"}],"icon":{"enabled":"False","adID":"59","size":"2"}}],"appAdnetwork":[{"adID":"5","isAdavailable":"1"},{"adID":"43","isAdavailable":"1"},{"adID":"58","isAdavailable":"1"},{"adID":"20","isAdavailable":"1"},{"adID":"59","isAdavailable":"1"}]}: Status code not OK,http://52.13.174.6/sheeda/admin/json/syncApp API has failed at 29 Forbidden{"message":"HTTP Error 401 - Unauthorized: Access is denied due to invalid credentials."}
{"package":"com.playaction.cyber.truck.transport.simulator","title":"Police Robot Monster","gssdkVersion":"6.2.1","sdkVersionID":"2180","sdkVersion":"2180","userSignature":"a31265023c3eb8a0e11a55e1b57f3b30","appVersionCode":"","appVersionName":"","totalSequences":"1","adsQueueType":"priority","gpRateUsURL":"","isHideAds":"0","childDirected":"1","mediationLog":"0","store":"41","sequences":[{"seqTitleID":"22","isFirstSkip":"False","failOverAdID":"5"," isFirstSkipRewardedVideo":"False"," bannerEnabled":"False","bannerPosition":"5","failOverAdIDBanner":"43","failOverAdIDNative":"58","failOverAdIDRewardedVideo":"20","nativeEnabled":"False","nativeWidth":"274","nativeHeight":"274","interstitialAndVideo":[{"adID":"5","adOrder":"8"}],"rewardedVideo":[{"adID":"20","adOrder":"8"}],"native":[{"adID":"58","adOrder":"8"}],"banner":[{"adID":"43","adOrder":"8"}],"icon":{"enabled":"False","adID":"59","size":"2"}}],"appAdnetwork":[{"adID":"5","isAdavailable":"1"},{"adID":"43","isAdavailable":"1"},{"adID":"58","isAdavailable":"1"},{"adID":"20","isAdavailable":"1"},{"adID":"59","isAdavailable":"1"}]}: http://52.13.174.6/sheeda/admin/json/syncAppAPI failed as it is not correct json response in content type 29{"message":"HTTP Error 401 - Unauthorized: Access is denied due to invalid credentials."}
****************** http://52.13.174.6/sheeda/admin/json/syncApp
****************** http://52.13.174.6/sheeda/admin/json/syncApp
{"package":"com.getepic.Epic","title":"Epic: Kids' Books &amp; Educational Reading Library","gssdkVersion":"v6.2.1","sdkVersionID":"2181","sdkVersion":"2181","userSignature":"a31265023c3eb8a0e11a55e1b57f3b30","appVersionCode":"","appVersionName":"","totalSequences":"1","adsQueueType":"priority","gpRateUsURL":"","isHideAds":"0","childDirected":"1","mediationLog":"0","store":"41","sequences":[{"seqTitleID":"24","isFirstSkip":"False","failOverAdID":"7"," isFirstSkipRewardedVideo":"False"," bannerEnabled":"False","bannerPosition":"5","failOverAdIDBanner":"45","failOverAdIDNative":"63","failOverAdIDRewardedVideo":"21","nativeEnabled":"False","nativeWidth":"290","nativeHeight":"290","interstitialAndVideo":[{"adID":"7","adOrder":"9"}],"rewardedVideo":[{"adID":"21","adOrder":"9"}],"native":[{"adID":"63","adOrder":"9"}],"banner":[{"adID":"45","adOrder":"9"}],"icon":{"enabled":"False","adID":"59","size":"2"}}],"appAdnetwork":[{"adID":"7","isAdavailable":"1"},{"adID":"45","isAdavailable":"1"},{"adID":"63","isAdavailable":"1"},{"adID":"21","isAdavailable":"1"},{"adID":"59","isAdavailable":"1"}]}: Status code forbidden, internet connectivity not availablehttp://52.13.174.6/sheeda/admin/json/syncApp please check your internet connection 30
{"package":"com.getepic.Epic","title":"Epic: Kids' Books &amp; Educational Reading Library","gssdkVersion":"v6.2.1","sdkVersionID":"2181","sdkVersion":"2181","userSignature":"a31265023c3eb8a0e11a55e1b57f3b30","appVersionCode":"","appVersionName":"","totalSequences":"1","adsQueueType":"priority","gpRateUsURL":"","isHideAds":"0","childDirected":"1","mediationLog":"0","store":"41","sequences":[{"seqTitleID":"24","isFirstSkip":"False","failOverAdID":"7"," isFirstSkipRewardedVideo":"False"," bannerEnabled":"False","bannerPosition":"5","failOverAdIDBanner":"45","failOverAdIDNative":"63","failOverAdIDRewardedVideo":"21","nativeEnabled":"False","nativeWidth":"290","nativeHeight":"290","interstitialAndVideo":[{"adID":"7","adOrder":"9"}],"rewardedVideo":[{"adID":"21","adOrder":"9"}],"native":[{"adID":"63","adOrder":"9"}],"banner":[{"adID":"45","adOrder":"9"}],"icon":{"enabled":"False","adID":"59","size":"2"}}],"appAdnetwork":[{"adID":"7","isAdavailable":"1"},{"adID":"45","isAdavailable":"1"},{"adID":"63","isAdavailable":"1"},{"adID":"21","isAdavailable":"1"},{"adID":"59","isAdavailable":"1"}]}: Status code not OK,http://52.13.174.6/sheeda/admin/json/syncApp API has failed at 30 Forbidden{"message":"HTTP Error 401 - Unauthorized: Access is denied due to invalid credentials."}
{"package":"com.getepic.Epic","title":"Epic: Kids' Books &amp; Educational Reading Library","gssdkVersion":"v6.2.1","sdkVersionID":"2181","sdkVersion":"2181","userSignature":"a31265023c3eb8a0e11a55e1b57f3b30","appVersionCode":"","appVersionName":"","totalSequences":"1","adsQueueType":"priority","gpRateUsURL":"","isHideAds":"0","childDirected":"1","mediationLog":"0","store":"41","sequences":[{"seqTitleID":"24","isFirstSkip":"False","failOverAdID":"7"," isFirstSkipRewardedVideo":"False"," bannerEnabled":"False","bannerPosition":"5","failOverAdIDBanner":"45","failOverAdIDNative":"63","failOverAdIDRewardedVideo":"21","nativeEnabled":"False","nativeWidth":"290","nativeHeight":"290","interstitialAndVideo":[{"adID":"7","adOrder":"9"}],"rewardedVideo":[{"adID":"21","adOrder":"9"}],"native":[{"adID":"63","adOrder":"9"}],"banner":[{"adID":"45","adOrder":"9"}],"icon":{"enabled":"False","adID":"59","size":"2"}}],"appAdnetwork":[{"adID":"7","isAdavailable":"1"},{"adID":"45","isAdavailable":"1"},{"adID":"63","isAdavailable":"1"},{"adID":"21","isAdavailable":"1"},{"adID":"59","isAdavailable":"1"}]}: http://52.13.174.6/sheeda/admin/json/syncAppAPI failed as it is not correct json response in content type 30{"message":"HTTP Error 401 - Unauthorized: Access is denied due to invalid credentials."}
****************** http://52.13.174.6/sheeda/admin/json/syncApp
****************** http://52.13.174.6/sheeda/admin/json/syncApp
{"package":"com.threed.wild.horse.city.attack.rampage.survival.simulator.game","title":"Horse City Rampage","gssdkVersion":"v6.2.1","sdkVersionID":"2182","sdkVersion":"2182","userSignature":"a31265023c3eb8a0e11a55e1b57f3b30","appVersionCode":"","appVersionName":"","totalSequences":"1","adsQueueType":"priority","gpRateUsURL":"","isHideAds":"0","childDirected":"1","mediationLog":"0","store":"41","sequences":[{"seqTitleID":"15","isFirstSkip":"False","failOverAdID":"8"," isFirstSkipRewardedVideo":"False"," bannerEnabled":"False","bannerPosition":"3","failOverAdIDBanner":"49","failOverAdIDNative":"69","failOverAdIDRewardedVideo":"24","nativeEnabled":"False","nativeWidth":"218","nativeHeight":"218","interstitialAndVideo":[{"adID":"8","adOrder":"6"}],"rewardedVideo":[{"adID":"24","adOrder":"6"}],"native":[{"adID":"69","adOrder":"6"}],"banner":[{"adID":"49","adOrder":"6"}],"icon":{"enabled":"False","adID":"59","size":"2"}}],"appAdnetwork":[{"adID":"8","isAdavailable":"1"},{"adID":"49","isAdavailable":"1"},{"adID":"69","isAdavailable":"1"},{"adID":"24","isAdavailable":"1"},{"adID":"59","isAdavailable":"1"}]}: Status code forbidden, internet connectivity not availablehttp://52.13.174.6/sheeda/admin/json/syncApp please check your internet connection 31
{"package":"com.threed.wild.horse.city.attack.rampage.survival.simulator.game","title":"Horse City Rampage","gssdkVersion":"v6.2.1","sdkVersionID":"2182","sdkVersion":"2182","userSignature":"a31265023c3eb8a0e11a55e1b57f3b30","appVersionCode":"","appVersionName":"","totalSequences":"1","adsQueueType":"priority","gpRateUsURL":"","isHideAds":"0","childDirected":"1","mediationLog":"0","store":"41","sequences":[{"seqTitleID":"15","isFirstSkip":"False","failOverAdID":"8"," isFirstSkipRewardedVideo":"False"," bannerEnabled":"False","bannerPosition":"3","failOverAdIDBanner":"49","failOverAdIDNative":"69","failOverAdIDRewardedVideo":"24","nativeEnabled":"False","nativeWidth":"218","nativeHeight":"218","interstitialAndVideo":[{"adID":"8","adOrder":"6"}],"rewardedVideo":[{"adID":"24","adOrder":"6"}],"native":[{"adID":"69","adOrder":"6"}],"banner":[{"adID":"49","adOrder":"6"}],"icon":{"enabled":"False","adID":"59","size":"2"}}],"appAdnetwork":[{"adID":"8","isAdavailable":"1"},{"adID":"49","isAdavailable":"1"},{"adID":"69","isAdavailable":"1"},{"adID":"24","isAdavailable":"1"},{"adID":"59","isAdavailable":"1"}]}: Status code not OK,http://52.13.174.6/sheeda/admin/json/syncApp API has failed at 31 Forbidden{"message":"HTTP Error 401 - Unauthorized: Access is denied due to invalid credentials."}
{"package":"com.threed.wild.horse.city.attack.rampage.survival.simulator.game","title":"Horse City Rampage","gssdkVersion":"v6.2.1","sdkVersionID":"2182","sdkVersion":"2182","userSignature":"a31265023c3eb8a0e11a55e1b57f3b30","appVersionCode":"","appVersionName":"","totalSequences":"1","adsQueueType":"priority","gpRateUsURL":"","isHideAds":"0","childDirected":"1","mediationLog":"0","store":"41","sequences":[{"seqTitleID":"15","isFirstSkip":"False","failOverAdID":"8"," isFirstSkipRewardedVideo":"False"," bannerEnabled":"False","bannerPosition":"3","failOverAdIDBanner":"49","failOverAdIDNative":"69","failOverAdIDRewardedVideo":"24","nativeEnabled":"False","nativeWidth":"218","nativeHeight":"218","interstitialAndVideo":[{"adID":"8","adOrder":"6"}],"rewardedVideo":[{"adID":"24","adOrder":"6"}],"native":[{"adID":"69","adOrder":"6"}],"banner":[{"adID":"49","adOrder":"6"}],"icon":{"enabled":"False","adID":"59","size":"2"}}],"appAdnetwork":[{"adID":"8","isAdavailable":"1"},{"adID":"49","isAdavailable":"1"},{"adID":"69","isAdavailable":"1"},{"adID":"24","isAdavailable":"1"},{"adID":"59","isAdavailable":"1"}]}: http://52.13.174.6/sheeda/admin/json/syncAppAPI failed as it is not correct json response in content type 31{"message":"HTTP Error 401 - Unauthorized: Access is denied due to invalid credentials."}
****************** http://52.13.174.6/sheeda/admin/json/syncApp
****************** http://52.13.174.6/sheeda/admin/json/syncApp
{"package":"com.yhi.high.speed.car.stunt.racing","title":"High Speed Car Stunt Racing","gssdkVersion":"v6.2.1-1","sdkVersionID":"2185","sdkVersion":"2185","userSignature":"a31265023c3eb8a0e11a55e1b57f3b30","appVersionCode":"","appVersionName":"","totalSequences":"1","adsQueueType":"priority","gpRateUsURL":"","isHideAds":"0","childDirected":"1","mediationLog":"0","store":"41","sequences":[{"seqTitleID":"22","isFirstSkip":"False","failOverAdID":"12"," isFirstSkipRewardedVideo":"False"," bannerEnabled":"False","bannerPosition":"5","failOverAdIDBanner":"53","failOverAdIDNative":"74","failOverAdIDRewardedVideo":"25","nativeEnabled":"False","nativeWidth":"274","nativeHeight":"274","interstitialAndVideo":[{"adID":"12","adOrder":"8"}],"rewardedVideo":[{"adID":"25","adOrder":"8"}],"native":[{"adID":"74","adOrder":"8"}],"banner":[{"adID":"53","adOrder":"8"}],"icon":{"enabled":"False","adID":"59","size":"2"}}],"appAdnetwork":[{"adID":"12","isAdavailable":"1"},{"adID":"53","isAdavailable":"1"},{"adID":"74","isAdavailable":"1"},{"adID":"25","isAdavailable":"1"},{"adID":"59","isAdavailable":"1"}]}: Status code forbidden, internet connectivity not availablehttp://52.13.174.6/sheeda/admin/json/syncApp please check your internet connection 32
{"package":"com.yhi.high.speed.car.stunt.racing","title":"High Speed Car Stunt Racing","gssdkVersion":"v6.2.1-1","sdkVersionID":"2185","sdkVersion":"2185","userSignature":"a31265023c3eb8a0e11a55e1b57f3b30","appVersionCode":"","appVersionName":"","totalSequences":"1","adsQueueType":"priority","gpRateUsURL":"","isHideAds":"0","childDirected":"1","mediationLog":"0","store":"41","sequences":[{"seqTitleID":"22","isFirstSkip":"False","failOverAdID":"12"," isFirstSkipRewardedVideo":"False"," bannerEnabled":"False","bannerPosition":"5","failOverAdIDBanner":"53","failOverAdIDNative":"74","failOverAdIDRewardedVideo":"25","nativeEnabled":"False","nativeWidth":"274","nativeHeight":"274","interstitialAndVideo":[{"adID":"12","adOrder":"8"}],"rewardedVideo":[{"adID":"25","adOrder":"8"}],"native":[{"adID":"74","adOrder":"8"}],"banner":[{"adID":"53","adOrder":"8"}],"icon":{"enabled":"False","adID":"59","size":"2"}}],"appAdnetwork":[{"adID":"12","isAdavailable":"1"},{"adID":"53","isAdavailable":"1"},{"adID":"74","isAdavailable":"1"},{"adID":"25","isAdavailable":"1"},{"adID":"59","isAdavailable":"1"}]}: Status code not OK,http://52.13.174.6/sheeda/admin/json/syncApp API has failed at 32 Forbidden{"message":"HTTP Error 401 - Unauthorized: Access is denied due to invalid credentials."}
{"package":"com.yhi.high.speed.car.stunt.racing","title":"High Speed Car Stunt Racing","gssdkVersion":"v6.2.1-1","sdkVersionID":"2185","sdkVersion":"2185","userSignature":"a31265023c3eb8a0e11a55e1b57f3b30","appVersionCode":"","appVersionName":"","totalSequences":"1","adsQueueType":"priority","gpRateUsURL":"","isHideAds":"0","childDirected":"1","mediationLog":"0","store":"41","sequences":[{"seqTitleID":"22","isFirstSkip":"False","failOverAdID":"12"," isFirstSkipRewardedVideo":"False"," bannerEnabled":"False","bannerPosition":"5","failOverAdIDBanner":"53","failOverAdIDNative":"74","failOverAdIDRewardedVideo":"25","nativeEnabled":"False","nativeWidth":"274","nativeHeight":"274","interstitialAndVideo":[{"adID":"12","adOrder":"8"}],"rewardedVideo":[{"adID":"25","adOrder":"8"}],"native":[{"adID":"74","adOrder":"8"}],"banner":[{"adID":"53","adOrder":"8"}],"icon":{"enabled":"False","adID":"59","size":"2"}}],"appAdnetwork":[{"adID":"12","isAdavailable":"1"},{"adID":"53","isAdavailable":"1"},{"adID":"74","isAdavailable":"1"},{"adID":"25","isAdavailable":"1"},{"adID":"59","isAdavailable":"1"}]}: http://52.13.174.6/sheeda/admin/json/syncAppAPI failed as it is not correct json response in content type 32{"message":"HTTP Error 401 - Unauthorized: Access is denied due to invalid credentials."}
****************** http://52.13.174.6/sheeda/admin/json/syncApp
****************** http://52.13.174.6/sheeda/admin/json/syncApp
{"package":"com.weheartit","title":"We Heart It","gssdkVersion":"v6.3.1","sdkVersionID":"2193","sdkVersion":"2193","userSignature":"a31265023c3eb8a0e11a55e1b57f3b30","appVersionCode":"","appVersionName":"","totalSequences":"1","adsQueueType":"priority","gpRateUsURL":"","isHideAds":"0","childDirected":"1","mediationLog":"0","store":"41","sequences":[{"seqTitleID":"13","isFirstSkip":"False","failOverAdID":"18"," isFirstSkipRewardedVideo":"False"," bannerEnabled":"False","bannerPosition":"3","failOverAdIDBanner":"56","failOverAdIDNative":"75","failOverAdIDRewardedVideo":"26","nativeEnabled":"False","nativeWidth":"201","nativeHeight":"201","interstitialAndVideo":[{"adID":"18","adOrder":"5"}],"rewardedVideo":[{"adID":"26","adOrder":"5"}],"native":[{"adID":"75","adOrder":"5"}],"banner":[{"adID":"56","adOrder":"5"}],"icon":{"enabled":"False","adID":"59","size":"2"}}],"appAdnetwork":[{"adID":"18","isAdavailable":"1"},{"adID":"56","isAdavailable":"1"},{"adID":"75","isAdavailable":"1"},{"adID":"26","isAdavailable":"1"},{"adID":"59","isAdavailable":"1"}]}: Status code forbidden, internet connectivity not availablehttp://52.13.174.6/sheeda/admin/json/syncApp please check your internet connection 33
{"package":"com.weheartit","title":"We Heart It","gssdkVersion":"v6.3.1","sdkVersionID":"2193","sdkVersion":"2193","userSignature":"a31265023c3eb8a0e11a55e1b57f3b30","appVersionCode":"","appVersionName":"","totalSequences":"1","adsQueueType":"priority","gpRateUsURL":"","isHideAds":"0","childDirected":"1","mediationLog":"0","store":"41","sequences":[{"seqTitleID":"13","isFirstSkip":"False","failOverAdID":"18"," isFirstSkipRewardedVideo":"False"," bannerEnabled":"False","bannerPosition":"3","failOverAdIDBanner":"56","failOverAdIDNative":"75","failOverAdIDRewardedVideo":"26","nativeEnabled":"False","nativeWidth":"201","nativeHeight":"201","interstitialAndVideo":[{"adID":"18","adOrder":"5"}],"rewardedVideo":[{"adID":"26","adOrder":"5"}],"native":[{"adID":"75","adOrder":"5"}],"banner":[{"adID":"56","adOrder":"5"}],"icon":{"enabled":"False","adID":"59","size":"2"}}],"appAdnetwork":[{"adID":"18","isAdavailable":"1"},{"adID":"56","isAdavailable":"1"},{"adID":"75","isAdavailable":"1"},{"adID":"26","isAdavailable":"1"},{"adID":"59","isAdavailable":"1"}]}: Status code not OK,http://52.13.174.6/sheeda/admin/json/syncApp API has failed at 33 Forbidden{"message":"HTTP Error 401 - Unauthorized: Access is denied due to invalid credentials."}
{"package":"com.weheartit","title":"We Heart It","gssdkVersion":"v6.3.1","sdkVersionID":"2193","sdkVersion":"2193","userSignature":"a31265023c3eb8a0e11a55e1b57f3b30","appVersionCode":"","appVersionName":"","totalSequences":"1","adsQueueType":"priority","gpRateUsURL":"","isHideAds":"0","childDirected":"1","mediationLog":"0","store":"41","sequences":[{"seqTitleID":"13","isFirstSkip":"False","failOverAdID":"18"," isFirstSkipRewardedVideo":"False"," bannerEnabled":"False","bannerPosition":"3","failOverAdIDBanner":"56","failOverAdIDNative":"75","failOverAdIDRewardedVideo":"26","nativeEnabled":"False","nativeWidth":"201","nativeHeight":"201","interstitialAndVideo":[{"adID":"18","adOrder":"5"}],"rewardedVideo":[{"adID":"26","adOrder":"5"}],"native":[{"adID":"75","adOrder":"5"}],"banner":[{"adID":"56","adOrder":"5"}],"icon":{"enabled":"False","adID":"59","size":"2"}}],"appAdnetwork":[{"adID":"18","isAdavailable":"1"},{"adID":"56","isAdavailable":"1"},{"adID":"75","isAdavailable":"1"},{"adID":"26","isAdavailable":"1"},{"adID":"59","isAdavailable":"1"}]}: http://52.13.174.6/sheeda/admin/json/syncAppAPI failed as it is not correct json response in content type 33{"message":"HTTP Error 401 - Unauthorized: Access is denied due to invalid credentials."}
****************** http://52.13.174.6/sheeda/admin/json/syncApp
****************** http://52.13.174.6/sheeda/admin/json/syncApp
{"package":"com.yhi.whale.shark.fps.sniper.shooter.hunter.game","title":"Whale Shark Attack Sniper Shooting","gssdkVersion":"v6.3.1","sdkVersionID":"2194","sdkVersion":"2194","userSignature":"a31265023c3eb8a0e11a55e1b57f3b30","appVersionCode":"","appVersionName":"","totalSequences":"1","adsQueueType":"priority","gpRateUsURL":"","isHideAds":"0","childDirected":"1","mediationLog":"0","store":"41","sequences":[{"seqTitleID":"8","isFirstSkip":"False","failOverAdID":"19"," isFirstSkipRewardedVideo":"False"," bannerEnabled":"False","bannerPosition":"2","failOverAdIDBanner":"57","failOverAdIDNative":"78","failOverAdIDRewardedVideo":"32","nativeEnabled":"False","nativeWidth":"162","nativeHeight":"162","interstitialAndVideo":[{"adID":"19","adOrder":"3"}],"rewardedVideo":[{"adID":"32","adOrder":"3"}],"native":[{"adID":"78","adOrder":"3"}],"banner":[{"adID":"57","adOrder":"3"}],"icon":{"enabled":"False","adID":"59","size":"1"}}],"appAdnetwork":[{"adID":"19","isAdavailable":"1"},{"adID":"57","isAdavailable":"1"},{"adID":"78","isAdavailable":"1"},{"adID":"32","isAdavailable":"1"},{"adID":"59","isAdavailable":"1"}]}: Status code forbidden, internet connectivity not availablehttp://52.13.174.6/sheeda/admin/json/syncApp please check your internet connection 34
{"package":"com.yhi.whale.shark.fps.sniper.shooter.hunter.game","title":"Whale Shark Attack Sniper Shooting","gssdkVersion":"v6.3.1","sdkVersionID":"2194","sdkVersion":"2194","userSignature":"a31265023c3eb8a0e11a55e1b57f3b30","appVersionCode":"","appVersionName":"","totalSequences":"1","adsQueueType":"priority","gpRateUsURL":"","isHideAds":"0","childDirected":"1","mediationLog":"0","store":"41","sequences":[{"seqTitleID":"8","isFirstSkip":"False","failOverAdID":"19"," isFirstSkipRewardedVideo":"False"," bannerEnabled":"False","bannerPosition":"2","failOverAdIDBanner":"57","failOverAdIDNative":"78","failOverAdIDRewardedVideo":"32","nativeEnabled":"False","nativeWidth":"162","nativeHeight":"162","interstitialAndVideo":[{"adID":"19","adOrder":"3"}],"rewardedVideo":[{"adID":"32","adOrder":"3"}],"native":[{"adID":"78","adOrder":"3"}],"banner":[{"adID":"57","adOrder":"3"}],"icon":{"enabled":"False","adID":"59","size":"1"}}],"appAdnetwork":[{"adID":"19","isAdavailable":"1"},{"adID":"57","isAdavailable":"1"},{"adID":"78","isAdavailable":"1"},{"adID":"32","isAdavailable":"1"},{"adID":"59","isAdavailable":"1"}]}: Status code not OK,http://52.13.174.6/sheeda/admin/json/syncApp API has failed at 34 Forbidden{"message":"HTTP Error 401 - Unauthorized: Access is denied due to invalid credentials."}
{"package":"com.yhi.whale.shark.fps.sniper.shooter.hunter.game","title":"Whale Shark Attack Sniper Shooting","gssdkVersion":"v6.3.1","sdkVersionID":"2194","sdkVersion":"2194","userSignature":"a31265023c3eb8a0e11a55e1b57f3b30","appVersionCode":"","appVersionName":"","totalSequences":"1","adsQueueType":"priority","gpRateUsURL":"","isHideAds":"0","childDirected":"1","mediationLog":"0","store":"41","sequences":[{"seqTitleID":"8","isFirstSkip":"False","failOverAdID":"19"," isFirstSkipRewardedVideo":"False"," bannerEnabled":"False","bannerPosition":"2","failOverAdIDBanner":"57","failOverAdIDNative":"78","failOverAdIDRewardedVideo":"32","nativeEnabled":"False","nativeWidth":"162","nativeHeight":"162","interstitialAndVideo":[{"adID":"19","adOrder":"3"}],"rewardedVideo":[{"adID":"32","adOrder":"3"}],"native":[{"adID":"78","adOrder":"3"}],"banner":[{"adID":"57","adOrder":"3"}],"icon":{"enabled":"False","adID":"59","size":"1"}}],"appAdnetwork":[{"adID":"19","isAdavailable":"1"},{"adID":"57","isAdavailable":"1"},{"adID":"78","isAdavailable":"1"},{"adID":"32","isAdavailable":"1"},{"adID":"59","isAdavailable":"1"}]}: http://52.13.174.6/sheeda/admin/json/syncAppAPI failed as it is not correct json response in content type 34{"message":"HTTP Error 401 - Unauthorized: Access is denied due to invalid credentials."}
****************** http://52.13.174.6/sheeda/admin/json/syncApp
****************** http://52.13.174.6/sheeda/admin/json/syncApp
{"package":"com.threed.real.robot.firefighter.transformation.rescue.mission","title":"Fire Fighter Truck Robot","gssdkVersion":"v6.4.1","sdkVersionID":"2199","sdkVersion":"2199","userSignature":"a31265023c3eb8a0e11a55e1b57f3b30","appVersionCode":"","appVersionName":"","totalSequences":"1","adsQueueType":"priority","gpRateUsURL":"","isHideAds":"0","childDirected":"1","mediationLog":"0","store":"41","sequences":[{"seqTitleID":"15","isFirstSkip":"False","failOverAdID":"29"," isFirstSkipRewardedVideo":"False"," bannerEnabled":"False","bannerPosition":"3","failOverAdIDBanner":"68","failOverAdIDNative":"79","failOverAdIDRewardedVideo":"34","nativeEnabled":"False","nativeWidth":"218","nativeHeight":"218","interstitialAndVideo":[{"adID":"29","adOrder":"6"}],"rewardedVideo":[{"adID":"34","adOrder":"6"}],"native":[{"adID":"79","adOrder":"6"}],"banner":[{"adID":"68","adOrder":"6"}],"icon":{"enabled":"False","adID":"59","size":"2"}}],"appAdnetwork":[{"adID":"29","isAdavailable":"1"},{"adID":"68","isAdavailable":"1"},{"adID":"79","isAdavailable":"1"},{"adID":"34","isAdavailable":"1"},{"adID":"59","isAdavailable":"1"}]}: Status code forbidden, internet connectivity not availablehttp://52.13.174.6/sheeda/admin/json/syncApp please check your internet connection 35
{"package":"com.threed.real.robot.firefighter.transformation.rescue.mission","title":"Fire Fighter Truck Robot","gssdkVersion":"v6.4.1","sdkVersionID":"2199","sdkVersion":"2199","userSignature":"a31265023c3eb8a0e11a55e1b57f3b30","appVersionCode":"","appVersionName":"","totalSequences":"1","adsQueueType":"priority","gpRateUsURL":"","isHideAds":"0","childDirected":"1","mediationLog":"0","store":"41","sequences":[{"seqTitleID":"15","isFirstSkip":"False","failOverAdID":"29"," isFirstSkipRewardedVideo":"False"," bannerEnabled":"False","bannerPosition":"3","failOverAdIDBanner":"68","failOverAdIDNative":"79","failOverAdIDRewardedVideo":"34","nativeEnabled":"False","nativeWidth":"218","nativeHeight":"218","interstitialAndVideo":[{"adID":"29","adOrder":"6"}],"rewardedVideo":[{"adID":"34","adOrder":"6"}],"native":[{"adID":"79","adOrder":"6"}],"banner":[{"adID":"68","adOrder":"6"}],"icon":{"enabled":"False","adID":"59","size":"2"}}],"appAdnetwork":[{"adID":"29","isAdavailable":"1"},{"adID":"68","isAdavailable":"1"},{"adID":"79","isAdavailable":"1"},{"adID":"34","isAdavailable":"1"},{"adID":"59","isAdavailable":"1"}]}: Status code not OK,http://52.13.174.6/sheeda/admin/json/syncApp API has failed at 35 Forbidden{"message":"HTTP Error 401 - Unauthorized: Access is denied due to invalid credentials."}
{"package":"com.threed.real.robot.firefighter.transformation.rescue.mission","title":"Fire Fighter Truck Robot","gssdkVersion":"v6.4.1","sdkVersionID":"2199","sdkVersion":"2199","userSignature":"a31265023c3eb8a0e11a55e1b57f3b30","appVersionCode":"","appVersionName":"","totalSequences":"1","adsQueueType":"priority","gpRateUsURL":"","isHideAds":"0","childDirected":"1","mediationLog":"0","store":"41","sequences":[{"seqTitleID":"15","isFirstSkip":"False","failOverAdID":"29"," isFirstSkipRewardedVideo":"False"," bannerEnabled":"False","bannerPosition":"3","failOverAdIDBanner":"68","failOverAdIDNative":"79","failOverAdIDRewardedVideo":"34","nativeEnabled":"False","nativeWidth":"218","nativeHeight":"218","interstitialAndVideo":[{"adID":"29","adOrder":"6"}],"rewardedVideo":[{"adID":"34","adOrder":"6"}],"native":[{"adID":"79","adOrder":"6"}],"banner":[{"adID":"68","adOrder":"6"}],"icon":{"enabled":"False","adID":"59","size":"2"}}],"appAdnetwork":[{"adID":"29","isAdavailable":"1"},{"adID":"68","isAdavailable":"1"},{"adID":"79","isAdavailable":"1"},{"adID":"34","isAdavailable":"1"},{"adID":"59","isAdavailable":"1"}]}: http://52.13.174.6/sheeda/admin/json/syncAppAPI failed as it is not correct json response in content type 35{"message":"HTTP Error 401 - Unauthorized: Access is denied due to invalid credentials."}
****************** http://52.13.174.6/sheeda/admin/json/syncApp
****************** http://52.13.174.6/sheeda/admin/json/syncApp
{"package":"com.deg.offroad.jeep.snow.mountain.driving.simulator","title":"offroad Snow Mountain Jeep Driving Simulator","gssdkVersion":"6.1.1","sdkVersionID":"2174","sdkVersion":"2174","userSignature":"a31265023c3eb8a0e11a55e1b57f3b30","appVersionCode":"","appVersionName":"","totalSequences":"1","adsQueueType":"priority","gpRateUsURL":"","isHideAds":"0","childDirected":"1","mediationLog":"0","store":"41","sequences":[{"seqTitleID":"17","isFirstSkip":"False","failOverAdID":"0"," isFirstSkipRewardedVideo":"False"," bannerEnabled":"False","bannerPosition":"4","failOverAdIDBanner":"28","failOverAdIDNative":"27","failOverAdIDRewardedVideo":"4","nativeEnabled":"False","nativeWidth":"234","nativeHeight":"234","interstitialAndVideo":[{"adID":"0","adOrder":"7"}],"rewardedVideo":[{"adID":"4","adOrder":"7"}],"native":[{"adID":"27","adOrder":"7"}],"banner":[{"adID":"28","adOrder":"7"}],"icon":{"enabled":"False","adID":"59","size":"2"}}],"appAdnetwork":[{"adID":"0","isAdavailable":"1"},{"adID":"28","isAdavailable":"1"},{"adID":"27","isAdavailable":"1"},{"adID":"4","isAdavailable":"1"},{"adID":"59","isAdavailable":"1"}]}: Status code forbidden, internet connectivity not availablehttp://52.13.174.6/sheeda/admin/json/syncApp please check your internet connection 36
{"package":"com.deg.offroad.jeep.snow.mountain.driving.simulator","title":"offroad Snow Mountain Jeep Driving Simulator","gssdkVersion":"6.1.1","sdkVersionID":"2174","sdkVersion":"2174","userSignature":"a31265023c3eb8a0e11a55e1b57f3b30","appVersionCode":"","appVersionName":"","totalSequences":"1","adsQueueType":"priority","gpRateUsURL":"","isHideAds":"0","childDirected":"1","mediationLog":"0","store":"41","sequences":[{"seqTitleID":"17","isFirstSkip":"False","failOverAdID":"0"," isFirstSkipRewardedVideo":"False"," bannerEnabled":"False","bannerPosition":"4","failOverAdIDBanner":"28","failOverAdIDNative":"27","failOverAdIDRewardedVideo":"4","nativeEnabled":"False","nativeWidth":"234","nativeHeight":"234","interstitialAndVideo":[{"adID":"0","adOrder":"7"}],"rewardedVideo":[{"adID":"4","adOrder":"7"}],"native":[{"adID":"27","adOrder":"7"}],"banner":[{"adID":"28","adOrder":"7"}],"icon":{"enabled":"False","adID":"59","size":"2"}}],"appAdnetwork":[{"adID":"0","isAdavailable":"1"},{"adID":"28","isAdavailable":"1"},{"adID":"27","isAdavailable":"1"},{"adID":"4","isAdavailable":"1"},{"adID":"59","isAdavailable":"1"}]}: Status code not OK,http://52.13.174.6/sheeda/admin/json/syncApp API has failed at 36 Forbidden{"message":"HTTP Error 401 - Unauthorized: Access is denied due to invalid credentials."}
{"package":"com.deg.offroad.jeep.snow.mountain.driving.simulator","title":"offroad Snow Mountain Jeep Driving Simulator","gssdkVersion":"6.1.1","sdkVersionID":"2174","sdkVersion":"2174","userSignature":"a31265023c3eb8a0e11a55e1b57f3b30","appVersionCode":"","appVersionName":"","totalSequences":"1","adsQueueType":"priority","gpRateUsURL":"","isHideAds":"0","childDirected":"1","mediationLog":"0","store":"41","sequences":[{"seqTitleID":"17","isFirstSkip":"False","failOverAdID":"0"," isFirstSkipRewardedVideo":"False"," bannerEnabled":"False","bannerPosition":"4","failOverAdIDBanner":"28","failOverAdIDNative":"27","failOverAdIDRewardedVideo":"4","nativeEnabled":"False","nativeWidth":"234","nativeHeight":"234","interstitialAndVideo":[{"adID":"0","adOrder":"7"}],"rewardedVideo":[{"adID":"4","adOrder":"7"}],"native":[{"adID":"27","adOrder":"7"}],"banner":[{"adID":"28","adOrder":"7"}],"icon":{"enabled":"False","adID":"59","size":"2"}}],"appAdnetwork":[{"adID":"0","isAdavailable":"1"},{"adID":"28","isAdavailable":"1"},{"adID":"27","isAdavailable":"1"},{"adID":"4","isAdavailable":"1"},{"adID":"59","isAdavailable":"1"}]}: http://52.13.174.6/sheeda/admin/json/syncAppAPI failed as it is not correct json response in content type 36{"message":"HTTP Error 401 - Unauthorized: Access is denied due to invalid credentials."}
****************** http://52.13.174.6/sheeda/admin/json/syncApp
****************** http://52.13.174.6/sheeda/admin/json/syncApp
{"package":"com.threed.counter.terrorist.fps.shooter.legend.sniper.game","title":"Counter Terrorist","gssdkVersion":"6.2.1","sdkVersionID":"2179","sdkVersion":"2179","userSignature":"a31265023c3eb8a0e11a55e1b57f3b30","appVersionCode":"","appVersionName":"","totalSequences":"1","adsQueueType":"priority","gpRateUsURL":"","isHideAds":"0","childDirected":"1","mediationLog":"0","store":"41","sequences":[{"seqTitleID":"24","isFirstSkip":"False","failOverAdID":"2"," isFirstSkipRewardedVideo":"False"," bannerEnabled":"False","bannerPosition":"5","failOverAdIDBanner":"42","failOverAdIDNative":"44","failOverAdIDRewardedVideo":"15","nativeEnabled":"False","nativeWidth":"290","nativeHeight":"290","interstitialAndVideo":[{"adID":"2","adOrder":"9"}],"rewardedVideo":[{"adID":"15","adOrder":"9"}],"native":[{"adID":"44","adOrder":"9"}],"banner":[{"adID":"42","adOrder":"9"}],"icon":{"enabled":"False","adID":"59","size":"2"}}],"appAdnetwork":[{"adID":"2","isAdavailable":"1"},{"adID":"42","isAdavailable":"1"},{"adID":"44","isAdavailable":"1"},{"adID":"15","isAdavailable":"1"},{"adID":"59","isAdavailable":"1"}]}: Status code forbidden, internet connectivity not availablehttp://52.13.174.6/sheeda/admin/json/syncApp please check your internet connection 37
{"package":"com.threed.counter.terrorist.fps.shooter.legend.sniper.game","title":"Counter Terrorist","gssdkVersion":"6.2.1","sdkVersionID":"2179","sdkVersion":"2179","userSignature":"a31265023c3eb8a0e11a55e1b57f3b30","appVersionCode":"","appVersionName":"","totalSequences":"1","adsQueueType":"priority","gpRateUsURL":"","isHideAds":"0","childDirected":"1","mediationLog":"0","store":"41","sequences":[{"seqTitleID":"24","isFirstSkip":"False","failOverAdID":"2"," isFirstSkipRewardedVideo":"False"," bannerEnabled":"False","bannerPosition":"5","failOverAdIDBanner":"42","failOverAdIDNative":"44","failOverAdIDRewardedVideo":"15","nativeEnabled":"False","nativeWidth":"290","nativeHeight":"290","interstitialAndVideo":[{"adID":"2","adOrder":"9"}],"rewardedVideo":[{"adID":"15","adOrder":"9"}],"native":[{"adID":"44","adOrder":"9"}],"banner":[{"adID":"42","adOrder":"9"}],"icon":{"enabled":"False","adID":"59","size":"2"}}],"appAdnetwork":[{"adID":"2","isAdavailable":"1"},{"adID":"42","isAdavailable":"1"},{"adID":"44","isAdavailable":"1"},{"adID":"15","isAdavailable":"1"},{"adID":"59","isAdavailable":"1"}]}: Status code not OK,http://52.13.174.6/sheeda/admin/json/syncApp API has failed at 37 Forbidden{"message":"HTTP Error 401 - Unauthorized: Access is denied due to invalid credentials."}
{"package":"com.threed.counter.terrorist.fps.shooter.legend.sniper.game","title":"Counter Terrorist","gssdkVersion":"6.2.1","sdkVersionID":"2179","sdkVersion":"2179","userSignature":"a31265023c3eb8a0e11a55e1b57f3b30","appVersionCode":"","appVersionName":"","totalSequences":"1","adsQueueType":"priority","gpRateUsURL":"","isHideAds":"0","childDirected":"1","mediationLog":"0","store":"41","sequences":[{"seqTitleID":"24","isFirstSkip":"False","failOverAdID":"2"," isFirstSkipRewardedVideo":"False"," bannerEnabled":"False","bannerPosition":"5","failOverAdIDBanner":"42","failOverAdIDNative":"44","failOverAdIDRewardedVideo":"15","nativeEnabled":"False","nativeWidth":"290","nativeHeight":"290","interstitialAndVideo":[{"adID":"2","adOrder":"9"}],"rewardedVideo":[{"adID":"15","adOrder":"9"}],"native":[{"adID":"44","adOrder":"9"}],"banner":[{"adID":"42","adOrder":"9"}],"icon":{"enabled":"False","adID":"59","size":"2"}}],"appAdnetwork":[{"adID":"2","isAdavailable":"1"},{"adID":"42","isAdavailable":"1"},{"adID":"44","isAdavailable":"1"},{"adID":"15","isAdavailable":"1"},{"adID":"59","isAdavailable":"1"}]}: http://52.13.174.6/sheeda/admin/json/syncAppAPI failed as it is not correct json response in content type 37{"message":"HTTP Error 401 - Unauthorized: Access is denied due to invalid credentials."}
****************** http://52.13.174.6/sheeda/admin/json/syncApp
****************** http://52.13.174.6/sheeda/admin/json/syncApp
{"package":"com.whatsapp.w4b","title":"WhatsApp Business","gssdkVersion":"6.2.1","sdkVersionID":"2180","sdkVersion":"2180","userSignature":"a31265023c3eb8a0e11a55e1b57f3b30","appVersionCode":"","appVersionName":"","totalSequences":"1","adsQueueType":"priority","gpRateUsURL":"","isHideAds":"0","childDirected":"1","mediationLog":"0","store":"41","sequences":[{"seqTitleID":"2","isFirstSkip":"False","failOverAdID":"5"," isFirstSkipRewardedVideo":"False"," bannerEnabled":"False","bannerPosition":"1","failOverAdIDBanner":"43","failOverAdIDNative":"58","failOverAdIDRewardedVideo":"20","nativeEnabled":"False","nativeWidth":"114","nativeHeight":"114","interstitialAndVideo":[{"adID":"5","adOrder":"1"}],"rewardedVideo":[{"adID":"20","adOrder":"1"}],"native":[{"adID":"58","adOrder":"1"}],"banner":[{"adID":"43","adOrder":"1"}],"icon":{"enabled":"False","adID":"59","size":"1"}}],"appAdnetwork":[{"adID":"5","isAdavailable":"1"},{"adID":"43","isAdavailable":"1"},{"adID":"58","isAdavailable":"1"},{"adID":"20","isAdavailable":"1"},{"adID":"59","isAdavailable":"1"}]}: Status code forbidden, internet connectivity not availablehttp://52.13.174.6/sheeda/admin/json/syncApp please check your internet connection 38
{"package":"com.whatsapp.w4b","title":"WhatsApp Business","gssdkVersion":"6.2.1","sdkVersionID":"2180","sdkVersion":"2180","userSignature":"a31265023c3eb8a0e11a55e1b57f3b30","appVersionCode":"","appVersionName":"","totalSequences":"1","adsQueueType":"priority","gpRateUsURL":"","isHideAds":"0","childDirected":"1","mediationLog":"0","store":"41","sequences":[{"seqTitleID":"2","isFirstSkip":"False","failOverAdID":"5"," isFirstSkipRewardedVideo":"False"," bannerEnabled":"False","bannerPosition":"1","failOverAdIDBanner":"43","failOverAdIDNative":"58","failOverAdIDRewardedVideo":"20","nativeEnabled":"False","nativeWidth":"114","nativeHeight":"114","interstitialAndVideo":[{"adID":"5","adOrder":"1"}],"rewardedVideo":[{"adID":"20","adOrder":"1"}],"native":[{"adID":"58","adOrder":"1"}],"banner":[{"adID":"43","adOrder":"1"}],"icon":{"enabled":"False","adID":"59","size":"1"}}],"appAdnetwork":[{"adID":"5","isAdavailable":"1"},{"adID":"43","isAdavailable":"1"},{"adID":"58","isAdavailable":"1"},{"adID":"20","isAdavailable":"1"},{"adID":"59","isAdavailable":"1"}]}: Status code not OK,http://52.13.174.6/sheeda/admin/json/syncApp API has failed at 38 Forbidden{"message":"HTTP Error 401 - Unauthorized: Access is denied due to invalid credentials."}
{"package":"com.whatsapp.w4b","title":"WhatsApp Business","gssdkVersion":"6.2.1","sdkVersionID":"2180","sdkVersion":"2180","userSignature":"a31265023c3eb8a0e11a55e1b57f3b30","appVersionCode":"","appVersionName":"","totalSequences":"1","adsQueueType":"priority","gpRateUsURL":"","isHideAds":"0","childDirected":"1","mediationLog":"0","store":"41","sequences":[{"seqTitleID":"2","isFirstSkip":"False","failOverAdID":"5"," isFirstSkipRewardedVideo":"False"," bannerEnabled":"False","bannerPosition":"1","failOverAdIDBanner":"43","failOverAdIDNative":"58","failOverAdIDRewardedVideo":"20","nativeEnabled":"False","nativeWidth":"114","nativeHeight":"114","interstitialAndVideo":[{"adID":"5","adOrder":"1"}],"rewardedVideo":[{"adID":"20","adOrder":"1"}],"native":[{"adID":"58","adOrder":"1"}],"banner":[{"adID":"43","adOrder":"1"}],"icon":{"enabled":"False","adID":"59","size":"1"}}],"appAdnetwork":[{"adID":"5","isAdavailable":"1"},{"adID":"43","isAdavailable":"1"},{"adID":"58","isAdavailable":"1"},{"adID":"20","isAdavailable":"1"},{"adID":"59","isAdavailable":"1"}]}: http://52.13.174.6/sheeda/admin/json/syncAppAPI failed as it is not correct json response in content type 38{"message":"HTTP Error 401 - Unauthorized: Access is denied due to invalid credentials."}
****************** http://52.13.174.6/sheeda/admin/json/syncApp
****************** http://52.13.174.6/sheeda/admin/json/syncApp
{"package":"com.playink.staticInterstitial","title":"Static split interstitial","gssdkVersion":"v6.2.1","sdkVersionID":"2181","sdkVersion":"2181","userSignature":"a31265023c3eb8a0e11a55e1b57f3b30","appVersionCode":"2","appVersionName":"2.2","totalSequences":"1","adsQueueType":"priority","gpRateUsURL":"","isHideAds":"0","childDirected":"1","mediationLog":"0","store":"42","sequences":[{"seqTitleID":"9","isFirstSkip":"False","failOverAdID":"7"," isFirstSkipRewardedVideo":"False"," bannerEnabled":"False","bannerPosition":"2","failOverAdIDBanner":"45","failOverAdIDNative":"63","failOverAdIDRewardedVideo":"21","nativeEnabled":"False","nativeWidth":"170","nativeHeight":"170","interstitialAndVideo":[{"adID":"7","adOrder":"4"}],"rewardedVideo":[{"adID":"21","adOrder":"4"}],"native":[{"adID":"63","adOrder":"4"}],"banner":[{"adID":"45","adOrder":"4"}],"icon":{"enabled":"False","adID":"59","size":"1"}}],"appAdnetwork":[{"adID":"7","isAdavailable":"1"},{"adID":"45","isAdavailable":"1"},{"adID":"63","isAdavailable":"1"},{"adID":"21","isAdavailable":"1"},{"adID":"59","isAdavailable":"1"}]}: Status code forbidden, internet connectivity not availablehttp://52.13.174.6/sheeda/admin/json/syncApp please check your internet connection 39
{"package":"com.playink.staticInterstitial","title":"Static split interstitial","gssdkVersion":"v6.2.1","sdkVersionID":"2181","sdkVersion":"2181","userSignature":"a31265023c3eb8a0e11a55e1b57f3b30","appVersionCode":"2","appVersionName":"2.2","totalSequences":"1","adsQueueType":"priority","gpRateUsURL":"","isHideAds":"0","childDirected":"1","mediationLog":"0","store":"42","sequences":[{"seqTitleID":"9","isFirstSkip":"False","failOverAdID":"7"," isFirstSkipRewardedVideo":"False"," bannerEnabled":"False","bannerPosition":"2","failOverAdIDBanner":"45","failOverAdIDNative":"63","failOverAdIDRewardedVideo":"21","nativeEnabled":"False","nativeWidth":"170","nativeHeight":"170","interstitialAndVideo":[{"adID":"7","adOrder":"4"}],"rewardedVideo":[{"adID":"21","adOrder":"4"}],"native":[{"adID":"63","adOrder":"4"}],"banner":[{"adID":"45","adOrder":"4"}],"icon":{"enabled":"False","adID":"59","size":"1"}}],"appAdnetwork":[{"adID":"7","isAdavailable":"1"},{"adID":"45","isAdavailable":"1"},{"adID":"63","isAdavailable":"1"},{"adID":"21","isAdavailable":"1"},{"adID":"59","isAdavailable":"1"}]}: Status code not OK,http://52.13.174.6/sheeda/admin/json/syncApp API has failed at 39 Forbidden{"message":"HTTP Error 401 - Unauthorized: Access is denied due to invalid credentials."}
{"package":"com.playink.staticInterstitial","title":"Static split interstitial","gssdkVersion":"v6.2.1","sdkVersionID":"2181","sdkVersion":"2181","userSignature":"a31265023c3eb8a0e11a55e1b57f3b30","appVersionCode":"2","appVersionName":"2.2","totalSequences":"1","adsQueueType":"priority","gpRateUsURL":"","isHideAds":"0","childDirected":"1","mediationLog":"0","store":"42","sequences":[{"seqTitleID":"9","isFirstSkip":"False","failOverAdID":"7"," isFirstSkipRewardedVideo":"False"," bannerEnabled":"False","bannerPosition":"2","failOverAdIDBanner":"45","failOverAdIDNative":"63","failOverAdIDRewardedVideo":"21","nativeEnabled":"False","nativeWidth":"170","nativeHeight":"170","interstitialAndVideo":[{"adID":"7","adOrder":"4"}],"rewardedVideo":[{"adID":"21","adOrder":"4"}],"native":[{"adID":"63","adOrder":"4"}],"banner":[{"adID":"45","adOrder":"4"}],"icon":{"enabled":"False","adID":"59","size":"1"}}],"appAdnetwork":[{"adID":"7","isAdavailable":"1"},{"adID":"45","isAdavailable":"1"},{"adID":"63","isAdavailable":"1"},{"adID":"21","isAdavailable":"1"},{"adID":"59","isAdavailable":"1"}]}: http://52.13.174.6/sheeda/admin/json/syncAppAPI failed as it is not correct json response in content type 39{"message":"HTTP Error 401 - Unauthorized: Access is denied due to invalid credentials."}
****************** http://52.13.174.6/sheeda/admin/json/syncApp
****************** http://52.13.174.6/sheeda/admin/json/syncApp
{"package":"com.threed.real.gangster.police.chase.water.surfing","title":"Mega Ramp Monster Truck Taxi Transport Games","gssdkVersion":"v6.2.1","sdkVersionID":"2182","sdkVersion":"2182","userSignature":"a31265023c3eb8a0e11a55e1b57f3b30","appVersionCode":"","appVersionName":"","totalSequences":"1","adsQueueType":"priority","gpRateUsURL":"","isHideAds":"0","childDirected":"1","mediationLog":"0","store":"41","sequences":[{"seqTitleID":"4","isFirstSkip":"False","failOverAdID":"8"," isFirstSkipRewardedVideo":"False"," bannerEnabled":"False","bannerPosition":"1","failOverAdIDBanner":"49","failOverAdIDNative":"69","failOverAdIDRewardedVideo":"24","nativeEnabled":"False","nativeWidth":"130","nativeHeight":"130","interstitialAndVideo":[{"adID":"8","adOrder":"2"}],"rewardedVideo":[{"adID":"24","adOrder":"2"}],"native":[{"adID":"69","adOrder":"2"}],"banner":[{"adID":"49","adOrder":"2"}],"icon":{"enabled":"False","adID":"59","size":"1"}}],"appAdnetwork":[{"adID":"8","isAdavailable":"1"},{"adID":"49","isAdavailable":"1"},{"adID":"69","isAdavailable":"1"},{"adID":"24","isAdavailable":"1"},{"adID":"59","isAdavailable":"1"}]}: Status code forbidden, internet connectivity not availablehttp://52.13.174.6/sheeda/admin/json/syncApp please check your internet connection 40
{"package":"com.threed.real.gangster.police.chase.water.surfing","title":"Mega Ramp Monster Truck Taxi Transport Games","gssdkVersion":"v6.2.1","sdkVersionID":"2182","sdkVersion":"2182","userSignature":"a31265023c3eb8a0e11a55e1b57f3b30","appVersionCode":"","appVersionName":"","totalSequences":"1","adsQueueType":"priority","gpRateUsURL":"","isHideAds":"0","childDirected":"1","mediationLog":"0","store":"41","sequences":[{"seqTitleID":"4","isFirstSkip":"False","failOverAdID":"8"," isFirstSkipRewardedVideo":"False"," bannerEnabled":"False","bannerPosition":"1","failOverAdIDBanner":"49","failOverAdIDNative":"69","failOverAdIDRewardedVideo":"24","nativeEnabled":"False","nativeWidth":"130","nativeHeight":"130","interstitialAndVideo":[{"adID":"8","adOrder":"2"}],"rewardedVideo":[{"adID":"24","adOrder":"2"}],"native":[{"adID":"69","adOrder":"2"}],"banner":[{"adID":"49","adOrder":"2"}],"icon":{"enabled":"False","adID":"59","size":"1"}}],"appAdnetwork":[{"adID":"8","isAdavailable":"1"},{"adID":"49","isAdavailable":"1"},{"adID":"69","isAdavailable":"1"},{"adID":"24","isAdavailable":"1"},{"adID":"59","isAdavailable":"1"}]}: Status code not OK,http://52.13.174.6/sheeda/admin/json/syncApp API has failed at 40 Forbidden{"message":"HTTP Error 401 - Unauthorized: Access is denied due to invalid credentials."}
{"package":"com.threed.real.gangster.police.chase.water.surfing","title":"Mega Ramp Monster Truck Taxi Transport Games","gssdkVersion":"v6.2.1","sdkVersionID":"2182","sdkVersion":"2182","userSignature":"a31265023c3eb8a0e11a55e1b57f3b30","appVersionCode":"","appVersionName":"","totalSequences":"1","adsQueueType":"priority","gpRateUsURL":"","isHideAds":"0","childDirected":"1","mediationLog":"0","store":"41","sequences":[{"seqTitleID":"4","isFirstSkip":"False","failOverAdID":"8"," isFirstSkipRewardedVideo":"False"," bannerEnabled":"False","bannerPosition":"1","failOverAdIDBanner":"49","failOverAdIDNative":"69","failOverAdIDRewardedVideo":"24","nativeEnabled":"False","nativeWidth":"130","nativeHeight":"130","interstitialAndVideo":[{"adID":"8","adOrder":"2"}],"rewardedVideo":[{"adID":"24","adOrder":"2"}],"native":[{"adID":"69","adOrder":"2"}],"banner":[{"adID":"49","adOrder":"2"}],"icon":{"enabled":"False","adID":"59","size":"1"}}],"appAdnetwork":[{"adID":"8","isAdavailable":"1"},{"adID":"49","isAdavailable":"1"},{"adID":"69","isAdavailable":"1"},{"adID":"24","isAdavailable":"1"},{"adID":"59","isAdavailable":"1"}]}: http://52.13.174.6/sheeda/admin/json/syncAppAPI failed as it is not correct json response in content type 40{"message":"HTTP Error 401 - Unauthorized: Access is denied due to invalid credentials."}
****************** http://52.13.174.6/sheeda/admin/json/syncApp
****************** http://52.13.174.6/sheeda/admin/json/syncApp
{"package":"com.threed.dino.hunting.dinosaur.shooter.fps.survival.game","title":"Dinosaur Hunters FPS Shooting Game","gssdkVersion":"v6.2.1-1","sdkVersionID":"2185","sdkVersion":"2185","userSignature":"a31265023c3eb8a0e11a55e1b57f3b30","appVersionCode":"","appVersionName":"","totalSequences":"1","adsQueueType":"priority","gpRateUsURL":"","isHideAds":"0","childDirected":"1","mediationLog":"0","store":"41","sequences":[{"seqTitleID":"15","isFirstSkip":"False","failOverAdID":"12"," isFirstSkipRewardedVideo":"False"," bannerEnabled":"False","bannerPosition":"3","failOverAdIDBanner":"53","failOverAdIDNative":"74","failOverAdIDRewardedVideo":"25","nativeEnabled":"False","nativeWidth":"219","nativeHeight":"219","interstitialAndVideo":[{"adID":"12","adOrder":"6"}],"rewardedVideo":[{"adID":"25","adOrder":"6"}],"native":[{"adID":"74","adOrder":"6"}],"banner":[{"adID":"53","adOrder":"6"}],"icon":{"enabled":"False","adID":"59","size":"2"}}],"appAdnetwork":[{"adID":"12","isAdavailable":"1"},{"adID":"53","isAdavailable":"1"},{"adID":"74","isAdavailable":"1"},{"adID":"25","isAdavailable":"1"},{"adID":"59","isAdavailable":"1"}]}: Status code forbidden, internet connectivity not availablehttp://52.13.174.6/sheeda/admin/json/syncApp please check your internet connection 41
{"package":"com.threed.dino.hunting.dinosaur.shooter.fps.survival.game","title":"Dinosaur Hunters FPS Shooting Game","gssdkVersion":"v6.2.1-1","sdkVersionID":"2185","sdkVersion":"2185","userSignature":"a31265023c3eb8a0e11a55e1b57f3b30","appVersionCode":"","appVersionName":"","totalSequences":"1","adsQueueType":"priority","gpRateUsURL":"","isHideAds":"0","childDirected":"1","mediationLog":"0","store":"41","sequences":[{"seqTitleID":"15","isFirstSkip":"False","failOverAdID":"12"," isFirstSkipRewardedVideo":"False"," bannerEnabled":"False","bannerPosition":"3","failOverAdIDBanner":"53","failOverAdIDNative":"74","failOverAdIDRewardedVideo":"25","nativeEnabled":"False","nativeWidth":"219","nativeHeight":"219","interstitialAndVideo":[{"adID":"12","adOrder":"6"}],"rewardedVideo":[{"adID":"25","adOrder":"6"}],"native":[{"adID":"74","adOrder":"6"}],"banner":[{"adID":"53","adOrder":"6"}],"icon":{"enabled":"False","adID":"59","size":"2"}}],"appAdnetwork":[{"adID":"12","isAdavailable":"1"},{"adID":"53","isAdavailable":"1"},{"adID":"74","isAdavailable":"1"},{"adID":"25","isAdavailable":"1"},{"adID":"59","isAdavailable":"1"}]}: Status code not OK,http://52.13.174.6/sheeda/admin/json/syncApp API has failed at 41 Forbidden{"message":"HTTP Error 401 - Unauthorized: Access is denied due to invalid credentials."}
{"package":"com.threed.dino.hunting.dinosaur.shooter.fps.survival.game","title":"Dinosaur Hunters FPS Shooting Game","gssdkVersion":"v6.2.1-1","sdkVersionID":"2185","sdkVersion":"2185","userSignature":"a31265023c3eb8a0e11a55e1b57f3b30","appVersionCode":"","appVersionName":"","totalSequences":"1","adsQueueType":"priority","gpRateUsURL":"","isHideAds":"0","childDirected":"1","mediationLog":"0","store":"41","sequences":[{"seqTitleID":"15","isFirstSkip":"False","failOverAdID":"12"," isFirstSkipRewardedVideo":"False"," bannerEnabled":"False","bannerPosition":"3","failOverAdIDBanner":"53","failOverAdIDNative":"74","failOverAdIDRewardedVideo":"25","nativeEnabled":"False","nativeWidth":"219","nativeHeight":"219","interstitialAndVideo":[{"adID":"12","adOrder":"6"}],"rewardedVideo":[{"adID":"25","adOrder":"6"}],"native":[{"adID":"74","adOrder":"6"}],"banner":[{"adID":"53","adOrder":"6"}],"icon":{"enabled":"False","adID":"59","size":"2"}}],"appAdnetwork":[{"adID":"12","isAdavailable":"1"},{"adID":"53","isAdavailable":"1"},{"adID":"74","isAdavailable":"1"},{"adID":"25","isAdavailable":"1"},{"adID":"59","isAdavailable":"1"}]}: http://52.13.174.6/sheeda/admin/json/syncAppAPI failed as it is not correct json response in content type 41{"message":"HTTP Error 401 - Unauthorized: Access is denied due to invalid credentials."}
****************** http://52.13.174.6/sheeda/admin/json/syncApp
****************** http://52.13.174.6/sheeda/admin/json/syncApp
{"package":"com.playaction.flying.police.drone.bike.simulator","title":"Flying Police Drone Bike Simulator 2020","gssdkVersion":"v6.3.1","sdkVersionID":"2193","sdkVersion":"2193","userSignature":"a31265023c3eb8a0e11a55e1b57f3b30","appVersionCode":"","appVersionName":"","totalSequences":"1","adsQueueType":"priority","gpRateUsURL":"","isHideAds":"0","childDirected":"1","mediationLog":"0","store":"41","sequences":[{"seqTitleID":"6","isFirstSkip":"False","failOverAdID":"18"," isFirstSkipRewardedVideo":"False"," bannerEnabled":"False","bannerPosition":"2","failOverAdIDBanner":"56","failOverAdIDNative":"75","failOverAdIDRewardedVideo":"26","nativeEnabled":"False","nativeWidth":"146","nativeHeight":"146","interstitialAndVideo":[{"adID":"18","adOrder":"3"}],"rewardedVideo":[{"adID":"26","adOrder":"3"}],"native":[{"adID":"75","adOrder":"3"}],"banner":[{"adID":"56","adOrder":"3"}],"icon":{"enabled":"False","adID":"59","size":"1"}}],"appAdnetwork":[{"adID":"18","isAdavailable":"1"},{"adID":"56","isAdavailable":"1"},{"adID":"75","isAdavailable":"1"},{"adID":"26","isAdavailable":"1"},{"adID":"59","isAdavailable":"1"}]}: Status code forbidden, internet connectivity not availablehttp://52.13.174.6/sheeda/admin/json/syncApp please check your internet connection 42
{"package":"com.playaction.flying.police.drone.bike.simulator","title":"Flying Police Drone Bike Simulator 2020","gssdkVersion":"v6.3.1","sdkVersionID":"2193","sdkVersion":"2193","userSignature":"a31265023c3eb8a0e11a55e1b57f3b30","appVersionCode":"","appVersionName":"","totalSequences":"1","adsQueueType":"priority","gpRateUsURL":"","isHideAds":"0","childDirected":"1","mediationLog":"0","store":"41","sequences":[{"seqTitleID":"6","isFirstSkip":"False","failOverAdID":"18"," isFirstSkipRewardedVideo":"False"," bannerEnabled":"False","bannerPosition":"2","failOverAdIDBanner":"56","failOverAdIDNative":"75","failOverAdIDRewardedVideo":"26","nativeEnabled":"False","nativeWidth":"146","nativeHeight":"146","interstitialAndVideo":[{"adID":"18","adOrder":"3"}],"rewardedVideo":[{"adID":"26","adOrder":"3"}],"native":[{"adID":"75","adOrder":"3"}],"banner":[{"adID":"56","adOrder":"3"}],"icon":{"enabled":"False","adID":"59","size":"1"}}],"appAdnetwork":[{"adID":"18","isAdavailable":"1"},{"adID":"56","isAdavailable":"1"},{"adID":"75","isAdavailable":"1"},{"adID":"26","isAdavailable":"1"},{"adID":"59","isAdavailable":"1"}]}: Status code not OK,http://52.13.174.6/sheeda/admin/json/syncApp API has failed at 42 Forbidden{"message":"HTTP Error 401 - Unauthorized: Access is denied due to invalid credentials."}
{"package":"com.playaction.flying.police.drone.bike.simulator","title":"Flying Police Drone Bike Simulator 2020","gssdkVersion":"v6.3.1","sdkVersionID":"2193","sdkVersion":"2193","userSignature":"a31265023c3eb8a0e11a55e1b57f3b30","appVersionCode":"","appVersionName":"","totalSequences":"1","adsQueueType":"priority","gpRateUsURL":"","isHideAds":"0","childDirected":"1","mediationLog":"0","store":"41","sequences":[{"seqTitleID":"6","isFirstSkip":"False","failOverAdID":"18"," isFirstSkipRewardedVideo":"False"," bannerEnabled":"False","bannerPosition":"2","failOverAdIDBanner":"56","failOverAdIDNative":"75","failOverAdIDRewardedVideo":"26","nativeEnabled":"False","nativeWidth":"146","nativeHeight":"146","interstitialAndVideo":[{"adID":"18","adOrder":"3"}],"rewardedVideo":[{"adID":"26","adOrder":"3"}],"native":[{"adID":"75","adOrder":"3"}],"banner":[{"adID":"56","adOrder":"3"}],"icon":{"enabled":"False","adID":"59","size":"1"}}],"appAdnetwork":[{"adID":"18","isAdavailable":"1"},{"adID":"56","isAdavailable":"1"},{"adID":"75","isAdavailable":"1"},{"adID":"26","isAdavailable":"1"},{"adID":"59","isAdavailable":"1"}]}: http://52.13.174.6/sheeda/admin/json/syncAppAPI failed as it is not correct json response in content type 42{"message":"HTTP Error 401 - Unauthorized: Access is denied due to invalid credentials."}
****************** http://52.13.174.6/sheeda/admin/json/syncApp
****************** http://52.13.174.6/sheeda/admin/json/syncApp
{"package":"Stocard","title":"Stocard - Rewards Cards Wallet","gssdkVersion":"v6.3.1","sdkVersionID":"2194","sdkVersion":"2194","userSignature":"a31265023c3eb8a0e11a55e1b57f3b30","appVersionCode":"","appVersionName":"","totalSequences":"1","adsQueueType":"priority","gpRateUsURL":"","isHideAds":"0","childDirected":"1","mediationLog":"0","store":"42","sequences":[{"seqTitleID":"22","isFirstSkip":"False","failOverAdID":"19"," isFirstSkipRewardedVideo":"False"," bannerEnabled":"False","bannerPosition":"5","failOverAdIDBanner":"57","failOverAdIDNative":"78","failOverAdIDRewardedVideo":"32","nativeEnabled":"False","nativeWidth":"274","nativeHeight":"274","interstitialAndVideo":[{"adID":"19","adOrder":"8"}],"rewardedVideo":[{"adID":"32","adOrder":"8"}],"native":[{"adID":"78","adOrder":"8"}],"banner":[{"adID":"57","adOrder":"8"}],"icon":{"enabled":"False","adID":"59","size":"2"}}],"appAdnetwork":[{"adID":"19","isAdavailable":"1"},{"adID":"57","isAdavailable":"1"},{"adID":"78","isAdavailable":"1"},{"adID":"32","isAdavailable":"1"},{"adID":"59","isAdavailable":"1"}]}: Status code forbidden, internet connectivity not availablehttp://52.13.174.6/sheeda/admin/json/syncApp please check your internet connection 43
{"package":"Stocard","title":"Stocard - Rewards Cards Wallet","gssdkVersion":"v6.3.1","sdkVersionID":"2194","sdkVersion":"2194","userSignature":"a31265023c3eb8a0e11a55e1b57f3b30","appVersionCode":"","appVersionName":"","totalSequences":"1","adsQueueType":"priority","gpRateUsURL":"","isHideAds":"0","childDirected":"1","mediationLog":"0","store":"42","sequences":[{"seqTitleID":"22","isFirstSkip":"False","failOverAdID":"19"," isFirstSkipRewardedVideo":"False"," bannerEnabled":"False","bannerPosition":"5","failOverAdIDBanner":"57","failOverAdIDNative":"78","failOverAdIDRewardedVideo":"32","nativeEnabled":"False","nativeWidth":"274","nativeHeight":"274","interstitialAndVideo":[{"adID":"19","adOrder":"8"}],"rewardedVideo":[{"adID":"32","adOrder":"8"}],"native":[{"adID":"78","adOrder":"8"}],"banner":[{"adID":"57","adOrder":"8"}],"icon":{"enabled":"False","adID":"59","size":"2"}}],"appAdnetwork":[{"adID":"19","isAdavailable":"1"},{"adID":"57","isAdavailable":"1"},{"adID":"78","isAdavailable":"1"},{"adID":"32","isAdavailable":"1"},{"adID":"59","isAdavailable":"1"}]}: Status code not OK,http://52.13.174.6/sheeda/admin/json/syncApp API has failed at 43 Forbidden{"message":"HTTP Error 401 - Unauthorized: Access is denied due to invalid credentials."}
{"package":"Stocard","title":"Stocard - Rewards Cards Wallet","gssdkVersion":"v6.3.1","sdkVersionID":"2194","sdkVersion":"2194","userSignature":"a31265023c3eb8a0e11a55e1b57f3b30","appVersionCode":"","appVersionName":"","totalSequences":"1","adsQueueType":"priority","gpRateUsURL":"","isHideAds":"0","childDirected":"1","mediationLog":"0","store":"42","sequences":[{"seqTitleID":"22","isFirstSkip":"False","failOverAdID":"19"," isFirstSkipRewardedVideo":"False"," bannerEnabled":"False","bannerPosition":"5","failOverAdIDBanner":"57","failOverAdIDNative":"78","failOverAdIDRewardedVideo":"32","nativeEnabled":"False","nativeWidth":"274","nativeHeight":"274","interstitialAndVideo":[{"adID":"19","adOrder":"8"}],"rewardedVideo":[{"adID":"32","adOrder":"8"}],"native":[{"adID":"78","adOrder":"8"}],"banner":[{"adID":"57","adOrder":"8"}],"icon":{"enabled":"False","adID":"59","size":"2"}}],"appAdnetwork":[{"adID":"19","isAdavailable":"1"},{"adID":"57","isAdavailable":"1"},{"adID":"78","isAdavailable":"1"},{"adID":"32","isAdavailable":"1"},{"adID":"59","isAdavailable":"1"}]}: http://52.13.174.6/sheeda/admin/json/syncAppAPI failed as it is not correct json response in content type 43{"message":"HTTP Error 401 - Unauthorized: Access is denied due to invalid credentials."}
****************** http://52.13.174.6/sheeda/admin/json/syncApp
****************** http://52.13.174.6/sheeda/admin/json/syncApp
{"package":"com.yhi.real.russian.submarine.ship.transport.simulator.driving.game","title":"Submarine Driving Simulator","gssdkVersion":"v6.4.1","sdkVersionID":"2199","sdkVersion":"2199","userSignature":"a31265023c3eb8a0e11a55e1b57f3b30","appVersionCode":"","appVersionName":"","totalSequences":"1","adsQueueType":"priority","gpRateUsURL":"","isHideAds":"0","childDirected":"1","mediationLog":"0","store":"41","sequences":[{"seqTitleID":"20","isFirstSkip":"False","failOverAdID":"29"," isFirstSkipRewardedVideo":"False"," bannerEnabled":"False","bannerPosition":"4","failOverAdIDBanner":"68","failOverAdIDNative":"79","failOverAdIDRewardedVideo":"34","nativeEnabled":"False","nativeWidth":"258","nativeHeight":"258","interstitialAndVideo":[{"adID":"29","adOrder":"8"}],"rewardedVideo":[{"adID":"34","adOrder":"8"}],"native":[{"adID":"79","adOrder":"8"}],"banner":[{"adID":"68","adOrder":"8"}],"icon":{"enabled":"False","adID":"59","size":"2"}}],"appAdnetwork":[{"adID":"29","isAdavailable":"1"},{"adID":"68","isAdavailable":"1"},{"adID":"79","isAdavailable":"1"},{"adID":"34","isAdavailable":"1"},{"adID":"59","isAdavailable":"1"}]}: Status code forbidden, internet connectivity not availablehttp://52.13.174.6/sheeda/admin/json/syncApp please check your internet connection 44
{"package":"com.yhi.real.russian.submarine.ship.transport.simulator.driving.game","title":"Submarine Driving Simulator","gssdkVersion":"v6.4.1","sdkVersionID":"2199","sdkVersion":"2199","userSignature":"a31265023c3eb8a0e11a55e1b57f3b30","appVersionCode":"","appVersionName":"","totalSequences":"1","adsQueueType":"priority","gpRateUsURL":"","isHideAds":"0","childDirected":"1","mediationLog":"0","store":"41","sequences":[{"seqTitleID":"20","isFirstSkip":"False","failOverAdID":"29"," isFirstSkipRewardedVideo":"False"," bannerEnabled":"False","bannerPosition":"4","failOverAdIDBanner":"68","failOverAdIDNative":"79","failOverAdIDRewardedVideo":"34","nativeEnabled":"False","nativeWidth":"258","nativeHeight":"258","interstitialAndVideo":[{"adID":"29","adOrder":"8"}],"rewardedVideo":[{"adID":"34","adOrder":"8"}],"native":[{"adID":"79","adOrder":"8"}],"banner":[{"adID":"68","adOrder":"8"}],"icon":{"enabled":"False","adID":"59","size":"2"}}],"appAdnetwork":[{"adID":"29","isAdavailable":"1"},{"adID":"68","isAdavailable":"1"},{"adID":"79","isAdavailable":"1"},{"adID":"34","isAdavailable":"1"},{"adID":"59","isAdavailable":"1"}]}: Status code not OK,http://52.13.174.6/sheeda/admin/json/syncApp API has failed at 44 Forbidden{"message":"HTTP Error 401 - Unauthorized: Access is denied due to invalid credentials."}
{"package":"com.yhi.real.russian.submarine.ship.transport.simulator.driving.game","title":"Submarine Driving Simulator","gssdkVersion":"v6.4.1","sdkVersionID":"2199","sdkVersion":"2199","userSignature":"a31265023c3eb8a0e11a55e1b57f3b30","appVersionCode":"","appVersionName":"","totalSequences":"1","adsQueueType":"priority","gpRateUsURL":"","isHideAds":"0","childDirected":"1","mediationLog":"0","store":"41","sequences":[{"seqTitleID":"20","isFirstSkip":"False","failOverAdID":"29"," isFirstSkipRewardedVideo":"False"," bannerEnabled":"False","bannerPosition":"4","failOverAdIDBanner":"68","failOverAdIDNative":"79","failOverAdIDRewardedVideo":"34","nativeEnabled":"False","nativeWidth":"258","nativeHeight":"258","interstitialAndVideo":[{"adID":"29","adOrder":"8"}],"rewardedVideo":[{"adID":"34","adOrder":"8"}],"native":[{"adID":"79","adOrder":"8"}],"banner":[{"adID":"68","adOrder":"8"}],"icon":{"enabled":"False","adID":"59","size":"2"}}],"appAdnetwork":[{"adID":"29","isAdavailable":"1"},{"adID":"68","isAdavailable":"1"},{"adID":"79","isAdavailable":"1"},{"adID":"34","isAdavailable":"1"},{"adID":"59","isAdavailable":"1"}]}: http://52.13.174.6/sheeda/admin/json/syncAppAPI failed as it is not correct json response in content type 44{"message":"HTTP Error 401 - Unauthorized: Access is denied due to invalid credentials."}
****************** http://52.13.174.6/sheeda/admin/json/syncApp
****************** http://52.13.174.6/sheeda/admin/json/syncApp
{"package":"com.yhi.atv.quad.fastfood.big.pizza.delivery.game","title":"Police Training School Academy","gssdkVersion":"6.1.1","sdkVersionID":"2174","sdkVersion":"2174","userSignature":"a31265023c3eb8a0e11a55e1b57f3b30","appVersionCode":"","appVersionName":"","totalSequences":"1","adsQueueType":"priority","gpRateUsURL":"","isHideAds":"0","childDirected":"1","mediationLog":"0","store":"41","sequences":[{"seqTitleID":"6","isFirstSkip":"False","failOverAdID":"0"," isFirstSkipRewardedVideo":"False"," bannerEnabled":"False","bannerPosition":"2","failOverAdIDBanner":"28","failOverAdIDNative":"27","failOverAdIDRewardedVideo":"4","nativeEnabled":"False","nativeWidth":"147","nativeHeight":"147","interstitialAndVideo":[{"adID":"0","adOrder":"3"}],"rewardedVideo":[{"adID":"4","adOrder":"3"}],"native":[{"adID":"27","adOrder":"3"}],"banner":[{"adID":"28","adOrder":"3"}],"icon":{"enabled":"False","adID":"59","size":"1"}}],"appAdnetwork":[{"adID":"0","isAdavailable":"1"},{"adID":"28","isAdavailable":"1"},{"adID":"27","isAdavailable":"1"},{"adID":"4","isAdavailable":"1"},{"adID":"59","isAdavailable":"1"}]}: Status code forbidden, internet connectivity not availablehttp://52.13.174.6/sheeda/admin/json/syncApp please check your internet connection 45
{"package":"com.yhi.atv.quad.fastfood.big.pizza.delivery.game","title":"Police Training School Academy","gssdkVersion":"6.1.1","sdkVersionID":"2174","sdkVersion":"2174","userSignature":"a31265023c3eb8a0e11a55e1b57f3b30","appVersionCode":"","appVersionName":"","totalSequences":"1","adsQueueType":"priority","gpRateUsURL":"","isHideAds":"0","childDirected":"1","mediationLog":"0","store":"41","sequences":[{"seqTitleID":"6","isFirstSkip":"False","failOverAdID":"0"," isFirstSkipRewardedVideo":"False"," bannerEnabled":"False","bannerPosition":"2","failOverAdIDBanner":"28","failOverAdIDNative":"27","failOverAdIDRewardedVideo":"4","nativeEnabled":"False","nativeWidth":"147","nativeHeight":"147","interstitialAndVideo":[{"adID":"0","adOrder":"3"}],"rewardedVideo":[{"adID":"4","adOrder":"3"}],"native":[{"adID":"27","adOrder":"3"}],"banner":[{"adID":"28","adOrder":"3"}],"icon":{"enabled":"False","adID":"59","size":"1"}}],"appAdnetwork":[{"adID":"0","isAdavailable":"1"},{"adID":"28","isAdavailable":"1"},{"adID":"27","isAdavailable":"1"},{"adID":"4","isAdavailable":"1"},{"adID":"59","isAdavailable":"1"}]}: Status code not OK,http://52.13.174.6/sheeda/admin/json/syncApp API has failed at 45 Forbidden{"message":"HTTP Error 401 - Unauthorized: Access is denied due to invalid credentials."}
{"package":"com.yhi.atv.quad.fastfood.big.pizza.delivery.game","title":"Police Training School Academy","gssdkVersion":"6.1.1","sdkVersionID":"2174","sdkVersion":"2174","userSignature":"a31265023c3eb8a0e11a55e1b57f3b30","appVersionCode":"","appVersionName":"","totalSequences":"1","adsQueueType":"priority","gpRateUsURL":"","isHideAds":"0","childDirected":"1","mediationLog":"0","store":"41","sequences":[{"seqTitleID":"6","isFirstSkip":"False","failOverAdID":"0"," isFirstSkipRewardedVideo":"False"," bannerEnabled":"False","bannerPosition":"2","failOverAdIDBanner":"28","failOverAdIDNative":"27","failOverAdIDRewardedVideo":"4","nativeEnabled":"False","nativeWidth":"147","nativeHeight":"147","interstitialAndVideo":[{"adID":"0","adOrder":"3"}],"rewardedVideo":[{"adID":"4","adOrder":"3"}],"native":[{"adID":"27","adOrder":"3"}],"banner":[{"adID":"28","adOrder":"3"}],"icon":{"enabled":"False","adID":"59","size":"1"}}],"appAdnetwork":[{"adID":"0","isAdavailable":"1"},{"adID":"28","isAdavailable":"1"},{"adID":"27","isAdavailable":"1"},{"adID":"4","isAdavailable":"1"},{"adID":"59","isAdavailable":"1"}]}: http://52.13.174.6/sheeda/admin/json/syncAppAPI failed as it is not correct json response in content type 45{"message":"HTTP Error 401 - Unauthorized: Access is denied due to invalid credentials."}
****************** http://52.13.174.6/sheeda/admin/json/syncApp
****************** http://52.13.174.6/sheeda/admin/json/syncApp
{"package":"com.contextlogic.home","title":"Home - Design &amp; Décor Shopping","gssdkVersion":"6.2.1","sdkVersionID":"2179","sdkVersion":"2179","userSignature":"a31265023c3eb8a0e11a55e1b57f3b30","appVersionCode":"","appVersionName":"","totalSequences":"1","adsQueueType":"priority","gpRateUsURL":"","isHideAds":"0","childDirected":"1","mediationLog":"0","store":"41","sequences":[{"seqTitleID":"8","isFirstSkip":"False","failOverAdID":"2"," isFirstSkipRewardedVideo":"False"," bannerEnabled":"False","bannerPosition":"2","failOverAdIDBanner":"42","failOverAdIDNative":"44","failOverAdIDRewardedVideo":"15","nativeEnabled":"False","nativeWidth":"163","nativeHeight":"163","interstitialAndVideo":[{"adID":"2","adOrder":"3"}],"rewardedVideo":[{"adID":"15","adOrder":"3"}],"native":[{"adID":"44","adOrder":"3"}],"banner":[{"adID":"42","adOrder":"3"}],"icon":{"enabled":"False","adID":"59","size":"1"}}],"appAdnetwork":[{"adID":"2","isAdavailable":"1"},{"adID":"42","isAdavailable":"1"},{"adID":"44","isAdavailable":"1"},{"adID":"15","isAdavailable":"1"},{"adID":"59","isAdavailable":"1"}]}: Status code forbidden, internet connectivity not availablehttp://52.13.174.6/sheeda/admin/json/syncApp please check your internet connection 46
{"package":"com.contextlogic.home","title":"Home - Design &amp; Décor Shopping","gssdkVersion":"6.2.1","sdkVersionID":"2179","sdkVersion":"2179","userSignature":"a31265023c3eb8a0e11a55e1b57f3b30","appVersionCode":"","appVersionName":"","totalSequences":"1","adsQueueType":"priority","gpRateUsURL":"","isHideAds":"0","childDirected":"1","mediationLog":"0","store":"41","sequences":[{"seqTitleID":"8","isFirstSkip":"False","failOverAdID":"2"," isFirstSkipRewardedVideo":"False"," bannerEnabled":"False","bannerPosition":"2","failOverAdIDBanner":"42","failOverAdIDNative":"44","failOverAdIDRewardedVideo":"15","nativeEnabled":"False","nativeWidth":"163","nativeHeight":"163","interstitialAndVideo":[{"adID":"2","adOrder":"3"}],"rewardedVideo":[{"adID":"15","adOrder":"3"}],"native":[{"adID":"44","adOrder":"3"}],"banner":[{"adID":"42","adOrder":"3"}],"icon":{"enabled":"False","adID":"59","size":"1"}}],"appAdnetwork":[{"adID":"2","isAdavailable":"1"},{"adID":"42","isAdavailable":"1"},{"adID":"44","isAdavailable":"1"},{"adID":"15","isAdavailable":"1"},{"adID":"59","isAdavailable":"1"}]}: Status code not OK,http://52.13.174.6/sheeda/admin/json/syncApp API has failed at 46 Forbidden{"message":"HTTP Error 401 - Unauthorized: Access is denied due to invalid credentials."}
{"package":"com.contextlogic.home","title":"Home - Design &amp; Décor Shopping","gssdkVersion":"6.2.1","sdkVersionID":"2179","sdkVersion":"2179","userSignature":"a31265023c3eb8a0e11a55e1b57f3b30","appVersionCode":"","appVersionName":"","totalSequences":"1","adsQueueType":"priority","gpRateUsURL":"","isHideAds":"0","childDirected":"1","mediationLog":"0","store":"41","sequences":[{"seqTitleID":"8","isFirstSkip":"False","failOverAdID":"2"," isFirstSkipRewardedVideo":"False"," bannerEnabled":"False","bannerPosition":"2","failOverAdIDBanner":"42","failOverAdIDNative":"44","failOverAdIDRewardedVideo":"15","nativeEnabled":"False","nativeWidth":"163","nativeHeight":"163","interstitialAndVideo":[{"adID":"2","adOrder":"3"}],"rewardedVideo":[{"adID":"15","adOrder":"3"}],"native":[{"adID":"44","adOrder":"3"}],"banner":[{"adID":"42","adOrder":"3"}],"icon":{"enabled":"False","adID":"59","size":"1"}}],"appAdnetwork":[{"adID":"2","isAdavailable":"1"},{"adID":"42","isAdavailable":"1"},{"adID":"44","isAdavailable":"1"},{"adID":"15","isAdavailable":"1"},{"adID":"59","isAdavailable":"1"}]}: http://52.13.174.6/sheeda/admin/json/syncAppAPI failed as it is not correct json response in content type 46{"message":"HTTP Error 401 - Unauthorized: Access is denied due to invalid credentials."}
****************** http://52.13.174.6/sheeda/admin/json/syncApp
****************** http://52.13.174.6/sheeda/admin/json/syncApp
{"package":"com.stevenclift.tvnewsapp","title":"TV News - Live News + World News on Demand","gssdkVersion":"6.2.1","sdkVersionID":"2180","sdkVersion":"2180","userSignature":"a31265023c3eb8a0e11a55e1b57f3b30","appVersionCode":"2","appVersionName":"2.2","totalSequences":"1","adsQueueType":"priority","gpRateUsURL":"","isHideAds":"0","childDirected":"1","mediationLog":"0","store":"41","sequences":[{"seqTitleID":"4","isFirstSkip":"False","failOverAdID":"5"," isFirstSkipRewardedVideo":"False"," bannerEnabled":"False","bannerPosition":"1","failOverAdIDBanner":"43","failOverAdIDNative":"58","failOverAdIDRewardedVideo":"20","nativeEnabled":"False","nativeWidth":"124","nativeHeight":"124","interstitialAndVideo":[{"adID":"5","adOrder":"2"}],"rewardedVideo":[{"adID":"20","adOrder":"2"}],"native":[{"adID":"58","adOrder":"2"}],"banner":[{"adID":"43","adOrder":"2"}],"icon":{"enabled":"False","adID":"59","size":"1"}}],"appAdnetwork":[{"adID":"5","isAdavailable":"1"},{"adID":"43","isAdavailable":"1"},{"adID":"58","isAdavailable":"1"},{"adID":"20","isAdavailable":"1"},{"adID":"59","isAdavailable":"1"}]}: Status code forbidden, internet connectivity not availablehttp://52.13.174.6/sheeda/admin/json/syncApp please check your internet connection 47
{"package":"com.stevenclift.tvnewsapp","title":"TV News - Live News + World News on Demand","gssdkVersion":"6.2.1","sdkVersionID":"2180","sdkVersion":"2180","userSignature":"a31265023c3eb8a0e11a55e1b57f3b30","appVersionCode":"2","appVersionName":"2.2","totalSequences":"1","adsQueueType":"priority","gpRateUsURL":"","isHideAds":"0","childDirected":"1","mediationLog":"0","store":"41","sequences":[{"seqTitleID":"4","isFirstSkip":"False","failOverAdID":"5"," isFirstSkipRewardedVideo":"False"," bannerEnabled":"False","bannerPosition":"1","failOverAdIDBanner":"43","failOverAdIDNative":"58","failOverAdIDRewardedVideo":"20","nativeEnabled":"False","nativeWidth":"124","nativeHeight":"124","interstitialAndVideo":[{"adID":"5","adOrder":"2"}],"rewardedVideo":[{"adID":"20","adOrder":"2"}],"native":[{"adID":"58","adOrder":"2"}],"banner":[{"adID":"43","adOrder":"2"}],"icon":{"enabled":"False","adID":"59","size":"1"}}],"appAdnetwork":[{"adID":"5","isAdavailable":"1"},{"adID":"43","isAdavailable":"1"},{"adID":"58","isAdavailable":"1"},{"adID":"20","isAdavailable":"1"},{"adID":"59","isAdavailable":"1"}]}: Status code not OK,http://52.13.174.6/sheeda/admin/json/syncApp API has failed at 47 Forbidden{"message":"HTTP Error 401 - Unauthorized: Access is denied due to invalid credentials."}
{"package":"com.stevenclift.tvnewsapp","title":"TV News - Live News + World News on Demand","gssdkVersion":"6.2.1","sdkVersionID":"2180","sdkVersion":"2180","userSignature":"a31265023c3eb8a0e11a55e1b57f3b30","appVersionCode":"2","appVersionName":"2.2","totalSequences":"1","adsQueueType":"priority","gpRateUsURL":"","isHideAds":"0","childDirected":"1","mediationLog":"0","store":"41","sequences":[{"seqTitleID":"4","isFirstSkip":"False","failOverAdID":"5"," isFirstSkipRewardedVideo":"False"," bannerEnabled":"False","bannerPosition":"1","failOverAdIDBanner":"43","failOverAdIDNative":"58","failOverAdIDRewardedVideo":"20","nativeEnabled":"False","nativeWidth":"124","nativeHeight":"124","interstitialAndVideo":[{"adID":"5","adOrder":"2"}],"rewardedVideo":[{"adID":"20","adOrder":"2"}],"native":[{"adID":"58","adOrder":"2"}],"banner":[{"adID":"43","adOrder":"2"}],"icon":{"enabled":"False","adID":"59","size":"1"}}],"appAdnetwork":[{"adID":"5","isAdavailable":"1"},{"adID":"43","isAdavailable":"1"},{"adID":"58","isAdavailable":"1"},{"adID":"20","isAdavailable":"1"},{"adID":"59","isAdavailable":"1"}]}: http://52.13.174.6/sheeda/admin/json/syncAppAPI failed as it is not correct json response in content type 47{"message":"HTTP Error 401 - Unauthorized: Access is denied due to invalid credentials."}
****************** http://52.13.174.6/sheeda/admin/json/syncApp
****************** http://52.13.174.6/sheeda/admin/json/syncApp
{"package":"com.deg.multi.level.storey.smart.car.parking.plaza.driving.games","title":"Multi Level Car Parking","gssdkVersion":"v6.2.1","sdkVersionID":"2181","sdkVersion":"2181","userSignature":"a31265023c3eb8a0e11a55e1b57f3b30","appVersionCode":"","appVersionName":"","totalSequences":"1","adsQueueType":"priority","gpRateUsURL":"","isHideAds":"0","childDirected":"1","mediationLog":"0","store":"41","sequences":[{"seqTitleID":"11","isFirstSkip":"False","failOverAdID":"7"," isFirstSkipRewardedVideo":"False"," bannerEnabled":"False","bannerPosition":"3","failOverAdIDBanner":"45","failOverAdIDNative":"63","failOverAdIDRewardedVideo":"21","nativeEnabled":"False","nativeWidth":"180","nativeHeight":"180","interstitialAndVideo":[{"adID":"7","adOrder":"4"}],"rewardedVideo":[{"adID":"21","adOrder":"4"}],"native":[{"adID":"63","adOrder":"4"}],"banner":[{"adID":"45","adOrder":"4"}],"icon":{"enabled":"False","adID":"59","size":"1"}}],"appAdnetwork":[{"adID":"7","isAdavailable":"1"},{"adID":"45","isAdavailable":"1"},{"adID":"63","isAdavailable":"1"},{"adID":"21","isAdavailable":"1"},{"adID":"59","isAdavailable":"1"}]}: Status code forbidden, internet connectivity not availablehttp://52.13.174.6/sheeda/admin/json/syncApp please check your internet connection 48
{"package":"com.deg.multi.level.storey.smart.car.parking.plaza.driving.games","title":"Multi Level Car Parking","gssdkVersion":"v6.2.1","sdkVersionID":"2181","sdkVersion":"2181","userSignature":"a31265023c3eb8a0e11a55e1b57f3b30","appVersionCode":"","appVersionName":"","totalSequences":"1","adsQueueType":"priority","gpRateUsURL":"","isHideAds":"0","childDirected":"1","mediationLog":"0","store":"41","sequences":[{"seqTitleID":"11","isFirstSkip":"False","failOverAdID":"7"," isFirstSkipRewardedVideo":"False"," bannerEnabled":"False","bannerPosition":"3","failOverAdIDBanner":"45","failOverAdIDNative":"63","failOverAdIDRewardedVideo":"21","nativeEnabled":"False","nativeWidth":"180","nativeHeight":"180","interstitialAndVideo":[{"adID":"7","adOrder":"4"}],"rewardedVideo":[{"adID":"21","adOrder":"4"}],"native":[{"adID":"63","adOrder":"4"}],"banner":[{"adID":"45","adOrder":"4"}],"icon":{"enabled":"False","adID":"59","size":"1"}}],"appAdnetwork":[{"adID":"7","isAdavailable":"1"},{"adID":"45","isAdavailable":"1"},{"adID":"63","isAdavailable":"1"},{"adID":"21","isAdavailable":"1"},{"adID":"59","isAdavailable":"1"}]}: Status code not OK,http://52.13.174.6/sheeda/admin/json/syncApp API has failed at 48 Forbidden{"message":"HTTP Error 401 - Unauthorized: Access is denied due to invalid credentials."}
{"package":"com.deg.multi.level.storey.smart.car.parking.plaza.driving.games","title":"Multi Level Car Parking","gssdkVersion":"v6.2.1","sdkVersionID":"2181","sdkVersion":"2181","userSignature":"a31265023c3eb8a0e11a55e1b57f3b30","appVersionCode":"","appVersionName":"","totalSequences":"1","adsQueueType":"priority","gpRateUsURL":"","isHideAds":"0","childDirected":"1","mediationLog":"0","store":"41","sequences":[{"seqTitleID":"11","isFirstSkip":"False","failOverAdID":"7"," isFirstSkipRewardedVideo":"False"," bannerEnabled":"False","bannerPosition":"3","failOverAdIDBanner":"45","failOverAdIDNative":"63","failOverAdIDRewardedVideo":"21","nativeEnabled":"False","nativeWidth":"180","nativeHeight":"180","interstitialAndVideo":[{"adID":"7","adOrder":"4"}],"rewardedVideo":[{"adID":"21","adOrder":"4"}],"native":[{"adID":"63","adOrder":"4"}],"banner":[{"adID":"45","adOrder":"4"}],"icon":{"enabled":"False","adID":"59","size":"1"}}],"appAdnetwork":[{"adID":"7","isAdavailable":"1"},{"adID":"45","isAdavailable":"1"},{"adID":"63","isAdavailable":"1"},{"adID":"21","isAdavailable":"1"},{"adID":"59","isAdavailable":"1"}]}: http://52.13.174.6/sheeda/admin/json/syncAppAPI failed as it is not correct json response in content type 48{"message":"HTTP Error 401 - Unauthorized: Access is denied due to invalid credentials."}
****************** http://52.13.174.6/sheeda/admin/json/syncApp
****************** http://52.13.174.6/sheeda/admin/json/syncApp
{"package":"com.threed.fps.gun.ops.battle.shooting.game","title":"FPS Gun Strike Ops Battle: Offline Shooting Game","gssdkVersion":"v6.2.1","sdkVersionID":"2182","sdkVersion":"2182","userSignature":"a31265023c3eb8a0e11a55e1b57f3b30","appVersionCode":"","appVersionName":"","totalSequences":"1","adsQueueType":"priority","gpRateUsURL":"","isHideAds":"0","childDirected":"1","mediationLog":"0","store":"41","sequences":[{"seqTitleID":"1","isFirstSkip":"False","failOverAdID":"8"," isFirstSkipRewardedVideo":"False"," bannerEnabled":"False","bannerPosition":"1","failOverAdIDBanner":"49","failOverAdIDNative":"69","failOverAdIDRewardedVideo":"24","nativeEnabled":"False","nativeWidth":"107","nativeHeight":"107","interstitialAndVideo":[{"adID":"8","adOrder":"1"}],"rewardedVideo":[{"adID":"24","adOrder":"1"}],"native":[{"adID":"69","adOrder":"1"}],"banner":[{"adID":"49","adOrder":"1"}],"icon":{"enabled":"False","adID":"59","size":"1"}}],"appAdnetwork":[{"adID":"8","isAdavailable":"1"},{"adID":"49","isAdavailable":"1"},{"adID":"69","isAdavailable":"1"},{"adID":"24","isAdavailable":"1"},{"adID":"59","isAdavailable":"1"}]}: Status code forbidden, internet connectivity not availablehttp://52.13.174.6/sheeda/admin/json/syncApp please check your internet connection 49
{"package":"com.threed.fps.gun.ops.battle.shooting.game","title":"FPS Gun Strike Ops Battle: Offline Shooting Game","gssdkVersion":"v6.2.1","sdkVersionID":"2182","sdkVersion":"2182","userSignature":"a31265023c3eb8a0e11a55e1b57f3b30","appVersionCode":"","appVersionName":"","totalSequences":"1","adsQueueType":"priority","gpRateUsURL":"","isHideAds":"0","childDirected":"1","mediationLog":"0","store":"41","sequences":[{"seqTitleID":"1","isFirstSkip":"False","failOverAdID":"8"," isFirstSkipRewardedVideo":"False"," bannerEnabled":"False","bannerPosition":"1","failOverAdIDBanner":"49","failOverAdIDNative":"69","failOverAdIDRewardedVideo":"24","nativeEnabled":"False","nativeWidth":"107","nativeHeight":"107","interstitialAndVideo":[{"adID":"8","adOrder":"1"}],"rewardedVideo":[{"adID":"24","adOrder":"1"}],"native":[{"adID":"69","adOrder":"1"}],"banner":[{"adID":"49","adOrder":"1"}],"icon":{"enabled":"False","adID":"59","size":"1"}}],"appAdnetwork":[{"adID":"8","isAdavailable":"1"},{"adID":"49","isAdavailable":"1"},{"adID":"69","isAdavailable":"1"},{"adID":"24","isAdavailable":"1"},{"adID":"59","isAdavailable":"1"}]}: Status code not OK,http://52.13.174.6/sheeda/admin/json/syncApp API has failed at 49 Forbidden{"message":"HTTP Error 401 - Unauthorized: Access is denied due to invalid credentials."}
{"package":"com.threed.fps.gun.ops.battle.shooting.game","title":"FPS Gun Strike Ops Battle: Offline Shooting Game","gssdkVersion":"v6.2.1","sdkVersionID":"2182","sdkVersion":"2182","userSignature":"a31265023c3eb8a0e11a55e1b57f3b30","appVersionCode":"","appVersionName":"","totalSequences":"1","adsQueueType":"priority","gpRateUsURL":"","isHideAds":"0","childDirected":"1","mediationLog":"0","store":"41","sequences":[{"seqTitleID":"1","isFirstSkip":"False","failOverAdID":"8"," isFirstSkipRewardedVideo":"False"," bannerEnabled":"False","bannerPosition":"1","failOverAdIDBanner":"49","failOverAdIDNative":"69","failOverAdIDRewardedVideo":"24","nativeEnabled":"False","nativeWidth":"107","nativeHeight":"107","interstitialAndVideo":[{"adID":"8","adOrder":"1"}],"rewardedVideo":[{"adID":"24","adOrder":"1"}],"native":[{"adID":"69","adOrder":"1"}],"banner":[{"adID":"49","adOrder":"1"}],"icon":{"enabled":"False","adID":"59","size":"1"}}],"appAdnetwork":[{"adID":"8","isAdavailable":"1"},{"adID":"49","isAdavailable":"1"},{"adID":"69","isAdavailable":"1"},{"adID":"24","isAdavailable":"1"},{"adID":"59","isAdavailable":"1"}]}: http://52.13.174.6/sheeda/admin/json/syncAppAPI failed as it is not correct json response in content type 49{"message":"HTTP Error 401 - Unauthorized: Access is denied due to invalid credentials."}
</DebugTrace>
      </Output>
    </UnitTestResult>
    <UnitTestResult executionId="771d37a8-52f3-4392-8f38-0c33d5a04f34" testId="4d0749f1-2acf-bf6d-9151-b617319ecfaf" testName="F_SyncUserDeviceMainMethodCodeGenerator" computerName="DESKTOP-5AJ0SB3" duration="00:01:18.7733544" startTime="2020-12-31T12:36:42.0196472+05:00" endTime="2020-12-31T12:38:00.7982330+05:00" testType="13cdc9d9-ddb5-4fa4-a97d-d965ccfc6d4b" outcome="Passed" testListId="8c84fa94-04c1-424b-9868-57a2d4851a1d" relativeResultsDirectory="771d37a8-52f3-4392-8f38-0c33d5a04f34">
      <Output>
        <DebugTrace>****************** http://52.13.174.6/sheeda/admin/analytics/syncUserDevice
****************** SELECT apps.package, apps.appID, apps.osID, apps.companyID, apps.sdkID, sdk_info.ver, apps.appVersionCode, apps.appVersionName FROM apps INNER JOIN sdk_info ON apps.sdkID = sdk_info.sdkID WHERE apps.sdkID &gt; 20 LIMIT 50
****************** 
****************** select adID from ads where ad_type != 'analytics';
****************** 
****************** http://52.13.174.6/sheeda/admin/analytics/syncUserDevice
Status code forbidden, internet connectivity not availablehttp://52.13.174.6/sheeda/admin/analytics/syncUserDevice please check your internet connection 0
{"package":"com.socialink.jungle.warrior","appVersionCode":"","appVersionName":"","nativeApp":"0","store":"41","uniqueDeviceID":"4297","appID":"","deviceID":"","region":"","adsQueueEventStats ":[{"adID":"0","sceneID":"11"," request":"430"," impression":"430"," click":"430"}],"gssdkVersion":"1.0.0","sdkVersionID":"2001","sdkVersion":"2001","devMode":"0"}: Status code not OK,http://52.13.174.6/sheeda/admin/analytics/syncUserDevice API has failed at 0 Forbidden{"message":"HTTP Error 401 - Unauthorized: Access is denied due to invalid credentials."}
{"package":"com.socialink.jungle.warrior","appVersionCode":"","appVersionName":"","nativeApp":"0","store":"41","uniqueDeviceID":"4297","appID":"","deviceID":"","region":"","adsQueueEventStats ":[{"adID":"0","sceneID":"11"," request":"430"," impression":"430"," click":"430"}],"gssdkVersion":"1.0.0","sdkVersionID":"2001","sdkVersion":"2001","devMode":"0"}: http://52.13.174.6/sheeda/admin/analytics/syncUserDeviceAPI failed as it is not correct json response in content type 0{"message":"HTTP Error 401 - Unauthorized: Access is denied due to invalid credentials."}
{"package":"com.socialink.jungle.warrior","appVersionCode":"","appVersionName":"","nativeApp":"0","store":"41","uniqueDeviceID":"4297","appID":"","deviceID":"","region":"","adsQueueEventStats ":[{"adID":"0","sceneID":"11"," request":"430"," impression":"430"," click":"430"}],"gssdkVersion":"1.0.0","sdkVersionID":"2001","sdkVersion":"2001","devMode":"0"}: message value is other then completed,http://52.13.174.6/sheeda/admin/analytics/syncUserDeviceapi is failed
****************** http://52.13.174.6/sheeda/admin/analytics/syncUserDevice
AM mode is working fine
Message value is completed
****************** http://52.13.174.6/sheeda/admin/analytics/syncUserDevice
Status code forbidden, internet connectivity not availablehttp://52.13.174.6/sheeda/admin/analytics/syncUserDevice please check your internet connection 2
{"package":"com.gamerzstudio.airplane.simulator","appVersionCode":"","appVersionName":"","nativeApp":"0","store":"41","uniqueDeviceID":"24","appID":"","deviceID":"","region":"","adsQueueEventStats ":[{"adID":"2","sceneID":"1"," request":"3"," impression":"3"," click":"3"}],"gssdkVersion":"3.2.2","sdkVersionID":"39","sdkVersion":"39","devMode":"0"}: Status code not OK,http://52.13.174.6/sheeda/admin/analytics/syncUserDevice API has failed at 2 Forbidden{"message":"HTTP Error 401 - Unauthorized: Access is denied due to invalid credentials."}
{"package":"com.gamerzstudio.airplane.simulator","appVersionCode":"","appVersionName":"","nativeApp":"0","store":"41","uniqueDeviceID":"24","appID":"","deviceID":"","region":"","adsQueueEventStats ":[{"adID":"2","sceneID":"1"," request":"3"," impression":"3"," click":"3"}],"gssdkVersion":"3.2.2","sdkVersionID":"39","sdkVersion":"39","devMode":"0"}: http://52.13.174.6/sheeda/admin/analytics/syncUserDeviceAPI failed as it is not correct json response in content type 2{"message":"HTTP Error 401 - Unauthorized: Access is denied due to invalid credentials."}
{"package":"com.gamerzstudio.airplane.simulator","appVersionCode":"","appVersionName":"","nativeApp":"0","store":"41","uniqueDeviceID":"24","appID":"","deviceID":"","region":"","adsQueueEventStats ":[{"adID":"2","sceneID":"1"," request":"3"," impression":"3"," click":"3"}],"gssdkVersion":"3.2.2","sdkVersionID":"39","sdkVersion":"39","devMode":"0"}: message value is other then completed,http://52.13.174.6/sheeda/admin/analytics/syncUserDeviceapi is failed
****************** http://52.13.174.6/sheeda/admin/analytics/syncUserDevice
AM mode is working fine
Message value is completed
****************** http://52.13.174.6/sheeda/admin/analytics/syncUserDevice
****************** http://52.13.174.6/sheeda/admin/analytics/syncUserDevice
AM mode is working fine
Message value is completed
****************** http://52.13.174.6/sheeda/admin/analytics/syncUserDevice
{"package":"com.amazing.gamez.airplane.car.transporter.pilot","appVersionCode":"","appVersionName":"","nativeApp":"0","store":"41","uniqueDeviceID":"4637","appID":"","deviceID":"","region":"","adsQueueEventStats ":[{"adID":"6","sceneID":"12"," request":"464"," impression":"464"," click":"464"}],"gssdkVersion":"3.2.2","sdkVersionID":"39","sdkVersion":"39","devMode":"0"}: message value is other then completed,http://52.13.174.6/sheeda/admin/analytics/syncUserDeviceapi is failed
****************** http://52.13.174.6/sheeda/admin/analytics/syncUserDevice
{"package":"com.amazing.gamez.airplane.car.transporter.pilot","appVersionCode":"","appVersionName":"","nativeApp":"0","store":"43","uniqueDeviceID":"7254","appID":"","deviceID":"","region":"","adsQueueEventStats ":[{"adID":"7","sceneID":"19"," request":"725"," impression":"725"," click":"725"}],"gssdkVersion":"3.2.2","sdkVersionID":"39","sdkVersion":"39","devMode":"0"}: message value is other then completed,http://52.13.174.6/sheeda/admin/analytics/syncUserDeviceapi is failed
****************** http://52.13.174.6/sheeda/admin/analytics/syncUserDevice
{"package":"com.amazing.gamez.snow.plow.truck.simulator","appVersionCode":"","appVersionName":"","nativeApp":"0","store":"41","uniqueDeviceID":"7571","appID":"","deviceID":"","region":"","adsQueueEventStats ":[{"adID":"8","sceneID":"19"," request":"757"," impression":"757"," click":"757"}],"gssdkVersion":"3.2.2","sdkVersionID":"39","sdkVersion":"39","devMode":"0"}: message value is other then completed,http://52.13.174.6/sheeda/admin/analytics/syncUserDeviceapi is failed
****************** http://52.13.174.6/sheeda/admin/analytics/syncUserDevice
AM mode is working fine
Message value is completed
****************** http://52.13.174.6/sheeda/admin/analytics/syncUserDevice
****************** http://52.13.174.6/sheeda/admin/analytics/syncUserDevice
****************** http://52.13.174.6/sheeda/admin/analytics/syncUserDevice
AM mode is working fine
Message value is completed
****************** http://52.13.174.6/sheeda/admin/analytics/syncUserDevice
AM mode is working fine
Message value is completed
****************** http://52.13.174.6/sheeda/admin/analytics/syncUserDevice
****************** http://52.13.174.6/sheeda/admin/analytics/syncUserDevice
{"package":"com.amazing.gamez.airplane.car.transporter.pilot","appVersionCode":"","appVersionName":"","nativeApp":"0","store":"42","uniqueDeviceID":"8674","appID":"","deviceID":"","region":"","adsQueueEventStats ":[{"adID":"18","sceneID":"22"," request":"867"," impression":"867"," click":"867"}],"gssdkVersion":"3.2.2","sdkVersionID":"39","sdkVersion":"39","devMode":"0"}: message value is other then completed,http://52.13.174.6/sheeda/admin/analytics/syncUserDeviceapi is failed
****************** http://52.13.174.6/sheeda/admin/analytics/syncUserDevice
{"package":"com.amazing.gamez.off.road.hill.climb","appVersionCode":"","appVersionName":"","nativeApp":"0","store":"41","uniqueDeviceID":"7038","appID":"","deviceID":"","region":"","adsQueueEventStats ":[{"adID":"19","sceneID":"18"," request":"704"," impression":"704"," click":"704"}],"gssdkVersion":"3.2.2","sdkVersionID":"39","sdkVersion":"39","devMode":"0"}: message value is other then completed,http://52.13.174.6/sheeda/admin/analytics/syncUserDeviceapi is failed
****************** http://52.13.174.6/sheeda/admin/analytics/syncUserDevice
{"package":"com.amazing.gamez.off.road.hill.climb","appVersionCode":"","appVersionName":"","nativeApp":"0","store":"43","uniqueDeviceID":"179","appID":"","deviceID":"","region":"","adsQueueEventStats ":[{"adID":"20","sceneID":"1"," request":"18"," impression":"18"," click":"18"}],"gssdkVersion":"3.2.2","sdkVersionID":"39","sdkVersion":"39","devMode":"0"}: message value is other then completed,http://52.13.174.6/sheeda/admin/analytics/syncUserDeviceapi is failed
****************** http://52.13.174.6/sheeda/admin/analytics/syncUserDevice
****************** http://52.13.174.6/sheeda/admin/analytics/syncUserDevice
AM mode is working fine
Message value is completed
****************** http://52.13.174.6/sheeda/admin/analytics/syncUserDevice
AM mode is working fine
Message value is completed
****************** http://52.13.174.6/sheeda/admin/analytics/syncUserDevice
AM mode is working fine
Message value is completed
****************** http://52.13.174.6/sheeda/admin/analytics/syncUserDevice
AM mode is working fine
Message value is completed
****************** http://52.13.174.6/sheeda/admin/analytics/syncUserDevice
{"package":"com.amazing.gamez.share.attack.survival.simulator","appVersionCode":"","appVersionName":"","nativeApp":"0","store":"42","uniqueDeviceID":"3681","appID":"","deviceID":"","region":"","adsQueueEventStats ":[{"adID":"26","sceneID":"10"," request":"368"," impression":"368"," click":"368"}],"gssdkVersion":"3.2.2","sdkVersionID":"39","sdkVersion":"39","devMode":"0"}: message value is other then completed,http://52.13.174.6/sheeda/admin/analytics/syncUserDeviceapi is failed
****************** http://52.13.174.6/sheeda/admin/analytics/syncUserDevice
****************** http://52.13.174.6/sheeda/admin/analytics/syncUserDevice
{"package":"com.amazing.gamez.counter.terrorist.force","appVersionCode":"","appVersionName":"","nativeApp":"0","store":"41","uniqueDeviceID":"6473","appID":"","deviceID":"","region":"","adsQueueEventStats ":[{"adID":"28","sceneID":"17"," request":"647"," impression":"647"," click":"647"}],"gssdkVersion":"3.2.2","sdkVersionID":"39","sdkVersion":"39","devMode":"0"}: message value is other then completed,http://52.13.174.6/sheeda/admin/analytics/syncUserDeviceapi is failed
****************** http://52.13.174.6/sheeda/admin/analytics/syncUserDevice
AM mode is working fine
Message value is completed
****************** http://52.13.174.6/sheeda/admin/analytics/syncUserDevice
AM mode is working fine
Message value is completed
****************** http://52.13.174.6/sheeda/admin/analytics/syncUserDevice
AM mode is working fine
Message value is completed
****************** http://52.13.174.6/sheeda/admin/analytics/syncUserDevice
AM mode is working fine
Message value is completed
****************** http://52.13.174.6/sheeda/admin/analytics/syncUserDevice
AM mode is working fine
Message value is completed
****************** http://52.13.174.6/sheeda/admin/analytics/syncUserDevice
AM mode is working fine
Message value is completed
****************** http://52.13.174.6/sheeda/admin/analytics/syncUserDevice
AM mode is working fine
child directed value is set
Sequences value is set
Is hide ads value is set
Mediation mode value is set
Ads mediation queue value is set
Message value is completed
****************** http://52.13.174.6/sheeda/admin/analytics/syncUserDevice
AM mode is working fine
Message value is completed
****************** http://52.13.174.6/sheeda/admin/analytics/syncUserDevice
AM mode is working fine
Message value is completed
****************** http://52.13.174.6/sheeda/admin/analytics/syncUserDevice
AM mode is working fine
Message value is completed
****************** http://52.13.174.6/sheeda/admin/analytics/syncUserDevice
AM mode is working fine
Message value is completed
****************** http://52.13.174.6/sheeda/admin/analytics/syncUserDevice
AM mode is working fine
Message value is completed
****************** http://52.13.174.6/sheeda/admin/analytics/syncUserDevice
AM mode is working fine
Message value is completed
****************** http://52.13.174.6/sheeda/admin/analytics/syncUserDevice
AM mode is working fine
Message value is completed
****************** http://52.13.174.6/sheeda/admin/analytics/syncUserDevice
AM mode is working fine
Message value is completed
****************** http://52.13.174.6/sheeda/admin/analytics/syncUserDevice
AM mode is working fine
Message value is completed
****************** http://52.13.174.6/sheeda/admin/analytics/syncUserDevice
AM mode is working fine
Message value is completed
****************** http://52.13.174.6/sheeda/admin/analytics/syncUserDevice
AM mode is working fine
Message value is completed
****************** http://52.13.174.6/sheeda/admin/analytics/syncUserDevice
AM mode is working fine
Message value is completed
****************** http://52.13.174.6/sheeda/admin/analytics/syncUserDevice
AM mode is working fine
Message value is completed
****************** http://52.13.174.6/sheeda/admin/analytics/syncUserDevice
AM mode is working fine
Message value is completed
****************** http://52.13.174.6/sheeda/admin/analytics/syncUserDevice
AM mode is working fine
Message value is completed
****************** http://52.13.174.6/sheeda/admin/analytics/syncUserDevice
AM mode is working fine
Message value is completed
****************** http://52.13.174.6/sheeda/admin/analytics/syncUserDevice
AM mode is working fine
Message value is completed
</DebugTrace>
      </Output>
    </UnitTestResult>
  </Results>
</TestRun>