<?xml version="1.0" encoding="UTF-8"?>
<TestRun id="4c0660d8-98ca-4f24-8bf4-319f53764b48" name="SYSTEM@DESKTOP-5AJ0SB3 2021-01-29 10:15:44" runUser="NT AUTHORITY\SYSTEM" xmlns="http://microsoft.com/schemas/VisualStudio/TeamTest/2010">
  <TestSettings name="Default Test Settings" id="19965302-8e61-4ee2-9221-963f2f62d4df">
    <Deployment userDeploymentRoot="E:\Automation\Automation_API_Windows\Monetization_Automation\Monetization_Automation\Monetization_Automation\AutomationAPIExecutionResultsFiles" useDefaultDeploymentRoot="false" runDeploymentRoot="SYSTEM_DESKTOP-5AJ0SB3 2021-01-29 10_15_44" />
    <Execution>
      <TestTypeSpecific />
      <AgentRule name="Execution Agents">
      </AgentRule>
    </Execution>
    <Properties />
  </TestSettings>
  <Times creation="2021-01-29T10:15:44.6742672+05:00" queuing="2021-01-29T10:15:54.8633973+05:00" start="2021-01-29T10:15:55.1538444+05:00" finish="2021-01-29T10:27:10.9803629+05:00" />
  <ResultSummary outcome="Warning">
    <Counters total="7" executed="7" passed="7" error="0" failed="0" timeout="0" aborted="0" inconclusive="0" passedButRunAborted="0" notRunnable="0" notExecuted="0" disconnected="0" warning="0" completed="0" inProgress="0" pending="0" />
    <RunInfos>
      <RunInfo computerName="DESKTOP-5AJ0SB3" outcome="Warning" timestamp="2021-01-29T10:15:54.6996492+05:00">
        <Text>Warning: conflict during test run deployment: deployment item 'E:\Automation\Automation_API_Windows\Monetization_Automation\Monetization_Automation\Monetization_Automation\Monetization_Automation.Utils\Monetization_Automation.Utils\bin\Debug\Monetization_Automation.Utils.dll' specified by the test 'Monetization_Automation.Test.F_SyncAppUnityAPIInputGenerator.G_SyncAppunityMainMethodCodeGenerator' cannot be deployed to 'Google.Protobuf.dll' because otherwise the file 'E:\Automation\Automation_API_Windows\Monetization_Automation\Monetization_Automation\Monetization_Automation\Monetization_Automation.Utils\Monetization_Automation.Utils\bin\Debug\Google.Protobuf.dll' would overwrite deployment item 'e:\automation\automation_api_windows\monetization_automation\monetization_automation\monetization_automation\testingapi\bin\debug\Google.Protobuf.dll' directly or indirectly referenced by the test container 'e:\automation\automation_api_windows\monetization_automation\monetization_automation\monetization_automation\testingapi\bin\debug\monetization_automation.test.dll'.</Text>
      </RunInfo>
      <RunInfo computerName="DESKTOP-5AJ0SB3" outcome="Warning" timestamp="2021-01-29T10:15:54.7016248+05:00">
        <Text>Warning: conflict during test run deployment: deployment item 'E:\Automation\Automation_API_Windows\Monetization_Automation\Monetization_Automation\Monetization_Automation\Monetization_Automation.Utils\Monetization_Automation.Utils\bin\Debug\Monetization_Automation.Utils.dll' specified by the test 'Monetization_Automation.Test.F_SyncAppUnityAPIInputGenerator.G_SyncAppunityMainMethodCodeGenerator' cannot be deployed to 'K4os.Compression.LZ4.Streams.dll' because otherwise the file 'E:\Automation\Automation_API_Windows\Monetization_Automation\Monetization_Automation\Monetization_Automation\Monetization_Automation.Utils\Monetization_Automation.Utils\bin\Debug\K4os.Compression.LZ4.Streams.dll' would overwrite deployment item 'e:\automation\automation_api_windows\monetization_automation\monetization_automation\monetization_automation\testingapi\bin\debug\K4os.Compression.LZ4.Streams.dll' directly or indirectly referenced by the test container 'e:\automation\automation_api_windows\monetization_automation\monetization_automation\monetization_automation\testingapi\bin\debug\monetization_automation.test.dll'.</Text>
      </RunInfo>
      <RunInfo computerName="DESKTOP-5AJ0SB3" outcome="Warning" timestamp="2021-01-29T10:15:54.7026485+05:00">
        <Text>Warning: conflict during test run deployment: deployment item 'E:\Automation\Automation_API_Windows\Monetization_Automation\Monetization_Automation\Monetization_Automation\Monetization_Automation.Utils\Monetization_Automation.Utils\bin\Debug\Monetization_Automation.Utils.dll' specified by the test 'Monetization_Automation.Test.F_SyncAppUnityAPIInputGenerator.G_SyncAppunityMainMethodCodeGenerator' cannot be deployed to 'K4os.Compression.LZ4.dll' because otherwise the file 'E:\Automation\Automation_API_Windows\Monetization_Automation\Monetization_Automation\Monetization_Automation\Monetization_Automation.Utils\Monetization_Automation.Utils\bin\Debug\K4os.Compression.LZ4.dll' would overwrite deployment item 'e:\automation\automation_api_windows\monetization_automation\monetization_automation\monetization_automation\testingapi\bin\debug\K4os.Compression.LZ4.dll' directly or indirectly referenced by the test container 'e:\automation\automation_api_windows\monetization_automation\monetization_automation\monetization_automation\testingapi\bin\debug\monetization_automation.test.dll'.</Text>
      </RunInfo>
      <RunInfo computerName="DESKTOP-5AJ0SB3" outcome="Warning" timestamp="2021-01-29T10:15:54.7026485+05:00">
        <Text>Warning: conflict during test run deployment: deployment item 'E:\Automation\Automation_API_Windows\Monetization_Automation\Monetization_Automation\Monetization_Automation\Monetization_Automation.Utils\Monetization_Automation.Utils\bin\Debug\Monetization_Automation.Utils.dll' specified by the test 'Monetization_Automation.Test.F_SyncAppUnityAPIInputGenerator.G_SyncAppunityMainMethodCodeGenerator' cannot be deployed to 'System.Memory.dll' because otherwise the file 'E:\Automation\Automation_API_Windows\Monetization_Automation\Monetization_Automation\Monetization_Automation\Monetization_Automation.Utils\Monetization_Automation.Utils\bin\Debug\System.Memory.dll' would overwrite deployment item 'e:\automation\automation_api_windows\monetization_automation\monetization_automation\monetization_automation\testingapi\bin\debug\System.Memory.dll' directly or indirectly referenced by the test container 'e:\automation\automation_api_windows\monetization_automation\monetization_automation\monetization_automation\testingapi\bin\debug\monetization_automation.test.dll'.</Text>
      </RunInfo>
      <RunInfo computerName="DESKTOP-5AJ0SB3" outcome="Warning" timestamp="2021-01-29T10:15:54.7026485+05:00">
        <Text>Warning: conflict during test run deployment: deployment item 'E:\Automation\Automation_API_Windows\Monetization_Automation\Monetization_Automation\Monetization_Automation\Monetization_Automation.Utils\Monetization_Automation.Utils\bin\Debug\Monetization_Automation.Utils.dll' specified by the test 'Monetization_Automation.Test.F_SyncAppUnityAPIInputGenerator.G_SyncAppunityMainMethodCodeGenerator' cannot be deployed to 'System.Numerics.Vectors.dll' because otherwise the file 'E:\Automation\Automation_API_Windows\Monetization_Automation\Monetization_Automation\Monetization_Automation\Monetization_Automation.Utils\Monetization_Automation.Utils\bin\Debug\System.Numerics.Vectors.dll' would overwrite deployment item 'e:\automation\automation_api_windows\monetization_automation\monetization_automation\monetization_automation\testingapi\bin\debug\System.Numerics.Vectors.dll' directly or indirectly referenced by the test container 'e:\automation\automation_api_windows\monetization_automation\monetization_automation\monetization_automation\testingapi\bin\debug\monetization_automation.test.dll'.</Text>
      </RunInfo>
      <RunInfo computerName="DESKTOP-5AJ0SB3" outcome="Warning" timestamp="2021-01-29T10:15:54.7026485+05:00">
        <Text>Warning: conflict during test run deployment: deployment item 'E:\Automation\Automation_API_Windows\Monetization_Automation\Monetization_Automation\Monetization_Automation\Monetization_Automation.Utils\Monetization_Automation.Utils\bin\Debug\Monetization_Automation.Utils.dll' specified by the test 'Monetization_Automation.Test.F_SyncAppUnityAPIInputGenerator.G_SyncAppunityMainMethodCodeGenerator' cannot be deployed to 'BouncyCastle.Crypto.dll' because otherwise the file 'E:\Automation\Automation_API_Windows\Monetization_Automation\Monetization_Automation\Monetization_Automation\Monetization_Automation.Utils\Monetization_Automation.Utils\bin\Debug\BouncyCastle.Crypto.dll' would overwrite deployment item 'e:\automation\automation_api_windows\monetization_automation\monetization_automation\monetization_automation\testingapi\bin\debug\BouncyCastle.Crypto.dll' directly or indirectly referenced by the test container 'e:\automation\automation_api_windows\monetization_automation\monetization_automation\monetization_automation\testingapi\bin\debug\monetization_automation.test.dll'.</Text>
      </RunInfo>
      <RunInfo computerName="DESKTOP-5AJ0SB3" outcome="Warning" timestamp="2021-01-29T10:15:54.7036473+05:00">
        <Text>Warning: Test Run deployment issue: The assembly or module 'office' directly or indirectly referenced by the test container 'e:\automation\automation_api_windows\monetization_automation\monetization_automation\monetization_automation\testingapi\bin\debug\monetization_automation.test.dll' was not found.</Text>
      </RunInfo>
      <RunInfo computerName="DESKTOP-5AJ0SB3" outcome="Warning" timestamp="2021-01-29T10:15:54.7036473+05:00">
        <Text>Warning: Test Run deployment issue: The assembly or module 'Microsoft.Vbe.Interop' directly or indirectly referenced by the test container 'e:\automation\automation_api_windows\monetization_automation\monetization_automation\monetization_automation\testingapi\bin\debug\monetization_automation.test.dll' was not found.</Text>
      </RunInfo>
      <RunInfo computerName="DESKTOP-5AJ0SB3" outcome="Warning" timestamp="2021-01-29T10:15:54.7036473+05:00">
        <Text>Warning: Test Run deployment issue: The assembly or module 'System.Memory' directly or indirectly referenced by deployment item 'E:\Automation\Automation_API_Windows\Monetization_Automation\Monetization_Automation\Monetization_Automation\Monetization_Automation.Utils\Monetization_Automation.Utils\bin\Debug\Monetization_Automation.Utils.dll' specified by the test 'Monetization_Automation.Test.F_SyncAppUnityAPIInputGenerator.G_SyncAppunityMainMethodCodeGenerator' was not found.</Text>
      </RunInfo>
      <RunInfo computerName="DESKTOP-5AJ0SB3" outcome="Warning" timestamp="2021-01-29T10:15:54.7036473+05:00">
        <Text>Warning: Test Run deployment issue: The assembly or module 'System.Runtime.CompilerServices.Unsafe' directly or indirectly referenced by deployment item 'E:\Automation\Automation_API_Windows\Monetization_Automation\Monetization_Automation\Monetization_Automation\Monetization_Automation.Utils\Monetization_Automation.Utils\bin\Debug\Monetization_Automation.Utils.dll' specified by the test 'Monetization_Automation.Test.F_SyncAppUnityAPIInputGenerator.G_SyncAppunityMainMethodCodeGenerator' was not found.</Text>
      </RunInfo>
      <RunInfo computerName="DESKTOP-5AJ0SB3" outcome="Warning" timestamp="2021-01-29T10:15:54.7036473+05:00">
        <Text>Warning: Test Run deployment issue: The assembly or module 'System.Buffers' directly or indirectly referenced by deployment item 'E:\Automation\Automation_API_Windows\Monetization_Automation\Monetization_Automation\Monetization_Automation\Monetization_Automation.Utils\Monetization_Automation.Utils\bin\Debug\Monetization_Automation.Utils.dll' specified by the test 'Monetization_Automation.Test.F_SyncAppUnityAPIInputGenerator.G_SyncAppunityMainMethodCodeGenerator' was not found.</Text>
      </RunInfo>
    </RunInfos>
  </ResultSummary>
  <TestDefinitions>
    <UnitTest name="G_SyncAppunityMainMethodCodeGenerator" storage="e:\automation\automation_api_windows\monetization_automation\monetization_automation\monetization_automation\testingapi\bin\debug\monetization_automation.test.dll" id="f70c910a-cc07-24cb-0d1c-bc2c00fc396f">
      <DeploymentItems>
        <DeploymentItem filename="E:\Automation\Automation_API_Windows\Monetization_Automation\Monetization_Automation\Monetization_Automation\Monetization_Automation.Utils\Monetization_Automation.Utils\bin\Debug\Monetization_Automation.Utils.dll" />
      </DeploymentItems>
      <Execution id="d4e8750c-7f5b-44d3-9e3a-fbe7e5f8b81b" />
      <TestMethod codeBase="E:/Automation/Automation_API_Windows/Monetization_Automation/Monetization_Automation/Monetization_Automation/TestingAPI/bin/Debug/Monetization_Automation.Test.DLL" adapterTypeName="Microsoft.VisualStudio.TestTools.TestTypes.Unit.UnitTestAdapter, Microsoft.VisualStudio.QualityTools.Tips.UnitTest.Adapter, Version=16.0.0.0, Culture=neutral, PublicKeyToken=b03f5f7f11d50a3a" className="Monetization_Automation.Test.F_SyncAppUnityAPIInputGenerator, Monetization_Automation.Test, Version=1.0.0.0, Culture=neutral, PublicKeyToken=null" name="G_SyncAppunityMainMethodCodeGenerator" />
    </UnitTest>
    <UnitTest name="B_CampaignLogSummaryMainMethodCodeGenerator" storage="e:\automation\automation_api_windows\monetization_automation\monetization_automation\monetization_automation\testingapi\bin\debug\monetization_automation.test.dll" id="04151d7f-9c61-1489-4cc0-5cc1dc07baee">
      <DeploymentItems>
        <DeploymentItem filename="E:\Automation\Automation_API_Windows\Monetization_Automation\Monetization_Automation\Monetization_Automation\Monetization_Automation.Utils\Monetization_Automation.Utils\bin\Debug\Monetization_Automation.Utils.dll" />
      </DeploymentItems>
      <Execution id="62c763fc-8589-4413-978c-1c15f1f700bb" />
      <TestMethod codeBase="E:/Automation/Automation_API_Windows/Monetization_Automation/Monetization_Automation/Monetization_Automation/TestingAPI/bin/Debug/Monetization_Automation.Test.DLL" adapterTypeName="Microsoft.VisualStudio.TestTools.TestTypes.Unit.UnitTestAdapter, Microsoft.VisualStudio.QualityTools.Tips.UnitTest.Adapter, Version=16.0.0.0, Culture=neutral, PublicKeyToken=b03f5f7f11d50a3a" className="Monetization_Automation.Test.B_CampaignLogSummaryAPIInputGenerator, Monetization_Automation.Test, Version=1.0.0.0, Culture=neutral, PublicKeyToken=null" name="B_CampaignLogSummaryMainMethodCodeGenerator" />
    </UnitTest>
    <UnitTest name="E_StartNewAdSessionMainInputGenerator" storage="e:\automation\automation_api_windows\monetization_automation\monetization_automation\monetization_automation\testingapi\bin\debug\monetization_automation.test.dll" id="bfc1b289-dbbb-3bad-fc5e-78e601449e19">
      <DeploymentItems>
        <DeploymentItem filename="E:\Automation\Automation_API_Windows\Monetization_Automation\Monetization_Automation\Monetization_Automation\Monetization_Automation.Utils\Monetization_Automation.Utils\bin\Debug\Monetization_Automation.Utils.dll" />
      </DeploymentItems>
      <Execution id="a9f3ea3d-e240-434a-a3bb-c681c48db6bf" />
      <TestMethod codeBase="E:/Automation/Automation_API_Windows/Monetization_Automation/Monetization_Automation/Monetization_Automation/TestingAPI/bin/Debug/Monetization_Automation.Test.DLL" adapterTypeName="Microsoft.VisualStudio.TestTools.TestTypes.Unit.UnitTestAdapter, Microsoft.VisualStudio.QualityTools.Tips.UnitTest.Adapter, Version=16.0.0.0, Culture=neutral, PublicKeyToken=b03f5f7f11d50a3a" className="Monetization_Automation.Test.E_StartNewAdSessionInputGenerator, Monetization_Automation.Test, Version=1.0.0.0, Culture=neutral, PublicKeyToken=null" name="E_StartNewAdSessionMainInputGenerator" />
    </UnitTest>
    <UnitTest name="A_SyncAppNativeMainMethodInputGenerator" storage="e:\automation\automation_api_windows\monetization_automation\monetization_automation\monetization_automation\testingapi\bin\debug\monetization_automation.test.dll" id="b1df3d41-c071-e99d-12ca-f9fb92f1350c">
      <DeploymentItems>
        <DeploymentItem filename="E:\Automation\Automation_API_Windows\Monetization_Automation\Monetization_Automation\Monetization_Automation\Monetization_Automation.Utils\Monetization_Automation.Utils\bin\Debug\Monetization_Automation.Utils.dll" />
      </DeploymentItems>
      <Execution id="991336ab-7f0c-4d4c-a2f3-d6f66e330cab" />
      <TestMethod codeBase="E:/Automation/Automation_API_Windows/Monetization_Automation/Monetization_Automation/Monetization_Automation/TestingAPI/bin/Debug/Monetization_Automation.Test.DLL" adapterTypeName="Microsoft.VisualStudio.TestTools.TestTypes.Unit.UnitTestAdapter, Microsoft.VisualStudio.QualityTools.Tips.UnitTest.Adapter, Version=16.0.0.0, Culture=neutral, PublicKeyToken=b03f5f7f11d50a3a" className="Monetization_Automation.Test.A_SyncAppNativeAPIInputGenerator, Monetization_Automation.Test, Version=1.0.0.0, Culture=neutral, PublicKeyToken=null" name="A_SyncAppNativeMainMethodInputGenerator" />
    </UnitTest>
    <UnitTest name="D_SaveNetworkrStatsMainMethodCodeGenerator" storage="e:\automation\automation_api_windows\monetization_automation\monetization_automation\monetization_automation\testingapi\bin\debug\monetization_automation.test.dll" id="20f0da05-06f5-50cc-bee5-9ac7cf561794">
      <DeploymentItems>
        <DeploymentItem filename="E:\Automation\Automation_API_Windows\Monetization_Automation\Monetization_Automation\Monetization_Automation\Monetization_Automation.Utils\Monetization_Automation.Utils\bin\Debug\Monetization_Automation.Utils.dll" />
      </DeploymentItems>
      <Execution id="a86260da-bd1b-4967-ae01-b3aefd2a544b" />
      <TestMethod codeBase="E:/Automation/Automation_API_Windows/Monetization_Automation/Monetization_Automation/Monetization_Automation/TestingAPI/bin/Debug/Monetization_Automation.Test.DLL" adapterTypeName="Microsoft.VisualStudio.TestTools.TestTypes.Unit.UnitTestAdapter, Microsoft.VisualStudio.QualityTools.Tips.UnitTest.Adapter, Version=16.0.0.0, Culture=neutral, PublicKeyToken=b03f5f7f11d50a3a" className="Monetization_Automation.Test.D_SaveNetworkrStatsAPIInputGenerator, Monetization_Automation.Test, Version=1.0.0.0, Culture=neutral, PublicKeyToken=null" name="D_SaveNetworkrStatsMainMethodCodeGenerator" />
    </UnitTest>
    <UnitTest name="C_RecordClicksFromDeviceMainMethodCodeGenerator" storage="e:\automation\automation_api_windows\monetization_automation\monetization_automation\monetization_automation\testingapi\bin\debug\monetization_automation.test.dll" id="d249d328-6d44-2c2d-6ed9-e0b5d6f69772">
      <DeploymentItems>
        <DeploymentItem filename="E:\Automation\Automation_API_Windows\Monetization_Automation\Monetization_Automation\Monetization_Automation\Monetization_Automation.Utils\Monetization_Automation.Utils\bin\Debug\Monetization_Automation.Utils.dll" />
      </DeploymentItems>
      <Execution id="5febf37e-79d0-4aef-86ae-bde3f830b6b6" />
      <TestMethod codeBase="E:/Automation/Automation_API_Windows/Monetization_Automation/Monetization_Automation/Monetization_Automation/TestingAPI/bin/Debug/Monetization_Automation.Test.DLL" adapterTypeName="Microsoft.VisualStudio.TestTools.TestTypes.Unit.UnitTestAdapter, Microsoft.VisualStudio.QualityTools.Tips.UnitTest.Adapter, Version=16.0.0.0, Culture=neutral, PublicKeyToken=b03f5f7f11d50a3a" className="Monetization_Automation.Test.C_RecordClicksFromDeviceInputGenerator, Monetization_Automation.Test, Version=1.0.0.0, Culture=neutral, PublicKeyToken=null" name="C_RecordClicksFromDeviceMainMethodCodeGenerator" />
    </UnitTest>
    <UnitTest name="F_SyncUserDeviceMainMethodCodeGenerator" storage="e:\automation\automation_api_windows\monetization_automation\monetization_automation\monetization_automation\testingapi\bin\debug\monetization_automation.test.dll" id="4d0749f1-2acf-bf6d-9151-b617319ecfaf">
      <DeploymentItems>
        <DeploymentItem filename="E:\Automation\Automation_API_Windows\Monetization_Automation\Monetization_Automation\Monetization_Automation\Monetization_Automation.Utils\Monetization_Automation.Utils\bin\Debug\Monetization_Automation.Utils.dll" />
      </DeploymentItems>
      <Execution id="f09667c9-e106-4966-80e7-2dd4cc93d362" />
      <TestMethod codeBase="E:/Automation/Automation_API_Windows/Monetization_Automation/Monetization_Automation/Monetization_Automation/TestingAPI/bin/Debug/Monetization_Automation.Test.DLL" adapterTypeName="Microsoft.VisualStudio.TestTools.TestTypes.Unit.UnitTestAdapter, Microsoft.VisualStudio.QualityTools.Tips.UnitTest.Adapter, Version=16.0.0.0, Culture=neutral, PublicKeyToken=b03f5f7f11d50a3a" className="Monetization_Automation.Test.G_SyncUserDeviceAPIInputGenerator, Monetization_Automation.Test, Version=1.0.0.0, Culture=neutral, PublicKeyToken=null" name="F_SyncUserDeviceMainMethodCodeGenerator" />
    </UnitTest>
  </TestDefinitions>
  <TestLists>
    <TestList name="Results Not in a List" id="8c84fa94-04c1-424b-9868-57a2d4851a1d" />
    <TestList name="All Loaded Results" id="19431567-8539-422a-85d7-44ee4e166bda" />
  </TestLists>
  <TestEntries>
    <TestEntry testId="b1df3d41-c071-e99d-12ca-f9fb92f1350c" executionId="991336ab-7f0c-4d4c-a2f3-d6f66e330cab" testListId="8c84fa94-04c1-424b-9868-57a2d4851a1d" />
    <TestEntry testId="04151d7f-9c61-1489-4cc0-5cc1dc07baee" executionId="62c763fc-8589-4413-978c-1c15f1f700bb" testListId="8c84fa94-04c1-424b-9868-57a2d4851a1d" />
    <TestEntry testId="d249d328-6d44-2c2d-6ed9-e0b5d6f69772" executionId="5febf37e-79d0-4aef-86ae-bde3f830b6b6" testListId="8c84fa94-04c1-424b-9868-57a2d4851a1d" />
    <TestEntry testId="20f0da05-06f5-50cc-bee5-9ac7cf561794" executionId="a86260da-bd1b-4967-ae01-b3aefd2a544b" testListId="8c84fa94-04c1-424b-9868-57a2d4851a1d" />
    <TestEntry testId="bfc1b289-dbbb-3bad-fc5e-78e601449e19" executionId="a9f3ea3d-e240-434a-a3bb-c681c48db6bf" testListId="8c84fa94-04c1-424b-9868-57a2d4851a1d" />
    <TestEntry testId="f70c910a-cc07-24cb-0d1c-bc2c00fc396f" executionId="d4e8750c-7f5b-44d3-9e3a-fbe7e5f8b81b" testListId="8c84fa94-04c1-424b-9868-57a2d4851a1d" />
    <TestEntry testId="4d0749f1-2acf-bf6d-9151-b617319ecfaf" executionId="f09667c9-e106-4966-80e7-2dd4cc93d362" testListId="8c84fa94-04c1-424b-9868-57a2d4851a1d" />
  </TestEntries>
  <Results>
    <UnitTestResult executionId="991336ab-7f0c-4d4c-a2f3-d6f66e330cab" testId="b1df3d41-c071-e99d-12ca-f9fb92f1350c" testName="A_SyncAppNativeMainMethodInputGenerator" computerName="DESKTOP-5AJ0SB3" duration="00:01:48.6356404" startTime="2021-01-29T10:15:55.3597307+05:00" endTime="2021-01-29T10:17:45.9883006+05:00" testType="13cdc9d9-ddb5-4fa4-a97d-d965ccfc6d4b" outcome="Passed" testListId="8c84fa94-04c1-424b-9868-57a2d4851a1d" relativeResultsDirectory="991336ab-7f0c-4d4c-a2f3-d6f66e330cab">
      <Output>
        <DebugTrace>****************** http://52.13.174.6/sheeda/admin/json/syncApp
****************** 
SELECT apps.package, apps.osID, apps.companyID, users.userSignature, apps.appVersionCode, apps.appVersionName
FROM apps JOIN users ON apps.companyID = users.companyID
WHERE apps.sdkID &gt; 20 AND apps.app_type = 'app' AND users.isAdmin = 1 AND users. STATUS = 1 ORDER BY companyID ASC
LIMIT 50
****************** 
****************** SELECT sdkID, ver FROM `sdk_info` WHERE `description` LIKE '%Native mediation%' AND sdkID &gt; 2173 LIMIT 50
****************** 
****************** select adID from ads where ad_type != 'analytics' and ad_type ='interstitial'
****************** select adID from ads where ad_type != 'analytics' and ad_type ='banner'
****************** select adID from ads where ad_type != 'analytics' and ad_type ='native'
****************** select adID from ads where ad_type != 'analytics' and ad_type ='rewarded_video'
Ads mediation queue value is set
Mediation mode value is set
child directed value is set
Sequences value is set
Is hide ads value is set
Ads mediation queue value is set
Mediation mode value is set
child directed value is set
Sequences value is set
Is hide ads value is set
Ads mediation queue value is set
Mediation mode value is set
child directed value is set
Sequences value is set
Is hide ads value is set
Ads mediation queue value is set
Mediation mode value is set
child directed value is set
Sequences value is set
Is hide ads value is set
Ads mediation queue value is set
Mediation mode value is set
child directed value is set
Sequences value is set
Is hide ads value is set
Ads mediation queue value is set
Mediation mode value is set
child directed value is set
Sequences value is set
Is hide ads value is set
Ads mediation queue value is set
Mediation mode value is set
child directed value is set
Sequences value is set
Is hide ads value is set
Ads mediation queue value is set
Mediation mode value is set
child directed value is set
Sequences value is set
Is hide ads value is set
Ads mediation queue value is set
Mediation mode value is set
child directed value is set
Sequences value is set
Is hide ads value is set
Ads mediation queue value is set
Mediation mode value is set
child directed value is set
Sequences value is set
Is hide ads value is set
Ads mediation queue value is set
Mediation mode value is set
child directed value is set
Sequences value is set
Is hide ads value is set
Ads mediation queue value is set
Mediation mode value is set
child directed value is set
Sequences value is set
Is hide ads value is set
Ads mediation queue value is set
Mediation mode value is set
child directed value is set
Sequences value is set
Is hide ads value is set
Ads mediation queue value is set
Mediation mode value is set
child directed value is set
Sequences value is set
Is hide ads value is set
Ads mediation queue value is set
Mediation mode value is set
child directed value is set
Sequences value is set
Is hide ads value is set
Ads mediation queue value is set
Mediation mode value is set
child directed value is set
Sequences value is set
Is hide ads value is set
Ads mediation queue value is set
Mediation mode value is set
child directed value is set
Sequences value is set
Is hide ads value is set
Ads mediation queue value is set
Mediation mode value is set
child directed value is set
Sequences value is set
Is hide ads value is set
Ads mediation queue value is set
Mediation mode value is set
child directed value is set
Sequences value is set
Is hide ads value is set
Ads mediation queue value is set
Mediation mode value is set
child directed value is set
Sequences value is set
Is hide ads value is set
Ads mediation queue value is set
Mediation mode value is set
child directed value is set
Sequences value is set
Is hide ads value is set
Ads mediation queue value is set
Mediation mode value is set
child directed value is set
Sequences value is set
Is hide ads value is set
Ads mediation queue value is set
Mediation mode value is set
child directed value is set
Sequences value is set
Is hide ads value is set
</DebugTrace>
      </Output>
    </UnitTestResult>
    <UnitTestResult executionId="62c763fc-8589-4413-978c-1c15f1f700bb" testId="04151d7f-9c61-1489-4cc0-5cc1dc07baee" testName="B_CampaignLogSummaryMainMethodCodeGenerator" computerName="DESKTOP-5AJ0SB3" duration="00:02:02.4582056" startTime="2021-01-29T10:17:45.9912994+05:00" endTime="2021-01-29T10:19:48.4562731+05:00" testType="13cdc9d9-ddb5-4fa4-a97d-d965ccfc6d4b" outcome="Passed" testListId="8c84fa94-04c1-424b-9868-57a2d4851a1d" relativeResultsDirectory="62c763fc-8589-4413-978c-1c15f1f700bb">
      <Output>
        <DebugTrace>****************** SELECT apps.appKey, campaigns.campaignID, apps.package, apps.sdkID, apps.companyID, apps.osID FROM apps INNER JOIN campaigns ON apps.appID = campaigns.appID WHERE apps.sdkID &gt; 20 AND apps.appKey != '' AND campaigns.campaignID NOT IN (0 ,- 1 ,- 2 ,- 3 ,- 4 ,- 5) LIMIT 50

****************** 

{"appKey":"87749f0a5e72d3c88e3f0a2ceae0e8ad","deviceID":"2923","stats":[{"campaignID":47,"packageID":"com.mizo.city.ambulance","sceneStats":[{"sceneID":"8","eventStats":"329,229,129,29,29,0,0"}]}],"sdkVersion":"2056","sessionToken":"vhRDZd5MK+4lIH8X/mNh9q3AWhAF6oQpsHzkSChxcELpqKx6kQxk3RdbBSxO0WdoUKHfmD2btxDbDaOk1jW1lp611h8JJ+FxRc8NQutzk0X7xTjJHvfIKjdMGZMp8Lax"}
cache_ttl value is correct

Refresh Ad Rate value is correct
mode value is set

 Aspect ratio value is correct
sentry_log value is set
local_logging value is set
sentry_initialization value is set
sentry_debugging value is set
showPreRewardedDialogue value is set
showPostRewardedDialogue value is set
isSkipable value is set
{"cache_ttl":10080,"cache_ttl_rewarded":10080,"cache_ttl_banner":10080,"cache_ttl_native":10080,"cache_ttl_icon":10080,"refreshAdRate":30,"mode":"Production","aspectRatio":"4_3","cdnPath":"https:\/\/df8ymybeo92md.cloudfront.net\/images\/","sentry_log":0,"local_logging":0,"sentry_dsn":"https:\/\/93ffa1c9a4124f67b8888a53265f751a:bbf998e04584477fa9a145838e9d3b26@sentry.io\/168994","sentry_initialization":1,"sentry_debugging":0,"bannerSizes":[],"aspectRatioVideo":"16_9","app_id":"1035","showPreRewardedDialogue":0,"showPostRewardedDialogue":0,"rewardCurrency":"coins","rewardValue":0,"isSkipable":0,"privacyPolicyURL":"https:\/\/www.consoliads.com\/privacy-policy\/","sessionToken":"hvaD8bPdur2QPbQl7pxMvCXnv8MiGLSuVrUIGuvx6jYaxQkiQmxhwY1M2cwJ6eosXddlWEp1BJduf2WqsDYtvo21LpOeeaGPCeoAG4zbO4aOjNHHxINityiqwATNnRFb64MHXpn7yzpmVOtFhR1ulDgXmmRlwPHyjbzjP1nRpKI="}
Session token value is set


{"appKey":"03a90424d48d01cab7124698a3b141c5","deviceID":"5474","stats":[{"campaignID":48,"packageID":"com.mizo.construction.crane.hill.climb","sceneStats":[{"sceneID":"14","eventStats":"355,255,155,55,55,0,0"}]}],"sdkVersion":"39","sessionToken":"hvaD8bPdur2QPbQl7pxMvCXnv8MiGLSuVrUIGuvx6jYaxQkiQmxhwY1M2cwJ6eosXddlWEp1BJduf2WqsDYtvo21LpOeeaGPCeoAG4zbO4aOjNHHxINityiqwATNnRFb64MHXpn7yzpmVOtFhR1ulDgXmmRlwPHyjbzjP1nRpKI="}
cache_ttl value is correct

Refresh Ad Rate value is correct
mode value is set

 Aspect ratio value is correct
sentry_log value is set
local_logging value is set
sentry_initialization value is set
sentry_debugging value is set
showPreRewardedDialogue value is set
showPostRewardedDialogue value is set
isSkipable value is set
{"cache_ttl":10080,"cache_ttl_rewarded":10080,"cache_ttl_banner":10080,"cache_ttl_native":10080,"cache_ttl_icon":10080,"campaigns":[{"campaignID":"9277","attribution_link":"","attribution":1,"priority":"5","appToPromote":{"appToPromoteID":"17609","usesDefaultFrameImage":"0","usesDefaultCloseImage":"0","marketURL":"https:\/\/smartbear.com\/learn\/automated-testing\/test-automation-frameworks\/","packageID":"com.buntoo.buntooAd"},"showTemplate":1,"s2s_tracking_url":"","activeCreativeID":"4702","scenes":["1","2","6","4","5"],"campaignAdType":"Interstitial","productId":"","purchaseBit":0,"licenseKey":""},{"campaignID":"9278","attribution":0,"priority":"5","appToPromote":{"appToPromoteID":"17609","usesDefaultFrameImage":"0","usesDefaultCloseImage":"0","marketURL":"https:\/\/smartbear.com\/learn\/automated-testing\/test-automation-frameworks\/","packageID":"com.buntoo.buntooAd"},"showTemplate":1,"s2s_tracking_url":"https:\/\/smartbear.com\/learn\/automated-testing\/test-automation-frameworks\/","activeCreativeID":"4701","scenes":["1","2","6","4","5"],"campaignAdType":"Interstitial","productId":"","purchaseBit":0,"licenseKey":""},{"campaignID":"9279","attribution":0,"priority":"5","appToPromote":{"appToPromoteID":"17609","usesDefaultFrameImage":"0","usesDefaultCloseImage":"0","marketURL":"https:\/\/smartbear.com\/learn\/automated-testing\/test-automation-frameworks\/","packageID":"com.buntoo.buntooAd"},"showTemplate":1,"s2s_tracking_url":"https:\/\/smartbear.com\/learn\/automated-testing\/test-automation-frameworks\/","activeCreativeID":"4701","scenes":["1","2","6","4","5"],"campaignAdType":"Interstitial","productId":"","purchaseBit":0,"licenseKey":""},{"campaignID":"9280","attribution":0,"priority":"5","appToPromote":{"appToPromoteID":"17609","usesDefaultFrameImage":"0","usesDefaultCloseImage":"0","marketURL":"https:\/\/smartbear.com\/learn\/automated-testing\/test-automation-frameworks\/","packageID":"com.buntoo.buntooAd"},"showTemplate":1,"s2s_tracking_url":"https:\/\/smartbear.com\/learn\/automated-testing\/test-automation-frameworks\/","activeCreativeID":"4701","scenes":["1","2","6","4","5"],"campaignAdType":"Interstitial","productId":"","purchaseBit":0,"licenseKey":""},{"campaignID":"9281","attribution":0,"priority":"5","appToPromote":{"appToPromoteID":"17609","usesDefaultFrameImage":"0","usesDefaultCloseImage":"0","marketURL":"https:\/\/smartbear.com\/learn\/automated-testing\/test-automation-frameworks\/","packageID":"com.buntoo.buntooAd"},"showTemplate":1,"s2s_tracking_url":"https:\/\/smartbear.com\/learn\/automated-testing\/test-automation-frameworks\/","activeCreativeID":"4701","scenes":["1","2","6","4","5"],"campaignAdType":"Interstitial","productId":"","purchaseBit":0,"licenseKey":""},{"campaignID":"9282","attribution":0,"priority":"5","appToPromote":{"appToPromoteID":"17609","usesDefaultFrameImage":"0","usesDefaultCloseImage":"0","marketURL":"https:\/\/smartbear.com\/learn\/automated-testing\/test-automation-frameworks\/","packageID":"com.buntoo.buntooAd"},"showTemplate":1,"s2s_tracking_url":"https:\/\/smartbear.com\/learn\/automated-testing\/test-automation-frameworks\/","activeCreativeID":"4701","scenes":["1","2","6","4","5"],"campaignAdType":"Interstitial","productId":"","purchaseBit":0,"licenseKey":""},{"campaignID":"9283","attribution":0,"priority":"5","appToPromote":{"appToPromoteID":"17609","usesDefaultFrameImage":"0","usesDefaultCloseImage":"0","marketURL":"https:\/\/smartbear.com\/learn\/automated-testing\/test-automation-frameworks\/","packageID":"com.buntoo.buntooAd"},"showTemplate":1,"s2s_tracking_url":"https:\/\/smartbear.com\/learn\/automated-testing\/test-automation-frameworks\/","activeCreativeID":"4701","scenes":["1","2","6","4","5"],"campaignAdType":"Interstitial","productId":"","purchaseBit":0,"licenseKey":""},{"campaignID":"9285","attribution":0,"priority":"5","appToPromote":{"appToPromoteID":"14746","usesDefaultFrameImage":"0","usesDefaultCloseImage":"0","marketURL":"https:\/\/play.google.com\/store\/apps\/details?id=com.buntoo.army.bus.parking","packageID":"com.buntoo.army.bus.parking"},"showTemplate":1,"s2s_tracking_url":"https:\/\/play.google.com\/store\/apps\/details?id=com.buntoo.army.bus.parking","activeCreativeID":"4710","scenes":["1","2","6","4","5"],"campaignAdType":"Interstitial","productId":"","purchaseBit":0,"licenseKey":""},{"campaignID":"9287","attribution":0,"priority":"5","appToPromote":{"appToPromoteID":"14746","usesDefaultFrameImage":"0","usesDefaultCloseImage":"0","marketURL":"https:\/\/play.google.com\/store\/apps\/details?id=com.buntoo.army.bus.parking","packageID":"com.buntoo.army.bus.parking"},"showTemplate":1,"s2s_tracking_url":"https:\/\/play.google.com\/store\/apps\/details?id=com.buntoo.army.bus.parking","activeCreativeID":"4710","scenes":["1","2","6","4","5"],"campaignAdType":"Interstitial","productId":"","purchaseBit":0,"licenseKey":""},{"campaignID":"9289","attribution":0,"priority":"5","appToPromote":{"appToPromoteID":"17609","usesDefaultFrameImage":"0","usesDefaultCloseImage":"0","marketURL":"https:\/\/smartbear.com\/learn\/automated-testing\/test-automation-frameworks\/","packageID":"com.buntoo.buntooAd"},"showTemplate":1,"s2s_tracking_url":"https:\/\/smartbear.com\/learn\/automated-testing\/test-automation-frameworks\/","activeCreativeID":"4701","scenes":["1","2","6","4","5"],"campaignAdType":"Interstitial","productId":"","purchaseBit":0,"licenseKey":""},{"campaignID":"9290","attribution":0,"priority":"5","appToPromote":{"appToPromoteID":"17609","usesDefaultFrameImage":"0","usesDefaultCloseImage":"0","marketURL":"https:\/\/smartbear.com\/learn\/automated-testing\/test-automation-frameworks\/","packageID":"com.buntoo.buntooAd"},"showTemplate":1,"s2s_tracking_url":"https:\/\/smartbear.com\/learn\/automated-testing\/test-automation-frameworks\/","activeCreativeID":"4701","scenes":["1","2","6","4","5"],"campaignAdType":"Interstitial","productId":"","purchaseBit":0,"licenseKey":""},{"campaignID":"9293","attribution":0,"priority":"5","appToPromote":{"appToPromoteID":"17609","usesDefaultFrameImage":"0","usesDefaultCloseImage":"0","marketURL":"https:\/\/smartbear.com\/learn\/automated-testing\/test-automation-frameworks\/","packageID":"com.buntoo.buntooAd"},"showTemplate":1,"s2s_tracking_url":"https:\/\/smartbear.com\/learn\/automated-testing\/test-automation-frameworks\/","activeCreativeID":"4701","scenes":["1","2","6","4","5"],"campaignAdType":"Interstitial","productId":"","purchaseBit":0,"licenseKey":""},{"campaignID":"9296","attribution":0,"priority":"5","appToPromote":{"appToPromoteID":"17609","usesDefaultFrameImage":"0","usesDefaultCloseImage":"0","marketURL":"https:\/\/smartbear.com\/learn\/automated-testing\/test-automation-frameworks\/","packageID":"com.buntoo.buntooAd"},"showTemplate":1,"s2s_tracking_url":"https:\/\/smartbear.com\/learn\/automated-testing\/test-automation-frameworks\/","activeCreativeID":"4701","scenes":["1","2","6","4","5"],"campaignAdType":"Interstitial","productId":"","purchaseBit":0,"licenseKey":""},{"campaignID":"9297","attribution":0,"priority":"5","appToPromote":{"appToPromoteID":"17609","usesDefaultFrameImage":"0","usesDefaultCloseImage":"0","marketURL":"https:\/\/smartbear.com\/learn\/automated-testing\/test-automation-frameworks\/","packageID":"com.buntoo.buntooAd"},"showTemplate":1,"s2s_tracking_url":"https:\/\/smartbear.com\/learn\/automated-testing\/test-automation-frameworks\/","activeCreativeID":"4701","scenes":["1","2","6","4","5"],"campaignAdType":"Interstitial","productId":"","purchaseBit":0,"licenseKey":""},{"campaignID":"9299","attribution":0,"priority":"5","appToPromote":{"appToPromoteID":"17609","usesDefaultFrameImage":"0","usesDefaultCloseImage":"0","marketURL":"https:\/\/smartbear.com\/learn\/automated-testing\/test-automation-frameworks\/","packageID":"com.buntoo.buntooAd"},"showTemplate":1,"s2s_tracking_url":"https:\/\/smartbear.com\/learn\/automated-testing\/test-automation-frameworks\/","activeCreativeID":"4701","scenes":["1","2","6","4","5"],"campaignAdType":"Interstitial","productId":"","purchaseBit":0,"licenseKey":""},{"campaignID":"9301","attribution":0,"priority":"5","appToPromote":{"appToPromoteID":"17609","usesDefaultFrameImage":"0","usesDefaultCloseImage":"0","marketURL":"https:\/\/smartbear.com\/learn\/automated-testing\/test-automation-frameworks\/","packageID":"com.buntoo.buntooAd"},"showTemplate":1,"s2s_tracking_url":"https:\/\/smartbear.com\/learn\/automated-testing\/test-automation-frameworks\/","activeCreativeID":"4701","scenes":["1","2","6","4","5"],"campaignAdType":"Interstitial","productId":"","purchaseBit":0,"licenseKey":""},{"campaignID":"9305","attribution":0,"priority":"5","appToPromote":{"appToPromoteID":"14746","usesDefaultFrameImage":"0","usesDefaultCloseImage":"0","marketURL":"https:\/\/play.google.com\/store\/apps\/details?id=com.buntoo.army.bus.parking","packageID":"com.buntoo.army.bus.parking"},"showTemplate":1,"s2s_tracking_url":"https:\/\/play.google.com\/store\/apps\/details?id=com.buntoo.army.bus.parking","activeCreativeID":"4710","scenes":["1","2","6","4","5"],"campaignAdType":"Interstitial","productId":"","purchaseBit":0,"licenseKey":""},{"campaignID":"47","attribution":0,"priority":"5","appToPromote":{"appToPromoteID":"1035","usesDefaultFrameImage":"1","usesDefaultCloseImage":"1","marketURL":"https:\/\/play.google.com\/store\/apps\/details?id=com.mizo.city.ambulance","packageID":"com.mizo.city.ambulance"},"showTemplate":1,"s2s_tracking_url":"https:\/\/play.google.com\/store\/apps\/details?id=com.mizo.city.ambulance","activeCreativeID":"60","scenes":["1","2","6","4","5"],"campaignAdType":"Interstitial","productId":"","purchaseBit":0,"licenseKey":""},{"campaignID":"48","attribution":0,"priority":"5","appToPromote":{"appToPromoteID":"1074","usesDefaultFrameImage":"1","usesDefaultCloseImage":"1","marketURL":"https:\/\/play.google.com\/store\/apps\/details?id=com.mizo.construction.crane.hill.climb","packageID":"com.mizo.construction.crane.hill.climb"},"showTemplate":1,"s2s_tracking_url":"https:\/\/play.google.com\/store\/apps\/details?id=com.mizo.construction.crane.hill.climb","activeCreativeID":"65","scenes":["1","2","6","4","5"],"campaignAdType":"Interstitial","productId":"","purchaseBit":0,"licenseKey":""},{"campaignID":"50","attribution":0,"priority":"5","appToPromote":{"appToPromoteID":"1221","usesDefaultFrameImage":"1","usesDefaultCloseImage":"1","marketURL":"https:\/\/play.google.com\/store\/apps\/details?id=com.mizo.offroad.hill.climb","packageID":"com.mizo.offroad.hill.climb"},"showTemplate":1,"s2s_tracking_url":"https:\/\/play.google.com\/store\/apps\/details?id=com.mizo.offroad.hill.climb","activeCreativeID":"67","scenes":["1","2","6","4","5"],"campaignAdType":"Interstitial","productId":"","purchaseBit":0,"licenseKey":""},{"campaignID":"67","attribution":0,"priority":"5","appToPromote":{"appToPromoteID":"1306","usesDefaultFrameImage":"1","usesDefaultCloseImage":"1","marketURL":"https:\/\/play.google.com\/store\/apps\/details?id=com.mizo.extreme.heavy.truck","packageID":"com.mizo.extreme.heavy.truck"},"showTemplate":1,"s2s_tracking_url":"https:\/\/play.google.com\/store\/apps\/details?id=com.mizo.extreme.heavy.truck","activeCreativeID":"85","scenes":["1","2","6","4","5"],"campaignAdType":"Interstitial","productId":"","purchaseBit":0,"licenseKey":""},{"campaignID":"73","attribution":0,"priority":"5","appToPromote":{"appToPromoteID":"1458","usesDefaultFrameImage":"1","usesDefaultCloseImage":"1","marketURL":"https:\/\/play.google.com\/store\/apps\/details?id=com.mizo.army.prisoner.transport.simulator","packageID":"com.mizo.army.prisoner.transport.simulator"},"showTemplate":1,"s2s_tracking_url":"https:\/\/play.google.com\/store\/apps\/details?id=com.mizo.army.prisoner.transport.simulator","activeCreativeID":"93","scenes":["1","2","6","4","5"],"campaignAdType":"Interstitial","productId":"","purchaseBit":0,"licenseKey":""},{"campaignID":"74","attribution":0,"priority":"5","appToPromote":{"appToPromoteID":"1449","usesDefaultFrameImage":"1","usesDefaultCloseImage":"1","marketURL":"https:\/\/play.google.com\/store\/apps\/details?id=com.brilliantgamez.army.prisoners.transport.plane","packageID":"com.brilliantgamez.army.prisoners.transport.plane"},"showTemplate":1,"s2s_tracking_url":"https:\/\/play.google.com\/store\/apps\/details?id=com.brilliantgamez.army.prisoners.transport.plane","activeCreativeID":"94","scenes":["1","2","6","4","5"],"campaignAdType":"Interstitial","productId":"","purchaseBit":0,"licenseKey":""},{"campaignID":"78","attribution":0,"priority":"5","appToPromote":{"appToPromoteID":"1632","usesDefaultFrameImage":"1","usesDefaultCloseImage":"1","marketURL":"https:\/\/play.google.com\/store\/apps\/details?id=com.mizo.road.builder.city.construction","packageID":"com.mizo.road.builder.city.construction"},"showTemplate":1,"s2s_tracking_url":"https:\/\/play.google.com\/store\/apps\/details?id=com.mizo.road.builder.city.construction","activeCreativeID":"97","scenes":["1","2","6","4","5"],"campaignAdType":"Interstitial","productId":"","purchaseBit":0,"licenseKey":""},{"campaignID":"80","attribution":0,"priority":"5","appToPromote":{"appToPromoteID":"1675","usesDefaultFrameImage":"1","usesDefaultCloseImage":"1","marketURL":"https:\/\/play.google.com\/store\/apps\/details?id=com.mizo.flip.bottle.shooting.expert","packageID":"com.mizo.flip.bottle.shooting.expert"},"showTemplate":1,"s2s_tracking_url":"https:\/\/play.google.com\/store\/apps\/details?id=com.mizo.flip.bottle.shooting.expert","activeCreativeID":"100","scenes":["1","2","6","4","5"],"campaignAdType":"Interstitial","productId":"","purchaseBit":0,"licenseKey":""},{"campaignID":"110","attribution":0,"priority":"5","appToPromote":{"appToPromoteID":"1853","usesDefaultFrameImage":"1","usesDefaultCloseImage":"1","marketURL":"https:\/\/play.google.com\/store\/apps\/details?id=com.mizo.police.airplane.transporter","packageID":"com.mizo.police.airplane.transporter"},"showTemplate":1,"s2s_tracking_url":"https:\/\/play.google.com\/store\/apps\/details?id=com.mizo.police.airplane.transporter","activeCreativeID":"137","scenes":["1","2","6","4","5"],"campaignAdType":"Interstitial","productId":"","purchaseBit":0,"licenseKey":""},{"campaignID":"143","attribution":0,"priority":"5","appToPromote":{"appToPromoteID":"2089","usesDefaultFrameImage":"0","usesDefaultCloseImage":"0","marketURL":"https:\/\/play.google.com\/store\/apps\/details?id=com.mizo.sports.car.mechanic","packageID":"com.mizo.sports.car.mechanic"},"showTemplate":1,"s2s_tracking_url":"https:\/\/play.google.com\/store\/apps\/details?id=com.mizo.sports.car.mechanic","activeCreativeID":"184","scenes":["1","2","6","4","5"],"campaignAdType":"Interstitial","productId":"","purchaseBit":0,"licenseKey":""},{"campaignID":"147","attribution":0,"priority":"5","appToPromote":{"appToPromoteID":"2085","usesDefaultFrameImage":"0","usesDefaultCloseImage":"0","marketURL":"https:\/\/play.google.com\/store\/apps\/details?id=com.mizo.robot.gang.mafia","packageID":"com.mizo.robot.gang.mafia"},"showTemplate":1,"s2s_tracking_url":"https:\/\/play.google.com\/store\/apps\/details?id=com.mizo.robot.gang.mafia","activeCreativeID":"188","scenes":["1","2","6","4","5"],"campaignAdType":"Interstitial","productId":"","purchaseBit":0,"licenseKey":""},{"campaignID":"227","attribution":0,"priority":"5","appToPromote":{"appToPromoteID":"2571","usesDefaultFrameImage":"0","usesDefaultCloseImage":"0","marketURL":"https:\/\/play.google.com\/store\/apps\/details?id=com.mizo.raft.suvival","packageID":"com.mizo.raft.suvival"},"showTemplate":1,"s2s_tracking_url":"https:\/\/play.google.com\/store\/apps\/details?id=com.mizo.raft.suvival","activeCreativeID":"302","scenes":["1","2","6","4","5"],"campaignAdType":"Interstitial","productId":"","purchaseBit":0,"licenseKey":""},{"campaignID":"317","attribution":0,"priority":"5","appToPromote":{"appToPromoteID":"2723","usesDefaultFrameImage":"0","usesDefaultCloseImage":"0","marketURL":"https:\/\/play.google.com\/store\/apps\/details?id=com.mizo.helicopter.rescue","packageID":"com.mizo.helicopter.rescue"},"showTemplate":1,"s2s_tracking_url":"https:\/\/play.google.com\/store\/apps\/details?id=com.mizo.helicopter.rescue","activeCreativeID":"324","scenes":["1","2","6","4","5"],"campaignAdType":"Interstitial","productId":"","purchaseBit":0,"licenseKey":""},{"campaignID":"367","attribution":0,"priority":"5","appToPromote":{"appToPromoteID":"2911","usesDefaultFrameImage":"0","usesDefaultCloseImage":"0","marketURL":"https:\/\/play.google.com\/store\/apps\/details?id=com.mizo.police.ship.transporter","packageID":"com.mizo.police.ship.transporter"},"showTemplate":1,"s2s_tracking_url":"https:\/\/play.google.com\/store\/apps\/details?id=com.mizo.police.ship.transporter","activeCreativeID":"383","scenes":["1","2","6","4","5"],"campaignAdType":"Interstitial","productId":"","purchaseBit":0,"licenseKey":""},{"campaignID":"390","attribution":0,"priority":"5","appToPromote":{"appToPromoteID":"3077","usesDefaultFrameImage":"0","usesDefaultCloseImage":"0","marketURL":"https:\/\/play.google.com\/store\/apps\/details?id=com.mizo.transformer.shooting","packageID":"com.mizo.transformer.shooting"},"showTemplate":1,"s2s_tracking_url":"https:\/\/play.google.com\/store\/apps\/details?id=com.mizo.transformer.shooting","activeCreativeID":"441","scenes":["1","2","6","4","5"],"campaignAdType":"Interstitial","productId":"","purchaseBit":0,"licenseKey":""},{"campaignID":"408","attribution":0,"priority":"5","appToPromote":{"appToPromoteID":"3095","usesDefaultFrameImage":"0","usesDefaultCloseImage":"0","marketURL":"https:\/\/play.google.com\/store\/apps\/details?id=com.mizo.superhero.robot","packageID":"com.mizo.superhero.robot"},"showTemplate":1,"s2s_tracking_url":"https:\/\/play.google.com\/store\/apps\/details?id=com.mizo.superhero.robot","activeCreativeID":"443","scenes":["1","2","6","4","5"],"campaignAdType":"Interstitial","productId":"","purchaseBit":0,"licenseKey":""},{"campaignID":"410","attribution":0,"priority":"5","appToPromote":{"appToPromoteID":"3145","usesDefaultFrameImage":"0","usesDefaultCloseImage":"0","marketURL":"https:\/\/play.google.com\/store\/apps\/details?id=com.mizo.extreme.bikerider","packageID":"com.mizo.extreme.bikerider"},"showTemplate":1,"s2s_tracking_url":"https:\/\/play.google.com\/store\/apps\/details?id=com.mizo.extreme.bikerider","activeCreativeID":"448","scenes":["1","2","6","4","5"],"campaignAdType":"Interstitial","productId":"","purchaseBit":0,"licenseKey":""},{"campaignID":"428","attribution":0,"priority":"5","appToPromote":{"appToPromoteID":"3250","usesDefaultFrameImage":"0","usesDefaultCloseImage":"0","marketURL":"https:\/\/play.google.com\/store\/apps\/details?id=com.mizo.bicycle.stunt.racer","packageID":"com.mizo.bicycle.stunt.racer"},"showTemplate":1,"s2s_tracking_url":"https:\/\/play.google.com\/store\/apps\/details?id=com.mizo.bicycle.stunt.racer","activeCreativeID":"472","scenes":["1","2","6","4","5"],"campaignAdType":"Interstitial","productId":"","purchaseBit":0,"licenseKey":""},{"campaignID":"429","attribution":0,"priority":"5","appToPromote":{"appToPromoteID":"3253","usesDefaultFrameImage":"0","usesDefaultCloseImage":"0","marketURL":"https:\/\/play.google.com\/store\/apps\/details?id=com.mizo.rooftop.stunts","packageID":"com.mizo.rooftop.stunts"},"showTemplate":1,"s2s_tracking_url":"https:\/\/play.google.com\/store\/apps\/details?id=com.mizo.rooftop.stunts","activeCreativeID":"474","scenes":["1","2","6","4","5"],"campaignAdType":"Interstitial","productId":"","purchaseBit":0,"licenseKey":""},{"campaignID":"456","attribution":0,"priority":"5","appToPromote":{"appToPromoteID":"2448","usesDefaultFrameImage":"0","usesDefaultCloseImage":"0","marketURL":"https:\/\/play.google.com\/store\/apps\/details?id=com.mizo.battle.simulator","packageID":"com.mizo.battle.simulator"},"showTemplate":1,"s2s_tracking_url":"https:\/\/play.google.com\/store\/apps\/details?id=com.mizo.battle.simulator","activeCreativeID":"503","scenes":["1","2","6","4","5"],"campaignAdType":"Interstitial","productId":"","purchaseBit":0,"licenseKey":""},{"campaignID":"482","attribution":0,"priority":"5","appToPromote":{"appToPromoteID":"2877","usesDefaultFrameImage":"0","usesDefaultCloseImage":"0","marketURL":"https:\/\/play.google.com\/store\/apps\/details?id=com.mizo.underwater.tourist.bus","packageID":"com.mizo.underwater.tourist.bus"},"showTemplate":1,"s2s_tracking_url":"https:\/\/play.google.com\/store\/apps\/details?id=com.mizo.underwater.tourist.bus","activeCreativeID":"540","scenes":["1","2","6","4","5"],"campaignAdType":"Interstitial","productId":"","purchaseBit":0,"licenseKey":""},{"campaignID":"490","attribution":0,"priority":"5","appToPromote":{"appToPromoteID":"3518","usesDefaultFrameImage":"0","usesDefaultCloseImage":"0","marketURL":"https:\/\/play.google.com\/store\/apps\/details?id=com.crazyneuron.superhero.robot.world","packageID":"com.crazyneuron.superhero.robot.world"},"showTemplate":1,"s2s_tracking_url":"https:\/\/play.google.com\/store\/apps\/details?id=com.crazyneuron.superhero.robot.world","activeCreativeID":"550","scenes":["1","2","6","4","5"],"campaignAdType":"Interstitial","productId":"","purchaseBit":0,"licenseKey":""},{"campaignID":"501","attribution":0,"priority":"5","appToPromote":{"appToPromoteID":"3579","usesDefaultFrameImage":"0","usesDefaultCloseImage":"0","marketURL":"https:\/\/play.google.com\/store\/apps\/details?id=com.crazyneuron.us.army.transport","packageID":"com.crazyneuron.us.army.transport"},"showTemplate":1,"s2s_tracking_url":"https:\/\/play.google.com\/store\/apps\/details?id=com.crazyneuron.us.army.transport","activeCreativeID":"577","scenes":["1","2","6","4","5"],"campaignAdType":"Interstitial","productId":"","purchaseBit":0,"licenseKey":""},{"campaignID":"512","attribution":0,"priority":"5","appToPromote":{"appToPromoteID":"3683","usesDefaultFrameImage":"0","usesDefaultCloseImage":"0","marketURL":"https:\/\/play.google.com\/store\/apps\/details?id=com.mizo.plane.landing","packageID":"com.mizo.plane.landing"},"showTemplate":1,"s2s_tracking_url":"https:\/\/play.google.com\/store\/apps\/details?id=com.mizo.plane.landing","activeCreativeID":"594","scenes":["1","2","6","4","5"],"campaignAdType":"Interstitial","productId":"","purchaseBit":0,"licenseKey":""},{"campaignID":"6210","attribution":0,"priority":"5","appToPromote":{"appToPromoteID":"11566","usesDefaultFrameImage":"0","usesDefaultCloseImage":"0","marketURL":"https:\/\/play.google.com\/store\/apps\/details?id=com.mizo.line.drawing.puzzle.game","packageID":"com.mizo.line.drawing.puzzle.game"},"showTemplate":1,"s2s_tracking_url":"https:\/\/play.google.com\/store\/apps\/details?id=com.mizo.line.drawing.puzzle.game","activeCreativeID":"1322","scenes":["1","2","6","4","5"],"campaignAdType":"Video","productId":"","purchaseBit":0,"licenseKey":""},{"campaignID":"6213","attribution":0,"priority":"5","appToPromote":{"appToPromoteID":"11633","usesDefaultFrameImage":"0","usesDefaultCloseImage":"0","marketURL":"https:\/\/play.google.com\/store\/apps\/details?id=com.mizo.car.driving.simulator","packageID":"com.mizo.car.driving.simulator"},"showTemplate":1,"s2s_tracking_url":"https:\/\/play.google.com\/store\/apps\/details?id=com.mizo.car.driving.simulator","activeCreativeID":"1325","scenes":["1","2","6","4","5"],"campaignAdType":"Video","productId":"","purchaseBit":0,"licenseKey":""},{"campaignID":"6214","attribution":0,"priority":"5","appToPromote":{"appToPromoteID":"11661","usesDefaultFrameImage":"0","usesDefaultCloseImage":"0","marketURL":"https:\/\/play.google.com\/store\/apps\/details?id=com.mizo.car.tycoon.game","packageID":"com.mizo.car.tycoon.game"},"showTemplate":1,"s2s_tracking_url":"https:\/\/play.google.com\/store\/apps\/details?id=com.mizo.car.tycoon.game","activeCreativeID":"1326","scenes":["1","2","6","4","5"],"campaignAdType":"Video","productId":"","purchaseBit":0,"licenseKey":""},{"campaignID":"6254","attribution":0,"priority":"5","appToPromote":{"appToPromoteID":"11810","usesDefaultFrameImage":"0","usesDefaultCloseImage":"0","marketURL":"https:\/\/play.google.com\/store\/apps\/details?id=com.mizo.car.transporter.games","packageID":"com.mizo.car.transporter.games"},"showTemplate":1,"s2s_tracking_url":"https:\/\/play.google.com\/store\/apps\/details?id=com.mizo.car.transporter.games","activeCreativeID":"1370","scenes":["1","2","6","4","5"],"campaignAdType":"Video","productId":"","purchaseBit":0,"licenseKey":""},{"campaignID":"6256","attribution":0,"priority":"5","appToPromote":{"appToPromoteID":"11880","usesDefaultFrameImage":"0","usesDefaultCloseImage":"0","marketURL":"https:\/\/play.google.com\/store\/apps\/details?id=com.mizo.us.army.transporter","packageID":"com.mizo.us.army.transporter"},"showTemplate":1,"s2s_tracking_url":"https:\/\/play.google.com\/store\/apps\/details?id=com.mizo.us.army.transporter","activeCreativeID":"1372","scenes":["1","2","6","4","5"],"campaignAdType":"Video","productId":"","purchaseBit":0,"licenseKey":""},{"campaignID":"6264","attribution":0,"priority":"5","appToPromote":{"appToPromoteID":"11879","usesDefaultFrameImage":"0","usesDefaultCloseImage":"0","marketURL":"https:\/\/play.google.com\/store\/apps\/details?id=com.buntoo.car.racing.games","packageID":"com.buntoo.car.racing.games"},"showTemplate":1,"s2s_tracking_url":"https:\/\/play.google.com\/store\/apps\/details?id=com.buntoo.car.racing.games","activeCreativeID":"1380","scenes":["1","2","6","4","5"],"campaignAdType":"Video","productId":"","purchaseBit":0,"licenseKey":""},{"campaignID":"6363","attribution":0,"priority":"5","appToPromote":{"appToPromoteID":"12100","usesDefaultFrameImage":"0","usesDefaultCloseImage":"0","marketURL":"https:\/\/play.google.com\/store\/apps\/details?id=com.mizo.police.transport.shooting","packageID":"com.mizo.police.transport.shooting"},"showTemplate":1,"s2s_tracking_url":"https:\/\/play.google.com\/store\/apps\/details?id=com.mizo.police.transport.shooting","activeCreativeID":"1519","scenes":["1","2","6","4","5"],"campaignAdType":"Video","productId":"","purchaseBit":0,"licenseKey":""},{"campaignID":"6430","attribution":0,"priority":"5","appToPromote":{"appToPromoteID":"12340","usesDefaultFrameImage":"0","usesDefaultCloseImage":"0","marketURL":"https:\/\/play.google.com\/store\/apps\/details?id=com.buntoo.robot.car.transporter.games","packageID":"com.buntoo.robot.car.transporter.games"},"showTemplate":1,"s2s_tracking_url":"https:\/\/play.google.com\/store\/apps\/details?id=com.buntoo.robot.car.transporter.games","activeCreativeID":"1563","scenes":["1","2","6","4","5"],"campaignAdType":"Video","productId":"","purchaseBit":0,"licenseKey":""},{"campaignID":"6432","attribution":0,"priority":"5","appToPromote":{"appToPromoteID":"12565","usesDefaultFrameImage":"0","usesDefaultCloseImage":"0","marketURL":"https:\/\/play.google.com\/store\/apps\/details?id=com.mizo.train.gold.robbery.games","packageID":"com.mizo.train.gold.robbery.games"},"showTemplate":1,"s2s_tracking_url":"https:\/\/play.google.com\/store\/apps\/details?id=com.mizo.train.gold.robbery.games","activeCreativeID":"1565","scenes":["1","2","6","4","5"],"campaignAdType":"Video","productId":"","purchaseBit":0,"licenseKey":""}],"refreshAdRate":30,"mode":"Production","aspectRatio":"4_3","cdnPath":"https:\/\/df8ymybeo92md.cloudfront.net\/images\/","sentry_log":0,"local_logging":0,"sentry_dsn":"https:\/\/93ffa1c9a4124f67b8888a53265f751a:bbf998e04584477fa9a145838e9d3b26@sentry.io\/168994","sentry_initialization":1,"sentry_debugging":0,"bannerSizes":[],"aspectRatioVideo":"16_9","app_id":"1074","showPreRewardedDialogue":0,"showPostRewardedDialogue":0,"rewardCurrency":"coins","rewardValue":0,"isSkipable":0,"privacyPolicyURL":"https:\/\/www.consoliads.com\/privacy-policy\/","sessionToken":"6x+hHPLNsMMlwX\/RYnKWP6sLi44jWOGBm1IZk6ZD8Xn4LhLx0WuzKVWH8h2xFCv2Eq6i96RifwD+T6xa6NPwRnu3udPRu9R\/QLppRu5+a76JOHroaZagDdXTE1vJoHmvglO4I8okU0Nso\/Rpz2fINTMHdjPg4J\/nK652VYPVeCA="}
Session token value is set


{"appKey":"b4729925db57c2b0093f9ef0986b65ad","deviceID":"9138","stats":[{"campaignID":53,"packageID":"com.fazbro.heavy.excavator","sceneStats":[{"sceneID":"23","eventStats":"391,291,191,91,91,0,0"}]}],"sdkVersion":"2056","sessionToken":"6x+hHPLNsMMlwX\/RYnKWP6sLi44jWOGBm1IZk6ZD8Xn4LhLx0WuzKVWH8h2xFCv2Eq6i96RifwD+T6xa6NPwRnu3udPRu9R\/QLppRu5+a76JOHroaZagDdXTE1vJoHmvglO4I8okU0Nso\/Rpz2fINTMHdjPg4J\/nK652VYPVeCA="}
cache_ttl value is correct

Title value is correct

Title value is correct

Title value is correct

Title value is correct

Title value is correct

Title value is correct

Refresh Ad Rate value is correct
mode value is set

 Aspect ratio value is correct
sentry_log value is set
local_logging value is set
sentry_initialization value is set
sentry_debugging value is set
showPreRewardedDialogue value is set
showPostRewardedDialogue value is set
isSkipable value is set
{"cache_ttl":10080,"cache_ttl_rewarded":10080,"cache_ttl_banner":10080,"cache_ttl_native":10080,"cache_ttl_icon":10080,"campaigns":[{"campaignID":"53","attribution":0,"priority":"5","appToPromote":{"appToPromoteID":"1217","usesDefaultFrameImage":"1","usesDefaultCloseImage":"1","marketURL":"https:\/\/play.google.com\/store\/apps\/details?id=com.fazbro.heavy.excavator","packageID":"com.fazbro.heavy.excavator"},"showTemplate":1,"s2s_tracking_url":"https:\/\/play.google.com\/store\/apps\/details?id=com.fazbro.heavy.excavator","activeCreativeID":"71","scenes":["1","2","8","13"],"campaignAdType":"Interstitial","productId":"","purchaseBit":0,"licenseKey":""},{"campaignID":"55","attribution":0,"priority":"5","appToPromote":{"appToPromoteID":"1045","usesDefaultFrameImage":"1","usesDefaultCloseImage":"1","marketURL":"https:\/\/play.google.com\/store\/apps\/details?id=com.fazbro.road.builder.excavator","packageID":"com.fazbro.road.builder.excavator"},"showTemplate":1,"s2s_tracking_url":"https:\/\/play.google.com\/store\/apps\/details?id=com.fazbro.road.builder.excavator","activeCreativeID":"73","scenes":["1","2","8","13"],"campaignAdType":"Interstitial","productId":"","purchaseBit":0,"licenseKey":""},{"campaignID":"73","attribution":0,"priority":"5","appToPromote":{"appToPromoteID":"1458","usesDefaultFrameImage":"1","usesDefaultCloseImage":"1","marketURL":"https:\/\/play.google.com\/store\/apps\/details?id=com.mizo.army.prisoner.transport.simulator","packageID":"com.mizo.army.prisoner.transport.simulator"},"showTemplate":1,"s2s_tracking_url":"https:\/\/play.google.com\/store\/apps\/details?id=com.mizo.army.prisoner.transport.simulator","activeCreativeID":"93","scenes":["1","2","8","13"],"campaignAdType":"Interstitial","productId":"","purchaseBit":0,"licenseKey":""},{"campaignID":"74","attribution":0,"priority":"5","appToPromote":{"appToPromoteID":"1449","usesDefaultFrameImage":"1","usesDefaultCloseImage":"1","marketURL":"https:\/\/play.google.com\/store\/apps\/details?id=com.brilliantgamez.army.prisoners.transport.plane","packageID":"com.brilliantgamez.army.prisoners.transport.plane"},"showTemplate":1,"s2s_tracking_url":"https:\/\/play.google.com\/store\/apps\/details?id=com.brilliantgamez.army.prisoners.transport.plane","activeCreativeID":"94","scenes":["1","2","8","13"],"campaignAdType":"Interstitial","productId":"","purchaseBit":0,"licenseKey":""},{"campaignID":"8226","attribution":0,"priority":"8","appToPromote":{"appToPromoteID":"12623","usesDefaultFrameImage":"0","usesDefaultCloseImage":"0","marketURL":"https:\/\/play.google.com\/store\/apps\/details?id=com.igg.android.lordsmobile&amp;referrer=utm_source=42matters.com&amp;utm_medium=api","packageID":"com.nooribrand.android.lordsmobile"},"showTemplate":1,"s2s_tracking_url":"https:\/\/play.google.com\/store\/apps\/details?id=com.igg.android.lordsmobile&amp;referrer=utm_source=42matters.com&amp;utm_medium=api","activeCreativeID":"3557","scenes":["1","2","8","13"],"campaignAdType":"Icon","productId":"","purchaseBit":0,"licenseKey":""},{"campaignID":"8378","attribution":0,"priority":"8","appToPromote":{"appToPromoteID":"16480","usesDefaultFrameImage":"0","usesDefaultCloseImage":"0","marketURL":"https:\/\/play.google.com\/store\/apps\/details?id=com.nag.home.manager.working.virtual.mom","packageID":"com.GSS317.AmazingFamily"},"showTemplate":1,"s2s_tracking_url":"https:\/\/play.google.com\/store\/apps\/details?id=com.nag.home.manager.working.virtual.mom","activeCreativeID":"3720","scenes":["1","2","8","13"],"campaignAdType":"Interstitial","productId":"","purchaseBit":0,"licenseKey":""},{"campaignID":"8613","attribution":0,"priority":"8","appToPromote":{"appToPromoteID":"12623","usesDefaultFrameImage":"0","usesDefaultCloseImage":"0","marketURL":"https:\/\/play.google.com\/store\/apps\/details?id=com.igg.android.lordsmobile&amp;referrer=utm_source=42matters.com&amp;utm_medium=api","packageID":"com.nooribrand.android.lordsmobile"},"showTemplate":1,"s2s_tracking_url":"https:\/\/play.google.com\/store\/apps\/details?id=com.igg.android.lordsmobile&amp;referrer=utm_source=42matters.com&amp;utm_medium=api","activeCreativeID":"3557","scenes":["1","2","8","13"],"campaignAdType":"Icon","productId":"","purchaseBit":0,"licenseKey":""},{"campaignID":"9252","attribution":0,"priority":"8","appToPromote":{"appToPromoteID":"12315","usesDefaultFrameImage":"0","usesDefaultCloseImage":"0","marketURL":"google.com","packageID":"com.qabrand.plnative"},"showTemplate":1,"s2s_tracking_url":"google.com","activeCreativeID":"4683","scenes":["1","2","8","13"],"campaignAdType":"Native","title":"Native first","subTitle":"First ","description":"New description","adClickThroughText":"FIRST Button","productId":"","purchaseBit":0,"licenseKey":""},{"campaignID":"9253","attribution":0,"priority":"8","appToPromote":{"appToPromoteID":"12315","usesDefaultFrameImage":"0","usesDefaultCloseImage":"0","marketURL":"google.com","packageID":"com.qabrand.plnative"},"showTemplate":1,"s2s_tracking_url":"google.com","activeCreativeID":"4683","scenes":["1","2","8","13"],"campaignAdType":"Native","title":"Native first","subTitle":"First ","description":"New description","adClickThroughText":"FIRST Button","productId":"","purchaseBit":0,"licenseKey":""},{"campaignID":"9255","attribution":0,"priority":"8","appToPromote":{"appToPromoteID":"13274","usesDefaultFrameImage":"0","usesDefaultCloseImage":"0","marketURL":"https:\/\/play.google.com\/store\/apps\/details?id=com.facebook.katana","packageID":"com.salon.adsalon"},"showTemplate":1,"s2s_tracking_url":"https:\/\/play.google.com\/store\/apps\/details?id=com.facebook.katana","activeCreativeID":"4685","scenes":["1","2","8","13"],"campaignAdType":"Native","title":"native NA ","subTitle":"native NA ","description":"native NA added","adClickThroughText":"native NA ","productId":"","purchaseBit":0,"licenseKey":""},{"campaignID":"9257","attribution":0,"priority":"8","appToPromote":{"appToPromoteID":"12286","usesDefaultFrameImage":"0","usesDefaultCloseImage":"0","marketURL":"google.com","packageID":"com.qabrand.Chartboost_Native"},"showTemplate":1,"s2s_tracking_url":"google.com","activeCreativeID":"4688","scenes":["1","2","8","13"],"campaignAdType":"Native","title":"Native second updated","subTitle":"Native second ","description":"Native second details","adClickThroughText":"Native second ","productId":"","purchaseBit":0,"licenseKey":""},{"campaignID":"9263","attribution":0,"priority":"8","appToPromote":{"appToPromoteID":"12315","usesDefaultFrameImage":"0","usesDefaultCloseImage":"0","marketURL":"google.com","packageID":"com.qabrand.plnative"},"showTemplate":1,"s2s_tracking_url":"google.com","activeCreativeID":"4694","scenes":["1","2","8","13"],"campaignAdType":"Native","title":"test","subTitle":"test","description":" test details update","adClickThroughText":"test","productId":"","purchaseBit":0,"licenseKey":""},{"campaignID":"9547","attribution":0,"priority":"8","appToPromote":{"appToPromoteID":"11879","usesDefaultFrameImage":"0","usesDefaultCloseImage":"0","marketURL":"https:\/\/play.google.com\/store\/apps\/details?id=com.buntoo.car.racing.games","packageID":"com.buntoo.car.racing.games"},"showTemplate":1,"s2s_tracking_url":"https:\/\/play.google.com\/store\/apps\/details?id=com.buntoo.car.racing.games","activeCreativeID":"4964","scenes":["1","2","8","13"],"campaignAdType":"Interstitial","productId":"","purchaseBit":0,"licenseKey":""},{"campaignID":"9586","attribution":0,"priority":"8","appToPromote":{"appToPromoteID":"515","usesDefaultFrameImage":"1","usesDefaultCloseImage":"1","marketURL":"https:\/\/play.google.com\/store\/apps\/details?id=com.plum.cash.counter.simualtor","packageID":"com.plum.cash.counter.simualtor"},"showTemplate":1,"s2s_tracking_url":"https:\/\/play.google.com\/store\/apps\/details?id=com.plum.cash.counter.simualtor","activeCreativeID":"50","scenes":["1","2","8","13"],"campaignAdType":"Interstitial","productId":"","purchaseBit":0,"licenseKey":""},{"campaignID":"9587","attribution":0,"priority":"8","appToPromote":{"appToPromoteID":"515","usesDefaultFrameImage":"1","usesDefaultCloseImage":"1","marketURL":"https:\/\/play.google.com\/store\/apps\/details?id=com.plum.cash.counter.simualtor","packageID":"com.plum.cash.counter.simualtor"},"showTemplate":1,"s2s_tracking_url":"https:\/\/play.google.com\/store\/apps\/details?id=com.plum.cash.counter.simualtor","activeCreativeID":"50","scenes":["1","2","8","13"],"campaignAdType":"Interstitial","productId":"","purchaseBit":0,"licenseKey":""},{"campaignID":"9588","attribution":0,"priority":"8","appToPromote":{"appToPromoteID":"515","usesDefaultFrameImage":"1","usesDefaultCloseImage":"1","marketURL":"https:\/\/play.google.com\/store\/apps\/details?id=com.plum.cash.counter.simualtor","packageID":"com.plum.cash.counter.simualtor"},"showTemplate":1,"s2s_tracking_url":"https:\/\/play.google.com\/store\/apps\/details?id=com.plum.cash.counter.simualtor","activeCreativeID":"50","scenes":["1","2","8","13"],"campaignAdType":"Interstitial","productId":"","purchaseBit":0,"licenseKey":""},{"campaignID":"9589","attribution":0,"priority":"8","appToPromote":{"appToPromoteID":"515","usesDefaultFrameImage":"1","usesDefaultCloseImage":"1","marketURL":"https:\/\/play.google.com\/store\/apps\/details?id=com.plum.cash.counter.simualtor","packageID":"com.plum.cash.counter.simualtor"},"showTemplate":1,"s2s_tracking_url":"https:\/\/play.google.com\/store\/apps\/details?id=com.plum.cash.counter.simualtor","activeCreativeID":"50","scenes":["1","2","8","13"],"campaignAdType":"Interstitial","productId":"","purchaseBit":0,"licenseKey":""},{"campaignID":"9599","attribution":0,"priority":"8","appToPromote":{"appToPromoteID":"515","usesDefaultFrameImage":"1","usesDefaultCloseImage":"1","marketURL":"https:\/\/play.google.com\/store\/apps\/details?id=com.plum.cash.counter.simualtor","packageID":"com.plum.cash.counter.simualtor"},"showTemplate":1,"s2s_tracking_url":"https:\/\/play.google.com\/store\/apps\/details?id=com.plum.cash.counter.simualtor","activeCreativeID":"5001","scenes":["1","2","8","13"],"campaignAdType":"Icon","productId":"","purchaseBit":0,"licenseKey":""},{"campaignID":"9127","attribution":0,"priority":"8","appToPromote":{"appToPromoteID":"17528","usesDefaultFrameImage":"0","usesDefaultCloseImage":"0","marketURL":"https:\/\/play.google.com\/store\/apps\/details?id=net.one97.paytm","packageID":"net.one97.paytm"},"showTemplate":1,"s2s_tracking_url":"https:\/\/tha.gotrackier.com\/click?campaign_id=63249\\u0026pub_id=75?p1=1217_9127_9138&amp;source=6841&amp;app_name=HeavyExcavator&amp;gaid=9138","activeCreativeID":"4788","scenes":["1","2","8","13"],"campaignAdType":"Native","title":"BCA","subTitle":"FW","description":"nope","adClickThroughText":"Link","productId":"","purchaseBit":0,"licenseKey":""},{"campaignID":"9131","attribution":0,"priority":"8","appToPromote":{"appToPromoteID":"17532","usesDefaultFrameImage":"0","usesDefaultCloseImage":"0","marketURL":"https:\/\/play.google.com\/store\/apps\/details?id=com.dhgate.buyermob","packageID":"com.dhgate.buyermob"},"showTemplate":1,"s2s_tracking_url":"https:\/\/tha.gotrackier.com\/click?campaign_id=63254\\u0026pub_id=75?p1=1217_9131_9138&amp;source=6841&amp;app_name=HeavyExcavator&amp;gaid=9138","activeCreativeID":"4483","scenes":["1","2","8","13"],"campaignAdType":"Interstitial","productId":"","purchaseBit":0,"licenseKey":""},{"campaignID":"8380","attribution_link":"","attribution":1,"priority":"7","appToPromote":{"appToPromoteID":"16480","usesDefaultFrameImage":"0","usesDefaultCloseImage":"0","marketURL":"https:\/\/play.google.com\/store\/apps\/details?id=com.nag.home.manager.working.virtual.mom","packageID":"com.GSS317.AmazingFamily"},"showTemplate":1,"s2s_tracking_url":"","activeCreativeID":"3720","scenes":["1","2","8","13"],"campaignAdType":"Interstitial","productId":"","purchaseBit":0,"licenseKey":""},{"campaignID":"444","attribution":0,"priority":"6","appToPromote":{"appToPromoteID":"3355","usesDefaultFrameImage":"0","usesDefaultCloseImage":"0","marketURL":"https:\/\/play.google.com\/store\/apps\/details?id=com.popnsons.parkour.mouse","packageID":"com.popnsons.parkour.mouse"},"showTemplate":1,"s2s_tracking_url":"https:\/\/play.google.com\/store\/apps\/details?id=com.popnsons.parkour.mouse","activeCreativeID":"469","scenes":["1","2","8","13"],"campaignAdType":"Interstitial","productId":"","purchaseBit":0,"licenseKey":""},{"campaignID":"561","attribution":0,"priority":"6","appToPromote":{"appToPromoteID":"5026","usesDefaultFrameImage":"0","usesDefaultCloseImage":"0","marketURL":"https:\/\/play.google.com\/store\/apps\/details?id=com.as.cashupapp","packageID":"com.as.cashupapp"},"showTemplate":1,"s2s_tracking_url":"https:\/\/play.google.com\/store\/apps\/details?id=com.as.cashupapp","activeCreativeID":"652","scenes":["1","2","8","13"],"campaignAdType":"Interstitial","productId":"","purchaseBit":0,"licenseKey":""},{"campaignID":"570","attribution":0,"priority":"6","appToPromote":{"appToPromoteID":"3802","usesDefaultFrameImage":"0","usesDefaultCloseImage":"0","marketURL":"https:\/\/play.google.com\/store\/apps\/details?id=com.Madxstudios.Flickshootsoccer","packageID":"com.Madxstudios.Flickshootsoccer"},"showTemplate":1,"s2s_tracking_url":"https:\/\/play.google.com\/store\/apps\/details?id=com.Madxstudios.Flickshootsoccer","activeCreativeID":"661","scenes":["1","2","8","13"],"campaignAdType":"Interstitial","productId":"","purchaseBit":0,"licenseKey":""},{"campaignID":"588","attribution":0,"priority":"6","appToPromote":{"appToPromoteID":"5026","usesDefaultFrameImage":"0","usesDefaultCloseImage":"0","marketURL":"https:\/\/play.google.com\/store\/apps\/details?id=com.as.cashupapp","packageID":"com.as.cashupapp"},"showTemplate":1,"s2s_tracking_url":"https:\/\/play.google.com\/store\/apps\/details?id=com.as.cashupapp","activeCreativeID":"652","scenes":["1","2","8","13"],"campaignAdType":"Interstitial","productId":"","purchaseBit":0,"licenseKey":""},{"campaignID":"8808","attribution_link":"","attribution":1,"priority":"5","appToPromote":{"appToPromoteID":"16528","usesDefaultFrameImage":"0","usesDefaultCloseImage":"0","marketURL":"https:\/\/play.google.com\/store\/apps\/details?id=com.bag.farm.day.village.farming.games","packageID":"com.GSS317.com.bag.farm.day.village.farming.games"},"showTemplate":1,"s2s_tracking_url":"","activeCreativeID":"3775","scenes":["1","2","8","13"],"campaignAdType":"Interstitial","productId":"","purchaseBit":0,"licenseKey":""},{"campaignID":"8876","attribution":0,"priority":"5","appToPromote":{"appToPromoteID":"15640","usesDefaultFrameImage":"0","usesDefaultCloseImage":"0","marketURL":"https:\/\/play.google.com\/store\/apps\/details?id=com.pgz.police.bike.stunt.ramp.bike.racing.games","packageID":"com.pgz.police.bike.stunt.ramp.bike.racing.games"},"showTemplate":1,"s2s_tracking_url":"https:\/\/play.google.com\/store\/apps\/details?id=com.pgz.police.bike.stunt.ramp.bike.racing.games","activeCreativeID":"4236","scenes":["1","2","8","13"],"campaignAdType":"Interstitial","productId":"","purchaseBit":0,"licenseKey":""},{"campaignID":"8973","attribution":0,"priority":"5","appToPromote":{"appToPromoteID":"15974","usesDefaultFrameImage":"0","usesDefaultCloseImage":"0","marketURL":"https:\/\/play.google.com\/store\/apps\/details?id=com.mustardgames.bmx.cycle.stunt.mega.ramp.impossibletracks","packageID":"com.mustardgames.bmx.cycle.stunt.mega.ramp.impossibletracks"},"showTemplate":1,"s2s_tracking_url":"https:\/\/play.google.com\/store\/apps\/details?id=com.mustardgames.bmx.cycle.stunt.mega.ramp.impossibletracks","activeCreativeID":"4339","scenes":["1","2","8","13"],"campaignAdType":"Interstitial","productId":"","purchaseBit":0,"licenseKey":""},{"campaignID":"557","attribution":0,"priority":"4","appToPromote":{"appToPromoteID":"4959","usesDefaultFrameImage":"0","usesDefaultCloseImage":"0","marketURL":"https:\/\/play.google.com\/store\/apps\/details?id=com.jet.plane.surfers.joyride.dash","packageID":"com.jet.plane.surfers.joyride.dash"},"showTemplate":1,"s2s_tracking_url":"https:\/\/play.google.com\/store\/apps\/details?id=com.jet.plane.surfers.joyride.dash","activeCreativeID":"645","scenes":["1","2","8","13"],"campaignAdType":"Interstitial","productId":"","purchaseBit":0,"licenseKey":""},{"campaignID":"414","attribution":0,"priority":"3","appToPromote":{"appToPromoteID":"3023","usesDefaultFrameImage":"0","usesDefaultCloseImage":"0","marketURL":"https:\/\/play.google.com\/store\/apps\/details?id=com.appricot2d.rolo.pet.parrot","packageID":"com.appricot2d.rolo.pet.parrot"},"showTemplate":1,"s2s_tracking_url":"https:\/\/play.google.com\/store\/apps\/details?id=com.appricot2d.rolo.pet.parrot","activeCreativeID":"385","scenes":["1","2","8","13"],"campaignAdType":"Interstitial","productId":"","purchaseBit":0,"licenseKey":""},{"campaignID":"559","attribution":0,"priority":"3","appToPromote":{"appToPromoteID":"3476","usesDefaultFrameImage":"0","usesDefaultCloseImage":"0","marketURL":"https:\/\/play.google.com\/store\/apps\/details?id=com.perspectivegames.real.impossible.tracks.stunts","packageID":"com.perspectivegames.real.impossible.tracks.stunts"},"showTemplate":1,"s2s_tracking_url":"https:\/\/play.google.com\/store\/apps\/details?id=com.perspectivegames.real.impossible.tracks.stunts","activeCreativeID":"649","scenes":["1","2","8","13"],"campaignAdType":"Interstitial","productId":"","purchaseBit":0,"licenseKey":""},{"campaignID":"741","attribution":0,"priority":"3","appToPromote":{"appToPromoteID":"5609","usesDefaultFrameImage":"0","usesDefaultCloseImage":"0","marketURL":"https:\/\/play.google.com\/store\/apps\/details?id=com.kick.gyroscopic.city.train.driver.simulator","packageID":"com.kick.gyroscopic.city.train.driver.simulator"},"showTemplate":1,"s2s_tracking_url":"https:\/\/play.google.com\/store\/apps\/details?id=com.kick.gyroscopic.city.train.driver.simulator","activeCreativeID":"753","scenes":["1","2","8","13"],"campaignAdType":"Interstitial","productId":"","purchaseBit":0,"licenseKey":""},{"campaignID":"798","attribution":0,"priority":"3","appToPromote":{"appToPromoteID":"5770","usesDefaultFrameImage":"0","usesDefaultCloseImage":"0","marketURL":"https:\/\/play.google.com\/store\/apps\/details?id=com.simulatorgames3d.alohacelebrations","packageID":"com.simulatorgames3d.alohacelebrations"},"showTemplate":1,"s2s_tracking_url":"https:\/\/play.google.com\/store\/apps\/details?id=com.simulatorgames3d.alohacelebrations","activeCreativeID":"787","scenes":["1","2","8","13"],"campaignAdType":"Interstitial","productId":"","purchaseBit":0,"licenseKey":""},{"campaignID":"1483","attribution":0,"priority":"3","appToPromote":{"appToPromoteID":"1714","usesDefaultFrameImage":"1","usesDefaultCloseImage":"1","marketURL":"https:\/\/play.google.com\/store\/apps\/details?id=com.playink.cookie.maker","packageID":"com.playink.cookie.maker"},"showTemplate":1,"s2s_tracking_url":"https:\/\/play.google.com\/store\/apps\/details?id=com.playink.cookie.maker","activeCreativeID":"1020","scenes":["1","2","8","13"],"campaignAdType":"Interstitial","productId":"","purchaseBit":0,"licenseKey":""},{"campaignID":"8762","attribution":0,"priority":"2","appToPromote":{"appToPromoteID":"13265","usesDefaultFrameImage":"0","usesDefaultCloseImage":"0","marketURL":"https:\/\/play.google.com\/store\/apps\/details?id=com.rhg.tricky.bike.stunt.moto.master","packageID":"com.rhg.tricky.bike.stunt.moto.master"},"showTemplate":1,"s2s_tracking_url":"https:\/\/play.google.com\/store\/apps\/details?id=com.rhg.tricky.bike.stunt.moto.master","activeCreativeID":"4121","scenes":["1","2","8","13"],"campaignAdType":"Rewarded Video","productId":"","purchaseBit":0,"licenseKey":""},{"campaignID":"8879","attribution":0,"priority":"2","appToPromote":{"appToPromoteID":"15640","usesDefaultFrameImage":"0","usesDefaultCloseImage":"0","marketURL":"https:\/\/play.google.com\/store\/apps\/details?id=com.pgz.police.bike.stunt.ramp.bike.racing.games","packageID":"com.pgz.police.bike.stunt.ramp.bike.racing.games"},"showTemplate":1,"s2s_tracking_url":"https:\/\/play.google.com\/store\/apps\/details?id=com.pgz.police.bike.stunt.ramp.bike.racing.games","activeCreativeID":"4239","scenes":["1","2","8","13"],"campaignAdType":"Banner","productId":"","purchaseBit":0,"licenseKey":""},{"campaignID":"8971","attribution":0,"priority":"2","appToPromote":{"appToPromoteID":"15640","usesDefaultFrameImage":"0","usesDefaultCloseImage":"0","marketURL":"https:\/\/play.google.com\/store\/apps\/details?id=com.pgz.police.bike.stunt.ramp.bike.racing.games","packageID":"com.pgz.police.bike.stunt.ramp.bike.racing.games"},"showTemplate":1,"s2s_tracking_url":"https:\/\/play.google.com\/store\/apps\/details?id=com.pgz.police.bike.stunt.ramp.bike.racing.games","activeCreativeID":"4236","scenes":["1","2","8","13"],"campaignAdType":"Interstitial","productId":"","purchaseBit":0,"licenseKey":""}],"refreshAdRate":30,"mode":"Production","aspectRatio":"4_3","cdnPath":"https:\/\/df8ymybeo92md.cloudfront.net\/images\/","sentry_log":0,"local_logging":0,"sentry_dsn":"https:\/\/93ffa1c9a4124f67b8888a53265f751a:bbf998e04584477fa9a145838e9d3b26@sentry.io\/168994","sentry_initialization":1,"sentry_debugging":0,"bannerSizes":["1"],"aspectRatioVideo":"16_9","app_id":"1217","showPreRewardedDialogue":0,"showPostRewardedDialogue":0,"rewardCurrency":"coins","rewardValue":0,"isSkipable":1,"privacyPolicyURL":"https:\/\/www.consoliads.com\/privacy-policy\/","sessionToken":"VbWLhUfFvFx0UcSybhjoQ0KzZe\/u4QZNlCOmHOts0Yd0fZQgcq0Jc4N25AmWw20MnOpy85hmtLLunfkjJyHWTf1Urjm\/h\/gsby3IQrorO9v3NvNHM5G+x0GumMOKVeQs9EpRsE9ogKw2onluYIcndis\/k+O\/bMdDbNfurJxCjpY="}
Session token value is set


{"appKey":"a6c37abf407b4606382faab36e69377f","deviceID":"9456","stats":[{"campaignID":73,"packageID":"com.mizo.army.prisoner.transport.simulator","sceneStats":[{"sceneID":"24","eventStats":"394,294,194,94,94,0,0"}]}],"sdkVersion":"39","sessionToken":"VbWLhUfFvFx0UcSybhjoQ0KzZe\/u4QZNlCOmHOts0Yd0fZQgcq0Jc4N25AmWw20MnOpy85hmtLLunfkjJyHWTf1Urjm\/h\/gsby3IQrorO9v3NvNHM5G+x0GumMOKVeQs9EpRsE9ogKw2onluYIcndis\/k+O\/bMdDbNfurJxCjpY="}
cache_ttl value is correct

Refresh Ad Rate value is correct
mode value is set

 Aspect ratio value is correct
sentry_log value is set
local_logging value is set
sentry_initialization value is set
sentry_debugging value is set
showPreRewardedDialogue value is set
showPostRewardedDialogue value is set
isSkipable value is set
{"cache_ttl":10080,"cache_ttl_rewarded":10080,"cache_ttl_banner":10080,"cache_ttl_native":10080,"cache_ttl_icon":10080,"refreshAdRate":30,"mode":"Production","aspectRatio":"4_3","cdnPath":"https:\/\/df8ymybeo92md.cloudfront.net\/images\/","sentry_log":0,"local_logging":0,"sentry_dsn":"https:\/\/93ffa1c9a4124f67b8888a53265f751a:bbf998e04584477fa9a145838e9d3b26@sentry.io\/168994","sentry_initialization":1,"sentry_debugging":0,"bannerSizes":[],"aspectRatioVideo":"16_9","app_id":"1458","showPreRewardedDialogue":0,"showPostRewardedDialogue":0,"rewardCurrency":"coins","rewardValue":0,"isSkipable":0,"privacyPolicyURL":"https:\/\/www.consoliads.com\/privacy-policy\/","sessionToken":"WRLMwVuuG3mEv5HtgRKfJ279Di+ZruzWGP65kkBo46ywyxPAS5e0DOor8vKKO95Kl3CeYPKmfcpyaScxvjTSDdSXZQ\/T4JIpTUnAW1+93mtxcolvBAnK8MRwTfDMfIsktzRTTcPoYKQY8gEhy2kofa6Cd+oTPGuVrqz7YoLkaaQ="}
Session token value is set


{"appKey":"f1b23f0067eb003f37357ca24defd9a4","deviceID":"3295","stats":[{"campaignID":78,"packageID":"com.mizo.road.builder.city.construction","sceneStats":[{"sceneID":"9","eventStats":"333,233,133,33,33,0,0"}]}],"sdkVersion":"2151","sessionToken":"WRLMwVuuG3mEv5HtgRKfJ279Di+ZruzWGP65kkBo46ywyxPAS5e0DOor8vKKO95Kl3CeYPKmfcpyaScxvjTSDdSXZQ\/T4JIpTUnAW1+93mtxcolvBAnK8MRwTfDMfIsktzRTTcPoYKQY8gEhy2kofa6Cd+oTPGuVrqz7YoLkaaQ="}
cache_ttl value is correct

Refresh Ad Rate value is correct
mode value is set

 Aspect ratio value is correct
sentry_log value is set
local_logging value is set
sentry_initialization value is set
sentry_debugging value is set
showPreRewardedDialogue value is set
showPostRewardedDialogue value is set
isSkipable value is set
{"cache_ttl":10080,"cache_ttl_rewarded":10080,"cache_ttl_banner":10080,"cache_ttl_native":10080,"cache_ttl_icon":10080,"campaigns":[{"campaignID":"9277","attribution_link":"","attribution":1,"priority":"5","appToPromote":{"appToPromoteID":"17609","usesDefaultFrameImage":"0","usesDefaultCloseImage":"0","marketURL":"https:\/\/smartbear.com\/learn\/automated-testing\/test-automation-frameworks\/","packageID":"com.buntoo.buntooAd"},"showTemplate":1,"s2s_tracking_url":"","activeCreativeID":"4702","scenes":["1","2","6","4","5"],"campaignAdType":"Interstitial","productId":"","purchaseBit":0,"licenseKey":""},{"campaignID":"9278","attribution":0,"priority":"5","appToPromote":{"appToPromoteID":"17609","usesDefaultFrameImage":"0","usesDefaultCloseImage":"0","marketURL":"https:\/\/smartbear.com\/learn\/automated-testing\/test-automation-frameworks\/","packageID":"com.buntoo.buntooAd"},"showTemplate":1,"s2s_tracking_url":"https:\/\/smartbear.com\/learn\/automated-testing\/test-automation-frameworks\/","activeCreativeID":"4701","scenes":["1","2","6","4","5"],"campaignAdType":"Interstitial","productId":"","purchaseBit":0,"licenseKey":""},{"campaignID":"9279","attribution":0,"priority":"5","appToPromote":{"appToPromoteID":"17609","usesDefaultFrameImage":"0","usesDefaultCloseImage":"0","marketURL":"https:\/\/smartbear.com\/learn\/automated-testing\/test-automation-frameworks\/","packageID":"com.buntoo.buntooAd"},"showTemplate":1,"s2s_tracking_url":"https:\/\/smartbear.com\/learn\/automated-testing\/test-automation-frameworks\/","activeCreativeID":"4701","scenes":["1","2","6","4","5"],"campaignAdType":"Interstitial","productId":"","purchaseBit":0,"licenseKey":""},{"campaignID":"9280","attribution":0,"priority":"5","appToPromote":{"appToPromoteID":"17609","usesDefaultFrameImage":"0","usesDefaultCloseImage":"0","marketURL":"https:\/\/smartbear.com\/learn\/automated-testing\/test-automation-frameworks\/","packageID":"com.buntoo.buntooAd"},"showTemplate":1,"s2s_tracking_url":"https:\/\/smartbear.com\/learn\/automated-testing\/test-automation-frameworks\/","activeCreativeID":"4701","scenes":["1","2","6","4","5"],"campaignAdType":"Interstitial","productId":"","purchaseBit":0,"licenseKey":""},{"campaignID":"9281","attribution":0,"priority":"5","appToPromote":{"appToPromoteID":"17609","usesDefaultFrameImage":"0","usesDefaultCloseImage":"0","marketURL":"https:\/\/smartbear.com\/learn\/automated-testing\/test-automation-frameworks\/","packageID":"com.buntoo.buntooAd"},"showTemplate":1,"s2s_tracking_url":"https:\/\/smartbear.com\/learn\/automated-testing\/test-automation-frameworks\/","activeCreativeID":"4701","scenes":["1","2","6","4","5"],"campaignAdType":"Interstitial","productId":"","purchaseBit":0,"licenseKey":""},{"campaignID":"9282","attribution":0,"priority":"5","appToPromote":{"appToPromoteID":"17609","usesDefaultFrameImage":"0","usesDefaultCloseImage":"0","marketURL":"https:\/\/smartbear.com\/learn\/automated-testing\/test-automation-frameworks\/","packageID":"com.buntoo.buntooAd"},"showTemplate":1,"s2s_tracking_url":"https:\/\/smartbear.com\/learn\/automated-testing\/test-automation-frameworks\/","activeCreativeID":"4701","scenes":["1","2","6","4","5"],"campaignAdType":"Interstitial","productId":"","purchaseBit":0,"licenseKey":""},{"campaignID":"9283","attribution":0,"priority":"5","appToPromote":{"appToPromoteID":"17609","usesDefaultFrameImage":"0","usesDefaultCloseImage":"0","marketURL":"https:\/\/smartbear.com\/learn\/automated-testing\/test-automation-frameworks\/","packageID":"com.buntoo.buntooAd"},"showTemplate":1,"s2s_tracking_url":"https:\/\/smartbear.com\/learn\/automated-testing\/test-automation-frameworks\/","activeCreativeID":"4701","scenes":["1","2","6","4","5"],"campaignAdType":"Interstitial","productId":"","purchaseBit":0,"licenseKey":""},{"campaignID":"9285","attribution":0,"priority":"5","appToPromote":{"appToPromoteID":"14746","usesDefaultFrameImage":"0","usesDefaultCloseImage":"0","marketURL":"https:\/\/play.google.com\/store\/apps\/details?id=com.buntoo.army.bus.parking","packageID":"com.buntoo.army.bus.parking"},"showTemplate":1,"s2s_tracking_url":"https:\/\/play.google.com\/store\/apps\/details?id=com.buntoo.army.bus.parking","activeCreativeID":"4710","scenes":["1","2","6","4","5"],"campaignAdType":"Interstitial","productId":"","purchaseBit":0,"licenseKey":""},{"campaignID":"9287","attribution":0,"priority":"5","appToPromote":{"appToPromoteID":"14746","usesDefaultFrameImage":"0","usesDefaultCloseImage":"0","marketURL":"https:\/\/play.google.com\/store\/apps\/details?id=com.buntoo.army.bus.parking","packageID":"com.buntoo.army.bus.parking"},"showTemplate":1,"s2s_tracking_url":"https:\/\/play.google.com\/store\/apps\/details?id=com.buntoo.army.bus.parking","activeCreativeID":"4710","scenes":["1","2","6","4","5"],"campaignAdType":"Interstitial","productId":"","purchaseBit":0,"licenseKey":""},{"campaignID":"9289","attribution":0,"priority":"5","appToPromote":{"appToPromoteID":"17609","usesDefaultFrameImage":"0","usesDefaultCloseImage":"0","marketURL":"https:\/\/smartbear.com\/learn\/automated-testing\/test-automation-frameworks\/","packageID":"com.buntoo.buntooAd"},"showTemplate":1,"s2s_tracking_url":"https:\/\/smartbear.com\/learn\/automated-testing\/test-automation-frameworks\/","activeCreativeID":"4701","scenes":["1","2","6","4","5"],"campaignAdType":"Interstitial","productId":"","purchaseBit":0,"licenseKey":""},{"campaignID":"9290","attribution":0,"priority":"5","appToPromote":{"appToPromoteID":"17609","usesDefaultFrameImage":"0","usesDefaultCloseImage":"0","marketURL":"https:\/\/smartbear.com\/learn\/automated-testing\/test-automation-frameworks\/","packageID":"com.buntoo.buntooAd"},"showTemplate":1,"s2s_tracking_url":"https:\/\/smartbear.com\/learn\/automated-testing\/test-automation-frameworks\/","activeCreativeID":"4701","scenes":["1","2","6","4","5"],"campaignAdType":"Interstitial","productId":"","purchaseBit":0,"licenseKey":""},{"campaignID":"9293","attribution":0,"priority":"5","appToPromote":{"appToPromoteID":"17609","usesDefaultFrameImage":"0","usesDefaultCloseImage":"0","marketURL":"https:\/\/smartbear.com\/learn\/automated-testing\/test-automation-frameworks\/","packageID":"com.buntoo.buntooAd"},"showTemplate":1,"s2s_tracking_url":"https:\/\/smartbear.com\/learn\/automated-testing\/test-automation-frameworks\/","activeCreativeID":"4701","scenes":["1","2","6","4","5"],"campaignAdType":"Interstitial","productId":"","purchaseBit":0,"licenseKey":""},{"campaignID":"9296","attribution":0,"priority":"5","appToPromote":{"appToPromoteID":"17609","usesDefaultFrameImage":"0","usesDefaultCloseImage":"0","marketURL":"https:\/\/smartbear.com\/learn\/automated-testing\/test-automation-frameworks\/","packageID":"com.buntoo.buntooAd"},"showTemplate":1,"s2s_tracking_url":"https:\/\/smartbear.com\/learn\/automated-testing\/test-automation-frameworks\/","activeCreativeID":"4701","scenes":["1","2","6","4","5"],"campaignAdType":"Interstitial","productId":"","purchaseBit":0,"licenseKey":""},{"campaignID":"9297","attribution":0,"priority":"5","appToPromote":{"appToPromoteID":"17609","usesDefaultFrameImage":"0","usesDefaultCloseImage":"0","marketURL":"https:\/\/smartbear.com\/learn\/automated-testing\/test-automation-frameworks\/","packageID":"com.buntoo.buntooAd"},"showTemplate":1,"s2s_tracking_url":"https:\/\/smartbear.com\/learn\/automated-testing\/test-automation-frameworks\/","activeCreativeID":"4701","scenes":["1","2","6","4","5"],"campaignAdType":"Interstitial","productId":"","purchaseBit":0,"licenseKey":""},{"campaignID":"9299","attribution":0,"priority":"5","appToPromote":{"appToPromoteID":"17609","usesDefaultFrameImage":"0","usesDefaultCloseImage":"0","marketURL":"https:\/\/smartbear.com\/learn\/automated-testing\/test-automation-frameworks\/","packageID":"com.buntoo.buntooAd"},"showTemplate":1,"s2s_tracking_url":"https:\/\/smartbear.com\/learn\/automated-testing\/test-automation-frameworks\/","activeCreativeID":"4701","scenes":["1","2","6","4","5"],"campaignAdType":"Interstitial","productId":"","purchaseBit":0,"licenseKey":""},{"campaignID":"9301","attribution":0,"priority":"5","appToPromote":{"appToPromoteID":"17609","usesDefaultFrameImage":"0","usesDefaultCloseImage":"0","marketURL":"https:\/\/smartbear.com\/learn\/automated-testing\/test-automation-frameworks\/","packageID":"com.buntoo.buntooAd"},"showTemplate":1,"s2s_tracking_url":"https:\/\/smartbear.com\/learn\/automated-testing\/test-automation-frameworks\/","activeCreativeID":"4701","scenes":["1","2","6","4","5"],"campaignAdType":"Interstitial","productId":"","purchaseBit":0,"licenseKey":""},{"campaignID":"9305","attribution":0,"priority":"5","appToPromote":{"appToPromoteID":"14746","usesDefaultFrameImage":"0","usesDefaultCloseImage":"0","marketURL":"https:\/\/play.google.com\/store\/apps\/details?id=com.buntoo.army.bus.parking","packageID":"com.buntoo.army.bus.parking"},"showTemplate":1,"s2s_tracking_url":"https:\/\/play.google.com\/store\/apps\/details?id=com.buntoo.army.bus.parking","activeCreativeID":"4710","scenes":["1","2","6","4","5"],"campaignAdType":"Interstitial","productId":"","purchaseBit":0,"licenseKey":""},{"campaignID":"48","attribution":0,"priority":"5","appToPromote":{"appToPromoteID":"1074","usesDefaultFrameImage":"1","usesDefaultCloseImage":"1","marketURL":"https:\/\/play.google.com\/store\/apps\/details?id=com.mizo.construction.crane.hill.climb","packageID":"com.mizo.construction.crane.hill.climb"},"showTemplate":1,"s2s_tracking_url":"https:\/\/play.google.com\/store\/apps\/details?id=com.mizo.construction.crane.hill.climb","activeCreativeID":"65","scenes":["1","2","6","4","5"],"campaignAdType":"Interstitial","productId":"","purchaseBit":0,"licenseKey":""},{"campaignID":"50","attribution":0,"priority":"5","appToPromote":{"appToPromoteID":"1221","usesDefaultFrameImage":"1","usesDefaultCloseImage":"1","marketURL":"https:\/\/play.google.com\/store\/apps\/details?id=com.mizo.offroad.hill.climb","packageID":"com.mizo.offroad.hill.climb"},"showTemplate":1,"s2s_tracking_url":"https:\/\/play.google.com\/store\/apps\/details?id=com.mizo.offroad.hill.climb","activeCreativeID":"67","scenes":["1","2","6","4","5"],"campaignAdType":"Interstitial","productId":"","purchaseBit":0,"licenseKey":""},{"campaignID":"67","attribution":0,"priority":"5","appToPromote":{"appToPromoteID":"1306","usesDefaultFrameImage":"1","usesDefaultCloseImage":"1","marketURL":"https:\/\/play.google.com\/store\/apps\/details?id=com.mizo.extreme.heavy.truck","packageID":"com.mizo.extreme.heavy.truck"},"showTemplate":1,"s2s_tracking_url":"https:\/\/play.google.com\/store\/apps\/details?id=com.mizo.extreme.heavy.truck","activeCreativeID":"85","scenes":["1","2","6","4","5"],"campaignAdType":"Interstitial","productId":"","purchaseBit":0,"licenseKey":""},{"campaignID":"73","attribution":0,"priority":"5","appToPromote":{"appToPromoteID":"1458","usesDefaultFrameImage":"1","usesDefaultCloseImage":"1","marketURL":"https:\/\/play.google.com\/store\/apps\/details?id=com.mizo.army.prisoner.transport.simulator","packageID":"com.mizo.army.prisoner.transport.simulator"},"showTemplate":1,"s2s_tracking_url":"https:\/\/play.google.com\/store\/apps\/details?id=com.mizo.army.prisoner.transport.simulator","activeCreativeID":"93","scenes":["1","2","6","4","5"],"campaignAdType":"Interstitial","productId":"","purchaseBit":0,"licenseKey":""},{"campaignID":"74","attribution":0,"priority":"5","appToPromote":{"appToPromoteID":"1449","usesDefaultFrameImage":"1","usesDefaultCloseImage":"1","marketURL":"https:\/\/play.google.com\/store\/apps\/details?id=com.brilliantgamez.army.prisoners.transport.plane","packageID":"com.brilliantgamez.army.prisoners.transport.plane"},"showTemplate":1,"s2s_tracking_url":"https:\/\/play.google.com\/store\/apps\/details?id=com.brilliantgamez.army.prisoners.transport.plane","activeCreativeID":"94","scenes":["1","2","6","4","5"],"campaignAdType":"Interstitial","productId":"","purchaseBit":0,"licenseKey":""},{"campaignID":"78","attribution":0,"priority":"5","appToPromote":{"appToPromoteID":"1632","usesDefaultFrameImage":"1","usesDefaultCloseImage":"1","marketURL":"https:\/\/play.google.com\/store\/apps\/details?id=com.mizo.road.builder.city.construction","packageID":"com.mizo.road.builder.city.construction"},"showTemplate":1,"s2s_tracking_url":"https:\/\/play.google.com\/store\/apps\/details?id=com.mizo.road.builder.city.construction","activeCreativeID":"97","scenes":["1","2","6","4","5"],"campaignAdType":"Interstitial","productId":"","purchaseBit":0,"licenseKey":""},{"campaignID":"80","attribution":0,"priority":"5","appToPromote":{"appToPromoteID":"1675","usesDefaultFrameImage":"1","usesDefaultCloseImage":"1","marketURL":"https:\/\/play.google.com\/store\/apps\/details?id=com.mizo.flip.bottle.shooting.expert","packageID":"com.mizo.flip.bottle.shooting.expert"},"showTemplate":1,"s2s_tracking_url":"https:\/\/play.google.com\/store\/apps\/details?id=com.mizo.flip.bottle.shooting.expert","activeCreativeID":"100","scenes":["1","2","6","4","5"],"campaignAdType":"Interstitial","productId":"","purchaseBit":0,"licenseKey":""},{"campaignID":"110","attribution":0,"priority":"5","appToPromote":{"appToPromoteID":"1853","usesDefaultFrameImage":"1","usesDefaultCloseImage":"1","marketURL":"https:\/\/play.google.com\/store\/apps\/details?id=com.mizo.police.airplane.transporter","packageID":"com.mizo.police.airplane.transporter"},"showTemplate":1,"s2s_tracking_url":"https:\/\/play.google.com\/store\/apps\/details?id=com.mizo.police.airplane.transporter","activeCreativeID":"137","scenes":["1","2","6","4","5"],"campaignAdType":"Interstitial","productId":"","purchaseBit":0,"licenseKey":""},{"campaignID":"143","attribution":0,"priority":"5","appToPromote":{"appToPromoteID":"2089","usesDefaultFrameImage":"0","usesDefaultCloseImage":"0","marketURL":"https:\/\/play.google.com\/store\/apps\/details?id=com.mizo.sports.car.mechanic","packageID":"com.mizo.sports.car.mechanic"},"showTemplate":1,"s2s_tracking_url":"https:\/\/play.google.com\/store\/apps\/details?id=com.mizo.sports.car.mechanic","activeCreativeID":"184","scenes":["1","2","6","4","5"],"campaignAdType":"Interstitial","productId":"","purchaseBit":0,"licenseKey":""},{"campaignID":"147","attribution":0,"priority":"5","appToPromote":{"appToPromoteID":"2085","usesDefaultFrameImage":"0","usesDefaultCloseImage":"0","marketURL":"https:\/\/play.google.com\/store\/apps\/details?id=com.mizo.robot.gang.mafia","packageID":"com.mizo.robot.gang.mafia"},"showTemplate":1,"s2s_tracking_url":"https:\/\/play.google.com\/store\/apps\/details?id=com.mizo.robot.gang.mafia","activeCreativeID":"188","scenes":["1","2","6","4","5"],"campaignAdType":"Interstitial","productId":"","purchaseBit":0,"licenseKey":""},{"campaignID":"227","attribution":0,"priority":"5","appToPromote":{"appToPromoteID":"2571","usesDefaultFrameImage":"0","usesDefaultCloseImage":"0","marketURL":"https:\/\/play.google.com\/store\/apps\/details?id=com.mizo.raft.suvival","packageID":"com.mizo.raft.suvival"},"showTemplate":1,"s2s_tracking_url":"https:\/\/play.google.com\/store\/apps\/details?id=com.mizo.raft.suvival","activeCreativeID":"302","scenes":["1","2","6","4","5"],"campaignAdType":"Interstitial","productId":"","purchaseBit":0,"licenseKey":""},{"campaignID":"317","attribution":0,"priority":"5","appToPromote":{"appToPromoteID":"2723","usesDefaultFrameImage":"0","usesDefaultCloseImage":"0","marketURL":"https:\/\/play.google.com\/store\/apps\/details?id=com.mizo.helicopter.rescue","packageID":"com.mizo.helicopter.rescue"},"showTemplate":1,"s2s_tracking_url":"https:\/\/play.google.com\/store\/apps\/details?id=com.mizo.helicopter.rescue","activeCreativeID":"324","scenes":["1","2","6","4","5"],"campaignAdType":"Interstitial","productId":"","purchaseBit":0,"licenseKey":""},{"campaignID":"367","attribution":0,"priority":"5","appToPromote":{"appToPromoteID":"2911","usesDefaultFrameImage":"0","usesDefaultCloseImage":"0","marketURL":"https:\/\/play.google.com\/store\/apps\/details?id=com.mizo.police.ship.transporter","packageID":"com.mizo.police.ship.transporter"},"showTemplate":1,"s2s_tracking_url":"https:\/\/play.google.com\/store\/apps\/details?id=com.mizo.police.ship.transporter","activeCreativeID":"383","scenes":["1","2","6","4","5"],"campaignAdType":"Interstitial","productId":"","purchaseBit":0,"licenseKey":""},{"campaignID":"390","attribution":0,"priority":"5","appToPromote":{"appToPromoteID":"3077","usesDefaultFrameImage":"0","usesDefaultCloseImage":"0","marketURL":"https:\/\/play.google.com\/store\/apps\/details?id=com.mizo.transformer.shooting","packageID":"com.mizo.transformer.shooting"},"showTemplate":1,"s2s_tracking_url":"https:\/\/play.google.com\/store\/apps\/details?id=com.mizo.transformer.shooting","activeCreativeID":"441","scenes":["1","2","6","4","5"],"campaignAdType":"Interstitial","productId":"","purchaseBit":0,"licenseKey":""},{"campaignID":"408","attribution":0,"priority":"5","appToPromote":{"appToPromoteID":"3095","usesDefaultFrameImage":"0","usesDefaultCloseImage":"0","marketURL":"https:\/\/play.google.com\/store\/apps\/details?id=com.mizo.superhero.robot","packageID":"com.mizo.superhero.robot"},"showTemplate":1,"s2s_tracking_url":"https:\/\/play.google.com\/store\/apps\/details?id=com.mizo.superhero.robot","activeCreativeID":"443","scenes":["1","2","6","4","5"],"campaignAdType":"Interstitial","productId":"","purchaseBit":0,"licenseKey":""},{"campaignID":"410","attribution":0,"priority":"5","appToPromote":{"appToPromoteID":"3145","usesDefaultFrameImage":"0","usesDefaultCloseImage":"0","marketURL":"https:\/\/play.google.com\/store\/apps\/details?id=com.mizo.extreme.bikerider","packageID":"com.mizo.extreme.bikerider"},"showTemplate":1,"s2s_tracking_url":"https:\/\/play.google.com\/store\/apps\/details?id=com.mizo.extreme.bikerider","activeCreativeID":"448","scenes":["1","2","6","4","5"],"campaignAdType":"Interstitial","productId":"","purchaseBit":0,"licenseKey":""},{"campaignID":"428","attribution":0,"priority":"5","appToPromote":{"appToPromoteID":"3250","usesDefaultFrameImage":"0","usesDefaultCloseImage":"0","marketURL":"https:\/\/play.google.com\/store\/apps\/details?id=com.mizo.bicycle.stunt.racer","packageID":"com.mizo.bicycle.stunt.racer"},"showTemplate":1,"s2s_tracking_url":"https:\/\/play.google.com\/store\/apps\/details?id=com.mizo.bicycle.stunt.racer","activeCreativeID":"472","scenes":["1","2","6","4","5"],"campaignAdType":"Interstitial","productId":"","purchaseBit":0,"licenseKey":""},{"campaignID":"429","attribution":0,"priority":"5","appToPromote":{"appToPromoteID":"3253","usesDefaultFrameImage":"0","usesDefaultCloseImage":"0","marketURL":"https:\/\/play.google.com\/store\/apps\/details?id=com.mizo.rooftop.stunts","packageID":"com.mizo.rooftop.stunts"},"showTemplate":1,"s2s_tracking_url":"https:\/\/play.google.com\/store\/apps\/details?id=com.mizo.rooftop.stunts","activeCreativeID":"474","scenes":["1","2","6","4","5"],"campaignAdType":"Interstitial","productId":"","purchaseBit":0,"licenseKey":""},{"campaignID":"456","attribution":0,"priority":"5","appToPromote":{"appToPromoteID":"2448","usesDefaultFrameImage":"0","usesDefaultCloseImage":"0","marketURL":"https:\/\/play.google.com\/store\/apps\/details?id=com.mizo.battle.simulator","packageID":"com.mizo.battle.simulator"},"showTemplate":1,"s2s_tracking_url":"https:\/\/play.google.com\/store\/apps\/details?id=com.mizo.battle.simulator","activeCreativeID":"503","scenes":["1","2","6","4","5"],"campaignAdType":"Interstitial","productId":"","purchaseBit":0,"licenseKey":""},{"campaignID":"482","attribution":0,"priority":"5","appToPromote":{"appToPromoteID":"2877","usesDefaultFrameImage":"0","usesDefaultCloseImage":"0","marketURL":"https:\/\/play.google.com\/store\/apps\/details?id=com.mizo.underwater.tourist.bus","packageID":"com.mizo.underwater.tourist.bus"},"showTemplate":1,"s2s_tracking_url":"https:\/\/play.google.com\/store\/apps\/details?id=com.mizo.underwater.tourist.bus","activeCreativeID":"540","scenes":["1","2","6","4","5"],"campaignAdType":"Interstitial","productId":"","purchaseBit":0,"licenseKey":""},{"campaignID":"490","attribution":0,"priority":"5","appToPromote":{"appToPromoteID":"3518","usesDefaultFrameImage":"0","usesDefaultCloseImage":"0","marketURL":"https:\/\/play.google.com\/store\/apps\/details?id=com.crazyneuron.superhero.robot.world","packageID":"com.crazyneuron.superhero.robot.world"},"showTemplate":1,"s2s_tracking_url":"https:\/\/play.google.com\/store\/apps\/details?id=com.crazyneuron.superhero.robot.world","activeCreativeID":"550","scenes":["1","2","6","4","5"],"campaignAdType":"Interstitial","productId":"","purchaseBit":0,"licenseKey":""},{"campaignID":"501","attribution":0,"priority":"5","appToPromote":{"appToPromoteID":"3579","usesDefaultFrameImage":"0","usesDefaultCloseImage":"0","marketURL":"https:\/\/play.google.com\/store\/apps\/details?id=com.crazyneuron.us.army.transport","packageID":"com.crazyneuron.us.army.transport"},"showTemplate":1,"s2s_tracking_url":"https:\/\/play.google.com\/store\/apps\/details?id=com.crazyneuron.us.army.transport","activeCreativeID":"577","scenes":["1","2","6","4","5"],"campaignAdType":"Interstitial","productId":"","purchaseBit":0,"licenseKey":""},{"campaignID":"512","attribution":0,"priority":"5","appToPromote":{"appToPromoteID":"3683","usesDefaultFrameImage":"0","usesDefaultCloseImage":"0","marketURL":"https:\/\/play.google.com\/store\/apps\/details?id=com.mizo.plane.landing","packageID":"com.mizo.plane.landing"},"showTemplate":1,"s2s_tracking_url":"https:\/\/play.google.com\/store\/apps\/details?id=com.mizo.plane.landing","activeCreativeID":"594","scenes":["1","2","6","4","5"],"campaignAdType":"Interstitial","productId":"","purchaseBit":0,"licenseKey":""},{"campaignID":"6210","attribution":0,"priority":"5","appToPromote":{"appToPromoteID":"11566","usesDefaultFrameImage":"0","usesDefaultCloseImage":"0","marketURL":"https:\/\/play.google.com\/store\/apps\/details?id=com.mizo.line.drawing.puzzle.game","packageID":"com.mizo.line.drawing.puzzle.game"},"showTemplate":1,"s2s_tracking_url":"https:\/\/play.google.com\/store\/apps\/details?id=com.mizo.line.drawing.puzzle.game","activeCreativeID":"1322","scenes":["1","2","6","4","5"],"campaignAdType":"Video","productId":"","purchaseBit":0,"licenseKey":""},{"campaignID":"6213","attribution":0,"priority":"5","appToPromote":{"appToPromoteID":"11633","usesDefaultFrameImage":"0","usesDefaultCloseImage":"0","marketURL":"https:\/\/play.google.com\/store\/apps\/details?id=com.mizo.car.driving.simulator","packageID":"com.mizo.car.driving.simulator"},"showTemplate":1,"s2s_tracking_url":"https:\/\/play.google.com\/store\/apps\/details?id=com.mizo.car.driving.simulator","activeCreativeID":"1325","scenes":["1","2","6","4","5"],"campaignAdType":"Video","productId":"","purchaseBit":0,"licenseKey":""},{"campaignID":"6214","attribution":0,"priority":"5","appToPromote":{"appToPromoteID":"11661","usesDefaultFrameImage":"0","usesDefaultCloseImage":"0","marketURL":"https:\/\/play.google.com\/store\/apps\/details?id=com.mizo.car.tycoon.game","packageID":"com.mizo.car.tycoon.game"},"showTemplate":1,"s2s_tracking_url":"https:\/\/play.google.com\/store\/apps\/details?id=com.mizo.car.tycoon.game","activeCreativeID":"1326","scenes":["1","2","6","4","5"],"campaignAdType":"Video","productId":"","purchaseBit":0,"licenseKey":""},{"campaignID":"6254","attribution":0,"priority":"5","appToPromote":{"appToPromoteID":"11810","usesDefaultFrameImage":"0","usesDefaultCloseImage":"0","marketURL":"https:\/\/play.google.com\/store\/apps\/details?id=com.mizo.car.transporter.games","packageID":"com.mizo.car.transporter.games"},"showTemplate":1,"s2s_tracking_url":"https:\/\/play.google.com\/store\/apps\/details?id=com.mizo.car.transporter.games","activeCreativeID":"1370","scenes":["1","2","6","4","5"],"campaignAdType":"Video","productId":"","purchaseBit":0,"licenseKey":""},{"campaignID":"6256","attribution":0,"priority":"5","appToPromote":{"appToPromoteID":"11880","usesDefaultFrameImage":"0","usesDefaultCloseImage":"0","marketURL":"https:\/\/play.google.com\/store\/apps\/details?id=com.mizo.us.army.transporter","packageID":"com.mizo.us.army.transporter"},"showTemplate":1,"s2s_tracking_url":"https:\/\/play.google.com\/store\/apps\/details?id=com.mizo.us.army.transporter","activeCreativeID":"1372","scenes":["1","2","6","4","5"],"campaignAdType":"Video","productId":"","purchaseBit":0,"licenseKey":""},{"campaignID":"6264","attribution":0,"priority":"5","appToPromote":{"appToPromoteID":"11879","usesDefaultFrameImage":"0","usesDefaultCloseImage":"0","marketURL":"https:\/\/play.google.com\/store\/apps\/details?id=com.buntoo.car.racing.games","packageID":"com.buntoo.car.racing.games"},"showTemplate":1,"s2s_tracking_url":"https:\/\/play.google.com\/store\/apps\/details?id=com.buntoo.car.racing.games","activeCreativeID":"1380","scenes":["1","2","6","4","5"],"campaignAdType":"Video","productId":"","purchaseBit":0,"licenseKey":""},{"campaignID":"6363","attribution":0,"priority":"5","appToPromote":{"appToPromoteID":"12100","usesDefaultFrameImage":"0","usesDefaultCloseImage":"0","marketURL":"https:\/\/play.google.com\/store\/apps\/details?id=com.mizo.police.transport.shooting","packageID":"com.mizo.police.transport.shooting"},"showTemplate":1,"s2s_tracking_url":"https:\/\/play.google.com\/store\/apps\/details?id=com.mizo.police.transport.shooting","activeCreativeID":"1519","scenes":["1","2","6","4","5"],"campaignAdType":"Video","productId":"","purchaseBit":0,"licenseKey":""},{"campaignID":"6430","attribution":0,"priority":"5","appToPromote":{"appToPromoteID":"12340","usesDefaultFrameImage":"0","usesDefaultCloseImage":"0","marketURL":"https:\/\/play.google.com\/store\/apps\/details?id=com.buntoo.robot.car.transporter.games","packageID":"com.buntoo.robot.car.transporter.games"},"showTemplate":1,"s2s_tracking_url":"https:\/\/play.google.com\/store\/apps\/details?id=com.buntoo.robot.car.transporter.games","activeCreativeID":"1563","scenes":["1","2","6","4","5"],"campaignAdType":"Video","productId":"","purchaseBit":0,"licenseKey":""},{"campaignID":"6432","attribution":0,"priority":"5","appToPromote":{"appToPromoteID":"12565","usesDefaultFrameImage":"0","usesDefaultCloseImage":"0","marketURL":"https:\/\/play.google.com\/store\/apps\/details?id=com.mizo.train.gold.robbery.games","packageID":"com.mizo.train.gold.robbery.games"},"showTemplate":1,"s2s_tracking_url":"https:\/\/play.google.com\/store\/apps\/details?id=com.mizo.train.gold.robbery.games","activeCreativeID":"1565","scenes":["1","2","6","4","5"],"campaignAdType":"Video","productId":"","purchaseBit":0,"licenseKey":""},{"campaignID":"6445","attribution":0,"priority":"5","appToPromote":{"appToPromoteID":"12564","usesDefaultFrameImage":"0","usesDefaultCloseImage":"0","marketURL":"https:\/\/play.google.com\/store\/apps\/details?id=com.cradley.prison.escape.casino.robbery","packageID":"com.cradley.prison.escape.casino.robbery"},"showTemplate":1,"s2s_tracking_url":"https:\/\/play.google.com\/store\/apps\/details?id=com.cradley.prison.escape.casino.robbery","activeCreativeID":"1575","scenes":["1","2","6","4","5"],"campaignAdType":"Video","productId":"","purchaseBit":0,"licenseKey":""}],"refreshAdRate":30,"mode":"Production","aspectRatio":"4_3","cdnPath":"https:\/\/df8ymybeo92md.cloudfront.net\/images\/","sentry_log":0,"local_logging":0,"sentry_dsn":"https:\/\/93ffa1c9a4124f67b8888a53265f751a:bbf998e04584477fa9a145838e9d3b26@sentry.io\/168994","sentry_initialization":1,"sentry_debugging":0,"bannerSizes":["1"],"aspectRatioVideo":"16_9","app_id":"1632","showPreRewardedDialogue":0,"showPostRewardedDialogue":0,"rewardCurrency":"coins","rewardValue":0,"isSkipable":1,"privacyPolicyURL":"https:\/\/www.consoliads.com\/privacy-policy\/","sessionToken":"7yKv+OH+tgAvLQM2\/qUezLve2ujb9+DXEfhhm0XqCar+StHoGksbXfy7+dEWobZflI+ZKVGlsC8nRKB5blk+Zbh+UJj1cy65M7Uzw0\/QtZIasj0sOJAAxNUNYcNWj0WdnPtT9iK+\/2MgDglZfWG\/cOh2w6p4BkCWgmKcQrNlyvg="}
Session token value is set


{"appKey":"a15540f259692e0f609b4cace3e780a9","deviceID":"9467","stats":[{"campaignID":80,"packageID":"com.mizo.flip.bottle.shooting.expert","sceneStats":[{"sceneID":"24","eventStats":"394,294,194,94,94,0,0"}]}],"sdkVersion":"39","sessionToken":"7yKv+OH+tgAvLQM2\/qUezLve2ujb9+DXEfhhm0XqCar+StHoGksbXfy7+dEWobZflI+ZKVGlsC8nRKB5blk+Zbh+UJj1cy65M7Uzw0\/QtZIasj0sOJAAxNUNYcNWj0WdnPtT9iK+\/2MgDglZfWG\/cOh2w6p4BkCWgmKcQrNlyvg="}
cache_ttl value is correct

Refresh Ad Rate value is correct
mode value is set

 Aspect ratio value is correct
sentry_log value is set
local_logging value is set
sentry_initialization value is set
sentry_debugging value is set
showPreRewardedDialogue value is set
showPostRewardedDialogue value is set
isSkipable value is set
{"cache_ttl":10080,"cache_ttl_rewarded":10080,"cache_ttl_banner":10080,"cache_ttl_native":10080,"cache_ttl_icon":10080,"refreshAdRate":30,"mode":"Production","aspectRatio":"4_3","cdnPath":"https:\/\/df8ymybeo92md.cloudfront.net\/images\/","sentry_log":0,"local_logging":0,"sentry_dsn":"https:\/\/93ffa1c9a4124f67b8888a53265f751a:bbf998e04584477fa9a145838e9d3b26@sentry.io\/168994","sentry_initialization":1,"sentry_debugging":0,"bannerSizes":[],"aspectRatioVideo":"16_9","app_id":"1675","showPreRewardedDialogue":0,"showPostRewardedDialogue":0,"rewardCurrency":"coins","rewardValue":0,"isSkipable":0,"privacyPolicyURL":"https:\/\/www.consoliads.com\/privacy-policy\/","sessionToken":"W8cARJGJQk23Frb92jpK2ypwX4B3biv22y4X\/zbOPC31fwp4Hye9O7\/Amvaq9V9z2WpHsD12P36czxyZDa1CTrNxFgPMBIPUKgBeVf3XULIx1lAyP9fFi0OLrd\/UP9If0OIf5RWhX4C00BL6CmjR6L\/wUyND5g2CWaETi\/wi5nw="}
Session token value is set


{"appKey":"b86d913485cddc89a88e3a31f2611244","deviceID":"482","stats":[{"campaignID":84,"packageID":"com.ids.kids.hospital.cashier.pro","sceneStats":[{"sceneID":"2","eventStats":"305,205,105,5,5,0,0"}]}],"sdkVersion":"39","sessionToken":"W8cARJGJQk23Frb92jpK2ypwX4B3biv22y4X\/zbOPC31fwp4Hye9O7\/Amvaq9V9z2WpHsD12P36czxyZDa1CTrNxFgPMBIPUKgBeVf3XULIx1lAyP9fFi0OLrd\/UP9If0OIf5RWhX4C00BL6CmjR6L\/wUyND5g2CWaETi\/wi5nw="}
cache_ttl value is correct

Refresh Ad Rate value is correct
mode value is set

 Aspect ratio value is correct
sentry_log value is set
local_logging value is set
sentry_initialization value is set
sentry_debugging value is set
showPreRewardedDialogue value is set
showPostRewardedDialogue value is set
isSkipable value is set
{"cache_ttl":10080,"cache_ttl_rewarded":10080,"cache_ttl_banner":10080,"cache_ttl_native":10080,"cache_ttl_icon":10080,"campaigns":[{"campaignID":"8378","attribution":0,"priority":"8","appToPromote":{"appToPromoteID":"16480","usesDefaultFrameImage":"0","usesDefaultCloseImage":"0","marketURL":"https:\/\/play.google.com\/store\/apps\/details?id=com.nag.home.manager.working.virtual.mom","packageID":"com.GSS317.AmazingFamily"},"showTemplate":1,"s2s_tracking_url":"https:\/\/play.google.com\/store\/apps\/details?id=com.nag.home.manager.working.virtual.mom","activeCreativeID":"3720","scenes":["12","1","8","6","15","2"],"campaignAdType":"Interstitial","productId":"","purchaseBit":0,"licenseKey":""},{"campaignID":"9547","attribution":0,"priority":"8","appToPromote":{"appToPromoteID":"11879","usesDefaultFrameImage":"0","usesDefaultCloseImage":"0","marketURL":"https:\/\/play.google.com\/store\/apps\/details?id=com.buntoo.car.racing.games","packageID":"com.buntoo.car.racing.games"},"showTemplate":1,"s2s_tracking_url":"https:\/\/play.google.com\/store\/apps\/details?id=com.buntoo.car.racing.games","activeCreativeID":"4964","scenes":["12","1","8","6","15","2"],"campaignAdType":"Interstitial","productId":"","purchaseBit":0,"licenseKey":""},{"campaignID":"9586","attribution":0,"priority":"8","appToPromote":{"appToPromoteID":"515","usesDefaultFrameImage":"1","usesDefaultCloseImage":"1","marketURL":"https:\/\/play.google.com\/store\/apps\/details?id=com.plum.cash.counter.simualtor","packageID":"com.plum.cash.counter.simualtor"},"showTemplate":1,"s2s_tracking_url":"https:\/\/play.google.com\/store\/apps\/details?id=com.plum.cash.counter.simualtor","activeCreativeID":"50","scenes":["12","1","8","6","15","2"],"campaignAdType":"Interstitial","productId":"","purchaseBit":0,"licenseKey":""},{"campaignID":"9587","attribution":0,"priority":"8","appToPromote":{"appToPromoteID":"515","usesDefaultFrameImage":"1","usesDefaultCloseImage":"1","marketURL":"https:\/\/play.google.com\/store\/apps\/details?id=com.plum.cash.counter.simualtor","packageID":"com.plum.cash.counter.simualtor"},"showTemplate":1,"s2s_tracking_url":"https:\/\/play.google.com\/store\/apps\/details?id=com.plum.cash.counter.simualtor","activeCreativeID":"50","scenes":["12","1","8","6","15","2"],"campaignAdType":"Interstitial","productId":"","purchaseBit":0,"licenseKey":""},{"campaignID":"9588","attribution":0,"priority":"8","appToPromote":{"appToPromoteID":"515","usesDefaultFrameImage":"1","usesDefaultCloseImage":"1","marketURL":"https:\/\/play.google.com\/store\/apps\/details?id=com.plum.cash.counter.simualtor","packageID":"com.plum.cash.counter.simualtor"},"showTemplate":1,"s2s_tracking_url":"https:\/\/play.google.com\/store\/apps\/details?id=com.plum.cash.counter.simualtor","activeCreativeID":"50","scenes":["12","1","8","6","15","2"],"campaignAdType":"Interstitial","productId":"","purchaseBit":0,"licenseKey":""},{"campaignID":"9589","attribution":0,"priority":"8","appToPromote":{"appToPromoteID":"515","usesDefaultFrameImage":"1","usesDefaultCloseImage":"1","marketURL":"https:\/\/play.google.com\/store\/apps\/details?id=com.plum.cash.counter.simualtor","packageID":"com.plum.cash.counter.simualtor"},"showTemplate":1,"s2s_tracking_url":"https:\/\/play.google.com\/store\/apps\/details?id=com.plum.cash.counter.simualtor","activeCreativeID":"50","scenes":["12","1","8","6","15","2"],"campaignAdType":"Interstitial","productId":"","purchaseBit":0,"licenseKey":""},{"campaignID":"9131","attribution":0,"priority":"8","appToPromote":{"appToPromoteID":"17532","usesDefaultFrameImage":"0","usesDefaultCloseImage":"0","marketURL":"https:\/\/play.google.com\/store\/apps\/details?id=com.dhgate.buyermob","packageID":"com.dhgate.buyermob"},"showTemplate":1,"s2s_tracking_url":"https:\/\/tha.gotrackier.com\/click?campaign_id=63254\\u0026pub_id=75?p1=1722_9131_482&amp;source=6841&amp;app_name=KidsHospitalCashierPro&amp;gaid=482","activeCreativeID":"4483","scenes":["12","1","8","6","15","2"],"campaignAdType":"Interstitial","productId":"","purchaseBit":0,"licenseKey":""},{"campaignID":"8380","attribution_link":"","attribution":1,"priority":"7","appToPromote":{"appToPromoteID":"16480","usesDefaultFrameImage":"0","usesDefaultCloseImage":"0","marketURL":"https:\/\/play.google.com\/store\/apps\/details?id=com.nag.home.manager.working.virtual.mom","packageID":"com.GSS317.AmazingFamily"},"showTemplate":1,"s2s_tracking_url":"","activeCreativeID":"3720","scenes":["12","1","8","6","15","2"],"campaignAdType":"Interstitial","productId":"","purchaseBit":0,"licenseKey":""},{"campaignID":"444","attribution":0,"priority":"6","appToPromote":{"appToPromoteID":"3355","usesDefaultFrameImage":"0","usesDefaultCloseImage":"0","marketURL":"https:\/\/play.google.com\/store\/apps\/details?id=com.popnsons.parkour.mouse","packageID":"com.popnsons.parkour.mouse"},"showTemplate":1,"s2s_tracking_url":"https:\/\/play.google.com\/store\/apps\/details?id=com.popnsons.parkour.mouse","activeCreativeID":"469","scenes":["12","1","8","6","15","2"],"campaignAdType":"Interstitial","productId":"","purchaseBit":0,"licenseKey":""},{"campaignID":"561","attribution":0,"priority":"6","appToPromote":{"appToPromoteID":"5026","usesDefaultFrameImage":"0","usesDefaultCloseImage":"0","marketURL":"https:\/\/play.google.com\/store\/apps\/details?id=com.as.cashupapp","packageID":"com.as.cashupapp"},"showTemplate":1,"s2s_tracking_url":"https:\/\/play.google.com\/store\/apps\/details?id=com.as.cashupapp","activeCreativeID":"652","scenes":["12","1","8","6","15","2"],"campaignAdType":"Interstitial","productId":"","purchaseBit":0,"licenseKey":""},{"campaignID":"570","attribution":0,"priority":"6","appToPromote":{"appToPromoteID":"3802","usesDefaultFrameImage":"0","usesDefaultCloseImage":"0","marketURL":"https:\/\/play.google.com\/store\/apps\/details?id=com.Madxstudios.Flickshootsoccer","packageID":"com.Madxstudios.Flickshootsoccer"},"showTemplate":1,"s2s_tracking_url":"https:\/\/play.google.com\/store\/apps\/details?id=com.Madxstudios.Flickshootsoccer","activeCreativeID":"661","scenes":["12","1","8","6","15","2"],"campaignAdType":"Interstitial","productId":"","purchaseBit":0,"licenseKey":""},{"campaignID":"588","attribution":0,"priority":"6","appToPromote":{"appToPromoteID":"5026","usesDefaultFrameImage":"0","usesDefaultCloseImage":"0","marketURL":"https:\/\/play.google.com\/store\/apps\/details?id=com.as.cashupapp","packageID":"com.as.cashupapp"},"showTemplate":1,"s2s_tracking_url":"https:\/\/play.google.com\/store\/apps\/details?id=com.as.cashupapp","activeCreativeID":"652","scenes":["12","1","8","6","15","2"],"campaignAdType":"Interstitial","productId":"","purchaseBit":0,"licenseKey":""},{"campaignID":"8808","attribution_link":"","attribution":1,"priority":"5","appToPromote":{"appToPromoteID":"16528","usesDefaultFrameImage":"0","usesDefaultCloseImage":"0","marketURL":"https:\/\/play.google.com\/store\/apps\/details?id=com.bag.farm.day.village.farming.games","packageID":"com.GSS317.com.bag.farm.day.village.farming.games"},"showTemplate":1,"s2s_tracking_url":"","activeCreativeID":"3775","scenes":["12","1","8","6","15","2"],"campaignAdType":"Interstitial","productId":"","purchaseBit":0,"licenseKey":""},{"campaignID":"8973","attribution":0,"priority":"5","appToPromote":{"appToPromoteID":"15974","usesDefaultFrameImage":"0","usesDefaultCloseImage":"0","marketURL":"https:\/\/play.google.com\/store\/apps\/details?id=com.mustardgames.bmx.cycle.stunt.mega.ramp.impossibletracks","packageID":"com.mustardgames.bmx.cycle.stunt.mega.ramp.impossibletracks"},"showTemplate":1,"s2s_tracking_url":"https:\/\/play.google.com\/store\/apps\/details?id=com.mustardgames.bmx.cycle.stunt.mega.ramp.impossibletracks","activeCreativeID":"4339","scenes":["12","1","8","6","15","2"],"campaignAdType":"Interstitial","productId":"","purchaseBit":0,"licenseKey":""},{"campaignID":"414","attribution":0,"priority":"3","appToPromote":{"appToPromoteID":"3023","usesDefaultFrameImage":"0","usesDefaultCloseImage":"0","marketURL":"https:\/\/play.google.com\/store\/apps\/details?id=com.appricot2d.rolo.pet.parrot","packageID":"com.appricot2d.rolo.pet.parrot"},"showTemplate":1,"s2s_tracking_url":"https:\/\/play.google.com\/store\/apps\/details?id=com.appricot2d.rolo.pet.parrot","activeCreativeID":"385","scenes":["12","1","8","6","15","2"],"campaignAdType":"Interstitial","productId":"","purchaseBit":0,"licenseKey":""},{"campaignID":"559","attribution":0,"priority":"3","appToPromote":{"appToPromoteID":"3476","usesDefaultFrameImage":"0","usesDefaultCloseImage":"0","marketURL":"https:\/\/play.google.com\/store\/apps\/details?id=com.perspectivegames.real.impossible.tracks.stunts","packageID":"com.perspectivegames.real.impossible.tracks.stunts"},"showTemplate":1,"s2s_tracking_url":"https:\/\/play.google.com\/store\/apps\/details?id=com.perspectivegames.real.impossible.tracks.stunts","activeCreativeID":"649","scenes":["12","1","8","6","15","2"],"campaignAdType":"Interstitial","productId":"","purchaseBit":0,"licenseKey":""},{"campaignID":"741","attribution":0,"priority":"3","appToPromote":{"appToPromoteID":"5609","usesDefaultFrameImage":"0","usesDefaultCloseImage":"0","marketURL":"https:\/\/play.google.com\/store\/apps\/details?id=com.kick.gyroscopic.city.train.driver.simulator","packageID":"com.kick.gyroscopic.city.train.driver.simulator"},"showTemplate":1,"s2s_tracking_url":"https:\/\/play.google.com\/store\/apps\/details?id=com.kick.gyroscopic.city.train.driver.simulator","activeCreativeID":"753","scenes":["12","1","8","6","15","2"],"campaignAdType":"Interstitial","productId":"","purchaseBit":0,"licenseKey":""},{"campaignID":"798","attribution":0,"priority":"3","appToPromote":{"appToPromoteID":"5770","usesDefaultFrameImage":"0","usesDefaultCloseImage":"0","marketURL":"https:\/\/play.google.com\/store\/apps\/details?id=com.simulatorgames3d.alohacelebrations","packageID":"com.simulatorgames3d.alohacelebrations"},"showTemplate":1,"s2s_tracking_url":"https:\/\/play.google.com\/store\/apps\/details?id=com.simulatorgames3d.alohacelebrations","activeCreativeID":"787","scenes":["12","1","8","6","15","2"],"campaignAdType":"Interstitial","productId":"","purchaseBit":0,"licenseKey":""},{"campaignID":"1483","attribution":0,"priority":"3","appToPromote":{"appToPromoteID":"1714","usesDefaultFrameImage":"1","usesDefaultCloseImage":"1","marketURL":"https:\/\/play.google.com\/store\/apps\/details?id=com.playink.cookie.maker","packageID":"com.playink.cookie.maker"},"showTemplate":1,"s2s_tracking_url":"https:\/\/play.google.com\/store\/apps\/details?id=com.playink.cookie.maker","activeCreativeID":"1020","scenes":["12","1","8","6","15","2"],"campaignAdType":"Interstitial","productId":"","purchaseBit":0,"licenseKey":""},{"campaignID":"8762","attribution":0,"priority":"2","appToPromote":{"appToPromoteID":"13265","usesDefaultFrameImage":"0","usesDefaultCloseImage":"0","marketURL":"https:\/\/play.google.com\/store\/apps\/details?id=com.rhg.tricky.bike.stunt.moto.master","packageID":"com.rhg.tricky.bike.stunt.moto.master"},"showTemplate":1,"s2s_tracking_url":"https:\/\/play.google.com\/store\/apps\/details?id=com.rhg.tricky.bike.stunt.moto.master","activeCreativeID":"4121","scenes":["12","1","8","6","15","2"],"campaignAdType":"Rewarded Video","productId":"","purchaseBit":0,"licenseKey":""},{"campaignID":"9366","attribution":0,"priority":"2","appToPromote":{"appToPromoteID":"17602","usesDefaultFrameImage":"0","usesDefaultCloseImage":"0","marketURL":"https:\/\/play.google.com\/store\/apps\/details?id=com.abaenglish.videoclass&amp;referrer=utm_source=42matters.com&amp;utm_medium=api","packageID":"com.abaenglish.videoclass"},"showTemplate":1,"s2s_tracking_url":"https:\/\/play.google.com\/store\/apps\/details?id=com.abaenglish.videoclass&amp;referrer=utm_source=42matters.com&amp;utm_medium=api","activeCreativeID":"4815","scenes":["12","1","8","6","15","2"],"campaignAdType":"Interstitial","productId":"","purchaseBit":0,"licenseKey":""},{"campaignID":"9367","attribution":0,"priority":"2","appToPromote":{"appToPromoteID":"17602","usesDefaultFrameImage":"0","usesDefaultCloseImage":"0","marketURL":"https:\/\/play.google.com\/store\/apps\/details?id=com.abaenglish.videoclass&amp;referrer=utm_source=42matters.com&amp;utm_medium=api","packageID":"com.abaenglish.videoclass"},"showTemplate":1,"s2s_tracking_url":"https:\/\/play.google.com\/store\/apps\/details?id=com.abaenglish.videoclass&amp;referrer=utm_source=42matters.com&amp;utm_medium=api","activeCreativeID":"4815","scenes":["12","1","8","6","15","2"],"campaignAdType":"Interstitial","productId":"","purchaseBit":0,"licenseKey":""},{"campaignID":"9368","attribution":0,"priority":"2","appToPromote":{"appToPromoteID":"17602","usesDefaultFrameImage":"0","usesDefaultCloseImage":"0","marketURL":"https:\/\/play.google.com\/store\/apps\/details?id=com.abaenglish.videoclass&amp;referrer=utm_source=42matters.com&amp;utm_medium=api","packageID":"com.abaenglish.videoclass"},"showTemplate":1,"s2s_tracking_url":"https:\/\/play.google.com\/store\/apps\/details?id=com.abaenglish.videoclass&amp;referrer=utm_source=42matters.com&amp;utm_medium=api","activeCreativeID":"4815","scenes":["12","1","8","6","15","2"],"campaignAdType":"Interstitial","productId":"","purchaseBit":0,"licenseKey":""}],"refreshAdRate":30,"mode":"Production","aspectRatio":"4_3","cdnPath":"https:\/\/df8ymybeo92md.cloudfront.net\/images\/","sentry_log":0,"local_logging":0,"sentry_dsn":"https:\/\/93ffa1c9a4124f67b8888a53265f751a:bbf998e04584477fa9a145838e9d3b26@sentry.io\/168994","sentry_initialization":1,"sentry_debugging":0,"bannerSizes":["5"],"aspectRatioVideo":"16_9","app_id":"1722","showPreRewardedDialogue":0,"showPostRewardedDialogue":0,"rewardCurrency":"coins","rewardValue":0,"isSkipable":0,"privacyPolicyURL":"https:\/\/www.consoliads.com\/privacy-policy\/","sessionToken":"6mlJa3mKVpd0ecs0hx3cyf0LwPW03lC22VfyxwGvM\/41AWeKoQAPSDMvq7ez21jkIbpBnxxBXZeKWv4\/oXvDVHIoUllozKRAdd9hBToD1Mus9ZY7K0wg+Hp3WQZCN0ZJolz\/FxeWJ\/uSm95kbJi+yDPxpXbpbvqznjgee3GwgKs="}
Session token value is set


{"appKey":"a3fd0355e69506375fb1411dd7b6a600","deviceID":"35","stats":[{"campaignID":85,"packageID":"com.gss.offroad.uphill.extremetruckdriver","sceneStats":[{"sceneID":"1","eventStats":"301,201,101,1,1,0,0"}]}],"sdkVersion":"39","sessionToken":"6mlJa3mKVpd0ecs0hx3cyf0LwPW03lC22VfyxwGvM\/41AWeKoQAPSDMvq7ez21jkIbpBnxxBXZeKWv4\/oXvDVHIoUllozKRAdd9hBToD1Mus9ZY7K0wg+Hp3WQZCN0ZJolz\/FxeWJ\/uSm95kbJi+yDPxpXbpbvqznjgee3GwgKs="}
cache_ttl value is correct

Refresh Ad Rate value is correct
mode value is set

 Aspect ratio value is correct
sentry_log value is set
local_logging value is set
sentry_initialization value is set
sentry_debugging value is set
showPreRewardedDialogue value is set
showPostRewardedDialogue value is set
isSkipable value is set
{"cache_ttl":10080,"cache_ttl_rewarded":10080,"cache_ttl_banner":10080,"cache_ttl_native":10080,"cache_ttl_icon":10080,"campaigns":[{"campaignID":"8378","attribution":0,"priority":"8","appToPromote":{"appToPromoteID":"16480","usesDefaultFrameImage":"0","usesDefaultCloseImage":"0","marketURL":"https:\/\/play.google.com\/store\/apps\/details?id=com.nag.home.manager.working.virtual.mom","packageID":"com.GSS317.AmazingFamily"},"showTemplate":1,"s2s_tracking_url":"https:\/\/play.google.com\/store\/apps\/details?id=com.nag.home.manager.working.virtual.mom","activeCreativeID":"3720","scenes":["12","1","8","6","15","2"],"campaignAdType":"Interstitial","productId":"","purchaseBit":0,"licenseKey":""},{"campaignID":"9547","attribution":0,"priority":"8","appToPromote":{"appToPromoteID":"11879","usesDefaultFrameImage":"0","usesDefaultCloseImage":"0","marketURL":"https:\/\/play.google.com\/store\/apps\/details?id=com.buntoo.car.racing.games","packageID":"com.buntoo.car.racing.games"},"showTemplate":1,"s2s_tracking_url":"https:\/\/play.google.com\/store\/apps\/details?id=com.buntoo.car.racing.games","activeCreativeID":"4964","scenes":["12","1","8","6","15","2"],"campaignAdType":"Interstitial","productId":"","purchaseBit":0,"licenseKey":""},{"campaignID":"9586","attribution":0,"priority":"8","appToPromote":{"appToPromoteID":"515","usesDefaultFrameImage":"1","usesDefaultCloseImage":"1","marketURL":"https:\/\/play.google.com\/store\/apps\/details?id=com.plum.cash.counter.simualtor","packageID":"com.plum.cash.counter.simualtor"},"showTemplate":1,"s2s_tracking_url":"https:\/\/play.google.com\/store\/apps\/details?id=com.plum.cash.counter.simualtor","activeCreativeID":"50","scenes":["12","1","8","6","15","2"],"campaignAdType":"Interstitial","productId":"","purchaseBit":0,"licenseKey":""},{"campaignID":"9587","attribution":0,"priority":"8","appToPromote":{"appToPromoteID":"515","usesDefaultFrameImage":"1","usesDefaultCloseImage":"1","marketURL":"https:\/\/play.google.com\/store\/apps\/details?id=com.plum.cash.counter.simualtor","packageID":"com.plum.cash.counter.simualtor"},"showTemplate":1,"s2s_tracking_url":"https:\/\/play.google.com\/store\/apps\/details?id=com.plum.cash.counter.simualtor","activeCreativeID":"50","scenes":["12","1","8","6","15","2"],"campaignAdType":"Interstitial","productId":"","purchaseBit":0,"licenseKey":""},{"campaignID":"9588","attribution":0,"priority":"8","appToPromote":{"appToPromoteID":"515","usesDefaultFrameImage":"1","usesDefaultCloseImage":"1","marketURL":"https:\/\/play.google.com\/store\/apps\/details?id=com.plum.cash.counter.simualtor","packageID":"com.plum.cash.counter.simualtor"},"showTemplate":1,"s2s_tracking_url":"https:\/\/play.google.com\/store\/apps\/details?id=com.plum.cash.counter.simualtor","activeCreativeID":"50","scenes":["12","1","8","6","15","2"],"campaignAdType":"Interstitial","productId":"","purchaseBit":0,"licenseKey":""},{"campaignID":"9589","attribution":0,"priority":"8","appToPromote":{"appToPromoteID":"515","usesDefaultFrameImage":"1","usesDefaultCloseImage":"1","marketURL":"https:\/\/play.google.com\/store\/apps\/details?id=com.plum.cash.counter.simualtor","packageID":"com.plum.cash.counter.simualtor"},"showTemplate":1,"s2s_tracking_url":"https:\/\/play.google.com\/store\/apps\/details?id=com.plum.cash.counter.simualtor","activeCreativeID":"50","scenes":["12","1","8","6","15","2"],"campaignAdType":"Interstitial","productId":"","purchaseBit":0,"licenseKey":""},{"campaignID":"9131","attribution":0,"priority":"8","appToPromote":{"appToPromoteID":"17532","usesDefaultFrameImage":"0","usesDefaultCloseImage":"0","marketURL":"https:\/\/play.google.com\/store\/apps\/details?id=com.dhgate.buyermob","packageID":"com.dhgate.buyermob"},"showTemplate":1,"s2s_tracking_url":"https:\/\/tha.gotrackier.com\/click?campaign_id=63254\\u0026pub_id=75?p1=1830_9131_35&amp;source=6841&amp;app_name=UphillExtremeTruckDriver3D&amp;gaid=35","activeCreativeID":"4483","scenes":["12","1","8","6","15","2"],"campaignAdType":"Interstitial","productId":"","purchaseBit":0,"licenseKey":""},{"campaignID":"8380","attribution_link":"","attribution":1,"priority":"7","appToPromote":{"appToPromoteID":"16480","usesDefaultFrameImage":"0","usesDefaultCloseImage":"0","marketURL":"https:\/\/play.google.com\/store\/apps\/details?id=com.nag.home.manager.working.virtual.mom","packageID":"com.GSS317.AmazingFamily"},"showTemplate":1,"s2s_tracking_url":"","activeCreativeID":"3720","scenes":["12","1","8","6","15","2"],"campaignAdType":"Interstitial","productId":"","purchaseBit":0,"licenseKey":""},{"campaignID":"444","attribution":0,"priority":"6","appToPromote":{"appToPromoteID":"3355","usesDefaultFrameImage":"0","usesDefaultCloseImage":"0","marketURL":"https:\/\/play.google.com\/store\/apps\/details?id=com.popnsons.parkour.mouse","packageID":"com.popnsons.parkour.mouse"},"showTemplate":1,"s2s_tracking_url":"https:\/\/play.google.com\/store\/apps\/details?id=com.popnsons.parkour.mouse","activeCreativeID":"469","scenes":["12","1","8","6","15","2"],"campaignAdType":"Interstitial","productId":"","purchaseBit":0,"licenseKey":""},{"campaignID":"561","attribution":0,"priority":"6","appToPromote":{"appToPromoteID":"5026","usesDefaultFrameImage":"0","usesDefaultCloseImage":"0","marketURL":"https:\/\/play.google.com\/store\/apps\/details?id=com.as.cashupapp","packageID":"com.as.cashupapp"},"showTemplate":1,"s2s_tracking_url":"https:\/\/play.google.com\/store\/apps\/details?id=com.as.cashupapp","activeCreativeID":"652","scenes":["12","1","8","6","15","2"],"campaignAdType":"Interstitial","productId":"","purchaseBit":0,"licenseKey":""},{"campaignID":"570","attribution":0,"priority":"6","appToPromote":{"appToPromoteID":"3802","usesDefaultFrameImage":"0","usesDefaultCloseImage":"0","marketURL":"https:\/\/play.google.com\/store\/apps\/details?id=com.Madxstudios.Flickshootsoccer","packageID":"com.Madxstudios.Flickshootsoccer"},"showTemplate":1,"s2s_tracking_url":"https:\/\/play.google.com\/store\/apps\/details?id=com.Madxstudios.Flickshootsoccer","activeCreativeID":"661","scenes":["12","1","8","6","15","2"],"campaignAdType":"Interstitial","productId":"","purchaseBit":0,"licenseKey":""},{"campaignID":"588","attribution":0,"priority":"6","appToPromote":{"appToPromoteID":"5026","usesDefaultFrameImage":"0","usesDefaultCloseImage":"0","marketURL":"https:\/\/play.google.com\/store\/apps\/details?id=com.as.cashupapp","packageID":"com.as.cashupapp"},"showTemplate":1,"s2s_tracking_url":"https:\/\/play.google.com\/store\/apps\/details?id=com.as.cashupapp","activeCreativeID":"652","scenes":["12","1","8","6","15","2"],"campaignAdType":"Interstitial","productId":"","purchaseBit":0,"licenseKey":""},{"campaignID":"8808","attribution_link":"","attribution":1,"priority":"5","appToPromote":{"appToPromoteID":"16528","usesDefaultFrameImage":"0","usesDefaultCloseImage":"0","marketURL":"https:\/\/play.google.com\/store\/apps\/details?id=com.bag.farm.day.village.farming.games","packageID":"com.GSS317.com.bag.farm.day.village.farming.games"},"showTemplate":1,"s2s_tracking_url":"","activeCreativeID":"3775","scenes":["12","1","8","6","15","2"],"campaignAdType":"Interstitial","productId":"","purchaseBit":0,"licenseKey":""},{"campaignID":"8876","attribution":0,"priority":"5","appToPromote":{"appToPromoteID":"15640","usesDefaultFrameImage":"0","usesDefaultCloseImage":"0","marketURL":"https:\/\/play.google.com\/store\/apps\/details?id=com.pgz.police.bike.stunt.ramp.bike.racing.games","packageID":"com.pgz.police.bike.stunt.ramp.bike.racing.games"},"showTemplate":1,"s2s_tracking_url":"https:\/\/play.google.com\/store\/apps\/details?id=com.pgz.police.bike.stunt.ramp.bike.racing.games","activeCreativeID":"4236","scenes":["12","1","8","6","15","2"],"campaignAdType":"Interstitial","productId":"","purchaseBit":0,"licenseKey":""},{"campaignID":"8973","attribution":0,"priority":"5","appToPromote":{"appToPromoteID":"15974","usesDefaultFrameImage":"0","usesDefaultCloseImage":"0","marketURL":"https:\/\/play.google.com\/store\/apps\/details?id=com.mustardgames.bmx.cycle.stunt.mega.ramp.impossibletracks","packageID":"com.mustardgames.bmx.cycle.stunt.mega.ramp.impossibletracks"},"showTemplate":1,"s2s_tracking_url":"https:\/\/play.google.com\/store\/apps\/details?id=com.mustardgames.bmx.cycle.stunt.mega.ramp.impossibletracks","activeCreativeID":"4339","scenes":["12","1","8","6","15","2"],"campaignAdType":"Interstitial","productId":"","purchaseBit":0,"licenseKey":""},{"campaignID":"557","attribution":0,"priority":"4","appToPromote":{"appToPromoteID":"4959","usesDefaultFrameImage":"0","usesDefaultCloseImage":"0","marketURL":"https:\/\/play.google.com\/store\/apps\/details?id=com.jet.plane.surfers.joyride.dash","packageID":"com.jet.plane.surfers.joyride.dash"},"showTemplate":1,"s2s_tracking_url":"https:\/\/play.google.com\/store\/apps\/details?id=com.jet.plane.surfers.joyride.dash","activeCreativeID":"645","scenes":["12","1","8","6","15","2"],"campaignAdType":"Interstitial","productId":"","purchaseBit":0,"licenseKey":""},{"campaignID":"414","attribution":0,"priority":"3","appToPromote":{"appToPromoteID":"3023","usesDefaultFrameImage":"0","usesDefaultCloseImage":"0","marketURL":"https:\/\/play.google.com\/store\/apps\/details?id=com.appricot2d.rolo.pet.parrot","packageID":"com.appricot2d.rolo.pet.parrot"},"showTemplate":1,"s2s_tracking_url":"https:\/\/play.google.com\/store\/apps\/details?id=com.appricot2d.rolo.pet.parrot","activeCreativeID":"385","scenes":["12","1","8","6","15","2"],"campaignAdType":"Interstitial","productId":"","purchaseBit":0,"licenseKey":""},{"campaignID":"559","attribution":0,"priority":"3","appToPromote":{"appToPromoteID":"3476","usesDefaultFrameImage":"0","usesDefaultCloseImage":"0","marketURL":"https:\/\/play.google.com\/store\/apps\/details?id=com.perspectivegames.real.impossible.tracks.stunts","packageID":"com.perspectivegames.real.impossible.tracks.stunts"},"showTemplate":1,"s2s_tracking_url":"https:\/\/play.google.com\/store\/apps\/details?id=com.perspectivegames.real.impossible.tracks.stunts","activeCreativeID":"649","scenes":["12","1","8","6","15","2"],"campaignAdType":"Interstitial","productId":"","purchaseBit":0,"licenseKey":""},{"campaignID":"741","attribution":0,"priority":"3","appToPromote":{"appToPromoteID":"5609","usesDefaultFrameImage":"0","usesDefaultCloseImage":"0","marketURL":"https:\/\/play.google.com\/store\/apps\/details?id=com.kick.gyroscopic.city.train.driver.simulator","packageID":"com.kick.gyroscopic.city.train.driver.simulator"},"showTemplate":1,"s2s_tracking_url":"https:\/\/play.google.com\/store\/apps\/details?id=com.kick.gyroscopic.city.train.driver.simulator","activeCreativeID":"753","scenes":["12","1","8","6","15","2"],"campaignAdType":"Interstitial","productId":"","purchaseBit":0,"licenseKey":""},{"campaignID":"798","attribution":0,"priority":"3","appToPromote":{"appToPromoteID":"5770","usesDefaultFrameImage":"0","usesDefaultCloseImage":"0","marketURL":"https:\/\/play.google.com\/store\/apps\/details?id=com.simulatorgames3d.alohacelebrations","packageID":"com.simulatorgames3d.alohacelebrations"},"showTemplate":1,"s2s_tracking_url":"https:\/\/play.google.com\/store\/apps\/details?id=com.simulatorgames3d.alohacelebrations","activeCreativeID":"787","scenes":["12","1","8","6","15","2"],"campaignAdType":"Interstitial","productId":"","purchaseBit":0,"licenseKey":""},{"campaignID":"1483","attribution":0,"priority":"3","appToPromote":{"appToPromoteID":"1714","usesDefaultFrameImage":"1","usesDefaultCloseImage":"1","marketURL":"https:\/\/play.google.com\/store\/apps\/details?id=com.playink.cookie.maker","packageID":"com.playink.cookie.maker"},"showTemplate":1,"s2s_tracking_url":"https:\/\/play.google.com\/store\/apps\/details?id=com.playink.cookie.maker","activeCreativeID":"1020","scenes":["12","1","8","6","15","2"],"campaignAdType":"Interstitial","productId":"","purchaseBit":0,"licenseKey":""},{"campaignID":"8762","attribution":0,"priority":"2","appToPromote":{"appToPromoteID":"13265","usesDefaultFrameImage":"0","usesDefaultCloseImage":"0","marketURL":"https:\/\/play.google.com\/store\/apps\/details?id=com.rhg.tricky.bike.stunt.moto.master","packageID":"com.rhg.tricky.bike.stunt.moto.master"},"showTemplate":1,"s2s_tracking_url":"https:\/\/play.google.com\/store\/apps\/details?id=com.rhg.tricky.bike.stunt.moto.master","activeCreativeID":"4121","scenes":["12","1","8","6","15","2"],"campaignAdType":"Rewarded Video","productId":"","purchaseBit":0,"licenseKey":""},{"campaignID":"8971","attribution":0,"priority":"2","appToPromote":{"appToPromoteID":"15640","usesDefaultFrameImage":"0","usesDefaultCloseImage":"0","marketURL":"https:\/\/play.google.com\/store\/apps\/details?id=com.pgz.police.bike.stunt.ramp.bike.racing.games","packageID":"com.pgz.police.bike.stunt.ramp.bike.racing.games"},"showTemplate":1,"s2s_tracking_url":"https:\/\/play.google.com\/store\/apps\/details?id=com.pgz.police.bike.stunt.ramp.bike.racing.games","activeCreativeID":"4236","scenes":["12","1","8","6","15","2"],"campaignAdType":"Interstitial","productId":"","purchaseBit":0,"licenseKey":""},{"campaignID":"9366","attribution":0,"priority":"2","appToPromote":{"appToPromoteID":"17602","usesDefaultFrameImage":"0","usesDefaultCloseImage":"0","marketURL":"https:\/\/play.google.com\/store\/apps\/details?id=com.abaenglish.videoclass&amp;referrer=utm_source=42matters.com&amp;utm_medium=api","packageID":"com.abaenglish.videoclass"},"showTemplate":1,"s2s_tracking_url":"https:\/\/play.google.com\/store\/apps\/details?id=com.abaenglish.videoclass&amp;referrer=utm_source=42matters.com&amp;utm_medium=api","activeCreativeID":"4815","scenes":["12","1","8","6","15","2"],"campaignAdType":"Interstitial","productId":"","purchaseBit":0,"licenseKey":""},{"campaignID":"9367","attribution":0,"priority":"2","appToPromote":{"appToPromoteID":"17602","usesDefaultFrameImage":"0","usesDefaultCloseImage":"0","marketURL":"https:\/\/play.google.com\/store\/apps\/details?id=com.abaenglish.videoclass&amp;referrer=utm_source=42matters.com&amp;utm_medium=api","packageID":"com.abaenglish.videoclass"},"showTemplate":1,"s2s_tracking_url":"https:\/\/play.google.com\/store\/apps\/details?id=com.abaenglish.videoclass&amp;referrer=utm_source=42matters.com&amp;utm_medium=api","activeCreativeID":"4815","scenes":["12","1","8","6","15","2"],"campaignAdType":"Interstitial","productId":"","purchaseBit":0,"licenseKey":""},{"campaignID":"9368","attribution":0,"priority":"2","appToPromote":{"appToPromoteID":"17602","usesDefaultFrameImage":"0","usesDefaultCloseImage":"0","marketURL":"https:\/\/play.google.com\/store\/apps\/details?id=com.abaenglish.videoclass&amp;referrer=utm_source=42matters.com&amp;utm_medium=api","packageID":"com.abaenglish.videoclass"},"showTemplate":1,"s2s_tracking_url":"https:\/\/play.google.com\/store\/apps\/details?id=com.abaenglish.videoclass&amp;referrer=utm_source=42matters.com&amp;utm_medium=api","activeCreativeID":"4815","scenes":["12","1","8","6","15","2"],"campaignAdType":"Interstitial","productId":"","purchaseBit":0,"licenseKey":""},{"campaignID":"9369","attribution":0,"priority":"2","appToPromote":{"appToPromoteID":"17602","usesDefaultFrameImage":"0","usesDefaultCloseImage":"0","marketURL":"https:\/\/play.google.com\/store\/apps\/details?id=com.abaenglish.videoclass&amp;referrer=utm_source=42matters.com&amp;utm_medium=api","packageID":"com.abaenglish.videoclass"},"showTemplate":1,"s2s_tracking_url":"https:\/\/play.google.com\/store\/apps\/details?id=com.abaenglish.videoclass&amp;referrer=utm_source=42matters.com&amp;utm_medium=api","activeCreativeID":"4815","scenes":["12","1","8","6","15","2"],"campaignAdType":"Interstitial","productId":"","purchaseBit":0,"licenseKey":""}],"refreshAdRate":30,"mode":"Production","aspectRatio":"4_3","cdnPath":"https:\/\/df8ymybeo92md.cloudfront.net\/images\/","sentry_log":0,"local_logging":0,"sentry_dsn":"https:\/\/93ffa1c9a4124f67b8888a53265f751a:bbf998e04584477fa9a145838e9d3b26@sentry.io\/168994","sentry_initialization":1,"sentry_debugging":0,"bannerSizes":["5"],"aspectRatioVideo":"16_9","app_id":"1830","showPreRewardedDialogue":0,"showPostRewardedDialogue":0,"rewardCurrency":"coins","rewardValue":0,"isSkipable":0,"privacyPolicyURL":"https:\/\/www.consoliads.com\/privacy-policy\/","sessionToken":"6LKqiefZ8AEwhnRSa7grENRPcRggaff9bEOz4jxwsCK\/gWPa2KzrSZyQ5zFygn\/zgtGPeTB+gWRneztrgh03TCVlRz7e0PzPMQpRdTF7SBPAjR\/7u9kr0GO+EZMP0Tri6Z0CCN6WfWPTEixz2cWmtXKHlTLQg7itx0g3zk1yYwM="}
Session token value is set


{"appKey":"fd17f17f557e8305ce7ec87b54f27e59","deviceID":"9587","stats":[{"campaignID":86,"packageID":"com.vg.demolition.derby.extreme.car.stunts","sceneStats":[{"sceneID":"24","eventStats":"395,295,195,95,95,0,0"}]}],"sdkVersion":"2163","sessionToken":"6LKqiefZ8AEwhnRSa7grENRPcRggaff9bEOz4jxwsCK\/gWPa2KzrSZyQ5zFygn\/zgtGPeTB+gWRneztrgh03TCVlRz7e0PzPMQpRdTF7SBPAjR\/7u9kr0GO+EZMP0Tri6Z0CCN6WfWPTEixz2cWmtXKHlTLQg7itx0g3zk1yYwM="}
cache_ttl value is correct

Title value is correct

Title value is correct

Title value is correct

Title value is correct

Title value is correct

Title value is correct

Refresh Ad Rate value is correct
mode value is set

 Aspect ratio value is correct
sentry_log value is set
local_logging value is set
sentry_initialization value is set
sentry_debugging value is set
showPreRewardedDialogue value is set
showPostRewardedDialogue value is set
isSkipable value is set
{"cache_ttl":10080,"cache_ttl_rewarded":10080,"cache_ttl_banner":10080,"cache_ttl_native":10080,"cache_ttl_icon":10080,"campaigns":[{"campaignID":"8226","attribution":0,"priority":"8","appToPromote":{"appToPromoteID":"12623","usesDefaultFrameImage":"0","usesDefaultCloseImage":"0","marketURL":"https:\/\/play.google.com\/store\/apps\/details?id=com.igg.android.lordsmobile&amp;referrer=utm_source=42matters.com&amp;utm_medium=api","packageID":"com.nooribrand.android.lordsmobile"},"showTemplate":1,"s2s_tracking_url":"https:\/\/play.google.com\/store\/apps\/details?id=com.igg.android.lordsmobile&amp;referrer=utm_source=42matters.com&amp;utm_medium=api","activeCreativeID":"3557","scenes":["12","1","8","6","15","2"],"campaignAdType":"Icon","productId":"","purchaseBit":0,"licenseKey":""},{"campaignID":"8378","attribution":0,"priority":"8","appToPromote":{"appToPromoteID":"16480","usesDefaultFrameImage":"0","usesDefaultCloseImage":"0","marketURL":"https:\/\/play.google.com\/store\/apps\/details?id=com.nag.home.manager.working.virtual.mom","packageID":"com.GSS317.AmazingFamily"},"showTemplate":1,"s2s_tracking_url":"https:\/\/play.google.com\/store\/apps\/details?id=com.nag.home.manager.working.virtual.mom","activeCreativeID":"3720","scenes":["12","1","8","6","15","2"],"campaignAdType":"Interstitial","productId":"","purchaseBit":0,"licenseKey":""},{"campaignID":"8613","attribution":0,"priority":"8","appToPromote":{"appToPromoteID":"12623","usesDefaultFrameImage":"0","usesDefaultCloseImage":"0","marketURL":"https:\/\/play.google.com\/store\/apps\/details?id=com.igg.android.lordsmobile&amp;referrer=utm_source=42matters.com&amp;utm_medium=api","packageID":"com.nooribrand.android.lordsmobile"},"showTemplate":1,"s2s_tracking_url":"https:\/\/play.google.com\/store\/apps\/details?id=com.igg.android.lordsmobile&amp;referrer=utm_source=42matters.com&amp;utm_medium=api","activeCreativeID":"3557","scenes":["12","1","8","6","15","2"],"campaignAdType":"Icon","productId":"","purchaseBit":0,"licenseKey":""},{"campaignID":"9252","attribution":0,"priority":"8","appToPromote":{"appToPromoteID":"12315","usesDefaultFrameImage":"0","usesDefaultCloseImage":"0","marketURL":"google.com","packageID":"com.qabrand.plnative"},"showTemplate":1,"s2s_tracking_url":"google.com","activeCreativeID":"4683","scenes":["12","1","8","6","15","2"],"campaignAdType":"Native","title":"Native first","subTitle":"First ","description":"New description","adClickThroughText":"FIRST Button","productId":"","purchaseBit":0,"licenseKey":""},{"campaignID":"9253","attribution":0,"priority":"8","appToPromote":{"appToPromoteID":"12315","usesDefaultFrameImage":"0","usesDefaultCloseImage":"0","marketURL":"google.com","packageID":"com.qabrand.plnative"},"showTemplate":1,"s2s_tracking_url":"google.com","activeCreativeID":"4683","scenes":["12","1","8","6","15","2"],"campaignAdType":"Native","title":"Native first","subTitle":"First ","description":"New description","adClickThroughText":"FIRST Button","productId":"","purchaseBit":0,"licenseKey":""},{"campaignID":"9255","attribution":0,"priority":"8","appToPromote":{"appToPromoteID":"13274","usesDefaultFrameImage":"0","usesDefaultCloseImage":"0","marketURL":"https:\/\/play.google.com\/store\/apps\/details?id=com.facebook.katana","packageID":"com.salon.adsalon"},"showTemplate":1,"s2s_tracking_url":"https:\/\/play.google.com\/store\/apps\/details?id=com.facebook.katana","activeCreativeID":"4685","scenes":["12","1","8","6","15","2"],"campaignAdType":"Native","title":"native NA ","subTitle":"native NA ","description":"native NA added","adClickThroughText":"native NA ","productId":"","purchaseBit":0,"licenseKey":""},{"campaignID":"9257","attribution":0,"priority":"8","appToPromote":{"appToPromoteID":"12286","usesDefaultFrameImage":"0","usesDefaultCloseImage":"0","marketURL":"google.com","packageID":"com.qabrand.Chartboost_Native"},"showTemplate":1,"s2s_tracking_url":"google.com","activeCreativeID":"4688","scenes":["12","1","8","6","15","2"],"campaignAdType":"Native","title":"Native second updated","subTitle":"Native second ","description":"Native second details","adClickThroughText":"Native second ","productId":"","purchaseBit":0,"licenseKey":""},{"campaignID":"9263","attribution":0,"priority":"8","appToPromote":{"appToPromoteID":"12315","usesDefaultFrameImage":"0","usesDefaultCloseImage":"0","marketURL":"google.com","packageID":"com.qabrand.plnative"},"showTemplate":1,"s2s_tracking_url":"google.com","activeCreativeID":"4694","scenes":["12","1","8","6","15","2"],"campaignAdType":"Native","title":"test","subTitle":"test","description":" test details update","adClickThroughText":"test","productId":"","purchaseBit":0,"licenseKey":""},{"campaignID":"9547","attribution":0,"priority":"8","appToPromote":{"appToPromoteID":"11879","usesDefaultFrameImage":"0","usesDefaultCloseImage":"0","marketURL":"https:\/\/play.google.com\/store\/apps\/details?id=com.buntoo.car.racing.games","packageID":"com.buntoo.car.racing.games"},"showTemplate":1,"s2s_tracking_url":"https:\/\/play.google.com\/store\/apps\/details?id=com.buntoo.car.racing.games","activeCreativeID":"4964","scenes":["12","1","8","6","15","2"],"campaignAdType":"Interstitial","productId":"","purchaseBit":0,"licenseKey":""},{"campaignID":"9586","attribution":0,"priority":"8","appToPromote":{"appToPromoteID":"515","usesDefaultFrameImage":"1","usesDefaultCloseImage":"1","marketURL":"https:\/\/play.google.com\/store\/apps\/details?id=com.plum.cash.counter.simualtor","packageID":"com.plum.cash.counter.simualtor"},"showTemplate":1,"s2s_tracking_url":"https:\/\/play.google.com\/store\/apps\/details?id=com.plum.cash.counter.simualtor","activeCreativeID":"50","scenes":["12","1","8","6","15","2"],"campaignAdType":"Interstitial","productId":"","purchaseBit":0,"licenseKey":""},{"campaignID":"9587","attribution":0,"priority":"8","appToPromote":{"appToPromoteID":"515","usesDefaultFrameImage":"1","usesDefaultCloseImage":"1","marketURL":"https:\/\/play.google.com\/store\/apps\/details?id=com.plum.cash.counter.simualtor","packageID":"com.plum.cash.counter.simualtor"},"showTemplate":1,"s2s_tracking_url":"https:\/\/play.google.com\/store\/apps\/details?id=com.plum.cash.counter.simualtor","activeCreativeID":"50","scenes":["12","1","8","6","15","2"],"campaignAdType":"Interstitial","productId":"","purchaseBit":0,"licenseKey":""},{"campaignID":"9588","attribution":0,"priority":"8","appToPromote":{"appToPromoteID":"515","usesDefaultFrameImage":"1","usesDefaultCloseImage":"1","marketURL":"https:\/\/play.google.com\/store\/apps\/details?id=com.plum.cash.counter.simualtor","packageID":"com.plum.cash.counter.simualtor"},"showTemplate":1,"s2s_tracking_url":"https:\/\/play.google.com\/store\/apps\/details?id=com.plum.cash.counter.simualtor","activeCreativeID":"50","scenes":["12","1","8","6","15","2"],"campaignAdType":"Interstitial","productId":"","purchaseBit":0,"licenseKey":""},{"campaignID":"9589","attribution":0,"priority":"8","appToPromote":{"appToPromoteID":"515","usesDefaultFrameImage":"1","usesDefaultCloseImage":"1","marketURL":"https:\/\/play.google.com\/store\/apps\/details?id=com.plum.cash.counter.simualtor","packageID":"com.plum.cash.counter.simualtor"},"showTemplate":1,"s2s_tracking_url":"https:\/\/play.google.com\/store\/apps\/details?id=com.plum.cash.counter.simualtor","activeCreativeID":"50","scenes":["12","1","8","6","15","2"],"campaignAdType":"Interstitial","productId":"","purchaseBit":0,"licenseKey":""},{"campaignID":"9599","attribution":0,"priority":"8","appToPromote":{"appToPromoteID":"515","usesDefaultFrameImage":"1","usesDefaultCloseImage":"1","marketURL":"https:\/\/play.google.com\/store\/apps\/details?id=com.plum.cash.counter.simualtor","packageID":"com.plum.cash.counter.simualtor"},"showTemplate":1,"s2s_tracking_url":"https:\/\/play.google.com\/store\/apps\/details?id=com.plum.cash.counter.simualtor","activeCreativeID":"5001","scenes":["12","1","8","6","15","2"],"campaignAdType":"Icon","productId":"","purchaseBit":0,"licenseKey":""},{"campaignID":"9127","attribution":0,"priority":"8","appToPromote":{"appToPromoteID":"17528","usesDefaultFrameImage":"0","usesDefaultCloseImage":"0","marketURL":"https:\/\/play.google.com\/store\/apps\/details?id=net.one97.paytm","packageID":"net.one97.paytm"},"showTemplate":1,"s2s_tracking_url":"https:\/\/tha.gotrackier.com\/click?campaign_id=63249\\u0026pub_id=75?p1=1823_9127_9587&amp;source=6841&amp;app_name=DemolitionDerbyXtremeRacing&amp;gaid=9587","activeCreativeID":"4788","scenes":["12","1","8","6","15","2"],"campaignAdType":"Native","title":"BCA","subTitle":"FW","description":"nope","adClickThroughText":"Link","productId":"","purchaseBit":0,"licenseKey":""},{"campaignID":"9131","attribution":0,"priority":"8","appToPromote":{"appToPromoteID":"17532","usesDefaultFrameImage":"0","usesDefaultCloseImage":"0","marketURL":"https:\/\/play.google.com\/store\/apps\/details?id=com.dhgate.buyermob","packageID":"com.dhgate.buyermob"},"showTemplate":1,"s2s_tracking_url":"https:\/\/tha.gotrackier.com\/click?campaign_id=63254\\u0026pub_id=75?p1=1823_9131_9587&amp;source=6841&amp;app_name=DemolitionDerbyXtremeRacing&amp;gaid=9587","activeCreativeID":"4483","scenes":["12","1","8","6","15","2"],"campaignAdType":"Interstitial","productId":"","purchaseBit":0,"licenseKey":""},{"campaignID":"8380","attribution_link":"","attribution":1,"priority":"7","appToPromote":{"appToPromoteID":"16480","usesDefaultFrameImage":"0","usesDefaultCloseImage":"0","marketURL":"https:\/\/play.google.com\/store\/apps\/details?id=com.nag.home.manager.working.virtual.mom","packageID":"com.GSS317.AmazingFamily"},"showTemplate":1,"s2s_tracking_url":"","activeCreativeID":"3720","scenes":["12","1","8","6","15","2"],"campaignAdType":"Interstitial","productId":"","purchaseBit":0,"licenseKey":""},{"campaignID":"444","attribution":0,"priority":"6","appToPromote":{"appToPromoteID":"3355","usesDefaultFrameImage":"0","usesDefaultCloseImage":"0","marketURL":"https:\/\/play.google.com\/store\/apps\/details?id=com.popnsons.parkour.mouse","packageID":"com.popnsons.parkour.mouse"},"showTemplate":1,"s2s_tracking_url":"https:\/\/play.google.com\/store\/apps\/details?id=com.popnsons.parkour.mouse","activeCreativeID":"469","scenes":["12","1","8","6","15","2"],"campaignAdType":"Interstitial","productId":"","purchaseBit":0,"licenseKey":""},{"campaignID":"561","attribution":0,"priority":"6","appToPromote":{"appToPromoteID":"5026","usesDefaultFrameImage":"0","usesDefaultCloseImage":"0","marketURL":"https:\/\/play.google.com\/store\/apps\/details?id=com.as.cashupapp","packageID":"com.as.cashupapp"},"showTemplate":1,"s2s_tracking_url":"https:\/\/play.google.com\/store\/apps\/details?id=com.as.cashupapp","activeCreativeID":"652","scenes":["12","1","8","6","15","2"],"campaignAdType":"Interstitial","productId":"","purchaseBit":0,"licenseKey":""},{"campaignID":"570","attribution":0,"priority":"6","appToPromote":{"appToPromoteID":"3802","usesDefaultFrameImage":"0","usesDefaultCloseImage":"0","marketURL":"https:\/\/play.google.com\/store\/apps\/details?id=com.Madxstudios.Flickshootsoccer","packageID":"com.Madxstudios.Flickshootsoccer"},"showTemplate":1,"s2s_tracking_url":"https:\/\/play.google.com\/store\/apps\/details?id=com.Madxstudios.Flickshootsoccer","activeCreativeID":"661","scenes":["12","1","8","6","15","2"],"campaignAdType":"Interstitial","productId":"","purchaseBit":0,"licenseKey":""},{"campaignID":"588","attribution":0,"priority":"6","appToPromote":{"appToPromoteID":"5026","usesDefaultFrameImage":"0","usesDefaultCloseImage":"0","marketURL":"https:\/\/play.google.com\/store\/apps\/details?id=com.as.cashupapp","packageID":"com.as.cashupapp"},"showTemplate":1,"s2s_tracking_url":"https:\/\/play.google.com\/store\/apps\/details?id=com.as.cashupapp","activeCreativeID":"652","scenes":["12","1","8","6","15","2"],"campaignAdType":"Interstitial","productId":"","purchaseBit":0,"licenseKey":""},{"campaignID":"8808","attribution_link":"","attribution":1,"priority":"5","appToPromote":{"appToPromoteID":"16528","usesDefaultFrameImage":"0","usesDefaultCloseImage":"0","marketURL":"https:\/\/play.google.com\/store\/apps\/details?id=com.bag.farm.day.village.farming.games","packageID":"com.GSS317.com.bag.farm.day.village.farming.games"},"showTemplate":1,"s2s_tracking_url":"","activeCreativeID":"3775","scenes":["12","1","8","6","15","2"],"campaignAdType":"Interstitial","productId":"","purchaseBit":0,"licenseKey":""},{"campaignID":"8876","attribution":0,"priority":"5","appToPromote":{"appToPromoteID":"15640","usesDefaultFrameImage":"0","usesDefaultCloseImage":"0","marketURL":"https:\/\/play.google.com\/store\/apps\/details?id=com.pgz.police.bike.stunt.ramp.bike.racing.games","packageID":"com.pgz.police.bike.stunt.ramp.bike.racing.games"},"showTemplate":1,"s2s_tracking_url":"https:\/\/play.google.com\/store\/apps\/details?id=com.pgz.police.bike.stunt.ramp.bike.racing.games","activeCreativeID":"4236","scenes":["12","1","8","6","15","2"],"campaignAdType":"Interstitial","productId":"","purchaseBit":0,"licenseKey":""},{"campaignID":"8972","attribution":0,"priority":"5","appToPromote":{"appToPromoteID":"15974","usesDefaultFrameImage":"0","usesDefaultCloseImage":"0","marketURL":"https:\/\/play.google.com\/store\/apps\/details?id=com.mustardgames.bmx.cycle.stunt.mega.ramp.impossibletracks","packageID":"com.mustardgames.bmx.cycle.stunt.mega.ramp.impossibletracks"},"showTemplate":1,"s2s_tracking_url":"https:\/\/play.google.com\/store\/apps\/details?id=com.mustardgames.bmx.cycle.stunt.mega.ramp.impossibletracks","activeCreativeID":"4339","scenes":["12","1","8","6","15","2"],"campaignAdType":"Interstitial","productId":"","purchaseBit":0,"licenseKey":""},{"campaignID":"8973","attribution":0,"priority":"5","appToPromote":{"appToPromoteID":"15974","usesDefaultFrameImage":"0","usesDefaultCloseImage":"0","marketURL":"https:\/\/play.google.com\/store\/apps\/details?id=com.mustardgames.bmx.cycle.stunt.mega.ramp.impossibletracks","packageID":"com.mustardgames.bmx.cycle.stunt.mega.ramp.impossibletracks"},"showTemplate":1,"s2s_tracking_url":"https:\/\/play.google.com\/store\/apps\/details?id=com.mustardgames.bmx.cycle.stunt.mega.ramp.impossibletracks","activeCreativeID":"4339","scenes":["12","1","8","6","15","2"],"campaignAdType":"Interstitial","productId":"","purchaseBit":0,"licenseKey":""},{"campaignID":"8974","attribution":0,"priority":"5","appToPromote":{"appToPromoteID":"15974","usesDefaultFrameImage":"0","usesDefaultCloseImage":"0","marketURL":"https:\/\/play.google.com\/store\/apps\/details?id=com.mustardgames.bmx.cycle.stunt.mega.ramp.impossibletracks","packageID":"com.mustardgames.bmx.cycle.stunt.mega.ramp.impossibletracks"},"showTemplate":1,"s2s_tracking_url":"https:\/\/play.google.com\/store\/apps\/details?id=com.mustardgames.bmx.cycle.stunt.mega.ramp.impossibletracks","activeCreativeID":"3564","scenes":["12","1","8","6","15","2"],"campaignAdType":"Video","productId":"","purchaseBit":0,"licenseKey":""},{"campaignID":"8747","attribution":0,"priority":"3","appToPromote":{"appToPromoteID":"16244","usesDefaultFrameImage":"0","usesDefaultCloseImage":"0","marketURL":"https:\/\/play.google.com\/store\/apps\/details?id=com.mustardgames.formula.car.racing.ramp.car.stunt.impossible.tracks","packageID":"com.mustardgames.formula.car.racing.ramp.car.stunt.impossible.tracks"},"showTemplate":1,"s2s_tracking_url":"https:\/\/play.google.com\/store\/apps\/details?id=com.mustardgames.formula.car.racing.ramp.car.stunt.impossible.tracks","activeCreativeID":"3993","scenes":["12","1","8","6","15","2"],"campaignAdType":"Video","productId":"","purchaseBit":0,"licenseKey":""},{"campaignID":"414","attribution":0,"priority":"3","appToPromote":{"appToPromoteID":"3023","usesDefaultFrameImage":"0","usesDefaultCloseImage":"0","marketURL":"https:\/\/play.google.com\/store\/apps\/details?id=com.appricot2d.rolo.pet.parrot","packageID":"com.appricot2d.rolo.pet.parrot"},"showTemplate":1,"s2s_tracking_url":"https:\/\/play.google.com\/store\/apps\/details?id=com.appricot2d.rolo.pet.parrot","activeCreativeID":"385","scenes":["12","1","8","6","15","2"],"campaignAdType":"Interstitial","productId":"","purchaseBit":0,"licenseKey":""},{"campaignID":"559","attribution":0,"priority":"3","appToPromote":{"appToPromoteID":"3476","usesDefaultFrameImage":"0","usesDefaultCloseImage":"0","marketURL":"https:\/\/play.google.com\/store\/apps\/details?id=com.perspectivegames.real.impossible.tracks.stunts","packageID":"com.perspectivegames.real.impossible.tracks.stunts"},"showTemplate":1,"s2s_tracking_url":"https:\/\/play.google.com\/store\/apps\/details?id=com.perspectivegames.real.impossible.tracks.stunts","activeCreativeID":"649","scenes":["12","1","8","6","15","2"],"campaignAdType":"Interstitial","productId":"","purchaseBit":0,"licenseKey":""},{"campaignID":"741","attribution":0,"priority":"3","appToPromote":{"appToPromoteID":"5609","usesDefaultFrameImage":"0","usesDefaultCloseImage":"0","marketURL":"https:\/\/play.google.com\/store\/apps\/details?id=com.kick.gyroscopic.city.train.driver.simulator","packageID":"com.kick.gyroscopic.city.train.driver.simulator"},"showTemplate":1,"s2s_tracking_url":"https:\/\/play.google.com\/store\/apps\/details?id=com.kick.gyroscopic.city.train.driver.simulator","activeCreativeID":"753","scenes":["12","1","8","6","15","2"],"campaignAdType":"Interstitial","productId":"","purchaseBit":0,"licenseKey":""},{"campaignID":"798","attribution":0,"priority":"3","appToPromote":{"appToPromoteID":"5770","usesDefaultFrameImage":"0","usesDefaultCloseImage":"0","marketURL":"https:\/\/play.google.com\/store\/apps\/details?id=com.simulatorgames3d.alohacelebrations","packageID":"com.simulatorgames3d.alohacelebrations"},"showTemplate":1,"s2s_tracking_url":"https:\/\/play.google.com\/store\/apps\/details?id=com.simulatorgames3d.alohacelebrations","activeCreativeID":"787","scenes":["12","1","8","6","15","2"],"campaignAdType":"Interstitial","productId":"","purchaseBit":0,"licenseKey":""},{"campaignID":"1483","attribution":0,"priority":"3","appToPromote":{"appToPromoteID":"1714","usesDefaultFrameImage":"1","usesDefaultCloseImage":"1","marketURL":"https:\/\/play.google.com\/store\/apps\/details?id=com.playink.cookie.maker","packageID":"com.playink.cookie.maker"},"showTemplate":1,"s2s_tracking_url":"https:\/\/play.google.com\/store\/apps\/details?id=com.playink.cookie.maker","activeCreativeID":"1020","scenes":["12","1","8","6","15","2"],"campaignAdType":"Interstitial","productId":"","purchaseBit":0,"licenseKey":""},{"campaignID":"8762","attribution":0,"priority":"2","appToPromote":{"appToPromoteID":"13265","usesDefaultFrameImage":"0","usesDefaultCloseImage":"0","marketURL":"https:\/\/play.google.com\/store\/apps\/details?id=com.rhg.tricky.bike.stunt.moto.master","packageID":"com.rhg.tricky.bike.stunt.moto.master"},"showTemplate":1,"s2s_tracking_url":"https:\/\/play.google.com\/store\/apps\/details?id=com.rhg.tricky.bike.stunt.moto.master","activeCreativeID":"4121","scenes":["12","1","8","6","15","2"],"campaignAdType":"Rewarded Video","productId":"","purchaseBit":0,"licenseKey":""},{"campaignID":"8879","attribution":0,"priority":"2","appToPromote":{"appToPromoteID":"15640","usesDefaultFrameImage":"0","usesDefaultCloseImage":"0","marketURL":"https:\/\/play.google.com\/store\/apps\/details?id=com.pgz.police.bike.stunt.ramp.bike.racing.games","packageID":"com.pgz.police.bike.stunt.ramp.bike.racing.games"},"showTemplate":1,"s2s_tracking_url":"https:\/\/play.google.com\/store\/apps\/details?id=com.pgz.police.bike.stunt.ramp.bike.racing.games","activeCreativeID":"4239","scenes":["12","1","8","6","15","2"],"campaignAdType":"Banner","productId":"","purchaseBit":0,"licenseKey":""},{"campaignID":"8971","attribution":0,"priority":"2","appToPromote":{"appToPromoteID":"15640","usesDefaultFrameImage":"0","usesDefaultCloseImage":"0","marketURL":"https:\/\/play.google.com\/store\/apps\/details?id=com.pgz.police.bike.stunt.ramp.bike.racing.games","packageID":"com.pgz.police.bike.stunt.ramp.bike.racing.games"},"showTemplate":1,"s2s_tracking_url":"https:\/\/play.google.com\/store\/apps\/details?id=com.pgz.police.bike.stunt.ramp.bike.racing.games","activeCreativeID":"4236","scenes":["12","1","8","6","15","2"],"campaignAdType":"Interstitial","productId":"","purchaseBit":0,"licenseKey":""},{"campaignID":"9366","attribution":0,"priority":"2","appToPromote":{"appToPromoteID":"17602","usesDefaultFrameImage":"0","usesDefaultCloseImage":"0","marketURL":"https:\/\/play.google.com\/store\/apps\/details?id=com.abaenglish.videoclass&amp;referrer=utm_source=42matters.com&amp;utm_medium=api","packageID":"com.abaenglish.videoclass"},"showTemplate":1,"s2s_tracking_url":"https:\/\/play.google.com\/store\/apps\/details?id=com.abaenglish.videoclass&amp;referrer=utm_source=42matters.com&amp;utm_medium=api","activeCreativeID":"4815","scenes":["12","1","8","6","15","2"],"campaignAdType":"Interstitial","productId":"","purchaseBit":0,"licenseKey":""},{"campaignID":"9367","attribution":0,"priority":"2","appToPromote":{"appToPromoteID":"17602","usesDefaultFrameImage":"0","usesDefaultCloseImage":"0","marketURL":"https:\/\/play.google.com\/store\/apps\/details?id=com.abaenglish.videoclass&amp;referrer=utm_source=42matters.com&amp;utm_medium=api","packageID":"com.abaenglish.videoclass"},"showTemplate":1,"s2s_tracking_url":"https:\/\/play.google.com\/store\/apps\/details?id=com.abaenglish.videoclass&amp;referrer=utm_source=42matters.com&amp;utm_medium=api","activeCreativeID":"4815","scenes":["12","1","8","6","15","2"],"campaignAdType":"Interstitial","productId":"","purchaseBit":0,"licenseKey":""},{"campaignID":"9368","attribution":0,"priority":"2","appToPromote":{"appToPromoteID":"17602","usesDefaultFrameImage":"0","usesDefaultCloseImage":"0","marketURL":"https:\/\/play.google.com\/store\/apps\/details?id=com.abaenglish.videoclass&amp;referrer=utm_source=42matters.com&amp;utm_medium=api","packageID":"com.abaenglish.videoclass"},"showTemplate":1,"s2s_tracking_url":"https:\/\/play.google.com\/store\/apps\/details?id=com.abaenglish.videoclass&amp;referrer=utm_source=42matters.com&amp;utm_medium=api","activeCreativeID":"4815","scenes":["12","1","8","6","15","2"],"campaignAdType":"Interstitial","productId":"","purchaseBit":0,"licenseKey":""},{"campaignID":"9369","attribution":0,"priority":"2","appToPromote":{"appToPromoteID":"17602","usesDefaultFrameImage":"0","usesDefaultCloseImage":"0","marketURL":"https:\/\/play.google.com\/store\/apps\/details?id=com.abaenglish.videoclass&amp;referrer=utm_source=42matters.com&amp;utm_medium=api","packageID":"com.abaenglish.videoclass"},"showTemplate":1,"s2s_tracking_url":"https:\/\/play.google.com\/store\/apps\/details?id=com.abaenglish.videoclass&amp;referrer=utm_source=42matters.com&amp;utm_medium=api","activeCreativeID":"4815","scenes":["12","1","8","6","15","2"],"campaignAdType":"Interstitial","productId":"","purchaseBit":0,"licenseKey":""},{"campaignID":"9370","attribution":0,"priority":"2","appToPromote":{"appToPromoteID":"17602","usesDefaultFrameImage":"0","usesDefaultCloseImage":"0","marketURL":"https:\/\/play.google.com\/store\/apps\/details?id=com.abaenglish.videoclass&amp;referrer=utm_source=42matters.com&amp;utm_medium=api","packageID":"com.abaenglish.videoclass"},"showTemplate":1,"s2s_tracking_url":"https:\/\/play.google.com\/store\/apps\/details?id=com.abaenglish.videoclass&amp;referrer=utm_source=42matters.com&amp;utm_medium=api","activeCreativeID":"4815","scenes":["12","1","8","6","15","2"],"campaignAdType":"Interstitial","productId":"","purchaseBit":0,"licenseKey":""}],"refreshAdRate":30,"mode":"Production","aspectRatio":"4_3","cdnPath":"https:\/\/df8ymybeo92md.cloudfront.net\/images\/","sentry_log":0,"local_logging":0,"sentry_dsn":"https:\/\/93ffa1c9a4124f67b8888a53265f751a:bbf998e04584477fa9a145838e9d3b26@sentry.io\/168994","sentry_initialization":1,"sentry_debugging":0,"bannerSizes":["1"],"aspectRatioVideo":"16_9","app_id":"1823","showPreRewardedDialogue":0,"showPostRewardedDialogue":0,"rewardCurrency":"coins","rewardValue":0,"isSkipable":1,"privacyPolicyURL":"https:\/\/www.consoliads.com\/privacy-policy\/","sessionToken":"vRsdQpP7FKps2ZcnNKQse20YRAYeP\/F0pCHxuORAEHkldDNI4Iq3C+5S07xfEZ45rFApLJ+Pniv97KBeTe58MS+8glbr+l9eGlJ9A6Ok2i1KNuhj0le0obDRT1BC4uhXk+64MpD6+w9VA5GbaQGKFCBvGL1hhHlPCQQscJBMwxw="}
Session token value is set


{"appKey":"3d9a2ad28f8f99beaf2e117d8d1c3ebb","deviceID":"7397","stats":[{"campaignID":96,"packageID":"com.rgs.offroad.police.monster.truck","sceneStats":[{"sceneID":"19","eventStats":"374,274,174,74,74,0,0"}]}],"sdkVersion":"39","sessionToken":"vRsdQpP7FKps2ZcnNKQse20YRAYeP\/F0pCHxuORAEHkldDNI4Iq3C+5S07xfEZ45rFApLJ+Pniv97KBeTe58MS+8glbr+l9eGlJ9A6Ok2i1KNuhj0le0obDRT1BC4uhXk+64MpD6+w9VA5GbaQGKFCBvGL1hhHlPCQQscJBMwxw="}
cache_ttl value is correct

Refresh Ad Rate value is correct
mode value is set

 Aspect ratio value is correct
sentry_log value is set
local_logging value is set
sentry_initialization value is set
sentry_debugging value is set
showPreRewardedDialogue value is set
showPostRewardedDialogue value is set
isSkipable value is set
{"cache_ttl":10080,"cache_ttl_rewarded":10080,"cache_ttl_banner":10080,"cache_ttl_native":10080,"cache_ttl_icon":10080,"refreshAdRate":30,"mode":"Production","aspectRatio":"4_3","cdnPath":"https:\/\/df8ymybeo92md.cloudfront.net\/images\/","sentry_log":0,"local_logging":0,"sentry_dsn":"https:\/\/93ffa1c9a4124f67b8888a53265f751a:bbf998e04584477fa9a145838e9d3b26@sentry.io\/168994","sentry_initialization":1,"sentry_debugging":0,"bannerSizes":[],"aspectRatioVideo":"16_9","app_id":"1921","showPreRewardedDialogue":0,"showPostRewardedDialogue":0,"rewardCurrency":"coins","rewardValue":0,"isSkipable":0,"privacyPolicyURL":"https:\/\/www.consoliads.com\/privacy-policy\/","sessionToken":"QqznH0JYNTdtQckIp+dz1Ntj+JZbyfHvQbLAbyBe7t9IbEzvgD08RRhccvDD1Csm5S5SkisQqiglHFeiybNXFimyCJwrC\/Oo\/yOtQcwikOtP9h+1asAfdNz8IWa4I0bRnI\/mvvW9DYYUxhLiQZvSPW32py0LlX6heMKitbG5jS8="}
Session token value is set


{"appKey":"b6cf3bbc179e3b767025729170fbb3cf","deviceID":"2872","stats":[{"campaignID":98,"packageID":"com.gss.offroad.policetransporttruck","sceneStats":[{"sceneID":"8","eventStats":"329,229,129,29,29,0,0"}]}],"sdkVersion":"2163","sessionToken":"QqznH0JYNTdtQckIp+dz1Ntj+JZbyfHvQbLAbyBe7t9IbEzvgD08RRhccvDD1Csm5S5SkisQqiglHFeiybNXFimyCJwrC\/Oo\/yOtQcwikOtP9h+1asAfdNz8IWa4I0bRnI\/mvvW9DYYUxhLiQZvSPW32py0LlX6heMKitbG5jS8="}
cache_ttl value is correct

Title value is correct

Title value is correct

Title value is correct

Title value is correct

Title value is correct

Title value is correct

Refresh Ad Rate value is correct
mode value is set

 Aspect ratio value is correct
sentry_log value is set
local_logging value is set
sentry_initialization value is set
sentry_debugging value is set
showPreRewardedDialogue value is set
showPostRewardedDialogue value is set
isSkipable value is set
{"cache_ttl":10080,"cache_ttl_rewarded":10080,"cache_ttl_banner":10080,"cache_ttl_native":10080,"cache_ttl_icon":10080,"campaigns":[{"campaignID":"8226","attribution":0,"priority":"8","appToPromote":{"appToPromoteID":"12623","usesDefaultFrameImage":"0","usesDefaultCloseImage":"0","marketURL":"https:\/\/play.google.com\/store\/apps\/details?id=com.igg.android.lordsmobile&amp;referrer=utm_source=42matters.com&amp;utm_medium=api","packageID":"com.nooribrand.android.lordsmobile"},"showTemplate":1,"s2s_tracking_url":"https:\/\/play.google.com\/store\/apps\/details?id=com.igg.android.lordsmobile&amp;referrer=utm_source=42matters.com&amp;utm_medium=api","activeCreativeID":"3557","scenes":["12","1","8","6","15","2"],"campaignAdType":"Icon","productId":"","purchaseBit":0,"licenseKey":""},{"campaignID":"8378","attribution":0,"priority":"8","appToPromote":{"appToPromoteID":"16480","usesDefaultFrameImage":"0","usesDefaultCloseImage":"0","marketURL":"https:\/\/play.google.com\/store\/apps\/details?id=com.nag.home.manager.working.virtual.mom","packageID":"com.GSS317.AmazingFamily"},"showTemplate":1,"s2s_tracking_url":"https:\/\/play.google.com\/store\/apps\/details?id=com.nag.home.manager.working.virtual.mom","activeCreativeID":"3720","scenes":["12","1","8","6","15","2"],"campaignAdType":"Interstitial","productId":"","purchaseBit":0,"licenseKey":""},{"campaignID":"8613","attribution":0,"priority":"8","appToPromote":{"appToPromoteID":"12623","usesDefaultFrameImage":"0","usesDefaultCloseImage":"0","marketURL":"https:\/\/play.google.com\/store\/apps\/details?id=com.igg.android.lordsmobile&amp;referrer=utm_source=42matters.com&amp;utm_medium=api","packageID":"com.nooribrand.android.lordsmobile"},"showTemplate":1,"s2s_tracking_url":"https:\/\/play.google.com\/store\/apps\/details?id=com.igg.android.lordsmobile&amp;referrer=utm_source=42matters.com&amp;utm_medium=api","activeCreativeID":"3557","scenes":["12","1","8","6","15","2"],"campaignAdType":"Icon","productId":"","purchaseBit":0,"licenseKey":""},{"campaignID":"9252","attribution":0,"priority":"8","appToPromote":{"appToPromoteID":"12315","usesDefaultFrameImage":"0","usesDefaultCloseImage":"0","marketURL":"google.com","packageID":"com.qabrand.plnative"},"showTemplate":1,"s2s_tracking_url":"google.com","activeCreativeID":"4683","scenes":["12","1","8","6","15","2"],"campaignAdType":"Native","title":"Native first","subTitle":"First ","description":"New description","adClickThroughText":"FIRST Button","productId":"","purchaseBit":0,"licenseKey":""},{"campaignID":"9253","attribution":0,"priority":"8","appToPromote":{"appToPromoteID":"12315","usesDefaultFrameImage":"0","usesDefaultCloseImage":"0","marketURL":"google.com","packageID":"com.qabrand.plnative"},"showTemplate":1,"s2s_tracking_url":"google.com","activeCreativeID":"4683","scenes":["12","1","8","6","15","2"],"campaignAdType":"Native","title":"Native first","subTitle":"First ","description":"New description","adClickThroughText":"FIRST Button","productId":"","purchaseBit":0,"licenseKey":""},{"campaignID":"9255","attribution":0,"priority":"8","appToPromote":{"appToPromoteID":"13274","usesDefaultFrameImage":"0","usesDefaultCloseImage":"0","marketURL":"https:\/\/play.google.com\/store\/apps\/details?id=com.facebook.katana","packageID":"com.salon.adsalon"},"showTemplate":1,"s2s_tracking_url":"https:\/\/play.google.com\/store\/apps\/details?id=com.facebook.katana","activeCreativeID":"4685","scenes":["12","1","8","6","15","2"],"campaignAdType":"Native","title":"native NA ","subTitle":"native NA ","description":"native NA added","adClickThroughText":"native NA ","productId":"","purchaseBit":0,"licenseKey":""},{"campaignID":"9257","attribution":0,"priority":"8","appToPromote":{"appToPromoteID":"12286","usesDefaultFrameImage":"0","usesDefaultCloseImage":"0","marketURL":"google.com","packageID":"com.qabrand.Chartboost_Native"},"showTemplate":1,"s2s_tracking_url":"google.com","activeCreativeID":"4688","scenes":["12","1","8","6","15","2"],"campaignAdType":"Native","title":"Native second updated","subTitle":"Native second ","description":"Native second details","adClickThroughText":"Native second ","productId":"","purchaseBit":0,"licenseKey":""},{"campaignID":"9263","attribution":0,"priority":"8","appToPromote":{"appToPromoteID":"12315","usesDefaultFrameImage":"0","usesDefaultCloseImage":"0","marketURL":"google.com","packageID":"com.qabrand.plnative"},"showTemplate":1,"s2s_tracking_url":"google.com","activeCreativeID":"4694","scenes":["12","1","8","6","15","2"],"campaignAdType":"Native","title":"test","subTitle":"test","description":" test details update","adClickThroughText":"test","productId":"","purchaseBit":0,"licenseKey":""},{"campaignID":"9547","attribution":0,"priority":"8","appToPromote":{"appToPromoteID":"11879","usesDefaultFrameImage":"0","usesDefaultCloseImage":"0","marketURL":"https:\/\/play.google.com\/store\/apps\/details?id=com.buntoo.car.racing.games","packageID":"com.buntoo.car.racing.games"},"showTemplate":1,"s2s_tracking_url":"https:\/\/play.google.com\/store\/apps\/details?id=com.buntoo.car.racing.games","activeCreativeID":"4964","scenes":["12","1","8","6","15","2"],"campaignAdType":"Interstitial","productId":"","purchaseBit":0,"licenseKey":""},{"campaignID":"9586","attribution":0,"priority":"8","appToPromote":{"appToPromoteID":"515","usesDefaultFrameImage":"1","usesDefaultCloseImage":"1","marketURL":"https:\/\/play.google.com\/store\/apps\/details?id=com.plum.cash.counter.simualtor","packageID":"com.plum.cash.counter.simualtor"},"showTemplate":1,"s2s_tracking_url":"https:\/\/play.google.com\/store\/apps\/details?id=com.plum.cash.counter.simualtor","activeCreativeID":"50","scenes":["12","1","8","6","15","2"],"campaignAdType":"Interstitial","productId":"","purchaseBit":0,"licenseKey":""},{"campaignID":"9587","attribution":0,"priority":"8","appToPromote":{"appToPromoteID":"515","usesDefaultFrameImage":"1","usesDefaultCloseImage":"1","marketURL":"https:\/\/play.google.com\/store\/apps\/details?id=com.plum.cash.counter.simualtor","packageID":"com.plum.cash.counter.simualtor"},"showTemplate":1,"s2s_tracking_url":"https:\/\/play.google.com\/store\/apps\/details?id=com.plum.cash.counter.simualtor","activeCreativeID":"50","scenes":["12","1","8","6","15","2"],"campaignAdType":"Interstitial","productId":"","purchaseBit":0,"licenseKey":""},{"campaignID":"9588","attribution":0,"priority":"8","appToPromote":{"appToPromoteID":"515","usesDefaultFrameImage":"1","usesDefaultCloseImage":"1","marketURL":"https:\/\/play.google.com\/store\/apps\/details?id=com.plum.cash.counter.simualtor","packageID":"com.plum.cash.counter.simualtor"},"showTemplate":1,"s2s_tracking_url":"https:\/\/play.google.com\/store\/apps\/details?id=com.plum.cash.counter.simualtor","activeCreativeID":"50","scenes":["12","1","8","6","15","2"],"campaignAdType":"Interstitial","productId":"","purchaseBit":0,"licenseKey":""},{"campaignID":"9589","attribution":0,"priority":"8","appToPromote":{"appToPromoteID":"515","usesDefaultFrameImage":"1","usesDefaultCloseImage":"1","marketURL":"https:\/\/play.google.com\/store\/apps\/details?id=com.plum.cash.counter.simualtor","packageID":"com.plum.cash.counter.simualtor"},"showTemplate":1,"s2s_tracking_url":"https:\/\/play.google.com\/store\/apps\/details?id=com.plum.cash.counter.simualtor","activeCreativeID":"50","scenes":["12","1","8","6","15","2"],"campaignAdType":"Interstitial","productId":"","purchaseBit":0,"licenseKey":""},{"campaignID":"9599","attribution":0,"priority":"8","appToPromote":{"appToPromoteID":"515","usesDefaultFrameImage":"1","usesDefaultCloseImage":"1","marketURL":"https:\/\/play.google.com\/store\/apps\/details?id=com.plum.cash.counter.simualtor","packageID":"com.plum.cash.counter.simualtor"},"showTemplate":1,"s2s_tracking_url":"https:\/\/play.google.com\/store\/apps\/details?id=com.plum.cash.counter.simualtor","activeCreativeID":"5001","scenes":["12","1","8","6","15","2"],"campaignAdType":"Icon","productId":"","purchaseBit":0,"licenseKey":""},{"campaignID":"9127","attribution":0,"priority":"8","appToPromote":{"appToPromoteID":"17528","usesDefaultFrameImage":"0","usesDefaultCloseImage":"0","marketURL":"https:\/\/play.google.com\/store\/apps\/details?id=net.one97.paytm","packageID":"net.one97.paytm"},"showTemplate":1,"s2s_tracking_url":"https:\/\/tha.gotrackier.com\/click?campaign_id=63249\\u0026pub_id=75?p1=1937_9127_2872&amp;source=6841&amp;app_name=OffRoadPoliceTruckTransport&amp;gaid=2872","activeCreativeID":"4788","scenes":["12","1","8","6","15","2"],"campaignAdType":"Native","title":"BCA","subTitle":"FW","description":"nope","adClickThroughText":"Link","productId":"","purchaseBit":0,"licenseKey":""},{"campaignID":"9131","attribution":0,"priority":"8","appToPromote":{"appToPromoteID":"17532","usesDefaultFrameImage":"0","usesDefaultCloseImage":"0","marketURL":"https:\/\/play.google.com\/store\/apps\/details?id=com.dhgate.buyermob","packageID":"com.dhgate.buyermob"},"showTemplate":1,"s2s_tracking_url":"https:\/\/tha.gotrackier.com\/click?campaign_id=63254\\u0026pub_id=75?p1=1937_9131_2872&amp;source=6841&amp;app_name=OffRoadPoliceTruckTransport&amp;gaid=2872","activeCreativeID":"4483","scenes":["12","1","8","6","15","2"],"campaignAdType":"Interstitial","productId":"","purchaseBit":0,"licenseKey":""},{"campaignID":"8380","attribution_link":"","attribution":1,"priority":"7","appToPromote":{"appToPromoteID":"16480","usesDefaultFrameImage":"0","usesDefaultCloseImage":"0","marketURL":"https:\/\/play.google.com\/store\/apps\/details?id=com.nag.home.manager.working.virtual.mom","packageID":"com.GSS317.AmazingFamily"},"showTemplate":1,"s2s_tracking_url":"","activeCreativeID":"3720","scenes":["12","1","8","6","15","2"],"campaignAdType":"Interstitial","productId":"","purchaseBit":0,"licenseKey":""},{"campaignID":"444","attribution":0,"priority":"6","appToPromote":{"appToPromoteID":"3355","usesDefaultFrameImage":"0","usesDefaultCloseImage":"0","marketURL":"https:\/\/play.google.com\/store\/apps\/details?id=com.popnsons.parkour.mouse","packageID":"com.popnsons.parkour.mouse"},"showTemplate":1,"s2s_tracking_url":"https:\/\/play.google.com\/store\/apps\/details?id=com.popnsons.parkour.mouse","activeCreativeID":"469","scenes":["12","1","8","6","15","2"],"campaignAdType":"Interstitial","productId":"","purchaseBit":0,"licenseKey":""},{"campaignID":"561","attribution":0,"priority":"6","appToPromote":{"appToPromoteID":"5026","usesDefaultFrameImage":"0","usesDefaultCloseImage":"0","marketURL":"https:\/\/play.google.com\/store\/apps\/details?id=com.as.cashupapp","packageID":"com.as.cashupapp"},"showTemplate":1,"s2s_tracking_url":"https:\/\/play.google.com\/store\/apps\/details?id=com.as.cashupapp","activeCreativeID":"652","scenes":["12","1","8","6","15","2"],"campaignAdType":"Interstitial","productId":"","purchaseBit":0,"licenseKey":""},{"campaignID":"570","attribution":0,"priority":"6","appToPromote":{"appToPromoteID":"3802","usesDefaultFrameImage":"0","usesDefaultCloseImage":"0","marketURL":"https:\/\/play.google.com\/store\/apps\/details?id=com.Madxstudios.Flickshootsoccer","packageID":"com.Madxstudios.Flickshootsoccer"},"showTemplate":1,"s2s_tracking_url":"https:\/\/play.google.com\/store\/apps\/details?id=com.Madxstudios.Flickshootsoccer","activeCreativeID":"661","scenes":["12","1","8","6","15","2"],"campaignAdType":"Interstitial","productId":"","purchaseBit":0,"licenseKey":""},{"campaignID":"588","attribution":0,"priority":"6","appToPromote":{"appToPromoteID":"5026","usesDefaultFrameImage":"0","usesDefaultCloseImage":"0","marketURL":"https:\/\/play.google.com\/store\/apps\/details?id=com.as.cashupapp","packageID":"com.as.cashupapp"},"showTemplate":1,"s2s_tracking_url":"https:\/\/play.google.com\/store\/apps\/details?id=com.as.cashupapp","activeCreativeID":"652","scenes":["12","1","8","6","15","2"],"campaignAdType":"Interstitial","productId":"","purchaseBit":0,"licenseKey":""},{"campaignID":"8808","attribution_link":"","attribution":1,"priority":"5","appToPromote":{"appToPromoteID":"16528","usesDefaultFrameImage":"0","usesDefaultCloseImage":"0","marketURL":"https:\/\/play.google.com\/store\/apps\/details?id=com.bag.farm.day.village.farming.games","packageID":"com.GSS317.com.bag.farm.day.village.farming.games"},"showTemplate":1,"s2s_tracking_url":"","activeCreativeID":"3775","scenes":["12","1","8","6","15","2"],"campaignAdType":"Interstitial","productId":"","purchaseBit":0,"licenseKey":""},{"campaignID":"8973","attribution":0,"priority":"5","appToPromote":{"appToPromoteID":"15974","usesDefaultFrameImage":"0","usesDefaultCloseImage":"0","marketURL":"https:\/\/play.google.com\/store\/apps\/details?id=com.mustardgames.bmx.cycle.stunt.mega.ramp.impossibletracks","packageID":"com.mustardgames.bmx.cycle.stunt.mega.ramp.impossibletracks"},"showTemplate":1,"s2s_tracking_url":"https:\/\/play.google.com\/store\/apps\/details?id=com.mustardgames.bmx.cycle.stunt.mega.ramp.impossibletracks","activeCreativeID":"4339","scenes":["12","1","8","6","15","2"],"campaignAdType":"Interstitial","productId":"","purchaseBit":0,"licenseKey":""},{"campaignID":"557","attribution":0,"priority":"4","appToPromote":{"appToPromoteID":"4959","usesDefaultFrameImage":"0","usesDefaultCloseImage":"0","marketURL":"https:\/\/play.google.com\/store\/apps\/details?id=com.jet.plane.surfers.joyride.dash","packageID":"com.jet.plane.surfers.joyride.dash"},"showTemplate":1,"s2s_tracking_url":"https:\/\/play.google.com\/store\/apps\/details?id=com.jet.plane.surfers.joyride.dash","activeCreativeID":"645","scenes":["12","1","8","6","15","2"],"campaignAdType":"Interstitial","productId":"","purchaseBit":0,"licenseKey":""},{"campaignID":"414","attribution":0,"priority":"3","appToPromote":{"appToPromoteID":"3023","usesDefaultFrameImage":"0","usesDefaultCloseImage":"0","marketURL":"https:\/\/play.google.com\/store\/apps\/details?id=com.appricot2d.rolo.pet.parrot","packageID":"com.appricot2d.rolo.pet.parrot"},"showTemplate":1,"s2s_tracking_url":"https:\/\/play.google.com\/store\/apps\/details?id=com.appricot2d.rolo.pet.parrot","activeCreativeID":"385","scenes":["12","1","8","6","15","2"],"campaignAdType":"Interstitial","productId":"","purchaseBit":0,"licenseKey":""},{"campaignID":"559","attribution":0,"priority":"3","appToPromote":{"appToPromoteID":"3476","usesDefaultFrameImage":"0","usesDefaultCloseImage":"0","marketURL":"https:\/\/play.google.com\/store\/apps\/details?id=com.perspectivegames.real.impossible.tracks.stunts","packageID":"com.perspectivegames.real.impossible.tracks.stunts"},"showTemplate":1,"s2s_tracking_url":"https:\/\/play.google.com\/store\/apps\/details?id=com.perspectivegames.real.impossible.tracks.stunts","activeCreativeID":"649","scenes":["12","1","8","6","15","2"],"campaignAdType":"Interstitial","productId":"","purchaseBit":0,"licenseKey":""},{"campaignID":"741","attribution":0,"priority":"3","appToPromote":{"appToPromoteID":"5609","usesDefaultFrameImage":"0","usesDefaultCloseImage":"0","marketURL":"https:\/\/play.google.com\/store\/apps\/details?id=com.kick.gyroscopic.city.train.driver.simulator","packageID":"com.kick.gyroscopic.city.train.driver.simulator"},"showTemplate":1,"s2s_tracking_url":"https:\/\/play.google.com\/store\/apps\/details?id=com.kick.gyroscopic.city.train.driver.simulator","activeCreativeID":"753","scenes":["12","1","8","6","15","2"],"campaignAdType":"Interstitial","productId":"","purchaseBit":0,"licenseKey":""},{"campaignID":"798","attribution":0,"priority":"3","appToPromote":{"appToPromoteID":"5770","usesDefaultFrameImage":"0","usesDefaultCloseImage":"0","marketURL":"https:\/\/play.google.com\/store\/apps\/details?id=com.simulatorgames3d.alohacelebrations","packageID":"com.simulatorgames3d.alohacelebrations"},"showTemplate":1,"s2s_tracking_url":"https:\/\/play.google.com\/store\/apps\/details?id=com.simulatorgames3d.alohacelebrations","activeCreativeID":"787","scenes":["12","1","8","6","15","2"],"campaignAdType":"Interstitial","productId":"","purchaseBit":0,"licenseKey":""},{"campaignID":"1483","attribution":0,"priority":"3","appToPromote":{"appToPromoteID":"1714","usesDefaultFrameImage":"1","usesDefaultCloseImage":"1","marketURL":"https:\/\/play.google.com\/store\/apps\/details?id=com.playink.cookie.maker","packageID":"com.playink.cookie.maker"},"showTemplate":1,"s2s_tracking_url":"https:\/\/play.google.com\/store\/apps\/details?id=com.playink.cookie.maker","activeCreativeID":"1020","scenes":["12","1","8","6","15","2"],"campaignAdType":"Interstitial","productId":"","purchaseBit":0,"licenseKey":""},{"campaignID":"8762","attribution":0,"priority":"2","appToPromote":{"appToPromoteID":"13265","usesDefaultFrameImage":"0","usesDefaultCloseImage":"0","marketURL":"https:\/\/play.google.com\/store\/apps\/details?id=com.rhg.tricky.bike.stunt.moto.master","packageID":"com.rhg.tricky.bike.stunt.moto.master"},"showTemplate":1,"s2s_tracking_url":"https:\/\/play.google.com\/store\/apps\/details?id=com.rhg.tricky.bike.stunt.moto.master","activeCreativeID":"4121","scenes":["12","1","8","6","15","2"],"campaignAdType":"Rewarded Video","productId":"","purchaseBit":0,"licenseKey":""},{"campaignID":"9366","attribution":0,"priority":"2","appToPromote":{"appToPromoteID":"17602","usesDefaultFrameImage":"0","usesDefaultCloseImage":"0","marketURL":"https:\/\/play.google.com\/store\/apps\/details?id=com.abaenglish.videoclass&amp;referrer=utm_source=42matters.com&amp;utm_medium=api","packageID":"com.abaenglish.videoclass"},"showTemplate":1,"s2s_tracking_url":"https:\/\/play.google.com\/store\/apps\/details?id=com.abaenglish.videoclass&amp;referrer=utm_source=42matters.com&amp;utm_medium=api","activeCreativeID":"4815","scenes":["12","1","8","6","15","2"],"campaignAdType":"Interstitial","productId":"","purchaseBit":0,"licenseKey":""}],"refreshAdRate":30,"mode":"Production","aspectRatio":"4_3","cdnPath":"https:\/\/df8ymybeo92md.cloudfront.net\/images\/","sentry_log":0,"local_logging":0,"sentry_dsn":"https:\/\/93ffa1c9a4124f67b8888a53265f751a:bbf998e04584477fa9a145838e9d3b26@sentry.io\/168994","sentry_initialization":1,"sentry_debugging":0,"bannerSizes":["1"],"aspectRatioVideo":"16_9","app_id":"1937","showPreRewardedDialogue":0,"showPostRewardedDialogue":0,"rewardCurrency":"coins","rewardValue":0,"isSkipable":0,"privacyPolicyURL":"https:\/\/www.consoliads.com\/privacy-policy\/","sessionToken":"j1EvVhchb9u8GgcewfTZOZdcg9vgINlYhZe2J5FpuHnN2ic68T8hNkE3K5ggZNJKPJEFZCr1MdFxxaBh3I5p6UGOql4fipXfoBjB9+7x4Bd+d8iiQDqr4diPxrz7h5KrNBTn4drxyNlWMP05w3wpKCCzDh1aXV1OWySll4UqZkE="}
Session token value is set


{"appKey":"7108df607430ea0aa7197ebf957ab785","deviceID":"6013","stats":[{"campaignID":99,"packageID":"com.vg.crazy.car.rush.pro.taxi.driver","sceneStats":[{"sceneID":"16","eventStats":"360,260,160,60,60,0,0"}]}],"sdkVersion":"2163","sessionToken":"j1EvVhchb9u8GgcewfTZOZdcg9vgINlYhZe2J5FpuHnN2ic68T8hNkE3K5ggZNJKPJEFZCr1MdFxxaBh3I5p6UGOql4fipXfoBjB9+7x4Bd+d8iiQDqr4diPxrz7h5KrNBTn4drxyNlWMP05w3wpKCCzDh1aXV1OWySll4UqZkE="}
cache_ttl value is correct

Title value is correct

Title value is correct

Title value is correct

Title value is correct

Title value is correct

Title value is correct

Refresh Ad Rate value is correct
mode value is set

 Aspect ratio value is correct
sentry_log value is set
local_logging value is set
sentry_initialization value is set
sentry_debugging value is set
showPreRewardedDialogue value is set
showPostRewardedDialogue value is set
isSkipable value is set
{"cache_ttl":10080,"cache_ttl_rewarded":10080,"cache_ttl_banner":10080,"cache_ttl_native":10080,"cache_ttl_icon":10080,"campaigns":[{"campaignID":"8226","attribution":0,"priority":"8","appToPromote":{"appToPromoteID":"12623","usesDefaultFrameImage":"0","usesDefaultCloseImage":"0","marketURL":"https:\/\/play.google.com\/store\/apps\/details?id=com.igg.android.lordsmobile&amp;referrer=utm_source=42matters.com&amp;utm_medium=api","packageID":"com.nooribrand.android.lordsmobile"},"showTemplate":1,"s2s_tracking_url":"https:\/\/play.google.com\/store\/apps\/details?id=com.igg.android.lordsmobile&amp;referrer=utm_source=42matters.com&amp;utm_medium=api","activeCreativeID":"3557","scenes":["12","1","8","6","15","2","9"],"campaignAdType":"Icon","productId":"","purchaseBit":0,"licenseKey":""},{"campaignID":"8378","attribution":0,"priority":"8","appToPromote":{"appToPromoteID":"16480","usesDefaultFrameImage":"0","usesDefaultCloseImage":"0","marketURL":"https:\/\/play.google.com\/store\/apps\/details?id=com.nag.home.manager.working.virtual.mom","packageID":"com.GSS317.AmazingFamily"},"showTemplate":1,"s2s_tracking_url":"https:\/\/play.google.com\/store\/apps\/details?id=com.nag.home.manager.working.virtual.mom","activeCreativeID":"3720","scenes":["12","1","8","6","15","2","9"],"campaignAdType":"Interstitial","productId":"","purchaseBit":0,"licenseKey":""},{"campaignID":"8613","attribution":0,"priority":"8","appToPromote":{"appToPromoteID":"12623","usesDefaultFrameImage":"0","usesDefaultCloseImage":"0","marketURL":"https:\/\/play.google.com\/store\/apps\/details?id=com.igg.android.lordsmobile&amp;referrer=utm_source=42matters.com&amp;utm_medium=api","packageID":"com.nooribrand.android.lordsmobile"},"showTemplate":1,"s2s_tracking_url":"https:\/\/play.google.com\/store\/apps\/details?id=com.igg.android.lordsmobile&amp;referrer=utm_source=42matters.com&amp;utm_medium=api","activeCreativeID":"3557","scenes":["12","1","8","6","15","2","9"],"campaignAdType":"Icon","productId":"","purchaseBit":0,"licenseKey":""},{"campaignID":"9252","attribution":0,"priority":"8","appToPromote":{"appToPromoteID":"12315","usesDefaultFrameImage":"0","usesDefaultCloseImage":"0","marketURL":"google.com","packageID":"com.qabrand.plnative"},"showTemplate":1,"s2s_tracking_url":"google.com","activeCreativeID":"4683","scenes":["12","1","8","6","15","2","9"],"campaignAdType":"Native","title":"Native first","subTitle":"First ","description":"New description","adClickThroughText":"FIRST Button","productId":"","purchaseBit":0,"licenseKey":""},{"campaignID":"9253","attribution":0,"priority":"8","appToPromote":{"appToPromoteID":"12315","usesDefaultFrameImage":"0","usesDefaultCloseImage":"0","marketURL":"google.com","packageID":"com.qabrand.plnative"},"showTemplate":1,"s2s_tracking_url":"google.com","activeCreativeID":"4683","scenes":["12","1","8","6","15","2","9"],"campaignAdType":"Native","title":"Native first","subTitle":"First ","description":"New description","adClickThroughText":"FIRST Button","productId":"","purchaseBit":0,"licenseKey":""},{"campaignID":"9255","attribution":0,"priority":"8","appToPromote":{"appToPromoteID":"13274","usesDefaultFrameImage":"0","usesDefaultCloseImage":"0","marketURL":"https:\/\/play.google.com\/store\/apps\/details?id=com.facebook.katana","packageID":"com.salon.adsalon"},"showTemplate":1,"s2s_tracking_url":"https:\/\/play.google.com\/store\/apps\/details?id=com.facebook.katana","activeCreativeID":"4685","scenes":["12","1","8","6","15","2","9"],"campaignAdType":"Native","title":"native NA ","subTitle":"native NA ","description":"native NA added","adClickThroughText":"native NA ","productId":"","purchaseBit":0,"licenseKey":""},{"campaignID":"9257","attribution":0,"priority":"8","appToPromote":{"appToPromoteID":"12286","usesDefaultFrameImage":"0","usesDefaultCloseImage":"0","marketURL":"google.com","packageID":"com.qabrand.Chartboost_Native"},"showTemplate":1,"s2s_tracking_url":"google.com","activeCreativeID":"4688","scenes":["12","1","8","6","15","2","9"],"campaignAdType":"Native","title":"Native second updated","subTitle":"Native second ","description":"Native second details","adClickThroughText":"Native second ","productId":"","purchaseBit":0,"licenseKey":""},{"campaignID":"9263","attribution":0,"priority":"8","appToPromote":{"appToPromoteID":"12315","usesDefaultFrameImage":"0","usesDefaultCloseImage":"0","marketURL":"google.com","packageID":"com.qabrand.plnative"},"showTemplate":1,"s2s_tracking_url":"google.com","activeCreativeID":"4694","scenes":["12","1","8","6","15","2","9"],"campaignAdType":"Native","title":"test","subTitle":"test","description":" test details update","adClickThroughText":"test","productId":"","purchaseBit":0,"licenseKey":""},{"campaignID":"9547","attribution":0,"priority":"8","appToPromote":{"appToPromoteID":"11879","usesDefaultFrameImage":"0","usesDefaultCloseImage":"0","marketURL":"https:\/\/play.google.com\/store\/apps\/details?id=com.buntoo.car.racing.games","packageID":"com.buntoo.car.racing.games"},"showTemplate":1,"s2s_tracking_url":"https:\/\/play.google.com\/store\/apps\/details?id=com.buntoo.car.racing.games","activeCreativeID":"4964","scenes":["12","1","8","6","15","2","9"],"campaignAdType":"Interstitial","productId":"","purchaseBit":0,"licenseKey":""},{"campaignID":"9586","attribution":0,"priority":"8","appToPromote":{"appToPromoteID":"515","usesDefaultFrameImage":"1","usesDefaultCloseImage":"1","marketURL":"https:\/\/play.google.com\/store\/apps\/details?id=com.plum.cash.counter.simualtor","packageID":"com.plum.cash.counter.simualtor"},"showTemplate":1,"s2s_tracking_url":"https:\/\/play.google.com\/store\/apps\/details?id=com.plum.cash.counter.simualtor","activeCreativeID":"50","scenes":["12","1","8","6","15","2","9"],"campaignAdType":"Interstitial","productId":"","purchaseBit":0,"licenseKey":""},{"campaignID":"9587","attribution":0,"priority":"8","appToPromote":{"appToPromoteID":"515","usesDefaultFrameImage":"1","usesDefaultCloseImage":"1","marketURL":"https:\/\/play.google.com\/store\/apps\/details?id=com.plum.cash.counter.simualtor","packageID":"com.plum.cash.counter.simualtor"},"showTemplate":1,"s2s_tracking_url":"https:\/\/play.google.com\/store\/apps\/details?id=com.plum.cash.counter.simualtor","activeCreativeID":"50","scenes":["12","1","8","6","15","2","9"],"campaignAdType":"Interstitial","productId":"","purchaseBit":0,"licenseKey":""},{"campaignID":"9588","attribution":0,"priority":"8","appToPromote":{"appToPromoteID":"515","usesDefaultFrameImage":"1","usesDefaultCloseImage":"1","marketURL":"https:\/\/play.google.com\/store\/apps\/details?id=com.plum.cash.counter.simualtor","packageID":"com.plum.cash.counter.simualtor"},"showTemplate":1,"s2s_tracking_url":"https:\/\/play.google.com\/store\/apps\/details?id=com.plum.cash.counter.simualtor","activeCreativeID":"50","scenes":["12","1","8","6","15","2","9"],"campaignAdType":"Interstitial","productId":"","purchaseBit":0,"licenseKey":""},{"campaignID":"9589","attribution":0,"priority":"8","appToPromote":{"appToPromoteID":"515","usesDefaultFrameImage":"1","usesDefaultCloseImage":"1","marketURL":"https:\/\/play.google.com\/store\/apps\/details?id=com.plum.cash.counter.simualtor","packageID":"com.plum.cash.counter.simualtor"},"showTemplate":1,"s2s_tracking_url":"https:\/\/play.google.com\/store\/apps\/details?id=com.plum.cash.counter.simualtor","activeCreativeID":"50","scenes":["12","1","8","6","15","2","9"],"campaignAdType":"Interstitial","productId":"","purchaseBit":0,"licenseKey":""},{"campaignID":"9599","attribution":0,"priority":"8","appToPromote":{"appToPromoteID":"515","usesDefaultFrameImage":"1","usesDefaultCloseImage":"1","marketURL":"https:\/\/play.google.com\/store\/apps\/details?id=com.plum.cash.counter.simualtor","packageID":"com.plum.cash.counter.simualtor"},"showTemplate":1,"s2s_tracking_url":"https:\/\/play.google.com\/store\/apps\/details?id=com.plum.cash.counter.simualtor","activeCreativeID":"5001","scenes":["12","1","8","6","15","2","9"],"campaignAdType":"Icon","productId":"","purchaseBit":0,"licenseKey":""},{"campaignID":"9127","attribution":0,"priority":"8","appToPromote":{"appToPromoteID":"17528","usesDefaultFrameImage":"0","usesDefaultCloseImage":"0","marketURL":"https:\/\/play.google.com\/store\/apps\/details?id=net.one97.paytm","packageID":"net.one97.paytm"},"showTemplate":1,"s2s_tracking_url":"https:\/\/tha.gotrackier.com\/click?campaign_id=63249\\u0026pub_id=75?p1=1936_9127_6013&amp;source=6841&amp;app_name=ProTAXIDriverCrazyCarRush&amp;gaid=6013","activeCreativeID":"4788","scenes":["12","1","8","6","15","2","9"],"campaignAdType":"Native","title":"BCA","subTitle":"FW","description":"nope","adClickThroughText":"Link","productId":"","purchaseBit":0,"licenseKey":""},{"campaignID":"9131","attribution":0,"priority":"8","appToPromote":{"appToPromoteID":"17532","usesDefaultFrameImage":"0","usesDefaultCloseImage":"0","marketURL":"https:\/\/play.google.com\/store\/apps\/details?id=com.dhgate.buyermob","packageID":"com.dhgate.buyermob"},"showTemplate":1,"s2s_tracking_url":"https:\/\/tha.gotrackier.com\/click?campaign_id=63254\\u0026pub_id=75?p1=1936_9131_6013&amp;source=6841&amp;app_name=ProTAXIDriverCrazyCarRush&amp;gaid=6013","activeCreativeID":"4483","scenes":["12","1","8","6","15","2","9"],"campaignAdType":"Interstitial","productId":"","purchaseBit":0,"licenseKey":""},{"campaignID":"8380","attribution_link":"","attribution":1,"priority":"7","appToPromote":{"appToPromoteID":"16480","usesDefaultFrameImage":"0","usesDefaultCloseImage":"0","marketURL":"https:\/\/play.google.com\/store\/apps\/details?id=com.nag.home.manager.working.virtual.mom","packageID":"com.GSS317.AmazingFamily"},"showTemplate":1,"s2s_tracking_url":"","activeCreativeID":"3720","scenes":["12","1","8","6","15","2","9"],"campaignAdType":"Interstitial","productId":"","purchaseBit":0,"licenseKey":""},{"campaignID":"444","attribution":0,"priority":"6","appToPromote":{"appToPromoteID":"3355","usesDefaultFrameImage":"0","usesDefaultCloseImage":"0","marketURL":"https:\/\/play.google.com\/store\/apps\/details?id=com.popnsons.parkour.mouse","packageID":"com.popnsons.parkour.mouse"},"showTemplate":1,"s2s_tracking_url":"https:\/\/play.google.com\/store\/apps\/details?id=com.popnsons.parkour.mouse","activeCreativeID":"469","scenes":["12","1","8","6","15","2","9"],"campaignAdType":"Interstitial","productId":"","purchaseBit":0,"licenseKey":""},{"campaignID":"561","attribution":0,"priority":"6","appToPromote":{"appToPromoteID":"5026","usesDefaultFrameImage":"0","usesDefaultCloseImage":"0","marketURL":"https:\/\/play.google.com\/store\/apps\/details?id=com.as.cashupapp","packageID":"com.as.cashupapp"},"showTemplate":1,"s2s_tracking_url":"https:\/\/play.google.com\/store\/apps\/details?id=com.as.cashupapp","activeCreativeID":"652","scenes":["12","1","8","6","15","2","9"],"campaignAdType":"Interstitial","productId":"","purchaseBit":0,"licenseKey":""},{"campaignID":"570","attribution":0,"priority":"6","appToPromote":{"appToPromoteID":"3802","usesDefaultFrameImage":"0","usesDefaultCloseImage":"0","marketURL":"https:\/\/play.google.com\/store\/apps\/details?id=com.Madxstudios.Flickshootsoccer","packageID":"com.Madxstudios.Flickshootsoccer"},"showTemplate":1,"s2s_tracking_url":"https:\/\/play.google.com\/store\/apps\/details?id=com.Madxstudios.Flickshootsoccer","activeCreativeID":"661","scenes":["12","1","8","6","15","2","9"],"campaignAdType":"Interstitial","productId":"","purchaseBit":0,"licenseKey":""},{"campaignID":"588","attribution":0,"priority":"6","appToPromote":{"appToPromoteID":"5026","usesDefaultFrameImage":"0","usesDefaultCloseImage":"0","marketURL":"https:\/\/play.google.com\/store\/apps\/details?id=com.as.cashupapp","packageID":"com.as.cashupapp"},"showTemplate":1,"s2s_tracking_url":"https:\/\/play.google.com\/store\/apps\/details?id=com.as.cashupapp","activeCreativeID":"652","scenes":["12","1","8","6","15","2","9"],"campaignAdType":"Interstitial","productId":"","purchaseBit":0,"licenseKey":""},{"campaignID":"8808","attribution_link":"","attribution":1,"priority":"5","appToPromote":{"appToPromoteID":"16528","usesDefaultFrameImage":"0","usesDefaultCloseImage":"0","marketURL":"https:\/\/play.google.com\/store\/apps\/details?id=com.bag.farm.day.village.farming.games","packageID":"com.GSS317.com.bag.farm.day.village.farming.games"},"showTemplate":1,"s2s_tracking_url":"","activeCreativeID":"3775","scenes":["12","1","8","6","15","2","9"],"campaignAdType":"Interstitial","productId":"","purchaseBit":0,"licenseKey":""},{"campaignID":"8973","attribution":0,"priority":"5","appToPromote":{"appToPromoteID":"15974","usesDefaultFrameImage":"0","usesDefaultCloseImage":"0","marketURL":"https:\/\/play.google.com\/store\/apps\/details?id=com.mustardgames.bmx.cycle.stunt.mega.ramp.impossibletracks","packageID":"com.mustardgames.bmx.cycle.stunt.mega.ramp.impossibletracks"},"showTemplate":1,"s2s_tracking_url":"https:\/\/play.google.com\/store\/apps\/details?id=com.mustardgames.bmx.cycle.stunt.mega.ramp.impossibletracks","activeCreativeID":"4339","scenes":["12","1","8","6","15","2","9"],"campaignAdType":"Interstitial","productId":"","purchaseBit":0,"licenseKey":""},{"campaignID":"557","attribution":0,"priority":"4","appToPromote":{"appToPromoteID":"4959","usesDefaultFrameImage":"0","usesDefaultCloseImage":"0","marketURL":"https:\/\/play.google.com\/store\/apps\/details?id=com.jet.plane.surfers.joyride.dash","packageID":"com.jet.plane.surfers.joyride.dash"},"showTemplate":1,"s2s_tracking_url":"https:\/\/play.google.com\/store\/apps\/details?id=com.jet.plane.surfers.joyride.dash","activeCreativeID":"645","scenes":["12","1","8","6","15","2","9"],"campaignAdType":"Interstitial","productId":"","purchaseBit":0,"licenseKey":""},{"campaignID":"414","attribution":0,"priority":"3","appToPromote":{"appToPromoteID":"3023","usesDefaultFrameImage":"0","usesDefaultCloseImage":"0","marketURL":"https:\/\/play.google.com\/store\/apps\/details?id=com.appricot2d.rolo.pet.parrot","packageID":"com.appricot2d.rolo.pet.parrot"},"showTemplate":1,"s2s_tracking_url":"https:\/\/play.google.com\/store\/apps\/details?id=com.appricot2d.rolo.pet.parrot","activeCreativeID":"385","scenes":["12","1","8","6","15","2","9"],"campaignAdType":"Interstitial","productId":"","purchaseBit":0,"licenseKey":""},{"campaignID":"559","attribution":0,"priority":"3","appToPromote":{"appToPromoteID":"3476","usesDefaultFrameImage":"0","usesDefaultCloseImage":"0","marketURL":"https:\/\/play.google.com\/store\/apps\/details?id=com.perspectivegames.real.impossible.tracks.stunts","packageID":"com.perspectivegames.real.impossible.tracks.stunts"},"showTemplate":1,"s2s_tracking_url":"https:\/\/play.google.com\/store\/apps\/details?id=com.perspectivegames.real.impossible.tracks.stunts","activeCreativeID":"649","scenes":["12","1","8","6","15","2","9"],"campaignAdType":"Interstitial","productId":"","purchaseBit":0,"licenseKey":""},{"campaignID":"741","attribution":0,"priority":"3","appToPromote":{"appToPromoteID":"5609","usesDefaultFrameImage":"0","usesDefaultCloseImage":"0","marketURL":"https:\/\/play.google.com\/store\/apps\/details?id=com.kick.gyroscopic.city.train.driver.simulator","packageID":"com.kick.gyroscopic.city.train.driver.simulator"},"showTemplate":1,"s2s_tracking_url":"https:\/\/play.google.com\/store\/apps\/details?id=com.kick.gyroscopic.city.train.driver.simulator","activeCreativeID":"753","scenes":["12","1","8","6","15","2","9"],"campaignAdType":"Interstitial","productId":"","purchaseBit":0,"licenseKey":""},{"campaignID":"798","attribution":0,"priority":"3","appToPromote":{"appToPromoteID":"5770","usesDefaultFrameImage":"0","usesDefaultCloseImage":"0","marketURL":"https:\/\/play.google.com\/store\/apps\/details?id=com.simulatorgames3d.alohacelebrations","packageID":"com.simulatorgames3d.alohacelebrations"},"showTemplate":1,"s2s_tracking_url":"https:\/\/play.google.com\/store\/apps\/details?id=com.simulatorgames3d.alohacelebrations","activeCreativeID":"787","scenes":["12","1","8","6","15","2","9"],"campaignAdType":"Interstitial","productId":"","purchaseBit":0,"licenseKey":""},{"campaignID":"1483","attribution":0,"priority":"3","appToPromote":{"appToPromoteID":"1714","usesDefaultFrameImage":"1","usesDefaultCloseImage":"1","marketURL":"https:\/\/play.google.com\/store\/apps\/details?id=com.playink.cookie.maker","packageID":"com.playink.cookie.maker"},"showTemplate":1,"s2s_tracking_url":"https:\/\/play.google.com\/store\/apps\/details?id=com.playink.cookie.maker","activeCreativeID":"1020","scenes":["12","1","8","6","15","2","9"],"campaignAdType":"Interstitial","productId":"","purchaseBit":0,"licenseKey":""},{"campaignID":"8762","attribution":0,"priority":"2","appToPromote":{"appToPromoteID":"13265","usesDefaultFrameImage":"0","usesDefaultCloseImage":"0","marketURL":"https:\/\/play.google.com\/store\/apps\/details?id=com.rhg.tricky.bike.stunt.moto.master","packageID":"com.rhg.tricky.bike.stunt.moto.master"},"showTemplate":1,"s2s_tracking_url":"https:\/\/play.google.com\/store\/apps\/details?id=com.rhg.tricky.bike.stunt.moto.master","activeCreativeID":"4121","scenes":["12","1","8","6","15","2","9"],"campaignAdType":"Rewarded Video","productId":"","purchaseBit":0,"licenseKey":""},{"campaignID":"9366","attribution":0,"priority":"2","appToPromote":{"appToPromoteID":"17602","usesDefaultFrameImage":"0","usesDefaultCloseImage":"0","marketURL":"https:\/\/play.google.com\/store\/apps\/details?id=com.abaenglish.videoclass&amp;referrer=utm_source=42matters.com&amp;utm_medium=api","packageID":"com.abaenglish.videoclass"},"showTemplate":1,"s2s_tracking_url":"https:\/\/play.google.com\/store\/apps\/details?id=com.abaenglish.videoclass&amp;referrer=utm_source=42matters.com&amp;utm_medium=api","activeCreativeID":"4815","scenes":["12","1","8","6","15","2","9"],"campaignAdType":"Interstitial","productId":"","purchaseBit":0,"licenseKey":""},{"campaignID":"9367","attribution":0,"priority":"2","appToPromote":{"appToPromoteID":"17602","usesDefaultFrameImage":"0","usesDefaultCloseImage":"0","marketURL":"https:\/\/play.google.com\/store\/apps\/details?id=com.abaenglish.videoclass&amp;referrer=utm_source=42matters.com&amp;utm_medium=api","packageID":"com.abaenglish.videoclass"},"showTemplate":1,"s2s_tracking_url":"https:\/\/play.google.com\/store\/apps\/details?id=com.abaenglish.videoclass&amp;referrer=utm_source=42matters.com&amp;utm_medium=api","activeCreativeID":"4815","scenes":["12","1","8","6","15","2","9"],"campaignAdType":"Interstitial","productId":"","purchaseBit":0,"licenseKey":""}],"refreshAdRate":30,"mode":"Production","aspectRatio":"4_3","cdnPath":"https:\/\/df8ymybeo92md.cloudfront.net\/images\/","sentry_log":0,"local_logging":0,"sentry_dsn":"https:\/\/93ffa1c9a4124f67b8888a53265f751a:bbf998e04584477fa9a145838e9d3b26@sentry.io\/168994","sentry_initialization":1,"sentry_debugging":0,"bannerSizes":["1"],"aspectRatioVideo":"16_9","app_id":"1936","showPreRewardedDialogue":0,"showPostRewardedDialogue":0,"rewardCurrency":"coins","rewardValue":0,"isSkipable":1,"privacyPolicyURL":"https:\/\/www.consoliads.com\/privacy-policy\/","sessionToken":"S27AFOWS\/yqVB3JRw\/EWv4C6STb1EF7dWK9mp89OIzZm1TXv15BRGbmxkYcxUZwPZhbc6OgnPsGVYn03wWjnJkHlm5KG+4K4\/C8L4jZCWPU4PaVRZxkBsUGQuRM2ezbkcHdxby78m8u\/y7CMXSSN8aO5auZh\/2RgZL0jCeSkSXg="}
Session token value is set


{"appKey":"516703e326af9856e83f9f4223432c4b","deviceID":"9469","stats":[{"campaignID":104,"packageID":"com.whitesand.construction.crane.cargo.plane","sceneStats":[{"sceneID":"24","eventStats":"394,294,194,94,94,0,0"}]}],"sdkVersion":"39","sessionToken":"S27AFOWS\/yqVB3JRw\/EWv4C6STb1EF7dWK9mp89OIzZm1TXv15BRGbmxkYcxUZwPZhbc6OgnPsGVYn03wWjnJkHlm5KG+4K4\/C8L4jZCWPU4PaVRZxkBsUGQuRM2ezbkcHdxby78m8u\/y7CMXSSN8aO5auZh\/2RgZL0jCeSkSXg="}
cache_ttl value is correct

Refresh Ad Rate value is correct
mode value is set

 Aspect ratio value is correct
sentry_log value is set
local_logging value is set
sentry_initialization value is set
sentry_debugging value is set
showPreRewardedDialogue value is set
showPostRewardedDialogue value is set
isSkipable value is set
{"cache_ttl":10080,"cache_ttl_rewarded":10080,"cache_ttl_banner":10080,"cache_ttl_native":10080,"cache_ttl_icon":10080,"refreshAdRate":30,"mode":"Production","aspectRatio":"4_3","cdnPath":"https:\/\/df8ymybeo92md.cloudfront.net\/images\/","sentry_log":0,"local_logging":0,"sentry_dsn":"https:\/\/93ffa1c9a4124f67b8888a53265f751a:bbf998e04584477fa9a145838e9d3b26@sentry.io\/168994","sentry_initialization":1,"sentry_debugging":0,"bannerSizes":[],"aspectRatioVideo":"16_9","app_id":"1752","showPreRewardedDialogue":0,"showPostRewardedDialogue":0,"rewardCurrency":"coins","rewardValue":0,"isSkipable":0,"privacyPolicyURL":"https:\/\/www.consoliads.com\/privacy-policy\/","sessionToken":"hnMBc0exzz8hGMivWMvs4S4qnNJIHbz825mZjjqpNf49hjzTwMNqYy\/00uKcMXqqZDgRq0yHiZCJREAbsQ3FuwoRIl6pdhVG7oGrTPAFP6uo003zrfYmK5vccmKehGAZnREcjdlew6QmHqRAsjTs71xaIbO7wYGuTA1QrFHzNNE="}
Session token value is set


{"appKey":"01cc5c461d53ae065213c5cd8caabc4f","deviceID":"8532","stats":[{"campaignID":110,"packageID":"com.mizo.police.airplane.transporter","sceneStats":[{"sceneID":"22","eventStats":"385,285,185,85,85,0,0"}]}],"sdkVersion":"2151","sessionToken":"hnMBc0exzz8hGMivWMvs4S4qnNJIHbz825mZjjqpNf49hjzTwMNqYy\/00uKcMXqqZDgRq0yHiZCJREAbsQ3FuwoRIl6pdhVG7oGrTPAFP6uo003zrfYmK5vccmKehGAZnREcjdlew6QmHqRAsjTs71xaIbO7wYGuTA1QrFHzNNE="}
cache_ttl value is correct

Refresh Ad Rate value is correct
mode value is set

 Aspect ratio value is correct
sentry_log value is set
local_logging value is set
sentry_initialization value is set
sentry_debugging value is set
showPreRewardedDialogue value is set
showPostRewardedDialogue value is set
isSkipable value is set
{"cache_ttl":10080,"cache_ttl_rewarded":10080,"cache_ttl_banner":10080,"cache_ttl_native":10080,"cache_ttl_icon":10080,"campaigns":[{"campaignID":"9277","attribution_link":"","attribution":1,"priority":"5","appToPromote":{"appToPromoteID":"17609","usesDefaultFrameImage":"0","usesDefaultCloseImage":"0","marketURL":"https:\/\/smartbear.com\/learn\/automated-testing\/test-automation-frameworks\/","packageID":"com.buntoo.buntooAd"},"showTemplate":1,"s2s_tracking_url":"","activeCreativeID":"4702","scenes":["1","2","6","4","5","15"],"campaignAdType":"Interstitial","productId":"","purchaseBit":0,"licenseKey":""},{"campaignID":"9278","attribution":0,"priority":"5","appToPromote":{"appToPromoteID":"17609","usesDefaultFrameImage":"0","usesDefaultCloseImage":"0","marketURL":"https:\/\/smartbear.com\/learn\/automated-testing\/test-automation-frameworks\/","packageID":"com.buntoo.buntooAd"},"showTemplate":1,"s2s_tracking_url":"https:\/\/smartbear.com\/learn\/automated-testing\/test-automation-frameworks\/","activeCreativeID":"4701","scenes":["1","2","6","4","5","15"],"campaignAdType":"Interstitial","productId":"","purchaseBit":0,"licenseKey":""},{"campaignID":"9279","attribution":0,"priority":"5","appToPromote":{"appToPromoteID":"17609","usesDefaultFrameImage":"0","usesDefaultCloseImage":"0","marketURL":"https:\/\/smartbear.com\/learn\/automated-testing\/test-automation-frameworks\/","packageID":"com.buntoo.buntooAd"},"showTemplate":1,"s2s_tracking_url":"https:\/\/smartbear.com\/learn\/automated-testing\/test-automation-frameworks\/","activeCreativeID":"4701","scenes":["1","2","6","4","5","15"],"campaignAdType":"Interstitial","productId":"","purchaseBit":0,"licenseKey":""},{"campaignID":"9280","attribution":0,"priority":"5","appToPromote":{"appToPromoteID":"17609","usesDefaultFrameImage":"0","usesDefaultCloseImage":"0","marketURL":"https:\/\/smartbear.com\/learn\/automated-testing\/test-automation-frameworks\/","packageID":"com.buntoo.buntooAd"},"showTemplate":1,"s2s_tracking_url":"https:\/\/smartbear.com\/learn\/automated-testing\/test-automation-frameworks\/","activeCreativeID":"4701","scenes":["1","2","6","4","5","15"],"campaignAdType":"Interstitial","productId":"","purchaseBit":0,"licenseKey":""},{"campaignID":"9281","attribution":0,"priority":"5","appToPromote":{"appToPromoteID":"17609","usesDefaultFrameImage":"0","usesDefaultCloseImage":"0","marketURL":"https:\/\/smartbear.com\/learn\/automated-testing\/test-automation-frameworks\/","packageID":"com.buntoo.buntooAd"},"showTemplate":1,"s2s_tracking_url":"https:\/\/smartbear.com\/learn\/automated-testing\/test-automation-frameworks\/","activeCreativeID":"4701","scenes":["1","2","6","4","5","15"],"campaignAdType":"Interstitial","productId":"","purchaseBit":0,"licenseKey":""},{"campaignID":"9282","attribution":0,"priority":"5","appToPromote":{"appToPromoteID":"17609","usesDefaultFrameImage":"0","usesDefaultCloseImage":"0","marketURL":"https:\/\/smartbear.com\/learn\/automated-testing\/test-automation-frameworks\/","packageID":"com.buntoo.buntooAd"},"showTemplate":1,"s2s_tracking_url":"https:\/\/smartbear.com\/learn\/automated-testing\/test-automation-frameworks\/","activeCreativeID":"4701","scenes":["1","2","6","4","5","15"],"campaignAdType":"Interstitial","productId":"","purchaseBit":0,"licenseKey":""},{"campaignID":"9283","attribution":0,"priority":"5","appToPromote":{"appToPromoteID":"17609","usesDefaultFrameImage":"0","usesDefaultCloseImage":"0","marketURL":"https:\/\/smartbear.com\/learn\/automated-testing\/test-automation-frameworks\/","packageID":"com.buntoo.buntooAd"},"showTemplate":1,"s2s_tracking_url":"https:\/\/smartbear.com\/learn\/automated-testing\/test-automation-frameworks\/","activeCreativeID":"4701","scenes":["1","2","6","4","5","15"],"campaignAdType":"Interstitial","productId":"","purchaseBit":0,"licenseKey":""},{"campaignID":"9285","attribution":0,"priority":"5","appToPromote":{"appToPromoteID":"14746","usesDefaultFrameImage":"0","usesDefaultCloseImage":"0","marketURL":"https:\/\/play.google.com\/store\/apps\/details?id=com.buntoo.army.bus.parking","packageID":"com.buntoo.army.bus.parking"},"showTemplate":1,"s2s_tracking_url":"https:\/\/play.google.com\/store\/apps\/details?id=com.buntoo.army.bus.parking","activeCreativeID":"4710","scenes":["1","2","6","4","5","15"],"campaignAdType":"Interstitial","productId":"","purchaseBit":0,"licenseKey":""},{"campaignID":"9287","attribution":0,"priority":"5","appToPromote":{"appToPromoteID":"14746","usesDefaultFrameImage":"0","usesDefaultCloseImage":"0","marketURL":"https:\/\/play.google.com\/store\/apps\/details?id=com.buntoo.army.bus.parking","packageID":"com.buntoo.army.bus.parking"},"showTemplate":1,"s2s_tracking_url":"https:\/\/play.google.com\/store\/apps\/details?id=com.buntoo.army.bus.parking","activeCreativeID":"4710","scenes":["1","2","6","4","5","15"],"campaignAdType":"Interstitial","productId":"","purchaseBit":0,"licenseKey":""},{"campaignID":"9289","attribution":0,"priority":"5","appToPromote":{"appToPromoteID":"17609","usesDefaultFrameImage":"0","usesDefaultCloseImage":"0","marketURL":"https:\/\/smartbear.com\/learn\/automated-testing\/test-automation-frameworks\/","packageID":"com.buntoo.buntooAd"},"showTemplate":1,"s2s_tracking_url":"https:\/\/smartbear.com\/learn\/automated-testing\/test-automation-frameworks\/","activeCreativeID":"4701","scenes":["1","2","6","4","5","15"],"campaignAdType":"Interstitial","productId":"","purchaseBit":0,"licenseKey":""},{"campaignID":"9290","attribution":0,"priority":"5","appToPromote":{"appToPromoteID":"17609","usesDefaultFrameImage":"0","usesDefaultCloseImage":"0","marketURL":"https:\/\/smartbear.com\/learn\/automated-testing\/test-automation-frameworks\/","packageID":"com.buntoo.buntooAd"},"showTemplate":1,"s2s_tracking_url":"https:\/\/smartbear.com\/learn\/automated-testing\/test-automation-frameworks\/","activeCreativeID":"4701","scenes":["1","2","6","4","5","15"],"campaignAdType":"Interstitial","productId":"","purchaseBit":0,"licenseKey":""},{"campaignID":"9293","attribution":0,"priority":"5","appToPromote":{"appToPromoteID":"17609","usesDefaultFrameImage":"0","usesDefaultCloseImage":"0","marketURL":"https:\/\/smartbear.com\/learn\/automated-testing\/test-automation-frameworks\/","packageID":"com.buntoo.buntooAd"},"showTemplate":1,"s2s_tracking_url":"https:\/\/smartbear.com\/learn\/automated-testing\/test-automation-frameworks\/","activeCreativeID":"4701","scenes":["1","2","6","4","5","15"],"campaignAdType":"Interstitial","productId":"","purchaseBit":0,"licenseKey":""},{"campaignID":"9296","attribution":0,"priority":"5","appToPromote":{"appToPromoteID":"17609","usesDefaultFrameImage":"0","usesDefaultCloseImage":"0","marketURL":"https:\/\/smartbear.com\/learn\/automated-testing\/test-automation-frameworks\/","packageID":"com.buntoo.buntooAd"},"showTemplate":1,"s2s_tracking_url":"https:\/\/smartbear.com\/learn\/automated-testing\/test-automation-frameworks\/","activeCreativeID":"4701","scenes":["1","2","6","4","5","15"],"campaignAdType":"Interstitial","productId":"","purchaseBit":0,"licenseKey":""},{"campaignID":"9297","attribution":0,"priority":"5","appToPromote":{"appToPromoteID":"17609","usesDefaultFrameImage":"0","usesDefaultCloseImage":"0","marketURL":"https:\/\/smartbear.com\/learn\/automated-testing\/test-automation-frameworks\/","packageID":"com.buntoo.buntooAd"},"showTemplate":1,"s2s_tracking_url":"https:\/\/smartbear.com\/learn\/automated-testing\/test-automation-frameworks\/","activeCreativeID":"4701","scenes":["1","2","6","4","5","15"],"campaignAdType":"Interstitial","productId":"","purchaseBit":0,"licenseKey":""},{"campaignID":"9299","attribution":0,"priority":"5","appToPromote":{"appToPromoteID":"17609","usesDefaultFrameImage":"0","usesDefaultCloseImage":"0","marketURL":"https:\/\/smartbear.com\/learn\/automated-testing\/test-automation-frameworks\/","packageID":"com.buntoo.buntooAd"},"showTemplate":1,"s2s_tracking_url":"https:\/\/smartbear.com\/learn\/automated-testing\/test-automation-frameworks\/","activeCreativeID":"4701","scenes":["1","2","6","4","5","15"],"campaignAdType":"Interstitial","productId":"","purchaseBit":0,"licenseKey":""},{"campaignID":"9301","attribution":0,"priority":"5","appToPromote":{"appToPromoteID":"17609","usesDefaultFrameImage":"0","usesDefaultCloseImage":"0","marketURL":"https:\/\/smartbear.com\/learn\/automated-testing\/test-automation-frameworks\/","packageID":"com.buntoo.buntooAd"},"showTemplate":1,"s2s_tracking_url":"https:\/\/smartbear.com\/learn\/automated-testing\/test-automation-frameworks\/","activeCreativeID":"4701","scenes":["1","2","6","4","5","15"],"campaignAdType":"Interstitial","productId":"","purchaseBit":0,"licenseKey":""},{"campaignID":"9305","attribution":0,"priority":"5","appToPromote":{"appToPromoteID":"14746","usesDefaultFrameImage":"0","usesDefaultCloseImage":"0","marketURL":"https:\/\/play.google.com\/store\/apps\/details?id=com.buntoo.army.bus.parking","packageID":"com.buntoo.army.bus.parking"},"showTemplate":1,"s2s_tracking_url":"https:\/\/play.google.com\/store\/apps\/details?id=com.buntoo.army.bus.parking","activeCreativeID":"4710","scenes":["1","2","6","4","5","15"],"campaignAdType":"Interstitial","productId":"","purchaseBit":0,"licenseKey":""},{"campaignID":"48","attribution":0,"priority":"5","appToPromote":{"appToPromoteID":"1074","usesDefaultFrameImage":"1","usesDefaultCloseImage":"1","marketURL":"https:\/\/play.google.com\/store\/apps\/details?id=com.mizo.construction.crane.hill.climb","packageID":"com.mizo.construction.crane.hill.climb"},"showTemplate":1,"s2s_tracking_url":"https:\/\/play.google.com\/store\/apps\/details?id=com.mizo.construction.crane.hill.climb","activeCreativeID":"65","scenes":["1","2","6","4","5","15"],"campaignAdType":"Interstitial","productId":"","purchaseBit":0,"licenseKey":""},{"campaignID":"50","attribution":0,"priority":"5","appToPromote":{"appToPromoteID":"1221","usesDefaultFrameImage":"1","usesDefaultCloseImage":"1","marketURL":"https:\/\/play.google.com\/store\/apps\/details?id=com.mizo.offroad.hill.climb","packageID":"com.mizo.offroad.hill.climb"},"showTemplate":1,"s2s_tracking_url":"https:\/\/play.google.com\/store\/apps\/details?id=com.mizo.offroad.hill.climb","activeCreativeID":"67","scenes":["1","2","6","4","5","15"],"campaignAdType":"Interstitial","productId":"","purchaseBit":0,"licenseKey":""},{"campaignID":"67","attribution":0,"priority":"5","appToPromote":{"appToPromoteID":"1306","usesDefaultFrameImage":"1","usesDefaultCloseImage":"1","marketURL":"https:\/\/play.google.com\/store\/apps\/details?id=com.mizo.extreme.heavy.truck","packageID":"com.mizo.extreme.heavy.truck"},"showTemplate":1,"s2s_tracking_url":"https:\/\/play.google.com\/store\/apps\/details?id=com.mizo.extreme.heavy.truck","activeCreativeID":"85","scenes":["1","2","6","4","5","15"],"campaignAdType":"Interstitial","productId":"","purchaseBit":0,"licenseKey":""},{"campaignID":"73","attribution":0,"priority":"5","appToPromote":{"appToPromoteID":"1458","usesDefaultFrameImage":"1","usesDefaultCloseImage":"1","marketURL":"https:\/\/play.google.com\/store\/apps\/details?id=com.mizo.army.prisoner.transport.simulator","packageID":"com.mizo.army.prisoner.transport.simulator"},"showTemplate":1,"s2s_tracking_url":"https:\/\/play.google.com\/store\/apps\/details?id=com.mizo.army.prisoner.transport.simulator","activeCreativeID":"93","scenes":["1","2","6","4","5","15"],"campaignAdType":"Interstitial","productId":"","purchaseBit":0,"licenseKey":""},{"campaignID":"74","attribution":0,"priority":"5","appToPromote":{"appToPromoteID":"1449","usesDefaultFrameImage":"1","usesDefaultCloseImage":"1","marketURL":"https:\/\/play.google.com\/store\/apps\/details?id=com.brilliantgamez.army.prisoners.transport.plane","packageID":"com.brilliantgamez.army.prisoners.transport.plane"},"showTemplate":1,"s2s_tracking_url":"https:\/\/play.google.com\/store\/apps\/details?id=com.brilliantgamez.army.prisoners.transport.plane","activeCreativeID":"94","scenes":["1","2","6","4","5","15"],"campaignAdType":"Interstitial","productId":"","purchaseBit":0,"licenseKey":""},{"campaignID":"78","attribution":0,"priority":"5","appToPromote":{"appToPromoteID":"1632","usesDefaultFrameImage":"1","usesDefaultCloseImage":"1","marketURL":"https:\/\/play.google.com\/store\/apps\/details?id=com.mizo.road.builder.city.construction","packageID":"com.mizo.road.builder.city.construction"},"showTemplate":1,"s2s_tracking_url":"https:\/\/play.google.com\/store\/apps\/details?id=com.mizo.road.builder.city.construction","activeCreativeID":"97","scenes":["1","2","6","4","5","15"],"campaignAdType":"Interstitial","productId":"","purchaseBit":0,"licenseKey":""},{"campaignID":"80","attribution":0,"priority":"5","appToPromote":{"appToPromoteID":"1675","usesDefaultFrameImage":"1","usesDefaultCloseImage":"1","marketURL":"https:\/\/play.google.com\/store\/apps\/details?id=com.mizo.flip.bottle.shooting.expert","packageID":"com.mizo.flip.bottle.shooting.expert"},"showTemplate":1,"s2s_tracking_url":"https:\/\/play.google.com\/store\/apps\/details?id=com.mizo.flip.bottle.shooting.expert","activeCreativeID":"100","scenes":["1","2","6","4","5","15"],"campaignAdType":"Interstitial","productId":"","purchaseBit":0,"licenseKey":""},{"campaignID":"110","attribution":0,"priority":"5","appToPromote":{"appToPromoteID":"1853","usesDefaultFrameImage":"1","usesDefaultCloseImage":"1","marketURL":"https:\/\/play.google.com\/store\/apps\/details?id=com.mizo.police.airplane.transporter","packageID":"com.mizo.police.airplane.transporter"},"showTemplate":1,"s2s_tracking_url":"https:\/\/play.google.com\/store\/apps\/details?id=com.mizo.police.airplane.transporter","activeCreativeID":"137","scenes":["1","2","6","4","5","15"],"campaignAdType":"Interstitial","productId":"","purchaseBit":0,"licenseKey":""},{"campaignID":"143","attribution":0,"priority":"5","appToPromote":{"appToPromoteID":"2089","usesDefaultFrameImage":"0","usesDefaultCloseImage":"0","marketURL":"https:\/\/play.google.com\/store\/apps\/details?id=com.mizo.sports.car.mechanic","packageID":"com.mizo.sports.car.mechanic"},"showTemplate":1,"s2s_tracking_url":"https:\/\/play.google.com\/store\/apps\/details?id=com.mizo.sports.car.mechanic","activeCreativeID":"184","scenes":["1","2","6","4","5","15"],"campaignAdType":"Interstitial","productId":"","purchaseBit":0,"licenseKey":""},{"campaignID":"147","attribution":0,"priority":"5","appToPromote":{"appToPromoteID":"2085","usesDefaultFrameImage":"0","usesDefaultCloseImage":"0","marketURL":"https:\/\/play.google.com\/store\/apps\/details?id=com.mizo.robot.gang.mafia","packageID":"com.mizo.robot.gang.mafia"},"showTemplate":1,"s2s_tracking_url":"https:\/\/play.google.com\/store\/apps\/details?id=com.mizo.robot.gang.mafia","activeCreativeID":"188","scenes":["1","2","6","4","5","15"],"campaignAdType":"Interstitial","productId":"","purchaseBit":0,"licenseKey":""},{"campaignID":"227","attribution":0,"priority":"5","appToPromote":{"appToPromoteID":"2571","usesDefaultFrameImage":"0","usesDefaultCloseImage":"0","marketURL":"https:\/\/play.google.com\/store\/apps\/details?id=com.mizo.raft.suvival","packageID":"com.mizo.raft.suvival"},"showTemplate":1,"s2s_tracking_url":"https:\/\/play.google.com\/store\/apps\/details?id=com.mizo.raft.suvival","activeCreativeID":"302","scenes":["1","2","6","4","5","15"],"campaignAdType":"Interstitial","productId":"","purchaseBit":0,"licenseKey":""},{"campaignID":"317","attribution":0,"priority":"5","appToPromote":{"appToPromoteID":"2723","usesDefaultFrameImage":"0","usesDefaultCloseImage":"0","marketURL":"https:\/\/play.google.com\/store\/apps\/details?id=com.mizo.helicopter.rescue","packageID":"com.mizo.helicopter.rescue"},"showTemplate":1,"s2s_tracking_url":"https:\/\/play.google.com\/store\/apps\/details?id=com.mizo.helicopter.rescue","activeCreativeID":"324","scenes":["1","2","6","4","5","15"],"campaignAdType":"Interstitial","productId":"","purchaseBit":0,"licenseKey":""},{"campaignID":"367","attribution":0,"priority":"5","appToPromote":{"appToPromoteID":"2911","usesDefaultFrameImage":"0","usesDefaultCloseImage":"0","marketURL":"https:\/\/play.google.com\/store\/apps\/details?id=com.mizo.police.ship.transporter","packageID":"com.mizo.police.ship.transporter"},"showTemplate":1,"s2s_tracking_url":"https:\/\/play.google.com\/store\/apps\/details?id=com.mizo.police.ship.transporter","activeCreativeID":"383","scenes":["1","2","6","4","5","15"],"campaignAdType":"Interstitial","productId":"","purchaseBit":0,"licenseKey":""},{"campaignID":"390","attribution":0,"priority":"5","appToPromote":{"appToPromoteID":"3077","usesDefaultFrameImage":"0","usesDefaultCloseImage":"0","marketURL":"https:\/\/play.google.com\/store\/apps\/details?id=com.mizo.transformer.shooting","packageID":"com.mizo.transformer.shooting"},"showTemplate":1,"s2s_tracking_url":"https:\/\/play.google.com\/store\/apps\/details?id=com.mizo.transformer.shooting","activeCreativeID":"441","scenes":["1","2","6","4","5","15"],"campaignAdType":"Interstitial","productId":"","purchaseBit":0,"licenseKey":""},{"campaignID":"408","attribution":0,"priority":"5","appToPromote":{"appToPromoteID":"3095","usesDefaultFrameImage":"0","usesDefaultCloseImage":"0","marketURL":"https:\/\/play.google.com\/store\/apps\/details?id=com.mizo.superhero.robot","packageID":"com.mizo.superhero.robot"},"showTemplate":1,"s2s_tracking_url":"https:\/\/play.google.com\/store\/apps\/details?id=com.mizo.superhero.robot","activeCreativeID":"443","scenes":["1","2","6","4","5","15"],"campaignAdType":"Interstitial","productId":"","purchaseBit":0,"licenseKey":""},{"campaignID":"410","attribution":0,"priority":"5","appToPromote":{"appToPromoteID":"3145","usesDefaultFrameImage":"0","usesDefaultCloseImage":"0","marketURL":"https:\/\/play.google.com\/store\/apps\/details?id=com.mizo.extreme.bikerider","packageID":"com.mizo.extreme.bikerider"},"showTemplate":1,"s2s_tracking_url":"https:\/\/play.google.com\/store\/apps\/details?id=com.mizo.extreme.bikerider","activeCreativeID":"448","scenes":["1","2","6","4","5","15"],"campaignAdType":"Interstitial","productId":"","purchaseBit":0,"licenseKey":""},{"campaignID":"428","attribution":0,"priority":"5","appToPromote":{"appToPromoteID":"3250","usesDefaultFrameImage":"0","usesDefaultCloseImage":"0","marketURL":"https:\/\/play.google.com\/store\/apps\/details?id=com.mizo.bicycle.stunt.racer","packageID":"com.mizo.bicycle.stunt.racer"},"showTemplate":1,"s2s_tracking_url":"https:\/\/play.google.com\/store\/apps\/details?id=com.mizo.bicycle.stunt.racer","activeCreativeID":"472","scenes":["1","2","6","4","5","15"],"campaignAdType":"Interstitial","productId":"","purchaseBit":0,"licenseKey":""},{"campaignID":"429","attribution":0,"priority":"5","appToPromote":{"appToPromoteID":"3253","usesDefaultFrameImage":"0","usesDefaultCloseImage":"0","marketURL":"https:\/\/play.google.com\/store\/apps\/details?id=com.mizo.rooftop.stunts","packageID":"com.mizo.rooftop.stunts"},"showTemplate":1,"s2s_tracking_url":"https:\/\/play.google.com\/store\/apps\/details?id=com.mizo.rooftop.stunts","activeCreativeID":"474","scenes":["1","2","6","4","5","15"],"campaignAdType":"Interstitial","productId":"","purchaseBit":0,"licenseKey":""},{"campaignID":"456","attribution":0,"priority":"5","appToPromote":{"appToPromoteID":"2448","usesDefaultFrameImage":"0","usesDefaultCloseImage":"0","marketURL":"https:\/\/play.google.com\/store\/apps\/details?id=com.mizo.battle.simulator","packageID":"com.mizo.battle.simulator"},"showTemplate":1,"s2s_tracking_url":"https:\/\/play.google.com\/store\/apps\/details?id=com.mizo.battle.simulator","activeCreativeID":"503","scenes":["1","2","6","4","5","15"],"campaignAdType":"Interstitial","productId":"","purchaseBit":0,"licenseKey":""},{"campaignID":"482","attribution":0,"priority":"5","appToPromote":{"appToPromoteID":"2877","usesDefaultFrameImage":"0","usesDefaultCloseImage":"0","marketURL":"https:\/\/play.google.com\/store\/apps\/details?id=com.mizo.underwater.tourist.bus","packageID":"com.mizo.underwater.tourist.bus"},"showTemplate":1,"s2s_tracking_url":"https:\/\/play.google.com\/store\/apps\/details?id=com.mizo.underwater.tourist.bus","activeCreativeID":"540","scenes":["1","2","6","4","5","15"],"campaignAdType":"Interstitial","productId":"","purchaseBit":0,"licenseKey":""},{"campaignID":"483","attribution":0,"priority":"5","appToPromote":{"appToPromoteID":"3440","usesDefaultFrameImage":"0","usesDefaultCloseImage":"0","marketURL":"https:\/\/play.google.com\/store\/apps\/details?id=com.mizo.police.cruiser.transport","packageID":"com.mizo.police.cruiser.transport"},"showTemplate":1,"s2s_tracking_url":"https:\/\/play.google.com\/store\/apps\/details?id=com.mizo.police.cruiser.transport","activeCreativeID":"541","scenes":["1","2","6","4","5","15"],"campaignAdType":"Interstitial","productId":"","purchaseBit":0,"licenseKey":""},{"campaignID":"490","attribution":0,"priority":"5","appToPromote":{"appToPromoteID":"3518","usesDefaultFrameImage":"0","usesDefaultCloseImage":"0","marketURL":"https:\/\/play.google.com\/store\/apps\/details?id=com.crazyneuron.superhero.robot.world","packageID":"com.crazyneuron.superhero.robot.world"},"showTemplate":1,"s2s_tracking_url":"https:\/\/play.google.com\/store\/apps\/details?id=com.crazyneuron.superhero.robot.world","activeCreativeID":"550","scenes":["1","2","6","4","5","15"],"campaignAdType":"Interstitial","productId":"","purchaseBit":0,"licenseKey":""},{"campaignID":"501","attribution":0,"priority":"5","appToPromote":{"appToPromoteID":"3579","usesDefaultFrameImage":"0","usesDefaultCloseImage":"0","marketURL":"https:\/\/play.google.com\/store\/apps\/details?id=com.crazyneuron.us.army.transport","packageID":"com.crazyneuron.us.army.transport"},"showTemplate":1,"s2s_tracking_url":"https:\/\/play.google.com\/store\/apps\/details?id=com.crazyneuron.us.army.transport","activeCreativeID":"577","scenes":["1","2","6","4","5","15"],"campaignAdType":"Interstitial","productId":"","purchaseBit":0,"licenseKey":""},{"campaignID":"512","attribution":0,"priority":"5","appToPromote":{"appToPromoteID":"3683","usesDefaultFrameImage":"0","usesDefaultCloseImage":"0","marketURL":"https:\/\/play.google.com\/store\/apps\/details?id=com.mizo.plane.landing","packageID":"com.mizo.plane.landing"},"showTemplate":1,"s2s_tracking_url":"https:\/\/play.google.com\/store\/apps\/details?id=com.mizo.plane.landing","activeCreativeID":"594","scenes":["1","2","6","4","5","15"],"campaignAdType":"Interstitial","productId":"","purchaseBit":0,"licenseKey":""},{"campaignID":"6210","attribution":0,"priority":"5","appToPromote":{"appToPromoteID":"11566","usesDefaultFrameImage":"0","usesDefaultCloseImage":"0","marketURL":"https:\/\/play.google.com\/store\/apps\/details?id=com.mizo.line.drawing.puzzle.game","packageID":"com.mizo.line.drawing.puzzle.game"},"showTemplate":1,"s2s_tracking_url":"https:\/\/play.google.com\/store\/apps\/details?id=com.mizo.line.drawing.puzzle.game","activeCreativeID":"1322","scenes":["1","2","6","4","5","15"],"campaignAdType":"Video","productId":"","purchaseBit":0,"licenseKey":""},{"campaignID":"6213","attribution":0,"priority":"5","appToPromote":{"appToPromoteID":"11633","usesDefaultFrameImage":"0","usesDefaultCloseImage":"0","marketURL":"https:\/\/play.google.com\/store\/apps\/details?id=com.mizo.car.driving.simulator","packageID":"com.mizo.car.driving.simulator"},"showTemplate":1,"s2s_tracking_url":"https:\/\/play.google.com\/store\/apps\/details?id=com.mizo.car.driving.simulator","activeCreativeID":"1325","scenes":["1","2","6","4","5","15"],"campaignAdType":"Video","productId":"","purchaseBit":0,"licenseKey":""},{"campaignID":"6214","attribution":0,"priority":"5","appToPromote":{"appToPromoteID":"11661","usesDefaultFrameImage":"0","usesDefaultCloseImage":"0","marketURL":"https:\/\/play.google.com\/store\/apps\/details?id=com.mizo.car.tycoon.game","packageID":"com.mizo.car.tycoon.game"},"showTemplate":1,"s2s_tracking_url":"https:\/\/play.google.com\/store\/apps\/details?id=com.mizo.car.tycoon.game","activeCreativeID":"1326","scenes":["1","2","6","4","5","15"],"campaignAdType":"Video","productId":"","purchaseBit":0,"licenseKey":""},{"campaignID":"6254","attribution":0,"priority":"5","appToPromote":{"appToPromoteID":"11810","usesDefaultFrameImage":"0","usesDefaultCloseImage":"0","marketURL":"https:\/\/play.google.com\/store\/apps\/details?id=com.mizo.car.transporter.games","packageID":"com.mizo.car.transporter.games"},"showTemplate":1,"s2s_tracking_url":"https:\/\/play.google.com\/store\/apps\/details?id=com.mizo.car.transporter.games","activeCreativeID":"1370","scenes":["1","2","6","4","5","15"],"campaignAdType":"Video","productId":"","purchaseBit":0,"licenseKey":""},{"campaignID":"6256","attribution":0,"priority":"5","appToPromote":{"appToPromoteID":"11880","usesDefaultFrameImage":"0","usesDefaultCloseImage":"0","marketURL":"https:\/\/play.google.com\/store\/apps\/details?id=com.mizo.us.army.transporter","packageID":"com.mizo.us.army.transporter"},"showTemplate":1,"s2s_tracking_url":"https:\/\/play.google.com\/store\/apps\/details?id=com.mizo.us.army.transporter","activeCreativeID":"1372","scenes":["1","2","6","4","5","15"],"campaignAdType":"Video","productId":"","purchaseBit":0,"licenseKey":""},{"campaignID":"6264","attribution":0,"priority":"5","appToPromote":{"appToPromoteID":"11879","usesDefaultFrameImage":"0","usesDefaultCloseImage":"0","marketURL":"https:\/\/play.google.com\/store\/apps\/details?id=com.buntoo.car.racing.games","packageID":"com.buntoo.car.racing.games"},"showTemplate":1,"s2s_tracking_url":"https:\/\/play.google.com\/store\/apps\/details?id=com.buntoo.car.racing.games","activeCreativeID":"1380","scenes":["1","2","6","4","5","15"],"campaignAdType":"Video","productId":"","purchaseBit":0,"licenseKey":""},{"campaignID":"6363","attribution":0,"priority":"5","appToPromote":{"appToPromoteID":"12100","usesDefaultFrameImage":"0","usesDefaultCloseImage":"0","marketURL":"https:\/\/play.google.com\/store\/apps\/details?id=com.mizo.police.transport.shooting","packageID":"com.mizo.police.transport.shooting"},"showTemplate":1,"s2s_tracking_url":"https:\/\/play.google.com\/store\/apps\/details?id=com.mizo.police.transport.shooting","activeCreativeID":"1519","scenes":["1","2","6","4","5","15"],"campaignAdType":"Video","productId":"","purchaseBit":0,"licenseKey":""},{"campaignID":"6430","attribution":0,"priority":"5","appToPromote":{"appToPromoteID":"12340","usesDefaultFrameImage":"0","usesDefaultCloseImage":"0","marketURL":"https:\/\/play.google.com\/store\/apps\/details?id=com.buntoo.robot.car.transporter.games","packageID":"com.buntoo.robot.car.transporter.games"},"showTemplate":1,"s2s_tracking_url":"https:\/\/play.google.com\/store\/apps\/details?id=com.buntoo.robot.car.transporter.games","activeCreativeID":"1563","scenes":["1","2","6","4","5","15"],"campaignAdType":"Video","productId":"","purchaseBit":0,"licenseKey":""},{"campaignID":"6432","attribution":0,"priority":"5","appToPromote":{"appToPromoteID":"12565","usesDefaultFrameImage":"0","usesDefaultCloseImage":"0","marketURL":"https:\/\/play.google.com\/store\/apps\/details?id=com.mizo.train.gold.robbery.games","packageID":"com.mizo.train.gold.robbery.games"},"showTemplate":1,"s2s_tracking_url":"https:\/\/play.google.com\/store\/apps\/details?id=com.mizo.train.gold.robbery.games","activeCreativeID":"1565","scenes":["1","2","6","4","5","15"],"campaignAdType":"Video","productId":"","purchaseBit":0,"licenseKey":""}],"refreshAdRate":30,"mode":"Production","aspectRatio":"4_3","cdnPath":"https:\/\/df8ymybeo92md.cloudfront.net\/images\/","sentry_log":0,"local_logging":0,"sentry_dsn":"https:\/\/93ffa1c9a4124f67b8888a53265f751a:bbf998e04584477fa9a145838e9d3b26@sentry.io\/168994","sentry_initialization":1,"sentry_debugging":0,"bannerSizes":["1"],"aspectRatioVideo":"16_9","app_id":"1853","showPreRewardedDialogue":0,"showPostRewardedDialogue":0,"rewardCurrency":"coins","rewardValue":0,"isSkipable":1,"privacyPolicyURL":"https:\/\/www.consoliads.com\/privacy-policy\/","sessionToken":"xKlV5xtIiaPDkueDosCksUVPKAmPY1fvRFtLdplF6ITexkCp\/dvq3RPBuBbTaM6yzJ\/M8iFICWaTblMTdmqsYi\/uEDNu9GBa+\/Xn7cVyaWQmum0K3kbj0vkJKjQ3yteq5aolHQUH63auIVqsIwuc8LESpb8Jt2wV3\/Qk02ARVig="}
Session token value is set


{"appKey":"2f239cc63433a12656a3d1e2832fa017","deviceID":"4705","stats":[{"campaignID":114,"packageID":"com.vg.police.secret.agent.crime.gang","sceneStats":[{"sceneID":"12","eventStats":"347,247,147,47,47,0,0"}]}],"sdkVersion":"2163","sessionToken":"xKlV5xtIiaPDkueDosCksUVPKAmPY1fvRFtLdplF6ITexkCp\/dvq3RPBuBbTaM6yzJ\/M8iFICWaTblMTdmqsYi\/uEDNu9GBa+\/Xn7cVyaWQmum0K3kbj0vkJKjQ3yteq5aolHQUH63auIVqsIwuc8LESpb8Jt2wV3\/Qk02ARVig="}
cache_ttl value is correct

Title value is correct

Title value is correct

Title value is correct

Title value is correct

Title value is correct

Title value is correct

Refresh Ad Rate value is correct
mode value is set

 Aspect ratio value is correct
sentry_log value is set
local_logging value is set
sentry_initialization value is set
sentry_debugging value is set
showPreRewardedDialogue value is set
showPostRewardedDialogue value is set
isSkipable value is set
{"cache_ttl":10080,"cache_ttl_rewarded":10080,"cache_ttl_banner":10080,"cache_ttl_native":10080,"cache_ttl_icon":10080,"campaigns":[{"campaignID":"8226","attribution":0,"priority":"8","appToPromote":{"appToPromoteID":"12623","usesDefaultFrameImage":"0","usesDefaultCloseImage":"0","marketURL":"https:\/\/play.google.com\/store\/apps\/details?id=com.igg.android.lordsmobile&amp;referrer=utm_source=42matters.com&amp;utm_medium=api","packageID":"com.nooribrand.android.lordsmobile"},"showTemplate":1,"s2s_tracking_url":"https:\/\/play.google.com\/store\/apps\/details?id=com.igg.android.lordsmobile&amp;referrer=utm_source=42matters.com&amp;utm_medium=api","activeCreativeID":"3557","scenes":["12","1","8","6","15","2","9"],"campaignAdType":"Icon","productId":"","purchaseBit":0,"licenseKey":""},{"campaignID":"8378","attribution":0,"priority":"8","appToPromote":{"appToPromoteID":"16480","usesDefaultFrameImage":"0","usesDefaultCloseImage":"0","marketURL":"https:\/\/play.google.com\/store\/apps\/details?id=com.nag.home.manager.working.virtual.mom","packageID":"com.GSS317.AmazingFamily"},"showTemplate":1,"s2s_tracking_url":"https:\/\/play.google.com\/store\/apps\/details?id=com.nag.home.manager.working.virtual.mom","activeCreativeID":"3720","scenes":["12","1","8","6","15","2","9"],"campaignAdType":"Interstitial","productId":"","purchaseBit":0,"licenseKey":""},{"campaignID":"8613","attribution":0,"priority":"8","appToPromote":{"appToPromoteID":"12623","usesDefaultFrameImage":"0","usesDefaultCloseImage":"0","marketURL":"https:\/\/play.google.com\/store\/apps\/details?id=com.igg.android.lordsmobile&amp;referrer=utm_source=42matters.com&amp;utm_medium=api","packageID":"com.nooribrand.android.lordsmobile"},"showTemplate":1,"s2s_tracking_url":"https:\/\/play.google.com\/store\/apps\/details?id=com.igg.android.lordsmobile&amp;referrer=utm_source=42matters.com&amp;utm_medium=api","activeCreativeID":"3557","scenes":["12","1","8","6","15","2","9"],"campaignAdType":"Icon","productId":"","purchaseBit":0,"licenseKey":""},{"campaignID":"9252","attribution":0,"priority":"8","appToPromote":{"appToPromoteID":"12315","usesDefaultFrameImage":"0","usesDefaultCloseImage":"0","marketURL":"google.com","packageID":"com.qabrand.plnative"},"showTemplate":1,"s2s_tracking_url":"google.com","activeCreativeID":"4683","scenes":["12","1","8","6","15","2","9"],"campaignAdType":"Native","title":"Native first","subTitle":"First ","description":"New description","adClickThroughText":"FIRST Button","productId":"","purchaseBit":0,"licenseKey":""},{"campaignID":"9253","attribution":0,"priority":"8","appToPromote":{"appToPromoteID":"12315","usesDefaultFrameImage":"0","usesDefaultCloseImage":"0","marketURL":"google.com","packageID":"com.qabrand.plnative"},"showTemplate":1,"s2s_tracking_url":"google.com","activeCreativeID":"4683","scenes":["12","1","8","6","15","2","9"],"campaignAdType":"Native","title":"Native first","subTitle":"First ","description":"New description","adClickThroughText":"FIRST Button","productId":"","purchaseBit":0,"licenseKey":""},{"campaignID":"9255","attribution":0,"priority":"8","appToPromote":{"appToPromoteID":"13274","usesDefaultFrameImage":"0","usesDefaultCloseImage":"0","marketURL":"https:\/\/play.google.com\/store\/apps\/details?id=com.facebook.katana","packageID":"com.salon.adsalon"},"showTemplate":1,"s2s_tracking_url":"https:\/\/play.google.com\/store\/apps\/details?id=com.facebook.katana","activeCreativeID":"4685","scenes":["12","1","8","6","15","2","9"],"campaignAdType":"Native","title":"native NA ","subTitle":"native NA ","description":"native NA added","adClickThroughText":"native NA ","productId":"","purchaseBit":0,"licenseKey":""},{"campaignID":"9257","attribution":0,"priority":"8","appToPromote":{"appToPromoteID":"12286","usesDefaultFrameImage":"0","usesDefaultCloseImage":"0","marketURL":"google.com","packageID":"com.qabrand.Chartboost_Native"},"showTemplate":1,"s2s_tracking_url":"google.com","activeCreativeID":"4688","scenes":["12","1","8","6","15","2","9"],"campaignAdType":"Native","title":"Native second updated","subTitle":"Native second ","description":"Native second details","adClickThroughText":"Native second ","productId":"","purchaseBit":0,"licenseKey":""},{"campaignID":"9263","attribution":0,"priority":"8","appToPromote":{"appToPromoteID":"12315","usesDefaultFrameImage":"0","usesDefaultCloseImage":"0","marketURL":"google.com","packageID":"com.qabrand.plnative"},"showTemplate":1,"s2s_tracking_url":"google.com","activeCreativeID":"4694","scenes":["12","1","8","6","15","2","9"],"campaignAdType":"Native","title":"test","subTitle":"test","description":" test details update","adClickThroughText":"test","productId":"","purchaseBit":0,"licenseKey":""},{"campaignID":"9547","attribution":0,"priority":"8","appToPromote":{"appToPromoteID":"11879","usesDefaultFrameImage":"0","usesDefaultCloseImage":"0","marketURL":"https:\/\/play.google.com\/store\/apps\/details?id=com.buntoo.car.racing.games","packageID":"com.buntoo.car.racing.games"},"showTemplate":1,"s2s_tracking_url":"https:\/\/play.google.com\/store\/apps\/details?id=com.buntoo.car.racing.games","activeCreativeID":"4964","scenes":["12","1","8","6","15","2","9"],"campaignAdType":"Interstitial","productId":"","purchaseBit":0,"licenseKey":""},{"campaignID":"9586","attribution":0,"priority":"8","appToPromote":{"appToPromoteID":"515","usesDefaultFrameImage":"1","usesDefaultCloseImage":"1","marketURL":"https:\/\/play.google.com\/store\/apps\/details?id=com.plum.cash.counter.simualtor","packageID":"com.plum.cash.counter.simualtor"},"showTemplate":1,"s2s_tracking_url":"https:\/\/play.google.com\/store\/apps\/details?id=com.plum.cash.counter.simualtor","activeCreativeID":"50","scenes":["12","1","8","6","15","2","9"],"campaignAdType":"Interstitial","productId":"","purchaseBit":0,"licenseKey":""},{"campaignID":"9587","attribution":0,"priority":"8","appToPromote":{"appToPromoteID":"515","usesDefaultFrameImage":"1","usesDefaultCloseImage":"1","marketURL":"https:\/\/play.google.com\/store\/apps\/details?id=com.plum.cash.counter.simualtor","packageID":"com.plum.cash.counter.simualtor"},"showTemplate":1,"s2s_tracking_url":"https:\/\/play.google.com\/store\/apps\/details?id=com.plum.cash.counter.simualtor","activeCreativeID":"50","scenes":["12","1","8","6","15","2","9"],"campaignAdType":"Interstitial","productId":"","purchaseBit":0,"licenseKey":""},{"campaignID":"9588","attribution":0,"priority":"8","appToPromote":{"appToPromoteID":"515","usesDefaultFrameImage":"1","usesDefaultCloseImage":"1","marketURL":"https:\/\/play.google.com\/store\/apps\/details?id=com.plum.cash.counter.simualtor","packageID":"com.plum.cash.counter.simualtor"},"showTemplate":1,"s2s_tracking_url":"https:\/\/play.google.com\/store\/apps\/details?id=com.plum.cash.counter.simualtor","activeCreativeID":"50","scenes":["12","1","8","6","15","2","9"],"campaignAdType":"Interstitial","productId":"","purchaseBit":0,"licenseKey":""},{"campaignID":"9589","attribution":0,"priority":"8","appToPromote":{"appToPromoteID":"515","usesDefaultFrameImage":"1","usesDefaultCloseImage":"1","marketURL":"https:\/\/play.google.com\/store\/apps\/details?id=com.plum.cash.counter.simualtor","packageID":"com.plum.cash.counter.simualtor"},"showTemplate":1,"s2s_tracking_url":"https:\/\/play.google.com\/store\/apps\/details?id=com.plum.cash.counter.simualtor","activeCreativeID":"50","scenes":["12","1","8","6","15","2","9"],"campaignAdType":"Interstitial","productId":"","purchaseBit":0,"licenseKey":""},{"campaignID":"9599","attribution":0,"priority":"8","appToPromote":{"appToPromoteID":"515","usesDefaultFrameImage":"1","usesDefaultCloseImage":"1","marketURL":"https:\/\/play.google.com\/store\/apps\/details?id=com.plum.cash.counter.simualtor","packageID":"com.plum.cash.counter.simualtor"},"showTemplate":1,"s2s_tracking_url":"https:\/\/play.google.com\/store\/apps\/details?id=com.plum.cash.counter.simualtor","activeCreativeID":"5001","scenes":["12","1","8","6","15","2","9"],"campaignAdType":"Icon","productId":"","purchaseBit":0,"licenseKey":""},{"campaignID":"9127","attribution":0,"priority":"8","appToPromote":{"appToPromoteID":"17528","usesDefaultFrameImage":"0","usesDefaultCloseImage":"0","marketURL":"https:\/\/play.google.com\/store\/apps\/details?id=net.one97.paytm","packageID":"net.one97.paytm"},"showTemplate":1,"s2s_tracking_url":"https:\/\/tha.gotrackier.com\/click?campaign_id=63249\\u0026pub_id=75?p1=2007_9127_4705&amp;source=6841&amp;app_name=PoliceSecretAgentCrimeGang&amp;gaid=4705","activeCreativeID":"4788","scenes":["12","1","8","6","15","2","9"],"campaignAdType":"Native","title":"BCA","subTitle":"FW","description":"nope","adClickThroughText":"Link","productId":"","purchaseBit":0,"licenseKey":""},{"campaignID":"9131","attribution":0,"priority":"8","appToPromote":{"appToPromoteID":"17532","usesDefaultFrameImage":"0","usesDefaultCloseImage":"0","marketURL":"https:\/\/play.google.com\/store\/apps\/details?id=com.dhgate.buyermob","packageID":"com.dhgate.buyermob"},"showTemplate":1,"s2s_tracking_url":"https:\/\/tha.gotrackier.com\/click?campaign_id=63254\\u0026pub_id=75?p1=2007_9131_4705&amp;source=6841&amp;app_name=PoliceSecretAgentCrimeGang&amp;gaid=4705","activeCreativeID":"4483","scenes":["12","1","8","6","15","2","9"],"campaignAdType":"Interstitial","productId":"","purchaseBit":0,"licenseKey":""},{"campaignID":"8380","attribution_link":"","attribution":1,"priority":"7","appToPromote":{"appToPromoteID":"16480","usesDefaultFrameImage":"0","usesDefaultCloseImage":"0","marketURL":"https:\/\/play.google.com\/store\/apps\/details?id=com.nag.home.manager.working.virtual.mom","packageID":"com.GSS317.AmazingFamily"},"showTemplate":1,"s2s_tracking_url":"","activeCreativeID":"3720","scenes":["12","1","8","6","15","2","9"],"campaignAdType":"Interstitial","productId":"","purchaseBit":0,"licenseKey":""},{"campaignID":"444","attribution":0,"priority":"6","appToPromote":{"appToPromoteID":"3355","usesDefaultFrameImage":"0","usesDefaultCloseImage":"0","marketURL":"https:\/\/play.google.com\/store\/apps\/details?id=com.popnsons.parkour.mouse","packageID":"com.popnsons.parkour.mouse"},"showTemplate":1,"s2s_tracking_url":"https:\/\/play.google.com\/store\/apps\/details?id=com.popnsons.parkour.mouse","activeCreativeID":"469","scenes":["12","1","8","6","15","2","9"],"campaignAdType":"Interstitial","productId":"","purchaseBit":0,"licenseKey":""},{"campaignID":"561","attribution":0,"priority":"6","appToPromote":{"appToPromoteID":"5026","usesDefaultFrameImage":"0","usesDefaultCloseImage":"0","marketURL":"https:\/\/play.google.com\/store\/apps\/details?id=com.as.cashupapp","packageID":"com.as.cashupapp"},"showTemplate":1,"s2s_tracking_url":"https:\/\/play.google.com\/store\/apps\/details?id=com.as.cashupapp","activeCreativeID":"652","scenes":["12","1","8","6","15","2","9"],"campaignAdType":"Interstitial","productId":"","purchaseBit":0,"licenseKey":""},{"campaignID":"570","attribution":0,"priority":"6","appToPromote":{"appToPromoteID":"3802","usesDefaultFrameImage":"0","usesDefaultCloseImage":"0","marketURL":"https:\/\/play.google.com\/store\/apps\/details?id=com.Madxstudios.Flickshootsoccer","packageID":"com.Madxstudios.Flickshootsoccer"},"showTemplate":1,"s2s_tracking_url":"https:\/\/play.google.com\/store\/apps\/details?id=com.Madxstudios.Flickshootsoccer","activeCreativeID":"661","scenes":["12","1","8","6","15","2","9"],"campaignAdType":"Interstitial","productId":"","purchaseBit":0,"licenseKey":""},{"campaignID":"588","attribution":0,"priority":"6","appToPromote":{"appToPromoteID":"5026","usesDefaultFrameImage":"0","usesDefaultCloseImage":"0","marketURL":"https:\/\/play.google.com\/store\/apps\/details?id=com.as.cashupapp","packageID":"com.as.cashupapp"},"showTemplate":1,"s2s_tracking_url":"https:\/\/play.google.com\/store\/apps\/details?id=com.as.cashupapp","activeCreativeID":"652","scenes":["12","1","8","6","15","2","9"],"campaignAdType":"Interstitial","productId":"","purchaseBit":0,"licenseKey":""},{"campaignID":"8808","attribution_link":"","attribution":1,"priority":"5","appToPromote":{"appToPromoteID":"16528","usesDefaultFrameImage":"0","usesDefaultCloseImage":"0","marketURL":"https:\/\/play.google.com\/store\/apps\/details?id=com.bag.farm.day.village.farming.games","packageID":"com.GSS317.com.bag.farm.day.village.farming.games"},"showTemplate":1,"s2s_tracking_url":"","activeCreativeID":"3775","scenes":["12","1","8","6","15","2","9"],"campaignAdType":"Interstitial","productId":"","purchaseBit":0,"licenseKey":""},{"campaignID":"8876","attribution":0,"priority":"5","appToPromote":{"appToPromoteID":"15640","usesDefaultFrameImage":"0","usesDefaultCloseImage":"0","marketURL":"https:\/\/play.google.com\/store\/apps\/details?id=com.pgz.police.bike.stunt.ramp.bike.racing.games","packageID":"com.pgz.police.bike.stunt.ramp.bike.racing.games"},"showTemplate":1,"s2s_tracking_url":"https:\/\/play.google.com\/store\/apps\/details?id=com.pgz.police.bike.stunt.ramp.bike.racing.games","activeCreativeID":"4236","scenes":["12","1","8","6","15","2","9"],"campaignAdType":"Interstitial","productId":"","purchaseBit":0,"licenseKey":""},{"campaignID":"8972","attribution":0,"priority":"5","appToPromote":{"appToPromoteID":"15974","usesDefaultFrameImage":"0","usesDefaultCloseImage":"0","marketURL":"https:\/\/play.google.com\/store\/apps\/details?id=com.mustardgames.bmx.cycle.stunt.mega.ramp.impossibletracks","packageID":"com.mustardgames.bmx.cycle.stunt.mega.ramp.impossibletracks"},"showTemplate":1,"s2s_tracking_url":"https:\/\/play.google.com\/store\/apps\/details?id=com.mustardgames.bmx.cycle.stunt.mega.ramp.impossibletracks","activeCreativeID":"4339","scenes":["12","1","8","6","15","2","9"],"campaignAdType":"Interstitial","productId":"","purchaseBit":0,"licenseKey":""},{"campaignID":"8973","attribution":0,"priority":"5","appToPromote":{"appToPromoteID":"15974","usesDefaultFrameImage":"0","usesDefaultCloseImage":"0","marketURL":"https:\/\/play.google.com\/store\/apps\/details?id=com.mustardgames.bmx.cycle.stunt.mega.ramp.impossibletracks","packageID":"com.mustardgames.bmx.cycle.stunt.mega.ramp.impossibletracks"},"showTemplate":1,"s2s_tracking_url":"https:\/\/play.google.com\/store\/apps\/details?id=com.mustardgames.bmx.cycle.stunt.mega.ramp.impossibletracks","activeCreativeID":"4339","scenes":["12","1","8","6","15","2","9"],"campaignAdType":"Interstitial","productId":"","purchaseBit":0,"licenseKey":""},{"campaignID":"8974","attribution":0,"priority":"5","appToPromote":{"appToPromoteID":"15974","usesDefaultFrameImage":"0","usesDefaultCloseImage":"0","marketURL":"https:\/\/play.google.com\/store\/apps\/details?id=com.mustardgames.bmx.cycle.stunt.mega.ramp.impossibletracks","packageID":"com.mustardgames.bmx.cycle.stunt.mega.ramp.impossibletracks"},"showTemplate":1,"s2s_tracking_url":"https:\/\/play.google.com\/store\/apps\/details?id=com.mustardgames.bmx.cycle.stunt.mega.ramp.impossibletracks","activeCreativeID":"3564","scenes":["12","1","8","6","15","2","9"],"campaignAdType":"Video","productId":"","purchaseBit":0,"licenseKey":""},{"campaignID":"8747","attribution":0,"priority":"3","appToPromote":{"appToPromoteID":"16244","usesDefaultFrameImage":"0","usesDefaultCloseImage":"0","marketURL":"https:\/\/play.google.com\/store\/apps\/details?id=com.mustardgames.formula.car.racing.ramp.car.stunt.impossible.tracks","packageID":"com.mustardgames.formula.car.racing.ramp.car.stunt.impossible.tracks"},"showTemplate":1,"s2s_tracking_url":"https:\/\/play.google.com\/store\/apps\/details?id=com.mustardgames.formula.car.racing.ramp.car.stunt.impossible.tracks","activeCreativeID":"3993","scenes":["12","1","8","6","15","2","9"],"campaignAdType":"Video","productId":"","purchaseBit":0,"licenseKey":""},{"campaignID":"414","attribution":0,"priority":"3","appToPromote":{"appToPromoteID":"3023","usesDefaultFrameImage":"0","usesDefaultCloseImage":"0","marketURL":"https:\/\/play.google.com\/store\/apps\/details?id=com.appricot2d.rolo.pet.parrot","packageID":"com.appricot2d.rolo.pet.parrot"},"showTemplate":1,"s2s_tracking_url":"https:\/\/play.google.com\/store\/apps\/details?id=com.appricot2d.rolo.pet.parrot","activeCreativeID":"385","scenes":["12","1","8","6","15","2","9"],"campaignAdType":"Interstitial","productId":"","purchaseBit":0,"licenseKey":""},{"campaignID":"559","attribution":0,"priority":"3","appToPromote":{"appToPromoteID":"3476","usesDefaultFrameImage":"0","usesDefaultCloseImage":"0","marketURL":"https:\/\/play.google.com\/store\/apps\/details?id=com.perspectivegames.real.impossible.tracks.stunts","packageID":"com.perspectivegames.real.impossible.tracks.stunts"},"showTemplate":1,"s2s_tracking_url":"https:\/\/play.google.com\/store\/apps\/details?id=com.perspectivegames.real.impossible.tracks.stunts","activeCreativeID":"649","scenes":["12","1","8","6","15","2","9"],"campaignAdType":"Interstitial","productId":"","purchaseBit":0,"licenseKey":""},{"campaignID":"741","attribution":0,"priority":"3","appToPromote":{"appToPromoteID":"5609","usesDefaultFrameImage":"0","usesDefaultCloseImage":"0","marketURL":"https:\/\/play.google.com\/store\/apps\/details?id=com.kick.gyroscopic.city.train.driver.simulator","packageID":"com.kick.gyroscopic.city.train.driver.simulator"},"showTemplate":1,"s2s_tracking_url":"https:\/\/play.google.com\/store\/apps\/details?id=com.kick.gyroscopic.city.train.driver.simulator","activeCreativeID":"753","scenes":["12","1","8","6","15","2","9"],"campaignAdType":"Interstitial","productId":"","purchaseBit":0,"licenseKey":""},{"campaignID":"798","attribution":0,"priority":"3","appToPromote":{"appToPromoteID":"5770","usesDefaultFrameImage":"0","usesDefaultCloseImage":"0","marketURL":"https:\/\/play.google.com\/store\/apps\/details?id=com.simulatorgames3d.alohacelebrations","packageID":"com.simulatorgames3d.alohacelebrations"},"showTemplate":1,"s2s_tracking_url":"https:\/\/play.google.com\/store\/apps\/details?id=com.simulatorgames3d.alohacelebrations","activeCreativeID":"787","scenes":["12","1","8","6","15","2","9"],"campaignAdType":"Interstitial","productId":"","purchaseBit":0,"licenseKey":""},{"campaignID":"1483","attribution":0,"priority":"3","appToPromote":{"appToPromoteID":"1714","usesDefaultFrameImage":"1","usesDefaultCloseImage":"1","marketURL":"https:\/\/play.google.com\/store\/apps\/details?id=com.playink.cookie.maker","packageID":"com.playink.cookie.maker"},"showTemplate":1,"s2s_tracking_url":"https:\/\/play.google.com\/store\/apps\/details?id=com.playink.cookie.maker","activeCreativeID":"1020","scenes":["12","1","8","6","15","2","9"],"campaignAdType":"Interstitial","productId":"","purchaseBit":0,"licenseKey":""},{"campaignID":"8762","attribution":0,"priority":"2","appToPromote":{"appToPromoteID":"13265","usesDefaultFrameImage":"0","usesDefaultCloseImage":"0","marketURL":"https:\/\/play.google.com\/store\/apps\/details?id=com.rhg.tricky.bike.stunt.moto.master","packageID":"com.rhg.tricky.bike.stunt.moto.master"},"showTemplate":1,"s2s_tracking_url":"https:\/\/play.google.com\/store\/apps\/details?id=com.rhg.tricky.bike.stunt.moto.master","activeCreativeID":"4121","scenes":["12","1","8","6","15","2","9"],"campaignAdType":"Rewarded Video","productId":"","purchaseBit":0,"licenseKey":""},{"campaignID":"8879","attribution":0,"priority":"2","appToPromote":{"appToPromoteID":"15640","usesDefaultFrameImage":"0","usesDefaultCloseImage":"0","marketURL":"https:\/\/play.google.com\/store\/apps\/details?id=com.pgz.police.bike.stunt.ramp.bike.racing.games","packageID":"com.pgz.police.bike.stunt.ramp.bike.racing.games"},"showTemplate":1,"s2s_tracking_url":"https:\/\/play.google.com\/store\/apps\/details?id=com.pgz.police.bike.stunt.ramp.bike.racing.games","activeCreativeID":"4239","scenes":["12","1","8","6","15","2","9"],"campaignAdType":"Banner","productId":"","purchaseBit":0,"licenseKey":""},{"campaignID":"8971","attribution":0,"priority":"2","appToPromote":{"appToPromoteID":"15640","usesDefaultFrameImage":"0","usesDefaultCloseImage":"0","marketURL":"https:\/\/play.google.com\/store\/apps\/details?id=com.pgz.police.bike.stunt.ramp.bike.racing.games","packageID":"com.pgz.police.bike.stunt.ramp.bike.racing.games"},"showTemplate":1,"s2s_tracking_url":"https:\/\/play.google.com\/store\/apps\/details?id=com.pgz.police.bike.stunt.ramp.bike.racing.games","activeCreativeID":"4236","scenes":["12","1","8","6","15","2","9"],"campaignAdType":"Interstitial","productId":"","purchaseBit":0,"licenseKey":""},{"campaignID":"9366","attribution":0,"priority":"2","appToPromote":{"appToPromoteID":"17602","usesDefaultFrameImage":"0","usesDefaultCloseImage":"0","marketURL":"https:\/\/play.google.com\/store\/apps\/details?id=com.abaenglish.videoclass&amp;referrer=utm_source=42matters.com&amp;utm_medium=api","packageID":"com.abaenglish.videoclass"},"showTemplate":1,"s2s_tracking_url":"https:\/\/play.google.com\/store\/apps\/details?id=com.abaenglish.videoclass&amp;referrer=utm_source=42matters.com&amp;utm_medium=api","activeCreativeID":"4815","scenes":["12","1","8","6","15","2","9"],"campaignAdType":"Interstitial","productId":"","purchaseBit":0,"licenseKey":""},{"campaignID":"9367","attribution":0,"priority":"2","appToPromote":{"appToPromoteID":"17602","usesDefaultFrameImage":"0","usesDefaultCloseImage":"0","marketURL":"https:\/\/play.google.com\/store\/apps\/details?id=com.abaenglish.videoclass&amp;referrer=utm_source=42matters.com&amp;utm_medium=api","packageID":"com.abaenglish.videoclass"},"showTemplate":1,"s2s_tracking_url":"https:\/\/play.google.com\/store\/apps\/details?id=com.abaenglish.videoclass&amp;referrer=utm_source=42matters.com&amp;utm_medium=api","activeCreativeID":"4815","scenes":["12","1","8","6","15","2","9"],"campaignAdType":"Interstitial","productId":"","purchaseBit":0,"licenseKey":""},{"campaignID":"9368","attribution":0,"priority":"2","appToPromote":{"appToPromoteID":"17602","usesDefaultFrameImage":"0","usesDefaultCloseImage":"0","marketURL":"https:\/\/play.google.com\/store\/apps\/details?id=com.abaenglish.videoclass&amp;referrer=utm_source=42matters.com&amp;utm_medium=api","packageID":"com.abaenglish.videoclass"},"showTemplate":1,"s2s_tracking_url":"https:\/\/play.google.com\/store\/apps\/details?id=com.abaenglish.videoclass&amp;referrer=utm_source=42matters.com&amp;utm_medium=api","activeCreativeID":"4815","scenes":["12","1","8","6","15","2","9"],"campaignAdType":"Interstitial","productId":"","purchaseBit":0,"licenseKey":""},{"campaignID":"9369","attribution":0,"priority":"2","appToPromote":{"appToPromoteID":"17602","usesDefaultFrameImage":"0","usesDefaultCloseImage":"0","marketURL":"https:\/\/play.google.com\/store\/apps\/details?id=com.abaenglish.videoclass&amp;referrer=utm_source=42matters.com&amp;utm_medium=api","packageID":"com.abaenglish.videoclass"},"showTemplate":1,"s2s_tracking_url":"https:\/\/play.google.com\/store\/apps\/details?id=com.abaenglish.videoclass&amp;referrer=utm_source=42matters.com&amp;utm_medium=api","activeCreativeID":"4815","scenes":["12","1","8","6","15","2","9"],"campaignAdType":"Interstitial","productId":"","purchaseBit":0,"licenseKey":""},{"campaignID":"9370","attribution":0,"priority":"2","appToPromote":{"appToPromoteID":"17602","usesDefaultFrameImage":"0","usesDefaultCloseImage":"0","marketURL":"https:\/\/play.google.com\/store\/apps\/details?id=com.abaenglish.videoclass&amp;referrer=utm_source=42matters.com&amp;utm_medium=api","packageID":"com.abaenglish.videoclass"},"showTemplate":1,"s2s_tracking_url":"https:\/\/play.google.com\/store\/apps\/details?id=com.abaenglish.videoclass&amp;referrer=utm_source=42matters.com&amp;utm_medium=api","activeCreativeID":"4815","scenes":["12","1","8","6","15","2","9"],"campaignAdType":"Interstitial","productId":"","purchaseBit":0,"licenseKey":""}],"refreshAdRate":30,"mode":"Production","aspectRatio":"4_3","cdnPath":"https:\/\/df8ymybeo92md.cloudfront.net\/images\/","sentry_log":0,"local_logging":0,"sentry_dsn":"https:\/\/93ffa1c9a4124f67b8888a53265f751a:bbf998e04584477fa9a145838e9d3b26@sentry.io\/168994","sentry_initialization":1,"sentry_debugging":0,"bannerSizes":["1"],"aspectRatioVideo":"16_9","app_id":"2007","showPreRewardedDialogue":0,"showPostRewardedDialogue":0,"rewardCurrency":"coins","rewardValue":0,"isSkipable":0,"privacyPolicyURL":"https:\/\/www.consoliads.com\/privacy-policy\/","sessionToken":"uAVW6mnVE84oFcr6awoRalMLwOhdARFHFvGwES03F3oFdrq5fyQQJruqzSPpVJFTynTA5gbMB4CD6QgxyMNweeJYAdAbOYyG9spsw9TJPveRiwSc9wF7qRxsEthF0uAay9waDFg2mhC8h3NRMEruTib3aYACDZFKAcPKuw7GAw4="}
Session token value is set


{"appKey":"4d80502e5e231c73aef56bc16c23e28e","deviceID":"6210","stats":[{"campaignID":115,"packageID":"com.tgp.multistorey.car.transporter.truck","sceneStats":[{"sceneID":"16","eventStats":"362,262,162,62,62,0,0"}]}],"sdkVersion":"2163","sessionToken":"uAVW6mnVE84oFcr6awoRalMLwOhdARFHFvGwES03F3oFdrq5fyQQJruqzSPpVJFTynTA5gbMB4CD6QgxyMNweeJYAdAbOYyG9spsw9TJPveRiwSc9wF7qRxsEthF0uAay9waDFg2mhC8h3NRMEruTib3aYACDZFKAcPKuw7GAw4="}
cache_ttl value is correct

Title value is correct

Title value is correct

Title value is correct

Title value is correct

Title value is correct

Title value is correct

Refresh Ad Rate value is correct
mode value is set

 Aspect ratio value is correct
sentry_log value is set
local_logging value is set
sentry_initialization value is set
sentry_debugging value is set
showPreRewardedDialogue value is set
showPostRewardedDialogue value is set
isSkipable value is set
{"cache_ttl":10080,"cache_ttl_rewarded":10080,"cache_ttl_banner":10080,"cache_ttl_native":10080,"cache_ttl_icon":10080,"campaigns":[{"campaignID":"8226","attribution":0,"priority":"8","appToPromote":{"appToPromoteID":"12623","usesDefaultFrameImage":"0","usesDefaultCloseImage":"0","marketURL":"https:\/\/play.google.com\/store\/apps\/details?id=com.igg.android.lordsmobile&amp;referrer=utm_source=42matters.com&amp;utm_medium=api","packageID":"com.nooribrand.android.lordsmobile"},"showTemplate":1,"s2s_tracking_url":"https:\/\/play.google.com\/store\/apps\/details?id=com.igg.android.lordsmobile&amp;referrer=utm_source=42matters.com&amp;utm_medium=api","activeCreativeID":"3557","scenes":["12","1","8","6","15","2"],"campaignAdType":"Icon","productId":"","purchaseBit":0,"licenseKey":""},{"campaignID":"8378","attribution":0,"priority":"8","appToPromote":{"appToPromoteID":"16480","usesDefaultFrameImage":"0","usesDefaultCloseImage":"0","marketURL":"https:\/\/play.google.com\/store\/apps\/details?id=com.nag.home.manager.working.virtual.mom","packageID":"com.GSS317.AmazingFamily"},"showTemplate":1,"s2s_tracking_url":"https:\/\/play.google.com\/store\/apps\/details?id=com.nag.home.manager.working.virtual.mom","activeCreativeID":"3720","scenes":["12","1","8","6","15","2"],"campaignAdType":"Interstitial","productId":"","purchaseBit":0,"licenseKey":""},{"campaignID":"8613","attribution":0,"priority":"8","appToPromote":{"appToPromoteID":"12623","usesDefaultFrameImage":"0","usesDefaultCloseImage":"0","marketURL":"https:\/\/play.google.com\/store\/apps\/details?id=com.igg.android.lordsmobile&amp;referrer=utm_source=42matters.com&amp;utm_medium=api","packageID":"com.nooribrand.android.lordsmobile"},"showTemplate":1,"s2s_tracking_url":"https:\/\/play.google.com\/store\/apps\/details?id=com.igg.android.lordsmobile&amp;referrer=utm_source=42matters.com&amp;utm_medium=api","activeCreativeID":"3557","scenes":["12","1","8","6","15","2"],"campaignAdType":"Icon","productId":"","purchaseBit":0,"licenseKey":""},{"campaignID":"9252","attribution":0,"priority":"8","appToPromote":{"appToPromoteID":"12315","usesDefaultFrameImage":"0","usesDefaultCloseImage":"0","marketURL":"google.com","packageID":"com.qabrand.plnative"},"showTemplate":1,"s2s_tracking_url":"google.com","activeCreativeID":"4683","scenes":["12","1","8","6","15","2"],"campaignAdType":"Native","title":"Native first","subTitle":"First ","description":"New description","adClickThroughText":"FIRST Button","productId":"","purchaseBit":0,"licenseKey":""},{"campaignID":"9253","attribution":0,"priority":"8","appToPromote":{"appToPromoteID":"12315","usesDefaultFrameImage":"0","usesDefaultCloseImage":"0","marketURL":"google.com","packageID":"com.qabrand.plnative"},"showTemplate":1,"s2s_tracking_url":"google.com","activeCreativeID":"4683","scenes":["12","1","8","6","15","2"],"campaignAdType":"Native","title":"Native first","subTitle":"First ","description":"New description","adClickThroughText":"FIRST Button","productId":"","purchaseBit":0,"licenseKey":""},{"campaignID":"9255","attribution":0,"priority":"8","appToPromote":{"appToPromoteID":"13274","usesDefaultFrameImage":"0","usesDefaultCloseImage":"0","marketURL":"https:\/\/play.google.com\/store\/apps\/details?id=com.facebook.katana","packageID":"com.salon.adsalon"},"showTemplate":1,"s2s_tracking_url":"https:\/\/play.google.com\/store\/apps\/details?id=com.facebook.katana","activeCreativeID":"4685","scenes":["12","1","8","6","15","2"],"campaignAdType":"Native","title":"native NA ","subTitle":"native NA ","description":"native NA added","adClickThroughText":"native NA ","productId":"","purchaseBit":0,"licenseKey":""},{"campaignID":"9257","attribution":0,"priority":"8","appToPromote":{"appToPromoteID":"12286","usesDefaultFrameImage":"0","usesDefaultCloseImage":"0","marketURL":"google.com","packageID":"com.qabrand.Chartboost_Native"},"showTemplate":1,"s2s_tracking_url":"google.com","activeCreativeID":"4688","scenes":["12","1","8","6","15","2"],"campaignAdType":"Native","title":"Native second updated","subTitle":"Native second ","description":"Native second details","adClickThroughText":"Native second ","productId":"","purchaseBit":0,"licenseKey":""},{"campaignID":"9263","attribution":0,"priority":"8","appToPromote":{"appToPromoteID":"12315","usesDefaultFrameImage":"0","usesDefaultCloseImage":"0","marketURL":"google.com","packageID":"com.qabrand.plnative"},"showTemplate":1,"s2s_tracking_url":"google.com","activeCreativeID":"4694","scenes":["12","1","8","6","15","2"],"campaignAdType":"Native","title":"test","subTitle":"test","description":" test details update","adClickThroughText":"test","productId":"","purchaseBit":0,"licenseKey":""},{"campaignID":"9547","attribution":0,"priority":"8","appToPromote":{"appToPromoteID":"11879","usesDefaultFrameImage":"0","usesDefaultCloseImage":"0","marketURL":"https:\/\/play.google.com\/store\/apps\/details?id=com.buntoo.car.racing.games","packageID":"com.buntoo.car.racing.games"},"showTemplate":1,"s2s_tracking_url":"https:\/\/play.google.com\/store\/apps\/details?id=com.buntoo.car.racing.games","activeCreativeID":"4964","scenes":["12","1","8","6","15","2"],"campaignAdType":"Interstitial","productId":"","purchaseBit":0,"licenseKey":""},{"campaignID":"9586","attribution":0,"priority":"8","appToPromote":{"appToPromoteID":"515","usesDefaultFrameImage":"1","usesDefaultCloseImage":"1","marketURL":"https:\/\/play.google.com\/store\/apps\/details?id=com.plum.cash.counter.simualtor","packageID":"com.plum.cash.counter.simualtor"},"showTemplate":1,"s2s_tracking_url":"https:\/\/play.google.com\/store\/apps\/details?id=com.plum.cash.counter.simualtor","activeCreativeID":"50","scenes":["12","1","8","6","15","2"],"campaignAdType":"Interstitial","productId":"","purchaseBit":0,"licenseKey":""},{"campaignID":"9587","attribution":0,"priority":"8","appToPromote":{"appToPromoteID":"515","usesDefaultFrameImage":"1","usesDefaultCloseImage":"1","marketURL":"https:\/\/play.google.com\/store\/apps\/details?id=com.plum.cash.counter.simualtor","packageID":"com.plum.cash.counter.simualtor"},"showTemplate":1,"s2s_tracking_url":"https:\/\/play.google.com\/store\/apps\/details?id=com.plum.cash.counter.simualtor","activeCreativeID":"50","scenes":["12","1","8","6","15","2"],"campaignAdType":"Interstitial","productId":"","purchaseBit":0,"licenseKey":""},{"campaignID":"9588","attribution":0,"priority":"8","appToPromote":{"appToPromoteID":"515","usesDefaultFrameImage":"1","usesDefaultCloseImage":"1","marketURL":"https:\/\/play.google.com\/store\/apps\/details?id=com.plum.cash.counter.simualtor","packageID":"com.plum.cash.counter.simualtor"},"showTemplate":1,"s2s_tracking_url":"https:\/\/play.google.com\/store\/apps\/details?id=com.plum.cash.counter.simualtor","activeCreativeID":"50","scenes":["12","1","8","6","15","2"],"campaignAdType":"Interstitial","productId":"","purchaseBit":0,"licenseKey":""},{"campaignID":"9589","attribution":0,"priority":"8","appToPromote":{"appToPromoteID":"515","usesDefaultFrameImage":"1","usesDefaultCloseImage":"1","marketURL":"https:\/\/play.google.com\/store\/apps\/details?id=com.plum.cash.counter.simualtor","packageID":"com.plum.cash.counter.simualtor"},"showTemplate":1,"s2s_tracking_url":"https:\/\/play.google.com\/store\/apps\/details?id=com.plum.cash.counter.simualtor","activeCreativeID":"50","scenes":["12","1","8","6","15","2"],"campaignAdType":"Interstitial","productId":"","purchaseBit":0,"licenseKey":""},{"campaignID":"9599","attribution":0,"priority":"8","appToPromote":{"appToPromoteID":"515","usesDefaultFrameImage":"1","usesDefaultCloseImage":"1","marketURL":"https:\/\/play.google.com\/store\/apps\/details?id=com.plum.cash.counter.simualtor","packageID":"com.plum.cash.counter.simualtor"},"showTemplate":1,"s2s_tracking_url":"https:\/\/play.google.com\/store\/apps\/details?id=com.plum.cash.counter.simualtor","activeCreativeID":"5001","scenes":["12","1","8","6","15","2"],"campaignAdType":"Icon","productId":"","purchaseBit":0,"licenseKey":""},{"campaignID":"9127","attribution":0,"priority":"8","appToPromote":{"appToPromoteID":"17528","usesDefaultFrameImage":"0","usesDefaultCloseImage":"0","marketURL":"https:\/\/play.google.com\/store\/apps\/details?id=net.one97.paytm","packageID":"net.one97.paytm"},"showTemplate":1,"s2s_tracking_url":"https:\/\/tha.gotrackier.com\/click?campaign_id=63249\\u0026pub_id=75?p1=2018_9127_6210&amp;source=6841&amp;app_name=MultiTruckCarTransporter&amp;gaid=6210","activeCreativeID":"4788","scenes":["12","1","8","6","15","2"],"campaignAdType":"Native","title":"BCA","subTitle":"FW","description":"nope","adClickThroughText":"Link","productId":"","purchaseBit":0,"licenseKey":""},{"campaignID":"9131","attribution":0,"priority":"8","appToPromote":{"appToPromoteID":"17532","usesDefaultFrameImage":"0","usesDefaultCloseImage":"0","marketURL":"https:\/\/play.google.com\/store\/apps\/details?id=com.dhgate.buyermob","packageID":"com.dhgate.buyermob"},"showTemplate":1,"s2s_tracking_url":"https:\/\/tha.gotrackier.com\/click?campaign_id=63254\\u0026pub_id=75?p1=2018_9131_6210&amp;source=6841&amp;app_name=MultiTruckCarTransporter&amp;gaid=6210","activeCreativeID":"4483","scenes":["12","1","8","6","15","2"],"campaignAdType":"Interstitial","productId":"","purchaseBit":0,"licenseKey":""},{"campaignID":"8380","attribution_link":"","attribution":1,"priority":"7","appToPromote":{"appToPromoteID":"16480","usesDefaultFrameImage":"0","usesDefaultCloseImage":"0","marketURL":"https:\/\/play.google.com\/store\/apps\/details?id=com.nag.home.manager.working.virtual.mom","packageID":"com.GSS317.AmazingFamily"},"showTemplate":1,"s2s_tracking_url":"","activeCreativeID":"3720","scenes":["12","1","8","6","15","2"],"campaignAdType":"Interstitial","productId":"","purchaseBit":0,"licenseKey":""},{"campaignID":"444","attribution":0,"priority":"6","appToPromote":{"appToPromoteID":"3355","usesDefaultFrameImage":"0","usesDefaultCloseImage":"0","marketURL":"https:\/\/play.google.com\/store\/apps\/details?id=com.popnsons.parkour.mouse","packageID":"com.popnsons.parkour.mouse"},"showTemplate":1,"s2s_tracking_url":"https:\/\/play.google.com\/store\/apps\/details?id=com.popnsons.parkour.mouse","activeCreativeID":"469","scenes":["12","1","8","6","15","2"],"campaignAdType":"Interstitial","productId":"","purchaseBit":0,"licenseKey":""},{"campaignID":"561","attribution":0,"priority":"6","appToPromote":{"appToPromoteID":"5026","usesDefaultFrameImage":"0","usesDefaultCloseImage":"0","marketURL":"https:\/\/play.google.com\/store\/apps\/details?id=com.as.cashupapp","packageID":"com.as.cashupapp"},"showTemplate":1,"s2s_tracking_url":"https:\/\/play.google.com\/store\/apps\/details?id=com.as.cashupapp","activeCreativeID":"652","scenes":["12","1","8","6","15","2"],"campaignAdType":"Interstitial","productId":"","purchaseBit":0,"licenseKey":""},{"campaignID":"570","attribution":0,"priority":"6","appToPromote":{"appToPromoteID":"3802","usesDefaultFrameImage":"0","usesDefaultCloseImage":"0","marketURL":"https:\/\/play.google.com\/store\/apps\/details?id=com.Madxstudios.Flickshootsoccer","packageID":"com.Madxstudios.Flickshootsoccer"},"showTemplate":1,"s2s_tracking_url":"https:\/\/play.google.com\/store\/apps\/details?id=com.Madxstudios.Flickshootsoccer","activeCreativeID":"661","scenes":["12","1","8","6","15","2"],"campaignAdType":"Interstitial","productId":"","purchaseBit":0,"licenseKey":""},{"campaignID":"588","attribution":0,"priority":"6","appToPromote":{"appToPromoteID":"5026","usesDefaultFrameImage":"0","usesDefaultCloseImage":"0","marketURL":"https:\/\/play.google.com\/store\/apps\/details?id=com.as.cashupapp","packageID":"com.as.cashupapp"},"showTemplate":1,"s2s_tracking_url":"https:\/\/play.google.com\/store\/apps\/details?id=com.as.cashupapp","activeCreativeID":"652","scenes":["12","1","8","6","15","2"],"campaignAdType":"Interstitial","productId":"","purchaseBit":0,"licenseKey":""},{"campaignID":"8808","attribution_link":"","attribution":1,"priority":"5","appToPromote":{"appToPromoteID":"16528","usesDefaultFrameImage":"0","usesDefaultCloseImage":"0","marketURL":"https:\/\/play.google.com\/store\/apps\/details?id=com.bag.farm.day.village.farming.games","packageID":"com.GSS317.com.bag.farm.day.village.farming.games"},"showTemplate":1,"s2s_tracking_url":"","activeCreativeID":"3775","scenes":["12","1","8","6","15","2"],"campaignAdType":"Interstitial","productId":"","purchaseBit":0,"licenseKey":""},{"campaignID":"8973","attribution":0,"priority":"5","appToPromote":{"appToPromoteID":"15974","usesDefaultFrameImage":"0","usesDefaultCloseImage":"0","marketURL":"https:\/\/play.google.com\/store\/apps\/details?id=com.mustardgames.bmx.cycle.stunt.mega.ramp.impossibletracks","packageID":"com.mustardgames.bmx.cycle.stunt.mega.ramp.impossibletracks"},"showTemplate":1,"s2s_tracking_url":"https:\/\/play.google.com\/store\/apps\/details?id=com.mustardgames.bmx.cycle.stunt.mega.ramp.impossibletracks","activeCreativeID":"4339","scenes":["12","1","8","6","15","2"],"campaignAdType":"Interstitial","productId":"","purchaseBit":0,"licenseKey":""},{"campaignID":"557","attribution":0,"priority":"4","appToPromote":{"appToPromoteID":"4959","usesDefaultFrameImage":"0","usesDefaultCloseImage":"0","marketURL":"https:\/\/play.google.com\/store\/apps\/details?id=com.jet.plane.surfers.joyride.dash","packageID":"com.jet.plane.surfers.joyride.dash"},"showTemplate":1,"s2s_tracking_url":"https:\/\/play.google.com\/store\/apps\/details?id=com.jet.plane.surfers.joyride.dash","activeCreativeID":"645","scenes":["12","1","8","6","15","2"],"campaignAdType":"Interstitial","productId":"","purchaseBit":0,"licenseKey":""},{"campaignID":"414","attribution":0,"priority":"3","appToPromote":{"appToPromoteID":"3023","usesDefaultFrameImage":"0","usesDefaultCloseImage":"0","marketURL":"https:\/\/play.google.com\/store\/apps\/details?id=com.appricot2d.rolo.pet.parrot","packageID":"com.appricot2d.rolo.pet.parrot"},"showTemplate":1,"s2s_tracking_url":"https:\/\/play.google.com\/store\/apps\/details?id=com.appricot2d.rolo.pet.parrot","activeCreativeID":"385","scenes":["12","1","8","6","15","2"],"campaignAdType":"Interstitial","productId":"","purchaseBit":0,"licenseKey":""},{"campaignID":"559","attribution":0,"priority":"3","appToPromote":{"appToPromoteID":"3476","usesDefaultFrameImage":"0","usesDefaultCloseImage":"0","marketURL":"https:\/\/play.google.com\/store\/apps\/details?id=com.perspectivegames.real.impossible.tracks.stunts","packageID":"com.perspectivegames.real.impossible.tracks.stunts"},"showTemplate":1,"s2s_tracking_url":"https:\/\/play.google.com\/store\/apps\/details?id=com.perspectivegames.real.impossible.tracks.stunts","activeCreativeID":"649","scenes":["12","1","8","6","15","2"],"campaignAdType":"Interstitial","productId":"","purchaseBit":0,"licenseKey":""},{"campaignID":"741","attribution":0,"priority":"3","appToPromote":{"appToPromoteID":"5609","usesDefaultFrameImage":"0","usesDefaultCloseImage":"0","marketURL":"https:\/\/play.google.com\/store\/apps\/details?id=com.kick.gyroscopic.city.train.driver.simulator","packageID":"com.kick.gyroscopic.city.train.driver.simulator"},"showTemplate":1,"s2s_tracking_url":"https:\/\/play.google.com\/store\/apps\/details?id=com.kick.gyroscopic.city.train.driver.simulator","activeCreativeID":"753","scenes":["12","1","8","6","15","2"],"campaignAdType":"Interstitial","productId":"","purchaseBit":0,"licenseKey":""},{"campaignID":"798","attribution":0,"priority":"3","appToPromote":{"appToPromoteID":"5770","usesDefaultFrameImage":"0","usesDefaultCloseImage":"0","marketURL":"https:\/\/play.google.com\/store\/apps\/details?id=com.simulatorgames3d.alohacelebrations","packageID":"com.simulatorgames3d.alohacelebrations"},"showTemplate":1,"s2s_tracking_url":"https:\/\/play.google.com\/store\/apps\/details?id=com.simulatorgames3d.alohacelebrations","activeCreativeID":"787","scenes":["12","1","8","6","15","2"],"campaignAdType":"Interstitial","productId":"","purchaseBit":0,"licenseKey":""},{"campaignID":"1483","attribution":0,"priority":"3","appToPromote":{"appToPromoteID":"1714","usesDefaultFrameImage":"1","usesDefaultCloseImage":"1","marketURL":"https:\/\/play.google.com\/store\/apps\/details?id=com.playink.cookie.maker","packageID":"com.playink.cookie.maker"},"showTemplate":1,"s2s_tracking_url":"https:\/\/play.google.com\/store\/apps\/details?id=com.playink.cookie.maker","activeCreativeID":"1020","scenes":["12","1","8","6","15","2"],"campaignAdType":"Interstitial","productId":"","purchaseBit":0,"licenseKey":""},{"campaignID":"8762","attribution":0,"priority":"2","appToPromote":{"appToPromoteID":"13265","usesDefaultFrameImage":"0","usesDefaultCloseImage":"0","marketURL":"https:\/\/play.google.com\/store\/apps\/details?id=com.rhg.tricky.bike.stunt.moto.master","packageID":"com.rhg.tricky.bike.stunt.moto.master"},"showTemplate":1,"s2s_tracking_url":"https:\/\/play.google.com\/store\/apps\/details?id=com.rhg.tricky.bike.stunt.moto.master","activeCreativeID":"4121","scenes":["12","1","8","6","15","2"],"campaignAdType":"Rewarded Video","productId":"","purchaseBit":0,"licenseKey":""},{"campaignID":"9366","attribution":0,"priority":"2","appToPromote":{"appToPromoteID":"17602","usesDefaultFrameImage":"0","usesDefaultCloseImage":"0","marketURL":"https:\/\/play.google.com\/store\/apps\/details?id=com.abaenglish.videoclass&amp;referrer=utm_source=42matters.com&amp;utm_medium=api","packageID":"com.abaenglish.videoclass"},"showTemplate":1,"s2s_tracking_url":"https:\/\/play.google.com\/store\/apps\/details?id=com.abaenglish.videoclass&amp;referrer=utm_source=42matters.com&amp;utm_medium=api","activeCreativeID":"4815","scenes":["12","1","8","6","15","2"],"campaignAdType":"Interstitial","productId":"","purchaseBit":0,"licenseKey":""}],"refreshAdRate":30,"mode":"Production","aspectRatio":"4_3","cdnPath":"https:\/\/df8ymybeo92md.cloudfront.net\/images\/","sentry_log":0,"local_logging":0,"sentry_dsn":"https:\/\/93ffa1c9a4124f67b8888a53265f751a:bbf998e04584477fa9a145838e9d3b26@sentry.io\/168994","sentry_initialization":1,"sentry_debugging":0,"bannerSizes":["1"],"aspectRatioVideo":"16_9","app_id":"2018","showPreRewardedDialogue":0,"showPostRewardedDialogue":0,"rewardCurrency":"coins","rewardValue":0,"isSkipable":0,"privacyPolicyURL":"https:\/\/www.consoliads.com\/privacy-policy\/","sessionToken":"f0\/pw01ugnswM8na3kSbo9xf\/XDEbPvuHq7GO8DsNH34k7f3NPpiMsIyRMlkSqcX6lwzL3rIHrva\/UG4tQY8bvXGj0ZE+lHqnQPyEa0jeurOu\/7BaCh9L\/9++zwu27q\/pdXEIh48d\/7fTSeaWJZhvVxm\/6Nuid7pTOAfh61x5+Y="}
Session token value is set


{"appKey":"ea3a1008bf37134982acf7e675d170bc","deviceID":"1303","stats":[{"campaignID":116,"packageID":"com.whitesand.military.academy","sceneStats":[{"sceneID":"4","eventStats":"313,213,113,13,13,0,0"}]}],"sdkVersion":"39","sessionToken":"f0\/pw01ugnswM8na3kSbo9xf\/XDEbPvuHq7GO8DsNH34k7f3NPpiMsIyRMlkSqcX6lwzL3rIHrva\/UG4tQY8bvXGj0ZE+lHqnQPyEa0jeurOu\/7BaCh9L\/9++zwu27q\/pdXEIh48d\/7fTSeaWJZhvVxm\/6Nuid7pTOAfh61x5+Y="}
cache_ttl value is correct

Refresh Ad Rate value is correct
mode value is set

 Aspect ratio value is correct
sentry_log value is set
local_logging value is set
sentry_initialization value is set
sentry_debugging value is set
showPreRewardedDialogue value is set
showPostRewardedDialogue value is set
isSkipable value is set
{"cache_ttl":10080,"cache_ttl_rewarded":10080,"cache_ttl_banner":10080,"cache_ttl_native":10080,"cache_ttl_icon":10080,"refreshAdRate":30,"mode":"Production","aspectRatio":"4_3","cdnPath":"https:\/\/df8ymybeo92md.cloudfront.net\/images\/","sentry_log":0,"local_logging":0,"sentry_dsn":"https:\/\/93ffa1c9a4124f67b8888a53265f751a:bbf998e04584477fa9a145838e9d3b26@sentry.io\/168994","sentry_initialization":1,"sentry_debugging":0,"bannerSizes":["5"],"aspectRatioVideo":"16_9","app_id":"1999","showPreRewardedDialogue":0,"showPostRewardedDialogue":0,"rewardCurrency":"coins","rewardValue":0,"isSkipable":0,"privacyPolicyURL":"https:\/\/www.consoliads.com\/privacy-policy\/","sessionToken":"xzUnv9K2igrZVCuBX21BHBw0vIzpW9YP6XLDkPt9BgWReoTCZilF7ZLoi0+cswzhAAzXZeYb9Wwup3xyHBmREY8lQYovoST0tmrks4+lCrsn5PSoMYz8qHhbBn01K3iuzAs+iuCysEXlOsR0q36BjtiX8m0G77AMtIUv5psuwq8="}
Session token value is set


{"appKey":"9df632233aa0ab875abe5f3677328817","deviceID":"366","stats":[{"campaignID":121,"packageID":"com.whitesand.underwater.shark.sniper.hunter","sceneStats":[{"sceneID":"1","eventStats":"304,204,104,4,4,0,0"}]}],"sdkVersion":"90","sessionToken":"xzUnv9K2igrZVCuBX21BHBw0vIzpW9YP6XLDkPt9BgWReoTCZilF7ZLoi0+cswzhAAzXZeYb9Wwup3xyHBmREY8lQYovoST0tmrks4+lCrsn5PSoMYz8qHhbBn01K3iuzAs+iuCysEXlOsR0q36BjtiX8m0G77AMtIUv5psuwq8="}
cache_ttl value is correct

Refresh Ad Rate value is correct
mode value is set

 Aspect ratio value is correct
sentry_log value is set
local_logging value is set
sentry_initialization value is set
sentry_debugging value is set
showPreRewardedDialogue value is set
showPostRewardedDialogue value is set
isSkipable value is set
{"cache_ttl":10080,"cache_ttl_rewarded":10080,"cache_ttl_banner":10080,"cache_ttl_native":10080,"cache_ttl_icon":10080,"refreshAdRate":30,"mode":"Production","aspectRatio":"4_3","cdnPath":"https:\/\/df8ymybeo92md.cloudfront.net\/images\/","sentry_log":0,"local_logging":0,"sentry_dsn":"https:\/\/93ffa1c9a4124f67b8888a53265f751a:bbf998e04584477fa9a145838e9d3b26@sentry.io\/168994","sentry_initialization":1,"sentry_debugging":0,"bannerSizes":["5"],"aspectRatioVideo":"16_9","app_id":"2141","showPreRewardedDialogue":0,"showPostRewardedDialogue":0,"rewardCurrency":"coins","rewardValue":0,"isSkipable":0,"privacyPolicyURL":"https:\/\/www.consoliads.com\/privacy-policy\/","sessionToken":"aVdukBXXBzl0y3xsBmFo+1g4rfL2WLim10CJfqFo2LsqAn+4iUk8\/TLbSZnqR5V92Zr5Qd5qHDpW6bQZfHhGc9FkuQlWQ\/O4xrxPtClUksGYsk6O6jF494XJExdt+GY00oipLh+F+bbWBUX2xAt+POUrY8d3HZL3YezwRVsWLGg="}
Session token value is set


{"appKey":"7d25f21b1692382e5507c792271446d8","deviceID":"5840","stats":[{"campaignID":123,"packageID":"com.mizo.taxi.driving.simII","sceneStats":[{"sceneID":"15","eventStats":"358,258,158,58,58,0,0"}]}],"sdkVersion":"90","sessionToken":"aVdukBXXBzl0y3xsBmFo+1g4rfL2WLim10CJfqFo2LsqAn+4iUk8\/TLbSZnqR5V92Zr5Qd5qHDpW6bQZfHhGc9FkuQlWQ\/O4xrxPtClUksGYsk6O6jF494XJExdt+GY00oipLh+F+bbWBUX2xAt+POUrY8d3HZL3YezwRVsWLGg="}
cache_ttl value is correct

Refresh Ad Rate value is correct
mode value is set

 Aspect ratio value is correct
sentry_log value is set
local_logging value is set
sentry_initialization value is set
sentry_debugging value is set
showPreRewardedDialogue value is set
showPostRewardedDialogue value is set
isSkipable value is set
{"cache_ttl":10080,"cache_ttl_rewarded":10080,"cache_ttl_banner":10080,"cache_ttl_native":10080,"cache_ttl_icon":10080,"campaigns":[{"campaignID":"9277","attribution_link":"","attribution":1,"priority":"5","appToPromote":{"appToPromoteID":"17609","usesDefaultFrameImage":"0","usesDefaultCloseImage":"0","marketURL":"https:\/\/smartbear.com\/learn\/automated-testing\/test-automation-frameworks\/","packageID":"com.buntoo.buntooAd"},"showTemplate":1,"s2s_tracking_url":"","activeCreativeID":"4702","scenes":["1","2","6","4"],"campaignAdType":"Interstitial","productId":"","purchaseBit":0,"licenseKey":""},{"campaignID":"9278","attribution":0,"priority":"5","appToPromote":{"appToPromoteID":"17609","usesDefaultFrameImage":"0","usesDefaultCloseImage":"0","marketURL":"https:\/\/smartbear.com\/learn\/automated-testing\/test-automation-frameworks\/","packageID":"com.buntoo.buntooAd"},"showTemplate":1,"s2s_tracking_url":"https:\/\/smartbear.com\/learn\/automated-testing\/test-automation-frameworks\/","activeCreativeID":"4701","scenes":["1","2","6","4"],"campaignAdType":"Interstitial","productId":"","purchaseBit":0,"licenseKey":""},{"campaignID":"9279","attribution":0,"priority":"5","appToPromote":{"appToPromoteID":"17609","usesDefaultFrameImage":"0","usesDefaultCloseImage":"0","marketURL":"https:\/\/smartbear.com\/learn\/automated-testing\/test-automation-frameworks\/","packageID":"com.buntoo.buntooAd"},"showTemplate":1,"s2s_tracking_url":"https:\/\/smartbear.com\/learn\/automated-testing\/test-automation-frameworks\/","activeCreativeID":"4701","scenes":["1","2","6","4"],"campaignAdType":"Interstitial","productId":"","purchaseBit":0,"licenseKey":""},{"campaignID":"9280","attribution":0,"priority":"5","appToPromote":{"appToPromoteID":"17609","usesDefaultFrameImage":"0","usesDefaultCloseImage":"0","marketURL":"https:\/\/smartbear.com\/learn\/automated-testing\/test-automation-frameworks\/","packageID":"com.buntoo.buntooAd"},"showTemplate":1,"s2s_tracking_url":"https:\/\/smartbear.com\/learn\/automated-testing\/test-automation-frameworks\/","activeCreativeID":"4701","scenes":["1","2","6","4"],"campaignAdType":"Interstitial","productId":"","purchaseBit":0,"licenseKey":""},{"campaignID":"9281","attribution":0,"priority":"5","appToPromote":{"appToPromoteID":"17609","usesDefaultFrameImage":"0","usesDefaultCloseImage":"0","marketURL":"https:\/\/smartbear.com\/learn\/automated-testing\/test-automation-frameworks\/","packageID":"com.buntoo.buntooAd"},"showTemplate":1,"s2s_tracking_url":"https:\/\/smartbear.com\/learn\/automated-testing\/test-automation-frameworks\/","activeCreativeID":"4701","scenes":["1","2","6","4"],"campaignAdType":"Interstitial","productId":"","purchaseBit":0,"licenseKey":""},{"campaignID":"9282","attribution":0,"priority":"5","appToPromote":{"appToPromoteID":"17609","usesDefaultFrameImage":"0","usesDefaultCloseImage":"0","marketURL":"https:\/\/smartbear.com\/learn\/automated-testing\/test-automation-frameworks\/","packageID":"com.buntoo.buntooAd"},"showTemplate":1,"s2s_tracking_url":"https:\/\/smartbear.com\/learn\/automated-testing\/test-automation-frameworks\/","activeCreativeID":"4701","scenes":["1","2","6","4"],"campaignAdType":"Interstitial","productId":"","purchaseBit":0,"licenseKey":""},{"campaignID":"9283","attribution":0,"priority":"5","appToPromote":{"appToPromoteID":"17609","usesDefaultFrameImage":"0","usesDefaultCloseImage":"0","marketURL":"https:\/\/smartbear.com\/learn\/automated-testing\/test-automation-frameworks\/","packageID":"com.buntoo.buntooAd"},"showTemplate":1,"s2s_tracking_url":"https:\/\/smartbear.com\/learn\/automated-testing\/test-automation-frameworks\/","activeCreativeID":"4701","scenes":["1","2","6","4"],"campaignAdType":"Interstitial","productId":"","purchaseBit":0,"licenseKey":""},{"campaignID":"9285","attribution":0,"priority":"5","appToPromote":{"appToPromoteID":"14746","usesDefaultFrameImage":"0","usesDefaultCloseImage":"0","marketURL":"https:\/\/play.google.com\/store\/apps\/details?id=com.buntoo.army.bus.parking","packageID":"com.buntoo.army.bus.parking"},"showTemplate":1,"s2s_tracking_url":"https:\/\/play.google.com\/store\/apps\/details?id=com.buntoo.army.bus.parking","activeCreativeID":"4710","scenes":["1","2","6","4"],"campaignAdType":"Interstitial","productId":"","purchaseBit":0,"licenseKey":""},{"campaignID":"9287","attribution":0,"priority":"5","appToPromote":{"appToPromoteID":"14746","usesDefaultFrameImage":"0","usesDefaultCloseImage":"0","marketURL":"https:\/\/play.google.com\/store\/apps\/details?id=com.buntoo.army.bus.parking","packageID":"com.buntoo.army.bus.parking"},"showTemplate":1,"s2s_tracking_url":"https:\/\/play.google.com\/store\/apps\/details?id=com.buntoo.army.bus.parking","activeCreativeID":"4710","scenes":["1","2","6","4"],"campaignAdType":"Interstitial","productId":"","purchaseBit":0,"licenseKey":""},{"campaignID":"9289","attribution":0,"priority":"5","appToPromote":{"appToPromoteID":"17609","usesDefaultFrameImage":"0","usesDefaultCloseImage":"0","marketURL":"https:\/\/smartbear.com\/learn\/automated-testing\/test-automation-frameworks\/","packageID":"com.buntoo.buntooAd"},"showTemplate":1,"s2s_tracking_url":"https:\/\/smartbear.com\/learn\/automated-testing\/test-automation-frameworks\/","activeCreativeID":"4701","scenes":["1","2","6","4"],"campaignAdType":"Interstitial","productId":"","purchaseBit":0,"licenseKey":""},{"campaignID":"9290","attribution":0,"priority":"5","appToPromote":{"appToPromoteID":"17609","usesDefaultFrameImage":"0","usesDefaultCloseImage":"0","marketURL":"https:\/\/smartbear.com\/learn\/automated-testing\/test-automation-frameworks\/","packageID":"com.buntoo.buntooAd"},"showTemplate":1,"s2s_tracking_url":"https:\/\/smartbear.com\/learn\/automated-testing\/test-automation-frameworks\/","activeCreativeID":"4701","scenes":["1","2","6","4"],"campaignAdType":"Interstitial","productId":"","purchaseBit":0,"licenseKey":""},{"campaignID":"9293","attribution":0,"priority":"5","appToPromote":{"appToPromoteID":"17609","usesDefaultFrameImage":"0","usesDefaultCloseImage":"0","marketURL":"https:\/\/smartbear.com\/learn\/automated-testing\/test-automation-frameworks\/","packageID":"com.buntoo.buntooAd"},"showTemplate":1,"s2s_tracking_url":"https:\/\/smartbear.com\/learn\/automated-testing\/test-automation-frameworks\/","activeCreativeID":"4701","scenes":["1","2","6","4"],"campaignAdType":"Interstitial","productId":"","purchaseBit":0,"licenseKey":""},{"campaignID":"9296","attribution":0,"priority":"5","appToPromote":{"appToPromoteID":"17609","usesDefaultFrameImage":"0","usesDefaultCloseImage":"0","marketURL":"https:\/\/smartbear.com\/learn\/automated-testing\/test-automation-frameworks\/","packageID":"com.buntoo.buntooAd"},"showTemplate":1,"s2s_tracking_url":"https:\/\/smartbear.com\/learn\/automated-testing\/test-automation-frameworks\/","activeCreativeID":"4701","scenes":["1","2","6","4"],"campaignAdType":"Interstitial","productId":"","purchaseBit":0,"licenseKey":""},{"campaignID":"9297","attribution":0,"priority":"5","appToPromote":{"appToPromoteID":"17609","usesDefaultFrameImage":"0","usesDefaultCloseImage":"0","marketURL":"https:\/\/smartbear.com\/learn\/automated-testing\/test-automation-frameworks\/","packageID":"com.buntoo.buntooAd"},"showTemplate":1,"s2s_tracking_url":"https:\/\/smartbear.com\/learn\/automated-testing\/test-automation-frameworks\/","activeCreativeID":"4701","scenes":["1","2","6","4"],"campaignAdType":"Interstitial","productId":"","purchaseBit":0,"licenseKey":""},{"campaignID":"9299","attribution":0,"priority":"5","appToPromote":{"appToPromoteID":"17609","usesDefaultFrameImage":"0","usesDefaultCloseImage":"0","marketURL":"https:\/\/smartbear.com\/learn\/automated-testing\/test-automation-frameworks\/","packageID":"com.buntoo.buntooAd"},"showTemplate":1,"s2s_tracking_url":"https:\/\/smartbear.com\/learn\/automated-testing\/test-automation-frameworks\/","activeCreativeID":"4701","scenes":["1","2","6","4"],"campaignAdType":"Interstitial","productId":"","purchaseBit":0,"licenseKey":""},{"campaignID":"9301","attribution":0,"priority":"5","appToPromote":{"appToPromoteID":"17609","usesDefaultFrameImage":"0","usesDefaultCloseImage":"0","marketURL":"https:\/\/smartbear.com\/learn\/automated-testing\/test-automation-frameworks\/","packageID":"com.buntoo.buntooAd"},"showTemplate":1,"s2s_tracking_url":"https:\/\/smartbear.com\/learn\/automated-testing\/test-automation-frameworks\/","activeCreativeID":"4701","scenes":["1","2","6","4"],"campaignAdType":"Interstitial","productId":"","purchaseBit":0,"licenseKey":""},{"campaignID":"9305","attribution":0,"priority":"5","appToPromote":{"appToPromoteID":"14746","usesDefaultFrameImage":"0","usesDefaultCloseImage":"0","marketURL":"https:\/\/play.google.com\/store\/apps\/details?id=com.buntoo.army.bus.parking","packageID":"com.buntoo.army.bus.parking"},"showTemplate":1,"s2s_tracking_url":"https:\/\/play.google.com\/store\/apps\/details?id=com.buntoo.army.bus.parking","activeCreativeID":"4710","scenes":["1","2","6","4"],"campaignAdType":"Interstitial","productId":"","purchaseBit":0,"licenseKey":""},{"campaignID":"48","attribution":0,"priority":"5","appToPromote":{"appToPromoteID":"1074","usesDefaultFrameImage":"1","usesDefaultCloseImage":"1","marketURL":"https:\/\/play.google.com\/store\/apps\/details?id=com.mizo.construction.crane.hill.climb","packageID":"com.mizo.construction.crane.hill.climb"},"showTemplate":1,"s2s_tracking_url":"https:\/\/play.google.com\/store\/apps\/details?id=com.mizo.construction.crane.hill.climb","activeCreativeID":"65","scenes":["1","2","6","4"],"campaignAdType":"Interstitial","productId":"","purchaseBit":0,"licenseKey":""},{"campaignID":"50","attribution":0,"priority":"5","appToPromote":{"appToPromoteID":"1221","usesDefaultFrameImage":"1","usesDefaultCloseImage":"1","marketURL":"https:\/\/play.google.com\/store\/apps\/details?id=com.mizo.offroad.hill.climb","packageID":"com.mizo.offroad.hill.climb"},"showTemplate":1,"s2s_tracking_url":"https:\/\/play.google.com\/store\/apps\/details?id=com.mizo.offroad.hill.climb","activeCreativeID":"67","scenes":["1","2","6","4"],"campaignAdType":"Interstitial","productId":"","purchaseBit":0,"licenseKey":""},{"campaignID":"67","attribution":0,"priority":"5","appToPromote":{"appToPromoteID":"1306","usesDefaultFrameImage":"1","usesDefaultCloseImage":"1","marketURL":"https:\/\/play.google.com\/store\/apps\/details?id=com.mizo.extreme.heavy.truck","packageID":"com.mizo.extreme.heavy.truck"},"showTemplate":1,"s2s_tracking_url":"https:\/\/play.google.com\/store\/apps\/details?id=com.mizo.extreme.heavy.truck","activeCreativeID":"85","scenes":["1","2","6","4"],"campaignAdType":"Interstitial","productId":"","purchaseBit":0,"licenseKey":""},{"campaignID":"73","attribution":0,"priority":"5","appToPromote":{"appToPromoteID":"1458","usesDefaultFrameImage":"1","usesDefaultCloseImage":"1","marketURL":"https:\/\/play.google.com\/store\/apps\/details?id=com.mizo.army.prisoner.transport.simulator","packageID":"com.mizo.army.prisoner.transport.simulator"},"showTemplate":1,"s2s_tracking_url":"https:\/\/play.google.com\/store\/apps\/details?id=com.mizo.army.prisoner.transport.simulator","activeCreativeID":"93","scenes":["1","2","6","4"],"campaignAdType":"Interstitial","productId":"","purchaseBit":0,"licenseKey":""},{"campaignID":"74","attribution":0,"priority":"5","appToPromote":{"appToPromoteID":"1449","usesDefaultFrameImage":"1","usesDefaultCloseImage":"1","marketURL":"https:\/\/play.google.com\/store\/apps\/details?id=com.brilliantgamez.army.prisoners.transport.plane","packageID":"com.brilliantgamez.army.prisoners.transport.plane"},"showTemplate":1,"s2s_tracking_url":"https:\/\/play.google.com\/store\/apps\/details?id=com.brilliantgamez.army.prisoners.transport.plane","activeCreativeID":"94","scenes":["1","2","6","4"],"campaignAdType":"Interstitial","productId":"","purchaseBit":0,"licenseKey":""},{"campaignID":"78","attribution":0,"priority":"5","appToPromote":{"appToPromoteID":"1632","usesDefaultFrameImage":"1","usesDefaultCloseImage":"1","marketURL":"https:\/\/play.google.com\/store\/apps\/details?id=com.mizo.road.builder.city.construction","packageID":"com.mizo.road.builder.city.construction"},"showTemplate":1,"s2s_tracking_url":"https:\/\/play.google.com\/store\/apps\/details?id=com.mizo.road.builder.city.construction","activeCreativeID":"97","scenes":["1","2","6","4"],"campaignAdType":"Interstitial","productId":"","purchaseBit":0,"licenseKey":""},{"campaignID":"80","attribution":0,"priority":"5","appToPromote":{"appToPromoteID":"1675","usesDefaultFrameImage":"1","usesDefaultCloseImage":"1","marketURL":"https:\/\/play.google.com\/store\/apps\/details?id=com.mizo.flip.bottle.shooting.expert","packageID":"com.mizo.flip.bottle.shooting.expert"},"showTemplate":1,"s2s_tracking_url":"https:\/\/play.google.com\/store\/apps\/details?id=com.mizo.flip.bottle.shooting.expert","activeCreativeID":"100","scenes":["1","2","6","4"],"campaignAdType":"Interstitial","productId":"","purchaseBit":0,"licenseKey":""},{"campaignID":"110","attribution":0,"priority":"5","appToPromote":{"appToPromoteID":"1853","usesDefaultFrameImage":"1","usesDefaultCloseImage":"1","marketURL":"https:\/\/play.google.com\/store\/apps\/details?id=com.mizo.police.airplane.transporter","packageID":"com.mizo.police.airplane.transporter"},"showTemplate":1,"s2s_tracking_url":"https:\/\/play.google.com\/store\/apps\/details?id=com.mizo.police.airplane.transporter","activeCreativeID":"137","scenes":["1","2","6","4"],"campaignAdType":"Interstitial","productId":"","purchaseBit":0,"licenseKey":""},{"campaignID":"143","attribution":0,"priority":"5","appToPromote":{"appToPromoteID":"2089","usesDefaultFrameImage":"0","usesDefaultCloseImage":"0","marketURL":"https:\/\/play.google.com\/store\/apps\/details?id=com.mizo.sports.car.mechanic","packageID":"com.mizo.sports.car.mechanic"},"showTemplate":1,"s2s_tracking_url":"https:\/\/play.google.com\/store\/apps\/details?id=com.mizo.sports.car.mechanic","activeCreativeID":"184","scenes":["1","2","6","4"],"campaignAdType":"Interstitial","productId":"","purchaseBit":0,"licenseKey":""},{"campaignID":"147","attribution":0,"priority":"5","appToPromote":{"appToPromoteID":"2085","usesDefaultFrameImage":"0","usesDefaultCloseImage":"0","marketURL":"https:\/\/play.google.com\/store\/apps\/details?id=com.mizo.robot.gang.mafia","packageID":"com.mizo.robot.gang.mafia"},"showTemplate":1,"s2s_tracking_url":"https:\/\/play.google.com\/store\/apps\/details?id=com.mizo.robot.gang.mafia","activeCreativeID":"188","scenes":["1","2","6","4"],"campaignAdType":"Interstitial","productId":"","purchaseBit":0,"licenseKey":""},{"campaignID":"227","attribution":0,"priority":"5","appToPromote":{"appToPromoteID":"2571","usesDefaultFrameImage":"0","usesDefaultCloseImage":"0","marketURL":"https:\/\/play.google.com\/store\/apps\/details?id=com.mizo.raft.suvival","packageID":"com.mizo.raft.suvival"},"showTemplate":1,"s2s_tracking_url":"https:\/\/play.google.com\/store\/apps\/details?id=com.mizo.raft.suvival","activeCreativeID":"302","scenes":["1","2","6","4"],"campaignAdType":"Interstitial","productId":"","purchaseBit":0,"licenseKey":""},{"campaignID":"317","attribution":0,"priority":"5","appToPromote":{"appToPromoteID":"2723","usesDefaultFrameImage":"0","usesDefaultCloseImage":"0","marketURL":"https:\/\/play.google.com\/store\/apps\/details?id=com.mizo.helicopter.rescue","packageID":"com.mizo.helicopter.rescue"},"showTemplate":1,"s2s_tracking_url":"https:\/\/play.google.com\/store\/apps\/details?id=com.mizo.helicopter.rescue","activeCreativeID":"324","scenes":["1","2","6","4"],"campaignAdType":"Interstitial","productId":"","purchaseBit":0,"licenseKey":""},{"campaignID":"367","attribution":0,"priority":"5","appToPromote":{"appToPromoteID":"2911","usesDefaultFrameImage":"0","usesDefaultCloseImage":"0","marketURL":"https:\/\/play.google.com\/store\/apps\/details?id=com.mizo.police.ship.transporter","packageID":"com.mizo.police.ship.transporter"},"showTemplate":1,"s2s_tracking_url":"https:\/\/play.google.com\/store\/apps\/details?id=com.mizo.police.ship.transporter","activeCreativeID":"383","scenes":["1","2","6","4"],"campaignAdType":"Interstitial","productId":"","purchaseBit":0,"licenseKey":""},{"campaignID":"390","attribution":0,"priority":"5","appToPromote":{"appToPromoteID":"3077","usesDefaultFrameImage":"0","usesDefaultCloseImage":"0","marketURL":"https:\/\/play.google.com\/store\/apps\/details?id=com.mizo.transformer.shooting","packageID":"com.mizo.transformer.shooting"},"showTemplate":1,"s2s_tracking_url":"https:\/\/play.google.com\/store\/apps\/details?id=com.mizo.transformer.shooting","activeCreativeID":"441","scenes":["1","2","6","4"],"campaignAdType":"Interstitial","productId":"","purchaseBit":0,"licenseKey":""},{"campaignID":"408","attribution":0,"priority":"5","appToPromote":{"appToPromoteID":"3095","usesDefaultFrameImage":"0","usesDefaultCloseImage":"0","marketURL":"https:\/\/play.google.com\/store\/apps\/details?id=com.mizo.superhero.robot","packageID":"com.mizo.superhero.robot"},"showTemplate":1,"s2s_tracking_url":"https:\/\/play.google.com\/store\/apps\/details?id=com.mizo.superhero.robot","activeCreativeID":"443","scenes":["1","2","6","4"],"campaignAdType":"Interstitial","productId":"","purchaseBit":0,"licenseKey":""},{"campaignID":"410","attribution":0,"priority":"5","appToPromote":{"appToPromoteID":"3145","usesDefaultFrameImage":"0","usesDefaultCloseImage":"0","marketURL":"https:\/\/play.google.com\/store\/apps\/details?id=com.mizo.extreme.bikerider","packageID":"com.mizo.extreme.bikerider"},"showTemplate":1,"s2s_tracking_url":"https:\/\/play.google.com\/store\/apps\/details?id=com.mizo.extreme.bikerider","activeCreativeID":"448","scenes":["1","2","6","4"],"campaignAdType":"Interstitial","productId":"","purchaseBit":0,"licenseKey":""},{"campaignID":"428","attribution":0,"priority":"5","appToPromote":{"appToPromoteID":"3250","usesDefaultFrameImage":"0","usesDefaultCloseImage":"0","marketURL":"https:\/\/play.google.com\/store\/apps\/details?id=com.mizo.bicycle.stunt.racer","packageID":"com.mizo.bicycle.stunt.racer"},"showTemplate":1,"s2s_tracking_url":"https:\/\/play.google.com\/store\/apps\/details?id=com.mizo.bicycle.stunt.racer","activeCreativeID":"472","scenes":["1","2","6","4"],"campaignAdType":"Interstitial","productId":"","purchaseBit":0,"licenseKey":""},{"campaignID":"429","attribution":0,"priority":"5","appToPromote":{"appToPromoteID":"3253","usesDefaultFrameImage":"0","usesDefaultCloseImage":"0","marketURL":"https:\/\/play.google.com\/store\/apps\/details?id=com.mizo.rooftop.stunts","packageID":"com.mizo.rooftop.stunts"},"showTemplate":1,"s2s_tracking_url":"https:\/\/play.google.com\/store\/apps\/details?id=com.mizo.rooftop.stunts","activeCreativeID":"474","scenes":["1","2","6","4"],"campaignAdType":"Interstitial","productId":"","purchaseBit":0,"licenseKey":""},{"campaignID":"456","attribution":0,"priority":"5","appToPromote":{"appToPromoteID":"2448","usesDefaultFrameImage":"0","usesDefaultCloseImage":"0","marketURL":"https:\/\/play.google.com\/store\/apps\/details?id=com.mizo.battle.simulator","packageID":"com.mizo.battle.simulator"},"showTemplate":1,"s2s_tracking_url":"https:\/\/play.google.com\/store\/apps\/details?id=com.mizo.battle.simulator","activeCreativeID":"503","scenes":["1","2","6","4"],"campaignAdType":"Interstitial","productId":"","purchaseBit":0,"licenseKey":""},{"campaignID":"482","attribution":0,"priority":"5","appToPromote":{"appToPromoteID":"2877","usesDefaultFrameImage":"0","usesDefaultCloseImage":"0","marketURL":"https:\/\/play.google.com\/store\/apps\/details?id=com.mizo.underwater.tourist.bus","packageID":"com.mizo.underwater.tourist.bus"},"showTemplate":1,"s2s_tracking_url":"https:\/\/play.google.com\/store\/apps\/details?id=com.mizo.underwater.tourist.bus","activeCreativeID":"540","scenes":["1","2","6","4"],"campaignAdType":"Interstitial","productId":"","purchaseBit":0,"licenseKey":""},{"campaignID":"490","attribution":0,"priority":"5","appToPromote":{"appToPromoteID":"3518","usesDefaultFrameImage":"0","usesDefaultCloseImage":"0","marketURL":"https:\/\/play.google.com\/store\/apps\/details?id=com.crazyneuron.superhero.robot.world","packageID":"com.crazyneuron.superhero.robot.world"},"showTemplate":1,"s2s_tracking_url":"https:\/\/play.google.com\/store\/apps\/details?id=com.crazyneuron.superhero.robot.world","activeCreativeID":"550","scenes":["1","2","6","4"],"campaignAdType":"Interstitial","productId":"","purchaseBit":0,"licenseKey":""},{"campaignID":"501","attribution":0,"priority":"5","appToPromote":{"appToPromoteID":"3579","usesDefaultFrameImage":"0","usesDefaultCloseImage":"0","marketURL":"https:\/\/play.google.com\/store\/apps\/details?id=com.crazyneuron.us.army.transport","packageID":"com.crazyneuron.us.army.transport"},"showTemplate":1,"s2s_tracking_url":"https:\/\/play.google.com\/store\/apps\/details?id=com.crazyneuron.us.army.transport","activeCreativeID":"577","scenes":["1","2","6","4"],"campaignAdType":"Interstitial","productId":"","purchaseBit":0,"licenseKey":""},{"campaignID":"512","attribution":0,"priority":"5","appToPromote":{"appToPromoteID":"3683","usesDefaultFrameImage":"0","usesDefaultCloseImage":"0","marketURL":"https:\/\/play.google.com\/store\/apps\/details?id=com.mizo.plane.landing","packageID":"com.mizo.plane.landing"},"showTemplate":1,"s2s_tracking_url":"https:\/\/play.google.com\/store\/apps\/details?id=com.mizo.plane.landing","activeCreativeID":"594","scenes":["1","2","6","4"],"campaignAdType":"Interstitial","productId":"","purchaseBit":0,"licenseKey":""},{"campaignID":"6210","attribution":0,"priority":"5","appToPromote":{"appToPromoteID":"11566","usesDefaultFrameImage":"0","usesDefaultCloseImage":"0","marketURL":"https:\/\/play.google.com\/store\/apps\/details?id=com.mizo.line.drawing.puzzle.game","packageID":"com.mizo.line.drawing.puzzle.game"},"showTemplate":1,"s2s_tracking_url":"https:\/\/play.google.com\/store\/apps\/details?id=com.mizo.line.drawing.puzzle.game","activeCreativeID":"1322","scenes":["1","2","6","4"],"campaignAdType":"Video","productId":"","purchaseBit":0,"licenseKey":""},{"campaignID":"6213","attribution":0,"priority":"5","appToPromote":{"appToPromoteID":"11633","usesDefaultFrameImage":"0","usesDefaultCloseImage":"0","marketURL":"https:\/\/play.google.com\/store\/apps\/details?id=com.mizo.car.driving.simulator","packageID":"com.mizo.car.driving.simulator"},"showTemplate":1,"s2s_tracking_url":"https:\/\/play.google.com\/store\/apps\/details?id=com.mizo.car.driving.simulator","activeCreativeID":"1325","scenes":["1","2","6","4"],"campaignAdType":"Video","productId":"","purchaseBit":0,"licenseKey":""},{"campaignID":"6214","attribution":0,"priority":"5","appToPromote":{"appToPromoteID":"11661","usesDefaultFrameImage":"0","usesDefaultCloseImage":"0","marketURL":"https:\/\/play.google.com\/store\/apps\/details?id=com.mizo.car.tycoon.game","packageID":"com.mizo.car.tycoon.game"},"showTemplate":1,"s2s_tracking_url":"https:\/\/play.google.com\/store\/apps\/details?id=com.mizo.car.tycoon.game","activeCreativeID":"1326","scenes":["1","2","6","4"],"campaignAdType":"Video","productId":"","purchaseBit":0,"licenseKey":""},{"campaignID":"6254","attribution":0,"priority":"5","appToPromote":{"appToPromoteID":"11810","usesDefaultFrameImage":"0","usesDefaultCloseImage":"0","marketURL":"https:\/\/play.google.com\/store\/apps\/details?id=com.mizo.car.transporter.games","packageID":"com.mizo.car.transporter.games"},"showTemplate":1,"s2s_tracking_url":"https:\/\/play.google.com\/store\/apps\/details?id=com.mizo.car.transporter.games","activeCreativeID":"1370","scenes":["1","2","6","4"],"campaignAdType":"Video","productId":"","purchaseBit":0,"licenseKey":""},{"campaignID":"6256","attribution":0,"priority":"5","appToPromote":{"appToPromoteID":"11880","usesDefaultFrameImage":"0","usesDefaultCloseImage":"0","marketURL":"https:\/\/play.google.com\/store\/apps\/details?id=com.mizo.us.army.transporter","packageID":"com.mizo.us.army.transporter"},"showTemplate":1,"s2s_tracking_url":"https:\/\/play.google.com\/store\/apps\/details?id=com.mizo.us.army.transporter","activeCreativeID":"1372","scenes":["1","2","6","4"],"campaignAdType":"Video","productId":"","purchaseBit":0,"licenseKey":""},{"campaignID":"6264","attribution":0,"priority":"5","appToPromote":{"appToPromoteID":"11879","usesDefaultFrameImage":"0","usesDefaultCloseImage":"0","marketURL":"https:\/\/play.google.com\/store\/apps\/details?id=com.buntoo.car.racing.games","packageID":"com.buntoo.car.racing.games"},"showTemplate":1,"s2s_tracking_url":"https:\/\/play.google.com\/store\/apps\/details?id=com.buntoo.car.racing.games","activeCreativeID":"1380","scenes":["1","2","6","4"],"campaignAdType":"Video","productId":"","purchaseBit":0,"licenseKey":""},{"campaignID":"6363","attribution":0,"priority":"5","appToPromote":{"appToPromoteID":"12100","usesDefaultFrameImage":"0","usesDefaultCloseImage":"0","marketURL":"https:\/\/play.google.com\/store\/apps\/details?id=com.mizo.police.transport.shooting","packageID":"com.mizo.police.transport.shooting"},"showTemplate":1,"s2s_tracking_url":"https:\/\/play.google.com\/store\/apps\/details?id=com.mizo.police.transport.shooting","activeCreativeID":"1519","scenes":["1","2","6","4"],"campaignAdType":"Video","productId":"","purchaseBit":0,"licenseKey":""},{"campaignID":"6430","attribution":0,"priority":"5","appToPromote":{"appToPromoteID":"12340","usesDefaultFrameImage":"0","usesDefaultCloseImage":"0","marketURL":"https:\/\/play.google.com\/store\/apps\/details?id=com.buntoo.robot.car.transporter.games","packageID":"com.buntoo.robot.car.transporter.games"},"showTemplate":1,"s2s_tracking_url":"https:\/\/play.google.com\/store\/apps\/details?id=com.buntoo.robot.car.transporter.games","activeCreativeID":"1563","scenes":["1","2","6","4"],"campaignAdType":"Video","productId":"","purchaseBit":0,"licenseKey":""},{"campaignID":"6432","attribution":0,"priority":"5","appToPromote":{"appToPromoteID":"12565","usesDefaultFrameImage":"0","usesDefaultCloseImage":"0","marketURL":"https:\/\/play.google.com\/store\/apps\/details?id=com.mizo.train.gold.robbery.games","packageID":"com.mizo.train.gold.robbery.games"},"showTemplate":1,"s2s_tracking_url":"https:\/\/play.google.com\/store\/apps\/details?id=com.mizo.train.gold.robbery.games","activeCreativeID":"1565","scenes":["1","2","6","4"],"campaignAdType":"Video","productId":"","purchaseBit":0,"licenseKey":""},{"campaignID":"6445","attribution":0,"priority":"5","appToPromote":{"appToPromoteID":"12564","usesDefaultFrameImage":"0","usesDefaultCloseImage":"0","marketURL":"https:\/\/play.google.com\/store\/apps\/details?id=com.cradley.prison.escape.casino.robbery","packageID":"com.cradley.prison.escape.casino.robbery"},"showTemplate":1,"s2s_tracking_url":"https:\/\/play.google.com\/store\/apps\/details?id=com.cradley.prison.escape.casino.robbery","activeCreativeID":"1575","scenes":["1","2","6","4"],"campaignAdType":"Video","productId":"","purchaseBit":0,"licenseKey":""}],"refreshAdRate":30,"mode":"Production","aspectRatio":"4_3","cdnPath":"https:\/\/df8ymybeo92md.cloudfront.net\/images\/","sentry_log":0,"local_logging":0,"sentry_dsn":"https:\/\/93ffa1c9a4124f67b8888a53265f751a:bbf998e04584477fa9a145838e9d3b26@sentry.io\/168994","sentry_initialization":1,"sentry_debugging":0,"bannerSizes":[],"aspectRatioVideo":"16_9","app_id":"1946","showPreRewardedDialogue":0,"showPostRewardedDialogue":0,"rewardCurrency":"coins","rewardValue":0,"isSkipable":0,"privacyPolicyURL":"https:\/\/www.consoliads.com\/privacy-policy\/","sessionToken":"qxg+CgUjVuEt\/i6FA8sGyo\/OCorKWeqd9ZTb98Z8BLzrw9uKtnUq6x+I6\/ZzHEsDa6+z+e43eYdJj8Enwj8xdJay7ckCeWsjlUe9yFHIlNkVCaqjL8V\/1x\/oI6gdFl\/tLIO2KgPBKFAQ988zPXvCG+lMjet9qw9kE314aViZLeY="}
Session token value is set


{"appKey":"e6c288ffb04d929a4737a593ce216e8b","deviceID":"6473","stats":[{"campaignID":126,"packageID":"com.gss.clown.robbery.gangster.squad","sceneStats":[{"sceneID":"17","eventStats":"365,265,165,65,65,0,0"}]}],"sdkVersion":"39","sessionToken":"qxg+CgUjVuEt\/i6FA8sGyo\/OCorKWeqd9ZTb98Z8BLzrw9uKtnUq6x+I6\/ZzHEsDa6+z+e43eYdJj8Enwj8xdJay7ckCeWsjlUe9yFHIlNkVCaqjL8V\/1x\/oI6gdFl\/tLIO2KgPBKFAQ988zPXvCG+lMjet9qw9kE314aViZLeY="}
cache_ttl value is correct

Refresh Ad Rate value is correct
mode value is set

 Aspect ratio value is correct
sentry_log value is set
local_logging value is set
sentry_initialization value is set
sentry_debugging value is set
showPreRewardedDialogue value is set
showPostRewardedDialogue value is set
isSkipable value is set
{"cache_ttl":10080,"cache_ttl_rewarded":10080,"cache_ttl_banner":10080,"cache_ttl_native":10080,"cache_ttl_icon":10080,"campaigns":[{"campaignID":"8378","attribution":0,"priority":"8","appToPromote":{"appToPromoteID":"16480","usesDefaultFrameImage":"0","usesDefaultCloseImage":"0","marketURL":"https:\/\/play.google.com\/store\/apps\/details?id=com.nag.home.manager.working.virtual.mom","packageID":"com.GSS317.AmazingFamily"},"showTemplate":1,"s2s_tracking_url":"https:\/\/play.google.com\/store\/apps\/details?id=com.nag.home.manager.working.virtual.mom","activeCreativeID":"3720","scenes":["12","1","8","6","15","2"],"campaignAdType":"Interstitial","productId":"","purchaseBit":0,"licenseKey":""},{"campaignID":"9547","attribution":0,"priority":"8","appToPromote":{"appToPromoteID":"11879","usesDefaultFrameImage":"0","usesDefaultCloseImage":"0","marketURL":"https:\/\/play.google.com\/store\/apps\/details?id=com.buntoo.car.racing.games","packageID":"com.buntoo.car.racing.games"},"showTemplate":1,"s2s_tracking_url":"https:\/\/play.google.com\/store\/apps\/details?id=com.buntoo.car.racing.games","activeCreativeID":"4964","scenes":["12","1","8","6","15","2"],"campaignAdType":"Interstitial","productId":"","purchaseBit":0,"licenseKey":""},{"campaignID":"9586","attribution":0,"priority":"8","appToPromote":{"appToPromoteID":"515","usesDefaultFrameImage":"1","usesDefaultCloseImage":"1","marketURL":"https:\/\/play.google.com\/store\/apps\/details?id=com.plum.cash.counter.simualtor","packageID":"com.plum.cash.counter.simualtor"},"showTemplate":1,"s2s_tracking_url":"https:\/\/play.google.com\/store\/apps\/details?id=com.plum.cash.counter.simualtor","activeCreativeID":"50","scenes":["12","1","8","6","15","2"],"campaignAdType":"Interstitial","productId":"","purchaseBit":0,"licenseKey":""},{"campaignID":"9587","attribution":0,"priority":"8","appToPromote":{"appToPromoteID":"515","usesDefaultFrameImage":"1","usesDefaultCloseImage":"1","marketURL":"https:\/\/play.google.com\/store\/apps\/details?id=com.plum.cash.counter.simualtor","packageID":"com.plum.cash.counter.simualtor"},"showTemplate":1,"s2s_tracking_url":"https:\/\/play.google.com\/store\/apps\/details?id=com.plum.cash.counter.simualtor","activeCreativeID":"50","scenes":["12","1","8","6","15","2"],"campaignAdType":"Interstitial","productId":"","purchaseBit":0,"licenseKey":""},{"campaignID":"9588","attribution":0,"priority":"8","appToPromote":{"appToPromoteID":"515","usesDefaultFrameImage":"1","usesDefaultCloseImage":"1","marketURL":"https:\/\/play.google.com\/store\/apps\/details?id=com.plum.cash.counter.simualtor","packageID":"com.plum.cash.counter.simualtor"},"showTemplate":1,"s2s_tracking_url":"https:\/\/play.google.com\/store\/apps\/details?id=com.plum.cash.counter.simualtor","activeCreativeID":"50","scenes":["12","1","8","6","15","2"],"campaignAdType":"Interstitial","productId":"","purchaseBit":0,"licenseKey":""},{"campaignID":"9589","attribution":0,"priority":"8","appToPromote":{"appToPromoteID":"515","usesDefaultFrameImage":"1","usesDefaultCloseImage":"1","marketURL":"https:\/\/play.google.com\/store\/apps\/details?id=com.plum.cash.counter.simualtor","packageID":"com.plum.cash.counter.simualtor"},"showTemplate":1,"s2s_tracking_url":"https:\/\/play.google.com\/store\/apps\/details?id=com.plum.cash.counter.simualtor","activeCreativeID":"50","scenes":["12","1","8","6","15","2"],"campaignAdType":"Interstitial","productId":"","purchaseBit":0,"licenseKey":""},{"campaignID":"9131","attribution":0,"priority":"8","appToPromote":{"appToPromoteID":"17532","usesDefaultFrameImage":"0","usesDefaultCloseImage":"0","marketURL":"https:\/\/play.google.com\/store\/apps\/details?id=com.dhgate.buyermob","packageID":"com.dhgate.buyermob"},"showTemplate":1,"s2s_tracking_url":"https:\/\/tha.gotrackier.com\/click?campaign_id=63254\\u0026pub_id=75?p1=2081_9131_6473&amp;source=6841&amp;app_name=ClownRobberyGangsterSquad&amp;gaid=6473","activeCreativeID":"4483","scenes":["12","1","8","6","15","2"],"campaignAdType":"Interstitial","productId":"","purchaseBit":0,"licenseKey":""},{"campaignID":"8380","attribution_link":"","attribution":1,"priority":"7","appToPromote":{"appToPromoteID":"16480","usesDefaultFrameImage":"0","usesDefaultCloseImage":"0","marketURL":"https:\/\/play.google.com\/store\/apps\/details?id=com.nag.home.manager.working.virtual.mom","packageID":"com.GSS317.AmazingFamily"},"showTemplate":1,"s2s_tracking_url":"","activeCreativeID":"3720","scenes":["12","1","8","6","15","2"],"campaignAdType":"Interstitial","productId":"","purchaseBit":0,"licenseKey":""},{"campaignID":"444","attribution":0,"priority":"6","appToPromote":{"appToPromoteID":"3355","usesDefaultFrameImage":"0","usesDefaultCloseImage":"0","marketURL":"https:\/\/play.google.com\/store\/apps\/details?id=com.popnsons.parkour.mouse","packageID":"com.popnsons.parkour.mouse"},"showTemplate":1,"s2s_tracking_url":"https:\/\/play.google.com\/store\/apps\/details?id=com.popnsons.parkour.mouse","activeCreativeID":"469","scenes":["12","1","8","6","15","2"],"campaignAdType":"Interstitial","productId":"","purchaseBit":0,"licenseKey":""},{"campaignID":"561","attribution":0,"priority":"6","appToPromote":{"appToPromoteID":"5026","usesDefaultFrameImage":"0","usesDefaultCloseImage":"0","marketURL":"https:\/\/play.google.com\/store\/apps\/details?id=com.as.cashupapp","packageID":"com.as.cashupapp"},"showTemplate":1,"s2s_tracking_url":"https:\/\/play.google.com\/store\/apps\/details?id=com.as.cashupapp","activeCreativeID":"652","scenes":["12","1","8","6","15","2"],"campaignAdType":"Interstitial","productId":"","purchaseBit":0,"licenseKey":""},{"campaignID":"570","attribution":0,"priority":"6","appToPromote":{"appToPromoteID":"3802","usesDefaultFrameImage":"0","usesDefaultCloseImage":"0","marketURL":"https:\/\/play.google.com\/store\/apps\/details?id=com.Madxstudios.Flickshootsoccer","packageID":"com.Madxstudios.Flickshootsoccer"},"showTemplate":1,"s2s_tracking_url":"https:\/\/play.google.com\/store\/apps\/details?id=com.Madxstudios.Flickshootsoccer","activeCreativeID":"661","scenes":["12","1","8","6","15","2"],"campaignAdType":"Interstitial","productId":"","purchaseBit":0,"licenseKey":""},{"campaignID":"588","attribution":0,"priority":"6","appToPromote":{"appToPromoteID":"5026","usesDefaultFrameImage":"0","usesDefaultCloseImage":"0","marketURL":"https:\/\/play.google.com\/store\/apps\/details?id=com.as.cashupapp","packageID":"com.as.cashupapp"},"showTemplate":1,"s2s_tracking_url":"https:\/\/play.google.com\/store\/apps\/details?id=com.as.cashupapp","activeCreativeID":"652","scenes":["12","1","8","6","15","2"],"campaignAdType":"Interstitial","productId":"","purchaseBit":0,"licenseKey":""},{"campaignID":"8808","attribution_link":"","attribution":1,"priority":"5","appToPromote":{"appToPromoteID":"16528","usesDefaultFrameImage":"0","usesDefaultCloseImage":"0","marketURL":"https:\/\/play.google.com\/store\/apps\/details?id=com.bag.farm.day.village.farming.games","packageID":"com.GSS317.com.bag.farm.day.village.farming.games"},"showTemplate":1,"s2s_tracking_url":"","activeCreativeID":"3775","scenes":["12","1","8","6","15","2"],"campaignAdType":"Interstitial","productId":"","purchaseBit":0,"licenseKey":""},{"campaignID":"8973","attribution":0,"priority":"5","appToPromote":{"appToPromoteID":"15974","usesDefaultFrameImage":"0","usesDefaultCloseImage":"0","marketURL":"https:\/\/play.google.com\/store\/apps\/details?id=com.mustardgames.bmx.cycle.stunt.mega.ramp.impossibletracks","packageID":"com.mustardgames.bmx.cycle.stunt.mega.ramp.impossibletracks"},"showTemplate":1,"s2s_tracking_url":"https:\/\/play.google.com\/store\/apps\/details?id=com.mustardgames.bmx.cycle.stunt.mega.ramp.impossibletracks","activeCreativeID":"4339","scenes":["12","1","8","6","15","2"],"campaignAdType":"Interstitial","productId":"","purchaseBit":0,"licenseKey":""},{"campaignID":"414","attribution":0,"priority":"3","appToPromote":{"appToPromoteID":"3023","usesDefaultFrameImage":"0","usesDefaultCloseImage":"0","marketURL":"https:\/\/play.google.com\/store\/apps\/details?id=com.appricot2d.rolo.pet.parrot","packageID":"com.appricot2d.rolo.pet.parrot"},"showTemplate":1,"s2s_tracking_url":"https:\/\/play.google.com\/store\/apps\/details?id=com.appricot2d.rolo.pet.parrot","activeCreativeID":"385","scenes":["12","1","8","6","15","2"],"campaignAdType":"Interstitial","productId":"","purchaseBit":0,"licenseKey":""},{"campaignID":"559","attribution":0,"priority":"3","appToPromote":{"appToPromoteID":"3476","usesDefaultFrameImage":"0","usesDefaultCloseImage":"0","marketURL":"https:\/\/play.google.com\/store\/apps\/details?id=com.perspectivegames.real.impossible.tracks.stunts","packageID":"com.perspectivegames.real.impossible.tracks.stunts"},"showTemplate":1,"s2s_tracking_url":"https:\/\/play.google.com\/store\/apps\/details?id=com.perspectivegames.real.impossible.tracks.stunts","activeCreativeID":"649","scenes":["12","1","8","6","15","2"],"campaignAdType":"Interstitial","productId":"","purchaseBit":0,"licenseKey":""},{"campaignID":"741","attribution":0,"priority":"3","appToPromote":{"appToPromoteID":"5609","usesDefaultFrameImage":"0","usesDefaultCloseImage":"0","marketURL":"https:\/\/play.google.com\/store\/apps\/details?id=com.kick.gyroscopic.city.train.driver.simulator","packageID":"com.kick.gyroscopic.city.train.driver.simulator"},"showTemplate":1,"s2s_tracking_url":"https:\/\/play.google.com\/store\/apps\/details?id=com.kick.gyroscopic.city.train.driver.simulator","activeCreativeID":"753","scenes":["12","1","8","6","15","2"],"campaignAdType":"Interstitial","productId":"","purchaseBit":0,"licenseKey":""},{"campaignID":"798","attribution":0,"priority":"3","appToPromote":{"appToPromoteID":"5770","usesDefaultFrameImage":"0","usesDefaultCloseImage":"0","marketURL":"https:\/\/play.google.com\/store\/apps\/details?id=com.simulatorgames3d.alohacelebrations","packageID":"com.simulatorgames3d.alohacelebrations"},"showTemplate":1,"s2s_tracking_url":"https:\/\/play.google.com\/store\/apps\/details?id=com.simulatorgames3d.alohacelebrations","activeCreativeID":"787","scenes":["12","1","8","6","15","2"],"campaignAdType":"Interstitial","productId":"","purchaseBit":0,"licenseKey":""},{"campaignID":"1483","attribution":0,"priority":"3","appToPromote":{"appToPromoteID":"1714","usesDefaultFrameImage":"1","usesDefaultCloseImage":"1","marketURL":"https:\/\/play.google.com\/store\/apps\/details?id=com.playink.cookie.maker","packageID":"com.playink.cookie.maker"},"showTemplate":1,"s2s_tracking_url":"https:\/\/play.google.com\/store\/apps\/details?id=com.playink.cookie.maker","activeCreativeID":"1020","scenes":["12","1","8","6","15","2"],"campaignAdType":"Interstitial","productId":"","purchaseBit":0,"licenseKey":""},{"campaignID":"8762","attribution":0,"priority":"2","appToPromote":{"appToPromoteID":"13265","usesDefaultFrameImage":"0","usesDefaultCloseImage":"0","marketURL":"https:\/\/play.google.com\/store\/apps\/details?id=com.rhg.tricky.bike.stunt.moto.master","packageID":"com.rhg.tricky.bike.stunt.moto.master"},"showTemplate":1,"s2s_tracking_url":"https:\/\/play.google.com\/store\/apps\/details?id=com.rhg.tricky.bike.stunt.moto.master","activeCreativeID":"4121","scenes":["12","1","8","6","15","2"],"campaignAdType":"Rewarded Video","productId":"","purchaseBit":0,"licenseKey":""},{"campaignID":"9366","attribution":0,"priority":"2","appToPromote":{"appToPromoteID":"17602","usesDefaultFrameImage":"0","usesDefaultCloseImage":"0","marketURL":"https:\/\/play.google.com\/store\/apps\/details?id=com.abaenglish.videoclass&amp;referrer=utm_source=42matters.com&amp;utm_medium=api","packageID":"com.abaenglish.videoclass"},"showTemplate":1,"s2s_tracking_url":"https:\/\/play.google.com\/store\/apps\/details?id=com.abaenglish.videoclass&amp;referrer=utm_source=42matters.com&amp;utm_medium=api","activeCreativeID":"4815","scenes":["12","1","8","6","15","2"],"campaignAdType":"Interstitial","productId":"","purchaseBit":0,"licenseKey":""},{"campaignID":"9367","attribution":0,"priority":"2","appToPromote":{"appToPromoteID":"17602","usesDefaultFrameImage":"0","usesDefaultCloseImage":"0","marketURL":"https:\/\/play.google.com\/store\/apps\/details?id=com.abaenglish.videoclass&amp;referrer=utm_source=42matters.com&amp;utm_medium=api","packageID":"com.abaenglish.videoclass"},"showTemplate":1,"s2s_tracking_url":"https:\/\/play.google.com\/store\/apps\/details?id=com.abaenglish.videoclass&amp;referrer=utm_source=42matters.com&amp;utm_medium=api","activeCreativeID":"4815","scenes":["12","1","8","6","15","2"],"campaignAdType":"Interstitial","productId":"","purchaseBit":0,"licenseKey":""}],"refreshAdRate":30,"mode":"Production","aspectRatio":"4_3","cdnPath":"https:\/\/df8ymybeo92md.cloudfront.net\/images\/","sentry_log":0,"local_logging":0,"sentry_dsn":"https:\/\/93ffa1c9a4124f67b8888a53265f751a:bbf998e04584477fa9a145838e9d3b26@sentry.io\/168994","sentry_initialization":1,"sentry_debugging":0,"bannerSizes":["5"],"aspectRatioVideo":"16_9","app_id":"2081","showPreRewardedDialogue":0,"showPostRewardedDialogue":0,"rewardCurrency":"coins","rewardValue":0,"isSkipable":0,"privacyPolicyURL":"https:\/\/www.consoliads.com\/privacy-policy\/","sessionToken":"UI5noJ+CkXB4UUxPtoQh4ieGXV2Zih32V\/UKfGZxI8waEOMyrXOB9\/xYqUvRGgrzT7\/s4JXcGiyurZ2QKlVeo5dlDxCJk++B5ZaLaMmVg9F2YYUBk0dGH\/sFGIBu8AK8bmK9CJ84yBESjlHw8ORtBWA+qVsmDuSDm4T\/PUuYY6o="}
Session token value is set


{"appKey":"4d80502e5e231c73aef56bc16c23e28e","deviceID":"6026","stats":[{"campaignID":128,"packageID":"com.tgp.multistorey.car.transporter.truck","sceneStats":[{"sceneID":"16","eventStats":"360,260,160,60,60,0,0"}]}],"sdkVersion":"2163","sessionToken":"UI5noJ+CkXB4UUxPtoQh4ieGXV2Zih32V\/UKfGZxI8waEOMyrXOB9\/xYqUvRGgrzT7\/s4JXcGiyurZ2QKlVeo5dlDxCJk++B5ZaLaMmVg9F2YYUBk0dGH\/sFGIBu8AK8bmK9CJ84yBESjlHw8ORtBWA+qVsmDuSDm4T\/PUuYY6o="}
cache_ttl value is correct

Title value is correct

Title value is correct

Title value is correct

Title value is correct

Title value is correct

Title value is correct

Refresh Ad Rate value is correct
mode value is set

 Aspect ratio value is correct
sentry_log value is set
local_logging value is set
sentry_initialization value is set
sentry_debugging value is set
showPreRewardedDialogue value is set
showPostRewardedDialogue value is set
isSkipable value is set
{"cache_ttl":10080,"cache_ttl_rewarded":10080,"cache_ttl_banner":10080,"cache_ttl_native":10080,"cache_ttl_icon":10080,"campaigns":[{"campaignID":"8226","attribution":0,"priority":"8","appToPromote":{"appToPromoteID":"12623","usesDefaultFrameImage":"0","usesDefaultCloseImage":"0","marketURL":"https:\/\/play.google.com\/store\/apps\/details?id=com.igg.android.lordsmobile&amp;referrer=utm_source=42matters.com&amp;utm_medium=api","packageID":"com.nooribrand.android.lordsmobile"},"showTemplate":1,"s2s_tracking_url":"https:\/\/play.google.com\/store\/apps\/details?id=com.igg.android.lordsmobile&amp;referrer=utm_source=42matters.com&amp;utm_medium=api","activeCreativeID":"3557","scenes":["12","1","8","6","15","2"],"campaignAdType":"Icon","productId":"","purchaseBit":0,"licenseKey":""},{"campaignID":"8378","attribution":0,"priority":"8","appToPromote":{"appToPromoteID":"16480","usesDefaultFrameImage":"0","usesDefaultCloseImage":"0","marketURL":"https:\/\/play.google.com\/store\/apps\/details?id=com.nag.home.manager.working.virtual.mom","packageID":"com.GSS317.AmazingFamily"},"showTemplate":1,"s2s_tracking_url":"https:\/\/play.google.com\/store\/apps\/details?id=com.nag.home.manager.working.virtual.mom","activeCreativeID":"3720","scenes":["12","1","8","6","15","2"],"campaignAdType":"Interstitial","productId":"","purchaseBit":0,"licenseKey":""},{"campaignID":"8613","attribution":0,"priority":"8","appToPromote":{"appToPromoteID":"12623","usesDefaultFrameImage":"0","usesDefaultCloseImage":"0","marketURL":"https:\/\/play.google.com\/store\/apps\/details?id=com.igg.android.lordsmobile&amp;referrer=utm_source=42matters.com&amp;utm_medium=api","packageID":"com.nooribrand.android.lordsmobile"},"showTemplate":1,"s2s_tracking_url":"https:\/\/play.google.com\/store\/apps\/details?id=com.igg.android.lordsmobile&amp;referrer=utm_source=42matters.com&amp;utm_medium=api","activeCreativeID":"3557","scenes":["12","1","8","6","15","2"],"campaignAdType":"Icon","productId":"","purchaseBit":0,"licenseKey":""},{"campaignID":"9252","attribution":0,"priority":"8","appToPromote":{"appToPromoteID":"12315","usesDefaultFrameImage":"0","usesDefaultCloseImage":"0","marketURL":"google.com","packageID":"com.qabrand.plnative"},"showTemplate":1,"s2s_tracking_url":"google.com","activeCreativeID":"4683","scenes":["12","1","8","6","15","2"],"campaignAdType":"Native","title":"Native first","subTitle":"First ","description":"New description","adClickThroughText":"FIRST Button","productId":"","purchaseBit":0,"licenseKey":""},{"campaignID":"9253","attribution":0,"priority":"8","appToPromote":{"appToPromoteID":"12315","usesDefaultFrameImage":"0","usesDefaultCloseImage":"0","marketURL":"google.com","packageID":"com.qabrand.plnative"},"showTemplate":1,"s2s_tracking_url":"google.com","activeCreativeID":"4683","scenes":["12","1","8","6","15","2"],"campaignAdType":"Native","title":"Native first","subTitle":"First ","description":"New description","adClickThroughText":"FIRST Button","productId":"","purchaseBit":0,"licenseKey":""},{"campaignID":"9255","attribution":0,"priority":"8","appToPromote":{"appToPromoteID":"13274","usesDefaultFrameImage":"0","usesDefaultCloseImage":"0","marketURL":"https:\/\/play.google.com\/store\/apps\/details?id=com.facebook.katana","packageID":"com.salon.adsalon"},"showTemplate":1,"s2s_tracking_url":"https:\/\/play.google.com\/store\/apps\/details?id=com.facebook.katana","activeCreativeID":"4685","scenes":["12","1","8","6","15","2"],"campaignAdType":"Native","title":"native NA ","subTitle":"native NA ","description":"native NA added","adClickThroughText":"native NA ","productId":"","purchaseBit":0,"licenseKey":""},{"campaignID":"9257","attribution":0,"priority":"8","appToPromote":{"appToPromoteID":"12286","usesDefaultFrameImage":"0","usesDefaultCloseImage":"0","marketURL":"google.com","packageID":"com.qabrand.Chartboost_Native"},"showTemplate":1,"s2s_tracking_url":"google.com","activeCreativeID":"4688","scenes":["12","1","8","6","15","2"],"campaignAdType":"Native","title":"Native second updated","subTitle":"Native second ","description":"Native second details","adClickThroughText":"Native second ","productId":"","purchaseBit":0,"licenseKey":""},{"campaignID":"9263","attribution":0,"priority":"8","appToPromote":{"appToPromoteID":"12315","usesDefaultFrameImage":"0","usesDefaultCloseImage":"0","marketURL":"google.com","packageID":"com.qabrand.plnative"},"showTemplate":1,"s2s_tracking_url":"google.com","activeCreativeID":"4694","scenes":["12","1","8","6","15","2"],"campaignAdType":"Native","title":"test","subTitle":"test","description":" test details update","adClickThroughText":"test","productId":"","purchaseBit":0,"licenseKey":""},{"campaignID":"9547","attribution":0,"priority":"8","appToPromote":{"appToPromoteID":"11879","usesDefaultFrameImage":"0","usesDefaultCloseImage":"0","marketURL":"https:\/\/play.google.com\/store\/apps\/details?id=com.buntoo.car.racing.games","packageID":"com.buntoo.car.racing.games"},"showTemplate":1,"s2s_tracking_url":"https:\/\/play.google.com\/store\/apps\/details?id=com.buntoo.car.racing.games","activeCreativeID":"4964","scenes":["12","1","8","6","15","2"],"campaignAdType":"Interstitial","productId":"","purchaseBit":0,"licenseKey":""},{"campaignID":"9586","attribution":0,"priority":"8","appToPromote":{"appToPromoteID":"515","usesDefaultFrameImage":"1","usesDefaultCloseImage":"1","marketURL":"https:\/\/play.google.com\/store\/apps\/details?id=com.plum.cash.counter.simualtor","packageID":"com.plum.cash.counter.simualtor"},"showTemplate":1,"s2s_tracking_url":"https:\/\/play.google.com\/store\/apps\/details?id=com.plum.cash.counter.simualtor","activeCreativeID":"50","scenes":["12","1","8","6","15","2"],"campaignAdType":"Interstitial","productId":"","purchaseBit":0,"licenseKey":""},{"campaignID":"9587","attribution":0,"priority":"8","appToPromote":{"appToPromoteID":"515","usesDefaultFrameImage":"1","usesDefaultCloseImage":"1","marketURL":"https:\/\/play.google.com\/store\/apps\/details?id=com.plum.cash.counter.simualtor","packageID":"com.plum.cash.counter.simualtor"},"showTemplate":1,"s2s_tracking_url":"https:\/\/play.google.com\/store\/apps\/details?id=com.plum.cash.counter.simualtor","activeCreativeID":"50","scenes":["12","1","8","6","15","2"],"campaignAdType":"Interstitial","productId":"","purchaseBit":0,"licenseKey":""},{"campaignID":"9588","attribution":0,"priority":"8","appToPromote":{"appToPromoteID":"515","usesDefaultFrameImage":"1","usesDefaultCloseImage":"1","marketURL":"https:\/\/play.google.com\/store\/apps\/details?id=com.plum.cash.counter.simualtor","packageID":"com.plum.cash.counter.simualtor"},"showTemplate":1,"s2s_tracking_url":"https:\/\/play.google.com\/store\/apps\/details?id=com.plum.cash.counter.simualtor","activeCreativeID":"50","scenes":["12","1","8","6","15","2"],"campaignAdType":"Interstitial","productId":"","purchaseBit":0,"licenseKey":""},{"campaignID":"9589","attribution":0,"priority":"8","appToPromote":{"appToPromoteID":"515","usesDefaultFrameImage":"1","usesDefaultCloseImage":"1","marketURL":"https:\/\/play.google.com\/store\/apps\/details?id=com.plum.cash.counter.simualtor","packageID":"com.plum.cash.counter.simualtor"},"showTemplate":1,"s2s_tracking_url":"https:\/\/play.google.com\/store\/apps\/details?id=com.plum.cash.counter.simualtor","activeCreativeID":"50","scenes":["12","1","8","6","15","2"],"campaignAdType":"Interstitial","productId":"","purchaseBit":0,"licenseKey":""},{"campaignID":"9599","attribution":0,"priority":"8","appToPromote":{"appToPromoteID":"515","usesDefaultFrameImage":"1","usesDefaultCloseImage":"1","marketURL":"https:\/\/play.google.com\/store\/apps\/details?id=com.plum.cash.counter.simualtor","packageID":"com.plum.cash.counter.simualtor"},"showTemplate":1,"s2s_tracking_url":"https:\/\/play.google.com\/store\/apps\/details?id=com.plum.cash.counter.simualtor","activeCreativeID":"5001","scenes":["12","1","8","6","15","2"],"campaignAdType":"Icon","productId":"","purchaseBit":0,"licenseKey":""},{"campaignID":"9127","attribution":0,"priority":"8","appToPromote":{"appToPromoteID":"17528","usesDefaultFrameImage":"0","usesDefaultCloseImage":"0","marketURL":"https:\/\/play.google.com\/store\/apps\/details?id=net.one97.paytm","packageID":"net.one97.paytm"},"showTemplate":1,"s2s_tracking_url":"https:\/\/tha.gotrackier.com\/click?campaign_id=63249\\u0026pub_id=75?p1=2018_9127_6026&amp;source=6841&amp;app_name=MultiTruckCarTransporter&amp;gaid=6026","activeCreativeID":"4788","scenes":["12","1","8","6","15","2"],"campaignAdType":"Native","title":"BCA","subTitle":"FW","description":"nope","adClickThroughText":"Link","productId":"","purchaseBit":0,"licenseKey":""},{"campaignID":"9131","attribution":0,"priority":"8","appToPromote":{"appToPromoteID":"17532","usesDefaultFrameImage":"0","usesDefaultCloseImage":"0","marketURL":"https:\/\/play.google.com\/store\/apps\/details?id=com.dhgate.buyermob","packageID":"com.dhgate.buyermob"},"showTemplate":1,"s2s_tracking_url":"https:\/\/tha.gotrackier.com\/click?campaign_id=63254\\u0026pub_id=75?p1=2018_9131_6026&amp;source=6841&amp;app_name=MultiTruckCarTransporter&amp;gaid=6026","activeCreativeID":"4483","scenes":["12","1","8","6","15","2"],"campaignAdType":"Interstitial","productId":"","purchaseBit":0,"licenseKey":""},{"campaignID":"8380","attribution_link":"","attribution":1,"priority":"7","appToPromote":{"appToPromoteID":"16480","usesDefaultFrameImage":"0","usesDefaultCloseImage":"0","marketURL":"https:\/\/play.google.com\/store\/apps\/details?id=com.nag.home.manager.working.virtual.mom","packageID":"com.GSS317.AmazingFamily"},"showTemplate":1,"s2s_tracking_url":"","activeCreativeID":"3720","scenes":["12","1","8","6","15","2"],"campaignAdType":"Interstitial","productId":"","purchaseBit":0,"licenseKey":""},{"campaignID":"444","attribution":0,"priority":"6","appToPromote":{"appToPromoteID":"3355","usesDefaultFrameImage":"0","usesDefaultCloseImage":"0","marketURL":"https:\/\/play.google.com\/store\/apps\/details?id=com.popnsons.parkour.mouse","packageID":"com.popnsons.parkour.mouse"},"showTemplate":1,"s2s_tracking_url":"https:\/\/play.google.com\/store\/apps\/details?id=com.popnsons.parkour.mouse","activeCreativeID":"469","scenes":["12","1","8","6","15","2"],"campaignAdType":"Interstitial","productId":"","purchaseBit":0,"licenseKey":""},{"campaignID":"561","attribution":0,"priority":"6","appToPromote":{"appToPromoteID":"5026","usesDefaultFrameImage":"0","usesDefaultCloseImage":"0","marketURL":"https:\/\/play.google.com\/store\/apps\/details?id=com.as.cashupapp","packageID":"com.as.cashupapp"},"showTemplate":1,"s2s_tracking_url":"https:\/\/play.google.com\/store\/apps\/details?id=com.as.cashupapp","activeCreativeID":"652","scenes":["12","1","8","6","15","2"],"campaignAdType":"Interstitial","productId":"","purchaseBit":0,"licenseKey":""},{"campaignID":"570","attribution":0,"priority":"6","appToPromote":{"appToPromoteID":"3802","usesDefaultFrameImage":"0","usesDefaultCloseImage":"0","marketURL":"https:\/\/play.google.com\/store\/apps\/details?id=com.Madxstudios.Flickshootsoccer","packageID":"com.Madxstudios.Flickshootsoccer"},"showTemplate":1,"s2s_tracking_url":"https:\/\/play.google.com\/store\/apps\/details?id=com.Madxstudios.Flickshootsoccer","activeCreativeID":"661","scenes":["12","1","8","6","15","2"],"campaignAdType":"Interstitial","productId":"","purchaseBit":0,"licenseKey":""},{"campaignID":"588","attribution":0,"priority":"6","appToPromote":{"appToPromoteID":"5026","usesDefaultFrameImage":"0","usesDefaultCloseImage":"0","marketURL":"https:\/\/play.google.com\/store\/apps\/details?id=com.as.cashupapp","packageID":"com.as.cashupapp"},"showTemplate":1,"s2s_tracking_url":"https:\/\/play.google.com\/store\/apps\/details?id=com.as.cashupapp","activeCreativeID":"652","scenes":["12","1","8","6","15","2"],"campaignAdType":"Interstitial","productId":"","purchaseBit":0,"licenseKey":""},{"campaignID":"8808","attribution_link":"","attribution":1,"priority":"5","appToPromote":{"appToPromoteID":"16528","usesDefaultFrameImage":"0","usesDefaultCloseImage":"0","marketURL":"https:\/\/play.google.com\/store\/apps\/details?id=com.bag.farm.day.village.farming.games","packageID":"com.GSS317.com.bag.farm.day.village.farming.games"},"showTemplate":1,"s2s_tracking_url":"","activeCreativeID":"3775","scenes":["12","1","8","6","15","2"],"campaignAdType":"Interstitial","productId":"","purchaseBit":0,"licenseKey":""},{"campaignID":"8973","attribution":0,"priority":"5","appToPromote":{"appToPromoteID":"15974","usesDefaultFrameImage":"0","usesDefaultCloseImage":"0","marketURL":"https:\/\/play.google.com\/store\/apps\/details?id=com.mustardgames.bmx.cycle.stunt.mega.ramp.impossibletracks","packageID":"com.mustardgames.bmx.cycle.stunt.mega.ramp.impossibletracks"},"showTemplate":1,"s2s_tracking_url":"https:\/\/play.google.com\/store\/apps\/details?id=com.mustardgames.bmx.cycle.stunt.mega.ramp.impossibletracks","activeCreativeID":"4339","scenes":["12","1","8","6","15","2"],"campaignAdType":"Interstitial","productId":"","purchaseBit":0,"licenseKey":""},{"campaignID":"557","attribution":0,"priority":"4","appToPromote":{"appToPromoteID":"4959","usesDefaultFrameImage":"0","usesDefaultCloseImage":"0","marketURL":"https:\/\/play.google.com\/store\/apps\/details?id=com.jet.plane.surfers.joyride.dash","packageID":"com.jet.plane.surfers.joyride.dash"},"showTemplate":1,"s2s_tracking_url":"https:\/\/play.google.com\/store\/apps\/details?id=com.jet.plane.surfers.joyride.dash","activeCreativeID":"645","scenes":["12","1","8","6","15","2"],"campaignAdType":"Interstitial","productId":"","purchaseBit":0,"licenseKey":""},{"campaignID":"414","attribution":0,"priority":"3","appToPromote":{"appToPromoteID":"3023","usesDefaultFrameImage":"0","usesDefaultCloseImage":"0","marketURL":"https:\/\/play.google.com\/store\/apps\/details?id=com.appricot2d.rolo.pet.parrot","packageID":"com.appricot2d.rolo.pet.parrot"},"showTemplate":1,"s2s_tracking_url":"https:\/\/play.google.com\/store\/apps\/details?id=com.appricot2d.rolo.pet.parrot","activeCreativeID":"385","scenes":["12","1","8","6","15","2"],"campaignAdType":"Interstitial","productId":"","purchaseBit":0,"licenseKey":""},{"campaignID":"559","attribution":0,"priority":"3","appToPromote":{"appToPromoteID":"3476","usesDefaultFrameImage":"0","usesDefaultCloseImage":"0","marketURL":"https:\/\/play.google.com\/store\/apps\/details?id=com.perspectivegames.real.impossible.tracks.stunts","packageID":"com.perspectivegames.real.impossible.tracks.stunts"},"showTemplate":1,"s2s_tracking_url":"https:\/\/play.google.com\/store\/apps\/details?id=com.perspectivegames.real.impossible.tracks.stunts","activeCreativeID":"649","scenes":["12","1","8","6","15","2"],"campaignAdType":"Interstitial","productId":"","purchaseBit":0,"licenseKey":""},{"campaignID":"741","attribution":0,"priority":"3","appToPromote":{"appToPromoteID":"5609","usesDefaultFrameImage":"0","usesDefaultCloseImage":"0","marketURL":"https:\/\/play.google.com\/store\/apps\/details?id=com.kick.gyroscopic.city.train.driver.simulator","packageID":"com.kick.gyroscopic.city.train.driver.simulator"},"showTemplate":1,"s2s_tracking_url":"https:\/\/play.google.com\/store\/apps\/details?id=com.kick.gyroscopic.city.train.driver.simulator","activeCreativeID":"753","scenes":["12","1","8","6","15","2"],"campaignAdType":"Interstitial","productId":"","purchaseBit":0,"licenseKey":""},{"campaignID":"798","attribution":0,"priority":"3","appToPromote":{"appToPromoteID":"5770","usesDefaultFrameImage":"0","usesDefaultCloseImage":"0","marketURL":"https:\/\/play.google.com\/store\/apps\/details?id=com.simulatorgames3d.alohacelebrations","packageID":"com.simulatorgames3d.alohacelebrations"},"showTemplate":1,"s2s_tracking_url":"https:\/\/play.google.com\/store\/apps\/details?id=com.simulatorgames3d.alohacelebrations","activeCreativeID":"787","scenes":["12","1","8","6","15","2"],"campaignAdType":"Interstitial","productId":"","purchaseBit":0,"licenseKey":""},{"campaignID":"1483","attribution":0,"priority":"3","appToPromote":{"appToPromoteID":"1714","usesDefaultFrameImage":"1","usesDefaultCloseImage":"1","marketURL":"https:\/\/play.google.com\/store\/apps\/details?id=com.playink.cookie.maker","packageID":"com.playink.cookie.maker"},"showTemplate":1,"s2s_tracking_url":"https:\/\/play.google.com\/store\/apps\/details?id=com.playink.cookie.maker","activeCreativeID":"1020","scenes":["12","1","8","6","15","2"],"campaignAdType":"Interstitial","productId":"","purchaseBit":0,"licenseKey":""},{"campaignID":"8762","attribution":0,"priority":"2","appToPromote":{"appToPromoteID":"13265","usesDefaultFrameImage":"0","usesDefaultCloseImage":"0","marketURL":"https:\/\/play.google.com\/store\/apps\/details?id=com.rhg.tricky.bike.stunt.moto.master","packageID":"com.rhg.tricky.bike.stunt.moto.master"},"showTemplate":1,"s2s_tracking_url":"https:\/\/play.google.com\/store\/apps\/details?id=com.rhg.tricky.bike.stunt.moto.master","activeCreativeID":"4121","scenes":["12","1","8","6","15","2"],"campaignAdType":"Rewarded Video","productId":"","purchaseBit":0,"licenseKey":""},{"campaignID":"9366","attribution":0,"priority":"2","appToPromote":{"appToPromoteID":"17602","usesDefaultFrameImage":"0","usesDefaultCloseImage":"0","marketURL":"https:\/\/play.google.com\/store\/apps\/details?id=com.abaenglish.videoclass&amp;referrer=utm_source=42matters.com&amp;utm_medium=api","packageID":"com.abaenglish.videoclass"},"showTemplate":1,"s2s_tracking_url":"https:\/\/play.google.com\/store\/apps\/details?id=com.abaenglish.videoclass&amp;referrer=utm_source=42matters.com&amp;utm_medium=api","activeCreativeID":"4815","scenes":["12","1","8","6","15","2"],"campaignAdType":"Interstitial","productId":"","purchaseBit":0,"licenseKey":""}],"refreshAdRate":30,"mode":"Production","aspectRatio":"4_3","cdnPath":"https:\/\/df8ymybeo92md.cloudfront.net\/images\/","sentry_log":0,"local_logging":0,"sentry_dsn":"https:\/\/93ffa1c9a4124f67b8888a53265f751a:bbf998e04584477fa9a145838e9d3b26@sentry.io\/168994","sentry_initialization":1,"sentry_debugging":0,"bannerSizes":["1"],"aspectRatioVideo":"16_9","app_id":"2018","showPreRewardedDialogue":0,"showPostRewardedDialogue":0,"rewardCurrency":"coins","rewardValue":0,"isSkipable":0,"privacyPolicyURL":"https:\/\/www.consoliads.com\/privacy-policy\/","sessionToken":"VF5F1lyaRu3NgfC9PilsHNRiO0+TALWllVQHTOKDP\/ClNpNC6XV2K2GwoGv1ZpS5dfYgfMEhQkR7mewaoXS5V2BBUbjPugjB0b9TcrNE5lXcjwDJwO5KiIT87r1OZLoEwI1GA9Z4yiqE\/XoNr5CntrtCL8RCToH0HJ4hlN5OTc4="}
Session token value is set


{"appKey":"95784c8196170f224be1193006a3bbea","deviceID":"2755","stats":[{"campaignID":130,"packageID":"com.whitesand.bike.mechanic","sceneStats":[{"sceneID":"7","eventStats":"328,228,128,28,28,0,0"}]}],"sdkVersion":"39","sessionToken":"VF5F1lyaRu3NgfC9PilsHNRiO0+TALWllVQHTOKDP\/ClNpNC6XV2K2GwoGv1ZpS5dfYgfMEhQkR7mewaoXS5V2BBUbjPugjB0b9TcrNE5lXcjwDJwO5KiIT87r1OZLoEwI1GA9Z4yiqE\/XoNr5CntrtCL8RCToH0HJ4hlN5OTc4="}
cache_ttl value is correct

Refresh Ad Rate value is correct
mode value is set

 Aspect ratio value is correct
sentry_log value is set
local_logging value is set
sentry_initialization value is set
sentry_debugging value is set
showPreRewardedDialogue value is set
showPostRewardedDialogue value is set
isSkipable value is set
{"cache_ttl":10080,"cache_ttl_rewarded":10080,"cache_ttl_banner":10080,"cache_ttl_native":10080,"cache_ttl_icon":10080,"refreshAdRate":30,"mode":"Production","aspectRatio":"4_3","cdnPath":"https:\/\/df8ymybeo92md.cloudfront.net\/images\/","sentry_log":0,"local_logging":0,"sentry_dsn":"https:\/\/93ffa1c9a4124f67b8888a53265f751a:bbf998e04584477fa9a145838e9d3b26@sentry.io\/168994","sentry_initialization":1,"sentry_debugging":0,"bannerSizes":["5"],"aspectRatioVideo":"16_9","app_id":"2030","showPreRewardedDialogue":0,"showPostRewardedDialogue":0,"rewardCurrency":"coins","rewardValue":0,"isSkipable":0,"privacyPolicyURL":"https:\/\/www.consoliads.com\/privacy-policy\/","sessionToken":"iDj2e3VmYO\/6rYldu6iQ8X7VgLlQrY+sij9Bjl7UylFBrx6VXBzg1KcL3p6931ur4biRqRbbH3TZc1fVB0q7y84MG6zruHsr8FUXQKsCtsRMdS5DmS047gylSve2cm0bhm6RBo9cvHQzn5HzQ9yOqF35NwuSSiGz03dSmFvvF18="}
Session token value is set


{"appKey":"408e2b68db7ae9de1346fe1907578a69","deviceID":"8229","stats":[{"campaignID":131,"packageID":"com.threed.army.sniper.shooter","sceneStats":[{"sceneID":"21","eventStats":"382,282,182,82,82,0,0"}]}],"sdkVersion":"39","sessionToken":"iDj2e3VmYO\/6rYldu6iQ8X7VgLlQrY+sij9Bjl7UylFBrx6VXBzg1KcL3p6931ur4biRqRbbH3TZc1fVB0q7y84MG6zruHsr8FUXQKsCtsRMdS5DmS047gylSve2cm0bhm6RBo9cvHQzn5HzQ9yOqF35NwuSSiGz03dSmFvvF18="}
cache_ttl value is correct

Refresh Ad Rate value is correct
mode value is set

 Aspect ratio value is correct
sentry_log value is set
local_logging value is set
sentry_initialization value is set
sentry_debugging value is set
showPreRewardedDialogue value is set
showPostRewardedDialogue value is set
isSkipable value is set
{"cache_ttl":10080,"cache_ttl_rewarded":10080,"cache_ttl_banner":10080,"cache_ttl_native":10080,"cache_ttl_icon":10080,"refreshAdRate":30,"mode":"Production","aspectRatio":"4_3","cdnPath":"https:\/\/df8ymybeo92md.cloudfront.net\/images\/","sentry_log":0,"local_logging":0,"sentry_dsn":"https:\/\/93ffa1c9a4124f67b8888a53265f751a:bbf998e04584477fa9a145838e9d3b26@sentry.io\/168994","sentry_initialization":1,"sentry_debugging":0,"bannerSizes":[],"aspectRatioVideo":"16_9","app_id":"2059","showPreRewardedDialogue":0,"showPostRewardedDialogue":0,"rewardCurrency":"coins","rewardValue":0,"isSkipable":0,"privacyPolicyURL":"https:\/\/www.consoliads.com\/privacy-policy\/","sessionToken":"Z7dmN7vPvjGrfMqPWtOqI6c2n3GW1OddVM+w6DvGsOS87BnMvx0aDzxTwnyyYGi0cQSoFmJcJBJHk\/8v0CGu6Pv7t\/saqi7d+xCrJxP9lSveXWUgE1+Dd+NTpLV5UyW8QLBMBhq3rED8XZ4TXh4Pj5j8ObDHkCKvX55NwFSnZbQ="}
Session token value is set


{"appKey":"9c32e165fd92e18a2d2f8d387cd9e104","deviceID":"5656","stats":[{"campaignID":132,"packageID":"com.gss.us.army.commando.survival","sceneStats":[{"sceneID":"15","eventStats":"356,256,156,56,56,0,0"}]}],"sdkVersion":"2216","sessionToken":"Z7dmN7vPvjGrfMqPWtOqI6c2n3GW1OddVM+w6DvGsOS87BnMvx0aDzxTwnyyYGi0cQSoFmJcJBJHk\/8v0CGu6Pv7t\/saqi7d+xCrJxP9lSveXWUgE1+Dd+NTpLV5UyW8QLBMBhq3rED8XZ4TXh4Pj5j8ObDHkCKvX55NwFSnZbQ="}
cache_ttl value is correct

Title value is correct

Title value is correct

Title value is correct

Title value is correct

Title value is correct

Title value is correct

Refresh Ad Rate value is correct
mode value is set

 Aspect ratio value is correct
sentry_log value is set
local_logging value is set
sentry_initialization value is set
sentry_debugging value is set
showPreRewardedDialogue value is set
showPostRewardedDialogue value is set
isSkipable value is set
{"cache_ttl":10080,"cache_ttl_rewarded":10080,"cache_ttl_banner":10080,"cache_ttl_native":10080,"cache_ttl_icon":10080,"campaigns":[{"campaignID":"8226","attribution":0,"priority":"8","appToPromote":{"appToPromoteID":"12623","usesDefaultFrameImage":"0","usesDefaultCloseImage":"0","marketURL":"https:\/\/play.google.com\/store\/apps\/details?id=com.igg.android.lordsmobile&amp;referrer=utm_source=42matters.com&amp;utm_medium=api","packageID":"com.nooribrand.android.lordsmobile"},"showTemplate":1,"s2s_tracking_url":"https:\/\/play.google.com\/store\/apps\/details?id=com.igg.android.lordsmobile&amp;referrer=utm_source=42matters.com&amp;utm_medium=api","activeCreativeID":"3557","scenes":["12","1","8","6","15","2"],"campaignAdType":"Icon","productId":"","purchaseBit":0,"licenseKey":""},{"campaignID":"8378","attribution":0,"priority":"8","appToPromote":{"appToPromoteID":"16480","usesDefaultFrameImage":"0","usesDefaultCloseImage":"0","marketURL":"https:\/\/play.google.com\/store\/apps\/details?id=com.nag.home.manager.working.virtual.mom","packageID":"com.GSS317.AmazingFamily"},"showTemplate":1,"s2s_tracking_url":"https:\/\/play.google.com\/store\/apps\/details?id=com.nag.home.manager.working.virtual.mom","activeCreativeID":"3720","scenes":["12","1","8","6","15","2"],"campaignAdType":"Interstitial","productId":"","purchaseBit":0,"licenseKey":""},{"campaignID":"8613","attribution":0,"priority":"8","appToPromote":{"appToPromoteID":"12623","usesDefaultFrameImage":"0","usesDefaultCloseImage":"0","marketURL":"https:\/\/play.google.com\/store\/apps\/details?id=com.igg.android.lordsmobile&amp;referrer=utm_source=42matters.com&amp;utm_medium=api","packageID":"com.nooribrand.android.lordsmobile"},"showTemplate":1,"s2s_tracking_url":"https:\/\/play.google.com\/store\/apps\/details?id=com.igg.android.lordsmobile&amp;referrer=utm_source=42matters.com&amp;utm_medium=api","activeCreativeID":"3557","scenes":["12","1","8","6","15","2"],"campaignAdType":"Icon","productId":"","purchaseBit":0,"licenseKey":""},{"campaignID":"9252","attribution":0,"priority":"8","appToPromote":{"appToPromoteID":"12315","usesDefaultFrameImage":"0","usesDefaultCloseImage":"0","marketURL":"google.com","packageID":"com.qabrand.plnative"},"showTemplate":1,"s2s_tracking_url":"google.com","activeCreativeID":"4683","scenes":["12","1","8","6","15","2"],"campaignAdType":"Native","title":"Native first","subTitle":"First ","description":"New description","adClickThroughText":"FIRST Button","productId":"","purchaseBit":0,"licenseKey":""},{"campaignID":"9253","attribution":0,"priority":"8","appToPromote":{"appToPromoteID":"12315","usesDefaultFrameImage":"0","usesDefaultCloseImage":"0","marketURL":"google.com","packageID":"com.qabrand.plnative"},"showTemplate":1,"s2s_tracking_url":"google.com","activeCreativeID":"4683","scenes":["12","1","8","6","15","2"],"campaignAdType":"Native","title":"Native first","subTitle":"First ","description":"New description","adClickThroughText":"FIRST Button","productId":"","purchaseBit":0,"licenseKey":""},{"campaignID":"9255","attribution":0,"priority":"8","appToPromote":{"appToPromoteID":"13274","usesDefaultFrameImage":"0","usesDefaultCloseImage":"0","marketURL":"https:\/\/play.google.com\/store\/apps\/details?id=com.facebook.katana","packageID":"com.salon.adsalon"},"showTemplate":1,"s2s_tracking_url":"https:\/\/play.google.com\/store\/apps\/details?id=com.facebook.katana","activeCreativeID":"4685","scenes":["12","1","8","6","15","2"],"campaignAdType":"Native","title":"native NA ","subTitle":"native NA ","description":"native NA added","adClickThroughText":"native NA ","productId":"","purchaseBit":0,"licenseKey":""},{"campaignID":"9257","attribution":0,"priority":"8","appToPromote":{"appToPromoteID":"12286","usesDefaultFrameImage":"0","usesDefaultCloseImage":"0","marketURL":"google.com","packageID":"com.qabrand.Chartboost_Native"},"showTemplate":1,"s2s_tracking_url":"google.com","activeCreativeID":"4688","scenes":["12","1","8","6","15","2"],"campaignAdType":"Native","title":"Native second updated","subTitle":"Native second ","description":"Native second details","adClickThroughText":"Native second ","productId":"","purchaseBit":0,"licenseKey":""},{"campaignID":"9263","attribution":0,"priority":"8","appToPromote":{"appToPromoteID":"12315","usesDefaultFrameImage":"0","usesDefaultCloseImage":"0","marketURL":"google.com","packageID":"com.qabrand.plnative"},"showTemplate":1,"s2s_tracking_url":"google.com","activeCreativeID":"4694","scenes":["12","1","8","6","15","2"],"campaignAdType":"Native","title":"test","subTitle":"test","description":" test details update","adClickThroughText":"test","productId":"","purchaseBit":0,"licenseKey":""},{"campaignID":"9547","attribution":0,"priority":"8","appToPromote":{"appToPromoteID":"11879","usesDefaultFrameImage":"0","usesDefaultCloseImage":"0","marketURL":"https:\/\/play.google.com\/store\/apps\/details?id=com.buntoo.car.racing.games","packageID":"com.buntoo.car.racing.games"},"showTemplate":1,"s2s_tracking_url":"https:\/\/play.google.com\/store\/apps\/details?id=com.buntoo.car.racing.games","activeCreativeID":"4964","scenes":["12","1","8","6","15","2"],"campaignAdType":"Interstitial","productId":"","purchaseBit":0,"licenseKey":""},{"campaignID":"9586","attribution":0,"priority":"8","appToPromote":{"appToPromoteID":"515","usesDefaultFrameImage":"1","usesDefaultCloseImage":"1","marketURL":"https:\/\/play.google.com\/store\/apps\/details?id=com.plum.cash.counter.simualtor","packageID":"com.plum.cash.counter.simualtor"},"showTemplate":1,"s2s_tracking_url":"https:\/\/play.google.com\/store\/apps\/details?id=com.plum.cash.counter.simualtor","activeCreativeID":"50","scenes":["12","1","8","6","15","2"],"campaignAdType":"Interstitial","productId":"","purchaseBit":0,"licenseKey":""},{"campaignID":"9587","attribution":0,"priority":"8","appToPromote":{"appToPromoteID":"515","usesDefaultFrameImage":"1","usesDefaultCloseImage":"1","marketURL":"https:\/\/play.google.com\/store\/apps\/details?id=com.plum.cash.counter.simualtor","packageID":"com.plum.cash.counter.simualtor"},"showTemplate":1,"s2s_tracking_url":"https:\/\/play.google.com\/store\/apps\/details?id=com.plum.cash.counter.simualtor","activeCreativeID":"50","scenes":["12","1","8","6","15","2"],"campaignAdType":"Interstitial","productId":"","purchaseBit":0,"licenseKey":""},{"campaignID":"9588","attribution":0,"priority":"8","appToPromote":{"appToPromoteID":"515","usesDefaultFrameImage":"1","usesDefaultCloseImage":"1","marketURL":"https:\/\/play.google.com\/store\/apps\/details?id=com.plum.cash.counter.simualtor","packageID":"com.plum.cash.counter.simualtor"},"showTemplate":1,"s2s_tracking_url":"https:\/\/play.google.com\/store\/apps\/details?id=com.plum.cash.counter.simualtor","activeCreativeID":"50","scenes":["12","1","8","6","15","2"],"campaignAdType":"Interstitial","productId":"","purchaseBit":0,"licenseKey":""},{"campaignID":"9589","attribution":0,"priority":"8","appToPromote":{"appToPromoteID":"515","usesDefaultFrameImage":"1","usesDefaultCloseImage":"1","marketURL":"https:\/\/play.google.com\/store\/apps\/details?id=com.plum.cash.counter.simualtor","packageID":"com.plum.cash.counter.simualtor"},"showTemplate":1,"s2s_tracking_url":"https:\/\/play.google.com\/store\/apps\/details?id=com.plum.cash.counter.simualtor","activeCreativeID":"50","scenes":["12","1","8","6","15","2"],"campaignAdType":"Interstitial","productId":"","purchaseBit":0,"licenseKey":""},{"campaignID":"9599","attribution":0,"priority":"8","appToPromote":{"appToPromoteID":"515","usesDefaultFrameImage":"1","usesDefaultCloseImage":"1","marketURL":"https:\/\/play.google.com\/store\/apps\/details?id=com.plum.cash.counter.simualtor","packageID":"com.plum.cash.counter.simualtor"},"showTemplate":1,"s2s_tracking_url":"https:\/\/play.google.com\/store\/apps\/details?id=com.plum.cash.counter.simualtor","activeCreativeID":"5001","scenes":["12","1","8","6","15","2"],"campaignAdType":"Icon","productId":"","purchaseBit":0,"licenseKey":""},{"campaignID":"9127","attribution":0,"priority":"8","appToPromote":{"appToPromoteID":"17528","usesDefaultFrameImage":"0","usesDefaultCloseImage":"0","marketURL":"https:\/\/play.google.com\/store\/apps\/details?id=net.one97.paytm","packageID":"net.one97.paytm"},"showTemplate":1,"s2s_tracking_url":"https:\/\/tha.gotrackier.com\/click?campaign_id=63249\\u0026pub_id=75?p1=2109_9127_5656&amp;source=6841&amp;app_name=USArmyCommandoSurvival-FPSShooter&amp;gaid=5656","activeCreativeID":"4788","scenes":["12","1","8","6","15","2"],"campaignAdType":"Native","title":"BCA","subTitle":"FW","description":"nope","adClickThroughText":"Link","productId":"","purchaseBit":0,"licenseKey":""},{"campaignID":"9131","attribution":0,"priority":"8","appToPromote":{"appToPromoteID":"17532","usesDefaultFrameImage":"0","usesDefaultCloseImage":"0","marketURL":"https:\/\/play.google.com\/store\/apps\/details?id=com.dhgate.buyermob","packageID":"com.dhgate.buyermob"},"showTemplate":1,"s2s_tracking_url":"https:\/\/tha.gotrackier.com\/click?campaign_id=63254\\u0026pub_id=75?p1=2109_9131_5656&amp;source=6841&amp;app_name=USArmyCommandoSurvival-FPSShooter&amp;gaid=5656","activeCreativeID":"4483","scenes":["12","1","8","6","15","2"],"campaignAdType":"Interstitial","productId":"","purchaseBit":0,"licenseKey":""},{"campaignID":"8380","attribution_link":"","attribution":1,"priority":"7","appToPromote":{"appToPromoteID":"16480","usesDefaultFrameImage":"0","usesDefaultCloseImage":"0","marketURL":"https:\/\/play.google.com\/store\/apps\/details?id=com.nag.home.manager.working.virtual.mom","packageID":"com.GSS317.AmazingFamily"},"showTemplate":1,"s2s_tracking_url":"","activeCreativeID":"3720","scenes":["12","1","8","6","15","2"],"campaignAdType":"Interstitial","productId":"","purchaseBit":0,"licenseKey":""},{"campaignID":"444","attribution":0,"priority":"6","appToPromote":{"appToPromoteID":"3355","usesDefaultFrameImage":"0","usesDefaultCloseImage":"0","marketURL":"https:\/\/play.google.com\/store\/apps\/details?id=com.popnsons.parkour.mouse","packageID":"com.popnsons.parkour.mouse"},"showTemplate":1,"s2s_tracking_url":"https:\/\/play.google.com\/store\/apps\/details?id=com.popnsons.parkour.mouse","activeCreativeID":"469","scenes":["12","1","8","6","15","2"],"campaignAdType":"Interstitial","productId":"","purchaseBit":0,"licenseKey":""},{"campaignID":"561","attribution":0,"priority":"6","appToPromote":{"appToPromoteID":"5026","usesDefaultFrameImage":"0","usesDefaultCloseImage":"0","marketURL":"https:\/\/play.google.com\/store\/apps\/details?id=com.as.cashupapp","packageID":"com.as.cashupapp"},"showTemplate":1,"s2s_tracking_url":"https:\/\/play.google.com\/store\/apps\/details?id=com.as.cashupapp","activeCreativeID":"652","scenes":["12","1","8","6","15","2"],"campaignAdType":"Interstitial","productId":"","purchaseBit":0,"licenseKey":""},{"campaignID":"570","attribution":0,"priority":"6","appToPromote":{"appToPromoteID":"3802","usesDefaultFrameImage":"0","usesDefaultCloseImage":"0","marketURL":"https:\/\/play.google.com\/store\/apps\/details?id=com.Madxstudios.Flickshootsoccer","packageID":"com.Madxstudios.Flickshootsoccer"},"showTemplate":1,"s2s_tracking_url":"https:\/\/play.google.com\/store\/apps\/details?id=com.Madxstudios.Flickshootsoccer","activeCreativeID":"661","scenes":["12","1","8","6","15","2"],"campaignAdType":"Interstitial","productId":"","purchaseBit":0,"licenseKey":""},{"campaignID":"588","attribution":0,"priority":"6","appToPromote":{"appToPromoteID":"5026","usesDefaultFrameImage":"0","usesDefaultCloseImage":"0","marketURL":"https:\/\/play.google.com\/store\/apps\/details?id=com.as.cashupapp","packageID":"com.as.cashupapp"},"showTemplate":1,"s2s_tracking_url":"https:\/\/play.google.com\/store\/apps\/details?id=com.as.cashupapp","activeCreativeID":"652","scenes":["12","1","8","6","15","2"],"campaignAdType":"Interstitial","productId":"","purchaseBit":0,"licenseKey":""},{"campaignID":"8808","attribution_link":"","attribution":1,"priority":"5","appToPromote":{"appToPromoteID":"16528","usesDefaultFrameImage":"0","usesDefaultCloseImage":"0","marketURL":"https:\/\/play.google.com\/store\/apps\/details?id=com.bag.farm.day.village.farming.games","packageID":"com.GSS317.com.bag.farm.day.village.farming.games"},"showTemplate":1,"s2s_tracking_url":"","activeCreativeID":"3775","scenes":["12","1","8","6","15","2"],"campaignAdType":"Interstitial","productId":"","purchaseBit":0,"licenseKey":""},{"campaignID":"8973","attribution":0,"priority":"5","appToPromote":{"appToPromoteID":"15974","usesDefaultFrameImage":"0","usesDefaultCloseImage":"0","marketURL":"https:\/\/play.google.com\/store\/apps\/details?id=com.mustardgames.bmx.cycle.stunt.mega.ramp.impossibletracks","packageID":"com.mustardgames.bmx.cycle.stunt.mega.ramp.impossibletracks"},"showTemplate":1,"s2s_tracking_url":"https:\/\/play.google.com\/store\/apps\/details?id=com.mustardgames.bmx.cycle.stunt.mega.ramp.impossibletracks","activeCreativeID":"4339","scenes":["12","1","8","6","15","2"],"campaignAdType":"Interstitial","productId":"","purchaseBit":0,"licenseKey":""},{"campaignID":"414","attribution":0,"priority":"3","appToPromote":{"appToPromoteID":"3023","usesDefaultFrameImage":"0","usesDefaultCloseImage":"0","marketURL":"https:\/\/play.google.com\/store\/apps\/details?id=com.appricot2d.rolo.pet.parrot","packageID":"com.appricot2d.rolo.pet.parrot"},"showTemplate":1,"s2s_tracking_url":"https:\/\/play.google.com\/store\/apps\/details?id=com.appricot2d.rolo.pet.parrot","activeCreativeID":"385","scenes":["12","1","8","6","15","2"],"campaignAdType":"Interstitial","productId":"","purchaseBit":0,"licenseKey":""},{"campaignID":"559","attribution":0,"priority":"3","appToPromote":{"appToPromoteID":"3476","usesDefaultFrameImage":"0","usesDefaultCloseImage":"0","marketURL":"https:\/\/play.google.com\/store\/apps\/details?id=com.perspectivegames.real.impossible.tracks.stunts","packageID":"com.perspectivegames.real.impossible.tracks.stunts"},"showTemplate":1,"s2s_tracking_url":"https:\/\/play.google.com\/store\/apps\/details?id=com.perspectivegames.real.impossible.tracks.stunts","activeCreativeID":"649","scenes":["12","1","8","6","15","2"],"campaignAdType":"Interstitial","productId":"","purchaseBit":0,"licenseKey":""},{"campaignID":"741","attribution":0,"priority":"3","appToPromote":{"appToPromoteID":"5609","usesDefaultFrameImage":"0","usesDefaultCloseImage":"0","marketURL":"https:\/\/play.google.com\/store\/apps\/details?id=com.kick.gyroscopic.city.train.driver.simulator","packageID":"com.kick.gyroscopic.city.train.driver.simulator"},"showTemplate":1,"s2s_tracking_url":"https:\/\/play.google.com\/store\/apps\/details?id=com.kick.gyroscopic.city.train.driver.simulator","activeCreativeID":"753","scenes":["12","1","8","6","15","2"],"campaignAdType":"Interstitial","productId":"","purchaseBit":0,"licenseKey":""},{"campaignID":"798","attribution":0,"priority":"3","appToPromote":{"appToPromoteID":"5770","usesDefaultFrameImage":"0","usesDefaultCloseImage":"0","marketURL":"https:\/\/play.google.com\/store\/apps\/details?id=com.simulatorgames3d.alohacelebrations","packageID":"com.simulatorgames3d.alohacelebrations"},"showTemplate":1,"s2s_tracking_url":"https:\/\/play.google.com\/store\/apps\/details?id=com.simulatorgames3d.alohacelebrations","activeCreativeID":"787","scenes":["12","1","8","6","15","2"],"campaignAdType":"Interstitial","productId":"","purchaseBit":0,"licenseKey":""},{"campaignID":"1483","attribution":0,"priority":"3","appToPromote":{"appToPromoteID":"1714","usesDefaultFrameImage":"1","usesDefaultCloseImage":"1","marketURL":"https:\/\/play.google.com\/store\/apps\/details?id=com.playink.cookie.maker","packageID":"com.playink.cookie.maker"},"showTemplate":1,"s2s_tracking_url":"https:\/\/play.google.com\/store\/apps\/details?id=com.playink.cookie.maker","activeCreativeID":"1020","scenes":["12","1","8","6","15","2"],"campaignAdType":"Interstitial","productId":"","purchaseBit":0,"licenseKey":""},{"campaignID":"8762","attribution":0,"priority":"2","appToPromote":{"appToPromoteID":"13265","usesDefaultFrameImage":"0","usesDefaultCloseImage":"0","marketURL":"https:\/\/play.google.com\/store\/apps\/details?id=com.rhg.tricky.bike.stunt.moto.master","packageID":"com.rhg.tricky.bike.stunt.moto.master"},"showTemplate":1,"s2s_tracking_url":"https:\/\/play.google.com\/store\/apps\/details?id=com.rhg.tricky.bike.stunt.moto.master","activeCreativeID":"4121","scenes":["12","1","8","6","15","2"],"campaignAdType":"Rewarded Video","productId":"","purchaseBit":0,"licenseKey":""},{"campaignID":"9366","attribution":0,"priority":"2","appToPromote":{"appToPromoteID":"17602","usesDefaultFrameImage":"0","usesDefaultCloseImage":"0","marketURL":"https:\/\/play.google.com\/store\/apps\/details?id=com.abaenglish.videoclass&amp;referrer=utm_source=42matters.com&amp;utm_medium=api","packageID":"com.abaenglish.videoclass"},"showTemplate":1,"s2s_tracking_url":"https:\/\/play.google.com\/store\/apps\/details?id=com.abaenglish.videoclass&amp;referrer=utm_source=42matters.com&amp;utm_medium=api","activeCreativeID":"4815","scenes":["12","1","8","6","15","2"],"campaignAdType":"Interstitial","productId":"","purchaseBit":0,"licenseKey":""},{"campaignID":"9367","attribution":0,"priority":"2","appToPromote":{"appToPromoteID":"17602","usesDefaultFrameImage":"0","usesDefaultCloseImage":"0","marketURL":"https:\/\/play.google.com\/store\/apps\/details?id=com.abaenglish.videoclass&amp;referrer=utm_source=42matters.com&amp;utm_medium=api","packageID":"com.abaenglish.videoclass"},"showTemplate":1,"s2s_tracking_url":"https:\/\/play.google.com\/store\/apps\/details?id=com.abaenglish.videoclass&amp;referrer=utm_source=42matters.com&amp;utm_medium=api","activeCreativeID":"4815","scenes":["12","1","8","6","15","2"],"campaignAdType":"Interstitial","productId":"","purchaseBit":0,"licenseKey":""}],"refreshAdRate":30,"mode":"Production","aspectRatio":"4_3","cdnPath":"https:\/\/df8ymybeo92md.cloudfront.net\/images\/","sentry_log":0,"local_logging":0,"sentry_dsn":"https:\/\/93ffa1c9a4124f67b8888a53265f751a:bbf998e04584477fa9a145838e9d3b26@sentry.io\/168994","sentry_initialization":1,"sentry_debugging":0,"bannerSizes":["1","2"],"aspectRatioVideo":"16_9","app_id":"2109","showPreRewardedDialogue":0,"showPostRewardedDialogue":0,"rewardCurrency":"coins","rewardValue":0,"isSkipable":0,"privacyPolicyURL":"https:\/\/www.consoliads.com\/privacy-policy\/","sessionToken":"\/\/KvWFkx82sCh+B7z9GCZJoxKlxiQr7wZqK54d\/42mfrWhD9xGz6bVl8axWVf4ldYyOo6qFErGg3AVGltGCvxMkWIWL5Zt5nWrUHNuhXjwS04pyXUz5LIVjqKNF0XPzHI7THnSVHuATGaPetTehbb88a4MLH6BCZ1bwhPSg4\/1k="}
Session token value is set


{"appKey":"a3040901882682cf28d8e6242b545b11","deviceID":"8797","stats":[{"campaignID":134,"packageID":"com.tgp.offroad.multi.truck.transport","sceneStats":[{"sceneID":"22","eventStats":"388,288,188,88,88,0,0"}]}],"sdkVersion":"39","sessionToken":"\/\/KvWFkx82sCh+B7z9GCZJoxKlxiQr7wZqK54d\/42mfrWhD9xGz6bVl8axWVf4ldYyOo6qFErGg3AVGltGCvxMkWIWL5Zt5nWrUHNuhXjwS04pyXUz5LIVjqKNF0XPzHI7THnSVHuATGaPetTehbb88a4MLH6BCZ1bwhPSg4\/1k="}
cache_ttl value is correct

Refresh Ad Rate value is correct
mode value is set

 Aspect ratio value is correct
sentry_log value is set
local_logging value is set
sentry_initialization value is set
sentry_debugging value is set
showPreRewardedDialogue value is set
showPostRewardedDialogue value is set
isSkipable value is set
{"cache_ttl":10080,"cache_ttl_rewarded":10080,"cache_ttl_banner":10080,"cache_ttl_native":10080,"cache_ttl_icon":10080,"campaigns":[{"campaignID":"8378","attribution":0,"priority":"8","appToPromote":{"appToPromoteID":"16480","usesDefaultFrameImage":"0","usesDefaultCloseImage":"0","marketURL":"https:\/\/play.google.com\/store\/apps\/details?id=com.nag.home.manager.working.virtual.mom","packageID":"com.GSS317.AmazingFamily"},"showTemplate":1,"s2s_tracking_url":"https:\/\/play.google.com\/store\/apps\/details?id=com.nag.home.manager.working.virtual.mom","activeCreativeID":"3720","scenes":["12","1","8","6","15","2"],"campaignAdType":"Interstitial","productId":"","purchaseBit":0,"licenseKey":""},{"campaignID":"9547","attribution":0,"priority":"8","appToPromote":{"appToPromoteID":"11879","usesDefaultFrameImage":"0","usesDefaultCloseImage":"0","marketURL":"https:\/\/play.google.com\/store\/apps\/details?id=com.buntoo.car.racing.games","packageID":"com.buntoo.car.racing.games"},"showTemplate":1,"s2s_tracking_url":"https:\/\/play.google.com\/store\/apps\/details?id=com.buntoo.car.racing.games","activeCreativeID":"4964","scenes":["12","1","8","6","15","2"],"campaignAdType":"Interstitial","productId":"","purchaseBit":0,"licenseKey":""},{"campaignID":"9586","attribution":0,"priority":"8","appToPromote":{"appToPromoteID":"515","usesDefaultFrameImage":"1","usesDefaultCloseImage":"1","marketURL":"https:\/\/play.google.com\/store\/apps\/details?id=com.plum.cash.counter.simualtor","packageID":"com.plum.cash.counter.simualtor"},"showTemplate":1,"s2s_tracking_url":"https:\/\/play.google.com\/store\/apps\/details?id=com.plum.cash.counter.simualtor","activeCreativeID":"50","scenes":["12","1","8","6","15","2"],"campaignAdType":"Interstitial","productId":"","purchaseBit":0,"licenseKey":""},{"campaignID":"9587","attribution":0,"priority":"8","appToPromote":{"appToPromoteID":"515","usesDefaultFrameImage":"1","usesDefaultCloseImage":"1","marketURL":"https:\/\/play.google.com\/store\/apps\/details?id=com.plum.cash.counter.simualtor","packageID":"com.plum.cash.counter.simualtor"},"showTemplate":1,"s2s_tracking_url":"https:\/\/play.google.com\/store\/apps\/details?id=com.plum.cash.counter.simualtor","activeCreativeID":"50","scenes":["12","1","8","6","15","2"],"campaignAdType":"Interstitial","productId":"","purchaseBit":0,"licenseKey":""},{"campaignID":"9588","attribution":0,"priority":"8","appToPromote":{"appToPromoteID":"515","usesDefaultFrameImage":"1","usesDefaultCloseImage":"1","marketURL":"https:\/\/play.google.com\/store\/apps\/details?id=com.plum.cash.counter.simualtor","packageID":"com.plum.cash.counter.simualtor"},"showTemplate":1,"s2s_tracking_url":"https:\/\/play.google.com\/store\/apps\/details?id=com.plum.cash.counter.simualtor","activeCreativeID":"50","scenes":["12","1","8","6","15","2"],"campaignAdType":"Interstitial","productId":"","purchaseBit":0,"licenseKey":""},{"campaignID":"9589","attribution":0,"priority":"8","appToPromote":{"appToPromoteID":"515","usesDefaultFrameImage":"1","usesDefaultCloseImage":"1","marketURL":"https:\/\/play.google.com\/store\/apps\/details?id=com.plum.cash.counter.simualtor","packageID":"com.plum.cash.counter.simualtor"},"showTemplate":1,"s2s_tracking_url":"https:\/\/play.google.com\/store\/apps\/details?id=com.plum.cash.counter.simualtor","activeCreativeID":"50","scenes":["12","1","8","6","15","2"],"campaignAdType":"Interstitial","productId":"","purchaseBit":0,"licenseKey":""},{"campaignID":"9131","attribution":0,"priority":"8","appToPromote":{"appToPromoteID":"17532","usesDefaultFrameImage":"0","usesDefaultCloseImage":"0","marketURL":"https:\/\/play.google.com\/store\/apps\/details?id=com.dhgate.buyermob","packageID":"com.dhgate.buyermob"},"showTemplate":1,"s2s_tracking_url":"https:\/\/tha.gotrackier.com\/click?campaign_id=63254\\u0026pub_id=75?p1=2130_9131_8797&amp;source=6841&amp;app_name=OffRoadMultiTruckTransport&amp;gaid=8797","activeCreativeID":"4483","scenes":["12","1","8","6","15","2"],"campaignAdType":"Interstitial","productId":"","purchaseBit":0,"licenseKey":""},{"campaignID":"8380","attribution_link":"","attribution":1,"priority":"7","appToPromote":{"appToPromoteID":"16480","usesDefaultFrameImage":"0","usesDefaultCloseImage":"0","marketURL":"https:\/\/play.google.com\/store\/apps\/details?id=com.nag.home.manager.working.virtual.mom","packageID":"com.GSS317.AmazingFamily"},"showTemplate":1,"s2s_tracking_url":"","activeCreativeID":"3720","scenes":["12","1","8","6","15","2"],"campaignAdType":"Interstitial","productId":"","purchaseBit":0,"licenseKey":""},{"campaignID":"444","attribution":0,"priority":"6","appToPromote":{"appToPromoteID":"3355","usesDefaultFrameImage":"0","usesDefaultCloseImage":"0","marketURL":"https:\/\/play.google.com\/store\/apps\/details?id=com.popnsons.parkour.mouse","packageID":"com.popnsons.parkour.mouse"},"showTemplate":1,"s2s_tracking_url":"https:\/\/play.google.com\/store\/apps\/details?id=com.popnsons.parkour.mouse","activeCreativeID":"469","scenes":["12","1","8","6","15","2"],"campaignAdType":"Interstitial","productId":"","purchaseBit":0,"licenseKey":""},{"campaignID":"561","attribution":0,"priority":"6","appToPromote":{"appToPromoteID":"5026","usesDefaultFrameImage":"0","usesDefaultCloseImage":"0","marketURL":"https:\/\/play.google.com\/store\/apps\/details?id=com.as.cashupapp","packageID":"com.as.cashupapp"},"showTemplate":1,"s2s_tracking_url":"https:\/\/play.google.com\/store\/apps\/details?id=com.as.cashupapp","activeCreativeID":"652","scenes":["12","1","8","6","15","2"],"campaignAdType":"Interstitial","productId":"","purchaseBit":0,"licenseKey":""},{"campaignID":"570","attribution":0,"priority":"6","appToPromote":{"appToPromoteID":"3802","usesDefaultFrameImage":"0","usesDefaultCloseImage":"0","marketURL":"https:\/\/play.google.com\/store\/apps\/details?id=com.Madxstudios.Flickshootsoccer","packageID":"com.Madxstudios.Flickshootsoccer"},"showTemplate":1,"s2s_tracking_url":"https:\/\/play.google.com\/store\/apps\/details?id=com.Madxstudios.Flickshootsoccer","activeCreativeID":"661","scenes":["12","1","8","6","15","2"],"campaignAdType":"Interstitial","productId":"","purchaseBit":0,"licenseKey":""},{"campaignID":"588","attribution":0,"priority":"6","appToPromote":{"appToPromoteID":"5026","usesDefaultFrameImage":"0","usesDefaultCloseImage":"0","marketURL":"https:\/\/play.google.com\/store\/apps\/details?id=com.as.cashupapp","packageID":"com.as.cashupapp"},"showTemplate":1,"s2s_tracking_url":"https:\/\/play.google.com\/store\/apps\/details?id=com.as.cashupapp","activeCreativeID":"652","scenes":["12","1","8","6","15","2"],"campaignAdType":"Interstitial","productId":"","purchaseBit":0,"licenseKey":""},{"campaignID":"8808","attribution_link":"","attribution":1,"priority":"5","appToPromote":{"appToPromoteID":"16528","usesDefaultFrameImage":"0","usesDefaultCloseImage":"0","marketURL":"https:\/\/play.google.com\/store\/apps\/details?id=com.bag.farm.day.village.farming.games","packageID":"com.GSS317.com.bag.farm.day.village.farming.games"},"showTemplate":1,"s2s_tracking_url":"","activeCreativeID":"3775","scenes":["12","1","8","6","15","2"],"campaignAdType":"Interstitial","productId":"","purchaseBit":0,"licenseKey":""},{"campaignID":"8973","attribution":0,"priority":"5","appToPromote":{"appToPromoteID":"15974","usesDefaultFrameImage":"0","usesDefaultCloseImage":"0","marketURL":"https:\/\/play.google.com\/store\/apps\/details?id=com.mustardgames.bmx.cycle.stunt.mega.ramp.impossibletracks","packageID":"com.mustardgames.bmx.cycle.stunt.mega.ramp.impossibletracks"},"showTemplate":1,"s2s_tracking_url":"https:\/\/play.google.com\/store\/apps\/details?id=com.mustardgames.bmx.cycle.stunt.mega.ramp.impossibletracks","activeCreativeID":"4339","scenes":["12","1","8","6","15","2"],"campaignAdType":"Interstitial","productId":"","purchaseBit":0,"licenseKey":""},{"campaignID":"557","attribution":0,"priority":"4","appToPromote":{"appToPromoteID":"4959","usesDefaultFrameImage":"0","usesDefaultCloseImage":"0","marketURL":"https:\/\/play.google.com\/store\/apps\/details?id=com.jet.plane.surfers.joyride.dash","packageID":"com.jet.plane.surfers.joyride.dash"},"showTemplate":1,"s2s_tracking_url":"https:\/\/play.google.com\/store\/apps\/details?id=com.jet.plane.surfers.joyride.dash","activeCreativeID":"645","scenes":["12","1","8","6","15","2"],"campaignAdType":"Interstitial","productId":"","purchaseBit":0,"licenseKey":""},{"campaignID":"414","attribution":0,"priority":"3","appToPromote":{"appToPromoteID":"3023","usesDefaultFrameImage":"0","usesDefaultCloseImage":"0","marketURL":"https:\/\/play.google.com\/store\/apps\/details?id=com.appricot2d.rolo.pet.parrot","packageID":"com.appricot2d.rolo.pet.parrot"},"showTemplate":1,"s2s_tracking_url":"https:\/\/play.google.com\/store\/apps\/details?id=com.appricot2d.rolo.pet.parrot","activeCreativeID":"385","scenes":["12","1","8","6","15","2"],"campaignAdType":"Interstitial","productId":"","purchaseBit":0,"licenseKey":""},{"campaignID":"559","attribution":0,"priority":"3","appToPromote":{"appToPromoteID":"3476","usesDefaultFrameImage":"0","usesDefaultCloseImage":"0","marketURL":"https:\/\/play.google.com\/store\/apps\/details?id=com.perspectivegames.real.impossible.tracks.stunts","packageID":"com.perspectivegames.real.impossible.tracks.stunts"},"showTemplate":1,"s2s_tracking_url":"https:\/\/play.google.com\/store\/apps\/details?id=com.perspectivegames.real.impossible.tracks.stunts","activeCreativeID":"649","scenes":["12","1","8","6","15","2"],"campaignAdType":"Interstitial","productId":"","purchaseBit":0,"licenseKey":""},{"campaignID":"741","attribution":0,"priority":"3","appToPromote":{"appToPromoteID":"5609","usesDefaultFrameImage":"0","usesDefaultCloseImage":"0","marketURL":"https:\/\/play.google.com\/store\/apps\/details?id=com.kick.gyroscopic.city.train.driver.simulator","packageID":"com.kick.gyroscopic.city.train.driver.simulator"},"showTemplate":1,"s2s_tracking_url":"https:\/\/play.google.com\/store\/apps\/details?id=com.kick.gyroscopic.city.train.driver.simulator","activeCreativeID":"753","scenes":["12","1","8","6","15","2"],"campaignAdType":"Interstitial","productId":"","purchaseBit":0,"licenseKey":""},{"campaignID":"798","attribution":0,"priority":"3","appToPromote":{"appToPromoteID":"5770","usesDefaultFrameImage":"0","usesDefaultCloseImage":"0","marketURL":"https:\/\/play.google.com\/store\/apps\/details?id=com.simulatorgames3d.alohacelebrations","packageID":"com.simulatorgames3d.alohacelebrations"},"showTemplate":1,"s2s_tracking_url":"https:\/\/play.google.com\/store\/apps\/details?id=com.simulatorgames3d.alohacelebrations","activeCreativeID":"787","scenes":["12","1","8","6","15","2"],"campaignAdType":"Interstitial","productId":"","purchaseBit":0,"licenseKey":""},{"campaignID":"1483","attribution":0,"priority":"3","appToPromote":{"appToPromoteID":"1714","usesDefaultFrameImage":"1","usesDefaultCloseImage":"1","marketURL":"https:\/\/play.google.com\/store\/apps\/details?id=com.playink.cookie.maker","packageID":"com.playink.cookie.maker"},"showTemplate":1,"s2s_tracking_url":"https:\/\/play.google.com\/store\/apps\/details?id=com.playink.cookie.maker","activeCreativeID":"1020","scenes":["12","1","8","6","15","2"],"campaignAdType":"Interstitial","productId":"","purchaseBit":0,"licenseKey":""},{"campaignID":"8762","attribution":0,"priority":"2","appToPromote":{"appToPromoteID":"13265","usesDefaultFrameImage":"0","usesDefaultCloseImage":"0","marketURL":"https:\/\/play.google.com\/store\/apps\/details?id=com.rhg.tricky.bike.stunt.moto.master","packageID":"com.rhg.tricky.bike.stunt.moto.master"},"showTemplate":1,"s2s_tracking_url":"https:\/\/play.google.com\/store\/apps\/details?id=com.rhg.tricky.bike.stunt.moto.master","activeCreativeID":"4121","scenes":["12","1","8","6","15","2"],"campaignAdType":"Rewarded Video","productId":"","purchaseBit":0,"licenseKey":""},{"campaignID":"9366","attribution":0,"priority":"2","appToPromote":{"appToPromoteID":"17602","usesDefaultFrameImage":"0","usesDefaultCloseImage":"0","marketURL":"https:\/\/play.google.com\/store\/apps\/details?id=com.abaenglish.videoclass&amp;referrer=utm_source=42matters.com&amp;utm_medium=api","packageID":"com.abaenglish.videoclass"},"showTemplate":1,"s2s_tracking_url":"https:\/\/play.google.com\/store\/apps\/details?id=com.abaenglish.videoclass&amp;referrer=utm_source=42matters.com&amp;utm_medium=api","activeCreativeID":"4815","scenes":["12","1","8","6","15","2"],"campaignAdType":"Interstitial","productId":"","purchaseBit":0,"licenseKey":""}],"refreshAdRate":30,"mode":"Production","aspectRatio":"4_3","cdnPath":"https:\/\/df8ymybeo92md.cloudfront.net\/images\/","sentry_log":0,"local_logging":0,"sentry_dsn":"https:\/\/93ffa1c9a4124f67b8888a53265f751a:bbf998e04584477fa9a145838e9d3b26@sentry.io\/168994","sentry_initialization":1,"sentry_debugging":0,"bannerSizes":["5"],"aspectRatioVideo":"16_9","app_id":"2130","showPreRewardedDialogue":0,"showPostRewardedDialogue":0,"rewardCurrency":"coins","rewardValue":0,"isSkipable":0,"privacyPolicyURL":"https:\/\/www.consoliads.com\/privacy-policy\/","sessionToken":"anSksfXX8d04ZaqRZ3lXHQIFCrgLvfs2ELI6L77YeLBm9bjq7fzh50KlDCKeig\/2tmQtN50wpEISpWsQChtIybk4rjFxC7IO\/3GSMMmigi5hmG3WBqP9JCUm\/Fe208fNiAHtZ4N6pV4Xu\/4sVSE7VwQC4lRvArmY3m8UYYcn3ug="}
Session token value is set

mode value is set

 Aspect ratio value is correct
sentry_log value is set
Session token value is set


{"appKey":"934628f5152161a94cdb52489ea8b7b5","deviceID":"2953","stats":[{"campaignID":143,"packageID":"com.mizo.sports.car.mechanic","sceneStats":[{"sceneID":"8","eventStats":"330,230,130,30,30,0,0"}]}],"sdkVersion":"2216","sessionToken":"thDA3CXmpX2upU3aI9x8rwzd5itckYBRvG7V2L1+F4+5HBHDqzUXU9W\/0NxtYZPhBinREisPgAa8eFN0A0oOnrIZ5uMRmvtMq\/hLTKBsLIxGIzJBaYZYxj6An9A56HXqUwCJZsjXmnnuh6GUTv2gTt\/LtYHWFuvNpiX+eO6ktNg="}
cache_ttl value is correct

Refresh Ad Rate value is correct
mode value is set

 Aspect ratio value is correct
sentry_log value is set
local_logging value is set
sentry_initialization value is set
sentry_debugging value is set
showPreRewardedDialogue value is set
showPostRewardedDialogue value is set
isSkipable value is set
{"cache_ttl":10080,"cache_ttl_rewarded":10080,"cache_ttl_banner":10080,"cache_ttl_native":10080,"cache_ttl_icon":10080,"campaigns":[{"campaignID":"9277","attribution_link":"","attribution":1,"priority":"5","appToPromote":{"appToPromoteID":"17609","usesDefaultFrameImage":"0","usesDefaultCloseImage":"0","marketURL":"https:\/\/smartbear.com\/learn\/automated-testing\/test-automation-frameworks\/","packageID":"com.buntoo.buntooAd"},"showTemplate":1,"s2s_tracking_url":"","activeCreativeID":"4702","scenes":["1","2","6","4","5"],"campaignAdType":"Interstitial","productId":"","purchaseBit":0,"licenseKey":""},{"campaignID":"9278","attribution":0,"priority":"5","appToPromote":{"appToPromoteID":"17609","usesDefaultFrameImage":"0","usesDefaultCloseImage":"0","marketURL":"https:\/\/smartbear.com\/learn\/automated-testing\/test-automation-frameworks\/","packageID":"com.buntoo.buntooAd"},"showTemplate":1,"s2s_tracking_url":"https:\/\/smartbear.com\/learn\/automated-testing\/test-automation-frameworks\/","activeCreativeID":"4701","scenes":["1","2","6","4","5"],"campaignAdType":"Interstitial","productId":"","purchaseBit":0,"licenseKey":""},{"campaignID":"9279","attribution":0,"priority":"5","appToPromote":{"appToPromoteID":"17609","usesDefaultFrameImage":"0","usesDefaultCloseImage":"0","marketURL":"https:\/\/smartbear.com\/learn\/automated-testing\/test-automation-frameworks\/","packageID":"com.buntoo.buntooAd"},"showTemplate":1,"s2s_tracking_url":"https:\/\/smartbear.com\/learn\/automated-testing\/test-automation-frameworks\/","activeCreativeID":"4701","scenes":["1","2","6","4","5"],"campaignAdType":"Interstitial","productId":"","purchaseBit":0,"licenseKey":""},{"campaignID":"9280","attribution":0,"priority":"5","appToPromote":{"appToPromoteID":"17609","usesDefaultFrameImage":"0","usesDefaultCloseImage":"0","marketURL":"https:\/\/smartbear.com\/learn\/automated-testing\/test-automation-frameworks\/","packageID":"com.buntoo.buntooAd"},"showTemplate":1,"s2s_tracking_url":"https:\/\/smartbear.com\/learn\/automated-testing\/test-automation-frameworks\/","activeCreativeID":"4701","scenes":["1","2","6","4","5"],"campaignAdType":"Interstitial","productId":"","purchaseBit":0,"licenseKey":""},{"campaignID":"9281","attribution":0,"priority":"5","appToPromote":{"appToPromoteID":"17609","usesDefaultFrameImage":"0","usesDefaultCloseImage":"0","marketURL":"https:\/\/smartbear.com\/learn\/automated-testing\/test-automation-frameworks\/","packageID":"com.buntoo.buntooAd"},"showTemplate":1,"s2s_tracking_url":"https:\/\/smartbear.com\/learn\/automated-testing\/test-automation-frameworks\/","activeCreativeID":"4701","scenes":["1","2","6","4","5"],"campaignAdType":"Interstitial","productId":"","purchaseBit":0,"licenseKey":""},{"campaignID":"9282","attribution":0,"priority":"5","appToPromote":{"appToPromoteID":"17609","usesDefaultFrameImage":"0","usesDefaultCloseImage":"0","marketURL":"https:\/\/smartbear.com\/learn\/automated-testing\/test-automation-frameworks\/","packageID":"com.buntoo.buntooAd"},"showTemplate":1,"s2s_tracking_url":"https:\/\/smartbear.com\/learn\/automated-testing\/test-automation-frameworks\/","activeCreativeID":"4701","scenes":["1","2","6","4","5"],"campaignAdType":"Interstitial","productId":"","purchaseBit":0,"licenseKey":""},{"campaignID":"9283","attribution":0,"priority":"5","appToPromote":{"appToPromoteID":"17609","usesDefaultFrameImage":"0","usesDefaultCloseImage":"0","marketURL":"https:\/\/smartbear.com\/learn\/automated-testing\/test-automation-frameworks\/","packageID":"com.buntoo.buntooAd"},"showTemplate":1,"s2s_tracking_url":"https:\/\/smartbear.com\/learn\/automated-testing\/test-automation-frameworks\/","activeCreativeID":"4701","scenes":["1","2","6","4","5"],"campaignAdType":"Interstitial","productId":"","purchaseBit":0,"licenseKey":""},{"campaignID":"9285","attribution":0,"priority":"5","appToPromote":{"appToPromoteID":"14746","usesDefaultFrameImage":"0","usesDefaultCloseImage":"0","marketURL":"https:\/\/play.google.com\/store\/apps\/details?id=com.buntoo.army.bus.parking","packageID":"com.buntoo.army.bus.parking"},"showTemplate":1,"s2s_tracking_url":"https:\/\/play.google.com\/store\/apps\/details?id=com.buntoo.army.bus.parking","activeCreativeID":"4710","scenes":["1","2","6","4","5"],"campaignAdType":"Interstitial","productId":"","purchaseBit":0,"licenseKey":""},{"campaignID":"9287","attribution":0,"priority":"5","appToPromote":{"appToPromoteID":"14746","usesDefaultFrameImage":"0","usesDefaultCloseImage":"0","marketURL":"https:\/\/play.google.com\/store\/apps\/details?id=com.buntoo.army.bus.parking","packageID":"com.buntoo.army.bus.parking"},"showTemplate":1,"s2s_tracking_url":"https:\/\/play.google.com\/store\/apps\/details?id=com.buntoo.army.bus.parking","activeCreativeID":"4710","scenes":["1","2","6","4","5"],"campaignAdType":"Interstitial","productId":"","purchaseBit":0,"licenseKey":""},{"campaignID":"9289","attribution":0,"priority":"5","appToPromote":{"appToPromoteID":"17609","usesDefaultFrameImage":"0","usesDefaultCloseImage":"0","marketURL":"https:\/\/smartbear.com\/learn\/automated-testing\/test-automation-frameworks\/","packageID":"com.buntoo.buntooAd"},"showTemplate":1,"s2s_tracking_url":"https:\/\/smartbear.com\/learn\/automated-testing\/test-automation-frameworks\/","activeCreativeID":"4701","scenes":["1","2","6","4","5"],"campaignAdType":"Interstitial","productId":"","purchaseBit":0,"licenseKey":""},{"campaignID":"9290","attribution":0,"priority":"5","appToPromote":{"appToPromoteID":"17609","usesDefaultFrameImage":"0","usesDefaultCloseImage":"0","marketURL":"https:\/\/smartbear.com\/learn\/automated-testing\/test-automation-frameworks\/","packageID":"com.buntoo.buntooAd"},"showTemplate":1,"s2s_tracking_url":"https:\/\/smartbear.com\/learn\/automated-testing\/test-automation-frameworks\/","activeCreativeID":"4701","scenes":["1","2","6","4","5"],"campaignAdType":"Interstitial","productId":"","purchaseBit":0,"licenseKey":""},{"campaignID":"9293","attribution":0,"priority":"5","appToPromote":{"appToPromoteID":"17609","usesDefaultFrameImage":"0","usesDefaultCloseImage":"0","marketURL":"https:\/\/smartbear.com\/learn\/automated-testing\/test-automation-frameworks\/","packageID":"com.buntoo.buntooAd"},"showTemplate":1,"s2s_tracking_url":"https:\/\/smartbear.com\/learn\/automated-testing\/test-automation-frameworks\/","activeCreativeID":"4701","scenes":["1","2","6","4","5"],"campaignAdType":"Interstitial","productId":"","purchaseBit":0,"licenseKey":""},{"campaignID":"9296","attribution":0,"priority":"5","appToPromote":{"appToPromoteID":"17609","usesDefaultFrameImage":"0","usesDefaultCloseImage":"0","marketURL":"https:\/\/smartbear.com\/learn\/automated-testing\/test-automation-frameworks\/","packageID":"com.buntoo.buntooAd"},"showTemplate":1,"s2s_tracking_url":"https:\/\/smartbear.com\/learn\/automated-testing\/test-automation-frameworks\/","activeCreativeID":"4701","scenes":["1","2","6","4","5"],"campaignAdType":"Interstitial","productId":"","purchaseBit":0,"licenseKey":""},{"campaignID":"9297","attribution":0,"priority":"5","appToPromote":{"appToPromoteID":"17609","usesDefaultFrameImage":"0","usesDefaultCloseImage":"0","marketURL":"https:\/\/smartbear.com\/learn\/automated-testing\/test-automation-frameworks\/","packageID":"com.buntoo.buntooAd"},"showTemplate":1,"s2s_tracking_url":"https:\/\/smartbear.com\/learn\/automated-testing\/test-automation-frameworks\/","activeCreativeID":"4701","scenes":["1","2","6","4","5"],"campaignAdType":"Interstitial","productId":"","purchaseBit":0,"licenseKey":""},{"campaignID":"9299","attribution":0,"priority":"5","appToPromote":{"appToPromoteID":"17609","usesDefaultFrameImage":"0","usesDefaultCloseImage":"0","marketURL":"https:\/\/smartbear.com\/learn\/automated-testing\/test-automation-frameworks\/","packageID":"com.buntoo.buntooAd"},"showTemplate":1,"s2s_tracking_url":"https:\/\/smartbear.com\/learn\/automated-testing\/test-automation-frameworks\/","activeCreativeID":"4701","scenes":["1","2","6","4","5"],"campaignAdType":"Interstitial","productId":"","purchaseBit":0,"licenseKey":""},{"campaignID":"9301","attribution":0,"priority":"5","appToPromote":{"appToPromoteID":"17609","usesDefaultFrameImage":"0","usesDefaultCloseImage":"0","marketURL":"https:\/\/smartbear.com\/learn\/automated-testing\/test-automation-frameworks\/","packageID":"com.buntoo.buntooAd"},"showTemplate":1,"s2s_tracking_url":"https:\/\/smartbear.com\/learn\/automated-testing\/test-automation-frameworks\/","activeCreativeID":"4701","scenes":["1","2","6","4","5"],"campaignAdType":"Interstitial","productId":"","purchaseBit":0,"licenseKey":""},{"campaignID":"9305","attribution":0,"priority":"5","appToPromote":{"appToPromoteID":"14746","usesDefaultFrameImage":"0","usesDefaultCloseImage":"0","marketURL":"https:\/\/play.google.com\/store\/apps\/details?id=com.buntoo.army.bus.parking","packageID":"com.buntoo.army.bus.parking"},"showTemplate":1,"s2s_tracking_url":"https:\/\/play.google.com\/store\/apps\/details?id=com.buntoo.army.bus.parking","activeCreativeID":"4710","scenes":["1","2","6","4","5"],"campaignAdType":"Interstitial","productId":"","purchaseBit":0,"licenseKey":""},{"campaignID":"48","attribution":0,"priority":"5","appToPromote":{"appToPromoteID":"1074","usesDefaultFrameImage":"1","usesDefaultCloseImage":"1","marketURL":"https:\/\/play.google.com\/store\/apps\/details?id=com.mizo.construction.crane.hill.climb","packageID":"com.mizo.construction.crane.hill.climb"},"showTemplate":1,"s2s_tracking_url":"https:\/\/play.google.com\/store\/apps\/details?id=com.mizo.construction.crane.hill.climb","activeCreativeID":"65","scenes":["1","2","6","4","5"],"campaignAdType":"Interstitial","productId":"","purchaseBit":0,"licenseKey":""},{"campaignID":"50","attribution":0,"priority":"5","appToPromote":{"appToPromoteID":"1221","usesDefaultFrameImage":"1","usesDefaultCloseImage":"1","marketURL":"https:\/\/play.google.com\/store\/apps\/details?id=com.mizo.offroad.hill.climb","packageID":"com.mizo.offroad.hill.climb"},"showTemplate":1,"s2s_tracking_url":"https:\/\/play.google.com\/store\/apps\/details?id=com.mizo.offroad.hill.climb","activeCreativeID":"67","scenes":["1","2","6","4","5"],"campaignAdType":"Interstitial","productId":"","purchaseBit":0,"licenseKey":""},{"campaignID":"67","attribution":0,"priority":"5","appToPromote":{"appToPromoteID":"1306","usesDefaultFrameImage":"1","usesDefaultCloseImage":"1","marketURL":"https:\/\/play.google.com\/store\/apps\/details?id=com.mizo.extreme.heavy.truck","packageID":"com.mizo.extreme.heavy.truck"},"showTemplate":1,"s2s_tracking_url":"https:\/\/play.google.com\/store\/apps\/details?id=com.mizo.extreme.heavy.truck","activeCreativeID":"85","scenes":["1","2","6","4","5"],"campaignAdType":"Interstitial","productId":"","purchaseBit":0,"licenseKey":""},{"campaignID":"73","attribution":0,"priority":"5","appToPromote":{"appToPromoteID":"1458","usesDefaultFrameImage":"1","usesDefaultCloseImage":"1","marketURL":"https:\/\/play.google.com\/store\/apps\/details?id=com.mizo.army.prisoner.transport.simulator","packageID":"com.mizo.army.prisoner.transport.simulator"},"showTemplate":1,"s2s_tracking_url":"https:\/\/play.google.com\/store\/apps\/details?id=com.mizo.army.prisoner.transport.simulator","activeCreativeID":"93","scenes":["1","2","6","4","5"],"campaignAdType":"Interstitial","productId":"","purchaseBit":0,"licenseKey":""},{"campaignID":"74","attribution":0,"priority":"5","appToPromote":{"appToPromoteID":"1449","usesDefaultFrameImage":"1","usesDefaultCloseImage":"1","marketURL":"https:\/\/play.google.com\/store\/apps\/details?id=com.brilliantgamez.army.prisoners.transport.plane","packageID":"com.brilliantgamez.army.prisoners.transport.plane"},"showTemplate":1,"s2s_tracking_url":"https:\/\/play.google.com\/store\/apps\/details?id=com.brilliantgamez.army.prisoners.transport.plane","activeCreativeID":"94","scenes":["1","2","6","4","5"],"campaignAdType":"Interstitial","productId":"","purchaseBit":0,"licenseKey":""},{"campaignID":"78","attribution":0,"priority":"5","appToPromote":{"appToPromoteID":"1632","usesDefaultFrameImage":"1","usesDefaultCloseImage":"1","marketURL":"https:\/\/play.google.com\/store\/apps\/details?id=com.mizo.road.builder.city.construction","packageID":"com.mizo.road.builder.city.construction"},"showTemplate":1,"s2s_tracking_url":"https:\/\/play.google.com\/store\/apps\/details?id=com.mizo.road.builder.city.construction","activeCreativeID":"97","scenes":["1","2","6","4","5"],"campaignAdType":"Interstitial","productId":"","purchaseBit":0,"licenseKey":""},{"campaignID":"80","attribution":0,"priority":"5","appToPromote":{"appToPromoteID":"1675","usesDefaultFrameImage":"1","usesDefaultCloseImage":"1","marketURL":"https:\/\/play.google.com\/store\/apps\/details?id=com.mizo.flip.bottle.shooting.expert","packageID":"com.mizo.flip.bottle.shooting.expert"},"showTemplate":1,"s2s_tracking_url":"https:\/\/play.google.com\/store\/apps\/details?id=com.mizo.flip.bottle.shooting.expert","activeCreativeID":"100","scenes":["1","2","6","4","5"],"campaignAdType":"Interstitial","productId":"","purchaseBit":0,"licenseKey":""},{"campaignID":"110","attribution":0,"priority":"5","appToPromote":{"appToPromoteID":"1853","usesDefaultFrameImage":"1","usesDefaultCloseImage":"1","marketURL":"https:\/\/play.google.com\/store\/apps\/details?id=com.mizo.police.airplane.transporter","packageID":"com.mizo.police.airplane.transporter"},"showTemplate":1,"s2s_tracking_url":"https:\/\/play.google.com\/store\/apps\/details?id=com.mizo.police.airplane.transporter","activeCreativeID":"137","scenes":["1","2","6","4","5"],"campaignAdType":"Interstitial","productId":"","purchaseBit":0,"licenseKey":""},{"campaignID":"143","attribution":0,"priority":"5","appToPromote":{"appToPromoteID":"2089","usesDefaultFrameImage":"0","usesDefaultCloseImage":"0","marketURL":"https:\/\/play.google.com\/store\/apps\/details?id=com.mizo.sports.car.mechanic","packageID":"com.mizo.sports.car.mechanic"},"showTemplate":1,"s2s_tracking_url":"https:\/\/play.google.com\/store\/apps\/details?id=com.mizo.sports.car.mechanic","activeCreativeID":"184","scenes":["1","2","6","4","5"],"campaignAdType":"Interstitial","productId":"","purchaseBit":0,"licenseKey":""},{"campaignID":"147","attribution":0,"priority":"5","appToPromote":{"appToPromoteID":"2085","usesDefaultFrameImage":"0","usesDefaultCloseImage":"0","marketURL":"https:\/\/play.google.com\/store\/apps\/details?id=com.mizo.robot.gang.mafia","packageID":"com.mizo.robot.gang.mafia"},"showTemplate":1,"s2s_tracking_url":"https:\/\/play.google.com\/store\/apps\/details?id=com.mizo.robot.gang.mafia","activeCreativeID":"188","scenes":["1","2","6","4","5"],"campaignAdType":"Interstitial","productId":"","purchaseBit":0,"licenseKey":""},{"campaignID":"227","attribution":0,"priority":"5","appToPromote":{"appToPromoteID":"2571","usesDefaultFrameImage":"0","usesDefaultCloseImage":"0","marketURL":"https:\/\/play.google.com\/store\/apps\/details?id=com.mizo.raft.suvival","packageID":"com.mizo.raft.suvival"},"showTemplate":1,"s2s_tracking_url":"https:\/\/play.google.com\/store\/apps\/details?id=com.mizo.raft.suvival","activeCreativeID":"302","scenes":["1","2","6","4","5"],"campaignAdType":"Interstitial","productId":"","purchaseBit":0,"licenseKey":""},{"campaignID":"317","attribution":0,"priority":"5","appToPromote":{"appToPromoteID":"2723","usesDefaultFrameImage":"0","usesDefaultCloseImage":"0","marketURL":"https:\/\/play.google.com\/store\/apps\/details?id=com.mizo.helicopter.rescue","packageID":"com.mizo.helicopter.rescue"},"showTemplate":1,"s2s_tracking_url":"https:\/\/play.google.com\/store\/apps\/details?id=com.mizo.helicopter.rescue","activeCreativeID":"324","scenes":["1","2","6","4","5"],"campaignAdType":"Interstitial","productId":"","purchaseBit":0,"licenseKey":""},{"campaignID":"367","attribution":0,"priority":"5","appToPromote":{"appToPromoteID":"2911","usesDefaultFrameImage":"0","usesDefaultCloseImage":"0","marketURL":"https:\/\/play.google.com\/store\/apps\/details?id=com.mizo.police.ship.transporter","packageID":"com.mizo.police.ship.transporter"},"showTemplate":1,"s2s_tracking_url":"https:\/\/play.google.com\/store\/apps\/details?id=com.mizo.police.ship.transporter","activeCreativeID":"383","scenes":["1","2","6","4","5"],"campaignAdType":"Interstitial","productId":"","purchaseBit":0,"licenseKey":""},{"campaignID":"390","attribution":0,"priority":"5","appToPromote":{"appToPromoteID":"3077","usesDefaultFrameImage":"0","usesDefaultCloseImage":"0","marketURL":"https:\/\/play.google.com\/store\/apps\/details?id=com.mizo.transformer.shooting","packageID":"com.mizo.transformer.shooting"},"showTemplate":1,"s2s_tracking_url":"https:\/\/play.google.com\/store\/apps\/details?id=com.mizo.transformer.shooting","activeCreativeID":"441","scenes":["1","2","6","4","5"],"campaignAdType":"Interstitial","productId":"","purchaseBit":0,"licenseKey":""},{"campaignID":"408","attribution":0,"priority":"5","appToPromote":{"appToPromoteID":"3095","usesDefaultFrameImage":"0","usesDefaultCloseImage":"0","marketURL":"https:\/\/play.google.com\/store\/apps\/details?id=com.mizo.superhero.robot","packageID":"com.mizo.superhero.robot"},"showTemplate":1,"s2s_tracking_url":"https:\/\/play.google.com\/store\/apps\/details?id=com.mizo.superhero.robot","activeCreativeID":"443","scenes":["1","2","6","4","5"],"campaignAdType":"Interstitial","productId":"","purchaseBit":0,"licenseKey":""},{"campaignID":"410","attribution":0,"priority":"5","appToPromote":{"appToPromoteID":"3145","usesDefaultFrameImage":"0","usesDefaultCloseImage":"0","marketURL":"https:\/\/play.google.com\/store\/apps\/details?id=com.mizo.extreme.bikerider","packageID":"com.mizo.extreme.bikerider"},"showTemplate":1,"s2s_tracking_url":"https:\/\/play.google.com\/store\/apps\/details?id=com.mizo.extreme.bikerider","activeCreativeID":"448","scenes":["1","2","6","4","5"],"campaignAdType":"Interstitial","productId":"","purchaseBit":0,"licenseKey":""},{"campaignID":"428","attribution":0,"priority":"5","appToPromote":{"appToPromoteID":"3250","usesDefaultFrameImage":"0","usesDefaultCloseImage":"0","marketURL":"https:\/\/play.google.com\/store\/apps\/details?id=com.mizo.bicycle.stunt.racer","packageID":"com.mizo.bicycle.stunt.racer"},"showTemplate":1,"s2s_tracking_url":"https:\/\/play.google.com\/store\/apps\/details?id=com.mizo.bicycle.stunt.racer","activeCreativeID":"472","scenes":["1","2","6","4","5"],"campaignAdType":"Interstitial","productId":"","purchaseBit":0,"licenseKey":""},{"campaignID":"429","attribution":0,"priority":"5","appToPromote":{"appToPromoteID":"3253","usesDefaultFrameImage":"0","usesDefaultCloseImage":"0","marketURL":"https:\/\/play.google.com\/store\/apps\/details?id=com.mizo.rooftop.stunts","packageID":"com.mizo.rooftop.stunts"},"showTemplate":1,"s2s_tracking_url":"https:\/\/play.google.com\/store\/apps\/details?id=com.mizo.rooftop.stunts","activeCreativeID":"474","scenes":["1","2","6","4","5"],"campaignAdType":"Interstitial","productId":"","purchaseBit":0,"licenseKey":""},{"campaignID":"456","attribution":0,"priority":"5","appToPromote":{"appToPromoteID":"2448","usesDefaultFrameImage":"0","usesDefaultCloseImage":"0","marketURL":"https:\/\/play.google.com\/store\/apps\/details?id=com.mizo.battle.simulator","packageID":"com.mizo.battle.simulator"},"showTemplate":1,"s2s_tracking_url":"https:\/\/play.google.com\/store\/apps\/details?id=com.mizo.battle.simulator","activeCreativeID":"503","scenes":["1","2","6","4","5"],"campaignAdType":"Interstitial","productId":"","purchaseBit":0,"licenseKey":""},{"campaignID":"482","attribution":0,"priority":"5","appToPromote":{"appToPromoteID":"2877","usesDefaultFrameImage":"0","usesDefaultCloseImage":"0","marketURL":"https:\/\/play.google.com\/store\/apps\/details?id=com.mizo.underwater.tourist.bus","packageID":"com.mizo.underwater.tourist.bus"},"showTemplate":1,"s2s_tracking_url":"https:\/\/play.google.com\/store\/apps\/details?id=com.mizo.underwater.tourist.bus","activeCreativeID":"540","scenes":["1","2","6","4","5"],"campaignAdType":"Interstitial","productId":"","purchaseBit":0,"licenseKey":""},{"campaignID":"490","attribution":0,"priority":"5","appToPromote":{"appToPromoteID":"3518","usesDefaultFrameImage":"0","usesDefaultCloseImage":"0","marketURL":"https:\/\/play.google.com\/store\/apps\/details?id=com.crazyneuron.superhero.robot.world","packageID":"com.crazyneuron.superhero.robot.world"},"showTemplate":1,"s2s_tracking_url":"https:\/\/play.google.com\/store\/apps\/details?id=com.crazyneuron.superhero.robot.world","activeCreativeID":"550","scenes":["1","2","6","4","5"],"campaignAdType":"Interstitial","productId":"","purchaseBit":0,"licenseKey":""},{"campaignID":"501","attribution":0,"priority":"5","appToPromote":{"appToPromoteID":"3579","usesDefaultFrameImage":"0","usesDefaultCloseImage":"0","marketURL":"https:\/\/play.google.com\/store\/apps\/details?id=com.crazyneuron.us.army.transport","packageID":"com.crazyneuron.us.army.transport"},"showTemplate":1,"s2s_tracking_url":"https:\/\/play.google.com\/store\/apps\/details?id=com.crazyneuron.us.army.transport","activeCreativeID":"577","scenes":["1","2","6","4","5"],"campaignAdType":"Interstitial","productId":"","purchaseBit":0,"licenseKey":""},{"campaignID":"512","attribution":0,"priority":"5","appToPromote":{"appToPromoteID":"3683","usesDefaultFrameImage":"0","usesDefaultCloseImage":"0","marketURL":"https:\/\/play.google.com\/store\/apps\/details?id=com.mizo.plane.landing","packageID":"com.mizo.plane.landing"},"showTemplate":1,"s2s_tracking_url":"https:\/\/play.google.com\/store\/apps\/details?id=com.mizo.plane.landing","activeCreativeID":"594","scenes":["1","2","6","4","5"],"campaignAdType":"Interstitial","productId":"","purchaseBit":0,"licenseKey":""},{"campaignID":"6210","attribution":0,"priority":"5","appToPromote":{"appToPromoteID":"11566","usesDefaultFrameImage":"0","usesDefaultCloseImage":"0","marketURL":"https:\/\/play.google.com\/store\/apps\/details?id=com.mizo.line.drawing.puzzle.game","packageID":"com.mizo.line.drawing.puzzle.game"},"showTemplate":1,"s2s_tracking_url":"https:\/\/play.google.com\/store\/apps\/details?id=com.mizo.line.drawing.puzzle.game","activeCreativeID":"1322","scenes":["1","2","6","4","5"],"campaignAdType":"Video","productId":"","purchaseBit":0,"licenseKey":""},{"campaignID":"6213","attribution":0,"priority":"5","appToPromote":{"appToPromoteID":"11633","usesDefaultFrameImage":"0","usesDefaultCloseImage":"0","marketURL":"https:\/\/play.google.com\/store\/apps\/details?id=com.mizo.car.driving.simulator","packageID":"com.mizo.car.driving.simulator"},"showTemplate":1,"s2s_tracking_url":"https:\/\/play.google.com\/store\/apps\/details?id=com.mizo.car.driving.simulator","activeCreativeID":"1325","scenes":["1","2","6","4","5"],"campaignAdType":"Video","productId":"","purchaseBit":0,"licenseKey":""},{"campaignID":"6214","attribution":0,"priority":"5","appToPromote":{"appToPromoteID":"11661","usesDefaultFrameImage":"0","usesDefaultCloseImage":"0","marketURL":"https:\/\/play.google.com\/store\/apps\/details?id=com.mizo.car.tycoon.game","packageID":"com.mizo.car.tycoon.game"},"showTemplate":1,"s2s_tracking_url":"https:\/\/play.google.com\/store\/apps\/details?id=com.mizo.car.tycoon.game","activeCreativeID":"1326","scenes":["1","2","6","4","5"],"campaignAdType":"Video","productId":"","purchaseBit":0,"licenseKey":""},{"campaignID":"6254","attribution":0,"priority":"5","appToPromote":{"appToPromoteID":"11810","usesDefaultFrameImage":"0","usesDefaultCloseImage":"0","marketURL":"https:\/\/play.google.com\/store\/apps\/details?id=com.mizo.car.transporter.games","packageID":"com.mizo.car.transporter.games"},"showTemplate":1,"s2s_tracking_url":"https:\/\/play.google.com\/store\/apps\/details?id=com.mizo.car.transporter.games","activeCreativeID":"1370","scenes":["1","2","6","4","5"],"campaignAdType":"Video","productId":"","purchaseBit":0,"licenseKey":""},{"campaignID":"6256","attribution":0,"priority":"5","appToPromote":{"appToPromoteID":"11880","usesDefaultFrameImage":"0","usesDefaultCloseImage":"0","marketURL":"https:\/\/play.google.com\/store\/apps\/details?id=com.mizo.us.army.transporter","packageID":"com.mizo.us.army.transporter"},"showTemplate":1,"s2s_tracking_url":"https:\/\/play.google.com\/store\/apps\/details?id=com.mizo.us.army.transporter","activeCreativeID":"1372","scenes":["1","2","6","4","5"],"campaignAdType":"Video","productId":"","purchaseBit":0,"licenseKey":""},{"campaignID":"6264","attribution":0,"priority":"5","appToPromote":{"appToPromoteID":"11879","usesDefaultFrameImage":"0","usesDefaultCloseImage":"0","marketURL":"https:\/\/play.google.com\/store\/apps\/details?id=com.buntoo.car.racing.games","packageID":"com.buntoo.car.racing.games"},"showTemplate":1,"s2s_tracking_url":"https:\/\/play.google.com\/store\/apps\/details?id=com.buntoo.car.racing.games","activeCreativeID":"1380","scenes":["1","2","6","4","5"],"campaignAdType":"Video","productId":"","purchaseBit":0,"licenseKey":""},{"campaignID":"6363","attribution":0,"priority":"5","appToPromote":{"appToPromoteID":"12100","usesDefaultFrameImage":"0","usesDefaultCloseImage":"0","marketURL":"https:\/\/play.google.com\/store\/apps\/details?id=com.mizo.police.transport.shooting","packageID":"com.mizo.police.transport.shooting"},"showTemplate":1,"s2s_tracking_url":"https:\/\/play.google.com\/store\/apps\/details?id=com.mizo.police.transport.shooting","activeCreativeID":"1519","scenes":["1","2","6","4","5"],"campaignAdType":"Video","productId":"","purchaseBit":0,"licenseKey":""},{"campaignID":"6430","attribution":0,"priority":"5","appToPromote":{"appToPromoteID":"12340","usesDefaultFrameImage":"0","usesDefaultCloseImage":"0","marketURL":"https:\/\/play.google.com\/store\/apps\/details?id=com.buntoo.robot.car.transporter.games","packageID":"com.buntoo.robot.car.transporter.games"},"showTemplate":1,"s2s_tracking_url":"https:\/\/play.google.com\/store\/apps\/details?id=com.buntoo.robot.car.transporter.games","activeCreativeID":"1563","scenes":["1","2","6","4","5"],"campaignAdType":"Video","productId":"","purchaseBit":0,"licenseKey":""},{"campaignID":"6432","attribution":0,"priority":"5","appToPromote":{"appToPromoteID":"12565","usesDefaultFrameImage":"0","usesDefaultCloseImage":"0","marketURL":"https:\/\/play.google.com\/store\/apps\/details?id=com.mizo.train.gold.robbery.games","packageID":"com.mizo.train.gold.robbery.games"},"showTemplate":1,"s2s_tracking_url":"https:\/\/play.google.com\/store\/apps\/details?id=com.mizo.train.gold.robbery.games","activeCreativeID":"1565","scenes":["1","2","6","4","5"],"campaignAdType":"Video","productId":"","purchaseBit":0,"licenseKey":""},{"campaignID":"6445","attribution":0,"priority":"5","appToPromote":{"appToPromoteID":"12564","usesDefaultFrameImage":"0","usesDefaultCloseImage":"0","marketURL":"https:\/\/play.google.com\/store\/apps\/details?id=com.cradley.prison.escape.casino.robbery","packageID":"com.cradley.prison.escape.casino.robbery"},"showTemplate":1,"s2s_tracking_url":"https:\/\/play.google.com\/store\/apps\/details?id=com.cradley.prison.escape.casino.robbery","activeCreativeID":"1575","scenes":["1","2","6","4","5"],"campaignAdType":"Video","productId":"","purchaseBit":0,"licenseKey":""}],"refreshAdRate":30,"mode":"Production","aspectRatio":"4_3","cdnPath":"https:\/\/df8ymybeo92md.cloudfront.net\/images\/","sentry_log":0,"local_logging":0,"sentry_dsn":"https:\/\/93ffa1c9a4124f67b8888a53265f751a:bbf998e04584477fa9a145838e9d3b26@sentry.io\/168994","sentry_initialization":1,"sentry_debugging":0,"bannerSizes":["1"],"aspectRatioVideo":"16_9","app_id":"2089","showPreRewardedDialogue":0,"showPostRewardedDialogue":0,"rewardCurrency":"coins","rewardValue":0,"isSkipable":1,"privacyPolicyURL":"https:\/\/www.consoliads.com\/privacy-policy\/","sessionToken":"lVR6VXek4OZRVvDN61evXouN2nbSwccMHWzxQYBk8NRmrnkHOY+CKL83q+A94TH51wQlssPfs6i\/vddv7+HKJdDGuhEdtOozZQwv5WrxOoZXoymFbNSi4mHk0p8R92J7Lvg\/OmZrzxt3suyH3P2P59giG1nM18qotBbi+K\/wJBQ="}
Session token value is set


{"appKey":"081c9f3ed7515bbbefc3fc89101b1944","deviceID":"3586","stats":[{"campaignID":146,"packageID":"com.gss.offroad.policebiketransport","sceneStats":[{"sceneID":"9","eventStats":"336,236,136,36,36,0,0"}]}],"sdkVersion":"39","sessionToken":"lVR6VXek4OZRVvDN61evXouN2nbSwccMHWzxQYBk8NRmrnkHOY+CKL83q+A94TH51wQlssPfs6i\/vddv7+HKJdDGuhEdtOozZQwv5WrxOoZXoymFbNSi4mHk0p8R92J7Lvg\/OmZrzxt3suyH3P2P59giG1nM18qotBbi+K\/wJBQ="}
cache_ttl value is correct

Refresh Ad Rate value is correct
mode value is set

 Aspect ratio value is correct
sentry_log value is set
local_logging value is set
sentry_initialization value is set
sentry_debugging value is set
showPreRewardedDialogue value is set
showPostRewardedDialogue value is set
isSkipable value is set
{"cache_ttl":10080,"cache_ttl_rewarded":10080,"cache_ttl_banner":10080,"cache_ttl_native":10080,"cache_ttl_icon":10080,"campaigns":[{"campaignID":"8378","attribution":0,"priority":"8","appToPromote":{"appToPromoteID":"16480","usesDefaultFrameImage":"0","usesDefaultCloseImage":"0","marketURL":"https:\/\/play.google.com\/store\/apps\/details?id=com.nag.home.manager.working.virtual.mom","packageID":"com.GSS317.AmazingFamily"},"showTemplate":1,"s2s_tracking_url":"https:\/\/play.google.com\/store\/apps\/details?id=com.nag.home.manager.working.virtual.mom","activeCreativeID":"3720","scenes":["12","1","8","6","15","2"],"campaignAdType":"Interstitial","productId":"","purchaseBit":0,"licenseKey":""},{"campaignID":"9547","attribution":0,"priority":"8","appToPromote":{"appToPromoteID":"11879","usesDefaultFrameImage":"0","usesDefaultCloseImage":"0","marketURL":"https:\/\/play.google.com\/store\/apps\/details?id=com.buntoo.car.racing.games","packageID":"com.buntoo.car.racing.games"},"showTemplate":1,"s2s_tracking_url":"https:\/\/play.google.com\/store\/apps\/details?id=com.buntoo.car.racing.games","activeCreativeID":"4964","scenes":["12","1","8","6","15","2"],"campaignAdType":"Interstitial","productId":"","purchaseBit":0,"licenseKey":""},{"campaignID":"9586","attribution":0,"priority":"8","appToPromote":{"appToPromoteID":"515","usesDefaultFrameImage":"1","usesDefaultCloseImage":"1","marketURL":"https:\/\/play.google.com\/store\/apps\/details?id=com.plum.cash.counter.simualtor","packageID":"com.plum.cash.counter.simualtor"},"showTemplate":1,"s2s_tracking_url":"https:\/\/play.google.com\/store\/apps\/details?id=com.plum.cash.counter.simualtor","activeCreativeID":"50","scenes":["12","1","8","6","15","2"],"campaignAdType":"Interstitial","productId":"","purchaseBit":0,"licenseKey":""},{"campaignID":"9587","attribution":0,"priority":"8","appToPromote":{"appToPromoteID":"515","usesDefaultFrameImage":"1","usesDefaultCloseImage":"1","marketURL":"https:\/\/play.google.com\/store\/apps\/details?id=com.plum.cash.counter.simualtor","packageID":"com.plum.cash.counter.simualtor"},"showTemplate":1,"s2s_tracking_url":"https:\/\/play.google.com\/store\/apps\/details?id=com.plum.cash.counter.simualtor","activeCreativeID":"50","scenes":["12","1","8","6","15","2"],"campaignAdType":"Interstitial","productId":"","purchaseBit":0,"licenseKey":""},{"campaignID":"9588","attribution":0,"priority":"8","appToPromote":{"appToPromoteID":"515","usesDefaultFrameImage":"1","usesDefaultCloseImage":"1","marketURL":"https:\/\/play.google.com\/store\/apps\/details?id=com.plum.cash.counter.simualtor","packageID":"com.plum.cash.counter.simualtor"},"showTemplate":1,"s2s_tracking_url":"https:\/\/play.google.com\/store\/apps\/details?id=com.plum.cash.counter.simualtor","activeCreativeID":"50","scenes":["12","1","8","6","15","2"],"campaignAdType":"Interstitial","productId":"","purchaseBit":0,"licenseKey":""},{"campaignID":"9589","attribution":0,"priority":"8","appToPromote":{"appToPromoteID":"515","usesDefaultFrameImage":"1","usesDefaultCloseImage":"1","marketURL":"https:\/\/play.google.com\/store\/apps\/details?id=com.plum.cash.counter.simualtor","packageID":"com.plum.cash.counter.simualtor"},"showTemplate":1,"s2s_tracking_url":"https:\/\/play.google.com\/store\/apps\/details?id=com.plum.cash.counter.simualtor","activeCreativeID":"50","scenes":["12","1","8","6","15","2"],"campaignAdType":"Interstitial","productId":"","purchaseBit":0,"licenseKey":""},{"campaignID":"9131","attribution":0,"priority":"8","appToPromote":{"appToPromoteID":"17532","usesDefaultFrameImage":"0","usesDefaultCloseImage":"0","marketURL":"https:\/\/play.google.com\/store\/apps\/details?id=com.dhgate.buyermob","packageID":"com.dhgate.buyermob"},"showTemplate":1,"s2s_tracking_url":"https:\/\/tha.gotrackier.com\/click?campaign_id=63254\\u0026pub_id=75?p1=2225_9131_3586&amp;source=6841&amp;app_name=OffRoadPoliceBikeTransport&amp;gaid=3586","activeCreativeID":"4483","scenes":["12","1","8","6","15","2"],"campaignAdType":"Interstitial","productId":"","purchaseBit":0,"licenseKey":""},{"campaignID":"8380","attribution_link":"","attribution":1,"priority":"7","appToPromote":{"appToPromoteID":"16480","usesDefaultFrameImage":"0","usesDefaultCloseImage":"0","marketURL":"https:\/\/play.google.com\/store\/apps\/details?id=com.nag.home.manager.working.virtual.mom","packageID":"com.GSS317.AmazingFamily"},"showTemplate":1,"s2s_tracking_url":"","activeCreativeID":"3720","scenes":["12","1","8","6","15","2"],"campaignAdType":"Interstitial","productId":"","purchaseBit":0,"licenseKey":""},{"campaignID":"444","attribution":0,"priority":"6","appToPromote":{"appToPromoteID":"3355","usesDefaultFrameImage":"0","usesDefaultCloseImage":"0","marketURL":"https:\/\/play.google.com\/store\/apps\/details?id=com.popnsons.parkour.mouse","packageID":"com.popnsons.parkour.mouse"},"showTemplate":1,"s2s_tracking_url":"https:\/\/play.google.com\/store\/apps\/details?id=com.popnsons.parkour.mouse","activeCreativeID":"469","scenes":["12","1","8","6","15","2"],"campaignAdType":"Interstitial","productId":"","purchaseBit":0,"licenseKey":""},{"campaignID":"561","attribution":0,"priority":"6","appToPromote":{"appToPromoteID":"5026","usesDefaultFrameImage":"0","usesDefaultCloseImage":"0","marketURL":"https:\/\/play.google.com\/store\/apps\/details?id=com.as.cashupapp","packageID":"com.as.cashupapp"},"showTemplate":1,"s2s_tracking_url":"https:\/\/play.google.com\/store\/apps\/details?id=com.as.cashupapp","activeCreativeID":"652","scenes":["12","1","8","6","15","2"],"campaignAdType":"Interstitial","productId":"","purchaseBit":0,"licenseKey":""},{"campaignID":"570","attribution":0,"priority":"6","appToPromote":{"appToPromoteID":"3802","usesDefaultFrameImage":"0","usesDefaultCloseImage":"0","marketURL":"https:\/\/play.google.com\/store\/apps\/details?id=com.Madxstudios.Flickshootsoccer","packageID":"com.Madxstudios.Flickshootsoccer"},"showTemplate":1,"s2s_tracking_url":"https:\/\/play.google.com\/store\/apps\/details?id=com.Madxstudios.Flickshootsoccer","activeCreativeID":"661","scenes":["12","1","8","6","15","2"],"campaignAdType":"Interstitial","productId":"","purchaseBit":0,"licenseKey":""},{"campaignID":"588","attribution":0,"priority":"6","appToPromote":{"appToPromoteID":"5026","usesDefaultFrameImage":"0","usesDefaultCloseImage":"0","marketURL":"https:\/\/play.google.com\/store\/apps\/details?id=com.as.cashupapp","packageID":"com.as.cashupapp"},"showTemplate":1,"s2s_tracking_url":"https:\/\/play.google.com\/store\/apps\/details?id=com.as.cashupapp","activeCreativeID":"652","scenes":["12","1","8","6","15","2"],"campaignAdType":"Interstitial","productId":"","purchaseBit":0,"licenseKey":""},{"campaignID":"8808","attribution_link":"","attribution":1,"priority":"5","appToPromote":{"appToPromoteID":"16528","usesDefaultFrameImage":"0","usesDefaultCloseImage":"0","marketURL":"https:\/\/play.google.com\/store\/apps\/details?id=com.bag.farm.day.village.farming.games","packageID":"com.GSS317.com.bag.farm.day.village.farming.games"},"showTemplate":1,"s2s_tracking_url":"","activeCreativeID":"3775","scenes":["12","1","8","6","15","2"],"campaignAdType":"Interstitial","productId":"","purchaseBit":0,"licenseKey":""},{"campaignID":"8973","attribution":0,"priority":"5","appToPromote":{"appToPromoteID":"15974","usesDefaultFrameImage":"0","usesDefaultCloseImage":"0","marketURL":"https:\/\/play.google.com\/store\/apps\/details?id=com.mustardgames.bmx.cycle.stunt.mega.ramp.impossibletracks","packageID":"com.mustardgames.bmx.cycle.stunt.mega.ramp.impossibletracks"},"showTemplate":1,"s2s_tracking_url":"https:\/\/play.google.com\/store\/apps\/details?id=com.mustardgames.bmx.cycle.stunt.mega.ramp.impossibletracks","activeCreativeID":"4339","scenes":["12","1","8","6","15","2"],"campaignAdType":"Interstitial","productId":"","purchaseBit":0,"licenseKey":""},{"campaignID":"557","attribution":0,"priority":"4","appToPromote":{"appToPromoteID":"4959","usesDefaultFrameImage":"0","usesDefaultCloseImage":"0","marketURL":"https:\/\/play.google.com\/store\/apps\/details?id=com.jet.plane.surfers.joyride.dash","packageID":"com.jet.plane.surfers.joyride.dash"},"showTemplate":1,"s2s_tracking_url":"https:\/\/play.google.com\/store\/apps\/details?id=com.jet.plane.surfers.joyride.dash","activeCreativeID":"645","scenes":["12","1","8","6","15","2"],"campaignAdType":"Interstitial","productId":"","purchaseBit":0,"licenseKey":""},{"campaignID":"414","attribution":0,"priority":"3","appToPromote":{"appToPromoteID":"3023","usesDefaultFrameImage":"0","usesDefaultCloseImage":"0","marketURL":"https:\/\/play.google.com\/store\/apps\/details?id=com.appricot2d.rolo.pet.parrot","packageID":"com.appricot2d.rolo.pet.parrot"},"showTemplate":1,"s2s_tracking_url":"https:\/\/play.google.com\/store\/apps\/details?id=com.appricot2d.rolo.pet.parrot","activeCreativeID":"385","scenes":["12","1","8","6","15","2"],"campaignAdType":"Interstitial","productId":"","purchaseBit":0,"licenseKey":""},{"campaignID":"559","attribution":0,"priority":"3","appToPromote":{"appToPromoteID":"3476","usesDefaultFrameImage":"0","usesDefaultCloseImage":"0","marketURL":"https:\/\/play.google.com\/store\/apps\/details?id=com.perspectivegames.real.impossible.tracks.stunts","packageID":"com.perspectivegames.real.impossible.tracks.stunts"},"showTemplate":1,"s2s_tracking_url":"https:\/\/play.google.com\/store\/apps\/details?id=com.perspectivegames.real.impossible.tracks.stunts","activeCreativeID":"649","scenes":["12","1","8","6","15","2"],"campaignAdType":"Interstitial","productId":"","purchaseBit":0,"licenseKey":""},{"campaignID":"741","attribution":0,"priority":"3","appToPromote":{"appToPromoteID":"5609","usesDefaultFrameImage":"0","usesDefaultCloseImage":"0","marketURL":"https:\/\/play.google.com\/store\/apps\/details?id=com.kick.gyroscopic.city.train.driver.simulator","packageID":"com.kick.gyroscopic.city.train.driver.simulator"},"showTemplate":1,"s2s_tracking_url":"https:\/\/play.google.com\/store\/apps\/details?id=com.kick.gyroscopic.city.train.driver.simulator","activeCreativeID":"753","scenes":["12","1","8","6","15","2"],"campaignAdType":"Interstitial","productId":"","purchaseBit":0,"licenseKey":""},{"campaignID":"798","attribution":0,"priority":"3","appToPromote":{"appToPromoteID":"5770","usesDefaultFrameImage":"0","usesDefaultCloseImage":"0","marketURL":"https:\/\/play.google.com\/store\/apps\/details?id=com.simulatorgames3d.alohacelebrations","packageID":"com.simulatorgames3d.alohacelebrations"},"showTemplate":1,"s2s_tracking_url":"https:\/\/play.google.com\/store\/apps\/details?id=com.simulatorgames3d.alohacelebrations","activeCreativeID":"787","scenes":["12","1","8","6","15","2"],"campaignAdType":"Interstitial","productId":"","purchaseBit":0,"licenseKey":""},{"campaignID":"1483","attribution":0,"priority":"3","appToPromote":{"appToPromoteID":"1714","usesDefaultFrameImage":"1","usesDefaultCloseImage":"1","marketURL":"https:\/\/play.google.com\/store\/apps\/details?id=com.playink.cookie.maker","packageID":"com.playink.cookie.maker"},"showTemplate":1,"s2s_tracking_url":"https:\/\/play.google.com\/store\/apps\/details?id=com.playink.cookie.maker","activeCreativeID":"1020","scenes":["12","1","8","6","15","2"],"campaignAdType":"Interstitial","productId":"","purchaseBit":0,"licenseKey":""},{"campaignID":"8762","attribution":0,"priority":"2","appToPromote":{"appToPromoteID":"13265","usesDefaultFrameImage":"0","usesDefaultCloseImage":"0","marketURL":"https:\/\/play.google.com\/store\/apps\/details?id=com.rhg.tricky.bike.stunt.moto.master","packageID":"com.rhg.tricky.bike.stunt.moto.master"},"showTemplate":1,"s2s_tracking_url":"https:\/\/play.google.com\/store\/apps\/details?id=com.rhg.tricky.bike.stunt.moto.master","activeCreativeID":"4121","scenes":["12","1","8","6","15","2"],"campaignAdType":"Rewarded Video","productId":"","purchaseBit":0,"licenseKey":""},{"campaignID":"9366","attribution":0,"priority":"2","appToPromote":{"appToPromoteID":"17602","usesDefaultFrameImage":"0","usesDefaultCloseImage":"0","marketURL":"https:\/\/play.google.com\/store\/apps\/details?id=com.abaenglish.videoclass&amp;referrer=utm_source=42matters.com&amp;utm_medium=api","packageID":"com.abaenglish.videoclass"},"showTemplate":1,"s2s_tracking_url":"https:\/\/play.google.com\/store\/apps\/details?id=com.abaenglish.videoclass&amp;referrer=utm_source=42matters.com&amp;utm_medium=api","activeCreativeID":"4815","scenes":["12","1","8","6","15","2"],"campaignAdType":"Interstitial","productId":"","purchaseBit":0,"licenseKey":""}],"refreshAdRate":30,"mode":"Production","aspectRatio":"4_3","cdnPath":"https:\/\/df8ymybeo92md.cloudfront.net\/images\/","sentry_log":0,"local_logging":0,"sentry_dsn":"https:\/\/93ffa1c9a4124f67b8888a53265f751a:bbf998e04584477fa9a145838e9d3b26@sentry.io\/168994","sentry_initialization":1,"sentry_debugging":0,"bannerSizes":["5"],"aspectRatioVideo":"16_9","app_id":"2225","showPreRewardedDialogue":0,"showPostRewardedDialogue":0,"rewardCurrency":"coins","rewardValue":0,"isSkipable":0,"privacyPolicyURL":"https:\/\/www.consoliads.com\/privacy-policy\/","sessionToken":"qWgTz8qhh0mltluBBAvLK5f3cjUS87hUb4XTVYikNKz6a+mSs8nqdNQmk6CFRtz7eXdyBcxP5QFfQbdkRNnJfkKIHD4WDMhzC3XWP0j6OxchKYKtgjJdbJNvAoSj9J5lQUHDzCNCupk5xoJzPlDuQec27\/LO09nInQxYVtuk3Xs="}
Session token value is set


{"appKey":"9df632233aa0ab875abe5f3677328817","deviceID":"6727","stats":[{"campaignID":153,"packageID":"com.whitesand.underwater.shark.sniper.hunter","sceneStats":[{"sceneID":"17","eventStats":"367,267,167,67,67,0,0"}]}],"sdkVersion":"90","sessionToken":"qWgTz8qhh0mltluBBAvLK5f3cjUS87hUb4XTVYikNKz6a+mSs8nqdNQmk6CFRtz7eXdyBcxP5QFfQbdkRNnJfkKIHD4WDMhzC3XWP0j6OxchKYKtgjJdbJNvAoSj9J5lQUHDzCNCupk5xoJzPlDuQec27\/LO09nInQxYVtuk3Xs="}
cache_ttl value is correct

Refresh Ad Rate value is correct
mode value is set

 Aspect ratio value is correct
sentry_log value is set
local_logging value is set
sentry_initialization value is set
sentry_debugging value is set
showPreRewardedDialogue value is set
showPostRewardedDialogue value is set
isSkipable value is set
{"cache_ttl":10080,"cache_ttl_rewarded":10080,"cache_ttl_banner":10080,"cache_ttl_native":10080,"cache_ttl_icon":10080,"refreshAdRate":30,"mode":"Production","aspectRatio":"4_3","cdnPath":"https:\/\/df8ymybeo92md.cloudfront.net\/images\/","sentry_log":0,"local_logging":0,"sentry_dsn":"https:\/\/93ffa1c9a4124f67b8888a53265f751a:bbf998e04584477fa9a145838e9d3b26@sentry.io\/168994","sentry_initialization":1,"sentry_debugging":0,"bannerSizes":["5"],"aspectRatioVideo":"16_9","app_id":"2141","showPreRewardedDialogue":0,"showPostRewardedDialogue":0,"rewardCurrency":"coins","rewardValue":0,"isSkipable":0,"privacyPolicyURL":"https:\/\/www.consoliads.com\/privacy-policy\/","sessionToken":"zTgjGxU7uxoG6DXi96yIXn1BWAZr673kUq6vKH9ATbUORjyA821wBtNXDhrxCkrqfktCWbOTwxuNUEujbiWqZEuBsIxwuumWDbeUQixa1ahzUylt52XMNkdWY2nzpWjr2uUjEPKYY3W6Zw6FZipZZ3KM9UXMiNKLSXNLcDmAPSY="}
Session token value is set


{"appKey":"0c2ea59a1926e209c4043dbc64975c4d","deviceID":"8232","stats":[{"campaignID":155,"packageID":"com.gss.garage.workshop.carmehanic","sceneStats":[{"sceneID":"21","eventStats":"382,282,182,82,82,0,0"}]}],"sdkVersion":"2163","sessionToken":"zTgjGxU7uxoG6DXi96yIXn1BWAZr673kUq6vKH9ATbUORjyA821wBtNXDhrxCkrqfktCWbOTwxuNUEujbiWqZEuBsIxwuumWDbeUQixa1ahzUylt52XMNkdWY2nzpWjr2uUjEPKYY3W6Zw6FZipZZ3KM9UXMiNKLSXNLcDmAPSY="}
cache_ttl value is correct

Title value is correct

Title value is correct

Title value is correct

Title value is correct

Title value is correct

Title value is correct

Refresh Ad Rate value is correct
mode value is set

 Aspect ratio value is correct
sentry_log value is set
local_logging value is set
sentry_initialization value is set
sentry_debugging value is set
showPreRewardedDialogue value is set
showPostRewardedDialogue value is set
isSkipable value is set
{"cache_ttl":10080,"cache_ttl_rewarded":10080,"cache_ttl_banner":10080,"cache_ttl_native":10080,"cache_ttl_icon":10080,"campaigns":[{"campaignID":"8226","attribution":0,"priority":"8","appToPromote":{"appToPromoteID":"12623","usesDefaultFrameImage":"0","usesDefaultCloseImage":"0","marketURL":"https:\/\/play.google.com\/store\/apps\/details?id=com.igg.android.lordsmobile&amp;referrer=utm_source=42matters.com&amp;utm_medium=api","packageID":"com.nooribrand.android.lordsmobile"},"showTemplate":1,"s2s_tracking_url":"https:\/\/play.google.com\/store\/apps\/details?id=com.igg.android.lordsmobile&amp;referrer=utm_source=42matters.com&amp;utm_medium=api","activeCreativeID":"3557","scenes":["12","1","8","6","15","2"],"campaignAdType":"Icon","productId":"","purchaseBit":0,"licenseKey":""},{"campaignID":"8613","attribution":0,"priority":"8","appToPromote":{"appToPromoteID":"12623","usesDefaultFrameImage":"0","usesDefaultCloseImage":"0","marketURL":"https:\/\/play.google.com\/store\/apps\/details?id=com.igg.android.lordsmobile&amp;referrer=utm_source=42matters.com&amp;utm_medium=api","packageID":"com.nooribrand.android.lordsmobile"},"showTemplate":1,"s2s_tracking_url":"https:\/\/play.google.com\/store\/apps\/details?id=com.igg.android.lordsmobile&amp;referrer=utm_source=42matters.com&amp;utm_medium=api","activeCreativeID":"3557","scenes":["12","1","8","6","15","2"],"campaignAdType":"Icon","productId":"","purchaseBit":0,"licenseKey":""},{"campaignID":"9252","attribution":0,"priority":"8","appToPromote":{"appToPromoteID":"12315","usesDefaultFrameImage":"0","usesDefaultCloseImage":"0","marketURL":"google.com","packageID":"com.qabrand.plnative"},"showTemplate":1,"s2s_tracking_url":"google.com","activeCreativeID":"4683","scenes":["12","1","8","6","15","2"],"campaignAdType":"Native","title":"Native first","subTitle":"First ","description":"New description","adClickThroughText":"FIRST Button","productId":"","purchaseBit":0,"licenseKey":""},{"campaignID":"9253","attribution":0,"priority":"8","appToPromote":{"appToPromoteID":"12315","usesDefaultFrameImage":"0","usesDefaultCloseImage":"0","marketURL":"google.com","packageID":"com.qabrand.plnative"},"showTemplate":1,"s2s_tracking_url":"google.com","activeCreativeID":"4683","scenes":["12","1","8","6","15","2"],"campaignAdType":"Native","title":"Native first","subTitle":"First ","description":"New description","adClickThroughText":"FIRST Button","productId":"","purchaseBit":0,"licenseKey":""},{"campaignID":"9255","attribution":0,"priority":"8","appToPromote":{"appToPromoteID":"13274","usesDefaultFrameImage":"0","usesDefaultCloseImage":"0","marketURL":"https:\/\/play.google.com\/store\/apps\/details?id=com.facebook.katana","packageID":"com.salon.adsalon"},"showTemplate":1,"s2s_tracking_url":"https:\/\/play.google.com\/store\/apps\/details?id=com.facebook.katana","activeCreativeID":"4685","scenes":["12","1","8","6","15","2"],"campaignAdType":"Native","title":"native NA ","subTitle":"native NA ","description":"native NA added","adClickThroughText":"native NA ","productId":"","purchaseBit":0,"licenseKey":""},{"campaignID":"9257","attribution":0,"priority":"8","appToPromote":{"appToPromoteID":"12286","usesDefaultFrameImage":"0","usesDefaultCloseImage":"0","marketURL":"google.com","packageID":"com.qabrand.Chartboost_Native"},"showTemplate":1,"s2s_tracking_url":"google.com","activeCreativeID":"4688","scenes":["12","1","8","6","15","2"],"campaignAdType":"Native","title":"Native second updated","subTitle":"Native second ","description":"Native second details","adClickThroughText":"Native second ","productId":"","purchaseBit":0,"licenseKey":""},{"campaignID":"9263","attribution":0,"priority":"8","appToPromote":{"appToPromoteID":"12315","usesDefaultFrameImage":"0","usesDefaultCloseImage":"0","marketURL":"google.com","packageID":"com.qabrand.plnative"},"showTemplate":1,"s2s_tracking_url":"google.com","activeCreativeID":"4694","scenes":["12","1","8","6","15","2"],"campaignAdType":"Native","title":"test","subTitle":"test","description":" test details update","adClickThroughText":"test","productId":"","purchaseBit":0,"licenseKey":""},{"campaignID":"9547","attribution":0,"priority":"8","appToPromote":{"appToPromoteID":"11879","usesDefaultFrameImage":"0","usesDefaultCloseImage":"0","marketURL":"https:\/\/play.google.com\/store\/apps\/details?id=com.buntoo.car.racing.games","packageID":"com.buntoo.car.racing.games"},"showTemplate":1,"s2s_tracking_url":"https:\/\/play.google.com\/store\/apps\/details?id=com.buntoo.car.racing.games","activeCreativeID":"4964","scenes":["12","1","8","6","15","2"],"campaignAdType":"Interstitial","productId":"","purchaseBit":0,"licenseKey":""},{"campaignID":"9586","attribution":0,"priority":"8","appToPromote":{"appToPromoteID":"515","usesDefaultFrameImage":"1","usesDefaultCloseImage":"1","marketURL":"https:\/\/play.google.com\/store\/apps\/details?id=com.plum.cash.counter.simualtor","packageID":"com.plum.cash.counter.simualtor"},"showTemplate":1,"s2s_tracking_url":"https:\/\/play.google.com\/store\/apps\/details?id=com.plum.cash.counter.simualtor","activeCreativeID":"50","scenes":["12","1","8","6","15","2"],"campaignAdType":"Interstitial","productId":"","purchaseBit":0,"licenseKey":""},{"campaignID":"9587","attribution":0,"priority":"8","appToPromote":{"appToPromoteID":"515","usesDefaultFrameImage":"1","usesDefaultCloseImage":"1","marketURL":"https:\/\/play.google.com\/store\/apps\/details?id=com.plum.cash.counter.simualtor","packageID":"com.plum.cash.counter.simualtor"},"showTemplate":1,"s2s_tracking_url":"https:\/\/play.google.com\/store\/apps\/details?id=com.plum.cash.counter.simualtor","activeCreativeID":"50","scenes":["12","1","8","6","15","2"],"campaignAdType":"Interstitial","productId":"","purchaseBit":0,"licenseKey":""},{"campaignID":"9588","attribution":0,"priority":"8","appToPromote":{"appToPromoteID":"515","usesDefaultFrameImage":"1","usesDefaultCloseImage":"1","marketURL":"https:\/\/play.google.com\/store\/apps\/details?id=com.plum.cash.counter.simualtor","packageID":"com.plum.cash.counter.simualtor"},"showTemplate":1,"s2s_tracking_url":"https:\/\/play.google.com\/store\/apps\/details?id=com.plum.cash.counter.simualtor","activeCreativeID":"50","scenes":["12","1","8","6","15","2"],"campaignAdType":"Interstitial","productId":"","purchaseBit":0,"licenseKey":""},{"campaignID":"9589","attribution":0,"priority":"8","appToPromote":{"appToPromoteID":"515","usesDefaultFrameImage":"1","usesDefaultCloseImage":"1","marketURL":"https:\/\/play.google.com\/store\/apps\/details?id=com.plum.cash.counter.simualtor","packageID":"com.plum.cash.counter.simualtor"},"showTemplate":1,"s2s_tracking_url":"https:\/\/play.google.com\/store\/apps\/details?id=com.plum.cash.counter.simualtor","activeCreativeID":"50","scenes":["12","1","8","6","15","2"],"campaignAdType":"Interstitial","productId":"","purchaseBit":0,"licenseKey":""},{"campaignID":"9599","attribution":0,"priority":"8","appToPromote":{"appToPromoteID":"515","usesDefaultFrameImage":"1","usesDefaultCloseImage":"1","marketURL":"https:\/\/play.google.com\/store\/apps\/details?id=com.plum.cash.counter.simualtor","packageID":"com.plum.cash.counter.simualtor"},"showTemplate":1,"s2s_tracking_url":"https:\/\/play.google.com\/store\/apps\/details?id=com.plum.cash.counter.simualtor","activeCreativeID":"5001","scenes":["12","1","8","6","15","2"],"campaignAdType":"Icon","productId":"","purchaseBit":0,"licenseKey":""},{"campaignID":"9127","attribution":0,"priority":"8","appToPromote":{"appToPromoteID":"17528","usesDefaultFrameImage":"0","usesDefaultCloseImage":"0","marketURL":"https:\/\/play.google.com\/store\/apps\/details?id=net.one97.paytm","packageID":"net.one97.paytm"},"showTemplate":1,"s2s_tracking_url":"https:\/\/tha.gotrackier.com\/click?campaign_id=63249\\u0026pub_id=75?p1=2226_9127_8232&amp;source=6841&amp;app_name=CarMechanicWorkshopGarage&amp;gaid=8232","activeCreativeID":"4788","scenes":["12","1","8","6","15","2"],"campaignAdType":"Native","title":"BCA","subTitle":"FW","description":"nope","adClickThroughText":"Link","productId":"","purchaseBit":0,"licenseKey":""},{"campaignID":"9131","attribution":0,"priority":"8","appToPromote":{"appToPromoteID":"17532","usesDefaultFrameImage":"0","usesDefaultCloseImage":"0","marketURL":"https:\/\/play.google.com\/store\/apps\/details?id=com.dhgate.buyermob","packageID":"com.dhgate.buyermob"},"showTemplate":1,"s2s_tracking_url":"https:\/\/tha.gotrackier.com\/click?campaign_id=63254\\u0026pub_id=75?p1=2226_9131_8232&amp;source=6841&amp;app_name=CarMechanicWorkshopGarage&amp;gaid=8232","activeCreativeID":"4483","scenes":["12","1","8","6","15","2"],"campaignAdType":"Interstitial","productId":"","purchaseBit":0,"licenseKey":""},{"campaignID":"444","attribution":0,"priority":"6","appToPromote":{"appToPromoteID":"3355","usesDefaultFrameImage":"0","usesDefaultCloseImage":"0","marketURL":"https:\/\/play.google.com\/store\/apps\/details?id=com.popnsons.parkour.mouse","packageID":"com.popnsons.parkour.mouse"},"showTemplate":1,"s2s_tracking_url":"https:\/\/play.google.com\/store\/apps\/details?id=com.popnsons.parkour.mouse","activeCreativeID":"469","scenes":["12","1","8","6","15","2"],"campaignAdType":"Interstitial","productId":"","purchaseBit":0,"licenseKey":""},{"campaignID":"561","attribution":0,"priority":"6","appToPromote":{"appToPromoteID":"5026","usesDefaultFrameImage":"0","usesDefaultCloseImage":"0","marketURL":"https:\/\/play.google.com\/store\/apps\/details?id=com.as.cashupapp","packageID":"com.as.cashupapp"},"showTemplate":1,"s2s_tracking_url":"https:\/\/play.google.com\/store\/apps\/details?id=com.as.cashupapp","activeCreativeID":"652","scenes":["12","1","8","6","15","2"],"campaignAdType":"Interstitial","productId":"","purchaseBit":0,"licenseKey":""},{"campaignID":"570","attribution":0,"priority":"6","appToPromote":{"appToPromoteID":"3802","usesDefaultFrameImage":"0","usesDefaultCloseImage":"0","marketURL":"https:\/\/play.google.com\/store\/apps\/details?id=com.Madxstudios.Flickshootsoccer","packageID":"com.Madxstudios.Flickshootsoccer"},"showTemplate":1,"s2s_tracking_url":"https:\/\/play.google.com\/store\/apps\/details?id=com.Madxstudios.Flickshootsoccer","activeCreativeID":"661","scenes":["12","1","8","6","15","2"],"campaignAdType":"Interstitial","productId":"","purchaseBit":0,"licenseKey":""},{"campaignID":"588","attribution":0,"priority":"6","appToPromote":{"appToPromoteID":"5026","usesDefaultFrameImage":"0","usesDefaultCloseImage":"0","marketURL":"https:\/\/play.google.com\/store\/apps\/details?id=com.as.cashupapp","packageID":"com.as.cashupapp"},"showTemplate":1,"s2s_tracking_url":"https:\/\/play.google.com\/store\/apps\/details?id=com.as.cashupapp","activeCreativeID":"652","scenes":["12","1","8","6","15","2"],"campaignAdType":"Interstitial","productId":"","purchaseBit":0,"licenseKey":""},{"campaignID":"8808","attribution_link":"","attribution":1,"priority":"5","appToPromote":{"appToPromoteID":"16528","usesDefaultFrameImage":"0","usesDefaultCloseImage":"0","marketURL":"https:\/\/play.google.com\/store\/apps\/details?id=com.bag.farm.day.village.farming.games","packageID":"com.GSS317.com.bag.farm.day.village.farming.games"},"showTemplate":1,"s2s_tracking_url":"","activeCreativeID":"3775","scenes":["12","1","8","6","15","2"],"campaignAdType":"Interstitial","productId":"","purchaseBit":0,"licenseKey":""},{"campaignID":"8973","attribution":0,"priority":"5","appToPromote":{"appToPromoteID":"15974","usesDefaultFrameImage":"0","usesDefaultCloseImage":"0","marketURL":"https:\/\/play.google.com\/store\/apps\/details?id=com.mustardgames.bmx.cycle.stunt.mega.ramp.impossibletracks","packageID":"com.mustardgames.bmx.cycle.stunt.mega.ramp.impossibletracks"},"showTemplate":1,"s2s_tracking_url":"https:\/\/play.google.com\/store\/apps\/details?id=com.mustardgames.bmx.cycle.stunt.mega.ramp.impossibletracks","activeCreativeID":"4339","scenes":["12","1","8","6","15","2"],"campaignAdType":"Interstitial","productId":"","purchaseBit":0,"licenseKey":""},{"campaignID":"557","attribution":0,"priority":"4","appToPromote":{"appToPromoteID":"4959","usesDefaultFrameImage":"0","usesDefaultCloseImage":"0","marketURL":"https:\/\/play.google.com\/store\/apps\/details?id=com.jet.plane.surfers.joyride.dash","packageID":"com.jet.plane.surfers.joyride.dash"},"showTemplate":1,"s2s_tracking_url":"https:\/\/play.google.com\/store\/apps\/details?id=com.jet.plane.surfers.joyride.dash","activeCreativeID":"645","scenes":["12","1","8","6","15","2"],"campaignAdType":"Interstitial","productId":"","purchaseBit":0,"licenseKey":""},{"campaignID":"414","attribution":0,"priority":"3","appToPromote":{"appToPromoteID":"3023","usesDefaultFrameImage":"0","usesDefaultCloseImage":"0","marketURL":"https:\/\/play.google.com\/store\/apps\/details?id=com.appricot2d.rolo.pet.parrot","packageID":"com.appricot2d.rolo.pet.parrot"},"showTemplate":1,"s2s_tracking_url":"https:\/\/play.google.com\/store\/apps\/details?id=com.appricot2d.rolo.pet.parrot","activeCreativeID":"385","scenes":["12","1","8","6","15","2"],"campaignAdType":"Interstitial","productId":"","purchaseBit":0,"licenseKey":""},{"campaignID":"559","attribution":0,"priority":"3","appToPromote":{"appToPromoteID":"3476","usesDefaultFrameImage":"0","usesDefaultCloseImage":"0","marketURL":"https:\/\/play.google.com\/store\/apps\/details?id=com.perspectivegames.real.impossible.tracks.stunts","packageID":"com.perspectivegames.real.impossible.tracks.stunts"},"showTemplate":1,"s2s_tracking_url":"https:\/\/play.google.com\/store\/apps\/details?id=com.perspectivegames.real.impossible.tracks.stunts","activeCreativeID":"649","scenes":["12","1","8","6","15","2"],"campaignAdType":"Interstitial","productId":"","purchaseBit":0,"licenseKey":""},{"campaignID":"741","attribution":0,"priority":"3","appToPromote":{"appToPromoteID":"5609","usesDefaultFrameImage":"0","usesDefaultCloseImage":"0","marketURL":"https:\/\/play.google.com\/store\/apps\/details?id=com.kick.gyroscopic.city.train.driver.simulator","packageID":"com.kick.gyroscopic.city.train.driver.simulator"},"showTemplate":1,"s2s_tracking_url":"https:\/\/play.google.com\/store\/apps\/details?id=com.kick.gyroscopic.city.train.driver.simulator","activeCreativeID":"753","scenes":["12","1","8","6","15","2"],"campaignAdType":"Interstitial","productId":"","purchaseBit":0,"licenseKey":""},{"campaignID":"798","attribution":0,"priority":"3","appToPromote":{"appToPromoteID":"5770","usesDefaultFrameImage":"0","usesDefaultCloseImage":"0","marketURL":"https:\/\/play.google.com\/store\/apps\/details?id=com.simulatorgames3d.alohacelebrations","packageID":"com.simulatorgames3d.alohacelebrations"},"showTemplate":1,"s2s_tracking_url":"https:\/\/play.google.com\/store\/apps\/details?id=com.simulatorgames3d.alohacelebrations","activeCreativeID":"787","scenes":["12","1","8","6","15","2"],"campaignAdType":"Interstitial","productId":"","purchaseBit":0,"licenseKey":""},{"campaignID":"1483","attribution":0,"priority":"3","appToPromote":{"appToPromoteID":"1714","usesDefaultFrameImage":"1","usesDefaultCloseImage":"1","marketURL":"https:\/\/play.google.com\/store\/apps\/details?id=com.playink.cookie.maker","packageID":"com.playink.cookie.maker"},"showTemplate":1,"s2s_tracking_url":"https:\/\/play.google.com\/store\/apps\/details?id=com.playink.cookie.maker","activeCreativeID":"1020","scenes":["12","1","8","6","15","2"],"campaignAdType":"Interstitial","productId":"","purchaseBit":0,"licenseKey":""},{"campaignID":"8762","attribution":0,"priority":"2","appToPromote":{"appToPromoteID":"13265","usesDefaultFrameImage":"0","usesDefaultCloseImage":"0","marketURL":"https:\/\/play.google.com\/store\/apps\/details?id=com.rhg.tricky.bike.stunt.moto.master","packageID":"com.rhg.tricky.bike.stunt.moto.master"},"showTemplate":1,"s2s_tracking_url":"https:\/\/play.google.com\/store\/apps\/details?id=com.rhg.tricky.bike.stunt.moto.master","activeCreativeID":"4121","scenes":["12","1","8","6","15","2"],"campaignAdType":"Rewarded Video","productId":"","purchaseBit":0,"licenseKey":""},{"campaignID":"9366","attribution":0,"priority":"2","appToPromote":{"appToPromoteID":"17602","usesDefaultFrameImage":"0","usesDefaultCloseImage":"0","marketURL":"https:\/\/play.google.com\/store\/apps\/details?id=com.abaenglish.videoclass&amp;referrer=utm_source=42matters.com&amp;utm_medium=api","packageID":"com.abaenglish.videoclass"},"showTemplate":1,"s2s_tracking_url":"https:\/\/play.google.com\/store\/apps\/details?id=com.abaenglish.videoclass&amp;referrer=utm_source=42matters.com&amp;utm_medium=api","activeCreativeID":"4815","scenes":["12","1","8","6","15","2"],"campaignAdType":"Interstitial","productId":"","purchaseBit":0,"licenseKey":""}],"refreshAdRate":30,"mode":"Production","aspectRatio":"4_3","cdnPath":"https:\/\/df8ymybeo92md.cloudfront.net\/images\/","sentry_log":0,"local_logging":0,"sentry_dsn":"https:\/\/93ffa1c9a4124f67b8888a53265f751a:bbf998e04584477fa9a145838e9d3b26@sentry.io\/168994","sentry_initialization":1,"sentry_debugging":0,"bannerSizes":["1"],"aspectRatioVideo":"16_9","app_id":"2226","showPreRewardedDialogue":0,"showPostRewardedDialogue":0,"rewardCurrency":"coins","rewardValue":0,"isSkipable":1,"privacyPolicyURL":"https:\/\/www.consoliads.com\/privacy-policy\/","sessionToken":"9RSIlPE4qRD6mRitcTR2SOqRB2onk6FLN4DMcWGogshOITVkLOJryuuLeoGtWmLsxH1YytjJOIna\/V4kz32p5vHwElJgjj\/3jreZr+l4KqJosyigSQaYcZ0h\/4CkvpLeREyaupS4XdqiS28S2wxJhVhULgnar2RT9pPQfyLiqGE="}
Session token value is set


{"appKey":"47177e643e2e9ff27cdc3f79c552ce95","deviceID":"3325","stats":[{"campaignID":164,"packageID":"com.tgp.car.robot.transport.truck","sceneStats":[{"sceneID":"9","eventStats":"333,233,133,33,33,0,0"}]}],"sdkVersion":"2163","sessionToken":"9RSIlPE4qRD6mRitcTR2SOqRB2onk6FLN4DMcWGogshOITVkLOJryuuLeoGtWmLsxH1YytjJOIna\/V4kz32p5vHwElJgjj\/3jreZr+l4KqJosyigSQaYcZ0h\/4CkvpLeREyaupS4XdqiS28S2wxJhVhULgnar2RT9pPQfyLiqGE="}
cache_ttl value is correct

Title value is correct

Title value is correct

Title value is correct

Title value is correct

Title value is correct

Title value is correct

Refresh Ad Rate value is correct
mode value is set

 Aspect ratio value is correct
sentry_log value is set
local_logging value is set
sentry_initialization value is set
sentry_debugging value is set
showPreRewardedDialogue value is set
showPostRewardedDialogue value is set
isSkipable value is set
{"cache_ttl":10080,"cache_ttl_rewarded":10080,"cache_ttl_banner":10080,"cache_ttl_native":10080,"cache_ttl_icon":10080,"campaigns":[{"campaignID":"8226","attribution":0,"priority":"8","appToPromote":{"appToPromoteID":"12623","usesDefaultFrameImage":"0","usesDefaultCloseImage":"0","marketURL":"https:\/\/play.google.com\/store\/apps\/details?id=com.igg.android.lordsmobile&amp;referrer=utm_source=42matters.com&amp;utm_medium=api","packageID":"com.nooribrand.android.lordsmobile"},"showTemplate":1,"s2s_tracking_url":"https:\/\/play.google.com\/store\/apps\/details?id=com.igg.android.lordsmobile&amp;referrer=utm_source=42matters.com&amp;utm_medium=api","activeCreativeID":"3557","scenes":["12","1","8","6","15","2"],"campaignAdType":"Icon","productId":"","purchaseBit":0,"licenseKey":""},{"campaignID":"8378","attribution":0,"priority":"8","appToPromote":{"appToPromoteID":"16480","usesDefaultFrameImage":"0","usesDefaultCloseImage":"0","marketURL":"https:\/\/play.google.com\/store\/apps\/details?id=com.nag.home.manager.working.virtual.mom","packageID":"com.GSS317.AmazingFamily"},"showTemplate":1,"s2s_tracking_url":"https:\/\/play.google.com\/store\/apps\/details?id=com.nag.home.manager.working.virtual.mom","activeCreativeID":"3720","scenes":["12","1","8","6","15","2"],"campaignAdType":"Interstitial","productId":"","purchaseBit":0,"licenseKey":""},{"campaignID":"8613","attribution":0,"priority":"8","appToPromote":{"appToPromoteID":"12623","usesDefaultFrameImage":"0","usesDefaultCloseImage":"0","marketURL":"https:\/\/play.google.com\/store\/apps\/details?id=com.igg.android.lordsmobile&amp;referrer=utm_source=42matters.com&amp;utm_medium=api","packageID":"com.nooribrand.android.lordsmobile"},"showTemplate":1,"s2s_tracking_url":"https:\/\/play.google.com\/store\/apps\/details?id=com.igg.android.lordsmobile&amp;referrer=utm_source=42matters.com&amp;utm_medium=api","activeCreativeID":"3557","scenes":["12","1","8","6","15","2"],"campaignAdType":"Icon","productId":"","purchaseBit":0,"licenseKey":""},{"campaignID":"9252","attribution":0,"priority":"8","appToPromote":{"appToPromoteID":"12315","usesDefaultFrameImage":"0","usesDefaultCloseImage":"0","marketURL":"google.com","packageID":"com.qabrand.plnative"},"showTemplate":1,"s2s_tracking_url":"google.com","activeCreativeID":"4683","scenes":["12","1","8","6","15","2"],"campaignAdType":"Native","title":"Native first","subTitle":"First ","description":"New description","adClickThroughText":"FIRST Button","productId":"","purchaseBit":0,"licenseKey":""},{"campaignID":"9253","attribution":0,"priority":"8","appToPromote":{"appToPromoteID":"12315","usesDefaultFrameImage":"0","usesDefaultCloseImage":"0","marketURL":"google.com","packageID":"com.qabrand.plnative"},"showTemplate":1,"s2s_tracking_url":"google.com","activeCreativeID":"4683","scenes":["12","1","8","6","15","2"],"campaignAdType":"Native","title":"Native first","subTitle":"First ","description":"New description","adClickThroughText":"FIRST Button","productId":"","purchaseBit":0,"licenseKey":""},{"campaignID":"9255","attribution":0,"priority":"8","appToPromote":{"appToPromoteID":"13274","usesDefaultFrameImage":"0","usesDefaultCloseImage":"0","marketURL":"https:\/\/play.google.com\/store\/apps\/details?id=com.facebook.katana","packageID":"com.salon.adsalon"},"showTemplate":1,"s2s_tracking_url":"https:\/\/play.google.com\/store\/apps\/details?id=com.facebook.katana","activeCreativeID":"4685","scenes":["12","1","8","6","15","2"],"campaignAdType":"Native","title":"native NA ","subTitle":"native NA ","description":"native NA added","adClickThroughText":"native NA ","productId":"","purchaseBit":0,"licenseKey":""},{"campaignID":"9257","attribution":0,"priority":"8","appToPromote":{"appToPromoteID":"12286","usesDefaultFrameImage":"0","usesDefaultCloseImage":"0","marketURL":"google.com","packageID":"com.qabrand.Chartboost_Native"},"showTemplate":1,"s2s_tracking_url":"google.com","activeCreativeID":"4688","scenes":["12","1","8","6","15","2"],"campaignAdType":"Native","title":"Native second updated","subTitle":"Native second ","description":"Native second details","adClickThroughText":"Native second ","productId":"","purchaseBit":0,"licenseKey":""},{"campaignID":"9263","attribution":0,"priority":"8","appToPromote":{"appToPromoteID":"12315","usesDefaultFrameImage":"0","usesDefaultCloseImage":"0","marketURL":"google.com","packageID":"com.qabrand.plnative"},"showTemplate":1,"s2s_tracking_url":"google.com","activeCreativeID":"4694","scenes":["12","1","8","6","15","2"],"campaignAdType":"Native","title":"test","subTitle":"test","description":" test details update","adClickThroughText":"test","productId":"","purchaseBit":0,"licenseKey":""},{"campaignID":"9547","attribution":0,"priority":"8","appToPromote":{"appToPromoteID":"11879","usesDefaultFrameImage":"0","usesDefaultCloseImage":"0","marketURL":"https:\/\/play.google.com\/store\/apps\/details?id=com.buntoo.car.racing.games","packageID":"com.buntoo.car.racing.games"},"showTemplate":1,"s2s_tracking_url":"https:\/\/play.google.com\/store\/apps\/details?id=com.buntoo.car.racing.games","activeCreativeID":"4964","scenes":["12","1","8","6","15","2"],"campaignAdType":"Interstitial","productId":"","purchaseBit":0,"licenseKey":""},{"campaignID":"9586","attribution":0,"priority":"8","appToPromote":{"appToPromoteID":"515","usesDefaultFrameImage":"1","usesDefaultCloseImage":"1","marketURL":"https:\/\/play.google.com\/store\/apps\/details?id=com.plum.cash.counter.simualtor","packageID":"com.plum.cash.counter.simualtor"},"showTemplate":1,"s2s_tracking_url":"https:\/\/play.google.com\/store\/apps\/details?id=com.plum.cash.counter.simualtor","activeCreativeID":"50","scenes":["12","1","8","6","15","2"],"campaignAdType":"Interstitial","productId":"","purchaseBit":0,"licenseKey":""},{"campaignID":"9587","attribution":0,"priority":"8","appToPromote":{"appToPromoteID":"515","usesDefaultFrameImage":"1","usesDefaultCloseImage":"1","marketURL":"https:\/\/play.google.com\/store\/apps\/details?id=com.plum.cash.counter.simualtor","packageID":"com.plum.cash.counter.simualtor"},"showTemplate":1,"s2s_tracking_url":"https:\/\/play.google.com\/store\/apps\/details?id=com.plum.cash.counter.simualtor","activeCreativeID":"50","scenes":["12","1","8","6","15","2"],"campaignAdType":"Interstitial","productId":"","purchaseBit":0,"licenseKey":""},{"campaignID":"9588","attribution":0,"priority":"8","appToPromote":{"appToPromoteID":"515","usesDefaultFrameImage":"1","usesDefaultCloseImage":"1","marketURL":"https:\/\/play.google.com\/store\/apps\/details?id=com.plum.cash.counter.simualtor","packageID":"com.plum.cash.counter.simualtor"},"showTemplate":1,"s2s_tracking_url":"https:\/\/play.google.com\/store\/apps\/details?id=com.plum.cash.counter.simualtor","activeCreativeID":"50","scenes":["12","1","8","6","15","2"],"campaignAdType":"Interstitial","productId":"","purchaseBit":0,"licenseKey":""},{"campaignID":"9589","attribution":0,"priority":"8","appToPromote":{"appToPromoteID":"515","usesDefaultFrameImage":"1","usesDefaultCloseImage":"1","marketURL":"https:\/\/play.google.com\/store\/apps\/details?id=com.plum.cash.counter.simualtor","packageID":"com.plum.cash.counter.simualtor"},"showTemplate":1,"s2s_tracking_url":"https:\/\/play.google.com\/store\/apps\/details?id=com.plum.cash.counter.simualtor","activeCreativeID":"50","scenes":["12","1","8","6","15","2"],"campaignAdType":"Interstitial","productId":"","purchaseBit":0,"licenseKey":""},{"campaignID":"9599","attribution":0,"priority":"8","appToPromote":{"appToPromoteID":"515","usesDefaultFrameImage":"1","usesDefaultCloseImage":"1","marketURL":"https:\/\/play.google.com\/store\/apps\/details?id=com.plum.cash.counter.simualtor","packageID":"com.plum.cash.counter.simualtor"},"showTemplate":1,"s2s_tracking_url":"https:\/\/play.google.com\/store\/apps\/details?id=com.plum.cash.counter.simualtor","activeCreativeID":"5001","scenes":["12","1","8","6","15","2"],"campaignAdType":"Icon","productId":"","purchaseBit":0,"licenseKey":""},{"campaignID":"9127","attribution":0,"priority":"8","appToPromote":{"appToPromoteID":"17528","usesDefaultFrameImage":"0","usesDefaultCloseImage":"0","marketURL":"https:\/\/play.google.com\/store\/apps\/details?id=net.one97.paytm","packageID":"net.one97.paytm"},"showTemplate":1,"s2s_tracking_url":"https:\/\/tha.gotrackier.com\/click?campaign_id=63249\\u0026pub_id=75?p1=2350_9127_3325&amp;source=6841&amp;app_name=CarRobotTransportTruck&amp;gaid=3325","activeCreativeID":"4788","scenes":["12","1","8","6","15","2"],"campaignAdType":"Native","title":"BCA","subTitle":"FW","description":"nope","adClickThroughText":"Link","productId":"","purchaseBit":0,"licenseKey":""},{"campaignID":"9131","attribution":0,"priority":"8","appToPromote":{"appToPromoteID":"17532","usesDefaultFrameImage":"0","usesDefaultCloseImage":"0","marketURL":"https:\/\/play.google.com\/store\/apps\/details?id=com.dhgate.buyermob","packageID":"com.dhgate.buyermob"},"showTemplate":1,"s2s_tracking_url":"https:\/\/tha.gotrackier.com\/click?campaign_id=63254\\u0026pub_id=75?p1=2350_9131_3325&amp;source=6841&amp;app_name=CarRobotTransportTruck&amp;gaid=3325","activeCreativeID":"4483","scenes":["12","1","8","6","15","2"],"campaignAdType":"Interstitial","productId":"","purchaseBit":0,"licenseKey":""},{"campaignID":"8380","attribution_link":"","attribution":1,"priority":"7","appToPromote":{"appToPromoteID":"16480","usesDefaultFrameImage":"0","usesDefaultCloseImage":"0","marketURL":"https:\/\/play.google.com\/store\/apps\/details?id=com.nag.home.manager.working.virtual.mom","packageID":"com.GSS317.AmazingFamily"},"showTemplate":1,"s2s_tracking_url":"","activeCreativeID":"3720","scenes":["12","1","8","6","15","2"],"campaignAdType":"Interstitial","productId":"","purchaseBit":0,"licenseKey":""},{"campaignID":"444","attribution":0,"priority":"6","appToPromote":{"appToPromoteID":"3355","usesDefaultFrameImage":"0","usesDefaultCloseImage":"0","marketURL":"https:\/\/play.google.com\/store\/apps\/details?id=com.popnsons.parkour.mouse","packageID":"com.popnsons.parkour.mouse"},"showTemplate":1,"s2s_tracking_url":"https:\/\/play.google.com\/store\/apps\/details?id=com.popnsons.parkour.mouse","activeCreativeID":"469","scenes":["12","1","8","6","15","2"],"campaignAdType":"Interstitial","productId":"","purchaseBit":0,"licenseKey":""},{"campaignID":"561","attribution":0,"priority":"6","appToPromote":{"appToPromoteID":"5026","usesDefaultFrameImage":"0","usesDefaultCloseImage":"0","marketURL":"https:\/\/play.google.com\/store\/apps\/details?id=com.as.cashupapp","packageID":"com.as.cashupapp"},"showTemplate":1,"s2s_tracking_url":"https:\/\/play.google.com\/store\/apps\/details?id=com.as.cashupapp","activeCreativeID":"652","scenes":["12","1","8","6","15","2"],"campaignAdType":"Interstitial","productId":"","purchaseBit":0,"licenseKey":""},{"campaignID":"570","attribution":0,"priority":"6","appToPromote":{"appToPromoteID":"3802","usesDefaultFrameImage":"0","usesDefaultCloseImage":"0","marketURL":"https:\/\/play.google.com\/store\/apps\/details?id=com.Madxstudios.Flickshootsoccer","packageID":"com.Madxstudios.Flickshootsoccer"},"showTemplate":1,"s2s_tracking_url":"https:\/\/play.google.com\/store\/apps\/details?id=com.Madxstudios.Flickshootsoccer","activeCreativeID":"661","scenes":["12","1","8","6","15","2"],"campaignAdType":"Interstitial","productId":"","purchaseBit":0,"licenseKey":""},{"campaignID":"588","attribution":0,"priority":"6","appToPromote":{"appToPromoteID":"5026","usesDefaultFrameImage":"0","usesDefaultCloseImage":"0","marketURL":"https:\/\/play.google.com\/store\/apps\/details?id=com.as.cashupapp","packageID":"com.as.cashupapp"},"showTemplate":1,"s2s_tracking_url":"https:\/\/play.google.com\/store\/apps\/details?id=com.as.cashupapp","activeCreativeID":"652","scenes":["12","1","8","6","15","2"],"campaignAdType":"Interstitial","productId":"","purchaseBit":0,"licenseKey":""},{"campaignID":"8808","attribution_link":"","attribution":1,"priority":"5","appToPromote":{"appToPromoteID":"16528","usesDefaultFrameImage":"0","usesDefaultCloseImage":"0","marketURL":"https:\/\/play.google.com\/store\/apps\/details?id=com.bag.farm.day.village.farming.games","packageID":"com.GSS317.com.bag.farm.day.village.farming.games"},"showTemplate":1,"s2s_tracking_url":"","activeCreativeID":"3775","scenes":["12","1","8","6","15","2"],"campaignAdType":"Interstitial","productId":"","purchaseBit":0,"licenseKey":""},{"campaignID":"8973","attribution":0,"priority":"5","appToPromote":{"appToPromoteID":"15974","usesDefaultFrameImage":"0","usesDefaultCloseImage":"0","marketURL":"https:\/\/play.google.com\/store\/apps\/details?id=com.mustardgames.bmx.cycle.stunt.mega.ramp.impossibletracks","packageID":"com.mustardgames.bmx.cycle.stunt.mega.ramp.impossibletracks"},"showTemplate":1,"s2s_tracking_url":"https:\/\/play.google.com\/store\/apps\/details?id=com.mustardgames.bmx.cycle.stunt.mega.ramp.impossibletracks","activeCreativeID":"4339","scenes":["12","1","8","6","15","2"],"campaignAdType":"Interstitial","productId":"","purchaseBit":0,"licenseKey":""},{"campaignID":"557","attribution":0,"priority":"4","appToPromote":{"appToPromoteID":"4959","usesDefaultFrameImage":"0","usesDefaultCloseImage":"0","marketURL":"https:\/\/play.google.com\/store\/apps\/details?id=com.jet.plane.surfers.joyride.dash","packageID":"com.jet.plane.surfers.joyride.dash"},"showTemplate":1,"s2s_tracking_url":"https:\/\/play.google.com\/store\/apps\/details?id=com.jet.plane.surfers.joyride.dash","activeCreativeID":"645","scenes":["12","1","8","6","15","2"],"campaignAdType":"Interstitial","productId":"","purchaseBit":0,"licenseKey":""},{"campaignID":"414","attribution":0,"priority":"3","appToPromote":{"appToPromoteID":"3023","usesDefaultFrameImage":"0","usesDefaultCloseImage":"0","marketURL":"https:\/\/play.google.com\/store\/apps\/details?id=com.appricot2d.rolo.pet.parrot","packageID":"com.appricot2d.rolo.pet.parrot"},"showTemplate":1,"s2s_tracking_url":"https:\/\/play.google.com\/store\/apps\/details?id=com.appricot2d.rolo.pet.parrot","activeCreativeID":"385","scenes":["12","1","8","6","15","2"],"campaignAdType":"Interstitial","productId":"","purchaseBit":0,"licenseKey":""},{"campaignID":"559","attribution":0,"priority":"3","appToPromote":{"appToPromoteID":"3476","usesDefaultFrameImage":"0","usesDefaultCloseImage":"0","marketURL":"https:\/\/play.google.com\/store\/apps\/details?id=com.perspectivegames.real.impossible.tracks.stunts","packageID":"com.perspectivegames.real.impossible.tracks.stunts"},"showTemplate":1,"s2s_tracking_url":"https:\/\/play.google.com\/store\/apps\/details?id=com.perspectivegames.real.impossible.tracks.stunts","activeCreativeID":"649","scenes":["12","1","8","6","15","2"],"campaignAdType":"Interstitial","productId":"","purchaseBit":0,"licenseKey":""},{"campaignID":"741","attribution":0,"priority":"3","appToPromote":{"appToPromoteID":"5609","usesDefaultFrameImage":"0","usesDefaultCloseImage":"0","marketURL":"https:\/\/play.google.com\/store\/apps\/details?id=com.kick.gyroscopic.city.train.driver.simulator","packageID":"com.kick.gyroscopic.city.train.driver.simulator"},"showTemplate":1,"s2s_tracking_url":"https:\/\/play.google.com\/store\/apps\/details?id=com.kick.gyroscopic.city.train.driver.simulator","activeCreativeID":"753","scenes":["12","1","8","6","15","2"],"campaignAdType":"Interstitial","productId":"","purchaseBit":0,"licenseKey":""},{"campaignID":"798","attribution":0,"priority":"3","appToPromote":{"appToPromoteID":"5770","usesDefaultFrameImage":"0","usesDefaultCloseImage":"0","marketURL":"https:\/\/play.google.com\/store\/apps\/details?id=com.simulatorgames3d.alohacelebrations","packageID":"com.simulatorgames3d.alohacelebrations"},"showTemplate":1,"s2s_tracking_url":"https:\/\/play.google.com\/store\/apps\/details?id=com.simulatorgames3d.alohacelebrations","activeCreativeID":"787","scenes":["12","1","8","6","15","2"],"campaignAdType":"Interstitial","productId":"","purchaseBit":0,"licenseKey":""},{"campaignID":"1483","attribution":0,"priority":"3","appToPromote":{"appToPromoteID":"1714","usesDefaultFrameImage":"1","usesDefaultCloseImage":"1","marketURL":"https:\/\/play.google.com\/store\/apps\/details?id=com.playink.cookie.maker","packageID":"com.playink.cookie.maker"},"showTemplate":1,"s2s_tracking_url":"https:\/\/play.google.com\/store\/apps\/details?id=com.playink.cookie.maker","activeCreativeID":"1020","scenes":["12","1","8","6","15","2"],"campaignAdType":"Interstitial","productId":"","purchaseBit":0,"licenseKey":""},{"campaignID":"8762","attribution":0,"priority":"2","appToPromote":{"appToPromoteID":"13265","usesDefaultFrameImage":"0","usesDefaultCloseImage":"0","marketURL":"https:\/\/play.google.com\/store\/apps\/details?id=com.rhg.tricky.bike.stunt.moto.master","packageID":"com.rhg.tricky.bike.stunt.moto.master"},"showTemplate":1,"s2s_tracking_url":"https:\/\/play.google.com\/store\/apps\/details?id=com.rhg.tricky.bike.stunt.moto.master","activeCreativeID":"4121","scenes":["12","1","8","6","15","2"],"campaignAdType":"Rewarded Video","productId":"","purchaseBit":0,"licenseKey":""},{"campaignID":"9366","attribution":0,"priority":"2","appToPromote":{"appToPromoteID":"17602","usesDefaultFrameImage":"0","usesDefaultCloseImage":"0","marketURL":"https:\/\/play.google.com\/store\/apps\/details?id=com.abaenglish.videoclass&amp;referrer=utm_source=42matters.com&amp;utm_medium=api","packageID":"com.abaenglish.videoclass"},"showTemplate":1,"s2s_tracking_url":"https:\/\/play.google.com\/store\/apps\/details?id=com.abaenglish.videoclass&amp;referrer=utm_source=42matters.com&amp;utm_medium=api","activeCreativeID":"4815","scenes":["12","1","8","6","15","2"],"campaignAdType":"Interstitial","productId":"","purchaseBit":0,"licenseKey":""}],"refreshAdRate":30,"mode":"Production","aspectRatio":"4_3","cdnPath":"https:\/\/df8ymybeo92md.cloudfront.net\/images\/","sentry_log":0,"local_logging":0,"sentry_dsn":"https:\/\/93ffa1c9a4124f67b8888a53265f751a:bbf998e04584477fa9a145838e9d3b26@sentry.io\/168994","sentry_initialization":1,"sentry_debugging":0,"bannerSizes":["1"],"aspectRatioVideo":"16_9","app_id":"2350","showPreRewardedDialogue":0,"showPostRewardedDialogue":0,"rewardCurrency":"coins","rewardValue":0,"isSkipable":0,"privacyPolicyURL":"https:\/\/www.consoliads.com\/privacy-policy\/","sessionToken":"t9rgpRrvAv0m+Xj7e6xm8Ya4zZOQZ3GsCnOJ7mO1clWrhpQ0f+DzqoxCCZkmfPNrkMrpx4fT7DZSD+MvwhR+hlk\/bSPtGj3lntQjhnAI8jWhTaUyo0+jWjyjv\/+aCGyIg4sNZtqV4iDSRpoDQ9HzhjkLa3aau4x5QYrrpPRFREg="}
Session token value is set


{"appKey":"e551eacd7ce4c379df2008130984e935","deviceID":"2006","stats":[{"campaignID":173,"packageID":"com.ubmgames.commando.survivor.modern.lone","sceneStats":[{"sceneID":"6","eventStats":"320,220,120,20,20,0,0"}]}],"sdkVersion":"26","sessionToken":"t9rgpRrvAv0m+Xj7e6xm8Ya4zZOQZ3GsCnOJ7mO1clWrhpQ0f+DzqoxCCZkmfPNrkMrpx4fT7DZSD+MvwhR+hlk\/bSPtGj3lntQjhnAI8jWhTaUyo0+jWjyjv\/+aCGyIg4sNZtqV4iDSRpoDQ9HzhjkLa3aau4x5QYrrpPRFREg="}
cache_ttl value is correct

Refresh Ad Rate value is correct
mode value is set

 Aspect ratio value is correct
sentry_log value is set
local_logging value is set
sentry_initialization value is set
sentry_debugging value is set
showPreRewardedDialogue value is set
showPostRewardedDialogue value is set
isSkipable value is set
{"cache_ttl":10080,"cache_ttl_rewarded":10080,"cache_ttl_banner":10080,"cache_ttl_native":10080,"cache_ttl_icon":10080,"refreshAdRate":30,"mode":"Production","aspectRatio":"4_3","cdnPath":"https:\/\/df8ymybeo92md.cloudfront.net\/images\/","sentry_log":0,"local_logging":0,"sentry_dsn":"https:\/\/93ffa1c9a4124f67b8888a53265f751a:bbf998e04584477fa9a145838e9d3b26@sentry.io\/168994","sentry_initialization":1,"sentry_debugging":0,"bannerSizes":["5"],"aspectRatioVideo":"16_9","app_id":"1266","showPreRewardedDialogue":0,"showPostRewardedDialogue":0,"rewardCurrency":"coins","rewardValue":0,"isSkipable":0,"privacyPolicyURL":"https:\/\/www.consoliads.com\/privacy-policy\/","sessionToken":"s5+nFViMzCWggod1fweFHd3vZ5oJ8dUu688SeQ\/FzNFOCYaNrQW0LVerOYDu7FHlgfFWySLriHB4fRf\/sGN3TseNl9MBiCmRkvh5On4pky9x1rQg\/5zpjHtAwuh2fnlFEaamXHGudH5W65fIvCZaxACoyKI4GSav7Ert76g+SaQ="}
Session token value is set


{"appKey":"71828c96f5c84c83fef15e416d3756de","deviceID":"9432","stats":[{"campaignID":177,"packageID":"com.mizo.transformer.robot","sceneStats":[{"sceneID":"24","eventStats":"394,294,194,94,94,0,0"}]}],"sdkVersion":"39","sessionToken":"s5+nFViMzCWggod1fweFHd3vZ5oJ8dUu688SeQ\/FzNFOCYaNrQW0LVerOYDu7FHlgfFWySLriHB4fRf\/sGN3TseNl9MBiCmRkvh5On4pky9x1rQg\/5zpjHtAwuh2fnlFEaamXHGudH5W65fIvCZaxACoyKI4GSav7Ert76g+SaQ="}
cache_ttl value is correct

Refresh Ad Rate value is correct
mode value is set

 Aspect ratio value is correct
sentry_log value is set
local_logging value is set
sentry_initialization value is set
sentry_debugging value is set
showPreRewardedDialogue value is set
showPostRewardedDialogue value is set
isSkipable value is set
{"cache_ttl":10080,"cache_ttl_rewarded":10080,"cache_ttl_banner":10080,"cache_ttl_native":10080,"cache_ttl_icon":10080,"campaigns":[{"campaignID":"9277","attribution_link":"","attribution":1,"priority":"5","appToPromote":{"appToPromoteID":"17609","usesDefaultFrameImage":"0","usesDefaultCloseImage":"0","marketURL":"https:\/\/smartbear.com\/learn\/automated-testing\/test-automation-frameworks\/","packageID":"com.buntoo.buntooAd"},"showTemplate":1,"s2s_tracking_url":"","activeCreativeID":"4702","scenes":["1","2","6","4","5"],"campaignAdType":"Interstitial","productId":"","purchaseBit":0,"licenseKey":""},{"campaignID":"9278","attribution":0,"priority":"5","appToPromote":{"appToPromoteID":"17609","usesDefaultFrameImage":"0","usesDefaultCloseImage":"0","marketURL":"https:\/\/smartbear.com\/learn\/automated-testing\/test-automation-frameworks\/","packageID":"com.buntoo.buntooAd"},"showTemplate":1,"s2s_tracking_url":"https:\/\/smartbear.com\/learn\/automated-testing\/test-automation-frameworks\/","activeCreativeID":"4701","scenes":["1","2","6","4","5"],"campaignAdType":"Interstitial","productId":"","purchaseBit":0,"licenseKey":""},{"campaignID":"9279","attribution":0,"priority":"5","appToPromote":{"appToPromoteID":"17609","usesDefaultFrameImage":"0","usesDefaultCloseImage":"0","marketURL":"https:\/\/smartbear.com\/learn\/automated-testing\/test-automation-frameworks\/","packageID":"com.buntoo.buntooAd"},"showTemplate":1,"s2s_tracking_url":"https:\/\/smartbear.com\/learn\/automated-testing\/test-automation-frameworks\/","activeCreativeID":"4701","scenes":["1","2","6","4","5"],"campaignAdType":"Interstitial","productId":"","purchaseBit":0,"licenseKey":""},{"campaignID":"9280","attribution":0,"priority":"5","appToPromote":{"appToPromoteID":"17609","usesDefaultFrameImage":"0","usesDefaultCloseImage":"0","marketURL":"https:\/\/smartbear.com\/learn\/automated-testing\/test-automation-frameworks\/","packageID":"com.buntoo.buntooAd"},"showTemplate":1,"s2s_tracking_url":"https:\/\/smartbear.com\/learn\/automated-testing\/test-automation-frameworks\/","activeCreativeID":"4701","scenes":["1","2","6","4","5"],"campaignAdType":"Interstitial","productId":"","purchaseBit":0,"licenseKey":""},{"campaignID":"9281","attribution":0,"priority":"5","appToPromote":{"appToPromoteID":"17609","usesDefaultFrameImage":"0","usesDefaultCloseImage":"0","marketURL":"https:\/\/smartbear.com\/learn\/automated-testing\/test-automation-frameworks\/","packageID":"com.buntoo.buntooAd"},"showTemplate":1,"s2s_tracking_url":"https:\/\/smartbear.com\/learn\/automated-testing\/test-automation-frameworks\/","activeCreativeID":"4701","scenes":["1","2","6","4","5"],"campaignAdType":"Interstitial","productId":"","purchaseBit":0,"licenseKey":""},{"campaignID":"9282","attribution":0,"priority":"5","appToPromote":{"appToPromoteID":"17609","usesDefaultFrameImage":"0","usesDefaultCloseImage":"0","marketURL":"https:\/\/smartbear.com\/learn\/automated-testing\/test-automation-frameworks\/","packageID":"com.buntoo.buntooAd"},"showTemplate":1,"s2s_tracking_url":"https:\/\/smartbear.com\/learn\/automated-testing\/test-automation-frameworks\/","activeCreativeID":"4701","scenes":["1","2","6","4","5"],"campaignAdType":"Interstitial","productId":"","purchaseBit":0,"licenseKey":""},{"campaignID":"9283","attribution":0,"priority":"5","appToPromote":{"appToPromoteID":"17609","usesDefaultFrameImage":"0","usesDefaultCloseImage":"0","marketURL":"https:\/\/smartbear.com\/learn\/automated-testing\/test-automation-frameworks\/","packageID":"com.buntoo.buntooAd"},"showTemplate":1,"s2s_tracking_url":"https:\/\/smartbear.com\/learn\/automated-testing\/test-automation-frameworks\/","activeCreativeID":"4701","scenes":["1","2","6","4","5"],"campaignAdType":"Interstitial","productId":"","purchaseBit":0,"licenseKey":""},{"campaignID":"9285","attribution":0,"priority":"5","appToPromote":{"appToPromoteID":"14746","usesDefaultFrameImage":"0","usesDefaultCloseImage":"0","marketURL":"https:\/\/play.google.com\/store\/apps\/details?id=com.buntoo.army.bus.parking","packageID":"com.buntoo.army.bus.parking"},"showTemplate":1,"s2s_tracking_url":"https:\/\/play.google.com\/store\/apps\/details?id=com.buntoo.army.bus.parking","activeCreativeID":"4710","scenes":["1","2","6","4","5"],"campaignAdType":"Interstitial","productId":"","purchaseBit":0,"licenseKey":""},{"campaignID":"9287","attribution":0,"priority":"5","appToPromote":{"appToPromoteID":"14746","usesDefaultFrameImage":"0","usesDefaultCloseImage":"0","marketURL":"https:\/\/play.google.com\/store\/apps\/details?id=com.buntoo.army.bus.parking","packageID":"com.buntoo.army.bus.parking"},"showTemplate":1,"s2s_tracking_url":"https:\/\/play.google.com\/store\/apps\/details?id=com.buntoo.army.bus.parking","activeCreativeID":"4710","scenes":["1","2","6","4","5"],"campaignAdType":"Interstitial","productId":"","purchaseBit":0,"licenseKey":""},{"campaignID":"9289","attribution":0,"priority":"5","appToPromote":{"appToPromoteID":"17609","usesDefaultFrameImage":"0","usesDefaultCloseImage":"0","marketURL":"https:\/\/smartbear.com\/learn\/automated-testing\/test-automation-frameworks\/","packageID":"com.buntoo.buntooAd"},"showTemplate":1,"s2s_tracking_url":"https:\/\/smartbear.com\/learn\/automated-testing\/test-automation-frameworks\/","activeCreativeID":"4701","scenes":["1","2","6","4","5"],"campaignAdType":"Interstitial","productId":"","purchaseBit":0,"licenseKey":""},{"campaignID":"9290","attribution":0,"priority":"5","appToPromote":{"appToPromoteID":"17609","usesDefaultFrameImage":"0","usesDefaultCloseImage":"0","marketURL":"https:\/\/smartbear.com\/learn\/automated-testing\/test-automation-frameworks\/","packageID":"com.buntoo.buntooAd"},"showTemplate":1,"s2s_tracking_url":"https:\/\/smartbear.com\/learn\/automated-testing\/test-automation-frameworks\/","activeCreativeID":"4701","scenes":["1","2","6","4","5"],"campaignAdType":"Interstitial","productId":"","purchaseBit":0,"licenseKey":""},{"campaignID":"9293","attribution":0,"priority":"5","appToPromote":{"appToPromoteID":"17609","usesDefaultFrameImage":"0","usesDefaultCloseImage":"0","marketURL":"https:\/\/smartbear.com\/learn\/automated-testing\/test-automation-frameworks\/","packageID":"com.buntoo.buntooAd"},"showTemplate":1,"s2s_tracking_url":"https:\/\/smartbear.com\/learn\/automated-testing\/test-automation-frameworks\/","activeCreativeID":"4701","scenes":["1","2","6","4","5"],"campaignAdType":"Interstitial","productId":"","purchaseBit":0,"licenseKey":""},{"campaignID":"9296","attribution":0,"priority":"5","appToPromote":{"appToPromoteID":"17609","usesDefaultFrameImage":"0","usesDefaultCloseImage":"0","marketURL":"https:\/\/smartbear.com\/learn\/automated-testing\/test-automation-frameworks\/","packageID":"com.buntoo.buntooAd"},"showTemplate":1,"s2s_tracking_url":"https:\/\/smartbear.com\/learn\/automated-testing\/test-automation-frameworks\/","activeCreativeID":"4701","scenes":["1","2","6","4","5"],"campaignAdType":"Interstitial","productId":"","purchaseBit":0,"licenseKey":""},{"campaignID":"9297","attribution":0,"priority":"5","appToPromote":{"appToPromoteID":"17609","usesDefaultFrameImage":"0","usesDefaultCloseImage":"0","marketURL":"https:\/\/smartbear.com\/learn\/automated-testing\/test-automation-frameworks\/","packageID":"com.buntoo.buntooAd"},"showTemplate":1,"s2s_tracking_url":"https:\/\/smartbear.com\/learn\/automated-testing\/test-automation-frameworks\/","activeCreativeID":"4701","scenes":["1","2","6","4","5"],"campaignAdType":"Interstitial","productId":"","purchaseBit":0,"licenseKey":""},{"campaignID":"9299","attribution":0,"priority":"5","appToPromote":{"appToPromoteID":"17609","usesDefaultFrameImage":"0","usesDefaultCloseImage":"0","marketURL":"https:\/\/smartbear.com\/learn\/automated-testing\/test-automation-frameworks\/","packageID":"com.buntoo.buntooAd"},"showTemplate":1,"s2s_tracking_url":"https:\/\/smartbear.com\/learn\/automated-testing\/test-automation-frameworks\/","activeCreativeID":"4701","scenes":["1","2","6","4","5"],"campaignAdType":"Interstitial","productId":"","purchaseBit":0,"licenseKey":""},{"campaignID":"9301","attribution":0,"priority":"5","appToPromote":{"appToPromoteID":"17609","usesDefaultFrameImage":"0","usesDefaultCloseImage":"0","marketURL":"https:\/\/smartbear.com\/learn\/automated-testing\/test-automation-frameworks\/","packageID":"com.buntoo.buntooAd"},"showTemplate":1,"s2s_tracking_url":"https:\/\/smartbear.com\/learn\/automated-testing\/test-automation-frameworks\/","activeCreativeID":"4701","scenes":["1","2","6","4","5"],"campaignAdType":"Interstitial","productId":"","purchaseBit":0,"licenseKey":""},{"campaignID":"9305","attribution":0,"priority":"5","appToPromote":{"appToPromoteID":"14746","usesDefaultFrameImage":"0","usesDefaultCloseImage":"0","marketURL":"https:\/\/play.google.com\/store\/apps\/details?id=com.buntoo.army.bus.parking","packageID":"com.buntoo.army.bus.parking"},"showTemplate":1,"s2s_tracking_url":"https:\/\/play.google.com\/store\/apps\/details?id=com.buntoo.army.bus.parking","activeCreativeID":"4710","scenes":["1","2","6","4","5"],"campaignAdType":"Interstitial","productId":"","purchaseBit":0,"licenseKey":""},{"campaignID":"48","attribution":0,"priority":"5","appToPromote":{"appToPromoteID":"1074","usesDefaultFrameImage":"1","usesDefaultCloseImage":"1","marketURL":"https:\/\/play.google.com\/store\/apps\/details?id=com.mizo.construction.crane.hill.climb","packageID":"com.mizo.construction.crane.hill.climb"},"showTemplate":1,"s2s_tracking_url":"https:\/\/play.google.com\/store\/apps\/details?id=com.mizo.construction.crane.hill.climb","activeCreativeID":"65","scenes":["1","2","6","4","5"],"campaignAdType":"Interstitial","productId":"","purchaseBit":0,"licenseKey":""},{"campaignID":"50","attribution":0,"priority":"5","appToPromote":{"appToPromoteID":"1221","usesDefaultFrameImage":"1","usesDefaultCloseImage":"1","marketURL":"https:\/\/play.google.com\/store\/apps\/details?id=com.mizo.offroad.hill.climb","packageID":"com.mizo.offroad.hill.climb"},"showTemplate":1,"s2s_tracking_url":"https:\/\/play.google.com\/store\/apps\/details?id=com.mizo.offroad.hill.climb","activeCreativeID":"67","scenes":["1","2","6","4","5"],"campaignAdType":"Interstitial","productId":"","purchaseBit":0,"licenseKey":""},{"campaignID":"67","attribution":0,"priority":"5","appToPromote":{"appToPromoteID":"1306","usesDefaultFrameImage":"1","usesDefaultCloseImage":"1","marketURL":"https:\/\/play.google.com\/store\/apps\/details?id=com.mizo.extreme.heavy.truck","packageID":"com.mizo.extreme.heavy.truck"},"showTemplate":1,"s2s_tracking_url":"https:\/\/play.google.com\/store\/apps\/details?id=com.mizo.extreme.heavy.truck","activeCreativeID":"85","scenes":["1","2","6","4","5"],"campaignAdType":"Interstitial","productId":"","purchaseBit":0,"licenseKey":""},{"campaignID":"73","attribution":0,"priority":"5","appToPromote":{"appToPromoteID":"1458","usesDefaultFrameImage":"1","usesDefaultCloseImage":"1","marketURL":"https:\/\/play.google.com\/store\/apps\/details?id=com.mizo.army.prisoner.transport.simulator","packageID":"com.mizo.army.prisoner.transport.simulator"},"showTemplate":1,"s2s_tracking_url":"https:\/\/play.google.com\/store\/apps\/details?id=com.mizo.army.prisoner.transport.simulator","activeCreativeID":"93","scenes":["1","2","6","4","5"],"campaignAdType":"Interstitial","productId":"","purchaseBit":0,"licenseKey":""},{"campaignID":"74","attribution":0,"priority":"5","appToPromote":{"appToPromoteID":"1449","usesDefaultFrameImage":"1","usesDefaultCloseImage":"1","marketURL":"https:\/\/play.google.com\/store\/apps\/details?id=com.brilliantgamez.army.prisoners.transport.plane","packageID":"com.brilliantgamez.army.prisoners.transport.plane"},"showTemplate":1,"s2s_tracking_url":"https:\/\/play.google.com\/store\/apps\/details?id=com.brilliantgamez.army.prisoners.transport.plane","activeCreativeID":"94","scenes":["1","2","6","4","5"],"campaignAdType":"Interstitial","productId":"","purchaseBit":0,"licenseKey":""},{"campaignID":"78","attribution":0,"priority":"5","appToPromote":{"appToPromoteID":"1632","usesDefaultFrameImage":"1","usesDefaultCloseImage":"1","marketURL":"https:\/\/play.google.com\/store\/apps\/details?id=com.mizo.road.builder.city.construction","packageID":"com.mizo.road.builder.city.construction"},"showTemplate":1,"s2s_tracking_url":"https:\/\/play.google.com\/store\/apps\/details?id=com.mizo.road.builder.city.construction","activeCreativeID":"97","scenes":["1","2","6","4","5"],"campaignAdType":"Interstitial","productId":"","purchaseBit":0,"licenseKey":""},{"campaignID":"80","attribution":0,"priority":"5","appToPromote":{"appToPromoteID":"1675","usesDefaultFrameImage":"1","usesDefaultCloseImage":"1","marketURL":"https:\/\/play.google.com\/store\/apps\/details?id=com.mizo.flip.bottle.shooting.expert","packageID":"com.mizo.flip.bottle.shooting.expert"},"showTemplate":1,"s2s_tracking_url":"https:\/\/play.google.com\/store\/apps\/details?id=com.mizo.flip.bottle.shooting.expert","activeCreativeID":"100","scenes":["1","2","6","4","5"],"campaignAdType":"Interstitial","productId":"","purchaseBit":0,"licenseKey":""},{"campaignID":"110","attribution":0,"priority":"5","appToPromote":{"appToPromoteID":"1853","usesDefaultFrameImage":"1","usesDefaultCloseImage":"1","marketURL":"https:\/\/play.google.com\/store\/apps\/details?id=com.mizo.police.airplane.transporter","packageID":"com.mizo.police.airplane.transporter"},"showTemplate":1,"s2s_tracking_url":"https:\/\/play.google.com\/store\/apps\/details?id=com.mizo.police.airplane.transporter","activeCreativeID":"137","scenes":["1","2","6","4","5"],"campaignAdType":"Interstitial","productId":"","purchaseBit":0,"licenseKey":""},{"campaignID":"143","attribution":0,"priority":"5","appToPromote":{"appToPromoteID":"2089","usesDefaultFrameImage":"0","usesDefaultCloseImage":"0","marketURL":"https:\/\/play.google.com\/store\/apps\/details?id=com.mizo.sports.car.mechanic","packageID":"com.mizo.sports.car.mechanic"},"showTemplate":1,"s2s_tracking_url":"https:\/\/play.google.com\/store\/apps\/details?id=com.mizo.sports.car.mechanic","activeCreativeID":"184","scenes":["1","2","6","4","5"],"campaignAdType":"Interstitial","productId":"","purchaseBit":0,"licenseKey":""},{"campaignID":"147","attribution":0,"priority":"5","appToPromote":{"appToPromoteID":"2085","usesDefaultFrameImage":"0","usesDefaultCloseImage":"0","marketURL":"https:\/\/play.google.com\/store\/apps\/details?id=com.mizo.robot.gang.mafia","packageID":"com.mizo.robot.gang.mafia"},"showTemplate":1,"s2s_tracking_url":"https:\/\/play.google.com\/store\/apps\/details?id=com.mizo.robot.gang.mafia","activeCreativeID":"188","scenes":["1","2","6","4","5"],"campaignAdType":"Interstitial","productId":"","purchaseBit":0,"licenseKey":""},{"campaignID":"227","attribution":0,"priority":"5","appToPromote":{"appToPromoteID":"2571","usesDefaultFrameImage":"0","usesDefaultCloseImage":"0","marketURL":"https:\/\/play.google.com\/store\/apps\/details?id=com.mizo.raft.suvival","packageID":"com.mizo.raft.suvival"},"showTemplate":1,"s2s_tracking_url":"https:\/\/play.google.com\/store\/apps\/details?id=com.mizo.raft.suvival","activeCreativeID":"302","scenes":["1","2","6","4","5"],"campaignAdType":"Interstitial","productId":"","purchaseBit":0,"licenseKey":""},{"campaignID":"317","attribution":0,"priority":"5","appToPromote":{"appToPromoteID":"2723","usesDefaultFrameImage":"0","usesDefaultCloseImage":"0","marketURL":"https:\/\/play.google.com\/store\/apps\/details?id=com.mizo.helicopter.rescue","packageID":"com.mizo.helicopter.rescue"},"showTemplate":1,"s2s_tracking_url":"https:\/\/play.google.com\/store\/apps\/details?id=com.mizo.helicopter.rescue","activeCreativeID":"324","scenes":["1","2","6","4","5"],"campaignAdType":"Interstitial","productId":"","purchaseBit":0,"licenseKey":""},{"campaignID":"367","attribution":0,"priority":"5","appToPromote":{"appToPromoteID":"2911","usesDefaultFrameImage":"0","usesDefaultCloseImage":"0","marketURL":"https:\/\/play.google.com\/store\/apps\/details?id=com.mizo.police.ship.transporter","packageID":"com.mizo.police.ship.transporter"},"showTemplate":1,"s2s_tracking_url":"https:\/\/play.google.com\/store\/apps\/details?id=com.mizo.police.ship.transporter","activeCreativeID":"383","scenes":["1","2","6","4","5"],"campaignAdType":"Interstitial","productId":"","purchaseBit":0,"licenseKey":""},{"campaignID":"390","attribution":0,"priority":"5","appToPromote":{"appToPromoteID":"3077","usesDefaultFrameImage":"0","usesDefaultCloseImage":"0","marketURL":"https:\/\/play.google.com\/store\/apps\/details?id=com.mizo.transformer.shooting","packageID":"com.mizo.transformer.shooting"},"showTemplate":1,"s2s_tracking_url":"https:\/\/play.google.com\/store\/apps\/details?id=com.mizo.transformer.shooting","activeCreativeID":"441","scenes":["1","2","6","4","5"],"campaignAdType":"Interstitial","productId":"","purchaseBit":0,"licenseKey":""},{"campaignID":"408","attribution":0,"priority":"5","appToPromote":{"appToPromoteID":"3095","usesDefaultFrameImage":"0","usesDefaultCloseImage":"0","marketURL":"https:\/\/play.google.com\/store\/apps\/details?id=com.mizo.superhero.robot","packageID":"com.mizo.superhero.robot"},"showTemplate":1,"s2s_tracking_url":"https:\/\/play.google.com\/store\/apps\/details?id=com.mizo.superhero.robot","activeCreativeID":"443","scenes":["1","2","6","4","5"],"campaignAdType":"Interstitial","productId":"","purchaseBit":0,"licenseKey":""},{"campaignID":"410","attribution":0,"priority":"5","appToPromote":{"appToPromoteID":"3145","usesDefaultFrameImage":"0","usesDefaultCloseImage":"0","marketURL":"https:\/\/play.google.com\/store\/apps\/details?id=com.mizo.extreme.bikerider","packageID":"com.mizo.extreme.bikerider"},"showTemplate":1,"s2s_tracking_url":"https:\/\/play.google.com\/store\/apps\/details?id=com.mizo.extreme.bikerider","activeCreativeID":"448","scenes":["1","2","6","4","5"],"campaignAdType":"Interstitial","productId":"","purchaseBit":0,"licenseKey":""},{"campaignID":"428","attribution":0,"priority":"5","appToPromote":{"appToPromoteID":"3250","usesDefaultFrameImage":"0","usesDefaultCloseImage":"0","marketURL":"https:\/\/play.google.com\/store\/apps\/details?id=com.mizo.bicycle.stunt.racer","packageID":"com.mizo.bicycle.stunt.racer"},"showTemplate":1,"s2s_tracking_url":"https:\/\/play.google.com\/store\/apps\/details?id=com.mizo.bicycle.stunt.racer","activeCreativeID":"472","scenes":["1","2","6","4","5"],"campaignAdType":"Interstitial","productId":"","purchaseBit":0,"licenseKey":""},{"campaignID":"429","attribution":0,"priority":"5","appToPromote":{"appToPromoteID":"3253","usesDefaultFrameImage":"0","usesDefaultCloseImage":"0","marketURL":"https:\/\/play.google.com\/store\/apps\/details?id=com.mizo.rooftop.stunts","packageID":"com.mizo.rooftop.stunts"},"showTemplate":1,"s2s_tracking_url":"https:\/\/play.google.com\/store\/apps\/details?id=com.mizo.rooftop.stunts","activeCreativeID":"474","scenes":["1","2","6","4","5"],"campaignAdType":"Interstitial","productId":"","purchaseBit":0,"licenseKey":""},{"campaignID":"456","attribution":0,"priority":"5","appToPromote":{"appToPromoteID":"2448","usesDefaultFrameImage":"0","usesDefaultCloseImage":"0","marketURL":"https:\/\/play.google.com\/store\/apps\/details?id=com.mizo.battle.simulator","packageID":"com.mizo.battle.simulator"},"showTemplate":1,"s2s_tracking_url":"https:\/\/play.google.com\/store\/apps\/details?id=com.mizo.battle.simulator","activeCreativeID":"503","scenes":["1","2","6","4","5"],"campaignAdType":"Interstitial","productId":"","purchaseBit":0,"licenseKey":""},{"campaignID":"482","attribution":0,"priority":"5","appToPromote":{"appToPromoteID":"2877","usesDefaultFrameImage":"0","usesDefaultCloseImage":"0","marketURL":"https:\/\/play.google.com\/store\/apps\/details?id=com.mizo.underwater.tourist.bus","packageID":"com.mizo.underwater.tourist.bus"},"showTemplate":1,"s2s_tracking_url":"https:\/\/play.google.com\/store\/apps\/details?id=com.mizo.underwater.tourist.bus","activeCreativeID":"540","scenes":["1","2","6","4","5"],"campaignAdType":"Interstitial","productId":"","purchaseBit":0,"licenseKey":""},{"campaignID":"490","attribution":0,"priority":"5","appToPromote":{"appToPromoteID":"3518","usesDefaultFrameImage":"0","usesDefaultCloseImage":"0","marketURL":"https:\/\/play.google.com\/store\/apps\/details?id=com.crazyneuron.superhero.robot.world","packageID":"com.crazyneuron.superhero.robot.world"},"showTemplate":1,"s2s_tracking_url":"https:\/\/play.google.com\/store\/apps\/details?id=com.crazyneuron.superhero.robot.world","activeCreativeID":"550","scenes":["1","2","6","4","5"],"campaignAdType":"Interstitial","productId":"","purchaseBit":0,"licenseKey":""},{"campaignID":"501","attribution":0,"priority":"5","appToPromote":{"appToPromoteID":"3579","usesDefaultFrameImage":"0","usesDefaultCloseImage":"0","marketURL":"https:\/\/play.google.com\/store\/apps\/details?id=com.crazyneuron.us.army.transport","packageID":"com.crazyneuron.us.army.transport"},"showTemplate":1,"s2s_tracking_url":"https:\/\/play.google.com\/store\/apps\/details?id=com.crazyneuron.us.army.transport","activeCreativeID":"577","scenes":["1","2","6","4","5"],"campaignAdType":"Interstitial","productId":"","purchaseBit":0,"licenseKey":""},{"campaignID":"512","attribution":0,"priority":"5","appToPromote":{"appToPromoteID":"3683","usesDefaultFrameImage":"0","usesDefaultCloseImage":"0","marketURL":"https:\/\/play.google.com\/store\/apps\/details?id=com.mizo.plane.landing","packageID":"com.mizo.plane.landing"},"showTemplate":1,"s2s_tracking_url":"https:\/\/play.google.com\/store\/apps\/details?id=com.mizo.plane.landing","activeCreativeID":"594","scenes":["1","2","6","4","5"],"campaignAdType":"Interstitial","productId":"","purchaseBit":0,"licenseKey":""},{"campaignID":"6210","attribution":0,"priority":"5","appToPromote":{"appToPromoteID":"11566","usesDefaultFrameImage":"0","usesDefaultCloseImage":"0","marketURL":"https:\/\/play.google.com\/store\/apps\/details?id=com.mizo.line.drawing.puzzle.game","packageID":"com.mizo.line.drawing.puzzle.game"},"showTemplate":1,"s2s_tracking_url":"https:\/\/play.google.com\/store\/apps\/details?id=com.mizo.line.drawing.puzzle.game","activeCreativeID":"1322","scenes":["1","2","6","4","5"],"campaignAdType":"Video","productId":"","purchaseBit":0,"licenseKey":""},{"campaignID":"6213","attribution":0,"priority":"5","appToPromote":{"appToPromoteID":"11633","usesDefaultFrameImage":"0","usesDefaultCloseImage":"0","marketURL":"https:\/\/play.google.com\/store\/apps\/details?id=com.mizo.car.driving.simulator","packageID":"com.mizo.car.driving.simulator"},"showTemplate":1,"s2s_tracking_url":"https:\/\/play.google.com\/store\/apps\/details?id=com.mizo.car.driving.simulator","activeCreativeID":"1325","scenes":["1","2","6","4","5"],"campaignAdType":"Video","productId":"","purchaseBit":0,"licenseKey":""},{"campaignID":"6214","attribution":0,"priority":"5","appToPromote":{"appToPromoteID":"11661","usesDefaultFrameImage":"0","usesDefaultCloseImage":"0","marketURL":"https:\/\/play.google.com\/store\/apps\/details?id=com.mizo.car.tycoon.game","packageID":"com.mizo.car.tycoon.game"},"showTemplate":1,"s2s_tracking_url":"https:\/\/play.google.com\/store\/apps\/details?id=com.mizo.car.tycoon.game","activeCreativeID":"1326","scenes":["1","2","6","4","5"],"campaignAdType":"Video","productId":"","purchaseBit":0,"licenseKey":""},{"campaignID":"6254","attribution":0,"priority":"5","appToPromote":{"appToPromoteID":"11810","usesDefaultFrameImage":"0","usesDefaultCloseImage":"0","marketURL":"https:\/\/play.google.com\/store\/apps\/details?id=com.mizo.car.transporter.games","packageID":"com.mizo.car.transporter.games"},"showTemplate":1,"s2s_tracking_url":"https:\/\/play.google.com\/store\/apps\/details?id=com.mizo.car.transporter.games","activeCreativeID":"1370","scenes":["1","2","6","4","5"],"campaignAdType":"Video","productId":"","purchaseBit":0,"licenseKey":""},{"campaignID":"6256","attribution":0,"priority":"5","appToPromote":{"appToPromoteID":"11880","usesDefaultFrameImage":"0","usesDefaultCloseImage":"0","marketURL":"https:\/\/play.google.com\/store\/apps\/details?id=com.mizo.us.army.transporter","packageID":"com.mizo.us.army.transporter"},"showTemplate":1,"s2s_tracking_url":"https:\/\/play.google.com\/store\/apps\/details?id=com.mizo.us.army.transporter","activeCreativeID":"1372","scenes":["1","2","6","4","5"],"campaignAdType":"Video","productId":"","purchaseBit":0,"licenseKey":""},{"campaignID":"6264","attribution":0,"priority":"5","appToPromote":{"appToPromoteID":"11879","usesDefaultFrameImage":"0","usesDefaultCloseImage":"0","marketURL":"https:\/\/play.google.com\/store\/apps\/details?id=com.buntoo.car.racing.games","packageID":"com.buntoo.car.racing.games"},"showTemplate":1,"s2s_tracking_url":"https:\/\/play.google.com\/store\/apps\/details?id=com.buntoo.car.racing.games","activeCreativeID":"1380","scenes":["1","2","6","4","5"],"campaignAdType":"Video","productId":"","purchaseBit":0,"licenseKey":""},{"campaignID":"6363","attribution":0,"priority":"5","appToPromote":{"appToPromoteID":"12100","usesDefaultFrameImage":"0","usesDefaultCloseImage":"0","marketURL":"https:\/\/play.google.com\/store\/apps\/details?id=com.mizo.police.transport.shooting","packageID":"com.mizo.police.transport.shooting"},"showTemplate":1,"s2s_tracking_url":"https:\/\/play.google.com\/store\/apps\/details?id=com.mizo.police.transport.shooting","activeCreativeID":"1519","scenes":["1","2","6","4","5"],"campaignAdType":"Video","productId":"","purchaseBit":0,"licenseKey":""},{"campaignID":"6430","attribution":0,"priority":"5","appToPromote":{"appToPromoteID":"12340","usesDefaultFrameImage":"0","usesDefaultCloseImage":"0","marketURL":"https:\/\/play.google.com\/store\/apps\/details?id=com.buntoo.robot.car.transporter.games","packageID":"com.buntoo.robot.car.transporter.games"},"showTemplate":1,"s2s_tracking_url":"https:\/\/play.google.com\/store\/apps\/details?id=com.buntoo.robot.car.transporter.games","activeCreativeID":"1563","scenes":["1","2","6","4","5"],"campaignAdType":"Video","productId":"","purchaseBit":0,"licenseKey":""},{"campaignID":"6432","attribution":0,"priority":"5","appToPromote":{"appToPromoteID":"12565","usesDefaultFrameImage":"0","usesDefaultCloseImage":"0","marketURL":"https:\/\/play.google.com\/store\/apps\/details?id=com.mizo.train.gold.robbery.games","packageID":"com.mizo.train.gold.robbery.games"},"showTemplate":1,"s2s_tracking_url":"https:\/\/play.google.com\/store\/apps\/details?id=com.mizo.train.gold.robbery.games","activeCreativeID":"1565","scenes":["1","2","6","4","5"],"campaignAdType":"Video","productId":"","purchaseBit":0,"licenseKey":""},{"campaignID":"6445","attribution":0,"priority":"5","appToPromote":{"appToPromoteID":"12564","usesDefaultFrameImage":"0","usesDefaultCloseImage":"0","marketURL":"https:\/\/play.google.com\/store\/apps\/details?id=com.cradley.prison.escape.casino.robbery","packageID":"com.cradley.prison.escape.casino.robbery"},"showTemplate":1,"s2s_tracking_url":"https:\/\/play.google.com\/store\/apps\/details?id=com.cradley.prison.escape.casino.robbery","activeCreativeID":"1575","scenes":["1","2","6","4","5"],"campaignAdType":"Video","productId":"","purchaseBit":0,"licenseKey":""}],"refreshAdRate":30,"mode":"Production","aspectRatio":"4_3","cdnPath":"https:\/\/df8ymybeo92md.cloudfront.net\/images\/","sentry_log":0,"local_logging":0,"sentry_dsn":"https:\/\/93ffa1c9a4124f67b8888a53265f751a:bbf998e04584477fa9a145838e9d3b26@sentry.io\/168994","sentry_initialization":1,"sentry_debugging":0,"bannerSizes":[],"aspectRatioVideo":"16_9","app_id":"2343","showPreRewardedDialogue":0,"showPostRewardedDialogue":0,"rewardCurrency":"coins","rewardValue":0,"isSkipable":0,"privacyPolicyURL":"https:\/\/www.consoliads.com\/privacy-policy\/","sessionToken":"TFqr41xsxFCEuDP0F\/LVF\/lfwnmDy2u+cYIn2wKkFnpUJlH\/x52B4oZyzTronO\/H4Qo42W2oUsvF\/FJZQ5HKdnitSm0zoYOcYSD6kHzJbOHcyV+3bR8HudXInTmOlKpGunJDIZMMtZSEowgVYxw26CfdO5BYq0TR5TKmhjM\/HPk="}
Session token value is set


{"appKey":"e551eacd7ce4c379df2008130984e935","deviceID":"5605","stats":[{"campaignID":179,"packageID":"com.ubmgames.commando.survivor.modern.lone","sceneStats":[{"sceneID":"15","eventStats":"356,256,156,56,56,0,0"}]}],"sdkVersion":"26","sessionToken":"TFqr41xsxFCEuDP0F\/LVF\/lfwnmDy2u+cYIn2wKkFnpUJlH\/x52B4oZyzTronO\/H4Qo42W2oUsvF\/FJZQ5HKdnitSm0zoYOcYSD6kHzJbOHcyV+3bR8HudXInTmOlKpGunJDIZMMtZSEowgVYxw26CfdO5BYq0TR5TKmhjM\/HPk="}
cache_ttl value is correct

Refresh Ad Rate value is correct
mode value is set

 Aspect ratio value is correct
sentry_log value is set
local_logging value is set
sentry_initialization value is set
sentry_debugging value is set
showPreRewardedDialogue value is set
showPostRewardedDialogue value is set
isSkipable value is set
{"cache_ttl":10080,"cache_ttl_rewarded":10080,"cache_ttl_banner":10080,"cache_ttl_native":10080,"cache_ttl_icon":10080,"refreshAdRate":30,"mode":"Production","aspectRatio":"4_3","cdnPath":"https:\/\/df8ymybeo92md.cloudfront.net\/images\/","sentry_log":0,"local_logging":0,"sentry_dsn":"https:\/\/93ffa1c9a4124f67b8888a53265f751a:bbf998e04584477fa9a145838e9d3b26@sentry.io\/168994","sentry_initialization":1,"sentry_debugging":0,"bannerSizes":["5"],"aspectRatioVideo":"16_9","app_id":"1266","showPreRewardedDialogue":0,"showPostRewardedDialogue":0,"rewardCurrency":"coins","rewardValue":0,"isSkipable":0,"privacyPolicyURL":"https:\/\/www.consoliads.com\/privacy-policy\/","sessionToken":"qb8i3+r2+gHuYkZOouJdvfxK9FRxDrbJE+PQJv3lrtJvhWzUMP9O3fSQPwhumgikt\/sNfU9+06vXZ+04eS0mgS1vJOzl3p7+BmcSyBINi+Jn7yUOLtW6WwykGU96BAAf8UPa7KpZONoyfFoSdZ1GMpbfp9UnBJ+kD45ggi54rS8="}
Session token value is set


{"appKey":"dacfcc72736ec57f9871a90c24be611a","deviceID":"2683","stats":[{"campaignID":184,"packageID":"com.tgp.derby.cartransporttruck","sceneStats":[{"sceneID":"7","eventStats":"327,227,127,27,27,0,0"}]}],"sdkVersion":"39","sessionToken":"qb8i3+r2+gHuYkZOouJdvfxK9FRxDrbJE+PQJv3lrtJvhWzUMP9O3fSQPwhumgikt\/sNfU9+06vXZ+04eS0mgS1vJOzl3p7+BmcSyBINi+Jn7yUOLtW6WwykGU96BAAf8UPa7KpZONoyfFoSdZ1GMpbfp9UnBJ+kD45ggi54rS8="}
cache_ttl value is correct

Refresh Ad Rate value is correct
mode value is set

 Aspect ratio value is correct
sentry_log value is set
local_logging value is set
sentry_initialization value is set
sentry_debugging value is set
showPreRewardedDialogue value is set
showPostRewardedDialogue value is set
isSkipable value is set
{"cache_ttl":10080,"cache_ttl_rewarded":10080,"cache_ttl_banner":10080,"cache_ttl_native":10080,"cache_ttl_icon":10080,"campaigns":[{"campaignID":"8378","attribution":0,"priority":"8","appToPromote":{"appToPromoteID":"16480","usesDefaultFrameImage":"0","usesDefaultCloseImage":"0","marketURL":"https:\/\/play.google.com\/store\/apps\/details?id=com.nag.home.manager.working.virtual.mom","packageID":"com.GSS317.AmazingFamily"},"showTemplate":1,"s2s_tracking_url":"https:\/\/play.google.com\/store\/apps\/details?id=com.nag.home.manager.working.virtual.mom","activeCreativeID":"3720","scenes":["12","1","8","6","15","2"],"campaignAdType":"Interstitial","productId":"","purchaseBit":0,"licenseKey":""},{"campaignID":"9547","attribution":0,"priority":"8","appToPromote":{"appToPromoteID":"11879","usesDefaultFrameImage":"0","usesDefaultCloseImage":"0","marketURL":"https:\/\/play.google.com\/store\/apps\/details?id=com.buntoo.car.racing.games","packageID":"com.buntoo.car.racing.games"},"showTemplate":1,"s2s_tracking_url":"https:\/\/play.google.com\/store\/apps\/details?id=com.buntoo.car.racing.games","activeCreativeID":"4964","scenes":["12","1","8","6","15","2"],"campaignAdType":"Interstitial","productId":"","purchaseBit":0,"licenseKey":""},{"campaignID":"9586","attribution":0,"priority":"8","appToPromote":{"appToPromoteID":"515","usesDefaultFrameImage":"1","usesDefaultCloseImage":"1","marketURL":"https:\/\/play.google.com\/store\/apps\/details?id=com.plum.cash.counter.simualtor","packageID":"com.plum.cash.counter.simualtor"},"showTemplate":1,"s2s_tracking_url":"https:\/\/play.google.com\/store\/apps\/details?id=com.plum.cash.counter.simualtor","activeCreativeID":"50","scenes":["12","1","8","6","15","2"],"campaignAdType":"Interstitial","productId":"","purchaseBit":0,"licenseKey":""},{"campaignID":"9587","attribution":0,"priority":"8","appToPromote":{"appToPromoteID":"515","usesDefaultFrameImage":"1","usesDefaultCloseImage":"1","marketURL":"https:\/\/play.google.com\/store\/apps\/details?id=com.plum.cash.counter.simualtor","packageID":"com.plum.cash.counter.simualtor"},"showTemplate":1,"s2s_tracking_url":"https:\/\/play.google.com\/store\/apps\/details?id=com.plum.cash.counter.simualtor","activeCreativeID":"50","scenes":["12","1","8","6","15","2"],"campaignAdType":"Interstitial","productId":"","purchaseBit":0,"licenseKey":""},{"campaignID":"9588","attribution":0,"priority":"8","appToPromote":{"appToPromoteID":"515","usesDefaultFrameImage":"1","usesDefaultCloseImage":"1","marketURL":"https:\/\/play.google.com\/store\/apps\/details?id=com.plum.cash.counter.simualtor","packageID":"com.plum.cash.counter.simualtor"},"showTemplate":1,"s2s_tracking_url":"https:\/\/play.google.com\/store\/apps\/details?id=com.plum.cash.counter.simualtor","activeCreativeID":"50","scenes":["12","1","8","6","15","2"],"campaignAdType":"Interstitial","productId":"","purchaseBit":0,"licenseKey":""},{"campaignID":"9589","attribution":0,"priority":"8","appToPromote":{"appToPromoteID":"515","usesDefaultFrameImage":"1","usesDefaultCloseImage":"1","marketURL":"https:\/\/play.google.com\/store\/apps\/details?id=com.plum.cash.counter.simualtor","packageID":"com.plum.cash.counter.simualtor"},"showTemplate":1,"s2s_tracking_url":"https:\/\/play.google.com\/store\/apps\/details?id=com.plum.cash.counter.simualtor","activeCreativeID":"50","scenes":["12","1","8","6","15","2"],"campaignAdType":"Interstitial","productId":"","purchaseBit":0,"licenseKey":""},{"campaignID":"9131","attribution":0,"priority":"8","appToPromote":{"appToPromoteID":"17532","usesDefaultFrameImage":"0","usesDefaultCloseImage":"0","marketURL":"https:\/\/play.google.com\/store\/apps\/details?id=com.dhgate.buyermob","packageID":"com.dhgate.buyermob"},"showTemplate":1,"s2s_tracking_url":"https:\/\/tha.gotrackier.com\/click?campaign_id=63254\\u0026pub_id=75?p1=2269_9131_2683&amp;source=6841&amp;app_name=DerbyCarTransportTruck&amp;gaid=2683","activeCreativeID":"4483","scenes":["12","1","8","6","15","2"],"campaignAdType":"Interstitial","productId":"","purchaseBit":0,"licenseKey":""},{"campaignID":"8380","attribution_link":"","attribution":1,"priority":"7","appToPromote":{"appToPromoteID":"16480","usesDefaultFrameImage":"0","usesDefaultCloseImage":"0","marketURL":"https:\/\/play.google.com\/store\/apps\/details?id=com.nag.home.manager.working.virtual.mom","packageID":"com.GSS317.AmazingFamily"},"showTemplate":1,"s2s_tracking_url":"","activeCreativeID":"3720","scenes":["12","1","8","6","15","2"],"campaignAdType":"Interstitial","productId":"","purchaseBit":0,"licenseKey":""},{"campaignID":"444","attribution":0,"priority":"6","appToPromote":{"appToPromoteID":"3355","usesDefaultFrameImage":"0","usesDefaultCloseImage":"0","marketURL":"https:\/\/play.google.com\/store\/apps\/details?id=com.popnsons.parkour.mouse","packageID":"com.popnsons.parkour.mouse"},"showTemplate":1,"s2s_tracking_url":"https:\/\/play.google.com\/store\/apps\/details?id=com.popnsons.parkour.mouse","activeCreativeID":"469","scenes":["12","1","8","6","15","2"],"campaignAdType":"Interstitial","productId":"","purchaseBit":0,"licenseKey":""},{"campaignID":"561","attribution":0,"priority":"6","appToPromote":{"appToPromoteID":"5026","usesDefaultFrameImage":"0","usesDefaultCloseImage":"0","marketURL":"https:\/\/play.google.com\/store\/apps\/details?id=com.as.cashupapp","packageID":"com.as.cashupapp"},"showTemplate":1,"s2s_tracking_url":"https:\/\/play.google.com\/store\/apps\/details?id=com.as.cashupapp","activeCreativeID":"652","scenes":["12","1","8","6","15","2"],"campaignAdType":"Interstitial","productId":"","purchaseBit":0,"licenseKey":""},{"campaignID":"570","attribution":0,"priority":"6","appToPromote":{"appToPromoteID":"3802","usesDefaultFrameImage":"0","usesDefaultCloseImage":"0","marketURL":"https:\/\/play.google.com\/store\/apps\/details?id=com.Madxstudios.Flickshootsoccer","packageID":"com.Madxstudios.Flickshootsoccer"},"showTemplate":1,"s2s_tracking_url":"https:\/\/play.google.com\/store\/apps\/details?id=com.Madxstudios.Flickshootsoccer","activeCreativeID":"661","scenes":["12","1","8","6","15","2"],"campaignAdType":"Interstitial","productId":"","purchaseBit":0,"licenseKey":""},{"campaignID":"588","attribution":0,"priority":"6","appToPromote":{"appToPromoteID":"5026","usesDefaultFrameImage":"0","usesDefaultCloseImage":"0","marketURL":"https:\/\/play.google.com\/store\/apps\/details?id=com.as.cashupapp","packageID":"com.as.cashupapp"},"showTemplate":1,"s2s_tracking_url":"https:\/\/play.google.com\/store\/apps\/details?id=com.as.cashupapp","activeCreativeID":"652","scenes":["12","1","8","6","15","2"],"campaignAdType":"Interstitial","productId":"","purchaseBit":0,"licenseKey":""},{"campaignID":"8808","attribution_link":"","attribution":1,"priority":"5","appToPromote":{"appToPromoteID":"16528","usesDefaultFrameImage":"0","usesDefaultCloseImage":"0","marketURL":"https:\/\/play.google.com\/store\/apps\/details?id=com.bag.farm.day.village.farming.games","packageID":"com.GSS317.com.bag.farm.day.village.farming.games"},"showTemplate":1,"s2s_tracking_url":"","activeCreativeID":"3775","scenes":["12","1","8","6","15","2"],"campaignAdType":"Interstitial","productId":"","purchaseBit":0,"licenseKey":""},{"campaignID":"8973","attribution":0,"priority":"5","appToPromote":{"appToPromoteID":"15974","usesDefaultFrameImage":"0","usesDefaultCloseImage":"0","marketURL":"https:\/\/play.google.com\/store\/apps\/details?id=com.mustardgames.bmx.cycle.stunt.mega.ramp.impossibletracks","packageID":"com.mustardgames.bmx.cycle.stunt.mega.ramp.impossibletracks"},"showTemplate":1,"s2s_tracking_url":"https:\/\/play.google.com\/store\/apps\/details?id=com.mustardgames.bmx.cycle.stunt.mega.ramp.impossibletracks","activeCreativeID":"4339","scenes":["12","1","8","6","15","2"],"campaignAdType":"Interstitial","productId":"","purchaseBit":0,"licenseKey":""},{"campaignID":"557","attribution":0,"priority":"4","appToPromote":{"appToPromoteID":"4959","usesDefaultFrameImage":"0","usesDefaultCloseImage":"0","marketURL":"https:\/\/play.google.com\/store\/apps\/details?id=com.jet.plane.surfers.joyride.dash","packageID":"com.jet.plane.surfers.joyride.dash"},"showTemplate":1,"s2s_tracking_url":"https:\/\/play.google.com\/store\/apps\/details?id=com.jet.plane.surfers.joyride.dash","activeCreativeID":"645","scenes":["12","1","8","6","15","2"],"campaignAdType":"Interstitial","productId":"","purchaseBit":0,"licenseKey":""},{"campaignID":"414","attribution":0,"priority":"3","appToPromote":{"appToPromoteID":"3023","usesDefaultFrameImage":"0","usesDefaultCloseImage":"0","marketURL":"https:\/\/play.google.com\/store\/apps\/details?id=com.appricot2d.rolo.pet.parrot","packageID":"com.appricot2d.rolo.pet.parrot"},"showTemplate":1,"s2s_tracking_url":"https:\/\/play.google.com\/store\/apps\/details?id=com.appricot2d.rolo.pet.parrot","activeCreativeID":"385","scenes":["12","1","8","6","15","2"],"campaignAdType":"Interstitial","productId":"","purchaseBit":0,"licenseKey":""},{"campaignID":"559","attribution":0,"priority":"3","appToPromote":{"appToPromoteID":"3476","usesDefaultFrameImage":"0","usesDefaultCloseImage":"0","marketURL":"https:\/\/play.google.com\/store\/apps\/details?id=com.perspectivegames.real.impossible.tracks.stunts","packageID":"com.perspectivegames.real.impossible.tracks.stunts"},"showTemplate":1,"s2s_tracking_url":"https:\/\/play.google.com\/store\/apps\/details?id=com.perspectivegames.real.impossible.tracks.stunts","activeCreativeID":"649","scenes":["12","1","8","6","15","2"],"campaignAdType":"Interstitial","productId":"","purchaseBit":0,"licenseKey":""},{"campaignID":"741","attribution":0,"priority":"3","appToPromote":{"appToPromoteID":"5609","usesDefaultFrameImage":"0","usesDefaultCloseImage":"0","marketURL":"https:\/\/play.google.com\/store\/apps\/details?id=com.kick.gyroscopic.city.train.driver.simulator","packageID":"com.kick.gyroscopic.city.train.driver.simulator"},"showTemplate":1,"s2s_tracking_url":"https:\/\/play.google.com\/store\/apps\/details?id=com.kick.gyroscopic.city.train.driver.simulator","activeCreativeID":"753","scenes":["12","1","8","6","15","2"],"campaignAdType":"Interstitial","productId":"","purchaseBit":0,"licenseKey":""},{"campaignID":"798","attribution":0,"priority":"3","appToPromote":{"appToPromoteID":"5770","usesDefaultFrameImage":"0","usesDefaultCloseImage":"0","marketURL":"https:\/\/play.google.com\/store\/apps\/details?id=com.simulatorgames3d.alohacelebrations","packageID":"com.simulatorgames3d.alohacelebrations"},"showTemplate":1,"s2s_tracking_url":"https:\/\/play.google.com\/store\/apps\/details?id=com.simulatorgames3d.alohacelebrations","activeCreativeID":"787","scenes":["12","1","8","6","15","2"],"campaignAdType":"Interstitial","productId":"","purchaseBit":0,"licenseKey":""},{"campaignID":"1483","attribution":0,"priority":"3","appToPromote":{"appToPromoteID":"1714","usesDefaultFrameImage":"1","usesDefaultCloseImage":"1","marketURL":"https:\/\/play.google.com\/store\/apps\/details?id=com.playink.cookie.maker","packageID":"com.playink.cookie.maker"},"showTemplate":1,"s2s_tracking_url":"https:\/\/play.google.com\/store\/apps\/details?id=com.playink.cookie.maker","activeCreativeID":"1020","scenes":["12","1","8","6","15","2"],"campaignAdType":"Interstitial","productId":"","purchaseBit":0,"licenseKey":""},{"campaignID":"8762","attribution":0,"priority":"2","appToPromote":{"appToPromoteID":"13265","usesDefaultFrameImage":"0","usesDefaultCloseImage":"0","marketURL":"https:\/\/play.google.com\/store\/apps\/details?id=com.rhg.tricky.bike.stunt.moto.master","packageID":"com.rhg.tricky.bike.stunt.moto.master"},"showTemplate":1,"s2s_tracking_url":"https:\/\/play.google.com\/store\/apps\/details?id=com.rhg.tricky.bike.stunt.moto.master","activeCreativeID":"4121","scenes":["12","1","8","6","15","2"],"campaignAdType":"Rewarded Video","productId":"","purchaseBit":0,"licenseKey":""},{"campaignID":"9366","attribution":0,"priority":"2","appToPromote":{"appToPromoteID":"17602","usesDefaultFrameImage":"0","usesDefaultCloseImage":"0","marketURL":"https:\/\/play.google.com\/store\/apps\/details?id=com.abaenglish.videoclass&amp;referrer=utm_source=42matters.com&amp;utm_medium=api","packageID":"com.abaenglish.videoclass"},"showTemplate":1,"s2s_tracking_url":"https:\/\/play.google.com\/store\/apps\/details?id=com.abaenglish.videoclass&amp;referrer=utm_source=42matters.com&amp;utm_medium=api","activeCreativeID":"4815","scenes":["12","1","8","6","15","2"],"campaignAdType":"Interstitial","productId":"","purchaseBit":0,"licenseKey":""}],"refreshAdRate":30,"mode":"Production","aspectRatio":"4_3","cdnPath":"https:\/\/df8ymybeo92md.cloudfront.net\/images\/","sentry_log":0,"local_logging":0,"sentry_dsn":"https:\/\/93ffa1c9a4124f67b8888a53265f751a:bbf998e04584477fa9a145838e9d3b26@sentry.io\/168994","sentry_initialization":1,"sentry_debugging":0,"bannerSizes":["5"],"aspectRatioVideo":"16_9","app_id":"2269","showPreRewardedDialogue":0,"showPostRewardedDialogue":0,"rewardCurrency":"coins","rewardValue":0,"isSkipable":0,"privacyPolicyURL":"https:\/\/www.consoliads.com\/privacy-policy\/","sessionToken":"cY5yH5o4S3sN8ZaBOiTjr64wbQaN1UiG5oBQ3MTRGDBYTuVzR57MN8TaVLZ\/uiDTcD7hC3sF+VK2ZvwWxq\/TDDgT3U9tx5Y2kgwLGj\/Wpojpj77G3zvwruO63te64IWKydqiGNVBLs31iSDrkMS7Ts+J+fIDZi1D+lcPQ386VHk="}
Session token value is set

mode value is set

 Aspect ratio value is correct
sentry_log value is set
Session token value is set


{"appKey":"04f5a9854a7ab0d33c312f6ba1115c79","deviceID":"219","stats":[{"campaignID":191,"packageID":"com.tgp.multi.car.smart.parking.truck","sceneStats":[{"sceneID":"1","eventStats":"303,203,103,3,3,0,0"}]}],"sdkVersion":"39","sessionToken":"RghvKJXZZ\/RH81apjA3O9eOyFvbrOVEl23jS4TLsiUyKlaeYe5t233ONib5A8kWwyrYwYYtBTlkrfkNaE1RtqM2UmCoEkCn7siMiJvjxzdMnZDvDRFfUUfH6h2m87YWz\/ykmOwebQvm3jiRGZzzY1c1Z\/Q1OB0t9Gz+Z\/9\/FVXo="}
cache_ttl value is correct

Refresh Ad Rate value is correct
mode value is set

 Aspect ratio value is correct
sentry_log value is set
local_logging value is set
sentry_initialization value is set
sentry_debugging value is set
showPreRewardedDialogue value is set
showPostRewardedDialogue value is set
isSkipable value is set
{"cache_ttl":10080,"cache_ttl_rewarded":10080,"cache_ttl_banner":10080,"cache_ttl_native":10080,"cache_ttl_icon":10080,"refreshAdRate":30,"mode":"Production","aspectRatio":"4_3","cdnPath":"https:\/\/df8ymybeo92md.cloudfront.net\/images\/","sentry_log":0,"local_logging":0,"sentry_dsn":"https:\/\/93ffa1c9a4124f67b8888a53265f751a:bbf998e04584477fa9a145838e9d3b26@sentry.io\/168994","sentry_initialization":1,"sentry_debugging":0,"bannerSizes":[],"aspectRatioVideo":"16_9","app_id":"2480","showPreRewardedDialogue":0,"showPostRewardedDialogue":0,"rewardCurrency":"coins","rewardValue":0,"isSkipable":0,"privacyPolicyURL":"https:\/\/www.consoliads.com\/privacy-policy\/","sessionToken":"4pc1HemgDzvwkHBuZPuDk+Pv0CABwSZA3Y7+iRV3fax3xHuMH8aNvMqR\/kEZoKmPLh9cMenoXcseNpPGV15jakTmt3Lu7WaQ2PE9KgZwXmVNMouFq\/poSvrXq9+dMnLVpBi7cuItsm6A4YAIYRQRuvjbJ4M0HlM6sOLCbYSHhfE="}
Session token value is set


{"appKey":"8417aa110173549083015865620d6db3","deviceID":"5693","stats":[{"campaignID":192,"packageID":"com.gamefeast.offroadtruck.mechanic.garage","sceneStats":[{"sceneID":"15","eventStats":"357,257,157,57,57,0,0"}]}],"sdkVersion":"39","sessionToken":"4pc1HemgDzvwkHBuZPuDk+Pv0CABwSZA3Y7+iRV3fax3xHuMH8aNvMqR\/kEZoKmPLh9cMenoXcseNpPGV15jakTmt3Lu7WaQ2PE9KgZwXmVNMouFq\/poSvrXq9+dMnLVpBi7cuItsm6A4YAIYRQRuvjbJ4M0HlM6sOLCbYSHhfE="}
cache_ttl value is correct

Refresh Ad Rate value is correct
mode value is set

 Aspect ratio value is correct
sentry_log value is set
local_logging value is set
sentry_initialization value is set
sentry_debugging value is set
showPreRewardedDialogue value is set
showPostRewardedDialogue value is set
isSkipable value is set
{"cache_ttl":10080,"cache_ttl_rewarded":10080,"cache_ttl_banner":10080,"cache_ttl_native":10080,"cache_ttl_icon":10080,"campaigns":[{"campaignID":"8378","attribution":0,"priority":"8","appToPromote":{"appToPromoteID":"16480","usesDefaultFrameImage":"0","usesDefaultCloseImage":"0","marketURL":"https:\/\/play.google.com\/store\/apps\/details?id=com.nag.home.manager.working.virtual.mom","packageID":"com.GSS317.AmazingFamily"},"showTemplate":1,"s2s_tracking_url":"https:\/\/play.google.com\/store\/apps\/details?id=com.nag.home.manager.working.virtual.mom","activeCreativeID":"3720","scenes":["12","1","8","6","15","2"],"campaignAdType":"Interstitial","productId":"","purchaseBit":0,"licenseKey":""},{"campaignID":"9547","attribution":0,"priority":"8","appToPromote":{"appToPromoteID":"11879","usesDefaultFrameImage":"0","usesDefaultCloseImage":"0","marketURL":"https:\/\/play.google.com\/store\/apps\/details?id=com.buntoo.car.racing.games","packageID":"com.buntoo.car.racing.games"},"showTemplate":1,"s2s_tracking_url":"https:\/\/play.google.com\/store\/apps\/details?id=com.buntoo.car.racing.games","activeCreativeID":"4964","scenes":["12","1","8","6","15","2"],"campaignAdType":"Interstitial","productId":"","purchaseBit":0,"licenseKey":""},{"campaignID":"9586","attribution":0,"priority":"8","appToPromote":{"appToPromoteID":"515","usesDefaultFrameImage":"1","usesDefaultCloseImage":"1","marketURL":"https:\/\/play.google.com\/store\/apps\/details?id=com.plum.cash.counter.simualtor","packageID":"com.plum.cash.counter.simualtor"},"showTemplate":1,"s2s_tracking_url":"https:\/\/play.google.com\/store\/apps\/details?id=com.plum.cash.counter.simualtor","activeCreativeID":"50","scenes":["12","1","8","6","15","2"],"campaignAdType":"Interstitial","productId":"","purchaseBit":0,"licenseKey":""},{"campaignID":"9587","attribution":0,"priority":"8","appToPromote":{"appToPromoteID":"515","usesDefaultFrameImage":"1","usesDefaultCloseImage":"1","marketURL":"https:\/\/play.google.com\/store\/apps\/details?id=com.plum.cash.counter.simualtor","packageID":"com.plum.cash.counter.simualtor"},"showTemplate":1,"s2s_tracking_url":"https:\/\/play.google.com\/store\/apps\/details?id=com.plum.cash.counter.simualtor","activeCreativeID":"50","scenes":["12","1","8","6","15","2"],"campaignAdType":"Interstitial","productId":"","purchaseBit":0,"licenseKey":""},{"campaignID":"9588","attribution":0,"priority":"8","appToPromote":{"appToPromoteID":"515","usesDefaultFrameImage":"1","usesDefaultCloseImage":"1","marketURL":"https:\/\/play.google.com\/store\/apps\/details?id=com.plum.cash.counter.simualtor","packageID":"com.plum.cash.counter.simualtor"},"showTemplate":1,"s2s_tracking_url":"https:\/\/play.google.com\/store\/apps\/details?id=com.plum.cash.counter.simualtor","activeCreativeID":"50","scenes":["12","1","8","6","15","2"],"campaignAdType":"Interstitial","productId":"","purchaseBit":0,"licenseKey":""},{"campaignID":"9589","attribution":0,"priority":"8","appToPromote":{"appToPromoteID":"515","usesDefaultFrameImage":"1","usesDefaultCloseImage":"1","marketURL":"https:\/\/play.google.com\/store\/apps\/details?id=com.plum.cash.counter.simualtor","packageID":"com.plum.cash.counter.simualtor"},"showTemplate":1,"s2s_tracking_url":"https:\/\/play.google.com\/store\/apps\/details?id=com.plum.cash.counter.simualtor","activeCreativeID":"50","scenes":["12","1","8","6","15","2"],"campaignAdType":"Interstitial","productId":"","purchaseBit":0,"licenseKey":""},{"campaignID":"9131","attribution":0,"priority":"8","appToPromote":{"appToPromoteID":"17532","usesDefaultFrameImage":"0","usesDefaultCloseImage":"0","marketURL":"https:\/\/play.google.com\/store\/apps\/details?id=com.dhgate.buyermob","packageID":"com.dhgate.buyermob"},"showTemplate":1,"s2s_tracking_url":"https:\/\/tha.gotrackier.com\/click?campaign_id=63254\\u0026pub_id=75?p1=2521_9131_5693&amp;source=6841&amp;app_name=OffRoadTruckMechanicGarage&amp;gaid=5693","activeCreativeID":"4483","scenes":["12","1","8","6","15","2"],"campaignAdType":"Interstitial","productId":"","purchaseBit":0,"licenseKey":""},{"campaignID":"8380","attribution_link":"","attribution":1,"priority":"7","appToPromote":{"appToPromoteID":"16480","usesDefaultFrameImage":"0","usesDefaultCloseImage":"0","marketURL":"https:\/\/play.google.com\/store\/apps\/details?id=com.nag.home.manager.working.virtual.mom","packageID":"com.GSS317.AmazingFamily"},"showTemplate":1,"s2s_tracking_url":"","activeCreativeID":"3720","scenes":["12","1","8","6","15","2"],"campaignAdType":"Interstitial","productId":"","purchaseBit":0,"licenseKey":""},{"campaignID":"444","attribution":0,"priority":"6","appToPromote":{"appToPromoteID":"3355","usesDefaultFrameImage":"0","usesDefaultCloseImage":"0","marketURL":"https:\/\/play.google.com\/store\/apps\/details?id=com.popnsons.parkour.mouse","packageID":"com.popnsons.parkour.mouse"},"showTemplate":1,"s2s_tracking_url":"https:\/\/play.google.com\/store\/apps\/details?id=com.popnsons.parkour.mouse","activeCreativeID":"469","scenes":["12","1","8","6","15","2"],"campaignAdType":"Interstitial","productId":"","purchaseBit":0,"licenseKey":""},{"campaignID":"561","attribution":0,"priority":"6","appToPromote":{"appToPromoteID":"5026","usesDefaultFrameImage":"0","usesDefaultCloseImage":"0","marketURL":"https:\/\/play.google.com\/store\/apps\/details?id=com.as.cashupapp","packageID":"com.as.cashupapp"},"showTemplate":1,"s2s_tracking_url":"https:\/\/play.google.com\/store\/apps\/details?id=com.as.cashupapp","activeCreativeID":"652","scenes":["12","1","8","6","15","2"],"campaignAdType":"Interstitial","productId":"","purchaseBit":0,"licenseKey":""},{"campaignID":"570","attribution":0,"priority":"6","appToPromote":{"appToPromoteID":"3802","usesDefaultFrameImage":"0","usesDefaultCloseImage":"0","marketURL":"https:\/\/play.google.com\/store\/apps\/details?id=com.Madxstudios.Flickshootsoccer","packageID":"com.Madxstudios.Flickshootsoccer"},"showTemplate":1,"s2s_tracking_url":"https:\/\/play.google.com\/store\/apps\/details?id=com.Madxstudios.Flickshootsoccer","activeCreativeID":"661","scenes":["12","1","8","6","15","2"],"campaignAdType":"Interstitial","productId":"","purchaseBit":0,"licenseKey":""},{"campaignID":"588","attribution":0,"priority":"6","appToPromote":{"appToPromoteID":"5026","usesDefaultFrameImage":"0","usesDefaultCloseImage":"0","marketURL":"https:\/\/play.google.com\/store\/apps\/details?id=com.as.cashupapp","packageID":"com.as.cashupapp"},"showTemplate":1,"s2s_tracking_url":"https:\/\/play.google.com\/store\/apps\/details?id=com.as.cashupapp","activeCreativeID":"652","scenes":["12","1","8","6","15","2"],"campaignAdType":"Interstitial","productId":"","purchaseBit":0,"licenseKey":""},{"campaignID":"8808","attribution_link":"","attribution":1,"priority":"5","appToPromote":{"appToPromoteID":"16528","usesDefaultFrameImage":"0","usesDefaultCloseImage":"0","marketURL":"https:\/\/play.google.com\/store\/apps\/details?id=com.bag.farm.day.village.farming.games","packageID":"com.GSS317.com.bag.farm.day.village.farming.games"},"showTemplate":1,"s2s_tracking_url":"","activeCreativeID":"3775","scenes":["12","1","8","6","15","2"],"campaignAdType":"Interstitial","productId":"","purchaseBit":0,"licenseKey":""},{"campaignID":"8973","attribution":0,"priority":"5","appToPromote":{"appToPromoteID":"15974","usesDefaultFrameImage":"0","usesDefaultCloseImage":"0","marketURL":"https:\/\/play.google.com\/store\/apps\/details?id=com.mustardgames.bmx.cycle.stunt.mega.ramp.impossibletracks","packageID":"com.mustardgames.bmx.cycle.stunt.mega.ramp.impossibletracks"},"showTemplate":1,"s2s_tracking_url":"https:\/\/play.google.com\/store\/apps\/details?id=com.mustardgames.bmx.cycle.stunt.mega.ramp.impossibletracks","activeCreativeID":"4339","scenes":["12","1","8","6","15","2"],"campaignAdType":"Interstitial","productId":"","purchaseBit":0,"licenseKey":""},{"campaignID":"557","attribution":0,"priority":"4","appToPromote":{"appToPromoteID":"4959","usesDefaultFrameImage":"0","usesDefaultCloseImage":"0","marketURL":"https:\/\/play.google.com\/store\/apps\/details?id=com.jet.plane.surfers.joyride.dash","packageID":"com.jet.plane.surfers.joyride.dash"},"showTemplate":1,"s2s_tracking_url":"https:\/\/play.google.com\/store\/apps\/details?id=com.jet.plane.surfers.joyride.dash","activeCreativeID":"645","scenes":["12","1","8","6","15","2"],"campaignAdType":"Interstitial","productId":"","purchaseBit":0,"licenseKey":""},{"campaignID":"414","attribution":0,"priority":"3","appToPromote":{"appToPromoteID":"3023","usesDefaultFrameImage":"0","usesDefaultCloseImage":"0","marketURL":"https:\/\/play.google.com\/store\/apps\/details?id=com.appricot2d.rolo.pet.parrot","packageID":"com.appricot2d.rolo.pet.parrot"},"showTemplate":1,"s2s_tracking_url":"https:\/\/play.google.com\/store\/apps\/details?id=com.appricot2d.rolo.pet.parrot","activeCreativeID":"385","scenes":["12","1","8","6","15","2"],"campaignAdType":"Interstitial","productId":"","purchaseBit":0,"licenseKey":""},{"campaignID":"559","attribution":0,"priority":"3","appToPromote":{"appToPromoteID":"3476","usesDefaultFrameImage":"0","usesDefaultCloseImage":"0","marketURL":"https:\/\/play.google.com\/store\/apps\/details?id=com.perspectivegames.real.impossible.tracks.stunts","packageID":"com.perspectivegames.real.impossible.tracks.stunts"},"showTemplate":1,"s2s_tracking_url":"https:\/\/play.google.com\/store\/apps\/details?id=com.perspectivegames.real.impossible.tracks.stunts","activeCreativeID":"649","scenes":["12","1","8","6","15","2"],"campaignAdType":"Interstitial","productId":"","purchaseBit":0,"licenseKey":""},{"campaignID":"741","attribution":0,"priority":"3","appToPromote":{"appToPromoteID":"5609","usesDefaultFrameImage":"0","usesDefaultCloseImage":"0","marketURL":"https:\/\/play.google.com\/store\/apps\/details?id=com.kick.gyroscopic.city.train.driver.simulator","packageID":"com.kick.gyroscopic.city.train.driver.simulator"},"showTemplate":1,"s2s_tracking_url":"https:\/\/play.google.com\/store\/apps\/details?id=com.kick.gyroscopic.city.train.driver.simulator","activeCreativeID":"753","scenes":["12","1","8","6","15","2"],"campaignAdType":"Interstitial","productId":"","purchaseBit":0,"licenseKey":""},{"campaignID":"798","attribution":0,"priority":"3","appToPromote":{"appToPromoteID":"5770","usesDefaultFrameImage":"0","usesDefaultCloseImage":"0","marketURL":"https:\/\/play.google.com\/store\/apps\/details?id=com.simulatorgames3d.alohacelebrations","packageID":"com.simulatorgames3d.alohacelebrations"},"showTemplate":1,"s2s_tracking_url":"https:\/\/play.google.com\/store\/apps\/details?id=com.simulatorgames3d.alohacelebrations","activeCreativeID":"787","scenes":["12","1","8","6","15","2"],"campaignAdType":"Interstitial","productId":"","purchaseBit":0,"licenseKey":""},{"campaignID":"1483","attribution":0,"priority":"3","appToPromote":{"appToPromoteID":"1714","usesDefaultFrameImage":"1","usesDefaultCloseImage":"1","marketURL":"https:\/\/play.google.com\/store\/apps\/details?id=com.playink.cookie.maker","packageID":"com.playink.cookie.maker"},"showTemplate":1,"s2s_tracking_url":"https:\/\/play.google.com\/store\/apps\/details?id=com.playink.cookie.maker","activeCreativeID":"1020","scenes":["12","1","8","6","15","2"],"campaignAdType":"Interstitial","productId":"","purchaseBit":0,"licenseKey":""},{"campaignID":"8762","attribution":0,"priority":"2","appToPromote":{"appToPromoteID":"13265","usesDefaultFrameImage":"0","usesDefaultCloseImage":"0","marketURL":"https:\/\/play.google.com\/store\/apps\/details?id=com.rhg.tricky.bike.stunt.moto.master","packageID":"com.rhg.tricky.bike.stunt.moto.master"},"showTemplate":1,"s2s_tracking_url":"https:\/\/play.google.com\/store\/apps\/details?id=com.rhg.tricky.bike.stunt.moto.master","activeCreativeID":"4121","scenes":["12","1","8","6","15","2"],"campaignAdType":"Rewarded Video","productId":"","purchaseBit":0,"licenseKey":""},{"campaignID":"9366","attribution":0,"priority":"2","appToPromote":{"appToPromoteID":"17602","usesDefaultFrameImage":"0","usesDefaultCloseImage":"0","marketURL":"https:\/\/play.google.com\/store\/apps\/details?id=com.abaenglish.videoclass&amp;referrer=utm_source=42matters.com&amp;utm_medium=api","packageID":"com.abaenglish.videoclass"},"showTemplate":1,"s2s_tracking_url":"https:\/\/play.google.com\/store\/apps\/details?id=com.abaenglish.videoclass&amp;referrer=utm_source=42matters.com&amp;utm_medium=api","activeCreativeID":"4815","scenes":["12","1","8","6","15","2"],"campaignAdType":"Interstitial","productId":"","purchaseBit":0,"licenseKey":""}],"refreshAdRate":30,"mode":"Production","aspectRatio":"4_3","cdnPath":"https:\/\/df8ymybeo92md.cloudfront.net\/images\/","sentry_log":0,"local_logging":0,"sentry_dsn":"https:\/\/93ffa1c9a4124f67b8888a53265f751a:bbf998e04584477fa9a145838e9d3b26@sentry.io\/168994","sentry_initialization":1,"sentry_debugging":0,"bannerSizes":["5"],"aspectRatioVideo":"16_9","app_id":"2521","showPreRewardedDialogue":0,"showPostRewardedDialogue":0,"rewardCurrency":"coins","rewardValue":0,"isSkipable":0,"privacyPolicyURL":"https:\/\/www.consoliads.com\/privacy-policy\/","sessionToken":"nl3yFY+9nSaZFP7OcD31s28+tGWCdR4GV4oiZS3hPo3\/s0E41j6NBkGvdVwO+aqklzrwYXm5yx1DrXfJjPZBWvSa0iZRdphXV85R2FY+\/aNVBqZZ+qm0jS4yPxji5BGu5jxddJW1ZrZc5yZ4g3ukuD6Xf5mMENb2YmfHSrRzKck="}
Session token value is set


{"appKey":"9bfb78f6a7b11d99e8e05f5d9ad5562d","deviceID":"6883","stats":[{"campaignID":201,"packageID":"com.whitesand.pit.stop.car.mechanic","sceneStats":[{"sceneID":"18","eventStats":"369,269,169,69,69,0,0"}]}],"sdkVersion":"2286","sessionToken":"nl3yFY+9nSaZFP7OcD31s28+tGWCdR4GV4oiZS3hPo3\/s0E41j6NBkGvdVwO+aqklzrwYXm5yx1DrXfJjPZBWvSa0iZRdphXV85R2FY+\/aNVBqZZ+qm0jS4yPxji5BGu5jxddJW1ZrZc5yZ4g3ukuD6Xf5mMENb2YmfHSrRzKck="}
cache_ttl value is correct

Title value is correct

Title value is correct

Title value is correct

Title value is correct

Title value is correct

Title value is correct

Refresh Ad Rate value is correct
mode value is set

 Aspect ratio value is correct
sentry_log value is set
local_logging value is set
sentry_initialization value is set
sentry_debugging value is set
showPreRewardedDialogue value is set
showPostRewardedDialogue value is set
isSkipable value is set
{"cache_ttl":10080,"cache_ttl_rewarded":10080,"cache_ttl_banner":10080,"cache_ttl_native":10080,"cache_ttl_icon":10080,"campaigns":[{"campaignID":"9017","attribution":0,"priority":"5","appToPromote":{"appToPromoteID":"12567","usesDefaultFrameImage":"0","usesDefaultCloseImage":"0","marketURL":"https:\/\/play.google.com\/store\/apps\/details?id=com.deg.desert.car.destruction.derby.crash.stunts.racing","packageID":"com.deg.desert.car.destruction.derby.crash.stunts.racing"},"showTemplate":1,"s2s_tracking_url":"https:\/\/play.google.com\/store\/apps\/details?id=com.deg.desert.car.destruction.derby.crash.stunts.racing","activeCreativeID":"4381","scenes":["27","1","2","3","4","5","6","7","8","9","10","11","12","13","14","15","21","24"],"campaignAdType":"Icon","productId":"","purchaseBit":0,"licenseKey":""},{"campaignID":"9376","attribution":2,"priority":"5","appToPromote":{"appToPromoteID":"13421","usesDefaultFrameImage":"0","usesDefaultCloseImage":"0","marketURL":"http:\/\/www.google.com","packageID":"com.appricot2d.testt"},"showTemplate":1,"s2s_tracking_url":"http:\/\/www.google.com","activeCreativeID":"4680","scenes":["27","1","2","3","4","5","6","7","8","9","10","11","12","13","14","15","21","24"],"campaignAdType":"Interstitial","productId":"","purchaseBit":0,"licenseKey":""},{"campaignID":"9385","attribution":0,"priority":"5","appToPromote":{"appToPromoteID":"9497","usesDefaultFrameImage":"0","usesDefaultCloseImage":"0","marketURL":"https:\/\/play.google.com\/store\/apps\/details?id=com.appricot2d.barber.shop.hair.salon.hair.cutting.games","packageID":"com.appricot2d.barber.shop.hair.salon.hair.cutting.games"},"showTemplate":1,"s2s_tracking_url":"https:\/\/play.google.com\/store\/apps\/details?id=com.appricot2d.barber.shop.hair.salon.hair.cutting.games","activeCreativeID":"4572","scenes":["27","1","2","3","4","5","6","7","8","9","10","11","12","13","14","15","21","24"],"campaignAdType":"Interstitial","productId":"","purchaseBit":0,"licenseKey":""},{"campaignID":"7297","attribution":0,"priority":"5","appToPromote":{"appToPromoteID":"11734","usesDefaultFrameImage":"0","usesDefaultCloseImage":"0","marketURL":"https:\/\/play.google.com\/store\/apps\/details?id=com.appricot2d.cooking.restaurent.food.chef.kitchen.game","packageID":"com.appricot2d.cooking.restaurent.food.chef.kitchen.game"},"showTemplate":1,"s2s_tracking_url":"https:\/\/play.google.com\/store\/apps\/details?id=com.appricot2d.cooking.restaurent.food.chef.kitchen.game","activeCreativeID":"2436","scenes":["27","1","2","3","4","5","6","7","8","9","10","11","12","13","14","15","21","24"],"campaignAdType":"Interstitial","productId":"","purchaseBit":0,"licenseKey":""},{"campaignID":"7298","attribution":0,"priority":"5","appToPromote":{"appToPromoteID":"11734","usesDefaultFrameImage":"0","usesDefaultCloseImage":"0","marketURL":"https:\/\/play.google.com\/store\/apps\/details?id=com.appricot2d.cooking.restaurent.food.chef.kitchen.game","packageID":"com.appricot2d.cooking.restaurent.food.chef.kitchen.game"},"showTemplate":1,"s2s_tracking_url":"https:\/\/play.google.com\/store\/apps\/details?id=com.appricot2d.cooking.restaurent.food.chef.kitchen.game","activeCreativeID":"2437","scenes":["27","1","2","3","4","5","6","7","8","9","10","11","12","13","14","15","21","24"],"campaignAdType":"Icon","productId":"","purchaseBit":0,"licenseKey":""},{"campaignID":"8691","attribution":0,"priority":"5","appToPromote":{"appToPromoteID":"16801","usesDefaultFrameImage":"0","usesDefaultCloseImage":"0","marketURL":"https:\/\/play.google.com\/store\/apps\/details?id=com.yhi.robot.flying.bike.taxi.simulator.games","packageID":"com.yhi.robot.flying.bike.taxi.simulator.games"},"showTemplate":1,"s2s_tracking_url":"https:\/\/play.google.com\/store\/apps\/details?id=com.yhi.robot.flying.bike.taxi.simulator.games","activeCreativeID":"4051","scenes":["1"],"campaignAdType":"Icon","productId":"","purchaseBit":0,"licenseKey":""},{"campaignID":"8378","attribution":0,"priority":"8","appToPromote":{"appToPromoteID":"16480","usesDefaultFrameImage":"0","usesDefaultCloseImage":"0","marketURL":"https:\/\/play.google.com\/store\/apps\/details?id=com.nag.home.manager.working.virtual.mom","packageID":"com.GSS317.AmazingFamily"},"showTemplate":1,"s2s_tracking_url":"https:\/\/play.google.com\/store\/apps\/details?id=com.nag.home.manager.working.virtual.mom","activeCreativeID":"3720","scenes":["27","1","2","3","4","5","6","7","8","9","10","11","12","13","14","15","21","24"],"campaignAdType":"Interstitial","productId":"","purchaseBit":0,"licenseKey":""},{"campaignID":"9252","attribution":0,"priority":"8","appToPromote":{"appToPromoteID":"12315","usesDefaultFrameImage":"0","usesDefaultCloseImage":"0","marketURL":"google.com","packageID":"com.qabrand.plnative"},"showTemplate":1,"s2s_tracking_url":"google.com","activeCreativeID":"4683","scenes":["27","1","2","3","4","5","6","7","8","9","10","11","12","13","14","15","21","24"],"campaignAdType":"Native","title":"Native first","subTitle":"First ","description":"New description","adClickThroughText":"FIRST Button","productId":"","purchaseBit":0,"licenseKey":""},{"campaignID":"9253","attribution":0,"priority":"8","appToPromote":{"appToPromoteID":"12315","usesDefaultFrameImage":"0","usesDefaultCloseImage":"0","marketURL":"google.com","packageID":"com.qabrand.plnative"},"showTemplate":1,"s2s_tracking_url":"google.com","activeCreativeID":"4683","scenes":["27","1","2","3","4","5","6","7","8","9","10","11","12","13","14","15","21","24"],"campaignAdType":"Native","title":"Native first","subTitle":"First ","description":"New description","adClickThroughText":"FIRST Button","productId":"","purchaseBit":0,"licenseKey":""},{"campaignID":"9255","attribution":0,"priority":"8","appToPromote":{"appToPromoteID":"13274","usesDefaultFrameImage":"0","usesDefaultCloseImage":"0","marketURL":"https:\/\/play.google.com\/store\/apps\/details?id=com.facebook.katana","packageID":"com.salon.adsalon"},"showTemplate":1,"s2s_tracking_url":"https:\/\/play.google.com\/store\/apps\/details?id=com.facebook.katana","activeCreativeID":"4685","scenes":["27","1","2","3","4","5","6","7","8","9","10","11","12","13","14","15","21","24"],"campaignAdType":"Native","title":"native NA ","subTitle":"native NA ","description":"native NA added","adClickThroughText":"native NA ","productId":"","purchaseBit":0,"licenseKey":""},{"campaignID":"9257","attribution":0,"priority":"8","appToPromote":{"appToPromoteID":"12286","usesDefaultFrameImage":"0","usesDefaultCloseImage":"0","marketURL":"google.com","packageID":"com.qabrand.Chartboost_Native"},"showTemplate":1,"s2s_tracking_url":"google.com","activeCreativeID":"4688","scenes":["27","1","2","3","4","5","6","7","8","9","10","11","12","13","14","15","21","24"],"campaignAdType":"Native","title":"Native second updated","subTitle":"Native second ","description":"Native second details","adClickThroughText":"Native second ","productId":"","purchaseBit":0,"licenseKey":""},{"campaignID":"9263","attribution":0,"priority":"8","appToPromote":{"appToPromoteID":"12315","usesDefaultFrameImage":"0","usesDefaultCloseImage":"0","marketURL":"google.com","packageID":"com.qabrand.plnative"},"showTemplate":1,"s2s_tracking_url":"google.com","activeCreativeID":"4694","scenes":["27","1","2","3","4","5","6","7","8","9","10","11","12","13","14","15","21","24"],"campaignAdType":"Native","title":"test","subTitle":"test","description":" test details update","adClickThroughText":"test","productId":"","purchaseBit":0,"licenseKey":""},{"campaignID":"9547","attribution":0,"priority":"8","appToPromote":{"appToPromoteID":"11879","usesDefaultFrameImage":"0","usesDefaultCloseImage":"0","marketURL":"https:\/\/play.google.com\/store\/apps\/details?id=com.buntoo.car.racing.games","packageID":"com.buntoo.car.racing.games"},"showTemplate":1,"s2s_tracking_url":"https:\/\/play.google.com\/store\/apps\/details?id=com.buntoo.car.racing.games","activeCreativeID":"4964","scenes":["27","1","2","3","4","5","6","7","8","9","10","11","12","13","14","15","21","24"],"campaignAdType":"Interstitial","productId":"","purchaseBit":0,"licenseKey":""},{"campaignID":"9127","attribution":0,"priority":"8","appToPromote":{"appToPromoteID":"17528","usesDefaultFrameImage":"0","usesDefaultCloseImage":"0","marketURL":"https:\/\/play.google.com\/store\/apps\/details?id=net.one97.paytm","packageID":"net.one97.paytm"},"showTemplate":1,"s2s_tracking_url":"https:\/\/tha.gotrackier.com\/click?campaign_id=63249\\u0026pub_id=75?p1=2504_9127_6883&amp;source=6841&amp;app_name=PitStopCarMechanic&amp;gaid=6883","activeCreativeID":"4788","scenes":["27","1","2","3","4","5","6","7","8","9","10","11","12","13","14","15","21","24"],"campaignAdType":"Native","title":"BCA","subTitle":"FW","description":"nope","adClickThroughText":"Link","productId":"","purchaseBit":0,"licenseKey":""},{"campaignID":"9131","attribution":0,"priority":"8","appToPromote":{"appToPromoteID":"17532","usesDefaultFrameImage":"0","usesDefaultCloseImage":"0","marketURL":"https:\/\/play.google.com\/store\/apps\/details?id=com.dhgate.buyermob","packageID":"com.dhgate.buyermob"},"showTemplate":1,"s2s_tracking_url":"https:\/\/tha.gotrackier.com\/click?campaign_id=63254\\u0026pub_id=75?p1=2504_9131_6883&amp;source=6841&amp;app_name=PitStopCarMechanic&amp;gaid=6883","activeCreativeID":"4483","scenes":["27","1","2","3","4","5","6","7","8","9","10","11","12","13","14","15","21","24"],"campaignAdType":"Interstitial","productId":"","purchaseBit":0,"licenseKey":""},{"campaignID":"8380","attribution_link":"","attribution":1,"priority":"7","appToPromote":{"appToPromoteID":"16480","usesDefaultFrameImage":"0","usesDefaultCloseImage":"0","marketURL":"https:\/\/play.google.com\/store\/apps\/details?id=com.nag.home.manager.working.virtual.mom","packageID":"com.GSS317.AmazingFamily"},"showTemplate":1,"s2s_tracking_url":"","activeCreativeID":"3720","scenes":["27","1","2","3","4","5","6","7","8","9","10","11","12","13","14","15","21","24"],"campaignAdType":"Interstitial","productId":"","purchaseBit":0,"licenseKey":""},{"campaignID":"444","attribution":0,"priority":"6","appToPromote":{"appToPromoteID":"3355","usesDefaultFrameImage":"0","usesDefaultCloseImage":"0","marketURL":"https:\/\/play.google.com\/store\/apps\/details?id=com.popnsons.parkour.mouse","packageID":"com.popnsons.parkour.mouse"},"showTemplate":1,"s2s_tracking_url":"https:\/\/play.google.com\/store\/apps\/details?id=com.popnsons.parkour.mouse","activeCreativeID":"469","scenes":["27","1","2","3","4","5","6","7","8","9","10","11","12","13","14","15","21","24"],"campaignAdType":"Interstitial","productId":"","purchaseBit":0,"licenseKey":""},{"campaignID":"561","attribution":0,"priority":"6","appToPromote":{"appToPromoteID":"5026","usesDefaultFrameImage":"0","usesDefaultCloseImage":"0","marketURL":"https:\/\/play.google.com\/store\/apps\/details?id=com.as.cashupapp","packageID":"com.as.cashupapp"},"showTemplate":1,"s2s_tracking_url":"https:\/\/play.google.com\/store\/apps\/details?id=com.as.cashupapp","activeCreativeID":"652","scenes":["27","1","2","3","4","5","6","7","8","9","10","11","12","13","14","15","21","24"],"campaignAdType":"Interstitial","productId":"","purchaseBit":0,"licenseKey":""},{"campaignID":"570","attribution":0,"priority":"6","appToPromote":{"appToPromoteID":"3802","usesDefaultFrameImage":"0","usesDefaultCloseImage":"0","marketURL":"https:\/\/play.google.com\/store\/apps\/details?id=com.Madxstudios.Flickshootsoccer","packageID":"com.Madxstudios.Flickshootsoccer"},"showTemplate":1,"s2s_tracking_url":"https:\/\/play.google.com\/store\/apps\/details?id=com.Madxstudios.Flickshootsoccer","activeCreativeID":"661","scenes":["27","1","2","3","4","5","6","7","8","9","10","11","12","13","14","15","21","24"],"campaignAdType":"Interstitial","productId":"","purchaseBit":0,"licenseKey":""},{"campaignID":"588","attribution":0,"priority":"6","appToPromote":{"appToPromoteID":"5026","usesDefaultFrameImage":"0","usesDefaultCloseImage":"0","marketURL":"https:\/\/play.google.com\/store\/apps\/details?id=com.as.cashupapp","packageID":"com.as.cashupapp"},"showTemplate":1,"s2s_tracking_url":"https:\/\/play.google.com\/store\/apps\/details?id=com.as.cashupapp","activeCreativeID":"652","scenes":["27","1","2","3","4","5","6","7","8","9","10","11","12","13","14","15","21","24"],"campaignAdType":"Interstitial","productId":"","purchaseBit":0,"licenseKey":""},{"campaignID":"8808","attribution_link":"","attribution":1,"priority":"5","appToPromote":{"appToPromoteID":"16528","usesDefaultFrameImage":"0","usesDefaultCloseImage":"0","marketURL":"https:\/\/play.google.com\/store\/apps\/details?id=com.bag.farm.day.village.farming.games","packageID":"com.GSS317.com.bag.farm.day.village.farming.games"},"showTemplate":1,"s2s_tracking_url":"","activeCreativeID":"3775","scenes":["27","1","2","3","4","5","6","7","8","9","10","11","12","13","14","15","21","24"],"campaignAdType":"Interstitial","productId":"","purchaseBit":0,"licenseKey":""},{"campaignID":"8973","attribution":0,"priority":"5","appToPromote":{"appToPromoteID":"15974","usesDefaultFrameImage":"0","usesDefaultCloseImage":"0","marketURL":"https:\/\/play.google.com\/store\/apps\/details?id=com.mustardgames.bmx.cycle.stunt.mega.ramp.impossibletracks","packageID":"com.mustardgames.bmx.cycle.stunt.mega.ramp.impossibletracks"},"showTemplate":1,"s2s_tracking_url":"https:\/\/play.google.com\/store\/apps\/details?id=com.mustardgames.bmx.cycle.stunt.mega.ramp.impossibletracks","activeCreativeID":"4339","scenes":["27","1","2","3","4","5","6","7","8","9","10","11","12","13","14","15","21","24"],"campaignAdType":"Interstitial","productId":"","purchaseBit":0,"licenseKey":""},{"campaignID":"557","attribution":0,"priority":"4","appToPromote":{"appToPromoteID":"4959","usesDefaultFrameImage":"0","usesDefaultCloseImage":"0","marketURL":"https:\/\/play.google.com\/store\/apps\/details?id=com.jet.plane.surfers.joyride.dash","packageID":"com.jet.plane.surfers.joyride.dash"},"showTemplate":1,"s2s_tracking_url":"https:\/\/play.google.com\/store\/apps\/details?id=com.jet.plane.surfers.joyride.dash","activeCreativeID":"645","scenes":["27","1","2","3","4","5","6","7","8","9","10","11","12","13","14","15","21","24"],"campaignAdType":"Interstitial","productId":"","purchaseBit":0,"licenseKey":""},{"campaignID":"559","attribution":0,"priority":"3","appToPromote":{"appToPromoteID":"3476","usesDefaultFrameImage":"0","usesDefaultCloseImage":"0","marketURL":"https:\/\/play.google.com\/store\/apps\/details?id=com.perspectivegames.real.impossible.tracks.stunts","packageID":"com.perspectivegames.real.impossible.tracks.stunts"},"showTemplate":1,"s2s_tracking_url":"https:\/\/play.google.com\/store\/apps\/details?id=com.perspectivegames.real.impossible.tracks.stunts","activeCreativeID":"649","scenes":["27","1","2","3","4","5","6","7","8","9","10","11","12","13","14","15","21","24"],"campaignAdType":"Interstitial","productId":"","purchaseBit":0,"licenseKey":""},{"campaignID":"741","attribution":0,"priority":"3","appToPromote":{"appToPromoteID":"5609","usesDefaultFrameImage":"0","usesDefaultCloseImage":"0","marketURL":"https:\/\/play.google.com\/store\/apps\/details?id=com.kick.gyroscopic.city.train.driver.simulator","packageID":"com.kick.gyroscopic.city.train.driver.simulator"},"showTemplate":1,"s2s_tracking_url":"https:\/\/play.google.com\/store\/apps\/details?id=com.kick.gyroscopic.city.train.driver.simulator","activeCreativeID":"753","scenes":["27","1","2","3","4","5","6","7","8","9","10","11","12","13","14","15","21","24"],"campaignAdType":"Interstitial","productId":"","purchaseBit":0,"licenseKey":""},{"campaignID":"798","attribution":0,"priority":"3","appToPromote":{"appToPromoteID":"5770","usesDefaultFrameImage":"0","usesDefaultCloseImage":"0","marketURL":"https:\/\/play.google.com\/store\/apps\/details?id=com.simulatorgames3d.alohacelebrations","packageID":"com.simulatorgames3d.alohacelebrations"},"showTemplate":1,"s2s_tracking_url":"https:\/\/play.google.com\/store\/apps\/details?id=com.simulatorgames3d.alohacelebrations","activeCreativeID":"787","scenes":["27","1","2","3","4","5","6","7","8","9","10","11","12","13","14","15","21","24"],"campaignAdType":"Interstitial","productId":"","purchaseBit":0,"licenseKey":""},{"campaignID":"8762","attribution":0,"priority":"2","appToPromote":{"appToPromoteID":"13265","usesDefaultFrameImage":"0","usesDefaultCloseImage":"0","marketURL":"https:\/\/play.google.com\/store\/apps\/details?id=com.rhg.tricky.bike.stunt.moto.master","packageID":"com.rhg.tricky.bike.stunt.moto.master"},"showTemplate":1,"s2s_tracking_url":"https:\/\/play.google.com\/store\/apps\/details?id=com.rhg.tricky.bike.stunt.moto.master","activeCreativeID":"4121","scenes":["27","1","2","3","4","5","6","7","8","9","10","11","12","13","14","15","21","24"],"campaignAdType":"Rewarded Video","productId":"","purchaseBit":0,"licenseKey":""},{"campaignID":"9366","attribution":0,"priority":"2","appToPromote":{"appToPromoteID":"17602","usesDefaultFrameImage":"0","usesDefaultCloseImage":"0","marketURL":"https:\/\/play.google.com\/store\/apps\/details?id=com.abaenglish.videoclass&amp;referrer=utm_source=42matters.com&amp;utm_medium=api","packageID":"com.abaenglish.videoclass"},"showTemplate":1,"s2s_tracking_url":"https:\/\/play.google.com\/store\/apps\/details?id=com.abaenglish.videoclass&amp;referrer=utm_source=42matters.com&amp;utm_medium=api","activeCreativeID":"4815","scenes":["27","1","2","3","4","5","6","7","8","9","10","11","12","13","14","15","21","24"],"campaignAdType":"Interstitial","productId":"","purchaseBit":0,"licenseKey":""},{"campaignID":"9367","attribution":0,"priority":"2","appToPromote":{"appToPromoteID":"17602","usesDefaultFrameImage":"0","usesDefaultCloseImage":"0","marketURL":"https:\/\/play.google.com\/store\/apps\/details?id=com.abaenglish.videoclass&amp;referrer=utm_source=42matters.com&amp;utm_medium=api","packageID":"com.abaenglish.videoclass"},"showTemplate":1,"s2s_tracking_url":"https:\/\/play.google.com\/store\/apps\/details?id=com.abaenglish.videoclass&amp;referrer=utm_source=42matters.com&amp;utm_medium=api","activeCreativeID":"4815","scenes":["27","1","2","3","4","5","6","7","8","9","10","11","12","13","14","15","21","24"],"campaignAdType":"Interstitial","productId":"","purchaseBit":0,"licenseKey":""},{"campaignID":"9368","attribution":0,"priority":"2","appToPromote":{"appToPromoteID":"17602","usesDefaultFrameImage":"0","usesDefaultCloseImage":"0","marketURL":"https:\/\/play.google.com\/store\/apps\/details?id=com.abaenglish.videoclass&amp;referrer=utm_source=42matters.com&amp;utm_medium=api","packageID":"com.abaenglish.videoclass"},"showTemplate":1,"s2s_tracking_url":"https:\/\/play.google.com\/store\/apps\/details?id=com.abaenglish.videoclass&amp;referrer=utm_source=42matters.com&amp;utm_medium=api","activeCreativeID":"4815","scenes":["27","1","2","3","4","5","6","7","8","9","10","11","12","13","14","15","21","24"],"campaignAdType":"Interstitial","productId":"","purchaseBit":0,"licenseKey":""},{"campaignID":"9369","attribution":0,"priority":"2","appToPromote":{"appToPromoteID":"17602","usesDefaultFrameImage":"0","usesDefaultCloseImage":"0","marketURL":"https:\/\/play.google.com\/store\/apps\/details?id=com.abaenglish.videoclass&amp;referrer=utm_source=42matters.com&amp;utm_medium=api","packageID":"com.abaenglish.videoclass"},"showTemplate":1,"s2s_tracking_url":"https:\/\/play.google.com\/store\/apps\/details?id=com.abaenglish.videoclass&amp;referrer=utm_source=42matters.com&amp;utm_medium=api","activeCreativeID":"4815","scenes":["27","1","2","3","4","5","6","7","8","9","10","11","12","13","14","15","21","24"],"campaignAdType":"Interstitial","productId":"","purchaseBit":0,"licenseKey":""}],"refreshAdRate":0,"mode":"Production","aspectRatio":"4_3","cdnPath":"https:\/\/df8ymybeo92md.cloudfront.net\/images\/","sentry_log":0,"local_logging":0,"sentry_dsn":"https:\/\/93ffa1c9a4124f67b8888a53265f751a:bbf998e04584477fa9a145838e9d3b26@sentry.io\/168994","sentry_initialization":1,"sentry_debugging":0,"bannerSizes":["1"],"aspectRatioVideo":"16_9","app_id":"2504","showPreRewardedDialogue":0,"showPostRewardedDialogue":0,"rewardCurrency":"coins","rewardValue":0,"isSkipable":0,"privacyPolicyURL":"https:\/\/www.consoliads.com\/privacy-policy\/","sessionToken":"argsDJBuDVKHVfFzofp0nR11kW2u4V2NxXNqheA8enAlk2eO21BQOTdX11UlJmwzIPnqG0TnmV+blHbpD1RghIvaCg78OfyKFbc6yitU1zNTyqk0rQeBe5DSHdk70eh4DYlouOS\/OGe0g2RmJvte3NWDPYoHtpPzeED9rzA8eJs="}
Session token value is set


{"appKey":"9bfb78f6a7b11d99e8e05f5d9ad5562d","deviceID":"1420","stats":[{"campaignID":204,"packageID":"com.whitesand.pit.stop.car.mechanic","sceneStats":[{"sceneID":"4","eventStats":"315,215,115,15,15,0,0"}]}],"sdkVersion":"2286","sessionToken":"argsDJBuDVKHVfFzofp0nR11kW2u4V2NxXNqheA8enAlk2eO21BQOTdX11UlJmwzIPnqG0TnmV+blHbpD1RghIvaCg78OfyKFbc6yitU1zNTyqk0rQeBe5DSHdk70eh4DYlouOS\/OGe0g2RmJvte3NWDPYoHtpPzeED9rzA8eJs="}
cache_ttl value is correct

Title value is correct

Title value is correct

Title value is correct

Title value is correct

Title value is correct

Title value is correct

Refresh Ad Rate value is correct
mode value is set

 Aspect ratio value is correct
sentry_log value is set
local_logging value is set
sentry_initialization value is set
sentry_debugging value is set
showPreRewardedDialogue value is set
showPostRewardedDialogue value is set
isSkipable value is set
{"cache_ttl":10080,"cache_ttl_rewarded":10080,"cache_ttl_banner":10080,"cache_ttl_native":10080,"cache_ttl_icon":10080,"campaigns":[{"campaignID":"9017","attribution":0,"priority":"5","appToPromote":{"appToPromoteID":"12567","usesDefaultFrameImage":"0","usesDefaultCloseImage":"0","marketURL":"https:\/\/play.google.com\/store\/apps\/details?id=com.deg.desert.car.destruction.derby.crash.stunts.racing","packageID":"com.deg.desert.car.destruction.derby.crash.stunts.racing"},"showTemplate":1,"s2s_tracking_url":"https:\/\/play.google.com\/store\/apps\/details?id=com.deg.desert.car.destruction.derby.crash.stunts.racing","activeCreativeID":"4381","scenes":["27","1","2","3","4","5","6","7","8","9","10","11","12","13","14","15","21","24"],"campaignAdType":"Icon","productId":"","purchaseBit":0,"licenseKey":""},{"campaignID":"9376","attribution":2,"priority":"5","appToPromote":{"appToPromoteID":"13421","usesDefaultFrameImage":"0","usesDefaultCloseImage":"0","marketURL":"http:\/\/www.google.com","packageID":"com.appricot2d.testt"},"showTemplate":1,"s2s_tracking_url":"http:\/\/www.google.com","activeCreativeID":"4680","scenes":["27","1","2","3","4","5","6","7","8","9","10","11","12","13","14","15","21","24"],"campaignAdType":"Interstitial","productId":"","purchaseBit":0,"licenseKey":""},{"campaignID":"9385","attribution":0,"priority":"5","appToPromote":{"appToPromoteID":"9497","usesDefaultFrameImage":"0","usesDefaultCloseImage":"0","marketURL":"https:\/\/play.google.com\/store\/apps\/details?id=com.appricot2d.barber.shop.hair.salon.hair.cutting.games","packageID":"com.appricot2d.barber.shop.hair.salon.hair.cutting.games"},"showTemplate":1,"s2s_tracking_url":"https:\/\/play.google.com\/store\/apps\/details?id=com.appricot2d.barber.shop.hair.salon.hair.cutting.games","activeCreativeID":"4572","scenes":["27","1","2","3","4","5","6","7","8","9","10","11","12","13","14","15","21","24"],"campaignAdType":"Interstitial","productId":"","purchaseBit":0,"licenseKey":""},{"campaignID":"7297","attribution":0,"priority":"5","appToPromote":{"appToPromoteID":"11734","usesDefaultFrameImage":"0","usesDefaultCloseImage":"0","marketURL":"https:\/\/play.google.com\/store\/apps\/details?id=com.appricot2d.cooking.restaurent.food.chef.kitchen.game","packageID":"com.appricot2d.cooking.restaurent.food.chef.kitchen.game"},"showTemplate":1,"s2s_tracking_url":"https:\/\/play.google.com\/store\/apps\/details?id=com.appricot2d.cooking.restaurent.food.chef.kitchen.game","activeCreativeID":"2436","scenes":["27","1","2","3","4","5","6","7","8","9","10","11","12","13","14","15","21","24"],"campaignAdType":"Interstitial","productId":"","purchaseBit":0,"licenseKey":""},{"campaignID":"7298","attribution":0,"priority":"5","appToPromote":{"appToPromoteID":"11734","usesDefaultFrameImage":"0","usesDefaultCloseImage":"0","marketURL":"https:\/\/play.google.com\/store\/apps\/details?id=com.appricot2d.cooking.restaurent.food.chef.kitchen.game","packageID":"com.appricot2d.cooking.restaurent.food.chef.kitchen.game"},"showTemplate":1,"s2s_tracking_url":"https:\/\/play.google.com\/store\/apps\/details?id=com.appricot2d.cooking.restaurent.food.chef.kitchen.game","activeCreativeID":"2437","scenes":["27","1","2","3","4","5","6","7","8","9","10","11","12","13","14","15","21","24"],"campaignAdType":"Icon","productId":"","purchaseBit":0,"licenseKey":""},{"campaignID":"8691","attribution":0,"priority":"5","appToPromote":{"appToPromoteID":"16801","usesDefaultFrameImage":"0","usesDefaultCloseImage":"0","marketURL":"https:\/\/play.google.com\/store\/apps\/details?id=com.yhi.robot.flying.bike.taxi.simulator.games","packageID":"com.yhi.robot.flying.bike.taxi.simulator.games"},"showTemplate":1,"s2s_tracking_url":"https:\/\/play.google.com\/store\/apps\/details?id=com.yhi.robot.flying.bike.taxi.simulator.games","activeCreativeID":"4051","scenes":["1"],"campaignAdType":"Icon","productId":"","purchaseBit":0,"licenseKey":""},{"campaignID":"8378","attribution":0,"priority":"8","appToPromote":{"appToPromoteID":"16480","usesDefaultFrameImage":"0","usesDefaultCloseImage":"0","marketURL":"https:\/\/play.google.com\/store\/apps\/details?id=com.nag.home.manager.working.virtual.mom","packageID":"com.GSS317.AmazingFamily"},"showTemplate":1,"s2s_tracking_url":"https:\/\/play.google.com\/store\/apps\/details?id=com.nag.home.manager.working.virtual.mom","activeCreativeID":"3720","scenes":["27","1","2","3","4","5","6","7","8","9","10","11","12","13","14","15","21","24"],"campaignAdType":"Interstitial","productId":"","purchaseBit":0,"licenseKey":""},{"campaignID":"9252","attribution":0,"priority":"8","appToPromote":{"appToPromoteID":"12315","usesDefaultFrameImage":"0","usesDefaultCloseImage":"0","marketURL":"google.com","packageID":"com.qabrand.plnative"},"showTemplate":1,"s2s_tracking_url":"google.com","activeCreativeID":"4683","scenes":["27","1","2","3","4","5","6","7","8","9","10","11","12","13","14","15","21","24"],"campaignAdType":"Native","title":"Native first","subTitle":"First ","description":"New description","adClickThroughText":"FIRST Button","productId":"","purchaseBit":0,"licenseKey":""},{"campaignID":"9253","attribution":0,"priority":"8","appToPromote":{"appToPromoteID":"12315","usesDefaultFrameImage":"0","usesDefaultCloseImage":"0","marketURL":"google.com","packageID":"com.qabrand.plnative"},"showTemplate":1,"s2s_tracking_url":"google.com","activeCreativeID":"4683","scenes":["27","1","2","3","4","5","6","7","8","9","10","11","12","13","14","15","21","24"],"campaignAdType":"Native","title":"Native first","subTitle":"First ","description":"New description","adClickThroughText":"FIRST Button","productId":"","purchaseBit":0,"licenseKey":""},{"campaignID":"9255","attribution":0,"priority":"8","appToPromote":{"appToPromoteID":"13274","usesDefaultFrameImage":"0","usesDefaultCloseImage":"0","marketURL":"https:\/\/play.google.com\/store\/apps\/details?id=com.facebook.katana","packageID":"com.salon.adsalon"},"showTemplate":1,"s2s_tracking_url":"https:\/\/play.google.com\/store\/apps\/details?id=com.facebook.katana","activeCreativeID":"4685","scenes":["27","1","2","3","4","5","6","7","8","9","10","11","12","13","14","15","21","24"],"campaignAdType":"Native","title":"native NA ","subTitle":"native NA ","description":"native NA added","adClickThroughText":"native NA ","productId":"","purchaseBit":0,"licenseKey":""},{"campaignID":"9257","attribution":0,"priority":"8","appToPromote":{"appToPromoteID":"12286","usesDefaultFrameImage":"0","usesDefaultCloseImage":"0","marketURL":"google.com","packageID":"com.qabrand.Chartboost_Native"},"showTemplate":1,"s2s_tracking_url":"google.com","activeCreativeID":"4688","scenes":["27","1","2","3","4","5","6","7","8","9","10","11","12","13","14","15","21","24"],"campaignAdType":"Native","title":"Native second updated","subTitle":"Native second ","description":"Native second details","adClickThroughText":"Native second ","productId":"","purchaseBit":0,"licenseKey":""},{"campaignID":"9263","attribution":0,"priority":"8","appToPromote":{"appToPromoteID":"12315","usesDefaultFrameImage":"0","usesDefaultCloseImage":"0","marketURL":"google.com","packageID":"com.qabrand.plnative"},"showTemplate":1,"s2s_tracking_url":"google.com","activeCreativeID":"4694","scenes":["27","1","2","3","4","5","6","7","8","9","10","11","12","13","14","15","21","24"],"campaignAdType":"Native","title":"test","subTitle":"test","description":" test details update","adClickThroughText":"test","productId":"","purchaseBit":0,"licenseKey":""},{"campaignID":"9547","attribution":0,"priority":"8","appToPromote":{"appToPromoteID":"11879","usesDefaultFrameImage":"0","usesDefaultCloseImage":"0","marketURL":"https:\/\/play.google.com\/store\/apps\/details?id=com.buntoo.car.racing.games","packageID":"com.buntoo.car.racing.games"},"showTemplate":1,"s2s_tracking_url":"https:\/\/play.google.com\/store\/apps\/details?id=com.buntoo.car.racing.games","activeCreativeID":"4964","scenes":["27","1","2","3","4","5","6","7","8","9","10","11","12","13","14","15","21","24"],"campaignAdType":"Interstitial","productId":"","purchaseBit":0,"licenseKey":""},{"campaignID":"9127","attribution":0,"priority":"8","appToPromote":{"appToPromoteID":"17528","usesDefaultFrameImage":"0","usesDefaultCloseImage":"0","marketURL":"https:\/\/play.google.com\/store\/apps\/details?id=net.one97.paytm","packageID":"net.one97.paytm"},"showTemplate":1,"s2s_tracking_url":"https:\/\/tha.gotrackier.com\/click?campaign_id=63249\\u0026pub_id=75?p1=2504_9127_1420&amp;source=6841&amp;app_name=PitStopCarMechanic&amp;gaid=1420","activeCreativeID":"4788","scenes":["27","1","2","3","4","5","6","7","8","9","10","11","12","13","14","15","21","24"],"campaignAdType":"Native","title":"BCA","subTitle":"FW","description":"nope","adClickThroughText":"Link","productId":"","purchaseBit":0,"licenseKey":""},{"campaignID":"9131","attribution":0,"priority":"8","appToPromote":{"appToPromoteID":"17532","usesDefaultFrameImage":"0","usesDefaultCloseImage":"0","marketURL":"https:\/\/play.google.com\/store\/apps\/details?id=com.dhgate.buyermob","packageID":"com.dhgate.buyermob"},"showTemplate":1,"s2s_tracking_url":"https:\/\/tha.gotrackier.com\/click?campaign_id=63254\\u0026pub_id=75?p1=2504_9131_1420&amp;source=6841&amp;app_name=PitStopCarMechanic&amp;gaid=1420","activeCreativeID":"4483","scenes":["27","1","2","3","4","5","6","7","8","9","10","11","12","13","14","15","21","24"],"campaignAdType":"Interstitial","productId":"","purchaseBit":0,"licenseKey":""},{"campaignID":"8380","attribution_link":"","attribution":1,"priority":"7","appToPromote":{"appToPromoteID":"16480","usesDefaultFrameImage":"0","usesDefaultCloseImage":"0","marketURL":"https:\/\/play.google.com\/store\/apps\/details?id=com.nag.home.manager.working.virtual.mom","packageID":"com.GSS317.AmazingFamily"},"showTemplate":1,"s2s_tracking_url":"","activeCreativeID":"3720","scenes":["27","1","2","3","4","5","6","7","8","9","10","11","12","13","14","15","21","24"],"campaignAdType":"Interstitial","productId":"","purchaseBit":0,"licenseKey":""},{"campaignID":"444","attribution":0,"priority":"6","appToPromote":{"appToPromoteID":"3355","usesDefaultFrameImage":"0","usesDefaultCloseImage":"0","marketURL":"https:\/\/play.google.com\/store\/apps\/details?id=com.popnsons.parkour.mouse","packageID":"com.popnsons.parkour.mouse"},"showTemplate":1,"s2s_tracking_url":"https:\/\/play.google.com\/store\/apps\/details?id=com.popnsons.parkour.mouse","activeCreativeID":"469","scenes":["27","1","2","3","4","5","6","7","8","9","10","11","12","13","14","15","21","24"],"campaignAdType":"Interstitial","productId":"","purchaseBit":0,"licenseKey":""},{"campaignID":"561","attribution":0,"priority":"6","appToPromote":{"appToPromoteID":"5026","usesDefaultFrameImage":"0","usesDefaultCloseImage":"0","marketURL":"https:\/\/play.google.com\/store\/apps\/details?id=com.as.cashupapp","packageID":"com.as.cashupapp"},"showTemplate":1,"s2s_tracking_url":"https:\/\/play.google.com\/store\/apps\/details?id=com.as.cashupapp","activeCreativeID":"652","scenes":["27","1","2","3","4","5","6","7","8","9","10","11","12","13","14","15","21","24"],"campaignAdType":"Interstitial","productId":"","purchaseBit":0,"licenseKey":""},{"campaignID":"570","attribution":0,"priority":"6","appToPromote":{"appToPromoteID":"3802","usesDefaultFrameImage":"0","usesDefaultCloseImage":"0","marketURL":"https:\/\/play.google.com\/store\/apps\/details?id=com.Madxstudios.Flickshootsoccer","packageID":"com.Madxstudios.Flickshootsoccer"},"showTemplate":1,"s2s_tracking_url":"https:\/\/play.google.com\/store\/apps\/details?id=com.Madxstudios.Flickshootsoccer","activeCreativeID":"661","scenes":["27","1","2","3","4","5","6","7","8","9","10","11","12","13","14","15","21","24"],"campaignAdType":"Interstitial","productId":"","purchaseBit":0,"licenseKey":""},{"campaignID":"588","attribution":0,"priority":"6","appToPromote":{"appToPromoteID":"5026","usesDefaultFrameImage":"0","usesDefaultCloseImage":"0","marketURL":"https:\/\/play.google.com\/store\/apps\/details?id=com.as.cashupapp","packageID":"com.as.cashupapp"},"showTemplate":1,"s2s_tracking_url":"https:\/\/play.google.com\/store\/apps\/details?id=com.as.cashupapp","activeCreativeID":"652","scenes":["27","1","2","3","4","5","6","7","8","9","10","11","12","13","14","15","21","24"],"campaignAdType":"Interstitial","productId":"","purchaseBit":0,"licenseKey":""},{"campaignID":"8808","attribution_link":"","attribution":1,"priority":"5","appToPromote":{"appToPromoteID":"16528","usesDefaultFrameImage":"0","usesDefaultCloseImage":"0","marketURL":"https:\/\/play.google.com\/store\/apps\/details?id=com.bag.farm.day.village.farming.games","packageID":"com.GSS317.com.bag.farm.day.village.farming.games"},"showTemplate":1,"s2s_tracking_url":"","activeCreativeID":"3775","scenes":["27","1","2","3","4","5","6","7","8","9","10","11","12","13","14","15","21","24"],"campaignAdType":"Interstitial","productId":"","purchaseBit":0,"licenseKey":""},{"campaignID":"8973","attribution":0,"priority":"5","appToPromote":{"appToPromoteID":"15974","usesDefaultFrameImage":"0","usesDefaultCloseImage":"0","marketURL":"https:\/\/play.google.com\/store\/apps\/details?id=com.mustardgames.bmx.cycle.stunt.mega.ramp.impossibletracks","packageID":"com.mustardgames.bmx.cycle.stunt.mega.ramp.impossibletracks"},"showTemplate":1,"s2s_tracking_url":"https:\/\/play.google.com\/store\/apps\/details?id=com.mustardgames.bmx.cycle.stunt.mega.ramp.impossibletracks","activeCreativeID":"4339","scenes":["27","1","2","3","4","5","6","7","8","9","10","11","12","13","14","15","21","24"],"campaignAdType":"Interstitial","productId":"","purchaseBit":0,"licenseKey":""},{"campaignID":"557","attribution":0,"priority":"4","appToPromote":{"appToPromoteID":"4959","usesDefaultFrameImage":"0","usesDefaultCloseImage":"0","marketURL":"https:\/\/play.google.com\/store\/apps\/details?id=com.jet.plane.surfers.joyride.dash","packageID":"com.jet.plane.surfers.joyride.dash"},"showTemplate":1,"s2s_tracking_url":"https:\/\/play.google.com\/store\/apps\/details?id=com.jet.plane.surfers.joyride.dash","activeCreativeID":"645","scenes":["27","1","2","3","4","5","6","7","8","9","10","11","12","13","14","15","21","24"],"campaignAdType":"Interstitial","productId":"","purchaseBit":0,"licenseKey":""},{"campaignID":"559","attribution":0,"priority":"3","appToPromote":{"appToPromoteID":"3476","usesDefaultFrameImage":"0","usesDefaultCloseImage":"0","marketURL":"https:\/\/play.google.com\/store\/apps\/details?id=com.perspectivegames.real.impossible.tracks.stunts","packageID":"com.perspectivegames.real.impossible.tracks.stunts"},"showTemplate":1,"s2s_tracking_url":"https:\/\/play.google.com\/store\/apps\/details?id=com.perspectivegames.real.impossible.tracks.stunts","activeCreativeID":"649","scenes":["27","1","2","3","4","5","6","7","8","9","10","11","12","13","14","15","21","24"],"campaignAdType":"Interstitial","productId":"","purchaseBit":0,"licenseKey":""},{"campaignID":"741","attribution":0,"priority":"3","appToPromote":{"appToPromoteID":"5609","usesDefaultFrameImage":"0","usesDefaultCloseImage":"0","marketURL":"https:\/\/play.google.com\/store\/apps\/details?id=com.kick.gyroscopic.city.train.driver.simulator","packageID":"com.kick.gyroscopic.city.train.driver.simulator"},"showTemplate":1,"s2s_tracking_url":"https:\/\/play.google.com\/store\/apps\/details?id=com.kick.gyroscopic.city.train.driver.simulator","activeCreativeID":"753","scenes":["27","1","2","3","4","5","6","7","8","9","10","11","12","13","14","15","21","24"],"campaignAdType":"Interstitial","productId":"","purchaseBit":0,"licenseKey":""},{"campaignID":"798","attribution":0,"priority":"3","appToPromote":{"appToPromoteID":"5770","usesDefaultFrameImage":"0","usesDefaultCloseImage":"0","marketURL":"https:\/\/play.google.com\/store\/apps\/details?id=com.simulatorgames3d.alohacelebrations","packageID":"com.simulatorgames3d.alohacelebrations"},"showTemplate":1,"s2s_tracking_url":"https:\/\/play.google.com\/store\/apps\/details?id=com.simulatorgames3d.alohacelebrations","activeCreativeID":"787","scenes":["27","1","2","3","4","5","6","7","8","9","10","11","12","13","14","15","21","24"],"campaignAdType":"Interstitial","productId":"","purchaseBit":0,"licenseKey":""},{"campaignID":"8762","attribution":0,"priority":"2","appToPromote":{"appToPromoteID":"13265","usesDefaultFrameImage":"0","usesDefaultCloseImage":"0","marketURL":"https:\/\/play.google.com\/store\/apps\/details?id=com.rhg.tricky.bike.stunt.moto.master","packageID":"com.rhg.tricky.bike.stunt.moto.master"},"showTemplate":1,"s2s_tracking_url":"https:\/\/play.google.com\/store\/apps\/details?id=com.rhg.tricky.bike.stunt.moto.master","activeCreativeID":"4121","scenes":["27","1","2","3","4","5","6","7","8","9","10","11","12","13","14","15","21","24"],"campaignAdType":"Rewarded Video","productId":"","purchaseBit":0,"licenseKey":""},{"campaignID":"9366","attribution":0,"priority":"2","appToPromote":{"appToPromoteID":"17602","usesDefaultFrameImage":"0","usesDefaultCloseImage":"0","marketURL":"https:\/\/play.google.com\/store\/apps\/details?id=com.abaenglish.videoclass&amp;referrer=utm_source=42matters.com&amp;utm_medium=api","packageID":"com.abaenglish.videoclass"},"showTemplate":1,"s2s_tracking_url":"https:\/\/play.google.com\/store\/apps\/details?id=com.abaenglish.videoclass&amp;referrer=utm_source=42matters.com&amp;utm_medium=api","activeCreativeID":"4815","scenes":["27","1","2","3","4","5","6","7","8","9","10","11","12","13","14","15","21","24"],"campaignAdType":"Interstitial","productId":"","purchaseBit":0,"licenseKey":""},{"campaignID":"9367","attribution":0,"priority":"2","appToPromote":{"appToPromoteID":"17602","usesDefaultFrameImage":"0","usesDefaultCloseImage":"0","marketURL":"https:\/\/play.google.com\/store\/apps\/details?id=com.abaenglish.videoclass&amp;referrer=utm_source=42matters.com&amp;utm_medium=api","packageID":"com.abaenglish.videoclass"},"showTemplate":1,"s2s_tracking_url":"https:\/\/play.google.com\/store\/apps\/details?id=com.abaenglish.videoclass&amp;referrer=utm_source=42matters.com&amp;utm_medium=api","activeCreativeID":"4815","scenes":["27","1","2","3","4","5","6","7","8","9","10","11","12","13","14","15","21","24"],"campaignAdType":"Interstitial","productId":"","purchaseBit":0,"licenseKey":""},{"campaignID":"9368","attribution":0,"priority":"2","appToPromote":{"appToPromoteID":"17602","usesDefaultFrameImage":"0","usesDefaultCloseImage":"0","marketURL":"https:\/\/play.google.com\/store\/apps\/details?id=com.abaenglish.videoclass&amp;referrer=utm_source=42matters.com&amp;utm_medium=api","packageID":"com.abaenglish.videoclass"},"showTemplate":1,"s2s_tracking_url":"https:\/\/play.google.com\/store\/apps\/details?id=com.abaenglish.videoclass&amp;referrer=utm_source=42matters.com&amp;utm_medium=api","activeCreativeID":"4815","scenes":["27","1","2","3","4","5","6","7","8","9","10","11","12","13","14","15","21","24"],"campaignAdType":"Interstitial","productId":"","purchaseBit":0,"licenseKey":""},{"campaignID":"9369","attribution":0,"priority":"2","appToPromote":{"appToPromoteID":"17602","usesDefaultFrameImage":"0","usesDefaultCloseImage":"0","marketURL":"https:\/\/play.google.com\/store\/apps\/details?id=com.abaenglish.videoclass&amp;referrer=utm_source=42matters.com&amp;utm_medium=api","packageID":"com.abaenglish.videoclass"},"showTemplate":1,"s2s_tracking_url":"https:\/\/play.google.com\/store\/apps\/details?id=com.abaenglish.videoclass&amp;referrer=utm_source=42matters.com&amp;utm_medium=api","activeCreativeID":"4815","scenes":["27","1","2","3","4","5","6","7","8","9","10","11","12","13","14","15","21","24"],"campaignAdType":"Interstitial","productId":"","purchaseBit":0,"licenseKey":""}],"refreshAdRate":0,"mode":"Production","aspectRatio":"4_3","cdnPath":"https:\/\/df8ymybeo92md.cloudfront.net\/images\/","sentry_log":0,"local_logging":0,"sentry_dsn":"https:\/\/93ffa1c9a4124f67b8888a53265f751a:bbf998e04584477fa9a145838e9d3b26@sentry.io\/168994","sentry_initialization":1,"sentry_debugging":0,"bannerSizes":["1"],"aspectRatioVideo":"16_9","app_id":"2504","showPreRewardedDialogue":0,"showPostRewardedDialogue":0,"rewardCurrency":"coins","rewardValue":0,"isSkipable":0,"privacyPolicyURL":"https:\/\/www.consoliads.com\/privacy-policy\/","sessionToken":"ke8UKvRwwINl\/NT1kcD2UFV05oCXYUtS6iVUy488J4zjUGDYDfEN\/TGf4iY8eMTvWrN5wS+rWcc2Ki6XXgDDM7JNzO9Hqk0TuSMKb8kUIAw0+09GThTlDPZjMDY5wvmkd2bpar8FI5hr0YEqQ\/CvXV1\/AB9yoMn5bQk\/D7T+vv0="}
Session token value is set


{"appKey":"c9ff7b63c2c44f80f0a4aaef6737794f","deviceID":"973","stats":[{"campaignID":207,"packageID":"com.gss.army.commando.survivalisland","sceneStats":[{"sceneID":"3","eventStats":"310,210,110,10,10,0,0"}]}],"sdkVersion":"39","sessionToken":"ke8UKvRwwINl\/NT1kcD2UFV05oCXYUtS6iVUy488J4zjUGDYDfEN\/TGf4iY8eMTvWrN5wS+rWcc2Ki6XXgDDM7JNzO9Hqk0TuSMKb8kUIAw0+09GThTlDPZjMDY5wvmkd2bpar8FI5hr0YEqQ\/CvXV1\/AB9yoMn5bQk\/D7T+vv0="}
cache_ttl value is correct

Refresh Ad Rate value is correct
mode value is set

 Aspect ratio value is correct
sentry_log value is set
local_logging value is set
sentry_initialization value is set
sentry_debugging value is set
showPreRewardedDialogue value is set
showPostRewardedDialogue value is set
isSkipable value is set
{"cache_ttl":10080,"cache_ttl_rewarded":10080,"cache_ttl_banner":10080,"cache_ttl_native":10080,"cache_ttl_icon":10080,"campaigns":[{"campaignID":"8378","attribution":0,"priority":"8","appToPromote":{"appToPromoteID":"16480","usesDefaultFrameImage":"0","usesDefaultCloseImage":"0","marketURL":"https:\/\/play.google.com\/store\/apps\/details?id=com.nag.home.manager.working.virtual.mom","packageID":"com.GSS317.AmazingFamily"},"showTemplate":1,"s2s_tracking_url":"https:\/\/play.google.com\/store\/apps\/details?id=com.nag.home.manager.working.virtual.mom","activeCreativeID":"3720","scenes":["12","1","8","6","15","2"],"campaignAdType":"Interstitial","productId":"","purchaseBit":0,"licenseKey":""},{"campaignID":"9547","attribution":0,"priority":"8","appToPromote":{"appToPromoteID":"11879","usesDefaultFrameImage":"0","usesDefaultCloseImage":"0","marketURL":"https:\/\/play.google.com\/store\/apps\/details?id=com.buntoo.car.racing.games","packageID":"com.buntoo.car.racing.games"},"showTemplate":1,"s2s_tracking_url":"https:\/\/play.google.com\/store\/apps\/details?id=com.buntoo.car.racing.games","activeCreativeID":"4964","scenes":["12","1","8","6","15","2"],"campaignAdType":"Interstitial","productId":"","purchaseBit":0,"licenseKey":""},{"campaignID":"9586","attribution":0,"priority":"8","appToPromote":{"appToPromoteID":"515","usesDefaultFrameImage":"1","usesDefaultCloseImage":"1","marketURL":"https:\/\/play.google.com\/store\/apps\/details?id=com.plum.cash.counter.simualtor","packageID":"com.plum.cash.counter.simualtor"},"showTemplate":1,"s2s_tracking_url":"https:\/\/play.google.com\/store\/apps\/details?id=com.plum.cash.counter.simualtor","activeCreativeID":"50","scenes":["12","1","8","6","15","2"],"campaignAdType":"Interstitial","productId":"","purchaseBit":0,"licenseKey":""},{"campaignID":"9587","attribution":0,"priority":"8","appToPromote":{"appToPromoteID":"515","usesDefaultFrameImage":"1","usesDefaultCloseImage":"1","marketURL":"https:\/\/play.google.com\/store\/apps\/details?id=com.plum.cash.counter.simualtor","packageID":"com.plum.cash.counter.simualtor"},"showTemplate":1,"s2s_tracking_url":"https:\/\/play.google.com\/store\/apps\/details?id=com.plum.cash.counter.simualtor","activeCreativeID":"50","scenes":["12","1","8","6","15","2"],"campaignAdType":"Interstitial","productId":"","purchaseBit":0,"licenseKey":""},{"campaignID":"9588","attribution":0,"priority":"8","appToPromote":{"appToPromoteID":"515","usesDefaultFrameImage":"1","usesDefaultCloseImage":"1","marketURL":"https:\/\/play.google.com\/store\/apps\/details?id=com.plum.cash.counter.simualtor","packageID":"com.plum.cash.counter.simualtor"},"showTemplate":1,"s2s_tracking_url":"https:\/\/play.google.com\/store\/apps\/details?id=com.plum.cash.counter.simualtor","activeCreativeID":"50","scenes":["12","1","8","6","15","2"],"campaignAdType":"Interstitial","productId":"","purchaseBit":0,"licenseKey":""},{"campaignID":"9589","attribution":0,"priority":"8","appToPromote":{"appToPromoteID":"515","usesDefaultFrameImage":"1","usesDefaultCloseImage":"1","marketURL":"https:\/\/play.google.com\/store\/apps\/details?id=com.plum.cash.counter.simualtor","packageID":"com.plum.cash.counter.simualtor"},"showTemplate":1,"s2s_tracking_url":"https:\/\/play.google.com\/store\/apps\/details?id=com.plum.cash.counter.simualtor","activeCreativeID":"50","scenes":["12","1","8","6","15","2"],"campaignAdType":"Interstitial","productId":"","purchaseBit":0,"licenseKey":""},{"campaignID":"9131","attribution":0,"priority":"8","appToPromote":{"appToPromoteID":"17532","usesDefaultFrameImage":"0","usesDefaultCloseImage":"0","marketURL":"https:\/\/play.google.com\/store\/apps\/details?id=com.dhgate.buyermob","packageID":"com.dhgate.buyermob"},"showTemplate":1,"s2s_tracking_url":"https:\/\/tha.gotrackier.com\/click?campaign_id=63254\\u0026pub_id=75?p1=2450_9131_973&amp;source=6841&amp;app_name=ArmyCommandoSurvivalIsland&amp;gaid=973","activeCreativeID":"4483","scenes":["12","1","8","6","15","2"],"campaignAdType":"Interstitial","productId":"","purchaseBit":0,"licenseKey":""},{"campaignID":"8380","attribution_link":"","attribution":1,"priority":"7","appToPromote":{"appToPromoteID":"16480","usesDefaultFrameImage":"0","usesDefaultCloseImage":"0","marketURL":"https:\/\/play.google.com\/store\/apps\/details?id=com.nag.home.manager.working.virtual.mom","packageID":"com.GSS317.AmazingFamily"},"showTemplate":1,"s2s_tracking_url":"","activeCreativeID":"3720","scenes":["12","1","8","6","15","2"],"campaignAdType":"Interstitial","productId":"","purchaseBit":0,"licenseKey":""},{"campaignID":"444","attribution":0,"priority":"6","appToPromote":{"appToPromoteID":"3355","usesDefaultFrameImage":"0","usesDefaultCloseImage":"0","marketURL":"https:\/\/play.google.com\/store\/apps\/details?id=com.popnsons.parkour.mouse","packageID":"com.popnsons.parkour.mouse"},"showTemplate":1,"s2s_tracking_url":"https:\/\/play.google.com\/store\/apps\/details?id=com.popnsons.parkour.mouse","activeCreativeID":"469","scenes":["12","1","8","6","15","2"],"campaignAdType":"Interstitial","productId":"","purchaseBit":0,"licenseKey":""},{"campaignID":"561","attribution":0,"priority":"6","appToPromote":{"appToPromoteID":"5026","usesDefaultFrameImage":"0","usesDefaultCloseImage":"0","marketURL":"https:\/\/play.google.com\/store\/apps\/details?id=com.as.cashupapp","packageID":"com.as.cashupapp"},"showTemplate":1,"s2s_tracking_url":"https:\/\/play.google.com\/store\/apps\/details?id=com.as.cashupapp","activeCreativeID":"652","scenes":["12","1","8","6","15","2"],"campaignAdType":"Interstitial","productId":"","purchaseBit":0,"licenseKey":""},{"campaignID":"570","attribution":0,"priority":"6","appToPromote":{"appToPromoteID":"3802","usesDefaultFrameImage":"0","usesDefaultCloseImage":"0","marketURL":"https:\/\/play.google.com\/store\/apps\/details?id=com.Madxstudios.Flickshootsoccer","packageID":"com.Madxstudios.Flickshootsoccer"},"showTemplate":1,"s2s_tracking_url":"https:\/\/play.google.com\/store\/apps\/details?id=com.Madxstudios.Flickshootsoccer","activeCreativeID":"661","scenes":["12","1","8","6","15","2"],"campaignAdType":"Interstitial","productId":"","purchaseBit":0,"licenseKey":""},{"campaignID":"588","attribution":0,"priority":"6","appToPromote":{"appToPromoteID":"5026","usesDefaultFrameImage":"0","usesDefaultCloseImage":"0","marketURL":"https:\/\/play.google.com\/store\/apps\/details?id=com.as.cashupapp","packageID":"com.as.cashupapp"},"showTemplate":1,"s2s_tracking_url":"https:\/\/play.google.com\/store\/apps\/details?id=com.as.cashupapp","activeCreativeID":"652","scenes":["12","1","8","6","15","2"],"campaignAdType":"Interstitial","productId":"","purchaseBit":0,"licenseKey":""},{"campaignID":"8808","attribution_link":"","attribution":1,"priority":"5","appToPromote":{"appToPromoteID":"16528","usesDefaultFrameImage":"0","usesDefaultCloseImage":"0","marketURL":"https:\/\/play.google.com\/store\/apps\/details?id=com.bag.farm.day.village.farming.games","packageID":"com.GSS317.com.bag.farm.day.village.farming.games"},"showTemplate":1,"s2s_tracking_url":"","activeCreativeID":"3775","scenes":["12","1","8","6","15","2"],"campaignAdType":"Interstitial","productId":"","purchaseBit":0,"licenseKey":""},{"campaignID":"8876","attribution":0,"priority":"5","appToPromote":{"appToPromoteID":"15640","usesDefaultFrameImage":"0","usesDefaultCloseImage":"0","marketURL":"https:\/\/play.google.com\/store\/apps\/details?id=com.pgz.police.bike.stunt.ramp.bike.racing.games","packageID":"com.pgz.police.bike.stunt.ramp.bike.racing.games"},"showTemplate":1,"s2s_tracking_url":"https:\/\/play.google.com\/store\/apps\/details?id=com.pgz.police.bike.stunt.ramp.bike.racing.games","activeCreativeID":"4236","scenes":["12","1","8","6","15","2"],"campaignAdType":"Interstitial","productId":"","purchaseBit":0,"licenseKey":""},{"campaignID":"8972","attribution":0,"priority":"5","appToPromote":{"appToPromoteID":"15974","usesDefaultFrameImage":"0","usesDefaultCloseImage":"0","marketURL":"https:\/\/play.google.com\/store\/apps\/details?id=com.mustardgames.bmx.cycle.stunt.mega.ramp.impossibletracks","packageID":"com.mustardgames.bmx.cycle.stunt.mega.ramp.impossibletracks"},"showTemplate":1,"s2s_tracking_url":"https:\/\/play.google.com\/store\/apps\/details?id=com.mustardgames.bmx.cycle.stunt.mega.ramp.impossibletracks","activeCreativeID":"4339","scenes":["12","1","8","6","15","2"],"campaignAdType":"Interstitial","productId":"","purchaseBit":0,"licenseKey":""},{"campaignID":"8973","attribution":0,"priority":"5","appToPromote":{"appToPromoteID":"15974","usesDefaultFrameImage":"0","usesDefaultCloseImage":"0","marketURL":"https:\/\/play.google.com\/store\/apps\/details?id=com.mustardgames.bmx.cycle.stunt.mega.ramp.impossibletracks","packageID":"com.mustardgames.bmx.cycle.stunt.mega.ramp.impossibletracks"},"showTemplate":1,"s2s_tracking_url":"https:\/\/play.google.com\/store\/apps\/details?id=com.mustardgames.bmx.cycle.stunt.mega.ramp.impossibletracks","activeCreativeID":"4339","scenes":["12","1","8","6","15","2"],"campaignAdType":"Interstitial","productId":"","purchaseBit":0,"licenseKey":""},{"campaignID":"8974","attribution":0,"priority":"5","appToPromote":{"appToPromoteID":"15974","usesDefaultFrameImage":"0","usesDefaultCloseImage":"0","marketURL":"https:\/\/play.google.com\/store\/apps\/details?id=com.mustardgames.bmx.cycle.stunt.mega.ramp.impossibletracks","packageID":"com.mustardgames.bmx.cycle.stunt.mega.ramp.impossibletracks"},"showTemplate":1,"s2s_tracking_url":"https:\/\/play.google.com\/store\/apps\/details?id=com.mustardgames.bmx.cycle.stunt.mega.ramp.impossibletracks","activeCreativeID":"3564","scenes":["12","1","8","6","15","2"],"campaignAdType":"Video","productId":"","purchaseBit":0,"licenseKey":""},{"campaignID":"557","attribution":0,"priority":"4","appToPromote":{"appToPromoteID":"4959","usesDefaultFrameImage":"0","usesDefaultCloseImage":"0","marketURL":"https:\/\/play.google.com\/store\/apps\/details?id=com.jet.plane.surfers.joyride.dash","packageID":"com.jet.plane.surfers.joyride.dash"},"showTemplate":1,"s2s_tracking_url":"https:\/\/play.google.com\/store\/apps\/details?id=com.jet.plane.surfers.joyride.dash","activeCreativeID":"645","scenes":["12","1","8","6","15","2"],"campaignAdType":"Interstitial","productId":"","purchaseBit":0,"licenseKey":""},{"campaignID":"8747","attribution":0,"priority":"3","appToPromote":{"appToPromoteID":"16244","usesDefaultFrameImage":"0","usesDefaultCloseImage":"0","marketURL":"https:\/\/play.google.com\/store\/apps\/details?id=com.mustardgames.formula.car.racing.ramp.car.stunt.impossible.tracks","packageID":"com.mustardgames.formula.car.racing.ramp.car.stunt.impossible.tracks"},"showTemplate":1,"s2s_tracking_url":"https:\/\/play.google.com\/store\/apps\/details?id=com.mustardgames.formula.car.racing.ramp.car.stunt.impossible.tracks","activeCreativeID":"3993","scenes":["12","1","8","6","15","2"],"campaignAdType":"Video","productId":"","purchaseBit":0,"licenseKey":""},{"campaignID":"414","attribution":0,"priority":"3","appToPromote":{"appToPromoteID":"3023","usesDefaultFrameImage":"0","usesDefaultCloseImage":"0","marketURL":"https:\/\/play.google.com\/store\/apps\/details?id=com.appricot2d.rolo.pet.parrot","packageID":"com.appricot2d.rolo.pet.parrot"},"showTemplate":1,"s2s_tracking_url":"https:\/\/play.google.com\/store\/apps\/details?id=com.appricot2d.rolo.pet.parrot","activeCreativeID":"385","scenes":["12","1","8","6","15","2"],"campaignAdType":"Interstitial","productId":"","purchaseBit":0,"licenseKey":""},{"campaignID":"559","attribution":0,"priority":"3","appToPromote":{"appToPromoteID":"3476","usesDefaultFrameImage":"0","usesDefaultCloseImage":"0","marketURL":"https:\/\/play.google.com\/store\/apps\/details?id=com.perspectivegames.real.impossible.tracks.stunts","packageID":"com.perspectivegames.real.impossible.tracks.stunts"},"showTemplate":1,"s2s_tracking_url":"https:\/\/play.google.com\/store\/apps\/details?id=com.perspectivegames.real.impossible.tracks.stunts","activeCreativeID":"649","scenes":["12","1","8","6","15","2"],"campaignAdType":"Interstitial","productId":"","purchaseBit":0,"licenseKey":""},{"campaignID":"741","attribution":0,"priority":"3","appToPromote":{"appToPromoteID":"5609","usesDefaultFrameImage":"0","usesDefaultCloseImage":"0","marketURL":"https:\/\/play.google.com\/store\/apps\/details?id=com.kick.gyroscopic.city.train.driver.simulator","packageID":"com.kick.gyroscopic.city.train.driver.simulator"},"showTemplate":1,"s2s_tracking_url":"https:\/\/play.google.com\/store\/apps\/details?id=com.kick.gyroscopic.city.train.driver.simulator","activeCreativeID":"753","scenes":["12","1","8","6","15","2"],"campaignAdType":"Interstitial","productId":"","purchaseBit":0,"licenseKey":""},{"campaignID":"798","attribution":0,"priority":"3","appToPromote":{"appToPromoteID":"5770","usesDefaultFrameImage":"0","usesDefaultCloseImage":"0","marketURL":"https:\/\/play.google.com\/store\/apps\/details?id=com.simulatorgames3d.alohacelebrations","packageID":"com.simulatorgames3d.alohacelebrations"},"showTemplate":1,"s2s_tracking_url":"https:\/\/play.google.com\/store\/apps\/details?id=com.simulatorgames3d.alohacelebrations","activeCreativeID":"787","scenes":["12","1","8","6","15","2"],"campaignAdType":"Interstitial","productId":"","purchaseBit":0,"licenseKey":""},{"campaignID":"1483","attribution":0,"priority":"3","appToPromote":{"appToPromoteID":"1714","usesDefaultFrameImage":"1","usesDefaultCloseImage":"1","marketURL":"https:\/\/play.google.com\/store\/apps\/details?id=com.playink.cookie.maker","packageID":"com.playink.cookie.maker"},"showTemplate":1,"s2s_tracking_url":"https:\/\/play.google.com\/store\/apps\/details?id=com.playink.cookie.maker","activeCreativeID":"1020","scenes":["12","1","8","6","15","2"],"campaignAdType":"Interstitial","productId":"","purchaseBit":0,"licenseKey":""},{"campaignID":"8762","attribution":0,"priority":"2","appToPromote":{"appToPromoteID":"13265","usesDefaultFrameImage":"0","usesDefaultCloseImage":"0","marketURL":"https:\/\/play.google.com\/store\/apps\/details?id=com.rhg.tricky.bike.stunt.moto.master","packageID":"com.rhg.tricky.bike.stunt.moto.master"},"showTemplate":1,"s2s_tracking_url":"https:\/\/play.google.com\/store\/apps\/details?id=com.rhg.tricky.bike.stunt.moto.master","activeCreativeID":"4121","scenes":["12","1","8","6","15","2"],"campaignAdType":"Rewarded Video","productId":"","purchaseBit":0,"licenseKey":""},{"campaignID":"8971","attribution":0,"priority":"2","appToPromote":{"appToPromoteID":"15640","usesDefaultFrameImage":"0","usesDefaultCloseImage":"0","marketURL":"https:\/\/play.google.com\/store\/apps\/details?id=com.pgz.police.bike.stunt.ramp.bike.racing.games","packageID":"com.pgz.police.bike.stunt.ramp.bike.racing.games"},"showTemplate":1,"s2s_tracking_url":"https:\/\/play.google.com\/store\/apps\/details?id=com.pgz.police.bike.stunt.ramp.bike.racing.games","activeCreativeID":"4236","scenes":["12","1","8","6","15","2"],"campaignAdType":"Interstitial","productId":"","purchaseBit":0,"licenseKey":""},{"campaignID":"9366","attribution":0,"priority":"2","appToPromote":{"appToPromoteID":"17602","usesDefaultFrameImage":"0","usesDefaultCloseImage":"0","marketURL":"https:\/\/play.google.com\/store\/apps\/details?id=com.abaenglish.videoclass&amp;referrer=utm_source=42matters.com&amp;utm_medium=api","packageID":"com.abaenglish.videoclass"},"showTemplate":1,"s2s_tracking_url":"https:\/\/play.google.com\/store\/apps\/details?id=com.abaenglish.videoclass&amp;referrer=utm_source=42matters.com&amp;utm_medium=api","activeCreativeID":"4815","scenes":["12","1","8","6","15","2"],"campaignAdType":"Interstitial","productId":"","purchaseBit":0,"licenseKey":""},{"campaignID":"9367","attribution":0,"priority":"2","appToPromote":{"appToPromoteID":"17602","usesDefaultFrameImage":"0","usesDefaultCloseImage":"0","marketURL":"https:\/\/play.google.com\/store\/apps\/details?id=com.abaenglish.videoclass&amp;referrer=utm_source=42matters.com&amp;utm_medium=api","packageID":"com.abaenglish.videoclass"},"showTemplate":1,"s2s_tracking_url":"https:\/\/play.google.com\/store\/apps\/details?id=com.abaenglish.videoclass&amp;referrer=utm_source=42matters.com&amp;utm_medium=api","activeCreativeID":"4815","scenes":["12","1","8","6","15","2"],"campaignAdType":"Interstitial","productId":"","purchaseBit":0,"licenseKey":""},{"campaignID":"9368","attribution":0,"priority":"2","appToPromote":{"appToPromoteID":"17602","usesDefaultFrameImage":"0","usesDefaultCloseImage":"0","marketURL":"https:\/\/play.google.com\/store\/apps\/details?id=com.abaenglish.videoclass&amp;referrer=utm_source=42matters.com&amp;utm_medium=api","packageID":"com.abaenglish.videoclass"},"showTemplate":1,"s2s_tracking_url":"https:\/\/play.google.com\/store\/apps\/details?id=com.abaenglish.videoclass&amp;referrer=utm_source=42matters.com&amp;utm_medium=api","activeCreativeID":"4815","scenes":["12","1","8","6","15","2"],"campaignAdType":"Interstitial","productId":"","purchaseBit":0,"licenseKey":""},{"campaignID":"9369","attribution":0,"priority":"2","appToPromote":{"appToPromoteID":"17602","usesDefaultFrameImage":"0","usesDefaultCloseImage":"0","marketURL":"https:\/\/play.google.com\/store\/apps\/details?id=com.abaenglish.videoclass&amp;referrer=utm_source=42matters.com&amp;utm_medium=api","packageID":"com.abaenglish.videoclass"},"showTemplate":1,"s2s_tracking_url":"https:\/\/play.google.com\/store\/apps\/details?id=com.abaenglish.videoclass&amp;referrer=utm_source=42matters.com&amp;utm_medium=api","activeCreativeID":"4815","scenes":["12","1","8","6","15","2"],"campaignAdType":"Interstitial","productId":"","purchaseBit":0,"licenseKey":""}],"refreshAdRate":30,"mode":"Production","aspectRatio":"4_3","cdnPath":"https:\/\/df8ymybeo92md.cloudfront.net\/images\/","sentry_log":0,"local_logging":0,"sentry_dsn":"https:\/\/93ffa1c9a4124f67b8888a53265f751a:bbf998e04584477fa9a145838e9d3b26@sentry.io\/168994","sentry_initialization":1,"sentry_debugging":0,"bannerSizes":["5"],"aspectRatioVideo":"16_9","app_id":"2450","showPreRewardedDialogue":0,"showPostRewardedDialogue":0,"rewardCurrency":"coins","rewardValue":0,"isSkipable":0,"privacyPolicyURL":"https:\/\/www.consoliads.com\/privacy-policy\/","sessionToken":"DExPqYfCF3Ctdu\/vtnkb4dX2cys8CWJZ0a8HlLXwQhB+AHxEIjYkHYEKauy8BGtISB3+KpuB4I7CR7yaQu4wwdHvheEVtwN3n372beLiJWHQ0RsLkzBbAMwuST\/lAYADz2ehs78ddy4J6qiHrfg5W0\/XbGFUoXOuNuxRHPh6Jzk="}
Session token value is set


{"appKey":"9bfb78f6a7b11d99e8e05f5d9ad5562d","deviceID":"8573","stats":[{"campaignID":211,"packageID":"com.whitesand.pit.stop.car.mechanic","sceneStats":[{"sceneID":"22","eventStats":"385,285,185,85,85,0,0"}]}],"sdkVersion":"2286","sessionToken":"DExPqYfCF3Ctdu\/vtnkb4dX2cys8CWJZ0a8HlLXwQhB+AHxEIjYkHYEKauy8BGtISB3+KpuB4I7CR7yaQu4wwdHvheEVtwN3n372beLiJWHQ0RsLkzBbAMwuST\/lAYADz2ehs78ddy4J6qiHrfg5W0\/XbGFUoXOuNuxRHPh6Jzk="}
cache_ttl value is correct

Title value is correct

Title value is correct

Title value is correct

Title value is correct

Title value is correct

Title value is correct

Refresh Ad Rate value is correct
mode value is set

 Aspect ratio value is correct
sentry_log value is set
local_logging value is set
sentry_initialization value is set
sentry_debugging value is set
showPreRewardedDialogue value is set
showPostRewardedDialogue value is set
isSkipable value is set
{"cache_ttl":10080,"cache_ttl_rewarded":10080,"cache_ttl_banner":10080,"cache_ttl_native":10080,"cache_ttl_icon":10080,"campaigns":[{"campaignID":"9017","attribution":0,"priority":"5","appToPromote":{"appToPromoteID":"12567","usesDefaultFrameImage":"0","usesDefaultCloseImage":"0","marketURL":"https:\/\/play.google.com\/store\/apps\/details?id=com.deg.desert.car.destruction.derby.crash.stunts.racing","packageID":"com.deg.desert.car.destruction.derby.crash.stunts.racing"},"showTemplate":1,"s2s_tracking_url":"https:\/\/play.google.com\/store\/apps\/details?id=com.deg.desert.car.destruction.derby.crash.stunts.racing","activeCreativeID":"4381","scenes":["27","1","2","3","4","5","6","7","8","9","10","11","12","13","14","15","21","24"],"campaignAdType":"Icon","productId":"","purchaseBit":0,"licenseKey":""},{"campaignID":"9376","attribution":2,"priority":"5","appToPromote":{"appToPromoteID":"13421","usesDefaultFrameImage":"0","usesDefaultCloseImage":"0","marketURL":"http:\/\/www.google.com","packageID":"com.appricot2d.testt"},"showTemplate":1,"s2s_tracking_url":"http:\/\/www.google.com","activeCreativeID":"4680","scenes":["27","1","2","3","4","5","6","7","8","9","10","11","12","13","14","15","21","24"],"campaignAdType":"Interstitial","productId":"","purchaseBit":0,"licenseKey":""},{"campaignID":"9385","attribution":0,"priority":"5","appToPromote":{"appToPromoteID":"9497","usesDefaultFrameImage":"0","usesDefaultCloseImage":"0","marketURL":"https:\/\/play.google.com\/store\/apps\/details?id=com.appricot2d.barber.shop.hair.salon.hair.cutting.games","packageID":"com.appricot2d.barber.shop.hair.salon.hair.cutting.games"},"showTemplate":1,"s2s_tracking_url":"https:\/\/play.google.com\/store\/apps\/details?id=com.appricot2d.barber.shop.hair.salon.hair.cutting.games","activeCreativeID":"4572","scenes":["27","1","2","3","4","5","6","7","8","9","10","11","12","13","14","15","21","24"],"campaignAdType":"Interstitial","productId":"","purchaseBit":0,"licenseKey":""},{"campaignID":"7297","attribution":0,"priority":"5","appToPromote":{"appToPromoteID":"11734","usesDefaultFrameImage":"0","usesDefaultCloseImage":"0","marketURL":"https:\/\/play.google.com\/store\/apps\/details?id=com.appricot2d.cooking.restaurent.food.chef.kitchen.game","packageID":"com.appricot2d.cooking.restaurent.food.chef.kitchen.game"},"showTemplate":1,"s2s_tracking_url":"https:\/\/play.google.com\/store\/apps\/details?id=com.appricot2d.cooking.restaurent.food.chef.kitchen.game","activeCreativeID":"2436","scenes":["27","1","2","3","4","5","6","7","8","9","10","11","12","13","14","15","21","24"],"campaignAdType":"Interstitial","productId":"","purchaseBit":0,"licenseKey":""},{"campaignID":"7298","attribution":0,"priority":"5","appToPromote":{"appToPromoteID":"11734","usesDefaultFrameImage":"0","usesDefaultCloseImage":"0","marketURL":"https:\/\/play.google.com\/store\/apps\/details?id=com.appricot2d.cooking.restaurent.food.chef.kitchen.game","packageID":"com.appricot2d.cooking.restaurent.food.chef.kitchen.game"},"showTemplate":1,"s2s_tracking_url":"https:\/\/play.google.com\/store\/apps\/details?id=com.appricot2d.cooking.restaurent.food.chef.kitchen.game","activeCreativeID":"2437","scenes":["27","1","2","3","4","5","6","7","8","9","10","11","12","13","14","15","21","24"],"campaignAdType":"Icon","productId":"","purchaseBit":0,"licenseKey":""},{"campaignID":"8691","attribution":0,"priority":"5","appToPromote":{"appToPromoteID":"16801","usesDefaultFrameImage":"0","usesDefaultCloseImage":"0","marketURL":"https:\/\/play.google.com\/store\/apps\/details?id=com.yhi.robot.flying.bike.taxi.simulator.games","packageID":"com.yhi.robot.flying.bike.taxi.simulator.games"},"showTemplate":1,"s2s_tracking_url":"https:\/\/play.google.com\/store\/apps\/details?id=com.yhi.robot.flying.bike.taxi.simulator.games","activeCreativeID":"4051","scenes":["1"],"campaignAdType":"Icon","productId":"","purchaseBit":0,"licenseKey":""},{"campaignID":"8378","attribution":0,"priority":"8","appToPromote":{"appToPromoteID":"16480","usesDefaultFrameImage":"0","usesDefaultCloseImage":"0","marketURL":"https:\/\/play.google.com\/store\/apps\/details?id=com.nag.home.manager.working.virtual.mom","packageID":"com.GSS317.AmazingFamily"},"showTemplate":1,"s2s_tracking_url":"https:\/\/play.google.com\/store\/apps\/details?id=com.nag.home.manager.working.virtual.mom","activeCreativeID":"3720","scenes":["27","1","2","3","4","5","6","7","8","9","10","11","12","13","14","15","21","24"],"campaignAdType":"Interstitial","productId":"","purchaseBit":0,"licenseKey":""},{"campaignID":"9252","attribution":0,"priority":"8","appToPromote":{"appToPromoteID":"12315","usesDefaultFrameImage":"0","usesDefaultCloseImage":"0","marketURL":"google.com","packageID":"com.qabrand.plnative"},"showTemplate":1,"s2s_tracking_url":"google.com","activeCreativeID":"4683","scenes":["27","1","2","3","4","5","6","7","8","9","10","11","12","13","14","15","21","24"],"campaignAdType":"Native","title":"Native first","subTitle":"First ","description":"New description","adClickThroughText":"FIRST Button","productId":"","purchaseBit":0,"licenseKey":""},{"campaignID":"9253","attribution":0,"priority":"8","appToPromote":{"appToPromoteID":"12315","usesDefaultFrameImage":"0","usesDefaultCloseImage":"0","marketURL":"google.com","packageID":"com.qabrand.plnative"},"showTemplate":1,"s2s_tracking_url":"google.com","activeCreativeID":"4683","scenes":["27","1","2","3","4","5","6","7","8","9","10","11","12","13","14","15","21","24"],"campaignAdType":"Native","title":"Native first","subTitle":"First ","description":"New description","adClickThroughText":"FIRST Button","productId":"","purchaseBit":0,"licenseKey":""},{"campaignID":"9255","attribution":0,"priority":"8","appToPromote":{"appToPromoteID":"13274","usesDefaultFrameImage":"0","usesDefaultCloseImage":"0","marketURL":"https:\/\/play.google.com\/store\/apps\/details?id=com.facebook.katana","packageID":"com.salon.adsalon"},"showTemplate":1,"s2s_tracking_url":"https:\/\/play.google.com\/store\/apps\/details?id=com.facebook.katana","activeCreativeID":"4685","scenes":["27","1","2","3","4","5","6","7","8","9","10","11","12","13","14","15","21","24"],"campaignAdType":"Native","title":"native NA ","subTitle":"native NA ","description":"native NA added","adClickThroughText":"native NA ","productId":"","purchaseBit":0,"licenseKey":""},{"campaignID":"9257","attribution":0,"priority":"8","appToPromote":{"appToPromoteID":"12286","usesDefaultFrameImage":"0","usesDefaultCloseImage":"0","marketURL":"google.com","packageID":"com.qabrand.Chartboost_Native"},"showTemplate":1,"s2s_tracking_url":"google.com","activeCreativeID":"4688","scenes":["27","1","2","3","4","5","6","7","8","9","10","11","12","13","14","15","21","24"],"campaignAdType":"Native","title":"Native second updated","subTitle":"Native second ","description":"Native second details","adClickThroughText":"Native second ","productId":"","purchaseBit":0,"licenseKey":""},{"campaignID":"9263","attribution":0,"priority":"8","appToPromote":{"appToPromoteID":"12315","usesDefaultFrameImage":"0","usesDefaultCloseImage":"0","marketURL":"google.com","packageID":"com.qabrand.plnative"},"showTemplate":1,"s2s_tracking_url":"google.com","activeCreativeID":"4694","scenes":["27","1","2","3","4","5","6","7","8","9","10","11","12","13","14","15","21","24"],"campaignAdType":"Native","title":"test","subTitle":"test","description":" test details update","adClickThroughText":"test","productId":"","purchaseBit":0,"licenseKey":""},{"campaignID":"9547","attribution":0,"priority":"8","appToPromote":{"appToPromoteID":"11879","usesDefaultFrameImage":"0","usesDefaultCloseImage":"0","marketURL":"https:\/\/play.google.com\/store\/apps\/details?id=com.buntoo.car.racing.games","packageID":"com.buntoo.car.racing.games"},"showTemplate":1,"s2s_tracking_url":"https:\/\/play.google.com\/store\/apps\/details?id=com.buntoo.car.racing.games","activeCreativeID":"4964","scenes":["27","1","2","3","4","5","6","7","8","9","10","11","12","13","14","15","21","24"],"campaignAdType":"Interstitial","productId":"","purchaseBit":0,"licenseKey":""},{"campaignID":"9127","attribution":0,"priority":"8","appToPromote":{"appToPromoteID":"17528","usesDefaultFrameImage":"0","usesDefaultCloseImage":"0","marketURL":"https:\/\/play.google.com\/store\/apps\/details?id=net.one97.paytm","packageID":"net.one97.paytm"},"showTemplate":1,"s2s_tracking_url":"https:\/\/tha.gotrackier.com\/click?campaign_id=63249\\u0026pub_id=75?p1=2504_9127_8573&amp;source=6841&amp;app_name=PitStopCarMechanic&amp;gaid=8573","activeCreativeID":"4788","scenes":["27","1","2","3","4","5","6","7","8","9","10","11","12","13","14","15","21","24"],"campaignAdType":"Native","title":"BCA","subTitle":"FW","description":"nope","adClickThroughText":"Link","productId":"","purchaseBit":0,"licenseKey":""},{"campaignID":"9131","attribution":0,"priority":"8","appToPromote":{"appToPromoteID":"17532","usesDefaultFrameImage":"0","usesDefaultCloseImage":"0","marketURL":"https:\/\/play.google.com\/store\/apps\/details?id=com.dhgate.buyermob","packageID":"com.dhgate.buyermob"},"showTemplate":1,"s2s_tracking_url":"https:\/\/tha.gotrackier.com\/click?campaign_id=63254\\u0026pub_id=75?p1=2504_9131_8573&amp;source=6841&amp;app_name=PitStopCarMechanic&amp;gaid=8573","activeCreativeID":"4483","scenes":["27","1","2","3","4","5","6","7","8","9","10","11","12","13","14","15","21","24"],"campaignAdType":"Interstitial","productId":"","purchaseBit":0,"licenseKey":""},{"campaignID":"8380","attribution_link":"","attribution":1,"priority":"7","appToPromote":{"appToPromoteID":"16480","usesDefaultFrameImage":"0","usesDefaultCloseImage":"0","marketURL":"https:\/\/play.google.com\/store\/apps\/details?id=com.nag.home.manager.working.virtual.mom","packageID":"com.GSS317.AmazingFamily"},"showTemplate":1,"s2s_tracking_url":"","activeCreativeID":"3720","scenes":["27","1","2","3","4","5","6","7","8","9","10","11","12","13","14","15","21","24"],"campaignAdType":"Interstitial","productId":"","purchaseBit":0,"licenseKey":""},{"campaignID":"444","attribution":0,"priority":"6","appToPromote":{"appToPromoteID":"3355","usesDefaultFrameImage":"0","usesDefaultCloseImage":"0","marketURL":"https:\/\/play.google.com\/store\/apps\/details?id=com.popnsons.parkour.mouse","packageID":"com.popnsons.parkour.mouse"},"showTemplate":1,"s2s_tracking_url":"https:\/\/play.google.com\/store\/apps\/details?id=com.popnsons.parkour.mouse","activeCreativeID":"469","scenes":["27","1","2","3","4","5","6","7","8","9","10","11","12","13","14","15","21","24"],"campaignAdType":"Interstitial","productId":"","purchaseBit":0,"licenseKey":""},{"campaignID":"561","attribution":0,"priority":"6","appToPromote":{"appToPromoteID":"5026","usesDefaultFrameImage":"0","usesDefaultCloseImage":"0","marketURL":"https:\/\/play.google.com\/store\/apps\/details?id=com.as.cashupapp","packageID":"com.as.cashupapp"},"showTemplate":1,"s2s_tracking_url":"https:\/\/play.google.com\/store\/apps\/details?id=com.as.cashupapp","activeCreativeID":"652","scenes":["27","1","2","3","4","5","6","7","8","9","10","11","12","13","14","15","21","24"],"campaignAdType":"Interstitial","productId":"","purchaseBit":0,"licenseKey":""},{"campaignID":"570","attribution":0,"priority":"6","appToPromote":{"appToPromoteID":"3802","usesDefaultFrameImage":"0","usesDefaultCloseImage":"0","marketURL":"https:\/\/play.google.com\/store\/apps\/details?id=com.Madxstudios.Flickshootsoccer","packageID":"com.Madxstudios.Flickshootsoccer"},"showTemplate":1,"s2s_tracking_url":"https:\/\/play.google.com\/store\/apps\/details?id=com.Madxstudios.Flickshootsoccer","activeCreativeID":"661","scenes":["27","1","2","3","4","5","6","7","8","9","10","11","12","13","14","15","21","24"],"campaignAdType":"Interstitial","productId":"","purchaseBit":0,"licenseKey":""},{"campaignID":"588","attribution":0,"priority":"6","appToPromote":{"appToPromoteID":"5026","usesDefaultFrameImage":"0","usesDefaultCloseImage":"0","marketURL":"https:\/\/play.google.com\/store\/apps\/details?id=com.as.cashupapp","packageID":"com.as.cashupapp"},"showTemplate":1,"s2s_tracking_url":"https:\/\/play.google.com\/store\/apps\/details?id=com.as.cashupapp","activeCreativeID":"652","scenes":["27","1","2","3","4","5","6","7","8","9","10","11","12","13","14","15","21","24"],"campaignAdType":"Interstitial","productId":"","purchaseBit":0,"licenseKey":""},{"campaignID":"8808","attribution_link":"","attribution":1,"priority":"5","appToPromote":{"appToPromoteID":"16528","usesDefaultFrameImage":"0","usesDefaultCloseImage":"0","marketURL":"https:\/\/play.google.com\/store\/apps\/details?id=com.bag.farm.day.village.farming.games","packageID":"com.GSS317.com.bag.farm.day.village.farming.games"},"showTemplate":1,"s2s_tracking_url":"","activeCreativeID":"3775","scenes":["27","1","2","3","4","5","6","7","8","9","10","11","12","13","14","15","21","24"],"campaignAdType":"Interstitial","productId":"","purchaseBit":0,"licenseKey":""},{"campaignID":"8973","attribution":0,"priority":"5","appToPromote":{"appToPromoteID":"15974","usesDefaultFrameImage":"0","usesDefaultCloseImage":"0","marketURL":"https:\/\/play.google.com\/store\/apps\/details?id=com.mustardgames.bmx.cycle.stunt.mega.ramp.impossibletracks","packageID":"com.mustardgames.bmx.cycle.stunt.mega.ramp.impossibletracks"},"showTemplate":1,"s2s_tracking_url":"https:\/\/play.google.com\/store\/apps\/details?id=com.mustardgames.bmx.cycle.stunt.mega.ramp.impossibletracks","activeCreativeID":"4339","scenes":["27","1","2","3","4","5","6","7","8","9","10","11","12","13","14","15","21","24"],"campaignAdType":"Interstitial","productId":"","purchaseBit":0,"licenseKey":""},{"campaignID":"557","attribution":0,"priority":"4","appToPromote":{"appToPromoteID":"4959","usesDefaultFrameImage":"0","usesDefaultCloseImage":"0","marketURL":"https:\/\/play.google.com\/store\/apps\/details?id=com.jet.plane.surfers.joyride.dash","packageID":"com.jet.plane.surfers.joyride.dash"},"showTemplate":1,"s2s_tracking_url":"https:\/\/play.google.com\/store\/apps\/details?id=com.jet.plane.surfers.joyride.dash","activeCreativeID":"645","scenes":["27","1","2","3","4","5","6","7","8","9","10","11","12","13","14","15","21","24"],"campaignAdType":"Interstitial","productId":"","purchaseBit":0,"licenseKey":""},{"campaignID":"559","attribution":0,"priority":"3","appToPromote":{"appToPromoteID":"3476","usesDefaultFrameImage":"0","usesDefaultCloseImage":"0","marketURL":"https:\/\/play.google.com\/store\/apps\/details?id=com.perspectivegames.real.impossible.tracks.stunts","packageID":"com.perspectivegames.real.impossible.tracks.stunts"},"showTemplate":1,"s2s_tracking_url":"https:\/\/play.google.com\/store\/apps\/details?id=com.perspectivegames.real.impossible.tracks.stunts","activeCreativeID":"649","scenes":["27","1","2","3","4","5","6","7","8","9","10","11","12","13","14","15","21","24"],"campaignAdType":"Interstitial","productId":"","purchaseBit":0,"licenseKey":""},{"campaignID":"741","attribution":0,"priority":"3","appToPromote":{"appToPromoteID":"5609","usesDefaultFrameImage":"0","usesDefaultCloseImage":"0","marketURL":"https:\/\/play.google.com\/store\/apps\/details?id=com.kick.gyroscopic.city.train.driver.simulator","packageID":"com.kick.gyroscopic.city.train.driver.simulator"},"showTemplate":1,"s2s_tracking_url":"https:\/\/play.google.com\/store\/apps\/details?id=com.kick.gyroscopic.city.train.driver.simulator","activeCreativeID":"753","scenes":["27","1","2","3","4","5","6","7","8","9","10","11","12","13","14","15","21","24"],"campaignAdType":"Interstitial","productId":"","purchaseBit":0,"licenseKey":""},{"campaignID":"798","attribution":0,"priority":"3","appToPromote":{"appToPromoteID":"5770","usesDefaultFrameImage":"0","usesDefaultCloseImage":"0","marketURL":"https:\/\/play.google.com\/store\/apps\/details?id=com.simulatorgames3d.alohacelebrations","packageID":"com.simulatorgames3d.alohacelebrations"},"showTemplate":1,"s2s_tracking_url":"https:\/\/play.google.com\/store\/apps\/details?id=com.simulatorgames3d.alohacelebrations","activeCreativeID":"787","scenes":["27","1","2","3","4","5","6","7","8","9","10","11","12","13","14","15","21","24"],"campaignAdType":"Interstitial","productId":"","purchaseBit":0,"licenseKey":""},{"campaignID":"8762","attribution":0,"priority":"2","appToPromote":{"appToPromoteID":"13265","usesDefaultFrameImage":"0","usesDefaultCloseImage":"0","marketURL":"https:\/\/play.google.com\/store\/apps\/details?id=com.rhg.tricky.bike.stunt.moto.master","packageID":"com.rhg.tricky.bike.stunt.moto.master"},"showTemplate":1,"s2s_tracking_url":"https:\/\/play.google.com\/store\/apps\/details?id=com.rhg.tricky.bike.stunt.moto.master","activeCreativeID":"4121","scenes":["27","1","2","3","4","5","6","7","8","9","10","11","12","13","14","15","21","24"],"campaignAdType":"Rewarded Video","productId":"","purchaseBit":0,"licenseKey":""},{"campaignID":"9366","attribution":0,"priority":"2","appToPromote":{"appToPromoteID":"17602","usesDefaultFrameImage":"0","usesDefaultCloseImage":"0","marketURL":"https:\/\/play.google.com\/store\/apps\/details?id=com.abaenglish.videoclass&amp;referrer=utm_source=42matters.com&amp;utm_medium=api","packageID":"com.abaenglish.videoclass"},"showTemplate":1,"s2s_tracking_url":"https:\/\/play.google.com\/store\/apps\/details?id=com.abaenglish.videoclass&amp;referrer=utm_source=42matters.com&amp;utm_medium=api","activeCreativeID":"4815","scenes":["27","1","2","3","4","5","6","7","8","9","10","11","12","13","14","15","21","24"],"campaignAdType":"Interstitial","productId":"","purchaseBit":0,"licenseKey":""},{"campaignID":"9367","attribution":0,"priority":"2","appToPromote":{"appToPromoteID":"17602","usesDefaultFrameImage":"0","usesDefaultCloseImage":"0","marketURL":"https:\/\/play.google.com\/store\/apps\/details?id=com.abaenglish.videoclass&amp;referrer=utm_source=42matters.com&amp;utm_medium=api","packageID":"com.abaenglish.videoclass"},"showTemplate":1,"s2s_tracking_url":"https:\/\/play.google.com\/store\/apps\/details?id=com.abaenglish.videoclass&amp;referrer=utm_source=42matters.com&amp;utm_medium=api","activeCreativeID":"4815","scenes":["27","1","2","3","4","5","6","7","8","9","10","11","12","13","14","15","21","24"],"campaignAdType":"Interstitial","productId":"","purchaseBit":0,"licenseKey":""},{"campaignID":"9368","attribution":0,"priority":"2","appToPromote":{"appToPromoteID":"17602","usesDefaultFrameImage":"0","usesDefaultCloseImage":"0","marketURL":"https:\/\/play.google.com\/store\/apps\/details?id=com.abaenglish.videoclass&amp;referrer=utm_source=42matters.com&amp;utm_medium=api","packageID":"com.abaenglish.videoclass"},"showTemplate":1,"s2s_tracking_url":"https:\/\/play.google.com\/store\/apps\/details?id=com.abaenglish.videoclass&amp;referrer=utm_source=42matters.com&amp;utm_medium=api","activeCreativeID":"4815","scenes":["27","1","2","3","4","5","6","7","8","9","10","11","12","13","14","15","21","24"],"campaignAdType":"Interstitial","productId":"","purchaseBit":0,"licenseKey":""},{"campaignID":"9369","attribution":0,"priority":"2","appToPromote":{"appToPromoteID":"17602","usesDefaultFrameImage":"0","usesDefaultCloseImage":"0","marketURL":"https:\/\/play.google.com\/store\/apps\/details?id=com.abaenglish.videoclass&amp;referrer=utm_source=42matters.com&amp;utm_medium=api","packageID":"com.abaenglish.videoclass"},"showTemplate":1,"s2s_tracking_url":"https:\/\/play.google.com\/store\/apps\/details?id=com.abaenglish.videoclass&amp;referrer=utm_source=42matters.com&amp;utm_medium=api","activeCreativeID":"4815","scenes":["27","1","2","3","4","5","6","7","8","9","10","11","12","13","14","15","21","24"],"campaignAdType":"Interstitial","productId":"","purchaseBit":0,"licenseKey":""}],"refreshAdRate":0,"mode":"Production","aspectRatio":"4_3","cdnPath":"https:\/\/df8ymybeo92md.cloudfront.net\/images\/","sentry_log":0,"local_logging":0,"sentry_dsn":"https:\/\/93ffa1c9a4124f67b8888a53265f751a:bbf998e04584477fa9a145838e9d3b26@sentry.io\/168994","sentry_initialization":1,"sentry_debugging":0,"bannerSizes":["1"],"aspectRatioVideo":"16_9","app_id":"2504","showPreRewardedDialogue":0,"showPostRewardedDialogue":0,"rewardCurrency":"coins","rewardValue":0,"isSkipable":0,"privacyPolicyURL":"https:\/\/www.consoliads.com\/privacy-policy\/","sessionToken":"EKxNcWWI62IqJBDj7IX28Qi9SBJ9DELqBi5DB8vdZCTC1VNaaIwE91rDknsihwjBXDJ6OLv6\/V61tQXMoBmCxg2yHMdHrm6zwN\/hxGDbLxjT8JEgiAi0B0XDuk5Zyp9l7HcMAvrezYQ9hCrsnXpAwwtLgagHkfJL1wo7yzLK9sw="}
Session token value is set


{"appKey":"aee1c1ce85b1b8e194b01eb3f0d44b23","deviceID":"9762","stats":[{"campaignID":214,"packageID":"com.gss.robot.bike.transport.truck","sceneStats":[{"sceneID":"25","eventStats":"397,297,197,97,97,0,0"}]}],"sdkVersion":"39","sessionToken":"EKxNcWWI62IqJBDj7IX28Qi9SBJ9DELqBi5DB8vdZCTC1VNaaIwE91rDknsihwjBXDJ6OLv6\/V61tQXMoBmCxg2yHMdHrm6zwN\/hxGDbLxjT8JEgiAi0B0XDuk5Zyp9l7HcMAvrezYQ9hCrsnXpAwwtLgagHkfJL1wo7yzLK9sw="}
cache_ttl value is correct

Refresh Ad Rate value is correct
mode value is set

 Aspect ratio value is correct
sentry_log value is set
local_logging value is set
sentry_initialization value is set
sentry_debugging value is set
showPreRewardedDialogue value is set
showPostRewardedDialogue value is set
isSkipable value is set
{"cache_ttl":10080,"cache_ttl_rewarded":10080,"cache_ttl_banner":10080,"cache_ttl_native":10080,"cache_ttl_icon":10080,"campaigns":[{"campaignID":"8378","attribution":0,"priority":"8","appToPromote":{"appToPromoteID":"16480","usesDefaultFrameImage":"0","usesDefaultCloseImage":"0","marketURL":"https:\/\/play.google.com\/store\/apps\/details?id=com.nag.home.manager.working.virtual.mom","packageID":"com.GSS317.AmazingFamily"},"showTemplate":1,"s2s_tracking_url":"https:\/\/play.google.com\/store\/apps\/details?id=com.nag.home.manager.working.virtual.mom","activeCreativeID":"3720","scenes":["12","1","8","6","15","2"],"campaignAdType":"Interstitial","productId":"","purchaseBit":0,"licenseKey":""},{"campaignID":"9547","attribution":0,"priority":"8","appToPromote":{"appToPromoteID":"11879","usesDefaultFrameImage":"0","usesDefaultCloseImage":"0","marketURL":"https:\/\/play.google.com\/store\/apps\/details?id=com.buntoo.car.racing.games","packageID":"com.buntoo.car.racing.games"},"showTemplate":1,"s2s_tracking_url":"https:\/\/play.google.com\/store\/apps\/details?id=com.buntoo.car.racing.games","activeCreativeID":"4964","scenes":["12","1","8","6","15","2"],"campaignAdType":"Interstitial","productId":"","purchaseBit":0,"licenseKey":""},{"campaignID":"9586","attribution":0,"priority":"8","appToPromote":{"appToPromoteID":"515","usesDefaultFrameImage":"1","usesDefaultCloseImage":"1","marketURL":"https:\/\/play.google.com\/store\/apps\/details?id=com.plum.cash.counter.simualtor","packageID":"com.plum.cash.counter.simualtor"},"showTemplate":1,"s2s_tracking_url":"https:\/\/play.google.com\/store\/apps\/details?id=com.plum.cash.counter.simualtor","activeCreativeID":"50","scenes":["12","1","8","6","15","2"],"campaignAdType":"Interstitial","productId":"","purchaseBit":0,"licenseKey":""},{"campaignID":"9587","attribution":0,"priority":"8","appToPromote":{"appToPromoteID":"515","usesDefaultFrameImage":"1","usesDefaultCloseImage":"1","marketURL":"https:\/\/play.google.com\/store\/apps\/details?id=com.plum.cash.counter.simualtor","packageID":"com.plum.cash.counter.simualtor"},"showTemplate":1,"s2s_tracking_url":"https:\/\/play.google.com\/store\/apps\/details?id=com.plum.cash.counter.simualtor","activeCreativeID":"50","scenes":["12","1","8","6","15","2"],"campaignAdType":"Interstitial","productId":"","purchaseBit":0,"licenseKey":""},{"campaignID":"9588","attribution":0,"priority":"8","appToPromote":{"appToPromoteID":"515","usesDefaultFrameImage":"1","usesDefaultCloseImage":"1","marketURL":"https:\/\/play.google.com\/store\/apps\/details?id=com.plum.cash.counter.simualtor","packageID":"com.plum.cash.counter.simualtor"},"showTemplate":1,"s2s_tracking_url":"https:\/\/play.google.com\/store\/apps\/details?id=com.plum.cash.counter.simualtor","activeCreativeID":"50","scenes":["12","1","8","6","15","2"],"campaignAdType":"Interstitial","productId":"","purchaseBit":0,"licenseKey":""},{"campaignID":"9589","attribution":0,"priority":"8","appToPromote":{"appToPromoteID":"515","usesDefaultFrameImage":"1","usesDefaultCloseImage":"1","marketURL":"https:\/\/play.google.com\/store\/apps\/details?id=com.plum.cash.counter.simualtor","packageID":"com.plum.cash.counter.simualtor"},"showTemplate":1,"s2s_tracking_url":"https:\/\/play.google.com\/store\/apps\/details?id=com.plum.cash.counter.simualtor","activeCreativeID":"50","scenes":["12","1","8","6","15","2"],"campaignAdType":"Interstitial","productId":"","purchaseBit":0,"licenseKey":""},{"campaignID":"9131","attribution":0,"priority":"8","appToPromote":{"appToPromoteID":"17532","usesDefaultFrameImage":"0","usesDefaultCloseImage":"0","marketURL":"https:\/\/play.google.com\/store\/apps\/details?id=com.dhgate.buyermob","packageID":"com.dhgate.buyermob"},"showTemplate":1,"s2s_tracking_url":"https:\/\/tha.gotrackier.com\/click?campaign_id=63254\\u0026pub_id=75?p1=2613_9131_9762&amp;source=6841&amp;app_name=RobotBikeTransportTruck&amp;gaid=9762","activeCreativeID":"4483","scenes":["12","1","8","6","15","2"],"campaignAdType":"Interstitial","productId":"","purchaseBit":0,"licenseKey":""},{"campaignID":"8380","attribution_link":"","attribution":1,"priority":"7","appToPromote":{"appToPromoteID":"16480","usesDefaultFrameImage":"0","usesDefaultCloseImage":"0","marketURL":"https:\/\/play.google.com\/store\/apps\/details?id=com.nag.home.manager.working.virtual.mom","packageID":"com.GSS317.AmazingFamily"},"showTemplate":1,"s2s_tracking_url":"","activeCreativeID":"3720","scenes":["12","1","8","6","15","2"],"campaignAdType":"Interstitial","productId":"","purchaseBit":0,"licenseKey":""},{"campaignID":"444","attribution":0,"priority":"6","appToPromote":{"appToPromoteID":"3355","usesDefaultFrameImage":"0","usesDefaultCloseImage":"0","marketURL":"https:\/\/play.google.com\/store\/apps\/details?id=com.popnsons.parkour.mouse","packageID":"com.popnsons.parkour.mouse"},"showTemplate":1,"s2s_tracking_url":"https:\/\/play.google.com\/store\/apps\/details?id=com.popnsons.parkour.mouse","activeCreativeID":"469","scenes":["12","1","8","6","15","2"],"campaignAdType":"Interstitial","productId":"","purchaseBit":0,"licenseKey":""},{"campaignID":"561","attribution":0,"priority":"6","appToPromote":{"appToPromoteID":"5026","usesDefaultFrameImage":"0","usesDefaultCloseImage":"0","marketURL":"https:\/\/play.google.com\/store\/apps\/details?id=com.as.cashupapp","packageID":"com.as.cashupapp"},"showTemplate":1,"s2s_tracking_url":"https:\/\/play.google.com\/store\/apps\/details?id=com.as.cashupapp","activeCreativeID":"652","scenes":["12","1","8","6","15","2"],"campaignAdType":"Interstitial","productId":"","purchaseBit":0,"licenseKey":""},{"campaignID":"570","attribution":0,"priority":"6","appToPromote":{"appToPromoteID":"3802","usesDefaultFrameImage":"0","usesDefaultCloseImage":"0","marketURL":"https:\/\/play.google.com\/store\/apps\/details?id=com.Madxstudios.Flickshootsoccer","packageID":"com.Madxstudios.Flickshootsoccer"},"showTemplate":1,"s2s_tracking_url":"https:\/\/play.google.com\/store\/apps\/details?id=com.Madxstudios.Flickshootsoccer","activeCreativeID":"661","scenes":["12","1","8","6","15","2"],"campaignAdType":"Interstitial","productId":"","purchaseBit":0,"licenseKey":""},{"campaignID":"588","attribution":0,"priority":"6","appToPromote":{"appToPromoteID":"5026","usesDefaultFrameImage":"0","usesDefaultCloseImage":"0","marketURL":"https:\/\/play.google.com\/store\/apps\/details?id=com.as.cashupapp","packageID":"com.as.cashupapp"},"showTemplate":1,"s2s_tracking_url":"https:\/\/play.google.com\/store\/apps\/details?id=com.as.cashupapp","activeCreativeID":"652","scenes":["12","1","8","6","15","2"],"campaignAdType":"Interstitial","productId":"","purchaseBit":0,"licenseKey":""},{"campaignID":"8808","attribution_link":"","attribution":1,"priority":"5","appToPromote":{"appToPromoteID":"16528","usesDefaultFrameImage":"0","usesDefaultCloseImage":"0","marketURL":"https:\/\/play.google.com\/store\/apps\/details?id=com.bag.farm.day.village.farming.games","packageID":"com.GSS317.com.bag.farm.day.village.farming.games"},"showTemplate":1,"s2s_tracking_url":"","activeCreativeID":"3775","scenes":["12","1","8","6","15","2"],"campaignAdType":"Interstitial","productId":"","purchaseBit":0,"licenseKey":""},{"campaignID":"8973","attribution":0,"priority":"5","appToPromote":{"appToPromoteID":"15974","usesDefaultFrameImage":"0","usesDefaultCloseImage":"0","marketURL":"https:\/\/play.google.com\/store\/apps\/details?id=com.mustardgames.bmx.cycle.stunt.mega.ramp.impossibletracks","packageID":"com.mustardgames.bmx.cycle.stunt.mega.ramp.impossibletracks"},"showTemplate":1,"s2s_tracking_url":"https:\/\/play.google.com\/store\/apps\/details?id=com.mustardgames.bmx.cycle.stunt.mega.ramp.impossibletracks","activeCreativeID":"4339","scenes":["12","1","8","6","15","2"],"campaignAdType":"Interstitial","productId":"","purchaseBit":0,"licenseKey":""},{"campaignID":"557","attribution":0,"priority":"4","appToPromote":{"appToPromoteID":"4959","usesDefaultFrameImage":"0","usesDefaultCloseImage":"0","marketURL":"https:\/\/play.google.com\/store\/apps\/details?id=com.jet.plane.surfers.joyride.dash","packageID":"com.jet.plane.surfers.joyride.dash"},"showTemplate":1,"s2s_tracking_url":"https:\/\/play.google.com\/store\/apps\/details?id=com.jet.plane.surfers.joyride.dash","activeCreativeID":"645","scenes":["12","1","8","6","15","2"],"campaignAdType":"Interstitial","productId":"","purchaseBit":0,"licenseKey":""},{"campaignID":"414","attribution":0,"priority":"3","appToPromote":{"appToPromoteID":"3023","usesDefaultFrameImage":"0","usesDefaultCloseImage":"0","marketURL":"https:\/\/play.google.com\/store\/apps\/details?id=com.appricot2d.rolo.pet.parrot","packageID":"com.appricot2d.rolo.pet.parrot"},"showTemplate":1,"s2s_tracking_url":"https:\/\/play.google.com\/store\/apps\/details?id=com.appricot2d.rolo.pet.parrot","activeCreativeID":"385","scenes":["12","1","8","6","15","2"],"campaignAdType":"Interstitial","productId":"","purchaseBit":0,"licenseKey":""},{"campaignID":"559","attribution":0,"priority":"3","appToPromote":{"appToPromoteID":"3476","usesDefaultFrameImage":"0","usesDefaultCloseImage":"0","marketURL":"https:\/\/play.google.com\/store\/apps\/details?id=com.perspectivegames.real.impossible.tracks.stunts","packageID":"com.perspectivegames.real.impossible.tracks.stunts"},"showTemplate":1,"s2s_tracking_url":"https:\/\/play.google.com\/store\/apps\/details?id=com.perspectivegames.real.impossible.tracks.stunts","activeCreativeID":"649","scenes":["12","1","8","6","15","2"],"campaignAdType":"Interstitial","productId":"","purchaseBit":0,"licenseKey":""},{"campaignID":"741","attribution":0,"priority":"3","appToPromote":{"appToPromoteID":"5609","usesDefaultFrameImage":"0","usesDefaultCloseImage":"0","marketURL":"https:\/\/play.google.com\/store\/apps\/details?id=com.kick.gyroscopic.city.train.driver.simulator","packageID":"com.kick.gyroscopic.city.train.driver.simulator"},"showTemplate":1,"s2s_tracking_url":"https:\/\/play.google.com\/store\/apps\/details?id=com.kick.gyroscopic.city.train.driver.simulator","activeCreativeID":"753","scenes":["12","1","8","6","15","2"],"campaignAdType":"Interstitial","productId":"","purchaseBit":0,"licenseKey":""},{"campaignID":"798","attribution":0,"priority":"3","appToPromote":{"appToPromoteID":"5770","usesDefaultFrameImage":"0","usesDefaultCloseImage":"0","marketURL":"https:\/\/play.google.com\/store\/apps\/details?id=com.simulatorgames3d.alohacelebrations","packageID":"com.simulatorgames3d.alohacelebrations"},"showTemplate":1,"s2s_tracking_url":"https:\/\/play.google.com\/store\/apps\/details?id=com.simulatorgames3d.alohacelebrations","activeCreativeID":"787","scenes":["12","1","8","6","15","2"],"campaignAdType":"Interstitial","productId":"","purchaseBit":0,"licenseKey":""},{"campaignID":"1483","attribution":0,"priority":"3","appToPromote":{"appToPromoteID":"1714","usesDefaultFrameImage":"1","usesDefaultCloseImage":"1","marketURL":"https:\/\/play.google.com\/store\/apps\/details?id=com.playink.cookie.maker","packageID":"com.playink.cookie.maker"},"showTemplate":1,"s2s_tracking_url":"https:\/\/play.google.com\/store\/apps\/details?id=com.playink.cookie.maker","activeCreativeID":"1020","scenes":["12","1","8","6","15","2"],"campaignAdType":"Interstitial","productId":"","purchaseBit":0,"licenseKey":""},{"campaignID":"8762","attribution":0,"priority":"2","appToPromote":{"appToPromoteID":"13265","usesDefaultFrameImage":"0","usesDefaultCloseImage":"0","marketURL":"https:\/\/play.google.com\/store\/apps\/details?id=com.rhg.tricky.bike.stunt.moto.master","packageID":"com.rhg.tricky.bike.stunt.moto.master"},"showTemplate":1,"s2s_tracking_url":"https:\/\/play.google.com\/store\/apps\/details?id=com.rhg.tricky.bike.stunt.moto.master","activeCreativeID":"4121","scenes":["12","1","8","6","15","2"],"campaignAdType":"Rewarded Video","productId":"","purchaseBit":0,"licenseKey":""},{"campaignID":"9366","attribution":0,"priority":"2","appToPromote":{"appToPromoteID":"17602","usesDefaultFrameImage":"0","usesDefaultCloseImage":"0","marketURL":"https:\/\/play.google.com\/store\/apps\/details?id=com.abaenglish.videoclass&amp;referrer=utm_source=42matters.com&amp;utm_medium=api","packageID":"com.abaenglish.videoclass"},"showTemplate":1,"s2s_tracking_url":"https:\/\/play.google.com\/store\/apps\/details?id=com.abaenglish.videoclass&amp;referrer=utm_source=42matters.com&amp;utm_medium=api","activeCreativeID":"4815","scenes":["12","1","8","6","15","2"],"campaignAdType":"Interstitial","productId":"","purchaseBit":0,"licenseKey":""}],"refreshAdRate":30,"mode":"Production","aspectRatio":"4_3","cdnPath":"https:\/\/df8ymybeo92md.cloudfront.net\/images\/","sentry_log":0,"local_logging":0,"sentry_dsn":"https:\/\/93ffa1c9a4124f67b8888a53265f751a:bbf998e04584477fa9a145838e9d3b26@sentry.io\/168994","sentry_initialization":1,"sentry_debugging":0,"bannerSizes":["5"],"aspectRatioVideo":"16_9","app_id":"2613","showPreRewardedDialogue":0,"showPostRewardedDialogue":0,"rewardCurrency":"coins","rewardValue":0,"isSkipable":0,"privacyPolicyURL":"https:\/\/www.consoliads.com\/privacy-policy\/","sessionToken":"HUVmbcOknMVkl13HC4weiwkG8cuFbXVEczb2ZZ66sV2mVCyVQXP+nrEdhEPH9cqUSJkZAuXz+u7aplxu5E2tCgDqmEClXLkW5QG\/zhuiUdXxvxLsNiasVz1Ia4oFGJwvedl8sOQzdZNquj59V\/vhc\/3XKkTJSaF\/9nNp\/1eCyf4="}
Session token value is set


{"appKey":"6321e187a94be2ff678451a5e73bbf42","deviceID":"5412","stats":[{"campaignID":215,"packageID":"com.gamefeast.moto.robot.transformation","sceneStats":[{"sceneID":"14","eventStats":"354,254,154,54,54,0,0"}]}],"sdkVersion":"39","sessionToken":"HUVmbcOknMVkl13HC4weiwkG8cuFbXVEczb2ZZ66sV2mVCyVQXP+nrEdhEPH9cqUSJkZAuXz+u7aplxu5E2tCgDqmEClXLkW5QG\/zhuiUdXxvxLsNiasVz1Ia4oFGJwvedl8sOQzdZNquj59V\/vhc\/3XKkTJSaF\/9nNp\/1eCyf4="}
cache_ttl value is correct

Refresh Ad Rate value is correct
mode value is set

 Aspect ratio value is correct
sentry_log value is set
local_logging value is set
sentry_initialization value is set
sentry_debugging value is set
showPreRewardedDialogue value is set
showPostRewardedDialogue value is set
isSkipable value is set
{"cache_ttl":10080,"cache_ttl_rewarded":10080,"cache_ttl_banner":10080,"cache_ttl_native":10080,"cache_ttl_icon":10080,"campaigns":[{"campaignID":"8378","attribution":0,"priority":"8","appToPromote":{"appToPromoteID":"16480","usesDefaultFrameImage":"0","usesDefaultCloseImage":"0","marketURL":"https:\/\/play.google.com\/store\/apps\/details?id=com.nag.home.manager.working.virtual.mom","packageID":"com.GSS317.AmazingFamily"},"showTemplate":1,"s2s_tracking_url":"https:\/\/play.google.com\/store\/apps\/details?id=com.nag.home.manager.working.virtual.mom","activeCreativeID":"3720","scenes":["12","1","8","6","15","2"],"campaignAdType":"Interstitial","productId":"","purchaseBit":0,"licenseKey":""},{"campaignID":"9547","attribution":0,"priority":"8","appToPromote":{"appToPromoteID":"11879","usesDefaultFrameImage":"0","usesDefaultCloseImage":"0","marketURL":"https:\/\/play.google.com\/store\/apps\/details?id=com.buntoo.car.racing.games","packageID":"com.buntoo.car.racing.games"},"showTemplate":1,"s2s_tracking_url":"https:\/\/play.google.com\/store\/apps\/details?id=com.buntoo.car.racing.games","activeCreativeID":"4964","scenes":["12","1","8","6","15","2"],"campaignAdType":"Interstitial","productId":"","purchaseBit":0,"licenseKey":""},{"campaignID":"9586","attribution":0,"priority":"8","appToPromote":{"appToPromoteID":"515","usesDefaultFrameImage":"1","usesDefaultCloseImage":"1","marketURL":"https:\/\/play.google.com\/store\/apps\/details?id=com.plum.cash.counter.simualtor","packageID":"com.plum.cash.counter.simualtor"},"showTemplate":1,"s2s_tracking_url":"https:\/\/play.google.com\/store\/apps\/details?id=com.plum.cash.counter.simualtor","activeCreativeID":"50","scenes":["12","1","8","6","15","2"],"campaignAdType":"Interstitial","productId":"","purchaseBit":0,"licenseKey":""},{"campaignID":"9587","attribution":0,"priority":"8","appToPromote":{"appToPromoteID":"515","usesDefaultFrameImage":"1","usesDefaultCloseImage":"1","marketURL":"https:\/\/play.google.com\/store\/apps\/details?id=com.plum.cash.counter.simualtor","packageID":"com.plum.cash.counter.simualtor"},"showTemplate":1,"s2s_tracking_url":"https:\/\/play.google.com\/store\/apps\/details?id=com.plum.cash.counter.simualtor","activeCreativeID":"50","scenes":["12","1","8","6","15","2"],"campaignAdType":"Interstitial","productId":"","purchaseBit":0,"licenseKey":""},{"campaignID":"9588","attribution":0,"priority":"8","appToPromote":{"appToPromoteID":"515","usesDefaultFrameImage":"1","usesDefaultCloseImage":"1","marketURL":"https:\/\/play.google.com\/store\/apps\/details?id=com.plum.cash.counter.simualtor","packageID":"com.plum.cash.counter.simualtor"},"showTemplate":1,"s2s_tracking_url":"https:\/\/play.google.com\/store\/apps\/details?id=com.plum.cash.counter.simualtor","activeCreativeID":"50","scenes":["12","1","8","6","15","2"],"campaignAdType":"Interstitial","productId":"","purchaseBit":0,"licenseKey":""},{"campaignID":"9589","attribution":0,"priority":"8","appToPromote":{"appToPromoteID":"515","usesDefaultFrameImage":"1","usesDefaultCloseImage":"1","marketURL":"https:\/\/play.google.com\/store\/apps\/details?id=com.plum.cash.counter.simualtor","packageID":"com.plum.cash.counter.simualtor"},"showTemplate":1,"s2s_tracking_url":"https:\/\/play.google.com\/store\/apps\/details?id=com.plum.cash.counter.simualtor","activeCreativeID":"50","scenes":["12","1","8","6","15","2"],"campaignAdType":"Interstitial","productId":"","purchaseBit":0,"licenseKey":""},{"campaignID":"9131","attribution":0,"priority":"8","appToPromote":{"appToPromoteID":"17532","usesDefaultFrameImage":"0","usesDefaultCloseImage":"0","marketURL":"https:\/\/play.google.com\/store\/apps\/details?id=com.dhgate.buyermob","packageID":"com.dhgate.buyermob"},"showTemplate":1,"s2s_tracking_url":"https:\/\/tha.gotrackier.com\/click?campaign_id=63254\\u0026pub_id=75?p1=2598_9131_5412&amp;source=6841&amp;app_name=SuperMotoRobotTransform&amp;gaid=5412","activeCreativeID":"4483","scenes":["12","1","8","6","15","2"],"campaignAdType":"Interstitial","productId":"","purchaseBit":0,"licenseKey":""},{"campaignID":"8380","attribution_link":"","attribution":1,"priority":"7","appToPromote":{"appToPromoteID":"16480","usesDefaultFrameImage":"0","usesDefaultCloseImage":"0","marketURL":"https:\/\/play.google.com\/store\/apps\/details?id=com.nag.home.manager.working.virtual.mom","packageID":"com.GSS317.AmazingFamily"},"showTemplate":1,"s2s_tracking_url":"","activeCreativeID":"3720","scenes":["12","1","8","6","15","2"],"campaignAdType":"Interstitial","productId":"","purchaseBit":0,"licenseKey":""},{"campaignID":"444","attribution":0,"priority":"6","appToPromote":{"appToPromoteID":"3355","usesDefaultFrameImage":"0","usesDefaultCloseImage":"0","marketURL":"https:\/\/play.google.com\/store\/apps\/details?id=com.popnsons.parkour.mouse","packageID":"com.popnsons.parkour.mouse"},"showTemplate":1,"s2s_tracking_url":"https:\/\/play.google.com\/store\/apps\/details?id=com.popnsons.parkour.mouse","activeCreativeID":"469","scenes":["12","1","8","6","15","2"],"campaignAdType":"Interstitial","productId":"","purchaseBit":0,"licenseKey":""},{"campaignID":"561","attribution":0,"priority":"6","appToPromote":{"appToPromoteID":"5026","usesDefaultFrameImage":"0","usesDefaultCloseImage":"0","marketURL":"https:\/\/play.google.com\/store\/apps\/details?id=com.as.cashupapp","packageID":"com.as.cashupapp"},"showTemplate":1,"s2s_tracking_url":"https:\/\/play.google.com\/store\/apps\/details?id=com.as.cashupapp","activeCreativeID":"652","scenes":["12","1","8","6","15","2"],"campaignAdType":"Interstitial","productId":"","purchaseBit":0,"licenseKey":""},{"campaignID":"570","attribution":0,"priority":"6","appToPromote":{"appToPromoteID":"3802","usesDefaultFrameImage":"0","usesDefaultCloseImage":"0","marketURL":"https:\/\/play.google.com\/store\/apps\/details?id=com.Madxstudios.Flickshootsoccer","packageID":"com.Madxstudios.Flickshootsoccer"},"showTemplate":1,"s2s_tracking_url":"https:\/\/play.google.com\/store\/apps\/details?id=com.Madxstudios.Flickshootsoccer","activeCreativeID":"661","scenes":["12","1","8","6","15","2"],"campaignAdType":"Interstitial","productId":"","purchaseBit":0,"licenseKey":""},{"campaignID":"588","attribution":0,"priority":"6","appToPromote":{"appToPromoteID":"5026","usesDefaultFrameImage":"0","usesDefaultCloseImage":"0","marketURL":"https:\/\/play.google.com\/store\/apps\/details?id=com.as.cashupapp","packageID":"com.as.cashupapp"},"showTemplate":1,"s2s_tracking_url":"https:\/\/play.google.com\/store\/apps\/details?id=com.as.cashupapp","activeCreativeID":"652","scenes":["12","1","8","6","15","2"],"campaignAdType":"Interstitial","productId":"","purchaseBit":0,"licenseKey":""},{"campaignID":"8808","attribution_link":"","attribution":1,"priority":"5","appToPromote":{"appToPromoteID":"16528","usesDefaultFrameImage":"0","usesDefaultCloseImage":"0","marketURL":"https:\/\/play.google.com\/store\/apps\/details?id=com.bag.farm.day.village.farming.games","packageID":"com.GSS317.com.bag.farm.day.village.farming.games"},"showTemplate":1,"s2s_tracking_url":"","activeCreativeID":"3775","scenes":["12","1","8","6","15","2"],"campaignAdType":"Interstitial","productId":"","purchaseBit":0,"licenseKey":""},{"campaignID":"8876","attribution":0,"priority":"5","appToPromote":{"appToPromoteID":"15640","usesDefaultFrameImage":"0","usesDefaultCloseImage":"0","marketURL":"https:\/\/play.google.com\/store\/apps\/details?id=com.pgz.police.bike.stunt.ramp.bike.racing.games","packageID":"com.pgz.police.bike.stunt.ramp.bike.racing.games"},"showTemplate":1,"s2s_tracking_url":"https:\/\/play.google.com\/store\/apps\/details?id=com.pgz.police.bike.stunt.ramp.bike.racing.games","activeCreativeID":"4236","scenes":["12","1","8","6","15","2"],"campaignAdType":"Interstitial","productId":"","purchaseBit":0,"licenseKey":""},{"campaignID":"8973","attribution":0,"priority":"5","appToPromote":{"appToPromoteID":"15974","usesDefaultFrameImage":"0","usesDefaultCloseImage":"0","marketURL":"https:\/\/play.google.com\/store\/apps\/details?id=com.mustardgames.bmx.cycle.stunt.mega.ramp.impossibletracks","packageID":"com.mustardgames.bmx.cycle.stunt.mega.ramp.impossibletracks"},"showTemplate":1,"s2s_tracking_url":"https:\/\/play.google.com\/store\/apps\/details?id=com.mustardgames.bmx.cycle.stunt.mega.ramp.impossibletracks","activeCreativeID":"4339","scenes":["12","1","8","6","15","2"],"campaignAdType":"Interstitial","productId":"","purchaseBit":0,"licenseKey":""},{"campaignID":"557","attribution":0,"priority":"4","appToPromote":{"appToPromoteID":"4959","usesDefaultFrameImage":"0","usesDefaultCloseImage":"0","marketURL":"https:\/\/play.google.com\/store\/apps\/details?id=com.jet.plane.surfers.joyride.dash","packageID":"com.jet.plane.surfers.joyride.dash"},"showTemplate":1,"s2s_tracking_url":"https:\/\/play.google.com\/store\/apps\/details?id=com.jet.plane.surfers.joyride.dash","activeCreativeID":"645","scenes":["12","1","8","6","15","2"],"campaignAdType":"Interstitial","productId":"","purchaseBit":0,"licenseKey":""},{"campaignID":"414","attribution":0,"priority":"3","appToPromote":{"appToPromoteID":"3023","usesDefaultFrameImage":"0","usesDefaultCloseImage":"0","marketURL":"https:\/\/play.google.com\/store\/apps\/details?id=com.appricot2d.rolo.pet.parrot","packageID":"com.appricot2d.rolo.pet.parrot"},"showTemplate":1,"s2s_tracking_url":"https:\/\/play.google.com\/store\/apps\/details?id=com.appricot2d.rolo.pet.parrot","activeCreativeID":"385","scenes":["12","1","8","6","15","2"],"campaignAdType":"Interstitial","productId":"","purchaseBit":0,"licenseKey":""},{"campaignID":"559","attribution":0,"priority":"3","appToPromote":{"appToPromoteID":"3476","usesDefaultFrameImage":"0","usesDefaultCloseImage":"0","marketURL":"https:\/\/play.google.com\/store\/apps\/details?id=com.perspectivegames.real.impossible.tracks.stunts","packageID":"com.perspectivegames.real.impossible.tracks.stunts"},"showTemplate":1,"s2s_tracking_url":"https:\/\/play.google.com\/store\/apps\/details?id=com.perspectivegames.real.impossible.tracks.stunts","activeCreativeID":"649","scenes":["12","1","8","6","15","2"],"campaignAdType":"Interstitial","productId":"","purchaseBit":0,"licenseKey":""},{"campaignID":"741","attribution":0,"priority":"3","appToPromote":{"appToPromoteID":"5609","usesDefaultFrameImage":"0","usesDefaultCloseImage":"0","marketURL":"https:\/\/play.google.com\/store\/apps\/details?id=com.kick.gyroscopic.city.train.driver.simulator","packageID":"com.kick.gyroscopic.city.train.driver.simulator"},"showTemplate":1,"s2s_tracking_url":"https:\/\/play.google.com\/store\/apps\/details?id=com.kick.gyroscopic.city.train.driver.simulator","activeCreativeID":"753","scenes":["12","1","8","6","15","2"],"campaignAdType":"Interstitial","productId":"","purchaseBit":0,"licenseKey":""},{"campaignID":"798","attribution":0,"priority":"3","appToPromote":{"appToPromoteID":"5770","usesDefaultFrameImage":"0","usesDefaultCloseImage":"0","marketURL":"https:\/\/play.google.com\/store\/apps\/details?id=com.simulatorgames3d.alohacelebrations","packageID":"com.simulatorgames3d.alohacelebrations"},"showTemplate":1,"s2s_tracking_url":"https:\/\/play.google.com\/store\/apps\/details?id=com.simulatorgames3d.alohacelebrations","activeCreativeID":"787","scenes":["12","1","8","6","15","2"],"campaignAdType":"Interstitial","productId":"","purchaseBit":0,"licenseKey":""},{"campaignID":"1483","attribution":0,"priority":"3","appToPromote":{"appToPromoteID":"1714","usesDefaultFrameImage":"1","usesDefaultCloseImage":"1","marketURL":"https:\/\/play.google.com\/store\/apps\/details?id=com.playink.cookie.maker","packageID":"com.playink.cookie.maker"},"showTemplate":1,"s2s_tracking_url":"https:\/\/play.google.com\/store\/apps\/details?id=com.playink.cookie.maker","activeCreativeID":"1020","scenes":["12","1","8","6","15","2"],"campaignAdType":"Interstitial","productId":"","purchaseBit":0,"licenseKey":""},{"campaignID":"8762","attribution":0,"priority":"2","appToPromote":{"appToPromoteID":"13265","usesDefaultFrameImage":"0","usesDefaultCloseImage":"0","marketURL":"https:\/\/play.google.com\/store\/apps\/details?id=com.rhg.tricky.bike.stunt.moto.master","packageID":"com.rhg.tricky.bike.stunt.moto.master"},"showTemplate":1,"s2s_tracking_url":"https:\/\/play.google.com\/store\/apps\/details?id=com.rhg.tricky.bike.stunt.moto.master","activeCreativeID":"4121","scenes":["12","1","8","6","15","2"],"campaignAdType":"Rewarded Video","productId":"","purchaseBit":0,"licenseKey":""},{"campaignID":"8971","attribution":0,"priority":"2","appToPromote":{"appToPromoteID":"15640","usesDefaultFrameImage":"0","usesDefaultCloseImage":"0","marketURL":"https:\/\/play.google.com\/store\/apps\/details?id=com.pgz.police.bike.stunt.ramp.bike.racing.games","packageID":"com.pgz.police.bike.stunt.ramp.bike.racing.games"},"showTemplate":1,"s2s_tracking_url":"https:\/\/play.google.com\/store\/apps\/details?id=com.pgz.police.bike.stunt.ramp.bike.racing.games","activeCreativeID":"4236","scenes":["12","1","8","6","15","2"],"campaignAdType":"Interstitial","productId":"","purchaseBit":0,"licenseKey":""},{"campaignID":"9366","attribution":0,"priority":"2","appToPromote":{"appToPromoteID":"17602","usesDefaultFrameImage":"0","usesDefaultCloseImage":"0","marketURL":"https:\/\/play.google.com\/store\/apps\/details?id=com.abaenglish.videoclass&amp;referrer=utm_source=42matters.com&amp;utm_medium=api","packageID":"com.abaenglish.videoclass"},"showTemplate":1,"s2s_tracking_url":"https:\/\/play.google.com\/store\/apps\/details?id=com.abaenglish.videoclass&amp;referrer=utm_source=42matters.com&amp;utm_medium=api","activeCreativeID":"4815","scenes":["12","1","8","6","15","2"],"campaignAdType":"Interstitial","productId":"","purchaseBit":0,"licenseKey":""},{"campaignID":"9367","attribution":0,"priority":"2","appToPromote":{"appToPromoteID":"17602","usesDefaultFrameImage":"0","usesDefaultCloseImage":"0","marketURL":"https:\/\/play.google.com\/store\/apps\/details?id=com.abaenglish.videoclass&amp;referrer=utm_source=42matters.com&amp;utm_medium=api","packageID":"com.abaenglish.videoclass"},"showTemplate":1,"s2s_tracking_url":"https:\/\/play.google.com\/store\/apps\/details?id=com.abaenglish.videoclass&amp;referrer=utm_source=42matters.com&amp;utm_medium=api","activeCreativeID":"4815","scenes":["12","1","8","6","15","2"],"campaignAdType":"Interstitial","productId":"","purchaseBit":0,"licenseKey":""},{"campaignID":"9368","attribution":0,"priority":"2","appToPromote":{"appToPromoteID":"17602","usesDefaultFrameImage":"0","usesDefaultCloseImage":"0","marketURL":"https:\/\/play.google.com\/store\/apps\/details?id=com.abaenglish.videoclass&amp;referrer=utm_source=42matters.com&amp;utm_medium=api","packageID":"com.abaenglish.videoclass"},"showTemplate":1,"s2s_tracking_url":"https:\/\/play.google.com\/store\/apps\/details?id=com.abaenglish.videoclass&amp;referrer=utm_source=42matters.com&amp;utm_medium=api","activeCreativeID":"4815","scenes":["12","1","8","6","15","2"],"campaignAdType":"Interstitial","productId":"","purchaseBit":0,"licenseKey":""},{"campaignID":"9369","attribution":0,"priority":"2","appToPromote":{"appToPromoteID":"17602","usesDefaultFrameImage":"0","usesDefaultCloseImage":"0","marketURL":"https:\/\/play.google.com\/store\/apps\/details?id=com.abaenglish.videoclass&amp;referrer=utm_source=42matters.com&amp;utm_medium=api","packageID":"com.abaenglish.videoclass"},"showTemplate":1,"s2s_tracking_url":"https:\/\/play.google.com\/store\/apps\/details?id=com.abaenglish.videoclass&amp;referrer=utm_source=42matters.com&amp;utm_medium=api","activeCreativeID":"4815","scenes":["12","1","8","6","15","2"],"campaignAdType":"Interstitial","productId":"","purchaseBit":0,"licenseKey":""}],"refreshAdRate":30,"mode":"Production","aspectRatio":"4_3","cdnPath":"https:\/\/df8ymybeo92md.cloudfront.net\/images\/","sentry_log":0,"local_logging":0,"sentry_dsn":"https:\/\/93ffa1c9a4124f67b8888a53265f751a:bbf998e04584477fa9a145838e9d3b26@sentry.io\/168994","sentry_initialization":1,"sentry_debugging":0,"bannerSizes":["5"],"aspectRatioVideo":"16_9","app_id":"2598","showPreRewardedDialogue":0,"showPostRewardedDialogue":0,"rewardCurrency":"coins","rewardValue":0,"isSkipable":0,"privacyPolicyURL":"https:\/\/www.consoliads.com\/privacy-policy\/","sessionToken":"sIBRUIVFZ5\/To7ra4Ldz9RA9OeMh0TSizyUbdPCTFsda+ToDrU8Ufz8haq1dMWP3ifvYovbtRvbtEwubwJqr6drafLBMPM7aB\/AyfD8vbHPENjxHqJXVWXyReVSSUTVNlH2cv4QLKp6DAX5VToGnZ+yjWYCOk9vgkvpeLaGPIGA="}
Session token value is set


{"appKey":"cd6601541ec10dd5e108fa8bb11b8a6d","deviceID":"9425","stats":[{"campaignID":216,"packageID":"com.tgp.offroad.extreme.highway.busdriver","sceneStats":[{"sceneID":"24","eventStats":"394,294,194,94,94,0,0"}]}],"sdkVersion":"2163","sessionToken":"sIBRUIVFZ5\/To7ra4Ldz9RA9OeMh0TSizyUbdPCTFsda+ToDrU8Ufz8haq1dMWP3ifvYovbtRvbtEwubwJqr6drafLBMPM7aB\/AyfD8vbHPENjxHqJXVWXyReVSSUTVNlH2cv4QLKp6DAX5VToGnZ+yjWYCOk9vgkvpeLaGPIGA="}
cache_ttl value is correct

Title value is correct

Title value is correct

Title value is correct

Title value is correct

Title value is correct

Title value is correct

Refresh Ad Rate value is correct
mode value is set

 Aspect ratio value is correct
sentry_log value is set
local_logging value is set
sentry_initialization value is set
sentry_debugging value is set
showPreRewardedDialogue value is set
showPostRewardedDialogue value is set
isSkipable value is set
{"cache_ttl":10080,"cache_ttl_rewarded":10080,"cache_ttl_banner":10080,"cache_ttl_native":10080,"cache_ttl_icon":10080,"campaigns":[{"campaignID":"8226","attribution":0,"priority":"8","appToPromote":{"appToPromoteID":"12623","usesDefaultFrameImage":"0","usesDefaultCloseImage":"0","marketURL":"https:\/\/play.google.com\/store\/apps\/details?id=com.igg.android.lordsmobile&amp;referrer=utm_source=42matters.com&amp;utm_medium=api","packageID":"com.nooribrand.android.lordsmobile"},"showTemplate":1,"s2s_tracking_url":"https:\/\/play.google.com\/store\/apps\/details?id=com.igg.android.lordsmobile&amp;referrer=utm_source=42matters.com&amp;utm_medium=api","activeCreativeID":"3557","scenes":["12","1","8","6","15","2"],"campaignAdType":"Icon","productId":"","purchaseBit":0,"licenseKey":""},{"campaignID":"8378","attribution":0,"priority":"8","appToPromote":{"appToPromoteID":"16480","usesDefaultFrameImage":"0","usesDefaultCloseImage":"0","marketURL":"https:\/\/play.google.com\/store\/apps\/details?id=com.nag.home.manager.working.virtual.mom","packageID":"com.GSS317.AmazingFamily"},"showTemplate":1,"s2s_tracking_url":"https:\/\/play.google.com\/store\/apps\/details?id=com.nag.home.manager.working.virtual.mom","activeCreativeID":"3720","scenes":["12","1","8","6","15","2"],"campaignAdType":"Interstitial","productId":"","purchaseBit":0,"licenseKey":""},{"campaignID":"8613","attribution":0,"priority":"8","appToPromote":{"appToPromoteID":"12623","usesDefaultFrameImage":"0","usesDefaultCloseImage":"0","marketURL":"https:\/\/play.google.com\/store\/apps\/details?id=com.igg.android.lordsmobile&amp;referrer=utm_source=42matters.com&amp;utm_medium=api","packageID":"com.nooribrand.android.lordsmobile"},"showTemplate":1,"s2s_tracking_url":"https:\/\/play.google.com\/store\/apps\/details?id=com.igg.android.lordsmobile&amp;referrer=utm_source=42matters.com&amp;utm_medium=api","activeCreativeID":"3557","scenes":["12","1","8","6","15","2"],"campaignAdType":"Icon","productId":"","purchaseBit":0,"licenseKey":""},{"campaignID":"9252","attribution":0,"priority":"8","appToPromote":{"appToPromoteID":"12315","usesDefaultFrameImage":"0","usesDefaultCloseImage":"0","marketURL":"google.com","packageID":"com.qabrand.plnative"},"showTemplate":1,"s2s_tracking_url":"google.com","activeCreativeID":"4683","scenes":["12","1","8","6","15","2"],"campaignAdType":"Native","title":"Native first","subTitle":"First ","description":"New description","adClickThroughText":"FIRST Button","productId":"","purchaseBit":0,"licenseKey":""},{"campaignID":"9253","attribution":0,"priority":"8","appToPromote":{"appToPromoteID":"12315","usesDefaultFrameImage":"0","usesDefaultCloseImage":"0","marketURL":"google.com","packageID":"com.qabrand.plnative"},"showTemplate":1,"s2s_tracking_url":"google.com","activeCreativeID":"4683","scenes":["12","1","8","6","15","2"],"campaignAdType":"Native","title":"Native first","subTitle":"First ","description":"New description","adClickThroughText":"FIRST Button","productId":"","purchaseBit":0,"licenseKey":""},{"campaignID":"9255","attribution":0,"priority":"8","appToPromote":{"appToPromoteID":"13274","usesDefaultFrameImage":"0","usesDefaultCloseImage":"0","marketURL":"https:\/\/play.google.com\/store\/apps\/details?id=com.facebook.katana","packageID":"com.salon.adsalon"},"showTemplate":1,"s2s_tracking_url":"https:\/\/play.google.com\/store\/apps\/details?id=com.facebook.katana","activeCreativeID":"4685","scenes":["12","1","8","6","15","2"],"campaignAdType":"Native","title":"native NA ","subTitle":"native NA ","description":"native NA added","adClickThroughText":"native NA ","productId":"","purchaseBit":0,"licenseKey":""},{"campaignID":"9257","attribution":0,"priority":"8","appToPromote":{"appToPromoteID":"12286","usesDefaultFrameImage":"0","usesDefaultCloseImage":"0","marketURL":"google.com","packageID":"com.qabrand.Chartboost_Native"},"showTemplate":1,"s2s_tracking_url":"google.com","activeCreativeID":"4688","scenes":["12","1","8","6","15","2"],"campaignAdType":"Native","title":"Native second updated","subTitle":"Native second ","description":"Native second details","adClickThroughText":"Native second ","productId":"","purchaseBit":0,"licenseKey":""},{"campaignID":"9263","attribution":0,"priority":"8","appToPromote":{"appToPromoteID":"12315","usesDefaultFrameImage":"0","usesDefaultCloseImage":"0","marketURL":"google.com","packageID":"com.qabrand.plnative"},"showTemplate":1,"s2s_tracking_url":"google.com","activeCreativeID":"4694","scenes":["12","1","8","6","15","2"],"campaignAdType":"Native","title":"test","subTitle":"test","description":" test details update","adClickThroughText":"test","productId":"","purchaseBit":0,"licenseKey":""},{"campaignID":"9547","attribution":0,"priority":"8","appToPromote":{"appToPromoteID":"11879","usesDefaultFrameImage":"0","usesDefaultCloseImage":"0","marketURL":"https:\/\/play.google.com\/store\/apps\/details?id=com.buntoo.car.racing.games","packageID":"com.buntoo.car.racing.games"},"showTemplate":1,"s2s_tracking_url":"https:\/\/play.google.com\/store\/apps\/details?id=com.buntoo.car.racing.games","activeCreativeID":"4964","scenes":["12","1","8","6","15","2"],"campaignAdType":"Interstitial","productId":"","purchaseBit":0,"licenseKey":""},{"campaignID":"9586","attribution":0,"priority":"8","appToPromote":{"appToPromoteID":"515","usesDefaultFrameImage":"1","usesDefaultCloseImage":"1","marketURL":"https:\/\/play.google.com\/store\/apps\/details?id=com.plum.cash.counter.simualtor","packageID":"com.plum.cash.counter.simualtor"},"showTemplate":1,"s2s_tracking_url":"https:\/\/play.google.com\/store\/apps\/details?id=com.plum.cash.counter.simualtor","activeCreativeID":"50","scenes":["12","1","8","6","15","2"],"campaignAdType":"Interstitial","productId":"","purchaseBit":0,"licenseKey":""},{"campaignID":"9587","attribution":0,"priority":"8","appToPromote":{"appToPromoteID":"515","usesDefaultFrameImage":"1","usesDefaultCloseImage":"1","marketURL":"https:\/\/play.google.com\/store\/apps\/details?id=com.plum.cash.counter.simualtor","packageID":"com.plum.cash.counter.simualtor"},"showTemplate":1,"s2s_tracking_url":"https:\/\/play.google.com\/store\/apps\/details?id=com.plum.cash.counter.simualtor","activeCreativeID":"50","scenes":["12","1","8","6","15","2"],"campaignAdType":"Interstitial","productId":"","purchaseBit":0,"licenseKey":""},{"campaignID":"9588","attribution":0,"priority":"8","appToPromote":{"appToPromoteID":"515","usesDefaultFrameImage":"1","usesDefaultCloseImage":"1","marketURL":"https:\/\/play.google.com\/store\/apps\/details?id=com.plum.cash.counter.simualtor","packageID":"com.plum.cash.counter.simualtor"},"showTemplate":1,"s2s_tracking_url":"https:\/\/play.google.com\/store\/apps\/details?id=com.plum.cash.counter.simualtor","activeCreativeID":"50","scenes":["12","1","8","6","15","2"],"campaignAdType":"Interstitial","productId":"","purchaseBit":0,"licenseKey":""},{"campaignID":"9589","attribution":0,"priority":"8","appToPromote":{"appToPromoteID":"515","usesDefaultFrameImage":"1","usesDefaultCloseImage":"1","marketURL":"https:\/\/play.google.com\/store\/apps\/details?id=com.plum.cash.counter.simualtor","packageID":"com.plum.cash.counter.simualtor"},"showTemplate":1,"s2s_tracking_url":"https:\/\/play.google.com\/store\/apps\/details?id=com.plum.cash.counter.simualtor","activeCreativeID":"50","scenes":["12","1","8","6","15","2"],"campaignAdType":"Interstitial","productId":"","purchaseBit":0,"licenseKey":""},{"campaignID":"9599","attribution":0,"priority":"8","appToPromote":{"appToPromoteID":"515","usesDefaultFrameImage":"1","usesDefaultCloseImage":"1","marketURL":"https:\/\/play.google.com\/store\/apps\/details?id=com.plum.cash.counter.simualtor","packageID":"com.plum.cash.counter.simualtor"},"showTemplate":1,"s2s_tracking_url":"https:\/\/play.google.com\/store\/apps\/details?id=com.plum.cash.counter.simualtor","activeCreativeID":"5001","scenes":["12","1","8","6","15","2"],"campaignAdType":"Icon","productId":"","purchaseBit":0,"licenseKey":""},{"campaignID":"9127","attribution":0,"priority":"8","appToPromote":{"appToPromoteID":"17528","usesDefaultFrameImage":"0","usesDefaultCloseImage":"0","marketURL":"https:\/\/play.google.com\/store\/apps\/details?id=net.one97.paytm","packageID":"net.one97.paytm"},"showTemplate":1,"s2s_tracking_url":"https:\/\/tha.gotrackier.com\/click?campaign_id=63249\\u0026pub_id=75?p1=2402_9127_9425&amp;source=6841&amp;app_name=ExtremeHighwayBusDriver&amp;gaid=9425","activeCreativeID":"4788","scenes":["12","1","8","6","15","2"],"campaignAdType":"Native","title":"BCA","subTitle":"FW","description":"nope","adClickThroughText":"Link","productId":"","purchaseBit":0,"licenseKey":""},{"campaignID":"9131","attribution":0,"priority":"8","appToPromote":{"appToPromoteID":"17532","usesDefaultFrameImage":"0","usesDefaultCloseImage":"0","marketURL":"https:\/\/play.google.com\/store\/apps\/details?id=com.dhgate.buyermob","packageID":"com.dhgate.buyermob"},"showTemplate":1,"s2s_tracking_url":"https:\/\/tha.gotrackier.com\/click?campaign_id=63254\\u0026pub_id=75?p1=2402_9131_9425&amp;source=6841&amp;app_name=ExtremeHighwayBusDriver&amp;gaid=9425","activeCreativeID":"4483","scenes":["12","1","8","6","15","2"],"campaignAdType":"Interstitial","productId":"","purchaseBit":0,"licenseKey":""},{"campaignID":"8380","attribution_link":"","attribution":1,"priority":"7","appToPromote":{"appToPromoteID":"16480","usesDefaultFrameImage":"0","usesDefaultCloseImage":"0","marketURL":"https:\/\/play.google.com\/store\/apps\/details?id=com.nag.home.manager.working.virtual.mom","packageID":"com.GSS317.AmazingFamily"},"showTemplate":1,"s2s_tracking_url":"","activeCreativeID":"3720","scenes":["12","1","8","6","15","2"],"campaignAdType":"Interstitial","productId":"","purchaseBit":0,"licenseKey":""},{"campaignID":"444","attribution":0,"priority":"6","appToPromote":{"appToPromoteID":"3355","usesDefaultFrameImage":"0","usesDefaultCloseImage":"0","marketURL":"https:\/\/play.google.com\/store\/apps\/details?id=com.popnsons.parkour.mouse","packageID":"com.popnsons.parkour.mouse"},"showTemplate":1,"s2s_tracking_url":"https:\/\/play.google.com\/store\/apps\/details?id=com.popnsons.parkour.mouse","activeCreativeID":"469","scenes":["12","1","8","6","15","2"],"campaignAdType":"Interstitial","productId":"","purchaseBit":0,"licenseKey":""},{"campaignID":"561","attribution":0,"priority":"6","appToPromote":{"appToPromoteID":"5026","usesDefaultFrameImage":"0","usesDefaultCloseImage":"0","marketURL":"https:\/\/play.google.com\/store\/apps\/details?id=com.as.cashupapp","packageID":"com.as.cashupapp"},"showTemplate":1,"s2s_tracking_url":"https:\/\/play.google.com\/store\/apps\/details?id=com.as.cashupapp","activeCreativeID":"652","scenes":["12","1","8","6","15","2"],"campaignAdType":"Interstitial","productId":"","purchaseBit":0,"licenseKey":""},{"campaignID":"570","attribution":0,"priority":"6","appToPromote":{"appToPromoteID":"3802","usesDefaultFrameImage":"0","usesDefaultCloseImage":"0","marketURL":"https:\/\/play.google.com\/store\/apps\/details?id=com.Madxstudios.Flickshootsoccer","packageID":"com.Madxstudios.Flickshootsoccer"},"showTemplate":1,"s2s_tracking_url":"https:\/\/play.google.com\/store\/apps\/details?id=com.Madxstudios.Flickshootsoccer","activeCreativeID":"661","scenes":["12","1","8","6","15","2"],"campaignAdType":"Interstitial","productId":"","purchaseBit":0,"licenseKey":""},{"campaignID":"588","attribution":0,"priority":"6","appToPromote":{"appToPromoteID":"5026","usesDefaultFrameImage":"0","usesDefaultCloseImage":"0","marketURL":"https:\/\/play.google.com\/store\/apps\/details?id=com.as.cashupapp","packageID":"com.as.cashupapp"},"showTemplate":1,"s2s_tracking_url":"https:\/\/play.google.com\/store\/apps\/details?id=com.as.cashupapp","activeCreativeID":"652","scenes":["12","1","8","6","15","2"],"campaignAdType":"Interstitial","productId":"","purchaseBit":0,"licenseKey":""},{"campaignID":"8808","attribution_link":"","attribution":1,"priority":"5","appToPromote":{"appToPromoteID":"16528","usesDefaultFrameImage":"0","usesDefaultCloseImage":"0","marketURL":"https:\/\/play.google.com\/store\/apps\/details?id=com.bag.farm.day.village.farming.games","packageID":"com.GSS317.com.bag.farm.day.village.farming.games"},"showTemplate":1,"s2s_tracking_url":"","activeCreativeID":"3775","scenes":["12","1","8","6","15","2"],"campaignAdType":"Interstitial","productId":"","purchaseBit":0,"licenseKey":""},{"campaignID":"8973","attribution":0,"priority":"5","appToPromote":{"appToPromoteID":"15974","usesDefaultFrameImage":"0","usesDefaultCloseImage":"0","marketURL":"https:\/\/play.google.com\/store\/apps\/details?id=com.mustardgames.bmx.cycle.stunt.mega.ramp.impossibletracks","packageID":"com.mustardgames.bmx.cycle.stunt.mega.ramp.impossibletracks"},"showTemplate":1,"s2s_tracking_url":"https:\/\/play.google.com\/store\/apps\/details?id=com.mustardgames.bmx.cycle.stunt.mega.ramp.impossibletracks","activeCreativeID":"4339","scenes":["12","1","8","6","15","2"],"campaignAdType":"Interstitial","productId":"","purchaseBit":0,"licenseKey":""},{"campaignID":"557","attribution":0,"priority":"4","appToPromote":{"appToPromoteID":"4959","usesDefaultFrameImage":"0","usesDefaultCloseImage":"0","marketURL":"https:\/\/play.google.com\/store\/apps\/details?id=com.jet.plane.surfers.joyride.dash","packageID":"com.jet.plane.surfers.joyride.dash"},"showTemplate":1,"s2s_tracking_url":"https:\/\/play.google.com\/store\/apps\/details?id=com.jet.plane.surfers.joyride.dash","activeCreativeID":"645","scenes":["12","1","8","6","15","2"],"campaignAdType":"Interstitial","productId":"","purchaseBit":0,"licenseKey":""},{"campaignID":"414","attribution":0,"priority":"3","appToPromote":{"appToPromoteID":"3023","usesDefaultFrameImage":"0","usesDefaultCloseImage":"0","marketURL":"https:\/\/play.google.com\/store\/apps\/details?id=com.appricot2d.rolo.pet.parrot","packageID":"com.appricot2d.rolo.pet.parrot"},"showTemplate":1,"s2s_tracking_url":"https:\/\/play.google.com\/store\/apps\/details?id=com.appricot2d.rolo.pet.parrot","activeCreativeID":"385","scenes":["12","1","8","6","15","2"],"campaignAdType":"Interstitial","productId":"","purchaseBit":0,"licenseKey":""},{"campaignID":"559","attribution":0,"priority":"3","appToPromote":{"appToPromoteID":"3476","usesDefaultFrameImage":"0","usesDefaultCloseImage":"0","marketURL":"https:\/\/play.google.com\/store\/apps\/details?id=com.perspectivegames.real.impossible.tracks.stunts","packageID":"com.perspectivegames.real.impossible.tracks.stunts"},"showTemplate":1,"s2s_tracking_url":"https:\/\/play.google.com\/store\/apps\/details?id=com.perspectivegames.real.impossible.tracks.stunts","activeCreativeID":"649","scenes":["12","1","8","6","15","2"],"campaignAdType":"Interstitial","productId":"","purchaseBit":0,"licenseKey":""},{"campaignID":"741","attribution":0,"priority":"3","appToPromote":{"appToPromoteID":"5609","usesDefaultFrameImage":"0","usesDefaultCloseImage":"0","marketURL":"https:\/\/play.google.com\/store\/apps\/details?id=com.kick.gyroscopic.city.train.driver.simulator","packageID":"com.kick.gyroscopic.city.train.driver.simulator"},"showTemplate":1,"s2s_tracking_url":"https:\/\/play.google.com\/store\/apps\/details?id=com.kick.gyroscopic.city.train.driver.simulator","activeCreativeID":"753","scenes":["12","1","8","6","15","2"],"campaignAdType":"Interstitial","productId":"","purchaseBit":0,"licenseKey":""},{"campaignID":"798","attribution":0,"priority":"3","appToPromote":{"appToPromoteID":"5770","usesDefaultFrameImage":"0","usesDefaultCloseImage":"0","marketURL":"https:\/\/play.google.com\/store\/apps\/details?id=com.simulatorgames3d.alohacelebrations","packageID":"com.simulatorgames3d.alohacelebrations"},"showTemplate":1,"s2s_tracking_url":"https:\/\/play.google.com\/store\/apps\/details?id=com.simulatorgames3d.alohacelebrations","activeCreativeID":"787","scenes":["12","1","8","6","15","2"],"campaignAdType":"Interstitial","productId":"","purchaseBit":0,"licenseKey":""},{"campaignID":"1483","attribution":0,"priority":"3","appToPromote":{"appToPromoteID":"1714","usesDefaultFrameImage":"1","usesDefaultCloseImage":"1","marketURL":"https:\/\/play.google.com\/store\/apps\/details?id=com.playink.cookie.maker","packageID":"com.playink.cookie.maker"},"showTemplate":1,"s2s_tracking_url":"https:\/\/play.google.com\/store\/apps\/details?id=com.playink.cookie.maker","activeCreativeID":"1020","scenes":["12","1","8","6","15","2"],"campaignAdType":"Interstitial","productId":"","purchaseBit":0,"licenseKey":""},{"campaignID":"8762","attribution":0,"priority":"2","appToPromote":{"appToPromoteID":"13265","usesDefaultFrameImage":"0","usesDefaultCloseImage":"0","marketURL":"https:\/\/play.google.com\/store\/apps\/details?id=com.rhg.tricky.bike.stunt.moto.master","packageID":"com.rhg.tricky.bike.stunt.moto.master"},"showTemplate":1,"s2s_tracking_url":"https:\/\/play.google.com\/store\/apps\/details?id=com.rhg.tricky.bike.stunt.moto.master","activeCreativeID":"4121","scenes":["12","1","8","6","15","2"],"campaignAdType":"Rewarded Video","productId":"","purchaseBit":0,"licenseKey":""},{"campaignID":"9366","attribution":0,"priority":"2","appToPromote":{"appToPromoteID":"17602","usesDefaultFrameImage":"0","usesDefaultCloseImage":"0","marketURL":"https:\/\/play.google.com\/store\/apps\/details?id=com.abaenglish.videoclass&amp;referrer=utm_source=42matters.com&amp;utm_medium=api","packageID":"com.abaenglish.videoclass"},"showTemplate":1,"s2s_tracking_url":"https:\/\/play.google.com\/store\/apps\/details?id=com.abaenglish.videoclass&amp;referrer=utm_source=42matters.com&amp;utm_medium=api","activeCreativeID":"4815","scenes":["12","1","8","6","15","2"],"campaignAdType":"Interstitial","productId":"","purchaseBit":0,"licenseKey":""}],"refreshAdRate":30,"mode":"Production","aspectRatio":"4_3","cdnPath":"https:\/\/df8ymybeo92md.cloudfront.net\/images\/","sentry_log":0,"local_logging":0,"sentry_dsn":"https:\/\/93ffa1c9a4124f67b8888a53265f751a:bbf998e04584477fa9a145838e9d3b26@sentry.io\/168994","sentry_initialization":1,"sentry_debugging":0,"bannerSizes":["1","2"],"aspectRatioVideo":"16_9","app_id":"2402","showPreRewardedDialogue":0,"showPostRewardedDialogue":0,"rewardCurrency":"coins","rewardValue":0,"isSkipable":0,"privacyPolicyURL":"https:\/\/www.consoliads.com\/privacy-policy\/","sessionToken":"7\/jed\/61YvZ4dcM\/iAqONtGNh2VGO2S63XaPQo1LtkuoYjGKmiMGT0EChMSULv3ivY6j2GyBzHDu46kBU+QVTh4vCPY+tc++eKnaxf32Bz1w0YpgLBnkQ5woqARjjw7fN\/6ZPeLByPT8jaHzN4s++N+YMk0zw+nv1c8xQnqau58="}
Session token value is set


{"appKey":"dd587f33bef2bea93ba58b467ec75780","deviceID":"2567","stats":[{"campaignID":220,"packageID":"com.rgs.robot.battle","sceneStats":[{"sceneID":"7","eventStats":"326,226,126,26,26,0,0"}]}],"sdkVersion":"90","sessionToken":"7\/jed\/61YvZ4dcM\/iAqONtGNh2VGO2S63XaPQo1LtkuoYjGKmiMGT0EChMSULv3ivY6j2GyBzHDu46kBU+QVTh4vCPY+tc++eKnaxf32Bz1w0YpgLBnkQ5woqARjjw7fN\/6ZPeLByPT8jaHzN4s++N+YMk0zw+nv1c8xQnqau58="}
cache_ttl value is correct

Refresh Ad Rate value is correct
mode value is set

 Aspect ratio value is correct
sentry_log value is set
local_logging value is set
sentry_initialization value is set
sentry_debugging value is set
showPreRewardedDialogue value is set
showPostRewardedDialogue value is set
isSkipable value is set
{"cache_ttl":10080,"cache_ttl_rewarded":10080,"cache_ttl_banner":10080,"cache_ttl_native":10080,"cache_ttl_icon":10080,"refreshAdRate":30,"mode":"Production","aspectRatio":"4_3","cdnPath":"https:\/\/df8ymybeo92md.cloudfront.net\/images\/","sentry_log":0,"local_logging":0,"sentry_dsn":"https:\/\/93ffa1c9a4124f67b8888a53265f751a:bbf998e04584477fa9a145838e9d3b26@sentry.io\/168994","sentry_initialization":1,"sentry_debugging":0,"bannerSizes":[],"aspectRatioVideo":"16_9","app_id":"2624","showPreRewardedDialogue":0,"showPostRewardedDialogue":0,"rewardCurrency":"coins","rewardValue":0,"isSkipable":0,"privacyPolicyURL":"https:\/\/www.consoliads.com\/privacy-policy\/","sessionToken":"RY0J7rAxvdodzgSAr\/j5AaZRZmfBDdc39\/57nFrjHavE56sxt1XfgJiWZcg3MARLVSrMMCBs7oPzD0Mp5\/RA2dpePkTvsvs1HsRNzyHB6YT+3h60BV\/vB+4DXBnN4TiRfZI4I4Cm8cQbxD3UM4kT+MzREw2YnJFtolZFHJPC5bE="}
Session token value is set


{"appKey":"f7195bc5052737febb7af2f3f1baf1c1","deviceID":"4453","stats":[{"campaignID":221,"packageID":"com.whitesand.raft.survival.shark.hunter","sceneStats":[{"sceneID":"12","eventStats":"345,245,145,45,45,0,0"}]}],"sdkVersion":"39","sessionToken":"RY0J7rAxvdodzgSAr\/j5AaZRZmfBDdc39\/57nFrjHavE56sxt1XfgJiWZcg3MARLVSrMMCBs7oPzD0Mp5\/RA2dpePkTvsvs1HsRNzyHB6YT+3h60BV\/vB+4DXBnN4TiRfZI4I4Cm8cQbxD3UM4kT+MzREw2YnJFtolZFHJPC5bE="}
cache_ttl value is correct

Refresh Ad Rate value is correct
mode value is set

 Aspect ratio value is correct
sentry_log value is set
local_logging value is set
sentry_initialization value is set
sentry_debugging value is set
showPreRewardedDialogue value is set
showPostRewardedDialogue value is set
isSkipable value is set
{"cache_ttl":10080,"cache_ttl_rewarded":10080,"cache_ttl_banner":10080,"cache_ttl_native":10080,"cache_ttl_icon":10080,"refreshAdRate":30,"mode":"Production","aspectRatio":"4_3","cdnPath":"https:\/\/df8ymybeo92md.cloudfront.net\/images\/","sentry_log":0,"local_logging":0,"sentry_dsn":"https:\/\/93ffa1c9a4124f67b8888a53265f751a:bbf998e04584477fa9a145838e9d3b26@sentry.io\/168994","sentry_initialization":1,"sentry_debugging":0,"bannerSizes":["5"],"aspectRatioVideo":"16_9","app_id":"2602","showPreRewardedDialogue":0,"showPostRewardedDialogue":0,"rewardCurrency":"coins","rewardValue":0,"isSkipable":0,"privacyPolicyURL":"https:\/\/www.consoliads.com\/privacy-policy\/","sessionToken":"JWiu+GHiQdFjlF2wuIOwh3qZnlDsVv8oFIo8KTj7rCyXUTnFWVQys7wz1NVVwBVD2UPmVOn44aTEGMM9piXQ66Nr0KPbFcjm7fBiMd5lK+POkZZaUy0OUX\/xvfax3CI1csLcwdrEaREL0\/fNpmVVzKiJR9\/tWFqOwwbHuueXCq8="}
Session token value is set


{"appKey":"e27e8b9552ca9d031927942acc186a25","deviceID":"1564","stats":[{"campaignID":222,"packageID":"com.rgs.car.transporter.cargo.ship","sceneStats":[{"sceneID":"4","eventStats":"316,216,116,16,16,0,0"}]}],"sdkVersion":"90","sessionToken":"JWiu+GHiQdFjlF2wuIOwh3qZnlDsVv8oFIo8KTj7rCyXUTnFWVQys7wz1NVVwBVD2UPmVOn44aTEGMM9piXQ66Nr0KPbFcjm7fBiMd5lK+POkZZaUy0OUX\/xvfax3CI1csLcwdrEaREL0\/fNpmVVzKiJR9\/tWFqOwwbHuueXCq8="}
cache_ttl value is correct

Refresh Ad Rate value is correct
mode value is set

 Aspect ratio value is correct
sentry_log value is set
local_logging value is set
sentry_initialization value is set
sentry_debugging value is set
showPreRewardedDialogue value is set
showPostRewardedDialogue value is set
isSkipable value is set
{"cache_ttl":10080,"cache_ttl_rewarded":10080,"cache_ttl_banner":10080,"cache_ttl_native":10080,"cache_ttl_icon":10080,"refreshAdRate":30,"mode":"Production","aspectRatio":"4_3","cdnPath":"https:\/\/df8ymybeo92md.cloudfront.net\/images\/","sentry_log":0,"local_logging":0,"sentry_dsn":"https:\/\/93ffa1c9a4124f67b8888a53265f751a:bbf998e04584477fa9a145838e9d3b26@sentry.io\/168994","sentry_initialization":1,"sentry_debugging":0,"bannerSizes":[],"aspectRatioVideo":"16_9","app_id":"2583","showPreRewardedDialogue":0,"showPostRewardedDialogue":0,"rewardCurrency":"coins","rewardValue":0,"isSkipable":0,"privacyPolicyURL":"https:\/\/www.consoliads.com\/privacy-policy\/","sessionToken":"\/N0Vjpb5pJDwS5nD+i\/jC25VhuR\/3e7embTGBR\/hFZzeNBq\/RPbkv4IySnZ92hBl2cAu\/7uolprkmXjiCFLGvyojxq1j8asV1tews3Mc58MwRryWugPm66rgui9oHM+8eHNW4DkVxqvFN+N3hpyglDL3uYc6fVvz1bQRJpZOcbY="}
Session token value is set


{"appKey":"dd587f33bef2bea93ba58b467ec75780","deviceID":"5402","stats":[{"campaignID":223,"packageID":"com.rgs.robot.battle","sceneStats":[{"sceneID":"14","eventStats":"354,254,154,54,54,0,0"}]}],"sdkVersion":"90","sessionToken":"\/N0Vjpb5pJDwS5nD+i\/jC25VhuR\/3e7embTGBR\/hFZzeNBq\/RPbkv4IySnZ92hBl2cAu\/7uolprkmXjiCFLGvyojxq1j8asV1tews3Mc58MwRryWugPm66rgui9oHM+8eHNW4DkVxqvFN+N3hpyglDL3uYc6fVvz1bQRJpZOcbY="}
cache_ttl value is correct

Refresh Ad Rate value is correct
mode value is set

 Aspect ratio value is correct
sentry_log value is set
local_logging value is set
sentry_initialization value is set
sentry_debugging value is set
showPreRewardedDialogue value is set
showPostRewardedDialogue value is set
isSkipable value is set
{"cache_ttl":10080,"cache_ttl_rewarded":10080,"cache_ttl_banner":10080,"cache_ttl_native":10080,"cache_ttl_icon":10080,"refreshAdRate":30,"mode":"Production","aspectRatio":"4_3","cdnPath":"https:\/\/df8ymybeo92md.cloudfront.net\/images\/","sentry_log":0,"local_logging":0,"sentry_dsn":"https:\/\/93ffa1c9a4124f67b8888a53265f751a:bbf998e04584477fa9a145838e9d3b26@sentry.io\/168994","sentry_initialization":1,"sentry_debugging":0,"bannerSizes":[],"aspectRatioVideo":"16_9","app_id":"2624","showPreRewardedDialogue":0,"showPostRewardedDialogue":0,"rewardCurrency":"coins","rewardValue":0,"isSkipable":0,"privacyPolicyURL":"https:\/\/www.consoliads.com\/privacy-policy\/","sessionToken":"H\/S1r0DpMM8kvf4He43tiMMm\/luAT5UlKsX1T+26VhwNVDZYREkb\/l41x46WSNRvW1+8vl+mEZh5IROkL2BdqeO1QBpl3hjL8rqGa0ZBos2jHq7Eg6seEHJLkzDJzsSeSInEYLdaGIuRQNvr3au8XtycPzc+7tg\/QBPWrEsuUdM="}
Session token value is set


{"appKey":"dd587f33bef2bea93ba58b467ec75780","deviceID":"2513","stats":[{"campaignID":225,"packageID":"com.rgs.robot.battle","sceneStats":[{"sceneID":"7","eventStats":"325,225,125,25,25,0,0"}]}],"sdkVersion":"90","sessionToken":"H\/S1r0DpMM8kvf4He43tiMMm\/luAT5UlKsX1T+26VhwNVDZYREkb\/l41x46WSNRvW1+8vl+mEZh5IROkL2BdqeO1QBpl3hjL8rqGa0ZBos2jHq7Eg6seEHJLkzDJzsSeSInEYLdaGIuRQNvr3au8XtycPzc+7tg\/QBPWrEsuUdM="}
cache_ttl value is correct

Refresh Ad Rate value is correct
mode value is set

 Aspect ratio value is correct
sentry_log value is set
local_logging value is set
sentry_initialization value is set
sentry_debugging value is set
showPreRewardedDialogue value is set
showPostRewardedDialogue value is set
isSkipable value is set
{"cache_ttl":10080,"cache_ttl_rewarded":10080,"cache_ttl_banner":10080,"cache_ttl_native":10080,"cache_ttl_icon":10080,"refreshAdRate":30,"mode":"Production","aspectRatio":"4_3","cdnPath":"https:\/\/df8ymybeo92md.cloudfront.net\/images\/","sentry_log":0,"local_logging":0,"sentry_dsn":"https:\/\/93ffa1c9a4124f67b8888a53265f751a:bbf998e04584477fa9a145838e9d3b26@sentry.io\/168994","sentry_initialization":1,"sentry_debugging":0,"bannerSizes":[],"aspectRatioVideo":"16_9","app_id":"2624","showPreRewardedDialogue":0,"showPostRewardedDialogue":0,"rewardCurrency":"coins","rewardValue":0,"isSkipable":0,"privacyPolicyURL":"https:\/\/www.consoliads.com\/privacy-policy\/","sessionToken":"5QoBFc3gxu9c8x3StJBDhS1vtVwrGWLtIpAqr4bcu1Z0CkUGL+h\/DAXzpIvTkZDhpFnyZxMsDsNeV3sGbBvOJ8e9230BGsFJ0FwXc9jiV0HRhoSEZU9CWm6lwCaD0HjW5Pdjsk0wlV3hm6eZNeWEe4H7Ijnjfgk89rye04Q6gYY="}
Session token value is set

</DebugTrace>
      </Output>
    </UnitTestResult>
    <UnitTestResult executionId="5febf37e-79d0-4aef-86ae-bde3f830b6b6" testId="d249d328-6d44-2c2d-6ed9-e0b5d6f69772" testName="C_RecordClicksFromDeviceMainMethodCodeGenerator" computerName="DESKTOP-5AJ0SB3" duration="00:01:39.7442465" startTime="2021-01-29T10:19:48.4602702+05:00" endTime="2021-01-29T10:21:28.2121540+05:00" testType="13cdc9d9-ddb5-4fa4-a97d-d965ccfc6d4b" outcome="Passed" testListId="8c84fa94-04c1-424b-9868-57a2d4851a1d" relativeResultsDirectory="5febf37e-79d0-4aef-86ae-bde3f830b6b6">
      <Output>
        <DebugTrace>****************** SELECT campaigns.campaignID,campaigns.appID,apps.sdkID,apps.companyID,apps.osID FROM apps INNER JOIN campaigns ON apps.appID = campaigns.appID WHERE apps.sdkID &gt; 20 AND apps.appKey != '' AND campaigns.campaignID NOT IN (0 ,- 1 ,- 2 ,- 3 ,- 4 ,- 5) LIMIT 50
****************** 
****************** Select appKey , appID from apps where appkey!='' and sdkID &gt; 10 limit  50
****************** 
****************** JJpX85UiVMIIL76SOmx/V38lvKURDRVwbXc8U7kDRoSED310LrcjKfQCfTMxbOWRwnbjSNw8TDXz5pA3iwXrqBhoeqMc8fG7U9JpllMOOwdTpbf6vuddgS2LUhomvidi
****************** JJpX85UiVMIIL76SOmx/V38lvKURDRVwbXc8U7kDRoSED310LrcjKfQCfTMxbOWRwnbjSNw8TDXz5pA3iwXrqBhoeqMc8fG7U9JpllMOOwdTpbf6vuddgS2LUhomvidi
****************** JJpX85UiVMIIL76SOmx/V38lvKURDRVwbXc8U7kDRoSED310LrcjKfQCfTMxbOWRwnbjSNw8TDXz5pA3iwXrqBhoeqMc8fG7U9JpllMOOwdTpbf6vuddgS2LUhomvidi
****************** JJpX85UiVMIIL76SOmx/V38lvKURDRVwbXc8U7kDRoSED310LrcjKfQCfTMxbOWRwnbjSNw8TDXz5pA3iwXrqBhoeqMc8fG7U9JpllMOOwdTpbf6vuddgS2LUhomvidi
****************** JJpX85UiVMIIL76SOmx/V38lvKURDRVwbXc8U7kDRoSED310LrcjKfQCfTMxbOWRwnbjSNw8TDXz5pA3iwXrqBhoeqMc8fG7U9JpllMOOwdTpbf6vuddgS2LUhomvidi
****************** JJpX85UiVMIIL76SOmx/V38lvKURDRVwbXc8U7kDRoSED310LrcjKfQCfTMxbOWRwnbjSNw8TDXz5pA3iwXrqBhoeqMc8fG7U9JpllMOOwdTpbf6vuddgS2LUhomvidi
****************** JJpX85UiVMIIL76SOmx/V38lvKURDRVwbXc8U7kDRoSED310LrcjKfQCfTMxbOWRwnbjSNw8TDXz5pA3iwXrqBhoeqMc8fG7U9JpllMOOwdTpbf6vuddgS2LUhomvidi
****************** JJpX85UiVMIIL76SOmx/V38lvKURDRVwbXc8U7kDRoSED310LrcjKfQCfTMxbOWRwnbjSNw8TDXz5pA3iwXrqBhoeqMc8fG7U9JpllMOOwdTpbf6vuddgS2LUhomvidi
****************** JJpX85UiVMIIL76SOmx/V38lvKURDRVwbXc8U7kDRoSED310LrcjKfQCfTMxbOWRwnbjSNw8TDXz5pA3iwXrqBhoeqMc8fG7U9JpllMOOwdTpbf6vuddgS2LUhomvidi
****************** JJpX85UiVMIIL76SOmx/V38lvKURDRVwbXc8U7kDRoSED310LrcjKfQCfTMxbOWRwnbjSNw8TDXz5pA3iwXrqBhoeqMc8fG7U9JpllMOOwdTpbf6vuddgS2LUhomvidi
****************** JJpX85UiVMIIL76SOmx/V38lvKURDRVwbXc8U7kDRoSED310LrcjKfQCfTMxbOWRwnbjSNw8TDXz5pA3iwXrqBhoeqMc8fG7U9JpllMOOwdTpbf6vuddgS2LUhomvidi
****************** JJpX85UiVMIIL76SOmx/V38lvKURDRVwbXc8U7kDRoSED310LrcjKfQCfTMxbOWRwnbjSNw8TDXz5pA3iwXrqBhoeqMc8fG7U9JpllMOOwdTpbf6vuddgS2LUhomvidi
****************** JJpX85UiVMIIL76SOmx/V38lvKURDRVwbXc8U7kDRoSED310LrcjKfQCfTMxbOWRwnbjSNw8TDXz5pA3iwXrqBhoeqMc8fG7U9JpllMOOwdTpbf6vuddgS2LUhomvidi
****************** JJpX85UiVMIIL76SOmx/V38lvKURDRVwbXc8U7kDRoSED310LrcjKfQCfTMxbOWRwnbjSNw8TDXz5pA3iwXrqBhoeqMc8fG7U9JpllMOOwdTpbf6vuddgS2LUhomvidi
****************** JJpX85UiVMIIL76SOmx/V38lvKURDRVwbXc8U7kDRoSED310LrcjKfQCfTMxbOWRwnbjSNw8TDXz5pA3iwXrqBhoeqMc8fG7U9JpllMOOwdTpbf6vuddgS2LUhomvidi
****************** JJpX85UiVMIIL76SOmx/V38lvKURDRVwbXc8U7kDRoSED310LrcjKfQCfTMxbOWRwnbjSNw8TDXz5pA3iwXrqBhoeqMc8fG7U9JpllMOOwdTpbf6vuddgS2LUhomvidi
****************** JJpX85UiVMIIL76SOmx/V38lvKURDRVwbXc8U7kDRoSED310LrcjKfQCfTMxbOWRwnbjSNw8TDXz5pA3iwXrqBhoeqMc8fG7U9JpllMOOwdTpbf6vuddgS2LUhomvidi
****************** JJpX85UiVMIIL76SOmx/V38lvKURDRVwbXc8U7kDRoSED310LrcjKfQCfTMxbOWRwnbjSNw8TDXz5pA3iwXrqBhoeqMc8fG7U9JpllMOOwdTpbf6vuddgS2LUhomvidi
****************** JJpX85UiVMIIL76SOmx/V38lvKURDRVwbXc8U7kDRoSED310LrcjKfQCfTMxbOWRwnbjSNw8TDXz5pA3iwXrqBhoeqMc8fG7U9JpllMOOwdTpbf6vuddgS2LUhomvidi
****************** JJpX85UiVMIIL76SOmx/V38lvKURDRVwbXc8U7kDRoSED310LrcjKfQCfTMxbOWRwnbjSNw8TDXz5pA3iwXrqBhoeqMc8fG7U9JpllMOOwdTpbf6vuddgS2LUhomvidi
****************** JJpX85UiVMIIL76SOmx/V38lvKURDRVwbXc8U7kDRoSED310LrcjKfQCfTMxbOWRwnbjSNw8TDXz5pA3iwXrqBhoeqMc8fG7U9JpllMOOwdTpbf6vuddgS2LUhomvidi
****************** JJpX85UiVMIIL76SOmx/V38lvKURDRVwbXc8U7kDRoSED310LrcjKfQCfTMxbOWRwnbjSNw8TDXz5pA3iwXrqBhoeqMc8fG7U9JpllMOOwdTpbf6vuddgS2LUhomvidi
****************** JJpX85UiVMIIL76SOmx/V38lvKURDRVwbXc8U7kDRoSED310LrcjKfQCfTMxbOWRwnbjSNw8TDXz5pA3iwXrqBhoeqMc8fG7U9JpllMOOwdTpbf6vuddgS2LUhomvidi
****************** JJpX85UiVMIIL76SOmx/V38lvKURDRVwbXc8U7kDRoSED310LrcjKfQCfTMxbOWRwnbjSNw8TDXz5pA3iwXrqBhoeqMc8fG7U9JpllMOOwdTpbf6vuddgS2LUhomvidi
****************** JJpX85UiVMIIL76SOmx/V38lvKURDRVwbXc8U7kDRoSED310LrcjKfQCfTMxbOWRwnbjSNw8TDXz5pA3iwXrqBhoeqMc8fG7U9JpllMOOwdTpbf6vuddgS2LUhomvidi
****************** JJpX85UiVMIIL76SOmx/V38lvKURDRVwbXc8U7kDRoSED310LrcjKfQCfTMxbOWRwnbjSNw8TDXz5pA3iwXrqBhoeqMc8fG7U9JpllMOOwdTpbf6vuddgS2LUhomvidi
****************** JJpX85UiVMIIL76SOmx/V38lvKURDRVwbXc8U7kDRoSED310LrcjKfQCfTMxbOWRwnbjSNw8TDXz5pA3iwXrqBhoeqMc8fG7U9JpllMOOwdTpbf6vuddgS2LUhomvidi
****************** JJpX85UiVMIIL76SOmx/V38lvKURDRVwbXc8U7kDRoSED310LrcjKfQCfTMxbOWRwnbjSNw8TDXz5pA3iwXrqBhoeqMc8fG7U9JpllMOOwdTpbf6vuddgS2LUhomvidi
****************** JJpX85UiVMIIL76SOmx/V38lvKURDRVwbXc8U7kDRoSED310LrcjKfQCfTMxbOWRwnbjSNw8TDXz5pA3iwXrqBhoeqMc8fG7U9JpllMOOwdTpbf6vuddgS2LUhomvidi
****************** JJpX85UiVMIIL76SOmx/V38lvKURDRVwbXc8U7kDRoSED310LrcjKfQCfTMxbOWRwnbjSNw8TDXz5pA3iwXrqBhoeqMc8fG7U9JpllMOOwdTpbf6vuddgS2LUhomvidi
****************** JJpX85UiVMIIL76SOmx/V38lvKURDRVwbXc8U7kDRoSED310LrcjKfQCfTMxbOWRwnbjSNw8TDXz5pA3iwXrqBhoeqMc8fG7U9JpllMOOwdTpbf6vuddgS2LUhomvidi
****************** JJpX85UiVMIIL76SOmx/V38lvKURDRVwbXc8U7kDRoSED310LrcjKfQCfTMxbOWRwnbjSNw8TDXz5pA3iwXrqBhoeqMc8fG7U9JpllMOOwdTpbf6vuddgS2LUhomvidi
****************** JJpX85UiVMIIL76SOmx/V38lvKURDRVwbXc8U7kDRoSED310LrcjKfQCfTMxbOWRwnbjSNw8TDXz5pA3iwXrqBhoeqMc8fG7U9JpllMOOwdTpbf6vuddgS2LUhomvidi
****************** JJpX85UiVMIIL76SOmx/V38lvKURDRVwbXc8U7kDRoSED310LrcjKfQCfTMxbOWRwnbjSNw8TDXz5pA3iwXrqBhoeqMc8fG7U9JpllMOOwdTpbf6vuddgS2LUhomvidi
****************** JJpX85UiVMIIL76SOmx/V38lvKURDRVwbXc8U7kDRoSED310LrcjKfQCfTMxbOWRwnbjSNw8TDXz5pA3iwXrqBhoeqMc8fG7U9JpllMOOwdTpbf6vuddgS2LUhomvidi
****************** JJpX85UiVMIIL76SOmx/V38lvKURDRVwbXc8U7kDRoSED310LrcjKfQCfTMxbOWRwnbjSNw8TDXz5pA3iwXrqBhoeqMc8fG7U9JpllMOOwdTpbf6vuddgS2LUhomvidi
****************** JJpX85UiVMIIL76SOmx/V38lvKURDRVwbXc8U7kDRoSED310LrcjKfQCfTMxbOWRwnbjSNw8TDXz5pA3iwXrqBhoeqMc8fG7U9JpllMOOwdTpbf6vuddgS2LUhomvidi
****************** JJpX85UiVMIIL76SOmx/V38lvKURDRVwbXc8U7kDRoSED310LrcjKfQCfTMxbOWRwnbjSNw8TDXz5pA3iwXrqBhoeqMc8fG7U9JpllMOOwdTpbf6vuddgS2LUhomvidi
****************** JJpX85UiVMIIL76SOmx/V38lvKURDRVwbXc8U7kDRoSED310LrcjKfQCfTMxbOWRwnbjSNw8TDXz5pA3iwXrqBhoeqMc8fG7U9JpllMOOwdTpbf6vuddgS2LUhomvidi
****************** JJpX85UiVMIIL76SOmx/V38lvKURDRVwbXc8U7kDRoSED310LrcjKfQCfTMxbOWRwnbjSNw8TDXz5pA3iwXrqBhoeqMc8fG7U9JpllMOOwdTpbf6vuddgS2LUhomvidi
****************** JJpX85UiVMIIL76SOmx/V38lvKURDRVwbXc8U7kDRoSED310LrcjKfQCfTMxbOWRwnbjSNw8TDXz5pA3iwXrqBhoeqMc8fG7U9JpllMOOwdTpbf6vuddgS2LUhomvidi
****************** JJpX85UiVMIIL76SOmx/V38lvKURDRVwbXc8U7kDRoSED310LrcjKfQCfTMxbOWRwnbjSNw8TDXz5pA3iwXrqBhoeqMc8fG7U9JpllMOOwdTpbf6vuddgS2LUhomvidi
****************** JJpX85UiVMIIL76SOmx/V38lvKURDRVwbXc8U7kDRoSED310LrcjKfQCfTMxbOWRwnbjSNw8TDXz5pA3iwXrqBhoeqMc8fG7U9JpllMOOwdTpbf6vuddgS2LUhomvidi
****************** JJpX85UiVMIIL76SOmx/V38lvKURDRVwbXc8U7kDRoSED310LrcjKfQCfTMxbOWRwnbjSNw8TDXz5pA3iwXrqBhoeqMc8fG7U9JpllMOOwdTpbf6vuddgS2LUhomvidi
****************** JJpX85UiVMIIL76SOmx/V38lvKURDRVwbXc8U7kDRoSED310LrcjKfQCfTMxbOWRwnbjSNw8TDXz5pA3iwXrqBhoeqMc8fG7U9JpllMOOwdTpbf6vuddgS2LUhomvidi
****************** JJpX85UiVMIIL76SOmx/V38lvKURDRVwbXc8U7kDRoSED310LrcjKfQCfTMxbOWRwnbjSNw8TDXz5pA3iwXrqBhoeqMc8fG7U9JpllMOOwdTpbf6vuddgS2LUhomvidi
****************** JJpX85UiVMIIL76SOmx/V38lvKURDRVwbXc8U7kDRoSED310LrcjKfQCfTMxbOWRwnbjSNw8TDXz5pA3iwXrqBhoeqMc8fG7U9JpllMOOwdTpbf6vuddgS2LUhomvidi
****************** JJpX85UiVMIIL76SOmx/V38lvKURDRVwbXc8U7kDRoSED310LrcjKfQCfTMxbOWRwnbjSNw8TDXz5pA3iwXrqBhoeqMc8fG7U9JpllMOOwdTpbf6vuddgS2LUhomvidi
****************** JJpX85UiVMIIL76SOmx/V38lvKURDRVwbXc8U7kDRoSED310LrcjKfQCfTMxbOWRwnbjSNw8TDXz5pA3iwXrqBhoeqMc8fG7U9JpllMOOwdTpbf6vuddgS2LUhomvidi
****************** JJpX85UiVMIIL76SOmx/V38lvKURDRVwbXc8U7kDRoSED310LrcjKfQCfTMxbOWRwnbjSNw8TDXz5pA3iwXrqBhoeqMc8fG7U9JpllMOOwdTpbf6vuddgS2LUhomvidi
</DebugTrace>
      </Output>
    </UnitTestResult>
    <UnitTestResult executionId="a86260da-bd1b-4967-ae01-b3aefd2a544b" testId="20f0da05-06f5-50cc-bee5-9ac7cf561794" testName="D_SaveNetworkrStatsMainMethodCodeGenerator" computerName="DESKTOP-5AJ0SB3" duration="00:01:15.0529994" startTime="2021-01-29T10:21:28.2171504+05:00" endTime="2021-01-29T10:22:43.2778371+05:00" testType="13cdc9d9-ddb5-4fa4-a97d-d965ccfc6d4b" outcome="Passed" testListId="8c84fa94-04c1-424b-9868-57a2d4851a1d" relativeResultsDirectory="a86260da-bd1b-4967-ae01-b3aefd2a544b">
      <Output>
        <DebugTrace>****************** http://52.13.174.6/sheeda/admin/analytics/saveNetworkStats
****************** SELECT apps.package, apps.osID, apps.appID, apps.companyID,apps.sdkID,sdk_info.ver from apps INNER JOIN sdk_info ON apps.sdkID = sdk_info.sdkID where apps.sdkID &gt; 20 Limit 50
****************** 
****************** select adID from ads where ad_type != 'analytics';
****************** 
****************** JJpX85UiVMIIL76SOmx/V38lvKURDRVwbXc8U7kDRoSED310LrcjKfQCfTMxbOWRwnbjSNw8TDXz5pA3iwXrqBhoeqMc8fG7U9JpllMOOwdTpbf6vuddgS2LUhomvidi
****************** http://52.13.174.6/sheeda/admin/analytics/saveNetworkStats
message value is correct
Session token value is set

****************** http://52.13.174.6/sheeda/admin/analytics/saveNetworkStats
Message value not appearing correctly
****************** http://52.13.174.6/sheeda/admin/analytics/saveNetworkStats
message value is correct
Session token value is set

****************** http://52.13.174.6/sheeda/admin/analytics/saveNetworkStats
message value is correct
Session token value is set

****************** http://52.13.174.6/sheeda/admin/analytics/saveNetworkStats
Message value not appearing correctly
****************** http://52.13.174.6/sheeda/admin/analytics/saveNetworkStats
message value is correct
Session token value is set

****************** http://52.13.174.6/sheeda/admin/analytics/saveNetworkStats
Message value not appearing correctly
****************** http://52.13.174.6/sheeda/admin/analytics/saveNetworkStats
Message value not appearing correctly
****************** http://52.13.174.6/sheeda/admin/analytics/saveNetworkStats
Message value not appearing correctly
****************** http://52.13.174.6/sheeda/admin/analytics/saveNetworkStats
message value is correct
Session token value is set

****************** http://52.13.174.6/sheeda/admin/analytics/saveNetworkStats
Message value not appearing correctly
****************** http://52.13.174.6/sheeda/admin/analytics/saveNetworkStats
Message value not appearing correctly
****************** http://52.13.174.6/sheeda/admin/analytics/saveNetworkStats
message value is correct
Session token value is set

****************** http://52.13.174.6/sheeda/admin/analytics/saveNetworkStats
message value is correct
Session token value is set

****************** http://52.13.174.6/sheeda/admin/analytics/saveNetworkStats
Message value not appearing correctly
****************** http://52.13.174.6/sheeda/admin/analytics/saveNetworkStats
Message value not appearing correctly
****************** http://52.13.174.6/sheeda/admin/analytics/saveNetworkStats
Message value not appearing correctly
****************** http://52.13.174.6/sheeda/admin/analytics/saveNetworkStats
Message value not appearing correctly
****************** http://52.13.174.6/sheeda/admin/analytics/saveNetworkStats
Message value not appearing correctly
****************** http://52.13.174.6/sheeda/admin/analytics/saveNetworkStats
message value is correct
Session token value is set

****************** http://52.13.174.6/sheeda/admin/analytics/saveNetworkStats
message value is correct
Session token value is set

****************** http://52.13.174.6/sheeda/admin/analytics/saveNetworkStats
message value is correct
Session token value is set

****************** http://52.13.174.6/sheeda/admin/analytics/saveNetworkStats
message value is correct
Session token value is set

****************** http://52.13.174.6/sheeda/admin/analytics/saveNetworkStats
Message value not appearing correctly
****************** http://52.13.174.6/sheeda/admin/analytics/saveNetworkStats
Message value not appearing correctly
****************** http://52.13.174.6/sheeda/admin/analytics/saveNetworkStats
Message value not appearing correctly
****************** http://52.13.174.6/sheeda/admin/analytics/saveNetworkStats
message value is correct
Session token value is set

****************** http://52.13.174.6/sheeda/admin/analytics/saveNetworkStats
message value is correct
Session token value is set

****************** http://52.13.174.6/sheeda/admin/analytics/saveNetworkStats
message value is correct
Session token value is set

****************** http://52.13.174.6/sheeda/admin/analytics/saveNetworkStats
message value is correct
Session token value is set

****************** http://52.13.174.6/sheeda/admin/analytics/saveNetworkStats
message value is correct
Session token value is set

****************** http://52.13.174.6/sheeda/admin/analytics/saveNetworkStats
message value is correct
****************** http://52.13.174.6/sheeda/admin/analytics/saveNetworkStats
message value is correct
Session token value is set

****************** http://52.13.174.6/sheeda/admin/analytics/saveNetworkStats
message value is correct
Session token value is set

****************** http://52.13.174.6/sheeda/admin/analytics/saveNetworkStats
message value is correct
****************** http://52.13.174.6/sheeda/admin/analytics/saveNetworkStats
message value is correct
Session token value is set

****************** http://52.13.174.6/sheeda/admin/analytics/saveNetworkStats
message value is correct
****************** http://52.13.174.6/sheeda/admin/analytics/saveNetworkStats
message value is correct
Session token value is set

****************** http://52.13.174.6/sheeda/admin/analytics/saveNetworkStats
message value is correct
Session token value is set

****************** http://52.13.174.6/sheeda/admin/analytics/saveNetworkStats
message value is correct
Session token value is set

****************** http://52.13.174.6/sheeda/admin/analytics/saveNetworkStats
message value is correct
Session token value is set

****************** http://52.13.174.6/sheeda/admin/analytics/saveNetworkStats
message value is correct
Session token value is set

****************** http://52.13.174.6/sheeda/admin/analytics/saveNetworkStats
message value is correct
Session token value is set

****************** http://52.13.174.6/sheeda/admin/analytics/saveNetworkStats
message value is correct
Session token value is set

****************** http://52.13.174.6/sheeda/admin/analytics/saveNetworkStats
message value is correct
****************** http://52.13.174.6/sheeda/admin/analytics/saveNetworkStats
message value is correct
Session token value is set

****************** http://52.13.174.6/sheeda/admin/analytics/saveNetworkStats
message value is correct
****************** http://52.13.174.6/sheeda/admin/analytics/saveNetworkStats
message value is correct
****************** http://52.13.174.6/sheeda/admin/analytics/saveNetworkStats
message value is correct
Session token value is set

****************** http://52.13.174.6/sheeda/admin/analytics/saveNetworkStats
message value is correct
Session token value is set

</DebugTrace>
      </Output>
    </UnitTestResult>
    <UnitTestResult executionId="a9f3ea3d-e240-434a-a3bb-c681c48db6bf" testId="bfc1b289-dbbb-3bad-fc5e-78e601449e19" testName="E_StartNewAdSessionMainInputGenerator" computerName="DESKTOP-5AJ0SB3" duration="00:01:49.2621408" startTime="2021-01-29T10:22:43.2828329+05:00" endTime="2021-01-29T10:24:32.5520481+05:00" testType="13cdc9d9-ddb5-4fa4-a97d-d965ccfc6d4b" outcome="Passed" testListId="8c84fa94-04c1-424b-9868-57a2d4851a1d" relativeResultsDirectory="a9f3ea3d-e240-434a-a3bb-c681c48db6bf">
      <Output>
        <DebugTrace>****************** Select appKey , sdkID from apps where appkey!='' and sdkID &gt; 20 LIMIT 50
****************** 

{"appKey":"cf9b5e65c71c19e37f7fdec53fc4bd1d","osVersion":"9.0","orientation":"0","is_mac":"0","model":"GT-Nnnn0","deviceID":"979","telco_operator":"","cpu":"0","brand":"HUAWEI","userConsent":"0","internet_connectivity":"0","height":"491","architecture":"","width":"491","resolution":"1280x720","ram":"953,45 MB","sdkVersion":"2001","product":"j7xeltexx","devMode":"0"}
cache_ttl value is correct

Refresh Ad Rate value is correct
mode value is set

 Aspect ratio value is correct
sentry_log value is set
local_logging value is set
sentry_initialization value is set
sentry_debugging value is set
showPreRewardedDialogue value is set
showPostRewardedDialogue value is set
isSkipable value is set
{"cache_ttl":10080,"cache_ttl_rewarded":10080,"cache_ttl_banner":10080,"cache_ttl_native":10080,"cache_ttl_icon":10080,"campaigns":[{"campaignID":"138","attribution":0,"priority":"5","appToPromote":{"appToPromoteID":"1817","usesDefaultFrameImage":"1","usesDefaultCloseImage":"1","marketURL":"https:\/\/play.google.com\/store\/apps\/details?id=com.molev.army.shooting.training.game","packageID":"com.molev.army.shooting.training.game"},"showTemplate":1,"s2s_tracking_url":"https:\/\/play.google.com\/store\/apps\/details?id=com.molev.army.shooting.training.game","activeCreativeID":"130","scenes":["2","1"],"campaignAdType":"Interstitial","productId":"","purchaseBit":0,"licenseKey":""},{"campaignID":"138","attribution":0,"priority":"5","appToPromote":{"appToPromoteID":"1817","usesDefaultFrameImage":"1","usesDefaultCloseImage":"1","marketURL":"https:\/\/play.google.com\/store\/apps\/details?id=com.molev.army.shooting.training.game","packageID":"com.molev.army.shooting.training.game"},"showTemplate":1,"s2s_tracking_url":"https:\/\/play.google.com\/store\/apps\/details?id=com.molev.army.shooting.training.game","activeCreativeID":"130","scenes":["2","1"],"campaignAdType":"Interstitial","productId":"","purchaseBit":0,"licenseKey":""},{"campaignID":"138","attribution":0,"priority":"5","appToPromote":{"appToPromoteID":"1817","usesDefaultFrameImage":"1","usesDefaultCloseImage":"1","marketURL":"https:\/\/play.google.com\/store\/apps\/details?id=com.molev.army.shooting.training.game","packageID":"com.molev.army.shooting.training.game"},"showTemplate":1,"s2s_tracking_url":"https:\/\/play.google.com\/store\/apps\/details?id=com.molev.army.shooting.training.game","activeCreativeID":"130","scenes":["2","1"],"campaignAdType":"Interstitial","productId":"","purchaseBit":0,"licenseKey":""},{"campaignID":"138","attribution":0,"priority":"5","appToPromote":{"appToPromoteID":"1817","usesDefaultFrameImage":"1","usesDefaultCloseImage":"1","marketURL":"https:\/\/play.google.com\/store\/apps\/details?id=com.molev.army.shooting.training.game","packageID":"com.molev.army.shooting.training.game"},"showTemplate":1,"s2s_tracking_url":"https:\/\/play.google.com\/store\/apps\/details?id=com.molev.army.shooting.training.game","activeCreativeID":"130","scenes":["2","1"],"campaignAdType":"Interstitial","productId":"","purchaseBit":0,"licenseKey":""},{"campaignID":"138","attribution":0,"priority":"5","appToPromote":{"appToPromoteID":"1817","usesDefaultFrameImage":"1","usesDefaultCloseImage":"1","marketURL":"https:\/\/play.google.com\/store\/apps\/details?id=com.molev.army.shooting.training.game","packageID":"com.molev.army.shooting.training.game"},"showTemplate":1,"s2s_tracking_url":"https:\/\/play.google.com\/store\/apps\/details?id=com.molev.army.shooting.training.game","activeCreativeID":"130","scenes":["2","1"],"campaignAdType":"Interstitial","productId":"","purchaseBit":0,"licenseKey":""},{"campaignID":"138","attribution":0,"priority":"5","appToPromote":{"appToPromoteID":"1817","usesDefaultFrameImage":"1","usesDefaultCloseImage":"1","marketURL":"https:\/\/play.google.com\/store\/apps\/details?id=com.molev.army.shooting.training.game","packageID":"com.molev.army.shooting.training.game"},"showTemplate":1,"s2s_tracking_url":"https:\/\/play.google.com\/store\/apps\/details?id=com.molev.army.shooting.training.game","activeCreativeID":"130","scenes":["2","1"],"campaignAdType":"Interstitial","productId":"","purchaseBit":0,"licenseKey":""},{"campaignID":"8378","attribution":0,"priority":"8","appToPromote":{"appToPromoteID":"16480","usesDefaultFrameImage":"0","usesDefaultCloseImage":"0","marketURL":"https:\/\/play.google.com\/store\/apps\/details?id=com.nag.home.manager.working.virtual.mom","packageID":"com.GSS317.AmazingFamily"},"showTemplate":1,"s2s_tracking_url":"https:\/\/play.google.com\/store\/apps\/details?id=com.nag.home.manager.working.virtual.mom","activeCreativeID":"3720","scenes":["2","1"],"campaignAdType":"Interstitial","productId":"","purchaseBit":0,"licenseKey":""},{"campaignID":"9547","attribution":0,"priority":"8","appToPromote":{"appToPromoteID":"11879","usesDefaultFrameImage":"0","usesDefaultCloseImage":"0","marketURL":"https:\/\/play.google.com\/store\/apps\/details?id=com.buntoo.car.racing.games","packageID":"com.buntoo.car.racing.games"},"showTemplate":1,"s2s_tracking_url":"https:\/\/play.google.com\/store\/apps\/details?id=com.buntoo.car.racing.games","activeCreativeID":"4964","scenes":["2","1"],"campaignAdType":"Interstitial","productId":"","purchaseBit":0,"licenseKey":""},{"campaignID":"9586","attribution":0,"priority":"8","appToPromote":{"appToPromoteID":"515","usesDefaultFrameImage":"1","usesDefaultCloseImage":"1","marketURL":"https:\/\/play.google.com\/store\/apps\/details?id=com.plum.cash.counter.simualtor","packageID":"com.plum.cash.counter.simualtor"},"showTemplate":1,"s2s_tracking_url":"https:\/\/play.google.com\/store\/apps\/details?id=com.plum.cash.counter.simualtor","activeCreativeID":"50","scenes":["2","1"],"campaignAdType":"Interstitial","productId":"","purchaseBit":0,"licenseKey":""},{"campaignID":"9587","attribution":0,"priority":"8","appToPromote":{"appToPromoteID":"515","usesDefaultFrameImage":"1","usesDefaultCloseImage":"1","marketURL":"https:\/\/play.google.com\/store\/apps\/details?id=com.plum.cash.counter.simualtor","packageID":"com.plum.cash.counter.simualtor"},"showTemplate":1,"s2s_tracking_url":"https:\/\/play.google.com\/store\/apps\/details?id=com.plum.cash.counter.simualtor","activeCreativeID":"50","scenes":["2","1"],"campaignAdType":"Interstitial","productId":"","purchaseBit":0,"licenseKey":""},{"campaignID":"9588","attribution":0,"priority":"8","appToPromote":{"appToPromoteID":"515","usesDefaultFrameImage":"1","usesDefaultCloseImage":"1","marketURL":"https:\/\/play.google.com\/store\/apps\/details?id=com.plum.cash.counter.simualtor","packageID":"com.plum.cash.counter.simualtor"},"showTemplate":1,"s2s_tracking_url":"https:\/\/play.google.com\/store\/apps\/details?id=com.plum.cash.counter.simualtor","activeCreativeID":"50","scenes":["2","1"],"campaignAdType":"Interstitial","productId":"","purchaseBit":0,"licenseKey":""},{"campaignID":"9589","attribution":0,"priority":"8","appToPromote":{"appToPromoteID":"515","usesDefaultFrameImage":"1","usesDefaultCloseImage":"1","marketURL":"https:\/\/play.google.com\/store\/apps\/details?id=com.plum.cash.counter.simualtor","packageID":"com.plum.cash.counter.simualtor"},"showTemplate":1,"s2s_tracking_url":"https:\/\/play.google.com\/store\/apps\/details?id=com.plum.cash.counter.simualtor","activeCreativeID":"50","scenes":["2","1"],"campaignAdType":"Interstitial","productId":"","purchaseBit":0,"licenseKey":""},{"campaignID":"9131","attribution":0,"priority":"8","appToPromote":{"appToPromoteID":"17532","usesDefaultFrameImage":"0","usesDefaultCloseImage":"0","marketURL":"https:\/\/play.google.com\/store\/apps\/details?id=com.dhgate.buyermob","packageID":"com.dhgate.buyermob"},"showTemplate":1,"s2s_tracking_url":"https:\/\/tha.gotrackier.com\/click?campaign_id=63254\\u0026pub_id=75?p1=1_9131_979&amp;source=6841&amp;app_name=JungleWarrior&amp;gaid=979","activeCreativeID":"4483","scenes":["2","1"],"campaignAdType":"Interstitial","productId":"","purchaseBit":0,"licenseKey":""},{"campaignID":"8380","attribution_link":"","attribution":1,"priority":"7","appToPromote":{"appToPromoteID":"16480","usesDefaultFrameImage":"0","usesDefaultCloseImage":"0","marketURL":"https:\/\/play.google.com\/store\/apps\/details?id=com.nag.home.manager.working.virtual.mom","packageID":"com.GSS317.AmazingFamily"},"showTemplate":1,"s2s_tracking_url":"","activeCreativeID":"3720","scenes":["2","1"],"campaignAdType":"Interstitial","productId":"","purchaseBit":0,"licenseKey":""},{"campaignID":"444","attribution":0,"priority":"6","appToPromote":{"appToPromoteID":"3355","usesDefaultFrameImage":"0","usesDefaultCloseImage":"0","marketURL":"https:\/\/play.google.com\/store\/apps\/details?id=com.popnsons.parkour.mouse","packageID":"com.popnsons.parkour.mouse"},"showTemplate":1,"s2s_tracking_url":"https:\/\/play.google.com\/store\/apps\/details?id=com.popnsons.parkour.mouse","activeCreativeID":"469","scenes":["2","1"],"campaignAdType":"Interstitial","productId":"","purchaseBit":0,"licenseKey":""},{"campaignID":"561","attribution":0,"priority":"6","appToPromote":{"appToPromoteID":"5026","usesDefaultFrameImage":"0","usesDefaultCloseImage":"0","marketURL":"https:\/\/play.google.com\/store\/apps\/details?id=com.as.cashupapp","packageID":"com.as.cashupapp"},"showTemplate":1,"s2s_tracking_url":"https:\/\/play.google.com\/store\/apps\/details?id=com.as.cashupapp","activeCreativeID":"652","scenes":["2","1"],"campaignAdType":"Interstitial","productId":"","purchaseBit":0,"licenseKey":""},{"campaignID":"570","attribution":0,"priority":"6","appToPromote":{"appToPromoteID":"3802","usesDefaultFrameImage":"0","usesDefaultCloseImage":"0","marketURL":"https:\/\/play.google.com\/store\/apps\/details?id=com.Madxstudios.Flickshootsoccer","packageID":"com.Madxstudios.Flickshootsoccer"},"showTemplate":1,"s2s_tracking_url":"https:\/\/play.google.com\/store\/apps\/details?id=com.Madxstudios.Flickshootsoccer","activeCreativeID":"661","scenes":["2","1"],"campaignAdType":"Interstitial","productId":"","purchaseBit":0,"licenseKey":""},{"campaignID":"588","attribution":0,"priority":"6","appToPromote":{"appToPromoteID":"5026","usesDefaultFrameImage":"0","usesDefaultCloseImage":"0","marketURL":"https:\/\/play.google.com\/store\/apps\/details?id=com.as.cashupapp","packageID":"com.as.cashupapp"},"showTemplate":1,"s2s_tracking_url":"https:\/\/play.google.com\/store\/apps\/details?id=com.as.cashupapp","activeCreativeID":"652","scenes":["2","1"],"campaignAdType":"Interstitial","productId":"","purchaseBit":0,"licenseKey":""},{"campaignID":"8808","attribution_link":"","attribution":1,"priority":"5","appToPromote":{"appToPromoteID":"16528","usesDefaultFrameImage":"0","usesDefaultCloseImage":"0","marketURL":"https:\/\/play.google.com\/store\/apps\/details?id=com.bag.farm.day.village.farming.games","packageID":"com.GSS317.com.bag.farm.day.village.farming.games"},"showTemplate":1,"s2s_tracking_url":"","activeCreativeID":"3775","scenes":["2","1"],"campaignAdType":"Interstitial","productId":"","purchaseBit":0,"licenseKey":""},{"campaignID":"8876","attribution":0,"priority":"5","appToPromote":{"appToPromoteID":"15640","usesDefaultFrameImage":"0","usesDefaultCloseImage":"0","marketURL":"https:\/\/play.google.com\/store\/apps\/details?id=com.pgz.police.bike.stunt.ramp.bike.racing.games","packageID":"com.pgz.police.bike.stunt.ramp.bike.racing.games"},"showTemplate":1,"s2s_tracking_url":"https:\/\/play.google.com\/store\/apps\/details?id=com.pgz.police.bike.stunt.ramp.bike.racing.games","activeCreativeID":"4236","scenes":["2","1"],"campaignAdType":"Interstitial","productId":"","purchaseBit":0,"licenseKey":""},{"campaignID":"8972","attribution":0,"priority":"5","appToPromote":{"appToPromoteID":"15974","usesDefaultFrameImage":"0","usesDefaultCloseImage":"0","marketURL":"https:\/\/play.google.com\/store\/apps\/details?id=com.mustardgames.bmx.cycle.stunt.mega.ramp.impossibletracks","packageID":"com.mustardgames.bmx.cycle.stunt.mega.ramp.impossibletracks"},"showTemplate":1,"s2s_tracking_url":"https:\/\/play.google.com\/store\/apps\/details?id=com.mustardgames.bmx.cycle.stunt.mega.ramp.impossibletracks","activeCreativeID":"4339","scenes":["2","1"],"campaignAdType":"Interstitial","productId":"","purchaseBit":0,"licenseKey":""},{"campaignID":"8973","attribution":0,"priority":"5","appToPromote":{"appToPromoteID":"15974","usesDefaultFrameImage":"0","usesDefaultCloseImage":"0","marketURL":"https:\/\/play.google.com\/store\/apps\/details?id=com.mustardgames.bmx.cycle.stunt.mega.ramp.impossibletracks","packageID":"com.mustardgames.bmx.cycle.stunt.mega.ramp.impossibletracks"},"showTemplate":1,"s2s_tracking_url":"https:\/\/play.google.com\/store\/apps\/details?id=com.mustardgames.bmx.cycle.stunt.mega.ramp.impossibletracks","activeCreativeID":"4339","scenes":["2","1"],"campaignAdType":"Interstitial","productId":"","purchaseBit":0,"licenseKey":""},{"campaignID":"8974","attribution":0,"priority":"5","appToPromote":{"appToPromoteID":"15974","usesDefaultFrameImage":"0","usesDefaultCloseImage":"0","marketURL":"https:\/\/play.google.com\/store\/apps\/details?id=com.mustardgames.bmx.cycle.stunt.mega.ramp.impossibletracks","packageID":"com.mustardgames.bmx.cycle.stunt.mega.ramp.impossibletracks"},"showTemplate":1,"s2s_tracking_url":"https:\/\/play.google.com\/store\/apps\/details?id=com.mustardgames.bmx.cycle.stunt.mega.ramp.impossibletracks","activeCreativeID":"3564","scenes":["2","1"],"campaignAdType":"Video","productId":"","purchaseBit":0,"licenseKey":""},{"campaignID":"8747","attribution":0,"priority":"3","appToPromote":{"appToPromoteID":"16244","usesDefaultFrameImage":"0","usesDefaultCloseImage":"0","marketURL":"https:\/\/play.google.com\/store\/apps\/details?id=com.mustardgames.formula.car.racing.ramp.car.stunt.impossible.tracks","packageID":"com.mustardgames.formula.car.racing.ramp.car.stunt.impossible.tracks"},"showTemplate":1,"s2s_tracking_url":"https:\/\/play.google.com\/store\/apps\/details?id=com.mustardgames.formula.car.racing.ramp.car.stunt.impossible.tracks","activeCreativeID":"3993","scenes":["2","1"],"campaignAdType":"Video","productId":"","purchaseBit":0,"licenseKey":""},{"campaignID":"414","attribution":0,"priority":"3","appToPromote":{"appToPromoteID":"3023","usesDefaultFrameImage":"0","usesDefaultCloseImage":"0","marketURL":"https:\/\/play.google.com\/store\/apps\/details?id=com.appricot2d.rolo.pet.parrot","packageID":"com.appricot2d.rolo.pet.parrot"},"showTemplate":1,"s2s_tracking_url":"https:\/\/play.google.com\/store\/apps\/details?id=com.appricot2d.rolo.pet.parrot","activeCreativeID":"385","scenes":["2","1"],"campaignAdType":"Interstitial","productId":"","purchaseBit":0,"licenseKey":""},{"campaignID":"559","attribution":0,"priority":"3","appToPromote":{"appToPromoteID":"3476","usesDefaultFrameImage":"0","usesDefaultCloseImage":"0","marketURL":"https:\/\/play.google.com\/store\/apps\/details?id=com.perspectivegames.real.impossible.tracks.stunts","packageID":"com.perspectivegames.real.impossible.tracks.stunts"},"showTemplate":1,"s2s_tracking_url":"https:\/\/play.google.com\/store\/apps\/details?id=com.perspectivegames.real.impossible.tracks.stunts","activeCreativeID":"649","scenes":["2","1"],"campaignAdType":"Interstitial","productId":"","purchaseBit":0,"licenseKey":""},{"campaignID":"741","attribution":0,"priority":"3","appToPromote":{"appToPromoteID":"5609","usesDefaultFrameImage":"0","usesDefaultCloseImage":"0","marketURL":"https:\/\/play.google.com\/store\/apps\/details?id=com.kick.gyroscopic.city.train.driver.simulator","packageID":"com.kick.gyroscopic.city.train.driver.simulator"},"showTemplate":1,"s2s_tracking_url":"https:\/\/play.google.com\/store\/apps\/details?id=com.kick.gyroscopic.city.train.driver.simulator","activeCreativeID":"753","scenes":["2","1"],"campaignAdType":"Interstitial","productId":"","purchaseBit":0,"licenseKey":""},{"campaignID":"798","attribution":0,"priority":"3","appToPromote":{"appToPromoteID":"5770","usesDefaultFrameImage":"0","usesDefaultCloseImage":"0","marketURL":"https:\/\/play.google.com\/store\/apps\/details?id=com.simulatorgames3d.alohacelebrations","packageID":"com.simulatorgames3d.alohacelebrations"},"showTemplate":1,"s2s_tracking_url":"https:\/\/play.google.com\/store\/apps\/details?id=com.simulatorgames3d.alohacelebrations","activeCreativeID":"787","scenes":["2","1"],"campaignAdType":"Interstitial","productId":"","purchaseBit":0,"licenseKey":""},{"campaignID":"1483","attribution":0,"priority":"3","appToPromote":{"appToPromoteID":"1714","usesDefaultFrameImage":"1","usesDefaultCloseImage":"1","marketURL":"https:\/\/play.google.com\/store\/apps\/details?id=com.playink.cookie.maker","packageID":"com.playink.cookie.maker"},"showTemplate":1,"s2s_tracking_url":"https:\/\/play.google.com\/store\/apps\/details?id=com.playink.cookie.maker","activeCreativeID":"1020","scenes":["2","1"],"campaignAdType":"Interstitial","productId":"","purchaseBit":0,"licenseKey":""},{"campaignID":"8762","attribution":0,"priority":"2","appToPromote":{"appToPromoteID":"13265","usesDefaultFrameImage":"0","usesDefaultCloseImage":"0","marketURL":"https:\/\/play.google.com\/store\/apps\/details?id=com.rhg.tricky.bike.stunt.moto.master","packageID":"com.rhg.tricky.bike.stunt.moto.master"},"showTemplate":1,"s2s_tracking_url":"https:\/\/play.google.com\/store\/apps\/details?id=com.rhg.tricky.bike.stunt.moto.master","activeCreativeID":"4121","scenes":["2","1"],"campaignAdType":"Rewarded Video","productId":"","purchaseBit":0,"licenseKey":""},{"campaignID":"8971","attribution":0,"priority":"2","appToPromote":{"appToPromoteID":"15640","usesDefaultFrameImage":"0","usesDefaultCloseImage":"0","marketURL":"https:\/\/play.google.com\/store\/apps\/details?id=com.pgz.police.bike.stunt.ramp.bike.racing.games","packageID":"com.pgz.police.bike.stunt.ramp.bike.racing.games"},"showTemplate":1,"s2s_tracking_url":"https:\/\/play.google.com\/store\/apps\/details?id=com.pgz.police.bike.stunt.ramp.bike.racing.games","activeCreativeID":"4236","scenes":["2","1"],"campaignAdType":"Interstitial","productId":"","purchaseBit":0,"licenseKey":""},{"campaignID":"9366","attribution":0,"priority":"2","appToPromote":{"appToPromoteID":"17602","usesDefaultFrameImage":"0","usesDefaultCloseImage":"0","marketURL":"https:\/\/play.google.com\/store\/apps\/details?id=com.abaenglish.videoclass&amp;referrer=utm_source=42matters.com&amp;utm_medium=api","packageID":"com.abaenglish.videoclass"},"showTemplate":1,"s2s_tracking_url":"https:\/\/play.google.com\/store\/apps\/details?id=com.abaenglish.videoclass&amp;referrer=utm_source=42matters.com&amp;utm_medium=api","activeCreativeID":"4815","scenes":["2","1"],"campaignAdType":"Interstitial","productId":"","purchaseBit":0,"licenseKey":""},{"campaignID":"9367","attribution":0,"priority":"2","appToPromote":{"appToPromoteID":"17602","usesDefaultFrameImage":"0","usesDefaultCloseImage":"0","marketURL":"https:\/\/play.google.com\/store\/apps\/details?id=com.abaenglish.videoclass&amp;referrer=utm_source=42matters.com&amp;utm_medium=api","packageID":"com.abaenglish.videoclass"},"showTemplate":1,"s2s_tracking_url":"https:\/\/play.google.com\/store\/apps\/details?id=com.abaenglish.videoclass&amp;referrer=utm_source=42matters.com&amp;utm_medium=api","activeCreativeID":"4815","scenes":["2","1"],"campaignAdType":"Interstitial","productId":"","purchaseBit":0,"licenseKey":""},{"campaignID":"9368","attribution":0,"priority":"2","appToPromote":{"appToPromoteID":"17602","usesDefaultFrameImage":"0","usesDefaultCloseImage":"0","marketURL":"https:\/\/play.google.com\/store\/apps\/details?id=com.abaenglish.videoclass&amp;referrer=utm_source=42matters.com&amp;utm_medium=api","packageID":"com.abaenglish.videoclass"},"showTemplate":1,"s2s_tracking_url":"https:\/\/play.google.com\/store\/apps\/details?id=com.abaenglish.videoclass&amp;referrer=utm_source=42matters.com&amp;utm_medium=api","activeCreativeID":"4815","scenes":["2","1"],"campaignAdType":"Interstitial","productId":"","purchaseBit":0,"licenseKey":""},{"campaignID":"9369","attribution":0,"priority":"2","appToPromote":{"appToPromoteID":"17602","usesDefaultFrameImage":"0","usesDefaultCloseImage":"0","marketURL":"https:\/\/play.google.com\/store\/apps\/details?id=com.abaenglish.videoclass&amp;referrer=utm_source=42matters.com&amp;utm_medium=api","packageID":"com.abaenglish.videoclass"},"showTemplate":1,"s2s_tracking_url":"https:\/\/play.google.com\/store\/apps\/details?id=com.abaenglish.videoclass&amp;referrer=utm_source=42matters.com&amp;utm_medium=api","activeCreativeID":"4815","scenes":["2","1"],"campaignAdType":"Interstitial","productId":"","purchaseBit":0,"licenseKey":""}],"refreshAdRate":30,"mode":"Production","aspectRatio":"9_16","cdnPath":"https:\/\/df8ymybeo92md.cloudfront.net\/images\/","sentry_log":0,"local_logging":0,"sentry_dsn":"https:\/\/93ffa1c9a4124f67b8888a53265f751a:bbf998e04584477fa9a145838e9d3b26@sentry.io\/168994","sentry_initialization":1,"sentry_debugging":0,"bannerSizes":["1"],"aspectRatioVideo":"9_16","app_id":"1","showPreRewardedDialogue":0,"showPostRewardedDialogue":0,"rewardCurrency":"coins","rewardValue":0,"isSkipable":0,"privacyPolicyURL":"https:\/\/www.consoliads.com\/privacy-policy\/","sessionToken":"i5H51d7tS6D\/IoIRDW1rceX5uVli2+Q7ANkVzaLkHnKHbAsAb8yydQRVg3pbXqAsKemSm1mdPS\/yQ\/NfxtKBKh7dzOcy9mSueORZDKH+zRIW0MrDoZiMBFW5q+Pj\/nTVXPSp0QBXJeSpO1VXx4ObvyUlPWBX\/0ur7cTSprdcQvQ="}
Session token value is set

mode value is set

 Aspect ratio value is correct
sentry_log value is set
Session token value is set


{"appKey":"1babdbf77027233f02631f34358fa4cb","osVersion":"7.0","orientation":"0","is_mac":"0","model":"GT-Snnn0","deviceID":"642","telco_operator":"Oi","cpu":"0","brand":"HONOR","userConsent":"0","internet_connectivity":"0","height":"356","architecture":"aarch64","width":"356","resolution":"1436x720","ram":"1.77 GB","sdkVersion":"39","product":"STK-L21M","devMode":"0"}
cache_ttl value is correct

Refresh Ad Rate value is correct
mode value is set

 Aspect ratio value is correct
sentry_log value is set
local_logging value is set
sentry_initialization value is set
sentry_debugging value is set
showPreRewardedDialogue value is set
showPostRewardedDialogue value is set
isSkipable value is set
{"cache_ttl":10080,"cache_ttl_rewarded":10080,"cache_ttl_banner":10080,"cache_ttl_native":10080,"cache_ttl_icon":10080,"refreshAdRate":30,"mode":"Production","aspectRatio":"9_16","cdnPath":"https:\/\/df8ymybeo92md.cloudfront.net\/images\/","sentry_log":0,"local_logging":0,"sentry_dsn":"https:\/\/93ffa1c9a4124f67b8888a53265f751a:bbf998e04584477fa9a145838e9d3b26@sentry.io\/168994","sentry_initialization":1,"sentry_debugging":0,"bannerSizes":[],"aspectRatioVideo":"9_16","app_id":"17","showPreRewardedDialogue":0,"showPostRewardedDialogue":0,"rewardCurrency":"coins","rewardValue":0,"isSkipable":0,"privacyPolicyURL":"https:\/\/www.consoliads.com\/privacy-policy\/","sessionToken":"RIzpVtLCcrY7ECqbpZGV+OBizSM7QPQ\/jDhVrxeBcRhzFy3s89OXE4hBElTT82K9sYYimKmmSCg1eZxSmRKDS5P\/kRbLJ1i8zciGCJzSHB4CB47jGoKgQli1R8vy5Fmmtx4hQSTZJxrdiGnymrok0fO7Luxi2Gt9HDW4I6fwDN0="}
Session token value is set


{"appKey":"6ddf0213018740694ee42a85ec9b27b9","osVersion":"6.0","orientation":"0","is_mac":"0","model":"GT-Snnn2","deviceID":"830","telco_operator":"Maroc","cpu":"0","brand":"vivo","userConsent":"0","internet_connectivity":"0","height":"432","architecture":"armv8l","width":"432","resolution":"1344x720","ram":"1.68 GB","sdkVersion":"39","product":"aosp_arm","devMode":"0"}
cache_ttl value is correct

Refresh Ad Rate value is correct
mode value is set

 Aspect ratio value is correct
sentry_log value is set
local_logging value is set
sentry_initialization value is set
sentry_debugging value is set
showPreRewardedDialogue value is set
showPostRewardedDialogue value is set
isSkipable value is set
{"cache_ttl":10080,"cache_ttl_rewarded":10080,"cache_ttl_banner":10080,"cache_ttl_native":10080,"cache_ttl_icon":10080,"refreshAdRate":30,"mode":"Production","aspectRatio":"9_16","cdnPath":"https:\/\/df8ymybeo92md.cloudfront.net\/images\/","sentry_log":0,"local_logging":0,"sentry_dsn":"https:\/\/e6dcd89483ae4d13b0f42ed3810d8d62:078421c4ad3d43f19885b30828ce7ee6@sentry.io\/187776","sentry_initialization":1,"sentry_debugging":0,"bannerSizes":[],"aspectRatioVideo":"9_16","app_id":"21","showPreRewardedDialogue":0,"showPostRewardedDialogue":0,"rewardCurrency":"coins","rewardValue":0,"isSkipable":0,"privacyPolicyURL":"https:\/\/www.consoliads.com\/privacy-policy\/","sessionToken":"32QUNi8Fj2YJIwdFv290tYYrlPDJnLT5XZC+NLzEAp0F5fwxQROC0UAD+hfeEn706Uhkfsln8hdYdAukS5zwD7Wx\/TmN\/6BehzXHNGcCmk5cQ4gy3T1my0irkJx7n+BRwJg2mLvqJC4aFAdQsvBaamZ8+hZvBwYcUNjgX0uiNdI="}
Session token value is set


{"appKey":"17597323e76208165f7473a172878549","osVersion":"5.0","orientation":"0","is_mac":"0","model":"xiaomi Mi 4s","deviceID":"378","telco_operator":"Telecom","cpu":"0","brand":"samsung","userConsent":"0","internet_connectivity":"0","height":"251","architecture":"armv7l,","width":"251","resolution":"1024x552","ram":"3.68 GB","sdkVersion":"39","product":"potter","devMode":"0"}
cache_ttl value is correct

Refresh Ad Rate value is correct
mode value is set

 Aspect ratio value is correct
sentry_log value is set
local_logging value is set
sentry_initialization value is set
sentry_debugging value is set
showPreRewardedDialogue value is set
showPostRewardedDialogue value is set
isSkipable value is set
{"cache_ttl":10080,"cache_ttl_rewarded":10080,"cache_ttl_banner":10080,"cache_ttl_native":10080,"cache_ttl_icon":10080,"refreshAdRate":30,"mode":"Production","aspectRatio":"9_16","cdnPath":"https:\/\/df8ymybeo92md.cloudfront.net\/images\/","sentry_log":0,"local_logging":0,"sentry_dsn":"https:\/\/93ffa1c9a4124f67b8888a53265f751a:bbf998e04584477fa9a145838e9d3b26@sentry.io\/168994","sentry_initialization":1,"sentry_debugging":0,"bannerSizes":[],"aspectRatioVideo":"9_16","app_id":"27","showPreRewardedDialogue":0,"showPostRewardedDialogue":0,"rewardCurrency":"coins","rewardValue":0,"isSkipable":0,"privacyPolicyURL":"https:\/\/www.consoliads.com\/privacy-policy\/","sessionToken":"1Rszu4Rhar3xBZ5FEwfGRd1NDfv1+jsaLVzsZPpNErKY5r6Pajt9O88nqxZRvdNQUPXnIkGAbG94VFkCHgPFGH+qdIz6tru+xhSl+0nXT1JH4EywYgMSR937pmqeaYTUQvNGpgonS18\/k5a0eVn2IePvBmXjygnKVTFMhHpeHhk="}
Session token value is set


{"appKey":"94be501b0931585622effed06f4d6494","osVersion":"4.4","orientation":"0","is_mac":"0","model":"E5673","deviceID":"567","telco_operator":"airtel","cpu":"0","brand":"realme","userConsent":"0","internet_connectivity":"0","height":"326","architecture":"aarch81","width":"326","resolution":"1387x720","ram":"2.75 GB","sdkVersion":"39","product":"iPhone","devMode":"0"}
cache_ttl value is correct

Refresh Ad Rate value is correct
mode value is set

 Aspect ratio value is correct
sentry_log value is set
local_logging value is set
sentry_initialization value is set
sentry_debugging value is set
showPreRewardedDialogue value is set
showPostRewardedDialogue value is set
isSkipable value is set
{"cache_ttl":10080,"cache_ttl_rewarded":10080,"cache_ttl_banner":10080,"cache_ttl_native":10080,"cache_ttl_icon":10080,"refreshAdRate":30,"mode":"Production","aspectRatio":"9_16","cdnPath":"https:\/\/df8ymybeo92md.cloudfront.net\/images\/","sentry_log":0,"local_logging":0,"sentry_dsn":"https:\/\/93ffa1c9a4124f67b8888a53265f751a:bbf998e04584477fa9a145838e9d3b26@sentry.io\/168994","sentry_initialization":1,"sentry_debugging":0,"bannerSizes":[],"aspectRatioVideo":"9_16","app_id":"28","showPreRewardedDialogue":0,"showPostRewardedDialogue":0,"rewardCurrency":"coins","rewardValue":0,"isSkipable":0,"privacyPolicyURL":"https:\/\/www.consoliads.com\/privacy-policy\/","sessionToken":"gCXPsItYdQSXE9Mjx8iFgYr0JTrLE+\/fRXTWnvlOXdrW4nHNL3CdCsw2VMhcQCgZQnX2i2QeqBoe7q0zh01hASGsLUP436JqgeIyabEZYgMMKqzGrDhD9UJ4RLi\/oTlmbuFiClq6VG1mQ0AGw1Y8y3GBy+FvVLJ9LYv56nHcVH0="}
Session token value is set


{"appKey":"d903ca86d7de5fdc83922b5f4d5edb45","osVersion":"4.3","orientation":"0","is_mac":"0","model":"E3372","deviceID":"114","telco_operator":"Metfone","cpu":"0","brand":"iPhone","userConsent":"0","internet_connectivity":"0","height":"145","architecture":"aarch81","width":"145","resolution":"1080 x 1920","ram":"1,37 GB","sdkVersion":"39","product":"LUA-U22","devMode":"0"}
cache_ttl value is correct

Refresh Ad Rate value is correct
mode value is set

 Aspect ratio value is correct
sentry_log value is set
local_logging value is set
sentry_initialization value is set
sentry_debugging value is set
showPreRewardedDialogue value is set
showPostRewardedDialogue value is set
isSkipable value is set
{"cache_ttl":10080,"cache_ttl_rewarded":10080,"cache_ttl_banner":10080,"cache_ttl_native":10080,"cache_ttl_icon":10080,"refreshAdRate":30,"mode":"Production","aspectRatio":"9_16","cdnPath":"https:\/\/df8ymybeo92md.cloudfront.net\/images\/","sentry_log":0,"local_logging":0,"sentry_dsn":"https:\/\/93ffa1c9a4124f67b8888a53265f751a:bbf998e04584477fa9a145838e9d3b26@sentry.io\/168994","sentry_initialization":1,"sentry_debugging":0,"bannerSizes":[],"aspectRatioVideo":"9_16","app_id":"45","showPreRewardedDialogue":0,"showPostRewardedDialogue":0,"rewardCurrency":"coins","rewardValue":0,"isSkipable":0,"privacyPolicyURL":"https:\/\/www.consoliads.com\/privacy-policy\/","sessionToken":"bkw52JT0pRQkJOWoBSMftcBHk\/YrllSaHBWT\/xaP1lB3aFfVy15wYTzzknXs3MOordc8f5Z8yVHMMaHtKxuiA0GrHJ45yBn3XFuLo+8yQIn3mnvbnsrbRTmdah8W1rSjBrANwHsAnpIl4cjlfm32hVDii0rRwUZMVcKYDYNAWHg="}
Session token value is set


{"appKey":"e5ce34d09f98c0fa3f4ec913d0ef2448","osVersion":"4.2","orientation":"0","is_mac":"0","model":"iphone 3GS","deviceID":"661","telco_operator":" Ooredoo","cpu":"0","brand":"OPPO","userConsent":"0","internet_connectivity":"0","height":"364","architecture":"armv64","width":"364","resolution":"1440 x 2960","ram":"3.69 GB","sdkVersion":"39","product":"BKK-LX2","devMode":"0"}
cache_ttl value is correct

Refresh Ad Rate value is correct
mode value is set

 Aspect ratio value is correct
sentry_log value is set
local_logging value is set
sentry_initialization value is set
sentry_debugging value is set
showPreRewardedDialogue value is set
showPostRewardedDialogue value is set
isSkipable value is set
{"cache_ttl":10080,"cache_ttl_rewarded":10080,"cache_ttl_banner":10080,"cache_ttl_native":10080,"cache_ttl_icon":10080,"refreshAdRate":30,"mode":"Production","aspectRatio":"9_16","cdnPath":"https:\/\/df8ymybeo92md.cloudfront.net\/images\/","sentry_log":0,"local_logging":0,"sentry_dsn":"na","sentry_initialization":1,"sentry_debugging":0,"bannerSizes":[],"aspectRatioVideo":"9_16","app_id":"46","showPreRewardedDialogue":0,"showPostRewardedDialogue":0,"rewardCurrency":"coins","rewardValue":0,"isSkipable":0,"privacyPolicyURL":"https:\/\/www.consoliads.com\/privacy-policy\/","sessionToken":"NmpPZnYlaLovAL6VpnUTRHaMaYA2ysebD5\/8QXSBGZrqCS8Nlb0KHpALj\/+MhnV4mDB0jqtiZkY5JaNYGyrGt\/PhcdkKvjJbbqLC6A+pN5pMZq2B2oKcxdyFx+Ih4+s5jpd+qwAzMfAyigY2eweF8Bda5vMb3a03B07XaxTzv24="}
Session token value is set


{"appKey":"7692f5bcf81146b852cdf4e82e97faac","osVersion":"9.0","orientation":"0","is_mac":"0","model":"GT-Nnnn0","deviceID":"927","telco_operator":"","cpu":"0","brand":"HUAWEI","userConsent":"0","internet_connectivity":"0","height":"470","architecture":"","width":"470","resolution":"1280x720","ram":"953,45 MB","sdkVersion":"39","product":"j7xeltexx","devMode":"0"}
cache_ttl value is correct

Refresh Ad Rate value is correct
mode value is set

 Aspect ratio value is correct
sentry_log value is set
local_logging value is set
sentry_initialization value is set
sentry_debugging value is set
showPreRewardedDialogue value is set
showPostRewardedDialogue value is set
isSkipable value is set
{"cache_ttl":10080,"cache_ttl_rewarded":10080,"cache_ttl_banner":10080,"cache_ttl_native":10080,"cache_ttl_icon":10080,"refreshAdRate":30,"mode":"Production","aspectRatio":"9_16","cdnPath":"https:\/\/df8ymybeo92md.cloudfront.net\/images\/","sentry_log":0,"local_logging":0,"sentry_dsn":"https:\/\/93ffa1c9a4124f67b8888a53265f751a:bbf998e04584477fa9a145838e9d3b26@sentry.io\/168994","sentry_initialization":1,"sentry_debugging":0,"bannerSizes":[],"aspectRatioVideo":"9_16","app_id":"47","showPreRewardedDialogue":0,"showPostRewardedDialogue":0,"rewardCurrency":"coins","rewardValue":0,"isSkipable":0,"privacyPolicyURL":"https:\/\/www.consoliads.com\/privacy-policy\/","sessionToken":"865dPSv6+Cg5UcGqM0\/a3iY0aR1\/2ppwmrBiYud8BazZ68ylNT\/\/JNZCVLLmKysDZN+eykhi8VWItsZmVqG84OB2I2G\/7z8o7PKBjPqwJn4hNWxgOgQQaf46kbV6B9ZjV2C9WxTUFcQA4sa2fWB+6\/6M9kUpyRDh3kizU6hCtHs="}
Session token value is set


{"appKey":"b684540d6a47d1b91acb44a95ef0444d","osVersion":"8.0","orientation":"0","is_mac":"0","model":"SM-Nnn0","deviceID":"756","telco_operator":"Azercell","cpu":"0","brand":"Xiaomi","userConsent":"0","internet_connectivity":"0","height":"402","architecture":"0","width":"402","resolution":"1196x720","ram":"3.51 GB ","sdkVersion":"2225","product":"mido","devMode":"0"}
cache_ttl value is correct

Refresh Ad Rate value is correct
mode value is set

 Aspect ratio value is correct
sentry_log value is set
local_logging value is set
sentry_initialization value is set
sentry_debugging value is set
showPreRewardedDialogue value is set
showPostRewardedDialogue value is set
isSkipable value is set
{"cache_ttl":10080,"cache_ttl_rewarded":10080,"cache_ttl_banner":10080,"cache_ttl_native":10080,"cache_ttl_icon":10080,"refreshAdRate":30,"mode":"Production","aspectRatio":"9_16","cdnPath":"https:\/\/df8ymybeo92md.cloudfront.net\/images\/","sentry_log":0,"local_logging":0,"sentry_dsn":"https:\/\/e6dcd89483ae4d13b0f42ed3810d8d62:078421c4ad3d43f19885b30828ce7ee6@sentry.io\/187776","sentry_initialization":1,"sentry_debugging":0,"bannerSizes":["1"],"aspectRatioVideo":"9_16","app_id":"55","showPreRewardedDialogue":0,"showPostRewardedDialogue":0,"rewardCurrency":"coins","rewardValue":0,"isSkipable":0,"privacyPolicyURL":"https:\/\/www.consoliads.com\/privacy-policy\/","sessionToken":"pfFl8xAX5PCxFzzHkpNJsFDwPpTwAlPgWuwJnlR0MbBQI9E16e7WJ5IPCNmDfQ4GF7byID3E3Hi2K+wmmJF3b70Qpd8nw1DO5r9OdDbVzA4JoZuHSNU0GC5IVMg8ohv09jbLEGrL\/cJgLA05quQnrpa+wQCu\/cACRGuyXYVKM5A="}
Session token value is set


{"appKey":"1cc93b0c9d030fe8c2b04e8b22591ab6","osVersion":"7.0","orientation":"0","is_mac":"0","model":"GT-Snnn0","deviceID":"858","telco_operator":"Oi","cpu":"0","brand":"HONOR","userConsent":"0","internet_connectivity":"0","height":"443","architecture":"aarch64","width":"443","resolution":"1436x720","ram":"1.77 GB","sdkVersion":"2163","product":"STK-L21M","devMode":"0"}
cache_ttl value is correct

Title value is correct

Refresh Ad Rate value is correct
mode value is set

 Aspect ratio value is correct
sentry_log value is set
local_logging value is set
sentry_initialization value is set
sentry_debugging value is set
showPreRewardedDialogue value is set
showPostRewardedDialogue value is set
isSkipable value is set
{"cache_ttl":10080,"cache_ttl_rewarded":10080,"cache_ttl_banner":10080,"cache_ttl_native":10080,"cache_ttl_icon":10080,"campaigns":[{"campaignID":0,"priority":10,"appToPromote":{"appToPromoteID":0,"usesDefaultFrameImage":"1","usesDefaultCloseImage":"1","packageID":"testPackage"},"showTemplate":2,"activeCreativeID":0,"campaignAdType":"Interstitial","scenes":["1","2","6","5","4","7","13","14"]},{"campaignID":0,"priority":10,"appToPromote":{"appToPromoteID":0,"usesDefaultFrameImage":"1","usesDefaultCloseImage":"1","packageID":"testPackage"},"showTemplate":2,"activeCreativeID":0,"campaignAdType":"Video","scenes":["1","2","6","5","4","7","13","14"]},{"campaignID":0,"priority":10,"appToPromote":{"appToPromoteID":0,"usesDefaultFrameImage":"1","usesDefaultCloseImage":"1","packageID":"testPackage"},"showTemplate":2,"activeCreativeID":0,"campaignAdType":"Rewarded Video","scenes":["1","2","6","5","4","7","13","14"]},{"campaignID":0,"priority":10,"appToPromote":{"appToPromoteID":0,"usesDefaultFrameImage":"1","usesDefaultCloseImage":"1","marketURL":"https:\/\/play.google.com","packageID":"testPackage"},"showTemplate":2,"activeCreativeID":0,"campaignAdType":"Banner","scenes":["1","2","6","5","4","7","13","14"]},{"campaignID":0,"priority":10,"appToPromote":{"appToPromoteID":0,"usesDefaultFrameImage":"1","usesDefaultCloseImage":"1","marketURL":"https:\/\/play.google.com","packageID":"testPackage"},"showTemplate":2,"activeCreativeID":0,"campaignAdType":"Native","title":"Test Title","subTitle":"Test Subtitle","description":"This is test description","adChoicesLink":"www.google.com","adClickThroughText":"Open Link","scenes":["1","2","6","5","4","7","13","14"]},{"campaignID":0,"priority":10,"appToPromote":{"appToPromoteID":0,"usesDefaultFrameImage":"1","usesDefaultCloseImage":"1","marketURL":"https:\/\/play.google.com","packageID":"testPackage"},"showTemplate":2,"activeCreativeID":0,"campaignAdType":"Icon","scenes":["1","2","6","5","4","7","13","14"]}],"refreshAdRate":30,"mode":"Production","aspectRatio":"9_16","cdnPath":"https:\/\/df8ymybeo92md.cloudfront.net\/images\/","sentry_log":0,"local_logging":0,"sentry_dsn":"https:\/\/93ffa1c9a4124f67b8888a53265f751a:bbf998e04584477fa9a145838e9d3b26@sentry.io\/168994","sentry_initialization":1,"sentry_debugging":0,"bannerSizes":["1","5"],"aspectRatioVideo":"9_16","app_id":"66","showPreRewardedDialogue":0,"showPostRewardedDialogue":0,"rewardCurrency":"coins","rewardValue":0,"isSkipable":0,"privacyPolicyURL":"https:\/\/www.consoliads.com\/privacy-policy\/","sessionToken":"1i2ezy9eqbJ6Y1cM\/lZYfz2yqprY3kmsV2bzBWCG1x1Q0SLtZf5LHUSSwBITSG\/HLMrOoC3O0k6o4euDMz2pHMQO\/gJQzRJ791hnJWlZ5dDmLbZp+ZAxSKO74kHk+s592nWOlOfw7d9Zt4971d+8gMl3nnenhWXgR5fj1wGuJEM="}
Session token value is set


{"appKey":"6c99d6ff09b8e68b5142a8a86b21646b","osVersion":"6.0","orientation":"0","is_mac":"0","model":"GT-Snnn2","deviceID":"764","telco_operator":"Maroc","cpu":"0","brand":"vivo","userConsent":"0","internet_connectivity":"0","height":"405","architecture":"armv8l","width":"405","resolution":"1344x720","ram":"1.68 GB","sdkVersion":"2151","product":"aosp_arm","devMode":"0"}
cache_ttl value is correct

Title value is correct

Refresh Ad Rate value is correct
mode value is set

 Aspect ratio value is correct
sentry_log value is set
local_logging value is set
sentry_initialization value is set
sentry_debugging value is set
showPreRewardedDialogue value is set
showPostRewardedDialogue value is set
isSkipable value is set
{"cache_ttl":10080,"cache_ttl_rewarded":10080,"cache_ttl_banner":10080,"cache_ttl_native":10080,"cache_ttl_icon":10080,"campaigns":[{"campaignID":0,"priority":10,"appToPromote":{"appToPromoteID":0,"usesDefaultFrameImage":"1","usesDefaultCloseImage":"1","packageID":"testPackage"},"showTemplate":2,"activeCreativeID":0,"campaignAdType":"Interstitial","scenes":["12","1","8","6","15","2"]},{"campaignID":0,"priority":10,"appToPromote":{"appToPromoteID":0,"usesDefaultFrameImage":"1","usesDefaultCloseImage":"1","packageID":"testPackage"},"showTemplate":2,"activeCreativeID":0,"campaignAdType":"Video","scenes":["12","1","8","6","15","2"]},{"campaignID":0,"priority":10,"appToPromote":{"appToPromoteID":0,"usesDefaultFrameImage":"1","usesDefaultCloseImage":"1","packageID":"testPackage"},"showTemplate":2,"activeCreativeID":0,"campaignAdType":"Rewarded Video","scenes":["12","1","8","6","15","2"]},{"campaignID":0,"priority":10,"appToPromote":{"appToPromoteID":0,"usesDefaultFrameImage":"1","usesDefaultCloseImage":"1","marketURL":"https:\/\/play.google.com","packageID":"testPackage"},"showTemplate":2,"activeCreativeID":0,"campaignAdType":"Banner","scenes":["12","1","8","6","15","2"]},{"campaignID":0,"priority":10,"appToPromote":{"appToPromoteID":0,"usesDefaultFrameImage":"1","usesDefaultCloseImage":"1","marketURL":"https:\/\/play.google.com","packageID":"testPackage"},"showTemplate":2,"activeCreativeID":0,"campaignAdType":"Native","title":"Test Title","subTitle":"Test Subtitle","description":"This is test description","adChoicesLink":"www.google.com","adClickThroughText":"Open Link","scenes":["12","1","8","6","15","2"]},{"campaignID":0,"priority":10,"appToPromote":{"appToPromoteID":0,"usesDefaultFrameImage":"1","usesDefaultCloseImage":"1","marketURL":"https:\/\/play.google.com","packageID":"testPackage"},"showTemplate":2,"activeCreativeID":0,"campaignAdType":"Icon","scenes":["12","1","8","6","15","2"]}],"refreshAdRate":30,"mode":"Production","aspectRatio":"9_16","cdnPath":"https:\/\/df8ymybeo92md.cloudfront.net\/images\/","sentry_log":0,"local_logging":0,"sentry_dsn":"na","sentry_initialization":1,"sentry_debugging":0,"bannerSizes":["1"],"aspectRatioVideo":"9_16","app_id":"67","showPreRewardedDialogue":0,"showPostRewardedDialogue":0,"rewardCurrency":"coins","rewardValue":0,"isSkipable":0,"privacyPolicyURL":"https:\/\/www.consoliads.com\/privacy-policy\/","sessionToken":"ymAAOCw\/apg2EAjEr\/D4D8+2YhFmbuy0lKyjSeUhqmccLede2UPgKLrsvoHVKE531vm7G2L+cgKVx4NUem4PjJj7M77Nr\/lEoZOFCXJKFZWp+lKoTtVU4NZCvs8udCxswbU3eosvU8KQx87wTYWhZPTqC139cO7xqCaZFdfj1g4="}
Session token value is set


{"appKey":"c08c0fbb83a078f6c8538e00c3bf31cf","osVersion":"5.0","orientation":"0","is_mac":"0","model":"xiaomi Mi 4s","deviceID":"116","telco_operator":"Telecom","cpu":"0","brand":"samsung","userConsent":"0","internet_connectivity":"0","height":"146","architecture":"armv7l,","width":"146","resolution":"1024x552","ram":"3.68 GB","sdkVersion":"39","product":"potter","devMode":"0"}
cache_ttl value is correct

Refresh Ad Rate value is correct
mode value is set

 Aspect ratio value is correct
sentry_log value is set
local_logging value is set
sentry_initialization value is set
sentry_debugging value is set
showPreRewardedDialogue value is set
showPostRewardedDialogue value is set
isSkipable value is set
{"cache_ttl":10080,"cache_ttl_rewarded":10080,"cache_ttl_banner":10080,"cache_ttl_native":10080,"cache_ttl_icon":10080,"refreshAdRate":30,"mode":"Production","aspectRatio":"9_16","cdnPath":"https:\/\/df8ymybeo92md.cloudfront.net\/images\/","sentry_log":0,"local_logging":0,"sentry_dsn":"https:\/\/93ffa1c9a4124f67b8888a53265f751a:bbf998e04584477fa9a145838e9d3b26@sentry.io\/168994","sentry_initialization":1,"sentry_debugging":0,"bannerSizes":[],"aspectRatioVideo":"9_16","app_id":"73","showPreRewardedDialogue":0,"showPostRewardedDialogue":0,"rewardCurrency":"coins","rewardValue":0,"isSkipable":0,"privacyPolicyURL":"https:\/\/www.consoliads.com\/privacy-policy\/","sessionToken":"qnOjo16vbzum8DFK100BR+lLsdwVdUWTW66jEcFHiTsWNekLCRb9eLHnRzmh2ekh\/GObt2NpzWvsat\/YRoL+uW7YFqAw8cIwrMRwYnLow1AZpvteIusmaxH2Gu8hwKIMNGtGs4IpemYEri5zokp5wJaP\/FzEfJCPzlQnl5aSmT0="}
Session token value is set


{"appKey":"f22c5ae41b6e41d09c7785f550581859","osVersion":"4.4","orientation":"0","is_mac":"0","model":"E5673","deviceID":"215","telco_operator":"airtel","cpu":"0","brand":"realme","userConsent":"0","internet_connectivity":"0","height":"186","architecture":"aarch81","width":"186","resolution":"1387x720","ram":"2.75 GB","sdkVersion":"39","product":"iPhone","devMode":"0"}
cache_ttl value is correct

Refresh Ad Rate value is correct
mode value is set

 Aspect ratio value is correct
sentry_log value is set
local_logging value is set
sentry_initialization value is set
sentry_debugging value is set
showPreRewardedDialogue value is set
showPostRewardedDialogue value is set
isSkipable value is set
{"cache_ttl":10080,"cache_ttl_rewarded":10080,"cache_ttl_banner":10080,"cache_ttl_native":10080,"cache_ttl_icon":10080,"refreshAdRate":30,"mode":"Production","aspectRatio":"9_16","cdnPath":"https:\/\/df8ymybeo92md.cloudfront.net\/images\/","sentry_log":0,"local_logging":0,"sentry_dsn":"na","sentry_initialization":1,"sentry_debugging":0,"bannerSizes":[],"aspectRatioVideo":"9_16","app_id":"74","showPreRewardedDialogue":0,"showPostRewardedDialogue":0,"rewardCurrency":"coins","rewardValue":0,"isSkipable":0,"privacyPolicyURL":"https:\/\/www.consoliads.com\/privacy-policy\/","sessionToken":"lIFz+SLfacI6x5Fo2A5i85zOBxEGbweRhIr+lmm4VztfSkkbEiHvVEKJND3wGiDo5JQhIDHiqRjmFX8YVvx98+VqL+T9weWt5QgEbrJRiNv+c+L3ohiQD+cUTVF0bm5ef89+4SWeQlLOhTNsPX3zKHIPH6035LPMOp6VpKEZmNY="}
Session token value is set


{"appKey":"8a691a6557421a7f77921449ccfd99ed","osVersion":"4.3","orientation":"0","is_mac":"0","model":"E3372","deviceID":"403","telco_operator":"Metfone","cpu":"0","brand":"iPhone","userConsent":"0","internet_connectivity":"0","height":"261","architecture":"aarch81","width":"261","resolution":"1080 x 1920","ram":"1,37 GB","sdkVersion":"39","product":"LUA-U22","devMode":"0"}
cache_ttl value is correct

Refresh Ad Rate value is correct
mode value is set

 Aspect ratio value is correct
sentry_log value is set
local_logging value is set
sentry_initialization value is set
sentry_debugging value is set
showPreRewardedDialogue value is set
showPostRewardedDialogue value is set
isSkipable value is set
{"cache_ttl":10080,"cache_ttl_rewarded":10080,"cache_ttl_banner":10080,"cache_ttl_native":10080,"cache_ttl_icon":10080,"refreshAdRate":30,"mode":"Production","aspectRatio":"9_16","cdnPath":"https:\/\/df8ymybeo92md.cloudfront.net\/images\/","sentry_log":0,"local_logging":0,"sentry_dsn":"https:\/\/e6dcd89483ae4d13b0f42ed3810d8d62:078421c4ad3d43f19885b30828ce7ee6@sentry.io\/187776","sentry_initialization":1,"sentry_debugging":0,"bannerSizes":[],"aspectRatioVideo":"9_16","app_id":"82","showPreRewardedDialogue":0,"showPostRewardedDialogue":0,"rewardCurrency":"coins","rewardValue":0,"isSkipable":0,"privacyPolicyURL":"https:\/\/www.consoliads.com\/privacy-policy\/","sessionToken":"Q7oFVKgzOa6oItetcmNfNS+4VumbyQflNPRaYZL1kMzeUc9uFT5n02Vm36lsF5q4ftEjfu0GfOXAWP+QEzUNGGxr4okMV+YL6GxtOxwIpLabksq4ZwRwTKTvEPnKdaf95h+7+RuzhyO4dazRbQUnJAGJLx0GhwQmkiCgkXvOjXE="}
Session token value is set


{"appKey":"4d6a786be151e3ecf8b2d8cb2953aad0","osVersion":"4.2","orientation":"0","is_mac":"0","model":"iphone 3GS","deviceID":"114","telco_operator":" Ooredoo","cpu":"0","brand":"OPPO","userConsent":"0","internet_connectivity":"0","height":"145","architecture":"armv64","width":"145","resolution":"1440 x 2960","ram":"3.69 GB","sdkVersion":"39","product":"BKK-LX2","devMode":"0"}
cache_ttl value is correct

Refresh Ad Rate value is correct
mode value is set

 Aspect ratio value is correct
sentry_log value is set
local_logging value is set
sentry_initialization value is set
sentry_debugging value is set
showPreRewardedDialogue value is set
showPostRewardedDialogue value is set
isSkipable value is set
{"cache_ttl":10080,"cache_ttl_rewarded":10080,"cache_ttl_banner":10080,"cache_ttl_native":10080,"cache_ttl_icon":10080,"refreshAdRate":30,"mode":"Production","aspectRatio":"9_16","cdnPath":"https:\/\/df8ymybeo92md.cloudfront.net\/images\/","sentry_log":0,"local_logging":0,"sentry_dsn":"https:\/\/e6dcd89483ae4d13b0f42ed3810d8d62:078421c4ad3d43f19885b30828ce7ee6@sentry.io\/187776","sentry_initialization":1,"sentry_debugging":0,"bannerSizes":["5"],"aspectRatioVideo":"9_16","app_id":"94","showPreRewardedDialogue":0,"showPostRewardedDialogue":0,"rewardCurrency":"coins","rewardValue":0,"isSkipable":0,"privacyPolicyURL":"https:\/\/www.consoliads.com\/privacy-policy\/","sessionToken":"g5MvUuWoUH7HU8P4GvgZIOyJd7pUr+DFQjEyAKkBzCMI4\/hDZ4YU1An9zo4wd2JwDnuztWBpGtwYKWGQFKpXo9nJOtCRLb2rpgg1uUZsN1fJjAqh13vI\/n7eTNwNJlX7\/EVxPwTe+powHNX+KFl1zHxclKR6\/ndFcTVagMd2\/s0="}
Session token value is set


{"appKey":"62a9758c2e846355e5199bd9292fe189","osVersion":"9.0","orientation":"0","is_mac":"0","model":"GT-Nnnn0","deviceID":"871","telco_operator":"","cpu":"0","brand":"HUAWEI","userConsent":"0","internet_connectivity":"0","height":"448","architecture":"","width":"448","resolution":"1280x720","ram":"953,45 MB","sdkVersion":"39","product":"j7xeltexx","devMode":"0"}
cache_ttl value is correct

Refresh Ad Rate value is correct
mode value is set

 Aspect ratio value is correct
sentry_log value is set
local_logging value is set
sentry_initialization value is set
sentry_debugging value is set
showPreRewardedDialogue value is set
showPostRewardedDialogue value is set
isSkipable value is set
{"cache_ttl":10080,"cache_ttl_rewarded":10080,"cache_ttl_banner":10080,"cache_ttl_native":10080,"cache_ttl_icon":10080,"refreshAdRate":30,"mode":"Production","aspectRatio":"9_16","cdnPath":"https:\/\/df8ymybeo92md.cloudfront.net\/images\/","sentry_log":0,"local_logging":0,"sentry_dsn":"https:\/\/93ffa1c9a4124f67b8888a53265f751a:bbf998e04584477fa9a145838e9d3b26@sentry.io\/168994","sentry_initialization":1,"sentry_debugging":0,"bannerSizes":[],"aspectRatioVideo":"9_16","app_id":"118","showPreRewardedDialogue":0,"showPostRewardedDialogue":0,"rewardCurrency":"coins","rewardValue":0,"isSkipable":0,"privacyPolicyURL":"https:\/\/www.consoliads.com\/privacy-policy\/","sessionToken":"LyiUUOtkRG15CnTgN4GZBiTm\/y7gYU9HUJ\/\/kSaW3zPs2ya5u4YJhxDntChWhkZaKGqngWiXobXAH8\/MDzJLI\/9CBrblpmPSKPBF8lL8OMs3n9yksMHEX0BsYg05+erByM9UJjVhu4gN3PAiqUnizYs0596O6OCHcJN+gEknnpg="}
Session token value is set


{"appKey":"d6c9c4cc2c1671da1e4c7096b8136782","osVersion":"8.0","orientation":"0","is_mac":"0","model":"SM-Nnn0","deviceID":"582","telco_operator":"Azercell","cpu":"0","brand":"Xiaomi","userConsent":"0","internet_connectivity":"0","height":"333","architecture":"0","width":"333","resolution":"1196x720","ram":"3.51 GB ","sdkVersion":"39","product":"mido","devMode":"0"}
cache_ttl value is correct

Refresh Ad Rate value is correct
mode value is set

 Aspect ratio value is correct
sentry_log value is set
local_logging value is set
sentry_initialization value is set
sentry_debugging value is set
showPreRewardedDialogue value is set
showPostRewardedDialogue value is set
isSkipable value is set
{"cache_ttl":10080,"cache_ttl_rewarded":10080,"cache_ttl_banner":10080,"cache_ttl_native":10080,"cache_ttl_icon":10080,"refreshAdRate":30,"mode":"Production","aspectRatio":"9_16","cdnPath":"https:\/\/df8ymybeo92md.cloudfront.net\/images\/","sentry_log":0,"local_logging":0,"sentry_dsn":"na","sentry_initialization":1,"sentry_debugging":0,"bannerSizes":[],"aspectRatioVideo":"9_16","app_id":"119","showPreRewardedDialogue":0,"showPostRewardedDialogue":0,"rewardCurrency":"coins","rewardValue":0,"isSkipable":0,"privacyPolicyURL":"https:\/\/www.consoliads.com\/privacy-policy\/","sessionToken":"FCOavrJr0RZRfc4DR+9n6q0WFb7tjgEEH0BxhREKIH74RqmIAA0M7epZRwgKiapDdkWz6zO8RUkRR4rCZAkXGcV5yRos8jSBu8yXubptGN8JFduhWy8AeMW5grwxtNnhkNcvORfXGlsUWn4dTLxrUnfP1LZuX8ZSf\/xzsAaBD00="}
Session token value is set


{"appKey":"0673e8a052b5ad1d0763cd47d57a68e2","osVersion":"7.0","orientation":"0","is_mac":"0","model":"GT-Snnn0","deviceID":"318","telco_operator":"Oi","cpu":"0","brand":"HONOR","userConsent":"0","internet_connectivity":"0","height":"227","architecture":"aarch64","width":"227","resolution":"1436x720","ram":"1.77 GB","sdkVersion":"2089","product":"STK-L21M","devMode":"0"}
cache_ttl value is correct

Title value is correct

Refresh Ad Rate value is correct
mode value is set

 Aspect ratio value is correct
sentry_log value is set
local_logging value is set
sentry_initialization value is set
sentry_debugging value is set
showPreRewardedDialogue value is set
showPostRewardedDialogue value is set
isSkipable value is set
{"cache_ttl":10080,"cache_ttl_rewarded":10080,"cache_ttl_banner":10080,"cache_ttl_native":10080,"cache_ttl_icon":10080,"campaigns":[{"campaignID":0,"priority":10,"appToPromote":{"appToPromoteID":0,"usesDefaultFrameImage":"1","usesDefaultCloseImage":"1","packageID":"testPackage"},"showTemplate":2,"activeCreativeID":0,"campaignAdType":"Interstitial","scenes":["12","1","8","6","15","2"]},{"campaignID":0,"priority":10,"appToPromote":{"appToPromoteID":0,"usesDefaultFrameImage":"1","usesDefaultCloseImage":"1","packageID":"testPackage"},"showTemplate":2,"activeCreativeID":0,"campaignAdType":"Video","scenes":["12","1","8","6","15","2"]},{"campaignID":0,"priority":10,"appToPromote":{"appToPromoteID":0,"usesDefaultFrameImage":"1","usesDefaultCloseImage":"1","packageID":"testPackage"},"showTemplate":2,"activeCreativeID":0,"campaignAdType":"Rewarded Video","scenes":["12","1","8","6","15","2"]},{"campaignID":0,"priority":10,"appToPromote":{"appToPromoteID":0,"usesDefaultFrameImage":"1","usesDefaultCloseImage":"1","marketURL":"https:\/\/play.google.com","packageID":"testPackage"},"showTemplate":2,"activeCreativeID":0,"campaignAdType":"Banner","scenes":["12","1","8","6","15","2"]},{"campaignID":0,"priority":10,"appToPromote":{"appToPromoteID":0,"usesDefaultFrameImage":"1","usesDefaultCloseImage":"1","marketURL":"https:\/\/play.google.com","packageID":"testPackage"},"showTemplate":2,"activeCreativeID":0,"campaignAdType":"Native","title":"Test Title","subTitle":"Test Subtitle","description":"This is test description","adChoicesLink":"www.google.com","adClickThroughText":"Open Link","scenes":["12","1","8","6","15","2"]},{"campaignID":0,"priority":10,"appToPromote":{"appToPromoteID":0,"usesDefaultFrameImage":"1","usesDefaultCloseImage":"1","marketURL":"https:\/\/play.google.com","packageID":"testPackage"},"showTemplate":2,"activeCreativeID":0,"campaignAdType":"Icon","scenes":["12","1","8","6","15","2"]}],"refreshAdRate":30,"mode":"Production","aspectRatio":"9_16","cdnPath":"https:\/\/df8ymybeo92md.cloudfront.net\/images\/","sentry_log":0,"local_logging":0,"sentry_dsn":"https:\/\/93ffa1c9a4124f67b8888a53265f751a:bbf998e04584477fa9a145838e9d3b26@sentry.io\/168994","sentry_initialization":1,"sentry_debugging":0,"bannerSizes":["5"],"aspectRatioVideo":"9_16","app_id":"120","showPreRewardedDialogue":0,"showPostRewardedDialogue":0,"rewardCurrency":"coins","rewardValue":0,"isSkipable":0,"privacyPolicyURL":"https:\/\/www.consoliads.com\/privacy-policy\/","sessionToken":"i\/UpnjyYmYKxRkpAFttznFJHau2RQAhnbQxEzlmZ6N2+htcPkLzIeVixFXkfRuZ2zxcgSnIKk88kO9t89hLK4BJh0Hhk6gbfxUBeBiWEXA5VdcW\/+1yrC0iSmeeoOj4suNdVJpGthWBA4v5l4fivXCllsW6Kg1j3eHNK1nH3xQ8="}
Session token value is set


{"appKey":"4fb9ff67d716777b45c4ed37d403dc7d","osVersion":"6.0","orientation":"0","is_mac":"0","model":"GT-Snnn2","deviceID":"26","telco_operator":"Maroc","cpu":"0","brand":"vivo","userConsent":"0","internet_connectivity":"0","height":"110","architecture":"armv8l","width":"110","resolution":"1344x720","ram":"1.68 GB","sdkVersion":"39","product":"aosp_arm","devMode":"0"}
cache_ttl value is correct

Refresh Ad Rate value is correct
mode value is set

 Aspect ratio value is correct
sentry_log value is set
local_logging value is set
sentry_initialization value is set
sentry_debugging value is set
showPreRewardedDialogue value is set
showPostRewardedDialogue value is set
isSkipable value is set
{"cache_ttl":10080,"cache_ttl_rewarded":10080,"cache_ttl_banner":10080,"cache_ttl_native":10080,"cache_ttl_icon":10080,"refreshAdRate":30,"mode":"Production","aspectRatio":"9_16","cdnPath":"https:\/\/df8ymybeo92md.cloudfront.net\/images\/","sentry_log":0,"local_logging":0,"sentry_dsn":"https:\/\/93ffa1c9a4124f67b8888a53265f751a:bbf998e04584477fa9a145838e9d3b26@sentry.io\/168994","sentry_initialization":1,"sentry_debugging":0,"bannerSizes":[],"aspectRatioVideo":"9_16","app_id":"126","showPreRewardedDialogue":0,"showPostRewardedDialogue":0,"rewardCurrency":"coins","rewardValue":0,"isSkipable":0,"privacyPolicyURL":"https:\/\/www.consoliads.com\/privacy-policy\/","sessionToken":"ocsxZK+LsebkUL8FFhB2VLtO3l9gOFT8si9tBHzkj\/GOpdxl8CR9Tr+x4SAh67VDlphu+4vRaK6n2qD430l8G4SvvkKM5eHZj4M3ERssZIokQgrjnRQNCrMZ9nUfUPH8fEdDZu06QEik3w7bnGU2G7Qhg0RB5L9kTvtXcBRR4KA="}
Session token value is set


{"appKey":"8c63ea479845ec15664d02424faee3ea","osVersion":"5.0","orientation":"0","is_mac":"0","model":"xiaomi Mi 4s","deviceID":"591","telco_operator":"Telecom","cpu":"0","brand":"samsung","userConsent":"0","internet_connectivity":"0","height":"336","architecture":"armv7l,","width":"336","resolution":"1024x552","ram":"3.68 GB","sdkVersion":"39","product":"potter","devMode":"0"}
cache_ttl value is correct

Refresh Ad Rate value is correct
mode value is set

 Aspect ratio value is correct
sentry_log value is set
local_logging value is set
sentry_initialization value is set
sentry_debugging value is set
showPreRewardedDialogue value is set
showPostRewardedDialogue value is set
isSkipable value is set
{"cache_ttl":10080,"cache_ttl_rewarded":10080,"cache_ttl_banner":10080,"cache_ttl_native":10080,"cache_ttl_icon":10080,"refreshAdRate":30,"mode":"Production","aspectRatio":"9_16","cdnPath":"https:\/\/df8ymybeo92md.cloudfront.net\/images\/","sentry_log":0,"local_logging":0,"sentry_dsn":"na","sentry_initialization":1,"sentry_debugging":0,"bannerSizes":[],"aspectRatioVideo":"9_16","app_id":"127","showPreRewardedDialogue":0,"showPostRewardedDialogue":0,"rewardCurrency":"coins","rewardValue":0,"isSkipable":0,"privacyPolicyURL":"https:\/\/www.consoliads.com\/privacy-policy\/","sessionToken":"3U5KJf6uBHmtH9hZtL2WSGh+0ITVh8o3YwPFSaApOlYcZrDTv4XH7NUSctsuXfHt7rCcXGqVQxumAaRBaN9TmrEuC8xW\/aimypmCT9Y+bwNXs3fhQWw2wRPjuh5yDbCfMHBS+e5AvAGEl0D3SZCX9RWhY0JoCyXXIuU\/QFQaYMI="}
Session token value is set


{"appKey":"b676e8054b40aa32da52c417ba06d5e7","osVersion":"4.4","orientation":"0","is_mac":"0","model":"E5673","deviceID":"780","telco_operator":"airtel","cpu":"0","brand":"realme","userConsent":"0","internet_connectivity":"0","height":"412","architecture":"aarch81","width":"412","resolution":"1387x720","ram":"2.75 GB","sdkVersion":"39","product":"iPhone","devMode":"0"}
cache_ttl value is correct

Refresh Ad Rate value is correct
mode value is set

 Aspect ratio value is correct
sentry_log value is set
local_logging value is set
sentry_initialization value is set
sentry_debugging value is set
showPreRewardedDialogue value is set
showPostRewardedDialogue value is set
isSkipable value is set
{"cache_ttl":10080,"cache_ttl_rewarded":10080,"cache_ttl_banner":10080,"cache_ttl_native":10080,"cache_ttl_icon":10080,"refreshAdRate":30,"mode":"Production","aspectRatio":"9_16","cdnPath":"https:\/\/df8ymybeo92md.cloudfront.net\/images\/","sentry_log":0,"local_logging":0,"sentry_dsn":"https:\/\/93ffa1c9a4124f67b8888a53265f751a:bbf998e04584477fa9a145838e9d3b26@sentry.io\/168994","sentry_initialization":1,"sentry_debugging":0,"bannerSizes":[],"aspectRatioVideo":"9_16","app_id":"154","showPreRewardedDialogue":0,"showPostRewardedDialogue":0,"rewardCurrency":"coins","rewardValue":0,"isSkipable":0,"privacyPolicyURL":"https:\/\/www.consoliads.com\/privacy-policy\/","sessionToken":"wEgzlCctdkGxVCG9wJjKLGKaTrlUstQkidXSZaw2nd3dzwHmXbG\/yxxvcI5FbtrGuWfHTp2EMdVXhLrrHP8wK0yGoIxr2nEIqs6zjeyp7xpmXO6YWu4LQAvbuLj2SUUqgHobcLdWqmEIWze1QaLD0AyZH+2np+UEXH\/pJLG0DP8="}
Session token value is set


{"appKey":"db7bf29f5ad35d54f4a7d6ef62a94ee0","osVersion":"4.3","orientation":"0","is_mac":"0","model":"E3372","deviceID":"327","telco_operator":"Metfone","cpu":"0","brand":"iPhone","userConsent":"0","internet_connectivity":"0","height":"231","architecture":"aarch81","width":"231","resolution":"1080 x 1920","ram":"1,37 GB","sdkVersion":"39","product":"LUA-U22","devMode":"0"}
cache_ttl value is correct

Refresh Ad Rate value is correct
mode value is set

 Aspect ratio value is correct
sentry_log value is set
local_logging value is set
sentry_initialization value is set
sentry_debugging value is set
showPreRewardedDialogue value is set
showPostRewardedDialogue value is set
isSkipable value is set
{"cache_ttl":10080,"cache_ttl_rewarded":10080,"cache_ttl_banner":10080,"cache_ttl_native":10080,"cache_ttl_icon":10080,"refreshAdRate":30,"mode":"Production","aspectRatio":"9_16","cdnPath":"https:\/\/df8ymybeo92md.cloudfront.net\/images\/","sentry_log":0,"local_logging":0,"sentry_dsn":"https:\/\/e6dcd89483ae4d13b0f42ed3810d8d62:078421c4ad3d43f19885b30828ce7ee6@sentry.io\/187776","sentry_initialization":1,"sentry_debugging":0,"bannerSizes":["5"],"aspectRatioVideo":"9_16","app_id":"155","showPreRewardedDialogue":0,"showPostRewardedDialogue":0,"rewardCurrency":"coins","rewardValue":0,"isSkipable":0,"privacyPolicyURL":"https:\/\/www.consoliads.com\/privacy-policy\/","sessionToken":"4M7ReAut1KJFvIqg4y7M+UcnN3N9OaT1o\/ehHk2WZCa0WrpX8uiYDuJCa5ajvfPK4Cd18o3fjp1mqovzWx17sSDlTRvqEqMDccd2gwXOtIREsPVsauql9hnRw9J5fVevnQaK13a3GaAYTzJ\/3n6ow+T9mqEImWU+tuisQw4L6iM="}
Session token value is set


{"appKey":"53772d696193e95fa1448fc051e2698c","osVersion":"4.2","orientation":"0","is_mac":"0","model":"iphone 3GS","deviceID":"516","telco_operator":" Ooredoo","cpu":"0","brand":"OPPO","userConsent":"0","internet_connectivity":"0","height":"306","architecture":"armv64","width":"306","resolution":"1440 x 2960","ram":"3.69 GB","sdkVersion":"39","product":"BKK-LX2","devMode":"0"}
cache_ttl value is correct

Refresh Ad Rate value is correct
mode value is set

 Aspect ratio value is correct
sentry_log value is set
local_logging value is set
sentry_initialization value is set
sentry_debugging value is set
showPreRewardedDialogue value is set
showPostRewardedDialogue value is set
isSkipable value is set
{"cache_ttl":10080,"cache_ttl_rewarded":10080,"cache_ttl_banner":10080,"cache_ttl_native":10080,"cache_ttl_icon":10080,"refreshAdRate":30,"mode":"Production","aspectRatio":"9_16","cdnPath":"https:\/\/df8ymybeo92md.cloudfront.net\/images\/","sentry_log":0,"local_logging":0,"sentry_dsn":"https:\/\/e6dcd89483ae4d13b0f42ed3810d8d62:078421c4ad3d43f19885b30828ce7ee6@sentry.io\/187776","sentry_initialization":1,"sentry_debugging":0,"bannerSizes":["5"],"aspectRatioVideo":"9_16","app_id":"159","showPreRewardedDialogue":0,"showPostRewardedDialogue":0,"rewardCurrency":"coins","rewardValue":0,"isSkipable":0,"privacyPolicyURL":"https:\/\/www.consoliads.com\/privacy-policy\/","sessionToken":"LypKZsydPv0ZKB6GvlPSVSKapYgytQtcjWr+8TDnTWEFwwzE+STYTDk\/REzcjvj4yHI9FQkw\/jqhoVYq8R3xIZmo4TwiRAexznVVlaCrZ\/yH2otRlCogRDRuk0m2LAJFEF4zkCU8RnZu7QEW+y+BEBBl6P7\/Vl4Vp1J0XpFWoCk="}
Session token value is set


{"appKey":"66be9fb8efaae821f1c2401c99c56f0a","osVersion":"9.0","orientation":"0","is_mac":"0","model":"GT-Nnnn0","deviceID":"227","telco_operator":"","cpu":"0","brand":"HUAWEI","userConsent":"0","internet_connectivity":"0","height":"190","architecture":"","width":"190","resolution":"1280x720","ram":"953,45 MB","sdkVersion":"2163","product":"j7xeltexx","devMode":"0"}
cache_ttl value is correct

Title value is correct

Refresh Ad Rate value is correct
mode value is set

 Aspect ratio value is correct
sentry_log value is set
local_logging value is set
sentry_initialization value is set
sentry_debugging value is set
showPreRewardedDialogue value is set
showPostRewardedDialogue value is set
isSkipable value is set
{"cache_ttl":10080,"cache_ttl_rewarded":10080,"cache_ttl_banner":10080,"cache_ttl_native":10080,"cache_ttl_icon":10080,"campaigns":[{"campaignID":0,"priority":10,"appToPromote":{"appToPromoteID":0,"usesDefaultFrameImage":"1","usesDefaultCloseImage":"1","packageID":"testPackage"},"showTemplate":2,"activeCreativeID":0,"campaignAdType":"Interstitial","scenes":["1","2","6","5","4","13","14","15"]},{"campaignID":0,"priority":10,"appToPromote":{"appToPromoteID":0,"usesDefaultFrameImage":"1","usesDefaultCloseImage":"1","packageID":"testPackage"},"showTemplate":2,"activeCreativeID":0,"campaignAdType":"Video","scenes":["1","2","6","5","4","13","14","15"]},{"campaignID":0,"priority":10,"appToPromote":{"appToPromoteID":0,"usesDefaultFrameImage":"1","usesDefaultCloseImage":"1","packageID":"testPackage"},"showTemplate":2,"activeCreativeID":0,"campaignAdType":"Rewarded Video","scenes":["1","2","6","5","4","13","14","15"]},{"campaignID":0,"priority":10,"appToPromote":{"appToPromoteID":0,"usesDefaultFrameImage":"1","usesDefaultCloseImage":"1","marketURL":"https:\/\/play.google.com","packageID":"testPackage"},"showTemplate":2,"activeCreativeID":0,"campaignAdType":"Banner","scenes":["1","2","6","5","4","13","14","15"]},{"campaignID":0,"priority":10,"appToPromote":{"appToPromoteID":0,"usesDefaultFrameImage":"1","usesDefaultCloseImage":"1","marketURL":"https:\/\/play.google.com","packageID":"testPackage"},"showTemplate":2,"activeCreativeID":0,"campaignAdType":"Native","title":"Test Title","subTitle":"Test Subtitle","description":"This is test description","adChoicesLink":"www.google.com","adClickThroughText":"Open Link","scenes":["1","2","6","5","4","13","14","15"]},{"campaignID":0,"priority":10,"appToPromote":{"appToPromoteID":0,"usesDefaultFrameImage":"1","usesDefaultCloseImage":"1","marketURL":"https:\/\/play.google.com","packageID":"testPackage"},"showTemplate":2,"activeCreativeID":0,"campaignAdType":"Icon","scenes":["1","2","6","5","4","13","14","15"]}],"refreshAdRate":30,"mode":"Production","aspectRatio":"9_16","cdnPath":"https:\/\/df8ymybeo92md.cloudfront.net\/images\/","sentry_log":0,"local_logging":0,"sentry_dsn":"https:\/\/93ffa1c9a4124f67b8888a53265f751a:bbf998e04584477fa9a145838e9d3b26@sentry.io\/168994","sentry_initialization":1,"sentry_debugging":0,"bannerSizes":["5"],"aspectRatioVideo":"9_16","app_id":"165","showPreRewardedDialogue":0,"showPostRewardedDialogue":0,"rewardCurrency":"coins","rewardValue":0,"isSkipable":0,"privacyPolicyURL":"https:\/\/www.consoliads.com\/privacy-policy\/","sessionToken":"lRnunez8UulsvPd6haCfTKDzzS0EHfWPZjLVvoB5NXBV0ynncvrT1NjIt2TxBBoah10ZyOnf9o7qEX5lCGvkIQoHg9Y6LAqP1fEZiYGKOF6KLrPhUtKPmDVccwIUBYiEHFj1jG67LxirlBfTxEgycNsTvRwjMTB8qjdB7NGKxD0="}
Session token value is set


{"appKey":"53eca194fbf9bc9fdda6a52308ee3e05","osVersion":"8.0","orientation":"0","is_mac":"0","model":"SM-Nnn0","deviceID":"611","telco_operator":"Azercell","cpu":"0","brand":"Xiaomi","userConsent":"0","internet_connectivity":"0","height":"344","architecture":"0","width":"344","resolution":"1196x720","ram":"3.51 GB ","sdkVersion":"39","product":"mido","devMode":"0"}
cache_ttl value is correct

Refresh Ad Rate value is correct
mode value is set

 Aspect ratio value is correct
sentry_log value is set
local_logging value is set
sentry_initialization value is set
sentry_debugging value is set
showPreRewardedDialogue value is set
showPostRewardedDialogue value is set
isSkipable value is set
{"cache_ttl":10080,"cache_ttl_rewarded":10080,"cache_ttl_banner":10080,"cache_ttl_native":10080,"cache_ttl_icon":10080,"refreshAdRate":30,"mode":"Production","aspectRatio":"9_16","cdnPath":"https:\/\/df8ymybeo92md.cloudfront.net\/images\/","sentry_log":0,"local_logging":0,"sentry_dsn":"https:\/\/93ffa1c9a4124f67b8888a53265f751a:bbf998e04584477fa9a145838e9d3b26@sentry.io\/168994","sentry_initialization":1,"sentry_debugging":0,"bannerSizes":[],"aspectRatioVideo":"9_16","app_id":"168","showPreRewardedDialogue":0,"showPostRewardedDialogue":0,"rewardCurrency":"coins","rewardValue":0,"isSkipable":0,"privacyPolicyURL":"https:\/\/www.consoliads.com\/privacy-policy\/","sessionToken":"2apnuc7+w51+Tnnk6HxY\/kqROjCBsQquKyzHgBSbysTUAMs8WfhWvMBJKBvQieWDKoRO2xdn2qmGNG4Zm2IQgn1ZidUyO4YWnuAo+\/iMRHvA6F76m3p+pmtNd0g55y1pALK3DYU2rG\/HlJ8xM+LCz4IjjazwmaxuWfbn7VHXifo="}
Session token value is set


{"appKey":"6c43d0e957550be8b6cbf833df6d0419","osVersion":"7.0","orientation":"0","is_mac":"0","model":"GT-Snnn0","deviceID":"158","telco_operator":"Oi","cpu":"0","brand":"HONOR","userConsent":"0","internet_connectivity":"0","height":"163","architecture":"aarch64","width":"163","resolution":"1436x720","ram":"1.77 GB","sdkVersion":"2225","product":"STK-L21M","devMode":"0"}
cache_ttl value is correct

Title value is correct

Title value is correct

Title value is correct

Title value is correct

Title value is correct

Title value is correct

Refresh Ad Rate value is correct
mode value is set

 Aspect ratio value is correct
sentry_log value is set
local_logging value is set
sentry_initialization value is set
sentry_debugging value is set
showPreRewardedDialogue value is set
showPostRewardedDialogue value is set
isSkipable value is set
{"cache_ttl":10080,"cache_ttl_rewarded":10080,"cache_ttl_banner":10080,"cache_ttl_native":10080,"cache_ttl_icon":10080,"campaigns":[{"campaignID":"8226","attribution":0,"priority":"8","appToPromote":{"appToPromoteID":"12623","usesDefaultFrameImage":"0","usesDefaultCloseImage":"0","marketURL":"https:\/\/play.google.com\/store\/apps\/details?id=com.igg.android.lordsmobile&amp;referrer=utm_source=42matters.com&amp;utm_medium=api","packageID":"com.nooribrand.android.lordsmobile"},"showTemplate":1,"s2s_tracking_url":"https:\/\/play.google.com\/store\/apps\/details?id=com.igg.android.lordsmobile&amp;referrer=utm_source=42matters.com&amp;utm_medium=api","activeCreativeID":"3557","scenes":["3","2"],"campaignAdType":"Icon","productId":"","purchaseBit":0,"licenseKey":""},{"campaignID":"8378","attribution":0,"priority":"8","appToPromote":{"appToPromoteID":"16480","usesDefaultFrameImage":"0","usesDefaultCloseImage":"0","marketURL":"https:\/\/play.google.com\/store\/apps\/details?id=com.nag.home.manager.working.virtual.mom","packageID":"com.GSS317.AmazingFamily"},"showTemplate":1,"s2s_tracking_url":"https:\/\/play.google.com\/store\/apps\/details?id=com.nag.home.manager.working.virtual.mom","activeCreativeID":"3720","scenes":["3","2"],"campaignAdType":"Interstitial","productId":"","purchaseBit":0,"licenseKey":""},{"campaignID":"8613","attribution":0,"priority":"8","appToPromote":{"appToPromoteID":"12623","usesDefaultFrameImage":"0","usesDefaultCloseImage":"0","marketURL":"https:\/\/play.google.com\/store\/apps\/details?id=com.igg.android.lordsmobile&amp;referrer=utm_source=42matters.com&amp;utm_medium=api","packageID":"com.nooribrand.android.lordsmobile"},"showTemplate":1,"s2s_tracking_url":"https:\/\/play.google.com\/store\/apps\/details?id=com.igg.android.lordsmobile&amp;referrer=utm_source=42matters.com&amp;utm_medium=api","activeCreativeID":"3557","scenes":["3","2"],"campaignAdType":"Icon","productId":"","purchaseBit":0,"licenseKey":""},{"campaignID":"8625","attribution_link":"","attribution":1,"priority":"8","appToPromote":{"appToPromoteID":"16774","usesDefaultFrameImage":"0","usesDefaultCloseImage":"0","marketURL":"https:\/\/www.thewarehouse.pk\/bandana-mask-men?utm_source=consoli&amp;utm_medium=cpc&amp;utm_campaign=consoli-Bandana-20052020","packageID":".BandanaAd"},"showTemplate":1,"s2s_tracking_url":"","activeCreativeID":"3981","scenes":["3","2"],"campaignAdType":"Banner","productId":"","purchaseBit":0,"licenseKey":""},{"campaignID":"8907","attribution":0,"priority":"8","appToPromote":{"appToPromoteID":"17121","usesDefaultFrameImage":"0","usesDefaultCloseImage":"0","marketURL":"https:\/\/infopromo188.wixsite.com\/promo188-f1","packageID":"com.188BET6572.Fullbanner"},"showTemplate":1,"s2s_tracking_url":"https:\/\/infopromo188.wixsite.com\/promo188-f1","activeCreativeID":"4244","scenes":["3","2"],"campaignAdType":"Banner","productId":"","purchaseBit":0,"licenseKey":""},{"campaignID":"8908","attribution":0,"priority":"8","appToPromote":{"appToPromoteID":"17121","usesDefaultFrameImage":"0","usesDefaultCloseImage":"0","marketURL":"https:\/\/infopromo188.wixsite.com\/promo188-f1","packageID":"com.188BET6572.Fullbanner"},"showTemplate":1,"s2s_tracking_url":"https:\/\/infopromo188.wixsite.com\/promo188-f1","activeCreativeID":"4243","scenes":["3","2"],"campaignAdType":"Interstitial","productId":"","purchaseBit":0,"licenseKey":""},{"campaignID":"8909","attribution":0,"priority":"8","appToPromote":{"appToPromoteID":"17121","usesDefaultFrameImage":"0","usesDefaultCloseImage":"0","marketURL":"https:\/\/infopromo188.wixsite.com\/promo188-f1","packageID":"com.188BET6572.Fullbanner"},"showTemplate":1,"s2s_tracking_url":"https:\/\/infopromo188.wixsite.com\/promo188-f1","activeCreativeID":"4244","scenes":["3","2"],"campaignAdType":"Banner","productId":"","purchaseBit":0,"licenseKey":""},{"campaignID":"8910","attribution":0,"priority":"8","appToPromote":{"appToPromoteID":"17121","usesDefaultFrameImage":"0","usesDefaultCloseImage":"0","marketURL":"https:\/\/infopromo188.wixsite.com\/promo188-f1","packageID":"com.188BET6572.Fullbanner"},"showTemplate":1,"s2s_tracking_url":"https:\/\/infopromo188.wixsite.com\/promo188-f1","activeCreativeID":"4245","scenes":["3","2"],"campaignAdType":"Native","title":"Ayo Buruan Ikutan Promo F1","subTitle":"Banyak Hadiah Menarik","description":"Dapatkan PS 5 Terbaru","adClickThroughText":"Selengkapnya","productId":"","purchaseBit":0,"licenseKey":""},{"campaignID":"9252","attribution":0,"priority":"8","appToPromote":{"appToPromoteID":"12315","usesDefaultFrameImage":"0","usesDefaultCloseImage":"0","marketURL":"google.com","packageID":"com.qabrand.plnative"},"showTemplate":1,"s2s_tracking_url":"google.com","activeCreativeID":"4683","scenes":["3","2"],"campaignAdType":"Native","title":"Native first","subTitle":"First ","description":"New description","adClickThroughText":"FIRST Button","productId":"","purchaseBit":0,"licenseKey":""},{"campaignID":"9253","attribution":0,"priority":"8","appToPromote":{"appToPromoteID":"12315","usesDefaultFrameImage":"0","usesDefaultCloseImage":"0","marketURL":"google.com","packageID":"com.qabrand.plnative"},"showTemplate":1,"s2s_tracking_url":"google.com","activeCreativeID":"4683","scenes":["3","2"],"campaignAdType":"Native","title":"Native first","subTitle":"First ","description":"New description","adClickThroughText":"FIRST Button","productId":"","purchaseBit":0,"licenseKey":""},{"campaignID":"9255","attribution":0,"priority":"8","appToPromote":{"appToPromoteID":"13274","usesDefaultFrameImage":"0","usesDefaultCloseImage":"0","marketURL":"https:\/\/play.google.com\/store\/apps\/details?id=com.facebook.katana","packageID":"com.salon.adsalon"},"showTemplate":1,"s2s_tracking_url":"https:\/\/play.google.com\/store\/apps\/details?id=com.facebook.katana","activeCreativeID":"4685","scenes":["3","2"],"campaignAdType":"Native","title":"native NA ","subTitle":"native NA ","description":"native NA added","adClickThroughText":"native NA ","productId":"","purchaseBit":0,"licenseKey":""},{"campaignID":"9257","attribution":0,"priority":"8","appToPromote":{"appToPromoteID":"12286","usesDefaultFrameImage":"0","usesDefaultCloseImage":"0","marketURL":"google.com","packageID":"com.qabrand.Chartboost_Native"},"showTemplate":1,"s2s_tracking_url":"google.com","activeCreativeID":"4688","scenes":["3","2"],"campaignAdType":"Native","title":"Native second updated","subTitle":"Native second ","description":"Native second details","adClickThroughText":"Native second ","productId":"","purchaseBit":0,"licenseKey":""},{"campaignID":"9263","attribution":0,"priority":"8","appToPromote":{"appToPromoteID":"12315","usesDefaultFrameImage":"0","usesDefaultCloseImage":"0","marketURL":"google.com","packageID":"com.qabrand.plnative"},"showTemplate":1,"s2s_tracking_url":"google.com","activeCreativeID":"4694","scenes":["3","2"],"campaignAdType":"Native","title":"test","subTitle":"test","description":" test details update","adClickThroughText":"test","productId":"","purchaseBit":0,"licenseKey":""},{"campaignID":"9547","attribution":0,"priority":"8","appToPromote":{"appToPromoteID":"11879","usesDefaultFrameImage":"0","usesDefaultCloseImage":"0","marketURL":"https:\/\/play.google.com\/store\/apps\/details?id=com.buntoo.car.racing.games","packageID":"com.buntoo.car.racing.games"},"showTemplate":1,"s2s_tracking_url":"https:\/\/play.google.com\/store\/apps\/details?id=com.buntoo.car.racing.games","activeCreativeID":"4964","scenes":["3","2"],"campaignAdType":"Interstitial","productId":"","purchaseBit":0,"licenseKey":""},{"campaignID":"9586","attribution":0,"priority":"8","appToPromote":{"appToPromoteID":"515","usesDefaultFrameImage":"1","usesDefaultCloseImage":"1","marketURL":"https:\/\/play.google.com\/store\/apps\/details?id=com.plum.cash.counter.simualtor","packageID":"com.plum.cash.counter.simualtor"},"showTemplate":1,"s2s_tracking_url":"https:\/\/play.google.com\/store\/apps\/details?id=com.plum.cash.counter.simualtor","activeCreativeID":"50","scenes":["3","2"],"campaignAdType":"Interstitial","productId":"","purchaseBit":0,"licenseKey":""},{"campaignID":"9587","attribution":0,"priority":"8","appToPromote":{"appToPromoteID":"515","usesDefaultFrameImage":"1","usesDefaultCloseImage":"1","marketURL":"https:\/\/play.google.com\/store\/apps\/details?id=com.plum.cash.counter.simualtor","packageID":"com.plum.cash.counter.simualtor"},"showTemplate":1,"s2s_tracking_url":"https:\/\/play.google.com\/store\/apps\/details?id=com.plum.cash.counter.simualtor","activeCreativeID":"50","scenes":["3","2"],"campaignAdType":"Interstitial","productId":"","purchaseBit":0,"licenseKey":""},{"campaignID":"9588","attribution":0,"priority":"8","appToPromote":{"appToPromoteID":"515","usesDefaultFrameImage":"1","usesDefaultCloseImage":"1","marketURL":"https:\/\/play.google.com\/store\/apps\/details?id=com.plum.cash.counter.simualtor","packageID":"com.plum.cash.counter.simualtor"},"showTemplate":1,"s2s_tracking_url":"https:\/\/play.google.com\/store\/apps\/details?id=com.plum.cash.counter.simualtor","activeCreativeID":"50","scenes":["3","2"],"campaignAdType":"Interstitial","productId":"","purchaseBit":0,"licenseKey":""},{"campaignID":"9589","attribution":0,"priority":"8","appToPromote":{"appToPromoteID":"515","usesDefaultFrameImage":"1","usesDefaultCloseImage":"1","marketURL":"https:\/\/play.google.com\/store\/apps\/details?id=com.plum.cash.counter.simualtor","packageID":"com.plum.cash.counter.simualtor"},"showTemplate":1,"s2s_tracking_url":"https:\/\/play.google.com\/store\/apps\/details?id=com.plum.cash.counter.simualtor","activeCreativeID":"50","scenes":["3","2"],"campaignAdType":"Interstitial","productId":"","purchaseBit":0,"licenseKey":""},{"campaignID":"9599","attribution":0,"priority":"8","appToPromote":{"appToPromoteID":"515","usesDefaultFrameImage":"1","usesDefaultCloseImage":"1","marketURL":"https:\/\/play.google.com\/store\/apps\/details?id=com.plum.cash.counter.simualtor","packageID":"com.plum.cash.counter.simualtor"},"showTemplate":1,"s2s_tracking_url":"https:\/\/play.google.com\/store\/apps\/details?id=com.plum.cash.counter.simualtor","activeCreativeID":"5001","scenes":["3","2"],"campaignAdType":"Icon","productId":"","purchaseBit":0,"licenseKey":""},{"campaignID":"9131","attribution":0,"priority":"8","appToPromote":{"appToPromoteID":"17532","usesDefaultFrameImage":"0","usesDefaultCloseImage":"0","marketURL":"https:\/\/play.google.com\/store\/apps\/details?id=com.dhgate.buyermob","packageID":"com.dhgate.buyermob"},"showTemplate":1,"s2s_tracking_url":"https:\/\/tha.gotrackier.com\/click?campaign_id=63254\\u0026pub_id=75?p1=190_9131_158&amp;source=6841&amp;app_name=BikeSuperHero-PGZ&amp;gaid=158","activeCreativeID":"4483","scenes":["3","2"],"campaignAdType":"Interstitial","productId":"","purchaseBit":0,"licenseKey":""},{"campaignID":"8380","attribution_link":"","attribution":1,"priority":"7","appToPromote":{"appToPromoteID":"16480","usesDefaultFrameImage":"0","usesDefaultCloseImage":"0","marketURL":"https:\/\/play.google.com\/store\/apps\/details?id=com.nag.home.manager.working.virtual.mom","packageID":"com.GSS317.AmazingFamily"},"showTemplate":1,"s2s_tracking_url":"","activeCreativeID":"3720","scenes":["3","2"],"campaignAdType":"Interstitial","productId":"","purchaseBit":0,"licenseKey":""},{"campaignID":"444","attribution":0,"priority":"6","appToPromote":{"appToPromoteID":"3355","usesDefaultFrameImage":"0","usesDefaultCloseImage":"0","marketURL":"https:\/\/play.google.com\/store\/apps\/details?id=com.popnsons.parkour.mouse","packageID":"com.popnsons.parkour.mouse"},"showTemplate":1,"s2s_tracking_url":"https:\/\/play.google.com\/store\/apps\/details?id=com.popnsons.parkour.mouse","activeCreativeID":"469","scenes":["3","2"],"campaignAdType":"Interstitial","productId":"","purchaseBit":0,"licenseKey":""},{"campaignID":"561","attribution":0,"priority":"6","appToPromote":{"appToPromoteID":"5026","usesDefaultFrameImage":"0","usesDefaultCloseImage":"0","marketURL":"https:\/\/play.google.com\/store\/apps\/details?id=com.as.cashupapp","packageID":"com.as.cashupapp"},"showTemplate":1,"s2s_tracking_url":"https:\/\/play.google.com\/store\/apps\/details?id=com.as.cashupapp","activeCreativeID":"652","scenes":["3","2"],"campaignAdType":"Interstitial","productId":"","purchaseBit":0,"licenseKey":""},{"campaignID":"570","attribution":0,"priority":"6","appToPromote":{"appToPromoteID":"3802","usesDefaultFrameImage":"0","usesDefaultCloseImage":"0","marketURL":"https:\/\/play.google.com\/store\/apps\/details?id=com.Madxstudios.Flickshootsoccer","packageID":"com.Madxstudios.Flickshootsoccer"},"showTemplate":1,"s2s_tracking_url":"https:\/\/play.google.com\/store\/apps\/details?id=com.Madxstudios.Flickshootsoccer","activeCreativeID":"661","scenes":["3","2"],"campaignAdType":"Interstitial","productId":"","purchaseBit":0,"licenseKey":""},{"campaignID":"588","attribution":0,"priority":"6","appToPromote":{"appToPromoteID":"5026","usesDefaultFrameImage":"0","usesDefaultCloseImage":"0","marketURL":"https:\/\/play.google.com\/store\/apps\/details?id=com.as.cashupapp","packageID":"com.as.cashupapp"},"showTemplate":1,"s2s_tracking_url":"https:\/\/play.google.com\/store\/apps\/details?id=com.as.cashupapp","activeCreativeID":"652","scenes":["3","2"],"campaignAdType":"Interstitial","productId":"","purchaseBit":0,"licenseKey":""},{"campaignID":"8808","attribution_link":"","attribution":1,"priority":"5","appToPromote":{"appToPromoteID":"16528","usesDefaultFrameImage":"0","usesDefaultCloseImage":"0","marketURL":"https:\/\/play.google.com\/store\/apps\/details?id=com.bag.farm.day.village.farming.games","packageID":"com.GSS317.com.bag.farm.day.village.farming.games"},"showTemplate":1,"s2s_tracking_url":"","activeCreativeID":"3775","scenes":["3","2"],"campaignAdType":"Interstitial","productId":"","purchaseBit":0,"licenseKey":""},{"campaignID":"8876","attribution":0,"priority":"5","appToPromote":{"appToPromoteID":"15640","usesDefaultFrameImage":"0","usesDefaultCloseImage":"0","marketURL":"https:\/\/play.google.com\/store\/apps\/details?id=com.pgz.police.bike.stunt.ramp.bike.racing.games","packageID":"com.pgz.police.bike.stunt.ramp.bike.racing.games"},"showTemplate":1,"s2s_tracking_url":"https:\/\/play.google.com\/store\/apps\/details?id=com.pgz.police.bike.stunt.ramp.bike.racing.games","activeCreativeID":"4236","scenes":["3","2"],"campaignAdType":"Interstitial","productId":"","purchaseBit":0,"licenseKey":""},{"campaignID":"8930","attribution_link":"","attribution":1,"priority":"5","appToPromote":{"appToPromoteID":"17262","usesDefaultFrameImage":"0","usesDefaultCloseImage":"0","marketURL":"https:\/\/play.google.com\/store\/apps\/details?id=com.parsifal.cinepax","packageID":"com.StarzplaybyCinepax6680.1MonthFreetrial"},"showTemplate":1,"s2s_tracking_url":"","activeCreativeID":"4295","scenes":["3","2"],"campaignAdType":"Interstitial","productId":"","purchaseBit":0,"licenseKey":""},{"campaignID":"8972","attribution":0,"priority":"5","appToPromote":{"appToPromoteID":"15974","usesDefaultFrameImage":"0","usesDefaultCloseImage":"0","marketURL":"https:\/\/play.google.com\/store\/apps\/details?id=com.mustardgames.bmx.cycle.stunt.mega.ramp.impossibletracks","packageID":"com.mustardgames.bmx.cycle.stunt.mega.ramp.impossibletracks"},"showTemplate":1,"s2s_tracking_url":"https:\/\/play.google.com\/store\/apps\/details?id=com.mustardgames.bmx.cycle.stunt.mega.ramp.impossibletracks","activeCreativeID":"4339","scenes":["3","2"],"campaignAdType":"Interstitial","productId":"","purchaseBit":0,"licenseKey":""},{"campaignID":"8973","attribution":0,"priority":"5","appToPromote":{"appToPromoteID":"15974","usesDefaultFrameImage":"0","usesDefaultCloseImage":"0","marketURL":"https:\/\/play.google.com\/store\/apps\/details?id=com.mustardgames.bmx.cycle.stunt.mega.ramp.impossibletracks","packageID":"com.mustardgames.bmx.cycle.stunt.mega.ramp.impossibletracks"},"showTemplate":1,"s2s_tracking_url":"https:\/\/play.google.com\/store\/apps\/details?id=com.mustardgames.bmx.cycle.stunt.mega.ramp.impossibletracks","activeCreativeID":"4339","scenes":["3","2"],"campaignAdType":"Interstitial","productId":"","purchaseBit":0,"licenseKey":""},{"campaignID":"8974","attribution":0,"priority":"5","appToPromote":{"appToPromoteID":"15974","usesDefaultFrameImage":"0","usesDefaultCloseImage":"0","marketURL":"https:\/\/play.google.com\/store\/apps\/details?id=com.mustardgames.bmx.cycle.stunt.mega.ramp.impossibletracks","packageID":"com.mustardgames.bmx.cycle.stunt.mega.ramp.impossibletracks"},"showTemplate":1,"s2s_tracking_url":"https:\/\/play.google.com\/store\/apps\/details?id=com.mustardgames.bmx.cycle.stunt.mega.ramp.impossibletracks","activeCreativeID":"3564","scenes":["3","2"],"campaignAdType":"Video","productId":"","purchaseBit":0,"licenseKey":""},{"campaignID":"8929","attribution_link":"","attribution":1,"priority":"4","appToPromote":{"appToPromoteID":"17262","usesDefaultFrameImage":"0","usesDefaultCloseImage":"0","marketURL":"https:\/\/play.google.com\/store\/apps\/details?id=com.parsifal.cinepax","packageID":"com.StarzplaybyCinepax6680.1MonthFreetrial"},"showTemplate":1,"s2s_tracking_url":"","activeCreativeID":"4295","scenes":["3","2"],"campaignAdType":"Interstitial","productId":"","purchaseBit":0,"licenseKey":""},{"campaignID":"557","attribution":0,"priority":"4","appToPromote":{"appToPromoteID":"4959","usesDefaultFrameImage":"0","usesDefaultCloseImage":"0","marketURL":"https:\/\/play.google.com\/store\/apps\/details?id=com.jet.plane.surfers.joyride.dash","packageID":"com.jet.plane.surfers.joyride.dash"},"showTemplate":1,"s2s_tracking_url":"https:\/\/play.google.com\/store\/apps\/details?id=com.jet.plane.surfers.joyride.dash","activeCreativeID":"645","scenes":["3","2"],"campaignAdType":"Interstitial","productId":"","purchaseBit":0,"licenseKey":""},{"campaignID":"7817","attribution":0,"priority":"4","appToPromote":{"appToPromoteID":"15546","usesDefaultFrameImage":"0","usesDefaultCloseImage":"0","marketURL":"https:\/\/play.google.com\/store\/apps\/details?id=com.smart.developers.watsapp.statussaver.manager&amp;referrer=utm_source=42matters.com&amp;utm_medium=api","packageID":"com.smart.developers.watsapp.statussaver.manager"},"showTemplate":1,"s2s_tracking_url":"https:\/\/play.google.com\/store\/apps\/details?id=com.smart.developers.watsapp.statussaver.manager&amp;referrer=utm_source=42matters.com&amp;utm_medium=api","activeCreativeID":"3090","scenes":["3","2"],"campaignAdType":"Interstitial","productId":"","purchaseBit":0,"licenseKey":""},{"campaignID":"8747","attribution":0,"priority":"3","appToPromote":{"appToPromoteID":"16244","usesDefaultFrameImage":"0","usesDefaultCloseImage":"0","marketURL":"https:\/\/play.google.com\/store\/apps\/details?id=com.mustardgames.formula.car.racing.ramp.car.stunt.impossible.tracks","packageID":"com.mustardgames.formula.car.racing.ramp.car.stunt.impossible.tracks"},"showTemplate":1,"s2s_tracking_url":"https:\/\/play.google.com\/store\/apps\/details?id=com.mustardgames.formula.car.racing.ramp.car.stunt.impossible.tracks","activeCreativeID":"3993","scenes":["3","2"],"campaignAdType":"Video","productId":"","purchaseBit":0,"licenseKey":""},{"campaignID":"414","attribution":0,"priority":"3","appToPromote":{"appToPromoteID":"3023","usesDefaultFrameImage":"0","usesDefaultCloseImage":"0","marketURL":"https:\/\/play.google.com\/store\/apps\/details?id=com.appricot2d.rolo.pet.parrot","packageID":"com.appricot2d.rolo.pet.parrot"},"showTemplate":1,"s2s_tracking_url":"https:\/\/play.google.com\/store\/apps\/details?id=com.appricot2d.rolo.pet.parrot","activeCreativeID":"385","scenes":["3","2"],"campaignAdType":"Interstitial","productId":"","purchaseBit":0,"licenseKey":""},{"campaignID":"559","attribution":0,"priority":"3","appToPromote":{"appToPromoteID":"3476","usesDefaultFrameImage":"0","usesDefaultCloseImage":"0","marketURL":"https:\/\/play.google.com\/store\/apps\/details?id=com.perspectivegames.real.impossible.tracks.stunts","packageID":"com.perspectivegames.real.impossible.tracks.stunts"},"showTemplate":1,"s2s_tracking_url":"https:\/\/play.google.com\/store\/apps\/details?id=com.perspectivegames.real.impossible.tracks.stunts","activeCreativeID":"649","scenes":["3","2"],"campaignAdType":"Interstitial","productId":"","purchaseBit":0,"licenseKey":""},{"campaignID":"741","attribution":0,"priority":"3","appToPromote":{"appToPromoteID":"5609","usesDefaultFrameImage":"0","usesDefaultCloseImage":"0","marketURL":"https:\/\/play.google.com\/store\/apps\/details?id=com.kick.gyroscopic.city.train.driver.simulator","packageID":"com.kick.gyroscopic.city.train.driver.simulator"},"showTemplate":1,"s2s_tracking_url":"https:\/\/play.google.com\/store\/apps\/details?id=com.kick.gyroscopic.city.train.driver.simulator","activeCreativeID":"753","scenes":["3","2"],"campaignAdType":"Interstitial","productId":"","purchaseBit":0,"licenseKey":""},{"campaignID":"798","attribution":0,"priority":"3","appToPromote":{"appToPromoteID":"5770","usesDefaultFrameImage":"0","usesDefaultCloseImage":"0","marketURL":"https:\/\/play.google.com\/store\/apps\/details?id=com.simulatorgames3d.alohacelebrations","packageID":"com.simulatorgames3d.alohacelebrations"},"showTemplate":1,"s2s_tracking_url":"https:\/\/play.google.com\/store\/apps\/details?id=com.simulatorgames3d.alohacelebrations","activeCreativeID":"787","scenes":["3","2"],"campaignAdType":"Interstitial","productId":"","purchaseBit":0,"licenseKey":""},{"campaignID":"1483","attribution":0,"priority":"3","appToPromote":{"appToPromoteID":"1714","usesDefaultFrameImage":"1","usesDefaultCloseImage":"1","marketURL":"https:\/\/play.google.com\/store\/apps\/details?id=com.playink.cookie.maker","packageID":"com.playink.cookie.maker"},"showTemplate":1,"s2s_tracking_url":"https:\/\/play.google.com\/store\/apps\/details?id=com.playink.cookie.maker","activeCreativeID":"1020","scenes":["3","2"],"campaignAdType":"Interstitial","productId":"","purchaseBit":0,"licenseKey":""}],"refreshAdRate":30,"mode":"Production","aspectRatio":"9_16","cdnPath":"https:\/\/df8ymybeo92md.cloudfront.net\/images\/","sentry_log":0,"local_logging":0,"sentry_dsn":"https:\/\/93ffa1c9a4124f67b8888a53265f751a:bbf998e04584477fa9a145838e9d3b26@sentry.io\/168994","sentry_initialization":1,"sentry_debugging":0,"bannerSizes":["1"],"aspectRatioVideo":"9_16","app_id":"190","showPreRewardedDialogue":0,"showPostRewardedDialogue":0,"rewardCurrency":"coins","rewardValue":0,"isSkipable":0,"privacyPolicyURL":"https:\/\/www.consoliads.com\/privacy-policy\/","sessionToken":"1MLBgcUtw7GI\/8FE0uKjeS05Y\/oVPJT3dqcbTPNK9ed+WH0WX2aMeXnDAS7N\/6Izt0QSizrzSk4w6QZUH\/lvV3ZdxLfun1KJixS9dBBCw4GD\/qbMo8DjGD8dLbSISKjMesF6yVDUeFK\/3dFx6uOh6lyS1F0NSiHw\/qXFQRkYOL0="}
Session token value is set


{"appKey":"363eeeef9479d9af8cfa3d9ee81f42ad","osVersion":"6.0","orientation":"0","is_mac":"0","model":"GT-Snnn2","deviceID":"668","telco_operator":"Maroc","cpu":"0","brand":"vivo","userConsent":"0","internet_connectivity":"0","height":"367","architecture":"armv8l","width":"367","resolution":"1344x720","ram":"1.68 GB","sdkVersion":"39","product":"aosp_arm","devMode":"0"}
cache_ttl value is correct

Refresh Ad Rate value is correct
mode value is set

 Aspect ratio value is correct
sentry_log value is set
local_logging value is set
sentry_initialization value is set
sentry_debugging value is set
showPreRewardedDialogue value is set
showPostRewardedDialogue value is set
isSkipable value is set
{"cache_ttl":10080,"cache_ttl_rewarded":10080,"cache_ttl_banner":10080,"cache_ttl_native":10080,"cache_ttl_icon":10080,"refreshAdRate":30,"mode":"Production","aspectRatio":"9_16","cdnPath":"https:\/\/df8ymybeo92md.cloudfront.net\/images\/","sentry_log":0,"local_logging":0,"sentry_dsn":"https:\/\/e6dcd89483ae4d13b0f42ed3810d8d62:078421c4ad3d43f19885b30828ce7ee6@sentry.io\/187776","sentry_initialization":1,"sentry_debugging":0,"bannerSizes":[],"aspectRatioVideo":"9_16","app_id":"197","showPreRewardedDialogue":0,"showPostRewardedDialogue":0,"rewardCurrency":"coins","rewardValue":0,"isSkipable":0,"privacyPolicyURL":"https:\/\/www.consoliads.com\/privacy-policy\/","sessionToken":"Um3V9TzPwgDETj1DLsdoC8pPnHZEAQB\/80AQ+ZFkm4AVaJ5SsJmni22HXuq8F2HQhchXfVB88boVzko78pT4DlbjrvvRNdp8RwaoBfnwF9k0Y\/v2XQUo6jdqZcJKjtMQf35gPlLeDW2HUItOa4PFFbVlWrTAFsauDlV7EqYfoDw="}
Session token value is set


{"appKey":"c95886d10c34ffc0029ce07e6830a9c3","osVersion":"5.0","orientation":"0","is_mac":"0","model":"xiaomi Mi 4s","deviceID":"215","telco_operator":"Telecom","cpu":"0","brand":"samsung","userConsent":"0","internet_connectivity":"0","height":"186","architecture":"armv7l,","width":"186","resolution":"1024x552","ram":"3.68 GB","sdkVersion":"39","product":"potter","devMode":"0"}
cache_ttl value is correct

Refresh Ad Rate value is correct
mode value is set

 Aspect ratio value is correct
sentry_log value is set
local_logging value is set
sentry_initialization value is set
sentry_debugging value is set
showPreRewardedDialogue value is set
showPostRewardedDialogue value is set
isSkipable value is set
{"cache_ttl":10080,"cache_ttl_rewarded":10080,"cache_ttl_banner":10080,"cache_ttl_native":10080,"cache_ttl_icon":10080,"refreshAdRate":30,"mode":"Production","aspectRatio":"9_16","cdnPath":"https:\/\/df8ymybeo92md.cloudfront.net\/images\/","sentry_log":0,"local_logging":0,"sentry_dsn":"https:\/\/93ffa1c9a4124f67b8888a53265f751a:bbf998e04584477fa9a145838e9d3b26@sentry.io\/168994","sentry_initialization":1,"sentry_debugging":0,"bannerSizes":[],"aspectRatioVideo":"9_16","app_id":"202","showPreRewardedDialogue":0,"showPostRewardedDialogue":0,"rewardCurrency":"coins","rewardValue":0,"isSkipable":0,"privacyPolicyURL":"https:\/\/www.consoliads.com\/privacy-policy\/","sessionToken":"e2NkA7QmQ1zqJnRH7IwaUuUNoBrclBa23KhdoBF7Zwlproif\/eU5nwoSkT1IktF+ojY9HTL0b8dXmsylYJiVTmxqr228Vj3bTBjXQbBsUqPgs8NvtNetTGk9R2wcXvZ8nJX0c0nTv1\/exUJE1yjST6mvmnsUdCWkUndzYeI0UWY="}
Session token value is set


{"appKey":"8a6b3a437d3e028a8849cf8f819fd919","osVersion":"4.4","orientation":"0","is_mac":"0","model":"E5673","deviceID":"762","telco_operator":"airtel","cpu":"0","brand":"realme","userConsent":"0","internet_connectivity":"0","height":"405","architecture":"aarch81","width":"405","resolution":"1387x720","ram":"2.75 GB","sdkVersion":"39","product":"iPhone","devMode":"0"}
cache_ttl value is correct

Refresh Ad Rate value is correct
mode value is set

 Aspect ratio value is correct
sentry_log value is set
local_logging value is set
sentry_initialization value is set
sentry_debugging value is set
showPreRewardedDialogue value is set
showPostRewardedDialogue value is set
isSkipable value is set
{"cache_ttl":10080,"cache_ttl_rewarded":10080,"cache_ttl_banner":10080,"cache_ttl_native":10080,"cache_ttl_icon":10080,"refreshAdRate":30,"mode":"Production","aspectRatio":"9_16","cdnPath":"https:\/\/df8ymybeo92md.cloudfront.net\/images\/","sentry_log":0,"local_logging":0,"sentry_dsn":"https:\/\/e6dcd89483ae4d13b0f42ed3810d8d62:078421c4ad3d43f19885b30828ce7ee6@sentry.io\/187776","sentry_initialization":1,"sentry_debugging":0,"bannerSizes":["5"],"aspectRatioVideo":"9_16","app_id":"224","showPreRewardedDialogue":0,"showPostRewardedDialogue":0,"rewardCurrency":"coins","rewardValue":0,"isSkipable":0,"privacyPolicyURL":"https:\/\/www.consoliads.com\/privacy-policy\/","sessionToken":"AWm+XEpFApXn0xR2eOXZ6XT0HVmw6sCAteleeKRyD+fdKTFPNAhVj4SbxsbOwIVDfZJVJlXcxNDucWSUJOF9Y0BaKInoboaKr8clDyuzw+ucZRIX\/TjcQzihwmPuLSrEulrX3QGo6kT+cuI1kiCKA80O3HU6Z7Vs1DY70F7Hz28="}
Session token value is set


{"appKey":"f41eecd58fdd226e9d370df3828af01f","osVersion":"4.3","orientation":"0","is_mac":"0","model":"E3372","deviceID":"164","telco_operator":"Metfone","cpu":"0","brand":"iPhone","userConsent":"0","internet_connectivity":"0","height":"165","architecture":"aarch81","width":"165","resolution":"1080 x 1920","ram":"1,37 GB","sdkVersion":"39","product":"LUA-U22","devMode":"0"}
cache_ttl value is correct

Refresh Ad Rate value is correct
mode value is set

 Aspect ratio value is correct
sentry_log value is set
local_logging value is set
sentry_initialization value is set
sentry_debugging value is set
showPreRewardedDialogue value is set
showPostRewardedDialogue value is set
isSkipable value is set
{"cache_ttl":10080,"cache_ttl_rewarded":10080,"cache_ttl_banner":10080,"cache_ttl_native":10080,"cache_ttl_icon":10080,"refreshAdRate":30,"mode":"Production","aspectRatio":"9_16","cdnPath":"https:\/\/df8ymybeo92md.cloudfront.net\/images\/","sentry_log":0,"local_logging":0,"sentry_dsn":"https:\/\/93ffa1c9a4124f67b8888a53265f751a:bbf998e04584477fa9a145838e9d3b26@sentry.io\/168994","sentry_initialization":1,"sentry_debugging":0,"bannerSizes":[],"aspectRatioVideo":"9_16","app_id":"226","showPreRewardedDialogue":0,"showPostRewardedDialogue":0,"rewardCurrency":"coins","rewardValue":0,"isSkipable":0,"privacyPolicyURL":"https:\/\/www.consoliads.com\/privacy-policy\/","sessionToken":"hPaYxIFKabu4NU4irw8PRDf3+wxIyToGKY+MnZg4TREfPQBmXzyJycISD5pvitPQ7HorbfxHbskG4heUjgNsuubAPJ58G3tdbfkvvgVvrqrRprlt\/HasxK7OJVt1tHcWlQObbmeOgloQA+BFwf6sEM3zDYE7hTEX0LnnytHeUcI="}
Session token value is set

{"appKey":"fdcae9dc671b6823d2c35a6c94131930","osVersion":"4.2","orientation":"0","is_mac":"0","model":"iphone 3GS","deviceID":"638","telco_operator":" Ooredoo","cpu":"0","brand":"OPPO","userConsent":"0","internet_connectivity":"0","height":"355","architecture":"armv64","width":"355","resolution":"1440 x 2960","ram":"3.69 GB","sdkVersion":"22","product":"BKK-LX2","devMode":"0"}: Status code not OK,http://52.13.174.6/sheeda/admin/api/startNewAdSession_2 API has failed at 31 NotFound

{"appKey":"9aec7032e72fc71651e446a6f79e717e","osVersion":"9.0","orientation":"0","is_mac":"0","model":"GT-Nnnn0","deviceID":"576","telco_operator":"","cpu":"0","brand":"HUAWEI","userConsent":"0","internet_connectivity":"0","height":"330","architecture":"","width":"330","resolution":"1280x720","ram":"953,45 MB","sdkVersion":"2124","product":"j7xeltexx","devMode":"0"}
cache_ttl value is correct

Refresh Ad Rate value is correct
mode value is set

 Aspect ratio value is correct
sentry_log value is set
local_logging value is set
sentry_initialization value is set
sentry_debugging value is set
showPreRewardedDialogue value is set
showPostRewardedDialogue value is set
isSkipable value is set
{"cache_ttl":10080,"cache_ttl_rewarded":10080,"cache_ttl_banner":10080,"cache_ttl_native":10080,"cache_ttl_icon":10080,"campaigns":[{"campaignID":"9126","attribution":0,"priority":"8","appToPromote":{"appToPromoteID":"17527","usesDefaultFrameImage":"0","usesDefaultCloseImage":"0","marketURL":"https:\/\/itunes.apple.com\/us\/app\/id1196690809","packageID":"id1196690809"},"showTemplate":1,"s2s_tracking_url":"https:\/\/tha.gotrackier.com\/click?campaign_id=68346\\u0026pub_id=75?p1=236_9126_576&amp;source=6841&amp;app_name=BearSimulator&amp;idfa=576","activeCreativeID":"4478","scenes":["3","2"],"campaignAdType":"Banner","productId":"","purchaseBit":0,"licenseKey":""},{"campaignID":"9128","attribution":0,"priority":"8","appToPromote":{"appToPromoteID":"17529","usesDefaultFrameImage":"0","usesDefaultCloseImage":"0","marketURL":"https:\/\/apps.apple.com\/ru\/app\/id1259203065","packageID":"id1259203065"},"showTemplate":1,"s2s_tracking_url":"https:\/\/tha.gotrackier.com\/click?campaign_id=63251\\u0026pub_id=75?p1=236_9128_576&amp;source=6841&amp;app_name=BearSimulator&amp;idfa=576","activeCreativeID":"4480","scenes":["3","2"],"campaignAdType":"Video","productId":"","purchaseBit":0,"licenseKey":""},{"campaignID":"9129","attribution":0,"priority":"8","appToPromote":{"appToPromoteID":"17530","usesDefaultFrameImage":"0","usesDefaultCloseImage":"0","marketURL":"https:\/\/apps.apple.com\/tw\/app\/%E6%BB%BF%E8%B2%AB%E5%A4%A7%E4%BA%A8\/id1007924271","packageID":"id1007924271"},"showTemplate":1,"s2s_tracking_url":"https:\/\/tha.gotrackier.com\/click?campaign_id=63252\\u0026pub_id=75?p1=236_9129_576&amp;source=6841&amp;app_name=BearSimulator&amp;idfa=576","activeCreativeID":"4481","scenes":["3","2"],"campaignAdType":"Banner","productId":"","purchaseBit":0,"licenseKey":""},{"campaignID":"1041","attribution":0,"priority":"6","appToPromote":{"appToPromoteID":"5781","usesDefaultFrameImage":"0","usesDefaultCloseImage":"0","marketURL":"https:\/\/itunes.apple.com\/US\/app\/id642727743?","packageID":"id642727743"},"showTemplate":1,"activeCreativeID":null,"scenes":["3","2"],"campaignAdType":"Interstitial","productId":"","purchaseBit":0,"licenseKey":""},{"campaignID":"8628","attribution":0,"priority":"5","appToPromote":{"appToPromoteID":"11082","usesDefaultFrameImage":"0","usesDefaultCloseImage":"0","marketURL":"https:\/\/apps.apple.com\/app\/cooking-day-restaurant-game\/id1427191409?uo=5&amp;at=10l9yE","packageID":"com.NewAge.cooking.day"},"showTemplate":1,"s2s_tracking_url":"https:\/\/apps.apple.com\/app\/cooking-day-restaurant-game\/id1427191409?uo=5&amp;at=10l9yE","activeCreativeID":"2113","scenes":["3","2"],"campaignAdType":"Interstitial","productId":"","purchaseBit":0,"licenseKey":""},{"campaignID":"6761","attribution":0,"priority":"5","appToPromote":{"appToPromoteID":"13201","usesDefaultFrameImage":"0","usesDefaultCloseImage":"0","marketURL":"https:\/\/apps.apple.com\/us\/app\/fury-counter-survival-war\/id1472730597?uo=4&amp;at=10l9yE","packageID":"com.aaqibios.fury.terrorist.survival.war"},"showTemplate":1,"s2s_tracking_url":"https:\/\/apps.apple.com\/us\/app\/fury-counter-survival-war\/id1472730597?uo=4&amp;at=10l9yE","activeCreativeID":"1875","scenes":["3","2"],"campaignAdType":"Interstitial","productId":"","purchaseBit":0,"licenseKey":""},{"campaignID":"1423","attribution":0,"priority":"4","appToPromote":{"appToPromoteID":"5227","usesDefaultFrameImage":"0","usesDefaultCloseImage":"0","marketURL":"https:\/\/itunes.apple.com\/in\/app\/8-ball-pool\/id543186831?mt=8","packageID":"id543186831"},"showTemplate":1,"activeCreativeID":null,"scenes":["3","2"],"campaignAdType":"Interstitial","productId":"","purchaseBit":0,"licenseKey":""}],"refreshAdRate":30,"mode":"Production","aspectRatio":"9_16","cdnPath":"https:\/\/df8ymybeo92md.cloudfront.net\/images\/","sentry_log":0,"local_logging":0,"sentry_dsn":"https:\/\/e6dcd89483ae4d13b0f42ed3810d8d62:078421c4ad3d43f19885b30828ce7ee6@sentry.io\/187776","sentry_initialization":1,"sentry_debugging":0,"bannerSizes":["1"],"aspectRatioVideo":"9_16","app_id":"236","showPreRewardedDialogue":0,"showPostRewardedDialogue":0,"rewardCurrency":"coins","rewardValue":0,"isSkipable":0,"privacyPolicyURL":"https:\/\/www.consoliads.com\/privacy-policy\/","sessionToken":"mNKF+qhBM3RN5C8iGX8iQIsXco4HrlQp+9Ppb9N7N0cqJNydS6SexZTwUeB6X1vIV+P9lfiAw+Sb4Zv\/QyZvoGAAfk5hd8rimLQEQpqLZm2kixB\/u+qhQHNFLF5S\/Q28vQOg7Mjm58Xo7PVzJARt3PgPEgka6SW03z8l4nJhMa0="}
Session token value is set


{"appKey":"02d11fd9738d97b70b9d22ec1bd2123f","osVersion":"8.0","orientation":"0","is_mac":"0","model":"SM-Nnn0","deviceID":"946","telco_operator":"Azercell","cpu":"0","brand":"Xiaomi","userConsent":"0","internet_connectivity":"0","height":"478","architecture":"0","width":"478","resolution":"1196x720","ram":"3.51 GB ","sdkVersion":"39","product":"mido","devMode":"0"}
cache_ttl value is correct

Refresh Ad Rate value is correct
mode value is set

 Aspect ratio value is correct
sentry_log value is set
local_logging value is set
sentry_initialization value is set
sentry_debugging value is set
showPreRewardedDialogue value is set
showPostRewardedDialogue value is set
isSkipable value is set
{"cache_ttl":10080,"cache_ttl_rewarded":10080,"cache_ttl_banner":10080,"cache_ttl_native":10080,"cache_ttl_icon":10080,"refreshAdRate":30,"mode":"Production","aspectRatio":"9_16","cdnPath":"https:\/\/df8ymybeo92md.cloudfront.net\/images\/","sentry_log":0,"local_logging":0,"sentry_dsn":"https:\/\/93ffa1c9a4124f67b8888a53265f751a:bbf998e04584477fa9a145838e9d3b26@sentry.io\/168994","sentry_initialization":1,"sentry_debugging":0,"bannerSizes":[],"aspectRatioVideo":"9_16","app_id":"238","showPreRewardedDialogue":0,"showPostRewardedDialogue":0,"rewardCurrency":"coins","rewardValue":0,"isSkipable":0,"privacyPolicyURL":"https:\/\/www.consoliads.com\/privacy-policy\/","sessionToken":"JF97cv40e+akrIhm0OokdLmUJkdk4ya71bBRcleD0BUPnAI36+VXkLJRDE8jd7uWi0tXzdpxh7sz+4OqC+uJwfeyDPnI\/EQH59UKAi1gXtdpwZ49joE7ZFn0D9IqDMF4sqbPbIxmKlkAVUCcDBDMIVqPQHiNTOciSM\/OCZmgAKc="}
Session token value is set

{"appKey":"17cf37d56026573c47a5d84146b15956","osVersion":"7.0","orientation":"0","is_mac":"0","model":"GT-Snnn0","deviceID":"100","telco_operator":"Oi","cpu":"0","brand":"HONOR","userConsent":"0","internet_connectivity":"0","height":"140","architecture":"aarch64","width":"140","resolution":"1436x720","ram":"1.77 GB","sdkVersion":"22","product":"STK-L21M","devMode":"0"}: Status code not OK,http://52.13.174.6/sheeda/admin/api/startNewAdSession_2 API has failed at 34 NotFound

{"appKey":"de6bde2b521a5e5f071c239a72e6a0be","osVersion":"6.0","orientation":"0","is_mac":"0","model":"GT-Snnn2","deviceID":"288","telco_operator":"Maroc","cpu":"0","brand":"vivo","userConsent":"0","internet_connectivity":"0","height":"215","architecture":"armv8l","width":"215","resolution":"1344x720","ram":"1.68 GB","sdkVersion":"2225","product":"aosp_arm","devMode":"0"}
cache_ttl value is correct

Refresh Ad Rate value is correct
mode value is set

 Aspect ratio value is correct
sentry_log value is set
local_logging value is set
sentry_initialization value is set
sentry_debugging value is set
showPreRewardedDialogue value is set
showPostRewardedDialogue value is set
isSkipable value is set
{"cache_ttl":10080,"cache_ttl_rewarded":10080,"cache_ttl_banner":10080,"cache_ttl_native":10080,"cache_ttl_icon":10080,"campaigns":[{"campaignID":"1041","attribution":0,"priority":"6","appToPromote":{"appToPromoteID":"5781","usesDefaultFrameImage":"0","usesDefaultCloseImage":"0","marketURL":"https:\/\/itunes.apple.com\/US\/app\/id642727743?","packageID":"id642727743"},"showTemplate":1,"activeCreativeID":null,"scenes":["3","2"],"campaignAdType":"Interstitial","productId":"","purchaseBit":0,"licenseKey":""},{"campaignID":"8628","attribution":0,"priority":"5","appToPromote":{"appToPromoteID":"11082","usesDefaultFrameImage":"0","usesDefaultCloseImage":"0","marketURL":"https:\/\/apps.apple.com\/app\/cooking-day-restaurant-game\/id1427191409?uo=5&amp;at=10l9yE","packageID":"com.NewAge.cooking.day"},"showTemplate":1,"s2s_tracking_url":"https:\/\/apps.apple.com\/app\/cooking-day-restaurant-game\/id1427191409?uo=5&amp;at=10l9yE","activeCreativeID":"2113","scenes":["3","2"],"campaignAdType":"Interstitial","productId":"","purchaseBit":0,"licenseKey":""},{"campaignID":"6761","attribution":0,"priority":"5","appToPromote":{"appToPromoteID":"13201","usesDefaultFrameImage":"0","usesDefaultCloseImage":"0","marketURL":"https:\/\/apps.apple.com\/us\/app\/fury-counter-survival-war\/id1472730597?uo=4&amp;at=10l9yE","packageID":"com.aaqibios.fury.terrorist.survival.war"},"showTemplate":1,"s2s_tracking_url":"https:\/\/apps.apple.com\/us\/app\/fury-counter-survival-war\/id1472730597?uo=4&amp;at=10l9yE","activeCreativeID":"1875","scenes":["3","2"],"campaignAdType":"Interstitial","productId":"","purchaseBit":0,"licenseKey":""},{"campaignID":"1423","attribution":0,"priority":"4","appToPromote":{"appToPromoteID":"5227","usesDefaultFrameImage":"0","usesDefaultCloseImage":"0","marketURL":"https:\/\/itunes.apple.com\/in\/app\/8-ball-pool\/id543186831?mt=8","packageID":"id543186831"},"showTemplate":1,"activeCreativeID":null,"scenes":["3","2"],"campaignAdType":"Interstitial","productId":"","purchaseBit":0,"licenseKey":""}],"refreshAdRate":30,"mode":"Production","aspectRatio":"9_16","cdnPath":"https:\/\/df8ymybeo92md.cloudfront.net\/images\/","sentry_log":0,"local_logging":0,"sentry_dsn":"https:\/\/e6dcd89483ae4d13b0f42ed3810d8d62:078421c4ad3d43f19885b30828ce7ee6@sentry.io\/187776","sentry_initialization":1,"sentry_debugging":0,"bannerSizes":["1"],"aspectRatioVideo":"9_16","app_id":"254","showPreRewardedDialogue":0,"showPostRewardedDialogue":0,"rewardCurrency":"coins","rewardValue":0,"isSkipable":0,"privacyPolicyURL":"https:\/\/www.consoliads.com\/privacy-policy\/","sessionToken":"HmOOY8YZlHLuo89QmdG5+aUkqOOfeAQhFWtUzBZWIsivGgc0sNJXfvJaVgnsAcgFRovzhm1KzgpZKa0rSftujLYSpOVrbB9VRY399RBBkIAARfi6SKgZQ2G7w+bhiSseyEvdTiqp48gnrvZ9nk27aNy7tarQQi0GvQwGaNORZho="}
Session token value is set

{"appKey":"4a72d27f251a0dd2086fdba76fde4535","osVersion":"5.0","orientation":"0","is_mac":"0","model":"xiaomi Mi 4s","deviceID":"494","telco_operator":"Telecom","cpu":"0","brand":"samsung","userConsent":"0","internet_connectivity":"0","height":"297","architecture":"armv7l,","width":"297","resolution":"1024x552","ram":"3.68 GB","sdkVersion":"22","product":"potter","devMode":"0"}: Status code not OK,http://52.13.174.6/sheeda/admin/api/startNewAdSession_2 API has failed at 36 NotFound

{"appKey":"5d5ac66b8796ce7db05414be2136f2cd","osVersion":"4.4","orientation":"0","is_mac":"0","model":"E5673","deviceID":"42","telco_operator":"airtel","cpu":"0","brand":"realme","userConsent":"0","internet_connectivity":"0","height":"116","architecture":"aarch81","width":"116","resolution":"1387x720","ram":"2.75 GB","sdkVersion":"39","product":"iPhone","devMode":"0"}
cache_ttl value is correct

Refresh Ad Rate value is correct
mode value is set

 Aspect ratio value is correct
sentry_log value is set
local_logging value is set
sentry_initialization value is set
sentry_debugging value is set
showPreRewardedDialogue value is set
showPostRewardedDialogue value is set
isSkipable value is set
{"cache_ttl":10080,"cache_ttl_rewarded":10080,"cache_ttl_banner":10080,"cache_ttl_native":10080,"cache_ttl_icon":10080,"refreshAdRate":30,"mode":"Production","aspectRatio":"9_16","cdnPath":"https:\/\/df8ymybeo92md.cloudfront.net\/images\/","sentry_log":0,"local_logging":0,"sentry_dsn":"https:\/\/93ffa1c9a4124f67b8888a53265f751a:bbf998e04584477fa9a145838e9d3b26@sentry.io\/168994","sentry_initialization":1,"sentry_debugging":0,"bannerSizes":[],"aspectRatioVideo":"9_16","app_id":"262","showPreRewardedDialogue":0,"showPostRewardedDialogue":0,"rewardCurrency":"coins","rewardValue":0,"isSkipable":0,"privacyPolicyURL":"https:\/\/www.consoliads.com\/privacy-policy\/","sessionToken":"0S0qqoNyVmq8KGXH1v36k6EQFQ\/nqNre3ZTq\/nCIfOt96X1ZQZ8IP8o3PrgtUKBNTuCVQkPhczykkKZ3iswdn3yrPO0kCr2ayi13\/HD\/yv\/RLcJNIYjcCSRIK0AeJB+bbY7oApvjII0kktmvTXFGo5thV8t7s+LC035pBRf0sJs="}
Session token value is set


{"appKey":"8e241a59532e953339795dedba3abd02","osVersion":"4.3","orientation":"0","is_mac":"0","model":"E3372","deviceID":"753","telco_operator":"Metfone","cpu":"0","brand":"iPhone","userConsent":"0","internet_connectivity":"0","height":"401","architecture":"aarch81","width":"401","resolution":"1080 x 1920","ram":"1,37 GB","sdkVersion":"39","product":"LUA-U22","devMode":"0"}
cache_ttl value is correct

Refresh Ad Rate value is correct
mode value is set

 Aspect ratio value is correct
sentry_log value is set
local_logging value is set
sentry_initialization value is set
sentry_debugging value is set
showPreRewardedDialogue value is set
showPostRewardedDialogue value is set
isSkipable value is set
{"cache_ttl":10080,"cache_ttl_rewarded":10080,"cache_ttl_banner":10080,"cache_ttl_native":10080,"cache_ttl_icon":10080,"refreshAdRate":30,"mode":"Production","aspectRatio":"9_16","cdnPath":"https:\/\/df8ymybeo92md.cloudfront.net\/images\/","sentry_log":0,"local_logging":0,"sentry_dsn":"na","sentry_initialization":1,"sentry_debugging":0,"bannerSizes":[],"aspectRatioVideo":"9_16","app_id":"264","showPreRewardedDialogue":0,"showPostRewardedDialogue":0,"rewardCurrency":"coins","rewardValue":0,"isSkipable":0,"privacyPolicyURL":"https:\/\/www.consoliads.com\/privacy-policy\/","sessionToken":"hqONjuzJFp6pEItExtQqk\/8U1kLWryw99Z\/8ilefB64V6rkBWebxN+W2G3e5nDEcbIciOlcLZfvMLLQz2zt66zTayE0wd0aUtti1ZJ6Vxh2lssUXJqDYdLLkf1AYuiFRjyJ\/h+Mob6wlJRrDCjKjt7\/mk9BFIfknDzdpmkGd0U0="}
Session token value is set


{"appKey":"3b7205551216c71dee6bb11fe3abb1bc","osVersion":"4.2","orientation":"0","is_mac":"0","model":"iphone 3GS","deviceID":"942","telco_operator":" Ooredoo","cpu":"0","brand":"OPPO","userConsent":"0","internet_connectivity":"0","height":"476","architecture":"armv64","width":"476","resolution":"1440 x 2960","ram":"3.69 GB","sdkVersion":"60","product":"BKK-LX2","devMode":"0"}
cache_ttl value is correct

Refresh Ad Rate value is correct
mode value is set

 Aspect ratio value is correct
sentry_log value is set
local_logging value is set
sentry_initialization value is set
sentry_debugging value is set
showPreRewardedDialogue value is set
showPostRewardedDialogue value is set
isSkipable value is set
{"cache_ttl":10080,"cache_ttl_rewarded":10080,"cache_ttl_banner":10080,"cache_ttl_native":10080,"cache_ttl_icon":10080,"refreshAdRate":30,"mode":"Production","aspectRatio":"9_16","cdnPath":"https:\/\/df8ymybeo92md.cloudfront.net\/images\/","sentry_log":0,"local_logging":0,"sentry_dsn":"https:\/\/e6dcd89483ae4d13b0f42ed3810d8d62:078421c4ad3d43f19885b30828ce7ee6@sentry.io\/187776","sentry_initialization":1,"sentry_debugging":0,"bannerSizes":[],"aspectRatioVideo":"9_16","app_id":"266","showPreRewardedDialogue":0,"showPostRewardedDialogue":0,"rewardCurrency":"coins","rewardValue":0,"isSkipable":0,"privacyPolicyURL":"https:\/\/www.consoliads.com\/privacy-policy\/","sessionToken":"hqWJSF0Ifjzw8538zm69Dqx1Iu1+EuKUuNilOPLM1+SKwqeBiGtECWcVWHFQMz3VxrNCyWMk9yDgcQlo0PJYlzr3zfl1j8sT+pVWG\/pSdsPIobLD9jghLDqKvKl56ITdvM8lTsrb6ajQor+y4\/As5PsdDhd+6ldPoapzNgTsn4I="}
Session token value is set


{"appKey":"85c4d47a991c399e517b435dcd008465","osVersion":"9.0","orientation":"0","is_mac":"0","model":"GT-Nnnn0","deviceID":"130","telco_operator":"","cpu":"0","brand":"HUAWEI","userConsent":"0","internet_connectivity":"0","height":"152","architecture":"","width":"152","resolution":"1280x720","ram":"953,45 MB","sdkVersion":"39","product":"j7xeltexx","devMode":"0"}
cache_ttl value is correct

Refresh Ad Rate value is correct
mode value is set

 Aspect ratio value is correct
sentry_log value is set
local_logging value is set
sentry_initialization value is set
sentry_debugging value is set
showPreRewardedDialogue value is set
showPostRewardedDialogue value is set
isSkipable value is set
{"cache_ttl":10080,"cache_ttl_rewarded":10080,"cache_ttl_banner":10080,"cache_ttl_native":10080,"cache_ttl_icon":10080,"refreshAdRate":30,"mode":"Production","aspectRatio":"9_16","cdnPath":"https:\/\/df8ymybeo92md.cloudfront.net\/images\/","sentry_log":0,"local_logging":0,"sentry_dsn":"https:\/\/93ffa1c9a4124f67b8888a53265f751a:bbf998e04584477fa9a145838e9d3b26@sentry.io\/168994","sentry_initialization":1,"sentry_debugging":0,"bannerSizes":[],"aspectRatioVideo":"9_16","app_id":"268","showPreRewardedDialogue":0,"showPostRewardedDialogue":0,"rewardCurrency":"coins","rewardValue":0,"isSkipable":0,"privacyPolicyURL":"https:\/\/www.consoliads.com\/privacy-policy\/","sessionToken":"V36zrkSfQ6OLQTwTtpiEQjAu4z5iIx6s1NEY3WAyMHqNIvxSFZFdYaq5ILGr7o0kmnwapprc0cGEGsaHnXxTV7ZRsqPuVCIeOeV8gK\/BCcGeuX\/+KrBD5p+EwMT\/vPKTa9Oxxknq9qt1Zkqy4X3uSa5seun\/Inkknrntpw6Wgas="}
Session token value is set


{"appKey":"60f88b014c5b906cbedc0f072040fb65","osVersion":"8.0","orientation":"0","is_mac":"0","model":"SM-Nnn0","deviceID":"483","telco_operator":"Azercell","cpu":"0","brand":"Xiaomi","userConsent":"0","internet_connectivity":"0","height":"293","architecture":"0","width":"293","resolution":"1196x720","ram":"3.51 GB ","sdkVersion":"39","product":"mido","devMode":"0"}
cache_ttl value is correct

Refresh Ad Rate value is correct
mode value is set

 Aspect ratio value is correct
sentry_log value is set
local_logging value is set
sentry_initialization value is set
sentry_debugging value is set
showPreRewardedDialogue value is set
showPostRewardedDialogue value is set
isSkipable value is set
{"cache_ttl":10080,"cache_ttl_rewarded":10080,"cache_ttl_banner":10080,"cache_ttl_native":10080,"cache_ttl_icon":10080,"refreshAdRate":30,"mode":"Production","aspectRatio":"9_16","cdnPath":"https:\/\/df8ymybeo92md.cloudfront.net\/images\/","sentry_log":0,"local_logging":0,"sentry_dsn":"https:\/\/93ffa1c9a4124f67b8888a53265f751a:bbf998e04584477fa9a145838e9d3b26@sentry.io\/168994","sentry_initialization":1,"sentry_debugging":0,"bannerSizes":[],"aspectRatioVideo":"9_16","app_id":"271","showPreRewardedDialogue":0,"showPostRewardedDialogue":0,"rewardCurrency":"coins","rewardValue":0,"isSkipable":0,"privacyPolicyURL":"https:\/\/www.consoliads.com\/privacy-policy\/","sessionToken":"I4vPFi\/a2xSrNVnhUQa9KgDiqRv2f08Zwc65npb8BxAxxCsW5g6+7Spd6oib3gybu+TVHHuUyIvJNfV2y3seMZXUq9RfgYO20FT0tgEl\/Z1f+S0QQZodwgDy5cQZ9u71C6iaVyoJ+FUqj+jcrfLNIk0Upg5f13OAg5ecmyyZS9A="}
Session token value is set


{"appKey":"cc7c0dc3617dc403b90811916faee5c0","osVersion":"7.0","orientation":"0","is_mac":"0","model":"GT-Snnn0","deviceID":"194","telco_operator":"Oi","cpu":"0","brand":"HONOR","userConsent":"0","internet_connectivity":"0","height":"177","architecture":"aarch64","width":"177","resolution":"1436x720","ram":"1.77 GB","sdkVersion":"39","product":"STK-L21M","devMode":"0"}
cache_ttl value is correct

Refresh Ad Rate value is correct
mode value is set

 Aspect ratio value is correct
sentry_log value is set
local_logging value is set
sentry_initialization value is set
sentry_debugging value is set
showPreRewardedDialogue value is set
showPostRewardedDialogue value is set
isSkipable value is set
{"cache_ttl":10080,"cache_ttl_rewarded":10080,"cache_ttl_banner":10080,"cache_ttl_native":10080,"cache_ttl_icon":10080,"refreshAdRate":30,"mode":"Production","aspectRatio":"9_16","cdnPath":"https:\/\/df8ymybeo92md.cloudfront.net\/images\/","sentry_log":0,"local_logging":0,"sentry_dsn":"https:\/\/93ffa1c9a4124f67b8888a53265f751a:bbf998e04584477fa9a145838e9d3b26@sentry.io\/168994","sentry_initialization":1,"sentry_debugging":0,"bannerSizes":[],"aspectRatioVideo":"9_16","app_id":"280","showPreRewardedDialogue":0,"showPostRewardedDialogue":0,"rewardCurrency":"coins","rewardValue":0,"isSkipable":0,"privacyPolicyURL":"https:\/\/www.consoliads.com\/privacy-policy\/","sessionToken":"gRvuzScJRMjq7UUiomBYfuyIwmz\/KCpKV0qHhxdiccWHLEXswk3ao7UIsePpkV3AtIqMOzo6u7ojgGgqscOKdwS8P1v1RB1UG6jHe804WgJL2xCy5rjEvec95MBopU796t49MRx7hNcbzC01vwOKrgTaaXQB0p4ZAS3TFFNPX50="}
Session token value is set


{"appKey":"096d387c0358e27c2d39b783d06790f4","osVersion":"6.0","orientation":"0","is_mac":"0","model":"GT-Snnn2","deviceID":"435","telco_operator":"Maroc","cpu":"0","brand":"vivo","userConsent":"0","internet_connectivity":"0","height":"274","architecture":"armv8l","width":"274","resolution":"1344x720","ram":"1.68 GB","sdkVersion":"39","product":"aosp_arm","devMode":"0"}
cache_ttl value is correct

Refresh Ad Rate value is correct
mode value is set

 Aspect ratio value is correct
sentry_log value is set
local_logging value is set
sentry_initialization value is set
sentry_debugging value is set
showPreRewardedDialogue value is set
showPostRewardedDialogue value is set
isSkipable value is set
{"cache_ttl":10080,"cache_ttl_rewarded":10080,"cache_ttl_banner":10080,"cache_ttl_native":10080,"cache_ttl_icon":10080,"refreshAdRate":30,"mode":"Production","aspectRatio":"9_16","cdnPath":"https:\/\/df8ymybeo92md.cloudfront.net\/images\/","sentry_log":0,"local_logging":0,"sentry_dsn":"na","sentry_initialization":1,"sentry_debugging":0,"bannerSizes":[],"aspectRatioVideo":"9_16","app_id":"282","showPreRewardedDialogue":0,"showPostRewardedDialogue":0,"rewardCurrency":"coins","rewardValue":0,"isSkipable":0,"privacyPolicyURL":"https:\/\/www.consoliads.com\/privacy-policy\/","sessionToken":"vFPIQ5DkwwHmB9XAWAcH+U\/g0AV8cOEhtgYpt8N7KpA4hG7zgiiHyw\/LT\/yJyhiyZ8D7jj6dUQQWzJwK+Bnu6w\/k93GP\/soeGSCitJaJaKfijnPS0s8hm43FwjK\/e4jrxd\/HKYH8f9\/q3L85SpmQn1zcvjk9\/M3WQBcRhpeo9aI="}
Session token value is set

{"appKey":"b810ee887d6bed36479ac5884904ecad","osVersion":"5.0","orientation":"0","is_mac":"0","model":"xiaomi Mi 4s","deviceID":"996","telco_operator":"Telecom","cpu":"0","brand":"samsung","userConsent":"0","internet_connectivity":"0","height":"498","architecture":"armv7l,","width":"498","resolution":"1024x552","ram":"3.68 GB","sdkVersion":"22","product":"potter","devMode":"0"}: Status code not OK,http://52.13.174.6/sheeda/admin/api/startNewAdSession_2 API has failed at 44 NotFound

{"appKey":"e4f563b27676d79d2981b8bb53fd765b","osVersion":"4.4","orientation":"0","is_mac":"0","model":"E5673","deviceID":"349","telco_operator":"airtel","cpu":"0","brand":"realme","userConsent":"0","internet_connectivity":"0","height":"239","architecture":"aarch81","width":"239","resolution":"1387x720","ram":"2.75 GB","sdkVersion":"39","product":"iPhone","devMode":"0"}
cache_ttl value is correct

Refresh Ad Rate value is correct
mode value is set

 Aspect ratio value is correct
sentry_log value is set
local_logging value is set
sentry_initialization value is set
sentry_debugging value is set
showPreRewardedDialogue value is set
showPostRewardedDialogue value is set
isSkipable value is set
{"cache_ttl":10080,"cache_ttl_rewarded":10080,"cache_ttl_banner":10080,"cache_ttl_native":10080,"cache_ttl_icon":10080,"refreshAdRate":30,"mode":"Production","aspectRatio":"9_16","cdnPath":"https:\/\/df8ymybeo92md.cloudfront.net\/images\/","sentry_log":0,"local_logging":0,"sentry_dsn":"https:\/\/93ffa1c9a4124f67b8888a53265f751a:bbf998e04584477fa9a145838e9d3b26@sentry.io\/168994","sentry_initialization":1,"sentry_debugging":0,"bannerSizes":[],"aspectRatioVideo":"9_16","app_id":"301","showPreRewardedDialogue":0,"showPostRewardedDialogue":0,"rewardCurrency":"coins","rewardValue":0,"isSkipable":0,"privacyPolicyURL":"https:\/\/www.consoliads.com\/privacy-policy\/","sessionToken":"hvgE4fkBEyQLYCpDScpwnezmNIr+ur9PxfY+nfXkDXbuu1T067kg6rBOqKBPx9aa04cfOtrPF\/8JW9kd8a5+z0ETRd\/dkm2dWxTADwAxCM70BBIGRuWiyVEkDFxloMzXZ2BFetqBjzpnjTz\/rxaHbCHQijhk6YF9rQByW11xpLg="}
Session token value is set

{"appKey":"eb62767ca2ab6872a737bde125c18e94","osVersion":"4.3","orientation":"0","is_mac":"0","model":"E3372","deviceID":"701","telco_operator":"Metfone","cpu":"0","brand":"iPhone","userConsent":"0","internet_connectivity":"0","height":"380","architecture":"aarch81","width":"380","resolution":"1080 x 1920","ram":"1,37 GB","sdkVersion":"22","product":"LUA-U22","devMode":"0"}: Status code not OK,http://52.13.174.6/sheeda/admin/api/startNewAdSession_2 API has failed at 46 NotFound
{"appKey":"71ee363c926a2d86eba2e0ed056d7667","osVersion":"4.2","orientation":"0","is_mac":"0","model":"iphone 3GS","deviceID":"53","telco_operator":" Ooredoo","cpu":"0","brand":"OPPO","userConsent":"0","internet_connectivity":"0","height":"121","architecture":"armv64","width":"121","resolution":"1440 x 2960","ram":"3.69 GB","sdkVersion":"22","product":"BKK-LX2","devMode":"0"}: Status code not OK,http://52.13.174.6/sheeda/admin/api/startNewAdSession_2 API has failed at 47 NotFound

{"appKey":"a721516b8f46a3bee645d61ef55d0769","osVersion":"9.0","orientation":"0","is_mac":"0","model":"GT-Nnnn0","deviceID":"883","telco_operator":"","cpu":"0","brand":"HUAWEI","userConsent":"0","internet_connectivity":"0","height":"453","architecture":"","width":"453","resolution":"1280x720","ram":"953,45 MB","sdkVersion":"39","product":"j7xeltexx","devMode":"0"}
cache_ttl value is correct

Refresh Ad Rate value is correct
mode value is set

 Aspect ratio value is correct
sentry_log value is set
local_logging value is set
sentry_initialization value is set
sentry_debugging value is set
showPreRewardedDialogue value is set
showPostRewardedDialogue value is set
isSkipable value is set
{"cache_ttl":10080,"cache_ttl_rewarded":10080,"cache_ttl_banner":10080,"cache_ttl_native":10080,"cache_ttl_icon":10080,"refreshAdRate":30,"mode":"Production","aspectRatio":"9_16","cdnPath":"https:\/\/df8ymybeo92md.cloudfront.net\/images\/","sentry_log":0,"local_logging":0,"sentry_dsn":"https:\/\/93ffa1c9a4124f67b8888a53265f751a:bbf998e04584477fa9a145838e9d3b26@sentry.io\/168994","sentry_initialization":1,"sentry_debugging":0,"bannerSizes":[],"aspectRatioVideo":"9_16","app_id":"310","showPreRewardedDialogue":0,"showPostRewardedDialogue":0,"rewardCurrency":"coins","rewardValue":0,"isSkipable":0,"privacyPolicyURL":"https:\/\/www.consoliads.com\/privacy-policy\/","sessionToken":"PUYeU6OOzHJvxD1Z2qgOILyG1J8TQBu41zDk\/BfTzg5r84am1psyckdTBwvQP04p8AgXfNZkdbp+7Tq+4xuwTl3M9JIF7XtHyCHDxQnrh0OtSMgdKAVjhP1yhiTQHC31iOOhYnGN8YpkibyatwgVEhwWVGQyY26NU+0m4xxH\/4Y="}
Session token value is set


{"appKey":"cffdf6d34f1a66b74f85bb6f728ab84c","osVersion":"8.0","orientation":"0","is_mac":"0","model":"SM-Nnn0","deviceID":"430","telco_operator":"Azercell","cpu":"0","brand":"Xiaomi","userConsent":"0","internet_connectivity":"0","height":"272","architecture":"0","width":"272","resolution":"1196x720","ram":"3.51 GB ","sdkVersion":"39","product":"mido","devMode":"0"}
cache_ttl value is correct

Refresh Ad Rate value is correct
mode value is set

 Aspect ratio value is correct
sentry_log value is set
local_logging value is set
sentry_initialization value is set
sentry_debugging value is set
showPreRewardedDialogue value is set
showPostRewardedDialogue value is set
isSkipable value is set
{"cache_ttl":10080,"cache_ttl_rewarded":10080,"cache_ttl_banner":10080,"cache_ttl_native":10080,"cache_ttl_icon":10080,"refreshAdRate":30,"mode":"Production","aspectRatio":"9_16","cdnPath":"https:\/\/df8ymybeo92md.cloudfront.net\/images\/","sentry_log":0,"local_logging":0,"sentry_dsn":"https:\/\/93ffa1c9a4124f67b8888a53265f751a:bbf998e04584477fa9a145838e9d3b26@sentry.io\/168994","sentry_initialization":1,"sentry_debugging":0,"bannerSizes":[],"aspectRatioVideo":"9_16","app_id":"316","showPreRewardedDialogue":0,"showPostRewardedDialogue":0,"rewardCurrency":"coins","rewardValue":0,"isSkipable":0,"privacyPolicyURL":"https:\/\/www.consoliads.com\/privacy-policy\/","sessionToken":"DqVguI+VkBMaqVir4+tuNija6l3Hob1KtuUhYT1Ox9tWIZ6+Qwhvgj++9288jO3XJh\/b9Ib1PV9bmrrLb8RudjydLMxezVNpGkFz0CBhOU7PbZXJQ68ZqiNrlxwA0A09NgKRkBhEcoQNi6EIZeadgX04uuSsCYsU4U6+IYykffI="}
Session token value is set

</DebugTrace>
      </Output>
    </UnitTestResult>
    <UnitTestResult executionId="d4e8750c-7f5b-44d3-9e3a-fbe7e5f8b81b" testId="f70c910a-cc07-24cb-0d1c-bc2c00fc396f" testName="G_SyncAppunityMainMethodCodeGenerator" computerName="DESKTOP-5AJ0SB3" duration="00:01:26.7886267" startTime="2021-01-29T10:24:32.5560450+05:00" endTime="2021-01-29T10:25:59.3535474+05:00" testType="13cdc9d9-ddb5-4fa4-a97d-d965ccfc6d4b" outcome="Passed" testListId="8c84fa94-04c1-424b-9868-57a2d4851a1d" relativeResultsDirectory="d4e8750c-7f5b-44d3-9e3a-fbe7e5f8b81b">
      <Output>
        <DebugTrace>****************** http://52.13.174.6/sheeda/admin/api/startNewAdSession_2
****************** SELECT apps.package,apps.title,apps.companyID, apps.osID , users.userSignature, apps.appVersionCode, apps.appVersionName FROM apps 
 join users ON apps.companyID = users.companyID where apps.app_type = 'app' AND apps.sdkID &gt; 20 And users.isAdmin = 1 AND users.status = 1 ORDER BY companyID ASC
LIMIT 50



****************** 
****************** select adID from ads where ad_type != 'analytics';
****************** select adID from ads where ad_type != 'analytics' and ad_type ='interstitial'
****************** select adID from ads where ad_type != 'analytics' and ad_type ='banner'
****************** select adID from ads where ad_type != 'analytics' and ad_type ='native'
****************** select adID from ads where ad_type != 'analytics' and ad_type ='rewarded_video'
****************** SELECT sdkID, ver FROM `sdk_info` WHERE `description` LIKE '%mediation unity%' AND sdkID &gt; 2173 LIMIT 50
****************** 
****************** http://52.13.174.6/sheeda/admin/json/syncApp
****************** http://52.13.174.6/sheeda/admin/json/syncApp
****************** http://52.13.174.6/sheeda/admin/json/syncApp
****************** http://52.13.174.6/sheeda/admin/json/syncApp
****************** http://52.13.174.6/sheeda/admin/json/syncApp
****************** http://52.13.174.6/sheeda/admin/json/syncApp
****************** http://52.13.174.6/sheeda/admin/json/syncApp
****************** http://52.13.174.6/sheeda/admin/json/syncApp
****************** http://52.13.174.6/sheeda/admin/json/syncApp
****************** http://52.13.174.6/sheeda/admin/json/syncApp
****************** http://52.13.174.6/sheeda/admin/json/syncApp
****************** http://52.13.174.6/sheeda/admin/json/syncApp
****************** http://52.13.174.6/sheeda/admin/json/syncApp
****************** http://52.13.174.6/sheeda/admin/json/syncApp
****************** http://52.13.174.6/sheeda/admin/json/syncApp
****************** http://52.13.174.6/sheeda/admin/json/syncApp
Ads mediation queue value is set
child directed value is set
Sequences value is set
Is hide ads value is set
****************** http://52.13.174.6/sheeda/admin/json/syncApp
****************** http://52.13.174.6/sheeda/admin/json/syncApp
Ads mediation queue value is set
child directed value is set
Sequences value is set
Is hide ads value is set
****************** http://52.13.174.6/sheeda/admin/json/syncApp
****************** http://52.13.174.6/sheeda/admin/json/syncApp
Ads mediation queue value is set
child directed value is set
Sequences value is set
Is hide ads value is set
****************** http://52.13.174.6/sheeda/admin/json/syncApp
****************** http://52.13.174.6/sheeda/admin/json/syncApp
****************** http://52.13.174.6/sheeda/admin/json/syncApp
****************** http://52.13.174.6/sheeda/admin/json/syncApp
****************** http://52.13.174.6/sheeda/admin/json/syncApp
****************** http://52.13.174.6/sheeda/admin/json/syncApp
****************** http://52.13.174.6/sheeda/admin/json/syncApp
****************** http://52.13.174.6/sheeda/admin/json/syncApp
****************** http://52.13.174.6/sheeda/admin/json/syncApp
****************** http://52.13.174.6/sheeda/admin/json/syncApp
Ads mediation queue value is set
child directed value is set
Sequences value is set
Is hide ads value is set
****************** http://52.13.174.6/sheeda/admin/json/syncApp
****************** http://52.13.174.6/sheeda/admin/json/syncApp
****************** http://52.13.174.6/sheeda/admin/json/syncApp
****************** http://52.13.174.6/sheeda/admin/json/syncApp
****************** http://52.13.174.6/sheeda/admin/json/syncApp
****************** http://52.13.174.6/sheeda/admin/json/syncApp
****************** http://52.13.174.6/sheeda/admin/json/syncApp
****************** http://52.13.174.6/sheeda/admin/json/syncApp
****************** http://52.13.174.6/sheeda/admin/json/syncApp
****************** http://52.13.174.6/sheeda/admin/json/syncApp
****************** http://52.13.174.6/sheeda/admin/json/syncApp
****************** http://52.13.174.6/sheeda/admin/json/syncApp
Ads mediation queue value is set
child directed value is set
Sequences value is set
Is hide ads value is set
****************** http://52.13.174.6/sheeda/admin/json/syncApp
****************** http://52.13.174.6/sheeda/admin/json/syncApp
****************** http://52.13.174.6/sheeda/admin/json/syncApp
****************** http://52.13.174.6/sheeda/admin/json/syncApp
****************** http://52.13.174.6/sheeda/admin/json/syncApp
****************** http://52.13.174.6/sheeda/admin/json/syncApp
****************** http://52.13.174.6/sheeda/admin/json/syncApp
****************** http://52.13.174.6/sheeda/admin/json/syncApp
Ads mediation queue value is set
child directed value is set
Sequences value is set
Is hide ads value is set
****************** http://52.13.174.6/sheeda/admin/json/syncApp
****************** http://52.13.174.6/sheeda/admin/json/syncApp
Ads mediation queue value is set
child directed value is set
Sequences value is set
Is hide ads value is set
****************** http://52.13.174.6/sheeda/admin/json/syncApp
****************** http://52.13.174.6/sheeda/admin/json/syncApp
****************** http://52.13.174.6/sheeda/admin/json/syncApp
****************** http://52.13.174.6/sheeda/admin/json/syncApp
Ads mediation queue value is set
child directed value is set
Sequences value is set
Is hide ads value is set
****************** http://52.13.174.6/sheeda/admin/json/syncApp
****************** http://52.13.174.6/sheeda/admin/json/syncApp
****************** http://52.13.174.6/sheeda/admin/json/syncApp
****************** http://52.13.174.6/sheeda/admin/json/syncApp
****************** http://52.13.174.6/sheeda/admin/json/syncApp
****************** http://52.13.174.6/sheeda/admin/json/syncApp
****************** http://52.13.174.6/sheeda/admin/json/syncApp
****************** http://52.13.174.6/sheeda/admin/json/syncApp
****************** http://52.13.174.6/sheeda/admin/json/syncApp
****************** http://52.13.174.6/sheeda/admin/json/syncApp
****************** http://52.13.174.6/sheeda/admin/json/syncApp
****************** http://52.13.174.6/sheeda/admin/json/syncApp
****************** http://52.13.174.6/sheeda/admin/json/syncApp
****************** http://52.13.174.6/sheeda/admin/json/syncApp
Ads mediation queue value is set
child directed value is set
Sequences value is set
Is hide ads value is set
****************** http://52.13.174.6/sheeda/admin/json/syncApp
****************** http://52.13.174.6/sheeda/admin/json/syncApp
****************** http://52.13.174.6/sheeda/admin/json/syncApp
****************** http://52.13.174.6/sheeda/admin/json/syncApp
****************** http://52.13.174.6/sheeda/admin/json/syncApp
****************** http://52.13.174.6/sheeda/admin/json/syncApp
****************** http://52.13.174.6/sheeda/admin/json/syncApp
****************** http://52.13.174.6/sheeda/admin/json/syncApp
****************** http://52.13.174.6/sheeda/admin/json/syncApp
****************** http://52.13.174.6/sheeda/admin/json/syncApp
****************** http://52.13.174.6/sheeda/admin/json/syncApp
****************** http://52.13.174.6/sheeda/admin/json/syncApp
****************** http://52.13.174.6/sheeda/admin/json/syncApp
****************** http://52.13.174.6/sheeda/admin/json/syncApp
****************** http://52.13.174.6/sheeda/admin/json/syncApp
****************** http://52.13.174.6/sheeda/admin/json/syncApp
****************** http://52.13.174.6/sheeda/admin/json/syncApp
****************** http://52.13.174.6/sheeda/admin/json/syncApp
Ads mediation queue value is set
child directed value is set
Sequences value is set
Is hide ads value is set
****************** http://52.13.174.6/sheeda/admin/json/syncApp
****************** http://52.13.174.6/sheeda/admin/json/syncApp
Ads mediation queue value is set
child directed value is set
Sequences value is set
Is hide ads value is set
****************** http://52.13.174.6/sheeda/admin/json/syncApp
****************** http://52.13.174.6/sheeda/admin/json/syncApp
****************** http://52.13.174.6/sheeda/admin/json/syncApp
****************** http://52.13.174.6/sheeda/admin/json/syncApp
****************** http://52.13.174.6/sheeda/admin/json/syncApp
****************** http://52.13.174.6/sheeda/admin/json/syncApp
****************** http://52.13.174.6/sheeda/admin/json/syncApp
****************** http://52.13.174.6/sheeda/admin/json/syncApp
****************** http://52.13.174.6/sheeda/admin/json/syncApp
****************** http://52.13.174.6/sheeda/admin/json/syncApp
</DebugTrace>
      </Output>
    </UnitTestResult>
    <UnitTestResult executionId="f09667c9-e106-4966-80e7-2dd4cc93d362" testId="4d0749f1-2acf-bf6d-9151-b617319ecfaf" testName="F_SyncUserDeviceMainMethodCodeGenerator" computerName="DESKTOP-5AJ0SB3" duration="00:01:11.3366697" startTime="2021-01-29T10:25:59.3585455+05:00" endTime="2021-01-29T10:27:10.7044803+05:00" testType="13cdc9d9-ddb5-4fa4-a97d-d965ccfc6d4b" outcome="Passed" testListId="8c84fa94-04c1-424b-9868-57a2d4851a1d" relativeResultsDirectory="f09667c9-e106-4966-80e7-2dd4cc93d362">
      <Output>
        <DebugTrace>****************** http://52.13.174.6/sheeda/admin/analytics/syncUserDevice
****************** SELECT apps.package, apps.appID, apps.osID, apps.companyID, apps.sdkID, sdk_info.ver, apps.appVersionCode, apps.appVersionName FROM apps INNER JOIN sdk_info ON apps.sdkID = sdk_info.sdkID WHERE apps.sdkID &gt; 20 LIMIT 50
****************** 
****************** select adID from ads where ad_type != 'analytics';
****************** 
****************** http://52.13.174.6/sheeda/admin/analytics/syncUserDevice
AM mode is working fine
child directed value is set
Sequences value is set
Is hide ads value is set
Mediation mode value is set
Ads mediation queue value is set
Message value is completed
****************** http://52.13.174.6/sheeda/admin/analytics/syncUserDevice
{"package":"com.whitesand.farm.water.supply","appVersionCode":"","appVersionName":"","nativeApp":"0","store":"41","uniqueDeviceID":"3091","appID":"","deviceID":"","region":"","adsQueueEventStats ":[{"adID":"1","sceneID":"8"," request":"309"," impression":"309"," click":"309"}],"gssdkVersion":"2.0.3","sdkVersionID":"21","sdkVersion":"21","devMode":"0"}: message value is other then completed,http://52.13.174.6/sheeda/admin/analytics/syncUserDeviceapi is failed
****************** http://52.13.174.6/sheeda/admin/analytics/syncUserDevice
AM mode is working fine
Message value is completed
****************** http://52.13.174.6/sheeda/admin/analytics/syncUserDevice
AM mode is working fine
Message value is completed
****************** http://52.13.174.6/sheeda/admin/analytics/syncUserDevice
{"package":"com.rgs.sand.excavator.truck.simulator","appVersionCode":"","appVersionName":"","nativeApp":"0","store":"41","uniqueDeviceID":"7595","appID":"","deviceID":"","region":"","adsQueueEventStats ":[{"adID":"4","sceneID":"19"," request":"759"," impression":"759"," click":"759"}],"gssdkVersion":"3.2.2","sdkVersionID":"39","sdkVersion":"39","devMode":"0"}: message value is other then completed,http://52.13.174.6/sheeda/admin/analytics/syncUserDeviceapi is failed
****************** http://52.13.174.6/sheeda/admin/analytics/syncUserDevice
AM mode is working fine
Message value is completed
****************** http://52.13.174.6/sheeda/admin/analytics/syncUserDevice
{"package":"com.amazing.gamez.airplane.car.transporter.pilot","appVersionCode":"","appVersionName":"","nativeApp":"0","store":"41","uniqueDeviceID":"9623","appID":"","deviceID":"","region":"","adsQueueEventStats ":[{"adID":"6","sceneID":"25"," request":"962"," impression":"962"," click":"962"}],"gssdkVersion":"3.2.2","sdkVersionID":"39","sdkVersion":"39","devMode":"0"}: message value is other then completed,http://52.13.174.6/sheeda/admin/analytics/syncUserDeviceapi is failed
****************** http://52.13.174.6/sheeda/admin/analytics/syncUserDevice
{"package":"com.amazing.gamez.airplane.car.transporter.pilot","appVersionCode":"","appVersionName":"","nativeApp":"0","store":"43","uniqueDeviceID":"3528","appID":"","deviceID":"","region":"","adsQueueEventStats ":[{"adID":"7","sceneID":"9"," request":"353"," impression":"353"," click":"353"}],"gssdkVersion":"3.2.2","sdkVersionID":"39","sdkVersion":"39","devMode":"0"}: message value is other then completed,http://52.13.174.6/sheeda/admin/analytics/syncUserDeviceapi is failed
****************** http://52.13.174.6/sheeda/admin/analytics/syncUserDevice
{"package":"com.amazing.gamez.snow.plow.truck.simulator","appVersionCode":"","appVersionName":"","nativeApp":"0","store":"41","uniqueDeviceID":"5796","appID":"","deviceID":"","region":"","adsQueueEventStats ":[{"adID":"8","sceneID":"15"," request":"580"," impression":"580"," click":"580"}],"gssdkVersion":"3.2.2","sdkVersionID":"39","sdkVersion":"39","devMode":"0"}: message value is other then completed,http://52.13.174.6/sheeda/admin/analytics/syncUserDeviceapi is failed
****************** http://52.13.174.6/sheeda/admin/analytics/syncUserDevice
AM mode is working fine
Message value is completed
****************** http://52.13.174.6/sheeda/admin/analytics/syncUserDevice
{"package":"com.threed.sand.excavator.simulator","appVersionCode":"","appVersionName":"","nativeApp":"0","store":"41","uniqueDeviceID":"3049","appID":"","deviceID":"","region":"","adsQueueEventStats ":[{"adID":"10","sceneID":"8"," request":"305"," impression":"305"," click":"305"}],"gssdkVersion":"5.1.3-1","sdkVersionID":"2163","sdkVersion":"2163","devMode":"0"}: message value is other then completed,http://52.13.174.6/sheeda/admin/analytics/syncUserDeviceapi is failed
****************** http://52.13.174.6/sheeda/admin/analytics/syncUserDevice
{"package":"com.threed.sand.excavator.simulator","appVersionCode":"","appVersionName":"","nativeApp":"0","store":"43","uniqueDeviceID":"5317","appID":"","deviceID":"","region":"","adsQueueEventStats ":[{"adID":"11","sceneID":"14"," request":"532"," impression":"532"," click":"532"}],"gssdkVersion":"5.1.3","sdkVersionID":"2151","sdkVersion":"2151","devMode":"0"}: message value is other then completed,http://52.13.174.6/sheeda/admin/analytics/syncUserDeviceapi is failed
****************** http://52.13.174.6/sheeda/admin/analytics/syncUserDevice
AM mode is working fine
Message value is completed
****************** http://52.13.174.6/sheeda/admin/analytics/syncUserDevice
AM mode is working fine
Message value is completed
****************** http://52.13.174.6/sheeda/admin/analytics/syncUserDevice
{"package":"1.0","appVersionCode":"","appVersionName":"","nativeApp":"0","store":"42","uniqueDeviceID":"5917","appID":"","deviceID":"","region":"","adsQueueEventStats ":[{"adID":"15","sceneID":"15"," request":"592"," impression":"592"," click":"592"}],"gssdkVersion":"3.2.2","sdkVersionID":"39","sdkVersion":"39","devMode":"0"}: message value is other then completed,http://52.13.174.6/sheeda/admin/analytics/syncUserDeviceapi is failed
****************** http://52.13.174.6/sheeda/admin/analytics/syncUserDevice
{"package":"com.amazing.gamez.airplane.car.transporter.pilot","appVersionCode":"","appVersionName":"","nativeApp":"0","store":"42","uniqueDeviceID":"8185","appID":"","deviceID":"","region":"","adsQueueEventStats ":[{"adID":"18","sceneID":"21"," request":"818"," impression":"818"," click":"818"}],"gssdkVersion":"3.2.2","sdkVersionID":"39","sdkVersion":"39","devMode":"0"}: message value is other then completed,http://52.13.174.6/sheeda/admin/analytics/syncUserDeviceapi is failed
****************** http://52.13.174.6/sheeda/admin/analytics/syncUserDevice
{"package":"com.amazing.gamez.off.road.hill.climb","appVersionCode":"","appVersionName":"","nativeApp":"0","store":"41","uniqueDeviceID":"4042","appID":"","deviceID":"","region":"","adsQueueEventStats ":[{"adID":"19","sceneID":"11"," request":"404"," impression":"404"," click":"404"}],"gssdkVersion":"3.2.2","sdkVersionID":"39","sdkVersion":"39","devMode":"0"}: message value is other then completed,http://52.13.174.6/sheeda/admin/analytics/syncUserDeviceapi is failed
****************** http://52.13.174.6/sheeda/admin/analytics/syncUserDevice
{"package":"com.amazing.gamez.off.road.hill.climb","appVersionCode":"","appVersionName":"","nativeApp":"0","store":"43","uniqueDeviceID":"9898","appID":"","deviceID":"","region":"","adsQueueEventStats ":[{"adID":"20","sceneID":"25"," request":"989"," impression":"989"," click":"989"}],"gssdkVersion":"3.2.2","sdkVersionID":"39","sdkVersion":"39","devMode":"0"}: message value is other then completed,http://52.13.174.6/sheeda/admin/analytics/syncUserDeviceapi is failed
****************** http://52.13.174.6/sheeda/admin/analytics/syncUserDevice
{"package":"com.threed.horse.simulator","appVersionCode":"","appVersionName":"","nativeApp":"0","store":"41","uniqueDeviceID":"182","appID":"","deviceID":"","region":"","adsQueueEventStats ":[{"adID":"21","sceneID":"1"," request":"19"," impression":"19"," click":"19"}],"gssdkVersion":"4.10.2","sdkVersionID":"2089","sdkVersion":"2089","devMode":"0"}: message value is other then completed,http://52.13.174.6/sheeda/admin/analytics/syncUserDeviceapi is failed
****************** http://52.13.174.6/sheeda/admin/analytics/syncUserDevice
AM mode is working fine
Message value is completed
****************** http://52.13.174.6/sheeda/admin/analytics/syncUserDevice
AM mode is working fine
Message value is completed
****************** http://52.13.174.6/sheeda/admin/analytics/syncUserDevice
AM mode is working fine
Message value is completed
****************** http://52.13.174.6/sheeda/admin/analytics/syncUserDevice
AM mode is working fine
Message value is completed
****************** http://52.13.174.6/sheeda/admin/analytics/syncUserDevice
{"package":"com.amazing.gamez.share.attack.survival.simulator","appVersionCode":"","appVersionName":"","nativeApp":"0","store":"42","uniqueDeviceID":"8874","appID":"","deviceID":"","region":"","adsQueueEventStats ":[{"adID":"26","sceneID":"23"," request":"887"," impression":"887"," click":"887"}],"gssdkVersion":"3.2.2","sdkVersionID":"39","sdkVersion":"39","devMode":"0"}: message value is other then completed,http://52.13.174.6/sheeda/admin/analytics/syncUserDeviceapi is failed
****************** http://52.13.174.6/sheeda/admin/analytics/syncUserDevice
{"package":"com.threed.wild.hungry.wolves","appVersionCode":"","appVersionName":"","nativeApp":"0","store":"41","uniqueDeviceID":"8318","appID":"","deviceID":"","region":"","adsQueueEventStats ":[{"adID":"27","sceneID":"21"," request":"832"," impression":"832"," click":"832"}],"gssdkVersion":"5.1.3-1","sdkVersionID":"2163","sdkVersion":"2163","devMode":"0"}: message value is other then completed,http://52.13.174.6/sheeda/admin/analytics/syncUserDeviceapi is failed
****************** http://52.13.174.6/sheeda/admin/analytics/syncUserDevice
{"package":"com.amazing.gamez.counter.terrorist.force","appVersionCode":"","appVersionName":"","nativeApp":"0","store":"41","uniqueDeviceID":"4175","appID":"","deviceID":"","region":"","adsQueueEventStats ":[{"adID":"28","sceneID":"11"," request":"418"," impression":"418"," click":"418"}],"gssdkVersion":"3.2.2","sdkVersionID":"39","sdkVersion":"39","devMode":"0"}: message value is other then completed,http://52.13.174.6/sheeda/admin/analytics/syncUserDeviceapi is failed
****************** http://52.13.174.6/sheeda/admin/analytics/syncUserDevice
AM mode is working fine
Message value is completed
****************** http://52.13.174.6/sheeda/admin/analytics/syncUserDevice
AM mode is working fine
Message value is completed
****************** http://52.13.174.6/sheeda/admin/analytics/syncUserDevice
AM mode is working fine
Message value is completed
****************** http://52.13.174.6/sheeda/admin/analytics/syncUserDevice
AM mode is working fine
Message value is completed
****************** http://52.13.174.6/sheeda/admin/analytics/syncUserDevice
AM mode is working fine
Message value is completed
****************** http://52.13.174.6/sheeda/admin/analytics/syncUserDevice
AM mode is working fine
Message value is completed
****************** http://52.13.174.6/sheeda/admin/analytics/syncUserDevice
AM mode is working fine
child directed value is set
Sequences value is set
Is hide ads value is set
Mediation mode value is set
Ads mediation queue value is set
Message value is completed
****************** http://52.13.174.6/sheeda/admin/analytics/syncUserDevice
AM mode is working fine
Message value is completed
****************** http://52.13.174.6/sheeda/admin/analytics/syncUserDevice
AM mode is working fine
Message value is completed
****************** http://52.13.174.6/sheeda/admin/analytics/syncUserDevice
AM mode is working fine
Message value is completed
****************** http://52.13.174.6/sheeda/admin/analytics/syncUserDevice
AM mode is working fine
Message value is completed
****************** http://52.13.174.6/sheeda/admin/analytics/syncUserDevice
AM mode is working fine
Message value is completed
****************** http://52.13.174.6/sheeda/admin/analytics/syncUserDevice
AM mode is working fine
Message value is completed
****************** http://52.13.174.6/sheeda/admin/analytics/syncUserDevice
AM mode is working fine
Message value is completed
****************** http://52.13.174.6/sheeda/admin/analytics/syncUserDevice
AM mode is working fine
Message value is completed
****************** http://52.13.174.6/sheeda/admin/analytics/syncUserDevice
AM mode is working fine
Message value is completed
****************** http://52.13.174.6/sheeda/admin/analytics/syncUserDevice
AM mode is working fine
Message value is completed
****************** http://52.13.174.6/sheeda/admin/analytics/syncUserDevice
AM mode is working fine
Message value is completed
****************** http://52.13.174.6/sheeda/admin/analytics/syncUserDevice
AM mode is working fine
Message value is completed
****************** http://52.13.174.6/sheeda/admin/analytics/syncUserDevice
AM mode is working fine
Message value is completed
****************** http://52.13.174.6/sheeda/admin/analytics/syncUserDevice
AM mode is working fine
Message value is completed
****************** http://52.13.174.6/sheeda/admin/analytics/syncUserDevice
AM mode is working fine
Message value is completed
****************** http://52.13.174.6/sheeda/admin/analytics/syncUserDevice
AM mode is working fine
Message value is completed
****************** http://52.13.174.6/sheeda/admin/analytics/syncUserDevice
AM mode is working fine
Message value is completed
</DebugTrace>
      </Output>
    </UnitTestResult>
  </Results>
</TestRun>