<?xml version="1.0" encoding="UTF-8"?>
<TestRun id="c5f161bb-7a1c-4738-b40e-9eea01e139ca" name="SYSTEM@DESKTOP-5AJ0SB3 2020-12-22 12:03:14" runUser="NT AUTHORITY\SYSTEM" xmlns="http://microsoft.com/schemas/VisualStudio/TeamTest/2010">
  <TestSettings name="Default Test Settings" id="9153e8f5-ca07-4bf8-bc2b-d0e82bad1231">
    <Deployment userDeploymentRoot="E:\Automation\Automation_API_Windows\Monetization_Automation\Monetization_Automation\Monetization_Automation\AutomationAPIExecutionResultsFiles" useDefaultDeploymentRoot="false" runDeploymentRoot="SYSTEM_DESKTOP-5AJ0SB3 2020-12-22 12_03_14" />
    <Execution>
      <TestTypeSpecific />
      <AgentRule name="Execution Agents">
      </AgentRule>
    </Execution>
    <Properties />
  </TestSettings>
  <Times creation="2020-12-22T12:03:14.5026265+05:00" queuing="2020-12-22T12:03:47.5117956+05:00" start="2020-12-22T12:03:47.6457201+05:00" finish="2020-12-22T12:17:27.0527999+05:00" />
  <ResultSummary outcome="Warning">
    <Counters total="7" executed="7" passed="7" error="0" failed="0" timeout="0" aborted="0" inconclusive="0" passedButRunAborted="0" notRunnable="0" notExecuted="0" disconnected="0" warning="0" completed="0" inProgress="0" pending="0" />
    <RunInfos>
      <RunInfo computerName="DESKTOP-5AJ0SB3" outcome="Warning" timestamp="2020-12-22T12:03:47.4828152+05:00">
        <Text>Warning: conflict during test run deployment: deployment item 'E:\Automation\Automation_API_Windows\Monetization_Automation\Monetization_Automation\Monetization_Automation\Monetization_Automation.Utils\Monetization_Automation.Utils\bin\Debug\Monetization_Automation.Utils.dll' specified by the test 'Monetization_Automation.Test.F_SyncAppUnityAPIInputGenerator.G_SyncAppunityMainMethodCodeGenerator' cannot be deployed to 'Google.Protobuf.dll' because otherwise the file 'E:\Automation\Automation_API_Windows\Monetization_Automation\Monetization_Automation\Monetization_Automation\Monetization_Automation.Utils\Monetization_Automation.Utils\bin\Debug\Google.Protobuf.dll' would overwrite deployment item 'e:\automation\automation_api_windows\monetization_automation\monetization_automation\monetization_automation\testingapi\bin\debug\Google.Protobuf.dll' directly or indirectly referenced by the test container 'e:\automation\automation_api_windows\monetization_automation\monetization_automation\monetization_automation\testingapi\bin\debug\monetization_automation.test.dll'.</Text>
      </RunInfo>
      <RunInfo computerName="DESKTOP-5AJ0SB3" outcome="Warning" timestamp="2020-12-22T12:03:47.4828152+05:00">
        <Text>Warning: conflict during test run deployment: deployment item 'E:\Automation\Automation_API_Windows\Monetization_Automation\Monetization_Automation\Monetization_Automation\Monetization_Automation.Utils\Monetization_Automation.Utils\bin\Debug\Monetization_Automation.Utils.dll' specified by the test 'Monetization_Automation.Test.F_SyncAppUnityAPIInputGenerator.G_SyncAppunityMainMethodCodeGenerator' cannot be deployed to 'K4os.Compression.LZ4.Streams.dll' because otherwise the file 'E:\Automation\Automation_API_Windows\Monetization_Automation\Monetization_Automation\Monetization_Automation\Monetization_Automation.Utils\Monetization_Automation.Utils\bin\Debug\K4os.Compression.LZ4.Streams.dll' would overwrite deployment item 'e:\automation\automation_api_windows\monetization_automation\monetization_automation\monetization_automation\testingapi\bin\debug\K4os.Compression.LZ4.Streams.dll' directly or indirectly referenced by the test container 'e:\automation\automation_api_windows\monetization_automation\monetization_automation\monetization_automation\testingapi\bin\debug\monetization_automation.test.dll'.</Text>
      </RunInfo>
      <RunInfo computerName="DESKTOP-5AJ0SB3" outcome="Warning" timestamp="2020-12-22T12:03:47.4828152+05:00">
        <Text>Warning: conflict during test run deployment: deployment item 'E:\Automation\Automation_API_Windows\Monetization_Automation\Monetization_Automation\Monetization_Automation\Monetization_Automation.Utils\Monetization_Automation.Utils\bin\Debug\Monetization_Automation.Utils.dll' specified by the test 'Monetization_Automation.Test.F_SyncAppUnityAPIInputGenerator.G_SyncAppunityMainMethodCodeGenerator' cannot be deployed to 'K4os.Compression.LZ4.dll' because otherwise the file 'E:\Automation\Automation_API_Windows\Monetization_Automation\Monetization_Automation\Monetization_Automation\Monetization_Automation.Utils\Monetization_Automation.Utils\bin\Debug\K4os.Compression.LZ4.dll' would overwrite deployment item 'e:\automation\automation_api_windows\monetization_automation\monetization_automation\monetization_automation\testingapi\bin\debug\K4os.Compression.LZ4.dll' directly or indirectly referenced by the test container 'e:\automation\automation_api_windows\monetization_automation\monetization_automation\monetization_automation\testingapi\bin\debug\monetization_automation.test.dll'.</Text>
      </RunInfo>
      <RunInfo computerName="DESKTOP-5AJ0SB3" outcome="Warning" timestamp="2020-12-22T12:03:47.4828152+05:00">
        <Text>Warning: conflict during test run deployment: deployment item 'E:\Automation\Automation_API_Windows\Monetization_Automation\Monetization_Automation\Monetization_Automation\Monetization_Automation.Utils\Monetization_Automation.Utils\bin\Debug\Monetization_Automation.Utils.dll' specified by the test 'Monetization_Automation.Test.F_SyncAppUnityAPIInputGenerator.G_SyncAppunityMainMethodCodeGenerator' cannot be deployed to 'System.Memory.dll' because otherwise the file 'E:\Automation\Automation_API_Windows\Monetization_Automation\Monetization_Automation\Monetization_Automation\Monetization_Automation.Utils\Monetization_Automation.Utils\bin\Debug\System.Memory.dll' would overwrite deployment item 'e:\automation\automation_api_windows\monetization_automation\monetization_automation\monetization_automation\testingapi\bin\debug\System.Memory.dll' directly or indirectly referenced by the test container 'e:\automation\automation_api_windows\monetization_automation\monetization_automation\monetization_automation\testingapi\bin\debug\monetization_automation.test.dll'.</Text>
      </RunInfo>
      <RunInfo computerName="DESKTOP-5AJ0SB3" outcome="Warning" timestamp="2020-12-22T12:03:47.4838115+05:00">
        <Text>Warning: conflict during test run deployment: deployment item 'E:\Automation\Automation_API_Windows\Monetization_Automation\Monetization_Automation\Monetization_Automation\Monetization_Automation.Utils\Monetization_Automation.Utils\bin\Debug\Monetization_Automation.Utils.dll' specified by the test 'Monetization_Automation.Test.F_SyncAppUnityAPIInputGenerator.G_SyncAppunityMainMethodCodeGenerator' cannot be deployed to 'System.Numerics.Vectors.dll' because otherwise the file 'E:\Automation\Automation_API_Windows\Monetization_Automation\Monetization_Automation\Monetization_Automation\Monetization_Automation.Utils\Monetization_Automation.Utils\bin\Debug\System.Numerics.Vectors.dll' would overwrite deployment item 'e:\automation\automation_api_windows\monetization_automation\monetization_automation\monetization_automation\testingapi\bin\debug\System.Numerics.Vectors.dll' directly or indirectly referenced by the test container 'e:\automation\automation_api_windows\monetization_automation\monetization_automation\monetization_automation\testingapi\bin\debug\monetization_automation.test.dll'.</Text>
      </RunInfo>
      <RunInfo computerName="DESKTOP-5AJ0SB3" outcome="Warning" timestamp="2020-12-22T12:03:47.4838115+05:00">
        <Text>Warning: conflict during test run deployment: deployment item 'E:\Automation\Automation_API_Windows\Monetization_Automation\Monetization_Automation\Monetization_Automation\Monetization_Automation.Utils\Monetization_Automation.Utils\bin\Debug\Monetization_Automation.Utils.dll' specified by the test 'Monetization_Automation.Test.F_SyncAppUnityAPIInputGenerator.G_SyncAppunityMainMethodCodeGenerator' cannot be deployed to 'BouncyCastle.Crypto.dll' because otherwise the file 'E:\Automation\Automation_API_Windows\Monetization_Automation\Monetization_Automation\Monetization_Automation\Monetization_Automation.Utils\Monetization_Automation.Utils\bin\Debug\BouncyCastle.Crypto.dll' would overwrite deployment item 'e:\automation\automation_api_windows\monetization_automation\monetization_automation\monetization_automation\testingapi\bin\debug\BouncyCastle.Crypto.dll' directly or indirectly referenced by the test container 'e:\automation\automation_api_windows\monetization_automation\monetization_automation\monetization_automation\testingapi\bin\debug\monetization_automation.test.dll'.</Text>
      </RunInfo>
      <RunInfo computerName="DESKTOP-5AJ0SB3" outcome="Warning" timestamp="2020-12-22T12:03:47.4838115+05:00">
        <Text>Warning: Test Run deployment issue: The assembly or module 'office' directly or indirectly referenced by the test container 'e:\automation\automation_api_windows\monetization_automation\monetization_automation\monetization_automation\testingapi\bin\debug\monetization_automation.test.dll' was not found.</Text>
      </RunInfo>
      <RunInfo computerName="DESKTOP-5AJ0SB3" outcome="Warning" timestamp="2020-12-22T12:03:47.4838115+05:00">
        <Text>Warning: Test Run deployment issue: The assembly or module 'Microsoft.Vbe.Interop' directly or indirectly referenced by the test container 'e:\automation\automation_api_windows\monetization_automation\monetization_automation\monetization_automation\testingapi\bin\debug\monetization_automation.test.dll' was not found.</Text>
      </RunInfo>
      <RunInfo computerName="DESKTOP-5AJ0SB3" outcome="Warning" timestamp="2020-12-22T12:03:47.4838115+05:00">
        <Text>Warning: Test Run deployment issue: The assembly or module 'System.Memory' directly or indirectly referenced by deployment item 'E:\Automation\Automation_API_Windows\Monetization_Automation\Monetization_Automation\Monetization_Automation\Monetization_Automation.Utils\Monetization_Automation.Utils\bin\Debug\Monetization_Automation.Utils.dll' specified by the test 'Monetization_Automation.Test.F_SyncAppUnityAPIInputGenerator.G_SyncAppunityMainMethodCodeGenerator' was not found.</Text>
      </RunInfo>
      <RunInfo computerName="DESKTOP-5AJ0SB3" outcome="Warning" timestamp="2020-12-22T12:03:47.4838115+05:00">
        <Text>Warning: Test Run deployment issue: The assembly or module 'System.Runtime.CompilerServices.Unsafe' directly or indirectly referenced by deployment item 'E:\Automation\Automation_API_Windows\Monetization_Automation\Monetization_Automation\Monetization_Automation\Monetization_Automation.Utils\Monetization_Automation.Utils\bin\Debug\Monetization_Automation.Utils.dll' specified by the test 'Monetization_Automation.Test.F_SyncAppUnityAPIInputGenerator.G_SyncAppunityMainMethodCodeGenerator' was not found.</Text>
      </RunInfo>
      <RunInfo computerName="DESKTOP-5AJ0SB3" outcome="Warning" timestamp="2020-12-22T12:03:47.4838115+05:00">
        <Text>Warning: Test Run deployment issue: The assembly or module 'System.Buffers' directly or indirectly referenced by deployment item 'E:\Automation\Automation_API_Windows\Monetization_Automation\Monetization_Automation\Monetization_Automation\Monetization_Automation.Utils\Monetization_Automation.Utils\bin\Debug\Monetization_Automation.Utils.dll' specified by the test 'Monetization_Automation.Test.F_SyncAppUnityAPIInputGenerator.G_SyncAppunityMainMethodCodeGenerator' was not found.</Text>
      </RunInfo>
    </RunInfos>
  </ResultSummary>
  <TestDefinitions>
    <UnitTest name="G_SyncAppunityMainMethodCodeGenerator" storage="e:\automation\automation_api_windows\monetization_automation\monetization_automation\monetization_automation\testingapi\bin\debug\monetization_automation.test.dll" id="f70c910a-cc07-24cb-0d1c-bc2c00fc396f">
      <DeploymentItems>
        <DeploymentItem filename="E:\Automation\Automation_API_Windows\Monetization_Automation\Monetization_Automation\Monetization_Automation\Monetization_Automation.Utils\Monetization_Automation.Utils\bin\Debug\Monetization_Automation.Utils.dll" />
      </DeploymentItems>
      <Execution id="d8c491fc-9c93-49ac-8393-027f7efe84be" />
      <TestMethod codeBase="E:/Automation/Automation_API_Windows/Monetization_Automation/Monetization_Automation/Monetization_Automation/TestingAPI/bin/Debug/Monetization_Automation.Test.DLL" adapterTypeName="Microsoft.VisualStudio.TestTools.TestTypes.Unit.UnitTestAdapter, Microsoft.VisualStudio.QualityTools.Tips.UnitTest.Adapter, Version=16.0.0.0, Culture=neutral, PublicKeyToken=b03f5f7f11d50a3a" className="Monetization_Automation.Test.F_SyncAppUnityAPIInputGenerator, Monetization_Automation.Test, Version=1.0.0.0, Culture=neutral, PublicKeyToken=null" name="G_SyncAppunityMainMethodCodeGenerator" />
    </UnitTest>
    <UnitTest name="B_CampaignLogSummaryMainMethodCodeGenerator" storage="e:\automation\automation_api_windows\monetization_automation\monetization_automation\monetization_automation\testingapi\bin\debug\monetization_automation.test.dll" id="04151d7f-9c61-1489-4cc0-5cc1dc07baee">
      <DeploymentItems>
        <DeploymentItem filename="E:\Automation\Automation_API_Windows\Monetization_Automation\Monetization_Automation\Monetization_Automation\Monetization_Automation.Utils\Monetization_Automation.Utils\bin\Debug\Monetization_Automation.Utils.dll" />
      </DeploymentItems>
      <Execution id="fdb1ff79-c4bb-4c96-a553-3ddc4940f43e" />
      <TestMethod codeBase="E:/Automation/Automation_API_Windows/Monetization_Automation/Monetization_Automation/Monetization_Automation/TestingAPI/bin/Debug/Monetization_Automation.Test.DLL" adapterTypeName="Microsoft.VisualStudio.TestTools.TestTypes.Unit.UnitTestAdapter, Microsoft.VisualStudio.QualityTools.Tips.UnitTest.Adapter, Version=16.0.0.0, Culture=neutral, PublicKeyToken=b03f5f7f11d50a3a" className="Monetization_Automation.Test.B_CampaignLogSummaryAPIInputGenerator, Monetization_Automation.Test, Version=1.0.0.0, Culture=neutral, PublicKeyToken=null" name="B_CampaignLogSummaryMainMethodCodeGenerator" />
    </UnitTest>
    <UnitTest name="E_StartNewAdSessionMainInputGenerator" storage="e:\automation\automation_api_windows\monetization_automation\monetization_automation\monetization_automation\testingapi\bin\debug\monetization_automation.test.dll" id="bfc1b289-dbbb-3bad-fc5e-78e601449e19">
      <DeploymentItems>
        <DeploymentItem filename="E:\Automation\Automation_API_Windows\Monetization_Automation\Monetization_Automation\Monetization_Automation\Monetization_Automation.Utils\Monetization_Automation.Utils\bin\Debug\Monetization_Automation.Utils.dll" />
      </DeploymentItems>
      <Execution id="83cb8dcb-627c-4e0b-a204-fb1f9c7550cb" />
      <TestMethod codeBase="E:/Automation/Automation_API_Windows/Monetization_Automation/Monetization_Automation/Monetization_Automation/TestingAPI/bin/Debug/Monetization_Automation.Test.DLL" adapterTypeName="Microsoft.VisualStudio.TestTools.TestTypes.Unit.UnitTestAdapter, Microsoft.VisualStudio.QualityTools.Tips.UnitTest.Adapter, Version=16.0.0.0, Culture=neutral, PublicKeyToken=b03f5f7f11d50a3a" className="Monetization_Automation.Test.E_StartNewAdSessionInputGenerator, Monetization_Automation.Test, Version=1.0.0.0, Culture=neutral, PublicKeyToken=null" name="E_StartNewAdSessionMainInputGenerator" />
    </UnitTest>
    <UnitTest name="A_SyncAppNativeMainMethodInputGenerator" storage="e:\automation\automation_api_windows\monetization_automation\monetization_automation\monetization_automation\testingapi\bin\debug\monetization_automation.test.dll" id="b1df3d41-c071-e99d-12ca-f9fb92f1350c">
      <DeploymentItems>
        <DeploymentItem filename="E:\Automation\Automation_API_Windows\Monetization_Automation\Monetization_Automation\Monetization_Automation\Monetization_Automation.Utils\Monetization_Automation.Utils\bin\Debug\Monetization_Automation.Utils.dll" />
      </DeploymentItems>
      <Execution id="6d8ca3a1-e214-46e7-bd0d-6340784f424c" />
      <TestMethod codeBase="E:/Automation/Automation_API_Windows/Monetization_Automation/Monetization_Automation/Monetization_Automation/TestingAPI/bin/Debug/Monetization_Automation.Test.DLL" adapterTypeName="Microsoft.VisualStudio.TestTools.TestTypes.Unit.UnitTestAdapter, Microsoft.VisualStudio.QualityTools.Tips.UnitTest.Adapter, Version=16.0.0.0, Culture=neutral, PublicKeyToken=b03f5f7f11d50a3a" className="Monetization_Automation.Test.A_SyncAppNativeAPIInputGenerator, Monetization_Automation.Test, Version=1.0.0.0, Culture=neutral, PublicKeyToken=null" name="A_SyncAppNativeMainMethodInputGenerator" />
    </UnitTest>
    <UnitTest name="D_SaveNetworkrStatsMainMethodCodeGenerator" storage="e:\automation\automation_api_windows\monetization_automation\monetization_automation\monetization_automation\testingapi\bin\debug\monetization_automation.test.dll" id="20f0da05-06f5-50cc-bee5-9ac7cf561794">
      <DeploymentItems>
        <DeploymentItem filename="E:\Automation\Automation_API_Windows\Monetization_Automation\Monetization_Automation\Monetization_Automation\Monetization_Automation.Utils\Monetization_Automation.Utils\bin\Debug\Monetization_Automation.Utils.dll" />
      </DeploymentItems>
      <Execution id="5bd8ea3a-00eb-47b1-b31d-9d55fe4edbd4" />
      <TestMethod codeBase="E:/Automation/Automation_API_Windows/Monetization_Automation/Monetization_Automation/Monetization_Automation/TestingAPI/bin/Debug/Monetization_Automation.Test.DLL" adapterTypeName="Microsoft.VisualStudio.TestTools.TestTypes.Unit.UnitTestAdapter, Microsoft.VisualStudio.QualityTools.Tips.UnitTest.Adapter, Version=16.0.0.0, Culture=neutral, PublicKeyToken=b03f5f7f11d50a3a" className="Monetization_Automation.Test.D_SaveNetworkrStatsAPIInputGenerator, Monetization_Automation.Test, Version=1.0.0.0, Culture=neutral, PublicKeyToken=null" name="D_SaveNetworkrStatsMainMethodCodeGenerator" />
    </UnitTest>
    <UnitTest name="C_RecordClicksFromDeviceMainMethodCodeGenerator" storage="e:\automation\automation_api_windows\monetization_automation\monetization_automation\monetization_automation\testingapi\bin\debug\monetization_automation.test.dll" id="d249d328-6d44-2c2d-6ed9-e0b5d6f69772">
      <DeploymentItems>
        <DeploymentItem filename="E:\Automation\Automation_API_Windows\Monetization_Automation\Monetization_Automation\Monetization_Automation\Monetization_Automation.Utils\Monetization_Automation.Utils\bin\Debug\Monetization_Automation.Utils.dll" />
      </DeploymentItems>
      <Execution id="7b001799-6b7b-4477-92ba-84adeb14d290" />
      <TestMethod codeBase="E:/Automation/Automation_API_Windows/Monetization_Automation/Monetization_Automation/Monetization_Automation/TestingAPI/bin/Debug/Monetization_Automation.Test.DLL" adapterTypeName="Microsoft.VisualStudio.TestTools.TestTypes.Unit.UnitTestAdapter, Microsoft.VisualStudio.QualityTools.Tips.UnitTest.Adapter, Version=16.0.0.0, Culture=neutral, PublicKeyToken=b03f5f7f11d50a3a" className="Monetization_Automation.Test.C_RecordClicksFromDeviceInputGenerator, Monetization_Automation.Test, Version=1.0.0.0, Culture=neutral, PublicKeyToken=null" name="C_RecordClicksFromDeviceMainMethodCodeGenerator" />
    </UnitTest>
    <UnitTest name="F_SyncUserDeviceMainMethodCodeGenerator" storage="e:\automation\automation_api_windows\monetization_automation\monetization_automation\monetization_automation\testingapi\bin\debug\monetization_automation.test.dll" id="4d0749f1-2acf-bf6d-9151-b617319ecfaf">
      <DeploymentItems>
        <DeploymentItem filename="E:\Automation\Automation_API_Windows\Monetization_Automation\Monetization_Automation\Monetization_Automation\Monetization_Automation.Utils\Monetization_Automation.Utils\bin\Debug\Monetization_Automation.Utils.dll" />
      </DeploymentItems>
      <Execution id="e4929e6b-175f-44fa-bc2a-cf086d98ae4e" />
      <TestMethod codeBase="E:/Automation/Automation_API_Windows/Monetization_Automation/Monetization_Automation/Monetization_Automation/TestingAPI/bin/Debug/Monetization_Automation.Test.DLL" adapterTypeName="Microsoft.VisualStudio.TestTools.TestTypes.Unit.UnitTestAdapter, Microsoft.VisualStudio.QualityTools.Tips.UnitTest.Adapter, Version=16.0.0.0, Culture=neutral, PublicKeyToken=b03f5f7f11d50a3a" className="Monetization_Automation.Test.G_SyncUserDeviceAPIInputGenerator, Monetization_Automation.Test, Version=1.0.0.0, Culture=neutral, PublicKeyToken=null" name="F_SyncUserDeviceMainMethodCodeGenerator" />
    </UnitTest>
  </TestDefinitions>
  <TestLists>
    <TestList name="Results Not in a List" id="8c84fa94-04c1-424b-9868-57a2d4851a1d" />
    <TestList name="All Loaded Results" id="19431567-8539-422a-85d7-44ee4e166bda" />
  </TestLists>
  <TestEntries>
    <TestEntry testId="b1df3d41-c071-e99d-12ca-f9fb92f1350c" executionId="6d8ca3a1-e214-46e7-bd0d-6340784f424c" testListId="8c84fa94-04c1-424b-9868-57a2d4851a1d" />
    <TestEntry testId="04151d7f-9c61-1489-4cc0-5cc1dc07baee" executionId="fdb1ff79-c4bb-4c96-a553-3ddc4940f43e" testListId="8c84fa94-04c1-424b-9868-57a2d4851a1d" />
    <TestEntry testId="d249d328-6d44-2c2d-6ed9-e0b5d6f69772" executionId="7b001799-6b7b-4477-92ba-84adeb14d290" testListId="8c84fa94-04c1-424b-9868-57a2d4851a1d" />
    <TestEntry testId="20f0da05-06f5-50cc-bee5-9ac7cf561794" executionId="5bd8ea3a-00eb-47b1-b31d-9d55fe4edbd4" testListId="8c84fa94-04c1-424b-9868-57a2d4851a1d" />
    <TestEntry testId="bfc1b289-dbbb-3bad-fc5e-78e601449e19" executionId="83cb8dcb-627c-4e0b-a204-fb1f9c7550cb" testListId="8c84fa94-04c1-424b-9868-57a2d4851a1d" />
    <TestEntry testId="f70c910a-cc07-24cb-0d1c-bc2c00fc396f" executionId="d8c491fc-9c93-49ac-8393-027f7efe84be" testListId="8c84fa94-04c1-424b-9868-57a2d4851a1d" />
    <TestEntry testId="4d0749f1-2acf-bf6d-9151-b617319ecfaf" executionId="e4929e6b-175f-44fa-bc2a-cf086d98ae4e" testListId="8c84fa94-04c1-424b-9868-57a2d4851a1d" />
  </TestEntries>
  <Results>
    <UnitTestResult executionId="6d8ca3a1-e214-46e7-bd0d-6340784f424c" testId="b1df3d41-c071-e99d-12ca-f9fb92f1350c" testName="A_SyncAppNativeMainMethodInputGenerator" computerName="DESKTOP-5AJ0SB3" duration="00:02:44.9557531" startTime="2020-12-22T12:03:47.8336128+05:00" endTime="2020-12-22T12:06:35.0418189+05:00" testType="13cdc9d9-ddb5-4fa4-a97d-d965ccfc6d4b" outcome="Passed" testListId="8c84fa94-04c1-424b-9868-57a2d4851a1d" relativeResultsDirectory="6d8ca3a1-e214-46e7-bd0d-6340784f424c">
      <Output>
        <DebugTrace>****************** http://52.13.174.6/sheeda/admin/json/syncApp
****************** 
SELECT apps.package, apps.osID, apps.companyID, users.userSignature, apps.appVersionCode, apps.appVersionName
FROM apps JOIN users ON apps.companyID = users.companyID
WHERE apps.sdkID &gt; 20 AND apps.app_type = 'app' AND users.isAdmin = 1 AND users. STATUS = 1 ORDER BY companyID ASC
LIMIT 50
****************** 
****************** SELECT sdkID, ver FROM `sdk_info` WHERE `description` LIKE '%Native mediation%' AND sdkID &gt; 2173 LIMIT 50
****************** 
****************** select adID from ads where ad_type != 'analytics' and ad_type ='interstitial'
****************** select adID from ads where ad_type != 'analytics' and ad_type ='banner'
****************** select adID from ads where ad_type != 'analytics' and ad_type ='native'
****************** select adID from ads where ad_type != 'analytics' and ad_type ='rewarded_video'
Ads mediation queue value is set
Mediation mode value is set
child directed value is set
Sequences value is set
Is hide ads value is set
Ads mediation queue value is set
Mediation mode value is set
child directed value is set
Sequences value is set
Is hide ads value is set
Ads mediation queue value is set
Mediation mode value is set
child directed value is set
Sequences value is set
Is hide ads value is set
Ads mediation queue value is set
Mediation mode value is set
child directed value is set
Sequences value is set
Is hide ads value is set
Ads mediation queue value is set
Mediation mode value is set
child directed value is set
Sequences value is set
Is hide ads value is set
Ads mediation queue value is set
Mediation mode value is set
child directed value is set
Sequences value is set
Is hide ads value is set
Ads mediation queue value is set
Mediation mode value is set
child directed value is set
Sequences value is set
Is hide ads value is set
Ads mediation queue value is set
Mediation mode value is set
child directed value is set
Sequences value is set
Is hide ads value is set
Ads mediation queue value is set
Mediation mode value is set
child directed value is set
Sequences value is set
Is hide ads value is set
Ads mediation queue value is set
Mediation mode value is set
child directed value is set
Sequences value is set
Is hide ads value is set
Ads mediation queue value is set
Mediation mode value is set
child directed value is set
Sequences value is set
Is hide ads value is set
Ads mediation queue value is set
Mediation mode value is set
child directed value is set
Sequences value is set
Is hide ads value is set
Ads mediation queue value is set
Mediation mode value is set
child directed value is set
Sequences value is set
Is hide ads value is set
Ads mediation queue value is set
Mediation mode value is set
child directed value is set
Sequences value is set
Is hide ads value is set
Ads mediation queue value is set
Mediation mode value is set
child directed value is set
Sequences value is set
Is hide ads value is set
Ads mediation queue value is set
Mediation mode value is set
child directed value is set
Sequences value is set
Is hide ads value is set
Ads mediation queue value is set
Mediation mode value is set
child directed value is set
Sequences value is set
Is hide ads value is set
Ads mediation queue value is set
Mediation mode value is set
child directed value is set
Sequences value is set
Is hide ads value is set
Ads mediation queue value is set
Mediation mode value is set
child directed value is set
Sequences value is set
Is hide ads value is set
Ads mediation queue value is set
Mediation mode value is set
child directed value is set
Sequences value is set
Is hide ads value is set
Ads mediation queue value is set
Mediation mode value is set
child directed value is set
Sequences value is set
Is hide ads value is set
Ads mediation queue value is set
Mediation mode value is set
child directed value is set
Sequences value is set
Is hide ads value is set
</DebugTrace>
      </Output>
    </UnitTestResult>
    <UnitTestResult executionId="fdb1ff79-c4bb-4c96-a553-3ddc4940f43e" testId="04151d7f-9c61-1489-4cc0-5cc1dc07baee" testName="B_CampaignLogSummaryMainMethodCodeGenerator" computerName="DESKTOP-5AJ0SB3" duration="00:02:27.2514756" startTime="2020-12-22T12:06:35.0448172+05:00" endTime="2020-12-22T12:09:02.3017815+05:00" testType="13cdc9d9-ddb5-4fa4-a97d-d965ccfc6d4b" outcome="Passed" testListId="8c84fa94-04c1-424b-9868-57a2d4851a1d" relativeResultsDirectory="fdb1ff79-c4bb-4c96-a553-3ddc4940f43e">
      <Output>
        <DebugTrace>****************** SELECT apps.appKey, campaigns.campaignID, apps.package, apps.sdkID, apps.companyID, apps.osID FROM apps INNER JOIN campaigns ON apps.appID = campaigns.appID WHERE apps.sdkID &gt; 20 AND apps.appKey != '' AND campaigns.campaignID NOT IN (0 ,- 1 ,- 2 ,- 3 ,- 4 ,- 5) LIMIT 50

****************** 

{"appKey":"87749f0a5e72d3c88e3f0a2ceae0e8ad","deviceID":"1607","stats":[{"campaignID":47,"packageID":"com.mizo.city.ambulance","sceneStats":[{"sceneID":"5","eventStats":"316,216,116,16,16,0,0"}]}],"sdkVersion":"2056","sessionToken":"vhRDZd5MK+4lIH8X/mNh9q3AWhAF6oQpsHzkSChxcELpqKx6kQxk3RdbBSxO0WdoUKHfmD2btxDbDaOk1jW1lp611h8JJ+FxRc8NQutzk0X7xTjJHvfIKjdMGZMp8Lax"}
cache_ttl value is correct

Refresh Ad Rate value is correct
mode value is set

 Aspect ratio value is correct
sentry_log value is set
local_logging value is set
sentry_initialization value is set
sentry_debugging value is set
showPreRewardedDialogue value is set
showPostRewardedDialogue value is set
isSkipable value is set
{"cache_ttl":10080,"cache_ttl_rewarded":10080,"cache_ttl_banner":10080,"cache_ttl_native":10080,"cache_ttl_icon":10080,"refreshAdRate":30,"mode":"Production","aspectRatio":"4_3","cdnPath":"https:\/\/df8ymybeo92md.cloudfront.net\/images\/","sentry_log":0,"local_logging":0,"sentry_dsn":"https:\/\/93ffa1c9a4124f67b8888a53265f751a:bbf998e04584477fa9a145838e9d3b26@sentry.io\/168994","sentry_initialization":1,"sentry_debugging":0,"bannerSizes":[],"aspectRatioVideo":"16_9","app_id":"1035","showPreRewardedDialogue":0,"showPostRewardedDialogue":0,"rewardCurrency":"coins","rewardValue":0,"isSkipable":0,"privacyPolicyURL":"https:\/\/www.consoliads.com\/privacy-policy\/","sessionToken":"TOkue9Hrs7dSWdskHyQw98U9KQDtucbKe4sp+T4uDbImUj30wokR3wYgypbD9GDKTCNDKWcj6CByhzFaHl8ULihHQlX7C46BaimgPXBd0vhQU5C0wlr5lQ9SpFio4zSZ9aNyS39f4n1WJN1IHMmqP+liZxBPvEXgbF4\/+CQvEKY="}
Session token value is set


{"appKey":"03a90424d48d01cab7124698a3b141c5","deviceID":"8498","stats":[{"campaignID":48,"packageID":"com.mizo.construction.crane.hill.climb","sceneStats":[{"sceneID":"22","eventStats":"385,285,185,85,85,0,0"}]}],"sdkVersion":"39","sessionToken":"TOkue9Hrs7dSWdskHyQw98U9KQDtucbKe4sp+T4uDbImUj30wokR3wYgypbD9GDKTCNDKWcj6CByhzFaHl8ULihHQlX7C46BaimgPXBd0vhQU5C0wlr5lQ9SpFio4zSZ9aNyS39f4n1WJN1IHMmqP+liZxBPvEXgbF4\/+CQvEKY="}
cache_ttl value is correct

Refresh Ad Rate value is correct
mode value is set

 Aspect ratio value is correct
sentry_log value is set
local_logging value is set
sentry_initialization value is set
sentry_debugging value is set
showPreRewardedDialogue value is set
showPostRewardedDialogue value is set
isSkipable value is set
{"cache_ttl":10080,"cache_ttl_rewarded":10080,"cache_ttl_banner":10080,"cache_ttl_native":10080,"cache_ttl_icon":10080,"campaigns":[{"campaignID":"9277","attribution_link":"","attribution":1,"priority":"5","appToPromote":{"appToPromoteID":"17609","usesDefaultFrameImage":"0","usesDefaultCloseImage":"0","marketURL":"https:\/\/smartbear.com\/learn\/automated-testing\/test-automation-frameworks\/","packageID":"com.buntoo.buntooAd"},"showTemplate":1,"s2s_tracking_url":"","activeCreativeID":"4702","scenes":["1","2","6","4","5"],"campaignAdType":"Interstitial"},{"campaignID":"9278","attribution":0,"priority":"5","appToPromote":{"appToPromoteID":"17609","usesDefaultFrameImage":"0","usesDefaultCloseImage":"0","marketURL":"https:\/\/smartbear.com\/learn\/automated-testing\/test-automation-frameworks\/","packageID":"com.buntoo.buntooAd"},"showTemplate":1,"s2s_tracking_url":"https:\/\/smartbear.com\/learn\/automated-testing\/test-automation-frameworks\/","activeCreativeID":"4701","scenes":["1","2","6","4","5"],"campaignAdType":"Interstitial"},{"campaignID":"9279","attribution":0,"priority":"5","appToPromote":{"appToPromoteID":"17609","usesDefaultFrameImage":"0","usesDefaultCloseImage":"0","marketURL":"https:\/\/smartbear.com\/learn\/automated-testing\/test-automation-frameworks\/","packageID":"com.buntoo.buntooAd"},"showTemplate":1,"s2s_tracking_url":"https:\/\/smartbear.com\/learn\/automated-testing\/test-automation-frameworks\/","activeCreativeID":"4701","scenes":["1","2","6","4","5"],"campaignAdType":"Interstitial"},{"campaignID":"9280","attribution":0,"priority":"5","appToPromote":{"appToPromoteID":"17609","usesDefaultFrameImage":"0","usesDefaultCloseImage":"0","marketURL":"https:\/\/smartbear.com\/learn\/automated-testing\/test-automation-frameworks\/","packageID":"com.buntoo.buntooAd"},"showTemplate":1,"s2s_tracking_url":"https:\/\/smartbear.com\/learn\/automated-testing\/test-automation-frameworks\/","activeCreativeID":"4701","scenes":["1","2","6","4","5"],"campaignAdType":"Interstitial"},{"campaignID":"7359","attribution":0,"priority":"5","appToPromote":{"appToPromoteID":"14746","usesDefaultFrameImage":"0","usesDefaultCloseImage":"0","marketURL":"https:\/\/play.google.com\/store\/apps\/details?id=com.buntoo.army.bus.parking","packageID":"com.buntoo.army.bus.parking"},"showTemplate":1,"s2s_tracking_url":"https:\/\/play.google.com\/store\/apps\/details?id=com.buntoo.army.bus.parking","activeCreativeID":"2497","scenes":["1","2","6","4","5"],"campaignAdType":"Video"},{"campaignID":"7519","attribution":0,"priority":"5","appToPromote":{"appToPromoteID":"15052","usesDefaultFrameImage":"0","usesDefaultCloseImage":"0","marketURL":"https:\/\/play.google.com\/store\/apps\/details?id=com.mizo.robot.fps.shooting.game","packageID":"com.mizo.robot.fps.shooting.game"},"showTemplate":1,"s2s_tracking_url":"https:\/\/play.google.com\/store\/apps\/details?id=com.mizo.robot.fps.shooting.game","activeCreativeID":"2707","scenes":["1","2","6","4","5"],"campaignAdType":"Video"},{"campaignID":"7579","attribution":0,"priority":"5","appToPromote":{"appToPromoteID":"15098","usesDefaultFrameImage":"0","usesDefaultCloseImage":"0","marketURL":"https:\/\/play.google.com\/store\/apps\/details?id=com.gg.tps.shooting.games","packageID":"com.gg.tps.shooting.games"},"showTemplate":1,"s2s_tracking_url":"https:\/\/play.google.com\/store\/apps\/details?id=com.gg.tps.shooting.games","activeCreativeID":"2767","scenes":["1","2","6","4","5"],"campaignAdType":"Video"},{"campaignID":"7838","attribution":0,"priority":"5","appToPromote":{"appToPromoteID":"15339","usesDefaultFrameImage":"0","usesDefaultCloseImage":"0","marketURL":"https:\/\/play.google.com\/store\/apps\/details?id=com.buntoo.pilot.robot.games","packageID":"com.buntoo.pilot.robot.games"},"showTemplate":1,"s2s_tracking_url":"https:\/\/play.google.com\/store\/apps\/details?id=com.buntoo.pilot.robot.games","activeCreativeID":"3118","scenes":["1","2","6","4","5"],"campaignAdType":"Video"},{"campaignID":"7839","attribution":0,"priority":"5","appToPromote":{"appToPromoteID":"15287","usesDefaultFrameImage":"0","usesDefaultCloseImage":"0","marketURL":"https:\/\/play.google.com\/store\/apps\/details?id=com.happy.family.traffic.shooter.games","packageID":"com.happy.family.traffic.shooter.games"},"showTemplate":1,"s2s_tracking_url":"https:\/\/play.google.com\/store\/apps\/details?id=com.happy.family.traffic.shooter.games","activeCreativeID":"3119","scenes":["1","2","6","4","5"],"campaignAdType":"Video"},{"campaignID":"7921","attribution":0,"priority":"5","appToPromote":{"appToPromoteID":"15297","usesDefaultFrameImage":"0","usesDefaultCloseImage":"0","marketURL":"https:\/\/play.google.com\/store\/apps\/details?id=com.gg.castle.fps.shooting.game","packageID":"com.gg.castle.fps.shooting.game"},"showTemplate":1,"s2s_tracking_url":"https:\/\/play.google.com\/store\/apps\/details?id=com.gg.castle.fps.shooting.game","activeCreativeID":"3218","scenes":["1","2","6","4","5"],"campaignAdType":"Video"},{"campaignID":"8047","attribution":0,"priority":"5","appToPromote":{"appToPromoteID":"15907","usesDefaultFrameImage":"0","usesDefaultCloseImage":"0","marketURL":"https:\/\/play.google.com\/store\/apps\/details?id=com.mizo.teddy.bear.gun.strike.game","packageID":"com.mizo.teddy.bear.gun.strike.game"},"showTemplate":1,"s2s_tracking_url":"https:\/\/play.google.com\/store\/apps\/details?id=com.mizo.teddy.bear.gun.strike.game","activeCreativeID":"3356","scenes":["1","2","6","4","5"],"campaignAdType":"Video"},{"campaignID":"8172","attribution":0,"priority":"5","appToPromote":{"appToPromoteID":"15929","usesDefaultFrameImage":"0","usesDefaultCloseImage":"0","marketURL":"https:\/\/play.google.com\/store\/apps\/details?id=com.buntoo.mosquito.robot.transform.game","packageID":"com.buntoo.mosquito.robot.transform.game"},"showTemplate":1,"s2s_tracking_url":"https:\/\/play.google.com\/store\/apps\/details?id=com.buntoo.mosquito.robot.transform.game","activeCreativeID":"3498","scenes":["1","2","6","4","5"],"campaignAdType":"Video"},{"campaignID":"8289","attribution":0,"priority":"5","appToPromote":{"appToPromoteID":"16314","usesDefaultFrameImage":"0","usesDefaultCloseImage":"0","marketURL":"https:\/\/play.google.com\/store\/apps\/details?id=com.mizo.modern.fps.shooting.game","packageID":"com.mizo.modern.fps.shooting.game"},"showTemplate":1,"s2s_tracking_url":"https:\/\/play.google.com\/store\/apps\/details?id=com.mizo.modern.fps.shooting.game","activeCreativeID":"3623","scenes":["1","2","6","4","5"],"campaignAdType":"Video"},{"campaignID":"8644","attribution":0,"priority":"5","appToPromote":{"appToPromoteID":"16736","usesDefaultFrameImage":"0","usesDefaultCloseImage":"0","marketURL":"https:\/\/play.google.com\/store\/apps\/details?id=com.branches.formula.car.game","packageID":"com.tdg.F1FlyingDroneCar"},"showTemplate":1,"s2s_tracking_url":"https:\/\/play.google.com\/store\/apps\/details?id=com.branches.formula.car.game","activeCreativeID":"3999","scenes":["1","2","6","4","5"],"campaignAdType":"Interstitial"},{"campaignID":"8726","attribution":0,"priority":"5","appToPromote":{"appToPromoteID":"16019","usesDefaultFrameImage":"0","usesDefaultCloseImage":"0","marketURL":"https:\/\/play.google.com\/store\/apps\/details?id=com.happy.family.quad.bike.mountain.stunts","packageID":"com.happy.family.quad.bike.mountain.stunts"},"showTemplate":1,"s2s_tracking_url":"https:\/\/play.google.com\/store\/apps\/details?id=com.happy.family.quad.bike.mountain.stunts","activeCreativeID":"4084","scenes":["1","2","6","4","5"],"campaignAdType":"Interstitial"},{"campaignID":"8727","attribution":0,"priority":"5","appToPromote":{"appToPromoteID":"12670","usesDefaultFrameImage":"0","usesDefaultCloseImage":"0","marketURL":"https:\/\/play.google.com\/store\/apps\/details?id=com.cradley.shopping.mall.taxi.games","packageID":"com.cradley.shopping.mall.taxi.games"},"showTemplate":1,"s2s_tracking_url":"https:\/\/play.google.com\/store\/apps\/details?id=com.cradley.shopping.mall.taxi.games","activeCreativeID":"4085","scenes":["1","2","6","4","5"],"campaignAdType":"Interstitial"},{"campaignID":"8792","attribution":0,"priority":"5","appToPromote":{"appToPromoteID":"12670","usesDefaultFrameImage":"0","usesDefaultCloseImage":"0","marketURL":"https:\/\/play.google.com\/store\/apps\/details?id=com.cradley.shopping.mall.taxi.games","packageID":"com.cradley.shopping.mall.taxi.games"},"showTemplate":1,"s2s_tracking_url":"https:\/\/play.google.com\/store\/apps\/details?id=com.cradley.shopping.mall.taxi.games","activeCreativeID":"4154","scenes":["1","2","6","4","5"],"campaignAdType":"Video"}],"refreshAdRate":30,"mode":"Production","aspectRatio":"4_3","cdnPath":"https:\/\/df8ymybeo92md.cloudfront.net\/images\/","sentry_log":0,"local_logging":0,"sentry_dsn":"https:\/\/93ffa1c9a4124f67b8888a53265f751a:bbf998e04584477fa9a145838e9d3b26@sentry.io\/168994","sentry_initialization":1,"sentry_debugging":0,"bannerSizes":[],"aspectRatioVideo":"16_9","app_id":"1074","showPreRewardedDialogue":0,"showPostRewardedDialogue":0,"rewardCurrency":"coins","rewardValue":0,"isSkipable":0,"privacyPolicyURL":"https:\/\/www.consoliads.com\/privacy-policy\/","sessionToken":"ZKdkJKXqPVwONyEYDetb537v0Ii4QrfbakKjCTACTc7GKCRqZ8d\/rnIulW+FYO0MBCg+R54UTg8KqeLYwCIFwrPpxGQfDlckvODtK+umfB2zrnP8Ou1QqF2LQqkbVbbzhg08O3Miiln4k6gD+Dv2rivIi8zqdTEaW2Ik8ZyTEbQ="}
Session token value is set


{"appKey":"b4729925db57c2b0093f9ef0986b65ad","deviceID":"1453","stats":[{"campaignID":53,"packageID":"com.fazbro.heavy.excavator","sceneStats":[{"sceneID":"4","eventStats":"315,215,115,15,15,0,0"}]}],"sdkVersion":"2056","sessionToken":"ZKdkJKXqPVwONyEYDetb537v0Ii4QrfbakKjCTACTc7GKCRqZ8d\/rnIulW+FYO0MBCg+R54UTg8KqeLYwCIFwrPpxGQfDlckvODtK+umfB2zrnP8Ou1QqF2LQqkbVbbzhg08O3Miiln4k6gD+Dv2rivIi8zqdTEaW2Ik8ZyTEbQ="}
cache_ttl value is correct

Title value is correct

Title value is correct

Title value is correct

Title value is correct

Title value is correct

Title value is correct

Refresh Ad Rate value is correct
mode value is set

 Aspect ratio value is correct
sentry_log value is set
local_logging value is set
sentry_initialization value is set
sentry_debugging value is set
showPreRewardedDialogue value is set
showPostRewardedDialogue value is set
isSkipable value is set
{"cache_ttl":10080,"cache_ttl_rewarded":10080,"cache_ttl_banner":10080,"cache_ttl_native":10080,"cache_ttl_icon":10080,"campaigns":[{"campaignID":"8226","attribution":0,"priority":"8","appToPromote":{"appToPromoteID":"12623","usesDefaultFrameImage":"0","usesDefaultCloseImage":"0","marketURL":"https:\/\/play.google.com\/store\/apps\/details?id=com.igg.android.lordsmobile&amp;referrer=utm_source=42matters.com&amp;utm_medium=api","packageID":"com.nooribrand.android.lordsmobile"},"showTemplate":1,"s2s_tracking_url":"https:\/\/play.google.com\/store\/apps\/details?id=com.igg.android.lordsmobile&amp;referrer=utm_source=42matters.com&amp;utm_medium=api","activeCreativeID":"3557","scenes":["1","2","8","13"],"campaignAdType":"Icon"},{"campaignID":"8613","attribution":0,"priority":"8","appToPromote":{"appToPromoteID":"12623","usesDefaultFrameImage":"0","usesDefaultCloseImage":"0","marketURL":"https:\/\/play.google.com\/store\/apps\/details?id=com.igg.android.lordsmobile&amp;referrer=utm_source=42matters.com&amp;utm_medium=api","packageID":"com.nooribrand.android.lordsmobile"},"showTemplate":1,"s2s_tracking_url":"https:\/\/play.google.com\/store\/apps\/details?id=com.igg.android.lordsmobile&amp;referrer=utm_source=42matters.com&amp;utm_medium=api","activeCreativeID":"3557","scenes":["1","2","8","13"],"campaignAdType":"Icon"},{"campaignID":"9249","attribution_link":"https:\/\/app.appsflyer.com\/com.lgn.gun.strike.war.train.shooting.games?pid=consoliads_int&amp;af_click_lookback=7d&amp;clickid=1217_9249_1453&amp;android_id={android_id}&amp;sha1_android_id={sha1_android_id}&amp;advertising_id=1453&amp;sha1_advertising_id=19ec4dad2e6cf9800798960cbc6401b1e962e39d&amp;af_keywords=2","attribution":1,"priority":"8","appToPromote":{"appToPromoteID":"13421","usesDefaultFrameImage":"0","usesDefaultCloseImage":"0","marketURL":"http:\/\/www.google.com","packageID":"com.appricot2d.testt"},"showTemplate":1,"s2s_tracking_url":"https:\/\/app.appsflyer.com\/com.lgn.gun.strike.war.train.shooting.games?pid=consoliads_int&amp;af_click_lookback=7d&amp;clickid=1217_9249_1453&amp;android_id={android_id}&amp;sha1_android_id={sha1_android_id}&amp;advertising_id=1453&amp;sha1_advertising_id=19ec4dad2e6cf9800798960cbc6401b1e962e39d&amp;af_keywords=2","activeCreativeID":"4679","scenes":["1","2","8","13"],"campaignAdType":"Interstitial"},{"campaignID":"9252","attribution":0,"priority":"8","appToPromote":{"appToPromoteID":"12315","usesDefaultFrameImage":"0","usesDefaultCloseImage":"0","marketURL":"google.com","packageID":"com.qabrand.plnative"},"showTemplate":1,"s2s_tracking_url":"google.com","activeCreativeID":"4683","scenes":["1","2","8","13"],"campaignAdType":"Native","title":"Native first","subTitle":"First ","description":"New description","adClickThroughText":"FIRST Button"},{"campaignID":"9253","attribution":0,"priority":"8","appToPromote":{"appToPromoteID":"12315","usesDefaultFrameImage":"0","usesDefaultCloseImage":"0","marketURL":"google.com","packageID":"com.qabrand.plnative"},"showTemplate":1,"s2s_tracking_url":"google.com","activeCreativeID":"4683","scenes":["1","2","8","13"],"campaignAdType":"Native","title":"Native first","subTitle":"First ","description":"New description","adClickThroughText":"FIRST Button"},{"campaignID":"9255","attribution":0,"priority":"8","appToPromote":{"appToPromoteID":"13274","usesDefaultFrameImage":"0","usesDefaultCloseImage":"0","marketURL":"https:\/\/play.google.com\/store\/apps\/details?id=com.facebook.katana","packageID":"com.salon.adsalon"},"showTemplate":1,"s2s_tracking_url":"https:\/\/play.google.com\/store\/apps\/details?id=com.facebook.katana","activeCreativeID":"4685","scenes":["1","2","8","13"],"campaignAdType":"Native","title":"native NA ","subTitle":"native NA ","description":"native NA added","adClickThroughText":"native NA "},{"campaignID":"9257","attribution":0,"priority":"8","appToPromote":{"appToPromoteID":"12286","usesDefaultFrameImage":"0","usesDefaultCloseImage":"0","marketURL":"google.com","packageID":"com.qabrand.Chartboost_Native"},"showTemplate":1,"s2s_tracking_url":"google.com","activeCreativeID":"4688","scenes":["1","2","8","13"],"campaignAdType":"Native","title":"Native second updated","subTitle":"Native second ","description":"Native second details","adClickThroughText":"Native second "},{"campaignID":"9261","attribution_link":"https:\/\/app.appsflyer.com\/com.lgn.gun.strike.war.train.shooting.games?pid=consoliads_int&amp;af_click_lookback=7d&amp;clickid=1217_9261_1453&amp;android_id={android_id}&amp;sha1_android_id={sha1_android_id}&amp;advertising_id=1453&amp;sha1_advertising_id=19ec4dad2e6cf9800798960cbc6401b1e962e39d&amp;af_keywords=2","attribution":1,"priority":"8","appToPromote":{"appToPromoteID":"13421","usesDefaultFrameImage":"0","usesDefaultCloseImage":"0","marketURL":"http:\/\/www.google.com","packageID":"com.appricot2d.testt"},"showTemplate":1,"s2s_tracking_url":"https:\/\/app.appsflyer.com\/com.lgn.gun.strike.war.train.shooting.games?pid=consoliads_int&amp;af_click_lookback=7d&amp;clickid=1217_9261_1453&amp;android_id={android_id}&amp;sha1_android_id={sha1_android_id}&amp;advertising_id=1453&amp;sha1_advertising_id=19ec4dad2e6cf9800798960cbc6401b1e962e39d&amp;af_keywords=2","activeCreativeID":"4692","scenes":["1","2","8","13"],"campaignAdType":"Interstitial"},{"campaignID":"9263","attribution":0,"priority":"8","appToPromote":{"appToPromoteID":"12315","usesDefaultFrameImage":"0","usesDefaultCloseImage":"0","marketURL":"google.com","packageID":"com.qabrand.plnative"},"showTemplate":1,"s2s_tracking_url":"google.com","activeCreativeID":"4694","scenes":["1","2","8","13"],"campaignAdType":"Native","title":"test","subTitle":"test","description":" test details update","adClickThroughText":"test"},{"campaignID":"9125","attribution":0,"priority":"8","appToPromote":{"appToPromoteID":"17526","usesDefaultFrameImage":"0","usesDefaultCloseImage":"0","marketURL":"https:\/\/play.google.com\/store\/apps\/details?id=kr.co.richnco.goodrich","packageID":"kr.co.richnco.goodrich"},"showTemplate":1,"s2s_tracking_url":"https:\/\/tha.gotrackier.com\/click?campaign_id=68347\\u0026pub_id=75?p1=1217_9125_1453&amp;source=6841&amp;app_name=HeavyExcavator&amp;gaid=1453","activeCreativeID":"4477","scenes":["1","2","8","13"],"campaignAdType":"Icon"},{"campaignID":"9127","attribution":0,"priority":"8","appToPromote":{"appToPromoteID":"17528","usesDefaultFrameImage":"0","usesDefaultCloseImage":"0","marketURL":"https:\/\/play.google.com\/store\/apps\/details?id=net.one97.paytm","packageID":"net.one97.paytm"},"showTemplate":1,"s2s_tracking_url":"https:\/\/tha.gotrackier.com\/click?campaign_id=63249\\u0026pub_id=75?p1=1217_9127_1453&amp;source=6841&amp;app_name=HeavyExcavator&amp;gaid=1453","activeCreativeID":"4788","scenes":["1","2","8","13"],"campaignAdType":"Native","title":"BCA","subTitle":"FW","description":"nope","adClickThroughText":"Link"},{"campaignID":"9131","attribution":0,"priority":"8","appToPromote":{"appToPromoteID":"17532","usesDefaultFrameImage":"0","usesDefaultCloseImage":"0","marketURL":"https:\/\/play.google.com\/store\/apps\/details?id=com.dhgate.buyermob","packageID":"com.dhgate.buyermob"},"showTemplate":1,"s2s_tracking_url":"https:\/\/tha.gotrackier.com\/click?campaign_id=63254\\u0026pub_id=75?p1=1217_9131_1453&amp;source=6841&amp;app_name=HeavyExcavator&amp;gaid=1453","activeCreativeID":"4483","scenes":["1","2","8","13"],"campaignAdType":"Interstitial"},{"campaignID":"561","attribution":0,"priority":"6","appToPromote":{"appToPromoteID":"5026","usesDefaultFrameImage":"0","usesDefaultCloseImage":"0","marketURL":"https:\/\/play.google.com\/store\/apps\/details?id=com.as.cashupapp","packageID":"com.as.cashupapp"},"showTemplate":1,"s2s_tracking_url":"https:\/\/play.google.com\/store\/apps\/details?id=com.as.cashupapp","activeCreativeID":"652","scenes":["1","2","8","13"],"campaignAdType":"Interstitial"},{"campaignID":"570","attribution":0,"priority":"6","appToPromote":{"appToPromoteID":"3802","usesDefaultFrameImage":"0","usesDefaultCloseImage":"0","marketURL":"https:\/\/play.google.com\/store\/apps\/details?id=com.Madxstudios.Flickshootsoccer","packageID":"com.Madxstudios.Flickshootsoccer"},"showTemplate":1,"s2s_tracking_url":"https:\/\/play.google.com\/store\/apps\/details?id=com.Madxstudios.Flickshootsoccer","activeCreativeID":"661","scenes":["1","2","8","13"],"campaignAdType":"Interstitial"},{"campaignID":"588","attribution":0,"priority":"6","appToPromote":{"appToPromoteID":"5026","usesDefaultFrameImage":"0","usesDefaultCloseImage":"0","marketURL":"https:\/\/play.google.com\/store\/apps\/details?id=com.as.cashupapp","packageID":"com.as.cashupapp"},"showTemplate":1,"s2s_tracking_url":"https:\/\/play.google.com\/store\/apps\/details?id=com.as.cashupapp","activeCreativeID":"652","scenes":["1","2","8","13"],"campaignAdType":"Interstitial"},{"campaignID":"6620","attribution":0,"priority":"6","appToPromote":{"appToPromoteID":"12980","usesDefaultFrameImage":"0","usesDefaultCloseImage":"0","marketURL":"https:\/\/play.google.com\/store\/apps\/details?id=com.sx.cooking.cafe.restaurant","packageID":"com.sx.cooking.cafe.restaurant"},"showTemplate":1,"s2s_tracking_url":"https:\/\/play.google.com\/store\/apps\/details?id=com.sx.cooking.cafe.restaurant","activeCreativeID":"1702","scenes":["1","2","8","13"],"campaignAdType":"Interstitial"},{"campaignID":"8876","attribution":0,"priority":"5","appToPromote":{"appToPromoteID":"15640","usesDefaultFrameImage":"0","usesDefaultCloseImage":"0","marketURL":"https:\/\/play.google.com\/store\/apps\/details?id=com.pgz.police.bike.stunt.ramp.bike.racing.games","packageID":"com.pgz.police.bike.stunt.ramp.bike.racing.games"},"showTemplate":1,"s2s_tracking_url":"https:\/\/play.google.com\/store\/apps\/details?id=com.pgz.police.bike.stunt.ramp.bike.racing.games","activeCreativeID":"4236","scenes":["1","2","8","13"],"campaignAdType":"Interstitial"},{"campaignID":"6596","attribution":0,"priority":"5","appToPromote":{"appToPromoteID":"12980","usesDefaultFrameImage":"0","usesDefaultCloseImage":"0","marketURL":"https:\/\/play.google.com\/store\/apps\/details?id=com.sx.cooking.cafe.restaurant","packageID":"com.sx.cooking.cafe.restaurant"},"showTemplate":1,"s2s_tracking_url":"https:\/\/play.google.com\/store\/apps\/details?id=com.sx.cooking.cafe.restaurant","activeCreativeID":"1702","scenes":["1","2","8","13"],"campaignAdType":"Interstitial"},{"campaignID":"557","attribution":0,"priority":"4","appToPromote":{"appToPromoteID":"4959","usesDefaultFrameImage":"0","usesDefaultCloseImage":"0","marketURL":"https:\/\/play.google.com\/store\/apps\/details?id=com.jet.plane.surfers.joyride.dash","packageID":"com.jet.plane.surfers.joyride.dash"},"showTemplate":1,"s2s_tracking_url":"https:\/\/play.google.com\/store\/apps\/details?id=com.jet.plane.surfers.joyride.dash","activeCreativeID":"645","scenes":["1","2","8","13"],"campaignAdType":"Interstitial"},{"campaignID":"414","attribution":0,"priority":"3","appToPromote":{"appToPromoteID":"3023","usesDefaultFrameImage":"0","usesDefaultCloseImage":"0","marketURL":"https:\/\/play.google.com\/store\/apps\/details?id=com.appricot2d.rolo.pet.parrot","packageID":"com.appricot2d.rolo.pet.parrot"},"showTemplate":1,"s2s_tracking_url":"https:\/\/play.google.com\/store\/apps\/details?id=com.appricot2d.rolo.pet.parrot","activeCreativeID":"385","scenes":["1","2","8","13"],"campaignAdType":"Interstitial"},{"campaignID":"559","attribution":0,"priority":"3","appToPromote":{"appToPromoteID":"3476","usesDefaultFrameImage":"0","usesDefaultCloseImage":"0","marketURL":"https:\/\/play.google.com\/store\/apps\/details?id=com.perspectivegames.real.impossible.tracks.stunts","packageID":"com.perspectivegames.real.impossible.tracks.stunts"},"showTemplate":1,"s2s_tracking_url":"https:\/\/play.google.com\/store\/apps\/details?id=com.perspectivegames.real.impossible.tracks.stunts","activeCreativeID":"649","scenes":["1","2","8","13"],"campaignAdType":"Interstitial"},{"campaignID":"741","attribution":0,"priority":"3","appToPromote":{"appToPromoteID":"5609","usesDefaultFrameImage":"0","usesDefaultCloseImage":"0","marketURL":"https:\/\/play.google.com\/store\/apps\/details?id=com.kick.gyroscopic.city.train.driver.simulator","packageID":"com.kick.gyroscopic.city.train.driver.simulator"},"showTemplate":1,"s2s_tracking_url":"https:\/\/play.google.com\/store\/apps\/details?id=com.kick.gyroscopic.city.train.driver.simulator","activeCreativeID":"753","scenes":["1","2","8","13"],"campaignAdType":"Interstitial"},{"campaignID":"798","attribution":0,"priority":"3","appToPromote":{"appToPromoteID":"5770","usesDefaultFrameImage":"0","usesDefaultCloseImage":"0","marketURL":"https:\/\/play.google.com\/store\/apps\/details?id=com.simulatorgames3d.alohacelebrations","packageID":"com.simulatorgames3d.alohacelebrations"},"showTemplate":1,"s2s_tracking_url":"https:\/\/play.google.com\/store\/apps\/details?id=com.simulatorgames3d.alohacelebrations","activeCreativeID":"787","scenes":["1","2","8","13"],"campaignAdType":"Interstitial"},{"campaignID":"1483","attribution":0,"priority":"3","appToPromote":{"appToPromoteID":"1714","usesDefaultFrameImage":"1","usesDefaultCloseImage":"1","marketURL":"https:\/\/play.google.com\/store\/apps\/details?id=com.playink.cookie.maker","packageID":"com.playink.cookie.maker"},"showTemplate":1,"s2s_tracking_url":"https:\/\/play.google.com\/store\/apps\/details?id=com.playink.cookie.maker","activeCreativeID":"1020","scenes":["1","2","8","13"],"campaignAdType":"Interstitial"},{"campaignID":"602","attribution":0,"priority":"2","appToPromote":{"appToPromoteID":"5444","usesDefaultFrameImage":"0","usesDefaultCloseImage":"0","marketURL":"https:\/\/play.google.com\/store\/apps\/details?id=com.simulatorgame3d.impossibleairtracks","packageID":"com.simulatorgame3d.impossibleairtracks"},"showTemplate":1,"s2s_tracking_url":"https:\/\/play.google.com\/store\/apps\/details?id=com.simulatorgame3d.impossibleairtracks","activeCreativeID":"700","scenes":["1","2","8","13"],"campaignAdType":"Interstitial"}],"refreshAdRate":30,"mode":"Production","aspectRatio":"4_3","cdnPath":"https:\/\/df8ymybeo92md.cloudfront.net\/images\/","sentry_log":0,"local_logging":0,"sentry_dsn":"https:\/\/93ffa1c9a4124f67b8888a53265f751a:bbf998e04584477fa9a145838e9d3b26@sentry.io\/168994","sentry_initialization":1,"sentry_debugging":0,"bannerSizes":["1"],"aspectRatioVideo":"16_9","app_id":"1217","showPreRewardedDialogue":0,"showPostRewardedDialogue":0,"rewardCurrency":"coins","rewardValue":0,"isSkipable":1,"privacyPolicyURL":"https:\/\/www.consoliads.com\/privacy-policy\/","sessionToken":"0dLvWJ2kvP8VerdHAEeiFzAYuRgGwRocmjfXZ7Zpm7MWoqO5qTvWVESonJmheZg4NTP27aVjLuUh3OMH5LO6Vvgpgv+v2qXfMeNfVcthqtxbNGhJKHe1Gs4N0mjMJ+oRbo1pkjdmqfvUMdSc4rMje1ngmdtBOgbvPgapCcUKMvQ="}
Session token value is set


{"appKey":"a6c37abf407b4606382faab36e69377f","deviceID":"7298","stats":[{"campaignID":73,"packageID":"com.mizo.army.prisoner.transport.simulator","sceneStats":[{"sceneID":"19","eventStats":"373,273,173,73,73,0,0"}]}],"sdkVersion":"39","sessionToken":"0dLvWJ2kvP8VerdHAEeiFzAYuRgGwRocmjfXZ7Zpm7MWoqO5qTvWVESonJmheZg4NTP27aVjLuUh3OMH5LO6Vvgpgv+v2qXfMeNfVcthqtxbNGhJKHe1Gs4N0mjMJ+oRbo1pkjdmqfvUMdSc4rMje1ngmdtBOgbvPgapCcUKMvQ="}
cache_ttl value is correct

Refresh Ad Rate value is correct
mode value is set

 Aspect ratio value is correct
sentry_log value is set
local_logging value is set
sentry_initialization value is set
sentry_debugging value is set
showPreRewardedDialogue value is set
showPostRewardedDialogue value is set
isSkipable value is set
{"cache_ttl":10080,"cache_ttl_rewarded":10080,"cache_ttl_banner":10080,"cache_ttl_native":10080,"cache_ttl_icon":10080,"refreshAdRate":30,"mode":"Production","aspectRatio":"4_3","cdnPath":"https:\/\/df8ymybeo92md.cloudfront.net\/images\/","sentry_log":0,"local_logging":0,"sentry_dsn":"https:\/\/93ffa1c9a4124f67b8888a53265f751a:bbf998e04584477fa9a145838e9d3b26@sentry.io\/168994","sentry_initialization":1,"sentry_debugging":0,"bannerSizes":[],"aspectRatioVideo":"16_9","app_id":"1458","showPreRewardedDialogue":0,"showPostRewardedDialogue":0,"rewardCurrency":"coins","rewardValue":0,"isSkipable":0,"privacyPolicyURL":"https:\/\/www.consoliads.com\/privacy-policy\/","sessionToken":"1Hswk4mFt8SnckRDBPOYasQKODQJF\/8x9rZKSOpVdY1yj2kxtqIHgSvy9mV\/rKw3mq3DzIEmgkdrP5rBydQcm23LIQEYiwn8Afc8815ZpjxlUlixdhCPMhuXd0J\/WVmbbB8VPMFhILBxRTNFqc8Lc2DbFMEwTAxoQX+yBFSWBh0="}
Session token value is set


{"appKey":"f1b23f0067eb003f37357ca24defd9a4","deviceID":"4124","stats":[{"campaignID":78,"packageID":"com.mizo.road.builder.city.construction","sceneStats":[{"sceneID":"11","eventStats":"341,241,141,41,41,0,0"}]}],"sdkVersion":"2151","sessionToken":"1Hswk4mFt8SnckRDBPOYasQKODQJF\/8x9rZKSOpVdY1yj2kxtqIHgSvy9mV\/rKw3mq3DzIEmgkdrP5rBydQcm23LIQEYiwn8Afc8815ZpjxlUlixdhCPMhuXd0J\/WVmbbB8VPMFhILBxRTNFqc8Lc2DbFMEwTAxoQX+yBFSWBh0="}
cache_ttl value is correct

Refresh Ad Rate value is correct
mode value is set

 Aspect ratio value is correct
sentry_log value is set
local_logging value is set
sentry_initialization value is set
sentry_debugging value is set
showPreRewardedDialogue value is set
showPostRewardedDialogue value is set
isSkipable value is set
{"cache_ttl":10080,"cache_ttl_rewarded":10080,"cache_ttl_banner":10080,"cache_ttl_native":10080,"cache_ttl_icon":10080,"campaigns":[{"campaignID":"9277","attribution_link":"","attribution":1,"priority":"5","appToPromote":{"appToPromoteID":"17609","usesDefaultFrameImage":"0","usesDefaultCloseImage":"0","marketURL":"https:\/\/smartbear.com\/learn\/automated-testing\/test-automation-frameworks\/","packageID":"com.buntoo.buntooAd"},"showTemplate":1,"s2s_tracking_url":"","activeCreativeID":"4702","scenes":["1","2","6","4","5"],"campaignAdType":"Interstitial"},{"campaignID":"9278","attribution":0,"priority":"5","appToPromote":{"appToPromoteID":"17609","usesDefaultFrameImage":"0","usesDefaultCloseImage":"0","marketURL":"https:\/\/smartbear.com\/learn\/automated-testing\/test-automation-frameworks\/","packageID":"com.buntoo.buntooAd"},"showTemplate":1,"s2s_tracking_url":"https:\/\/smartbear.com\/learn\/automated-testing\/test-automation-frameworks\/","activeCreativeID":"4701","scenes":["1","2","6","4","5"],"campaignAdType":"Interstitial"},{"campaignID":"9279","attribution":0,"priority":"5","appToPromote":{"appToPromoteID":"17609","usesDefaultFrameImage":"0","usesDefaultCloseImage":"0","marketURL":"https:\/\/smartbear.com\/learn\/automated-testing\/test-automation-frameworks\/","packageID":"com.buntoo.buntooAd"},"showTemplate":1,"s2s_tracking_url":"https:\/\/smartbear.com\/learn\/automated-testing\/test-automation-frameworks\/","activeCreativeID":"4701","scenes":["1","2","6","4","5"],"campaignAdType":"Interstitial"},{"campaignID":"9280","attribution":0,"priority":"5","appToPromote":{"appToPromoteID":"17609","usesDefaultFrameImage":"0","usesDefaultCloseImage":"0","marketURL":"https:\/\/smartbear.com\/learn\/automated-testing\/test-automation-frameworks\/","packageID":"com.buntoo.buntooAd"},"showTemplate":1,"s2s_tracking_url":"https:\/\/smartbear.com\/learn\/automated-testing\/test-automation-frameworks\/","activeCreativeID":"4701","scenes":["1","2","6","4","5"],"campaignAdType":"Interstitial"},{"campaignID":"6766","attribution":0,"priority":"5","appToPromote":{"appToPromoteID":"13422","usesDefaultFrameImage":"0","usesDefaultCloseImage":"0","marketURL":"https:\/\/play.google.com\/store\/apps\/details?id=com.mizo.monster.truck.games","packageID":"com.mizo.monster.truck.games"},"showTemplate":1,"s2s_tracking_url":"https:\/\/play.google.com\/store\/apps\/details?id=com.mizo.monster.truck.games","activeCreativeID":"1880","scenes":["1","2","6","4","5"],"campaignAdType":"Icon"},{"campaignID":"7359","attribution":0,"priority":"5","appToPromote":{"appToPromoteID":"14746","usesDefaultFrameImage":"0","usesDefaultCloseImage":"0","marketURL":"https:\/\/play.google.com\/store\/apps\/details?id=com.buntoo.army.bus.parking","packageID":"com.buntoo.army.bus.parking"},"showTemplate":1,"s2s_tracking_url":"https:\/\/play.google.com\/store\/apps\/details?id=com.buntoo.army.bus.parking","activeCreativeID":"2497","scenes":["1","2","6","4","5"],"campaignAdType":"Video"},{"campaignID":"7370","attribution":0,"priority":"5","appToPromote":{"appToPromoteID":"14808","usesDefaultFrameImage":"0","usesDefaultCloseImage":"0","marketURL":"https:\/\/play.google.com\/store\/apps\/details?id=com.mizo.turtle.robot.transform.game","packageID":"com.mizo.turtle.robot.transform.game"},"showTemplate":1,"s2s_tracking_url":"https:\/\/play.google.com\/store\/apps\/details?id=com.mizo.turtle.robot.transform.game","activeCreativeID":"2509","scenes":["1","2","6","4","5"],"campaignAdType":"Icon"},{"campaignID":"7518","attribution":0,"priority":"5","appToPromote":{"appToPromoteID":"15052","usesDefaultFrameImage":"0","usesDefaultCloseImage":"0","marketURL":"https:\/\/play.google.com\/store\/apps\/details?id=com.mizo.robot.fps.shooting.game","packageID":"com.mizo.robot.fps.shooting.game"},"showTemplate":1,"s2s_tracking_url":"https:\/\/play.google.com\/store\/apps\/details?id=com.mizo.robot.fps.shooting.game","activeCreativeID":"2705","scenes":["1","2","4","5","6"],"campaignAdType":"Icon"},{"campaignID":"7519","attribution":0,"priority":"5","appToPromote":{"appToPromoteID":"15052","usesDefaultFrameImage":"0","usesDefaultCloseImage":"0","marketURL":"https:\/\/play.google.com\/store\/apps\/details?id=com.mizo.robot.fps.shooting.game","packageID":"com.mizo.robot.fps.shooting.game"},"showTemplate":1,"s2s_tracking_url":"https:\/\/play.google.com\/store\/apps\/details?id=com.mizo.robot.fps.shooting.game","activeCreativeID":"2707","scenes":["1","2","6","4","5"],"campaignAdType":"Video"},{"campaignID":"7554","attribution":0,"priority":"5","appToPromote":{"appToPromoteID":"15122","usesDefaultFrameImage":"0","usesDefaultCloseImage":"0","marketURL":"https:\/\/play.google.com\/store\/apps\/details?id=com.mizo.rooftop.fps.shooting","packageID":"com.mizo.rooftop.fps.shooting"},"showTemplate":1,"s2s_tracking_url":"https:\/\/play.google.com\/store\/apps\/details?id=com.mizo.rooftop.fps.shooting","activeCreativeID":"2735","scenes":["1","2","4","5","6"],"campaignAdType":"Icon"},{"campaignID":"7579","attribution":0,"priority":"5","appToPromote":{"appToPromoteID":"15098","usesDefaultFrameImage":"0","usesDefaultCloseImage":"0","marketURL":"https:\/\/play.google.com\/store\/apps\/details?id=com.gg.tps.shooting.games","packageID":"com.gg.tps.shooting.games"},"showTemplate":1,"s2s_tracking_url":"https:\/\/play.google.com\/store\/apps\/details?id=com.gg.tps.shooting.games","activeCreativeID":"2767","scenes":["1","2","6","4","5"],"campaignAdType":"Video"},{"campaignID":"7772","attribution":0,"priority":"5","appToPromote":{"appToPromoteID":"13049","usesDefaultFrameImage":"0","usesDefaultCloseImage":"0","marketURL":"https:\/\/play.google.com\/store\/apps\/details?id=com.mizo.quad.bike.shooting.games","packageID":"com.mizo.quad.bike.shooting.games"},"showTemplate":1,"s2s_tracking_url":"https:\/\/play.google.com\/store\/apps\/details?id=com.mizo.quad.bike.shooting.games","activeCreativeID":"3038","scenes":["1","2","6","4","5"],"campaignAdType":"Icon"},{"campaignID":"7838","attribution":0,"priority":"5","appToPromote":{"appToPromoteID":"15339","usesDefaultFrameImage":"0","usesDefaultCloseImage":"0","marketURL":"https:\/\/play.google.com\/store\/apps\/details?id=com.buntoo.pilot.robot.games","packageID":"com.buntoo.pilot.robot.games"},"showTemplate":1,"s2s_tracking_url":"https:\/\/play.google.com\/store\/apps\/details?id=com.buntoo.pilot.robot.games","activeCreativeID":"3118","scenes":["1","2","6","4","5"],"campaignAdType":"Video"},{"campaignID":"7839","attribution":0,"priority":"5","appToPromote":{"appToPromoteID":"15287","usesDefaultFrameImage":"0","usesDefaultCloseImage":"0","marketURL":"https:\/\/play.google.com\/store\/apps\/details?id=com.happy.family.traffic.shooter.games","packageID":"com.happy.family.traffic.shooter.games"},"showTemplate":1,"s2s_tracking_url":"https:\/\/play.google.com\/store\/apps\/details?id=com.happy.family.traffic.shooter.games","activeCreativeID":"3119","scenes":["1","2","6","4","5"],"campaignAdType":"Video"},{"campaignID":"7921","attribution":0,"priority":"5","appToPromote":{"appToPromoteID":"15297","usesDefaultFrameImage":"0","usesDefaultCloseImage":"0","marketURL":"https:\/\/play.google.com\/store\/apps\/details?id=com.gg.castle.fps.shooting.game","packageID":"com.gg.castle.fps.shooting.game"},"showTemplate":1,"s2s_tracking_url":"https:\/\/play.google.com\/store\/apps\/details?id=com.gg.castle.fps.shooting.game","activeCreativeID":"3218","scenes":["1","2","6","4","5"],"campaignAdType":"Video"},{"campaignID":"7976","attribution":0,"priority":"5","appToPromote":{"appToPromoteID":"15693","usesDefaultFrameImage":"0","usesDefaultCloseImage":"0","marketURL":"https:\/\/play.google.com\/store\/apps\/details?id=com.mizo.elephant.robot.transport.games","packageID":"com.mizo.elephant.robot.transport.games"},"showTemplate":1,"s2s_tracking_url":"https:\/\/play.google.com\/store\/apps\/details?id=com.mizo.elephant.robot.transport.games","activeCreativeID":"3281","scenes":["1","2","6","4","5"],"campaignAdType":"Icon"},{"campaignID":"8047","attribution":0,"priority":"5","appToPromote":{"appToPromoteID":"15907","usesDefaultFrameImage":"0","usesDefaultCloseImage":"0","marketURL":"https:\/\/play.google.com\/store\/apps\/details?id=com.mizo.teddy.bear.gun.strike.game","packageID":"com.mizo.teddy.bear.gun.strike.game"},"showTemplate":1,"s2s_tracking_url":"https:\/\/play.google.com\/store\/apps\/details?id=com.mizo.teddy.bear.gun.strike.game","activeCreativeID":"3356","scenes":["1","2","6","4","5"],"campaignAdType":"Video"},{"campaignID":"8056","attribution":0,"priority":"5","appToPromote":{"appToPromoteID":"15907","usesDefaultFrameImage":"0","usesDefaultCloseImage":"0","marketURL":"https:\/\/play.google.com\/store\/apps\/details?id=com.mizo.teddy.bear.gun.strike.game","packageID":"com.mizo.teddy.bear.gun.strike.game"},"showTemplate":1,"s2s_tracking_url":"https:\/\/play.google.com\/store\/apps\/details?id=com.mizo.teddy.bear.gun.strike.game","activeCreativeID":"3361","scenes":["1","2","6","4","5"],"campaignAdType":"Icon"},{"campaignID":"8172","attribution":0,"priority":"5","appToPromote":{"appToPromoteID":"15929","usesDefaultFrameImage":"0","usesDefaultCloseImage":"0","marketURL":"https:\/\/play.google.com\/store\/apps\/details?id=com.buntoo.mosquito.robot.transform.game","packageID":"com.buntoo.mosquito.robot.transform.game"},"showTemplate":1,"s2s_tracking_url":"https:\/\/play.google.com\/store\/apps\/details?id=com.buntoo.mosquito.robot.transform.game","activeCreativeID":"3498","scenes":["1","2","6","4","5"],"campaignAdType":"Video"},{"campaignID":"8288","attribution":0,"priority":"5","appToPromote":{"appToPromoteID":"16314","usesDefaultFrameImage":"0","usesDefaultCloseImage":"0","marketURL":"https:\/\/play.google.com\/store\/apps\/details?id=com.mizo.modern.fps.shooting.game","packageID":"com.mizo.modern.fps.shooting.game"},"showTemplate":1,"s2s_tracking_url":"https:\/\/play.google.com\/store\/apps\/details?id=com.mizo.modern.fps.shooting.game","activeCreativeID":"4124","scenes":["1","2","6","4","5"],"campaignAdType":"Icon"},{"campaignID":"8289","attribution":0,"priority":"5","appToPromote":{"appToPromoteID":"16314","usesDefaultFrameImage":"0","usesDefaultCloseImage":"0","marketURL":"https:\/\/play.google.com\/store\/apps\/details?id=com.mizo.modern.fps.shooting.game","packageID":"com.mizo.modern.fps.shooting.game"},"showTemplate":1,"s2s_tracking_url":"https:\/\/play.google.com\/store\/apps\/details?id=com.mizo.modern.fps.shooting.game","activeCreativeID":"3623","scenes":["1","2","6","4","5"],"campaignAdType":"Video"},{"campaignID":"8644","attribution":0,"priority":"5","appToPromote":{"appToPromoteID":"16736","usesDefaultFrameImage":"0","usesDefaultCloseImage":"0","marketURL":"https:\/\/play.google.com\/store\/apps\/details?id=com.branches.formula.car.game","packageID":"com.tdg.F1FlyingDroneCar"},"showTemplate":1,"s2s_tracking_url":"https:\/\/play.google.com\/store\/apps\/details?id=com.branches.formula.car.game","activeCreativeID":"3999","scenes":["1","2","6","4","5"],"campaignAdType":"Interstitial"},{"campaignID":"8726","attribution":0,"priority":"5","appToPromote":{"appToPromoteID":"16019","usesDefaultFrameImage":"0","usesDefaultCloseImage":"0","marketURL":"https:\/\/play.google.com\/store\/apps\/details?id=com.happy.family.quad.bike.mountain.stunts","packageID":"com.happy.family.quad.bike.mountain.stunts"},"showTemplate":1,"s2s_tracking_url":"https:\/\/play.google.com\/store\/apps\/details?id=com.happy.family.quad.bike.mountain.stunts","activeCreativeID":"4084","scenes":["1","2","6","4","5"],"campaignAdType":"Interstitial"},{"campaignID":"8727","attribution":0,"priority":"5","appToPromote":{"appToPromoteID":"12670","usesDefaultFrameImage":"0","usesDefaultCloseImage":"0","marketURL":"https:\/\/play.google.com\/store\/apps\/details?id=com.cradley.shopping.mall.taxi.games","packageID":"com.cradley.shopping.mall.taxi.games"},"showTemplate":1,"s2s_tracking_url":"https:\/\/play.google.com\/store\/apps\/details?id=com.cradley.shopping.mall.taxi.games","activeCreativeID":"4085","scenes":["1","2","6","4","5"],"campaignAdType":"Interstitial"},{"campaignID":"8792","attribution":0,"priority":"5","appToPromote":{"appToPromoteID":"12670","usesDefaultFrameImage":"0","usesDefaultCloseImage":"0","marketURL":"https:\/\/play.google.com\/store\/apps\/details?id=com.cradley.shopping.mall.taxi.games","packageID":"com.cradley.shopping.mall.taxi.games"},"showTemplate":1,"s2s_tracking_url":"https:\/\/play.google.com\/store\/apps\/details?id=com.cradley.shopping.mall.taxi.games","activeCreativeID":"4154","scenes":["1","2","6","4","5"],"campaignAdType":"Video"}],"refreshAdRate":30,"mode":"Production","aspectRatio":"4_3","cdnPath":"https:\/\/df8ymybeo92md.cloudfront.net\/images\/","sentry_log":0,"local_logging":0,"sentry_dsn":"https:\/\/93ffa1c9a4124f67b8888a53265f751a:bbf998e04584477fa9a145838e9d3b26@sentry.io\/168994","sentry_initialization":1,"sentry_debugging":0,"bannerSizes":["1"],"aspectRatioVideo":"16_9","app_id":"1632","showPreRewardedDialogue":0,"showPostRewardedDialogue":0,"rewardCurrency":"coins","rewardValue":0,"isSkipable":1,"privacyPolicyURL":"https:\/\/www.consoliads.com\/privacy-policy\/","sessionToken":"wREX7J6j\/7uhIjYvb3edbVsOUQxcoZuICEcCSS4p8xZA5vjEsSRt09XFPPMCyf2BBmqJJ3hKM7wImega4UPAvYZPL\/bG+iM9z0RLtSc\/F2D20RCoCoAeW9brSTozFZATDMrWrSH5LywcLCjSSXPI0N5n6204+TS0DbjznyEYBzw="}
Session token value is set


{"appKey":"a15540f259692e0f609b4cace3e780a9","deviceID":"5301","stats":[{"campaignID":80,"packageID":"com.mizo.flip.bottle.shooting.expert","sceneStats":[{"sceneID":"14","eventStats":"353,253,153,53,53,0,0"}]}],"sdkVersion":"39","sessionToken":"wREX7J6j\/7uhIjYvb3edbVsOUQxcoZuICEcCSS4p8xZA5vjEsSRt09XFPPMCyf2BBmqJJ3hKM7wImega4UPAvYZPL\/bG+iM9z0RLtSc\/F2D20RCoCoAeW9brSTozFZATDMrWrSH5LywcLCjSSXPI0N5n6204+TS0DbjznyEYBzw="}
cache_ttl value is correct

Refresh Ad Rate value is correct
mode value is set

 Aspect ratio value is correct
sentry_log value is set
local_logging value is set
sentry_initialization value is set
sentry_debugging value is set
showPreRewardedDialogue value is set
showPostRewardedDialogue value is set
isSkipable value is set
{"cache_ttl":10080,"cache_ttl_rewarded":10080,"cache_ttl_banner":10080,"cache_ttl_native":10080,"cache_ttl_icon":10080,"refreshAdRate":30,"mode":"Production","aspectRatio":"4_3","cdnPath":"https:\/\/df8ymybeo92md.cloudfront.net\/images\/","sentry_log":0,"local_logging":0,"sentry_dsn":"https:\/\/93ffa1c9a4124f67b8888a53265f751a:bbf998e04584477fa9a145838e9d3b26@sentry.io\/168994","sentry_initialization":1,"sentry_debugging":0,"bannerSizes":[],"aspectRatioVideo":"16_9","app_id":"1675","showPreRewardedDialogue":0,"showPostRewardedDialogue":0,"rewardCurrency":"coins","rewardValue":0,"isSkipable":0,"privacyPolicyURL":"https:\/\/www.consoliads.com\/privacy-policy\/","sessionToken":"vZ++Qsh5WFrfo09LH+\/EAuXYHCedQUFD1NoHFHt3m16lHViWLT2nG0XMYvM4ac4SQDR+KN\/RtWnXSOX\/EUkbBvEUwnsi6fo3pn9K+gXxdDNpaGitUaGI6ZQdeiWTIuK\/Nkf1vC\/apC6aAKfnovRmdmm9t\/6xNp\/HpNthRB9epZM="}
Session token value is set


{"appKey":"b86d913485cddc89a88e3a31f2611244","deviceID":"7351","stats":[{"campaignID":84,"packageID":"com.ids.kids.hospital.cashier.pro","sceneStats":[{"sceneID":"19","eventStats":"373,273,173,73,73,0,0"}]}],"sdkVersion":"39","sessionToken":"vZ++Qsh5WFrfo09LH+\/EAuXYHCedQUFD1NoHFHt3m16lHViWLT2nG0XMYvM4ac4SQDR+KN\/RtWnXSOX\/EUkbBvEUwnsi6fo3pn9K+gXxdDNpaGitUaGI6ZQdeiWTIuK\/Nkf1vC\/apC6aAKfnovRmdmm9t\/6xNp\/HpNthRB9epZM="}
cache_ttl value is correct

Refresh Ad Rate value is correct
mode value is set

 Aspect ratio value is correct
sentry_log value is set
local_logging value is set
sentry_initialization value is set
sentry_debugging value is set
showPreRewardedDialogue value is set
showPostRewardedDialogue value is set
isSkipable value is set
{"cache_ttl":10080,"cache_ttl_rewarded":10080,"cache_ttl_banner":10080,"cache_ttl_native":10080,"cache_ttl_icon":10080,"campaigns":[{"campaignID":"9384","attribution":0,"priority":"5","appToPromote":{"appToPromoteID":"13185","usesDefaultFrameImage":"0","usesDefaultCloseImage":"0","marketURL":"https:\/\/play.google.com\/store\/apps\/details?id=com.gamesarena.flying.bike.tricks.stunts&amp;referrer=utm_source=42matters.com&amp;utm_medium=api","packageID":"com.gamesarena.flying.bike.tricks.stunts"},"showTemplate":1,"s2s_tracking_url":"https:\/\/play.google.com\/store\/apps\/details?id=com.gamesarena.flying.bike.tricks.stunts&amp;referrer=utm_source=42matters.com&amp;utm_medium=api","activeCreativeID":"4829","scenes":["12","1","8","6","15","2"],"campaignAdType":"Interstitial"},{"campaignID":"9386","attribution":0,"priority":"5","appToPromote":{"appToPromoteID":"17764","usesDefaultFrameImage":"0","usesDefaultCloseImage":"0","marketURL":"https:\/\/play.google.com\/store\/apps\/details?id=com.visiblebody.atlas&amp;referrer=utm_source=42matters.com&amp;utm_medium=api","packageID":"com.gamesarena..test6324"},"showTemplate":1,"s2s_tracking_url":"https:\/\/play.google.com\/store\/apps\/details?id=com.visiblebody.atlas&amp;referrer=utm_source=42matters.com&amp;utm_medium=api","activeCreativeID":"4828","scenes":["12","1","8","6","15","2"],"campaignAdType":"Interstitial"},{"campaignID":"9389","attribution":0,"priority":"5","appToPromote":{"appToPromoteID":"13185","usesDefaultFrameImage":"0","usesDefaultCloseImage":"0","marketURL":"https:\/\/play.google.com\/store\/apps\/details?id=com.gamesarena.flying.bike.tricks.stunts&amp;referrer=utm_source=42matters.com&amp;utm_medium=api","packageID":"com.gamesarena.flying.bike.tricks.stunts"},"showTemplate":1,"s2s_tracking_url":"https:\/\/play.google.com\/store\/apps\/details?id=com.gamesarena.flying.bike.tricks.stunts&amp;referrer=utm_source=42matters.com&amp;utm_medium=api","activeCreativeID":"4829","scenes":["12","1","8","6","15","2"],"campaignAdType":"Interstitial"},{"campaignID":"9390","attribution":0,"priority":"5","appToPromote":{"appToPromoteID":"17764","usesDefaultFrameImage":"0","usesDefaultCloseImage":"0","marketURL":"https:\/\/play.google.com\/store\/apps\/details?id=com.visiblebody.atlas&amp;referrer=utm_source=42matters.com&amp;utm_medium=api","packageID":"com.gamesarena..test6324"},"showTemplate":1,"s2s_tracking_url":"https:\/\/play.google.com\/store\/apps\/details?id=com.visiblebody.atlas&amp;referrer=utm_source=42matters.com&amp;utm_medium=api","activeCreativeID":"4828","scenes":["12","1","8","6","15","2"],"campaignAdType":"Interstitial"},{"campaignID":"9249","attribution_link":"https:\/\/app.appsflyer.com\/com.lgn.gun.strike.war.train.shooting.games?pid=consoliads_int&amp;af_click_lookback=7d&amp;clickid=1722_9249_7351&amp;android_id={android_id}&amp;sha1_android_id={sha1_android_id}&amp;advertising_id=7351&amp;sha1_advertising_id=a83480cb768e125055c09585a90f09e22b0bd9ce&amp;af_keywords=2","attribution":1,"priority":"8","appToPromote":{"appToPromoteID":"13421","usesDefaultFrameImage":"0","usesDefaultCloseImage":"0","marketURL":"http:\/\/www.google.com","packageID":"com.appricot2d.testt"},"showTemplate":1,"s2s_tracking_url":"https:\/\/app.appsflyer.com\/com.lgn.gun.strike.war.train.shooting.games?pid=consoliads_int&amp;af_click_lookback=7d&amp;clickid=1722_9249_7351&amp;android_id={android_id}&amp;sha1_android_id={sha1_android_id}&amp;advertising_id=7351&amp;sha1_advertising_id=a83480cb768e125055c09585a90f09e22b0bd9ce&amp;af_keywords=2","activeCreativeID":"4679","scenes":["12","1","8","6","15","2"],"campaignAdType":"Interstitial"},{"campaignID":"9261","attribution_link":"https:\/\/app.appsflyer.com\/com.lgn.gun.strike.war.train.shooting.games?pid=consoliads_int&amp;af_click_lookback=7d&amp;clickid=1722_9261_7351&amp;android_id={android_id}&amp;sha1_android_id={sha1_android_id}&amp;advertising_id=7351&amp;sha1_advertising_id=a83480cb768e125055c09585a90f09e22b0bd9ce&amp;af_keywords=2","attribution":1,"priority":"8","appToPromote":{"appToPromoteID":"13421","usesDefaultFrameImage":"0","usesDefaultCloseImage":"0","marketURL":"http:\/\/www.google.com","packageID":"com.appricot2d.testt"},"showTemplate":1,"s2s_tracking_url":"https:\/\/app.appsflyer.com\/com.lgn.gun.strike.war.train.shooting.games?pid=consoliads_int&amp;af_click_lookback=7d&amp;clickid=1722_9261_7351&amp;android_id={android_id}&amp;sha1_android_id={sha1_android_id}&amp;advertising_id=7351&amp;sha1_advertising_id=a83480cb768e125055c09585a90f09e22b0bd9ce&amp;af_keywords=2","activeCreativeID":"4692","scenes":["12","1","8","6","15","2"],"campaignAdType":"Interstitial"},{"campaignID":"9131","attribution":0,"priority":"8","appToPromote":{"appToPromoteID":"17532","usesDefaultFrameImage":"0","usesDefaultCloseImage":"0","marketURL":"https:\/\/play.google.com\/store\/apps\/details?id=com.dhgate.buyermob","packageID":"com.dhgate.buyermob"},"showTemplate":1,"s2s_tracking_url":"https:\/\/tha.gotrackier.com\/click?campaign_id=63254\\u0026pub_id=75?p1=1722_9131_7351&amp;source=6841&amp;app_name=KidsHospitalCashierPro&amp;gaid=7351","activeCreativeID":"4483","scenes":["12","1","8","6","15","2"],"campaignAdType":"Interstitial"},{"campaignID":"561","attribution":0,"priority":"6","appToPromote":{"appToPromoteID":"5026","usesDefaultFrameImage":"0","usesDefaultCloseImage":"0","marketURL":"https:\/\/play.google.com\/store\/apps\/details?id=com.as.cashupapp","packageID":"com.as.cashupapp"},"showTemplate":1,"s2s_tracking_url":"https:\/\/play.google.com\/store\/apps\/details?id=com.as.cashupapp","activeCreativeID":"652","scenes":["12","1","8","6","15","2"],"campaignAdType":"Interstitial"},{"campaignID":"570","attribution":0,"priority":"6","appToPromote":{"appToPromoteID":"3802","usesDefaultFrameImage":"0","usesDefaultCloseImage":"0","marketURL":"https:\/\/play.google.com\/store\/apps\/details?id=com.Madxstudios.Flickshootsoccer","packageID":"com.Madxstudios.Flickshootsoccer"},"showTemplate":1,"s2s_tracking_url":"https:\/\/play.google.com\/store\/apps\/details?id=com.Madxstudios.Flickshootsoccer","activeCreativeID":"661","scenes":["12","1","8","6","15","2"],"campaignAdType":"Interstitial"},{"campaignID":"588","attribution":0,"priority":"6","appToPromote":{"appToPromoteID":"5026","usesDefaultFrameImage":"0","usesDefaultCloseImage":"0","marketURL":"https:\/\/play.google.com\/store\/apps\/details?id=com.as.cashupapp","packageID":"com.as.cashupapp"},"showTemplate":1,"s2s_tracking_url":"https:\/\/play.google.com\/store\/apps\/details?id=com.as.cashupapp","activeCreativeID":"652","scenes":["12","1","8","6","15","2"],"campaignAdType":"Interstitial"},{"campaignID":"6620","attribution":0,"priority":"6","appToPromote":{"appToPromoteID":"12980","usesDefaultFrameImage":"0","usesDefaultCloseImage":"0","marketURL":"https:\/\/play.google.com\/store\/apps\/details?id=com.sx.cooking.cafe.restaurant","packageID":"com.sx.cooking.cafe.restaurant"},"showTemplate":1,"s2s_tracking_url":"https:\/\/play.google.com\/store\/apps\/details?id=com.sx.cooking.cafe.restaurant","activeCreativeID":"1702","scenes":["12","1","8","6","15","2"],"campaignAdType":"Interstitial"},{"campaignID":"6596","attribution":0,"priority":"5","appToPromote":{"appToPromoteID":"12980","usesDefaultFrameImage":"0","usesDefaultCloseImage":"0","marketURL":"https:\/\/play.google.com\/store\/apps\/details?id=com.sx.cooking.cafe.restaurant","packageID":"com.sx.cooking.cafe.restaurant"},"showTemplate":1,"s2s_tracking_url":"https:\/\/play.google.com\/store\/apps\/details?id=com.sx.cooking.cafe.restaurant","activeCreativeID":"1702","scenes":["12","1","8","6","15","2"],"campaignAdType":"Interstitial"},{"campaignID":"414","attribution":0,"priority":"3","appToPromote":{"appToPromoteID":"3023","usesDefaultFrameImage":"0","usesDefaultCloseImage":"0","marketURL":"https:\/\/play.google.com\/store\/apps\/details?id=com.appricot2d.rolo.pet.parrot","packageID":"com.appricot2d.rolo.pet.parrot"},"showTemplate":1,"s2s_tracking_url":"https:\/\/play.google.com\/store\/apps\/details?id=com.appricot2d.rolo.pet.parrot","activeCreativeID":"385","scenes":["12","1","8","6","15","2"],"campaignAdType":"Interstitial"},{"campaignID":"559","attribution":0,"priority":"3","appToPromote":{"appToPromoteID":"3476","usesDefaultFrameImage":"0","usesDefaultCloseImage":"0","marketURL":"https:\/\/play.google.com\/store\/apps\/details?id=com.perspectivegames.real.impossible.tracks.stunts","packageID":"com.perspectivegames.real.impossible.tracks.stunts"},"showTemplate":1,"s2s_tracking_url":"https:\/\/play.google.com\/store\/apps\/details?id=com.perspectivegames.real.impossible.tracks.stunts","activeCreativeID":"649","scenes":["12","1","8","6","15","2"],"campaignAdType":"Interstitial"},{"campaignID":"741","attribution":0,"priority":"3","appToPromote":{"appToPromoteID":"5609","usesDefaultFrameImage":"0","usesDefaultCloseImage":"0","marketURL":"https:\/\/play.google.com\/store\/apps\/details?id=com.kick.gyroscopic.city.train.driver.simulator","packageID":"com.kick.gyroscopic.city.train.driver.simulator"},"showTemplate":1,"s2s_tracking_url":"https:\/\/play.google.com\/store\/apps\/details?id=com.kick.gyroscopic.city.train.driver.simulator","activeCreativeID":"753","scenes":["12","1","8","6","15","2"],"campaignAdType":"Interstitial"}],"refreshAdRate":30,"mode":"Production","aspectRatio":"4_3","cdnPath":"https:\/\/df8ymybeo92md.cloudfront.net\/images\/","sentry_log":0,"local_logging":0,"sentry_dsn":"https:\/\/93ffa1c9a4124f67b8888a53265f751a:bbf998e04584477fa9a145838e9d3b26@sentry.io\/168994","sentry_initialization":1,"sentry_debugging":0,"bannerSizes":["5"],"aspectRatioVideo":"16_9","app_id":"1722","showPreRewardedDialogue":0,"showPostRewardedDialogue":0,"rewardCurrency":"coins","rewardValue":0,"isSkipable":0,"privacyPolicyURL":"https:\/\/www.consoliads.com\/privacy-policy\/","sessionToken":"wbWuHBB+bbM9SWojRLXT3NdxtpuWqUhPe8UcrqeTrpcqXUryPNOmVtUiBjv7gJuhfZV5\/lAmf0sxLh6y6CyLJUIE\/C4yqoRGU6rtGUqEJu5jCTK6JBa56PEOYRmgkWHeDkyGO4wZ88WAvMiJQFSpMG+FRsijj46QLN30wkMiztg="}
Session token value is set


{"appKey":"a3fd0355e69506375fb1411dd7b6a600","deviceID":"6195","stats":[{"campaignID":85,"packageID":"com.gss.offroad.uphill.extremetruckdriver","sceneStats":[{"sceneID":"16","eventStats":"362,262,162,62,62,0,0"}]}],"sdkVersion":"39","sessionToken":"wbWuHBB+bbM9SWojRLXT3NdxtpuWqUhPe8UcrqeTrpcqXUryPNOmVtUiBjv7gJuhfZV5\/lAmf0sxLh6y6CyLJUIE\/C4yqoRGU6rtGUqEJu5jCTK6JBa56PEOYRmgkWHeDkyGO4wZ88WAvMiJQFSpMG+FRsijj46QLN30wkMiztg="}
cache_ttl value is correct

Refresh Ad Rate value is correct
mode value is set

 Aspect ratio value is correct
sentry_log value is set
local_logging value is set
sentry_initialization value is set
sentry_debugging value is set
showPreRewardedDialogue value is set
showPostRewardedDialogue value is set
isSkipable value is set
{"cache_ttl":10080,"cache_ttl_rewarded":10080,"cache_ttl_banner":10080,"cache_ttl_native":10080,"cache_ttl_icon":10080,"campaigns":[{"campaignID":"9384","attribution":0,"priority":"5","appToPromote":{"appToPromoteID":"13185","usesDefaultFrameImage":"0","usesDefaultCloseImage":"0","marketURL":"https:\/\/play.google.com\/store\/apps\/details?id=com.gamesarena.flying.bike.tricks.stunts&amp;referrer=utm_source=42matters.com&amp;utm_medium=api","packageID":"com.gamesarena.flying.bike.tricks.stunts"},"showTemplate":1,"s2s_tracking_url":"https:\/\/play.google.com\/store\/apps\/details?id=com.gamesarena.flying.bike.tricks.stunts&amp;referrer=utm_source=42matters.com&amp;utm_medium=api","activeCreativeID":"4829","scenes":["12","1","8","6","15","2"],"campaignAdType":"Interstitial"},{"campaignID":"9386","attribution":0,"priority":"5","appToPromote":{"appToPromoteID":"17764","usesDefaultFrameImage":"0","usesDefaultCloseImage":"0","marketURL":"https:\/\/play.google.com\/store\/apps\/details?id=com.visiblebody.atlas&amp;referrer=utm_source=42matters.com&amp;utm_medium=api","packageID":"com.gamesarena..test6324"},"showTemplate":1,"s2s_tracking_url":"https:\/\/play.google.com\/store\/apps\/details?id=com.visiblebody.atlas&amp;referrer=utm_source=42matters.com&amp;utm_medium=api","activeCreativeID":"4828","scenes":["12","1","8","6","15","2"],"campaignAdType":"Interstitial"},{"campaignID":"9389","attribution":0,"priority":"5","appToPromote":{"appToPromoteID":"13185","usesDefaultFrameImage":"0","usesDefaultCloseImage":"0","marketURL":"https:\/\/play.google.com\/store\/apps\/details?id=com.gamesarena.flying.bike.tricks.stunts&amp;referrer=utm_source=42matters.com&amp;utm_medium=api","packageID":"com.gamesarena.flying.bike.tricks.stunts"},"showTemplate":1,"s2s_tracking_url":"https:\/\/play.google.com\/store\/apps\/details?id=com.gamesarena.flying.bike.tricks.stunts&amp;referrer=utm_source=42matters.com&amp;utm_medium=api","activeCreativeID":"4829","scenes":["12","1","8","6","15","2"],"campaignAdType":"Interstitial"},{"campaignID":"9390","attribution":0,"priority":"5","appToPromote":{"appToPromoteID":"17764","usesDefaultFrameImage":"0","usesDefaultCloseImage":"0","marketURL":"https:\/\/play.google.com\/store\/apps\/details?id=com.visiblebody.atlas&amp;referrer=utm_source=42matters.com&amp;utm_medium=api","packageID":"com.gamesarena..test6324"},"showTemplate":1,"s2s_tracking_url":"https:\/\/play.google.com\/store\/apps\/details?id=com.visiblebody.atlas&amp;referrer=utm_source=42matters.com&amp;utm_medium=api","activeCreativeID":"4828","scenes":["12","1","8","6","15","2"],"campaignAdType":"Interstitial"},{"campaignID":"9249","attribution_link":"https:\/\/app.appsflyer.com\/com.lgn.gun.strike.war.train.shooting.games?pid=consoliads_int&amp;af_click_lookback=7d&amp;clickid=1830_9249_6195&amp;android_id={android_id}&amp;sha1_android_id={sha1_android_id}&amp;advertising_id=6195&amp;sha1_advertising_id=90cefe7404ffb4fc8e121cafb0bb185c0b3d8c73&amp;af_keywords=2","attribution":1,"priority":"8","appToPromote":{"appToPromoteID":"13421","usesDefaultFrameImage":"0","usesDefaultCloseImage":"0","marketURL":"http:\/\/www.google.com","packageID":"com.appricot2d.testt"},"showTemplate":1,"s2s_tracking_url":"https:\/\/app.appsflyer.com\/com.lgn.gun.strike.war.train.shooting.games?pid=consoliads_int&amp;af_click_lookback=7d&amp;clickid=1830_9249_6195&amp;android_id={android_id}&amp;sha1_android_id={sha1_android_id}&amp;advertising_id=6195&amp;sha1_advertising_id=90cefe7404ffb4fc8e121cafb0bb185c0b3d8c73&amp;af_keywords=2","activeCreativeID":"4679","scenes":["12","1","8","6","15","2"],"campaignAdType":"Interstitial"},{"campaignID":"9261","attribution_link":"https:\/\/app.appsflyer.com\/com.lgn.gun.strike.war.train.shooting.games?pid=consoliads_int&amp;af_click_lookback=7d&amp;clickid=1830_9261_6195&amp;android_id={android_id}&amp;sha1_android_id={sha1_android_id}&amp;advertising_id=6195&amp;sha1_advertising_id=90cefe7404ffb4fc8e121cafb0bb185c0b3d8c73&amp;af_keywords=2","attribution":1,"priority":"8","appToPromote":{"appToPromoteID":"13421","usesDefaultFrameImage":"0","usesDefaultCloseImage":"0","marketURL":"http:\/\/www.google.com","packageID":"com.appricot2d.testt"},"showTemplate":1,"s2s_tracking_url":"https:\/\/app.appsflyer.com\/com.lgn.gun.strike.war.train.shooting.games?pid=consoliads_int&amp;af_click_lookback=7d&amp;clickid=1830_9261_6195&amp;android_id={android_id}&amp;sha1_android_id={sha1_android_id}&amp;advertising_id=6195&amp;sha1_advertising_id=90cefe7404ffb4fc8e121cafb0bb185c0b3d8c73&amp;af_keywords=2","activeCreativeID":"4692","scenes":["12","1","8","6","15","2"],"campaignAdType":"Interstitial"},{"campaignID":"9131","attribution":0,"priority":"8","appToPromote":{"appToPromoteID":"17532","usesDefaultFrameImage":"0","usesDefaultCloseImage":"0","marketURL":"https:\/\/play.google.com\/store\/apps\/details?id=com.dhgate.buyermob","packageID":"com.dhgate.buyermob"},"showTemplate":1,"s2s_tracking_url":"https:\/\/tha.gotrackier.com\/click?campaign_id=63254\\u0026pub_id=75?p1=1830_9131_6195&amp;source=6841&amp;app_name=UphillExtremeTruckDriver3D&amp;gaid=6195","activeCreativeID":"4483","scenes":["12","1","8","6","15","2"],"campaignAdType":"Interstitial"},{"campaignID":"561","attribution":0,"priority":"6","appToPromote":{"appToPromoteID":"5026","usesDefaultFrameImage":"0","usesDefaultCloseImage":"0","marketURL":"https:\/\/play.google.com\/store\/apps\/details?id=com.as.cashupapp","packageID":"com.as.cashupapp"},"showTemplate":1,"s2s_tracking_url":"https:\/\/play.google.com\/store\/apps\/details?id=com.as.cashupapp","activeCreativeID":"652","scenes":["12","1","8","6","15","2"],"campaignAdType":"Interstitial"},{"campaignID":"570","attribution":0,"priority":"6","appToPromote":{"appToPromoteID":"3802","usesDefaultFrameImage":"0","usesDefaultCloseImage":"0","marketURL":"https:\/\/play.google.com\/store\/apps\/details?id=com.Madxstudios.Flickshootsoccer","packageID":"com.Madxstudios.Flickshootsoccer"},"showTemplate":1,"s2s_tracking_url":"https:\/\/play.google.com\/store\/apps\/details?id=com.Madxstudios.Flickshootsoccer","activeCreativeID":"661","scenes":["12","1","8","6","15","2"],"campaignAdType":"Interstitial"},{"campaignID":"588","attribution":0,"priority":"6","appToPromote":{"appToPromoteID":"5026","usesDefaultFrameImage":"0","usesDefaultCloseImage":"0","marketURL":"https:\/\/play.google.com\/store\/apps\/details?id=com.as.cashupapp","packageID":"com.as.cashupapp"},"showTemplate":1,"s2s_tracking_url":"https:\/\/play.google.com\/store\/apps\/details?id=com.as.cashupapp","activeCreativeID":"652","scenes":["12","1","8","6","15","2"],"campaignAdType":"Interstitial"},{"campaignID":"6620","attribution":0,"priority":"6","appToPromote":{"appToPromoteID":"12980","usesDefaultFrameImage":"0","usesDefaultCloseImage":"0","marketURL":"https:\/\/play.google.com\/store\/apps\/details?id=com.sx.cooking.cafe.restaurant","packageID":"com.sx.cooking.cafe.restaurant"},"showTemplate":1,"s2s_tracking_url":"https:\/\/play.google.com\/store\/apps\/details?id=com.sx.cooking.cafe.restaurant","activeCreativeID":"1702","scenes":["12","1","8","6","15","2"],"campaignAdType":"Interstitial"},{"campaignID":"8876","attribution":0,"priority":"5","appToPromote":{"appToPromoteID":"15640","usesDefaultFrameImage":"0","usesDefaultCloseImage":"0","marketURL":"https:\/\/play.google.com\/store\/apps\/details?id=com.pgz.police.bike.stunt.ramp.bike.racing.games","packageID":"com.pgz.police.bike.stunt.ramp.bike.racing.games"},"showTemplate":1,"s2s_tracking_url":"https:\/\/play.google.com\/store\/apps\/details?id=com.pgz.police.bike.stunt.ramp.bike.racing.games","activeCreativeID":"4236","scenes":["12","1","8","6","15","2"],"campaignAdType":"Interstitial"},{"campaignID":"6596","attribution":0,"priority":"5","appToPromote":{"appToPromoteID":"12980","usesDefaultFrameImage":"0","usesDefaultCloseImage":"0","marketURL":"https:\/\/play.google.com\/store\/apps\/details?id=com.sx.cooking.cafe.restaurant","packageID":"com.sx.cooking.cafe.restaurant"},"showTemplate":1,"s2s_tracking_url":"https:\/\/play.google.com\/store\/apps\/details?id=com.sx.cooking.cafe.restaurant","activeCreativeID":"1702","scenes":["12","1","8","6","15","2"],"campaignAdType":"Interstitial"}],"refreshAdRate":30,"mode":"Production","aspectRatio":"4_3","cdnPath":"https:\/\/df8ymybeo92md.cloudfront.net\/images\/","sentry_log":0,"local_logging":0,"sentry_dsn":"https:\/\/93ffa1c9a4124f67b8888a53265f751a:bbf998e04584477fa9a145838e9d3b26@sentry.io\/168994","sentry_initialization":1,"sentry_debugging":0,"bannerSizes":["5"],"aspectRatioVideo":"16_9","app_id":"1830","showPreRewardedDialogue":0,"showPostRewardedDialogue":0,"rewardCurrency":"coins","rewardValue":0,"isSkipable":0,"privacyPolicyURL":"https:\/\/www.consoliads.com\/privacy-policy\/","sessionToken":"nCabcLHjd9r45vFZ7CsVUa6fzgk3s3Xmkn3dOSMqtit0oxkyFQBCE7JWWJjrOMJXyrsyLaDeXdPPtzuONx7h8gebXpGhkCfeVhUSzxET8Va\/S764wYeq8LIBZib1qwQavQfY9m49vDThzY4pFLT+GAuq9Qc6n+XoXFNLOvGORfE="}
Session token value is set


{"appKey":"fd17f17f557e8305ce7ec87b54f27e59","deviceID":"928","stats":[{"campaignID":86,"packageID":"com.vg.demolition.derby.extreme.car.stunts","sceneStats":[{"sceneID":"3","eventStats":"310,210,110,10,10,0,0"}]}],"sdkVersion":"2163","sessionToken":"nCabcLHjd9r45vFZ7CsVUa6fzgk3s3Xmkn3dOSMqtit0oxkyFQBCE7JWWJjrOMJXyrsyLaDeXdPPtzuONx7h8gebXpGhkCfeVhUSzxET8Va\/S764wYeq8LIBZib1qwQavQfY9m49vDThzY4pFLT+GAuq9Qc6n+XoXFNLOvGORfE="}
cache_ttl value is correct

Title value is correct

Title value is correct

Title value is correct

Title value is correct

Title value is correct

Title value is correct

Refresh Ad Rate value is correct
mode value is set

 Aspect ratio value is correct
sentry_log value is set
local_logging value is set
sentry_initialization value is set
sentry_debugging value is set
showPreRewardedDialogue value is set
showPostRewardedDialogue value is set
isSkipable value is set
{"cache_ttl":10080,"cache_ttl_rewarded":10080,"cache_ttl_banner":10080,"cache_ttl_native":10080,"cache_ttl_icon":10080,"campaigns":[{"campaignID":"9384","attribution":0,"priority":"5","appToPromote":{"appToPromoteID":"13185","usesDefaultFrameImage":"0","usesDefaultCloseImage":"0","marketURL":"https:\/\/play.google.com\/store\/apps\/details?id=com.gamesarena.flying.bike.tricks.stunts&amp;referrer=utm_source=42matters.com&amp;utm_medium=api","packageID":"com.gamesarena.flying.bike.tricks.stunts"},"showTemplate":1,"s2s_tracking_url":"https:\/\/play.google.com\/store\/apps\/details?id=com.gamesarena.flying.bike.tricks.stunts&amp;referrer=utm_source=42matters.com&amp;utm_medium=api","activeCreativeID":"4829","scenes":["12","1","8","6","15","2"],"campaignAdType":"Interstitial"},{"campaignID":"9386","attribution":0,"priority":"5","appToPromote":{"appToPromoteID":"17764","usesDefaultFrameImage":"0","usesDefaultCloseImage":"0","marketURL":"https:\/\/play.google.com\/store\/apps\/details?id=com.visiblebody.atlas&amp;referrer=utm_source=42matters.com&amp;utm_medium=api","packageID":"com.gamesarena..test6324"},"showTemplate":1,"s2s_tracking_url":"https:\/\/play.google.com\/store\/apps\/details?id=com.visiblebody.atlas&amp;referrer=utm_source=42matters.com&amp;utm_medium=api","activeCreativeID":"4828","scenes":["12","1","8","6","15","2"],"campaignAdType":"Interstitial"},{"campaignID":"9389","attribution":0,"priority":"5","appToPromote":{"appToPromoteID":"13185","usesDefaultFrameImage":"0","usesDefaultCloseImage":"0","marketURL":"https:\/\/play.google.com\/store\/apps\/details?id=com.gamesarena.flying.bike.tricks.stunts&amp;referrer=utm_source=42matters.com&amp;utm_medium=api","packageID":"com.gamesarena.flying.bike.tricks.stunts"},"showTemplate":1,"s2s_tracking_url":"https:\/\/play.google.com\/store\/apps\/details?id=com.gamesarena.flying.bike.tricks.stunts&amp;referrer=utm_source=42matters.com&amp;utm_medium=api","activeCreativeID":"4829","scenes":["12","1","8","6","15","2"],"campaignAdType":"Interstitial"},{"campaignID":"9390","attribution":0,"priority":"5","appToPromote":{"appToPromoteID":"17764","usesDefaultFrameImage":"0","usesDefaultCloseImage":"0","marketURL":"https:\/\/play.google.com\/store\/apps\/details?id=com.visiblebody.atlas&amp;referrer=utm_source=42matters.com&amp;utm_medium=api","packageID":"com.gamesarena..test6324"},"showTemplate":1,"s2s_tracking_url":"https:\/\/play.google.com\/store\/apps\/details?id=com.visiblebody.atlas&amp;referrer=utm_source=42matters.com&amp;utm_medium=api","activeCreativeID":"4828","scenes":["12","1","8","6","15","2"],"campaignAdType":"Interstitial"},{"campaignID":"7091","attribution":0,"priority":"5","appToPromote":{"appToPromoteID":"12455","usesDefaultFrameImage":"0","usesDefaultCloseImage":"0","marketURL":"https:\/\/play.google.com\/store\/apps\/details?id=com.vg.trail.bike.extreme.stuntmaster","packageID":"com.vg.trail.bike.extreme.stuntmaster"},"showTemplate":1,"s2s_tracking_url":"https:\/\/play.google.com\/store\/apps\/details?id=com.vg.trail.bike.extreme.stuntmaster","activeCreativeID":"3181","scenes":["12","1","8","6","15","2"],"campaignAdType":"Icon"},{"campaignID":"7129","attribution":0,"priority":"5","appToPromote":{"appToPromoteID":"13230","usesDefaultFrameImage":"0","usesDefaultCloseImage":"0","marketURL":"https:\/\/play.google.com\/store\/apps\/details?id=com.vg.speed.car.racing.furious.stunts.games","packageID":"com.vg.speed.car.racing.furious.stunts.games"},"showTemplate":1,"s2s_tracking_url":"https:\/\/play.google.com\/store\/apps\/details?id=com.vg.speed.car.racing.furious.stunts.games","activeCreativeID":"3182","scenes":["12","1","8","6","15","2"],"campaignAdType":"Icon"},{"campaignID":"7812","attribution":0,"priority":"5","appToPromote":{"appToPromoteID":"15674","usesDefaultFrameImage":"0","usesDefaultCloseImage":"0","marketURL":"https:\/\/play.google.com\/store\/apps\/details?id=com.vg.airplane.flight.pilot.simulator","packageID":"com.vg.airplane.flight.pilot.simulator"},"showTemplate":1,"s2s_tracking_url":"https:\/\/play.google.com\/store\/apps\/details?id=com.vg.airplane.flight.pilot.simulator","activeCreativeID":"3086","scenes":["12","1","8","6","15","2"],"campaignAdType":"Interstitial"},{"campaignID":"8709","attribution":0,"priority":"5","appToPromote":{"appToPromoteID":"15674","usesDefaultFrameImage":"0","usesDefaultCloseImage":"0","marketURL":"https:\/\/play.google.com\/store\/apps\/details?id=com.vg.airplane.flight.pilot.simulator","packageID":"com.vg.airplane.flight.pilot.simulator"},"showTemplate":1,"s2s_tracking_url":"https:\/\/play.google.com\/store\/apps\/details?id=com.vg.airplane.flight.pilot.simulator","activeCreativeID":"4068","scenes":["12","1","8","6","15","2"],"campaignAdType":"Native","title":"Airplane Pilot ","subTitle":"Airplane Simulator Game","description":"Play The Best Plane Sim","adClickThroughText":"Install Now"},{"campaignID":"8858","attribution":0,"priority":"5","appToPromote":{"appToPromoteID":"1992","usesDefaultFrameImage":"0","usesDefaultCloseImage":"0","marketURL":"https:\/\/play.google.com\/store\/apps\/details?id=com.vg.prisonerbreakout.HardTime","packageID":"com.vg.prisonerbreakout.HardTime"},"showTemplate":1,"s2s_tracking_url":"https:\/\/play.google.com\/store\/apps\/details?id=com.vg.prisonerbreakout.HardTime","activeCreativeID":"4220","scenes":["12","1","8","6","15","2"],"campaignAdType":"Interstitial"},{"campaignID":"7813","attribution":0,"priority":"3","appToPromote":{"appToPromoteID":"15674","usesDefaultFrameImage":"0","usesDefaultCloseImage":"0","marketURL":"https:\/\/play.google.com\/store\/apps\/details?id=com.vg.airplane.flight.pilot.simulator","packageID":"com.vg.airplane.flight.pilot.simulator"},"showTemplate":1,"s2s_tracking_url":"https:\/\/play.google.com\/store\/apps\/details?id=com.vg.airplane.flight.pilot.simulator","activeCreativeID":"3183","scenes":["12","1","8","6","15","2"],"campaignAdType":"Icon"},{"campaignID":"6393","attribution":0,"priority":"2","appToPromote":{"appToPromoteID":"12455","usesDefaultFrameImage":"0","usesDefaultCloseImage":"0","marketURL":"https:\/\/play.google.com\/store\/apps\/details?id=com.vg.trail.bike.extreme.stuntmaster","packageID":"com.vg.trail.bike.extreme.stuntmaster"},"showTemplate":1,"s2s_tracking_url":"https:\/\/play.google.com\/store\/apps\/details?id=com.vg.trail.bike.extreme.stuntmaster","activeCreativeID":"1540","scenes":["12","1","8","6","15","2"],"campaignAdType":"Video"},{"campaignID":"7750","attribution":0,"priority":"2","appToPromote":{"appToPromoteID":"1936","usesDefaultFrameImage":"0","usesDefaultCloseImage":"0","marketURL":"https:\/\/play.google.com\/store\/apps\/details?id=com.vg.crazy.car.rush.pro.taxi.driver","packageID":"com.vg.crazy.car.rush.pro.taxi.driver"},"showTemplate":1,"s2s_tracking_url":"https:\/\/play.google.com\/store\/apps\/details?id=com.vg.crazy.car.rush.pro.taxi.driver","activeCreativeID":"3007","scenes":["12","1","8","6","15","2"],"campaignAdType":"Icon"},{"campaignID":"9249","attribution_link":"https:\/\/app.appsflyer.com\/com.lgn.gun.strike.war.train.shooting.games?pid=consoliads_int&amp;af_click_lookback=7d&amp;clickid=1823_9249_928&amp;android_id={android_id}&amp;sha1_android_id={sha1_android_id}&amp;advertising_id=928&amp;sha1_advertising_id=3eac69f45044ab34a31ceb69ec9db9dda561ee5d&amp;af_keywords=2","attribution":1,"priority":"8","appToPromote":{"appToPromoteID":"13421","usesDefaultFrameImage":"0","usesDefaultCloseImage":"0","marketURL":"http:\/\/www.google.com","packageID":"com.appricot2d.testt"},"showTemplate":1,"s2s_tracking_url":"https:\/\/app.appsflyer.com\/com.lgn.gun.strike.war.train.shooting.games?pid=consoliads_int&amp;af_click_lookback=7d&amp;clickid=1823_9249_928&amp;android_id={android_id}&amp;sha1_android_id={sha1_android_id}&amp;advertising_id=928&amp;sha1_advertising_id=3eac69f45044ab34a31ceb69ec9db9dda561ee5d&amp;af_keywords=2","activeCreativeID":"4679","scenes":["12","1","8","6","15","2"],"campaignAdType":"Interstitial"},{"campaignID":"9252","attribution":0,"priority":"8","appToPromote":{"appToPromoteID":"12315","usesDefaultFrameImage":"0","usesDefaultCloseImage":"0","marketURL":"google.com","packageID":"com.qabrand.plnative"},"showTemplate":1,"s2s_tracking_url":"google.com","activeCreativeID":"4683","scenes":["12","1","8","6","15","2"],"campaignAdType":"Native","title":"Native first","subTitle":"First ","description":"New description","adClickThroughText":"FIRST Button"},{"campaignID":"9253","attribution":0,"priority":"8","appToPromote":{"appToPromoteID":"12315","usesDefaultFrameImage":"0","usesDefaultCloseImage":"0","marketURL":"google.com","packageID":"com.qabrand.plnative"},"showTemplate":1,"s2s_tracking_url":"google.com","activeCreativeID":"4683","scenes":["12","1","8","6","15","2"],"campaignAdType":"Native","title":"Native first","subTitle":"First ","description":"New description","adClickThroughText":"FIRST Button"},{"campaignID":"9255","attribution":0,"priority":"8","appToPromote":{"appToPromoteID":"13274","usesDefaultFrameImage":"0","usesDefaultCloseImage":"0","marketURL":"https:\/\/play.google.com\/store\/apps\/details?id=com.facebook.katana","packageID":"com.salon.adsalon"},"showTemplate":1,"s2s_tracking_url":"https:\/\/play.google.com\/store\/apps\/details?id=com.facebook.katana","activeCreativeID":"4685","scenes":["12","1","8","6","15","2"],"campaignAdType":"Native","title":"native NA ","subTitle":"native NA ","description":"native NA added","adClickThroughText":"native NA "},{"campaignID":"9257","attribution":0,"priority":"8","appToPromote":{"appToPromoteID":"12286","usesDefaultFrameImage":"0","usesDefaultCloseImage":"0","marketURL":"google.com","packageID":"com.qabrand.Chartboost_Native"},"showTemplate":1,"s2s_tracking_url":"google.com","activeCreativeID":"4688","scenes":["12","1","8","6","15","2"],"campaignAdType":"Native","title":"Native second updated","subTitle":"Native second ","description":"Native second details","adClickThroughText":"Native second "},{"campaignID":"9261","attribution_link":"https:\/\/app.appsflyer.com\/com.lgn.gun.strike.war.train.shooting.games?pid=consoliads_int&amp;af_click_lookback=7d&amp;clickid=1823_9261_928&amp;android_id={android_id}&amp;sha1_android_id={sha1_android_id}&amp;advertising_id=928&amp;sha1_advertising_id=3eac69f45044ab34a31ceb69ec9db9dda561ee5d&amp;af_keywords=2","attribution":1,"priority":"8","appToPromote":{"appToPromoteID":"13421","usesDefaultFrameImage":"0","usesDefaultCloseImage":"0","marketURL":"http:\/\/www.google.com","packageID":"com.appricot2d.testt"},"showTemplate":1,"s2s_tracking_url":"https:\/\/app.appsflyer.com\/com.lgn.gun.strike.war.train.shooting.games?pid=consoliads_int&amp;af_click_lookback=7d&amp;clickid=1823_9261_928&amp;android_id={android_id}&amp;sha1_android_id={sha1_android_id}&amp;advertising_id=928&amp;sha1_advertising_id=3eac69f45044ab34a31ceb69ec9db9dda561ee5d&amp;af_keywords=2","activeCreativeID":"4692","scenes":["12","1","8","6","15","2"],"campaignAdType":"Interstitial"},{"campaignID":"9263","attribution":0,"priority":"8","appToPromote":{"appToPromoteID":"12315","usesDefaultFrameImage":"0","usesDefaultCloseImage":"0","marketURL":"google.com","packageID":"com.qabrand.plnative"},"showTemplate":1,"s2s_tracking_url":"google.com","activeCreativeID":"4694","scenes":["12","1","8","6","15","2"],"campaignAdType":"Native","title":"test","subTitle":"test","description":" test details update","adClickThroughText":"test"},{"campaignID":"9131","attribution":0,"priority":"8","appToPromote":{"appToPromoteID":"17532","usesDefaultFrameImage":"0","usesDefaultCloseImage":"0","marketURL":"https:\/\/play.google.com\/store\/apps\/details?id=com.dhgate.buyermob","packageID":"com.dhgate.buyermob"},"showTemplate":1,"s2s_tracking_url":"https:\/\/tha.gotrackier.com\/click?campaign_id=63254\\u0026pub_id=75?p1=1823_9131_928&amp;source=6841&amp;app_name=DemolitionDerbyXtremeRacing&amp;gaid=928","activeCreativeID":"4483","scenes":["12","1","8","6","15","2"],"campaignAdType":"Interstitial"},{"campaignID":"561","attribution":0,"priority":"6","appToPromote":{"appToPromoteID":"5026","usesDefaultFrameImage":"0","usesDefaultCloseImage":"0","marketURL":"https:\/\/play.google.com\/store\/apps\/details?id=com.as.cashupapp","packageID":"com.as.cashupapp"},"showTemplate":1,"s2s_tracking_url":"https:\/\/play.google.com\/store\/apps\/details?id=com.as.cashupapp","activeCreativeID":"652","scenes":["12","1","8","6","15","2"],"campaignAdType":"Interstitial"}],"refreshAdRate":30,"mode":"Production","aspectRatio":"4_3","cdnPath":"https:\/\/df8ymybeo92md.cloudfront.net\/images\/","sentry_log":0,"local_logging":0,"sentry_dsn":"https:\/\/93ffa1c9a4124f67b8888a53265f751a:bbf998e04584477fa9a145838e9d3b26@sentry.io\/168994","sentry_initialization":1,"sentry_debugging":0,"bannerSizes":["1"],"aspectRatioVideo":"16_9","app_id":"1823","showPreRewardedDialogue":0,"showPostRewardedDialogue":0,"rewardCurrency":"coins","rewardValue":0,"isSkipable":1,"privacyPolicyURL":"https:\/\/www.consoliads.com\/privacy-policy\/","sessionToken":"rWRN5URuga37oIFsPsTmBA8Vam+p\/wJIYmoGR7mpLEa3c0yi1HBKxFYbXFVkCzK64yoGHZhS9lzEiTwWizyXqd0DVd9l+zeIVq8U+pSbex61wbnkH3HXmZVHiqHJwI57KNNsyC9m4\/zgCDUFxj0EMNilvO0TEH4J9oj22QqUQ5U="}
Session token value is set


{"appKey":"3d9a2ad28f8f99beaf2e117d8d1c3ebb","deviceID":"8724","stats":[{"campaignID":96,"packageID":"com.rgs.offroad.police.monster.truck","sceneStats":[{"sceneID":"22","eventStats":"387,287,187,87,87,0,0"}]}],"sdkVersion":"39","sessionToken":"rWRN5URuga37oIFsPsTmBA8Vam+p\/wJIYmoGR7mpLEa3c0yi1HBKxFYbXFVkCzK64yoGHZhS9lzEiTwWizyXqd0DVd9l+zeIVq8U+pSbex61wbnkH3HXmZVHiqHJwI57KNNsyC9m4\/zgCDUFxj0EMNilvO0TEH4J9oj22QqUQ5U="}
cache_ttl value is correct

Refresh Ad Rate value is correct
mode value is set

 Aspect ratio value is correct
sentry_log value is set
local_logging value is set
sentry_initialization value is set
sentry_debugging value is set
showPreRewardedDialogue value is set
showPostRewardedDialogue value is set
isSkipable value is set
{"cache_ttl":10080,"cache_ttl_rewarded":10080,"cache_ttl_banner":10080,"cache_ttl_native":10080,"cache_ttl_icon":10080,"refreshAdRate":30,"mode":"Production","aspectRatio":"4_3","cdnPath":"https:\/\/df8ymybeo92md.cloudfront.net\/images\/","sentry_log":0,"local_logging":0,"sentry_dsn":"https:\/\/93ffa1c9a4124f67b8888a53265f751a:bbf998e04584477fa9a145838e9d3b26@sentry.io\/168994","sentry_initialization":1,"sentry_debugging":0,"bannerSizes":[],"aspectRatioVideo":"16_9","app_id":"1921","showPreRewardedDialogue":0,"showPostRewardedDialogue":0,"rewardCurrency":"coins","rewardValue":0,"isSkipable":0,"privacyPolicyURL":"https:\/\/www.consoliads.com\/privacy-policy\/","sessionToken":"n7ZNxz7tv2ruIhv9\/M6TsYQMpdR8hNlC9g22\/4k3\/6lQ9jPagg1eKjRre9ghkzER9d4pp9E6wrLSdhSty+h2qAcwybs+fK3LdCPHffIRi+xR8fVeus7JgRSJLsJJGaLtifouNnlbPU7UxdP4XXomeBOn+RLBZ2OOf6q\/dxYioY4="}
Session token value is set


{"appKey":"b6cf3bbc179e3b767025729170fbb3cf","deviceID":"9138","stats":[{"campaignID":98,"packageID":"com.gss.offroad.policetransporttruck","sceneStats":[{"sceneID":"23","eventStats":"391,291,191,91,91,0,0"}]}],"sdkVersion":"2163","sessionToken":"n7ZNxz7tv2ruIhv9\/M6TsYQMpdR8hNlC9g22\/4k3\/6lQ9jPagg1eKjRre9ghkzER9d4pp9E6wrLSdhSty+h2qAcwybs+fK3LdCPHffIRi+xR8fVeus7JgRSJLsJJGaLtifouNnlbPU7UxdP4XXomeBOn+RLBZ2OOf6q\/dxYioY4="}
cache_ttl value is correct

Title value is correct

Title value is correct

Title value is correct

Title value is correct

Title value is correct

Title value is correct

Refresh Ad Rate value is correct
mode value is set

 Aspect ratio value is correct
sentry_log value is set
local_logging value is set
sentry_initialization value is set
sentry_debugging value is set
showPreRewardedDialogue value is set
showPostRewardedDialogue value is set
isSkipable value is set
{"cache_ttl":10080,"cache_ttl_rewarded":10080,"cache_ttl_banner":10080,"cache_ttl_native":10080,"cache_ttl_icon":10080,"campaigns":[{"campaignID":"9384","attribution":0,"priority":"5","appToPromote":{"appToPromoteID":"13185","usesDefaultFrameImage":"0","usesDefaultCloseImage":"0","marketURL":"https:\/\/play.google.com\/store\/apps\/details?id=com.gamesarena.flying.bike.tricks.stunts&amp;referrer=utm_source=42matters.com&amp;utm_medium=api","packageID":"com.gamesarena.flying.bike.tricks.stunts"},"showTemplate":1,"s2s_tracking_url":"https:\/\/play.google.com\/store\/apps\/details?id=com.gamesarena.flying.bike.tricks.stunts&amp;referrer=utm_source=42matters.com&amp;utm_medium=api","activeCreativeID":"4829","scenes":["12","1","8","6","15","2"],"campaignAdType":"Interstitial"},{"campaignID":"9386","attribution":0,"priority":"5","appToPromote":{"appToPromoteID":"17764","usesDefaultFrameImage":"0","usesDefaultCloseImage":"0","marketURL":"https:\/\/play.google.com\/store\/apps\/details?id=com.visiblebody.atlas&amp;referrer=utm_source=42matters.com&amp;utm_medium=api","packageID":"com.gamesarena..test6324"},"showTemplate":1,"s2s_tracking_url":"https:\/\/play.google.com\/store\/apps\/details?id=com.visiblebody.atlas&amp;referrer=utm_source=42matters.com&amp;utm_medium=api","activeCreativeID":"4828","scenes":["12","1","8","6","15","2"],"campaignAdType":"Interstitial"},{"campaignID":"9389","attribution":0,"priority":"5","appToPromote":{"appToPromoteID":"13185","usesDefaultFrameImage":"0","usesDefaultCloseImage":"0","marketURL":"https:\/\/play.google.com\/store\/apps\/details?id=com.gamesarena.flying.bike.tricks.stunts&amp;referrer=utm_source=42matters.com&amp;utm_medium=api","packageID":"com.gamesarena.flying.bike.tricks.stunts"},"showTemplate":1,"s2s_tracking_url":"https:\/\/play.google.com\/store\/apps\/details?id=com.gamesarena.flying.bike.tricks.stunts&amp;referrer=utm_source=42matters.com&amp;utm_medium=api","activeCreativeID":"4829","scenes":["12","1","8","6","15","2"],"campaignAdType":"Interstitial"},{"campaignID":"9390","attribution":0,"priority":"5","appToPromote":{"appToPromoteID":"17764","usesDefaultFrameImage":"0","usesDefaultCloseImage":"0","marketURL":"https:\/\/play.google.com\/store\/apps\/details?id=com.visiblebody.atlas&amp;referrer=utm_source=42matters.com&amp;utm_medium=api","packageID":"com.gamesarena..test6324"},"showTemplate":1,"s2s_tracking_url":"https:\/\/play.google.com\/store\/apps\/details?id=com.visiblebody.atlas&amp;referrer=utm_source=42matters.com&amp;utm_medium=api","activeCreativeID":"4828","scenes":["12","1","8","6","15","2"],"campaignAdType":"Interstitial"},{"campaignID":"6641","attribution":0,"priority":"5","appToPromote":{"appToPromoteID":"5724","usesDefaultFrameImage":"0","usesDefaultCloseImage":"0","marketURL":"https:\/\/play.google.com\/store\/apps\/details?id=com.gss.shooting.game.army.sniper2018","packageID":"com.gss.shooting.game.army.sniper2018"},"showTemplate":1,"s2s_tracking_url":"https:\/\/play.google.com\/store\/apps\/details?id=com.gss.shooting.game.army.sniper2018","activeCreativeID":"1749","scenes":["12","1","8","6","15","2"],"campaignAdType":"Icon"},{"campaignID":"7747","attribution":0,"priority":"4","appToPromote":{"appToPromoteID":"15129","usesDefaultFrameImage":"0","usesDefaultCloseImage":"0","marketURL":"https:\/\/play.google.com\/store\/apps\/details?id=com.gss.motocross.bike.stunt.racing","packageID":"com.gss.motocross.bike.stunt.racing"},"showTemplate":1,"s2s_tracking_url":"https:\/\/play.google.com\/store\/apps\/details?id=com.gss.motocross.bike.stunt.racing","activeCreativeID":"3004","scenes":["12","1","8","6","15","2"],"campaignAdType":"Interstitial"},{"campaignID":"6689","attribution":0,"priority":"3","appToPromote":{"appToPromoteID":"2552","usesDefaultFrameImage":"0","usesDefaultCloseImage":"0","marketURL":"https:\/\/play.google.com\/store\/apps\/details?id=com.gss.grand.city.rescue.flyingrobot","packageID":"com.gss.grand.city.rescue.flyingrobot"},"showTemplate":1,"s2s_tracking_url":"https:\/\/play.google.com\/store\/apps\/details?id=com.gss.grand.city.rescue.flyingrobot","activeCreativeID":"1791","scenes":["12","1","8","6","15","2"],"campaignAdType":"Icon"},{"campaignID":"8376","attribution":0,"priority":"3","appToPromote":{"appToPromoteID":"16325","usesDefaultFrameImage":"0","usesDefaultCloseImage":"0","marketURL":"https:\/\/play.google.com\/store\/apps\/details?id=com.tgp.mega.ramp.ambulance.car.stunts","packageID":"com.tgp.mega.ramp.ambulance.car.stunts"},"showTemplate":1,"s2s_tracking_url":"https:\/\/play.google.com\/store\/apps\/details?id=com.tgp.mega.ramp.ambulance.car.stunts","activeCreativeID":"3718","scenes":["12","1","8","6","15","2"],"campaignAdType":"Interstitial"},{"campaignID":"7036","attribution":0,"priority":"1","appToPromote":{"appToPromoteID":"2251","usesDefaultFrameImage":"0","usesDefaultCloseImage":"0","marketURL":"https:\/\/play.google.com\/store\/apps\/details?id=com.gss.police.sniper.reloaded","packageID":"com.gss.police.sniper.reloaded"},"showTemplate":1,"s2s_tracking_url":"https:\/\/play.google.com\/store\/apps\/details?id=com.gss.police.sniper.reloaded","activeCreativeID":"2155","scenes":["12","1","8","6","15","2"],"campaignAdType":"Icon"},{"campaignID":"7745","attribution":0,"priority":"1","appToPromote":{"appToPromoteID":"15129","usesDefaultFrameImage":"0","usesDefaultCloseImage":"0","marketURL":"https:\/\/play.google.com\/store\/apps\/details?id=com.gss.motocross.bike.stunt.racing","packageID":"com.gss.motocross.bike.stunt.racing"},"showTemplate":1,"s2s_tracking_url":"https:\/\/play.google.com\/store\/apps\/details?id=com.gss.motocross.bike.stunt.racing","activeCreativeID":"2743","scenes":["12","1","8","6","15","2"],"campaignAdType":"Icon"},{"campaignID":"9249","attribution_link":"https:\/\/app.appsflyer.com\/com.lgn.gun.strike.war.train.shooting.games?pid=consoliads_int&amp;af_click_lookback=7d&amp;clickid=1937_9249_9138&amp;android_id={android_id}&amp;sha1_android_id={sha1_android_id}&amp;advertising_id=9138&amp;sha1_advertising_id=fb93a21e380bb9f022daf7a757d1fa5915279c95&amp;af_keywords=2","attribution":1,"priority":"8","appToPromote":{"appToPromoteID":"13421","usesDefaultFrameImage":"0","usesDefaultCloseImage":"0","marketURL":"http:\/\/www.google.com","packageID":"com.appricot2d.testt"},"showTemplate":1,"s2s_tracking_url":"https:\/\/app.appsflyer.com\/com.lgn.gun.strike.war.train.shooting.games?pid=consoliads_int&amp;af_click_lookback=7d&amp;clickid=1937_9249_9138&amp;android_id={android_id}&amp;sha1_android_id={sha1_android_id}&amp;advertising_id=9138&amp;sha1_advertising_id=fb93a21e380bb9f022daf7a757d1fa5915279c95&amp;af_keywords=2","activeCreativeID":"4679","scenes":["12","1","8","6","15","2"],"campaignAdType":"Interstitial"},{"campaignID":"9252","attribution":0,"priority":"8","appToPromote":{"appToPromoteID":"12315","usesDefaultFrameImage":"0","usesDefaultCloseImage":"0","marketURL":"google.com","packageID":"com.qabrand.plnative"},"showTemplate":1,"s2s_tracking_url":"google.com","activeCreativeID":"4683","scenes":["12","1","8","6","15","2"],"campaignAdType":"Native","title":"Native first","subTitle":"First ","description":"New description","adClickThroughText":"FIRST Button"},{"campaignID":"9253","attribution":0,"priority":"8","appToPromote":{"appToPromoteID":"12315","usesDefaultFrameImage":"0","usesDefaultCloseImage":"0","marketURL":"google.com","packageID":"com.qabrand.plnative"},"showTemplate":1,"s2s_tracking_url":"google.com","activeCreativeID":"4683","scenes":["12","1","8","6","15","2"],"campaignAdType":"Native","title":"Native first","subTitle":"First ","description":"New description","adClickThroughText":"FIRST Button"},{"campaignID":"9255","attribution":0,"priority":"8","appToPromote":{"appToPromoteID":"13274","usesDefaultFrameImage":"0","usesDefaultCloseImage":"0","marketURL":"https:\/\/play.google.com\/store\/apps\/details?id=com.facebook.katana","packageID":"com.salon.adsalon"},"showTemplate":1,"s2s_tracking_url":"https:\/\/play.google.com\/store\/apps\/details?id=com.facebook.katana","activeCreativeID":"4685","scenes":["12","1","8","6","15","2"],"campaignAdType":"Native","title":"native NA ","subTitle":"native NA ","description":"native NA added","adClickThroughText":"native NA "},{"campaignID":"9257","attribution":0,"priority":"8","appToPromote":{"appToPromoteID":"12286","usesDefaultFrameImage":"0","usesDefaultCloseImage":"0","marketURL":"google.com","packageID":"com.qabrand.Chartboost_Native"},"showTemplate":1,"s2s_tracking_url":"google.com","activeCreativeID":"4688","scenes":["12","1","8","6","15","2"],"campaignAdType":"Native","title":"Native second updated","subTitle":"Native second ","description":"Native second details","adClickThroughText":"Native second "},{"campaignID":"9261","attribution_link":"https:\/\/app.appsflyer.com\/com.lgn.gun.strike.war.train.shooting.games?pid=consoliads_int&amp;af_click_lookback=7d&amp;clickid=1937_9261_9138&amp;android_id={android_id}&amp;sha1_android_id={sha1_android_id}&amp;advertising_id=9138&amp;sha1_advertising_id=fb93a21e380bb9f022daf7a757d1fa5915279c95&amp;af_keywords=2","attribution":1,"priority":"8","appToPromote":{"appToPromoteID":"13421","usesDefaultFrameImage":"0","usesDefaultCloseImage":"0","marketURL":"http:\/\/www.google.com","packageID":"com.appricot2d.testt"},"showTemplate":1,"s2s_tracking_url":"https:\/\/app.appsflyer.com\/com.lgn.gun.strike.war.train.shooting.games?pid=consoliads_int&amp;af_click_lookback=7d&amp;clickid=1937_9261_9138&amp;android_id={android_id}&amp;sha1_android_id={sha1_android_id}&amp;advertising_id=9138&amp;sha1_advertising_id=fb93a21e380bb9f022daf7a757d1fa5915279c95&amp;af_keywords=2","activeCreativeID":"4692","scenes":["12","1","8","6","15","2"],"campaignAdType":"Interstitial"},{"campaignID":"9263","attribution":0,"priority":"8","appToPromote":{"appToPromoteID":"12315","usesDefaultFrameImage":"0","usesDefaultCloseImage":"0","marketURL":"google.com","packageID":"com.qabrand.plnative"},"showTemplate":1,"s2s_tracking_url":"google.com","activeCreativeID":"4694","scenes":["12","1","8","6","15","2"],"campaignAdType":"Native","title":"test","subTitle":"test","description":" test details update","adClickThroughText":"test"},{"campaignID":"9127","attribution":0,"priority":"8","appToPromote":{"appToPromoteID":"17528","usesDefaultFrameImage":"0","usesDefaultCloseImage":"0","marketURL":"https:\/\/play.google.com\/store\/apps\/details?id=net.one97.paytm","packageID":"net.one97.paytm"},"showTemplate":1,"s2s_tracking_url":"https:\/\/tha.gotrackier.com\/click?campaign_id=63249\\u0026pub_id=75?p1=1937_9127_9138&amp;source=6841&amp;app_name=OffRoadPoliceTruckTransport&amp;gaid=9138","activeCreativeID":"4788","scenes":["12","1","8","6","15","2"],"campaignAdType":"Native","title":"BCA","subTitle":"FW","description":"nope","adClickThroughText":"Link"},{"campaignID":"9131","attribution":0,"priority":"8","appToPromote":{"appToPromoteID":"17532","usesDefaultFrameImage":"0","usesDefaultCloseImage":"0","marketURL":"https:\/\/play.google.com\/store\/apps\/details?id=com.dhgate.buyermob","packageID":"com.dhgate.buyermob"},"showTemplate":1,"s2s_tracking_url":"https:\/\/tha.gotrackier.com\/click?campaign_id=63254\\u0026pub_id=75?p1=1937_9131_9138&amp;source=6841&amp;app_name=OffRoadPoliceTruckTransport&amp;gaid=9138","activeCreativeID":"4483","scenes":["12","1","8","6","15","2"],"campaignAdType":"Interstitial"},{"campaignID":"561","attribution":0,"priority":"6","appToPromote":{"appToPromoteID":"5026","usesDefaultFrameImage":"0","usesDefaultCloseImage":"0","marketURL":"https:\/\/play.google.com\/store\/apps\/details?id=com.as.cashupapp","packageID":"com.as.cashupapp"},"showTemplate":1,"s2s_tracking_url":"https:\/\/play.google.com\/store\/apps\/details?id=com.as.cashupapp","activeCreativeID":"652","scenes":["12","1","8","6","15","2"],"campaignAdType":"Interstitial"},{"campaignID":"570","attribution":0,"priority":"6","appToPromote":{"appToPromoteID":"3802","usesDefaultFrameImage":"0","usesDefaultCloseImage":"0","marketURL":"https:\/\/play.google.com\/store\/apps\/details?id=com.Madxstudios.Flickshootsoccer","packageID":"com.Madxstudios.Flickshootsoccer"},"showTemplate":1,"s2s_tracking_url":"https:\/\/play.google.com\/store\/apps\/details?id=com.Madxstudios.Flickshootsoccer","activeCreativeID":"661","scenes":["12","1","8","6","15","2"],"campaignAdType":"Interstitial"},{"campaignID":"588","attribution":0,"priority":"6","appToPromote":{"appToPromoteID":"5026","usesDefaultFrameImage":"0","usesDefaultCloseImage":"0","marketURL":"https:\/\/play.google.com\/store\/apps\/details?id=com.as.cashupapp","packageID":"com.as.cashupapp"},"showTemplate":1,"s2s_tracking_url":"https:\/\/play.google.com\/store\/apps\/details?id=com.as.cashupapp","activeCreativeID":"652","scenes":["12","1","8","6","15","2"],"campaignAdType":"Interstitial"}],"refreshAdRate":30,"mode":"Production","aspectRatio":"4_3","cdnPath":"https:\/\/df8ymybeo92md.cloudfront.net\/images\/","sentry_log":0,"local_logging":0,"sentry_dsn":"https:\/\/93ffa1c9a4124f67b8888a53265f751a:bbf998e04584477fa9a145838e9d3b26@sentry.io\/168994","sentry_initialization":1,"sentry_debugging":0,"bannerSizes":["1"],"aspectRatioVideo":"16_9","app_id":"1937","showPreRewardedDialogue":0,"showPostRewardedDialogue":0,"rewardCurrency":"coins","rewardValue":0,"isSkipable":0,"privacyPolicyURL":"https:\/\/www.consoliads.com\/privacy-policy\/","sessionToken":"XWGxkIPcepL0pIw\/xSKKUl3NdMCs3SKUadiRsgh9av3BNTs\/5EqGG9l3UQyXNW42+rR03qPx25MXZ+EfHC5H37\/DrCug0iJn2eBgwNNEacK3r+P\/lupyhMC\/yBeXVGFQHm0ZkM2Dx3WnUchv\/lD8ZOJD4NuV9LlVgB5OSiug9d0="}
Session token value is set


{"appKey":"7108df607430ea0aa7197ebf957ab785","deviceID":"1395","stats":[{"campaignID":99,"packageID":"com.vg.crazy.car.rush.pro.taxi.driver","sceneStats":[{"sceneID":"4","eventStats":"314,214,114,14,14,0,0"}]}],"sdkVersion":"2163","sessionToken":"XWGxkIPcepL0pIw\/xSKKUl3NdMCs3SKUadiRsgh9av3BNTs\/5EqGG9l3UQyXNW42+rR03qPx25MXZ+EfHC5H37\/DrCug0iJn2eBgwNNEacK3r+P\/lupyhMC\/yBeXVGFQHm0ZkM2Dx3WnUchv\/lD8ZOJD4NuV9LlVgB5OSiug9d0="}
cache_ttl value is correct

Title value is correct

Title value is correct

Title value is correct

Title value is correct

Title value is correct

Title value is correct

Refresh Ad Rate value is correct
mode value is set

 Aspect ratio value is correct
sentry_log value is set
local_logging value is set
sentry_initialization value is set
sentry_debugging value is set
showPreRewardedDialogue value is set
showPostRewardedDialogue value is set
isSkipable value is set
{"cache_ttl":10080,"cache_ttl_rewarded":10080,"cache_ttl_banner":10080,"cache_ttl_native":10080,"cache_ttl_icon":10080,"campaigns":[{"campaignID":"9384","attribution":0,"priority":"5","appToPromote":{"appToPromoteID":"13185","usesDefaultFrameImage":"0","usesDefaultCloseImage":"0","marketURL":"https:\/\/play.google.com\/store\/apps\/details?id=com.gamesarena.flying.bike.tricks.stunts&amp;referrer=utm_source=42matters.com&amp;utm_medium=api","packageID":"com.gamesarena.flying.bike.tricks.stunts"},"showTemplate":1,"s2s_tracking_url":"https:\/\/play.google.com\/store\/apps\/details?id=com.gamesarena.flying.bike.tricks.stunts&amp;referrer=utm_source=42matters.com&amp;utm_medium=api","activeCreativeID":"4829","scenes":["12","1","8","6","15","2","9"],"campaignAdType":"Interstitial"},{"campaignID":"9386","attribution":0,"priority":"5","appToPromote":{"appToPromoteID":"17764","usesDefaultFrameImage":"0","usesDefaultCloseImage":"0","marketURL":"https:\/\/play.google.com\/store\/apps\/details?id=com.visiblebody.atlas&amp;referrer=utm_source=42matters.com&amp;utm_medium=api","packageID":"com.gamesarena..test6324"},"showTemplate":1,"s2s_tracking_url":"https:\/\/play.google.com\/store\/apps\/details?id=com.visiblebody.atlas&amp;referrer=utm_source=42matters.com&amp;utm_medium=api","activeCreativeID":"4828","scenes":["12","1","8","6","15","2","9"],"campaignAdType":"Interstitial"},{"campaignID":"9389","attribution":0,"priority":"5","appToPromote":{"appToPromoteID":"13185","usesDefaultFrameImage":"0","usesDefaultCloseImage":"0","marketURL":"https:\/\/play.google.com\/store\/apps\/details?id=com.gamesarena.flying.bike.tricks.stunts&amp;referrer=utm_source=42matters.com&amp;utm_medium=api","packageID":"com.gamesarena.flying.bike.tricks.stunts"},"showTemplate":1,"s2s_tracking_url":"https:\/\/play.google.com\/store\/apps\/details?id=com.gamesarena.flying.bike.tricks.stunts&amp;referrer=utm_source=42matters.com&amp;utm_medium=api","activeCreativeID":"4829","scenes":["12","1","8","6","15","2","9"],"campaignAdType":"Interstitial"},{"campaignID":"9390","attribution":0,"priority":"5","appToPromote":{"appToPromoteID":"17764","usesDefaultFrameImage":"0","usesDefaultCloseImage":"0","marketURL":"https:\/\/play.google.com\/store\/apps\/details?id=com.visiblebody.atlas&amp;referrer=utm_source=42matters.com&amp;utm_medium=api","packageID":"com.gamesarena..test6324"},"showTemplate":1,"s2s_tracking_url":"https:\/\/play.google.com\/store\/apps\/details?id=com.visiblebody.atlas&amp;referrer=utm_source=42matters.com&amp;utm_medium=api","activeCreativeID":"4828","scenes":["12","1","8","6","15","2","9"],"campaignAdType":"Interstitial"},{"campaignID":"7091","attribution":0,"priority":"5","appToPromote":{"appToPromoteID":"12455","usesDefaultFrameImage":"0","usesDefaultCloseImage":"0","marketURL":"https:\/\/play.google.com\/store\/apps\/details?id=com.vg.trail.bike.extreme.stuntmaster","packageID":"com.vg.trail.bike.extreme.stuntmaster"},"showTemplate":1,"s2s_tracking_url":"https:\/\/play.google.com\/store\/apps\/details?id=com.vg.trail.bike.extreme.stuntmaster","activeCreativeID":"3181","scenes":["12","1","8","6","15","2","9"],"campaignAdType":"Icon"},{"campaignID":"7129","attribution":0,"priority":"5","appToPromote":{"appToPromoteID":"13230","usesDefaultFrameImage":"0","usesDefaultCloseImage":"0","marketURL":"https:\/\/play.google.com\/store\/apps\/details?id=com.vg.speed.car.racing.furious.stunts.games","packageID":"com.vg.speed.car.racing.furious.stunts.games"},"showTemplate":1,"s2s_tracking_url":"https:\/\/play.google.com\/store\/apps\/details?id=com.vg.speed.car.racing.furious.stunts.games","activeCreativeID":"3182","scenes":["12","1","8","6","15","2","9"],"campaignAdType":"Icon"},{"campaignID":"7812","attribution":0,"priority":"5","appToPromote":{"appToPromoteID":"15674","usesDefaultFrameImage":"0","usesDefaultCloseImage":"0","marketURL":"https:\/\/play.google.com\/store\/apps\/details?id=com.vg.airplane.flight.pilot.simulator","packageID":"com.vg.airplane.flight.pilot.simulator"},"showTemplate":1,"s2s_tracking_url":"https:\/\/play.google.com\/store\/apps\/details?id=com.vg.airplane.flight.pilot.simulator","activeCreativeID":"3086","scenes":["12","1","8","6","15","2","9"],"campaignAdType":"Interstitial"},{"campaignID":"8709","attribution":0,"priority":"5","appToPromote":{"appToPromoteID":"15674","usesDefaultFrameImage":"0","usesDefaultCloseImage":"0","marketURL":"https:\/\/play.google.com\/store\/apps\/details?id=com.vg.airplane.flight.pilot.simulator","packageID":"com.vg.airplane.flight.pilot.simulator"},"showTemplate":1,"s2s_tracking_url":"https:\/\/play.google.com\/store\/apps\/details?id=com.vg.airplane.flight.pilot.simulator","activeCreativeID":"4068","scenes":["12","1","8","6","15","2","9"],"campaignAdType":"Native","title":"Airplane Pilot ","subTitle":"Airplane Simulator Game","description":"Play The Best Plane Sim","adClickThroughText":"Install Now"},{"campaignID":"8858","attribution":0,"priority":"5","appToPromote":{"appToPromoteID":"1992","usesDefaultFrameImage":"0","usesDefaultCloseImage":"0","marketURL":"https:\/\/play.google.com\/store\/apps\/details?id=com.vg.prisonerbreakout.HardTime","packageID":"com.vg.prisonerbreakout.HardTime"},"showTemplate":1,"s2s_tracking_url":"https:\/\/play.google.com\/store\/apps\/details?id=com.vg.prisonerbreakout.HardTime","activeCreativeID":"4220","scenes":["12","1","8","6","15","2","9"],"campaignAdType":"Interstitial"},{"campaignID":"7813","attribution":0,"priority":"3","appToPromote":{"appToPromoteID":"15674","usesDefaultFrameImage":"0","usesDefaultCloseImage":"0","marketURL":"https:\/\/play.google.com\/store\/apps\/details?id=com.vg.airplane.flight.pilot.simulator","packageID":"com.vg.airplane.flight.pilot.simulator"},"showTemplate":1,"s2s_tracking_url":"https:\/\/play.google.com\/store\/apps\/details?id=com.vg.airplane.flight.pilot.simulator","activeCreativeID":"3183","scenes":["12","1","8","6","15","2","9"],"campaignAdType":"Icon"},{"campaignID":"6393","attribution":0,"priority":"2","appToPromote":{"appToPromoteID":"12455","usesDefaultFrameImage":"0","usesDefaultCloseImage":"0","marketURL":"https:\/\/play.google.com\/store\/apps\/details?id=com.vg.trail.bike.extreme.stuntmaster","packageID":"com.vg.trail.bike.extreme.stuntmaster"},"showTemplate":1,"s2s_tracking_url":"https:\/\/play.google.com\/store\/apps\/details?id=com.vg.trail.bike.extreme.stuntmaster","activeCreativeID":"1540","scenes":["12","1","8","6","15","2","9"],"campaignAdType":"Video"},{"campaignID":"7750","attribution":0,"priority":"2","appToPromote":{"appToPromoteID":"1936","usesDefaultFrameImage":"0","usesDefaultCloseImage":"0","marketURL":"https:\/\/play.google.com\/store\/apps\/details?id=com.vg.crazy.car.rush.pro.taxi.driver","packageID":"com.vg.crazy.car.rush.pro.taxi.driver"},"showTemplate":1,"s2s_tracking_url":"https:\/\/play.google.com\/store\/apps\/details?id=com.vg.crazy.car.rush.pro.taxi.driver","activeCreativeID":"3007","scenes":["12","1","8","6","15","2","9"],"campaignAdType":"Icon"},{"campaignID":"9249","attribution_link":"https:\/\/app.appsflyer.com\/com.lgn.gun.strike.war.train.shooting.games?pid=consoliads_int&amp;af_click_lookback=7d&amp;clickid=1936_9249_1395&amp;android_id={android_id}&amp;sha1_android_id={sha1_android_id}&amp;advertising_id=1395&amp;sha1_advertising_id=64bed117196c2624f38bb8da114684eeb96ff68a&amp;af_keywords=2","attribution":1,"priority":"8","appToPromote":{"appToPromoteID":"13421","usesDefaultFrameImage":"0","usesDefaultCloseImage":"0","marketURL":"http:\/\/www.google.com","packageID":"com.appricot2d.testt"},"showTemplate":1,"s2s_tracking_url":"https:\/\/app.appsflyer.com\/com.lgn.gun.strike.war.train.shooting.games?pid=consoliads_int&amp;af_click_lookback=7d&amp;clickid=1936_9249_1395&amp;android_id={android_id}&amp;sha1_android_id={sha1_android_id}&amp;advertising_id=1395&amp;sha1_advertising_id=64bed117196c2624f38bb8da114684eeb96ff68a&amp;af_keywords=2","activeCreativeID":"4679","scenes":["12","1","8","6","15","2","9"],"campaignAdType":"Interstitial"},{"campaignID":"9252","attribution":0,"priority":"8","appToPromote":{"appToPromoteID":"12315","usesDefaultFrameImage":"0","usesDefaultCloseImage":"0","marketURL":"google.com","packageID":"com.qabrand.plnative"},"showTemplate":1,"s2s_tracking_url":"google.com","activeCreativeID":"4683","scenes":["12","1","8","6","15","2","9"],"campaignAdType":"Native","title":"Native first","subTitle":"First ","description":"New description","adClickThroughText":"FIRST Button"},{"campaignID":"9253","attribution":0,"priority":"8","appToPromote":{"appToPromoteID":"12315","usesDefaultFrameImage":"0","usesDefaultCloseImage":"0","marketURL":"google.com","packageID":"com.qabrand.plnative"},"showTemplate":1,"s2s_tracking_url":"google.com","activeCreativeID":"4683","scenes":["12","1","8","6","15","2","9"],"campaignAdType":"Native","title":"Native first","subTitle":"First ","description":"New description","adClickThroughText":"FIRST Button"},{"campaignID":"9255","attribution":0,"priority":"8","appToPromote":{"appToPromoteID":"13274","usesDefaultFrameImage":"0","usesDefaultCloseImage":"0","marketURL":"https:\/\/play.google.com\/store\/apps\/details?id=com.facebook.katana","packageID":"com.salon.adsalon"},"showTemplate":1,"s2s_tracking_url":"https:\/\/play.google.com\/store\/apps\/details?id=com.facebook.katana","activeCreativeID":"4685","scenes":["12","1","8","6","15","2","9"],"campaignAdType":"Native","title":"native NA ","subTitle":"native NA ","description":"native NA added","adClickThroughText":"native NA "},{"campaignID":"9257","attribution":0,"priority":"8","appToPromote":{"appToPromoteID":"12286","usesDefaultFrameImage":"0","usesDefaultCloseImage":"0","marketURL":"google.com","packageID":"com.qabrand.Chartboost_Native"},"showTemplate":1,"s2s_tracking_url":"google.com","activeCreativeID":"4688","scenes":["12","1","8","6","15","2","9"],"campaignAdType":"Native","title":"Native second updated","subTitle":"Native second ","description":"Native second details","adClickThroughText":"Native second "},{"campaignID":"9261","attribution_link":"https:\/\/app.appsflyer.com\/com.lgn.gun.strike.war.train.shooting.games?pid=consoliads_int&amp;af_click_lookback=7d&amp;clickid=1936_9261_1395&amp;android_id={android_id}&amp;sha1_android_id={sha1_android_id}&amp;advertising_id=1395&amp;sha1_advertising_id=64bed117196c2624f38bb8da114684eeb96ff68a&amp;af_keywords=2","attribution":1,"priority":"8","appToPromote":{"appToPromoteID":"13421","usesDefaultFrameImage":"0","usesDefaultCloseImage":"0","marketURL":"http:\/\/www.google.com","packageID":"com.appricot2d.testt"},"showTemplate":1,"s2s_tracking_url":"https:\/\/app.appsflyer.com\/com.lgn.gun.strike.war.train.shooting.games?pid=consoliads_int&amp;af_click_lookback=7d&amp;clickid=1936_9261_1395&amp;android_id={android_id}&amp;sha1_android_id={sha1_android_id}&amp;advertising_id=1395&amp;sha1_advertising_id=64bed117196c2624f38bb8da114684eeb96ff68a&amp;af_keywords=2","activeCreativeID":"4692","scenes":["12","1","8","6","15","2","9"],"campaignAdType":"Interstitial"},{"campaignID":"9263","attribution":0,"priority":"8","appToPromote":{"appToPromoteID":"12315","usesDefaultFrameImage":"0","usesDefaultCloseImage":"0","marketURL":"google.com","packageID":"com.qabrand.plnative"},"showTemplate":1,"s2s_tracking_url":"google.com","activeCreativeID":"4694","scenes":["12","1","8","6","15","2","9"],"campaignAdType":"Native","title":"test","subTitle":"test","description":" test details update","adClickThroughText":"test"},{"campaignID":"9131","attribution":0,"priority":"8","appToPromote":{"appToPromoteID":"17532","usesDefaultFrameImage":"0","usesDefaultCloseImage":"0","marketURL":"https:\/\/play.google.com\/store\/apps\/details?id=com.dhgate.buyermob","packageID":"com.dhgate.buyermob"},"showTemplate":1,"s2s_tracking_url":"https:\/\/tha.gotrackier.com\/click?campaign_id=63254\\u0026pub_id=75?p1=1936_9131_1395&amp;source=6841&amp;app_name=ProTAXIDriverCrazyCarRush&amp;gaid=1395","activeCreativeID":"4483","scenes":["12","1","8","6","15","2","9"],"campaignAdType":"Interstitial"},{"campaignID":"561","attribution":0,"priority":"6","appToPromote":{"appToPromoteID":"5026","usesDefaultFrameImage":"0","usesDefaultCloseImage":"0","marketURL":"https:\/\/play.google.com\/store\/apps\/details?id=com.as.cashupapp","packageID":"com.as.cashupapp"},"showTemplate":1,"s2s_tracking_url":"https:\/\/play.google.com\/store\/apps\/details?id=com.as.cashupapp","activeCreativeID":"652","scenes":["12","1","8","6","15","2","9"],"campaignAdType":"Interstitial"}],"refreshAdRate":30,"mode":"Production","aspectRatio":"4_3","cdnPath":"https:\/\/df8ymybeo92md.cloudfront.net\/images\/","sentry_log":0,"local_logging":0,"sentry_dsn":"https:\/\/93ffa1c9a4124f67b8888a53265f751a:bbf998e04584477fa9a145838e9d3b26@sentry.io\/168994","sentry_initialization":1,"sentry_debugging":0,"bannerSizes":["1"],"aspectRatioVideo":"16_9","app_id":"1936","showPreRewardedDialogue":0,"showPostRewardedDialogue":0,"rewardCurrency":"coins","rewardValue":0,"isSkipable":1,"privacyPolicyURL":"https:\/\/www.consoliads.com\/privacy-policy\/","sessionToken":"Hn9+acDF7cDswLJrQ5w8mxeBmy14RygsDdwwgZIN8ryAPXn6Qg13ZF6onoRqNhR\/fWpUmO7sXiobxXwULcWdtxrSBoFPpDMWn5OQ1e+3JRe8EUxGylrZ\/WpLUMLIz\/8gAOR5oORHx1f6AeEQvtpcoelbjv9lHeGdML5Fr4SqGCc="}
Session token value is set


{"appKey":"516703e326af9856e83f9f4223432c4b","deviceID":"8984","stats":[{"campaignID":104,"packageID":"com.whitesand.construction.crane.cargo.plane","sceneStats":[{"sceneID":"23","eventStats":"389,289,189,89,89,0,0"}]}],"sdkVersion":"39","sessionToken":"Hn9+acDF7cDswLJrQ5w8mxeBmy14RygsDdwwgZIN8ryAPXn6Qg13ZF6onoRqNhR\/fWpUmO7sXiobxXwULcWdtxrSBoFPpDMWn5OQ1e+3JRe8EUxGylrZ\/WpLUMLIz\/8gAOR5oORHx1f6AeEQvtpcoelbjv9lHeGdML5Fr4SqGCc="}
cache_ttl value is correct

Refresh Ad Rate value is correct
mode value is set

 Aspect ratio value is correct
sentry_log value is set
local_logging value is set
sentry_initialization value is set
sentry_debugging value is set
showPreRewardedDialogue value is set
showPostRewardedDialogue value is set
isSkipable value is set
{"cache_ttl":10080,"cache_ttl_rewarded":10080,"cache_ttl_banner":10080,"cache_ttl_native":10080,"cache_ttl_icon":10080,"refreshAdRate":30,"mode":"Production","aspectRatio":"4_3","cdnPath":"https:\/\/df8ymybeo92md.cloudfront.net\/images\/","sentry_log":0,"local_logging":0,"sentry_dsn":"https:\/\/93ffa1c9a4124f67b8888a53265f751a:bbf998e04584477fa9a145838e9d3b26@sentry.io\/168994","sentry_initialization":1,"sentry_debugging":0,"bannerSizes":[],"aspectRatioVideo":"16_9","app_id":"1752","showPreRewardedDialogue":0,"showPostRewardedDialogue":0,"rewardCurrency":"coins","rewardValue":0,"isSkipable":0,"privacyPolicyURL":"https:\/\/www.consoliads.com\/privacy-policy\/","sessionToken":"NRJHNkePk5hhUYMa9n9vDsSTsPVUF6BhskmT4ZDDD0a9pzoiZ\/LD\/j5g1sY\/x31S3xhdT6x06y7LIaNum32xFIpR1DiBmlJ9GL5rR2\/a0oxanZk4SkoL\/75wHaDL3fF3+qw\/xCUhoogbA9vTGpdW128BUn8w6ilqy0F459fFpx4="}
Session token value is set


{"appKey":"01cc5c461d53ae065213c5cd8caabc4f","deviceID":"1035","stats":[{"campaignID":110,"packageID":"com.mizo.police.airplane.transporter","sceneStats":[{"sceneID":"3","eventStats":"311,211,111,11,11,0,0"}]}],"sdkVersion":"2151","sessionToken":"NRJHNkePk5hhUYMa9n9vDsSTsPVUF6BhskmT4ZDDD0a9pzoiZ\/LD\/j5g1sY\/x31S3xhdT6x06y7LIaNum32xFIpR1DiBmlJ9GL5rR2\/a0oxanZk4SkoL\/75wHaDL3fF3+qw\/xCUhoogbA9vTGpdW128BUn8w6ilqy0F459fFpx4="}
cache_ttl value is correct

Refresh Ad Rate value is correct
mode value is set

 Aspect ratio value is correct
sentry_log value is set
local_logging value is set
sentry_initialization value is set
sentry_debugging value is set
showPreRewardedDialogue value is set
showPostRewardedDialogue value is set
isSkipable value is set
{"cache_ttl":10080,"cache_ttl_rewarded":10080,"cache_ttl_banner":10080,"cache_ttl_native":10080,"cache_ttl_icon":10080,"campaigns":[{"campaignID":"9277","attribution_link":"","attribution":1,"priority":"5","appToPromote":{"appToPromoteID":"17609","usesDefaultFrameImage":"0","usesDefaultCloseImage":"0","marketURL":"https:\/\/smartbear.com\/learn\/automated-testing\/test-automation-frameworks\/","packageID":"com.buntoo.buntooAd"},"showTemplate":1,"s2s_tracking_url":"","activeCreativeID":"4702","scenes":["1","2","6","4","5","15"],"campaignAdType":"Interstitial"},{"campaignID":"9278","attribution":0,"priority":"5","appToPromote":{"appToPromoteID":"17609","usesDefaultFrameImage":"0","usesDefaultCloseImage":"0","marketURL":"https:\/\/smartbear.com\/learn\/automated-testing\/test-automation-frameworks\/","packageID":"com.buntoo.buntooAd"},"showTemplate":1,"s2s_tracking_url":"https:\/\/smartbear.com\/learn\/automated-testing\/test-automation-frameworks\/","activeCreativeID":"4701","scenes":["1","2","6","4","5","15"],"campaignAdType":"Interstitial"},{"campaignID":"9279","attribution":0,"priority":"5","appToPromote":{"appToPromoteID":"17609","usesDefaultFrameImage":"0","usesDefaultCloseImage":"0","marketURL":"https:\/\/smartbear.com\/learn\/automated-testing\/test-automation-frameworks\/","packageID":"com.buntoo.buntooAd"},"showTemplate":1,"s2s_tracking_url":"https:\/\/smartbear.com\/learn\/automated-testing\/test-automation-frameworks\/","activeCreativeID":"4701","scenes":["1","2","6","4","5","15"],"campaignAdType":"Interstitial"},{"campaignID":"9280","attribution":0,"priority":"5","appToPromote":{"appToPromoteID":"17609","usesDefaultFrameImage":"0","usesDefaultCloseImage":"0","marketURL":"https:\/\/smartbear.com\/learn\/automated-testing\/test-automation-frameworks\/","packageID":"com.buntoo.buntooAd"},"showTemplate":1,"s2s_tracking_url":"https:\/\/smartbear.com\/learn\/automated-testing\/test-automation-frameworks\/","activeCreativeID":"4701","scenes":["1","2","6","4","5","15"],"campaignAdType":"Interstitial"},{"campaignID":"6766","attribution":0,"priority":"5","appToPromote":{"appToPromoteID":"13422","usesDefaultFrameImage":"0","usesDefaultCloseImage":"0","marketURL":"https:\/\/play.google.com\/store\/apps\/details?id=com.mizo.monster.truck.games","packageID":"com.mizo.monster.truck.games"},"showTemplate":1,"s2s_tracking_url":"https:\/\/play.google.com\/store\/apps\/details?id=com.mizo.monster.truck.games","activeCreativeID":"1880","scenes":["1","2","6","4","5","15"],"campaignAdType":"Icon"},{"campaignID":"7359","attribution":0,"priority":"5","appToPromote":{"appToPromoteID":"14746","usesDefaultFrameImage":"0","usesDefaultCloseImage":"0","marketURL":"https:\/\/play.google.com\/store\/apps\/details?id=com.buntoo.army.bus.parking","packageID":"com.buntoo.army.bus.parking"},"showTemplate":1,"s2s_tracking_url":"https:\/\/play.google.com\/store\/apps\/details?id=com.buntoo.army.bus.parking","activeCreativeID":"2497","scenes":["1","2","6","4","5","15"],"campaignAdType":"Video"},{"campaignID":"7370","attribution":0,"priority":"5","appToPromote":{"appToPromoteID":"14808","usesDefaultFrameImage":"0","usesDefaultCloseImage":"0","marketURL":"https:\/\/play.google.com\/store\/apps\/details?id=com.mizo.turtle.robot.transform.game","packageID":"com.mizo.turtle.robot.transform.game"},"showTemplate":1,"s2s_tracking_url":"https:\/\/play.google.com\/store\/apps\/details?id=com.mizo.turtle.robot.transform.game","activeCreativeID":"2509","scenes":["1","2","6","4","5","15"],"campaignAdType":"Icon"},{"campaignID":"7518","attribution":0,"priority":"5","appToPromote":{"appToPromoteID":"15052","usesDefaultFrameImage":"0","usesDefaultCloseImage":"0","marketURL":"https:\/\/play.google.com\/store\/apps\/details?id=com.mizo.robot.fps.shooting.game","packageID":"com.mizo.robot.fps.shooting.game"},"showTemplate":1,"s2s_tracking_url":"https:\/\/play.google.com\/store\/apps\/details?id=com.mizo.robot.fps.shooting.game","activeCreativeID":"2705","scenes":["1","2","4","5","6"],"campaignAdType":"Icon"},{"campaignID":"7519","attribution":0,"priority":"5","appToPromote":{"appToPromoteID":"15052","usesDefaultFrameImage":"0","usesDefaultCloseImage":"0","marketURL":"https:\/\/play.google.com\/store\/apps\/details?id=com.mizo.robot.fps.shooting.game","packageID":"com.mizo.robot.fps.shooting.game"},"showTemplate":1,"s2s_tracking_url":"https:\/\/play.google.com\/store\/apps\/details?id=com.mizo.robot.fps.shooting.game","activeCreativeID":"2707","scenes":["1","2","6","4","5","15"],"campaignAdType":"Video"},{"campaignID":"7554","attribution":0,"priority":"5","appToPromote":{"appToPromoteID":"15122","usesDefaultFrameImage":"0","usesDefaultCloseImage":"0","marketURL":"https:\/\/play.google.com\/store\/apps\/details?id=com.mizo.rooftop.fps.shooting","packageID":"com.mizo.rooftop.fps.shooting"},"showTemplate":1,"s2s_tracking_url":"https:\/\/play.google.com\/store\/apps\/details?id=com.mizo.rooftop.fps.shooting","activeCreativeID":"2735","scenes":["1","2","4","5","6"],"campaignAdType":"Icon"},{"campaignID":"7579","attribution":0,"priority":"5","appToPromote":{"appToPromoteID":"15098","usesDefaultFrameImage":"0","usesDefaultCloseImage":"0","marketURL":"https:\/\/play.google.com\/store\/apps\/details?id=com.gg.tps.shooting.games","packageID":"com.gg.tps.shooting.games"},"showTemplate":1,"s2s_tracking_url":"https:\/\/play.google.com\/store\/apps\/details?id=com.gg.tps.shooting.games","activeCreativeID":"2767","scenes":["1","2","6","4","5","15"],"campaignAdType":"Video"},{"campaignID":"7772","attribution":0,"priority":"5","appToPromote":{"appToPromoteID":"13049","usesDefaultFrameImage":"0","usesDefaultCloseImage":"0","marketURL":"https:\/\/play.google.com\/store\/apps\/details?id=com.mizo.quad.bike.shooting.games","packageID":"com.mizo.quad.bike.shooting.games"},"showTemplate":1,"s2s_tracking_url":"https:\/\/play.google.com\/store\/apps\/details?id=com.mizo.quad.bike.shooting.games","activeCreativeID":"3038","scenes":["1","2","6","4","5","15"],"campaignAdType":"Icon"},{"campaignID":"7838","attribution":0,"priority":"5","appToPromote":{"appToPromoteID":"15339","usesDefaultFrameImage":"0","usesDefaultCloseImage":"0","marketURL":"https:\/\/play.google.com\/store\/apps\/details?id=com.buntoo.pilot.robot.games","packageID":"com.buntoo.pilot.robot.games"},"showTemplate":1,"s2s_tracking_url":"https:\/\/play.google.com\/store\/apps\/details?id=com.buntoo.pilot.robot.games","activeCreativeID":"3118","scenes":["1","2","6","4","5","15"],"campaignAdType":"Video"},{"campaignID":"7839","attribution":0,"priority":"5","appToPromote":{"appToPromoteID":"15287","usesDefaultFrameImage":"0","usesDefaultCloseImage":"0","marketURL":"https:\/\/play.google.com\/store\/apps\/details?id=com.happy.family.traffic.shooter.games","packageID":"com.happy.family.traffic.shooter.games"},"showTemplate":1,"s2s_tracking_url":"https:\/\/play.google.com\/store\/apps\/details?id=com.happy.family.traffic.shooter.games","activeCreativeID":"3119","scenes":["1","2","6","4","5","15"],"campaignAdType":"Video"},{"campaignID":"7921","attribution":0,"priority":"5","appToPromote":{"appToPromoteID":"15297","usesDefaultFrameImage":"0","usesDefaultCloseImage":"0","marketURL":"https:\/\/play.google.com\/store\/apps\/details?id=com.gg.castle.fps.shooting.game","packageID":"com.gg.castle.fps.shooting.game"},"showTemplate":1,"s2s_tracking_url":"https:\/\/play.google.com\/store\/apps\/details?id=com.gg.castle.fps.shooting.game","activeCreativeID":"3218","scenes":["1","2","6","4","5","15"],"campaignAdType":"Video"},{"campaignID":"7976","attribution":0,"priority":"5","appToPromote":{"appToPromoteID":"15693","usesDefaultFrameImage":"0","usesDefaultCloseImage":"0","marketURL":"https:\/\/play.google.com\/store\/apps\/details?id=com.mizo.elephant.robot.transport.games","packageID":"com.mizo.elephant.robot.transport.games"},"showTemplate":1,"s2s_tracking_url":"https:\/\/play.google.com\/store\/apps\/details?id=com.mizo.elephant.robot.transport.games","activeCreativeID":"3281","scenes":["1","2","6","4","5","15"],"campaignAdType":"Icon"},{"campaignID":"8047","attribution":0,"priority":"5","appToPromote":{"appToPromoteID":"15907","usesDefaultFrameImage":"0","usesDefaultCloseImage":"0","marketURL":"https:\/\/play.google.com\/store\/apps\/details?id=com.mizo.teddy.bear.gun.strike.game","packageID":"com.mizo.teddy.bear.gun.strike.game"},"showTemplate":1,"s2s_tracking_url":"https:\/\/play.google.com\/store\/apps\/details?id=com.mizo.teddy.bear.gun.strike.game","activeCreativeID":"3356","scenes":["1","2","6","4","5","15"],"campaignAdType":"Video"},{"campaignID":"8056","attribution":0,"priority":"5","appToPromote":{"appToPromoteID":"15907","usesDefaultFrameImage":"0","usesDefaultCloseImage":"0","marketURL":"https:\/\/play.google.com\/store\/apps\/details?id=com.mizo.teddy.bear.gun.strike.game","packageID":"com.mizo.teddy.bear.gun.strike.game"},"showTemplate":1,"s2s_tracking_url":"https:\/\/play.google.com\/store\/apps\/details?id=com.mizo.teddy.bear.gun.strike.game","activeCreativeID":"3361","scenes":["1","2","6","4","5","15"],"campaignAdType":"Icon"},{"campaignID":"8172","attribution":0,"priority":"5","appToPromote":{"appToPromoteID":"15929","usesDefaultFrameImage":"0","usesDefaultCloseImage":"0","marketURL":"https:\/\/play.google.com\/store\/apps\/details?id=com.buntoo.mosquito.robot.transform.game","packageID":"com.buntoo.mosquito.robot.transform.game"},"showTemplate":1,"s2s_tracking_url":"https:\/\/play.google.com\/store\/apps\/details?id=com.buntoo.mosquito.robot.transform.game","activeCreativeID":"3498","scenes":["1","2","6","4","5","15"],"campaignAdType":"Video"},{"campaignID":"8288","attribution":0,"priority":"5","appToPromote":{"appToPromoteID":"16314","usesDefaultFrameImage":"0","usesDefaultCloseImage":"0","marketURL":"https:\/\/play.google.com\/store\/apps\/details?id=com.mizo.modern.fps.shooting.game","packageID":"com.mizo.modern.fps.shooting.game"},"showTemplate":1,"s2s_tracking_url":"https:\/\/play.google.com\/store\/apps\/details?id=com.mizo.modern.fps.shooting.game","activeCreativeID":"4124","scenes":["1","2","6","4","5","15"],"campaignAdType":"Icon"},{"campaignID":"8289","attribution":0,"priority":"5","appToPromote":{"appToPromoteID":"16314","usesDefaultFrameImage":"0","usesDefaultCloseImage":"0","marketURL":"https:\/\/play.google.com\/store\/apps\/details?id=com.mizo.modern.fps.shooting.game","packageID":"com.mizo.modern.fps.shooting.game"},"showTemplate":1,"s2s_tracking_url":"https:\/\/play.google.com\/store\/apps\/details?id=com.mizo.modern.fps.shooting.game","activeCreativeID":"3623","scenes":["1","2","6","4","5","15"],"campaignAdType":"Video"},{"campaignID":"8644","attribution":0,"priority":"5","appToPromote":{"appToPromoteID":"16736","usesDefaultFrameImage":"0","usesDefaultCloseImage":"0","marketURL":"https:\/\/play.google.com\/store\/apps\/details?id=com.branches.formula.car.game","packageID":"com.tdg.F1FlyingDroneCar"},"showTemplate":1,"s2s_tracking_url":"https:\/\/play.google.com\/store\/apps\/details?id=com.branches.formula.car.game","activeCreativeID":"3999","scenes":["1","2","6","4","5","15"],"campaignAdType":"Interstitial"},{"campaignID":"8726","attribution":0,"priority":"5","appToPromote":{"appToPromoteID":"16019","usesDefaultFrameImage":"0","usesDefaultCloseImage":"0","marketURL":"https:\/\/play.google.com\/store\/apps\/details?id=com.happy.family.quad.bike.mountain.stunts","packageID":"com.happy.family.quad.bike.mountain.stunts"},"showTemplate":1,"s2s_tracking_url":"https:\/\/play.google.com\/store\/apps\/details?id=com.happy.family.quad.bike.mountain.stunts","activeCreativeID":"4084","scenes":["1","2","6","4","5","15"],"campaignAdType":"Interstitial"},{"campaignID":"8727","attribution":0,"priority":"5","appToPromote":{"appToPromoteID":"12670","usesDefaultFrameImage":"0","usesDefaultCloseImage":"0","marketURL":"https:\/\/play.google.com\/store\/apps\/details?id=com.cradley.shopping.mall.taxi.games","packageID":"com.cradley.shopping.mall.taxi.games"},"showTemplate":1,"s2s_tracking_url":"https:\/\/play.google.com\/store\/apps\/details?id=com.cradley.shopping.mall.taxi.games","activeCreativeID":"4085","scenes":["1","2","6","4","5","15"],"campaignAdType":"Interstitial"},{"campaignID":"8792","attribution":0,"priority":"5","appToPromote":{"appToPromoteID":"12670","usesDefaultFrameImage":"0","usesDefaultCloseImage":"0","marketURL":"https:\/\/play.google.com\/store\/apps\/details?id=com.cradley.shopping.mall.taxi.games","packageID":"com.cradley.shopping.mall.taxi.games"},"showTemplate":1,"s2s_tracking_url":"https:\/\/play.google.com\/store\/apps\/details?id=com.cradley.shopping.mall.taxi.games","activeCreativeID":"4154","scenes":["1","2","6","4","5","15"],"campaignAdType":"Video"}],"refreshAdRate":30,"mode":"Production","aspectRatio":"4_3","cdnPath":"https:\/\/df8ymybeo92md.cloudfront.net\/images\/","sentry_log":0,"local_logging":0,"sentry_dsn":"https:\/\/93ffa1c9a4124f67b8888a53265f751a:bbf998e04584477fa9a145838e9d3b26@sentry.io\/168994","sentry_initialization":1,"sentry_debugging":0,"bannerSizes":["1"],"aspectRatioVideo":"16_9","app_id":"1853","showPreRewardedDialogue":0,"showPostRewardedDialogue":0,"rewardCurrency":"coins","rewardValue":0,"isSkipable":1,"privacyPolicyURL":"https:\/\/www.consoliads.com\/privacy-policy\/","sessionToken":"TtOKVVfC4GrTEFH7eMwH1w0dEYx1cSVtecNKjso9vqoWCjJwuG04EGfDKKcGngpU2KoQXh53ylSBNYLWuJe7z+kXMlmJJdEFhdc2lMI3U9WrSH\/ZfmO5C8q1p0MZAdl9vfnCoVAEIrFJcKsvCC5sPz6gK0l6yqdI6kGx6+hqFAs="}
Session token value is set


{"appKey":"2f239cc63433a12656a3d1e2832fa017","deviceID":"8623","stats":[{"campaignID":114,"packageID":"com.vg.police.secret.agent.crime.gang","sceneStats":[{"sceneID":"22","eventStats":"386,286,186,86,86,0,0"}]}],"sdkVersion":"2163","sessionToken":"TtOKVVfC4GrTEFH7eMwH1w0dEYx1cSVtecNKjso9vqoWCjJwuG04EGfDKKcGngpU2KoQXh53ylSBNYLWuJe7z+kXMlmJJdEFhdc2lMI3U9WrSH\/ZfmO5C8q1p0MZAdl9vfnCoVAEIrFJcKsvCC5sPz6gK0l6yqdI6kGx6+hqFAs="}
cache_ttl value is correct

Title value is correct

Title value is correct

Title value is correct

Title value is correct

Title value is correct

Title value is correct

Refresh Ad Rate value is correct
mode value is set

 Aspect ratio value is correct
sentry_log value is set
local_logging value is set
sentry_initialization value is set
sentry_debugging value is set
showPreRewardedDialogue value is set
showPostRewardedDialogue value is set
isSkipable value is set
{"cache_ttl":10080,"cache_ttl_rewarded":10080,"cache_ttl_banner":10080,"cache_ttl_native":10080,"cache_ttl_icon":10080,"campaigns":[{"campaignID":"9384","attribution":0,"priority":"5","appToPromote":{"appToPromoteID":"13185","usesDefaultFrameImage":"0","usesDefaultCloseImage":"0","marketURL":"https:\/\/play.google.com\/store\/apps\/details?id=com.gamesarena.flying.bike.tricks.stunts&amp;referrer=utm_source=42matters.com&amp;utm_medium=api","packageID":"com.gamesarena.flying.bike.tricks.stunts"},"showTemplate":1,"s2s_tracking_url":"https:\/\/play.google.com\/store\/apps\/details?id=com.gamesarena.flying.bike.tricks.stunts&amp;referrer=utm_source=42matters.com&amp;utm_medium=api","activeCreativeID":"4829","scenes":["12","1","8","6","15","2","9"],"campaignAdType":"Interstitial"},{"campaignID":"9386","attribution":0,"priority":"5","appToPromote":{"appToPromoteID":"17764","usesDefaultFrameImage":"0","usesDefaultCloseImage":"0","marketURL":"https:\/\/play.google.com\/store\/apps\/details?id=com.visiblebody.atlas&amp;referrer=utm_source=42matters.com&amp;utm_medium=api","packageID":"com.gamesarena..test6324"},"showTemplate":1,"s2s_tracking_url":"https:\/\/play.google.com\/store\/apps\/details?id=com.visiblebody.atlas&amp;referrer=utm_source=42matters.com&amp;utm_medium=api","activeCreativeID":"4828","scenes":["12","1","8","6","15","2","9"],"campaignAdType":"Interstitial"},{"campaignID":"9389","attribution":0,"priority":"5","appToPromote":{"appToPromoteID":"13185","usesDefaultFrameImage":"0","usesDefaultCloseImage":"0","marketURL":"https:\/\/play.google.com\/store\/apps\/details?id=com.gamesarena.flying.bike.tricks.stunts&amp;referrer=utm_source=42matters.com&amp;utm_medium=api","packageID":"com.gamesarena.flying.bike.tricks.stunts"},"showTemplate":1,"s2s_tracking_url":"https:\/\/play.google.com\/store\/apps\/details?id=com.gamesarena.flying.bike.tricks.stunts&amp;referrer=utm_source=42matters.com&amp;utm_medium=api","activeCreativeID":"4829","scenes":["12","1","8","6","15","2","9"],"campaignAdType":"Interstitial"},{"campaignID":"9390","attribution":0,"priority":"5","appToPromote":{"appToPromoteID":"17764","usesDefaultFrameImage":"0","usesDefaultCloseImage":"0","marketURL":"https:\/\/play.google.com\/store\/apps\/details?id=com.visiblebody.atlas&amp;referrer=utm_source=42matters.com&amp;utm_medium=api","packageID":"com.gamesarena..test6324"},"showTemplate":1,"s2s_tracking_url":"https:\/\/play.google.com\/store\/apps\/details?id=com.visiblebody.atlas&amp;referrer=utm_source=42matters.com&amp;utm_medium=api","activeCreativeID":"4828","scenes":["12","1","8","6","15","2","9"],"campaignAdType":"Interstitial"},{"campaignID":"7812","attribution":0,"priority":"5","appToPromote":{"appToPromoteID":"15674","usesDefaultFrameImage":"0","usesDefaultCloseImage":"0","marketURL":"https:\/\/play.google.com\/store\/apps\/details?id=com.vg.airplane.flight.pilot.simulator","packageID":"com.vg.airplane.flight.pilot.simulator"},"showTemplate":1,"s2s_tracking_url":"https:\/\/play.google.com\/store\/apps\/details?id=com.vg.airplane.flight.pilot.simulator","activeCreativeID":"3086","scenes":["12","1","8","6","15","2","9"],"campaignAdType":"Interstitial"},{"campaignID":"8709","attribution":0,"priority":"5","appToPromote":{"appToPromoteID":"15674","usesDefaultFrameImage":"0","usesDefaultCloseImage":"0","marketURL":"https:\/\/play.google.com\/store\/apps\/details?id=com.vg.airplane.flight.pilot.simulator","packageID":"com.vg.airplane.flight.pilot.simulator"},"showTemplate":1,"s2s_tracking_url":"https:\/\/play.google.com\/store\/apps\/details?id=com.vg.airplane.flight.pilot.simulator","activeCreativeID":"4068","scenes":["12","1","8","6","15","2","9"],"campaignAdType":"Native","title":"Airplane Pilot ","subTitle":"Airplane Simulator Game","description":"Play The Best Plane Sim","adClickThroughText":"Install Now"},{"campaignID":"8858","attribution":0,"priority":"5","appToPromote":{"appToPromoteID":"1992","usesDefaultFrameImage":"0","usesDefaultCloseImage":"0","marketURL":"https:\/\/play.google.com\/store\/apps\/details?id=com.vg.prisonerbreakout.HardTime","packageID":"com.vg.prisonerbreakout.HardTime"},"showTemplate":1,"s2s_tracking_url":"https:\/\/play.google.com\/store\/apps\/details?id=com.vg.prisonerbreakout.HardTime","activeCreativeID":"4220","scenes":["12","1","8","6","15","2","9"],"campaignAdType":"Interstitial"},{"campaignID":"7813","attribution":0,"priority":"3","appToPromote":{"appToPromoteID":"15674","usesDefaultFrameImage":"0","usesDefaultCloseImage":"0","marketURL":"https:\/\/play.google.com\/store\/apps\/details?id=com.vg.airplane.flight.pilot.simulator","packageID":"com.vg.airplane.flight.pilot.simulator"},"showTemplate":1,"s2s_tracking_url":"https:\/\/play.google.com\/store\/apps\/details?id=com.vg.airplane.flight.pilot.simulator","activeCreativeID":"3183","scenes":["12","1","8","6","15","2","9"],"campaignAdType":"Icon"},{"campaignID":"7750","attribution":0,"priority":"2","appToPromote":{"appToPromoteID":"1936","usesDefaultFrameImage":"0","usesDefaultCloseImage":"0","marketURL":"https:\/\/play.google.com\/store\/apps\/details?id=com.vg.crazy.car.rush.pro.taxi.driver","packageID":"com.vg.crazy.car.rush.pro.taxi.driver"},"showTemplate":1,"s2s_tracking_url":"https:\/\/play.google.com\/store\/apps\/details?id=com.vg.crazy.car.rush.pro.taxi.driver","activeCreativeID":"3007","scenes":["12","1","8","6","15","2","9"],"campaignAdType":"Icon"},{"campaignID":"8226","attribution":0,"priority":"8","appToPromote":{"appToPromoteID":"12623","usesDefaultFrameImage":"0","usesDefaultCloseImage":"0","marketURL":"https:\/\/play.google.com\/store\/apps\/details?id=com.igg.android.lordsmobile&amp;referrer=utm_source=42matters.com&amp;utm_medium=api","packageID":"com.nooribrand.android.lordsmobile"},"showTemplate":1,"s2s_tracking_url":"https:\/\/play.google.com\/store\/apps\/details?id=com.igg.android.lordsmobile&amp;referrer=utm_source=42matters.com&amp;utm_medium=api","activeCreativeID":"3557","scenes":["12","1","8","6","15","2","9"],"campaignAdType":"Icon"},{"campaignID":"9249","attribution_link":"https:\/\/app.appsflyer.com\/com.lgn.gun.strike.war.train.shooting.games?pid=consoliads_int&amp;af_click_lookback=7d&amp;clickid=2007_9249_8623&amp;android_id={android_id}&amp;sha1_android_id={sha1_android_id}&amp;advertising_id=8623&amp;sha1_advertising_id=dbbdcb57b5de2ec807d5a27fd6b20f7c7f8c3ac4&amp;af_keywords=2","attribution":1,"priority":"8","appToPromote":{"appToPromoteID":"13421","usesDefaultFrameImage":"0","usesDefaultCloseImage":"0","marketURL":"http:\/\/www.google.com","packageID":"com.appricot2d.testt"},"showTemplate":1,"s2s_tracking_url":"https:\/\/app.appsflyer.com\/com.lgn.gun.strike.war.train.shooting.games?pid=consoliads_int&amp;af_click_lookback=7d&amp;clickid=2007_9249_8623&amp;android_id={android_id}&amp;sha1_android_id={sha1_android_id}&amp;advertising_id=8623&amp;sha1_advertising_id=dbbdcb57b5de2ec807d5a27fd6b20f7c7f8c3ac4&amp;af_keywords=2","activeCreativeID":"4679","scenes":["12","1","8","6","15","2","9"],"campaignAdType":"Interstitial"},{"campaignID":"9252","attribution":0,"priority":"8","appToPromote":{"appToPromoteID":"12315","usesDefaultFrameImage":"0","usesDefaultCloseImage":"0","marketURL":"google.com","packageID":"com.qabrand.plnative"},"showTemplate":1,"s2s_tracking_url":"google.com","activeCreativeID":"4683","scenes":["12","1","8","6","15","2","9"],"campaignAdType":"Native","title":"Native first","subTitle":"First ","description":"New description","adClickThroughText":"FIRST Button"},{"campaignID":"9253","attribution":0,"priority":"8","appToPromote":{"appToPromoteID":"12315","usesDefaultFrameImage":"0","usesDefaultCloseImage":"0","marketURL":"google.com","packageID":"com.qabrand.plnative"},"showTemplate":1,"s2s_tracking_url":"google.com","activeCreativeID":"4683","scenes":["12","1","8","6","15","2","9"],"campaignAdType":"Native","title":"Native first","subTitle":"First ","description":"New description","adClickThroughText":"FIRST Button"},{"campaignID":"9255","attribution":0,"priority":"8","appToPromote":{"appToPromoteID":"13274","usesDefaultFrameImage":"0","usesDefaultCloseImage":"0","marketURL":"https:\/\/play.google.com\/store\/apps\/details?id=com.facebook.katana","packageID":"com.salon.adsalon"},"showTemplate":1,"s2s_tracking_url":"https:\/\/play.google.com\/store\/apps\/details?id=com.facebook.katana","activeCreativeID":"4685","scenes":["12","1","8","6","15","2","9"],"campaignAdType":"Native","title":"native NA ","subTitle":"native NA ","description":"native NA added","adClickThroughText":"native NA "},{"campaignID":"9257","attribution":0,"priority":"8","appToPromote":{"appToPromoteID":"12286","usesDefaultFrameImage":"0","usesDefaultCloseImage":"0","marketURL":"google.com","packageID":"com.qabrand.Chartboost_Native"},"showTemplate":1,"s2s_tracking_url":"google.com","activeCreativeID":"4688","scenes":["12","1","8","6","15","2","9"],"campaignAdType":"Native","title":"Native second updated","subTitle":"Native second ","description":"Native second details","adClickThroughText":"Native second "},{"campaignID":"9261","attribution_link":"https:\/\/app.appsflyer.com\/com.lgn.gun.strike.war.train.shooting.games?pid=consoliads_int&amp;af_click_lookback=7d&amp;clickid=2007_9261_8623&amp;android_id={android_id}&amp;sha1_android_id={sha1_android_id}&amp;advertising_id=8623&amp;sha1_advertising_id=dbbdcb57b5de2ec807d5a27fd6b20f7c7f8c3ac4&amp;af_keywords=2","attribution":1,"priority":"8","appToPromote":{"appToPromoteID":"13421","usesDefaultFrameImage":"0","usesDefaultCloseImage":"0","marketURL":"http:\/\/www.google.com","packageID":"com.appricot2d.testt"},"showTemplate":1,"s2s_tracking_url":"https:\/\/app.appsflyer.com\/com.lgn.gun.strike.war.train.shooting.games?pid=consoliads_int&amp;af_click_lookback=7d&amp;clickid=2007_9261_8623&amp;android_id={android_id}&amp;sha1_android_id={sha1_android_id}&amp;advertising_id=8623&amp;sha1_advertising_id=dbbdcb57b5de2ec807d5a27fd6b20f7c7f8c3ac4&amp;af_keywords=2","activeCreativeID":"4692","scenes":["12","1","8","6","15","2","9"],"campaignAdType":"Interstitial"},{"campaignID":"9263","attribution":0,"priority":"8","appToPromote":{"appToPromoteID":"12315","usesDefaultFrameImage":"0","usesDefaultCloseImage":"0","marketURL":"google.com","packageID":"com.qabrand.plnative"},"showTemplate":1,"s2s_tracking_url":"google.com","activeCreativeID":"4694","scenes":["12","1","8","6","15","2","9"],"campaignAdType":"Native","title":"test","subTitle":"test","description":" test details update","adClickThroughText":"test"},{"campaignID":"9131","attribution":0,"priority":"8","appToPromote":{"appToPromoteID":"17532","usesDefaultFrameImage":"0","usesDefaultCloseImage":"0","marketURL":"https:\/\/play.google.com\/store\/apps\/details?id=com.dhgate.buyermob","packageID":"com.dhgate.buyermob"},"showTemplate":1,"s2s_tracking_url":"https:\/\/tha.gotrackier.com\/click?campaign_id=63254\\u0026pub_id=75?p1=2007_9131_8623&amp;source=6841&amp;app_name=PoliceSecretAgentCrimeGang&amp;gaid=8623","activeCreativeID":"4483","scenes":["12","1","8","6","15","2","9"],"campaignAdType":"Interstitial"},{"campaignID":"561","attribution":0,"priority":"6","appToPromote":{"appToPromoteID":"5026","usesDefaultFrameImage":"0","usesDefaultCloseImage":"0","marketURL":"https:\/\/play.google.com\/store\/apps\/details?id=com.as.cashupapp","packageID":"com.as.cashupapp"},"showTemplate":1,"s2s_tracking_url":"https:\/\/play.google.com\/store\/apps\/details?id=com.as.cashupapp","activeCreativeID":"652","scenes":["12","1","8","6","15","2","9"],"campaignAdType":"Interstitial"},{"campaignID":"570","attribution":0,"priority":"6","appToPromote":{"appToPromoteID":"3802","usesDefaultFrameImage":"0","usesDefaultCloseImage":"0","marketURL":"https:\/\/play.google.com\/store\/apps\/details?id=com.Madxstudios.Flickshootsoccer","packageID":"com.Madxstudios.Flickshootsoccer"},"showTemplate":1,"s2s_tracking_url":"https:\/\/play.google.com\/store\/apps\/details?id=com.Madxstudios.Flickshootsoccer","activeCreativeID":"661","scenes":["12","1","8","6","15","2","9"],"campaignAdType":"Interstitial"},{"campaignID":"588","attribution":0,"priority":"6","appToPromote":{"appToPromoteID":"5026","usesDefaultFrameImage":"0","usesDefaultCloseImage":"0","marketURL":"https:\/\/play.google.com\/store\/apps\/details?id=com.as.cashupapp","packageID":"com.as.cashupapp"},"showTemplate":1,"s2s_tracking_url":"https:\/\/play.google.com\/store\/apps\/details?id=com.as.cashupapp","activeCreativeID":"652","scenes":["12","1","8","6","15","2","9"],"campaignAdType":"Interstitial"},{"campaignID":"6620","attribution":0,"priority":"6","appToPromote":{"appToPromoteID":"12980","usesDefaultFrameImage":"0","usesDefaultCloseImage":"0","marketURL":"https:\/\/play.google.com\/store\/apps\/details?id=com.sx.cooking.cafe.restaurant","packageID":"com.sx.cooking.cafe.restaurant"},"showTemplate":1,"s2s_tracking_url":"https:\/\/play.google.com\/store\/apps\/details?id=com.sx.cooking.cafe.restaurant","activeCreativeID":"1702","scenes":["12","1","8","6","15","2","9"],"campaignAdType":"Interstitial"}],"refreshAdRate":30,"mode":"Production","aspectRatio":"4_3","cdnPath":"https:\/\/df8ymybeo92md.cloudfront.net\/images\/","sentry_log":0,"local_logging":0,"sentry_dsn":"https:\/\/93ffa1c9a4124f67b8888a53265f751a:bbf998e04584477fa9a145838e9d3b26@sentry.io\/168994","sentry_initialization":1,"sentry_debugging":0,"bannerSizes":["1"],"aspectRatioVideo":"16_9","app_id":"2007","showPreRewardedDialogue":0,"showPostRewardedDialogue":0,"rewardCurrency":"coins","rewardValue":0,"isSkipable":0,"privacyPolicyURL":"https:\/\/www.consoliads.com\/privacy-policy\/","sessionToken":"RcJjKgzFAWDaCKZ434DKsTCpR2O0zEaCwZYr2yqewQ2UmsVxiSifKSFEUccWFmEo1Q\/xEXCKHKjicjyz4A8gsH5MQKa4MYgT4EzyLIc3Uo59\/DKmobha0i7lH5xCrbaBIH2aaLpoV+srkNw+rzfMNwDkJo3\/Nlia9J4WtBxx5KY="}
Session token value is set


{"appKey":"4d80502e5e231c73aef56bc16c23e28e","deviceID":"3705","stats":[{"campaignID":115,"packageID":"com.tgp.multistorey.car.transporter.truck","sceneStats":[{"sceneID":"10","eventStats":"337,237,137,37,37,0,0"}]}],"sdkVersion":"2163","sessionToken":"RcJjKgzFAWDaCKZ434DKsTCpR2O0zEaCwZYr2yqewQ2UmsVxiSifKSFEUccWFmEo1Q\/xEXCKHKjicjyz4A8gsH5MQKa4MYgT4EzyLIc3Uo59\/DKmobha0i7lH5xCrbaBIH2aaLpoV+srkNw+rzfMNwDkJo3\/Nlia9J4WtBxx5KY="}
cache_ttl value is correct

Title value is correct

Title value is correct

Title value is correct

Title value is correct

Title value is correct

Title value is correct

Refresh Ad Rate value is correct
mode value is set

 Aspect ratio value is correct
sentry_log value is set
local_logging value is set
sentry_initialization value is set
sentry_debugging value is set
showPreRewardedDialogue value is set
showPostRewardedDialogue value is set
isSkipable value is set
{"cache_ttl":10080,"cache_ttl_rewarded":10080,"cache_ttl_banner":10080,"cache_ttl_native":10080,"cache_ttl_icon":10080,"campaigns":[{"campaignID":"9384","attribution":0,"priority":"5","appToPromote":{"appToPromoteID":"13185","usesDefaultFrameImage":"0","usesDefaultCloseImage":"0","marketURL":"https:\/\/play.google.com\/store\/apps\/details?id=com.gamesarena.flying.bike.tricks.stunts&amp;referrer=utm_source=42matters.com&amp;utm_medium=api","packageID":"com.gamesarena.flying.bike.tricks.stunts"},"showTemplate":1,"s2s_tracking_url":"https:\/\/play.google.com\/store\/apps\/details?id=com.gamesarena.flying.bike.tricks.stunts&amp;referrer=utm_source=42matters.com&amp;utm_medium=api","activeCreativeID":"4829","scenes":["12","1","8","6","15","2"],"campaignAdType":"Interstitial"},{"campaignID":"9386","attribution":0,"priority":"5","appToPromote":{"appToPromoteID":"17764","usesDefaultFrameImage":"0","usesDefaultCloseImage":"0","marketURL":"https:\/\/play.google.com\/store\/apps\/details?id=com.visiblebody.atlas&amp;referrer=utm_source=42matters.com&amp;utm_medium=api","packageID":"com.gamesarena..test6324"},"showTemplate":1,"s2s_tracking_url":"https:\/\/play.google.com\/store\/apps\/details?id=com.visiblebody.atlas&amp;referrer=utm_source=42matters.com&amp;utm_medium=api","activeCreativeID":"4828","scenes":["12","1","8","6","15","2"],"campaignAdType":"Interstitial"},{"campaignID":"9389","attribution":0,"priority":"5","appToPromote":{"appToPromoteID":"13185","usesDefaultFrameImage":"0","usesDefaultCloseImage":"0","marketURL":"https:\/\/play.google.com\/store\/apps\/details?id=com.gamesarena.flying.bike.tricks.stunts&amp;referrer=utm_source=42matters.com&amp;utm_medium=api","packageID":"com.gamesarena.flying.bike.tricks.stunts"},"showTemplate":1,"s2s_tracking_url":"https:\/\/play.google.com\/store\/apps\/details?id=com.gamesarena.flying.bike.tricks.stunts&amp;referrer=utm_source=42matters.com&amp;utm_medium=api","activeCreativeID":"4829","scenes":["12","1","8","6","15","2"],"campaignAdType":"Interstitial"},{"campaignID":"9390","attribution":0,"priority":"5","appToPromote":{"appToPromoteID":"17764","usesDefaultFrameImage":"0","usesDefaultCloseImage":"0","marketURL":"https:\/\/play.google.com\/store\/apps\/details?id=com.visiblebody.atlas&amp;referrer=utm_source=42matters.com&amp;utm_medium=api","packageID":"com.gamesarena..test6324"},"showTemplate":1,"s2s_tracking_url":"https:\/\/play.google.com\/store\/apps\/details?id=com.visiblebody.atlas&amp;referrer=utm_source=42matters.com&amp;utm_medium=api","activeCreativeID":"4828","scenes":["12","1","8","6","15","2"],"campaignAdType":"Interstitial"},{"campaignID":"8355","attribution":0,"priority":"5","appToPromote":{"appToPromoteID":"16325","usesDefaultFrameImage":"0","usesDefaultCloseImage":"0","marketURL":"https:\/\/play.google.com\/store\/apps\/details?id=com.tgp.mega.ramp.ambulance.car.stunts","packageID":"com.tgp.mega.ramp.ambulance.car.stunts"},"showTemplate":1,"s2s_tracking_url":"https:\/\/play.google.com\/store\/apps\/details?id=com.tgp.mega.ramp.ambulance.car.stunts","activeCreativeID":"3693","scenes":["12","1","8","6","15","2"],"campaignAdType":"Icon"},{"campaignID":"8795","attribution":0,"priority":"5","appToPromote":{"appToPromoteID":"16325","usesDefaultFrameImage":"0","usesDefaultCloseImage":"0","marketURL":"https:\/\/play.google.com\/store\/apps\/details?id=com.tgp.mega.ramp.ambulance.car.stunts","packageID":"com.tgp.mega.ramp.ambulance.car.stunts"},"showTemplate":1,"s2s_tracking_url":"https:\/\/play.google.com\/store\/apps\/details?id=com.tgp.mega.ramp.ambulance.car.stunts","activeCreativeID":"4157","scenes":["12","1","8","6","15","2"],"campaignAdType":"Native","title":"Mega Ramp Stunts Game","subTitle":"Car Stunts ","description":"Mega Ramp Stunts Game","adClickThroughText":"Download FREE"},{"campaignID":"8376","attribution":0,"priority":"3","appToPromote":{"appToPromoteID":"16325","usesDefaultFrameImage":"0","usesDefaultCloseImage":"0","marketURL":"https:\/\/play.google.com\/store\/apps\/details?id=com.tgp.mega.ramp.ambulance.car.stunts","packageID":"com.tgp.mega.ramp.ambulance.car.stunts"},"showTemplate":1,"s2s_tracking_url":"https:\/\/play.google.com\/store\/apps\/details?id=com.tgp.mega.ramp.ambulance.car.stunts","activeCreativeID":"3718","scenes":["12","1","8","6","15","2"],"campaignAdType":"Interstitial"},{"campaignID":"8354","attribution":0,"priority":"2","appToPromote":{"appToPromoteID":"16325","usesDefaultFrameImage":"0","usesDefaultCloseImage":"0","marketURL":"https:\/\/play.google.com\/store\/apps\/details?id=com.tgp.mega.ramp.ambulance.car.stunts","packageID":"com.tgp.mega.ramp.ambulance.car.stunts"},"showTemplate":1,"s2s_tracking_url":"https:\/\/play.google.com\/store\/apps\/details?id=com.tgp.mega.ramp.ambulance.car.stunts","activeCreativeID":"3692","scenes":["12","1","8","6","15","2"],"campaignAdType":"Interstitial"},{"campaignID":"8226","attribution":0,"priority":"8","appToPromote":{"appToPromoteID":"12623","usesDefaultFrameImage":"0","usesDefaultCloseImage":"0","marketURL":"https:\/\/play.google.com\/store\/apps\/details?id=com.igg.android.lordsmobile&amp;referrer=utm_source=42matters.com&amp;utm_medium=api","packageID":"com.nooribrand.android.lordsmobile"},"showTemplate":1,"s2s_tracking_url":"https:\/\/play.google.com\/store\/apps\/details?id=com.igg.android.lordsmobile&amp;referrer=utm_source=42matters.com&amp;utm_medium=api","activeCreativeID":"3557","scenes":["12","1","8","6","15","2"],"campaignAdType":"Icon"},{"campaignID":"8613","attribution":0,"priority":"8","appToPromote":{"appToPromoteID":"12623","usesDefaultFrameImage":"0","usesDefaultCloseImage":"0","marketURL":"https:\/\/play.google.com\/store\/apps\/details?id=com.igg.android.lordsmobile&amp;referrer=utm_source=42matters.com&amp;utm_medium=api","packageID":"com.nooribrand.android.lordsmobile"},"showTemplate":1,"s2s_tracking_url":"https:\/\/play.google.com\/store\/apps\/details?id=com.igg.android.lordsmobile&amp;referrer=utm_source=42matters.com&amp;utm_medium=api","activeCreativeID":"3557","scenes":["12","1","8","6","15","2"],"campaignAdType":"Icon"},{"campaignID":"9249","attribution_link":"https:\/\/app.appsflyer.com\/com.lgn.gun.strike.war.train.shooting.games?pid=consoliads_int&amp;af_click_lookback=7d&amp;clickid=2018_9249_3705&amp;android_id={android_id}&amp;sha1_android_id={sha1_android_id}&amp;advertising_id=3705&amp;sha1_advertising_id=87529797683715b2658b70ce09788359831a6694&amp;af_keywords=2","attribution":1,"priority":"8","appToPromote":{"appToPromoteID":"13421","usesDefaultFrameImage":"0","usesDefaultCloseImage":"0","marketURL":"http:\/\/www.google.com","packageID":"com.appricot2d.testt"},"showTemplate":1,"s2s_tracking_url":"https:\/\/app.appsflyer.com\/com.lgn.gun.strike.war.train.shooting.games?pid=consoliads_int&amp;af_click_lookback=7d&amp;clickid=2018_9249_3705&amp;android_id={android_id}&amp;sha1_android_id={sha1_android_id}&amp;advertising_id=3705&amp;sha1_advertising_id=87529797683715b2658b70ce09788359831a6694&amp;af_keywords=2","activeCreativeID":"4679","scenes":["12","1","8","6","15","2"],"campaignAdType":"Interstitial"},{"campaignID":"9252","attribution":0,"priority":"8","appToPromote":{"appToPromoteID":"12315","usesDefaultFrameImage":"0","usesDefaultCloseImage":"0","marketURL":"google.com","packageID":"com.qabrand.plnative"},"showTemplate":1,"s2s_tracking_url":"google.com","activeCreativeID":"4683","scenes":["12","1","8","6","15","2"],"campaignAdType":"Native","title":"Native first","subTitle":"First ","description":"New description","adClickThroughText":"FIRST Button"},{"campaignID":"9253","attribution":0,"priority":"8","appToPromote":{"appToPromoteID":"12315","usesDefaultFrameImage":"0","usesDefaultCloseImage":"0","marketURL":"google.com","packageID":"com.qabrand.plnative"},"showTemplate":1,"s2s_tracking_url":"google.com","activeCreativeID":"4683","scenes":["12","1","8","6","15","2"],"campaignAdType":"Native","title":"Native first","subTitle":"First ","description":"New description","adClickThroughText":"FIRST Button"},{"campaignID":"9255","attribution":0,"priority":"8","appToPromote":{"appToPromoteID":"13274","usesDefaultFrameImage":"0","usesDefaultCloseImage":"0","marketURL":"https:\/\/play.google.com\/store\/apps\/details?id=com.facebook.katana","packageID":"com.salon.adsalon"},"showTemplate":1,"s2s_tracking_url":"https:\/\/play.google.com\/store\/apps\/details?id=com.facebook.katana","activeCreativeID":"4685","scenes":["12","1","8","6","15","2"],"campaignAdType":"Native","title":"native NA ","subTitle":"native NA ","description":"native NA added","adClickThroughText":"native NA "},{"campaignID":"9257","attribution":0,"priority":"8","appToPromote":{"appToPromoteID":"12286","usesDefaultFrameImage":"0","usesDefaultCloseImage":"0","marketURL":"google.com","packageID":"com.qabrand.Chartboost_Native"},"showTemplate":1,"s2s_tracking_url":"google.com","activeCreativeID":"4688","scenes":["12","1","8","6","15","2"],"campaignAdType":"Native","title":"Native second updated","subTitle":"Native second ","description":"Native second details","adClickThroughText":"Native second "},{"campaignID":"9261","attribution_link":"https:\/\/app.appsflyer.com\/com.lgn.gun.strike.war.train.shooting.games?pid=consoliads_int&amp;af_click_lookback=7d&amp;clickid=2018_9261_3705&amp;android_id={android_id}&amp;sha1_android_id={sha1_android_id}&amp;advertising_id=3705&amp;sha1_advertising_id=87529797683715b2658b70ce09788359831a6694&amp;af_keywords=2","attribution":1,"priority":"8","appToPromote":{"appToPromoteID":"13421","usesDefaultFrameImage":"0","usesDefaultCloseImage":"0","marketURL":"http:\/\/www.google.com","packageID":"com.appricot2d.testt"},"showTemplate":1,"s2s_tracking_url":"https:\/\/app.appsflyer.com\/com.lgn.gun.strike.war.train.shooting.games?pid=consoliads_int&amp;af_click_lookback=7d&amp;clickid=2018_9261_3705&amp;android_id={android_id}&amp;sha1_android_id={sha1_android_id}&amp;advertising_id=3705&amp;sha1_advertising_id=87529797683715b2658b70ce09788359831a6694&amp;af_keywords=2","activeCreativeID":"4692","scenes":["12","1","8","6","15","2"],"campaignAdType":"Interstitial"},{"campaignID":"9263","attribution":0,"priority":"8","appToPromote":{"appToPromoteID":"12315","usesDefaultFrameImage":"0","usesDefaultCloseImage":"0","marketURL":"google.com","packageID":"com.qabrand.plnative"},"showTemplate":1,"s2s_tracking_url":"google.com","activeCreativeID":"4694","scenes":["12","1","8","6","15","2"],"campaignAdType":"Native","title":"test","subTitle":"test","description":" test details update","adClickThroughText":"test"},{"campaignID":"9131","attribution":0,"priority":"8","appToPromote":{"appToPromoteID":"17532","usesDefaultFrameImage":"0","usesDefaultCloseImage":"0","marketURL":"https:\/\/play.google.com\/store\/apps\/details?id=com.dhgate.buyermob","packageID":"com.dhgate.buyermob"},"showTemplate":1,"s2s_tracking_url":"https:\/\/tha.gotrackier.com\/click?campaign_id=63254\\u0026pub_id=75?p1=2018_9131_3705&amp;source=6841&amp;app_name=MultiTruckCarTransporter&amp;gaid=3705","activeCreativeID":"4483","scenes":["12","1","8","6","15","2"],"campaignAdType":"Interstitial"},{"campaignID":"561","attribution":0,"priority":"6","appToPromote":{"appToPromoteID":"5026","usesDefaultFrameImage":"0","usesDefaultCloseImage":"0","marketURL":"https:\/\/play.google.com\/store\/apps\/details?id=com.as.cashupapp","packageID":"com.as.cashupapp"},"showTemplate":1,"s2s_tracking_url":"https:\/\/play.google.com\/store\/apps\/details?id=com.as.cashupapp","activeCreativeID":"652","scenes":["12","1","8","6","15","2"],"campaignAdType":"Interstitial"},{"campaignID":"570","attribution":0,"priority":"6","appToPromote":{"appToPromoteID":"3802","usesDefaultFrameImage":"0","usesDefaultCloseImage":"0","marketURL":"https:\/\/play.google.com\/store\/apps\/details?id=com.Madxstudios.Flickshootsoccer","packageID":"com.Madxstudios.Flickshootsoccer"},"showTemplate":1,"s2s_tracking_url":"https:\/\/play.google.com\/store\/apps\/details?id=com.Madxstudios.Flickshootsoccer","activeCreativeID":"661","scenes":["12","1","8","6","15","2"],"campaignAdType":"Interstitial"},{"campaignID":"588","attribution":0,"priority":"6","appToPromote":{"appToPromoteID":"5026","usesDefaultFrameImage":"0","usesDefaultCloseImage":"0","marketURL":"https:\/\/play.google.com\/store\/apps\/details?id=com.as.cashupapp","packageID":"com.as.cashupapp"},"showTemplate":1,"s2s_tracking_url":"https:\/\/play.google.com\/store\/apps\/details?id=com.as.cashupapp","activeCreativeID":"652","scenes":["12","1","8","6","15","2"],"campaignAdType":"Interstitial"},{"campaignID":"6620","attribution":0,"priority":"6","appToPromote":{"appToPromoteID":"12980","usesDefaultFrameImage":"0","usesDefaultCloseImage":"0","marketURL":"https:\/\/play.google.com\/store\/apps\/details?id=com.sx.cooking.cafe.restaurant","packageID":"com.sx.cooking.cafe.restaurant"},"showTemplate":1,"s2s_tracking_url":"https:\/\/play.google.com\/store\/apps\/details?id=com.sx.cooking.cafe.restaurant","activeCreativeID":"1702","scenes":["12","1","8","6","15","2"],"campaignAdType":"Interstitial"},{"campaignID":"6596","attribution":0,"priority":"5","appToPromote":{"appToPromoteID":"12980","usesDefaultFrameImage":"0","usesDefaultCloseImage":"0","marketURL":"https:\/\/play.google.com\/store\/apps\/details?id=com.sx.cooking.cafe.restaurant","packageID":"com.sx.cooking.cafe.restaurant"},"showTemplate":1,"s2s_tracking_url":"https:\/\/play.google.com\/store\/apps\/details?id=com.sx.cooking.cafe.restaurant","activeCreativeID":"1702","scenes":["12","1","8","6","15","2"],"campaignAdType":"Interstitial"}],"refreshAdRate":30,"mode":"Production","aspectRatio":"4_3","cdnPath":"https:\/\/df8ymybeo92md.cloudfront.net\/images\/","sentry_log":0,"local_logging":0,"sentry_dsn":"https:\/\/93ffa1c9a4124f67b8888a53265f751a:bbf998e04584477fa9a145838e9d3b26@sentry.io\/168994","sentry_initialization":1,"sentry_debugging":0,"bannerSizes":["1"],"aspectRatioVideo":"16_9","app_id":"2018","showPreRewardedDialogue":0,"showPostRewardedDialogue":0,"rewardCurrency":"coins","rewardValue":0,"isSkipable":0,"privacyPolicyURL":"https:\/\/www.consoliads.com\/privacy-policy\/","sessionToken":"22Fm7ytzyPl+6kAA3exTe5YHhm5B1ByeKivJpz2f8wZ\/Wgi4\/LMhnISulyNKEDG5kn3ZJ2lsFdfqc9SX3WhFRki0\/MGqQ2RfoK9h194lHJOUY+12\/Nq+zXZDRI935rLwgiVZQI9wAZIZRIx1Esc+3\/dR66cmZuH6tgw6gxFrjUg="}
Session token value is set


{"appKey":"ea3a1008bf37134982acf7e675d170bc","deviceID":"9549","stats":[{"campaignID":116,"packageID":"com.whitesand.military.academy","sceneStats":[{"sceneID":"24","eventStats":"395,295,195,95,95,0,0"}]}],"sdkVersion":"39","sessionToken":"22Fm7ytzyPl+6kAA3exTe5YHhm5B1ByeKivJpz2f8wZ\/Wgi4\/LMhnISulyNKEDG5kn3ZJ2lsFdfqc9SX3WhFRki0\/MGqQ2RfoK9h194lHJOUY+12\/Nq+zXZDRI935rLwgiVZQI9wAZIZRIx1Esc+3\/dR66cmZuH6tgw6gxFrjUg="}
cache_ttl value is correct

Refresh Ad Rate value is correct
mode value is set

 Aspect ratio value is correct
sentry_log value is set
local_logging value is set
sentry_initialization value is set
sentry_debugging value is set
showPreRewardedDialogue value is set
showPostRewardedDialogue value is set
isSkipable value is set
{"cache_ttl":10080,"cache_ttl_rewarded":10080,"cache_ttl_banner":10080,"cache_ttl_native":10080,"cache_ttl_icon":10080,"refreshAdRate":30,"mode":"Production","aspectRatio":"4_3","cdnPath":"https:\/\/df8ymybeo92md.cloudfront.net\/images\/","sentry_log":0,"local_logging":0,"sentry_dsn":"https:\/\/93ffa1c9a4124f67b8888a53265f751a:bbf998e04584477fa9a145838e9d3b26@sentry.io\/168994","sentry_initialization":1,"sentry_debugging":0,"bannerSizes":["5"],"aspectRatioVideo":"16_9","app_id":"1999","showPreRewardedDialogue":0,"showPostRewardedDialogue":0,"rewardCurrency":"coins","rewardValue":0,"isSkipable":0,"privacyPolicyURL":"https:\/\/www.consoliads.com\/privacy-policy\/","sessionToken":"xQFcyW\/ld6sYL4ysaimO0A9GUR414di8NPRD\/9bcaSXLJMQ669juVE6keRZ\/cruXwpjSpwJXaLpauqwuVD4mwdpgrNEO79yypclwxM+43pmFsLxN1OenjIVfAioV1fe12EVAb3P1Sw91GTp615Ec2hildVqOdDewHBXCQc9alnE="}
Session token value is set


{"appKey":"9df632233aa0ab875abe5f3677328817","deviceID":"8012","stats":[{"campaignID":121,"packageID":"com.whitesand.underwater.shark.sniper.hunter","sceneStats":[{"sceneID":"21","eventStats":"380,280,180,80,80,0,0"}]}],"sdkVersion":"90","sessionToken":"xQFcyW\/ld6sYL4ysaimO0A9GUR414di8NPRD\/9bcaSXLJMQ669juVE6keRZ\/cruXwpjSpwJXaLpauqwuVD4mwdpgrNEO79yypclwxM+43pmFsLxN1OenjIVfAioV1fe12EVAb3P1Sw91GTp615Ec2hildVqOdDewHBXCQc9alnE="}
cache_ttl value is correct

Refresh Ad Rate value is correct
mode value is set

 Aspect ratio value is correct
sentry_log value is set
local_logging value is set
sentry_initialization value is set
sentry_debugging value is set
showPreRewardedDialogue value is set
showPostRewardedDialogue value is set
isSkipable value is set
{"cache_ttl":10080,"cache_ttl_rewarded":10080,"cache_ttl_banner":10080,"cache_ttl_native":10080,"cache_ttl_icon":10080,"refreshAdRate":30,"mode":"Production","aspectRatio":"4_3","cdnPath":"https:\/\/df8ymybeo92md.cloudfront.net\/images\/","sentry_log":0,"local_logging":0,"sentry_dsn":"https:\/\/93ffa1c9a4124f67b8888a53265f751a:bbf998e04584477fa9a145838e9d3b26@sentry.io\/168994","sentry_initialization":1,"sentry_debugging":0,"bannerSizes":["5"],"aspectRatioVideo":"16_9","app_id":"2141","showPreRewardedDialogue":0,"showPostRewardedDialogue":0,"rewardCurrency":"coins","rewardValue":0,"isSkipable":0,"privacyPolicyURL":"https:\/\/www.consoliads.com\/privacy-policy\/","sessionToken":"BjWONF0dOWr3HP\/cftVkMAcmOoxq2sT0VsT\/NsgghBBE4ofx3hV+G\/GvP3BewFJe9MV1n+OTB3i\/il0\/SBc2hK7ZKCok43C2jk44dCeqNunqj\/9MpSytMlMkUcVtPHePEkHIb10\/1BgwylK7iTWwvucDwwhnPT2JzZN6WVey1Mw="}
Session token value is set


{"appKey":"7d25f21b1692382e5507c792271446d8","deviceID":"934","stats":[{"campaignID":123,"packageID":"com.mizo.taxi.driving.simII","sceneStats":[{"sceneID":"3","eventStats":"310,210,110,10,10,0,0"}]}],"sdkVersion":"90","sessionToken":"BjWONF0dOWr3HP\/cftVkMAcmOoxq2sT0VsT\/NsgghBBE4ofx3hV+G\/GvP3BewFJe9MV1n+OTB3i\/il0\/SBc2hK7ZKCok43C2jk44dCeqNunqj\/9MpSytMlMkUcVtPHePEkHIb10\/1BgwylK7iTWwvucDwwhnPT2JzZN6WVey1Mw="}
cache_ttl value is correct

Refresh Ad Rate value is correct
mode value is set

 Aspect ratio value is correct
sentry_log value is set
local_logging value is set
sentry_initialization value is set
sentry_debugging value is set
showPreRewardedDialogue value is set
showPostRewardedDialogue value is set
isSkipable value is set
{"cache_ttl":10080,"cache_ttl_rewarded":10080,"cache_ttl_banner":10080,"cache_ttl_native":10080,"cache_ttl_icon":10080,"campaigns":[{"campaignID":"9277","attribution_link":"","attribution":1,"priority":"5","appToPromote":{"appToPromoteID":"17609","usesDefaultFrameImage":"0","usesDefaultCloseImage":"0","marketURL":"https:\/\/smartbear.com\/learn\/automated-testing\/test-automation-frameworks\/","packageID":"com.buntoo.buntooAd"},"showTemplate":1,"s2s_tracking_url":"","activeCreativeID":"4702","scenes":["1","2","6","4"],"campaignAdType":"Interstitial"},{"campaignID":"9278","attribution":0,"priority":"5","appToPromote":{"appToPromoteID":"17609","usesDefaultFrameImage":"0","usesDefaultCloseImage":"0","marketURL":"https:\/\/smartbear.com\/learn\/automated-testing\/test-automation-frameworks\/","packageID":"com.buntoo.buntooAd"},"showTemplate":1,"s2s_tracking_url":"https:\/\/smartbear.com\/learn\/automated-testing\/test-automation-frameworks\/","activeCreativeID":"4701","scenes":["1","2","6","4"],"campaignAdType":"Interstitial"},{"campaignID":"9279","attribution":0,"priority":"5","appToPromote":{"appToPromoteID":"17609","usesDefaultFrameImage":"0","usesDefaultCloseImage":"0","marketURL":"https:\/\/smartbear.com\/learn\/automated-testing\/test-automation-frameworks\/","packageID":"com.buntoo.buntooAd"},"showTemplate":1,"s2s_tracking_url":"https:\/\/smartbear.com\/learn\/automated-testing\/test-automation-frameworks\/","activeCreativeID":"4701","scenes":["1","2","6","4"],"campaignAdType":"Interstitial"},{"campaignID":"9280","attribution":0,"priority":"5","appToPromote":{"appToPromoteID":"17609","usesDefaultFrameImage":"0","usesDefaultCloseImage":"0","marketURL":"https:\/\/smartbear.com\/learn\/automated-testing\/test-automation-frameworks\/","packageID":"com.buntoo.buntooAd"},"showTemplate":1,"s2s_tracking_url":"https:\/\/smartbear.com\/learn\/automated-testing\/test-automation-frameworks\/","activeCreativeID":"4701","scenes":["1","2","6","4"],"campaignAdType":"Interstitial"},{"campaignID":"7359","attribution":0,"priority":"5","appToPromote":{"appToPromoteID":"14746","usesDefaultFrameImage":"0","usesDefaultCloseImage":"0","marketURL":"https:\/\/play.google.com\/store\/apps\/details?id=com.buntoo.army.bus.parking","packageID":"com.buntoo.army.bus.parking"},"showTemplate":1,"s2s_tracking_url":"https:\/\/play.google.com\/store\/apps\/details?id=com.buntoo.army.bus.parking","activeCreativeID":"2497","scenes":["1","2","6","4"],"campaignAdType":"Video"},{"campaignID":"7519","attribution":0,"priority":"5","appToPromote":{"appToPromoteID":"15052","usesDefaultFrameImage":"0","usesDefaultCloseImage":"0","marketURL":"https:\/\/play.google.com\/store\/apps\/details?id=com.mizo.robot.fps.shooting.game","packageID":"com.mizo.robot.fps.shooting.game"},"showTemplate":1,"s2s_tracking_url":"https:\/\/play.google.com\/store\/apps\/details?id=com.mizo.robot.fps.shooting.game","activeCreativeID":"2707","scenes":["1","2","6","4"],"campaignAdType":"Video"},{"campaignID":"7579","attribution":0,"priority":"5","appToPromote":{"appToPromoteID":"15098","usesDefaultFrameImage":"0","usesDefaultCloseImage":"0","marketURL":"https:\/\/play.google.com\/store\/apps\/details?id=com.gg.tps.shooting.games","packageID":"com.gg.tps.shooting.games"},"showTemplate":1,"s2s_tracking_url":"https:\/\/play.google.com\/store\/apps\/details?id=com.gg.tps.shooting.games","activeCreativeID":"2767","scenes":["1","2","6","4"],"campaignAdType":"Video"},{"campaignID":"7838","attribution":0,"priority":"5","appToPromote":{"appToPromoteID":"15339","usesDefaultFrameImage":"0","usesDefaultCloseImage":"0","marketURL":"https:\/\/play.google.com\/store\/apps\/details?id=com.buntoo.pilot.robot.games","packageID":"com.buntoo.pilot.robot.games"},"showTemplate":1,"s2s_tracking_url":"https:\/\/play.google.com\/store\/apps\/details?id=com.buntoo.pilot.robot.games","activeCreativeID":"3118","scenes":["1","2","6","4"],"campaignAdType":"Video"},{"campaignID":"7839","attribution":0,"priority":"5","appToPromote":{"appToPromoteID":"15287","usesDefaultFrameImage":"0","usesDefaultCloseImage":"0","marketURL":"https:\/\/play.google.com\/store\/apps\/details?id=com.happy.family.traffic.shooter.games","packageID":"com.happy.family.traffic.shooter.games"},"showTemplate":1,"s2s_tracking_url":"https:\/\/play.google.com\/store\/apps\/details?id=com.happy.family.traffic.shooter.games","activeCreativeID":"3119","scenes":["1","2","6","4"],"campaignAdType":"Video"},{"campaignID":"7921","attribution":0,"priority":"5","appToPromote":{"appToPromoteID":"15297","usesDefaultFrameImage":"0","usesDefaultCloseImage":"0","marketURL":"https:\/\/play.google.com\/store\/apps\/details?id=com.gg.castle.fps.shooting.game","packageID":"com.gg.castle.fps.shooting.game"},"showTemplate":1,"s2s_tracking_url":"https:\/\/play.google.com\/store\/apps\/details?id=com.gg.castle.fps.shooting.game","activeCreativeID":"3218","scenes":["1","2","6","4"],"campaignAdType":"Video"},{"campaignID":"8047","attribution":0,"priority":"5","appToPromote":{"appToPromoteID":"15907","usesDefaultFrameImage":"0","usesDefaultCloseImage":"0","marketURL":"https:\/\/play.google.com\/store\/apps\/details?id=com.mizo.teddy.bear.gun.strike.game","packageID":"com.mizo.teddy.bear.gun.strike.game"},"showTemplate":1,"s2s_tracking_url":"https:\/\/play.google.com\/store\/apps\/details?id=com.mizo.teddy.bear.gun.strike.game","activeCreativeID":"3356","scenes":["1","2","6","4"],"campaignAdType":"Video"},{"campaignID":"8172","attribution":0,"priority":"5","appToPromote":{"appToPromoteID":"15929","usesDefaultFrameImage":"0","usesDefaultCloseImage":"0","marketURL":"https:\/\/play.google.com\/store\/apps\/details?id=com.buntoo.mosquito.robot.transform.game","packageID":"com.buntoo.mosquito.robot.transform.game"},"showTemplate":1,"s2s_tracking_url":"https:\/\/play.google.com\/store\/apps\/details?id=com.buntoo.mosquito.robot.transform.game","activeCreativeID":"3498","scenes":["1","2","6","4"],"campaignAdType":"Video"},{"campaignID":"8289","attribution":0,"priority":"5","appToPromote":{"appToPromoteID":"16314","usesDefaultFrameImage":"0","usesDefaultCloseImage":"0","marketURL":"https:\/\/play.google.com\/store\/apps\/details?id=com.mizo.modern.fps.shooting.game","packageID":"com.mizo.modern.fps.shooting.game"},"showTemplate":1,"s2s_tracking_url":"https:\/\/play.google.com\/store\/apps\/details?id=com.mizo.modern.fps.shooting.game","activeCreativeID":"3623","scenes":["1","2","6","4"],"campaignAdType":"Video"},{"campaignID":"8644","attribution":0,"priority":"5","appToPromote":{"appToPromoteID":"16736","usesDefaultFrameImage":"0","usesDefaultCloseImage":"0","marketURL":"https:\/\/play.google.com\/store\/apps\/details?id=com.branches.formula.car.game","packageID":"com.tdg.F1FlyingDroneCar"},"showTemplate":1,"s2s_tracking_url":"https:\/\/play.google.com\/store\/apps\/details?id=com.branches.formula.car.game","activeCreativeID":"3999","scenes":["1","2","6","4"],"campaignAdType":"Interstitial"},{"campaignID":"8726","attribution":0,"priority":"5","appToPromote":{"appToPromoteID":"16019","usesDefaultFrameImage":"0","usesDefaultCloseImage":"0","marketURL":"https:\/\/play.google.com\/store\/apps\/details?id=com.happy.family.quad.bike.mountain.stunts","packageID":"com.happy.family.quad.bike.mountain.stunts"},"showTemplate":1,"s2s_tracking_url":"https:\/\/play.google.com\/store\/apps\/details?id=com.happy.family.quad.bike.mountain.stunts","activeCreativeID":"4084","scenes":["1","2","6","4"],"campaignAdType":"Interstitial"},{"campaignID":"8727","attribution":0,"priority":"5","appToPromote":{"appToPromoteID":"12670","usesDefaultFrameImage":"0","usesDefaultCloseImage":"0","marketURL":"https:\/\/play.google.com\/store\/apps\/details?id=com.cradley.shopping.mall.taxi.games","packageID":"com.cradley.shopping.mall.taxi.games"},"showTemplate":1,"s2s_tracking_url":"https:\/\/play.google.com\/store\/apps\/details?id=com.cradley.shopping.mall.taxi.games","activeCreativeID":"4085","scenes":["1","2","6","4"],"campaignAdType":"Interstitial"},{"campaignID":"8792","attribution":0,"priority":"5","appToPromote":{"appToPromoteID":"12670","usesDefaultFrameImage":"0","usesDefaultCloseImage":"0","marketURL":"https:\/\/play.google.com\/store\/apps\/details?id=com.cradley.shopping.mall.taxi.games","packageID":"com.cradley.shopping.mall.taxi.games"},"showTemplate":1,"s2s_tracking_url":"https:\/\/play.google.com\/store\/apps\/details?id=com.cradley.shopping.mall.taxi.games","activeCreativeID":"4154","scenes":["1","2","6","4"],"campaignAdType":"Video"}],"refreshAdRate":30,"mode":"Production","aspectRatio":"4_3","cdnPath":"https:\/\/df8ymybeo92md.cloudfront.net\/images\/","sentry_log":0,"local_logging":0,"sentry_dsn":"https:\/\/93ffa1c9a4124f67b8888a53265f751a:bbf998e04584477fa9a145838e9d3b26@sentry.io\/168994","sentry_initialization":1,"sentry_debugging":0,"bannerSizes":[],"aspectRatioVideo":"16_9","app_id":"1946","showPreRewardedDialogue":0,"showPostRewardedDialogue":0,"rewardCurrency":"coins","rewardValue":0,"isSkipable":0,"privacyPolicyURL":"https:\/\/www.consoliads.com\/privacy-policy\/","sessionToken":"IdYX04A00mfVltY+uvBepQTTUib49tx0agyN4D9YrWf7zZyCzrb2HPiGUx76xObSX6ynlGWf7aDfxsNjMOMSZhyKWrJ8XhFS2DDvKjeul910IBkvAS2UpO1+w555O37sb0JvZs\/XxlNC\/PZjLjaTiZls8Dh4Cbs5F0zf65sTYcs="}
Session token value is set


{"appKey":"e6c288ffb04d929a4737a593ce216e8b","deviceID":"7618","stats":[{"campaignID":126,"packageID":"com.gss.clown.robbery.gangster.squad","sceneStats":[{"sceneID":"20","eventStats":"376,276,176,76,76,0,0"}]}],"sdkVersion":"39","sessionToken":"IdYX04A00mfVltY+uvBepQTTUib49tx0agyN4D9YrWf7zZyCzrb2HPiGUx76xObSX6ynlGWf7aDfxsNjMOMSZhyKWrJ8XhFS2DDvKjeul910IBkvAS2UpO1+w555O37sb0JvZs\/XxlNC\/PZjLjaTiZls8Dh4Cbs5F0zf65sTYcs="}
cache_ttl value is correct

Refresh Ad Rate value is correct
mode value is set

 Aspect ratio value is correct
sentry_log value is set
local_logging value is set
sentry_initialization value is set
sentry_debugging value is set
showPreRewardedDialogue value is set
showPostRewardedDialogue value is set
isSkipable value is set
{"cache_ttl":10080,"cache_ttl_rewarded":10080,"cache_ttl_banner":10080,"cache_ttl_native":10080,"cache_ttl_icon":10080,"campaigns":[{"campaignID":"9384","attribution":0,"priority":"5","appToPromote":{"appToPromoteID":"13185","usesDefaultFrameImage":"0","usesDefaultCloseImage":"0","marketURL":"https:\/\/play.google.com\/store\/apps\/details?id=com.gamesarena.flying.bike.tricks.stunts&amp;referrer=utm_source=42matters.com&amp;utm_medium=api","packageID":"com.gamesarena.flying.bike.tricks.stunts"},"showTemplate":1,"s2s_tracking_url":"https:\/\/play.google.com\/store\/apps\/details?id=com.gamesarena.flying.bike.tricks.stunts&amp;referrer=utm_source=42matters.com&amp;utm_medium=api","activeCreativeID":"4829","scenes":["12","1","8","6","15","2"],"campaignAdType":"Interstitial"},{"campaignID":"9386","attribution":0,"priority":"5","appToPromote":{"appToPromoteID":"17764","usesDefaultFrameImage":"0","usesDefaultCloseImage":"0","marketURL":"https:\/\/play.google.com\/store\/apps\/details?id=com.visiblebody.atlas&amp;referrer=utm_source=42matters.com&amp;utm_medium=api","packageID":"com.gamesarena..test6324"},"showTemplate":1,"s2s_tracking_url":"https:\/\/play.google.com\/store\/apps\/details?id=com.visiblebody.atlas&amp;referrer=utm_source=42matters.com&amp;utm_medium=api","activeCreativeID":"4828","scenes":["12","1","8","6","15","2"],"campaignAdType":"Interstitial"},{"campaignID":"9389","attribution":0,"priority":"5","appToPromote":{"appToPromoteID":"13185","usesDefaultFrameImage":"0","usesDefaultCloseImage":"0","marketURL":"https:\/\/play.google.com\/store\/apps\/details?id=com.gamesarena.flying.bike.tricks.stunts&amp;referrer=utm_source=42matters.com&amp;utm_medium=api","packageID":"com.gamesarena.flying.bike.tricks.stunts"},"showTemplate":1,"s2s_tracking_url":"https:\/\/play.google.com\/store\/apps\/details?id=com.gamesarena.flying.bike.tricks.stunts&amp;referrer=utm_source=42matters.com&amp;utm_medium=api","activeCreativeID":"4829","scenes":["12","1","8","6","15","2"],"campaignAdType":"Interstitial"},{"campaignID":"9390","attribution":0,"priority":"5","appToPromote":{"appToPromoteID":"17764","usesDefaultFrameImage":"0","usesDefaultCloseImage":"0","marketURL":"https:\/\/play.google.com\/store\/apps\/details?id=com.visiblebody.atlas&amp;referrer=utm_source=42matters.com&amp;utm_medium=api","packageID":"com.gamesarena..test6324"},"showTemplate":1,"s2s_tracking_url":"https:\/\/play.google.com\/store\/apps\/details?id=com.visiblebody.atlas&amp;referrer=utm_source=42matters.com&amp;utm_medium=api","activeCreativeID":"4828","scenes":["12","1","8","6","15","2"],"campaignAdType":"Interstitial"},{"campaignID":"9249","attribution_link":"https:\/\/app.appsflyer.com\/com.lgn.gun.strike.war.train.shooting.games?pid=consoliads_int&amp;af_click_lookback=7d&amp;clickid=2081_9249_7618&amp;android_id={android_id}&amp;sha1_android_id={sha1_android_id}&amp;advertising_id=7618&amp;sha1_advertising_id=2eaa067e425494a4e09109abaa7b47563d080816&amp;af_keywords=2","attribution":1,"priority":"8","appToPromote":{"appToPromoteID":"13421","usesDefaultFrameImage":"0","usesDefaultCloseImage":"0","marketURL":"http:\/\/www.google.com","packageID":"com.appricot2d.testt"},"showTemplate":1,"s2s_tracking_url":"https:\/\/app.appsflyer.com\/com.lgn.gun.strike.war.train.shooting.games?pid=consoliads_int&amp;af_click_lookback=7d&amp;clickid=2081_9249_7618&amp;android_id={android_id}&amp;sha1_android_id={sha1_android_id}&amp;advertising_id=7618&amp;sha1_advertising_id=2eaa067e425494a4e09109abaa7b47563d080816&amp;af_keywords=2","activeCreativeID":"4679","scenes":["12","1","8","6","15","2"],"campaignAdType":"Interstitial"},{"campaignID":"9261","attribution_link":"https:\/\/app.appsflyer.com\/com.lgn.gun.strike.war.train.shooting.games?pid=consoliads_int&amp;af_click_lookback=7d&amp;clickid=2081_9261_7618&amp;android_id={android_id}&amp;sha1_android_id={sha1_android_id}&amp;advertising_id=7618&amp;sha1_advertising_id=2eaa067e425494a4e09109abaa7b47563d080816&amp;af_keywords=2","attribution":1,"priority":"8","appToPromote":{"appToPromoteID":"13421","usesDefaultFrameImage":"0","usesDefaultCloseImage":"0","marketURL":"http:\/\/www.google.com","packageID":"com.appricot2d.testt"},"showTemplate":1,"s2s_tracking_url":"https:\/\/app.appsflyer.com\/com.lgn.gun.strike.war.train.shooting.games?pid=consoliads_int&amp;af_click_lookback=7d&amp;clickid=2081_9261_7618&amp;android_id={android_id}&amp;sha1_android_id={sha1_android_id}&amp;advertising_id=7618&amp;sha1_advertising_id=2eaa067e425494a4e09109abaa7b47563d080816&amp;af_keywords=2","activeCreativeID":"4692","scenes":["12","1","8","6","15","2"],"campaignAdType":"Interstitial"},{"campaignID":"9131","attribution":0,"priority":"8","appToPromote":{"appToPromoteID":"17532","usesDefaultFrameImage":"0","usesDefaultCloseImage":"0","marketURL":"https:\/\/play.google.com\/store\/apps\/details?id=com.dhgate.buyermob","packageID":"com.dhgate.buyermob"},"showTemplate":1,"s2s_tracking_url":"https:\/\/tha.gotrackier.com\/click?campaign_id=63254\\u0026pub_id=75?p1=2081_9131_7618&amp;source=6841&amp;app_name=ClownRobberyGangsterSquad&amp;gaid=7618","activeCreativeID":"4483","scenes":["12","1","8","6","15","2"],"campaignAdType":"Interstitial"},{"campaignID":"561","attribution":0,"priority":"6","appToPromote":{"appToPromoteID":"5026","usesDefaultFrameImage":"0","usesDefaultCloseImage":"0","marketURL":"https:\/\/play.google.com\/store\/apps\/details?id=com.as.cashupapp","packageID":"com.as.cashupapp"},"showTemplate":1,"s2s_tracking_url":"https:\/\/play.google.com\/store\/apps\/details?id=com.as.cashupapp","activeCreativeID":"652","scenes":["12","1","8","6","15","2"],"campaignAdType":"Interstitial"},{"campaignID":"570","attribution":0,"priority":"6","appToPromote":{"appToPromoteID":"3802","usesDefaultFrameImage":"0","usesDefaultCloseImage":"0","marketURL":"https:\/\/play.google.com\/store\/apps\/details?id=com.Madxstudios.Flickshootsoccer","packageID":"com.Madxstudios.Flickshootsoccer"},"showTemplate":1,"s2s_tracking_url":"https:\/\/play.google.com\/store\/apps\/details?id=com.Madxstudios.Flickshootsoccer","activeCreativeID":"661","scenes":["12","1","8","6","15","2"],"campaignAdType":"Interstitial"},{"campaignID":"588","attribution":0,"priority":"6","appToPromote":{"appToPromoteID":"5026","usesDefaultFrameImage":"0","usesDefaultCloseImage":"0","marketURL":"https:\/\/play.google.com\/store\/apps\/details?id=com.as.cashupapp","packageID":"com.as.cashupapp"},"showTemplate":1,"s2s_tracking_url":"https:\/\/play.google.com\/store\/apps\/details?id=com.as.cashupapp","activeCreativeID":"652","scenes":["12","1","8","6","15","2"],"campaignAdType":"Interstitial"},{"campaignID":"6620","attribution":0,"priority":"6","appToPromote":{"appToPromoteID":"12980","usesDefaultFrameImage":"0","usesDefaultCloseImage":"0","marketURL":"https:\/\/play.google.com\/store\/apps\/details?id=com.sx.cooking.cafe.restaurant","packageID":"com.sx.cooking.cafe.restaurant"},"showTemplate":1,"s2s_tracking_url":"https:\/\/play.google.com\/store\/apps\/details?id=com.sx.cooking.cafe.restaurant","activeCreativeID":"1702","scenes":["12","1","8","6","15","2"],"campaignAdType":"Interstitial"},{"campaignID":"6596","attribution":0,"priority":"5","appToPromote":{"appToPromoteID":"12980","usesDefaultFrameImage":"0","usesDefaultCloseImage":"0","marketURL":"https:\/\/play.google.com\/store\/apps\/details?id=com.sx.cooking.cafe.restaurant","packageID":"com.sx.cooking.cafe.restaurant"},"showTemplate":1,"s2s_tracking_url":"https:\/\/play.google.com\/store\/apps\/details?id=com.sx.cooking.cafe.restaurant","activeCreativeID":"1702","scenes":["12","1","8","6","15","2"],"campaignAdType":"Interstitial"}],"refreshAdRate":30,"mode":"Production","aspectRatio":"4_3","cdnPath":"https:\/\/df8ymybeo92md.cloudfront.net\/images\/","sentry_log":0,"local_logging":0,"sentry_dsn":"https:\/\/93ffa1c9a4124f67b8888a53265f751a:bbf998e04584477fa9a145838e9d3b26@sentry.io\/168994","sentry_initialization":1,"sentry_debugging":0,"bannerSizes":["5"],"aspectRatioVideo":"16_9","app_id":"2081","showPreRewardedDialogue":0,"showPostRewardedDialogue":0,"rewardCurrency":"coins","rewardValue":0,"isSkipable":0,"privacyPolicyURL":"https:\/\/www.consoliads.com\/privacy-policy\/","sessionToken":"5aXTopsi9tboW5Rk9THjQBCHz\/sh1GnTnDEBDM0ZpMruZjdHBdhdtev4+ninkP+UbmPM8ETLI8r\/KZdO\/CK\/e8JOZMGFjLjrbBg05RmO8u7H1cGJV8L73Utt\/daq6JCcvq+bK+T5g7oiJGns9unFdlDf0qrDsdv4Dpf1WqCwe\/k="}
Session token value is set


{"appKey":"4d80502e5e231c73aef56bc16c23e28e","deviceID":"3845","stats":[{"campaignID":128,"packageID":"com.tgp.multistorey.car.transporter.truck","sceneStats":[{"sceneID":"10","eventStats":"339,239,139,39,39,0,0"}]}],"sdkVersion":"2163","sessionToken":"5aXTopsi9tboW5Rk9THjQBCHz\/sh1GnTnDEBDM0ZpMruZjdHBdhdtev4+ninkP+UbmPM8ETLI8r\/KZdO\/CK\/e8JOZMGFjLjrbBg05RmO8u7H1cGJV8L73Utt\/daq6JCcvq+bK+T5g7oiJGns9unFdlDf0qrDsdv4Dpf1WqCwe\/k="}
cache_ttl value is correct

Title value is correct

Title value is correct

Title value is correct

Title value is correct

Title value is correct

Title value is correct

Refresh Ad Rate value is correct
mode value is set

 Aspect ratio value is correct
sentry_log value is set
local_logging value is set
sentry_initialization value is set
sentry_debugging value is set
showPreRewardedDialogue value is set
showPostRewardedDialogue value is set
isSkipable value is set
{"cache_ttl":10080,"cache_ttl_rewarded":10080,"cache_ttl_banner":10080,"cache_ttl_native":10080,"cache_ttl_icon":10080,"campaigns":[{"campaignID":"9384","attribution":0,"priority":"5","appToPromote":{"appToPromoteID":"13185","usesDefaultFrameImage":"0","usesDefaultCloseImage":"0","marketURL":"https:\/\/play.google.com\/store\/apps\/details?id=com.gamesarena.flying.bike.tricks.stunts&amp;referrer=utm_source=42matters.com&amp;utm_medium=api","packageID":"com.gamesarena.flying.bike.tricks.stunts"},"showTemplate":1,"s2s_tracking_url":"https:\/\/play.google.com\/store\/apps\/details?id=com.gamesarena.flying.bike.tricks.stunts&amp;referrer=utm_source=42matters.com&amp;utm_medium=api","activeCreativeID":"4829","scenes":["12","1","8","6","15","2"],"campaignAdType":"Interstitial"},{"campaignID":"9386","attribution":0,"priority":"5","appToPromote":{"appToPromoteID":"17764","usesDefaultFrameImage":"0","usesDefaultCloseImage":"0","marketURL":"https:\/\/play.google.com\/store\/apps\/details?id=com.visiblebody.atlas&amp;referrer=utm_source=42matters.com&amp;utm_medium=api","packageID":"com.gamesarena..test6324"},"showTemplate":1,"s2s_tracking_url":"https:\/\/play.google.com\/store\/apps\/details?id=com.visiblebody.atlas&amp;referrer=utm_source=42matters.com&amp;utm_medium=api","activeCreativeID":"4828","scenes":["12","1","8","6","15","2"],"campaignAdType":"Interstitial"},{"campaignID":"9389","attribution":0,"priority":"5","appToPromote":{"appToPromoteID":"13185","usesDefaultFrameImage":"0","usesDefaultCloseImage":"0","marketURL":"https:\/\/play.google.com\/store\/apps\/details?id=com.gamesarena.flying.bike.tricks.stunts&amp;referrer=utm_source=42matters.com&amp;utm_medium=api","packageID":"com.gamesarena.flying.bike.tricks.stunts"},"showTemplate":1,"s2s_tracking_url":"https:\/\/play.google.com\/store\/apps\/details?id=com.gamesarena.flying.bike.tricks.stunts&amp;referrer=utm_source=42matters.com&amp;utm_medium=api","activeCreativeID":"4829","scenes":["12","1","8","6","15","2"],"campaignAdType":"Interstitial"},{"campaignID":"9390","attribution":0,"priority":"5","appToPromote":{"appToPromoteID":"17764","usesDefaultFrameImage":"0","usesDefaultCloseImage":"0","marketURL":"https:\/\/play.google.com\/store\/apps\/details?id=com.visiblebody.atlas&amp;referrer=utm_source=42matters.com&amp;utm_medium=api","packageID":"com.gamesarena..test6324"},"showTemplate":1,"s2s_tracking_url":"https:\/\/play.google.com\/store\/apps\/details?id=com.visiblebody.atlas&amp;referrer=utm_source=42matters.com&amp;utm_medium=api","activeCreativeID":"4828","scenes":["12","1","8","6","15","2"],"campaignAdType":"Interstitial"},{"campaignID":"8355","attribution":0,"priority":"5","appToPromote":{"appToPromoteID":"16325","usesDefaultFrameImage":"0","usesDefaultCloseImage":"0","marketURL":"https:\/\/play.google.com\/store\/apps\/details?id=com.tgp.mega.ramp.ambulance.car.stunts","packageID":"com.tgp.mega.ramp.ambulance.car.stunts"},"showTemplate":1,"s2s_tracking_url":"https:\/\/play.google.com\/store\/apps\/details?id=com.tgp.mega.ramp.ambulance.car.stunts","activeCreativeID":"3693","scenes":["12","1","8","6","15","2"],"campaignAdType":"Icon"},{"campaignID":"8795","attribution":0,"priority":"5","appToPromote":{"appToPromoteID":"16325","usesDefaultFrameImage":"0","usesDefaultCloseImage":"0","marketURL":"https:\/\/play.google.com\/store\/apps\/details?id=com.tgp.mega.ramp.ambulance.car.stunts","packageID":"com.tgp.mega.ramp.ambulance.car.stunts"},"showTemplate":1,"s2s_tracking_url":"https:\/\/play.google.com\/store\/apps\/details?id=com.tgp.mega.ramp.ambulance.car.stunts","activeCreativeID":"4157","scenes":["12","1","8","6","15","2"],"campaignAdType":"Native","title":"Mega Ramp Stunts Game","subTitle":"Car Stunts ","description":"Mega Ramp Stunts Game","adClickThroughText":"Download FREE"},{"campaignID":"8376","attribution":0,"priority":"3","appToPromote":{"appToPromoteID":"16325","usesDefaultFrameImage":"0","usesDefaultCloseImage":"0","marketURL":"https:\/\/play.google.com\/store\/apps\/details?id=com.tgp.mega.ramp.ambulance.car.stunts","packageID":"com.tgp.mega.ramp.ambulance.car.stunts"},"showTemplate":1,"s2s_tracking_url":"https:\/\/play.google.com\/store\/apps\/details?id=com.tgp.mega.ramp.ambulance.car.stunts","activeCreativeID":"3718","scenes":["12","1","8","6","15","2"],"campaignAdType":"Interstitial"},{"campaignID":"8354","attribution":0,"priority":"2","appToPromote":{"appToPromoteID":"16325","usesDefaultFrameImage":"0","usesDefaultCloseImage":"0","marketURL":"https:\/\/play.google.com\/store\/apps\/details?id=com.tgp.mega.ramp.ambulance.car.stunts","packageID":"com.tgp.mega.ramp.ambulance.car.stunts"},"showTemplate":1,"s2s_tracking_url":"https:\/\/play.google.com\/store\/apps\/details?id=com.tgp.mega.ramp.ambulance.car.stunts","activeCreativeID":"3692","scenes":["12","1","8","6","15","2"],"campaignAdType":"Interstitial"},{"campaignID":"8226","attribution":0,"priority":"8","appToPromote":{"appToPromoteID":"12623","usesDefaultFrameImage":"0","usesDefaultCloseImage":"0","marketURL":"https:\/\/play.google.com\/store\/apps\/details?id=com.igg.android.lordsmobile&amp;referrer=utm_source=42matters.com&amp;utm_medium=api","packageID":"com.nooribrand.android.lordsmobile"},"showTemplate":1,"s2s_tracking_url":"https:\/\/play.google.com\/store\/apps\/details?id=com.igg.android.lordsmobile&amp;referrer=utm_source=42matters.com&amp;utm_medium=api","activeCreativeID":"3557","scenes":["12","1","8","6","15","2"],"campaignAdType":"Icon"},{"campaignID":"8613","attribution":0,"priority":"8","appToPromote":{"appToPromoteID":"12623","usesDefaultFrameImage":"0","usesDefaultCloseImage":"0","marketURL":"https:\/\/play.google.com\/store\/apps\/details?id=com.igg.android.lordsmobile&amp;referrer=utm_source=42matters.com&amp;utm_medium=api","packageID":"com.nooribrand.android.lordsmobile"},"showTemplate":1,"s2s_tracking_url":"https:\/\/play.google.com\/store\/apps\/details?id=com.igg.android.lordsmobile&amp;referrer=utm_source=42matters.com&amp;utm_medium=api","activeCreativeID":"3557","scenes":["12","1","8","6","15","2"],"campaignAdType":"Icon"},{"campaignID":"9249","attribution_link":"https:\/\/app.appsflyer.com\/com.lgn.gun.strike.war.train.shooting.games?pid=consoliads_int&amp;af_click_lookback=7d&amp;clickid=2018_9249_3845&amp;android_id={android_id}&amp;sha1_android_id={sha1_android_id}&amp;advertising_id=3845&amp;sha1_advertising_id=843db353dca2a41ff3ad1874ba42aaad51152324&amp;af_keywords=2","attribution":1,"priority":"8","appToPromote":{"appToPromoteID":"13421","usesDefaultFrameImage":"0","usesDefaultCloseImage":"0","marketURL":"http:\/\/www.google.com","packageID":"com.appricot2d.testt"},"showTemplate":1,"s2s_tracking_url":"https:\/\/app.appsflyer.com\/com.lgn.gun.strike.war.train.shooting.games?pid=consoliads_int&amp;af_click_lookback=7d&amp;clickid=2018_9249_3845&amp;android_id={android_id}&amp;sha1_android_id={sha1_android_id}&amp;advertising_id=3845&amp;sha1_advertising_id=843db353dca2a41ff3ad1874ba42aaad51152324&amp;af_keywords=2","activeCreativeID":"4679","scenes":["12","1","8","6","15","2"],"campaignAdType":"Interstitial"},{"campaignID":"9252","attribution":0,"priority":"8","appToPromote":{"appToPromoteID":"12315","usesDefaultFrameImage":"0","usesDefaultCloseImage":"0","marketURL":"google.com","packageID":"com.qabrand.plnative"},"showTemplate":1,"s2s_tracking_url":"google.com","activeCreativeID":"4683","scenes":["12","1","8","6","15","2"],"campaignAdType":"Native","title":"Native first","subTitle":"First ","description":"New description","adClickThroughText":"FIRST Button"},{"campaignID":"9253","attribution":0,"priority":"8","appToPromote":{"appToPromoteID":"12315","usesDefaultFrameImage":"0","usesDefaultCloseImage":"0","marketURL":"google.com","packageID":"com.qabrand.plnative"},"showTemplate":1,"s2s_tracking_url":"google.com","activeCreativeID":"4683","scenes":["12","1","8","6","15","2"],"campaignAdType":"Native","title":"Native first","subTitle":"First ","description":"New description","adClickThroughText":"FIRST Button"},{"campaignID":"9255","attribution":0,"priority":"8","appToPromote":{"appToPromoteID":"13274","usesDefaultFrameImage":"0","usesDefaultCloseImage":"0","marketURL":"https:\/\/play.google.com\/store\/apps\/details?id=com.facebook.katana","packageID":"com.salon.adsalon"},"showTemplate":1,"s2s_tracking_url":"https:\/\/play.google.com\/store\/apps\/details?id=com.facebook.katana","activeCreativeID":"4685","scenes":["12","1","8","6","15","2"],"campaignAdType":"Native","title":"native NA ","subTitle":"native NA ","description":"native NA added","adClickThroughText":"native NA "},{"campaignID":"9257","attribution":0,"priority":"8","appToPromote":{"appToPromoteID":"12286","usesDefaultFrameImage":"0","usesDefaultCloseImage":"0","marketURL":"google.com","packageID":"com.qabrand.Chartboost_Native"},"showTemplate":1,"s2s_tracking_url":"google.com","activeCreativeID":"4688","scenes":["12","1","8","6","15","2"],"campaignAdType":"Native","title":"Native second updated","subTitle":"Native second ","description":"Native second details","adClickThroughText":"Native second "},{"campaignID":"9261","attribution_link":"https:\/\/app.appsflyer.com\/com.lgn.gun.strike.war.train.shooting.games?pid=consoliads_int&amp;af_click_lookback=7d&amp;clickid=2018_9261_3845&amp;android_id={android_id}&amp;sha1_android_id={sha1_android_id}&amp;advertising_id=3845&amp;sha1_advertising_id=843db353dca2a41ff3ad1874ba42aaad51152324&amp;af_keywords=2","attribution":1,"priority":"8","appToPromote":{"appToPromoteID":"13421","usesDefaultFrameImage":"0","usesDefaultCloseImage":"0","marketURL":"http:\/\/www.google.com","packageID":"com.appricot2d.testt"},"showTemplate":1,"s2s_tracking_url":"https:\/\/app.appsflyer.com\/com.lgn.gun.strike.war.train.shooting.games?pid=consoliads_int&amp;af_click_lookback=7d&amp;clickid=2018_9261_3845&amp;android_id={android_id}&amp;sha1_android_id={sha1_android_id}&amp;advertising_id=3845&amp;sha1_advertising_id=843db353dca2a41ff3ad1874ba42aaad51152324&amp;af_keywords=2","activeCreativeID":"4692","scenes":["12","1","8","6","15","2"],"campaignAdType":"Interstitial"},{"campaignID":"9263","attribution":0,"priority":"8","appToPromote":{"appToPromoteID":"12315","usesDefaultFrameImage":"0","usesDefaultCloseImage":"0","marketURL":"google.com","packageID":"com.qabrand.plnative"},"showTemplate":1,"s2s_tracking_url":"google.com","activeCreativeID":"4694","scenes":["12","1","8","6","15","2"],"campaignAdType":"Native","title":"test","subTitle":"test","description":" test details update","adClickThroughText":"test"},{"campaignID":"9131","attribution":0,"priority":"8","appToPromote":{"appToPromoteID":"17532","usesDefaultFrameImage":"0","usesDefaultCloseImage":"0","marketURL":"https:\/\/play.google.com\/store\/apps\/details?id=com.dhgate.buyermob","packageID":"com.dhgate.buyermob"},"showTemplate":1,"s2s_tracking_url":"https:\/\/tha.gotrackier.com\/click?campaign_id=63254\\u0026pub_id=75?p1=2018_9131_3845&amp;source=6841&amp;app_name=MultiTruckCarTransporter&amp;gaid=3845","activeCreativeID":"4483","scenes":["12","1","8","6","15","2"],"campaignAdType":"Interstitial"},{"campaignID":"561","attribution":0,"priority":"6","appToPromote":{"appToPromoteID":"5026","usesDefaultFrameImage":"0","usesDefaultCloseImage":"0","marketURL":"https:\/\/play.google.com\/store\/apps\/details?id=com.as.cashupapp","packageID":"com.as.cashupapp"},"showTemplate":1,"s2s_tracking_url":"https:\/\/play.google.com\/store\/apps\/details?id=com.as.cashupapp","activeCreativeID":"652","scenes":["12","1","8","6","15","2"],"campaignAdType":"Interstitial"},{"campaignID":"570","attribution":0,"priority":"6","appToPromote":{"appToPromoteID":"3802","usesDefaultFrameImage":"0","usesDefaultCloseImage":"0","marketURL":"https:\/\/play.google.com\/store\/apps\/details?id=com.Madxstudios.Flickshootsoccer","packageID":"com.Madxstudios.Flickshootsoccer"},"showTemplate":1,"s2s_tracking_url":"https:\/\/play.google.com\/store\/apps\/details?id=com.Madxstudios.Flickshootsoccer","activeCreativeID":"661","scenes":["12","1","8","6","15","2"],"campaignAdType":"Interstitial"},{"campaignID":"588","attribution":0,"priority":"6","appToPromote":{"appToPromoteID":"5026","usesDefaultFrameImage":"0","usesDefaultCloseImage":"0","marketURL":"https:\/\/play.google.com\/store\/apps\/details?id=com.as.cashupapp","packageID":"com.as.cashupapp"},"showTemplate":1,"s2s_tracking_url":"https:\/\/play.google.com\/store\/apps\/details?id=com.as.cashupapp","activeCreativeID":"652","scenes":["12","1","8","6","15","2"],"campaignAdType":"Interstitial"},{"campaignID":"6620","attribution":0,"priority":"6","appToPromote":{"appToPromoteID":"12980","usesDefaultFrameImage":"0","usesDefaultCloseImage":"0","marketURL":"https:\/\/play.google.com\/store\/apps\/details?id=com.sx.cooking.cafe.restaurant","packageID":"com.sx.cooking.cafe.restaurant"},"showTemplate":1,"s2s_tracking_url":"https:\/\/play.google.com\/store\/apps\/details?id=com.sx.cooking.cafe.restaurant","activeCreativeID":"1702","scenes":["12","1","8","6","15","2"],"campaignAdType":"Interstitial"},{"campaignID":"6596","attribution":0,"priority":"5","appToPromote":{"appToPromoteID":"12980","usesDefaultFrameImage":"0","usesDefaultCloseImage":"0","marketURL":"https:\/\/play.google.com\/store\/apps\/details?id=com.sx.cooking.cafe.restaurant","packageID":"com.sx.cooking.cafe.restaurant"},"showTemplate":1,"s2s_tracking_url":"https:\/\/play.google.com\/store\/apps\/details?id=com.sx.cooking.cafe.restaurant","activeCreativeID":"1702","scenes":["12","1","8","6","15","2"],"campaignAdType":"Interstitial"}],"refreshAdRate":30,"mode":"Production","aspectRatio":"4_3","cdnPath":"https:\/\/df8ymybeo92md.cloudfront.net\/images\/","sentry_log":0,"local_logging":0,"sentry_dsn":"https:\/\/93ffa1c9a4124f67b8888a53265f751a:bbf998e04584477fa9a145838e9d3b26@sentry.io\/168994","sentry_initialization":1,"sentry_debugging":0,"bannerSizes":["1"],"aspectRatioVideo":"16_9","app_id":"2018","showPreRewardedDialogue":0,"showPostRewardedDialogue":0,"rewardCurrency":"coins","rewardValue":0,"isSkipable":0,"privacyPolicyURL":"https:\/\/www.consoliads.com\/privacy-policy\/","sessionToken":"4Zb5\/GuHH03eIJJ\/IOew8tOLRHFKEnWjjJCAjGxqzN1oEGRPgnKp6nVDsvWNVLqXG30J0jrRxL\/pi3aX0TB4DGt1EXmWNE+Q\/8bAY3w24NvCvtbSnQIa24MHQXTRzVjfVYfbgAOYu8Zu6HEiFHqMUQGrcwk\/jIzMEZv4yj8chw4="}
Session token value is set


{"appKey":"95784c8196170f224be1193006a3bbea","deviceID":"6418","stats":[{"campaignID":130,"packageID":"com.whitesand.bike.mechanic","sceneStats":[{"sceneID":"17","eventStats":"364,264,164,64,64,0,0"}]}],"sdkVersion":"39","sessionToken":"4Zb5\/GuHH03eIJJ\/IOew8tOLRHFKEnWjjJCAjGxqzN1oEGRPgnKp6nVDsvWNVLqXG30J0jrRxL\/pi3aX0TB4DGt1EXmWNE+Q\/8bAY3w24NvCvtbSnQIa24MHQXTRzVjfVYfbgAOYu8Zu6HEiFHqMUQGrcwk\/jIzMEZv4yj8chw4="}
cache_ttl value is correct

Refresh Ad Rate value is correct
mode value is set

 Aspect ratio value is correct
sentry_log value is set
local_logging value is set
sentry_initialization value is set
sentry_debugging value is set
showPreRewardedDialogue value is set
showPostRewardedDialogue value is set
isSkipable value is set
{"cache_ttl":10080,"cache_ttl_rewarded":10080,"cache_ttl_banner":10080,"cache_ttl_native":10080,"cache_ttl_icon":10080,"refreshAdRate":30,"mode":"Production","aspectRatio":"4_3","cdnPath":"https:\/\/df8ymybeo92md.cloudfront.net\/images\/","sentry_log":0,"local_logging":0,"sentry_dsn":"https:\/\/93ffa1c9a4124f67b8888a53265f751a:bbf998e04584477fa9a145838e9d3b26@sentry.io\/168994","sentry_initialization":1,"sentry_debugging":0,"bannerSizes":["5"],"aspectRatioVideo":"16_9","app_id":"2030","showPreRewardedDialogue":0,"showPostRewardedDialogue":0,"rewardCurrency":"coins","rewardValue":0,"isSkipable":0,"privacyPolicyURL":"https:\/\/www.consoliads.com\/privacy-policy\/","sessionToken":"UpIBP89W8uMDlUmv+adT41MzhQQO+AL8ZSZxZg3aJsEqo4PZu7KxWoh3M5\/LlFmx8FZ6jTra6Jw2XrjtbIwLNJIlvMW3mki6me5p2YDoX3Zk3lcpivsQpy29SWlUWIvEibD8AiuhGaibhTfN+LmUWy\/A5dZSc9y4PG+RsGP94WU="}
Session token value is set


{"appKey":"408e2b68db7ae9de1346fe1907578a69","deviceID":"9340","stats":[{"campaignID":131,"packageID":"com.threed.army.sniper.shooter","sceneStats":[{"sceneID":"24","eventStats":"393,293,193,93,93,0,0"}]}],"sdkVersion":"39","sessionToken":"UpIBP89W8uMDlUmv+adT41MzhQQO+AL8ZSZxZg3aJsEqo4PZu7KxWoh3M5\/LlFmx8FZ6jTra6Jw2XrjtbIwLNJIlvMW3mki6me5p2YDoX3Zk3lcpivsQpy29SWlUWIvEibD8AiuhGaibhTfN+LmUWy\/A5dZSc9y4PG+RsGP94WU="}
cache_ttl value is correct

Refresh Ad Rate value is correct
mode value is set

 Aspect ratio value is correct
sentry_log value is set
local_logging value is set
sentry_initialization value is set
sentry_debugging value is set
showPreRewardedDialogue value is set
showPostRewardedDialogue value is set
isSkipable value is set
{"cache_ttl":10080,"cache_ttl_rewarded":10080,"cache_ttl_banner":10080,"cache_ttl_native":10080,"cache_ttl_icon":10080,"refreshAdRate":30,"mode":"Production","aspectRatio":"4_3","cdnPath":"https:\/\/df8ymybeo92md.cloudfront.net\/images\/","sentry_log":0,"local_logging":0,"sentry_dsn":"https:\/\/93ffa1c9a4124f67b8888a53265f751a:bbf998e04584477fa9a145838e9d3b26@sentry.io\/168994","sentry_initialization":1,"sentry_debugging":0,"bannerSizes":[],"aspectRatioVideo":"16_9","app_id":"2059","showPreRewardedDialogue":0,"showPostRewardedDialogue":0,"rewardCurrency":"coins","rewardValue":0,"isSkipable":0,"privacyPolicyURL":"https:\/\/www.consoliads.com\/privacy-policy\/","sessionToken":"JQymNg5E7+Mv5PppYQkVYFOgvr7UWLZrZjRU0g3WC3elTwIeubgga6smIYg6exw4VVx0p9ACONZGH0wB7Bc65gNJvFXnu4MpvArk8gzUz3NUHLU6bWI8Ov54m01WSnmva3neM96dArpuw3Ddh9hMDA1XaJ0r+UWW5JOfO5Z\/eDI="}
Session token value is set


{"appKey":"9c32e165fd92e18a2d2f8d387cd9e104","deviceID":"1390","stats":[{"campaignID":132,"packageID":"com.gss.us.army.commando.survival","sceneStats":[{"sceneID":"4","eventStats":"314,214,114,14,14,0,0"}]}],"sdkVersion":"2216","sessionToken":"JQymNg5E7+Mv5PppYQkVYFOgvr7UWLZrZjRU0g3WC3elTwIeubgga6smIYg6exw4VVx0p9ACONZGH0wB7Bc65gNJvFXnu4MpvArk8gzUz3NUHLU6bWI8Ov54m01WSnmva3neM96dArpuw3Ddh9hMDA1XaJ0r+UWW5JOfO5Z\/eDI="}
cache_ttl value is correct

Title value is correct

Title value is correct

Title value is correct

Title value is correct

Title value is correct

Title value is correct

Refresh Ad Rate value is correct
mode value is set

 Aspect ratio value is correct
sentry_log value is set
local_logging value is set
sentry_initialization value is set
sentry_debugging value is set
showPreRewardedDialogue value is set
showPostRewardedDialogue value is set
isSkipable value is set
{"cache_ttl":10080,"cache_ttl_rewarded":10080,"cache_ttl_banner":10080,"cache_ttl_native":10080,"cache_ttl_icon":10080,"campaigns":[{"campaignID":"9384","attribution":0,"priority":"5","appToPromote":{"appToPromoteID":"13185","usesDefaultFrameImage":"0","usesDefaultCloseImage":"0","marketURL":"https:\/\/play.google.com\/store\/apps\/details?id=com.gamesarena.flying.bike.tricks.stunts&amp;referrer=utm_source=42matters.com&amp;utm_medium=api","packageID":"com.gamesarena.flying.bike.tricks.stunts"},"showTemplate":1,"s2s_tracking_url":"https:\/\/play.google.com\/store\/apps\/details?id=com.gamesarena.flying.bike.tricks.stunts&amp;referrer=utm_source=42matters.com&amp;utm_medium=api","activeCreativeID":"4829","scenes":["12","1","8","6","15","2"],"campaignAdType":"Interstitial"},{"campaignID":"9386","attribution":0,"priority":"5","appToPromote":{"appToPromoteID":"17764","usesDefaultFrameImage":"0","usesDefaultCloseImage":"0","marketURL":"https:\/\/play.google.com\/store\/apps\/details?id=com.visiblebody.atlas&amp;referrer=utm_source=42matters.com&amp;utm_medium=api","packageID":"com.gamesarena..test6324"},"showTemplate":1,"s2s_tracking_url":"https:\/\/play.google.com\/store\/apps\/details?id=com.visiblebody.atlas&amp;referrer=utm_source=42matters.com&amp;utm_medium=api","activeCreativeID":"4828","scenes":["12","1","8","6","15","2"],"campaignAdType":"Interstitial"},{"campaignID":"9389","attribution":0,"priority":"5","appToPromote":{"appToPromoteID":"13185","usesDefaultFrameImage":"0","usesDefaultCloseImage":"0","marketURL":"https:\/\/play.google.com\/store\/apps\/details?id=com.gamesarena.flying.bike.tricks.stunts&amp;referrer=utm_source=42matters.com&amp;utm_medium=api","packageID":"com.gamesarena.flying.bike.tricks.stunts"},"showTemplate":1,"s2s_tracking_url":"https:\/\/play.google.com\/store\/apps\/details?id=com.gamesarena.flying.bike.tricks.stunts&amp;referrer=utm_source=42matters.com&amp;utm_medium=api","activeCreativeID":"4829","scenes":["12","1","8","6","15","2"],"campaignAdType":"Interstitial"},{"campaignID":"9390","attribution":0,"priority":"5","appToPromote":{"appToPromoteID":"17764","usesDefaultFrameImage":"0","usesDefaultCloseImage":"0","marketURL":"https:\/\/play.google.com\/store\/apps\/details?id=com.visiblebody.atlas&amp;referrer=utm_source=42matters.com&amp;utm_medium=api","packageID":"com.gamesarena..test6324"},"showTemplate":1,"s2s_tracking_url":"https:\/\/play.google.com\/store\/apps\/details?id=com.visiblebody.atlas&amp;referrer=utm_source=42matters.com&amp;utm_medium=api","activeCreativeID":"4828","scenes":["12","1","8","6","15","2"],"campaignAdType":"Interstitial"},{"campaignID":"6641","attribution":0,"priority":"5","appToPromote":{"appToPromoteID":"5724","usesDefaultFrameImage":"0","usesDefaultCloseImage":"0","marketURL":"https:\/\/play.google.com\/store\/apps\/details?id=com.gss.shooting.game.army.sniper2018","packageID":"com.gss.shooting.game.army.sniper2018"},"showTemplate":1,"s2s_tracking_url":"https:\/\/play.google.com\/store\/apps\/details?id=com.gss.shooting.game.army.sniper2018","activeCreativeID":"1749","scenes":["12","1","8","6","15","2"],"campaignAdType":"Icon"},{"campaignID":"6689","attribution":0,"priority":"3","appToPromote":{"appToPromoteID":"2552","usesDefaultFrameImage":"0","usesDefaultCloseImage":"0","marketURL":"https:\/\/play.google.com\/store\/apps\/details?id=com.gss.grand.city.rescue.flyingrobot","packageID":"com.gss.grand.city.rescue.flyingrobot"},"showTemplate":1,"s2s_tracking_url":"https:\/\/play.google.com\/store\/apps\/details?id=com.gss.grand.city.rescue.flyingrobot","activeCreativeID":"1791","scenes":["12","1","8","6","15","2"],"campaignAdType":"Icon"},{"campaignID":"7036","attribution":0,"priority":"1","appToPromote":{"appToPromoteID":"2251","usesDefaultFrameImage":"0","usesDefaultCloseImage":"0","marketURL":"https:\/\/play.google.com\/store\/apps\/details?id=com.gss.police.sniper.reloaded","packageID":"com.gss.police.sniper.reloaded"},"showTemplate":1,"s2s_tracking_url":"https:\/\/play.google.com\/store\/apps\/details?id=com.gss.police.sniper.reloaded","activeCreativeID":"2155","scenes":["12","1","8","6","15","2"],"campaignAdType":"Icon"},{"campaignID":"9249","attribution_link":"https:\/\/app.appsflyer.com\/com.lgn.gun.strike.war.train.shooting.games?pid=consoliads_int&amp;af_click_lookback=7d&amp;clickid=2109_9249_1390&amp;android_id={android_id}&amp;sha1_android_id={sha1_android_id}&amp;advertising_id=1390&amp;sha1_advertising_id=1a5270e66ed4ca6b0227a4ebf6a959157221262b&amp;af_keywords=2","attribution":1,"priority":"8","appToPromote":{"appToPromoteID":"13421","usesDefaultFrameImage":"0","usesDefaultCloseImage":"0","marketURL":"http:\/\/www.google.com","packageID":"com.appricot2d.testt"},"showTemplate":1,"s2s_tracking_url":"https:\/\/app.appsflyer.com\/com.lgn.gun.strike.war.train.shooting.games?pid=consoliads_int&amp;af_click_lookback=7d&amp;clickid=2109_9249_1390&amp;android_id={android_id}&amp;sha1_android_id={sha1_android_id}&amp;advertising_id=1390&amp;sha1_advertising_id=1a5270e66ed4ca6b0227a4ebf6a959157221262b&amp;af_keywords=2","activeCreativeID":"4679","scenes":["12","1","8","6","15","2"],"campaignAdType":"Interstitial"},{"campaignID":"9252","attribution":0,"priority":"8","appToPromote":{"appToPromoteID":"12315","usesDefaultFrameImage":"0","usesDefaultCloseImage":"0","marketURL":"google.com","packageID":"com.qabrand.plnative"},"showTemplate":1,"s2s_tracking_url":"google.com","activeCreativeID":"4683","scenes":["12","1","8","6","15","2"],"campaignAdType":"Native","title":"Native first","subTitle":"First ","description":"New description","adClickThroughText":"FIRST Button"},{"campaignID":"9253","attribution":0,"priority":"8","appToPromote":{"appToPromoteID":"12315","usesDefaultFrameImage":"0","usesDefaultCloseImage":"0","marketURL":"google.com","packageID":"com.qabrand.plnative"},"showTemplate":1,"s2s_tracking_url":"google.com","activeCreativeID":"4683","scenes":["12","1","8","6","15","2"],"campaignAdType":"Native","title":"Native first","subTitle":"First ","description":"New description","adClickThroughText":"FIRST Button"},{"campaignID":"9255","attribution":0,"priority":"8","appToPromote":{"appToPromoteID":"13274","usesDefaultFrameImage":"0","usesDefaultCloseImage":"0","marketURL":"https:\/\/play.google.com\/store\/apps\/details?id=com.facebook.katana","packageID":"com.salon.adsalon"},"showTemplate":1,"s2s_tracking_url":"https:\/\/play.google.com\/store\/apps\/details?id=com.facebook.katana","activeCreativeID":"4685","scenes":["12","1","8","6","15","2"],"campaignAdType":"Native","title":"native NA ","subTitle":"native NA ","description":"native NA added","adClickThroughText":"native NA "},{"campaignID":"9257","attribution":0,"priority":"8","appToPromote":{"appToPromoteID":"12286","usesDefaultFrameImage":"0","usesDefaultCloseImage":"0","marketURL":"google.com","packageID":"com.qabrand.Chartboost_Native"},"showTemplate":1,"s2s_tracking_url":"google.com","activeCreativeID":"4688","scenes":["12","1","8","6","15","2"],"campaignAdType":"Native","title":"Native second updated","subTitle":"Native second ","description":"Native second details","adClickThroughText":"Native second "},{"campaignID":"9261","attribution_link":"https:\/\/app.appsflyer.com\/com.lgn.gun.strike.war.train.shooting.games?pid=consoliads_int&amp;af_click_lookback=7d&amp;clickid=2109_9261_1390&amp;android_id={android_id}&amp;sha1_android_id={sha1_android_id}&amp;advertising_id=1390&amp;sha1_advertising_id=1a5270e66ed4ca6b0227a4ebf6a959157221262b&amp;af_keywords=2","attribution":1,"priority":"8","appToPromote":{"appToPromoteID":"13421","usesDefaultFrameImage":"0","usesDefaultCloseImage":"0","marketURL":"http:\/\/www.google.com","packageID":"com.appricot2d.testt"},"showTemplate":1,"s2s_tracking_url":"https:\/\/app.appsflyer.com\/com.lgn.gun.strike.war.train.shooting.games?pid=consoliads_int&amp;af_click_lookback=7d&amp;clickid=2109_9261_1390&amp;android_id={android_id}&amp;sha1_android_id={sha1_android_id}&amp;advertising_id=1390&amp;sha1_advertising_id=1a5270e66ed4ca6b0227a4ebf6a959157221262b&amp;af_keywords=2","activeCreativeID":"4692","scenes":["12","1","8","6","15","2"],"campaignAdType":"Interstitial"},{"campaignID":"9263","attribution":0,"priority":"8","appToPromote":{"appToPromoteID":"12315","usesDefaultFrameImage":"0","usesDefaultCloseImage":"0","marketURL":"google.com","packageID":"com.qabrand.plnative"},"showTemplate":1,"s2s_tracking_url":"google.com","activeCreativeID":"4694","scenes":["12","1","8","6","15","2"],"campaignAdType":"Native","title":"test","subTitle":"test","description":" test details update","adClickThroughText":"test"},{"campaignID":"9127","attribution":0,"priority":"8","appToPromote":{"appToPromoteID":"17528","usesDefaultFrameImage":"0","usesDefaultCloseImage":"0","marketURL":"https:\/\/play.google.com\/store\/apps\/details?id=net.one97.paytm","packageID":"net.one97.paytm"},"showTemplate":1,"s2s_tracking_url":"https:\/\/tha.gotrackier.com\/click?campaign_id=63249\\u0026pub_id=75?p1=2109_9127_1390&amp;source=6841&amp;app_name=USArmyCommandoSurvival-FPSShooter&amp;gaid=1390","activeCreativeID":"4788","scenes":["12","1","8","6","15","2"],"campaignAdType":"Native","title":"BCA","subTitle":"FW","description":"nope","adClickThroughText":"Link"},{"campaignID":"9131","attribution":0,"priority":"8","appToPromote":{"appToPromoteID":"17532","usesDefaultFrameImage":"0","usesDefaultCloseImage":"0","marketURL":"https:\/\/play.google.com\/store\/apps\/details?id=com.dhgate.buyermob","packageID":"com.dhgate.buyermob"},"showTemplate":1,"s2s_tracking_url":"https:\/\/tha.gotrackier.com\/click?campaign_id=63254\\u0026pub_id=75?p1=2109_9131_1390&amp;source=6841&amp;app_name=USArmyCommandoSurvival-FPSShooter&amp;gaid=1390","activeCreativeID":"4483","scenes":["12","1","8","6","15","2"],"campaignAdType":"Interstitial"},{"campaignID":"561","attribution":0,"priority":"6","appToPromote":{"appToPromoteID":"5026","usesDefaultFrameImage":"0","usesDefaultCloseImage":"0","marketURL":"https:\/\/play.google.com\/store\/apps\/details?id=com.as.cashupapp","packageID":"com.as.cashupapp"},"showTemplate":1,"s2s_tracking_url":"https:\/\/play.google.com\/store\/apps\/details?id=com.as.cashupapp","activeCreativeID":"652","scenes":["12","1","8","6","15","2"],"campaignAdType":"Interstitial"},{"campaignID":"570","attribution":0,"priority":"6","appToPromote":{"appToPromoteID":"3802","usesDefaultFrameImage":"0","usesDefaultCloseImage":"0","marketURL":"https:\/\/play.google.com\/store\/apps\/details?id=com.Madxstudios.Flickshootsoccer","packageID":"com.Madxstudios.Flickshootsoccer"},"showTemplate":1,"s2s_tracking_url":"https:\/\/play.google.com\/store\/apps\/details?id=com.Madxstudios.Flickshootsoccer","activeCreativeID":"661","scenes":["12","1","8","6","15","2"],"campaignAdType":"Interstitial"},{"campaignID":"588","attribution":0,"priority":"6","appToPromote":{"appToPromoteID":"5026","usesDefaultFrameImage":"0","usesDefaultCloseImage":"0","marketURL":"https:\/\/play.google.com\/store\/apps\/details?id=com.as.cashupapp","packageID":"com.as.cashupapp"},"showTemplate":1,"s2s_tracking_url":"https:\/\/play.google.com\/store\/apps\/details?id=com.as.cashupapp","activeCreativeID":"652","scenes":["12","1","8","6","15","2"],"campaignAdType":"Interstitial"},{"campaignID":"6620","attribution":0,"priority":"6","appToPromote":{"appToPromoteID":"12980","usesDefaultFrameImage":"0","usesDefaultCloseImage":"0","marketURL":"https:\/\/play.google.com\/store\/apps\/details?id=com.sx.cooking.cafe.restaurant","packageID":"com.sx.cooking.cafe.restaurant"},"showTemplate":1,"s2s_tracking_url":"https:\/\/play.google.com\/store\/apps\/details?id=com.sx.cooking.cafe.restaurant","activeCreativeID":"1702","scenes":["12","1","8","6","15","2"],"campaignAdType":"Interstitial"},{"campaignID":"6596","attribution":0,"priority":"5","appToPromote":{"appToPromoteID":"12980","usesDefaultFrameImage":"0","usesDefaultCloseImage":"0","marketURL":"https:\/\/play.google.com\/store\/apps\/details?id=com.sx.cooking.cafe.restaurant","packageID":"com.sx.cooking.cafe.restaurant"},"showTemplate":1,"s2s_tracking_url":"https:\/\/play.google.com\/store\/apps\/details?id=com.sx.cooking.cafe.restaurant","activeCreativeID":"1702","scenes":["12","1","8","6","15","2"],"campaignAdType":"Interstitial"}],"refreshAdRate":30,"mode":"Production","aspectRatio":"4_3","cdnPath":"https:\/\/df8ymybeo92md.cloudfront.net\/images\/","sentry_log":0,"local_logging":0,"sentry_dsn":"https:\/\/93ffa1c9a4124f67b8888a53265f751a:bbf998e04584477fa9a145838e9d3b26@sentry.io\/168994","sentry_initialization":1,"sentry_debugging":0,"bannerSizes":["1","2"],"aspectRatioVideo":"16_9","app_id":"2109","showPreRewardedDialogue":0,"showPostRewardedDialogue":0,"rewardCurrency":"coins","rewardValue":0,"isSkipable":0,"privacyPolicyURL":"https:\/\/www.consoliads.com\/privacy-policy\/","sessionToken":"dxpAahluSq2qol8veuGdd5Rr02BAG\/T3yTn34GvjGvBY8EPHak721MI\/T7J2H2IAY+mmNL2CggtauNZeKkFvjuGg48IHeXqmFvjcHsmNbi0xg9upgijteDKrlWn3uoDeOjhsbwZSNfdg1AKdw3+dU78PRykVA8S0YNmwJVgy1D8="}
Session token value is set


{"appKey":"a3040901882682cf28d8e6242b545b11","deviceID":"6155","stats":[{"campaignID":134,"packageID":"com.tgp.offroad.multi.truck.transport","sceneStats":[{"sceneID":"16","eventStats":"361,261,161,61,61,0,0"}]}],"sdkVersion":"39","sessionToken":"dxpAahluSq2qol8veuGdd5Rr02BAG\/T3yTn34GvjGvBY8EPHak721MI\/T7J2H2IAY+mmNL2CggtauNZeKkFvjuGg48IHeXqmFvjcHsmNbi0xg9upgijteDKrlWn3uoDeOjhsbwZSNfdg1AKdw3+dU78PRykVA8S0YNmwJVgy1D8="}
cache_ttl value is correct

Refresh Ad Rate value is correct
mode value is set

 Aspect ratio value is correct
sentry_log value is set
local_logging value is set
sentry_initialization value is set
sentry_debugging value is set
showPreRewardedDialogue value is set
showPostRewardedDialogue value is set
isSkipable value is set
{"cache_ttl":10080,"cache_ttl_rewarded":10080,"cache_ttl_banner":10080,"cache_ttl_native":10080,"cache_ttl_icon":10080,"campaigns":[{"campaignID":"9384","attribution":0,"priority":"5","appToPromote":{"appToPromoteID":"13185","usesDefaultFrameImage":"0","usesDefaultCloseImage":"0","marketURL":"https:\/\/play.google.com\/store\/apps\/details?id=com.gamesarena.flying.bike.tricks.stunts&amp;referrer=utm_source=42matters.com&amp;utm_medium=api","packageID":"com.gamesarena.flying.bike.tricks.stunts"},"showTemplate":1,"s2s_tracking_url":"https:\/\/play.google.com\/store\/apps\/details?id=com.gamesarena.flying.bike.tricks.stunts&amp;referrer=utm_source=42matters.com&amp;utm_medium=api","activeCreativeID":"4829","scenes":["12","1","8","6","15","2"],"campaignAdType":"Interstitial"},{"campaignID":"9386","attribution":0,"priority":"5","appToPromote":{"appToPromoteID":"17764","usesDefaultFrameImage":"0","usesDefaultCloseImage":"0","marketURL":"https:\/\/play.google.com\/store\/apps\/details?id=com.visiblebody.atlas&amp;referrer=utm_source=42matters.com&amp;utm_medium=api","packageID":"com.gamesarena..test6324"},"showTemplate":1,"s2s_tracking_url":"https:\/\/play.google.com\/store\/apps\/details?id=com.visiblebody.atlas&amp;referrer=utm_source=42matters.com&amp;utm_medium=api","activeCreativeID":"4828","scenes":["12","1","8","6","15","2"],"campaignAdType":"Interstitial"},{"campaignID":"9389","attribution":0,"priority":"5","appToPromote":{"appToPromoteID":"13185","usesDefaultFrameImage":"0","usesDefaultCloseImage":"0","marketURL":"https:\/\/play.google.com\/store\/apps\/details?id=com.gamesarena.flying.bike.tricks.stunts&amp;referrer=utm_source=42matters.com&amp;utm_medium=api","packageID":"com.gamesarena.flying.bike.tricks.stunts"},"showTemplate":1,"s2s_tracking_url":"https:\/\/play.google.com\/store\/apps\/details?id=com.gamesarena.flying.bike.tricks.stunts&amp;referrer=utm_source=42matters.com&amp;utm_medium=api","activeCreativeID":"4829","scenes":["12","1","8","6","15","2"],"campaignAdType":"Interstitial"},{"campaignID":"9390","attribution":0,"priority":"5","appToPromote":{"appToPromoteID":"17764","usesDefaultFrameImage":"0","usesDefaultCloseImage":"0","marketURL":"https:\/\/play.google.com\/store\/apps\/details?id=com.visiblebody.atlas&amp;referrer=utm_source=42matters.com&amp;utm_medium=api","packageID":"com.gamesarena..test6324"},"showTemplate":1,"s2s_tracking_url":"https:\/\/play.google.com\/store\/apps\/details?id=com.visiblebody.atlas&amp;referrer=utm_source=42matters.com&amp;utm_medium=api","activeCreativeID":"4828","scenes":["12","1","8","6","15","2"],"campaignAdType":"Interstitial"},{"campaignID":"8376","attribution":0,"priority":"3","appToPromote":{"appToPromoteID":"16325","usesDefaultFrameImage":"0","usesDefaultCloseImage":"0","marketURL":"https:\/\/play.google.com\/store\/apps\/details?id=com.tgp.mega.ramp.ambulance.car.stunts","packageID":"com.tgp.mega.ramp.ambulance.car.stunts"},"showTemplate":1,"s2s_tracking_url":"https:\/\/play.google.com\/store\/apps\/details?id=com.tgp.mega.ramp.ambulance.car.stunts","activeCreativeID":"3718","scenes":["12","1","8","6","15","2"],"campaignAdType":"Interstitial"},{"campaignID":"8354","attribution":0,"priority":"2","appToPromote":{"appToPromoteID":"16325","usesDefaultFrameImage":"0","usesDefaultCloseImage":"0","marketURL":"https:\/\/play.google.com\/store\/apps\/details?id=com.tgp.mega.ramp.ambulance.car.stunts","packageID":"com.tgp.mega.ramp.ambulance.car.stunts"},"showTemplate":1,"s2s_tracking_url":"https:\/\/play.google.com\/store\/apps\/details?id=com.tgp.mega.ramp.ambulance.car.stunts","activeCreativeID":"3692","scenes":["12","1","8","6","15","2"],"campaignAdType":"Interstitial"},{"campaignID":"9249","attribution_link":"https:\/\/app.appsflyer.com\/com.lgn.gun.strike.war.train.shooting.games?pid=consoliads_int&amp;af_click_lookback=7d&amp;clickid=2130_9249_6155&amp;android_id={android_id}&amp;sha1_android_id={sha1_android_id}&amp;advertising_id=6155&amp;sha1_advertising_id=a437c886d15269935cd97a1fdb3f4306676ad1e4&amp;af_keywords=2","attribution":1,"priority":"8","appToPromote":{"appToPromoteID":"13421","usesDefaultFrameImage":"0","usesDefaultCloseImage":"0","marketURL":"http:\/\/www.google.com","packageID":"com.appricot2d.testt"},"showTemplate":1,"s2s_tracking_url":"https:\/\/app.appsflyer.com\/com.lgn.gun.strike.war.train.shooting.games?pid=consoliads_int&amp;af_click_lookback=7d&amp;clickid=2130_9249_6155&amp;android_id={android_id}&amp;sha1_android_id={sha1_android_id}&amp;advertising_id=6155&amp;sha1_advertising_id=a437c886d15269935cd97a1fdb3f4306676ad1e4&amp;af_keywords=2","activeCreativeID":"4679","scenes":["12","1","8","6","15","2"],"campaignAdType":"Interstitial"},{"campaignID":"9261","attribution_link":"https:\/\/app.appsflyer.com\/com.lgn.gun.strike.war.train.shooting.games?pid=consoliads_int&amp;af_click_lookback=7d&amp;clickid=2130_9261_6155&amp;android_id={android_id}&amp;sha1_android_id={sha1_android_id}&amp;advertising_id=6155&amp;sha1_advertising_id=a437c886d15269935cd97a1fdb3f4306676ad1e4&amp;af_keywords=2","attribution":1,"priority":"8","appToPromote":{"appToPromoteID":"13421","usesDefaultFrameImage":"0","usesDefaultCloseImage":"0","marketURL":"http:\/\/www.google.com","packageID":"com.appricot2d.testt"},"showTemplate":1,"s2s_tracking_url":"https:\/\/app.appsflyer.com\/com.lgn.gun.strike.war.train.shooting.games?pid=consoliads_int&amp;af_click_lookback=7d&amp;clickid=2130_9261_6155&amp;android_id={android_id}&amp;sha1_android_id={sha1_android_id}&amp;advertising_id=6155&amp;sha1_advertising_id=a437c886d15269935cd97a1fdb3f4306676ad1e4&amp;af_keywords=2","activeCreativeID":"4692","scenes":["12","1","8","6","15","2"],"campaignAdType":"Interstitial"},{"campaignID":"9131","attribution":0,"priority":"8","appToPromote":{"appToPromoteID":"17532","usesDefaultFrameImage":"0","usesDefaultCloseImage":"0","marketURL":"https:\/\/play.google.com\/store\/apps\/details?id=com.dhgate.buyermob","packageID":"com.dhgate.buyermob"},"showTemplate":1,"s2s_tracking_url":"https:\/\/tha.gotrackier.com\/click?campaign_id=63254\\u0026pub_id=75?p1=2130_9131_6155&amp;source=6841&amp;app_name=OffRoadMultiTruckTransport&amp;gaid=6155","activeCreativeID":"4483","scenes":["12","1","8","6","15","2"],"campaignAdType":"Interstitial"},{"campaignID":"561","attribution":0,"priority":"6","appToPromote":{"appToPromoteID":"5026","usesDefaultFrameImage":"0","usesDefaultCloseImage":"0","marketURL":"https:\/\/play.google.com\/store\/apps\/details?id=com.as.cashupapp","packageID":"com.as.cashupapp"},"showTemplate":1,"s2s_tracking_url":"https:\/\/play.google.com\/store\/apps\/details?id=com.as.cashupapp","activeCreativeID":"652","scenes":["12","1","8","6","15","2"],"campaignAdType":"Interstitial"},{"campaignID":"570","attribution":0,"priority":"6","appToPromote":{"appToPromoteID":"3802","usesDefaultFrameImage":"0","usesDefaultCloseImage":"0","marketURL":"https:\/\/play.google.com\/store\/apps\/details?id=com.Madxstudios.Flickshootsoccer","packageID":"com.Madxstudios.Flickshootsoccer"},"showTemplate":1,"s2s_tracking_url":"https:\/\/play.google.com\/store\/apps\/details?id=com.Madxstudios.Flickshootsoccer","activeCreativeID":"661","scenes":["12","1","8","6","15","2"],"campaignAdType":"Interstitial"},{"campaignID":"588","attribution":0,"priority":"6","appToPromote":{"appToPromoteID":"5026","usesDefaultFrameImage":"0","usesDefaultCloseImage":"0","marketURL":"https:\/\/play.google.com\/store\/apps\/details?id=com.as.cashupapp","packageID":"com.as.cashupapp"},"showTemplate":1,"s2s_tracking_url":"https:\/\/play.google.com\/store\/apps\/details?id=com.as.cashupapp","activeCreativeID":"652","scenes":["12","1","8","6","15","2"],"campaignAdType":"Interstitial"},{"campaignID":"6620","attribution":0,"priority":"6","appToPromote":{"appToPromoteID":"12980","usesDefaultFrameImage":"0","usesDefaultCloseImage":"0","marketURL":"https:\/\/play.google.com\/store\/apps\/details?id=com.sx.cooking.cafe.restaurant","packageID":"com.sx.cooking.cafe.restaurant"},"showTemplate":1,"s2s_tracking_url":"https:\/\/play.google.com\/store\/apps\/details?id=com.sx.cooking.cafe.restaurant","activeCreativeID":"1702","scenes":["12","1","8","6","15","2"],"campaignAdType":"Interstitial"},{"campaignID":"6596","attribution":0,"priority":"5","appToPromote":{"appToPromoteID":"12980","usesDefaultFrameImage":"0","usesDefaultCloseImage":"0","marketURL":"https:\/\/play.google.com\/store\/apps\/details?id=com.sx.cooking.cafe.restaurant","packageID":"com.sx.cooking.cafe.restaurant"},"showTemplate":1,"s2s_tracking_url":"https:\/\/play.google.com\/store\/apps\/details?id=com.sx.cooking.cafe.restaurant","activeCreativeID":"1702","scenes":["12","1","8","6","15","2"],"campaignAdType":"Interstitial"}],"refreshAdRate":30,"mode":"Production","aspectRatio":"4_3","cdnPath":"https:\/\/df8ymybeo92md.cloudfront.net\/images\/","sentry_log":0,"local_logging":0,"sentry_dsn":"https:\/\/93ffa1c9a4124f67b8888a53265f751a:bbf998e04584477fa9a145838e9d3b26@sentry.io\/168994","sentry_initialization":1,"sentry_debugging":0,"bannerSizes":["5"],"aspectRatioVideo":"16_9","app_id":"2130","showPreRewardedDialogue":0,"showPostRewardedDialogue":0,"rewardCurrency":"coins","rewardValue":0,"isSkipable":0,"privacyPolicyURL":"https:\/\/www.consoliads.com\/privacy-policy\/","sessionToken":"GTHAccbKC4GmOjAN630rW1wXbXqwJp99v7aS1UuczXIrckt10bohrLHSxh9BucLgXK5HIdql4OZhNcubvZgeFFwWLlMsRo9PltQ499etmE\/G2qcerVB1R+7kDlas3qAsFnrEF0j0T6M7\/uFKCYDYX6XiILB30HBm5u+bTERL7Hw="}
Session token value is set

mode value is set

 Aspect ratio value is correct
sentry_log value is set
Session token value is set


{"appKey":"934628f5152161a94cdb52489ea8b7b5","deviceID":"255","stats":[{"campaignID":143,"packageID":"com.mizo.sports.car.mechanic","sceneStats":[{"sceneID":"1","eventStats":"303,203,103,3,3,0,0"}]}],"sdkVersion":"2216","sessionToken":"hRaKC8zC5kglXW+vToPcUiq0MQ36PbGVcv19i6e48M6AJLL73DFlY4mKBo7UO1o\/J1wX6ayLplqQ5xrI0MNh4+Es0kxZNEF56ku5rT4b3JOm\/QuSpa6MPii+0St95lZ1rWftm0haObza01SgjcKJym4zAiEv4CnaAovzoR1cCB4="}
cache_ttl value is correct

Refresh Ad Rate value is correct
mode value is set

 Aspect ratio value is correct
sentry_log value is set
local_logging value is set
sentry_initialization value is set
sentry_debugging value is set
showPreRewardedDialogue value is set
showPostRewardedDialogue value is set
isSkipable value is set
{"cache_ttl":10080,"cache_ttl_rewarded":10080,"cache_ttl_banner":10080,"cache_ttl_native":10080,"cache_ttl_icon":10080,"campaigns":[{"campaignID":"9277","attribution_link":"","attribution":1,"priority":"5","appToPromote":{"appToPromoteID":"17609","usesDefaultFrameImage":"0","usesDefaultCloseImage":"0","marketURL":"https:\/\/smartbear.com\/learn\/automated-testing\/test-automation-frameworks\/","packageID":"com.buntoo.buntooAd"},"showTemplate":1,"s2s_tracking_url":"","activeCreativeID":"4702","scenes":["1","2","6","4","5"],"campaignAdType":"Interstitial"},{"campaignID":"9278","attribution":0,"priority":"5","appToPromote":{"appToPromoteID":"17609","usesDefaultFrameImage":"0","usesDefaultCloseImage":"0","marketURL":"https:\/\/smartbear.com\/learn\/automated-testing\/test-automation-frameworks\/","packageID":"com.buntoo.buntooAd"},"showTemplate":1,"s2s_tracking_url":"https:\/\/smartbear.com\/learn\/automated-testing\/test-automation-frameworks\/","activeCreativeID":"4701","scenes":["1","2","6","4","5"],"campaignAdType":"Interstitial"},{"campaignID":"9279","attribution":0,"priority":"5","appToPromote":{"appToPromoteID":"17609","usesDefaultFrameImage":"0","usesDefaultCloseImage":"0","marketURL":"https:\/\/smartbear.com\/learn\/automated-testing\/test-automation-frameworks\/","packageID":"com.buntoo.buntooAd"},"showTemplate":1,"s2s_tracking_url":"https:\/\/smartbear.com\/learn\/automated-testing\/test-automation-frameworks\/","activeCreativeID":"4701","scenes":["1","2","6","4","5"],"campaignAdType":"Interstitial"},{"campaignID":"9280","attribution":0,"priority":"5","appToPromote":{"appToPromoteID":"17609","usesDefaultFrameImage":"0","usesDefaultCloseImage":"0","marketURL":"https:\/\/smartbear.com\/learn\/automated-testing\/test-automation-frameworks\/","packageID":"com.buntoo.buntooAd"},"showTemplate":1,"s2s_tracking_url":"https:\/\/smartbear.com\/learn\/automated-testing\/test-automation-frameworks\/","activeCreativeID":"4701","scenes":["1","2","6","4","5"],"campaignAdType":"Interstitial"},{"campaignID":"6766","attribution":0,"priority":"5","appToPromote":{"appToPromoteID":"13422","usesDefaultFrameImage":"0","usesDefaultCloseImage":"0","marketURL":"https:\/\/play.google.com\/store\/apps\/details?id=com.mizo.monster.truck.games","packageID":"com.mizo.monster.truck.games"},"showTemplate":1,"s2s_tracking_url":"https:\/\/play.google.com\/store\/apps\/details?id=com.mizo.monster.truck.games","activeCreativeID":"1880","scenes":["1","2","6","4","5"],"campaignAdType":"Icon"},{"campaignID":"7359","attribution":0,"priority":"5","appToPromote":{"appToPromoteID":"14746","usesDefaultFrameImage":"0","usesDefaultCloseImage":"0","marketURL":"https:\/\/play.google.com\/store\/apps\/details?id=com.buntoo.army.bus.parking","packageID":"com.buntoo.army.bus.parking"},"showTemplate":1,"s2s_tracking_url":"https:\/\/play.google.com\/store\/apps\/details?id=com.buntoo.army.bus.parking","activeCreativeID":"2497","scenes":["1","2","6","4","5"],"campaignAdType":"Video"},{"campaignID":"7370","attribution":0,"priority":"5","appToPromote":{"appToPromoteID":"14808","usesDefaultFrameImage":"0","usesDefaultCloseImage":"0","marketURL":"https:\/\/play.google.com\/store\/apps\/details?id=com.mizo.turtle.robot.transform.game","packageID":"com.mizo.turtle.robot.transform.game"},"showTemplate":1,"s2s_tracking_url":"https:\/\/play.google.com\/store\/apps\/details?id=com.mizo.turtle.robot.transform.game","activeCreativeID":"2509","scenes":["1","2","6","4","5"],"campaignAdType":"Icon"},{"campaignID":"7518","attribution":0,"priority":"5","appToPromote":{"appToPromoteID":"15052","usesDefaultFrameImage":"0","usesDefaultCloseImage":"0","marketURL":"https:\/\/play.google.com\/store\/apps\/details?id=com.mizo.robot.fps.shooting.game","packageID":"com.mizo.robot.fps.shooting.game"},"showTemplate":1,"s2s_tracking_url":"https:\/\/play.google.com\/store\/apps\/details?id=com.mizo.robot.fps.shooting.game","activeCreativeID":"2705","scenes":["1","2","4","5","6"],"campaignAdType":"Icon"},{"campaignID":"7519","attribution":0,"priority":"5","appToPromote":{"appToPromoteID":"15052","usesDefaultFrameImage":"0","usesDefaultCloseImage":"0","marketURL":"https:\/\/play.google.com\/store\/apps\/details?id=com.mizo.robot.fps.shooting.game","packageID":"com.mizo.robot.fps.shooting.game"},"showTemplate":1,"s2s_tracking_url":"https:\/\/play.google.com\/store\/apps\/details?id=com.mizo.robot.fps.shooting.game","activeCreativeID":"2707","scenes":["1","2","6","4","5"],"campaignAdType":"Video"},{"campaignID":"7554","attribution":0,"priority":"5","appToPromote":{"appToPromoteID":"15122","usesDefaultFrameImage":"0","usesDefaultCloseImage":"0","marketURL":"https:\/\/play.google.com\/store\/apps\/details?id=com.mizo.rooftop.fps.shooting","packageID":"com.mizo.rooftop.fps.shooting"},"showTemplate":1,"s2s_tracking_url":"https:\/\/play.google.com\/store\/apps\/details?id=com.mizo.rooftop.fps.shooting","activeCreativeID":"2735","scenes":["1","2","4","5","6"],"campaignAdType":"Icon"},{"campaignID":"7579","attribution":0,"priority":"5","appToPromote":{"appToPromoteID":"15098","usesDefaultFrameImage":"0","usesDefaultCloseImage":"0","marketURL":"https:\/\/play.google.com\/store\/apps\/details?id=com.gg.tps.shooting.games","packageID":"com.gg.tps.shooting.games"},"showTemplate":1,"s2s_tracking_url":"https:\/\/play.google.com\/store\/apps\/details?id=com.gg.tps.shooting.games","activeCreativeID":"2767","scenes":["1","2","6","4","5"],"campaignAdType":"Video"},{"campaignID":"7772","attribution":0,"priority":"5","appToPromote":{"appToPromoteID":"13049","usesDefaultFrameImage":"0","usesDefaultCloseImage":"0","marketURL":"https:\/\/play.google.com\/store\/apps\/details?id=com.mizo.quad.bike.shooting.games","packageID":"com.mizo.quad.bike.shooting.games"},"showTemplate":1,"s2s_tracking_url":"https:\/\/play.google.com\/store\/apps\/details?id=com.mizo.quad.bike.shooting.games","activeCreativeID":"3038","scenes":["1","2","6","4","5"],"campaignAdType":"Icon"},{"campaignID":"7838","attribution":0,"priority":"5","appToPromote":{"appToPromoteID":"15339","usesDefaultFrameImage":"0","usesDefaultCloseImage":"0","marketURL":"https:\/\/play.google.com\/store\/apps\/details?id=com.buntoo.pilot.robot.games","packageID":"com.buntoo.pilot.robot.games"},"showTemplate":1,"s2s_tracking_url":"https:\/\/play.google.com\/store\/apps\/details?id=com.buntoo.pilot.robot.games","activeCreativeID":"3118","scenes":["1","2","6","4","5"],"campaignAdType":"Video"},{"campaignID":"7839","attribution":0,"priority":"5","appToPromote":{"appToPromoteID":"15287","usesDefaultFrameImage":"0","usesDefaultCloseImage":"0","marketURL":"https:\/\/play.google.com\/store\/apps\/details?id=com.happy.family.traffic.shooter.games","packageID":"com.happy.family.traffic.shooter.games"},"showTemplate":1,"s2s_tracking_url":"https:\/\/play.google.com\/store\/apps\/details?id=com.happy.family.traffic.shooter.games","activeCreativeID":"3119","scenes":["1","2","6","4","5"],"campaignAdType":"Video"},{"campaignID":"7921","attribution":0,"priority":"5","appToPromote":{"appToPromoteID":"15297","usesDefaultFrameImage":"0","usesDefaultCloseImage":"0","marketURL":"https:\/\/play.google.com\/store\/apps\/details?id=com.gg.castle.fps.shooting.game","packageID":"com.gg.castle.fps.shooting.game"},"showTemplate":1,"s2s_tracking_url":"https:\/\/play.google.com\/store\/apps\/details?id=com.gg.castle.fps.shooting.game","activeCreativeID":"3218","scenes":["1","2","6","4","5"],"campaignAdType":"Video"},{"campaignID":"7976","attribution":0,"priority":"5","appToPromote":{"appToPromoteID":"15693","usesDefaultFrameImage":"0","usesDefaultCloseImage":"0","marketURL":"https:\/\/play.google.com\/store\/apps\/details?id=com.mizo.elephant.robot.transport.games","packageID":"com.mizo.elephant.robot.transport.games"},"showTemplate":1,"s2s_tracking_url":"https:\/\/play.google.com\/store\/apps\/details?id=com.mizo.elephant.robot.transport.games","activeCreativeID":"3281","scenes":["1","2","6","4","5"],"campaignAdType":"Icon"},{"campaignID":"8047","attribution":0,"priority":"5","appToPromote":{"appToPromoteID":"15907","usesDefaultFrameImage":"0","usesDefaultCloseImage":"0","marketURL":"https:\/\/play.google.com\/store\/apps\/details?id=com.mizo.teddy.bear.gun.strike.game","packageID":"com.mizo.teddy.bear.gun.strike.game"},"showTemplate":1,"s2s_tracking_url":"https:\/\/play.google.com\/store\/apps\/details?id=com.mizo.teddy.bear.gun.strike.game","activeCreativeID":"3356","scenes":["1","2","6","4","5"],"campaignAdType":"Video"},{"campaignID":"8056","attribution":0,"priority":"5","appToPromote":{"appToPromoteID":"15907","usesDefaultFrameImage":"0","usesDefaultCloseImage":"0","marketURL":"https:\/\/play.google.com\/store\/apps\/details?id=com.mizo.teddy.bear.gun.strike.game","packageID":"com.mizo.teddy.bear.gun.strike.game"},"showTemplate":1,"s2s_tracking_url":"https:\/\/play.google.com\/store\/apps\/details?id=com.mizo.teddy.bear.gun.strike.game","activeCreativeID":"3361","scenes":["1","2","6","4","5"],"campaignAdType":"Icon"},{"campaignID":"8172","attribution":0,"priority":"5","appToPromote":{"appToPromoteID":"15929","usesDefaultFrameImage":"0","usesDefaultCloseImage":"0","marketURL":"https:\/\/play.google.com\/store\/apps\/details?id=com.buntoo.mosquito.robot.transform.game","packageID":"com.buntoo.mosquito.robot.transform.game"},"showTemplate":1,"s2s_tracking_url":"https:\/\/play.google.com\/store\/apps\/details?id=com.buntoo.mosquito.robot.transform.game","activeCreativeID":"3498","scenes":["1","2","6","4","5"],"campaignAdType":"Video"},{"campaignID":"8288","attribution":0,"priority":"5","appToPromote":{"appToPromoteID":"16314","usesDefaultFrameImage":"0","usesDefaultCloseImage":"0","marketURL":"https:\/\/play.google.com\/store\/apps\/details?id=com.mizo.modern.fps.shooting.game","packageID":"com.mizo.modern.fps.shooting.game"},"showTemplate":1,"s2s_tracking_url":"https:\/\/play.google.com\/store\/apps\/details?id=com.mizo.modern.fps.shooting.game","activeCreativeID":"4124","scenes":["1","2","6","4","5"],"campaignAdType":"Icon"},{"campaignID":"8289","attribution":0,"priority":"5","appToPromote":{"appToPromoteID":"16314","usesDefaultFrameImage":"0","usesDefaultCloseImage":"0","marketURL":"https:\/\/play.google.com\/store\/apps\/details?id=com.mizo.modern.fps.shooting.game","packageID":"com.mizo.modern.fps.shooting.game"},"showTemplate":1,"s2s_tracking_url":"https:\/\/play.google.com\/store\/apps\/details?id=com.mizo.modern.fps.shooting.game","activeCreativeID":"3623","scenes":["1","2","6","4","5"],"campaignAdType":"Video"},{"campaignID":"8644","attribution":0,"priority":"5","appToPromote":{"appToPromoteID":"16736","usesDefaultFrameImage":"0","usesDefaultCloseImage":"0","marketURL":"https:\/\/play.google.com\/store\/apps\/details?id=com.branches.formula.car.game","packageID":"com.tdg.F1FlyingDroneCar"},"showTemplate":1,"s2s_tracking_url":"https:\/\/play.google.com\/store\/apps\/details?id=com.branches.formula.car.game","activeCreativeID":"3999","scenes":["1","2","6","4","5"],"campaignAdType":"Interstitial"},{"campaignID":"8726","attribution":0,"priority":"5","appToPromote":{"appToPromoteID":"16019","usesDefaultFrameImage":"0","usesDefaultCloseImage":"0","marketURL":"https:\/\/play.google.com\/store\/apps\/details?id=com.happy.family.quad.bike.mountain.stunts","packageID":"com.happy.family.quad.bike.mountain.stunts"},"showTemplate":1,"s2s_tracking_url":"https:\/\/play.google.com\/store\/apps\/details?id=com.happy.family.quad.bike.mountain.stunts","activeCreativeID":"4084","scenes":["1","2","6","4","5"],"campaignAdType":"Interstitial"},{"campaignID":"8727","attribution":0,"priority":"5","appToPromote":{"appToPromoteID":"12670","usesDefaultFrameImage":"0","usesDefaultCloseImage":"0","marketURL":"https:\/\/play.google.com\/store\/apps\/details?id=com.cradley.shopping.mall.taxi.games","packageID":"com.cradley.shopping.mall.taxi.games"},"showTemplate":1,"s2s_tracking_url":"https:\/\/play.google.com\/store\/apps\/details?id=com.cradley.shopping.mall.taxi.games","activeCreativeID":"4085","scenes":["1","2","6","4","5"],"campaignAdType":"Interstitial"},{"campaignID":"8792","attribution":0,"priority":"5","appToPromote":{"appToPromoteID":"12670","usesDefaultFrameImage":"0","usesDefaultCloseImage":"0","marketURL":"https:\/\/play.google.com\/store\/apps\/details?id=com.cradley.shopping.mall.taxi.games","packageID":"com.cradley.shopping.mall.taxi.games"},"showTemplate":1,"s2s_tracking_url":"https:\/\/play.google.com\/store\/apps\/details?id=com.cradley.shopping.mall.taxi.games","activeCreativeID":"4154","scenes":["1","2","6","4","5"],"campaignAdType":"Video"}],"refreshAdRate":30,"mode":"Production","aspectRatio":"4_3","cdnPath":"https:\/\/df8ymybeo92md.cloudfront.net\/images\/","sentry_log":0,"local_logging":0,"sentry_dsn":"https:\/\/93ffa1c9a4124f67b8888a53265f751a:bbf998e04584477fa9a145838e9d3b26@sentry.io\/168994","sentry_initialization":1,"sentry_debugging":0,"bannerSizes":["1"],"aspectRatioVideo":"16_9","app_id":"2089","showPreRewardedDialogue":0,"showPostRewardedDialogue":0,"rewardCurrency":"coins","rewardValue":0,"isSkipable":1,"privacyPolicyURL":"https:\/\/www.consoliads.com\/privacy-policy\/","sessionToken":"F6UFTQNxmRv0sqZp4dVG3PvoMvGqje5JaB6Z650qrAciO5Dkb5yzVk4S5oXUHYlKW3oYHbI6hwl1hZLzC26FdzLW7dT9RtKJfCR4EvIuXSx3MGNnGhdboe9vK9jSnfI85LChQKO7F\/4j7vEpsn8r0kX1dD3A7gS55aa1cZndd9k="}
Session token value is set


{"appKey":"081c9f3ed7515bbbefc3fc89101b1944","deviceID":"3941","stats":[{"campaignID":146,"packageID":"com.gss.offroad.policebiketransport","sceneStats":[{"sceneID":"10","eventStats":"340,240,140,40,40,0,0"}]}],"sdkVersion":"39","sessionToken":"F6UFTQNxmRv0sqZp4dVG3PvoMvGqje5JaB6Z650qrAciO5Dkb5yzVk4S5oXUHYlKW3oYHbI6hwl1hZLzC26FdzLW7dT9RtKJfCR4EvIuXSx3MGNnGhdboe9vK9jSnfI85LChQKO7F\/4j7vEpsn8r0kX1dD3A7gS55aa1cZndd9k="}
cache_ttl value is correct

Refresh Ad Rate value is correct
mode value is set

 Aspect ratio value is correct
sentry_log value is set
local_logging value is set
sentry_initialization value is set
sentry_debugging value is set
showPreRewardedDialogue value is set
showPostRewardedDialogue value is set
isSkipable value is set
{"cache_ttl":10080,"cache_ttl_rewarded":10080,"cache_ttl_banner":10080,"cache_ttl_native":10080,"cache_ttl_icon":10080,"campaigns":[{"campaignID":"9384","attribution":0,"priority":"5","appToPromote":{"appToPromoteID":"13185","usesDefaultFrameImage":"0","usesDefaultCloseImage":"0","marketURL":"https:\/\/play.google.com\/store\/apps\/details?id=com.gamesarena.flying.bike.tricks.stunts&amp;referrer=utm_source=42matters.com&amp;utm_medium=api","packageID":"com.gamesarena.flying.bike.tricks.stunts"},"showTemplate":1,"s2s_tracking_url":"https:\/\/play.google.com\/store\/apps\/details?id=com.gamesarena.flying.bike.tricks.stunts&amp;referrer=utm_source=42matters.com&amp;utm_medium=api","activeCreativeID":"4829","scenes":["12","1","8","6","15","2"],"campaignAdType":"Interstitial"},{"campaignID":"9386","attribution":0,"priority":"5","appToPromote":{"appToPromoteID":"17764","usesDefaultFrameImage":"0","usesDefaultCloseImage":"0","marketURL":"https:\/\/play.google.com\/store\/apps\/details?id=com.visiblebody.atlas&amp;referrer=utm_source=42matters.com&amp;utm_medium=api","packageID":"com.gamesarena..test6324"},"showTemplate":1,"s2s_tracking_url":"https:\/\/play.google.com\/store\/apps\/details?id=com.visiblebody.atlas&amp;referrer=utm_source=42matters.com&amp;utm_medium=api","activeCreativeID":"4828","scenes":["12","1","8","6","15","2"],"campaignAdType":"Interstitial"},{"campaignID":"9389","attribution":0,"priority":"5","appToPromote":{"appToPromoteID":"13185","usesDefaultFrameImage":"0","usesDefaultCloseImage":"0","marketURL":"https:\/\/play.google.com\/store\/apps\/details?id=com.gamesarena.flying.bike.tricks.stunts&amp;referrer=utm_source=42matters.com&amp;utm_medium=api","packageID":"com.gamesarena.flying.bike.tricks.stunts"},"showTemplate":1,"s2s_tracking_url":"https:\/\/play.google.com\/store\/apps\/details?id=com.gamesarena.flying.bike.tricks.stunts&amp;referrer=utm_source=42matters.com&amp;utm_medium=api","activeCreativeID":"4829","scenes":["12","1","8","6","15","2"],"campaignAdType":"Interstitial"},{"campaignID":"9390","attribution":0,"priority":"5","appToPromote":{"appToPromoteID":"17764","usesDefaultFrameImage":"0","usesDefaultCloseImage":"0","marketURL":"https:\/\/play.google.com\/store\/apps\/details?id=com.visiblebody.atlas&amp;referrer=utm_source=42matters.com&amp;utm_medium=api","packageID":"com.gamesarena..test6324"},"showTemplate":1,"s2s_tracking_url":"https:\/\/play.google.com\/store\/apps\/details?id=com.visiblebody.atlas&amp;referrer=utm_source=42matters.com&amp;utm_medium=api","activeCreativeID":"4828","scenes":["12","1","8","6","15","2"],"campaignAdType":"Interstitial"},{"campaignID":"9249","attribution_link":"https:\/\/app.appsflyer.com\/com.lgn.gun.strike.war.train.shooting.games?pid=consoliads_int&amp;af_click_lookback=7d&amp;clickid=2225_9249_3941&amp;android_id={android_id}&amp;sha1_android_id={sha1_android_id}&amp;advertising_id=3941&amp;sha1_advertising_id=db5675d9ff02708e9913aea5c52ae04ea97c3d71&amp;af_keywords=2","attribution":1,"priority":"8","appToPromote":{"appToPromoteID":"13421","usesDefaultFrameImage":"0","usesDefaultCloseImage":"0","marketURL":"http:\/\/www.google.com","packageID":"com.appricot2d.testt"},"showTemplate":1,"s2s_tracking_url":"https:\/\/app.appsflyer.com\/com.lgn.gun.strike.war.train.shooting.games?pid=consoliads_int&amp;af_click_lookback=7d&amp;clickid=2225_9249_3941&amp;android_id={android_id}&amp;sha1_android_id={sha1_android_id}&amp;advertising_id=3941&amp;sha1_advertising_id=db5675d9ff02708e9913aea5c52ae04ea97c3d71&amp;af_keywords=2","activeCreativeID":"4679","scenes":["12","1","8","6","15","2"],"campaignAdType":"Interstitial"},{"campaignID":"9261","attribution_link":"https:\/\/app.appsflyer.com\/com.lgn.gun.strike.war.train.shooting.games?pid=consoliads_int&amp;af_click_lookback=7d&amp;clickid=2225_9261_3941&amp;android_id={android_id}&amp;sha1_android_id={sha1_android_id}&amp;advertising_id=3941&amp;sha1_advertising_id=db5675d9ff02708e9913aea5c52ae04ea97c3d71&amp;af_keywords=2","attribution":1,"priority":"8","appToPromote":{"appToPromoteID":"13421","usesDefaultFrameImage":"0","usesDefaultCloseImage":"0","marketURL":"http:\/\/www.google.com","packageID":"com.appricot2d.testt"},"showTemplate":1,"s2s_tracking_url":"https:\/\/app.appsflyer.com\/com.lgn.gun.strike.war.train.shooting.games?pid=consoliads_int&amp;af_click_lookback=7d&amp;clickid=2225_9261_3941&amp;android_id={android_id}&amp;sha1_android_id={sha1_android_id}&amp;advertising_id=3941&amp;sha1_advertising_id=db5675d9ff02708e9913aea5c52ae04ea97c3d71&amp;af_keywords=2","activeCreativeID":"4692","scenes":["12","1","8","6","15","2"],"campaignAdType":"Interstitial"},{"campaignID":"9131","attribution":0,"priority":"8","appToPromote":{"appToPromoteID":"17532","usesDefaultFrameImage":"0","usesDefaultCloseImage":"0","marketURL":"https:\/\/play.google.com\/store\/apps\/details?id=com.dhgate.buyermob","packageID":"com.dhgate.buyermob"},"showTemplate":1,"s2s_tracking_url":"https:\/\/tha.gotrackier.com\/click?campaign_id=63254\\u0026pub_id=75?p1=2225_9131_3941&amp;source=6841&amp;app_name=OffRoadPoliceBikeTransport&amp;gaid=3941","activeCreativeID":"4483","scenes":["12","1","8","6","15","2"],"campaignAdType":"Interstitial"},{"campaignID":"561","attribution":0,"priority":"6","appToPromote":{"appToPromoteID":"5026","usesDefaultFrameImage":"0","usesDefaultCloseImage":"0","marketURL":"https:\/\/play.google.com\/store\/apps\/details?id=com.as.cashupapp","packageID":"com.as.cashupapp"},"showTemplate":1,"s2s_tracking_url":"https:\/\/play.google.com\/store\/apps\/details?id=com.as.cashupapp","activeCreativeID":"652","scenes":["12","1","8","6","15","2"],"campaignAdType":"Interstitial"},{"campaignID":"570","attribution":0,"priority":"6","appToPromote":{"appToPromoteID":"3802","usesDefaultFrameImage":"0","usesDefaultCloseImage":"0","marketURL":"https:\/\/play.google.com\/store\/apps\/details?id=com.Madxstudios.Flickshootsoccer","packageID":"com.Madxstudios.Flickshootsoccer"},"showTemplate":1,"s2s_tracking_url":"https:\/\/play.google.com\/store\/apps\/details?id=com.Madxstudios.Flickshootsoccer","activeCreativeID":"661","scenes":["12","1","8","6","15","2"],"campaignAdType":"Interstitial"},{"campaignID":"588","attribution":0,"priority":"6","appToPromote":{"appToPromoteID":"5026","usesDefaultFrameImage":"0","usesDefaultCloseImage":"0","marketURL":"https:\/\/play.google.com\/store\/apps\/details?id=com.as.cashupapp","packageID":"com.as.cashupapp"},"showTemplate":1,"s2s_tracking_url":"https:\/\/play.google.com\/store\/apps\/details?id=com.as.cashupapp","activeCreativeID":"652","scenes":["12","1","8","6","15","2"],"campaignAdType":"Interstitial"},{"campaignID":"6620","attribution":0,"priority":"6","appToPromote":{"appToPromoteID":"12980","usesDefaultFrameImage":"0","usesDefaultCloseImage":"0","marketURL":"https:\/\/play.google.com\/store\/apps\/details?id=com.sx.cooking.cafe.restaurant","packageID":"com.sx.cooking.cafe.restaurant"},"showTemplate":1,"s2s_tracking_url":"https:\/\/play.google.com\/store\/apps\/details?id=com.sx.cooking.cafe.restaurant","activeCreativeID":"1702","scenes":["12","1","8","6","15","2"],"campaignAdType":"Interstitial"},{"campaignID":"6596","attribution":0,"priority":"5","appToPromote":{"appToPromoteID":"12980","usesDefaultFrameImage":"0","usesDefaultCloseImage":"0","marketURL":"https:\/\/play.google.com\/store\/apps\/details?id=com.sx.cooking.cafe.restaurant","packageID":"com.sx.cooking.cafe.restaurant"},"showTemplate":1,"s2s_tracking_url":"https:\/\/play.google.com\/store\/apps\/details?id=com.sx.cooking.cafe.restaurant","activeCreativeID":"1702","scenes":["12","1","8","6","15","2"],"campaignAdType":"Interstitial"}],"refreshAdRate":30,"mode":"Production","aspectRatio":"4_3","cdnPath":"https:\/\/df8ymybeo92md.cloudfront.net\/images\/","sentry_log":0,"local_logging":0,"sentry_dsn":"https:\/\/93ffa1c9a4124f67b8888a53265f751a:bbf998e04584477fa9a145838e9d3b26@sentry.io\/168994","sentry_initialization":1,"sentry_debugging":0,"bannerSizes":["5"],"aspectRatioVideo":"16_9","app_id":"2225","showPreRewardedDialogue":0,"showPostRewardedDialogue":0,"rewardCurrency":"coins","rewardValue":0,"isSkipable":0,"privacyPolicyURL":"https:\/\/www.consoliads.com\/privacy-policy\/","sessionToken":"unHtgBk96ReHORlAGtR37erZ6\/zPK9n4lDsUEVXYLgPgcr+EF4Hkq7TCy9M2Ld+lJnNjWSZPM9Is8ZX\/anAjvEs2mip5ONK6Ks4quP9W92iA9zjrygaqrNOv97lQnHIUFTByLrSF1VXKMvBteRgRUa+\/zUvIBXsUB4pD0yCbk48="}
Session token value is set


{"appKey":"9df632233aa0ab875abe5f3677328817","deviceID":"1705","stats":[{"campaignID":153,"packageID":"com.whitesand.underwater.shark.sniper.hunter","sceneStats":[{"sceneID":"5","eventStats":"317,217,117,17,17,0,0"}]}],"sdkVersion":"90","sessionToken":"unHtgBk96ReHORlAGtR37erZ6\/zPK9n4lDsUEVXYLgPgcr+EF4Hkq7TCy9M2Ld+lJnNjWSZPM9Is8ZX\/anAjvEs2mip5ONK6Ks4quP9W92iA9zjrygaqrNOv97lQnHIUFTByLrSF1VXKMvBteRgRUa+\/zUvIBXsUB4pD0yCbk48="}
cache_ttl value is correct

Refresh Ad Rate value is correct
mode value is set

 Aspect ratio value is correct
sentry_log value is set
local_logging value is set
sentry_initialization value is set
sentry_debugging value is set
showPreRewardedDialogue value is set
showPostRewardedDialogue value is set
isSkipable value is set
{"cache_ttl":10080,"cache_ttl_rewarded":10080,"cache_ttl_banner":10080,"cache_ttl_native":10080,"cache_ttl_icon":10080,"refreshAdRate":30,"mode":"Production","aspectRatio":"4_3","cdnPath":"https:\/\/df8ymybeo92md.cloudfront.net\/images\/","sentry_log":0,"local_logging":0,"sentry_dsn":"https:\/\/93ffa1c9a4124f67b8888a53265f751a:bbf998e04584477fa9a145838e9d3b26@sentry.io\/168994","sentry_initialization":1,"sentry_debugging":0,"bannerSizes":["5"],"aspectRatioVideo":"16_9","app_id":"2141","showPreRewardedDialogue":0,"showPostRewardedDialogue":0,"rewardCurrency":"coins","rewardValue":0,"isSkipable":0,"privacyPolicyURL":"https:\/\/www.consoliads.com\/privacy-policy\/","sessionToken":"65+NFUtsN7U+fcOYS+ZVNsOPN5IVFJ2qvOrPCaMMDv4nZIZDQ+jHPh+AhqkhaOzi9E5mOmVFxlGZppj0Okl5ioMAztkKD5dwTuN8dGY65U6gc1+1K6xDEkypjS0hYx90P7vTzPF2aHI9tLXYvFY+4a3L4LygF4cy4pRvfNku4do="}
Session token value is set


{"appKey":"0c2ea59a1926e209c4043dbc64975c4d","deviceID":"1039","stats":[{"campaignID":155,"packageID":"com.gss.garage.workshop.carmehanic","sceneStats":[{"sceneID":"3","eventStats":"311,211,111,11,11,0,0"}]}],"sdkVersion":"2163","sessionToken":"65+NFUtsN7U+fcOYS+ZVNsOPN5IVFJ2qvOrPCaMMDv4nZIZDQ+jHPh+AhqkhaOzi9E5mOmVFxlGZppj0Okl5ioMAztkKD5dwTuN8dGY65U6gc1+1K6xDEkypjS0hYx90P7vTzPF2aHI9tLXYvFY+4a3L4LygF4cy4pRvfNku4do="}
cache_ttl value is correct

Title value is correct

Title value is correct

Title value is correct

Title value is correct

Title value is correct

Title value is correct

Refresh Ad Rate value is correct
mode value is set

 Aspect ratio value is correct
sentry_log value is set
local_logging value is set
sentry_initialization value is set
sentry_debugging value is set
showPreRewardedDialogue value is set
showPostRewardedDialogue value is set
isSkipable value is set
{"cache_ttl":10080,"cache_ttl_rewarded":10080,"cache_ttl_banner":10080,"cache_ttl_native":10080,"cache_ttl_icon":10080,"campaigns":[{"campaignID":"9384","attribution":0,"priority":"5","appToPromote":{"appToPromoteID":"13185","usesDefaultFrameImage":"0","usesDefaultCloseImage":"0","marketURL":"https:\/\/play.google.com\/store\/apps\/details?id=com.gamesarena.flying.bike.tricks.stunts&amp;referrer=utm_source=42matters.com&amp;utm_medium=api","packageID":"com.gamesarena.flying.bike.tricks.stunts"},"showTemplate":1,"s2s_tracking_url":"https:\/\/play.google.com\/store\/apps\/details?id=com.gamesarena.flying.bike.tricks.stunts&amp;referrer=utm_source=42matters.com&amp;utm_medium=api","activeCreativeID":"4829","scenes":["12","1","8","6","15","2"],"campaignAdType":"Interstitial"},{"campaignID":"9386","attribution":0,"priority":"5","appToPromote":{"appToPromoteID":"17764","usesDefaultFrameImage":"0","usesDefaultCloseImage":"0","marketURL":"https:\/\/play.google.com\/store\/apps\/details?id=com.visiblebody.atlas&amp;referrer=utm_source=42matters.com&amp;utm_medium=api","packageID":"com.gamesarena..test6324"},"showTemplate":1,"s2s_tracking_url":"https:\/\/play.google.com\/store\/apps\/details?id=com.visiblebody.atlas&amp;referrer=utm_source=42matters.com&amp;utm_medium=api","activeCreativeID":"4828","scenes":["12","1","8","6","15","2"],"campaignAdType":"Interstitial"},{"campaignID":"9389","attribution":0,"priority":"5","appToPromote":{"appToPromoteID":"13185","usesDefaultFrameImage":"0","usesDefaultCloseImage":"0","marketURL":"https:\/\/play.google.com\/store\/apps\/details?id=com.gamesarena.flying.bike.tricks.stunts&amp;referrer=utm_source=42matters.com&amp;utm_medium=api","packageID":"com.gamesarena.flying.bike.tricks.stunts"},"showTemplate":1,"s2s_tracking_url":"https:\/\/play.google.com\/store\/apps\/details?id=com.gamesarena.flying.bike.tricks.stunts&amp;referrer=utm_source=42matters.com&amp;utm_medium=api","activeCreativeID":"4829","scenes":["12","1","8","6","15","2"],"campaignAdType":"Interstitial"},{"campaignID":"9390","attribution":0,"priority":"5","appToPromote":{"appToPromoteID":"17764","usesDefaultFrameImage":"0","usesDefaultCloseImage":"0","marketURL":"https:\/\/play.google.com\/store\/apps\/details?id=com.visiblebody.atlas&amp;referrer=utm_source=42matters.com&amp;utm_medium=api","packageID":"com.gamesarena..test6324"},"showTemplate":1,"s2s_tracking_url":"https:\/\/play.google.com\/store\/apps\/details?id=com.visiblebody.atlas&amp;referrer=utm_source=42matters.com&amp;utm_medium=api","activeCreativeID":"4828","scenes":["12","1","8","6","15","2"],"campaignAdType":"Interstitial"},{"campaignID":"6641","attribution":0,"priority":"5","appToPromote":{"appToPromoteID":"5724","usesDefaultFrameImage":"0","usesDefaultCloseImage":"0","marketURL":"https:\/\/play.google.com\/store\/apps\/details?id=com.gss.shooting.game.army.sniper2018","packageID":"com.gss.shooting.game.army.sniper2018"},"showTemplate":1,"s2s_tracking_url":"https:\/\/play.google.com\/store\/apps\/details?id=com.gss.shooting.game.army.sniper2018","activeCreativeID":"1749","scenes":["12","1","8","6","15","2"],"campaignAdType":"Icon"},{"campaignID":"7747","attribution":0,"priority":"4","appToPromote":{"appToPromoteID":"15129","usesDefaultFrameImage":"0","usesDefaultCloseImage":"0","marketURL":"https:\/\/play.google.com\/store\/apps\/details?id=com.gss.motocross.bike.stunt.racing","packageID":"com.gss.motocross.bike.stunt.racing"},"showTemplate":1,"s2s_tracking_url":"https:\/\/play.google.com\/store\/apps\/details?id=com.gss.motocross.bike.stunt.racing","activeCreativeID":"3004","scenes":["12","1","8","6","15","2"],"campaignAdType":"Interstitial"},{"campaignID":"6689","attribution":0,"priority":"3","appToPromote":{"appToPromoteID":"2552","usesDefaultFrameImage":"0","usesDefaultCloseImage":"0","marketURL":"https:\/\/play.google.com\/store\/apps\/details?id=com.gss.grand.city.rescue.flyingrobot","packageID":"com.gss.grand.city.rescue.flyingrobot"},"showTemplate":1,"s2s_tracking_url":"https:\/\/play.google.com\/store\/apps\/details?id=com.gss.grand.city.rescue.flyingrobot","activeCreativeID":"1791","scenes":["12","1","8","6","15","2"],"campaignAdType":"Icon"},{"campaignID":"8376","attribution":0,"priority":"3","appToPromote":{"appToPromoteID":"16325","usesDefaultFrameImage":"0","usesDefaultCloseImage":"0","marketURL":"https:\/\/play.google.com\/store\/apps\/details?id=com.tgp.mega.ramp.ambulance.car.stunts","packageID":"com.tgp.mega.ramp.ambulance.car.stunts"},"showTemplate":1,"s2s_tracking_url":"https:\/\/play.google.com\/store\/apps\/details?id=com.tgp.mega.ramp.ambulance.car.stunts","activeCreativeID":"3718","scenes":["12","1","8","6","15","2"],"campaignAdType":"Interstitial"},{"campaignID":"7036","attribution":0,"priority":"1","appToPromote":{"appToPromoteID":"2251","usesDefaultFrameImage":"0","usesDefaultCloseImage":"0","marketURL":"https:\/\/play.google.com\/store\/apps\/details?id=com.gss.police.sniper.reloaded","packageID":"com.gss.police.sniper.reloaded"},"showTemplate":1,"s2s_tracking_url":"https:\/\/play.google.com\/store\/apps\/details?id=com.gss.police.sniper.reloaded","activeCreativeID":"2155","scenes":["12","1","8","6","15","2"],"campaignAdType":"Icon"},{"campaignID":"7745","attribution":0,"priority":"1","appToPromote":{"appToPromoteID":"15129","usesDefaultFrameImage":"0","usesDefaultCloseImage":"0","marketURL":"https:\/\/play.google.com\/store\/apps\/details?id=com.gss.motocross.bike.stunt.racing","packageID":"com.gss.motocross.bike.stunt.racing"},"showTemplate":1,"s2s_tracking_url":"https:\/\/play.google.com\/store\/apps\/details?id=com.gss.motocross.bike.stunt.racing","activeCreativeID":"2743","scenes":["12","1","8","6","15","2"],"campaignAdType":"Icon"},{"campaignID":"9252","attribution":0,"priority":"8","appToPromote":{"appToPromoteID":"12315","usesDefaultFrameImage":"0","usesDefaultCloseImage":"0","marketURL":"google.com","packageID":"com.qabrand.plnative"},"showTemplate":1,"s2s_tracking_url":"google.com","activeCreativeID":"4683","scenes":["12","1","8","6","15","2"],"campaignAdType":"Native","title":"Native first","subTitle":"First ","description":"New description","adClickThroughText":"FIRST Button"},{"campaignID":"9253","attribution":0,"priority":"8","appToPromote":{"appToPromoteID":"12315","usesDefaultFrameImage":"0","usesDefaultCloseImage":"0","marketURL":"google.com","packageID":"com.qabrand.plnative"},"showTemplate":1,"s2s_tracking_url":"google.com","activeCreativeID":"4683","scenes":["12","1","8","6","15","2"],"campaignAdType":"Native","title":"Native first","subTitle":"First ","description":"New description","adClickThroughText":"FIRST Button"},{"campaignID":"9255","attribution":0,"priority":"8","appToPromote":{"appToPromoteID":"13274","usesDefaultFrameImage":"0","usesDefaultCloseImage":"0","marketURL":"https:\/\/play.google.com\/store\/apps\/details?id=com.facebook.katana","packageID":"com.salon.adsalon"},"showTemplate":1,"s2s_tracking_url":"https:\/\/play.google.com\/store\/apps\/details?id=com.facebook.katana","activeCreativeID":"4685","scenes":["12","1","8","6","15","2"],"campaignAdType":"Native","title":"native NA ","subTitle":"native NA ","description":"native NA added","adClickThroughText":"native NA "},{"campaignID":"9257","attribution":0,"priority":"8","appToPromote":{"appToPromoteID":"12286","usesDefaultFrameImage":"0","usesDefaultCloseImage":"0","marketURL":"google.com","packageID":"com.qabrand.Chartboost_Native"},"showTemplate":1,"s2s_tracking_url":"google.com","activeCreativeID":"4688","scenes":["12","1","8","6","15","2"],"campaignAdType":"Native","title":"Native second updated","subTitle":"Native second ","description":"Native second details","adClickThroughText":"Native second "},{"campaignID":"9263","attribution":0,"priority":"8","appToPromote":{"appToPromoteID":"12315","usesDefaultFrameImage":"0","usesDefaultCloseImage":"0","marketURL":"google.com","packageID":"com.qabrand.plnative"},"showTemplate":1,"s2s_tracking_url":"google.com","activeCreativeID":"4694","scenes":["12","1","8","6","15","2"],"campaignAdType":"Native","title":"test","subTitle":"test","description":" test details update","adClickThroughText":"test"},{"campaignID":"9127","attribution":0,"priority":"8","appToPromote":{"appToPromoteID":"17528","usesDefaultFrameImage":"0","usesDefaultCloseImage":"0","marketURL":"https:\/\/play.google.com\/store\/apps\/details?id=net.one97.paytm","packageID":"net.one97.paytm"},"showTemplate":1,"s2s_tracking_url":"https:\/\/tha.gotrackier.com\/click?campaign_id=63249\\u0026pub_id=75?p1=2226_9127_1039&amp;source=6841&amp;app_name=CarMechanicWorkshopGarage&amp;gaid=1039","activeCreativeID":"4788","scenes":["12","1","8","6","15","2"],"campaignAdType":"Native","title":"BCA","subTitle":"FW","description":"nope","adClickThroughText":"Link"},{"campaignID":"9131","attribution":0,"priority":"8","appToPromote":{"appToPromoteID":"17532","usesDefaultFrameImage":"0","usesDefaultCloseImage":"0","marketURL":"https:\/\/play.google.com\/store\/apps\/details?id=com.dhgate.buyermob","packageID":"com.dhgate.buyermob"},"showTemplate":1,"s2s_tracking_url":"https:\/\/tha.gotrackier.com\/click?campaign_id=63254\\u0026pub_id=75?p1=2226_9131_1039&amp;source=6841&amp;app_name=CarMechanicWorkshopGarage&amp;gaid=1039","activeCreativeID":"4483","scenes":["12","1","8","6","15","2"],"campaignAdType":"Interstitial"},{"campaignID":"561","attribution":0,"priority":"6","appToPromote":{"appToPromoteID":"5026","usesDefaultFrameImage":"0","usesDefaultCloseImage":"0","marketURL":"https:\/\/play.google.com\/store\/apps\/details?id=com.as.cashupapp","packageID":"com.as.cashupapp"},"showTemplate":1,"s2s_tracking_url":"https:\/\/play.google.com\/store\/apps\/details?id=com.as.cashupapp","activeCreativeID":"652","scenes":["12","1","8","6","15","2"],"campaignAdType":"Interstitial"},{"campaignID":"570","attribution":0,"priority":"6","appToPromote":{"appToPromoteID":"3802","usesDefaultFrameImage":"0","usesDefaultCloseImage":"0","marketURL":"https:\/\/play.google.com\/store\/apps\/details?id=com.Madxstudios.Flickshootsoccer","packageID":"com.Madxstudios.Flickshootsoccer"},"showTemplate":1,"s2s_tracking_url":"https:\/\/play.google.com\/store\/apps\/details?id=com.Madxstudios.Flickshootsoccer","activeCreativeID":"661","scenes":["12","1","8","6","15","2"],"campaignAdType":"Interstitial"},{"campaignID":"588","attribution":0,"priority":"6","appToPromote":{"appToPromoteID":"5026","usesDefaultFrameImage":"0","usesDefaultCloseImage":"0","marketURL":"https:\/\/play.google.com\/store\/apps\/details?id=com.as.cashupapp","packageID":"com.as.cashupapp"},"showTemplate":1,"s2s_tracking_url":"https:\/\/play.google.com\/store\/apps\/details?id=com.as.cashupapp","activeCreativeID":"652","scenes":["12","1","8","6","15","2"],"campaignAdType":"Interstitial"}],"refreshAdRate":30,"mode":"Production","aspectRatio":"4_3","cdnPath":"https:\/\/df8ymybeo92md.cloudfront.net\/images\/","sentry_log":0,"local_logging":0,"sentry_dsn":"https:\/\/93ffa1c9a4124f67b8888a53265f751a:bbf998e04584477fa9a145838e9d3b26@sentry.io\/168994","sentry_initialization":1,"sentry_debugging":0,"bannerSizes":["1"],"aspectRatioVideo":"16_9","app_id":"2226","showPreRewardedDialogue":0,"showPostRewardedDialogue":0,"rewardCurrency":"coins","rewardValue":0,"isSkipable":1,"privacyPolicyURL":"https:\/\/www.consoliads.com\/privacy-policy\/","sessionToken":"psExtV5G7NKPNeVaHZsHnAl9Nv\/7wXRMltCHp1G5q+LTubLo5jOFPK858DX53pZL7m7M7Hp4m207TsCLJR3+IdcDGb3uu74PM36I6kd2ZIc12ihauz9EYBmunPH1E9e+jBMFN10AFydWv8AXctii9ENuliiw9E+KgDmABFr8eY0="}
Session token value is set


{"appKey":"47177e643e2e9ff27cdc3f79c552ce95","deviceID":"2391","stats":[{"campaignID":164,"packageID":"com.tgp.car.robot.transport.truck","sceneStats":[{"sceneID":"6","eventStats":"324,224,124,24,24,0,0"}]}],"sdkVersion":"2163","sessionToken":"psExtV5G7NKPNeVaHZsHnAl9Nv\/7wXRMltCHp1G5q+LTubLo5jOFPK858DX53pZL7m7M7Hp4m207TsCLJR3+IdcDGb3uu74PM36I6kd2ZIc12ihauz9EYBmunPH1E9e+jBMFN10AFydWv8AXctii9ENuliiw9E+KgDmABFr8eY0="}
cache_ttl value is correct

Title value is correct

Title value is correct

Title value is correct

Title value is correct

Title value is correct

Title value is correct

Refresh Ad Rate value is correct
mode value is set

 Aspect ratio value is correct
sentry_log value is set
local_logging value is set
sentry_initialization value is set
sentry_debugging value is set
showPreRewardedDialogue value is set
showPostRewardedDialogue value is set
isSkipable value is set
{"cache_ttl":10080,"cache_ttl_rewarded":10080,"cache_ttl_banner":10080,"cache_ttl_native":10080,"cache_ttl_icon":10080,"campaigns":[{"campaignID":"9384","attribution":0,"priority":"5","appToPromote":{"appToPromoteID":"13185","usesDefaultFrameImage":"0","usesDefaultCloseImage":"0","marketURL":"https:\/\/play.google.com\/store\/apps\/details?id=com.gamesarena.flying.bike.tricks.stunts&amp;referrer=utm_source=42matters.com&amp;utm_medium=api","packageID":"com.gamesarena.flying.bike.tricks.stunts"},"showTemplate":1,"s2s_tracking_url":"https:\/\/play.google.com\/store\/apps\/details?id=com.gamesarena.flying.bike.tricks.stunts&amp;referrer=utm_source=42matters.com&amp;utm_medium=api","activeCreativeID":"4829","scenes":["12","1","8","6","15","2"],"campaignAdType":"Interstitial"},{"campaignID":"9386","attribution":0,"priority":"5","appToPromote":{"appToPromoteID":"17764","usesDefaultFrameImage":"0","usesDefaultCloseImage":"0","marketURL":"https:\/\/play.google.com\/store\/apps\/details?id=com.visiblebody.atlas&amp;referrer=utm_source=42matters.com&amp;utm_medium=api","packageID":"com.gamesarena..test6324"},"showTemplate":1,"s2s_tracking_url":"https:\/\/play.google.com\/store\/apps\/details?id=com.visiblebody.atlas&amp;referrer=utm_source=42matters.com&amp;utm_medium=api","activeCreativeID":"4828","scenes":["12","1","8","6","15","2"],"campaignAdType":"Interstitial"},{"campaignID":"9389","attribution":0,"priority":"5","appToPromote":{"appToPromoteID":"13185","usesDefaultFrameImage":"0","usesDefaultCloseImage":"0","marketURL":"https:\/\/play.google.com\/store\/apps\/details?id=com.gamesarena.flying.bike.tricks.stunts&amp;referrer=utm_source=42matters.com&amp;utm_medium=api","packageID":"com.gamesarena.flying.bike.tricks.stunts"},"showTemplate":1,"s2s_tracking_url":"https:\/\/play.google.com\/store\/apps\/details?id=com.gamesarena.flying.bike.tricks.stunts&amp;referrer=utm_source=42matters.com&amp;utm_medium=api","activeCreativeID":"4829","scenes":["12","1","8","6","15","2"],"campaignAdType":"Interstitial"},{"campaignID":"9390","attribution":0,"priority":"5","appToPromote":{"appToPromoteID":"17764","usesDefaultFrameImage":"0","usesDefaultCloseImage":"0","marketURL":"https:\/\/play.google.com\/store\/apps\/details?id=com.visiblebody.atlas&amp;referrer=utm_source=42matters.com&amp;utm_medium=api","packageID":"com.gamesarena..test6324"},"showTemplate":1,"s2s_tracking_url":"https:\/\/play.google.com\/store\/apps\/details?id=com.visiblebody.atlas&amp;referrer=utm_source=42matters.com&amp;utm_medium=api","activeCreativeID":"4828","scenes":["12","1","8","6","15","2"],"campaignAdType":"Interstitial"},{"campaignID":"8355","attribution":0,"priority":"5","appToPromote":{"appToPromoteID":"16325","usesDefaultFrameImage":"0","usesDefaultCloseImage":"0","marketURL":"https:\/\/play.google.com\/store\/apps\/details?id=com.tgp.mega.ramp.ambulance.car.stunts","packageID":"com.tgp.mega.ramp.ambulance.car.stunts"},"showTemplate":1,"s2s_tracking_url":"https:\/\/play.google.com\/store\/apps\/details?id=com.tgp.mega.ramp.ambulance.car.stunts","activeCreativeID":"3693","scenes":["12","1","8","6","15","2"],"campaignAdType":"Icon"},{"campaignID":"8795","attribution":0,"priority":"5","appToPromote":{"appToPromoteID":"16325","usesDefaultFrameImage":"0","usesDefaultCloseImage":"0","marketURL":"https:\/\/play.google.com\/store\/apps\/details?id=com.tgp.mega.ramp.ambulance.car.stunts","packageID":"com.tgp.mega.ramp.ambulance.car.stunts"},"showTemplate":1,"s2s_tracking_url":"https:\/\/play.google.com\/store\/apps\/details?id=com.tgp.mega.ramp.ambulance.car.stunts","activeCreativeID":"4157","scenes":["12","1","8","6","15","2"],"campaignAdType":"Native","title":"Mega Ramp Stunts Game","subTitle":"Car Stunts ","description":"Mega Ramp Stunts Game","adClickThroughText":"Download FREE"},{"campaignID":"8376","attribution":0,"priority":"3","appToPromote":{"appToPromoteID":"16325","usesDefaultFrameImage":"0","usesDefaultCloseImage":"0","marketURL":"https:\/\/play.google.com\/store\/apps\/details?id=com.tgp.mega.ramp.ambulance.car.stunts","packageID":"com.tgp.mega.ramp.ambulance.car.stunts"},"showTemplate":1,"s2s_tracking_url":"https:\/\/play.google.com\/store\/apps\/details?id=com.tgp.mega.ramp.ambulance.car.stunts","activeCreativeID":"3718","scenes":["12","1","8","6","15","2"],"campaignAdType":"Interstitial"},{"campaignID":"8354","attribution":0,"priority":"2","appToPromote":{"appToPromoteID":"16325","usesDefaultFrameImage":"0","usesDefaultCloseImage":"0","marketURL":"https:\/\/play.google.com\/store\/apps\/details?id=com.tgp.mega.ramp.ambulance.car.stunts","packageID":"com.tgp.mega.ramp.ambulance.car.stunts"},"showTemplate":1,"s2s_tracking_url":"https:\/\/play.google.com\/store\/apps\/details?id=com.tgp.mega.ramp.ambulance.car.stunts","activeCreativeID":"3692","scenes":["12","1","8","6","15","2"],"campaignAdType":"Interstitial"},{"campaignID":"8226","attribution":0,"priority":"8","appToPromote":{"appToPromoteID":"12623","usesDefaultFrameImage":"0","usesDefaultCloseImage":"0","marketURL":"https:\/\/play.google.com\/store\/apps\/details?id=com.igg.android.lordsmobile&amp;referrer=utm_source=42matters.com&amp;utm_medium=api","packageID":"com.nooribrand.android.lordsmobile"},"showTemplate":1,"s2s_tracking_url":"https:\/\/play.google.com\/store\/apps\/details?id=com.igg.android.lordsmobile&amp;referrer=utm_source=42matters.com&amp;utm_medium=api","activeCreativeID":"3557","scenes":["12","1","8","6","15","2"],"campaignAdType":"Icon"},{"campaignID":"8613","attribution":0,"priority":"8","appToPromote":{"appToPromoteID":"12623","usesDefaultFrameImage":"0","usesDefaultCloseImage":"0","marketURL":"https:\/\/play.google.com\/store\/apps\/details?id=com.igg.android.lordsmobile&amp;referrer=utm_source=42matters.com&amp;utm_medium=api","packageID":"com.nooribrand.android.lordsmobile"},"showTemplate":1,"s2s_tracking_url":"https:\/\/play.google.com\/store\/apps\/details?id=com.igg.android.lordsmobile&amp;referrer=utm_source=42matters.com&amp;utm_medium=api","activeCreativeID":"3557","scenes":["12","1","8","6","15","2"],"campaignAdType":"Icon"},{"campaignID":"9249","attribution_link":"https:\/\/app.appsflyer.com\/com.lgn.gun.strike.war.train.shooting.games?pid=consoliads_int&amp;af_click_lookback=7d&amp;clickid=2350_9249_2391&amp;android_id={android_id}&amp;sha1_android_id={sha1_android_id}&amp;advertising_id=2391&amp;sha1_advertising_id=0f9c8de36c4ae2a7ce9707dbbeb2b0480a94dfb2&amp;af_keywords=2","attribution":1,"priority":"8","appToPromote":{"appToPromoteID":"13421","usesDefaultFrameImage":"0","usesDefaultCloseImage":"0","marketURL":"http:\/\/www.google.com","packageID":"com.appricot2d.testt"},"showTemplate":1,"s2s_tracking_url":"https:\/\/app.appsflyer.com\/com.lgn.gun.strike.war.train.shooting.games?pid=consoliads_int&amp;af_click_lookback=7d&amp;clickid=2350_9249_2391&amp;android_id={android_id}&amp;sha1_android_id={sha1_android_id}&amp;advertising_id=2391&amp;sha1_advertising_id=0f9c8de36c4ae2a7ce9707dbbeb2b0480a94dfb2&amp;af_keywords=2","activeCreativeID":"4679","scenes":["12","1","8","6","15","2"],"campaignAdType":"Interstitial"},{"campaignID":"9252","attribution":0,"priority":"8","appToPromote":{"appToPromoteID":"12315","usesDefaultFrameImage":"0","usesDefaultCloseImage":"0","marketURL":"google.com","packageID":"com.qabrand.plnative"},"showTemplate":1,"s2s_tracking_url":"google.com","activeCreativeID":"4683","scenes":["12","1","8","6","15","2"],"campaignAdType":"Native","title":"Native first","subTitle":"First ","description":"New description","adClickThroughText":"FIRST Button"},{"campaignID":"9253","attribution":0,"priority":"8","appToPromote":{"appToPromoteID":"12315","usesDefaultFrameImage":"0","usesDefaultCloseImage":"0","marketURL":"google.com","packageID":"com.qabrand.plnative"},"showTemplate":1,"s2s_tracking_url":"google.com","activeCreativeID":"4683","scenes":["12","1","8","6","15","2"],"campaignAdType":"Native","title":"Native first","subTitle":"First ","description":"New description","adClickThroughText":"FIRST Button"},{"campaignID":"9255","attribution":0,"priority":"8","appToPromote":{"appToPromoteID":"13274","usesDefaultFrameImage":"0","usesDefaultCloseImage":"0","marketURL":"https:\/\/play.google.com\/store\/apps\/details?id=com.facebook.katana","packageID":"com.salon.adsalon"},"showTemplate":1,"s2s_tracking_url":"https:\/\/play.google.com\/store\/apps\/details?id=com.facebook.katana","activeCreativeID":"4685","scenes":["12","1","8","6","15","2"],"campaignAdType":"Native","title":"native NA ","subTitle":"native NA ","description":"native NA added","adClickThroughText":"native NA "},{"campaignID":"9257","attribution":0,"priority":"8","appToPromote":{"appToPromoteID":"12286","usesDefaultFrameImage":"0","usesDefaultCloseImage":"0","marketURL":"google.com","packageID":"com.qabrand.Chartboost_Native"},"showTemplate":1,"s2s_tracking_url":"google.com","activeCreativeID":"4688","scenes":["12","1","8","6","15","2"],"campaignAdType":"Native","title":"Native second updated","subTitle":"Native second ","description":"Native second details","adClickThroughText":"Native second "},{"campaignID":"9261","attribution_link":"https:\/\/app.appsflyer.com\/com.lgn.gun.strike.war.train.shooting.games?pid=consoliads_int&amp;af_click_lookback=7d&amp;clickid=2350_9261_2391&amp;android_id={android_id}&amp;sha1_android_id={sha1_android_id}&amp;advertising_id=2391&amp;sha1_advertising_id=0f9c8de36c4ae2a7ce9707dbbeb2b0480a94dfb2&amp;af_keywords=2","attribution":1,"priority":"8","appToPromote":{"appToPromoteID":"13421","usesDefaultFrameImage":"0","usesDefaultCloseImage":"0","marketURL":"http:\/\/www.google.com","packageID":"com.appricot2d.testt"},"showTemplate":1,"s2s_tracking_url":"https:\/\/app.appsflyer.com\/com.lgn.gun.strike.war.train.shooting.games?pid=consoliads_int&amp;af_click_lookback=7d&amp;clickid=2350_9261_2391&amp;android_id={android_id}&amp;sha1_android_id={sha1_android_id}&amp;advertising_id=2391&amp;sha1_advertising_id=0f9c8de36c4ae2a7ce9707dbbeb2b0480a94dfb2&amp;af_keywords=2","activeCreativeID":"4692","scenes":["12","1","8","6","15","2"],"campaignAdType":"Interstitial"},{"campaignID":"9263","attribution":0,"priority":"8","appToPromote":{"appToPromoteID":"12315","usesDefaultFrameImage":"0","usesDefaultCloseImage":"0","marketURL":"google.com","packageID":"com.qabrand.plnative"},"showTemplate":1,"s2s_tracking_url":"google.com","activeCreativeID":"4694","scenes":["12","1","8","6","15","2"],"campaignAdType":"Native","title":"test","subTitle":"test","description":" test details update","adClickThroughText":"test"},{"campaignID":"9131","attribution":0,"priority":"8","appToPromote":{"appToPromoteID":"17532","usesDefaultFrameImage":"0","usesDefaultCloseImage":"0","marketURL":"https:\/\/play.google.com\/store\/apps\/details?id=com.dhgate.buyermob","packageID":"com.dhgate.buyermob"},"showTemplate":1,"s2s_tracking_url":"https:\/\/tha.gotrackier.com\/click?campaign_id=63254\\u0026pub_id=75?p1=2350_9131_2391&amp;source=6841&amp;app_name=CarRobotTransportTruck&amp;gaid=2391","activeCreativeID":"4483","scenes":["12","1","8","6","15","2"],"campaignAdType":"Interstitial"},{"campaignID":"561","attribution":0,"priority":"6","appToPromote":{"appToPromoteID":"5026","usesDefaultFrameImage":"0","usesDefaultCloseImage":"0","marketURL":"https:\/\/play.google.com\/store\/apps\/details?id=com.as.cashupapp","packageID":"com.as.cashupapp"},"showTemplate":1,"s2s_tracking_url":"https:\/\/play.google.com\/store\/apps\/details?id=com.as.cashupapp","activeCreativeID":"652","scenes":["12","1","8","6","15","2"],"campaignAdType":"Interstitial"},{"campaignID":"570","attribution":0,"priority":"6","appToPromote":{"appToPromoteID":"3802","usesDefaultFrameImage":"0","usesDefaultCloseImage":"0","marketURL":"https:\/\/play.google.com\/store\/apps\/details?id=com.Madxstudios.Flickshootsoccer","packageID":"com.Madxstudios.Flickshootsoccer"},"showTemplate":1,"s2s_tracking_url":"https:\/\/play.google.com\/store\/apps\/details?id=com.Madxstudios.Flickshootsoccer","activeCreativeID":"661","scenes":["12","1","8","6","15","2"],"campaignAdType":"Interstitial"},{"campaignID":"588","attribution":0,"priority":"6","appToPromote":{"appToPromoteID":"5026","usesDefaultFrameImage":"0","usesDefaultCloseImage":"0","marketURL":"https:\/\/play.google.com\/store\/apps\/details?id=com.as.cashupapp","packageID":"com.as.cashupapp"},"showTemplate":1,"s2s_tracking_url":"https:\/\/play.google.com\/store\/apps\/details?id=com.as.cashupapp","activeCreativeID":"652","scenes":["12","1","8","6","15","2"],"campaignAdType":"Interstitial"},{"campaignID":"6620","attribution":0,"priority":"6","appToPromote":{"appToPromoteID":"12980","usesDefaultFrameImage":"0","usesDefaultCloseImage":"0","marketURL":"https:\/\/play.google.com\/store\/apps\/details?id=com.sx.cooking.cafe.restaurant","packageID":"com.sx.cooking.cafe.restaurant"},"showTemplate":1,"s2s_tracking_url":"https:\/\/play.google.com\/store\/apps\/details?id=com.sx.cooking.cafe.restaurant","activeCreativeID":"1702","scenes":["12","1","8","6","15","2"],"campaignAdType":"Interstitial"},{"campaignID":"6596","attribution":0,"priority":"5","appToPromote":{"appToPromoteID":"12980","usesDefaultFrameImage":"0","usesDefaultCloseImage":"0","marketURL":"https:\/\/play.google.com\/store\/apps\/details?id=com.sx.cooking.cafe.restaurant","packageID":"com.sx.cooking.cafe.restaurant"},"showTemplate":1,"s2s_tracking_url":"https:\/\/play.google.com\/store\/apps\/details?id=com.sx.cooking.cafe.restaurant","activeCreativeID":"1702","scenes":["12","1","8","6","15","2"],"campaignAdType":"Interstitial"}],"refreshAdRate":30,"mode":"Production","aspectRatio":"4_3","cdnPath":"https:\/\/df8ymybeo92md.cloudfront.net\/images\/","sentry_log":0,"local_logging":0,"sentry_dsn":"https:\/\/93ffa1c9a4124f67b8888a53265f751a:bbf998e04584477fa9a145838e9d3b26@sentry.io\/168994","sentry_initialization":1,"sentry_debugging":0,"bannerSizes":["1"],"aspectRatioVideo":"16_9","app_id":"2350","showPreRewardedDialogue":0,"showPostRewardedDialogue":0,"rewardCurrency":"coins","rewardValue":0,"isSkipable":0,"privacyPolicyURL":"https:\/\/www.consoliads.com\/privacy-policy\/","sessionToken":"0KZqVZwgj\/BX\/5L9jhD5bB8sunxxiAnJDTjSU1k9qSycRyVSS0YpB7aTBqVl0NqFdG1vlI9r5Dt6mvatf4+WQW+CZhKzaOXgLCRA0xotIViYv9PqMLidhcudmAEbegiZ5DSnHZl1e8UCJFNxBQhDko8apwDkPtPtlARerVqInG4="}
Session token value is set


{"appKey":"e551eacd7ce4c379df2008130984e935","deviceID":"7156","stats":[{"campaignID":173,"packageID":"com.ubmgames.commando.survivor.modern.lone","sceneStats":[{"sceneID":"18","eventStats":"371,271,171,71,71,0,0"}]}],"sdkVersion":"26","sessionToken":"0KZqVZwgj\/BX\/5L9jhD5bB8sunxxiAnJDTjSU1k9qSycRyVSS0YpB7aTBqVl0NqFdG1vlI9r5Dt6mvatf4+WQW+CZhKzaOXgLCRA0xotIViYv9PqMLidhcudmAEbegiZ5DSnHZl1e8UCJFNxBQhDko8apwDkPtPtlARerVqInG4="}
cache_ttl value is correct

Refresh Ad Rate value is correct
mode value is set

 Aspect ratio value is correct
sentry_log value is set
local_logging value is set
sentry_initialization value is set
sentry_debugging value is set
showPreRewardedDialogue value is set
showPostRewardedDialogue value is set
isSkipable value is set
{"cache_ttl":10080,"cache_ttl_rewarded":10080,"cache_ttl_banner":10080,"cache_ttl_native":10080,"cache_ttl_icon":10080,"refreshAdRate":30,"mode":"Production","aspectRatio":"4_3","cdnPath":"https:\/\/df8ymybeo92md.cloudfront.net\/images\/","sentry_log":0,"local_logging":0,"sentry_dsn":"https:\/\/93ffa1c9a4124f67b8888a53265f751a:bbf998e04584477fa9a145838e9d3b26@sentry.io\/168994","sentry_initialization":1,"sentry_debugging":0,"bannerSizes":["5"],"aspectRatioVideo":"16_9","app_id":"1266","showPreRewardedDialogue":0,"showPostRewardedDialogue":0,"rewardCurrency":"coins","rewardValue":0,"isSkipable":0,"privacyPolicyURL":"https:\/\/www.consoliads.com\/privacy-policy\/","sessionToken":"vB\/KKDvPbXMDxnKVSvR3kh8Cf4KBhWWl+2sUBNxn\/4iaHRQudJaYBQCSb0cuTY30nQT9Hqpx\/oqQAUBjA4JCp254vvjRFl+A32hujqXyvaqaxjz1e5WV7oDj9Uoccs3bUcrElCwQXFTDbol8foggWzRuubC\/jifuAuIymZ8S29w="}
Session token value is set


{"appKey":"71828c96f5c84c83fef15e416d3756de","deviceID":"9346","stats":[{"campaignID":177,"packageID":"com.mizo.transformer.robot","sceneStats":[{"sceneID":"24","eventStats":"393,293,193,93,93,0,0"}]}],"sdkVersion":"39","sessionToken":"vB\/KKDvPbXMDxnKVSvR3kh8Cf4KBhWWl+2sUBNxn\/4iaHRQudJaYBQCSb0cuTY30nQT9Hqpx\/oqQAUBjA4JCp254vvjRFl+A32hujqXyvaqaxjz1e5WV7oDj9Uoccs3bUcrElCwQXFTDbol8foggWzRuubC\/jifuAuIymZ8S29w="}
cache_ttl value is correct

Refresh Ad Rate value is correct
mode value is set

 Aspect ratio value is correct
sentry_log value is set
local_logging value is set
sentry_initialization value is set
sentry_debugging value is set
showPreRewardedDialogue value is set
showPostRewardedDialogue value is set
isSkipable value is set
{"cache_ttl":10080,"cache_ttl_rewarded":10080,"cache_ttl_banner":10080,"cache_ttl_native":10080,"cache_ttl_icon":10080,"campaigns":[{"campaignID":"9277","attribution_link":"","attribution":1,"priority":"5","appToPromote":{"appToPromoteID":"17609","usesDefaultFrameImage":"0","usesDefaultCloseImage":"0","marketURL":"https:\/\/smartbear.com\/learn\/automated-testing\/test-automation-frameworks\/","packageID":"com.buntoo.buntooAd"},"showTemplate":1,"s2s_tracking_url":"","activeCreativeID":"4702","scenes":["1","2","6","4","5"],"campaignAdType":"Interstitial"},{"campaignID":"9278","attribution":0,"priority":"5","appToPromote":{"appToPromoteID":"17609","usesDefaultFrameImage":"0","usesDefaultCloseImage":"0","marketURL":"https:\/\/smartbear.com\/learn\/automated-testing\/test-automation-frameworks\/","packageID":"com.buntoo.buntooAd"},"showTemplate":1,"s2s_tracking_url":"https:\/\/smartbear.com\/learn\/automated-testing\/test-automation-frameworks\/","activeCreativeID":"4701","scenes":["1","2","6","4","5"],"campaignAdType":"Interstitial"},{"campaignID":"9279","attribution":0,"priority":"5","appToPromote":{"appToPromoteID":"17609","usesDefaultFrameImage":"0","usesDefaultCloseImage":"0","marketURL":"https:\/\/smartbear.com\/learn\/automated-testing\/test-automation-frameworks\/","packageID":"com.buntoo.buntooAd"},"showTemplate":1,"s2s_tracking_url":"https:\/\/smartbear.com\/learn\/automated-testing\/test-automation-frameworks\/","activeCreativeID":"4701","scenes":["1","2","6","4","5"],"campaignAdType":"Interstitial"},{"campaignID":"9280","attribution":0,"priority":"5","appToPromote":{"appToPromoteID":"17609","usesDefaultFrameImage":"0","usesDefaultCloseImage":"0","marketURL":"https:\/\/smartbear.com\/learn\/automated-testing\/test-automation-frameworks\/","packageID":"com.buntoo.buntooAd"},"showTemplate":1,"s2s_tracking_url":"https:\/\/smartbear.com\/learn\/automated-testing\/test-automation-frameworks\/","activeCreativeID":"4701","scenes":["1","2","6","4","5"],"campaignAdType":"Interstitial"},{"campaignID":"7359","attribution":0,"priority":"5","appToPromote":{"appToPromoteID":"14746","usesDefaultFrameImage":"0","usesDefaultCloseImage":"0","marketURL":"https:\/\/play.google.com\/store\/apps\/details?id=com.buntoo.army.bus.parking","packageID":"com.buntoo.army.bus.parking"},"showTemplate":1,"s2s_tracking_url":"https:\/\/play.google.com\/store\/apps\/details?id=com.buntoo.army.bus.parking","activeCreativeID":"2497","scenes":["1","2","6","4","5"],"campaignAdType":"Video"},{"campaignID":"7519","attribution":0,"priority":"5","appToPromote":{"appToPromoteID":"15052","usesDefaultFrameImage":"0","usesDefaultCloseImage":"0","marketURL":"https:\/\/play.google.com\/store\/apps\/details?id=com.mizo.robot.fps.shooting.game","packageID":"com.mizo.robot.fps.shooting.game"},"showTemplate":1,"s2s_tracking_url":"https:\/\/play.google.com\/store\/apps\/details?id=com.mizo.robot.fps.shooting.game","activeCreativeID":"2707","scenes":["1","2","6","4","5"],"campaignAdType":"Video"},{"campaignID":"7579","attribution":0,"priority":"5","appToPromote":{"appToPromoteID":"15098","usesDefaultFrameImage":"0","usesDefaultCloseImage":"0","marketURL":"https:\/\/play.google.com\/store\/apps\/details?id=com.gg.tps.shooting.games","packageID":"com.gg.tps.shooting.games"},"showTemplate":1,"s2s_tracking_url":"https:\/\/play.google.com\/store\/apps\/details?id=com.gg.tps.shooting.games","activeCreativeID":"2767","scenes":["1","2","6","4","5"],"campaignAdType":"Video"},{"campaignID":"7838","attribution":0,"priority":"5","appToPromote":{"appToPromoteID":"15339","usesDefaultFrameImage":"0","usesDefaultCloseImage":"0","marketURL":"https:\/\/play.google.com\/store\/apps\/details?id=com.buntoo.pilot.robot.games","packageID":"com.buntoo.pilot.robot.games"},"showTemplate":1,"s2s_tracking_url":"https:\/\/play.google.com\/store\/apps\/details?id=com.buntoo.pilot.robot.games","activeCreativeID":"3118","scenes":["1","2","6","4","5"],"campaignAdType":"Video"},{"campaignID":"7839","attribution":0,"priority":"5","appToPromote":{"appToPromoteID":"15287","usesDefaultFrameImage":"0","usesDefaultCloseImage":"0","marketURL":"https:\/\/play.google.com\/store\/apps\/details?id=com.happy.family.traffic.shooter.games","packageID":"com.happy.family.traffic.shooter.games"},"showTemplate":1,"s2s_tracking_url":"https:\/\/play.google.com\/store\/apps\/details?id=com.happy.family.traffic.shooter.games","activeCreativeID":"3119","scenes":["1","2","6","4","5"],"campaignAdType":"Video"},{"campaignID":"7921","attribution":0,"priority":"5","appToPromote":{"appToPromoteID":"15297","usesDefaultFrameImage":"0","usesDefaultCloseImage":"0","marketURL":"https:\/\/play.google.com\/store\/apps\/details?id=com.gg.castle.fps.shooting.game","packageID":"com.gg.castle.fps.shooting.game"},"showTemplate":1,"s2s_tracking_url":"https:\/\/play.google.com\/store\/apps\/details?id=com.gg.castle.fps.shooting.game","activeCreativeID":"3218","scenes":["1","2","6","4","5"],"campaignAdType":"Video"},{"campaignID":"8047","attribution":0,"priority":"5","appToPromote":{"appToPromoteID":"15907","usesDefaultFrameImage":"0","usesDefaultCloseImage":"0","marketURL":"https:\/\/play.google.com\/store\/apps\/details?id=com.mizo.teddy.bear.gun.strike.game","packageID":"com.mizo.teddy.bear.gun.strike.game"},"showTemplate":1,"s2s_tracking_url":"https:\/\/play.google.com\/store\/apps\/details?id=com.mizo.teddy.bear.gun.strike.game","activeCreativeID":"3356","scenes":["1","2","6","4","5"],"campaignAdType":"Video"},{"campaignID":"8172","attribution":0,"priority":"5","appToPromote":{"appToPromoteID":"15929","usesDefaultFrameImage":"0","usesDefaultCloseImage":"0","marketURL":"https:\/\/play.google.com\/store\/apps\/details?id=com.buntoo.mosquito.robot.transform.game","packageID":"com.buntoo.mosquito.robot.transform.game"},"showTemplate":1,"s2s_tracking_url":"https:\/\/play.google.com\/store\/apps\/details?id=com.buntoo.mosquito.robot.transform.game","activeCreativeID":"3498","scenes":["1","2","6","4","5"],"campaignAdType":"Video"},{"campaignID":"8289","attribution":0,"priority":"5","appToPromote":{"appToPromoteID":"16314","usesDefaultFrameImage":"0","usesDefaultCloseImage":"0","marketURL":"https:\/\/play.google.com\/store\/apps\/details?id=com.mizo.modern.fps.shooting.game","packageID":"com.mizo.modern.fps.shooting.game"},"showTemplate":1,"s2s_tracking_url":"https:\/\/play.google.com\/store\/apps\/details?id=com.mizo.modern.fps.shooting.game","activeCreativeID":"3623","scenes":["1","2","6","4","5"],"campaignAdType":"Video"},{"campaignID":"8644","attribution":0,"priority":"5","appToPromote":{"appToPromoteID":"16736","usesDefaultFrameImage":"0","usesDefaultCloseImage":"0","marketURL":"https:\/\/play.google.com\/store\/apps\/details?id=com.branches.formula.car.game","packageID":"com.tdg.F1FlyingDroneCar"},"showTemplate":1,"s2s_tracking_url":"https:\/\/play.google.com\/store\/apps\/details?id=com.branches.formula.car.game","activeCreativeID":"3999","scenes":["1","2","6","4","5"],"campaignAdType":"Interstitial"},{"campaignID":"8726","attribution":0,"priority":"5","appToPromote":{"appToPromoteID":"16019","usesDefaultFrameImage":"0","usesDefaultCloseImage":"0","marketURL":"https:\/\/play.google.com\/store\/apps\/details?id=com.happy.family.quad.bike.mountain.stunts","packageID":"com.happy.family.quad.bike.mountain.stunts"},"showTemplate":1,"s2s_tracking_url":"https:\/\/play.google.com\/store\/apps\/details?id=com.happy.family.quad.bike.mountain.stunts","activeCreativeID":"4084","scenes":["1","2","6","4","5"],"campaignAdType":"Interstitial"},{"campaignID":"8727","attribution":0,"priority":"5","appToPromote":{"appToPromoteID":"12670","usesDefaultFrameImage":"0","usesDefaultCloseImage":"0","marketURL":"https:\/\/play.google.com\/store\/apps\/details?id=com.cradley.shopping.mall.taxi.games","packageID":"com.cradley.shopping.mall.taxi.games"},"showTemplate":1,"s2s_tracking_url":"https:\/\/play.google.com\/store\/apps\/details?id=com.cradley.shopping.mall.taxi.games","activeCreativeID":"4085","scenes":["1","2","6","4","5"],"campaignAdType":"Interstitial"},{"campaignID":"8792","attribution":0,"priority":"5","appToPromote":{"appToPromoteID":"12670","usesDefaultFrameImage":"0","usesDefaultCloseImage":"0","marketURL":"https:\/\/play.google.com\/store\/apps\/details?id=com.cradley.shopping.mall.taxi.games","packageID":"com.cradley.shopping.mall.taxi.games"},"showTemplate":1,"s2s_tracking_url":"https:\/\/play.google.com\/store\/apps\/details?id=com.cradley.shopping.mall.taxi.games","activeCreativeID":"4154","scenes":["1","2","6","4","5"],"campaignAdType":"Video"}],"refreshAdRate":30,"mode":"Production","aspectRatio":"4_3","cdnPath":"https:\/\/df8ymybeo92md.cloudfront.net\/images\/","sentry_log":0,"local_logging":0,"sentry_dsn":"https:\/\/93ffa1c9a4124f67b8888a53265f751a:bbf998e04584477fa9a145838e9d3b26@sentry.io\/168994","sentry_initialization":1,"sentry_debugging":0,"bannerSizes":[],"aspectRatioVideo":"16_9","app_id":"2343","showPreRewardedDialogue":0,"showPostRewardedDialogue":0,"rewardCurrency":"coins","rewardValue":0,"isSkipable":0,"privacyPolicyURL":"https:\/\/www.consoliads.com\/privacy-policy\/","sessionToken":"G2oLewJwJ+Jbl+UMfVDRocYcA08XyVpdvO9ac9Jot+kn\/rUe8S5Fz+c+3WvBicSdRbIrabAxdEYNkEfqjDebDo1cTbyENQSuFV4AoikeQDH6lJgHWlbQMX0rzysJvZOjHri19T8Wz8Xd613SJedG9MFNQHhqMpph6jaWzOfoPgo="}
Session token value is set


{"appKey":"e551eacd7ce4c379df2008130984e935","deviceID":"2161","stats":[{"campaignID":179,"packageID":"com.ubmgames.commando.survivor.modern.lone","sceneStats":[{"sceneID":"6","eventStats":"322,222,122,22,22,0,0"}]}],"sdkVersion":"26","sessionToken":"G2oLewJwJ+Jbl+UMfVDRocYcA08XyVpdvO9ac9Jot+kn\/rUe8S5Fz+c+3WvBicSdRbIrabAxdEYNkEfqjDebDo1cTbyENQSuFV4AoikeQDH6lJgHWlbQMX0rzysJvZOjHri19T8Wz8Xd613SJedG9MFNQHhqMpph6jaWzOfoPgo="}
cache_ttl value is correct

Refresh Ad Rate value is correct
mode value is set

 Aspect ratio value is correct
sentry_log value is set
local_logging value is set
sentry_initialization value is set
sentry_debugging value is set
showPreRewardedDialogue value is set
showPostRewardedDialogue value is set
isSkipable value is set
{"cache_ttl":10080,"cache_ttl_rewarded":10080,"cache_ttl_banner":10080,"cache_ttl_native":10080,"cache_ttl_icon":10080,"refreshAdRate":30,"mode":"Production","aspectRatio":"4_3","cdnPath":"https:\/\/df8ymybeo92md.cloudfront.net\/images\/","sentry_log":0,"local_logging":0,"sentry_dsn":"https:\/\/93ffa1c9a4124f67b8888a53265f751a:bbf998e04584477fa9a145838e9d3b26@sentry.io\/168994","sentry_initialization":1,"sentry_debugging":0,"bannerSizes":["5"],"aspectRatioVideo":"16_9","app_id":"1266","showPreRewardedDialogue":0,"showPostRewardedDialogue":0,"rewardCurrency":"coins","rewardValue":0,"isSkipable":0,"privacyPolicyURL":"https:\/\/www.consoliads.com\/privacy-policy\/","sessionToken":"+6B9yoySmErR\/bLQTYqRLeNBgIIcU6ii30xt3awwplInnQQlW0cTOFMWymka\/QmyQTwdLHFmIaJ3e1J9u6BsvHmkPMtmF2l1ysr2sjh2em3nbyOA2uhmU08CQxjNfqSaFDT8Z8aV4GcMVxzWgNbEqCuET46cJmkvnU0omT2CXkU="}
Session token value is set


{"appKey":"dacfcc72736ec57f9871a90c24be611a","deviceID":"7939","stats":[{"campaignID":184,"packageID":"com.tgp.derby.cartransporttruck","sceneStats":[{"sceneID":"20","eventStats":"379,279,179,79,79,0,0"}]}],"sdkVersion":"39","sessionToken":"+6B9yoySmErR\/bLQTYqRLeNBgIIcU6ii30xt3awwplInnQQlW0cTOFMWymka\/QmyQTwdLHFmIaJ3e1J9u6BsvHmkPMtmF2l1ysr2sjh2em3nbyOA2uhmU08CQxjNfqSaFDT8Z8aV4GcMVxzWgNbEqCuET46cJmkvnU0omT2CXkU="}
cache_ttl value is correct

Refresh Ad Rate value is correct
mode value is set

 Aspect ratio value is correct
sentry_log value is set
local_logging value is set
sentry_initialization value is set
sentry_debugging value is set
showPreRewardedDialogue value is set
showPostRewardedDialogue value is set
isSkipable value is set
{"cache_ttl":10080,"cache_ttl_rewarded":10080,"cache_ttl_banner":10080,"cache_ttl_native":10080,"cache_ttl_icon":10080,"campaigns":[{"campaignID":"9384","attribution":0,"priority":"5","appToPromote":{"appToPromoteID":"13185","usesDefaultFrameImage":"0","usesDefaultCloseImage":"0","marketURL":"https:\/\/play.google.com\/store\/apps\/details?id=com.gamesarena.flying.bike.tricks.stunts&amp;referrer=utm_source=42matters.com&amp;utm_medium=api","packageID":"com.gamesarena.flying.bike.tricks.stunts"},"showTemplate":1,"s2s_tracking_url":"https:\/\/play.google.com\/store\/apps\/details?id=com.gamesarena.flying.bike.tricks.stunts&amp;referrer=utm_source=42matters.com&amp;utm_medium=api","activeCreativeID":"4829","scenes":["12","1","8","6","15","2"],"campaignAdType":"Interstitial"},{"campaignID":"9386","attribution":0,"priority":"5","appToPromote":{"appToPromoteID":"17764","usesDefaultFrameImage":"0","usesDefaultCloseImage":"0","marketURL":"https:\/\/play.google.com\/store\/apps\/details?id=com.visiblebody.atlas&amp;referrer=utm_source=42matters.com&amp;utm_medium=api","packageID":"com.gamesarena..test6324"},"showTemplate":1,"s2s_tracking_url":"https:\/\/play.google.com\/store\/apps\/details?id=com.visiblebody.atlas&amp;referrer=utm_source=42matters.com&amp;utm_medium=api","activeCreativeID":"4828","scenes":["12","1","8","6","15","2"],"campaignAdType":"Interstitial"},{"campaignID":"9389","attribution":0,"priority":"5","appToPromote":{"appToPromoteID":"13185","usesDefaultFrameImage":"0","usesDefaultCloseImage":"0","marketURL":"https:\/\/play.google.com\/store\/apps\/details?id=com.gamesarena.flying.bike.tricks.stunts&amp;referrer=utm_source=42matters.com&amp;utm_medium=api","packageID":"com.gamesarena.flying.bike.tricks.stunts"},"showTemplate":1,"s2s_tracking_url":"https:\/\/play.google.com\/store\/apps\/details?id=com.gamesarena.flying.bike.tricks.stunts&amp;referrer=utm_source=42matters.com&amp;utm_medium=api","activeCreativeID":"4829","scenes":["12","1","8","6","15","2"],"campaignAdType":"Interstitial"},{"campaignID":"9390","attribution":0,"priority":"5","appToPromote":{"appToPromoteID":"17764","usesDefaultFrameImage":"0","usesDefaultCloseImage":"0","marketURL":"https:\/\/play.google.com\/store\/apps\/details?id=com.visiblebody.atlas&amp;referrer=utm_source=42matters.com&amp;utm_medium=api","packageID":"com.gamesarena..test6324"},"showTemplate":1,"s2s_tracking_url":"https:\/\/play.google.com\/store\/apps\/details?id=com.visiblebody.atlas&amp;referrer=utm_source=42matters.com&amp;utm_medium=api","activeCreativeID":"4828","scenes":["12","1","8","6","15","2"],"campaignAdType":"Interstitial"},{"campaignID":"8376","attribution":0,"priority":"3","appToPromote":{"appToPromoteID":"16325","usesDefaultFrameImage":"0","usesDefaultCloseImage":"0","marketURL":"https:\/\/play.google.com\/store\/apps\/details?id=com.tgp.mega.ramp.ambulance.car.stunts","packageID":"com.tgp.mega.ramp.ambulance.car.stunts"},"showTemplate":1,"s2s_tracking_url":"https:\/\/play.google.com\/store\/apps\/details?id=com.tgp.mega.ramp.ambulance.car.stunts","activeCreativeID":"3718","scenes":["12","1","8","6","15","2"],"campaignAdType":"Interstitial"},{"campaignID":"8354","attribution":0,"priority":"2","appToPromote":{"appToPromoteID":"16325","usesDefaultFrameImage":"0","usesDefaultCloseImage":"0","marketURL":"https:\/\/play.google.com\/store\/apps\/details?id=com.tgp.mega.ramp.ambulance.car.stunts","packageID":"com.tgp.mega.ramp.ambulance.car.stunts"},"showTemplate":1,"s2s_tracking_url":"https:\/\/play.google.com\/store\/apps\/details?id=com.tgp.mega.ramp.ambulance.car.stunts","activeCreativeID":"3692","scenes":["12","1","8","6","15","2"],"campaignAdType":"Interstitial"},{"campaignID":"9249","attribution_link":"https:\/\/app.appsflyer.com\/com.lgn.gun.strike.war.train.shooting.games?pid=consoliads_int&amp;af_click_lookback=7d&amp;clickid=2269_9249_7939&amp;android_id={android_id}&amp;sha1_android_id={sha1_android_id}&amp;advertising_id=7939&amp;sha1_advertising_id=62ba43161b8658bef71c0b42433f93f7222573e7&amp;af_keywords=2","attribution":1,"priority":"8","appToPromote":{"appToPromoteID":"13421","usesDefaultFrameImage":"0","usesDefaultCloseImage":"0","marketURL":"http:\/\/www.google.com","packageID":"com.appricot2d.testt"},"showTemplate":1,"s2s_tracking_url":"https:\/\/app.appsflyer.com\/com.lgn.gun.strike.war.train.shooting.games?pid=consoliads_int&amp;af_click_lookback=7d&amp;clickid=2269_9249_7939&amp;android_id={android_id}&amp;sha1_android_id={sha1_android_id}&amp;advertising_id=7939&amp;sha1_advertising_id=62ba43161b8658bef71c0b42433f93f7222573e7&amp;af_keywords=2","activeCreativeID":"4679","scenes":["12","1","8","6","15","2"],"campaignAdType":"Interstitial"},{"campaignID":"9261","attribution_link":"https:\/\/app.appsflyer.com\/com.lgn.gun.strike.war.train.shooting.games?pid=consoliads_int&amp;af_click_lookback=7d&amp;clickid=2269_9261_7939&amp;android_id={android_id}&amp;sha1_android_id={sha1_android_id}&amp;advertising_id=7939&amp;sha1_advertising_id=62ba43161b8658bef71c0b42433f93f7222573e7&amp;af_keywords=2","attribution":1,"priority":"8","appToPromote":{"appToPromoteID":"13421","usesDefaultFrameImage":"0","usesDefaultCloseImage":"0","marketURL":"http:\/\/www.google.com","packageID":"com.appricot2d.testt"},"showTemplate":1,"s2s_tracking_url":"https:\/\/app.appsflyer.com\/com.lgn.gun.strike.war.train.shooting.games?pid=consoliads_int&amp;af_click_lookback=7d&amp;clickid=2269_9261_7939&amp;android_id={android_id}&amp;sha1_android_id={sha1_android_id}&amp;advertising_id=7939&amp;sha1_advertising_id=62ba43161b8658bef71c0b42433f93f7222573e7&amp;af_keywords=2","activeCreativeID":"4692","scenes":["12","1","8","6","15","2"],"campaignAdType":"Interstitial"},{"campaignID":"9131","attribution":0,"priority":"8","appToPromote":{"appToPromoteID":"17532","usesDefaultFrameImage":"0","usesDefaultCloseImage":"0","marketURL":"https:\/\/play.google.com\/store\/apps\/details?id=com.dhgate.buyermob","packageID":"com.dhgate.buyermob"},"showTemplate":1,"s2s_tracking_url":"https:\/\/tha.gotrackier.com\/click?campaign_id=63254\\u0026pub_id=75?p1=2269_9131_7939&amp;source=6841&amp;app_name=DerbyCarTransportTruck&amp;gaid=7939","activeCreativeID":"4483","scenes":["12","1","8","6","15","2"],"campaignAdType":"Interstitial"},{"campaignID":"561","attribution":0,"priority":"6","appToPromote":{"appToPromoteID":"5026","usesDefaultFrameImage":"0","usesDefaultCloseImage":"0","marketURL":"https:\/\/play.google.com\/store\/apps\/details?id=com.as.cashupapp","packageID":"com.as.cashupapp"},"showTemplate":1,"s2s_tracking_url":"https:\/\/play.google.com\/store\/apps\/details?id=com.as.cashupapp","activeCreativeID":"652","scenes":["12","1","8","6","15","2"],"campaignAdType":"Interstitial"},{"campaignID":"570","attribution":0,"priority":"6","appToPromote":{"appToPromoteID":"3802","usesDefaultFrameImage":"0","usesDefaultCloseImage":"0","marketURL":"https:\/\/play.google.com\/store\/apps\/details?id=com.Madxstudios.Flickshootsoccer","packageID":"com.Madxstudios.Flickshootsoccer"},"showTemplate":1,"s2s_tracking_url":"https:\/\/play.google.com\/store\/apps\/details?id=com.Madxstudios.Flickshootsoccer","activeCreativeID":"661","scenes":["12","1","8","6","15","2"],"campaignAdType":"Interstitial"},{"campaignID":"588","attribution":0,"priority":"6","appToPromote":{"appToPromoteID":"5026","usesDefaultFrameImage":"0","usesDefaultCloseImage":"0","marketURL":"https:\/\/play.google.com\/store\/apps\/details?id=com.as.cashupapp","packageID":"com.as.cashupapp"},"showTemplate":1,"s2s_tracking_url":"https:\/\/play.google.com\/store\/apps\/details?id=com.as.cashupapp","activeCreativeID":"652","scenes":["12","1","8","6","15","2"],"campaignAdType":"Interstitial"},{"campaignID":"6620","attribution":0,"priority":"6","appToPromote":{"appToPromoteID":"12980","usesDefaultFrameImage":"0","usesDefaultCloseImage":"0","marketURL":"https:\/\/play.google.com\/store\/apps\/details?id=com.sx.cooking.cafe.restaurant","packageID":"com.sx.cooking.cafe.restaurant"},"showTemplate":1,"s2s_tracking_url":"https:\/\/play.google.com\/store\/apps\/details?id=com.sx.cooking.cafe.restaurant","activeCreativeID":"1702","scenes":["12","1","8","6","15","2"],"campaignAdType":"Interstitial"},{"campaignID":"6596","attribution":0,"priority":"5","appToPromote":{"appToPromoteID":"12980","usesDefaultFrameImage":"0","usesDefaultCloseImage":"0","marketURL":"https:\/\/play.google.com\/store\/apps\/details?id=com.sx.cooking.cafe.restaurant","packageID":"com.sx.cooking.cafe.restaurant"},"showTemplate":1,"s2s_tracking_url":"https:\/\/play.google.com\/store\/apps\/details?id=com.sx.cooking.cafe.restaurant","activeCreativeID":"1702","scenes":["12","1","8","6","15","2"],"campaignAdType":"Interstitial"}],"refreshAdRate":30,"mode":"Production","aspectRatio":"4_3","cdnPath":"https:\/\/df8ymybeo92md.cloudfront.net\/images\/","sentry_log":0,"local_logging":0,"sentry_dsn":"https:\/\/93ffa1c9a4124f67b8888a53265f751a:bbf998e04584477fa9a145838e9d3b26@sentry.io\/168994","sentry_initialization":1,"sentry_debugging":0,"bannerSizes":["5"],"aspectRatioVideo":"16_9","app_id":"2269","showPreRewardedDialogue":0,"showPostRewardedDialogue":0,"rewardCurrency":"coins","rewardValue":0,"isSkipable":0,"privacyPolicyURL":"https:\/\/www.consoliads.com\/privacy-policy\/","sessionToken":"SDvNYuhYIqO7k9pFFQ5nce1XMqwSFQYZkKBzt3y+m1JDGss+cR56DRIZQDpVMXmInOb9J0yRNStU1F5LwSqGsujWfQ0\/i4QFO2pNLIxhd5gd1s+uDHxZC82dGV8+FO1\/NnZknFKZX3O8nGHnvNVnw7m9BvQhXwlzgmYxuovQQEw="}
Session token value is set

mode value is set

 Aspect ratio value is correct
sentry_log value is set
Session token value is set


{"appKey":"04f5a9854a7ab0d33c312f6ba1115c79","deviceID":"4896","stats":[{"campaignID":191,"packageID":"com.tgp.multi.car.smart.parking.truck","sceneStats":[{"sceneID":"13","eventStats":"349,249,149,49,49,0,0"}]}],"sdkVersion":"39","sessionToken":"najO1KaGN4NwTtCptJV9LsSSNUksR8i8YrqRO7DcKBsrwJRjvDeucP\/Zo4ZZz7rJyIjP4iVDnn7UQLRNp8w2OWZr\/KQRAPoDSyUfHC6lbxVtWbfptV68yagLEvt1F87U0z4shJrSugvUHiGs+y4lvuVJIJvQHjdGzz2W7TgZXQw="}
cache_ttl value is correct

Refresh Ad Rate value is correct
mode value is set

 Aspect ratio value is correct
sentry_log value is set
local_logging value is set
sentry_initialization value is set
sentry_debugging value is set
showPreRewardedDialogue value is set
showPostRewardedDialogue value is set
isSkipable value is set
{"cache_ttl":10080,"cache_ttl_rewarded":10080,"cache_ttl_banner":10080,"cache_ttl_native":10080,"cache_ttl_icon":10080,"refreshAdRate":30,"mode":"Production","aspectRatio":"4_3","cdnPath":"https:\/\/df8ymybeo92md.cloudfront.net\/images\/","sentry_log":0,"local_logging":0,"sentry_dsn":"https:\/\/93ffa1c9a4124f67b8888a53265f751a:bbf998e04584477fa9a145838e9d3b26@sentry.io\/168994","sentry_initialization":1,"sentry_debugging":0,"bannerSizes":[],"aspectRatioVideo":"16_9","app_id":"2480","showPreRewardedDialogue":0,"showPostRewardedDialogue":0,"rewardCurrency":"coins","rewardValue":0,"isSkipable":0,"privacyPolicyURL":"https:\/\/www.consoliads.com\/privacy-policy\/","sessionToken":"7dz9MANiS5o8+F3lra2B3zBnRDsv+6TUrrJDuAIMAgGEvXu0ed3MajSTQ0odegOz\/Y0RAiOjSyhzphbEcAE+qKZlNRIcOflV75xCZRRwg69amXKVIetF2bA7goLn65TfG2RYR7mKLt6UrubywUczWHeZZzXti9olrWgV5hoyTlU="}
Session token value is set


{"appKey":"8417aa110173549083015865620d6db3","deviceID":"3358","stats":[{"campaignID":192,"packageID":"com.gamefeast.offroadtruck.mechanic.garage","sceneStats":[{"sceneID":"9","eventStats":"334,234,134,34,34,0,0"}]}],"sdkVersion":"39","sessionToken":"7dz9MANiS5o8+F3lra2B3zBnRDsv+6TUrrJDuAIMAgGEvXu0ed3MajSTQ0odegOz\/Y0RAiOjSyhzphbEcAE+qKZlNRIcOflV75xCZRRwg69amXKVIetF2bA7goLn65TfG2RYR7mKLt6UrubywUczWHeZZzXti9olrWgV5hoyTlU="}
cache_ttl value is correct

Refresh Ad Rate value is correct
mode value is set

 Aspect ratio value is correct
sentry_log value is set
local_logging value is set
sentry_initialization value is set
sentry_debugging value is set
showPreRewardedDialogue value is set
showPostRewardedDialogue value is set
isSkipable value is set
{"cache_ttl":10080,"cache_ttl_rewarded":10080,"cache_ttl_banner":10080,"cache_ttl_native":10080,"cache_ttl_icon":10080,"campaigns":[{"campaignID":"9384","attribution":0,"priority":"5","appToPromote":{"appToPromoteID":"13185","usesDefaultFrameImage":"0","usesDefaultCloseImage":"0","marketURL":"https:\/\/play.google.com\/store\/apps\/details?id=com.gamesarena.flying.bike.tricks.stunts&amp;referrer=utm_source=42matters.com&amp;utm_medium=api","packageID":"com.gamesarena.flying.bike.tricks.stunts"},"showTemplate":1,"s2s_tracking_url":"https:\/\/play.google.com\/store\/apps\/details?id=com.gamesarena.flying.bike.tricks.stunts&amp;referrer=utm_source=42matters.com&amp;utm_medium=api","activeCreativeID":"4829","scenes":["12","1","8","6","15","2"],"campaignAdType":"Interstitial"},{"campaignID":"9386","attribution":0,"priority":"5","appToPromote":{"appToPromoteID":"17764","usesDefaultFrameImage":"0","usesDefaultCloseImage":"0","marketURL":"https:\/\/play.google.com\/store\/apps\/details?id=com.visiblebody.atlas&amp;referrer=utm_source=42matters.com&amp;utm_medium=api","packageID":"com.gamesarena..test6324"},"showTemplate":1,"s2s_tracking_url":"https:\/\/play.google.com\/store\/apps\/details?id=com.visiblebody.atlas&amp;referrer=utm_source=42matters.com&amp;utm_medium=api","activeCreativeID":"4828","scenes":["12","1","8","6","15","2"],"campaignAdType":"Interstitial"},{"campaignID":"9389","attribution":0,"priority":"5","appToPromote":{"appToPromoteID":"13185","usesDefaultFrameImage":"0","usesDefaultCloseImage":"0","marketURL":"https:\/\/play.google.com\/store\/apps\/details?id=com.gamesarena.flying.bike.tricks.stunts&amp;referrer=utm_source=42matters.com&amp;utm_medium=api","packageID":"com.gamesarena.flying.bike.tricks.stunts"},"showTemplate":1,"s2s_tracking_url":"https:\/\/play.google.com\/store\/apps\/details?id=com.gamesarena.flying.bike.tricks.stunts&amp;referrer=utm_source=42matters.com&amp;utm_medium=api","activeCreativeID":"4829","scenes":["12","1","8","6","15","2"],"campaignAdType":"Interstitial"},{"campaignID":"9390","attribution":0,"priority":"5","appToPromote":{"appToPromoteID":"17764","usesDefaultFrameImage":"0","usesDefaultCloseImage":"0","marketURL":"https:\/\/play.google.com\/store\/apps\/details?id=com.visiblebody.atlas&amp;referrer=utm_source=42matters.com&amp;utm_medium=api","packageID":"com.gamesarena..test6324"},"showTemplate":1,"s2s_tracking_url":"https:\/\/play.google.com\/store\/apps\/details?id=com.visiblebody.atlas&amp;referrer=utm_source=42matters.com&amp;utm_medium=api","activeCreativeID":"4828","scenes":["12","1","8","6","15","2"],"campaignAdType":"Interstitial"},{"campaignID":"8829","attribution":0,"priority":"5","appToPromote":{"appToPromoteID":"2007","usesDefaultFrameImage":"0","usesDefaultCloseImage":"0","marketURL":"https:\/\/play.google.com\/store\/apps\/details?id=com.vg.police.secret.agent.crime.gang","packageID":"com.vg.police.secret.agent.crime.gang"},"showTemplate":1,"s2s_tracking_url":"https:\/\/play.google.com\/store\/apps\/details?id=com.vg.police.secret.agent.crime.gang","activeCreativeID":"4192","scenes":["12","1","8","6","15","2"],"campaignAdType":"Interstitial"},{"campaignID":"8858","attribution":0,"priority":"5","appToPromote":{"appToPromoteID":"1992","usesDefaultFrameImage":"0","usesDefaultCloseImage":"0","marketURL":"https:\/\/play.google.com\/store\/apps\/details?id=com.vg.prisonerbreakout.HardTime","packageID":"com.vg.prisonerbreakout.HardTime"},"showTemplate":1,"s2s_tracking_url":"https:\/\/play.google.com\/store\/apps\/details?id=com.vg.prisonerbreakout.HardTime","activeCreativeID":"4220","scenes":["12","1","8","6","15","2"],"campaignAdType":"Interstitial"},{"campaignID":"9249","attribution_link":"https:\/\/app.appsflyer.com\/com.lgn.gun.strike.war.train.shooting.games?pid=consoliads_int&amp;af_click_lookback=7d&amp;clickid=2521_9249_3358&amp;android_id={android_id}&amp;sha1_android_id={sha1_android_id}&amp;advertising_id=3358&amp;sha1_advertising_id=07940191cc125f4b11e5f33871fe1a1e5559966c&amp;af_keywords=2","attribution":1,"priority":"8","appToPromote":{"appToPromoteID":"13421","usesDefaultFrameImage":"0","usesDefaultCloseImage":"0","marketURL":"http:\/\/www.google.com","packageID":"com.appricot2d.testt"},"showTemplate":1,"s2s_tracking_url":"https:\/\/app.appsflyer.com\/com.lgn.gun.strike.war.train.shooting.games?pid=consoliads_int&amp;af_click_lookback=7d&amp;clickid=2521_9249_3358&amp;android_id={android_id}&amp;sha1_android_id={sha1_android_id}&amp;advertising_id=3358&amp;sha1_advertising_id=07940191cc125f4b11e5f33871fe1a1e5559966c&amp;af_keywords=2","activeCreativeID":"4679","scenes":["12","1","8","6","15","2"],"campaignAdType":"Interstitial"},{"campaignID":"9261","attribution_link":"https:\/\/app.appsflyer.com\/com.lgn.gun.strike.war.train.shooting.games?pid=consoliads_int&amp;af_click_lookback=7d&amp;clickid=2521_9261_3358&amp;android_id={android_id}&amp;sha1_android_id={sha1_android_id}&amp;advertising_id=3358&amp;sha1_advertising_id=07940191cc125f4b11e5f33871fe1a1e5559966c&amp;af_keywords=2","attribution":1,"priority":"8","appToPromote":{"appToPromoteID":"13421","usesDefaultFrameImage":"0","usesDefaultCloseImage":"0","marketURL":"http:\/\/www.google.com","packageID":"com.appricot2d.testt"},"showTemplate":1,"s2s_tracking_url":"https:\/\/app.appsflyer.com\/com.lgn.gun.strike.war.train.shooting.games?pid=consoliads_int&amp;af_click_lookback=7d&amp;clickid=2521_9261_3358&amp;android_id={android_id}&amp;sha1_android_id={sha1_android_id}&amp;advertising_id=3358&amp;sha1_advertising_id=07940191cc125f4b11e5f33871fe1a1e5559966c&amp;af_keywords=2","activeCreativeID":"4692","scenes":["12","1","8","6","15","2"],"campaignAdType":"Interstitial"},{"campaignID":"9131","attribution":0,"priority":"8","appToPromote":{"appToPromoteID":"17532","usesDefaultFrameImage":"0","usesDefaultCloseImage":"0","marketURL":"https:\/\/play.google.com\/store\/apps\/details?id=com.dhgate.buyermob","packageID":"com.dhgate.buyermob"},"showTemplate":1,"s2s_tracking_url":"https:\/\/tha.gotrackier.com\/click?campaign_id=63254\\u0026pub_id=75?p1=2521_9131_3358&amp;source=6841&amp;app_name=OffRoadTruckMechanicGarage&amp;gaid=3358","activeCreativeID":"4483","scenes":["12","1","8","6","15","2"],"campaignAdType":"Interstitial"},{"campaignID":"561","attribution":0,"priority":"6","appToPromote":{"appToPromoteID":"5026","usesDefaultFrameImage":"0","usesDefaultCloseImage":"0","marketURL":"https:\/\/play.google.com\/store\/apps\/details?id=com.as.cashupapp","packageID":"com.as.cashupapp"},"showTemplate":1,"s2s_tracking_url":"https:\/\/play.google.com\/store\/apps\/details?id=com.as.cashupapp","activeCreativeID":"652","scenes":["12","1","8","6","15","2"],"campaignAdType":"Interstitial"},{"campaignID":"570","attribution":0,"priority":"6","appToPromote":{"appToPromoteID":"3802","usesDefaultFrameImage":"0","usesDefaultCloseImage":"0","marketURL":"https:\/\/play.google.com\/store\/apps\/details?id=com.Madxstudios.Flickshootsoccer","packageID":"com.Madxstudios.Flickshootsoccer"},"showTemplate":1,"s2s_tracking_url":"https:\/\/play.google.com\/store\/apps\/details?id=com.Madxstudios.Flickshootsoccer","activeCreativeID":"661","scenes":["12","1","8","6","15","2"],"campaignAdType":"Interstitial"},{"campaignID":"588","attribution":0,"priority":"6","appToPromote":{"appToPromoteID":"5026","usesDefaultFrameImage":"0","usesDefaultCloseImage":"0","marketURL":"https:\/\/play.google.com\/store\/apps\/details?id=com.as.cashupapp","packageID":"com.as.cashupapp"},"showTemplate":1,"s2s_tracking_url":"https:\/\/play.google.com\/store\/apps\/details?id=com.as.cashupapp","activeCreativeID":"652","scenes":["12","1","8","6","15","2"],"campaignAdType":"Interstitial"},{"campaignID":"6620","attribution":0,"priority":"6","appToPromote":{"appToPromoteID":"12980","usesDefaultFrameImage":"0","usesDefaultCloseImage":"0","marketURL":"https:\/\/play.google.com\/store\/apps\/details?id=com.sx.cooking.cafe.restaurant","packageID":"com.sx.cooking.cafe.restaurant"},"showTemplate":1,"s2s_tracking_url":"https:\/\/play.google.com\/store\/apps\/details?id=com.sx.cooking.cafe.restaurant","activeCreativeID":"1702","scenes":["12","1","8","6","15","2"],"campaignAdType":"Interstitial"}],"refreshAdRate":30,"mode":"Production","aspectRatio":"4_3","cdnPath":"https:\/\/df8ymybeo92md.cloudfront.net\/images\/","sentry_log":0,"local_logging":0,"sentry_dsn":"https:\/\/93ffa1c9a4124f67b8888a53265f751a:bbf998e04584477fa9a145838e9d3b26@sentry.io\/168994","sentry_initialization":1,"sentry_debugging":0,"bannerSizes":["5"],"aspectRatioVideo":"16_9","app_id":"2521","showPreRewardedDialogue":0,"showPostRewardedDialogue":0,"rewardCurrency":"coins","rewardValue":0,"isSkipable":0,"privacyPolicyURL":"https:\/\/www.consoliads.com\/privacy-policy\/","sessionToken":"ZydvTcmguzGnsQcAbEHrXoWR4ZHH9\/fw0fvVhXu53PapGwWCGuxDmA2fMr2o7KBTOoOu\/axesHzDXOs8KrH05J0VcmMu21LNExPX+PohPyBVyu0k1SrLXo\/NUZReTk584jE1+xkuwFL4wYuuAGX0OPus5y2pKGjsBpPiMklONM8="}
Session token value is set


{"appKey":"9bfb78f6a7b11d99e8e05f5d9ad5562d","deviceID":"8472","stats":[{"campaignID":201,"packageID":"com.whitesand.pit.stop.car.mechanic","sceneStats":[{"sceneID":"22","eventStats":"384,284,184,84,84,0,0"}]}],"sdkVersion":"2286","sessionToken":"ZydvTcmguzGnsQcAbEHrXoWR4ZHH9\/fw0fvVhXu53PapGwWCGuxDmA2fMr2o7KBTOoOu\/axesHzDXOs8KrH05J0VcmMu21LNExPX+PohPyBVyu0k1SrLXo\/NUZReTk584jE1+xkuwFL4wYuuAGX0OPus5y2pKGjsBpPiMklONM8="}
cache_ttl value is correct

Title value is correct

Title value is correct

Title value is correct

Title value is correct

Title value is correct

Title value is correct

Refresh Ad Rate value is correct
mode value is set

 Aspect ratio value is correct
sentry_log value is set
local_logging value is set
sentry_initialization value is set
sentry_debugging value is set
showPreRewardedDialogue value is set
showPostRewardedDialogue value is set
isSkipable value is set
{"cache_ttl":10080,"cache_ttl_rewarded":10080,"cache_ttl_banner":10080,"cache_ttl_native":10080,"cache_ttl_icon":10080,"campaigns":[{"campaignID":"120","attribution":0,"priority":"5","appToPromote":{"appToPromoteID":"1997","usesDefaultFrameImage":"0","usesDefaultCloseImage":"0","marketURL":"https:\/\/play.google.com\/store\/apps\/details?id=com.appricot2d.anna.coloring.book","packageID":"com.appricot2d.anna.coloring.book"},"showTemplate":1,"s2s_tracking_url":"https:\/\/play.google.com\/store\/apps\/details?id=com.appricot2d.anna.coloring.book","activeCreativeID":"152","scenes":["27","1","2","3","4","5","6","7","8","9","10","11","12","13","14","15","21","24"],"campaignAdType":"Interstitial"},{"campaignID":"120","attribution":0,"priority":"5","appToPromote":{"appToPromoteID":"1997","usesDefaultFrameImage":"0","usesDefaultCloseImage":"0","marketURL":"https:\/\/play.google.com\/store\/apps\/details?id=com.appricot2d.anna.coloring.book","packageID":"com.appricot2d.anna.coloring.book"},"showTemplate":1,"s2s_tracking_url":"https:\/\/play.google.com\/store\/apps\/details?id=com.appricot2d.anna.coloring.book","activeCreativeID":"152","scenes":["27","1","2","3","4","5","6","7","8","9","10","11","12","13","14","15","21","24"],"campaignAdType":"Interstitial"},{"campaignID":"120","attribution":0,"priority":"5","appToPromote":{"appToPromoteID":"1997","usesDefaultFrameImage":"0","usesDefaultCloseImage":"0","marketURL":"https:\/\/play.google.com\/store\/apps\/details?id=com.appricot2d.anna.coloring.book","packageID":"com.appricot2d.anna.coloring.book"},"showTemplate":1,"s2s_tracking_url":"https:\/\/play.google.com\/store\/apps\/details?id=com.appricot2d.anna.coloring.book","activeCreativeID":"152","scenes":["27","1","2","3","4","5","6","7","8","9","10","11","12","13","14","15","21","24"],"campaignAdType":"Interstitial"},{"campaignID":"105","attribution":0,"priority":"4","appToPromote":{"appToPromoteID":"1933","usesDefaultFrameImage":"0","usesDefaultCloseImage":"0","marketURL":"https:\/\/play.google.com\/store\/apps\/details?id=com.appricot2d.kids.pony.coloring","packageID":"com.appricot2d.kids.pony.coloring"},"showTemplate":1,"s2s_tracking_url":"https:\/\/play.google.com\/store\/apps\/details?id=com.appricot2d.kids.pony.coloring","activeCreativeID":"132","scenes":["27","1","2","3","4","5","6","7","8","9","10","11","12","13","14","15","21","24"],"campaignAdType":"Interstitial"},{"campaignID":"105","attribution":0,"priority":"4","appToPromote":{"appToPromoteID":"1933","usesDefaultFrameImage":"0","usesDefaultCloseImage":"0","marketURL":"https:\/\/play.google.com\/store\/apps\/details?id=com.appricot2d.kids.pony.coloring","packageID":"com.appricot2d.kids.pony.coloring"},"showTemplate":1,"s2s_tracking_url":"https:\/\/play.google.com\/store\/apps\/details?id=com.appricot2d.kids.pony.coloring","activeCreativeID":"132","scenes":["27","1","2","3","4","5","6","7","8","9","10","11","12","13","14","15","21","24"],"campaignAdType":"Interstitial"},{"campaignID":"105","attribution":0,"priority":"4","appToPromote":{"appToPromoteID":"1933","usesDefaultFrameImage":"0","usesDefaultCloseImage":"0","marketURL":"https:\/\/play.google.com\/store\/apps\/details?id=com.appricot2d.kids.pony.coloring","packageID":"com.appricot2d.kids.pony.coloring"},"showTemplate":1,"s2s_tracking_url":"https:\/\/play.google.com\/store\/apps\/details?id=com.appricot2d.kids.pony.coloring","activeCreativeID":"132","scenes":["27","1","2","3","4","5","6","7","8","9","10","11","12","13","14","15","21","24"],"campaignAdType":"Interstitial"},{"campaignID":"8226","attribution":0,"priority":"8","appToPromote":{"appToPromoteID":"12623","usesDefaultFrameImage":"0","usesDefaultCloseImage":"0","marketURL":"https:\/\/play.google.com\/store\/apps\/details?id=com.igg.android.lordsmobile&amp;referrer=utm_source=42matters.com&amp;utm_medium=api","packageID":"com.nooribrand.android.lordsmobile"},"showTemplate":1,"s2s_tracking_url":"https:\/\/play.google.com\/store\/apps\/details?id=com.igg.android.lordsmobile&amp;referrer=utm_source=42matters.com&amp;utm_medium=api","activeCreativeID":"3557","scenes":["27","1","2","3","4","5","6","7","8","9","10","11","12","13","14","15","21","24"],"campaignAdType":"Icon"},{"campaignID":"8613","attribution":0,"priority":"8","appToPromote":{"appToPromoteID":"12623","usesDefaultFrameImage":"0","usesDefaultCloseImage":"0","marketURL":"https:\/\/play.google.com\/store\/apps\/details?id=com.igg.android.lordsmobile&amp;referrer=utm_source=42matters.com&amp;utm_medium=api","packageID":"com.nooribrand.android.lordsmobile"},"showTemplate":1,"s2s_tracking_url":"https:\/\/play.google.com\/store\/apps\/details?id=com.igg.android.lordsmobile&amp;referrer=utm_source=42matters.com&amp;utm_medium=api","activeCreativeID":"3557","scenes":["27","1","2","3","4","5","6","7","8","9","10","11","12","13","14","15","21","24"],"campaignAdType":"Icon"},{"campaignID":"9252","attribution":0,"priority":"8","appToPromote":{"appToPromoteID":"12315","usesDefaultFrameImage":"0","usesDefaultCloseImage":"0","marketURL":"google.com","packageID":"com.qabrand.plnative"},"showTemplate":1,"s2s_tracking_url":"google.com","activeCreativeID":"4683","scenes":["27","1","2","3","4","5","6","7","8","9","10","11","12","13","14","15","21","24"],"campaignAdType":"Native","title":"Native first","subTitle":"First ","description":"New description","adClickThroughText":"FIRST Button"},{"campaignID":"9253","attribution":0,"priority":"8","appToPromote":{"appToPromoteID":"12315","usesDefaultFrameImage":"0","usesDefaultCloseImage":"0","marketURL":"google.com","packageID":"com.qabrand.plnative"},"showTemplate":1,"s2s_tracking_url":"google.com","activeCreativeID":"4683","scenes":["27","1","2","3","4","5","6","7","8","9","10","11","12","13","14","15","21","24"],"campaignAdType":"Native","title":"Native first","subTitle":"First ","description":"New description","adClickThroughText":"FIRST Button"},{"campaignID":"9255","attribution":0,"priority":"8","appToPromote":{"appToPromoteID":"13274","usesDefaultFrameImage":"0","usesDefaultCloseImage":"0","marketURL":"https:\/\/play.google.com\/store\/apps\/details?id=com.facebook.katana","packageID":"com.salon.adsalon"},"showTemplate":1,"s2s_tracking_url":"https:\/\/play.google.com\/store\/apps\/details?id=com.facebook.katana","activeCreativeID":"4685","scenes":["27","1","2","3","4","5","6","7","8","9","10","11","12","13","14","15","21","24"],"campaignAdType":"Native","title":"native NA ","subTitle":"native NA ","description":"native NA added","adClickThroughText":"native NA "},{"campaignID":"9257","attribution":0,"priority":"8","appToPromote":{"appToPromoteID":"12286","usesDefaultFrameImage":"0","usesDefaultCloseImage":"0","marketURL":"google.com","packageID":"com.qabrand.Chartboost_Native"},"showTemplate":1,"s2s_tracking_url":"google.com","activeCreativeID":"4688","scenes":["27","1","2","3","4","5","6","7","8","9","10","11","12","13","14","15","21","24"],"campaignAdType":"Native","title":"Native second updated","subTitle":"Native second ","description":"Native second details","adClickThroughText":"Native second "},{"campaignID":"9263","attribution":0,"priority":"8","appToPromote":{"appToPromoteID":"12315","usesDefaultFrameImage":"0","usesDefaultCloseImage":"0","marketURL":"google.com","packageID":"com.qabrand.plnative"},"showTemplate":1,"s2s_tracking_url":"google.com","activeCreativeID":"4694","scenes":["27","1","2","3","4","5","6","7","8","9","10","11","12","13","14","15","21","24"],"campaignAdType":"Native","title":"test","subTitle":"test","description":" test details update","adClickThroughText":"test"},{"campaignID":"9125","attribution":0,"priority":"8","appToPromote":{"appToPromoteID":"17526","usesDefaultFrameImage":"0","usesDefaultCloseImage":"0","marketURL":"https:\/\/play.google.com\/store\/apps\/details?id=kr.co.richnco.goodrich","packageID":"kr.co.richnco.goodrich"},"showTemplate":1,"s2s_tracking_url":"https:\/\/tha.gotrackier.com\/click?campaign_id=68347\\u0026pub_id=75?p1=2504_9125_8472&amp;source=6841&amp;app_name=PitStopCarMechanic&amp;gaid=8472","activeCreativeID":"4477","scenes":["27","1","2","3","4","5","6","7","8","9","10","11","12","13","14","15","21","24"],"campaignAdType":"Icon"},{"campaignID":"9127","attribution":0,"priority":"8","appToPromote":{"appToPromoteID":"17528","usesDefaultFrameImage":"0","usesDefaultCloseImage":"0","marketURL":"https:\/\/play.google.com\/store\/apps\/details?id=net.one97.paytm","packageID":"net.one97.paytm"},"showTemplate":1,"s2s_tracking_url":"https:\/\/tha.gotrackier.com\/click?campaign_id=63249\\u0026pub_id=75?p1=2504_9127_8472&amp;source=6841&amp;app_name=PitStopCarMechanic&amp;gaid=8472","activeCreativeID":"4788","scenes":["27","1","2","3","4","5","6","7","8","9","10","11","12","13","14","15","21","24"],"campaignAdType":"Native","title":"BCA","subTitle":"FW","description":"nope","adClickThroughText":"Link"},{"campaignID":"9131","attribution":0,"priority":"8","appToPromote":{"appToPromoteID":"17532","usesDefaultFrameImage":"0","usesDefaultCloseImage":"0","marketURL":"https:\/\/play.google.com\/store\/apps\/details?id=com.dhgate.buyermob","packageID":"com.dhgate.buyermob"},"showTemplate":1,"s2s_tracking_url":"https:\/\/tha.gotrackier.com\/click?campaign_id=63254\\u0026pub_id=75?p1=2504_9131_8472&amp;source=6841&amp;app_name=PitStopCarMechanic&amp;gaid=8472","activeCreativeID":"4483","scenes":["27","1","2","3","4","5","6","7","8","9","10","11","12","13","14","15","21","24"],"campaignAdType":"Interstitial"},{"campaignID":"561","attribution":0,"priority":"6","appToPromote":{"appToPromoteID":"5026","usesDefaultFrameImage":"0","usesDefaultCloseImage":"0","marketURL":"https:\/\/play.google.com\/store\/apps\/details?id=com.as.cashupapp","packageID":"com.as.cashupapp"},"showTemplate":1,"s2s_tracking_url":"https:\/\/play.google.com\/store\/apps\/details?id=com.as.cashupapp","activeCreativeID":"652","scenes":["27","1","2","3","4","5","6","7","8","9","10","11","12","13","14","15","21","24"],"campaignAdType":"Interstitial"},{"campaignID":"570","attribution":0,"priority":"6","appToPromote":{"appToPromoteID":"3802","usesDefaultFrameImage":"0","usesDefaultCloseImage":"0","marketURL":"https:\/\/play.google.com\/store\/apps\/details?id=com.Madxstudios.Flickshootsoccer","packageID":"com.Madxstudios.Flickshootsoccer"},"showTemplate":1,"s2s_tracking_url":"https:\/\/play.google.com\/store\/apps\/details?id=com.Madxstudios.Flickshootsoccer","activeCreativeID":"661","scenes":["27","1","2","3","4","5","6","7","8","9","10","11","12","13","14","15","21","24"],"campaignAdType":"Interstitial"},{"campaignID":"588","attribution":0,"priority":"6","appToPromote":{"appToPromoteID":"5026","usesDefaultFrameImage":"0","usesDefaultCloseImage":"0","marketURL":"https:\/\/play.google.com\/store\/apps\/details?id=com.as.cashupapp","packageID":"com.as.cashupapp"},"showTemplate":1,"s2s_tracking_url":"https:\/\/play.google.com\/store\/apps\/details?id=com.as.cashupapp","activeCreativeID":"652","scenes":["27","1","2","3","4","5","6","7","8","9","10","11","12","13","14","15","21","24"],"campaignAdType":"Interstitial"},{"campaignID":"557","attribution":0,"priority":"4","appToPromote":{"appToPromoteID":"4959","usesDefaultFrameImage":"0","usesDefaultCloseImage":"0","marketURL":"https:\/\/play.google.com\/store\/apps\/details?id=com.jet.plane.surfers.joyride.dash","packageID":"com.jet.plane.surfers.joyride.dash"},"showTemplate":1,"s2s_tracking_url":"https:\/\/play.google.com\/store\/apps\/details?id=com.jet.plane.surfers.joyride.dash","activeCreativeID":"645","scenes":["27","1","2","3","4","5","6","7","8","9","10","11","12","13","14","15","21","24"],"campaignAdType":"Interstitial"},{"campaignID":"559","attribution":0,"priority":"3","appToPromote":{"appToPromoteID":"3476","usesDefaultFrameImage":"0","usesDefaultCloseImage":"0","marketURL":"https:\/\/play.google.com\/store\/apps\/details?id=com.perspectivegames.real.impossible.tracks.stunts","packageID":"com.perspectivegames.real.impossible.tracks.stunts"},"showTemplate":1,"s2s_tracking_url":"https:\/\/play.google.com\/store\/apps\/details?id=com.perspectivegames.real.impossible.tracks.stunts","activeCreativeID":"649","scenes":["27","1","2","3","4","5","6","7","8","9","10","11","12","13","14","15","21","24"],"campaignAdType":"Interstitial"},{"campaignID":"741","attribution":0,"priority":"3","appToPromote":{"appToPromoteID":"5609","usesDefaultFrameImage":"0","usesDefaultCloseImage":"0","marketURL":"https:\/\/play.google.com\/store\/apps\/details?id=com.kick.gyroscopic.city.train.driver.simulator","packageID":"com.kick.gyroscopic.city.train.driver.simulator"},"showTemplate":1,"s2s_tracking_url":"https:\/\/play.google.com\/store\/apps\/details?id=com.kick.gyroscopic.city.train.driver.simulator","activeCreativeID":"753","scenes":["27","1","2","3","4","5","6","7","8","9","10","11","12","13","14","15","21","24"],"campaignAdType":"Interstitial"},{"campaignID":"798","attribution":0,"priority":"3","appToPromote":{"appToPromoteID":"5770","usesDefaultFrameImage":"0","usesDefaultCloseImage":"0","marketURL":"https:\/\/play.google.com\/store\/apps\/details?id=com.simulatorgames3d.alohacelebrations","packageID":"com.simulatorgames3d.alohacelebrations"},"showTemplate":1,"s2s_tracking_url":"https:\/\/play.google.com\/store\/apps\/details?id=com.simulatorgames3d.alohacelebrations","activeCreativeID":"787","scenes":["27","1","2","3","4","5","6","7","8","9","10","11","12","13","14","15","21","24"],"campaignAdType":"Interstitial"},{"campaignID":"8762","attribution":0,"priority":"2","appToPromote":{"appToPromoteID":"13265","usesDefaultFrameImage":"0","usesDefaultCloseImage":"0","marketURL":"https:\/\/play.google.com\/store\/apps\/details?id=com.rhg.tricky.bike.stunt.moto.master","packageID":"com.rhg.tricky.bike.stunt.moto.master"},"showTemplate":1,"s2s_tracking_url":"https:\/\/play.google.com\/store\/apps\/details?id=com.rhg.tricky.bike.stunt.moto.master","activeCreativeID":"4121","scenes":["27","1","2","3","4","5","6","7","8","9","10","11","12","13","14","15","21","24"],"campaignAdType":"Rewarded Video"},{"campaignID":"9366","attribution":0,"priority":"2","appToPromote":{"appToPromoteID":"17602","usesDefaultFrameImage":"0","usesDefaultCloseImage":"0","marketURL":"https:\/\/play.google.com\/store\/apps\/details?id=com.abaenglish.videoclass&amp;referrer=utm_source=42matters.com&amp;utm_medium=api","packageID":"com.abaenglish.videoclass"},"showTemplate":1,"s2s_tracking_url":"https:\/\/play.google.com\/store\/apps\/details?id=com.abaenglish.videoclass&amp;referrer=utm_source=42matters.com&amp;utm_medium=api","activeCreativeID":"4815","scenes":["27","1","2","3","4","5","6","7","8","9","10","11","12","13","14","15","21","24"],"campaignAdType":"Interstitial"},{"campaignID":"602","attribution":0,"priority":"2","appToPromote":{"appToPromoteID":"5444","usesDefaultFrameImage":"0","usesDefaultCloseImage":"0","marketURL":"https:\/\/play.google.com\/store\/apps\/details?id=com.simulatorgame3d.impossibleairtracks","packageID":"com.simulatorgame3d.impossibleairtracks"},"showTemplate":1,"s2s_tracking_url":"https:\/\/play.google.com\/store\/apps\/details?id=com.simulatorgame3d.impossibleairtracks","activeCreativeID":"700","scenes":["27","1","2","3","4","5","6","7","8","9","10","11","12","13","14","15","21","24"],"campaignAdType":"Interstitial"}],"refreshAdRate":0,"mode":"Production","aspectRatio":"4_3","cdnPath":"https:\/\/df8ymybeo92md.cloudfront.net\/images\/","sentry_log":0,"local_logging":0,"sentry_dsn":"https:\/\/93ffa1c9a4124f67b8888a53265f751a:bbf998e04584477fa9a145838e9d3b26@sentry.io\/168994","sentry_initialization":1,"sentry_debugging":0,"bannerSizes":["1"],"aspectRatioVideo":"16_9","app_id":"2504","showPreRewardedDialogue":0,"showPostRewardedDialogue":0,"rewardCurrency":"coins","rewardValue":0,"isSkipable":0,"privacyPolicyURL":"https:\/\/www.consoliads.com\/privacy-policy\/","sessionToken":"HmlzTsHebgAGwTuFX9Vm4TBIGJkmu+fZnSABP8UGpJ+LDgpN7kAE9H35UNFt5rDUj0g\/AK81iRr+8ddskm5zqX5L7zmf79ITM\/Y4MdAyYDQhM+2uQfBTjlx+oirRZIjtYJbc3HTFhU35tVNsrghk0Rsf6fKG8FDB5dWYbqHsf3Q="}
Session token value is set


{"appKey":"9bfb78f6a7b11d99e8e05f5d9ad5562d","deviceID":"9060","stats":[{"campaignID":204,"packageID":"com.whitesand.pit.stop.car.mechanic","sceneStats":[{"sceneID":"23","eventStats":"390,290,190,90,90,0,0"}]}],"sdkVersion":"2286","sessionToken":"HmlzTsHebgAGwTuFX9Vm4TBIGJkmu+fZnSABP8UGpJ+LDgpN7kAE9H35UNFt5rDUj0g\/AK81iRr+8ddskm5zqX5L7zmf79ITM\/Y4MdAyYDQhM+2uQfBTjlx+oirRZIjtYJbc3HTFhU35tVNsrghk0Rsf6fKG8FDB5dWYbqHsf3Q="}
cache_ttl value is correct

Title value is correct

Title value is correct

Title value is correct

Title value is correct

Title value is correct

Title value is correct

Refresh Ad Rate value is correct
mode value is set

 Aspect ratio value is correct
sentry_log value is set
local_logging value is set
sentry_initialization value is set
sentry_debugging value is set
showPreRewardedDialogue value is set
showPostRewardedDialogue value is set
isSkipable value is set
{"cache_ttl":10080,"cache_ttl_rewarded":10080,"cache_ttl_banner":10080,"cache_ttl_native":10080,"cache_ttl_icon":10080,"campaigns":[{"campaignID":"120","attribution":0,"priority":"5","appToPromote":{"appToPromoteID":"1997","usesDefaultFrameImage":"0","usesDefaultCloseImage":"0","marketURL":"https:\/\/play.google.com\/store\/apps\/details?id=com.appricot2d.anna.coloring.book","packageID":"com.appricot2d.anna.coloring.book"},"showTemplate":1,"s2s_tracking_url":"https:\/\/play.google.com\/store\/apps\/details?id=com.appricot2d.anna.coloring.book","activeCreativeID":"152","scenes":["27","1","2","3","4","5","6","7","8","9","10","11","12","13","14","15","21","24"],"campaignAdType":"Interstitial"},{"campaignID":"120","attribution":0,"priority":"5","appToPromote":{"appToPromoteID":"1997","usesDefaultFrameImage":"0","usesDefaultCloseImage":"0","marketURL":"https:\/\/play.google.com\/store\/apps\/details?id=com.appricot2d.anna.coloring.book","packageID":"com.appricot2d.anna.coloring.book"},"showTemplate":1,"s2s_tracking_url":"https:\/\/play.google.com\/store\/apps\/details?id=com.appricot2d.anna.coloring.book","activeCreativeID":"152","scenes":["27","1","2","3","4","5","6","7","8","9","10","11","12","13","14","15","21","24"],"campaignAdType":"Interstitial"},{"campaignID":"120","attribution":0,"priority":"5","appToPromote":{"appToPromoteID":"1997","usesDefaultFrameImage":"0","usesDefaultCloseImage":"0","marketURL":"https:\/\/play.google.com\/store\/apps\/details?id=com.appricot2d.anna.coloring.book","packageID":"com.appricot2d.anna.coloring.book"},"showTemplate":1,"s2s_tracking_url":"https:\/\/play.google.com\/store\/apps\/details?id=com.appricot2d.anna.coloring.book","activeCreativeID":"152","scenes":["27","1","2","3","4","5","6","7","8","9","10","11","12","13","14","15","21","24"],"campaignAdType":"Interstitial"},{"campaignID":"105","attribution":0,"priority":"4","appToPromote":{"appToPromoteID":"1933","usesDefaultFrameImage":"0","usesDefaultCloseImage":"0","marketURL":"https:\/\/play.google.com\/store\/apps\/details?id=com.appricot2d.kids.pony.coloring","packageID":"com.appricot2d.kids.pony.coloring"},"showTemplate":1,"s2s_tracking_url":"https:\/\/play.google.com\/store\/apps\/details?id=com.appricot2d.kids.pony.coloring","activeCreativeID":"132","scenes":["27","1","2","3","4","5","6","7","8","9","10","11","12","13","14","15","21","24"],"campaignAdType":"Interstitial"},{"campaignID":"105","attribution":0,"priority":"4","appToPromote":{"appToPromoteID":"1933","usesDefaultFrameImage":"0","usesDefaultCloseImage":"0","marketURL":"https:\/\/play.google.com\/store\/apps\/details?id=com.appricot2d.kids.pony.coloring","packageID":"com.appricot2d.kids.pony.coloring"},"showTemplate":1,"s2s_tracking_url":"https:\/\/play.google.com\/store\/apps\/details?id=com.appricot2d.kids.pony.coloring","activeCreativeID":"132","scenes":["27","1","2","3","4","5","6","7","8","9","10","11","12","13","14","15","21","24"],"campaignAdType":"Interstitial"},{"campaignID":"105","attribution":0,"priority":"4","appToPromote":{"appToPromoteID":"1933","usesDefaultFrameImage":"0","usesDefaultCloseImage":"0","marketURL":"https:\/\/play.google.com\/store\/apps\/details?id=com.appricot2d.kids.pony.coloring","packageID":"com.appricot2d.kids.pony.coloring"},"showTemplate":1,"s2s_tracking_url":"https:\/\/play.google.com\/store\/apps\/details?id=com.appricot2d.kids.pony.coloring","activeCreativeID":"132","scenes":["27","1","2","3","4","5","6","7","8","9","10","11","12","13","14","15","21","24"],"campaignAdType":"Interstitial"},{"campaignID":"8226","attribution":0,"priority":"8","appToPromote":{"appToPromoteID":"12623","usesDefaultFrameImage":"0","usesDefaultCloseImage":"0","marketURL":"https:\/\/play.google.com\/store\/apps\/details?id=com.igg.android.lordsmobile&amp;referrer=utm_source=42matters.com&amp;utm_medium=api","packageID":"com.nooribrand.android.lordsmobile"},"showTemplate":1,"s2s_tracking_url":"https:\/\/play.google.com\/store\/apps\/details?id=com.igg.android.lordsmobile&amp;referrer=utm_source=42matters.com&amp;utm_medium=api","activeCreativeID":"3557","scenes":["27","1","2","3","4","5","6","7","8","9","10","11","12","13","14","15","21","24"],"campaignAdType":"Icon"},{"campaignID":"8613","attribution":0,"priority":"8","appToPromote":{"appToPromoteID":"12623","usesDefaultFrameImage":"0","usesDefaultCloseImage":"0","marketURL":"https:\/\/play.google.com\/store\/apps\/details?id=com.igg.android.lordsmobile&amp;referrer=utm_source=42matters.com&amp;utm_medium=api","packageID":"com.nooribrand.android.lordsmobile"},"showTemplate":1,"s2s_tracking_url":"https:\/\/play.google.com\/store\/apps\/details?id=com.igg.android.lordsmobile&amp;referrer=utm_source=42matters.com&amp;utm_medium=api","activeCreativeID":"3557","scenes":["27","1","2","3","4","5","6","7","8","9","10","11","12","13","14","15","21","24"],"campaignAdType":"Icon"},{"campaignID":"9252","attribution":0,"priority":"8","appToPromote":{"appToPromoteID":"12315","usesDefaultFrameImage":"0","usesDefaultCloseImage":"0","marketURL":"google.com","packageID":"com.qabrand.plnative"},"showTemplate":1,"s2s_tracking_url":"google.com","activeCreativeID":"4683","scenes":["27","1","2","3","4","5","6","7","8","9","10","11","12","13","14","15","21","24"],"campaignAdType":"Native","title":"Native first","subTitle":"First ","description":"New description","adClickThroughText":"FIRST Button"},{"campaignID":"9253","attribution":0,"priority":"8","appToPromote":{"appToPromoteID":"12315","usesDefaultFrameImage":"0","usesDefaultCloseImage":"0","marketURL":"google.com","packageID":"com.qabrand.plnative"},"showTemplate":1,"s2s_tracking_url":"google.com","activeCreativeID":"4683","scenes":["27","1","2","3","4","5","6","7","8","9","10","11","12","13","14","15","21","24"],"campaignAdType":"Native","title":"Native first","subTitle":"First ","description":"New description","adClickThroughText":"FIRST Button"},{"campaignID":"9255","attribution":0,"priority":"8","appToPromote":{"appToPromoteID":"13274","usesDefaultFrameImage":"0","usesDefaultCloseImage":"0","marketURL":"https:\/\/play.google.com\/store\/apps\/details?id=com.facebook.katana","packageID":"com.salon.adsalon"},"showTemplate":1,"s2s_tracking_url":"https:\/\/play.google.com\/store\/apps\/details?id=com.facebook.katana","activeCreativeID":"4685","scenes":["27","1","2","3","4","5","6","7","8","9","10","11","12","13","14","15","21","24"],"campaignAdType":"Native","title":"native NA ","subTitle":"native NA ","description":"native NA added","adClickThroughText":"native NA "},{"campaignID":"9257","attribution":0,"priority":"8","appToPromote":{"appToPromoteID":"12286","usesDefaultFrameImage":"0","usesDefaultCloseImage":"0","marketURL":"google.com","packageID":"com.qabrand.Chartboost_Native"},"showTemplate":1,"s2s_tracking_url":"google.com","activeCreativeID":"4688","scenes":["27","1","2","3","4","5","6","7","8","9","10","11","12","13","14","15","21","24"],"campaignAdType":"Native","title":"Native second updated","subTitle":"Native second ","description":"Native second details","adClickThroughText":"Native second "},{"campaignID":"9263","attribution":0,"priority":"8","appToPromote":{"appToPromoteID":"12315","usesDefaultFrameImage":"0","usesDefaultCloseImage":"0","marketURL":"google.com","packageID":"com.qabrand.plnative"},"showTemplate":1,"s2s_tracking_url":"google.com","activeCreativeID":"4694","scenes":["27","1","2","3","4","5","6","7","8","9","10","11","12","13","14","15","21","24"],"campaignAdType":"Native","title":"test","subTitle":"test","description":" test details update","adClickThroughText":"test"},{"campaignID":"9125","attribution":0,"priority":"8","appToPromote":{"appToPromoteID":"17526","usesDefaultFrameImage":"0","usesDefaultCloseImage":"0","marketURL":"https:\/\/play.google.com\/store\/apps\/details?id=kr.co.richnco.goodrich","packageID":"kr.co.richnco.goodrich"},"showTemplate":1,"s2s_tracking_url":"https:\/\/tha.gotrackier.com\/click?campaign_id=68347\\u0026pub_id=75?p1=2504_9125_9060&amp;source=6841&amp;app_name=PitStopCarMechanic&amp;gaid=9060","activeCreativeID":"4477","scenes":["27","1","2","3","4","5","6","7","8","9","10","11","12","13","14","15","21","24"],"campaignAdType":"Icon"},{"campaignID":"9127","attribution":0,"priority":"8","appToPromote":{"appToPromoteID":"17528","usesDefaultFrameImage":"0","usesDefaultCloseImage":"0","marketURL":"https:\/\/play.google.com\/store\/apps\/details?id=net.one97.paytm","packageID":"net.one97.paytm"},"showTemplate":1,"s2s_tracking_url":"https:\/\/tha.gotrackier.com\/click?campaign_id=63249\\u0026pub_id=75?p1=2504_9127_9060&amp;source=6841&amp;app_name=PitStopCarMechanic&amp;gaid=9060","activeCreativeID":"4788","scenes":["27","1","2","3","4","5","6","7","8","9","10","11","12","13","14","15","21","24"],"campaignAdType":"Native","title":"BCA","subTitle":"FW","description":"nope","adClickThroughText":"Link"},{"campaignID":"9131","attribution":0,"priority":"8","appToPromote":{"appToPromoteID":"17532","usesDefaultFrameImage":"0","usesDefaultCloseImage":"0","marketURL":"https:\/\/play.google.com\/store\/apps\/details?id=com.dhgate.buyermob","packageID":"com.dhgate.buyermob"},"showTemplate":1,"s2s_tracking_url":"https:\/\/tha.gotrackier.com\/click?campaign_id=63254\\u0026pub_id=75?p1=2504_9131_9060&amp;source=6841&amp;app_name=PitStopCarMechanic&amp;gaid=9060","activeCreativeID":"4483","scenes":["27","1","2","3","4","5","6","7","8","9","10","11","12","13","14","15","21","24"],"campaignAdType":"Interstitial"},{"campaignID":"561","attribution":0,"priority":"6","appToPromote":{"appToPromoteID":"5026","usesDefaultFrameImage":"0","usesDefaultCloseImage":"0","marketURL":"https:\/\/play.google.com\/store\/apps\/details?id=com.as.cashupapp","packageID":"com.as.cashupapp"},"showTemplate":1,"s2s_tracking_url":"https:\/\/play.google.com\/store\/apps\/details?id=com.as.cashupapp","activeCreativeID":"652","scenes":["27","1","2","3","4","5","6","7","8","9","10","11","12","13","14","15","21","24"],"campaignAdType":"Interstitial"},{"campaignID":"570","attribution":0,"priority":"6","appToPromote":{"appToPromoteID":"3802","usesDefaultFrameImage":"0","usesDefaultCloseImage":"0","marketURL":"https:\/\/play.google.com\/store\/apps\/details?id=com.Madxstudios.Flickshootsoccer","packageID":"com.Madxstudios.Flickshootsoccer"},"showTemplate":1,"s2s_tracking_url":"https:\/\/play.google.com\/store\/apps\/details?id=com.Madxstudios.Flickshootsoccer","activeCreativeID":"661","scenes":["27","1","2","3","4","5","6","7","8","9","10","11","12","13","14","15","21","24"],"campaignAdType":"Interstitial"},{"campaignID":"588","attribution":0,"priority":"6","appToPromote":{"appToPromoteID":"5026","usesDefaultFrameImage":"0","usesDefaultCloseImage":"0","marketURL":"https:\/\/play.google.com\/store\/apps\/details?id=com.as.cashupapp","packageID":"com.as.cashupapp"},"showTemplate":1,"s2s_tracking_url":"https:\/\/play.google.com\/store\/apps\/details?id=com.as.cashupapp","activeCreativeID":"652","scenes":["27","1","2","3","4","5","6","7","8","9","10","11","12","13","14","15","21","24"],"campaignAdType":"Interstitial"},{"campaignID":"557","attribution":0,"priority":"4","appToPromote":{"appToPromoteID":"4959","usesDefaultFrameImage":"0","usesDefaultCloseImage":"0","marketURL":"https:\/\/play.google.com\/store\/apps\/details?id=com.jet.plane.surfers.joyride.dash","packageID":"com.jet.plane.surfers.joyride.dash"},"showTemplate":1,"s2s_tracking_url":"https:\/\/play.google.com\/store\/apps\/details?id=com.jet.plane.surfers.joyride.dash","activeCreativeID":"645","scenes":["27","1","2","3","4","5","6","7","8","9","10","11","12","13","14","15","21","24"],"campaignAdType":"Interstitial"},{"campaignID":"559","attribution":0,"priority":"3","appToPromote":{"appToPromoteID":"3476","usesDefaultFrameImage":"0","usesDefaultCloseImage":"0","marketURL":"https:\/\/play.google.com\/store\/apps\/details?id=com.perspectivegames.real.impossible.tracks.stunts","packageID":"com.perspectivegames.real.impossible.tracks.stunts"},"showTemplate":1,"s2s_tracking_url":"https:\/\/play.google.com\/store\/apps\/details?id=com.perspectivegames.real.impossible.tracks.stunts","activeCreativeID":"649","scenes":["27","1","2","3","4","5","6","7","8","9","10","11","12","13","14","15","21","24"],"campaignAdType":"Interstitial"},{"campaignID":"741","attribution":0,"priority":"3","appToPromote":{"appToPromoteID":"5609","usesDefaultFrameImage":"0","usesDefaultCloseImage":"0","marketURL":"https:\/\/play.google.com\/store\/apps\/details?id=com.kick.gyroscopic.city.train.driver.simulator","packageID":"com.kick.gyroscopic.city.train.driver.simulator"},"showTemplate":1,"s2s_tracking_url":"https:\/\/play.google.com\/store\/apps\/details?id=com.kick.gyroscopic.city.train.driver.simulator","activeCreativeID":"753","scenes":["27","1","2","3","4","5","6","7","8","9","10","11","12","13","14","15","21","24"],"campaignAdType":"Interstitial"},{"campaignID":"798","attribution":0,"priority":"3","appToPromote":{"appToPromoteID":"5770","usesDefaultFrameImage":"0","usesDefaultCloseImage":"0","marketURL":"https:\/\/play.google.com\/store\/apps\/details?id=com.simulatorgames3d.alohacelebrations","packageID":"com.simulatorgames3d.alohacelebrations"},"showTemplate":1,"s2s_tracking_url":"https:\/\/play.google.com\/store\/apps\/details?id=com.simulatorgames3d.alohacelebrations","activeCreativeID":"787","scenes":["27","1","2","3","4","5","6","7","8","9","10","11","12","13","14","15","21","24"],"campaignAdType":"Interstitial"},{"campaignID":"8762","attribution":0,"priority":"2","appToPromote":{"appToPromoteID":"13265","usesDefaultFrameImage":"0","usesDefaultCloseImage":"0","marketURL":"https:\/\/play.google.com\/store\/apps\/details?id=com.rhg.tricky.bike.stunt.moto.master","packageID":"com.rhg.tricky.bike.stunt.moto.master"},"showTemplate":1,"s2s_tracking_url":"https:\/\/play.google.com\/store\/apps\/details?id=com.rhg.tricky.bike.stunt.moto.master","activeCreativeID":"4121","scenes":["27","1","2","3","4","5","6","7","8","9","10","11","12","13","14","15","21","24"],"campaignAdType":"Rewarded Video"},{"campaignID":"9366","attribution":0,"priority":"2","appToPromote":{"appToPromoteID":"17602","usesDefaultFrameImage":"0","usesDefaultCloseImage":"0","marketURL":"https:\/\/play.google.com\/store\/apps\/details?id=com.abaenglish.videoclass&amp;referrer=utm_source=42matters.com&amp;utm_medium=api","packageID":"com.abaenglish.videoclass"},"showTemplate":1,"s2s_tracking_url":"https:\/\/play.google.com\/store\/apps\/details?id=com.abaenglish.videoclass&amp;referrer=utm_source=42matters.com&amp;utm_medium=api","activeCreativeID":"4815","scenes":["27","1","2","3","4","5","6","7","8","9","10","11","12","13","14","15","21","24"],"campaignAdType":"Interstitial"},{"campaignID":"602","attribution":0,"priority":"2","appToPromote":{"appToPromoteID":"5444","usesDefaultFrameImage":"0","usesDefaultCloseImage":"0","marketURL":"https:\/\/play.google.com\/store\/apps\/details?id=com.simulatorgame3d.impossibleairtracks","packageID":"com.simulatorgame3d.impossibleairtracks"},"showTemplate":1,"s2s_tracking_url":"https:\/\/play.google.com\/store\/apps\/details?id=com.simulatorgame3d.impossibleairtracks","activeCreativeID":"700","scenes":["27","1","2","3","4","5","6","7","8","9","10","11","12","13","14","15","21","24"],"campaignAdType":"Interstitial"}],"refreshAdRate":0,"mode":"Production","aspectRatio":"4_3","cdnPath":"https:\/\/df8ymybeo92md.cloudfront.net\/images\/","sentry_log":0,"local_logging":0,"sentry_dsn":"https:\/\/93ffa1c9a4124f67b8888a53265f751a:bbf998e04584477fa9a145838e9d3b26@sentry.io\/168994","sentry_initialization":1,"sentry_debugging":0,"bannerSizes":["1"],"aspectRatioVideo":"16_9","app_id":"2504","showPreRewardedDialogue":0,"showPostRewardedDialogue":0,"rewardCurrency":"coins","rewardValue":0,"isSkipable":0,"privacyPolicyURL":"https:\/\/www.consoliads.com\/privacy-policy\/","sessionToken":"6NFj0A8f88Wx\/wOVd5tOTj2NKbgO22ZE8cx5JUb3968VPODs9fIUm0Z9\/apTJyV5jQhFY\/zwYqFAL5Yrrd3XoYgDr70QA2ym8PFwwfMgGBR53jre60U69B93IaMgNyGwduoS5OMI2beR9Y\/25Fk\/TIP08kpBQn+cui4kkcZMBpQ="}
Session token value is set


{"appKey":"c9ff7b63c2c44f80f0a4aaef6737794f","deviceID":"2572","stats":[{"campaignID":207,"packageID":"com.gss.army.commando.survivalisland","sceneStats":[{"sceneID":"7","eventStats":"326,226,126,26,26,0,0"}]}],"sdkVersion":"39","sessionToken":"6NFj0A8f88Wx\/wOVd5tOTj2NKbgO22ZE8cx5JUb3968VPODs9fIUm0Z9\/apTJyV5jQhFY\/zwYqFAL5Yrrd3XoYgDr70QA2ym8PFwwfMgGBR53jre60U69B93IaMgNyGwduoS5OMI2beR9Y\/25Fk\/TIP08kpBQn+cui4kkcZMBpQ="}
cache_ttl value is correct

Refresh Ad Rate value is correct
mode value is set

 Aspect ratio value is correct
sentry_log value is set
local_logging value is set
sentry_initialization value is set
sentry_debugging value is set
showPreRewardedDialogue value is set
showPostRewardedDialogue value is set
isSkipable value is set
{"cache_ttl":10080,"cache_ttl_rewarded":10080,"cache_ttl_banner":10080,"cache_ttl_native":10080,"cache_ttl_icon":10080,"campaigns":[{"campaignID":"9384","attribution":0,"priority":"5","appToPromote":{"appToPromoteID":"13185","usesDefaultFrameImage":"0","usesDefaultCloseImage":"0","marketURL":"https:\/\/play.google.com\/store\/apps\/details?id=com.gamesarena.flying.bike.tricks.stunts&amp;referrer=utm_source=42matters.com&amp;utm_medium=api","packageID":"com.gamesarena.flying.bike.tricks.stunts"},"showTemplate":1,"s2s_tracking_url":"https:\/\/play.google.com\/store\/apps\/details?id=com.gamesarena.flying.bike.tricks.stunts&amp;referrer=utm_source=42matters.com&amp;utm_medium=api","activeCreativeID":"4829","scenes":["12","1","8","6","15","2"],"campaignAdType":"Interstitial"},{"campaignID":"9386","attribution":0,"priority":"5","appToPromote":{"appToPromoteID":"17764","usesDefaultFrameImage":"0","usesDefaultCloseImage":"0","marketURL":"https:\/\/play.google.com\/store\/apps\/details?id=com.visiblebody.atlas&amp;referrer=utm_source=42matters.com&amp;utm_medium=api","packageID":"com.gamesarena..test6324"},"showTemplate":1,"s2s_tracking_url":"https:\/\/play.google.com\/store\/apps\/details?id=com.visiblebody.atlas&amp;referrer=utm_source=42matters.com&amp;utm_medium=api","activeCreativeID":"4828","scenes":["12","1","8","6","15","2"],"campaignAdType":"Interstitial"},{"campaignID":"9389","attribution":0,"priority":"5","appToPromote":{"appToPromoteID":"13185","usesDefaultFrameImage":"0","usesDefaultCloseImage":"0","marketURL":"https:\/\/play.google.com\/store\/apps\/details?id=com.gamesarena.flying.bike.tricks.stunts&amp;referrer=utm_source=42matters.com&amp;utm_medium=api","packageID":"com.gamesarena.flying.bike.tricks.stunts"},"showTemplate":1,"s2s_tracking_url":"https:\/\/play.google.com\/store\/apps\/details?id=com.gamesarena.flying.bike.tricks.stunts&amp;referrer=utm_source=42matters.com&amp;utm_medium=api","activeCreativeID":"4829","scenes":["12","1","8","6","15","2"],"campaignAdType":"Interstitial"},{"campaignID":"9390","attribution":0,"priority":"5","appToPromote":{"appToPromoteID":"17764","usesDefaultFrameImage":"0","usesDefaultCloseImage":"0","marketURL":"https:\/\/play.google.com\/store\/apps\/details?id=com.visiblebody.atlas&amp;referrer=utm_source=42matters.com&amp;utm_medium=api","packageID":"com.gamesarena..test6324"},"showTemplate":1,"s2s_tracking_url":"https:\/\/play.google.com\/store\/apps\/details?id=com.visiblebody.atlas&amp;referrer=utm_source=42matters.com&amp;utm_medium=api","activeCreativeID":"4828","scenes":["12","1","8","6","15","2"],"campaignAdType":"Interstitial"},{"campaignID":"9249","attribution_link":"https:\/\/app.appsflyer.com\/com.lgn.gun.strike.war.train.shooting.games?pid=consoliads_int&amp;af_click_lookback=7d&amp;clickid=2450_9249_2572&amp;android_id={android_id}&amp;sha1_android_id={sha1_android_id}&amp;advertising_id=2572&amp;sha1_advertising_id=e762887f6f159deabbc30407bdac1f3cd8ba5634&amp;af_keywords=2","attribution":1,"priority":"8","appToPromote":{"appToPromoteID":"13421","usesDefaultFrameImage":"0","usesDefaultCloseImage":"0","marketURL":"http:\/\/www.google.com","packageID":"com.appricot2d.testt"},"showTemplate":1,"s2s_tracking_url":"https:\/\/app.appsflyer.com\/com.lgn.gun.strike.war.train.shooting.games?pid=consoliads_int&amp;af_click_lookback=7d&amp;clickid=2450_9249_2572&amp;android_id={android_id}&amp;sha1_android_id={sha1_android_id}&amp;advertising_id=2572&amp;sha1_advertising_id=e762887f6f159deabbc30407bdac1f3cd8ba5634&amp;af_keywords=2","activeCreativeID":"4679","scenes":["12","1","8","6","15","2"],"campaignAdType":"Interstitial"},{"campaignID":"9261","attribution_link":"https:\/\/app.appsflyer.com\/com.lgn.gun.strike.war.train.shooting.games?pid=consoliads_int&amp;af_click_lookback=7d&amp;clickid=2450_9261_2572&amp;android_id={android_id}&amp;sha1_android_id={sha1_android_id}&amp;advertising_id=2572&amp;sha1_advertising_id=e762887f6f159deabbc30407bdac1f3cd8ba5634&amp;af_keywords=2","attribution":1,"priority":"8","appToPromote":{"appToPromoteID":"13421","usesDefaultFrameImage":"0","usesDefaultCloseImage":"0","marketURL":"http:\/\/www.google.com","packageID":"com.appricot2d.testt"},"showTemplate":1,"s2s_tracking_url":"https:\/\/app.appsflyer.com\/com.lgn.gun.strike.war.train.shooting.games?pid=consoliads_int&amp;af_click_lookback=7d&amp;clickid=2450_9261_2572&amp;android_id={android_id}&amp;sha1_android_id={sha1_android_id}&amp;advertising_id=2572&amp;sha1_advertising_id=e762887f6f159deabbc30407bdac1f3cd8ba5634&amp;af_keywords=2","activeCreativeID":"4692","scenes":["12","1","8","6","15","2"],"campaignAdType":"Interstitial"},{"campaignID":"9131","attribution":0,"priority":"8","appToPromote":{"appToPromoteID":"17532","usesDefaultFrameImage":"0","usesDefaultCloseImage":"0","marketURL":"https:\/\/play.google.com\/store\/apps\/details?id=com.dhgate.buyermob","packageID":"com.dhgate.buyermob"},"showTemplate":1,"s2s_tracking_url":"https:\/\/tha.gotrackier.com\/click?campaign_id=63254\\u0026pub_id=75?p1=2450_9131_2572&amp;source=6841&amp;app_name=ArmyCommandoSurvivalIsland&amp;gaid=2572","activeCreativeID":"4483","scenes":["12","1","8","6","15","2"],"campaignAdType":"Interstitial"},{"campaignID":"561","attribution":0,"priority":"6","appToPromote":{"appToPromoteID":"5026","usesDefaultFrameImage":"0","usesDefaultCloseImage":"0","marketURL":"https:\/\/play.google.com\/store\/apps\/details?id=com.as.cashupapp","packageID":"com.as.cashupapp"},"showTemplate":1,"s2s_tracking_url":"https:\/\/play.google.com\/store\/apps\/details?id=com.as.cashupapp","activeCreativeID":"652","scenes":["12","1","8","6","15","2"],"campaignAdType":"Interstitial"},{"campaignID":"570","attribution":0,"priority":"6","appToPromote":{"appToPromoteID":"3802","usesDefaultFrameImage":"0","usesDefaultCloseImage":"0","marketURL":"https:\/\/play.google.com\/store\/apps\/details?id=com.Madxstudios.Flickshootsoccer","packageID":"com.Madxstudios.Flickshootsoccer"},"showTemplate":1,"s2s_tracking_url":"https:\/\/play.google.com\/store\/apps\/details?id=com.Madxstudios.Flickshootsoccer","activeCreativeID":"661","scenes":["12","1","8","6","15","2"],"campaignAdType":"Interstitial"},{"campaignID":"588","attribution":0,"priority":"6","appToPromote":{"appToPromoteID":"5026","usesDefaultFrameImage":"0","usesDefaultCloseImage":"0","marketURL":"https:\/\/play.google.com\/store\/apps\/details?id=com.as.cashupapp","packageID":"com.as.cashupapp"},"showTemplate":1,"s2s_tracking_url":"https:\/\/play.google.com\/store\/apps\/details?id=com.as.cashupapp","activeCreativeID":"652","scenes":["12","1","8","6","15","2"],"campaignAdType":"Interstitial"},{"campaignID":"6620","attribution":0,"priority":"6","appToPromote":{"appToPromoteID":"12980","usesDefaultFrameImage":"0","usesDefaultCloseImage":"0","marketURL":"https:\/\/play.google.com\/store\/apps\/details?id=com.sx.cooking.cafe.restaurant","packageID":"com.sx.cooking.cafe.restaurant"},"showTemplate":1,"s2s_tracking_url":"https:\/\/play.google.com\/store\/apps\/details?id=com.sx.cooking.cafe.restaurant","activeCreativeID":"1702","scenes":["12","1","8","6","15","2"],"campaignAdType":"Interstitial"},{"campaignID":"8876","attribution":0,"priority":"5","appToPromote":{"appToPromoteID":"15640","usesDefaultFrameImage":"0","usesDefaultCloseImage":"0","marketURL":"https:\/\/play.google.com\/store\/apps\/details?id=com.pgz.police.bike.stunt.ramp.bike.racing.games","packageID":"com.pgz.police.bike.stunt.ramp.bike.racing.games"},"showTemplate":1,"s2s_tracking_url":"https:\/\/play.google.com\/store\/apps\/details?id=com.pgz.police.bike.stunt.ramp.bike.racing.games","activeCreativeID":"4236","scenes":["12","1","8","6","15","2"],"campaignAdType":"Interstitial"},{"campaignID":"6596","attribution":0,"priority":"5","appToPromote":{"appToPromoteID":"12980","usesDefaultFrameImage":"0","usesDefaultCloseImage":"0","marketURL":"https:\/\/play.google.com\/store\/apps\/details?id=com.sx.cooking.cafe.restaurant","packageID":"com.sx.cooking.cafe.restaurant"},"showTemplate":1,"s2s_tracking_url":"https:\/\/play.google.com\/store\/apps\/details?id=com.sx.cooking.cafe.restaurant","activeCreativeID":"1702","scenes":["12","1","8","6","15","2"],"campaignAdType":"Interstitial"}],"refreshAdRate":30,"mode":"Production","aspectRatio":"4_3","cdnPath":"https:\/\/df8ymybeo92md.cloudfront.net\/images\/","sentry_log":0,"local_logging":0,"sentry_dsn":"https:\/\/93ffa1c9a4124f67b8888a53265f751a:bbf998e04584477fa9a145838e9d3b26@sentry.io\/168994","sentry_initialization":1,"sentry_debugging":0,"bannerSizes":["5"],"aspectRatioVideo":"16_9","app_id":"2450","showPreRewardedDialogue":0,"showPostRewardedDialogue":0,"rewardCurrency":"coins","rewardValue":0,"isSkipable":0,"privacyPolicyURL":"https:\/\/www.consoliads.com\/privacy-policy\/","sessionToken":"6wbk2FVKT3WnBgqjhyfaoW9HRBRk1KPoFyfiBzi6Bw7SSM0IvvQp7v7CFcPj7tdSTaXAnxnrwgMX0MOiIQuhSOsw370tqPYfDrHv0EeA00Yq+qfsiewrvqy5ZYIxocaNBO\/FQ22sOPnMNiI5XxT4Tw6Gfdeebk2+OQw8xTx41Fk="}
Session token value is set


{"appKey":"9bfb78f6a7b11d99e8e05f5d9ad5562d","deviceID":"9463","stats":[{"campaignID":211,"packageID":"com.whitesand.pit.stop.car.mechanic","sceneStats":[{"sceneID":"24","eventStats":"394,294,194,94,94,0,0"}]}],"sdkVersion":"2286","sessionToken":"6wbk2FVKT3WnBgqjhyfaoW9HRBRk1KPoFyfiBzi6Bw7SSM0IvvQp7v7CFcPj7tdSTaXAnxnrwgMX0MOiIQuhSOsw370tqPYfDrHv0EeA00Yq+qfsiewrvqy5ZYIxocaNBO\/FQ22sOPnMNiI5XxT4Tw6Gfdeebk2+OQw8xTx41Fk="}
cache_ttl value is correct

Title value is correct

Title value is correct

Title value is correct

Title value is correct

Title value is correct

Title value is correct

Refresh Ad Rate value is correct
mode value is set

 Aspect ratio value is correct
sentry_log value is set
local_logging value is set
sentry_initialization value is set
sentry_debugging value is set
showPreRewardedDialogue value is set
showPostRewardedDialogue value is set
isSkipable value is set
{"cache_ttl":10080,"cache_ttl_rewarded":10080,"cache_ttl_banner":10080,"cache_ttl_native":10080,"cache_ttl_icon":10080,"campaigns":[{"campaignID":"120","attribution":0,"priority":"5","appToPromote":{"appToPromoteID":"1997","usesDefaultFrameImage":"0","usesDefaultCloseImage":"0","marketURL":"https:\/\/play.google.com\/store\/apps\/details?id=com.appricot2d.anna.coloring.book","packageID":"com.appricot2d.anna.coloring.book"},"showTemplate":1,"s2s_tracking_url":"https:\/\/play.google.com\/store\/apps\/details?id=com.appricot2d.anna.coloring.book","activeCreativeID":"152","scenes":["27","1","2","3","4","5","6","7","8","9","10","11","12","13","14","15","21","24"],"campaignAdType":"Interstitial"},{"campaignID":"120","attribution":0,"priority":"5","appToPromote":{"appToPromoteID":"1997","usesDefaultFrameImage":"0","usesDefaultCloseImage":"0","marketURL":"https:\/\/play.google.com\/store\/apps\/details?id=com.appricot2d.anna.coloring.book","packageID":"com.appricot2d.anna.coloring.book"},"showTemplate":1,"s2s_tracking_url":"https:\/\/play.google.com\/store\/apps\/details?id=com.appricot2d.anna.coloring.book","activeCreativeID":"152","scenes":["27","1","2","3","4","5","6","7","8","9","10","11","12","13","14","15","21","24"],"campaignAdType":"Interstitial"},{"campaignID":"120","attribution":0,"priority":"5","appToPromote":{"appToPromoteID":"1997","usesDefaultFrameImage":"0","usesDefaultCloseImage":"0","marketURL":"https:\/\/play.google.com\/store\/apps\/details?id=com.appricot2d.anna.coloring.book","packageID":"com.appricot2d.anna.coloring.book"},"showTemplate":1,"s2s_tracking_url":"https:\/\/play.google.com\/store\/apps\/details?id=com.appricot2d.anna.coloring.book","activeCreativeID":"152","scenes":["27","1","2","3","4","5","6","7","8","9","10","11","12","13","14","15","21","24"],"campaignAdType":"Interstitial"},{"campaignID":"105","attribution":0,"priority":"4","appToPromote":{"appToPromoteID":"1933","usesDefaultFrameImage":"0","usesDefaultCloseImage":"0","marketURL":"https:\/\/play.google.com\/store\/apps\/details?id=com.appricot2d.kids.pony.coloring","packageID":"com.appricot2d.kids.pony.coloring"},"showTemplate":1,"s2s_tracking_url":"https:\/\/play.google.com\/store\/apps\/details?id=com.appricot2d.kids.pony.coloring","activeCreativeID":"132","scenes":["27","1","2","3","4","5","6","7","8","9","10","11","12","13","14","15","21","24"],"campaignAdType":"Interstitial"},{"campaignID":"105","attribution":0,"priority":"4","appToPromote":{"appToPromoteID":"1933","usesDefaultFrameImage":"0","usesDefaultCloseImage":"0","marketURL":"https:\/\/play.google.com\/store\/apps\/details?id=com.appricot2d.kids.pony.coloring","packageID":"com.appricot2d.kids.pony.coloring"},"showTemplate":1,"s2s_tracking_url":"https:\/\/play.google.com\/store\/apps\/details?id=com.appricot2d.kids.pony.coloring","activeCreativeID":"132","scenes":["27","1","2","3","4","5","6","7","8","9","10","11","12","13","14","15","21","24"],"campaignAdType":"Interstitial"},{"campaignID":"105","attribution":0,"priority":"4","appToPromote":{"appToPromoteID":"1933","usesDefaultFrameImage":"0","usesDefaultCloseImage":"0","marketURL":"https:\/\/play.google.com\/store\/apps\/details?id=com.appricot2d.kids.pony.coloring","packageID":"com.appricot2d.kids.pony.coloring"},"showTemplate":1,"s2s_tracking_url":"https:\/\/play.google.com\/store\/apps\/details?id=com.appricot2d.kids.pony.coloring","activeCreativeID":"132","scenes":["27","1","2","3","4","5","6","7","8","9","10","11","12","13","14","15","21","24"],"campaignAdType":"Interstitial"},{"campaignID":"8226","attribution":0,"priority":"8","appToPromote":{"appToPromoteID":"12623","usesDefaultFrameImage":"0","usesDefaultCloseImage":"0","marketURL":"https:\/\/play.google.com\/store\/apps\/details?id=com.igg.android.lordsmobile&amp;referrer=utm_source=42matters.com&amp;utm_medium=api","packageID":"com.nooribrand.android.lordsmobile"},"showTemplate":1,"s2s_tracking_url":"https:\/\/play.google.com\/store\/apps\/details?id=com.igg.android.lordsmobile&amp;referrer=utm_source=42matters.com&amp;utm_medium=api","activeCreativeID":"3557","scenes":["27","1","2","3","4","5","6","7","8","9","10","11","12","13","14","15","21","24"],"campaignAdType":"Icon"},{"campaignID":"8613","attribution":0,"priority":"8","appToPromote":{"appToPromoteID":"12623","usesDefaultFrameImage":"0","usesDefaultCloseImage":"0","marketURL":"https:\/\/play.google.com\/store\/apps\/details?id=com.igg.android.lordsmobile&amp;referrer=utm_source=42matters.com&amp;utm_medium=api","packageID":"com.nooribrand.android.lordsmobile"},"showTemplate":1,"s2s_tracking_url":"https:\/\/play.google.com\/store\/apps\/details?id=com.igg.android.lordsmobile&amp;referrer=utm_source=42matters.com&amp;utm_medium=api","activeCreativeID":"3557","scenes":["27","1","2","3","4","5","6","7","8","9","10","11","12","13","14","15","21","24"],"campaignAdType":"Icon"},{"campaignID":"9252","attribution":0,"priority":"8","appToPromote":{"appToPromoteID":"12315","usesDefaultFrameImage":"0","usesDefaultCloseImage":"0","marketURL":"google.com","packageID":"com.qabrand.plnative"},"showTemplate":1,"s2s_tracking_url":"google.com","activeCreativeID":"4683","scenes":["27","1","2","3","4","5","6","7","8","9","10","11","12","13","14","15","21","24"],"campaignAdType":"Native","title":"Native first","subTitle":"First ","description":"New description","adClickThroughText":"FIRST Button"},{"campaignID":"9253","attribution":0,"priority":"8","appToPromote":{"appToPromoteID":"12315","usesDefaultFrameImage":"0","usesDefaultCloseImage":"0","marketURL":"google.com","packageID":"com.qabrand.plnative"},"showTemplate":1,"s2s_tracking_url":"google.com","activeCreativeID":"4683","scenes":["27","1","2","3","4","5","6","7","8","9","10","11","12","13","14","15","21","24"],"campaignAdType":"Native","title":"Native first","subTitle":"First ","description":"New description","adClickThroughText":"FIRST Button"},{"campaignID":"9255","attribution":0,"priority":"8","appToPromote":{"appToPromoteID":"13274","usesDefaultFrameImage":"0","usesDefaultCloseImage":"0","marketURL":"https:\/\/play.google.com\/store\/apps\/details?id=com.facebook.katana","packageID":"com.salon.adsalon"},"showTemplate":1,"s2s_tracking_url":"https:\/\/play.google.com\/store\/apps\/details?id=com.facebook.katana","activeCreativeID":"4685","scenes":["27","1","2","3","4","5","6","7","8","9","10","11","12","13","14","15","21","24"],"campaignAdType":"Native","title":"native NA ","subTitle":"native NA ","description":"native NA added","adClickThroughText":"native NA "},{"campaignID":"9257","attribution":0,"priority":"8","appToPromote":{"appToPromoteID":"12286","usesDefaultFrameImage":"0","usesDefaultCloseImage":"0","marketURL":"google.com","packageID":"com.qabrand.Chartboost_Native"},"showTemplate":1,"s2s_tracking_url":"google.com","activeCreativeID":"4688","scenes":["27","1","2","3","4","5","6","7","8","9","10","11","12","13","14","15","21","24"],"campaignAdType":"Native","title":"Native second updated","subTitle":"Native second ","description":"Native second details","adClickThroughText":"Native second "},{"campaignID":"9263","attribution":0,"priority":"8","appToPromote":{"appToPromoteID":"12315","usesDefaultFrameImage":"0","usesDefaultCloseImage":"0","marketURL":"google.com","packageID":"com.qabrand.plnative"},"showTemplate":1,"s2s_tracking_url":"google.com","activeCreativeID":"4694","scenes":["27","1","2","3","4","5","6","7","8","9","10","11","12","13","14","15","21","24"],"campaignAdType":"Native","title":"test","subTitle":"test","description":" test details update","adClickThroughText":"test"},{"campaignID":"9125","attribution":0,"priority":"8","appToPromote":{"appToPromoteID":"17526","usesDefaultFrameImage":"0","usesDefaultCloseImage":"0","marketURL":"https:\/\/play.google.com\/store\/apps\/details?id=kr.co.richnco.goodrich","packageID":"kr.co.richnco.goodrich"},"showTemplate":1,"s2s_tracking_url":"https:\/\/tha.gotrackier.com\/click?campaign_id=68347\\u0026pub_id=75?p1=2504_9125_9463&amp;source=6841&amp;app_name=PitStopCarMechanic&amp;gaid=9463","activeCreativeID":"4477","scenes":["27","1","2","3","4","5","6","7","8","9","10","11","12","13","14","15","21","24"],"campaignAdType":"Icon"},{"campaignID":"9127","attribution":0,"priority":"8","appToPromote":{"appToPromoteID":"17528","usesDefaultFrameImage":"0","usesDefaultCloseImage":"0","marketURL":"https:\/\/play.google.com\/store\/apps\/details?id=net.one97.paytm","packageID":"net.one97.paytm"},"showTemplate":1,"s2s_tracking_url":"https:\/\/tha.gotrackier.com\/click?campaign_id=63249\\u0026pub_id=75?p1=2504_9127_9463&amp;source=6841&amp;app_name=PitStopCarMechanic&amp;gaid=9463","activeCreativeID":"4788","scenes":["27","1","2","3","4","5","6","7","8","9","10","11","12","13","14","15","21","24"],"campaignAdType":"Native","title":"BCA","subTitle":"FW","description":"nope","adClickThroughText":"Link"},{"campaignID":"9131","attribution":0,"priority":"8","appToPromote":{"appToPromoteID":"17532","usesDefaultFrameImage":"0","usesDefaultCloseImage":"0","marketURL":"https:\/\/play.google.com\/store\/apps\/details?id=com.dhgate.buyermob","packageID":"com.dhgate.buyermob"},"showTemplate":1,"s2s_tracking_url":"https:\/\/tha.gotrackier.com\/click?campaign_id=63254\\u0026pub_id=75?p1=2504_9131_9463&amp;source=6841&amp;app_name=PitStopCarMechanic&amp;gaid=9463","activeCreativeID":"4483","scenes":["27","1","2","3","4","5","6","7","8","9","10","11","12","13","14","15","21","24"],"campaignAdType":"Interstitial"},{"campaignID":"561","attribution":0,"priority":"6","appToPromote":{"appToPromoteID":"5026","usesDefaultFrameImage":"0","usesDefaultCloseImage":"0","marketURL":"https:\/\/play.google.com\/store\/apps\/details?id=com.as.cashupapp","packageID":"com.as.cashupapp"},"showTemplate":1,"s2s_tracking_url":"https:\/\/play.google.com\/store\/apps\/details?id=com.as.cashupapp","activeCreativeID":"652","scenes":["27","1","2","3","4","5","6","7","8","9","10","11","12","13","14","15","21","24"],"campaignAdType":"Interstitial"},{"campaignID":"570","attribution":0,"priority":"6","appToPromote":{"appToPromoteID":"3802","usesDefaultFrameImage":"0","usesDefaultCloseImage":"0","marketURL":"https:\/\/play.google.com\/store\/apps\/details?id=com.Madxstudios.Flickshootsoccer","packageID":"com.Madxstudios.Flickshootsoccer"},"showTemplate":1,"s2s_tracking_url":"https:\/\/play.google.com\/store\/apps\/details?id=com.Madxstudios.Flickshootsoccer","activeCreativeID":"661","scenes":["27","1","2","3","4","5","6","7","8","9","10","11","12","13","14","15","21","24"],"campaignAdType":"Interstitial"},{"campaignID":"588","attribution":0,"priority":"6","appToPromote":{"appToPromoteID":"5026","usesDefaultFrameImage":"0","usesDefaultCloseImage":"0","marketURL":"https:\/\/play.google.com\/store\/apps\/details?id=com.as.cashupapp","packageID":"com.as.cashupapp"},"showTemplate":1,"s2s_tracking_url":"https:\/\/play.google.com\/store\/apps\/details?id=com.as.cashupapp","activeCreativeID":"652","scenes":["27","1","2","3","4","5","6","7","8","9","10","11","12","13","14","15","21","24"],"campaignAdType":"Interstitial"},{"campaignID":"557","attribution":0,"priority":"4","appToPromote":{"appToPromoteID":"4959","usesDefaultFrameImage":"0","usesDefaultCloseImage":"0","marketURL":"https:\/\/play.google.com\/store\/apps\/details?id=com.jet.plane.surfers.joyride.dash","packageID":"com.jet.plane.surfers.joyride.dash"},"showTemplate":1,"s2s_tracking_url":"https:\/\/play.google.com\/store\/apps\/details?id=com.jet.plane.surfers.joyride.dash","activeCreativeID":"645","scenes":["27","1","2","3","4","5","6","7","8","9","10","11","12","13","14","15","21","24"],"campaignAdType":"Interstitial"},{"campaignID":"559","attribution":0,"priority":"3","appToPromote":{"appToPromoteID":"3476","usesDefaultFrameImage":"0","usesDefaultCloseImage":"0","marketURL":"https:\/\/play.google.com\/store\/apps\/details?id=com.perspectivegames.real.impossible.tracks.stunts","packageID":"com.perspectivegames.real.impossible.tracks.stunts"},"showTemplate":1,"s2s_tracking_url":"https:\/\/play.google.com\/store\/apps\/details?id=com.perspectivegames.real.impossible.tracks.stunts","activeCreativeID":"649","scenes":["27","1","2","3","4","5","6","7","8","9","10","11","12","13","14","15","21","24"],"campaignAdType":"Interstitial"},{"campaignID":"741","attribution":0,"priority":"3","appToPromote":{"appToPromoteID":"5609","usesDefaultFrameImage":"0","usesDefaultCloseImage":"0","marketURL":"https:\/\/play.google.com\/store\/apps\/details?id=com.kick.gyroscopic.city.train.driver.simulator","packageID":"com.kick.gyroscopic.city.train.driver.simulator"},"showTemplate":1,"s2s_tracking_url":"https:\/\/play.google.com\/store\/apps\/details?id=com.kick.gyroscopic.city.train.driver.simulator","activeCreativeID":"753","scenes":["27","1","2","3","4","5","6","7","8","9","10","11","12","13","14","15","21","24"],"campaignAdType":"Interstitial"},{"campaignID":"798","attribution":0,"priority":"3","appToPromote":{"appToPromoteID":"5770","usesDefaultFrameImage":"0","usesDefaultCloseImage":"0","marketURL":"https:\/\/play.google.com\/store\/apps\/details?id=com.simulatorgames3d.alohacelebrations","packageID":"com.simulatorgames3d.alohacelebrations"},"showTemplate":1,"s2s_tracking_url":"https:\/\/play.google.com\/store\/apps\/details?id=com.simulatorgames3d.alohacelebrations","activeCreativeID":"787","scenes":["27","1","2","3","4","5","6","7","8","9","10","11","12","13","14","15","21","24"],"campaignAdType":"Interstitial"},{"campaignID":"8762","attribution":0,"priority":"2","appToPromote":{"appToPromoteID":"13265","usesDefaultFrameImage":"0","usesDefaultCloseImage":"0","marketURL":"https:\/\/play.google.com\/store\/apps\/details?id=com.rhg.tricky.bike.stunt.moto.master","packageID":"com.rhg.tricky.bike.stunt.moto.master"},"showTemplate":1,"s2s_tracking_url":"https:\/\/play.google.com\/store\/apps\/details?id=com.rhg.tricky.bike.stunt.moto.master","activeCreativeID":"4121","scenes":["27","1","2","3","4","5","6","7","8","9","10","11","12","13","14","15","21","24"],"campaignAdType":"Rewarded Video"},{"campaignID":"9366","attribution":0,"priority":"2","appToPromote":{"appToPromoteID":"17602","usesDefaultFrameImage":"0","usesDefaultCloseImage":"0","marketURL":"https:\/\/play.google.com\/store\/apps\/details?id=com.abaenglish.videoclass&amp;referrer=utm_source=42matters.com&amp;utm_medium=api","packageID":"com.abaenglish.videoclass"},"showTemplate":1,"s2s_tracking_url":"https:\/\/play.google.com\/store\/apps\/details?id=com.abaenglish.videoclass&amp;referrer=utm_source=42matters.com&amp;utm_medium=api","activeCreativeID":"4815","scenes":["27","1","2","3","4","5","6","7","8","9","10","11","12","13","14","15","21","24"],"campaignAdType":"Interstitial"},{"campaignID":"602","attribution":0,"priority":"2","appToPromote":{"appToPromoteID":"5444","usesDefaultFrameImage":"0","usesDefaultCloseImage":"0","marketURL":"https:\/\/play.google.com\/store\/apps\/details?id=com.simulatorgame3d.impossibleairtracks","packageID":"com.simulatorgame3d.impossibleairtracks"},"showTemplate":1,"s2s_tracking_url":"https:\/\/play.google.com\/store\/apps\/details?id=com.simulatorgame3d.impossibleairtracks","activeCreativeID":"700","scenes":["27","1","2","3","4","5","6","7","8","9","10","11","12","13","14","15","21","24"],"campaignAdType":"Interstitial"}],"refreshAdRate":0,"mode":"Production","aspectRatio":"4_3","cdnPath":"https:\/\/df8ymybeo92md.cloudfront.net\/images\/","sentry_log":0,"local_logging":0,"sentry_dsn":"https:\/\/93ffa1c9a4124f67b8888a53265f751a:bbf998e04584477fa9a145838e9d3b26@sentry.io\/168994","sentry_initialization":1,"sentry_debugging":0,"bannerSizes":["1"],"aspectRatioVideo":"16_9","app_id":"2504","showPreRewardedDialogue":0,"showPostRewardedDialogue":0,"rewardCurrency":"coins","rewardValue":0,"isSkipable":0,"privacyPolicyURL":"https:\/\/www.consoliads.com\/privacy-policy\/","sessionToken":"lYssSKx7qIFr5J3FOTfiN+xZhgnXMRSQAICWN2dSpPip1ANF5JR7eVPRAiflW2gXnfa5D20oN9QBlu4wRAy+WDVMwAAumv4ppQNjx7Jdakx9v46RI\/1A8tksU8E49PQKAH3BML6dKj\/ufRJZnAJ7A\/g2UznKdJFXFBhzsbt\/KTY="}
Session token value is set


{"appKey":"aee1c1ce85b1b8e194b01eb3f0d44b23","deviceID":"816","stats":[{"campaignID":214,"packageID":"com.gss.robot.bike.transport.truck","sceneStats":[{"sceneID":"3","eventStats":"309,209,109,9,9,0,0"}]}],"sdkVersion":"39","sessionToken":"lYssSKx7qIFr5J3FOTfiN+xZhgnXMRSQAICWN2dSpPip1ANF5JR7eVPRAiflW2gXnfa5D20oN9QBlu4wRAy+WDVMwAAumv4ppQNjx7Jdakx9v46RI\/1A8tksU8E49PQKAH3BML6dKj\/ufRJZnAJ7A\/g2UznKdJFXFBhzsbt\/KTY="}
cache_ttl value is correct

Refresh Ad Rate value is correct
mode value is set

 Aspect ratio value is correct
sentry_log value is set
local_logging value is set
sentry_initialization value is set
sentry_debugging value is set
showPreRewardedDialogue value is set
showPostRewardedDialogue value is set
isSkipable value is set
{"cache_ttl":10080,"cache_ttl_rewarded":10080,"cache_ttl_banner":10080,"cache_ttl_native":10080,"cache_ttl_icon":10080,"campaigns":[{"campaignID":"9384","attribution":0,"priority":"5","appToPromote":{"appToPromoteID":"13185","usesDefaultFrameImage":"0","usesDefaultCloseImage":"0","marketURL":"https:\/\/play.google.com\/store\/apps\/details?id=com.gamesarena.flying.bike.tricks.stunts&amp;referrer=utm_source=42matters.com&amp;utm_medium=api","packageID":"com.gamesarena.flying.bike.tricks.stunts"},"showTemplate":1,"s2s_tracking_url":"https:\/\/play.google.com\/store\/apps\/details?id=com.gamesarena.flying.bike.tricks.stunts&amp;referrer=utm_source=42matters.com&amp;utm_medium=api","activeCreativeID":"4829","scenes":["12","1","8","6","15","2"],"campaignAdType":"Interstitial"},{"campaignID":"9386","attribution":0,"priority":"5","appToPromote":{"appToPromoteID":"17764","usesDefaultFrameImage":"0","usesDefaultCloseImage":"0","marketURL":"https:\/\/play.google.com\/store\/apps\/details?id=com.visiblebody.atlas&amp;referrer=utm_source=42matters.com&amp;utm_medium=api","packageID":"com.gamesarena..test6324"},"showTemplate":1,"s2s_tracking_url":"https:\/\/play.google.com\/store\/apps\/details?id=com.visiblebody.atlas&amp;referrer=utm_source=42matters.com&amp;utm_medium=api","activeCreativeID":"4828","scenes":["12","1","8","6","15","2"],"campaignAdType":"Interstitial"},{"campaignID":"9389","attribution":0,"priority":"5","appToPromote":{"appToPromoteID":"13185","usesDefaultFrameImage":"0","usesDefaultCloseImage":"0","marketURL":"https:\/\/play.google.com\/store\/apps\/details?id=com.gamesarena.flying.bike.tricks.stunts&amp;referrer=utm_source=42matters.com&amp;utm_medium=api","packageID":"com.gamesarena.flying.bike.tricks.stunts"},"showTemplate":1,"s2s_tracking_url":"https:\/\/play.google.com\/store\/apps\/details?id=com.gamesarena.flying.bike.tricks.stunts&amp;referrer=utm_source=42matters.com&amp;utm_medium=api","activeCreativeID":"4829","scenes":["12","1","8","6","15","2"],"campaignAdType":"Interstitial"},{"campaignID":"9390","attribution":0,"priority":"5","appToPromote":{"appToPromoteID":"17764","usesDefaultFrameImage":"0","usesDefaultCloseImage":"0","marketURL":"https:\/\/play.google.com\/store\/apps\/details?id=com.visiblebody.atlas&amp;referrer=utm_source=42matters.com&amp;utm_medium=api","packageID":"com.gamesarena..test6324"},"showTemplate":1,"s2s_tracking_url":"https:\/\/play.google.com\/store\/apps\/details?id=com.visiblebody.atlas&amp;referrer=utm_source=42matters.com&amp;utm_medium=api","activeCreativeID":"4828","scenes":["12","1","8","6","15","2"],"campaignAdType":"Interstitial"},{"campaignID":"9249","attribution_link":"https:\/\/app.appsflyer.com\/com.lgn.gun.strike.war.train.shooting.games?pid=consoliads_int&amp;af_click_lookback=7d&amp;clickid=2613_9249_816&amp;android_id={android_id}&amp;sha1_android_id={sha1_android_id}&amp;advertising_id=816&amp;sha1_advertising_id=f022da4e40566305c0c8f39fd8f4b83dd5368834&amp;af_keywords=2","attribution":1,"priority":"8","appToPromote":{"appToPromoteID":"13421","usesDefaultFrameImage":"0","usesDefaultCloseImage":"0","marketURL":"http:\/\/www.google.com","packageID":"com.appricot2d.testt"},"showTemplate":1,"s2s_tracking_url":"https:\/\/app.appsflyer.com\/com.lgn.gun.strike.war.train.shooting.games?pid=consoliads_int&amp;af_click_lookback=7d&amp;clickid=2613_9249_816&amp;android_id={android_id}&amp;sha1_android_id={sha1_android_id}&amp;advertising_id=816&amp;sha1_advertising_id=f022da4e40566305c0c8f39fd8f4b83dd5368834&amp;af_keywords=2","activeCreativeID":"4679","scenes":["12","1","8","6","15","2"],"campaignAdType":"Interstitial"},{"campaignID":"9261","attribution_link":"https:\/\/app.appsflyer.com\/com.lgn.gun.strike.war.train.shooting.games?pid=consoliads_int&amp;af_click_lookback=7d&amp;clickid=2613_9261_816&amp;android_id={android_id}&amp;sha1_android_id={sha1_android_id}&amp;advertising_id=816&amp;sha1_advertising_id=f022da4e40566305c0c8f39fd8f4b83dd5368834&amp;af_keywords=2","attribution":1,"priority":"8","appToPromote":{"appToPromoteID":"13421","usesDefaultFrameImage":"0","usesDefaultCloseImage":"0","marketURL":"http:\/\/www.google.com","packageID":"com.appricot2d.testt"},"showTemplate":1,"s2s_tracking_url":"https:\/\/app.appsflyer.com\/com.lgn.gun.strike.war.train.shooting.games?pid=consoliads_int&amp;af_click_lookback=7d&amp;clickid=2613_9261_816&amp;android_id={android_id}&amp;sha1_android_id={sha1_android_id}&amp;advertising_id=816&amp;sha1_advertising_id=f022da4e40566305c0c8f39fd8f4b83dd5368834&amp;af_keywords=2","activeCreativeID":"4692","scenes":["12","1","8","6","15","2"],"campaignAdType":"Interstitial"},{"campaignID":"9131","attribution":0,"priority":"8","appToPromote":{"appToPromoteID":"17532","usesDefaultFrameImage":"0","usesDefaultCloseImage":"0","marketURL":"https:\/\/play.google.com\/store\/apps\/details?id=com.dhgate.buyermob","packageID":"com.dhgate.buyermob"},"showTemplate":1,"s2s_tracking_url":"https:\/\/tha.gotrackier.com\/click?campaign_id=63254\\u0026pub_id=75?p1=2613_9131_816&amp;source=6841&amp;app_name=RobotBikeTransportTruck&amp;gaid=816","activeCreativeID":"4483","scenes":["12","1","8","6","15","2"],"campaignAdType":"Interstitial"},{"campaignID":"561","attribution":0,"priority":"6","appToPromote":{"appToPromoteID":"5026","usesDefaultFrameImage":"0","usesDefaultCloseImage":"0","marketURL":"https:\/\/play.google.com\/store\/apps\/details?id=com.as.cashupapp","packageID":"com.as.cashupapp"},"showTemplate":1,"s2s_tracking_url":"https:\/\/play.google.com\/store\/apps\/details?id=com.as.cashupapp","activeCreativeID":"652","scenes":["12","1","8","6","15","2"],"campaignAdType":"Interstitial"},{"campaignID":"570","attribution":0,"priority":"6","appToPromote":{"appToPromoteID":"3802","usesDefaultFrameImage":"0","usesDefaultCloseImage":"0","marketURL":"https:\/\/play.google.com\/store\/apps\/details?id=com.Madxstudios.Flickshootsoccer","packageID":"com.Madxstudios.Flickshootsoccer"},"showTemplate":1,"s2s_tracking_url":"https:\/\/play.google.com\/store\/apps\/details?id=com.Madxstudios.Flickshootsoccer","activeCreativeID":"661","scenes":["12","1","8","6","15","2"],"campaignAdType":"Interstitial"},{"campaignID":"588","attribution":0,"priority":"6","appToPromote":{"appToPromoteID":"5026","usesDefaultFrameImage":"0","usesDefaultCloseImage":"0","marketURL":"https:\/\/play.google.com\/store\/apps\/details?id=com.as.cashupapp","packageID":"com.as.cashupapp"},"showTemplate":1,"s2s_tracking_url":"https:\/\/play.google.com\/store\/apps\/details?id=com.as.cashupapp","activeCreativeID":"652","scenes":["12","1","8","6","15","2"],"campaignAdType":"Interstitial"},{"campaignID":"6620","attribution":0,"priority":"6","appToPromote":{"appToPromoteID":"12980","usesDefaultFrameImage":"0","usesDefaultCloseImage":"0","marketURL":"https:\/\/play.google.com\/store\/apps\/details?id=com.sx.cooking.cafe.restaurant","packageID":"com.sx.cooking.cafe.restaurant"},"showTemplate":1,"s2s_tracking_url":"https:\/\/play.google.com\/store\/apps\/details?id=com.sx.cooking.cafe.restaurant","activeCreativeID":"1702","scenes":["12","1","8","6","15","2"],"campaignAdType":"Interstitial"},{"campaignID":"6596","attribution":0,"priority":"5","appToPromote":{"appToPromoteID":"12980","usesDefaultFrameImage":"0","usesDefaultCloseImage":"0","marketURL":"https:\/\/play.google.com\/store\/apps\/details?id=com.sx.cooking.cafe.restaurant","packageID":"com.sx.cooking.cafe.restaurant"},"showTemplate":1,"s2s_tracking_url":"https:\/\/play.google.com\/store\/apps\/details?id=com.sx.cooking.cafe.restaurant","activeCreativeID":"1702","scenes":["12","1","8","6","15","2"],"campaignAdType":"Interstitial"}],"refreshAdRate":30,"mode":"Production","aspectRatio":"4_3","cdnPath":"https:\/\/df8ymybeo92md.cloudfront.net\/images\/","sentry_log":0,"local_logging":0,"sentry_dsn":"https:\/\/93ffa1c9a4124f67b8888a53265f751a:bbf998e04584477fa9a145838e9d3b26@sentry.io\/168994","sentry_initialization":1,"sentry_debugging":0,"bannerSizes":["5"],"aspectRatioVideo":"16_9","app_id":"2613","showPreRewardedDialogue":0,"showPostRewardedDialogue":0,"rewardCurrency":"coins","rewardValue":0,"isSkipable":0,"privacyPolicyURL":"https:\/\/www.consoliads.com\/privacy-policy\/","sessionToken":"PBOsYrVLxm3qBcolpptKk3umeZUwE\/TPy5wtl7Qw5WSCmzNcLQYrfLLfUG86+S3ISaFNPDk3u8jaJlvo6ORXYd1JAOEtwm0SmArOAyGK1LvayQi00Xvu90\/yHlaeIHUbBBHLBfYapKzgpBaa4sVF6v0raak2aE79iKpLIx4AySk="}
Session token value is set


{"appKey":"6321e187a94be2ff678451a5e73bbf42","deviceID":"3214","stats":[{"campaignID":215,"packageID":"com.gamefeast.moto.robot.transformation","sceneStats":[{"sceneID":"9","eventStats":"332,232,132,32,32,0,0"}]}],"sdkVersion":"39","sessionToken":"PBOsYrVLxm3qBcolpptKk3umeZUwE\/TPy5wtl7Qw5WSCmzNcLQYrfLLfUG86+S3ISaFNPDk3u8jaJlvo6ORXYd1JAOEtwm0SmArOAyGK1LvayQi00Xvu90\/yHlaeIHUbBBHLBfYapKzgpBaa4sVF6v0raak2aE79iKpLIx4AySk="}
cache_ttl value is correct

Refresh Ad Rate value is correct
mode value is set

 Aspect ratio value is correct
sentry_log value is set
local_logging value is set
sentry_initialization value is set
sentry_debugging value is set
showPreRewardedDialogue value is set
showPostRewardedDialogue value is set
isSkipable value is set
{"cache_ttl":10080,"cache_ttl_rewarded":10080,"cache_ttl_banner":10080,"cache_ttl_native":10080,"cache_ttl_icon":10080,"campaigns":[{"campaignID":"9384","attribution":0,"priority":"5","appToPromote":{"appToPromoteID":"13185","usesDefaultFrameImage":"0","usesDefaultCloseImage":"0","marketURL":"https:\/\/play.google.com\/store\/apps\/details?id=com.gamesarena.flying.bike.tricks.stunts&amp;referrer=utm_source=42matters.com&amp;utm_medium=api","packageID":"com.gamesarena.flying.bike.tricks.stunts"},"showTemplate":1,"s2s_tracking_url":"https:\/\/play.google.com\/store\/apps\/details?id=com.gamesarena.flying.bike.tricks.stunts&amp;referrer=utm_source=42matters.com&amp;utm_medium=api","activeCreativeID":"4829","scenes":["12","1","8","6","15","2"],"campaignAdType":"Interstitial"},{"campaignID":"9386","attribution":0,"priority":"5","appToPromote":{"appToPromoteID":"17764","usesDefaultFrameImage":"0","usesDefaultCloseImage":"0","marketURL":"https:\/\/play.google.com\/store\/apps\/details?id=com.visiblebody.atlas&amp;referrer=utm_source=42matters.com&amp;utm_medium=api","packageID":"com.gamesarena..test6324"},"showTemplate":1,"s2s_tracking_url":"https:\/\/play.google.com\/store\/apps\/details?id=com.visiblebody.atlas&amp;referrer=utm_source=42matters.com&amp;utm_medium=api","activeCreativeID":"4828","scenes":["12","1","8","6","15","2"],"campaignAdType":"Interstitial"},{"campaignID":"9389","attribution":0,"priority":"5","appToPromote":{"appToPromoteID":"13185","usesDefaultFrameImage":"0","usesDefaultCloseImage":"0","marketURL":"https:\/\/play.google.com\/store\/apps\/details?id=com.gamesarena.flying.bike.tricks.stunts&amp;referrer=utm_source=42matters.com&amp;utm_medium=api","packageID":"com.gamesarena.flying.bike.tricks.stunts"},"showTemplate":1,"s2s_tracking_url":"https:\/\/play.google.com\/store\/apps\/details?id=com.gamesarena.flying.bike.tricks.stunts&amp;referrer=utm_source=42matters.com&amp;utm_medium=api","activeCreativeID":"4829","scenes":["12","1","8","6","15","2"],"campaignAdType":"Interstitial"},{"campaignID":"9390","attribution":0,"priority":"5","appToPromote":{"appToPromoteID":"17764","usesDefaultFrameImage":"0","usesDefaultCloseImage":"0","marketURL":"https:\/\/play.google.com\/store\/apps\/details?id=com.visiblebody.atlas&amp;referrer=utm_source=42matters.com&amp;utm_medium=api","packageID":"com.gamesarena..test6324"},"showTemplate":1,"s2s_tracking_url":"https:\/\/play.google.com\/store\/apps\/details?id=com.visiblebody.atlas&amp;referrer=utm_source=42matters.com&amp;utm_medium=api","activeCreativeID":"4828","scenes":["12","1","8","6","15","2"],"campaignAdType":"Interstitial"},{"campaignID":"8829","attribution":0,"priority":"5","appToPromote":{"appToPromoteID":"2007","usesDefaultFrameImage":"0","usesDefaultCloseImage":"0","marketURL":"https:\/\/play.google.com\/store\/apps\/details?id=com.vg.police.secret.agent.crime.gang","packageID":"com.vg.police.secret.agent.crime.gang"},"showTemplate":1,"s2s_tracking_url":"https:\/\/play.google.com\/store\/apps\/details?id=com.vg.police.secret.agent.crime.gang","activeCreativeID":"4192","scenes":["12","1","8","6","15","2"],"campaignAdType":"Interstitial"},{"campaignID":"8858","attribution":0,"priority":"5","appToPromote":{"appToPromoteID":"1992","usesDefaultFrameImage":"0","usesDefaultCloseImage":"0","marketURL":"https:\/\/play.google.com\/store\/apps\/details?id=com.vg.prisonerbreakout.HardTime","packageID":"com.vg.prisonerbreakout.HardTime"},"showTemplate":1,"s2s_tracking_url":"https:\/\/play.google.com\/store\/apps\/details?id=com.vg.prisonerbreakout.HardTime","activeCreativeID":"4220","scenes":["12","1","8","6","15","2"],"campaignAdType":"Interstitial"},{"campaignID":"9249","attribution_link":"https:\/\/app.appsflyer.com\/com.lgn.gun.strike.war.train.shooting.games?pid=consoliads_int&amp;af_click_lookback=7d&amp;clickid=2598_9249_3214&amp;android_id={android_id}&amp;sha1_android_id={sha1_android_id}&amp;advertising_id=3214&amp;sha1_advertising_id=925fa34462d802c5faad8eb6feeeb8f0179da559&amp;af_keywords=2","attribution":1,"priority":"8","appToPromote":{"appToPromoteID":"13421","usesDefaultFrameImage":"0","usesDefaultCloseImage":"0","marketURL":"http:\/\/www.google.com","packageID":"com.appricot2d.testt"},"showTemplate":1,"s2s_tracking_url":"https:\/\/app.appsflyer.com\/com.lgn.gun.strike.war.train.shooting.games?pid=consoliads_int&amp;af_click_lookback=7d&amp;clickid=2598_9249_3214&amp;android_id={android_id}&amp;sha1_android_id={sha1_android_id}&amp;advertising_id=3214&amp;sha1_advertising_id=925fa34462d802c5faad8eb6feeeb8f0179da559&amp;af_keywords=2","activeCreativeID":"4679","scenes":["12","1","8","6","15","2"],"campaignAdType":"Interstitial"},{"campaignID":"9261","attribution_link":"https:\/\/app.appsflyer.com\/com.lgn.gun.strike.war.train.shooting.games?pid=consoliads_int&amp;af_click_lookback=7d&amp;clickid=2598_9261_3214&amp;android_id={android_id}&amp;sha1_android_id={sha1_android_id}&amp;advertising_id=3214&amp;sha1_advertising_id=925fa34462d802c5faad8eb6feeeb8f0179da559&amp;af_keywords=2","attribution":1,"priority":"8","appToPromote":{"appToPromoteID":"13421","usesDefaultFrameImage":"0","usesDefaultCloseImage":"0","marketURL":"http:\/\/www.google.com","packageID":"com.appricot2d.testt"},"showTemplate":1,"s2s_tracking_url":"https:\/\/app.appsflyer.com\/com.lgn.gun.strike.war.train.shooting.games?pid=consoliads_int&amp;af_click_lookback=7d&amp;clickid=2598_9261_3214&amp;android_id={android_id}&amp;sha1_android_id={sha1_android_id}&amp;advertising_id=3214&amp;sha1_advertising_id=925fa34462d802c5faad8eb6feeeb8f0179da559&amp;af_keywords=2","activeCreativeID":"4692","scenes":["12","1","8","6","15","2"],"campaignAdType":"Interstitial"},{"campaignID":"9131","attribution":0,"priority":"8","appToPromote":{"appToPromoteID":"17532","usesDefaultFrameImage":"0","usesDefaultCloseImage":"0","marketURL":"https:\/\/play.google.com\/store\/apps\/details?id=com.dhgate.buyermob","packageID":"com.dhgate.buyermob"},"showTemplate":1,"s2s_tracking_url":"https:\/\/tha.gotrackier.com\/click?campaign_id=63254\\u0026pub_id=75?p1=2598_9131_3214&amp;source=6841&amp;app_name=SuperMotoRobotTransform&amp;gaid=3214","activeCreativeID":"4483","scenes":["12","1","8","6","15","2"],"campaignAdType":"Interstitial"},{"campaignID":"561","attribution":0,"priority":"6","appToPromote":{"appToPromoteID":"5026","usesDefaultFrameImage":"0","usesDefaultCloseImage":"0","marketURL":"https:\/\/play.google.com\/store\/apps\/details?id=com.as.cashupapp","packageID":"com.as.cashupapp"},"showTemplate":1,"s2s_tracking_url":"https:\/\/play.google.com\/store\/apps\/details?id=com.as.cashupapp","activeCreativeID":"652","scenes":["12","1","8","6","15","2"],"campaignAdType":"Interstitial"},{"campaignID":"570","attribution":0,"priority":"6","appToPromote":{"appToPromoteID":"3802","usesDefaultFrameImage":"0","usesDefaultCloseImage":"0","marketURL":"https:\/\/play.google.com\/store\/apps\/details?id=com.Madxstudios.Flickshootsoccer","packageID":"com.Madxstudios.Flickshootsoccer"},"showTemplate":1,"s2s_tracking_url":"https:\/\/play.google.com\/store\/apps\/details?id=com.Madxstudios.Flickshootsoccer","activeCreativeID":"661","scenes":["12","1","8","6","15","2"],"campaignAdType":"Interstitial"},{"campaignID":"588","attribution":0,"priority":"6","appToPromote":{"appToPromoteID":"5026","usesDefaultFrameImage":"0","usesDefaultCloseImage":"0","marketURL":"https:\/\/play.google.com\/store\/apps\/details?id=com.as.cashupapp","packageID":"com.as.cashupapp"},"showTemplate":1,"s2s_tracking_url":"https:\/\/play.google.com\/store\/apps\/details?id=com.as.cashupapp","activeCreativeID":"652","scenes":["12","1","8","6","15","2"],"campaignAdType":"Interstitial"},{"campaignID":"6620","attribution":0,"priority":"6","appToPromote":{"appToPromoteID":"12980","usesDefaultFrameImage":"0","usesDefaultCloseImage":"0","marketURL":"https:\/\/play.google.com\/store\/apps\/details?id=com.sx.cooking.cafe.restaurant","packageID":"com.sx.cooking.cafe.restaurant"},"showTemplate":1,"s2s_tracking_url":"https:\/\/play.google.com\/store\/apps\/details?id=com.sx.cooking.cafe.restaurant","activeCreativeID":"1702","scenes":["12","1","8","6","15","2"],"campaignAdType":"Interstitial"}],"refreshAdRate":30,"mode":"Production","aspectRatio":"4_3","cdnPath":"https:\/\/df8ymybeo92md.cloudfront.net\/images\/","sentry_log":0,"local_logging":0,"sentry_dsn":"https:\/\/93ffa1c9a4124f67b8888a53265f751a:bbf998e04584477fa9a145838e9d3b26@sentry.io\/168994","sentry_initialization":1,"sentry_debugging":0,"bannerSizes":["5"],"aspectRatioVideo":"16_9","app_id":"2598","showPreRewardedDialogue":0,"showPostRewardedDialogue":0,"rewardCurrency":"coins","rewardValue":0,"isSkipable":0,"privacyPolicyURL":"https:\/\/www.consoliads.com\/privacy-policy\/","sessionToken":"Zt8NY90c6clVWArFRORpSaGTlAseXfBlIfc9RtWT9MAbCXy0vvpeFs8+FMQ69OOb3x4H5rED3yHmbsN1yi5je3OTpmebE7mvMNAy8AvtNkTgzbG0rjeN7TCZaRt8pu8CBeAvtyJryOFJ8poB9iM7VMjSRXfENFqKMvwksDQzsJg="}
Session token value is set


{"appKey":"cd6601541ec10dd5e108fa8bb11b8a6d","deviceID":"6485","stats":[{"campaignID":216,"packageID":"com.tgp.offroad.extreme.highway.busdriver","sceneStats":[{"sceneID":"17","eventStats":"365,265,165,65,65,0,0"}]}],"sdkVersion":"2163","sessionToken":"Zt8NY90c6clVWArFRORpSaGTlAseXfBlIfc9RtWT9MAbCXy0vvpeFs8+FMQ69OOb3x4H5rED3yHmbsN1yi5je3OTpmebE7mvMNAy8AvtNkTgzbG0rjeN7TCZaRt8pu8CBeAvtyJryOFJ8poB9iM7VMjSRXfENFqKMvwksDQzsJg="}
cache_ttl value is correct

Title value is correct

Title value is correct

Title value is correct

Title value is correct

Title value is correct

Title value is correct

Refresh Ad Rate value is correct
mode value is set

 Aspect ratio value is correct
sentry_log value is set
local_logging value is set
sentry_initialization value is set
sentry_debugging value is set
showPreRewardedDialogue value is set
showPostRewardedDialogue value is set
isSkipable value is set
{"cache_ttl":10080,"cache_ttl_rewarded":10080,"cache_ttl_banner":10080,"cache_ttl_native":10080,"cache_ttl_icon":10080,"campaigns":[{"campaignID":"9384","attribution":0,"priority":"5","appToPromote":{"appToPromoteID":"13185","usesDefaultFrameImage":"0","usesDefaultCloseImage":"0","marketURL":"https:\/\/play.google.com\/store\/apps\/details?id=com.gamesarena.flying.bike.tricks.stunts&amp;referrer=utm_source=42matters.com&amp;utm_medium=api","packageID":"com.gamesarena.flying.bike.tricks.stunts"},"showTemplate":1,"s2s_tracking_url":"https:\/\/play.google.com\/store\/apps\/details?id=com.gamesarena.flying.bike.tricks.stunts&amp;referrer=utm_source=42matters.com&amp;utm_medium=api","activeCreativeID":"4829","scenes":["12","1","8","6","15","2"],"campaignAdType":"Interstitial"},{"campaignID":"9386","attribution":0,"priority":"5","appToPromote":{"appToPromoteID":"17764","usesDefaultFrameImage":"0","usesDefaultCloseImage":"0","marketURL":"https:\/\/play.google.com\/store\/apps\/details?id=com.visiblebody.atlas&amp;referrer=utm_source=42matters.com&amp;utm_medium=api","packageID":"com.gamesarena..test6324"},"showTemplate":1,"s2s_tracking_url":"https:\/\/play.google.com\/store\/apps\/details?id=com.visiblebody.atlas&amp;referrer=utm_source=42matters.com&amp;utm_medium=api","activeCreativeID":"4828","scenes":["12","1","8","6","15","2"],"campaignAdType":"Interstitial"},{"campaignID":"9389","attribution":0,"priority":"5","appToPromote":{"appToPromoteID":"13185","usesDefaultFrameImage":"0","usesDefaultCloseImage":"0","marketURL":"https:\/\/play.google.com\/store\/apps\/details?id=com.gamesarena.flying.bike.tricks.stunts&amp;referrer=utm_source=42matters.com&amp;utm_medium=api","packageID":"com.gamesarena.flying.bike.tricks.stunts"},"showTemplate":1,"s2s_tracking_url":"https:\/\/play.google.com\/store\/apps\/details?id=com.gamesarena.flying.bike.tricks.stunts&amp;referrer=utm_source=42matters.com&amp;utm_medium=api","activeCreativeID":"4829","scenes":["12","1","8","6","15","2"],"campaignAdType":"Interstitial"},{"campaignID":"9390","attribution":0,"priority":"5","appToPromote":{"appToPromoteID":"17764","usesDefaultFrameImage":"0","usesDefaultCloseImage":"0","marketURL":"https:\/\/play.google.com\/store\/apps\/details?id=com.visiblebody.atlas&amp;referrer=utm_source=42matters.com&amp;utm_medium=api","packageID":"com.gamesarena..test6324"},"showTemplate":1,"s2s_tracking_url":"https:\/\/play.google.com\/store\/apps\/details?id=com.visiblebody.atlas&amp;referrer=utm_source=42matters.com&amp;utm_medium=api","activeCreativeID":"4828","scenes":["12","1","8","6","15","2"],"campaignAdType":"Interstitial"},{"campaignID":"8355","attribution":0,"priority":"5","appToPromote":{"appToPromoteID":"16325","usesDefaultFrameImage":"0","usesDefaultCloseImage":"0","marketURL":"https:\/\/play.google.com\/store\/apps\/details?id=com.tgp.mega.ramp.ambulance.car.stunts","packageID":"com.tgp.mega.ramp.ambulance.car.stunts"},"showTemplate":1,"s2s_tracking_url":"https:\/\/play.google.com\/store\/apps\/details?id=com.tgp.mega.ramp.ambulance.car.stunts","activeCreativeID":"3693","scenes":["12","1","8","6","15","2"],"campaignAdType":"Icon"},{"campaignID":"8795","attribution":0,"priority":"5","appToPromote":{"appToPromoteID":"16325","usesDefaultFrameImage":"0","usesDefaultCloseImage":"0","marketURL":"https:\/\/play.google.com\/store\/apps\/details?id=com.tgp.mega.ramp.ambulance.car.stunts","packageID":"com.tgp.mega.ramp.ambulance.car.stunts"},"showTemplate":1,"s2s_tracking_url":"https:\/\/play.google.com\/store\/apps\/details?id=com.tgp.mega.ramp.ambulance.car.stunts","activeCreativeID":"4157","scenes":["12","1","8","6","15","2"],"campaignAdType":"Native","title":"Mega Ramp Stunts Game","subTitle":"Car Stunts ","description":"Mega Ramp Stunts Game","adClickThroughText":"Download FREE"},{"campaignID":"8376","attribution":0,"priority":"3","appToPromote":{"appToPromoteID":"16325","usesDefaultFrameImage":"0","usesDefaultCloseImage":"0","marketURL":"https:\/\/play.google.com\/store\/apps\/details?id=com.tgp.mega.ramp.ambulance.car.stunts","packageID":"com.tgp.mega.ramp.ambulance.car.stunts"},"showTemplate":1,"s2s_tracking_url":"https:\/\/play.google.com\/store\/apps\/details?id=com.tgp.mega.ramp.ambulance.car.stunts","activeCreativeID":"3718","scenes":["12","1","8","6","15","2"],"campaignAdType":"Interstitial"},{"campaignID":"8354","attribution":0,"priority":"2","appToPromote":{"appToPromoteID":"16325","usesDefaultFrameImage":"0","usesDefaultCloseImage":"0","marketURL":"https:\/\/play.google.com\/store\/apps\/details?id=com.tgp.mega.ramp.ambulance.car.stunts","packageID":"com.tgp.mega.ramp.ambulance.car.stunts"},"showTemplate":1,"s2s_tracking_url":"https:\/\/play.google.com\/store\/apps\/details?id=com.tgp.mega.ramp.ambulance.car.stunts","activeCreativeID":"3692","scenes":["12","1","8","6","15","2"],"campaignAdType":"Interstitial"},{"campaignID":"8226","attribution":0,"priority":"8","appToPromote":{"appToPromoteID":"12623","usesDefaultFrameImage":"0","usesDefaultCloseImage":"0","marketURL":"https:\/\/play.google.com\/store\/apps\/details?id=com.igg.android.lordsmobile&amp;referrer=utm_source=42matters.com&amp;utm_medium=api","packageID":"com.nooribrand.android.lordsmobile"},"showTemplate":1,"s2s_tracking_url":"https:\/\/play.google.com\/store\/apps\/details?id=com.igg.android.lordsmobile&amp;referrer=utm_source=42matters.com&amp;utm_medium=api","activeCreativeID":"3557","scenes":["12","1","8","6","15","2"],"campaignAdType":"Icon"},{"campaignID":"8613","attribution":0,"priority":"8","appToPromote":{"appToPromoteID":"12623","usesDefaultFrameImage":"0","usesDefaultCloseImage":"0","marketURL":"https:\/\/play.google.com\/store\/apps\/details?id=com.igg.android.lordsmobile&amp;referrer=utm_source=42matters.com&amp;utm_medium=api","packageID":"com.nooribrand.android.lordsmobile"},"showTemplate":1,"s2s_tracking_url":"https:\/\/play.google.com\/store\/apps\/details?id=com.igg.android.lordsmobile&amp;referrer=utm_source=42matters.com&amp;utm_medium=api","activeCreativeID":"3557","scenes":["12","1","8","6","15","2"],"campaignAdType":"Icon"},{"campaignID":"9249","attribution_link":"https:\/\/app.appsflyer.com\/com.lgn.gun.strike.war.train.shooting.games?pid=consoliads_int&amp;af_click_lookback=7d&amp;clickid=2402_9249_6485&amp;android_id={android_id}&amp;sha1_android_id={sha1_android_id}&amp;advertising_id=6485&amp;sha1_advertising_id=6bff223c6454901a4414857a7304f43fa28f5e67&amp;af_keywords=2","attribution":1,"priority":"8","appToPromote":{"appToPromoteID":"13421","usesDefaultFrameImage":"0","usesDefaultCloseImage":"0","marketURL":"http:\/\/www.google.com","packageID":"com.appricot2d.testt"},"showTemplate":1,"s2s_tracking_url":"https:\/\/app.appsflyer.com\/com.lgn.gun.strike.war.train.shooting.games?pid=consoliads_int&amp;af_click_lookback=7d&amp;clickid=2402_9249_6485&amp;android_id={android_id}&amp;sha1_android_id={sha1_android_id}&amp;advertising_id=6485&amp;sha1_advertising_id=6bff223c6454901a4414857a7304f43fa28f5e67&amp;af_keywords=2","activeCreativeID":"4679","scenes":["12","1","8","6","15","2"],"campaignAdType":"Interstitial"},{"campaignID":"9252","attribution":0,"priority":"8","appToPromote":{"appToPromoteID":"12315","usesDefaultFrameImage":"0","usesDefaultCloseImage":"0","marketURL":"google.com","packageID":"com.qabrand.plnative"},"showTemplate":1,"s2s_tracking_url":"google.com","activeCreativeID":"4683","scenes":["12","1","8","6","15","2"],"campaignAdType":"Native","title":"Native first","subTitle":"First ","description":"New description","adClickThroughText":"FIRST Button"},{"campaignID":"9253","attribution":0,"priority":"8","appToPromote":{"appToPromoteID":"12315","usesDefaultFrameImage":"0","usesDefaultCloseImage":"0","marketURL":"google.com","packageID":"com.qabrand.plnative"},"showTemplate":1,"s2s_tracking_url":"google.com","activeCreativeID":"4683","scenes":["12","1","8","6","15","2"],"campaignAdType":"Native","title":"Native first","subTitle":"First ","description":"New description","adClickThroughText":"FIRST Button"},{"campaignID":"9255","attribution":0,"priority":"8","appToPromote":{"appToPromoteID":"13274","usesDefaultFrameImage":"0","usesDefaultCloseImage":"0","marketURL":"https:\/\/play.google.com\/store\/apps\/details?id=com.facebook.katana","packageID":"com.salon.adsalon"},"showTemplate":1,"s2s_tracking_url":"https:\/\/play.google.com\/store\/apps\/details?id=com.facebook.katana","activeCreativeID":"4685","scenes":["12","1","8","6","15","2"],"campaignAdType":"Native","title":"native NA ","subTitle":"native NA ","description":"native NA added","adClickThroughText":"native NA "},{"campaignID":"9257","attribution":0,"priority":"8","appToPromote":{"appToPromoteID":"12286","usesDefaultFrameImage":"0","usesDefaultCloseImage":"0","marketURL":"google.com","packageID":"com.qabrand.Chartboost_Native"},"showTemplate":1,"s2s_tracking_url":"google.com","activeCreativeID":"4688","scenes":["12","1","8","6","15","2"],"campaignAdType":"Native","title":"Native second updated","subTitle":"Native second ","description":"Native second details","adClickThroughText":"Native second "},{"campaignID":"9261","attribution_link":"https:\/\/app.appsflyer.com\/com.lgn.gun.strike.war.train.shooting.games?pid=consoliads_int&amp;af_click_lookback=7d&amp;clickid=2402_9261_6485&amp;android_id={android_id}&amp;sha1_android_id={sha1_android_id}&amp;advertising_id=6485&amp;sha1_advertising_id=6bff223c6454901a4414857a7304f43fa28f5e67&amp;af_keywords=2","attribution":1,"priority":"8","appToPromote":{"appToPromoteID":"13421","usesDefaultFrameImage":"0","usesDefaultCloseImage":"0","marketURL":"http:\/\/www.google.com","packageID":"com.appricot2d.testt"},"showTemplate":1,"s2s_tracking_url":"https:\/\/app.appsflyer.com\/com.lgn.gun.strike.war.train.shooting.games?pid=consoliads_int&amp;af_click_lookback=7d&amp;clickid=2402_9261_6485&amp;android_id={android_id}&amp;sha1_android_id={sha1_android_id}&amp;advertising_id=6485&amp;sha1_advertising_id=6bff223c6454901a4414857a7304f43fa28f5e67&amp;af_keywords=2","activeCreativeID":"4692","scenes":["12","1","8","6","15","2"],"campaignAdType":"Interstitial"},{"campaignID":"9263","attribution":0,"priority":"8","appToPromote":{"appToPromoteID":"12315","usesDefaultFrameImage":"0","usesDefaultCloseImage":"0","marketURL":"google.com","packageID":"com.qabrand.plnative"},"showTemplate":1,"s2s_tracking_url":"google.com","activeCreativeID":"4694","scenes":["12","1","8","6","15","2"],"campaignAdType":"Native","title":"test","subTitle":"test","description":" test details update","adClickThroughText":"test"},{"campaignID":"9131","attribution":0,"priority":"8","appToPromote":{"appToPromoteID":"17532","usesDefaultFrameImage":"0","usesDefaultCloseImage":"0","marketURL":"https:\/\/play.google.com\/store\/apps\/details?id=com.dhgate.buyermob","packageID":"com.dhgate.buyermob"},"showTemplate":1,"s2s_tracking_url":"https:\/\/tha.gotrackier.com\/click?campaign_id=63254\\u0026pub_id=75?p1=2402_9131_6485&amp;source=6841&amp;app_name=ExtremeHighwayBusDriver&amp;gaid=6485","activeCreativeID":"4483","scenes":["12","1","8","6","15","2"],"campaignAdType":"Interstitial"},{"campaignID":"561","attribution":0,"priority":"6","appToPromote":{"appToPromoteID":"5026","usesDefaultFrameImage":"0","usesDefaultCloseImage":"0","marketURL":"https:\/\/play.google.com\/store\/apps\/details?id=com.as.cashupapp","packageID":"com.as.cashupapp"},"showTemplate":1,"s2s_tracking_url":"https:\/\/play.google.com\/store\/apps\/details?id=com.as.cashupapp","activeCreativeID":"652","scenes":["12","1","8","6","15","2"],"campaignAdType":"Interstitial"},{"campaignID":"570","attribution":0,"priority":"6","appToPromote":{"appToPromoteID":"3802","usesDefaultFrameImage":"0","usesDefaultCloseImage":"0","marketURL":"https:\/\/play.google.com\/store\/apps\/details?id=com.Madxstudios.Flickshootsoccer","packageID":"com.Madxstudios.Flickshootsoccer"},"showTemplate":1,"s2s_tracking_url":"https:\/\/play.google.com\/store\/apps\/details?id=com.Madxstudios.Flickshootsoccer","activeCreativeID":"661","scenes":["12","1","8","6","15","2"],"campaignAdType":"Interstitial"},{"campaignID":"588","attribution":0,"priority":"6","appToPromote":{"appToPromoteID":"5026","usesDefaultFrameImage":"0","usesDefaultCloseImage":"0","marketURL":"https:\/\/play.google.com\/store\/apps\/details?id=com.as.cashupapp","packageID":"com.as.cashupapp"},"showTemplate":1,"s2s_tracking_url":"https:\/\/play.google.com\/store\/apps\/details?id=com.as.cashupapp","activeCreativeID":"652","scenes":["12","1","8","6","15","2"],"campaignAdType":"Interstitial"},{"campaignID":"6620","attribution":0,"priority":"6","appToPromote":{"appToPromoteID":"12980","usesDefaultFrameImage":"0","usesDefaultCloseImage":"0","marketURL":"https:\/\/play.google.com\/store\/apps\/details?id=com.sx.cooking.cafe.restaurant","packageID":"com.sx.cooking.cafe.restaurant"},"showTemplate":1,"s2s_tracking_url":"https:\/\/play.google.com\/store\/apps\/details?id=com.sx.cooking.cafe.restaurant","activeCreativeID":"1702","scenes":["12","1","8","6","15","2"],"campaignAdType":"Interstitial"},{"campaignID":"6596","attribution":0,"priority":"5","appToPromote":{"appToPromoteID":"12980","usesDefaultFrameImage":"0","usesDefaultCloseImage":"0","marketURL":"https:\/\/play.google.com\/store\/apps\/details?id=com.sx.cooking.cafe.restaurant","packageID":"com.sx.cooking.cafe.restaurant"},"showTemplate":1,"s2s_tracking_url":"https:\/\/play.google.com\/store\/apps\/details?id=com.sx.cooking.cafe.restaurant","activeCreativeID":"1702","scenes":["12","1","8","6","15","2"],"campaignAdType":"Interstitial"}],"refreshAdRate":30,"mode":"Production","aspectRatio":"4_3","cdnPath":"https:\/\/df8ymybeo92md.cloudfront.net\/images\/","sentry_log":0,"local_logging":0,"sentry_dsn":"https:\/\/93ffa1c9a4124f67b8888a53265f751a:bbf998e04584477fa9a145838e9d3b26@sentry.io\/168994","sentry_initialization":1,"sentry_debugging":0,"bannerSizes":["1","2"],"aspectRatioVideo":"16_9","app_id":"2402","showPreRewardedDialogue":0,"showPostRewardedDialogue":0,"rewardCurrency":"coins","rewardValue":0,"isSkipable":0,"privacyPolicyURL":"https:\/\/www.consoliads.com\/privacy-policy\/","sessionToken":"5dmrA7siXxBXzCCDI\/8GX7Lf\/w1JOi\/Bz5AK42wKOuj7RsgE+avsvQ43AyusKSVIt+BVKwwPlkMPExZtWb7QsHSCNHyXOS63+Ars0\/lfqtGK0SuZBmoCIGCFMX8livlk1bwo8Ykfbt2ef+iDvOLVKRYR6KuGVrWI9gGoPTqI27Y="}
Session token value is set


{"appKey":"dd587f33bef2bea93ba58b467ec75780","deviceID":"379","stats":[{"campaignID":220,"packageID":"com.rgs.robot.battle","sceneStats":[{"sceneID":"1","eventStats":"304,204,104,4,4,0,0"}]}],"sdkVersion":"90","sessionToken":"5dmrA7siXxBXzCCDI\/8GX7Lf\/w1JOi\/Bz5AK42wKOuj7RsgE+avsvQ43AyusKSVIt+BVKwwPlkMPExZtWb7QsHSCNHyXOS63+Ars0\/lfqtGK0SuZBmoCIGCFMX8livlk1bwo8Ykfbt2ef+iDvOLVKRYR6KuGVrWI9gGoPTqI27Y="}
cache_ttl value is correct

Refresh Ad Rate value is correct
mode value is set

 Aspect ratio value is correct
sentry_log value is set
local_logging value is set
sentry_initialization value is set
sentry_debugging value is set
showPreRewardedDialogue value is set
showPostRewardedDialogue value is set
isSkipable value is set
{"cache_ttl":10080,"cache_ttl_rewarded":10080,"cache_ttl_banner":10080,"cache_ttl_native":10080,"cache_ttl_icon":10080,"refreshAdRate":30,"mode":"Production","aspectRatio":"4_3","cdnPath":"https:\/\/df8ymybeo92md.cloudfront.net\/images\/","sentry_log":0,"local_logging":0,"sentry_dsn":"https:\/\/93ffa1c9a4124f67b8888a53265f751a:bbf998e04584477fa9a145838e9d3b26@sentry.io\/168994","sentry_initialization":1,"sentry_debugging":0,"bannerSizes":[],"aspectRatioVideo":"16_9","app_id":"2624","showPreRewardedDialogue":0,"showPostRewardedDialogue":0,"rewardCurrency":"coins","rewardValue":0,"isSkipable":0,"privacyPolicyURL":"https:\/\/www.consoliads.com\/privacy-policy\/","sessionToken":"WmlN0MsXNM3zv7hrIjs3OEu2u5u+VAbCndImAgr6jNjfctAxWCyqYgwf30FwDfZBrK0mRt0lbegGU7t1mm8\/Tt+mBv507VF8IvXnaMWR9d8BcG+QMCj8rMOTAsvXDklYxxbGTvFfGf3GZDTlLH0se0xNPi7TLlNyIFHM\/umI3ZI="}
Session token value is set


{"appKey":"f7195bc5052737febb7af2f3f1baf1c1","deviceID":"9156","stats":[{"campaignID":221,"packageID":"com.whitesand.raft.survival.shark.hunter","sceneStats":[{"sceneID":"23","eventStats":"391,291,191,91,91,0,0"}]}],"sdkVersion":"39","sessionToken":"WmlN0MsXNM3zv7hrIjs3OEu2u5u+VAbCndImAgr6jNjfctAxWCyqYgwf30FwDfZBrK0mRt0lbegGU7t1mm8\/Tt+mBv507VF8IvXnaMWR9d8BcG+QMCj8rMOTAsvXDklYxxbGTvFfGf3GZDTlLH0se0xNPi7TLlNyIFHM\/umI3ZI="}
cache_ttl value is correct

Refresh Ad Rate value is correct
mode value is set

 Aspect ratio value is correct
sentry_log value is set
local_logging value is set
sentry_initialization value is set
sentry_debugging value is set
showPreRewardedDialogue value is set
showPostRewardedDialogue value is set
isSkipable value is set
{"cache_ttl":10080,"cache_ttl_rewarded":10080,"cache_ttl_banner":10080,"cache_ttl_native":10080,"cache_ttl_icon":10080,"refreshAdRate":30,"mode":"Production","aspectRatio":"4_3","cdnPath":"https:\/\/df8ymybeo92md.cloudfront.net\/images\/","sentry_log":0,"local_logging":0,"sentry_dsn":"https:\/\/93ffa1c9a4124f67b8888a53265f751a:bbf998e04584477fa9a145838e9d3b26@sentry.io\/168994","sentry_initialization":1,"sentry_debugging":0,"bannerSizes":["5"],"aspectRatioVideo":"16_9","app_id":"2602","showPreRewardedDialogue":0,"showPostRewardedDialogue":0,"rewardCurrency":"coins","rewardValue":0,"isSkipable":0,"privacyPolicyURL":"https:\/\/www.consoliads.com\/privacy-policy\/","sessionToken":"8qbX+q\/9cGEnQ4mnfe9o1+OCfsO5mA52uEbKjusD+eo2MYofzrUiNg+yyNio80pVKFO4YZ9MoDqS0hW6pUg8fsNog7VLZWRRsy5uOFSqC0IOz8Qm8S0+HleriQVjeiVBZAcTeCqAUxI\/jQmUrx45Cb9JiRw5OwC+5cQgyYG37is="}
Session token value is set


{"appKey":"e27e8b9552ca9d031927942acc186a25","deviceID":"4794","stats":[{"campaignID":222,"packageID":"com.rgs.car.transporter.cargo.ship","sceneStats":[{"sceneID":"12","eventStats":"348,248,148,48,48,0,0"}]}],"sdkVersion":"90","sessionToken":"8qbX+q\/9cGEnQ4mnfe9o1+OCfsO5mA52uEbKjusD+eo2MYofzrUiNg+yyNio80pVKFO4YZ9MoDqS0hW6pUg8fsNog7VLZWRRsy5uOFSqC0IOz8Qm8S0+HleriQVjeiVBZAcTeCqAUxI\/jQmUrx45Cb9JiRw5OwC+5cQgyYG37is="}
cache_ttl value is correct

Refresh Ad Rate value is correct
mode value is set

 Aspect ratio value is correct
sentry_log value is set
local_logging value is set
sentry_initialization value is set
sentry_debugging value is set
showPreRewardedDialogue value is set
showPostRewardedDialogue value is set
isSkipable value is set
{"cache_ttl":10080,"cache_ttl_rewarded":10080,"cache_ttl_banner":10080,"cache_ttl_native":10080,"cache_ttl_icon":10080,"refreshAdRate":30,"mode":"Production","aspectRatio":"4_3","cdnPath":"https:\/\/df8ymybeo92md.cloudfront.net\/images\/","sentry_log":0,"local_logging":0,"sentry_dsn":"https:\/\/93ffa1c9a4124f67b8888a53265f751a:bbf998e04584477fa9a145838e9d3b26@sentry.io\/168994","sentry_initialization":1,"sentry_debugging":0,"bannerSizes":[],"aspectRatioVideo":"16_9","app_id":"2583","showPreRewardedDialogue":0,"showPostRewardedDialogue":0,"rewardCurrency":"coins","rewardValue":0,"isSkipable":0,"privacyPolicyURL":"https:\/\/www.consoliads.com\/privacy-policy\/","sessionToken":"8\/MhPmAXkP0Bt+3O34vM+wnnmeqBin4UVKvnAhxGdXMULMn3mYhkVwSc6kZpSSq+aVd7VInJvuWDDeyo8yttdsDPXrK9TJ7TvvlwLXhEVQsuf7G\/2IGhfqyiixhFLQ8ihNEHavBSgVvEK1BOzT3kM8CuUGO3iKMl6f0skoDIYl0="}
Session token value is set


{"appKey":"dd587f33bef2bea93ba58b467ec75780","deviceID":"1620","stats":[{"campaignID":223,"packageID":"com.rgs.robot.battle","sceneStats":[{"sceneID":"5","eventStats":"317,217,117,17,17,0,0"}]}],"sdkVersion":"90","sessionToken":"8\/MhPmAXkP0Bt+3O34vM+wnnmeqBin4UVKvnAhxGdXMULMn3mYhkVwSc6kZpSSq+aVd7VInJvuWDDeyo8yttdsDPXrK9TJ7TvvlwLXhEVQsuf7G\/2IGhfqyiixhFLQ8ihNEHavBSgVvEK1BOzT3kM8CuUGO3iKMl6f0skoDIYl0="}
cache_ttl value is correct

Refresh Ad Rate value is correct
mode value is set

 Aspect ratio value is correct
sentry_log value is set
local_logging value is set
sentry_initialization value is set
sentry_debugging value is set
showPreRewardedDialogue value is set
showPostRewardedDialogue value is set
isSkipable value is set
{"cache_ttl":10080,"cache_ttl_rewarded":10080,"cache_ttl_banner":10080,"cache_ttl_native":10080,"cache_ttl_icon":10080,"refreshAdRate":30,"mode":"Production","aspectRatio":"4_3","cdnPath":"https:\/\/df8ymybeo92md.cloudfront.net\/images\/","sentry_log":0,"local_logging":0,"sentry_dsn":"https:\/\/93ffa1c9a4124f67b8888a53265f751a:bbf998e04584477fa9a145838e9d3b26@sentry.io\/168994","sentry_initialization":1,"sentry_debugging":0,"bannerSizes":[],"aspectRatioVideo":"16_9","app_id":"2624","showPreRewardedDialogue":0,"showPostRewardedDialogue":0,"rewardCurrency":"coins","rewardValue":0,"isSkipable":0,"privacyPolicyURL":"https:\/\/www.consoliads.com\/privacy-policy\/","sessionToken":"2Za\/jbOQUFTLaNDGcubSSo4LVYVap92P4+V9Az65MBGv4FdAo0hy5MGhleW5grEnKIpXsVZ\/nBr1FTRBEnAIvSdh91+HLngMfJIXI3HXLzowRQVeRdqPViuewBePKcdBrJgRqbLgz3tcH+xGVjI8qvf9OMtVj73vCX+CaLwepeE="}
Session token value is set


{"appKey":"dd587f33bef2bea93ba58b467ec75780","deviceID":"1719","stats":[{"campaignID":225,"packageID":"com.rgs.robot.battle","sceneStats":[{"sceneID":"5","eventStats":"318,218,118,18,18,0,0"}]}],"sdkVersion":"90","sessionToken":"2Za\/jbOQUFTLaNDGcubSSo4LVYVap92P4+V9Az65MBGv4FdAo0hy5MGhleW5grEnKIpXsVZ\/nBr1FTRBEnAIvSdh91+HLngMfJIXI3HXLzowRQVeRdqPViuewBePKcdBrJgRqbLgz3tcH+xGVjI8qvf9OMtVj73vCX+CaLwepeE="}
cache_ttl value is correct

Refresh Ad Rate value is correct
mode value is set

 Aspect ratio value is correct
sentry_log value is set
local_logging value is set
sentry_initialization value is set
sentry_debugging value is set
showPreRewardedDialogue value is set
showPostRewardedDialogue value is set
isSkipable value is set
{"cache_ttl":10080,"cache_ttl_rewarded":10080,"cache_ttl_banner":10080,"cache_ttl_native":10080,"cache_ttl_icon":10080,"refreshAdRate":30,"mode":"Production","aspectRatio":"4_3","cdnPath":"https:\/\/df8ymybeo92md.cloudfront.net\/images\/","sentry_log":0,"local_logging":0,"sentry_dsn":"https:\/\/93ffa1c9a4124f67b8888a53265f751a:bbf998e04584477fa9a145838e9d3b26@sentry.io\/168994","sentry_initialization":1,"sentry_debugging":0,"bannerSizes":[],"aspectRatioVideo":"16_9","app_id":"2624","showPreRewardedDialogue":0,"showPostRewardedDialogue":0,"rewardCurrency":"coins","rewardValue":0,"isSkipable":0,"privacyPolicyURL":"https:\/\/www.consoliads.com\/privacy-policy\/","sessionToken":"q5aXwbMrfEZMSkUC9R2P1JvQ1hu5NKHRdJLg0DLAU4RqHtuMsR8\/pP4lPcb4HfTHp180SBUbrPw3wnTmwxn9LzwWfjEgRjIvVbIEXLcXIaPYYLXFK+nEJADCT9qK5y48lAGWk843xRaI42AIe8QQYoD1zHFZzzcyXNquyJyS11Q="}
Session token value is set

</DebugTrace>
      </Output>
    </UnitTestResult>
    <UnitTestResult executionId="7b001799-6b7b-4477-92ba-84adeb14d290" testId="d249d328-6d44-2c2d-6ed9-e0b5d6f69772" testName="C_RecordClicksFromDeviceMainMethodCodeGenerator" computerName="DESKTOP-5AJ0SB3" duration="00:01:59.3183744" startTime="2020-12-22T12:09:02.5036652+05:00" endTime="2020-12-22T12:11:01.8565515+05:00" testType="13cdc9d9-ddb5-4fa4-a97d-d965ccfc6d4b" outcome="Passed" testListId="8c84fa94-04c1-424b-9868-57a2d4851a1d" relativeResultsDirectory="7b001799-6b7b-4477-92ba-84adeb14d290">
      <Output>
        <DebugTrace>****************** SELECT campaigns.campaignID,campaigns.appID,apps.sdkID,apps.companyID,apps.osID FROM apps INNER JOIN campaigns ON apps.appID = campaigns.appID WHERE apps.sdkID &gt; 20 AND apps.appKey != '' AND campaigns.campaignID NOT IN (0 ,- 1 ,- 2 ,- 3 ,- 4 ,- 5) LIMIT 50
****************** 
****************** Select appKey , appID from apps where appkey!='' and sdkID &gt; 10 limit  50
****************** 
****************** JJpX85UiVMIIL76SOmx/V38lvKURDRVwbXc8U7kDRoSED310LrcjKfQCfTMxbOWRwnbjSNw8TDXz5pA3iwXrqBhoeqMc8fG7U9JpllMOOwdTpbf6vuddgS2LUhomvidi
****************** JJpX85UiVMIIL76SOmx/V38lvKURDRVwbXc8U7kDRoSED310LrcjKfQCfTMxbOWRwnbjSNw8TDXz5pA3iwXrqBhoeqMc8fG7U9JpllMOOwdTpbf6vuddgS2LUhomvidi
****************** JJpX85UiVMIIL76SOmx/V38lvKURDRVwbXc8U7kDRoSED310LrcjKfQCfTMxbOWRwnbjSNw8TDXz5pA3iwXrqBhoeqMc8fG7U9JpllMOOwdTpbf6vuddgS2LUhomvidi
****************** JJpX85UiVMIIL76SOmx/V38lvKURDRVwbXc8U7kDRoSED310LrcjKfQCfTMxbOWRwnbjSNw8TDXz5pA3iwXrqBhoeqMc8fG7U9JpllMOOwdTpbf6vuddgS2LUhomvidi
****************** JJpX85UiVMIIL76SOmx/V38lvKURDRVwbXc8U7kDRoSED310LrcjKfQCfTMxbOWRwnbjSNw8TDXz5pA3iwXrqBhoeqMc8fG7U9JpllMOOwdTpbf6vuddgS2LUhomvidi
****************** JJpX85UiVMIIL76SOmx/V38lvKURDRVwbXc8U7kDRoSED310LrcjKfQCfTMxbOWRwnbjSNw8TDXz5pA3iwXrqBhoeqMc8fG7U9JpllMOOwdTpbf6vuddgS2LUhomvidi
****************** JJpX85UiVMIIL76SOmx/V38lvKURDRVwbXc8U7kDRoSED310LrcjKfQCfTMxbOWRwnbjSNw8TDXz5pA3iwXrqBhoeqMc8fG7U9JpllMOOwdTpbf6vuddgS2LUhomvidi
****************** JJpX85UiVMIIL76SOmx/V38lvKURDRVwbXc8U7kDRoSED310LrcjKfQCfTMxbOWRwnbjSNw8TDXz5pA3iwXrqBhoeqMc8fG7U9JpllMOOwdTpbf6vuddgS2LUhomvidi
http://52.13.174.6/sheeda/admin/api/recordClicksFromDeviceUpdate Date and status updated App already instlled, API is successful.
****************** JJpX85UiVMIIL76SOmx/V38lvKURDRVwbXc8U7kDRoSED310LrcjKfQCfTMxbOWRwnbjSNw8TDXz5pA3iwXrqBhoeqMc8fG7U9JpllMOOwdTpbf6vuddgS2LUhomvidi
****************** JJpX85UiVMIIL76SOmx/V38lvKURDRVwbXc8U7kDRoSED310LrcjKfQCfTMxbOWRwnbjSNw8TDXz5pA3iwXrqBhoeqMc8fG7U9JpllMOOwdTpbf6vuddgS2LUhomvidi
****************** JJpX85UiVMIIL76SOmx/V38lvKURDRVwbXc8U7kDRoSED310LrcjKfQCfTMxbOWRwnbjSNw8TDXz5pA3iwXrqBhoeqMc8fG7U9JpllMOOwdTpbf6vuddgS2LUhomvidi
****************** JJpX85UiVMIIL76SOmx/V38lvKURDRVwbXc8U7kDRoSED310LrcjKfQCfTMxbOWRwnbjSNw8TDXz5pA3iwXrqBhoeqMc8fG7U9JpllMOOwdTpbf6vuddgS2LUhomvidi
****************** JJpX85UiVMIIL76SOmx/V38lvKURDRVwbXc8U7kDRoSED310LrcjKfQCfTMxbOWRwnbjSNw8TDXz5pA3iwXrqBhoeqMc8fG7U9JpllMOOwdTpbf6vuddgS2LUhomvidi
****************** JJpX85UiVMIIL76SOmx/V38lvKURDRVwbXc8U7kDRoSED310LrcjKfQCfTMxbOWRwnbjSNw8TDXz5pA3iwXrqBhoeqMc8fG7U9JpllMOOwdTpbf6vuddgS2LUhomvidi
****************** JJpX85UiVMIIL76SOmx/V38lvKURDRVwbXc8U7kDRoSED310LrcjKfQCfTMxbOWRwnbjSNw8TDXz5pA3iwXrqBhoeqMc8fG7U9JpllMOOwdTpbf6vuddgS2LUhomvidi
****************** JJpX85UiVMIIL76SOmx/V38lvKURDRVwbXc8U7kDRoSED310LrcjKfQCfTMxbOWRwnbjSNw8TDXz5pA3iwXrqBhoeqMc8fG7U9JpllMOOwdTpbf6vuddgS2LUhomvidi
****************** JJpX85UiVMIIL76SOmx/V38lvKURDRVwbXc8U7kDRoSED310LrcjKfQCfTMxbOWRwnbjSNw8TDXz5pA3iwXrqBhoeqMc8fG7U9JpllMOOwdTpbf6vuddgS2LUhomvidi
****************** JJpX85UiVMIIL76SOmx/V38lvKURDRVwbXc8U7kDRoSED310LrcjKfQCfTMxbOWRwnbjSNw8TDXz5pA3iwXrqBhoeqMc8fG7U9JpllMOOwdTpbf6vuddgS2LUhomvidi
****************** JJpX85UiVMIIL76SOmx/V38lvKURDRVwbXc8U7kDRoSED310LrcjKfQCfTMxbOWRwnbjSNw8TDXz5pA3iwXrqBhoeqMc8fG7U9JpllMOOwdTpbf6vuddgS2LUhomvidi
****************** JJpX85UiVMIIL76SOmx/V38lvKURDRVwbXc8U7kDRoSED310LrcjKfQCfTMxbOWRwnbjSNw8TDXz5pA3iwXrqBhoeqMc8fG7U9JpllMOOwdTpbf6vuddgS2LUhomvidi
****************** JJpX85UiVMIIL76SOmx/V38lvKURDRVwbXc8U7kDRoSED310LrcjKfQCfTMxbOWRwnbjSNw8TDXz5pA3iwXrqBhoeqMc8fG7U9JpllMOOwdTpbf6vuddgS2LUhomvidi
****************** JJpX85UiVMIIL76SOmx/V38lvKURDRVwbXc8U7kDRoSED310LrcjKfQCfTMxbOWRwnbjSNw8TDXz5pA3iwXrqBhoeqMc8fG7U9JpllMOOwdTpbf6vuddgS2LUhomvidi
****************** JJpX85UiVMIIL76SOmx/V38lvKURDRVwbXc8U7kDRoSED310LrcjKfQCfTMxbOWRwnbjSNw8TDXz5pA3iwXrqBhoeqMc8fG7U9JpllMOOwdTpbf6vuddgS2LUhomvidi
****************** JJpX85UiVMIIL76SOmx/V38lvKURDRVwbXc8U7kDRoSED310LrcjKfQCfTMxbOWRwnbjSNw8TDXz5pA3iwXrqBhoeqMc8fG7U9JpllMOOwdTpbf6vuddgS2LUhomvidi
****************** JJpX85UiVMIIL76SOmx/V38lvKURDRVwbXc8U7kDRoSED310LrcjKfQCfTMxbOWRwnbjSNw8TDXz5pA3iwXrqBhoeqMc8fG7U9JpllMOOwdTpbf6vuddgS2LUhomvidi
****************** JJpX85UiVMIIL76SOmx/V38lvKURDRVwbXc8U7kDRoSED310LrcjKfQCfTMxbOWRwnbjSNw8TDXz5pA3iwXrqBhoeqMc8fG7U9JpllMOOwdTpbf6vuddgS2LUhomvidi
****************** JJpX85UiVMIIL76SOmx/V38lvKURDRVwbXc8U7kDRoSED310LrcjKfQCfTMxbOWRwnbjSNw8TDXz5pA3iwXrqBhoeqMc8fG7U9JpllMOOwdTpbf6vuddgS2LUhomvidi
****************** JJpX85UiVMIIL76SOmx/V38lvKURDRVwbXc8U7kDRoSED310LrcjKfQCfTMxbOWRwnbjSNw8TDXz5pA3iwXrqBhoeqMc8fG7U9JpllMOOwdTpbf6vuddgS2LUhomvidi
****************** JJpX85UiVMIIL76SOmx/V38lvKURDRVwbXc8U7kDRoSED310LrcjKfQCfTMxbOWRwnbjSNw8TDXz5pA3iwXrqBhoeqMc8fG7U9JpllMOOwdTpbf6vuddgS2LUhomvidi
****************** JJpX85UiVMIIL76SOmx/V38lvKURDRVwbXc8U7kDRoSED310LrcjKfQCfTMxbOWRwnbjSNw8TDXz5pA3iwXrqBhoeqMc8fG7U9JpllMOOwdTpbf6vuddgS2LUhomvidi
****************** JJpX85UiVMIIL76SOmx/V38lvKURDRVwbXc8U7kDRoSED310LrcjKfQCfTMxbOWRwnbjSNw8TDXz5pA3iwXrqBhoeqMc8fG7U9JpllMOOwdTpbf6vuddgS2LUhomvidi
****************** JJpX85UiVMIIL76SOmx/V38lvKURDRVwbXc8U7kDRoSED310LrcjKfQCfTMxbOWRwnbjSNw8TDXz5pA3iwXrqBhoeqMc8fG7U9JpllMOOwdTpbf6vuddgS2LUhomvidi
****************** JJpX85UiVMIIL76SOmx/V38lvKURDRVwbXc8U7kDRoSED310LrcjKfQCfTMxbOWRwnbjSNw8TDXz5pA3iwXrqBhoeqMc8fG7U9JpllMOOwdTpbf6vuddgS2LUhomvidi
****************** JJpX85UiVMIIL76SOmx/V38lvKURDRVwbXc8U7kDRoSED310LrcjKfQCfTMxbOWRwnbjSNw8TDXz5pA3iwXrqBhoeqMc8fG7U9JpllMOOwdTpbf6vuddgS2LUhomvidi
****************** JJpX85UiVMIIL76SOmx/V38lvKURDRVwbXc8U7kDRoSED310LrcjKfQCfTMxbOWRwnbjSNw8TDXz5pA3iwXrqBhoeqMc8fG7U9JpllMOOwdTpbf6vuddgS2LUhomvidi
****************** JJpX85UiVMIIL76SOmx/V38lvKURDRVwbXc8U7kDRoSED310LrcjKfQCfTMxbOWRwnbjSNw8TDXz5pA3iwXrqBhoeqMc8fG7U9JpllMOOwdTpbf6vuddgS2LUhomvidi
****************** JJpX85UiVMIIL76SOmx/V38lvKURDRVwbXc8U7kDRoSED310LrcjKfQCfTMxbOWRwnbjSNw8TDXz5pA3iwXrqBhoeqMc8fG7U9JpllMOOwdTpbf6vuddgS2LUhomvidi
****************** JJpX85UiVMIIL76SOmx/V38lvKURDRVwbXc8U7kDRoSED310LrcjKfQCfTMxbOWRwnbjSNw8TDXz5pA3iwXrqBhoeqMc8fG7U9JpllMOOwdTpbf6vuddgS2LUhomvidi
****************** JJpX85UiVMIIL76SOmx/V38lvKURDRVwbXc8U7kDRoSED310LrcjKfQCfTMxbOWRwnbjSNw8TDXz5pA3iwXrqBhoeqMc8fG7U9JpllMOOwdTpbf6vuddgS2LUhomvidi
****************** JJpX85UiVMIIL76SOmx/V38lvKURDRVwbXc8U7kDRoSED310LrcjKfQCfTMxbOWRwnbjSNw8TDXz5pA3iwXrqBhoeqMc8fG7U9JpllMOOwdTpbf6vuddgS2LUhomvidi
****************** JJpX85UiVMIIL76SOmx/V38lvKURDRVwbXc8U7kDRoSED310LrcjKfQCfTMxbOWRwnbjSNw8TDXz5pA3iwXrqBhoeqMc8fG7U9JpllMOOwdTpbf6vuddgS2LUhomvidi
****************** JJpX85UiVMIIL76SOmx/V38lvKURDRVwbXc8U7kDRoSED310LrcjKfQCfTMxbOWRwnbjSNw8TDXz5pA3iwXrqBhoeqMc8fG7U9JpllMOOwdTpbf6vuddgS2LUhomvidi
****************** JJpX85UiVMIIL76SOmx/V38lvKURDRVwbXc8U7kDRoSED310LrcjKfQCfTMxbOWRwnbjSNw8TDXz5pA3iwXrqBhoeqMc8fG7U9JpllMOOwdTpbf6vuddgS2LUhomvidi
****************** JJpX85UiVMIIL76SOmx/V38lvKURDRVwbXc8U7kDRoSED310LrcjKfQCfTMxbOWRwnbjSNw8TDXz5pA3iwXrqBhoeqMc8fG7U9JpllMOOwdTpbf6vuddgS2LUhomvidi
****************** JJpX85UiVMIIL76SOmx/V38lvKURDRVwbXc8U7kDRoSED310LrcjKfQCfTMxbOWRwnbjSNw8TDXz5pA3iwXrqBhoeqMc8fG7U9JpllMOOwdTpbf6vuddgS2LUhomvidi
****************** JJpX85UiVMIIL76SOmx/V38lvKURDRVwbXc8U7kDRoSED310LrcjKfQCfTMxbOWRwnbjSNw8TDXz5pA3iwXrqBhoeqMc8fG7U9JpllMOOwdTpbf6vuddgS2LUhomvidi
****************** JJpX85UiVMIIL76SOmx/V38lvKURDRVwbXc8U7kDRoSED310LrcjKfQCfTMxbOWRwnbjSNw8TDXz5pA3iwXrqBhoeqMc8fG7U9JpllMOOwdTpbf6vuddgS2LUhomvidi
****************** JJpX85UiVMIIL76SOmx/V38lvKURDRVwbXc8U7kDRoSED310LrcjKfQCfTMxbOWRwnbjSNw8TDXz5pA3iwXrqBhoeqMc8fG7U9JpllMOOwdTpbf6vuddgS2LUhomvidi
****************** JJpX85UiVMIIL76SOmx/V38lvKURDRVwbXc8U7kDRoSED310LrcjKfQCfTMxbOWRwnbjSNw8TDXz5pA3iwXrqBhoeqMc8fG7U9JpllMOOwdTpbf6vuddgS2LUhomvidi
****************** JJpX85UiVMIIL76SOmx/V38lvKURDRVwbXc8U7kDRoSED310LrcjKfQCfTMxbOWRwnbjSNw8TDXz5pA3iwXrqBhoeqMc8fG7U9JpllMOOwdTpbf6vuddgS2LUhomvidi
</DebugTrace>
      </Output>
    </UnitTestResult>
    <UnitTestResult executionId="5bd8ea3a-00eb-47b1-b31d-9d55fe4edbd4" testId="20f0da05-06f5-50cc-bee5-9ac7cf561794" testName="D_SaveNetworkrStatsMainMethodCodeGenerator" computerName="DESKTOP-5AJ0SB3" duration="00:01:19.6007958" startTime="2020-12-22T12:11:01.8645475+05:00" endTime="2020-12-22T12:12:21.4709370+05:00" testType="13cdc9d9-ddb5-4fa4-a97d-d965ccfc6d4b" outcome="Passed" testListId="8c84fa94-04c1-424b-9868-57a2d4851a1d" relativeResultsDirectory="5bd8ea3a-00eb-47b1-b31d-9d55fe4edbd4">
      <Output>
        <DebugTrace>****************** http://52.13.174.6/sheeda/admin/analytics/saveNetworkStats
****************** SELECT apps.package, apps.osID, apps.appID, apps.companyID,apps.sdkID,sdk_info.ver from apps INNER JOIN sdk_info ON apps.sdkID = sdk_info.sdkID where apps.sdkID &gt; 20 Limit 50
****************** 
****************** select adID from ads where ad_type != 'analytics';
****************** 
****************** JJpX85UiVMIIL76SOmx/V38lvKURDRVwbXc8U7kDRoSED310LrcjKfQCfTMxbOWRwnbjSNw8TDXz5pA3iwXrqBhoeqMc8fG7U9JpllMOOwdTpbf6vuddgS2LUhomvidi
****************** http://52.13.174.6/sheeda/admin/analytics/saveNetworkStats
message value is correct
Session token value is set

****************** http://52.13.174.6/sheeda/admin/analytics/saveNetworkStats
message value is correct
****************** http://52.13.174.6/sheeda/admin/analytics/saveNetworkStats
message value is correct
Session token value is set

****************** http://52.13.174.6/sheeda/admin/analytics/saveNetworkStats
message value is correct
Session token value is set

****************** http://52.13.174.6/sheeda/admin/analytics/saveNetworkStats
{"package":"com.rgs.sand.excavator.truck.simulator","store":"41","uniqueDeviceID":"7413","appID":"","deviceID":"","region":"","adsQueueEventStats":[{"adID":"4","sceneID":"19","request":"741","impression":"741","click":"741"}],"gssdkVersion":"3.2.2","sdkVersionID":"39","sdkVersion":"39","sessionToken":"bbjLIE0LYvSI4SreMUC3lZaotOvjt6CpZxODnpmUAoo5TeR1WoP55gu1Z2xXu1IU9kG9SJzPVizDSZjCsM13x9SRF14xZSJDp2ex2EZ5ZnT+Yf0xC2auMeXSIaIawzhV"}: http://52.13.174.6/sheeda/admin/analytics/saveNetworkStatsAPI failed as it is not correct json response in content type. A PHP error has encoutered  4
&lt;div style="border:1px solid #990000;padding-left:20px;margin:0 0 10px 0;"&gt;

&lt;h4&gt;A PHP Error was encountered&lt;/h4&gt;

&lt;p&gt;Severity: Notice&lt;/p&gt;
&lt;p&gt;Message:  Undefined offset: 0&lt;/p&gt;
&lt;p&gt;Filename: controllers/Mediation.php&lt;/p&gt;
&lt;p&gt;Line Number: 656&lt;/p&gt;


	&lt;p&gt;Backtrace:&lt;/p&gt;
	
		
	
		
	
		
			&lt;p style="margin-left:10px"&gt;
			File: /var/www/html/sheeda/admin/3.0.1/modules/mediation/controllers/Mediation.php&lt;br /&gt;
			Line: 656&lt;br /&gt;
			Function: _error_handler			&lt;/p&gt;

		
	
		
	
		
			&lt;p style="margin-left:10px"&gt;
			File: /var/www/html/sheeda/admin/3.0.1/libraries/REST_Controller.php&lt;br /&gt;
			Line: 688&lt;br /&gt;
			Function: call_user_func_array			&lt;/p&gt;

		
	
		
	
		
	
		
			&lt;p style="margin-left:10px"&gt;
			File: /var/www/html/sheeda/admin/3.0.1.php&lt;br /&gt;
			Line: 307&lt;br /&gt;
			Function: require_once			&lt;/p&gt;

		
	
		
			&lt;p style="margin-left:10px"&gt;
			File: /var/www/html/sheeda/admin/index.php&lt;br /&gt;
			Line: 69&lt;br /&gt;
			Function: require			&lt;/p&gt;

		
	

&lt;/div&gt;&lt;br /&gt;
&lt;b&gt;Notice&lt;/b&gt;:  Trying to get property of non-object in &lt;b&gt;/var/www/html/sheeda/admin/3.0.1/modules/mediation/controllers/Mediation.php&lt;/b&gt; on line &lt;b&gt;656&lt;/b&gt;&lt;br /&gt;
{"message":"App belongs to an inactive brand."}
****************** http://52.13.174.6/sheeda/admin/analytics/saveNetworkStats
message value is correct
Session token value is set

****************** http://52.13.174.6/sheeda/admin/analytics/saveNetworkStats
Message value not appearing correctly
****************** http://52.13.174.6/sheeda/admin/analytics/saveNetworkStats
Message value not appearing correctly
****************** http://52.13.174.6/sheeda/admin/analytics/saveNetworkStats
Message value not appearing correctly
****************** http://52.13.174.6/sheeda/admin/analytics/saveNetworkStats
message value is correct
Session token value is set

****************** http://52.13.174.6/sheeda/admin/analytics/saveNetworkStats
{"package":"com.threed.sand.excavator.simulator","store":"41","uniqueDeviceID":"4152","appID":"","deviceID":"","region":"","adsQueueEventStats":[{"adID":"10","sceneID":"11","request":"415","impression":"415","click":"415"}],"gssdkVersion":"5.1.3-1","sdkVersionID":"2163","sdkVersion":"2163","sessionToken":"sIScavv+HNVXxrMXrErmYfusZOt3+EhzF5OTegKbuDvNaPewDXAHjqXtf8KzK97FiT\/iBJ9352YOM\/xxKHHGp24D7zMjHTGUcJZZo4SkGBbxnkWRH1Rl56vDZUhrUECV"}: http://52.13.174.6/sheeda/admin/analytics/saveNetworkStatsAPI failed as it is not correct json response in content type. A PHP error has encoutered  10
&lt;div style="border:1px solid #990000;padding-left:20px;margin:0 0 10px 0;"&gt;

&lt;h4&gt;A PHP Error was encountered&lt;/h4&gt;

&lt;p&gt;Severity: Notice&lt;/p&gt;
&lt;p&gt;Message:  Undefined offset: 0&lt;/p&gt;
&lt;p&gt;Filename: controllers/Mediation.php&lt;/p&gt;
&lt;p&gt;Line Number: 656&lt;/p&gt;


	&lt;p&gt;Backtrace:&lt;/p&gt;
	
		
	
		
	
		
			&lt;p style="margin-left:10px"&gt;
			File: /var/www/html/sheeda/admin/3.0.1/modules/mediation/controllers/Mediation.php&lt;br /&gt;
			Line: 656&lt;br /&gt;
			Function: _error_handler			&lt;/p&gt;

		
	
		
	
		
			&lt;p style="margin-left:10px"&gt;
			File: /var/www/html/sheeda/admin/3.0.1/libraries/REST_Controller.php&lt;br /&gt;
			Line: 688&lt;br /&gt;
			Function: call_user_func_array			&lt;/p&gt;

		
	
		
	
		
	
		
			&lt;p style="margin-left:10px"&gt;
			File: /var/www/html/sheeda/admin/3.0.1.php&lt;br /&gt;
			Line: 307&lt;br /&gt;
			Function: require_once			&lt;/p&gt;

		
	
		
			&lt;p style="margin-left:10px"&gt;
			File: /var/www/html/sheeda/admin/index.php&lt;br /&gt;
			Line: 69&lt;br /&gt;
			Function: require			&lt;/p&gt;

		
	

&lt;/div&gt;&lt;br /&gt;
&lt;b&gt;Notice&lt;/b&gt;:  Trying to get property of non-object in &lt;b&gt;/var/www/html/sheeda/admin/3.0.1/modules/mediation/controllers/Mediation.php&lt;/b&gt; on line &lt;b&gt;656&lt;/b&gt;&lt;br /&gt;
{"message":"App belongs to an inactive brand."}
****************** http://52.13.174.6/sheeda/admin/analytics/saveNetworkStats
{"package":"com.threed.sand.excavator.simulator","store":"43","uniqueDeviceID":"5612","appID":"","deviceID":"","region":"","adsQueueEventStats":[{"adID":"11","sceneID":"15","request":"561","impression":"561","click":"561"}],"gssdkVersion":"5.1.3","sdkVersionID":"2151","sdkVersion":"2151","sessionToken":"sIScavv+HNVXxrMXrErmYfusZOt3+EhzF5OTegKbuDvNaPewDXAHjqXtf8KzK97FiT\/iBJ9352YOM\/xxKHHGp24D7zMjHTGUcJZZo4SkGBbxnkWRH1Rl56vDZUhrUECV"}: http://52.13.174.6/sheeda/admin/analytics/saveNetworkStatsAPI failed as it is not correct json response in content type. A PHP error has encoutered  11
&lt;div style="border:1px solid #990000;padding-left:20px;margin:0 0 10px 0;"&gt;

&lt;h4&gt;A PHP Error was encountered&lt;/h4&gt;

&lt;p&gt;Severity: Notice&lt;/p&gt;
&lt;p&gt;Message:  Undefined offset: 0&lt;/p&gt;
&lt;p&gt;Filename: controllers/Mediation.php&lt;/p&gt;
&lt;p&gt;Line Number: 656&lt;/p&gt;


	&lt;p&gt;Backtrace:&lt;/p&gt;
	
		
	
		
	
		
			&lt;p style="margin-left:10px"&gt;
			File: /var/www/html/sheeda/admin/3.0.1/modules/mediation/controllers/Mediation.php&lt;br /&gt;
			Line: 656&lt;br /&gt;
			Function: _error_handler			&lt;/p&gt;

		
	
		
	
		
			&lt;p style="margin-left:10px"&gt;
			File: /var/www/html/sheeda/admin/3.0.1/libraries/REST_Controller.php&lt;br /&gt;
			Line: 688&lt;br /&gt;
			Function: call_user_func_array			&lt;/p&gt;

		
	
		
	
		
	
		
			&lt;p style="margin-left:10px"&gt;
			File: /var/www/html/sheeda/admin/3.0.1.php&lt;br /&gt;
			Line: 307&lt;br /&gt;
			Function: require_once			&lt;/p&gt;

		
	
		
			&lt;p style="margin-left:10px"&gt;
			File: /var/www/html/sheeda/admin/index.php&lt;br /&gt;
			Line: 69&lt;br /&gt;
			Function: require			&lt;/p&gt;

		
	

&lt;/div&gt;&lt;br /&gt;
&lt;b&gt;Notice&lt;/b&gt;:  Trying to get property of non-object in &lt;b&gt;/var/www/html/sheeda/admin/3.0.1/modules/mediation/controllers/Mediation.php&lt;/b&gt; on line &lt;b&gt;656&lt;/b&gt;&lt;br /&gt;
{"message":"App belongs to an inactive brand."}
****************** http://52.13.174.6/sheeda/admin/analytics/saveNetworkStats
message value is correct
Session token value is set

****************** http://52.13.174.6/sheeda/admin/analytics/saveNetworkStats
message value is correct
Session token value is set

****************** http://52.13.174.6/sheeda/admin/analytics/saveNetworkStats
{"package":"1.0","store":"42","uniqueDeviceID":"5394","appID":"","deviceID":"","region":"","adsQueueEventStats":[{"adID":"15","sceneID":"14","request":"539","impression":"539","click":"539"}],"gssdkVersion":"3.2.2","sdkVersionID":"39","sdkVersion":"39","sessionToken":"5evJH03vVMPDoDtqQ5LObWYR+JXCM2yItycpjinO2VSyRuelykWHEwIHUyCWDhIb5t03XYYMjK\/QgYS+1f1KKfnKNmF2gSQ66M6vrRjjBVD9Rm09pahHnoZqBIemFASX"}: http://52.13.174.6/sheeda/admin/analytics/saveNetworkStatsAPI failed as it is not correct json response in content type. A PHP error has encoutered  14
&lt;div style="border:1px solid #990000;padding-left:20px;margin:0 0 10px 0;"&gt;

&lt;h4&gt;A PHP Error was encountered&lt;/h4&gt;

&lt;p&gt;Severity: Notice&lt;/p&gt;
&lt;p&gt;Message:  Undefined offset: 0&lt;/p&gt;
&lt;p&gt;Filename: controllers/Mediation.php&lt;/p&gt;
&lt;p&gt;Line Number: 656&lt;/p&gt;


	&lt;p&gt;Backtrace:&lt;/p&gt;
	
		
	
		
	
		
			&lt;p style="margin-left:10px"&gt;
			File: /var/www/html/sheeda/admin/3.0.1/modules/mediation/controllers/Mediation.php&lt;br /&gt;
			Line: 656&lt;br /&gt;
			Function: _error_handler			&lt;/p&gt;

		
	
		
	
		
			&lt;p style="margin-left:10px"&gt;
			File: /var/www/html/sheeda/admin/3.0.1/libraries/REST_Controller.php&lt;br /&gt;
			Line: 688&lt;br /&gt;
			Function: call_user_func_array			&lt;/p&gt;

		
	
		
	
		
	
		
			&lt;p style="margin-left:10px"&gt;
			File: /var/www/html/sheeda/admin/3.0.1.php&lt;br /&gt;
			Line: 307&lt;br /&gt;
			Function: require_once			&lt;/p&gt;

		
	
		
			&lt;p style="margin-left:10px"&gt;
			File: /var/www/html/sheeda/admin/index.php&lt;br /&gt;
			Line: 69&lt;br /&gt;
			Function: require			&lt;/p&gt;

		
	

&lt;/div&gt;&lt;br /&gt;
&lt;b&gt;Notice&lt;/b&gt;:  Trying to get property of non-object in &lt;b&gt;/var/www/html/sheeda/admin/3.0.1/modules/mediation/controllers/Mediation.php&lt;/b&gt; on line &lt;b&gt;656&lt;/b&gt;&lt;br /&gt;
{"message":"App belongs to an inactive brand."}
****************** http://52.13.174.6/sheeda/admin/analytics/saveNetworkStats
Message value not appearing correctly
****************** http://52.13.174.6/sheeda/admin/analytics/saveNetworkStats
Message value not appearing correctly
****************** http://52.13.174.6/sheeda/admin/analytics/saveNetworkStats
Message value not appearing correctly
****************** http://52.13.174.6/sheeda/admin/analytics/saveNetworkStats
{"package":"com.threed.horse.simulator","store":"41","uniqueDeviceID":"2591","appID":"","deviceID":"","region":"","adsQueueEventStats":[{"adID":"21","sceneID":"7","request":"259","impression":"259","click":"259"}],"gssdkVersion":"4.10.2","sdkVersionID":"2089","sdkVersion":"2089","sessionToken":"5evJH03vVMPDoDtqQ5LObWYR+JXCM2yItycpjinO2VSyRuelykWHEwIHUyCWDhIb5t03XYYMjK\/QgYS+1f1KKfnKNmF2gSQ66M6vrRjjBVD9Rm09pahHnoZqBIemFASX"}: http://52.13.174.6/sheeda/admin/analytics/saveNetworkStatsAPI failed as it is not correct json response in content type. A PHP error has encoutered  18
&lt;div style="border:1px solid #990000;padding-left:20px;margin:0 0 10px 0;"&gt;

&lt;h4&gt;A PHP Error was encountered&lt;/h4&gt;

&lt;p&gt;Severity: Notice&lt;/p&gt;
&lt;p&gt;Message:  Undefined offset: 0&lt;/p&gt;
&lt;p&gt;Filename: controllers/Mediation.php&lt;/p&gt;
&lt;p&gt;Line Number: 656&lt;/p&gt;


	&lt;p&gt;Backtrace:&lt;/p&gt;
	
		
	
		
	
		
			&lt;p style="margin-left:10px"&gt;
			File: /var/www/html/sheeda/admin/3.0.1/modules/mediation/controllers/Mediation.php&lt;br /&gt;
			Line: 656&lt;br /&gt;
			Function: _error_handler			&lt;/p&gt;

		
	
		
	
		
			&lt;p style="margin-left:10px"&gt;
			File: /var/www/html/sheeda/admin/3.0.1/libraries/REST_Controller.php&lt;br /&gt;
			Line: 688&lt;br /&gt;
			Function: call_user_func_array			&lt;/p&gt;

		
	
		
	
		
	
		
			&lt;p style="margin-left:10px"&gt;
			File: /var/www/html/sheeda/admin/3.0.1.php&lt;br /&gt;
			Line: 307&lt;br /&gt;
			Function: require_once			&lt;/p&gt;

		
	
		
			&lt;p style="margin-left:10px"&gt;
			File: /var/www/html/sheeda/admin/index.php&lt;br /&gt;
			Line: 69&lt;br /&gt;
			Function: require			&lt;/p&gt;

		
	

&lt;/div&gt;&lt;br /&gt;
&lt;b&gt;Notice&lt;/b&gt;:  Trying to get property of non-object in &lt;b&gt;/var/www/html/sheeda/admin/3.0.1/modules/mediation/controllers/Mediation.php&lt;/b&gt; on line &lt;b&gt;656&lt;/b&gt;&lt;br /&gt;
{"message":"App belongs to an inactive brand."}
****************** http://52.13.174.6/sheeda/admin/analytics/saveNetworkStats
message value is correct
Session token value is set

****************** http://52.13.174.6/sheeda/admin/analytics/saveNetworkStats
message value is correct
Session token value is set

****************** http://52.13.174.6/sheeda/admin/analytics/saveNetworkStats
message value is correct
Session token value is set

****************** http://52.13.174.6/sheeda/admin/analytics/saveNetworkStats
message value is correct
Session token value is set

****************** http://52.13.174.6/sheeda/admin/analytics/saveNetworkStats
Message value not appearing correctly
****************** http://52.13.174.6/sheeda/admin/analytics/saveNetworkStats
{"package":"com.threed.wild.hungry.wolves","store":"41","uniqueDeviceID":"8804","appID":"","deviceID":"","region":"","adsQueueEventStats":[{"adID":"27","sceneID":"23","request":"880","impression":"880","click":"880"}],"gssdkVersion":"5.1.3-1","sdkVersionID":"2163","sdkVersion":"2163","sessionToken":"7CpwZhNDsSzgGyJPZsk2kCCeTQUvlcqXrfu\/yc3eCNRYxOgHgRSq5Ze9kp+6P399ZvBQ6eDnxPvMVKw\/SuBiJeIoCYShjb7UxD+dlioIA3pvb94I5qpjR8KnvLtky3OY"}: http://52.13.174.6/sheeda/admin/analytics/saveNetworkStatsAPI failed as it is not correct json response in content type. A PHP error has encoutered  24
&lt;div style="border:1px solid #990000;padding-left:20px;margin:0 0 10px 0;"&gt;

&lt;h4&gt;A PHP Error was encountered&lt;/h4&gt;

&lt;p&gt;Severity: Notice&lt;/p&gt;
&lt;p&gt;Message:  Undefined offset: 0&lt;/p&gt;
&lt;p&gt;Filename: controllers/Mediation.php&lt;/p&gt;
&lt;p&gt;Line Number: 656&lt;/p&gt;


	&lt;p&gt;Backtrace:&lt;/p&gt;
	
		
	
		
	
		
			&lt;p style="margin-left:10px"&gt;
			File: /var/www/html/sheeda/admin/3.0.1/modules/mediation/controllers/Mediation.php&lt;br /&gt;
			Line: 656&lt;br /&gt;
			Function: _error_handler			&lt;/p&gt;

		
	
		
	
		
			&lt;p style="margin-left:10px"&gt;
			File: /var/www/html/sheeda/admin/3.0.1/libraries/REST_Controller.php&lt;br /&gt;
			Line: 688&lt;br /&gt;
			Function: call_user_func_array			&lt;/p&gt;

		
	
		
	
		
	
		
			&lt;p style="margin-left:10px"&gt;
			File: /var/www/html/sheeda/admin/3.0.1.php&lt;br /&gt;
			Line: 307&lt;br /&gt;
			Function: require_once			&lt;/p&gt;

		
	
		
			&lt;p style="margin-left:10px"&gt;
			File: /var/www/html/sheeda/admin/index.php&lt;br /&gt;
			Line: 69&lt;br /&gt;
			Function: require			&lt;/p&gt;

		
	

&lt;/div&gt;&lt;br /&gt;
&lt;b&gt;Notice&lt;/b&gt;:  Trying to get property of non-object in &lt;b&gt;/var/www/html/sheeda/admin/3.0.1/modules/mediation/controllers/Mediation.php&lt;/b&gt; on line &lt;b&gt;656&lt;/b&gt;&lt;br /&gt;
{"message":"App belongs to an inactive brand."}
****************** http://52.13.174.6/sheeda/admin/analytics/saveNetworkStats
Message value not appearing correctly
****************** http://52.13.174.6/sheeda/admin/analytics/saveNetworkStats
message value is correct
Session token value is set

****************** http://52.13.174.6/sheeda/admin/analytics/saveNetworkStats
message value is correct
Session token value is set

****************** http://52.13.174.6/sheeda/admin/analytics/saveNetworkStats
message value is correct
Session token value is set

****************** http://52.13.174.6/sheeda/admin/analytics/saveNetworkStats
message value is correct
Session token value is set

****************** http://52.13.174.6/sheeda/admin/analytics/saveNetworkStats
message value is correct
Session token value is set

****************** http://52.13.174.6/sheeda/admin/analytics/saveNetworkStats
message value is correct
****************** http://52.13.174.6/sheeda/admin/analytics/saveNetworkStats
message value is correct
Session token value is set

****************** http://52.13.174.6/sheeda/admin/analytics/saveNetworkStats
message value is correct
Session token value is set

****************** http://52.13.174.6/sheeda/admin/analytics/saveNetworkStats
message value is correct
****************** http://52.13.174.6/sheeda/admin/analytics/saveNetworkStats
message value is correct
Session token value is set

****************** http://52.13.174.6/sheeda/admin/analytics/saveNetworkStats
message value is correct
****************** http://52.13.174.6/sheeda/admin/analytics/saveNetworkStats
message value is correct
Session token value is set

****************** http://52.13.174.6/sheeda/admin/analytics/saveNetworkStats
message value is correct
Session token value is set

****************** http://52.13.174.6/sheeda/admin/analytics/saveNetworkStats
message value is correct
Session token value is set

****************** http://52.13.174.6/sheeda/admin/analytics/saveNetworkStats
message value is correct
Session token value is set

****************** http://52.13.174.6/sheeda/admin/analytics/saveNetworkStats
message value is correct
Session token value is set

****************** http://52.13.174.6/sheeda/admin/analytics/saveNetworkStats
message value is correct
Session token value is set

****************** http://52.13.174.6/sheeda/admin/analytics/saveNetworkStats
message value is correct
Session token value is set

****************** http://52.13.174.6/sheeda/admin/analytics/saveNetworkStats
message value is correct
****************** http://52.13.174.6/sheeda/admin/analytics/saveNetworkStats
message value is correct
Session token value is set

****************** http://52.13.174.6/sheeda/admin/analytics/saveNetworkStats
message value is correct
****************** http://52.13.174.6/sheeda/admin/analytics/saveNetworkStats
message value is correct
****************** http://52.13.174.6/sheeda/admin/analytics/saveNetworkStats
message value is correct
Session token value is set

****************** http://52.13.174.6/sheeda/admin/analytics/saveNetworkStats
message value is correct
Session token value is set

</DebugTrace>
      </Output>
    </UnitTestResult>
    <UnitTestResult executionId="83cb8dcb-627c-4e0b-a204-fb1f9c7550cb" testId="bfc1b289-dbbb-3bad-fc5e-78e601449e19" testName="E_StartNewAdSessionMainInputGenerator" computerName="DESKTOP-5AJ0SB3" duration="00:02:00.4166542" startTime="2020-12-22T12:12:21.4759355+05:00" endTime="2020-12-22T12:14:21.9007469+05:00" testType="13cdc9d9-ddb5-4fa4-a97d-d965ccfc6d4b" outcome="Passed" testListId="8c84fa94-04c1-424b-9868-57a2d4851a1d" relativeResultsDirectory="83cb8dcb-627c-4e0b-a204-fb1f9c7550cb">
      <Output>
        <DebugTrace>****************** Select appKey , sdkID from apps where appkey!='' and sdkID &gt; 20 LIMIT 50
****************** 

{"appKey":"0001095f2f8393fdbf7a808a2d0caf21","osVersion":"9.0","orientation":"0","is_mac":"0","model":"GT-Nnnn0","deviceID":"174","telco_operator":"","cpu":"0","brand":"HUAWEI","userConsent":"0","internet_connectivity":"0","height":"169","architecture":"","width":"169","resolution":"1280x720","ram":"953,45 MB","sdkVersion":"2056","product":"j7xeltexx","devMode":"0"}
cache_ttl value is correct

Title value is correct

Title value is correct

Title value is correct

Title value is correct

Title value is correct

Title value is correct

Refresh Ad Rate value is correct
mode value is set

 Aspect ratio value is correct
sentry_log value is set
local_logging value is set
sentry_initialization value is set
sentry_debugging value is set
showPreRewardedDialogue value is set
showPostRewardedDialogue value is set
isSkipable value is set
{"cache_ttl":10080,"cache_ttl_rewarded":10080,"cache_ttl_banner":10080,"cache_ttl_native":10080,"cache_ttl_icon":10080,"campaigns":[{"campaignID":"8226","attribution":0,"priority":"8","appToPromote":{"appToPromoteID":"12623","usesDefaultFrameImage":"0","usesDefaultCloseImage":"0","marketURL":"https:\/\/play.google.com\/store\/apps\/details?id=com.igg.android.lordsmobile&amp;referrer=utm_source=42matters.com&amp;utm_medium=api","packageID":"com.nooribrand.android.lordsmobile"},"showTemplate":1,"s2s_tracking_url":"https:\/\/play.google.com\/store\/apps\/details?id=com.igg.android.lordsmobile&amp;referrer=utm_source=42matters.com&amp;utm_medium=api","activeCreativeID":"3557","scenes":["12","1","8","6","15","2"],"campaignAdType":"Icon"},{"campaignID":"8613","attribution":0,"priority":"8","appToPromote":{"appToPromoteID":"12623","usesDefaultFrameImage":"0","usesDefaultCloseImage":"0","marketURL":"https:\/\/play.google.com\/store\/apps\/details?id=com.igg.android.lordsmobile&amp;referrer=utm_source=42matters.com&amp;utm_medium=api","packageID":"com.nooribrand.android.lordsmobile"},"showTemplate":1,"s2s_tracking_url":"https:\/\/play.google.com\/store\/apps\/details?id=com.igg.android.lordsmobile&amp;referrer=utm_source=42matters.com&amp;utm_medium=api","activeCreativeID":"3557","scenes":["12","1","8","6","15","2"],"campaignAdType":"Icon"},{"campaignID":"9249","attribution_link":"https:\/\/app.appsflyer.com\/com.lgn.gun.strike.war.train.shooting.games?pid=consoliads_int&amp;af_click_lookback=7d&amp;clickid=12403_9249_174&amp;android_id={android_id}&amp;sha1_android_id={sha1_android_id}&amp;advertising_id=174&amp;sha1_advertising_id=d094700e379f0fb3b543e25c77f8e4b3e068f057&amp;af_keywords=2","attribution":1,"priority":"8","appToPromote":{"appToPromoteID":"13421","usesDefaultFrameImage":"0","usesDefaultCloseImage":"0","marketURL":"http:\/\/www.google.com","packageID":"com.appricot2d.testt"},"showTemplate":1,"s2s_tracking_url":"https:\/\/app.appsflyer.com\/com.lgn.gun.strike.war.train.shooting.games?pid=consoliads_int&amp;af_click_lookback=7d&amp;clickid=12403_9249_174&amp;android_id={android_id}&amp;sha1_android_id={sha1_android_id}&amp;advertising_id=174&amp;sha1_advertising_id=d094700e379f0fb3b543e25c77f8e4b3e068f057&amp;af_keywords=2","activeCreativeID":"4679","scenes":["12","1","8","6","15","2"],"campaignAdType":"Interstitial"},{"campaignID":"9252","attribution":0,"priority":"8","appToPromote":{"appToPromoteID":"12315","usesDefaultFrameImage":"0","usesDefaultCloseImage":"0","marketURL":"google.com","packageID":"com.qabrand.plnative"},"showTemplate":1,"s2s_tracking_url":"google.com","activeCreativeID":"4683","scenes":["12","1","8","6","15","2"],"campaignAdType":"Native","title":"Native first","subTitle":"First ","description":"New description","adClickThroughText":"FIRST Button"},{"campaignID":"9253","attribution":0,"priority":"8","appToPromote":{"appToPromoteID":"12315","usesDefaultFrameImage":"0","usesDefaultCloseImage":"0","marketURL":"google.com","packageID":"com.qabrand.plnative"},"showTemplate":1,"s2s_tracking_url":"google.com","activeCreativeID":"4683","scenes":["12","1","8","6","15","2"],"campaignAdType":"Native","title":"Native first","subTitle":"First ","description":"New description","adClickThroughText":"FIRST Button"},{"campaignID":"9255","attribution":0,"priority":"8","appToPromote":{"appToPromoteID":"13274","usesDefaultFrameImage":"0","usesDefaultCloseImage":"0","marketURL":"https:\/\/play.google.com\/store\/apps\/details?id=com.facebook.katana","packageID":"com.salon.adsalon"},"showTemplate":1,"s2s_tracking_url":"https:\/\/play.google.com\/store\/apps\/details?id=com.facebook.katana","activeCreativeID":"4685","scenes":["12","1","8","6","15","2"],"campaignAdType":"Native","title":"native NA ","subTitle":"native NA ","description":"native NA added","adClickThroughText":"native NA "},{"campaignID":"9257","attribution":0,"priority":"8","appToPromote":{"appToPromoteID":"12286","usesDefaultFrameImage":"0","usesDefaultCloseImage":"0","marketURL":"google.com","packageID":"com.qabrand.Chartboost_Native"},"showTemplate":1,"s2s_tracking_url":"google.com","activeCreativeID":"4688","scenes":["12","1","8","6","15","2"],"campaignAdType":"Native","title":"Native second updated","subTitle":"Native second ","description":"Native second details","adClickThroughText":"Native second "},{"campaignID":"9261","attribution_link":"https:\/\/app.appsflyer.com\/com.lgn.gun.strike.war.train.shooting.games?pid=consoliads_int&amp;af_click_lookback=7d&amp;clickid=12403_9261_174&amp;android_id={android_id}&amp;sha1_android_id={sha1_android_id}&amp;advertising_id=174&amp;sha1_advertising_id=d094700e379f0fb3b543e25c77f8e4b3e068f057&amp;af_keywords=2","attribution":1,"priority":"8","appToPromote":{"appToPromoteID":"13421","usesDefaultFrameImage":"0","usesDefaultCloseImage":"0","marketURL":"http:\/\/www.google.com","packageID":"com.appricot2d.testt"},"showTemplate":1,"s2s_tracking_url":"https:\/\/app.appsflyer.com\/com.lgn.gun.strike.war.train.shooting.games?pid=consoliads_int&amp;af_click_lookback=7d&amp;clickid=12403_9261_174&amp;android_id={android_id}&amp;sha1_android_id={sha1_android_id}&amp;advertising_id=174&amp;sha1_advertising_id=d094700e379f0fb3b543e25c77f8e4b3e068f057&amp;af_keywords=2","activeCreativeID":"4692","scenes":["12","1","8","6","15","2"],"campaignAdType":"Interstitial"},{"campaignID":"9263","attribution":0,"priority":"8","appToPromote":{"appToPromoteID":"12315","usesDefaultFrameImage":"0","usesDefaultCloseImage":"0","marketURL":"google.com","packageID":"com.qabrand.plnative"},"showTemplate":1,"s2s_tracking_url":"google.com","activeCreativeID":"4694","scenes":["12","1","8","6","15","2"],"campaignAdType":"Native","title":"test","subTitle":"test","description":" test details update","adClickThroughText":"test"},{"campaignID":"9125","attribution":0,"priority":"8","appToPromote":{"appToPromoteID":"17526","usesDefaultFrameImage":"0","usesDefaultCloseImage":"0","marketURL":"https:\/\/play.google.com\/store\/apps\/details?id=kr.co.richnco.goodrich","packageID":"kr.co.richnco.goodrich"},"showTemplate":1,"s2s_tracking_url":"https:\/\/tha.gotrackier.com\/click?campaign_id=68347\\u0026pub_id=75?p1=12403_9125_174&amp;source=6841&amp;app_name=NitroLightSpeedCarRacingGame&amp;gaid=174","activeCreativeID":"4477","scenes":["12","1","8","6","15","2"],"campaignAdType":"Icon"},{"campaignID":"9127","attribution":0,"priority":"8","appToPromote":{"appToPromoteID":"17528","usesDefaultFrameImage":"0","usesDefaultCloseImage":"0","marketURL":"https:\/\/play.google.com\/store\/apps\/details?id=net.one97.paytm","packageID":"net.one97.paytm"},"showTemplate":1,"s2s_tracking_url":"https:\/\/tha.gotrackier.com\/click?campaign_id=63249\\u0026pub_id=75?p1=12403_9127_174&amp;source=6841&amp;app_name=NitroLightSpeedCarRacingGame&amp;gaid=174","activeCreativeID":"4788","scenes":["12","1","8","6","15","2"],"campaignAdType":"Native","title":"BCA","subTitle":"FW","description":"nope","adClickThroughText":"Link"},{"campaignID":"9131","attribution":0,"priority":"8","appToPromote":{"appToPromoteID":"17532","usesDefaultFrameImage":"0","usesDefaultCloseImage":"0","marketURL":"https:\/\/play.google.com\/store\/apps\/details?id=com.dhgate.buyermob","packageID":"com.dhgate.buyermob"},"showTemplate":1,"s2s_tracking_url":"https:\/\/tha.gotrackier.com\/click?campaign_id=63254\\u0026pub_id=75?p1=12403_9131_174&amp;source=6841&amp;app_name=NitroLightSpeedCarRacingGame&amp;gaid=174","activeCreativeID":"4483","scenes":["12","1","8","6","15","2"],"campaignAdType":"Interstitial"},{"campaignID":"561","attribution":0,"priority":"6","appToPromote":{"appToPromoteID":"5026","usesDefaultFrameImage":"0","usesDefaultCloseImage":"0","marketURL":"https:\/\/play.google.com\/store\/apps\/details?id=com.as.cashupapp","packageID":"com.as.cashupapp"},"showTemplate":1,"s2s_tracking_url":"https:\/\/play.google.com\/store\/apps\/details?id=com.as.cashupapp","activeCreativeID":"652","scenes":["12","1","8","6","15","2"],"campaignAdType":"Interstitial"},{"campaignID":"570","attribution":0,"priority":"6","appToPromote":{"appToPromoteID":"3802","usesDefaultFrameImage":"0","usesDefaultCloseImage":"0","marketURL":"https:\/\/play.google.com\/store\/apps\/details?id=com.Madxstudios.Flickshootsoccer","packageID":"com.Madxstudios.Flickshootsoccer"},"showTemplate":1,"s2s_tracking_url":"https:\/\/play.google.com\/store\/apps\/details?id=com.Madxstudios.Flickshootsoccer","activeCreativeID":"661","scenes":["12","1","8","6","15","2"],"campaignAdType":"Interstitial"},{"campaignID":"588","attribution":0,"priority":"6","appToPromote":{"appToPromoteID":"5026","usesDefaultFrameImage":"0","usesDefaultCloseImage":"0","marketURL":"https:\/\/play.google.com\/store\/apps\/details?id=com.as.cashupapp","packageID":"com.as.cashupapp"},"showTemplate":1,"s2s_tracking_url":"https:\/\/play.google.com\/store\/apps\/details?id=com.as.cashupapp","activeCreativeID":"652","scenes":["12","1","8","6","15","2"],"campaignAdType":"Interstitial"},{"campaignID":"6620","attribution":0,"priority":"6","appToPromote":{"appToPromoteID":"12980","usesDefaultFrameImage":"0","usesDefaultCloseImage":"0","marketURL":"https:\/\/play.google.com\/store\/apps\/details?id=com.sx.cooking.cafe.restaurant","packageID":"com.sx.cooking.cafe.restaurant"},"showTemplate":1,"s2s_tracking_url":"https:\/\/play.google.com\/store\/apps\/details?id=com.sx.cooking.cafe.restaurant","activeCreativeID":"1702","scenes":["12","1","8","6","15","2"],"campaignAdType":"Interstitial"},{"campaignID":"6596","attribution":0,"priority":"5","appToPromote":{"appToPromoteID":"12980","usesDefaultFrameImage":"0","usesDefaultCloseImage":"0","marketURL":"https:\/\/play.google.com\/store\/apps\/details?id=com.sx.cooking.cafe.restaurant","packageID":"com.sx.cooking.cafe.restaurant"},"showTemplate":1,"s2s_tracking_url":"https:\/\/play.google.com\/store\/apps\/details?id=com.sx.cooking.cafe.restaurant","activeCreativeID":"1702","scenes":["12","1","8","6","15","2"],"campaignAdType":"Interstitial"},{"campaignID":"414","attribution":0,"priority":"3","appToPromote":{"appToPromoteID":"3023","usesDefaultFrameImage":"0","usesDefaultCloseImage":"0","marketURL":"https:\/\/play.google.com\/store\/apps\/details?id=com.appricot2d.rolo.pet.parrot","packageID":"com.appricot2d.rolo.pet.parrot"},"showTemplate":1,"s2s_tracking_url":"https:\/\/play.google.com\/store\/apps\/details?id=com.appricot2d.rolo.pet.parrot","activeCreativeID":"385","scenes":["12","1","8","6","15","2"],"campaignAdType":"Interstitial"},{"campaignID":"559","attribution":0,"priority":"3","appToPromote":{"appToPromoteID":"3476","usesDefaultFrameImage":"0","usesDefaultCloseImage":"0","marketURL":"https:\/\/play.google.com\/store\/apps\/details?id=com.perspectivegames.real.impossible.tracks.stunts","packageID":"com.perspectivegames.real.impossible.tracks.stunts"},"showTemplate":1,"s2s_tracking_url":"https:\/\/play.google.com\/store\/apps\/details?id=com.perspectivegames.real.impossible.tracks.stunts","activeCreativeID":"649","scenes":["12","1","8","6","15","2"],"campaignAdType":"Interstitial"},{"campaignID":"741","attribution":0,"priority":"3","appToPromote":{"appToPromoteID":"5609","usesDefaultFrameImage":"0","usesDefaultCloseImage":"0","marketURL":"https:\/\/play.google.com\/store\/apps\/details?id=com.kick.gyroscopic.city.train.driver.simulator","packageID":"com.kick.gyroscopic.city.train.driver.simulator"},"showTemplate":1,"s2s_tracking_url":"https:\/\/play.google.com\/store\/apps\/details?id=com.kick.gyroscopic.city.train.driver.simulator","activeCreativeID":"753","scenes":["12","1","8","6","15","2"],"campaignAdType":"Interstitial"},{"campaignID":"798","attribution":0,"priority":"3","appToPromote":{"appToPromoteID":"5770","usesDefaultFrameImage":"0","usesDefaultCloseImage":"0","marketURL":"https:\/\/play.google.com\/store\/apps\/details?id=com.simulatorgames3d.alohacelebrations","packageID":"com.simulatorgames3d.alohacelebrations"},"showTemplate":1,"s2s_tracking_url":"https:\/\/play.google.com\/store\/apps\/details?id=com.simulatorgames3d.alohacelebrations","activeCreativeID":"787","scenes":["12","1","8","6","15","2"],"campaignAdType":"Interstitial"},{"campaignID":"1483","attribution":0,"priority":"3","appToPromote":{"appToPromoteID":"1714","usesDefaultFrameImage":"1","usesDefaultCloseImage":"1","marketURL":"https:\/\/play.google.com\/store\/apps\/details?id=com.playink.cookie.maker","packageID":"com.playink.cookie.maker"},"showTemplate":1,"s2s_tracking_url":"https:\/\/play.google.com\/store\/apps\/details?id=com.playink.cookie.maker","activeCreativeID":"1020","scenes":["12","1","8","6","15","2"],"campaignAdType":"Interstitial"},{"campaignID":"8762","attribution":0,"priority":"2","appToPromote":{"appToPromoteID":"13265","usesDefaultFrameImage":"0","usesDefaultCloseImage":"0","marketURL":"https:\/\/play.google.com\/store\/apps\/details?id=com.rhg.tricky.bike.stunt.moto.master","packageID":"com.rhg.tricky.bike.stunt.moto.master"},"showTemplate":1,"s2s_tracking_url":"https:\/\/play.google.com\/store\/apps\/details?id=com.rhg.tricky.bike.stunt.moto.master","activeCreativeID":"4121","scenes":["12","1","8","6","15","2"],"campaignAdType":"Rewarded Video"},{"campaignID":"602","attribution":0,"priority":"2","appToPromote":{"appToPromoteID":"5444","usesDefaultFrameImage":"0","usesDefaultCloseImage":"0","marketURL":"https:\/\/play.google.com\/store\/apps\/details?id=com.simulatorgame3d.impossibleairtracks","packageID":"com.simulatorgame3d.impossibleairtracks"},"showTemplate":1,"s2s_tracking_url":"https:\/\/play.google.com\/store\/apps\/details?id=com.simulatorgame3d.impossibleairtracks","activeCreativeID":"700","scenes":["12","1","8","6","15","2"],"campaignAdType":"Interstitial"}],"refreshAdRate":30,"mode":"Production","aspectRatio":"9_16","cdnPath":"https:\/\/df8ymybeo92md.cloudfront.net\/images\/","sentry_log":0,"local_logging":0,"sentry_dsn":"https:\/\/93ffa1c9a4124f67b8888a53265f751a:bbf998e04584477fa9a145838e9d3b26@sentry.io\/168994","sentry_initialization":1,"sentry_debugging":0,"bannerSizes":["1"],"aspectRatioVideo":"9_16","app_id":"12403","showPreRewardedDialogue":0,"showPostRewardedDialogue":0,"rewardCurrency":"coins","rewardValue":0,"isSkipable":1,"privacyPolicyURL":"https:\/\/www.consoliads.com\/privacy-policy\/","sessionToken":"k2WENCfDdMkoSlE\/FbiAR9aU3A7nr\/j2MgxzdKIDssgIa9QDONkHOL1qGqwqDq2VbqrkkWaUwIR89LpgSCn7PC43X5JkD8zlzLsLIxPtECEocRjSEMisqept9lHEnDR7H4\/g4QMJ4liMB5nICNQC+ZaSPrR8WwDAxjYvNUqQU2o="}
Session token value is set

mode value is set

 Aspect ratio value is correct
sentry_log value is set
Session token value is set


{"appKey":"000ebaba202ff04f7a4fd938b853597c","osVersion":"7.0","orientation":"0","is_mac":"0","model":"GT-Snnn0","deviceID":"458","telco_operator":"Oi","cpu":"0","brand":"HONOR","userConsent":"0","internet_connectivity":"0","height":"283","architecture":"aarch64","width":"283","resolution":"1436x720","ram":"1.77 GB","sdkVersion":"2056","product":"STK-L21M","devMode":"0"}
cache_ttl value is correct

Title value is correct

Refresh Ad Rate value is correct
mode value is set

 Aspect ratio value is correct
sentry_log value is set
local_logging value is set
sentry_initialization value is set
sentry_debugging value is set
showPreRewardedDialogue value is set
showPostRewardedDialogue value is set
isSkipable value is set
{"cache_ttl":10080,"cache_ttl_rewarded":10080,"cache_ttl_banner":10080,"cache_ttl_native":10080,"cache_ttl_icon":10080,"campaigns":[{"campaignID":0,"priority":10,"appToPromote":{"appToPromoteID":0,"usesDefaultFrameImage":"1","usesDefaultCloseImage":"1","packageID":"testPackage"},"showTemplate":2,"activeCreativeID":0,"campaignAdType":"Interstitial","scenes":["1","2","3","8","5"]},{"campaignID":0,"priority":10,"appToPromote":{"appToPromoteID":0,"usesDefaultFrameImage":"1","usesDefaultCloseImage":"1","packageID":"testPackage"},"showTemplate":2,"activeCreativeID":0,"campaignAdType":"Video","scenes":["1","2","3","8","5"]},{"campaignID":0,"priority":10,"appToPromote":{"appToPromoteID":0,"usesDefaultFrameImage":"1","usesDefaultCloseImage":"1","packageID":"testPackage"},"showTemplate":2,"activeCreativeID":0,"campaignAdType":"Rewarded Video","scenes":["1","2","3","8","5"]},{"campaignID":0,"priority":10,"appToPromote":{"appToPromoteID":0,"usesDefaultFrameImage":"1","usesDefaultCloseImage":"1","marketURL":"https:\/\/play.google.com","packageID":"testPackage"},"showTemplate":2,"activeCreativeID":0,"campaignAdType":"Banner","scenes":["1","2","3","8","5"]},{"campaignID":0,"priority":10,"appToPromote":{"appToPromoteID":0,"usesDefaultFrameImage":"1","usesDefaultCloseImage":"1","marketURL":"https:\/\/play.google.com","packageID":"testPackage"},"showTemplate":2,"activeCreativeID":0,"campaignAdType":"Native","title":"Test Title","subTitle":"Test Subtitle","description":"This is test description","adChoicesLink":"www.google.com","adClickThroughText":"Open Link","scenes":["1","2","3","8","5"]},{"campaignID":0,"priority":10,"appToPromote":{"appToPromoteID":0,"usesDefaultFrameImage":"1","usesDefaultCloseImage":"1","marketURL":"https:\/\/play.google.com","packageID":"testPackage"},"showTemplate":2,"activeCreativeID":0,"campaignAdType":"Icon","scenes":["1","2","3","8","5"]}],"refreshAdRate":30,"mode":"Testing","aspectRatio":"9_16","cdnPath":"https:\/\/df8ymybeo92md.cloudfront.net\/images\/","sentry_log":0,"local_logging":0,"sentry_dsn":"https:\/\/e6dcd89483ae4d13b0f42ed3810d8d62:078421c4ad3d43f19885b30828ce7ee6@sentry.io\/187776","sentry_initialization":1,"sentry_debugging":0,"bannerSizes":["1"],"aspectRatioVideo":"9_16","app_id":"13254","showPreRewardedDialogue":0,"showPostRewardedDialogue":0,"rewardCurrency":"coins","rewardValue":0,"isSkipable":1,"privacyPolicyURL":"https:\/\/www.consoliads.com\/privacy-policy\/","sessionToken":"hmoHcjQ7q8\/bpk1VO66nP\/FdL6+YV0Ky41hmJb7pRce49OsrhYzySMBg\/F\/eWx416ZTJf1D5cwQ0g7oy+BXJsf4ylGj3n8D4FrGMUWIXTyqtpRqRvCK1qPIeGFuijUVt5MDZK6UlOgBfiFY00XHvxS5awbi5Z1X4k1odEH9JSu8="}
Session token value is set


{"appKey":"0010f29c602f3f3750645c8b4852f66f","osVersion":"6.0","orientation":"0","is_mac":"0","model":"GT-Snnn2","deviceID":"663","telco_operator":"Maroc","cpu":"0","brand":"vivo","userConsent":"0","internet_connectivity":"0","height":"365","architecture":"armv8l","width":"365","resolution":"1344x720","ram":"1.68 GB","sdkVersion":"2056","product":"aosp_arm","devMode":"0"}
cache_ttl value is correct

Title value is correct

Title value is correct

Title value is correct

Title value is correct

Title value is correct

Title value is correct

Refresh Ad Rate value is correct
mode value is set

 Aspect ratio value is correct
sentry_log value is set
local_logging value is set
sentry_initialization value is set
sentry_debugging value is set
showPreRewardedDialogue value is set
showPostRewardedDialogue value is set
isSkipable value is set
{"cache_ttl":10080,"cache_ttl_rewarded":10080,"cache_ttl_banner":10080,"cache_ttl_native":10080,"cache_ttl_icon":10080,"campaigns":[{"campaignID":"8921","attribution":0,"priority":"2","appToPromote":{"appToPromoteID":"16363","usesDefaultFrameImage":"0","usesDefaultCloseImage":"0","marketURL":"https:\/\/play.google.com\/store\/apps\/details?id=com.gamecrew.tank.robot.car.transform.gangster.robot.war","packageID":"com.gamecrew.tank.robot.car.transform.gangster.robot.war"},"showTemplate":1,"s2s_tracking_url":"https:\/\/play.google.com\/store\/apps\/details?id=com.gamecrew.tank.robot.car.transform.gangster.robot.war","activeCreativeID":"4291","scenes":["1","2","8","13"],"campaignAdType":"Video"},{"campaignID":"8922","attribution":0,"priority":"2","appToPromote":{"appToPromoteID":"17331","usesDefaultFrameImage":"0","usesDefaultCloseImage":"0","marketURL":"https:\/\/play.google.com\/store\/apps\/details?id=com.gamehivestudios.leapord.transform.bike.robot.shooting.robotgames","packageID":"com.funhive521.leopard"},"showTemplate":1,"s2s_tracking_url":"https:\/\/play.google.com\/store\/apps\/details?id=com.gamehivestudios.leapord.transform.bike.robot.shooting.robotgames","activeCreativeID":"4292","scenes":["1","2","8","13"],"campaignAdType":"Video"},{"campaignID":"8478","attribution":0,"priority":"2","appToPromote":{"appToPromoteID":"16363","usesDefaultFrameImage":"0","usesDefaultCloseImage":"0","marketURL":"https:\/\/play.google.com\/store\/apps\/details?id=com.gamecrew.tank.robot.car.transform.gangster.robot.war","packageID":"com.gamecrew.tank.robot.car.transform.gangster.robot.war"},"showTemplate":1,"s2s_tracking_url":"https:\/\/play.google.com\/store\/apps\/details?id=com.gamecrew.tank.robot.car.transform.gangster.robot.war","activeCreativeID":"3816","scenes":["1","2","8","13"],"campaignAdType":"Icon"},{"campaignID":"8633","attribution":0,"priority":"1","appToPromote":{"appToPromoteID":"15887","usesDefaultFrameImage":"0","usesDefaultCloseImage":"0","marketURL":"https:\/\/play.google.com\/store\/apps\/details?id=com.gamecrew.flying.goat.transform.robot.war.robot.hero","packageID":"com.gamecrew.flying.goat.transform.robot.war.robot.hero"},"showTemplate":1,"s2s_tracking_url":"https:\/\/play.google.com\/store\/apps\/details?id=com.gamecrew.flying.goat.transform.robot.war.robot.hero","activeCreativeID":"3989","scenes":["1","2","8","13"],"campaignAdType":"Video"},{"campaignID":"8226","attribution":0,"priority":"8","appToPromote":{"appToPromoteID":"12623","usesDefaultFrameImage":"0","usesDefaultCloseImage":"0","marketURL":"https:\/\/play.google.com\/store\/apps\/details?id=com.igg.android.lordsmobile&amp;referrer=utm_source=42matters.com&amp;utm_medium=api","packageID":"com.nooribrand.android.lordsmobile"},"showTemplate":1,"s2s_tracking_url":"https:\/\/play.google.com\/store\/apps\/details?id=com.igg.android.lordsmobile&amp;referrer=utm_source=42matters.com&amp;utm_medium=api","activeCreativeID":"3557","scenes":["1","2","8","13"],"campaignAdType":"Icon"},{"campaignID":"8613","attribution":0,"priority":"8","appToPromote":{"appToPromoteID":"12623","usesDefaultFrameImage":"0","usesDefaultCloseImage":"0","marketURL":"https:\/\/play.google.com\/store\/apps\/details?id=com.igg.android.lordsmobile&amp;referrer=utm_source=42matters.com&amp;utm_medium=api","packageID":"com.nooribrand.android.lordsmobile"},"showTemplate":1,"s2s_tracking_url":"https:\/\/play.google.com\/store\/apps\/details?id=com.igg.android.lordsmobile&amp;referrer=utm_source=42matters.com&amp;utm_medium=api","activeCreativeID":"3557","scenes":["1","2","8","13"],"campaignAdType":"Icon"},{"campaignID":"9249","attribution_link":"https:\/\/app.appsflyer.com\/com.lgn.gun.strike.war.train.shooting.games?pid=consoliads_int&amp;af_click_lookback=7d&amp;clickid=15227_9249_663&amp;android_id={android_id}&amp;sha1_android_id={sha1_android_id}&amp;advertising_id=663&amp;sha1_advertising_id=b66cd90e3946dd63b5a914d5eb2c7eddb46177ec&amp;af_keywords=2","attribution":1,"priority":"8","appToPromote":{"appToPromoteID":"13421","usesDefaultFrameImage":"0","usesDefaultCloseImage":"0","marketURL":"http:\/\/www.google.com","packageID":"com.appricot2d.testt"},"showTemplate":1,"s2s_tracking_url":"https:\/\/app.appsflyer.com\/com.lgn.gun.strike.war.train.shooting.games?pid=consoliads_int&amp;af_click_lookback=7d&amp;clickid=15227_9249_663&amp;android_id={android_id}&amp;sha1_android_id={sha1_android_id}&amp;advertising_id=663&amp;sha1_advertising_id=b66cd90e3946dd63b5a914d5eb2c7eddb46177ec&amp;af_keywords=2","activeCreativeID":"4679","scenes":["1","2","8","13"],"campaignAdType":"Interstitial"},{"campaignID":"9252","attribution":0,"priority":"8","appToPromote":{"appToPromoteID":"12315","usesDefaultFrameImage":"0","usesDefaultCloseImage":"0","marketURL":"google.com","packageID":"com.qabrand.plnative"},"showTemplate":1,"s2s_tracking_url":"google.com","activeCreativeID":"4683","scenes":["1","2","8","13"],"campaignAdType":"Native","title":"Native first","subTitle":"First ","description":"New description","adClickThroughText":"FIRST Button"},{"campaignID":"9253","attribution":0,"priority":"8","appToPromote":{"appToPromoteID":"12315","usesDefaultFrameImage":"0","usesDefaultCloseImage":"0","marketURL":"google.com","packageID":"com.qabrand.plnative"},"showTemplate":1,"s2s_tracking_url":"google.com","activeCreativeID":"4683","scenes":["1","2","8","13"],"campaignAdType":"Native","title":"Native first","subTitle":"First ","description":"New description","adClickThroughText":"FIRST Button"},{"campaignID":"9255","attribution":0,"priority":"8","appToPromote":{"appToPromoteID":"13274","usesDefaultFrameImage":"0","usesDefaultCloseImage":"0","marketURL":"https:\/\/play.google.com\/store\/apps\/details?id=com.facebook.katana","packageID":"com.salon.adsalon"},"showTemplate":1,"s2s_tracking_url":"https:\/\/play.google.com\/store\/apps\/details?id=com.facebook.katana","activeCreativeID":"4685","scenes":["1","2","8","13"],"campaignAdType":"Native","title":"native NA ","subTitle":"native NA ","description":"native NA added","adClickThroughText":"native NA "},{"campaignID":"9257","attribution":0,"priority":"8","appToPromote":{"appToPromoteID":"12286","usesDefaultFrameImage":"0","usesDefaultCloseImage":"0","marketURL":"google.com","packageID":"com.qabrand.Chartboost_Native"},"showTemplate":1,"s2s_tracking_url":"google.com","activeCreativeID":"4688","scenes":["1","2","8","13"],"campaignAdType":"Native","title":"Native second updated","subTitle":"Native second ","description":"Native second details","adClickThroughText":"Native second "},{"campaignID":"9261","attribution_link":"https:\/\/app.appsflyer.com\/com.lgn.gun.strike.war.train.shooting.games?pid=consoliads_int&amp;af_click_lookback=7d&amp;clickid=15227_9261_663&amp;android_id={android_id}&amp;sha1_android_id={sha1_android_id}&amp;advertising_id=663&amp;sha1_advertising_id=b66cd90e3946dd63b5a914d5eb2c7eddb46177ec&amp;af_keywords=2","attribution":1,"priority":"8","appToPromote":{"appToPromoteID":"13421","usesDefaultFrameImage":"0","usesDefaultCloseImage":"0","marketURL":"http:\/\/www.google.com","packageID":"com.appricot2d.testt"},"showTemplate":1,"s2s_tracking_url":"https:\/\/app.appsflyer.com\/com.lgn.gun.strike.war.train.shooting.games?pid=consoliads_int&amp;af_click_lookback=7d&amp;clickid=15227_9261_663&amp;android_id={android_id}&amp;sha1_android_id={sha1_android_id}&amp;advertising_id=663&amp;sha1_advertising_id=b66cd90e3946dd63b5a914d5eb2c7eddb46177ec&amp;af_keywords=2","activeCreativeID":"4692","scenes":["1","2","8","13"],"campaignAdType":"Interstitial"},{"campaignID":"9263","attribution":0,"priority":"8","appToPromote":{"appToPromoteID":"12315","usesDefaultFrameImage":"0","usesDefaultCloseImage":"0","marketURL":"google.com","packageID":"com.qabrand.plnative"},"showTemplate":1,"s2s_tracking_url":"google.com","activeCreativeID":"4694","scenes":["1","2","8","13"],"campaignAdType":"Native","title":"test","subTitle":"test","description":" test details update","adClickThroughText":"test"},{"campaignID":"9127","attribution":0,"priority":"8","appToPromote":{"appToPromoteID":"17528","usesDefaultFrameImage":"0","usesDefaultCloseImage":"0","marketURL":"https:\/\/play.google.com\/store\/apps\/details?id=net.one97.paytm","packageID":"net.one97.paytm"},"showTemplate":1,"s2s_tracking_url":"https:\/\/tha.gotrackier.com\/click?campaign_id=63249\\u0026pub_id=75?p1=15227_9127_663&amp;source=6841&amp;app_name=FormulaCarRobot&amp;gaid=663","activeCreativeID":"4788","scenes":["1","2","8","13"],"campaignAdType":"Native","title":"BCA","subTitle":"FW","description":"nope","adClickThroughText":"Link"},{"campaignID":"9131","attribution":0,"priority":"8","appToPromote":{"appToPromoteID":"17532","usesDefaultFrameImage":"0","usesDefaultCloseImage":"0","marketURL":"https:\/\/play.google.com\/store\/apps\/details?id=com.dhgate.buyermob","packageID":"com.dhgate.buyermob"},"showTemplate":1,"s2s_tracking_url":"https:\/\/tha.gotrackier.com\/click?campaign_id=63254\\u0026pub_id=75?p1=15227_9131_663&amp;source=6841&amp;app_name=FormulaCarRobot&amp;gaid=663","activeCreativeID":"4483","scenes":["1","2","8","13"],"campaignAdType":"Interstitial"},{"campaignID":"561","attribution":0,"priority":"6","appToPromote":{"appToPromoteID":"5026","usesDefaultFrameImage":"0","usesDefaultCloseImage":"0","marketURL":"https:\/\/play.google.com\/store\/apps\/details?id=com.as.cashupapp","packageID":"com.as.cashupapp"},"showTemplate":1,"s2s_tracking_url":"https:\/\/play.google.com\/store\/apps\/details?id=com.as.cashupapp","activeCreativeID":"652","scenes":["1","2","8","13"],"campaignAdType":"Interstitial"},{"campaignID":"570","attribution":0,"priority":"6","appToPromote":{"appToPromoteID":"3802","usesDefaultFrameImage":"0","usesDefaultCloseImage":"0","marketURL":"https:\/\/play.google.com\/store\/apps\/details?id=com.Madxstudios.Flickshootsoccer","packageID":"com.Madxstudios.Flickshootsoccer"},"showTemplate":1,"s2s_tracking_url":"https:\/\/play.google.com\/store\/apps\/details?id=com.Madxstudios.Flickshootsoccer","activeCreativeID":"661","scenes":["1","2","8","13"],"campaignAdType":"Interstitial"},{"campaignID":"588","attribution":0,"priority":"6","appToPromote":{"appToPromoteID":"5026","usesDefaultFrameImage":"0","usesDefaultCloseImage":"0","marketURL":"https:\/\/play.google.com\/store\/apps\/details?id=com.as.cashupapp","packageID":"com.as.cashupapp"},"showTemplate":1,"s2s_tracking_url":"https:\/\/play.google.com\/store\/apps\/details?id=com.as.cashupapp","activeCreativeID":"652","scenes":["1","2","8","13"],"campaignAdType":"Interstitial"},{"campaignID":"6620","attribution":0,"priority":"6","appToPromote":{"appToPromoteID":"12980","usesDefaultFrameImage":"0","usesDefaultCloseImage":"0","marketURL":"https:\/\/play.google.com\/store\/apps\/details?id=com.sx.cooking.cafe.restaurant","packageID":"com.sx.cooking.cafe.restaurant"},"showTemplate":1,"s2s_tracking_url":"https:\/\/play.google.com\/store\/apps\/details?id=com.sx.cooking.cafe.restaurant","activeCreativeID":"1702","scenes":["1","2","8","13"],"campaignAdType":"Interstitial"},{"campaignID":"8876","attribution":0,"priority":"5","appToPromote":{"appToPromoteID":"15640","usesDefaultFrameImage":"0","usesDefaultCloseImage":"0","marketURL":"https:\/\/play.google.com\/store\/apps\/details?id=com.pgz.police.bike.stunt.ramp.bike.racing.games","packageID":"com.pgz.police.bike.stunt.ramp.bike.racing.games"},"showTemplate":1,"s2s_tracking_url":"https:\/\/play.google.com\/store\/apps\/details?id=com.pgz.police.bike.stunt.ramp.bike.racing.games","activeCreativeID":"4236","scenes":["1","2","8","13"],"campaignAdType":"Interstitial"},{"campaignID":"6596","attribution":0,"priority":"5","appToPromote":{"appToPromoteID":"12980","usesDefaultFrameImage":"0","usesDefaultCloseImage":"0","marketURL":"https:\/\/play.google.com\/store\/apps\/details?id=com.sx.cooking.cafe.restaurant","packageID":"com.sx.cooking.cafe.restaurant"},"showTemplate":1,"s2s_tracking_url":"https:\/\/play.google.com\/store\/apps\/details?id=com.sx.cooking.cafe.restaurant","activeCreativeID":"1702","scenes":["1","2","8","13"],"campaignAdType":"Interstitial"},{"campaignID":"414","attribution":0,"priority":"3","appToPromote":{"appToPromoteID":"3023","usesDefaultFrameImage":"0","usesDefaultCloseImage":"0","marketURL":"https:\/\/play.google.com\/store\/apps\/details?id=com.appricot2d.rolo.pet.parrot","packageID":"com.appricot2d.rolo.pet.parrot"},"showTemplate":1,"s2s_tracking_url":"https:\/\/play.google.com\/store\/apps\/details?id=com.appricot2d.rolo.pet.parrot","activeCreativeID":"385","scenes":["1","2","8","13"],"campaignAdType":"Interstitial"},{"campaignID":"559","attribution":0,"priority":"3","appToPromote":{"appToPromoteID":"3476","usesDefaultFrameImage":"0","usesDefaultCloseImage":"0","marketURL":"https:\/\/play.google.com\/store\/apps\/details?id=com.perspectivegames.real.impossible.tracks.stunts","packageID":"com.perspectivegames.real.impossible.tracks.stunts"},"showTemplate":1,"s2s_tracking_url":"https:\/\/play.google.com\/store\/apps\/details?id=com.perspectivegames.real.impossible.tracks.stunts","activeCreativeID":"649","scenes":["1","2","8","13"],"campaignAdType":"Interstitial"},{"campaignID":"741","attribution":0,"priority":"3","appToPromote":{"appToPromoteID":"5609","usesDefaultFrameImage":"0","usesDefaultCloseImage":"0","marketURL":"https:\/\/play.google.com\/store\/apps\/details?id=com.kick.gyroscopic.city.train.driver.simulator","packageID":"com.kick.gyroscopic.city.train.driver.simulator"},"showTemplate":1,"s2s_tracking_url":"https:\/\/play.google.com\/store\/apps\/details?id=com.kick.gyroscopic.city.train.driver.simulator","activeCreativeID":"753","scenes":["1","2","8","13"],"campaignAdType":"Interstitial"}],"refreshAdRate":30,"mode":"Production","aspectRatio":"9_16","cdnPath":"https:\/\/df8ymybeo92md.cloudfront.net\/images\/","sentry_log":0,"local_logging":0,"sentry_dsn":"https:\/\/93ffa1c9a4124f67b8888a53265f751a:bbf998e04584477fa9a145838e9d3b26@sentry.io\/168994","sentry_initialization":1,"sentry_debugging":0,"bannerSizes":["1"],"aspectRatioVideo":"9_16","app_id":"15227","showPreRewardedDialogue":0,"showPostRewardedDialogue":0,"rewardCurrency":"coins","rewardValue":0,"isSkipable":1,"privacyPolicyURL":"https:\/\/www.consoliads.com\/privacy-policy\/","sessionToken":"jD4c72f0KF3CJ\/U+r4HGaxoxALYOj33EltJlDeWEeIJuG28MYA881QqcJK5Y8b9UDkTpc+uDSEulHe\/Y4qXqelprU6tlBkvr2nArhpbiUIYL59aYdp\/aekIhe7\/2l86XuSM\/R7whYT+julXk62CPzyKHhXVlimgAoSSQOumRaOk="}
Session token value is set

mode value is set

 Aspect ratio value is correct
sentry_log value is set
Session token value is set


{"appKey":"00158764536c49fb352d25d1149398a5","osVersion":"4.4","orientation":"0","is_mac":"0","model":"E5673","deviceID":"892","telco_operator":"airtel","cpu":"0","brand":"realme","userConsent":"0","internet_connectivity":"0","height":"457","architecture":"aarch81","width":"457","resolution":"1387x720","ram":"2.75 GB","sdkVersion":"2056","product":"iPhone","devMode":"0"}
cache_ttl value is correct

Refresh Ad Rate value is correct
mode value is set

 Aspect ratio value is correct
sentry_log value is set
local_logging value is set
sentry_initialization value is set
sentry_debugging value is set
showPreRewardedDialogue value is set
showPostRewardedDialogue value is set
isSkipable value is set
{"cache_ttl":10080,"cache_ttl_rewarded":10080,"cache_ttl_banner":10080,"cache_ttl_native":10080,"cache_ttl_icon":10080,"refreshAdRate":30,"mode":"Production","aspectRatio":"9_16","cdnPath":"https:\/\/df8ymybeo92md.cloudfront.net\/images\/","sentry_log":0,"local_logging":0,"sentry_dsn":"https:\/\/93ffa1c9a4124f67b8888a53265f751a:bbf998e04584477fa9a145838e9d3b26@sentry.io\/168994","sentry_initialization":1,"sentry_debugging":0,"bannerSizes":["1"],"aspectRatioVideo":"9_16","app_id":"12689","showPreRewardedDialogue":0,"showPostRewardedDialogue":0,"rewardCurrency":"coins","rewardValue":0,"isSkipable":1,"privacyPolicyURL":"https:\/\/www.consoliads.com\/privacy-policy\/","sessionToken":"YvKLLS7YYTzMLe\/jFDMwCxGYquIwdKndbeKViduZdCBAOekwjaTeOPBeM0tObjx8ErEwrikN6DlldhIucQ0RC3o+n3p2cYGmKlGAYsEIVucG+jqNnYTfPRdAZnM9uIPp+f4ZGRugp0vGNN\/eb6wWqzYlFBJehd64fgMHrtzWWF4="}
Session token value is set


{"appKey":"001df35eabe3ef8bf4cf6645e3e819f5","osVersion":"4.3","orientation":"0","is_mac":"0","model":"E3372","deviceID":"380","telco_operator":"Metfone","cpu":"0","brand":"iPhone","userConsent":"0","internet_connectivity":"0","height":"252","architecture":"aarch81","width":"252","resolution":"1080 x 1920","ram":"1,37 GB","sdkVersion":"26","product":"LUA-U22","devMode":"0"}
cache_ttl value is correct

Refresh Ad Rate value is correct
mode value is set

 Aspect ratio value is correct
sentry_log value is set
local_logging value is set
sentry_initialization value is set
sentry_debugging value is set
showPreRewardedDialogue value is set
showPostRewardedDialogue value is set
isSkipable value is set
{"cache_ttl":10080,"cache_ttl_rewarded":10080,"cache_ttl_banner":10080,"cache_ttl_native":10080,"cache_ttl_icon":10080,"refreshAdRate":30,"mode":"Production","aspectRatio":"9_16","cdnPath":"https:\/\/df8ymybeo92md.cloudfront.net\/images\/","sentry_log":0,"local_logging":0,"sentry_dsn":"https:\/\/e6dcd89483ae4d13b0f42ed3810d8d62:078421c4ad3d43f19885b30828ce7ee6@sentry.io\/187776","sentry_initialization":1,"sentry_debugging":0,"bannerSizes":["5"],"aspectRatioVideo":"9_16","app_id":"6678","showPreRewardedDialogue":0,"showPostRewardedDialogue":0,"rewardCurrency":"coins","rewardValue":0,"isSkipable":0,"privacyPolicyURL":"https:\/\/www.consoliads.com\/privacy-policy\/","sessionToken":"uRxwFCs8ZtS+Iw17lR4+s2ZKn7LaXY4ugA1cc\/q2Iv72CEACzwSXdgU4D7kO3mteM5CfB\/ecHy8YUVhJEti5eUsR\/A7yxajKC6hteef47ntNVooaT2orTavqwz\/nIm2QwoPMgeY62KMx7UYeIhJAbrJ1CgHzW5g2bSE7HAFWc6A="}
Session token value is set

{"appKey":"00213e22a8396c544210355c3aba9f65","osVersion":"4.2","orientation":"0","is_mac":"0","model":"iphone 3GS","deviceID":"2","telco_operator":" Ooredoo","cpu":"0","brand":"OPPO","userConsent":"0","internet_connectivity":"0","height":"101","architecture":"armv64","width":"101","resolution":"1440 x 2960","ram":"3.69 GB","sdkVersion":"22","product":"BKK-LX2","devMode":"0"}: Status code not OK,http://52.13.174.6/sheeda/admin/api/startNewAdSession_2 API has failed at 7 NotFound

{"appKey":"002229c00caf8829ed5d397ed1ed206d","osVersion":"9.0","orientation":"0","is_mac":"0","model":"GT-Nnnn0","deviceID":"131","telco_operator":"","cpu":"0","brand":"HUAWEI","userConsent":"0","internet_connectivity":"0","height":"152","architecture":"","width":"152","resolution":"1280x720","ram":"953,45 MB","sdkVersion":"26","product":"j7xeltexx","devMode":"0"}
cache_ttl value is correct

Refresh Ad Rate value is correct
mode value is set

 Aspect ratio value is correct
sentry_log value is set
local_logging value is set
sentry_initialization value is set
sentry_debugging value is set
showPreRewardedDialogue value is set
showPostRewardedDialogue value is set
isSkipable value is set
{"cache_ttl":10080,"cache_ttl_rewarded":10080,"cache_ttl_banner":10080,"cache_ttl_native":10080,"cache_ttl_icon":10080,"refreshAdRate":30,"mode":"Production","aspectRatio":"9_16","cdnPath":"https:\/\/df8ymybeo92md.cloudfront.net\/images\/","sentry_log":0,"local_logging":0,"sentry_dsn":"na","sentry_initialization":1,"sentry_debugging":0,"bannerSizes":[],"aspectRatioVideo":"9_16","app_id":"3924","showPreRewardedDialogue":0,"showPostRewardedDialogue":0,"rewardCurrency":"coins","rewardValue":0,"isSkipable":0,"privacyPolicyURL":"https:\/\/www.consoliads.com\/privacy-policy\/","sessionToken":"qbFaPLSBYj3FXlGsGKDUdJ+6oA7+ADVdGZZWb0EU6jR7qOTvuMnap9v490Y1gknse7zTkOD0UDLlSZe+i3g14Y0ZKr8cT0gmOjwqy3CoAs5rGa\/1NFvqQduz5SIjFc1gQ62XcBsHtECmyeSmHKqjsbXL\/tRDWUkxyP4VJpcpj1s="}
Session token value is set


{"appKey":"0024e0cf2fab9340f501d54a2092c2b0","osVersion":"8.0","orientation":"0","is_mac":"0","model":"SM-Nnn0","deviceID":"674","telco_operator":"Azercell","cpu":"0","brand":"Xiaomi","userConsent":"0","internet_connectivity":"0","height":"369","architecture":"0","width":"369","resolution":"1196x720","ram":"3.51 GB ","sdkVersion":"2056","product":"mido","devMode":"0"}
cache_ttl value is correct

Title value is correct

Title value is correct

Title value is correct

Title value is correct

Title value is correct

Title value is correct

Refresh Ad Rate value is correct
mode value is set

 Aspect ratio value is correct
sentry_log value is set
local_logging value is set
sentry_initialization value is set
sentry_debugging value is set
showPreRewardedDialogue value is set
showPostRewardedDialogue value is set
isSkipable value is set
{"cache_ttl":10080,"cache_ttl_rewarded":10080,"cache_ttl_banner":10080,"cache_ttl_native":10080,"cache_ttl_icon":10080,"campaigns":[{"campaignID":"9013","attribution":0,"priority":"5","appToPromote":{"appToPromoteID":"16967","usesDefaultFrameImage":"0","usesDefaultCloseImage":"0","marketURL":"https:\/\/play.google.com\/store\/apps\/details?id=com.wpl.modern.flying.atv.bike.taxi.driving","packageID":"com.wpl.modern.flying.atv.bike.taxi.driving"},"showTemplate":1,"s2s_tracking_url":"https:\/\/play.google.com\/store\/apps\/details?id=com.wpl.modern.flying.atv.bike.taxi.driving","activeCreativeID":"4377","scenes":["12","1","8","6","15","2"],"campaignAdType":"Icon"},{"campaignID":"9015","attribution":0,"priority":"5","appToPromote":{"appToPromoteID":"12413","usesDefaultFrameImage":"0","usesDefaultCloseImage":"0","marketURL":"https:\/\/play.google.com\/store\/apps\/details?id=com.rbgs.us.police.car.stunts2019","packageID":"com.rbgs.us.police.car.stunts2019"},"showTemplate":1,"s2s_tracking_url":"https:\/\/play.google.com\/store\/apps\/details?id=com.rbgs.us.police.car.stunts2019","activeCreativeID":"4379","scenes":["12","1","8","6","15","2"],"campaignAdType":"Interstitial"},{"campaignID":"8520","attribution":0,"priority":"5","appToPromote":{"appToPromoteID":"13233","usesDefaultFrameImage":"0","usesDefaultCloseImage":"0","marketURL":"https:\/\/play.google.com\/store\/apps\/details?id=com.wpl.us.police.bike.driving.prisoner.transporter","packageID":"com.wpl.us.police.bike.driving.prisoner.transporter"},"showTemplate":1,"s2s_tracking_url":"https:\/\/play.google.com\/store\/apps\/details?id=com.wpl.us.police.bike.driving.prisoner.transporter","activeCreativeID":"4340","scenes":["12","1","8","6","15","2"],"campaignAdType":"Icon"},{"campaignID":"8723","attribution":0,"priority":"5","appToPromote":{"appToPromoteID":"13040","usesDefaultFrameImage":"0","usesDefaultCloseImage":"0","marketURL":"https:\/\/play.google.com\/store\/apps\/details?id=com.rbgs.sniper.gun.shooting.fps.border","packageID":"com.rbgs.sniper.gun.shooting.fps.border"},"showTemplate":1,"s2s_tracking_url":"https:\/\/play.google.com\/store\/apps\/details?id=com.rbgs.sniper.gun.shooting.fps.border","activeCreativeID":"4081","scenes":["12","1","8","6","15","2"],"campaignAdType":"Icon"},{"campaignID":"8765","attribution":0,"priority":"4","appToPromote":{"appToPromoteID":"13040","usesDefaultFrameImage":"0","usesDefaultCloseImage":"0","marketURL":"https:\/\/play.google.com\/store\/apps\/details?id=com.rbgs.sniper.gun.shooting.fps.border","packageID":"com.rbgs.sniper.gun.shooting.fps.border"},"showTemplate":1,"s2s_tracking_url":"https:\/\/play.google.com\/store\/apps\/details?id=com.rbgs.sniper.gun.shooting.fps.border","activeCreativeID":"4125","scenes":["12","1","8","6","15","2"],"campaignAdType":"Interstitial"},{"campaignID":"8934","attribution":0,"priority":"3","appToPromote":{"appToPromoteID":"12533","usesDefaultFrameImage":"0","usesDefaultCloseImage":"0","marketURL":"https:\/\/play.google.com\/store\/apps\/details?id=com.rbgs.monster.truck.car.crash.derby.stunts","packageID":"com.rbgs.monster.truck.car.crash.derby.stunts"},"showTemplate":1,"s2s_tracking_url":"https:\/\/play.google.com\/store\/apps\/details?id=com.rbgs.monster.truck.car.crash.derby.stunts","activeCreativeID":"4304","scenes":["12","1","8","6","15","2"],"campaignAdType":"Interstitial"},{"campaignID":"8519","attribution":0,"priority":"3","appToPromote":{"appToPromoteID":"13233","usesDefaultFrameImage":"0","usesDefaultCloseImage":"0","marketURL":"https:\/\/play.google.com\/store\/apps\/details?id=com.wpl.us.police.bike.driving.prisoner.transporter","packageID":"com.wpl.us.police.bike.driving.prisoner.transporter"},"showTemplate":1,"s2s_tracking_url":"https:\/\/play.google.com\/store\/apps\/details?id=com.wpl.us.police.bike.driving.prisoner.transporter","activeCreativeID":"3865","scenes":["12","1","8","6","15","2"],"campaignAdType":"Interstitial"},{"campaignID":"8814","attribution":0,"priority":"2","appToPromote":{"appToPromoteID":"13082","usesDefaultFrameImage":"0","usesDefaultCloseImage":"0","marketURL":"https:\/\/play.google.com\/store\/apps\/details?id=com.wpl.dirt.bike.extreme.racing.tricky.stunts&amp;referrer=utm_source=42matters.com&amp;utm_medium=api","packageID":"com.wpl.dirt.bike.extreme.racing.tricky.stunts"},"showTemplate":1,"s2s_tracking_url":"https:\/\/play.google.com\/store\/apps\/details?id=com.wpl.dirt.bike.extreme.racing.tricky.stunts&amp;referrer=utm_source=42matters.com&amp;utm_medium=api","activeCreativeID":"4178","scenes":["12","1","8","6","15","2"],"campaignAdType":"Interstitial"},{"campaignID":"8815","attribution":0,"priority":"2","appToPromote":{"appToPromoteID":"16967","usesDefaultFrameImage":"0","usesDefaultCloseImage":"0","marketURL":"https:\/\/play.google.com\/store\/apps\/details?id=com.wpl.modern.flying.atv.bike.taxi.driving","packageID":"com.wpl.modern.flying.atv.bike.taxi.driving"},"showTemplate":1,"s2s_tracking_url":"https:\/\/play.google.com\/store\/apps\/details?id=com.wpl.modern.flying.atv.bike.taxi.driving","activeCreativeID":"4179","scenes":["12","1","8","6","15","2"],"campaignAdType":"Interstitial"},{"campaignID":"8857","attribution":0,"priority":"2","appToPromote":{"appToPromoteID":"17051","usesDefaultFrameImage":"0","usesDefaultCloseImage":"0","marketURL":"https:\/\/play.google.com\/store\/apps\/details?id=com.wpl.police.parking.formula.car.simulator","packageID":"com.wpl.police.parking.formula.car.simulator"},"showTemplate":1,"s2s_tracking_url":"https:\/\/play.google.com\/store\/apps\/details?id=com.wpl.police.parking.formula.car.simulator","activeCreativeID":"4219","scenes":["12","1","8","6","15","2"],"campaignAdType":"Interstitial"},{"campaignID":"9249","attribution_link":"https:\/\/app.appsflyer.com\/com.lgn.gun.strike.war.train.shooting.games?pid=consoliads_int&amp;af_click_lookback=7d&amp;clickid=12812_9249_674&amp;android_id={android_id}&amp;sha1_android_id={sha1_android_id}&amp;advertising_id=674&amp;sha1_advertising_id=ee49886656eacc1451a1a06ad61d7a8b31448650&amp;af_keywords=2","attribution":1,"priority":"8","appToPromote":{"appToPromoteID":"13421","usesDefaultFrameImage":"0","usesDefaultCloseImage":"0","marketURL":"http:\/\/www.google.com","packageID":"com.appricot2d.testt"},"showTemplate":1,"s2s_tracking_url":"https:\/\/app.appsflyer.com\/com.lgn.gun.strike.war.train.shooting.games?pid=consoliads_int&amp;af_click_lookback=7d&amp;clickid=12812_9249_674&amp;android_id={android_id}&amp;sha1_android_id={sha1_android_id}&amp;advertising_id=674&amp;sha1_advertising_id=ee49886656eacc1451a1a06ad61d7a8b31448650&amp;af_keywords=2","activeCreativeID":"4679","scenes":["12","1","8","6","15","2"],"campaignAdType":"Interstitial"},{"campaignID":"9252","attribution":0,"priority":"8","appToPromote":{"appToPromoteID":"12315","usesDefaultFrameImage":"0","usesDefaultCloseImage":"0","marketURL":"google.com","packageID":"com.qabrand.plnative"},"showTemplate":1,"s2s_tracking_url":"google.com","activeCreativeID":"4683","scenes":["12","1","8","6","15","2"],"campaignAdType":"Native","title":"Native first","subTitle":"First ","description":"New description","adClickThroughText":"FIRST Button"},{"campaignID":"9253","attribution":0,"priority":"8","appToPromote":{"appToPromoteID":"12315","usesDefaultFrameImage":"0","usesDefaultCloseImage":"0","marketURL":"google.com","packageID":"com.qabrand.plnative"},"showTemplate":1,"s2s_tracking_url":"google.com","activeCreativeID":"4683","scenes":["12","1","8","6","15","2"],"campaignAdType":"Native","title":"Native first","subTitle":"First ","description":"New description","adClickThroughText":"FIRST Button"},{"campaignID":"9255","attribution":0,"priority":"8","appToPromote":{"appToPromoteID":"13274","usesDefaultFrameImage":"0","usesDefaultCloseImage":"0","marketURL":"https:\/\/play.google.com\/store\/apps\/details?id=com.facebook.katana","packageID":"com.salon.adsalon"},"showTemplate":1,"s2s_tracking_url":"https:\/\/play.google.com\/store\/apps\/details?id=com.facebook.katana","activeCreativeID":"4685","scenes":["12","1","8","6","15","2"],"campaignAdType":"Native","title":"native NA ","subTitle":"native NA ","description":"native NA added","adClickThroughText":"native NA "},{"campaignID":"9257","attribution":0,"priority":"8","appToPromote":{"appToPromoteID":"12286","usesDefaultFrameImage":"0","usesDefaultCloseImage":"0","marketURL":"google.com","packageID":"com.qabrand.Chartboost_Native"},"showTemplate":1,"s2s_tracking_url":"google.com","activeCreativeID":"4688","scenes":["12","1","8","6","15","2"],"campaignAdType":"Native","title":"Native second updated","subTitle":"Native second ","description":"Native second details","adClickThroughText":"Native second "},{"campaignID":"9261","attribution_link":"https:\/\/app.appsflyer.com\/com.lgn.gun.strike.war.train.shooting.games?pid=consoliads_int&amp;af_click_lookback=7d&amp;clickid=12812_9261_674&amp;android_id={android_id}&amp;sha1_android_id={sha1_android_id}&amp;advertising_id=674&amp;sha1_advertising_id=ee49886656eacc1451a1a06ad61d7a8b31448650&amp;af_keywords=2","attribution":1,"priority":"8","appToPromote":{"appToPromoteID":"13421","usesDefaultFrameImage":"0","usesDefaultCloseImage":"0","marketURL":"http:\/\/www.google.com","packageID":"com.appricot2d.testt"},"showTemplate":1,"s2s_tracking_url":"https:\/\/app.appsflyer.com\/com.lgn.gun.strike.war.train.shooting.games?pid=consoliads_int&amp;af_click_lookback=7d&amp;clickid=12812_9261_674&amp;android_id={android_id}&amp;sha1_android_id={sha1_android_id}&amp;advertising_id=674&amp;sha1_advertising_id=ee49886656eacc1451a1a06ad61d7a8b31448650&amp;af_keywords=2","activeCreativeID":"4692","scenes":["12","1","8","6","15","2"],"campaignAdType":"Interstitial"},{"campaignID":"9263","attribution":0,"priority":"8","appToPromote":{"appToPromoteID":"12315","usesDefaultFrameImage":"0","usesDefaultCloseImage":"0","marketURL":"google.com","packageID":"com.qabrand.plnative"},"showTemplate":1,"s2s_tracking_url":"google.com","activeCreativeID":"4694","scenes":["12","1","8","6","15","2"],"campaignAdType":"Native","title":"test","subTitle":"test","description":" test details update","adClickThroughText":"test"},{"campaignID":"9127","attribution":0,"priority":"8","appToPromote":{"appToPromoteID":"17528","usesDefaultFrameImage":"0","usesDefaultCloseImage":"0","marketURL":"https:\/\/play.google.com\/store\/apps\/details?id=net.one97.paytm","packageID":"net.one97.paytm"},"showTemplate":1,"s2s_tracking_url":"https:\/\/tha.gotrackier.com\/click?campaign_id=63249\\u0026pub_id=75?p1=12812_9127_674&amp;source=6841&amp;app_name=JetpackPoliceFlyingCarCitySurvival&amp;gaid=674","activeCreativeID":"4788","scenes":["12","1","8","6","15","2"],"campaignAdType":"Native","title":"BCA","subTitle":"FW","description":"nope","adClickThroughText":"Link"},{"campaignID":"9131","attribution":0,"priority":"8","appToPromote":{"appToPromoteID":"17532","usesDefaultFrameImage":"0","usesDefaultCloseImage":"0","marketURL":"https:\/\/play.google.com\/store\/apps\/details?id=com.dhgate.buyermob","packageID":"com.dhgate.buyermob"},"showTemplate":1,"s2s_tracking_url":"https:\/\/tha.gotrackier.com\/click?campaign_id=63254\\u0026pub_id=75?p1=12812_9131_674&amp;source=6841&amp;app_name=JetpackPoliceFlyingCarCitySurvival&amp;gaid=674","activeCreativeID":"4483","scenes":["12","1","8","6","15","2"],"campaignAdType":"Interstitial"},{"campaignID":"6620","attribution":0,"priority":"6","appToPromote":{"appToPromoteID":"12980","usesDefaultFrameImage":"0","usesDefaultCloseImage":"0","marketURL":"https:\/\/play.google.com\/store\/apps\/details?id=com.sx.cooking.cafe.restaurant","packageID":"com.sx.cooking.cafe.restaurant"},"showTemplate":1,"s2s_tracking_url":"https:\/\/play.google.com\/store\/apps\/details?id=com.sx.cooking.cafe.restaurant","activeCreativeID":"1702","scenes":["12","1","8","6","15","2"],"campaignAdType":"Interstitial"},{"campaignID":"8876","attribution":0,"priority":"5","appToPromote":{"appToPromoteID":"15640","usesDefaultFrameImage":"0","usesDefaultCloseImage":"0","marketURL":"https:\/\/play.google.com\/store\/apps\/details?id=com.pgz.police.bike.stunt.ramp.bike.racing.games","packageID":"com.pgz.police.bike.stunt.ramp.bike.racing.games"},"showTemplate":1,"s2s_tracking_url":"https:\/\/play.google.com\/store\/apps\/details?id=com.pgz.police.bike.stunt.ramp.bike.racing.games","activeCreativeID":"4236","scenes":["12","1","8","6","15","2"],"campaignAdType":"Interstitial"},{"campaignID":"6596","attribution":0,"priority":"5","appToPromote":{"appToPromoteID":"12980","usesDefaultFrameImage":"0","usesDefaultCloseImage":"0","marketURL":"https:\/\/play.google.com\/store\/apps\/details?id=com.sx.cooking.cafe.restaurant","packageID":"com.sx.cooking.cafe.restaurant"},"showTemplate":1,"s2s_tracking_url":"https:\/\/play.google.com\/store\/apps\/details?id=com.sx.cooking.cafe.restaurant","activeCreativeID":"1702","scenes":["12","1","8","6","15","2"],"campaignAdType":"Interstitial"}],"refreshAdRate":30,"mode":"Production","aspectRatio":"9_16","cdnPath":"https:\/\/df8ymybeo92md.cloudfront.net\/images\/","sentry_log":0,"local_logging":0,"sentry_dsn":"https:\/\/93ffa1c9a4124f67b8888a53265f751a:bbf998e04584477fa9a145838e9d3b26@sentry.io\/168994","sentry_initialization":1,"sentry_debugging":0,"bannerSizes":["5"],"aspectRatioVideo":"9_16","app_id":"12812","showPreRewardedDialogue":0,"showPostRewardedDialogue":0,"rewardCurrency":"coins","rewardValue":0,"isSkipable":0,"privacyPolicyURL":"https:\/\/www.consoliads.com\/privacy-policy\/","sessionToken":"LxXUj4wjGHA+5wmj4qIfoVcu9OsaCDPI69NkaVUqPxWGOqo+7FvKp86L17X2YtA71XtSl+qIe5Q7nWJzMItp2+j19PD+NWM5dZ0NfsmrHQMdJSYas9vMDq5x5eCJxC8cLYxK9ARPYHZRfmiX0aPI8yLc5VpR3GNuf5NQRM0m2s0="}
Session token value is set

mode value is set

 Aspect ratio value is correct
sentry_log value is set
Session token value is set


{"appKey":"0027615fb0048de87dc7e1257d65e397","osVersion":"6.0","orientation":"0","is_mac":"0","model":"GT-Snnn2","deviceID":"265","telco_operator":"Maroc","cpu":"0","brand":"vivo","userConsent":"0","internet_connectivity":"0","height":"206","architecture":"armv8l","width":"206","resolution":"1344x720","ram":"1.68 GB","sdkVersion":"39","product":"aosp_arm","devMode":"0"}
cache_ttl value is correct

Refresh Ad Rate value is correct
mode value is set

 Aspect ratio value is correct
sentry_log value is set
local_logging value is set
sentry_initialization value is set
sentry_debugging value is set
showPreRewardedDialogue value is set
showPostRewardedDialogue value is set
isSkipable value is set
{"cache_ttl":10080,"cache_ttl_rewarded":10080,"cache_ttl_banner":10080,"cache_ttl_native":10080,"cache_ttl_icon":10080,"refreshAdRate":30,"mode":"Production","aspectRatio":"9_16","cdnPath":"https:\/\/df8ymybeo92md.cloudfront.net\/images\/","sentry_log":0,"local_logging":0,"sentry_dsn":"https:\/\/93ffa1c9a4124f67b8888a53265f751a:bbf998e04584477fa9a145838e9d3b26@sentry.io\/168994","sentry_initialization":1,"sentry_debugging":0,"bannerSizes":["5"],"aspectRatioVideo":"9_16","app_id":"10879","showPreRewardedDialogue":0,"showPostRewardedDialogue":0,"rewardCurrency":"coins","rewardValue":0,"isSkipable":0,"privacyPolicyURL":"https:\/\/www.consoliads.com\/privacy-policy\/","sessionToken":"dqqAJocpCSJm92c5Y+xlzE7zRyqTX5z2rt5Qz6nuFT0msW9py6uQ2HYE6kIUKPCLSfEl35pgJgdhz2Jy0Ajylbgkqd62oLoDGfkfTVuqCmDyqOs1odWXI5bK8HAxzfqm8zVAb4Rqi+PWR\/fMT+4puUm5JeoFWtT2pN\/fyS\/fIbk="}
Session token value is set

{"appKey":"002e4eb7df8262ad34b6daa98c13262f","osVersion":"5.0","orientation":"0","is_mac":"0","model":"xiaomi Mi 4s","deviceID":"860","telco_operator":"Telecom","cpu":"0","brand":"samsung","userConsent":"0","internet_connectivity":"0","height":"444","architecture":"armv7l,","width":"444","resolution":"1024x552","ram":"3.68 GB","sdkVersion":"22","product":"potter","devMode":"0"}: Status code not OK,http://52.13.174.6/sheeda/admin/api/startNewAdSession_2 API has failed at 12 NotFound

{"appKey":"0034c9287108a0865eec92973ab2cabf","osVersion":"4.4","orientation":"0","is_mac":"0","model":"E5673","deviceID":"261","telco_operator":"airtel","cpu":"0","brand":"realme","userConsent":"0","internet_connectivity":"0","height":"204","architecture":"aarch81","width":"204","resolution":"1387x720","ram":"2.75 GB","sdkVersion":"2151","product":"iPhone","devMode":"0"}
cache_ttl value is correct

Refresh Ad Rate value is correct
mode value is set

 Aspect ratio value is correct
sentry_log value is set
local_logging value is set
sentry_initialization value is set
sentry_debugging value is set
showPreRewardedDialogue value is set
showPostRewardedDialogue value is set
isSkipable value is set
{"cache_ttl":10080,"cache_ttl_rewarded":10080,"cache_ttl_banner":10080,"cache_ttl_native":10080,"cache_ttl_icon":10080,"refreshAdRate":30,"mode":"Production","aspectRatio":"9_16","cdnPath":"https:\/\/df8ymybeo92md.cloudfront.net\/images\/","sentry_log":0,"local_logging":0,"sentry_dsn":"na","sentry_initialization":1,"sentry_debugging":0,"bannerSizes":["1"],"aspectRatioVideo":"9_16","app_id":"15643","showPreRewardedDialogue":0,"showPostRewardedDialogue":0,"rewardCurrency":"coins","rewardValue":0,"isSkipable":1,"privacyPolicyURL":"https:\/\/www.consoliads.com\/privacy-policy\/","sessionToken":"z4PWn4wKaXtnAyMBmI6Sh6lQEN5o+\/hKHpDIvd2FiyAmQL7S8KDXgI394BVhEzNPT2MJvrQq59k4Y3\/vg3xKOj6TnIEjtWLe66StOeyUDI+3pvawbF9U9GV\/09zh0sM2iFlgBZq9RELHHdvY1ugtMqJzC2Ypd0J07XJvCt9msts="}
Session token value is set


{"appKey":"003a31fb156ba9c1d390ff47ddd5f910","osVersion":"4.3","orientation":"0","is_mac":"0","model":"E3372","deviceID":"943","telco_operator":"Metfone","cpu":"0","brand":"iPhone","userConsent":"0","internet_connectivity":"0","height":"477","architecture":"aarch81","width":"477","resolution":"1080 x 1920","ram":"1,37 GB","sdkVersion":"2212","product":"LUA-U22","devMode":"0"}
cache_ttl value is correct

Title value is correct

Title value is correct

Title value is correct

Title value is correct

Title value is correct

Title value is correct

Refresh Ad Rate value is correct
mode value is set

 Aspect ratio value is correct
sentry_log value is set
local_logging value is set
sentry_initialization value is set
sentry_debugging value is set
showPreRewardedDialogue value is set
showPostRewardedDialogue value is set
isSkipable value is set
{"cache_ttl":10080,"cache_ttl_rewarded":10080,"cache_ttl_banner":10080,"cache_ttl_native":10080,"cache_ttl_icon":10080,"campaigns":[{"campaignID":"6979","attribution":0,"priority":"5","appToPromote":{"appToPromoteID":"13986","usesDefaultFrameImage":"0","usesDefaultCloseImage":"0","marketURL":"https:\/\/play.google.com\/store\/apps\/details?id=com.freezegames.dollhouse.design.craft.simulator&amp;referrer=utm_source=42matters.com&amp;utm_medium=api","packageID":"com.freezegames.dollhouse.design.craft.simulator"},"showTemplate":1,"s2s_tracking_url":"https:\/\/play.google.com\/store\/apps\/details?id=com.freezegames.dollhouse.design.craft.simulator&amp;referrer=utm_source=42matters.com&amp;utm_medium=api","activeCreativeID":"2098","scenes":["1"],"campaignAdType":"Icon"},{"campaignID":"7225","attribution":0,"priority":"5","appToPromote":{"appToPromoteID":"14160","usesDefaultFrameImage":"0","usesDefaultCloseImage":"0","marketURL":"https:\/\/play.google.com\/store\/apps\/details?id=com.freezegames.epic.bike.rider.racing.shooting","packageID":"com.freezegames.epic.bike.rider.racing.shooting"},"showTemplate":1,"s2s_tracking_url":"https:\/\/play.google.com\/store\/apps\/details?id=com.freezegames.epic.bike.rider.racing.shooting","activeCreativeID":"2361","scenes":["1","8"],"campaignAdType":"Interstitial"},{"campaignID":"7886","attribution":0,"priority":"5","appToPromote":{"appToPromoteID":"14271","usesDefaultFrameImage":"0","usesDefaultCloseImage":"0","marketURL":"https:\/\/play.google.com\/store\/apps\/details?id=com.bloggames.village.excavator.wood.house&amp;referrer=utm_source=42matters.com&amp;utm_medium=api","packageID":"com.bloggames.village.excavator.wood.house"},"showTemplate":1,"s2s_tracking_url":"https:\/\/play.google.com\/store\/apps\/details?id=com.bloggames.village.excavator.wood.house&amp;referrer=utm_source=42matters.com&amp;utm_medium=api","activeCreativeID":"3168","scenes":["1"],"campaignAdType":"Native","title":"Excavator Hut Construction","subTitle":"Heavy Excavator","description":"Village Excavator","adClickThroughText":"Download Now."},{"campaignID":"8323","attribution":0,"priority":"5","appToPromote":{"appToPromoteID":"14271","usesDefaultFrameImage":"0","usesDefaultCloseImage":"0","marketURL":"https:\/\/play.google.com\/store\/apps\/details?id=com.bloggames.village.excavator.wood.house&amp;referrer=utm_source=42matters.com&amp;utm_medium=api","packageID":"com.bloggames.village.excavator.wood.house"},"showTemplate":1,"s2s_tracking_url":"https:\/\/play.google.com\/store\/apps\/details?id=com.bloggames.village.excavator.wood.house&amp;referrer=utm_source=42matters.com&amp;utm_medium=api","activeCreativeID":"2224","scenes":["1","5","6","4"],"campaignAdType":"Interstitial"},{"campaignID":"8226","attribution":0,"priority":"8","appToPromote":{"appToPromoteID":"12623","usesDefaultFrameImage":"0","usesDefaultCloseImage":"0","marketURL":"https:\/\/play.google.com\/store\/apps\/details?id=com.igg.android.lordsmobile&amp;referrer=utm_source=42matters.com&amp;utm_medium=api","packageID":"com.nooribrand.android.lordsmobile"},"showTemplate":1,"s2s_tracking_url":"https:\/\/play.google.com\/store\/apps\/details?id=com.igg.android.lordsmobile&amp;referrer=utm_source=42matters.com&amp;utm_medium=api","activeCreativeID":"3557","scenes":["1","8","6","5","4"],"campaignAdType":"Icon"},{"campaignID":"8613","attribution":0,"priority":"8","appToPromote":{"appToPromoteID":"12623","usesDefaultFrameImage":"0","usesDefaultCloseImage":"0","marketURL":"https:\/\/play.google.com\/store\/apps\/details?id=com.igg.android.lordsmobile&amp;referrer=utm_source=42matters.com&amp;utm_medium=api","packageID":"com.nooribrand.android.lordsmobile"},"showTemplate":1,"s2s_tracking_url":"https:\/\/play.google.com\/store\/apps\/details?id=com.igg.android.lordsmobile&amp;referrer=utm_source=42matters.com&amp;utm_medium=api","activeCreativeID":"3557","scenes":["1","8","6","5","4"],"campaignAdType":"Icon"},{"campaignID":"9249","attribution_link":"https:\/\/app.appsflyer.com\/com.lgn.gun.strike.war.train.shooting.games?pid=consoliads_int&amp;af_click_lookback=7d&amp;clickid=13512_9249_943&amp;android_id={android_id}&amp;sha1_android_id={sha1_android_id}&amp;advertising_id=943&amp;sha1_advertising_id=cce637a738cef6fac143931ad866d768e84f2260&amp;af_keywords=2","attribution":1,"priority":"8","appToPromote":{"appToPromoteID":"13421","usesDefaultFrameImage":"0","usesDefaultCloseImage":"0","marketURL":"http:\/\/www.google.com","packageID":"com.appricot2d.testt"},"showTemplate":1,"s2s_tracking_url":"https:\/\/app.appsflyer.com\/com.lgn.gun.strike.war.train.shooting.games?pid=consoliads_int&amp;af_click_lookback=7d&amp;clickid=13512_9249_943&amp;android_id={android_id}&amp;sha1_android_id={sha1_android_id}&amp;advertising_id=943&amp;sha1_advertising_id=cce637a738cef6fac143931ad866d768e84f2260&amp;af_keywords=2","activeCreativeID":"4679","scenes":["1","8","6","5","4"],"campaignAdType":"Interstitial"},{"campaignID":"9252","attribution":0,"priority":"8","appToPromote":{"appToPromoteID":"12315","usesDefaultFrameImage":"0","usesDefaultCloseImage":"0","marketURL":"google.com","packageID":"com.qabrand.plnative"},"showTemplate":1,"s2s_tracking_url":"google.com","activeCreativeID":"4683","scenes":["1","8","6","5","4"],"campaignAdType":"Native","title":"Native first","subTitle":"First ","description":"New description","adClickThroughText":"FIRST Button"},{"campaignID":"9253","attribution":0,"priority":"8","appToPromote":{"appToPromoteID":"12315","usesDefaultFrameImage":"0","usesDefaultCloseImage":"0","marketURL":"google.com","packageID":"com.qabrand.plnative"},"showTemplate":1,"s2s_tracking_url":"google.com","activeCreativeID":"4683","scenes":["1","8","6","5","4"],"campaignAdType":"Native","title":"Native first","subTitle":"First ","description":"New description","adClickThroughText":"FIRST Button"},{"campaignID":"9255","attribution":0,"priority":"8","appToPromote":{"appToPromoteID":"13274","usesDefaultFrameImage":"0","usesDefaultCloseImage":"0","marketURL":"https:\/\/play.google.com\/store\/apps\/details?id=com.facebook.katana","packageID":"com.salon.adsalon"},"showTemplate":1,"s2s_tracking_url":"https:\/\/play.google.com\/store\/apps\/details?id=com.facebook.katana","activeCreativeID":"4685","scenes":["1","8","6","5","4"],"campaignAdType":"Native","title":"native NA ","subTitle":"native NA ","description":"native NA added","adClickThroughText":"native NA "},{"campaignID":"9257","attribution":0,"priority":"8","appToPromote":{"appToPromoteID":"12286","usesDefaultFrameImage":"0","usesDefaultCloseImage":"0","marketURL":"google.com","packageID":"com.qabrand.Chartboost_Native"},"showTemplate":1,"s2s_tracking_url":"google.com","activeCreativeID":"4688","scenes":["1","8","6","5","4"],"campaignAdType":"Native","title":"Native second updated","subTitle":"Native second ","description":"Native second details","adClickThroughText":"Native second "},{"campaignID":"9261","attribution_link":"https:\/\/app.appsflyer.com\/com.lgn.gun.strike.war.train.shooting.games?pid=consoliads_int&amp;af_click_lookback=7d&amp;clickid=13512_9261_943&amp;android_id={android_id}&amp;sha1_android_id={sha1_android_id}&amp;advertising_id=943&amp;sha1_advertising_id=cce637a738cef6fac143931ad866d768e84f2260&amp;af_keywords=2","attribution":1,"priority":"8","appToPromote":{"appToPromoteID":"13421","usesDefaultFrameImage":"0","usesDefaultCloseImage":"0","marketURL":"http:\/\/www.google.com","packageID":"com.appricot2d.testt"},"showTemplate":1,"s2s_tracking_url":"https:\/\/app.appsflyer.com\/com.lgn.gun.strike.war.train.shooting.games?pid=consoliads_int&amp;af_click_lookback=7d&amp;clickid=13512_9261_943&amp;android_id={android_id}&amp;sha1_android_id={sha1_android_id}&amp;advertising_id=943&amp;sha1_advertising_id=cce637a738cef6fac143931ad866d768e84f2260&amp;af_keywords=2","activeCreativeID":"4692","scenes":["1","8","6","5","4"],"campaignAdType":"Interstitial"},{"campaignID":"9263","attribution":0,"priority":"8","appToPromote":{"appToPromoteID":"12315","usesDefaultFrameImage":"0","usesDefaultCloseImage":"0","marketURL":"google.com","packageID":"com.qabrand.plnative"},"showTemplate":1,"s2s_tracking_url":"google.com","activeCreativeID":"4694","scenes":["1","8","6","5","4"],"campaignAdType":"Native","title":"test","subTitle":"test","description":" test details update","adClickThroughText":"test"},{"campaignID":"9131","attribution":0,"priority":"8","appToPromote":{"appToPromoteID":"17532","usesDefaultFrameImage":"0","usesDefaultCloseImage":"0","marketURL":"https:\/\/play.google.com\/store\/apps\/details?id=com.dhgate.buyermob","packageID":"com.dhgate.buyermob"},"showTemplate":1,"s2s_tracking_url":"https:\/\/tha.gotrackier.com\/click?campaign_id=63254\\u0026pub_id=75?p1=13512_9131_943&amp;source=6841&amp;app_name=VirtualVillageExcavatorSimulator&amp;gaid=943","activeCreativeID":"4483","scenes":["1","8","6","5","4"],"campaignAdType":"Interstitial"},{"campaignID":"561","attribution":0,"priority":"6","appToPromote":{"appToPromoteID":"5026","usesDefaultFrameImage":"0","usesDefaultCloseImage":"0","marketURL":"https:\/\/play.google.com\/store\/apps\/details?id=com.as.cashupapp","packageID":"com.as.cashupapp"},"showTemplate":1,"s2s_tracking_url":"https:\/\/play.google.com\/store\/apps\/details?id=com.as.cashupapp","activeCreativeID":"652","scenes":["1","8","6","5","4"],"campaignAdType":"Interstitial"},{"campaignID":"570","attribution":0,"priority":"6","appToPromote":{"appToPromoteID":"3802","usesDefaultFrameImage":"0","usesDefaultCloseImage":"0","marketURL":"https:\/\/play.google.com\/store\/apps\/details?id=com.Madxstudios.Flickshootsoccer","packageID":"com.Madxstudios.Flickshootsoccer"},"showTemplate":1,"s2s_tracking_url":"https:\/\/play.google.com\/store\/apps\/details?id=com.Madxstudios.Flickshootsoccer","activeCreativeID":"661","scenes":["1","8","6","5","4"],"campaignAdType":"Interstitial"},{"campaignID":"588","attribution":0,"priority":"6","appToPromote":{"appToPromoteID":"5026","usesDefaultFrameImage":"0","usesDefaultCloseImage":"0","marketURL":"https:\/\/play.google.com\/store\/apps\/details?id=com.as.cashupapp","packageID":"com.as.cashupapp"},"showTemplate":1,"s2s_tracking_url":"https:\/\/play.google.com\/store\/apps\/details?id=com.as.cashupapp","activeCreativeID":"652","scenes":["1","8","6","5","4"],"campaignAdType":"Interstitial"},{"campaignID":"6620","attribution":0,"priority":"6","appToPromote":{"appToPromoteID":"12980","usesDefaultFrameImage":"0","usesDefaultCloseImage":"0","marketURL":"https:\/\/play.google.com\/store\/apps\/details?id=com.sx.cooking.cafe.restaurant","packageID":"com.sx.cooking.cafe.restaurant"},"showTemplate":1,"s2s_tracking_url":"https:\/\/play.google.com\/store\/apps\/details?id=com.sx.cooking.cafe.restaurant","activeCreativeID":"1702","scenes":["1","8","6","5","4"],"campaignAdType":"Interstitial"},{"campaignID":"6596","attribution":0,"priority":"5","appToPromote":{"appToPromoteID":"12980","usesDefaultFrameImage":"0","usesDefaultCloseImage":"0","marketURL":"https:\/\/play.google.com\/store\/apps\/details?id=com.sx.cooking.cafe.restaurant","packageID":"com.sx.cooking.cafe.restaurant"},"showTemplate":1,"s2s_tracking_url":"https:\/\/play.google.com\/store\/apps\/details?id=com.sx.cooking.cafe.restaurant","activeCreativeID":"1702","scenes":["1","8","6","5","4"],"campaignAdType":"Interstitial"},{"campaignID":"414","attribution":0,"priority":"3","appToPromote":{"appToPromoteID":"3023","usesDefaultFrameImage":"0","usesDefaultCloseImage":"0","marketURL":"https:\/\/play.google.com\/store\/apps\/details?id=com.appricot2d.rolo.pet.parrot","packageID":"com.appricot2d.rolo.pet.parrot"},"showTemplate":1,"s2s_tracking_url":"https:\/\/play.google.com\/store\/apps\/details?id=com.appricot2d.rolo.pet.parrot","activeCreativeID":"385","scenes":["1","8","6","5","4"],"campaignAdType":"Interstitial"},{"campaignID":"559","attribution":0,"priority":"3","appToPromote":{"appToPromoteID":"3476","usesDefaultFrameImage":"0","usesDefaultCloseImage":"0","marketURL":"https:\/\/play.google.com\/store\/apps\/details?id=com.perspectivegames.real.impossible.tracks.stunts","packageID":"com.perspectivegames.real.impossible.tracks.stunts"},"showTemplate":1,"s2s_tracking_url":"https:\/\/play.google.com\/store\/apps\/details?id=com.perspectivegames.real.impossible.tracks.stunts","activeCreativeID":"649","scenes":["1","8","6","5","4"],"campaignAdType":"Interstitial"},{"campaignID":"741","attribution":0,"priority":"3","appToPromote":{"appToPromoteID":"5609","usesDefaultFrameImage":"0","usesDefaultCloseImage":"0","marketURL":"https:\/\/play.google.com\/store\/apps\/details?id=com.kick.gyroscopic.city.train.driver.simulator","packageID":"com.kick.gyroscopic.city.train.driver.simulator"},"showTemplate":1,"s2s_tracking_url":"https:\/\/play.google.com\/store\/apps\/details?id=com.kick.gyroscopic.city.train.driver.simulator","activeCreativeID":"753","scenes":["1","8","6","5","4"],"campaignAdType":"Interstitial"}],"refreshAdRate":30,"mode":"Production","aspectRatio":"9_16","cdnPath":"https:\/\/df8ymybeo92md.cloudfront.net\/images\/","sentry_log":0,"local_logging":0,"sentry_dsn":"https:\/\/93ffa1c9a4124f67b8888a53265f751a:bbf998e04584477fa9a145838e9d3b26@sentry.io\/168994","sentry_initialization":1,"sentry_debugging":0,"bannerSizes":["5","1"],"aspectRatioVideo":"9_16","app_id":"13512","showPreRewardedDialogue":0,"showPostRewardedDialogue":0,"rewardCurrency":"coins","rewardValue":0,"isSkipable":0,"privacyPolicyURL":"https:\/\/www.consoliads.com\/privacy-policy\/","sessionToken":"t++Dg5If0jCqDcvWbbh9Fz0vLP+dVP9BhQlXgR8I2gKnyy\/UFLKHxiCiWGrcHErnUBjL7tgEyb5o2wZeJOLK47SQFO3BQB5n4Fi7A1+UmIc40EXvaRVroW4u\/vW6ZfFdEkrH5JqSRyWbll2ML4QlESIasKi2FHbVu0K1W59E6i0="}
Session token value is set


{"appKey":"003ac3c432ddccd02f2c4a27be8dfb95","osVersion":"4.2","orientation":"0","is_mac":"0","model":"iphone 3GS","deviceID":"78","telco_operator":" Ooredoo","cpu":"0","brand":"OPPO","userConsent":"0","internet_connectivity":"0","height":"131","architecture":"armv64","width":"131","resolution":"1440 x 2960","ram":"3.69 GB","sdkVersion":"39","product":"BKK-LX2","devMode":"0"}
cache_ttl value is correct

Refresh Ad Rate value is correct
mode value is set

 Aspect ratio value is correct
sentry_log value is set
local_logging value is set
sentry_initialization value is set
sentry_debugging value is set
showPreRewardedDialogue value is set
showPostRewardedDialogue value is set
isSkipable value is set
{"cache_ttl":10080,"cache_ttl_rewarded":10080,"cache_ttl_banner":10080,"cache_ttl_native":10080,"cache_ttl_icon":10080,"refreshAdRate":30,"mode":"Production","aspectRatio":"9_16","cdnPath":"https:\/\/df8ymybeo92md.cloudfront.net\/images\/","sentry_log":0,"local_logging":0,"sentry_dsn":"https:\/\/93ffa1c9a4124f67b8888a53265f751a:bbf998e04584477fa9a145838e9d3b26@sentry.io\/168994","sentry_initialization":1,"sentry_debugging":0,"bannerSizes":["5"],"aspectRatioVideo":"9_16","app_id":"8537","showPreRewardedDialogue":0,"showPostRewardedDialogue":0,"rewardCurrency":"coins","rewardValue":0,"isSkipable":0,"privacyPolicyURL":"https:\/\/www.consoliads.com\/privacy-policy\/","sessionToken":"7mFwzAJ5dx\/8z\/doY9pnSGnF9lUgn7MN1poPVLMlxas+IuQbohixjmrEiOJASuKE7qCAEtAmWGpQMkymvU8HEjj+WuYKwGaQ3K6gKD3+ZggliIVLaJ66qbemtkKGLCX\/5BwobnDi8+R2Am4nQzh0CDtO8duiMmgFvBIM+MS9jEE="}
Session token value is set


{"appKey":"003e87daef54e5a06f16b09d011f49c0","osVersion":"9.0","orientation":"0","is_mac":"0","model":"GT-Nnnn0","deviceID":"315","telco_operator":"","cpu":"0","brand":"HUAWEI","userConsent":"0","internet_connectivity":"0","height":"226","architecture":"","width":"226","resolution":"1280x720","ram":"953,45 MB","sdkVersion":"2106","product":"j7xeltexx","devMode":"0"}
cache_ttl value is correct

Title value is correct

Refresh Ad Rate value is correct
mode value is set

 Aspect ratio value is correct
sentry_log value is set
local_logging value is set
sentry_initialization value is set
sentry_debugging value is set
showPreRewardedDialogue value is set
showPostRewardedDialogue value is set
isSkipable value is set
{"cache_ttl":10080,"cache_ttl_rewarded":10080,"cache_ttl_banner":10080,"cache_ttl_native":10080,"cache_ttl_icon":10080,"campaigns":[{"campaignID":0,"priority":10,"appToPromote":{"appToPromoteID":0,"usesDefaultFrameImage":"1","usesDefaultCloseImage":"1","packageID":"testPackage"},"showTemplate":2,"activeCreativeID":0,"campaignAdType":"Interstitial","scenes":["1","2","6","5","4","13","14"]},{"campaignID":0,"priority":10,"appToPromote":{"appToPromoteID":0,"usesDefaultFrameImage":"1","usesDefaultCloseImage":"1","packageID":"testPackage"},"showTemplate":2,"activeCreativeID":0,"campaignAdType":"Video","scenes":["1","2","6","5","4","13","14"]},{"campaignID":0,"priority":10,"appToPromote":{"appToPromoteID":0,"usesDefaultFrameImage":"1","usesDefaultCloseImage":"1","packageID":"testPackage"},"showTemplate":2,"activeCreativeID":0,"campaignAdType":"Rewarded Video","scenes":["1","2","6","5","4","13","14"]},{"campaignID":0,"priority":10,"appToPromote":{"appToPromoteID":0,"usesDefaultFrameImage":"1","usesDefaultCloseImage":"1","marketURL":"https:\/\/play.google.com","packageID":"testPackage"},"showTemplate":2,"activeCreativeID":0,"campaignAdType":"Banner","scenes":["1","2","6","5","4","13","14"]},{"campaignID":0,"priority":10,"appToPromote":{"appToPromoteID":0,"usesDefaultFrameImage":"1","usesDefaultCloseImage":"1","marketURL":"https:\/\/play.google.com","packageID":"testPackage"},"showTemplate":2,"activeCreativeID":0,"campaignAdType":"Native","title":"Test Title","subTitle":"Test Subtitle","description":"This is test description","adChoicesLink":"www.google.com","adClickThroughText":"Open Link","scenes":["1","2","6","5","4","13","14"]},{"campaignID":0,"priority":10,"appToPromote":{"appToPromoteID":0,"usesDefaultFrameImage":"1","usesDefaultCloseImage":"1","marketURL":"https:\/\/play.google.com","packageID":"testPackage"},"showTemplate":2,"activeCreativeID":0,"campaignAdType":"Icon","scenes":["1","2","6","5","4","13","14"]}],"refreshAdRate":30,"mode":"Production","aspectRatio":"9_16","cdnPath":"https:\/\/df8ymybeo92md.cloudfront.net\/images\/","sentry_log":0,"local_logging":0,"sentry_dsn":"https:\/\/93ffa1c9a4124f67b8888a53265f751a:bbf998e04584477fa9a145838e9d3b26@sentry.io\/168994","sentry_initialization":1,"sentry_debugging":0,"bannerSizes":[],"aspectRatioVideo":"9_16","app_id":"13355","showPreRewardedDialogue":0,"showPostRewardedDialogue":0,"rewardCurrency":"coins","rewardValue":0,"isSkipable":1,"privacyPolicyURL":"https:\/\/www.consoliads.com\/privacy-policy\/","sessionToken":"A4AZHeHATbyKIMM\/ELHhOzyFWHtNal1cmBht0JleJTC6QlKfzcfFyAwm5lmC\/DN2OethhhAsar5YcrxKeeQTg+LMTmG06ZXZWYrDllgg2uDkg2T0Hpoh8h1AeSYCzVtzLWOm+UyMS\/V7sZgd472l1yXdosWKIgD6PdekQl4ZkmA="}
Session token value is set


{"appKey":"0044e5eb4358836589c2b67d0194a6d4","osVersion":"8.0","orientation":"0","is_mac":"0","model":"SM-Nnn0","deviceID":"398","telco_operator":"Azercell","cpu":"0","brand":"Xiaomi","userConsent":"0","internet_connectivity":"0","height":"259","architecture":"0","width":"259","resolution":"1196x720","ram":"3.51 GB ","sdkVersion":"2216","product":"mido","devMode":"0"}
cache_ttl value is correct

Refresh Ad Rate value is correct
mode value is set

 Aspect ratio value is correct
sentry_log value is set
local_logging value is set
sentry_initialization value is set
sentry_debugging value is set
showPreRewardedDialogue value is set
showPostRewardedDialogue value is set
isSkipable value is set
{"cache_ttl":10080,"cache_ttl_rewarded":10080,"cache_ttl_banner":10080,"cache_ttl_native":10080,"cache_ttl_icon":10080,"refreshAdRate":30,"mode":"Production","aspectRatio":"9_16","cdnPath":"https:\/\/df8ymybeo92md.cloudfront.net\/images\/","sentry_log":0,"local_logging":0,"sentry_dsn":"https:\/\/93ffa1c9a4124f67b8888a53265f751a:bbf998e04584477fa9a145838e9d3b26@sentry.io\/168994","sentry_initialization":1,"sentry_debugging":0,"bannerSizes":["5"],"aspectRatioVideo":"9_16","app_id":"10739","showPreRewardedDialogue":0,"showPostRewardedDialogue":0,"rewardCurrency":"coins","rewardValue":0,"isSkipable":0,"privacyPolicyURL":"https:\/\/www.consoliads.com\/privacy-policy\/","sessionToken":"qkXS9+w+hl373W8M9+V8jlRP5WgkIHZNNOpbB1BZrlHN2kirDSgct7tQ8wYmrz2VIOk\/nx4X0zrorjb5FPtfT17XD6hnk8WJah7JfX8PFIj1lt+TPCw79gDM6+iEjPq\/V\/V1TPcwKAkD0P1Xn2xKtIlXaycVFu+KBEDObWcB2KI="}
Session token value is set


{"appKey":"00471fdb26ac4c7ad99fd12b01a9c598","osVersion":"7.0","orientation":"0","is_mac":"0","model":"GT-Snnn0","deviceID":"833","telco_operator":"Oi","cpu":"0","brand":"HONOR","userConsent":"0","internet_connectivity":"0","height":"433","architecture":"aarch64","width":"433","resolution":"1436x720","ram":"1.77 GB","sdkVersion":"39","product":"STK-L21M","devMode":"0"}
cache_ttl value is correct

Refresh Ad Rate value is correct
mode value is set

 Aspect ratio value is correct
sentry_log value is set
local_logging value is set
sentry_initialization value is set
sentry_debugging value is set
showPreRewardedDialogue value is set
showPostRewardedDialogue value is set
isSkipable value is set
{"cache_ttl":10080,"cache_ttl_rewarded":10080,"cache_ttl_banner":10080,"cache_ttl_native":10080,"cache_ttl_icon":10080,"refreshAdRate":30,"mode":"Production","aspectRatio":"9_16","cdnPath":"https:\/\/df8ymybeo92md.cloudfront.net\/images\/","sentry_log":0,"local_logging":0,"sentry_dsn":"https:\/\/e6dcd89483ae4d13b0f42ed3810d8d62:078421c4ad3d43f19885b30828ce7ee6@sentry.io\/187776","sentry_initialization":1,"sentry_debugging":0,"bannerSizes":[],"aspectRatioVideo":"9_16","app_id":"2846","showPreRewardedDialogue":0,"showPostRewardedDialogue":0,"rewardCurrency":"coins","rewardValue":0,"isSkipable":0,"privacyPolicyURL":"https:\/\/www.consoliads.com\/privacy-policy\/","sessionToken":"iYA+tErkamqlHyY1ndo1+hsiKmFQ15HdmZCXLXuZw634E31vMCPTsgwi5lkywkbbwS0NU1csfTBFu5gVT9ZAH2kN49KbHoMH9\/Ynoe63+MC6j8ncCV\/Nh8s037BOv3ubxPpfrJP\/UNg7DsA35ukuIJV2UzaX6JVWe3WYCJSgh0I="}
Session token value is set


{"appKey":"0052e87419f4d976c138fb3c086c6074","osVersion":"6.0","orientation":"0","is_mac":"0","model":"GT-Snnn2","deviceID":"324","telco_operator":"Maroc","cpu":"0","brand":"vivo","userConsent":"0","internet_connectivity":"0","height":"229","architecture":"armv8l","width":"229","resolution":"1344x720","ram":"1.68 GB","sdkVersion":"2151","product":"aosp_arm","devMode":"0"}
cache_ttl value is correct

Refresh Ad Rate value is correct
mode value is set

 Aspect ratio value is correct
sentry_log value is set
local_logging value is set
sentry_initialization value is set
sentry_debugging value is set
showPreRewardedDialogue value is set
showPostRewardedDialogue value is set
isSkipable value is set
{"cache_ttl":10080,"cache_ttl_rewarded":10080,"cache_ttl_banner":10080,"cache_ttl_native":10080,"cache_ttl_icon":10080,"refreshAdRate":30,"mode":"Production","aspectRatio":"9_16","cdnPath":"https:\/\/df8ymybeo92md.cloudfront.net\/images\/","sentry_log":0,"local_logging":0,"sentry_dsn":"https:\/\/93ffa1c9a4124f67b8888a53265f751a:bbf998e04584477fa9a145838e9d3b26@sentry.io\/168994","sentry_initialization":1,"sentry_debugging":0,"bannerSizes":["5","1","2"],"aspectRatioVideo":"9_16","app_id":"5330","showPreRewardedDialogue":0,"showPostRewardedDialogue":0,"rewardCurrency":"coins","rewardValue":0,"isSkipable":1,"privacyPolicyURL":"https:\/\/www.consoliads.com\/privacy-policy\/","sessionToken":"T53VJr3ZUDeA1vIfr+4SgGoqQQbc3dM4tsApgVsrBZlGATCUE74+Iz6mJSpRwd+x5TBl22HJ3vf5De0S2RRVKD+kHkeNCiMxBE2x+8FzLguEvjTEcFPfa2YlqLCeP49cQLMQCNoS6t0jXyf\/zMds69+fG4tYF8xbxqvqPH3HhpU="}
Session token value is set

mode value is set

 Aspect ratio value is correct
sentry_log value is set
Session token value is set


{"appKey":"005a1d7bbcf1906ecde3fbb61ad53ac3","osVersion":"4.4","orientation":"0","is_mac":"0","model":"E5673","deviceID":"713","telco_operator":"airtel","cpu":"0","brand":"realme","userConsent":"0","internet_connectivity":"0","height":"385","architecture":"aarch81","width":"385","resolution":"1387x720","ram":"2.75 GB","sdkVersion":"2056","product":"iPhone","devMode":"0"}
cache_ttl value is correct

Title value is correct

Title value is correct

Refresh Ad Rate value is correct
mode value is set

 Aspect ratio value is correct
sentry_log value is set
local_logging value is set
sentry_initialization value is set
sentry_debugging value is set
showPreRewardedDialogue value is set
showPostRewardedDialogue value is set
isSkipable value is set
{"cache_ttl":10080,"cache_ttl_rewarded":10080,"cache_ttl_banner":10080,"cache_ttl_native":10080,"cache_ttl_icon":10080,"campaigns":[{"campaignID":"8900","attribution":0,"priority":"5","appToPromote":{"appToPromoteID":"17241","usesDefaultFrameImage":"0","usesDefaultCloseImage":"0","marketURL":"https:\/\/play.google.com\/store\/apps\/details?id=com.foggy.robot.bike.race.bike.stunts","packageID":"com.turbo.dreamz.robotbikestuntvideo"},"showTemplate":1,"s2s_tracking_url":"https:\/\/play.google.com\/store\/apps\/details?id=com.foggy.robot.bike.race.bike.stunts","activeCreativeID":"4269","scenes":["13","1","2","9","8"],"campaignAdType":"Video"},{"campaignID":"9000","attribution":0,"priority":"3","appToPromote":{"appToPromoteID":"17384","usesDefaultFrameImage":"0","usesDefaultCloseImage":"0","marketURL":"https:\/\/play.google.com\/store\/apps\/details?id=com.goldenguns.fps.shooter.strike","packageID":"com.goldenguns.fps.shooter.strike"},"showTemplate":1,"s2s_tracking_url":"https:\/\/play.google.com\/store\/apps\/details?id=com.goldenguns.fps.shooter.strike","activeCreativeID":"4362","scenes":["13","1","2","9","8"],"campaignAdType":"Icon"},{"campaignID":"9001","attribution":0,"priority":"3","appToPromote":{"appToPromoteID":"16265","usesDefaultFrameImage":"0","usesDefaultCloseImage":"0","marketURL":"https:\/\/play.google.com\/store\/apps\/details?id=com.backstreet.truck.parking.car.stunts.impossible.tracks","packageID":"com.backstreet.truck.parking.car.stunts.impossible.tracks"},"showTemplate":1,"s2s_tracking_url":"https:\/\/play.google.com\/store\/apps\/details?id=com.backstreet.truck.parking.car.stunts.impossible.tracks","activeCreativeID":"4365","scenes":["13","1","2","9","8"],"campaignAdType":"Icon"},{"campaignID":"8252","attribution":0,"priority":"3","appToPromote":{"appToPromoteID":"16074","usesDefaultFrameImage":"0","usesDefaultCloseImage":"0","marketURL":"https:\/\/play.google.com\/store\/apps\/details?id=com.backstreet.flying.phoenix.robot.war.robot.hero","packageID":"com.backstreet.flying.phoenix.robot.war.robot.hero"},"showTemplate":1,"s2s_tracking_url":"https:\/\/play.google.com\/store\/apps\/details?id=com.backstreet.flying.phoenix.robot.war.robot.hero","activeCreativeID":"3584","scenes":["13","1","2","9","8"],"campaignAdType":"Icon"},{"campaignID":"8612","attribution":0,"priority":"3","appToPromote":{"appToPromoteID":"16725","usesDefaultFrameImage":"0","usesDefaultCloseImage":"0","marketURL":"https:\/\/play.google.com\/store\/apps\/details?id=com.goldenguns.dinosaur.transport.animal.truck","packageID":"com.goldenguns.dinosaur.transport.animal.truck"},"showTemplate":1,"s2s_tracking_url":"https:\/\/play.google.com\/store\/apps\/details?id=com.goldenguns.dinosaur.transport.animal.truck","activeCreativeID":"3968","scenes":["13","1","2","9","8"],"campaignAdType":"Icon"},{"campaignID":"8684","attribution":0,"priority":"3","appToPromote":{"appToPromoteID":"16825","usesDefaultFrameImage":"0","usesDefaultCloseImage":"0","marketURL":"https:\/\/play.google.com\/store\/apps\/details?id=com.foggy.robot.bike.race.bike.stunts","packageID":"com.turbo.dreamz.robotbikefs"},"showTemplate":1,"s2s_tracking_url":"https:\/\/play.google.com\/store\/apps\/details?id=com.foggy.robot.bike.race.bike.stunts","activeCreativeID":"4242","scenes":["13","1","2","9","8"],"campaignAdType":"Icon"},{"campaignID":"8785","attribution":0,"priority":"3","appToPromote":{"appToPromoteID":"16883","usesDefaultFrameImage":"0","usesDefaultCloseImage":"0","marketURL":"https:\/\/play.google.com\/store\/apps\/details?id=com.goldenguns.dolphin.robot.transform.robotwar.robotgames","packageID":"com.goldenguns.dolphin.robot.transform.robotwar.robotgames"},"showTemplate":1,"s2s_tracking_url":"https:\/\/play.google.com\/store\/apps\/details?id=com.goldenguns.dolphin.robot.transform.robotwar.robotgames","activeCreativeID":"4145","scenes":["13","1","2","9","8"],"campaignAdType":"Icon"},{"campaignID":"8875","attribution":0,"priority":"3","appToPromote":{"appToPromoteID":"16463","usesDefaultFrameImage":"0","usesDefaultCloseImage":"0","marketURL":"https:\/\/play.google.com\/store\/apps\/details?id=com.brilliantgamez.impossibletracks.moderncar.ramp.car.stunts","packageID":"com.brilliantgamez.impossibletracks.moderncar.ramp.car.stunts"},"showTemplate":1,"s2s_tracking_url":"https:\/\/play.google.com\/store\/apps\/details?id=com.brilliantgamez.impossibletracks.moderncar.ramp.car.stunts","activeCreativeID":"4235","scenes":["13","1","2","9","8"],"campaignAdType":"Video"},{"campaignID":"8899","attribution":0,"priority":"2","appToPromote":{"appToPromoteID":"16988","usesDefaultFrameImage":"0","usesDefaultCloseImage":"0","marketURL":"https:\/\/play.google.com\/store\/apps\/details?id=com.tricktale.car.stunts.racingfree.impossiblecarstunts","packageID":"com.tricktale.car.stunts.racingfree.impossiblecarstunts"},"showTemplate":1,"s2s_tracking_url":"https:\/\/play.google.com\/store\/apps\/details?id=com.tricktale.car.stunts.racingfree.impossiblecarstunts","activeCreativeID":"4268","scenes":["13","1","2","9","8"],"campaignAdType":"Video"},{"campaignID":"8931","attribution":0,"priority":"2","appToPromote":{"appToPromoteID":"17359","usesDefaultFrameImage":"0","usesDefaultCloseImage":"0","marketURL":"https:\/\/play.google.com\/store\/apps\/details?id=com.foggy.rally.car.stunts.ramp.car.stunt","packageID":"com.FoggyStudios520.RallyCarStunt"},"showTemplate":1,"s2s_tracking_url":"https:\/\/play.google.com\/store\/apps\/details?id=com.foggy.rally.car.stunts.ramp.car.stunt","activeCreativeID":"4301","scenes":["13","1","2","9","8"],"campaignAdType":"Icon"},{"campaignID":"8935","attribution":0,"priority":"2","appToPromote":{"appToPromoteID":"17120","usesDefaultFrameImage":"0","usesDefaultCloseImage":"0","marketURL":"https:\/\/play.google.com\/store\/apps\/details?id=com.goldenguns.army.car.stunts.racing.ramp.car.stunt.impossibletracks","packageID":"com.goldenguns.army.car.stunts.racing.ramp.car.stunt.impossibletracks"},"showTemplate":1,"s2s_tracking_url":"https:\/\/play.google.com\/store\/apps\/details?id=com.goldenguns.army.car.stunts.racing.ramp.car.stunt.impossibletracks","activeCreativeID":"4305","scenes":["13","1","2","9","8"],"campaignAdType":"Icon"},{"campaignID":"8936","attribution":0,"priority":"2","appToPromote":{"appToPromoteID":"17120","usesDefaultFrameImage":"0","usesDefaultCloseImage":"0","marketURL":"https:\/\/play.google.com\/store\/apps\/details?id=com.goldenguns.army.car.stunts.racing.ramp.car.stunt.impossibletracks","packageID":"com.goldenguns.army.car.stunts.racing.ramp.car.stunt.impossibletracks"},"showTemplate":1,"s2s_tracking_url":"https:\/\/play.google.com\/store\/apps\/details?id=com.goldenguns.army.car.stunts.racing.ramp.car.stunt.impossibletracks","activeCreativeID":"4306","scenes":["13","1","2","9","8"],"campaignAdType":"Video"},{"campaignID":"8616","attribution":0,"priority":"2","appToPromote":{"appToPromoteID":"16725","usesDefaultFrameImage":"0","usesDefaultCloseImage":"0","marketURL":"https:\/\/play.google.com\/store\/apps\/details?id=com.goldenguns.dinosaur.transport.animal.truck","packageID":"com.goldenguns.dinosaur.transport.animal.truck"},"showTemplate":1,"s2s_tracking_url":"https:\/\/play.google.com\/store\/apps\/details?id=com.goldenguns.dinosaur.transport.animal.truck","activeCreativeID":"3971","scenes":["13","1","2","9","8"],"campaignAdType":"Video"},{"campaignID":"8626","attribution":0,"priority":"2","appToPromote":{"appToPromoteID":"16074","usesDefaultFrameImage":"0","usesDefaultCloseImage":"0","marketURL":"https:\/\/play.google.com\/store\/apps\/details?id=com.backstreet.flying.phoenix.robot.war.robot.hero","packageID":"com.backstreet.flying.phoenix.robot.war.robot.hero"},"showTemplate":1,"s2s_tracking_url":"https:\/\/play.google.com\/store\/apps\/details?id=com.backstreet.flying.phoenix.robot.war.robot.hero","activeCreativeID":"3983","scenes":["13","1","2","9","8"],"campaignAdType":"Video"},{"campaignID":"8809","attribution":0,"priority":"2","appToPromote":{"appToPromoteID":"16883","usesDefaultFrameImage":"0","usesDefaultCloseImage":"0","marketURL":"https:\/\/play.google.com\/store\/apps\/details?id=com.goldenguns.dolphin.robot.transform.robotwar.robotgames","packageID":"com.goldenguns.dolphin.robot.transform.robotwar.robotgames"},"showTemplate":1,"s2s_tracking_url":"https:\/\/play.google.com\/store\/apps\/details?id=com.goldenguns.dolphin.robot.transform.robotwar.robotgames","activeCreativeID":"4171","scenes":["13","1","2","9","8"],"campaignAdType":"Video"},{"campaignID":"8874","attribution":0,"priority":"2","appToPromote":{"appToPromoteID":"16463","usesDefaultFrameImage":"0","usesDefaultCloseImage":"0","marketURL":"https:\/\/play.google.com\/store\/apps\/details?id=com.brilliantgamez.impossibletracks.moderncar.ramp.car.stunts","packageID":"com.brilliantgamez.impossibletracks.moderncar.ramp.car.stunts"},"showTemplate":1,"s2s_tracking_url":"https:\/\/play.google.com\/store\/apps\/details?id=com.brilliantgamez.impossibletracks.moderncar.ramp.car.stunts","activeCreativeID":"4234","scenes":["13","1","2","9","8"],"campaignAdType":"Icon"},{"campaignID":"8579","attribution":0,"priority":"1","appToPromote":{"appToPromoteID":"16145","usesDefaultFrameImage":"0","usesDefaultCloseImage":"0","marketURL":"https:\/\/play.google.com\/store\/apps\/details?id=com.backstreet.gun.strike.counter.terrorist.fps.shooting","packageID":"com.backstreet.gun.strike.counter.terrorist.fps.shooting"},"showTemplate":1,"s2s_tracking_url":"https:\/\/play.google.com\/store\/apps\/details?id=com.backstreet.gun.strike.counter.terrorist.fps.shooting","activeCreativeID":"3937","scenes":["13","1","2","9","8"],"campaignAdType":"Icon"},{"campaignID":"8580","attribution":0,"priority":"1","appToPromote":{"appToPromoteID":"16145","usesDefaultFrameImage":"0","usesDefaultCloseImage":"0","marketURL":"https:\/\/play.google.com\/store\/apps\/details?id=com.backstreet.gun.strike.counter.terrorist.fps.shooting","packageID":"com.backstreet.gun.strike.counter.terrorist.fps.shooting"},"showTemplate":1,"s2s_tracking_url":"https:\/\/play.google.com\/store\/apps\/details?id=com.backstreet.gun.strike.counter.terrorist.fps.shooting","activeCreativeID":"3938","scenes":["13","1","2","9","8"],"campaignAdType":"Video"},{"campaignID":"9249","attribution_link":"https:\/\/app.appsflyer.com\/com.lgn.gun.strike.war.train.shooting.games?pid=consoliads_int&amp;af_click_lookback=7d&amp;clickid=16181_9249_713&amp;android_id={android_id}&amp;sha1_android_id={sha1_android_id}&amp;advertising_id=713&amp;sha1_advertising_id=84b0b577501b6c0162aea7c1353b300e66a9fe4a&amp;af_keywords=2","attribution":1,"priority":"8","appToPromote":{"appToPromoteID":"13421","usesDefaultFrameImage":"0","usesDefaultCloseImage":"0","marketURL":"http:\/\/www.google.com","packageID":"com.appricot2d.testt"},"showTemplate":1,"s2s_tracking_url":"https:\/\/app.appsflyer.com\/com.lgn.gun.strike.war.train.shooting.games?pid=consoliads_int&amp;af_click_lookback=7d&amp;clickid=16181_9249_713&amp;android_id={android_id}&amp;sha1_android_id={sha1_android_id}&amp;advertising_id=713&amp;sha1_advertising_id=84b0b577501b6c0162aea7c1353b300e66a9fe4a&amp;af_keywords=2","activeCreativeID":"4679","scenes":["13","1","2","9","8"],"campaignAdType":"Interstitial"},{"campaignID":"9252","attribution":0,"priority":"8","appToPromote":{"appToPromoteID":"12315","usesDefaultFrameImage":"0","usesDefaultCloseImage":"0","marketURL":"google.com","packageID":"com.qabrand.plnative"},"showTemplate":1,"s2s_tracking_url":"google.com","activeCreativeID":"4683","scenes":["13","1","2","9","8"],"campaignAdType":"Native","title":"Native first","subTitle":"First ","description":"New description","adClickThroughText":"FIRST Button"},{"campaignID":"9127","attribution":0,"priority":"8","appToPromote":{"appToPromoteID":"17528","usesDefaultFrameImage":"0","usesDefaultCloseImage":"0","marketURL":"https:\/\/play.google.com\/store\/apps\/details?id=net.one97.paytm","packageID":"net.one97.paytm"},"showTemplate":1,"s2s_tracking_url":"https:\/\/tha.gotrackier.com\/click?campaign_id=63249\\u0026pub_id=75?p1=16181_9127_713&amp;source=6841&amp;app_name=AmbulanceStuntsMegaRamp&amp;gaid=713","activeCreativeID":"4788","scenes":["13","1","2","9","8"],"campaignAdType":"Native","title":"BCA","subTitle":"FW","description":"nope","adClickThroughText":"Link"},{"campaignID":"9131","attribution":0,"priority":"8","appToPromote":{"appToPromoteID":"17532","usesDefaultFrameImage":"0","usesDefaultCloseImage":"0","marketURL":"https:\/\/play.google.com\/store\/apps\/details?id=com.dhgate.buyermob","packageID":"com.dhgate.buyermob"},"showTemplate":1,"s2s_tracking_url":"https:\/\/tha.gotrackier.com\/click?campaign_id=63254\\u0026pub_id=75?p1=16181_9131_713&amp;source=6841&amp;app_name=AmbulanceStuntsMegaRamp&amp;gaid=713","activeCreativeID":"4483","scenes":["13","1","2","9","8"],"campaignAdType":"Interstitial"}],"refreshAdRate":30,"mode":"Production","aspectRatio":"9_16","cdnPath":"https:\/\/df8ymybeo92md.cloudfront.net\/images\/","sentry_log":0,"local_logging":0,"sentry_dsn":"https:\/\/93ffa1c9a4124f67b8888a53265f751a:bbf998e04584477fa9a145838e9d3b26@sentry.io\/168994","sentry_initialization":1,"sentry_debugging":0,"bannerSizes":["1"],"aspectRatioVideo":"9_16","app_id":"16181","showPreRewardedDialogue":0,"showPostRewardedDialogue":0,"rewardCurrency":"coins","rewardValue":0,"isSkipable":1,"privacyPolicyURL":"https:\/\/www.consoliads.com\/privacy-policy\/","sessionToken":"FR7d6z5JO0He0rXvbfMhlv+4VIn+o88eZ+4go2VVQ\/3tX0fHQxIkdCJ4nuQ9keixu7kwVP00CKsaBrmMH30IJFNTBZ8QurVxfRXedM6VkvotB0jh1DWThmN5s+Lti9qcFdhYJAme76RFHWdaaHZvfxXSXSOiwD7BWCUqrOch8yM="}
Session token value is set


{"appKey":"005be97fcd809104f05a0543dc19a96f","osVersion":"4.3","orientation":"0","is_mac":"0","model":"E3372","deviceID":"96","telco_operator":"Metfone","cpu":"0","brand":"iPhone","userConsent":"0","internet_connectivity":"0","height":"138","architecture":"aarch81","width":"138","resolution":"1080 x 1920","ram":"1,37 GB","sdkVersion":"39","product":"LUA-U22","devMode":"0"}
cache_ttl value is correct

Refresh Ad Rate value is correct
mode value is set

 Aspect ratio value is correct
sentry_log value is set
local_logging value is set
sentry_initialization value is set
sentry_debugging value is set
showPreRewardedDialogue value is set
showPostRewardedDialogue value is set
isSkipable value is set
{"cache_ttl":10080,"cache_ttl_rewarded":10080,"cache_ttl_banner":10080,"cache_ttl_native":10080,"cache_ttl_icon":10080,"refreshAdRate":30,"mode":"Production","aspectRatio":"9_16","cdnPath":"https:\/\/df8ymybeo92md.cloudfront.net\/images\/","sentry_log":0,"local_logging":0,"sentry_dsn":"na","sentry_initialization":1,"sentry_debugging":0,"bannerSizes":[],"aspectRatioVideo":"9_16","app_id":"3508","showPreRewardedDialogue":0,"showPostRewardedDialogue":0,"rewardCurrency":"coins","rewardValue":0,"isSkipable":0,"privacyPolicyURL":"https:\/\/www.consoliads.com\/privacy-policy\/","sessionToken":"b69uF\/S9rTKyNTatYOUVSCafg8m7pcVUepNuFaMPMv\/tMYEY\/yQTvNK371dYPvQ6h+IIIC2yk0WSKRKgoS4r0n52ymIdGr9dNSn4jowckNHZVDUuwOo7P8ThdrHnH2+qkEliLRCWTdKnOWlcTU4r9GSNpW7sL43mDf2o3dKybI4="}
Session token value is set


{"appKey":"006007905d69c7c3bfc38b08198afcf8","osVersion":"4.2","orientation":"0","is_mac":"0","model":"iphone 3GS","deviceID":"855","telco_operator":" Ooredoo","cpu":"0","brand":"OPPO","userConsent":"0","internet_connectivity":"0","height":"442","architecture":"armv64","width":"442","resolution":"1440 x 2960","ram":"3.69 GB","sdkVersion":"2056","product":"BKK-LX2","devMode":"0"}
cache_ttl value is correct

Title value is correct

Title value is correct

Title value is correct

Title value is correct

Title value is correct

Title value is correct

Refresh Ad Rate value is correct
mode value is set

 Aspect ratio value is correct
sentry_log value is set
local_logging value is set
sentry_initialization value is set
sentry_debugging value is set
showPreRewardedDialogue value is set
showPostRewardedDialogue value is set
isSkipable value is set
{"cache_ttl":10080,"cache_ttl_rewarded":10080,"cache_ttl_banner":10080,"cache_ttl_native":10080,"cache_ttl_icon":10080,"campaigns":[{"campaignID":"8226","attribution":0,"priority":"8","appToPromote":{"appToPromoteID":"12623","usesDefaultFrameImage":"0","usesDefaultCloseImage":"0","marketURL":"https:\/\/play.google.com\/store\/apps\/details?id=com.igg.android.lordsmobile&amp;referrer=utm_source=42matters.com&amp;utm_medium=api","packageID":"com.nooribrand.android.lordsmobile"},"showTemplate":1,"s2s_tracking_url":"https:\/\/play.google.com\/store\/apps\/details?id=com.igg.android.lordsmobile&amp;referrer=utm_source=42matters.com&amp;utm_medium=api","activeCreativeID":"3557","scenes":["1","2","6","5","4","13"],"campaignAdType":"Icon"},{"campaignID":"8613","attribution":0,"priority":"8","appToPromote":{"appToPromoteID":"12623","usesDefaultFrameImage":"0","usesDefaultCloseImage":"0","marketURL":"https:\/\/play.google.com\/store\/apps\/details?id=com.igg.android.lordsmobile&amp;referrer=utm_source=42matters.com&amp;utm_medium=api","packageID":"com.nooribrand.android.lordsmobile"},"showTemplate":1,"s2s_tracking_url":"https:\/\/play.google.com\/store\/apps\/details?id=com.igg.android.lordsmobile&amp;referrer=utm_source=42matters.com&amp;utm_medium=api","activeCreativeID":"3557","scenes":["1","2","6","5","4","13"],"campaignAdType":"Icon"},{"campaignID":"9252","attribution":0,"priority":"8","appToPromote":{"appToPromoteID":"12315","usesDefaultFrameImage":"0","usesDefaultCloseImage":"0","marketURL":"google.com","packageID":"com.qabrand.plnative"},"showTemplate":1,"s2s_tracking_url":"google.com","activeCreativeID":"4683","scenes":["1","2","6","5","4","13"],"campaignAdType":"Native","title":"Native first","subTitle":"First ","description":"New description","adClickThroughText":"FIRST Button"},{"campaignID":"9253","attribution":0,"priority":"8","appToPromote":{"appToPromoteID":"12315","usesDefaultFrameImage":"0","usesDefaultCloseImage":"0","marketURL":"google.com","packageID":"com.qabrand.plnative"},"showTemplate":1,"s2s_tracking_url":"google.com","activeCreativeID":"4683","scenes":["1","2","6","5","4","13"],"campaignAdType":"Native","title":"Native first","subTitle":"First ","description":"New description","adClickThroughText":"FIRST Button"},{"campaignID":"9255","attribution":0,"priority":"8","appToPromote":{"appToPromoteID":"13274","usesDefaultFrameImage":"0","usesDefaultCloseImage":"0","marketURL":"https:\/\/play.google.com\/store\/apps\/details?id=com.facebook.katana","packageID":"com.salon.adsalon"},"showTemplate":1,"s2s_tracking_url":"https:\/\/play.google.com\/store\/apps\/details?id=com.facebook.katana","activeCreativeID":"4685","scenes":["1","2","6","5","4","13"],"campaignAdType":"Native","title":"native NA ","subTitle":"native NA ","description":"native NA added","adClickThroughText":"native NA "},{"campaignID":"9257","attribution":0,"priority":"8","appToPromote":{"appToPromoteID":"12286","usesDefaultFrameImage":"0","usesDefaultCloseImage":"0","marketURL":"google.com","packageID":"com.qabrand.Chartboost_Native"},"showTemplate":1,"s2s_tracking_url":"google.com","activeCreativeID":"4688","scenes":["1","2","6","5","4","13"],"campaignAdType":"Native","title":"Native second updated","subTitle":"Native second ","description":"Native second details","adClickThroughText":"Native second "},{"campaignID":"9263","attribution":0,"priority":"8","appToPromote":{"appToPromoteID":"12315","usesDefaultFrameImage":"0","usesDefaultCloseImage":"0","marketURL":"google.com","packageID":"com.qabrand.plnative"},"showTemplate":1,"s2s_tracking_url":"google.com","activeCreativeID":"4694","scenes":["1","2","6","5","4","13"],"campaignAdType":"Native","title":"test","subTitle":"test","description":" test details update","adClickThroughText":"test"},{"campaignID":"9125","attribution":0,"priority":"8","appToPromote":{"appToPromoteID":"17526","usesDefaultFrameImage":"0","usesDefaultCloseImage":"0","marketURL":"https:\/\/play.google.com\/store\/apps\/details?id=kr.co.richnco.goodrich","packageID":"kr.co.richnco.goodrich"},"showTemplate":1,"s2s_tracking_url":"https:\/\/tha.gotrackier.com\/click?campaign_id=68347\\u0026pub_id=75?p1=11782_9125_855&amp;source=6841&amp;app_name=WaterSurferMotorbikeStunts&amp;gaid=855","activeCreativeID":"4477","scenes":["1","2","6","5","4","13"],"campaignAdType":"Icon"},{"campaignID":"9127","attribution":0,"priority":"8","appToPromote":{"appToPromoteID":"17528","usesDefaultFrameImage":"0","usesDefaultCloseImage":"0","marketURL":"https:\/\/play.google.com\/store\/apps\/details?id=net.one97.paytm","packageID":"net.one97.paytm"},"showTemplate":1,"s2s_tracking_url":"https:\/\/tha.gotrackier.com\/click?campaign_id=63249\\u0026pub_id=75?p1=11782_9127_855&amp;source=6841&amp;app_name=WaterSurferMotorbikeStunts&amp;gaid=855","activeCreativeID":"4788","scenes":["1","2","6","5","4","13"],"campaignAdType":"Native","title":"BCA","subTitle":"FW","description":"nope","adClickThroughText":"Link"},{"campaignID":"9131","attribution":0,"priority":"8","appToPromote":{"appToPromoteID":"17532","usesDefaultFrameImage":"0","usesDefaultCloseImage":"0","marketURL":"https:\/\/play.google.com\/store\/apps\/details?id=com.dhgate.buyermob","packageID":"com.dhgate.buyermob"},"showTemplate":1,"s2s_tracking_url":"https:\/\/tha.gotrackier.com\/click?campaign_id=63254\\u0026pub_id=75?p1=11782_9131_855&amp;source=6841&amp;app_name=WaterSurferMotorbikeStunts&amp;gaid=855","activeCreativeID":"4483","scenes":["1","2","6","5","4","13"],"campaignAdType":"Interstitial"},{"campaignID":"561","attribution":0,"priority":"6","appToPromote":{"appToPromoteID":"5026","usesDefaultFrameImage":"0","usesDefaultCloseImage":"0","marketURL":"https:\/\/play.google.com\/store\/apps\/details?id=com.as.cashupapp","packageID":"com.as.cashupapp"},"showTemplate":1,"s2s_tracking_url":"https:\/\/play.google.com\/store\/apps\/details?id=com.as.cashupapp","activeCreativeID":"652","scenes":["1","2","6","5","4","13"],"campaignAdType":"Interstitial"},{"campaignID":"570","attribution":0,"priority":"6","appToPromote":{"appToPromoteID":"3802","usesDefaultFrameImage":"0","usesDefaultCloseImage":"0","marketURL":"https:\/\/play.google.com\/store\/apps\/details?id=com.Madxstudios.Flickshootsoccer","packageID":"com.Madxstudios.Flickshootsoccer"},"showTemplate":1,"s2s_tracking_url":"https:\/\/play.google.com\/store\/apps\/details?id=com.Madxstudios.Flickshootsoccer","activeCreativeID":"661","scenes":["1","2","6","5","4","13"],"campaignAdType":"Interstitial"},{"campaignID":"588","attribution":0,"priority":"6","appToPromote":{"appToPromoteID":"5026","usesDefaultFrameImage":"0","usesDefaultCloseImage":"0","marketURL":"https:\/\/play.google.com\/store\/apps\/details?id=com.as.cashupapp","packageID":"com.as.cashupapp"},"showTemplate":1,"s2s_tracking_url":"https:\/\/play.google.com\/store\/apps\/details?id=com.as.cashupapp","activeCreativeID":"652","scenes":["1","2","6","5","4","13"],"campaignAdType":"Interstitial"},{"campaignID":"8876","attribution":0,"priority":"5","appToPromote":{"appToPromoteID":"15640","usesDefaultFrameImage":"0","usesDefaultCloseImage":"0","marketURL":"https:\/\/play.google.com\/store\/apps\/details?id=com.pgz.police.bike.stunt.ramp.bike.racing.games","packageID":"com.pgz.police.bike.stunt.ramp.bike.racing.games"},"showTemplate":1,"s2s_tracking_url":"https:\/\/play.google.com\/store\/apps\/details?id=com.pgz.police.bike.stunt.ramp.bike.racing.games","activeCreativeID":"4236","scenes":["1","2","6","5","4","13"],"campaignAdType":"Interstitial"},{"campaignID":"559","attribution":0,"priority":"3","appToPromote":{"appToPromoteID":"3476","usesDefaultFrameImage":"0","usesDefaultCloseImage":"0","marketURL":"https:\/\/play.google.com\/store\/apps\/details?id=com.perspectivegames.real.impossible.tracks.stunts","packageID":"com.perspectivegames.real.impossible.tracks.stunts"},"showTemplate":1,"s2s_tracking_url":"https:\/\/play.google.com\/store\/apps\/details?id=com.perspectivegames.real.impossible.tracks.stunts","activeCreativeID":"649","scenes":["1","2","6","5","4","13"],"campaignAdType":"Interstitial"},{"campaignID":"741","attribution":0,"priority":"3","appToPromote":{"appToPromoteID":"5609","usesDefaultFrameImage":"0","usesDefaultCloseImage":"0","marketURL":"https:\/\/play.google.com\/store\/apps\/details?id=com.kick.gyroscopic.city.train.driver.simulator","packageID":"com.kick.gyroscopic.city.train.driver.simulator"},"showTemplate":1,"s2s_tracking_url":"https:\/\/play.google.com\/store\/apps\/details?id=com.kick.gyroscopic.city.train.driver.simulator","activeCreativeID":"753","scenes":["1","2","6","5","4","13"],"campaignAdType":"Interstitial"},{"campaignID":"798","attribution":0,"priority":"3","appToPromote":{"appToPromoteID":"5770","usesDefaultFrameImage":"0","usesDefaultCloseImage":"0","marketURL":"https:\/\/play.google.com\/store\/apps\/details?id=com.simulatorgames3d.alohacelebrations","packageID":"com.simulatorgames3d.alohacelebrations"},"showTemplate":1,"s2s_tracking_url":"https:\/\/play.google.com\/store\/apps\/details?id=com.simulatorgames3d.alohacelebrations","activeCreativeID":"787","scenes":["1","2","6","5","4","13"],"campaignAdType":"Interstitial"},{"campaignID":"8762","attribution":0,"priority":"2","appToPromote":{"appToPromoteID":"13265","usesDefaultFrameImage":"0","usesDefaultCloseImage":"0","marketURL":"https:\/\/play.google.com\/store\/apps\/details?id=com.rhg.tricky.bike.stunt.moto.master","packageID":"com.rhg.tricky.bike.stunt.moto.master"},"showTemplate":1,"s2s_tracking_url":"https:\/\/play.google.com\/store\/apps\/details?id=com.rhg.tricky.bike.stunt.moto.master","activeCreativeID":"4121","scenes":["1","2","6","5","4","13"],"campaignAdType":"Rewarded Video"},{"campaignID":"8879","attribution":0,"priority":"2","appToPromote":{"appToPromoteID":"15640","usesDefaultFrameImage":"0","usesDefaultCloseImage":"0","marketURL":"https:\/\/play.google.com\/store\/apps\/details?id=com.pgz.police.bike.stunt.ramp.bike.racing.games","packageID":"com.pgz.police.bike.stunt.ramp.bike.racing.games"},"showTemplate":1,"s2s_tracking_url":"https:\/\/play.google.com\/store\/apps\/details?id=com.pgz.police.bike.stunt.ramp.bike.racing.games","activeCreativeID":"4239","scenes":["1","2","6","5","4","13"],"campaignAdType":"Banner"},{"campaignID":"8971","attribution":0,"priority":"2","appToPromote":{"appToPromoteID":"15640","usesDefaultFrameImage":"0","usesDefaultCloseImage":"0","marketURL":"https:\/\/play.google.com\/store\/apps\/details?id=com.pgz.police.bike.stunt.ramp.bike.racing.games","packageID":"com.pgz.police.bike.stunt.ramp.bike.racing.games"},"showTemplate":1,"s2s_tracking_url":"https:\/\/play.google.com\/store\/apps\/details?id=com.pgz.police.bike.stunt.ramp.bike.racing.games","activeCreativeID":"4236","scenes":["1","2","6","5","4","13"],"campaignAdType":"Interstitial"},{"campaignID":"9366","attribution":0,"priority":"2","appToPromote":{"appToPromoteID":"17602","usesDefaultFrameImage":"0","usesDefaultCloseImage":"0","marketURL":"https:\/\/play.google.com\/store\/apps\/details?id=com.abaenglish.videoclass&amp;referrer=utm_source=42matters.com&amp;utm_medium=api","packageID":"com.abaenglish.videoclass"},"showTemplate":1,"s2s_tracking_url":"https:\/\/play.google.com\/store\/apps\/details?id=com.abaenglish.videoclass&amp;referrer=utm_source=42matters.com&amp;utm_medium=api","activeCreativeID":"4815","scenes":["1","2","6","5","4","13"],"campaignAdType":"Interstitial"},{"campaignID":"9367","attribution":0,"priority":"2","appToPromote":{"appToPromoteID":"17602","usesDefaultFrameImage":"0","usesDefaultCloseImage":"0","marketURL":"https:\/\/play.google.com\/store\/apps\/details?id=com.abaenglish.videoclass&amp;referrer=utm_source=42matters.com&amp;utm_medium=api","packageID":"com.abaenglish.videoclass"},"showTemplate":1,"s2s_tracking_url":"https:\/\/play.google.com\/store\/apps\/details?id=com.abaenglish.videoclass&amp;referrer=utm_source=42matters.com&amp;utm_medium=api","activeCreativeID":"4815","scenes":["1","2","6","5","4","13"],"campaignAdType":"Interstitial"},{"campaignID":"9368","attribution":0,"priority":"2","appToPromote":{"appToPromoteID":"17602","usesDefaultFrameImage":"0","usesDefaultCloseImage":"0","marketURL":"https:\/\/play.google.com\/store\/apps\/details?id=com.abaenglish.videoclass&amp;referrer=utm_source=42matters.com&amp;utm_medium=api","packageID":"com.abaenglish.videoclass"},"showTemplate":1,"s2s_tracking_url":"https:\/\/play.google.com\/store\/apps\/details?id=com.abaenglish.videoclass&amp;referrer=utm_source=42matters.com&amp;utm_medium=api","activeCreativeID":"4815","scenes":["1","2","6","5","4","13"],"campaignAdType":"Interstitial"},{"campaignID":"9369","attribution":0,"priority":"2","appToPromote":{"appToPromoteID":"17602","usesDefaultFrameImage":"0","usesDefaultCloseImage":"0","marketURL":"https:\/\/play.google.com\/store\/apps\/details?id=com.abaenglish.videoclass&amp;referrer=utm_source=42matters.com&amp;utm_medium=api","packageID":"com.abaenglish.videoclass"},"showTemplate":1,"s2s_tracking_url":"https:\/\/play.google.com\/store\/apps\/details?id=com.abaenglish.videoclass&amp;referrer=utm_source=42matters.com&amp;utm_medium=api","activeCreativeID":"4815","scenes":["1","2","6","5","4","13"],"campaignAdType":"Interstitial"},{"campaignID":"602","attribution":0,"priority":"2","appToPromote":{"appToPromoteID":"5444","usesDefaultFrameImage":"0","usesDefaultCloseImage":"0","marketURL":"https:\/\/play.google.com\/store\/apps\/details?id=com.simulatorgame3d.impossibleairtracks","packageID":"com.simulatorgame3d.impossibleairtracks"},"showTemplate":1,"s2s_tracking_url":"https:\/\/play.google.com\/store\/apps\/details?id=com.simulatorgame3d.impossibleairtracks","activeCreativeID":"700","scenes":["1","2","6","5","4","13"],"campaignAdType":"Interstitial"}],"refreshAdRate":30,"mode":"Production","aspectRatio":"9_16","cdnPath":"https:\/\/df8ymybeo92md.cloudfront.net\/images\/","sentry_log":0,"local_logging":0,"sentry_dsn":"https:\/\/93ffa1c9a4124f67b8888a53265f751a:bbf998e04584477fa9a145838e9d3b26@sentry.io\/168994","sentry_initialization":1,"sentry_debugging":0,"bannerSizes":["5"],"aspectRatioVideo":"9_16","app_id":"11782","showPreRewardedDialogue":0,"showPostRewardedDialogue":0,"rewardCurrency":"coins","rewardValue":0,"isSkipable":0,"privacyPolicyURL":"https:\/\/www.consoliads.com\/privacy-policy\/","sessionToken":"KlkD3BE+gjkqV8b9ArEXvWkSpjy2WNN3suQb9FMtjIaBw2\/HvxQO97lSezBCKz7nd4MdlvSJLCMkExtH83Zx+rRFnZ7SbS4saQjt5z8GdktDJlc4yZ9wfRDzr3GaYiEp8op57KtuFC1rabPmVKKjEKDBRP76zHnCiz0swL3p2Do="}
Session token value is set


{"appKey":"0065f922b6a67353ac14be778cdfd42c","osVersion":"9.0","orientation":"0","is_mac":"0","model":"GT-Nnnn0","deviceID":"934","telco_operator":"","cpu":"0","brand":"HUAWEI","userConsent":"0","internet_connectivity":"0","height":"473","architecture":"","width":"473","resolution":"1280x720","ram":"953,45 MB","sdkVersion":"2151","product":"j7xeltexx","devMode":"0"}
cache_ttl value is correct

Title value is correct

Title value is correct

Title value is correct

Title value is correct

Title value is correct

Title value is correct

Refresh Ad Rate value is correct
mode value is set

 Aspect ratio value is correct
sentry_log value is set
local_logging value is set
sentry_initialization value is set
sentry_debugging value is set
showPreRewardedDialogue value is set
showPostRewardedDialogue value is set
isSkipable value is set
{"cache_ttl":10080,"cache_ttl_rewarded":10080,"cache_ttl_banner":10080,"cache_ttl_native":10080,"cache_ttl_icon":10080,"campaigns":[{"campaignID":"8391","attribution":0,"priority":"5","appToPromote":{"appToPromoteID":"16142","usesDefaultFrameImage":"0","usesDefaultCloseImage":"0","marketURL":"https:\/\/play.google.com\/store\/apps\/details?id=com.po.tank.transporter","packageID":"com.po.tank.transporter"},"showTemplate":1,"s2s_tracking_url":"https:\/\/play.google.com\/store\/apps\/details?id=com.po.tank.transporter","activeCreativeID":"3728","scenes":["13","14","1","2","8","12","4","5","6","15"],"campaignAdType":"Icon"},{"campaignID":"8571","attribution":0,"priority":"5","appToPromote":{"appToPromoteID":"16596","usesDefaultFrameImage":"0","usesDefaultCloseImage":"0","marketURL":"https:\/\/play.google.com\/store\/apps\/details?id=com.gp.farming.game.tractor","packageID":"com.gp.farming.game.tractor"},"showTemplate":1,"s2s_tracking_url":"https:\/\/play.google.com\/store\/apps\/details?id=com.gp.farming.game.tractor","activeCreativeID":"3926","scenes":["13","14","1","2","8","12","4","5","6","15"],"campaignAdType":"Icon"},{"campaignID":"8134","attribution":0,"priority":"4","appToPromote":{"appToPromoteID":"16138","usesDefaultFrameImage":"0","usesDefaultCloseImage":"0","marketURL":"https:\/\/play.google.com\/store\/apps\/details?id=com.gr.snow.excavator","packageID":"com.gr.snow.excavator"},"showTemplate":1,"s2s_tracking_url":"https:\/\/play.google.com\/store\/apps\/details?id=com.gr.snow.excavator","activeCreativeID":"3459","scenes":["13","14","1","2","8","12","4","5","6","15"],"campaignAdType":"Icon"},{"campaignID":"8388","attribution":0,"priority":"4","appToPromote":{"appToPromoteID":"16317","usesDefaultFrameImage":"0","usesDefaultCloseImage":"0","marketURL":"https:\/\/play.google.com\/store\/apps\/details?id=com.po.laser.game","packageID":"com.po.laser.game"},"showTemplate":1,"s2s_tracking_url":"https:\/\/play.google.com\/store\/apps\/details?id=com.po.laser.game","activeCreativeID":"3725","scenes":["13","14","1","2","8","12","4","5","6","15"],"campaignAdType":"Icon"},{"campaignID":"8614","attribution":0,"priority":"3","appToPromote":{"appToPromoteID":"16720","usesDefaultFrameImage":"0","usesDefaultCloseImage":"0","marketURL":"https:\/\/play.google.com\/store\/apps\/details?id=com.ew.dino.city.attack","packageID":"com.ew.dino.city.attack"},"showTemplate":1,"s2s_tracking_url":"https:\/\/play.google.com\/store\/apps\/details?id=com.ew.dino.city.attack","activeCreativeID":"3969","scenes":["13","14","1","2","8","12","4","5","6","15"],"campaignAdType":"Icon"},{"campaignID":"8125","attribution":0,"priority":"1","appToPromote":{"appToPromoteID":"15675","usesDefaultFrameImage":"0","usesDefaultCloseImage":"0","marketURL":"https:\/\/play.google.com\/store\/apps\/details?id=com.west.sheriff.gunfighter","packageID":"com.west.sheriff.gunfighter"},"showTemplate":1,"s2s_tracking_url":"https:\/\/play.google.com\/store\/apps\/details?id=com.west.sheriff.gunfighter","activeCreativeID":"3449","scenes":["13","14","1","2","8","12","4","5","6","15"],"campaignAdType":"Icon"},{"campaignID":"8203","attribution":0,"priority":"1","appToPromote":{"appToPromoteID":"16106","usesDefaultFrameImage":"0","usesDefaultCloseImage":"0","marketURL":"https:\/\/play.google.com\/store\/apps\/details?id=com.gs.taxi.driving","packageID":"com.gs.taxi.driving"},"showTemplate":1,"s2s_tracking_url":"https:\/\/play.google.com\/store\/apps\/details?id=com.gs.taxi.driving","activeCreativeID":"3535","scenes":["13","14","1","2","8","12","4","5","6","15"],"campaignAdType":"Icon"},{"campaignID":"8389","attribution":0,"priority":"1","appToPromote":{"appToPromoteID":"16347","usesDefaultFrameImage":"0","usesDefaultCloseImage":"0","marketURL":"https:\/\/play.google.com\/store\/apps\/details?id=com.pe.gorilla.transform","packageID":"com.pe.gorilla.transform"},"showTemplate":1,"s2s_tracking_url":"https:\/\/play.google.com\/store\/apps\/details?id=com.pe.gorilla.transform","activeCreativeID":"3726","scenes":["13","14","1","2","8","12","4","5","6","15"],"campaignAdType":"Icon"},{"campaignID":"8390","attribution":0,"priority":"1","appToPromote":{"appToPromoteID":"16258","usesDefaultFrameImage":"0","usesDefaultCloseImage":"0","marketURL":"https:\/\/play.google.com\/store\/apps\/details?id=com.pe.monster.truck","packageID":"com.pe.monster.truck"},"showTemplate":1,"s2s_tracking_url":"https:\/\/play.google.com\/store\/apps\/details?id=com.pe.monster.truck","activeCreativeID":"3727","scenes":["13","14","1","2","8","12","4","5","6","15"],"campaignAdType":"Icon"},{"campaignID":"9252","attribution":0,"priority":"8","appToPromote":{"appToPromoteID":"12315","usesDefaultFrameImage":"0","usesDefaultCloseImage":"0","marketURL":"google.com","packageID":"com.qabrand.plnative"},"showTemplate":1,"s2s_tracking_url":"google.com","activeCreativeID":"4683","scenes":["13","14","1","2","8","12","4","5","6","15"],"campaignAdType":"Native","title":"Native first","subTitle":"First ","description":"New description","adClickThroughText":"FIRST Button"},{"campaignID":"9253","attribution":0,"priority":"8","appToPromote":{"appToPromoteID":"12315","usesDefaultFrameImage":"0","usesDefaultCloseImage":"0","marketURL":"google.com","packageID":"com.qabrand.plnative"},"showTemplate":1,"s2s_tracking_url":"google.com","activeCreativeID":"4683","scenes":["13","14","1","2","8","12","4","5","6","15"],"campaignAdType":"Native","title":"Native first","subTitle":"First ","description":"New description","adClickThroughText":"FIRST Button"},{"campaignID":"9255","attribution":0,"priority":"8","appToPromote":{"appToPromoteID":"13274","usesDefaultFrameImage":"0","usesDefaultCloseImage":"0","marketURL":"https:\/\/play.google.com\/store\/apps\/details?id=com.facebook.katana","packageID":"com.salon.adsalon"},"showTemplate":1,"s2s_tracking_url":"https:\/\/play.google.com\/store\/apps\/details?id=com.facebook.katana","activeCreativeID":"4685","scenes":["13","14","1","2","8","12","4","5","6","15"],"campaignAdType":"Native","title":"native NA ","subTitle":"native NA ","description":"native NA added","adClickThroughText":"native NA "},{"campaignID":"9257","attribution":0,"priority":"8","appToPromote":{"appToPromoteID":"12286","usesDefaultFrameImage":"0","usesDefaultCloseImage":"0","marketURL":"google.com","packageID":"com.qabrand.Chartboost_Native"},"showTemplate":1,"s2s_tracking_url":"google.com","activeCreativeID":"4688","scenes":["13","14","1","2","8","12","4","5","6","15"],"campaignAdType":"Native","title":"Native second updated","subTitle":"Native second ","description":"Native second details","adClickThroughText":"Native second "},{"campaignID":"9263","attribution":0,"priority":"8","appToPromote":{"appToPromoteID":"12315","usesDefaultFrameImage":"0","usesDefaultCloseImage":"0","marketURL":"google.com","packageID":"com.qabrand.plnative"},"showTemplate":1,"s2s_tracking_url":"google.com","activeCreativeID":"4694","scenes":["13","14","1","2","8","12","4","5","6","15"],"campaignAdType":"Native","title":"test","subTitle":"test","description":" test details update","adClickThroughText":"test"},{"campaignID":"9127","attribution":0,"priority":"8","appToPromote":{"appToPromoteID":"17528","usesDefaultFrameImage":"0","usesDefaultCloseImage":"0","marketURL":"https:\/\/play.google.com\/store\/apps\/details?id=net.one97.paytm","packageID":"net.one97.paytm"},"showTemplate":1,"s2s_tracking_url":"https:\/\/tha.gotrackier.com\/click?campaign_id=63249\\u0026pub_id=75?p1=16142_9127_934&amp;source=6841&amp;app_name=USArmyTankTransporter:TruckDrivingGames&amp;gaid=934","activeCreativeID":"4788","scenes":["13","14","1","2","8","12","4","5","6","15"],"campaignAdType":"Native","title":"BCA","subTitle":"FW","description":"nope","adClickThroughText":"Link"},{"campaignID":"9131","attribution":0,"priority":"8","appToPromote":{"appToPromoteID":"17532","usesDefaultFrameImage":"0","usesDefaultCloseImage":"0","marketURL":"https:\/\/play.google.com\/store\/apps\/details?id=com.dhgate.buyermob","packageID":"com.dhgate.buyermob"},"showTemplate":1,"s2s_tracking_url":"https:\/\/tha.gotrackier.com\/click?campaign_id=63254\\u0026pub_id=75?p1=16142_9131_934&amp;source=6841&amp;app_name=USArmyTankTransporter:TruckDrivingGames&amp;gaid=934","activeCreativeID":"4483","scenes":["13","14","1","2","8","12","4","5","6","15"],"campaignAdType":"Interstitial"},{"campaignID":"6620","attribution":0,"priority":"6","appToPromote":{"appToPromoteID":"12980","usesDefaultFrameImage":"0","usesDefaultCloseImage":"0","marketURL":"https:\/\/play.google.com\/store\/apps\/details?id=com.sx.cooking.cafe.restaurant","packageID":"com.sx.cooking.cafe.restaurant"},"showTemplate":1,"s2s_tracking_url":"https:\/\/play.google.com\/store\/apps\/details?id=com.sx.cooking.cafe.restaurant","activeCreativeID":"1702","scenes":["13","14","1","2","8","12","4","5","6","15"],"campaignAdType":"Interstitial"},{"campaignID":"8876","attribution":0,"priority":"5","appToPromote":{"appToPromoteID":"15640","usesDefaultFrameImage":"0","usesDefaultCloseImage":"0","marketURL":"https:\/\/play.google.com\/store\/apps\/details?id=com.pgz.police.bike.stunt.ramp.bike.racing.games","packageID":"com.pgz.police.bike.stunt.ramp.bike.racing.games"},"showTemplate":1,"s2s_tracking_url":"https:\/\/play.google.com\/store\/apps\/details?id=com.pgz.police.bike.stunt.ramp.bike.racing.games","activeCreativeID":"4236","scenes":["13","14","1","2","8","12","4","5","6","15"],"campaignAdType":"Interstitial"},{"campaignID":"6596","attribution":0,"priority":"5","appToPromote":{"appToPromoteID":"12980","usesDefaultFrameImage":"0","usesDefaultCloseImage":"0","marketURL":"https:\/\/play.google.com\/store\/apps\/details?id=com.sx.cooking.cafe.restaurant","packageID":"com.sx.cooking.cafe.restaurant"},"showTemplate":1,"s2s_tracking_url":"https:\/\/play.google.com\/store\/apps\/details?id=com.sx.cooking.cafe.restaurant","activeCreativeID":"1702","scenes":["13","14","1","2","8","12","4","5","6","15"],"campaignAdType":"Interstitial"},{"campaignID":"8762","attribution":0,"priority":"2","appToPromote":{"appToPromoteID":"13265","usesDefaultFrameImage":"0","usesDefaultCloseImage":"0","marketURL":"https:\/\/play.google.com\/store\/apps\/details?id=com.rhg.tricky.bike.stunt.moto.master","packageID":"com.rhg.tricky.bike.stunt.moto.master"},"showTemplate":1,"s2s_tracking_url":"https:\/\/play.google.com\/store\/apps\/details?id=com.rhg.tricky.bike.stunt.moto.master","activeCreativeID":"4121","scenes":["13","14","1","2","8","12","4","5","6","15"],"campaignAdType":"Rewarded Video"}],"refreshAdRate":30,"mode":"Production","aspectRatio":"9_16","cdnPath":"https:\/\/df8ymybeo92md.cloudfront.net\/images\/","sentry_log":0,"local_logging":0,"sentry_dsn":"https:\/\/93ffa1c9a4124f67b8888a53265f751a:bbf998e04584477fa9a145838e9d3b26@sentry.io\/168994","sentry_initialization":1,"sentry_debugging":0,"bannerSizes":["2","1","5"],"aspectRatioVideo":"9_16","app_id":"16142","showPreRewardedDialogue":0,"showPostRewardedDialogue":0,"rewardCurrency":"coins","rewardValue":0,"isSkipable":1,"privacyPolicyURL":"https:\/\/www.consoliads.com\/privacy-policy\/","sessionToken":"QMn7OpwMeJR5lRQEwncMGgH2K8kqxaC8bvxH+dF3PlAIPWG5DpW5BudgiX+jYADVuQhvMjOVgzjoXqlsmAtZQiSBczXQvLm+iG8WB9REOWTs58WH8hV0IjonfxLufdYdIGfoEXU1LtYn8yVLQIOSDjfKQFEP+cRu+DwmcLARdlQ="}
Session token value is set


{"appKey":"0069e2f8ff4b2535bf0b0f4bb4b26b2e","osVersion":"8.0","orientation":"0","is_mac":"0","model":"SM-Nnn0","deviceID":"31","telco_operator":"Azercell","cpu":"0","brand":"Xiaomi","userConsent":"0","internet_connectivity":"0","height":"112","architecture":"0","width":"112","resolution":"1196x720","ram":"3.51 GB ","sdkVersion":"2106","product":"mido","devMode":"0"}
cache_ttl value is correct

Title value is correct

Title value is correct

Title value is correct

Title value is correct

Title value is correct

Title value is correct

Refresh Ad Rate value is correct
mode value is set

 Aspect ratio value is correct
sentry_log value is set
local_logging value is set
sentry_initialization value is set
sentry_debugging value is set
showPreRewardedDialogue value is set
showPostRewardedDialogue value is set
isSkipable value is set
{"cache_ttl":10080,"cache_ttl_rewarded":10080,"cache_ttl_banner":10080,"cache_ttl_native":10080,"cache_ttl_icon":10080,"campaigns":[{"campaignID":"9014","attribution":0,"priority":"5","appToPromote":{"appToPromoteID":"17383","usesDefaultFrameImage":"0","usesDefaultCloseImage":"0","marketURL":"https:\/\/play.google.com\/store\/apps\/details?id=com.inferno.girl.gangster.fps","packageID":"com.inferno.girl.gangster.fps"},"showTemplate":1,"s2s_tracking_url":"https:\/\/play.google.com\/store\/apps\/details?id=com.inferno.girl.gangster.fps","activeCreativeID":"4378","scenes":["1","2","6","4","5","13"],"campaignAdType":"Video"},{"campaignID":"7210","attribution":0,"priority":"5","appToPromote":{"appToPromoteID":"14411","usesDefaultFrameImage":"0","usesDefaultCloseImage":"0","marketURL":"https:\/\/play.google.com\/store\/apps\/details?id=com.md.dog.robot.transformation","packageID":"com.md.dog.robot.transformation"},"showTemplate":1,"s2s_tracking_url":"https:\/\/play.google.com\/store\/apps\/details?id=com.md.dog.robot.transformation","activeCreativeID":"2690","scenes":["1","2","6","4","5","13"],"campaignAdType":"Icon"},{"campaignID":"7342","attribution":0,"priority":"5","appToPromote":{"appToPromoteID":"14269","usesDefaultFrameImage":"0","usesDefaultCloseImage":"0","marketURL":"https:\/\/play.google.com\/store\/apps\/details?id=com.md.army.counter.terrorist","packageID":"com.md.army.counter.terrorist"},"showTemplate":1,"s2s_tracking_url":"https:\/\/play.google.com\/store\/apps\/details?id=com.md.army.counter.terrorist","activeCreativeID":"3606","scenes":["1","2","6","4","5","13"],"campaignAdType":"Icon"},{"campaignID":"8346","attribution":0,"priority":"4","appToPromote":{"appToPromoteID":"16266","usesDefaultFrameImage":"0","usesDefaultCloseImage":"0","marketURL":"https:\/\/play.google.com\/store\/apps\/details?id=com.inferno.formula.dragon.game","packageID":"com.inferno.formula.dragon.game"},"showTemplate":1,"s2s_tracking_url":"https:\/\/play.google.com\/store\/apps\/details?id=com.inferno.formula.dragon.game","activeCreativeID":"3684","scenes":["1","2","6","4","5","13"],"campaignAdType":"Video"},{"campaignID":"8841","attribution":0,"priority":"4","appToPromote":{"appToPromoteID":"17002","usesDefaultFrameImage":"0","usesDefaultCloseImage":"0","marketURL":"https:\/\/play.google.com\/store\/apps\/details?id=com.inferno.robot.fps.game","packageID":"com.inferno.robot.fps.game"},"showTemplate":1,"s2s_tracking_url":"https:\/\/play.google.com\/store\/apps\/details?id=com.inferno.robot.fps.game","activeCreativeID":"4205","scenes":["1","2","6","4","5","13"],"campaignAdType":"Video"},{"campaignID":"8226","attribution":0,"priority":"8","appToPromote":{"appToPromoteID":"12623","usesDefaultFrameImage":"0","usesDefaultCloseImage":"0","marketURL":"https:\/\/play.google.com\/store\/apps\/details?id=com.igg.android.lordsmobile&amp;referrer=utm_source=42matters.com&amp;utm_medium=api","packageID":"com.nooribrand.android.lordsmobile"},"showTemplate":1,"s2s_tracking_url":"https:\/\/play.google.com\/store\/apps\/details?id=com.igg.android.lordsmobile&amp;referrer=utm_source=42matters.com&amp;utm_medium=api","activeCreativeID":"3557","scenes":["1","2","6","4","5","13"],"campaignAdType":"Icon"},{"campaignID":"9249","attribution_link":"https:\/\/app.appsflyer.com\/com.lgn.gun.strike.war.train.shooting.games?pid=consoliads_int&amp;af_click_lookback=7d&amp;clickid=8213_9249_31&amp;android_id={android_id}&amp;sha1_android_id={sha1_android_id}&amp;advertising_id=31&amp;sha1_advertising_id=632667547e7cd3e0466547863e1207a8c0c0c549&amp;af_keywords=2","attribution":1,"priority":"8","appToPromote":{"appToPromoteID":"13421","usesDefaultFrameImage":"0","usesDefaultCloseImage":"0","marketURL":"http:\/\/www.google.com","packageID":"com.appricot2d.testt"},"showTemplate":1,"s2s_tracking_url":"https:\/\/app.appsflyer.com\/com.lgn.gun.strike.war.train.shooting.games?pid=consoliads_int&amp;af_click_lookback=7d&amp;clickid=8213_9249_31&amp;android_id={android_id}&amp;sha1_android_id={sha1_android_id}&amp;advertising_id=31&amp;sha1_advertising_id=632667547e7cd3e0466547863e1207a8c0c0c549&amp;af_keywords=2","activeCreativeID":"4679","scenes":["1","2","6","4","5","13"],"campaignAdType":"Interstitial"},{"campaignID":"9252","attribution":0,"priority":"8","appToPromote":{"appToPromoteID":"12315","usesDefaultFrameImage":"0","usesDefaultCloseImage":"0","marketURL":"google.com","packageID":"com.qabrand.plnative"},"showTemplate":1,"s2s_tracking_url":"google.com","activeCreativeID":"4683","scenes":["1","2","6","4","5","13"],"campaignAdType":"Native","title":"Native first","subTitle":"First ","description":"New description","adClickThroughText":"FIRST Button"},{"campaignID":"9253","attribution":0,"priority":"8","appToPromote":{"appToPromoteID":"12315","usesDefaultFrameImage":"0","usesDefaultCloseImage":"0","marketURL":"google.com","packageID":"com.qabrand.plnative"},"showTemplate":1,"s2s_tracking_url":"google.com","activeCreativeID":"4683","scenes":["1","2","6","4","5","13"],"campaignAdType":"Native","title":"Native first","subTitle":"First ","description":"New description","adClickThroughText":"FIRST Button"},{"campaignID":"9255","attribution":0,"priority":"8","appToPromote":{"appToPromoteID":"13274","usesDefaultFrameImage":"0","usesDefaultCloseImage":"0","marketURL":"https:\/\/play.google.com\/store\/apps\/details?id=com.facebook.katana","packageID":"com.salon.adsalon"},"showTemplate":1,"s2s_tracking_url":"https:\/\/play.google.com\/store\/apps\/details?id=com.facebook.katana","activeCreativeID":"4685","scenes":["1","2","6","4","5","13"],"campaignAdType":"Native","title":"native NA ","subTitle":"native NA ","description":"native NA added","adClickThroughText":"native NA "},{"campaignID":"9257","attribution":0,"priority":"8","appToPromote":{"appToPromoteID":"12286","usesDefaultFrameImage":"0","usesDefaultCloseImage":"0","marketURL":"google.com","packageID":"com.qabrand.Chartboost_Native"},"showTemplate":1,"s2s_tracking_url":"google.com","activeCreativeID":"4688","scenes":["1","2","6","4","5","13"],"campaignAdType":"Native","title":"Native second updated","subTitle":"Native second ","description":"Native second details","adClickThroughText":"Native second "},{"campaignID":"9261","attribution_link":"https:\/\/app.appsflyer.com\/com.lgn.gun.strike.war.train.shooting.games?pid=consoliads_int&amp;af_click_lookback=7d&amp;clickid=8213_9261_31&amp;android_id={android_id}&amp;sha1_android_id={sha1_android_id}&amp;advertising_id=31&amp;sha1_advertising_id=632667547e7cd3e0466547863e1207a8c0c0c549&amp;af_keywords=2","attribution":1,"priority":"8","appToPromote":{"appToPromoteID":"13421","usesDefaultFrameImage":"0","usesDefaultCloseImage":"0","marketURL":"http:\/\/www.google.com","packageID":"com.appricot2d.testt"},"showTemplate":1,"s2s_tracking_url":"https:\/\/app.appsflyer.com\/com.lgn.gun.strike.war.train.shooting.games?pid=consoliads_int&amp;af_click_lookback=7d&amp;clickid=8213_9261_31&amp;android_id={android_id}&amp;sha1_android_id={sha1_android_id}&amp;advertising_id=31&amp;sha1_advertising_id=632667547e7cd3e0466547863e1207a8c0c0c549&amp;af_keywords=2","activeCreativeID":"4692","scenes":["1","2","6","4","5","13"],"campaignAdType":"Interstitial"},{"campaignID":"9263","attribution":0,"priority":"8","appToPromote":{"appToPromoteID":"12315","usesDefaultFrameImage":"0","usesDefaultCloseImage":"0","marketURL":"google.com","packageID":"com.qabrand.plnative"},"showTemplate":1,"s2s_tracking_url":"google.com","activeCreativeID":"4694","scenes":["1","2","6","4","5","13"],"campaignAdType":"Native","title":"test","subTitle":"test","description":" test details update","adClickThroughText":"test"},{"campaignID":"9127","attribution":0,"priority":"8","appToPromote":{"appToPromoteID":"17528","usesDefaultFrameImage":"0","usesDefaultCloseImage":"0","marketURL":"https:\/\/play.google.com\/store\/apps\/details?id=net.one97.paytm","packageID":"net.one97.paytm"},"showTemplate":1,"s2s_tracking_url":"https:\/\/tha.gotrackier.com\/click?campaign_id=63249\\u0026pub_id=75?p1=8213_9127_31&amp;source=6841&amp;app_name=RobotTiger&amp;gaid=31","activeCreativeID":"4788","scenes":["1","2","6","4","5","13"],"campaignAdType":"Native","title":"BCA","subTitle":"FW","description":"nope","adClickThroughText":"Link"},{"campaignID":"9131","attribution":0,"priority":"8","appToPromote":{"appToPromoteID":"17532","usesDefaultFrameImage":"0","usesDefaultCloseImage":"0","marketURL":"https:\/\/play.google.com\/store\/apps\/details?id=com.dhgate.buyermob","packageID":"com.dhgate.buyermob"},"showTemplate":1,"s2s_tracking_url":"https:\/\/tha.gotrackier.com\/click?campaign_id=63254\\u0026pub_id=75?p1=8213_9131_31&amp;source=6841&amp;app_name=RobotTiger&amp;gaid=31","activeCreativeID":"4483","scenes":["1","2","6","4","5","13"],"campaignAdType":"Interstitial"},{"campaignID":"561","attribution":0,"priority":"6","appToPromote":{"appToPromoteID":"5026","usesDefaultFrameImage":"0","usesDefaultCloseImage":"0","marketURL":"https:\/\/play.google.com\/store\/apps\/details?id=com.as.cashupapp","packageID":"com.as.cashupapp"},"showTemplate":1,"s2s_tracking_url":"https:\/\/play.google.com\/store\/apps\/details?id=com.as.cashupapp","activeCreativeID":"652","scenes":["1","2","6","4","5","13"],"campaignAdType":"Interstitial"},{"campaignID":"570","attribution":0,"priority":"6","appToPromote":{"appToPromoteID":"3802","usesDefaultFrameImage":"0","usesDefaultCloseImage":"0","marketURL":"https:\/\/play.google.com\/store\/apps\/details?id=com.Madxstudios.Flickshootsoccer","packageID":"com.Madxstudios.Flickshootsoccer"},"showTemplate":1,"s2s_tracking_url":"https:\/\/play.google.com\/store\/apps\/details?id=com.Madxstudios.Flickshootsoccer","activeCreativeID":"661","scenes":["1","2","6","4","5","13"],"campaignAdType":"Interstitial"},{"campaignID":"588","attribution":0,"priority":"6","appToPromote":{"appToPromoteID":"5026","usesDefaultFrameImage":"0","usesDefaultCloseImage":"0","marketURL":"https:\/\/play.google.com\/store\/apps\/details?id=com.as.cashupapp","packageID":"com.as.cashupapp"},"showTemplate":1,"s2s_tracking_url":"https:\/\/play.google.com\/store\/apps\/details?id=com.as.cashupapp","activeCreativeID":"652","scenes":["1","2","6","4","5","13"],"campaignAdType":"Interstitial"},{"campaignID":"6620","attribution":0,"priority":"6","appToPromote":{"appToPromoteID":"12980","usesDefaultFrameImage":"0","usesDefaultCloseImage":"0","marketURL":"https:\/\/play.google.com\/store\/apps\/details?id=com.sx.cooking.cafe.restaurant","packageID":"com.sx.cooking.cafe.restaurant"},"showTemplate":1,"s2s_tracking_url":"https:\/\/play.google.com\/store\/apps\/details?id=com.sx.cooking.cafe.restaurant","activeCreativeID":"1702","scenes":["1","2","6","4","5","13"],"campaignAdType":"Interstitial"},{"campaignID":"8876","attribution":0,"priority":"5","appToPromote":{"appToPromoteID":"15640","usesDefaultFrameImage":"0","usesDefaultCloseImage":"0","marketURL":"https:\/\/play.google.com\/store\/apps\/details?id=com.pgz.police.bike.stunt.ramp.bike.racing.games","packageID":"com.pgz.police.bike.stunt.ramp.bike.racing.games"},"showTemplate":1,"s2s_tracking_url":"https:\/\/play.google.com\/store\/apps\/details?id=com.pgz.police.bike.stunt.ramp.bike.racing.games","activeCreativeID":"4236","scenes":["1","2","6","4","5","13"],"campaignAdType":"Interstitial"},{"campaignID":"6596","attribution":0,"priority":"5","appToPromote":{"appToPromoteID":"12980","usesDefaultFrameImage":"0","usesDefaultCloseImage":"0","marketURL":"https:\/\/play.google.com\/store\/apps\/details?id=com.sx.cooking.cafe.restaurant","packageID":"com.sx.cooking.cafe.restaurant"},"showTemplate":1,"s2s_tracking_url":"https:\/\/play.google.com\/store\/apps\/details?id=com.sx.cooking.cafe.restaurant","activeCreativeID":"1702","scenes":["1","2","6","4","5","13"],"campaignAdType":"Interstitial"},{"campaignID":"414","attribution":0,"priority":"3","appToPromote":{"appToPromoteID":"3023","usesDefaultFrameImage":"0","usesDefaultCloseImage":"0","marketURL":"https:\/\/play.google.com\/store\/apps\/details?id=com.appricot2d.rolo.pet.parrot","packageID":"com.appricot2d.rolo.pet.parrot"},"showTemplate":1,"s2s_tracking_url":"https:\/\/play.google.com\/store\/apps\/details?id=com.appricot2d.rolo.pet.parrot","activeCreativeID":"385","scenes":["1","2","6","4","5","13"],"campaignAdType":"Interstitial"},{"campaignID":"559","attribution":0,"priority":"3","appToPromote":{"appToPromoteID":"3476","usesDefaultFrameImage":"0","usesDefaultCloseImage":"0","marketURL":"https:\/\/play.google.com\/store\/apps\/details?id=com.perspectivegames.real.impossible.tracks.stunts","packageID":"com.perspectivegames.real.impossible.tracks.stunts"},"showTemplate":1,"s2s_tracking_url":"https:\/\/play.google.com\/store\/apps\/details?id=com.perspectivegames.real.impossible.tracks.stunts","activeCreativeID":"649","scenes":["1","2","6","4","5","13"],"campaignAdType":"Interstitial"}],"refreshAdRate":30,"mode":"Production","aspectRatio":"9_16","cdnPath":"https:\/\/df8ymybeo92md.cloudfront.net\/images\/","sentry_log":0,"local_logging":0,"sentry_dsn":"https:\/\/93ffa1c9a4124f67b8888a53265f751a:bbf998e04584477fa9a145838e9d3b26@sentry.io\/168994","sentry_initialization":1,"sentry_debugging":0,"bannerSizes":["5"],"aspectRatioVideo":"9_16","app_id":"8213","showPreRewardedDialogue":0,"showPostRewardedDialogue":0,"rewardCurrency":"coins","rewardValue":0,"isSkipable":0,"privacyPolicyURL":"https:\/\/www.consoliads.com\/privacy-policy\/","sessionToken":"8Zoh1AMMaR5ZVABkaxerginfe7wbgyaDbGoSW9yPbaImEfCKaMoG3G5go3oVnrKNZwbdLgzHp0j8P0PBuFQMjT3Pb+vXx\/o\/ScNXsFT9ixIHSVMR8el5+7Z\/SG36OwlpMTnS7zlrev94NP0kZVAlA41rNAqlsFDXEVsakUz+\/zc="}
Session token value is set

mode value is set

 Aspect ratio value is correct
sentry_log value is set
Session token value is set


{"appKey":"0089de0074c9c018605188bf725d63c7","osVersion":"6.0","orientation":"0","is_mac":"0","model":"GT-Snnn2","deviceID":"706","telco_operator":"Maroc","cpu":"0","brand":"vivo","userConsent":"0","internet_connectivity":"0","height":"382","architecture":"armv8l","width":"382","resolution":"1344x720","ram":"1.68 GB","sdkVersion":"2237","product":"aosp_arm","devMode":"0"}
cache_ttl value is correct

Title value is correct

Refresh Ad Rate value is correct
mode value is set

 Aspect ratio value is correct
sentry_log value is set
local_logging value is set
sentry_initialization value is set
sentry_debugging value is set
showPreRewardedDialogue value is set
showPostRewardedDialogue value is set
isSkipable value is set
{"cache_ttl":10080,"cache_ttl_rewarded":10080,"cache_ttl_banner":10080,"cache_ttl_native":10080,"cache_ttl_icon":10080,"campaigns":[{"campaignID":0,"priority":10,"appToPromote":{"appToPromoteID":0,"usesDefaultFrameImage":"1","usesDefaultCloseImage":"1","packageID":"testPackage"},"showTemplate":2,"activeCreativeID":0,"campaignAdType":"Interstitial","scenes":["1"]},{"campaignID":0,"priority":10,"appToPromote":{"appToPromoteID":0,"usesDefaultFrameImage":"1","usesDefaultCloseImage":"1","packageID":"testPackage"},"showTemplate":2,"activeCreativeID":0,"campaignAdType":"Video","scenes":["1"]},{"campaignID":0,"priority":10,"appToPromote":{"appToPromoteID":0,"usesDefaultFrameImage":"1","usesDefaultCloseImage":"1","packageID":"testPackage"},"showTemplate":2,"activeCreativeID":0,"campaignAdType":"Rewarded Video","scenes":["1"]},{"campaignID":0,"priority":10,"appToPromote":{"appToPromoteID":0,"usesDefaultFrameImage":"1","usesDefaultCloseImage":"1","marketURL":"https:\/\/play.google.com","packageID":"testPackage"},"showTemplate":2,"activeCreativeID":0,"campaignAdType":"Banner","scenes":["1"]},{"campaignID":0,"priority":10,"appToPromote":{"appToPromoteID":0,"usesDefaultFrameImage":"1","usesDefaultCloseImage":"1","marketURL":"https:\/\/play.google.com","packageID":"testPackage"},"showTemplate":2,"activeCreativeID":0,"campaignAdType":"Native","title":"Test Title","subTitle":"Test Subtitle","description":"This is test description","adChoicesLink":"www.google.com","adClickThroughText":"Open Link","scenes":["1"]},{"campaignID":0,"priority":10,"appToPromote":{"appToPromoteID":0,"usesDefaultFrameImage":"1","usesDefaultCloseImage":"1","marketURL":"https:\/\/play.google.com","packageID":"testPackage"},"showTemplate":2,"activeCreativeID":0,"campaignAdType":"Icon","scenes":["1"]}],"refreshAdRate":30,"mode":"Testing","aspectRatio":"9_16","cdnPath":"https:\/\/df8ymybeo92md.cloudfront.net\/images\/","sentry_log":0,"local_logging":0,"sentry_dsn":"https:\/\/93ffa1c9a4124f67b8888a53265f751a:bbf998e04584477fa9a145838e9d3b26@sentry.io\/168994","sentry_initialization":1,"sentry_debugging":0,"bannerSizes":[],"aspectRatioVideo":"9_16","app_id":"17513","showPreRewardedDialogue":0,"showPostRewardedDialogue":0,"rewardCurrency":"coins","rewardValue":0,"isSkipable":1,"privacyPolicyURL":"https:\/\/www.consoliads.com\/privacy-policy\/","sessionToken":"8cSKTgF5OtlVO04IbOIvDLlg22iDAEKvly2WBL6TYEEiEYRmBiGs6s7wgUyUm7CBO77h\/ROT3vhDKsbIgQTK1JGRN6Br4QqIpoztRSK4AfsUolUBaqHxJ4COhqzqm1es\/byb3Q9QoSrdr\/m\/VgQN1OdhWRjqhjwCM6xCk5Mk6JU="}
Session token value is set


{"appKey":"008e67db746a628971d2387d0ad3903c","osVersion":"5.0","orientation":"0","is_mac":"0","model":"xiaomi Mi 4s","deviceID":"106","telco_operator":"Telecom","cpu":"0","brand":"samsung","userConsent":"0","internet_connectivity":"0","height":"142","architecture":"armv7l,","width":"142","resolution":"1024x552","ram":"3.68 GB","sdkVersion":"2106","product":"potter","devMode":"0"}
cache_ttl value is correct

Title value is correct

Refresh Ad Rate value is correct
mode value is set

 Aspect ratio value is correct
sentry_log value is set
local_logging value is set
sentry_initialization value is set
sentry_debugging value is set
showPreRewardedDialogue value is set
showPostRewardedDialogue value is set
isSkipable value is set
{"cache_ttl":10080,"cache_ttl_rewarded":10080,"cache_ttl_banner":10080,"cache_ttl_native":10080,"cache_ttl_icon":10080,"campaigns":[{"campaignID":0,"priority":10,"appToPromote":{"appToPromoteID":0,"usesDefaultFrameImage":"1","usesDefaultCloseImage":"1","packageID":"testPackage"},"showTemplate":2,"activeCreativeID":0,"campaignAdType":"Interstitial","scenes":["13","14","1","8","12"]},{"campaignID":0,"priority":10,"appToPromote":{"appToPromoteID":0,"usesDefaultFrameImage":"1","usesDefaultCloseImage":"1","packageID":"testPackage"},"showTemplate":2,"activeCreativeID":0,"campaignAdType":"Video","scenes":["13","14","1","8","12"]},{"campaignID":0,"priority":10,"appToPromote":{"appToPromoteID":0,"usesDefaultFrameImage":"1","usesDefaultCloseImage":"1","packageID":"testPackage"},"showTemplate":2,"activeCreativeID":0,"campaignAdType":"Rewarded Video","scenes":["13","14","1","8","12"]},{"campaignID":0,"priority":10,"appToPromote":{"appToPromoteID":0,"usesDefaultFrameImage":"1","usesDefaultCloseImage":"1","marketURL":"https:\/\/play.google.com","packageID":"testPackage"},"showTemplate":2,"activeCreativeID":0,"campaignAdType":"Banner","scenes":["13","14","1","8","12"]},{"campaignID":0,"priority":10,"appToPromote":{"appToPromoteID":0,"usesDefaultFrameImage":"1","usesDefaultCloseImage":"1","marketURL":"https:\/\/play.google.com","packageID":"testPackage"},"showTemplate":2,"activeCreativeID":0,"campaignAdType":"Native","title":"Test Title","subTitle":"Test Subtitle","description":"This is test description","adChoicesLink":"www.google.com","adClickThroughText":"Open Link","scenes":["13","14","1","8","12"]},{"campaignID":0,"priority":10,"appToPromote":{"appToPromoteID":0,"usesDefaultFrameImage":"1","usesDefaultCloseImage":"1","marketURL":"https:\/\/play.google.com","packageID":"testPackage"},"showTemplate":2,"activeCreativeID":0,"campaignAdType":"Icon","scenes":["13","14","1","8","12"]}],"refreshAdRate":30,"mode":"Production","aspectRatio":"9_16","cdnPath":"https:\/\/df8ymybeo92md.cloudfront.net\/images\/","sentry_log":0,"local_logging":0,"sentry_dsn":"https:\/\/93ffa1c9a4124f67b8888a53265f751a:bbf998e04584477fa9a145838e9d3b26@sentry.io\/168994","sentry_initialization":1,"sentry_debugging":0,"bannerSizes":["2","1","5"],"aspectRatioVideo":"9_16","app_id":"14370","showPreRewardedDialogue":0,"showPostRewardedDialogue":0,"rewardCurrency":"coins","rewardValue":0,"isSkipable":1,"privacyPolicyURL":"https:\/\/www.consoliads.com\/privacy-policy\/","sessionToken":"kVadIPr03fAK69x3aXwRSL8Qr3EQCygnOn4N0VpwwwUej0D\/bEBkV9g4zg67e9aY6UrizHaDf7AnipZ0Atl+uy2WUaxSv7V4m45utVvryaohZd\/gBz2w9HWqbQfPH9hVcTFGs0PLETNEL6Lr2AR3wSs0ee2DdV2Vr7JJRq32qSo="}
Session token value is set


{"appKey":"008e822aa3ad50d71198173f790c69b4","osVersion":"4.4","orientation":"0","is_mac":"0","model":"E5673","deviceID":"507","telco_operator":"airtel","cpu":"0","brand":"realme","userConsent":"0","internet_connectivity":"0","height":"302","architecture":"aarch81","width":"302","resolution":"1387x720","ram":"2.75 GB","sdkVersion":"39","product":"iPhone","devMode":"0"}
cache_ttl value is correct

Refresh Ad Rate value is correct
mode value is set

 Aspect ratio value is correct
sentry_log value is set
local_logging value is set
sentry_initialization value is set
sentry_debugging value is set
showPreRewardedDialogue value is set
showPostRewardedDialogue value is set
isSkipable value is set
{"cache_ttl":10080,"cache_ttl_rewarded":10080,"cache_ttl_banner":10080,"cache_ttl_native":10080,"cache_ttl_icon":10080,"refreshAdRate":30,"mode":"Production","aspectRatio":"9_16","cdnPath":"https:\/\/df8ymybeo92md.cloudfront.net\/images\/","sentry_log":0,"local_logging":0,"sentry_dsn":"https:\/\/93ffa1c9a4124f67b8888a53265f751a:bbf998e04584477fa9a145838e9d3b26@sentry.io\/168994","sentry_initialization":1,"sentry_debugging":0,"bannerSizes":["5"],"aspectRatioVideo":"9_16","app_id":"10452","showPreRewardedDialogue":0,"showPostRewardedDialogue":0,"rewardCurrency":"coins","rewardValue":0,"isSkipable":0,"privacyPolicyURL":"https:\/\/www.consoliads.com\/privacy-policy\/","sessionToken":"UAJgP3aDp39PReiAgiBZMq5N7IfWWg3XUSkhbT05cdU23fH\/dh7b4NCxoFUa6Kl3xT+o5\/kUE4SsaAbPY7vorTy6FgQA5uXGtxAWkR\/CeEpvCOhkE4V5D7DlC\/9oHj4BcQMtgCtjC8YB3SYbf0yJp+Fy1noTznR8j2mfjcaN7qE="}
Session token value is set


{"appKey":"00935bc314ffec95b2283b192c68b5b8","osVersion":"4.3","orientation":"0","is_mac":"0","model":"E3372","deviceID":"189","telco_operator":"Metfone","cpu":"0","brand":"iPhone","userConsent":"0","internet_connectivity":"0","height":"175","architecture":"aarch81","width":"175","resolution":"1080 x 1920","ram":"1,37 GB","sdkVersion":"2056","product":"LUA-U22","devMode":"0"}
cache_ttl value is correct

Title value is correct

Title value is correct

Title value is correct

Title value is correct

Title value is correct

Title value is correct

Refresh Ad Rate value is correct
mode value is set

 Aspect ratio value is correct
sentry_log value is set
local_logging value is set
sentry_initialization value is set
sentry_debugging value is set
showPreRewardedDialogue value is set
showPostRewardedDialogue value is set
isSkipable value is set
{"cache_ttl":10080,"cache_ttl_rewarded":10080,"cache_ttl_banner":10080,"cache_ttl_native":10080,"cache_ttl_icon":10080,"campaigns":[{"campaignID":"8579","attribution":0,"priority":"1","appToPromote":{"appToPromoteID":"16145","usesDefaultFrameImage":"0","usesDefaultCloseImage":"0","marketURL":"https:\/\/play.google.com\/store\/apps\/details?id=com.backstreet.gun.strike.counter.terrorist.fps.shooting","packageID":"com.backstreet.gun.strike.counter.terrorist.fps.shooting"},"showTemplate":1,"s2s_tracking_url":"https:\/\/play.google.com\/store\/apps\/details?id=com.backstreet.gun.strike.counter.terrorist.fps.shooting","activeCreativeID":"3937","scenes":["1","2","8","13","15"],"campaignAdType":"Icon"},{"campaignID":"8580","attribution":0,"priority":"1","appToPromote":{"appToPromoteID":"16145","usesDefaultFrameImage":"0","usesDefaultCloseImage":"0","marketURL":"https:\/\/play.google.com\/store\/apps\/details?id=com.backstreet.gun.strike.counter.terrorist.fps.shooting","packageID":"com.backstreet.gun.strike.counter.terrorist.fps.shooting"},"showTemplate":1,"s2s_tracking_url":"https:\/\/play.google.com\/store\/apps\/details?id=com.backstreet.gun.strike.counter.terrorist.fps.shooting","activeCreativeID":"3938","scenes":["1","2","8","13","15"],"campaignAdType":"Video"},{"campaignID":"8580","attribution":0,"priority":"1","appToPromote":{"appToPromoteID":"16145","usesDefaultFrameImage":"0","usesDefaultCloseImage":"0","marketURL":"https:\/\/play.google.com\/store\/apps\/details?id=com.backstreet.gun.strike.counter.terrorist.fps.shooting","packageID":"com.backstreet.gun.strike.counter.terrorist.fps.shooting"},"showTemplate":1,"s2s_tracking_url":"https:\/\/play.google.com\/store\/apps\/details?id=com.backstreet.gun.strike.counter.terrorist.fps.shooting","activeCreativeID":"3938","scenes":["1","2","8","13","15"],"campaignAdType":"Video"},{"campaignID":"8580","attribution":0,"priority":"1","appToPromote":{"appToPromoteID":"16145","usesDefaultFrameImage":"0","usesDefaultCloseImage":"0","marketURL":"https:\/\/play.google.com\/store\/apps\/details?id=com.backstreet.gun.strike.counter.terrorist.fps.shooting","packageID":"com.backstreet.gun.strike.counter.terrorist.fps.shooting"},"showTemplate":1,"s2s_tracking_url":"https:\/\/play.google.com\/store\/apps\/details?id=com.backstreet.gun.strike.counter.terrorist.fps.shooting","activeCreativeID":"3938","scenes":["1","2","8","13","15"],"campaignAdType":"Video"},{"campaignID":"8226","attribution":0,"priority":"8","appToPromote":{"appToPromoteID":"12623","usesDefaultFrameImage":"0","usesDefaultCloseImage":"0","marketURL":"https:\/\/play.google.com\/store\/apps\/details?id=com.igg.android.lordsmobile&amp;referrer=utm_source=42matters.com&amp;utm_medium=api","packageID":"com.nooribrand.android.lordsmobile"},"showTemplate":1,"s2s_tracking_url":"https:\/\/play.google.com\/store\/apps\/details?id=com.igg.android.lordsmobile&amp;referrer=utm_source=42matters.com&amp;utm_medium=api","activeCreativeID":"3557","scenes":["1","2","8","13","15"],"campaignAdType":"Icon"},{"campaignID":"8613","attribution":0,"priority":"8","appToPromote":{"appToPromoteID":"12623","usesDefaultFrameImage":"0","usesDefaultCloseImage":"0","marketURL":"https:\/\/play.google.com\/store\/apps\/details?id=com.igg.android.lordsmobile&amp;referrer=utm_source=42matters.com&amp;utm_medium=api","packageID":"com.nooribrand.android.lordsmobile"},"showTemplate":1,"s2s_tracking_url":"https:\/\/play.google.com\/store\/apps\/details?id=com.igg.android.lordsmobile&amp;referrer=utm_source=42matters.com&amp;utm_medium=api","activeCreativeID":"3557","scenes":["1","2","8","13","15"],"campaignAdType":"Icon"},{"campaignID":"9249","attribution_link":"https:\/\/app.appsflyer.com\/com.lgn.gun.strike.war.train.shooting.games?pid=consoliads_int&amp;af_click_lookback=7d&amp;clickid=13326_9249_189&amp;android_id={android_id}&amp;sha1_android_id={sha1_android_id}&amp;advertising_id=189&amp;sha1_advertising_id=e54183e2a040e6c09e61eb22d542e3d57074b351&amp;af_keywords=2","attribution":1,"priority":"8","appToPromote":{"appToPromoteID":"13421","usesDefaultFrameImage":"0","usesDefaultCloseImage":"0","marketURL":"http:\/\/www.google.com","packageID":"com.appricot2d.testt"},"showTemplate":1,"s2s_tracking_url":"https:\/\/app.appsflyer.com\/com.lgn.gun.strike.war.train.shooting.games?pid=consoliads_int&amp;af_click_lookback=7d&amp;clickid=13326_9249_189&amp;android_id={android_id}&amp;sha1_android_id={sha1_android_id}&amp;advertising_id=189&amp;sha1_advertising_id=e54183e2a040e6c09e61eb22d542e3d57074b351&amp;af_keywords=2","activeCreativeID":"4679","scenes":["1","2","8","13","15"],"campaignAdType":"Interstitial"},{"campaignID":"9252","attribution":0,"priority":"8","appToPromote":{"appToPromoteID":"12315","usesDefaultFrameImage":"0","usesDefaultCloseImage":"0","marketURL":"google.com","packageID":"com.qabrand.plnative"},"showTemplate":1,"s2s_tracking_url":"google.com","activeCreativeID":"4683","scenes":["1","2","8","13","15"],"campaignAdType":"Native","title":"Native first","subTitle":"First ","description":"New description","adClickThroughText":"FIRST Button"},{"campaignID":"9253","attribution":0,"priority":"8","appToPromote":{"appToPromoteID":"12315","usesDefaultFrameImage":"0","usesDefaultCloseImage":"0","marketURL":"google.com","packageID":"com.qabrand.plnative"},"showTemplate":1,"s2s_tracking_url":"google.com","activeCreativeID":"4683","scenes":["1","2","8","13","15"],"campaignAdType":"Native","title":"Native first","subTitle":"First ","description":"New description","adClickThroughText":"FIRST Button"},{"campaignID":"9255","attribution":0,"priority":"8","appToPromote":{"appToPromoteID":"13274","usesDefaultFrameImage":"0","usesDefaultCloseImage":"0","marketURL":"https:\/\/play.google.com\/store\/apps\/details?id=com.facebook.katana","packageID":"com.salon.adsalon"},"showTemplate":1,"s2s_tracking_url":"https:\/\/play.google.com\/store\/apps\/details?id=com.facebook.katana","activeCreativeID":"4685","scenes":["1","2","8","13","15"],"campaignAdType":"Native","title":"native NA ","subTitle":"native NA ","description":"native NA added","adClickThroughText":"native NA "},{"campaignID":"9257","attribution":0,"priority":"8","appToPromote":{"appToPromoteID":"12286","usesDefaultFrameImage":"0","usesDefaultCloseImage":"0","marketURL":"google.com","packageID":"com.qabrand.Chartboost_Native"},"showTemplate":1,"s2s_tracking_url":"google.com","activeCreativeID":"4688","scenes":["1","2","8","13","15"],"campaignAdType":"Native","title":"Native second updated","subTitle":"Native second ","description":"Native second details","adClickThroughText":"Native second "},{"campaignID":"9261","attribution_link":"https:\/\/app.appsflyer.com\/com.lgn.gun.strike.war.train.shooting.games?pid=consoliads_int&amp;af_click_lookback=7d&amp;clickid=13326_9261_189&amp;android_id={android_id}&amp;sha1_android_id={sha1_android_id}&amp;advertising_id=189&amp;sha1_advertising_id=e54183e2a040e6c09e61eb22d542e3d57074b351&amp;af_keywords=2","attribution":1,"priority":"8","appToPromote":{"appToPromoteID":"13421","usesDefaultFrameImage":"0","usesDefaultCloseImage":"0","marketURL":"http:\/\/www.google.com","packageID":"com.appricot2d.testt"},"showTemplate":1,"s2s_tracking_url":"https:\/\/app.appsflyer.com\/com.lgn.gun.strike.war.train.shooting.games?pid=consoliads_int&amp;af_click_lookback=7d&amp;clickid=13326_9261_189&amp;android_id={android_id}&amp;sha1_android_id={sha1_android_id}&amp;advertising_id=189&amp;sha1_advertising_id=e54183e2a040e6c09e61eb22d542e3d57074b351&amp;af_keywords=2","activeCreativeID":"4692","scenes":["1","2","8","13","15"],"campaignAdType":"Interstitial"},{"campaignID":"9263","attribution":0,"priority":"8","appToPromote":{"appToPromoteID":"12315","usesDefaultFrameImage":"0","usesDefaultCloseImage":"0","marketURL":"google.com","packageID":"com.qabrand.plnative"},"showTemplate":1,"s2s_tracking_url":"google.com","activeCreativeID":"4694","scenes":["1","2","8","13","15"],"campaignAdType":"Native","title":"test","subTitle":"test","description":" test details update","adClickThroughText":"test"},{"campaignID":"9127","attribution":0,"priority":"8","appToPromote":{"appToPromoteID":"17528","usesDefaultFrameImage":"0","usesDefaultCloseImage":"0","marketURL":"https:\/\/play.google.com\/store\/apps\/details?id=net.one97.paytm","packageID":"net.one97.paytm"},"showTemplate":1,"s2s_tracking_url":"https:\/\/tha.gotrackier.com\/click?campaign_id=63249\\u0026pub_id=75?p1=13326_9127_189&amp;source=6841&amp;app_name=ShootingCarStuntsGames&amp;gaid=189","activeCreativeID":"4788","scenes":["1","2","8","13","15"],"campaignAdType":"Native","title":"BCA","subTitle":"FW","description":"nope","adClickThroughText":"Link"},{"campaignID":"9131","attribution":0,"priority":"8","appToPromote":{"appToPromoteID":"17532","usesDefaultFrameImage":"0","usesDefaultCloseImage":"0","marketURL":"https:\/\/play.google.com\/store\/apps\/details?id=com.dhgate.buyermob","packageID":"com.dhgate.buyermob"},"showTemplate":1,"s2s_tracking_url":"https:\/\/tha.gotrackier.com\/click?campaign_id=63254\\u0026pub_id=75?p1=13326_9131_189&amp;source=6841&amp;app_name=ShootingCarStuntsGames&amp;gaid=189","activeCreativeID":"4483","scenes":["1","2","8","13","15"],"campaignAdType":"Interstitial"},{"campaignID":"6620","attribution":0,"priority":"6","appToPromote":{"appToPromoteID":"12980","usesDefaultFrameImage":"0","usesDefaultCloseImage":"0","marketURL":"https:\/\/play.google.com\/store\/apps\/details?id=com.sx.cooking.cafe.restaurant","packageID":"com.sx.cooking.cafe.restaurant"},"showTemplate":1,"s2s_tracking_url":"https:\/\/play.google.com\/store\/apps\/details?id=com.sx.cooking.cafe.restaurant","activeCreativeID":"1702","scenes":["1","2","8","13","15"],"campaignAdType":"Interstitial"},{"campaignID":"8876","attribution":0,"priority":"5","appToPromote":{"appToPromoteID":"15640","usesDefaultFrameImage":"0","usesDefaultCloseImage":"0","marketURL":"https:\/\/play.google.com\/store\/apps\/details?id=com.pgz.police.bike.stunt.ramp.bike.racing.games","packageID":"com.pgz.police.bike.stunt.ramp.bike.racing.games"},"showTemplate":1,"s2s_tracking_url":"https:\/\/play.google.com\/store\/apps\/details?id=com.pgz.police.bike.stunt.ramp.bike.racing.games","activeCreativeID":"4236","scenes":["1","2","8","13","15"],"campaignAdType":"Interstitial"},{"campaignID":"6596","attribution":0,"priority":"5","appToPromote":{"appToPromoteID":"12980","usesDefaultFrameImage":"0","usesDefaultCloseImage":"0","marketURL":"https:\/\/play.google.com\/store\/apps\/details?id=com.sx.cooking.cafe.restaurant","packageID":"com.sx.cooking.cafe.restaurant"},"showTemplate":1,"s2s_tracking_url":"https:\/\/play.google.com\/store\/apps\/details?id=com.sx.cooking.cafe.restaurant","activeCreativeID":"1702","scenes":["1","2","8","13","15"],"campaignAdType":"Interstitial"},{"campaignID":"8762","attribution":0,"priority":"2","appToPromote":{"appToPromoteID":"13265","usesDefaultFrameImage":"0","usesDefaultCloseImage":"0","marketURL":"https:\/\/play.google.com\/store\/apps\/details?id=com.rhg.tricky.bike.stunt.moto.master","packageID":"com.rhg.tricky.bike.stunt.moto.master"},"showTemplate":1,"s2s_tracking_url":"https:\/\/play.google.com\/store\/apps\/details?id=com.rhg.tricky.bike.stunt.moto.master","activeCreativeID":"4121","scenes":["1","2","8","13","15"],"campaignAdType":"Rewarded Video"},{"campaignID":"8879","attribution":0,"priority":"2","appToPromote":{"appToPromoteID":"15640","usesDefaultFrameImage":"0","usesDefaultCloseImage":"0","marketURL":"https:\/\/play.google.com\/store\/apps\/details?id=com.pgz.police.bike.stunt.ramp.bike.racing.games","packageID":"com.pgz.police.bike.stunt.ramp.bike.racing.games"},"showTemplate":1,"s2s_tracking_url":"https:\/\/play.google.com\/store\/apps\/details?id=com.pgz.police.bike.stunt.ramp.bike.racing.games","activeCreativeID":"4239","scenes":["1","2","8","13","15"],"campaignAdType":"Banner"},{"campaignID":"8971","attribution":0,"priority":"2","appToPromote":{"appToPromoteID":"15640","usesDefaultFrameImage":"0","usesDefaultCloseImage":"0","marketURL":"https:\/\/play.google.com\/store\/apps\/details?id=com.pgz.police.bike.stunt.ramp.bike.racing.games","packageID":"com.pgz.police.bike.stunt.ramp.bike.racing.games"},"showTemplate":1,"s2s_tracking_url":"https:\/\/play.google.com\/store\/apps\/details?id=com.pgz.police.bike.stunt.ramp.bike.racing.games","activeCreativeID":"4236","scenes":["1","2","8","13","15"],"campaignAdType":"Interstitial"},{"campaignID":"9366","attribution":0,"priority":"2","appToPromote":{"appToPromoteID":"17602","usesDefaultFrameImage":"0","usesDefaultCloseImage":"0","marketURL":"https:\/\/play.google.com\/store\/apps\/details?id=com.abaenglish.videoclass&amp;referrer=utm_source=42matters.com&amp;utm_medium=api","packageID":"com.abaenglish.videoclass"},"showTemplate":1,"s2s_tracking_url":"https:\/\/play.google.com\/store\/apps\/details?id=com.abaenglish.videoclass&amp;referrer=utm_source=42matters.com&amp;utm_medium=api","activeCreativeID":"4815","scenes":["1","2","8","13","15"],"campaignAdType":"Interstitial"},{"campaignID":"9367","attribution":0,"priority":"2","appToPromote":{"appToPromoteID":"17602","usesDefaultFrameImage":"0","usesDefaultCloseImage":"0","marketURL":"https:\/\/play.google.com\/store\/apps\/details?id=com.abaenglish.videoclass&amp;referrer=utm_source=42matters.com&amp;utm_medium=api","packageID":"com.abaenglish.videoclass"},"showTemplate":1,"s2s_tracking_url":"https:\/\/play.google.com\/store\/apps\/details?id=com.abaenglish.videoclass&amp;referrer=utm_source=42matters.com&amp;utm_medium=api","activeCreativeID":"4815","scenes":["1","2","8","13","15"],"campaignAdType":"Interstitial"},{"campaignID":"9368","attribution":0,"priority":"2","appToPromote":{"appToPromoteID":"17602","usesDefaultFrameImage":"0","usesDefaultCloseImage":"0","marketURL":"https:\/\/play.google.com\/store\/apps\/details?id=com.abaenglish.videoclass&amp;referrer=utm_source=42matters.com&amp;utm_medium=api","packageID":"com.abaenglish.videoclass"},"showTemplate":1,"s2s_tracking_url":"https:\/\/play.google.com\/store\/apps\/details?id=com.abaenglish.videoclass&amp;referrer=utm_source=42matters.com&amp;utm_medium=api","activeCreativeID":"4815","scenes":["1","2","8","13","15"],"campaignAdType":"Interstitial"},{"campaignID":"9369","attribution":0,"priority":"2","appToPromote":{"appToPromoteID":"17602","usesDefaultFrameImage":"0","usesDefaultCloseImage":"0","marketURL":"https:\/\/play.google.com\/store\/apps\/details?id=com.abaenglish.videoclass&amp;referrer=utm_source=42matters.com&amp;utm_medium=api","packageID":"com.abaenglish.videoclass"},"showTemplate":1,"s2s_tracking_url":"https:\/\/play.google.com\/store\/apps\/details?id=com.abaenglish.videoclass&amp;referrer=utm_source=42matters.com&amp;utm_medium=api","activeCreativeID":"4815","scenes":["1","2","8","13","15"],"campaignAdType":"Interstitial"},{"campaignID":"9370","attribution":0,"priority":"2","appToPromote":{"appToPromoteID":"17602","usesDefaultFrameImage":"0","usesDefaultCloseImage":"0","marketURL":"https:\/\/play.google.com\/store\/apps\/details?id=com.abaenglish.videoclass&amp;referrer=utm_source=42matters.com&amp;utm_medium=api","packageID":"com.abaenglish.videoclass"},"showTemplate":1,"s2s_tracking_url":"https:\/\/play.google.com\/store\/apps\/details?id=com.abaenglish.videoclass&amp;referrer=utm_source=42matters.com&amp;utm_medium=api","activeCreativeID":"4815","scenes":["1","2","8","13","15"],"campaignAdType":"Interstitial"}],"refreshAdRate":30,"mode":"Production","aspectRatio":"9_16","cdnPath":"https:\/\/df8ymybeo92md.cloudfront.net\/images\/","sentry_log":0,"local_logging":0,"sentry_dsn":"https:\/\/93ffa1c9a4124f67b8888a53265f751a:bbf998e04584477fa9a145838e9d3b26@sentry.io\/168994","sentry_initialization":1,"sentry_debugging":0,"bannerSizes":["1"],"aspectRatioVideo":"9_16","app_id":"13326","showPreRewardedDialogue":0,"showPostRewardedDialogue":0,"rewardCurrency":"coins","rewardValue":0,"isSkipable":1,"privacyPolicyURL":"https:\/\/www.consoliads.com\/privacy-policy\/","sessionToken":"\/ibt8cO5\/vCIfUopsp37Ulv84p4x6KrM3ZIh\/Stzw4RJE6+XnOjUzvVBXcy\/JG+0duBqyazq7dhYKHJhprHHZyjTOL1mL33+iscLcm89DclQLIrICPVKDFXNp6fMpS0\/p\/Mq6KmGBx7AJPrGKvuBiEHLkRDr53Swkrb86zzcLRM="}
Session token value is set


{"appKey":"0096820732ca931816a3bc90f621bfa5","osVersion":"4.2","orientation":"0","is_mac":"0","model":"iphone 3GS","deviceID":"823","telco_operator":" Ooredoo","cpu":"0","brand":"OPPO","userConsent":"0","internet_connectivity":"0","height":"429","architecture":"armv64","width":"429","resolution":"1440 x 2960","ram":"3.69 GB","sdkVersion":"26","product":"BKK-LX2","devMode":"0"}
cache_ttl value is correct

Refresh Ad Rate value is correct
mode value is set

 Aspect ratio value is correct
sentry_log value is set
local_logging value is set
sentry_initialization value is set
sentry_debugging value is set
showPreRewardedDialogue value is set
showPostRewardedDialogue value is set
isSkipable value is set
{"cache_ttl":10080,"cache_ttl_rewarded":10080,"cache_ttl_banner":10080,"cache_ttl_native":10080,"cache_ttl_icon":10080,"refreshAdRate":30,"mode":"Production","aspectRatio":"9_16","cdnPath":"https:\/\/df8ymybeo92md.cloudfront.net\/images\/","sentry_log":0,"local_logging":0,"sentry_dsn":"https:\/\/e6dcd89483ae4d13b0f42ed3810d8d62:078421c4ad3d43f19885b30828ce7ee6@sentry.io\/187776","sentry_initialization":1,"sentry_debugging":0,"bannerSizes":["5"],"aspectRatioVideo":"9_16","app_id":"4242","showPreRewardedDialogue":0,"showPostRewardedDialogue":0,"rewardCurrency":"coins","rewardValue":0,"isSkipable":0,"privacyPolicyURL":"https:\/\/www.consoliads.com\/privacy-policy\/","sessionToken":"F7IhjMlfQEvCJZs9X7rZBD52ufSRsek2GSyqbW2KOapam3QL4hFR12TvyTTPRKdCHx1HDUU86ublN0I0JanT1mueVDmnYG87mI95RrbYa34Zm1cg3Ufc12Gkii3vdNzT2RPtHGZjd+rzzvdG0Jh0go5Ke3bdVdYvdJG8AOBgb2U="}
Session token value is set

mode value is set

 Aspect ratio value is correct
sentry_log value is set
Session token value is set

mode value is set

 Aspect ratio value is correct
sentry_log value is set
Session token value is set


{"appKey":"009e7fd62a094309d8dc3e29376a603c","osVersion":"7.0","orientation":"0","is_mac":"0","model":"GT-Snnn0","deviceID":"723","telco_operator":"Oi","cpu":"0","brand":"HONOR","userConsent":"0","internet_connectivity":"0","height":"389","architecture":"aarch64","width":"389","resolution":"1436x720","ram":"1.77 GB","sdkVersion":"2163","product":"STK-L21M","devMode":"0"}
cache_ttl value is correct

Title value is correct

Title value is correct

Title value is correct

Title value is correct

Title value is correct

Title value is correct

Refresh Ad Rate value is correct
mode value is set

 Aspect ratio value is correct
sentry_log value is set
local_logging value is set
sentry_initialization value is set
sentry_debugging value is set
showPreRewardedDialogue value is set
showPostRewardedDialogue value is set
isSkipable value is set
{"cache_ttl":10080,"cache_ttl_rewarded":10080,"cache_ttl_banner":10080,"cache_ttl_native":10080,"cache_ttl_icon":10080,"campaigns":[{"campaignID":"9384","attribution":0,"priority":"5","appToPromote":{"appToPromoteID":"13185","usesDefaultFrameImage":"0","usesDefaultCloseImage":"0","marketURL":"https:\/\/play.google.com\/store\/apps\/details?id=com.gamesarena.flying.bike.tricks.stunts&amp;referrer=utm_source=42matters.com&amp;utm_medium=api","packageID":"com.gamesarena.flying.bike.tricks.stunts"},"showTemplate":1,"s2s_tracking_url":"https:\/\/play.google.com\/store\/apps\/details?id=com.gamesarena.flying.bike.tricks.stunts&amp;referrer=utm_source=42matters.com&amp;utm_medium=api","activeCreativeID":"4829","scenes":["12","1","8","6","15","2"],"campaignAdType":"Interstitial"},{"campaignID":"9386","attribution":0,"priority":"5","appToPromote":{"appToPromoteID":"17764","usesDefaultFrameImage":"0","usesDefaultCloseImage":"0","marketURL":"https:\/\/play.google.com\/store\/apps\/details?id=com.visiblebody.atlas&amp;referrer=utm_source=42matters.com&amp;utm_medium=api","packageID":"com.gamesarena..test6324"},"showTemplate":1,"s2s_tracking_url":"https:\/\/play.google.com\/store\/apps\/details?id=com.visiblebody.atlas&amp;referrer=utm_source=42matters.com&amp;utm_medium=api","activeCreativeID":"4828","scenes":["12","1","8","6","15","2"],"campaignAdType":"Interstitial"},{"campaignID":"9389","attribution":0,"priority":"5","appToPromote":{"appToPromoteID":"13185","usesDefaultFrameImage":"0","usesDefaultCloseImage":"0","marketURL":"https:\/\/play.google.com\/store\/apps\/details?id=com.gamesarena.flying.bike.tricks.stunts&amp;referrer=utm_source=42matters.com&amp;utm_medium=api","packageID":"com.gamesarena.flying.bike.tricks.stunts"},"showTemplate":1,"s2s_tracking_url":"https:\/\/play.google.com\/store\/apps\/details?id=com.gamesarena.flying.bike.tricks.stunts&amp;referrer=utm_source=42matters.com&amp;utm_medium=api","activeCreativeID":"4829","scenes":["12","1","8","6","15","2"],"campaignAdType":"Interstitial"},{"campaignID":"9390","attribution":0,"priority":"5","appToPromote":{"appToPromoteID":"17764","usesDefaultFrameImage":"0","usesDefaultCloseImage":"0","marketURL":"https:\/\/play.google.com\/store\/apps\/details?id=com.visiblebody.atlas&amp;referrer=utm_source=42matters.com&amp;utm_medium=api","packageID":"com.gamesarena..test6324"},"showTemplate":1,"s2s_tracking_url":"https:\/\/play.google.com\/store\/apps\/details?id=com.visiblebody.atlas&amp;referrer=utm_source=42matters.com&amp;utm_medium=api","activeCreativeID":"4828","scenes":["12","1","8","6","15","2"],"campaignAdType":"Interstitial"},{"campaignID":"8355","attribution":0,"priority":"5","appToPromote":{"appToPromoteID":"16325","usesDefaultFrameImage":"0","usesDefaultCloseImage":"0","marketURL":"https:\/\/play.google.com\/store\/apps\/details?id=com.tgp.mega.ramp.ambulance.car.stunts","packageID":"com.tgp.mega.ramp.ambulance.car.stunts"},"showTemplate":1,"s2s_tracking_url":"https:\/\/play.google.com\/store\/apps\/details?id=com.tgp.mega.ramp.ambulance.car.stunts","activeCreativeID":"3693","scenes":["12","1","8","6","15","2"],"campaignAdType":"Icon"},{"campaignID":"8795","attribution":0,"priority":"5","appToPromote":{"appToPromoteID":"16325","usesDefaultFrameImage":"0","usesDefaultCloseImage":"0","marketURL":"https:\/\/play.google.com\/store\/apps\/details?id=com.tgp.mega.ramp.ambulance.car.stunts","packageID":"com.tgp.mega.ramp.ambulance.car.stunts"},"showTemplate":1,"s2s_tracking_url":"https:\/\/play.google.com\/store\/apps\/details?id=com.tgp.mega.ramp.ambulance.car.stunts","activeCreativeID":"4157","scenes":["12","1","8","6","15","2"],"campaignAdType":"Native","title":"Mega Ramp Stunts Game","subTitle":"Car Stunts ","description":"Mega Ramp Stunts Game","adClickThroughText":"Download FREE"},{"campaignID":"8376","attribution":0,"priority":"3","appToPromote":{"appToPromoteID":"16325","usesDefaultFrameImage":"0","usesDefaultCloseImage":"0","marketURL":"https:\/\/play.google.com\/store\/apps\/details?id=com.tgp.mega.ramp.ambulance.car.stunts","packageID":"com.tgp.mega.ramp.ambulance.car.stunts"},"showTemplate":1,"s2s_tracking_url":"https:\/\/play.google.com\/store\/apps\/details?id=com.tgp.mega.ramp.ambulance.car.stunts","activeCreativeID":"3718","scenes":["12","1","8","6","15","2"],"campaignAdType":"Interstitial"},{"campaignID":"8354","attribution":0,"priority":"2","appToPromote":{"appToPromoteID":"16325","usesDefaultFrameImage":"0","usesDefaultCloseImage":"0","marketURL":"https:\/\/play.google.com\/store\/apps\/details?id=com.tgp.mega.ramp.ambulance.car.stunts","packageID":"com.tgp.mega.ramp.ambulance.car.stunts"},"showTemplate":1,"s2s_tracking_url":"https:\/\/play.google.com\/store\/apps\/details?id=com.tgp.mega.ramp.ambulance.car.stunts","activeCreativeID":"3692","scenes":["12","1","8","6","15","2"],"campaignAdType":"Interstitial"},{"campaignID":"8226","attribution":0,"priority":"8","appToPromote":{"appToPromoteID":"12623","usesDefaultFrameImage":"0","usesDefaultCloseImage":"0","marketURL":"https:\/\/play.google.com\/store\/apps\/details?id=com.igg.android.lordsmobile&amp;referrer=utm_source=42matters.com&amp;utm_medium=api","packageID":"com.nooribrand.android.lordsmobile"},"showTemplate":1,"s2s_tracking_url":"https:\/\/play.google.com\/store\/apps\/details?id=com.igg.android.lordsmobile&amp;referrer=utm_source=42matters.com&amp;utm_medium=api","activeCreativeID":"3557","scenes":["12","1","8","6","15","2"],"campaignAdType":"Icon"},{"campaignID":"8613","attribution":0,"priority":"8","appToPromote":{"appToPromoteID":"12623","usesDefaultFrameImage":"0","usesDefaultCloseImage":"0","marketURL":"https:\/\/play.google.com\/store\/apps\/details?id=com.igg.android.lordsmobile&amp;referrer=utm_source=42matters.com&amp;utm_medium=api","packageID":"com.nooribrand.android.lordsmobile"},"showTemplate":1,"s2s_tracking_url":"https:\/\/play.google.com\/store\/apps\/details?id=com.igg.android.lordsmobile&amp;referrer=utm_source=42matters.com&amp;utm_medium=api","activeCreativeID":"3557","scenes":["12","1","8","6","15","2"],"campaignAdType":"Icon"},{"campaignID":"9249","attribution_link":"https:\/\/app.appsflyer.com\/com.lgn.gun.strike.war.train.shooting.games?pid=consoliads_int&amp;af_click_lookback=7d&amp;clickid=2009_9249_723&amp;android_id={android_id}&amp;sha1_android_id={sha1_android_id}&amp;advertising_id=723&amp;sha1_advertising_id=f5354c576bb89b67972d7fe269df256a54fef036&amp;af_keywords=2","attribution":1,"priority":"8","appToPromote":{"appToPromoteID":"13421","usesDefaultFrameImage":"0","usesDefaultCloseImage":"0","marketURL":"http:\/\/www.google.com","packageID":"com.appricot2d.testt"},"showTemplate":1,"s2s_tracking_url":"https:\/\/app.appsflyer.com\/com.lgn.gun.strike.war.train.shooting.games?pid=consoliads_int&amp;af_click_lookback=7d&amp;clickid=2009_9249_723&amp;android_id={android_id}&amp;sha1_android_id={sha1_android_id}&amp;advertising_id=723&amp;sha1_advertising_id=f5354c576bb89b67972d7fe269df256a54fef036&amp;af_keywords=2","activeCreativeID":"4679","scenes":["12","1","8","6","15","2"],"campaignAdType":"Interstitial"},{"campaignID":"9252","attribution":0,"priority":"8","appToPromote":{"appToPromoteID":"12315","usesDefaultFrameImage":"0","usesDefaultCloseImage":"0","marketURL":"google.com","packageID":"com.qabrand.plnative"},"showTemplate":1,"s2s_tracking_url":"google.com","activeCreativeID":"4683","scenes":["12","1","8","6","15","2"],"campaignAdType":"Native","title":"Native first","subTitle":"First ","description":"New description","adClickThroughText":"FIRST Button"},{"campaignID":"9253","attribution":0,"priority":"8","appToPromote":{"appToPromoteID":"12315","usesDefaultFrameImage":"0","usesDefaultCloseImage":"0","marketURL":"google.com","packageID":"com.qabrand.plnative"},"showTemplate":1,"s2s_tracking_url":"google.com","activeCreativeID":"4683","scenes":["12","1","8","6","15","2"],"campaignAdType":"Native","title":"Native first","subTitle":"First ","description":"New description","adClickThroughText":"FIRST Button"},{"campaignID":"9255","attribution":0,"priority":"8","appToPromote":{"appToPromoteID":"13274","usesDefaultFrameImage":"0","usesDefaultCloseImage":"0","marketURL":"https:\/\/play.google.com\/store\/apps\/details?id=com.facebook.katana","packageID":"com.salon.adsalon"},"showTemplate":1,"s2s_tracking_url":"https:\/\/play.google.com\/store\/apps\/details?id=com.facebook.katana","activeCreativeID":"4685","scenes":["12","1","8","6","15","2"],"campaignAdType":"Native","title":"native NA ","subTitle":"native NA ","description":"native NA added","adClickThroughText":"native NA "},{"campaignID":"9257","attribution":0,"priority":"8","appToPromote":{"appToPromoteID":"12286","usesDefaultFrameImage":"0","usesDefaultCloseImage":"0","marketURL":"google.com","packageID":"com.qabrand.Chartboost_Native"},"showTemplate":1,"s2s_tracking_url":"google.com","activeCreativeID":"4688","scenes":["12","1","8","6","15","2"],"campaignAdType":"Native","title":"Native second updated","subTitle":"Native second ","description":"Native second details","adClickThroughText":"Native second "},{"campaignID":"9261","attribution_link":"https:\/\/app.appsflyer.com\/com.lgn.gun.strike.war.train.shooting.games?pid=consoliads_int&amp;af_click_lookback=7d&amp;clickid=2009_9261_723&amp;android_id={android_id}&amp;sha1_android_id={sha1_android_id}&amp;advertising_id=723&amp;sha1_advertising_id=f5354c576bb89b67972d7fe269df256a54fef036&amp;af_keywords=2","attribution":1,"priority":"8","appToPromote":{"appToPromoteID":"13421","usesDefaultFrameImage":"0","usesDefaultCloseImage":"0","marketURL":"http:\/\/www.google.com","packageID":"com.appricot2d.testt"},"showTemplate":1,"s2s_tracking_url":"https:\/\/app.appsflyer.com\/com.lgn.gun.strike.war.train.shooting.games?pid=consoliads_int&amp;af_click_lookback=7d&amp;clickid=2009_9261_723&amp;android_id={android_id}&amp;sha1_android_id={sha1_android_id}&amp;advertising_id=723&amp;sha1_advertising_id=f5354c576bb89b67972d7fe269df256a54fef036&amp;af_keywords=2","activeCreativeID":"4692","scenes":["12","1","8","6","15","2"],"campaignAdType":"Interstitial"},{"campaignID":"9263","attribution":0,"priority":"8","appToPromote":{"appToPromoteID":"12315","usesDefaultFrameImage":"0","usesDefaultCloseImage":"0","marketURL":"google.com","packageID":"com.qabrand.plnative"},"showTemplate":1,"s2s_tracking_url":"google.com","activeCreativeID":"4694","scenes":["12","1","8","6","15","2"],"campaignAdType":"Native","title":"test","subTitle":"test","description":" test details update","adClickThroughText":"test"},{"campaignID":"9131","attribution":0,"priority":"8","appToPromote":{"appToPromoteID":"17532","usesDefaultFrameImage":"0","usesDefaultCloseImage":"0","marketURL":"https:\/\/play.google.com\/store\/apps\/details?id=com.dhgate.buyermob","packageID":"com.dhgate.buyermob"},"showTemplate":1,"s2s_tracking_url":"https:\/\/tha.gotrackier.com\/click?campaign_id=63254\\u0026pub_id=75?p1=2009_9131_723&amp;source=6841&amp;app_name=PoliceDogAirportCrimeChase&amp;gaid=723","activeCreativeID":"4483","scenes":["12","1","8","6","15","2"],"campaignAdType":"Interstitial"},{"campaignID":"561","attribution":0,"priority":"6","appToPromote":{"appToPromoteID":"5026","usesDefaultFrameImage":"0","usesDefaultCloseImage":"0","marketURL":"https:\/\/play.google.com\/store\/apps\/details?id=com.as.cashupapp","packageID":"com.as.cashupapp"},"showTemplate":1,"s2s_tracking_url":"https:\/\/play.google.com\/store\/apps\/details?id=com.as.cashupapp","activeCreativeID":"652","scenes":["12","1","8","6","15","2"],"campaignAdType":"Interstitial"},{"campaignID":"570","attribution":0,"priority":"6","appToPromote":{"appToPromoteID":"3802","usesDefaultFrameImage":"0","usesDefaultCloseImage":"0","marketURL":"https:\/\/play.google.com\/store\/apps\/details?id=com.Madxstudios.Flickshootsoccer","packageID":"com.Madxstudios.Flickshootsoccer"},"showTemplate":1,"s2s_tracking_url":"https:\/\/play.google.com\/store\/apps\/details?id=com.Madxstudios.Flickshootsoccer","activeCreativeID":"661","scenes":["12","1","8","6","15","2"],"campaignAdType":"Interstitial"},{"campaignID":"588","attribution":0,"priority":"6","appToPromote":{"appToPromoteID":"5026","usesDefaultFrameImage":"0","usesDefaultCloseImage":"0","marketURL":"https:\/\/play.google.com\/store\/apps\/details?id=com.as.cashupapp","packageID":"com.as.cashupapp"},"showTemplate":1,"s2s_tracking_url":"https:\/\/play.google.com\/store\/apps\/details?id=com.as.cashupapp","activeCreativeID":"652","scenes":["12","1","8","6","15","2"],"campaignAdType":"Interstitial"},{"campaignID":"6620","attribution":0,"priority":"6","appToPromote":{"appToPromoteID":"12980","usesDefaultFrameImage":"0","usesDefaultCloseImage":"0","marketURL":"https:\/\/play.google.com\/store\/apps\/details?id=com.sx.cooking.cafe.restaurant","packageID":"com.sx.cooking.cafe.restaurant"},"showTemplate":1,"s2s_tracking_url":"https:\/\/play.google.com\/store\/apps\/details?id=com.sx.cooking.cafe.restaurant","activeCreativeID":"1702","scenes":["12","1","8","6","15","2"],"campaignAdType":"Interstitial"},{"campaignID":"6596","attribution":0,"priority":"5","appToPromote":{"appToPromoteID":"12980","usesDefaultFrameImage":"0","usesDefaultCloseImage":"0","marketURL":"https:\/\/play.google.com\/store\/apps\/details?id=com.sx.cooking.cafe.restaurant","packageID":"com.sx.cooking.cafe.restaurant"},"showTemplate":1,"s2s_tracking_url":"https:\/\/play.google.com\/store\/apps\/details?id=com.sx.cooking.cafe.restaurant","activeCreativeID":"1702","scenes":["12","1","8","6","15","2"],"campaignAdType":"Interstitial"}],"refreshAdRate":30,"mode":"Production","aspectRatio":"9_16","cdnPath":"https:\/\/df8ymybeo92md.cloudfront.net\/images\/","sentry_log":0,"local_logging":0,"sentry_dsn":"https:\/\/93ffa1c9a4124f67b8888a53265f751a:bbf998e04584477fa9a145838e9d3b26@sentry.io\/168994","sentry_initialization":1,"sentry_debugging":0,"bannerSizes":["1"],"aspectRatioVideo":"9_16","app_id":"2009","showPreRewardedDialogue":0,"showPostRewardedDialogue":0,"rewardCurrency":"coins","rewardValue":0,"isSkipable":0,"privacyPolicyURL":"https:\/\/www.consoliads.com\/privacy-policy\/","sessionToken":"3hm\/oWaqXgs9Xu7PKE+0HPj6S28ujuDFBRizNZ1vAGYhEmQD+EIrj4S+pIZ0jKbu+jX3BIypwe+p+RX+2gQCcLgp0ViodW7N+CYwlN9wAP1ltcNElHKK5dOi4OJ6FPlXEmeGNydYTR3vfxbPNuCZMMqhEw0MZzvDKZj804fTJjk="}
Session token value is set


{"appKey":"009fbd9b95d5362c0526a3ded9f4fae5","osVersion":"6.0","orientation":"0","is_mac":"0","model":"GT-Snnn2","deviceID":"521","telco_operator":"Maroc","cpu":"0","brand":"vivo","userConsent":"0","internet_connectivity":"0","height":"308","architecture":"armv8l","width":"308","resolution":"1344x720","ram":"1.68 GB","sdkVersion":"2151","product":"aosp_arm","devMode":"0"}
cache_ttl value is correct

Title value is correct

Refresh Ad Rate value is correct
mode value is set

 Aspect ratio value is correct
sentry_log value is set
local_logging value is set
sentry_initialization value is set
sentry_debugging value is set
showPreRewardedDialogue value is set
showPostRewardedDialogue value is set
isSkipable value is set
{"cache_ttl":10080,"cache_ttl_rewarded":10080,"cache_ttl_banner":10080,"cache_ttl_native":10080,"cache_ttl_icon":10080,"campaigns":[{"campaignID":0,"priority":10,"appToPromote":{"appToPromoteID":0,"usesDefaultFrameImage":"1","usesDefaultCloseImage":"1","packageID":"testPackage"},"showTemplate":2,"activeCreativeID":0,"campaignAdType":"Interstitial","scenes":["12","1","8","6","15","2"]},{"campaignID":0,"priority":10,"appToPromote":{"appToPromoteID":0,"usesDefaultFrameImage":"1","usesDefaultCloseImage":"1","packageID":"testPackage"},"showTemplate":2,"activeCreativeID":0,"campaignAdType":"Video","scenes":["12","1","8","6","15","2"]},{"campaignID":0,"priority":10,"appToPromote":{"appToPromoteID":0,"usesDefaultFrameImage":"1","usesDefaultCloseImage":"1","packageID":"testPackage"},"showTemplate":2,"activeCreativeID":0,"campaignAdType":"Rewarded Video","scenes":["12","1","8","6","15","2"]},{"campaignID":0,"priority":10,"appToPromote":{"appToPromoteID":0,"usesDefaultFrameImage":"1","usesDefaultCloseImage":"1","marketURL":"https:\/\/play.google.com","packageID":"testPackage"},"showTemplate":2,"activeCreativeID":0,"campaignAdType":"Banner","scenes":["12","1","8","6","15","2"]},{"campaignID":0,"priority":10,"appToPromote":{"appToPromoteID":0,"usesDefaultFrameImage":"1","usesDefaultCloseImage":"1","marketURL":"https:\/\/play.google.com","packageID":"testPackage"},"showTemplate":2,"activeCreativeID":0,"campaignAdType":"Native","title":"Test Title","subTitle":"Test Subtitle","description":"This is test description","adChoicesLink":"www.google.com","adClickThroughText":"Open Link","scenes":["12","1","8","6","15","2"]},{"campaignID":0,"priority":10,"appToPromote":{"appToPromoteID":0,"usesDefaultFrameImage":"1","usesDefaultCloseImage":"1","marketURL":"https:\/\/play.google.com","packageID":"testPackage"},"showTemplate":2,"activeCreativeID":0,"campaignAdType":"Icon","scenes":["12","1","8","6","15","2"]}],"refreshAdRate":30,"mode":"Testing","aspectRatio":"9_16","cdnPath":"https:\/\/df8ymybeo92md.cloudfront.net\/images\/","sentry_log":0,"local_logging":0,"sentry_dsn":"na","sentry_initialization":1,"sentry_debugging":0,"bannerSizes":["1"],"aspectRatioVideo":"9_16","app_id":"16394","showPreRewardedDialogue":0,"showPostRewardedDialogue":0,"rewardCurrency":"coins","rewardValue":0,"isSkipable":1,"privacyPolicyURL":"https:\/\/www.consoliads.com\/privacy-policy\/","sessionToken":"5i3HT51Aomg\/vdJkFOCUx8g7jBrduyBov\/kwRRwqGltB3R02h0iFu3p4NVYKBVXt423SMrHKWGGSkic8nXBiN6HvSh+780GYMj3zwS+XwD3\/FOmPCDdQzYN4Uhs\/1fGPdNH5OGvIunZErisvaDL8ThqxFGesxNwoKrwkL3ZPf88="}
Session token value is set


{"appKey":"00ab47cc1433ca2773b7d9c00484beed","osVersion":"5.0","orientation":"0","is_mac":"0","model":"xiaomi Mi 4s","deviceID":"203","telco_operator":"Telecom","cpu":"0","brand":"samsung","userConsent":"0","internet_connectivity":"0","height":"181","architecture":"armv7l,","width":"181","resolution":"1024x552","ram":"3.68 GB","sdkVersion":"2151","product":"potter","devMode":"0"}
cache_ttl value is correct

Refresh Ad Rate value is correct
mode value is set

 Aspect ratio value is correct
sentry_log value is set
local_logging value is set
sentry_initialization value is set
sentry_debugging value is set
showPreRewardedDialogue value is set
showPostRewardedDialogue value is set
isSkipable value is set
{"cache_ttl":10080,"cache_ttl_rewarded":10080,"cache_ttl_banner":10080,"cache_ttl_native":10080,"cache_ttl_icon":10080,"campaigns":[{"campaignID":"9126","attribution":0,"priority":"8","appToPromote":{"appToPromoteID":"17527","usesDefaultFrameImage":"0","usesDefaultCloseImage":"0","marketURL":"https:\/\/itunes.apple.com\/us\/app\/id1196690809","packageID":"id1196690809"},"showTemplate":1,"s2s_tracking_url":"https:\/\/tha.gotrackier.com\/click?campaign_id=68346\\u0026pub_id=75?p1=10085_9126_203&amp;source=6841&amp;app_name=BattleofUnknownSquad&amp;idfa=203","activeCreativeID":"4478","scenes":["12","1","8","6","15","2"],"campaignAdType":"Banner"},{"campaignID":"9128","attribution":0,"priority":"8","appToPromote":{"appToPromoteID":"17529","usesDefaultFrameImage":"0","usesDefaultCloseImage":"0","marketURL":"https:\/\/apps.apple.com\/ru\/app\/id1259203065","packageID":"id1259203065"},"showTemplate":1,"s2s_tracking_url":"https:\/\/tha.gotrackier.com\/click?campaign_id=63251\\u0026pub_id=75?p1=10085_9128_203&amp;source=6841&amp;app_name=BattleofUnknownSquad&amp;idfa=203","activeCreativeID":"4480","scenes":["12","1","8","6","15","2"],"campaignAdType":"Video"},{"campaignID":"9129","attribution":0,"priority":"8","appToPromote":{"appToPromoteID":"17530","usesDefaultFrameImage":"0","usesDefaultCloseImage":"0","marketURL":"https:\/\/apps.apple.com\/tw\/app\/%E6%BB%BF%E8%B2%AB%E5%A4%A7%E4%BA%A8\/id1007924271","packageID":"id1007924271"},"showTemplate":1,"s2s_tracking_url":"https:\/\/tha.gotrackier.com\/click?campaign_id=63252\\u0026pub_id=75?p1=10085_9129_203&amp;source=6841&amp;app_name=BattleofUnknownSquad&amp;idfa=203","activeCreativeID":"4481","scenes":["12","1","8","6","15","2"],"campaignAdType":"Banner"},{"campaignID":"1423","attribution":0,"priority":"4","appToPromote":{"appToPromoteID":"5227","usesDefaultFrameImage":"0","usesDefaultCloseImage":"0","marketURL":"https:\/\/itunes.apple.com\/in\/app\/8-ball-pool\/id543186831?mt=8","packageID":"id543186831"},"showTemplate":1,"activeCreativeID":null,"scenes":["12","1","8","6","15","2"],"campaignAdType":"Interstitial"}],"refreshAdRate":30,"mode":"Production","aspectRatio":"9_16","cdnPath":"https:\/\/df8ymybeo92md.cloudfront.net\/images\/","sentry_log":0,"local_logging":0,"sentry_dsn":"https:\/\/e6dcd89483ae4d13b0f42ed3810d8d62:078421c4ad3d43f19885b30828ce7ee6@sentry.io\/187776","sentry_initialization":1,"sentry_debugging":0,"bannerSizes":["2","1"],"aspectRatioVideo":"9_16","app_id":"10085","showPreRewardedDialogue":0,"showPostRewardedDialogue":0,"rewardCurrency":"coins","rewardValue":0,"isSkipable":0,"privacyPolicyURL":"https:\/\/www.consoliads.com\/privacy-policy\/","sessionToken":"RlsHx\/H++zSaO6hzvsowko\/jbVhLipBZhE9X89tp8gapr0xgAEQCDuerD83SKFrAxx1wdSaMNaE\/V40p6CvN3VyU4XAGNYpFu7xeaXoyYlzwA7kXklnJwAOXZ3sSPRyyqsNYl75QKa0Eiqn88hDCWfQC+q74I0d7kiEDDaHcaLU="}
Session token value is set

mode value is set

 Aspect ratio value is correct
sentry_log value is set
Session token value is set


{"appKey":"00b641915001243f4ce280a0616127c4","osVersion":"4.3","orientation":"0","is_mac":"0","model":"E3372","deviceID":"791","telco_operator":"Metfone","cpu":"0","brand":"iPhone","userConsent":"0","internet_connectivity":"0","height":"416","architecture":"aarch81","width":"416","resolution":"1080 x 1920","ram":"1,37 GB","sdkVersion":"2151","product":"LUA-U22","devMode":"0"}
cache_ttl value is correct

Refresh Ad Rate value is correct
mode value is set

 Aspect ratio value is correct
sentry_log value is set
local_logging value is set
sentry_initialization value is set
sentry_debugging value is set
showPreRewardedDialogue value is set
showPostRewardedDialogue value is set
isSkipable value is set
{"cache_ttl":10080,"cache_ttl_rewarded":10080,"cache_ttl_banner":10080,"cache_ttl_native":10080,"cache_ttl_icon":10080,"refreshAdRate":30,"mode":"Production","aspectRatio":"9_16","cdnPath":"https:\/\/df8ymybeo92md.cloudfront.net\/images\/","sentry_log":0,"local_logging":0,"sentry_dsn":"https:\/\/93ffa1c9a4124f67b8888a53265f751a:bbf998e04584477fa9a145838e9d3b26@sentry.io\/168994","sentry_initialization":1,"sentry_debugging":0,"bannerSizes":["1"],"aspectRatioVideo":"9_16","app_id":"15046","showPreRewardedDialogue":0,"showPostRewardedDialogue":0,"rewardCurrency":"coins","rewardValue":0,"isSkipable":1,"privacyPolicyURL":"https:\/\/www.consoliads.com\/privacy-policy\/","sessionToken":"Ou9+FmXkz1YVFDWnZca8LLGzkdPFoiNgq9UsA\/Ck+4PO1H1VPNrd7nLae4snvARyG52enOXAZ+I\/VvZEpFFv\/v420bqAj3odGZMGz3\/3htG6rJsSa2FPPNIr2FV2ZDUhJnH857u4NvVjdt\/dThUH+zaBEEgnIfoxUjXBzE3WwXs="}
Session token value is set


{"appKey":"00ba9719ad317b2d92a4d9986c0407d4","osVersion":"4.2","orientation":"0","is_mac":"0","model":"iphone 3GS","deviceID":"550","telco_operator":" Ooredoo","cpu":"0","brand":"OPPO","userConsent":"0","internet_connectivity":"0","height":"320","architecture":"armv64","width":"320","resolution":"1440 x 2960","ram":"3.69 GB","sdkVersion":"90","product":"BKK-LX2","devMode":"0"}
cache_ttl value is correct

Refresh Ad Rate value is correct
mode value is set

 Aspect ratio value is correct
sentry_log value is set
local_logging value is set
sentry_initialization value is set
sentry_debugging value is set
showPreRewardedDialogue value is set
showPostRewardedDialogue value is set
isSkipable value is set
{"cache_ttl":10080,"cache_ttl_rewarded":10080,"cache_ttl_banner":10080,"cache_ttl_native":10080,"cache_ttl_icon":10080,"refreshAdRate":30,"mode":"Production","aspectRatio":"9_16","cdnPath":"https:\/\/df8ymybeo92md.cloudfront.net\/images\/","sentry_log":0,"local_logging":0,"sentry_dsn":"na","sentry_initialization":1,"sentry_debugging":0,"bannerSizes":[],"aspectRatioVideo":"9_16","app_id":"11151","showPreRewardedDialogue":0,"showPostRewardedDialogue":0,"rewardCurrency":"coins","rewardValue":0,"isSkipable":0,"privacyPolicyURL":"https:\/\/www.consoliads.com\/privacy-policy\/","sessionToken":"Fpp3vxt7jhRRLX8vmwC1gYBHM9Cpr\/1WWDjJLVeptdVufCDbbS4zaSL8+z+63j2oOqXiRQiLQvo5bM4XFqN\/4+O8lAu90qQWDH5Kck6k66FoTLIjYXNBQ9lyWTc+03mX0lEAXTILQuoP8kX0XG2QjomrBW5qJoqdUdINvHShl1A="}
Session token value is set

mode value is set

 Aspect ratio value is correct
sentry_log value is set
Session token value is set


{"appKey":"00d2bc4845ff04592d91f7d78425a576","osVersion":"8.0","orientation":"0","is_mac":"0","model":"SM-Nnn0","deviceID":"779","telco_operator":"Azercell","cpu":"0","brand":"Xiaomi","userConsent":"0","internet_connectivity":"0","height":"411","architecture":"0","width":"411","resolution":"1196x720","ram":"3.51 GB ","sdkVersion":"2163","product":"mido","devMode":"0"}
cache_ttl value is correct

Title value is correct

Refresh Ad Rate value is correct
mode value is set

 Aspect ratio value is correct
sentry_log value is set
local_logging value is set
sentry_initialization value is set
sentry_debugging value is set
showPreRewardedDialogue value is set
showPostRewardedDialogue value is set
isSkipable value is set
{"cache_ttl":10080,"cache_ttl_rewarded":10080,"cache_ttl_banner":10080,"cache_ttl_native":10080,"cache_ttl_icon":10080,"campaigns":[{"campaignID":0,"priority":10,"appToPromote":{"appToPromoteID":0,"usesDefaultFrameImage":"1","usesDefaultCloseImage":"1","packageID":"testPackage"},"showTemplate":2,"activeCreativeID":0,"campaignAdType":"Interstitial","scenes":["1","2","6","5","4","13","15"]},{"campaignID":0,"priority":10,"appToPromote":{"appToPromoteID":0,"usesDefaultFrameImage":"1","usesDefaultCloseImage":"1","packageID":"testPackage"},"showTemplate":2,"activeCreativeID":0,"campaignAdType":"Video","scenes":["1","2","6","5","4","13","15"]},{"campaignID":0,"priority":10,"appToPromote":{"appToPromoteID":0,"usesDefaultFrameImage":"1","usesDefaultCloseImage":"1","packageID":"testPackage"},"showTemplate":2,"activeCreativeID":0,"campaignAdType":"Rewarded Video","scenes":["1","2","6","5","4","13","15"]},{"campaignID":0,"priority":10,"appToPromote":{"appToPromoteID":0,"usesDefaultFrameImage":"1","usesDefaultCloseImage":"1","marketURL":"https:\/\/play.google.com","packageID":"testPackage"},"showTemplate":2,"activeCreativeID":0,"campaignAdType":"Banner","scenes":["1","2","6","5","4","13","15"]},{"campaignID":0,"priority":10,"appToPromote":{"appToPromoteID":0,"usesDefaultFrameImage":"1","usesDefaultCloseImage":"1","marketURL":"https:\/\/play.google.com","packageID":"testPackage"},"showTemplate":2,"activeCreativeID":0,"campaignAdType":"Native","title":"Test Title","subTitle":"Test Subtitle","description":"This is test description","adChoicesLink":"www.google.com","adClickThroughText":"Open Link","scenes":["1","2","6","5","4","13","15"]},{"campaignID":0,"priority":10,"appToPromote":{"appToPromoteID":0,"usesDefaultFrameImage":"1","usesDefaultCloseImage":"1","marketURL":"https:\/\/play.google.com","packageID":"testPackage"},"showTemplate":2,"activeCreativeID":0,"campaignAdType":"Icon","scenes":["1","2","6","5","4","13","15"]}],"refreshAdRate":30,"mode":"Production","aspectRatio":"9_16","cdnPath":"https:\/\/df8ymybeo92md.cloudfront.net\/images\/","sentry_log":0,"local_logging":0,"sentry_dsn":"https:\/\/93ffa1c9a4124f67b8888a53265f751a:bbf998e04584477fa9a145838e9d3b26@sentry.io\/168994","sentry_initialization":1,"sentry_debugging":0,"bannerSizes":["5","1"],"aspectRatioVideo":"9_16","app_id":"15242","showPreRewardedDialogue":0,"showPostRewardedDialogue":0,"rewardCurrency":"coins","rewardValue":0,"isSkipable":1,"privacyPolicyURL":"https:\/\/www.consoliads.com\/privacy-policy\/","sessionToken":"7FlJmwgYq0Dy6JbN+gRgVkPC3IpPIpMfmAATFkuwNuff6oFfylW2ELzNyZL4z76AJMeB1344+O+jYFaQQ5O5vlSrJQqbDkh3RFSeC+AmMqX\/kYD0KV4i6cRhvgvc4vtosZvxSGJfO\/KCIlqje3lCkxPOsOJzfc\/aSebqy3ceJ\/g="}
Session token value is set

mode value is set

 Aspect ratio value is correct
sentry_log value is set
Session token value is set


{"appKey":"00da67afee9cf020903bd8c3e6f25287","osVersion":"6.0","orientation":"0","is_mac":"0","model":"GT-Snnn2","deviceID":"112","telco_operator":"Maroc","cpu":"0","brand":"vivo","userConsent":"0","internet_connectivity":"0","height":"145","architecture":"armv8l","width":"145","resolution":"1344x720","ram":"1.68 GB","sdkVersion":"39","product":"aosp_arm","devMode":"0"}
cache_ttl value is correct

Refresh Ad Rate value is correct
mode value is set

 Aspect ratio value is correct
sentry_log value is set
local_logging value is set
sentry_initialization value is set
sentry_debugging value is set
showPreRewardedDialogue value is set
showPostRewardedDialogue value is set
isSkipable value is set
{"cache_ttl":10080,"cache_ttl_rewarded":10080,"cache_ttl_banner":10080,"cache_ttl_native":10080,"cache_ttl_icon":10080,"refreshAdRate":30,"mode":"Production","aspectRatio":"9_16","cdnPath":"https:\/\/df8ymybeo92md.cloudfront.net\/images\/","sentry_log":0,"local_logging":0,"sentry_dsn":"https:\/\/93ffa1c9a4124f67b8888a53265f751a:bbf998e04584477fa9a145838e9d3b26@sentry.io\/168994","sentry_initialization":1,"sentry_debugging":0,"bannerSizes":["5"],"aspectRatioVideo":"9_16","app_id":"10290","showPreRewardedDialogue":0,"showPostRewardedDialogue":0,"rewardCurrency":"coins","rewardValue":0,"isSkipable":0,"privacyPolicyURL":"https:\/\/www.consoliads.com\/privacy-policy\/","sessionToken":"MJkujXNs9wosPqe8mPZde8opHjDm7QsqWtlxFU9zYTyYdE2hXPqJnnDHCSq7S5I\/aUlsaZb4I18SrWOE6KzzhTtWY\/hJ1CJZt2XXRYsTRB0nnttjDC8PvAGDLB7KK3Ia4RHzTmHmbIX8roBAL\/k3gW49fWzQpQX7XVGsl3fgS9Y="}
Session token value is set


{"appKey":"00da919d00b35f9ef0f58c642a0157cc","osVersion":"5.0","orientation":"0","is_mac":"0","model":"xiaomi Mi 4s","deviceID":"551","telco_operator":"Telecom","cpu":"0","brand":"samsung","userConsent":"0","internet_connectivity":"0","height":"320","architecture":"armv7l,","width":"320","resolution":"1024x552","ram":"3.68 GB","sdkVersion":"2151","product":"potter","devMode":"0"}
cache_ttl value is correct

Title value is correct

Refresh Ad Rate value is correct
mode value is set

 Aspect ratio value is correct
sentry_log value is set
local_logging value is set
sentry_initialization value is set
sentry_debugging value is set
showPreRewardedDialogue value is set
showPostRewardedDialogue value is set
isSkipable value is set
{"cache_ttl":10080,"cache_ttl_rewarded":10080,"cache_ttl_banner":10080,"cache_ttl_native":10080,"cache_ttl_icon":10080,"campaigns":[{"campaignID":0,"priority":10,"appToPromote":{"appToPromoteID":0,"usesDefaultFrameImage":"1","usesDefaultCloseImage":"1","packageID":"testPackage"},"showTemplate":2,"activeCreativeID":0,"campaignAdType":"Interstitial","scenes":["1"]},{"campaignID":0,"priority":10,"appToPromote":{"appToPromoteID":0,"usesDefaultFrameImage":"1","usesDefaultCloseImage":"1","packageID":"testPackage"},"showTemplate":2,"activeCreativeID":0,"campaignAdType":"Video","scenes":["1"]},{"campaignID":0,"priority":10,"appToPromote":{"appToPromoteID":0,"usesDefaultFrameImage":"1","usesDefaultCloseImage":"1","packageID":"testPackage"},"showTemplate":2,"activeCreativeID":0,"campaignAdType":"Rewarded Video","scenes":["1"]},{"campaignID":0,"priority":10,"appToPromote":{"appToPromoteID":0,"usesDefaultFrameImage":"1","usesDefaultCloseImage":"1","marketURL":"https:\/\/play.google.com","packageID":"testPackage"},"showTemplate":2,"activeCreativeID":0,"campaignAdType":"Banner","scenes":["1"]},{"campaignID":0,"priority":10,"appToPromote":{"appToPromoteID":0,"usesDefaultFrameImage":"1","usesDefaultCloseImage":"1","marketURL":"https:\/\/play.google.com","packageID":"testPackage"},"showTemplate":2,"activeCreativeID":0,"campaignAdType":"Native","title":"Test Title","subTitle":"Test Subtitle","description":"This is test description","adChoicesLink":"www.google.com","adClickThroughText":"Open Link","scenes":["1"]},{"campaignID":0,"priority":10,"appToPromote":{"appToPromoteID":0,"usesDefaultFrameImage":"1","usesDefaultCloseImage":"1","marketURL":"https:\/\/play.google.com","packageID":"testPackage"},"showTemplate":2,"activeCreativeID":0,"campaignAdType":"Icon","scenes":["1"]}],"refreshAdRate":30,"mode":"Testing","aspectRatio":"9_16","cdnPath":"https:\/\/df8ymybeo92md.cloudfront.net\/images\/","sentry_log":0,"local_logging":0,"sentry_dsn":"https:\/\/93ffa1c9a4124f67b8888a53265f751a:bbf998e04584477fa9a145838e9d3b26@sentry.io\/168994","sentry_initialization":1,"sentry_debugging":0,"bannerSizes":["5"],"aspectRatioVideo":"9_16","app_id":"15804","showPreRewardedDialogue":0,"showPostRewardedDialogue":0,"rewardCurrency":"coins","rewardValue":0,"isSkipable":1,"privacyPolicyURL":"https:\/\/www.consoliads.com\/privacy-policy\/","sessionToken":"iBffaosEbAw4lUBE5Ze+URcKrE1oHUZt8Jumv6LdFIDhbgh4ZOzxRtkXG+6YC2PNFTomrx9J86SyZbge+dtZBMuekEwYDUuuxtO0uochbr4jaTO6+6TZykYfbMDG181o2bV78b8zNtc6NhXtU\/AMkRKFxNjautrd0CGb7qPL1bk="}
Session token value is set


{"appKey":"00db08cd3078a2f2ca8f8efaee0febd0","osVersion":"4.4","orientation":"0","is_mac":"0","model":"E5673","deviceID":"951","telco_operator":"airtel","cpu":"0","brand":"realme","userConsent":"0","internet_connectivity":"0","height":"480","architecture":"aarch81","width":"480","resolution":"1387x720","ram":"2.75 GB","sdkVersion":"39","product":"iPhone","devMode":"0"}
cache_ttl value is correct

Refresh Ad Rate value is correct
mode value is set

 Aspect ratio value is correct
sentry_log value is set
local_logging value is set
sentry_initialization value is set
sentry_debugging value is set
showPreRewardedDialogue value is set
showPostRewardedDialogue value is set
isSkipable value is set
{"cache_ttl":10080,"cache_ttl_rewarded":10080,"cache_ttl_banner":10080,"cache_ttl_native":10080,"cache_ttl_icon":10080,"refreshAdRate":30,"mode":"Production","aspectRatio":"9_16","cdnPath":"https:\/\/df8ymybeo92md.cloudfront.net\/images\/","sentry_log":0,"local_logging":0,"sentry_dsn":"https:\/\/93ffa1c9a4124f67b8888a53265f751a:bbf998e04584477fa9a145838e9d3b26@sentry.io\/168994","sentry_initialization":1,"sentry_debugging":0,"bannerSizes":[],"aspectRatioVideo":"9_16","app_id":"9723","showPreRewardedDialogue":0,"showPostRewardedDialogue":0,"rewardCurrency":"coins","rewardValue":0,"isSkipable":0,"privacyPolicyURL":"https:\/\/www.consoliads.com\/privacy-policy\/","sessionToken":"JbH+DTxVRjVYHytZpfJG\/SQ0CwRxkuuS8049qVFpKBGqZacfWqN7EOruX+pjtlumQUuQ8YE9+H7z4ITMfNncgG1MYvF68zWEqKGleQ2gbv+kbj6u1D4no\/exZu\/7oX9XEIQ8xWEN\/OSX2ctK2rY5IxHNU7p8hPNijYm44Vpybtw="}
Session token value is set

mode value is set

 Aspect ratio value is correct
sentry_log value is set
Session token value is set


{"appKey":"00e354cf703fab534e6ab9035dab484a","osVersion":"4.2","orientation":"0","is_mac":"0","model":"iphone 3GS","deviceID":"751","telco_operator":" Ooredoo","cpu":"0","brand":"OPPO","userConsent":"0","internet_connectivity":"0","height":"400","architecture":"armv64","width":"400","resolution":"1440 x 2960","ram":"3.69 GB","sdkVersion":"2151","product":"BKK-LX2","devMode":"0"}
cache_ttl value is correct

Title value is correct

Title value is correct

Title value is correct

Title value is correct

Title value is correct

Title value is correct

Refresh Ad Rate value is correct
mode value is set

 Aspect ratio value is correct
sentry_log value is set
local_logging value is set
sentry_initialization value is set
sentry_debugging value is set
showPreRewardedDialogue value is set
showPostRewardedDialogue value is set
isSkipable value is set
{"cache_ttl":10080,"cache_ttl_rewarded":10080,"cache_ttl_banner":10080,"cache_ttl_native":10080,"cache_ttl_icon":10080,"campaigns":[{"campaignID":"8226","attribution":0,"priority":"8","appToPromote":{"appToPromoteID":"12623","usesDefaultFrameImage":"0","usesDefaultCloseImage":"0","marketURL":"https:\/\/play.google.com\/store\/apps\/details?id=com.igg.android.lordsmobile&amp;referrer=utm_source=42matters.com&amp;utm_medium=api","packageID":"com.nooribrand.android.lordsmobile"},"showTemplate":1,"s2s_tracking_url":"https:\/\/play.google.com\/store\/apps\/details?id=com.igg.android.lordsmobile&amp;referrer=utm_source=42matters.com&amp;utm_medium=api","activeCreativeID":"3557","scenes":["1","2","9","10","11","8","4","15"],"campaignAdType":"Icon"},{"campaignID":"8613","attribution":0,"priority":"8","appToPromote":{"appToPromoteID":"12623","usesDefaultFrameImage":"0","usesDefaultCloseImage":"0","marketURL":"https:\/\/play.google.com\/store\/apps\/details?id=com.igg.android.lordsmobile&amp;referrer=utm_source=42matters.com&amp;utm_medium=api","packageID":"com.nooribrand.android.lordsmobile"},"showTemplate":1,"s2s_tracking_url":"https:\/\/play.google.com\/store\/apps\/details?id=com.igg.android.lordsmobile&amp;referrer=utm_source=42matters.com&amp;utm_medium=api","activeCreativeID":"3557","scenes":["1","2","9","10","11","8","4","15"],"campaignAdType":"Icon"},{"campaignID":"9249","attribution_link":"https:\/\/app.appsflyer.com\/com.lgn.gun.strike.war.train.shooting.games?pid=consoliads_int&amp;af_click_lookback=7d&amp;clickid=17315_9249_751&amp;android_id={android_id}&amp;sha1_android_id={sha1_android_id}&amp;advertising_id=751&amp;sha1_advertising_id=758a25f7dd163311b02efd5de19535312f7c1225&amp;af_keywords=2","attribution":1,"priority":"8","appToPromote":{"appToPromoteID":"13421","usesDefaultFrameImage":"0","usesDefaultCloseImage":"0","marketURL":"http:\/\/www.google.com","packageID":"com.appricot2d.testt"},"showTemplate":1,"s2s_tracking_url":"https:\/\/app.appsflyer.com\/com.lgn.gun.strike.war.train.shooting.games?pid=consoliads_int&amp;af_click_lookback=7d&amp;clickid=17315_9249_751&amp;android_id={android_id}&amp;sha1_android_id={sha1_android_id}&amp;advertising_id=751&amp;sha1_advertising_id=758a25f7dd163311b02efd5de19535312f7c1225&amp;af_keywords=2","activeCreativeID":"4679","scenes":["1","2","9","10","11","8","4","15"],"campaignAdType":"Interstitial"},{"campaignID":"9252","attribution":0,"priority":"8","appToPromote":{"appToPromoteID":"12315","usesDefaultFrameImage":"0","usesDefaultCloseImage":"0","marketURL":"google.com","packageID":"com.qabrand.plnative"},"showTemplate":1,"s2s_tracking_url":"google.com","activeCreativeID":"4683","scenes":["1","2","9","10","11","8","4","15"],"campaignAdType":"Native","title":"Native first","subTitle":"First ","description":"New description","adClickThroughText":"FIRST Button"},{"campaignID":"9253","attribution":0,"priority":"8","appToPromote":{"appToPromoteID":"12315","usesDefaultFrameImage":"0","usesDefaultCloseImage":"0","marketURL":"google.com","packageID":"com.qabrand.plnative"},"showTemplate":1,"s2s_tracking_url":"google.com","activeCreativeID":"4683","scenes":["1","2","9","10","11","8","4","15"],"campaignAdType":"Native","title":"Native first","subTitle":"First ","description":"New description","adClickThroughText":"FIRST Button"},{"campaignID":"9255","attribution":0,"priority":"8","appToPromote":{"appToPromoteID":"13274","usesDefaultFrameImage":"0","usesDefaultCloseImage":"0","marketURL":"https:\/\/play.google.com\/store\/apps\/details?id=com.facebook.katana","packageID":"com.salon.adsalon"},"showTemplate":1,"s2s_tracking_url":"https:\/\/play.google.com\/store\/apps\/details?id=com.facebook.katana","activeCreativeID":"4685","scenes":["1","2","9","10","11","8","4","15"],"campaignAdType":"Native","title":"native NA ","subTitle":"native NA ","description":"native NA added","adClickThroughText":"native NA "},{"campaignID":"9257","attribution":0,"priority":"8","appToPromote":{"appToPromoteID":"12286","usesDefaultFrameImage":"0","usesDefaultCloseImage":"0","marketURL":"google.com","packageID":"com.qabrand.Chartboost_Native"},"showTemplate":1,"s2s_tracking_url":"google.com","activeCreativeID":"4688","scenes":["1","2","9","10","11","8","4","15"],"campaignAdType":"Native","title":"Native second updated","subTitle":"Native second ","description":"Native second details","adClickThroughText":"Native second "},{"campaignID":"9261","attribution_link":"https:\/\/app.appsflyer.com\/com.lgn.gun.strike.war.train.shooting.games?pid=consoliads_int&amp;af_click_lookback=7d&amp;clickid=17315_9261_751&amp;android_id={android_id}&amp;sha1_android_id={sha1_android_id}&amp;advertising_id=751&amp;sha1_advertising_id=758a25f7dd163311b02efd5de19535312f7c1225&amp;af_keywords=2","attribution":1,"priority":"8","appToPromote":{"appToPromoteID":"13421","usesDefaultFrameImage":"0","usesDefaultCloseImage":"0","marketURL":"http:\/\/www.google.com","packageID":"com.appricot2d.testt"},"showTemplate":1,"s2s_tracking_url":"https:\/\/app.appsflyer.com\/com.lgn.gun.strike.war.train.shooting.games?pid=consoliads_int&amp;af_click_lookback=7d&amp;clickid=17315_9261_751&amp;android_id={android_id}&amp;sha1_android_id={sha1_android_id}&amp;advertising_id=751&amp;sha1_advertising_id=758a25f7dd163311b02efd5de19535312f7c1225&amp;af_keywords=2","activeCreativeID":"4692","scenes":["1","2","9","10","11","8","4","15"],"campaignAdType":"Interstitial"},{"campaignID":"9263","attribution":0,"priority":"8","appToPromote":{"appToPromoteID":"12315","usesDefaultFrameImage":"0","usesDefaultCloseImage":"0","marketURL":"google.com","packageID":"com.qabrand.plnative"},"showTemplate":1,"s2s_tracking_url":"google.com","activeCreativeID":"4694","scenes":["1","2","9","10","11","8","4","15"],"campaignAdType":"Native","title":"test","subTitle":"test","description":" test details update","adClickThroughText":"test"},{"campaignID":"9125","attribution":0,"priority":"8","appToPromote":{"appToPromoteID":"17526","usesDefaultFrameImage":"0","usesDefaultCloseImage":"0","marketURL":"https:\/\/play.google.com\/store\/apps\/details?id=kr.co.richnco.goodrich","packageID":"kr.co.richnco.goodrich"},"showTemplate":1,"s2s_tracking_url":"https:\/\/tha.gotrackier.com\/click?campaign_id=68347\\u0026pub_id=75?p1=17315_9125_751&amp;source=6841&amp;app_name=CGS-HeavyCraneExcavator&amp;gaid=751","activeCreativeID":"4477","scenes":["1","2","9","10","11","8","4","15"],"campaignAdType":"Icon"},{"campaignID":"9127","attribution":0,"priority":"8","appToPromote":{"appToPromoteID":"17528","usesDefaultFrameImage":"0","usesDefaultCloseImage":"0","marketURL":"https:\/\/play.google.com\/store\/apps\/details?id=net.one97.paytm","packageID":"net.one97.paytm"},"showTemplate":1,"s2s_tracking_url":"https:\/\/tha.gotrackier.com\/click?campaign_id=63249\\u0026pub_id=75?p1=17315_9127_751&amp;source=6841&amp;app_name=CGS-HeavyCraneExcavator&amp;gaid=751","activeCreativeID":"4788","scenes":["1","2","9","10","11","8","4","15"],"campaignAdType":"Native","title":"BCA","subTitle":"FW","description":"nope","adClickThroughText":"Link"},{"campaignID":"9131","attribution":0,"priority":"8","appToPromote":{"appToPromoteID":"17532","usesDefaultFrameImage":"0","usesDefaultCloseImage":"0","marketURL":"https:\/\/play.google.com\/store\/apps\/details?id=com.dhgate.buyermob","packageID":"com.dhgate.buyermob"},"showTemplate":1,"s2s_tracking_url":"https:\/\/tha.gotrackier.com\/click?campaign_id=63254\\u0026pub_id=75?p1=17315_9131_751&amp;source=6841&amp;app_name=CGS-HeavyCraneExcavator&amp;gaid=751","activeCreativeID":"4483","scenes":["1","2","9","10","11","8","4","15"],"campaignAdType":"Interstitial"},{"campaignID":"561","attribution":0,"priority":"6","appToPromote":{"appToPromoteID":"5026","usesDefaultFrameImage":"0","usesDefaultCloseImage":"0","marketURL":"https:\/\/play.google.com\/store\/apps\/details?id=com.as.cashupapp","packageID":"com.as.cashupapp"},"showTemplate":1,"s2s_tracking_url":"https:\/\/play.google.com\/store\/apps\/details?id=com.as.cashupapp","activeCreativeID":"652","scenes":["1","2","9","10","11","8","4","15"],"campaignAdType":"Interstitial"},{"campaignID":"570","attribution":0,"priority":"6","appToPromote":{"appToPromoteID":"3802","usesDefaultFrameImage":"0","usesDefaultCloseImage":"0","marketURL":"https:\/\/play.google.com\/store\/apps\/details?id=com.Madxstudios.Flickshootsoccer","packageID":"com.Madxstudios.Flickshootsoccer"},"showTemplate":1,"s2s_tracking_url":"https:\/\/play.google.com\/store\/apps\/details?id=com.Madxstudios.Flickshootsoccer","activeCreativeID":"661","scenes":["1","2","9","10","11","8","4","15"],"campaignAdType":"Interstitial"},{"campaignID":"588","attribution":0,"priority":"6","appToPromote":{"appToPromoteID":"5026","usesDefaultFrameImage":"0","usesDefaultCloseImage":"0","marketURL":"https:\/\/play.google.com\/store\/apps\/details?id=com.as.cashupapp","packageID":"com.as.cashupapp"},"showTemplate":1,"s2s_tracking_url":"https:\/\/play.google.com\/store\/apps\/details?id=com.as.cashupapp","activeCreativeID":"652","scenes":["1","2","9","10","11","8","4","15"],"campaignAdType":"Interstitial"},{"campaignID":"6620","attribution":0,"priority":"6","appToPromote":{"appToPromoteID":"12980","usesDefaultFrameImage":"0","usesDefaultCloseImage":"0","marketURL":"https:\/\/play.google.com\/store\/apps\/details?id=com.sx.cooking.cafe.restaurant","packageID":"com.sx.cooking.cafe.restaurant"},"showTemplate":1,"s2s_tracking_url":"https:\/\/play.google.com\/store\/apps\/details?id=com.sx.cooking.cafe.restaurant","activeCreativeID":"1702","scenes":["1","2","9","10","11","8","4","15"],"campaignAdType":"Interstitial"},{"campaignID":"6596","attribution":0,"priority":"5","appToPromote":{"appToPromoteID":"12980","usesDefaultFrameImage":"0","usesDefaultCloseImage":"0","marketURL":"https:\/\/play.google.com\/store\/apps\/details?id=com.sx.cooking.cafe.restaurant","packageID":"com.sx.cooking.cafe.restaurant"},"showTemplate":1,"s2s_tracking_url":"https:\/\/play.google.com\/store\/apps\/details?id=com.sx.cooking.cafe.restaurant","activeCreativeID":"1702","scenes":["1","2","9","10","11","8","4","15"],"campaignAdType":"Interstitial"},{"campaignID":"414","attribution":0,"priority":"3","appToPromote":{"appToPromoteID":"3023","usesDefaultFrameImage":"0","usesDefaultCloseImage":"0","marketURL":"https:\/\/play.google.com\/store\/apps\/details?id=com.appricot2d.rolo.pet.parrot","packageID":"com.appricot2d.rolo.pet.parrot"},"showTemplate":1,"s2s_tracking_url":"https:\/\/play.google.com\/store\/apps\/details?id=com.appricot2d.rolo.pet.parrot","activeCreativeID":"385","scenes":["1","2","9","10","11","8","4","15"],"campaignAdType":"Interstitial"},{"campaignID":"559","attribution":0,"priority":"3","appToPromote":{"appToPromoteID":"3476","usesDefaultFrameImage":"0","usesDefaultCloseImage":"0","marketURL":"https:\/\/play.google.com\/store\/apps\/details?id=com.perspectivegames.real.impossible.tracks.stunts","packageID":"com.perspectivegames.real.impossible.tracks.stunts"},"showTemplate":1,"s2s_tracking_url":"https:\/\/play.google.com\/store\/apps\/details?id=com.perspectivegames.real.impossible.tracks.stunts","activeCreativeID":"649","scenes":["1","2","9","10","11","8","4","15"],"campaignAdType":"Interstitial"},{"campaignID":"741","attribution":0,"priority":"3","appToPromote":{"appToPromoteID":"5609","usesDefaultFrameImage":"0","usesDefaultCloseImage":"0","marketURL":"https:\/\/play.google.com\/store\/apps\/details?id=com.kick.gyroscopic.city.train.driver.simulator","packageID":"com.kick.gyroscopic.city.train.driver.simulator"},"showTemplate":1,"s2s_tracking_url":"https:\/\/play.google.com\/store\/apps\/details?id=com.kick.gyroscopic.city.train.driver.simulator","activeCreativeID":"753","scenes":["1","2","9","10","11","8","4","15"],"campaignAdType":"Interstitial"},{"campaignID":"798","attribution":0,"priority":"3","appToPromote":{"appToPromoteID":"5770","usesDefaultFrameImage":"0","usesDefaultCloseImage":"0","marketURL":"https:\/\/play.google.com\/store\/apps\/details?id=com.simulatorgames3d.alohacelebrations","packageID":"com.simulatorgames3d.alohacelebrations"},"showTemplate":1,"s2s_tracking_url":"https:\/\/play.google.com\/store\/apps\/details?id=com.simulatorgames3d.alohacelebrations","activeCreativeID":"787","scenes":["1","2","9","10","11","8","4","15"],"campaignAdType":"Interstitial"},{"campaignID":"1483","attribution":0,"priority":"3","appToPromote":{"appToPromoteID":"1714","usesDefaultFrameImage":"1","usesDefaultCloseImage":"1","marketURL":"https:\/\/play.google.com\/store\/apps\/details?id=com.playink.cookie.maker","packageID":"com.playink.cookie.maker"},"showTemplate":1,"s2s_tracking_url":"https:\/\/play.google.com\/store\/apps\/details?id=com.playink.cookie.maker","activeCreativeID":"1020","scenes":["1","2","9","10","11","8","4","15"],"campaignAdType":"Interstitial"},{"campaignID":"8762","attribution":0,"priority":"2","appToPromote":{"appToPromoteID":"13265","usesDefaultFrameImage":"0","usesDefaultCloseImage":"0","marketURL":"https:\/\/play.google.com\/store\/apps\/details?id=com.rhg.tricky.bike.stunt.moto.master","packageID":"com.rhg.tricky.bike.stunt.moto.master"},"showTemplate":1,"s2s_tracking_url":"https:\/\/play.google.com\/store\/apps\/details?id=com.rhg.tricky.bike.stunt.moto.master","activeCreativeID":"4121","scenes":["1","2","9","10","11","8","4","15"],"campaignAdType":"Rewarded Video"},{"campaignID":"602","attribution":0,"priority":"2","appToPromote":{"appToPromoteID":"5444","usesDefaultFrameImage":"0","usesDefaultCloseImage":"0","marketURL":"https:\/\/play.google.com\/store\/apps\/details?id=com.simulatorgame3d.impossibleairtracks","packageID":"com.simulatorgame3d.impossibleairtracks"},"showTemplate":1,"s2s_tracking_url":"https:\/\/play.google.com\/store\/apps\/details?id=com.simulatorgame3d.impossibleairtracks","activeCreativeID":"700","scenes":["1","2","9","10","11","8","4","15"],"campaignAdType":"Interstitial"}],"refreshAdRate":30,"mode":"Production","aspectRatio":"9_16","cdnPath":"https:\/\/df8ymybeo92md.cloudfront.net\/images\/","sentry_log":0,"local_logging":0,"sentry_dsn":"https:\/\/93ffa1c9a4124f67b8888a53265f751a:bbf998e04584477fa9a145838e9d3b26@sentry.io\/168994","sentry_initialization":1,"sentry_debugging":0,"bannerSizes":["5","2","1"],"aspectRatioVideo":"9_16","app_id":"17315","showPreRewardedDialogue":0,"showPostRewardedDialogue":0,"rewardCurrency":"coins","rewardValue":0,"isSkipable":1,"privacyPolicyURL":"https:\/\/www.consoliads.com\/privacy-policy\/","sessionToken":"H4ZFY9NRV5nHXz4E+N7P8ByTQZWxW8fuKGx4h5PiZC00\/3Fvfh8QpEHSJvDgM6pE1PgT605kjA13YlNN75He\/7xBD+xKkJFMSZfTVewx65BGVfxtR6Gquz\/xWaUIJOutO3NOlWHq196aH8p80pYPINFzJlNaXRwt+f6\/lz35qiI="}
Session token value is set


{"appKey":"00eb10eaac9ee896a0fa30cfc0a79614","osVersion":"9.0","orientation":"0","is_mac":"0","model":"GT-Nnnn0","deviceID":"775","telco_operator":"","cpu":"0","brand":"HUAWEI","userConsent":"0","internet_connectivity":"0","height":"410","architecture":"","width":"410","resolution":"1280x720","ram":"953,45 MB","sdkVersion":"91","product":"j7xeltexx","devMode":"0"}
cache_ttl value is correct

Refresh Ad Rate value is correct
mode value is set

 Aspect ratio value is correct
sentry_log value is set
local_logging value is set
sentry_initialization value is set
sentry_debugging value is set
showPreRewardedDialogue value is set
showPostRewardedDialogue value is set
isSkipable value is set
{"cache_ttl":10080,"cache_ttl_rewarded":10080,"cache_ttl_banner":10080,"cache_ttl_native":10080,"cache_ttl_icon":10080,"campaigns":[{"campaignID":"9384","attribution":0,"priority":"5","appToPromote":{"appToPromoteID":"13185","usesDefaultFrameImage":"0","usesDefaultCloseImage":"0","marketURL":"https:\/\/play.google.com\/store\/apps\/details?id=com.gamesarena.flying.bike.tricks.stunts&amp;referrer=utm_source=42matters.com&amp;utm_medium=api","packageID":"com.gamesarena.flying.bike.tricks.stunts"},"showTemplate":1,"s2s_tracking_url":"https:\/\/play.google.com\/store\/apps\/details?id=com.gamesarena.flying.bike.tricks.stunts&amp;referrer=utm_source=42matters.com&amp;utm_medium=api","activeCreativeID":"4829","scenes":["1","13","14","6","4","5","15","12","2"],"campaignAdType":"Interstitial"},{"campaignID":"9386","attribution":0,"priority":"5","appToPromote":{"appToPromoteID":"17764","usesDefaultFrameImage":"0","usesDefaultCloseImage":"0","marketURL":"https:\/\/play.google.com\/store\/apps\/details?id=com.visiblebody.atlas&amp;referrer=utm_source=42matters.com&amp;utm_medium=api","packageID":"com.gamesarena..test6324"},"showTemplate":1,"s2s_tracking_url":"https:\/\/play.google.com\/store\/apps\/details?id=com.visiblebody.atlas&amp;referrer=utm_source=42matters.com&amp;utm_medium=api","activeCreativeID":"4828","scenes":["1","13","14","6","4","5","15","12","2"],"campaignAdType":"Interstitial"},{"campaignID":"9389","attribution":0,"priority":"5","appToPromote":{"appToPromoteID":"13185","usesDefaultFrameImage":"0","usesDefaultCloseImage":"0","marketURL":"https:\/\/play.google.com\/store\/apps\/details?id=com.gamesarena.flying.bike.tricks.stunts&amp;referrer=utm_source=42matters.com&amp;utm_medium=api","packageID":"com.gamesarena.flying.bike.tricks.stunts"},"showTemplate":1,"s2s_tracking_url":"https:\/\/play.google.com\/store\/apps\/details?id=com.gamesarena.flying.bike.tricks.stunts&amp;referrer=utm_source=42matters.com&amp;utm_medium=api","activeCreativeID":"4829","scenes":["1","13","14","6","4","5","15","12","2"],"campaignAdType":"Interstitial"},{"campaignID":"9390","attribution":0,"priority":"5","appToPromote":{"appToPromoteID":"17764","usesDefaultFrameImage":"0","usesDefaultCloseImage":"0","marketURL":"https:\/\/play.google.com\/store\/apps\/details?id=com.visiblebody.atlas&amp;referrer=utm_source=42matters.com&amp;utm_medium=api","packageID":"com.gamesarena..test6324"},"showTemplate":1,"s2s_tracking_url":"https:\/\/play.google.com\/store\/apps\/details?id=com.visiblebody.atlas&amp;referrer=utm_source=42matters.com&amp;utm_medium=api","activeCreativeID":"4828","scenes":["1","13","14","6","4","5","15","12","2"],"campaignAdType":"Interstitial"},{"campaignID":"6410","attribution":0,"priority":"5","appToPromote":{"appToPromoteID":"12544","usesDefaultFrameImage":"0","usesDefaultCloseImage":"0","marketURL":"market:\/\/download?com.gamesventure.demolition.derby.euro.truck.racing","packageID":"com.gamesventure.demolition.derby.euro.truck.racing"},"showTemplate":1,"s2s_tracking_url":"market:\/\/download?com.gamesventure.demolition.derby.euro.truck.racing","activeCreativeID":"1545","scenes":["1","13","14","6","4","5","15","12","2"],"campaignAdType":"Interstitial"},{"campaignID":"6408","attribution":0,"priority":"4","appToPromote":{"appToPromoteID":"12521","usesDefaultFrameImage":"0","usesDefaultCloseImage":"0","marketURL":"https:\/\/play.google.com\/store\/apps\/details?id=com.gamesbasement.demolition.derby.police.car.racing","packageID":"com.gamesbasement.demolition.derby.police.car.racing"},"showTemplate":1,"s2s_tracking_url":"https:\/\/play.google.com\/store\/apps\/details?id=com.gamesbasement.demolition.derby.police.car.racing","activeCreativeID":"1543","scenes":["1","13","14","6","4","5","15","12","2"],"campaignAdType":"Interstitial"},{"campaignID":"6409","attribution":0,"priority":"4","appToPromote":{"appToPromoteID":"12556","usesDefaultFrameImage":"0","usesDefaultCloseImage":"0","marketURL":"market:\/\/download?com.nws.demolition.derby.bike.racing.stunts","packageID":"com.nws.demolition.derby.bike.racing.stunts"},"showTemplate":1,"s2s_tracking_url":"market:\/\/download?com.nws.demolition.derby.bike.racing.stunts","activeCreativeID":"1544","scenes":["1","13","14","6","4","5","15","12","2"],"campaignAdType":"Interstitial"},{"campaignID":"6411","attribution":0,"priority":"2","appToPromote":{"appToPromoteID":"12557","usesDefaultFrameImage":"0","usesDefaultCloseImage":"0","marketURL":"market:\/\/download?com.bbg.demolition.derby.formula.car.stunts","packageID":"com.bbg.demolition.derby.formula.car.stunts"},"showTemplate":1,"s2s_tracking_url":"market:\/\/download?com.bbg.demolition.derby.formula.car.stunts","activeCreativeID":"1546","scenes":["1","13","14","6","4","5","15","12","2"],"campaignAdType":"Interstitial"},{"campaignID":"6510","attribution":0,"priority":"2","appToPromote":{"appToPromoteID":"12390","usesDefaultFrameImage":"0","usesDefaultCloseImage":"0","marketURL":"https:\/\/play.google.com\/store\/apps\/details?id=com.gamesbasement.jetski.freestyle.stunts","packageID":"com.gamesbasement.jetski.freestyle.stunts"},"showTemplate":1,"s2s_tracking_url":"https:\/\/play.google.com\/store\/apps\/details?id=com.gamesbasement.jetski.freestyle.stunts","activeCreativeID":"1627","scenes":["1","13","14","6","4","5","15","12","2"],"campaignAdType":"Interstitial"},{"campaignID":"6511","attribution":0,"priority":"2","appToPromote":{"appToPromoteID":"12375","usesDefaultFrameImage":"0","usesDefaultCloseImage":"0","marketURL":"market:\/\/download?com.bbg.police.robot.bikes.tunts.extreme","packageID":"com.bbg.police.robot.bikes.tunts.extreme"},"showTemplate":1,"s2s_tracking_url":"market:\/\/download?com.bbg.police.robot.bikes.tunts.extreme","activeCreativeID":"1628","scenes":["1","13","14","6","4","5","15","12","2"],"campaignAdType":"Interstitial"},{"campaignID":"6514","attribution":0,"priority":"2","appToPromote":{"appToPromoteID":"12373","usesDefaultFrameImage":"0","usesDefaultCloseImage":"0","marketURL":"https:\/\/play.google.com\/store\/apps\/details?id=com.nws.snow.bike.stunt.rider","packageID":"com.nws.snow.bike.stunt.rider"},"showTemplate":1,"s2s_tracking_url":"https:\/\/play.google.com\/store\/apps\/details?id=com.nws.snow.bike.stunt.rider","activeCreativeID":"1631","scenes":["1","13","14","6","4","5","15","12","2"],"campaignAdType":"Interstitial"},{"campaignID":"6516","attribution":0,"priority":"2","appToPromote":{"appToPromoteID":"12687","usesDefaultFrameImage":"0","usesDefaultCloseImage":"0","marketURL":"https:\/\/play.google.com\/store\/apps\/details?id=com.bbg.police.dog.prison.escape.survival","packageID":"com.bbg.police.dog.prison.escape.survival"},"showTemplate":1,"s2s_tracking_url":"https:\/\/play.google.com\/store\/apps\/details?id=com.bbg.police.dog.prison.escape.survival","activeCreativeID":"1635","scenes":["1","13","14","6","4","5","15","12","2"],"campaignAdType":"Interstitial"},{"campaignID":"6517","attribution":0,"priority":"2","appToPromote":{"appToPromoteID":"12285","usesDefaultFrameImage":"0","usesDefaultCloseImage":"0","marketURL":"https:\/\/play.google.com\/store\/apps\/details?id=com.gamesworld.ninja.battleground.survival","packageID":"com.gamesworld.ninja.battleground.survival"},"showTemplate":1,"s2s_tracking_url":"https:\/\/play.google.com\/store\/apps\/details?id=com.gamesworld.ninja.battleground.survival","activeCreativeID":"1636","scenes":["1","13","14","6","4","5","15","12","2"],"campaignAdType":"Interstitial"}],"refreshAdRate":30,"mode":"Production","aspectRatio":"9_16","cdnPath":"https:\/\/df8ymybeo92md.cloudfront.net\/images\/","sentry_log":0,"local_logging":0,"sentry_dsn":"https:\/\/93ffa1c9a4124f67b8888a53265f751a:bbf998e04584477fa9a145838e9d3b26@sentry.io\/168994","sentry_initialization":1,"sentry_debugging":0,"bannerSizes":[],"aspectRatioVideo":"9_16","app_id":"12522","showPreRewardedDialogue":0,"showPostRewardedDialogue":0,"rewardCurrency":"coins","rewardValue":0,"isSkipable":0,"privacyPolicyURL":"https:\/\/www.consoliads.com\/privacy-policy\/","sessionToken":"D9FI3sz8zYw6yjcmTrZS9Bnx8tD2QLRHNMpY8HbQ8Kn7F8hoPVvrrmZQwIdDvI1DEjmCAae26Lv5pEHyEgEqhxmMOrAScp5g6XOx80vChbgZc2VPQe3ME6o5xjAO\/f8GxFSyRw10GxUM86wbqOdBkXfwYvjPEckfod+jmjRArio="}
Session token value is set

mode value is set

 Aspect ratio value is correct
sentry_log value is set
Session token value is set

</DebugTrace>
      </Output>
    </UnitTestResult>
    <UnitTestResult executionId="d8c491fc-9c93-49ac-8393-027f7efe84be" testId="f70c910a-cc07-24cb-0d1c-bc2c00fc396f" testName="G_SyncAppunityMainMethodCodeGenerator" computerName="DESKTOP-5AJ0SB3" duration="00:01:38.7468257" startTime="2020-12-22T12:14:21.9057446+05:00" endTime="2020-12-22T12:16:00.6611021+05:00" testType="13cdc9d9-ddb5-4fa4-a97d-d965ccfc6d4b" outcome="Passed" testListId="8c84fa94-04c1-424b-9868-57a2d4851a1d" relativeResultsDirectory="d8c491fc-9c93-49ac-8393-027f7efe84be">
      <Output>
        <DebugTrace>****************** http://52.13.174.6/sheeda/admin/api/startNewAdSession_2
****************** SELECT apps.package,apps.title,apps.companyID, apps.osID , users.userSignature, apps.appVersionCode, apps.appVersionName FROM apps 
 join users ON apps.companyID = users.companyID where apps.app_type = 'app' AND apps.sdkID &gt; 20 And users.isAdmin = 1 AND users.status = 1 ORDER BY companyID ASC
LIMIT 50



****************** 
****************** select adID from ads where ad_type != 'analytics';
****************** select adID from ads where ad_type != 'analytics' and ad_type ='interstitial'
****************** select adID from ads where ad_type != 'analytics' and ad_type ='banner'
****************** select adID from ads where ad_type != 'analytics' and ad_type ='native'
****************** select adID from ads where ad_type != 'analytics' and ad_type ='rewarded_video'
****************** SELECT sdkID, ver FROM `sdk_info` WHERE `description` LIKE '%mediation unity%' AND sdkID &gt; 2173 LIMIT 50
****************** 
****************** http://52.13.174.6/sheeda/admin/json/syncApp
****************** http://52.13.174.6/sheeda/admin/json/syncApp
****************** http://52.13.174.6/sheeda/admin/json/syncApp
****************** http://52.13.174.6/sheeda/admin/json/syncApp
****************** http://52.13.174.6/sheeda/admin/json/syncApp
****************** http://52.13.174.6/sheeda/admin/json/syncApp
****************** http://52.13.174.6/sheeda/admin/json/syncApp
****************** http://52.13.174.6/sheeda/admin/json/syncApp
****************** http://52.13.174.6/sheeda/admin/json/syncApp
****************** http://52.13.174.6/sheeda/admin/json/syncApp
****************** http://52.13.174.6/sheeda/admin/json/syncApp
****************** http://52.13.174.6/sheeda/admin/json/syncApp
****************** http://52.13.174.6/sheeda/admin/json/syncApp
****************** http://52.13.174.6/sheeda/admin/json/syncApp
****************** http://52.13.174.6/sheeda/admin/json/syncApp
****************** http://52.13.174.6/sheeda/admin/json/syncApp
Ads mediation queue value is set
child directed value is set
Sequences value is set
Is hide ads value is set
****************** http://52.13.174.6/sheeda/admin/json/syncApp
****************** http://52.13.174.6/sheeda/admin/json/syncApp
Ads mediation queue value is set
child directed value is set
Sequences value is set
Is hide ads value is set
****************** http://52.13.174.6/sheeda/admin/json/syncApp
****************** http://52.13.174.6/sheeda/admin/json/syncApp
Ads mediation queue value is set
child directed value is set
Sequences value is set
Is hide ads value is set
****************** http://52.13.174.6/sheeda/admin/json/syncApp
****************** http://52.13.174.6/sheeda/admin/json/syncApp
****************** http://52.13.174.6/sheeda/admin/json/syncApp
****************** http://52.13.174.6/sheeda/admin/json/syncApp
****************** http://52.13.174.6/sheeda/admin/json/syncApp
****************** http://52.13.174.6/sheeda/admin/json/syncApp
****************** http://52.13.174.6/sheeda/admin/json/syncApp
****************** http://52.13.174.6/sheeda/admin/json/syncApp
****************** http://52.13.174.6/sheeda/admin/json/syncApp
****************** http://52.13.174.6/sheeda/admin/json/syncApp
Ads mediation queue value is set
child directed value is set
Sequences value is set
Is hide ads value is set
****************** http://52.13.174.6/sheeda/admin/json/syncApp
****************** http://52.13.174.6/sheeda/admin/json/syncApp
****************** http://52.13.174.6/sheeda/admin/json/syncApp
****************** http://52.13.174.6/sheeda/admin/json/syncApp
****************** http://52.13.174.6/sheeda/admin/json/syncApp
****************** http://52.13.174.6/sheeda/admin/json/syncApp
Ads mediation queue value is set
child directed value is set
Sequences value is set
Is hide ads value is set
****************** http://52.13.174.6/sheeda/admin/json/syncApp
****************** http://52.13.174.6/sheeda/admin/json/syncApp
****************** http://52.13.174.6/sheeda/admin/json/syncApp
****************** http://52.13.174.6/sheeda/admin/json/syncApp
****************** http://52.13.174.6/sheeda/admin/json/syncApp
****************** http://52.13.174.6/sheeda/admin/json/syncApp
****************** http://52.13.174.6/sheeda/admin/json/syncApp
****************** http://52.13.174.6/sheeda/admin/json/syncApp
****************** http://52.13.174.6/sheeda/admin/json/syncApp
****************** http://52.13.174.6/sheeda/admin/json/syncApp
Ads mediation queue value is set
child directed value is set
Sequences value is set
Is hide ads value is set
****************** http://52.13.174.6/sheeda/admin/json/syncApp
****************** http://52.13.174.6/sheeda/admin/json/syncApp
Ads mediation queue value is set
child directed value is set
Sequences value is set
Is hide ads value is set
****************** http://52.13.174.6/sheeda/admin/json/syncApp
****************** http://52.13.174.6/sheeda/admin/json/syncApp
****************** http://52.13.174.6/sheeda/admin/json/syncApp
****************** http://52.13.174.6/sheeda/admin/json/syncApp
Ads mediation queue value is set
child directed value is set
Sequences value is set
Is hide ads value is set
****************** http://52.13.174.6/sheeda/admin/json/syncApp
****************** http://52.13.174.6/sheeda/admin/json/syncApp
****************** http://52.13.174.6/sheeda/admin/json/syncApp
****************** http://52.13.174.6/sheeda/admin/json/syncApp
****************** http://52.13.174.6/sheeda/admin/json/syncApp
****************** http://52.13.174.6/sheeda/admin/json/syncApp
****************** http://52.13.174.6/sheeda/admin/json/syncApp
****************** http://52.13.174.6/sheeda/admin/json/syncApp
****************** http://52.13.174.6/sheeda/admin/json/syncApp
****************** http://52.13.174.6/sheeda/admin/json/syncApp
****************** http://52.13.174.6/sheeda/admin/json/syncApp
****************** http://52.13.174.6/sheeda/admin/json/syncApp
****************** http://52.13.174.6/sheeda/admin/json/syncApp
****************** http://52.13.174.6/sheeda/admin/json/syncApp
****************** http://52.13.174.6/sheeda/admin/json/syncApp
****************** http://52.13.174.6/sheeda/admin/json/syncApp
****************** http://52.13.174.6/sheeda/admin/json/syncApp
****************** http://52.13.174.6/sheeda/admin/json/syncApp
Ads mediation queue value is set
child directed value is set
Sequences value is set
Is hide ads value is set
****************** http://52.13.174.6/sheeda/admin/json/syncApp
****************** http://52.13.174.6/sheeda/admin/json/syncApp
****************** http://52.13.174.6/sheeda/admin/json/syncApp
****************** http://52.13.174.6/sheeda/admin/json/syncApp
****************** http://52.13.174.6/sheeda/admin/json/syncApp
****************** http://52.13.174.6/sheeda/admin/json/syncApp
****************** http://52.13.174.6/sheeda/admin/json/syncApp
****************** http://52.13.174.6/sheeda/admin/json/syncApp
****************** http://52.13.174.6/sheeda/admin/json/syncApp
****************** http://52.13.174.6/sheeda/admin/json/syncApp
****************** http://52.13.174.6/sheeda/admin/json/syncApp
****************** http://52.13.174.6/sheeda/admin/json/syncApp
****************** http://52.13.174.6/sheeda/admin/json/syncApp
****************** http://52.13.174.6/sheeda/admin/json/syncApp
****************** http://52.13.174.6/sheeda/admin/json/syncApp
****************** http://52.13.174.6/sheeda/admin/json/syncApp
****************** http://52.13.174.6/sheeda/admin/json/syncApp
****************** http://52.13.174.6/sheeda/admin/json/syncApp
****************** http://52.13.174.6/sheeda/admin/json/syncApp
****************** http://52.13.174.6/sheeda/admin/json/syncApp
****************** http://52.13.174.6/sheeda/admin/json/syncApp
****************** http://52.13.174.6/sheeda/admin/json/syncApp
****************** http://52.13.174.6/sheeda/admin/json/syncApp
****************** http://52.13.174.6/sheeda/admin/json/syncApp
****************** http://52.13.174.6/sheeda/admin/json/syncApp
****************** http://52.13.174.6/sheeda/admin/json/syncApp
****************** http://52.13.174.6/sheeda/admin/json/syncApp
****************** http://52.13.174.6/sheeda/admin/json/syncApp
****************** http://52.13.174.6/sheeda/admin/json/syncApp
****************** http://52.13.174.6/sheeda/admin/json/syncApp
Ads mediation queue value is set
child directed value is set
Sequences value is set
Is hide ads value is set
</DebugTrace>
      </Output>
    </UnitTestResult>
    <UnitTestResult executionId="e4929e6b-175f-44fa-bc2a-cf086d98ae4e" testId="4d0749f1-2acf-bf6d-9151-b617319ecfaf" testName="F_SyncUserDeviceMainMethodCodeGenerator" computerName="DESKTOP-5AJ0SB3" duration="00:01:25.6119929" startTime="2020-12-22T12:16:00.6660986+05:00" endTime="2020-12-22T12:17:26.2842391+05:00" testType="13cdc9d9-ddb5-4fa4-a97d-d965ccfc6d4b" outcome="Passed" testListId="8c84fa94-04c1-424b-9868-57a2d4851a1d" relativeResultsDirectory="e4929e6b-175f-44fa-bc2a-cf086d98ae4e">
      <Output>
        <DebugTrace>****************** http://52.13.174.6/sheeda/admin/analytics/syncUserDevice
****************** SELECT apps.package, apps.appID, apps.osID, apps.companyID, apps.sdkID, sdk_info.ver, apps.appVersionCode, apps.appVersionName FROM apps INNER JOIN sdk_info ON apps.sdkID = sdk_info.sdkID WHERE apps.sdkID &gt; 20 LIMIT 50
****************** 
****************** select adID from ads where ad_type != 'analytics';
****************** 
****************** http://52.13.174.6/sheeda/admin/analytics/syncUserDevice
AM mode is working fine
Message value is completed
****************** http://52.13.174.6/sheeda/admin/analytics/syncUserDevice
AM mode is working fine
Message value is completed
****************** http://52.13.174.6/sheeda/admin/analytics/syncUserDevice
AM mode is working fine
Message value is completed
****************** http://52.13.174.6/sheeda/admin/analytics/syncUserDevice
AM mode is working fine
Message value is completed
****************** http://52.13.174.6/sheeda/admin/analytics/syncUserDevice
****************** http://52.13.174.6/sheeda/admin/analytics/syncUserDevice
AM mode is working fine
Message value is completed
****************** http://52.13.174.6/sheeda/admin/analytics/syncUserDevice
{"package":"com.amazing.gamez.airplane.car.transporter.pilot","appVersionCode":"","appVersionName":"","nativeApp":"0","store":"41","uniqueDeviceID":"7632","appID":"","deviceID":"","region":"","adsQueueEventStats ":[{"adID":"6","sceneID":"20"," request":"763"," impression":"763"," click":"763"}],"gssdkVersion":"3.2.2","sdkVersionID":"39","sdkVersion":"39","devMode":"0"}: message value is other then completed,http://52.13.174.6/sheeda/admin/analytics/syncUserDeviceapi is failed
****************** http://52.13.174.6/sheeda/admin/analytics/syncUserDevice
{"package":"com.amazing.gamez.airplane.car.transporter.pilot","appVersionCode":"","appVersionName":"","nativeApp":"0","store":"43","uniqueDeviceID":"5920","appID":"","deviceID":"","region":"","adsQueueEventStats ":[{"adID":"7","sceneID":"15"," request":"592"," impression":"592"," click":"592"}],"gssdkVersion":"3.2.2","sdkVersionID":"39","sdkVersion":"39","devMode":"0"}: message value is other then completed,http://52.13.174.6/sheeda/admin/analytics/syncUserDeviceapi is failed
****************** http://52.13.174.6/sheeda/admin/analytics/syncUserDevice
{"package":"com.amazing.gamez.snow.plow.truck.simulator","appVersionCode":"","appVersionName":"","nativeApp":"0","store":"41","uniqueDeviceID":"7032","appID":"","deviceID":"","region":"","adsQueueEventStats ":[{"adID":"8","sceneID":"18"," request":"703"," impression":"703"," click":"703"}],"gssdkVersion":"3.2.2","sdkVersionID":"39","sdkVersion":"39","devMode":"0"}: message value is other then completed,http://52.13.174.6/sheeda/admin/analytics/syncUserDeviceapi is failed
****************** http://52.13.174.6/sheeda/admin/analytics/syncUserDevice
AM mode is working fine
Message value is completed
****************** http://52.13.174.6/sheeda/admin/analytics/syncUserDevice
****************** http://52.13.174.6/sheeda/admin/analytics/syncUserDevice
****************** http://52.13.174.6/sheeda/admin/analytics/syncUserDevice
AM mode is working fine
Message value is completed
****************** http://52.13.174.6/sheeda/admin/analytics/syncUserDevice
AM mode is working fine
Message value is completed
****************** http://52.13.174.6/sheeda/admin/analytics/syncUserDevice
****************** http://52.13.174.6/sheeda/admin/analytics/syncUserDevice
{"package":"com.amazing.gamez.airplane.car.transporter.pilot","appVersionCode":"","appVersionName":"","nativeApp":"0","store":"42","uniqueDeviceID":"9549","appID":"","deviceID":"","region":"","adsQueueEventStats ":[{"adID":"18","sceneID":"24"," request":"954"," impression":"954"," click":"954"}],"gssdkVersion":"3.2.2","sdkVersionID":"39","sdkVersion":"39","devMode":"0"}: message value is other then completed,http://52.13.174.6/sheeda/admin/analytics/syncUserDeviceapi is failed
****************** http://52.13.174.6/sheeda/admin/analytics/syncUserDevice
{"package":"com.amazing.gamez.off.road.hill.climb","appVersionCode":"","appVersionName":"","nativeApp":"0","store":"41","uniqueDeviceID":"8186","appID":"","deviceID":"","region":"","adsQueueEventStats ":[{"adID":"19","sceneID":"21"," request":"818"," impression":"818"," click":"818"}],"gssdkVersion":"3.2.2","sdkVersionID":"39","sdkVersion":"39","devMode":"0"}: message value is other then completed,http://52.13.174.6/sheeda/admin/analytics/syncUserDeviceapi is failed
****************** http://52.13.174.6/sheeda/admin/analytics/syncUserDevice
{"package":"com.amazing.gamez.off.road.hill.climb","appVersionCode":"","appVersionName":"","nativeApp":"0","store":"43","uniqueDeviceID":"7869","appID":"","deviceID":"","region":"","adsQueueEventStats ":[{"adID":"20","sceneID":"20"," request":"787"," impression":"787"," click":"787"}],"gssdkVersion":"3.2.2","sdkVersionID":"39","sdkVersion":"39","devMode":"0"}: message value is other then completed,http://52.13.174.6/sheeda/admin/analytics/syncUserDeviceapi is failed
****************** http://52.13.174.6/sheeda/admin/analytics/syncUserDevice
****************** http://52.13.174.6/sheeda/admin/analytics/syncUserDevice
AM mode is working fine
Message value is completed
****************** http://52.13.174.6/sheeda/admin/analytics/syncUserDevice
AM mode is working fine
Message value is completed
****************** http://52.13.174.6/sheeda/admin/analytics/syncUserDevice
AM mode is working fine
Message value is completed
****************** http://52.13.174.6/sheeda/admin/analytics/syncUserDevice
AM mode is working fine
Message value is completed
****************** http://52.13.174.6/sheeda/admin/analytics/syncUserDevice
{"package":"com.amazing.gamez.share.attack.survival.simulator","appVersionCode":"","appVersionName":"","nativeApp":"0","store":"42","uniqueDeviceID":"6482","appID":"","deviceID":"","region":"","adsQueueEventStats ":[{"adID":"26","sceneID":"17"," request":"648"," impression":"648"," click":"648"}],"gssdkVersion":"3.2.2","sdkVersionID":"39","sdkVersion":"39","devMode":"0"}: message value is other then completed,http://52.13.174.6/sheeda/admin/analytics/syncUserDeviceapi is failed
****************** http://52.13.174.6/sheeda/admin/analytics/syncUserDevice
****************** http://52.13.174.6/sheeda/admin/analytics/syncUserDevice
{"package":"com.amazing.gamez.counter.terrorist.force","appVersionCode":"","appVersionName":"","nativeApp":"0","store":"41","uniqueDeviceID":"7660","appID":"","deviceID":"","region":"","adsQueueEventStats ":[{"adID":"28","sceneID":"20"," request":"766"," impression":"766"," click":"766"}],"gssdkVersion":"3.2.2","sdkVersionID":"39","sdkVersion":"39","devMode":"0"}: message value is other then completed,http://52.13.174.6/sheeda/admin/analytics/syncUserDeviceapi is failed
****************** http://52.13.174.6/sheeda/admin/analytics/syncUserDevice
AM mode is working fine
Message value is completed
****************** http://52.13.174.6/sheeda/admin/analytics/syncUserDevice
AM mode is working fine
Message value is completed
****************** http://52.13.174.6/sheeda/admin/analytics/syncUserDevice
AM mode is working fine
Message value is completed
****************** http://52.13.174.6/sheeda/admin/analytics/syncUserDevice
AM mode is working fine
Message value is completed
****************** http://52.13.174.6/sheeda/admin/analytics/syncUserDevice
AM mode is working fine
Message value is completed
****************** http://52.13.174.6/sheeda/admin/analytics/syncUserDevice
AM mode is working fine
Message value is completed
****************** http://52.13.174.6/sheeda/admin/analytics/syncUserDevice
AM mode is working fine
child directed value is set
Sequences value is set
Is hide ads value is set
Mediation mode value is set
Ads mediation queue value is set
Message value is completed
****************** http://52.13.174.6/sheeda/admin/analytics/syncUserDevice
AM mode is working fine
Message value is completed
****************** http://52.13.174.6/sheeda/admin/analytics/syncUserDevice
AM mode is working fine
Message value is completed
****************** http://52.13.174.6/sheeda/admin/analytics/syncUserDevice
AM mode is working fine
Message value is completed
****************** http://52.13.174.6/sheeda/admin/analytics/syncUserDevice
AM mode is working fine
Message value is completed
****************** http://52.13.174.6/sheeda/admin/analytics/syncUserDevice
AM mode is working fine
Message value is completed
****************** http://52.13.174.6/sheeda/admin/analytics/syncUserDevice
AM mode is working fine
Message value is completed
****************** http://52.13.174.6/sheeda/admin/analytics/syncUserDevice
AM mode is working fine
Message value is completed
****************** http://52.13.174.6/sheeda/admin/analytics/syncUserDevice
AM mode is working fine
Message value is completed
****************** http://52.13.174.6/sheeda/admin/analytics/syncUserDevice
AM mode is working fine
Message value is completed
****************** http://52.13.174.6/sheeda/admin/analytics/syncUserDevice
AM mode is working fine
Message value is completed
****************** http://52.13.174.6/sheeda/admin/analytics/syncUserDevice
AM mode is working fine
Message value is completed
****************** http://52.13.174.6/sheeda/admin/analytics/syncUserDevice
AM mode is working fine
Message value is completed
****************** http://52.13.174.6/sheeda/admin/analytics/syncUserDevice
AM mode is working fine
Message value is completed
****************** http://52.13.174.6/sheeda/admin/analytics/syncUserDevice
AM mode is working fine
Message value is completed
****************** http://52.13.174.6/sheeda/admin/analytics/syncUserDevice
AM mode is working fine
Message value is completed
****************** http://52.13.174.6/sheeda/admin/analytics/syncUserDevice
AM mode is working fine
Message value is completed
****************** http://52.13.174.6/sheeda/admin/analytics/syncUserDevice
AM mode is working fine
Message value is completed
</DebugTrace>
      </Output>
    </UnitTestResult>
  </Results>
</TestRun>