<?xml version="1.0" encoding="UTF-8"?>
<TestRun id="782317cc-2c04-40b2-b7db-a13a553f2311" name="SYSTEM@DESKTOP-5AJ0SB3 2020-12-10 10:16:01" runUser="NT AUTHORITY\SYSTEM" xmlns="http://microsoft.com/schemas/VisualStudio/TeamTest/2010">
  <TestSettings name="Default Test Settings" id="b7db4010-1f57-480d-82bc-2f2783bb4fbf">
    <Deployment userDeploymentRoot="E:\Automation\Automation_API_Windows\Monetization_Automation\Monetization_Automation\Monetization_Automation\AutomationAPIExecutionResultsFiles" useDefaultDeploymentRoot="false" runDeploymentRoot="SYSTEM_DESKTOP-5AJ0SB3 2020-12-10 10_16_01" />
    <Execution>
      <TestTypeSpecific />
      <AgentRule name="Execution Agents">
      </AgentRule>
    </Execution>
    <Properties />
  </TestSettings>
  <Times creation="2020-12-10T10:16:01.4333603+05:00" queuing="2020-12-10T10:16:08.5862783+05:00" start="2020-12-10T10:16:08.7192025+05:00" finish="2020-12-10T10:28:17.8791121+05:00" />
  <ResultSummary outcome="Warning">
    <Counters total="7" executed="7" passed="7" error="0" failed="0" timeout="0" aborted="0" inconclusive="0" passedButRunAborted="0" notRunnable="0" notExecuted="0" disconnected="0" warning="0" completed="0" inProgress="0" pending="0" />
    <RunInfos>
      <RunInfo computerName="DESKTOP-5AJ0SB3" outcome="Warning" timestamp="2020-12-10T10:16:08.5423035+05:00">
        <Text>Warning: conflict during test run deployment: deployment item 'E:\Automation\Automation_API_Windows\Monetization_Automation\Monetization_Automation\Monetization_Automation\Monetization_Automation.Utils\Monetization_Automation.Utils\bin\Debug\Monetization_Automation.Utils.dll' specified by the test 'Monetization_Automation.Test.F_SyncAppUnityAPIInputGenerator.G_SyncAppunityMainMethodCodeGenerator' cannot be deployed to 'Google.Protobuf.dll' because otherwise the file 'E:\Automation\Automation_API_Windows\Monetization_Automation\Monetization_Automation\Monetization_Automation\Monetization_Automation.Utils\Monetization_Automation.Utils\bin\Debug\Google.Protobuf.dll' would overwrite deployment item 'e:\automation\automation_api_windows\monetization_automation\monetization_automation\monetization_automation\testingapi\bin\debug\Google.Protobuf.dll' directly or indirectly referenced by the test container 'e:\automation\automation_api_windows\monetization_automation\monetization_automation\monetization_automation\testingapi\bin\debug\monetization_automation.test.dll'.</Text>
      </RunInfo>
      <RunInfo computerName="DESKTOP-5AJ0SB3" outcome="Warning" timestamp="2020-12-10T10:16:08.5433027+05:00">
        <Text>Warning: conflict during test run deployment: deployment item 'E:\Automation\Automation_API_Windows\Monetization_Automation\Monetization_Automation\Monetization_Automation\Monetization_Automation.Utils\Monetization_Automation.Utils\bin\Debug\Monetization_Automation.Utils.dll' specified by the test 'Monetization_Automation.Test.F_SyncAppUnityAPIInputGenerator.G_SyncAppunityMainMethodCodeGenerator' cannot be deployed to 'K4os.Compression.LZ4.Streams.dll' because otherwise the file 'E:\Automation\Automation_API_Windows\Monetization_Automation\Monetization_Automation\Monetization_Automation\Monetization_Automation.Utils\Monetization_Automation.Utils\bin\Debug\K4os.Compression.LZ4.Streams.dll' would overwrite deployment item 'e:\automation\automation_api_windows\monetization_automation\monetization_automation\monetization_automation\testingapi\bin\debug\K4os.Compression.LZ4.Streams.dll' directly or indirectly referenced by the test container 'e:\automation\automation_api_windows\monetization_automation\monetization_automation\monetization_automation\testingapi\bin\debug\monetization_automation.test.dll'.</Text>
      </RunInfo>
      <RunInfo computerName="DESKTOP-5AJ0SB3" outcome="Warning" timestamp="2020-12-10T10:16:08.5433027+05:00">
        <Text>Warning: conflict during test run deployment: deployment item 'E:\Automation\Automation_API_Windows\Monetization_Automation\Monetization_Automation\Monetization_Automation\Monetization_Automation.Utils\Monetization_Automation.Utils\bin\Debug\Monetization_Automation.Utils.dll' specified by the test 'Monetization_Automation.Test.F_SyncAppUnityAPIInputGenerator.G_SyncAppunityMainMethodCodeGenerator' cannot be deployed to 'K4os.Compression.LZ4.dll' because otherwise the file 'E:\Automation\Automation_API_Windows\Monetization_Automation\Monetization_Automation\Monetization_Automation\Monetization_Automation.Utils\Monetization_Automation.Utils\bin\Debug\K4os.Compression.LZ4.dll' would overwrite deployment item 'e:\automation\automation_api_windows\monetization_automation\monetization_automation\monetization_automation\testingapi\bin\debug\K4os.Compression.LZ4.dll' directly or indirectly referenced by the test container 'e:\automation\automation_api_windows\monetization_automation\monetization_automation\monetization_automation\testingapi\bin\debug\monetization_automation.test.dll'.</Text>
      </RunInfo>
      <RunInfo computerName="DESKTOP-5AJ0SB3" outcome="Warning" timestamp="2020-12-10T10:16:08.5433027+05:00">
        <Text>Warning: conflict during test run deployment: deployment item 'E:\Automation\Automation_API_Windows\Monetization_Automation\Monetization_Automation\Monetization_Automation\Monetization_Automation.Utils\Monetization_Automation.Utils\bin\Debug\Monetization_Automation.Utils.dll' specified by the test 'Monetization_Automation.Test.F_SyncAppUnityAPIInputGenerator.G_SyncAppunityMainMethodCodeGenerator' cannot be deployed to 'System.Memory.dll' because otherwise the file 'E:\Automation\Automation_API_Windows\Monetization_Automation\Monetization_Automation\Monetization_Automation\Monetization_Automation.Utils\Monetization_Automation.Utils\bin\Debug\System.Memory.dll' would overwrite deployment item 'e:\automation\automation_api_windows\monetization_automation\monetization_automation\monetization_automation\testingapi\bin\debug\System.Memory.dll' directly or indirectly referenced by the test container 'e:\automation\automation_api_windows\monetization_automation\monetization_automation\monetization_automation\testingapi\bin\debug\monetization_automation.test.dll'.</Text>
      </RunInfo>
      <RunInfo computerName="DESKTOP-5AJ0SB3" outcome="Warning" timestamp="2020-12-10T10:16:08.5433027+05:00">
        <Text>Warning: conflict during test run deployment: deployment item 'E:\Automation\Automation_API_Windows\Monetization_Automation\Monetization_Automation\Monetization_Automation\Monetization_Automation.Utils\Monetization_Automation.Utils\bin\Debug\Monetization_Automation.Utils.dll' specified by the test 'Monetization_Automation.Test.F_SyncAppUnityAPIInputGenerator.G_SyncAppunityMainMethodCodeGenerator' cannot be deployed to 'System.Numerics.Vectors.dll' because otherwise the file 'E:\Automation\Automation_API_Windows\Monetization_Automation\Monetization_Automation\Monetization_Automation\Monetization_Automation.Utils\Monetization_Automation.Utils\bin\Debug\System.Numerics.Vectors.dll' would overwrite deployment item 'e:\automation\automation_api_windows\monetization_automation\monetization_automation\monetization_automation\testingapi\bin\debug\System.Numerics.Vectors.dll' directly or indirectly referenced by the test container 'e:\automation\automation_api_windows\monetization_automation\monetization_automation\monetization_automation\testingapi\bin\debug\monetization_automation.test.dll'.</Text>
      </RunInfo>
      <RunInfo computerName="DESKTOP-5AJ0SB3" outcome="Warning" timestamp="2020-12-10T10:16:08.5433027+05:00">
        <Text>Warning: conflict during test run deployment: deployment item 'E:\Automation\Automation_API_Windows\Monetization_Automation\Monetization_Automation\Monetization_Automation\Monetization_Automation.Utils\Monetization_Automation.Utils\bin\Debug\Monetization_Automation.Utils.dll' specified by the test 'Monetization_Automation.Test.F_SyncAppUnityAPIInputGenerator.G_SyncAppunityMainMethodCodeGenerator' cannot be deployed to 'BouncyCastle.Crypto.dll' because otherwise the file 'E:\Automation\Automation_API_Windows\Monetization_Automation\Monetization_Automation\Monetization_Automation\Monetization_Automation.Utils\Monetization_Automation.Utils\bin\Debug\BouncyCastle.Crypto.dll' would overwrite deployment item 'e:\automation\automation_api_windows\monetization_automation\monetization_automation\monetization_automation\testingapi\bin\debug\BouncyCastle.Crypto.dll' directly or indirectly referenced by the test container 'e:\automation\automation_api_windows\monetization_automation\monetization_automation\monetization_automation\testingapi\bin\debug\monetization_automation.test.dll'.</Text>
      </RunInfo>
      <RunInfo computerName="DESKTOP-5AJ0SB3" outcome="Warning" timestamp="2020-12-10T10:16:08.5443023+05:00">
        <Text>Warning: Test Run deployment issue: The assembly or module 'office' directly or indirectly referenced by the test container 'e:\automation\automation_api_windows\monetization_automation\monetization_automation\monetization_automation\testingapi\bin\debug\monetization_automation.test.dll' was not found.</Text>
      </RunInfo>
      <RunInfo computerName="DESKTOP-5AJ0SB3" outcome="Warning" timestamp="2020-12-10T10:16:08.5443023+05:00">
        <Text>Warning: Test Run deployment issue: The assembly or module 'Microsoft.Vbe.Interop' directly or indirectly referenced by the test container 'e:\automation\automation_api_windows\monetization_automation\monetization_automation\monetization_automation\testingapi\bin\debug\monetization_automation.test.dll' was not found.</Text>
      </RunInfo>
      <RunInfo computerName="DESKTOP-5AJ0SB3" outcome="Warning" timestamp="2020-12-10T10:16:08.5443023+05:00">
        <Text>Warning: Test Run deployment issue: The assembly or module 'System.Memory' directly or indirectly referenced by deployment item 'E:\Automation\Automation_API_Windows\Monetization_Automation\Monetization_Automation\Monetization_Automation\Monetization_Automation.Utils\Monetization_Automation.Utils\bin\Debug\Monetization_Automation.Utils.dll' specified by the test 'Monetization_Automation.Test.F_SyncAppUnityAPIInputGenerator.G_SyncAppunityMainMethodCodeGenerator' was not found.</Text>
      </RunInfo>
      <RunInfo computerName="DESKTOP-5AJ0SB3" outcome="Warning" timestamp="2020-12-10T10:16:08.5443023+05:00">
        <Text>Warning: Test Run deployment issue: The assembly or module 'System.Runtime.CompilerServices.Unsafe' directly or indirectly referenced by deployment item 'E:\Automation\Automation_API_Windows\Monetization_Automation\Monetization_Automation\Monetization_Automation\Monetization_Automation.Utils\Monetization_Automation.Utils\bin\Debug\Monetization_Automation.Utils.dll' specified by the test 'Monetization_Automation.Test.F_SyncAppUnityAPIInputGenerator.G_SyncAppunityMainMethodCodeGenerator' was not found.</Text>
      </RunInfo>
      <RunInfo computerName="DESKTOP-5AJ0SB3" outcome="Warning" timestamp="2020-12-10T10:16:08.5443023+05:00">
        <Text>Warning: Test Run deployment issue: The assembly or module 'System.Buffers' directly or indirectly referenced by deployment item 'E:\Automation\Automation_API_Windows\Monetization_Automation\Monetization_Automation\Monetization_Automation\Monetization_Automation.Utils\Monetization_Automation.Utils\bin\Debug\Monetization_Automation.Utils.dll' specified by the test 'Monetization_Automation.Test.F_SyncAppUnityAPIInputGenerator.G_SyncAppunityMainMethodCodeGenerator' was not found.</Text>
      </RunInfo>
    </RunInfos>
  </ResultSummary>
  <TestDefinitions>
    <UnitTest name="G_SyncAppunityMainMethodCodeGenerator" storage="e:\automation\automation_api_windows\monetization_automation\monetization_automation\monetization_automation\testingapi\bin\debug\monetization_automation.test.dll" id="f70c910a-cc07-24cb-0d1c-bc2c00fc396f">
      <DeploymentItems>
        <DeploymentItem filename="E:\Automation\Automation_API_Windows\Monetization_Automation\Monetization_Automation\Monetization_Automation\Monetization_Automation.Utils\Monetization_Automation.Utils\bin\Debug\Monetization_Automation.Utils.dll" />
      </DeploymentItems>
      <Execution id="c595eb8e-871e-413f-bfc2-676c0cd0e708" />
      <TestMethod codeBase="E:/Automation/Automation_API_Windows/Monetization_Automation/Monetization_Automation/Monetization_Automation/TestingAPI/bin/Debug/Monetization_Automation.Test.DLL" adapterTypeName="Microsoft.VisualStudio.TestTools.TestTypes.Unit.UnitTestAdapter, Microsoft.VisualStudio.QualityTools.Tips.UnitTest.Adapter, Version=16.0.0.0, Culture=neutral, PublicKeyToken=b03f5f7f11d50a3a" className="Monetization_Automation.Test.F_SyncAppUnityAPIInputGenerator, Monetization_Automation.Test, Version=1.0.0.0, Culture=neutral, PublicKeyToken=null" name="G_SyncAppunityMainMethodCodeGenerator" />
    </UnitTest>
    <UnitTest name="B_CampaignLogSummaryMainMethodCodeGenerator" storage="e:\automation\automation_api_windows\monetization_automation\monetization_automation\monetization_automation\testingapi\bin\debug\monetization_automation.test.dll" id="04151d7f-9c61-1489-4cc0-5cc1dc07baee">
      <DeploymentItems>
        <DeploymentItem filename="E:\Automation\Automation_API_Windows\Monetization_Automation\Monetization_Automation\Monetization_Automation\Monetization_Automation.Utils\Monetization_Automation.Utils\bin\Debug\Monetization_Automation.Utils.dll" />
      </DeploymentItems>
      <Execution id="73a6406f-2def-4e3d-b18f-32637534b79d" />
      <TestMethod codeBase="E:/Automation/Automation_API_Windows/Monetization_Automation/Monetization_Automation/Monetization_Automation/TestingAPI/bin/Debug/Monetization_Automation.Test.DLL" adapterTypeName="Microsoft.VisualStudio.TestTools.TestTypes.Unit.UnitTestAdapter, Microsoft.VisualStudio.QualityTools.Tips.UnitTest.Adapter, Version=16.0.0.0, Culture=neutral, PublicKeyToken=b03f5f7f11d50a3a" className="Monetization_Automation.Test.B_CampaignLogSummaryAPIInputGenerator, Monetization_Automation.Test, Version=1.0.0.0, Culture=neutral, PublicKeyToken=null" name="B_CampaignLogSummaryMainMethodCodeGenerator" />
    </UnitTest>
    <UnitTest name="E_StartNewAdSessionMainInputGenerator" storage="e:\automation\automation_api_windows\monetization_automation\monetization_automation\monetization_automation\testingapi\bin\debug\monetization_automation.test.dll" id="bfc1b289-dbbb-3bad-fc5e-78e601449e19">
      <DeploymentItems>
        <DeploymentItem filename="E:\Automation\Automation_API_Windows\Monetization_Automation\Monetization_Automation\Monetization_Automation\Monetization_Automation.Utils\Monetization_Automation.Utils\bin\Debug\Monetization_Automation.Utils.dll" />
      </DeploymentItems>
      <Execution id="9eef2e7e-df2f-48be-bff3-5d44ef7a7fd1" />
      <TestMethod codeBase="E:/Automation/Automation_API_Windows/Monetization_Automation/Monetization_Automation/Monetization_Automation/TestingAPI/bin/Debug/Monetization_Automation.Test.DLL" adapterTypeName="Microsoft.VisualStudio.TestTools.TestTypes.Unit.UnitTestAdapter, Microsoft.VisualStudio.QualityTools.Tips.UnitTest.Adapter, Version=16.0.0.0, Culture=neutral, PublicKeyToken=b03f5f7f11d50a3a" className="Monetization_Automation.Test.E_StartNewAdSessionInputGenerator, Monetization_Automation.Test, Version=1.0.0.0, Culture=neutral, PublicKeyToken=null" name="E_StartNewAdSessionMainInputGenerator" />
    </UnitTest>
    <UnitTest name="A_SyncAppNativeMainMethodInputGenerator" storage="e:\automation\automation_api_windows\monetization_automation\monetization_automation\monetization_automation\testingapi\bin\debug\monetization_automation.test.dll" id="b1df3d41-c071-e99d-12ca-f9fb92f1350c">
      <DeploymentItems>
        <DeploymentItem filename="E:\Automation\Automation_API_Windows\Monetization_Automation\Monetization_Automation\Monetization_Automation\Monetization_Automation.Utils\Monetization_Automation.Utils\bin\Debug\Monetization_Automation.Utils.dll" />
      </DeploymentItems>
      <Execution id="aaab3d34-710d-4656-996d-f5d9a8813234" />
      <TestMethod codeBase="E:/Automation/Automation_API_Windows/Monetization_Automation/Monetization_Automation/Monetization_Automation/TestingAPI/bin/Debug/Monetization_Automation.Test.DLL" adapterTypeName="Microsoft.VisualStudio.TestTools.TestTypes.Unit.UnitTestAdapter, Microsoft.VisualStudio.QualityTools.Tips.UnitTest.Adapter, Version=16.0.0.0, Culture=neutral, PublicKeyToken=b03f5f7f11d50a3a" className="Monetization_Automation.Test.A_SyncAppNativeAPIInputGenerator, Monetization_Automation.Test, Version=1.0.0.0, Culture=neutral, PublicKeyToken=null" name="A_SyncAppNativeMainMethodInputGenerator" />
    </UnitTest>
    <UnitTest name="D_SaveNetworkrStatsMainMethodCodeGenerator" storage="e:\automation\automation_api_windows\monetization_automation\monetization_automation\monetization_automation\testingapi\bin\debug\monetization_automation.test.dll" id="20f0da05-06f5-50cc-bee5-9ac7cf561794">
      <DeploymentItems>
        <DeploymentItem filename="E:\Automation\Automation_API_Windows\Monetization_Automation\Monetization_Automation\Monetization_Automation\Monetization_Automation.Utils\Monetization_Automation.Utils\bin\Debug\Monetization_Automation.Utils.dll" />
      </DeploymentItems>
      <Execution id="e2c783b0-fa60-4d81-869e-f112180b17de" />
      <TestMethod codeBase="E:/Automation/Automation_API_Windows/Monetization_Automation/Monetization_Automation/Monetization_Automation/TestingAPI/bin/Debug/Monetization_Automation.Test.DLL" adapterTypeName="Microsoft.VisualStudio.TestTools.TestTypes.Unit.UnitTestAdapter, Microsoft.VisualStudio.QualityTools.Tips.UnitTest.Adapter, Version=16.0.0.0, Culture=neutral, PublicKeyToken=b03f5f7f11d50a3a" className="Monetization_Automation.Test.D_SaveNetworkrStatsAPIInputGenerator, Monetization_Automation.Test, Version=1.0.0.0, Culture=neutral, PublicKeyToken=null" name="D_SaveNetworkrStatsMainMethodCodeGenerator" />
    </UnitTest>
    <UnitTest name="C_RecordClicksFromDeviceMainMethodCodeGenerator" storage="e:\automation\automation_api_windows\monetization_automation\monetization_automation\monetization_automation\testingapi\bin\debug\monetization_automation.test.dll" id="d249d328-6d44-2c2d-6ed9-e0b5d6f69772">
      <DeploymentItems>
        <DeploymentItem filename="E:\Automation\Automation_API_Windows\Monetization_Automation\Monetization_Automation\Monetization_Automation\Monetization_Automation.Utils\Monetization_Automation.Utils\bin\Debug\Monetization_Automation.Utils.dll" />
      </DeploymentItems>
      <Execution id="30ac40c8-2374-4b8a-943c-4812258489c8" />
      <TestMethod codeBase="E:/Automation/Automation_API_Windows/Monetization_Automation/Monetization_Automation/Monetization_Automation/TestingAPI/bin/Debug/Monetization_Automation.Test.DLL" adapterTypeName="Microsoft.VisualStudio.TestTools.TestTypes.Unit.UnitTestAdapter, Microsoft.VisualStudio.QualityTools.Tips.UnitTest.Adapter, Version=16.0.0.0, Culture=neutral, PublicKeyToken=b03f5f7f11d50a3a" className="Monetization_Automation.Test.C_RecordClicksFromDeviceInputGenerator, Monetization_Automation.Test, Version=1.0.0.0, Culture=neutral, PublicKeyToken=null" name="C_RecordClicksFromDeviceMainMethodCodeGenerator" />
    </UnitTest>
    <UnitTest name="F_SyncUserDeviceMainMethodCodeGenerator" storage="e:\automation\automation_api_windows\monetization_automation\monetization_automation\monetization_automation\testingapi\bin\debug\monetization_automation.test.dll" id="4d0749f1-2acf-bf6d-9151-b617319ecfaf">
      <DeploymentItems>
        <DeploymentItem filename="E:\Automation\Automation_API_Windows\Monetization_Automation\Monetization_Automation\Monetization_Automation\Monetization_Automation.Utils\Monetization_Automation.Utils\bin\Debug\Monetization_Automation.Utils.dll" />
      </DeploymentItems>
      <Execution id="aecb6794-d1f4-4e99-ab89-1904d4e34ad8" />
      <TestMethod codeBase="E:/Automation/Automation_API_Windows/Monetization_Automation/Monetization_Automation/Monetization_Automation/TestingAPI/bin/Debug/Monetization_Automation.Test.DLL" adapterTypeName="Microsoft.VisualStudio.TestTools.TestTypes.Unit.UnitTestAdapter, Microsoft.VisualStudio.QualityTools.Tips.UnitTest.Adapter, Version=16.0.0.0, Culture=neutral, PublicKeyToken=b03f5f7f11d50a3a" className="Monetization_Automation.Test.G_SyncUserDeviceAPIInputGenerator, Monetization_Automation.Test, Version=1.0.0.0, Culture=neutral, PublicKeyToken=null" name="F_SyncUserDeviceMainMethodCodeGenerator" />
    </UnitTest>
  </TestDefinitions>
  <TestLists>
    <TestList name="Results Not in a List" id="8c84fa94-04c1-424b-9868-57a2d4851a1d" />
    <TestList name="All Loaded Results" id="19431567-8539-422a-85d7-44ee4e166bda" />
  </TestLists>
  <TestEntries>
    <TestEntry testId="b1df3d41-c071-e99d-12ca-f9fb92f1350c" executionId="aaab3d34-710d-4656-996d-f5d9a8813234" testListId="8c84fa94-04c1-424b-9868-57a2d4851a1d" />
    <TestEntry testId="04151d7f-9c61-1489-4cc0-5cc1dc07baee" executionId="73a6406f-2def-4e3d-b18f-32637534b79d" testListId="8c84fa94-04c1-424b-9868-57a2d4851a1d" />
    <TestEntry testId="d249d328-6d44-2c2d-6ed9-e0b5d6f69772" executionId="30ac40c8-2374-4b8a-943c-4812258489c8" testListId="8c84fa94-04c1-424b-9868-57a2d4851a1d" />
    <TestEntry testId="20f0da05-06f5-50cc-bee5-9ac7cf561794" executionId="e2c783b0-fa60-4d81-869e-f112180b17de" testListId="8c84fa94-04c1-424b-9868-57a2d4851a1d" />
    <TestEntry testId="bfc1b289-dbbb-3bad-fc5e-78e601449e19" executionId="9eef2e7e-df2f-48be-bff3-5d44ef7a7fd1" testListId="8c84fa94-04c1-424b-9868-57a2d4851a1d" />
    <TestEntry testId="f70c910a-cc07-24cb-0d1c-bc2c00fc396f" executionId="c595eb8e-871e-413f-bfc2-676c0cd0e708" testListId="8c84fa94-04c1-424b-9868-57a2d4851a1d" />
    <TestEntry testId="4d0749f1-2acf-bf6d-9151-b617319ecfaf" executionId="aecb6794-d1f4-4e99-ab89-1904d4e34ad8" testListId="8c84fa94-04c1-424b-9868-57a2d4851a1d" />
  </TestEntries>
  <Results>
    <UnitTestResult executionId="aaab3d34-710d-4656-996d-f5d9a8813234" testId="b1df3d41-c071-e99d-12ca-f9fb92f1350c" testName="A_SyncAppNativeMainMethodInputGenerator" computerName="DESKTOP-5AJ0SB3" duration="00:01:52.8775904" startTime="2020-12-10T10:16:08.9030977+05:00" endTime="2020-12-10T10:18:03.0389623+05:00" testType="13cdc9d9-ddb5-4fa4-a97d-d965ccfc6d4b" outcome="Passed" testListId="8c84fa94-04c1-424b-9868-57a2d4851a1d" relativeResultsDirectory="aaab3d34-710d-4656-996d-f5d9a8813234">
      <Output>
        <DebugTrace>****************** http://52.13.174.6/sheeda/admin/json/syncApp
****************** 
SELECT apps.package, apps.osID, apps.companyID, users.userSignature, apps.appVersionCode, apps.appVersionName
FROM apps JOIN users ON apps.companyID = users.companyID
WHERE apps.sdkID &gt; 20 AND apps.app_type = 'app' AND users.isAdmin = 1 AND users. STATUS = 1 ORDER BY companyID ASC
LIMIT 50
****************** 
****************** SELECT sdkID, ver FROM `sdk_info` WHERE `description` LIKE '%Native mediation%' AND sdkID &gt; 2173 LIMIT 50
****************** 
****************** select adID from ads where ad_type != 'analytics' and ad_type ='interstitial'
****************** select adID from ads where ad_type != 'analytics' and ad_type ='banner'
****************** select adID from ads where ad_type != 'analytics' and ad_type ='native'
****************** select adID from ads where ad_type != 'analytics' and ad_type ='rewarded_video'
Ads mediation queue value is set
Mediation mode value is set
child directed value is set
Sequences value is set
Is hide ads value is set
Ads mediation queue value is set
Mediation mode value is set
child directed value is set
Sequences value is set
Is hide ads value is set
Ads mediation queue value is set
Mediation mode value is set
child directed value is set
Sequences value is set
Is hide ads value is set
Ads mediation queue value is set
Mediation mode value is set
child directed value is set
Sequences value is set
Is hide ads value is set
Ads mediation queue value is set
Mediation mode value is set
child directed value is set
Sequences value is set
Is hide ads value is set
Ads mediation queue value is set
Mediation mode value is set
child directed value is set
Sequences value is set
Is hide ads value is set
Ads mediation queue value is set
Mediation mode value is set
child directed value is set
Sequences value is set
Is hide ads value is set
Ads mediation queue value is set
Mediation mode value is set
child directed value is set
Sequences value is set
Is hide ads value is set
Ads mediation queue value is set
Mediation mode value is set
child directed value is set
Sequences value is set
Is hide ads value is set
Ads mediation queue value is set
Mediation mode value is set
child directed value is set
Sequences value is set
Is hide ads value is set
Ads mediation queue value is set
Mediation mode value is set
child directed value is set
Sequences value is set
Is hide ads value is set
Ads mediation queue value is set
Mediation mode value is set
child directed value is set
Sequences value is set
Is hide ads value is set
Ads mediation queue value is set
Mediation mode value is set
child directed value is set
Sequences value is set
Is hide ads value is set
Ads mediation queue value is set
Mediation mode value is set
child directed value is set
Sequences value is set
Is hide ads value is set
Ads mediation queue value is set
Mediation mode value is set
child directed value is set
Sequences value is set
Is hide ads value is set
Ads mediation queue value is set
Mediation mode value is set
child directed value is set
Sequences value is set
Is hide ads value is set
Ads mediation queue value is set
Mediation mode value is set
child directed value is set
Sequences value is set
Is hide ads value is set
Ads mediation queue value is set
Mediation mode value is set
child directed value is set
Sequences value is set
Is hide ads value is set
Ads mediation queue value is set
Mediation mode value is set
child directed value is set
Sequences value is set
Is hide ads value is set
Ads mediation queue value is set
Mediation mode value is set
child directed value is set
Sequences value is set
Is hide ads value is set
Ads mediation queue value is set
Mediation mode value is set
child directed value is set
Sequences value is set
Is hide ads value is set
Ads mediation queue value is set
Mediation mode value is set
child directed value is set
Sequences value is set
Is hide ads value is set
</DebugTrace>
      </Output>
    </UnitTestResult>
    <UnitTestResult executionId="73a6406f-2def-4e3d-b18f-32637534b79d" testId="04151d7f-9c61-1489-4cc0-5cc1dc07baee" testName="B_CampaignLogSummaryMainMethodCodeGenerator" computerName="DESKTOP-5AJ0SB3" duration="00:02:11.9477192" startTime="2020-12-10T10:18:03.0409616+05:00" endTime="2020-12-10T10:20:14.9936588+05:00" testType="13cdc9d9-ddb5-4fa4-a97d-d965ccfc6d4b" outcome="Passed" testListId="8c84fa94-04c1-424b-9868-57a2d4851a1d" relativeResultsDirectory="73a6406f-2def-4e3d-b18f-32637534b79d">
      <Output>
        <DebugTrace>****************** SELECT apps.appKey, campaigns.campaignID, apps.package, apps.sdkID, apps.companyID, apps.osID FROM apps INNER JOIN campaigns ON apps.appID = campaigns.appID WHERE apps.sdkID &gt; 20 AND apps.appKey != '' AND campaigns.campaignID NOT IN (0 ,- 1 ,- 2 ,- 3 ,- 4 ,- 5) LIMIT 50

****************** 

{"appKey":"87749f0a5e72d3c88e3f0a2ceae0e8ad","deviceID":"8870","stats":[{"campaignID":47,"packageID":"com.mizo.city.ambulance","sceneStats":[{"sceneID":"23","eventStats":"388,288,188,88,88,0,0"}]}],"sdkVersion":"2056","sessionToken":"vhRDZd5MK+4lIH8X/mNh9q3AWhAF6oQpsHzkSChxcELpqKx6kQxk3RdbBSxO0WdoUKHfmD2btxDbDaOk1jW1lp611h8JJ+FxRc8NQutzk0X7xTjJHvfIKjdMGZMp8Lax"}
cache_ttl value is correct

Refresh Ad Rate value is correct
mode value is set

 Aspect ratio value is correct
sentry_log value is set
local_logging value is set
sentry_initialization value is set
sentry_debugging value is set
showPreRewardedDialogue value is set
showPostRewardedDialogue value is set
isSkipable value is set
{"cache_ttl":10080,"cache_ttl_rewarded":10080,"cache_ttl_banner":10080,"cache_ttl_native":10080,"cache_ttl_icon":10080,"refreshAdRate":30,"mode":"Production","aspectRatio":"4_3","cdnPath":"https:\/\/df8ymybeo92md.cloudfront.net\/images\/","sentry_log":0,"local_logging":0,"sentry_dsn":"https:\/\/93ffa1c9a4124f67b8888a53265f751a:bbf998e04584477fa9a145838e9d3b26@sentry.io\/168994","sentry_initialization":1,"sentry_debugging":0,"bannerSizes":[],"aspectRatioVideo":"16_9","app_id":"1035","showPreRewardedDialogue":0,"showPostRewardedDialogue":0,"rewardCurrency":"coins","rewardValue":0,"isSkipable":0,"privacyPolicyURL":"https:\/\/www.consoliads.com\/privacy-policy\/","sessionToken":"KJwyXrWA\/mNAZupSHZda1lZTLVkCJVt3ItFYaE2W8LVRipaTo757rEI5r3i4X5B5NNfvtPjuxcBFQPaaLR5wCIdJMDN7FblYZ3jJ9BxeblwpVZYpoy2b9nq0Y0PWznOYjTIwZkja8sLJhDtnwyfrgOX1qDpol2ZbmA8AoU55m+k="}
Session token value is set


{"appKey":"03a90424d48d01cab7124698a3b141c5","deviceID":"9503","stats":[{"campaignID":48,"packageID":"com.mizo.construction.crane.hill.climb","sceneStats":[{"sceneID":"24","eventStats":"395,295,195,95,95,0,0"}]}],"sdkVersion":"39","sessionToken":"KJwyXrWA\/mNAZupSHZda1lZTLVkCJVt3ItFYaE2W8LVRipaTo757rEI5r3i4X5B5NNfvtPjuxcBFQPaaLR5wCIdJMDN7FblYZ3jJ9BxeblwpVZYpoy2b9nq0Y0PWznOYjTIwZkja8sLJhDtnwyfrgOX1qDpol2ZbmA8AoU55m+k="}
cache_ttl value is correct

Refresh Ad Rate value is correct
mode value is set

 Aspect ratio value is correct
sentry_log value is set
local_logging value is set
sentry_initialization value is set
sentry_debugging value is set
showPreRewardedDialogue value is set
showPostRewardedDialogue value is set
isSkipable value is set
{"cache_ttl":10080,"cache_ttl_rewarded":10080,"cache_ttl_banner":10080,"cache_ttl_native":10080,"cache_ttl_icon":10080,"campaigns":[{"campaignID":"9277","attribution_link":"","attribution":1,"priority":"5","appToPromote":{"appToPromoteID":"17609","usesDefaultFrameImage":"0","usesDefaultCloseImage":"0","marketURL":"https:\/\/smartbear.com\/learn\/automated-testing\/test-automation-frameworks\/","packageID":"com.buntoo.buntooAd"},"showTemplate":1,"s2s_tracking_url":"","activeCreativeID":"4702","scenes":["1","2","6","4","5"],"campaignAdType":"Interstitial"},{"campaignID":"9278","attribution":0,"priority":"5","appToPromote":{"appToPromoteID":"17609","usesDefaultFrameImage":"0","usesDefaultCloseImage":"0","marketURL":"https:\/\/smartbear.com\/learn\/automated-testing\/test-automation-frameworks\/","packageID":"com.buntoo.buntooAd"},"showTemplate":1,"s2s_tracking_url":"https:\/\/smartbear.com\/learn\/automated-testing\/test-automation-frameworks\/","activeCreativeID":"4701","scenes":["1","2","6","4","5"],"campaignAdType":"Interstitial"},{"campaignID":"9279","attribution":0,"priority":"5","appToPromote":{"appToPromoteID":"17609","usesDefaultFrameImage":"0","usesDefaultCloseImage":"0","marketURL":"https:\/\/smartbear.com\/learn\/automated-testing\/test-automation-frameworks\/","packageID":"com.buntoo.buntooAd"},"showTemplate":1,"s2s_tracking_url":"https:\/\/smartbear.com\/learn\/automated-testing\/test-automation-frameworks\/","activeCreativeID":"4701","scenes":["1","2","6","4","5"],"campaignAdType":"Interstitial"},{"campaignID":"9280","attribution":0,"priority":"5","appToPromote":{"appToPromoteID":"17609","usesDefaultFrameImage":"0","usesDefaultCloseImage":"0","marketURL":"https:\/\/smartbear.com\/learn\/automated-testing\/test-automation-frameworks\/","packageID":"com.buntoo.buntooAd"},"showTemplate":1,"s2s_tracking_url":"https:\/\/smartbear.com\/learn\/automated-testing\/test-automation-frameworks\/","activeCreativeID":"4701","scenes":["1","2","6","4","5"],"campaignAdType":"Interstitial"},{"campaignID":"7359","attribution":0,"priority":"5","appToPromote":{"appToPromoteID":"14746","usesDefaultFrameImage":"0","usesDefaultCloseImage":"0","marketURL":"https:\/\/play.google.com\/store\/apps\/details?id=com.buntoo.army.bus.parking","packageID":"com.buntoo.army.bus.parking"},"showTemplate":1,"s2s_tracking_url":"https:\/\/play.google.com\/store\/apps\/details?id=com.buntoo.army.bus.parking","activeCreativeID":"2497","scenes":["1","2","6","4","5"],"campaignAdType":"Video"},{"campaignID":"7519","attribution":0,"priority":"5","appToPromote":{"appToPromoteID":"15052","usesDefaultFrameImage":"0","usesDefaultCloseImage":"0","marketURL":"https:\/\/play.google.com\/store\/apps\/details?id=com.mizo.robot.fps.shooting.game","packageID":"com.mizo.robot.fps.shooting.game"},"showTemplate":1,"s2s_tracking_url":"https:\/\/play.google.com\/store\/apps\/details?id=com.mizo.robot.fps.shooting.game","activeCreativeID":"2707","scenes":["1","2","6","4","5"],"campaignAdType":"Video"},{"campaignID":"7579","attribution":0,"priority":"5","appToPromote":{"appToPromoteID":"15098","usesDefaultFrameImage":"0","usesDefaultCloseImage":"0","marketURL":"https:\/\/play.google.com\/store\/apps\/details?id=com.gg.tps.shooting.games","packageID":"com.gg.tps.shooting.games"},"showTemplate":1,"s2s_tracking_url":"https:\/\/play.google.com\/store\/apps\/details?id=com.gg.tps.shooting.games","activeCreativeID":"2767","scenes":["1","2","6","4","5"],"campaignAdType":"Video"},{"campaignID":"7838","attribution":0,"priority":"5","appToPromote":{"appToPromoteID":"15339","usesDefaultFrameImage":"0","usesDefaultCloseImage":"0","marketURL":"https:\/\/play.google.com\/store\/apps\/details?id=com.buntoo.pilot.robot.games","packageID":"com.buntoo.pilot.robot.games"},"showTemplate":1,"s2s_tracking_url":"https:\/\/play.google.com\/store\/apps\/details?id=com.buntoo.pilot.robot.games","activeCreativeID":"3118","scenes":["1","2","6","4","5"],"campaignAdType":"Video"},{"campaignID":"7839","attribution":0,"priority":"5","appToPromote":{"appToPromoteID":"15287","usesDefaultFrameImage":"0","usesDefaultCloseImage":"0","marketURL":"https:\/\/play.google.com\/store\/apps\/details?id=com.happy.family.traffic.shooter.games","packageID":"com.happy.family.traffic.shooter.games"},"showTemplate":1,"s2s_tracking_url":"https:\/\/play.google.com\/store\/apps\/details?id=com.happy.family.traffic.shooter.games","activeCreativeID":"3119","scenes":["1","2","6","4","5"],"campaignAdType":"Video"},{"campaignID":"7921","attribution":0,"priority":"5","appToPromote":{"appToPromoteID":"15297","usesDefaultFrameImage":"0","usesDefaultCloseImage":"0","marketURL":"https:\/\/play.google.com\/store\/apps\/details?id=com.gg.castle.fps.shooting.game","packageID":"com.gg.castle.fps.shooting.game"},"showTemplate":1,"s2s_tracking_url":"https:\/\/play.google.com\/store\/apps\/details?id=com.gg.castle.fps.shooting.game","activeCreativeID":"3218","scenes":["1","2","6","4","5"],"campaignAdType":"Video"},{"campaignID":"8047","attribution":0,"priority":"5","appToPromote":{"appToPromoteID":"15907","usesDefaultFrameImage":"0","usesDefaultCloseImage":"0","marketURL":"https:\/\/play.google.com\/store\/apps\/details?id=com.mizo.teddy.bear.gun.strike.game","packageID":"com.mizo.teddy.bear.gun.strike.game"},"showTemplate":1,"s2s_tracking_url":"https:\/\/play.google.com\/store\/apps\/details?id=com.mizo.teddy.bear.gun.strike.game","activeCreativeID":"3356","scenes":["1","2","6","4","5"],"campaignAdType":"Video"},{"campaignID":"8172","attribution":0,"priority":"5","appToPromote":{"appToPromoteID":"15929","usesDefaultFrameImage":"0","usesDefaultCloseImage":"0","marketURL":"https:\/\/play.google.com\/store\/apps\/details?id=com.buntoo.mosquito.robot.transform.game","packageID":"com.buntoo.mosquito.robot.transform.game"},"showTemplate":1,"s2s_tracking_url":"https:\/\/play.google.com\/store\/apps\/details?id=com.buntoo.mosquito.robot.transform.game","activeCreativeID":"3498","scenes":["1","2","6","4","5"],"campaignAdType":"Video"},{"campaignID":"8289","attribution":0,"priority":"5","appToPromote":{"appToPromoteID":"16314","usesDefaultFrameImage":"0","usesDefaultCloseImage":"0","marketURL":"https:\/\/play.google.com\/store\/apps\/details?id=com.mizo.modern.fps.shooting.game","packageID":"com.mizo.modern.fps.shooting.game"},"showTemplate":1,"s2s_tracking_url":"https:\/\/play.google.com\/store\/apps\/details?id=com.mizo.modern.fps.shooting.game","activeCreativeID":"3623","scenes":["1","2","6","4","5"],"campaignAdType":"Video"},{"campaignID":"8644","attribution":0,"priority":"5","appToPromote":{"appToPromoteID":"16736","usesDefaultFrameImage":"0","usesDefaultCloseImage":"0","marketURL":"https:\/\/play.google.com\/store\/apps\/details?id=com.branches.formula.car.game","packageID":"com.tdg.F1FlyingDroneCar"},"showTemplate":1,"s2s_tracking_url":"https:\/\/play.google.com\/store\/apps\/details?id=com.branches.formula.car.game","activeCreativeID":"3999","scenes":["1","2","6","4","5"],"campaignAdType":"Interstitial"},{"campaignID":"8726","attribution":0,"priority":"5","appToPromote":{"appToPromoteID":"16019","usesDefaultFrameImage":"0","usesDefaultCloseImage":"0","marketURL":"https:\/\/play.google.com\/store\/apps\/details?id=com.happy.family.quad.bike.mountain.stunts","packageID":"com.happy.family.quad.bike.mountain.stunts"},"showTemplate":1,"s2s_tracking_url":"https:\/\/play.google.com\/store\/apps\/details?id=com.happy.family.quad.bike.mountain.stunts","activeCreativeID":"4084","scenes":["1","2","6","4","5"],"campaignAdType":"Interstitial"},{"campaignID":"8727","attribution":0,"priority":"5","appToPromote":{"appToPromoteID":"12670","usesDefaultFrameImage":"0","usesDefaultCloseImage":"0","marketURL":"https:\/\/play.google.com\/store\/apps\/details?id=com.cradley.shopping.mall.taxi.games","packageID":"com.cradley.shopping.mall.taxi.games"},"showTemplate":1,"s2s_tracking_url":"https:\/\/play.google.com\/store\/apps\/details?id=com.cradley.shopping.mall.taxi.games","activeCreativeID":"4085","scenes":["1","2","6","4","5"],"campaignAdType":"Interstitial"},{"campaignID":"8792","attribution":0,"priority":"5","appToPromote":{"appToPromoteID":"12670","usesDefaultFrameImage":"0","usesDefaultCloseImage":"0","marketURL":"https:\/\/play.google.com\/store\/apps\/details?id=com.cradley.shopping.mall.taxi.games","packageID":"com.cradley.shopping.mall.taxi.games"},"showTemplate":1,"s2s_tracking_url":"https:\/\/play.google.com\/store\/apps\/details?id=com.cradley.shopping.mall.taxi.games","activeCreativeID":"4154","scenes":["1","2","6","4","5"],"campaignAdType":"Video"}],"refreshAdRate":30,"mode":"Production","aspectRatio":"4_3","cdnPath":"https:\/\/df8ymybeo92md.cloudfront.net\/images\/","sentry_log":0,"local_logging":0,"sentry_dsn":"https:\/\/93ffa1c9a4124f67b8888a53265f751a:bbf998e04584477fa9a145838e9d3b26@sentry.io\/168994","sentry_initialization":1,"sentry_debugging":0,"bannerSizes":[],"aspectRatioVideo":"16_9","app_id":"1074","showPreRewardedDialogue":0,"showPostRewardedDialogue":0,"rewardCurrency":"coins","rewardValue":0,"isSkipable":0,"privacyPolicyURL":"https:\/\/www.consoliads.com\/privacy-policy\/","sessionToken":"ryMwh218v4YyY9nNrvauBVdmfU0ZLBMfE6wGEYOg8MnlrtLcuVtx1tgzAGhsqzXwHJNto4mxdha7XNfkkam3m67mb2KtdHvmTMR1u7TqGsVMrHmQiQ7chtci06AlRnDyzdoaYi\/kolmspaQRDjEuyqYB0GBvATMvQsMUEKXXX+8="}
Session token value is set


{"appKey":"b4729925db57c2b0093f9ef0986b65ad","deviceID":"8675","stats":[{"campaignID":53,"packageID":"com.fazbro.heavy.excavator","sceneStats":[{"sceneID":"22","eventStats":"386,286,186,86,86,0,0"}]}],"sdkVersion":"2056","sessionToken":"ryMwh218v4YyY9nNrvauBVdmfU0ZLBMfE6wGEYOg8MnlrtLcuVtx1tgzAGhsqzXwHJNto4mxdha7XNfkkam3m67mb2KtdHvmTMR1u7TqGsVMrHmQiQ7chtci06AlRnDyzdoaYi\/kolmspaQRDjEuyqYB0GBvATMvQsMUEKXXX+8="}
cache_ttl value is correct

Title value is correct

Title value is correct

Title value is correct

Title value is correct

Title value is correct

Title value is correct

Refresh Ad Rate value is correct
mode value is set

 Aspect ratio value is correct
sentry_log value is set
local_logging value is set
sentry_initialization value is set
sentry_debugging value is set
showPreRewardedDialogue value is set
showPostRewardedDialogue value is set
isSkipable value is set
{"cache_ttl":10080,"cache_ttl_rewarded":10080,"cache_ttl_banner":10080,"cache_ttl_native":10080,"cache_ttl_icon":10080,"campaigns":[{"campaignID":"8226","attribution":0,"priority":"8","appToPromote":{"appToPromoteID":"12623","usesDefaultFrameImage":"0","usesDefaultCloseImage":"0","marketURL":"https:\/\/play.google.com\/store\/apps\/details?id=com.igg.android.lordsmobile&amp;referrer=utm_source=42matters.com&amp;utm_medium=api","packageID":"com.nooribrand.android.lordsmobile"},"showTemplate":1,"s2s_tracking_url":"https:\/\/play.google.com\/store\/apps\/details?id=com.igg.android.lordsmobile&amp;referrer=utm_source=42matters.com&amp;utm_medium=api","activeCreativeID":"3557","scenes":["1","2","8","13"],"campaignAdType":"Icon"},{"campaignID":"8613","attribution":0,"priority":"8","appToPromote":{"appToPromoteID":"12623","usesDefaultFrameImage":"0","usesDefaultCloseImage":"0","marketURL":"https:\/\/play.google.com\/store\/apps\/details?id=com.igg.android.lordsmobile&amp;referrer=utm_source=42matters.com&amp;utm_medium=api","packageID":"com.nooribrand.android.lordsmobile"},"showTemplate":1,"s2s_tracking_url":"https:\/\/play.google.com\/store\/apps\/details?id=com.igg.android.lordsmobile&amp;referrer=utm_source=42matters.com&amp;utm_medium=api","activeCreativeID":"3557","scenes":["1","2","8","13"],"campaignAdType":"Icon"},{"campaignID":"9249","attribution_link":"https:\/\/app.appsflyer.com\/com.lgn.gun.strike.war.train.shooting.games?pid=consoliads_int&amp;af_click_lookback=7d&amp;clickid=1217_9249_8675&amp;android_id={android_id}&amp;sha1_android_id={sha1_android_id}&amp;advertising_id=8675&amp;sha1_advertising_id=32ec76b70cc58bc6aada444529c4b71e1d890c9b&amp;af_keywords=2","attribution":1,"priority":"8","appToPromote":{"appToPromoteID":"13421","usesDefaultFrameImage":"0","usesDefaultCloseImage":"0","marketURL":"http:\/\/www.google.com","packageID":"com.appricot2d.testt"},"showTemplate":1,"s2s_tracking_url":"https:\/\/app.appsflyer.com\/com.lgn.gun.strike.war.train.shooting.games?pid=consoliads_int&amp;af_click_lookback=7d&amp;clickid=1217_9249_8675&amp;android_id={android_id}&amp;sha1_android_id={sha1_android_id}&amp;advertising_id=8675&amp;sha1_advertising_id=32ec76b70cc58bc6aada444529c4b71e1d890c9b&amp;af_keywords=2","activeCreativeID":"4679","scenes":["1","2","8","13"],"campaignAdType":"Interstitial"},{"campaignID":"9252","attribution":0,"priority":"8","appToPromote":{"appToPromoteID":"12315","usesDefaultFrameImage":"0","usesDefaultCloseImage":"0","marketURL":"google.com","packageID":"com.qabrand.plnative"},"showTemplate":1,"s2s_tracking_url":"google.com","activeCreativeID":"4683","scenes":["1","2","8","13"],"campaignAdType":"Native","title":"Native first","subTitle":"First ","description":"New description","adClickThroughText":"FIRST Button"},{"campaignID":"9253","attribution":0,"priority":"8","appToPromote":{"appToPromoteID":"12315","usesDefaultFrameImage":"0","usesDefaultCloseImage":"0","marketURL":"google.com","packageID":"com.qabrand.plnative"},"showTemplate":1,"s2s_tracking_url":"google.com","activeCreativeID":"4683","scenes":["1","2","8","13"],"campaignAdType":"Native","title":"Native first","subTitle":"First ","description":"New description","adClickThroughText":"FIRST Button"},{"campaignID":"9255","attribution":0,"priority":"8","appToPromote":{"appToPromoteID":"13274","usesDefaultFrameImage":"0","usesDefaultCloseImage":"0","marketURL":"https:\/\/play.google.com\/store\/apps\/details?id=com.facebook.katana","packageID":"com.salon.adsalon"},"showTemplate":1,"s2s_tracking_url":"https:\/\/play.google.com\/store\/apps\/details?id=com.facebook.katana","activeCreativeID":"4685","scenes":["1","2","8","13"],"campaignAdType":"Native","title":"native NA ","subTitle":"native NA ","description":"native NA added","adClickThroughText":"native NA "},{"campaignID":"9257","attribution":0,"priority":"8","appToPromote":{"appToPromoteID":"12286","usesDefaultFrameImage":"0","usesDefaultCloseImage":"0","marketURL":"google.com","packageID":"com.qabrand.Chartboost_Native"},"showTemplate":1,"s2s_tracking_url":"google.com","activeCreativeID":"4688","scenes":["1","2","8","13"],"campaignAdType":"Native","title":"Native second updated","subTitle":"Native second ","description":"Native second details","adClickThroughText":"Native second "},{"campaignID":"9261","attribution_link":"https:\/\/app.appsflyer.com\/com.lgn.gun.strike.war.train.shooting.games?pid=consoliads_int&amp;af_click_lookback=7d&amp;clickid=1217_9261_8675&amp;android_id={android_id}&amp;sha1_android_id={sha1_android_id}&amp;advertising_id=8675&amp;sha1_advertising_id=32ec76b70cc58bc6aada444529c4b71e1d890c9b&amp;af_keywords=2","attribution":1,"priority":"8","appToPromote":{"appToPromoteID":"13421","usesDefaultFrameImage":"0","usesDefaultCloseImage":"0","marketURL":"http:\/\/www.google.com","packageID":"com.appricot2d.testt"},"showTemplate":1,"s2s_tracking_url":"https:\/\/app.appsflyer.com\/com.lgn.gun.strike.war.train.shooting.games?pid=consoliads_int&amp;af_click_lookback=7d&amp;clickid=1217_9261_8675&amp;android_id={android_id}&amp;sha1_android_id={sha1_android_id}&amp;advertising_id=8675&amp;sha1_advertising_id=32ec76b70cc58bc6aada444529c4b71e1d890c9b&amp;af_keywords=2","activeCreativeID":"4692","scenes":["1","2","8","13"],"campaignAdType":"Interstitial"},{"campaignID":"9263","attribution":0,"priority":"8","appToPromote":{"appToPromoteID":"12315","usesDefaultFrameImage":"0","usesDefaultCloseImage":"0","marketURL":"google.com","packageID":"com.qabrand.plnative"},"showTemplate":1,"s2s_tracking_url":"google.com","activeCreativeID":"4694","scenes":["1","2","8","13"],"campaignAdType":"Native","title":"test","subTitle":"test","description":" test details update","adClickThroughText":"test"},{"campaignID":"9125","attribution":0,"priority":"8","appToPromote":{"appToPromoteID":"17526","usesDefaultFrameImage":"0","usesDefaultCloseImage":"0","marketURL":"https:\/\/play.google.com\/store\/apps\/details?id=kr.co.richnco.goodrich","packageID":"kr.co.richnco.goodrich"},"showTemplate":1,"s2s_tracking_url":"https:\/\/tha.gotrackier.com\/click?campaign_id=68347\\u0026pub_id=75?p1=1217_9125_8675&amp;source=6841&amp;app_name=HeavyExcavator&amp;gaid=8675","activeCreativeID":"4477","scenes":["1","2","8","13"],"campaignAdType":"Icon"},{"campaignID":"9127","attribution":0,"priority":"8","appToPromote":{"appToPromoteID":"17528","usesDefaultFrameImage":"0","usesDefaultCloseImage":"0","marketURL":"https:\/\/play.google.com\/store\/apps\/details?id=net.one97.paytm","packageID":"net.one97.paytm"},"showTemplate":1,"s2s_tracking_url":"https:\/\/tha.gotrackier.com\/click?campaign_id=63249\\u0026pub_id=75?p1=1217_9127_8675&amp;source=6841&amp;app_name=HeavyExcavator&amp;gaid=8675","activeCreativeID":"4788","scenes":["1","2","8","13"],"campaignAdType":"Native","title":"BCA","subTitle":"FW","description":"nope","adClickThroughText":"Link"},{"campaignID":"9131","attribution":0,"priority":"8","appToPromote":{"appToPromoteID":"17532","usesDefaultFrameImage":"0","usesDefaultCloseImage":"0","marketURL":"https:\/\/play.google.com\/store\/apps\/details?id=com.dhgate.buyermob","packageID":"com.dhgate.buyermob"},"showTemplate":1,"s2s_tracking_url":"https:\/\/tha.gotrackier.com\/click?campaign_id=63254\\u0026pub_id=75?p1=1217_9131_8675&amp;source=6841&amp;app_name=HeavyExcavator&amp;gaid=8675","activeCreativeID":"4483","scenes":["1","2","8","13"],"campaignAdType":"Interstitial"},{"campaignID":"561","attribution":0,"priority":"6","appToPromote":{"appToPromoteID":"5026","usesDefaultFrameImage":"0","usesDefaultCloseImage":"0","marketURL":"https:\/\/play.google.com\/store\/apps\/details?id=com.as.cashupapp","packageID":"com.as.cashupapp"},"showTemplate":1,"s2s_tracking_url":"https:\/\/play.google.com\/store\/apps\/details?id=com.as.cashupapp","activeCreativeID":"652","scenes":["1","2","8","13"],"campaignAdType":"Interstitial"},{"campaignID":"570","attribution":0,"priority":"6","appToPromote":{"appToPromoteID":"3802","usesDefaultFrameImage":"0","usesDefaultCloseImage":"0","marketURL":"https:\/\/play.google.com\/store\/apps\/details?id=com.Madxstudios.Flickshootsoccer","packageID":"com.Madxstudios.Flickshootsoccer"},"showTemplate":1,"s2s_tracking_url":"https:\/\/play.google.com\/store\/apps\/details?id=com.Madxstudios.Flickshootsoccer","activeCreativeID":"661","scenes":["1","2","8","13"],"campaignAdType":"Interstitial"},{"campaignID":"588","attribution":0,"priority":"6","appToPromote":{"appToPromoteID":"5026","usesDefaultFrameImage":"0","usesDefaultCloseImage":"0","marketURL":"https:\/\/play.google.com\/store\/apps\/details?id=com.as.cashupapp","packageID":"com.as.cashupapp"},"showTemplate":1,"s2s_tracking_url":"https:\/\/play.google.com\/store\/apps\/details?id=com.as.cashupapp","activeCreativeID":"652","scenes":["1","2","8","13"],"campaignAdType":"Interstitial"},{"campaignID":"6620","attribution":0,"priority":"6","appToPromote":{"appToPromoteID":"12980","usesDefaultFrameImage":"0","usesDefaultCloseImage":"0","marketURL":"https:\/\/play.google.com\/store\/apps\/details?id=com.sx.cooking.cafe.restaurant","packageID":"com.sx.cooking.cafe.restaurant"},"showTemplate":1,"s2s_tracking_url":"https:\/\/play.google.com\/store\/apps\/details?id=com.sx.cooking.cafe.restaurant","activeCreativeID":"1702","scenes":["1","2","8","13"],"campaignAdType":"Interstitial"},{"campaignID":"8876","attribution":0,"priority":"5","appToPromote":{"appToPromoteID":"15640","usesDefaultFrameImage":"0","usesDefaultCloseImage":"0","marketURL":"https:\/\/play.google.com\/store\/apps\/details?id=com.pgz.police.bike.stunt.ramp.bike.racing.games","packageID":"com.pgz.police.bike.stunt.ramp.bike.racing.games"},"showTemplate":1,"s2s_tracking_url":"https:\/\/play.google.com\/store\/apps\/details?id=com.pgz.police.bike.stunt.ramp.bike.racing.games","activeCreativeID":"4236","scenes":["1","2","8","13"],"campaignAdType":"Interstitial"},{"campaignID":"6596","attribution":0,"priority":"5","appToPromote":{"appToPromoteID":"12980","usesDefaultFrameImage":"0","usesDefaultCloseImage":"0","marketURL":"https:\/\/play.google.com\/store\/apps\/details?id=com.sx.cooking.cafe.restaurant","packageID":"com.sx.cooking.cafe.restaurant"},"showTemplate":1,"s2s_tracking_url":"https:\/\/play.google.com\/store\/apps\/details?id=com.sx.cooking.cafe.restaurant","activeCreativeID":"1702","scenes":["1","2","8","13"],"campaignAdType":"Interstitial"},{"campaignID":"557","attribution":0,"priority":"4","appToPromote":{"appToPromoteID":"4959","usesDefaultFrameImage":"0","usesDefaultCloseImage":"0","marketURL":"https:\/\/play.google.com\/store\/apps\/details?id=com.jet.plane.surfers.joyride.dash","packageID":"com.jet.plane.surfers.joyride.dash"},"showTemplate":1,"s2s_tracking_url":"https:\/\/play.google.com\/store\/apps\/details?id=com.jet.plane.surfers.joyride.dash","activeCreativeID":"645","scenes":["1","2","8","13"],"campaignAdType":"Interstitial"},{"campaignID":"414","attribution":0,"priority":"3","appToPromote":{"appToPromoteID":"3023","usesDefaultFrameImage":"0","usesDefaultCloseImage":"0","marketURL":"https:\/\/play.google.com\/store\/apps\/details?id=com.appricot2d.rolo.pet.parrot","packageID":"com.appricot2d.rolo.pet.parrot"},"showTemplate":1,"s2s_tracking_url":"https:\/\/play.google.com\/store\/apps\/details?id=com.appricot2d.rolo.pet.parrot","activeCreativeID":"385","scenes":["1","2","8","13"],"campaignAdType":"Interstitial"},{"campaignID":"559","attribution":0,"priority":"3","appToPromote":{"appToPromoteID":"3476","usesDefaultFrameImage":"0","usesDefaultCloseImage":"0","marketURL":"https:\/\/play.google.com\/store\/apps\/details?id=com.perspectivegames.real.impossible.tracks.stunts","packageID":"com.perspectivegames.real.impossible.tracks.stunts"},"showTemplate":1,"s2s_tracking_url":"https:\/\/play.google.com\/store\/apps\/details?id=com.perspectivegames.real.impossible.tracks.stunts","activeCreativeID":"649","scenes":["1","2","8","13"],"campaignAdType":"Interstitial"},{"campaignID":"741","attribution":0,"priority":"3","appToPromote":{"appToPromoteID":"5609","usesDefaultFrameImage":"0","usesDefaultCloseImage":"0","marketURL":"https:\/\/play.google.com\/store\/apps\/details?id=com.kick.gyroscopic.city.train.driver.simulator","packageID":"com.kick.gyroscopic.city.train.driver.simulator"},"showTemplate":1,"s2s_tracking_url":"https:\/\/play.google.com\/store\/apps\/details?id=com.kick.gyroscopic.city.train.driver.simulator","activeCreativeID":"753","scenes":["1","2","8","13"],"campaignAdType":"Interstitial"},{"campaignID":"798","attribution":0,"priority":"3","appToPromote":{"appToPromoteID":"5770","usesDefaultFrameImage":"0","usesDefaultCloseImage":"0","marketURL":"https:\/\/play.google.com\/store\/apps\/details?id=com.simulatorgames3d.alohacelebrations","packageID":"com.simulatorgames3d.alohacelebrations"},"showTemplate":1,"s2s_tracking_url":"https:\/\/play.google.com\/store\/apps\/details?id=com.simulatorgames3d.alohacelebrations","activeCreativeID":"787","scenes":["1","2","8","13"],"campaignAdType":"Interstitial"},{"campaignID":"1483","attribution":0,"priority":"3","appToPromote":{"appToPromoteID":"1714","usesDefaultFrameImage":"1","usesDefaultCloseImage":"1","marketURL":"https:\/\/play.google.com\/store\/apps\/details?id=com.playink.cookie.maker","packageID":"com.playink.cookie.maker"},"showTemplate":1,"s2s_tracking_url":"https:\/\/play.google.com\/store\/apps\/details?id=com.playink.cookie.maker","activeCreativeID":"1020","scenes":["1","2","8","13"],"campaignAdType":"Interstitial"},{"campaignID":"602","attribution":0,"priority":"2","appToPromote":{"appToPromoteID":"5444","usesDefaultFrameImage":"0","usesDefaultCloseImage":"0","marketURL":"https:\/\/play.google.com\/store\/apps\/details?id=com.simulatorgame3d.impossibleairtracks","packageID":"com.simulatorgame3d.impossibleairtracks"},"showTemplate":1,"s2s_tracking_url":"https:\/\/play.google.com\/store\/apps\/details?id=com.simulatorgame3d.impossibleairtracks","activeCreativeID":"700","scenes":["1","2","8","13"],"campaignAdType":"Interstitial"}],"refreshAdRate":30,"mode":"Production","aspectRatio":"4_3","cdnPath":"https:\/\/df8ymybeo92md.cloudfront.net\/images\/","sentry_log":0,"local_logging":0,"sentry_dsn":"https:\/\/93ffa1c9a4124f67b8888a53265f751a:bbf998e04584477fa9a145838e9d3b26@sentry.io\/168994","sentry_initialization":1,"sentry_debugging":0,"bannerSizes":["1"],"aspectRatioVideo":"16_9","app_id":"1217","showPreRewardedDialogue":0,"showPostRewardedDialogue":0,"rewardCurrency":"coins","rewardValue":0,"isSkipable":1,"privacyPolicyURL":"https:\/\/www.consoliads.com\/privacy-policy\/","sessionToken":"ScikEat5oDBNM+5lx\/PIO6pLGyhLoB+o7ZyQOqUIMFYADNLrWBQ2sYc\/iTYlCTZ7ubxKEAoY8usVC94jo223\/y0ZnrKYBzJIsG+b+b1HxFr9Qnqwa7BcixZ8ZXfl1s1To+hlnQO6Wa5+LQCvw10OTV7DQ4+30oUyt4qbjOul0C0="}
Session token value is set


{"appKey":"a6c37abf407b4606382faab36e69377f","deviceID":"7323","stats":[{"campaignID":73,"packageID":"com.mizo.army.prisoner.transport.simulator","sceneStats":[{"sceneID":"19","eventStats":"373,273,173,73,73,0,0"}]}],"sdkVersion":"39","sessionToken":"ScikEat5oDBNM+5lx\/PIO6pLGyhLoB+o7ZyQOqUIMFYADNLrWBQ2sYc\/iTYlCTZ7ubxKEAoY8usVC94jo223\/y0ZnrKYBzJIsG+b+b1HxFr9Qnqwa7BcixZ8ZXfl1s1To+hlnQO6Wa5+LQCvw10OTV7DQ4+30oUyt4qbjOul0C0="}
cache_ttl value is correct

Refresh Ad Rate value is correct
mode value is set

 Aspect ratio value is correct
sentry_log value is set
local_logging value is set
sentry_initialization value is set
sentry_debugging value is set
showPreRewardedDialogue value is set
showPostRewardedDialogue value is set
isSkipable value is set
{"cache_ttl":10080,"cache_ttl_rewarded":10080,"cache_ttl_banner":10080,"cache_ttl_native":10080,"cache_ttl_icon":10080,"refreshAdRate":30,"mode":"Production","aspectRatio":"4_3","cdnPath":"https:\/\/df8ymybeo92md.cloudfront.net\/images\/","sentry_log":0,"local_logging":0,"sentry_dsn":"https:\/\/93ffa1c9a4124f67b8888a53265f751a:bbf998e04584477fa9a145838e9d3b26@sentry.io\/168994","sentry_initialization":1,"sentry_debugging":0,"bannerSizes":[],"aspectRatioVideo":"16_9","app_id":"1458","showPreRewardedDialogue":0,"showPostRewardedDialogue":0,"rewardCurrency":"coins","rewardValue":0,"isSkipable":0,"privacyPolicyURL":"https:\/\/www.consoliads.com\/privacy-policy\/","sessionToken":"YqlTEIkPQ1o\/obh3DaUg53YCH75+zcpBlPgRlNN07SyvuB0gE8sujWf05uaY+BxXL0wqGPOD4gPjGRRUHnyZR9FRrSX0RG+uN7eI5Op3qent\/zYoKzMgMDe569LaCSWpdxFvxXQ+OOy09IkvEkKZJF3gn+aWMri+JV4uNTHWsnE="}
Session token value is set


{"appKey":"f1b23f0067eb003f37357ca24defd9a4","deviceID":"498","stats":[{"campaignID":78,"packageID":"com.mizo.road.builder.city.construction","sceneStats":[{"sceneID":"2","eventStats":"305,205,105,5,5,0,0"}]}],"sdkVersion":"2151","sessionToken":"YqlTEIkPQ1o\/obh3DaUg53YCH75+zcpBlPgRlNN07SyvuB0gE8sujWf05uaY+BxXL0wqGPOD4gPjGRRUHnyZR9FRrSX0RG+uN7eI5Op3qent\/zYoKzMgMDe569LaCSWpdxFvxXQ+OOy09IkvEkKZJF3gn+aWMri+JV4uNTHWsnE="}
cache_ttl value is correct

Refresh Ad Rate value is correct
mode value is set

 Aspect ratio value is correct
sentry_log value is set
local_logging value is set
sentry_initialization value is set
sentry_debugging value is set
showPreRewardedDialogue value is set
showPostRewardedDialogue value is set
isSkipable value is set
{"cache_ttl":10080,"cache_ttl_rewarded":10080,"cache_ttl_banner":10080,"cache_ttl_native":10080,"cache_ttl_icon":10080,"campaigns":[{"campaignID":"9277","attribution_link":"","attribution":1,"priority":"5","appToPromote":{"appToPromoteID":"17609","usesDefaultFrameImage":"0","usesDefaultCloseImage":"0","marketURL":"https:\/\/smartbear.com\/learn\/automated-testing\/test-automation-frameworks\/","packageID":"com.buntoo.buntooAd"},"showTemplate":1,"s2s_tracking_url":"","activeCreativeID":"4702","scenes":["1","2","6","4","5"],"campaignAdType":"Interstitial"},{"campaignID":"9278","attribution":0,"priority":"5","appToPromote":{"appToPromoteID":"17609","usesDefaultFrameImage":"0","usesDefaultCloseImage":"0","marketURL":"https:\/\/smartbear.com\/learn\/automated-testing\/test-automation-frameworks\/","packageID":"com.buntoo.buntooAd"},"showTemplate":1,"s2s_tracking_url":"https:\/\/smartbear.com\/learn\/automated-testing\/test-automation-frameworks\/","activeCreativeID":"4701","scenes":["1","2","6","4","5"],"campaignAdType":"Interstitial"},{"campaignID":"9279","attribution":0,"priority":"5","appToPromote":{"appToPromoteID":"17609","usesDefaultFrameImage":"0","usesDefaultCloseImage":"0","marketURL":"https:\/\/smartbear.com\/learn\/automated-testing\/test-automation-frameworks\/","packageID":"com.buntoo.buntooAd"},"showTemplate":1,"s2s_tracking_url":"https:\/\/smartbear.com\/learn\/automated-testing\/test-automation-frameworks\/","activeCreativeID":"4701","scenes":["1","2","6","4","5"],"campaignAdType":"Interstitial"},{"campaignID":"9280","attribution":0,"priority":"5","appToPromote":{"appToPromoteID":"17609","usesDefaultFrameImage":"0","usesDefaultCloseImage":"0","marketURL":"https:\/\/smartbear.com\/learn\/automated-testing\/test-automation-frameworks\/","packageID":"com.buntoo.buntooAd"},"showTemplate":1,"s2s_tracking_url":"https:\/\/smartbear.com\/learn\/automated-testing\/test-automation-frameworks\/","activeCreativeID":"4701","scenes":["1","2","6","4","5"],"campaignAdType":"Interstitial"},{"campaignID":"6766","attribution":0,"priority":"5","appToPromote":{"appToPromoteID":"13422","usesDefaultFrameImage":"0","usesDefaultCloseImage":"0","marketURL":"https:\/\/play.google.com\/store\/apps\/details?id=com.mizo.monster.truck.games","packageID":"com.mizo.monster.truck.games"},"showTemplate":1,"s2s_tracking_url":"https:\/\/play.google.com\/store\/apps\/details?id=com.mizo.monster.truck.games","activeCreativeID":"1880","scenes":["1","2","6","4","5"],"campaignAdType":"Icon"},{"campaignID":"7359","attribution":0,"priority":"5","appToPromote":{"appToPromoteID":"14746","usesDefaultFrameImage":"0","usesDefaultCloseImage":"0","marketURL":"https:\/\/play.google.com\/store\/apps\/details?id=com.buntoo.army.bus.parking","packageID":"com.buntoo.army.bus.parking"},"showTemplate":1,"s2s_tracking_url":"https:\/\/play.google.com\/store\/apps\/details?id=com.buntoo.army.bus.parking","activeCreativeID":"2497","scenes":["1","2","6","4","5"],"campaignAdType":"Video"},{"campaignID":"7370","attribution":0,"priority":"5","appToPromote":{"appToPromoteID":"14808","usesDefaultFrameImage":"0","usesDefaultCloseImage":"0","marketURL":"https:\/\/play.google.com\/store\/apps\/details?id=com.mizo.turtle.robot.transform.game","packageID":"com.mizo.turtle.robot.transform.game"},"showTemplate":1,"s2s_tracking_url":"https:\/\/play.google.com\/store\/apps\/details?id=com.mizo.turtle.robot.transform.game","activeCreativeID":"2509","scenes":["1","2","6","4","5"],"campaignAdType":"Icon"},{"campaignID":"7518","attribution":0,"priority":"5","appToPromote":{"appToPromoteID":"15052","usesDefaultFrameImage":"0","usesDefaultCloseImage":"0","marketURL":"https:\/\/play.google.com\/store\/apps\/details?id=com.mizo.robot.fps.shooting.game","packageID":"com.mizo.robot.fps.shooting.game"},"showTemplate":1,"s2s_tracking_url":"https:\/\/play.google.com\/store\/apps\/details?id=com.mizo.robot.fps.shooting.game","activeCreativeID":"2705","scenes":["1","2","4","5","6"],"campaignAdType":"Icon"},{"campaignID":"7519","attribution":0,"priority":"5","appToPromote":{"appToPromoteID":"15052","usesDefaultFrameImage":"0","usesDefaultCloseImage":"0","marketURL":"https:\/\/play.google.com\/store\/apps\/details?id=com.mizo.robot.fps.shooting.game","packageID":"com.mizo.robot.fps.shooting.game"},"showTemplate":1,"s2s_tracking_url":"https:\/\/play.google.com\/store\/apps\/details?id=com.mizo.robot.fps.shooting.game","activeCreativeID":"2707","scenes":["1","2","6","4","5"],"campaignAdType":"Video"},{"campaignID":"7554","attribution":0,"priority":"5","appToPromote":{"appToPromoteID":"15122","usesDefaultFrameImage":"0","usesDefaultCloseImage":"0","marketURL":"https:\/\/play.google.com\/store\/apps\/details?id=com.mizo.rooftop.fps.shooting","packageID":"com.mizo.rooftop.fps.shooting"},"showTemplate":1,"s2s_tracking_url":"https:\/\/play.google.com\/store\/apps\/details?id=com.mizo.rooftop.fps.shooting","activeCreativeID":"2735","scenes":["1","2","4","5","6"],"campaignAdType":"Icon"},{"campaignID":"7579","attribution":0,"priority":"5","appToPromote":{"appToPromoteID":"15098","usesDefaultFrameImage":"0","usesDefaultCloseImage":"0","marketURL":"https:\/\/play.google.com\/store\/apps\/details?id=com.gg.tps.shooting.games","packageID":"com.gg.tps.shooting.games"},"showTemplate":1,"s2s_tracking_url":"https:\/\/play.google.com\/store\/apps\/details?id=com.gg.tps.shooting.games","activeCreativeID":"2767","scenes":["1","2","6","4","5"],"campaignAdType":"Video"},{"campaignID":"7772","attribution":0,"priority":"5","appToPromote":{"appToPromoteID":"13049","usesDefaultFrameImage":"0","usesDefaultCloseImage":"0","marketURL":"https:\/\/play.google.com\/store\/apps\/details?id=com.mizo.quad.bike.shooting.games","packageID":"com.mizo.quad.bike.shooting.games"},"showTemplate":1,"s2s_tracking_url":"https:\/\/play.google.com\/store\/apps\/details?id=com.mizo.quad.bike.shooting.games","activeCreativeID":"3038","scenes":["1","2","6","4","5"],"campaignAdType":"Icon"},{"campaignID":"7838","attribution":0,"priority":"5","appToPromote":{"appToPromoteID":"15339","usesDefaultFrameImage":"0","usesDefaultCloseImage":"0","marketURL":"https:\/\/play.google.com\/store\/apps\/details?id=com.buntoo.pilot.robot.games","packageID":"com.buntoo.pilot.robot.games"},"showTemplate":1,"s2s_tracking_url":"https:\/\/play.google.com\/store\/apps\/details?id=com.buntoo.pilot.robot.games","activeCreativeID":"3118","scenes":["1","2","6","4","5"],"campaignAdType":"Video"},{"campaignID":"7839","attribution":0,"priority":"5","appToPromote":{"appToPromoteID":"15287","usesDefaultFrameImage":"0","usesDefaultCloseImage":"0","marketURL":"https:\/\/play.google.com\/store\/apps\/details?id=com.happy.family.traffic.shooter.games","packageID":"com.happy.family.traffic.shooter.games"},"showTemplate":1,"s2s_tracking_url":"https:\/\/play.google.com\/store\/apps\/details?id=com.happy.family.traffic.shooter.games","activeCreativeID":"3119","scenes":["1","2","6","4","5"],"campaignAdType":"Video"},{"campaignID":"7921","attribution":0,"priority":"5","appToPromote":{"appToPromoteID":"15297","usesDefaultFrameImage":"0","usesDefaultCloseImage":"0","marketURL":"https:\/\/play.google.com\/store\/apps\/details?id=com.gg.castle.fps.shooting.game","packageID":"com.gg.castle.fps.shooting.game"},"showTemplate":1,"s2s_tracking_url":"https:\/\/play.google.com\/store\/apps\/details?id=com.gg.castle.fps.shooting.game","activeCreativeID":"3218","scenes":["1","2","6","4","5"],"campaignAdType":"Video"},{"campaignID":"7976","attribution":0,"priority":"5","appToPromote":{"appToPromoteID":"15693","usesDefaultFrameImage":"0","usesDefaultCloseImage":"0","marketURL":"https:\/\/play.google.com\/store\/apps\/details?id=com.mizo.elephant.robot.transport.games","packageID":"com.mizo.elephant.robot.transport.games"},"showTemplate":1,"s2s_tracking_url":"https:\/\/play.google.com\/store\/apps\/details?id=com.mizo.elephant.robot.transport.games","activeCreativeID":"3281","scenes":["1","2","6","4","5"],"campaignAdType":"Icon"},{"campaignID":"8047","attribution":0,"priority":"5","appToPromote":{"appToPromoteID":"15907","usesDefaultFrameImage":"0","usesDefaultCloseImage":"0","marketURL":"https:\/\/play.google.com\/store\/apps\/details?id=com.mizo.teddy.bear.gun.strike.game","packageID":"com.mizo.teddy.bear.gun.strike.game"},"showTemplate":1,"s2s_tracking_url":"https:\/\/play.google.com\/store\/apps\/details?id=com.mizo.teddy.bear.gun.strike.game","activeCreativeID":"3356","scenes":["1","2","6","4","5"],"campaignAdType":"Video"},{"campaignID":"8056","attribution":0,"priority":"5","appToPromote":{"appToPromoteID":"15907","usesDefaultFrameImage":"0","usesDefaultCloseImage":"0","marketURL":"https:\/\/play.google.com\/store\/apps\/details?id=com.mizo.teddy.bear.gun.strike.game","packageID":"com.mizo.teddy.bear.gun.strike.game"},"showTemplate":1,"s2s_tracking_url":"https:\/\/play.google.com\/store\/apps\/details?id=com.mizo.teddy.bear.gun.strike.game","activeCreativeID":"3361","scenes":["1","2","6","4","5"],"campaignAdType":"Icon"},{"campaignID":"8172","attribution":0,"priority":"5","appToPromote":{"appToPromoteID":"15929","usesDefaultFrameImage":"0","usesDefaultCloseImage":"0","marketURL":"https:\/\/play.google.com\/store\/apps\/details?id=com.buntoo.mosquito.robot.transform.game","packageID":"com.buntoo.mosquito.robot.transform.game"},"showTemplate":1,"s2s_tracking_url":"https:\/\/play.google.com\/store\/apps\/details?id=com.buntoo.mosquito.robot.transform.game","activeCreativeID":"3498","scenes":["1","2","6","4","5"],"campaignAdType":"Video"},{"campaignID":"8288","attribution":0,"priority":"5","appToPromote":{"appToPromoteID":"16314","usesDefaultFrameImage":"0","usesDefaultCloseImage":"0","marketURL":"https:\/\/play.google.com\/store\/apps\/details?id=com.mizo.modern.fps.shooting.game","packageID":"com.mizo.modern.fps.shooting.game"},"showTemplate":1,"s2s_tracking_url":"https:\/\/play.google.com\/store\/apps\/details?id=com.mizo.modern.fps.shooting.game","activeCreativeID":"4124","scenes":["1","2","6","4","5"],"campaignAdType":"Icon"},{"campaignID":"8289","attribution":0,"priority":"5","appToPromote":{"appToPromoteID":"16314","usesDefaultFrameImage":"0","usesDefaultCloseImage":"0","marketURL":"https:\/\/play.google.com\/store\/apps\/details?id=com.mizo.modern.fps.shooting.game","packageID":"com.mizo.modern.fps.shooting.game"},"showTemplate":1,"s2s_tracking_url":"https:\/\/play.google.com\/store\/apps\/details?id=com.mizo.modern.fps.shooting.game","activeCreativeID":"3623","scenes":["1","2","6","4","5"],"campaignAdType":"Video"},{"campaignID":"8644","attribution":0,"priority":"5","appToPromote":{"appToPromoteID":"16736","usesDefaultFrameImage":"0","usesDefaultCloseImage":"0","marketURL":"https:\/\/play.google.com\/store\/apps\/details?id=com.branches.formula.car.game","packageID":"com.tdg.F1FlyingDroneCar"},"showTemplate":1,"s2s_tracking_url":"https:\/\/play.google.com\/store\/apps\/details?id=com.branches.formula.car.game","activeCreativeID":"3999","scenes":["1","2","6","4","5"],"campaignAdType":"Interstitial"},{"campaignID":"8726","attribution":0,"priority":"5","appToPromote":{"appToPromoteID":"16019","usesDefaultFrameImage":"0","usesDefaultCloseImage":"0","marketURL":"https:\/\/play.google.com\/store\/apps\/details?id=com.happy.family.quad.bike.mountain.stunts","packageID":"com.happy.family.quad.bike.mountain.stunts"},"showTemplate":1,"s2s_tracking_url":"https:\/\/play.google.com\/store\/apps\/details?id=com.happy.family.quad.bike.mountain.stunts","activeCreativeID":"4084","scenes":["1","2","6","4","5"],"campaignAdType":"Interstitial"},{"campaignID":"8727","attribution":0,"priority":"5","appToPromote":{"appToPromoteID":"12670","usesDefaultFrameImage":"0","usesDefaultCloseImage":"0","marketURL":"https:\/\/play.google.com\/store\/apps\/details?id=com.cradley.shopping.mall.taxi.games","packageID":"com.cradley.shopping.mall.taxi.games"},"showTemplate":1,"s2s_tracking_url":"https:\/\/play.google.com\/store\/apps\/details?id=com.cradley.shopping.mall.taxi.games","activeCreativeID":"4085","scenes":["1","2","6","4","5"],"campaignAdType":"Interstitial"},{"campaignID":"8792","attribution":0,"priority":"5","appToPromote":{"appToPromoteID":"12670","usesDefaultFrameImage":"0","usesDefaultCloseImage":"0","marketURL":"https:\/\/play.google.com\/store\/apps\/details?id=com.cradley.shopping.mall.taxi.games","packageID":"com.cradley.shopping.mall.taxi.games"},"showTemplate":1,"s2s_tracking_url":"https:\/\/play.google.com\/store\/apps\/details?id=com.cradley.shopping.mall.taxi.games","activeCreativeID":"4154","scenes":["1","2","6","4","5"],"campaignAdType":"Video"}],"refreshAdRate":30,"mode":"Production","aspectRatio":"4_3","cdnPath":"https:\/\/df8ymybeo92md.cloudfront.net\/images\/","sentry_log":0,"local_logging":0,"sentry_dsn":"https:\/\/93ffa1c9a4124f67b8888a53265f751a:bbf998e04584477fa9a145838e9d3b26@sentry.io\/168994","sentry_initialization":1,"sentry_debugging":0,"bannerSizes":["1"],"aspectRatioVideo":"16_9","app_id":"1632","showPreRewardedDialogue":0,"showPostRewardedDialogue":0,"rewardCurrency":"coins","rewardValue":0,"isSkipable":1,"privacyPolicyURL":"https:\/\/www.consoliads.com\/privacy-policy\/","sessionToken":"IrfVQgWus\/Zfyeq1fNe9q+splAeyjv7upI\/YOAMtC633eZ9PW4gNCmXE\/bYGuw1EbznfzoQHlYsnPcH\/nh0hJe4NaoTmNhdqvGmO3hRl8inBbpKbZkNjiGRd5HX3Tax+NDv0Ec\/KO3kBwBQj0tzSBNYgOcQ6A8XKdhOdS\/Tedqo="}
Session token value is set


{"appKey":"a15540f259692e0f609b4cace3e780a9","deviceID":"334","stats":[{"campaignID":80,"packageID":"com.mizo.flip.bottle.shooting.expert","sceneStats":[{"sceneID":"1","eventStats":"304,204,104,4,4,0,0"}]}],"sdkVersion":"39","sessionToken":"IrfVQgWus\/Zfyeq1fNe9q+splAeyjv7upI\/YOAMtC633eZ9PW4gNCmXE\/bYGuw1EbznfzoQHlYsnPcH\/nh0hJe4NaoTmNhdqvGmO3hRl8inBbpKbZkNjiGRd5HX3Tax+NDv0Ec\/KO3kBwBQj0tzSBNYgOcQ6A8XKdhOdS\/Tedqo="}
cache_ttl value is correct

Refresh Ad Rate value is correct
mode value is set

 Aspect ratio value is correct
sentry_log value is set
local_logging value is set
sentry_initialization value is set
sentry_debugging value is set
showPreRewardedDialogue value is set
showPostRewardedDialogue value is set
isSkipable value is set
{"cache_ttl":10080,"cache_ttl_rewarded":10080,"cache_ttl_banner":10080,"cache_ttl_native":10080,"cache_ttl_icon":10080,"refreshAdRate":30,"mode":"Production","aspectRatio":"4_3","cdnPath":"https:\/\/df8ymybeo92md.cloudfront.net\/images\/","sentry_log":0,"local_logging":0,"sentry_dsn":"https:\/\/93ffa1c9a4124f67b8888a53265f751a:bbf998e04584477fa9a145838e9d3b26@sentry.io\/168994","sentry_initialization":1,"sentry_debugging":0,"bannerSizes":[],"aspectRatioVideo":"16_9","app_id":"1675","showPreRewardedDialogue":0,"showPostRewardedDialogue":0,"rewardCurrency":"coins","rewardValue":0,"isSkipable":0,"privacyPolicyURL":"https:\/\/www.consoliads.com\/privacy-policy\/","sessionToken":"KCT6e3yT+16Ryf7yeH8wtMHm01TFafpXiDp5GjHIreyxIaMU2uu2D6F9mEDhc1b8LTEj47hiIdMJPtpwQonYZzLOhppR7Q2sDVpzBZvkFEKWdMyyci57B7Q3HuIzWMIVHGLvIZ8N9jXX8kEKV\/U4b8qlIbPRN97Tctn4rXYRDfI="}
Session token value is set


{"appKey":"b86d913485cddc89a88e3a31f2611244","deviceID":"1556","stats":[{"campaignID":84,"packageID":"com.ids.kids.hospital.cashier.pro","sceneStats":[{"sceneID":"4","eventStats":"316,216,116,16,16,0,0"}]}],"sdkVersion":"39","sessionToken":"KCT6e3yT+16Ryf7yeH8wtMHm01TFafpXiDp5GjHIreyxIaMU2uu2D6F9mEDhc1b8LTEj47hiIdMJPtpwQonYZzLOhppR7Q2sDVpzBZvkFEKWdMyyci57B7Q3HuIzWMIVHGLvIZ8N9jXX8kEKV\/U4b8qlIbPRN97Tctn4rXYRDfI="}
cache_ttl value is correct

Refresh Ad Rate value is correct
mode value is set

 Aspect ratio value is correct
sentry_log value is set
local_logging value is set
sentry_initialization value is set
sentry_debugging value is set
showPreRewardedDialogue value is set
showPostRewardedDialogue value is set
isSkipable value is set
{"cache_ttl":10080,"cache_ttl_rewarded":10080,"cache_ttl_banner":10080,"cache_ttl_native":10080,"cache_ttl_icon":10080,"campaigns":[{"campaignID":"9384","attribution":0,"priority":"5","appToPromote":{"appToPromoteID":"13185","usesDefaultFrameImage":"0","usesDefaultCloseImage":"0","marketURL":"https:\/\/play.google.com\/store\/apps\/details?id=com.gamesarena.flying.bike.tricks.stunts&amp;referrer=utm_source=42matters.com&amp;utm_medium=api","packageID":"com.gamesarena.flying.bike.tricks.stunts"},"showTemplate":1,"s2s_tracking_url":"https:\/\/play.google.com\/store\/apps\/details?id=com.gamesarena.flying.bike.tricks.stunts&amp;referrer=utm_source=42matters.com&amp;utm_medium=api","activeCreativeID":"4829","scenes":["12","1","8","6","15","2"],"campaignAdType":"Interstitial"},{"campaignID":"9386","attribution":0,"priority":"5","appToPromote":{"appToPromoteID":"17764","usesDefaultFrameImage":"0","usesDefaultCloseImage":"0","marketURL":"https:\/\/play.google.com\/store\/apps\/details?id=com.visiblebody.atlas&amp;referrer=utm_source=42matters.com&amp;utm_medium=api","packageID":"com.gamesarena..test6324"},"showTemplate":1,"s2s_tracking_url":"https:\/\/play.google.com\/store\/apps\/details?id=com.visiblebody.atlas&amp;referrer=utm_source=42matters.com&amp;utm_medium=api","activeCreativeID":"4828","scenes":["12","1","8","6","15","2"],"campaignAdType":"Interstitial"},{"campaignID":"9389","attribution":0,"priority":"5","appToPromote":{"appToPromoteID":"13185","usesDefaultFrameImage":"0","usesDefaultCloseImage":"0","marketURL":"https:\/\/play.google.com\/store\/apps\/details?id=com.gamesarena.flying.bike.tricks.stunts&amp;referrer=utm_source=42matters.com&amp;utm_medium=api","packageID":"com.gamesarena.flying.bike.tricks.stunts"},"showTemplate":1,"s2s_tracking_url":"https:\/\/play.google.com\/store\/apps\/details?id=com.gamesarena.flying.bike.tricks.stunts&amp;referrer=utm_source=42matters.com&amp;utm_medium=api","activeCreativeID":"4829","scenes":["12","1","8","6","15","2"],"campaignAdType":"Interstitial"},{"campaignID":"9390","attribution":0,"priority":"5","appToPromote":{"appToPromoteID":"17764","usesDefaultFrameImage":"0","usesDefaultCloseImage":"0","marketURL":"https:\/\/play.google.com\/store\/apps\/details?id=com.visiblebody.atlas&amp;referrer=utm_source=42matters.com&amp;utm_medium=api","packageID":"com.gamesarena..test6324"},"showTemplate":1,"s2s_tracking_url":"https:\/\/play.google.com\/store\/apps\/details?id=com.visiblebody.atlas&amp;referrer=utm_source=42matters.com&amp;utm_medium=api","activeCreativeID":"4828","scenes":["12","1","8","6","15","2"],"campaignAdType":"Interstitial"},{"campaignID":"9249","attribution_link":"https:\/\/app.appsflyer.com\/com.lgn.gun.strike.war.train.shooting.games?pid=consoliads_int&amp;af_click_lookback=7d&amp;clickid=1722_9249_1556&amp;android_id={android_id}&amp;sha1_android_id={sha1_android_id}&amp;advertising_id=1556&amp;sha1_advertising_id=7c753b72486156bc11e7416305a9c87ada24439e&amp;af_keywords=2","attribution":1,"priority":"8","appToPromote":{"appToPromoteID":"13421","usesDefaultFrameImage":"0","usesDefaultCloseImage":"0","marketURL":"http:\/\/www.google.com","packageID":"com.appricot2d.testt"},"showTemplate":1,"s2s_tracking_url":"https:\/\/app.appsflyer.com\/com.lgn.gun.strike.war.train.shooting.games?pid=consoliads_int&amp;af_click_lookback=7d&amp;clickid=1722_9249_1556&amp;android_id={android_id}&amp;sha1_android_id={sha1_android_id}&amp;advertising_id=1556&amp;sha1_advertising_id=7c753b72486156bc11e7416305a9c87ada24439e&amp;af_keywords=2","activeCreativeID":"4679","scenes":["12","1","8","6","15","2"],"campaignAdType":"Interstitial"},{"campaignID":"9261","attribution_link":"https:\/\/app.appsflyer.com\/com.lgn.gun.strike.war.train.shooting.games?pid=consoliads_int&amp;af_click_lookback=7d&amp;clickid=1722_9261_1556&amp;android_id={android_id}&amp;sha1_android_id={sha1_android_id}&amp;advertising_id=1556&amp;sha1_advertising_id=7c753b72486156bc11e7416305a9c87ada24439e&amp;af_keywords=2","attribution":1,"priority":"8","appToPromote":{"appToPromoteID":"13421","usesDefaultFrameImage":"0","usesDefaultCloseImage":"0","marketURL":"http:\/\/www.google.com","packageID":"com.appricot2d.testt"},"showTemplate":1,"s2s_tracking_url":"https:\/\/app.appsflyer.com\/com.lgn.gun.strike.war.train.shooting.games?pid=consoliads_int&amp;af_click_lookback=7d&amp;clickid=1722_9261_1556&amp;android_id={android_id}&amp;sha1_android_id={sha1_android_id}&amp;advertising_id=1556&amp;sha1_advertising_id=7c753b72486156bc11e7416305a9c87ada24439e&amp;af_keywords=2","activeCreativeID":"4692","scenes":["12","1","8","6","15","2"],"campaignAdType":"Interstitial"},{"campaignID":"9131","attribution":0,"priority":"8","appToPromote":{"appToPromoteID":"17532","usesDefaultFrameImage":"0","usesDefaultCloseImage":"0","marketURL":"https:\/\/play.google.com\/store\/apps\/details?id=com.dhgate.buyermob","packageID":"com.dhgate.buyermob"},"showTemplate":1,"s2s_tracking_url":"https:\/\/tha.gotrackier.com\/click?campaign_id=63254\\u0026pub_id=75?p1=1722_9131_1556&amp;source=6841&amp;app_name=KidsHospitalCashierPro&amp;gaid=1556","activeCreativeID":"4483","scenes":["12","1","8","6","15","2"],"campaignAdType":"Interstitial"},{"campaignID":"561","attribution":0,"priority":"6","appToPromote":{"appToPromoteID":"5026","usesDefaultFrameImage":"0","usesDefaultCloseImage":"0","marketURL":"https:\/\/play.google.com\/store\/apps\/details?id=com.as.cashupapp","packageID":"com.as.cashupapp"},"showTemplate":1,"s2s_tracking_url":"https:\/\/play.google.com\/store\/apps\/details?id=com.as.cashupapp","activeCreativeID":"652","scenes":["12","1","8","6","15","2"],"campaignAdType":"Interstitial"},{"campaignID":"570","attribution":0,"priority":"6","appToPromote":{"appToPromoteID":"3802","usesDefaultFrameImage":"0","usesDefaultCloseImage":"0","marketURL":"https:\/\/play.google.com\/store\/apps\/details?id=com.Madxstudios.Flickshootsoccer","packageID":"com.Madxstudios.Flickshootsoccer"},"showTemplate":1,"s2s_tracking_url":"https:\/\/play.google.com\/store\/apps\/details?id=com.Madxstudios.Flickshootsoccer","activeCreativeID":"661","scenes":["12","1","8","6","15","2"],"campaignAdType":"Interstitial"},{"campaignID":"588","attribution":0,"priority":"6","appToPromote":{"appToPromoteID":"5026","usesDefaultFrameImage":"0","usesDefaultCloseImage":"0","marketURL":"https:\/\/play.google.com\/store\/apps\/details?id=com.as.cashupapp","packageID":"com.as.cashupapp"},"showTemplate":1,"s2s_tracking_url":"https:\/\/play.google.com\/store\/apps\/details?id=com.as.cashupapp","activeCreativeID":"652","scenes":["12","1","8","6","15","2"],"campaignAdType":"Interstitial"},{"campaignID":"6620","attribution":0,"priority":"6","appToPromote":{"appToPromoteID":"12980","usesDefaultFrameImage":"0","usesDefaultCloseImage":"0","marketURL":"https:\/\/play.google.com\/store\/apps\/details?id=com.sx.cooking.cafe.restaurant","packageID":"com.sx.cooking.cafe.restaurant"},"showTemplate":1,"s2s_tracking_url":"https:\/\/play.google.com\/store\/apps\/details?id=com.sx.cooking.cafe.restaurant","activeCreativeID":"1702","scenes":["12","1","8","6","15","2"],"campaignAdType":"Interstitial"},{"campaignID":"6596","attribution":0,"priority":"5","appToPromote":{"appToPromoteID":"12980","usesDefaultFrameImage":"0","usesDefaultCloseImage":"0","marketURL":"https:\/\/play.google.com\/store\/apps\/details?id=com.sx.cooking.cafe.restaurant","packageID":"com.sx.cooking.cafe.restaurant"},"showTemplate":1,"s2s_tracking_url":"https:\/\/play.google.com\/store\/apps\/details?id=com.sx.cooking.cafe.restaurant","activeCreativeID":"1702","scenes":["12","1","8","6","15","2"],"campaignAdType":"Interstitial"},{"campaignID":"414","attribution":0,"priority":"3","appToPromote":{"appToPromoteID":"3023","usesDefaultFrameImage":"0","usesDefaultCloseImage":"0","marketURL":"https:\/\/play.google.com\/store\/apps\/details?id=com.appricot2d.rolo.pet.parrot","packageID":"com.appricot2d.rolo.pet.parrot"},"showTemplate":1,"s2s_tracking_url":"https:\/\/play.google.com\/store\/apps\/details?id=com.appricot2d.rolo.pet.parrot","activeCreativeID":"385","scenes":["12","1","8","6","15","2"],"campaignAdType":"Interstitial"},{"campaignID":"559","attribution":0,"priority":"3","appToPromote":{"appToPromoteID":"3476","usesDefaultFrameImage":"0","usesDefaultCloseImage":"0","marketURL":"https:\/\/play.google.com\/store\/apps\/details?id=com.perspectivegames.real.impossible.tracks.stunts","packageID":"com.perspectivegames.real.impossible.tracks.stunts"},"showTemplate":1,"s2s_tracking_url":"https:\/\/play.google.com\/store\/apps\/details?id=com.perspectivegames.real.impossible.tracks.stunts","activeCreativeID":"649","scenes":["12","1","8","6","15","2"],"campaignAdType":"Interstitial"},{"campaignID":"741","attribution":0,"priority":"3","appToPromote":{"appToPromoteID":"5609","usesDefaultFrameImage":"0","usesDefaultCloseImage":"0","marketURL":"https:\/\/play.google.com\/store\/apps\/details?id=com.kick.gyroscopic.city.train.driver.simulator","packageID":"com.kick.gyroscopic.city.train.driver.simulator"},"showTemplate":1,"s2s_tracking_url":"https:\/\/play.google.com\/store\/apps\/details?id=com.kick.gyroscopic.city.train.driver.simulator","activeCreativeID":"753","scenes":["12","1","8","6","15","2"],"campaignAdType":"Interstitial"}],"refreshAdRate":30,"mode":"Production","aspectRatio":"4_3","cdnPath":"https:\/\/df8ymybeo92md.cloudfront.net\/images\/","sentry_log":0,"local_logging":0,"sentry_dsn":"https:\/\/93ffa1c9a4124f67b8888a53265f751a:bbf998e04584477fa9a145838e9d3b26@sentry.io\/168994","sentry_initialization":1,"sentry_debugging":0,"bannerSizes":["5"],"aspectRatioVideo":"16_9","app_id":"1722","showPreRewardedDialogue":0,"showPostRewardedDialogue":0,"rewardCurrency":"coins","rewardValue":0,"isSkipable":0,"privacyPolicyURL":"https:\/\/www.consoliads.com\/privacy-policy\/","sessionToken":"\/w2UVE7YdCs9yLxaWnJAHaJqvB7\/8ByLSdFBWqVgL6xBgzi5QBOerY\/qo6nVTE7YePbHykAPgB9Zy9m2ri\/DNHWGQFC7plUXhFytFHNofp3JzfwTqcWKalsmHntzL7D3300tHGx4\/WiX\/tzwvgqtesaGXCE3fbhKtYb85ZEI51A="}
Session token value is set


{"appKey":"a3fd0355e69506375fb1411dd7b6a600","deviceID":"30","stats":[{"campaignID":85,"packageID":"com.gss.offroad.uphill.extremetruckdriver","sceneStats":[{"sceneID":"1","eventStats":"301,201,101,1,1,0,0"}]}],"sdkVersion":"39","sessionToken":"\/w2UVE7YdCs9yLxaWnJAHaJqvB7\/8ByLSdFBWqVgL6xBgzi5QBOerY\/qo6nVTE7YePbHykAPgB9Zy9m2ri\/DNHWGQFC7plUXhFytFHNofp3JzfwTqcWKalsmHntzL7D3300tHGx4\/WiX\/tzwvgqtesaGXCE3fbhKtYb85ZEI51A="}
cache_ttl value is correct

Refresh Ad Rate value is correct
mode value is set

 Aspect ratio value is correct
sentry_log value is set
local_logging value is set
sentry_initialization value is set
sentry_debugging value is set
showPreRewardedDialogue value is set
showPostRewardedDialogue value is set
isSkipable value is set
{"cache_ttl":10080,"cache_ttl_rewarded":10080,"cache_ttl_banner":10080,"cache_ttl_native":10080,"cache_ttl_icon":10080,"campaigns":[{"campaignID":"9384","attribution":0,"priority":"5","appToPromote":{"appToPromoteID":"13185","usesDefaultFrameImage":"0","usesDefaultCloseImage":"0","marketURL":"https:\/\/play.google.com\/store\/apps\/details?id=com.gamesarena.flying.bike.tricks.stunts&amp;referrer=utm_source=42matters.com&amp;utm_medium=api","packageID":"com.gamesarena.flying.bike.tricks.stunts"},"showTemplate":1,"s2s_tracking_url":"https:\/\/play.google.com\/store\/apps\/details?id=com.gamesarena.flying.bike.tricks.stunts&amp;referrer=utm_source=42matters.com&amp;utm_medium=api","activeCreativeID":"4829","scenes":["12","1","8","6","15","2"],"campaignAdType":"Interstitial"},{"campaignID":"9386","attribution":0,"priority":"5","appToPromote":{"appToPromoteID":"17764","usesDefaultFrameImage":"0","usesDefaultCloseImage":"0","marketURL":"https:\/\/play.google.com\/store\/apps\/details?id=com.visiblebody.atlas&amp;referrer=utm_source=42matters.com&amp;utm_medium=api","packageID":"com.gamesarena..test6324"},"showTemplate":1,"s2s_tracking_url":"https:\/\/play.google.com\/store\/apps\/details?id=com.visiblebody.atlas&amp;referrer=utm_source=42matters.com&amp;utm_medium=api","activeCreativeID":"4828","scenes":["12","1","8","6","15","2"],"campaignAdType":"Interstitial"},{"campaignID":"9389","attribution":0,"priority":"5","appToPromote":{"appToPromoteID":"13185","usesDefaultFrameImage":"0","usesDefaultCloseImage":"0","marketURL":"https:\/\/play.google.com\/store\/apps\/details?id=com.gamesarena.flying.bike.tricks.stunts&amp;referrer=utm_source=42matters.com&amp;utm_medium=api","packageID":"com.gamesarena.flying.bike.tricks.stunts"},"showTemplate":1,"s2s_tracking_url":"https:\/\/play.google.com\/store\/apps\/details?id=com.gamesarena.flying.bike.tricks.stunts&amp;referrer=utm_source=42matters.com&amp;utm_medium=api","activeCreativeID":"4829","scenes":["12","1","8","6","15","2"],"campaignAdType":"Interstitial"},{"campaignID":"9390","attribution":0,"priority":"5","appToPromote":{"appToPromoteID":"17764","usesDefaultFrameImage":"0","usesDefaultCloseImage":"0","marketURL":"https:\/\/play.google.com\/store\/apps\/details?id=com.visiblebody.atlas&amp;referrer=utm_source=42matters.com&amp;utm_medium=api","packageID":"com.gamesarena..test6324"},"showTemplate":1,"s2s_tracking_url":"https:\/\/play.google.com\/store\/apps\/details?id=com.visiblebody.atlas&amp;referrer=utm_source=42matters.com&amp;utm_medium=api","activeCreativeID":"4828","scenes":["12","1","8","6","15","2"],"campaignAdType":"Interstitial"},{"campaignID":"9249","attribution_link":"https:\/\/app.appsflyer.com\/com.lgn.gun.strike.war.train.shooting.games?pid=consoliads_int&amp;af_click_lookback=7d&amp;clickid=1830_9249_30&amp;android_id={android_id}&amp;sha1_android_id={sha1_android_id}&amp;advertising_id=30&amp;sha1_advertising_id=22d200f8670dbdb3e253a90eee5098477c95c23d&amp;af_keywords=2","attribution":1,"priority":"8","appToPromote":{"appToPromoteID":"13421","usesDefaultFrameImage":"0","usesDefaultCloseImage":"0","marketURL":"http:\/\/www.google.com","packageID":"com.appricot2d.testt"},"showTemplate":1,"s2s_tracking_url":"https:\/\/app.appsflyer.com\/com.lgn.gun.strike.war.train.shooting.games?pid=consoliads_int&amp;af_click_lookback=7d&amp;clickid=1830_9249_30&amp;android_id={android_id}&amp;sha1_android_id={sha1_android_id}&amp;advertising_id=30&amp;sha1_advertising_id=22d200f8670dbdb3e253a90eee5098477c95c23d&amp;af_keywords=2","activeCreativeID":"4679","scenes":["12","1","8","6","15","2"],"campaignAdType":"Interstitial"},{"campaignID":"9261","attribution_link":"https:\/\/app.appsflyer.com\/com.lgn.gun.strike.war.train.shooting.games?pid=consoliads_int&amp;af_click_lookback=7d&amp;clickid=1830_9261_30&amp;android_id={android_id}&amp;sha1_android_id={sha1_android_id}&amp;advertising_id=30&amp;sha1_advertising_id=22d200f8670dbdb3e253a90eee5098477c95c23d&amp;af_keywords=2","attribution":1,"priority":"8","appToPromote":{"appToPromoteID":"13421","usesDefaultFrameImage":"0","usesDefaultCloseImage":"0","marketURL":"http:\/\/www.google.com","packageID":"com.appricot2d.testt"},"showTemplate":1,"s2s_tracking_url":"https:\/\/app.appsflyer.com\/com.lgn.gun.strike.war.train.shooting.games?pid=consoliads_int&amp;af_click_lookback=7d&amp;clickid=1830_9261_30&amp;android_id={android_id}&amp;sha1_android_id={sha1_android_id}&amp;advertising_id=30&amp;sha1_advertising_id=22d200f8670dbdb3e253a90eee5098477c95c23d&amp;af_keywords=2","activeCreativeID":"4692","scenes":["12","1","8","6","15","2"],"campaignAdType":"Interstitial"},{"campaignID":"9131","attribution":0,"priority":"8","appToPromote":{"appToPromoteID":"17532","usesDefaultFrameImage":"0","usesDefaultCloseImage":"0","marketURL":"https:\/\/play.google.com\/store\/apps\/details?id=com.dhgate.buyermob","packageID":"com.dhgate.buyermob"},"showTemplate":1,"s2s_tracking_url":"https:\/\/tha.gotrackier.com\/click?campaign_id=63254\\u0026pub_id=75?p1=1830_9131_30&amp;source=6841&amp;app_name=UphillExtremeTruckDriver3D&amp;gaid=30","activeCreativeID":"4483","scenes":["12","1","8","6","15","2"],"campaignAdType":"Interstitial"},{"campaignID":"561","attribution":0,"priority":"6","appToPromote":{"appToPromoteID":"5026","usesDefaultFrameImage":"0","usesDefaultCloseImage":"0","marketURL":"https:\/\/play.google.com\/store\/apps\/details?id=com.as.cashupapp","packageID":"com.as.cashupapp"},"showTemplate":1,"s2s_tracking_url":"https:\/\/play.google.com\/store\/apps\/details?id=com.as.cashupapp","activeCreativeID":"652","scenes":["12","1","8","6","15","2"],"campaignAdType":"Interstitial"},{"campaignID":"570","attribution":0,"priority":"6","appToPromote":{"appToPromoteID":"3802","usesDefaultFrameImage":"0","usesDefaultCloseImage":"0","marketURL":"https:\/\/play.google.com\/store\/apps\/details?id=com.Madxstudios.Flickshootsoccer","packageID":"com.Madxstudios.Flickshootsoccer"},"showTemplate":1,"s2s_tracking_url":"https:\/\/play.google.com\/store\/apps\/details?id=com.Madxstudios.Flickshootsoccer","activeCreativeID":"661","scenes":["12","1","8","6","15","2"],"campaignAdType":"Interstitial"},{"campaignID":"588","attribution":0,"priority":"6","appToPromote":{"appToPromoteID":"5026","usesDefaultFrameImage":"0","usesDefaultCloseImage":"0","marketURL":"https:\/\/play.google.com\/store\/apps\/details?id=com.as.cashupapp","packageID":"com.as.cashupapp"},"showTemplate":1,"s2s_tracking_url":"https:\/\/play.google.com\/store\/apps\/details?id=com.as.cashupapp","activeCreativeID":"652","scenes":["12","1","8","6","15","2"],"campaignAdType":"Interstitial"},{"campaignID":"6620","attribution":0,"priority":"6","appToPromote":{"appToPromoteID":"12980","usesDefaultFrameImage":"0","usesDefaultCloseImage":"0","marketURL":"https:\/\/play.google.com\/store\/apps\/details?id=com.sx.cooking.cafe.restaurant","packageID":"com.sx.cooking.cafe.restaurant"},"showTemplate":1,"s2s_tracking_url":"https:\/\/play.google.com\/store\/apps\/details?id=com.sx.cooking.cafe.restaurant","activeCreativeID":"1702","scenes":["12","1","8","6","15","2"],"campaignAdType":"Interstitial"},{"campaignID":"8876","attribution":0,"priority":"5","appToPromote":{"appToPromoteID":"15640","usesDefaultFrameImage":"0","usesDefaultCloseImage":"0","marketURL":"https:\/\/play.google.com\/store\/apps\/details?id=com.pgz.police.bike.stunt.ramp.bike.racing.games","packageID":"com.pgz.police.bike.stunt.ramp.bike.racing.games"},"showTemplate":1,"s2s_tracking_url":"https:\/\/play.google.com\/store\/apps\/details?id=com.pgz.police.bike.stunt.ramp.bike.racing.games","activeCreativeID":"4236","scenes":["12","1","8","6","15","2"],"campaignAdType":"Interstitial"},{"campaignID":"6596","attribution":0,"priority":"5","appToPromote":{"appToPromoteID":"12980","usesDefaultFrameImage":"0","usesDefaultCloseImage":"0","marketURL":"https:\/\/play.google.com\/store\/apps\/details?id=com.sx.cooking.cafe.restaurant","packageID":"com.sx.cooking.cafe.restaurant"},"showTemplate":1,"s2s_tracking_url":"https:\/\/play.google.com\/store\/apps\/details?id=com.sx.cooking.cafe.restaurant","activeCreativeID":"1702","scenes":["12","1","8","6","15","2"],"campaignAdType":"Interstitial"}],"refreshAdRate":30,"mode":"Production","aspectRatio":"4_3","cdnPath":"https:\/\/df8ymybeo92md.cloudfront.net\/images\/","sentry_log":0,"local_logging":0,"sentry_dsn":"https:\/\/93ffa1c9a4124f67b8888a53265f751a:bbf998e04584477fa9a145838e9d3b26@sentry.io\/168994","sentry_initialization":1,"sentry_debugging":0,"bannerSizes":["5"],"aspectRatioVideo":"16_9","app_id":"1830","showPreRewardedDialogue":0,"showPostRewardedDialogue":0,"rewardCurrency":"coins","rewardValue":0,"isSkipable":0,"privacyPolicyURL":"https:\/\/www.consoliads.com\/privacy-policy\/","sessionToken":"Eua6H0\/Nca5FGkSgOtBcd2cPeBtOo28lW4YUQauuzv98XXB5d5gU\/DCUtVVdl8RiPxxN6Pg\/4gn8PPtfepJKxPVi2HquCuMNZWXneOsY9zmRyFhPBfg5+8rrmzLd9G5ti4gA\/d2hI7KGuq5IYOibF3Zql\/ohV15YSPbX1DW6WQQ="}
Session token value is set


{"appKey":"fd17f17f557e8305ce7ec87b54f27e59","deviceID":"139","stats":[{"campaignID":86,"packageID":"com.vg.demolition.derby.extreme.car.stunts","sceneStats":[{"sceneID":"1","eventStats":"302,202,102,2,2,0,0"}]}],"sdkVersion":"2163","sessionToken":"Eua6H0\/Nca5FGkSgOtBcd2cPeBtOo28lW4YUQauuzv98XXB5d5gU\/DCUtVVdl8RiPxxN6Pg\/4gn8PPtfepJKxPVi2HquCuMNZWXneOsY9zmRyFhPBfg5+8rrmzLd9G5ti4gA\/d2hI7KGuq5IYOibF3Zql\/ohV15YSPbX1DW6WQQ="}
cache_ttl value is correct

Title value is correct

Title value is correct

Title value is correct

Title value is correct

Title value is correct

Title value is correct

Refresh Ad Rate value is correct
mode value is set

 Aspect ratio value is correct
sentry_log value is set
local_logging value is set
sentry_initialization value is set
sentry_debugging value is set
showPreRewardedDialogue value is set
showPostRewardedDialogue value is set
isSkipable value is set
{"cache_ttl":10080,"cache_ttl_rewarded":10080,"cache_ttl_banner":10080,"cache_ttl_native":10080,"cache_ttl_icon":10080,"campaigns":[{"campaignID":"9384","attribution":0,"priority":"5","appToPromote":{"appToPromoteID":"13185","usesDefaultFrameImage":"0","usesDefaultCloseImage":"0","marketURL":"https:\/\/play.google.com\/store\/apps\/details?id=com.gamesarena.flying.bike.tricks.stunts&amp;referrer=utm_source=42matters.com&amp;utm_medium=api","packageID":"com.gamesarena.flying.bike.tricks.stunts"},"showTemplate":1,"s2s_tracking_url":"https:\/\/play.google.com\/store\/apps\/details?id=com.gamesarena.flying.bike.tricks.stunts&amp;referrer=utm_source=42matters.com&amp;utm_medium=api","activeCreativeID":"4829","scenes":["12","1","8","6","15","2"],"campaignAdType":"Interstitial"},{"campaignID":"9386","attribution":0,"priority":"5","appToPromote":{"appToPromoteID":"17764","usesDefaultFrameImage":"0","usesDefaultCloseImage":"0","marketURL":"https:\/\/play.google.com\/store\/apps\/details?id=com.visiblebody.atlas&amp;referrer=utm_source=42matters.com&amp;utm_medium=api","packageID":"com.gamesarena..test6324"},"showTemplate":1,"s2s_tracking_url":"https:\/\/play.google.com\/store\/apps\/details?id=com.visiblebody.atlas&amp;referrer=utm_source=42matters.com&amp;utm_medium=api","activeCreativeID":"4828","scenes":["12","1","8","6","15","2"],"campaignAdType":"Interstitial"},{"campaignID":"9389","attribution":0,"priority":"5","appToPromote":{"appToPromoteID":"13185","usesDefaultFrameImage":"0","usesDefaultCloseImage":"0","marketURL":"https:\/\/play.google.com\/store\/apps\/details?id=com.gamesarena.flying.bike.tricks.stunts&amp;referrer=utm_source=42matters.com&amp;utm_medium=api","packageID":"com.gamesarena.flying.bike.tricks.stunts"},"showTemplate":1,"s2s_tracking_url":"https:\/\/play.google.com\/store\/apps\/details?id=com.gamesarena.flying.bike.tricks.stunts&amp;referrer=utm_source=42matters.com&amp;utm_medium=api","activeCreativeID":"4829","scenes":["12","1","8","6","15","2"],"campaignAdType":"Interstitial"},{"campaignID":"9390","attribution":0,"priority":"5","appToPromote":{"appToPromoteID":"17764","usesDefaultFrameImage":"0","usesDefaultCloseImage":"0","marketURL":"https:\/\/play.google.com\/store\/apps\/details?id=com.visiblebody.atlas&amp;referrer=utm_source=42matters.com&amp;utm_medium=api","packageID":"com.gamesarena..test6324"},"showTemplate":1,"s2s_tracking_url":"https:\/\/play.google.com\/store\/apps\/details?id=com.visiblebody.atlas&amp;referrer=utm_source=42matters.com&amp;utm_medium=api","activeCreativeID":"4828","scenes":["12","1","8","6","15","2"],"campaignAdType":"Interstitial"},{"campaignID":"7091","attribution":0,"priority":"5","appToPromote":{"appToPromoteID":"12455","usesDefaultFrameImage":"0","usesDefaultCloseImage":"0","marketURL":"https:\/\/play.google.com\/store\/apps\/details?id=com.vg.trail.bike.extreme.stuntmaster","packageID":"com.vg.trail.bike.extreme.stuntmaster"},"showTemplate":1,"s2s_tracking_url":"https:\/\/play.google.com\/store\/apps\/details?id=com.vg.trail.bike.extreme.stuntmaster","activeCreativeID":"3181","scenes":["12","1","8","6","15","2"],"campaignAdType":"Icon"},{"campaignID":"7129","attribution":0,"priority":"5","appToPromote":{"appToPromoteID":"13230","usesDefaultFrameImage":"0","usesDefaultCloseImage":"0","marketURL":"https:\/\/play.google.com\/store\/apps\/details?id=com.vg.speed.car.racing.furious.stunts.games","packageID":"com.vg.speed.car.racing.furious.stunts.games"},"showTemplate":1,"s2s_tracking_url":"https:\/\/play.google.com\/store\/apps\/details?id=com.vg.speed.car.racing.furious.stunts.games","activeCreativeID":"3182","scenes":["12","1","8","6","15","2"],"campaignAdType":"Icon"},{"campaignID":"7812","attribution":0,"priority":"5","appToPromote":{"appToPromoteID":"15674","usesDefaultFrameImage":"0","usesDefaultCloseImage":"0","marketURL":"https:\/\/play.google.com\/store\/apps\/details?id=com.vg.airplane.flight.pilot.simulator","packageID":"com.vg.airplane.flight.pilot.simulator"},"showTemplate":1,"s2s_tracking_url":"https:\/\/play.google.com\/store\/apps\/details?id=com.vg.airplane.flight.pilot.simulator","activeCreativeID":"3086","scenes":["12","1","8","6","15","2"],"campaignAdType":"Interstitial"},{"campaignID":"8709","attribution":0,"priority":"5","appToPromote":{"appToPromoteID":"15674","usesDefaultFrameImage":"0","usesDefaultCloseImage":"0","marketURL":"https:\/\/play.google.com\/store\/apps\/details?id=com.vg.airplane.flight.pilot.simulator","packageID":"com.vg.airplane.flight.pilot.simulator"},"showTemplate":1,"s2s_tracking_url":"https:\/\/play.google.com\/store\/apps\/details?id=com.vg.airplane.flight.pilot.simulator","activeCreativeID":"4068","scenes":["12","1","8","6","15","2"],"campaignAdType":"Native","title":"Airplane Pilot ","subTitle":"Airplane Simulator Game","description":"Play The Best Plane Sim","adClickThroughText":"Install Now"},{"campaignID":"8858","attribution":0,"priority":"5","appToPromote":{"appToPromoteID":"1992","usesDefaultFrameImage":"0","usesDefaultCloseImage":"0","marketURL":"https:\/\/play.google.com\/store\/apps\/details?id=com.vg.prisonerbreakout.HardTime","packageID":"com.vg.prisonerbreakout.HardTime"},"showTemplate":1,"s2s_tracking_url":"https:\/\/play.google.com\/store\/apps\/details?id=com.vg.prisonerbreakout.HardTime","activeCreativeID":"4220","scenes":["12","1","8","6","15","2"],"campaignAdType":"Interstitial"},{"campaignID":"7813","attribution":0,"priority":"3","appToPromote":{"appToPromoteID":"15674","usesDefaultFrameImage":"0","usesDefaultCloseImage":"0","marketURL":"https:\/\/play.google.com\/store\/apps\/details?id=com.vg.airplane.flight.pilot.simulator","packageID":"com.vg.airplane.flight.pilot.simulator"},"showTemplate":1,"s2s_tracking_url":"https:\/\/play.google.com\/store\/apps\/details?id=com.vg.airplane.flight.pilot.simulator","activeCreativeID":"3183","scenes":["12","1","8","6","15","2"],"campaignAdType":"Icon"},{"campaignID":"6393","attribution":0,"priority":"2","appToPromote":{"appToPromoteID":"12455","usesDefaultFrameImage":"0","usesDefaultCloseImage":"0","marketURL":"https:\/\/play.google.com\/store\/apps\/details?id=com.vg.trail.bike.extreme.stuntmaster","packageID":"com.vg.trail.bike.extreme.stuntmaster"},"showTemplate":1,"s2s_tracking_url":"https:\/\/play.google.com\/store\/apps\/details?id=com.vg.trail.bike.extreme.stuntmaster","activeCreativeID":"1540","scenes":["12","1","8","6","15","2"],"campaignAdType":"Video"},{"campaignID":"7750","attribution":0,"priority":"2","appToPromote":{"appToPromoteID":"1936","usesDefaultFrameImage":"0","usesDefaultCloseImage":"0","marketURL":"https:\/\/play.google.com\/store\/apps\/details?id=com.vg.crazy.car.rush.pro.taxi.driver","packageID":"com.vg.crazy.car.rush.pro.taxi.driver"},"showTemplate":1,"s2s_tracking_url":"https:\/\/play.google.com\/store\/apps\/details?id=com.vg.crazy.car.rush.pro.taxi.driver","activeCreativeID":"3007","scenes":["12","1","8","6","15","2"],"campaignAdType":"Icon"},{"campaignID":"9249","attribution_link":"https:\/\/app.appsflyer.com\/com.lgn.gun.strike.war.train.shooting.games?pid=consoliads_int&amp;af_click_lookback=7d&amp;clickid=1823_9249_139&amp;android_id={android_id}&amp;sha1_android_id={sha1_android_id}&amp;advertising_id=139&amp;sha1_advertising_id=fa755791d0509bb06ae715a2072de724815ed84d&amp;af_keywords=2","attribution":1,"priority":"8","appToPromote":{"appToPromoteID":"13421","usesDefaultFrameImage":"0","usesDefaultCloseImage":"0","marketURL":"http:\/\/www.google.com","packageID":"com.appricot2d.testt"},"showTemplate":1,"s2s_tracking_url":"https:\/\/app.appsflyer.com\/com.lgn.gun.strike.war.train.shooting.games?pid=consoliads_int&amp;af_click_lookback=7d&amp;clickid=1823_9249_139&amp;android_id={android_id}&amp;sha1_android_id={sha1_android_id}&amp;advertising_id=139&amp;sha1_advertising_id=fa755791d0509bb06ae715a2072de724815ed84d&amp;af_keywords=2","activeCreativeID":"4679","scenes":["12","1","8","6","15","2"],"campaignAdType":"Interstitial"},{"campaignID":"9252","attribution":0,"priority":"8","appToPromote":{"appToPromoteID":"12315","usesDefaultFrameImage":"0","usesDefaultCloseImage":"0","marketURL":"google.com","packageID":"com.qabrand.plnative"},"showTemplate":1,"s2s_tracking_url":"google.com","activeCreativeID":"4683","scenes":["12","1","8","6","15","2"],"campaignAdType":"Native","title":"Native first","subTitle":"First ","description":"New description","adClickThroughText":"FIRST Button"},{"campaignID":"9253","attribution":0,"priority":"8","appToPromote":{"appToPromoteID":"12315","usesDefaultFrameImage":"0","usesDefaultCloseImage":"0","marketURL":"google.com","packageID":"com.qabrand.plnative"},"showTemplate":1,"s2s_tracking_url":"google.com","activeCreativeID":"4683","scenes":["12","1","8","6","15","2"],"campaignAdType":"Native","title":"Native first","subTitle":"First ","description":"New description","adClickThroughText":"FIRST Button"},{"campaignID":"9255","attribution":0,"priority":"8","appToPromote":{"appToPromoteID":"13274","usesDefaultFrameImage":"0","usesDefaultCloseImage":"0","marketURL":"https:\/\/play.google.com\/store\/apps\/details?id=com.facebook.katana","packageID":"com.salon.adsalon"},"showTemplate":1,"s2s_tracking_url":"https:\/\/play.google.com\/store\/apps\/details?id=com.facebook.katana","activeCreativeID":"4685","scenes":["12","1","8","6","15","2"],"campaignAdType":"Native","title":"native NA ","subTitle":"native NA ","description":"native NA added","adClickThroughText":"native NA "},{"campaignID":"9257","attribution":0,"priority":"8","appToPromote":{"appToPromoteID":"12286","usesDefaultFrameImage":"0","usesDefaultCloseImage":"0","marketURL":"google.com","packageID":"com.qabrand.Chartboost_Native"},"showTemplate":1,"s2s_tracking_url":"google.com","activeCreativeID":"4688","scenes":["12","1","8","6","15","2"],"campaignAdType":"Native","title":"Native second updated","subTitle":"Native second ","description":"Native second details","adClickThroughText":"Native second "},{"campaignID":"9261","attribution_link":"https:\/\/app.appsflyer.com\/com.lgn.gun.strike.war.train.shooting.games?pid=consoliads_int&amp;af_click_lookback=7d&amp;clickid=1823_9261_139&amp;android_id={android_id}&amp;sha1_android_id={sha1_android_id}&amp;advertising_id=139&amp;sha1_advertising_id=fa755791d0509bb06ae715a2072de724815ed84d&amp;af_keywords=2","attribution":1,"priority":"8","appToPromote":{"appToPromoteID":"13421","usesDefaultFrameImage":"0","usesDefaultCloseImage":"0","marketURL":"http:\/\/www.google.com","packageID":"com.appricot2d.testt"},"showTemplate":1,"s2s_tracking_url":"https:\/\/app.appsflyer.com\/com.lgn.gun.strike.war.train.shooting.games?pid=consoliads_int&amp;af_click_lookback=7d&amp;clickid=1823_9261_139&amp;android_id={android_id}&amp;sha1_android_id={sha1_android_id}&amp;advertising_id=139&amp;sha1_advertising_id=fa755791d0509bb06ae715a2072de724815ed84d&amp;af_keywords=2","activeCreativeID":"4692","scenes":["12","1","8","6","15","2"],"campaignAdType":"Interstitial"},{"campaignID":"9263","attribution":0,"priority":"8","appToPromote":{"appToPromoteID":"12315","usesDefaultFrameImage":"0","usesDefaultCloseImage":"0","marketURL":"google.com","packageID":"com.qabrand.plnative"},"showTemplate":1,"s2s_tracking_url":"google.com","activeCreativeID":"4694","scenes":["12","1","8","6","15","2"],"campaignAdType":"Native","title":"test","subTitle":"test","description":" test details update","adClickThroughText":"test"},{"campaignID":"9131","attribution":0,"priority":"8","appToPromote":{"appToPromoteID":"17532","usesDefaultFrameImage":"0","usesDefaultCloseImage":"0","marketURL":"https:\/\/play.google.com\/store\/apps\/details?id=com.dhgate.buyermob","packageID":"com.dhgate.buyermob"},"showTemplate":1,"s2s_tracking_url":"https:\/\/tha.gotrackier.com\/click?campaign_id=63254\\u0026pub_id=75?p1=1823_9131_139&amp;source=6841&amp;app_name=DemolitionDerbyXtremeRacing&amp;gaid=139","activeCreativeID":"4483","scenes":["12","1","8","6","15","2"],"campaignAdType":"Interstitial"},{"campaignID":"561","attribution":0,"priority":"6","appToPromote":{"appToPromoteID":"5026","usesDefaultFrameImage":"0","usesDefaultCloseImage":"0","marketURL":"https:\/\/play.google.com\/store\/apps\/details?id=com.as.cashupapp","packageID":"com.as.cashupapp"},"showTemplate":1,"s2s_tracking_url":"https:\/\/play.google.com\/store\/apps\/details?id=com.as.cashupapp","activeCreativeID":"652","scenes":["12","1","8","6","15","2"],"campaignAdType":"Interstitial"}],"refreshAdRate":30,"mode":"Production","aspectRatio":"4_3","cdnPath":"https:\/\/df8ymybeo92md.cloudfront.net\/images\/","sentry_log":0,"local_logging":0,"sentry_dsn":"https:\/\/93ffa1c9a4124f67b8888a53265f751a:bbf998e04584477fa9a145838e9d3b26@sentry.io\/168994","sentry_initialization":1,"sentry_debugging":0,"bannerSizes":["1"],"aspectRatioVideo":"16_9","app_id":"1823","showPreRewardedDialogue":0,"showPostRewardedDialogue":0,"rewardCurrency":"coins","rewardValue":0,"isSkipable":1,"privacyPolicyURL":"https:\/\/www.consoliads.com\/privacy-policy\/","sessionToken":"judErmgCCMrqP49aIP67TX1rnpn\/1Ke8MUQLu3g458993658VjKtOPUN9fmDCnqgNLP98Bob0CI2j2ganR9trOJ6rF2DFxPa1RDCD98bPhbZyW27ihjopKLa3eRLe3AC0NAJyDad23TzHVNot6aWvNzdSajfsRyXZJ1QNZ23Cf8="}
Session token value is set


{"appKey":"3d9a2ad28f8f99beaf2e117d8d1c3ebb","deviceID":"3803","stats":[{"campaignID":96,"packageID":"com.rgs.offroad.police.monster.truck","sceneStats":[{"sceneID":"10","eventStats":"338,238,138,38,38,0,0"}]}],"sdkVersion":"39","sessionToken":"judErmgCCMrqP49aIP67TX1rnpn\/1Ke8MUQLu3g458993658VjKtOPUN9fmDCnqgNLP98Bob0CI2j2ganR9trOJ6rF2DFxPa1RDCD98bPhbZyW27ihjopKLa3eRLe3AC0NAJyDad23TzHVNot6aWvNzdSajfsRyXZJ1QNZ23Cf8="}
cache_ttl value is correct

Refresh Ad Rate value is correct
mode value is set

 Aspect ratio value is correct
sentry_log value is set
local_logging value is set
sentry_initialization value is set
sentry_debugging value is set
showPreRewardedDialogue value is set
showPostRewardedDialogue value is set
isSkipable value is set
{"cache_ttl":10080,"cache_ttl_rewarded":10080,"cache_ttl_banner":10080,"cache_ttl_native":10080,"cache_ttl_icon":10080,"refreshAdRate":30,"mode":"Production","aspectRatio":"4_3","cdnPath":"https:\/\/df8ymybeo92md.cloudfront.net\/images\/","sentry_log":0,"local_logging":0,"sentry_dsn":"https:\/\/93ffa1c9a4124f67b8888a53265f751a:bbf998e04584477fa9a145838e9d3b26@sentry.io\/168994","sentry_initialization":1,"sentry_debugging":0,"bannerSizes":[],"aspectRatioVideo":"16_9","app_id":"1921","showPreRewardedDialogue":0,"showPostRewardedDialogue":0,"rewardCurrency":"coins","rewardValue":0,"isSkipable":0,"privacyPolicyURL":"https:\/\/www.consoliads.com\/privacy-policy\/","sessionToken":"ARWBOktKGhww2MgI57rQPDqUMrIdxTe+lXEuSrRY2h6HbRBJ8Vhwki1qZbQXXEqSi\/pL2pxDyOOyHX9ax321rwF74WpyTsCDuEqmalIVn8TWPBiUnlAzIjgLlFvJ7hN8L6uqSYC0SKMOu\/rJAuZbVf5MSBN5JOueIaqb9LYrfxU="}
Session token value is set


{"appKey":"b6cf3bbc179e3b767025729170fbb3cf","deviceID":"3389","stats":[{"campaignID":98,"packageID":"com.gss.offroad.policetransporttruck","sceneStats":[{"sceneID":"9","eventStats":"334,234,134,34,34,0,0"}]}],"sdkVersion":"2163","sessionToken":"ARWBOktKGhww2MgI57rQPDqUMrIdxTe+lXEuSrRY2h6HbRBJ8Vhwki1qZbQXXEqSi\/pL2pxDyOOyHX9ax321rwF74WpyTsCDuEqmalIVn8TWPBiUnlAzIjgLlFvJ7hN8L6uqSYC0SKMOu\/rJAuZbVf5MSBN5JOueIaqb9LYrfxU="}
cache_ttl value is correct

Title value is correct

Title value is correct

Title value is correct

Title value is correct

Title value is correct

Title value is correct

Refresh Ad Rate value is correct
mode value is set

 Aspect ratio value is correct
sentry_log value is set
local_logging value is set
sentry_initialization value is set
sentry_debugging value is set
showPreRewardedDialogue value is set
showPostRewardedDialogue value is set
isSkipable value is set
{"cache_ttl":10080,"cache_ttl_rewarded":10080,"cache_ttl_banner":10080,"cache_ttl_native":10080,"cache_ttl_icon":10080,"campaigns":[{"campaignID":"9384","attribution":0,"priority":"5","appToPromote":{"appToPromoteID":"13185","usesDefaultFrameImage":"0","usesDefaultCloseImage":"0","marketURL":"https:\/\/play.google.com\/store\/apps\/details?id=com.gamesarena.flying.bike.tricks.stunts&amp;referrer=utm_source=42matters.com&amp;utm_medium=api","packageID":"com.gamesarena.flying.bike.tricks.stunts"},"showTemplate":1,"s2s_tracking_url":"https:\/\/play.google.com\/store\/apps\/details?id=com.gamesarena.flying.bike.tricks.stunts&amp;referrer=utm_source=42matters.com&amp;utm_medium=api","activeCreativeID":"4829","scenes":["12","1","8","6","15","2"],"campaignAdType":"Interstitial"},{"campaignID":"9386","attribution":0,"priority":"5","appToPromote":{"appToPromoteID":"17764","usesDefaultFrameImage":"0","usesDefaultCloseImage":"0","marketURL":"https:\/\/play.google.com\/store\/apps\/details?id=com.visiblebody.atlas&amp;referrer=utm_source=42matters.com&amp;utm_medium=api","packageID":"com.gamesarena..test6324"},"showTemplate":1,"s2s_tracking_url":"https:\/\/play.google.com\/store\/apps\/details?id=com.visiblebody.atlas&amp;referrer=utm_source=42matters.com&amp;utm_medium=api","activeCreativeID":"4828","scenes":["12","1","8","6","15","2"],"campaignAdType":"Interstitial"},{"campaignID":"9389","attribution":0,"priority":"5","appToPromote":{"appToPromoteID":"13185","usesDefaultFrameImage":"0","usesDefaultCloseImage":"0","marketURL":"https:\/\/play.google.com\/store\/apps\/details?id=com.gamesarena.flying.bike.tricks.stunts&amp;referrer=utm_source=42matters.com&amp;utm_medium=api","packageID":"com.gamesarena.flying.bike.tricks.stunts"},"showTemplate":1,"s2s_tracking_url":"https:\/\/play.google.com\/store\/apps\/details?id=com.gamesarena.flying.bike.tricks.stunts&amp;referrer=utm_source=42matters.com&amp;utm_medium=api","activeCreativeID":"4829","scenes":["12","1","8","6","15","2"],"campaignAdType":"Interstitial"},{"campaignID":"9390","attribution":0,"priority":"5","appToPromote":{"appToPromoteID":"17764","usesDefaultFrameImage":"0","usesDefaultCloseImage":"0","marketURL":"https:\/\/play.google.com\/store\/apps\/details?id=com.visiblebody.atlas&amp;referrer=utm_source=42matters.com&amp;utm_medium=api","packageID":"com.gamesarena..test6324"},"showTemplate":1,"s2s_tracking_url":"https:\/\/play.google.com\/store\/apps\/details?id=com.visiblebody.atlas&amp;referrer=utm_source=42matters.com&amp;utm_medium=api","activeCreativeID":"4828","scenes":["12","1","8","6","15","2"],"campaignAdType":"Interstitial"},{"campaignID":"6641","attribution":0,"priority":"5","appToPromote":{"appToPromoteID":"5724","usesDefaultFrameImage":"0","usesDefaultCloseImage":"0","marketURL":"https:\/\/play.google.com\/store\/apps\/details?id=com.gss.shooting.game.army.sniper2018","packageID":"com.gss.shooting.game.army.sniper2018"},"showTemplate":1,"s2s_tracking_url":"https:\/\/play.google.com\/store\/apps\/details?id=com.gss.shooting.game.army.sniper2018","activeCreativeID":"1749","scenes":["12","1","8","6","15","2"],"campaignAdType":"Icon"},{"campaignID":"7747","attribution":0,"priority":"4","appToPromote":{"appToPromoteID":"15129","usesDefaultFrameImage":"0","usesDefaultCloseImage":"0","marketURL":"https:\/\/play.google.com\/store\/apps\/details?id=com.gss.motocross.bike.stunt.racing","packageID":"com.gss.motocross.bike.stunt.racing"},"showTemplate":1,"s2s_tracking_url":"https:\/\/play.google.com\/store\/apps\/details?id=com.gss.motocross.bike.stunt.racing","activeCreativeID":"3004","scenes":["12","1","8","6","15","2"],"campaignAdType":"Interstitial"},{"campaignID":"6689","attribution":0,"priority":"3","appToPromote":{"appToPromoteID":"2552","usesDefaultFrameImage":"0","usesDefaultCloseImage":"0","marketURL":"https:\/\/play.google.com\/store\/apps\/details?id=com.gss.grand.city.rescue.flyingrobot","packageID":"com.gss.grand.city.rescue.flyingrobot"},"showTemplate":1,"s2s_tracking_url":"https:\/\/play.google.com\/store\/apps\/details?id=com.gss.grand.city.rescue.flyingrobot","activeCreativeID":"1791","scenes":["12","1","8","6","15","2"],"campaignAdType":"Icon"},{"campaignID":"8376","attribution":0,"priority":"3","appToPromote":{"appToPromoteID":"16325","usesDefaultFrameImage":"0","usesDefaultCloseImage":"0","marketURL":"https:\/\/play.google.com\/store\/apps\/details?id=com.tgp.mega.ramp.ambulance.car.stunts","packageID":"com.tgp.mega.ramp.ambulance.car.stunts"},"showTemplate":1,"s2s_tracking_url":"https:\/\/play.google.com\/store\/apps\/details?id=com.tgp.mega.ramp.ambulance.car.stunts","activeCreativeID":"3718","scenes":["12","1","8","6","15","2"],"campaignAdType":"Interstitial"},{"campaignID":"7036","attribution":0,"priority":"1","appToPromote":{"appToPromoteID":"2251","usesDefaultFrameImage":"0","usesDefaultCloseImage":"0","marketURL":"https:\/\/play.google.com\/store\/apps\/details?id=com.gss.police.sniper.reloaded","packageID":"com.gss.police.sniper.reloaded"},"showTemplate":1,"s2s_tracking_url":"https:\/\/play.google.com\/store\/apps\/details?id=com.gss.police.sniper.reloaded","activeCreativeID":"2155","scenes":["12","1","8","6","15","2"],"campaignAdType":"Icon"},{"campaignID":"7745","attribution":0,"priority":"1","appToPromote":{"appToPromoteID":"15129","usesDefaultFrameImage":"0","usesDefaultCloseImage":"0","marketURL":"https:\/\/play.google.com\/store\/apps\/details?id=com.gss.motocross.bike.stunt.racing","packageID":"com.gss.motocross.bike.stunt.racing"},"showTemplate":1,"s2s_tracking_url":"https:\/\/play.google.com\/store\/apps\/details?id=com.gss.motocross.bike.stunt.racing","activeCreativeID":"2743","scenes":["12","1","8","6","15","2"],"campaignAdType":"Icon"},{"campaignID":"9249","attribution_link":"https:\/\/app.appsflyer.com\/com.lgn.gun.strike.war.train.shooting.games?pid=consoliads_int&amp;af_click_lookback=7d&amp;clickid=1937_9249_3389&amp;android_id={android_id}&amp;sha1_android_id={sha1_android_id}&amp;advertising_id=3389&amp;sha1_advertising_id=3461c9906b0890672a68c45dc9d9616613d9b385&amp;af_keywords=2","attribution":1,"priority":"8","appToPromote":{"appToPromoteID":"13421","usesDefaultFrameImage":"0","usesDefaultCloseImage":"0","marketURL":"http:\/\/www.google.com","packageID":"com.appricot2d.testt"},"showTemplate":1,"s2s_tracking_url":"https:\/\/app.appsflyer.com\/com.lgn.gun.strike.war.train.shooting.games?pid=consoliads_int&amp;af_click_lookback=7d&amp;clickid=1937_9249_3389&amp;android_id={android_id}&amp;sha1_android_id={sha1_android_id}&amp;advertising_id=3389&amp;sha1_advertising_id=3461c9906b0890672a68c45dc9d9616613d9b385&amp;af_keywords=2","activeCreativeID":"4679","scenes":["12","1","8","6","15","2"],"campaignAdType":"Interstitial"},{"campaignID":"9252","attribution":0,"priority":"8","appToPromote":{"appToPromoteID":"12315","usesDefaultFrameImage":"0","usesDefaultCloseImage":"0","marketURL":"google.com","packageID":"com.qabrand.plnative"},"showTemplate":1,"s2s_tracking_url":"google.com","activeCreativeID":"4683","scenes":["12","1","8","6","15","2"],"campaignAdType":"Native","title":"Native first","subTitle":"First ","description":"New description","adClickThroughText":"FIRST Button"},{"campaignID":"9253","attribution":0,"priority":"8","appToPromote":{"appToPromoteID":"12315","usesDefaultFrameImage":"0","usesDefaultCloseImage":"0","marketURL":"google.com","packageID":"com.qabrand.plnative"},"showTemplate":1,"s2s_tracking_url":"google.com","activeCreativeID":"4683","scenes":["12","1","8","6","15","2"],"campaignAdType":"Native","title":"Native first","subTitle":"First ","description":"New description","adClickThroughText":"FIRST Button"},{"campaignID":"9255","attribution":0,"priority":"8","appToPromote":{"appToPromoteID":"13274","usesDefaultFrameImage":"0","usesDefaultCloseImage":"0","marketURL":"https:\/\/play.google.com\/store\/apps\/details?id=com.facebook.katana","packageID":"com.salon.adsalon"},"showTemplate":1,"s2s_tracking_url":"https:\/\/play.google.com\/store\/apps\/details?id=com.facebook.katana","activeCreativeID":"4685","scenes":["12","1","8","6","15","2"],"campaignAdType":"Native","title":"native NA ","subTitle":"native NA ","description":"native NA added","adClickThroughText":"native NA "},{"campaignID":"9257","attribution":0,"priority":"8","appToPromote":{"appToPromoteID":"12286","usesDefaultFrameImage":"0","usesDefaultCloseImage":"0","marketURL":"google.com","packageID":"com.qabrand.Chartboost_Native"},"showTemplate":1,"s2s_tracking_url":"google.com","activeCreativeID":"4688","scenes":["12","1","8","6","15","2"],"campaignAdType":"Native","title":"Native second updated","subTitle":"Native second ","description":"Native second details","adClickThroughText":"Native second "},{"campaignID":"9261","attribution_link":"https:\/\/app.appsflyer.com\/com.lgn.gun.strike.war.train.shooting.games?pid=consoliads_int&amp;af_click_lookback=7d&amp;clickid=1937_9261_3389&amp;android_id={android_id}&amp;sha1_android_id={sha1_android_id}&amp;advertising_id=3389&amp;sha1_advertising_id=3461c9906b0890672a68c45dc9d9616613d9b385&amp;af_keywords=2","attribution":1,"priority":"8","appToPromote":{"appToPromoteID":"13421","usesDefaultFrameImage":"0","usesDefaultCloseImage":"0","marketURL":"http:\/\/www.google.com","packageID":"com.appricot2d.testt"},"showTemplate":1,"s2s_tracking_url":"https:\/\/app.appsflyer.com\/com.lgn.gun.strike.war.train.shooting.games?pid=consoliads_int&amp;af_click_lookback=7d&amp;clickid=1937_9261_3389&amp;android_id={android_id}&amp;sha1_android_id={sha1_android_id}&amp;advertising_id=3389&amp;sha1_advertising_id=3461c9906b0890672a68c45dc9d9616613d9b385&amp;af_keywords=2","activeCreativeID":"4692","scenes":["12","1","8","6","15","2"],"campaignAdType":"Interstitial"},{"campaignID":"9263","attribution":0,"priority":"8","appToPromote":{"appToPromoteID":"12315","usesDefaultFrameImage":"0","usesDefaultCloseImage":"0","marketURL":"google.com","packageID":"com.qabrand.plnative"},"showTemplate":1,"s2s_tracking_url":"google.com","activeCreativeID":"4694","scenes":["12","1","8","6","15","2"],"campaignAdType":"Native","title":"test","subTitle":"test","description":" test details update","adClickThroughText":"test"},{"campaignID":"9127","attribution":0,"priority":"8","appToPromote":{"appToPromoteID":"17528","usesDefaultFrameImage":"0","usesDefaultCloseImage":"0","marketURL":"https:\/\/play.google.com\/store\/apps\/details?id=net.one97.paytm","packageID":"net.one97.paytm"},"showTemplate":1,"s2s_tracking_url":"https:\/\/tha.gotrackier.com\/click?campaign_id=63249\\u0026pub_id=75?p1=1937_9127_3389&amp;source=6841&amp;app_name=OffRoadPoliceTruckTransport&amp;gaid=3389","activeCreativeID":"4788","scenes":["12","1","8","6","15","2"],"campaignAdType":"Native","title":"BCA","subTitle":"FW","description":"nope","adClickThroughText":"Link"},{"campaignID":"9131","attribution":0,"priority":"8","appToPromote":{"appToPromoteID":"17532","usesDefaultFrameImage":"0","usesDefaultCloseImage":"0","marketURL":"https:\/\/play.google.com\/store\/apps\/details?id=com.dhgate.buyermob","packageID":"com.dhgate.buyermob"},"showTemplate":1,"s2s_tracking_url":"https:\/\/tha.gotrackier.com\/click?campaign_id=63254\\u0026pub_id=75?p1=1937_9131_3389&amp;source=6841&amp;app_name=OffRoadPoliceTruckTransport&amp;gaid=3389","activeCreativeID":"4483","scenes":["12","1","8","6","15","2"],"campaignAdType":"Interstitial"},{"campaignID":"561","attribution":0,"priority":"6","appToPromote":{"appToPromoteID":"5026","usesDefaultFrameImage":"0","usesDefaultCloseImage":"0","marketURL":"https:\/\/play.google.com\/store\/apps\/details?id=com.as.cashupapp","packageID":"com.as.cashupapp"},"showTemplate":1,"s2s_tracking_url":"https:\/\/play.google.com\/store\/apps\/details?id=com.as.cashupapp","activeCreativeID":"652","scenes":["12","1","8","6","15","2"],"campaignAdType":"Interstitial"},{"campaignID":"570","attribution":0,"priority":"6","appToPromote":{"appToPromoteID":"3802","usesDefaultFrameImage":"0","usesDefaultCloseImage":"0","marketURL":"https:\/\/play.google.com\/store\/apps\/details?id=com.Madxstudios.Flickshootsoccer","packageID":"com.Madxstudios.Flickshootsoccer"},"showTemplate":1,"s2s_tracking_url":"https:\/\/play.google.com\/store\/apps\/details?id=com.Madxstudios.Flickshootsoccer","activeCreativeID":"661","scenes":["12","1","8","6","15","2"],"campaignAdType":"Interstitial"},{"campaignID":"588","attribution":0,"priority":"6","appToPromote":{"appToPromoteID":"5026","usesDefaultFrameImage":"0","usesDefaultCloseImage":"0","marketURL":"https:\/\/play.google.com\/store\/apps\/details?id=com.as.cashupapp","packageID":"com.as.cashupapp"},"showTemplate":1,"s2s_tracking_url":"https:\/\/play.google.com\/store\/apps\/details?id=com.as.cashupapp","activeCreativeID":"652","scenes":["12","1","8","6","15","2"],"campaignAdType":"Interstitial"}],"refreshAdRate":30,"mode":"Production","aspectRatio":"4_3","cdnPath":"https:\/\/df8ymybeo92md.cloudfront.net\/images\/","sentry_log":0,"local_logging":0,"sentry_dsn":"https:\/\/93ffa1c9a4124f67b8888a53265f751a:bbf998e04584477fa9a145838e9d3b26@sentry.io\/168994","sentry_initialization":1,"sentry_debugging":0,"bannerSizes":["1"],"aspectRatioVideo":"16_9","app_id":"1937","showPreRewardedDialogue":0,"showPostRewardedDialogue":0,"rewardCurrency":"coins","rewardValue":0,"isSkipable":0,"privacyPolicyURL":"https:\/\/www.consoliads.com\/privacy-policy\/","sessionToken":"R0RLAlmVaxLh0zFKoL6nhsJEiwxOv1WMJqTgZBtFs2PB+3qg3+o3t6OwL0d3llsF6dTt5DaFSpYXeK2omBCEWUwgjCtOD+tDDRWEPiZ65S3lTfEh+rSKpyZUczz3iHSvwGOBSmDQ4QwlWp2pvo\/fPMGRZ9VEs2KpU70S\/i7BItw="}
Session token value is set


{"appKey":"7108df607430ea0aa7197ebf957ab785","deviceID":"9005","stats":[{"campaignID":99,"packageID":"com.vg.crazy.car.rush.pro.taxi.driver","sceneStats":[{"sceneID":"23","eventStats":"390,290,190,90,90,0,0"}]}],"sdkVersion":"2163","sessionToken":"R0RLAlmVaxLh0zFKoL6nhsJEiwxOv1WMJqTgZBtFs2PB+3qg3+o3t6OwL0d3llsF6dTt5DaFSpYXeK2omBCEWUwgjCtOD+tDDRWEPiZ65S3lTfEh+rSKpyZUczz3iHSvwGOBSmDQ4QwlWp2pvo\/fPMGRZ9VEs2KpU70S\/i7BItw="}
cache_ttl value is correct

Title value is correct

Title value is correct

Title value is correct

Title value is correct

Title value is correct

Title value is correct

Refresh Ad Rate value is correct
mode value is set

 Aspect ratio value is correct
sentry_log value is set
local_logging value is set
sentry_initialization value is set
sentry_debugging value is set
showPreRewardedDialogue value is set
showPostRewardedDialogue value is set
isSkipable value is set
{"cache_ttl":10080,"cache_ttl_rewarded":10080,"cache_ttl_banner":10080,"cache_ttl_native":10080,"cache_ttl_icon":10080,"campaigns":[{"campaignID":"9384","attribution":0,"priority":"5","appToPromote":{"appToPromoteID":"13185","usesDefaultFrameImage":"0","usesDefaultCloseImage":"0","marketURL":"https:\/\/play.google.com\/store\/apps\/details?id=com.gamesarena.flying.bike.tricks.stunts&amp;referrer=utm_source=42matters.com&amp;utm_medium=api","packageID":"com.gamesarena.flying.bike.tricks.stunts"},"showTemplate":1,"s2s_tracking_url":"https:\/\/play.google.com\/store\/apps\/details?id=com.gamesarena.flying.bike.tricks.stunts&amp;referrer=utm_source=42matters.com&amp;utm_medium=api","activeCreativeID":"4829","scenes":["12","1","8","6","15","2","9"],"campaignAdType":"Interstitial"},{"campaignID":"9386","attribution":0,"priority":"5","appToPromote":{"appToPromoteID":"17764","usesDefaultFrameImage":"0","usesDefaultCloseImage":"0","marketURL":"https:\/\/play.google.com\/store\/apps\/details?id=com.visiblebody.atlas&amp;referrer=utm_source=42matters.com&amp;utm_medium=api","packageID":"com.gamesarena..test6324"},"showTemplate":1,"s2s_tracking_url":"https:\/\/play.google.com\/store\/apps\/details?id=com.visiblebody.atlas&amp;referrer=utm_source=42matters.com&amp;utm_medium=api","activeCreativeID":"4828","scenes":["12","1","8","6","15","2","9"],"campaignAdType":"Interstitial"},{"campaignID":"9389","attribution":0,"priority":"5","appToPromote":{"appToPromoteID":"13185","usesDefaultFrameImage":"0","usesDefaultCloseImage":"0","marketURL":"https:\/\/play.google.com\/store\/apps\/details?id=com.gamesarena.flying.bike.tricks.stunts&amp;referrer=utm_source=42matters.com&amp;utm_medium=api","packageID":"com.gamesarena.flying.bike.tricks.stunts"},"showTemplate":1,"s2s_tracking_url":"https:\/\/play.google.com\/store\/apps\/details?id=com.gamesarena.flying.bike.tricks.stunts&amp;referrer=utm_source=42matters.com&amp;utm_medium=api","activeCreativeID":"4829","scenes":["12","1","8","6","15","2","9"],"campaignAdType":"Interstitial"},{"campaignID":"9390","attribution":0,"priority":"5","appToPromote":{"appToPromoteID":"17764","usesDefaultFrameImage":"0","usesDefaultCloseImage":"0","marketURL":"https:\/\/play.google.com\/store\/apps\/details?id=com.visiblebody.atlas&amp;referrer=utm_source=42matters.com&amp;utm_medium=api","packageID":"com.gamesarena..test6324"},"showTemplate":1,"s2s_tracking_url":"https:\/\/play.google.com\/store\/apps\/details?id=com.visiblebody.atlas&amp;referrer=utm_source=42matters.com&amp;utm_medium=api","activeCreativeID":"4828","scenes":["12","1","8","6","15","2","9"],"campaignAdType":"Interstitial"},{"campaignID":"7091","attribution":0,"priority":"5","appToPromote":{"appToPromoteID":"12455","usesDefaultFrameImage":"0","usesDefaultCloseImage":"0","marketURL":"https:\/\/play.google.com\/store\/apps\/details?id=com.vg.trail.bike.extreme.stuntmaster","packageID":"com.vg.trail.bike.extreme.stuntmaster"},"showTemplate":1,"s2s_tracking_url":"https:\/\/play.google.com\/store\/apps\/details?id=com.vg.trail.bike.extreme.stuntmaster","activeCreativeID":"3181","scenes":["12","1","8","6","15","2","9"],"campaignAdType":"Icon"},{"campaignID":"7129","attribution":0,"priority":"5","appToPromote":{"appToPromoteID":"13230","usesDefaultFrameImage":"0","usesDefaultCloseImage":"0","marketURL":"https:\/\/play.google.com\/store\/apps\/details?id=com.vg.speed.car.racing.furious.stunts.games","packageID":"com.vg.speed.car.racing.furious.stunts.games"},"showTemplate":1,"s2s_tracking_url":"https:\/\/play.google.com\/store\/apps\/details?id=com.vg.speed.car.racing.furious.stunts.games","activeCreativeID":"3182","scenes":["12","1","8","6","15","2","9"],"campaignAdType":"Icon"},{"campaignID":"7812","attribution":0,"priority":"5","appToPromote":{"appToPromoteID":"15674","usesDefaultFrameImage":"0","usesDefaultCloseImage":"0","marketURL":"https:\/\/play.google.com\/store\/apps\/details?id=com.vg.airplane.flight.pilot.simulator","packageID":"com.vg.airplane.flight.pilot.simulator"},"showTemplate":1,"s2s_tracking_url":"https:\/\/play.google.com\/store\/apps\/details?id=com.vg.airplane.flight.pilot.simulator","activeCreativeID":"3086","scenes":["12","1","8","6","15","2","9"],"campaignAdType":"Interstitial"},{"campaignID":"8709","attribution":0,"priority":"5","appToPromote":{"appToPromoteID":"15674","usesDefaultFrameImage":"0","usesDefaultCloseImage":"0","marketURL":"https:\/\/play.google.com\/store\/apps\/details?id=com.vg.airplane.flight.pilot.simulator","packageID":"com.vg.airplane.flight.pilot.simulator"},"showTemplate":1,"s2s_tracking_url":"https:\/\/play.google.com\/store\/apps\/details?id=com.vg.airplane.flight.pilot.simulator","activeCreativeID":"4068","scenes":["12","1","8","6","15","2","9"],"campaignAdType":"Native","title":"Airplane Pilot ","subTitle":"Airplane Simulator Game","description":"Play The Best Plane Sim","adClickThroughText":"Install Now"},{"campaignID":"8858","attribution":0,"priority":"5","appToPromote":{"appToPromoteID":"1992","usesDefaultFrameImage":"0","usesDefaultCloseImage":"0","marketURL":"https:\/\/play.google.com\/store\/apps\/details?id=com.vg.prisonerbreakout.HardTime","packageID":"com.vg.prisonerbreakout.HardTime"},"showTemplate":1,"s2s_tracking_url":"https:\/\/play.google.com\/store\/apps\/details?id=com.vg.prisonerbreakout.HardTime","activeCreativeID":"4220","scenes":["12","1","8","6","15","2","9"],"campaignAdType":"Interstitial"},{"campaignID":"7813","attribution":0,"priority":"3","appToPromote":{"appToPromoteID":"15674","usesDefaultFrameImage":"0","usesDefaultCloseImage":"0","marketURL":"https:\/\/play.google.com\/store\/apps\/details?id=com.vg.airplane.flight.pilot.simulator","packageID":"com.vg.airplane.flight.pilot.simulator"},"showTemplate":1,"s2s_tracking_url":"https:\/\/play.google.com\/store\/apps\/details?id=com.vg.airplane.flight.pilot.simulator","activeCreativeID":"3183","scenes":["12","1","8","6","15","2","9"],"campaignAdType":"Icon"},{"campaignID":"6393","attribution":0,"priority":"2","appToPromote":{"appToPromoteID":"12455","usesDefaultFrameImage":"0","usesDefaultCloseImage":"0","marketURL":"https:\/\/play.google.com\/store\/apps\/details?id=com.vg.trail.bike.extreme.stuntmaster","packageID":"com.vg.trail.bike.extreme.stuntmaster"},"showTemplate":1,"s2s_tracking_url":"https:\/\/play.google.com\/store\/apps\/details?id=com.vg.trail.bike.extreme.stuntmaster","activeCreativeID":"1540","scenes":["12","1","8","6","15","2","9"],"campaignAdType":"Video"},{"campaignID":"7750","attribution":0,"priority":"2","appToPromote":{"appToPromoteID":"1936","usesDefaultFrameImage":"0","usesDefaultCloseImage":"0","marketURL":"https:\/\/play.google.com\/store\/apps\/details?id=com.vg.crazy.car.rush.pro.taxi.driver","packageID":"com.vg.crazy.car.rush.pro.taxi.driver"},"showTemplate":1,"s2s_tracking_url":"https:\/\/play.google.com\/store\/apps\/details?id=com.vg.crazy.car.rush.pro.taxi.driver","activeCreativeID":"3007","scenes":["12","1","8","6","15","2","9"],"campaignAdType":"Icon"},{"campaignID":"9249","attribution_link":"https:\/\/app.appsflyer.com\/com.lgn.gun.strike.war.train.shooting.games?pid=consoliads_int&amp;af_click_lookback=7d&amp;clickid=1936_9249_9005&amp;android_id={android_id}&amp;sha1_android_id={sha1_android_id}&amp;advertising_id=9005&amp;sha1_advertising_id=c4528b12c0581e2d63285f369dd6eb97a1dc4364&amp;af_keywords=2","attribution":1,"priority":"8","appToPromote":{"appToPromoteID":"13421","usesDefaultFrameImage":"0","usesDefaultCloseImage":"0","marketURL":"http:\/\/www.google.com","packageID":"com.appricot2d.testt"},"showTemplate":1,"s2s_tracking_url":"https:\/\/app.appsflyer.com\/com.lgn.gun.strike.war.train.shooting.games?pid=consoliads_int&amp;af_click_lookback=7d&amp;clickid=1936_9249_9005&amp;android_id={android_id}&amp;sha1_android_id={sha1_android_id}&amp;advertising_id=9005&amp;sha1_advertising_id=c4528b12c0581e2d63285f369dd6eb97a1dc4364&amp;af_keywords=2","activeCreativeID":"4679","scenes":["12","1","8","6","15","2","9"],"campaignAdType":"Interstitial"},{"campaignID":"9252","attribution":0,"priority":"8","appToPromote":{"appToPromoteID":"12315","usesDefaultFrameImage":"0","usesDefaultCloseImage":"0","marketURL":"google.com","packageID":"com.qabrand.plnative"},"showTemplate":1,"s2s_tracking_url":"google.com","activeCreativeID":"4683","scenes":["12","1","8","6","15","2","9"],"campaignAdType":"Native","title":"Native first","subTitle":"First ","description":"New description","adClickThroughText":"FIRST Button"},{"campaignID":"9253","attribution":0,"priority":"8","appToPromote":{"appToPromoteID":"12315","usesDefaultFrameImage":"0","usesDefaultCloseImage":"0","marketURL":"google.com","packageID":"com.qabrand.plnative"},"showTemplate":1,"s2s_tracking_url":"google.com","activeCreativeID":"4683","scenes":["12","1","8","6","15","2","9"],"campaignAdType":"Native","title":"Native first","subTitle":"First ","description":"New description","adClickThroughText":"FIRST Button"},{"campaignID":"9255","attribution":0,"priority":"8","appToPromote":{"appToPromoteID":"13274","usesDefaultFrameImage":"0","usesDefaultCloseImage":"0","marketURL":"https:\/\/play.google.com\/store\/apps\/details?id=com.facebook.katana","packageID":"com.salon.adsalon"},"showTemplate":1,"s2s_tracking_url":"https:\/\/play.google.com\/store\/apps\/details?id=com.facebook.katana","activeCreativeID":"4685","scenes":["12","1","8","6","15","2","9"],"campaignAdType":"Native","title":"native NA ","subTitle":"native NA ","description":"native NA added","adClickThroughText":"native NA "},{"campaignID":"9257","attribution":0,"priority":"8","appToPromote":{"appToPromoteID":"12286","usesDefaultFrameImage":"0","usesDefaultCloseImage":"0","marketURL":"google.com","packageID":"com.qabrand.Chartboost_Native"},"showTemplate":1,"s2s_tracking_url":"google.com","activeCreativeID":"4688","scenes":["12","1","8","6","15","2","9"],"campaignAdType":"Native","title":"Native second updated","subTitle":"Native second ","description":"Native second details","adClickThroughText":"Native second "},{"campaignID":"9261","attribution_link":"https:\/\/app.appsflyer.com\/com.lgn.gun.strike.war.train.shooting.games?pid=consoliads_int&amp;af_click_lookback=7d&amp;clickid=1936_9261_9005&amp;android_id={android_id}&amp;sha1_android_id={sha1_android_id}&amp;advertising_id=9005&amp;sha1_advertising_id=c4528b12c0581e2d63285f369dd6eb97a1dc4364&amp;af_keywords=2","attribution":1,"priority":"8","appToPromote":{"appToPromoteID":"13421","usesDefaultFrameImage":"0","usesDefaultCloseImage":"0","marketURL":"http:\/\/www.google.com","packageID":"com.appricot2d.testt"},"showTemplate":1,"s2s_tracking_url":"https:\/\/app.appsflyer.com\/com.lgn.gun.strike.war.train.shooting.games?pid=consoliads_int&amp;af_click_lookback=7d&amp;clickid=1936_9261_9005&amp;android_id={android_id}&amp;sha1_android_id={sha1_android_id}&amp;advertising_id=9005&amp;sha1_advertising_id=c4528b12c0581e2d63285f369dd6eb97a1dc4364&amp;af_keywords=2","activeCreativeID":"4692","scenes":["12","1","8","6","15","2","9"],"campaignAdType":"Interstitial"},{"campaignID":"9263","attribution":0,"priority":"8","appToPromote":{"appToPromoteID":"12315","usesDefaultFrameImage":"0","usesDefaultCloseImage":"0","marketURL":"google.com","packageID":"com.qabrand.plnative"},"showTemplate":1,"s2s_tracking_url":"google.com","activeCreativeID":"4694","scenes":["12","1","8","6","15","2","9"],"campaignAdType":"Native","title":"test","subTitle":"test","description":" test details update","adClickThroughText":"test"},{"campaignID":"9131","attribution":0,"priority":"8","appToPromote":{"appToPromoteID":"17532","usesDefaultFrameImage":"0","usesDefaultCloseImage":"0","marketURL":"https:\/\/play.google.com\/store\/apps\/details?id=com.dhgate.buyermob","packageID":"com.dhgate.buyermob"},"showTemplate":1,"s2s_tracking_url":"https:\/\/tha.gotrackier.com\/click?campaign_id=63254\\u0026pub_id=75?p1=1936_9131_9005&amp;source=6841&amp;app_name=ProTAXIDriverCrazyCarRush&amp;gaid=9005","activeCreativeID":"4483","scenes":["12","1","8","6","15","2","9"],"campaignAdType":"Interstitial"},{"campaignID":"561","attribution":0,"priority":"6","appToPromote":{"appToPromoteID":"5026","usesDefaultFrameImage":"0","usesDefaultCloseImage":"0","marketURL":"https:\/\/play.google.com\/store\/apps\/details?id=com.as.cashupapp","packageID":"com.as.cashupapp"},"showTemplate":1,"s2s_tracking_url":"https:\/\/play.google.com\/store\/apps\/details?id=com.as.cashupapp","activeCreativeID":"652","scenes":["12","1","8","6","15","2","9"],"campaignAdType":"Interstitial"}],"refreshAdRate":30,"mode":"Production","aspectRatio":"4_3","cdnPath":"https:\/\/df8ymybeo92md.cloudfront.net\/images\/","sentry_log":0,"local_logging":0,"sentry_dsn":"https:\/\/93ffa1c9a4124f67b8888a53265f751a:bbf998e04584477fa9a145838e9d3b26@sentry.io\/168994","sentry_initialization":1,"sentry_debugging":0,"bannerSizes":["1"],"aspectRatioVideo":"16_9","app_id":"1936","showPreRewardedDialogue":0,"showPostRewardedDialogue":0,"rewardCurrency":"coins","rewardValue":0,"isSkipable":1,"privacyPolicyURL":"https:\/\/www.consoliads.com\/privacy-policy\/","sessionToken":"rz8NZPsXKc\/CKXY9U3IRpMucS\/gIAj6nCSOqaoEuu86dLAecZkfWmZrnJ52Z24Dly0Exohrq9sV\/YFEGjlByCcnIlc8rfumbFBgPPAatTM5UPLm6QuvmY+ElOnVALQCUS++UBmyEkilnmDnuDgHdlvsjMruEUd49DSsG3BiHNAc="}
Session token value is set


{"appKey":"516703e326af9856e83f9f4223432c4b","deviceID":"5178","stats":[{"campaignID":104,"packageID":"com.whitesand.construction.crane.cargo.plane","sceneStats":[{"sceneID":"13","eventStats":"352,252,152,52,52,0,0"}]}],"sdkVersion":"39","sessionToken":"rz8NZPsXKc\/CKXY9U3IRpMucS\/gIAj6nCSOqaoEuu86dLAecZkfWmZrnJ52Z24Dly0Exohrq9sV\/YFEGjlByCcnIlc8rfumbFBgPPAatTM5UPLm6QuvmY+ElOnVALQCUS++UBmyEkilnmDnuDgHdlvsjMruEUd49DSsG3BiHNAc="}
cache_ttl value is correct

Refresh Ad Rate value is correct
mode value is set

 Aspect ratio value is correct
sentry_log value is set
local_logging value is set
sentry_initialization value is set
sentry_debugging value is set
showPreRewardedDialogue value is set
showPostRewardedDialogue value is set
isSkipable value is set
{"cache_ttl":10080,"cache_ttl_rewarded":10080,"cache_ttl_banner":10080,"cache_ttl_native":10080,"cache_ttl_icon":10080,"refreshAdRate":30,"mode":"Production","aspectRatio":"4_3","cdnPath":"https:\/\/df8ymybeo92md.cloudfront.net\/images\/","sentry_log":0,"local_logging":0,"sentry_dsn":"https:\/\/93ffa1c9a4124f67b8888a53265f751a:bbf998e04584477fa9a145838e9d3b26@sentry.io\/168994","sentry_initialization":1,"sentry_debugging":0,"bannerSizes":[],"aspectRatioVideo":"16_9","app_id":"1752","showPreRewardedDialogue":0,"showPostRewardedDialogue":0,"rewardCurrency":"coins","rewardValue":0,"isSkipable":0,"privacyPolicyURL":"https:\/\/www.consoliads.com\/privacy-policy\/","sessionToken":"CcNVJEqA01p9YlfDzCsmjTMgFB653qIlrrB3\/9t03G6if2Yzjbisk66eo0u2AUneoUttbskVlfapi8fuZ80Q7+w2hGo7uMgFsw1yVd2898uLLoZ3ZxJABigua7lawCXgSknHfYIe6v1Vhj0\/ZQLozQIO7qcY8I+1e988md4CwVU="}
Session token value is set


{"appKey":"01cc5c461d53ae065213c5cd8caabc4f","deviceID":"3128","stats":[{"campaignID":110,"packageID":"com.mizo.police.airplane.transporter","sceneStats":[{"sceneID":"8","eventStats":"331,231,131,31,31,0,0"}]}],"sdkVersion":"2151","sessionToken":"CcNVJEqA01p9YlfDzCsmjTMgFB653qIlrrB3\/9t03G6if2Yzjbisk66eo0u2AUneoUttbskVlfapi8fuZ80Q7+w2hGo7uMgFsw1yVd2898uLLoZ3ZxJABigua7lawCXgSknHfYIe6v1Vhj0\/ZQLozQIO7qcY8I+1e988md4CwVU="}
cache_ttl value is correct

Refresh Ad Rate value is correct
mode value is set

 Aspect ratio value is correct
sentry_log value is set
local_logging value is set
sentry_initialization value is set
sentry_debugging value is set
showPreRewardedDialogue value is set
showPostRewardedDialogue value is set
isSkipable value is set
{"cache_ttl":10080,"cache_ttl_rewarded":10080,"cache_ttl_banner":10080,"cache_ttl_native":10080,"cache_ttl_icon":10080,"campaigns":[{"campaignID":"9277","attribution_link":"","attribution":1,"priority":"5","appToPromote":{"appToPromoteID":"17609","usesDefaultFrameImage":"0","usesDefaultCloseImage":"0","marketURL":"https:\/\/smartbear.com\/learn\/automated-testing\/test-automation-frameworks\/","packageID":"com.buntoo.buntooAd"},"showTemplate":1,"s2s_tracking_url":"","activeCreativeID":"4702","scenes":["1","2","6","4","5","15"],"campaignAdType":"Interstitial"},{"campaignID":"9278","attribution":0,"priority":"5","appToPromote":{"appToPromoteID":"17609","usesDefaultFrameImage":"0","usesDefaultCloseImage":"0","marketURL":"https:\/\/smartbear.com\/learn\/automated-testing\/test-automation-frameworks\/","packageID":"com.buntoo.buntooAd"},"showTemplate":1,"s2s_tracking_url":"https:\/\/smartbear.com\/learn\/automated-testing\/test-automation-frameworks\/","activeCreativeID":"4701","scenes":["1","2","6","4","5","15"],"campaignAdType":"Interstitial"},{"campaignID":"9279","attribution":0,"priority":"5","appToPromote":{"appToPromoteID":"17609","usesDefaultFrameImage":"0","usesDefaultCloseImage":"0","marketURL":"https:\/\/smartbear.com\/learn\/automated-testing\/test-automation-frameworks\/","packageID":"com.buntoo.buntooAd"},"showTemplate":1,"s2s_tracking_url":"https:\/\/smartbear.com\/learn\/automated-testing\/test-automation-frameworks\/","activeCreativeID":"4701","scenes":["1","2","6","4","5","15"],"campaignAdType":"Interstitial"},{"campaignID":"9280","attribution":0,"priority":"5","appToPromote":{"appToPromoteID":"17609","usesDefaultFrameImage":"0","usesDefaultCloseImage":"0","marketURL":"https:\/\/smartbear.com\/learn\/automated-testing\/test-automation-frameworks\/","packageID":"com.buntoo.buntooAd"},"showTemplate":1,"s2s_tracking_url":"https:\/\/smartbear.com\/learn\/automated-testing\/test-automation-frameworks\/","activeCreativeID":"4701","scenes":["1","2","6","4","5","15"],"campaignAdType":"Interstitial"},{"campaignID":"6766","attribution":0,"priority":"5","appToPromote":{"appToPromoteID":"13422","usesDefaultFrameImage":"0","usesDefaultCloseImage":"0","marketURL":"https:\/\/play.google.com\/store\/apps\/details?id=com.mizo.monster.truck.games","packageID":"com.mizo.monster.truck.games"},"showTemplate":1,"s2s_tracking_url":"https:\/\/play.google.com\/store\/apps\/details?id=com.mizo.monster.truck.games","activeCreativeID":"1880","scenes":["1","2","6","4","5","15"],"campaignAdType":"Icon"},{"campaignID":"7359","attribution":0,"priority":"5","appToPromote":{"appToPromoteID":"14746","usesDefaultFrameImage":"0","usesDefaultCloseImage":"0","marketURL":"https:\/\/play.google.com\/store\/apps\/details?id=com.buntoo.army.bus.parking","packageID":"com.buntoo.army.bus.parking"},"showTemplate":1,"s2s_tracking_url":"https:\/\/play.google.com\/store\/apps\/details?id=com.buntoo.army.bus.parking","activeCreativeID":"2497","scenes":["1","2","6","4","5","15"],"campaignAdType":"Video"},{"campaignID":"7370","attribution":0,"priority":"5","appToPromote":{"appToPromoteID":"14808","usesDefaultFrameImage":"0","usesDefaultCloseImage":"0","marketURL":"https:\/\/play.google.com\/store\/apps\/details?id=com.mizo.turtle.robot.transform.game","packageID":"com.mizo.turtle.robot.transform.game"},"showTemplate":1,"s2s_tracking_url":"https:\/\/play.google.com\/store\/apps\/details?id=com.mizo.turtle.robot.transform.game","activeCreativeID":"2509","scenes":["1","2","6","4","5","15"],"campaignAdType":"Icon"},{"campaignID":"7518","attribution":0,"priority":"5","appToPromote":{"appToPromoteID":"15052","usesDefaultFrameImage":"0","usesDefaultCloseImage":"0","marketURL":"https:\/\/play.google.com\/store\/apps\/details?id=com.mizo.robot.fps.shooting.game","packageID":"com.mizo.robot.fps.shooting.game"},"showTemplate":1,"s2s_tracking_url":"https:\/\/play.google.com\/store\/apps\/details?id=com.mizo.robot.fps.shooting.game","activeCreativeID":"2705","scenes":["1","2","4","5","6"],"campaignAdType":"Icon"},{"campaignID":"7519","attribution":0,"priority":"5","appToPromote":{"appToPromoteID":"15052","usesDefaultFrameImage":"0","usesDefaultCloseImage":"0","marketURL":"https:\/\/play.google.com\/store\/apps\/details?id=com.mizo.robot.fps.shooting.game","packageID":"com.mizo.robot.fps.shooting.game"},"showTemplate":1,"s2s_tracking_url":"https:\/\/play.google.com\/store\/apps\/details?id=com.mizo.robot.fps.shooting.game","activeCreativeID":"2707","scenes":["1","2","6","4","5","15"],"campaignAdType":"Video"},{"campaignID":"7554","attribution":0,"priority":"5","appToPromote":{"appToPromoteID":"15122","usesDefaultFrameImage":"0","usesDefaultCloseImage":"0","marketURL":"https:\/\/play.google.com\/store\/apps\/details?id=com.mizo.rooftop.fps.shooting","packageID":"com.mizo.rooftop.fps.shooting"},"showTemplate":1,"s2s_tracking_url":"https:\/\/play.google.com\/store\/apps\/details?id=com.mizo.rooftop.fps.shooting","activeCreativeID":"2735","scenes":["1","2","4","5","6"],"campaignAdType":"Icon"},{"campaignID":"7579","attribution":0,"priority":"5","appToPromote":{"appToPromoteID":"15098","usesDefaultFrameImage":"0","usesDefaultCloseImage":"0","marketURL":"https:\/\/play.google.com\/store\/apps\/details?id=com.gg.tps.shooting.games","packageID":"com.gg.tps.shooting.games"},"showTemplate":1,"s2s_tracking_url":"https:\/\/play.google.com\/store\/apps\/details?id=com.gg.tps.shooting.games","activeCreativeID":"2767","scenes":["1","2","6","4","5","15"],"campaignAdType":"Video"},{"campaignID":"7772","attribution":0,"priority":"5","appToPromote":{"appToPromoteID":"13049","usesDefaultFrameImage":"0","usesDefaultCloseImage":"0","marketURL":"https:\/\/play.google.com\/store\/apps\/details?id=com.mizo.quad.bike.shooting.games","packageID":"com.mizo.quad.bike.shooting.games"},"showTemplate":1,"s2s_tracking_url":"https:\/\/play.google.com\/store\/apps\/details?id=com.mizo.quad.bike.shooting.games","activeCreativeID":"3038","scenes":["1","2","6","4","5","15"],"campaignAdType":"Icon"},{"campaignID":"7838","attribution":0,"priority":"5","appToPromote":{"appToPromoteID":"15339","usesDefaultFrameImage":"0","usesDefaultCloseImage":"0","marketURL":"https:\/\/play.google.com\/store\/apps\/details?id=com.buntoo.pilot.robot.games","packageID":"com.buntoo.pilot.robot.games"},"showTemplate":1,"s2s_tracking_url":"https:\/\/play.google.com\/store\/apps\/details?id=com.buntoo.pilot.robot.games","activeCreativeID":"3118","scenes":["1","2","6","4","5","15"],"campaignAdType":"Video"},{"campaignID":"7839","attribution":0,"priority":"5","appToPromote":{"appToPromoteID":"15287","usesDefaultFrameImage":"0","usesDefaultCloseImage":"0","marketURL":"https:\/\/play.google.com\/store\/apps\/details?id=com.happy.family.traffic.shooter.games","packageID":"com.happy.family.traffic.shooter.games"},"showTemplate":1,"s2s_tracking_url":"https:\/\/play.google.com\/store\/apps\/details?id=com.happy.family.traffic.shooter.games","activeCreativeID":"3119","scenes":["1","2","6","4","5","15"],"campaignAdType":"Video"},{"campaignID":"7921","attribution":0,"priority":"5","appToPromote":{"appToPromoteID":"15297","usesDefaultFrameImage":"0","usesDefaultCloseImage":"0","marketURL":"https:\/\/play.google.com\/store\/apps\/details?id=com.gg.castle.fps.shooting.game","packageID":"com.gg.castle.fps.shooting.game"},"showTemplate":1,"s2s_tracking_url":"https:\/\/play.google.com\/store\/apps\/details?id=com.gg.castle.fps.shooting.game","activeCreativeID":"3218","scenes":["1","2","6","4","5","15"],"campaignAdType":"Video"},{"campaignID":"7976","attribution":0,"priority":"5","appToPromote":{"appToPromoteID":"15693","usesDefaultFrameImage":"0","usesDefaultCloseImage":"0","marketURL":"https:\/\/play.google.com\/store\/apps\/details?id=com.mizo.elephant.robot.transport.games","packageID":"com.mizo.elephant.robot.transport.games"},"showTemplate":1,"s2s_tracking_url":"https:\/\/play.google.com\/store\/apps\/details?id=com.mizo.elephant.robot.transport.games","activeCreativeID":"3281","scenes":["1","2","6","4","5","15"],"campaignAdType":"Icon"},{"campaignID":"8047","attribution":0,"priority":"5","appToPromote":{"appToPromoteID":"15907","usesDefaultFrameImage":"0","usesDefaultCloseImage":"0","marketURL":"https:\/\/play.google.com\/store\/apps\/details?id=com.mizo.teddy.bear.gun.strike.game","packageID":"com.mizo.teddy.bear.gun.strike.game"},"showTemplate":1,"s2s_tracking_url":"https:\/\/play.google.com\/store\/apps\/details?id=com.mizo.teddy.bear.gun.strike.game","activeCreativeID":"3356","scenes":["1","2","6","4","5","15"],"campaignAdType":"Video"},{"campaignID":"8056","attribution":0,"priority":"5","appToPromote":{"appToPromoteID":"15907","usesDefaultFrameImage":"0","usesDefaultCloseImage":"0","marketURL":"https:\/\/play.google.com\/store\/apps\/details?id=com.mizo.teddy.bear.gun.strike.game","packageID":"com.mizo.teddy.bear.gun.strike.game"},"showTemplate":1,"s2s_tracking_url":"https:\/\/play.google.com\/store\/apps\/details?id=com.mizo.teddy.bear.gun.strike.game","activeCreativeID":"3361","scenes":["1","2","6","4","5","15"],"campaignAdType":"Icon"},{"campaignID":"8172","attribution":0,"priority":"5","appToPromote":{"appToPromoteID":"15929","usesDefaultFrameImage":"0","usesDefaultCloseImage":"0","marketURL":"https:\/\/play.google.com\/store\/apps\/details?id=com.buntoo.mosquito.robot.transform.game","packageID":"com.buntoo.mosquito.robot.transform.game"},"showTemplate":1,"s2s_tracking_url":"https:\/\/play.google.com\/store\/apps\/details?id=com.buntoo.mosquito.robot.transform.game","activeCreativeID":"3498","scenes":["1","2","6","4","5","15"],"campaignAdType":"Video"},{"campaignID":"8288","attribution":0,"priority":"5","appToPromote":{"appToPromoteID":"16314","usesDefaultFrameImage":"0","usesDefaultCloseImage":"0","marketURL":"https:\/\/play.google.com\/store\/apps\/details?id=com.mizo.modern.fps.shooting.game","packageID":"com.mizo.modern.fps.shooting.game"},"showTemplate":1,"s2s_tracking_url":"https:\/\/play.google.com\/store\/apps\/details?id=com.mizo.modern.fps.shooting.game","activeCreativeID":"4124","scenes":["1","2","6","4","5","15"],"campaignAdType":"Icon"},{"campaignID":"8289","attribution":0,"priority":"5","appToPromote":{"appToPromoteID":"16314","usesDefaultFrameImage":"0","usesDefaultCloseImage":"0","marketURL":"https:\/\/play.google.com\/store\/apps\/details?id=com.mizo.modern.fps.shooting.game","packageID":"com.mizo.modern.fps.shooting.game"},"showTemplate":1,"s2s_tracking_url":"https:\/\/play.google.com\/store\/apps\/details?id=com.mizo.modern.fps.shooting.game","activeCreativeID":"3623","scenes":["1","2","6","4","5","15"],"campaignAdType":"Video"},{"campaignID":"8644","attribution":0,"priority":"5","appToPromote":{"appToPromoteID":"16736","usesDefaultFrameImage":"0","usesDefaultCloseImage":"0","marketURL":"https:\/\/play.google.com\/store\/apps\/details?id=com.branches.formula.car.game","packageID":"com.tdg.F1FlyingDroneCar"},"showTemplate":1,"s2s_tracking_url":"https:\/\/play.google.com\/store\/apps\/details?id=com.branches.formula.car.game","activeCreativeID":"3999","scenes":["1","2","6","4","5","15"],"campaignAdType":"Interstitial"},{"campaignID":"8726","attribution":0,"priority":"5","appToPromote":{"appToPromoteID":"16019","usesDefaultFrameImage":"0","usesDefaultCloseImage":"0","marketURL":"https:\/\/play.google.com\/store\/apps\/details?id=com.happy.family.quad.bike.mountain.stunts","packageID":"com.happy.family.quad.bike.mountain.stunts"},"showTemplate":1,"s2s_tracking_url":"https:\/\/play.google.com\/store\/apps\/details?id=com.happy.family.quad.bike.mountain.stunts","activeCreativeID":"4084","scenes":["1","2","6","4","5","15"],"campaignAdType":"Interstitial"},{"campaignID":"8727","attribution":0,"priority":"5","appToPromote":{"appToPromoteID":"12670","usesDefaultFrameImage":"0","usesDefaultCloseImage":"0","marketURL":"https:\/\/play.google.com\/store\/apps\/details?id=com.cradley.shopping.mall.taxi.games","packageID":"com.cradley.shopping.mall.taxi.games"},"showTemplate":1,"s2s_tracking_url":"https:\/\/play.google.com\/store\/apps\/details?id=com.cradley.shopping.mall.taxi.games","activeCreativeID":"4085","scenes":["1","2","6","4","5","15"],"campaignAdType":"Interstitial"},{"campaignID":"8792","attribution":0,"priority":"5","appToPromote":{"appToPromoteID":"12670","usesDefaultFrameImage":"0","usesDefaultCloseImage":"0","marketURL":"https:\/\/play.google.com\/store\/apps\/details?id=com.cradley.shopping.mall.taxi.games","packageID":"com.cradley.shopping.mall.taxi.games"},"showTemplate":1,"s2s_tracking_url":"https:\/\/play.google.com\/store\/apps\/details?id=com.cradley.shopping.mall.taxi.games","activeCreativeID":"4154","scenes":["1","2","6","4","5","15"],"campaignAdType":"Video"}],"refreshAdRate":30,"mode":"Production","aspectRatio":"4_3","cdnPath":"https:\/\/df8ymybeo92md.cloudfront.net\/images\/","sentry_log":0,"local_logging":0,"sentry_dsn":"https:\/\/93ffa1c9a4124f67b8888a53265f751a:bbf998e04584477fa9a145838e9d3b26@sentry.io\/168994","sentry_initialization":1,"sentry_debugging":0,"bannerSizes":["1"],"aspectRatioVideo":"16_9","app_id":"1853","showPreRewardedDialogue":0,"showPostRewardedDialogue":0,"rewardCurrency":"coins","rewardValue":0,"isSkipable":1,"privacyPolicyURL":"https:\/\/www.consoliads.com\/privacy-policy\/","sessionToken":"+UgVxYn2CX2ooZ7zN6m85s2a8V8BXsgg\/+yqjlVkCLwcmmZmdAFMSiv8nyJMR+CvXbiiyBWJn5Tkwnj\/yN0OmprNOafWRcgGYMZF23zpsgGqyDV3gos4WLD+Dw8Pdo51O4Y666W\/8j4HBCEjBigbnUdrPuq9OLqbTxwQEBIaemc="}
Session token value is set


{"appKey":"2f239cc63433a12656a3d1e2832fa017","deviceID":"2889","stats":[{"campaignID":114,"packageID":"com.vg.police.secret.agent.crime.gang","sceneStats":[{"sceneID":"8","eventStats":"329,229,129,29,29,0,0"}]}],"sdkVersion":"2163","sessionToken":"+UgVxYn2CX2ooZ7zN6m85s2a8V8BXsgg\/+yqjlVkCLwcmmZmdAFMSiv8nyJMR+CvXbiiyBWJn5Tkwnj\/yN0OmprNOafWRcgGYMZF23zpsgGqyDV3gos4WLD+Dw8Pdo51O4Y666W\/8j4HBCEjBigbnUdrPuq9OLqbTxwQEBIaemc="}
cache_ttl value is correct

Title value is correct

Title value is correct

Title value is correct

Title value is correct

Title value is correct

Title value is correct

Refresh Ad Rate value is correct
mode value is set

 Aspect ratio value is correct
sentry_log value is set
local_logging value is set
sentry_initialization value is set
sentry_debugging value is set
showPreRewardedDialogue value is set
showPostRewardedDialogue value is set
isSkipable value is set
{"cache_ttl":10080,"cache_ttl_rewarded":10080,"cache_ttl_banner":10080,"cache_ttl_native":10080,"cache_ttl_icon":10080,"campaigns":[{"campaignID":"9384","attribution":0,"priority":"5","appToPromote":{"appToPromoteID":"13185","usesDefaultFrameImage":"0","usesDefaultCloseImage":"0","marketURL":"https:\/\/play.google.com\/store\/apps\/details?id=com.gamesarena.flying.bike.tricks.stunts&amp;referrer=utm_source=42matters.com&amp;utm_medium=api","packageID":"com.gamesarena.flying.bike.tricks.stunts"},"showTemplate":1,"s2s_tracking_url":"https:\/\/play.google.com\/store\/apps\/details?id=com.gamesarena.flying.bike.tricks.stunts&amp;referrer=utm_source=42matters.com&amp;utm_medium=api","activeCreativeID":"4829","scenes":["12","1","8","6","15","2","9"],"campaignAdType":"Interstitial"},{"campaignID":"9386","attribution":0,"priority":"5","appToPromote":{"appToPromoteID":"17764","usesDefaultFrameImage":"0","usesDefaultCloseImage":"0","marketURL":"https:\/\/play.google.com\/store\/apps\/details?id=com.visiblebody.atlas&amp;referrer=utm_source=42matters.com&amp;utm_medium=api","packageID":"com.gamesarena..test6324"},"showTemplate":1,"s2s_tracking_url":"https:\/\/play.google.com\/store\/apps\/details?id=com.visiblebody.atlas&amp;referrer=utm_source=42matters.com&amp;utm_medium=api","activeCreativeID":"4828","scenes":["12","1","8","6","15","2","9"],"campaignAdType":"Interstitial"},{"campaignID":"9389","attribution":0,"priority":"5","appToPromote":{"appToPromoteID":"13185","usesDefaultFrameImage":"0","usesDefaultCloseImage":"0","marketURL":"https:\/\/play.google.com\/store\/apps\/details?id=com.gamesarena.flying.bike.tricks.stunts&amp;referrer=utm_source=42matters.com&amp;utm_medium=api","packageID":"com.gamesarena.flying.bike.tricks.stunts"},"showTemplate":1,"s2s_tracking_url":"https:\/\/play.google.com\/store\/apps\/details?id=com.gamesarena.flying.bike.tricks.stunts&amp;referrer=utm_source=42matters.com&amp;utm_medium=api","activeCreativeID":"4829","scenes":["12","1","8","6","15","2","9"],"campaignAdType":"Interstitial"},{"campaignID":"9390","attribution":0,"priority":"5","appToPromote":{"appToPromoteID":"17764","usesDefaultFrameImage":"0","usesDefaultCloseImage":"0","marketURL":"https:\/\/play.google.com\/store\/apps\/details?id=com.visiblebody.atlas&amp;referrer=utm_source=42matters.com&amp;utm_medium=api","packageID":"com.gamesarena..test6324"},"showTemplate":1,"s2s_tracking_url":"https:\/\/play.google.com\/store\/apps\/details?id=com.visiblebody.atlas&amp;referrer=utm_source=42matters.com&amp;utm_medium=api","activeCreativeID":"4828","scenes":["12","1","8","6","15","2","9"],"campaignAdType":"Interstitial"},{"campaignID":"7812","attribution":0,"priority":"5","appToPromote":{"appToPromoteID":"15674","usesDefaultFrameImage":"0","usesDefaultCloseImage":"0","marketURL":"https:\/\/play.google.com\/store\/apps\/details?id=com.vg.airplane.flight.pilot.simulator","packageID":"com.vg.airplane.flight.pilot.simulator"},"showTemplate":1,"s2s_tracking_url":"https:\/\/play.google.com\/store\/apps\/details?id=com.vg.airplane.flight.pilot.simulator","activeCreativeID":"3086","scenes":["12","1","8","6","15","2","9"],"campaignAdType":"Interstitial"},{"campaignID":"8709","attribution":0,"priority":"5","appToPromote":{"appToPromoteID":"15674","usesDefaultFrameImage":"0","usesDefaultCloseImage":"0","marketURL":"https:\/\/play.google.com\/store\/apps\/details?id=com.vg.airplane.flight.pilot.simulator","packageID":"com.vg.airplane.flight.pilot.simulator"},"showTemplate":1,"s2s_tracking_url":"https:\/\/play.google.com\/store\/apps\/details?id=com.vg.airplane.flight.pilot.simulator","activeCreativeID":"4068","scenes":["12","1","8","6","15","2","9"],"campaignAdType":"Native","title":"Airplane Pilot ","subTitle":"Airplane Simulator Game","description":"Play The Best Plane Sim","adClickThroughText":"Install Now"},{"campaignID":"8858","attribution":0,"priority":"5","appToPromote":{"appToPromoteID":"1992","usesDefaultFrameImage":"0","usesDefaultCloseImage":"0","marketURL":"https:\/\/play.google.com\/store\/apps\/details?id=com.vg.prisonerbreakout.HardTime","packageID":"com.vg.prisonerbreakout.HardTime"},"showTemplate":1,"s2s_tracking_url":"https:\/\/play.google.com\/store\/apps\/details?id=com.vg.prisonerbreakout.HardTime","activeCreativeID":"4220","scenes":["12","1","8","6","15","2","9"],"campaignAdType":"Interstitial"},{"campaignID":"7813","attribution":0,"priority":"3","appToPromote":{"appToPromoteID":"15674","usesDefaultFrameImage":"0","usesDefaultCloseImage":"0","marketURL":"https:\/\/play.google.com\/store\/apps\/details?id=com.vg.airplane.flight.pilot.simulator","packageID":"com.vg.airplane.flight.pilot.simulator"},"showTemplate":1,"s2s_tracking_url":"https:\/\/play.google.com\/store\/apps\/details?id=com.vg.airplane.flight.pilot.simulator","activeCreativeID":"3183","scenes":["12","1","8","6","15","2","9"],"campaignAdType":"Icon"},{"campaignID":"7750","attribution":0,"priority":"2","appToPromote":{"appToPromoteID":"1936","usesDefaultFrameImage":"0","usesDefaultCloseImage":"0","marketURL":"https:\/\/play.google.com\/store\/apps\/details?id=com.vg.crazy.car.rush.pro.taxi.driver","packageID":"com.vg.crazy.car.rush.pro.taxi.driver"},"showTemplate":1,"s2s_tracking_url":"https:\/\/play.google.com\/store\/apps\/details?id=com.vg.crazy.car.rush.pro.taxi.driver","activeCreativeID":"3007","scenes":["12","1","8","6","15","2","9"],"campaignAdType":"Icon"},{"campaignID":"8226","attribution":0,"priority":"8","appToPromote":{"appToPromoteID":"12623","usesDefaultFrameImage":"0","usesDefaultCloseImage":"0","marketURL":"https:\/\/play.google.com\/store\/apps\/details?id=com.igg.android.lordsmobile&amp;referrer=utm_source=42matters.com&amp;utm_medium=api","packageID":"com.nooribrand.android.lordsmobile"},"showTemplate":1,"s2s_tracking_url":"https:\/\/play.google.com\/store\/apps\/details?id=com.igg.android.lordsmobile&amp;referrer=utm_source=42matters.com&amp;utm_medium=api","activeCreativeID":"3557","scenes":["12","1","8","6","15","2","9"],"campaignAdType":"Icon"},{"campaignID":"9249","attribution_link":"https:\/\/app.appsflyer.com\/com.lgn.gun.strike.war.train.shooting.games?pid=consoliads_int&amp;af_click_lookback=7d&amp;clickid=2007_9249_2889&amp;android_id={android_id}&amp;sha1_android_id={sha1_android_id}&amp;advertising_id=2889&amp;sha1_advertising_id=03764d243c4cbd62413fcf184e4ecd9b546dd88d&amp;af_keywords=2","attribution":1,"priority":"8","appToPromote":{"appToPromoteID":"13421","usesDefaultFrameImage":"0","usesDefaultCloseImage":"0","marketURL":"http:\/\/www.google.com","packageID":"com.appricot2d.testt"},"showTemplate":1,"s2s_tracking_url":"https:\/\/app.appsflyer.com\/com.lgn.gun.strike.war.train.shooting.games?pid=consoliads_int&amp;af_click_lookback=7d&amp;clickid=2007_9249_2889&amp;android_id={android_id}&amp;sha1_android_id={sha1_android_id}&amp;advertising_id=2889&amp;sha1_advertising_id=03764d243c4cbd62413fcf184e4ecd9b546dd88d&amp;af_keywords=2","activeCreativeID":"4679","scenes":["12","1","8","6","15","2","9"],"campaignAdType":"Interstitial"},{"campaignID":"9252","attribution":0,"priority":"8","appToPromote":{"appToPromoteID":"12315","usesDefaultFrameImage":"0","usesDefaultCloseImage":"0","marketURL":"google.com","packageID":"com.qabrand.plnative"},"showTemplate":1,"s2s_tracking_url":"google.com","activeCreativeID":"4683","scenes":["12","1","8","6","15","2","9"],"campaignAdType":"Native","title":"Native first","subTitle":"First ","description":"New description","adClickThroughText":"FIRST Button"},{"campaignID":"9253","attribution":0,"priority":"8","appToPromote":{"appToPromoteID":"12315","usesDefaultFrameImage":"0","usesDefaultCloseImage":"0","marketURL":"google.com","packageID":"com.qabrand.plnative"},"showTemplate":1,"s2s_tracking_url":"google.com","activeCreativeID":"4683","scenes":["12","1","8","6","15","2","9"],"campaignAdType":"Native","title":"Native first","subTitle":"First ","description":"New description","adClickThroughText":"FIRST Button"},{"campaignID":"9255","attribution":0,"priority":"8","appToPromote":{"appToPromoteID":"13274","usesDefaultFrameImage":"0","usesDefaultCloseImage":"0","marketURL":"https:\/\/play.google.com\/store\/apps\/details?id=com.facebook.katana","packageID":"com.salon.adsalon"},"showTemplate":1,"s2s_tracking_url":"https:\/\/play.google.com\/store\/apps\/details?id=com.facebook.katana","activeCreativeID":"4685","scenes":["12","1","8","6","15","2","9"],"campaignAdType":"Native","title":"native NA ","subTitle":"native NA ","description":"native NA added","adClickThroughText":"native NA "},{"campaignID":"9257","attribution":0,"priority":"8","appToPromote":{"appToPromoteID":"12286","usesDefaultFrameImage":"0","usesDefaultCloseImage":"0","marketURL":"google.com","packageID":"com.qabrand.Chartboost_Native"},"showTemplate":1,"s2s_tracking_url":"google.com","activeCreativeID":"4688","scenes":["12","1","8","6","15","2","9"],"campaignAdType":"Native","title":"Native second updated","subTitle":"Native second ","description":"Native second details","adClickThroughText":"Native second "},{"campaignID":"9261","attribution_link":"https:\/\/app.appsflyer.com\/com.lgn.gun.strike.war.train.shooting.games?pid=consoliads_int&amp;af_click_lookback=7d&amp;clickid=2007_9261_2889&amp;android_id={android_id}&amp;sha1_android_id={sha1_android_id}&amp;advertising_id=2889&amp;sha1_advertising_id=03764d243c4cbd62413fcf184e4ecd9b546dd88d&amp;af_keywords=2","attribution":1,"priority":"8","appToPromote":{"appToPromoteID":"13421","usesDefaultFrameImage":"0","usesDefaultCloseImage":"0","marketURL":"http:\/\/www.google.com","packageID":"com.appricot2d.testt"},"showTemplate":1,"s2s_tracking_url":"https:\/\/app.appsflyer.com\/com.lgn.gun.strike.war.train.shooting.games?pid=consoliads_int&amp;af_click_lookback=7d&amp;clickid=2007_9261_2889&amp;android_id={android_id}&amp;sha1_android_id={sha1_android_id}&amp;advertising_id=2889&amp;sha1_advertising_id=03764d243c4cbd62413fcf184e4ecd9b546dd88d&amp;af_keywords=2","activeCreativeID":"4692","scenes":["12","1","8","6","15","2","9"],"campaignAdType":"Interstitial"},{"campaignID":"9263","attribution":0,"priority":"8","appToPromote":{"appToPromoteID":"12315","usesDefaultFrameImage":"0","usesDefaultCloseImage":"0","marketURL":"google.com","packageID":"com.qabrand.plnative"},"showTemplate":1,"s2s_tracking_url":"google.com","activeCreativeID":"4694","scenes":["12","1","8","6","15","2","9"],"campaignAdType":"Native","title":"test","subTitle":"test","description":" test details update","adClickThroughText":"test"},{"campaignID":"9131","attribution":0,"priority":"8","appToPromote":{"appToPromoteID":"17532","usesDefaultFrameImage":"0","usesDefaultCloseImage":"0","marketURL":"https:\/\/play.google.com\/store\/apps\/details?id=com.dhgate.buyermob","packageID":"com.dhgate.buyermob"},"showTemplate":1,"s2s_tracking_url":"https:\/\/tha.gotrackier.com\/click?campaign_id=63254\\u0026pub_id=75?p1=2007_9131_2889&amp;source=6841&amp;app_name=PoliceSecretAgentCrimeGang&amp;gaid=2889","activeCreativeID":"4483","scenes":["12","1","8","6","15","2","9"],"campaignAdType":"Interstitial"},{"campaignID":"561","attribution":0,"priority":"6","appToPromote":{"appToPromoteID":"5026","usesDefaultFrameImage":"0","usesDefaultCloseImage":"0","marketURL":"https:\/\/play.google.com\/store\/apps\/details?id=com.as.cashupapp","packageID":"com.as.cashupapp"},"showTemplate":1,"s2s_tracking_url":"https:\/\/play.google.com\/store\/apps\/details?id=com.as.cashupapp","activeCreativeID":"652","scenes":["12","1","8","6","15","2","9"],"campaignAdType":"Interstitial"},{"campaignID":"570","attribution":0,"priority":"6","appToPromote":{"appToPromoteID":"3802","usesDefaultFrameImage":"0","usesDefaultCloseImage":"0","marketURL":"https:\/\/play.google.com\/store\/apps\/details?id=com.Madxstudios.Flickshootsoccer","packageID":"com.Madxstudios.Flickshootsoccer"},"showTemplate":1,"s2s_tracking_url":"https:\/\/play.google.com\/store\/apps\/details?id=com.Madxstudios.Flickshootsoccer","activeCreativeID":"661","scenes":["12","1","8","6","15","2","9"],"campaignAdType":"Interstitial"},{"campaignID":"588","attribution":0,"priority":"6","appToPromote":{"appToPromoteID":"5026","usesDefaultFrameImage":"0","usesDefaultCloseImage":"0","marketURL":"https:\/\/play.google.com\/store\/apps\/details?id=com.as.cashupapp","packageID":"com.as.cashupapp"},"showTemplate":1,"s2s_tracking_url":"https:\/\/play.google.com\/store\/apps\/details?id=com.as.cashupapp","activeCreativeID":"652","scenes":["12","1","8","6","15","2","9"],"campaignAdType":"Interstitial"},{"campaignID":"6620","attribution":0,"priority":"6","appToPromote":{"appToPromoteID":"12980","usesDefaultFrameImage":"0","usesDefaultCloseImage":"0","marketURL":"https:\/\/play.google.com\/store\/apps\/details?id=com.sx.cooking.cafe.restaurant","packageID":"com.sx.cooking.cafe.restaurant"},"showTemplate":1,"s2s_tracking_url":"https:\/\/play.google.com\/store\/apps\/details?id=com.sx.cooking.cafe.restaurant","activeCreativeID":"1702","scenes":["12","1","8","6","15","2","9"],"campaignAdType":"Interstitial"}],"refreshAdRate":30,"mode":"Production","aspectRatio":"4_3","cdnPath":"https:\/\/df8ymybeo92md.cloudfront.net\/images\/","sentry_log":0,"local_logging":0,"sentry_dsn":"https:\/\/93ffa1c9a4124f67b8888a53265f751a:bbf998e04584477fa9a145838e9d3b26@sentry.io\/168994","sentry_initialization":1,"sentry_debugging":0,"bannerSizes":["1"],"aspectRatioVideo":"16_9","app_id":"2007","showPreRewardedDialogue":0,"showPostRewardedDialogue":0,"rewardCurrency":"coins","rewardValue":0,"isSkipable":0,"privacyPolicyURL":"https:\/\/www.consoliads.com\/privacy-policy\/","sessionToken":"Wi+pjMsgkMMowJtnKh8YxYnlGjyl9+UwMTK5pEG\/SMii7hb4DtplVp14sAjYWb2SSpJvvxFWK4X\/LEKFPG5b8SWIiFwQbZbbU5IhzU7DBHC0eygfpmDpbSFHyEs9Wjhgnc\/uzVcLdUNZ3xHbeb7SqOcQGqY3Jc8c6k2rSnz\/8ag="}
Session token value is set


{"appKey":"4d80502e5e231c73aef56bc16c23e28e","deviceID":"5125","stats":[{"campaignID":115,"packageID":"com.tgp.multistorey.car.transporter.truck","sceneStats":[{"sceneID":"13","eventStats":"351,251,151,51,51,0,0"}]}],"sdkVersion":"2163","sessionToken":"Wi+pjMsgkMMowJtnKh8YxYnlGjyl9+UwMTK5pEG\/SMii7hb4DtplVp14sAjYWb2SSpJvvxFWK4X\/LEKFPG5b8SWIiFwQbZbbU5IhzU7DBHC0eygfpmDpbSFHyEs9Wjhgnc\/uzVcLdUNZ3xHbeb7SqOcQGqY3Jc8c6k2rSnz\/8ag="}
cache_ttl value is correct

Title value is correct

Title value is correct

Title value is correct

Title value is correct

Title value is correct

Title value is correct

Refresh Ad Rate value is correct
mode value is set

 Aspect ratio value is correct
sentry_log value is set
local_logging value is set
sentry_initialization value is set
sentry_debugging value is set
showPreRewardedDialogue value is set
showPostRewardedDialogue value is set
isSkipable value is set
{"cache_ttl":10080,"cache_ttl_rewarded":10080,"cache_ttl_banner":10080,"cache_ttl_native":10080,"cache_ttl_icon":10080,"campaigns":[{"campaignID":"9384","attribution":0,"priority":"5","appToPromote":{"appToPromoteID":"13185","usesDefaultFrameImage":"0","usesDefaultCloseImage":"0","marketURL":"https:\/\/play.google.com\/store\/apps\/details?id=com.gamesarena.flying.bike.tricks.stunts&amp;referrer=utm_source=42matters.com&amp;utm_medium=api","packageID":"com.gamesarena.flying.bike.tricks.stunts"},"showTemplate":1,"s2s_tracking_url":"https:\/\/play.google.com\/store\/apps\/details?id=com.gamesarena.flying.bike.tricks.stunts&amp;referrer=utm_source=42matters.com&amp;utm_medium=api","activeCreativeID":"4829","scenes":["12","1","8","6","15","2"],"campaignAdType":"Interstitial"},{"campaignID":"9386","attribution":0,"priority":"5","appToPromote":{"appToPromoteID":"17764","usesDefaultFrameImage":"0","usesDefaultCloseImage":"0","marketURL":"https:\/\/play.google.com\/store\/apps\/details?id=com.visiblebody.atlas&amp;referrer=utm_source=42matters.com&amp;utm_medium=api","packageID":"com.gamesarena..test6324"},"showTemplate":1,"s2s_tracking_url":"https:\/\/play.google.com\/store\/apps\/details?id=com.visiblebody.atlas&amp;referrer=utm_source=42matters.com&amp;utm_medium=api","activeCreativeID":"4828","scenes":["12","1","8","6","15","2"],"campaignAdType":"Interstitial"},{"campaignID":"9389","attribution":0,"priority":"5","appToPromote":{"appToPromoteID":"13185","usesDefaultFrameImage":"0","usesDefaultCloseImage":"0","marketURL":"https:\/\/play.google.com\/store\/apps\/details?id=com.gamesarena.flying.bike.tricks.stunts&amp;referrer=utm_source=42matters.com&amp;utm_medium=api","packageID":"com.gamesarena.flying.bike.tricks.stunts"},"showTemplate":1,"s2s_tracking_url":"https:\/\/play.google.com\/store\/apps\/details?id=com.gamesarena.flying.bike.tricks.stunts&amp;referrer=utm_source=42matters.com&amp;utm_medium=api","activeCreativeID":"4829","scenes":["12","1","8","6","15","2"],"campaignAdType":"Interstitial"},{"campaignID":"9390","attribution":0,"priority":"5","appToPromote":{"appToPromoteID":"17764","usesDefaultFrameImage":"0","usesDefaultCloseImage":"0","marketURL":"https:\/\/play.google.com\/store\/apps\/details?id=com.visiblebody.atlas&amp;referrer=utm_source=42matters.com&amp;utm_medium=api","packageID":"com.gamesarena..test6324"},"showTemplate":1,"s2s_tracking_url":"https:\/\/play.google.com\/store\/apps\/details?id=com.visiblebody.atlas&amp;referrer=utm_source=42matters.com&amp;utm_medium=api","activeCreativeID":"4828","scenes":["12","1","8","6","15","2"],"campaignAdType":"Interstitial"},{"campaignID":"8355","attribution":0,"priority":"5","appToPromote":{"appToPromoteID":"16325","usesDefaultFrameImage":"0","usesDefaultCloseImage":"0","marketURL":"https:\/\/play.google.com\/store\/apps\/details?id=com.tgp.mega.ramp.ambulance.car.stunts","packageID":"com.tgp.mega.ramp.ambulance.car.stunts"},"showTemplate":1,"s2s_tracking_url":"https:\/\/play.google.com\/store\/apps\/details?id=com.tgp.mega.ramp.ambulance.car.stunts","activeCreativeID":"3693","scenes":["12","1","8","6","15","2"],"campaignAdType":"Icon"},{"campaignID":"8795","attribution":0,"priority":"5","appToPromote":{"appToPromoteID":"16325","usesDefaultFrameImage":"0","usesDefaultCloseImage":"0","marketURL":"https:\/\/play.google.com\/store\/apps\/details?id=com.tgp.mega.ramp.ambulance.car.stunts","packageID":"com.tgp.mega.ramp.ambulance.car.stunts"},"showTemplate":1,"s2s_tracking_url":"https:\/\/play.google.com\/store\/apps\/details?id=com.tgp.mega.ramp.ambulance.car.stunts","activeCreativeID":"4157","scenes":["12","1","8","6","15","2"],"campaignAdType":"Native","title":"Mega Ramp Stunts Game","subTitle":"Car Stunts ","description":"Mega Ramp Stunts Game","adClickThroughText":"Download FREE"},{"campaignID":"8376","attribution":0,"priority":"3","appToPromote":{"appToPromoteID":"16325","usesDefaultFrameImage":"0","usesDefaultCloseImage":"0","marketURL":"https:\/\/play.google.com\/store\/apps\/details?id=com.tgp.mega.ramp.ambulance.car.stunts","packageID":"com.tgp.mega.ramp.ambulance.car.stunts"},"showTemplate":1,"s2s_tracking_url":"https:\/\/play.google.com\/store\/apps\/details?id=com.tgp.mega.ramp.ambulance.car.stunts","activeCreativeID":"3718","scenes":["12","1","8","6","15","2"],"campaignAdType":"Interstitial"},{"campaignID":"8354","attribution":0,"priority":"2","appToPromote":{"appToPromoteID":"16325","usesDefaultFrameImage":"0","usesDefaultCloseImage":"0","marketURL":"https:\/\/play.google.com\/store\/apps\/details?id=com.tgp.mega.ramp.ambulance.car.stunts","packageID":"com.tgp.mega.ramp.ambulance.car.stunts"},"showTemplate":1,"s2s_tracking_url":"https:\/\/play.google.com\/store\/apps\/details?id=com.tgp.mega.ramp.ambulance.car.stunts","activeCreativeID":"3692","scenes":["12","1","8","6","15","2"],"campaignAdType":"Interstitial"},{"campaignID":"8226","attribution":0,"priority":"8","appToPromote":{"appToPromoteID":"12623","usesDefaultFrameImage":"0","usesDefaultCloseImage":"0","marketURL":"https:\/\/play.google.com\/store\/apps\/details?id=com.igg.android.lordsmobile&amp;referrer=utm_source=42matters.com&amp;utm_medium=api","packageID":"com.nooribrand.android.lordsmobile"},"showTemplate":1,"s2s_tracking_url":"https:\/\/play.google.com\/store\/apps\/details?id=com.igg.android.lordsmobile&amp;referrer=utm_source=42matters.com&amp;utm_medium=api","activeCreativeID":"3557","scenes":["12","1","8","6","15","2"],"campaignAdType":"Icon"},{"campaignID":"8613","attribution":0,"priority":"8","appToPromote":{"appToPromoteID":"12623","usesDefaultFrameImage":"0","usesDefaultCloseImage":"0","marketURL":"https:\/\/play.google.com\/store\/apps\/details?id=com.igg.android.lordsmobile&amp;referrer=utm_source=42matters.com&amp;utm_medium=api","packageID":"com.nooribrand.android.lordsmobile"},"showTemplate":1,"s2s_tracking_url":"https:\/\/play.google.com\/store\/apps\/details?id=com.igg.android.lordsmobile&amp;referrer=utm_source=42matters.com&amp;utm_medium=api","activeCreativeID":"3557","scenes":["12","1","8","6","15","2"],"campaignAdType":"Icon"},{"campaignID":"9249","attribution_link":"https:\/\/app.appsflyer.com\/com.lgn.gun.strike.war.train.shooting.games?pid=consoliads_int&amp;af_click_lookback=7d&amp;clickid=2018_9249_5125&amp;android_id={android_id}&amp;sha1_android_id={sha1_android_id}&amp;advertising_id=5125&amp;sha1_advertising_id=9ec169198ed9589be7ec3b9d9096e8a67edf2980&amp;af_keywords=2","attribution":1,"priority":"8","appToPromote":{"appToPromoteID":"13421","usesDefaultFrameImage":"0","usesDefaultCloseImage":"0","marketURL":"http:\/\/www.google.com","packageID":"com.appricot2d.testt"},"showTemplate":1,"s2s_tracking_url":"https:\/\/app.appsflyer.com\/com.lgn.gun.strike.war.train.shooting.games?pid=consoliads_int&amp;af_click_lookback=7d&amp;clickid=2018_9249_5125&amp;android_id={android_id}&amp;sha1_android_id={sha1_android_id}&amp;advertising_id=5125&amp;sha1_advertising_id=9ec169198ed9589be7ec3b9d9096e8a67edf2980&amp;af_keywords=2","activeCreativeID":"4679","scenes":["12","1","8","6","15","2"],"campaignAdType":"Interstitial"},{"campaignID":"9252","attribution":0,"priority":"8","appToPromote":{"appToPromoteID":"12315","usesDefaultFrameImage":"0","usesDefaultCloseImage":"0","marketURL":"google.com","packageID":"com.qabrand.plnative"},"showTemplate":1,"s2s_tracking_url":"google.com","activeCreativeID":"4683","scenes":["12","1","8","6","15","2"],"campaignAdType":"Native","title":"Native first","subTitle":"First ","description":"New description","adClickThroughText":"FIRST Button"},{"campaignID":"9253","attribution":0,"priority":"8","appToPromote":{"appToPromoteID":"12315","usesDefaultFrameImage":"0","usesDefaultCloseImage":"0","marketURL":"google.com","packageID":"com.qabrand.plnative"},"showTemplate":1,"s2s_tracking_url":"google.com","activeCreativeID":"4683","scenes":["12","1","8","6","15","2"],"campaignAdType":"Native","title":"Native first","subTitle":"First ","description":"New description","adClickThroughText":"FIRST Button"},{"campaignID":"9255","attribution":0,"priority":"8","appToPromote":{"appToPromoteID":"13274","usesDefaultFrameImage":"0","usesDefaultCloseImage":"0","marketURL":"https:\/\/play.google.com\/store\/apps\/details?id=com.facebook.katana","packageID":"com.salon.adsalon"},"showTemplate":1,"s2s_tracking_url":"https:\/\/play.google.com\/store\/apps\/details?id=com.facebook.katana","activeCreativeID":"4685","scenes":["12","1","8","6","15","2"],"campaignAdType":"Native","title":"native NA ","subTitle":"native NA ","description":"native NA added","adClickThroughText":"native NA "},{"campaignID":"9257","attribution":0,"priority":"8","appToPromote":{"appToPromoteID":"12286","usesDefaultFrameImage":"0","usesDefaultCloseImage":"0","marketURL":"google.com","packageID":"com.qabrand.Chartboost_Native"},"showTemplate":1,"s2s_tracking_url":"google.com","activeCreativeID":"4688","scenes":["12","1","8","6","15","2"],"campaignAdType":"Native","title":"Native second updated","subTitle":"Native second ","description":"Native second details","adClickThroughText":"Native second "},{"campaignID":"9261","attribution_link":"https:\/\/app.appsflyer.com\/com.lgn.gun.strike.war.train.shooting.games?pid=consoliads_int&amp;af_click_lookback=7d&amp;clickid=2018_9261_5125&amp;android_id={android_id}&amp;sha1_android_id={sha1_android_id}&amp;advertising_id=5125&amp;sha1_advertising_id=9ec169198ed9589be7ec3b9d9096e8a67edf2980&amp;af_keywords=2","attribution":1,"priority":"8","appToPromote":{"appToPromoteID":"13421","usesDefaultFrameImage":"0","usesDefaultCloseImage":"0","marketURL":"http:\/\/www.google.com","packageID":"com.appricot2d.testt"},"showTemplate":1,"s2s_tracking_url":"https:\/\/app.appsflyer.com\/com.lgn.gun.strike.war.train.shooting.games?pid=consoliads_int&amp;af_click_lookback=7d&amp;clickid=2018_9261_5125&amp;android_id={android_id}&amp;sha1_android_id={sha1_android_id}&amp;advertising_id=5125&amp;sha1_advertising_id=9ec169198ed9589be7ec3b9d9096e8a67edf2980&amp;af_keywords=2","activeCreativeID":"4692","scenes":["12","1","8","6","15","2"],"campaignAdType":"Interstitial"},{"campaignID":"9263","attribution":0,"priority":"8","appToPromote":{"appToPromoteID":"12315","usesDefaultFrameImage":"0","usesDefaultCloseImage":"0","marketURL":"google.com","packageID":"com.qabrand.plnative"},"showTemplate":1,"s2s_tracking_url":"google.com","activeCreativeID":"4694","scenes":["12","1","8","6","15","2"],"campaignAdType":"Native","title":"test","subTitle":"test","description":" test details update","adClickThroughText":"test"},{"campaignID":"9131","attribution":0,"priority":"8","appToPromote":{"appToPromoteID":"17532","usesDefaultFrameImage":"0","usesDefaultCloseImage":"0","marketURL":"https:\/\/play.google.com\/store\/apps\/details?id=com.dhgate.buyermob","packageID":"com.dhgate.buyermob"},"showTemplate":1,"s2s_tracking_url":"https:\/\/tha.gotrackier.com\/click?campaign_id=63254\\u0026pub_id=75?p1=2018_9131_5125&amp;source=6841&amp;app_name=MultiTruckCarTransporter&amp;gaid=5125","activeCreativeID":"4483","scenes":["12","1","8","6","15","2"],"campaignAdType":"Interstitial"},{"campaignID":"561","attribution":0,"priority":"6","appToPromote":{"appToPromoteID":"5026","usesDefaultFrameImage":"0","usesDefaultCloseImage":"0","marketURL":"https:\/\/play.google.com\/store\/apps\/details?id=com.as.cashupapp","packageID":"com.as.cashupapp"},"showTemplate":1,"s2s_tracking_url":"https:\/\/play.google.com\/store\/apps\/details?id=com.as.cashupapp","activeCreativeID":"652","scenes":["12","1","8","6","15","2"],"campaignAdType":"Interstitial"},{"campaignID":"570","attribution":0,"priority":"6","appToPromote":{"appToPromoteID":"3802","usesDefaultFrameImage":"0","usesDefaultCloseImage":"0","marketURL":"https:\/\/play.google.com\/store\/apps\/details?id=com.Madxstudios.Flickshootsoccer","packageID":"com.Madxstudios.Flickshootsoccer"},"showTemplate":1,"s2s_tracking_url":"https:\/\/play.google.com\/store\/apps\/details?id=com.Madxstudios.Flickshootsoccer","activeCreativeID":"661","scenes":["12","1","8","6","15","2"],"campaignAdType":"Interstitial"},{"campaignID":"588","attribution":0,"priority":"6","appToPromote":{"appToPromoteID":"5026","usesDefaultFrameImage":"0","usesDefaultCloseImage":"0","marketURL":"https:\/\/play.google.com\/store\/apps\/details?id=com.as.cashupapp","packageID":"com.as.cashupapp"},"showTemplate":1,"s2s_tracking_url":"https:\/\/play.google.com\/store\/apps\/details?id=com.as.cashupapp","activeCreativeID":"652","scenes":["12","1","8","6","15","2"],"campaignAdType":"Interstitial"},{"campaignID":"6620","attribution":0,"priority":"6","appToPromote":{"appToPromoteID":"12980","usesDefaultFrameImage":"0","usesDefaultCloseImage":"0","marketURL":"https:\/\/play.google.com\/store\/apps\/details?id=com.sx.cooking.cafe.restaurant","packageID":"com.sx.cooking.cafe.restaurant"},"showTemplate":1,"s2s_tracking_url":"https:\/\/play.google.com\/store\/apps\/details?id=com.sx.cooking.cafe.restaurant","activeCreativeID":"1702","scenes":["12","1","8","6","15","2"],"campaignAdType":"Interstitial"},{"campaignID":"6596","attribution":0,"priority":"5","appToPromote":{"appToPromoteID":"12980","usesDefaultFrameImage":"0","usesDefaultCloseImage":"0","marketURL":"https:\/\/play.google.com\/store\/apps\/details?id=com.sx.cooking.cafe.restaurant","packageID":"com.sx.cooking.cafe.restaurant"},"showTemplate":1,"s2s_tracking_url":"https:\/\/play.google.com\/store\/apps\/details?id=com.sx.cooking.cafe.restaurant","activeCreativeID":"1702","scenes":["12","1","8","6","15","2"],"campaignAdType":"Interstitial"}],"refreshAdRate":30,"mode":"Production","aspectRatio":"4_3","cdnPath":"https:\/\/df8ymybeo92md.cloudfront.net\/images\/","sentry_log":0,"local_logging":0,"sentry_dsn":"https:\/\/93ffa1c9a4124f67b8888a53265f751a:bbf998e04584477fa9a145838e9d3b26@sentry.io\/168994","sentry_initialization":1,"sentry_debugging":0,"bannerSizes":["1"],"aspectRatioVideo":"16_9","app_id":"2018","showPreRewardedDialogue":0,"showPostRewardedDialogue":0,"rewardCurrency":"coins","rewardValue":0,"isSkipable":0,"privacyPolicyURL":"https:\/\/www.consoliads.com\/privacy-policy\/","sessionToken":"U4E\/Y9czynoXm3uT9vBZxC7uadfRP\/FvaubB6n9MdY1yuYPUlS6ymTVH6f6wfBxXZ1Q5T96S1akmDfSnVQ22zowqlhxy4mOiDXNDiN1oKni6KTOKCRG1cvTGF6JWU00K+H6cEOjYm9jgB8g8orSU8OvkW6ldaLQSlvDdaFh0QUk="}
Session token value is set


{"appKey":"ea3a1008bf37134982acf7e675d170bc","deviceID":"1614","stats":[{"campaignID":116,"packageID":"com.whitesand.military.academy","sceneStats":[{"sceneID":"5","eventStats":"316,216,116,16,16,0,0"}]}],"sdkVersion":"39","sessionToken":"U4E\/Y9czynoXm3uT9vBZxC7uadfRP\/FvaubB6n9MdY1yuYPUlS6ymTVH6f6wfBxXZ1Q5T96S1akmDfSnVQ22zowqlhxy4mOiDXNDiN1oKni6KTOKCRG1cvTGF6JWU00K+H6cEOjYm9jgB8g8orSU8OvkW6ldaLQSlvDdaFh0QUk="}
cache_ttl value is correct

Refresh Ad Rate value is correct
mode value is set

 Aspect ratio value is correct
sentry_log value is set
local_logging value is set
sentry_initialization value is set
sentry_debugging value is set
showPreRewardedDialogue value is set
showPostRewardedDialogue value is set
isSkipable value is set
{"cache_ttl":10080,"cache_ttl_rewarded":10080,"cache_ttl_banner":10080,"cache_ttl_native":10080,"cache_ttl_icon":10080,"refreshAdRate":30,"mode":"Production","aspectRatio":"4_3","cdnPath":"https:\/\/df8ymybeo92md.cloudfront.net\/images\/","sentry_log":0,"local_logging":0,"sentry_dsn":"https:\/\/93ffa1c9a4124f67b8888a53265f751a:bbf998e04584477fa9a145838e9d3b26@sentry.io\/168994","sentry_initialization":1,"sentry_debugging":0,"bannerSizes":["5"],"aspectRatioVideo":"16_9","app_id":"1999","showPreRewardedDialogue":0,"showPostRewardedDialogue":0,"rewardCurrency":"coins","rewardValue":0,"isSkipable":0,"privacyPolicyURL":"https:\/\/www.consoliads.com\/privacy-policy\/","sessionToken":"nWJoZFWVWGB9+w34y\/dc1b3nFDCBZDWTN2bu7h7Y6MS6MvX3jdgLsZTe07Fh\/sGqhTHubfHmVxY9xRLjfLjPqnZXLQYKWF8zrjN\/ASRFgHVNSPRelRsMMtbuZN4aeCKzw7Iw1m+PYaqln4FxVp3TefTcIbYCMk3ZTB+hJtRrQtg="}
Session token value is set


{"appKey":"9df632233aa0ab875abe5f3677328817","deviceID":"9912","stats":[{"campaignID":121,"packageID":"com.whitesand.underwater.shark.sniper.hunter","sceneStats":[{"sceneID":"25","eventStats":"399,299,199,99,99,0,0"}]}],"sdkVersion":"90","sessionToken":"nWJoZFWVWGB9+w34y\/dc1b3nFDCBZDWTN2bu7h7Y6MS6MvX3jdgLsZTe07Fh\/sGqhTHubfHmVxY9xRLjfLjPqnZXLQYKWF8zrjN\/ASRFgHVNSPRelRsMMtbuZN4aeCKzw7Iw1m+PYaqln4FxVp3TefTcIbYCMk3ZTB+hJtRrQtg="}
cache_ttl value is correct

Refresh Ad Rate value is correct
mode value is set

 Aspect ratio value is correct
sentry_log value is set
local_logging value is set
sentry_initialization value is set
sentry_debugging value is set
showPreRewardedDialogue value is set
showPostRewardedDialogue value is set
isSkipable value is set
{"cache_ttl":10080,"cache_ttl_rewarded":10080,"cache_ttl_banner":10080,"cache_ttl_native":10080,"cache_ttl_icon":10080,"refreshAdRate":30,"mode":"Production","aspectRatio":"4_3","cdnPath":"https:\/\/df8ymybeo92md.cloudfront.net\/images\/","sentry_log":0,"local_logging":0,"sentry_dsn":"https:\/\/93ffa1c9a4124f67b8888a53265f751a:bbf998e04584477fa9a145838e9d3b26@sentry.io\/168994","sentry_initialization":1,"sentry_debugging":0,"bannerSizes":["5"],"aspectRatioVideo":"16_9","app_id":"2141","showPreRewardedDialogue":0,"showPostRewardedDialogue":0,"rewardCurrency":"coins","rewardValue":0,"isSkipable":0,"privacyPolicyURL":"https:\/\/www.consoliads.com\/privacy-policy\/","sessionToken":"MF4XUWZqxKVgZsex6DdoGqhtI7UszG1SK6BbYRdnWQVN1EfFEnn8egBiRg7NsOtoueW24GSJGFBruPDItWsRxCykN6kF+niC12Qgs6hOJUOvD+syNzVomOmdT2XcOCuWu0CsKbF8\/csffbPsYV1pFVgbDdS6pa8fO+Gu1T1Nv44="}
Session token value is set


{"appKey":"7d25f21b1692382e5507c792271446d8","deviceID":"3087","stats":[{"campaignID":123,"packageID":"com.mizo.taxi.driving.simII","sceneStats":[{"sceneID":"8","eventStats":"331,231,131,31,31,0,0"}]}],"sdkVersion":"90","sessionToken":"MF4XUWZqxKVgZsex6DdoGqhtI7UszG1SK6BbYRdnWQVN1EfFEnn8egBiRg7NsOtoueW24GSJGFBruPDItWsRxCykN6kF+niC12Qgs6hOJUOvD+syNzVomOmdT2XcOCuWu0CsKbF8\/csffbPsYV1pFVgbDdS6pa8fO+Gu1T1Nv44="}
cache_ttl value is correct

Refresh Ad Rate value is correct
mode value is set

 Aspect ratio value is correct
sentry_log value is set
local_logging value is set
sentry_initialization value is set
sentry_debugging value is set
showPreRewardedDialogue value is set
showPostRewardedDialogue value is set
isSkipable value is set
{"cache_ttl":10080,"cache_ttl_rewarded":10080,"cache_ttl_banner":10080,"cache_ttl_native":10080,"cache_ttl_icon":10080,"campaigns":[{"campaignID":"9277","attribution_link":"","attribution":1,"priority":"5","appToPromote":{"appToPromoteID":"17609","usesDefaultFrameImage":"0","usesDefaultCloseImage":"0","marketURL":"https:\/\/smartbear.com\/learn\/automated-testing\/test-automation-frameworks\/","packageID":"com.buntoo.buntooAd"},"showTemplate":1,"s2s_tracking_url":"","activeCreativeID":"4702","scenes":["1","2","6","4"],"campaignAdType":"Interstitial"},{"campaignID":"9278","attribution":0,"priority":"5","appToPromote":{"appToPromoteID":"17609","usesDefaultFrameImage":"0","usesDefaultCloseImage":"0","marketURL":"https:\/\/smartbear.com\/learn\/automated-testing\/test-automation-frameworks\/","packageID":"com.buntoo.buntooAd"},"showTemplate":1,"s2s_tracking_url":"https:\/\/smartbear.com\/learn\/automated-testing\/test-automation-frameworks\/","activeCreativeID":"4701","scenes":["1","2","6","4"],"campaignAdType":"Interstitial"},{"campaignID":"9279","attribution":0,"priority":"5","appToPromote":{"appToPromoteID":"17609","usesDefaultFrameImage":"0","usesDefaultCloseImage":"0","marketURL":"https:\/\/smartbear.com\/learn\/automated-testing\/test-automation-frameworks\/","packageID":"com.buntoo.buntooAd"},"showTemplate":1,"s2s_tracking_url":"https:\/\/smartbear.com\/learn\/automated-testing\/test-automation-frameworks\/","activeCreativeID":"4701","scenes":["1","2","6","4"],"campaignAdType":"Interstitial"},{"campaignID":"9280","attribution":0,"priority":"5","appToPromote":{"appToPromoteID":"17609","usesDefaultFrameImage":"0","usesDefaultCloseImage":"0","marketURL":"https:\/\/smartbear.com\/learn\/automated-testing\/test-automation-frameworks\/","packageID":"com.buntoo.buntooAd"},"showTemplate":1,"s2s_tracking_url":"https:\/\/smartbear.com\/learn\/automated-testing\/test-automation-frameworks\/","activeCreativeID":"4701","scenes":["1","2","6","4"],"campaignAdType":"Interstitial"},{"campaignID":"7359","attribution":0,"priority":"5","appToPromote":{"appToPromoteID":"14746","usesDefaultFrameImage":"0","usesDefaultCloseImage":"0","marketURL":"https:\/\/play.google.com\/store\/apps\/details?id=com.buntoo.army.bus.parking","packageID":"com.buntoo.army.bus.parking"},"showTemplate":1,"s2s_tracking_url":"https:\/\/play.google.com\/store\/apps\/details?id=com.buntoo.army.bus.parking","activeCreativeID":"2497","scenes":["1","2","6","4"],"campaignAdType":"Video"},{"campaignID":"7519","attribution":0,"priority":"5","appToPromote":{"appToPromoteID":"15052","usesDefaultFrameImage":"0","usesDefaultCloseImage":"0","marketURL":"https:\/\/play.google.com\/store\/apps\/details?id=com.mizo.robot.fps.shooting.game","packageID":"com.mizo.robot.fps.shooting.game"},"showTemplate":1,"s2s_tracking_url":"https:\/\/play.google.com\/store\/apps\/details?id=com.mizo.robot.fps.shooting.game","activeCreativeID":"2707","scenes":["1","2","6","4"],"campaignAdType":"Video"},{"campaignID":"7579","attribution":0,"priority":"5","appToPromote":{"appToPromoteID":"15098","usesDefaultFrameImage":"0","usesDefaultCloseImage":"0","marketURL":"https:\/\/play.google.com\/store\/apps\/details?id=com.gg.tps.shooting.games","packageID":"com.gg.tps.shooting.games"},"showTemplate":1,"s2s_tracking_url":"https:\/\/play.google.com\/store\/apps\/details?id=com.gg.tps.shooting.games","activeCreativeID":"2767","scenes":["1","2","6","4"],"campaignAdType":"Video"},{"campaignID":"7838","attribution":0,"priority":"5","appToPromote":{"appToPromoteID":"15339","usesDefaultFrameImage":"0","usesDefaultCloseImage":"0","marketURL":"https:\/\/play.google.com\/store\/apps\/details?id=com.buntoo.pilot.robot.games","packageID":"com.buntoo.pilot.robot.games"},"showTemplate":1,"s2s_tracking_url":"https:\/\/play.google.com\/store\/apps\/details?id=com.buntoo.pilot.robot.games","activeCreativeID":"3118","scenes":["1","2","6","4"],"campaignAdType":"Video"},{"campaignID":"7839","attribution":0,"priority":"5","appToPromote":{"appToPromoteID":"15287","usesDefaultFrameImage":"0","usesDefaultCloseImage":"0","marketURL":"https:\/\/play.google.com\/store\/apps\/details?id=com.happy.family.traffic.shooter.games","packageID":"com.happy.family.traffic.shooter.games"},"showTemplate":1,"s2s_tracking_url":"https:\/\/play.google.com\/store\/apps\/details?id=com.happy.family.traffic.shooter.games","activeCreativeID":"3119","scenes":["1","2","6","4"],"campaignAdType":"Video"},{"campaignID":"7921","attribution":0,"priority":"5","appToPromote":{"appToPromoteID":"15297","usesDefaultFrameImage":"0","usesDefaultCloseImage":"0","marketURL":"https:\/\/play.google.com\/store\/apps\/details?id=com.gg.castle.fps.shooting.game","packageID":"com.gg.castle.fps.shooting.game"},"showTemplate":1,"s2s_tracking_url":"https:\/\/play.google.com\/store\/apps\/details?id=com.gg.castle.fps.shooting.game","activeCreativeID":"3218","scenes":["1","2","6","4"],"campaignAdType":"Video"},{"campaignID":"8047","attribution":0,"priority":"5","appToPromote":{"appToPromoteID":"15907","usesDefaultFrameImage":"0","usesDefaultCloseImage":"0","marketURL":"https:\/\/play.google.com\/store\/apps\/details?id=com.mizo.teddy.bear.gun.strike.game","packageID":"com.mizo.teddy.bear.gun.strike.game"},"showTemplate":1,"s2s_tracking_url":"https:\/\/play.google.com\/store\/apps\/details?id=com.mizo.teddy.bear.gun.strike.game","activeCreativeID":"3356","scenes":["1","2","6","4"],"campaignAdType":"Video"},{"campaignID":"8172","attribution":0,"priority":"5","appToPromote":{"appToPromoteID":"15929","usesDefaultFrameImage":"0","usesDefaultCloseImage":"0","marketURL":"https:\/\/play.google.com\/store\/apps\/details?id=com.buntoo.mosquito.robot.transform.game","packageID":"com.buntoo.mosquito.robot.transform.game"},"showTemplate":1,"s2s_tracking_url":"https:\/\/play.google.com\/store\/apps\/details?id=com.buntoo.mosquito.robot.transform.game","activeCreativeID":"3498","scenes":["1","2","6","4"],"campaignAdType":"Video"},{"campaignID":"8289","attribution":0,"priority":"5","appToPromote":{"appToPromoteID":"16314","usesDefaultFrameImage":"0","usesDefaultCloseImage":"0","marketURL":"https:\/\/play.google.com\/store\/apps\/details?id=com.mizo.modern.fps.shooting.game","packageID":"com.mizo.modern.fps.shooting.game"},"showTemplate":1,"s2s_tracking_url":"https:\/\/play.google.com\/store\/apps\/details?id=com.mizo.modern.fps.shooting.game","activeCreativeID":"3623","scenes":["1","2","6","4"],"campaignAdType":"Video"},{"campaignID":"8644","attribution":0,"priority":"5","appToPromote":{"appToPromoteID":"16736","usesDefaultFrameImage":"0","usesDefaultCloseImage":"0","marketURL":"https:\/\/play.google.com\/store\/apps\/details?id=com.branches.formula.car.game","packageID":"com.tdg.F1FlyingDroneCar"},"showTemplate":1,"s2s_tracking_url":"https:\/\/play.google.com\/store\/apps\/details?id=com.branches.formula.car.game","activeCreativeID":"3999","scenes":["1","2","6","4"],"campaignAdType":"Interstitial"},{"campaignID":"8726","attribution":0,"priority":"5","appToPromote":{"appToPromoteID":"16019","usesDefaultFrameImage":"0","usesDefaultCloseImage":"0","marketURL":"https:\/\/play.google.com\/store\/apps\/details?id=com.happy.family.quad.bike.mountain.stunts","packageID":"com.happy.family.quad.bike.mountain.stunts"},"showTemplate":1,"s2s_tracking_url":"https:\/\/play.google.com\/store\/apps\/details?id=com.happy.family.quad.bike.mountain.stunts","activeCreativeID":"4084","scenes":["1","2","6","4"],"campaignAdType":"Interstitial"},{"campaignID":"8727","attribution":0,"priority":"5","appToPromote":{"appToPromoteID":"12670","usesDefaultFrameImage":"0","usesDefaultCloseImage":"0","marketURL":"https:\/\/play.google.com\/store\/apps\/details?id=com.cradley.shopping.mall.taxi.games","packageID":"com.cradley.shopping.mall.taxi.games"},"showTemplate":1,"s2s_tracking_url":"https:\/\/play.google.com\/store\/apps\/details?id=com.cradley.shopping.mall.taxi.games","activeCreativeID":"4085","scenes":["1","2","6","4"],"campaignAdType":"Interstitial"},{"campaignID":"8792","attribution":0,"priority":"5","appToPromote":{"appToPromoteID":"12670","usesDefaultFrameImage":"0","usesDefaultCloseImage":"0","marketURL":"https:\/\/play.google.com\/store\/apps\/details?id=com.cradley.shopping.mall.taxi.games","packageID":"com.cradley.shopping.mall.taxi.games"},"showTemplate":1,"s2s_tracking_url":"https:\/\/play.google.com\/store\/apps\/details?id=com.cradley.shopping.mall.taxi.games","activeCreativeID":"4154","scenes":["1","2","6","4"],"campaignAdType":"Video"}],"refreshAdRate":30,"mode":"Production","aspectRatio":"4_3","cdnPath":"https:\/\/df8ymybeo92md.cloudfront.net\/images\/","sentry_log":0,"local_logging":0,"sentry_dsn":"https:\/\/93ffa1c9a4124f67b8888a53265f751a:bbf998e04584477fa9a145838e9d3b26@sentry.io\/168994","sentry_initialization":1,"sentry_debugging":0,"bannerSizes":[],"aspectRatioVideo":"16_9","app_id":"1946","showPreRewardedDialogue":0,"showPostRewardedDialogue":0,"rewardCurrency":"coins","rewardValue":0,"isSkipable":0,"privacyPolicyURL":"https:\/\/www.consoliads.com\/privacy-policy\/","sessionToken":"jgGRyjLIx2FGuFPSPjhPTNyq\/E715RNLbGCibRXBhJULNbkFsaoL22J+LoQWnp+btm6m7Mo20pM9tYcQacDhGn4ky+L1jVuhaoaRBLgf1rj\/95KR7q9Ld34iONASsvr9b35pFywjMFnucABmdeCwSeaaq\/IxHqcj5Qmt7F2PI3w="}
Session token value is set


{"appKey":"e6c288ffb04d929a4737a593ce216e8b","deviceID":"5671","stats":[{"campaignID":126,"packageID":"com.gss.clown.robbery.gangster.squad","sceneStats":[{"sceneID":"15","eventStats":"357,257,157,57,57,0,0"}]}],"sdkVersion":"39","sessionToken":"jgGRyjLIx2FGuFPSPjhPTNyq\/E715RNLbGCibRXBhJULNbkFsaoL22J+LoQWnp+btm6m7Mo20pM9tYcQacDhGn4ky+L1jVuhaoaRBLgf1rj\/95KR7q9Ld34iONASsvr9b35pFywjMFnucABmdeCwSeaaq\/IxHqcj5Qmt7F2PI3w="}
cache_ttl value is correct

Refresh Ad Rate value is correct
mode value is set

 Aspect ratio value is correct
sentry_log value is set
local_logging value is set
sentry_initialization value is set
sentry_debugging value is set
showPreRewardedDialogue value is set
showPostRewardedDialogue value is set
isSkipable value is set
{"cache_ttl":10080,"cache_ttl_rewarded":10080,"cache_ttl_banner":10080,"cache_ttl_native":10080,"cache_ttl_icon":10080,"campaigns":[{"campaignID":"9384","attribution":0,"priority":"5","appToPromote":{"appToPromoteID":"13185","usesDefaultFrameImage":"0","usesDefaultCloseImage":"0","marketURL":"https:\/\/play.google.com\/store\/apps\/details?id=com.gamesarena.flying.bike.tricks.stunts&amp;referrer=utm_source=42matters.com&amp;utm_medium=api","packageID":"com.gamesarena.flying.bike.tricks.stunts"},"showTemplate":1,"s2s_tracking_url":"https:\/\/play.google.com\/store\/apps\/details?id=com.gamesarena.flying.bike.tricks.stunts&amp;referrer=utm_source=42matters.com&amp;utm_medium=api","activeCreativeID":"4829","scenes":["12","1","8","6","15","2"],"campaignAdType":"Interstitial"},{"campaignID":"9386","attribution":0,"priority":"5","appToPromote":{"appToPromoteID":"17764","usesDefaultFrameImage":"0","usesDefaultCloseImage":"0","marketURL":"https:\/\/play.google.com\/store\/apps\/details?id=com.visiblebody.atlas&amp;referrer=utm_source=42matters.com&amp;utm_medium=api","packageID":"com.gamesarena..test6324"},"showTemplate":1,"s2s_tracking_url":"https:\/\/play.google.com\/store\/apps\/details?id=com.visiblebody.atlas&amp;referrer=utm_source=42matters.com&amp;utm_medium=api","activeCreativeID":"4828","scenes":["12","1","8","6","15","2"],"campaignAdType":"Interstitial"},{"campaignID":"9389","attribution":0,"priority":"5","appToPromote":{"appToPromoteID":"13185","usesDefaultFrameImage":"0","usesDefaultCloseImage":"0","marketURL":"https:\/\/play.google.com\/store\/apps\/details?id=com.gamesarena.flying.bike.tricks.stunts&amp;referrer=utm_source=42matters.com&amp;utm_medium=api","packageID":"com.gamesarena.flying.bike.tricks.stunts"},"showTemplate":1,"s2s_tracking_url":"https:\/\/play.google.com\/store\/apps\/details?id=com.gamesarena.flying.bike.tricks.stunts&amp;referrer=utm_source=42matters.com&amp;utm_medium=api","activeCreativeID":"4829","scenes":["12","1","8","6","15","2"],"campaignAdType":"Interstitial"},{"campaignID":"9390","attribution":0,"priority":"5","appToPromote":{"appToPromoteID":"17764","usesDefaultFrameImage":"0","usesDefaultCloseImage":"0","marketURL":"https:\/\/play.google.com\/store\/apps\/details?id=com.visiblebody.atlas&amp;referrer=utm_source=42matters.com&amp;utm_medium=api","packageID":"com.gamesarena..test6324"},"showTemplate":1,"s2s_tracking_url":"https:\/\/play.google.com\/store\/apps\/details?id=com.visiblebody.atlas&amp;referrer=utm_source=42matters.com&amp;utm_medium=api","activeCreativeID":"4828","scenes":["12","1","8","6","15","2"],"campaignAdType":"Interstitial"},{"campaignID":"9249","attribution_link":"https:\/\/app.appsflyer.com\/com.lgn.gun.strike.war.train.shooting.games?pid=consoliads_int&amp;af_click_lookback=7d&amp;clickid=2081_9249_5671&amp;android_id={android_id}&amp;sha1_android_id={sha1_android_id}&amp;advertising_id=5671&amp;sha1_advertising_id=947d46f8060d9d7025cc5807ab9bf1b3b9143304&amp;af_keywords=2","attribution":1,"priority":"8","appToPromote":{"appToPromoteID":"13421","usesDefaultFrameImage":"0","usesDefaultCloseImage":"0","marketURL":"http:\/\/www.google.com","packageID":"com.appricot2d.testt"},"showTemplate":1,"s2s_tracking_url":"https:\/\/app.appsflyer.com\/com.lgn.gun.strike.war.train.shooting.games?pid=consoliads_int&amp;af_click_lookback=7d&amp;clickid=2081_9249_5671&amp;android_id={android_id}&amp;sha1_android_id={sha1_android_id}&amp;advertising_id=5671&amp;sha1_advertising_id=947d46f8060d9d7025cc5807ab9bf1b3b9143304&amp;af_keywords=2","activeCreativeID":"4679","scenes":["12","1","8","6","15","2"],"campaignAdType":"Interstitial"},{"campaignID":"9261","attribution_link":"https:\/\/app.appsflyer.com\/com.lgn.gun.strike.war.train.shooting.games?pid=consoliads_int&amp;af_click_lookback=7d&amp;clickid=2081_9261_5671&amp;android_id={android_id}&amp;sha1_android_id={sha1_android_id}&amp;advertising_id=5671&amp;sha1_advertising_id=947d46f8060d9d7025cc5807ab9bf1b3b9143304&amp;af_keywords=2","attribution":1,"priority":"8","appToPromote":{"appToPromoteID":"13421","usesDefaultFrameImage":"0","usesDefaultCloseImage":"0","marketURL":"http:\/\/www.google.com","packageID":"com.appricot2d.testt"},"showTemplate":1,"s2s_tracking_url":"https:\/\/app.appsflyer.com\/com.lgn.gun.strike.war.train.shooting.games?pid=consoliads_int&amp;af_click_lookback=7d&amp;clickid=2081_9261_5671&amp;android_id={android_id}&amp;sha1_android_id={sha1_android_id}&amp;advertising_id=5671&amp;sha1_advertising_id=947d46f8060d9d7025cc5807ab9bf1b3b9143304&amp;af_keywords=2","activeCreativeID":"4692","scenes":["12","1","8","6","15","2"],"campaignAdType":"Interstitial"},{"campaignID":"9131","attribution":0,"priority":"8","appToPromote":{"appToPromoteID":"17532","usesDefaultFrameImage":"0","usesDefaultCloseImage":"0","marketURL":"https:\/\/play.google.com\/store\/apps\/details?id=com.dhgate.buyermob","packageID":"com.dhgate.buyermob"},"showTemplate":1,"s2s_tracking_url":"https:\/\/tha.gotrackier.com\/click?campaign_id=63254\\u0026pub_id=75?p1=2081_9131_5671&amp;source=6841&amp;app_name=ClownRobberyGangsterSquad&amp;gaid=5671","activeCreativeID":"4483","scenes":["12","1","8","6","15","2"],"campaignAdType":"Interstitial"},{"campaignID":"561","attribution":0,"priority":"6","appToPromote":{"appToPromoteID":"5026","usesDefaultFrameImage":"0","usesDefaultCloseImage":"0","marketURL":"https:\/\/play.google.com\/store\/apps\/details?id=com.as.cashupapp","packageID":"com.as.cashupapp"},"showTemplate":1,"s2s_tracking_url":"https:\/\/play.google.com\/store\/apps\/details?id=com.as.cashupapp","activeCreativeID":"652","scenes":["12","1","8","6","15","2"],"campaignAdType":"Interstitial"},{"campaignID":"570","attribution":0,"priority":"6","appToPromote":{"appToPromoteID":"3802","usesDefaultFrameImage":"0","usesDefaultCloseImage":"0","marketURL":"https:\/\/play.google.com\/store\/apps\/details?id=com.Madxstudios.Flickshootsoccer","packageID":"com.Madxstudios.Flickshootsoccer"},"showTemplate":1,"s2s_tracking_url":"https:\/\/play.google.com\/store\/apps\/details?id=com.Madxstudios.Flickshootsoccer","activeCreativeID":"661","scenes":["12","1","8","6","15","2"],"campaignAdType":"Interstitial"},{"campaignID":"588","attribution":0,"priority":"6","appToPromote":{"appToPromoteID":"5026","usesDefaultFrameImage":"0","usesDefaultCloseImage":"0","marketURL":"https:\/\/play.google.com\/store\/apps\/details?id=com.as.cashupapp","packageID":"com.as.cashupapp"},"showTemplate":1,"s2s_tracking_url":"https:\/\/play.google.com\/store\/apps\/details?id=com.as.cashupapp","activeCreativeID":"652","scenes":["12","1","8","6","15","2"],"campaignAdType":"Interstitial"},{"campaignID":"6620","attribution":0,"priority":"6","appToPromote":{"appToPromoteID":"12980","usesDefaultFrameImage":"0","usesDefaultCloseImage":"0","marketURL":"https:\/\/play.google.com\/store\/apps\/details?id=com.sx.cooking.cafe.restaurant","packageID":"com.sx.cooking.cafe.restaurant"},"showTemplate":1,"s2s_tracking_url":"https:\/\/play.google.com\/store\/apps\/details?id=com.sx.cooking.cafe.restaurant","activeCreativeID":"1702","scenes":["12","1","8","6","15","2"],"campaignAdType":"Interstitial"},{"campaignID":"6596","attribution":0,"priority":"5","appToPromote":{"appToPromoteID":"12980","usesDefaultFrameImage":"0","usesDefaultCloseImage":"0","marketURL":"https:\/\/play.google.com\/store\/apps\/details?id=com.sx.cooking.cafe.restaurant","packageID":"com.sx.cooking.cafe.restaurant"},"showTemplate":1,"s2s_tracking_url":"https:\/\/play.google.com\/store\/apps\/details?id=com.sx.cooking.cafe.restaurant","activeCreativeID":"1702","scenes":["12","1","8","6","15","2"],"campaignAdType":"Interstitial"}],"refreshAdRate":30,"mode":"Production","aspectRatio":"4_3","cdnPath":"https:\/\/df8ymybeo92md.cloudfront.net\/images\/","sentry_log":0,"local_logging":0,"sentry_dsn":"https:\/\/93ffa1c9a4124f67b8888a53265f751a:bbf998e04584477fa9a145838e9d3b26@sentry.io\/168994","sentry_initialization":1,"sentry_debugging":0,"bannerSizes":["5"],"aspectRatioVideo":"16_9","app_id":"2081","showPreRewardedDialogue":0,"showPostRewardedDialogue":0,"rewardCurrency":"coins","rewardValue":0,"isSkipable":0,"privacyPolicyURL":"https:\/\/www.consoliads.com\/privacy-policy\/","sessionToken":"\/eHAMC3mM0lAz\/KmNyWowhUcvacpXOa0lvSOhIfzYlEplH+jol5jgXneWl5wh9ROe7W6tjO5QdMP4cSYgZzgqotlYL7\/CwM\/1oxywv0UcVTJcEGfcjMHek+dkXHtoQ+qzBUdf7k46PRtOMqM88mgG63MLEWpi7z2560XvcxBSWk="}
Session token value is set


{"appKey":"4d80502e5e231c73aef56bc16c23e28e","deviceID":"242","stats":[{"campaignID":128,"packageID":"com.tgp.multistorey.car.transporter.truck","sceneStats":[{"sceneID":"1","eventStats":"303,203,103,3,3,0,0"}]}],"sdkVersion":"2163","sessionToken":"\/eHAMC3mM0lAz\/KmNyWowhUcvacpXOa0lvSOhIfzYlEplH+jol5jgXneWl5wh9ROe7W6tjO5QdMP4cSYgZzgqotlYL7\/CwM\/1oxywv0UcVTJcEGfcjMHek+dkXHtoQ+qzBUdf7k46PRtOMqM88mgG63MLEWpi7z2560XvcxBSWk="}
cache_ttl value is correct

Title value is correct

Title value is correct

Title value is correct

Title value is correct

Title value is correct

Title value is correct

Refresh Ad Rate value is correct
mode value is set

 Aspect ratio value is correct
sentry_log value is set
local_logging value is set
sentry_initialization value is set
sentry_debugging value is set
showPreRewardedDialogue value is set
showPostRewardedDialogue value is set
isSkipable value is set
{"cache_ttl":10080,"cache_ttl_rewarded":10080,"cache_ttl_banner":10080,"cache_ttl_native":10080,"cache_ttl_icon":10080,"campaigns":[{"campaignID":"9384","attribution":0,"priority":"5","appToPromote":{"appToPromoteID":"13185","usesDefaultFrameImage":"0","usesDefaultCloseImage":"0","marketURL":"https:\/\/play.google.com\/store\/apps\/details?id=com.gamesarena.flying.bike.tricks.stunts&amp;referrer=utm_source=42matters.com&amp;utm_medium=api","packageID":"com.gamesarena.flying.bike.tricks.stunts"},"showTemplate":1,"s2s_tracking_url":"https:\/\/play.google.com\/store\/apps\/details?id=com.gamesarena.flying.bike.tricks.stunts&amp;referrer=utm_source=42matters.com&amp;utm_medium=api","activeCreativeID":"4829","scenes":["12","1","8","6","15","2"],"campaignAdType":"Interstitial"},{"campaignID":"9386","attribution":0,"priority":"5","appToPromote":{"appToPromoteID":"17764","usesDefaultFrameImage":"0","usesDefaultCloseImage":"0","marketURL":"https:\/\/play.google.com\/store\/apps\/details?id=com.visiblebody.atlas&amp;referrer=utm_source=42matters.com&amp;utm_medium=api","packageID":"com.gamesarena..test6324"},"showTemplate":1,"s2s_tracking_url":"https:\/\/play.google.com\/store\/apps\/details?id=com.visiblebody.atlas&amp;referrer=utm_source=42matters.com&amp;utm_medium=api","activeCreativeID":"4828","scenes":["12","1","8","6","15","2"],"campaignAdType":"Interstitial"},{"campaignID":"9389","attribution":0,"priority":"5","appToPromote":{"appToPromoteID":"13185","usesDefaultFrameImage":"0","usesDefaultCloseImage":"0","marketURL":"https:\/\/play.google.com\/store\/apps\/details?id=com.gamesarena.flying.bike.tricks.stunts&amp;referrer=utm_source=42matters.com&amp;utm_medium=api","packageID":"com.gamesarena.flying.bike.tricks.stunts"},"showTemplate":1,"s2s_tracking_url":"https:\/\/play.google.com\/store\/apps\/details?id=com.gamesarena.flying.bike.tricks.stunts&amp;referrer=utm_source=42matters.com&amp;utm_medium=api","activeCreativeID":"4829","scenes":["12","1","8","6","15","2"],"campaignAdType":"Interstitial"},{"campaignID":"9390","attribution":0,"priority":"5","appToPromote":{"appToPromoteID":"17764","usesDefaultFrameImage":"0","usesDefaultCloseImage":"0","marketURL":"https:\/\/play.google.com\/store\/apps\/details?id=com.visiblebody.atlas&amp;referrer=utm_source=42matters.com&amp;utm_medium=api","packageID":"com.gamesarena..test6324"},"showTemplate":1,"s2s_tracking_url":"https:\/\/play.google.com\/store\/apps\/details?id=com.visiblebody.atlas&amp;referrer=utm_source=42matters.com&amp;utm_medium=api","activeCreativeID":"4828","scenes":["12","1","8","6","15","2"],"campaignAdType":"Interstitial"},{"campaignID":"8355","attribution":0,"priority":"5","appToPromote":{"appToPromoteID":"16325","usesDefaultFrameImage":"0","usesDefaultCloseImage":"0","marketURL":"https:\/\/play.google.com\/store\/apps\/details?id=com.tgp.mega.ramp.ambulance.car.stunts","packageID":"com.tgp.mega.ramp.ambulance.car.stunts"},"showTemplate":1,"s2s_tracking_url":"https:\/\/play.google.com\/store\/apps\/details?id=com.tgp.mega.ramp.ambulance.car.stunts","activeCreativeID":"3693","scenes":["12","1","8","6","15","2"],"campaignAdType":"Icon"},{"campaignID":"8795","attribution":0,"priority":"5","appToPromote":{"appToPromoteID":"16325","usesDefaultFrameImage":"0","usesDefaultCloseImage":"0","marketURL":"https:\/\/play.google.com\/store\/apps\/details?id=com.tgp.mega.ramp.ambulance.car.stunts","packageID":"com.tgp.mega.ramp.ambulance.car.stunts"},"showTemplate":1,"s2s_tracking_url":"https:\/\/play.google.com\/store\/apps\/details?id=com.tgp.mega.ramp.ambulance.car.stunts","activeCreativeID":"4157","scenes":["12","1","8","6","15","2"],"campaignAdType":"Native","title":"Mega Ramp Stunts Game","subTitle":"Car Stunts ","description":"Mega Ramp Stunts Game","adClickThroughText":"Download FREE"},{"campaignID":"8376","attribution":0,"priority":"3","appToPromote":{"appToPromoteID":"16325","usesDefaultFrameImage":"0","usesDefaultCloseImage":"0","marketURL":"https:\/\/play.google.com\/store\/apps\/details?id=com.tgp.mega.ramp.ambulance.car.stunts","packageID":"com.tgp.mega.ramp.ambulance.car.stunts"},"showTemplate":1,"s2s_tracking_url":"https:\/\/play.google.com\/store\/apps\/details?id=com.tgp.mega.ramp.ambulance.car.stunts","activeCreativeID":"3718","scenes":["12","1","8","6","15","2"],"campaignAdType":"Interstitial"},{"campaignID":"8354","attribution":0,"priority":"2","appToPromote":{"appToPromoteID":"16325","usesDefaultFrameImage":"0","usesDefaultCloseImage":"0","marketURL":"https:\/\/play.google.com\/store\/apps\/details?id=com.tgp.mega.ramp.ambulance.car.stunts","packageID":"com.tgp.mega.ramp.ambulance.car.stunts"},"showTemplate":1,"s2s_tracking_url":"https:\/\/play.google.com\/store\/apps\/details?id=com.tgp.mega.ramp.ambulance.car.stunts","activeCreativeID":"3692","scenes":["12","1","8","6","15","2"],"campaignAdType":"Interstitial"},{"campaignID":"8226","attribution":0,"priority":"8","appToPromote":{"appToPromoteID":"12623","usesDefaultFrameImage":"0","usesDefaultCloseImage":"0","marketURL":"https:\/\/play.google.com\/store\/apps\/details?id=com.igg.android.lordsmobile&amp;referrer=utm_source=42matters.com&amp;utm_medium=api","packageID":"com.nooribrand.android.lordsmobile"},"showTemplate":1,"s2s_tracking_url":"https:\/\/play.google.com\/store\/apps\/details?id=com.igg.android.lordsmobile&amp;referrer=utm_source=42matters.com&amp;utm_medium=api","activeCreativeID":"3557","scenes":["12","1","8","6","15","2"],"campaignAdType":"Icon"},{"campaignID":"8613","attribution":0,"priority":"8","appToPromote":{"appToPromoteID":"12623","usesDefaultFrameImage":"0","usesDefaultCloseImage":"0","marketURL":"https:\/\/play.google.com\/store\/apps\/details?id=com.igg.android.lordsmobile&amp;referrer=utm_source=42matters.com&amp;utm_medium=api","packageID":"com.nooribrand.android.lordsmobile"},"showTemplate":1,"s2s_tracking_url":"https:\/\/play.google.com\/store\/apps\/details?id=com.igg.android.lordsmobile&amp;referrer=utm_source=42matters.com&amp;utm_medium=api","activeCreativeID":"3557","scenes":["12","1","8","6","15","2"],"campaignAdType":"Icon"},{"campaignID":"9249","attribution_link":"https:\/\/app.appsflyer.com\/com.lgn.gun.strike.war.train.shooting.games?pid=consoliads_int&amp;af_click_lookback=7d&amp;clickid=2018_9249_242&amp;android_id={android_id}&amp;sha1_android_id={sha1_android_id}&amp;advertising_id=242&amp;sha1_advertising_id=851cd04fbcac9538616f1d147d7930db87b8750d&amp;af_keywords=2","attribution":1,"priority":"8","appToPromote":{"appToPromoteID":"13421","usesDefaultFrameImage":"0","usesDefaultCloseImage":"0","marketURL":"http:\/\/www.google.com","packageID":"com.appricot2d.testt"},"showTemplate":1,"s2s_tracking_url":"https:\/\/app.appsflyer.com\/com.lgn.gun.strike.war.train.shooting.games?pid=consoliads_int&amp;af_click_lookback=7d&amp;clickid=2018_9249_242&amp;android_id={android_id}&amp;sha1_android_id={sha1_android_id}&amp;advertising_id=242&amp;sha1_advertising_id=851cd04fbcac9538616f1d147d7930db87b8750d&amp;af_keywords=2","activeCreativeID":"4679","scenes":["12","1","8","6","15","2"],"campaignAdType":"Interstitial"},{"campaignID":"9252","attribution":0,"priority":"8","appToPromote":{"appToPromoteID":"12315","usesDefaultFrameImage":"0","usesDefaultCloseImage":"0","marketURL":"google.com","packageID":"com.qabrand.plnative"},"showTemplate":1,"s2s_tracking_url":"google.com","activeCreativeID":"4683","scenes":["12","1","8","6","15","2"],"campaignAdType":"Native","title":"Native first","subTitle":"First ","description":"New description","adClickThroughText":"FIRST Button"},{"campaignID":"9253","attribution":0,"priority":"8","appToPromote":{"appToPromoteID":"12315","usesDefaultFrameImage":"0","usesDefaultCloseImage":"0","marketURL":"google.com","packageID":"com.qabrand.plnative"},"showTemplate":1,"s2s_tracking_url":"google.com","activeCreativeID":"4683","scenes":["12","1","8","6","15","2"],"campaignAdType":"Native","title":"Native first","subTitle":"First ","description":"New description","adClickThroughText":"FIRST Button"},{"campaignID":"9255","attribution":0,"priority":"8","appToPromote":{"appToPromoteID":"13274","usesDefaultFrameImage":"0","usesDefaultCloseImage":"0","marketURL":"https:\/\/play.google.com\/store\/apps\/details?id=com.facebook.katana","packageID":"com.salon.adsalon"},"showTemplate":1,"s2s_tracking_url":"https:\/\/play.google.com\/store\/apps\/details?id=com.facebook.katana","activeCreativeID":"4685","scenes":["12","1","8","6","15","2"],"campaignAdType":"Native","title":"native NA ","subTitle":"native NA ","description":"native NA added","adClickThroughText":"native NA "},{"campaignID":"9257","attribution":0,"priority":"8","appToPromote":{"appToPromoteID":"12286","usesDefaultFrameImage":"0","usesDefaultCloseImage":"0","marketURL":"google.com","packageID":"com.qabrand.Chartboost_Native"},"showTemplate":1,"s2s_tracking_url":"google.com","activeCreativeID":"4688","scenes":["12","1","8","6","15","2"],"campaignAdType":"Native","title":"Native second updated","subTitle":"Native second ","description":"Native second details","adClickThroughText":"Native second "},{"campaignID":"9261","attribution_link":"https:\/\/app.appsflyer.com\/com.lgn.gun.strike.war.train.shooting.games?pid=consoliads_int&amp;af_click_lookback=7d&amp;clickid=2018_9261_242&amp;android_id={android_id}&amp;sha1_android_id={sha1_android_id}&amp;advertising_id=242&amp;sha1_advertising_id=851cd04fbcac9538616f1d147d7930db87b8750d&amp;af_keywords=2","attribution":1,"priority":"8","appToPromote":{"appToPromoteID":"13421","usesDefaultFrameImage":"0","usesDefaultCloseImage":"0","marketURL":"http:\/\/www.google.com","packageID":"com.appricot2d.testt"},"showTemplate":1,"s2s_tracking_url":"https:\/\/app.appsflyer.com\/com.lgn.gun.strike.war.train.shooting.games?pid=consoliads_int&amp;af_click_lookback=7d&amp;clickid=2018_9261_242&amp;android_id={android_id}&amp;sha1_android_id={sha1_android_id}&amp;advertising_id=242&amp;sha1_advertising_id=851cd04fbcac9538616f1d147d7930db87b8750d&amp;af_keywords=2","activeCreativeID":"4692","scenes":["12","1","8","6","15","2"],"campaignAdType":"Interstitial"},{"campaignID":"9263","attribution":0,"priority":"8","appToPromote":{"appToPromoteID":"12315","usesDefaultFrameImage":"0","usesDefaultCloseImage":"0","marketURL":"google.com","packageID":"com.qabrand.plnative"},"showTemplate":1,"s2s_tracking_url":"google.com","activeCreativeID":"4694","scenes":["12","1","8","6","15","2"],"campaignAdType":"Native","title":"test","subTitle":"test","description":" test details update","adClickThroughText":"test"},{"campaignID":"9131","attribution":0,"priority":"8","appToPromote":{"appToPromoteID":"17532","usesDefaultFrameImage":"0","usesDefaultCloseImage":"0","marketURL":"https:\/\/play.google.com\/store\/apps\/details?id=com.dhgate.buyermob","packageID":"com.dhgate.buyermob"},"showTemplate":1,"s2s_tracking_url":"https:\/\/tha.gotrackier.com\/click?campaign_id=63254\\u0026pub_id=75?p1=2018_9131_242&amp;source=6841&amp;app_name=MultiTruckCarTransporter&amp;gaid=242","activeCreativeID":"4483","scenes":["12","1","8","6","15","2"],"campaignAdType":"Interstitial"},{"campaignID":"561","attribution":0,"priority":"6","appToPromote":{"appToPromoteID":"5026","usesDefaultFrameImage":"0","usesDefaultCloseImage":"0","marketURL":"https:\/\/play.google.com\/store\/apps\/details?id=com.as.cashupapp","packageID":"com.as.cashupapp"},"showTemplate":1,"s2s_tracking_url":"https:\/\/play.google.com\/store\/apps\/details?id=com.as.cashupapp","activeCreativeID":"652","scenes":["12","1","8","6","15","2"],"campaignAdType":"Interstitial"},{"campaignID":"570","attribution":0,"priority":"6","appToPromote":{"appToPromoteID":"3802","usesDefaultFrameImage":"0","usesDefaultCloseImage":"0","marketURL":"https:\/\/play.google.com\/store\/apps\/details?id=com.Madxstudios.Flickshootsoccer","packageID":"com.Madxstudios.Flickshootsoccer"},"showTemplate":1,"s2s_tracking_url":"https:\/\/play.google.com\/store\/apps\/details?id=com.Madxstudios.Flickshootsoccer","activeCreativeID":"661","scenes":["12","1","8","6","15","2"],"campaignAdType":"Interstitial"},{"campaignID":"588","attribution":0,"priority":"6","appToPromote":{"appToPromoteID":"5026","usesDefaultFrameImage":"0","usesDefaultCloseImage":"0","marketURL":"https:\/\/play.google.com\/store\/apps\/details?id=com.as.cashupapp","packageID":"com.as.cashupapp"},"showTemplate":1,"s2s_tracking_url":"https:\/\/play.google.com\/store\/apps\/details?id=com.as.cashupapp","activeCreativeID":"652","scenes":["12","1","8","6","15","2"],"campaignAdType":"Interstitial"},{"campaignID":"6620","attribution":0,"priority":"6","appToPromote":{"appToPromoteID":"12980","usesDefaultFrameImage":"0","usesDefaultCloseImage":"0","marketURL":"https:\/\/play.google.com\/store\/apps\/details?id=com.sx.cooking.cafe.restaurant","packageID":"com.sx.cooking.cafe.restaurant"},"showTemplate":1,"s2s_tracking_url":"https:\/\/play.google.com\/store\/apps\/details?id=com.sx.cooking.cafe.restaurant","activeCreativeID":"1702","scenes":["12","1","8","6","15","2"],"campaignAdType":"Interstitial"},{"campaignID":"6596","attribution":0,"priority":"5","appToPromote":{"appToPromoteID":"12980","usesDefaultFrameImage":"0","usesDefaultCloseImage":"0","marketURL":"https:\/\/play.google.com\/store\/apps\/details?id=com.sx.cooking.cafe.restaurant","packageID":"com.sx.cooking.cafe.restaurant"},"showTemplate":1,"s2s_tracking_url":"https:\/\/play.google.com\/store\/apps\/details?id=com.sx.cooking.cafe.restaurant","activeCreativeID":"1702","scenes":["12","1","8","6","15","2"],"campaignAdType":"Interstitial"}],"refreshAdRate":30,"mode":"Production","aspectRatio":"4_3","cdnPath":"https:\/\/df8ymybeo92md.cloudfront.net\/images\/","sentry_log":0,"local_logging":0,"sentry_dsn":"https:\/\/93ffa1c9a4124f67b8888a53265f751a:bbf998e04584477fa9a145838e9d3b26@sentry.io\/168994","sentry_initialization":1,"sentry_debugging":0,"bannerSizes":["1"],"aspectRatioVideo":"16_9","app_id":"2018","showPreRewardedDialogue":0,"showPostRewardedDialogue":0,"rewardCurrency":"coins","rewardValue":0,"isSkipable":0,"privacyPolicyURL":"https:\/\/www.consoliads.com\/privacy-policy\/","sessionToken":"+P93q4qUwirxi9fYBAOyf74\/Lt4sCFc9S8n6TN60+fC6e7qi28zDtTD2IdCPrBkUAD7BOkOz+1f5\/SjLHVJmUGUuQUNptU\/5se2tGfDhK1M36K\/ATGCGZFSQjIBU2zXYrBrKb3BJFH5jYPqF1x9Jf7sMGfaisIjT9HO03j9Cd8E="}
Session token value is set


{"appKey":"95784c8196170f224be1193006a3bbea","deviceID":"6414","stats":[{"campaignID":130,"packageID":"com.whitesand.bike.mechanic","sceneStats":[{"sceneID":"17","eventStats":"364,264,164,64,64,0,0"}]}],"sdkVersion":"39","sessionToken":"+P93q4qUwirxi9fYBAOyf74\/Lt4sCFc9S8n6TN60+fC6e7qi28zDtTD2IdCPrBkUAD7BOkOz+1f5\/SjLHVJmUGUuQUNptU\/5se2tGfDhK1M36K\/ATGCGZFSQjIBU2zXYrBrKb3BJFH5jYPqF1x9Jf7sMGfaisIjT9HO03j9Cd8E="}
cache_ttl value is correct

Refresh Ad Rate value is correct
mode value is set

 Aspect ratio value is correct
sentry_log value is set
local_logging value is set
sentry_initialization value is set
sentry_debugging value is set
showPreRewardedDialogue value is set
showPostRewardedDialogue value is set
isSkipable value is set
{"cache_ttl":10080,"cache_ttl_rewarded":10080,"cache_ttl_banner":10080,"cache_ttl_native":10080,"cache_ttl_icon":10080,"refreshAdRate":30,"mode":"Production","aspectRatio":"4_3","cdnPath":"https:\/\/df8ymybeo92md.cloudfront.net\/images\/","sentry_log":0,"local_logging":0,"sentry_dsn":"https:\/\/93ffa1c9a4124f67b8888a53265f751a:bbf998e04584477fa9a145838e9d3b26@sentry.io\/168994","sentry_initialization":1,"sentry_debugging":0,"bannerSizes":["5"],"aspectRatioVideo":"16_9","app_id":"2030","showPreRewardedDialogue":0,"showPostRewardedDialogue":0,"rewardCurrency":"coins","rewardValue":0,"isSkipable":0,"privacyPolicyURL":"https:\/\/www.consoliads.com\/privacy-policy\/","sessionToken":"lZQJk2VYaRQ9aNPZDI8MRCtJZenD8oDGbbGYLkp9ycr9s4uWib7J07Jn40HdfeZLcouQT4RZFytX2TYpKji1piSIUcyQ9UlaSpi0wRzcixN47Q4LNQ\/LO2zQoIp5+ELVclaWseauttLM2hZjZasN8+USAixGtavXRoGthFJkjp4="}
Session token value is set


{"appKey":"408e2b68db7ae9de1346fe1907578a69","deviceID":"776","stats":[{"campaignID":131,"packageID":"com.threed.army.sniper.shooter","sceneStats":[{"sceneID":"2","eventStats":"308,208,108,8,8,0,0"}]}],"sdkVersion":"39","sessionToken":"lZQJk2VYaRQ9aNPZDI8MRCtJZenD8oDGbbGYLkp9ycr9s4uWib7J07Jn40HdfeZLcouQT4RZFytX2TYpKji1piSIUcyQ9UlaSpi0wRzcixN47Q4LNQ\/LO2zQoIp5+ELVclaWseauttLM2hZjZasN8+USAixGtavXRoGthFJkjp4="}
cache_ttl value is correct

Refresh Ad Rate value is correct
mode value is set

 Aspect ratio value is correct
sentry_log value is set
local_logging value is set
sentry_initialization value is set
sentry_debugging value is set
showPreRewardedDialogue value is set
showPostRewardedDialogue value is set
isSkipable value is set
{"cache_ttl":10080,"cache_ttl_rewarded":10080,"cache_ttl_banner":10080,"cache_ttl_native":10080,"cache_ttl_icon":10080,"refreshAdRate":30,"mode":"Production","aspectRatio":"4_3","cdnPath":"https:\/\/df8ymybeo92md.cloudfront.net\/images\/","sentry_log":0,"local_logging":0,"sentry_dsn":"https:\/\/93ffa1c9a4124f67b8888a53265f751a:bbf998e04584477fa9a145838e9d3b26@sentry.io\/168994","sentry_initialization":1,"sentry_debugging":0,"bannerSizes":[],"aspectRatioVideo":"16_9","app_id":"2059","showPreRewardedDialogue":0,"showPostRewardedDialogue":0,"rewardCurrency":"coins","rewardValue":0,"isSkipable":0,"privacyPolicyURL":"https:\/\/www.consoliads.com\/privacy-policy\/","sessionToken":"MWoJ+lgtb86D1shv3QnK3EzgiNw4WeIas0ppVTmYGmSsNGviu8DbVb6sOndxSF9qBkTVZ0j+WU3lDh8TS0t6D1VhUZXKKvmHp6hiRyEKufriKUuSLQPdPjyMuDr6wyupjwQFywkwHzIaiIDjVBNvEaDO+\/uMTfMgj8+bjs+FxuM="}
Session token value is set


{"appKey":"9c32e165fd92e18a2d2f8d387cd9e104","deviceID":"362","stats":[{"campaignID":132,"packageID":"com.gss.us.army.commando.survival","sceneStats":[{"sceneID":"1","eventStats":"304,204,104,4,4,0,0"}]}],"sdkVersion":"2216","sessionToken":"MWoJ+lgtb86D1shv3QnK3EzgiNw4WeIas0ppVTmYGmSsNGviu8DbVb6sOndxSF9qBkTVZ0j+WU3lDh8TS0t6D1VhUZXKKvmHp6hiRyEKufriKUuSLQPdPjyMuDr6wyupjwQFywkwHzIaiIDjVBNvEaDO+\/uMTfMgj8+bjs+FxuM="}
cache_ttl value is correct

Title value is correct

Title value is correct

Title value is correct

Title value is correct

Title value is correct

Title value is correct

Refresh Ad Rate value is correct
mode value is set

 Aspect ratio value is correct
sentry_log value is set
local_logging value is set
sentry_initialization value is set
sentry_debugging value is set
showPreRewardedDialogue value is set
showPostRewardedDialogue value is set
isSkipable value is set
{"cache_ttl":10080,"cache_ttl_rewarded":10080,"cache_ttl_banner":10080,"cache_ttl_native":10080,"cache_ttl_icon":10080,"campaigns":[{"campaignID":"9384","attribution":0,"priority":"5","appToPromote":{"appToPromoteID":"13185","usesDefaultFrameImage":"0","usesDefaultCloseImage":"0","marketURL":"https:\/\/play.google.com\/store\/apps\/details?id=com.gamesarena.flying.bike.tricks.stunts&amp;referrer=utm_source=42matters.com&amp;utm_medium=api","packageID":"com.gamesarena.flying.bike.tricks.stunts"},"showTemplate":1,"s2s_tracking_url":"https:\/\/play.google.com\/store\/apps\/details?id=com.gamesarena.flying.bike.tricks.stunts&amp;referrer=utm_source=42matters.com&amp;utm_medium=api","activeCreativeID":"4829","scenes":["12","1","8","6","15","2"],"campaignAdType":"Interstitial"},{"campaignID":"9386","attribution":0,"priority":"5","appToPromote":{"appToPromoteID":"17764","usesDefaultFrameImage":"0","usesDefaultCloseImage":"0","marketURL":"https:\/\/play.google.com\/store\/apps\/details?id=com.visiblebody.atlas&amp;referrer=utm_source=42matters.com&amp;utm_medium=api","packageID":"com.gamesarena..test6324"},"showTemplate":1,"s2s_tracking_url":"https:\/\/play.google.com\/store\/apps\/details?id=com.visiblebody.atlas&amp;referrer=utm_source=42matters.com&amp;utm_medium=api","activeCreativeID":"4828","scenes":["12","1","8","6","15","2"],"campaignAdType":"Interstitial"},{"campaignID":"9389","attribution":0,"priority":"5","appToPromote":{"appToPromoteID":"13185","usesDefaultFrameImage":"0","usesDefaultCloseImage":"0","marketURL":"https:\/\/play.google.com\/store\/apps\/details?id=com.gamesarena.flying.bike.tricks.stunts&amp;referrer=utm_source=42matters.com&amp;utm_medium=api","packageID":"com.gamesarena.flying.bike.tricks.stunts"},"showTemplate":1,"s2s_tracking_url":"https:\/\/play.google.com\/store\/apps\/details?id=com.gamesarena.flying.bike.tricks.stunts&amp;referrer=utm_source=42matters.com&amp;utm_medium=api","activeCreativeID":"4829","scenes":["12","1","8","6","15","2"],"campaignAdType":"Interstitial"},{"campaignID":"9390","attribution":0,"priority":"5","appToPromote":{"appToPromoteID":"17764","usesDefaultFrameImage":"0","usesDefaultCloseImage":"0","marketURL":"https:\/\/play.google.com\/store\/apps\/details?id=com.visiblebody.atlas&amp;referrer=utm_source=42matters.com&amp;utm_medium=api","packageID":"com.gamesarena..test6324"},"showTemplate":1,"s2s_tracking_url":"https:\/\/play.google.com\/store\/apps\/details?id=com.visiblebody.atlas&amp;referrer=utm_source=42matters.com&amp;utm_medium=api","activeCreativeID":"4828","scenes":["12","1","8","6","15","2"],"campaignAdType":"Interstitial"},{"campaignID":"6641","attribution":0,"priority":"5","appToPromote":{"appToPromoteID":"5724","usesDefaultFrameImage":"0","usesDefaultCloseImage":"0","marketURL":"https:\/\/play.google.com\/store\/apps\/details?id=com.gss.shooting.game.army.sniper2018","packageID":"com.gss.shooting.game.army.sniper2018"},"showTemplate":1,"s2s_tracking_url":"https:\/\/play.google.com\/store\/apps\/details?id=com.gss.shooting.game.army.sniper2018","activeCreativeID":"1749","scenes":["12","1","8","6","15","2"],"campaignAdType":"Icon"},{"campaignID":"6689","attribution":0,"priority":"3","appToPromote":{"appToPromoteID":"2552","usesDefaultFrameImage":"0","usesDefaultCloseImage":"0","marketURL":"https:\/\/play.google.com\/store\/apps\/details?id=com.gss.grand.city.rescue.flyingrobot","packageID":"com.gss.grand.city.rescue.flyingrobot"},"showTemplate":1,"s2s_tracking_url":"https:\/\/play.google.com\/store\/apps\/details?id=com.gss.grand.city.rescue.flyingrobot","activeCreativeID":"1791","scenes":["12","1","8","6","15","2"],"campaignAdType":"Icon"},{"campaignID":"7036","attribution":0,"priority":"1","appToPromote":{"appToPromoteID":"2251","usesDefaultFrameImage":"0","usesDefaultCloseImage":"0","marketURL":"https:\/\/play.google.com\/store\/apps\/details?id=com.gss.police.sniper.reloaded","packageID":"com.gss.police.sniper.reloaded"},"showTemplate":1,"s2s_tracking_url":"https:\/\/play.google.com\/store\/apps\/details?id=com.gss.police.sniper.reloaded","activeCreativeID":"2155","scenes":["12","1","8","6","15","2"],"campaignAdType":"Icon"},{"campaignID":"9249","attribution_link":"https:\/\/app.appsflyer.com\/com.lgn.gun.strike.war.train.shooting.games?pid=consoliads_int&amp;af_click_lookback=7d&amp;clickid=2109_9249_362&amp;android_id={android_id}&amp;sha1_android_id={sha1_android_id}&amp;advertising_id=362&amp;sha1_advertising_id=8d6f9131366dac0c298ee725e6577d6e0a54e832&amp;af_keywords=2","attribution":1,"priority":"8","appToPromote":{"appToPromoteID":"13421","usesDefaultFrameImage":"0","usesDefaultCloseImage":"0","marketURL":"http:\/\/www.google.com","packageID":"com.appricot2d.testt"},"showTemplate":1,"s2s_tracking_url":"https:\/\/app.appsflyer.com\/com.lgn.gun.strike.war.train.shooting.games?pid=consoliads_int&amp;af_click_lookback=7d&amp;clickid=2109_9249_362&amp;android_id={android_id}&amp;sha1_android_id={sha1_android_id}&amp;advertising_id=362&amp;sha1_advertising_id=8d6f9131366dac0c298ee725e6577d6e0a54e832&amp;af_keywords=2","activeCreativeID":"4679","scenes":["12","1","8","6","15","2"],"campaignAdType":"Interstitial"},{"campaignID":"9252","attribution":0,"priority":"8","appToPromote":{"appToPromoteID":"12315","usesDefaultFrameImage":"0","usesDefaultCloseImage":"0","marketURL":"google.com","packageID":"com.qabrand.plnative"},"showTemplate":1,"s2s_tracking_url":"google.com","activeCreativeID":"4683","scenes":["12","1","8","6","15","2"],"campaignAdType":"Native","title":"Native first","subTitle":"First ","description":"New description","adClickThroughText":"FIRST Button"},{"campaignID":"9253","attribution":0,"priority":"8","appToPromote":{"appToPromoteID":"12315","usesDefaultFrameImage":"0","usesDefaultCloseImage":"0","marketURL":"google.com","packageID":"com.qabrand.plnative"},"showTemplate":1,"s2s_tracking_url":"google.com","activeCreativeID":"4683","scenes":["12","1","8","6","15","2"],"campaignAdType":"Native","title":"Native first","subTitle":"First ","description":"New description","adClickThroughText":"FIRST Button"},{"campaignID":"9255","attribution":0,"priority":"8","appToPromote":{"appToPromoteID":"13274","usesDefaultFrameImage":"0","usesDefaultCloseImage":"0","marketURL":"https:\/\/play.google.com\/store\/apps\/details?id=com.facebook.katana","packageID":"com.salon.adsalon"},"showTemplate":1,"s2s_tracking_url":"https:\/\/play.google.com\/store\/apps\/details?id=com.facebook.katana","activeCreativeID":"4685","scenes":["12","1","8","6","15","2"],"campaignAdType":"Native","title":"native NA ","subTitle":"native NA ","description":"native NA added","adClickThroughText":"native NA "},{"campaignID":"9257","attribution":0,"priority":"8","appToPromote":{"appToPromoteID":"12286","usesDefaultFrameImage":"0","usesDefaultCloseImage":"0","marketURL":"google.com","packageID":"com.qabrand.Chartboost_Native"},"showTemplate":1,"s2s_tracking_url":"google.com","activeCreativeID":"4688","scenes":["12","1","8","6","15","2"],"campaignAdType":"Native","title":"Native second updated","subTitle":"Native second ","description":"Native second details","adClickThroughText":"Native second "},{"campaignID":"9261","attribution_link":"https:\/\/app.appsflyer.com\/com.lgn.gun.strike.war.train.shooting.games?pid=consoliads_int&amp;af_click_lookback=7d&amp;clickid=2109_9261_362&amp;android_id={android_id}&amp;sha1_android_id={sha1_android_id}&amp;advertising_id=362&amp;sha1_advertising_id=8d6f9131366dac0c298ee725e6577d6e0a54e832&amp;af_keywords=2","attribution":1,"priority":"8","appToPromote":{"appToPromoteID":"13421","usesDefaultFrameImage":"0","usesDefaultCloseImage":"0","marketURL":"http:\/\/www.google.com","packageID":"com.appricot2d.testt"},"showTemplate":1,"s2s_tracking_url":"https:\/\/app.appsflyer.com\/com.lgn.gun.strike.war.train.shooting.games?pid=consoliads_int&amp;af_click_lookback=7d&amp;clickid=2109_9261_362&amp;android_id={android_id}&amp;sha1_android_id={sha1_android_id}&amp;advertising_id=362&amp;sha1_advertising_id=8d6f9131366dac0c298ee725e6577d6e0a54e832&amp;af_keywords=2","activeCreativeID":"4692","scenes":["12","1","8","6","15","2"],"campaignAdType":"Interstitial"},{"campaignID":"9263","attribution":0,"priority":"8","appToPromote":{"appToPromoteID":"12315","usesDefaultFrameImage":"0","usesDefaultCloseImage":"0","marketURL":"google.com","packageID":"com.qabrand.plnative"},"showTemplate":1,"s2s_tracking_url":"google.com","activeCreativeID":"4694","scenes":["12","1","8","6","15","2"],"campaignAdType":"Native","title":"test","subTitle":"test","description":" test details update","adClickThroughText":"test"},{"campaignID":"9127","attribution":0,"priority":"8","appToPromote":{"appToPromoteID":"17528","usesDefaultFrameImage":"0","usesDefaultCloseImage":"0","marketURL":"https:\/\/play.google.com\/store\/apps\/details?id=net.one97.paytm","packageID":"net.one97.paytm"},"showTemplate":1,"s2s_tracking_url":"https:\/\/tha.gotrackier.com\/click?campaign_id=63249\\u0026pub_id=75?p1=2109_9127_362&amp;source=6841&amp;app_name=USArmyCommandoSurvival-FPSShooter&amp;gaid=362","activeCreativeID":"4788","scenes":["12","1","8","6","15","2"],"campaignAdType":"Native","title":"BCA","subTitle":"FW","description":"nope","adClickThroughText":"Link"},{"campaignID":"9131","attribution":0,"priority":"8","appToPromote":{"appToPromoteID":"17532","usesDefaultFrameImage":"0","usesDefaultCloseImage":"0","marketURL":"https:\/\/play.google.com\/store\/apps\/details?id=com.dhgate.buyermob","packageID":"com.dhgate.buyermob"},"showTemplate":1,"s2s_tracking_url":"https:\/\/tha.gotrackier.com\/click?campaign_id=63254\\u0026pub_id=75?p1=2109_9131_362&amp;source=6841&amp;app_name=USArmyCommandoSurvival-FPSShooter&amp;gaid=362","activeCreativeID":"4483","scenes":["12","1","8","6","15","2"],"campaignAdType":"Interstitial"},{"campaignID":"561","attribution":0,"priority":"6","appToPromote":{"appToPromoteID":"5026","usesDefaultFrameImage":"0","usesDefaultCloseImage":"0","marketURL":"https:\/\/play.google.com\/store\/apps\/details?id=com.as.cashupapp","packageID":"com.as.cashupapp"},"showTemplate":1,"s2s_tracking_url":"https:\/\/play.google.com\/store\/apps\/details?id=com.as.cashupapp","activeCreativeID":"652","scenes":["12","1","8","6","15","2"],"campaignAdType":"Interstitial"},{"campaignID":"570","attribution":0,"priority":"6","appToPromote":{"appToPromoteID":"3802","usesDefaultFrameImage":"0","usesDefaultCloseImage":"0","marketURL":"https:\/\/play.google.com\/store\/apps\/details?id=com.Madxstudios.Flickshootsoccer","packageID":"com.Madxstudios.Flickshootsoccer"},"showTemplate":1,"s2s_tracking_url":"https:\/\/play.google.com\/store\/apps\/details?id=com.Madxstudios.Flickshootsoccer","activeCreativeID":"661","scenes":["12","1","8","6","15","2"],"campaignAdType":"Interstitial"},{"campaignID":"588","attribution":0,"priority":"6","appToPromote":{"appToPromoteID":"5026","usesDefaultFrameImage":"0","usesDefaultCloseImage":"0","marketURL":"https:\/\/play.google.com\/store\/apps\/details?id=com.as.cashupapp","packageID":"com.as.cashupapp"},"showTemplate":1,"s2s_tracking_url":"https:\/\/play.google.com\/store\/apps\/details?id=com.as.cashupapp","activeCreativeID":"652","scenes":["12","1","8","6","15","2"],"campaignAdType":"Interstitial"},{"campaignID":"6620","attribution":0,"priority":"6","appToPromote":{"appToPromoteID":"12980","usesDefaultFrameImage":"0","usesDefaultCloseImage":"0","marketURL":"https:\/\/play.google.com\/store\/apps\/details?id=com.sx.cooking.cafe.restaurant","packageID":"com.sx.cooking.cafe.restaurant"},"showTemplate":1,"s2s_tracking_url":"https:\/\/play.google.com\/store\/apps\/details?id=com.sx.cooking.cafe.restaurant","activeCreativeID":"1702","scenes":["12","1","8","6","15","2"],"campaignAdType":"Interstitial"},{"campaignID":"6596","attribution":0,"priority":"5","appToPromote":{"appToPromoteID":"12980","usesDefaultFrameImage":"0","usesDefaultCloseImage":"0","marketURL":"https:\/\/play.google.com\/store\/apps\/details?id=com.sx.cooking.cafe.restaurant","packageID":"com.sx.cooking.cafe.restaurant"},"showTemplate":1,"s2s_tracking_url":"https:\/\/play.google.com\/store\/apps\/details?id=com.sx.cooking.cafe.restaurant","activeCreativeID":"1702","scenes":["12","1","8","6","15","2"],"campaignAdType":"Interstitial"}],"refreshAdRate":30,"mode":"Production","aspectRatio":"4_3","cdnPath":"https:\/\/df8ymybeo92md.cloudfront.net\/images\/","sentry_log":0,"local_logging":0,"sentry_dsn":"https:\/\/93ffa1c9a4124f67b8888a53265f751a:bbf998e04584477fa9a145838e9d3b26@sentry.io\/168994","sentry_initialization":1,"sentry_debugging":0,"bannerSizes":["1","2"],"aspectRatioVideo":"16_9","app_id":"2109","showPreRewardedDialogue":0,"showPostRewardedDialogue":0,"rewardCurrency":"coins","rewardValue":0,"isSkipable":0,"privacyPolicyURL":"https:\/\/www.consoliads.com\/privacy-policy\/","sessionToken":"Ae2X98jK00FHNkpHaJR0p5Iqu+TT8wjr\/yMz5GMuJW1ybJ\/eBoPtQvqwsmdVErGgi5KIVq3SbvVHRCWToKPOSdCixg2wokp1PyQefYVUqZX9tvzJsVUMsl7+m6e3mEB+moPkURpfzCL3ccBrDZGNTd4M4kbdcd9SL3Su+Hz\/XIY="}
Session token value is set


{"appKey":"a3040901882682cf28d8e6242b545b11","deviceID":"123","stats":[{"campaignID":134,"packageID":"com.tgp.offroad.multi.truck.transport","sceneStats":[{"sceneID":"1","eventStats":"302,202,102,2,2,0,0"}]}],"sdkVersion":"39","sessionToken":"Ae2X98jK00FHNkpHaJR0p5Iqu+TT8wjr\/yMz5GMuJW1ybJ\/eBoPtQvqwsmdVErGgi5KIVq3SbvVHRCWToKPOSdCixg2wokp1PyQefYVUqZX9tvzJsVUMsl7+m6e3mEB+moPkURpfzCL3ccBrDZGNTd4M4kbdcd9SL3Su+Hz\/XIY="}
cache_ttl value is correct

Refresh Ad Rate value is correct
mode value is set

 Aspect ratio value is correct
sentry_log value is set
local_logging value is set
sentry_initialization value is set
sentry_debugging value is set
showPreRewardedDialogue value is set
showPostRewardedDialogue value is set
isSkipable value is set
{"cache_ttl":10080,"cache_ttl_rewarded":10080,"cache_ttl_banner":10080,"cache_ttl_native":10080,"cache_ttl_icon":10080,"campaigns":[{"campaignID":"9384","attribution":0,"priority":"5","appToPromote":{"appToPromoteID":"13185","usesDefaultFrameImage":"0","usesDefaultCloseImage":"0","marketURL":"https:\/\/play.google.com\/store\/apps\/details?id=com.gamesarena.flying.bike.tricks.stunts&amp;referrer=utm_source=42matters.com&amp;utm_medium=api","packageID":"com.gamesarena.flying.bike.tricks.stunts"},"showTemplate":1,"s2s_tracking_url":"https:\/\/play.google.com\/store\/apps\/details?id=com.gamesarena.flying.bike.tricks.stunts&amp;referrer=utm_source=42matters.com&amp;utm_medium=api","activeCreativeID":"4829","scenes":["12","1","8","6","15","2"],"campaignAdType":"Interstitial"},{"campaignID":"9386","attribution":0,"priority":"5","appToPromote":{"appToPromoteID":"17764","usesDefaultFrameImage":"0","usesDefaultCloseImage":"0","marketURL":"https:\/\/play.google.com\/store\/apps\/details?id=com.visiblebody.atlas&amp;referrer=utm_source=42matters.com&amp;utm_medium=api","packageID":"com.gamesarena..test6324"},"showTemplate":1,"s2s_tracking_url":"https:\/\/play.google.com\/store\/apps\/details?id=com.visiblebody.atlas&amp;referrer=utm_source=42matters.com&amp;utm_medium=api","activeCreativeID":"4828","scenes":["12","1","8","6","15","2"],"campaignAdType":"Interstitial"},{"campaignID":"9389","attribution":0,"priority":"5","appToPromote":{"appToPromoteID":"13185","usesDefaultFrameImage":"0","usesDefaultCloseImage":"0","marketURL":"https:\/\/play.google.com\/store\/apps\/details?id=com.gamesarena.flying.bike.tricks.stunts&amp;referrer=utm_source=42matters.com&amp;utm_medium=api","packageID":"com.gamesarena.flying.bike.tricks.stunts"},"showTemplate":1,"s2s_tracking_url":"https:\/\/play.google.com\/store\/apps\/details?id=com.gamesarena.flying.bike.tricks.stunts&amp;referrer=utm_source=42matters.com&amp;utm_medium=api","activeCreativeID":"4829","scenes":["12","1","8","6","15","2"],"campaignAdType":"Interstitial"},{"campaignID":"9390","attribution":0,"priority":"5","appToPromote":{"appToPromoteID":"17764","usesDefaultFrameImage":"0","usesDefaultCloseImage":"0","marketURL":"https:\/\/play.google.com\/store\/apps\/details?id=com.visiblebody.atlas&amp;referrer=utm_source=42matters.com&amp;utm_medium=api","packageID":"com.gamesarena..test6324"},"showTemplate":1,"s2s_tracking_url":"https:\/\/play.google.com\/store\/apps\/details?id=com.visiblebody.atlas&amp;referrer=utm_source=42matters.com&amp;utm_medium=api","activeCreativeID":"4828","scenes":["12","1","8","6","15","2"],"campaignAdType":"Interstitial"},{"campaignID":"8376","attribution":0,"priority":"3","appToPromote":{"appToPromoteID":"16325","usesDefaultFrameImage":"0","usesDefaultCloseImage":"0","marketURL":"https:\/\/play.google.com\/store\/apps\/details?id=com.tgp.mega.ramp.ambulance.car.stunts","packageID":"com.tgp.mega.ramp.ambulance.car.stunts"},"showTemplate":1,"s2s_tracking_url":"https:\/\/play.google.com\/store\/apps\/details?id=com.tgp.mega.ramp.ambulance.car.stunts","activeCreativeID":"3718","scenes":["12","1","8","6","15","2"],"campaignAdType":"Interstitial"},{"campaignID":"8354","attribution":0,"priority":"2","appToPromote":{"appToPromoteID":"16325","usesDefaultFrameImage":"0","usesDefaultCloseImage":"0","marketURL":"https:\/\/play.google.com\/store\/apps\/details?id=com.tgp.mega.ramp.ambulance.car.stunts","packageID":"com.tgp.mega.ramp.ambulance.car.stunts"},"showTemplate":1,"s2s_tracking_url":"https:\/\/play.google.com\/store\/apps\/details?id=com.tgp.mega.ramp.ambulance.car.stunts","activeCreativeID":"3692","scenes":["12","1","8","6","15","2"],"campaignAdType":"Interstitial"},{"campaignID":"9249","attribution_link":"https:\/\/app.appsflyer.com\/com.lgn.gun.strike.war.train.shooting.games?pid=consoliads_int&amp;af_click_lookback=7d&amp;clickid=2130_9249_123&amp;android_id={android_id}&amp;sha1_android_id={sha1_android_id}&amp;advertising_id=123&amp;sha1_advertising_id=40bd001563085fc35165329ea1ff5c5ecbdbbeef&amp;af_keywords=2","attribution":1,"priority":"8","appToPromote":{"appToPromoteID":"13421","usesDefaultFrameImage":"0","usesDefaultCloseImage":"0","marketURL":"http:\/\/www.google.com","packageID":"com.appricot2d.testt"},"showTemplate":1,"s2s_tracking_url":"https:\/\/app.appsflyer.com\/com.lgn.gun.strike.war.train.shooting.games?pid=consoliads_int&amp;af_click_lookback=7d&amp;clickid=2130_9249_123&amp;android_id={android_id}&amp;sha1_android_id={sha1_android_id}&amp;advertising_id=123&amp;sha1_advertising_id=40bd001563085fc35165329ea1ff5c5ecbdbbeef&amp;af_keywords=2","activeCreativeID":"4679","scenes":["12","1","8","6","15","2"],"campaignAdType":"Interstitial"},{"campaignID":"9261","attribution_link":"https:\/\/app.appsflyer.com\/com.lgn.gun.strike.war.train.shooting.games?pid=consoliads_int&amp;af_click_lookback=7d&amp;clickid=2130_9261_123&amp;android_id={android_id}&amp;sha1_android_id={sha1_android_id}&amp;advertising_id=123&amp;sha1_advertising_id=40bd001563085fc35165329ea1ff5c5ecbdbbeef&amp;af_keywords=2","attribution":1,"priority":"8","appToPromote":{"appToPromoteID":"13421","usesDefaultFrameImage":"0","usesDefaultCloseImage":"0","marketURL":"http:\/\/www.google.com","packageID":"com.appricot2d.testt"},"showTemplate":1,"s2s_tracking_url":"https:\/\/app.appsflyer.com\/com.lgn.gun.strike.war.train.shooting.games?pid=consoliads_int&amp;af_click_lookback=7d&amp;clickid=2130_9261_123&amp;android_id={android_id}&amp;sha1_android_id={sha1_android_id}&amp;advertising_id=123&amp;sha1_advertising_id=40bd001563085fc35165329ea1ff5c5ecbdbbeef&amp;af_keywords=2","activeCreativeID":"4692","scenes":["12","1","8","6","15","2"],"campaignAdType":"Interstitial"},{"campaignID":"9131","attribution":0,"priority":"8","appToPromote":{"appToPromoteID":"17532","usesDefaultFrameImage":"0","usesDefaultCloseImage":"0","marketURL":"https:\/\/play.google.com\/store\/apps\/details?id=com.dhgate.buyermob","packageID":"com.dhgate.buyermob"},"showTemplate":1,"s2s_tracking_url":"https:\/\/tha.gotrackier.com\/click?campaign_id=63254\\u0026pub_id=75?p1=2130_9131_123&amp;source=6841&amp;app_name=OffRoadMultiTruckTransport&amp;gaid=123","activeCreativeID":"4483","scenes":["12","1","8","6","15","2"],"campaignAdType":"Interstitial"},{"campaignID":"561","attribution":0,"priority":"6","appToPromote":{"appToPromoteID":"5026","usesDefaultFrameImage":"0","usesDefaultCloseImage":"0","marketURL":"https:\/\/play.google.com\/store\/apps\/details?id=com.as.cashupapp","packageID":"com.as.cashupapp"},"showTemplate":1,"s2s_tracking_url":"https:\/\/play.google.com\/store\/apps\/details?id=com.as.cashupapp","activeCreativeID":"652","scenes":["12","1","8","6","15","2"],"campaignAdType":"Interstitial"},{"campaignID":"570","attribution":0,"priority":"6","appToPromote":{"appToPromoteID":"3802","usesDefaultFrameImage":"0","usesDefaultCloseImage":"0","marketURL":"https:\/\/play.google.com\/store\/apps\/details?id=com.Madxstudios.Flickshootsoccer","packageID":"com.Madxstudios.Flickshootsoccer"},"showTemplate":1,"s2s_tracking_url":"https:\/\/play.google.com\/store\/apps\/details?id=com.Madxstudios.Flickshootsoccer","activeCreativeID":"661","scenes":["12","1","8","6","15","2"],"campaignAdType":"Interstitial"},{"campaignID":"588","attribution":0,"priority":"6","appToPromote":{"appToPromoteID":"5026","usesDefaultFrameImage":"0","usesDefaultCloseImage":"0","marketURL":"https:\/\/play.google.com\/store\/apps\/details?id=com.as.cashupapp","packageID":"com.as.cashupapp"},"showTemplate":1,"s2s_tracking_url":"https:\/\/play.google.com\/store\/apps\/details?id=com.as.cashupapp","activeCreativeID":"652","scenes":["12","1","8","6","15","2"],"campaignAdType":"Interstitial"},{"campaignID":"6620","attribution":0,"priority":"6","appToPromote":{"appToPromoteID":"12980","usesDefaultFrameImage":"0","usesDefaultCloseImage":"0","marketURL":"https:\/\/play.google.com\/store\/apps\/details?id=com.sx.cooking.cafe.restaurant","packageID":"com.sx.cooking.cafe.restaurant"},"showTemplate":1,"s2s_tracking_url":"https:\/\/play.google.com\/store\/apps\/details?id=com.sx.cooking.cafe.restaurant","activeCreativeID":"1702","scenes":["12","1","8","6","15","2"],"campaignAdType":"Interstitial"},{"campaignID":"6596","attribution":0,"priority":"5","appToPromote":{"appToPromoteID":"12980","usesDefaultFrameImage":"0","usesDefaultCloseImage":"0","marketURL":"https:\/\/play.google.com\/store\/apps\/details?id=com.sx.cooking.cafe.restaurant","packageID":"com.sx.cooking.cafe.restaurant"},"showTemplate":1,"s2s_tracking_url":"https:\/\/play.google.com\/store\/apps\/details?id=com.sx.cooking.cafe.restaurant","activeCreativeID":"1702","scenes":["12","1","8","6","15","2"],"campaignAdType":"Interstitial"}],"refreshAdRate":30,"mode":"Production","aspectRatio":"4_3","cdnPath":"https:\/\/df8ymybeo92md.cloudfront.net\/images\/","sentry_log":0,"local_logging":0,"sentry_dsn":"https:\/\/93ffa1c9a4124f67b8888a53265f751a:bbf998e04584477fa9a145838e9d3b26@sentry.io\/168994","sentry_initialization":1,"sentry_debugging":0,"bannerSizes":["5"],"aspectRatioVideo":"16_9","app_id":"2130","showPreRewardedDialogue":0,"showPostRewardedDialogue":0,"rewardCurrency":"coins","rewardValue":0,"isSkipable":0,"privacyPolicyURL":"https:\/\/www.consoliads.com\/privacy-policy\/","sessionToken":"HnVuopSoSKnnFfFe7NHDytwukouQxqL7ldlF4RMPqrR\/efQxpoggcc+zFDJZh8ijTtvx46uNaczpmIRe\/5xy+MaCVhE5QHQbrvcoOILycs8JOsH0hR5UK0QlJaOJcNJVvRgpzp1VALzagTp\/My0kNujwD4BKmd1gQoqqgmeGsOg="}
Session token value is set

mode value is set

 Aspect ratio value is correct
sentry_log value is set
Session token value is set


{"appKey":"934628f5152161a94cdb52489ea8b7b5","deviceID":"134","stats":[{"campaignID":143,"packageID":"com.mizo.sports.car.mechanic","sceneStats":[{"sceneID":"1","eventStats":"302,202,102,2,2,0,0"}]}],"sdkVersion":"2216","sessionToken":"pELkVDBaS+\/AQo8zN3VQF0jjRKb1EOh1m7vOZiMiFQzKpS7swqRPXoUTbJ5Qnf4DaxMVvUbXEjE5FVc4ccQFR1RkgFKOsCimlWWVA1GfYZUYMxMm\/fLMOJqSjfDOVUuzo5LekE0mNYCZBsWG\/FmwiZTttjoM+J+f8UbyXKIpbRY="}
cache_ttl value is correct

Refresh Ad Rate value is correct
mode value is set

 Aspect ratio value is correct
sentry_log value is set
local_logging value is set
sentry_initialization value is set
sentry_debugging value is set
showPreRewardedDialogue value is set
showPostRewardedDialogue value is set
isSkipable value is set
{"cache_ttl":10080,"cache_ttl_rewarded":10080,"cache_ttl_banner":10080,"cache_ttl_native":10080,"cache_ttl_icon":10080,"campaigns":[{"campaignID":"9277","attribution_link":"","attribution":1,"priority":"5","appToPromote":{"appToPromoteID":"17609","usesDefaultFrameImage":"0","usesDefaultCloseImage":"0","marketURL":"https:\/\/smartbear.com\/learn\/automated-testing\/test-automation-frameworks\/","packageID":"com.buntoo.buntooAd"},"showTemplate":1,"s2s_tracking_url":"","activeCreativeID":"4702","scenes":["1","2","6","4","5"],"campaignAdType":"Interstitial"},{"campaignID":"9278","attribution":0,"priority":"5","appToPromote":{"appToPromoteID":"17609","usesDefaultFrameImage":"0","usesDefaultCloseImage":"0","marketURL":"https:\/\/smartbear.com\/learn\/automated-testing\/test-automation-frameworks\/","packageID":"com.buntoo.buntooAd"},"showTemplate":1,"s2s_tracking_url":"https:\/\/smartbear.com\/learn\/automated-testing\/test-automation-frameworks\/","activeCreativeID":"4701","scenes":["1","2","6","4","5"],"campaignAdType":"Interstitial"},{"campaignID":"9279","attribution":0,"priority":"5","appToPromote":{"appToPromoteID":"17609","usesDefaultFrameImage":"0","usesDefaultCloseImage":"0","marketURL":"https:\/\/smartbear.com\/learn\/automated-testing\/test-automation-frameworks\/","packageID":"com.buntoo.buntooAd"},"showTemplate":1,"s2s_tracking_url":"https:\/\/smartbear.com\/learn\/automated-testing\/test-automation-frameworks\/","activeCreativeID":"4701","scenes":["1","2","6","4","5"],"campaignAdType":"Interstitial"},{"campaignID":"9280","attribution":0,"priority":"5","appToPromote":{"appToPromoteID":"17609","usesDefaultFrameImage":"0","usesDefaultCloseImage":"0","marketURL":"https:\/\/smartbear.com\/learn\/automated-testing\/test-automation-frameworks\/","packageID":"com.buntoo.buntooAd"},"showTemplate":1,"s2s_tracking_url":"https:\/\/smartbear.com\/learn\/automated-testing\/test-automation-frameworks\/","activeCreativeID":"4701","scenes":["1","2","6","4","5"],"campaignAdType":"Interstitial"},{"campaignID":"6766","attribution":0,"priority":"5","appToPromote":{"appToPromoteID":"13422","usesDefaultFrameImage":"0","usesDefaultCloseImage":"0","marketURL":"https:\/\/play.google.com\/store\/apps\/details?id=com.mizo.monster.truck.games","packageID":"com.mizo.monster.truck.games"},"showTemplate":1,"s2s_tracking_url":"https:\/\/play.google.com\/store\/apps\/details?id=com.mizo.monster.truck.games","activeCreativeID":"1880","scenes":["1","2","6","4","5"],"campaignAdType":"Icon"},{"campaignID":"7359","attribution":0,"priority":"5","appToPromote":{"appToPromoteID":"14746","usesDefaultFrameImage":"0","usesDefaultCloseImage":"0","marketURL":"https:\/\/play.google.com\/store\/apps\/details?id=com.buntoo.army.bus.parking","packageID":"com.buntoo.army.bus.parking"},"showTemplate":1,"s2s_tracking_url":"https:\/\/play.google.com\/store\/apps\/details?id=com.buntoo.army.bus.parking","activeCreativeID":"2497","scenes":["1","2","6","4","5"],"campaignAdType":"Video"},{"campaignID":"7370","attribution":0,"priority":"5","appToPromote":{"appToPromoteID":"14808","usesDefaultFrameImage":"0","usesDefaultCloseImage":"0","marketURL":"https:\/\/play.google.com\/store\/apps\/details?id=com.mizo.turtle.robot.transform.game","packageID":"com.mizo.turtle.robot.transform.game"},"showTemplate":1,"s2s_tracking_url":"https:\/\/play.google.com\/store\/apps\/details?id=com.mizo.turtle.robot.transform.game","activeCreativeID":"2509","scenes":["1","2","6","4","5"],"campaignAdType":"Icon"},{"campaignID":"7518","attribution":0,"priority":"5","appToPromote":{"appToPromoteID":"15052","usesDefaultFrameImage":"0","usesDefaultCloseImage":"0","marketURL":"https:\/\/play.google.com\/store\/apps\/details?id=com.mizo.robot.fps.shooting.game","packageID":"com.mizo.robot.fps.shooting.game"},"showTemplate":1,"s2s_tracking_url":"https:\/\/play.google.com\/store\/apps\/details?id=com.mizo.robot.fps.shooting.game","activeCreativeID":"2705","scenes":["1","2","4","5","6"],"campaignAdType":"Icon"},{"campaignID":"7519","attribution":0,"priority":"5","appToPromote":{"appToPromoteID":"15052","usesDefaultFrameImage":"0","usesDefaultCloseImage":"0","marketURL":"https:\/\/play.google.com\/store\/apps\/details?id=com.mizo.robot.fps.shooting.game","packageID":"com.mizo.robot.fps.shooting.game"},"showTemplate":1,"s2s_tracking_url":"https:\/\/play.google.com\/store\/apps\/details?id=com.mizo.robot.fps.shooting.game","activeCreativeID":"2707","scenes":["1","2","6","4","5"],"campaignAdType":"Video"},{"campaignID":"7554","attribution":0,"priority":"5","appToPromote":{"appToPromoteID":"15122","usesDefaultFrameImage":"0","usesDefaultCloseImage":"0","marketURL":"https:\/\/play.google.com\/store\/apps\/details?id=com.mizo.rooftop.fps.shooting","packageID":"com.mizo.rooftop.fps.shooting"},"showTemplate":1,"s2s_tracking_url":"https:\/\/play.google.com\/store\/apps\/details?id=com.mizo.rooftop.fps.shooting","activeCreativeID":"2735","scenes":["1","2","4","5","6"],"campaignAdType":"Icon"},{"campaignID":"7579","attribution":0,"priority":"5","appToPromote":{"appToPromoteID":"15098","usesDefaultFrameImage":"0","usesDefaultCloseImage":"0","marketURL":"https:\/\/play.google.com\/store\/apps\/details?id=com.gg.tps.shooting.games","packageID":"com.gg.tps.shooting.games"},"showTemplate":1,"s2s_tracking_url":"https:\/\/play.google.com\/store\/apps\/details?id=com.gg.tps.shooting.games","activeCreativeID":"2767","scenes":["1","2","6","4","5"],"campaignAdType":"Video"},{"campaignID":"7772","attribution":0,"priority":"5","appToPromote":{"appToPromoteID":"13049","usesDefaultFrameImage":"0","usesDefaultCloseImage":"0","marketURL":"https:\/\/play.google.com\/store\/apps\/details?id=com.mizo.quad.bike.shooting.games","packageID":"com.mizo.quad.bike.shooting.games"},"showTemplate":1,"s2s_tracking_url":"https:\/\/play.google.com\/store\/apps\/details?id=com.mizo.quad.bike.shooting.games","activeCreativeID":"3038","scenes":["1","2","6","4","5"],"campaignAdType":"Icon"},{"campaignID":"7838","attribution":0,"priority":"5","appToPromote":{"appToPromoteID":"15339","usesDefaultFrameImage":"0","usesDefaultCloseImage":"0","marketURL":"https:\/\/play.google.com\/store\/apps\/details?id=com.buntoo.pilot.robot.games","packageID":"com.buntoo.pilot.robot.games"},"showTemplate":1,"s2s_tracking_url":"https:\/\/play.google.com\/store\/apps\/details?id=com.buntoo.pilot.robot.games","activeCreativeID":"3118","scenes":["1","2","6","4","5"],"campaignAdType":"Video"},{"campaignID":"7839","attribution":0,"priority":"5","appToPromote":{"appToPromoteID":"15287","usesDefaultFrameImage":"0","usesDefaultCloseImage":"0","marketURL":"https:\/\/play.google.com\/store\/apps\/details?id=com.happy.family.traffic.shooter.games","packageID":"com.happy.family.traffic.shooter.games"},"showTemplate":1,"s2s_tracking_url":"https:\/\/play.google.com\/store\/apps\/details?id=com.happy.family.traffic.shooter.games","activeCreativeID":"3119","scenes":["1","2","6","4","5"],"campaignAdType":"Video"},{"campaignID":"7921","attribution":0,"priority":"5","appToPromote":{"appToPromoteID":"15297","usesDefaultFrameImage":"0","usesDefaultCloseImage":"0","marketURL":"https:\/\/play.google.com\/store\/apps\/details?id=com.gg.castle.fps.shooting.game","packageID":"com.gg.castle.fps.shooting.game"},"showTemplate":1,"s2s_tracking_url":"https:\/\/play.google.com\/store\/apps\/details?id=com.gg.castle.fps.shooting.game","activeCreativeID":"3218","scenes":["1","2","6","4","5"],"campaignAdType":"Video"},{"campaignID":"7976","attribution":0,"priority":"5","appToPromote":{"appToPromoteID":"15693","usesDefaultFrameImage":"0","usesDefaultCloseImage":"0","marketURL":"https:\/\/play.google.com\/store\/apps\/details?id=com.mizo.elephant.robot.transport.games","packageID":"com.mizo.elephant.robot.transport.games"},"showTemplate":1,"s2s_tracking_url":"https:\/\/play.google.com\/store\/apps\/details?id=com.mizo.elephant.robot.transport.games","activeCreativeID":"3281","scenes":["1","2","6","4","5"],"campaignAdType":"Icon"},{"campaignID":"8047","attribution":0,"priority":"5","appToPromote":{"appToPromoteID":"15907","usesDefaultFrameImage":"0","usesDefaultCloseImage":"0","marketURL":"https:\/\/play.google.com\/store\/apps\/details?id=com.mizo.teddy.bear.gun.strike.game","packageID":"com.mizo.teddy.bear.gun.strike.game"},"showTemplate":1,"s2s_tracking_url":"https:\/\/play.google.com\/store\/apps\/details?id=com.mizo.teddy.bear.gun.strike.game","activeCreativeID":"3356","scenes":["1","2","6","4","5"],"campaignAdType":"Video"},{"campaignID":"8056","attribution":0,"priority":"5","appToPromote":{"appToPromoteID":"15907","usesDefaultFrameImage":"0","usesDefaultCloseImage":"0","marketURL":"https:\/\/play.google.com\/store\/apps\/details?id=com.mizo.teddy.bear.gun.strike.game","packageID":"com.mizo.teddy.bear.gun.strike.game"},"showTemplate":1,"s2s_tracking_url":"https:\/\/play.google.com\/store\/apps\/details?id=com.mizo.teddy.bear.gun.strike.game","activeCreativeID":"3361","scenes":["1","2","6","4","5"],"campaignAdType":"Icon"},{"campaignID":"8172","attribution":0,"priority":"5","appToPromote":{"appToPromoteID":"15929","usesDefaultFrameImage":"0","usesDefaultCloseImage":"0","marketURL":"https:\/\/play.google.com\/store\/apps\/details?id=com.buntoo.mosquito.robot.transform.game","packageID":"com.buntoo.mosquito.robot.transform.game"},"showTemplate":1,"s2s_tracking_url":"https:\/\/play.google.com\/store\/apps\/details?id=com.buntoo.mosquito.robot.transform.game","activeCreativeID":"3498","scenes":["1","2","6","4","5"],"campaignAdType":"Video"},{"campaignID":"8288","attribution":0,"priority":"5","appToPromote":{"appToPromoteID":"16314","usesDefaultFrameImage":"0","usesDefaultCloseImage":"0","marketURL":"https:\/\/play.google.com\/store\/apps\/details?id=com.mizo.modern.fps.shooting.game","packageID":"com.mizo.modern.fps.shooting.game"},"showTemplate":1,"s2s_tracking_url":"https:\/\/play.google.com\/store\/apps\/details?id=com.mizo.modern.fps.shooting.game","activeCreativeID":"4124","scenes":["1","2","6","4","5"],"campaignAdType":"Icon"},{"campaignID":"8289","attribution":0,"priority":"5","appToPromote":{"appToPromoteID":"16314","usesDefaultFrameImage":"0","usesDefaultCloseImage":"0","marketURL":"https:\/\/play.google.com\/store\/apps\/details?id=com.mizo.modern.fps.shooting.game","packageID":"com.mizo.modern.fps.shooting.game"},"showTemplate":1,"s2s_tracking_url":"https:\/\/play.google.com\/store\/apps\/details?id=com.mizo.modern.fps.shooting.game","activeCreativeID":"3623","scenes":["1","2","6","4","5"],"campaignAdType":"Video"},{"campaignID":"8644","attribution":0,"priority":"5","appToPromote":{"appToPromoteID":"16736","usesDefaultFrameImage":"0","usesDefaultCloseImage":"0","marketURL":"https:\/\/play.google.com\/store\/apps\/details?id=com.branches.formula.car.game","packageID":"com.tdg.F1FlyingDroneCar"},"showTemplate":1,"s2s_tracking_url":"https:\/\/play.google.com\/store\/apps\/details?id=com.branches.formula.car.game","activeCreativeID":"3999","scenes":["1","2","6","4","5"],"campaignAdType":"Interstitial"},{"campaignID":"8726","attribution":0,"priority":"5","appToPromote":{"appToPromoteID":"16019","usesDefaultFrameImage":"0","usesDefaultCloseImage":"0","marketURL":"https:\/\/play.google.com\/store\/apps\/details?id=com.happy.family.quad.bike.mountain.stunts","packageID":"com.happy.family.quad.bike.mountain.stunts"},"showTemplate":1,"s2s_tracking_url":"https:\/\/play.google.com\/store\/apps\/details?id=com.happy.family.quad.bike.mountain.stunts","activeCreativeID":"4084","scenes":["1","2","6","4","5"],"campaignAdType":"Interstitial"},{"campaignID":"8727","attribution":0,"priority":"5","appToPromote":{"appToPromoteID":"12670","usesDefaultFrameImage":"0","usesDefaultCloseImage":"0","marketURL":"https:\/\/play.google.com\/store\/apps\/details?id=com.cradley.shopping.mall.taxi.games","packageID":"com.cradley.shopping.mall.taxi.games"},"showTemplate":1,"s2s_tracking_url":"https:\/\/play.google.com\/store\/apps\/details?id=com.cradley.shopping.mall.taxi.games","activeCreativeID":"4085","scenes":["1","2","6","4","5"],"campaignAdType":"Interstitial"},{"campaignID":"8792","attribution":0,"priority":"5","appToPromote":{"appToPromoteID":"12670","usesDefaultFrameImage":"0","usesDefaultCloseImage":"0","marketURL":"https:\/\/play.google.com\/store\/apps\/details?id=com.cradley.shopping.mall.taxi.games","packageID":"com.cradley.shopping.mall.taxi.games"},"showTemplate":1,"s2s_tracking_url":"https:\/\/play.google.com\/store\/apps\/details?id=com.cradley.shopping.mall.taxi.games","activeCreativeID":"4154","scenes":["1","2","6","4","5"],"campaignAdType":"Video"}],"refreshAdRate":30,"mode":"Production","aspectRatio":"4_3","cdnPath":"https:\/\/df8ymybeo92md.cloudfront.net\/images\/","sentry_log":0,"local_logging":0,"sentry_dsn":"https:\/\/93ffa1c9a4124f67b8888a53265f751a:bbf998e04584477fa9a145838e9d3b26@sentry.io\/168994","sentry_initialization":1,"sentry_debugging":0,"bannerSizes":["1"],"aspectRatioVideo":"16_9","app_id":"2089","showPreRewardedDialogue":0,"showPostRewardedDialogue":0,"rewardCurrency":"coins","rewardValue":0,"isSkipable":1,"privacyPolicyURL":"https:\/\/www.consoliads.com\/privacy-policy\/","sessionToken":"5HxfAZKtY5G\/M9bZM9y6h0NH9K6s8zKRS\/HFDv2XWu7aETP\/ev732LGXOC37iT65SiiCirUSJObwOAyu0CM\/FDbcciUpu3YYVRg0RU+OzBNvr14ztbt3n6v+wDHOEx2do24uheQgzdMv0cH4LQG1GyTz88U75+lgUa1XDkJAOvc="}
Session token value is set


{"appKey":"081c9f3ed7515bbbefc3fc89101b1944","deviceID":"6306","stats":[{"campaignID":146,"packageID":"com.gss.offroad.policebiketransport","sceneStats":[{"sceneID":"16","eventStats":"363,263,163,63,63,0,0"}]}],"sdkVersion":"39","sessionToken":"5HxfAZKtY5G\/M9bZM9y6h0NH9K6s8zKRS\/HFDv2XWu7aETP\/ev732LGXOC37iT65SiiCirUSJObwOAyu0CM\/FDbcciUpu3YYVRg0RU+OzBNvr14ztbt3n6v+wDHOEx2do24uheQgzdMv0cH4LQG1GyTz88U75+lgUa1XDkJAOvc="}
cache_ttl value is correct

Refresh Ad Rate value is correct
mode value is set

 Aspect ratio value is correct
sentry_log value is set
local_logging value is set
sentry_initialization value is set
sentry_debugging value is set
showPreRewardedDialogue value is set
showPostRewardedDialogue value is set
isSkipable value is set
{"cache_ttl":10080,"cache_ttl_rewarded":10080,"cache_ttl_banner":10080,"cache_ttl_native":10080,"cache_ttl_icon":10080,"campaigns":[{"campaignID":"9384","attribution":0,"priority":"5","appToPromote":{"appToPromoteID":"13185","usesDefaultFrameImage":"0","usesDefaultCloseImage":"0","marketURL":"https:\/\/play.google.com\/store\/apps\/details?id=com.gamesarena.flying.bike.tricks.stunts&amp;referrer=utm_source=42matters.com&amp;utm_medium=api","packageID":"com.gamesarena.flying.bike.tricks.stunts"},"showTemplate":1,"s2s_tracking_url":"https:\/\/play.google.com\/store\/apps\/details?id=com.gamesarena.flying.bike.tricks.stunts&amp;referrer=utm_source=42matters.com&amp;utm_medium=api","activeCreativeID":"4829","scenes":["12","1","8","6","15","2"],"campaignAdType":"Interstitial"},{"campaignID":"9386","attribution":0,"priority":"5","appToPromote":{"appToPromoteID":"17764","usesDefaultFrameImage":"0","usesDefaultCloseImage":"0","marketURL":"https:\/\/play.google.com\/store\/apps\/details?id=com.visiblebody.atlas&amp;referrer=utm_source=42matters.com&amp;utm_medium=api","packageID":"com.gamesarena..test6324"},"showTemplate":1,"s2s_tracking_url":"https:\/\/play.google.com\/store\/apps\/details?id=com.visiblebody.atlas&amp;referrer=utm_source=42matters.com&amp;utm_medium=api","activeCreativeID":"4828","scenes":["12","1","8","6","15","2"],"campaignAdType":"Interstitial"},{"campaignID":"9389","attribution":0,"priority":"5","appToPromote":{"appToPromoteID":"13185","usesDefaultFrameImage":"0","usesDefaultCloseImage":"0","marketURL":"https:\/\/play.google.com\/store\/apps\/details?id=com.gamesarena.flying.bike.tricks.stunts&amp;referrer=utm_source=42matters.com&amp;utm_medium=api","packageID":"com.gamesarena.flying.bike.tricks.stunts"},"showTemplate":1,"s2s_tracking_url":"https:\/\/play.google.com\/store\/apps\/details?id=com.gamesarena.flying.bike.tricks.stunts&amp;referrer=utm_source=42matters.com&amp;utm_medium=api","activeCreativeID":"4829","scenes":["12","1","8","6","15","2"],"campaignAdType":"Interstitial"},{"campaignID":"9390","attribution":0,"priority":"5","appToPromote":{"appToPromoteID":"17764","usesDefaultFrameImage":"0","usesDefaultCloseImage":"0","marketURL":"https:\/\/play.google.com\/store\/apps\/details?id=com.visiblebody.atlas&amp;referrer=utm_source=42matters.com&amp;utm_medium=api","packageID":"com.gamesarena..test6324"},"showTemplate":1,"s2s_tracking_url":"https:\/\/play.google.com\/store\/apps\/details?id=com.visiblebody.atlas&amp;referrer=utm_source=42matters.com&amp;utm_medium=api","activeCreativeID":"4828","scenes":["12","1","8","6","15","2"],"campaignAdType":"Interstitial"},{"campaignID":"9249","attribution_link":"https:\/\/app.appsflyer.com\/com.lgn.gun.strike.war.train.shooting.games?pid=consoliads_int&amp;af_click_lookback=7d&amp;clickid=2225_9249_6306&amp;android_id={android_id}&amp;sha1_android_id={sha1_android_id}&amp;advertising_id=6306&amp;sha1_advertising_id=0810026898d95f0d082b560bd31790e0bccb797c&amp;af_keywords=2","attribution":1,"priority":"8","appToPromote":{"appToPromoteID":"13421","usesDefaultFrameImage":"0","usesDefaultCloseImage":"0","marketURL":"http:\/\/www.google.com","packageID":"com.appricot2d.testt"},"showTemplate":1,"s2s_tracking_url":"https:\/\/app.appsflyer.com\/com.lgn.gun.strike.war.train.shooting.games?pid=consoliads_int&amp;af_click_lookback=7d&amp;clickid=2225_9249_6306&amp;android_id={android_id}&amp;sha1_android_id={sha1_android_id}&amp;advertising_id=6306&amp;sha1_advertising_id=0810026898d95f0d082b560bd31790e0bccb797c&amp;af_keywords=2","activeCreativeID":"4679","scenes":["12","1","8","6","15","2"],"campaignAdType":"Interstitial"},{"campaignID":"9261","attribution_link":"https:\/\/app.appsflyer.com\/com.lgn.gun.strike.war.train.shooting.games?pid=consoliads_int&amp;af_click_lookback=7d&amp;clickid=2225_9261_6306&amp;android_id={android_id}&amp;sha1_android_id={sha1_android_id}&amp;advertising_id=6306&amp;sha1_advertising_id=0810026898d95f0d082b560bd31790e0bccb797c&amp;af_keywords=2","attribution":1,"priority":"8","appToPromote":{"appToPromoteID":"13421","usesDefaultFrameImage":"0","usesDefaultCloseImage":"0","marketURL":"http:\/\/www.google.com","packageID":"com.appricot2d.testt"},"showTemplate":1,"s2s_tracking_url":"https:\/\/app.appsflyer.com\/com.lgn.gun.strike.war.train.shooting.games?pid=consoliads_int&amp;af_click_lookback=7d&amp;clickid=2225_9261_6306&amp;android_id={android_id}&amp;sha1_android_id={sha1_android_id}&amp;advertising_id=6306&amp;sha1_advertising_id=0810026898d95f0d082b560bd31790e0bccb797c&amp;af_keywords=2","activeCreativeID":"4692","scenes":["12","1","8","6","15","2"],"campaignAdType":"Interstitial"},{"campaignID":"9131","attribution":0,"priority":"8","appToPromote":{"appToPromoteID":"17532","usesDefaultFrameImage":"0","usesDefaultCloseImage":"0","marketURL":"https:\/\/play.google.com\/store\/apps\/details?id=com.dhgate.buyermob","packageID":"com.dhgate.buyermob"},"showTemplate":1,"s2s_tracking_url":"https:\/\/tha.gotrackier.com\/click?campaign_id=63254\\u0026pub_id=75?p1=2225_9131_6306&amp;source=6841&amp;app_name=OffRoadPoliceBikeTransport&amp;gaid=6306","activeCreativeID":"4483","scenes":["12","1","8","6","15","2"],"campaignAdType":"Interstitial"},{"campaignID":"561","attribution":0,"priority":"6","appToPromote":{"appToPromoteID":"5026","usesDefaultFrameImage":"0","usesDefaultCloseImage":"0","marketURL":"https:\/\/play.google.com\/store\/apps\/details?id=com.as.cashupapp","packageID":"com.as.cashupapp"},"showTemplate":1,"s2s_tracking_url":"https:\/\/play.google.com\/store\/apps\/details?id=com.as.cashupapp","activeCreativeID":"652","scenes":["12","1","8","6","15","2"],"campaignAdType":"Interstitial"},{"campaignID":"570","attribution":0,"priority":"6","appToPromote":{"appToPromoteID":"3802","usesDefaultFrameImage":"0","usesDefaultCloseImage":"0","marketURL":"https:\/\/play.google.com\/store\/apps\/details?id=com.Madxstudios.Flickshootsoccer","packageID":"com.Madxstudios.Flickshootsoccer"},"showTemplate":1,"s2s_tracking_url":"https:\/\/play.google.com\/store\/apps\/details?id=com.Madxstudios.Flickshootsoccer","activeCreativeID":"661","scenes":["12","1","8","6","15","2"],"campaignAdType":"Interstitial"},{"campaignID":"588","attribution":0,"priority":"6","appToPromote":{"appToPromoteID":"5026","usesDefaultFrameImage":"0","usesDefaultCloseImage":"0","marketURL":"https:\/\/play.google.com\/store\/apps\/details?id=com.as.cashupapp","packageID":"com.as.cashupapp"},"showTemplate":1,"s2s_tracking_url":"https:\/\/play.google.com\/store\/apps\/details?id=com.as.cashupapp","activeCreativeID":"652","scenes":["12","1","8","6","15","2"],"campaignAdType":"Interstitial"},{"campaignID":"6620","attribution":0,"priority":"6","appToPromote":{"appToPromoteID":"12980","usesDefaultFrameImage":"0","usesDefaultCloseImage":"0","marketURL":"https:\/\/play.google.com\/store\/apps\/details?id=com.sx.cooking.cafe.restaurant","packageID":"com.sx.cooking.cafe.restaurant"},"showTemplate":1,"s2s_tracking_url":"https:\/\/play.google.com\/store\/apps\/details?id=com.sx.cooking.cafe.restaurant","activeCreativeID":"1702","scenes":["12","1","8","6","15","2"],"campaignAdType":"Interstitial"},{"campaignID":"6596","attribution":0,"priority":"5","appToPromote":{"appToPromoteID":"12980","usesDefaultFrameImage":"0","usesDefaultCloseImage":"0","marketURL":"https:\/\/play.google.com\/store\/apps\/details?id=com.sx.cooking.cafe.restaurant","packageID":"com.sx.cooking.cafe.restaurant"},"showTemplate":1,"s2s_tracking_url":"https:\/\/play.google.com\/store\/apps\/details?id=com.sx.cooking.cafe.restaurant","activeCreativeID":"1702","scenes":["12","1","8","6","15","2"],"campaignAdType":"Interstitial"}],"refreshAdRate":30,"mode":"Production","aspectRatio":"4_3","cdnPath":"https:\/\/df8ymybeo92md.cloudfront.net\/images\/","sentry_log":0,"local_logging":0,"sentry_dsn":"https:\/\/93ffa1c9a4124f67b8888a53265f751a:bbf998e04584477fa9a145838e9d3b26@sentry.io\/168994","sentry_initialization":1,"sentry_debugging":0,"bannerSizes":["5"],"aspectRatioVideo":"16_9","app_id":"2225","showPreRewardedDialogue":0,"showPostRewardedDialogue":0,"rewardCurrency":"coins","rewardValue":0,"isSkipable":0,"privacyPolicyURL":"https:\/\/www.consoliads.com\/privacy-policy\/","sessionToken":"fs\/zOSEx57gRWmh9Vp\/8Ayo8WBCMDV6X6pWdbtrLcTAdMspYtLXO\/sM8TUlcemgMlPKD0yic1846D4SblhJJPfh7J6mhScvW5imUm7o1G1jGTfXxDXI1sIclD730kVq4kaNteFUnl4X8ZR8TcHnVpkr5y+Sy3xF65IgrdwSG2tg="}
Session token value is set


{"appKey":"9df632233aa0ab875abe5f3677328817","deviceID":"8924","stats":[{"campaignID":153,"packageID":"com.whitesand.underwater.shark.sniper.hunter","sceneStats":[{"sceneID":"23","eventStats":"389,289,189,89,89,0,0"}]}],"sdkVersion":"90","sessionToken":"fs\/zOSEx57gRWmh9Vp\/8Ayo8WBCMDV6X6pWdbtrLcTAdMspYtLXO\/sM8TUlcemgMlPKD0yic1846D4SblhJJPfh7J6mhScvW5imUm7o1G1jGTfXxDXI1sIclD730kVq4kaNteFUnl4X8ZR8TcHnVpkr5y+Sy3xF65IgrdwSG2tg="}
cache_ttl value is correct

Refresh Ad Rate value is correct
mode value is set

 Aspect ratio value is correct
sentry_log value is set
local_logging value is set
sentry_initialization value is set
sentry_debugging value is set
showPreRewardedDialogue value is set
showPostRewardedDialogue value is set
isSkipable value is set
{"cache_ttl":10080,"cache_ttl_rewarded":10080,"cache_ttl_banner":10080,"cache_ttl_native":10080,"cache_ttl_icon":10080,"refreshAdRate":30,"mode":"Production","aspectRatio":"4_3","cdnPath":"https:\/\/df8ymybeo92md.cloudfront.net\/images\/","sentry_log":0,"local_logging":0,"sentry_dsn":"https:\/\/93ffa1c9a4124f67b8888a53265f751a:bbf998e04584477fa9a145838e9d3b26@sentry.io\/168994","sentry_initialization":1,"sentry_debugging":0,"bannerSizes":["5"],"aspectRatioVideo":"16_9","app_id":"2141","showPreRewardedDialogue":0,"showPostRewardedDialogue":0,"rewardCurrency":"coins","rewardValue":0,"isSkipable":0,"privacyPolicyURL":"https:\/\/www.consoliads.com\/privacy-policy\/","sessionToken":"O319dgS00d29MuF0v2CxU+lLbrEysJ2hD8nPGLXGNzNpbieoq3a8\/luz2CdiSLRbZxJ4yWHZXThO8sYsr7qmKcwO+tFpPjyyjMFnxdovpCjBdFWSaVOK80hixvCGPj3iW9l6Pi33rql8X4085dAq1UemNBASmzC55qft4XR+oj4="}
Session token value is set


{"appKey":"0c2ea59a1926e209c4043dbc64975c4d","deviceID":"1826","stats":[{"campaignID":155,"packageID":"com.gss.garage.workshop.carmehanic","sceneStats":[{"sceneID":"5","eventStats":"319,219,119,19,19,0,0"}]}],"sdkVersion":"2163","sessionToken":"O319dgS00d29MuF0v2CxU+lLbrEysJ2hD8nPGLXGNzNpbieoq3a8\/luz2CdiSLRbZxJ4yWHZXThO8sYsr7qmKcwO+tFpPjyyjMFnxdovpCjBdFWSaVOK80hixvCGPj3iW9l6Pi33rql8X4085dAq1UemNBASmzC55qft4XR+oj4="}
cache_ttl value is correct

Title value is correct

Title value is correct

Title value is correct

Title value is correct

Title value is correct

Title value is correct

Refresh Ad Rate value is correct
mode value is set

 Aspect ratio value is correct
sentry_log value is set
local_logging value is set
sentry_initialization value is set
sentry_debugging value is set
showPreRewardedDialogue value is set
showPostRewardedDialogue value is set
isSkipable value is set
{"cache_ttl":10080,"cache_ttl_rewarded":10080,"cache_ttl_banner":10080,"cache_ttl_native":10080,"cache_ttl_icon":10080,"campaigns":[{"campaignID":"9384","attribution":0,"priority":"5","appToPromote":{"appToPromoteID":"13185","usesDefaultFrameImage":"0","usesDefaultCloseImage":"0","marketURL":"https:\/\/play.google.com\/store\/apps\/details?id=com.gamesarena.flying.bike.tricks.stunts&amp;referrer=utm_source=42matters.com&amp;utm_medium=api","packageID":"com.gamesarena.flying.bike.tricks.stunts"},"showTemplate":1,"s2s_tracking_url":"https:\/\/play.google.com\/store\/apps\/details?id=com.gamesarena.flying.bike.tricks.stunts&amp;referrer=utm_source=42matters.com&amp;utm_medium=api","activeCreativeID":"4829","scenes":["12","1","8","6","15","2"],"campaignAdType":"Interstitial"},{"campaignID":"9386","attribution":0,"priority":"5","appToPromote":{"appToPromoteID":"17764","usesDefaultFrameImage":"0","usesDefaultCloseImage":"0","marketURL":"https:\/\/play.google.com\/store\/apps\/details?id=com.visiblebody.atlas&amp;referrer=utm_source=42matters.com&amp;utm_medium=api","packageID":"com.gamesarena..test6324"},"showTemplate":1,"s2s_tracking_url":"https:\/\/play.google.com\/store\/apps\/details?id=com.visiblebody.atlas&amp;referrer=utm_source=42matters.com&amp;utm_medium=api","activeCreativeID":"4828","scenes":["12","1","8","6","15","2"],"campaignAdType":"Interstitial"},{"campaignID":"9389","attribution":0,"priority":"5","appToPromote":{"appToPromoteID":"13185","usesDefaultFrameImage":"0","usesDefaultCloseImage":"0","marketURL":"https:\/\/play.google.com\/store\/apps\/details?id=com.gamesarena.flying.bike.tricks.stunts&amp;referrer=utm_source=42matters.com&amp;utm_medium=api","packageID":"com.gamesarena.flying.bike.tricks.stunts"},"showTemplate":1,"s2s_tracking_url":"https:\/\/play.google.com\/store\/apps\/details?id=com.gamesarena.flying.bike.tricks.stunts&amp;referrer=utm_source=42matters.com&amp;utm_medium=api","activeCreativeID":"4829","scenes":["12","1","8","6","15","2"],"campaignAdType":"Interstitial"},{"campaignID":"9390","attribution":0,"priority":"5","appToPromote":{"appToPromoteID":"17764","usesDefaultFrameImage":"0","usesDefaultCloseImage":"0","marketURL":"https:\/\/play.google.com\/store\/apps\/details?id=com.visiblebody.atlas&amp;referrer=utm_source=42matters.com&amp;utm_medium=api","packageID":"com.gamesarena..test6324"},"showTemplate":1,"s2s_tracking_url":"https:\/\/play.google.com\/store\/apps\/details?id=com.visiblebody.atlas&amp;referrer=utm_source=42matters.com&amp;utm_medium=api","activeCreativeID":"4828","scenes":["12","1","8","6","15","2"],"campaignAdType":"Interstitial"},{"campaignID":"6641","attribution":0,"priority":"5","appToPromote":{"appToPromoteID":"5724","usesDefaultFrameImage":"0","usesDefaultCloseImage":"0","marketURL":"https:\/\/play.google.com\/store\/apps\/details?id=com.gss.shooting.game.army.sniper2018","packageID":"com.gss.shooting.game.army.sniper2018"},"showTemplate":1,"s2s_tracking_url":"https:\/\/play.google.com\/store\/apps\/details?id=com.gss.shooting.game.army.sniper2018","activeCreativeID":"1749","scenes":["12","1","8","6","15","2"],"campaignAdType":"Icon"},{"campaignID":"7747","attribution":0,"priority":"4","appToPromote":{"appToPromoteID":"15129","usesDefaultFrameImage":"0","usesDefaultCloseImage":"0","marketURL":"https:\/\/play.google.com\/store\/apps\/details?id=com.gss.motocross.bike.stunt.racing","packageID":"com.gss.motocross.bike.stunt.racing"},"showTemplate":1,"s2s_tracking_url":"https:\/\/play.google.com\/store\/apps\/details?id=com.gss.motocross.bike.stunt.racing","activeCreativeID":"3004","scenes":["12","1","8","6","15","2"],"campaignAdType":"Interstitial"},{"campaignID":"6689","attribution":0,"priority":"3","appToPromote":{"appToPromoteID":"2552","usesDefaultFrameImage":"0","usesDefaultCloseImage":"0","marketURL":"https:\/\/play.google.com\/store\/apps\/details?id=com.gss.grand.city.rescue.flyingrobot","packageID":"com.gss.grand.city.rescue.flyingrobot"},"showTemplate":1,"s2s_tracking_url":"https:\/\/play.google.com\/store\/apps\/details?id=com.gss.grand.city.rescue.flyingrobot","activeCreativeID":"1791","scenes":["12","1","8","6","15","2"],"campaignAdType":"Icon"},{"campaignID":"8376","attribution":0,"priority":"3","appToPromote":{"appToPromoteID":"16325","usesDefaultFrameImage":"0","usesDefaultCloseImage":"0","marketURL":"https:\/\/play.google.com\/store\/apps\/details?id=com.tgp.mega.ramp.ambulance.car.stunts","packageID":"com.tgp.mega.ramp.ambulance.car.stunts"},"showTemplate":1,"s2s_tracking_url":"https:\/\/play.google.com\/store\/apps\/details?id=com.tgp.mega.ramp.ambulance.car.stunts","activeCreativeID":"3718","scenes":["12","1","8","6","15","2"],"campaignAdType":"Interstitial"},{"campaignID":"7036","attribution":0,"priority":"1","appToPromote":{"appToPromoteID":"2251","usesDefaultFrameImage":"0","usesDefaultCloseImage":"0","marketURL":"https:\/\/play.google.com\/store\/apps\/details?id=com.gss.police.sniper.reloaded","packageID":"com.gss.police.sniper.reloaded"},"showTemplate":1,"s2s_tracking_url":"https:\/\/play.google.com\/store\/apps\/details?id=com.gss.police.sniper.reloaded","activeCreativeID":"2155","scenes":["12","1","8","6","15","2"],"campaignAdType":"Icon"},{"campaignID":"7745","attribution":0,"priority":"1","appToPromote":{"appToPromoteID":"15129","usesDefaultFrameImage":"0","usesDefaultCloseImage":"0","marketURL":"https:\/\/play.google.com\/store\/apps\/details?id=com.gss.motocross.bike.stunt.racing","packageID":"com.gss.motocross.bike.stunt.racing"},"showTemplate":1,"s2s_tracking_url":"https:\/\/play.google.com\/store\/apps\/details?id=com.gss.motocross.bike.stunt.racing","activeCreativeID":"2743","scenes":["12","1","8","6","15","2"],"campaignAdType":"Icon"},{"campaignID":"9252","attribution":0,"priority":"8","appToPromote":{"appToPromoteID":"12315","usesDefaultFrameImage":"0","usesDefaultCloseImage":"0","marketURL":"google.com","packageID":"com.qabrand.plnative"},"showTemplate":1,"s2s_tracking_url":"google.com","activeCreativeID":"4683","scenes":["12","1","8","6","15","2"],"campaignAdType":"Native","title":"Native first","subTitle":"First ","description":"New description","adClickThroughText":"FIRST Button"},{"campaignID":"9253","attribution":0,"priority":"8","appToPromote":{"appToPromoteID":"12315","usesDefaultFrameImage":"0","usesDefaultCloseImage":"0","marketURL":"google.com","packageID":"com.qabrand.plnative"},"showTemplate":1,"s2s_tracking_url":"google.com","activeCreativeID":"4683","scenes":["12","1","8","6","15","2"],"campaignAdType":"Native","title":"Native first","subTitle":"First ","description":"New description","adClickThroughText":"FIRST Button"},{"campaignID":"9255","attribution":0,"priority":"8","appToPromote":{"appToPromoteID":"13274","usesDefaultFrameImage":"0","usesDefaultCloseImage":"0","marketURL":"https:\/\/play.google.com\/store\/apps\/details?id=com.facebook.katana","packageID":"com.salon.adsalon"},"showTemplate":1,"s2s_tracking_url":"https:\/\/play.google.com\/store\/apps\/details?id=com.facebook.katana","activeCreativeID":"4685","scenes":["12","1","8","6","15","2"],"campaignAdType":"Native","title":"native NA ","subTitle":"native NA ","description":"native NA added","adClickThroughText":"native NA "},{"campaignID":"9257","attribution":0,"priority":"8","appToPromote":{"appToPromoteID":"12286","usesDefaultFrameImage":"0","usesDefaultCloseImage":"0","marketURL":"google.com","packageID":"com.qabrand.Chartboost_Native"},"showTemplate":1,"s2s_tracking_url":"google.com","activeCreativeID":"4688","scenes":["12","1","8","6","15","2"],"campaignAdType":"Native","title":"Native second updated","subTitle":"Native second ","description":"Native second details","adClickThroughText":"Native second "},{"campaignID":"9263","attribution":0,"priority":"8","appToPromote":{"appToPromoteID":"12315","usesDefaultFrameImage":"0","usesDefaultCloseImage":"0","marketURL":"google.com","packageID":"com.qabrand.plnative"},"showTemplate":1,"s2s_tracking_url":"google.com","activeCreativeID":"4694","scenes":["12","1","8","6","15","2"],"campaignAdType":"Native","title":"test","subTitle":"test","description":" test details update","adClickThroughText":"test"},{"campaignID":"9127","attribution":0,"priority":"8","appToPromote":{"appToPromoteID":"17528","usesDefaultFrameImage":"0","usesDefaultCloseImage":"0","marketURL":"https:\/\/play.google.com\/store\/apps\/details?id=net.one97.paytm","packageID":"net.one97.paytm"},"showTemplate":1,"s2s_tracking_url":"https:\/\/tha.gotrackier.com\/click?campaign_id=63249\\u0026pub_id=75?p1=2226_9127_1826&amp;source=6841&amp;app_name=CarMechanicWorkshopGarage&amp;gaid=1826","activeCreativeID":"4788","scenes":["12","1","8","6","15","2"],"campaignAdType":"Native","title":"BCA","subTitle":"FW","description":"nope","adClickThroughText":"Link"},{"campaignID":"9131","attribution":0,"priority":"8","appToPromote":{"appToPromoteID":"17532","usesDefaultFrameImage":"0","usesDefaultCloseImage":"0","marketURL":"https:\/\/play.google.com\/store\/apps\/details?id=com.dhgate.buyermob","packageID":"com.dhgate.buyermob"},"showTemplate":1,"s2s_tracking_url":"https:\/\/tha.gotrackier.com\/click?campaign_id=63254\\u0026pub_id=75?p1=2226_9131_1826&amp;source=6841&amp;app_name=CarMechanicWorkshopGarage&amp;gaid=1826","activeCreativeID":"4483","scenes":["12","1","8","6","15","2"],"campaignAdType":"Interstitial"},{"campaignID":"561","attribution":0,"priority":"6","appToPromote":{"appToPromoteID":"5026","usesDefaultFrameImage":"0","usesDefaultCloseImage":"0","marketURL":"https:\/\/play.google.com\/store\/apps\/details?id=com.as.cashupapp","packageID":"com.as.cashupapp"},"showTemplate":1,"s2s_tracking_url":"https:\/\/play.google.com\/store\/apps\/details?id=com.as.cashupapp","activeCreativeID":"652","scenes":["12","1","8","6","15","2"],"campaignAdType":"Interstitial"},{"campaignID":"570","attribution":0,"priority":"6","appToPromote":{"appToPromoteID":"3802","usesDefaultFrameImage":"0","usesDefaultCloseImage":"0","marketURL":"https:\/\/play.google.com\/store\/apps\/details?id=com.Madxstudios.Flickshootsoccer","packageID":"com.Madxstudios.Flickshootsoccer"},"showTemplate":1,"s2s_tracking_url":"https:\/\/play.google.com\/store\/apps\/details?id=com.Madxstudios.Flickshootsoccer","activeCreativeID":"661","scenes":["12","1","8","6","15","2"],"campaignAdType":"Interstitial"},{"campaignID":"588","attribution":0,"priority":"6","appToPromote":{"appToPromoteID":"5026","usesDefaultFrameImage":"0","usesDefaultCloseImage":"0","marketURL":"https:\/\/play.google.com\/store\/apps\/details?id=com.as.cashupapp","packageID":"com.as.cashupapp"},"showTemplate":1,"s2s_tracking_url":"https:\/\/play.google.com\/store\/apps\/details?id=com.as.cashupapp","activeCreativeID":"652","scenes":["12","1","8","6","15","2"],"campaignAdType":"Interstitial"}],"refreshAdRate":30,"mode":"Production","aspectRatio":"4_3","cdnPath":"https:\/\/df8ymybeo92md.cloudfront.net\/images\/","sentry_log":0,"local_logging":0,"sentry_dsn":"https:\/\/93ffa1c9a4124f67b8888a53265f751a:bbf998e04584477fa9a145838e9d3b26@sentry.io\/168994","sentry_initialization":1,"sentry_debugging":0,"bannerSizes":["1"],"aspectRatioVideo":"16_9","app_id":"2226","showPreRewardedDialogue":0,"showPostRewardedDialogue":0,"rewardCurrency":"coins","rewardValue":0,"isSkipable":1,"privacyPolicyURL":"https:\/\/www.consoliads.com\/privacy-policy\/","sessionToken":"iadNE12hBkz3lgcdLtwMJ17wYOLWchk3lhjr0IE0H2D0bhCugjnpVzFevYEIVhNrUbuIv6UzeTySlrjyr0IQct0gcxbfVusANg75UPXu6IHXonYcF82VL5GGRGj0VTzu2Ng+qJfjCcO8DuUZYplLxZ1ug0IaJJHdMLtxai6DjIs="}
Session token value is set


{"appKey":"47177e643e2e9ff27cdc3f79c552ce95","deviceID":"2807","stats":[{"campaignID":164,"packageID":"com.tgp.car.robot.transport.truck","sceneStats":[{"sceneID":"8","eventStats":"328,228,128,28,28,0,0"}]}],"sdkVersion":"2163","sessionToken":"iadNE12hBkz3lgcdLtwMJ17wYOLWchk3lhjr0IE0H2D0bhCugjnpVzFevYEIVhNrUbuIv6UzeTySlrjyr0IQct0gcxbfVusANg75UPXu6IHXonYcF82VL5GGRGj0VTzu2Ng+qJfjCcO8DuUZYplLxZ1ug0IaJJHdMLtxai6DjIs="}
cache_ttl value is correct

Title value is correct

Title value is correct

Title value is correct

Title value is correct

Title value is correct

Title value is correct

Refresh Ad Rate value is correct
mode value is set

 Aspect ratio value is correct
sentry_log value is set
local_logging value is set
sentry_initialization value is set
sentry_debugging value is set
showPreRewardedDialogue value is set
showPostRewardedDialogue value is set
isSkipable value is set
{"cache_ttl":10080,"cache_ttl_rewarded":10080,"cache_ttl_banner":10080,"cache_ttl_native":10080,"cache_ttl_icon":10080,"campaigns":[{"campaignID":"9384","attribution":0,"priority":"5","appToPromote":{"appToPromoteID":"13185","usesDefaultFrameImage":"0","usesDefaultCloseImage":"0","marketURL":"https:\/\/play.google.com\/store\/apps\/details?id=com.gamesarena.flying.bike.tricks.stunts&amp;referrer=utm_source=42matters.com&amp;utm_medium=api","packageID":"com.gamesarena.flying.bike.tricks.stunts"},"showTemplate":1,"s2s_tracking_url":"https:\/\/play.google.com\/store\/apps\/details?id=com.gamesarena.flying.bike.tricks.stunts&amp;referrer=utm_source=42matters.com&amp;utm_medium=api","activeCreativeID":"4829","scenes":["12","1","8","6","15","2"],"campaignAdType":"Interstitial"},{"campaignID":"9386","attribution":0,"priority":"5","appToPromote":{"appToPromoteID":"17764","usesDefaultFrameImage":"0","usesDefaultCloseImage":"0","marketURL":"https:\/\/play.google.com\/store\/apps\/details?id=com.visiblebody.atlas&amp;referrer=utm_source=42matters.com&amp;utm_medium=api","packageID":"com.gamesarena..test6324"},"showTemplate":1,"s2s_tracking_url":"https:\/\/play.google.com\/store\/apps\/details?id=com.visiblebody.atlas&amp;referrer=utm_source=42matters.com&amp;utm_medium=api","activeCreativeID":"4828","scenes":["12","1","8","6","15","2"],"campaignAdType":"Interstitial"},{"campaignID":"9389","attribution":0,"priority":"5","appToPromote":{"appToPromoteID":"13185","usesDefaultFrameImage":"0","usesDefaultCloseImage":"0","marketURL":"https:\/\/play.google.com\/store\/apps\/details?id=com.gamesarena.flying.bike.tricks.stunts&amp;referrer=utm_source=42matters.com&amp;utm_medium=api","packageID":"com.gamesarena.flying.bike.tricks.stunts"},"showTemplate":1,"s2s_tracking_url":"https:\/\/play.google.com\/store\/apps\/details?id=com.gamesarena.flying.bike.tricks.stunts&amp;referrer=utm_source=42matters.com&amp;utm_medium=api","activeCreativeID":"4829","scenes":["12","1","8","6","15","2"],"campaignAdType":"Interstitial"},{"campaignID":"9390","attribution":0,"priority":"5","appToPromote":{"appToPromoteID":"17764","usesDefaultFrameImage":"0","usesDefaultCloseImage":"0","marketURL":"https:\/\/play.google.com\/store\/apps\/details?id=com.visiblebody.atlas&amp;referrer=utm_source=42matters.com&amp;utm_medium=api","packageID":"com.gamesarena..test6324"},"showTemplate":1,"s2s_tracking_url":"https:\/\/play.google.com\/store\/apps\/details?id=com.visiblebody.atlas&amp;referrer=utm_source=42matters.com&amp;utm_medium=api","activeCreativeID":"4828","scenes":["12","1","8","6","15","2"],"campaignAdType":"Interstitial"},{"campaignID":"8355","attribution":0,"priority":"5","appToPromote":{"appToPromoteID":"16325","usesDefaultFrameImage":"0","usesDefaultCloseImage":"0","marketURL":"https:\/\/play.google.com\/store\/apps\/details?id=com.tgp.mega.ramp.ambulance.car.stunts","packageID":"com.tgp.mega.ramp.ambulance.car.stunts"},"showTemplate":1,"s2s_tracking_url":"https:\/\/play.google.com\/store\/apps\/details?id=com.tgp.mega.ramp.ambulance.car.stunts","activeCreativeID":"3693","scenes":["12","1","8","6","15","2"],"campaignAdType":"Icon"},{"campaignID":"8795","attribution":0,"priority":"5","appToPromote":{"appToPromoteID":"16325","usesDefaultFrameImage":"0","usesDefaultCloseImage":"0","marketURL":"https:\/\/play.google.com\/store\/apps\/details?id=com.tgp.mega.ramp.ambulance.car.stunts","packageID":"com.tgp.mega.ramp.ambulance.car.stunts"},"showTemplate":1,"s2s_tracking_url":"https:\/\/play.google.com\/store\/apps\/details?id=com.tgp.mega.ramp.ambulance.car.stunts","activeCreativeID":"4157","scenes":["12","1","8","6","15","2"],"campaignAdType":"Native","title":"Mega Ramp Stunts Game","subTitle":"Car Stunts ","description":"Mega Ramp Stunts Game","adClickThroughText":"Download FREE"},{"campaignID":"8376","attribution":0,"priority":"3","appToPromote":{"appToPromoteID":"16325","usesDefaultFrameImage":"0","usesDefaultCloseImage":"0","marketURL":"https:\/\/play.google.com\/store\/apps\/details?id=com.tgp.mega.ramp.ambulance.car.stunts","packageID":"com.tgp.mega.ramp.ambulance.car.stunts"},"showTemplate":1,"s2s_tracking_url":"https:\/\/play.google.com\/store\/apps\/details?id=com.tgp.mega.ramp.ambulance.car.stunts","activeCreativeID":"3718","scenes":["12","1","8","6","15","2"],"campaignAdType":"Interstitial"},{"campaignID":"8354","attribution":0,"priority":"2","appToPromote":{"appToPromoteID":"16325","usesDefaultFrameImage":"0","usesDefaultCloseImage":"0","marketURL":"https:\/\/play.google.com\/store\/apps\/details?id=com.tgp.mega.ramp.ambulance.car.stunts","packageID":"com.tgp.mega.ramp.ambulance.car.stunts"},"showTemplate":1,"s2s_tracking_url":"https:\/\/play.google.com\/store\/apps\/details?id=com.tgp.mega.ramp.ambulance.car.stunts","activeCreativeID":"3692","scenes":["12","1","8","6","15","2"],"campaignAdType":"Interstitial"},{"campaignID":"8226","attribution":0,"priority":"8","appToPromote":{"appToPromoteID":"12623","usesDefaultFrameImage":"0","usesDefaultCloseImage":"0","marketURL":"https:\/\/play.google.com\/store\/apps\/details?id=com.igg.android.lordsmobile&amp;referrer=utm_source=42matters.com&amp;utm_medium=api","packageID":"com.nooribrand.android.lordsmobile"},"showTemplate":1,"s2s_tracking_url":"https:\/\/play.google.com\/store\/apps\/details?id=com.igg.android.lordsmobile&amp;referrer=utm_source=42matters.com&amp;utm_medium=api","activeCreativeID":"3557","scenes":["12","1","8","6","15","2"],"campaignAdType":"Icon"},{"campaignID":"8613","attribution":0,"priority":"8","appToPromote":{"appToPromoteID":"12623","usesDefaultFrameImage":"0","usesDefaultCloseImage":"0","marketURL":"https:\/\/play.google.com\/store\/apps\/details?id=com.igg.android.lordsmobile&amp;referrer=utm_source=42matters.com&amp;utm_medium=api","packageID":"com.nooribrand.android.lordsmobile"},"showTemplate":1,"s2s_tracking_url":"https:\/\/play.google.com\/store\/apps\/details?id=com.igg.android.lordsmobile&amp;referrer=utm_source=42matters.com&amp;utm_medium=api","activeCreativeID":"3557","scenes":["12","1","8","6","15","2"],"campaignAdType":"Icon"},{"campaignID":"9249","attribution_link":"https:\/\/app.appsflyer.com\/com.lgn.gun.strike.war.train.shooting.games?pid=consoliads_int&amp;af_click_lookback=7d&amp;clickid=2350_9249_2807&amp;android_id={android_id}&amp;sha1_android_id={sha1_android_id}&amp;advertising_id=2807&amp;sha1_advertising_id=d003833f9f38f2c93f587610988cbbb761e0e3bd&amp;af_keywords=2","attribution":1,"priority":"8","appToPromote":{"appToPromoteID":"13421","usesDefaultFrameImage":"0","usesDefaultCloseImage":"0","marketURL":"http:\/\/www.google.com","packageID":"com.appricot2d.testt"},"showTemplate":1,"s2s_tracking_url":"https:\/\/app.appsflyer.com\/com.lgn.gun.strike.war.train.shooting.games?pid=consoliads_int&amp;af_click_lookback=7d&amp;clickid=2350_9249_2807&amp;android_id={android_id}&amp;sha1_android_id={sha1_android_id}&amp;advertising_id=2807&amp;sha1_advertising_id=d003833f9f38f2c93f587610988cbbb761e0e3bd&amp;af_keywords=2","activeCreativeID":"4679","scenes":["12","1","8","6","15","2"],"campaignAdType":"Interstitial"},{"campaignID":"9252","attribution":0,"priority":"8","appToPromote":{"appToPromoteID":"12315","usesDefaultFrameImage":"0","usesDefaultCloseImage":"0","marketURL":"google.com","packageID":"com.qabrand.plnative"},"showTemplate":1,"s2s_tracking_url":"google.com","activeCreativeID":"4683","scenes":["12","1","8","6","15","2"],"campaignAdType":"Native","title":"Native first","subTitle":"First ","description":"New description","adClickThroughText":"FIRST Button"},{"campaignID":"9253","attribution":0,"priority":"8","appToPromote":{"appToPromoteID":"12315","usesDefaultFrameImage":"0","usesDefaultCloseImage":"0","marketURL":"google.com","packageID":"com.qabrand.plnative"},"showTemplate":1,"s2s_tracking_url":"google.com","activeCreativeID":"4683","scenes":["12","1","8","6","15","2"],"campaignAdType":"Native","title":"Native first","subTitle":"First ","description":"New description","adClickThroughText":"FIRST Button"},{"campaignID":"9255","attribution":0,"priority":"8","appToPromote":{"appToPromoteID":"13274","usesDefaultFrameImage":"0","usesDefaultCloseImage":"0","marketURL":"https:\/\/play.google.com\/store\/apps\/details?id=com.facebook.katana","packageID":"com.salon.adsalon"},"showTemplate":1,"s2s_tracking_url":"https:\/\/play.google.com\/store\/apps\/details?id=com.facebook.katana","activeCreativeID":"4685","scenes":["12","1","8","6","15","2"],"campaignAdType":"Native","title":"native NA ","subTitle":"native NA ","description":"native NA added","adClickThroughText":"native NA "},{"campaignID":"9257","attribution":0,"priority":"8","appToPromote":{"appToPromoteID":"12286","usesDefaultFrameImage":"0","usesDefaultCloseImage":"0","marketURL":"google.com","packageID":"com.qabrand.Chartboost_Native"},"showTemplate":1,"s2s_tracking_url":"google.com","activeCreativeID":"4688","scenes":["12","1","8","6","15","2"],"campaignAdType":"Native","title":"Native second updated","subTitle":"Native second ","description":"Native second details","adClickThroughText":"Native second "},{"campaignID":"9261","attribution_link":"https:\/\/app.appsflyer.com\/com.lgn.gun.strike.war.train.shooting.games?pid=consoliads_int&amp;af_click_lookback=7d&amp;clickid=2350_9261_2807&amp;android_id={android_id}&amp;sha1_android_id={sha1_android_id}&amp;advertising_id=2807&amp;sha1_advertising_id=d003833f9f38f2c93f587610988cbbb761e0e3bd&amp;af_keywords=2","attribution":1,"priority":"8","appToPromote":{"appToPromoteID":"13421","usesDefaultFrameImage":"0","usesDefaultCloseImage":"0","marketURL":"http:\/\/www.google.com","packageID":"com.appricot2d.testt"},"showTemplate":1,"s2s_tracking_url":"https:\/\/app.appsflyer.com\/com.lgn.gun.strike.war.train.shooting.games?pid=consoliads_int&amp;af_click_lookback=7d&amp;clickid=2350_9261_2807&amp;android_id={android_id}&amp;sha1_android_id={sha1_android_id}&amp;advertising_id=2807&amp;sha1_advertising_id=d003833f9f38f2c93f587610988cbbb761e0e3bd&amp;af_keywords=2","activeCreativeID":"4692","scenes":["12","1","8","6","15","2"],"campaignAdType":"Interstitial"},{"campaignID":"9263","attribution":0,"priority":"8","appToPromote":{"appToPromoteID":"12315","usesDefaultFrameImage":"0","usesDefaultCloseImage":"0","marketURL":"google.com","packageID":"com.qabrand.plnative"},"showTemplate":1,"s2s_tracking_url":"google.com","activeCreativeID":"4694","scenes":["12","1","8","6","15","2"],"campaignAdType":"Native","title":"test","subTitle":"test","description":" test details update","adClickThroughText":"test"},{"campaignID":"9131","attribution":0,"priority":"8","appToPromote":{"appToPromoteID":"17532","usesDefaultFrameImage":"0","usesDefaultCloseImage":"0","marketURL":"https:\/\/play.google.com\/store\/apps\/details?id=com.dhgate.buyermob","packageID":"com.dhgate.buyermob"},"showTemplate":1,"s2s_tracking_url":"https:\/\/tha.gotrackier.com\/click?campaign_id=63254\\u0026pub_id=75?p1=2350_9131_2807&amp;source=6841&amp;app_name=CarRobotTransportTruck&amp;gaid=2807","activeCreativeID":"4483","scenes":["12","1","8","6","15","2"],"campaignAdType":"Interstitial"},{"campaignID":"561","attribution":0,"priority":"6","appToPromote":{"appToPromoteID":"5026","usesDefaultFrameImage":"0","usesDefaultCloseImage":"0","marketURL":"https:\/\/play.google.com\/store\/apps\/details?id=com.as.cashupapp","packageID":"com.as.cashupapp"},"showTemplate":1,"s2s_tracking_url":"https:\/\/play.google.com\/store\/apps\/details?id=com.as.cashupapp","activeCreativeID":"652","scenes":["12","1","8","6","15","2"],"campaignAdType":"Interstitial"},{"campaignID":"570","attribution":0,"priority":"6","appToPromote":{"appToPromoteID":"3802","usesDefaultFrameImage":"0","usesDefaultCloseImage":"0","marketURL":"https:\/\/play.google.com\/store\/apps\/details?id=com.Madxstudios.Flickshootsoccer","packageID":"com.Madxstudios.Flickshootsoccer"},"showTemplate":1,"s2s_tracking_url":"https:\/\/play.google.com\/store\/apps\/details?id=com.Madxstudios.Flickshootsoccer","activeCreativeID":"661","scenes":["12","1","8","6","15","2"],"campaignAdType":"Interstitial"},{"campaignID":"588","attribution":0,"priority":"6","appToPromote":{"appToPromoteID":"5026","usesDefaultFrameImage":"0","usesDefaultCloseImage":"0","marketURL":"https:\/\/play.google.com\/store\/apps\/details?id=com.as.cashupapp","packageID":"com.as.cashupapp"},"showTemplate":1,"s2s_tracking_url":"https:\/\/play.google.com\/store\/apps\/details?id=com.as.cashupapp","activeCreativeID":"652","scenes":["12","1","8","6","15","2"],"campaignAdType":"Interstitial"},{"campaignID":"6620","attribution":0,"priority":"6","appToPromote":{"appToPromoteID":"12980","usesDefaultFrameImage":"0","usesDefaultCloseImage":"0","marketURL":"https:\/\/play.google.com\/store\/apps\/details?id=com.sx.cooking.cafe.restaurant","packageID":"com.sx.cooking.cafe.restaurant"},"showTemplate":1,"s2s_tracking_url":"https:\/\/play.google.com\/store\/apps\/details?id=com.sx.cooking.cafe.restaurant","activeCreativeID":"1702","scenes":["12","1","8","6","15","2"],"campaignAdType":"Interstitial"},{"campaignID":"6596","attribution":0,"priority":"5","appToPromote":{"appToPromoteID":"12980","usesDefaultFrameImage":"0","usesDefaultCloseImage":"0","marketURL":"https:\/\/play.google.com\/store\/apps\/details?id=com.sx.cooking.cafe.restaurant","packageID":"com.sx.cooking.cafe.restaurant"},"showTemplate":1,"s2s_tracking_url":"https:\/\/play.google.com\/store\/apps\/details?id=com.sx.cooking.cafe.restaurant","activeCreativeID":"1702","scenes":["12","1","8","6","15","2"],"campaignAdType":"Interstitial"}],"refreshAdRate":30,"mode":"Production","aspectRatio":"4_3","cdnPath":"https:\/\/df8ymybeo92md.cloudfront.net\/images\/","sentry_log":0,"local_logging":0,"sentry_dsn":"https:\/\/93ffa1c9a4124f67b8888a53265f751a:bbf998e04584477fa9a145838e9d3b26@sentry.io\/168994","sentry_initialization":1,"sentry_debugging":0,"bannerSizes":["1"],"aspectRatioVideo":"16_9","app_id":"2350","showPreRewardedDialogue":0,"showPostRewardedDialogue":0,"rewardCurrency":"coins","rewardValue":0,"isSkipable":0,"privacyPolicyURL":"https:\/\/www.consoliads.com\/privacy-policy\/","sessionToken":"\/xGM2jzYdSko+qm\/Fs8nQ691W6srGqZ2rKkJPT2TdTgg4TssCZGbA78x8F6R6DwkYUHLqklvTzzIGpPBpkdUk19CMzQGfFneicB4N8qzxU4vWsewZ\/hNUAScruTV8cfeAQpruF9Y4+GLcR9bmaLHwNX+9gP34R7R1wxSJciSULM="}
Session token value is set


{"appKey":"e551eacd7ce4c379df2008130984e935","deviceID":"8979","stats":[{"campaignID":173,"packageID":"com.ubmgames.commando.survivor.modern.lone","sceneStats":[{"sceneID":"23","eventStats":"389,289,189,89,89,0,0"}]}],"sdkVersion":"26","sessionToken":"\/xGM2jzYdSko+qm\/Fs8nQ691W6srGqZ2rKkJPT2TdTgg4TssCZGbA78x8F6R6DwkYUHLqklvTzzIGpPBpkdUk19CMzQGfFneicB4N8qzxU4vWsewZ\/hNUAScruTV8cfeAQpruF9Y4+GLcR9bmaLHwNX+9gP34R7R1wxSJciSULM="}
cache_ttl value is correct

Refresh Ad Rate value is correct
mode value is set

 Aspect ratio value is correct
sentry_log value is set
local_logging value is set
sentry_initialization value is set
sentry_debugging value is set
showPreRewardedDialogue value is set
showPostRewardedDialogue value is set
isSkipable value is set
{"cache_ttl":10080,"cache_ttl_rewarded":10080,"cache_ttl_banner":10080,"cache_ttl_native":10080,"cache_ttl_icon":10080,"refreshAdRate":30,"mode":"Production","aspectRatio":"4_3","cdnPath":"https:\/\/df8ymybeo92md.cloudfront.net\/images\/","sentry_log":0,"local_logging":0,"sentry_dsn":"https:\/\/93ffa1c9a4124f67b8888a53265f751a:bbf998e04584477fa9a145838e9d3b26@sentry.io\/168994","sentry_initialization":1,"sentry_debugging":0,"bannerSizes":["5"],"aspectRatioVideo":"16_9","app_id":"1266","showPreRewardedDialogue":0,"showPostRewardedDialogue":0,"rewardCurrency":"coins","rewardValue":0,"isSkipable":0,"privacyPolicyURL":"https:\/\/www.consoliads.com\/privacy-policy\/","sessionToken":"cVC\/gd2ycICSsBi8RIU+cScHUSSF+fd7T1JQAC1PNg6OBkQglCTGo8b0sHJvr0uKXKEZOUINHiVAlDbufQqIK26iEWQz8ZQOvVKacbvJr8QmybOYz9cAzpCZra5DyEbHnh56mOlmc3q9Evr2HtV4Bn9g9uRPb59vZKjA\/uXOF1c="}
Session token value is set


{"appKey":"71828c96f5c84c83fef15e416d3756de","deviceID":"2154","stats":[{"campaignID":177,"packageID":"com.mizo.transformer.robot","sceneStats":[{"sceneID":"6","eventStats":"322,222,122,22,22,0,0"}]}],"sdkVersion":"39","sessionToken":"cVC\/gd2ycICSsBi8RIU+cScHUSSF+fd7T1JQAC1PNg6OBkQglCTGo8b0sHJvr0uKXKEZOUINHiVAlDbufQqIK26iEWQz8ZQOvVKacbvJr8QmybOYz9cAzpCZra5DyEbHnh56mOlmc3q9Evr2HtV4Bn9g9uRPb59vZKjA\/uXOF1c="}
cache_ttl value is correct

Refresh Ad Rate value is correct
mode value is set

 Aspect ratio value is correct
sentry_log value is set
local_logging value is set
sentry_initialization value is set
sentry_debugging value is set
showPreRewardedDialogue value is set
showPostRewardedDialogue value is set
isSkipable value is set
{"cache_ttl":10080,"cache_ttl_rewarded":10080,"cache_ttl_banner":10080,"cache_ttl_native":10080,"cache_ttl_icon":10080,"campaigns":[{"campaignID":"9277","attribution_link":"","attribution":1,"priority":"5","appToPromote":{"appToPromoteID":"17609","usesDefaultFrameImage":"0","usesDefaultCloseImage":"0","marketURL":"https:\/\/smartbear.com\/learn\/automated-testing\/test-automation-frameworks\/","packageID":"com.buntoo.buntooAd"},"showTemplate":1,"s2s_tracking_url":"","activeCreativeID":"4702","scenes":["1","2","6","4","5"],"campaignAdType":"Interstitial"},{"campaignID":"9278","attribution":0,"priority":"5","appToPromote":{"appToPromoteID":"17609","usesDefaultFrameImage":"0","usesDefaultCloseImage":"0","marketURL":"https:\/\/smartbear.com\/learn\/automated-testing\/test-automation-frameworks\/","packageID":"com.buntoo.buntooAd"},"showTemplate":1,"s2s_tracking_url":"https:\/\/smartbear.com\/learn\/automated-testing\/test-automation-frameworks\/","activeCreativeID":"4701","scenes":["1","2","6","4","5"],"campaignAdType":"Interstitial"},{"campaignID":"9279","attribution":0,"priority":"5","appToPromote":{"appToPromoteID":"17609","usesDefaultFrameImage":"0","usesDefaultCloseImage":"0","marketURL":"https:\/\/smartbear.com\/learn\/automated-testing\/test-automation-frameworks\/","packageID":"com.buntoo.buntooAd"},"showTemplate":1,"s2s_tracking_url":"https:\/\/smartbear.com\/learn\/automated-testing\/test-automation-frameworks\/","activeCreativeID":"4701","scenes":["1","2","6","4","5"],"campaignAdType":"Interstitial"},{"campaignID":"9280","attribution":0,"priority":"5","appToPromote":{"appToPromoteID":"17609","usesDefaultFrameImage":"0","usesDefaultCloseImage":"0","marketURL":"https:\/\/smartbear.com\/learn\/automated-testing\/test-automation-frameworks\/","packageID":"com.buntoo.buntooAd"},"showTemplate":1,"s2s_tracking_url":"https:\/\/smartbear.com\/learn\/automated-testing\/test-automation-frameworks\/","activeCreativeID":"4701","scenes":["1","2","6","4","5"],"campaignAdType":"Interstitial"},{"campaignID":"7359","attribution":0,"priority":"5","appToPromote":{"appToPromoteID":"14746","usesDefaultFrameImage":"0","usesDefaultCloseImage":"0","marketURL":"https:\/\/play.google.com\/store\/apps\/details?id=com.buntoo.army.bus.parking","packageID":"com.buntoo.army.bus.parking"},"showTemplate":1,"s2s_tracking_url":"https:\/\/play.google.com\/store\/apps\/details?id=com.buntoo.army.bus.parking","activeCreativeID":"2497","scenes":["1","2","6","4","5"],"campaignAdType":"Video"},{"campaignID":"7519","attribution":0,"priority":"5","appToPromote":{"appToPromoteID":"15052","usesDefaultFrameImage":"0","usesDefaultCloseImage":"0","marketURL":"https:\/\/play.google.com\/store\/apps\/details?id=com.mizo.robot.fps.shooting.game","packageID":"com.mizo.robot.fps.shooting.game"},"showTemplate":1,"s2s_tracking_url":"https:\/\/play.google.com\/store\/apps\/details?id=com.mizo.robot.fps.shooting.game","activeCreativeID":"2707","scenes":["1","2","6","4","5"],"campaignAdType":"Video"},{"campaignID":"7579","attribution":0,"priority":"5","appToPromote":{"appToPromoteID":"15098","usesDefaultFrameImage":"0","usesDefaultCloseImage":"0","marketURL":"https:\/\/play.google.com\/store\/apps\/details?id=com.gg.tps.shooting.games","packageID":"com.gg.tps.shooting.games"},"showTemplate":1,"s2s_tracking_url":"https:\/\/play.google.com\/store\/apps\/details?id=com.gg.tps.shooting.games","activeCreativeID":"2767","scenes":["1","2","6","4","5"],"campaignAdType":"Video"},{"campaignID":"7838","attribution":0,"priority":"5","appToPromote":{"appToPromoteID":"15339","usesDefaultFrameImage":"0","usesDefaultCloseImage":"0","marketURL":"https:\/\/play.google.com\/store\/apps\/details?id=com.buntoo.pilot.robot.games","packageID":"com.buntoo.pilot.robot.games"},"showTemplate":1,"s2s_tracking_url":"https:\/\/play.google.com\/store\/apps\/details?id=com.buntoo.pilot.robot.games","activeCreativeID":"3118","scenes":["1","2","6","4","5"],"campaignAdType":"Video"},{"campaignID":"7839","attribution":0,"priority":"5","appToPromote":{"appToPromoteID":"15287","usesDefaultFrameImage":"0","usesDefaultCloseImage":"0","marketURL":"https:\/\/play.google.com\/store\/apps\/details?id=com.happy.family.traffic.shooter.games","packageID":"com.happy.family.traffic.shooter.games"},"showTemplate":1,"s2s_tracking_url":"https:\/\/play.google.com\/store\/apps\/details?id=com.happy.family.traffic.shooter.games","activeCreativeID":"3119","scenes":["1","2","6","4","5"],"campaignAdType":"Video"},{"campaignID":"7921","attribution":0,"priority":"5","appToPromote":{"appToPromoteID":"15297","usesDefaultFrameImage":"0","usesDefaultCloseImage":"0","marketURL":"https:\/\/play.google.com\/store\/apps\/details?id=com.gg.castle.fps.shooting.game","packageID":"com.gg.castle.fps.shooting.game"},"showTemplate":1,"s2s_tracking_url":"https:\/\/play.google.com\/store\/apps\/details?id=com.gg.castle.fps.shooting.game","activeCreativeID":"3218","scenes":["1","2","6","4","5"],"campaignAdType":"Video"},{"campaignID":"8047","attribution":0,"priority":"5","appToPromote":{"appToPromoteID":"15907","usesDefaultFrameImage":"0","usesDefaultCloseImage":"0","marketURL":"https:\/\/play.google.com\/store\/apps\/details?id=com.mizo.teddy.bear.gun.strike.game","packageID":"com.mizo.teddy.bear.gun.strike.game"},"showTemplate":1,"s2s_tracking_url":"https:\/\/play.google.com\/store\/apps\/details?id=com.mizo.teddy.bear.gun.strike.game","activeCreativeID":"3356","scenes":["1","2","6","4","5"],"campaignAdType":"Video"},{"campaignID":"8172","attribution":0,"priority":"5","appToPromote":{"appToPromoteID":"15929","usesDefaultFrameImage":"0","usesDefaultCloseImage":"0","marketURL":"https:\/\/play.google.com\/store\/apps\/details?id=com.buntoo.mosquito.robot.transform.game","packageID":"com.buntoo.mosquito.robot.transform.game"},"showTemplate":1,"s2s_tracking_url":"https:\/\/play.google.com\/store\/apps\/details?id=com.buntoo.mosquito.robot.transform.game","activeCreativeID":"3498","scenes":["1","2","6","4","5"],"campaignAdType":"Video"},{"campaignID":"8289","attribution":0,"priority":"5","appToPromote":{"appToPromoteID":"16314","usesDefaultFrameImage":"0","usesDefaultCloseImage":"0","marketURL":"https:\/\/play.google.com\/store\/apps\/details?id=com.mizo.modern.fps.shooting.game","packageID":"com.mizo.modern.fps.shooting.game"},"showTemplate":1,"s2s_tracking_url":"https:\/\/play.google.com\/store\/apps\/details?id=com.mizo.modern.fps.shooting.game","activeCreativeID":"3623","scenes":["1","2","6","4","5"],"campaignAdType":"Video"},{"campaignID":"8644","attribution":0,"priority":"5","appToPromote":{"appToPromoteID":"16736","usesDefaultFrameImage":"0","usesDefaultCloseImage":"0","marketURL":"https:\/\/play.google.com\/store\/apps\/details?id=com.branches.formula.car.game","packageID":"com.tdg.F1FlyingDroneCar"},"showTemplate":1,"s2s_tracking_url":"https:\/\/play.google.com\/store\/apps\/details?id=com.branches.formula.car.game","activeCreativeID":"3999","scenes":["1","2","6","4","5"],"campaignAdType":"Interstitial"},{"campaignID":"8726","attribution":0,"priority":"5","appToPromote":{"appToPromoteID":"16019","usesDefaultFrameImage":"0","usesDefaultCloseImage":"0","marketURL":"https:\/\/play.google.com\/store\/apps\/details?id=com.happy.family.quad.bike.mountain.stunts","packageID":"com.happy.family.quad.bike.mountain.stunts"},"showTemplate":1,"s2s_tracking_url":"https:\/\/play.google.com\/store\/apps\/details?id=com.happy.family.quad.bike.mountain.stunts","activeCreativeID":"4084","scenes":["1","2","6","4","5"],"campaignAdType":"Interstitial"},{"campaignID":"8727","attribution":0,"priority":"5","appToPromote":{"appToPromoteID":"12670","usesDefaultFrameImage":"0","usesDefaultCloseImage":"0","marketURL":"https:\/\/play.google.com\/store\/apps\/details?id=com.cradley.shopping.mall.taxi.games","packageID":"com.cradley.shopping.mall.taxi.games"},"showTemplate":1,"s2s_tracking_url":"https:\/\/play.google.com\/store\/apps\/details?id=com.cradley.shopping.mall.taxi.games","activeCreativeID":"4085","scenes":["1","2","6","4","5"],"campaignAdType":"Interstitial"},{"campaignID":"8792","attribution":0,"priority":"5","appToPromote":{"appToPromoteID":"12670","usesDefaultFrameImage":"0","usesDefaultCloseImage":"0","marketURL":"https:\/\/play.google.com\/store\/apps\/details?id=com.cradley.shopping.mall.taxi.games","packageID":"com.cradley.shopping.mall.taxi.games"},"showTemplate":1,"s2s_tracking_url":"https:\/\/play.google.com\/store\/apps\/details?id=com.cradley.shopping.mall.taxi.games","activeCreativeID":"4154","scenes":["1","2","6","4","5"],"campaignAdType":"Video"}],"refreshAdRate":30,"mode":"Production","aspectRatio":"4_3","cdnPath":"https:\/\/df8ymybeo92md.cloudfront.net\/images\/","sentry_log":0,"local_logging":0,"sentry_dsn":"https:\/\/93ffa1c9a4124f67b8888a53265f751a:bbf998e04584477fa9a145838e9d3b26@sentry.io\/168994","sentry_initialization":1,"sentry_debugging":0,"bannerSizes":[],"aspectRatioVideo":"16_9","app_id":"2343","showPreRewardedDialogue":0,"showPostRewardedDialogue":0,"rewardCurrency":"coins","rewardValue":0,"isSkipable":0,"privacyPolicyURL":"https:\/\/www.consoliads.com\/privacy-policy\/","sessionToken":"n3kiOTb9RxBuCOurdpgVf9jpgAoU+lgNuvxhoPu3wXHHKv+2xv5hkgHgdyCvtJ59ybIxpo6jDgOk6vtQkqUrE83hs2s7JDeS0HcIetzIfP5wqC\/XlvMWfdTgia2WYfdzwvw8mWlz\/X1jIO\/6M6YvsItDe3dshBnLfMLbJIg6qcQ="}
Session token value is set


{"appKey":"e551eacd7ce4c379df2008130984e935","deviceID":"8675","stats":[{"campaignID":179,"packageID":"com.ubmgames.commando.survivor.modern.lone","sceneStats":[{"sceneID":"22","eventStats":"386,286,186,86,86,0,0"}]}],"sdkVersion":"26","sessionToken":"n3kiOTb9RxBuCOurdpgVf9jpgAoU+lgNuvxhoPu3wXHHKv+2xv5hkgHgdyCvtJ59ybIxpo6jDgOk6vtQkqUrE83hs2s7JDeS0HcIetzIfP5wqC\/XlvMWfdTgia2WYfdzwvw8mWlz\/X1jIO\/6M6YvsItDe3dshBnLfMLbJIg6qcQ="}
cache_ttl value is correct

Refresh Ad Rate value is correct
mode value is set

 Aspect ratio value is correct
sentry_log value is set
local_logging value is set
sentry_initialization value is set
sentry_debugging value is set
showPreRewardedDialogue value is set
showPostRewardedDialogue value is set
isSkipable value is set
{"cache_ttl":10080,"cache_ttl_rewarded":10080,"cache_ttl_banner":10080,"cache_ttl_native":10080,"cache_ttl_icon":10080,"refreshAdRate":30,"mode":"Production","aspectRatio":"4_3","cdnPath":"https:\/\/df8ymybeo92md.cloudfront.net\/images\/","sentry_log":0,"local_logging":0,"sentry_dsn":"https:\/\/93ffa1c9a4124f67b8888a53265f751a:bbf998e04584477fa9a145838e9d3b26@sentry.io\/168994","sentry_initialization":1,"sentry_debugging":0,"bannerSizes":["5"],"aspectRatioVideo":"16_9","app_id":"1266","showPreRewardedDialogue":0,"showPostRewardedDialogue":0,"rewardCurrency":"coins","rewardValue":0,"isSkipable":0,"privacyPolicyURL":"https:\/\/www.consoliads.com\/privacy-policy\/","sessionToken":"LNQp1hOFgzFn4J4YakTqVwsjtQgx9ZGG2EmBrsWNXg+LvjeQCPBu6RSdosNtAoRv3ExHDxY2orSmRqkVrK9ZnXI1fGhXNEKcRkacsRzDBdhxrmew0Lhna\/sOzXld9j0px2y3BwqeSVBT+0X93KwcrDOBvdeN6rJMi7HkLhFwN9E="}
Session token value is set


{"appKey":"dacfcc72736ec57f9871a90c24be611a","deviceID":"2689","stats":[{"campaignID":184,"packageID":"com.tgp.derby.cartransporttruck","sceneStats":[{"sceneID":"7","eventStats":"327,227,127,27,27,0,0"}]}],"sdkVersion":"39","sessionToken":"LNQp1hOFgzFn4J4YakTqVwsjtQgx9ZGG2EmBrsWNXg+LvjeQCPBu6RSdosNtAoRv3ExHDxY2orSmRqkVrK9ZnXI1fGhXNEKcRkacsRzDBdhxrmew0Lhna\/sOzXld9j0px2y3BwqeSVBT+0X93KwcrDOBvdeN6rJMi7HkLhFwN9E="}
cache_ttl value is correct

Refresh Ad Rate value is correct
mode value is set

 Aspect ratio value is correct
sentry_log value is set
local_logging value is set
sentry_initialization value is set
sentry_debugging value is set
showPreRewardedDialogue value is set
showPostRewardedDialogue value is set
isSkipable value is set
{"cache_ttl":10080,"cache_ttl_rewarded":10080,"cache_ttl_banner":10080,"cache_ttl_native":10080,"cache_ttl_icon":10080,"campaigns":[{"campaignID":"9384","attribution":0,"priority":"5","appToPromote":{"appToPromoteID":"13185","usesDefaultFrameImage":"0","usesDefaultCloseImage":"0","marketURL":"https:\/\/play.google.com\/store\/apps\/details?id=com.gamesarena.flying.bike.tricks.stunts&amp;referrer=utm_source=42matters.com&amp;utm_medium=api","packageID":"com.gamesarena.flying.bike.tricks.stunts"},"showTemplate":1,"s2s_tracking_url":"https:\/\/play.google.com\/store\/apps\/details?id=com.gamesarena.flying.bike.tricks.stunts&amp;referrer=utm_source=42matters.com&amp;utm_medium=api","activeCreativeID":"4829","scenes":["12","1","8","6","15","2"],"campaignAdType":"Interstitial"},{"campaignID":"9386","attribution":0,"priority":"5","appToPromote":{"appToPromoteID":"17764","usesDefaultFrameImage":"0","usesDefaultCloseImage":"0","marketURL":"https:\/\/play.google.com\/store\/apps\/details?id=com.visiblebody.atlas&amp;referrer=utm_source=42matters.com&amp;utm_medium=api","packageID":"com.gamesarena..test6324"},"showTemplate":1,"s2s_tracking_url":"https:\/\/play.google.com\/store\/apps\/details?id=com.visiblebody.atlas&amp;referrer=utm_source=42matters.com&amp;utm_medium=api","activeCreativeID":"4828","scenes":["12","1","8","6","15","2"],"campaignAdType":"Interstitial"},{"campaignID":"9389","attribution":0,"priority":"5","appToPromote":{"appToPromoteID":"13185","usesDefaultFrameImage":"0","usesDefaultCloseImage":"0","marketURL":"https:\/\/play.google.com\/store\/apps\/details?id=com.gamesarena.flying.bike.tricks.stunts&amp;referrer=utm_source=42matters.com&amp;utm_medium=api","packageID":"com.gamesarena.flying.bike.tricks.stunts"},"showTemplate":1,"s2s_tracking_url":"https:\/\/play.google.com\/store\/apps\/details?id=com.gamesarena.flying.bike.tricks.stunts&amp;referrer=utm_source=42matters.com&amp;utm_medium=api","activeCreativeID":"4829","scenes":["12","1","8","6","15","2"],"campaignAdType":"Interstitial"},{"campaignID":"9390","attribution":0,"priority":"5","appToPromote":{"appToPromoteID":"17764","usesDefaultFrameImage":"0","usesDefaultCloseImage":"0","marketURL":"https:\/\/play.google.com\/store\/apps\/details?id=com.visiblebody.atlas&amp;referrer=utm_source=42matters.com&amp;utm_medium=api","packageID":"com.gamesarena..test6324"},"showTemplate":1,"s2s_tracking_url":"https:\/\/play.google.com\/store\/apps\/details?id=com.visiblebody.atlas&amp;referrer=utm_source=42matters.com&amp;utm_medium=api","activeCreativeID":"4828","scenes":["12","1","8","6","15","2"],"campaignAdType":"Interstitial"},{"campaignID":"8376","attribution":0,"priority":"3","appToPromote":{"appToPromoteID":"16325","usesDefaultFrameImage":"0","usesDefaultCloseImage":"0","marketURL":"https:\/\/play.google.com\/store\/apps\/details?id=com.tgp.mega.ramp.ambulance.car.stunts","packageID":"com.tgp.mega.ramp.ambulance.car.stunts"},"showTemplate":1,"s2s_tracking_url":"https:\/\/play.google.com\/store\/apps\/details?id=com.tgp.mega.ramp.ambulance.car.stunts","activeCreativeID":"3718","scenes":["12","1","8","6","15","2"],"campaignAdType":"Interstitial"},{"campaignID":"8354","attribution":0,"priority":"2","appToPromote":{"appToPromoteID":"16325","usesDefaultFrameImage":"0","usesDefaultCloseImage":"0","marketURL":"https:\/\/play.google.com\/store\/apps\/details?id=com.tgp.mega.ramp.ambulance.car.stunts","packageID":"com.tgp.mega.ramp.ambulance.car.stunts"},"showTemplate":1,"s2s_tracking_url":"https:\/\/play.google.com\/store\/apps\/details?id=com.tgp.mega.ramp.ambulance.car.stunts","activeCreativeID":"3692","scenes":["12","1","8","6","15","2"],"campaignAdType":"Interstitial"},{"campaignID":"9249","attribution_link":"https:\/\/app.appsflyer.com\/com.lgn.gun.strike.war.train.shooting.games?pid=consoliads_int&amp;af_click_lookback=7d&amp;clickid=2269_9249_2689&amp;android_id={android_id}&amp;sha1_android_id={sha1_android_id}&amp;advertising_id=2689&amp;sha1_advertising_id=6cee08486d23bd9fef73560b5e8cc5aed1777fe2&amp;af_keywords=2","attribution":1,"priority":"8","appToPromote":{"appToPromoteID":"13421","usesDefaultFrameImage":"0","usesDefaultCloseImage":"0","marketURL":"http:\/\/www.google.com","packageID":"com.appricot2d.testt"},"showTemplate":1,"s2s_tracking_url":"https:\/\/app.appsflyer.com\/com.lgn.gun.strike.war.train.shooting.games?pid=consoliads_int&amp;af_click_lookback=7d&amp;clickid=2269_9249_2689&amp;android_id={android_id}&amp;sha1_android_id={sha1_android_id}&amp;advertising_id=2689&amp;sha1_advertising_id=6cee08486d23bd9fef73560b5e8cc5aed1777fe2&amp;af_keywords=2","activeCreativeID":"4679","scenes":["12","1","8","6","15","2"],"campaignAdType":"Interstitial"},{"campaignID":"9261","attribution_link":"https:\/\/app.appsflyer.com\/com.lgn.gun.strike.war.train.shooting.games?pid=consoliads_int&amp;af_click_lookback=7d&amp;clickid=2269_9261_2689&amp;android_id={android_id}&amp;sha1_android_id={sha1_android_id}&amp;advertising_id=2689&amp;sha1_advertising_id=6cee08486d23bd9fef73560b5e8cc5aed1777fe2&amp;af_keywords=2","attribution":1,"priority":"8","appToPromote":{"appToPromoteID":"13421","usesDefaultFrameImage":"0","usesDefaultCloseImage":"0","marketURL":"http:\/\/www.google.com","packageID":"com.appricot2d.testt"},"showTemplate":1,"s2s_tracking_url":"https:\/\/app.appsflyer.com\/com.lgn.gun.strike.war.train.shooting.games?pid=consoliads_int&amp;af_click_lookback=7d&amp;clickid=2269_9261_2689&amp;android_id={android_id}&amp;sha1_android_id={sha1_android_id}&amp;advertising_id=2689&amp;sha1_advertising_id=6cee08486d23bd9fef73560b5e8cc5aed1777fe2&amp;af_keywords=2","activeCreativeID":"4692","scenes":["12","1","8","6","15","2"],"campaignAdType":"Interstitial"},{"campaignID":"9131","attribution":0,"priority":"8","appToPromote":{"appToPromoteID":"17532","usesDefaultFrameImage":"0","usesDefaultCloseImage":"0","marketURL":"https:\/\/play.google.com\/store\/apps\/details?id=com.dhgate.buyermob","packageID":"com.dhgate.buyermob"},"showTemplate":1,"s2s_tracking_url":"https:\/\/tha.gotrackier.com\/click?campaign_id=63254\\u0026pub_id=75?p1=2269_9131_2689&amp;source=6841&amp;app_name=DerbyCarTransportTruck&amp;gaid=2689","activeCreativeID":"4483","scenes":["12","1","8","6","15","2"],"campaignAdType":"Interstitial"},{"campaignID":"561","attribution":0,"priority":"6","appToPromote":{"appToPromoteID":"5026","usesDefaultFrameImage":"0","usesDefaultCloseImage":"0","marketURL":"https:\/\/play.google.com\/store\/apps\/details?id=com.as.cashupapp","packageID":"com.as.cashupapp"},"showTemplate":1,"s2s_tracking_url":"https:\/\/play.google.com\/store\/apps\/details?id=com.as.cashupapp","activeCreativeID":"652","scenes":["12","1","8","6","15","2"],"campaignAdType":"Interstitial"},{"campaignID":"570","attribution":0,"priority":"6","appToPromote":{"appToPromoteID":"3802","usesDefaultFrameImage":"0","usesDefaultCloseImage":"0","marketURL":"https:\/\/play.google.com\/store\/apps\/details?id=com.Madxstudios.Flickshootsoccer","packageID":"com.Madxstudios.Flickshootsoccer"},"showTemplate":1,"s2s_tracking_url":"https:\/\/play.google.com\/store\/apps\/details?id=com.Madxstudios.Flickshootsoccer","activeCreativeID":"661","scenes":["12","1","8","6","15","2"],"campaignAdType":"Interstitial"},{"campaignID":"588","attribution":0,"priority":"6","appToPromote":{"appToPromoteID":"5026","usesDefaultFrameImage":"0","usesDefaultCloseImage":"0","marketURL":"https:\/\/play.google.com\/store\/apps\/details?id=com.as.cashupapp","packageID":"com.as.cashupapp"},"showTemplate":1,"s2s_tracking_url":"https:\/\/play.google.com\/store\/apps\/details?id=com.as.cashupapp","activeCreativeID":"652","scenes":["12","1","8","6","15","2"],"campaignAdType":"Interstitial"},{"campaignID":"6620","attribution":0,"priority":"6","appToPromote":{"appToPromoteID":"12980","usesDefaultFrameImage":"0","usesDefaultCloseImage":"0","marketURL":"https:\/\/play.google.com\/store\/apps\/details?id=com.sx.cooking.cafe.restaurant","packageID":"com.sx.cooking.cafe.restaurant"},"showTemplate":1,"s2s_tracking_url":"https:\/\/play.google.com\/store\/apps\/details?id=com.sx.cooking.cafe.restaurant","activeCreativeID":"1702","scenes":["12","1","8","6","15","2"],"campaignAdType":"Interstitial"},{"campaignID":"6596","attribution":0,"priority":"5","appToPromote":{"appToPromoteID":"12980","usesDefaultFrameImage":"0","usesDefaultCloseImage":"0","marketURL":"https:\/\/play.google.com\/store\/apps\/details?id=com.sx.cooking.cafe.restaurant","packageID":"com.sx.cooking.cafe.restaurant"},"showTemplate":1,"s2s_tracking_url":"https:\/\/play.google.com\/store\/apps\/details?id=com.sx.cooking.cafe.restaurant","activeCreativeID":"1702","scenes":["12","1","8","6","15","2"],"campaignAdType":"Interstitial"}],"refreshAdRate":30,"mode":"Production","aspectRatio":"4_3","cdnPath":"https:\/\/df8ymybeo92md.cloudfront.net\/images\/","sentry_log":0,"local_logging":0,"sentry_dsn":"https:\/\/93ffa1c9a4124f67b8888a53265f751a:bbf998e04584477fa9a145838e9d3b26@sentry.io\/168994","sentry_initialization":1,"sentry_debugging":0,"bannerSizes":["5"],"aspectRatioVideo":"16_9","app_id":"2269","showPreRewardedDialogue":0,"showPostRewardedDialogue":0,"rewardCurrency":"coins","rewardValue":0,"isSkipable":0,"privacyPolicyURL":"https:\/\/www.consoliads.com\/privacy-policy\/","sessionToken":"xduPUj3arSSTsvTUeMDsrhRwvKf60HfsHuMAywFX2BSkZ5VsLXIheNE7sWKIY6hCxQFA9RZMOASznt9GxfrgCtUmjE0\/LMa3a9c15Ci8yXymDefT0J7+lY3z306RJuy\/hOGek1\/PzLE25C7YG0K6LBkboDgLg99xQnZKRErF6Vk="}
Session token value is set

mode value is set

 Aspect ratio value is correct
sentry_log value is set
Session token value is set


{"appKey":"04f5a9854a7ab0d33c312f6ba1115c79","deviceID":"1828","stats":[{"campaignID":191,"packageID":"com.tgp.multi.car.smart.parking.truck","sceneStats":[{"sceneID":"5","eventStats":"319,219,119,19,19,0,0"}]}],"sdkVersion":"39","sessionToken":"UFSXjDmHRsk2VZy9QQ91VePBJOgJ8PYprhbFWdl6yZZqkLtYkERQoLbJbWXXZn9pjc4L4k\/5sV+NvywOWZV9kqkGjKkJ3ompY8bjsUeE7y4maeI7t+t7XMie3Qsd\/WISKlOpA77V+aXxN56Sr6kNmS1pYAV2FG4eE\/V1OHuJEZ0="}
cache_ttl value is correct

Refresh Ad Rate value is correct
mode value is set

 Aspect ratio value is correct
sentry_log value is set
local_logging value is set
sentry_initialization value is set
sentry_debugging value is set
showPreRewardedDialogue value is set
showPostRewardedDialogue value is set
isSkipable value is set
{"cache_ttl":10080,"cache_ttl_rewarded":10080,"cache_ttl_banner":10080,"cache_ttl_native":10080,"cache_ttl_icon":10080,"refreshAdRate":30,"mode":"Production","aspectRatio":"4_3","cdnPath":"https:\/\/df8ymybeo92md.cloudfront.net\/images\/","sentry_log":0,"local_logging":0,"sentry_dsn":"https:\/\/93ffa1c9a4124f67b8888a53265f751a:bbf998e04584477fa9a145838e9d3b26@sentry.io\/168994","sentry_initialization":1,"sentry_debugging":0,"bannerSizes":[],"aspectRatioVideo":"16_9","app_id":"2480","showPreRewardedDialogue":0,"showPostRewardedDialogue":0,"rewardCurrency":"coins","rewardValue":0,"isSkipable":0,"privacyPolicyURL":"https:\/\/www.consoliads.com\/privacy-policy\/","sessionToken":"A8ZruRaq4uyqq1VPwaBCtbdPblsufnlqKDI+O\/UXWRFFeyQ+tnnQNvI0VKtPEcOKcmCZxvoUOg9CG7U9VsQiTDD0cirlu+PvKJmhTRGwAY0xfxQHr0gqpgkyW1iubvHqKBB3QUB+6cc4+UXE6tXCtRYGxt4FZ25Cw0KN5Iv0bCQ="}
Session token value is set


{"appKey":"8417aa110173549083015865620d6db3","deviceID":"9461","stats":[{"campaignID":192,"packageID":"com.gamefeast.offroadtruck.mechanic.garage","sceneStats":[{"sceneID":"24","eventStats":"394,294,194,94,94,0,0"}]}],"sdkVersion":"39","sessionToken":"A8ZruRaq4uyqq1VPwaBCtbdPblsufnlqKDI+O\/UXWRFFeyQ+tnnQNvI0VKtPEcOKcmCZxvoUOg9CG7U9VsQiTDD0cirlu+PvKJmhTRGwAY0xfxQHr0gqpgkyW1iubvHqKBB3QUB+6cc4+UXE6tXCtRYGxt4FZ25Cw0KN5Iv0bCQ="}
cache_ttl value is correct

Refresh Ad Rate value is correct
mode value is set

 Aspect ratio value is correct
sentry_log value is set
local_logging value is set
sentry_initialization value is set
sentry_debugging value is set
showPreRewardedDialogue value is set
showPostRewardedDialogue value is set
isSkipable value is set
{"cache_ttl":10080,"cache_ttl_rewarded":10080,"cache_ttl_banner":10080,"cache_ttl_native":10080,"cache_ttl_icon":10080,"campaigns":[{"campaignID":"9384","attribution":0,"priority":"5","appToPromote":{"appToPromoteID":"13185","usesDefaultFrameImage":"0","usesDefaultCloseImage":"0","marketURL":"https:\/\/play.google.com\/store\/apps\/details?id=com.gamesarena.flying.bike.tricks.stunts&amp;referrer=utm_source=42matters.com&amp;utm_medium=api","packageID":"com.gamesarena.flying.bike.tricks.stunts"},"showTemplate":1,"s2s_tracking_url":"https:\/\/play.google.com\/store\/apps\/details?id=com.gamesarena.flying.bike.tricks.stunts&amp;referrer=utm_source=42matters.com&amp;utm_medium=api","activeCreativeID":"4829","scenes":["12","1","8","6","15","2"],"campaignAdType":"Interstitial"},{"campaignID":"9386","attribution":0,"priority":"5","appToPromote":{"appToPromoteID":"17764","usesDefaultFrameImage":"0","usesDefaultCloseImage":"0","marketURL":"https:\/\/play.google.com\/store\/apps\/details?id=com.visiblebody.atlas&amp;referrer=utm_source=42matters.com&amp;utm_medium=api","packageID":"com.gamesarena..test6324"},"showTemplate":1,"s2s_tracking_url":"https:\/\/play.google.com\/store\/apps\/details?id=com.visiblebody.atlas&amp;referrer=utm_source=42matters.com&amp;utm_medium=api","activeCreativeID":"4828","scenes":["12","1","8","6","15","2"],"campaignAdType":"Interstitial"},{"campaignID":"9389","attribution":0,"priority":"5","appToPromote":{"appToPromoteID":"13185","usesDefaultFrameImage":"0","usesDefaultCloseImage":"0","marketURL":"https:\/\/play.google.com\/store\/apps\/details?id=com.gamesarena.flying.bike.tricks.stunts&amp;referrer=utm_source=42matters.com&amp;utm_medium=api","packageID":"com.gamesarena.flying.bike.tricks.stunts"},"showTemplate":1,"s2s_tracking_url":"https:\/\/play.google.com\/store\/apps\/details?id=com.gamesarena.flying.bike.tricks.stunts&amp;referrer=utm_source=42matters.com&amp;utm_medium=api","activeCreativeID":"4829","scenes":["12","1","8","6","15","2"],"campaignAdType":"Interstitial"},{"campaignID":"9390","attribution":0,"priority":"5","appToPromote":{"appToPromoteID":"17764","usesDefaultFrameImage":"0","usesDefaultCloseImage":"0","marketURL":"https:\/\/play.google.com\/store\/apps\/details?id=com.visiblebody.atlas&amp;referrer=utm_source=42matters.com&amp;utm_medium=api","packageID":"com.gamesarena..test6324"},"showTemplate":1,"s2s_tracking_url":"https:\/\/play.google.com\/store\/apps\/details?id=com.visiblebody.atlas&amp;referrer=utm_source=42matters.com&amp;utm_medium=api","activeCreativeID":"4828","scenes":["12","1","8","6","15","2"],"campaignAdType":"Interstitial"},{"campaignID":"8829","attribution":0,"priority":"5","appToPromote":{"appToPromoteID":"2007","usesDefaultFrameImage":"0","usesDefaultCloseImage":"0","marketURL":"https:\/\/play.google.com\/store\/apps\/details?id=com.vg.police.secret.agent.crime.gang","packageID":"com.vg.police.secret.agent.crime.gang"},"showTemplate":1,"s2s_tracking_url":"https:\/\/play.google.com\/store\/apps\/details?id=com.vg.police.secret.agent.crime.gang","activeCreativeID":"4192","scenes":["12","1","8","6","15","2"],"campaignAdType":"Interstitial"},{"campaignID":"8858","attribution":0,"priority":"5","appToPromote":{"appToPromoteID":"1992","usesDefaultFrameImage":"0","usesDefaultCloseImage":"0","marketURL":"https:\/\/play.google.com\/store\/apps\/details?id=com.vg.prisonerbreakout.HardTime","packageID":"com.vg.prisonerbreakout.HardTime"},"showTemplate":1,"s2s_tracking_url":"https:\/\/play.google.com\/store\/apps\/details?id=com.vg.prisonerbreakout.HardTime","activeCreativeID":"4220","scenes":["12","1","8","6","15","2"],"campaignAdType":"Interstitial"},{"campaignID":"9249","attribution_link":"https:\/\/app.appsflyer.com\/com.lgn.gun.strike.war.train.shooting.games?pid=consoliads_int&amp;af_click_lookback=7d&amp;clickid=2521_9249_9461&amp;android_id={android_id}&amp;sha1_android_id={sha1_android_id}&amp;advertising_id=9461&amp;sha1_advertising_id=c0d467d3663452e0b8080634668558bd903eb7d2&amp;af_keywords=2","attribution":1,"priority":"8","appToPromote":{"appToPromoteID":"13421","usesDefaultFrameImage":"0","usesDefaultCloseImage":"0","marketURL":"http:\/\/www.google.com","packageID":"com.appricot2d.testt"},"showTemplate":1,"s2s_tracking_url":"https:\/\/app.appsflyer.com\/com.lgn.gun.strike.war.train.shooting.games?pid=consoliads_int&amp;af_click_lookback=7d&amp;clickid=2521_9249_9461&amp;android_id={android_id}&amp;sha1_android_id={sha1_android_id}&amp;advertising_id=9461&amp;sha1_advertising_id=c0d467d3663452e0b8080634668558bd903eb7d2&amp;af_keywords=2","activeCreativeID":"4679","scenes":["12","1","8","6","15","2"],"campaignAdType":"Interstitial"},{"campaignID":"9261","attribution_link":"https:\/\/app.appsflyer.com\/com.lgn.gun.strike.war.train.shooting.games?pid=consoliads_int&amp;af_click_lookback=7d&amp;clickid=2521_9261_9461&amp;android_id={android_id}&amp;sha1_android_id={sha1_android_id}&amp;advertising_id=9461&amp;sha1_advertising_id=c0d467d3663452e0b8080634668558bd903eb7d2&amp;af_keywords=2","attribution":1,"priority":"8","appToPromote":{"appToPromoteID":"13421","usesDefaultFrameImage":"0","usesDefaultCloseImage":"0","marketURL":"http:\/\/www.google.com","packageID":"com.appricot2d.testt"},"showTemplate":1,"s2s_tracking_url":"https:\/\/app.appsflyer.com\/com.lgn.gun.strike.war.train.shooting.games?pid=consoliads_int&amp;af_click_lookback=7d&amp;clickid=2521_9261_9461&amp;android_id={android_id}&amp;sha1_android_id={sha1_android_id}&amp;advertising_id=9461&amp;sha1_advertising_id=c0d467d3663452e0b8080634668558bd903eb7d2&amp;af_keywords=2","activeCreativeID":"4692","scenes":["12","1","8","6","15","2"],"campaignAdType":"Interstitial"},{"campaignID":"9131","attribution":0,"priority":"8","appToPromote":{"appToPromoteID":"17532","usesDefaultFrameImage":"0","usesDefaultCloseImage":"0","marketURL":"https:\/\/play.google.com\/store\/apps\/details?id=com.dhgate.buyermob","packageID":"com.dhgate.buyermob"},"showTemplate":1,"s2s_tracking_url":"https:\/\/tha.gotrackier.com\/click?campaign_id=63254\\u0026pub_id=75?p1=2521_9131_9461&amp;source=6841&amp;app_name=OffRoadTruckMechanicGarage&amp;gaid=9461","activeCreativeID":"4483","scenes":["12","1","8","6","15","2"],"campaignAdType":"Interstitial"},{"campaignID":"561","attribution":0,"priority":"6","appToPromote":{"appToPromoteID":"5026","usesDefaultFrameImage":"0","usesDefaultCloseImage":"0","marketURL":"https:\/\/play.google.com\/store\/apps\/details?id=com.as.cashupapp","packageID":"com.as.cashupapp"},"showTemplate":1,"s2s_tracking_url":"https:\/\/play.google.com\/store\/apps\/details?id=com.as.cashupapp","activeCreativeID":"652","scenes":["12","1","8","6","15","2"],"campaignAdType":"Interstitial"},{"campaignID":"570","attribution":0,"priority":"6","appToPromote":{"appToPromoteID":"3802","usesDefaultFrameImage":"0","usesDefaultCloseImage":"0","marketURL":"https:\/\/play.google.com\/store\/apps\/details?id=com.Madxstudios.Flickshootsoccer","packageID":"com.Madxstudios.Flickshootsoccer"},"showTemplate":1,"s2s_tracking_url":"https:\/\/play.google.com\/store\/apps\/details?id=com.Madxstudios.Flickshootsoccer","activeCreativeID":"661","scenes":["12","1","8","6","15","2"],"campaignAdType":"Interstitial"},{"campaignID":"588","attribution":0,"priority":"6","appToPromote":{"appToPromoteID":"5026","usesDefaultFrameImage":"0","usesDefaultCloseImage":"0","marketURL":"https:\/\/play.google.com\/store\/apps\/details?id=com.as.cashupapp","packageID":"com.as.cashupapp"},"showTemplate":1,"s2s_tracking_url":"https:\/\/play.google.com\/store\/apps\/details?id=com.as.cashupapp","activeCreativeID":"652","scenes":["12","1","8","6","15","2"],"campaignAdType":"Interstitial"},{"campaignID":"6620","attribution":0,"priority":"6","appToPromote":{"appToPromoteID":"12980","usesDefaultFrameImage":"0","usesDefaultCloseImage":"0","marketURL":"https:\/\/play.google.com\/store\/apps\/details?id=com.sx.cooking.cafe.restaurant","packageID":"com.sx.cooking.cafe.restaurant"},"showTemplate":1,"s2s_tracking_url":"https:\/\/play.google.com\/store\/apps\/details?id=com.sx.cooking.cafe.restaurant","activeCreativeID":"1702","scenes":["12","1","8","6","15","2"],"campaignAdType":"Interstitial"}],"refreshAdRate":30,"mode":"Production","aspectRatio":"4_3","cdnPath":"https:\/\/df8ymybeo92md.cloudfront.net\/images\/","sentry_log":0,"local_logging":0,"sentry_dsn":"https:\/\/93ffa1c9a4124f67b8888a53265f751a:bbf998e04584477fa9a145838e9d3b26@sentry.io\/168994","sentry_initialization":1,"sentry_debugging":0,"bannerSizes":["5"],"aspectRatioVideo":"16_9","app_id":"2521","showPreRewardedDialogue":0,"showPostRewardedDialogue":0,"rewardCurrency":"coins","rewardValue":0,"isSkipable":0,"privacyPolicyURL":"https:\/\/www.consoliads.com\/privacy-policy\/","sessionToken":"RXsgKdyyCYT3VM2yI3t2cm3O2hp76LEOMWtuFB6AeDFZuHoXkw5cXTcC0X2GRAPajYQJiDLX2+Ypf1ghKfcEaYE3AW0XRJoLbsQqUBfnuvcxyE2DvTr2rSub3ZUCzGh+SL3Sgc9KnuWpDQdHXATpuQooSh28ZoaLa3\/MNSlTMM4="}
Session token value is set


{"appKey":"9bfb78f6a7b11d99e8e05f5d9ad5562d","deviceID":"2080","stats":[{"campaignID":201,"packageID":"com.whitesand.pit.stop.car.mechanic","sceneStats":[{"sceneID":"6","eventStats":"321,221,121,21,21,0,0"}]}],"sdkVersion":"2286","sessionToken":"RXsgKdyyCYT3VM2yI3t2cm3O2hp76LEOMWtuFB6AeDFZuHoXkw5cXTcC0X2GRAPajYQJiDLX2+Ypf1ghKfcEaYE3AW0XRJoLbsQqUBfnuvcxyE2DvTr2rSub3ZUCzGh+SL3Sgc9KnuWpDQdHXATpuQooSh28ZoaLa3\/MNSlTMM4="}
cache_ttl value is correct

Title value is correct

Title value is correct

Title value is correct

Title value is correct

Title value is correct

Title value is correct

Refresh Ad Rate value is correct
mode value is set

 Aspect ratio value is correct
sentry_log value is set
local_logging value is set
sentry_initialization value is set
sentry_debugging value is set
showPreRewardedDialogue value is set
showPostRewardedDialogue value is set
isSkipable value is set
{"cache_ttl":10080,"cache_ttl_rewarded":10080,"cache_ttl_banner":10080,"cache_ttl_native":10080,"cache_ttl_icon":10080,"campaigns":[{"campaignID":"120","attribution":0,"priority":"5","appToPromote":{"appToPromoteID":"1997","usesDefaultFrameImage":"0","usesDefaultCloseImage":"0","marketURL":"https:\/\/play.google.com\/store\/apps\/details?id=com.appricot2d.anna.coloring.book","packageID":"com.appricot2d.anna.coloring.book"},"showTemplate":1,"s2s_tracking_url":"https:\/\/play.google.com\/store\/apps\/details?id=com.appricot2d.anna.coloring.book","activeCreativeID":"152","scenes":["27","1","2","3","4","5","6","7","8","9","10","11","12","13","14","15","21","24"],"campaignAdType":"Interstitial"},{"campaignID":"120","attribution":0,"priority":"5","appToPromote":{"appToPromoteID":"1997","usesDefaultFrameImage":"0","usesDefaultCloseImage":"0","marketURL":"https:\/\/play.google.com\/store\/apps\/details?id=com.appricot2d.anna.coloring.book","packageID":"com.appricot2d.anna.coloring.book"},"showTemplate":1,"s2s_tracking_url":"https:\/\/play.google.com\/store\/apps\/details?id=com.appricot2d.anna.coloring.book","activeCreativeID":"152","scenes":["27","1","2","3","4","5","6","7","8","9","10","11","12","13","14","15","21","24"],"campaignAdType":"Interstitial"},{"campaignID":"120","attribution":0,"priority":"5","appToPromote":{"appToPromoteID":"1997","usesDefaultFrameImage":"0","usesDefaultCloseImage":"0","marketURL":"https:\/\/play.google.com\/store\/apps\/details?id=com.appricot2d.anna.coloring.book","packageID":"com.appricot2d.anna.coloring.book"},"showTemplate":1,"s2s_tracking_url":"https:\/\/play.google.com\/store\/apps\/details?id=com.appricot2d.anna.coloring.book","activeCreativeID":"152","scenes":["27","1","2","3","4","5","6","7","8","9","10","11","12","13","14","15","21","24"],"campaignAdType":"Interstitial"},{"campaignID":"105","attribution":0,"priority":"4","appToPromote":{"appToPromoteID":"1933","usesDefaultFrameImage":"0","usesDefaultCloseImage":"0","marketURL":"https:\/\/play.google.com\/store\/apps\/details?id=com.appricot2d.kids.pony.coloring","packageID":"com.appricot2d.kids.pony.coloring"},"showTemplate":1,"s2s_tracking_url":"https:\/\/play.google.com\/store\/apps\/details?id=com.appricot2d.kids.pony.coloring","activeCreativeID":"132","scenes":["27","1","2","3","4","5","6","7","8","9","10","11","12","13","14","15","21","24"],"campaignAdType":"Interstitial"},{"campaignID":"105","attribution":0,"priority":"4","appToPromote":{"appToPromoteID":"1933","usesDefaultFrameImage":"0","usesDefaultCloseImage":"0","marketURL":"https:\/\/play.google.com\/store\/apps\/details?id=com.appricot2d.kids.pony.coloring","packageID":"com.appricot2d.kids.pony.coloring"},"showTemplate":1,"s2s_tracking_url":"https:\/\/play.google.com\/store\/apps\/details?id=com.appricot2d.kids.pony.coloring","activeCreativeID":"132","scenes":["27","1","2","3","4","5","6","7","8","9","10","11","12","13","14","15","21","24"],"campaignAdType":"Interstitial"},{"campaignID":"105","attribution":0,"priority":"4","appToPromote":{"appToPromoteID":"1933","usesDefaultFrameImage":"0","usesDefaultCloseImage":"0","marketURL":"https:\/\/play.google.com\/store\/apps\/details?id=com.appricot2d.kids.pony.coloring","packageID":"com.appricot2d.kids.pony.coloring"},"showTemplate":1,"s2s_tracking_url":"https:\/\/play.google.com\/store\/apps\/details?id=com.appricot2d.kids.pony.coloring","activeCreativeID":"132","scenes":["27","1","2","3","4","5","6","7","8","9","10","11","12","13","14","15","21","24"],"campaignAdType":"Interstitial"},{"campaignID":"8226","attribution":0,"priority":"8","appToPromote":{"appToPromoteID":"12623","usesDefaultFrameImage":"0","usesDefaultCloseImage":"0","marketURL":"https:\/\/play.google.com\/store\/apps\/details?id=com.igg.android.lordsmobile&amp;referrer=utm_source=42matters.com&amp;utm_medium=api","packageID":"com.nooribrand.android.lordsmobile"},"showTemplate":1,"s2s_tracking_url":"https:\/\/play.google.com\/store\/apps\/details?id=com.igg.android.lordsmobile&amp;referrer=utm_source=42matters.com&amp;utm_medium=api","activeCreativeID":"3557","scenes":["27","1","2","3","4","5","6","7","8","9","10","11","12","13","14","15","21","24"],"campaignAdType":"Icon"},{"campaignID":"8613","attribution":0,"priority":"8","appToPromote":{"appToPromoteID":"12623","usesDefaultFrameImage":"0","usesDefaultCloseImage":"0","marketURL":"https:\/\/play.google.com\/store\/apps\/details?id=com.igg.android.lordsmobile&amp;referrer=utm_source=42matters.com&amp;utm_medium=api","packageID":"com.nooribrand.android.lordsmobile"},"showTemplate":1,"s2s_tracking_url":"https:\/\/play.google.com\/store\/apps\/details?id=com.igg.android.lordsmobile&amp;referrer=utm_source=42matters.com&amp;utm_medium=api","activeCreativeID":"3557","scenes":["27","1","2","3","4","5","6","7","8","9","10","11","12","13","14","15","21","24"],"campaignAdType":"Icon"},{"campaignID":"9252","attribution":0,"priority":"8","appToPromote":{"appToPromoteID":"12315","usesDefaultFrameImage":"0","usesDefaultCloseImage":"0","marketURL":"google.com","packageID":"com.qabrand.plnative"},"showTemplate":1,"s2s_tracking_url":"google.com","activeCreativeID":"4683","scenes":["27","1","2","3","4","5","6","7","8","9","10","11","12","13","14","15","21","24"],"campaignAdType":"Native","title":"Native first","subTitle":"First ","description":"New description","adClickThroughText":"FIRST Button"},{"campaignID":"9253","attribution":0,"priority":"8","appToPromote":{"appToPromoteID":"12315","usesDefaultFrameImage":"0","usesDefaultCloseImage":"0","marketURL":"google.com","packageID":"com.qabrand.plnative"},"showTemplate":1,"s2s_tracking_url":"google.com","activeCreativeID":"4683","scenes":["27","1","2","3","4","5","6","7","8","9","10","11","12","13","14","15","21","24"],"campaignAdType":"Native","title":"Native first","subTitle":"First ","description":"New description","adClickThroughText":"FIRST Button"},{"campaignID":"9255","attribution":0,"priority":"8","appToPromote":{"appToPromoteID":"13274","usesDefaultFrameImage":"0","usesDefaultCloseImage":"0","marketURL":"https:\/\/play.google.com\/store\/apps\/details?id=com.facebook.katana","packageID":"com.salon.adsalon"},"showTemplate":1,"s2s_tracking_url":"https:\/\/play.google.com\/store\/apps\/details?id=com.facebook.katana","activeCreativeID":"4685","scenes":["27","1","2","3","4","5","6","7","8","9","10","11","12","13","14","15","21","24"],"campaignAdType":"Native","title":"native NA ","subTitle":"native NA ","description":"native NA added","adClickThroughText":"native NA "},{"campaignID":"9257","attribution":0,"priority":"8","appToPromote":{"appToPromoteID":"12286","usesDefaultFrameImage":"0","usesDefaultCloseImage":"0","marketURL":"google.com","packageID":"com.qabrand.Chartboost_Native"},"showTemplate":1,"s2s_tracking_url":"google.com","activeCreativeID":"4688","scenes":["27","1","2","3","4","5","6","7","8","9","10","11","12","13","14","15","21","24"],"campaignAdType":"Native","title":"Native second updated","subTitle":"Native second ","description":"Native second details","adClickThroughText":"Native second "},{"campaignID":"9263","attribution":0,"priority":"8","appToPromote":{"appToPromoteID":"12315","usesDefaultFrameImage":"0","usesDefaultCloseImage":"0","marketURL":"google.com","packageID":"com.qabrand.plnative"},"showTemplate":1,"s2s_tracking_url":"google.com","activeCreativeID":"4694","scenes":["27","1","2","3","4","5","6","7","8","9","10","11","12","13","14","15","21","24"],"campaignAdType":"Native","title":"test","subTitle":"test","description":" test details update","adClickThroughText":"test"},{"campaignID":"9125","attribution":0,"priority":"8","appToPromote":{"appToPromoteID":"17526","usesDefaultFrameImage":"0","usesDefaultCloseImage":"0","marketURL":"https:\/\/play.google.com\/store\/apps\/details?id=kr.co.richnco.goodrich","packageID":"kr.co.richnco.goodrich"},"showTemplate":1,"s2s_tracking_url":"https:\/\/tha.gotrackier.com\/click?campaign_id=68347\\u0026pub_id=75?p1=2504_9125_2080&amp;source=6841&amp;app_name=PitStopCarMechanic&amp;gaid=2080","activeCreativeID":"4477","scenes":["27","1","2","3","4","5","6","7","8","9","10","11","12","13","14","15","21","24"],"campaignAdType":"Icon"},{"campaignID":"9127","attribution":0,"priority":"8","appToPromote":{"appToPromoteID":"17528","usesDefaultFrameImage":"0","usesDefaultCloseImage":"0","marketURL":"https:\/\/play.google.com\/store\/apps\/details?id=net.one97.paytm","packageID":"net.one97.paytm"},"showTemplate":1,"s2s_tracking_url":"https:\/\/tha.gotrackier.com\/click?campaign_id=63249\\u0026pub_id=75?p1=2504_9127_2080&amp;source=6841&amp;app_name=PitStopCarMechanic&amp;gaid=2080","activeCreativeID":"4788","scenes":["27","1","2","3","4","5","6","7","8","9","10","11","12","13","14","15","21","24"],"campaignAdType":"Native","title":"BCA","subTitle":"FW","description":"nope","adClickThroughText":"Link"},{"campaignID":"9131","attribution":0,"priority":"8","appToPromote":{"appToPromoteID":"17532","usesDefaultFrameImage":"0","usesDefaultCloseImage":"0","marketURL":"https:\/\/play.google.com\/store\/apps\/details?id=com.dhgate.buyermob","packageID":"com.dhgate.buyermob"},"showTemplate":1,"s2s_tracking_url":"https:\/\/tha.gotrackier.com\/click?campaign_id=63254\\u0026pub_id=75?p1=2504_9131_2080&amp;source=6841&amp;app_name=PitStopCarMechanic&amp;gaid=2080","activeCreativeID":"4483","scenes":["27","1","2","3","4","5","6","7","8","9","10","11","12","13","14","15","21","24"],"campaignAdType":"Interstitial"},{"campaignID":"561","attribution":0,"priority":"6","appToPromote":{"appToPromoteID":"5026","usesDefaultFrameImage":"0","usesDefaultCloseImage":"0","marketURL":"https:\/\/play.google.com\/store\/apps\/details?id=com.as.cashupapp","packageID":"com.as.cashupapp"},"showTemplate":1,"s2s_tracking_url":"https:\/\/play.google.com\/store\/apps\/details?id=com.as.cashupapp","activeCreativeID":"652","scenes":["27","1","2","3","4","5","6","7","8","9","10","11","12","13","14","15","21","24"],"campaignAdType":"Interstitial"},{"campaignID":"570","attribution":0,"priority":"6","appToPromote":{"appToPromoteID":"3802","usesDefaultFrameImage":"0","usesDefaultCloseImage":"0","marketURL":"https:\/\/play.google.com\/store\/apps\/details?id=com.Madxstudios.Flickshootsoccer","packageID":"com.Madxstudios.Flickshootsoccer"},"showTemplate":1,"s2s_tracking_url":"https:\/\/play.google.com\/store\/apps\/details?id=com.Madxstudios.Flickshootsoccer","activeCreativeID":"661","scenes":["27","1","2","3","4","5","6","7","8","9","10","11","12","13","14","15","21","24"],"campaignAdType":"Interstitial"},{"campaignID":"588","attribution":0,"priority":"6","appToPromote":{"appToPromoteID":"5026","usesDefaultFrameImage":"0","usesDefaultCloseImage":"0","marketURL":"https:\/\/play.google.com\/store\/apps\/details?id=com.as.cashupapp","packageID":"com.as.cashupapp"},"showTemplate":1,"s2s_tracking_url":"https:\/\/play.google.com\/store\/apps\/details?id=com.as.cashupapp","activeCreativeID":"652","scenes":["27","1","2","3","4","5","6","7","8","9","10","11","12","13","14","15","21","24"],"campaignAdType":"Interstitial"},{"campaignID":"557","attribution":0,"priority":"4","appToPromote":{"appToPromoteID":"4959","usesDefaultFrameImage":"0","usesDefaultCloseImage":"0","marketURL":"https:\/\/play.google.com\/store\/apps\/details?id=com.jet.plane.surfers.joyride.dash","packageID":"com.jet.plane.surfers.joyride.dash"},"showTemplate":1,"s2s_tracking_url":"https:\/\/play.google.com\/store\/apps\/details?id=com.jet.plane.surfers.joyride.dash","activeCreativeID":"645","scenes":["27","1","2","3","4","5","6","7","8","9","10","11","12","13","14","15","21","24"],"campaignAdType":"Interstitial"},{"campaignID":"559","attribution":0,"priority":"3","appToPromote":{"appToPromoteID":"3476","usesDefaultFrameImage":"0","usesDefaultCloseImage":"0","marketURL":"https:\/\/play.google.com\/store\/apps\/details?id=com.perspectivegames.real.impossible.tracks.stunts","packageID":"com.perspectivegames.real.impossible.tracks.stunts"},"showTemplate":1,"s2s_tracking_url":"https:\/\/play.google.com\/store\/apps\/details?id=com.perspectivegames.real.impossible.tracks.stunts","activeCreativeID":"649","scenes":["27","1","2","3","4","5","6","7","8","9","10","11","12","13","14","15","21","24"],"campaignAdType":"Interstitial"},{"campaignID":"741","attribution":0,"priority":"3","appToPromote":{"appToPromoteID":"5609","usesDefaultFrameImage":"0","usesDefaultCloseImage":"0","marketURL":"https:\/\/play.google.com\/store\/apps\/details?id=com.kick.gyroscopic.city.train.driver.simulator","packageID":"com.kick.gyroscopic.city.train.driver.simulator"},"showTemplate":1,"s2s_tracking_url":"https:\/\/play.google.com\/store\/apps\/details?id=com.kick.gyroscopic.city.train.driver.simulator","activeCreativeID":"753","scenes":["27","1","2","3","4","5","6","7","8","9","10","11","12","13","14","15","21","24"],"campaignAdType":"Interstitial"},{"campaignID":"798","attribution":0,"priority":"3","appToPromote":{"appToPromoteID":"5770","usesDefaultFrameImage":"0","usesDefaultCloseImage":"0","marketURL":"https:\/\/play.google.com\/store\/apps\/details?id=com.simulatorgames3d.alohacelebrations","packageID":"com.simulatorgames3d.alohacelebrations"},"showTemplate":1,"s2s_tracking_url":"https:\/\/play.google.com\/store\/apps\/details?id=com.simulatorgames3d.alohacelebrations","activeCreativeID":"787","scenes":["27","1","2","3","4","5","6","7","8","9","10","11","12","13","14","15","21","24"],"campaignAdType":"Interstitial"},{"campaignID":"8762","attribution":0,"priority":"2","appToPromote":{"appToPromoteID":"13265","usesDefaultFrameImage":"0","usesDefaultCloseImage":"0","marketURL":"https:\/\/play.google.com\/store\/apps\/details?id=com.rhg.tricky.bike.stunt.moto.master","packageID":"com.rhg.tricky.bike.stunt.moto.master"},"showTemplate":1,"s2s_tracking_url":"https:\/\/play.google.com\/store\/apps\/details?id=com.rhg.tricky.bike.stunt.moto.master","activeCreativeID":"4121","scenes":["27","1","2","3","4","5","6","7","8","9","10","11","12","13","14","15","21","24"],"campaignAdType":"Rewarded Video"},{"campaignID":"9366","attribution":0,"priority":"2","appToPromote":{"appToPromoteID":"17602","usesDefaultFrameImage":"0","usesDefaultCloseImage":"0","marketURL":"https:\/\/play.google.com\/store\/apps\/details?id=com.abaenglish.videoclass&amp;referrer=utm_source=42matters.com&amp;utm_medium=api","packageID":"com.abaenglish.videoclass"},"showTemplate":1,"s2s_tracking_url":"https:\/\/play.google.com\/store\/apps\/details?id=com.abaenglish.videoclass&amp;referrer=utm_source=42matters.com&amp;utm_medium=api","activeCreativeID":"4815","scenes":["27","1","2","3","4","5","6","7","8","9","10","11","12","13","14","15","21","24"],"campaignAdType":"Interstitial"},{"campaignID":"602","attribution":0,"priority":"2","appToPromote":{"appToPromoteID":"5444","usesDefaultFrameImage":"0","usesDefaultCloseImage":"0","marketURL":"https:\/\/play.google.com\/store\/apps\/details?id=com.simulatorgame3d.impossibleairtracks","packageID":"com.simulatorgame3d.impossibleairtracks"},"showTemplate":1,"s2s_tracking_url":"https:\/\/play.google.com\/store\/apps\/details?id=com.simulatorgame3d.impossibleairtracks","activeCreativeID":"700","scenes":["27","1","2","3","4","5","6","7","8","9","10","11","12","13","14","15","21","24"],"campaignAdType":"Interstitial"}],"refreshAdRate":0,"mode":"Production","aspectRatio":"4_3","cdnPath":"https:\/\/df8ymybeo92md.cloudfront.net\/images\/","sentry_log":0,"local_logging":0,"sentry_dsn":"https:\/\/93ffa1c9a4124f67b8888a53265f751a:bbf998e04584477fa9a145838e9d3b26@sentry.io\/168994","sentry_initialization":1,"sentry_debugging":0,"bannerSizes":["1"],"aspectRatioVideo":"16_9","app_id":"2504","showPreRewardedDialogue":0,"showPostRewardedDialogue":0,"rewardCurrency":"coins","rewardValue":0,"isSkipable":0,"privacyPolicyURL":"https:\/\/www.consoliads.com\/privacy-policy\/","sessionToken":"0aZAP4LuK+LgqAQeL3h5bFDuixjmWaWVbeVVjEnLNwhVZLBI5AHgFoOnFoW2DXa5v\/aeKjXMJse6dBpq5nYeS+2dzJRALTbjpzrGGVIK48qs+Y8nNSgQ+sCqTf1YEIq0Qo6hrwPNzsbux08iwUN89j436mpxDml13o9yFulNi\/s="}
Session token value is set


{"appKey":"9bfb78f6a7b11d99e8e05f5d9ad5562d","deviceID":"6616","stats":[{"campaignID":204,"packageID":"com.whitesand.pit.stop.car.mechanic","sceneStats":[{"sceneID":"17","eventStats":"366,266,166,66,66,0,0"}]}],"sdkVersion":"2286","sessionToken":"0aZAP4LuK+LgqAQeL3h5bFDuixjmWaWVbeVVjEnLNwhVZLBI5AHgFoOnFoW2DXa5v\/aeKjXMJse6dBpq5nYeS+2dzJRALTbjpzrGGVIK48qs+Y8nNSgQ+sCqTf1YEIq0Qo6hrwPNzsbux08iwUN89j436mpxDml13o9yFulNi\/s="}
cache_ttl value is correct

Title value is correct

Title value is correct

Title value is correct

Title value is correct

Title value is correct

Title value is correct

Refresh Ad Rate value is correct
mode value is set

 Aspect ratio value is correct
sentry_log value is set
local_logging value is set
sentry_initialization value is set
sentry_debugging value is set
showPreRewardedDialogue value is set
showPostRewardedDialogue value is set
isSkipable value is set
{"cache_ttl":10080,"cache_ttl_rewarded":10080,"cache_ttl_banner":10080,"cache_ttl_native":10080,"cache_ttl_icon":10080,"campaigns":[{"campaignID":"120","attribution":0,"priority":"5","appToPromote":{"appToPromoteID":"1997","usesDefaultFrameImage":"0","usesDefaultCloseImage":"0","marketURL":"https:\/\/play.google.com\/store\/apps\/details?id=com.appricot2d.anna.coloring.book","packageID":"com.appricot2d.anna.coloring.book"},"showTemplate":1,"s2s_tracking_url":"https:\/\/play.google.com\/store\/apps\/details?id=com.appricot2d.anna.coloring.book","activeCreativeID":"152","scenes":["27","1","2","3","4","5","6","7","8","9","10","11","12","13","14","15","21","24"],"campaignAdType":"Interstitial"},{"campaignID":"120","attribution":0,"priority":"5","appToPromote":{"appToPromoteID":"1997","usesDefaultFrameImage":"0","usesDefaultCloseImage":"0","marketURL":"https:\/\/play.google.com\/store\/apps\/details?id=com.appricot2d.anna.coloring.book","packageID":"com.appricot2d.anna.coloring.book"},"showTemplate":1,"s2s_tracking_url":"https:\/\/play.google.com\/store\/apps\/details?id=com.appricot2d.anna.coloring.book","activeCreativeID":"152","scenes":["27","1","2","3","4","5","6","7","8","9","10","11","12","13","14","15","21","24"],"campaignAdType":"Interstitial"},{"campaignID":"120","attribution":0,"priority":"5","appToPromote":{"appToPromoteID":"1997","usesDefaultFrameImage":"0","usesDefaultCloseImage":"0","marketURL":"https:\/\/play.google.com\/store\/apps\/details?id=com.appricot2d.anna.coloring.book","packageID":"com.appricot2d.anna.coloring.book"},"showTemplate":1,"s2s_tracking_url":"https:\/\/play.google.com\/store\/apps\/details?id=com.appricot2d.anna.coloring.book","activeCreativeID":"152","scenes":["27","1","2","3","4","5","6","7","8","9","10","11","12","13","14","15","21","24"],"campaignAdType":"Interstitial"},{"campaignID":"105","attribution":0,"priority":"4","appToPromote":{"appToPromoteID":"1933","usesDefaultFrameImage":"0","usesDefaultCloseImage":"0","marketURL":"https:\/\/play.google.com\/store\/apps\/details?id=com.appricot2d.kids.pony.coloring","packageID":"com.appricot2d.kids.pony.coloring"},"showTemplate":1,"s2s_tracking_url":"https:\/\/play.google.com\/store\/apps\/details?id=com.appricot2d.kids.pony.coloring","activeCreativeID":"132","scenes":["27","1","2","3","4","5","6","7","8","9","10","11","12","13","14","15","21","24"],"campaignAdType":"Interstitial"},{"campaignID":"105","attribution":0,"priority":"4","appToPromote":{"appToPromoteID":"1933","usesDefaultFrameImage":"0","usesDefaultCloseImage":"0","marketURL":"https:\/\/play.google.com\/store\/apps\/details?id=com.appricot2d.kids.pony.coloring","packageID":"com.appricot2d.kids.pony.coloring"},"showTemplate":1,"s2s_tracking_url":"https:\/\/play.google.com\/store\/apps\/details?id=com.appricot2d.kids.pony.coloring","activeCreativeID":"132","scenes":["27","1","2","3","4","5","6","7","8","9","10","11","12","13","14","15","21","24"],"campaignAdType":"Interstitial"},{"campaignID":"105","attribution":0,"priority":"4","appToPromote":{"appToPromoteID":"1933","usesDefaultFrameImage":"0","usesDefaultCloseImage":"0","marketURL":"https:\/\/play.google.com\/store\/apps\/details?id=com.appricot2d.kids.pony.coloring","packageID":"com.appricot2d.kids.pony.coloring"},"showTemplate":1,"s2s_tracking_url":"https:\/\/play.google.com\/store\/apps\/details?id=com.appricot2d.kids.pony.coloring","activeCreativeID":"132","scenes":["27","1","2","3","4","5","6","7","8","9","10","11","12","13","14","15","21","24"],"campaignAdType":"Interstitial"},{"campaignID":"8226","attribution":0,"priority":"8","appToPromote":{"appToPromoteID":"12623","usesDefaultFrameImage":"0","usesDefaultCloseImage":"0","marketURL":"https:\/\/play.google.com\/store\/apps\/details?id=com.igg.android.lordsmobile&amp;referrer=utm_source=42matters.com&amp;utm_medium=api","packageID":"com.nooribrand.android.lordsmobile"},"showTemplate":1,"s2s_tracking_url":"https:\/\/play.google.com\/store\/apps\/details?id=com.igg.android.lordsmobile&amp;referrer=utm_source=42matters.com&amp;utm_medium=api","activeCreativeID":"3557","scenes":["27","1","2","3","4","5","6","7","8","9","10","11","12","13","14","15","21","24"],"campaignAdType":"Icon"},{"campaignID":"8613","attribution":0,"priority":"8","appToPromote":{"appToPromoteID":"12623","usesDefaultFrameImage":"0","usesDefaultCloseImage":"0","marketURL":"https:\/\/play.google.com\/store\/apps\/details?id=com.igg.android.lordsmobile&amp;referrer=utm_source=42matters.com&amp;utm_medium=api","packageID":"com.nooribrand.android.lordsmobile"},"showTemplate":1,"s2s_tracking_url":"https:\/\/play.google.com\/store\/apps\/details?id=com.igg.android.lordsmobile&amp;referrer=utm_source=42matters.com&amp;utm_medium=api","activeCreativeID":"3557","scenes":["27","1","2","3","4","5","6","7","8","9","10","11","12","13","14","15","21","24"],"campaignAdType":"Icon"},{"campaignID":"9252","attribution":0,"priority":"8","appToPromote":{"appToPromoteID":"12315","usesDefaultFrameImage":"0","usesDefaultCloseImage":"0","marketURL":"google.com","packageID":"com.qabrand.plnative"},"showTemplate":1,"s2s_tracking_url":"google.com","activeCreativeID":"4683","scenes":["27","1","2","3","4","5","6","7","8","9","10","11","12","13","14","15","21","24"],"campaignAdType":"Native","title":"Native first","subTitle":"First ","description":"New description","adClickThroughText":"FIRST Button"},{"campaignID":"9253","attribution":0,"priority":"8","appToPromote":{"appToPromoteID":"12315","usesDefaultFrameImage":"0","usesDefaultCloseImage":"0","marketURL":"google.com","packageID":"com.qabrand.plnative"},"showTemplate":1,"s2s_tracking_url":"google.com","activeCreativeID":"4683","scenes":["27","1","2","3","4","5","6","7","8","9","10","11","12","13","14","15","21","24"],"campaignAdType":"Native","title":"Native first","subTitle":"First ","description":"New description","adClickThroughText":"FIRST Button"},{"campaignID":"9255","attribution":0,"priority":"8","appToPromote":{"appToPromoteID":"13274","usesDefaultFrameImage":"0","usesDefaultCloseImage":"0","marketURL":"https:\/\/play.google.com\/store\/apps\/details?id=com.facebook.katana","packageID":"com.salon.adsalon"},"showTemplate":1,"s2s_tracking_url":"https:\/\/play.google.com\/store\/apps\/details?id=com.facebook.katana","activeCreativeID":"4685","scenes":["27","1","2","3","4","5","6","7","8","9","10","11","12","13","14","15","21","24"],"campaignAdType":"Native","title":"native NA ","subTitle":"native NA ","description":"native NA added","adClickThroughText":"native NA "},{"campaignID":"9257","attribution":0,"priority":"8","appToPromote":{"appToPromoteID":"12286","usesDefaultFrameImage":"0","usesDefaultCloseImage":"0","marketURL":"google.com","packageID":"com.qabrand.Chartboost_Native"},"showTemplate":1,"s2s_tracking_url":"google.com","activeCreativeID":"4688","scenes":["27","1","2","3","4","5","6","7","8","9","10","11","12","13","14","15","21","24"],"campaignAdType":"Native","title":"Native second updated","subTitle":"Native second ","description":"Native second details","adClickThroughText":"Native second "},{"campaignID":"9263","attribution":0,"priority":"8","appToPromote":{"appToPromoteID":"12315","usesDefaultFrameImage":"0","usesDefaultCloseImage":"0","marketURL":"google.com","packageID":"com.qabrand.plnative"},"showTemplate":1,"s2s_tracking_url":"google.com","activeCreativeID":"4694","scenes":["27","1","2","3","4","5","6","7","8","9","10","11","12","13","14","15","21","24"],"campaignAdType":"Native","title":"test","subTitle":"test","description":" test details update","adClickThroughText":"test"},{"campaignID":"9125","attribution":0,"priority":"8","appToPromote":{"appToPromoteID":"17526","usesDefaultFrameImage":"0","usesDefaultCloseImage":"0","marketURL":"https:\/\/play.google.com\/store\/apps\/details?id=kr.co.richnco.goodrich","packageID":"kr.co.richnco.goodrich"},"showTemplate":1,"s2s_tracking_url":"https:\/\/tha.gotrackier.com\/click?campaign_id=68347\\u0026pub_id=75?p1=2504_9125_6616&amp;source=6841&amp;app_name=PitStopCarMechanic&amp;gaid=6616","activeCreativeID":"4477","scenes":["27","1","2","3","4","5","6","7","8","9","10","11","12","13","14","15","21","24"],"campaignAdType":"Icon"},{"campaignID":"9127","attribution":0,"priority":"8","appToPromote":{"appToPromoteID":"17528","usesDefaultFrameImage":"0","usesDefaultCloseImage":"0","marketURL":"https:\/\/play.google.com\/store\/apps\/details?id=net.one97.paytm","packageID":"net.one97.paytm"},"showTemplate":1,"s2s_tracking_url":"https:\/\/tha.gotrackier.com\/click?campaign_id=63249\\u0026pub_id=75?p1=2504_9127_6616&amp;source=6841&amp;app_name=PitStopCarMechanic&amp;gaid=6616","activeCreativeID":"4788","scenes":["27","1","2","3","4","5","6","7","8","9","10","11","12","13","14","15","21","24"],"campaignAdType":"Native","title":"BCA","subTitle":"FW","description":"nope","adClickThroughText":"Link"},{"campaignID":"9131","attribution":0,"priority":"8","appToPromote":{"appToPromoteID":"17532","usesDefaultFrameImage":"0","usesDefaultCloseImage":"0","marketURL":"https:\/\/play.google.com\/store\/apps\/details?id=com.dhgate.buyermob","packageID":"com.dhgate.buyermob"},"showTemplate":1,"s2s_tracking_url":"https:\/\/tha.gotrackier.com\/click?campaign_id=63254\\u0026pub_id=75?p1=2504_9131_6616&amp;source=6841&amp;app_name=PitStopCarMechanic&amp;gaid=6616","activeCreativeID":"4483","scenes":["27","1","2","3","4","5","6","7","8","9","10","11","12","13","14","15","21","24"],"campaignAdType":"Interstitial"},{"campaignID":"561","attribution":0,"priority":"6","appToPromote":{"appToPromoteID":"5026","usesDefaultFrameImage":"0","usesDefaultCloseImage":"0","marketURL":"https:\/\/play.google.com\/store\/apps\/details?id=com.as.cashupapp","packageID":"com.as.cashupapp"},"showTemplate":1,"s2s_tracking_url":"https:\/\/play.google.com\/store\/apps\/details?id=com.as.cashupapp","activeCreativeID":"652","scenes":["27","1","2","3","4","5","6","7","8","9","10","11","12","13","14","15","21","24"],"campaignAdType":"Interstitial"},{"campaignID":"570","attribution":0,"priority":"6","appToPromote":{"appToPromoteID":"3802","usesDefaultFrameImage":"0","usesDefaultCloseImage":"0","marketURL":"https:\/\/play.google.com\/store\/apps\/details?id=com.Madxstudios.Flickshootsoccer","packageID":"com.Madxstudios.Flickshootsoccer"},"showTemplate":1,"s2s_tracking_url":"https:\/\/play.google.com\/store\/apps\/details?id=com.Madxstudios.Flickshootsoccer","activeCreativeID":"661","scenes":["27","1","2","3","4","5","6","7","8","9","10","11","12","13","14","15","21","24"],"campaignAdType":"Interstitial"},{"campaignID":"588","attribution":0,"priority":"6","appToPromote":{"appToPromoteID":"5026","usesDefaultFrameImage":"0","usesDefaultCloseImage":"0","marketURL":"https:\/\/play.google.com\/store\/apps\/details?id=com.as.cashupapp","packageID":"com.as.cashupapp"},"showTemplate":1,"s2s_tracking_url":"https:\/\/play.google.com\/store\/apps\/details?id=com.as.cashupapp","activeCreativeID":"652","scenes":["27","1","2","3","4","5","6","7","8","9","10","11","12","13","14","15","21","24"],"campaignAdType":"Interstitial"},{"campaignID":"557","attribution":0,"priority":"4","appToPromote":{"appToPromoteID":"4959","usesDefaultFrameImage":"0","usesDefaultCloseImage":"0","marketURL":"https:\/\/play.google.com\/store\/apps\/details?id=com.jet.plane.surfers.joyride.dash","packageID":"com.jet.plane.surfers.joyride.dash"},"showTemplate":1,"s2s_tracking_url":"https:\/\/play.google.com\/store\/apps\/details?id=com.jet.plane.surfers.joyride.dash","activeCreativeID":"645","scenes":["27","1","2","3","4","5","6","7","8","9","10","11","12","13","14","15","21","24"],"campaignAdType":"Interstitial"},{"campaignID":"559","attribution":0,"priority":"3","appToPromote":{"appToPromoteID":"3476","usesDefaultFrameImage":"0","usesDefaultCloseImage":"0","marketURL":"https:\/\/play.google.com\/store\/apps\/details?id=com.perspectivegames.real.impossible.tracks.stunts","packageID":"com.perspectivegames.real.impossible.tracks.stunts"},"showTemplate":1,"s2s_tracking_url":"https:\/\/play.google.com\/store\/apps\/details?id=com.perspectivegames.real.impossible.tracks.stunts","activeCreativeID":"649","scenes":["27","1","2","3","4","5","6","7","8","9","10","11","12","13","14","15","21","24"],"campaignAdType":"Interstitial"},{"campaignID":"741","attribution":0,"priority":"3","appToPromote":{"appToPromoteID":"5609","usesDefaultFrameImage":"0","usesDefaultCloseImage":"0","marketURL":"https:\/\/play.google.com\/store\/apps\/details?id=com.kick.gyroscopic.city.train.driver.simulator","packageID":"com.kick.gyroscopic.city.train.driver.simulator"},"showTemplate":1,"s2s_tracking_url":"https:\/\/play.google.com\/store\/apps\/details?id=com.kick.gyroscopic.city.train.driver.simulator","activeCreativeID":"753","scenes":["27","1","2","3","4","5","6","7","8","9","10","11","12","13","14","15","21","24"],"campaignAdType":"Interstitial"},{"campaignID":"798","attribution":0,"priority":"3","appToPromote":{"appToPromoteID":"5770","usesDefaultFrameImage":"0","usesDefaultCloseImage":"0","marketURL":"https:\/\/play.google.com\/store\/apps\/details?id=com.simulatorgames3d.alohacelebrations","packageID":"com.simulatorgames3d.alohacelebrations"},"showTemplate":1,"s2s_tracking_url":"https:\/\/play.google.com\/store\/apps\/details?id=com.simulatorgames3d.alohacelebrations","activeCreativeID":"787","scenes":["27","1","2","3","4","5","6","7","8","9","10","11","12","13","14","15","21","24"],"campaignAdType":"Interstitial"},{"campaignID":"8762","attribution":0,"priority":"2","appToPromote":{"appToPromoteID":"13265","usesDefaultFrameImage":"0","usesDefaultCloseImage":"0","marketURL":"https:\/\/play.google.com\/store\/apps\/details?id=com.rhg.tricky.bike.stunt.moto.master","packageID":"com.rhg.tricky.bike.stunt.moto.master"},"showTemplate":1,"s2s_tracking_url":"https:\/\/play.google.com\/store\/apps\/details?id=com.rhg.tricky.bike.stunt.moto.master","activeCreativeID":"4121","scenes":["27","1","2","3","4","5","6","7","8","9","10","11","12","13","14","15","21","24"],"campaignAdType":"Rewarded Video"},{"campaignID":"9366","attribution":0,"priority":"2","appToPromote":{"appToPromoteID":"17602","usesDefaultFrameImage":"0","usesDefaultCloseImage":"0","marketURL":"https:\/\/play.google.com\/store\/apps\/details?id=com.abaenglish.videoclass&amp;referrer=utm_source=42matters.com&amp;utm_medium=api","packageID":"com.abaenglish.videoclass"},"showTemplate":1,"s2s_tracking_url":"https:\/\/play.google.com\/store\/apps\/details?id=com.abaenglish.videoclass&amp;referrer=utm_source=42matters.com&amp;utm_medium=api","activeCreativeID":"4815","scenes":["27","1","2","3","4","5","6","7","8","9","10","11","12","13","14","15","21","24"],"campaignAdType":"Interstitial"},{"campaignID":"602","attribution":0,"priority":"2","appToPromote":{"appToPromoteID":"5444","usesDefaultFrameImage":"0","usesDefaultCloseImage":"0","marketURL":"https:\/\/play.google.com\/store\/apps\/details?id=com.simulatorgame3d.impossibleairtracks","packageID":"com.simulatorgame3d.impossibleairtracks"},"showTemplate":1,"s2s_tracking_url":"https:\/\/play.google.com\/store\/apps\/details?id=com.simulatorgame3d.impossibleairtracks","activeCreativeID":"700","scenes":["27","1","2","3","4","5","6","7","8","9","10","11","12","13","14","15","21","24"],"campaignAdType":"Interstitial"}],"refreshAdRate":0,"mode":"Production","aspectRatio":"4_3","cdnPath":"https:\/\/df8ymybeo92md.cloudfront.net\/images\/","sentry_log":0,"local_logging":0,"sentry_dsn":"https:\/\/93ffa1c9a4124f67b8888a53265f751a:bbf998e04584477fa9a145838e9d3b26@sentry.io\/168994","sentry_initialization":1,"sentry_debugging":0,"bannerSizes":["1"],"aspectRatioVideo":"16_9","app_id":"2504","showPreRewardedDialogue":0,"showPostRewardedDialogue":0,"rewardCurrency":"coins","rewardValue":0,"isSkipable":0,"privacyPolicyURL":"https:\/\/www.consoliads.com\/privacy-policy\/","sessionToken":"3gsglt5kVDMSBk+9mgCfq5V9U4+aocMgfWYYbEGTPwyvUrXYw3eORvyw6wl9Eb2Xd59aCI9yz910DnsXXwJ99nfAaTbr1Y9LrzLuRoXx2pNpyy7cpgSzIMmi2ju8RLCXD+KbyOz9uXK+JOvpwpDQNSXkClr8V\/OJCK+40IG2wqo="}
Session token value is set


{"appKey":"c9ff7b63c2c44f80f0a4aaef6737794f","deviceID":"6377","stats":[{"campaignID":207,"packageID":"com.gss.army.commando.survivalisland","sceneStats":[{"sceneID":"16","eventStats":"364,264,164,64,64,0,0"}]}],"sdkVersion":"39","sessionToken":"3gsglt5kVDMSBk+9mgCfq5V9U4+aocMgfWYYbEGTPwyvUrXYw3eORvyw6wl9Eb2Xd59aCI9yz910DnsXXwJ99nfAaTbr1Y9LrzLuRoXx2pNpyy7cpgSzIMmi2ju8RLCXD+KbyOz9uXK+JOvpwpDQNSXkClr8V\/OJCK+40IG2wqo="}
cache_ttl value is correct

Refresh Ad Rate value is correct
mode value is set

 Aspect ratio value is correct
sentry_log value is set
local_logging value is set
sentry_initialization value is set
sentry_debugging value is set
showPreRewardedDialogue value is set
showPostRewardedDialogue value is set
isSkipable value is set
{"cache_ttl":10080,"cache_ttl_rewarded":10080,"cache_ttl_banner":10080,"cache_ttl_native":10080,"cache_ttl_icon":10080,"campaigns":[{"campaignID":"9384","attribution":0,"priority":"5","appToPromote":{"appToPromoteID":"13185","usesDefaultFrameImage":"0","usesDefaultCloseImage":"0","marketURL":"https:\/\/play.google.com\/store\/apps\/details?id=com.gamesarena.flying.bike.tricks.stunts&amp;referrer=utm_source=42matters.com&amp;utm_medium=api","packageID":"com.gamesarena.flying.bike.tricks.stunts"},"showTemplate":1,"s2s_tracking_url":"https:\/\/play.google.com\/store\/apps\/details?id=com.gamesarena.flying.bike.tricks.stunts&amp;referrer=utm_source=42matters.com&amp;utm_medium=api","activeCreativeID":"4829","scenes":["12","1","8","6","15","2"],"campaignAdType":"Interstitial"},{"campaignID":"9386","attribution":0,"priority":"5","appToPromote":{"appToPromoteID":"17764","usesDefaultFrameImage":"0","usesDefaultCloseImage":"0","marketURL":"https:\/\/play.google.com\/store\/apps\/details?id=com.visiblebody.atlas&amp;referrer=utm_source=42matters.com&amp;utm_medium=api","packageID":"com.gamesarena..test6324"},"showTemplate":1,"s2s_tracking_url":"https:\/\/play.google.com\/store\/apps\/details?id=com.visiblebody.atlas&amp;referrer=utm_source=42matters.com&amp;utm_medium=api","activeCreativeID":"4828","scenes":["12","1","8","6","15","2"],"campaignAdType":"Interstitial"},{"campaignID":"9389","attribution":0,"priority":"5","appToPromote":{"appToPromoteID":"13185","usesDefaultFrameImage":"0","usesDefaultCloseImage":"0","marketURL":"https:\/\/play.google.com\/store\/apps\/details?id=com.gamesarena.flying.bike.tricks.stunts&amp;referrer=utm_source=42matters.com&amp;utm_medium=api","packageID":"com.gamesarena.flying.bike.tricks.stunts"},"showTemplate":1,"s2s_tracking_url":"https:\/\/play.google.com\/store\/apps\/details?id=com.gamesarena.flying.bike.tricks.stunts&amp;referrer=utm_source=42matters.com&amp;utm_medium=api","activeCreativeID":"4829","scenes":["12","1","8","6","15","2"],"campaignAdType":"Interstitial"},{"campaignID":"9390","attribution":0,"priority":"5","appToPromote":{"appToPromoteID":"17764","usesDefaultFrameImage":"0","usesDefaultCloseImage":"0","marketURL":"https:\/\/play.google.com\/store\/apps\/details?id=com.visiblebody.atlas&amp;referrer=utm_source=42matters.com&amp;utm_medium=api","packageID":"com.gamesarena..test6324"},"showTemplate":1,"s2s_tracking_url":"https:\/\/play.google.com\/store\/apps\/details?id=com.visiblebody.atlas&amp;referrer=utm_source=42matters.com&amp;utm_medium=api","activeCreativeID":"4828","scenes":["12","1","8","6","15","2"],"campaignAdType":"Interstitial"},{"campaignID":"9249","attribution_link":"https:\/\/app.appsflyer.com\/com.lgn.gun.strike.war.train.shooting.games?pid=consoliads_int&amp;af_click_lookback=7d&amp;clickid=2450_9249_6377&amp;android_id={android_id}&amp;sha1_android_id={sha1_android_id}&amp;advertising_id=6377&amp;sha1_advertising_id=d88fba4fd22ef960a5068f58b7fd42bdc7361c0c&amp;af_keywords=2","attribution":1,"priority":"8","appToPromote":{"appToPromoteID":"13421","usesDefaultFrameImage":"0","usesDefaultCloseImage":"0","marketURL":"http:\/\/www.google.com","packageID":"com.appricot2d.testt"},"showTemplate":1,"s2s_tracking_url":"https:\/\/app.appsflyer.com\/com.lgn.gun.strike.war.train.shooting.games?pid=consoliads_int&amp;af_click_lookback=7d&amp;clickid=2450_9249_6377&amp;android_id={android_id}&amp;sha1_android_id={sha1_android_id}&amp;advertising_id=6377&amp;sha1_advertising_id=d88fba4fd22ef960a5068f58b7fd42bdc7361c0c&amp;af_keywords=2","activeCreativeID":"4679","scenes":["12","1","8","6","15","2"],"campaignAdType":"Interstitial"},{"campaignID":"9261","attribution_link":"https:\/\/app.appsflyer.com\/com.lgn.gun.strike.war.train.shooting.games?pid=consoliads_int&amp;af_click_lookback=7d&amp;clickid=2450_9261_6377&amp;android_id={android_id}&amp;sha1_android_id={sha1_android_id}&amp;advertising_id=6377&amp;sha1_advertising_id=d88fba4fd22ef960a5068f58b7fd42bdc7361c0c&amp;af_keywords=2","attribution":1,"priority":"8","appToPromote":{"appToPromoteID":"13421","usesDefaultFrameImage":"0","usesDefaultCloseImage":"0","marketURL":"http:\/\/www.google.com","packageID":"com.appricot2d.testt"},"showTemplate":1,"s2s_tracking_url":"https:\/\/app.appsflyer.com\/com.lgn.gun.strike.war.train.shooting.games?pid=consoliads_int&amp;af_click_lookback=7d&amp;clickid=2450_9261_6377&amp;android_id={android_id}&amp;sha1_android_id={sha1_android_id}&amp;advertising_id=6377&amp;sha1_advertising_id=d88fba4fd22ef960a5068f58b7fd42bdc7361c0c&amp;af_keywords=2","activeCreativeID":"4692","scenes":["12","1","8","6","15","2"],"campaignAdType":"Interstitial"},{"campaignID":"9131","attribution":0,"priority":"8","appToPromote":{"appToPromoteID":"17532","usesDefaultFrameImage":"0","usesDefaultCloseImage":"0","marketURL":"https:\/\/play.google.com\/store\/apps\/details?id=com.dhgate.buyermob","packageID":"com.dhgate.buyermob"},"showTemplate":1,"s2s_tracking_url":"https:\/\/tha.gotrackier.com\/click?campaign_id=63254\\u0026pub_id=75?p1=2450_9131_6377&amp;source=6841&amp;app_name=ArmyCommandoSurvivalIsland&amp;gaid=6377","activeCreativeID":"4483","scenes":["12","1","8","6","15","2"],"campaignAdType":"Interstitial"},{"campaignID":"561","attribution":0,"priority":"6","appToPromote":{"appToPromoteID":"5026","usesDefaultFrameImage":"0","usesDefaultCloseImage":"0","marketURL":"https:\/\/play.google.com\/store\/apps\/details?id=com.as.cashupapp","packageID":"com.as.cashupapp"},"showTemplate":1,"s2s_tracking_url":"https:\/\/play.google.com\/store\/apps\/details?id=com.as.cashupapp","activeCreativeID":"652","scenes":["12","1","8","6","15","2"],"campaignAdType":"Interstitial"},{"campaignID":"570","attribution":0,"priority":"6","appToPromote":{"appToPromoteID":"3802","usesDefaultFrameImage":"0","usesDefaultCloseImage":"0","marketURL":"https:\/\/play.google.com\/store\/apps\/details?id=com.Madxstudios.Flickshootsoccer","packageID":"com.Madxstudios.Flickshootsoccer"},"showTemplate":1,"s2s_tracking_url":"https:\/\/play.google.com\/store\/apps\/details?id=com.Madxstudios.Flickshootsoccer","activeCreativeID":"661","scenes":["12","1","8","6","15","2"],"campaignAdType":"Interstitial"},{"campaignID":"588","attribution":0,"priority":"6","appToPromote":{"appToPromoteID":"5026","usesDefaultFrameImage":"0","usesDefaultCloseImage":"0","marketURL":"https:\/\/play.google.com\/store\/apps\/details?id=com.as.cashupapp","packageID":"com.as.cashupapp"},"showTemplate":1,"s2s_tracking_url":"https:\/\/play.google.com\/store\/apps\/details?id=com.as.cashupapp","activeCreativeID":"652","scenes":["12","1","8","6","15","2"],"campaignAdType":"Interstitial"},{"campaignID":"6620","attribution":0,"priority":"6","appToPromote":{"appToPromoteID":"12980","usesDefaultFrameImage":"0","usesDefaultCloseImage":"0","marketURL":"https:\/\/play.google.com\/store\/apps\/details?id=com.sx.cooking.cafe.restaurant","packageID":"com.sx.cooking.cafe.restaurant"},"showTemplate":1,"s2s_tracking_url":"https:\/\/play.google.com\/store\/apps\/details?id=com.sx.cooking.cafe.restaurant","activeCreativeID":"1702","scenes":["12","1","8","6","15","2"],"campaignAdType":"Interstitial"},{"campaignID":"8876","attribution":0,"priority":"5","appToPromote":{"appToPromoteID":"15640","usesDefaultFrameImage":"0","usesDefaultCloseImage":"0","marketURL":"https:\/\/play.google.com\/store\/apps\/details?id=com.pgz.police.bike.stunt.ramp.bike.racing.games","packageID":"com.pgz.police.bike.stunt.ramp.bike.racing.games"},"showTemplate":1,"s2s_tracking_url":"https:\/\/play.google.com\/store\/apps\/details?id=com.pgz.police.bike.stunt.ramp.bike.racing.games","activeCreativeID":"4236","scenes":["12","1","8","6","15","2"],"campaignAdType":"Interstitial"},{"campaignID":"6596","attribution":0,"priority":"5","appToPromote":{"appToPromoteID":"12980","usesDefaultFrameImage":"0","usesDefaultCloseImage":"0","marketURL":"https:\/\/play.google.com\/store\/apps\/details?id=com.sx.cooking.cafe.restaurant","packageID":"com.sx.cooking.cafe.restaurant"},"showTemplate":1,"s2s_tracking_url":"https:\/\/play.google.com\/store\/apps\/details?id=com.sx.cooking.cafe.restaurant","activeCreativeID":"1702","scenes":["12","1","8","6","15","2"],"campaignAdType":"Interstitial"}],"refreshAdRate":30,"mode":"Production","aspectRatio":"4_3","cdnPath":"https:\/\/df8ymybeo92md.cloudfront.net\/images\/","sentry_log":0,"local_logging":0,"sentry_dsn":"https:\/\/93ffa1c9a4124f67b8888a53265f751a:bbf998e04584477fa9a145838e9d3b26@sentry.io\/168994","sentry_initialization":1,"sentry_debugging":0,"bannerSizes":["5"],"aspectRatioVideo":"16_9","app_id":"2450","showPreRewardedDialogue":0,"showPostRewardedDialogue":0,"rewardCurrency":"coins","rewardValue":0,"isSkipable":0,"privacyPolicyURL":"https:\/\/www.consoliads.com\/privacy-policy\/","sessionToken":"thAuJcymJby7OMD\/zbhHWrq\/6swC6qaAKI\/oXuQgRMoE\/w0ZFOruJLv\/5l4RzoAOE+\/C6szU1740BPq\/DDG9YG0oAHWEorYgZHkxyEeLA8Xm704sJxifNx3SlEZwqE4H6YdMMKoWwwlefxvIYSiNv0r+XbtcpMxzma+Og6uxMH4="}
Session token value is set


{"appKey":"9bfb78f6a7b11d99e8e05f5d9ad5562d","deviceID":"1819","stats":[{"campaignID":211,"packageID":"com.whitesand.pit.stop.car.mechanic","sceneStats":[{"sceneID":"5","eventStats":"319,219,119,19,19,0,0"}]}],"sdkVersion":"2286","sessionToken":"thAuJcymJby7OMD\/zbhHWrq\/6swC6qaAKI\/oXuQgRMoE\/w0ZFOruJLv\/5l4RzoAOE+\/C6szU1740BPq\/DDG9YG0oAHWEorYgZHkxyEeLA8Xm704sJxifNx3SlEZwqE4H6YdMMKoWwwlefxvIYSiNv0r+XbtcpMxzma+Og6uxMH4="}
cache_ttl value is correct

Title value is correct

Title value is correct

Title value is correct

Title value is correct

Title value is correct

Title value is correct

Refresh Ad Rate value is correct
mode value is set

 Aspect ratio value is correct
sentry_log value is set
local_logging value is set
sentry_initialization value is set
sentry_debugging value is set
showPreRewardedDialogue value is set
showPostRewardedDialogue value is set
isSkipable value is set
{"cache_ttl":10080,"cache_ttl_rewarded":10080,"cache_ttl_banner":10080,"cache_ttl_native":10080,"cache_ttl_icon":10080,"campaigns":[{"campaignID":"120","attribution":0,"priority":"5","appToPromote":{"appToPromoteID":"1997","usesDefaultFrameImage":"0","usesDefaultCloseImage":"0","marketURL":"https:\/\/play.google.com\/store\/apps\/details?id=com.appricot2d.anna.coloring.book","packageID":"com.appricot2d.anna.coloring.book"},"showTemplate":1,"s2s_tracking_url":"https:\/\/play.google.com\/store\/apps\/details?id=com.appricot2d.anna.coloring.book","activeCreativeID":"152","scenes":["27","1","2","3","4","5","6","7","8","9","10","11","12","13","14","15","21","24"],"campaignAdType":"Interstitial"},{"campaignID":"120","attribution":0,"priority":"5","appToPromote":{"appToPromoteID":"1997","usesDefaultFrameImage":"0","usesDefaultCloseImage":"0","marketURL":"https:\/\/play.google.com\/store\/apps\/details?id=com.appricot2d.anna.coloring.book","packageID":"com.appricot2d.anna.coloring.book"},"showTemplate":1,"s2s_tracking_url":"https:\/\/play.google.com\/store\/apps\/details?id=com.appricot2d.anna.coloring.book","activeCreativeID":"152","scenes":["27","1","2","3","4","5","6","7","8","9","10","11","12","13","14","15","21","24"],"campaignAdType":"Interstitial"},{"campaignID":"120","attribution":0,"priority":"5","appToPromote":{"appToPromoteID":"1997","usesDefaultFrameImage":"0","usesDefaultCloseImage":"0","marketURL":"https:\/\/play.google.com\/store\/apps\/details?id=com.appricot2d.anna.coloring.book","packageID":"com.appricot2d.anna.coloring.book"},"showTemplate":1,"s2s_tracking_url":"https:\/\/play.google.com\/store\/apps\/details?id=com.appricot2d.anna.coloring.book","activeCreativeID":"152","scenes":["27","1","2","3","4","5","6","7","8","9","10","11","12","13","14","15","21","24"],"campaignAdType":"Interstitial"},{"campaignID":"105","attribution":0,"priority":"4","appToPromote":{"appToPromoteID":"1933","usesDefaultFrameImage":"0","usesDefaultCloseImage":"0","marketURL":"https:\/\/play.google.com\/store\/apps\/details?id=com.appricot2d.kids.pony.coloring","packageID":"com.appricot2d.kids.pony.coloring"},"showTemplate":1,"s2s_tracking_url":"https:\/\/play.google.com\/store\/apps\/details?id=com.appricot2d.kids.pony.coloring","activeCreativeID":"132","scenes":["27","1","2","3","4","5","6","7","8","9","10","11","12","13","14","15","21","24"],"campaignAdType":"Interstitial"},{"campaignID":"105","attribution":0,"priority":"4","appToPromote":{"appToPromoteID":"1933","usesDefaultFrameImage":"0","usesDefaultCloseImage":"0","marketURL":"https:\/\/play.google.com\/store\/apps\/details?id=com.appricot2d.kids.pony.coloring","packageID":"com.appricot2d.kids.pony.coloring"},"showTemplate":1,"s2s_tracking_url":"https:\/\/play.google.com\/store\/apps\/details?id=com.appricot2d.kids.pony.coloring","activeCreativeID":"132","scenes":["27","1","2","3","4","5","6","7","8","9","10","11","12","13","14","15","21","24"],"campaignAdType":"Interstitial"},{"campaignID":"105","attribution":0,"priority":"4","appToPromote":{"appToPromoteID":"1933","usesDefaultFrameImage":"0","usesDefaultCloseImage":"0","marketURL":"https:\/\/play.google.com\/store\/apps\/details?id=com.appricot2d.kids.pony.coloring","packageID":"com.appricot2d.kids.pony.coloring"},"showTemplate":1,"s2s_tracking_url":"https:\/\/play.google.com\/store\/apps\/details?id=com.appricot2d.kids.pony.coloring","activeCreativeID":"132","scenes":["27","1","2","3","4","5","6","7","8","9","10","11","12","13","14","15","21","24"],"campaignAdType":"Interstitial"},{"campaignID":"8226","attribution":0,"priority":"8","appToPromote":{"appToPromoteID":"12623","usesDefaultFrameImage":"0","usesDefaultCloseImage":"0","marketURL":"https:\/\/play.google.com\/store\/apps\/details?id=com.igg.android.lordsmobile&amp;referrer=utm_source=42matters.com&amp;utm_medium=api","packageID":"com.nooribrand.android.lordsmobile"},"showTemplate":1,"s2s_tracking_url":"https:\/\/play.google.com\/store\/apps\/details?id=com.igg.android.lordsmobile&amp;referrer=utm_source=42matters.com&amp;utm_medium=api","activeCreativeID":"3557","scenes":["27","1","2","3","4","5","6","7","8","9","10","11","12","13","14","15","21","24"],"campaignAdType":"Icon"},{"campaignID":"8613","attribution":0,"priority":"8","appToPromote":{"appToPromoteID":"12623","usesDefaultFrameImage":"0","usesDefaultCloseImage":"0","marketURL":"https:\/\/play.google.com\/store\/apps\/details?id=com.igg.android.lordsmobile&amp;referrer=utm_source=42matters.com&amp;utm_medium=api","packageID":"com.nooribrand.android.lordsmobile"},"showTemplate":1,"s2s_tracking_url":"https:\/\/play.google.com\/store\/apps\/details?id=com.igg.android.lordsmobile&amp;referrer=utm_source=42matters.com&amp;utm_medium=api","activeCreativeID":"3557","scenes":["27","1","2","3","4","5","6","7","8","9","10","11","12","13","14","15","21","24"],"campaignAdType":"Icon"},{"campaignID":"9252","attribution":0,"priority":"8","appToPromote":{"appToPromoteID":"12315","usesDefaultFrameImage":"0","usesDefaultCloseImage":"0","marketURL":"google.com","packageID":"com.qabrand.plnative"},"showTemplate":1,"s2s_tracking_url":"google.com","activeCreativeID":"4683","scenes":["27","1","2","3","4","5","6","7","8","9","10","11","12","13","14","15","21","24"],"campaignAdType":"Native","title":"Native first","subTitle":"First ","description":"New description","adClickThroughText":"FIRST Button"},{"campaignID":"9253","attribution":0,"priority":"8","appToPromote":{"appToPromoteID":"12315","usesDefaultFrameImage":"0","usesDefaultCloseImage":"0","marketURL":"google.com","packageID":"com.qabrand.plnative"},"showTemplate":1,"s2s_tracking_url":"google.com","activeCreativeID":"4683","scenes":["27","1","2","3","4","5","6","7","8","9","10","11","12","13","14","15","21","24"],"campaignAdType":"Native","title":"Native first","subTitle":"First ","description":"New description","adClickThroughText":"FIRST Button"},{"campaignID":"9255","attribution":0,"priority":"8","appToPromote":{"appToPromoteID":"13274","usesDefaultFrameImage":"0","usesDefaultCloseImage":"0","marketURL":"https:\/\/play.google.com\/store\/apps\/details?id=com.facebook.katana","packageID":"com.salon.adsalon"},"showTemplate":1,"s2s_tracking_url":"https:\/\/play.google.com\/store\/apps\/details?id=com.facebook.katana","activeCreativeID":"4685","scenes":["27","1","2","3","4","5","6","7","8","9","10","11","12","13","14","15","21","24"],"campaignAdType":"Native","title":"native NA ","subTitle":"native NA ","description":"native NA added","adClickThroughText":"native NA "},{"campaignID":"9257","attribution":0,"priority":"8","appToPromote":{"appToPromoteID":"12286","usesDefaultFrameImage":"0","usesDefaultCloseImage":"0","marketURL":"google.com","packageID":"com.qabrand.Chartboost_Native"},"showTemplate":1,"s2s_tracking_url":"google.com","activeCreativeID":"4688","scenes":["27","1","2","3","4","5","6","7","8","9","10","11","12","13","14","15","21","24"],"campaignAdType":"Native","title":"Native second updated","subTitle":"Native second ","description":"Native second details","adClickThroughText":"Native second "},{"campaignID":"9263","attribution":0,"priority":"8","appToPromote":{"appToPromoteID":"12315","usesDefaultFrameImage":"0","usesDefaultCloseImage":"0","marketURL":"google.com","packageID":"com.qabrand.plnative"},"showTemplate":1,"s2s_tracking_url":"google.com","activeCreativeID":"4694","scenes":["27","1","2","3","4","5","6","7","8","9","10","11","12","13","14","15","21","24"],"campaignAdType":"Native","title":"test","subTitle":"test","description":" test details update","adClickThroughText":"test"},{"campaignID":"9125","attribution":0,"priority":"8","appToPromote":{"appToPromoteID":"17526","usesDefaultFrameImage":"0","usesDefaultCloseImage":"0","marketURL":"https:\/\/play.google.com\/store\/apps\/details?id=kr.co.richnco.goodrich","packageID":"kr.co.richnco.goodrich"},"showTemplate":1,"s2s_tracking_url":"https:\/\/tha.gotrackier.com\/click?campaign_id=68347\\u0026pub_id=75?p1=2504_9125_1819&amp;source=6841&amp;app_name=PitStopCarMechanic&amp;gaid=1819","activeCreativeID":"4477","scenes":["27","1","2","3","4","5","6","7","8","9","10","11","12","13","14","15","21","24"],"campaignAdType":"Icon"},{"campaignID":"9127","attribution":0,"priority":"8","appToPromote":{"appToPromoteID":"17528","usesDefaultFrameImage":"0","usesDefaultCloseImage":"0","marketURL":"https:\/\/play.google.com\/store\/apps\/details?id=net.one97.paytm","packageID":"net.one97.paytm"},"showTemplate":1,"s2s_tracking_url":"https:\/\/tha.gotrackier.com\/click?campaign_id=63249\\u0026pub_id=75?p1=2504_9127_1819&amp;source=6841&amp;app_name=PitStopCarMechanic&amp;gaid=1819","activeCreativeID":"4788","scenes":["27","1","2","3","4","5","6","7","8","9","10","11","12","13","14","15","21","24"],"campaignAdType":"Native","title":"BCA","subTitle":"FW","description":"nope","adClickThroughText":"Link"},{"campaignID":"9131","attribution":0,"priority":"8","appToPromote":{"appToPromoteID":"17532","usesDefaultFrameImage":"0","usesDefaultCloseImage":"0","marketURL":"https:\/\/play.google.com\/store\/apps\/details?id=com.dhgate.buyermob","packageID":"com.dhgate.buyermob"},"showTemplate":1,"s2s_tracking_url":"https:\/\/tha.gotrackier.com\/click?campaign_id=63254\\u0026pub_id=75?p1=2504_9131_1819&amp;source=6841&amp;app_name=PitStopCarMechanic&amp;gaid=1819","activeCreativeID":"4483","scenes":["27","1","2","3","4","5","6","7","8","9","10","11","12","13","14","15","21","24"],"campaignAdType":"Interstitial"},{"campaignID":"561","attribution":0,"priority":"6","appToPromote":{"appToPromoteID":"5026","usesDefaultFrameImage":"0","usesDefaultCloseImage":"0","marketURL":"https:\/\/play.google.com\/store\/apps\/details?id=com.as.cashupapp","packageID":"com.as.cashupapp"},"showTemplate":1,"s2s_tracking_url":"https:\/\/play.google.com\/store\/apps\/details?id=com.as.cashupapp","activeCreativeID":"652","scenes":["27","1","2","3","4","5","6","7","8","9","10","11","12","13","14","15","21","24"],"campaignAdType":"Interstitial"},{"campaignID":"570","attribution":0,"priority":"6","appToPromote":{"appToPromoteID":"3802","usesDefaultFrameImage":"0","usesDefaultCloseImage":"0","marketURL":"https:\/\/play.google.com\/store\/apps\/details?id=com.Madxstudios.Flickshootsoccer","packageID":"com.Madxstudios.Flickshootsoccer"},"showTemplate":1,"s2s_tracking_url":"https:\/\/play.google.com\/store\/apps\/details?id=com.Madxstudios.Flickshootsoccer","activeCreativeID":"661","scenes":["27","1","2","3","4","5","6","7","8","9","10","11","12","13","14","15","21","24"],"campaignAdType":"Interstitial"},{"campaignID":"588","attribution":0,"priority":"6","appToPromote":{"appToPromoteID":"5026","usesDefaultFrameImage":"0","usesDefaultCloseImage":"0","marketURL":"https:\/\/play.google.com\/store\/apps\/details?id=com.as.cashupapp","packageID":"com.as.cashupapp"},"showTemplate":1,"s2s_tracking_url":"https:\/\/play.google.com\/store\/apps\/details?id=com.as.cashupapp","activeCreativeID":"652","scenes":["27","1","2","3","4","5","6","7","8","9","10","11","12","13","14","15","21","24"],"campaignAdType":"Interstitial"},{"campaignID":"557","attribution":0,"priority":"4","appToPromote":{"appToPromoteID":"4959","usesDefaultFrameImage":"0","usesDefaultCloseImage":"0","marketURL":"https:\/\/play.google.com\/store\/apps\/details?id=com.jet.plane.surfers.joyride.dash","packageID":"com.jet.plane.surfers.joyride.dash"},"showTemplate":1,"s2s_tracking_url":"https:\/\/play.google.com\/store\/apps\/details?id=com.jet.plane.surfers.joyride.dash","activeCreativeID":"645","scenes":["27","1","2","3","4","5","6","7","8","9","10","11","12","13","14","15","21","24"],"campaignAdType":"Interstitial"},{"campaignID":"559","attribution":0,"priority":"3","appToPromote":{"appToPromoteID":"3476","usesDefaultFrameImage":"0","usesDefaultCloseImage":"0","marketURL":"https:\/\/play.google.com\/store\/apps\/details?id=com.perspectivegames.real.impossible.tracks.stunts","packageID":"com.perspectivegames.real.impossible.tracks.stunts"},"showTemplate":1,"s2s_tracking_url":"https:\/\/play.google.com\/store\/apps\/details?id=com.perspectivegames.real.impossible.tracks.stunts","activeCreativeID":"649","scenes":["27","1","2","3","4","5","6","7","8","9","10","11","12","13","14","15","21","24"],"campaignAdType":"Interstitial"},{"campaignID":"741","attribution":0,"priority":"3","appToPromote":{"appToPromoteID":"5609","usesDefaultFrameImage":"0","usesDefaultCloseImage":"0","marketURL":"https:\/\/play.google.com\/store\/apps\/details?id=com.kick.gyroscopic.city.train.driver.simulator","packageID":"com.kick.gyroscopic.city.train.driver.simulator"},"showTemplate":1,"s2s_tracking_url":"https:\/\/play.google.com\/store\/apps\/details?id=com.kick.gyroscopic.city.train.driver.simulator","activeCreativeID":"753","scenes":["27","1","2","3","4","5","6","7","8","9","10","11","12","13","14","15","21","24"],"campaignAdType":"Interstitial"},{"campaignID":"798","attribution":0,"priority":"3","appToPromote":{"appToPromoteID":"5770","usesDefaultFrameImage":"0","usesDefaultCloseImage":"0","marketURL":"https:\/\/play.google.com\/store\/apps\/details?id=com.simulatorgames3d.alohacelebrations","packageID":"com.simulatorgames3d.alohacelebrations"},"showTemplate":1,"s2s_tracking_url":"https:\/\/play.google.com\/store\/apps\/details?id=com.simulatorgames3d.alohacelebrations","activeCreativeID":"787","scenes":["27","1","2","3","4","5","6","7","8","9","10","11","12","13","14","15","21","24"],"campaignAdType":"Interstitial"},{"campaignID":"8762","attribution":0,"priority":"2","appToPromote":{"appToPromoteID":"13265","usesDefaultFrameImage":"0","usesDefaultCloseImage":"0","marketURL":"https:\/\/play.google.com\/store\/apps\/details?id=com.rhg.tricky.bike.stunt.moto.master","packageID":"com.rhg.tricky.bike.stunt.moto.master"},"showTemplate":1,"s2s_tracking_url":"https:\/\/play.google.com\/store\/apps\/details?id=com.rhg.tricky.bike.stunt.moto.master","activeCreativeID":"4121","scenes":["27","1","2","3","4","5","6","7","8","9","10","11","12","13","14","15","21","24"],"campaignAdType":"Rewarded Video"},{"campaignID":"9366","attribution":0,"priority":"2","appToPromote":{"appToPromoteID":"17602","usesDefaultFrameImage":"0","usesDefaultCloseImage":"0","marketURL":"https:\/\/play.google.com\/store\/apps\/details?id=com.abaenglish.videoclass&amp;referrer=utm_source=42matters.com&amp;utm_medium=api","packageID":"com.abaenglish.videoclass"},"showTemplate":1,"s2s_tracking_url":"https:\/\/play.google.com\/store\/apps\/details?id=com.abaenglish.videoclass&amp;referrer=utm_source=42matters.com&amp;utm_medium=api","activeCreativeID":"4815","scenes":["27","1","2","3","4","5","6","7","8","9","10","11","12","13","14","15","21","24"],"campaignAdType":"Interstitial"},{"campaignID":"602","attribution":0,"priority":"2","appToPromote":{"appToPromoteID":"5444","usesDefaultFrameImage":"0","usesDefaultCloseImage":"0","marketURL":"https:\/\/play.google.com\/store\/apps\/details?id=com.simulatorgame3d.impossibleairtracks","packageID":"com.simulatorgame3d.impossibleairtracks"},"showTemplate":1,"s2s_tracking_url":"https:\/\/play.google.com\/store\/apps\/details?id=com.simulatorgame3d.impossibleairtracks","activeCreativeID":"700","scenes":["27","1","2","3","4","5","6","7","8","9","10","11","12","13","14","15","21","24"],"campaignAdType":"Interstitial"}],"refreshAdRate":0,"mode":"Production","aspectRatio":"4_3","cdnPath":"https:\/\/df8ymybeo92md.cloudfront.net\/images\/","sentry_log":0,"local_logging":0,"sentry_dsn":"https:\/\/93ffa1c9a4124f67b8888a53265f751a:bbf998e04584477fa9a145838e9d3b26@sentry.io\/168994","sentry_initialization":1,"sentry_debugging":0,"bannerSizes":["1"],"aspectRatioVideo":"16_9","app_id":"2504","showPreRewardedDialogue":0,"showPostRewardedDialogue":0,"rewardCurrency":"coins","rewardValue":0,"isSkipable":0,"privacyPolicyURL":"https:\/\/www.consoliads.com\/privacy-policy\/","sessionToken":"PMDe5R+d8cB2vvOn6ZQ+ByynSBixXWxSB55muwHNkWI3+fIq9RJ\/S0w1qEOfZdJJ9VrGqiM5MWmy8xCK\/ttgBcoBrb3pfY1Qm35BTbe7wovpvVPyqMzsrBiovN\/SXVGmw57hNFVQiawejYx8HIX5hIRA7CO295Ylz9KQu8BbIXU="}
Session token value is set


{"appKey":"aee1c1ce85b1b8e194b01eb3f0d44b23","deviceID":"4927","stats":[{"campaignID":214,"packageID":"com.gss.robot.bike.transport.truck","sceneStats":[{"sceneID":"13","eventStats":"349,249,149,49,49,0,0"}]}],"sdkVersion":"39","sessionToken":"PMDe5R+d8cB2vvOn6ZQ+ByynSBixXWxSB55muwHNkWI3+fIq9RJ\/S0w1qEOfZdJJ9VrGqiM5MWmy8xCK\/ttgBcoBrb3pfY1Qm35BTbe7wovpvVPyqMzsrBiovN\/SXVGmw57hNFVQiawejYx8HIX5hIRA7CO295Ylz9KQu8BbIXU="}
cache_ttl value is correct

Refresh Ad Rate value is correct
mode value is set

 Aspect ratio value is correct
sentry_log value is set
local_logging value is set
sentry_initialization value is set
sentry_debugging value is set
showPreRewardedDialogue value is set
showPostRewardedDialogue value is set
isSkipable value is set
{"cache_ttl":10080,"cache_ttl_rewarded":10080,"cache_ttl_banner":10080,"cache_ttl_native":10080,"cache_ttl_icon":10080,"campaigns":[{"campaignID":"9384","attribution":0,"priority":"5","appToPromote":{"appToPromoteID":"13185","usesDefaultFrameImage":"0","usesDefaultCloseImage":"0","marketURL":"https:\/\/play.google.com\/store\/apps\/details?id=com.gamesarena.flying.bike.tricks.stunts&amp;referrer=utm_source=42matters.com&amp;utm_medium=api","packageID":"com.gamesarena.flying.bike.tricks.stunts"},"showTemplate":1,"s2s_tracking_url":"https:\/\/play.google.com\/store\/apps\/details?id=com.gamesarena.flying.bike.tricks.stunts&amp;referrer=utm_source=42matters.com&amp;utm_medium=api","activeCreativeID":"4829","scenes":["12","1","8","6","15","2"],"campaignAdType":"Interstitial"},{"campaignID":"9386","attribution":0,"priority":"5","appToPromote":{"appToPromoteID":"17764","usesDefaultFrameImage":"0","usesDefaultCloseImage":"0","marketURL":"https:\/\/play.google.com\/store\/apps\/details?id=com.visiblebody.atlas&amp;referrer=utm_source=42matters.com&amp;utm_medium=api","packageID":"com.gamesarena..test6324"},"showTemplate":1,"s2s_tracking_url":"https:\/\/play.google.com\/store\/apps\/details?id=com.visiblebody.atlas&amp;referrer=utm_source=42matters.com&amp;utm_medium=api","activeCreativeID":"4828","scenes":["12","1","8","6","15","2"],"campaignAdType":"Interstitial"},{"campaignID":"9389","attribution":0,"priority":"5","appToPromote":{"appToPromoteID":"13185","usesDefaultFrameImage":"0","usesDefaultCloseImage":"0","marketURL":"https:\/\/play.google.com\/store\/apps\/details?id=com.gamesarena.flying.bike.tricks.stunts&amp;referrer=utm_source=42matters.com&amp;utm_medium=api","packageID":"com.gamesarena.flying.bike.tricks.stunts"},"showTemplate":1,"s2s_tracking_url":"https:\/\/play.google.com\/store\/apps\/details?id=com.gamesarena.flying.bike.tricks.stunts&amp;referrer=utm_source=42matters.com&amp;utm_medium=api","activeCreativeID":"4829","scenes":["12","1","8","6","15","2"],"campaignAdType":"Interstitial"},{"campaignID":"9390","attribution":0,"priority":"5","appToPromote":{"appToPromoteID":"17764","usesDefaultFrameImage":"0","usesDefaultCloseImage":"0","marketURL":"https:\/\/play.google.com\/store\/apps\/details?id=com.visiblebody.atlas&amp;referrer=utm_source=42matters.com&amp;utm_medium=api","packageID":"com.gamesarena..test6324"},"showTemplate":1,"s2s_tracking_url":"https:\/\/play.google.com\/store\/apps\/details?id=com.visiblebody.atlas&amp;referrer=utm_source=42matters.com&amp;utm_medium=api","activeCreativeID":"4828","scenes":["12","1","8","6","15","2"],"campaignAdType":"Interstitial"},{"campaignID":"9249","attribution_link":"https:\/\/app.appsflyer.com\/com.lgn.gun.strike.war.train.shooting.games?pid=consoliads_int&amp;af_click_lookback=7d&amp;clickid=2613_9249_4927&amp;android_id={android_id}&amp;sha1_android_id={sha1_android_id}&amp;advertising_id=4927&amp;sha1_advertising_id=3ed5c43f1bee182193213a32b736e00efed6de7b&amp;af_keywords=2","attribution":1,"priority":"8","appToPromote":{"appToPromoteID":"13421","usesDefaultFrameImage":"0","usesDefaultCloseImage":"0","marketURL":"http:\/\/www.google.com","packageID":"com.appricot2d.testt"},"showTemplate":1,"s2s_tracking_url":"https:\/\/app.appsflyer.com\/com.lgn.gun.strike.war.train.shooting.games?pid=consoliads_int&amp;af_click_lookback=7d&amp;clickid=2613_9249_4927&amp;android_id={android_id}&amp;sha1_android_id={sha1_android_id}&amp;advertising_id=4927&amp;sha1_advertising_id=3ed5c43f1bee182193213a32b736e00efed6de7b&amp;af_keywords=2","activeCreativeID":"4679","scenes":["12","1","8","6","15","2"],"campaignAdType":"Interstitial"},{"campaignID":"9261","attribution_link":"https:\/\/app.appsflyer.com\/com.lgn.gun.strike.war.train.shooting.games?pid=consoliads_int&amp;af_click_lookback=7d&amp;clickid=2613_9261_4927&amp;android_id={android_id}&amp;sha1_android_id={sha1_android_id}&amp;advertising_id=4927&amp;sha1_advertising_id=3ed5c43f1bee182193213a32b736e00efed6de7b&amp;af_keywords=2","attribution":1,"priority":"8","appToPromote":{"appToPromoteID":"13421","usesDefaultFrameImage":"0","usesDefaultCloseImage":"0","marketURL":"http:\/\/www.google.com","packageID":"com.appricot2d.testt"},"showTemplate":1,"s2s_tracking_url":"https:\/\/app.appsflyer.com\/com.lgn.gun.strike.war.train.shooting.games?pid=consoliads_int&amp;af_click_lookback=7d&amp;clickid=2613_9261_4927&amp;android_id={android_id}&amp;sha1_android_id={sha1_android_id}&amp;advertising_id=4927&amp;sha1_advertising_id=3ed5c43f1bee182193213a32b736e00efed6de7b&amp;af_keywords=2","activeCreativeID":"4692","scenes":["12","1","8","6","15","2"],"campaignAdType":"Interstitial"},{"campaignID":"9131","attribution":0,"priority":"8","appToPromote":{"appToPromoteID":"17532","usesDefaultFrameImage":"0","usesDefaultCloseImage":"0","marketURL":"https:\/\/play.google.com\/store\/apps\/details?id=com.dhgate.buyermob","packageID":"com.dhgate.buyermob"},"showTemplate":1,"s2s_tracking_url":"https:\/\/tha.gotrackier.com\/click?campaign_id=63254\\u0026pub_id=75?p1=2613_9131_4927&amp;source=6841&amp;app_name=RobotBikeTransportTruck&amp;gaid=4927","activeCreativeID":"4483","scenes":["12","1","8","6","15","2"],"campaignAdType":"Interstitial"},{"campaignID":"561","attribution":0,"priority":"6","appToPromote":{"appToPromoteID":"5026","usesDefaultFrameImage":"0","usesDefaultCloseImage":"0","marketURL":"https:\/\/play.google.com\/store\/apps\/details?id=com.as.cashupapp","packageID":"com.as.cashupapp"},"showTemplate":1,"s2s_tracking_url":"https:\/\/play.google.com\/store\/apps\/details?id=com.as.cashupapp","activeCreativeID":"652","scenes":["12","1","8","6","15","2"],"campaignAdType":"Interstitial"},{"campaignID":"570","attribution":0,"priority":"6","appToPromote":{"appToPromoteID":"3802","usesDefaultFrameImage":"0","usesDefaultCloseImage":"0","marketURL":"https:\/\/play.google.com\/store\/apps\/details?id=com.Madxstudios.Flickshootsoccer","packageID":"com.Madxstudios.Flickshootsoccer"},"showTemplate":1,"s2s_tracking_url":"https:\/\/play.google.com\/store\/apps\/details?id=com.Madxstudios.Flickshootsoccer","activeCreativeID":"661","scenes":["12","1","8","6","15","2"],"campaignAdType":"Interstitial"},{"campaignID":"588","attribution":0,"priority":"6","appToPromote":{"appToPromoteID":"5026","usesDefaultFrameImage":"0","usesDefaultCloseImage":"0","marketURL":"https:\/\/play.google.com\/store\/apps\/details?id=com.as.cashupapp","packageID":"com.as.cashupapp"},"showTemplate":1,"s2s_tracking_url":"https:\/\/play.google.com\/store\/apps\/details?id=com.as.cashupapp","activeCreativeID":"652","scenes":["12","1","8","6","15","2"],"campaignAdType":"Interstitial"},{"campaignID":"6620","attribution":0,"priority":"6","appToPromote":{"appToPromoteID":"12980","usesDefaultFrameImage":"0","usesDefaultCloseImage":"0","marketURL":"https:\/\/play.google.com\/store\/apps\/details?id=com.sx.cooking.cafe.restaurant","packageID":"com.sx.cooking.cafe.restaurant"},"showTemplate":1,"s2s_tracking_url":"https:\/\/play.google.com\/store\/apps\/details?id=com.sx.cooking.cafe.restaurant","activeCreativeID":"1702","scenes":["12","1","8","6","15","2"],"campaignAdType":"Interstitial"},{"campaignID":"6596","attribution":0,"priority":"5","appToPromote":{"appToPromoteID":"12980","usesDefaultFrameImage":"0","usesDefaultCloseImage":"0","marketURL":"https:\/\/play.google.com\/store\/apps\/details?id=com.sx.cooking.cafe.restaurant","packageID":"com.sx.cooking.cafe.restaurant"},"showTemplate":1,"s2s_tracking_url":"https:\/\/play.google.com\/store\/apps\/details?id=com.sx.cooking.cafe.restaurant","activeCreativeID":"1702","scenes":["12","1","8","6","15","2"],"campaignAdType":"Interstitial"}],"refreshAdRate":30,"mode":"Production","aspectRatio":"4_3","cdnPath":"https:\/\/df8ymybeo92md.cloudfront.net\/images\/","sentry_log":0,"local_logging":0,"sentry_dsn":"https:\/\/93ffa1c9a4124f67b8888a53265f751a:bbf998e04584477fa9a145838e9d3b26@sentry.io\/168994","sentry_initialization":1,"sentry_debugging":0,"bannerSizes":["5"],"aspectRatioVideo":"16_9","app_id":"2613","showPreRewardedDialogue":0,"showPostRewardedDialogue":0,"rewardCurrency":"coins","rewardValue":0,"isSkipable":0,"privacyPolicyURL":"https:\/\/www.consoliads.com\/privacy-policy\/","sessionToken":"CtMmGgBB9F6NKLqdHS+\/IrE2nBNYkKa+t\/U3vRMTOoSXPHCeoZr2pbVWcTqeutezKzh7TmKWy1NZL\/T\/HfOvO9fU9Tel\/mqGRdSVrJn4LuWt5ed+XGuzyVANgEu2YZWTwrVtoo223Xdg680pN8zIqTyfJ4OdBq\/fl0kQf5mNP0c="}
Session token value is set


{"appKey":"6321e187a94be2ff678451a5e73bbf42","deviceID":"5036","stats":[{"campaignID":215,"packageID":"com.gamefeast.moto.robot.transformation","sceneStats":[{"sceneID":"13","eventStats":"350,250,150,50,50,0,0"}]}],"sdkVersion":"39","sessionToken":"CtMmGgBB9F6NKLqdHS+\/IrE2nBNYkKa+t\/U3vRMTOoSXPHCeoZr2pbVWcTqeutezKzh7TmKWy1NZL\/T\/HfOvO9fU9Tel\/mqGRdSVrJn4LuWt5ed+XGuzyVANgEu2YZWTwrVtoo223Xdg680pN8zIqTyfJ4OdBq\/fl0kQf5mNP0c="}
cache_ttl value is correct

Refresh Ad Rate value is correct
mode value is set

 Aspect ratio value is correct
sentry_log value is set
local_logging value is set
sentry_initialization value is set
sentry_debugging value is set
showPreRewardedDialogue value is set
showPostRewardedDialogue value is set
isSkipable value is set
{"cache_ttl":10080,"cache_ttl_rewarded":10080,"cache_ttl_banner":10080,"cache_ttl_native":10080,"cache_ttl_icon":10080,"campaigns":[{"campaignID":"9384","attribution":0,"priority":"5","appToPromote":{"appToPromoteID":"13185","usesDefaultFrameImage":"0","usesDefaultCloseImage":"0","marketURL":"https:\/\/play.google.com\/store\/apps\/details?id=com.gamesarena.flying.bike.tricks.stunts&amp;referrer=utm_source=42matters.com&amp;utm_medium=api","packageID":"com.gamesarena.flying.bike.tricks.stunts"},"showTemplate":1,"s2s_tracking_url":"https:\/\/play.google.com\/store\/apps\/details?id=com.gamesarena.flying.bike.tricks.stunts&amp;referrer=utm_source=42matters.com&amp;utm_medium=api","activeCreativeID":"4829","scenes":["12","1","8","6","15","2"],"campaignAdType":"Interstitial"},{"campaignID":"9386","attribution":0,"priority":"5","appToPromote":{"appToPromoteID":"17764","usesDefaultFrameImage":"0","usesDefaultCloseImage":"0","marketURL":"https:\/\/play.google.com\/store\/apps\/details?id=com.visiblebody.atlas&amp;referrer=utm_source=42matters.com&amp;utm_medium=api","packageID":"com.gamesarena..test6324"},"showTemplate":1,"s2s_tracking_url":"https:\/\/play.google.com\/store\/apps\/details?id=com.visiblebody.atlas&amp;referrer=utm_source=42matters.com&amp;utm_medium=api","activeCreativeID":"4828","scenes":["12","1","8","6","15","2"],"campaignAdType":"Interstitial"},{"campaignID":"9389","attribution":0,"priority":"5","appToPromote":{"appToPromoteID":"13185","usesDefaultFrameImage":"0","usesDefaultCloseImage":"0","marketURL":"https:\/\/play.google.com\/store\/apps\/details?id=com.gamesarena.flying.bike.tricks.stunts&amp;referrer=utm_source=42matters.com&amp;utm_medium=api","packageID":"com.gamesarena.flying.bike.tricks.stunts"},"showTemplate":1,"s2s_tracking_url":"https:\/\/play.google.com\/store\/apps\/details?id=com.gamesarena.flying.bike.tricks.stunts&amp;referrer=utm_source=42matters.com&amp;utm_medium=api","activeCreativeID":"4829","scenes":["12","1","8","6","15","2"],"campaignAdType":"Interstitial"},{"campaignID":"9390","attribution":0,"priority":"5","appToPromote":{"appToPromoteID":"17764","usesDefaultFrameImage":"0","usesDefaultCloseImage":"0","marketURL":"https:\/\/play.google.com\/store\/apps\/details?id=com.visiblebody.atlas&amp;referrer=utm_source=42matters.com&amp;utm_medium=api","packageID":"com.gamesarena..test6324"},"showTemplate":1,"s2s_tracking_url":"https:\/\/play.google.com\/store\/apps\/details?id=com.visiblebody.atlas&amp;referrer=utm_source=42matters.com&amp;utm_medium=api","activeCreativeID":"4828","scenes":["12","1","8","6","15","2"],"campaignAdType":"Interstitial"},{"campaignID":"8829","attribution":0,"priority":"5","appToPromote":{"appToPromoteID":"2007","usesDefaultFrameImage":"0","usesDefaultCloseImage":"0","marketURL":"https:\/\/play.google.com\/store\/apps\/details?id=com.vg.police.secret.agent.crime.gang","packageID":"com.vg.police.secret.agent.crime.gang"},"showTemplate":1,"s2s_tracking_url":"https:\/\/play.google.com\/store\/apps\/details?id=com.vg.police.secret.agent.crime.gang","activeCreativeID":"4192","scenes":["12","1","8","6","15","2"],"campaignAdType":"Interstitial"},{"campaignID":"8858","attribution":0,"priority":"5","appToPromote":{"appToPromoteID":"1992","usesDefaultFrameImage":"0","usesDefaultCloseImage":"0","marketURL":"https:\/\/play.google.com\/store\/apps\/details?id=com.vg.prisonerbreakout.HardTime","packageID":"com.vg.prisonerbreakout.HardTime"},"showTemplate":1,"s2s_tracking_url":"https:\/\/play.google.com\/store\/apps\/details?id=com.vg.prisonerbreakout.HardTime","activeCreativeID":"4220","scenes":["12","1","8","6","15","2"],"campaignAdType":"Interstitial"},{"campaignID":"9249","attribution_link":"https:\/\/app.appsflyer.com\/com.lgn.gun.strike.war.train.shooting.games?pid=consoliads_int&amp;af_click_lookback=7d&amp;clickid=2598_9249_5036&amp;android_id={android_id}&amp;sha1_android_id={sha1_android_id}&amp;advertising_id=5036&amp;sha1_advertising_id=d81d94c63c94e24b2228b7b422ed4ef43d4413b6&amp;af_keywords=2","attribution":1,"priority":"8","appToPromote":{"appToPromoteID":"13421","usesDefaultFrameImage":"0","usesDefaultCloseImage":"0","marketURL":"http:\/\/www.google.com","packageID":"com.appricot2d.testt"},"showTemplate":1,"s2s_tracking_url":"https:\/\/app.appsflyer.com\/com.lgn.gun.strike.war.train.shooting.games?pid=consoliads_int&amp;af_click_lookback=7d&amp;clickid=2598_9249_5036&amp;android_id={android_id}&amp;sha1_android_id={sha1_android_id}&amp;advertising_id=5036&amp;sha1_advertising_id=d81d94c63c94e24b2228b7b422ed4ef43d4413b6&amp;af_keywords=2","activeCreativeID":"4679","scenes":["12","1","8","6","15","2"],"campaignAdType":"Interstitial"},{"campaignID":"9261","attribution_link":"https:\/\/app.appsflyer.com\/com.lgn.gun.strike.war.train.shooting.games?pid=consoliads_int&amp;af_click_lookback=7d&amp;clickid=2598_9261_5036&amp;android_id={android_id}&amp;sha1_android_id={sha1_android_id}&amp;advertising_id=5036&amp;sha1_advertising_id=d81d94c63c94e24b2228b7b422ed4ef43d4413b6&amp;af_keywords=2","attribution":1,"priority":"8","appToPromote":{"appToPromoteID":"13421","usesDefaultFrameImage":"0","usesDefaultCloseImage":"0","marketURL":"http:\/\/www.google.com","packageID":"com.appricot2d.testt"},"showTemplate":1,"s2s_tracking_url":"https:\/\/app.appsflyer.com\/com.lgn.gun.strike.war.train.shooting.games?pid=consoliads_int&amp;af_click_lookback=7d&amp;clickid=2598_9261_5036&amp;android_id={android_id}&amp;sha1_android_id={sha1_android_id}&amp;advertising_id=5036&amp;sha1_advertising_id=d81d94c63c94e24b2228b7b422ed4ef43d4413b6&amp;af_keywords=2","activeCreativeID":"4692","scenes":["12","1","8","6","15","2"],"campaignAdType":"Interstitial"},{"campaignID":"9131","attribution":0,"priority":"8","appToPromote":{"appToPromoteID":"17532","usesDefaultFrameImage":"0","usesDefaultCloseImage":"0","marketURL":"https:\/\/play.google.com\/store\/apps\/details?id=com.dhgate.buyermob","packageID":"com.dhgate.buyermob"},"showTemplate":1,"s2s_tracking_url":"https:\/\/tha.gotrackier.com\/click?campaign_id=63254\\u0026pub_id=75?p1=2598_9131_5036&amp;source=6841&amp;app_name=SuperMotoRobotTransform&amp;gaid=5036","activeCreativeID":"4483","scenes":["12","1","8","6","15","2"],"campaignAdType":"Interstitial"},{"campaignID":"561","attribution":0,"priority":"6","appToPromote":{"appToPromoteID":"5026","usesDefaultFrameImage":"0","usesDefaultCloseImage":"0","marketURL":"https:\/\/play.google.com\/store\/apps\/details?id=com.as.cashupapp","packageID":"com.as.cashupapp"},"showTemplate":1,"s2s_tracking_url":"https:\/\/play.google.com\/store\/apps\/details?id=com.as.cashupapp","activeCreativeID":"652","scenes":["12","1","8","6","15","2"],"campaignAdType":"Interstitial"},{"campaignID":"570","attribution":0,"priority":"6","appToPromote":{"appToPromoteID":"3802","usesDefaultFrameImage":"0","usesDefaultCloseImage":"0","marketURL":"https:\/\/play.google.com\/store\/apps\/details?id=com.Madxstudios.Flickshootsoccer","packageID":"com.Madxstudios.Flickshootsoccer"},"showTemplate":1,"s2s_tracking_url":"https:\/\/play.google.com\/store\/apps\/details?id=com.Madxstudios.Flickshootsoccer","activeCreativeID":"661","scenes":["12","1","8","6","15","2"],"campaignAdType":"Interstitial"},{"campaignID":"588","attribution":0,"priority":"6","appToPromote":{"appToPromoteID":"5026","usesDefaultFrameImage":"0","usesDefaultCloseImage":"0","marketURL":"https:\/\/play.google.com\/store\/apps\/details?id=com.as.cashupapp","packageID":"com.as.cashupapp"},"showTemplate":1,"s2s_tracking_url":"https:\/\/play.google.com\/store\/apps\/details?id=com.as.cashupapp","activeCreativeID":"652","scenes":["12","1","8","6","15","2"],"campaignAdType":"Interstitial"},{"campaignID":"6620","attribution":0,"priority":"6","appToPromote":{"appToPromoteID":"12980","usesDefaultFrameImage":"0","usesDefaultCloseImage":"0","marketURL":"https:\/\/play.google.com\/store\/apps\/details?id=com.sx.cooking.cafe.restaurant","packageID":"com.sx.cooking.cafe.restaurant"},"showTemplate":1,"s2s_tracking_url":"https:\/\/play.google.com\/store\/apps\/details?id=com.sx.cooking.cafe.restaurant","activeCreativeID":"1702","scenes":["12","1","8","6","15","2"],"campaignAdType":"Interstitial"}],"refreshAdRate":30,"mode":"Production","aspectRatio":"4_3","cdnPath":"https:\/\/df8ymybeo92md.cloudfront.net\/images\/","sentry_log":0,"local_logging":0,"sentry_dsn":"https:\/\/93ffa1c9a4124f67b8888a53265f751a:bbf998e04584477fa9a145838e9d3b26@sentry.io\/168994","sentry_initialization":1,"sentry_debugging":0,"bannerSizes":["5"],"aspectRatioVideo":"16_9","app_id":"2598","showPreRewardedDialogue":0,"showPostRewardedDialogue":0,"rewardCurrency":"coins","rewardValue":0,"isSkipable":0,"privacyPolicyURL":"https:\/\/www.consoliads.com\/privacy-policy\/","sessionToken":"1tFM1SA7\/B58Q0w1qyyEA8M3eMczpUUTY2vyOWJ7jBwED942ui+bAlsEnnMSdrrLfAXfOkfeElQ76e6li265eChXr5GPJUIQoD4H2xD67l5pCcTTMDWfyxPAukZwfAdtN5XGBUjWHPqYV\/e3ZTpQFIYRhBif+psA\/ELgMXkzQc8="}
Session token value is set


{"appKey":"cd6601541ec10dd5e108fa8bb11b8a6d","deviceID":"7653","stats":[{"campaignID":216,"packageID":"com.tgp.offroad.extreme.highway.busdriver","sceneStats":[{"sceneID":"20","eventStats":"376,276,176,76,76,0,0"}]}],"sdkVersion":"2163","sessionToken":"1tFM1SA7\/B58Q0w1qyyEA8M3eMczpUUTY2vyOWJ7jBwED942ui+bAlsEnnMSdrrLfAXfOkfeElQ76e6li265eChXr5GPJUIQoD4H2xD67l5pCcTTMDWfyxPAukZwfAdtN5XGBUjWHPqYV\/e3ZTpQFIYRhBif+psA\/ELgMXkzQc8="}
cache_ttl value is correct

Title value is correct

Title value is correct

Title value is correct

Title value is correct

Title value is correct

Title value is correct

Refresh Ad Rate value is correct
mode value is set

 Aspect ratio value is correct
sentry_log value is set
local_logging value is set
sentry_initialization value is set
sentry_debugging value is set
showPreRewardedDialogue value is set
showPostRewardedDialogue value is set
isSkipable value is set
{"cache_ttl":10080,"cache_ttl_rewarded":10080,"cache_ttl_banner":10080,"cache_ttl_native":10080,"cache_ttl_icon":10080,"campaigns":[{"campaignID":"9384","attribution":0,"priority":"5","appToPromote":{"appToPromoteID":"13185","usesDefaultFrameImage":"0","usesDefaultCloseImage":"0","marketURL":"https:\/\/play.google.com\/store\/apps\/details?id=com.gamesarena.flying.bike.tricks.stunts&amp;referrer=utm_source=42matters.com&amp;utm_medium=api","packageID":"com.gamesarena.flying.bike.tricks.stunts"},"showTemplate":1,"s2s_tracking_url":"https:\/\/play.google.com\/store\/apps\/details?id=com.gamesarena.flying.bike.tricks.stunts&amp;referrer=utm_source=42matters.com&amp;utm_medium=api","activeCreativeID":"4829","scenes":["12","1","8","6","15","2"],"campaignAdType":"Interstitial"},{"campaignID":"9386","attribution":0,"priority":"5","appToPromote":{"appToPromoteID":"17764","usesDefaultFrameImage":"0","usesDefaultCloseImage":"0","marketURL":"https:\/\/play.google.com\/store\/apps\/details?id=com.visiblebody.atlas&amp;referrer=utm_source=42matters.com&amp;utm_medium=api","packageID":"com.gamesarena..test6324"},"showTemplate":1,"s2s_tracking_url":"https:\/\/play.google.com\/store\/apps\/details?id=com.visiblebody.atlas&amp;referrer=utm_source=42matters.com&amp;utm_medium=api","activeCreativeID":"4828","scenes":["12","1","8","6","15","2"],"campaignAdType":"Interstitial"},{"campaignID":"9389","attribution":0,"priority":"5","appToPromote":{"appToPromoteID":"13185","usesDefaultFrameImage":"0","usesDefaultCloseImage":"0","marketURL":"https:\/\/play.google.com\/store\/apps\/details?id=com.gamesarena.flying.bike.tricks.stunts&amp;referrer=utm_source=42matters.com&amp;utm_medium=api","packageID":"com.gamesarena.flying.bike.tricks.stunts"},"showTemplate":1,"s2s_tracking_url":"https:\/\/play.google.com\/store\/apps\/details?id=com.gamesarena.flying.bike.tricks.stunts&amp;referrer=utm_source=42matters.com&amp;utm_medium=api","activeCreativeID":"4829","scenes":["12","1","8","6","15","2"],"campaignAdType":"Interstitial"},{"campaignID":"9390","attribution":0,"priority":"5","appToPromote":{"appToPromoteID":"17764","usesDefaultFrameImage":"0","usesDefaultCloseImage":"0","marketURL":"https:\/\/play.google.com\/store\/apps\/details?id=com.visiblebody.atlas&amp;referrer=utm_source=42matters.com&amp;utm_medium=api","packageID":"com.gamesarena..test6324"},"showTemplate":1,"s2s_tracking_url":"https:\/\/play.google.com\/store\/apps\/details?id=com.visiblebody.atlas&amp;referrer=utm_source=42matters.com&amp;utm_medium=api","activeCreativeID":"4828","scenes":["12","1","8","6","15","2"],"campaignAdType":"Interstitial"},{"campaignID":"8355","attribution":0,"priority":"5","appToPromote":{"appToPromoteID":"16325","usesDefaultFrameImage":"0","usesDefaultCloseImage":"0","marketURL":"https:\/\/play.google.com\/store\/apps\/details?id=com.tgp.mega.ramp.ambulance.car.stunts","packageID":"com.tgp.mega.ramp.ambulance.car.stunts"},"showTemplate":1,"s2s_tracking_url":"https:\/\/play.google.com\/store\/apps\/details?id=com.tgp.mega.ramp.ambulance.car.stunts","activeCreativeID":"3693","scenes":["12","1","8","6","15","2"],"campaignAdType":"Icon"},{"campaignID":"8795","attribution":0,"priority":"5","appToPromote":{"appToPromoteID":"16325","usesDefaultFrameImage":"0","usesDefaultCloseImage":"0","marketURL":"https:\/\/play.google.com\/store\/apps\/details?id=com.tgp.mega.ramp.ambulance.car.stunts","packageID":"com.tgp.mega.ramp.ambulance.car.stunts"},"showTemplate":1,"s2s_tracking_url":"https:\/\/play.google.com\/store\/apps\/details?id=com.tgp.mega.ramp.ambulance.car.stunts","activeCreativeID":"4157","scenes":["12","1","8","6","15","2"],"campaignAdType":"Native","title":"Mega Ramp Stunts Game","subTitle":"Car Stunts ","description":"Mega Ramp Stunts Game","adClickThroughText":"Download FREE"},{"campaignID":"8376","attribution":0,"priority":"3","appToPromote":{"appToPromoteID":"16325","usesDefaultFrameImage":"0","usesDefaultCloseImage":"0","marketURL":"https:\/\/play.google.com\/store\/apps\/details?id=com.tgp.mega.ramp.ambulance.car.stunts","packageID":"com.tgp.mega.ramp.ambulance.car.stunts"},"showTemplate":1,"s2s_tracking_url":"https:\/\/play.google.com\/store\/apps\/details?id=com.tgp.mega.ramp.ambulance.car.stunts","activeCreativeID":"3718","scenes":["12","1","8","6","15","2"],"campaignAdType":"Interstitial"},{"campaignID":"8354","attribution":0,"priority":"2","appToPromote":{"appToPromoteID":"16325","usesDefaultFrameImage":"0","usesDefaultCloseImage":"0","marketURL":"https:\/\/play.google.com\/store\/apps\/details?id=com.tgp.mega.ramp.ambulance.car.stunts","packageID":"com.tgp.mega.ramp.ambulance.car.stunts"},"showTemplate":1,"s2s_tracking_url":"https:\/\/play.google.com\/store\/apps\/details?id=com.tgp.mega.ramp.ambulance.car.stunts","activeCreativeID":"3692","scenes":["12","1","8","6","15","2"],"campaignAdType":"Interstitial"},{"campaignID":"8226","attribution":0,"priority":"8","appToPromote":{"appToPromoteID":"12623","usesDefaultFrameImage":"0","usesDefaultCloseImage":"0","marketURL":"https:\/\/play.google.com\/store\/apps\/details?id=com.igg.android.lordsmobile&amp;referrer=utm_source=42matters.com&amp;utm_medium=api","packageID":"com.nooribrand.android.lordsmobile"},"showTemplate":1,"s2s_tracking_url":"https:\/\/play.google.com\/store\/apps\/details?id=com.igg.android.lordsmobile&amp;referrer=utm_source=42matters.com&amp;utm_medium=api","activeCreativeID":"3557","scenes":["12","1","8","6","15","2"],"campaignAdType":"Icon"},{"campaignID":"8613","attribution":0,"priority":"8","appToPromote":{"appToPromoteID":"12623","usesDefaultFrameImage":"0","usesDefaultCloseImage":"0","marketURL":"https:\/\/play.google.com\/store\/apps\/details?id=com.igg.android.lordsmobile&amp;referrer=utm_source=42matters.com&amp;utm_medium=api","packageID":"com.nooribrand.android.lordsmobile"},"showTemplate":1,"s2s_tracking_url":"https:\/\/play.google.com\/store\/apps\/details?id=com.igg.android.lordsmobile&amp;referrer=utm_source=42matters.com&amp;utm_medium=api","activeCreativeID":"3557","scenes":["12","1","8","6","15","2"],"campaignAdType":"Icon"},{"campaignID":"9249","attribution_link":"https:\/\/app.appsflyer.com\/com.lgn.gun.strike.war.train.shooting.games?pid=consoliads_int&amp;af_click_lookback=7d&amp;clickid=2402_9249_7653&amp;android_id={android_id}&amp;sha1_android_id={sha1_android_id}&amp;advertising_id=7653&amp;sha1_advertising_id=d32765fda7881b73559d0618e18e570f757a9a08&amp;af_keywords=2","attribution":1,"priority":"8","appToPromote":{"appToPromoteID":"13421","usesDefaultFrameImage":"0","usesDefaultCloseImage":"0","marketURL":"http:\/\/www.google.com","packageID":"com.appricot2d.testt"},"showTemplate":1,"s2s_tracking_url":"https:\/\/app.appsflyer.com\/com.lgn.gun.strike.war.train.shooting.games?pid=consoliads_int&amp;af_click_lookback=7d&amp;clickid=2402_9249_7653&amp;android_id={android_id}&amp;sha1_android_id={sha1_android_id}&amp;advertising_id=7653&amp;sha1_advertising_id=d32765fda7881b73559d0618e18e570f757a9a08&amp;af_keywords=2","activeCreativeID":"4679","scenes":["12","1","8","6","15","2"],"campaignAdType":"Interstitial"},{"campaignID":"9252","attribution":0,"priority":"8","appToPromote":{"appToPromoteID":"12315","usesDefaultFrameImage":"0","usesDefaultCloseImage":"0","marketURL":"google.com","packageID":"com.qabrand.plnative"},"showTemplate":1,"s2s_tracking_url":"google.com","activeCreativeID":"4683","scenes":["12","1","8","6","15","2"],"campaignAdType":"Native","title":"Native first","subTitle":"First ","description":"New description","adClickThroughText":"FIRST Button"},{"campaignID":"9253","attribution":0,"priority":"8","appToPromote":{"appToPromoteID":"12315","usesDefaultFrameImage":"0","usesDefaultCloseImage":"0","marketURL":"google.com","packageID":"com.qabrand.plnative"},"showTemplate":1,"s2s_tracking_url":"google.com","activeCreativeID":"4683","scenes":["12","1","8","6","15","2"],"campaignAdType":"Native","title":"Native first","subTitle":"First ","description":"New description","adClickThroughText":"FIRST Button"},{"campaignID":"9255","attribution":0,"priority":"8","appToPromote":{"appToPromoteID":"13274","usesDefaultFrameImage":"0","usesDefaultCloseImage":"0","marketURL":"https:\/\/play.google.com\/store\/apps\/details?id=com.facebook.katana","packageID":"com.salon.adsalon"},"showTemplate":1,"s2s_tracking_url":"https:\/\/play.google.com\/store\/apps\/details?id=com.facebook.katana","activeCreativeID":"4685","scenes":["12","1","8","6","15","2"],"campaignAdType":"Native","title":"native NA ","subTitle":"native NA ","description":"native NA added","adClickThroughText":"native NA "},{"campaignID":"9257","attribution":0,"priority":"8","appToPromote":{"appToPromoteID":"12286","usesDefaultFrameImage":"0","usesDefaultCloseImage":"0","marketURL":"google.com","packageID":"com.qabrand.Chartboost_Native"},"showTemplate":1,"s2s_tracking_url":"google.com","activeCreativeID":"4688","scenes":["12","1","8","6","15","2"],"campaignAdType":"Native","title":"Native second updated","subTitle":"Native second ","description":"Native second details","adClickThroughText":"Native second "},{"campaignID":"9261","attribution_link":"https:\/\/app.appsflyer.com\/com.lgn.gun.strike.war.train.shooting.games?pid=consoliads_int&amp;af_click_lookback=7d&amp;clickid=2402_9261_7653&amp;android_id={android_id}&amp;sha1_android_id={sha1_android_id}&amp;advertising_id=7653&amp;sha1_advertising_id=d32765fda7881b73559d0618e18e570f757a9a08&amp;af_keywords=2","attribution":1,"priority":"8","appToPromote":{"appToPromoteID":"13421","usesDefaultFrameImage":"0","usesDefaultCloseImage":"0","marketURL":"http:\/\/www.google.com","packageID":"com.appricot2d.testt"},"showTemplate":1,"s2s_tracking_url":"https:\/\/app.appsflyer.com\/com.lgn.gun.strike.war.train.shooting.games?pid=consoliads_int&amp;af_click_lookback=7d&amp;clickid=2402_9261_7653&amp;android_id={android_id}&amp;sha1_android_id={sha1_android_id}&amp;advertising_id=7653&amp;sha1_advertising_id=d32765fda7881b73559d0618e18e570f757a9a08&amp;af_keywords=2","activeCreativeID":"4692","scenes":["12","1","8","6","15","2"],"campaignAdType":"Interstitial"},{"campaignID":"9263","attribution":0,"priority":"8","appToPromote":{"appToPromoteID":"12315","usesDefaultFrameImage":"0","usesDefaultCloseImage":"0","marketURL":"google.com","packageID":"com.qabrand.plnative"},"showTemplate":1,"s2s_tracking_url":"google.com","activeCreativeID":"4694","scenes":["12","1","8","6","15","2"],"campaignAdType":"Native","title":"test","subTitle":"test","description":" test details update","adClickThroughText":"test"},{"campaignID":"9131","attribution":0,"priority":"8","appToPromote":{"appToPromoteID":"17532","usesDefaultFrameImage":"0","usesDefaultCloseImage":"0","marketURL":"https:\/\/play.google.com\/store\/apps\/details?id=com.dhgate.buyermob","packageID":"com.dhgate.buyermob"},"showTemplate":1,"s2s_tracking_url":"https:\/\/tha.gotrackier.com\/click?campaign_id=63254\\u0026pub_id=75?p1=2402_9131_7653&amp;source=6841&amp;app_name=ExtremeHighwayBusDriver&amp;gaid=7653","activeCreativeID":"4483","scenes":["12","1","8","6","15","2"],"campaignAdType":"Interstitial"},{"campaignID":"561","attribution":0,"priority":"6","appToPromote":{"appToPromoteID":"5026","usesDefaultFrameImage":"0","usesDefaultCloseImage":"0","marketURL":"https:\/\/play.google.com\/store\/apps\/details?id=com.as.cashupapp","packageID":"com.as.cashupapp"},"showTemplate":1,"s2s_tracking_url":"https:\/\/play.google.com\/store\/apps\/details?id=com.as.cashupapp","activeCreativeID":"652","scenes":["12","1","8","6","15","2"],"campaignAdType":"Interstitial"},{"campaignID":"570","attribution":0,"priority":"6","appToPromote":{"appToPromoteID":"3802","usesDefaultFrameImage":"0","usesDefaultCloseImage":"0","marketURL":"https:\/\/play.google.com\/store\/apps\/details?id=com.Madxstudios.Flickshootsoccer","packageID":"com.Madxstudios.Flickshootsoccer"},"showTemplate":1,"s2s_tracking_url":"https:\/\/play.google.com\/store\/apps\/details?id=com.Madxstudios.Flickshootsoccer","activeCreativeID":"661","scenes":["12","1","8","6","15","2"],"campaignAdType":"Interstitial"},{"campaignID":"588","attribution":0,"priority":"6","appToPromote":{"appToPromoteID":"5026","usesDefaultFrameImage":"0","usesDefaultCloseImage":"0","marketURL":"https:\/\/play.google.com\/store\/apps\/details?id=com.as.cashupapp","packageID":"com.as.cashupapp"},"showTemplate":1,"s2s_tracking_url":"https:\/\/play.google.com\/store\/apps\/details?id=com.as.cashupapp","activeCreativeID":"652","scenes":["12","1","8","6","15","2"],"campaignAdType":"Interstitial"},{"campaignID":"6620","attribution":0,"priority":"6","appToPromote":{"appToPromoteID":"12980","usesDefaultFrameImage":"0","usesDefaultCloseImage":"0","marketURL":"https:\/\/play.google.com\/store\/apps\/details?id=com.sx.cooking.cafe.restaurant","packageID":"com.sx.cooking.cafe.restaurant"},"showTemplate":1,"s2s_tracking_url":"https:\/\/play.google.com\/store\/apps\/details?id=com.sx.cooking.cafe.restaurant","activeCreativeID":"1702","scenes":["12","1","8","6","15","2"],"campaignAdType":"Interstitial"},{"campaignID":"6596","attribution":0,"priority":"5","appToPromote":{"appToPromoteID":"12980","usesDefaultFrameImage":"0","usesDefaultCloseImage":"0","marketURL":"https:\/\/play.google.com\/store\/apps\/details?id=com.sx.cooking.cafe.restaurant","packageID":"com.sx.cooking.cafe.restaurant"},"showTemplate":1,"s2s_tracking_url":"https:\/\/play.google.com\/store\/apps\/details?id=com.sx.cooking.cafe.restaurant","activeCreativeID":"1702","scenes":["12","1","8","6","15","2"],"campaignAdType":"Interstitial"}],"refreshAdRate":30,"mode":"Production","aspectRatio":"4_3","cdnPath":"https:\/\/df8ymybeo92md.cloudfront.net\/images\/","sentry_log":0,"local_logging":0,"sentry_dsn":"https:\/\/93ffa1c9a4124f67b8888a53265f751a:bbf998e04584477fa9a145838e9d3b26@sentry.io\/168994","sentry_initialization":1,"sentry_debugging":0,"bannerSizes":["1","2"],"aspectRatioVideo":"16_9","app_id":"2402","showPreRewardedDialogue":0,"showPostRewardedDialogue":0,"rewardCurrency":"coins","rewardValue":0,"isSkipable":0,"privacyPolicyURL":"https:\/\/www.consoliads.com\/privacy-policy\/","sessionToken":"Y99Nb1xBIVrsSIx9M8UvMC8AQN2iKliH6c5FIffAv2JAZGdHo478a99lny3QuM4vDahgMAuq+CXkOps1ifdtgVEm6bEA+BQyUFpweX1HlYZRrjLmU5DEwavsrlK6pUkxmSC\/bqWiDAK91\/rF40ynloaSgFZxbKiEihR3amtx1ks="}
Session token value is set


{"appKey":"dd587f33bef2bea93ba58b467ec75780","deviceID":"7414","stats":[{"campaignID":220,"packageID":"com.rgs.robot.battle","sceneStats":[{"sceneID":"19","eventStats":"374,274,174,74,74,0,0"}]}],"sdkVersion":"90","sessionToken":"Y99Nb1xBIVrsSIx9M8UvMC8AQN2iKliH6c5FIffAv2JAZGdHo478a99lny3QuM4vDahgMAuq+CXkOps1ifdtgVEm6bEA+BQyUFpweX1HlYZRrjLmU5DEwavsrlK6pUkxmSC\/bqWiDAK91\/rF40ynloaSgFZxbKiEihR3amtx1ks="}
cache_ttl value is correct

Refresh Ad Rate value is correct
mode value is set

 Aspect ratio value is correct
sentry_log value is set
local_logging value is set
sentry_initialization value is set
sentry_debugging value is set
showPreRewardedDialogue value is set
showPostRewardedDialogue value is set
isSkipable value is set
{"cache_ttl":10080,"cache_ttl_rewarded":10080,"cache_ttl_banner":10080,"cache_ttl_native":10080,"cache_ttl_icon":10080,"refreshAdRate":30,"mode":"Production","aspectRatio":"4_3","cdnPath":"https:\/\/df8ymybeo92md.cloudfront.net\/images\/","sentry_log":0,"local_logging":0,"sentry_dsn":"https:\/\/93ffa1c9a4124f67b8888a53265f751a:bbf998e04584477fa9a145838e9d3b26@sentry.io\/168994","sentry_initialization":1,"sentry_debugging":0,"bannerSizes":[],"aspectRatioVideo":"16_9","app_id":"2624","showPreRewardedDialogue":0,"showPostRewardedDialogue":0,"rewardCurrency":"coins","rewardValue":0,"isSkipable":0,"privacyPolicyURL":"https:\/\/www.consoliads.com\/privacy-policy\/","sessionToken":"HlAx4oqIteVtvJ\/u68NHHTgJ2x2KlYykVLFj1IMeKaHc8b6Xfb6ZIbErp1ncGaWCUXRoHbPi5z+I3Dp4mkjEoz2MXQQ\/lT1d00WJJc7sT5ytHKz+ocdzZ8NNvSFhUXK8ai8GjeqvUSDoQUhAPZ\/vfgJjkE7+r8PqStI2u1\/4ahs="}
Session token value is set


{"appKey":"f7195bc5052737febb7af2f3f1baf1c1","deviceID":"9824","stats":[{"campaignID":221,"packageID":"com.whitesand.raft.survival.shark.hunter","sceneStats":[{"sceneID":"25","eventStats":"398,298,198,98,98,0,0"}]}],"sdkVersion":"39","sessionToken":"HlAx4oqIteVtvJ\/u68NHHTgJ2x2KlYykVLFj1IMeKaHc8b6Xfb6ZIbErp1ncGaWCUXRoHbPi5z+I3Dp4mkjEoz2MXQQ\/lT1d00WJJc7sT5ytHKz+ocdzZ8NNvSFhUXK8ai8GjeqvUSDoQUhAPZ\/vfgJjkE7+r8PqStI2u1\/4ahs="}
cache_ttl value is correct

Refresh Ad Rate value is correct
mode value is set

 Aspect ratio value is correct
sentry_log value is set
local_logging value is set
sentry_initialization value is set
sentry_debugging value is set
showPreRewardedDialogue value is set
showPostRewardedDialogue value is set
isSkipable value is set
{"cache_ttl":10080,"cache_ttl_rewarded":10080,"cache_ttl_banner":10080,"cache_ttl_native":10080,"cache_ttl_icon":10080,"refreshAdRate":30,"mode":"Production","aspectRatio":"4_3","cdnPath":"https:\/\/df8ymybeo92md.cloudfront.net\/images\/","sentry_log":0,"local_logging":0,"sentry_dsn":"https:\/\/93ffa1c9a4124f67b8888a53265f751a:bbf998e04584477fa9a145838e9d3b26@sentry.io\/168994","sentry_initialization":1,"sentry_debugging":0,"bannerSizes":["5"],"aspectRatioVideo":"16_9","app_id":"2602","showPreRewardedDialogue":0,"showPostRewardedDialogue":0,"rewardCurrency":"coins","rewardValue":0,"isSkipable":0,"privacyPolicyURL":"https:\/\/www.consoliads.com\/privacy-policy\/","sessionToken":"UoI4\/mHmP7L6tnCT08yhPRnQcxKqhj+vFCvBs7mBxSt64rWDmUW\/\/NNx6gXqIyo5BHcm4V10L5gq0lbHK1f3dGPKF1573eqkythKwp4tUTzjdueGfLA7E3CT5JsaKs+en3kruGu2+zjglKZH\/4tiZko0oCsTSPi103Z+M9B9mVI="}
Session token value is set


{"appKey":"e27e8b9552ca9d031927942acc186a25","deviceID":"7774","stats":[{"campaignID":222,"packageID":"com.rgs.car.transporter.cargo.ship","sceneStats":[{"sceneID":"20","eventStats":"377,277,177,77,77,0,0"}]}],"sdkVersion":"90","sessionToken":"UoI4\/mHmP7L6tnCT08yhPRnQcxKqhj+vFCvBs7mBxSt64rWDmUW\/\/NNx6gXqIyo5BHcm4V10L5gq0lbHK1f3dGPKF1573eqkythKwp4tUTzjdueGfLA7E3CT5JsaKs+en3kruGu2+zjglKZH\/4tiZko0oCsTSPi103Z+M9B9mVI="}
cache_ttl value is correct

Refresh Ad Rate value is correct
mode value is set

 Aspect ratio value is correct
sentry_log value is set
local_logging value is set
sentry_initialization value is set
sentry_debugging value is set
showPreRewardedDialogue value is set
showPostRewardedDialogue value is set
isSkipable value is set
{"cache_ttl":10080,"cache_ttl_rewarded":10080,"cache_ttl_banner":10080,"cache_ttl_native":10080,"cache_ttl_icon":10080,"refreshAdRate":30,"mode":"Production","aspectRatio":"4_3","cdnPath":"https:\/\/df8ymybeo92md.cloudfront.net\/images\/","sentry_log":0,"local_logging":0,"sentry_dsn":"https:\/\/93ffa1c9a4124f67b8888a53265f751a:bbf998e04584477fa9a145838e9d3b26@sentry.io\/168994","sentry_initialization":1,"sentry_debugging":0,"bannerSizes":[],"aspectRatioVideo":"16_9","app_id":"2583","showPreRewardedDialogue":0,"showPostRewardedDialogue":0,"rewardCurrency":"coins","rewardValue":0,"isSkipable":0,"privacyPolicyURL":"https:\/\/www.consoliads.com\/privacy-policy\/","sessionToken":"U7GXaIjP0uzhMeZJwjS799N8Vt2sMz1vlVEyHAUFsBeUlZzLsMqq9iiEJWXm8HfsKMr7pRAWsRZvZLXRKpGvnBi2m1AKc7kldTtE59C8XKv45\/9wwdn0L6MbdXsuZzzG7ngDr69eDGMTQ9lcPtddotGY7eIQ0yfs\/FfmZ8GMu5Q="}
Session token value is set


{"appKey":"dd587f33bef2bea93ba58b467ec75780","deviceID":"7360","stats":[{"campaignID":223,"packageID":"com.rgs.robot.battle","sceneStats":[{"sceneID":"19","eventStats":"373,273,173,73,73,0,0"}]}],"sdkVersion":"90","sessionToken":"U7GXaIjP0uzhMeZJwjS799N8Vt2sMz1vlVEyHAUFsBeUlZzLsMqq9iiEJWXm8HfsKMr7pRAWsRZvZLXRKpGvnBi2m1AKc7kldTtE59C8XKv45\/9wwdn0L6MbdXsuZzzG7ngDr69eDGMTQ9lcPtddotGY7eIQ0yfs\/FfmZ8GMu5Q="}
cache_ttl value is correct

Refresh Ad Rate value is correct
mode value is set

 Aspect ratio value is correct
sentry_log value is set
local_logging value is set
sentry_initialization value is set
sentry_debugging value is set
showPreRewardedDialogue value is set
showPostRewardedDialogue value is set
isSkipable value is set
{"cache_ttl":10080,"cache_ttl_rewarded":10080,"cache_ttl_banner":10080,"cache_ttl_native":10080,"cache_ttl_icon":10080,"refreshAdRate":30,"mode":"Production","aspectRatio":"4_3","cdnPath":"https:\/\/df8ymybeo92md.cloudfront.net\/images\/","sentry_log":0,"local_logging":0,"sentry_dsn":"https:\/\/93ffa1c9a4124f67b8888a53265f751a:bbf998e04584477fa9a145838e9d3b26@sentry.io\/168994","sentry_initialization":1,"sentry_debugging":0,"bannerSizes":[],"aspectRatioVideo":"16_9","app_id":"2624","showPreRewardedDialogue":0,"showPostRewardedDialogue":0,"rewardCurrency":"coins","rewardValue":0,"isSkipable":0,"privacyPolicyURL":"https:\/\/www.consoliads.com\/privacy-policy\/","sessionToken":"KwPmK7tzeulV7upix31yFCl8IHURdNuHuup5N9\/zWUF9KsfskyY7a0zKcvxGejzbjphOujpxsFc1ciD0NyzhIgUyvjqqJYbjHjDvKfUq4ToiDH01sv1OX75A3b\/L11OuY3T0v1FQNr6HBCuWno5y8bdTOrXMotSAS6NvoKi6v5k="}
Session token value is set


{"appKey":"dd587f33bef2bea93ba58b467ec75780","deviceID":"535","stats":[{"campaignID":225,"packageID":"com.rgs.robot.battle","sceneStats":[{"sceneID":"2","eventStats":"306,206,106,6,6,0,0"}]}],"sdkVersion":"90","sessionToken":"KwPmK7tzeulV7upix31yFCl8IHURdNuHuup5N9\/zWUF9KsfskyY7a0zKcvxGejzbjphOujpxsFc1ciD0NyzhIgUyvjqqJYbjHjDvKfUq4ToiDH01sv1OX75A3b\/L11OuY3T0v1FQNr6HBCuWno5y8bdTOrXMotSAS6NvoKi6v5k="}
cache_ttl value is correct

Refresh Ad Rate value is correct
mode value is set

 Aspect ratio value is correct
sentry_log value is set
local_logging value is set
sentry_initialization value is set
sentry_debugging value is set
showPreRewardedDialogue value is set
showPostRewardedDialogue value is set
isSkipable value is set
{"cache_ttl":10080,"cache_ttl_rewarded":10080,"cache_ttl_banner":10080,"cache_ttl_native":10080,"cache_ttl_icon":10080,"refreshAdRate":30,"mode":"Production","aspectRatio":"4_3","cdnPath":"https:\/\/df8ymybeo92md.cloudfront.net\/images\/","sentry_log":0,"local_logging":0,"sentry_dsn":"https:\/\/93ffa1c9a4124f67b8888a53265f751a:bbf998e04584477fa9a145838e9d3b26@sentry.io\/168994","sentry_initialization":1,"sentry_debugging":0,"bannerSizes":[],"aspectRatioVideo":"16_9","app_id":"2624","showPreRewardedDialogue":0,"showPostRewardedDialogue":0,"rewardCurrency":"coins","rewardValue":0,"isSkipable":0,"privacyPolicyURL":"https:\/\/www.consoliads.com\/privacy-policy\/","sessionToken":"ukPnQ6d8DUzcjC0ngLoX4dbbUFiXW3y1h87Qwl\/6SzqL+OKLJXhk4I3SbBTbJ7G692302wa8A1+zSQ9hDRy+hA7wuYCHYC8eIQ2esMiqSQ945wY5tQ\/y29giD5NRIjg1\/BZMvnwRebbSno4AWiwlBsc2nhtHFzPvw6X3fmOU36A="}
Session token value is set

</DebugTrace>
      </Output>
    </UnitTestResult>
    <UnitTestResult executionId="30ac40c8-2374-4b8a-943c-4812258489c8" testId="d249d328-6d44-2c2d-6ed9-e0b5d6f69772" testName="C_RecordClicksFromDeviceMainMethodCodeGenerator" computerName="DESKTOP-5AJ0SB3" duration="00:01:52.5333367" startTime="2020-12-10T10:20:14.9976566+05:00" endTime="2020-12-10T10:22:07.5379467+05:00" testType="13cdc9d9-ddb5-4fa4-a97d-d965ccfc6d4b" outcome="Passed" testListId="8c84fa94-04c1-424b-9868-57a2d4851a1d" relativeResultsDirectory="30ac40c8-2374-4b8a-943c-4812258489c8">
      <Output>
        <DebugTrace>****************** SELECT campaigns.campaignID,campaigns.appID,apps.sdkID,apps.companyID,apps.osID FROM apps INNER JOIN campaigns ON apps.appID = campaigns.appID WHERE apps.sdkID &gt; 20 AND apps.appKey != '' AND campaigns.campaignID NOT IN (0 ,- 1 ,- 2 ,- 3 ,- 4 ,- 5) LIMIT 50
****************** 
****************** Select appKey , appID from apps where appkey!='' and sdkID &gt; 10 limit  50
****************** 
****************** JJpX85UiVMIIL76SOmx/V38lvKURDRVwbXc8U7kDRoSED310LrcjKfQCfTMxbOWRwnbjSNw8TDXz5pA3iwXrqBhoeqMc8fG7U9JpllMOOwdTpbf6vuddgS2LUhomvidi
****************** JJpX85UiVMIIL76SOmx/V38lvKURDRVwbXc8U7kDRoSED310LrcjKfQCfTMxbOWRwnbjSNw8TDXz5pA3iwXrqBhoeqMc8fG7U9JpllMOOwdTpbf6vuddgS2LUhomvidi
****************** JJpX85UiVMIIL76SOmx/V38lvKURDRVwbXc8U7kDRoSED310LrcjKfQCfTMxbOWRwnbjSNw8TDXz5pA3iwXrqBhoeqMc8fG7U9JpllMOOwdTpbf6vuddgS2LUhomvidi
****************** JJpX85UiVMIIL76SOmx/V38lvKURDRVwbXc8U7kDRoSED310LrcjKfQCfTMxbOWRwnbjSNw8TDXz5pA3iwXrqBhoeqMc8fG7U9JpllMOOwdTpbf6vuddgS2LUhomvidi
****************** JJpX85UiVMIIL76SOmx/V38lvKURDRVwbXc8U7kDRoSED310LrcjKfQCfTMxbOWRwnbjSNw8TDXz5pA3iwXrqBhoeqMc8fG7U9JpllMOOwdTpbf6vuddgS2LUhomvidi
****************** JJpX85UiVMIIL76SOmx/V38lvKURDRVwbXc8U7kDRoSED310LrcjKfQCfTMxbOWRwnbjSNw8TDXz5pA3iwXrqBhoeqMc8fG7U9JpllMOOwdTpbf6vuddgS2LUhomvidi
****************** JJpX85UiVMIIL76SOmx/V38lvKURDRVwbXc8U7kDRoSED310LrcjKfQCfTMxbOWRwnbjSNw8TDXz5pA3iwXrqBhoeqMc8fG7U9JpllMOOwdTpbf6vuddgS2LUhomvidi
****************** JJpX85UiVMIIL76SOmx/V38lvKURDRVwbXc8U7kDRoSED310LrcjKfQCfTMxbOWRwnbjSNw8TDXz5pA3iwXrqBhoeqMc8fG7U9JpllMOOwdTpbf6vuddgS2LUhomvidi
****************** JJpX85UiVMIIL76SOmx/V38lvKURDRVwbXc8U7kDRoSED310LrcjKfQCfTMxbOWRwnbjSNw8TDXz5pA3iwXrqBhoeqMc8fG7U9JpllMOOwdTpbf6vuddgS2LUhomvidi
****************** JJpX85UiVMIIL76SOmx/V38lvKURDRVwbXc8U7kDRoSED310LrcjKfQCfTMxbOWRwnbjSNw8TDXz5pA3iwXrqBhoeqMc8fG7U9JpllMOOwdTpbf6vuddgS2LUhomvidi
****************** JJpX85UiVMIIL76SOmx/V38lvKURDRVwbXc8U7kDRoSED310LrcjKfQCfTMxbOWRwnbjSNw8TDXz5pA3iwXrqBhoeqMc8fG7U9JpllMOOwdTpbf6vuddgS2LUhomvidi
****************** JJpX85UiVMIIL76SOmx/V38lvKURDRVwbXc8U7kDRoSED310LrcjKfQCfTMxbOWRwnbjSNw8TDXz5pA3iwXrqBhoeqMc8fG7U9JpllMOOwdTpbf6vuddgS2LUhomvidi
****************** JJpX85UiVMIIL76SOmx/V38lvKURDRVwbXc8U7kDRoSED310LrcjKfQCfTMxbOWRwnbjSNw8TDXz5pA3iwXrqBhoeqMc8fG7U9JpllMOOwdTpbf6vuddgS2LUhomvidi
****************** JJpX85UiVMIIL76SOmx/V38lvKURDRVwbXc8U7kDRoSED310LrcjKfQCfTMxbOWRwnbjSNw8TDXz5pA3iwXrqBhoeqMc8fG7U9JpllMOOwdTpbf6vuddgS2LUhomvidi
****************** JJpX85UiVMIIL76SOmx/V38lvKURDRVwbXc8U7kDRoSED310LrcjKfQCfTMxbOWRwnbjSNw8TDXz5pA3iwXrqBhoeqMc8fG7U9JpllMOOwdTpbf6vuddgS2LUhomvidi
****************** JJpX85UiVMIIL76SOmx/V38lvKURDRVwbXc8U7kDRoSED310LrcjKfQCfTMxbOWRwnbjSNw8TDXz5pA3iwXrqBhoeqMc8fG7U9JpllMOOwdTpbf6vuddgS2LUhomvidi
****************** JJpX85UiVMIIL76SOmx/V38lvKURDRVwbXc8U7kDRoSED310LrcjKfQCfTMxbOWRwnbjSNw8TDXz5pA3iwXrqBhoeqMc8fG7U9JpllMOOwdTpbf6vuddgS2LUhomvidi
****************** JJpX85UiVMIIL76SOmx/V38lvKURDRVwbXc8U7kDRoSED310LrcjKfQCfTMxbOWRwnbjSNw8TDXz5pA3iwXrqBhoeqMc8fG7U9JpllMOOwdTpbf6vuddgS2LUhomvidi
****************** JJpX85UiVMIIL76SOmx/V38lvKURDRVwbXc8U7kDRoSED310LrcjKfQCfTMxbOWRwnbjSNw8TDXz5pA3iwXrqBhoeqMc8fG7U9JpllMOOwdTpbf6vuddgS2LUhomvidi
****************** JJpX85UiVMIIL76SOmx/V38lvKURDRVwbXc8U7kDRoSED310LrcjKfQCfTMxbOWRwnbjSNw8TDXz5pA3iwXrqBhoeqMc8fG7U9JpllMOOwdTpbf6vuddgS2LUhomvidi
****************** JJpX85UiVMIIL76SOmx/V38lvKURDRVwbXc8U7kDRoSED310LrcjKfQCfTMxbOWRwnbjSNw8TDXz5pA3iwXrqBhoeqMc8fG7U9JpllMOOwdTpbf6vuddgS2LUhomvidi
****************** JJpX85UiVMIIL76SOmx/V38lvKURDRVwbXc8U7kDRoSED310LrcjKfQCfTMxbOWRwnbjSNw8TDXz5pA3iwXrqBhoeqMc8fG7U9JpllMOOwdTpbf6vuddgS2LUhomvidi
****************** JJpX85UiVMIIL76SOmx/V38lvKURDRVwbXc8U7kDRoSED310LrcjKfQCfTMxbOWRwnbjSNw8TDXz5pA3iwXrqBhoeqMc8fG7U9JpllMOOwdTpbf6vuddgS2LUhomvidi
****************** JJpX85UiVMIIL76SOmx/V38lvKURDRVwbXc8U7kDRoSED310LrcjKfQCfTMxbOWRwnbjSNw8TDXz5pA3iwXrqBhoeqMc8fG7U9JpllMOOwdTpbf6vuddgS2LUhomvidi
****************** JJpX85UiVMIIL76SOmx/V38lvKURDRVwbXc8U7kDRoSED310LrcjKfQCfTMxbOWRwnbjSNw8TDXz5pA3iwXrqBhoeqMc8fG7U9JpllMOOwdTpbf6vuddgS2LUhomvidi
****************** JJpX85UiVMIIL76SOmx/V38lvKURDRVwbXc8U7kDRoSED310LrcjKfQCfTMxbOWRwnbjSNw8TDXz5pA3iwXrqBhoeqMc8fG7U9JpllMOOwdTpbf6vuddgS2LUhomvidi
****************** JJpX85UiVMIIL76SOmx/V38lvKURDRVwbXc8U7kDRoSED310LrcjKfQCfTMxbOWRwnbjSNw8TDXz5pA3iwXrqBhoeqMc8fG7U9JpllMOOwdTpbf6vuddgS2LUhomvidi
****************** JJpX85UiVMIIL76SOmx/V38lvKURDRVwbXc8U7kDRoSED310LrcjKfQCfTMxbOWRwnbjSNw8TDXz5pA3iwXrqBhoeqMc8fG7U9JpllMOOwdTpbf6vuddgS2LUhomvidi
****************** JJpX85UiVMIIL76SOmx/V38lvKURDRVwbXc8U7kDRoSED310LrcjKfQCfTMxbOWRwnbjSNw8TDXz5pA3iwXrqBhoeqMc8fG7U9JpllMOOwdTpbf6vuddgS2LUhomvidi
****************** JJpX85UiVMIIL76SOmx/V38lvKURDRVwbXc8U7kDRoSED310LrcjKfQCfTMxbOWRwnbjSNw8TDXz5pA3iwXrqBhoeqMc8fG7U9JpllMOOwdTpbf6vuddgS2LUhomvidi
****************** JJpX85UiVMIIL76SOmx/V38lvKURDRVwbXc8U7kDRoSED310LrcjKfQCfTMxbOWRwnbjSNw8TDXz5pA3iwXrqBhoeqMc8fG7U9JpllMOOwdTpbf6vuddgS2LUhomvidi
****************** JJpX85UiVMIIL76SOmx/V38lvKURDRVwbXc8U7kDRoSED310LrcjKfQCfTMxbOWRwnbjSNw8TDXz5pA3iwXrqBhoeqMc8fG7U9JpllMOOwdTpbf6vuddgS2LUhomvidi
****************** JJpX85UiVMIIL76SOmx/V38lvKURDRVwbXc8U7kDRoSED310LrcjKfQCfTMxbOWRwnbjSNw8TDXz5pA3iwXrqBhoeqMc8fG7U9JpllMOOwdTpbf6vuddgS2LUhomvidi
****************** JJpX85UiVMIIL76SOmx/V38lvKURDRVwbXc8U7kDRoSED310LrcjKfQCfTMxbOWRwnbjSNw8TDXz5pA3iwXrqBhoeqMc8fG7U9JpllMOOwdTpbf6vuddgS2LUhomvidi
****************** JJpX85UiVMIIL76SOmx/V38lvKURDRVwbXc8U7kDRoSED310LrcjKfQCfTMxbOWRwnbjSNw8TDXz5pA3iwXrqBhoeqMc8fG7U9JpllMOOwdTpbf6vuddgS2LUhomvidi
****************** JJpX85UiVMIIL76SOmx/V38lvKURDRVwbXc8U7kDRoSED310LrcjKfQCfTMxbOWRwnbjSNw8TDXz5pA3iwXrqBhoeqMc8fG7U9JpllMOOwdTpbf6vuddgS2LUhomvidi
****************** JJpX85UiVMIIL76SOmx/V38lvKURDRVwbXc8U7kDRoSED310LrcjKfQCfTMxbOWRwnbjSNw8TDXz5pA3iwXrqBhoeqMc8fG7U9JpllMOOwdTpbf6vuddgS2LUhomvidi
****************** JJpX85UiVMIIL76SOmx/V38lvKURDRVwbXc8U7kDRoSED310LrcjKfQCfTMxbOWRwnbjSNw8TDXz5pA3iwXrqBhoeqMc8fG7U9JpllMOOwdTpbf6vuddgS2LUhomvidi
****************** JJpX85UiVMIIL76SOmx/V38lvKURDRVwbXc8U7kDRoSED310LrcjKfQCfTMxbOWRwnbjSNw8TDXz5pA3iwXrqBhoeqMc8fG7U9JpllMOOwdTpbf6vuddgS2LUhomvidi
****************** JJpX85UiVMIIL76SOmx/V38lvKURDRVwbXc8U7kDRoSED310LrcjKfQCfTMxbOWRwnbjSNw8TDXz5pA3iwXrqBhoeqMc8fG7U9JpllMOOwdTpbf6vuddgS2LUhomvidi
****************** JJpX85UiVMIIL76SOmx/V38lvKURDRVwbXc8U7kDRoSED310LrcjKfQCfTMxbOWRwnbjSNw8TDXz5pA3iwXrqBhoeqMc8fG7U9JpllMOOwdTpbf6vuddgS2LUhomvidi
****************** JJpX85UiVMIIL76SOmx/V38lvKURDRVwbXc8U7kDRoSED310LrcjKfQCfTMxbOWRwnbjSNw8TDXz5pA3iwXrqBhoeqMc8fG7U9JpllMOOwdTpbf6vuddgS2LUhomvidi
****************** JJpX85UiVMIIL76SOmx/V38lvKURDRVwbXc8U7kDRoSED310LrcjKfQCfTMxbOWRwnbjSNw8TDXz5pA3iwXrqBhoeqMc8fG7U9JpllMOOwdTpbf6vuddgS2LUhomvidi
****************** JJpX85UiVMIIL76SOmx/V38lvKURDRVwbXc8U7kDRoSED310LrcjKfQCfTMxbOWRwnbjSNw8TDXz5pA3iwXrqBhoeqMc8fG7U9JpllMOOwdTpbf6vuddgS2LUhomvidi
****************** JJpX85UiVMIIL76SOmx/V38lvKURDRVwbXc8U7kDRoSED310LrcjKfQCfTMxbOWRwnbjSNw8TDXz5pA3iwXrqBhoeqMc8fG7U9JpllMOOwdTpbf6vuddgS2LUhomvidi
****************** JJpX85UiVMIIL76SOmx/V38lvKURDRVwbXc8U7kDRoSED310LrcjKfQCfTMxbOWRwnbjSNw8TDXz5pA3iwXrqBhoeqMc8fG7U9JpllMOOwdTpbf6vuddgS2LUhomvidi
****************** JJpX85UiVMIIL76SOmx/V38lvKURDRVwbXc8U7kDRoSED310LrcjKfQCfTMxbOWRwnbjSNw8TDXz5pA3iwXrqBhoeqMc8fG7U9JpllMOOwdTpbf6vuddgS2LUhomvidi
****************** JJpX85UiVMIIL76SOmx/V38lvKURDRVwbXc8U7kDRoSED310LrcjKfQCfTMxbOWRwnbjSNw8TDXz5pA3iwXrqBhoeqMc8fG7U9JpllMOOwdTpbf6vuddgS2LUhomvidi
****************** JJpX85UiVMIIL76SOmx/V38lvKURDRVwbXc8U7kDRoSED310LrcjKfQCfTMxbOWRwnbjSNw8TDXz5pA3iwXrqBhoeqMc8fG7U9JpllMOOwdTpbf6vuddgS2LUhomvidi
****************** JJpX85UiVMIIL76SOmx/V38lvKURDRVwbXc8U7kDRoSED310LrcjKfQCfTMxbOWRwnbjSNw8TDXz5pA3iwXrqBhoeqMc8fG7U9JpllMOOwdTpbf6vuddgS2LUhomvidi
</DebugTrace>
      </Output>
    </UnitTestResult>
    <UnitTestResult executionId="e2c783b0-fa60-4d81-869e-f112180b17de" testId="20f0da05-06f5-50cc-bee5-9ac7cf561794" testName="D_SaveNetworkrStatsMainMethodCodeGenerator" computerName="DESKTOP-5AJ0SB3" duration="00:01:25.3693729" startTime="2020-12-10T10:22:07.5429441+05:00" endTime="2020-12-10T10:23:32.9172232+05:00" testType="13cdc9d9-ddb5-4fa4-a97d-d965ccfc6d4b" outcome="Passed" testListId="8c84fa94-04c1-424b-9868-57a2d4851a1d" relativeResultsDirectory="e2c783b0-fa60-4d81-869e-f112180b17de">
      <Output>
        <DebugTrace>****************** http://52.13.174.6/sheeda/admin/analytics/saveNetworkStats
****************** SELECT apps.package, apps.osID, apps.appID, apps.companyID,apps.sdkID,sdk_info.ver from apps INNER JOIN sdk_info ON apps.sdkID = sdk_info.sdkID where apps.sdkID &gt; 20 Limit 50
****************** 
****************** select adID from ads where ad_type != 'analytics';
****************** 
****************** JJpX85UiVMIIL76SOmx/V38lvKURDRVwbXc8U7kDRoSED310LrcjKfQCfTMxbOWRwnbjSNw8TDXz5pA3iwXrqBhoeqMc8fG7U9JpllMOOwdTpbf6vuddgS2LUhomvidi
****************** http://52.13.174.6/sheeda/admin/analytics/saveNetworkStats
message value is correct
Session token value is set

****************** http://52.13.174.6/sheeda/admin/analytics/saveNetworkStats
message value is correct
****************** http://52.13.174.6/sheeda/admin/analytics/saveNetworkStats
message value is correct
Session token value is set

****************** http://52.13.174.6/sheeda/admin/analytics/saveNetworkStats
message value is correct
Session token value is set

****************** http://52.13.174.6/sheeda/admin/analytics/saveNetworkStats
{"package":"com.rgs.sand.excavator.truck.simulator","store":"41","uniqueDeviceID":"8317","appID":"","deviceID":"","region":"","adsQueueEventStats":[{"adID":"4","sceneID":"21","request":"831","impression":"831","click":"831"}],"gssdkVersion":"3.2.2","sdkVersionID":"39","sdkVersion":"39","sessionToken":"rFFbF00E8oqamK8jwrYElg9\/NAVA9Wm1RkgxCiJQtEIPYDT2YN639xCgZ2sajATUciQeYxleMiaX36KyANH5s\/ulLNvcmAex6uTW8TejH0zxFuuOYg+lKW3El5B9FUnc"}: http://52.13.174.6/sheeda/admin/analytics/saveNetworkStatsAPI failed as it is not correct json response in content type. A PHP error has encoutered  4
&lt;div style="border:1px solid #990000;padding-left:20px;margin:0 0 10px 0;"&gt;

&lt;h4&gt;A PHP Error was encountered&lt;/h4&gt;

&lt;p&gt;Severity: Notice&lt;/p&gt;
&lt;p&gt;Message:  Undefined offset: 0&lt;/p&gt;
&lt;p&gt;Filename: controllers/Mediation.php&lt;/p&gt;
&lt;p&gt;Line Number: 650&lt;/p&gt;


	&lt;p&gt;Backtrace:&lt;/p&gt;
	
		
	
		
	
		
			&lt;p style="margin-left:10px"&gt;
			File: /var/www/html/sheeda/admin/3.0.1/modules/mediation/controllers/Mediation.php&lt;br /&gt;
			Line: 650&lt;br /&gt;
			Function: _error_handler			&lt;/p&gt;

		
	
		
	
		
			&lt;p style="margin-left:10px"&gt;
			File: /var/www/html/sheeda/admin/3.0.1/libraries/REST_Controller.php&lt;br /&gt;
			Line: 688&lt;br /&gt;
			Function: call_user_func_array			&lt;/p&gt;

		
	
		
	
		
	
		
			&lt;p style="margin-left:10px"&gt;
			File: /var/www/html/sheeda/admin/3.0.1.php&lt;br /&gt;
			Line: 307&lt;br /&gt;
			Function: require_once			&lt;/p&gt;

		
	
		
			&lt;p style="margin-left:10px"&gt;
			File: /var/www/html/sheeda/admin/index.php&lt;br /&gt;
			Line: 69&lt;br /&gt;
			Function: require			&lt;/p&gt;

		
	

&lt;/div&gt;&lt;br /&gt;
&lt;b&gt;Notice&lt;/b&gt;:  Trying to get property of non-object in &lt;b&gt;/var/www/html/sheeda/admin/3.0.1/modules/mediation/controllers/Mediation.php&lt;/b&gt; on line &lt;b&gt;650&lt;/b&gt;&lt;br /&gt;
{"message":"App belongs to an inactive brand."}
****************** http://52.13.174.6/sheeda/admin/analytics/saveNetworkStats
message value is correct
Session token value is set

****************** http://52.13.174.6/sheeda/admin/analytics/saveNetworkStats
Message value not appearing correctly
****************** http://52.13.174.6/sheeda/admin/analytics/saveNetworkStats
Message value not appearing correctly
****************** http://52.13.174.6/sheeda/admin/analytics/saveNetworkStats
Message value not appearing correctly
****************** http://52.13.174.6/sheeda/admin/analytics/saveNetworkStats
message value is correct
Session token value is set

****************** http://52.13.174.6/sheeda/admin/analytics/saveNetworkStats
{"package":"com.threed.sand.excavator.simulator","store":"41","uniqueDeviceID":"3847","appID":"","deviceID":"","region":"","adsQueueEventStats":[{"adID":"10","sceneID":"10","request":"385","impression":"385","click":"385"}],"gssdkVersion":"5.1.3-1","sdkVersionID":"2163","sdkVersion":"2163","sessionToken":"mSnjba\/7\/qyXBeAq3SbhwMpvmbF2cR9MPEZn5DkYfqZDiYd1AD\/dbIzF1WaxMC9KO8vkrHmYJef\/JcpufS856wizWCxym+fa2usZttimrw8fYLOn4Itpnj2L3wSPFs72"}: http://52.13.174.6/sheeda/admin/analytics/saveNetworkStatsAPI failed as it is not correct json response in content type. A PHP error has encoutered  10
&lt;div style="border:1px solid #990000;padding-left:20px;margin:0 0 10px 0;"&gt;

&lt;h4&gt;A PHP Error was encountered&lt;/h4&gt;

&lt;p&gt;Severity: Notice&lt;/p&gt;
&lt;p&gt;Message:  Undefined offset: 0&lt;/p&gt;
&lt;p&gt;Filename: controllers/Mediation.php&lt;/p&gt;
&lt;p&gt;Line Number: 650&lt;/p&gt;


	&lt;p&gt;Backtrace:&lt;/p&gt;
	
		
	
		
	
		
			&lt;p style="margin-left:10px"&gt;
			File: /var/www/html/sheeda/admin/3.0.1/modules/mediation/controllers/Mediation.php&lt;br /&gt;
			Line: 650&lt;br /&gt;
			Function: _error_handler			&lt;/p&gt;

		
	
		
	
		
			&lt;p style="margin-left:10px"&gt;
			File: /var/www/html/sheeda/admin/3.0.1/libraries/REST_Controller.php&lt;br /&gt;
			Line: 688&lt;br /&gt;
			Function: call_user_func_array			&lt;/p&gt;

		
	
		
	
		
	
		
			&lt;p style="margin-left:10px"&gt;
			File: /var/www/html/sheeda/admin/3.0.1.php&lt;br /&gt;
			Line: 307&lt;br /&gt;
			Function: require_once			&lt;/p&gt;

		
	
		
			&lt;p style="margin-left:10px"&gt;
			File: /var/www/html/sheeda/admin/index.php&lt;br /&gt;
			Line: 69&lt;br /&gt;
			Function: require			&lt;/p&gt;

		
	

&lt;/div&gt;&lt;br /&gt;
&lt;b&gt;Notice&lt;/b&gt;:  Trying to get property of non-object in &lt;b&gt;/var/www/html/sheeda/admin/3.0.1/modules/mediation/controllers/Mediation.php&lt;/b&gt; on line &lt;b&gt;650&lt;/b&gt;&lt;br /&gt;
{"message":"App belongs to an inactive brand."}
****************** http://52.13.174.6/sheeda/admin/analytics/saveNetworkStats
{"package":"com.threed.sand.excavator.simulator","store":"43","uniqueDeviceID":"6846","appID":"","deviceID":"","region":"","adsQueueEventStats":[{"adID":"11","sceneID":"18","request":"684","impression":"684","click":"684"}],"gssdkVersion":"5.1.3","sdkVersionID":"2151","sdkVersion":"2151","sessionToken":"mSnjba\/7\/qyXBeAq3SbhwMpvmbF2cR9MPEZn5DkYfqZDiYd1AD\/dbIzF1WaxMC9KO8vkrHmYJef\/JcpufS856wizWCxym+fa2usZttimrw8fYLOn4Itpnj2L3wSPFs72"}: http://52.13.174.6/sheeda/admin/analytics/saveNetworkStatsAPI failed as it is not correct json response in content type. A PHP error has encoutered  11
&lt;div style="border:1px solid #990000;padding-left:20px;margin:0 0 10px 0;"&gt;

&lt;h4&gt;A PHP Error was encountered&lt;/h4&gt;

&lt;p&gt;Severity: Notice&lt;/p&gt;
&lt;p&gt;Message:  Undefined offset: 0&lt;/p&gt;
&lt;p&gt;Filename: controllers/Mediation.php&lt;/p&gt;
&lt;p&gt;Line Number: 650&lt;/p&gt;


	&lt;p&gt;Backtrace:&lt;/p&gt;
	
		
	
		
	
		
			&lt;p style="margin-left:10px"&gt;
			File: /var/www/html/sheeda/admin/3.0.1/modules/mediation/controllers/Mediation.php&lt;br /&gt;
			Line: 650&lt;br /&gt;
			Function: _error_handler			&lt;/p&gt;

		
	
		
	
		
			&lt;p style="margin-left:10px"&gt;
			File: /var/www/html/sheeda/admin/3.0.1/libraries/REST_Controller.php&lt;br /&gt;
			Line: 688&lt;br /&gt;
			Function: call_user_func_array			&lt;/p&gt;

		
	
		
	
		
	
		
			&lt;p style="margin-left:10px"&gt;
			File: /var/www/html/sheeda/admin/3.0.1.php&lt;br /&gt;
			Line: 307&lt;br /&gt;
			Function: require_once			&lt;/p&gt;

		
	
		
			&lt;p style="margin-left:10px"&gt;
			File: /var/www/html/sheeda/admin/index.php&lt;br /&gt;
			Line: 69&lt;br /&gt;
			Function: require			&lt;/p&gt;

		
	

&lt;/div&gt;&lt;br /&gt;
&lt;b&gt;Notice&lt;/b&gt;:  Trying to get property of non-object in &lt;b&gt;/var/www/html/sheeda/admin/3.0.1/modules/mediation/controllers/Mediation.php&lt;/b&gt; on line &lt;b&gt;650&lt;/b&gt;&lt;br /&gt;
{"message":"App belongs to an inactive brand."}
****************** http://52.13.174.6/sheeda/admin/analytics/saveNetworkStats
message value is correct
Session token value is set

****************** http://52.13.174.6/sheeda/admin/analytics/saveNetworkStats
message value is correct
Session token value is set

****************** http://52.13.174.6/sheeda/admin/analytics/saveNetworkStats
{"package":"1.0","store":"42","uniqueDeviceID":"4034","appID":"","deviceID":"","region":"","adsQueueEventStats":[{"adID":"15","sceneID":"11","request":"403","impression":"403","click":"403"}],"gssdkVersion":"3.2.2","sdkVersionID":"39","sdkVersion":"39","sessionToken":"KQyWX9NLDDvYKh4352lPKYWqvybqkxm4lkB86b6D1zgunaLpZPYXpkYFPrcnoGoITQW+ymnMEYmwIrMwew7XqAxN9QxhO7eqV8zeU3lTB8NvD4K6bVv4p+wXJiQWg1vq"}: http://52.13.174.6/sheeda/admin/analytics/saveNetworkStatsAPI failed as it is not correct json response in content type. A PHP error has encoutered  14
&lt;div style="border:1px solid #990000;padding-left:20px;margin:0 0 10px 0;"&gt;

&lt;h4&gt;A PHP Error was encountered&lt;/h4&gt;

&lt;p&gt;Severity: Notice&lt;/p&gt;
&lt;p&gt;Message:  Undefined offset: 0&lt;/p&gt;
&lt;p&gt;Filename: controllers/Mediation.php&lt;/p&gt;
&lt;p&gt;Line Number: 650&lt;/p&gt;


	&lt;p&gt;Backtrace:&lt;/p&gt;
	
		
	
		
	
		
			&lt;p style="margin-left:10px"&gt;
			File: /var/www/html/sheeda/admin/3.0.1/modules/mediation/controllers/Mediation.php&lt;br /&gt;
			Line: 650&lt;br /&gt;
			Function: _error_handler			&lt;/p&gt;

		
	
		
	
		
			&lt;p style="margin-left:10px"&gt;
			File: /var/www/html/sheeda/admin/3.0.1/libraries/REST_Controller.php&lt;br /&gt;
			Line: 688&lt;br /&gt;
			Function: call_user_func_array			&lt;/p&gt;

		
	
		
	
		
	
		
			&lt;p style="margin-left:10px"&gt;
			File: /var/www/html/sheeda/admin/3.0.1.php&lt;br /&gt;
			Line: 307&lt;br /&gt;
			Function: require_once			&lt;/p&gt;

		
	
		
			&lt;p style="margin-left:10px"&gt;
			File: /var/www/html/sheeda/admin/index.php&lt;br /&gt;
			Line: 69&lt;br /&gt;
			Function: require			&lt;/p&gt;

		
	

&lt;/div&gt;&lt;br /&gt;
&lt;b&gt;Notice&lt;/b&gt;:  Trying to get property of non-object in &lt;b&gt;/var/www/html/sheeda/admin/3.0.1/modules/mediation/controllers/Mediation.php&lt;/b&gt; on line &lt;b&gt;650&lt;/b&gt;&lt;br /&gt;
{"message":"App belongs to an inactive brand."}
****************** http://52.13.174.6/sheeda/admin/analytics/saveNetworkStats
Message value not appearing correctly
****************** http://52.13.174.6/sheeda/admin/analytics/saveNetworkStats
Message value not appearing correctly
****************** http://52.13.174.6/sheeda/admin/analytics/saveNetworkStats
Message value not appearing correctly
****************** http://52.13.174.6/sheeda/admin/analytics/saveNetworkStats
{"package":"com.threed.horse.simulator","store":"41","uniqueDeviceID":"6521","appID":"","deviceID":"","region":"","adsQueueEventStats":[{"adID":"21","sceneID":"17","request":"652","impression":"652","click":"652"}],"gssdkVersion":"4.10.2","sdkVersionID":"2089","sdkVersion":"2089","sessionToken":"KQyWX9NLDDvYKh4352lPKYWqvybqkxm4lkB86b6D1zgunaLpZPYXpkYFPrcnoGoITQW+ymnMEYmwIrMwew7XqAxN9QxhO7eqV8zeU3lTB8NvD4K6bVv4p+wXJiQWg1vq"}: http://52.13.174.6/sheeda/admin/analytics/saveNetworkStatsAPI failed as it is not correct json response in content type. A PHP error has encoutered  18
&lt;div style="border:1px solid #990000;padding-left:20px;margin:0 0 10px 0;"&gt;

&lt;h4&gt;A PHP Error was encountered&lt;/h4&gt;

&lt;p&gt;Severity: Notice&lt;/p&gt;
&lt;p&gt;Message:  Undefined offset: 0&lt;/p&gt;
&lt;p&gt;Filename: controllers/Mediation.php&lt;/p&gt;
&lt;p&gt;Line Number: 650&lt;/p&gt;


	&lt;p&gt;Backtrace:&lt;/p&gt;
	
		
	
		
	
		
			&lt;p style="margin-left:10px"&gt;
			File: /var/www/html/sheeda/admin/3.0.1/modules/mediation/controllers/Mediation.php&lt;br /&gt;
			Line: 650&lt;br /&gt;
			Function: _error_handler			&lt;/p&gt;

		
	
		
	
		
			&lt;p style="margin-left:10px"&gt;
			File: /var/www/html/sheeda/admin/3.0.1/libraries/REST_Controller.php&lt;br /&gt;
			Line: 688&lt;br /&gt;
			Function: call_user_func_array			&lt;/p&gt;

		
	
		
	
		
	
		
			&lt;p style="margin-left:10px"&gt;
			File: /var/www/html/sheeda/admin/3.0.1.php&lt;br /&gt;
			Line: 307&lt;br /&gt;
			Function: require_once			&lt;/p&gt;

		
	
		
			&lt;p style="margin-left:10px"&gt;
			File: /var/www/html/sheeda/admin/index.php&lt;br /&gt;
			Line: 69&lt;br /&gt;
			Function: require			&lt;/p&gt;

		
	

&lt;/div&gt;&lt;br /&gt;
&lt;b&gt;Notice&lt;/b&gt;:  Trying to get property of non-object in &lt;b&gt;/var/www/html/sheeda/admin/3.0.1/modules/mediation/controllers/Mediation.php&lt;/b&gt; on line &lt;b&gt;650&lt;/b&gt;&lt;br /&gt;
{"message":"App belongs to an inactive brand."}
****************** http://52.13.174.6/sheeda/admin/analytics/saveNetworkStats
message value is correct
Session token value is set

****************** http://52.13.174.6/sheeda/admin/analytics/saveNetworkStats
message value is correct
Session token value is set

****************** http://52.13.174.6/sheeda/admin/analytics/saveNetworkStats
message value is correct
Session token value is set

****************** http://52.13.174.6/sheeda/admin/analytics/saveNetworkStats
message value is correct
Session token value is set

****************** http://52.13.174.6/sheeda/admin/analytics/saveNetworkStats
Message value not appearing correctly
****************** http://52.13.174.6/sheeda/admin/analytics/saveNetworkStats
{"package":"com.threed.wild.hungry.wolves","store":"41","uniqueDeviceID":"4068","appID":"","deviceID":"","region":"","adsQueueEventStats":[{"adID":"27","sceneID":"11","request":"407","impression":"407","click":"407"}],"gssdkVersion":"5.1.3-1","sdkVersionID":"2163","sdkVersion":"2163","sessionToken":"K8\/YLObi7iJddZLIl8jtOtmlyARNWyOC2gL5qlwhG0wMQ2UvtBTKtBdpy9ePbl4aKKyM0mPD\/nikxLHo8RhcvJi5S7a2G+uDXar\/fRwy7wgQ7E52qrg7EVvSvYb5+AAe"}: http://52.13.174.6/sheeda/admin/analytics/saveNetworkStatsAPI failed as it is not correct json response in content type. A PHP error has encoutered  24
&lt;div style="border:1px solid #990000;padding-left:20px;margin:0 0 10px 0;"&gt;

&lt;h4&gt;A PHP Error was encountered&lt;/h4&gt;

&lt;p&gt;Severity: Notice&lt;/p&gt;
&lt;p&gt;Message:  Undefined offset: 0&lt;/p&gt;
&lt;p&gt;Filename: controllers/Mediation.php&lt;/p&gt;
&lt;p&gt;Line Number: 650&lt;/p&gt;


	&lt;p&gt;Backtrace:&lt;/p&gt;
	
		
	
		
	
		
			&lt;p style="margin-left:10px"&gt;
			File: /var/www/html/sheeda/admin/3.0.1/modules/mediation/controllers/Mediation.php&lt;br /&gt;
			Line: 650&lt;br /&gt;
			Function: _error_handler			&lt;/p&gt;

		
	
		
	
		
			&lt;p style="margin-left:10px"&gt;
			File: /var/www/html/sheeda/admin/3.0.1/libraries/REST_Controller.php&lt;br /&gt;
			Line: 688&lt;br /&gt;
			Function: call_user_func_array			&lt;/p&gt;

		
	
		
	
		
	
		
			&lt;p style="margin-left:10px"&gt;
			File: /var/www/html/sheeda/admin/3.0.1.php&lt;br /&gt;
			Line: 307&lt;br /&gt;
			Function: require_once			&lt;/p&gt;

		
	
		
			&lt;p style="margin-left:10px"&gt;
			File: /var/www/html/sheeda/admin/index.php&lt;br /&gt;
			Line: 69&lt;br /&gt;
			Function: require			&lt;/p&gt;

		
	

&lt;/div&gt;&lt;br /&gt;
&lt;b&gt;Notice&lt;/b&gt;:  Trying to get property of non-object in &lt;b&gt;/var/www/html/sheeda/admin/3.0.1/modules/mediation/controllers/Mediation.php&lt;/b&gt; on line &lt;b&gt;650&lt;/b&gt;&lt;br /&gt;
{"message":"App belongs to an inactive brand."}
****************** http://52.13.174.6/sheeda/admin/analytics/saveNetworkStats
Message value not appearing correctly
****************** http://52.13.174.6/sheeda/admin/analytics/saveNetworkStats
message value is correct
Session token value is set

****************** http://52.13.174.6/sheeda/admin/analytics/saveNetworkStats
message value is correct
Session token value is set

****************** http://52.13.174.6/sheeda/admin/analytics/saveNetworkStats
message value is correct
Session token value is set

****************** http://52.13.174.6/sheeda/admin/analytics/saveNetworkStats
message value is correct
Session token value is set

****************** http://52.13.174.6/sheeda/admin/analytics/saveNetworkStats
message value is correct
Session token value is set

****************** http://52.13.174.6/sheeda/admin/analytics/saveNetworkStats
message value is correct
****************** http://52.13.174.6/sheeda/admin/analytics/saveNetworkStats
message value is correct
Session token value is set

****************** http://52.13.174.6/sheeda/admin/analytics/saveNetworkStats
message value is correct
Session token value is set

****************** http://52.13.174.6/sheeda/admin/analytics/saveNetworkStats
message value is correct
****************** http://52.13.174.6/sheeda/admin/analytics/saveNetworkStats
message value is correct
Session token value is set

****************** http://52.13.174.6/sheeda/admin/analytics/saveNetworkStats
message value is correct
****************** http://52.13.174.6/sheeda/admin/analytics/saveNetworkStats
message value is correct
Session token value is set

****************** http://52.13.174.6/sheeda/admin/analytics/saveNetworkStats
message value is correct
Session token value is set

****************** http://52.13.174.6/sheeda/admin/analytics/saveNetworkStats
message value is correct
Session token value is set

****************** http://52.13.174.6/sheeda/admin/analytics/saveNetworkStats
message value is correct
Session token value is set

****************** http://52.13.174.6/sheeda/admin/analytics/saveNetworkStats
message value is correct
Session token value is set

****************** http://52.13.174.6/sheeda/admin/analytics/saveNetworkStats
message value is correct
Session token value is set

****************** http://52.13.174.6/sheeda/admin/analytics/saveNetworkStats
message value is correct
Session token value is set

****************** http://52.13.174.6/sheeda/admin/analytics/saveNetworkStats
message value is correct
****************** http://52.13.174.6/sheeda/admin/analytics/saveNetworkStats
message value is correct
Session token value is set

****************** http://52.13.174.6/sheeda/admin/analytics/saveNetworkStats
message value is correct
****************** http://52.13.174.6/sheeda/admin/analytics/saveNetworkStats
message value is correct
****************** http://52.13.174.6/sheeda/admin/analytics/saveNetworkStats
message value is correct
Session token value is set

****************** http://52.13.174.6/sheeda/admin/analytics/saveNetworkStats
message value is correct
Session token value is set

</DebugTrace>
      </Output>
    </UnitTestResult>
    <UnitTestResult executionId="9eef2e7e-df2f-48be-bff3-5d44ef7a7fd1" testId="bfc1b289-dbbb-3bad-fc5e-78e601449e19" testName="E_StartNewAdSessionMainInputGenerator" computerName="DESKTOP-5AJ0SB3" duration="00:01:59.7424687" startTime="2020-12-10T10:23:32.9202207+05:00" endTime="2020-12-10T10:25:32.6708810+05:00" testType="13cdc9d9-ddb5-4fa4-a97d-d965ccfc6d4b" outcome="Passed" testListId="8c84fa94-04c1-424b-9868-57a2d4851a1d" relativeResultsDirectory="9eef2e7e-df2f-48be-bff3-5d44ef7a7fd1">
      <Output>
        <DebugTrace>****************** Select appKey , sdkID from apps where appkey!='' and sdkID &gt; 20 LIMIT 50
****************** 

{"appKey":"0001095f2f8393fdbf7a808a2d0caf21","osVersion":"9.0","orientation":"0","is_mac":"0","model":"GT-Nnnn0","deviceID":"995","telco_operator":"","cpu":"0","brand":"HUAWEI","userConsent":"0","internet_connectivity":"0","height":"498","architecture":"","width":"498","resolution":"1280x720","ram":"953,45 MB","sdkVersion":"2056","product":"j7xeltexx","devMode":"0"}
cache_ttl value is correct

Title value is correct

Title value is correct

Title value is correct

Title value is correct

Title value is correct

Title value is correct

Refresh Ad Rate value is correct
mode value is set

 Aspect ratio value is correct
sentry_log value is set
local_logging value is set
sentry_initialization value is set
sentry_debugging value is set
showPreRewardedDialogue value is set
showPostRewardedDialogue value is set
isSkipable value is set
{"cache_ttl":10080,"cache_ttl_rewarded":10080,"cache_ttl_banner":10080,"cache_ttl_native":10080,"cache_ttl_icon":10080,"campaigns":[{"campaignID":"8226","attribution":0,"priority":"8","appToPromote":{"appToPromoteID":"12623","usesDefaultFrameImage":"0","usesDefaultCloseImage":"0","marketURL":"https:\/\/play.google.com\/store\/apps\/details?id=com.igg.android.lordsmobile&amp;referrer=utm_source=42matters.com&amp;utm_medium=api","packageID":"com.nooribrand.android.lordsmobile"},"showTemplate":1,"s2s_tracking_url":"https:\/\/play.google.com\/store\/apps\/details?id=com.igg.android.lordsmobile&amp;referrer=utm_source=42matters.com&amp;utm_medium=api","activeCreativeID":"3557","scenes":["12","1","8","6","15","2"],"campaignAdType":"Icon"},{"campaignID":"8613","attribution":0,"priority":"8","appToPromote":{"appToPromoteID":"12623","usesDefaultFrameImage":"0","usesDefaultCloseImage":"0","marketURL":"https:\/\/play.google.com\/store\/apps\/details?id=com.igg.android.lordsmobile&amp;referrer=utm_source=42matters.com&amp;utm_medium=api","packageID":"com.nooribrand.android.lordsmobile"},"showTemplate":1,"s2s_tracking_url":"https:\/\/play.google.com\/store\/apps\/details?id=com.igg.android.lordsmobile&amp;referrer=utm_source=42matters.com&amp;utm_medium=api","activeCreativeID":"3557","scenes":["12","1","8","6","15","2"],"campaignAdType":"Icon"},{"campaignID":"9249","attribution_link":"https:\/\/app.appsflyer.com\/com.lgn.gun.strike.war.train.shooting.games?pid=consoliads_int&amp;af_click_lookback=7d&amp;clickid=12403_9249_995&amp;android_id={android_id}&amp;sha1_android_id={sha1_android_id}&amp;advertising_id=995&amp;sha1_advertising_id=42405d7bf8a6c5d1cbf57dd8a4411bdf0b188b58&amp;af_keywords=2","attribution":1,"priority":"8","appToPromote":{"appToPromoteID":"13421","usesDefaultFrameImage":"0","usesDefaultCloseImage":"0","marketURL":"http:\/\/www.google.com","packageID":"com.appricot2d.testt"},"showTemplate":1,"s2s_tracking_url":"https:\/\/app.appsflyer.com\/com.lgn.gun.strike.war.train.shooting.games?pid=consoliads_int&amp;af_click_lookback=7d&amp;clickid=12403_9249_995&amp;android_id={android_id}&amp;sha1_android_id={sha1_android_id}&amp;advertising_id=995&amp;sha1_advertising_id=42405d7bf8a6c5d1cbf57dd8a4411bdf0b188b58&amp;af_keywords=2","activeCreativeID":"4679","scenes":["12","1","8","6","15","2"],"campaignAdType":"Interstitial"},{"campaignID":"9252","attribution":0,"priority":"8","appToPromote":{"appToPromoteID":"12315","usesDefaultFrameImage":"0","usesDefaultCloseImage":"0","marketURL":"google.com","packageID":"com.qabrand.plnative"},"showTemplate":1,"s2s_tracking_url":"google.com","activeCreativeID":"4683","scenes":["12","1","8","6","15","2"],"campaignAdType":"Native","title":"Native first","subTitle":"First ","description":"New description","adClickThroughText":"FIRST Button"},{"campaignID":"9253","attribution":0,"priority":"8","appToPromote":{"appToPromoteID":"12315","usesDefaultFrameImage":"0","usesDefaultCloseImage":"0","marketURL":"google.com","packageID":"com.qabrand.plnative"},"showTemplate":1,"s2s_tracking_url":"google.com","activeCreativeID":"4683","scenes":["12","1","8","6","15","2"],"campaignAdType":"Native","title":"Native first","subTitle":"First ","description":"New description","adClickThroughText":"FIRST Button"},{"campaignID":"9255","attribution":0,"priority":"8","appToPromote":{"appToPromoteID":"13274","usesDefaultFrameImage":"0","usesDefaultCloseImage":"0","marketURL":"https:\/\/play.google.com\/store\/apps\/details?id=com.facebook.katana","packageID":"com.salon.adsalon"},"showTemplate":1,"s2s_tracking_url":"https:\/\/play.google.com\/store\/apps\/details?id=com.facebook.katana","activeCreativeID":"4685","scenes":["12","1","8","6","15","2"],"campaignAdType":"Native","title":"native NA ","subTitle":"native NA ","description":"native NA added","adClickThroughText":"native NA "},{"campaignID":"9257","attribution":0,"priority":"8","appToPromote":{"appToPromoteID":"12286","usesDefaultFrameImage":"0","usesDefaultCloseImage":"0","marketURL":"google.com","packageID":"com.qabrand.Chartboost_Native"},"showTemplate":1,"s2s_tracking_url":"google.com","activeCreativeID":"4688","scenes":["12","1","8","6","15","2"],"campaignAdType":"Native","title":"Native second updated","subTitle":"Native second ","description":"Native second details","adClickThroughText":"Native second "},{"campaignID":"9261","attribution_link":"https:\/\/app.appsflyer.com\/com.lgn.gun.strike.war.train.shooting.games?pid=consoliads_int&amp;af_click_lookback=7d&amp;clickid=12403_9261_995&amp;android_id={android_id}&amp;sha1_android_id={sha1_android_id}&amp;advertising_id=995&amp;sha1_advertising_id=42405d7bf8a6c5d1cbf57dd8a4411bdf0b188b58&amp;af_keywords=2","attribution":1,"priority":"8","appToPromote":{"appToPromoteID":"13421","usesDefaultFrameImage":"0","usesDefaultCloseImage":"0","marketURL":"http:\/\/www.google.com","packageID":"com.appricot2d.testt"},"showTemplate":1,"s2s_tracking_url":"https:\/\/app.appsflyer.com\/com.lgn.gun.strike.war.train.shooting.games?pid=consoliads_int&amp;af_click_lookback=7d&amp;clickid=12403_9261_995&amp;android_id={android_id}&amp;sha1_android_id={sha1_android_id}&amp;advertising_id=995&amp;sha1_advertising_id=42405d7bf8a6c5d1cbf57dd8a4411bdf0b188b58&amp;af_keywords=2","activeCreativeID":"4692","scenes":["12","1","8","6","15","2"],"campaignAdType":"Interstitial"},{"campaignID":"9263","attribution":0,"priority":"8","appToPromote":{"appToPromoteID":"12315","usesDefaultFrameImage":"0","usesDefaultCloseImage":"0","marketURL":"google.com","packageID":"com.qabrand.plnative"},"showTemplate":1,"s2s_tracking_url":"google.com","activeCreativeID":"4694","scenes":["12","1","8","6","15","2"],"campaignAdType":"Native","title":"test","subTitle":"test","description":" test details update","adClickThroughText":"test"},{"campaignID":"9125","attribution":0,"priority":"8","appToPromote":{"appToPromoteID":"17526","usesDefaultFrameImage":"0","usesDefaultCloseImage":"0","marketURL":"https:\/\/play.google.com\/store\/apps\/details?id=kr.co.richnco.goodrich","packageID":"kr.co.richnco.goodrich"},"showTemplate":1,"s2s_tracking_url":"https:\/\/tha.gotrackier.com\/click?campaign_id=68347\\u0026pub_id=75?p1=12403_9125_995&amp;source=6841&amp;app_name=NitroLightSpeedCarRacingGame&amp;gaid=995","activeCreativeID":"4477","scenes":["12","1","8","6","15","2"],"campaignAdType":"Icon"},{"campaignID":"9127","attribution":0,"priority":"8","appToPromote":{"appToPromoteID":"17528","usesDefaultFrameImage":"0","usesDefaultCloseImage":"0","marketURL":"https:\/\/play.google.com\/store\/apps\/details?id=net.one97.paytm","packageID":"net.one97.paytm"},"showTemplate":1,"s2s_tracking_url":"https:\/\/tha.gotrackier.com\/click?campaign_id=63249\\u0026pub_id=75?p1=12403_9127_995&amp;source=6841&amp;app_name=NitroLightSpeedCarRacingGame&amp;gaid=995","activeCreativeID":"4788","scenes":["12","1","8","6","15","2"],"campaignAdType":"Native","title":"BCA","subTitle":"FW","description":"nope","adClickThroughText":"Link"},{"campaignID":"9131","attribution":0,"priority":"8","appToPromote":{"appToPromoteID":"17532","usesDefaultFrameImage":"0","usesDefaultCloseImage":"0","marketURL":"https:\/\/play.google.com\/store\/apps\/details?id=com.dhgate.buyermob","packageID":"com.dhgate.buyermob"},"showTemplate":1,"s2s_tracking_url":"https:\/\/tha.gotrackier.com\/click?campaign_id=63254\\u0026pub_id=75?p1=12403_9131_995&amp;source=6841&amp;app_name=NitroLightSpeedCarRacingGame&amp;gaid=995","activeCreativeID":"4483","scenes":["12","1","8","6","15","2"],"campaignAdType":"Interstitial"},{"campaignID":"561","attribution":0,"priority":"6","appToPromote":{"appToPromoteID":"5026","usesDefaultFrameImage":"0","usesDefaultCloseImage":"0","marketURL":"https:\/\/play.google.com\/store\/apps\/details?id=com.as.cashupapp","packageID":"com.as.cashupapp"},"showTemplate":1,"s2s_tracking_url":"https:\/\/play.google.com\/store\/apps\/details?id=com.as.cashupapp","activeCreativeID":"652","scenes":["12","1","8","6","15","2"],"campaignAdType":"Interstitial"},{"campaignID":"570","attribution":0,"priority":"6","appToPromote":{"appToPromoteID":"3802","usesDefaultFrameImage":"0","usesDefaultCloseImage":"0","marketURL":"https:\/\/play.google.com\/store\/apps\/details?id=com.Madxstudios.Flickshootsoccer","packageID":"com.Madxstudios.Flickshootsoccer"},"showTemplate":1,"s2s_tracking_url":"https:\/\/play.google.com\/store\/apps\/details?id=com.Madxstudios.Flickshootsoccer","activeCreativeID":"661","scenes":["12","1","8","6","15","2"],"campaignAdType":"Interstitial"},{"campaignID":"588","attribution":0,"priority":"6","appToPromote":{"appToPromoteID":"5026","usesDefaultFrameImage":"0","usesDefaultCloseImage":"0","marketURL":"https:\/\/play.google.com\/store\/apps\/details?id=com.as.cashupapp","packageID":"com.as.cashupapp"},"showTemplate":1,"s2s_tracking_url":"https:\/\/play.google.com\/store\/apps\/details?id=com.as.cashupapp","activeCreativeID":"652","scenes":["12","1","8","6","15","2"],"campaignAdType":"Interstitial"},{"campaignID":"6620","attribution":0,"priority":"6","appToPromote":{"appToPromoteID":"12980","usesDefaultFrameImage":"0","usesDefaultCloseImage":"0","marketURL":"https:\/\/play.google.com\/store\/apps\/details?id=com.sx.cooking.cafe.restaurant","packageID":"com.sx.cooking.cafe.restaurant"},"showTemplate":1,"s2s_tracking_url":"https:\/\/play.google.com\/store\/apps\/details?id=com.sx.cooking.cafe.restaurant","activeCreativeID":"1702","scenes":["12","1","8","6","15","2"],"campaignAdType":"Interstitial"},{"campaignID":"6596","attribution":0,"priority":"5","appToPromote":{"appToPromoteID":"12980","usesDefaultFrameImage":"0","usesDefaultCloseImage":"0","marketURL":"https:\/\/play.google.com\/store\/apps\/details?id=com.sx.cooking.cafe.restaurant","packageID":"com.sx.cooking.cafe.restaurant"},"showTemplate":1,"s2s_tracking_url":"https:\/\/play.google.com\/store\/apps\/details?id=com.sx.cooking.cafe.restaurant","activeCreativeID":"1702","scenes":["12","1","8","6","15","2"],"campaignAdType":"Interstitial"},{"campaignID":"414","attribution":0,"priority":"3","appToPromote":{"appToPromoteID":"3023","usesDefaultFrameImage":"0","usesDefaultCloseImage":"0","marketURL":"https:\/\/play.google.com\/store\/apps\/details?id=com.appricot2d.rolo.pet.parrot","packageID":"com.appricot2d.rolo.pet.parrot"},"showTemplate":1,"s2s_tracking_url":"https:\/\/play.google.com\/store\/apps\/details?id=com.appricot2d.rolo.pet.parrot","activeCreativeID":"385","scenes":["12","1","8","6","15","2"],"campaignAdType":"Interstitial"},{"campaignID":"559","attribution":0,"priority":"3","appToPromote":{"appToPromoteID":"3476","usesDefaultFrameImage":"0","usesDefaultCloseImage":"0","marketURL":"https:\/\/play.google.com\/store\/apps\/details?id=com.perspectivegames.real.impossible.tracks.stunts","packageID":"com.perspectivegames.real.impossible.tracks.stunts"},"showTemplate":1,"s2s_tracking_url":"https:\/\/play.google.com\/store\/apps\/details?id=com.perspectivegames.real.impossible.tracks.stunts","activeCreativeID":"649","scenes":["12","1","8","6","15","2"],"campaignAdType":"Interstitial"},{"campaignID":"741","attribution":0,"priority":"3","appToPromote":{"appToPromoteID":"5609","usesDefaultFrameImage":"0","usesDefaultCloseImage":"0","marketURL":"https:\/\/play.google.com\/store\/apps\/details?id=com.kick.gyroscopic.city.train.driver.simulator","packageID":"com.kick.gyroscopic.city.train.driver.simulator"},"showTemplate":1,"s2s_tracking_url":"https:\/\/play.google.com\/store\/apps\/details?id=com.kick.gyroscopic.city.train.driver.simulator","activeCreativeID":"753","scenes":["12","1","8","6","15","2"],"campaignAdType":"Interstitial"},{"campaignID":"798","attribution":0,"priority":"3","appToPromote":{"appToPromoteID":"5770","usesDefaultFrameImage":"0","usesDefaultCloseImage":"0","marketURL":"https:\/\/play.google.com\/store\/apps\/details?id=com.simulatorgames3d.alohacelebrations","packageID":"com.simulatorgames3d.alohacelebrations"},"showTemplate":1,"s2s_tracking_url":"https:\/\/play.google.com\/store\/apps\/details?id=com.simulatorgames3d.alohacelebrations","activeCreativeID":"787","scenes":["12","1","8","6","15","2"],"campaignAdType":"Interstitial"},{"campaignID":"1483","attribution":0,"priority":"3","appToPromote":{"appToPromoteID":"1714","usesDefaultFrameImage":"1","usesDefaultCloseImage":"1","marketURL":"https:\/\/play.google.com\/store\/apps\/details?id=com.playink.cookie.maker","packageID":"com.playink.cookie.maker"},"showTemplate":1,"s2s_tracking_url":"https:\/\/play.google.com\/store\/apps\/details?id=com.playink.cookie.maker","activeCreativeID":"1020","scenes":["12","1","8","6","15","2"],"campaignAdType":"Interstitial"},{"campaignID":"8762","attribution":0,"priority":"2","appToPromote":{"appToPromoteID":"13265","usesDefaultFrameImage":"0","usesDefaultCloseImage":"0","marketURL":"https:\/\/play.google.com\/store\/apps\/details?id=com.rhg.tricky.bike.stunt.moto.master","packageID":"com.rhg.tricky.bike.stunt.moto.master"},"showTemplate":1,"s2s_tracking_url":"https:\/\/play.google.com\/store\/apps\/details?id=com.rhg.tricky.bike.stunt.moto.master","activeCreativeID":"4121","scenes":["12","1","8","6","15","2"],"campaignAdType":"Rewarded Video"},{"campaignID":"602","attribution":0,"priority":"2","appToPromote":{"appToPromoteID":"5444","usesDefaultFrameImage":"0","usesDefaultCloseImage":"0","marketURL":"https:\/\/play.google.com\/store\/apps\/details?id=com.simulatorgame3d.impossibleairtracks","packageID":"com.simulatorgame3d.impossibleairtracks"},"showTemplate":1,"s2s_tracking_url":"https:\/\/play.google.com\/store\/apps\/details?id=com.simulatorgame3d.impossibleairtracks","activeCreativeID":"700","scenes":["12","1","8","6","15","2"],"campaignAdType":"Interstitial"}],"refreshAdRate":30,"mode":"Production","aspectRatio":"9_16","cdnPath":"https:\/\/df8ymybeo92md.cloudfront.net\/images\/","sentry_log":0,"local_logging":0,"sentry_dsn":"https:\/\/93ffa1c9a4124f67b8888a53265f751a:bbf998e04584477fa9a145838e9d3b26@sentry.io\/168994","sentry_initialization":1,"sentry_debugging":0,"bannerSizes":["1"],"aspectRatioVideo":"9_16","app_id":"12403","showPreRewardedDialogue":0,"showPostRewardedDialogue":0,"rewardCurrency":"coins","rewardValue":0,"isSkipable":1,"privacyPolicyURL":"https:\/\/www.consoliads.com\/privacy-policy\/","sessionToken":"3z3cKqHfDRJbB6RyTIi9QlucX51fRwnwacQedcQbOYoVSsseNGOojGloGr81PycJezTBqJVF2VIjr1eQhdPXnYOt4IJ4uLTRoo5NAK2xDCMk+JjqBbj5YY2LcC7lfPVVhlCbNLt4wZ0\/DnnjOitrDgfuldmY+pv0ZrwXKLV8KZg="}
Session token value is set

mode value is set

 Aspect ratio value is correct
sentry_log value is set
Session token value is set


{"appKey":"000ebaba202ff04f7a4fd938b853597c","osVersion":"7.0","orientation":"0","is_mac":"0","model":"GT-Snnn0","deviceID":"961","telco_operator":"Oi","cpu":"0","brand":"HONOR","userConsent":"0","internet_connectivity":"0","height":"484","architecture":"aarch64","width":"484","resolution":"1436x720","ram":"1.77 GB","sdkVersion":"2056","product":"STK-L21M","devMode":"0"}
cache_ttl value is correct

Title value is correct

Refresh Ad Rate value is correct
mode value is set

 Aspect ratio value is correct
sentry_log value is set
local_logging value is set
sentry_initialization value is set
sentry_debugging value is set
showPreRewardedDialogue value is set
showPostRewardedDialogue value is set
isSkipable value is set
{"cache_ttl":10080,"cache_ttl_rewarded":10080,"cache_ttl_banner":10080,"cache_ttl_native":10080,"cache_ttl_icon":10080,"campaigns":[{"campaignID":0,"priority":10,"appToPromote":{"appToPromoteID":0,"usesDefaultFrameImage":"1","usesDefaultCloseImage":"1","packageID":"testPackage"},"showTemplate":2,"activeCreativeID":0,"campaignAdType":"Interstitial","scenes":["1","2","3","8","5"]},{"campaignID":0,"priority":10,"appToPromote":{"appToPromoteID":0,"usesDefaultFrameImage":"1","usesDefaultCloseImage":"1","packageID":"testPackage"},"showTemplate":2,"activeCreativeID":0,"campaignAdType":"Video","scenes":["1","2","3","8","5"]},{"campaignID":0,"priority":10,"appToPromote":{"appToPromoteID":0,"usesDefaultFrameImage":"1","usesDefaultCloseImage":"1","packageID":"testPackage"},"showTemplate":2,"activeCreativeID":0,"campaignAdType":"Rewarded Video","scenes":["1","2","3","8","5"]},{"campaignID":0,"priority":10,"appToPromote":{"appToPromoteID":0,"usesDefaultFrameImage":"1","usesDefaultCloseImage":"1","marketURL":"https:\/\/play.google.com","packageID":"testPackage"},"showTemplate":2,"activeCreativeID":0,"campaignAdType":"Banner","scenes":["1","2","3","8","5"]},{"campaignID":0,"priority":10,"appToPromote":{"appToPromoteID":0,"usesDefaultFrameImage":"1","usesDefaultCloseImage":"1","marketURL":"https:\/\/play.google.com","packageID":"testPackage"},"showTemplate":2,"activeCreativeID":0,"campaignAdType":"Native","title":"Test Title","subTitle":"Test Subtitle","description":"This is test description","adChoicesLink":"www.google.com","adClickThroughText":"Open Link","scenes":["1","2","3","8","5"]},{"campaignID":0,"priority":10,"appToPromote":{"appToPromoteID":0,"usesDefaultFrameImage":"1","usesDefaultCloseImage":"1","marketURL":"https:\/\/play.google.com","packageID":"testPackage"},"showTemplate":2,"activeCreativeID":0,"campaignAdType":"Icon","scenes":["1","2","3","8","5"]}],"refreshAdRate":30,"mode":"Testing","aspectRatio":"9_16","cdnPath":"https:\/\/df8ymybeo92md.cloudfront.net\/images\/","sentry_log":0,"local_logging":0,"sentry_dsn":"https:\/\/e6dcd89483ae4d13b0f42ed3810d8d62:078421c4ad3d43f19885b30828ce7ee6@sentry.io\/187776","sentry_initialization":1,"sentry_debugging":0,"bannerSizes":["1"],"aspectRatioVideo":"9_16","app_id":"13254","showPreRewardedDialogue":0,"showPostRewardedDialogue":0,"rewardCurrency":"coins","rewardValue":0,"isSkipable":1,"privacyPolicyURL":"https:\/\/www.consoliads.com\/privacy-policy\/","sessionToken":"YWh2Grrv4oUVMpZPiNRTJ164kSqHjsXKZ2dIJ9OerTFzx9Uq6Te\/t6GDnpOmsTnNCCXvaDss15DRyCFWUW59tlcg5FVnJ4ka4+sCc+DrM2MgZCKeVWzshynNLsh61ATFcPeKEOKTxVIAkYjC7SHVoMPDy1SiETMtjc3ZyMrwQg0="}
Session token value is set


{"appKey":"0010f29c602f3f3750645c8b4852f66f","osVersion":"6.0","orientation":"0","is_mac":"0","model":"GT-Snnn2","deviceID":"920","telco_operator":"Maroc","cpu":"0","brand":"vivo","userConsent":"0","internet_connectivity":"0","height":"468","architecture":"armv8l","width":"468","resolution":"1344x720","ram":"1.68 GB","sdkVersion":"2056","product":"aosp_arm","devMode":"0"}
cache_ttl value is correct

Title value is correct

Title value is correct

Title value is correct

Title value is correct

Title value is correct

Title value is correct

Refresh Ad Rate value is correct
mode value is set

 Aspect ratio value is correct
sentry_log value is set
local_logging value is set
sentry_initialization value is set
sentry_debugging value is set
showPreRewardedDialogue value is set
showPostRewardedDialogue value is set
isSkipable value is set
{"cache_ttl":10080,"cache_ttl_rewarded":10080,"cache_ttl_banner":10080,"cache_ttl_native":10080,"cache_ttl_icon":10080,"campaigns":[{"campaignID":"8921","attribution":0,"priority":"2","appToPromote":{"appToPromoteID":"16363","usesDefaultFrameImage":"0","usesDefaultCloseImage":"0","marketURL":"https:\/\/play.google.com\/store\/apps\/details?id=com.gamecrew.tank.robot.car.transform.gangster.robot.war","packageID":"com.gamecrew.tank.robot.car.transform.gangster.robot.war"},"showTemplate":1,"s2s_tracking_url":"https:\/\/play.google.com\/store\/apps\/details?id=com.gamecrew.tank.robot.car.transform.gangster.robot.war","activeCreativeID":"4291","scenes":["1","2","8","13"],"campaignAdType":"Video"},{"campaignID":"8922","attribution":0,"priority":"2","appToPromote":{"appToPromoteID":"17331","usesDefaultFrameImage":"0","usesDefaultCloseImage":"0","marketURL":"https:\/\/play.google.com\/store\/apps\/details?id=com.gamehivestudios.leapord.transform.bike.robot.shooting.robotgames","packageID":"com.funhive521.leopard"},"showTemplate":1,"s2s_tracking_url":"https:\/\/play.google.com\/store\/apps\/details?id=com.gamehivestudios.leapord.transform.bike.robot.shooting.robotgames","activeCreativeID":"4292","scenes":["1","2","8","13"],"campaignAdType":"Video"},{"campaignID":"8478","attribution":0,"priority":"2","appToPromote":{"appToPromoteID":"16363","usesDefaultFrameImage":"0","usesDefaultCloseImage":"0","marketURL":"https:\/\/play.google.com\/store\/apps\/details?id=com.gamecrew.tank.robot.car.transform.gangster.robot.war","packageID":"com.gamecrew.tank.robot.car.transform.gangster.robot.war"},"showTemplate":1,"s2s_tracking_url":"https:\/\/play.google.com\/store\/apps\/details?id=com.gamecrew.tank.robot.car.transform.gangster.robot.war","activeCreativeID":"3816","scenes":["1","2","8","13"],"campaignAdType":"Icon"},{"campaignID":"8633","attribution":0,"priority":"1","appToPromote":{"appToPromoteID":"15887","usesDefaultFrameImage":"0","usesDefaultCloseImage":"0","marketURL":"https:\/\/play.google.com\/store\/apps\/details?id=com.gamecrew.flying.goat.transform.robot.war.robot.hero","packageID":"com.gamecrew.flying.goat.transform.robot.war.robot.hero"},"showTemplate":1,"s2s_tracking_url":"https:\/\/play.google.com\/store\/apps\/details?id=com.gamecrew.flying.goat.transform.robot.war.robot.hero","activeCreativeID":"3989","scenes":["1","2","8","13"],"campaignAdType":"Video"},{"campaignID":"8226","attribution":0,"priority":"8","appToPromote":{"appToPromoteID":"12623","usesDefaultFrameImage":"0","usesDefaultCloseImage":"0","marketURL":"https:\/\/play.google.com\/store\/apps\/details?id=com.igg.android.lordsmobile&amp;referrer=utm_source=42matters.com&amp;utm_medium=api","packageID":"com.nooribrand.android.lordsmobile"},"showTemplate":1,"s2s_tracking_url":"https:\/\/play.google.com\/store\/apps\/details?id=com.igg.android.lordsmobile&amp;referrer=utm_source=42matters.com&amp;utm_medium=api","activeCreativeID":"3557","scenes":["1","2","8","13"],"campaignAdType":"Icon"},{"campaignID":"8613","attribution":0,"priority":"8","appToPromote":{"appToPromoteID":"12623","usesDefaultFrameImage":"0","usesDefaultCloseImage":"0","marketURL":"https:\/\/play.google.com\/store\/apps\/details?id=com.igg.android.lordsmobile&amp;referrer=utm_source=42matters.com&amp;utm_medium=api","packageID":"com.nooribrand.android.lordsmobile"},"showTemplate":1,"s2s_tracking_url":"https:\/\/play.google.com\/store\/apps\/details?id=com.igg.android.lordsmobile&amp;referrer=utm_source=42matters.com&amp;utm_medium=api","activeCreativeID":"3557","scenes":["1","2","8","13"],"campaignAdType":"Icon"},{"campaignID":"9249","attribution_link":"https:\/\/app.appsflyer.com\/com.lgn.gun.strike.war.train.shooting.games?pid=consoliads_int&amp;af_click_lookback=7d&amp;clickid=15227_9249_920&amp;android_id={android_id}&amp;sha1_android_id={sha1_android_id}&amp;advertising_id=920&amp;sha1_advertising_id=c9a4b8932ab905578b42be4b50eee08fb6883a3f&amp;af_keywords=2","attribution":1,"priority":"8","appToPromote":{"appToPromoteID":"13421","usesDefaultFrameImage":"0","usesDefaultCloseImage":"0","marketURL":"http:\/\/www.google.com","packageID":"com.appricot2d.testt"},"showTemplate":1,"s2s_tracking_url":"https:\/\/app.appsflyer.com\/com.lgn.gun.strike.war.train.shooting.games?pid=consoliads_int&amp;af_click_lookback=7d&amp;clickid=15227_9249_920&amp;android_id={android_id}&amp;sha1_android_id={sha1_android_id}&amp;advertising_id=920&amp;sha1_advertising_id=c9a4b8932ab905578b42be4b50eee08fb6883a3f&amp;af_keywords=2","activeCreativeID":"4679","scenes":["1","2","8","13"],"campaignAdType":"Interstitial"},{"campaignID":"9252","attribution":0,"priority":"8","appToPromote":{"appToPromoteID":"12315","usesDefaultFrameImage":"0","usesDefaultCloseImage":"0","marketURL":"google.com","packageID":"com.qabrand.plnative"},"showTemplate":1,"s2s_tracking_url":"google.com","activeCreativeID":"4683","scenes":["1","2","8","13"],"campaignAdType":"Native","title":"Native first","subTitle":"First ","description":"New description","adClickThroughText":"FIRST Button"},{"campaignID":"9253","attribution":0,"priority":"8","appToPromote":{"appToPromoteID":"12315","usesDefaultFrameImage":"0","usesDefaultCloseImage":"0","marketURL":"google.com","packageID":"com.qabrand.plnative"},"showTemplate":1,"s2s_tracking_url":"google.com","activeCreativeID":"4683","scenes":["1","2","8","13"],"campaignAdType":"Native","title":"Native first","subTitle":"First ","description":"New description","adClickThroughText":"FIRST Button"},{"campaignID":"9255","attribution":0,"priority":"8","appToPromote":{"appToPromoteID":"13274","usesDefaultFrameImage":"0","usesDefaultCloseImage":"0","marketURL":"https:\/\/play.google.com\/store\/apps\/details?id=com.facebook.katana","packageID":"com.salon.adsalon"},"showTemplate":1,"s2s_tracking_url":"https:\/\/play.google.com\/store\/apps\/details?id=com.facebook.katana","activeCreativeID":"4685","scenes":["1","2","8","13"],"campaignAdType":"Native","title":"native NA ","subTitle":"native NA ","description":"native NA added","adClickThroughText":"native NA "},{"campaignID":"9257","attribution":0,"priority":"8","appToPromote":{"appToPromoteID":"12286","usesDefaultFrameImage":"0","usesDefaultCloseImage":"0","marketURL":"google.com","packageID":"com.qabrand.Chartboost_Native"},"showTemplate":1,"s2s_tracking_url":"google.com","activeCreativeID":"4688","scenes":["1","2","8","13"],"campaignAdType":"Native","title":"Native second updated","subTitle":"Native second ","description":"Native second details","adClickThroughText":"Native second "},{"campaignID":"9261","attribution_link":"https:\/\/app.appsflyer.com\/com.lgn.gun.strike.war.train.shooting.games?pid=consoliads_int&amp;af_click_lookback=7d&amp;clickid=15227_9261_920&amp;android_id={android_id}&amp;sha1_android_id={sha1_android_id}&amp;advertising_id=920&amp;sha1_advertising_id=c9a4b8932ab905578b42be4b50eee08fb6883a3f&amp;af_keywords=2","attribution":1,"priority":"8","appToPromote":{"appToPromoteID":"13421","usesDefaultFrameImage":"0","usesDefaultCloseImage":"0","marketURL":"http:\/\/www.google.com","packageID":"com.appricot2d.testt"},"showTemplate":1,"s2s_tracking_url":"https:\/\/app.appsflyer.com\/com.lgn.gun.strike.war.train.shooting.games?pid=consoliads_int&amp;af_click_lookback=7d&amp;clickid=15227_9261_920&amp;android_id={android_id}&amp;sha1_android_id={sha1_android_id}&amp;advertising_id=920&amp;sha1_advertising_id=c9a4b8932ab905578b42be4b50eee08fb6883a3f&amp;af_keywords=2","activeCreativeID":"4692","scenes":["1","2","8","13"],"campaignAdType":"Interstitial"},{"campaignID":"9263","attribution":0,"priority":"8","appToPromote":{"appToPromoteID":"12315","usesDefaultFrameImage":"0","usesDefaultCloseImage":"0","marketURL":"google.com","packageID":"com.qabrand.plnative"},"showTemplate":1,"s2s_tracking_url":"google.com","activeCreativeID":"4694","scenes":["1","2","8","13"],"campaignAdType":"Native","title":"test","subTitle":"test","description":" test details update","adClickThroughText":"test"},{"campaignID":"9127","attribution":0,"priority":"8","appToPromote":{"appToPromoteID":"17528","usesDefaultFrameImage":"0","usesDefaultCloseImage":"0","marketURL":"https:\/\/play.google.com\/store\/apps\/details?id=net.one97.paytm","packageID":"net.one97.paytm"},"showTemplate":1,"s2s_tracking_url":"https:\/\/tha.gotrackier.com\/click?campaign_id=63249\\u0026pub_id=75?p1=15227_9127_920&amp;source=6841&amp;app_name=FormulaCarRobot&amp;gaid=920","activeCreativeID":"4788","scenes":["1","2","8","13"],"campaignAdType":"Native","title":"BCA","subTitle":"FW","description":"nope","adClickThroughText":"Link"},{"campaignID":"9131","attribution":0,"priority":"8","appToPromote":{"appToPromoteID":"17532","usesDefaultFrameImage":"0","usesDefaultCloseImage":"0","marketURL":"https:\/\/play.google.com\/store\/apps\/details?id=com.dhgate.buyermob","packageID":"com.dhgate.buyermob"},"showTemplate":1,"s2s_tracking_url":"https:\/\/tha.gotrackier.com\/click?campaign_id=63254\\u0026pub_id=75?p1=15227_9131_920&amp;source=6841&amp;app_name=FormulaCarRobot&amp;gaid=920","activeCreativeID":"4483","scenes":["1","2","8","13"],"campaignAdType":"Interstitial"},{"campaignID":"561","attribution":0,"priority":"6","appToPromote":{"appToPromoteID":"5026","usesDefaultFrameImage":"0","usesDefaultCloseImage":"0","marketURL":"https:\/\/play.google.com\/store\/apps\/details?id=com.as.cashupapp","packageID":"com.as.cashupapp"},"showTemplate":1,"s2s_tracking_url":"https:\/\/play.google.com\/store\/apps\/details?id=com.as.cashupapp","activeCreativeID":"652","scenes":["1","2","8","13"],"campaignAdType":"Interstitial"},{"campaignID":"570","attribution":0,"priority":"6","appToPromote":{"appToPromoteID":"3802","usesDefaultFrameImage":"0","usesDefaultCloseImage":"0","marketURL":"https:\/\/play.google.com\/store\/apps\/details?id=com.Madxstudios.Flickshootsoccer","packageID":"com.Madxstudios.Flickshootsoccer"},"showTemplate":1,"s2s_tracking_url":"https:\/\/play.google.com\/store\/apps\/details?id=com.Madxstudios.Flickshootsoccer","activeCreativeID":"661","scenes":["1","2","8","13"],"campaignAdType":"Interstitial"},{"campaignID":"588","attribution":0,"priority":"6","appToPromote":{"appToPromoteID":"5026","usesDefaultFrameImage":"0","usesDefaultCloseImage":"0","marketURL":"https:\/\/play.google.com\/store\/apps\/details?id=com.as.cashupapp","packageID":"com.as.cashupapp"},"showTemplate":1,"s2s_tracking_url":"https:\/\/play.google.com\/store\/apps\/details?id=com.as.cashupapp","activeCreativeID":"652","scenes":["1","2","8","13"],"campaignAdType":"Interstitial"},{"campaignID":"6620","attribution":0,"priority":"6","appToPromote":{"appToPromoteID":"12980","usesDefaultFrameImage":"0","usesDefaultCloseImage":"0","marketURL":"https:\/\/play.google.com\/store\/apps\/details?id=com.sx.cooking.cafe.restaurant","packageID":"com.sx.cooking.cafe.restaurant"},"showTemplate":1,"s2s_tracking_url":"https:\/\/play.google.com\/store\/apps\/details?id=com.sx.cooking.cafe.restaurant","activeCreativeID":"1702","scenes":["1","2","8","13"],"campaignAdType":"Interstitial"},{"campaignID":"8876","attribution":0,"priority":"5","appToPromote":{"appToPromoteID":"15640","usesDefaultFrameImage":"0","usesDefaultCloseImage":"0","marketURL":"https:\/\/play.google.com\/store\/apps\/details?id=com.pgz.police.bike.stunt.ramp.bike.racing.games","packageID":"com.pgz.police.bike.stunt.ramp.bike.racing.games"},"showTemplate":1,"s2s_tracking_url":"https:\/\/play.google.com\/store\/apps\/details?id=com.pgz.police.bike.stunt.ramp.bike.racing.games","activeCreativeID":"4236","scenes":["1","2","8","13"],"campaignAdType":"Interstitial"},{"campaignID":"6596","attribution":0,"priority":"5","appToPromote":{"appToPromoteID":"12980","usesDefaultFrameImage":"0","usesDefaultCloseImage":"0","marketURL":"https:\/\/play.google.com\/store\/apps\/details?id=com.sx.cooking.cafe.restaurant","packageID":"com.sx.cooking.cafe.restaurant"},"showTemplate":1,"s2s_tracking_url":"https:\/\/play.google.com\/store\/apps\/details?id=com.sx.cooking.cafe.restaurant","activeCreativeID":"1702","scenes":["1","2","8","13"],"campaignAdType":"Interstitial"},{"campaignID":"414","attribution":0,"priority":"3","appToPromote":{"appToPromoteID":"3023","usesDefaultFrameImage":"0","usesDefaultCloseImage":"0","marketURL":"https:\/\/play.google.com\/store\/apps\/details?id=com.appricot2d.rolo.pet.parrot","packageID":"com.appricot2d.rolo.pet.parrot"},"showTemplate":1,"s2s_tracking_url":"https:\/\/play.google.com\/store\/apps\/details?id=com.appricot2d.rolo.pet.parrot","activeCreativeID":"385","scenes":["1","2","8","13"],"campaignAdType":"Interstitial"},{"campaignID":"559","attribution":0,"priority":"3","appToPromote":{"appToPromoteID":"3476","usesDefaultFrameImage":"0","usesDefaultCloseImage":"0","marketURL":"https:\/\/play.google.com\/store\/apps\/details?id=com.perspectivegames.real.impossible.tracks.stunts","packageID":"com.perspectivegames.real.impossible.tracks.stunts"},"showTemplate":1,"s2s_tracking_url":"https:\/\/play.google.com\/store\/apps\/details?id=com.perspectivegames.real.impossible.tracks.stunts","activeCreativeID":"649","scenes":["1","2","8","13"],"campaignAdType":"Interstitial"},{"campaignID":"741","attribution":0,"priority":"3","appToPromote":{"appToPromoteID":"5609","usesDefaultFrameImage":"0","usesDefaultCloseImage":"0","marketURL":"https:\/\/play.google.com\/store\/apps\/details?id=com.kick.gyroscopic.city.train.driver.simulator","packageID":"com.kick.gyroscopic.city.train.driver.simulator"},"showTemplate":1,"s2s_tracking_url":"https:\/\/play.google.com\/store\/apps\/details?id=com.kick.gyroscopic.city.train.driver.simulator","activeCreativeID":"753","scenes":["1","2","8","13"],"campaignAdType":"Interstitial"}],"refreshAdRate":30,"mode":"Production","aspectRatio":"9_16","cdnPath":"https:\/\/df8ymybeo92md.cloudfront.net\/images\/","sentry_log":0,"local_logging":0,"sentry_dsn":"https:\/\/93ffa1c9a4124f67b8888a53265f751a:bbf998e04584477fa9a145838e9d3b26@sentry.io\/168994","sentry_initialization":1,"sentry_debugging":0,"bannerSizes":["1"],"aspectRatioVideo":"9_16","app_id":"15227","showPreRewardedDialogue":0,"showPostRewardedDialogue":0,"rewardCurrency":"coins","rewardValue":0,"isSkipable":1,"privacyPolicyURL":"https:\/\/www.consoliads.com\/privacy-policy\/","sessionToken":"RO4ZZLPI5WtWnzsILC1HRSRtk9On35CGMwmLYWcLJbAhe1HZc\/E3qOQHVsjRr9ObZhGvzzXhTOkQFZeLK4A0UneobmDogmyEIAgMknxRAWGeLdhXktPJKnluV6tRYunLdl1eL\/\/UQJ18ryG3foEYW2CvpAXwAAXzZnoATS3SAWA="}
Session token value is set

mode value is set

 Aspect ratio value is correct
sentry_log value is set
Session token value is set


{"appKey":"00158764536c49fb352d25d1149398a5","osVersion":"4.4","orientation":"0","is_mac":"0","model":"E5673","deviceID":"691","telco_operator":"airtel","cpu":"0","brand":"realme","userConsent":"0","internet_connectivity":"0","height":"376","architecture":"aarch81","width":"376","resolution":"1387x720","ram":"2.75 GB","sdkVersion":"2056","product":"iPhone","devMode":"0"}
cache_ttl value is correct

Refresh Ad Rate value is correct
mode value is set

 Aspect ratio value is correct
sentry_log value is set
local_logging value is set
sentry_initialization value is set
sentry_debugging value is set
showPreRewardedDialogue value is set
showPostRewardedDialogue value is set
isSkipable value is set
{"cache_ttl":10080,"cache_ttl_rewarded":10080,"cache_ttl_banner":10080,"cache_ttl_native":10080,"cache_ttl_icon":10080,"refreshAdRate":30,"mode":"Production","aspectRatio":"9_16","cdnPath":"https:\/\/df8ymybeo92md.cloudfront.net\/images\/","sentry_log":0,"local_logging":0,"sentry_dsn":"https:\/\/93ffa1c9a4124f67b8888a53265f751a:bbf998e04584477fa9a145838e9d3b26@sentry.io\/168994","sentry_initialization":1,"sentry_debugging":0,"bannerSizes":["1"],"aspectRatioVideo":"9_16","app_id":"12689","showPreRewardedDialogue":0,"showPostRewardedDialogue":0,"rewardCurrency":"coins","rewardValue":0,"isSkipable":1,"privacyPolicyURL":"https:\/\/www.consoliads.com\/privacy-policy\/","sessionToken":"G\/VDUN4R4x\/N6XvF37XHKXDkuWLv4LLR7Ort80GvDEN8Pf9YVhcjvr1y6R9MD3K+XCJNAQ1CdK+IcGTcw66VMPXXSwH0JTb2AmcmU4a5OFDWBd+ZHaTPD\/tMt2U1ur4tmd506uZZnJP8KQG8x6T1RwE9tpkQ1otk\/ZvYLbsBPOU="}
Session token value is set


{"appKey":"001df35eabe3ef8bf4cf6645e3e819f5","osVersion":"4.3","orientation":"0","is_mac":"0","model":"E3372","deviceID":"290","telco_operator":"Metfone","cpu":"0","brand":"iPhone","userConsent":"0","internet_connectivity":"0","height":"216","architecture":"aarch81","width":"216","resolution":"1080 x 1920","ram":"1,37 GB","sdkVersion":"26","product":"LUA-U22","devMode":"0"}
cache_ttl value is correct

Refresh Ad Rate value is correct
mode value is set

 Aspect ratio value is correct
sentry_log value is set
local_logging value is set
sentry_initialization value is set
sentry_debugging value is set
showPreRewardedDialogue value is set
showPostRewardedDialogue value is set
isSkipable value is set
{"cache_ttl":10080,"cache_ttl_rewarded":10080,"cache_ttl_banner":10080,"cache_ttl_native":10080,"cache_ttl_icon":10080,"refreshAdRate":30,"mode":"Production","aspectRatio":"9_16","cdnPath":"https:\/\/df8ymybeo92md.cloudfront.net\/images\/","sentry_log":0,"local_logging":0,"sentry_dsn":"https:\/\/e6dcd89483ae4d13b0f42ed3810d8d62:078421c4ad3d43f19885b30828ce7ee6@sentry.io\/187776","sentry_initialization":1,"sentry_debugging":0,"bannerSizes":["5"],"aspectRatioVideo":"9_16","app_id":"6678","showPreRewardedDialogue":0,"showPostRewardedDialogue":0,"rewardCurrency":"coins","rewardValue":0,"isSkipable":0,"privacyPolicyURL":"https:\/\/www.consoliads.com\/privacy-policy\/","sessionToken":"9TX5WPrexwnig0alGHnmpJJuUwZd8H1gb\/IPcOFRVc1w5tLWHjTzclnNYwdDuaFXPYNnO4+2vj+r3dp\/pPaiNDzGcb9Xm25nkHNwyYMwRHyOpiN6h7jXuBh3UDZUQcceLpZAmS3mtnTtEjs9JnAcahbp94gGpu5i6moENUvEzbc="}
Session token value is set

{"appKey":"00213e22a8396c544210355c3aba9f65","osVersion":"4.2","orientation":"0","is_mac":"0","model":"iphone 3GS","deviceID":"890","telco_operator":" Ooredoo","cpu":"0","brand":"OPPO","userConsent":"0","internet_connectivity":"0","height":"456","architecture":"armv64","width":"456","resolution":"1440 x 2960","ram":"3.69 GB","sdkVersion":"22","product":"BKK-LX2","devMode":"0"}: Status code not OK,http://52.13.174.6/sheeda/admin/api/startNewAdSession_2 API has failed at 7 NotFound

{"appKey":"002229c00caf8829ed5d397ed1ed206d","osVersion":"9.0","orientation":"0","is_mac":"0","model":"GT-Nnnn0","deviceID":"685","telco_operator":"","cpu":"0","brand":"HUAWEI","userConsent":"0","internet_connectivity":"0","height":"374","architecture":"","width":"374","resolution":"1280x720","ram":"953,45 MB","sdkVersion":"26","product":"j7xeltexx","devMode":"0"}
cache_ttl value is correct

Refresh Ad Rate value is correct
mode value is set

 Aspect ratio value is correct
sentry_log value is set
local_logging value is set
sentry_initialization value is set
sentry_debugging value is set
showPreRewardedDialogue value is set
showPostRewardedDialogue value is set
isSkipable value is set
{"cache_ttl":10080,"cache_ttl_rewarded":10080,"cache_ttl_banner":10080,"cache_ttl_native":10080,"cache_ttl_icon":10080,"refreshAdRate":30,"mode":"Production","aspectRatio":"9_16","cdnPath":"https:\/\/df8ymybeo92md.cloudfront.net\/images\/","sentry_log":0,"local_logging":0,"sentry_dsn":"na","sentry_initialization":1,"sentry_debugging":0,"bannerSizes":[],"aspectRatioVideo":"9_16","app_id":"3924","showPreRewardedDialogue":0,"showPostRewardedDialogue":0,"rewardCurrency":"coins","rewardValue":0,"isSkipable":0,"privacyPolicyURL":"https:\/\/www.consoliads.com\/privacy-policy\/","sessionToken":"u1BVFtkHVs3gbtgRQyEQT5tqZKWgKRxAGyuzcBX\/cc8UUNBzNBnC\/9omVe2GzT2pv0Etng8gzlInX7ribRgpSxfb9fuDZePe1kvQaoqAGlMfjSE\/qFVUh1rhlc5HGRl2pz+iPLVUQqToGux6\/E8g9yRgQDbzUUJzN0+dfut\/rNs="}
Session token value is set


{"appKey":"0024e0cf2fab9340f501d54a2092c2b0","osVersion":"8.0","orientation":"0","is_mac":"0","model":"SM-Nnn0","deviceID":"839","telco_operator":"Azercell","cpu":"0","brand":"Xiaomi","userConsent":"0","internet_connectivity":"0","height":"435","architecture":"0","width":"435","resolution":"1196x720","ram":"3.51 GB ","sdkVersion":"2056","product":"mido","devMode":"0"}
cache_ttl value is correct

Title value is correct

Title value is correct

Title value is correct

Title value is correct

Title value is correct

Title value is correct

Refresh Ad Rate value is correct
mode value is set

 Aspect ratio value is correct
sentry_log value is set
local_logging value is set
sentry_initialization value is set
sentry_debugging value is set
showPreRewardedDialogue value is set
showPostRewardedDialogue value is set
isSkipable value is set
{"cache_ttl":10080,"cache_ttl_rewarded":10080,"cache_ttl_banner":10080,"cache_ttl_native":10080,"cache_ttl_icon":10080,"campaigns":[{"campaignID":"9013","attribution":0,"priority":"5","appToPromote":{"appToPromoteID":"16967","usesDefaultFrameImage":"0","usesDefaultCloseImage":"0","marketURL":"https:\/\/play.google.com\/store\/apps\/details?id=com.wpl.modern.flying.atv.bike.taxi.driving","packageID":"com.wpl.modern.flying.atv.bike.taxi.driving"},"showTemplate":1,"s2s_tracking_url":"https:\/\/play.google.com\/store\/apps\/details?id=com.wpl.modern.flying.atv.bike.taxi.driving","activeCreativeID":"4377","scenes":["12","1","8","6","15","2"],"campaignAdType":"Icon"},{"campaignID":"9015","attribution":0,"priority":"5","appToPromote":{"appToPromoteID":"12413","usesDefaultFrameImage":"0","usesDefaultCloseImage":"0","marketURL":"https:\/\/play.google.com\/store\/apps\/details?id=com.rbgs.us.police.car.stunts2019","packageID":"com.rbgs.us.police.car.stunts2019"},"showTemplate":1,"s2s_tracking_url":"https:\/\/play.google.com\/store\/apps\/details?id=com.rbgs.us.police.car.stunts2019","activeCreativeID":"4379","scenes":["12","1","8","6","15","2"],"campaignAdType":"Interstitial"},{"campaignID":"8520","attribution":0,"priority":"5","appToPromote":{"appToPromoteID":"13233","usesDefaultFrameImage":"0","usesDefaultCloseImage":"0","marketURL":"https:\/\/play.google.com\/store\/apps\/details?id=com.wpl.us.police.bike.driving.prisoner.transporter","packageID":"com.wpl.us.police.bike.driving.prisoner.transporter"},"showTemplate":1,"s2s_tracking_url":"https:\/\/play.google.com\/store\/apps\/details?id=com.wpl.us.police.bike.driving.prisoner.transporter","activeCreativeID":"4340","scenes":["12","1","8","6","15","2"],"campaignAdType":"Icon"},{"campaignID":"8723","attribution":0,"priority":"5","appToPromote":{"appToPromoteID":"13040","usesDefaultFrameImage":"0","usesDefaultCloseImage":"0","marketURL":"https:\/\/play.google.com\/store\/apps\/details?id=com.rbgs.sniper.gun.shooting.fps.border","packageID":"com.rbgs.sniper.gun.shooting.fps.border"},"showTemplate":1,"s2s_tracking_url":"https:\/\/play.google.com\/store\/apps\/details?id=com.rbgs.sniper.gun.shooting.fps.border","activeCreativeID":"4081","scenes":["12","1","8","6","15","2"],"campaignAdType":"Icon"},{"campaignID":"8765","attribution":0,"priority":"4","appToPromote":{"appToPromoteID":"13040","usesDefaultFrameImage":"0","usesDefaultCloseImage":"0","marketURL":"https:\/\/play.google.com\/store\/apps\/details?id=com.rbgs.sniper.gun.shooting.fps.border","packageID":"com.rbgs.sniper.gun.shooting.fps.border"},"showTemplate":1,"s2s_tracking_url":"https:\/\/play.google.com\/store\/apps\/details?id=com.rbgs.sniper.gun.shooting.fps.border","activeCreativeID":"4125","scenes":["12","1","8","6","15","2"],"campaignAdType":"Interstitial"},{"campaignID":"8934","attribution":0,"priority":"3","appToPromote":{"appToPromoteID":"12533","usesDefaultFrameImage":"0","usesDefaultCloseImage":"0","marketURL":"https:\/\/play.google.com\/store\/apps\/details?id=com.rbgs.monster.truck.car.crash.derby.stunts","packageID":"com.rbgs.monster.truck.car.crash.derby.stunts"},"showTemplate":1,"s2s_tracking_url":"https:\/\/play.google.com\/store\/apps\/details?id=com.rbgs.monster.truck.car.crash.derby.stunts","activeCreativeID":"4304","scenes":["12","1","8","6","15","2"],"campaignAdType":"Interstitial"},{"campaignID":"8519","attribution":0,"priority":"3","appToPromote":{"appToPromoteID":"13233","usesDefaultFrameImage":"0","usesDefaultCloseImage":"0","marketURL":"https:\/\/play.google.com\/store\/apps\/details?id=com.wpl.us.police.bike.driving.prisoner.transporter","packageID":"com.wpl.us.police.bike.driving.prisoner.transporter"},"showTemplate":1,"s2s_tracking_url":"https:\/\/play.google.com\/store\/apps\/details?id=com.wpl.us.police.bike.driving.prisoner.transporter","activeCreativeID":"3865","scenes":["12","1","8","6","15","2"],"campaignAdType":"Interstitial"},{"campaignID":"8814","attribution":0,"priority":"2","appToPromote":{"appToPromoteID":"13082","usesDefaultFrameImage":"0","usesDefaultCloseImage":"0","marketURL":"https:\/\/play.google.com\/store\/apps\/details?id=com.wpl.dirt.bike.extreme.racing.tricky.stunts&amp;referrer=utm_source=42matters.com&amp;utm_medium=api","packageID":"com.wpl.dirt.bike.extreme.racing.tricky.stunts"},"showTemplate":1,"s2s_tracking_url":"https:\/\/play.google.com\/store\/apps\/details?id=com.wpl.dirt.bike.extreme.racing.tricky.stunts&amp;referrer=utm_source=42matters.com&amp;utm_medium=api","activeCreativeID":"4178","scenes":["12","1","8","6","15","2"],"campaignAdType":"Interstitial"},{"campaignID":"8815","attribution":0,"priority":"2","appToPromote":{"appToPromoteID":"16967","usesDefaultFrameImage":"0","usesDefaultCloseImage":"0","marketURL":"https:\/\/play.google.com\/store\/apps\/details?id=com.wpl.modern.flying.atv.bike.taxi.driving","packageID":"com.wpl.modern.flying.atv.bike.taxi.driving"},"showTemplate":1,"s2s_tracking_url":"https:\/\/play.google.com\/store\/apps\/details?id=com.wpl.modern.flying.atv.bike.taxi.driving","activeCreativeID":"4179","scenes":["12","1","8","6","15","2"],"campaignAdType":"Interstitial"},{"campaignID":"8857","attribution":0,"priority":"2","appToPromote":{"appToPromoteID":"17051","usesDefaultFrameImage":"0","usesDefaultCloseImage":"0","marketURL":"https:\/\/play.google.com\/store\/apps\/details?id=com.wpl.police.parking.formula.car.simulator","packageID":"com.wpl.police.parking.formula.car.simulator"},"showTemplate":1,"s2s_tracking_url":"https:\/\/play.google.com\/store\/apps\/details?id=com.wpl.police.parking.formula.car.simulator","activeCreativeID":"4219","scenes":["12","1","8","6","15","2"],"campaignAdType":"Interstitial"},{"campaignID":"9249","attribution_link":"https:\/\/app.appsflyer.com\/com.lgn.gun.strike.war.train.shooting.games?pid=consoliads_int&amp;af_click_lookback=7d&amp;clickid=12812_9249_839&amp;android_id={android_id}&amp;sha1_android_id={sha1_android_id}&amp;advertising_id=839&amp;sha1_advertising_id=706a95706215cee24eedce10a14654c8763799cb&amp;af_keywords=2","attribution":1,"priority":"8","appToPromote":{"appToPromoteID":"13421","usesDefaultFrameImage":"0","usesDefaultCloseImage":"0","marketURL":"http:\/\/www.google.com","packageID":"com.appricot2d.testt"},"showTemplate":1,"s2s_tracking_url":"https:\/\/app.appsflyer.com\/com.lgn.gun.strike.war.train.shooting.games?pid=consoliads_int&amp;af_click_lookback=7d&amp;clickid=12812_9249_839&amp;android_id={android_id}&amp;sha1_android_id={sha1_android_id}&amp;advertising_id=839&amp;sha1_advertising_id=706a95706215cee24eedce10a14654c8763799cb&amp;af_keywords=2","activeCreativeID":"4679","scenes":["12","1","8","6","15","2"],"campaignAdType":"Interstitial"},{"campaignID":"9252","attribution":0,"priority":"8","appToPromote":{"appToPromoteID":"12315","usesDefaultFrameImage":"0","usesDefaultCloseImage":"0","marketURL":"google.com","packageID":"com.qabrand.plnative"},"showTemplate":1,"s2s_tracking_url":"google.com","activeCreativeID":"4683","scenes":["12","1","8","6","15","2"],"campaignAdType":"Native","title":"Native first","subTitle":"First ","description":"New description","adClickThroughText":"FIRST Button"},{"campaignID":"9253","attribution":0,"priority":"8","appToPromote":{"appToPromoteID":"12315","usesDefaultFrameImage":"0","usesDefaultCloseImage":"0","marketURL":"google.com","packageID":"com.qabrand.plnative"},"showTemplate":1,"s2s_tracking_url":"google.com","activeCreativeID":"4683","scenes":["12","1","8","6","15","2"],"campaignAdType":"Native","title":"Native first","subTitle":"First ","description":"New description","adClickThroughText":"FIRST Button"},{"campaignID":"9255","attribution":0,"priority":"8","appToPromote":{"appToPromoteID":"13274","usesDefaultFrameImage":"0","usesDefaultCloseImage":"0","marketURL":"https:\/\/play.google.com\/store\/apps\/details?id=com.facebook.katana","packageID":"com.salon.adsalon"},"showTemplate":1,"s2s_tracking_url":"https:\/\/play.google.com\/store\/apps\/details?id=com.facebook.katana","activeCreativeID":"4685","scenes":["12","1","8","6","15","2"],"campaignAdType":"Native","title":"native NA ","subTitle":"native NA ","description":"native NA added","adClickThroughText":"native NA "},{"campaignID":"9257","attribution":0,"priority":"8","appToPromote":{"appToPromoteID":"12286","usesDefaultFrameImage":"0","usesDefaultCloseImage":"0","marketURL":"google.com","packageID":"com.qabrand.Chartboost_Native"},"showTemplate":1,"s2s_tracking_url":"google.com","activeCreativeID":"4688","scenes":["12","1","8","6","15","2"],"campaignAdType":"Native","title":"Native second updated","subTitle":"Native second ","description":"Native second details","adClickThroughText":"Native second "},{"campaignID":"9261","attribution_link":"https:\/\/app.appsflyer.com\/com.lgn.gun.strike.war.train.shooting.games?pid=consoliads_int&amp;af_click_lookback=7d&amp;clickid=12812_9261_839&amp;android_id={android_id}&amp;sha1_android_id={sha1_android_id}&amp;advertising_id=839&amp;sha1_advertising_id=706a95706215cee24eedce10a14654c8763799cb&amp;af_keywords=2","attribution":1,"priority":"8","appToPromote":{"appToPromoteID":"13421","usesDefaultFrameImage":"0","usesDefaultCloseImage":"0","marketURL":"http:\/\/www.google.com","packageID":"com.appricot2d.testt"},"showTemplate":1,"s2s_tracking_url":"https:\/\/app.appsflyer.com\/com.lgn.gun.strike.war.train.shooting.games?pid=consoliads_int&amp;af_click_lookback=7d&amp;clickid=12812_9261_839&amp;android_id={android_id}&amp;sha1_android_id={sha1_android_id}&amp;advertising_id=839&amp;sha1_advertising_id=706a95706215cee24eedce10a14654c8763799cb&amp;af_keywords=2","activeCreativeID":"4692","scenes":["12","1","8","6","15","2"],"campaignAdType":"Interstitial"},{"campaignID":"9263","attribution":0,"priority":"8","appToPromote":{"appToPromoteID":"12315","usesDefaultFrameImage":"0","usesDefaultCloseImage":"0","marketURL":"google.com","packageID":"com.qabrand.plnative"},"showTemplate":1,"s2s_tracking_url":"google.com","activeCreativeID":"4694","scenes":["12","1","8","6","15","2"],"campaignAdType":"Native","title":"test","subTitle":"test","description":" test details update","adClickThroughText":"test"},{"campaignID":"9127","attribution":0,"priority":"8","appToPromote":{"appToPromoteID":"17528","usesDefaultFrameImage":"0","usesDefaultCloseImage":"0","marketURL":"https:\/\/play.google.com\/store\/apps\/details?id=net.one97.paytm","packageID":"net.one97.paytm"},"showTemplate":1,"s2s_tracking_url":"https:\/\/tha.gotrackier.com\/click?campaign_id=63249\\u0026pub_id=75?p1=12812_9127_839&amp;source=6841&amp;app_name=JetpackPoliceFlyingCarCitySurvival&amp;gaid=839","activeCreativeID":"4788","scenes":["12","1","8","6","15","2"],"campaignAdType":"Native","title":"BCA","subTitle":"FW","description":"nope","adClickThroughText":"Link"},{"campaignID":"9131","attribution":0,"priority":"8","appToPromote":{"appToPromoteID":"17532","usesDefaultFrameImage":"0","usesDefaultCloseImage":"0","marketURL":"https:\/\/play.google.com\/store\/apps\/details?id=com.dhgate.buyermob","packageID":"com.dhgate.buyermob"},"showTemplate":1,"s2s_tracking_url":"https:\/\/tha.gotrackier.com\/click?campaign_id=63254\\u0026pub_id=75?p1=12812_9131_839&amp;source=6841&amp;app_name=JetpackPoliceFlyingCarCitySurvival&amp;gaid=839","activeCreativeID":"4483","scenes":["12","1","8","6","15","2"],"campaignAdType":"Interstitial"},{"campaignID":"6620","attribution":0,"priority":"6","appToPromote":{"appToPromoteID":"12980","usesDefaultFrameImage":"0","usesDefaultCloseImage":"0","marketURL":"https:\/\/play.google.com\/store\/apps\/details?id=com.sx.cooking.cafe.restaurant","packageID":"com.sx.cooking.cafe.restaurant"},"showTemplate":1,"s2s_tracking_url":"https:\/\/play.google.com\/store\/apps\/details?id=com.sx.cooking.cafe.restaurant","activeCreativeID":"1702","scenes":["12","1","8","6","15","2"],"campaignAdType":"Interstitial"},{"campaignID":"8876","attribution":0,"priority":"5","appToPromote":{"appToPromoteID":"15640","usesDefaultFrameImage":"0","usesDefaultCloseImage":"0","marketURL":"https:\/\/play.google.com\/store\/apps\/details?id=com.pgz.police.bike.stunt.ramp.bike.racing.games","packageID":"com.pgz.police.bike.stunt.ramp.bike.racing.games"},"showTemplate":1,"s2s_tracking_url":"https:\/\/play.google.com\/store\/apps\/details?id=com.pgz.police.bike.stunt.ramp.bike.racing.games","activeCreativeID":"4236","scenes":["12","1","8","6","15","2"],"campaignAdType":"Interstitial"},{"campaignID":"6596","attribution":0,"priority":"5","appToPromote":{"appToPromoteID":"12980","usesDefaultFrameImage":"0","usesDefaultCloseImage":"0","marketURL":"https:\/\/play.google.com\/store\/apps\/details?id=com.sx.cooking.cafe.restaurant","packageID":"com.sx.cooking.cafe.restaurant"},"showTemplate":1,"s2s_tracking_url":"https:\/\/play.google.com\/store\/apps\/details?id=com.sx.cooking.cafe.restaurant","activeCreativeID":"1702","scenes":["12","1","8","6","15","2"],"campaignAdType":"Interstitial"}],"refreshAdRate":30,"mode":"Production","aspectRatio":"9_16","cdnPath":"https:\/\/df8ymybeo92md.cloudfront.net\/images\/","sentry_log":0,"local_logging":0,"sentry_dsn":"https:\/\/93ffa1c9a4124f67b8888a53265f751a:bbf998e04584477fa9a145838e9d3b26@sentry.io\/168994","sentry_initialization":1,"sentry_debugging":0,"bannerSizes":["5"],"aspectRatioVideo":"9_16","app_id":"12812","showPreRewardedDialogue":0,"showPostRewardedDialogue":0,"rewardCurrency":"coins","rewardValue":0,"isSkipable":0,"privacyPolicyURL":"https:\/\/www.consoliads.com\/privacy-policy\/","sessionToken":"3VIEzGQwmy0OWjmcMbwfPdrJrc+2He\/Kr+04qZPsLD47FFseqKnpSCdeRJAivpZvba3PzSQ5DKOclMHd1nxUZwbXI\/6zDKmGlVxI8\/GQ+fU5+kMUU+2CM3qY5ON68YY5AWBsgml\/x1JhysAjj32+DN2P33J\/M5LdI9cTHVdRES4="}
Session token value is set

mode value is set

 Aspect ratio value is correct
sentry_log value is set
Session token value is set


{"appKey":"0027615fb0048de87dc7e1257d65e397","osVersion":"6.0","orientation":"0","is_mac":"0","model":"GT-Snnn2","deviceID":"77","telco_operator":"Maroc","cpu":"0","brand":"vivo","userConsent":"0","internet_connectivity":"0","height":"130","architecture":"armv8l","width":"130","resolution":"1344x720","ram":"1.68 GB","sdkVersion":"39","product":"aosp_arm","devMode":"0"}
cache_ttl value is correct

Refresh Ad Rate value is correct
mode value is set

 Aspect ratio value is correct
sentry_log value is set
local_logging value is set
sentry_initialization value is set
sentry_debugging value is set
showPreRewardedDialogue value is set
showPostRewardedDialogue value is set
isSkipable value is set
{"cache_ttl":10080,"cache_ttl_rewarded":10080,"cache_ttl_banner":10080,"cache_ttl_native":10080,"cache_ttl_icon":10080,"refreshAdRate":30,"mode":"Production","aspectRatio":"9_16","cdnPath":"https:\/\/df8ymybeo92md.cloudfront.net\/images\/","sentry_log":0,"local_logging":0,"sentry_dsn":"https:\/\/93ffa1c9a4124f67b8888a53265f751a:bbf998e04584477fa9a145838e9d3b26@sentry.io\/168994","sentry_initialization":1,"sentry_debugging":0,"bannerSizes":["5"],"aspectRatioVideo":"9_16","app_id":"10879","showPreRewardedDialogue":0,"showPostRewardedDialogue":0,"rewardCurrency":"coins","rewardValue":0,"isSkipable":0,"privacyPolicyURL":"https:\/\/www.consoliads.com\/privacy-policy\/","sessionToken":"rc9LoIKS67uXS4LrSjwggMXUhKqeoyC+lAmXOsqz7v+Kl1jeskE0Ti8aYuIm9W7ITpW6e6xDTJi6nUe13ZVZ3x3zCXkgHOiVZuhZljz8M67y3QDKVWTzX1JsNa92OhDggBbWZZbPMEGAF6+TB5m91MPFMgeh2bDs1MhaBcWxQvE="}
Session token value is set

{"appKey":"002e4eb7df8262ad34b6daa98c13262f","osVersion":"5.0","orientation":"0","is_mac":"0","model":"xiaomi Mi 4s","deviceID":"513","telco_operator":"Telecom","cpu":"0","brand":"samsung","userConsent":"0","internet_connectivity":"0","height":"305","architecture":"armv7l,","width":"305","resolution":"1024x552","ram":"3.68 GB","sdkVersion":"22","product":"potter","devMode":"0"}: Status code not OK,http://52.13.174.6/sheeda/admin/api/startNewAdSession_2 API has failed at 12 NotFound

{"appKey":"0034c9287108a0865eec92973ab2cabf","osVersion":"4.4","orientation":"0","is_mac":"0","model":"E5673","deviceID":"277","telco_operator":"airtel","cpu":"0","brand":"realme","userConsent":"0","internet_connectivity":"0","height":"210","architecture":"aarch81","width":"210","resolution":"1387x720","ram":"2.75 GB","sdkVersion":"2151","product":"iPhone","devMode":"0"}
cache_ttl value is correct

Refresh Ad Rate value is correct
mode value is set

 Aspect ratio value is correct
sentry_log value is set
local_logging value is set
sentry_initialization value is set
sentry_debugging value is set
showPreRewardedDialogue value is set
showPostRewardedDialogue value is set
isSkipable value is set
{"cache_ttl":10080,"cache_ttl_rewarded":10080,"cache_ttl_banner":10080,"cache_ttl_native":10080,"cache_ttl_icon":10080,"refreshAdRate":30,"mode":"Production","aspectRatio":"9_16","cdnPath":"https:\/\/df8ymybeo92md.cloudfront.net\/images\/","sentry_log":0,"local_logging":0,"sentry_dsn":"na","sentry_initialization":1,"sentry_debugging":0,"bannerSizes":["1"],"aspectRatioVideo":"9_16","app_id":"15643","showPreRewardedDialogue":0,"showPostRewardedDialogue":0,"rewardCurrency":"coins","rewardValue":0,"isSkipable":1,"privacyPolicyURL":"https:\/\/www.consoliads.com\/privacy-policy\/","sessionToken":"fqEPLUGXR1hNo3wVkxU3iZug5+in\/gl\/2uRqYLBUe2A82frctG5KPVD+i8acdSXdF0uddHG1tLeYExG\/1F0vVsQQTMRTM6r6BvQwTNexjS+fSa6oGqdHEfD2EQzfR4B9B1CPr2L9PF\/YPdBomghppcuJ8s0rfi0Fh0NM2LYfkZY="}
Session token value is set


{"appKey":"003a31fb156ba9c1d390ff47ddd5f910","osVersion":"4.3","orientation":"0","is_mac":"0","model":"E3372","deviceID":"876","telco_operator":"Metfone","cpu":"0","brand":"iPhone","userConsent":"0","internet_connectivity":"0","height":"450","architecture":"aarch81","width":"450","resolution":"1080 x 1920","ram":"1,37 GB","sdkVersion":"2212","product":"LUA-U22","devMode":"0"}
cache_ttl value is correct

Title value is correct

Title value is correct

Title value is correct

Title value is correct

Title value is correct

Title value is correct

Refresh Ad Rate value is correct
mode value is set

 Aspect ratio value is correct
sentry_log value is set
local_logging value is set
sentry_initialization value is set
sentry_debugging value is set
showPreRewardedDialogue value is set
showPostRewardedDialogue value is set
isSkipable value is set
{"cache_ttl":10080,"cache_ttl_rewarded":10080,"cache_ttl_banner":10080,"cache_ttl_native":10080,"cache_ttl_icon":10080,"campaigns":[{"campaignID":"6979","attribution":0,"priority":"5","appToPromote":{"appToPromoteID":"13986","usesDefaultFrameImage":"0","usesDefaultCloseImage":"0","marketURL":"https:\/\/play.google.com\/store\/apps\/details?id=com.freezegames.dollhouse.design.craft.simulator&amp;referrer=utm_source=42matters.com&amp;utm_medium=api","packageID":"com.freezegames.dollhouse.design.craft.simulator"},"showTemplate":1,"s2s_tracking_url":"https:\/\/play.google.com\/store\/apps\/details?id=com.freezegames.dollhouse.design.craft.simulator&amp;referrer=utm_source=42matters.com&amp;utm_medium=api","activeCreativeID":"2098","scenes":["1"],"campaignAdType":"Icon"},{"campaignID":"7225","attribution":0,"priority":"5","appToPromote":{"appToPromoteID":"14160","usesDefaultFrameImage":"0","usesDefaultCloseImage":"0","marketURL":"https:\/\/play.google.com\/store\/apps\/details?id=com.freezegames.epic.bike.rider.racing.shooting","packageID":"com.freezegames.epic.bike.rider.racing.shooting"},"showTemplate":1,"s2s_tracking_url":"https:\/\/play.google.com\/store\/apps\/details?id=com.freezegames.epic.bike.rider.racing.shooting","activeCreativeID":"2361","scenes":["1","8"],"campaignAdType":"Interstitial"},{"campaignID":"7886","attribution":0,"priority":"5","appToPromote":{"appToPromoteID":"14271","usesDefaultFrameImage":"0","usesDefaultCloseImage":"0","marketURL":"https:\/\/play.google.com\/store\/apps\/details?id=com.bloggames.village.excavator.wood.house&amp;referrer=utm_source=42matters.com&amp;utm_medium=api","packageID":"com.bloggames.village.excavator.wood.house"},"showTemplate":1,"s2s_tracking_url":"https:\/\/play.google.com\/store\/apps\/details?id=com.bloggames.village.excavator.wood.house&amp;referrer=utm_source=42matters.com&amp;utm_medium=api","activeCreativeID":"3168","scenes":["1"],"campaignAdType":"Native","title":"Excavator Hut Construction","subTitle":"Heavy Excavator","description":"Village Excavator","adClickThroughText":"Download Now."},{"campaignID":"8323","attribution":0,"priority":"5","appToPromote":{"appToPromoteID":"14271","usesDefaultFrameImage":"0","usesDefaultCloseImage":"0","marketURL":"https:\/\/play.google.com\/store\/apps\/details?id=com.bloggames.village.excavator.wood.house&amp;referrer=utm_source=42matters.com&amp;utm_medium=api","packageID":"com.bloggames.village.excavator.wood.house"},"showTemplate":1,"s2s_tracking_url":"https:\/\/play.google.com\/store\/apps\/details?id=com.bloggames.village.excavator.wood.house&amp;referrer=utm_source=42matters.com&amp;utm_medium=api","activeCreativeID":"2224","scenes":["1","5","6","4"],"campaignAdType":"Interstitial"},{"campaignID":"8226","attribution":0,"priority":"8","appToPromote":{"appToPromoteID":"12623","usesDefaultFrameImage":"0","usesDefaultCloseImage":"0","marketURL":"https:\/\/play.google.com\/store\/apps\/details?id=com.igg.android.lordsmobile&amp;referrer=utm_source=42matters.com&amp;utm_medium=api","packageID":"com.nooribrand.android.lordsmobile"},"showTemplate":1,"s2s_tracking_url":"https:\/\/play.google.com\/store\/apps\/details?id=com.igg.android.lordsmobile&amp;referrer=utm_source=42matters.com&amp;utm_medium=api","activeCreativeID":"3557","scenes":["1","8","6","5","4"],"campaignAdType":"Icon"},{"campaignID":"8613","attribution":0,"priority":"8","appToPromote":{"appToPromoteID":"12623","usesDefaultFrameImage":"0","usesDefaultCloseImage":"0","marketURL":"https:\/\/play.google.com\/store\/apps\/details?id=com.igg.android.lordsmobile&amp;referrer=utm_source=42matters.com&amp;utm_medium=api","packageID":"com.nooribrand.android.lordsmobile"},"showTemplate":1,"s2s_tracking_url":"https:\/\/play.google.com\/store\/apps\/details?id=com.igg.android.lordsmobile&amp;referrer=utm_source=42matters.com&amp;utm_medium=api","activeCreativeID":"3557","scenes":["1","8","6","5","4"],"campaignAdType":"Icon"},{"campaignID":"9249","attribution_link":"https:\/\/app.appsflyer.com\/com.lgn.gun.strike.war.train.shooting.games?pid=consoliads_int&amp;af_click_lookback=7d&amp;clickid=13512_9249_876&amp;android_id={android_id}&amp;sha1_android_id={sha1_android_id}&amp;advertising_id=876&amp;sha1_advertising_id=f2edcbe307792dde01089478537248d17cba8620&amp;af_keywords=2","attribution":1,"priority":"8","appToPromote":{"appToPromoteID":"13421","usesDefaultFrameImage":"0","usesDefaultCloseImage":"0","marketURL":"http:\/\/www.google.com","packageID":"com.appricot2d.testt"},"showTemplate":1,"s2s_tracking_url":"https:\/\/app.appsflyer.com\/com.lgn.gun.strike.war.train.shooting.games?pid=consoliads_int&amp;af_click_lookback=7d&amp;clickid=13512_9249_876&amp;android_id={android_id}&amp;sha1_android_id={sha1_android_id}&amp;advertising_id=876&amp;sha1_advertising_id=f2edcbe307792dde01089478537248d17cba8620&amp;af_keywords=2","activeCreativeID":"4679","scenes":["1","8","6","5","4"],"campaignAdType":"Interstitial"},{"campaignID":"9252","attribution":0,"priority":"8","appToPromote":{"appToPromoteID":"12315","usesDefaultFrameImage":"0","usesDefaultCloseImage":"0","marketURL":"google.com","packageID":"com.qabrand.plnative"},"showTemplate":1,"s2s_tracking_url":"google.com","activeCreativeID":"4683","scenes":["1","8","6","5","4"],"campaignAdType":"Native","title":"Native first","subTitle":"First ","description":"New description","adClickThroughText":"FIRST Button"},{"campaignID":"9253","attribution":0,"priority":"8","appToPromote":{"appToPromoteID":"12315","usesDefaultFrameImage":"0","usesDefaultCloseImage":"0","marketURL":"google.com","packageID":"com.qabrand.plnative"},"showTemplate":1,"s2s_tracking_url":"google.com","activeCreativeID":"4683","scenes":["1","8","6","5","4"],"campaignAdType":"Native","title":"Native first","subTitle":"First ","description":"New description","adClickThroughText":"FIRST Button"},{"campaignID":"9255","attribution":0,"priority":"8","appToPromote":{"appToPromoteID":"13274","usesDefaultFrameImage":"0","usesDefaultCloseImage":"0","marketURL":"https:\/\/play.google.com\/store\/apps\/details?id=com.facebook.katana","packageID":"com.salon.adsalon"},"showTemplate":1,"s2s_tracking_url":"https:\/\/play.google.com\/store\/apps\/details?id=com.facebook.katana","activeCreativeID":"4685","scenes":["1","8","6","5","4"],"campaignAdType":"Native","title":"native NA ","subTitle":"native NA ","description":"native NA added","adClickThroughText":"native NA "},{"campaignID":"9257","attribution":0,"priority":"8","appToPromote":{"appToPromoteID":"12286","usesDefaultFrameImage":"0","usesDefaultCloseImage":"0","marketURL":"google.com","packageID":"com.qabrand.Chartboost_Native"},"showTemplate":1,"s2s_tracking_url":"google.com","activeCreativeID":"4688","scenes":["1","8","6","5","4"],"campaignAdType":"Native","title":"Native second updated","subTitle":"Native second ","description":"Native second details","adClickThroughText":"Native second "},{"campaignID":"9261","attribution_link":"https:\/\/app.appsflyer.com\/com.lgn.gun.strike.war.train.shooting.games?pid=consoliads_int&amp;af_click_lookback=7d&amp;clickid=13512_9261_876&amp;android_id={android_id}&amp;sha1_android_id={sha1_android_id}&amp;advertising_id=876&amp;sha1_advertising_id=f2edcbe307792dde01089478537248d17cba8620&amp;af_keywords=2","attribution":1,"priority":"8","appToPromote":{"appToPromoteID":"13421","usesDefaultFrameImage":"0","usesDefaultCloseImage":"0","marketURL":"http:\/\/www.google.com","packageID":"com.appricot2d.testt"},"showTemplate":1,"s2s_tracking_url":"https:\/\/app.appsflyer.com\/com.lgn.gun.strike.war.train.shooting.games?pid=consoliads_int&amp;af_click_lookback=7d&amp;clickid=13512_9261_876&amp;android_id={android_id}&amp;sha1_android_id={sha1_android_id}&amp;advertising_id=876&amp;sha1_advertising_id=f2edcbe307792dde01089478537248d17cba8620&amp;af_keywords=2","activeCreativeID":"4692","scenes":["1","8","6","5","4"],"campaignAdType":"Interstitial"},{"campaignID":"9263","attribution":0,"priority":"8","appToPromote":{"appToPromoteID":"12315","usesDefaultFrameImage":"0","usesDefaultCloseImage":"0","marketURL":"google.com","packageID":"com.qabrand.plnative"},"showTemplate":1,"s2s_tracking_url":"google.com","activeCreativeID":"4694","scenes":["1","8","6","5","4"],"campaignAdType":"Native","title":"test","subTitle":"test","description":" test details update","adClickThroughText":"test"},{"campaignID":"9131","attribution":0,"priority":"8","appToPromote":{"appToPromoteID":"17532","usesDefaultFrameImage":"0","usesDefaultCloseImage":"0","marketURL":"https:\/\/play.google.com\/store\/apps\/details?id=com.dhgate.buyermob","packageID":"com.dhgate.buyermob"},"showTemplate":1,"s2s_tracking_url":"https:\/\/tha.gotrackier.com\/click?campaign_id=63254\\u0026pub_id=75?p1=13512_9131_876&amp;source=6841&amp;app_name=VirtualVillageExcavatorSimulator&amp;gaid=876","activeCreativeID":"4483","scenes":["1","8","6","5","4"],"campaignAdType":"Interstitial"},{"campaignID":"561","attribution":0,"priority":"6","appToPromote":{"appToPromoteID":"5026","usesDefaultFrameImage":"0","usesDefaultCloseImage":"0","marketURL":"https:\/\/play.google.com\/store\/apps\/details?id=com.as.cashupapp","packageID":"com.as.cashupapp"},"showTemplate":1,"s2s_tracking_url":"https:\/\/play.google.com\/store\/apps\/details?id=com.as.cashupapp","activeCreativeID":"652","scenes":["1","8","6","5","4"],"campaignAdType":"Interstitial"},{"campaignID":"570","attribution":0,"priority":"6","appToPromote":{"appToPromoteID":"3802","usesDefaultFrameImage":"0","usesDefaultCloseImage":"0","marketURL":"https:\/\/play.google.com\/store\/apps\/details?id=com.Madxstudios.Flickshootsoccer","packageID":"com.Madxstudios.Flickshootsoccer"},"showTemplate":1,"s2s_tracking_url":"https:\/\/play.google.com\/store\/apps\/details?id=com.Madxstudios.Flickshootsoccer","activeCreativeID":"661","scenes":["1","8","6","5","4"],"campaignAdType":"Interstitial"},{"campaignID":"588","attribution":0,"priority":"6","appToPromote":{"appToPromoteID":"5026","usesDefaultFrameImage":"0","usesDefaultCloseImage":"0","marketURL":"https:\/\/play.google.com\/store\/apps\/details?id=com.as.cashupapp","packageID":"com.as.cashupapp"},"showTemplate":1,"s2s_tracking_url":"https:\/\/play.google.com\/store\/apps\/details?id=com.as.cashupapp","activeCreativeID":"652","scenes":["1","8","6","5","4"],"campaignAdType":"Interstitial"},{"campaignID":"6620","attribution":0,"priority":"6","appToPromote":{"appToPromoteID":"12980","usesDefaultFrameImage":"0","usesDefaultCloseImage":"0","marketURL":"https:\/\/play.google.com\/store\/apps\/details?id=com.sx.cooking.cafe.restaurant","packageID":"com.sx.cooking.cafe.restaurant"},"showTemplate":1,"s2s_tracking_url":"https:\/\/play.google.com\/store\/apps\/details?id=com.sx.cooking.cafe.restaurant","activeCreativeID":"1702","scenes":["1","8","6","5","4"],"campaignAdType":"Interstitial"},{"campaignID":"6596","attribution":0,"priority":"5","appToPromote":{"appToPromoteID":"12980","usesDefaultFrameImage":"0","usesDefaultCloseImage":"0","marketURL":"https:\/\/play.google.com\/store\/apps\/details?id=com.sx.cooking.cafe.restaurant","packageID":"com.sx.cooking.cafe.restaurant"},"showTemplate":1,"s2s_tracking_url":"https:\/\/play.google.com\/store\/apps\/details?id=com.sx.cooking.cafe.restaurant","activeCreativeID":"1702","scenes":["1","8","6","5","4"],"campaignAdType":"Interstitial"},{"campaignID":"414","attribution":0,"priority":"3","appToPromote":{"appToPromoteID":"3023","usesDefaultFrameImage":"0","usesDefaultCloseImage":"0","marketURL":"https:\/\/play.google.com\/store\/apps\/details?id=com.appricot2d.rolo.pet.parrot","packageID":"com.appricot2d.rolo.pet.parrot"},"showTemplate":1,"s2s_tracking_url":"https:\/\/play.google.com\/store\/apps\/details?id=com.appricot2d.rolo.pet.parrot","activeCreativeID":"385","scenes":["1","8","6","5","4"],"campaignAdType":"Interstitial"},{"campaignID":"559","attribution":0,"priority":"3","appToPromote":{"appToPromoteID":"3476","usesDefaultFrameImage":"0","usesDefaultCloseImage":"0","marketURL":"https:\/\/play.google.com\/store\/apps\/details?id=com.perspectivegames.real.impossible.tracks.stunts","packageID":"com.perspectivegames.real.impossible.tracks.stunts"},"showTemplate":1,"s2s_tracking_url":"https:\/\/play.google.com\/store\/apps\/details?id=com.perspectivegames.real.impossible.tracks.stunts","activeCreativeID":"649","scenes":["1","8","6","5","4"],"campaignAdType":"Interstitial"},{"campaignID":"741","attribution":0,"priority":"3","appToPromote":{"appToPromoteID":"5609","usesDefaultFrameImage":"0","usesDefaultCloseImage":"0","marketURL":"https:\/\/play.google.com\/store\/apps\/details?id=com.kick.gyroscopic.city.train.driver.simulator","packageID":"com.kick.gyroscopic.city.train.driver.simulator"},"showTemplate":1,"s2s_tracking_url":"https:\/\/play.google.com\/store\/apps\/details?id=com.kick.gyroscopic.city.train.driver.simulator","activeCreativeID":"753","scenes":["1","8","6","5","4"],"campaignAdType":"Interstitial"}],"refreshAdRate":30,"mode":"Production","aspectRatio":"9_16","cdnPath":"https:\/\/df8ymybeo92md.cloudfront.net\/images\/","sentry_log":0,"local_logging":0,"sentry_dsn":"https:\/\/93ffa1c9a4124f67b8888a53265f751a:bbf998e04584477fa9a145838e9d3b26@sentry.io\/168994","sentry_initialization":1,"sentry_debugging":0,"bannerSizes":["5","1"],"aspectRatioVideo":"9_16","app_id":"13512","showPreRewardedDialogue":0,"showPostRewardedDialogue":0,"rewardCurrency":"coins","rewardValue":0,"isSkipable":0,"privacyPolicyURL":"https:\/\/www.consoliads.com\/privacy-policy\/","sessionToken":"Bov8A3l37xB+i9FxMNZ098EOCeE2ONzPwJxC27dQ\/RuJINhlGLfJR+nxCHkhgNxewzijFTKsweSjYo92NxbJYxKlbsKqJFkpAwOgwIRYnIyFJc8lC1kP0R7ckOadfJFYTWrVBqVumTdawHYzF21zEzp\/nIehN8\/7eUMb6fbjzVU="}
Session token value is set


{"appKey":"003ac3c432ddccd02f2c4a27be8dfb95","osVersion":"4.2","orientation":"0","is_mac":"0","model":"iphone 3GS","deviceID":"759","telco_operator":" Ooredoo","cpu":"0","brand":"OPPO","userConsent":"0","internet_connectivity":"0","height":"403","architecture":"armv64","width":"403","resolution":"1440 x 2960","ram":"3.69 GB","sdkVersion":"39","product":"BKK-LX2","devMode":"0"}
cache_ttl value is correct

Refresh Ad Rate value is correct
mode value is set

 Aspect ratio value is correct
sentry_log value is set
local_logging value is set
sentry_initialization value is set
sentry_debugging value is set
showPreRewardedDialogue value is set
showPostRewardedDialogue value is set
isSkipable value is set
{"cache_ttl":10080,"cache_ttl_rewarded":10080,"cache_ttl_banner":10080,"cache_ttl_native":10080,"cache_ttl_icon":10080,"refreshAdRate":30,"mode":"Production","aspectRatio":"9_16","cdnPath":"https:\/\/df8ymybeo92md.cloudfront.net\/images\/","sentry_log":0,"local_logging":0,"sentry_dsn":"https:\/\/93ffa1c9a4124f67b8888a53265f751a:bbf998e04584477fa9a145838e9d3b26@sentry.io\/168994","sentry_initialization":1,"sentry_debugging":0,"bannerSizes":["5"],"aspectRatioVideo":"9_16","app_id":"8537","showPreRewardedDialogue":0,"showPostRewardedDialogue":0,"rewardCurrency":"coins","rewardValue":0,"isSkipable":0,"privacyPolicyURL":"https:\/\/www.consoliads.com\/privacy-policy\/","sessionToken":"D+jSAk43uM0hNt9K0dIfq+O5fp2dWoWTN7BOzslLQOF8C31fgu2s0BiHXM4UTM0cagqHSGga4qWSV4X24v\/BodX\/+wSRInM7OvuywHqWvDkFLxB+O5\/8VDG6CASnt\/3MEGrVIKn2Qd1CxNp\/BrgvGITTUv2CfgtqtekP9yH9x+0="}
Session token value is set


{"appKey":"003e87daef54e5a06f16b09d011f49c0","osVersion":"9.0","orientation":"0","is_mac":"0","model":"GT-Nnnn0","deviceID":"717","telco_operator":"","cpu":"0","brand":"HUAWEI","userConsent":"0","internet_connectivity":"0","height":"387","architecture":"","width":"387","resolution":"1280x720","ram":"953,45 MB","sdkVersion":"2106","product":"j7xeltexx","devMode":"0"}
cache_ttl value is correct

Title value is correct

Refresh Ad Rate value is correct
mode value is set

 Aspect ratio value is correct
sentry_log value is set
local_logging value is set
sentry_initialization value is set
sentry_debugging value is set
showPreRewardedDialogue value is set
showPostRewardedDialogue value is set
isSkipable value is set
{"cache_ttl":10080,"cache_ttl_rewarded":10080,"cache_ttl_banner":10080,"cache_ttl_native":10080,"cache_ttl_icon":10080,"campaigns":[{"campaignID":0,"priority":10,"appToPromote":{"appToPromoteID":0,"usesDefaultFrameImage":"1","usesDefaultCloseImage":"1","packageID":"testPackage"},"showTemplate":2,"activeCreativeID":0,"campaignAdType":"Interstitial","scenes":["1","2","6","5","4","13","14"]},{"campaignID":0,"priority":10,"appToPromote":{"appToPromoteID":0,"usesDefaultFrameImage":"1","usesDefaultCloseImage":"1","packageID":"testPackage"},"showTemplate":2,"activeCreativeID":0,"campaignAdType":"Video","scenes":["1","2","6","5","4","13","14"]},{"campaignID":0,"priority":10,"appToPromote":{"appToPromoteID":0,"usesDefaultFrameImage":"1","usesDefaultCloseImage":"1","packageID":"testPackage"},"showTemplate":2,"activeCreativeID":0,"campaignAdType":"Rewarded Video","scenes":["1","2","6","5","4","13","14"]},{"campaignID":0,"priority":10,"appToPromote":{"appToPromoteID":0,"usesDefaultFrameImage":"1","usesDefaultCloseImage":"1","marketURL":"https:\/\/play.google.com","packageID":"testPackage"},"showTemplate":2,"activeCreativeID":0,"campaignAdType":"Banner","scenes":["1","2","6","5","4","13","14"]},{"campaignID":0,"priority":10,"appToPromote":{"appToPromoteID":0,"usesDefaultFrameImage":"1","usesDefaultCloseImage":"1","marketURL":"https:\/\/play.google.com","packageID":"testPackage"},"showTemplate":2,"activeCreativeID":0,"campaignAdType":"Native","title":"Test Title","subTitle":"Test Subtitle","description":"This is test description","adChoicesLink":"www.google.com","adClickThroughText":"Open Link","scenes":["1","2","6","5","4","13","14"]},{"campaignID":0,"priority":10,"appToPromote":{"appToPromoteID":0,"usesDefaultFrameImage":"1","usesDefaultCloseImage":"1","marketURL":"https:\/\/play.google.com","packageID":"testPackage"},"showTemplate":2,"activeCreativeID":0,"campaignAdType":"Icon","scenes":["1","2","6","5","4","13","14"]}],"refreshAdRate":30,"mode":"Production","aspectRatio":"9_16","cdnPath":"https:\/\/df8ymybeo92md.cloudfront.net\/images\/","sentry_log":0,"local_logging":0,"sentry_dsn":"https:\/\/93ffa1c9a4124f67b8888a53265f751a:bbf998e04584477fa9a145838e9d3b26@sentry.io\/168994","sentry_initialization":1,"sentry_debugging":0,"bannerSizes":[],"aspectRatioVideo":"9_16","app_id":"13355","showPreRewardedDialogue":0,"showPostRewardedDialogue":0,"rewardCurrency":"coins","rewardValue":0,"isSkipable":1,"privacyPolicyURL":"https:\/\/www.consoliads.com\/privacy-policy\/","sessionToken":"lnbjgWnBo3VMo9nxbLbiLx+6eFgEmkXBDO51cFNAZIOUc\/wTPoBASQCe\/mJO6VkQ4HHqBT\/ez9kZlza2jz99UtnQU6JOPWVf7q7iP5zsCpae0GxOXGA\/JdFioXcOqya7uGIVKresO5LpSFrRBgOpBCeHHBpFJUx9roQPfRYkAZo="}
Session token value is set


{"appKey":"0044e5eb4358836589c2b67d0194a6d4","osVersion":"8.0","orientation":"0","is_mac":"0","model":"SM-Nnn0","deviceID":"512","telco_operator":"Azercell","cpu":"0","brand":"Xiaomi","userConsent":"0","internet_connectivity":"0","height":"305","architecture":"0","width":"305","resolution":"1196x720","ram":"3.51 GB ","sdkVersion":"2216","product":"mido","devMode":"0"}
cache_ttl value is correct

Refresh Ad Rate value is correct
mode value is set

 Aspect ratio value is correct
sentry_log value is set
local_logging value is set
sentry_initialization value is set
sentry_debugging value is set
showPreRewardedDialogue value is set
showPostRewardedDialogue value is set
isSkipable value is set
{"cache_ttl":10080,"cache_ttl_rewarded":10080,"cache_ttl_banner":10080,"cache_ttl_native":10080,"cache_ttl_icon":10080,"refreshAdRate":30,"mode":"Production","aspectRatio":"9_16","cdnPath":"https:\/\/df8ymybeo92md.cloudfront.net\/images\/","sentry_log":0,"local_logging":0,"sentry_dsn":"https:\/\/93ffa1c9a4124f67b8888a53265f751a:bbf998e04584477fa9a145838e9d3b26@sentry.io\/168994","sentry_initialization":1,"sentry_debugging":0,"bannerSizes":["5"],"aspectRatioVideo":"9_16","app_id":"10739","showPreRewardedDialogue":0,"showPostRewardedDialogue":0,"rewardCurrency":"coins","rewardValue":0,"isSkipable":0,"privacyPolicyURL":"https:\/\/www.consoliads.com\/privacy-policy\/","sessionToken":"9GCs33SdCHL0SIU140UjpEGI5SlCj9sHlPtfl1ouiS02hbLwSVYzlAWJ5HD+DrVUchO4o7LQT1RM295GjoEFm4f0Hd3vWyNQiifRmdEi3ZI9VAf7femEF92vRmp4pYgK6TOH\/3W+v4WaIWWp3KY6fzb0sYwFEMu+uV7WC8EvFa0="}
Session token value is set


{"appKey":"00471fdb26ac4c7ad99fd12b01a9c598","osVersion":"7.0","orientation":"0","is_mac":"0","model":"GT-Snnn0","deviceID":"468","telco_operator":"Oi","cpu":"0","brand":"HONOR","userConsent":"0","internet_connectivity":"0","height":"287","architecture":"aarch64","width":"287","resolution":"1436x720","ram":"1.77 GB","sdkVersion":"39","product":"STK-L21M","devMode":"0"}
cache_ttl value is correct

Refresh Ad Rate value is correct
mode value is set

 Aspect ratio value is correct
sentry_log value is set
local_logging value is set
sentry_initialization value is set
sentry_debugging value is set
showPreRewardedDialogue value is set
showPostRewardedDialogue value is set
isSkipable value is set
{"cache_ttl":10080,"cache_ttl_rewarded":10080,"cache_ttl_banner":10080,"cache_ttl_native":10080,"cache_ttl_icon":10080,"refreshAdRate":30,"mode":"Production","aspectRatio":"9_16","cdnPath":"https:\/\/df8ymybeo92md.cloudfront.net\/images\/","sentry_log":0,"local_logging":0,"sentry_dsn":"https:\/\/e6dcd89483ae4d13b0f42ed3810d8d62:078421c4ad3d43f19885b30828ce7ee6@sentry.io\/187776","sentry_initialization":1,"sentry_debugging":0,"bannerSizes":[],"aspectRatioVideo":"9_16","app_id":"2846","showPreRewardedDialogue":0,"showPostRewardedDialogue":0,"rewardCurrency":"coins","rewardValue":0,"isSkipable":0,"privacyPolicyURL":"https:\/\/www.consoliads.com\/privacy-policy\/","sessionToken":"3Cz8ufU9hHFfbZ2nAvgsPtmT1aU2yYpf8nwYFFFG2wtRngo+Uc7\/dqV0lJEU6QZ2IlWEqxms2PWC\/k0MQ88qD2gxxkS1p0FohQHfDrThWmQhno814Qr6y6pnI4VZ1+IUWQgfMflcB\/8M1SsIptdJ776280\/EMQIUE214XGKruBA="}
Session token value is set


{"appKey":"0052e87419f4d976c138fb3c086c6074","osVersion":"6.0","orientation":"0","is_mac":"0","model":"GT-Snnn2","deviceID":"175","telco_operator":"Maroc","cpu":"0","brand":"vivo","userConsent":"0","internet_connectivity":"0","height":"170","architecture":"armv8l","width":"170","resolution":"1344x720","ram":"1.68 GB","sdkVersion":"2151","product":"aosp_arm","devMode":"0"}
cache_ttl value is correct

Refresh Ad Rate value is correct
mode value is set

 Aspect ratio value is correct
sentry_log value is set
local_logging value is set
sentry_initialization value is set
sentry_debugging value is set
showPreRewardedDialogue value is set
showPostRewardedDialogue value is set
isSkipable value is set
{"cache_ttl":10080,"cache_ttl_rewarded":10080,"cache_ttl_banner":10080,"cache_ttl_native":10080,"cache_ttl_icon":10080,"refreshAdRate":30,"mode":"Production","aspectRatio":"9_16","cdnPath":"https:\/\/df8ymybeo92md.cloudfront.net\/images\/","sentry_log":0,"local_logging":0,"sentry_dsn":"https:\/\/93ffa1c9a4124f67b8888a53265f751a:bbf998e04584477fa9a145838e9d3b26@sentry.io\/168994","sentry_initialization":1,"sentry_debugging":0,"bannerSizes":["5","1","2"],"aspectRatioVideo":"9_16","app_id":"5330","showPreRewardedDialogue":0,"showPostRewardedDialogue":0,"rewardCurrency":"coins","rewardValue":0,"isSkipable":1,"privacyPolicyURL":"https:\/\/www.consoliads.com\/privacy-policy\/","sessionToken":"9P1iLvPPVPIGniywFymdtnPQkyg\/kKaGlSMd\/ZoR3M\/+XyodRmyCDvzLRGwjUPEIcMihnO3Fk08KdV7FMPDmyUI0CYdY1QofI0bwH6SCFQTR0F+Nc7xJPRG4Ld2Iyidt2N0jlsjLE93z52gOH0dTIpuZb3OXDp6X2tSu9FcRIag="}
Session token value is set

mode value is set

 Aspect ratio value is correct
sentry_log value is set
Session token value is set


{"appKey":"005a1d7bbcf1906ecde3fbb61ad53ac3","osVersion":"4.4","orientation":"0","is_mac":"0","model":"E5673","deviceID":"818","telco_operator":"airtel","cpu":"0","brand":"realme","userConsent":"0","internet_connectivity":"0","height":"427","architecture":"aarch81","width":"427","resolution":"1387x720","ram":"2.75 GB","sdkVersion":"2056","product":"iPhone","devMode":"0"}
cache_ttl value is correct

Title value is correct

Title value is correct

Refresh Ad Rate value is correct
mode value is set

 Aspect ratio value is correct
sentry_log value is set
local_logging value is set
sentry_initialization value is set
sentry_debugging value is set
showPreRewardedDialogue value is set
showPostRewardedDialogue value is set
isSkipable value is set
{"cache_ttl":10080,"cache_ttl_rewarded":10080,"cache_ttl_banner":10080,"cache_ttl_native":10080,"cache_ttl_icon":10080,"campaigns":[{"campaignID":"8900","attribution":0,"priority":"5","appToPromote":{"appToPromoteID":"17241","usesDefaultFrameImage":"0","usesDefaultCloseImage":"0","marketURL":"https:\/\/play.google.com\/store\/apps\/details?id=com.foggy.robot.bike.race.bike.stunts","packageID":"com.turbo.dreamz.robotbikestuntvideo"},"showTemplate":1,"s2s_tracking_url":"https:\/\/play.google.com\/store\/apps\/details?id=com.foggy.robot.bike.race.bike.stunts","activeCreativeID":"4269","scenes":["13","1","2","9","8"],"campaignAdType":"Video"},{"campaignID":"9000","attribution":0,"priority":"3","appToPromote":{"appToPromoteID":"17384","usesDefaultFrameImage":"0","usesDefaultCloseImage":"0","marketURL":"https:\/\/play.google.com\/store\/apps\/details?id=com.goldenguns.fps.shooter.strike","packageID":"com.goldenguns.fps.shooter.strike"},"showTemplate":1,"s2s_tracking_url":"https:\/\/play.google.com\/store\/apps\/details?id=com.goldenguns.fps.shooter.strike","activeCreativeID":"4362","scenes":["13","1","2","9","8"],"campaignAdType":"Icon"},{"campaignID":"9001","attribution":0,"priority":"3","appToPromote":{"appToPromoteID":"16265","usesDefaultFrameImage":"0","usesDefaultCloseImage":"0","marketURL":"https:\/\/play.google.com\/store\/apps\/details?id=com.backstreet.truck.parking.car.stunts.impossible.tracks","packageID":"com.backstreet.truck.parking.car.stunts.impossible.tracks"},"showTemplate":1,"s2s_tracking_url":"https:\/\/play.google.com\/store\/apps\/details?id=com.backstreet.truck.parking.car.stunts.impossible.tracks","activeCreativeID":"4365","scenes":["13","1","2","9","8"],"campaignAdType":"Icon"},{"campaignID":"8252","attribution":0,"priority":"3","appToPromote":{"appToPromoteID":"16074","usesDefaultFrameImage":"0","usesDefaultCloseImage":"0","marketURL":"https:\/\/play.google.com\/store\/apps\/details?id=com.backstreet.flying.phoenix.robot.war.robot.hero","packageID":"com.backstreet.flying.phoenix.robot.war.robot.hero"},"showTemplate":1,"s2s_tracking_url":"https:\/\/play.google.com\/store\/apps\/details?id=com.backstreet.flying.phoenix.robot.war.robot.hero","activeCreativeID":"3584","scenes":["13","1","2","9","8"],"campaignAdType":"Icon"},{"campaignID":"8612","attribution":0,"priority":"3","appToPromote":{"appToPromoteID":"16725","usesDefaultFrameImage":"0","usesDefaultCloseImage":"0","marketURL":"https:\/\/play.google.com\/store\/apps\/details?id=com.goldenguns.dinosaur.transport.animal.truck","packageID":"com.goldenguns.dinosaur.transport.animal.truck"},"showTemplate":1,"s2s_tracking_url":"https:\/\/play.google.com\/store\/apps\/details?id=com.goldenguns.dinosaur.transport.animal.truck","activeCreativeID":"3968","scenes":["13","1","2","9","8"],"campaignAdType":"Icon"},{"campaignID":"8684","attribution":0,"priority":"3","appToPromote":{"appToPromoteID":"16825","usesDefaultFrameImage":"0","usesDefaultCloseImage":"0","marketURL":"https:\/\/play.google.com\/store\/apps\/details?id=com.foggy.robot.bike.race.bike.stunts","packageID":"com.turbo.dreamz.robotbikefs"},"showTemplate":1,"s2s_tracking_url":"https:\/\/play.google.com\/store\/apps\/details?id=com.foggy.robot.bike.race.bike.stunts","activeCreativeID":"4242","scenes":["13","1","2","9","8"],"campaignAdType":"Icon"},{"campaignID":"8785","attribution":0,"priority":"3","appToPromote":{"appToPromoteID":"16883","usesDefaultFrameImage":"0","usesDefaultCloseImage":"0","marketURL":"https:\/\/play.google.com\/store\/apps\/details?id=com.goldenguns.dolphin.robot.transform.robotwar.robotgames","packageID":"com.goldenguns.dolphin.robot.transform.robotwar.robotgames"},"showTemplate":1,"s2s_tracking_url":"https:\/\/play.google.com\/store\/apps\/details?id=com.goldenguns.dolphin.robot.transform.robotwar.robotgames","activeCreativeID":"4145","scenes":["13","1","2","9","8"],"campaignAdType":"Icon"},{"campaignID":"8875","attribution":0,"priority":"3","appToPromote":{"appToPromoteID":"16463","usesDefaultFrameImage":"0","usesDefaultCloseImage":"0","marketURL":"https:\/\/play.google.com\/store\/apps\/details?id=com.brilliantgamez.impossibletracks.moderncar.ramp.car.stunts","packageID":"com.brilliantgamez.impossibletracks.moderncar.ramp.car.stunts"},"showTemplate":1,"s2s_tracking_url":"https:\/\/play.google.com\/store\/apps\/details?id=com.brilliantgamez.impossibletracks.moderncar.ramp.car.stunts","activeCreativeID":"4235","scenes":["13","1","2","9","8"],"campaignAdType":"Video"},{"campaignID":"8899","attribution":0,"priority":"2","appToPromote":{"appToPromoteID":"16988","usesDefaultFrameImage":"0","usesDefaultCloseImage":"0","marketURL":"https:\/\/play.google.com\/store\/apps\/details?id=com.tricktale.car.stunts.racingfree.impossiblecarstunts","packageID":"com.tricktale.car.stunts.racingfree.impossiblecarstunts"},"showTemplate":1,"s2s_tracking_url":"https:\/\/play.google.com\/store\/apps\/details?id=com.tricktale.car.stunts.racingfree.impossiblecarstunts","activeCreativeID":"4268","scenes":["13","1","2","9","8"],"campaignAdType":"Video"},{"campaignID":"8931","attribution":0,"priority":"2","appToPromote":{"appToPromoteID":"17359","usesDefaultFrameImage":"0","usesDefaultCloseImage":"0","marketURL":"https:\/\/play.google.com\/store\/apps\/details?id=com.foggy.rally.car.stunts.ramp.car.stunt","packageID":"com.FoggyStudios520.RallyCarStunt"},"showTemplate":1,"s2s_tracking_url":"https:\/\/play.google.com\/store\/apps\/details?id=com.foggy.rally.car.stunts.ramp.car.stunt","activeCreativeID":"4301","scenes":["13","1","2","9","8"],"campaignAdType":"Icon"},{"campaignID":"8935","attribution":0,"priority":"2","appToPromote":{"appToPromoteID":"17120","usesDefaultFrameImage":"0","usesDefaultCloseImage":"0","marketURL":"https:\/\/play.google.com\/store\/apps\/details?id=com.goldenguns.army.car.stunts.racing.ramp.car.stunt.impossibletracks","packageID":"com.goldenguns.army.car.stunts.racing.ramp.car.stunt.impossibletracks"},"showTemplate":1,"s2s_tracking_url":"https:\/\/play.google.com\/store\/apps\/details?id=com.goldenguns.army.car.stunts.racing.ramp.car.stunt.impossibletracks","activeCreativeID":"4305","scenes":["13","1","2","9","8"],"campaignAdType":"Icon"},{"campaignID":"8936","attribution":0,"priority":"2","appToPromote":{"appToPromoteID":"17120","usesDefaultFrameImage":"0","usesDefaultCloseImage":"0","marketURL":"https:\/\/play.google.com\/store\/apps\/details?id=com.goldenguns.army.car.stunts.racing.ramp.car.stunt.impossibletracks","packageID":"com.goldenguns.army.car.stunts.racing.ramp.car.stunt.impossibletracks"},"showTemplate":1,"s2s_tracking_url":"https:\/\/play.google.com\/store\/apps\/details?id=com.goldenguns.army.car.stunts.racing.ramp.car.stunt.impossibletracks","activeCreativeID":"4306","scenes":["13","1","2","9","8"],"campaignAdType":"Video"},{"campaignID":"8616","attribution":0,"priority":"2","appToPromote":{"appToPromoteID":"16725","usesDefaultFrameImage":"0","usesDefaultCloseImage":"0","marketURL":"https:\/\/play.google.com\/store\/apps\/details?id=com.goldenguns.dinosaur.transport.animal.truck","packageID":"com.goldenguns.dinosaur.transport.animal.truck"},"showTemplate":1,"s2s_tracking_url":"https:\/\/play.google.com\/store\/apps\/details?id=com.goldenguns.dinosaur.transport.animal.truck","activeCreativeID":"3971","scenes":["13","1","2","9","8"],"campaignAdType":"Video"},{"campaignID":"8626","attribution":0,"priority":"2","appToPromote":{"appToPromoteID":"16074","usesDefaultFrameImage":"0","usesDefaultCloseImage":"0","marketURL":"https:\/\/play.google.com\/store\/apps\/details?id=com.backstreet.flying.phoenix.robot.war.robot.hero","packageID":"com.backstreet.flying.phoenix.robot.war.robot.hero"},"showTemplate":1,"s2s_tracking_url":"https:\/\/play.google.com\/store\/apps\/details?id=com.backstreet.flying.phoenix.robot.war.robot.hero","activeCreativeID":"3983","scenes":["13","1","2","9","8"],"campaignAdType":"Video"},{"campaignID":"8809","attribution":0,"priority":"2","appToPromote":{"appToPromoteID":"16883","usesDefaultFrameImage":"0","usesDefaultCloseImage":"0","marketURL":"https:\/\/play.google.com\/store\/apps\/details?id=com.goldenguns.dolphin.robot.transform.robotwar.robotgames","packageID":"com.goldenguns.dolphin.robot.transform.robotwar.robotgames"},"showTemplate":1,"s2s_tracking_url":"https:\/\/play.google.com\/store\/apps\/details?id=com.goldenguns.dolphin.robot.transform.robotwar.robotgames","activeCreativeID":"4171","scenes":["13","1","2","9","8"],"campaignAdType":"Video"},{"campaignID":"8874","attribution":0,"priority":"2","appToPromote":{"appToPromoteID":"16463","usesDefaultFrameImage":"0","usesDefaultCloseImage":"0","marketURL":"https:\/\/play.google.com\/store\/apps\/details?id=com.brilliantgamez.impossibletracks.moderncar.ramp.car.stunts","packageID":"com.brilliantgamez.impossibletracks.moderncar.ramp.car.stunts"},"showTemplate":1,"s2s_tracking_url":"https:\/\/play.google.com\/store\/apps\/details?id=com.brilliantgamez.impossibletracks.moderncar.ramp.car.stunts","activeCreativeID":"4234","scenes":["13","1","2","9","8"],"campaignAdType":"Icon"},{"campaignID":"8579","attribution":0,"priority":"1","appToPromote":{"appToPromoteID":"16145","usesDefaultFrameImage":"0","usesDefaultCloseImage":"0","marketURL":"https:\/\/play.google.com\/store\/apps\/details?id=com.backstreet.gun.strike.counter.terrorist.fps.shooting","packageID":"com.backstreet.gun.strike.counter.terrorist.fps.shooting"},"showTemplate":1,"s2s_tracking_url":"https:\/\/play.google.com\/store\/apps\/details?id=com.backstreet.gun.strike.counter.terrorist.fps.shooting","activeCreativeID":"3937","scenes":["13","1","2","9","8"],"campaignAdType":"Icon"},{"campaignID":"8580","attribution":0,"priority":"1","appToPromote":{"appToPromoteID":"16145","usesDefaultFrameImage":"0","usesDefaultCloseImage":"0","marketURL":"https:\/\/play.google.com\/store\/apps\/details?id=com.backstreet.gun.strike.counter.terrorist.fps.shooting","packageID":"com.backstreet.gun.strike.counter.terrorist.fps.shooting"},"showTemplate":1,"s2s_tracking_url":"https:\/\/play.google.com\/store\/apps\/details?id=com.backstreet.gun.strike.counter.terrorist.fps.shooting","activeCreativeID":"3938","scenes":["13","1","2","9","8"],"campaignAdType":"Video"},{"campaignID":"9249","attribution_link":"https:\/\/app.appsflyer.com\/com.lgn.gun.strike.war.train.shooting.games?pid=consoliads_int&amp;af_click_lookback=7d&amp;clickid=16181_9249_818&amp;android_id={android_id}&amp;sha1_android_id={sha1_android_id}&amp;advertising_id=818&amp;sha1_advertising_id=37a53dc01b25a87e9cb4d985a8516a070fd39667&amp;af_keywords=2","attribution":1,"priority":"8","appToPromote":{"appToPromoteID":"13421","usesDefaultFrameImage":"0","usesDefaultCloseImage":"0","marketURL":"http:\/\/www.google.com","packageID":"com.appricot2d.testt"},"showTemplate":1,"s2s_tracking_url":"https:\/\/app.appsflyer.com\/com.lgn.gun.strike.war.train.shooting.games?pid=consoliads_int&amp;af_click_lookback=7d&amp;clickid=16181_9249_818&amp;android_id={android_id}&amp;sha1_android_id={sha1_android_id}&amp;advertising_id=818&amp;sha1_advertising_id=37a53dc01b25a87e9cb4d985a8516a070fd39667&amp;af_keywords=2","activeCreativeID":"4679","scenes":["13","1","2","9","8"],"campaignAdType":"Interstitial"},{"campaignID":"9252","attribution":0,"priority":"8","appToPromote":{"appToPromoteID":"12315","usesDefaultFrameImage":"0","usesDefaultCloseImage":"0","marketURL":"google.com","packageID":"com.qabrand.plnative"},"showTemplate":1,"s2s_tracking_url":"google.com","activeCreativeID":"4683","scenes":["13","1","2","9","8"],"campaignAdType":"Native","title":"Native first","subTitle":"First ","description":"New description","adClickThroughText":"FIRST Button"},{"campaignID":"9127","attribution":0,"priority":"8","appToPromote":{"appToPromoteID":"17528","usesDefaultFrameImage":"0","usesDefaultCloseImage":"0","marketURL":"https:\/\/play.google.com\/store\/apps\/details?id=net.one97.paytm","packageID":"net.one97.paytm"},"showTemplate":1,"s2s_tracking_url":"https:\/\/tha.gotrackier.com\/click?campaign_id=63249\\u0026pub_id=75?p1=16181_9127_818&amp;source=6841&amp;app_name=AmbulanceStuntsMegaRamp&amp;gaid=818","activeCreativeID":"4788","scenes":["13","1","2","9","8"],"campaignAdType":"Native","title":"BCA","subTitle":"FW","description":"nope","adClickThroughText":"Link"},{"campaignID":"9131","attribution":0,"priority":"8","appToPromote":{"appToPromoteID":"17532","usesDefaultFrameImage":"0","usesDefaultCloseImage":"0","marketURL":"https:\/\/play.google.com\/store\/apps\/details?id=com.dhgate.buyermob","packageID":"com.dhgate.buyermob"},"showTemplate":1,"s2s_tracking_url":"https:\/\/tha.gotrackier.com\/click?campaign_id=63254\\u0026pub_id=75?p1=16181_9131_818&amp;source=6841&amp;app_name=AmbulanceStuntsMegaRamp&amp;gaid=818","activeCreativeID":"4483","scenes":["13","1","2","9","8"],"campaignAdType":"Interstitial"}],"refreshAdRate":30,"mode":"Production","aspectRatio":"9_16","cdnPath":"https:\/\/df8ymybeo92md.cloudfront.net\/images\/","sentry_log":0,"local_logging":0,"sentry_dsn":"https:\/\/93ffa1c9a4124f67b8888a53265f751a:bbf998e04584477fa9a145838e9d3b26@sentry.io\/168994","sentry_initialization":1,"sentry_debugging":0,"bannerSizes":["1"],"aspectRatioVideo":"9_16","app_id":"16181","showPreRewardedDialogue":0,"showPostRewardedDialogue":0,"rewardCurrency":"coins","rewardValue":0,"isSkipable":1,"privacyPolicyURL":"https:\/\/www.consoliads.com\/privacy-policy\/","sessionToken":"\/jPAhmOngaIGBB7jMaSCiXZcm0kQ8YSKk2JJQKhLtMw4aDDPg2LzZN+UEOL7TT55N4JCueyvtHyvFcPcvXzewjmWW7aAL5NGXfrkaYabwMIYaQqUyelCpuKgurrcva89Tu6JhIcG2uOqk+\/YvOOkDjd1KICdNEIhCRfDrUtSWc4="}
Session token value is set


{"appKey":"005be97fcd809104f05a0543dc19a96f","osVersion":"4.3","orientation":"0","is_mac":"0","model":"E3372","deviceID":"878","telco_operator":"Metfone","cpu":"0","brand":"iPhone","userConsent":"0","internet_connectivity":"0","height":"451","architecture":"aarch81","width":"451","resolution":"1080 x 1920","ram":"1,37 GB","sdkVersion":"39","product":"LUA-U22","devMode":"0"}
cache_ttl value is correct

Refresh Ad Rate value is correct
mode value is set

 Aspect ratio value is correct
sentry_log value is set
local_logging value is set
sentry_initialization value is set
sentry_debugging value is set
showPreRewardedDialogue value is set
showPostRewardedDialogue value is set
isSkipable value is set
{"cache_ttl":10080,"cache_ttl_rewarded":10080,"cache_ttl_banner":10080,"cache_ttl_native":10080,"cache_ttl_icon":10080,"refreshAdRate":30,"mode":"Production","aspectRatio":"9_16","cdnPath":"https:\/\/df8ymybeo92md.cloudfront.net\/images\/","sentry_log":0,"local_logging":0,"sentry_dsn":"na","sentry_initialization":1,"sentry_debugging":0,"bannerSizes":[],"aspectRatioVideo":"9_16","app_id":"3508","showPreRewardedDialogue":0,"showPostRewardedDialogue":0,"rewardCurrency":"coins","rewardValue":0,"isSkipable":0,"privacyPolicyURL":"https:\/\/www.consoliads.com\/privacy-policy\/","sessionToken":"NO0lh7dskTxDytHvZ37RjAKeSsk+4rUFLngTf7K4Y+0l3UB+RLNIuhUJZ0BX7VAmTBEH4kwzNWd0kChbU7T2rEtBsc4SUwOqSqv0R8TJNsZbfzZpRok\/aZQSk6dHc2LIG\/x16cmZnN+QcVwc\/ltM8Vy85jzio0r9q4QWsTTlKdU="}
Session token value is set


{"appKey":"006007905d69c7c3bfc38b08198afcf8","osVersion":"4.2","orientation":"0","is_mac":"0","model":"iphone 3GS","deviceID":"478","telco_operator":" Ooredoo","cpu":"0","brand":"OPPO","userConsent":"0","internet_connectivity":"0","height":"291","architecture":"armv64","width":"291","resolution":"1440 x 2960","ram":"3.69 GB","sdkVersion":"2056","product":"BKK-LX2","devMode":"0"}
cache_ttl value is correct

Title value is correct

Title value is correct

Title value is correct

Title value is correct

Title value is correct

Title value is correct

Refresh Ad Rate value is correct
mode value is set

 Aspect ratio value is correct
sentry_log value is set
local_logging value is set
sentry_initialization value is set
sentry_debugging value is set
showPreRewardedDialogue value is set
showPostRewardedDialogue value is set
isSkipable value is set
{"cache_ttl":10080,"cache_ttl_rewarded":10080,"cache_ttl_banner":10080,"cache_ttl_native":10080,"cache_ttl_icon":10080,"campaigns":[{"campaignID":"8226","attribution":0,"priority":"8","appToPromote":{"appToPromoteID":"12623","usesDefaultFrameImage":"0","usesDefaultCloseImage":"0","marketURL":"https:\/\/play.google.com\/store\/apps\/details?id=com.igg.android.lordsmobile&amp;referrer=utm_source=42matters.com&amp;utm_medium=api","packageID":"com.nooribrand.android.lordsmobile"},"showTemplate":1,"s2s_tracking_url":"https:\/\/play.google.com\/store\/apps\/details?id=com.igg.android.lordsmobile&amp;referrer=utm_source=42matters.com&amp;utm_medium=api","activeCreativeID":"3557","scenes":["1","2","6","5","4","13"],"campaignAdType":"Icon"},{"campaignID":"8613","attribution":0,"priority":"8","appToPromote":{"appToPromoteID":"12623","usesDefaultFrameImage":"0","usesDefaultCloseImage":"0","marketURL":"https:\/\/play.google.com\/store\/apps\/details?id=com.igg.android.lordsmobile&amp;referrer=utm_source=42matters.com&amp;utm_medium=api","packageID":"com.nooribrand.android.lordsmobile"},"showTemplate":1,"s2s_tracking_url":"https:\/\/play.google.com\/store\/apps\/details?id=com.igg.android.lordsmobile&amp;referrer=utm_source=42matters.com&amp;utm_medium=api","activeCreativeID":"3557","scenes":["1","2","6","5","4","13"],"campaignAdType":"Icon"},{"campaignID":"9252","attribution":0,"priority":"8","appToPromote":{"appToPromoteID":"12315","usesDefaultFrameImage":"0","usesDefaultCloseImage":"0","marketURL":"google.com","packageID":"com.qabrand.plnative"},"showTemplate":1,"s2s_tracking_url":"google.com","activeCreativeID":"4683","scenes":["1","2","6","5","4","13"],"campaignAdType":"Native","title":"Native first","subTitle":"First ","description":"New description","adClickThroughText":"FIRST Button"},{"campaignID":"9253","attribution":0,"priority":"8","appToPromote":{"appToPromoteID":"12315","usesDefaultFrameImage":"0","usesDefaultCloseImage":"0","marketURL":"google.com","packageID":"com.qabrand.plnative"},"showTemplate":1,"s2s_tracking_url":"google.com","activeCreativeID":"4683","scenes":["1","2","6","5","4","13"],"campaignAdType":"Native","title":"Native first","subTitle":"First ","description":"New description","adClickThroughText":"FIRST Button"},{"campaignID":"9255","attribution":0,"priority":"8","appToPromote":{"appToPromoteID":"13274","usesDefaultFrameImage":"0","usesDefaultCloseImage":"0","marketURL":"https:\/\/play.google.com\/store\/apps\/details?id=com.facebook.katana","packageID":"com.salon.adsalon"},"showTemplate":1,"s2s_tracking_url":"https:\/\/play.google.com\/store\/apps\/details?id=com.facebook.katana","activeCreativeID":"4685","scenes":["1","2","6","5","4","13"],"campaignAdType":"Native","title":"native NA ","subTitle":"native NA ","description":"native NA added","adClickThroughText":"native NA "},{"campaignID":"9257","attribution":0,"priority":"8","appToPromote":{"appToPromoteID":"12286","usesDefaultFrameImage":"0","usesDefaultCloseImage":"0","marketURL":"google.com","packageID":"com.qabrand.Chartboost_Native"},"showTemplate":1,"s2s_tracking_url":"google.com","activeCreativeID":"4688","scenes":["1","2","6","5","4","13"],"campaignAdType":"Native","title":"Native second updated","subTitle":"Native second ","description":"Native second details","adClickThroughText":"Native second "},{"campaignID":"9263","attribution":0,"priority":"8","appToPromote":{"appToPromoteID":"12315","usesDefaultFrameImage":"0","usesDefaultCloseImage":"0","marketURL":"google.com","packageID":"com.qabrand.plnative"},"showTemplate":1,"s2s_tracking_url":"google.com","activeCreativeID":"4694","scenes":["1","2","6","5","4","13"],"campaignAdType":"Native","title":"test","subTitle":"test","description":" test details update","adClickThroughText":"test"},{"campaignID":"9125","attribution":0,"priority":"8","appToPromote":{"appToPromoteID":"17526","usesDefaultFrameImage":"0","usesDefaultCloseImage":"0","marketURL":"https:\/\/play.google.com\/store\/apps\/details?id=kr.co.richnco.goodrich","packageID":"kr.co.richnco.goodrich"},"showTemplate":1,"s2s_tracking_url":"https:\/\/tha.gotrackier.com\/click?campaign_id=68347\\u0026pub_id=75?p1=11782_9125_478&amp;source=6841&amp;app_name=WaterSurferMotorbikeStunts&amp;gaid=478","activeCreativeID":"4477","scenes":["1","2","6","5","4","13"],"campaignAdType":"Icon"},{"campaignID":"9127","attribution":0,"priority":"8","appToPromote":{"appToPromoteID":"17528","usesDefaultFrameImage":"0","usesDefaultCloseImage":"0","marketURL":"https:\/\/play.google.com\/store\/apps\/details?id=net.one97.paytm","packageID":"net.one97.paytm"},"showTemplate":1,"s2s_tracking_url":"https:\/\/tha.gotrackier.com\/click?campaign_id=63249\\u0026pub_id=75?p1=11782_9127_478&amp;source=6841&amp;app_name=WaterSurferMotorbikeStunts&amp;gaid=478","activeCreativeID":"4788","scenes":["1","2","6","5","4","13"],"campaignAdType":"Native","title":"BCA","subTitle":"FW","description":"nope","adClickThroughText":"Link"},{"campaignID":"9131","attribution":0,"priority":"8","appToPromote":{"appToPromoteID":"17532","usesDefaultFrameImage":"0","usesDefaultCloseImage":"0","marketURL":"https:\/\/play.google.com\/store\/apps\/details?id=com.dhgate.buyermob","packageID":"com.dhgate.buyermob"},"showTemplate":1,"s2s_tracking_url":"https:\/\/tha.gotrackier.com\/click?campaign_id=63254\\u0026pub_id=75?p1=11782_9131_478&amp;source=6841&amp;app_name=WaterSurferMotorbikeStunts&amp;gaid=478","activeCreativeID":"4483","scenes":["1","2","6","5","4","13"],"campaignAdType":"Interstitial"},{"campaignID":"561","attribution":0,"priority":"6","appToPromote":{"appToPromoteID":"5026","usesDefaultFrameImage":"0","usesDefaultCloseImage":"0","marketURL":"https:\/\/play.google.com\/store\/apps\/details?id=com.as.cashupapp","packageID":"com.as.cashupapp"},"showTemplate":1,"s2s_tracking_url":"https:\/\/play.google.com\/store\/apps\/details?id=com.as.cashupapp","activeCreativeID":"652","scenes":["1","2","6","5","4","13"],"campaignAdType":"Interstitial"},{"campaignID":"570","attribution":0,"priority":"6","appToPromote":{"appToPromoteID":"3802","usesDefaultFrameImage":"0","usesDefaultCloseImage":"0","marketURL":"https:\/\/play.google.com\/store\/apps\/details?id=com.Madxstudios.Flickshootsoccer","packageID":"com.Madxstudios.Flickshootsoccer"},"showTemplate":1,"s2s_tracking_url":"https:\/\/play.google.com\/store\/apps\/details?id=com.Madxstudios.Flickshootsoccer","activeCreativeID":"661","scenes":["1","2","6","5","4","13"],"campaignAdType":"Interstitial"},{"campaignID":"588","attribution":0,"priority":"6","appToPromote":{"appToPromoteID":"5026","usesDefaultFrameImage":"0","usesDefaultCloseImage":"0","marketURL":"https:\/\/play.google.com\/store\/apps\/details?id=com.as.cashupapp","packageID":"com.as.cashupapp"},"showTemplate":1,"s2s_tracking_url":"https:\/\/play.google.com\/store\/apps\/details?id=com.as.cashupapp","activeCreativeID":"652","scenes":["1","2","6","5","4","13"],"campaignAdType":"Interstitial"},{"campaignID":"8876","attribution":0,"priority":"5","appToPromote":{"appToPromoteID":"15640","usesDefaultFrameImage":"0","usesDefaultCloseImage":"0","marketURL":"https:\/\/play.google.com\/store\/apps\/details?id=com.pgz.police.bike.stunt.ramp.bike.racing.games","packageID":"com.pgz.police.bike.stunt.ramp.bike.racing.games"},"showTemplate":1,"s2s_tracking_url":"https:\/\/play.google.com\/store\/apps\/details?id=com.pgz.police.bike.stunt.ramp.bike.racing.games","activeCreativeID":"4236","scenes":["1","2","6","5","4","13"],"campaignAdType":"Interstitial"},{"campaignID":"559","attribution":0,"priority":"3","appToPromote":{"appToPromoteID":"3476","usesDefaultFrameImage":"0","usesDefaultCloseImage":"0","marketURL":"https:\/\/play.google.com\/store\/apps\/details?id=com.perspectivegames.real.impossible.tracks.stunts","packageID":"com.perspectivegames.real.impossible.tracks.stunts"},"showTemplate":1,"s2s_tracking_url":"https:\/\/play.google.com\/store\/apps\/details?id=com.perspectivegames.real.impossible.tracks.stunts","activeCreativeID":"649","scenes":["1","2","6","5","4","13"],"campaignAdType":"Interstitial"},{"campaignID":"741","attribution":0,"priority":"3","appToPromote":{"appToPromoteID":"5609","usesDefaultFrameImage":"0","usesDefaultCloseImage":"0","marketURL":"https:\/\/play.google.com\/store\/apps\/details?id=com.kick.gyroscopic.city.train.driver.simulator","packageID":"com.kick.gyroscopic.city.train.driver.simulator"},"showTemplate":1,"s2s_tracking_url":"https:\/\/play.google.com\/store\/apps\/details?id=com.kick.gyroscopic.city.train.driver.simulator","activeCreativeID":"753","scenes":["1","2","6","5","4","13"],"campaignAdType":"Interstitial"},{"campaignID":"798","attribution":0,"priority":"3","appToPromote":{"appToPromoteID":"5770","usesDefaultFrameImage":"0","usesDefaultCloseImage":"0","marketURL":"https:\/\/play.google.com\/store\/apps\/details?id=com.simulatorgames3d.alohacelebrations","packageID":"com.simulatorgames3d.alohacelebrations"},"showTemplate":1,"s2s_tracking_url":"https:\/\/play.google.com\/store\/apps\/details?id=com.simulatorgames3d.alohacelebrations","activeCreativeID":"787","scenes":["1","2","6","5","4","13"],"campaignAdType":"Interstitial"},{"campaignID":"8762","attribution":0,"priority":"2","appToPromote":{"appToPromoteID":"13265","usesDefaultFrameImage":"0","usesDefaultCloseImage":"0","marketURL":"https:\/\/play.google.com\/store\/apps\/details?id=com.rhg.tricky.bike.stunt.moto.master","packageID":"com.rhg.tricky.bike.stunt.moto.master"},"showTemplate":1,"s2s_tracking_url":"https:\/\/play.google.com\/store\/apps\/details?id=com.rhg.tricky.bike.stunt.moto.master","activeCreativeID":"4121","scenes":["1","2","6","5","4","13"],"campaignAdType":"Rewarded Video"},{"campaignID":"8879","attribution":0,"priority":"2","appToPromote":{"appToPromoteID":"15640","usesDefaultFrameImage":"0","usesDefaultCloseImage":"0","marketURL":"https:\/\/play.google.com\/store\/apps\/details?id=com.pgz.police.bike.stunt.ramp.bike.racing.games","packageID":"com.pgz.police.bike.stunt.ramp.bike.racing.games"},"showTemplate":1,"s2s_tracking_url":"https:\/\/play.google.com\/store\/apps\/details?id=com.pgz.police.bike.stunt.ramp.bike.racing.games","activeCreativeID":"4239","scenes":["1","2","6","5","4","13"],"campaignAdType":"Banner"},{"campaignID":"8971","attribution":0,"priority":"2","appToPromote":{"appToPromoteID":"15640","usesDefaultFrameImage":"0","usesDefaultCloseImage":"0","marketURL":"https:\/\/play.google.com\/store\/apps\/details?id=com.pgz.police.bike.stunt.ramp.bike.racing.games","packageID":"com.pgz.police.bike.stunt.ramp.bike.racing.games"},"showTemplate":1,"s2s_tracking_url":"https:\/\/play.google.com\/store\/apps\/details?id=com.pgz.police.bike.stunt.ramp.bike.racing.games","activeCreativeID":"4236","scenes":["1","2","6","5","4","13"],"campaignAdType":"Interstitial"},{"campaignID":"9366","attribution":0,"priority":"2","appToPromote":{"appToPromoteID":"17602","usesDefaultFrameImage":"0","usesDefaultCloseImage":"0","marketURL":"https:\/\/play.google.com\/store\/apps\/details?id=com.abaenglish.videoclass&amp;referrer=utm_source=42matters.com&amp;utm_medium=api","packageID":"com.abaenglish.videoclass"},"showTemplate":1,"s2s_tracking_url":"https:\/\/play.google.com\/store\/apps\/details?id=com.abaenglish.videoclass&amp;referrer=utm_source=42matters.com&amp;utm_medium=api","activeCreativeID":"4815","scenes":["1","2","6","5","4","13"],"campaignAdType":"Interstitial"},{"campaignID":"9367","attribution":0,"priority":"2","appToPromote":{"appToPromoteID":"17602","usesDefaultFrameImage":"0","usesDefaultCloseImage":"0","marketURL":"https:\/\/play.google.com\/store\/apps\/details?id=com.abaenglish.videoclass&amp;referrer=utm_source=42matters.com&amp;utm_medium=api","packageID":"com.abaenglish.videoclass"},"showTemplate":1,"s2s_tracking_url":"https:\/\/play.google.com\/store\/apps\/details?id=com.abaenglish.videoclass&amp;referrer=utm_source=42matters.com&amp;utm_medium=api","activeCreativeID":"4815","scenes":["1","2","6","5","4","13"],"campaignAdType":"Interstitial"},{"campaignID":"9368","attribution":0,"priority":"2","appToPromote":{"appToPromoteID":"17602","usesDefaultFrameImage":"0","usesDefaultCloseImage":"0","marketURL":"https:\/\/play.google.com\/store\/apps\/details?id=com.abaenglish.videoclass&amp;referrer=utm_source=42matters.com&amp;utm_medium=api","packageID":"com.abaenglish.videoclass"},"showTemplate":1,"s2s_tracking_url":"https:\/\/play.google.com\/store\/apps\/details?id=com.abaenglish.videoclass&amp;referrer=utm_source=42matters.com&amp;utm_medium=api","activeCreativeID":"4815","scenes":["1","2","6","5","4","13"],"campaignAdType":"Interstitial"},{"campaignID":"9369","attribution":0,"priority":"2","appToPromote":{"appToPromoteID":"17602","usesDefaultFrameImage":"0","usesDefaultCloseImage":"0","marketURL":"https:\/\/play.google.com\/store\/apps\/details?id=com.abaenglish.videoclass&amp;referrer=utm_source=42matters.com&amp;utm_medium=api","packageID":"com.abaenglish.videoclass"},"showTemplate":1,"s2s_tracking_url":"https:\/\/play.google.com\/store\/apps\/details?id=com.abaenglish.videoclass&amp;referrer=utm_source=42matters.com&amp;utm_medium=api","activeCreativeID":"4815","scenes":["1","2","6","5","4","13"],"campaignAdType":"Interstitial"},{"campaignID":"602","attribution":0,"priority":"2","appToPromote":{"appToPromoteID":"5444","usesDefaultFrameImage":"0","usesDefaultCloseImage":"0","marketURL":"https:\/\/play.google.com\/store\/apps\/details?id=com.simulatorgame3d.impossibleairtracks","packageID":"com.simulatorgame3d.impossibleairtracks"},"showTemplate":1,"s2s_tracking_url":"https:\/\/play.google.com\/store\/apps\/details?id=com.simulatorgame3d.impossibleairtracks","activeCreativeID":"700","scenes":["1","2","6","5","4","13"],"campaignAdType":"Interstitial"}],"refreshAdRate":30,"mode":"Production","aspectRatio":"9_16","cdnPath":"https:\/\/df8ymybeo92md.cloudfront.net\/images\/","sentry_log":0,"local_logging":0,"sentry_dsn":"https:\/\/93ffa1c9a4124f67b8888a53265f751a:bbf998e04584477fa9a145838e9d3b26@sentry.io\/168994","sentry_initialization":1,"sentry_debugging":0,"bannerSizes":["5"],"aspectRatioVideo":"9_16","app_id":"11782","showPreRewardedDialogue":0,"showPostRewardedDialogue":0,"rewardCurrency":"coins","rewardValue":0,"isSkipable":0,"privacyPolicyURL":"https:\/\/www.consoliads.com\/privacy-policy\/","sessionToken":"T0HbZ9yA24szweoZDj2mB2iKq1\/qHVJUzQJcjzGtV9MYqovm1WD9mm8jeRGWhufO\/nAoZUMg4TP38gsHWHSqBWtm34Q+ZtV4SqUN8uzBTpfzZW3cTk6FAKluxz0VZGOEv+d835oUxeSUl\/OUHpd39hok0KFqXsC++TjPSTKlSSg="}
Session token value is set


{"appKey":"0065f922b6a67353ac14be778cdfd42c","osVersion":"9.0","orientation":"0","is_mac":"0","model":"GT-Nnnn0","deviceID":"39","telco_operator":"","cpu":"0","brand":"HUAWEI","userConsent":"0","internet_connectivity":"0","height":"115","architecture":"","width":"115","resolution":"1280x720","ram":"953,45 MB","sdkVersion":"2151","product":"j7xeltexx","devMode":"0"}
cache_ttl value is correct

Title value is correct

Title value is correct

Title value is correct

Title value is correct

Title value is correct

Title value is correct

Refresh Ad Rate value is correct
mode value is set

 Aspect ratio value is correct
sentry_log value is set
local_logging value is set
sentry_initialization value is set
sentry_debugging value is set
showPreRewardedDialogue value is set
showPostRewardedDialogue value is set
isSkipable value is set
{"cache_ttl":10080,"cache_ttl_rewarded":10080,"cache_ttl_banner":10080,"cache_ttl_native":10080,"cache_ttl_icon":10080,"campaigns":[{"campaignID":"8391","attribution":0,"priority":"5","appToPromote":{"appToPromoteID":"16142","usesDefaultFrameImage":"0","usesDefaultCloseImage":"0","marketURL":"https:\/\/play.google.com\/store\/apps\/details?id=com.po.tank.transporter","packageID":"com.po.tank.transporter"},"showTemplate":1,"s2s_tracking_url":"https:\/\/play.google.com\/store\/apps\/details?id=com.po.tank.transporter","activeCreativeID":"3728","scenes":["13","14","1","2","8","12","4","5","6","15"],"campaignAdType":"Icon"},{"campaignID":"8571","attribution":0,"priority":"5","appToPromote":{"appToPromoteID":"16596","usesDefaultFrameImage":"0","usesDefaultCloseImage":"0","marketURL":"https:\/\/play.google.com\/store\/apps\/details?id=com.gp.farming.game.tractor","packageID":"com.gp.farming.game.tractor"},"showTemplate":1,"s2s_tracking_url":"https:\/\/play.google.com\/store\/apps\/details?id=com.gp.farming.game.tractor","activeCreativeID":"3926","scenes":["13","14","1","2","8","12","4","5","6","15"],"campaignAdType":"Icon"},{"campaignID":"8134","attribution":0,"priority":"4","appToPromote":{"appToPromoteID":"16138","usesDefaultFrameImage":"0","usesDefaultCloseImage":"0","marketURL":"https:\/\/play.google.com\/store\/apps\/details?id=com.gr.snow.excavator","packageID":"com.gr.snow.excavator"},"showTemplate":1,"s2s_tracking_url":"https:\/\/play.google.com\/store\/apps\/details?id=com.gr.snow.excavator","activeCreativeID":"3459","scenes":["13","14","1","2","8","12","4","5","6","15"],"campaignAdType":"Icon"},{"campaignID":"8388","attribution":0,"priority":"4","appToPromote":{"appToPromoteID":"16317","usesDefaultFrameImage":"0","usesDefaultCloseImage":"0","marketURL":"https:\/\/play.google.com\/store\/apps\/details?id=com.po.laser.game","packageID":"com.po.laser.game"},"showTemplate":1,"s2s_tracking_url":"https:\/\/play.google.com\/store\/apps\/details?id=com.po.laser.game","activeCreativeID":"3725","scenes":["13","14","1","2","8","12","4","5","6","15"],"campaignAdType":"Icon"},{"campaignID":"8614","attribution":0,"priority":"3","appToPromote":{"appToPromoteID":"16720","usesDefaultFrameImage":"0","usesDefaultCloseImage":"0","marketURL":"https:\/\/play.google.com\/store\/apps\/details?id=com.ew.dino.city.attack","packageID":"com.ew.dino.city.attack"},"showTemplate":1,"s2s_tracking_url":"https:\/\/play.google.com\/store\/apps\/details?id=com.ew.dino.city.attack","activeCreativeID":"3969","scenes":["13","14","1","2","8","12","4","5","6","15"],"campaignAdType":"Icon"},{"campaignID":"8125","attribution":0,"priority":"1","appToPromote":{"appToPromoteID":"15675","usesDefaultFrameImage":"0","usesDefaultCloseImage":"0","marketURL":"https:\/\/play.google.com\/store\/apps\/details?id=com.west.sheriff.gunfighter","packageID":"com.west.sheriff.gunfighter"},"showTemplate":1,"s2s_tracking_url":"https:\/\/play.google.com\/store\/apps\/details?id=com.west.sheriff.gunfighter","activeCreativeID":"3449","scenes":["13","14","1","2","8","12","4","5","6","15"],"campaignAdType":"Icon"},{"campaignID":"8203","attribution":0,"priority":"1","appToPromote":{"appToPromoteID":"16106","usesDefaultFrameImage":"0","usesDefaultCloseImage":"0","marketURL":"https:\/\/play.google.com\/store\/apps\/details?id=com.gs.taxi.driving","packageID":"com.gs.taxi.driving"},"showTemplate":1,"s2s_tracking_url":"https:\/\/play.google.com\/store\/apps\/details?id=com.gs.taxi.driving","activeCreativeID":"3535","scenes":["13","14","1","2","8","12","4","5","6","15"],"campaignAdType":"Icon"},{"campaignID":"8389","attribution":0,"priority":"1","appToPromote":{"appToPromoteID":"16347","usesDefaultFrameImage":"0","usesDefaultCloseImage":"0","marketURL":"https:\/\/play.google.com\/store\/apps\/details?id=com.pe.gorilla.transform","packageID":"com.pe.gorilla.transform"},"showTemplate":1,"s2s_tracking_url":"https:\/\/play.google.com\/store\/apps\/details?id=com.pe.gorilla.transform","activeCreativeID":"3726","scenes":["13","14","1","2","8","12","4","5","6","15"],"campaignAdType":"Icon"},{"campaignID":"8390","attribution":0,"priority":"1","appToPromote":{"appToPromoteID":"16258","usesDefaultFrameImage":"0","usesDefaultCloseImage":"0","marketURL":"https:\/\/play.google.com\/store\/apps\/details?id=com.pe.monster.truck","packageID":"com.pe.monster.truck"},"showTemplate":1,"s2s_tracking_url":"https:\/\/play.google.com\/store\/apps\/details?id=com.pe.monster.truck","activeCreativeID":"3727","scenes":["13","14","1","2","8","12","4","5","6","15"],"campaignAdType":"Icon"},{"campaignID":"9252","attribution":0,"priority":"8","appToPromote":{"appToPromoteID":"12315","usesDefaultFrameImage":"0","usesDefaultCloseImage":"0","marketURL":"google.com","packageID":"com.qabrand.plnative"},"showTemplate":1,"s2s_tracking_url":"google.com","activeCreativeID":"4683","scenes":["13","14","1","2","8","12","4","5","6","15"],"campaignAdType":"Native","title":"Native first","subTitle":"First ","description":"New description","adClickThroughText":"FIRST Button"},{"campaignID":"9253","attribution":0,"priority":"8","appToPromote":{"appToPromoteID":"12315","usesDefaultFrameImage":"0","usesDefaultCloseImage":"0","marketURL":"google.com","packageID":"com.qabrand.plnative"},"showTemplate":1,"s2s_tracking_url":"google.com","activeCreativeID":"4683","scenes":["13","14","1","2","8","12","4","5","6","15"],"campaignAdType":"Native","title":"Native first","subTitle":"First ","description":"New description","adClickThroughText":"FIRST Button"},{"campaignID":"9255","attribution":0,"priority":"8","appToPromote":{"appToPromoteID":"13274","usesDefaultFrameImage":"0","usesDefaultCloseImage":"0","marketURL":"https:\/\/play.google.com\/store\/apps\/details?id=com.facebook.katana","packageID":"com.salon.adsalon"},"showTemplate":1,"s2s_tracking_url":"https:\/\/play.google.com\/store\/apps\/details?id=com.facebook.katana","activeCreativeID":"4685","scenes":["13","14","1","2","8","12","4","5","6","15"],"campaignAdType":"Native","title":"native NA ","subTitle":"native NA ","description":"native NA added","adClickThroughText":"native NA "},{"campaignID":"9257","attribution":0,"priority":"8","appToPromote":{"appToPromoteID":"12286","usesDefaultFrameImage":"0","usesDefaultCloseImage":"0","marketURL":"google.com","packageID":"com.qabrand.Chartboost_Native"},"showTemplate":1,"s2s_tracking_url":"google.com","activeCreativeID":"4688","scenes":["13","14","1","2","8","12","4","5","6","15"],"campaignAdType":"Native","title":"Native second updated","subTitle":"Native second ","description":"Native second details","adClickThroughText":"Native second "},{"campaignID":"9263","attribution":0,"priority":"8","appToPromote":{"appToPromoteID":"12315","usesDefaultFrameImage":"0","usesDefaultCloseImage":"0","marketURL":"google.com","packageID":"com.qabrand.plnative"},"showTemplate":1,"s2s_tracking_url":"google.com","activeCreativeID":"4694","scenes":["13","14","1","2","8","12","4","5","6","15"],"campaignAdType":"Native","title":"test","subTitle":"test","description":" test details update","adClickThroughText":"test"},{"campaignID":"9127","attribution":0,"priority":"8","appToPromote":{"appToPromoteID":"17528","usesDefaultFrameImage":"0","usesDefaultCloseImage":"0","marketURL":"https:\/\/play.google.com\/store\/apps\/details?id=net.one97.paytm","packageID":"net.one97.paytm"},"showTemplate":1,"s2s_tracking_url":"https:\/\/tha.gotrackier.com\/click?campaign_id=63249\\u0026pub_id=75?p1=16142_9127_39&amp;source=6841&amp;app_name=USArmyTankTransporter:TruckDrivingGames&amp;gaid=39","activeCreativeID":"4788","scenes":["13","14","1","2","8","12","4","5","6","15"],"campaignAdType":"Native","title":"BCA","subTitle":"FW","description":"nope","adClickThroughText":"Link"},{"campaignID":"9131","attribution":0,"priority":"8","appToPromote":{"appToPromoteID":"17532","usesDefaultFrameImage":"0","usesDefaultCloseImage":"0","marketURL":"https:\/\/play.google.com\/store\/apps\/details?id=com.dhgate.buyermob","packageID":"com.dhgate.buyermob"},"showTemplate":1,"s2s_tracking_url":"https:\/\/tha.gotrackier.com\/click?campaign_id=63254\\u0026pub_id=75?p1=16142_9131_39&amp;source=6841&amp;app_name=USArmyTankTransporter:TruckDrivingGames&amp;gaid=39","activeCreativeID":"4483","scenes":["13","14","1","2","8","12","4","5","6","15"],"campaignAdType":"Interstitial"},{"campaignID":"6620","attribution":0,"priority":"6","appToPromote":{"appToPromoteID":"12980","usesDefaultFrameImage":"0","usesDefaultCloseImage":"0","marketURL":"https:\/\/play.google.com\/store\/apps\/details?id=com.sx.cooking.cafe.restaurant","packageID":"com.sx.cooking.cafe.restaurant"},"showTemplate":1,"s2s_tracking_url":"https:\/\/play.google.com\/store\/apps\/details?id=com.sx.cooking.cafe.restaurant","activeCreativeID":"1702","scenes":["13","14","1","2","8","12","4","5","6","15"],"campaignAdType":"Interstitial"},{"campaignID":"8876","attribution":0,"priority":"5","appToPromote":{"appToPromoteID":"15640","usesDefaultFrameImage":"0","usesDefaultCloseImage":"0","marketURL":"https:\/\/play.google.com\/store\/apps\/details?id=com.pgz.police.bike.stunt.ramp.bike.racing.games","packageID":"com.pgz.police.bike.stunt.ramp.bike.racing.games"},"showTemplate":1,"s2s_tracking_url":"https:\/\/play.google.com\/store\/apps\/details?id=com.pgz.police.bike.stunt.ramp.bike.racing.games","activeCreativeID":"4236","scenes":["13","14","1","2","8","12","4","5","6","15"],"campaignAdType":"Interstitial"},{"campaignID":"6596","attribution":0,"priority":"5","appToPromote":{"appToPromoteID":"12980","usesDefaultFrameImage":"0","usesDefaultCloseImage":"0","marketURL":"https:\/\/play.google.com\/store\/apps\/details?id=com.sx.cooking.cafe.restaurant","packageID":"com.sx.cooking.cafe.restaurant"},"showTemplate":1,"s2s_tracking_url":"https:\/\/play.google.com\/store\/apps\/details?id=com.sx.cooking.cafe.restaurant","activeCreativeID":"1702","scenes":["13","14","1","2","8","12","4","5","6","15"],"campaignAdType":"Interstitial"},{"campaignID":"8762","attribution":0,"priority":"2","appToPromote":{"appToPromoteID":"13265","usesDefaultFrameImage":"0","usesDefaultCloseImage":"0","marketURL":"https:\/\/play.google.com\/store\/apps\/details?id=com.rhg.tricky.bike.stunt.moto.master","packageID":"com.rhg.tricky.bike.stunt.moto.master"},"showTemplate":1,"s2s_tracking_url":"https:\/\/play.google.com\/store\/apps\/details?id=com.rhg.tricky.bike.stunt.moto.master","activeCreativeID":"4121","scenes":["13","14","1","2","8","12","4","5","6","15"],"campaignAdType":"Rewarded Video"}],"refreshAdRate":30,"mode":"Production","aspectRatio":"9_16","cdnPath":"https:\/\/df8ymybeo92md.cloudfront.net\/images\/","sentry_log":0,"local_logging":0,"sentry_dsn":"https:\/\/93ffa1c9a4124f67b8888a53265f751a:bbf998e04584477fa9a145838e9d3b26@sentry.io\/168994","sentry_initialization":1,"sentry_debugging":0,"bannerSizes":["2","1","5"],"aspectRatioVideo":"9_16","app_id":"16142","showPreRewardedDialogue":0,"showPostRewardedDialogue":0,"rewardCurrency":"coins","rewardValue":0,"isSkipable":1,"privacyPolicyURL":"https:\/\/www.consoliads.com\/privacy-policy\/","sessionToken":"Q7ZRn2j6eH34XlO04Uz9MKqnGWkB9cRt0aipuf0DuQJfpKqbOPoKczlj\/xlozF2aztPPK2MWhiy1Jix51wvhXq8xJwt9PLnfj5YseRFxR2F+CkD\/KBFtRAXW3f1\/QlQ4pSGCs8xPtuqg2P0UHBc052NRwrNRypJCuqWfBZmeZZo="}
Session token value is set


{"appKey":"0069e2f8ff4b2535bf0b0f4bb4b26b2e","osVersion":"8.0","orientation":"0","is_mac":"0","model":"SM-Nnn0","deviceID":"942","telco_operator":"Azercell","cpu":"0","brand":"Xiaomi","userConsent":"0","internet_connectivity":"0","height":"477","architecture":"0","width":"477","resolution":"1196x720","ram":"3.51 GB ","sdkVersion":"2106","product":"mido","devMode":"0"}
cache_ttl value is correct

Title value is correct

Title value is correct

Title value is correct

Title value is correct

Title value is correct

Title value is correct

Refresh Ad Rate value is correct
mode value is set

 Aspect ratio value is correct
sentry_log value is set
local_logging value is set
sentry_initialization value is set
sentry_debugging value is set
showPreRewardedDialogue value is set
showPostRewardedDialogue value is set
isSkipable value is set
{"cache_ttl":10080,"cache_ttl_rewarded":10080,"cache_ttl_banner":10080,"cache_ttl_native":10080,"cache_ttl_icon":10080,"campaigns":[{"campaignID":"9014","attribution":0,"priority":"5","appToPromote":{"appToPromoteID":"17383","usesDefaultFrameImage":"0","usesDefaultCloseImage":"0","marketURL":"https:\/\/play.google.com\/store\/apps\/details?id=com.inferno.girl.gangster.fps","packageID":"com.inferno.girl.gangster.fps"},"showTemplate":1,"s2s_tracking_url":"https:\/\/play.google.com\/store\/apps\/details?id=com.inferno.girl.gangster.fps","activeCreativeID":"4378","scenes":["1","2","6","4","5","13"],"campaignAdType":"Video"},{"campaignID":"7210","attribution":0,"priority":"5","appToPromote":{"appToPromoteID":"14411","usesDefaultFrameImage":"0","usesDefaultCloseImage":"0","marketURL":"https:\/\/play.google.com\/store\/apps\/details?id=com.md.dog.robot.transformation","packageID":"com.md.dog.robot.transformation"},"showTemplate":1,"s2s_tracking_url":"https:\/\/play.google.com\/store\/apps\/details?id=com.md.dog.robot.transformation","activeCreativeID":"2690","scenes":["1","2","6","4","5","13"],"campaignAdType":"Icon"},{"campaignID":"7342","attribution":0,"priority":"5","appToPromote":{"appToPromoteID":"14269","usesDefaultFrameImage":"0","usesDefaultCloseImage":"0","marketURL":"https:\/\/play.google.com\/store\/apps\/details?id=com.md.army.counter.terrorist","packageID":"com.md.army.counter.terrorist"},"showTemplate":1,"s2s_tracking_url":"https:\/\/play.google.com\/store\/apps\/details?id=com.md.army.counter.terrorist","activeCreativeID":"3606","scenes":["1","2","6","4","5","13"],"campaignAdType":"Icon"},{"campaignID":"8346","attribution":0,"priority":"4","appToPromote":{"appToPromoteID":"16266","usesDefaultFrameImage":"0","usesDefaultCloseImage":"0","marketURL":"https:\/\/play.google.com\/store\/apps\/details?id=com.inferno.formula.dragon.game","packageID":"com.inferno.formula.dragon.game"},"showTemplate":1,"s2s_tracking_url":"https:\/\/play.google.com\/store\/apps\/details?id=com.inferno.formula.dragon.game","activeCreativeID":"3684","scenes":["1","2","6","4","5","13"],"campaignAdType":"Video"},{"campaignID":"8841","attribution":0,"priority":"4","appToPromote":{"appToPromoteID":"17002","usesDefaultFrameImage":"0","usesDefaultCloseImage":"0","marketURL":"https:\/\/play.google.com\/store\/apps\/details?id=com.inferno.robot.fps.game","packageID":"com.inferno.robot.fps.game"},"showTemplate":1,"s2s_tracking_url":"https:\/\/play.google.com\/store\/apps\/details?id=com.inferno.robot.fps.game","activeCreativeID":"4205","scenes":["1","2","6","4","5","13"],"campaignAdType":"Video"},{"campaignID":"8226","attribution":0,"priority":"8","appToPromote":{"appToPromoteID":"12623","usesDefaultFrameImage":"0","usesDefaultCloseImage":"0","marketURL":"https:\/\/play.google.com\/store\/apps\/details?id=com.igg.android.lordsmobile&amp;referrer=utm_source=42matters.com&amp;utm_medium=api","packageID":"com.nooribrand.android.lordsmobile"},"showTemplate":1,"s2s_tracking_url":"https:\/\/play.google.com\/store\/apps\/details?id=com.igg.android.lordsmobile&amp;referrer=utm_source=42matters.com&amp;utm_medium=api","activeCreativeID":"3557","scenes":["1","2","6","4","5","13"],"campaignAdType":"Icon"},{"campaignID":"9249","attribution_link":"https:\/\/app.appsflyer.com\/com.lgn.gun.strike.war.train.shooting.games?pid=consoliads_int&amp;af_click_lookback=7d&amp;clickid=8213_9249_942&amp;android_id={android_id}&amp;sha1_android_id={sha1_android_id}&amp;advertising_id=942&amp;sha1_advertising_id=999bda026be38397da36b3a974e7ba9f40275f69&amp;af_keywords=2","attribution":1,"priority":"8","appToPromote":{"appToPromoteID":"13421","usesDefaultFrameImage":"0","usesDefaultCloseImage":"0","marketURL":"http:\/\/www.google.com","packageID":"com.appricot2d.testt"},"showTemplate":1,"s2s_tracking_url":"https:\/\/app.appsflyer.com\/com.lgn.gun.strike.war.train.shooting.games?pid=consoliads_int&amp;af_click_lookback=7d&amp;clickid=8213_9249_942&amp;android_id={android_id}&amp;sha1_android_id={sha1_android_id}&amp;advertising_id=942&amp;sha1_advertising_id=999bda026be38397da36b3a974e7ba9f40275f69&amp;af_keywords=2","activeCreativeID":"4679","scenes":["1","2","6","4","5","13"],"campaignAdType":"Interstitial"},{"campaignID":"9252","attribution":0,"priority":"8","appToPromote":{"appToPromoteID":"12315","usesDefaultFrameImage":"0","usesDefaultCloseImage":"0","marketURL":"google.com","packageID":"com.qabrand.plnative"},"showTemplate":1,"s2s_tracking_url":"google.com","activeCreativeID":"4683","scenes":["1","2","6","4","5","13"],"campaignAdType":"Native","title":"Native first","subTitle":"First ","description":"New description","adClickThroughText":"FIRST Button"},{"campaignID":"9253","attribution":0,"priority":"8","appToPromote":{"appToPromoteID":"12315","usesDefaultFrameImage":"0","usesDefaultCloseImage":"0","marketURL":"google.com","packageID":"com.qabrand.plnative"},"showTemplate":1,"s2s_tracking_url":"google.com","activeCreativeID":"4683","scenes":["1","2","6","4","5","13"],"campaignAdType":"Native","title":"Native first","subTitle":"First ","description":"New description","adClickThroughText":"FIRST Button"},{"campaignID":"9255","attribution":0,"priority":"8","appToPromote":{"appToPromoteID":"13274","usesDefaultFrameImage":"0","usesDefaultCloseImage":"0","marketURL":"https:\/\/play.google.com\/store\/apps\/details?id=com.facebook.katana","packageID":"com.salon.adsalon"},"showTemplate":1,"s2s_tracking_url":"https:\/\/play.google.com\/store\/apps\/details?id=com.facebook.katana","activeCreativeID":"4685","scenes":["1","2","6","4","5","13"],"campaignAdType":"Native","title":"native NA ","subTitle":"native NA ","description":"native NA added","adClickThroughText":"native NA "},{"campaignID":"9257","attribution":0,"priority":"8","appToPromote":{"appToPromoteID":"12286","usesDefaultFrameImage":"0","usesDefaultCloseImage":"0","marketURL":"google.com","packageID":"com.qabrand.Chartboost_Native"},"showTemplate":1,"s2s_tracking_url":"google.com","activeCreativeID":"4688","scenes":["1","2","6","4","5","13"],"campaignAdType":"Native","title":"Native second updated","subTitle":"Native second ","description":"Native second details","adClickThroughText":"Native second "},{"campaignID":"9261","attribution_link":"https:\/\/app.appsflyer.com\/com.lgn.gun.strike.war.train.shooting.games?pid=consoliads_int&amp;af_click_lookback=7d&amp;clickid=8213_9261_942&amp;android_id={android_id}&amp;sha1_android_id={sha1_android_id}&amp;advertising_id=942&amp;sha1_advertising_id=999bda026be38397da36b3a974e7ba9f40275f69&amp;af_keywords=2","attribution":1,"priority":"8","appToPromote":{"appToPromoteID":"13421","usesDefaultFrameImage":"0","usesDefaultCloseImage":"0","marketURL":"http:\/\/www.google.com","packageID":"com.appricot2d.testt"},"showTemplate":1,"s2s_tracking_url":"https:\/\/app.appsflyer.com\/com.lgn.gun.strike.war.train.shooting.games?pid=consoliads_int&amp;af_click_lookback=7d&amp;clickid=8213_9261_942&amp;android_id={android_id}&amp;sha1_android_id={sha1_android_id}&amp;advertising_id=942&amp;sha1_advertising_id=999bda026be38397da36b3a974e7ba9f40275f69&amp;af_keywords=2","activeCreativeID":"4692","scenes":["1","2","6","4","5","13"],"campaignAdType":"Interstitial"},{"campaignID":"9263","attribution":0,"priority":"8","appToPromote":{"appToPromoteID":"12315","usesDefaultFrameImage":"0","usesDefaultCloseImage":"0","marketURL":"google.com","packageID":"com.qabrand.plnative"},"showTemplate":1,"s2s_tracking_url":"google.com","activeCreativeID":"4694","scenes":["1","2","6","4","5","13"],"campaignAdType":"Native","title":"test","subTitle":"test","description":" test details update","adClickThroughText":"test"},{"campaignID":"9127","attribution":0,"priority":"8","appToPromote":{"appToPromoteID":"17528","usesDefaultFrameImage":"0","usesDefaultCloseImage":"0","marketURL":"https:\/\/play.google.com\/store\/apps\/details?id=net.one97.paytm","packageID":"net.one97.paytm"},"showTemplate":1,"s2s_tracking_url":"https:\/\/tha.gotrackier.com\/click?campaign_id=63249\\u0026pub_id=75?p1=8213_9127_942&amp;source=6841&amp;app_name=RobotTiger&amp;gaid=942","activeCreativeID":"4788","scenes":["1","2","6","4","5","13"],"campaignAdType":"Native","title":"BCA","subTitle":"FW","description":"nope","adClickThroughText":"Link"},{"campaignID":"9131","attribution":0,"priority":"8","appToPromote":{"appToPromoteID":"17532","usesDefaultFrameImage":"0","usesDefaultCloseImage":"0","marketURL":"https:\/\/play.google.com\/store\/apps\/details?id=com.dhgate.buyermob","packageID":"com.dhgate.buyermob"},"showTemplate":1,"s2s_tracking_url":"https:\/\/tha.gotrackier.com\/click?campaign_id=63254\\u0026pub_id=75?p1=8213_9131_942&amp;source=6841&amp;app_name=RobotTiger&amp;gaid=942","activeCreativeID":"4483","scenes":["1","2","6","4","5","13"],"campaignAdType":"Interstitial"},{"campaignID":"561","attribution":0,"priority":"6","appToPromote":{"appToPromoteID":"5026","usesDefaultFrameImage":"0","usesDefaultCloseImage":"0","marketURL":"https:\/\/play.google.com\/store\/apps\/details?id=com.as.cashupapp","packageID":"com.as.cashupapp"},"showTemplate":1,"s2s_tracking_url":"https:\/\/play.google.com\/store\/apps\/details?id=com.as.cashupapp","activeCreativeID":"652","scenes":["1","2","6","4","5","13"],"campaignAdType":"Interstitial"},{"campaignID":"570","attribution":0,"priority":"6","appToPromote":{"appToPromoteID":"3802","usesDefaultFrameImage":"0","usesDefaultCloseImage":"0","marketURL":"https:\/\/play.google.com\/store\/apps\/details?id=com.Madxstudios.Flickshootsoccer","packageID":"com.Madxstudios.Flickshootsoccer"},"showTemplate":1,"s2s_tracking_url":"https:\/\/play.google.com\/store\/apps\/details?id=com.Madxstudios.Flickshootsoccer","activeCreativeID":"661","scenes":["1","2","6","4","5","13"],"campaignAdType":"Interstitial"},{"campaignID":"588","attribution":0,"priority":"6","appToPromote":{"appToPromoteID":"5026","usesDefaultFrameImage":"0","usesDefaultCloseImage":"0","marketURL":"https:\/\/play.google.com\/store\/apps\/details?id=com.as.cashupapp","packageID":"com.as.cashupapp"},"showTemplate":1,"s2s_tracking_url":"https:\/\/play.google.com\/store\/apps\/details?id=com.as.cashupapp","activeCreativeID":"652","scenes":["1","2","6","4","5","13"],"campaignAdType":"Interstitial"},{"campaignID":"6620","attribution":0,"priority":"6","appToPromote":{"appToPromoteID":"12980","usesDefaultFrameImage":"0","usesDefaultCloseImage":"0","marketURL":"https:\/\/play.google.com\/store\/apps\/details?id=com.sx.cooking.cafe.restaurant","packageID":"com.sx.cooking.cafe.restaurant"},"showTemplate":1,"s2s_tracking_url":"https:\/\/play.google.com\/store\/apps\/details?id=com.sx.cooking.cafe.restaurant","activeCreativeID":"1702","scenes":["1","2","6","4","5","13"],"campaignAdType":"Interstitial"},{"campaignID":"8876","attribution":0,"priority":"5","appToPromote":{"appToPromoteID":"15640","usesDefaultFrameImage":"0","usesDefaultCloseImage":"0","marketURL":"https:\/\/play.google.com\/store\/apps\/details?id=com.pgz.police.bike.stunt.ramp.bike.racing.games","packageID":"com.pgz.police.bike.stunt.ramp.bike.racing.games"},"showTemplate":1,"s2s_tracking_url":"https:\/\/play.google.com\/store\/apps\/details?id=com.pgz.police.bike.stunt.ramp.bike.racing.games","activeCreativeID":"4236","scenes":["1","2","6","4","5","13"],"campaignAdType":"Interstitial"},{"campaignID":"6596","attribution":0,"priority":"5","appToPromote":{"appToPromoteID":"12980","usesDefaultFrameImage":"0","usesDefaultCloseImage":"0","marketURL":"https:\/\/play.google.com\/store\/apps\/details?id=com.sx.cooking.cafe.restaurant","packageID":"com.sx.cooking.cafe.restaurant"},"showTemplate":1,"s2s_tracking_url":"https:\/\/play.google.com\/store\/apps\/details?id=com.sx.cooking.cafe.restaurant","activeCreativeID":"1702","scenes":["1","2","6","4","5","13"],"campaignAdType":"Interstitial"},{"campaignID":"414","attribution":0,"priority":"3","appToPromote":{"appToPromoteID":"3023","usesDefaultFrameImage":"0","usesDefaultCloseImage":"0","marketURL":"https:\/\/play.google.com\/store\/apps\/details?id=com.appricot2d.rolo.pet.parrot","packageID":"com.appricot2d.rolo.pet.parrot"},"showTemplate":1,"s2s_tracking_url":"https:\/\/play.google.com\/store\/apps\/details?id=com.appricot2d.rolo.pet.parrot","activeCreativeID":"385","scenes":["1","2","6","4","5","13"],"campaignAdType":"Interstitial"},{"campaignID":"559","attribution":0,"priority":"3","appToPromote":{"appToPromoteID":"3476","usesDefaultFrameImage":"0","usesDefaultCloseImage":"0","marketURL":"https:\/\/play.google.com\/store\/apps\/details?id=com.perspectivegames.real.impossible.tracks.stunts","packageID":"com.perspectivegames.real.impossible.tracks.stunts"},"showTemplate":1,"s2s_tracking_url":"https:\/\/play.google.com\/store\/apps\/details?id=com.perspectivegames.real.impossible.tracks.stunts","activeCreativeID":"649","scenes":["1","2","6","4","5","13"],"campaignAdType":"Interstitial"}],"refreshAdRate":30,"mode":"Production","aspectRatio":"9_16","cdnPath":"https:\/\/df8ymybeo92md.cloudfront.net\/images\/","sentry_log":0,"local_logging":0,"sentry_dsn":"https:\/\/93ffa1c9a4124f67b8888a53265f751a:bbf998e04584477fa9a145838e9d3b26@sentry.io\/168994","sentry_initialization":1,"sentry_debugging":0,"bannerSizes":["5"],"aspectRatioVideo":"9_16","app_id":"8213","showPreRewardedDialogue":0,"showPostRewardedDialogue":0,"rewardCurrency":"coins","rewardValue":0,"isSkipable":0,"privacyPolicyURL":"https:\/\/www.consoliads.com\/privacy-policy\/","sessionToken":"R7K\/z+Reu5ofW0oOks\/N93VfVzB\/Nrdvp\/vpBWQnj1VdMZRiBaZYvs0fKmbC5tBgUZcjR3CGMdsQPVCrX4yinPxnPGtO2J9pWue5JO6ioByABwwn18PECq0KZz\/KthWxR7ti10FYC1t4b3B8DFG7\/GU5jfjpwjwSqVTOZW+7frI="}
Session token value is set

mode value is set

 Aspect ratio value is correct
sentry_log value is set
Session token value is set


{"appKey":"0089de0074c9c018605188bf725d63c7","osVersion":"6.0","orientation":"0","is_mac":"0","model":"GT-Snnn2","deviceID":"431","telco_operator":"Maroc","cpu":"0","brand":"vivo","userConsent":"0","internet_connectivity":"0","height":"272","architecture":"armv8l","width":"272","resolution":"1344x720","ram":"1.68 GB","sdkVersion":"2237","product":"aosp_arm","devMode":"0"}
cache_ttl value is correct

Title value is correct

Refresh Ad Rate value is correct
mode value is set

 Aspect ratio value is correct
sentry_log value is set
local_logging value is set
sentry_initialization value is set
sentry_debugging value is set
showPreRewardedDialogue value is set
showPostRewardedDialogue value is set
isSkipable value is set
{"cache_ttl":10080,"cache_ttl_rewarded":10080,"cache_ttl_banner":10080,"cache_ttl_native":10080,"cache_ttl_icon":10080,"campaigns":[{"campaignID":0,"priority":10,"appToPromote":{"appToPromoteID":0,"usesDefaultFrameImage":"1","usesDefaultCloseImage":"1","packageID":"testPackage"},"showTemplate":2,"activeCreativeID":0,"campaignAdType":"Interstitial","scenes":["1"]},{"campaignID":0,"priority":10,"appToPromote":{"appToPromoteID":0,"usesDefaultFrameImage":"1","usesDefaultCloseImage":"1","packageID":"testPackage"},"showTemplate":2,"activeCreativeID":0,"campaignAdType":"Video","scenes":["1"]},{"campaignID":0,"priority":10,"appToPromote":{"appToPromoteID":0,"usesDefaultFrameImage":"1","usesDefaultCloseImage":"1","packageID":"testPackage"},"showTemplate":2,"activeCreativeID":0,"campaignAdType":"Rewarded Video","scenes":["1"]},{"campaignID":0,"priority":10,"appToPromote":{"appToPromoteID":0,"usesDefaultFrameImage":"1","usesDefaultCloseImage":"1","marketURL":"https:\/\/play.google.com","packageID":"testPackage"},"showTemplate":2,"activeCreativeID":0,"campaignAdType":"Banner","scenes":["1"]},{"campaignID":0,"priority":10,"appToPromote":{"appToPromoteID":0,"usesDefaultFrameImage":"1","usesDefaultCloseImage":"1","marketURL":"https:\/\/play.google.com","packageID":"testPackage"},"showTemplate":2,"activeCreativeID":0,"campaignAdType":"Native","title":"Test Title","subTitle":"Test Subtitle","description":"This is test description","adChoicesLink":"www.google.com","adClickThroughText":"Open Link","scenes":["1"]},{"campaignID":0,"priority":10,"appToPromote":{"appToPromoteID":0,"usesDefaultFrameImage":"1","usesDefaultCloseImage":"1","marketURL":"https:\/\/play.google.com","packageID":"testPackage"},"showTemplate":2,"activeCreativeID":0,"campaignAdType":"Icon","scenes":["1"]}],"refreshAdRate":30,"mode":"Testing","aspectRatio":"9_16","cdnPath":"https:\/\/df8ymybeo92md.cloudfront.net\/images\/","sentry_log":0,"local_logging":0,"sentry_dsn":"https:\/\/93ffa1c9a4124f67b8888a53265f751a:bbf998e04584477fa9a145838e9d3b26@sentry.io\/168994","sentry_initialization":1,"sentry_debugging":0,"bannerSizes":[],"aspectRatioVideo":"9_16","app_id":"17513","showPreRewardedDialogue":0,"showPostRewardedDialogue":0,"rewardCurrency":"coins","rewardValue":0,"isSkipable":1,"privacyPolicyURL":"https:\/\/www.consoliads.com\/privacy-policy\/","sessionToken":"\/18qsCgGDXfTyCwWwVCc4Rma\/gIXdSotJ8D8i8MU1exvuTyTl1bqsb6cMKDcj2D6TmTNAfnWYflYD\/lqiFEA5n20mT+dgon5JcJIz1kQo+dyjUKrX2Qoq0emY6F9axNglyMYpDnNE7xXKI7tNwShdfUVXiZUqpOo0Jo1iN1LDzM="}
Session token value is set


{"appKey":"008e67db746a628971d2387d0ad3903c","osVersion":"5.0","orientation":"0","is_mac":"0","model":"xiaomi Mi 4s","deviceID":"672","telco_operator":"Telecom","cpu":"0","brand":"samsung","userConsent":"0","internet_connectivity":"0","height":"368","architecture":"armv7l,","width":"368","resolution":"1024x552","ram":"3.68 GB","sdkVersion":"2106","product":"potter","devMode":"0"}
cache_ttl value is correct

Title value is correct

Refresh Ad Rate value is correct
mode value is set

 Aspect ratio value is correct
sentry_log value is set
local_logging value is set
sentry_initialization value is set
sentry_debugging value is set
showPreRewardedDialogue value is set
showPostRewardedDialogue value is set
isSkipable value is set
{"cache_ttl":10080,"cache_ttl_rewarded":10080,"cache_ttl_banner":10080,"cache_ttl_native":10080,"cache_ttl_icon":10080,"campaigns":[{"campaignID":0,"priority":10,"appToPromote":{"appToPromoteID":0,"usesDefaultFrameImage":"1","usesDefaultCloseImage":"1","packageID":"testPackage"},"showTemplate":2,"activeCreativeID":0,"campaignAdType":"Interstitial","scenes":["13","14","1","8","12"]},{"campaignID":0,"priority":10,"appToPromote":{"appToPromoteID":0,"usesDefaultFrameImage":"1","usesDefaultCloseImage":"1","packageID":"testPackage"},"showTemplate":2,"activeCreativeID":0,"campaignAdType":"Video","scenes":["13","14","1","8","12"]},{"campaignID":0,"priority":10,"appToPromote":{"appToPromoteID":0,"usesDefaultFrameImage":"1","usesDefaultCloseImage":"1","packageID":"testPackage"},"showTemplate":2,"activeCreativeID":0,"campaignAdType":"Rewarded Video","scenes":["13","14","1","8","12"]},{"campaignID":0,"priority":10,"appToPromote":{"appToPromoteID":0,"usesDefaultFrameImage":"1","usesDefaultCloseImage":"1","marketURL":"https:\/\/play.google.com","packageID":"testPackage"},"showTemplate":2,"activeCreativeID":0,"campaignAdType":"Banner","scenes":["13","14","1","8","12"]},{"campaignID":0,"priority":10,"appToPromote":{"appToPromoteID":0,"usesDefaultFrameImage":"1","usesDefaultCloseImage":"1","marketURL":"https:\/\/play.google.com","packageID":"testPackage"},"showTemplate":2,"activeCreativeID":0,"campaignAdType":"Native","title":"Test Title","subTitle":"Test Subtitle","description":"This is test description","adChoicesLink":"www.google.com","adClickThroughText":"Open Link","scenes":["13","14","1","8","12"]},{"campaignID":0,"priority":10,"appToPromote":{"appToPromoteID":0,"usesDefaultFrameImage":"1","usesDefaultCloseImage":"1","marketURL":"https:\/\/play.google.com","packageID":"testPackage"},"showTemplate":2,"activeCreativeID":0,"campaignAdType":"Icon","scenes":["13","14","1","8","12"]}],"refreshAdRate":30,"mode":"Production","aspectRatio":"9_16","cdnPath":"https:\/\/df8ymybeo92md.cloudfront.net\/images\/","sentry_log":0,"local_logging":0,"sentry_dsn":"https:\/\/93ffa1c9a4124f67b8888a53265f751a:bbf998e04584477fa9a145838e9d3b26@sentry.io\/168994","sentry_initialization":1,"sentry_debugging":0,"bannerSizes":["2","1","5"],"aspectRatioVideo":"9_16","app_id":"14370","showPreRewardedDialogue":0,"showPostRewardedDialogue":0,"rewardCurrency":"coins","rewardValue":0,"isSkipable":1,"privacyPolicyURL":"https:\/\/www.consoliads.com\/privacy-policy\/","sessionToken":"ETMj9ejPybIOm4Q88DSCuO3VkdITWdZ3GAoZyWCyUuNkEfpJxpbb0cXKHHVOT4ZCOOKs7VSsstFANhd\/M3PmQSX9FunzcL+6qJ1icMQX4qN9ebIsk82SoHYwWCobk4FirPlb4gVILVnX9p4i2WpbanodMRB9IPSLhb4LGLgPsz8="}
Session token value is set


{"appKey":"008e822aa3ad50d71198173f790c69b4","osVersion":"4.4","orientation":"0","is_mac":"0","model":"E5673","deviceID":"630","telco_operator":"airtel","cpu":"0","brand":"realme","userConsent":"0","internet_connectivity":"0","height":"352","architecture":"aarch81","width":"352","resolution":"1387x720","ram":"2.75 GB","sdkVersion":"39","product":"iPhone","devMode":"0"}
cache_ttl value is correct

Refresh Ad Rate value is correct
mode value is set

 Aspect ratio value is correct
sentry_log value is set
local_logging value is set
sentry_initialization value is set
sentry_debugging value is set
showPreRewardedDialogue value is set
showPostRewardedDialogue value is set
isSkipable value is set
{"cache_ttl":10080,"cache_ttl_rewarded":10080,"cache_ttl_banner":10080,"cache_ttl_native":10080,"cache_ttl_icon":10080,"refreshAdRate":30,"mode":"Production","aspectRatio":"9_16","cdnPath":"https:\/\/df8ymybeo92md.cloudfront.net\/images\/","sentry_log":0,"local_logging":0,"sentry_dsn":"https:\/\/93ffa1c9a4124f67b8888a53265f751a:bbf998e04584477fa9a145838e9d3b26@sentry.io\/168994","sentry_initialization":1,"sentry_debugging":0,"bannerSizes":["5"],"aspectRatioVideo":"9_16","app_id":"10452","showPreRewardedDialogue":0,"showPostRewardedDialogue":0,"rewardCurrency":"coins","rewardValue":0,"isSkipable":0,"privacyPolicyURL":"https:\/\/www.consoliads.com\/privacy-policy\/","sessionToken":"PY0f+jepw4PRueKXdshMQfhJKUMk2Vr+pNOX6fTwPFgpKKIFPEmQTYQqxpe1EfAB6nnfHwYD+DTJT6Tgbn0BVH7ZSFuwm8KS007F1qA+LOFdkvBy9geFsRmZ9I8jq1guBwy2YhFYSmtyvworTVmRRJx3wXWcOJ\/zsuovn8XM+X0="}
Session token value is set


{"appKey":"00935bc314ffec95b2283b192c68b5b8","osVersion":"4.3","orientation":"0","is_mac":"0","model":"E3372","deviceID":"230","telco_operator":"Metfone","cpu":"0","brand":"iPhone","userConsent":"0","internet_connectivity":"0","height":"192","architecture":"aarch81","width":"192","resolution":"1080 x 1920","ram":"1,37 GB","sdkVersion":"2056","product":"LUA-U22","devMode":"0"}
cache_ttl value is correct

Title value is correct

Title value is correct

Title value is correct

Title value is correct

Title value is correct

Title value is correct

Refresh Ad Rate value is correct
mode value is set

 Aspect ratio value is correct
sentry_log value is set
local_logging value is set
sentry_initialization value is set
sentry_debugging value is set
showPreRewardedDialogue value is set
showPostRewardedDialogue value is set
isSkipable value is set
{"cache_ttl":10080,"cache_ttl_rewarded":10080,"cache_ttl_banner":10080,"cache_ttl_native":10080,"cache_ttl_icon":10080,"campaigns":[{"campaignID":"8579","attribution":0,"priority":"1","appToPromote":{"appToPromoteID":"16145","usesDefaultFrameImage":"0","usesDefaultCloseImage":"0","marketURL":"https:\/\/play.google.com\/store\/apps\/details?id=com.backstreet.gun.strike.counter.terrorist.fps.shooting","packageID":"com.backstreet.gun.strike.counter.terrorist.fps.shooting"},"showTemplate":1,"s2s_tracking_url":"https:\/\/play.google.com\/store\/apps\/details?id=com.backstreet.gun.strike.counter.terrorist.fps.shooting","activeCreativeID":"3937","scenes":["1","2","8","13","15"],"campaignAdType":"Icon"},{"campaignID":"8580","attribution":0,"priority":"1","appToPromote":{"appToPromoteID":"16145","usesDefaultFrameImage":"0","usesDefaultCloseImage":"0","marketURL":"https:\/\/play.google.com\/store\/apps\/details?id=com.backstreet.gun.strike.counter.terrorist.fps.shooting","packageID":"com.backstreet.gun.strike.counter.terrorist.fps.shooting"},"showTemplate":1,"s2s_tracking_url":"https:\/\/play.google.com\/store\/apps\/details?id=com.backstreet.gun.strike.counter.terrorist.fps.shooting","activeCreativeID":"3938","scenes":["1","2","8","13","15"],"campaignAdType":"Video"},{"campaignID":"8580","attribution":0,"priority":"1","appToPromote":{"appToPromoteID":"16145","usesDefaultFrameImage":"0","usesDefaultCloseImage":"0","marketURL":"https:\/\/play.google.com\/store\/apps\/details?id=com.backstreet.gun.strike.counter.terrorist.fps.shooting","packageID":"com.backstreet.gun.strike.counter.terrorist.fps.shooting"},"showTemplate":1,"s2s_tracking_url":"https:\/\/play.google.com\/store\/apps\/details?id=com.backstreet.gun.strike.counter.terrorist.fps.shooting","activeCreativeID":"3938","scenes":["1","2","8","13","15"],"campaignAdType":"Video"},{"campaignID":"8580","attribution":0,"priority":"1","appToPromote":{"appToPromoteID":"16145","usesDefaultFrameImage":"0","usesDefaultCloseImage":"0","marketURL":"https:\/\/play.google.com\/store\/apps\/details?id=com.backstreet.gun.strike.counter.terrorist.fps.shooting","packageID":"com.backstreet.gun.strike.counter.terrorist.fps.shooting"},"showTemplate":1,"s2s_tracking_url":"https:\/\/play.google.com\/store\/apps\/details?id=com.backstreet.gun.strike.counter.terrorist.fps.shooting","activeCreativeID":"3938","scenes":["1","2","8","13","15"],"campaignAdType":"Video"},{"campaignID":"8226","attribution":0,"priority":"8","appToPromote":{"appToPromoteID":"12623","usesDefaultFrameImage":"0","usesDefaultCloseImage":"0","marketURL":"https:\/\/play.google.com\/store\/apps\/details?id=com.igg.android.lordsmobile&amp;referrer=utm_source=42matters.com&amp;utm_medium=api","packageID":"com.nooribrand.android.lordsmobile"},"showTemplate":1,"s2s_tracking_url":"https:\/\/play.google.com\/store\/apps\/details?id=com.igg.android.lordsmobile&amp;referrer=utm_source=42matters.com&amp;utm_medium=api","activeCreativeID":"3557","scenes":["1","2","8","13","15"],"campaignAdType":"Icon"},{"campaignID":"8613","attribution":0,"priority":"8","appToPromote":{"appToPromoteID":"12623","usesDefaultFrameImage":"0","usesDefaultCloseImage":"0","marketURL":"https:\/\/play.google.com\/store\/apps\/details?id=com.igg.android.lordsmobile&amp;referrer=utm_source=42matters.com&amp;utm_medium=api","packageID":"com.nooribrand.android.lordsmobile"},"showTemplate":1,"s2s_tracking_url":"https:\/\/play.google.com\/store\/apps\/details?id=com.igg.android.lordsmobile&amp;referrer=utm_source=42matters.com&amp;utm_medium=api","activeCreativeID":"3557","scenes":["1","2","8","13","15"],"campaignAdType":"Icon"},{"campaignID":"9249","attribution_link":"https:\/\/app.appsflyer.com\/com.lgn.gun.strike.war.train.shooting.games?pid=consoliads_int&amp;af_click_lookback=7d&amp;clickid=13326_9249_230&amp;android_id={android_id}&amp;sha1_android_id={sha1_android_id}&amp;advertising_id=230&amp;sha1_advertising_id=2815f6b98b7a1fc00fc6bbb6d86583c410d86af7&amp;af_keywords=2","attribution":1,"priority":"8","appToPromote":{"appToPromoteID":"13421","usesDefaultFrameImage":"0","usesDefaultCloseImage":"0","marketURL":"http:\/\/www.google.com","packageID":"com.appricot2d.testt"},"showTemplate":1,"s2s_tracking_url":"https:\/\/app.appsflyer.com\/com.lgn.gun.strike.war.train.shooting.games?pid=consoliads_int&amp;af_click_lookback=7d&amp;clickid=13326_9249_230&amp;android_id={android_id}&amp;sha1_android_id={sha1_android_id}&amp;advertising_id=230&amp;sha1_advertising_id=2815f6b98b7a1fc00fc6bbb6d86583c410d86af7&amp;af_keywords=2","activeCreativeID":"4679","scenes":["1","2","8","13","15"],"campaignAdType":"Interstitial"},{"campaignID":"9252","attribution":0,"priority":"8","appToPromote":{"appToPromoteID":"12315","usesDefaultFrameImage":"0","usesDefaultCloseImage":"0","marketURL":"google.com","packageID":"com.qabrand.plnative"},"showTemplate":1,"s2s_tracking_url":"google.com","activeCreativeID":"4683","scenes":["1","2","8","13","15"],"campaignAdType":"Native","title":"Native first","subTitle":"First ","description":"New description","adClickThroughText":"FIRST Button"},{"campaignID":"9253","attribution":0,"priority":"8","appToPromote":{"appToPromoteID":"12315","usesDefaultFrameImage":"0","usesDefaultCloseImage":"0","marketURL":"google.com","packageID":"com.qabrand.plnative"},"showTemplate":1,"s2s_tracking_url":"google.com","activeCreativeID":"4683","scenes":["1","2","8","13","15"],"campaignAdType":"Native","title":"Native first","subTitle":"First ","description":"New description","adClickThroughText":"FIRST Button"},{"campaignID":"9255","attribution":0,"priority":"8","appToPromote":{"appToPromoteID":"13274","usesDefaultFrameImage":"0","usesDefaultCloseImage":"0","marketURL":"https:\/\/play.google.com\/store\/apps\/details?id=com.facebook.katana","packageID":"com.salon.adsalon"},"showTemplate":1,"s2s_tracking_url":"https:\/\/play.google.com\/store\/apps\/details?id=com.facebook.katana","activeCreativeID":"4685","scenes":["1","2","8","13","15"],"campaignAdType":"Native","title":"native NA ","subTitle":"native NA ","description":"native NA added","adClickThroughText":"native NA "},{"campaignID":"9257","attribution":0,"priority":"8","appToPromote":{"appToPromoteID":"12286","usesDefaultFrameImage":"0","usesDefaultCloseImage":"0","marketURL":"google.com","packageID":"com.qabrand.Chartboost_Native"},"showTemplate":1,"s2s_tracking_url":"google.com","activeCreativeID":"4688","scenes":["1","2","8","13","15"],"campaignAdType":"Native","title":"Native second updated","subTitle":"Native second ","description":"Native second details","adClickThroughText":"Native second "},{"campaignID":"9261","attribution_link":"https:\/\/app.appsflyer.com\/com.lgn.gun.strike.war.train.shooting.games?pid=consoliads_int&amp;af_click_lookback=7d&amp;clickid=13326_9261_230&amp;android_id={android_id}&amp;sha1_android_id={sha1_android_id}&amp;advertising_id=230&amp;sha1_advertising_id=2815f6b98b7a1fc00fc6bbb6d86583c410d86af7&amp;af_keywords=2","attribution":1,"priority":"8","appToPromote":{"appToPromoteID":"13421","usesDefaultFrameImage":"0","usesDefaultCloseImage":"0","marketURL":"http:\/\/www.google.com","packageID":"com.appricot2d.testt"},"showTemplate":1,"s2s_tracking_url":"https:\/\/app.appsflyer.com\/com.lgn.gun.strike.war.train.shooting.games?pid=consoliads_int&amp;af_click_lookback=7d&amp;clickid=13326_9261_230&amp;android_id={android_id}&amp;sha1_android_id={sha1_android_id}&amp;advertising_id=230&amp;sha1_advertising_id=2815f6b98b7a1fc00fc6bbb6d86583c410d86af7&amp;af_keywords=2","activeCreativeID":"4692","scenes":["1","2","8","13","15"],"campaignAdType":"Interstitial"},{"campaignID":"9263","attribution":0,"priority":"8","appToPromote":{"appToPromoteID":"12315","usesDefaultFrameImage":"0","usesDefaultCloseImage":"0","marketURL":"google.com","packageID":"com.qabrand.plnative"},"showTemplate":1,"s2s_tracking_url":"google.com","activeCreativeID":"4694","scenes":["1","2","8","13","15"],"campaignAdType":"Native","title":"test","subTitle":"test","description":" test details update","adClickThroughText":"test"},{"campaignID":"9127","attribution":0,"priority":"8","appToPromote":{"appToPromoteID":"17528","usesDefaultFrameImage":"0","usesDefaultCloseImage":"0","marketURL":"https:\/\/play.google.com\/store\/apps\/details?id=net.one97.paytm","packageID":"net.one97.paytm"},"showTemplate":1,"s2s_tracking_url":"https:\/\/tha.gotrackier.com\/click?campaign_id=63249\\u0026pub_id=75?p1=13326_9127_230&amp;source=6841&amp;app_name=ShootingCarStuntsGames&amp;gaid=230","activeCreativeID":"4788","scenes":["1","2","8","13","15"],"campaignAdType":"Native","title":"BCA","subTitle":"FW","description":"nope","adClickThroughText":"Link"},{"campaignID":"9131","attribution":0,"priority":"8","appToPromote":{"appToPromoteID":"17532","usesDefaultFrameImage":"0","usesDefaultCloseImage":"0","marketURL":"https:\/\/play.google.com\/store\/apps\/details?id=com.dhgate.buyermob","packageID":"com.dhgate.buyermob"},"showTemplate":1,"s2s_tracking_url":"https:\/\/tha.gotrackier.com\/click?campaign_id=63254\\u0026pub_id=75?p1=13326_9131_230&amp;source=6841&amp;app_name=ShootingCarStuntsGames&amp;gaid=230","activeCreativeID":"4483","scenes":["1","2","8","13","15"],"campaignAdType":"Interstitial"},{"campaignID":"6620","attribution":0,"priority":"6","appToPromote":{"appToPromoteID":"12980","usesDefaultFrameImage":"0","usesDefaultCloseImage":"0","marketURL":"https:\/\/play.google.com\/store\/apps\/details?id=com.sx.cooking.cafe.restaurant","packageID":"com.sx.cooking.cafe.restaurant"},"showTemplate":1,"s2s_tracking_url":"https:\/\/play.google.com\/store\/apps\/details?id=com.sx.cooking.cafe.restaurant","activeCreativeID":"1702","scenes":["1","2","8","13","15"],"campaignAdType":"Interstitial"},{"campaignID":"8876","attribution":0,"priority":"5","appToPromote":{"appToPromoteID":"15640","usesDefaultFrameImage":"0","usesDefaultCloseImage":"0","marketURL":"https:\/\/play.google.com\/store\/apps\/details?id=com.pgz.police.bike.stunt.ramp.bike.racing.games","packageID":"com.pgz.police.bike.stunt.ramp.bike.racing.games"},"showTemplate":1,"s2s_tracking_url":"https:\/\/play.google.com\/store\/apps\/details?id=com.pgz.police.bike.stunt.ramp.bike.racing.games","activeCreativeID":"4236","scenes":["1","2","8","13","15"],"campaignAdType":"Interstitial"},{"campaignID":"6596","attribution":0,"priority":"5","appToPromote":{"appToPromoteID":"12980","usesDefaultFrameImage":"0","usesDefaultCloseImage":"0","marketURL":"https:\/\/play.google.com\/store\/apps\/details?id=com.sx.cooking.cafe.restaurant","packageID":"com.sx.cooking.cafe.restaurant"},"showTemplate":1,"s2s_tracking_url":"https:\/\/play.google.com\/store\/apps\/details?id=com.sx.cooking.cafe.restaurant","activeCreativeID":"1702","scenes":["1","2","8","13","15"],"campaignAdType":"Interstitial"},{"campaignID":"8762","attribution":0,"priority":"2","appToPromote":{"appToPromoteID":"13265","usesDefaultFrameImage":"0","usesDefaultCloseImage":"0","marketURL":"https:\/\/play.google.com\/store\/apps\/details?id=com.rhg.tricky.bike.stunt.moto.master","packageID":"com.rhg.tricky.bike.stunt.moto.master"},"showTemplate":1,"s2s_tracking_url":"https:\/\/play.google.com\/store\/apps\/details?id=com.rhg.tricky.bike.stunt.moto.master","activeCreativeID":"4121","scenes":["1","2","8","13","15"],"campaignAdType":"Rewarded Video"},{"campaignID":"8879","attribution":0,"priority":"2","appToPromote":{"appToPromoteID":"15640","usesDefaultFrameImage":"0","usesDefaultCloseImage":"0","marketURL":"https:\/\/play.google.com\/store\/apps\/details?id=com.pgz.police.bike.stunt.ramp.bike.racing.games","packageID":"com.pgz.police.bike.stunt.ramp.bike.racing.games"},"showTemplate":1,"s2s_tracking_url":"https:\/\/play.google.com\/store\/apps\/details?id=com.pgz.police.bike.stunt.ramp.bike.racing.games","activeCreativeID":"4239","scenes":["1","2","8","13","15"],"campaignAdType":"Banner"},{"campaignID":"8971","attribution":0,"priority":"2","appToPromote":{"appToPromoteID":"15640","usesDefaultFrameImage":"0","usesDefaultCloseImage":"0","marketURL":"https:\/\/play.google.com\/store\/apps\/details?id=com.pgz.police.bike.stunt.ramp.bike.racing.games","packageID":"com.pgz.police.bike.stunt.ramp.bike.racing.games"},"showTemplate":1,"s2s_tracking_url":"https:\/\/play.google.com\/store\/apps\/details?id=com.pgz.police.bike.stunt.ramp.bike.racing.games","activeCreativeID":"4236","scenes":["1","2","8","13","15"],"campaignAdType":"Interstitial"},{"campaignID":"9366","attribution":0,"priority":"2","appToPromote":{"appToPromoteID":"17602","usesDefaultFrameImage":"0","usesDefaultCloseImage":"0","marketURL":"https:\/\/play.google.com\/store\/apps\/details?id=com.abaenglish.videoclass&amp;referrer=utm_source=42matters.com&amp;utm_medium=api","packageID":"com.abaenglish.videoclass"},"showTemplate":1,"s2s_tracking_url":"https:\/\/play.google.com\/store\/apps\/details?id=com.abaenglish.videoclass&amp;referrer=utm_source=42matters.com&amp;utm_medium=api","activeCreativeID":"4815","scenes":["1","2","8","13","15"],"campaignAdType":"Interstitial"},{"campaignID":"9367","attribution":0,"priority":"2","appToPromote":{"appToPromoteID":"17602","usesDefaultFrameImage":"0","usesDefaultCloseImage":"0","marketURL":"https:\/\/play.google.com\/store\/apps\/details?id=com.abaenglish.videoclass&amp;referrer=utm_source=42matters.com&amp;utm_medium=api","packageID":"com.abaenglish.videoclass"},"showTemplate":1,"s2s_tracking_url":"https:\/\/play.google.com\/store\/apps\/details?id=com.abaenglish.videoclass&amp;referrer=utm_source=42matters.com&amp;utm_medium=api","activeCreativeID":"4815","scenes":["1","2","8","13","15"],"campaignAdType":"Interstitial"},{"campaignID":"9368","attribution":0,"priority":"2","appToPromote":{"appToPromoteID":"17602","usesDefaultFrameImage":"0","usesDefaultCloseImage":"0","marketURL":"https:\/\/play.google.com\/store\/apps\/details?id=com.abaenglish.videoclass&amp;referrer=utm_source=42matters.com&amp;utm_medium=api","packageID":"com.abaenglish.videoclass"},"showTemplate":1,"s2s_tracking_url":"https:\/\/play.google.com\/store\/apps\/details?id=com.abaenglish.videoclass&amp;referrer=utm_source=42matters.com&amp;utm_medium=api","activeCreativeID":"4815","scenes":["1","2","8","13","15"],"campaignAdType":"Interstitial"},{"campaignID":"9369","attribution":0,"priority":"2","appToPromote":{"appToPromoteID":"17602","usesDefaultFrameImage":"0","usesDefaultCloseImage":"0","marketURL":"https:\/\/play.google.com\/store\/apps\/details?id=com.abaenglish.videoclass&amp;referrer=utm_source=42matters.com&amp;utm_medium=api","packageID":"com.abaenglish.videoclass"},"showTemplate":1,"s2s_tracking_url":"https:\/\/play.google.com\/store\/apps\/details?id=com.abaenglish.videoclass&amp;referrer=utm_source=42matters.com&amp;utm_medium=api","activeCreativeID":"4815","scenes":["1","2","8","13","15"],"campaignAdType":"Interstitial"},{"campaignID":"9370","attribution":0,"priority":"2","appToPromote":{"appToPromoteID":"17602","usesDefaultFrameImage":"0","usesDefaultCloseImage":"0","marketURL":"https:\/\/play.google.com\/store\/apps\/details?id=com.abaenglish.videoclass&amp;referrer=utm_source=42matters.com&amp;utm_medium=api","packageID":"com.abaenglish.videoclass"},"showTemplate":1,"s2s_tracking_url":"https:\/\/play.google.com\/store\/apps\/details?id=com.abaenglish.videoclass&amp;referrer=utm_source=42matters.com&amp;utm_medium=api","activeCreativeID":"4815","scenes":["1","2","8","13","15"],"campaignAdType":"Interstitial"}],"refreshAdRate":30,"mode":"Production","aspectRatio":"9_16","cdnPath":"https:\/\/df8ymybeo92md.cloudfront.net\/images\/","sentry_log":0,"local_logging":0,"sentry_dsn":"https:\/\/93ffa1c9a4124f67b8888a53265f751a:bbf998e04584477fa9a145838e9d3b26@sentry.io\/168994","sentry_initialization":1,"sentry_debugging":0,"bannerSizes":["1"],"aspectRatioVideo":"9_16","app_id":"13326","showPreRewardedDialogue":0,"showPostRewardedDialogue":0,"rewardCurrency":"coins","rewardValue":0,"isSkipable":1,"privacyPolicyURL":"https:\/\/www.consoliads.com\/privacy-policy\/","sessionToken":"dvrwnfNDWwKJhD3wETnJvPFiD3hVCppi1gVNsWzH9WGl3GctHMP2OI+tMcbDq\/VM9eMlWT0XCp8a3XpCH7foa0b2pjFHXvCSWcOn8usr9HKDENkXImvkIoGyBImDxviU7\/1dgWeAQkg5pwzgUv6hOQBuxzfoMN8aaNrQF7pnZqk="}
Session token value is set


{"appKey":"0096820732ca931816a3bc90f621bfa5","osVersion":"4.2","orientation":"0","is_mac":"0","model":"iphone 3GS","deviceID":"955","telco_operator":" Ooredoo","cpu":"0","brand":"OPPO","userConsent":"0","internet_connectivity":"0","height":"482","architecture":"armv64","width":"482","resolution":"1440 x 2960","ram":"3.69 GB","sdkVersion":"26","product":"BKK-LX2","devMode":"0"}
cache_ttl value is correct

Refresh Ad Rate value is correct
mode value is set

 Aspect ratio value is correct
sentry_log value is set
local_logging value is set
sentry_initialization value is set
sentry_debugging value is set
showPreRewardedDialogue value is set
showPostRewardedDialogue value is set
isSkipable value is set
{"cache_ttl":10080,"cache_ttl_rewarded":10080,"cache_ttl_banner":10080,"cache_ttl_native":10080,"cache_ttl_icon":10080,"refreshAdRate":30,"mode":"Production","aspectRatio":"9_16","cdnPath":"https:\/\/df8ymybeo92md.cloudfront.net\/images\/","sentry_log":0,"local_logging":0,"sentry_dsn":"https:\/\/e6dcd89483ae4d13b0f42ed3810d8d62:078421c4ad3d43f19885b30828ce7ee6@sentry.io\/187776","sentry_initialization":1,"sentry_debugging":0,"bannerSizes":["5"],"aspectRatioVideo":"9_16","app_id":"4242","showPreRewardedDialogue":0,"showPostRewardedDialogue":0,"rewardCurrency":"coins","rewardValue":0,"isSkipable":0,"privacyPolicyURL":"https:\/\/www.consoliads.com\/privacy-policy\/","sessionToken":"3w4gfIq2hBfXLeQLsUcv+mrhE0M5eahjcZyouco3DjEVipRerrZ5WSpKxVrMvj2\/keABsztT3X7mQHnAp82sF+Y7xaXoKALXTM30j8T+kZrDkitysBMZI5LNJFYPl06xkJBs\/vnTgGLb8tUZwJEm1rEHoWX7E1wjZL2xcGvVvmw="}
Session token value is set

mode value is set

 Aspect ratio value is correct
sentry_log value is set
Session token value is set

mode value is set

 Aspect ratio value is correct
sentry_log value is set
Session token value is set


{"appKey":"009e7fd62a094309d8dc3e29376a603c","osVersion":"7.0","orientation":"0","is_mac":"0","model":"GT-Snnn0","deviceID":"114","telco_operator":"Oi","cpu":"0","brand":"HONOR","userConsent":"0","internet_connectivity":"0","height":"145","architecture":"aarch64","width":"145","resolution":"1436x720","ram":"1.77 GB","sdkVersion":"2163","product":"STK-L21M","devMode":"0"}
cache_ttl value is correct

Title value is correct

Title value is correct

Title value is correct

Title value is correct

Title value is correct

Title value is correct

Refresh Ad Rate value is correct
mode value is set

 Aspect ratio value is correct
sentry_log value is set
local_logging value is set
sentry_initialization value is set
sentry_debugging value is set
showPreRewardedDialogue value is set
showPostRewardedDialogue value is set
isSkipable value is set
{"cache_ttl":10080,"cache_ttl_rewarded":10080,"cache_ttl_banner":10080,"cache_ttl_native":10080,"cache_ttl_icon":10080,"campaigns":[{"campaignID":"9384","attribution":0,"priority":"5","appToPromote":{"appToPromoteID":"13185","usesDefaultFrameImage":"0","usesDefaultCloseImage":"0","marketURL":"https:\/\/play.google.com\/store\/apps\/details?id=com.gamesarena.flying.bike.tricks.stunts&amp;referrer=utm_source=42matters.com&amp;utm_medium=api","packageID":"com.gamesarena.flying.bike.tricks.stunts"},"showTemplate":1,"s2s_tracking_url":"https:\/\/play.google.com\/store\/apps\/details?id=com.gamesarena.flying.bike.tricks.stunts&amp;referrer=utm_source=42matters.com&amp;utm_medium=api","activeCreativeID":"4829","scenes":["12","1","8","6","15","2"],"campaignAdType":"Interstitial"},{"campaignID":"9386","attribution":0,"priority":"5","appToPromote":{"appToPromoteID":"17764","usesDefaultFrameImage":"0","usesDefaultCloseImage":"0","marketURL":"https:\/\/play.google.com\/store\/apps\/details?id=com.visiblebody.atlas&amp;referrer=utm_source=42matters.com&amp;utm_medium=api","packageID":"com.gamesarena..test6324"},"showTemplate":1,"s2s_tracking_url":"https:\/\/play.google.com\/store\/apps\/details?id=com.visiblebody.atlas&amp;referrer=utm_source=42matters.com&amp;utm_medium=api","activeCreativeID":"4828","scenes":["12","1","8","6","15","2"],"campaignAdType":"Interstitial"},{"campaignID":"9389","attribution":0,"priority":"5","appToPromote":{"appToPromoteID":"13185","usesDefaultFrameImage":"0","usesDefaultCloseImage":"0","marketURL":"https:\/\/play.google.com\/store\/apps\/details?id=com.gamesarena.flying.bike.tricks.stunts&amp;referrer=utm_source=42matters.com&amp;utm_medium=api","packageID":"com.gamesarena.flying.bike.tricks.stunts"},"showTemplate":1,"s2s_tracking_url":"https:\/\/play.google.com\/store\/apps\/details?id=com.gamesarena.flying.bike.tricks.stunts&amp;referrer=utm_source=42matters.com&amp;utm_medium=api","activeCreativeID":"4829","scenes":["12","1","8","6","15","2"],"campaignAdType":"Interstitial"},{"campaignID":"9390","attribution":0,"priority":"5","appToPromote":{"appToPromoteID":"17764","usesDefaultFrameImage":"0","usesDefaultCloseImage":"0","marketURL":"https:\/\/play.google.com\/store\/apps\/details?id=com.visiblebody.atlas&amp;referrer=utm_source=42matters.com&amp;utm_medium=api","packageID":"com.gamesarena..test6324"},"showTemplate":1,"s2s_tracking_url":"https:\/\/play.google.com\/store\/apps\/details?id=com.visiblebody.atlas&amp;referrer=utm_source=42matters.com&amp;utm_medium=api","activeCreativeID":"4828","scenes":["12","1","8","6","15","2"],"campaignAdType":"Interstitial"},{"campaignID":"8355","attribution":0,"priority":"5","appToPromote":{"appToPromoteID":"16325","usesDefaultFrameImage":"0","usesDefaultCloseImage":"0","marketURL":"https:\/\/play.google.com\/store\/apps\/details?id=com.tgp.mega.ramp.ambulance.car.stunts","packageID":"com.tgp.mega.ramp.ambulance.car.stunts"},"showTemplate":1,"s2s_tracking_url":"https:\/\/play.google.com\/store\/apps\/details?id=com.tgp.mega.ramp.ambulance.car.stunts","activeCreativeID":"3693","scenes":["12","1","8","6","15","2"],"campaignAdType":"Icon"},{"campaignID":"8795","attribution":0,"priority":"5","appToPromote":{"appToPromoteID":"16325","usesDefaultFrameImage":"0","usesDefaultCloseImage":"0","marketURL":"https:\/\/play.google.com\/store\/apps\/details?id=com.tgp.mega.ramp.ambulance.car.stunts","packageID":"com.tgp.mega.ramp.ambulance.car.stunts"},"showTemplate":1,"s2s_tracking_url":"https:\/\/play.google.com\/store\/apps\/details?id=com.tgp.mega.ramp.ambulance.car.stunts","activeCreativeID":"4157","scenes":["12","1","8","6","15","2"],"campaignAdType":"Native","title":"Mega Ramp Stunts Game","subTitle":"Car Stunts ","description":"Mega Ramp Stunts Game","adClickThroughText":"Download FREE"},{"campaignID":"8376","attribution":0,"priority":"3","appToPromote":{"appToPromoteID":"16325","usesDefaultFrameImage":"0","usesDefaultCloseImage":"0","marketURL":"https:\/\/play.google.com\/store\/apps\/details?id=com.tgp.mega.ramp.ambulance.car.stunts","packageID":"com.tgp.mega.ramp.ambulance.car.stunts"},"showTemplate":1,"s2s_tracking_url":"https:\/\/play.google.com\/store\/apps\/details?id=com.tgp.mega.ramp.ambulance.car.stunts","activeCreativeID":"3718","scenes":["12","1","8","6","15","2"],"campaignAdType":"Interstitial"},{"campaignID":"8354","attribution":0,"priority":"2","appToPromote":{"appToPromoteID":"16325","usesDefaultFrameImage":"0","usesDefaultCloseImage":"0","marketURL":"https:\/\/play.google.com\/store\/apps\/details?id=com.tgp.mega.ramp.ambulance.car.stunts","packageID":"com.tgp.mega.ramp.ambulance.car.stunts"},"showTemplate":1,"s2s_tracking_url":"https:\/\/play.google.com\/store\/apps\/details?id=com.tgp.mega.ramp.ambulance.car.stunts","activeCreativeID":"3692","scenes":["12","1","8","6","15","2"],"campaignAdType":"Interstitial"},{"campaignID":"8226","attribution":0,"priority":"8","appToPromote":{"appToPromoteID":"12623","usesDefaultFrameImage":"0","usesDefaultCloseImage":"0","marketURL":"https:\/\/play.google.com\/store\/apps\/details?id=com.igg.android.lordsmobile&amp;referrer=utm_source=42matters.com&amp;utm_medium=api","packageID":"com.nooribrand.android.lordsmobile"},"showTemplate":1,"s2s_tracking_url":"https:\/\/play.google.com\/store\/apps\/details?id=com.igg.android.lordsmobile&amp;referrer=utm_source=42matters.com&amp;utm_medium=api","activeCreativeID":"3557","scenes":["12","1","8","6","15","2"],"campaignAdType":"Icon"},{"campaignID":"8613","attribution":0,"priority":"8","appToPromote":{"appToPromoteID":"12623","usesDefaultFrameImage":"0","usesDefaultCloseImage":"0","marketURL":"https:\/\/play.google.com\/store\/apps\/details?id=com.igg.android.lordsmobile&amp;referrer=utm_source=42matters.com&amp;utm_medium=api","packageID":"com.nooribrand.android.lordsmobile"},"showTemplate":1,"s2s_tracking_url":"https:\/\/play.google.com\/store\/apps\/details?id=com.igg.android.lordsmobile&amp;referrer=utm_source=42matters.com&amp;utm_medium=api","activeCreativeID":"3557","scenes":["12","1","8","6","15","2"],"campaignAdType":"Icon"},{"campaignID":"9249","attribution_link":"https:\/\/app.appsflyer.com\/com.lgn.gun.strike.war.train.shooting.games?pid=consoliads_int&amp;af_click_lookback=7d&amp;clickid=2009_9249_114&amp;android_id={android_id}&amp;sha1_android_id={sha1_android_id}&amp;advertising_id=114&amp;sha1_advertising_id=ecb7937db58ec9dea0c47db88463d85e81143032&amp;af_keywords=2","attribution":1,"priority":"8","appToPromote":{"appToPromoteID":"13421","usesDefaultFrameImage":"0","usesDefaultCloseImage":"0","marketURL":"http:\/\/www.google.com","packageID":"com.appricot2d.testt"},"showTemplate":1,"s2s_tracking_url":"https:\/\/app.appsflyer.com\/com.lgn.gun.strike.war.train.shooting.games?pid=consoliads_int&amp;af_click_lookback=7d&amp;clickid=2009_9249_114&amp;android_id={android_id}&amp;sha1_android_id={sha1_android_id}&amp;advertising_id=114&amp;sha1_advertising_id=ecb7937db58ec9dea0c47db88463d85e81143032&amp;af_keywords=2","activeCreativeID":"4679","scenes":["12","1","8","6","15","2"],"campaignAdType":"Interstitial"},{"campaignID":"9252","attribution":0,"priority":"8","appToPromote":{"appToPromoteID":"12315","usesDefaultFrameImage":"0","usesDefaultCloseImage":"0","marketURL":"google.com","packageID":"com.qabrand.plnative"},"showTemplate":1,"s2s_tracking_url":"google.com","activeCreativeID":"4683","scenes":["12","1","8","6","15","2"],"campaignAdType":"Native","title":"Native first","subTitle":"First ","description":"New description","adClickThroughText":"FIRST Button"},{"campaignID":"9253","attribution":0,"priority":"8","appToPromote":{"appToPromoteID":"12315","usesDefaultFrameImage":"0","usesDefaultCloseImage":"0","marketURL":"google.com","packageID":"com.qabrand.plnative"},"showTemplate":1,"s2s_tracking_url":"google.com","activeCreativeID":"4683","scenes":["12","1","8","6","15","2"],"campaignAdType":"Native","title":"Native first","subTitle":"First ","description":"New description","adClickThroughText":"FIRST Button"},{"campaignID":"9255","attribution":0,"priority":"8","appToPromote":{"appToPromoteID":"13274","usesDefaultFrameImage":"0","usesDefaultCloseImage":"0","marketURL":"https:\/\/play.google.com\/store\/apps\/details?id=com.facebook.katana","packageID":"com.salon.adsalon"},"showTemplate":1,"s2s_tracking_url":"https:\/\/play.google.com\/store\/apps\/details?id=com.facebook.katana","activeCreativeID":"4685","scenes":["12","1","8","6","15","2"],"campaignAdType":"Native","title":"native NA ","subTitle":"native NA ","description":"native NA added","adClickThroughText":"native NA "},{"campaignID":"9257","attribution":0,"priority":"8","appToPromote":{"appToPromoteID":"12286","usesDefaultFrameImage":"0","usesDefaultCloseImage":"0","marketURL":"google.com","packageID":"com.qabrand.Chartboost_Native"},"showTemplate":1,"s2s_tracking_url":"google.com","activeCreativeID":"4688","scenes":["12","1","8","6","15","2"],"campaignAdType":"Native","title":"Native second updated","subTitle":"Native second ","description":"Native second details","adClickThroughText":"Native second "},{"campaignID":"9261","attribution_link":"https:\/\/app.appsflyer.com\/com.lgn.gun.strike.war.train.shooting.games?pid=consoliads_int&amp;af_click_lookback=7d&amp;clickid=2009_9261_114&amp;android_id={android_id}&amp;sha1_android_id={sha1_android_id}&amp;advertising_id=114&amp;sha1_advertising_id=ecb7937db58ec9dea0c47db88463d85e81143032&amp;af_keywords=2","attribution":1,"priority":"8","appToPromote":{"appToPromoteID":"13421","usesDefaultFrameImage":"0","usesDefaultCloseImage":"0","marketURL":"http:\/\/www.google.com","packageID":"com.appricot2d.testt"},"showTemplate":1,"s2s_tracking_url":"https:\/\/app.appsflyer.com\/com.lgn.gun.strike.war.train.shooting.games?pid=consoliads_int&amp;af_click_lookback=7d&amp;clickid=2009_9261_114&amp;android_id={android_id}&amp;sha1_android_id={sha1_android_id}&amp;advertising_id=114&amp;sha1_advertising_id=ecb7937db58ec9dea0c47db88463d85e81143032&amp;af_keywords=2","activeCreativeID":"4692","scenes":["12","1","8","6","15","2"],"campaignAdType":"Interstitial"},{"campaignID":"9263","attribution":0,"priority":"8","appToPromote":{"appToPromoteID":"12315","usesDefaultFrameImage":"0","usesDefaultCloseImage":"0","marketURL":"google.com","packageID":"com.qabrand.plnative"},"showTemplate":1,"s2s_tracking_url":"google.com","activeCreativeID":"4694","scenes":["12","1","8","6","15","2"],"campaignAdType":"Native","title":"test","subTitle":"test","description":" test details update","adClickThroughText":"test"},{"campaignID":"9131","attribution":0,"priority":"8","appToPromote":{"appToPromoteID":"17532","usesDefaultFrameImage":"0","usesDefaultCloseImage":"0","marketURL":"https:\/\/play.google.com\/store\/apps\/details?id=com.dhgate.buyermob","packageID":"com.dhgate.buyermob"},"showTemplate":1,"s2s_tracking_url":"https:\/\/tha.gotrackier.com\/click?campaign_id=63254\\u0026pub_id=75?p1=2009_9131_114&amp;source=6841&amp;app_name=PoliceDogAirportCrimeChase&amp;gaid=114","activeCreativeID":"4483","scenes":["12","1","8","6","15","2"],"campaignAdType":"Interstitial"},{"campaignID":"561","attribution":0,"priority":"6","appToPromote":{"appToPromoteID":"5026","usesDefaultFrameImage":"0","usesDefaultCloseImage":"0","marketURL":"https:\/\/play.google.com\/store\/apps\/details?id=com.as.cashupapp","packageID":"com.as.cashupapp"},"showTemplate":1,"s2s_tracking_url":"https:\/\/play.google.com\/store\/apps\/details?id=com.as.cashupapp","activeCreativeID":"652","scenes":["12","1","8","6","15","2"],"campaignAdType":"Interstitial"},{"campaignID":"570","attribution":0,"priority":"6","appToPromote":{"appToPromoteID":"3802","usesDefaultFrameImage":"0","usesDefaultCloseImage":"0","marketURL":"https:\/\/play.google.com\/store\/apps\/details?id=com.Madxstudios.Flickshootsoccer","packageID":"com.Madxstudios.Flickshootsoccer"},"showTemplate":1,"s2s_tracking_url":"https:\/\/play.google.com\/store\/apps\/details?id=com.Madxstudios.Flickshootsoccer","activeCreativeID":"661","scenes":["12","1","8","6","15","2"],"campaignAdType":"Interstitial"},{"campaignID":"588","attribution":0,"priority":"6","appToPromote":{"appToPromoteID":"5026","usesDefaultFrameImage":"0","usesDefaultCloseImage":"0","marketURL":"https:\/\/play.google.com\/store\/apps\/details?id=com.as.cashupapp","packageID":"com.as.cashupapp"},"showTemplate":1,"s2s_tracking_url":"https:\/\/play.google.com\/store\/apps\/details?id=com.as.cashupapp","activeCreativeID":"652","scenes":["12","1","8","6","15","2"],"campaignAdType":"Interstitial"},{"campaignID":"6620","attribution":0,"priority":"6","appToPromote":{"appToPromoteID":"12980","usesDefaultFrameImage":"0","usesDefaultCloseImage":"0","marketURL":"https:\/\/play.google.com\/store\/apps\/details?id=com.sx.cooking.cafe.restaurant","packageID":"com.sx.cooking.cafe.restaurant"},"showTemplate":1,"s2s_tracking_url":"https:\/\/play.google.com\/store\/apps\/details?id=com.sx.cooking.cafe.restaurant","activeCreativeID":"1702","scenes":["12","1","8","6","15","2"],"campaignAdType":"Interstitial"},{"campaignID":"6596","attribution":0,"priority":"5","appToPromote":{"appToPromoteID":"12980","usesDefaultFrameImage":"0","usesDefaultCloseImage":"0","marketURL":"https:\/\/play.google.com\/store\/apps\/details?id=com.sx.cooking.cafe.restaurant","packageID":"com.sx.cooking.cafe.restaurant"},"showTemplate":1,"s2s_tracking_url":"https:\/\/play.google.com\/store\/apps\/details?id=com.sx.cooking.cafe.restaurant","activeCreativeID":"1702","scenes":["12","1","8","6","15","2"],"campaignAdType":"Interstitial"}],"refreshAdRate":30,"mode":"Production","aspectRatio":"9_16","cdnPath":"https:\/\/df8ymybeo92md.cloudfront.net\/images\/","sentry_log":0,"local_logging":0,"sentry_dsn":"https:\/\/93ffa1c9a4124f67b8888a53265f751a:bbf998e04584477fa9a145838e9d3b26@sentry.io\/168994","sentry_initialization":1,"sentry_debugging":0,"bannerSizes":["1"],"aspectRatioVideo":"9_16","app_id":"2009","showPreRewardedDialogue":0,"showPostRewardedDialogue":0,"rewardCurrency":"coins","rewardValue":0,"isSkipable":0,"privacyPolicyURL":"https:\/\/www.consoliads.com\/privacy-policy\/","sessionToken":"VFMYlRqqd6yoEW\/5FEqJMnnbQr6D4M4MJrQArxXngM2Z2ZUQDmb53IkigzMwtEV\/jJ0j5gxuPYTJaBKZtTmCyVI\/bW4UVB8lFj8vMEhEURFm4k7eAR4Af8dRWxphXqo9HAV1LSnZabxCzDpdqVOFR0Yl39RmZP1JYN8JtDfn+jc="}
Session token value is set


{"appKey":"009fbd9b95d5362c0526a3ded9f4fae5","osVersion":"6.0","orientation":"0","is_mac":"0","model":"GT-Snnn2","deviceID":"567","telco_operator":"Maroc","cpu":"0","brand":"vivo","userConsent":"0","internet_connectivity":"0","height":"327","architecture":"armv8l","width":"327","resolution":"1344x720","ram":"1.68 GB","sdkVersion":"2151","product":"aosp_arm","devMode":"0"}
cache_ttl value is correct

Title value is correct

Refresh Ad Rate value is correct
mode value is set

 Aspect ratio value is correct
sentry_log value is set
local_logging value is set
sentry_initialization value is set
sentry_debugging value is set
showPreRewardedDialogue value is set
showPostRewardedDialogue value is set
isSkipable value is set
{"cache_ttl":10080,"cache_ttl_rewarded":10080,"cache_ttl_banner":10080,"cache_ttl_native":10080,"cache_ttl_icon":10080,"campaigns":[{"campaignID":0,"priority":10,"appToPromote":{"appToPromoteID":0,"usesDefaultFrameImage":"1","usesDefaultCloseImage":"1","packageID":"testPackage"},"showTemplate":2,"activeCreativeID":0,"campaignAdType":"Interstitial","scenes":["12","1","8","6","15","2"]},{"campaignID":0,"priority":10,"appToPromote":{"appToPromoteID":0,"usesDefaultFrameImage":"1","usesDefaultCloseImage":"1","packageID":"testPackage"},"showTemplate":2,"activeCreativeID":0,"campaignAdType":"Video","scenes":["12","1","8","6","15","2"]},{"campaignID":0,"priority":10,"appToPromote":{"appToPromoteID":0,"usesDefaultFrameImage":"1","usesDefaultCloseImage":"1","packageID":"testPackage"},"showTemplate":2,"activeCreativeID":0,"campaignAdType":"Rewarded Video","scenes":["12","1","8","6","15","2"]},{"campaignID":0,"priority":10,"appToPromote":{"appToPromoteID":0,"usesDefaultFrameImage":"1","usesDefaultCloseImage":"1","marketURL":"https:\/\/play.google.com","packageID":"testPackage"},"showTemplate":2,"activeCreativeID":0,"campaignAdType":"Banner","scenes":["12","1","8","6","15","2"]},{"campaignID":0,"priority":10,"appToPromote":{"appToPromoteID":0,"usesDefaultFrameImage":"1","usesDefaultCloseImage":"1","marketURL":"https:\/\/play.google.com","packageID":"testPackage"},"showTemplate":2,"activeCreativeID":0,"campaignAdType":"Native","title":"Test Title","subTitle":"Test Subtitle","description":"This is test description","adChoicesLink":"www.google.com","adClickThroughText":"Open Link","scenes":["12","1","8","6","15","2"]},{"campaignID":0,"priority":10,"appToPromote":{"appToPromoteID":0,"usesDefaultFrameImage":"1","usesDefaultCloseImage":"1","marketURL":"https:\/\/play.google.com","packageID":"testPackage"},"showTemplate":2,"activeCreativeID":0,"campaignAdType":"Icon","scenes":["12","1","8","6","15","2"]}],"refreshAdRate":30,"mode":"Testing","aspectRatio":"9_16","cdnPath":"https:\/\/df8ymybeo92md.cloudfront.net\/images\/","sentry_log":0,"local_logging":0,"sentry_dsn":"na","sentry_initialization":1,"sentry_debugging":0,"bannerSizes":["1"],"aspectRatioVideo":"9_16","app_id":"16394","showPreRewardedDialogue":0,"showPostRewardedDialogue":0,"rewardCurrency":"coins","rewardValue":0,"isSkipable":1,"privacyPolicyURL":"https:\/\/www.consoliads.com\/privacy-policy\/","sessionToken":"pIZZ5bqS+\/CEfrnFwn+RlT+nUkuX0NHQXFHIhmy1K9UZwiWFnZJfjNDegSAqDXRRGgsVZAG2auXmc+YZ+mUPtyK6PvStsCtNZ7TzV4gx6LymvQaLXIUwFWJxh9PtMtFgGsPbMay5TT0NKU6956NzoHy5lXaFPtH\/nFLWre2ohoA="}
Session token value is set


{"appKey":"00ab47cc1433ca2773b7d9c00484beed","osVersion":"5.0","orientation":"0","is_mac":"0","model":"xiaomi Mi 4s","deviceID":"167","telco_operator":"Telecom","cpu":"0","brand":"samsung","userConsent":"0","internet_connectivity":"0","height":"167","architecture":"armv7l,","width":"167","resolution":"1024x552","ram":"3.68 GB","sdkVersion":"2151","product":"potter","devMode":"0"}
cache_ttl value is correct

Refresh Ad Rate value is correct
mode value is set

 Aspect ratio value is correct
sentry_log value is set
local_logging value is set
sentry_initialization value is set
sentry_debugging value is set
showPreRewardedDialogue value is set
showPostRewardedDialogue value is set
isSkipable value is set
{"cache_ttl":10080,"cache_ttl_rewarded":10080,"cache_ttl_banner":10080,"cache_ttl_native":10080,"cache_ttl_icon":10080,"campaigns":[{"campaignID":"9126","attribution":0,"priority":"8","appToPromote":{"appToPromoteID":"17527","usesDefaultFrameImage":"0","usesDefaultCloseImage":"0","marketURL":"https:\/\/itunes.apple.com\/us\/app\/id1196690809","packageID":"id1196690809"},"showTemplate":1,"s2s_tracking_url":"https:\/\/tha.gotrackier.com\/click?campaign_id=68346\\u0026pub_id=75?p1=10085_9126_167&amp;source=6841&amp;app_name=BattleofUnknownSquad&amp;idfa=167","activeCreativeID":"4478","scenes":["12","1","8","6","15","2"],"campaignAdType":"Banner"},{"campaignID":"9128","attribution":0,"priority":"8","appToPromote":{"appToPromoteID":"17529","usesDefaultFrameImage":"0","usesDefaultCloseImage":"0","marketURL":"https:\/\/apps.apple.com\/ru\/app\/id1259203065","packageID":"id1259203065"},"showTemplate":1,"s2s_tracking_url":"https:\/\/tha.gotrackier.com\/click?campaign_id=63251\\u0026pub_id=75?p1=10085_9128_167&amp;source=6841&amp;app_name=BattleofUnknownSquad&amp;idfa=167","activeCreativeID":"4480","scenes":["12","1","8","6","15","2"],"campaignAdType":"Video"},{"campaignID":"9129","attribution":0,"priority":"8","appToPromote":{"appToPromoteID":"17530","usesDefaultFrameImage":"0","usesDefaultCloseImage":"0","marketURL":"https:\/\/apps.apple.com\/tw\/app\/%E6%BB%BF%E8%B2%AB%E5%A4%A7%E4%BA%A8\/id1007924271","packageID":"id1007924271"},"showTemplate":1,"s2s_tracking_url":"https:\/\/tha.gotrackier.com\/click?campaign_id=63252\\u0026pub_id=75?p1=10085_9129_167&amp;source=6841&amp;app_name=BattleofUnknownSquad&amp;idfa=167","activeCreativeID":"4481","scenes":["12","1","8","6","15","2"],"campaignAdType":"Banner"},{"campaignID":"1423","attribution":0,"priority":"4","appToPromote":{"appToPromoteID":"5227","usesDefaultFrameImage":"0","usesDefaultCloseImage":"0","marketURL":"https:\/\/itunes.apple.com\/in\/app\/8-ball-pool\/id543186831?mt=8","packageID":"id543186831"},"showTemplate":1,"activeCreativeID":null,"scenes":["12","1","8","6","15","2"],"campaignAdType":"Interstitial"}],"refreshAdRate":30,"mode":"Production","aspectRatio":"9_16","cdnPath":"https:\/\/df8ymybeo92md.cloudfront.net\/images\/","sentry_log":0,"local_logging":0,"sentry_dsn":"https:\/\/e6dcd89483ae4d13b0f42ed3810d8d62:078421c4ad3d43f19885b30828ce7ee6@sentry.io\/187776","sentry_initialization":1,"sentry_debugging":0,"bannerSizes":["2","1"],"aspectRatioVideo":"9_16","app_id":"10085","showPreRewardedDialogue":0,"showPostRewardedDialogue":0,"rewardCurrency":"coins","rewardValue":0,"isSkipable":0,"privacyPolicyURL":"https:\/\/www.consoliads.com\/privacy-policy\/","sessionToken":"7uoQWjybP7GAMsh+Kwv1q7Yj3gYxD33\/1jiK3HVe6nXAy4S\/7Jtp1+Rum0ZbhkU+ix1rpQE8U1FnQCjl3XAttMUFthpK8qrHTouu77xMc0Dn2pP7IpmBww+leJym5RumxaqGIMQshzxLdz\/OZenjMl9DWcD0NpJ4sMGlX3WUVy4="}
Session token value is set

mode value is set

 Aspect ratio value is correct
sentry_log value is set
Session token value is set


{"appKey":"00b641915001243f4ce280a0616127c4","osVersion":"4.3","orientation":"0","is_mac":"0","model":"E3372","deviceID":"388","telco_operator":"Metfone","cpu":"0","brand":"iPhone","userConsent":"0","internet_connectivity":"0","height":"255","architecture":"aarch81","width":"255","resolution":"1080 x 1920","ram":"1,37 GB","sdkVersion":"2151","product":"LUA-U22","devMode":"0"}
cache_ttl value is correct

Refresh Ad Rate value is correct
mode value is set

 Aspect ratio value is correct
sentry_log value is set
local_logging value is set
sentry_initialization value is set
sentry_debugging value is set
showPreRewardedDialogue value is set
showPostRewardedDialogue value is set
isSkipable value is set
{"cache_ttl":10080,"cache_ttl_rewarded":10080,"cache_ttl_banner":10080,"cache_ttl_native":10080,"cache_ttl_icon":10080,"refreshAdRate":30,"mode":"Production","aspectRatio":"9_16","cdnPath":"https:\/\/df8ymybeo92md.cloudfront.net\/images\/","sentry_log":0,"local_logging":0,"sentry_dsn":"https:\/\/93ffa1c9a4124f67b8888a53265f751a:bbf998e04584477fa9a145838e9d3b26@sentry.io\/168994","sentry_initialization":1,"sentry_debugging":0,"bannerSizes":["1"],"aspectRatioVideo":"9_16","app_id":"15046","showPreRewardedDialogue":0,"showPostRewardedDialogue":0,"rewardCurrency":"coins","rewardValue":0,"isSkipable":1,"privacyPolicyURL":"https:\/\/www.consoliads.com\/privacy-policy\/","sessionToken":"10MWv5cwfvoeUEkRpA6a+WO8Ch4uyNeW9RB5igtxM1bqYHytReSNZZjpKas987tSpGq\/nJk1at5d0W6V2Doe3h2nBbO9k56+091QWIgXVqxZX85rDVj9qrHt1z0lV8X4mDtq4fBdmWeb9VC7yU\/n30WehH+9YBbvr+9IeeAoZzA="}
Session token value is set


{"appKey":"00ba9719ad317b2d92a4d9986c0407d4","osVersion":"4.2","orientation":"0","is_mac":"0","model":"iphone 3GS","deviceID":"183","telco_operator":" Ooredoo","cpu":"0","brand":"OPPO","userConsent":"0","internet_connectivity":"0","height":"173","architecture":"armv64","width":"173","resolution":"1440 x 2960","ram":"3.69 GB","sdkVersion":"90","product":"BKK-LX2","devMode":"0"}
cache_ttl value is correct

Refresh Ad Rate value is correct
mode value is set

 Aspect ratio value is correct
sentry_log value is set
local_logging value is set
sentry_initialization value is set
sentry_debugging value is set
showPreRewardedDialogue value is set
showPostRewardedDialogue value is set
isSkipable value is set
{"cache_ttl":10080,"cache_ttl_rewarded":10080,"cache_ttl_banner":10080,"cache_ttl_native":10080,"cache_ttl_icon":10080,"refreshAdRate":30,"mode":"Production","aspectRatio":"9_16","cdnPath":"https:\/\/df8ymybeo92md.cloudfront.net\/images\/","sentry_log":0,"local_logging":0,"sentry_dsn":"na","sentry_initialization":1,"sentry_debugging":0,"bannerSizes":[],"aspectRatioVideo":"9_16","app_id":"11151","showPreRewardedDialogue":0,"showPostRewardedDialogue":0,"rewardCurrency":"coins","rewardValue":0,"isSkipable":0,"privacyPolicyURL":"https:\/\/www.consoliads.com\/privacy-policy\/","sessionToken":"6V1A+GECHgop+Ygu9t4hUB4GMa56PDozqWsF7Z9aTLgK7c+a3dbzQgjP9TnV+Tmq+Y\/mM\/4\/h8VlwMfYGkgDRZs\/vhVRq+76zGliltEaz7gDYoorSOQs18ex89HV+e+QuI4mhUcrMoUijL7YyD5fC8V6+b8hQsOVnoBdi422gBQ="}
Session token value is set

mode value is set

 Aspect ratio value is correct
sentry_log value is set
Session token value is set


{"appKey":"00d2bc4845ff04592d91f7d78425a576","osVersion":"8.0","orientation":"0","is_mac":"0","model":"SM-Nnn0","deviceID":"149","telco_operator":"Azercell","cpu":"0","brand":"Xiaomi","userConsent":"0","internet_connectivity":"0","height":"159","architecture":"0","width":"303","resolution":"1196x720","ram":"3.51 GB ","sdkVersion":"2163","product":"mido","devMode":"0"}
cache_ttl value is correct

Title value is correct

Refresh Ad Rate value is correct
mode value is set

 Aspect ratio value is correct
sentry_log value is set
local_logging value is set
sentry_initialization value is set
sentry_debugging value is set
showPreRewardedDialogue value is set
showPostRewardedDialogue value is set
isSkipable value is set
{"cache_ttl":10080,"cache_ttl_rewarded":10080,"cache_ttl_banner":10080,"cache_ttl_native":10080,"cache_ttl_icon":10080,"campaigns":[{"campaignID":0,"priority":10,"appToPromote":{"appToPromoteID":0,"usesDefaultFrameImage":"1","usesDefaultCloseImage":"1","packageID":"testPackage"},"showTemplate":2,"activeCreativeID":0,"campaignAdType":"Interstitial","scenes":["1","2","6","5","4","13","15"]},{"campaignID":0,"priority":10,"appToPromote":{"appToPromoteID":0,"usesDefaultFrameImage":"1","usesDefaultCloseImage":"1","packageID":"testPackage"},"showTemplate":2,"activeCreativeID":0,"campaignAdType":"Video","scenes":["1","2","6","5","4","13","15"]},{"campaignID":0,"priority":10,"appToPromote":{"appToPromoteID":0,"usesDefaultFrameImage":"1","usesDefaultCloseImage":"1","packageID":"testPackage"},"showTemplate":2,"activeCreativeID":0,"campaignAdType":"Rewarded Video","scenes":["1","2","6","5","4","13","15"]},{"campaignID":0,"priority":10,"appToPromote":{"appToPromoteID":0,"usesDefaultFrameImage":"1","usesDefaultCloseImage":"1","marketURL":"https:\/\/play.google.com","packageID":"testPackage"},"showTemplate":2,"activeCreativeID":0,"campaignAdType":"Banner","scenes":["1","2","6","5","4","13","15"]},{"campaignID":0,"priority":10,"appToPromote":{"appToPromoteID":0,"usesDefaultFrameImage":"1","usesDefaultCloseImage":"1","marketURL":"https:\/\/play.google.com","packageID":"testPackage"},"showTemplate":2,"activeCreativeID":0,"campaignAdType":"Native","title":"Test Title","subTitle":"Test Subtitle","description":"This is test description","adChoicesLink":"www.google.com","adClickThroughText":"Open Link","scenes":["1","2","6","5","4","13","15"]},{"campaignID":0,"priority":10,"appToPromote":{"appToPromoteID":0,"usesDefaultFrameImage":"1","usesDefaultCloseImage":"1","marketURL":"https:\/\/play.google.com","packageID":"testPackage"},"showTemplate":2,"activeCreativeID":0,"campaignAdType":"Icon","scenes":["1","2","6","5","4","13","15"]}],"refreshAdRate":30,"mode":"Production","aspectRatio":"16_9","cdnPath":"https:\/\/df8ymybeo92md.cloudfront.net\/images\/","sentry_log":0,"local_logging":0,"sentry_dsn":"https:\/\/93ffa1c9a4124f67b8888a53265f751a:bbf998e04584477fa9a145838e9d3b26@sentry.io\/168994","sentry_initialization":1,"sentry_debugging":0,"bannerSizes":["5","1"],"aspectRatioVideo":"16_9","app_id":"15242","showPreRewardedDialogue":0,"showPostRewardedDialogue":0,"rewardCurrency":"coins","rewardValue":0,"isSkipable":1,"privacyPolicyURL":"https:\/\/www.consoliads.com\/privacy-policy\/","sessionToken":"umtkOCQLli8X0jcZdg5q1TWU1WawUqls0GalCEDYlQr+vLCT1KF9zdF3uitFZSI4Q3Fk\/NXwfHaeMh7aIW+gDIP7DsqKLRDcfM7hUfSt5TcW8Xir+f8EcbGwrjr2WmV+djwhGVw0EZsyGYykpnQ5F3QnCm\/MIJpqqrwaSO4kroI="}
Session token value is set

mode value is set

 Aspect ratio value is correct
sentry_log value is set
Session token value is set


{"appKey":"00da67afee9cf020903bd8c3e6f25287","osVersion":"6.0","orientation":"0","is_mac":"0","model":"GT-Snnn2","deviceID":"261","telco_operator":"Maroc","cpu":"0","brand":"vivo","userConsent":"0","internet_connectivity":"0","height":"204","architecture":"armv8l","width":"204","resolution":"1344x720","ram":"1.68 GB","sdkVersion":"39","product":"aosp_arm","devMode":"0"}
cache_ttl value is correct

Refresh Ad Rate value is correct
mode value is set

 Aspect ratio value is correct
sentry_log value is set
local_logging value is set
sentry_initialization value is set
sentry_debugging value is set
showPreRewardedDialogue value is set
showPostRewardedDialogue value is set
isSkipable value is set
{"cache_ttl":10080,"cache_ttl_rewarded":10080,"cache_ttl_banner":10080,"cache_ttl_native":10080,"cache_ttl_icon":10080,"refreshAdRate":30,"mode":"Production","aspectRatio":"9_16","cdnPath":"https:\/\/df8ymybeo92md.cloudfront.net\/images\/","sentry_log":0,"local_logging":0,"sentry_dsn":"https:\/\/93ffa1c9a4124f67b8888a53265f751a:bbf998e04584477fa9a145838e9d3b26@sentry.io\/168994","sentry_initialization":1,"sentry_debugging":0,"bannerSizes":["5"],"aspectRatioVideo":"9_16","app_id":"10290","showPreRewardedDialogue":0,"showPostRewardedDialogue":0,"rewardCurrency":"coins","rewardValue":0,"isSkipable":0,"privacyPolicyURL":"https:\/\/www.consoliads.com\/privacy-policy\/","sessionToken":"U59I3L7ElIqopodsv2kSgo9TKSp35OZLeW26iK58HzE925kHe5JnXA\/4qG+JCn4k85sKxrXnz+cSPksZlAKBvQif6DEguWP8czt9Ca1Za6H01R+hop3VYsqjQTTT4DnR6vIivfhxGtGyrY6hj+AoPjjJRFVubZBAIhZ0AaOWNyw="}
Session token value is set


{"appKey":"00da919d00b35f9ef0f58c642a0157cc","osVersion":"5.0","orientation":"0","is_mac":"0","model":"xiaomi Mi 4s","deviceID":"861","telco_operator":"Telecom","cpu":"0","brand":"samsung","userConsent":"0","internet_connectivity":"0","height":"444","architecture":"armv7l,","width":"444","resolution":"1024x552","ram":"3.68 GB","sdkVersion":"2151","product":"potter","devMode":"0"}
cache_ttl value is correct

Title value is correct

Refresh Ad Rate value is correct
mode value is set

 Aspect ratio value is correct
sentry_log value is set
local_logging value is set
sentry_initialization value is set
sentry_debugging value is set
showPreRewardedDialogue value is set
showPostRewardedDialogue value is set
isSkipable value is set
{"cache_ttl":10080,"cache_ttl_rewarded":10080,"cache_ttl_banner":10080,"cache_ttl_native":10080,"cache_ttl_icon":10080,"campaigns":[{"campaignID":0,"priority":10,"appToPromote":{"appToPromoteID":0,"usesDefaultFrameImage":"1","usesDefaultCloseImage":"1","packageID":"testPackage"},"showTemplate":2,"activeCreativeID":0,"campaignAdType":"Interstitial","scenes":["1"]},{"campaignID":0,"priority":10,"appToPromote":{"appToPromoteID":0,"usesDefaultFrameImage":"1","usesDefaultCloseImage":"1","packageID":"testPackage"},"showTemplate":2,"activeCreativeID":0,"campaignAdType":"Video","scenes":["1"]},{"campaignID":0,"priority":10,"appToPromote":{"appToPromoteID":0,"usesDefaultFrameImage":"1","usesDefaultCloseImage":"1","packageID":"testPackage"},"showTemplate":2,"activeCreativeID":0,"campaignAdType":"Rewarded Video","scenes":["1"]},{"campaignID":0,"priority":10,"appToPromote":{"appToPromoteID":0,"usesDefaultFrameImage":"1","usesDefaultCloseImage":"1","marketURL":"https:\/\/play.google.com","packageID":"testPackage"},"showTemplate":2,"activeCreativeID":0,"campaignAdType":"Banner","scenes":["1"]},{"campaignID":0,"priority":10,"appToPromote":{"appToPromoteID":0,"usesDefaultFrameImage":"1","usesDefaultCloseImage":"1","marketURL":"https:\/\/play.google.com","packageID":"testPackage"},"showTemplate":2,"activeCreativeID":0,"campaignAdType":"Native","title":"Test Title","subTitle":"Test Subtitle","description":"This is test description","adChoicesLink":"www.google.com","adClickThroughText":"Open Link","scenes":["1"]},{"campaignID":0,"priority":10,"appToPromote":{"appToPromoteID":0,"usesDefaultFrameImage":"1","usesDefaultCloseImage":"1","marketURL":"https:\/\/play.google.com","packageID":"testPackage"},"showTemplate":2,"activeCreativeID":0,"campaignAdType":"Icon","scenes":["1"]}],"refreshAdRate":30,"mode":"Testing","aspectRatio":"9_16","cdnPath":"https:\/\/df8ymybeo92md.cloudfront.net\/images\/","sentry_log":0,"local_logging":0,"sentry_dsn":"https:\/\/93ffa1c9a4124f67b8888a53265f751a:bbf998e04584477fa9a145838e9d3b26@sentry.io\/168994","sentry_initialization":1,"sentry_debugging":0,"bannerSizes":["5"],"aspectRatioVideo":"9_16","app_id":"15804","showPreRewardedDialogue":0,"showPostRewardedDialogue":0,"rewardCurrency":"coins","rewardValue":0,"isSkipable":1,"privacyPolicyURL":"https:\/\/www.consoliads.com\/privacy-policy\/","sessionToken":"Me3sXg9T7BEfwI954hP5VH01l5oLjdZgp\/bDOsfSuxR9wJSGsP5YYPX2ta3fXprXjbQHT4vaIvkxKuZ+EjQxlbrGuS5K\/NXYVJ5iOWlipLEvubYLrF3AFXjnYpkCUcvu4ZiBGwJCiCHWpoDze9ie6uPNfwWOhWAR+esFRZt+Vrs="}
Session token value is set


{"appKey":"00db08cd3078a2f2ca8f8efaee0febd0","osVersion":"4.4","orientation":"0","is_mac":"0","model":"E5673","deviceID":"624","telco_operator":"airtel","cpu":"0","brand":"realme","userConsent":"0","internet_connectivity":"0","height":"349","architecture":"aarch81","width":"349","resolution":"1387x720","ram":"2.75 GB","sdkVersion":"39","product":"iPhone","devMode":"0"}
cache_ttl value is correct

Refresh Ad Rate value is correct
mode value is set

 Aspect ratio value is correct
sentry_log value is set
local_logging value is set
sentry_initialization value is set
sentry_debugging value is set
showPreRewardedDialogue value is set
showPostRewardedDialogue value is set
isSkipable value is set
{"cache_ttl":10080,"cache_ttl_rewarded":10080,"cache_ttl_banner":10080,"cache_ttl_native":10080,"cache_ttl_icon":10080,"refreshAdRate":30,"mode":"Production","aspectRatio":"9_16","cdnPath":"https:\/\/df8ymybeo92md.cloudfront.net\/images\/","sentry_log":0,"local_logging":0,"sentry_dsn":"https:\/\/93ffa1c9a4124f67b8888a53265f751a:bbf998e04584477fa9a145838e9d3b26@sentry.io\/168994","sentry_initialization":1,"sentry_debugging":0,"bannerSizes":[],"aspectRatioVideo":"9_16","app_id":"9723","showPreRewardedDialogue":0,"showPostRewardedDialogue":0,"rewardCurrency":"coins","rewardValue":0,"isSkipable":0,"privacyPolicyURL":"https:\/\/www.consoliads.com\/privacy-policy\/","sessionToken":"YO3EXT2Ev0HgKvl0BRgl9Np5lBjyFSe1WT3tIRFfT2GzJso0WUYA2pVKCn56UiE7yn0F6iDPu\/k6Snm7\/uH7+p2n681vEN71\/oFYMs9\/fNx9TV0fWDAm\/fzV8TUxfY9w\/YAKBOqornb5Dp2gxDwkn526Tnzs9S3Kj6B8MRE\/15Y="}
Session token value is set

mode value is set

 Aspect ratio value is correct
sentry_log value is set
Session token value is set


{"appKey":"00e354cf703fab534e6ab9035dab484a","osVersion":"4.2","orientation":"0","is_mac":"0","model":"iphone 3GS","deviceID":"518","telco_operator":" Ooredoo","cpu":"0","brand":"OPPO","userConsent":"0","internet_connectivity":"0","height":"307","architecture":"armv64","width":"307","resolution":"1440 x 2960","ram":"3.69 GB","sdkVersion":"2151","product":"BKK-LX2","devMode":"0"}
cache_ttl value is correct

Title value is correct

Title value is correct

Title value is correct

Title value is correct

Title value is correct

Title value is correct

Refresh Ad Rate value is correct
mode value is set

 Aspect ratio value is correct
sentry_log value is set
local_logging value is set
sentry_initialization value is set
sentry_debugging value is set
showPreRewardedDialogue value is set
showPostRewardedDialogue value is set
isSkipable value is set
{"cache_ttl":10080,"cache_ttl_rewarded":10080,"cache_ttl_banner":10080,"cache_ttl_native":10080,"cache_ttl_icon":10080,"campaigns":[{"campaignID":"8226","attribution":0,"priority":"8","appToPromote":{"appToPromoteID":"12623","usesDefaultFrameImage":"0","usesDefaultCloseImage":"0","marketURL":"https:\/\/play.google.com\/store\/apps\/details?id=com.igg.android.lordsmobile&amp;referrer=utm_source=42matters.com&amp;utm_medium=api","packageID":"com.nooribrand.android.lordsmobile"},"showTemplate":1,"s2s_tracking_url":"https:\/\/play.google.com\/store\/apps\/details?id=com.igg.android.lordsmobile&amp;referrer=utm_source=42matters.com&amp;utm_medium=api","activeCreativeID":"3557","scenes":["1","2","9","10","11","8","4","15"],"campaignAdType":"Icon"},{"campaignID":"8613","attribution":0,"priority":"8","appToPromote":{"appToPromoteID":"12623","usesDefaultFrameImage":"0","usesDefaultCloseImage":"0","marketURL":"https:\/\/play.google.com\/store\/apps\/details?id=com.igg.android.lordsmobile&amp;referrer=utm_source=42matters.com&amp;utm_medium=api","packageID":"com.nooribrand.android.lordsmobile"},"showTemplate":1,"s2s_tracking_url":"https:\/\/play.google.com\/store\/apps\/details?id=com.igg.android.lordsmobile&amp;referrer=utm_source=42matters.com&amp;utm_medium=api","activeCreativeID":"3557","scenes":["1","2","9","10","11","8","4","15"],"campaignAdType":"Icon"},{"campaignID":"9249","attribution_link":"https:\/\/app.appsflyer.com\/com.lgn.gun.strike.war.train.shooting.games?pid=consoliads_int&amp;af_click_lookback=7d&amp;clickid=17315_9249_518&amp;android_id={android_id}&amp;sha1_android_id={sha1_android_id}&amp;advertising_id=518&amp;sha1_advertising_id=0486ffb0d9c84cf1c38a7024c5284f0a2c411070&amp;af_keywords=2","attribution":1,"priority":"8","appToPromote":{"appToPromoteID":"13421","usesDefaultFrameImage":"0","usesDefaultCloseImage":"0","marketURL":"http:\/\/www.google.com","packageID":"com.appricot2d.testt"},"showTemplate":1,"s2s_tracking_url":"https:\/\/app.appsflyer.com\/com.lgn.gun.strike.war.train.shooting.games?pid=consoliads_int&amp;af_click_lookback=7d&amp;clickid=17315_9249_518&amp;android_id={android_id}&amp;sha1_android_id={sha1_android_id}&amp;advertising_id=518&amp;sha1_advertising_id=0486ffb0d9c84cf1c38a7024c5284f0a2c411070&amp;af_keywords=2","activeCreativeID":"4679","scenes":["1","2","9","10","11","8","4","15"],"campaignAdType":"Interstitial"},{"campaignID":"9252","attribution":0,"priority":"8","appToPromote":{"appToPromoteID":"12315","usesDefaultFrameImage":"0","usesDefaultCloseImage":"0","marketURL":"google.com","packageID":"com.qabrand.plnative"},"showTemplate":1,"s2s_tracking_url":"google.com","activeCreativeID":"4683","scenes":["1","2","9","10","11","8","4","15"],"campaignAdType":"Native","title":"Native first","subTitle":"First ","description":"New description","adClickThroughText":"FIRST Button"},{"campaignID":"9253","attribution":0,"priority":"8","appToPromote":{"appToPromoteID":"12315","usesDefaultFrameImage":"0","usesDefaultCloseImage":"0","marketURL":"google.com","packageID":"com.qabrand.plnative"},"showTemplate":1,"s2s_tracking_url":"google.com","activeCreativeID":"4683","scenes":["1","2","9","10","11","8","4","15"],"campaignAdType":"Native","title":"Native first","subTitle":"First ","description":"New description","adClickThroughText":"FIRST Button"},{"campaignID":"9255","attribution":0,"priority":"8","appToPromote":{"appToPromoteID":"13274","usesDefaultFrameImage":"0","usesDefaultCloseImage":"0","marketURL":"https:\/\/play.google.com\/store\/apps\/details?id=com.facebook.katana","packageID":"com.salon.adsalon"},"showTemplate":1,"s2s_tracking_url":"https:\/\/play.google.com\/store\/apps\/details?id=com.facebook.katana","activeCreativeID":"4685","scenes":["1","2","9","10","11","8","4","15"],"campaignAdType":"Native","title":"native NA ","subTitle":"native NA ","description":"native NA added","adClickThroughText":"native NA "},{"campaignID":"9257","attribution":0,"priority":"8","appToPromote":{"appToPromoteID":"12286","usesDefaultFrameImage":"0","usesDefaultCloseImage":"0","marketURL":"google.com","packageID":"com.qabrand.Chartboost_Native"},"showTemplate":1,"s2s_tracking_url":"google.com","activeCreativeID":"4688","scenes":["1","2","9","10","11","8","4","15"],"campaignAdType":"Native","title":"Native second updated","subTitle":"Native second ","description":"Native second details","adClickThroughText":"Native second "},{"campaignID":"9261","attribution_link":"https:\/\/app.appsflyer.com\/com.lgn.gun.strike.war.train.shooting.games?pid=consoliads_int&amp;af_click_lookback=7d&amp;clickid=17315_9261_518&amp;android_id={android_id}&amp;sha1_android_id={sha1_android_id}&amp;advertising_id=518&amp;sha1_advertising_id=0486ffb0d9c84cf1c38a7024c5284f0a2c411070&amp;af_keywords=2","attribution":1,"priority":"8","appToPromote":{"appToPromoteID":"13421","usesDefaultFrameImage":"0","usesDefaultCloseImage":"0","marketURL":"http:\/\/www.google.com","packageID":"com.appricot2d.testt"},"showTemplate":1,"s2s_tracking_url":"https:\/\/app.appsflyer.com\/com.lgn.gun.strike.war.train.shooting.games?pid=consoliads_int&amp;af_click_lookback=7d&amp;clickid=17315_9261_518&amp;android_id={android_id}&amp;sha1_android_id={sha1_android_id}&amp;advertising_id=518&amp;sha1_advertising_id=0486ffb0d9c84cf1c38a7024c5284f0a2c411070&amp;af_keywords=2","activeCreativeID":"4692","scenes":["1","2","9","10","11","8","4","15"],"campaignAdType":"Interstitial"},{"campaignID":"9263","attribution":0,"priority":"8","appToPromote":{"appToPromoteID":"12315","usesDefaultFrameImage":"0","usesDefaultCloseImage":"0","marketURL":"google.com","packageID":"com.qabrand.plnative"},"showTemplate":1,"s2s_tracking_url":"google.com","activeCreativeID":"4694","scenes":["1","2","9","10","11","8","4","15"],"campaignAdType":"Native","title":"test","subTitle":"test","description":" test details update","adClickThroughText":"test"},{"campaignID":"9125","attribution":0,"priority":"8","appToPromote":{"appToPromoteID":"17526","usesDefaultFrameImage":"0","usesDefaultCloseImage":"0","marketURL":"https:\/\/play.google.com\/store\/apps\/details?id=kr.co.richnco.goodrich","packageID":"kr.co.richnco.goodrich"},"showTemplate":1,"s2s_tracking_url":"https:\/\/tha.gotrackier.com\/click?campaign_id=68347\\u0026pub_id=75?p1=17315_9125_518&amp;source=6841&amp;app_name=CGS-HeavyCraneExcavator&amp;gaid=518","activeCreativeID":"4477","scenes":["1","2","9","10","11","8","4","15"],"campaignAdType":"Icon"},{"campaignID":"9127","attribution":0,"priority":"8","appToPromote":{"appToPromoteID":"17528","usesDefaultFrameImage":"0","usesDefaultCloseImage":"0","marketURL":"https:\/\/play.google.com\/store\/apps\/details?id=net.one97.paytm","packageID":"net.one97.paytm"},"showTemplate":1,"s2s_tracking_url":"https:\/\/tha.gotrackier.com\/click?campaign_id=63249\\u0026pub_id=75?p1=17315_9127_518&amp;source=6841&amp;app_name=CGS-HeavyCraneExcavator&amp;gaid=518","activeCreativeID":"4788","scenes":["1","2","9","10","11","8","4","15"],"campaignAdType":"Native","title":"BCA","subTitle":"FW","description":"nope","adClickThroughText":"Link"},{"campaignID":"9131","attribution":0,"priority":"8","appToPromote":{"appToPromoteID":"17532","usesDefaultFrameImage":"0","usesDefaultCloseImage":"0","marketURL":"https:\/\/play.google.com\/store\/apps\/details?id=com.dhgate.buyermob","packageID":"com.dhgate.buyermob"},"showTemplate":1,"s2s_tracking_url":"https:\/\/tha.gotrackier.com\/click?campaign_id=63254\\u0026pub_id=75?p1=17315_9131_518&amp;source=6841&amp;app_name=CGS-HeavyCraneExcavator&amp;gaid=518","activeCreativeID":"4483","scenes":["1","2","9","10","11","8","4","15"],"campaignAdType":"Interstitial"},{"campaignID":"561","attribution":0,"priority":"6","appToPromote":{"appToPromoteID":"5026","usesDefaultFrameImage":"0","usesDefaultCloseImage":"0","marketURL":"https:\/\/play.google.com\/store\/apps\/details?id=com.as.cashupapp","packageID":"com.as.cashupapp"},"showTemplate":1,"s2s_tracking_url":"https:\/\/play.google.com\/store\/apps\/details?id=com.as.cashupapp","activeCreativeID":"652","scenes":["1","2","9","10","11","8","4","15"],"campaignAdType":"Interstitial"},{"campaignID":"570","attribution":0,"priority":"6","appToPromote":{"appToPromoteID":"3802","usesDefaultFrameImage":"0","usesDefaultCloseImage":"0","marketURL":"https:\/\/play.google.com\/store\/apps\/details?id=com.Madxstudios.Flickshootsoccer","packageID":"com.Madxstudios.Flickshootsoccer"},"showTemplate":1,"s2s_tracking_url":"https:\/\/play.google.com\/store\/apps\/details?id=com.Madxstudios.Flickshootsoccer","activeCreativeID":"661","scenes":["1","2","9","10","11","8","4","15"],"campaignAdType":"Interstitial"},{"campaignID":"588","attribution":0,"priority":"6","appToPromote":{"appToPromoteID":"5026","usesDefaultFrameImage":"0","usesDefaultCloseImage":"0","marketURL":"https:\/\/play.google.com\/store\/apps\/details?id=com.as.cashupapp","packageID":"com.as.cashupapp"},"showTemplate":1,"s2s_tracking_url":"https:\/\/play.google.com\/store\/apps\/details?id=com.as.cashupapp","activeCreativeID":"652","scenes":["1","2","9","10","11","8","4","15"],"campaignAdType":"Interstitial"},{"campaignID":"6620","attribution":0,"priority":"6","appToPromote":{"appToPromoteID":"12980","usesDefaultFrameImage":"0","usesDefaultCloseImage":"0","marketURL":"https:\/\/play.google.com\/store\/apps\/details?id=com.sx.cooking.cafe.restaurant","packageID":"com.sx.cooking.cafe.restaurant"},"showTemplate":1,"s2s_tracking_url":"https:\/\/play.google.com\/store\/apps\/details?id=com.sx.cooking.cafe.restaurant","activeCreativeID":"1702","scenes":["1","2","9","10","11","8","4","15"],"campaignAdType":"Interstitial"},{"campaignID":"6596","attribution":0,"priority":"5","appToPromote":{"appToPromoteID":"12980","usesDefaultFrameImage":"0","usesDefaultCloseImage":"0","marketURL":"https:\/\/play.google.com\/store\/apps\/details?id=com.sx.cooking.cafe.restaurant","packageID":"com.sx.cooking.cafe.restaurant"},"showTemplate":1,"s2s_tracking_url":"https:\/\/play.google.com\/store\/apps\/details?id=com.sx.cooking.cafe.restaurant","activeCreativeID":"1702","scenes":["1","2","9","10","11","8","4","15"],"campaignAdType":"Interstitial"},{"campaignID":"414","attribution":0,"priority":"3","appToPromote":{"appToPromoteID":"3023","usesDefaultFrameImage":"0","usesDefaultCloseImage":"0","marketURL":"https:\/\/play.google.com\/store\/apps\/details?id=com.appricot2d.rolo.pet.parrot","packageID":"com.appricot2d.rolo.pet.parrot"},"showTemplate":1,"s2s_tracking_url":"https:\/\/play.google.com\/store\/apps\/details?id=com.appricot2d.rolo.pet.parrot","activeCreativeID":"385","scenes":["1","2","9","10","11","8","4","15"],"campaignAdType":"Interstitial"},{"campaignID":"559","attribution":0,"priority":"3","appToPromote":{"appToPromoteID":"3476","usesDefaultFrameImage":"0","usesDefaultCloseImage":"0","marketURL":"https:\/\/play.google.com\/store\/apps\/details?id=com.perspectivegames.real.impossible.tracks.stunts","packageID":"com.perspectivegames.real.impossible.tracks.stunts"},"showTemplate":1,"s2s_tracking_url":"https:\/\/play.google.com\/store\/apps\/details?id=com.perspectivegames.real.impossible.tracks.stunts","activeCreativeID":"649","scenes":["1","2","9","10","11","8","4","15"],"campaignAdType":"Interstitial"},{"campaignID":"741","attribution":0,"priority":"3","appToPromote":{"appToPromoteID":"5609","usesDefaultFrameImage":"0","usesDefaultCloseImage":"0","marketURL":"https:\/\/play.google.com\/store\/apps\/details?id=com.kick.gyroscopic.city.train.driver.simulator","packageID":"com.kick.gyroscopic.city.train.driver.simulator"},"showTemplate":1,"s2s_tracking_url":"https:\/\/play.google.com\/store\/apps\/details?id=com.kick.gyroscopic.city.train.driver.simulator","activeCreativeID":"753","scenes":["1","2","9","10","11","8","4","15"],"campaignAdType":"Interstitial"},{"campaignID":"798","attribution":0,"priority":"3","appToPromote":{"appToPromoteID":"5770","usesDefaultFrameImage":"0","usesDefaultCloseImage":"0","marketURL":"https:\/\/play.google.com\/store\/apps\/details?id=com.simulatorgames3d.alohacelebrations","packageID":"com.simulatorgames3d.alohacelebrations"},"showTemplate":1,"s2s_tracking_url":"https:\/\/play.google.com\/store\/apps\/details?id=com.simulatorgames3d.alohacelebrations","activeCreativeID":"787","scenes":["1","2","9","10","11","8","4","15"],"campaignAdType":"Interstitial"},{"campaignID":"1483","attribution":0,"priority":"3","appToPromote":{"appToPromoteID":"1714","usesDefaultFrameImage":"1","usesDefaultCloseImage":"1","marketURL":"https:\/\/play.google.com\/store\/apps\/details?id=com.playink.cookie.maker","packageID":"com.playink.cookie.maker"},"showTemplate":1,"s2s_tracking_url":"https:\/\/play.google.com\/store\/apps\/details?id=com.playink.cookie.maker","activeCreativeID":"1020","scenes":["1","2","9","10","11","8","4","15"],"campaignAdType":"Interstitial"},{"campaignID":"8762","attribution":0,"priority":"2","appToPromote":{"appToPromoteID":"13265","usesDefaultFrameImage":"0","usesDefaultCloseImage":"0","marketURL":"https:\/\/play.google.com\/store\/apps\/details?id=com.rhg.tricky.bike.stunt.moto.master","packageID":"com.rhg.tricky.bike.stunt.moto.master"},"showTemplate":1,"s2s_tracking_url":"https:\/\/play.google.com\/store\/apps\/details?id=com.rhg.tricky.bike.stunt.moto.master","activeCreativeID":"4121","scenes":["1","2","9","10","11","8","4","15"],"campaignAdType":"Rewarded Video"},{"campaignID":"602","attribution":0,"priority":"2","appToPromote":{"appToPromoteID":"5444","usesDefaultFrameImage":"0","usesDefaultCloseImage":"0","marketURL":"https:\/\/play.google.com\/store\/apps\/details?id=com.simulatorgame3d.impossibleairtracks","packageID":"com.simulatorgame3d.impossibleairtracks"},"showTemplate":1,"s2s_tracking_url":"https:\/\/play.google.com\/store\/apps\/details?id=com.simulatorgame3d.impossibleairtracks","activeCreativeID":"700","scenes":["1","2","9","10","11","8","4","15"],"campaignAdType":"Interstitial"}],"refreshAdRate":30,"mode":"Production","aspectRatio":"9_16","cdnPath":"https:\/\/df8ymybeo92md.cloudfront.net\/images\/","sentry_log":0,"local_logging":0,"sentry_dsn":"https:\/\/93ffa1c9a4124f67b8888a53265f751a:bbf998e04584477fa9a145838e9d3b26@sentry.io\/168994","sentry_initialization":1,"sentry_debugging":0,"bannerSizes":["5","2","1"],"aspectRatioVideo":"9_16","app_id":"17315","showPreRewardedDialogue":0,"showPostRewardedDialogue":0,"rewardCurrency":"coins","rewardValue":0,"isSkipable":1,"privacyPolicyURL":"https:\/\/www.consoliads.com\/privacy-policy\/","sessionToken":"fNGsWn5+tsDsRDF1suibYaVonnrRPRQ1x2QME0PMm7PL\/kYaQG5dc21ORrK1jfULq78tgmExvodiMXKBnkE\/us\/UBjWFn1B1P0lQUL1bKsezJAo05tuJjwWcAQFMOdzxhg3IkhLoo8piVKtTKzM7tApAGJk72ayEoebKWJ8soTc="}
Session token value is set


{"appKey":"00eb10eaac9ee896a0fa30cfc0a79614","osVersion":"9.0","orientation":"0","is_mac":"0","model":"GT-Nnnn0","deviceID":"344","telco_operator":"","cpu":"0","brand":"HUAWEI","userConsent":"0","internet_connectivity":"0","height":"237","architecture":"","width":"237","resolution":"1280x720","ram":"953,45 MB","sdkVersion":"91","product":"j7xeltexx","devMode":"0"}
cache_ttl value is correct

Refresh Ad Rate value is correct
mode value is set

 Aspect ratio value is correct
sentry_log value is set
local_logging value is set
sentry_initialization value is set
sentry_debugging value is set
showPreRewardedDialogue value is set
showPostRewardedDialogue value is set
isSkipable value is set
{"cache_ttl":10080,"cache_ttl_rewarded":10080,"cache_ttl_banner":10080,"cache_ttl_native":10080,"cache_ttl_icon":10080,"campaigns":[{"campaignID":"9384","attribution":0,"priority":"5","appToPromote":{"appToPromoteID":"13185","usesDefaultFrameImage":"0","usesDefaultCloseImage":"0","marketURL":"https:\/\/play.google.com\/store\/apps\/details?id=com.gamesarena.flying.bike.tricks.stunts&amp;referrer=utm_source=42matters.com&amp;utm_medium=api","packageID":"com.gamesarena.flying.bike.tricks.stunts"},"showTemplate":1,"s2s_tracking_url":"https:\/\/play.google.com\/store\/apps\/details?id=com.gamesarena.flying.bike.tricks.stunts&amp;referrer=utm_source=42matters.com&amp;utm_medium=api","activeCreativeID":"4829","scenes":["1","13","14","6","4","5","15","12","2"],"campaignAdType":"Interstitial"},{"campaignID":"9386","attribution":0,"priority":"5","appToPromote":{"appToPromoteID":"17764","usesDefaultFrameImage":"0","usesDefaultCloseImage":"0","marketURL":"https:\/\/play.google.com\/store\/apps\/details?id=com.visiblebody.atlas&amp;referrer=utm_source=42matters.com&amp;utm_medium=api","packageID":"com.gamesarena..test6324"},"showTemplate":1,"s2s_tracking_url":"https:\/\/play.google.com\/store\/apps\/details?id=com.visiblebody.atlas&amp;referrer=utm_source=42matters.com&amp;utm_medium=api","activeCreativeID":"4828","scenes":["1","13","14","6","4","5","15","12","2"],"campaignAdType":"Interstitial"},{"campaignID":"9389","attribution":0,"priority":"5","appToPromote":{"appToPromoteID":"13185","usesDefaultFrameImage":"0","usesDefaultCloseImage":"0","marketURL":"https:\/\/play.google.com\/store\/apps\/details?id=com.gamesarena.flying.bike.tricks.stunts&amp;referrer=utm_source=42matters.com&amp;utm_medium=api","packageID":"com.gamesarena.flying.bike.tricks.stunts"},"showTemplate":1,"s2s_tracking_url":"https:\/\/play.google.com\/store\/apps\/details?id=com.gamesarena.flying.bike.tricks.stunts&amp;referrer=utm_source=42matters.com&amp;utm_medium=api","activeCreativeID":"4829","scenes":["1","13","14","6","4","5","15","12","2"],"campaignAdType":"Interstitial"},{"campaignID":"9390","attribution":0,"priority":"5","appToPromote":{"appToPromoteID":"17764","usesDefaultFrameImage":"0","usesDefaultCloseImage":"0","marketURL":"https:\/\/play.google.com\/store\/apps\/details?id=com.visiblebody.atlas&amp;referrer=utm_source=42matters.com&amp;utm_medium=api","packageID":"com.gamesarena..test6324"},"showTemplate":1,"s2s_tracking_url":"https:\/\/play.google.com\/store\/apps\/details?id=com.visiblebody.atlas&amp;referrer=utm_source=42matters.com&amp;utm_medium=api","activeCreativeID":"4828","scenes":["1","13","14","6","4","5","15","12","2"],"campaignAdType":"Interstitial"},{"campaignID":"6410","attribution":0,"priority":"5","appToPromote":{"appToPromoteID":"12544","usesDefaultFrameImage":"0","usesDefaultCloseImage":"0","marketURL":"market:\/\/download?com.gamesventure.demolition.derby.euro.truck.racing","packageID":"com.gamesventure.demolition.derby.euro.truck.racing"},"showTemplate":1,"s2s_tracking_url":"market:\/\/download?com.gamesventure.demolition.derby.euro.truck.racing","activeCreativeID":"1545","scenes":["1","13","14","6","4","5","15","12","2"],"campaignAdType":"Interstitial"},{"campaignID":"6408","attribution":0,"priority":"4","appToPromote":{"appToPromoteID":"12521","usesDefaultFrameImage":"0","usesDefaultCloseImage":"0","marketURL":"https:\/\/play.google.com\/store\/apps\/details?id=com.gamesbasement.demolition.derby.police.car.racing","packageID":"com.gamesbasement.demolition.derby.police.car.racing"},"showTemplate":1,"s2s_tracking_url":"https:\/\/play.google.com\/store\/apps\/details?id=com.gamesbasement.demolition.derby.police.car.racing","activeCreativeID":"1543","scenes":["1","13","14","6","4","5","15","12","2"],"campaignAdType":"Interstitial"},{"campaignID":"6409","attribution":0,"priority":"4","appToPromote":{"appToPromoteID":"12556","usesDefaultFrameImage":"0","usesDefaultCloseImage":"0","marketURL":"market:\/\/download?com.nws.demolition.derby.bike.racing.stunts","packageID":"com.nws.demolition.derby.bike.racing.stunts"},"showTemplate":1,"s2s_tracking_url":"market:\/\/download?com.nws.demolition.derby.bike.racing.stunts","activeCreativeID":"1544","scenes":["1","13","14","6","4","5","15","12","2"],"campaignAdType":"Interstitial"},{"campaignID":"6411","attribution":0,"priority":"2","appToPromote":{"appToPromoteID":"12557","usesDefaultFrameImage":"0","usesDefaultCloseImage":"0","marketURL":"market:\/\/download?com.bbg.demolition.derby.formula.car.stunts","packageID":"com.bbg.demolition.derby.formula.car.stunts"},"showTemplate":1,"s2s_tracking_url":"market:\/\/download?com.bbg.demolition.derby.formula.car.stunts","activeCreativeID":"1546","scenes":["1","13","14","6","4","5","15","12","2"],"campaignAdType":"Interstitial"},{"campaignID":"6510","attribution":0,"priority":"2","appToPromote":{"appToPromoteID":"12390","usesDefaultFrameImage":"0","usesDefaultCloseImage":"0","marketURL":"https:\/\/play.google.com\/store\/apps\/details?id=com.gamesbasement.jetski.freestyle.stunts","packageID":"com.gamesbasement.jetski.freestyle.stunts"},"showTemplate":1,"s2s_tracking_url":"https:\/\/play.google.com\/store\/apps\/details?id=com.gamesbasement.jetski.freestyle.stunts","activeCreativeID":"1627","scenes":["1","13","14","6","4","5","15","12","2"],"campaignAdType":"Interstitial"},{"campaignID":"6511","attribution":0,"priority":"2","appToPromote":{"appToPromoteID":"12375","usesDefaultFrameImage":"0","usesDefaultCloseImage":"0","marketURL":"market:\/\/download?com.bbg.police.robot.bikes.tunts.extreme","packageID":"com.bbg.police.robot.bikes.tunts.extreme"},"showTemplate":1,"s2s_tracking_url":"market:\/\/download?com.bbg.police.robot.bikes.tunts.extreme","activeCreativeID":"1628","scenes":["1","13","14","6","4","5","15","12","2"],"campaignAdType":"Interstitial"},{"campaignID":"6514","attribution":0,"priority":"2","appToPromote":{"appToPromoteID":"12373","usesDefaultFrameImage":"0","usesDefaultCloseImage":"0","marketURL":"https:\/\/play.google.com\/store\/apps\/details?id=com.nws.snow.bike.stunt.rider","packageID":"com.nws.snow.bike.stunt.rider"},"showTemplate":1,"s2s_tracking_url":"https:\/\/play.google.com\/store\/apps\/details?id=com.nws.snow.bike.stunt.rider","activeCreativeID":"1631","scenes":["1","13","14","6","4","5","15","12","2"],"campaignAdType":"Interstitial"},{"campaignID":"6516","attribution":0,"priority":"2","appToPromote":{"appToPromoteID":"12687","usesDefaultFrameImage":"0","usesDefaultCloseImage":"0","marketURL":"https:\/\/play.google.com\/store\/apps\/details?id=com.bbg.police.dog.prison.escape.survival","packageID":"com.bbg.police.dog.prison.escape.survival"},"showTemplate":1,"s2s_tracking_url":"https:\/\/play.google.com\/store\/apps\/details?id=com.bbg.police.dog.prison.escape.survival","activeCreativeID":"1635","scenes":["1","13","14","6","4","5","15","12","2"],"campaignAdType":"Interstitial"},{"campaignID":"6517","attribution":0,"priority":"2","appToPromote":{"appToPromoteID":"12285","usesDefaultFrameImage":"0","usesDefaultCloseImage":"0","marketURL":"https:\/\/play.google.com\/store\/apps\/details?id=com.gamesworld.ninja.battleground.survival","packageID":"com.gamesworld.ninja.battleground.survival"},"showTemplate":1,"s2s_tracking_url":"https:\/\/play.google.com\/store\/apps\/details?id=com.gamesworld.ninja.battleground.survival","activeCreativeID":"1636","scenes":["1","13","14","6","4","5","15","12","2"],"campaignAdType":"Interstitial"}],"refreshAdRate":30,"mode":"Production","aspectRatio":"9_16","cdnPath":"https:\/\/df8ymybeo92md.cloudfront.net\/images\/","sentry_log":0,"local_logging":0,"sentry_dsn":"https:\/\/93ffa1c9a4124f67b8888a53265f751a:bbf998e04584477fa9a145838e9d3b26@sentry.io\/168994","sentry_initialization":1,"sentry_debugging":0,"bannerSizes":[],"aspectRatioVideo":"9_16","app_id":"12522","showPreRewardedDialogue":0,"showPostRewardedDialogue":0,"rewardCurrency":"coins","rewardValue":0,"isSkipable":0,"privacyPolicyURL":"https:\/\/www.consoliads.com\/privacy-policy\/","sessionToken":"7oB1uT5yOObFP4MkxAG5uFO0cReo0VH9xXr7+JYK4+ABaL8aM2KwtnayOwTnDGF9GS2deHaYzvIYXGGOeZiq33YZ9wUnlWz3K4TaNs4P2\/pNY0G+yMJQ6gYpb+0BeByYfGDQe8GDVR\/Sw5rjbGGfmkK5uTjgh6KxFXjZ2rKMHMg="}
Session token value is set

mode value is set

 Aspect ratio value is correct
sentry_log value is set
Session token value is set

</DebugTrace>
      </Output>
    </UnitTestResult>
    <UnitTestResult executionId="c595eb8e-871e-413f-bfc2-676c0cd0e708" testId="f70c910a-cc07-24cb-0d1c-bc2c00fc396f" testName="G_SyncAppunityMainMethodCodeGenerator" computerName="DESKTOP-5AJ0SB3" duration="00:01:25.7406208" startTime="2020-12-10T10:25:32.6758786+05:00" endTime="2020-12-10T10:26:58.4254546+05:00" testType="13cdc9d9-ddb5-4fa4-a97d-d965ccfc6d4b" outcome="Passed" testListId="8c84fa94-04c1-424b-9868-57a2d4851a1d" relativeResultsDirectory="c595eb8e-871e-413f-bfc2-676c0cd0e708">
      <Output>
        <DebugTrace>****************** http://52.13.174.6/sheeda/admin/api/startNewAdSession_2
****************** SELECT apps.package,apps.title,apps.companyID, apps.osID , users.userSignature, apps.appVersionCode, apps.appVersionName FROM apps 
 join users ON apps.companyID = users.companyID where apps.app_type = 'app' AND apps.sdkID &gt; 20 And users.isAdmin = 1 AND users.status = 1 ORDER BY companyID ASC
LIMIT 50



****************** 
****************** select adID from ads where ad_type != 'analytics';
****************** select adID from ads where ad_type != 'analytics' and ad_type ='interstitial'
****************** select adID from ads where ad_type != 'analytics' and ad_type ='banner'
****************** select adID from ads where ad_type != 'analytics' and ad_type ='native'
****************** select adID from ads where ad_type != 'analytics' and ad_type ='rewarded_video'
****************** SELECT sdkID, ver FROM `sdk_info` WHERE `description` LIKE '%mediation unity%' AND sdkID &gt; 2173 LIMIT 50
****************** 
****************** http://52.13.174.6/sheeda/admin/json/syncApp
****************** http://52.13.174.6/sheeda/admin/json/syncApp
****************** http://52.13.174.6/sheeda/admin/json/syncApp
****************** http://52.13.174.6/sheeda/admin/json/syncApp
****************** http://52.13.174.6/sheeda/admin/json/syncApp
****************** http://52.13.174.6/sheeda/admin/json/syncApp
****************** http://52.13.174.6/sheeda/admin/json/syncApp
****************** http://52.13.174.6/sheeda/admin/json/syncApp
****************** http://52.13.174.6/sheeda/admin/json/syncApp
****************** http://52.13.174.6/sheeda/admin/json/syncApp
****************** http://52.13.174.6/sheeda/admin/json/syncApp
****************** http://52.13.174.6/sheeda/admin/json/syncApp
****************** http://52.13.174.6/sheeda/admin/json/syncApp
****************** http://52.13.174.6/sheeda/admin/json/syncApp
****************** http://52.13.174.6/sheeda/admin/json/syncApp
****************** http://52.13.174.6/sheeda/admin/json/syncApp
Ads mediation queue value is set
child directed value is set
Sequences value is set
Is hide ads value is set
****************** http://52.13.174.6/sheeda/admin/json/syncApp
****************** http://52.13.174.6/sheeda/admin/json/syncApp
Ads mediation queue value is set
child directed value is set
Sequences value is set
Is hide ads value is set
****************** http://52.13.174.6/sheeda/admin/json/syncApp
****************** http://52.13.174.6/sheeda/admin/json/syncApp
****************** http://52.13.174.6/sheeda/admin/json/syncApp
****************** http://52.13.174.6/sheeda/admin/json/syncApp
****************** http://52.13.174.6/sheeda/admin/json/syncApp
****************** http://52.13.174.6/sheeda/admin/json/syncApp
****************** http://52.13.174.6/sheeda/admin/json/syncApp
****************** http://52.13.174.6/sheeda/admin/json/syncApp
****************** http://52.13.174.6/sheeda/admin/json/syncApp
****************** http://52.13.174.6/sheeda/admin/json/syncApp
****************** http://52.13.174.6/sheeda/admin/json/syncApp
****************** http://52.13.174.6/sheeda/admin/json/syncApp
****************** http://52.13.174.6/sheeda/admin/json/syncApp
****************** http://52.13.174.6/sheeda/admin/json/syncApp
****************** http://52.13.174.6/sheeda/admin/json/syncApp
****************** http://52.13.174.6/sheeda/admin/json/syncApp
****************** http://52.13.174.6/sheeda/admin/json/syncApp
****************** http://52.13.174.6/sheeda/admin/json/syncApp
****************** http://52.13.174.6/sheeda/admin/json/syncApp
****************** http://52.13.174.6/sheeda/admin/json/syncApp
Ads mediation queue value is set
child directed value is set
Sequences value is set
Is hide ads value is set
****************** http://52.13.174.6/sheeda/admin/json/syncApp
****************** http://52.13.174.6/sheeda/admin/json/syncApp
****************** http://52.13.174.6/sheeda/admin/json/syncApp
****************** http://52.13.174.6/sheeda/admin/json/syncApp
****************** http://52.13.174.6/sheeda/admin/json/syncApp
****************** http://52.13.174.6/sheeda/admin/json/syncApp
****************** http://52.13.174.6/sheeda/admin/json/syncApp
****************** http://52.13.174.6/sheeda/admin/json/syncApp
****************** http://52.13.174.6/sheeda/admin/json/syncApp
****************** http://52.13.174.6/sheeda/admin/json/syncApp
Ads mediation queue value is set
child directed value is set
Sequences value is set
Is hide ads value is set
****************** http://52.13.174.6/sheeda/admin/json/syncApp
****************** http://52.13.174.6/sheeda/admin/json/syncApp
Ads mediation queue value is set
child directed value is set
Sequences value is set
Is hide ads value is set
****************** http://52.13.174.6/sheeda/admin/json/syncApp
****************** http://52.13.174.6/sheeda/admin/json/syncApp
****************** http://52.13.174.6/sheeda/admin/json/syncApp
****************** http://52.13.174.6/sheeda/admin/json/syncApp
Ads mediation queue value is set
child directed value is set
Sequences value is set
Is hide ads value is set
****************** http://52.13.174.6/sheeda/admin/json/syncApp
****************** http://52.13.174.6/sheeda/admin/json/syncApp
****************** http://52.13.174.6/sheeda/admin/json/syncApp
****************** http://52.13.174.6/sheeda/admin/json/syncApp
Ads mediation queue value is set
child directed value is set
Sequences value is set
Is hide ads value is set
****************** http://52.13.174.6/sheeda/admin/json/syncApp
****************** http://52.13.174.6/sheeda/admin/json/syncApp
****************** http://52.13.174.6/sheeda/admin/json/syncApp
****************** http://52.13.174.6/sheeda/admin/json/syncApp
****************** http://52.13.174.6/sheeda/admin/json/syncApp
****************** http://52.13.174.6/sheeda/admin/json/syncApp
****************** http://52.13.174.6/sheeda/admin/json/syncApp
****************** http://52.13.174.6/sheeda/admin/json/syncApp
****************** http://52.13.174.6/sheeda/admin/json/syncApp
****************** http://52.13.174.6/sheeda/admin/json/syncApp
****************** http://52.13.174.6/sheeda/admin/json/syncApp
****************** http://52.13.174.6/sheeda/admin/json/syncApp
****************** http://52.13.174.6/sheeda/admin/json/syncApp
****************** http://52.13.174.6/sheeda/admin/json/syncApp
****************** http://52.13.174.6/sheeda/admin/json/syncApp
****************** http://52.13.174.6/sheeda/admin/json/syncApp
****************** http://52.13.174.6/sheeda/admin/json/syncApp
****************** http://52.13.174.6/sheeda/admin/json/syncApp
****************** http://52.13.174.6/sheeda/admin/json/syncApp
****************** http://52.13.174.6/sheeda/admin/json/syncApp
****************** http://52.13.174.6/sheeda/admin/json/syncApp
****************** http://52.13.174.6/sheeda/admin/json/syncApp
****************** http://52.13.174.6/sheeda/admin/json/syncApp
****************** http://52.13.174.6/sheeda/admin/json/syncApp
****************** http://52.13.174.6/sheeda/admin/json/syncApp
****************** http://52.13.174.6/sheeda/admin/json/syncApp
****************** http://52.13.174.6/sheeda/admin/json/syncApp
****************** http://52.13.174.6/sheeda/admin/json/syncApp
****************** http://52.13.174.6/sheeda/admin/json/syncApp
****************** http://52.13.174.6/sheeda/admin/json/syncApp
****************** http://52.13.174.6/sheeda/admin/json/syncApp
****************** http://52.13.174.6/sheeda/admin/json/syncApp
****************** http://52.13.174.6/sheeda/admin/json/syncApp
****************** http://52.13.174.6/sheeda/admin/json/syncApp
****************** http://52.13.174.6/sheeda/admin/json/syncApp
****************** http://52.13.174.6/sheeda/admin/json/syncApp
****************** http://52.13.174.6/sheeda/admin/json/syncApp
****************** http://52.13.174.6/sheeda/admin/json/syncApp
****************** http://52.13.174.6/sheeda/admin/json/syncApp
****************** http://52.13.174.6/sheeda/admin/json/syncApp
****************** http://52.13.174.6/sheeda/admin/json/syncApp
****************** http://52.13.174.6/sheeda/admin/json/syncApp
</DebugTrace>
      </Output>
    </UnitTestResult>
    <UnitTestResult executionId="aecb6794-d1f4-4e99-ab89-1904d4e34ad8" testId="4d0749f1-2acf-bf6d-9151-b617319ecfaf" testName="F_SyncUserDeviceMainMethodCodeGenerator" computerName="DESKTOP-5AJ0SB3" duration="00:01:19.2624290" startTime="2020-12-10T10:26:58.4284543+05:00" endTime="2020-12-10T10:28:17.6952178+05:00" testType="13cdc9d9-ddb5-4fa4-a97d-d965ccfc6d4b" outcome="Passed" testListId="8c84fa94-04c1-424b-9868-57a2d4851a1d" relativeResultsDirectory="aecb6794-d1f4-4e99-ab89-1904d4e34ad8">
      <Output>
        <DebugTrace>****************** http://52.13.174.6/sheeda/admin/analytics/syncUserDevice
****************** SELECT apps.package, apps.appID, apps.osID, apps.companyID, apps.sdkID, sdk_info.ver, apps.appVersionCode, apps.appVersionName FROM apps INNER JOIN sdk_info ON apps.sdkID = sdk_info.sdkID WHERE apps.sdkID &gt; 20 LIMIT 50
****************** 
****************** select adID from ads where ad_type != 'analytics';
****************** 
****************** http://52.13.174.6/sheeda/admin/analytics/syncUserDevice
AM mode is working fine
Message value is completed
****************** http://52.13.174.6/sheeda/admin/analytics/syncUserDevice
AM mode is working fine
Message value is completed
****************** http://52.13.174.6/sheeda/admin/analytics/syncUserDevice
AM mode is working fine
Message value is completed
****************** http://52.13.174.6/sheeda/admin/analytics/syncUserDevice
AM mode is working fine
Message value is completed
****************** http://52.13.174.6/sheeda/admin/analytics/syncUserDevice
****************** http://52.13.174.6/sheeda/admin/analytics/syncUserDevice
AM mode is working fine
Message value is completed
****************** http://52.13.174.6/sheeda/admin/analytics/syncUserDevice
{"package":"com.amazing.gamez.airplane.car.transporter.pilot","appVersionCode":"","appVersionName":"","nativeApp":"0","store":"41","uniqueDeviceID":"791","appID":"","deviceID":"","region":"","adsQueueEventStats ":[{"adID":"6","sceneID":"2"," request":"79"," impression":"79"," click":"79"}],"gssdkVersion":"3.2.2","sdkVersionID":"39","sdkVersion":"39","devMode":"0"}: message value is other then completed,http://52.13.174.6/sheeda/admin/analytics/syncUserDeviceapi is failed
****************** http://52.13.174.6/sheeda/admin/analytics/syncUserDevice
{"package":"com.amazing.gamez.airplane.car.transporter.pilot","appVersionCode":"","appVersionName":"","nativeApp":"0","store":"43","uniqueDeviceID":"9678","appID":"","deviceID":"","region":"","adsQueueEventStats ":[{"adID":"7","sceneID":"25"," request":"967"," impression":"967"," click":"967"}],"gssdkVersion":"3.2.2","sdkVersionID":"39","sdkVersion":"39","devMode":"0"}: message value is other then completed,http://52.13.174.6/sheeda/admin/analytics/syncUserDeviceapi is failed
****************** http://52.13.174.6/sheeda/admin/analytics/syncUserDevice
{"package":"com.amazing.gamez.snow.plow.truck.simulator","appVersionCode":"","appVersionName":"","nativeApp":"0","store":"41","uniqueDeviceID":"8566","appID":"","deviceID":"","region":"","adsQueueEventStats ":[{"adID":"8","sceneID":"22"," request":"856"," impression":"856"," click":"856"}],"gssdkVersion":"3.2.2","sdkVersionID":"39","sdkVersion":"39","devMode":"0"}: message value is other then completed,http://52.13.174.6/sheeda/admin/analytics/syncUserDeviceapi is failed
****************** http://52.13.174.6/sheeda/admin/analytics/syncUserDevice
AM mode is working fine
Message value is completed
****************** http://52.13.174.6/sheeda/admin/analytics/syncUserDevice
****************** http://52.13.174.6/sheeda/admin/analytics/syncUserDevice
****************** http://52.13.174.6/sheeda/admin/analytics/syncUserDevice
AM mode is working fine
Message value is completed
****************** http://52.13.174.6/sheeda/admin/analytics/syncUserDevice
AM mode is working fine
Message value is completed
****************** http://52.13.174.6/sheeda/admin/analytics/syncUserDevice
****************** http://52.13.174.6/sheeda/admin/analytics/syncUserDevice
{"package":"com.amazing.gamez.airplane.car.transporter.pilot","appVersionCode":"","appVersionName":"","nativeApp":"0","store":"42","uniqueDeviceID":"8415","appID":"","deviceID":"","region":"","adsQueueEventStats ":[{"adID":"18","sceneID":"22"," request":"841"," impression":"841"," click":"841"}],"gssdkVersion":"3.2.2","sdkVersionID":"39","sdkVersion":"39","devMode":"0"}: message value is other then completed,http://52.13.174.6/sheeda/admin/analytics/syncUserDeviceapi is failed
****************** http://52.13.174.6/sheeda/admin/analytics/syncUserDevice
{"package":"com.amazing.gamez.off.road.hill.climb","appVersionCode":"","appVersionName":"","nativeApp":"0","store":"41","uniqueDeviceID":"1175","appID":"","deviceID":"","region":"","adsQueueEventStats ":[{"adID":"19","sceneID":"3"," request":"118"," impression":"118"," click":"118"}],"gssdkVersion":"3.2.2","sdkVersionID":"39","sdkVersion":"39","devMode":"0"}: message value is other then completed,http://52.13.174.6/sheeda/admin/analytics/syncUserDeviceapi is failed
****************** http://52.13.174.6/sheeda/admin/analytics/syncUserDevice
{"package":"com.amazing.gamez.off.road.hill.climb","appVersionCode":"","appVersionName":"","nativeApp":"0","store":"43","uniqueDeviceID":"8426","appID":"","deviceID":"","region":"","adsQueueEventStats ":[{"adID":"20","sceneID":"22"," request":"842"," impression":"842"," click":"842"}],"gssdkVersion":"3.2.2","sdkVersionID":"39","sdkVersion":"39","devMode":"0"}: message value is other then completed,http://52.13.174.6/sheeda/admin/analytics/syncUserDeviceapi is failed
****************** http://52.13.174.6/sheeda/admin/analytics/syncUserDevice
****************** http://52.13.174.6/sheeda/admin/analytics/syncUserDevice
AM mode is working fine
Message value is completed
****************** http://52.13.174.6/sheeda/admin/analytics/syncUserDevice
AM mode is working fine
Message value is completed
****************** http://52.13.174.6/sheeda/admin/analytics/syncUserDevice
AM mode is working fine
Message value is completed
****************** http://52.13.174.6/sheeda/admin/analytics/syncUserDevice
AM mode is working fine
Message value is completed
****************** http://52.13.174.6/sheeda/admin/analytics/syncUserDevice
{"package":"com.amazing.gamez.share.attack.survival.simulator","appVersionCode":"","appVersionName":"","nativeApp":"0","store":"42","uniqueDeviceID":"6846","appID":"","deviceID":"","region":"","adsQueueEventStats ":[{"adID":"26","sceneID":"18"," request":"684"," impression":"684"," click":"684"}],"gssdkVersion":"3.2.2","sdkVersionID":"39","sdkVersion":"39","devMode":"0"}: message value is other then completed,http://52.13.174.6/sheeda/admin/analytics/syncUserDeviceapi is failed
****************** http://52.13.174.6/sheeda/admin/analytics/syncUserDevice
****************** http://52.13.174.6/sheeda/admin/analytics/syncUserDevice
{"package":"com.amazing.gamez.counter.terrorist.force","appVersionCode":"","appVersionName":"","nativeApp":"0","store":"41","uniqueDeviceID":"686","appID":"","deviceID":"","region":"","adsQueueEventStats ":[{"adID":"28","sceneID":"2"," request":"69"," impression":"69"," click":"69"}],"gssdkVersion":"3.2.2","sdkVersionID":"39","sdkVersion":"39","devMode":"0"}: message value is other then completed,http://52.13.174.6/sheeda/admin/analytics/syncUserDeviceapi is failed
****************** http://52.13.174.6/sheeda/admin/analytics/syncUserDevice
AM mode is working fine
Message value is completed
****************** http://52.13.174.6/sheeda/admin/analytics/syncUserDevice
AM mode is working fine
Message value is completed
****************** http://52.13.174.6/sheeda/admin/analytics/syncUserDevice
AM mode is working fine
Message value is completed
****************** http://52.13.174.6/sheeda/admin/analytics/syncUserDevice
AM mode is working fine
Message value is completed
****************** http://52.13.174.6/sheeda/admin/analytics/syncUserDevice
AM mode is working fine
Message value is completed
****************** http://52.13.174.6/sheeda/admin/analytics/syncUserDevice
AM mode is working fine
Message value is completed
****************** http://52.13.174.6/sheeda/admin/analytics/syncUserDevice
AM mode is working fine
child directed value is set
Sequences value is set
Is hide ads value is set
Mediation mode value is set
Ads mediation queue value is set
Message value is completed
****************** http://52.13.174.6/sheeda/admin/analytics/syncUserDevice
AM mode is working fine
Message value is completed
****************** http://52.13.174.6/sheeda/admin/analytics/syncUserDevice
AM mode is working fine
Message value is completed
****************** http://52.13.174.6/sheeda/admin/analytics/syncUserDevice
AM mode is working fine
Message value is completed
****************** http://52.13.174.6/sheeda/admin/analytics/syncUserDevice
AM mode is working fine
Message value is completed
****************** http://52.13.174.6/sheeda/admin/analytics/syncUserDevice
AM mode is working fine
Message value is completed
****************** http://52.13.174.6/sheeda/admin/analytics/syncUserDevice
AM mode is working fine
Message value is completed
****************** http://52.13.174.6/sheeda/admin/analytics/syncUserDevice
AM mode is working fine
Message value is completed
****************** http://52.13.174.6/sheeda/admin/analytics/syncUserDevice
AM mode is working fine
Message value is completed
****************** http://52.13.174.6/sheeda/admin/analytics/syncUserDevice
AM mode is working fine
Message value is completed
****************** http://52.13.174.6/sheeda/admin/analytics/syncUserDevice
AM mode is working fine
Message value is completed
****************** http://52.13.174.6/sheeda/admin/analytics/syncUserDevice
AM mode is working fine
Message value is completed
****************** http://52.13.174.6/sheeda/admin/analytics/syncUserDevice
AM mode is working fine
Message value is completed
****************** http://52.13.174.6/sheeda/admin/analytics/syncUserDevice
AM mode is working fine
Message value is completed
****************** http://52.13.174.6/sheeda/admin/analytics/syncUserDevice
AM mode is working fine
Message value is completed
****************** http://52.13.174.6/sheeda/admin/analytics/syncUserDevice
AM mode is working fine
Message value is completed
****************** http://52.13.174.6/sheeda/admin/analytics/syncUserDevice
AM mode is working fine
Message value is completed
****************** http://52.13.174.6/sheeda/admin/analytics/syncUserDevice
AM mode is working fine
Message value is completed
</DebugTrace>
      </Output>
    </UnitTestResult>
  </Results>
</TestRun>