<?xml version="1.0" encoding="UTF-8"?>
<TestRun id="0095b94e-fe3b-4957-aabc-05ef404e9f1f" name="SYSTEM@DESKTOP-5AJ0SB3 2021-01-05 12:57:28" runUser="NT AUTHORITY\SYSTEM" xmlns="http://microsoft.com/schemas/VisualStudio/TeamTest/2010">
  <TestSettings name="Default Test Settings" id="e7edb2ec-4a48-4846-be73-8ca60f5ff8e1">
    <Deployment userDeploymentRoot="E:\Automation\Automation_API_Windows\Monetization_Automation\Monetization_Automation\Monetization_Automation\AutomationAPIExecutionResultsFiles" useDefaultDeploymentRoot="false" runDeploymentRoot="SYSTEM_DESKTOP-5AJ0SB3 2021-01-05 12_57_28" />
    <Execution>
      <TestTypeSpecific />
      <AgentRule name="Execution Agents">
      </AgentRule>
    </Execution>
    <Properties />
  </TestSettings>
  <Times creation="2021-01-05T12:57:28.5494301+05:00" queuing="2021-01-05T12:57:42.6792336+05:00" start="2021-01-05T12:57:43.1384332+05:00" finish="2021-01-05T13:08:57.6702049+05:00" />
  <ResultSummary outcome="Warning">
    <Counters total="7" executed="7" passed="7" error="0" failed="0" timeout="0" aborted="0" inconclusive="0" passedButRunAborted="0" notRunnable="0" notExecuted="0" disconnected="0" warning="0" completed="0" inProgress="0" pending="0" />
    <RunInfos>
      <RunInfo computerName="DESKTOP-5AJ0SB3" outcome="Warning" timestamp="2021-01-05T12:57:42.3619998+05:00">
        <Text>Warning: conflict during test run deployment: deployment item 'E:\Automation\Automation_API_Windows\Monetization_Automation\Monetization_Automation\Monetization_Automation\Monetization_Automation.Utils\Monetization_Automation.Utils\bin\Debug\Monetization_Automation.Utils.dll' specified by the test 'Monetization_Automation.Test.F_SyncAppUnityAPIInputGenerator.G_SyncAppunityMainMethodCodeGenerator' cannot be deployed to 'Google.Protobuf.dll' because otherwise the file 'E:\Automation\Automation_API_Windows\Monetization_Automation\Monetization_Automation\Monetization_Automation\Monetization_Automation.Utils\Monetization_Automation.Utils\bin\Debug\Google.Protobuf.dll' would overwrite deployment item 'e:\automation\automation_api_windows\monetization_automation\monetization_automation\monetization_automation\testingapi\bin\debug\Google.Protobuf.dll' directly or indirectly referenced by the test container 'e:\automation\automation_api_windows\monetization_automation\monetization_automation\monetization_automation\testingapi\bin\debug\monetization_automation.test.dll'.</Text>
      </RunInfo>
      <RunInfo computerName="DESKTOP-5AJ0SB3" outcome="Warning" timestamp="2021-01-05T12:57:42.3629995+05:00">
        <Text>Warning: conflict during test run deployment: deployment item 'E:\Automation\Automation_API_Windows\Monetization_Automation\Monetization_Automation\Monetization_Automation\Monetization_Automation.Utils\Monetization_Automation.Utils\bin\Debug\Monetization_Automation.Utils.dll' specified by the test 'Monetization_Automation.Test.F_SyncAppUnityAPIInputGenerator.G_SyncAppunityMainMethodCodeGenerator' cannot be deployed to 'K4os.Compression.LZ4.Streams.dll' because otherwise the file 'E:\Automation\Automation_API_Windows\Monetization_Automation\Monetization_Automation\Monetization_Automation\Monetization_Automation.Utils\Monetization_Automation.Utils\bin\Debug\K4os.Compression.LZ4.Streams.dll' would overwrite deployment item 'e:\automation\automation_api_windows\monetization_automation\monetization_automation\monetization_automation\testingapi\bin\debug\K4os.Compression.LZ4.Streams.dll' directly or indirectly referenced by the test container 'e:\automation\automation_api_windows\monetization_automation\monetization_automation\monetization_automation\testingapi\bin\debug\monetization_automation.test.dll'.</Text>
      </RunInfo>
      <RunInfo computerName="DESKTOP-5AJ0SB3" outcome="Warning" timestamp="2021-01-05T12:57:42.3629995+05:00">
        <Text>Warning: conflict during test run deployment: deployment item 'E:\Automation\Automation_API_Windows\Monetization_Automation\Monetization_Automation\Monetization_Automation\Monetization_Automation.Utils\Monetization_Automation.Utils\bin\Debug\Monetization_Automation.Utils.dll' specified by the test 'Monetization_Automation.Test.F_SyncAppUnityAPIInputGenerator.G_SyncAppunityMainMethodCodeGenerator' cannot be deployed to 'K4os.Compression.LZ4.dll' because otherwise the file 'E:\Automation\Automation_API_Windows\Monetization_Automation\Monetization_Automation\Monetization_Automation\Monetization_Automation.Utils\Monetization_Automation.Utils\bin\Debug\K4os.Compression.LZ4.dll' would overwrite deployment item 'e:\automation\automation_api_windows\monetization_automation\monetization_automation\monetization_automation\testingapi\bin\debug\K4os.Compression.LZ4.dll' directly or indirectly referenced by the test container 'e:\automation\automation_api_windows\monetization_automation\monetization_automation\monetization_automation\testingapi\bin\debug\monetization_automation.test.dll'.</Text>
      </RunInfo>
      <RunInfo computerName="DESKTOP-5AJ0SB3" outcome="Warning" timestamp="2021-01-05T12:57:42.3629995+05:00">
        <Text>Warning: conflict during test run deployment: deployment item 'E:\Automation\Automation_API_Windows\Monetization_Automation\Monetization_Automation\Monetization_Automation\Monetization_Automation.Utils\Monetization_Automation.Utils\bin\Debug\Monetization_Automation.Utils.dll' specified by the test 'Monetization_Automation.Test.F_SyncAppUnityAPIInputGenerator.G_SyncAppunityMainMethodCodeGenerator' cannot be deployed to 'System.Memory.dll' because otherwise the file 'E:\Automation\Automation_API_Windows\Monetization_Automation\Monetization_Automation\Monetization_Automation\Monetization_Automation.Utils\Monetization_Automation.Utils\bin\Debug\System.Memory.dll' would overwrite deployment item 'e:\automation\automation_api_windows\monetization_automation\monetization_automation\monetization_automation\testingapi\bin\debug\System.Memory.dll' directly or indirectly referenced by the test container 'e:\automation\automation_api_windows\monetization_automation\monetization_automation\monetization_automation\testingapi\bin\debug\monetization_automation.test.dll'.</Text>
      </RunInfo>
      <RunInfo computerName="DESKTOP-5AJ0SB3" outcome="Warning" timestamp="2021-01-05T12:57:42.3629995+05:00">
        <Text>Warning: conflict during test run deployment: deployment item 'E:\Automation\Automation_API_Windows\Monetization_Automation\Monetization_Automation\Monetization_Automation\Monetization_Automation.Utils\Monetization_Automation.Utils\bin\Debug\Monetization_Automation.Utils.dll' specified by the test 'Monetization_Automation.Test.F_SyncAppUnityAPIInputGenerator.G_SyncAppunityMainMethodCodeGenerator' cannot be deployed to 'System.Numerics.Vectors.dll' because otherwise the file 'E:\Automation\Automation_API_Windows\Monetization_Automation\Monetization_Automation\Monetization_Automation\Monetization_Automation.Utils\Monetization_Automation.Utils\bin\Debug\System.Numerics.Vectors.dll' would overwrite deployment item 'e:\automation\automation_api_windows\monetization_automation\monetization_automation\monetization_automation\testingapi\bin\debug\System.Numerics.Vectors.dll' directly or indirectly referenced by the test container 'e:\automation\automation_api_windows\monetization_automation\monetization_automation\monetization_automation\testingapi\bin\debug\monetization_automation.test.dll'.</Text>
      </RunInfo>
      <RunInfo computerName="DESKTOP-5AJ0SB3" outcome="Warning" timestamp="2021-01-05T12:57:42.3629995+05:00">
        <Text>Warning: conflict during test run deployment: deployment item 'E:\Automation\Automation_API_Windows\Monetization_Automation\Monetization_Automation\Monetization_Automation\Monetization_Automation.Utils\Monetization_Automation.Utils\bin\Debug\Monetization_Automation.Utils.dll' specified by the test 'Monetization_Automation.Test.F_SyncAppUnityAPIInputGenerator.G_SyncAppunityMainMethodCodeGenerator' cannot be deployed to 'BouncyCastle.Crypto.dll' because otherwise the file 'E:\Automation\Automation_API_Windows\Monetization_Automation\Monetization_Automation\Monetization_Automation\Monetization_Automation.Utils\Monetization_Automation.Utils\bin\Debug\BouncyCastle.Crypto.dll' would overwrite deployment item 'e:\automation\automation_api_windows\monetization_automation\monetization_automation\monetization_automation\testingapi\bin\debug\BouncyCastle.Crypto.dll' directly or indirectly referenced by the test container 'e:\automation\automation_api_windows\monetization_automation\monetization_automation\monetization_automation\testingapi\bin\debug\monetization_automation.test.dll'.</Text>
      </RunInfo>
      <RunInfo computerName="DESKTOP-5AJ0SB3" outcome="Warning" timestamp="2021-01-05T12:57:42.3629995+05:00">
        <Text>Warning: Test Run deployment issue: The assembly or module 'office' directly or indirectly referenced by the test container 'e:\automation\automation_api_windows\monetization_automation\monetization_automation\monetization_automation\testingapi\bin\debug\monetization_automation.test.dll' was not found.</Text>
      </RunInfo>
      <RunInfo computerName="DESKTOP-5AJ0SB3" outcome="Warning" timestamp="2021-01-05T12:57:42.3629995+05:00">
        <Text>Warning: Test Run deployment issue: The assembly or module 'Microsoft.Vbe.Interop' directly or indirectly referenced by the test container 'e:\automation\automation_api_windows\monetization_automation\monetization_automation\monetization_automation\testingapi\bin\debug\monetization_automation.test.dll' was not found.</Text>
      </RunInfo>
      <RunInfo computerName="DESKTOP-5AJ0SB3" outcome="Warning" timestamp="2021-01-05T12:57:42.3639985+05:00">
        <Text>Warning: Test Run deployment issue: The assembly or module 'System.Memory' directly or indirectly referenced by deployment item 'E:\Automation\Automation_API_Windows\Monetization_Automation\Monetization_Automation\Monetization_Automation\Monetization_Automation.Utils\Monetization_Automation.Utils\bin\Debug\Monetization_Automation.Utils.dll' specified by the test 'Monetization_Automation.Test.F_SyncAppUnityAPIInputGenerator.G_SyncAppunityMainMethodCodeGenerator' was not found.</Text>
      </RunInfo>
      <RunInfo computerName="DESKTOP-5AJ0SB3" outcome="Warning" timestamp="2021-01-05T12:57:42.3639985+05:00">
        <Text>Warning: Test Run deployment issue: The assembly or module 'System.Runtime.CompilerServices.Unsafe' directly or indirectly referenced by deployment item 'E:\Automation\Automation_API_Windows\Monetization_Automation\Monetization_Automation\Monetization_Automation\Monetization_Automation.Utils\Monetization_Automation.Utils\bin\Debug\Monetization_Automation.Utils.dll' specified by the test 'Monetization_Automation.Test.F_SyncAppUnityAPIInputGenerator.G_SyncAppunityMainMethodCodeGenerator' was not found.</Text>
      </RunInfo>
      <RunInfo computerName="DESKTOP-5AJ0SB3" outcome="Warning" timestamp="2021-01-05T12:57:42.3639985+05:00">
        <Text>Warning: Test Run deployment issue: The assembly or module 'System.Buffers' directly or indirectly referenced by deployment item 'E:\Automation\Automation_API_Windows\Monetization_Automation\Monetization_Automation\Monetization_Automation\Monetization_Automation.Utils\Monetization_Automation.Utils\bin\Debug\Monetization_Automation.Utils.dll' specified by the test 'Monetization_Automation.Test.F_SyncAppUnityAPIInputGenerator.G_SyncAppunityMainMethodCodeGenerator' was not found.</Text>
      </RunInfo>
    </RunInfos>
  </ResultSummary>
  <TestDefinitions>
    <UnitTest name="G_SyncAppunityMainMethodCodeGenerator" storage="e:\automation\automation_api_windows\monetization_automation\monetization_automation\monetization_automation\testingapi\bin\debug\monetization_automation.test.dll" id="f70c910a-cc07-24cb-0d1c-bc2c00fc396f">
      <DeploymentItems>
        <DeploymentItem filename="E:\Automation\Automation_API_Windows\Monetization_Automation\Monetization_Automation\Monetization_Automation\Monetization_Automation.Utils\Monetization_Automation.Utils\bin\Debug\Monetization_Automation.Utils.dll" />
      </DeploymentItems>
      <Execution id="54342617-268d-438c-aa53-58e2cad0ffd9" />
      <TestMethod codeBase="E:/Automation/Automation_API_Windows/Monetization_Automation/Monetization_Automation/Monetization_Automation/TestingAPI/bin/Debug/Monetization_Automation.Test.DLL" adapterTypeName="Microsoft.VisualStudio.TestTools.TestTypes.Unit.UnitTestAdapter, Microsoft.VisualStudio.QualityTools.Tips.UnitTest.Adapter, Version=16.0.0.0, Culture=neutral, PublicKeyToken=b03f5f7f11d50a3a" className="Monetization_Automation.Test.F_SyncAppUnityAPIInputGenerator, Monetization_Automation.Test, Version=1.0.0.0, Culture=neutral, PublicKeyToken=null" name="G_SyncAppunityMainMethodCodeGenerator" />
    </UnitTest>
    <UnitTest name="B_CampaignLogSummaryMainMethodCodeGenerator" storage="e:\automation\automation_api_windows\monetization_automation\monetization_automation\monetization_automation\testingapi\bin\debug\monetization_automation.test.dll" id="04151d7f-9c61-1489-4cc0-5cc1dc07baee">
      <DeploymentItems>
        <DeploymentItem filename="E:\Automation\Automation_API_Windows\Monetization_Automation\Monetization_Automation\Monetization_Automation\Monetization_Automation.Utils\Monetization_Automation.Utils\bin\Debug\Monetization_Automation.Utils.dll" />
      </DeploymentItems>
      <Execution id="bcdd4350-f6a1-4258-955a-13bfa4c826e5" />
      <TestMethod codeBase="E:/Automation/Automation_API_Windows/Monetization_Automation/Monetization_Automation/Monetization_Automation/TestingAPI/bin/Debug/Monetization_Automation.Test.DLL" adapterTypeName="Microsoft.VisualStudio.TestTools.TestTypes.Unit.UnitTestAdapter, Microsoft.VisualStudio.QualityTools.Tips.UnitTest.Adapter, Version=16.0.0.0, Culture=neutral, PublicKeyToken=b03f5f7f11d50a3a" className="Monetization_Automation.Test.B_CampaignLogSummaryAPIInputGenerator, Monetization_Automation.Test, Version=1.0.0.0, Culture=neutral, PublicKeyToken=null" name="B_CampaignLogSummaryMainMethodCodeGenerator" />
    </UnitTest>
    <UnitTest name="E_StartNewAdSessionMainInputGenerator" storage="e:\automation\automation_api_windows\monetization_automation\monetization_automation\monetization_automation\testingapi\bin\debug\monetization_automation.test.dll" id="bfc1b289-dbbb-3bad-fc5e-78e601449e19">
      <DeploymentItems>
        <DeploymentItem filename="E:\Automation\Automation_API_Windows\Monetization_Automation\Monetization_Automation\Monetization_Automation\Monetization_Automation.Utils\Monetization_Automation.Utils\bin\Debug\Monetization_Automation.Utils.dll" />
      </DeploymentItems>
      <Execution id="455a5cd9-1f91-491a-8b42-8a8530791d0a" />
      <TestMethod codeBase="E:/Automation/Automation_API_Windows/Monetization_Automation/Monetization_Automation/Monetization_Automation/TestingAPI/bin/Debug/Monetization_Automation.Test.DLL" adapterTypeName="Microsoft.VisualStudio.TestTools.TestTypes.Unit.UnitTestAdapter, Microsoft.VisualStudio.QualityTools.Tips.UnitTest.Adapter, Version=16.0.0.0, Culture=neutral, PublicKeyToken=b03f5f7f11d50a3a" className="Monetization_Automation.Test.E_StartNewAdSessionInputGenerator, Monetization_Automation.Test, Version=1.0.0.0, Culture=neutral, PublicKeyToken=null" name="E_StartNewAdSessionMainInputGenerator" />
    </UnitTest>
    <UnitTest name="A_SyncAppNativeMainMethodInputGenerator" storage="e:\automation\automation_api_windows\monetization_automation\monetization_automation\monetization_automation\testingapi\bin\debug\monetization_automation.test.dll" id="b1df3d41-c071-e99d-12ca-f9fb92f1350c">
      <DeploymentItems>
        <DeploymentItem filename="E:\Automation\Automation_API_Windows\Monetization_Automation\Monetization_Automation\Monetization_Automation\Monetization_Automation.Utils\Monetization_Automation.Utils\bin\Debug\Monetization_Automation.Utils.dll" />
      </DeploymentItems>
      <Execution id="372b1cc9-8768-4310-a9a5-7bc595715254" />
      <TestMethod codeBase="E:/Automation/Automation_API_Windows/Monetization_Automation/Monetization_Automation/Monetization_Automation/TestingAPI/bin/Debug/Monetization_Automation.Test.DLL" adapterTypeName="Microsoft.VisualStudio.TestTools.TestTypes.Unit.UnitTestAdapter, Microsoft.VisualStudio.QualityTools.Tips.UnitTest.Adapter, Version=16.0.0.0, Culture=neutral, PublicKeyToken=b03f5f7f11d50a3a" className="Monetization_Automation.Test.A_SyncAppNativeAPIInputGenerator, Monetization_Automation.Test, Version=1.0.0.0, Culture=neutral, PublicKeyToken=null" name="A_SyncAppNativeMainMethodInputGenerator" />
    </UnitTest>
    <UnitTest name="D_SaveNetworkrStatsMainMethodCodeGenerator" storage="e:\automation\automation_api_windows\monetization_automation\monetization_automation\monetization_automation\testingapi\bin\debug\monetization_automation.test.dll" id="20f0da05-06f5-50cc-bee5-9ac7cf561794">
      <DeploymentItems>
        <DeploymentItem filename="E:\Automation\Automation_API_Windows\Monetization_Automation\Monetization_Automation\Monetization_Automation\Monetization_Automation.Utils\Monetization_Automation.Utils\bin\Debug\Monetization_Automation.Utils.dll" />
      </DeploymentItems>
      <Execution id="404400a8-7102-483f-a97e-03388ddbe928" />
      <TestMethod codeBase="E:/Automation/Automation_API_Windows/Monetization_Automation/Monetization_Automation/Monetization_Automation/TestingAPI/bin/Debug/Monetization_Automation.Test.DLL" adapterTypeName="Microsoft.VisualStudio.TestTools.TestTypes.Unit.UnitTestAdapter, Microsoft.VisualStudio.QualityTools.Tips.UnitTest.Adapter, Version=16.0.0.0, Culture=neutral, PublicKeyToken=b03f5f7f11d50a3a" className="Monetization_Automation.Test.D_SaveNetworkrStatsAPIInputGenerator, Monetization_Automation.Test, Version=1.0.0.0, Culture=neutral, PublicKeyToken=null" name="D_SaveNetworkrStatsMainMethodCodeGenerator" />
    </UnitTest>
    <UnitTest name="C_RecordClicksFromDeviceMainMethodCodeGenerator" storage="e:\automation\automation_api_windows\monetization_automation\monetization_automation\monetization_automation\testingapi\bin\debug\monetization_automation.test.dll" id="d249d328-6d44-2c2d-6ed9-e0b5d6f69772">
      <DeploymentItems>
        <DeploymentItem filename="E:\Automation\Automation_API_Windows\Monetization_Automation\Monetization_Automation\Monetization_Automation\Monetization_Automation.Utils\Monetization_Automation.Utils\bin\Debug\Monetization_Automation.Utils.dll" />
      </DeploymentItems>
      <Execution id="ad3f08ff-e908-45ee-9d79-3712246606e9" />
      <TestMethod codeBase="E:/Automation/Automation_API_Windows/Monetization_Automation/Monetization_Automation/Monetization_Automation/TestingAPI/bin/Debug/Monetization_Automation.Test.DLL" adapterTypeName="Microsoft.VisualStudio.TestTools.TestTypes.Unit.UnitTestAdapter, Microsoft.VisualStudio.QualityTools.Tips.UnitTest.Adapter, Version=16.0.0.0, Culture=neutral, PublicKeyToken=b03f5f7f11d50a3a" className="Monetization_Automation.Test.C_RecordClicksFromDeviceInputGenerator, Monetization_Automation.Test, Version=1.0.0.0, Culture=neutral, PublicKeyToken=null" name="C_RecordClicksFromDeviceMainMethodCodeGenerator" />
    </UnitTest>
    <UnitTest name="F_SyncUserDeviceMainMethodCodeGenerator" storage="e:\automation\automation_api_windows\monetization_automation\monetization_automation\monetization_automation\testingapi\bin\debug\monetization_automation.test.dll" id="4d0749f1-2acf-bf6d-9151-b617319ecfaf">
      <DeploymentItems>
        <DeploymentItem filename="E:\Automation\Automation_API_Windows\Monetization_Automation\Monetization_Automation\Monetization_Automation\Monetization_Automation.Utils\Monetization_Automation.Utils\bin\Debug\Monetization_Automation.Utils.dll" />
      </DeploymentItems>
      <Execution id="d260e575-fa86-4177-8d32-deb5e2a98458" />
      <TestMethod codeBase="E:/Automation/Automation_API_Windows/Monetization_Automation/Monetization_Automation/Monetization_Automation/TestingAPI/bin/Debug/Monetization_Automation.Test.DLL" adapterTypeName="Microsoft.VisualStudio.TestTools.TestTypes.Unit.UnitTestAdapter, Microsoft.VisualStudio.QualityTools.Tips.UnitTest.Adapter, Version=16.0.0.0, Culture=neutral, PublicKeyToken=b03f5f7f11d50a3a" className="Monetization_Automation.Test.G_SyncUserDeviceAPIInputGenerator, Monetization_Automation.Test, Version=1.0.0.0, Culture=neutral, PublicKeyToken=null" name="F_SyncUserDeviceMainMethodCodeGenerator" />
    </UnitTest>
  </TestDefinitions>
  <TestLists>
    <TestList name="Results Not in a List" id="8c84fa94-04c1-424b-9868-57a2d4851a1d" />
    <TestList name="All Loaded Results" id="19431567-8539-422a-85d7-44ee4e166bda" />
  </TestLists>
  <TestEntries>
    <TestEntry testId="b1df3d41-c071-e99d-12ca-f9fb92f1350c" executionId="372b1cc9-8768-4310-a9a5-7bc595715254" testListId="8c84fa94-04c1-424b-9868-57a2d4851a1d" />
    <TestEntry testId="04151d7f-9c61-1489-4cc0-5cc1dc07baee" executionId="bcdd4350-f6a1-4258-955a-13bfa4c826e5" testListId="8c84fa94-04c1-424b-9868-57a2d4851a1d" />
    <TestEntry testId="d249d328-6d44-2c2d-6ed9-e0b5d6f69772" executionId="ad3f08ff-e908-45ee-9d79-3712246606e9" testListId="8c84fa94-04c1-424b-9868-57a2d4851a1d" />
    <TestEntry testId="20f0da05-06f5-50cc-bee5-9ac7cf561794" executionId="404400a8-7102-483f-a97e-03388ddbe928" testListId="8c84fa94-04c1-424b-9868-57a2d4851a1d" />
    <TestEntry testId="bfc1b289-dbbb-3bad-fc5e-78e601449e19" executionId="455a5cd9-1f91-491a-8b42-8a8530791d0a" testListId="8c84fa94-04c1-424b-9868-57a2d4851a1d" />
    <TestEntry testId="f70c910a-cc07-24cb-0d1c-bc2c00fc396f" executionId="54342617-268d-438c-aa53-58e2cad0ffd9" testListId="8c84fa94-04c1-424b-9868-57a2d4851a1d" />
    <TestEntry testId="4d0749f1-2acf-bf6d-9151-b617319ecfaf" executionId="d260e575-fa86-4177-8d32-deb5e2a98458" testListId="8c84fa94-04c1-424b-9868-57a2d4851a1d" />
  </TestEntries>
  <Results>
    <UnitTestResult executionId="372b1cc9-8768-4310-a9a5-7bc595715254" testId="b1df3d41-c071-e99d-12ca-f9fb92f1350c" testName="A_SyncAppNativeMainMethodInputGenerator" computerName="DESKTOP-5AJ0SB3" duration="00:01:51.3058700" startTime="2021-01-05T12:57:43.6341182+05:00" endTime="2021-01-05T12:59:40.6690489+05:00" testType="13cdc9d9-ddb5-4fa4-a97d-d965ccfc6d4b" outcome="Passed" testListId="8c84fa94-04c1-424b-9868-57a2d4851a1d" relativeResultsDirectory="372b1cc9-8768-4310-a9a5-7bc595715254">
      <Output>
        <DebugTrace>****************** http://52.13.174.6/sheeda/admin/json/syncApp
****************** 
SELECT apps.package, apps.osID, apps.companyID, users.userSignature, apps.appVersionCode, apps.appVersionName
FROM apps JOIN users ON apps.companyID = users.companyID
WHERE apps.sdkID &gt; 20 AND apps.app_type = 'app' AND users.isAdmin = 1 AND users. STATUS = 1 ORDER BY companyID ASC
LIMIT 50
****************** 
****************** SELECT sdkID, ver FROM `sdk_info` WHERE `description` LIKE '%Native mediation%' AND sdkID &gt; 2173 LIMIT 50
****************** 
****************** select adID from ads where ad_type != 'analytics' and ad_type ='interstitial'
****************** select adID from ads where ad_type != 'analytics' and ad_type ='banner'
****************** select adID from ads where ad_type != 'analytics' and ad_type ='native'
****************** select adID from ads where ad_type != 'analytics' and ad_type ='rewarded_video'
Ads mediation queue value is set
Mediation mode value is set
child directed value is set
Sequences value is set
Is hide ads value is set
Ads mediation queue value is set
Mediation mode value is set
child directed value is set
Sequences value is set
Is hide ads value is set
Ads mediation queue value is set
Mediation mode value is set
child directed value is set
Sequences value is set
Is hide ads value is set
Ads mediation queue value is set
Mediation mode value is set
child directed value is set
Sequences value is set
Is hide ads value is set
Ads mediation queue value is set
Mediation mode value is set
child directed value is set
Sequences value is set
Is hide ads value is set
Ads mediation queue value is set
Mediation mode value is set
child directed value is set
Sequences value is set
Is hide ads value is set
Ads mediation queue value is set
Mediation mode value is set
child directed value is set
Sequences value is set
Is hide ads value is set
Ads mediation queue value is set
Mediation mode value is set
child directed value is set
Sequences value is set
Is hide ads value is set
Ads mediation queue value is set
Mediation mode value is set
child directed value is set
Sequences value is set
Is hide ads value is set
Ads mediation queue value is set
Mediation mode value is set
child directed value is set
Sequences value is set
Is hide ads value is set
Ads mediation queue value is set
Mediation mode value is set
child directed value is set
Sequences value is set
Is hide ads value is set
Ads mediation queue value is set
Mediation mode value is set
child directed value is set
Sequences value is set
Is hide ads value is set
Ads mediation queue value is set
Mediation mode value is set
child directed value is set
Sequences value is set
Is hide ads value is set
Ads mediation queue value is set
Mediation mode value is set
child directed value is set
Sequences value is set
Is hide ads value is set
Ads mediation queue value is set
Mediation mode value is set
child directed value is set
Sequences value is set
Is hide ads value is set
Ads mediation queue value is set
Mediation mode value is set
child directed value is set
Sequences value is set
Is hide ads value is set
Ads mediation queue value is set
Mediation mode value is set
child directed value is set
Sequences value is set
Is hide ads value is set
Ads mediation queue value is set
Mediation mode value is set
child directed value is set
Sequences value is set
Is hide ads value is set
Ads mediation queue value is set
Mediation mode value is set
child directed value is set
Sequences value is set
Is hide ads value is set
Ads mediation queue value is set
Mediation mode value is set
child directed value is set
Sequences value is set
Is hide ads value is set
</DebugTrace>
      </Output>
    </UnitTestResult>
    <UnitTestResult executionId="bcdd4350-f6a1-4258-955a-13bfa4c826e5" testId="04151d7f-9c61-1489-4cc0-5cc1dc07baee" testName="B_CampaignLogSummaryMainMethodCodeGenerator" computerName="DESKTOP-5AJ0SB3" duration="00:02:08.8885744" startTime="2021-01-05T12:59:40.6710454+05:00" endTime="2021-01-05T13:01:49.5663963+05:00" testType="13cdc9d9-ddb5-4fa4-a97d-d965ccfc6d4b" outcome="Passed" testListId="8c84fa94-04c1-424b-9868-57a2d4851a1d" relativeResultsDirectory="bcdd4350-f6a1-4258-955a-13bfa4c826e5">
      <Output>
        <DebugTrace>****************** SELECT apps.appKey, campaigns.campaignID, apps.package, apps.sdkID, apps.companyID, apps.osID FROM apps INNER JOIN campaigns ON apps.appID = campaigns.appID WHERE apps.sdkID &gt; 20 AND apps.appKey != '' AND campaigns.campaignID NOT IN (0 ,- 1 ,- 2 ,- 3 ,- 4 ,- 5) LIMIT 50

****************** 

{"appKey":"6be907be9a5386b13826a8903328cb90","deviceID":"2189","stats":[{"campaignID":310,"packageID":"com.playink.babycaredressup","sceneStats":[{"sceneID":"6","eventStats":"322,222,122,22,22,0,0"}]}],"sdkVersion":"90","sessionToken":"vhRDZd5MK+4lIH8X/mNh9q3AWhAF6oQpsHzkSChxcELpqKx6kQxk3RdbBSxO0WdoUKHfmD2btxDbDaOk1jW1lp611h8JJ+FxRc8NQutzk0X7xTjJHvfIKjdMGZMp8Lax"}
cache_ttl value is correct

Refresh Ad Rate value is correct
mode value is set

 Aspect ratio value is correct
sentry_log value is set
local_logging value is set
sentry_initialization value is set
sentry_debugging value is set
showPreRewardedDialogue value is set
showPostRewardedDialogue value is set
isSkipable value is set
{"cache_ttl":10080,"cache_ttl_rewarded":10080,"cache_ttl_banner":10080,"cache_ttl_native":10080,"cache_ttl_icon":10080,"refreshAdRate":30,"mode":"Production","aspectRatio":"4_3","cdnPath":"https:\/\/df8ymybeo92md.cloudfront.net\/images\/","sentry_log":0,"local_logging":0,"sentry_dsn":"https:\/\/93ffa1c9a4124f67b8888a53265f751a:bbf998e04584477fa9a145838e9d3b26@sentry.io\/168994","sentry_initialization":1,"sentry_debugging":0,"bannerSizes":[],"aspectRatioVideo":"16_9","app_id":"859","showPreRewardedDialogue":0,"showPostRewardedDialogue":0,"rewardCurrency":"coins","rewardValue":0,"isSkipable":0,"privacyPolicyURL":"https:\/\/www.consoliads.com\/privacy-policy\/","sessionToken":"QljpRqSmST7uc9Vzihl93SZ\/HbPBsKSfVRYDd\/KQ8Wp6KuEQyix9LXGqheeVczdGp2fwwapwO06FnC30Lfxygm6j5jXee+xJzJXiM6qGKZTCwQr2Q6nBmCGYPWumKuyKDJaMsxFJZzfgLTn3jEGrLozsNpwz\/67dHXpZ6A4LbZ4="}
Session token value is set


{"appKey":"6be907be9a5386b13826a8903328cb90","deviceID":"1742","stats":[{"campaignID":316,"packageID":"com.playink.babycaredressup","sceneStats":[{"sceneID":"5","eventStats":"318,218,118,18,18,0,0"}]}],"sdkVersion":"90","sessionToken":"QljpRqSmST7uc9Vzihl93SZ\/HbPBsKSfVRYDd\/KQ8Wp6KuEQyix9LXGqheeVczdGp2fwwapwO06FnC30Lfxygm6j5jXee+xJzJXiM6qGKZTCwQr2Q6nBmCGYPWumKuyKDJaMsxFJZzfgLTn3jEGrLozsNpwz\/67dHXpZ6A4LbZ4="}
cache_ttl value is correct

Refresh Ad Rate value is correct
mode value is set

 Aspect ratio value is correct
sentry_log value is set
local_logging value is set
sentry_initialization value is set
sentry_debugging value is set
showPreRewardedDialogue value is set
showPostRewardedDialogue value is set
isSkipable value is set
{"cache_ttl":10080,"cache_ttl_rewarded":10080,"cache_ttl_banner":10080,"cache_ttl_native":10080,"cache_ttl_icon":10080,"refreshAdRate":30,"mode":"Production","aspectRatio":"4_3","cdnPath":"https:\/\/df8ymybeo92md.cloudfront.net\/images\/","sentry_log":0,"local_logging":0,"sentry_dsn":"https:\/\/93ffa1c9a4124f67b8888a53265f751a:bbf998e04584477fa9a145838e9d3b26@sentry.io\/168994","sentry_initialization":1,"sentry_debugging":0,"bannerSizes":[],"aspectRatioVideo":"16_9","app_id":"859","showPreRewardedDialogue":0,"showPostRewardedDialogue":0,"rewardCurrency":"coins","rewardValue":0,"isSkipable":0,"privacyPolicyURL":"https:\/\/www.consoliads.com\/privacy-policy\/","sessionToken":"rHsaN50JioOdWmStYYq90s6Wd+gGM1nz\/IOa8Q\/MENkHO7WOL5etUmkbmLFhBiH2U6Us6PDxI1\/MmQTjA0jXu7I2KaR+snclZznK2vfkDmpEh+iKpk51nyVvjKaHyziI9PtHLlTOjuZwwP8\/KGqFDp6rT8hYsljBY1SXb5L8oTU="}
Session token value is set


{"appKey":"87749f0a5e72d3c88e3f0a2ceae0e8ad","deviceID":"5788","stats":[{"campaignID":47,"packageID":"com.mizo.city.ambulance","sceneStats":[{"sceneID":"15","eventStats":"358,258,158,58,58,0,0"}]}],"sdkVersion":"2056","sessionToken":"rHsaN50JioOdWmStYYq90s6Wd+gGM1nz\/IOa8Q\/MENkHO7WOL5etUmkbmLFhBiH2U6Us6PDxI1\/MmQTjA0jXu7I2KaR+snclZznK2vfkDmpEh+iKpk51nyVvjKaHyziI9PtHLlTOjuZwwP8\/KGqFDp6rT8hYsljBY1SXb5L8oTU="}
cache_ttl value is correct

Refresh Ad Rate value is correct
mode value is set

 Aspect ratio value is correct
sentry_log value is set
local_logging value is set
sentry_initialization value is set
sentry_debugging value is set
showPreRewardedDialogue value is set
showPostRewardedDialogue value is set
isSkipable value is set
{"cache_ttl":10080,"cache_ttl_rewarded":10080,"cache_ttl_banner":10080,"cache_ttl_native":10080,"cache_ttl_icon":10080,"refreshAdRate":30,"mode":"Production","aspectRatio":"4_3","cdnPath":"https:\/\/df8ymybeo92md.cloudfront.net\/images\/","sentry_log":0,"local_logging":0,"sentry_dsn":"https:\/\/93ffa1c9a4124f67b8888a53265f751a:bbf998e04584477fa9a145838e9d3b26@sentry.io\/168994","sentry_initialization":1,"sentry_debugging":0,"bannerSizes":[],"aspectRatioVideo":"16_9","app_id":"1035","showPreRewardedDialogue":0,"showPostRewardedDialogue":0,"rewardCurrency":"coins","rewardValue":0,"isSkipable":0,"privacyPolicyURL":"https:\/\/www.consoliads.com\/privacy-policy\/","sessionToken":"TWE\/mPaLNCJSllcLXq8JOJTUVfraCLYb791eqOqZlw8vesRtWNMFFtWI80CQm4n7bAC2fqP6HBOjNrnjPU+DJK5BEvISqXMlsFXX0vAO+00dV4kPT+28YIbaklvcpPZfQnpfLAJnjJH3LCeOkQqrPZyPoKOhsJfB3jLrucTVoBU="}
Session token value is set


{"appKey":"03a90424d48d01cab7124698a3b141c5","deviceID":"1787","stats":[{"campaignID":48,"packageID":"com.mizo.construction.crane.hill.climb","sceneStats":[{"sceneID":"5","eventStats":"318,218,118,18,18,0,0"}]}],"sdkVersion":"39","sessionToken":"TWE\/mPaLNCJSllcLXq8JOJTUVfraCLYb791eqOqZlw8vesRtWNMFFtWI80CQm4n7bAC2fqP6HBOjNrnjPU+DJK5BEvISqXMlsFXX0vAO+00dV4kPT+28YIbaklvcpPZfQnpfLAJnjJH3LCeOkQqrPZyPoKOhsJfB3jLrucTVoBU="}
cache_ttl value is correct

Refresh Ad Rate value is correct
mode value is set

 Aspect ratio value is correct
sentry_log value is set
local_logging value is set
sentry_initialization value is set
sentry_debugging value is set
showPreRewardedDialogue value is set
showPostRewardedDialogue value is set
isSkipable value is set
{"cache_ttl":10080,"cache_ttl_rewarded":10080,"cache_ttl_banner":10080,"cache_ttl_native":10080,"cache_ttl_icon":10080,"campaigns":[{"campaignID":"9277","attribution_link":"","attribution":1,"priority":"5","appToPromote":{"appToPromoteID":"17609","usesDefaultFrameImage":"0","usesDefaultCloseImage":"0","marketURL":"https:\/\/smartbear.com\/learn\/automated-testing\/test-automation-frameworks\/","packageID":"com.buntoo.buntooAd"},"showTemplate":1,"s2s_tracking_url":"","activeCreativeID":"4702","scenes":["1","2","6","4","5"],"campaignAdType":"Interstitial","productId":"","purchaseBit":0,"licenseKey":""},{"campaignID":"9278","attribution":0,"priority":"5","appToPromote":{"appToPromoteID":"17609","usesDefaultFrameImage":"0","usesDefaultCloseImage":"0","marketURL":"https:\/\/smartbear.com\/learn\/automated-testing\/test-automation-frameworks\/","packageID":"com.buntoo.buntooAd"},"showTemplate":1,"s2s_tracking_url":"https:\/\/smartbear.com\/learn\/automated-testing\/test-automation-frameworks\/","activeCreativeID":"4701","scenes":["1","2","6","4","5"],"campaignAdType":"Interstitial","productId":"","purchaseBit":0,"licenseKey":""},{"campaignID":"9279","attribution":0,"priority":"5","appToPromote":{"appToPromoteID":"17609","usesDefaultFrameImage":"0","usesDefaultCloseImage":"0","marketURL":"https:\/\/smartbear.com\/learn\/automated-testing\/test-automation-frameworks\/","packageID":"com.buntoo.buntooAd"},"showTemplate":1,"s2s_tracking_url":"https:\/\/smartbear.com\/learn\/automated-testing\/test-automation-frameworks\/","activeCreativeID":"4701","scenes":["1","2","6","4","5"],"campaignAdType":"Interstitial","productId":"","purchaseBit":0,"licenseKey":""},{"campaignID":"9280","attribution":0,"priority":"5","appToPromote":{"appToPromoteID":"17609","usesDefaultFrameImage":"0","usesDefaultCloseImage":"0","marketURL":"https:\/\/smartbear.com\/learn\/automated-testing\/test-automation-frameworks\/","packageID":"com.buntoo.buntooAd"},"showTemplate":1,"s2s_tracking_url":"https:\/\/smartbear.com\/learn\/automated-testing\/test-automation-frameworks\/","activeCreativeID":"4701","scenes":["1","2","6","4","5"],"campaignAdType":"Interstitial","productId":"","purchaseBit":0,"licenseKey":""},{"campaignID":"9281","attribution":0,"priority":"5","appToPromote":{"appToPromoteID":"17609","usesDefaultFrameImage":"0","usesDefaultCloseImage":"0","marketURL":"https:\/\/smartbear.com\/learn\/automated-testing\/test-automation-frameworks\/","packageID":"com.buntoo.buntooAd"},"showTemplate":1,"s2s_tracking_url":"https:\/\/smartbear.com\/learn\/automated-testing\/test-automation-frameworks\/","activeCreativeID":"4701","scenes":["1","2","6","4","5"],"campaignAdType":"Interstitial","productId":"","purchaseBit":0,"licenseKey":""},{"campaignID":"9282","attribution":0,"priority":"5","appToPromote":{"appToPromoteID":"17609","usesDefaultFrameImage":"0","usesDefaultCloseImage":"0","marketURL":"https:\/\/smartbear.com\/learn\/automated-testing\/test-automation-frameworks\/","packageID":"com.buntoo.buntooAd"},"showTemplate":1,"s2s_tracking_url":"https:\/\/smartbear.com\/learn\/automated-testing\/test-automation-frameworks\/","activeCreativeID":"4701","scenes":["1","2","6","4","5"],"campaignAdType":"Interstitial","productId":"","purchaseBit":0,"licenseKey":""},{"campaignID":"9283","attribution":0,"priority":"5","appToPromote":{"appToPromoteID":"17609","usesDefaultFrameImage":"0","usesDefaultCloseImage":"0","marketURL":"https:\/\/smartbear.com\/learn\/automated-testing\/test-automation-frameworks\/","packageID":"com.buntoo.buntooAd"},"showTemplate":1,"s2s_tracking_url":"https:\/\/smartbear.com\/learn\/automated-testing\/test-automation-frameworks\/","activeCreativeID":"4701","scenes":["1","2","6","4","5"],"campaignAdType":"Interstitial","productId":"","purchaseBit":0,"licenseKey":""},{"campaignID":"9285","attribution":0,"priority":"5","appToPromote":{"appToPromoteID":"14746","usesDefaultFrameImage":"0","usesDefaultCloseImage":"0","marketURL":"https:\/\/play.google.com\/store\/apps\/details?id=com.buntoo.army.bus.parking","packageID":"com.buntoo.army.bus.parking"},"showTemplate":1,"s2s_tracking_url":"https:\/\/play.google.com\/store\/apps\/details?id=com.buntoo.army.bus.parking","activeCreativeID":"4710","scenes":["1","2","6","4","5"],"campaignAdType":"Interstitial","productId":"","purchaseBit":0,"licenseKey":""},{"campaignID":"9287","attribution":0,"priority":"5","appToPromote":{"appToPromoteID":"14746","usesDefaultFrameImage":"0","usesDefaultCloseImage":"0","marketURL":"https:\/\/play.google.com\/store\/apps\/details?id=com.buntoo.army.bus.parking","packageID":"com.buntoo.army.bus.parking"},"showTemplate":1,"s2s_tracking_url":"https:\/\/play.google.com\/store\/apps\/details?id=com.buntoo.army.bus.parking","activeCreativeID":"4710","scenes":["1","2","6","4","5"],"campaignAdType":"Interstitial","productId":"","purchaseBit":0,"licenseKey":""},{"campaignID":"9289","attribution":0,"priority":"5","appToPromote":{"appToPromoteID":"17609","usesDefaultFrameImage":"0","usesDefaultCloseImage":"0","marketURL":"https:\/\/smartbear.com\/learn\/automated-testing\/test-automation-frameworks\/","packageID":"com.buntoo.buntooAd"},"showTemplate":1,"s2s_tracking_url":"https:\/\/smartbear.com\/learn\/automated-testing\/test-automation-frameworks\/","activeCreativeID":"4701","scenes":["1","2","6","4","5"],"campaignAdType":"Interstitial","productId":"","purchaseBit":0,"licenseKey":""},{"campaignID":"9290","attribution":0,"priority":"5","appToPromote":{"appToPromoteID":"17609","usesDefaultFrameImage":"0","usesDefaultCloseImage":"0","marketURL":"https:\/\/smartbear.com\/learn\/automated-testing\/test-automation-frameworks\/","packageID":"com.buntoo.buntooAd"},"showTemplate":1,"s2s_tracking_url":"https:\/\/smartbear.com\/learn\/automated-testing\/test-automation-frameworks\/","activeCreativeID":"4701","scenes":["1","2","6","4","5"],"campaignAdType":"Interstitial","productId":"","purchaseBit":0,"licenseKey":""},{"campaignID":"9293","attribution":0,"priority":"5","appToPromote":{"appToPromoteID":"17609","usesDefaultFrameImage":"0","usesDefaultCloseImage":"0","marketURL":"https:\/\/smartbear.com\/learn\/automated-testing\/test-automation-frameworks\/","packageID":"com.buntoo.buntooAd"},"showTemplate":1,"s2s_tracking_url":"https:\/\/smartbear.com\/learn\/automated-testing\/test-automation-frameworks\/","activeCreativeID":"4701","scenes":["1","2","6","4","5"],"campaignAdType":"Interstitial","productId":"","purchaseBit":0,"licenseKey":""},{"campaignID":"9296","attribution":0,"priority":"5","appToPromote":{"appToPromoteID":"17609","usesDefaultFrameImage":"0","usesDefaultCloseImage":"0","marketURL":"https:\/\/smartbear.com\/learn\/automated-testing\/test-automation-frameworks\/","packageID":"com.buntoo.buntooAd"},"showTemplate":1,"s2s_tracking_url":"https:\/\/smartbear.com\/learn\/automated-testing\/test-automation-frameworks\/","activeCreativeID":"4701","scenes":["1","2","6","4","5"],"campaignAdType":"Interstitial","productId":"","purchaseBit":0,"licenseKey":""},{"campaignID":"9297","attribution":0,"priority":"5","appToPromote":{"appToPromoteID":"17609","usesDefaultFrameImage":"0","usesDefaultCloseImage":"0","marketURL":"https:\/\/smartbear.com\/learn\/automated-testing\/test-automation-frameworks\/","packageID":"com.buntoo.buntooAd"},"showTemplate":1,"s2s_tracking_url":"https:\/\/smartbear.com\/learn\/automated-testing\/test-automation-frameworks\/","activeCreativeID":"4701","scenes":["1","2","6","4","5"],"campaignAdType":"Interstitial","productId":"","purchaseBit":0,"licenseKey":""},{"campaignID":"9299","attribution":0,"priority":"5","appToPromote":{"appToPromoteID":"17609","usesDefaultFrameImage":"0","usesDefaultCloseImage":"0","marketURL":"https:\/\/smartbear.com\/learn\/automated-testing\/test-automation-frameworks\/","packageID":"com.buntoo.buntooAd"},"showTemplate":1,"s2s_tracking_url":"https:\/\/smartbear.com\/learn\/automated-testing\/test-automation-frameworks\/","activeCreativeID":"4701","scenes":["1","2","6","4","5"],"campaignAdType":"Interstitial","productId":"","purchaseBit":0,"licenseKey":""},{"campaignID":"9301","attribution":0,"priority":"5","appToPromote":{"appToPromoteID":"17609","usesDefaultFrameImage":"0","usesDefaultCloseImage":"0","marketURL":"https:\/\/smartbear.com\/learn\/automated-testing\/test-automation-frameworks\/","packageID":"com.buntoo.buntooAd"},"showTemplate":1,"s2s_tracking_url":"https:\/\/smartbear.com\/learn\/automated-testing\/test-automation-frameworks\/","activeCreativeID":"4701","scenes":["1","2","6","4","5"],"campaignAdType":"Interstitial","productId":"","purchaseBit":0,"licenseKey":""},{"campaignID":"9305","attribution":0,"priority":"5","appToPromote":{"appToPromoteID":"14746","usesDefaultFrameImage":"0","usesDefaultCloseImage":"0","marketURL":"https:\/\/play.google.com\/store\/apps\/details?id=com.buntoo.army.bus.parking","packageID":"com.buntoo.army.bus.parking"},"showTemplate":1,"s2s_tracking_url":"https:\/\/play.google.com\/store\/apps\/details?id=com.buntoo.army.bus.parking","activeCreativeID":"4710","scenes":["1","2","6","4","5"],"campaignAdType":"Interstitial","productId":"","purchaseBit":0,"licenseKey":""},{"campaignID":"47","attribution":0,"priority":"5","appToPromote":{"appToPromoteID":"1035","usesDefaultFrameImage":"1","usesDefaultCloseImage":"1","marketURL":"https:\/\/play.google.com\/store\/apps\/details?id=com.mizo.city.ambulance","packageID":"com.mizo.city.ambulance"},"showTemplate":1,"s2s_tracking_url":"https:\/\/play.google.com\/store\/apps\/details?id=com.mizo.city.ambulance","activeCreativeID":"60","scenes":["1","2","6","4","5"],"campaignAdType":"Interstitial","productId":"","purchaseBit":0,"licenseKey":""},{"campaignID":"48","attribution":0,"priority":"5","appToPromote":{"appToPromoteID":"1074","usesDefaultFrameImage":"1","usesDefaultCloseImage":"1","marketURL":"https:\/\/play.google.com\/store\/apps\/details?id=com.mizo.construction.crane.hill.climb","packageID":"com.mizo.construction.crane.hill.climb"},"showTemplate":1,"s2s_tracking_url":"https:\/\/play.google.com\/store\/apps\/details?id=com.mizo.construction.crane.hill.climb","activeCreativeID":"65","scenes":["1","2","6","4","5"],"campaignAdType":"Interstitial","productId":"","purchaseBit":0,"licenseKey":""},{"campaignID":"50","attribution":0,"priority":"5","appToPromote":{"appToPromoteID":"1221","usesDefaultFrameImage":"1","usesDefaultCloseImage":"1","marketURL":"https:\/\/play.google.com\/store\/apps\/details?id=com.mizo.offroad.hill.climb","packageID":"com.mizo.offroad.hill.climb"},"showTemplate":1,"s2s_tracking_url":"https:\/\/play.google.com\/store\/apps\/details?id=com.mizo.offroad.hill.climb","activeCreativeID":"67","scenes":["1","2","6","4","5"],"campaignAdType":"Interstitial","productId":"","purchaseBit":0,"licenseKey":""},{"campaignID":"67","attribution":0,"priority":"5","appToPromote":{"appToPromoteID":"1306","usesDefaultFrameImage":"1","usesDefaultCloseImage":"1","marketURL":"https:\/\/play.google.com\/store\/apps\/details?id=com.mizo.extreme.heavy.truck","packageID":"com.mizo.extreme.heavy.truck"},"showTemplate":1,"s2s_tracking_url":"https:\/\/play.google.com\/store\/apps\/details?id=com.mizo.extreme.heavy.truck","activeCreativeID":"85","scenes":["1","2","6","4","5"],"campaignAdType":"Interstitial","productId":"","purchaseBit":0,"licenseKey":""},{"campaignID":"78","attribution":0,"priority":"5","appToPromote":{"appToPromoteID":"1632","usesDefaultFrameImage":"1","usesDefaultCloseImage":"1","marketURL":"https:\/\/play.google.com\/store\/apps\/details?id=com.mizo.road.builder.city.construction","packageID":"com.mizo.road.builder.city.construction"},"showTemplate":1,"s2s_tracking_url":"https:\/\/play.google.com\/store\/apps\/details?id=com.mizo.road.builder.city.construction","activeCreativeID":"97","scenes":["1","2","6","4","5"],"campaignAdType":"Interstitial","productId":"","purchaseBit":0,"licenseKey":""},{"campaignID":"80","attribution":0,"priority":"5","appToPromote":{"appToPromoteID":"1675","usesDefaultFrameImage":"1","usesDefaultCloseImage":"1","marketURL":"https:\/\/play.google.com\/store\/apps\/details?id=com.mizo.flip.bottle.shooting.expert","packageID":"com.mizo.flip.bottle.shooting.expert"},"showTemplate":1,"s2s_tracking_url":"https:\/\/play.google.com\/store\/apps\/details?id=com.mizo.flip.bottle.shooting.expert","activeCreativeID":"100","scenes":["1","2","6","4","5"],"campaignAdType":"Interstitial","productId":"","purchaseBit":0,"licenseKey":""},{"campaignID":"110","attribution":0,"priority":"5","appToPromote":{"appToPromoteID":"1853","usesDefaultFrameImage":"1","usesDefaultCloseImage":"1","marketURL":"https:\/\/play.google.com\/store\/apps\/details?id=com.mizo.police.airplane.transporter","packageID":"com.mizo.police.airplane.transporter"},"showTemplate":1,"s2s_tracking_url":"https:\/\/play.google.com\/store\/apps\/details?id=com.mizo.police.airplane.transporter","activeCreativeID":"137","scenes":["1","2","6","4","5"],"campaignAdType":"Interstitial","productId":"","purchaseBit":0,"licenseKey":""},{"campaignID":"143","attribution":0,"priority":"5","appToPromote":{"appToPromoteID":"2089","usesDefaultFrameImage":"0","usesDefaultCloseImage":"0","marketURL":"https:\/\/play.google.com\/store\/apps\/details?id=com.mizo.sports.car.mechanic","packageID":"com.mizo.sports.car.mechanic"},"showTemplate":1,"s2s_tracking_url":"https:\/\/play.google.com\/store\/apps\/details?id=com.mizo.sports.car.mechanic","activeCreativeID":"184","scenes":["1","2","6","4","5"],"campaignAdType":"Interstitial","productId":"","purchaseBit":0,"licenseKey":""}],"refreshAdRate":30,"mode":"Production","aspectRatio":"4_3","cdnPath":"https:\/\/df8ymybeo92md.cloudfront.net\/images\/","sentry_log":0,"local_logging":0,"sentry_dsn":"https:\/\/93ffa1c9a4124f67b8888a53265f751a:bbf998e04584477fa9a145838e9d3b26@sentry.io\/168994","sentry_initialization":1,"sentry_debugging":0,"bannerSizes":[],"aspectRatioVideo":"16_9","app_id":"1074","showPreRewardedDialogue":0,"showPostRewardedDialogue":0,"rewardCurrency":"coins","rewardValue":0,"isSkipable":0,"privacyPolicyURL":"https:\/\/www.consoliads.com\/privacy-policy\/","sessionToken":"Sd3lFe1mOxOBiuwxCQeWZEo8omtB4UmzcGBXjS4NCIk1JF7cc1CD3hB0pHjQe3O+RG27XWqMFbU4RdcfTzJ4llicGQjq01jo1pwfDYRSWCoscagHWFHmrxDF8OPAqUoxxjQXUCcDk0gTI5MmcnT1of\/sUF8sXGZ\/tix4ziJcAVU="}
Session token value is set


{"appKey":"b4729925db57c2b0093f9ef0986b65ad","deviceID":"5658","stats":[{"campaignID":53,"packageID":"com.fazbro.heavy.excavator","sceneStats":[{"sceneID":"15","eventStats":"357,257,157,57,57,0,0"}]}],"sdkVersion":"2056","sessionToken":"Sd3lFe1mOxOBiuwxCQeWZEo8omtB4UmzcGBXjS4NCIk1JF7cc1CD3hB0pHjQe3O+RG27XWqMFbU4RdcfTzJ4llicGQjq01jo1pwfDYRSWCoscagHWFHmrxDF8OPAqUoxxjQXUCcDk0gTI5MmcnT1of\/sUF8sXGZ\/tix4ziJcAVU="}
cache_ttl value is correct

Title value is correct

Title value is correct

Title value is correct

Title value is correct

Title value is correct

Refresh Ad Rate value is correct
mode value is set

 Aspect ratio value is correct
sentry_log value is set
local_logging value is set
sentry_initialization value is set
sentry_debugging value is set
showPreRewardedDialogue value is set
showPostRewardedDialogue value is set
isSkipable value is set
{"cache_ttl":10080,"cache_ttl_rewarded":10080,"cache_ttl_banner":10080,"cache_ttl_native":10080,"cache_ttl_icon":10080,"campaigns":[{"campaignID":"53","attribution":0,"priority":"5","appToPromote":{"appToPromoteID":"1217","usesDefaultFrameImage":"1","usesDefaultCloseImage":"1","marketURL":"https:\/\/play.google.com\/store\/apps\/details?id=com.fazbro.heavy.excavator","packageID":"com.fazbro.heavy.excavator"},"showTemplate":1,"s2s_tracking_url":"https:\/\/play.google.com\/store\/apps\/details?id=com.fazbro.heavy.excavator","activeCreativeID":"71","scenes":["1","2","8","13"],"campaignAdType":"Interstitial","productId":"","purchaseBit":0,"licenseKey":""},{"campaignID":"53","attribution":0,"priority":"5","appToPromote":{"appToPromoteID":"1217","usesDefaultFrameImage":"1","usesDefaultCloseImage":"1","marketURL":"https:\/\/play.google.com\/store\/apps\/details?id=com.fazbro.heavy.excavator","packageID":"com.fazbro.heavy.excavator"},"showTemplate":1,"s2s_tracking_url":"https:\/\/play.google.com\/store\/apps\/details?id=com.fazbro.heavy.excavator","activeCreativeID":"71","scenes":["1","2","8","13"],"campaignAdType":"Interstitial","productId":"","purchaseBit":0,"licenseKey":""},{"campaignID":"53","attribution":0,"priority":"5","appToPromote":{"appToPromoteID":"1217","usesDefaultFrameImage":"1","usesDefaultCloseImage":"1","marketURL":"https:\/\/play.google.com\/store\/apps\/details?id=com.fazbro.heavy.excavator","packageID":"com.fazbro.heavy.excavator"},"showTemplate":1,"s2s_tracking_url":"https:\/\/play.google.com\/store\/apps\/details?id=com.fazbro.heavy.excavator","activeCreativeID":"71","scenes":["1","2","8","13"],"campaignAdType":"Interstitial","productId":"","purchaseBit":0,"licenseKey":""},{"campaignID":"55","attribution":0,"priority":"5","appToPromote":{"appToPromoteID":"1045","usesDefaultFrameImage":"1","usesDefaultCloseImage":"1","marketURL":"https:\/\/play.google.com\/store\/apps\/details?id=com.fazbro.road.builder.excavator","packageID":"com.fazbro.road.builder.excavator"},"showTemplate":1,"s2s_tracking_url":"https:\/\/play.google.com\/store\/apps\/details?id=com.fazbro.road.builder.excavator","activeCreativeID":"73","scenes":["1","2","8","13"],"campaignAdType":"Interstitial","productId":"","purchaseBit":0,"licenseKey":""},{"campaignID":"55","attribution":0,"priority":"5","appToPromote":{"appToPromoteID":"1045","usesDefaultFrameImage":"1","usesDefaultCloseImage":"1","marketURL":"https:\/\/play.google.com\/store\/apps\/details?id=com.fazbro.road.builder.excavator","packageID":"com.fazbro.road.builder.excavator"},"showTemplate":1,"s2s_tracking_url":"https:\/\/play.google.com\/store\/apps\/details?id=com.fazbro.road.builder.excavator","activeCreativeID":"73","scenes":["1","2","8","13"],"campaignAdType":"Interstitial","productId":"","purchaseBit":0,"licenseKey":""},{"campaignID":"55","attribution":0,"priority":"5","appToPromote":{"appToPromoteID":"1045","usesDefaultFrameImage":"1","usesDefaultCloseImage":"1","marketURL":"https:\/\/play.google.com\/store\/apps\/details?id=com.fazbro.road.builder.excavator","packageID":"com.fazbro.road.builder.excavator"},"showTemplate":1,"s2s_tracking_url":"https:\/\/play.google.com\/store\/apps\/details?id=com.fazbro.road.builder.excavator","activeCreativeID":"73","scenes":["1","2","8","13"],"campaignAdType":"Interstitial","productId":"","purchaseBit":0,"licenseKey":""},{"campaignID":"8226","attribution":0,"priority":"8","appToPromote":{"appToPromoteID":"12623","usesDefaultFrameImage":"0","usesDefaultCloseImage":"0","marketURL":"https:\/\/play.google.com\/store\/apps\/details?id=com.igg.android.lordsmobile&amp;referrer=utm_source=42matters.com&amp;utm_medium=api","packageID":"com.nooribrand.android.lordsmobile"},"showTemplate":1,"s2s_tracking_url":"https:\/\/play.google.com\/store\/apps\/details?id=com.igg.android.lordsmobile&amp;referrer=utm_source=42matters.com&amp;utm_medium=api","activeCreativeID":"3557","scenes":["1","2","8","13"],"campaignAdType":"Icon","productId":"","purchaseBit":0,"licenseKey":""},{"campaignID":"8378","attribution":0,"priority":"8","appToPromote":{"appToPromoteID":"16480","usesDefaultFrameImage":"0","usesDefaultCloseImage":"0","marketURL":"https:\/\/play.google.com\/store\/apps\/details?id=com.nag.home.manager.working.virtual.mom","packageID":"com.GSS317.AmazingFamily"},"showTemplate":1,"s2s_tracking_url":"https:\/\/play.google.com\/store\/apps\/details?id=com.nag.home.manager.working.virtual.mom","activeCreativeID":"3720","scenes":["1","2","8","13"],"campaignAdType":"Interstitial","productId":"","purchaseBit":0,"licenseKey":""},{"campaignID":"8613","attribution":0,"priority":"8","appToPromote":{"appToPromoteID":"12623","usesDefaultFrameImage":"0","usesDefaultCloseImage":"0","marketURL":"https:\/\/play.google.com\/store\/apps\/details?id=com.igg.android.lordsmobile&amp;referrer=utm_source=42matters.com&amp;utm_medium=api","packageID":"com.nooribrand.android.lordsmobile"},"showTemplate":1,"s2s_tracking_url":"https:\/\/play.google.com\/store\/apps\/details?id=com.igg.android.lordsmobile&amp;referrer=utm_source=42matters.com&amp;utm_medium=api","activeCreativeID":"3557","scenes":["1","2","8","13"],"campaignAdType":"Icon","productId":"","purchaseBit":0,"licenseKey":""},{"campaignID":"9092","attribution":0,"priority":"8","appToPromote":{"appToPromoteID":"13421","usesDefaultFrameImage":"0","usesDefaultCloseImage":"0","marketURL":"http:\/\/www.google.com","packageID":"com.appricot2d.testt"},"showTemplate":1,"s2s_tracking_url":"http:\/\/www.google.com","activeCreativeID":"4384","scenes":["1","2","8","13"],"campaignAdType":"Interstitial","productId":"","purchaseBit":0,"licenseKey":""},{"campaignID":"9249","attribution_link":"https:\/\/app.appsflyer.com\/com.lgn.gun.strike.war.train.shooting.games?pid=consoliads_int&amp;af_click_lookback=7d&amp;clickid=1217_9249_5658&amp;android_id={android_id}&amp;sha1_android_id={sha1_android_id}&amp;advertising_id=5658&amp;sha1_advertising_id=051064d1f5d521914f7122d75e13be2f535b38ad&amp;af_keywords=2","attribution":1,"priority":"8","appToPromote":{"appToPromoteID":"13421","usesDefaultFrameImage":"0","usesDefaultCloseImage":"0","marketURL":"http:\/\/www.google.com","packageID":"com.appricot2d.testt"},"showTemplate":1,"s2s_tracking_url":"https:\/\/app.appsflyer.com\/com.lgn.gun.strike.war.train.shooting.games?pid=consoliads_int&amp;af_click_lookback=7d&amp;clickid=1217_9249_5658&amp;android_id={android_id}&amp;sha1_android_id={sha1_android_id}&amp;advertising_id=5658&amp;sha1_advertising_id=051064d1f5d521914f7122d75e13be2f535b38ad&amp;af_keywords=2","activeCreativeID":"4679","scenes":["1","2","8","13"],"campaignAdType":"Interstitial","productId":"","purchaseBit":0,"licenseKey":""},{"campaignID":"9250","attribution_link":"https:\/\/app.appsflyer.com\/com.lgn.gun.strike.war.train.shooting.games?pid=consoliads_int&amp;af_click_lookback=7d&amp;clickid=1217_9250_5658&amp;android_id={android_id}&amp;sha1_android_id={sha1_android_id}&amp;advertising_id=5658&amp;sha1_advertising_id=051064d1f5d521914f7122d75e13be2f535b38ad&amp;af_keywords=2","attribution":1,"priority":"8","appToPromote":{"appToPromoteID":"13421","usesDefaultFrameImage":"0","usesDefaultCloseImage":"0","marketURL":"http:\/\/www.google.com","packageID":"com.appricot2d.testt"},"showTemplate":1,"s2s_tracking_url":"https:\/\/app.appsflyer.com\/com.lgn.gun.strike.war.train.shooting.games?pid=consoliads_int&amp;af_click_lookback=7d&amp;clickid=1217_9250_5658&amp;android_id={android_id}&amp;sha1_android_id={sha1_android_id}&amp;advertising_id=5658&amp;sha1_advertising_id=051064d1f5d521914f7122d75e13be2f535b38ad&amp;af_keywords=2","activeCreativeID":"4680","scenes":["1","2","8","13"],"campaignAdType":"Interstitial","productId":"","purchaseBit":0,"licenseKey":""},{"campaignID":"9252","attribution":0,"priority":"8","appToPromote":{"appToPromoteID":"12315","usesDefaultFrameImage":"0","usesDefaultCloseImage":"0","marketURL":"google.com","packageID":"com.qabrand.plnative"},"showTemplate":1,"s2s_tracking_url":"google.com","activeCreativeID":"4683","scenes":["1","2","8","13"],"campaignAdType":"Native","title":"Native first","subTitle":"First ","description":"New description","adClickThroughText":"FIRST Button","productId":"","purchaseBit":0,"licenseKey":""},{"campaignID":"9253","attribution":0,"priority":"8","appToPromote":{"appToPromoteID":"12315","usesDefaultFrameImage":"0","usesDefaultCloseImage":"0","marketURL":"google.com","packageID":"com.qabrand.plnative"},"showTemplate":1,"s2s_tracking_url":"google.com","activeCreativeID":"4683","scenes":["1","2","8","13"],"campaignAdType":"Native","title":"Native first","subTitle":"First ","description":"New description","adClickThroughText":"FIRST Button","productId":"","purchaseBit":0,"licenseKey":""},{"campaignID":"9255","attribution":0,"priority":"8","appToPromote":{"appToPromoteID":"13274","usesDefaultFrameImage":"0","usesDefaultCloseImage":"0","marketURL":"https:\/\/play.google.com\/store\/apps\/details?id=com.facebook.katana","packageID":"com.salon.adsalon"},"showTemplate":1,"s2s_tracking_url":"https:\/\/play.google.com\/store\/apps\/details?id=com.facebook.katana","activeCreativeID":"4685","scenes":["1","2","8","13"],"campaignAdType":"Native","title":"native NA ","subTitle":"native NA ","description":"native NA added","adClickThroughText":"native NA ","productId":"","purchaseBit":0,"licenseKey":""},{"campaignID":"9257","attribution":0,"priority":"8","appToPromote":{"appToPromoteID":"12286","usesDefaultFrameImage":"0","usesDefaultCloseImage":"0","marketURL":"google.com","packageID":"com.qabrand.Chartboost_Native"},"showTemplate":1,"s2s_tracking_url":"google.com","activeCreativeID":"4688","scenes":["1","2","8","13"],"campaignAdType":"Native","title":"Native second updated","subTitle":"Native second ","description":"Native second details","adClickThroughText":"Native second ","productId":"","purchaseBit":0,"licenseKey":""},{"campaignID":"9261","attribution_link":"https:\/\/app.appsflyer.com\/com.lgn.gun.strike.war.train.shooting.games?pid=consoliads_int&amp;af_click_lookback=7d&amp;clickid=1217_9261_5658&amp;android_id={android_id}&amp;sha1_android_id={sha1_android_id}&amp;advertising_id=5658&amp;sha1_advertising_id=051064d1f5d521914f7122d75e13be2f535b38ad&amp;af_keywords=2","attribution":1,"priority":"8","appToPromote":{"appToPromoteID":"13421","usesDefaultFrameImage":"0","usesDefaultCloseImage":"0","marketURL":"http:\/\/www.google.com","packageID":"com.appricot2d.testt"},"showTemplate":1,"s2s_tracking_url":"https:\/\/app.appsflyer.com\/com.lgn.gun.strike.war.train.shooting.games?pid=consoliads_int&amp;af_click_lookback=7d&amp;clickid=1217_9261_5658&amp;android_id={android_id}&amp;sha1_android_id={sha1_android_id}&amp;advertising_id=5658&amp;sha1_advertising_id=051064d1f5d521914f7122d75e13be2f535b38ad&amp;af_keywords=2","activeCreativeID":"4692","scenes":["1","2","8","13"],"campaignAdType":"Interstitial","productId":"","purchaseBit":0,"licenseKey":""},{"campaignID":"9263","attribution":0,"priority":"8","appToPromote":{"appToPromoteID":"12315","usesDefaultFrameImage":"0","usesDefaultCloseImage":"0","marketURL":"google.com","packageID":"com.qabrand.plnative"},"showTemplate":1,"s2s_tracking_url":"google.com","activeCreativeID":"4694","scenes":["1","2","8","13"],"campaignAdType":"Native","title":"test","subTitle":"test","description":" test details update","adClickThroughText":"test","productId":"","purchaseBit":0,"licenseKey":""},{"campaignID":"9270","attribution":0,"priority":"8","appToPromote":{"appToPromoteID":"1727","usesDefaultFrameImage":"1","usesDefaultCloseImage":"1","marketURL":"https:\/\/play.google.com\/store\/apps\/details?id=com.appricot2d.anna.spasalon","packageID":"com.appricot2d.anna.spasalon"},"showTemplate":1,"s2s_tracking_url":"https:\/\/play.google.com\/store\/apps\/details?id=com.appricot2d.anna.spasalon","activeCreativeID":"4696","scenes":["1","2","8","13"],"campaignAdType":"Banner","productId":"","purchaseBit":0,"licenseKey":""},{"campaignID":"9295","attribution":0,"priority":"8","appToPromote":{"appToPromoteID":"1933","usesDefaultFrameImage":"0","usesDefaultCloseImage":"0","marketURL":"https:\/\/play.google.com\/store\/apps\/details?id=com.appricot2d.kids.pony.coloring","packageID":"com.appricot2d.kids.pony.coloring"},"showTemplate":1,"s2s_tracking_url":"https:\/\/play.google.com\/store\/apps\/details?id=com.appricot2d.kids.pony.coloring","activeCreativeID":"4570","scenes":["1","2","8","13"],"campaignAdType":"Interstitial","productId":"","purchaseBit":0,"licenseKey":""},{"campaignID":"9334","attribution":0,"priority":"8","appToPromote":{"appToPromoteID":"1933","usesDefaultFrameImage":"0","usesDefaultCloseImage":"0","marketURL":"https:\/\/play.google.com\/store\/apps\/details?id=com.appricot2d.kids.pony.coloring","packageID":"com.appricot2d.kids.pony.coloring"},"showTemplate":1,"s2s_tracking_url":"https:\/\/play.google.com\/store\/apps\/details?id=com.appricot2d.kids.pony.coloring","activeCreativeID":"4570","scenes":["1","2","8","13"],"campaignAdType":"Interstitial","productId":"","purchaseBit":0,"licenseKey":""},{"campaignID":"9335","attribution":0,"priority":"8","appToPromote":{"appToPromoteID":"1997","usesDefaultFrameImage":"0","usesDefaultCloseImage":"0","marketURL":"https:\/\/play.google.com\/store\/apps\/details?id=com.appricot2d.anna.coloring.book","packageID":"com.appricot2d.anna.coloring.book"},"showTemplate":1,"s2s_tracking_url":"https:\/\/play.google.com\/store\/apps\/details?id=com.appricot2d.anna.coloring.book","activeCreativeID":"4573","scenes":["1","2","8","13"],"campaignAdType":"Interstitial","productId":"","purchaseBit":0,"licenseKey":""},{"campaignID":"9336","attribution":0,"priority":"8","appToPromote":{"appToPromoteID":"1727","usesDefaultFrameImage":"1","usesDefaultCloseImage":"1","marketURL":"https:\/\/play.google.com\/store\/apps\/details?id=com.appricot2d.anna.spasalon","packageID":"com.appricot2d.anna.spasalon"},"showTemplate":1,"s2s_tracking_url":"https:\/\/play.google.com\/store\/apps\/details?id=com.appricot2d.anna.spasalon","activeCreativeID":"133","scenes":["1","2","8","13"],"campaignAdType":"Interstitial","productId":"","purchaseBit":0,"licenseKey":""},{"campaignID":"9338","attribution":0,"priority":"8","appToPromote":{"appToPromoteID":"1933","usesDefaultFrameImage":"0","usesDefaultCloseImage":"0","marketURL":"https:\/\/play.google.com\/store\/apps\/details?id=com.appricot2d.kids.pony.coloring","packageID":"com.appricot2d.kids.pony.coloring"},"showTemplate":1,"s2s_tracking_url":"https:\/\/play.google.com\/store\/apps\/details?id=com.appricot2d.kids.pony.coloring","activeCreativeID":"4568","scenes":["1","2","8","13"],"campaignAdType":"Interstitial","productId":"","purchaseBit":0,"licenseKey":""},{"campaignID":"9339","attribution_link":"www.favebookk.com","attribution":1,"priority":"8","appToPromote":{"appToPromoteID":"13421","usesDefaultFrameImage":"0","usesDefaultCloseImage":"0","marketURL":"http:\/\/www.google.com","packageID":"com.appricot2d.testt"},"showTemplate":1,"s2s_tracking_url":"www.favebookk.com","activeCreativeID":"4574","scenes":["1","2","8","13"],"campaignAdType":"Interstitial","productId":"","purchaseBit":0,"licenseKey":""},{"campaignID":"9407","attribution":0,"priority":"8","appToPromote":{"appToPromoteID":"4514","usesDefaultFrameImage":"0","usesDefaultCloseImage":"0","marketURL":"https:\/\/play.google.com\/store\/apps\/details?id=com.appricot2d.bank.manager.cashier.kids.game","packageID":"com.appricot2d.bank.manager.cashier.kids.game"},"showTemplate":1,"s2s_tracking_url":"https:\/\/play.google.com\/store\/apps\/details?id=com.appricot2d.bank.manager.cashier.kids.game","activeCreativeID":"4845","scenes":["1","2","8","13"],"campaignAdType":"Interstitial","productId":"","purchaseBit":0,"licenseKey":""},{"campaignID":"9415","attribution":0,"priority":"8","appToPromote":{"appToPromoteID":"13354","usesDefaultFrameImage":"0","usesDefaultCloseImage":"0","marketURL":"https:\/\/play.google.com\/store\/apps\/details?id=com.de.real.heavy.excavator.crane.transform.robot.war","packageID":"com.de.real.heavy.excavator.crane.transform.robot.war"},"showTemplate":1,"s2s_tracking_url":"https:\/\/play.google.com\/store\/apps\/details?id=com.de.real.heavy.excavator.crane.transform.robot.war","activeCreativeID":"2016","scenes":["1","2","8","13"],"campaignAdType":"Icon","productId":"","purchaseBit":0,"licenseKey":""}],"refreshAdRate":30,"mode":"Production","aspectRatio":"4_3","cdnPath":"https:\/\/df8ymybeo92md.cloudfront.net\/images\/","sentry_log":0,"local_logging":0,"sentry_dsn":"https:\/\/93ffa1c9a4124f67b8888a53265f751a:bbf998e04584477fa9a145838e9d3b26@sentry.io\/168994","sentry_initialization":1,"sentry_debugging":0,"bannerSizes":["1"],"aspectRatioVideo":"16_9","app_id":"1217","showPreRewardedDialogue":0,"showPostRewardedDialogue":0,"rewardCurrency":"coins","rewardValue":0,"isSkipable":1,"privacyPolicyURL":"https:\/\/www.consoliads.com\/privacy-policy\/","sessionToken":"EUP5jeToATi\/aOLYQS+3gMFtto35deGx9q6LHlB\/XXhuFAjdI\/eXp1a5ibkYTYE+d+B1EVqFdTZZG22h\/V4pjeP\/QlxlHV2XRnjGs2m2bTxHFODlkwWHNf89uAsAlnwaXCretc4p\/qEiHzJGPrx7NHN0s0aEIGdfnhQbG\/31x8o="}
Session token value is set


{"appKey":"e551eacd7ce4c379df2008130984e935","deviceID":"6607","stats":[{"campaignID":173,"packageID":"com.ubmgames.commando.survivor.modern.lone","sceneStats":[{"sceneID":"17","eventStats":"366,266,166,66,66,0,0"}]}],"sdkVersion":"26","sessionToken":"EUP5jeToATi\/aOLYQS+3gMFtto35deGx9q6LHlB\/XXhuFAjdI\/eXp1a5ibkYTYE+d+B1EVqFdTZZG22h\/V4pjeP\/QlxlHV2XRnjGs2m2bTxHFODlkwWHNf89uAsAlnwaXCretc4p\/qEiHzJGPrx7NHN0s0aEIGdfnhQbG\/31x8o="}
cache_ttl value is correct

Refresh Ad Rate value is correct
mode value is set

 Aspect ratio value is correct
sentry_log value is set
local_logging value is set
sentry_initialization value is set
sentry_debugging value is set
showPreRewardedDialogue value is set
showPostRewardedDialogue value is set
isSkipable value is set
{"cache_ttl":10080,"cache_ttl_rewarded":10080,"cache_ttl_banner":10080,"cache_ttl_native":10080,"cache_ttl_icon":10080,"refreshAdRate":30,"mode":"Production","aspectRatio":"4_3","cdnPath":"https:\/\/df8ymybeo92md.cloudfront.net\/images\/","sentry_log":0,"local_logging":0,"sentry_dsn":"https:\/\/93ffa1c9a4124f67b8888a53265f751a:bbf998e04584477fa9a145838e9d3b26@sentry.io\/168994","sentry_initialization":1,"sentry_debugging":0,"bannerSizes":["5"],"aspectRatioVideo":"16_9","app_id":"1266","showPreRewardedDialogue":0,"showPostRewardedDialogue":0,"rewardCurrency":"coins","rewardValue":0,"isSkipable":0,"privacyPolicyURL":"https:\/\/www.consoliads.com\/privacy-policy\/","sessionToken":"XUMFgbyXcvaDD2zDJZ9jSpDGFNx50VB8bz2c2WUGG559Zrkp4u56kGu\/vBnvBtUL7L+f5ny\/dInaAwVeZGRpNY8rm7REUr4DuiwOcH5r9ZXO9m6HoLdV+y\/zexjVacCoAe9B1f3VX2RaoNp6c88gJs64SU+gu9A18QPpoeAyAvE="}
Session token value is set


{"appKey":"e551eacd7ce4c379df2008130984e935","deviceID":"6749","stats":[{"campaignID":179,"packageID":"com.ubmgames.commando.survivor.modern.lone","sceneStats":[{"sceneID":"17","eventStats":"367,267,167,67,67,0,0"}]}],"sdkVersion":"26","sessionToken":"XUMFgbyXcvaDD2zDJZ9jSpDGFNx50VB8bz2c2WUGG559Zrkp4u56kGu\/vBnvBtUL7L+f5ny\/dInaAwVeZGRpNY8rm7REUr4DuiwOcH5r9ZXO9m6HoLdV+y\/zexjVacCoAe9B1f3VX2RaoNp6c88gJs64SU+gu9A18QPpoeAyAvE="}
cache_ttl value is correct

Refresh Ad Rate value is correct
mode value is set

 Aspect ratio value is correct
sentry_log value is set
local_logging value is set
sentry_initialization value is set
sentry_debugging value is set
showPreRewardedDialogue value is set
showPostRewardedDialogue value is set
isSkipable value is set
{"cache_ttl":10080,"cache_ttl_rewarded":10080,"cache_ttl_banner":10080,"cache_ttl_native":10080,"cache_ttl_icon":10080,"refreshAdRate":30,"mode":"Production","aspectRatio":"4_3","cdnPath":"https:\/\/df8ymybeo92md.cloudfront.net\/images\/","sentry_log":0,"local_logging":0,"sentry_dsn":"https:\/\/93ffa1c9a4124f67b8888a53265f751a:bbf998e04584477fa9a145838e9d3b26@sentry.io\/168994","sentry_initialization":1,"sentry_debugging":0,"bannerSizes":["5"],"aspectRatioVideo":"16_9","app_id":"1266","showPreRewardedDialogue":0,"showPostRewardedDialogue":0,"rewardCurrency":"coins","rewardValue":0,"isSkipable":0,"privacyPolicyURL":"https:\/\/www.consoliads.com\/privacy-policy\/","sessionToken":"sgO7xGxqn+kg0gyjde7jUtbjsWkResvDXskybGXJpK3P5YiNQitCQJuQttnYIj4NAFzSDt5xN5kLCy9\/aup9rOCQsOsrolahni2XzpGj7hogPrcPn0Le6FRwVXF5RR7a\/tIah84oot8Mn8QmyjGFIY6CPU5gu4+7TjdHcmlgTLg="}
Session token value is set


{"appKey":"a6c37abf407b4606382faab36e69377f","deviceID":"1668","stats":[{"campaignID":73,"packageID":"com.mizo.army.prisoner.transport.simulator","sceneStats":[{"sceneID":"5","eventStats":"317,217,117,17,17,0,0"}]}],"sdkVersion":"39","sessionToken":"sgO7xGxqn+kg0gyjde7jUtbjsWkResvDXskybGXJpK3P5YiNQitCQJuQttnYIj4NAFzSDt5xN5kLCy9\/aup9rOCQsOsrolahni2XzpGj7hogPrcPn0Le6FRwVXF5RR7a\/tIah84oot8Mn8QmyjGFIY6CPU5gu4+7TjdHcmlgTLg="}
cache_ttl value is correct

Refresh Ad Rate value is correct
mode value is set

 Aspect ratio value is correct
sentry_log value is set
local_logging value is set
sentry_initialization value is set
sentry_debugging value is set
showPreRewardedDialogue value is set
showPostRewardedDialogue value is set
isSkipable value is set
{"cache_ttl":10080,"cache_ttl_rewarded":10080,"cache_ttl_banner":10080,"cache_ttl_native":10080,"cache_ttl_icon":10080,"refreshAdRate":30,"mode":"Production","aspectRatio":"4_3","cdnPath":"https:\/\/df8ymybeo92md.cloudfront.net\/images\/","sentry_log":0,"local_logging":0,"sentry_dsn":"https:\/\/93ffa1c9a4124f67b8888a53265f751a:bbf998e04584477fa9a145838e9d3b26@sentry.io\/168994","sentry_initialization":1,"sentry_debugging":0,"bannerSizes":[],"aspectRatioVideo":"16_9","app_id":"1458","showPreRewardedDialogue":0,"showPostRewardedDialogue":0,"rewardCurrency":"coins","rewardValue":0,"isSkipable":0,"privacyPolicyURL":"https:\/\/www.consoliads.com\/privacy-policy\/","sessionToken":"QGbiXCCHPjVjTloh1PoCBwIzHK1vl0d7zWVyz4ErKoEy+8HJHKWUr3pjXnLqXVl5FKb1s\/UjfCwh8pi4rUMfkUvtT0WpOJpXDkYJJ1ppFUl1k18X6bdlvWJM84bzqE1vSSLF11l0SeQywUjKwlFjjmRqd3XUctT4B+V4McVnCqA="}
Session token value is set


{"appKey":"6a69c861101b1393f755f15cc4fa3703","deviceID":"3762","stats":[{"campaignID":8088,"packageID":"com.TheGameStormStudios.TouristBusSimulator2016","sceneStats":[{"sceneID":"10","eventStats":"338,238,138,38,38,0,0"}]}],"sdkVersion":"2151","sessionToken":"QGbiXCCHPjVjTloh1PoCBwIzHK1vl0d7zWVyz4ErKoEy+8HJHKWUr3pjXnLqXVl5FKb1s\/UjfCwh8pi4rUMfkUvtT0WpOJpXDkYJJ1ppFUl1k18X6bdlvWJM84bzqE1vSSLF11l0SeQywUjKwlFjjmRqd3XUctT4B+V4McVnCqA="}
cache_ttl value is correct

Title value is correct

Title value is correct

Title value is correct

Refresh Ad Rate value is correct
mode value is set

 Aspect ratio value is correct
sentry_log value is set
local_logging value is set
sentry_initialization value is set
sentry_debugging value is set
showPreRewardedDialogue value is set
showPostRewardedDialogue value is set
isSkipable value is set
{"cache_ttl":10080,"cache_ttl_rewarded":10080,"cache_ttl_banner":10080,"cache_ttl_native":10080,"cache_ttl_icon":10080,"campaigns":[{"campaignID":"9006","attribution":0,"priority":"5","appToPromote":{"appToPromoteID":"17448","usesDefaultFrameImage":"0","usesDefaultCloseImage":"0","marketURL":"https:\/\/apps.apple.com\/us\/app\/monster-truck-derby-racing\/id1459074481?uo=4&amp;at=10l9yE","packageID":"com.TheGameStormStudios.derby.race.mayhem"},"showTemplate":1,"s2s_tracking_url":"https:\/\/apps.apple.com\/us\/app\/monster-truck-derby-racing\/id1459074481?uo=4&amp;at=10l9yE","activeCreativeID":"4370","scenes":["12","1","8","6","15","2"],"campaignAdType":"Icon","productId":"","purchaseBit":0,"licenseKey":""},{"campaignID":"9647","attribution":0,"priority":"5","appToPromote":{"appToPromoteID":"15527","usesDefaultFrameImage":"0","usesDefaultCloseImage":"0","marketURL":"https:\/\/apps.apple.com\/us\/app\/crowd-jump-adventure\/id1483198976","packageID":"com.TinyKraken16.TinyKraken-CrowdJump"},"showTemplate":1,"s2s_tracking_url":"https:\/\/apps.apple.com\/us\/app\/crowd-jump-adventure\/id1483198976","activeCreativeID":"5023","scenes":["2"],"campaignAdType":"Native","title":"native","subTitle":"native","description":"native","adClickThroughText":"antive","productId":"","purchaseBit":0,"licenseKey":""},{"campaignID":"9651","attribution":0,"priority":"5","appToPromote":{"appToPromoteID":"14953","usesDefaultFrameImage":"0","usesDefaultCloseImage":"0","marketURL":"https:\/\/play.google.com\/store\/apps\/details?id=com.appricot2d.cooking.restaurent.food.chef.kitchen.game","packageID":"com.Appricot2d16.InterCookingStop"},"showTemplate":1,"s2s_tracking_url":"https:\/\/play.google.com\/store\/apps\/details?id=com.appricot2d.cooking.restaurent.food.chef.kitchen.game","activeCreativeID":"5026","scenes":["2"],"campaignAdType":"Native","title":"set","subTitle":"set","description":"set","adClickThroughText":"set","productId":"","purchaseBit":0,"licenseKey":""},{"campaignID":"9709","attribution":0,"priority":"5","appToPromote":{"appToPromoteID":"18192","usesDefaultFrameImage":"0","usesDefaultCloseImage":"0","marketURL":"https:\/\/www.google.com\/","packageID":"com.NewAge.adddd"},"showTemplate":1,"s2s_tracking_url":"https:\/\/www.google.com\/","activeCreativeID":"5025","scenes":["12","1","8","6","15","2"],"campaignAdType":"Native","title":"set","subTitle":"set","description":"set","adClickThroughText":"set","productId":"","purchaseBit":0,"licenseKey":""},{"campaignID":"7183","attribution":0,"priority":"5","appToPromote":{"appToPromoteID":"14224","usesDefaultFrameImage":"0","usesDefaultCloseImage":"0","marketURL":"https:\/\/apps.apple.com\/us\/app\/moto-bike-stunt-racing-game\/id1484465780?uo=4&amp;at=10l9yE","packageID":"com.TheGameStormStudios.MotoBikeStuntRace"},"showTemplate":1,"s2s_tracking_url":"https:\/\/apps.apple.com\/us\/app\/moto-bike-stunt-racing-game\/id1484465780?uo=4&amp;at=10l9yE","activeCreativeID":"2313","scenes":["12","1","8","6","15","2"],"campaignAdType":"Banner","productId":"","purchaseBit":0,"licenseKey":""},{"campaignID":"9126","attribution":0,"priority":"8","appToPromote":{"appToPromoteID":"17527","usesDefaultFrameImage":"0","usesDefaultCloseImage":"0","marketURL":"https:\/\/itunes.apple.com\/us\/app\/id1196690809","packageID":"id1196690809"},"showTemplate":1,"s2s_tracking_url":"https:\/\/tha.gotrackier.com\/click?campaign_id=68346\\u0026pub_id=75?p1=1472_9126_3762&amp;source=6841&amp;app_name=OffRoadTouristBusSimulator2016&amp;idfa=3762","activeCreativeID":"4478","scenes":["12","1","8","6","15","2"],"campaignAdType":"Banner","productId":"","purchaseBit":0,"licenseKey":""},{"campaignID":"9128","attribution":0,"priority":"8","appToPromote":{"appToPromoteID":"17529","usesDefaultFrameImage":"0","usesDefaultCloseImage":"0","marketURL":"https:\/\/apps.apple.com\/ru\/app\/id1259203065","packageID":"id1259203065"},"showTemplate":1,"s2s_tracking_url":"https:\/\/tha.gotrackier.com\/click?campaign_id=63251\\u0026pub_id=75?p1=1472_9128_3762&amp;source=6841&amp;app_name=OffRoadTouristBusSimulator2016&amp;idfa=3762","activeCreativeID":"4480","scenes":["12","1","8","6","15","2"],"campaignAdType":"Video","productId":"","purchaseBit":0,"licenseKey":""},{"campaignID":"9129","attribution":0,"priority":"8","appToPromote":{"appToPromoteID":"17530","usesDefaultFrameImage":"0","usesDefaultCloseImage":"0","marketURL":"https:\/\/apps.apple.com\/tw\/app\/%E6%BB%BF%E8%B2%AB%E5%A4%A7%E4%BA%A8\/id1007924271","packageID":"id1007924271"},"showTemplate":1,"s2s_tracking_url":"https:\/\/tha.gotrackier.com\/click?campaign_id=63252\\u0026pub_id=75?p1=1472_9129_3762&amp;source=6841&amp;app_name=OffRoadTouristBusSimulator2016&amp;idfa=3762","activeCreativeID":"4481","scenes":["12","1","8","6","15","2"],"campaignAdType":"Banner","productId":"","purchaseBit":0,"licenseKey":""},{"campaignID":"1041","attribution":0,"priority":"6","appToPromote":{"appToPromoteID":"5781","usesDefaultFrameImage":"0","usesDefaultCloseImage":"0","marketURL":"https:\/\/itunes.apple.com\/US\/app\/id642727743?","packageID":"id642727743"},"showTemplate":1,"activeCreativeID":null,"scenes":["12","1","8","6","15","2"],"campaignAdType":"Interstitial","productId":"","purchaseBit":0,"licenseKey":""},{"campaignID":"1423","attribution":0,"priority":"4","appToPromote":{"appToPromoteID":"5227","usesDefaultFrameImage":"0","usesDefaultCloseImage":"0","marketURL":"https:\/\/itunes.apple.com\/in\/app\/8-ball-pool\/id543186831?mt=8","packageID":"id543186831"},"showTemplate":1,"activeCreativeID":null,"scenes":["12","1","8","6","15","2"],"campaignAdType":"Interstitial","productId":"","purchaseBit":0,"licenseKey":""}],"refreshAdRate":30,"mode":"Production","aspectRatio":"4_3","cdnPath":"https:\/\/df8ymybeo92md.cloudfront.net\/images\/","sentry_log":0,"local_logging":0,"sentry_dsn":"https:\/\/e6dcd89483ae4d13b0f42ed3810d8d62:078421c4ad3d43f19885b30828ce7ee6@sentry.io\/187776","sentry_initialization":1,"sentry_debugging":0,"bannerSizes":["5","1","2"],"aspectRatioVideo":"16_9","app_id":"1472","showPreRewardedDialogue":0,"showPostRewardedDialogue":0,"rewardCurrency":"coins","rewardValue":0,"isSkipable":0,"privacyPolicyURL":"https:\/\/www.consoliads.com\/privacy-policy\/","sessionToken":"W6350oVIUqzxf2HIwKUD0TTSHOscZSRtsPKZk6PhjJ5XdxHaIJ7qaJHKWnVhBBFQse4vWUotY2VFuPmrWchw+niT1xmXtv8uUaSosDdFOfOVZlVQmnZ7UxgCQxAFfRYJHw39J9hNjNuc1xI1b5OvzvqRqpzHX61WkVCvnHXhA3k="}
Session token value is set


{"appKey":"f1b23f0067eb003f37357ca24defd9a4","deviceID":"4744","stats":[{"campaignID":78,"packageID":"com.mizo.road.builder.city.construction","sceneStats":[{"sceneID":"12","eventStats":"347,247,147,47,47,0,0"}]}],"sdkVersion":"2151","sessionToken":"W6350oVIUqzxf2HIwKUD0TTSHOscZSRtsPKZk6PhjJ5XdxHaIJ7qaJHKWnVhBBFQse4vWUotY2VFuPmrWchw+niT1xmXtv8uUaSosDdFOfOVZlVQmnZ7UxgCQxAFfRYJHw39J9hNjNuc1xI1b5OvzvqRqpzHX61WkVCvnHXhA3k="}
cache_ttl value is correct

Refresh Ad Rate value is correct
mode value is set

 Aspect ratio value is correct
sentry_log value is set
local_logging value is set
sentry_initialization value is set
sentry_debugging value is set
showPreRewardedDialogue value is set
showPostRewardedDialogue value is set
isSkipable value is set
{"cache_ttl":10080,"cache_ttl_rewarded":10080,"cache_ttl_banner":10080,"cache_ttl_native":10080,"cache_ttl_icon":10080,"campaigns":[{"campaignID":"9277","attribution_link":"","attribution":1,"priority":"5","appToPromote":{"appToPromoteID":"17609","usesDefaultFrameImage":"0","usesDefaultCloseImage":"0","marketURL":"https:\/\/smartbear.com\/learn\/automated-testing\/test-automation-frameworks\/","packageID":"com.buntoo.buntooAd"},"showTemplate":1,"s2s_tracking_url":"","activeCreativeID":"4702","scenes":["1","2","6","4","5"],"campaignAdType":"Interstitial","productId":"","purchaseBit":0,"licenseKey":""},{"campaignID":"9278","attribution":0,"priority":"5","appToPromote":{"appToPromoteID":"17609","usesDefaultFrameImage":"0","usesDefaultCloseImage":"0","marketURL":"https:\/\/smartbear.com\/learn\/automated-testing\/test-automation-frameworks\/","packageID":"com.buntoo.buntooAd"},"showTemplate":1,"s2s_tracking_url":"https:\/\/smartbear.com\/learn\/automated-testing\/test-automation-frameworks\/","activeCreativeID":"4701","scenes":["1","2","6","4","5"],"campaignAdType":"Interstitial","productId":"","purchaseBit":0,"licenseKey":""},{"campaignID":"9279","attribution":0,"priority":"5","appToPromote":{"appToPromoteID":"17609","usesDefaultFrameImage":"0","usesDefaultCloseImage":"0","marketURL":"https:\/\/smartbear.com\/learn\/automated-testing\/test-automation-frameworks\/","packageID":"com.buntoo.buntooAd"},"showTemplate":1,"s2s_tracking_url":"https:\/\/smartbear.com\/learn\/automated-testing\/test-automation-frameworks\/","activeCreativeID":"4701","scenes":["1","2","6","4","5"],"campaignAdType":"Interstitial","productId":"","purchaseBit":0,"licenseKey":""},{"campaignID":"9280","attribution":0,"priority":"5","appToPromote":{"appToPromoteID":"17609","usesDefaultFrameImage":"0","usesDefaultCloseImage":"0","marketURL":"https:\/\/smartbear.com\/learn\/automated-testing\/test-automation-frameworks\/","packageID":"com.buntoo.buntooAd"},"showTemplate":1,"s2s_tracking_url":"https:\/\/smartbear.com\/learn\/automated-testing\/test-automation-frameworks\/","activeCreativeID":"4701","scenes":["1","2","6","4","5"],"campaignAdType":"Interstitial","productId":"","purchaseBit":0,"licenseKey":""},{"campaignID":"9281","attribution":0,"priority":"5","appToPromote":{"appToPromoteID":"17609","usesDefaultFrameImage":"0","usesDefaultCloseImage":"0","marketURL":"https:\/\/smartbear.com\/learn\/automated-testing\/test-automation-frameworks\/","packageID":"com.buntoo.buntooAd"},"showTemplate":1,"s2s_tracking_url":"https:\/\/smartbear.com\/learn\/automated-testing\/test-automation-frameworks\/","activeCreativeID":"4701","scenes":["1","2","6","4","5"],"campaignAdType":"Interstitial","productId":"","purchaseBit":0,"licenseKey":""},{"campaignID":"9282","attribution":0,"priority":"5","appToPromote":{"appToPromoteID":"17609","usesDefaultFrameImage":"0","usesDefaultCloseImage":"0","marketURL":"https:\/\/smartbear.com\/learn\/automated-testing\/test-automation-frameworks\/","packageID":"com.buntoo.buntooAd"},"showTemplate":1,"s2s_tracking_url":"https:\/\/smartbear.com\/learn\/automated-testing\/test-automation-frameworks\/","activeCreativeID":"4701","scenes":["1","2","6","4","5"],"campaignAdType":"Interstitial","productId":"","purchaseBit":0,"licenseKey":""},{"campaignID":"9283","attribution":0,"priority":"5","appToPromote":{"appToPromoteID":"17609","usesDefaultFrameImage":"0","usesDefaultCloseImage":"0","marketURL":"https:\/\/smartbear.com\/learn\/automated-testing\/test-automation-frameworks\/","packageID":"com.buntoo.buntooAd"},"showTemplate":1,"s2s_tracking_url":"https:\/\/smartbear.com\/learn\/automated-testing\/test-automation-frameworks\/","activeCreativeID":"4701","scenes":["1","2","6","4","5"],"campaignAdType":"Interstitial","productId":"","purchaseBit":0,"licenseKey":""},{"campaignID":"9285","attribution":0,"priority":"5","appToPromote":{"appToPromoteID":"14746","usesDefaultFrameImage":"0","usesDefaultCloseImage":"0","marketURL":"https:\/\/play.google.com\/store\/apps\/details?id=com.buntoo.army.bus.parking","packageID":"com.buntoo.army.bus.parking"},"showTemplate":1,"s2s_tracking_url":"https:\/\/play.google.com\/store\/apps\/details?id=com.buntoo.army.bus.parking","activeCreativeID":"4710","scenes":["1","2","6","4","5"],"campaignAdType":"Interstitial","productId":"","purchaseBit":0,"licenseKey":""},{"campaignID":"9287","attribution":0,"priority":"5","appToPromote":{"appToPromoteID":"14746","usesDefaultFrameImage":"0","usesDefaultCloseImage":"0","marketURL":"https:\/\/play.google.com\/store\/apps\/details?id=com.buntoo.army.bus.parking","packageID":"com.buntoo.army.bus.parking"},"showTemplate":1,"s2s_tracking_url":"https:\/\/play.google.com\/store\/apps\/details?id=com.buntoo.army.bus.parking","activeCreativeID":"4710","scenes":["1","2","6","4","5"],"campaignAdType":"Interstitial","productId":"","purchaseBit":0,"licenseKey":""},{"campaignID":"9289","attribution":0,"priority":"5","appToPromote":{"appToPromoteID":"17609","usesDefaultFrameImage":"0","usesDefaultCloseImage":"0","marketURL":"https:\/\/smartbear.com\/learn\/automated-testing\/test-automation-frameworks\/","packageID":"com.buntoo.buntooAd"},"showTemplate":1,"s2s_tracking_url":"https:\/\/smartbear.com\/learn\/automated-testing\/test-automation-frameworks\/","activeCreativeID":"4701","scenes":["1","2","6","4","5"],"campaignAdType":"Interstitial","productId":"","purchaseBit":0,"licenseKey":""},{"campaignID":"9290","attribution":0,"priority":"5","appToPromote":{"appToPromoteID":"17609","usesDefaultFrameImage":"0","usesDefaultCloseImage":"0","marketURL":"https:\/\/smartbear.com\/learn\/automated-testing\/test-automation-frameworks\/","packageID":"com.buntoo.buntooAd"},"showTemplate":1,"s2s_tracking_url":"https:\/\/smartbear.com\/learn\/automated-testing\/test-automation-frameworks\/","activeCreativeID":"4701","scenes":["1","2","6","4","5"],"campaignAdType":"Interstitial","productId":"","purchaseBit":0,"licenseKey":""},{"campaignID":"9293","attribution":0,"priority":"5","appToPromote":{"appToPromoteID":"17609","usesDefaultFrameImage":"0","usesDefaultCloseImage":"0","marketURL":"https:\/\/smartbear.com\/learn\/automated-testing\/test-automation-frameworks\/","packageID":"com.buntoo.buntooAd"},"showTemplate":1,"s2s_tracking_url":"https:\/\/smartbear.com\/learn\/automated-testing\/test-automation-frameworks\/","activeCreativeID":"4701","scenes":["1","2","6","4","5"],"campaignAdType":"Interstitial","productId":"","purchaseBit":0,"licenseKey":""},{"campaignID":"9296","attribution":0,"priority":"5","appToPromote":{"appToPromoteID":"17609","usesDefaultFrameImage":"0","usesDefaultCloseImage":"0","marketURL":"https:\/\/smartbear.com\/learn\/automated-testing\/test-automation-frameworks\/","packageID":"com.buntoo.buntooAd"},"showTemplate":1,"s2s_tracking_url":"https:\/\/smartbear.com\/learn\/automated-testing\/test-automation-frameworks\/","activeCreativeID":"4701","scenes":["1","2","6","4","5"],"campaignAdType":"Interstitial","productId":"","purchaseBit":0,"licenseKey":""},{"campaignID":"9297","attribution":0,"priority":"5","appToPromote":{"appToPromoteID":"17609","usesDefaultFrameImage":"0","usesDefaultCloseImage":"0","marketURL":"https:\/\/smartbear.com\/learn\/automated-testing\/test-automation-frameworks\/","packageID":"com.buntoo.buntooAd"},"showTemplate":1,"s2s_tracking_url":"https:\/\/smartbear.com\/learn\/automated-testing\/test-automation-frameworks\/","activeCreativeID":"4701","scenes":["1","2","6","4","5"],"campaignAdType":"Interstitial","productId":"","purchaseBit":0,"licenseKey":""},{"campaignID":"9299","attribution":0,"priority":"5","appToPromote":{"appToPromoteID":"17609","usesDefaultFrameImage":"0","usesDefaultCloseImage":"0","marketURL":"https:\/\/smartbear.com\/learn\/automated-testing\/test-automation-frameworks\/","packageID":"com.buntoo.buntooAd"},"showTemplate":1,"s2s_tracking_url":"https:\/\/smartbear.com\/learn\/automated-testing\/test-automation-frameworks\/","activeCreativeID":"4701","scenes":["1","2","6","4","5"],"campaignAdType":"Interstitial","productId":"","purchaseBit":0,"licenseKey":""},{"campaignID":"9301","attribution":0,"priority":"5","appToPromote":{"appToPromoteID":"17609","usesDefaultFrameImage":"0","usesDefaultCloseImage":"0","marketURL":"https:\/\/smartbear.com\/learn\/automated-testing\/test-automation-frameworks\/","packageID":"com.buntoo.buntooAd"},"showTemplate":1,"s2s_tracking_url":"https:\/\/smartbear.com\/learn\/automated-testing\/test-automation-frameworks\/","activeCreativeID":"4701","scenes":["1","2","6","4","5"],"campaignAdType":"Interstitial","productId":"","purchaseBit":0,"licenseKey":""},{"campaignID":"9305","attribution":0,"priority":"5","appToPromote":{"appToPromoteID":"14746","usesDefaultFrameImage":"0","usesDefaultCloseImage":"0","marketURL":"https:\/\/play.google.com\/store\/apps\/details?id=com.buntoo.army.bus.parking","packageID":"com.buntoo.army.bus.parking"},"showTemplate":1,"s2s_tracking_url":"https:\/\/play.google.com\/store\/apps\/details?id=com.buntoo.army.bus.parking","activeCreativeID":"4710","scenes":["1","2","6","4","5"],"campaignAdType":"Interstitial","productId":"","purchaseBit":0,"licenseKey":""},{"campaignID":"48","attribution":0,"priority":"5","appToPromote":{"appToPromoteID":"1074","usesDefaultFrameImage":"1","usesDefaultCloseImage":"1","marketURL":"https:\/\/play.google.com\/store\/apps\/details?id=com.mizo.construction.crane.hill.climb","packageID":"com.mizo.construction.crane.hill.climb"},"showTemplate":1,"s2s_tracking_url":"https:\/\/play.google.com\/store\/apps\/details?id=com.mizo.construction.crane.hill.climb","activeCreativeID":"65","scenes":["1","2","6","4","5"],"campaignAdType":"Interstitial","productId":"","purchaseBit":0,"licenseKey":""},{"campaignID":"50","attribution":0,"priority":"5","appToPromote":{"appToPromoteID":"1221","usesDefaultFrameImage":"1","usesDefaultCloseImage":"1","marketURL":"https:\/\/play.google.com\/store\/apps\/details?id=com.mizo.offroad.hill.climb","packageID":"com.mizo.offroad.hill.climb"},"showTemplate":1,"s2s_tracking_url":"https:\/\/play.google.com\/store\/apps\/details?id=com.mizo.offroad.hill.climb","activeCreativeID":"67","scenes":["1","2","6","4","5"],"campaignAdType":"Interstitial","productId":"","purchaseBit":0,"licenseKey":""},{"campaignID":"67","attribution":0,"priority":"5","appToPromote":{"appToPromoteID":"1306","usesDefaultFrameImage":"1","usesDefaultCloseImage":"1","marketURL":"https:\/\/play.google.com\/store\/apps\/details?id=com.mizo.extreme.heavy.truck","packageID":"com.mizo.extreme.heavy.truck"},"showTemplate":1,"s2s_tracking_url":"https:\/\/play.google.com\/store\/apps\/details?id=com.mizo.extreme.heavy.truck","activeCreativeID":"85","scenes":["1","2","6","4","5"],"campaignAdType":"Interstitial","productId":"","purchaseBit":0,"licenseKey":""},{"campaignID":"78","attribution":0,"priority":"5","appToPromote":{"appToPromoteID":"1632","usesDefaultFrameImage":"1","usesDefaultCloseImage":"1","marketURL":"https:\/\/play.google.com\/store\/apps\/details?id=com.mizo.road.builder.city.construction","packageID":"com.mizo.road.builder.city.construction"},"showTemplate":1,"s2s_tracking_url":"https:\/\/play.google.com\/store\/apps\/details?id=com.mizo.road.builder.city.construction","activeCreativeID":"97","scenes":["1","2","6","4","5"],"campaignAdType":"Interstitial","productId":"","purchaseBit":0,"licenseKey":""},{"campaignID":"80","attribution":0,"priority":"5","appToPromote":{"appToPromoteID":"1675","usesDefaultFrameImage":"1","usesDefaultCloseImage":"1","marketURL":"https:\/\/play.google.com\/store\/apps\/details?id=com.mizo.flip.bottle.shooting.expert","packageID":"com.mizo.flip.bottle.shooting.expert"},"showTemplate":1,"s2s_tracking_url":"https:\/\/play.google.com\/store\/apps\/details?id=com.mizo.flip.bottle.shooting.expert","activeCreativeID":"100","scenes":["1","2","6","4","5"],"campaignAdType":"Interstitial","productId":"","purchaseBit":0,"licenseKey":""},{"campaignID":"110","attribution":0,"priority":"5","appToPromote":{"appToPromoteID":"1853","usesDefaultFrameImage":"1","usesDefaultCloseImage":"1","marketURL":"https:\/\/play.google.com\/store\/apps\/details?id=com.mizo.police.airplane.transporter","packageID":"com.mizo.police.airplane.transporter"},"showTemplate":1,"s2s_tracking_url":"https:\/\/play.google.com\/store\/apps\/details?id=com.mizo.police.airplane.transporter","activeCreativeID":"137","scenes":["1","2","6","4","5"],"campaignAdType":"Interstitial","productId":"","purchaseBit":0,"licenseKey":""},{"campaignID":"143","attribution":0,"priority":"5","appToPromote":{"appToPromoteID":"2089","usesDefaultFrameImage":"0","usesDefaultCloseImage":"0","marketURL":"https:\/\/play.google.com\/store\/apps\/details?id=com.mizo.sports.car.mechanic","packageID":"com.mizo.sports.car.mechanic"},"showTemplate":1,"s2s_tracking_url":"https:\/\/play.google.com\/store\/apps\/details?id=com.mizo.sports.car.mechanic","activeCreativeID":"184","scenes":["1","2","6","4","5"],"campaignAdType":"Interstitial","productId":"","purchaseBit":0,"licenseKey":""},{"campaignID":"147","attribution":0,"priority":"5","appToPromote":{"appToPromoteID":"2085","usesDefaultFrameImage":"0","usesDefaultCloseImage":"0","marketURL":"https:\/\/play.google.com\/store\/apps\/details?id=com.mizo.robot.gang.mafia","packageID":"com.mizo.robot.gang.mafia"},"showTemplate":1,"s2s_tracking_url":"https:\/\/play.google.com\/store\/apps\/details?id=com.mizo.robot.gang.mafia","activeCreativeID":"188","scenes":["1","2","6","4","5"],"campaignAdType":"Interstitial","productId":"","purchaseBit":0,"licenseKey":""}],"refreshAdRate":30,"mode":"Production","aspectRatio":"4_3","cdnPath":"https:\/\/df8ymybeo92md.cloudfront.net\/images\/","sentry_log":0,"local_logging":0,"sentry_dsn":"https:\/\/93ffa1c9a4124f67b8888a53265f751a:bbf998e04584477fa9a145838e9d3b26@sentry.io\/168994","sentry_initialization":1,"sentry_debugging":0,"bannerSizes":["1"],"aspectRatioVideo":"16_9","app_id":"1632","showPreRewardedDialogue":0,"showPostRewardedDialogue":0,"rewardCurrency":"coins","rewardValue":0,"isSkipable":1,"privacyPolicyURL":"https:\/\/www.consoliads.com\/privacy-policy\/","sessionToken":"mIa995oC0yTQHQaKFLGRY0lGyaXhS+OXGroW4n8alfHaEayLuoWIt24SJr1jSaR9TfklvI6qmxaHvCBc3O+kZt8ZpasUgeZEhWDrsUSq2nq+81IMMOUCK6jwSlIVsdzRgOGC0n6tkUwKXuBM8caViLZISPFCaYAjXPmgU6y3IZk="}
Session token value is set


{"appKey":"a15540f259692e0f609b4cace3e780a9","deviceID":"6456","stats":[{"campaignID":80,"packageID":"com.mizo.flip.bottle.shooting.expert","sceneStats":[{"sceneID":"17","eventStats":"364,264,164,64,64,0,0"}]}],"sdkVersion":"39","sessionToken":"mIa995oC0yTQHQaKFLGRY0lGyaXhS+OXGroW4n8alfHaEayLuoWIt24SJr1jSaR9TfklvI6qmxaHvCBc3O+kZt8ZpasUgeZEhWDrsUSq2nq+81IMMOUCK6jwSlIVsdzRgOGC0n6tkUwKXuBM8caViLZISPFCaYAjXPmgU6y3IZk="}
cache_ttl value is correct

Refresh Ad Rate value is correct
mode value is set

 Aspect ratio value is correct
sentry_log value is set
local_logging value is set
sentry_initialization value is set
sentry_debugging value is set
showPreRewardedDialogue value is set
showPostRewardedDialogue value is set
isSkipable value is set
{"cache_ttl":10080,"cache_ttl_rewarded":10080,"cache_ttl_banner":10080,"cache_ttl_native":10080,"cache_ttl_icon":10080,"refreshAdRate":30,"mode":"Production","aspectRatio":"4_3","cdnPath":"https:\/\/df8ymybeo92md.cloudfront.net\/images\/","sentry_log":0,"local_logging":0,"sentry_dsn":"https:\/\/93ffa1c9a4124f67b8888a53265f751a:bbf998e04584477fa9a145838e9d3b26@sentry.io\/168994","sentry_initialization":1,"sentry_debugging":0,"bannerSizes":[],"aspectRatioVideo":"16_9","app_id":"1675","showPreRewardedDialogue":0,"showPostRewardedDialogue":0,"rewardCurrency":"coins","rewardValue":0,"isSkipable":0,"privacyPolicyURL":"https:\/\/www.consoliads.com\/privacy-policy\/","sessionToken":"lZ23vqnjdWvbK0pRcQ5GdHZrxIf5o\/k36BVjf3L+5nkz9gtpfcXjeUqlDnNWmIixQN22IUnq3kGGxpGtZ1ZMDe6LgpbbqE\/l\/EFNFRJRyBIOT55LHrjL+vk1rGJcOTFEU0J19D6j2Kd6p6+U3fNdGePt2+2R\/L5Z5tOKsGRayik="}
Session token value is set


{"appKey":"b86d913485cddc89a88e3a31f2611244","deviceID":"8550","stats":[{"campaignID":84,"packageID":"com.ids.kids.hospital.cashier.pro","sceneStats":[{"sceneID":"22","eventStats":"385,285,185,85,85,0,0"}]}],"sdkVersion":"39","sessionToken":"lZ23vqnjdWvbK0pRcQ5GdHZrxIf5o\/k36BVjf3L+5nkz9gtpfcXjeUqlDnNWmIixQN22IUnq3kGGxpGtZ1ZMDe6LgpbbqE\/l\/EFNFRJRyBIOT55LHrjL+vk1rGJcOTFEU0J19D6j2Kd6p6+U3fNdGePt2+2R\/L5Z5tOKsGRayik="}
cache_ttl value is correct

Refresh Ad Rate value is correct
mode value is set

 Aspect ratio value is correct
sentry_log value is set
local_logging value is set
sentry_initialization value is set
sentry_debugging value is set
showPreRewardedDialogue value is set
showPostRewardedDialogue value is set
isSkipable value is set
{"cache_ttl":10080,"cache_ttl_rewarded":10080,"cache_ttl_banner":10080,"cache_ttl_native":10080,"cache_ttl_icon":10080,"campaigns":[{"campaignID":"8959","attribution":0,"priority":"5","appToPromote":{"appToPromoteID":"8237","usesDefaultFrameImage":"0","usesDefaultCloseImage":"0","marketURL":"https:\/\/play.google.com\/store\/apps\/details?id=com.ids.crazykitchen.seafood.chef.cooking.game","packageID":"com.ids.crazykitchen.seafood.chef.cooking.game"},"showTemplate":1,"s2s_tracking_url":"https:\/\/play.google.com\/store\/apps\/details?id=com.ids.crazykitchen.seafood.chef.cooking.game","activeCreativeID":"4330","scenes":["12","1","8","6","15","2"],"campaignAdType":"Interstitial","productId":"","purchaseBit":0,"licenseKey":""},{"campaignID":"9384","attribution":0,"priority":"5","appToPromote":{"appToPromoteID":"13185","usesDefaultFrameImage":"0","usesDefaultCloseImage":"0","marketURL":"https:\/\/play.google.com\/store\/apps\/details?id=com.gamesarena.flying.bike.tricks.stunts&amp;referrer=utm_source=42matters.com&amp;utm_medium=api","packageID":"com.gamesarena.flying.bike.tricks.stunts"},"showTemplate":1,"s2s_tracking_url":"https:\/\/play.google.com\/store\/apps\/details?id=com.gamesarena.flying.bike.tricks.stunts&amp;referrer=utm_source=42matters.com&amp;utm_medium=api","activeCreativeID":"4829","scenes":["12","1","8","6","15","2"],"campaignAdType":"Interstitial","productId":"","purchaseBit":0,"licenseKey":""},{"campaignID":"9386","attribution":0,"priority":"5","appToPromote":{"appToPromoteID":"17764","usesDefaultFrameImage":"0","usesDefaultCloseImage":"0","marketURL":"https:\/\/play.google.com\/store\/apps\/details?id=com.visiblebody.atlas&amp;referrer=utm_source=42matters.com&amp;utm_medium=api","packageID":"com.gamesarena..test6324"},"showTemplate":1,"s2s_tracking_url":"https:\/\/play.google.com\/store\/apps\/details?id=com.visiblebody.atlas&amp;referrer=utm_source=42matters.com&amp;utm_medium=api","activeCreativeID":"4828","scenes":["12","1","8","6","15","2"],"campaignAdType":"Interstitial","productId":"","purchaseBit":0,"licenseKey":""},{"campaignID":"9389","attribution":0,"priority":"5","appToPromote":{"appToPromoteID":"13185","usesDefaultFrameImage":"0","usesDefaultCloseImage":"0","marketURL":"https:\/\/play.google.com\/store\/apps\/details?id=com.gamesarena.flying.bike.tricks.stunts&amp;referrer=utm_source=42matters.com&amp;utm_medium=api","packageID":"com.gamesarena.flying.bike.tricks.stunts"},"showTemplate":1,"s2s_tracking_url":"https:\/\/play.google.com\/store\/apps\/details?id=com.gamesarena.flying.bike.tricks.stunts&amp;referrer=utm_source=42matters.com&amp;utm_medium=api","activeCreativeID":"4829","scenes":["12","1","8","6","15","2"],"campaignAdType":"Interstitial","productId":"","purchaseBit":0,"licenseKey":""},{"campaignID":"100","attribution":0,"priority":"5","appToPromote":{"appToPromoteID":"1906","usesDefaultFrameImage":"0","usesDefaultCloseImage":"0","marketURL":"https:\/\/play.google.com\/store\/apps\/details?id=com.tenlogix.christmas.cooking.bbq.maker","packageID":"com.tenlogix.christmas.cooking.bbq.maker"},"showTemplate":1,"s2s_tracking_url":"https:\/\/play.google.com\/store\/apps\/details?id=com.tenlogix.christmas.cooking.bbq.maker","activeCreativeID":"126","scenes":["12","1","8","6","15","2"],"campaignAdType":"Interstitial","productId":"","purchaseBit":0,"licenseKey":""},{"campaignID":"141","attribution":0,"priority":"5","appToPromote":{"appToPromoteID":"2162","usesDefaultFrameImage":"0","usesDefaultCloseImage":"0","marketURL":"https:\/\/play.google.com\/store\/apps\/details?id=com.tenlogix.fun.kids.eye.doctor.clinic","packageID":"com.tenlogix.fun.kids.eye.doctor.clinic"},"showTemplate":1,"s2s_tracking_url":"https:\/\/play.google.com\/store\/apps\/details?id=com.tenlogix.fun.kids.eye.doctor.clinic","activeCreativeID":"181","scenes":["12","1","8","6","15","2"],"campaignAdType":"Interstitial","productId":"","purchaseBit":0,"licenseKey":""},{"campaignID":"186","attribution":0,"priority":"5","appToPromote":{"appToPromoteID":"2367","usesDefaultFrameImage":"0","usesDefaultCloseImage":"0","marketURL":"https:\/\/play.google.com\/store\/apps\/details?id=com.tenlogix.kids.clinic.story.nosedoctor","packageID":"com.tenlogix.kids.clinic.story.nosedoctor"},"showTemplate":1,"s2s_tracking_url":"https:\/\/play.google.com\/store\/apps\/details?id=com.tenlogix.kids.clinic.story.nosedoctor","activeCreativeID":"256","scenes":["12","1","8","6","15","2"],"campaignAdType":"Interstitial","productId":"","purchaseBit":0,"licenseKey":""},{"campaignID":"212","attribution":0,"priority":"5","appToPromote":{"appToPromoteID":"2557","usesDefaultFrameImage":"0","usesDefaultCloseImage":"0","marketURL":"https:\/\/play.google.com\/store\/apps\/details?id=com.ids.theme.park.kids.cashier","packageID":"com.ids.theme.park.kids.cashier"},"showTemplate":1,"s2s_tracking_url":"https:\/\/play.google.com\/store\/apps\/details?id=com.ids.theme.park.kids.cashier","activeCreativeID":"290","scenes":["12","1","8","6","15","2"],"campaignAdType":"Interstitial","productId":"","purchaseBit":0,"licenseKey":""},{"campaignID":"374","attribution":0,"priority":"5","appToPromote":{"appToPromoteID":"2975","usesDefaultFrameImage":"0","usesDefaultCloseImage":"0","marketURL":"https:\/\/play.google.com\/store\/apps\/details?id=com.tenlogix.girlsgame.princess.fashion.salon","packageID":"com.tenlogix.girlsgame.princess.fashion.salon"},"showTemplate":1,"s2s_tracking_url":"https:\/\/play.google.com\/store\/apps\/details?id=com.tenlogix.girlsgame.princess.fashion.salon","activeCreativeID":"395","scenes":["12","1","8","6","15","2"],"campaignAdType":"Interstitial","productId":"","purchaseBit":0,"licenseKey":""},{"campaignID":"423","attribution":0,"priority":"5","appToPromote":{"appToPromoteID":"3210","usesDefaultFrameImage":"0","usesDefaultCloseImage":"0","marketURL":"https:\/\/play.google.com\/store\/apps\/details?id=com.tenlogix.highschool.crazy.cooking.chef","packageID":"com.tenlogix.highschool.crazy.cooking.chef"},"showTemplate":1,"s2s_tracking_url":"https:\/\/play.google.com\/store\/apps\/details?id=com.tenlogix.highschool.crazy.cooking.chef","activeCreativeID":"465","scenes":["12","1","8","6","15","2"],"campaignAdType":"Interstitial","productId":"","purchaseBit":0,"licenseKey":""},{"campaignID":"491","attribution":0,"priority":"5","appToPromote":{"appToPromoteID":"3532","usesDefaultFrameImage":"0","usesDefaultCloseImage":"0","marketURL":"https:\/\/play.google.com\/store\/apps\/details?id=com.tenlogix.highschool.girl.cooking.story","packageID":"com.tenlogix.highschool.girl.cooking.story"},"showTemplate":1,"s2s_tracking_url":"https:\/\/play.google.com\/store\/apps\/details?id=com.tenlogix.highschool.girl.cooking.story","activeCreativeID":"553","scenes":["12","1","8","6","15","2"],"campaignAdType":"Interstitial","productId":"","purchaseBit":0,"licenseKey":""},{"campaignID":"507","attribution":0,"priority":"5","appToPromote":{"appToPromoteID":"3472","usesDefaultFrameImage":"0","usesDefaultCloseImage":"0","marketURL":"https:\/\/play.google.com\/store\/apps\/details?id=com.tenlogix.streetfood.cooking.chef","packageID":"com.tenlogix.streetfood.cooking.chef"},"showTemplate":1,"s2s_tracking_url":"https:\/\/play.google.com\/store\/apps\/details?id=com.tenlogix.streetfood.cooking.chef","activeCreativeID":"585","scenes":["12","1","8","6","15","2"],"campaignAdType":"Interstitial","productId":"","purchaseBit":0,"licenseKey":""},{"campaignID":"519","attribution":0,"priority":"5","appToPromote":{"appToPromoteID":"3675","usesDefaultFrameImage":"0","usesDefaultCloseImage":"0","marketURL":"https:\/\/play.google.com\/store\/apps\/details?id=com.tenlogix.highschool.cafe.cashier.girl","packageID":"com.tenlogix.highschool.cafe.cashier.girl"},"showTemplate":1,"s2s_tracking_url":"https:\/\/play.google.com\/store\/apps\/details?id=com.tenlogix.highschool.cafe.cashier.girl","activeCreativeID":"600","scenes":["8"],"campaignAdType":"Interstitial","productId":"","purchaseBit":0,"licenseKey":""},{"campaignID":"525","attribution":0,"priority":"5","appToPromote":{"appToPromoteID":"3675","usesDefaultFrameImage":"0","usesDefaultCloseImage":"0","marketURL":"https:\/\/play.google.com\/store\/apps\/details?id=com.tenlogix.highschool.cafe.cashier.girl","packageID":"com.tenlogix.highschool.cafe.cashier.girl"},"showTemplate":1,"s2s_tracking_url":"https:\/\/play.google.com\/store\/apps\/details?id=com.tenlogix.highschool.cafe.cashier.girl","activeCreativeID":"600","scenes":["8"],"campaignAdType":"Interstitial","productId":"","purchaseBit":0,"licenseKey":""},{"campaignID":"527","attribution":0,"priority":"5","appToPromote":{"appToPromoteID":"3600","usesDefaultFrameImage":"0","usesDefaultCloseImage":"0","marketURL":"https:\/\/play.google.com\/store\/apps\/details?id=com.ids.little.farm.time.fun","packageID":"com.ids.little.farm.time.fun"},"showTemplate":1,"s2s_tracking_url":"https:\/\/play.google.com\/store\/apps\/details?id=com.ids.little.farm.time.fun","activeCreativeID":"574","scenes":["8"],"campaignAdType":"Interstitial","productId":"","purchaseBit":0,"licenseKey":""},{"campaignID":"533","attribution":0,"priority":"5","appToPromote":{"appToPromoteID":"3922","usesDefaultFrameImage":"0","usesDefaultCloseImage":"0","marketURL":"https:\/\/play.google.com\/store\/apps\/details?id=com.tenlogix.breakfast.maker.island.cooking.story","packageID":"com.tenlogix.breakfast.maker.island.cooking.story"},"showTemplate":1,"s2s_tracking_url":"https:\/\/play.google.com\/store\/apps\/details?id=com.tenlogix.breakfast.maker.island.cooking.story","activeCreativeID":"606","scenes":["8"],"campaignAdType":"Interstitial","productId":"","purchaseBit":0,"licenseKey":""},{"campaignID":"1456","attribution":0,"priority":"5","appToPromote":{"appToPromoteID":"7408","usesDefaultFrameImage":"0","usesDefaultCloseImage":"0","marketURL":"https:\/\/play.google.com\/store\/apps\/details?id=com.tenlogix.fashion.mall.cash.register.games","packageID":"com.tenlogix.fashion.mall.cash.register.games"},"showTemplate":1,"s2s_tracking_url":"https:\/\/play.google.com\/store\/apps\/details?id=com.tenlogix.fashion.mall.cash.register.games","activeCreativeID":"1001","scenes":["12","1","8","6","15","2"],"campaignAdType":"Video","productId":"","purchaseBit":0,"licenseKey":""},{"campaignID":"1512","attribution":0,"priority":"5","appToPromote":{"appToPromoteID":"8237","usesDefaultFrameImage":"0","usesDefaultCloseImage":"0","marketURL":"https:\/\/play.google.com\/store\/apps\/details?id=com.ids.crazykitchen.seafood.chef.cooking.game","packageID":"com.ids.crazykitchen.seafood.chef.cooking.game"},"showTemplate":1,"s2s_tracking_url":"https:\/\/play.google.com\/store\/apps\/details?id=com.ids.crazykitchen.seafood.chef.cooking.game","activeCreativeID":"1045","scenes":["12","1","8","6","15","2"],"campaignAdType":"Video","productId":"","purchaseBit":0,"licenseKey":""},{"campaignID":"1558","attribution":0,"priority":"5","appToPromote":{"appToPromoteID":"8503","usesDefaultFrameImage":"0","usesDefaultCloseImage":"0","marketURL":"https:\/\/play.google.com\/store\/apps\/details?id=com.tenlogix.highschoolgirls.girlsgames.fitnessgame","packageID":"com.tenlogix.highschoolgirls.girlsgames.fitnessgame"},"showTemplate":1,"s2s_tracking_url":"https:\/\/play.google.com\/store\/apps\/details?id=com.tenlogix.highschoolgirls.girlsgames.fitnessgame","activeCreativeID":"1071","scenes":["12","1","8","6","15","2"],"campaignAdType":"Video","productId":"","purchaseBit":0,"licenseKey":""},{"campaignID":"1560","attribution":0,"priority":"5","appToPromote":{"appToPromoteID":"8501","usesDefaultFrameImage":"0","usesDefaultCloseImage":"0","marketURL":"https:\/\/play.google.com\/store\/apps\/details?id=com.ids.restaurantmanager.jobsimulator","packageID":"com.ids.restaurantmanager.jobsimulator"},"showTemplate":1,"s2s_tracking_url":"https:\/\/play.google.com\/store\/apps\/details?id=com.ids.restaurantmanager.jobsimulator","activeCreativeID":"1073","scenes":["12","1","8","6","15","2"],"campaignAdType":"Video","productId":"","purchaseBit":0,"licenseKey":""},{"campaignID":"1601","attribution":0,"priority":"5","appToPromote":{"appToPromoteID":"8668","usesDefaultFrameImage":"0","usesDefaultCloseImage":"0","marketURL":"https:\/\/play.google.com\/store\/apps\/details?id=com.tenlogix.wall.street.money.exchange.bank.cashiergames","packageID":"com.tenlogix.wall.street.money.exchange.bank.cashiergames"},"showTemplate":1,"s2s_tracking_url":"https:\/\/play.google.com\/store\/apps\/details?id=com.tenlogix.wall.street.money.exchange.bank.cashiergames","activeCreativeID":"1089","scenes":["12","1","8","6","15","2"],"campaignAdType":"Video","productId":"","purchaseBit":0,"licenseKey":""},{"campaignID":"1622","attribution":0,"priority":"5","appToPromote":{"appToPromoteID":"8668","usesDefaultFrameImage":"0","usesDefaultCloseImage":"0","marketURL":"https:\/\/play.google.com\/store\/apps\/details?id=com.tenlogix.wall.street.money.exchange.bank.cashiergames","packageID":"com.tenlogix.wall.street.money.exchange.bank.cashiergames"},"showTemplate":1,"s2s_tracking_url":"https:\/\/play.google.com\/store\/apps\/details?id=com.tenlogix.wall.street.money.exchange.bank.cashiergames","activeCreativeID":"1093","scenes":["12","1","8","6","15","2"],"campaignAdType":"Video","productId":"","purchaseBit":0,"licenseKey":""},{"campaignID":"1625","attribution":0,"priority":"5","appToPromote":{"appToPromoteID":"8651","usesDefaultFrameImage":"0","usesDefaultCloseImage":"0","marketURL":"https:\/\/play.google.com\/store\/apps\/details?id=com.ids.virtual.mom.babysitter.familygames","packageID":"com.ids.virtual.mom.babysitter.familygames"},"showTemplate":1,"s2s_tracking_url":"https:\/\/play.google.com\/store\/apps\/details?id=com.ids.virtual.mom.babysitter.familygames","activeCreativeID":"1095","scenes":["12","1","8","6","15","2"],"campaignAdType":"Video","productId":"","purchaseBit":0,"licenseKey":""},{"campaignID":"1653","attribution":0,"priority":"5","appToPromote":{"appToPromoteID":"8931","usesDefaultFrameImage":"0","usesDefaultCloseImage":"0","marketURL":"https:\/\/play.google.com\/store\/apps\/details?id=com.tenlogix.subway.cash.register.atm.cashiergames","packageID":"com.tenlogix.subway.cash.register.atm.cashiergames"},"showTemplate":1,"s2s_tracking_url":"https:\/\/play.google.com\/store\/apps\/details?id=com.tenlogix.subway.cash.register.atm.cashiergames","activeCreativeID":"1101","scenes":["12","1","8","6","15","2"],"campaignAdType":"Video","productId":"","purchaseBit":0,"licenseKey":""},{"campaignID":"1707","attribution":0,"priority":"5","appToPromote":{"appToPromoteID":"9201","usesDefaultFrameImage":"0","usesDefaultCloseImage":"0","marketURL":"https:\/\/play.google.com\/store\/apps\/details?id=com.ids.mexican.food.kitchen.story.cooking.games","packageID":"com.ids.mexican.food.kitchen.story.cooking.games"},"showTemplate":1,"s2s_tracking_url":"https:\/\/play.google.com\/store\/apps\/details?id=com.ids.mexican.food.kitchen.story.cooking.games","activeCreativeID":"1117","scenes":["12","1","8","6","15","2"],"campaignAdType":"Video","productId":"","purchaseBit":0,"licenseKey":""}],"refreshAdRate":30,"mode":"Production","aspectRatio":"4_3","cdnPath":"https:\/\/df8ymybeo92md.cloudfront.net\/images\/","sentry_log":0,"local_logging":0,"sentry_dsn":"https:\/\/93ffa1c9a4124f67b8888a53265f751a:bbf998e04584477fa9a145838e9d3b26@sentry.io\/168994","sentry_initialization":1,"sentry_debugging":0,"bannerSizes":["5"],"aspectRatioVideo":"16_9","app_id":"1722","showPreRewardedDialogue":0,"showPostRewardedDialogue":0,"rewardCurrency":"coins","rewardValue":0,"isSkipable":0,"privacyPolicyURL":"https:\/\/www.consoliads.com\/privacy-policy\/","sessionToken":"PzKwLTEVawwl6\/KFiZs2Gi4Jil8fUNDsInPjYBY0GizcawV21N0tLebQqMVq+FGs6IGSfUTR2YMdx8eRKByyX3wPsQyeZx+m1gQO27MXJ5u0xjGxoIymyldsz1\/EyiSkBnflyQoL6rGdYo\/XbLNScskZaSpeT\/X5gyoiGHrl6mM="}
Session token value is set

mode value is set

 Aspect ratio value is correct
sentry_log value is set
Session token value is set


{"appKey":"e2fa631706654f26f4092c2b79d6d8db","deviceID":"3545","stats":[{"campaignID":8732,"packageID":"com.wpl.us.army.shooting.training.school.game","sceneStats":[{"sceneID":"9","eventStats":"336,236,136,36,36,0,0"}]}],"sdkVersion":"2163","sessionToken":"9aDpuoCvrZqu8rgERr+XxsFcMTF4TJ6VsSKa6rSyNEsHqvGlpjDZ8ZsvgBnKBKQoLwXFx+b2hqf02T5qipgrRuND\/M3otuJ7RGZJKSJRhKXq4HLF7UPzf6hBG2R6Ymsz5KiZF\/cR3alC\/s5uaXO4cTlVKGnr80jktddYjeWeXkU="}
cache_ttl value is correct

Refresh Ad Rate value is correct
mode value is set

 Aspect ratio value is correct
sentry_log value is set
local_logging value is set
sentry_initialization value is set
sentry_debugging value is set
showPreRewardedDialogue value is set
showPostRewardedDialogue value is set
isSkipable value is set
{"cache_ttl":10080,"cache_ttl_rewarded":10080,"cache_ttl_banner":10080,"cache_ttl_native":10080,"cache_ttl_icon":10080,"campaigns":[{"campaignID":"9013","attribution":0,"priority":"5","appToPromote":{"appToPromoteID":"16967","usesDefaultFrameImage":"0","usesDefaultCloseImage":"0","marketURL":"https:\/\/play.google.com\/store\/apps\/details?id=com.wpl.modern.flying.atv.bike.taxi.driving","packageID":"com.wpl.modern.flying.atv.bike.taxi.driving"},"showTemplate":1,"s2s_tracking_url":"https:\/\/play.google.com\/store\/apps\/details?id=com.wpl.modern.flying.atv.bike.taxi.driving","activeCreativeID":"4377","scenes":["12","1","8","6","15","2"],"campaignAdType":"Icon","productId":"","purchaseBit":0,"licenseKey":""},{"campaignID":"9015","attribution":0,"priority":"5","appToPromote":{"appToPromoteID":"12413","usesDefaultFrameImage":"0","usesDefaultCloseImage":"0","marketURL":"https:\/\/play.google.com\/store\/apps\/details?id=com.rbgs.us.police.car.stunts2019","packageID":"com.rbgs.us.police.car.stunts2019"},"showTemplate":1,"s2s_tracking_url":"https:\/\/play.google.com\/store\/apps\/details?id=com.rbgs.us.police.car.stunts2019","activeCreativeID":"4379","scenes":["12","1","8","6","15","2"],"campaignAdType":"Interstitial","productId":"","purchaseBit":0,"licenseKey":""},{"campaignID":"422","attribution":0,"priority":"5","appToPromote":{"appToPromoteID":"3255","usesDefaultFrameImage":"0","usesDefaultCloseImage":"0","marketURL":"https:\/\/play.google.com\/store\/apps\/details?id=com.tzap.superdrift.car.racing2017","packageID":"com.tzap.superdrift.car.racing2017"},"showTemplate":1,"s2s_tracking_url":"https:\/\/play.google.com\/store\/apps\/details?id=com.tzap.superdrift.car.racing2017","activeCreativeID":"449","scenes":["12","1","8","6","15","2"],"campaignAdType":"Interstitial","productId":"","purchaseBit":0,"licenseKey":""},{"campaignID":"455","attribution":0,"priority":"5","appToPromote":{"appToPromoteID":"3422","usesDefaultFrameImage":"0","usesDefaultCloseImage":"0","marketURL":"https:\/\/play.google.com\/store\/apps\/details?id=com.wpl.raft.survival.island.escape.hero","packageID":"com.wpl.raft.survival.island.escape.hero"},"showTemplate":1,"s2s_tracking_url":"https:\/\/play.google.com\/store\/apps\/details?id=com.wpl.raft.survival.island.escape.hero","activeCreativeID":"501","scenes":["8"],"campaignAdType":"Interstitial","productId":"","purchaseBit":0,"licenseKey":""},{"campaignID":"480","attribution":0,"priority":"5","appToPromote":{"appToPromoteID":"3496","usesDefaultFrameImage":"0","usesDefaultCloseImage":"0","marketURL":"https:\/\/play.google.com\/store\/apps\/details?id=com.wpl.police.superhero.robotbike","packageID":"com.wpl.police.superhero.robotbike"},"showTemplate":1,"s2s_tracking_url":"https:\/\/play.google.com\/store\/apps\/details?id=com.wpl.police.superhero.robotbike","activeCreativeID":"539","scenes":["8"],"campaignAdType":"Interstitial","productId":"","purchaseBit":0,"licenseKey":""},{"campaignID":"497","attribution":0,"priority":"5","appToPromote":{"appToPromoteID":"3550","usesDefaultFrameImage":"0","usesDefaultCloseImage":"0","marketURL":"https:\/\/play.google.com\/store\/apps\/details?id=com.wpl.blocky.cops.policebicyclerider","packageID":"com.wpl.blocky.cops.policebicyclerider"},"showTemplate":1,"s2s_tracking_url":"https:\/\/play.google.com\/store\/apps\/details?id=com.wpl.blocky.cops.policebicyclerider","activeCreativeID":"560","scenes":["8"],"campaignAdType":"Interstitial","productId":"","purchaseBit":0,"licenseKey":""},{"campaignID":"505","attribution":0,"priority":"5","appToPromote":{"appToPromoteID":"3618","usesDefaultFrameImage":"0","usesDefaultCloseImage":"0","marketURL":"https:\/\/play.google.com\/store\/apps\/details?id=com.wpl.usatrucksimulator.parking2017","packageID":"com.wpl.usatrucksimulator.parking2017"},"showTemplate":1,"s2s_tracking_url":"https:\/\/play.google.com\/store\/apps\/details?id=com.wpl.usatrucksimulator.parking2017","activeCreativeID":"584","scenes":["8"],"campaignAdType":"Interstitial","productId":"","purchaseBit":0,"licenseKey":""},{"campaignID":"514","attribution":0,"priority":"5","appToPromote":{"appToPromoteID":"3713","usesDefaultFrameImage":"0","usesDefaultCloseImage":"0","marketURL":"https:\/\/play.google.com\/store\/apps\/details?id=com.wpl.superhero.monster.citybattle2017","packageID":"com.wpl.superhero.monster.citybattle2017"},"showTemplate":1,"s2s_tracking_url":"https:\/\/play.google.com\/store\/apps\/details?id=com.wpl.superhero.monster.citybattle2017","activeCreativeID":"593","scenes":["8"],"campaignAdType":"Interstitial","productId":"","purchaseBit":0,"licenseKey":""},{"campaignID":"532","attribution":0,"priority":"5","appToPromote":{"appToPromoteID":"3800","usesDefaultFrameImage":"0","usesDefaultCloseImage":"0","marketURL":"https:\/\/play.google.com\/store\/apps\/details?id=com.tzap.superhero.fidget.spinner","packageID":"com.tzap.superhero.fidget.spinner"},"showTemplate":1,"s2s_tracking_url":"https:\/\/play.google.com\/store\/apps\/details?id=com.tzap.superhero.fidget.spinner","activeCreativeID":"601","scenes":["6"],"campaignAdType":"Interstitial","productId":"","purchaseBit":0,"licenseKey":""},{"campaignID":"599","attribution":0,"priority":"5","appToPromote":{"appToPromoteID":"5354","usesDefaultFrameImage":"0","usesDefaultCloseImage":"0","marketURL":"https:\/\/play.google.com\/store\/apps\/details?id=com.wpl.gyroscopic.train.bus.driving.simulator","packageID":"com.wpl.gyroscopic.train.bus.driving.simulator"},"showTemplate":1,"s2s_tracking_url":"https:\/\/play.google.com\/store\/apps\/details?id=com.wpl.gyroscopic.train.bus.driving.simulator","activeCreativeID":"694","scenes":["6"],"campaignAdType":"Interstitial","productId":"","purchaseBit":0,"licenseKey":""},{"campaignID":"6243","attribution":0,"priority":"5","appToPromote":{"appToPromoteID":"11785","usesDefaultFrameImage":"0","usesDefaultCloseImage":"0","marketURL":"https:\/\/play.google.com\/store\/apps\/details?id=com.wpl.ultimate.car.racing.game","packageID":"com.wpl.ultimate.car.racing.game"},"showTemplate":1,"s2s_tracking_url":"https:\/\/play.google.com\/store\/apps\/details?id=com.wpl.ultimate.car.racing.game","activeCreativeID":"1358","scenes":["12","1","8","6","15","2"],"campaignAdType":"Video","productId":"","purchaseBit":0,"licenseKey":""},{"campaignID":"6295","attribution":0,"priority":"5","appToPromote":{"appToPromoteID":"12047","usesDefaultFrameImage":"0","usesDefaultCloseImage":"0","marketURL":"https:\/\/play.google.com\/store\/apps\/details?id=com.wpl.eat.street.taxi.driving.simulator","packageID":"com.wpl.eat.street.taxi.driving.simulator"},"showTemplate":1,"s2s_tracking_url":"https:\/\/play.google.com\/store\/apps\/details?id=com.wpl.eat.street.taxi.driving.simulator","activeCreativeID":"1415","scenes":["12","1","8","6","15","2"],"campaignAdType":"Video","productId":"","purchaseBit":0,"licenseKey":""},{"campaignID":"6346","attribution":0,"priority":"5","appToPromote":{"appToPromoteID":"12248","usesDefaultFrameImage":"0","usesDefaultCloseImage":"0","marketURL":"https:\/\/play.google.com\/store\/apps\/details?id=com.wpl.police.offroad.bus.driver.cop.prisoner.transport","packageID":"com.wpl.police.offroad.bus.driver.cop.prisoner.transport"},"showTemplate":1,"s2s_tracking_url":"https:\/\/play.google.com\/store\/apps\/details?id=com.wpl.police.offroad.bus.driver.cop.prisoner.transport","activeCreativeID":"1506","scenes":["12","1","8","6","15","2"],"campaignAdType":"Video","productId":"","purchaseBit":0,"licenseKey":""},{"campaignID":"6361","attribution":0,"priority":"5","appToPromote":{"appToPromoteID":"12248","usesDefaultFrameImage":"0","usesDefaultCloseImage":"0","marketURL":"https:\/\/play.google.com\/store\/apps\/details?id=com.wpl.police.offroad.bus.driver.cop.prisoner.transport","packageID":"com.wpl.police.offroad.bus.driver.cop.prisoner.transport"},"showTemplate":1,"s2s_tracking_url":"https:\/\/play.google.com\/store\/apps\/details?id=com.wpl.police.offroad.bus.driver.cop.prisoner.transport","activeCreativeID":"1506","scenes":["12","1","8","6","15","2"],"campaignAdType":"Video","productId":"","purchaseBit":0,"licenseKey":""},{"campaignID":"6374","attribution":0,"priority":"5","appToPromote":{"appToPromoteID":"12353","usesDefaultFrameImage":"0","usesDefaultCloseImage":"0","marketURL":"https:\/\/play.google.com\/store\/apps\/details?id=com.wpl.advance.car.driving.school.parking.games","packageID":"com.wpl.advance.car.driving.school.parking.games"},"showTemplate":1,"s2s_tracking_url":"https:\/\/play.google.com\/store\/apps\/details?id=com.wpl.advance.car.driving.school.parking.games","activeCreativeID":"1529","scenes":["12","1","8","6","15","2"],"campaignAdType":"Video","productId":"","purchaseBit":0,"licenseKey":""},{"campaignID":"6389","attribution":0,"priority":"5","appToPromote":{"appToPromoteID":"12415","usesDefaultFrameImage":"0","usesDefaultCloseImage":"0","marketURL":"https:\/\/play.google.com\/store\/apps\/details?id=com.wpl.jetski.stunts.extreme.water.sports.surfing","packageID":"com.wpl.jetski.stunts.extreme.water.sports.surfing"},"showTemplate":1,"s2s_tracking_url":"https:\/\/play.google.com\/store\/apps\/details?id=com.wpl.jetski.stunts.extreme.water.sports.surfing","activeCreativeID":"1538","scenes":["12","1","8","6","15","2"],"campaignAdType":"Video","productId":"","purchaseBit":0,"licenseKey":""},{"campaignID":"6390","attribution":0,"priority":"5","appToPromote":{"appToPromoteID":"12353","usesDefaultFrameImage":"0","usesDefaultCloseImage":"0","marketURL":"https:\/\/play.google.com\/store\/apps\/details?id=com.wpl.advance.car.driving.school.parking.games","packageID":"com.wpl.advance.car.driving.school.parking.games"},"showTemplate":1,"s2s_tracking_url":"https:\/\/play.google.com\/store\/apps\/details?id=com.wpl.advance.car.driving.school.parking.games","activeCreativeID":"1529","scenes":["12","1","8","6","15","2"],"campaignAdType":"Video","productId":"","purchaseBit":0,"licenseKey":""},{"campaignID":"6394","attribution":0,"priority":"5","appToPromote":{"appToPromoteID":"12248","usesDefaultFrameImage":"0","usesDefaultCloseImage":"0","marketURL":"https:\/\/play.google.com\/store\/apps\/details?id=com.wpl.police.offroad.bus.driver.cop.prisoner.transport","packageID":"com.wpl.police.offroad.bus.driver.cop.prisoner.transport"},"showTemplate":1,"s2s_tracking_url":"https:\/\/play.google.com\/store\/apps\/details?id=com.wpl.police.offroad.bus.driver.cop.prisoner.transport","activeCreativeID":"1506","scenes":["12","1","8","6","15","2"],"campaignAdType":"Video","productId":"","purchaseBit":0,"licenseKey":""},{"campaignID":"6395","attribution":0,"priority":"5","appToPromote":{"appToPromoteID":"12353","usesDefaultFrameImage":"0","usesDefaultCloseImage":"0","marketURL":"https:\/\/play.google.com\/store\/apps\/details?id=com.wpl.advance.car.driving.school.parking.games","packageID":"com.wpl.advance.car.driving.school.parking.games"},"showTemplate":1,"s2s_tracking_url":"https:\/\/play.google.com\/store\/apps\/details?id=com.wpl.advance.car.driving.school.parking.games","activeCreativeID":"1529","scenes":["12","1","8","6","15","2"],"campaignAdType":"Video","productId":"","purchaseBit":0,"licenseKey":""},{"campaignID":"6396","attribution":0,"priority":"5","appToPromote":{"appToPromoteID":"12415","usesDefaultFrameImage":"0","usesDefaultCloseImage":"0","marketURL":"https:\/\/play.google.com\/store\/apps\/details?id=com.wpl.jetski.stunts.extreme.water.sports.surfing","packageID":"com.wpl.jetski.stunts.extreme.water.sports.surfing"},"showTemplate":1,"s2s_tracking_url":"https:\/\/play.google.com\/store\/apps\/details?id=com.wpl.jetski.stunts.extreme.water.sports.surfing","activeCreativeID":"1538","scenes":["12","1","8","6","15","2"],"campaignAdType":"Video","productId":"","purchaseBit":0,"licenseKey":""},{"campaignID":"6399","attribution":0,"priority":"5","appToPromote":{"appToPromoteID":"12248","usesDefaultFrameImage":"0","usesDefaultCloseImage":"0","marketURL":"https:\/\/play.google.com\/store\/apps\/details?id=com.wpl.police.offroad.bus.driver.cop.prisoner.transport","packageID":"com.wpl.police.offroad.bus.driver.cop.prisoner.transport"},"showTemplate":1,"s2s_tracking_url":"https:\/\/play.google.com\/store\/apps\/details?id=com.wpl.police.offroad.bus.driver.cop.prisoner.transport","activeCreativeID":"1506","scenes":["12","1","8","6","15","2"],"campaignAdType":"Video","productId":"","purchaseBit":0,"licenseKey":""},{"campaignID":"6400","attribution":0,"priority":"5","appToPromote":{"appToPromoteID":"12353","usesDefaultFrameImage":"0","usesDefaultCloseImage":"0","marketURL":"https:\/\/play.google.com\/store\/apps\/details?id=com.wpl.advance.car.driving.school.parking.games","packageID":"com.wpl.advance.car.driving.school.parking.games"},"showTemplate":1,"s2s_tracking_url":"https:\/\/play.google.com\/store\/apps\/details?id=com.wpl.advance.car.driving.school.parking.games","activeCreativeID":"1529","scenes":["12","1","8","6","15","2"],"campaignAdType":"Video","productId":"","purchaseBit":0,"licenseKey":""},{"campaignID":"6401","attribution":0,"priority":"5","appToPromote":{"appToPromoteID":"12415","usesDefaultFrameImage":"0","usesDefaultCloseImage":"0","marketURL":"https:\/\/play.google.com\/store\/apps\/details?id=com.wpl.jetski.stunts.extreme.water.sports.surfing","packageID":"com.wpl.jetski.stunts.extreme.water.sports.surfing"},"showTemplate":1,"s2s_tracking_url":"https:\/\/play.google.com\/store\/apps\/details?id=com.wpl.jetski.stunts.extreme.water.sports.surfing","activeCreativeID":"1538","scenes":["12","1","8","6","15","2"],"campaignAdType":"Video","productId":"","purchaseBit":0,"licenseKey":""},{"campaignID":"6405","attribution":0,"priority":"5","appToPromote":{"appToPromoteID":"12469","usesDefaultFrameImage":"0","usesDefaultCloseImage":"0","marketURL":"https:\/\/play.google.com\/store\/apps\/details?id=com.wpl.real.gangster.motorbike.city.crime.simulator","packageID":"com.wpl.real.gangster.motorbike.city.crime.simulator"},"showTemplate":1,"s2s_tracking_url":"https:\/\/play.google.com\/store\/apps\/details?id=com.wpl.real.gangster.motorbike.city.crime.simulator","activeCreativeID":"1542","scenes":["12","1","8","6","15","2"],"campaignAdType":"Video","productId":"","purchaseBit":0,"licenseKey":""},{"campaignID":"6406","attribution":0,"priority":"5","appToPromote":{"appToPromoteID":"12248","usesDefaultFrameImage":"0","usesDefaultCloseImage":"0","marketURL":"https:\/\/play.google.com\/store\/apps\/details?id=com.wpl.police.offroad.bus.driver.cop.prisoner.transport","packageID":"com.wpl.police.offroad.bus.driver.cop.prisoner.transport"},"showTemplate":1,"s2s_tracking_url":"https:\/\/play.google.com\/store\/apps\/details?id=com.wpl.police.offroad.bus.driver.cop.prisoner.transport","activeCreativeID":"1506","scenes":["12","1","8","6","15","2"],"campaignAdType":"Video","productId":"","purchaseBit":0,"licenseKey":""}],"refreshAdRate":30,"mode":"Production","aspectRatio":"4_3","cdnPath":"https:\/\/df8ymybeo92md.cloudfront.net\/images\/","sentry_log":0,"local_logging":0,"sentry_dsn":"https:\/\/93ffa1c9a4124f67b8888a53265f751a:bbf998e04584477fa9a145838e9d3b26@sentry.io\/168994","sentry_initialization":1,"sentry_debugging":0,"bannerSizes":["5","1"],"aspectRatioVideo":"16_9","app_id":"1751","showPreRewardedDialogue":0,"showPostRewardedDialogue":0,"rewardCurrency":"coins","rewardValue":0,"isSkipable":0,"privacyPolicyURL":"https:\/\/www.consoliads.com\/privacy-policy\/","sessionToken":"R43gqovmceCQJKjzDhXSOipkC0tc2pf1hLlXCzkQZRQM8Vwt1yx9o6WuQNAeRD4aLEBmIrEmKhqv2q0iQcQmYYuana2bRU8lHkT3VUxfmWGwtKpYxK9BUny1nSn4OsS4nWpdm613F4\/BSCIUf+\/Cdve3tt6Hvn5fJHbjp6AH1a0="}
Session token value is set


{"appKey":"516703e326af9856e83f9f4223432c4b","deviceID":"8846","stats":[{"campaignID":104,"packageID":"com.whitesand.construction.crane.cargo.plane","sceneStats":[{"sceneID":"23","eventStats":"388,288,188,88,88,0,0"}]}],"sdkVersion":"39","sessionToken":"R43gqovmceCQJKjzDhXSOipkC0tc2pf1hLlXCzkQZRQM8Vwt1yx9o6WuQNAeRD4aLEBmIrEmKhqv2q0iQcQmYYuana2bRU8lHkT3VUxfmWGwtKpYxK9BUny1nSn4OsS4nWpdm613F4\/BSCIUf+\/Cdve3tt6Hvn5fJHbjp6AH1a0="}
cache_ttl value is correct

Refresh Ad Rate value is correct
mode value is set

 Aspect ratio value is correct
sentry_log value is set
local_logging value is set
sentry_initialization value is set
sentry_debugging value is set
showPreRewardedDialogue value is set
showPostRewardedDialogue value is set
isSkipable value is set
{"cache_ttl":10080,"cache_ttl_rewarded":10080,"cache_ttl_banner":10080,"cache_ttl_native":10080,"cache_ttl_icon":10080,"refreshAdRate":30,"mode":"Production","aspectRatio":"4_3","cdnPath":"https:\/\/df8ymybeo92md.cloudfront.net\/images\/","sentry_log":0,"local_logging":0,"sentry_dsn":"https:\/\/93ffa1c9a4124f67b8888a53265f751a:bbf998e04584477fa9a145838e9d3b26@sentry.io\/168994","sentry_initialization":1,"sentry_debugging":0,"bannerSizes":[],"aspectRatioVideo":"16_9","app_id":"1752","showPreRewardedDialogue":0,"showPostRewardedDialogue":0,"rewardCurrency":"coins","rewardValue":0,"isSkipable":0,"privacyPolicyURL":"https:\/\/www.consoliads.com\/privacy-policy\/","sessionToken":"jUtrpQ2ZXmYdmpJauEV\/gDnIm1ALr2zT0ldnerwdC1r76FlA52ur9F3czDSeZFkCnLcL9aj6zeGplU5A553TpZu1uApfGa\/8iHpCzlwmyVDLoZDW\/u+ETmCdwyHnoqQCCm4qWWDo7A5V1nm7kcQMSdA0VEFH7xChg5TFvBSyFJM="}
Session token value is set


{"appKey":"fd17f17f557e8305ce7ec87b54f27e59","deviceID":"3764","stats":[{"campaignID":86,"packageID":"com.vg.demolition.derby.extreme.car.stunts","sceneStats":[{"sceneID":"10","eventStats":"338,238,138,38,38,0,0"}]}],"sdkVersion":"2163","sessionToken":"jUtrpQ2ZXmYdmpJauEV\/gDnIm1ALr2zT0ldnerwdC1r76FlA52ur9F3czDSeZFkCnLcL9aj6zeGplU5A553TpZu1uApfGa\/8iHpCzlwmyVDLoZDW\/u+ETmCdwyHnoqQCCm4qWWDo7A5V1nm7kcQMSdA0VEFH7xChg5TFvBSyFJM="}
cache_ttl value is correct

Refresh Ad Rate value is correct
mode value is set

 Aspect ratio value is correct
sentry_log value is set
local_logging value is set
sentry_initialization value is set
sentry_debugging value is set
showPreRewardedDialogue value is set
showPostRewardedDialogue value is set
isSkipable value is set
{"cache_ttl":10080,"cache_ttl_rewarded":10080,"cache_ttl_banner":10080,"cache_ttl_native":10080,"cache_ttl_icon":10080,"campaigns":[{"campaignID":"9384","attribution":0,"priority":"5","appToPromote":{"appToPromoteID":"13185","usesDefaultFrameImage":"0","usesDefaultCloseImage":"0","marketURL":"https:\/\/play.google.com\/store\/apps\/details?id=com.gamesarena.flying.bike.tricks.stunts&amp;referrer=utm_source=42matters.com&amp;utm_medium=api","packageID":"com.gamesarena.flying.bike.tricks.stunts"},"showTemplate":1,"s2s_tracking_url":"https:\/\/play.google.com\/store\/apps\/details?id=com.gamesarena.flying.bike.tricks.stunts&amp;referrer=utm_source=42matters.com&amp;utm_medium=api","activeCreativeID":"4829","scenes":["12","1","8","6","15","2"],"campaignAdType":"Interstitial","productId":"","purchaseBit":0,"licenseKey":""},{"campaignID":"9386","attribution":0,"priority":"5","appToPromote":{"appToPromoteID":"17764","usesDefaultFrameImage":"0","usesDefaultCloseImage":"0","marketURL":"https:\/\/play.google.com\/store\/apps\/details?id=com.visiblebody.atlas&amp;referrer=utm_source=42matters.com&amp;utm_medium=api","packageID":"com.gamesarena..test6324"},"showTemplate":1,"s2s_tracking_url":"https:\/\/play.google.com\/store\/apps\/details?id=com.visiblebody.atlas&amp;referrer=utm_source=42matters.com&amp;utm_medium=api","activeCreativeID":"4828","scenes":["12","1","8","6","15","2"],"campaignAdType":"Interstitial","productId":"","purchaseBit":0,"licenseKey":""},{"campaignID":"9389","attribution":0,"priority":"5","appToPromote":{"appToPromoteID":"13185","usesDefaultFrameImage":"0","usesDefaultCloseImage":"0","marketURL":"https:\/\/play.google.com\/store\/apps\/details?id=com.gamesarena.flying.bike.tricks.stunts&amp;referrer=utm_source=42matters.com&amp;utm_medium=api","packageID":"com.gamesarena.flying.bike.tricks.stunts"},"showTemplate":1,"s2s_tracking_url":"https:\/\/play.google.com\/store\/apps\/details?id=com.gamesarena.flying.bike.tricks.stunts&amp;referrer=utm_source=42matters.com&amp;utm_medium=api","activeCreativeID":"4829","scenes":["12","1","8","6","15","2"],"campaignAdType":"Interstitial","productId":"","purchaseBit":0,"licenseKey":""},{"campaignID":"93","attribution":0,"priority":"5","appToPromote":{"appToPromoteID":"1860","usesDefaultFrameImage":"0","usesDefaultCloseImage":"0","marketURL":"https:\/\/play.google.com\/store\/apps\/details?id=com.gss.vendetta.subwaycrime.rescue.mission","packageID":"com.gss.vendetta.subwaycrime.rescue.mission"},"showTemplate":1,"s2s_tracking_url":"https:\/\/play.google.com\/store\/apps\/details?id=com.gss.vendetta.subwaycrime.rescue.mission","activeCreativeID":"117","scenes":["12","1","8","6","15","2"],"campaignAdType":"Interstitial","productId":"","purchaseBit":0,"licenseKey":""},{"campaignID":"94","attribution":0,"priority":"5","appToPromote":{"appToPromoteID":"1843","usesDefaultFrameImage":"0","usesDefaultCloseImage":"0","marketURL":"https:\/\/play.google.com\/store\/apps\/details?id=com.vg.secret.agent.mafia.gods.criminal.gang","packageID":"com.vg.secret.agent.mafia.gods.criminal.gang"},"showTemplate":1,"s2s_tracking_url":"https:\/\/play.google.com\/store\/apps\/details?id=com.vg.secret.agent.mafia.gods.criminal.gang","activeCreativeID":"120","scenes":["12","1","8","6","15","2"],"campaignAdType":"Interstitial","productId":"","purchaseBit":0,"licenseKey":""},{"campaignID":"98","attribution":0,"priority":"5","appToPromote":{"appToPromoteID":"1937","usesDefaultFrameImage":"0","usesDefaultCloseImage":"0","marketURL":"https:\/\/play.google.com\/store\/apps\/details?id=com.gss.offroad.policetransporttruck","packageID":"com.gss.offroad.policetransporttruck"},"showTemplate":1,"s2s_tracking_url":"https:\/\/play.google.com\/store\/apps\/details?id=com.gss.offroad.policetransporttruck","activeCreativeID":"124","scenes":["12","1","8","6","15","2"],"campaignAdType":"Interstitial","productId":"","purchaseBit":0,"licenseKey":""},{"campaignID":"111","attribution":0,"priority":"5","appToPromote":{"appToPromoteID":"1969","usesDefaultFrameImage":"0","usesDefaultCloseImage":"0","marketURL":"https:\/\/play.google.com\/store\/apps\/details?id=com.vg.moto.airplane.transporter.police.plane","packageID":"com.vg.moto.airplane.transporter.police.plane"},"showTemplate":1,"s2s_tracking_url":"https:\/\/play.google.com\/store\/apps\/details?id=com.vg.moto.airplane.transporter.police.plane","activeCreativeID":"143","scenes":["12","1","8","6","15","2"],"campaignAdType":"Interstitial","productId":"","purchaseBit":0,"licenseKey":""},{"campaignID":"112","attribution":0,"priority":"5","appToPromote":{"appToPromoteID":"1998","usesDefaultFrameImage":"0","usesDefaultCloseImage":"0","marketURL":"https:\/\/play.google.com\/store\/apps\/details?id=com.gss.citygangster.underworldempire.mafia.crime","packageID":"com.gss.citygangster.underworldempire.mafia.crime"},"showTemplate":1,"s2s_tracking_url":"https:\/\/play.google.com\/store\/apps\/details?id=com.gss.citygangster.underworldempire.mafia.crime","activeCreativeID":"146","scenes":["12","1","8","6","15","2"],"campaignAdType":"Interstitial","productId":"","purchaseBit":0,"licenseKey":""},{"campaignID":"114","attribution":0,"priority":"5","appToPromote":{"appToPromoteID":"2007","usesDefaultFrameImage":"0","usesDefaultCloseImage":"0","marketURL":"https:\/\/play.google.com\/store\/apps\/details?id=com.vg.police.secret.agent.crime.gang","packageID":"com.vg.police.secret.agent.crime.gang"},"showTemplate":1,"s2s_tracking_url":"https:\/\/play.google.com\/store\/apps\/details?id=com.vg.police.secret.agent.crime.gang","activeCreativeID":"148","scenes":["12","1","8","6","15","2"],"campaignAdType":"Interstitial","productId":"","purchaseBit":0,"licenseKey":""},{"campaignID":"115","attribution":0,"priority":"5","appToPromote":{"appToPromoteID":"2018","usesDefaultFrameImage":"0","usesDefaultCloseImage":"0","marketURL":"https:\/\/play.google.com\/store\/apps\/details?id=com.tgp.multistorey.car.transporter.truck","packageID":"com.tgp.multistorey.car.transporter.truck"},"showTemplate":1,"s2s_tracking_url":"https:\/\/play.google.com\/store\/apps\/details?id=com.tgp.multistorey.car.transporter.truck","activeCreativeID":"149","scenes":["12","1","8","6","15","2"],"campaignAdType":"Interstitial","productId":"","purchaseBit":0,"licenseKey":""},{"campaignID":"132","attribution":0,"priority":"5","appToPromote":{"appToPromoteID":"2109","usesDefaultFrameImage":"0","usesDefaultCloseImage":"0","marketURL":"https:\/\/play.google.com\/store\/apps\/details?id=com.gss.us.army.commando.survival","packageID":"com.gss.us.army.commando.survival"},"showTemplate":1,"s2s_tracking_url":"https:\/\/play.google.com\/store\/apps\/details?id=com.gss.us.army.commando.survival","activeCreativeID":"171","scenes":["12","1","8","6","15","2"],"campaignAdType":"Interstitial","productId":"","purchaseBit":0,"licenseKey":""},{"campaignID":"133","attribution":0,"priority":"5","appToPromote":{"appToPromoteID":"2118","usesDefaultFrameImage":"0","usesDefaultCloseImage":"0","marketURL":"https:\/\/play.google.com\/store\/apps\/details?id=com.vg.us.war.mafia.gang.vegas.crime","packageID":"com.vg.us.war.mafia.gang.vegas.crime"},"showTemplate":1,"s2s_tracking_url":"https:\/\/play.google.com\/store\/apps\/details?id=com.vg.us.war.mafia.gang.vegas.crime","activeCreativeID":"172","scenes":["12","1","8","6","15","2"],"campaignAdType":"Interstitial","productId":"","purchaseBit":0,"licenseKey":""},{"campaignID":"139","attribution":0,"priority":"5","appToPromote":{"appToPromoteID":"2150","usesDefaultFrameImage":"0","usesDefaultCloseImage":"0","marketURL":"https:\/\/play.google.com\/store\/apps\/details?id=com.gss.traffic.rush.crazy.bike.rider","packageID":"com.gss.traffic.rush.crazy.bike.rider"},"showTemplate":1,"s2s_tracking_url":"https:\/\/play.google.com\/store\/apps\/details?id=com.gss.traffic.rush.crazy.bike.rider","activeCreativeID":"179","scenes":["12","1","8","6","15","2"],"campaignAdType":"Interstitial","productId":"","purchaseBit":0,"licenseKey":""},{"campaignID":"142","attribution":0,"priority":"5","appToPromote":{"appToPromoteID":"2164","usesDefaultFrameImage":"0","usesDefaultCloseImage":"0","marketURL":"https:\/\/play.google.com\/store\/apps\/details?id=com.vg.police.demolition.derby.crash.racing","packageID":"com.vg.police.demolition.derby.crash.racing"},"showTemplate":1,"s2s_tracking_url":"https:\/\/play.google.com\/store\/apps\/details?id=com.vg.police.demolition.derby.crash.racing","activeCreativeID":"182","scenes":["12","1","8","6","15","2"],"campaignAdType":"Interstitial","productId":"","purchaseBit":0,"licenseKey":""},{"campaignID":"146","attribution":0,"priority":"5","appToPromote":{"appToPromoteID":"2225","usesDefaultFrameImage":"0","usesDefaultCloseImage":"0","marketURL":"https:\/\/play.google.com\/store\/apps\/details?id=com.gss.offroad.policebiketransport","packageID":"com.gss.offroad.policebiketransport"},"showTemplate":1,"s2s_tracking_url":"https:\/\/play.google.com\/store\/apps\/details?id=com.gss.offroad.policebiketransport","activeCreativeID":"187","scenes":["12","1","8","6","15","2"],"campaignAdType":"Interstitial","productId":"","purchaseBit":0,"licenseKey":""},{"campaignID":"149","attribution":0,"priority":"5","appToPromote":{"appToPromoteID":"2224","usesDefaultFrameImage":"0","usesDefaultCloseImage":"0","marketURL":"https:\/\/play.google.com\/store\/apps\/details?id=com.vg.mega.city.construction.building.sim","packageID":"com.vg.mega.city.construction.building.sim"},"showTemplate":1,"s2s_tracking_url":"https:\/\/play.google.com\/store\/apps\/details?id=com.vg.mega.city.construction.building.sim","activeCreativeID":"191","scenes":["12","1","8","6","15","2"],"campaignAdType":"Interstitial","productId":"","purchaseBit":0,"licenseKey":""},{"campaignID":"150","attribution":0,"priority":"5","appToPromote":{"appToPromoteID":"2224","usesDefaultFrameImage":"0","usesDefaultCloseImage":"0","marketURL":"https:\/\/play.google.com\/store\/apps\/details?id=com.vg.mega.city.construction.building.sim","packageID":"com.vg.mega.city.construction.building.sim"},"showTemplate":1,"s2s_tracking_url":"https:\/\/play.google.com\/store\/apps\/details?id=com.vg.mega.city.construction.building.sim","activeCreativeID":"191","scenes":["12","1","8","6","15","2"],"campaignAdType":"Interstitial","productId":"","purchaseBit":0,"licenseKey":""},{"campaignID":"152","attribution":0,"priority":"5","appToPromote":{"appToPromoteID":"1348","usesDefaultFrameImage":"0","usesDefaultCloseImage":"0","marketURL":"https:\/\/play.google.com\/store\/apps\/details?id=com.gss.police.sniper.prison.gaurd","packageID":"com.gss.police.sniper.prison.gaurd"},"showTemplate":1,"s2s_tracking_url":"https:\/\/play.google.com\/store\/apps\/details?id=com.gss.police.sniper.prison.gaurd","activeCreativeID":"192","scenes":["12","1","8","6","15","2"],"campaignAdType":"Interstitial","productId":"","purchaseBit":0,"licenseKey":""},{"campaignID":"155","attribution":0,"priority":"5","appToPromote":{"appToPromoteID":"2226","usesDefaultFrameImage":"0","usesDefaultCloseImage":"0","marketURL":"https:\/\/play.google.com\/store\/apps\/details?id=com.gss.garage.workshop.carmehanic","packageID":"com.gss.garage.workshop.carmehanic"},"showTemplate":1,"s2s_tracking_url":"https:\/\/play.google.com\/store\/apps\/details?id=com.gss.garage.workshop.carmehanic","activeCreativeID":"197","scenes":["12","1","8","6","15","2"],"campaignAdType":"Interstitial","productId":"","purchaseBit":0,"licenseKey":""},{"campaignID":"156","attribution":0,"priority":"5","appToPromote":{"appToPromoteID":"2227","usesDefaultFrameImage":"0","usesDefaultCloseImage":"0","marketURL":"https:\/\/play.google.com\/store\/apps\/details?id=com.tgp.offroad.extreme.multi.cargotruck","packageID":"com.tgp.offroad.extreme.multi.cargotruck"},"showTemplate":1,"s2s_tracking_url":"https:\/\/play.google.com\/store\/apps\/details?id=com.tgp.offroad.extreme.multi.cargotruck","activeCreativeID":"198","scenes":["12","1","8","6","15","2"],"campaignAdType":"Interstitial","productId":"","purchaseBit":0,"licenseKey":""},{"campaignID":"158","attribution":0,"priority":"5","appToPromote":{"appToPromoteID":"2223","usesDefaultFrameImage":"0","usesDefaultCloseImage":"0","marketURL":"https:\/\/play.google.com\/store\/apps\/details?id=com.vg.counter.mafia.squad.army.training","packageID":"com.vg.counter.mafia.squad.army.training"},"showTemplate":1,"s2s_tracking_url":"https:\/\/play.google.com\/store\/apps\/details?id=com.vg.counter.mafia.squad.army.training","activeCreativeID":"204","scenes":["12","1","8","6","15","2"],"campaignAdType":"Interstitial","productId":"","purchaseBit":0,"licenseKey":""},{"campaignID":"162","attribution":0,"priority":"5","appToPromote":{"appToPromoteID":"2268","usesDefaultFrameImage":"0","usesDefaultCloseImage":"0","marketURL":"https:\/\/play.google.com\/store\/apps\/details?id=com.vg.prisoner.escape.survival.hero","packageID":"com.vg.prisoner.escape.survival.hero"},"showTemplate":1,"s2s_tracking_url":"https:\/\/play.google.com\/store\/apps\/details?id=com.vg.prisoner.escape.survival.hero","activeCreativeID":"206","scenes":["12","1","8","6","15","2"],"campaignAdType":"Interstitial","productId":"","purchaseBit":0,"licenseKey":""},{"campaignID":"163","attribution":0,"priority":"5","appToPromote":{"appToPromoteID":"2349","usesDefaultFrameImage":"0","usesDefaultCloseImage":"0","marketURL":"https:\/\/play.google.com\/store\/apps\/details?id=com.gss.city.war.survival.robothero","packageID":"com.gss.city.war.survival.robothero"},"showTemplate":1,"s2s_tracking_url":"https:\/\/play.google.com\/store\/apps\/details?id=com.gss.city.war.survival.robothero","activeCreativeID":"207","scenes":["12","1","8","6","15","2"],"campaignAdType":"Interstitial","productId":"","purchaseBit":0,"licenseKey":""},{"campaignID":"164","attribution":0,"priority":"5","appToPromote":{"appToPromoteID":"2350","usesDefaultFrameImage":"0","usesDefaultCloseImage":"0","marketURL":"https:\/\/play.google.com\/store\/apps\/details?id=com.tgp.car.robot.transport.truck","packageID":"com.tgp.car.robot.transport.truck"},"showTemplate":1,"s2s_tracking_url":"https:\/\/play.google.com\/store\/apps\/details?id=com.tgp.car.robot.transport.truck","activeCreativeID":"211","scenes":["12","1","8","6","15","2"],"campaignAdType":"Interstitial","productId":"","purchaseBit":0,"licenseKey":""},{"campaignID":"166","attribution":0,"priority":"5","appToPromote":{"appToPromoteID":"2273","usesDefaultFrameImage":"0","usesDefaultCloseImage":"0","marketURL":"https:\/\/play.google.com\/store\/apps\/details?id=com.gss.police.automechanic.repair.workshop","packageID":"com.gss.police.automechanic.repair.workshop"},"showTemplate":1,"s2s_tracking_url":"https:\/\/play.google.com\/store\/apps\/details?id=com.gss.police.automechanic.repair.workshop","activeCreativeID":"217","scenes":["12","1","8","6","15","2"],"campaignAdType":"Interstitial","productId":"","purchaseBit":0,"licenseKey":""}],"refreshAdRate":30,"mode":"Production","aspectRatio":"4_3","cdnPath":"https:\/\/df8ymybeo92md.cloudfront.net\/images\/","sentry_log":0,"local_logging":0,"sentry_dsn":"https:\/\/93ffa1c9a4124f67b8888a53265f751a:bbf998e04584477fa9a145838e9d3b26@sentry.io\/168994","sentry_initialization":1,"sentry_debugging":0,"bannerSizes":["1"],"aspectRatioVideo":"16_9","app_id":"1823","showPreRewardedDialogue":0,"showPostRewardedDialogue":0,"rewardCurrency":"coins","rewardValue":0,"isSkipable":1,"privacyPolicyURL":"https:\/\/www.consoliads.com\/privacy-policy\/","sessionToken":"gwKx\/lBsj9\/ZQoUQbnEYtEFR7lMd4FNV1dNLBo63s0n0g3gBPppabdU58zZItcLGXNP1QcirkMyfQjRAW+mXefkRNND5XpNR2dDk42FrlCLX8OUa0BPsCPrQpqGldUmSnzL8066zuczHqRxwXT0AwuctcLFyi+y3bEgik2Tmq0c="}
Session token value is set


{"appKey":"a3fd0355e69506375fb1411dd7b6a600","deviceID":"2412","stats":[{"campaignID":85,"packageID":"com.gss.offroad.uphill.extremetruckdriver","sceneStats":[{"sceneID":"7","eventStats":"324,224,124,24,24,0,0"}]}],"sdkVersion":"39","sessionToken":"gwKx\/lBsj9\/ZQoUQbnEYtEFR7lMd4FNV1dNLBo63s0n0g3gBPppabdU58zZItcLGXNP1QcirkMyfQjRAW+mXefkRNND5XpNR2dDk42FrlCLX8OUa0BPsCPrQpqGldUmSnzL8066zuczHqRxwXT0AwuctcLFyi+y3bEgik2Tmq0c="}
cache_ttl value is correct

Refresh Ad Rate value is correct
mode value is set

 Aspect ratio value is correct
sentry_log value is set
local_logging value is set
sentry_initialization value is set
sentry_debugging value is set
showPreRewardedDialogue value is set
showPostRewardedDialogue value is set
isSkipable value is set
{"cache_ttl":10080,"cache_ttl_rewarded":10080,"cache_ttl_banner":10080,"cache_ttl_native":10080,"cache_ttl_icon":10080,"campaigns":[{"campaignID":"9384","attribution":0,"priority":"5","appToPromote":{"appToPromoteID":"13185","usesDefaultFrameImage":"0","usesDefaultCloseImage":"0","marketURL":"https:\/\/play.google.com\/store\/apps\/details?id=com.gamesarena.flying.bike.tricks.stunts&amp;referrer=utm_source=42matters.com&amp;utm_medium=api","packageID":"com.gamesarena.flying.bike.tricks.stunts"},"showTemplate":1,"s2s_tracking_url":"https:\/\/play.google.com\/store\/apps\/details?id=com.gamesarena.flying.bike.tricks.stunts&amp;referrer=utm_source=42matters.com&amp;utm_medium=api","activeCreativeID":"4829","scenes":["12","1","8","6","15","2"],"campaignAdType":"Interstitial","productId":"","purchaseBit":0,"licenseKey":""},{"campaignID":"9386","attribution":0,"priority":"5","appToPromote":{"appToPromoteID":"17764","usesDefaultFrameImage":"0","usesDefaultCloseImage":"0","marketURL":"https:\/\/play.google.com\/store\/apps\/details?id=com.visiblebody.atlas&amp;referrer=utm_source=42matters.com&amp;utm_medium=api","packageID":"com.gamesarena..test6324"},"showTemplate":1,"s2s_tracking_url":"https:\/\/play.google.com\/store\/apps\/details?id=com.visiblebody.atlas&amp;referrer=utm_source=42matters.com&amp;utm_medium=api","activeCreativeID":"4828","scenes":["12","1","8","6","15","2"],"campaignAdType":"Interstitial","productId":"","purchaseBit":0,"licenseKey":""},{"campaignID":"9389","attribution":0,"priority":"5","appToPromote":{"appToPromoteID":"13185","usesDefaultFrameImage":"0","usesDefaultCloseImage":"0","marketURL":"https:\/\/play.google.com\/store\/apps\/details?id=com.gamesarena.flying.bike.tricks.stunts&amp;referrer=utm_source=42matters.com&amp;utm_medium=api","packageID":"com.gamesarena.flying.bike.tricks.stunts"},"showTemplate":1,"s2s_tracking_url":"https:\/\/play.google.com\/store\/apps\/details?id=com.gamesarena.flying.bike.tricks.stunts&amp;referrer=utm_source=42matters.com&amp;utm_medium=api","activeCreativeID":"4829","scenes":["12","1","8","6","15","2"],"campaignAdType":"Interstitial","productId":"","purchaseBit":0,"licenseKey":""},{"campaignID":"9710","attribution":0,"priority":"5","appToPromote":{"appToPromoteID":"11385","usesDefaultFrameImage":"0","usesDefaultCloseImage":"0","marketURL":"https:\/\/play.google.com\/store\/apps\/details?id=com.play.io.car.mechanic.auto.repair.workshop","packageID":"com.play.io.car.mechanic.auto.repair.workshop"},"showTemplate":1,"s2s_tracking_url":"https:\/\/play.google.com\/store\/apps\/details?id=com.play.io.car.mechanic.auto.repair.workshop","activeCreativeID":"1309","scenes":["12","1","8","6","15","2"],"campaignAdType":"Video","productId":"","purchaseBit":0,"licenseKey":""},{"campaignID":"98","attribution":0,"priority":"5","appToPromote":{"appToPromoteID":"1937","usesDefaultFrameImage":"0","usesDefaultCloseImage":"0","marketURL":"https:\/\/play.google.com\/store\/apps\/details?id=com.gss.offroad.policetransporttruck","packageID":"com.gss.offroad.policetransporttruck"},"showTemplate":1,"s2s_tracking_url":"https:\/\/play.google.com\/store\/apps\/details?id=com.gss.offroad.policetransporttruck","activeCreativeID":"124","scenes":["12","1","8","6","15","2"],"campaignAdType":"Interstitial","productId":"","purchaseBit":0,"licenseKey":""},{"campaignID":"111","attribution":0,"priority":"5","appToPromote":{"appToPromoteID":"1969","usesDefaultFrameImage":"0","usesDefaultCloseImage":"0","marketURL":"https:\/\/play.google.com\/store\/apps\/details?id=com.vg.moto.airplane.transporter.police.plane","packageID":"com.vg.moto.airplane.transporter.police.plane"},"showTemplate":1,"s2s_tracking_url":"https:\/\/play.google.com\/store\/apps\/details?id=com.vg.moto.airplane.transporter.police.plane","activeCreativeID":"143","scenes":["12","1","8","6","15","2"],"campaignAdType":"Interstitial","productId":"","purchaseBit":0,"licenseKey":""},{"campaignID":"115","attribution":0,"priority":"5","appToPromote":{"appToPromoteID":"2018","usesDefaultFrameImage":"0","usesDefaultCloseImage":"0","marketURL":"https:\/\/play.google.com\/store\/apps\/details?id=com.tgp.multistorey.car.transporter.truck","packageID":"com.tgp.multistorey.car.transporter.truck"},"showTemplate":1,"s2s_tracking_url":"https:\/\/play.google.com\/store\/apps\/details?id=com.tgp.multistorey.car.transporter.truck","activeCreativeID":"149","scenes":["12","1","8","6","15","2"],"campaignAdType":"Interstitial","productId":"","purchaseBit":0,"licenseKey":""},{"campaignID":"139","attribution":0,"priority":"5","appToPromote":{"appToPromoteID":"2150","usesDefaultFrameImage":"0","usesDefaultCloseImage":"0","marketURL":"https:\/\/play.google.com\/store\/apps\/details?id=com.gss.traffic.rush.crazy.bike.rider","packageID":"com.gss.traffic.rush.crazy.bike.rider"},"showTemplate":1,"s2s_tracking_url":"https:\/\/play.google.com\/store\/apps\/details?id=com.gss.traffic.rush.crazy.bike.rider","activeCreativeID":"179","scenes":["12","1","8","6","15","2"],"campaignAdType":"Interstitial","productId":"","purchaseBit":0,"licenseKey":""},{"campaignID":"142","attribution":0,"priority":"5","appToPromote":{"appToPromoteID":"2164","usesDefaultFrameImage":"0","usesDefaultCloseImage":"0","marketURL":"https:\/\/play.google.com\/store\/apps\/details?id=com.vg.police.demolition.derby.crash.racing","packageID":"com.vg.police.demolition.derby.crash.racing"},"showTemplate":1,"s2s_tracking_url":"https:\/\/play.google.com\/store\/apps\/details?id=com.vg.police.demolition.derby.crash.racing","activeCreativeID":"182","scenes":["12","1","8","6","15","2"],"campaignAdType":"Interstitial","productId":"","purchaseBit":0,"licenseKey":""},{"campaignID":"146","attribution":0,"priority":"5","appToPromote":{"appToPromoteID":"2225","usesDefaultFrameImage":"0","usesDefaultCloseImage":"0","marketURL":"https:\/\/play.google.com\/store\/apps\/details?id=com.gss.offroad.policebiketransport","packageID":"com.gss.offroad.policebiketransport"},"showTemplate":1,"s2s_tracking_url":"https:\/\/play.google.com\/store\/apps\/details?id=com.gss.offroad.policebiketransport","activeCreativeID":"187","scenes":["12","1","8","6","15","2"],"campaignAdType":"Interstitial","productId":"","purchaseBit":0,"licenseKey":""},{"campaignID":"149","attribution":0,"priority":"5","appToPromote":{"appToPromoteID":"2224","usesDefaultFrameImage":"0","usesDefaultCloseImage":"0","marketURL":"https:\/\/play.google.com\/store\/apps\/details?id=com.vg.mega.city.construction.building.sim","packageID":"com.vg.mega.city.construction.building.sim"},"showTemplate":1,"s2s_tracking_url":"https:\/\/play.google.com\/store\/apps\/details?id=com.vg.mega.city.construction.building.sim","activeCreativeID":"191","scenes":["12","1","8","6","15","2"],"campaignAdType":"Interstitial","productId":"","purchaseBit":0,"licenseKey":""},{"campaignID":"150","attribution":0,"priority":"5","appToPromote":{"appToPromoteID":"2224","usesDefaultFrameImage":"0","usesDefaultCloseImage":"0","marketURL":"https:\/\/play.google.com\/store\/apps\/details?id=com.vg.mega.city.construction.building.sim","packageID":"com.vg.mega.city.construction.building.sim"},"showTemplate":1,"s2s_tracking_url":"https:\/\/play.google.com\/store\/apps\/details?id=com.vg.mega.city.construction.building.sim","activeCreativeID":"191","scenes":["12","1","8","6","15","2"],"campaignAdType":"Interstitial","productId":"","purchaseBit":0,"licenseKey":""},{"campaignID":"155","attribution":0,"priority":"5","appToPromote":{"appToPromoteID":"2226","usesDefaultFrameImage":"0","usesDefaultCloseImage":"0","marketURL":"https:\/\/play.google.com\/store\/apps\/details?id=com.gss.garage.workshop.carmehanic","packageID":"com.gss.garage.workshop.carmehanic"},"showTemplate":1,"s2s_tracking_url":"https:\/\/play.google.com\/store\/apps\/details?id=com.gss.garage.workshop.carmehanic","activeCreativeID":"197","scenes":["12","1","8","6","15","2"],"campaignAdType":"Interstitial","productId":"","purchaseBit":0,"licenseKey":""},{"campaignID":"156","attribution":0,"priority":"5","appToPromote":{"appToPromoteID":"2227","usesDefaultFrameImage":"0","usesDefaultCloseImage":"0","marketURL":"https:\/\/play.google.com\/store\/apps\/details?id=com.tgp.offroad.extreme.multi.cargotruck","packageID":"com.tgp.offroad.extreme.multi.cargotruck"},"showTemplate":1,"s2s_tracking_url":"https:\/\/play.google.com\/store\/apps\/details?id=com.tgp.offroad.extreme.multi.cargotruck","activeCreativeID":"198","scenes":["12","1","8","6","15","2"],"campaignAdType":"Interstitial","productId":"","purchaseBit":0,"licenseKey":""},{"campaignID":"163","attribution":0,"priority":"5","appToPromote":{"appToPromoteID":"2349","usesDefaultFrameImage":"0","usesDefaultCloseImage":"0","marketURL":"https:\/\/play.google.com\/store\/apps\/details?id=com.gss.city.war.survival.robothero","packageID":"com.gss.city.war.survival.robothero"},"showTemplate":1,"s2s_tracking_url":"https:\/\/play.google.com\/store\/apps\/details?id=com.gss.city.war.survival.robothero","activeCreativeID":"207","scenes":["12","1","8","6","15","2"],"campaignAdType":"Interstitial","productId":"","purchaseBit":0,"licenseKey":""},{"campaignID":"164","attribution":0,"priority":"5","appToPromote":{"appToPromoteID":"2350","usesDefaultFrameImage":"0","usesDefaultCloseImage":"0","marketURL":"https:\/\/play.google.com\/store\/apps\/details?id=com.tgp.car.robot.transport.truck","packageID":"com.tgp.car.robot.transport.truck"},"showTemplate":1,"s2s_tracking_url":"https:\/\/play.google.com\/store\/apps\/details?id=com.tgp.car.robot.transport.truck","activeCreativeID":"211","scenes":["12","1","8","6","15","2"],"campaignAdType":"Interstitial","productId":"","purchaseBit":0,"licenseKey":""},{"campaignID":"166","attribution":0,"priority":"5","appToPromote":{"appToPromoteID":"2273","usesDefaultFrameImage":"0","usesDefaultCloseImage":"0","marketURL":"https:\/\/play.google.com\/store\/apps\/details?id=com.gss.police.automechanic.repair.workshop","packageID":"com.gss.police.automechanic.repair.workshop"},"showTemplate":1,"s2s_tracking_url":"https:\/\/play.google.com\/store\/apps\/details?id=com.gss.police.automechanic.repair.workshop","activeCreativeID":"217","scenes":["12","1","8","6","15","2"],"campaignAdType":"Interstitial","productId":"","purchaseBit":0,"licenseKey":""},{"campaignID":"167","attribution":0,"priority":"5","appToPromote":{"appToPromoteID":"2348","usesDefaultFrameImage":"0","usesDefaultCloseImage":"0","marketURL":"https:\/\/play.google.com\/store\/apps\/details?id=com.vg.rollercoaster.crazy.tycoon.tour","packageID":"com.vg.rollercoaster.crazy.tycoon.tour"},"showTemplate":1,"s2s_tracking_url":"https:\/\/play.google.com\/store\/apps\/details?id=com.vg.rollercoaster.crazy.tycoon.tour","activeCreativeID":"218","scenes":["12","1","8","6","15","2"],"campaignAdType":"Interstitial","productId":"","purchaseBit":0,"licenseKey":""},{"campaignID":"214","attribution":0,"priority":"5","appToPromote":{"appToPromoteID":"2613","usesDefaultFrameImage":"0","usesDefaultCloseImage":"0","marketURL":"https:\/\/play.google.com\/store\/apps\/details?id=com.gss.robot.bike.transport.truck","packageID":"com.gss.robot.bike.transport.truck"},"showTemplate":1,"s2s_tracking_url":"https:\/\/play.google.com\/store\/apps\/details?id=com.gss.robot.bike.transport.truck","activeCreativeID":"295","scenes":["12","1","8","6","15","2"],"campaignAdType":"Interstitial","productId":"","purchaseBit":0,"licenseKey":""},{"campaignID":"303","attribution":0,"priority":"5","appToPromote":{"appToPromoteID":"2642","usesDefaultFrameImage":"0","usesDefaultCloseImage":"0","marketURL":"https:\/\/play.google.com\/store\/apps\/details?id=com.tgp.offroad.robot.transport.truck","packageID":"com.tgp.offroad.robot.transport.truck"},"showTemplate":1,"s2s_tracking_url":"https:\/\/play.google.com\/store\/apps\/details?id=com.tgp.offroad.robot.transport.truck","activeCreativeID":"310","scenes":["12","1","8","6","15","2"],"campaignAdType":"Interstitial","productId":"","purchaseBit":0,"licenseKey":""},{"campaignID":"358","attribution":0,"priority":"5","appToPromote":{"appToPromoteID":"2917","usesDefaultFrameImage":"0","usesDefaultCloseImage":"0","marketURL":"https:\/\/play.google.com\/store\/apps\/details?id=com.gamefeast.touristbus.highway.driver.sim","packageID":"com.gamefeast.touristbus.highway.driver.sim"},"showTemplate":1,"s2s_tracking_url":"https:\/\/play.google.com\/store\/apps\/details?id=com.gamefeast.touristbus.highway.driver.sim","activeCreativeID":"377","scenes":["12","1","8","6","15","2"],"campaignAdType":"Interstitial","productId":"","purchaseBit":0,"licenseKey":""},{"campaignID":"370","attribution":0,"priority":"5","appToPromote":{"appToPromoteID":"3065","usesDefaultFrameImage":"0","usesDefaultCloseImage":"0","marketURL":"https:\/\/play.google.com\/store\/apps\/details?id=com.gss.raft.survival.island.escape","packageID":"com.gss.raft.survival.island.escape"},"showTemplate":1,"s2s_tracking_url":"https:\/\/play.google.com\/store\/apps\/details?id=com.gss.raft.survival.island.escape","activeCreativeID":"391","scenes":["12","1","8","6","15","2"],"campaignAdType":"Interstitial","productId":"","purchaseBit":0,"licenseKey":""},{"campaignID":"371","attribution":0,"priority":"5","appToPromote":{"appToPromoteID":"3117","usesDefaultFrameImage":"0","usesDefaultCloseImage":"0","marketURL":"https:\/\/play.google.com\/store\/apps\/details?id=com.vg.fast.car.driver.furiousracing","packageID":"com.vg.fast.car.driver.furiousracing"},"showTemplate":1,"s2s_tracking_url":"https:\/\/play.google.com\/store\/apps\/details?id=com.vg.fast.car.driver.furiousracing","activeCreativeID":"392","scenes":["12","1","8","6","15","2"],"campaignAdType":"Interstitial","productId":"","purchaseBit":0,"licenseKey":""},{"campaignID":"372","attribution":0,"priority":"5","appToPromote":{"appToPromoteID":"2938","usesDefaultFrameImage":"0","usesDefaultCloseImage":"0","marketURL":"https:\/\/play.google.com\/store\/apps\/details?id=com.tgp.offroad.us.army.transport","packageID":"com.tgp.offroad.us.army.transport"},"showTemplate":1,"s2s_tracking_url":"https:\/\/play.google.com\/store\/apps\/details?id=com.tgp.offroad.us.army.transport","activeCreativeID":"393","scenes":["12","1","8","6","15","2"],"campaignAdType":"Interstitial","productId":"","purchaseBit":0,"licenseKey":""},{"campaignID":"396","attribution":0,"priority":"5","appToPromote":{"appToPromoteID":"3019","usesDefaultFrameImage":"0","usesDefaultCloseImage":"0","marketURL":"https:\/\/play.google.com\/store\/apps\/details?id=com.gss.robot.car.transport.truck","packageID":"com.gss.robot.car.transport.truck"},"showTemplate":1,"s2s_tracking_url":"https:\/\/play.google.com\/store\/apps\/details?id=com.gss.robot.car.transport.truck","activeCreativeID":"420","scenes":["12","1","8","6","15","2"],"campaignAdType":"Interstitial","productId":"","purchaseBit":0,"licenseKey":""}],"refreshAdRate":30,"mode":"Production","aspectRatio":"4_3","cdnPath":"https:\/\/df8ymybeo92md.cloudfront.net\/images\/","sentry_log":0,"local_logging":0,"sentry_dsn":"https:\/\/93ffa1c9a4124f67b8888a53265f751a:bbf998e04584477fa9a145838e9d3b26@sentry.io\/168994","sentry_initialization":1,"sentry_debugging":0,"bannerSizes":["5"],"aspectRatioVideo":"16_9","app_id":"1830","showPreRewardedDialogue":0,"showPostRewardedDialogue":0,"rewardCurrency":"coins","rewardValue":0,"isSkipable":0,"privacyPolicyURL":"https:\/\/www.consoliads.com\/privacy-policy\/","sessionToken":"o7cG69zlfQVyOA+2xibzNYkzl06ciSVJovI\/b4LkyZhf1umUb1Z6DAe+rE6rHbUpuP1GzBCY3cV5RwY0h9FnoZ4odXM+SmdG7mBQ4JenLDIsSf+M4SXQUzJrwWk\/9wMibZIqUc7afaRD72EYNq4dM6KOgqydPx6TWwGtqYODEdA="}
Session token value is set


{"appKey":"01cc5c461d53ae065213c5cd8caabc4f","deviceID":"7713","stats":[{"campaignID":110,"packageID":"com.mizo.police.airplane.transporter","sceneStats":[{"sceneID":"20","eventStats":"377,277,177,77,77,0,0"}]}],"sdkVersion":"2151","sessionToken":"o7cG69zlfQVyOA+2xibzNYkzl06ciSVJovI\/b4LkyZhf1umUb1Z6DAe+rE6rHbUpuP1GzBCY3cV5RwY0h9FnoZ4odXM+SmdG7mBQ4JenLDIsSf+M4SXQUzJrwWk\/9wMibZIqUc7afaRD72EYNq4dM6KOgqydPx6TWwGtqYODEdA="}
cache_ttl value is correct

Refresh Ad Rate value is correct
mode value is set

 Aspect ratio value is correct
sentry_log value is set
local_logging value is set
sentry_initialization value is set
sentry_debugging value is set
showPreRewardedDialogue value is set
showPostRewardedDialogue value is set
isSkipable value is set
{"cache_ttl":10080,"cache_ttl_rewarded":10080,"cache_ttl_banner":10080,"cache_ttl_native":10080,"cache_ttl_icon":10080,"campaigns":[{"campaignID":"9277","attribution_link":"","attribution":1,"priority":"5","appToPromote":{"appToPromoteID":"17609","usesDefaultFrameImage":"0","usesDefaultCloseImage":"0","marketURL":"https:\/\/smartbear.com\/learn\/automated-testing\/test-automation-frameworks\/","packageID":"com.buntoo.buntooAd"},"showTemplate":1,"s2s_tracking_url":"","activeCreativeID":"4702","scenes":["1","2","6","4","5","15"],"campaignAdType":"Interstitial","productId":"","purchaseBit":0,"licenseKey":""},{"campaignID":"9278","attribution":0,"priority":"5","appToPromote":{"appToPromoteID":"17609","usesDefaultFrameImage":"0","usesDefaultCloseImage":"0","marketURL":"https:\/\/smartbear.com\/learn\/automated-testing\/test-automation-frameworks\/","packageID":"com.buntoo.buntooAd"},"showTemplate":1,"s2s_tracking_url":"https:\/\/smartbear.com\/learn\/automated-testing\/test-automation-frameworks\/","activeCreativeID":"4701","scenes":["1","2","6","4","5","15"],"campaignAdType":"Interstitial","productId":"","purchaseBit":0,"licenseKey":""},{"campaignID":"9279","attribution":0,"priority":"5","appToPromote":{"appToPromoteID":"17609","usesDefaultFrameImage":"0","usesDefaultCloseImage":"0","marketURL":"https:\/\/smartbear.com\/learn\/automated-testing\/test-automation-frameworks\/","packageID":"com.buntoo.buntooAd"},"showTemplate":1,"s2s_tracking_url":"https:\/\/smartbear.com\/learn\/automated-testing\/test-automation-frameworks\/","activeCreativeID":"4701","scenes":["1","2","6","4","5","15"],"campaignAdType":"Interstitial","productId":"","purchaseBit":0,"licenseKey":""},{"campaignID":"9280","attribution":0,"priority":"5","appToPromote":{"appToPromoteID":"17609","usesDefaultFrameImage":"0","usesDefaultCloseImage":"0","marketURL":"https:\/\/smartbear.com\/learn\/automated-testing\/test-automation-frameworks\/","packageID":"com.buntoo.buntooAd"},"showTemplate":1,"s2s_tracking_url":"https:\/\/smartbear.com\/learn\/automated-testing\/test-automation-frameworks\/","activeCreativeID":"4701","scenes":["1","2","6","4","5","15"],"campaignAdType":"Interstitial","productId":"","purchaseBit":0,"licenseKey":""},{"campaignID":"9281","attribution":0,"priority":"5","appToPromote":{"appToPromoteID":"17609","usesDefaultFrameImage":"0","usesDefaultCloseImage":"0","marketURL":"https:\/\/smartbear.com\/learn\/automated-testing\/test-automation-frameworks\/","packageID":"com.buntoo.buntooAd"},"showTemplate":1,"s2s_tracking_url":"https:\/\/smartbear.com\/learn\/automated-testing\/test-automation-frameworks\/","activeCreativeID":"4701","scenes":["1","2","6","4","5","15"],"campaignAdType":"Interstitial","productId":"","purchaseBit":0,"licenseKey":""},{"campaignID":"9282","attribution":0,"priority":"5","appToPromote":{"appToPromoteID":"17609","usesDefaultFrameImage":"0","usesDefaultCloseImage":"0","marketURL":"https:\/\/smartbear.com\/learn\/automated-testing\/test-automation-frameworks\/","packageID":"com.buntoo.buntooAd"},"showTemplate":1,"s2s_tracking_url":"https:\/\/smartbear.com\/learn\/automated-testing\/test-automation-frameworks\/","activeCreativeID":"4701","scenes":["1","2","6","4","5","15"],"campaignAdType":"Interstitial","productId":"","purchaseBit":0,"licenseKey":""},{"campaignID":"9283","attribution":0,"priority":"5","appToPromote":{"appToPromoteID":"17609","usesDefaultFrameImage":"0","usesDefaultCloseImage":"0","marketURL":"https:\/\/smartbear.com\/learn\/automated-testing\/test-automation-frameworks\/","packageID":"com.buntoo.buntooAd"},"showTemplate":1,"s2s_tracking_url":"https:\/\/smartbear.com\/learn\/automated-testing\/test-automation-frameworks\/","activeCreativeID":"4701","scenes":["1","2","6","4","5","15"],"campaignAdType":"Interstitial","productId":"","purchaseBit":0,"licenseKey":""},{"campaignID":"9285","attribution":0,"priority":"5","appToPromote":{"appToPromoteID":"14746","usesDefaultFrameImage":"0","usesDefaultCloseImage":"0","marketURL":"https:\/\/play.google.com\/store\/apps\/details?id=com.buntoo.army.bus.parking","packageID":"com.buntoo.army.bus.parking"},"showTemplate":1,"s2s_tracking_url":"https:\/\/play.google.com\/store\/apps\/details?id=com.buntoo.army.bus.parking","activeCreativeID":"4710","scenes":["1","2","6","4","5","15"],"campaignAdType":"Interstitial","productId":"","purchaseBit":0,"licenseKey":""},{"campaignID":"9287","attribution":0,"priority":"5","appToPromote":{"appToPromoteID":"14746","usesDefaultFrameImage":"0","usesDefaultCloseImage":"0","marketURL":"https:\/\/play.google.com\/store\/apps\/details?id=com.buntoo.army.bus.parking","packageID":"com.buntoo.army.bus.parking"},"showTemplate":1,"s2s_tracking_url":"https:\/\/play.google.com\/store\/apps\/details?id=com.buntoo.army.bus.parking","activeCreativeID":"4710","scenes":["1","2","6","4","5","15"],"campaignAdType":"Interstitial","productId":"","purchaseBit":0,"licenseKey":""},{"campaignID":"9289","attribution":0,"priority":"5","appToPromote":{"appToPromoteID":"17609","usesDefaultFrameImage":"0","usesDefaultCloseImage":"0","marketURL":"https:\/\/smartbear.com\/learn\/automated-testing\/test-automation-frameworks\/","packageID":"com.buntoo.buntooAd"},"showTemplate":1,"s2s_tracking_url":"https:\/\/smartbear.com\/learn\/automated-testing\/test-automation-frameworks\/","activeCreativeID":"4701","scenes":["1","2","6","4","5","15"],"campaignAdType":"Interstitial","productId":"","purchaseBit":0,"licenseKey":""},{"campaignID":"9290","attribution":0,"priority":"5","appToPromote":{"appToPromoteID":"17609","usesDefaultFrameImage":"0","usesDefaultCloseImage":"0","marketURL":"https:\/\/smartbear.com\/learn\/automated-testing\/test-automation-frameworks\/","packageID":"com.buntoo.buntooAd"},"showTemplate":1,"s2s_tracking_url":"https:\/\/smartbear.com\/learn\/automated-testing\/test-automation-frameworks\/","activeCreativeID":"4701","scenes":["1","2","6","4","5","15"],"campaignAdType":"Interstitial","productId":"","purchaseBit":0,"licenseKey":""},{"campaignID":"9293","attribution":0,"priority":"5","appToPromote":{"appToPromoteID":"17609","usesDefaultFrameImage":"0","usesDefaultCloseImage":"0","marketURL":"https:\/\/smartbear.com\/learn\/automated-testing\/test-automation-frameworks\/","packageID":"com.buntoo.buntooAd"},"showTemplate":1,"s2s_tracking_url":"https:\/\/smartbear.com\/learn\/automated-testing\/test-automation-frameworks\/","activeCreativeID":"4701","scenes":["1","2","6","4","5","15"],"campaignAdType":"Interstitial","productId":"","purchaseBit":0,"licenseKey":""},{"campaignID":"9296","attribution":0,"priority":"5","appToPromote":{"appToPromoteID":"17609","usesDefaultFrameImage":"0","usesDefaultCloseImage":"0","marketURL":"https:\/\/smartbear.com\/learn\/automated-testing\/test-automation-frameworks\/","packageID":"com.buntoo.buntooAd"},"showTemplate":1,"s2s_tracking_url":"https:\/\/smartbear.com\/learn\/automated-testing\/test-automation-frameworks\/","activeCreativeID":"4701","scenes":["1","2","6","4","5","15"],"campaignAdType":"Interstitial","productId":"","purchaseBit":0,"licenseKey":""},{"campaignID":"9297","attribution":0,"priority":"5","appToPromote":{"appToPromoteID":"17609","usesDefaultFrameImage":"0","usesDefaultCloseImage":"0","marketURL":"https:\/\/smartbear.com\/learn\/automated-testing\/test-automation-frameworks\/","packageID":"com.buntoo.buntooAd"},"showTemplate":1,"s2s_tracking_url":"https:\/\/smartbear.com\/learn\/automated-testing\/test-automation-frameworks\/","activeCreativeID":"4701","scenes":["1","2","6","4","5","15"],"campaignAdType":"Interstitial","productId":"","purchaseBit":0,"licenseKey":""},{"campaignID":"9299","attribution":0,"priority":"5","appToPromote":{"appToPromoteID":"17609","usesDefaultFrameImage":"0","usesDefaultCloseImage":"0","marketURL":"https:\/\/smartbear.com\/learn\/automated-testing\/test-automation-frameworks\/","packageID":"com.buntoo.buntooAd"},"showTemplate":1,"s2s_tracking_url":"https:\/\/smartbear.com\/learn\/automated-testing\/test-automation-frameworks\/","activeCreativeID":"4701","scenes":["1","2","6","4","5","15"],"campaignAdType":"Interstitial","productId":"","purchaseBit":0,"licenseKey":""},{"campaignID":"9301","attribution":0,"priority":"5","appToPromote":{"appToPromoteID":"17609","usesDefaultFrameImage":"0","usesDefaultCloseImage":"0","marketURL":"https:\/\/smartbear.com\/learn\/automated-testing\/test-automation-frameworks\/","packageID":"com.buntoo.buntooAd"},"showTemplate":1,"s2s_tracking_url":"https:\/\/smartbear.com\/learn\/automated-testing\/test-automation-frameworks\/","activeCreativeID":"4701","scenes":["1","2","6","4","5","15"],"campaignAdType":"Interstitial","productId":"","purchaseBit":0,"licenseKey":""},{"campaignID":"9305","attribution":0,"priority":"5","appToPromote":{"appToPromoteID":"14746","usesDefaultFrameImage":"0","usesDefaultCloseImage":"0","marketURL":"https:\/\/play.google.com\/store\/apps\/details?id=com.buntoo.army.bus.parking","packageID":"com.buntoo.army.bus.parking"},"showTemplate":1,"s2s_tracking_url":"https:\/\/play.google.com\/store\/apps\/details?id=com.buntoo.army.bus.parking","activeCreativeID":"4710","scenes":["1","2","6","4","5","15"],"campaignAdType":"Interstitial","productId":"","purchaseBit":0,"licenseKey":""},{"campaignID":"48","attribution":0,"priority":"5","appToPromote":{"appToPromoteID":"1074","usesDefaultFrameImage":"1","usesDefaultCloseImage":"1","marketURL":"https:\/\/play.google.com\/store\/apps\/details?id=com.mizo.construction.crane.hill.climb","packageID":"com.mizo.construction.crane.hill.climb"},"showTemplate":1,"s2s_tracking_url":"https:\/\/play.google.com\/store\/apps\/details?id=com.mizo.construction.crane.hill.climb","activeCreativeID":"65","scenes":["1","2","6","4","5","15"],"campaignAdType":"Interstitial","productId":"","purchaseBit":0,"licenseKey":""},{"campaignID":"50","attribution":0,"priority":"5","appToPromote":{"appToPromoteID":"1221","usesDefaultFrameImage":"1","usesDefaultCloseImage":"1","marketURL":"https:\/\/play.google.com\/store\/apps\/details?id=com.mizo.offroad.hill.climb","packageID":"com.mizo.offroad.hill.climb"},"showTemplate":1,"s2s_tracking_url":"https:\/\/play.google.com\/store\/apps\/details?id=com.mizo.offroad.hill.climb","activeCreativeID":"67","scenes":["1","2","6","4","5","15"],"campaignAdType":"Interstitial","productId":"","purchaseBit":0,"licenseKey":""},{"campaignID":"67","attribution":0,"priority":"5","appToPromote":{"appToPromoteID":"1306","usesDefaultFrameImage":"1","usesDefaultCloseImage":"1","marketURL":"https:\/\/play.google.com\/store\/apps\/details?id=com.mizo.extreme.heavy.truck","packageID":"com.mizo.extreme.heavy.truck"},"showTemplate":1,"s2s_tracking_url":"https:\/\/play.google.com\/store\/apps\/details?id=com.mizo.extreme.heavy.truck","activeCreativeID":"85","scenes":["1","2","6","4","5","15"],"campaignAdType":"Interstitial","productId":"","purchaseBit":0,"licenseKey":""},{"campaignID":"78","attribution":0,"priority":"5","appToPromote":{"appToPromoteID":"1632","usesDefaultFrameImage":"1","usesDefaultCloseImage":"1","marketURL":"https:\/\/play.google.com\/store\/apps\/details?id=com.mizo.road.builder.city.construction","packageID":"com.mizo.road.builder.city.construction"},"showTemplate":1,"s2s_tracking_url":"https:\/\/play.google.com\/store\/apps\/details?id=com.mizo.road.builder.city.construction","activeCreativeID":"97","scenes":["1","2","6","4","5","15"],"campaignAdType":"Interstitial","productId":"","purchaseBit":0,"licenseKey":""},{"campaignID":"80","attribution":0,"priority":"5","appToPromote":{"appToPromoteID":"1675","usesDefaultFrameImage":"1","usesDefaultCloseImage":"1","marketURL":"https:\/\/play.google.com\/store\/apps\/details?id=com.mizo.flip.bottle.shooting.expert","packageID":"com.mizo.flip.bottle.shooting.expert"},"showTemplate":1,"s2s_tracking_url":"https:\/\/play.google.com\/store\/apps\/details?id=com.mizo.flip.bottle.shooting.expert","activeCreativeID":"100","scenes":["1","2","6","4","5","15"],"campaignAdType":"Interstitial","productId":"","purchaseBit":0,"licenseKey":""},{"campaignID":"110","attribution":0,"priority":"5","appToPromote":{"appToPromoteID":"1853","usesDefaultFrameImage":"1","usesDefaultCloseImage":"1","marketURL":"https:\/\/play.google.com\/store\/apps\/details?id=com.mizo.police.airplane.transporter","packageID":"com.mizo.police.airplane.transporter"},"showTemplate":1,"s2s_tracking_url":"https:\/\/play.google.com\/store\/apps\/details?id=com.mizo.police.airplane.transporter","activeCreativeID":"137","scenes":["1","2","6","4","5","15"],"campaignAdType":"Interstitial","productId":"","purchaseBit":0,"licenseKey":""},{"campaignID":"143","attribution":0,"priority":"5","appToPromote":{"appToPromoteID":"2089","usesDefaultFrameImage":"0","usesDefaultCloseImage":"0","marketURL":"https:\/\/play.google.com\/store\/apps\/details?id=com.mizo.sports.car.mechanic","packageID":"com.mizo.sports.car.mechanic"},"showTemplate":1,"s2s_tracking_url":"https:\/\/play.google.com\/store\/apps\/details?id=com.mizo.sports.car.mechanic","activeCreativeID":"184","scenes":["1","2","6","4","5","15"],"campaignAdType":"Interstitial","productId":"","purchaseBit":0,"licenseKey":""},{"campaignID":"147","attribution":0,"priority":"5","appToPromote":{"appToPromoteID":"2085","usesDefaultFrameImage":"0","usesDefaultCloseImage":"0","marketURL":"https:\/\/play.google.com\/store\/apps\/details?id=com.mizo.robot.gang.mafia","packageID":"com.mizo.robot.gang.mafia"},"showTemplate":1,"s2s_tracking_url":"https:\/\/play.google.com\/store\/apps\/details?id=com.mizo.robot.gang.mafia","activeCreativeID":"188","scenes":["1","2","6","4","5","15"],"campaignAdType":"Interstitial","productId":"","purchaseBit":0,"licenseKey":""}],"refreshAdRate":30,"mode":"Production","aspectRatio":"4_3","cdnPath":"https:\/\/df8ymybeo92md.cloudfront.net\/images\/","sentry_log":0,"local_logging":0,"sentry_dsn":"https:\/\/93ffa1c9a4124f67b8888a53265f751a:bbf998e04584477fa9a145838e9d3b26@sentry.io\/168994","sentry_initialization":1,"sentry_debugging":0,"bannerSizes":["1"],"aspectRatioVideo":"16_9","app_id":"1853","showPreRewardedDialogue":0,"showPostRewardedDialogue":0,"rewardCurrency":"coins","rewardValue":0,"isSkipable":1,"privacyPolicyURL":"https:\/\/www.consoliads.com\/privacy-policy\/","sessionToken":"pybyYv2qNCp+9TFs3XGc6mrXoID4U9haNQGrsj9I84xcEMI8eyxs8++EfCgZ+wRLLBlsigBXUSGXtkGPV518KW4eKdJyDwIIa7cOyqMFhTZO7nGzJFT9oHpvMhSNJQ0aw+VxOexcg6A7kDQgwrDPg9OPJSTAI76jt9R\/L6Cpg88="}
Session token value is set


{"appKey":"3d9a2ad28f8f99beaf2e117d8d1c3ebb","deviceID":"4201","stats":[{"campaignID":96,"packageID":"com.rgs.offroad.police.monster.truck","sceneStats":[{"sceneID":"11","eventStats":"342,242,142,42,42,0,0"}]}],"sdkVersion":"39","sessionToken":"pybyYv2qNCp+9TFs3XGc6mrXoID4U9haNQGrsj9I84xcEMI8eyxs8++EfCgZ+wRLLBlsigBXUSGXtkGPV518KW4eKdJyDwIIa7cOyqMFhTZO7nGzJFT9oHpvMhSNJQ0aw+VxOexcg6A7kDQgwrDPg9OPJSTAI76jt9R\/L6Cpg88="}
cache_ttl value is correct

Refresh Ad Rate value is correct
mode value is set

 Aspect ratio value is correct
sentry_log value is set
local_logging value is set
sentry_initialization value is set
sentry_debugging value is set
showPreRewardedDialogue value is set
showPostRewardedDialogue value is set
isSkipable value is set
{"cache_ttl":10080,"cache_ttl_rewarded":10080,"cache_ttl_banner":10080,"cache_ttl_native":10080,"cache_ttl_icon":10080,"refreshAdRate":30,"mode":"Production","aspectRatio":"4_3","cdnPath":"https:\/\/df8ymybeo92md.cloudfront.net\/images\/","sentry_log":0,"local_logging":0,"sentry_dsn":"https:\/\/93ffa1c9a4124f67b8888a53265f751a:bbf998e04584477fa9a145838e9d3b26@sentry.io\/168994","sentry_initialization":1,"sentry_debugging":0,"bannerSizes":[],"aspectRatioVideo":"16_9","app_id":"1921","showPreRewardedDialogue":0,"showPostRewardedDialogue":0,"rewardCurrency":"coins","rewardValue":0,"isSkipable":0,"privacyPolicyURL":"https:\/\/www.consoliads.com\/privacy-policy\/","sessionToken":"X0QBkQMY4bcnCM7CJ0rAxSmGqI7QzZWhh4ml26R8lfDqHHyBoQfZR3gvty2DcMDVlC99aHB\/pH38s9esYZZa5gxlGNrY7qVpuxuEvoxOOe6zgG3otD15zNxX9IOrJfggduBZhv9NtdL6YQ3weVT0Tzwh2EKUBe9JJM9dOkcGD+s="}
Session token value is set


{"appKey":"3d9a2ad28f8f99beaf2e117d8d1c3ebb","deviceID":"4344","stats":[{"campaignID":384,"packageID":"com.rgs.offroad.police.monster.truck","sceneStats":[{"sceneID":"11","eventStats":"344,244,144,44,44,0,0"}]}],"sdkVersion":"39","sessionToken":"X0QBkQMY4bcnCM7CJ0rAxSmGqI7QzZWhh4ml26R8lfDqHHyBoQfZR3gvty2DcMDVlC99aHB\/pH38s9esYZZa5gxlGNrY7qVpuxuEvoxOOe6zgG3otD15zNxX9IOrJfggduBZhv9NtdL6YQ3weVT0Tzwh2EKUBe9JJM9dOkcGD+s="}
cache_ttl value is correct

Refresh Ad Rate value is correct
mode value is set

 Aspect ratio value is correct
sentry_log value is set
local_logging value is set
sentry_initialization value is set
sentry_debugging value is set
showPreRewardedDialogue value is set
showPostRewardedDialogue value is set
isSkipable value is set
{"cache_ttl":10080,"cache_ttl_rewarded":10080,"cache_ttl_banner":10080,"cache_ttl_native":10080,"cache_ttl_icon":10080,"refreshAdRate":30,"mode":"Production","aspectRatio":"4_3","cdnPath":"https:\/\/df8ymybeo92md.cloudfront.net\/images\/","sentry_log":0,"local_logging":0,"sentry_dsn":"https:\/\/93ffa1c9a4124f67b8888a53265f751a:bbf998e04584477fa9a145838e9d3b26@sentry.io\/168994","sentry_initialization":1,"sentry_debugging":0,"bannerSizes":[],"aspectRatioVideo":"16_9","app_id":"1921","showPreRewardedDialogue":0,"showPostRewardedDialogue":0,"rewardCurrency":"coins","rewardValue":0,"isSkipable":0,"privacyPolicyURL":"https:\/\/www.consoliads.com\/privacy-policy\/","sessionToken":"Qw2AzA5inJk2gv7Q7h9qKnRzOAEUE+m1FmXyMViB7T0Yd9fFDXUpqDyw9frrSYK2MJcfccIDwzwohUfsBYR92pJdW0\/wgHHiJ26YHbJHrgsA\/XgV5XiNENK0BdZj5Wox4DXvoT+syLlED27AbPj3TkYBDU+S0D5DBwi23C0kh4s="}
Session token value is set


{"appKey":"7108df607430ea0aa7197ebf957ab785","deviceID":"2850","stats":[{"campaignID":99,"packageID":"com.vg.crazy.car.rush.pro.taxi.driver","sceneStats":[{"sceneID":"8","eventStats":"329,229,129,29,29,0,0"}]}],"sdkVersion":"2163","sessionToken":"Qw2AzA5inJk2gv7Q7h9qKnRzOAEUE+m1FmXyMViB7T0Yd9fFDXUpqDyw9frrSYK2MJcfccIDwzwohUfsBYR92pJdW0\/wgHHiJ26YHbJHrgsA\/XgV5XiNENK0BdZj5Wox4DXvoT+syLlED27AbPj3TkYBDU+S0D5DBwi23C0kh4s="}
cache_ttl value is correct

Refresh Ad Rate value is correct
mode value is set

 Aspect ratio value is correct
sentry_log value is set
local_logging value is set
sentry_initialization value is set
sentry_debugging value is set
showPreRewardedDialogue value is set
showPostRewardedDialogue value is set
isSkipable value is set
{"cache_ttl":10080,"cache_ttl_rewarded":10080,"cache_ttl_banner":10080,"cache_ttl_native":10080,"cache_ttl_icon":10080,"campaigns":[{"campaignID":"9384","attribution":0,"priority":"5","appToPromote":{"appToPromoteID":"13185","usesDefaultFrameImage":"0","usesDefaultCloseImage":"0","marketURL":"https:\/\/play.google.com\/store\/apps\/details?id=com.gamesarena.flying.bike.tricks.stunts&amp;referrer=utm_source=42matters.com&amp;utm_medium=api","packageID":"com.gamesarena.flying.bike.tricks.stunts"},"showTemplate":1,"s2s_tracking_url":"https:\/\/play.google.com\/store\/apps\/details?id=com.gamesarena.flying.bike.tricks.stunts&amp;referrer=utm_source=42matters.com&amp;utm_medium=api","activeCreativeID":"4829","scenes":["12","1","8","6","15","2","9"],"campaignAdType":"Interstitial","productId":"","purchaseBit":0,"licenseKey":""},{"campaignID":"9386","attribution":0,"priority":"5","appToPromote":{"appToPromoteID":"17764","usesDefaultFrameImage":"0","usesDefaultCloseImage":"0","marketURL":"https:\/\/play.google.com\/store\/apps\/details?id=com.visiblebody.atlas&amp;referrer=utm_source=42matters.com&amp;utm_medium=api","packageID":"com.gamesarena..test6324"},"showTemplate":1,"s2s_tracking_url":"https:\/\/play.google.com\/store\/apps\/details?id=com.visiblebody.atlas&amp;referrer=utm_source=42matters.com&amp;utm_medium=api","activeCreativeID":"4828","scenes":["12","1","8","6","15","2","9"],"campaignAdType":"Interstitial","productId":"","purchaseBit":0,"licenseKey":""},{"campaignID":"9389","attribution":0,"priority":"5","appToPromote":{"appToPromoteID":"13185","usesDefaultFrameImage":"0","usesDefaultCloseImage":"0","marketURL":"https:\/\/play.google.com\/store\/apps\/details?id=com.gamesarena.flying.bike.tricks.stunts&amp;referrer=utm_source=42matters.com&amp;utm_medium=api","packageID":"com.gamesarena.flying.bike.tricks.stunts"},"showTemplate":1,"s2s_tracking_url":"https:\/\/play.google.com\/store\/apps\/details?id=com.gamesarena.flying.bike.tricks.stunts&amp;referrer=utm_source=42matters.com&amp;utm_medium=api","activeCreativeID":"4829","scenes":["12","1","8","6","15","2","9"],"campaignAdType":"Interstitial","productId":"","purchaseBit":0,"licenseKey":""},{"campaignID":"9710","attribution":0,"priority":"5","appToPromote":{"appToPromoteID":"11385","usesDefaultFrameImage":"0","usesDefaultCloseImage":"0","marketURL":"https:\/\/play.google.com\/store\/apps\/details?id=com.play.io.car.mechanic.auto.repair.workshop","packageID":"com.play.io.car.mechanic.auto.repair.workshop"},"showTemplate":1,"s2s_tracking_url":"https:\/\/play.google.com\/store\/apps\/details?id=com.play.io.car.mechanic.auto.repair.workshop","activeCreativeID":"1309","scenes":["12","1","8","6","15","2","9"],"campaignAdType":"Video","productId":"","purchaseBit":0,"licenseKey":""},{"campaignID":"98","attribution":0,"priority":"5","appToPromote":{"appToPromoteID":"1937","usesDefaultFrameImage":"0","usesDefaultCloseImage":"0","marketURL":"https:\/\/play.google.com\/store\/apps\/details?id=com.gss.offroad.policetransporttruck","packageID":"com.gss.offroad.policetransporttruck"},"showTemplate":1,"s2s_tracking_url":"https:\/\/play.google.com\/store\/apps\/details?id=com.gss.offroad.policetransporttruck","activeCreativeID":"124","scenes":["12","1","8","6","15","2","9"],"campaignAdType":"Interstitial","productId":"","purchaseBit":0,"licenseKey":""},{"campaignID":"111","attribution":0,"priority":"5","appToPromote":{"appToPromoteID":"1969","usesDefaultFrameImage":"0","usesDefaultCloseImage":"0","marketURL":"https:\/\/play.google.com\/store\/apps\/details?id=com.vg.moto.airplane.transporter.police.plane","packageID":"com.vg.moto.airplane.transporter.police.plane"},"showTemplate":1,"s2s_tracking_url":"https:\/\/play.google.com\/store\/apps\/details?id=com.vg.moto.airplane.transporter.police.plane","activeCreativeID":"143","scenes":["12","1","8","6","15","2","9"],"campaignAdType":"Interstitial","productId":"","purchaseBit":0,"licenseKey":""},{"campaignID":"115","attribution":0,"priority":"5","appToPromote":{"appToPromoteID":"2018","usesDefaultFrameImage":"0","usesDefaultCloseImage":"0","marketURL":"https:\/\/play.google.com\/store\/apps\/details?id=com.tgp.multistorey.car.transporter.truck","packageID":"com.tgp.multistorey.car.transporter.truck"},"showTemplate":1,"s2s_tracking_url":"https:\/\/play.google.com\/store\/apps\/details?id=com.tgp.multistorey.car.transporter.truck","activeCreativeID":"149","scenes":["12","1","8","6","15","2","9"],"campaignAdType":"Interstitial","productId":"","purchaseBit":0,"licenseKey":""},{"campaignID":"139","attribution":0,"priority":"5","appToPromote":{"appToPromoteID":"2150","usesDefaultFrameImage":"0","usesDefaultCloseImage":"0","marketURL":"https:\/\/play.google.com\/store\/apps\/details?id=com.gss.traffic.rush.crazy.bike.rider","packageID":"com.gss.traffic.rush.crazy.bike.rider"},"showTemplate":1,"s2s_tracking_url":"https:\/\/play.google.com\/store\/apps\/details?id=com.gss.traffic.rush.crazy.bike.rider","activeCreativeID":"179","scenes":["12","1","8","6","15","2","9"],"campaignAdType":"Interstitial","productId":"","purchaseBit":0,"licenseKey":""},{"campaignID":"142","attribution":0,"priority":"5","appToPromote":{"appToPromoteID":"2164","usesDefaultFrameImage":"0","usesDefaultCloseImage":"0","marketURL":"https:\/\/play.google.com\/store\/apps\/details?id=com.vg.police.demolition.derby.crash.racing","packageID":"com.vg.police.demolition.derby.crash.racing"},"showTemplate":1,"s2s_tracking_url":"https:\/\/play.google.com\/store\/apps\/details?id=com.vg.police.demolition.derby.crash.racing","activeCreativeID":"182","scenes":["12","1","8","6","15","2","9"],"campaignAdType":"Interstitial","productId":"","purchaseBit":0,"licenseKey":""},{"campaignID":"146","attribution":0,"priority":"5","appToPromote":{"appToPromoteID":"2225","usesDefaultFrameImage":"0","usesDefaultCloseImage":"0","marketURL":"https:\/\/play.google.com\/store\/apps\/details?id=com.gss.offroad.policebiketransport","packageID":"com.gss.offroad.policebiketransport"},"showTemplate":1,"s2s_tracking_url":"https:\/\/play.google.com\/store\/apps\/details?id=com.gss.offroad.policebiketransport","activeCreativeID":"187","scenes":["12","1","8","6","15","2","9"],"campaignAdType":"Interstitial","productId":"","purchaseBit":0,"licenseKey":""},{"campaignID":"149","attribution":0,"priority":"5","appToPromote":{"appToPromoteID":"2224","usesDefaultFrameImage":"0","usesDefaultCloseImage":"0","marketURL":"https:\/\/play.google.com\/store\/apps\/details?id=com.vg.mega.city.construction.building.sim","packageID":"com.vg.mega.city.construction.building.sim"},"showTemplate":1,"s2s_tracking_url":"https:\/\/play.google.com\/store\/apps\/details?id=com.vg.mega.city.construction.building.sim","activeCreativeID":"191","scenes":["12","1","8","6","15","2","9"],"campaignAdType":"Interstitial","productId":"","purchaseBit":0,"licenseKey":""},{"campaignID":"150","attribution":0,"priority":"5","appToPromote":{"appToPromoteID":"2224","usesDefaultFrameImage":"0","usesDefaultCloseImage":"0","marketURL":"https:\/\/play.google.com\/store\/apps\/details?id=com.vg.mega.city.construction.building.sim","packageID":"com.vg.mega.city.construction.building.sim"},"showTemplate":1,"s2s_tracking_url":"https:\/\/play.google.com\/store\/apps\/details?id=com.vg.mega.city.construction.building.sim","activeCreativeID":"191","scenes":["12","1","8","6","15","2","9"],"campaignAdType":"Interstitial","productId":"","purchaseBit":0,"licenseKey":""},{"campaignID":"155","attribution":0,"priority":"5","appToPromote":{"appToPromoteID":"2226","usesDefaultFrameImage":"0","usesDefaultCloseImage":"0","marketURL":"https:\/\/play.google.com\/store\/apps\/details?id=com.gss.garage.workshop.carmehanic","packageID":"com.gss.garage.workshop.carmehanic"},"showTemplate":1,"s2s_tracking_url":"https:\/\/play.google.com\/store\/apps\/details?id=com.gss.garage.workshop.carmehanic","activeCreativeID":"197","scenes":["12","1","8","6","15","2","9"],"campaignAdType":"Interstitial","productId":"","purchaseBit":0,"licenseKey":""},{"campaignID":"156","attribution":0,"priority":"5","appToPromote":{"appToPromoteID":"2227","usesDefaultFrameImage":"0","usesDefaultCloseImage":"0","marketURL":"https:\/\/play.google.com\/store\/apps\/details?id=com.tgp.offroad.extreme.multi.cargotruck","packageID":"com.tgp.offroad.extreme.multi.cargotruck"},"showTemplate":1,"s2s_tracking_url":"https:\/\/play.google.com\/store\/apps\/details?id=com.tgp.offroad.extreme.multi.cargotruck","activeCreativeID":"198","scenes":["12","1","8","6","15","2","9"],"campaignAdType":"Interstitial","productId":"","purchaseBit":0,"licenseKey":""},{"campaignID":"163","attribution":0,"priority":"5","appToPromote":{"appToPromoteID":"2349","usesDefaultFrameImage":"0","usesDefaultCloseImage":"0","marketURL":"https:\/\/play.google.com\/store\/apps\/details?id=com.gss.city.war.survival.robothero","packageID":"com.gss.city.war.survival.robothero"},"showTemplate":1,"s2s_tracking_url":"https:\/\/play.google.com\/store\/apps\/details?id=com.gss.city.war.survival.robothero","activeCreativeID":"207","scenes":["12","1","8","6","15","2","9"],"campaignAdType":"Interstitial","productId":"","purchaseBit":0,"licenseKey":""},{"campaignID":"164","attribution":0,"priority":"5","appToPromote":{"appToPromoteID":"2350","usesDefaultFrameImage":"0","usesDefaultCloseImage":"0","marketURL":"https:\/\/play.google.com\/store\/apps\/details?id=com.tgp.car.robot.transport.truck","packageID":"com.tgp.car.robot.transport.truck"},"showTemplate":1,"s2s_tracking_url":"https:\/\/play.google.com\/store\/apps\/details?id=com.tgp.car.robot.transport.truck","activeCreativeID":"211","scenes":["12","1","8","6","15","2","9"],"campaignAdType":"Interstitial","productId":"","purchaseBit":0,"licenseKey":""},{"campaignID":"166","attribution":0,"priority":"5","appToPromote":{"appToPromoteID":"2273","usesDefaultFrameImage":"0","usesDefaultCloseImage":"0","marketURL":"https:\/\/play.google.com\/store\/apps\/details?id=com.gss.police.automechanic.repair.workshop","packageID":"com.gss.police.automechanic.repair.workshop"},"showTemplate":1,"s2s_tracking_url":"https:\/\/play.google.com\/store\/apps\/details?id=com.gss.police.automechanic.repair.workshop","activeCreativeID":"217","scenes":["12","1","8","6","15","2","9"],"campaignAdType":"Interstitial","productId":"","purchaseBit":0,"licenseKey":""},{"campaignID":"167","attribution":0,"priority":"5","appToPromote":{"appToPromoteID":"2348","usesDefaultFrameImage":"0","usesDefaultCloseImage":"0","marketURL":"https:\/\/play.google.com\/store\/apps\/details?id=com.vg.rollercoaster.crazy.tycoon.tour","packageID":"com.vg.rollercoaster.crazy.tycoon.tour"},"showTemplate":1,"s2s_tracking_url":"https:\/\/play.google.com\/store\/apps\/details?id=com.vg.rollercoaster.crazy.tycoon.tour","activeCreativeID":"218","scenes":["12","1","8","6","15","2","9"],"campaignAdType":"Interstitial","productId":"","purchaseBit":0,"licenseKey":""},{"campaignID":"214","attribution":0,"priority":"5","appToPromote":{"appToPromoteID":"2613","usesDefaultFrameImage":"0","usesDefaultCloseImage":"0","marketURL":"https:\/\/play.google.com\/store\/apps\/details?id=com.gss.robot.bike.transport.truck","packageID":"com.gss.robot.bike.transport.truck"},"showTemplate":1,"s2s_tracking_url":"https:\/\/play.google.com\/store\/apps\/details?id=com.gss.robot.bike.transport.truck","activeCreativeID":"295","scenes":["12","1","8","6","15","2","9"],"campaignAdType":"Interstitial","productId":"","purchaseBit":0,"licenseKey":""},{"campaignID":"303","attribution":0,"priority":"5","appToPromote":{"appToPromoteID":"2642","usesDefaultFrameImage":"0","usesDefaultCloseImage":"0","marketURL":"https:\/\/play.google.com\/store\/apps\/details?id=com.tgp.offroad.robot.transport.truck","packageID":"com.tgp.offroad.robot.transport.truck"},"showTemplate":1,"s2s_tracking_url":"https:\/\/play.google.com\/store\/apps\/details?id=com.tgp.offroad.robot.transport.truck","activeCreativeID":"310","scenes":["12","1","8","6","15","2","9"],"campaignAdType":"Interstitial","productId":"","purchaseBit":0,"licenseKey":""},{"campaignID":"358","attribution":0,"priority":"5","appToPromote":{"appToPromoteID":"2917","usesDefaultFrameImage":"0","usesDefaultCloseImage":"0","marketURL":"https:\/\/play.google.com\/store\/apps\/details?id=com.gamefeast.touristbus.highway.driver.sim","packageID":"com.gamefeast.touristbus.highway.driver.sim"},"showTemplate":1,"s2s_tracking_url":"https:\/\/play.google.com\/store\/apps\/details?id=com.gamefeast.touristbus.highway.driver.sim","activeCreativeID":"377","scenes":["12","1","8","6","15","2","9"],"campaignAdType":"Interstitial","productId":"","purchaseBit":0,"licenseKey":""},{"campaignID":"370","attribution":0,"priority":"5","appToPromote":{"appToPromoteID":"3065","usesDefaultFrameImage":"0","usesDefaultCloseImage":"0","marketURL":"https:\/\/play.google.com\/store\/apps\/details?id=com.gss.raft.survival.island.escape","packageID":"com.gss.raft.survival.island.escape"},"showTemplate":1,"s2s_tracking_url":"https:\/\/play.google.com\/store\/apps\/details?id=com.gss.raft.survival.island.escape","activeCreativeID":"391","scenes":["12","1","8","6","15","2","9"],"campaignAdType":"Interstitial","productId":"","purchaseBit":0,"licenseKey":""},{"campaignID":"371","attribution":0,"priority":"5","appToPromote":{"appToPromoteID":"3117","usesDefaultFrameImage":"0","usesDefaultCloseImage":"0","marketURL":"https:\/\/play.google.com\/store\/apps\/details?id=com.vg.fast.car.driver.furiousracing","packageID":"com.vg.fast.car.driver.furiousracing"},"showTemplate":1,"s2s_tracking_url":"https:\/\/play.google.com\/store\/apps\/details?id=com.vg.fast.car.driver.furiousracing","activeCreativeID":"392","scenes":["12","1","8","6","15","2","9"],"campaignAdType":"Interstitial","productId":"","purchaseBit":0,"licenseKey":""},{"campaignID":"372","attribution":0,"priority":"5","appToPromote":{"appToPromoteID":"2938","usesDefaultFrameImage":"0","usesDefaultCloseImage":"0","marketURL":"https:\/\/play.google.com\/store\/apps\/details?id=com.tgp.offroad.us.army.transport","packageID":"com.tgp.offroad.us.army.transport"},"showTemplate":1,"s2s_tracking_url":"https:\/\/play.google.com\/store\/apps\/details?id=com.tgp.offroad.us.army.transport","activeCreativeID":"393","scenes":["12","1","8","6","15","2","9"],"campaignAdType":"Interstitial","productId":"","purchaseBit":0,"licenseKey":""},{"campaignID":"396","attribution":0,"priority":"5","appToPromote":{"appToPromoteID":"3019","usesDefaultFrameImage":"0","usesDefaultCloseImage":"0","marketURL":"https:\/\/play.google.com\/store\/apps\/details?id=com.gss.robot.car.transport.truck","packageID":"com.gss.robot.car.transport.truck"},"showTemplate":1,"s2s_tracking_url":"https:\/\/play.google.com\/store\/apps\/details?id=com.gss.robot.car.transport.truck","activeCreativeID":"420","scenes":["12","1","8","6","15","2","9"],"campaignAdType":"Interstitial","productId":"","purchaseBit":0,"licenseKey":""}],"refreshAdRate":30,"mode":"Production","aspectRatio":"4_3","cdnPath":"https:\/\/df8ymybeo92md.cloudfront.net\/images\/","sentry_log":0,"local_logging":0,"sentry_dsn":"https:\/\/93ffa1c9a4124f67b8888a53265f751a:bbf998e04584477fa9a145838e9d3b26@sentry.io\/168994","sentry_initialization":1,"sentry_debugging":0,"bannerSizes":["1"],"aspectRatioVideo":"16_9","app_id":"1936","showPreRewardedDialogue":0,"showPostRewardedDialogue":0,"rewardCurrency":"coins","rewardValue":0,"isSkipable":1,"privacyPolicyURL":"https:\/\/www.consoliads.com\/privacy-policy\/","sessionToken":"hnym+rSkEFTRrEx8te6Lmp7N7CVxjbe5Ye9KUqf95sLeb0YOBYR5ZdW9r7RZSWWzUuZhufbZ8Xe2vF3jUwcyJgIqBsRP\/Ah4MG6yZTWuBtKFFmpp7\/pjhqm9IbR13INGuHRp98sCwxSAku+y\/hbuAV8EBLYy00Ymsj2iybrKSoM="}
Session token value is set


{"appKey":"7108df607430ea0aa7197ebf957ab785","deviceID":"8466","stats":[{"campaignID":7750,"packageID":"com.vg.crazy.car.rush.pro.taxi.driver","sceneStats":[{"sceneID":"22","eventStats":"384,284,184,84,84,0,0"}]}],"sdkVersion":"2163","sessionToken":"hnym+rSkEFTRrEx8te6Lmp7N7CVxjbe5Ye9KUqf95sLeb0YOBYR5ZdW9r7RZSWWzUuZhufbZ8Xe2vF3jUwcyJgIqBsRP\/Ah4MG6yZTWuBtKFFmpp7\/pjhqm9IbR13INGuHRp98sCwxSAku+y\/hbuAV8EBLYy00Ymsj2iybrKSoM="}
cache_ttl value is correct

Refresh Ad Rate value is correct
mode value is set

 Aspect ratio value is correct
sentry_log value is set
local_logging value is set
sentry_initialization value is set
sentry_debugging value is set
showPreRewardedDialogue value is set
showPostRewardedDialogue value is set
isSkipable value is set
{"cache_ttl":10080,"cache_ttl_rewarded":10080,"cache_ttl_banner":10080,"cache_ttl_native":10080,"cache_ttl_icon":10080,"campaigns":[{"campaignID":"9384","attribution":0,"priority":"5","appToPromote":{"appToPromoteID":"13185","usesDefaultFrameImage":"0","usesDefaultCloseImage":"0","marketURL":"https:\/\/play.google.com\/store\/apps\/details?id=com.gamesarena.flying.bike.tricks.stunts&amp;referrer=utm_source=42matters.com&amp;utm_medium=api","packageID":"com.gamesarena.flying.bike.tricks.stunts"},"showTemplate":1,"s2s_tracking_url":"https:\/\/play.google.com\/store\/apps\/details?id=com.gamesarena.flying.bike.tricks.stunts&amp;referrer=utm_source=42matters.com&amp;utm_medium=api","activeCreativeID":"4829","scenes":["12","1","8","6","15","2","9"],"campaignAdType":"Interstitial","productId":"","purchaseBit":0,"licenseKey":""},{"campaignID":"9386","attribution":0,"priority":"5","appToPromote":{"appToPromoteID":"17764","usesDefaultFrameImage":"0","usesDefaultCloseImage":"0","marketURL":"https:\/\/play.google.com\/store\/apps\/details?id=com.visiblebody.atlas&amp;referrer=utm_source=42matters.com&amp;utm_medium=api","packageID":"com.gamesarena..test6324"},"showTemplate":1,"s2s_tracking_url":"https:\/\/play.google.com\/store\/apps\/details?id=com.visiblebody.atlas&amp;referrer=utm_source=42matters.com&amp;utm_medium=api","activeCreativeID":"4828","scenes":["12","1","8","6","15","2","9"],"campaignAdType":"Interstitial","productId":"","purchaseBit":0,"licenseKey":""},{"campaignID":"9389","attribution":0,"priority":"5","appToPromote":{"appToPromoteID":"13185","usesDefaultFrameImage":"0","usesDefaultCloseImage":"0","marketURL":"https:\/\/play.google.com\/store\/apps\/details?id=com.gamesarena.flying.bike.tricks.stunts&amp;referrer=utm_source=42matters.com&amp;utm_medium=api","packageID":"com.gamesarena.flying.bike.tricks.stunts"},"showTemplate":1,"s2s_tracking_url":"https:\/\/play.google.com\/store\/apps\/details?id=com.gamesarena.flying.bike.tricks.stunts&amp;referrer=utm_source=42matters.com&amp;utm_medium=api","activeCreativeID":"4829","scenes":["12","1","8","6","15","2","9"],"campaignAdType":"Interstitial","productId":"","purchaseBit":0,"licenseKey":""},{"campaignID":"9710","attribution":0,"priority":"5","appToPromote":{"appToPromoteID":"11385","usesDefaultFrameImage":"0","usesDefaultCloseImage":"0","marketURL":"https:\/\/play.google.com\/store\/apps\/details?id=com.play.io.car.mechanic.auto.repair.workshop","packageID":"com.play.io.car.mechanic.auto.repair.workshop"},"showTemplate":1,"s2s_tracking_url":"https:\/\/play.google.com\/store\/apps\/details?id=com.play.io.car.mechanic.auto.repair.workshop","activeCreativeID":"1309","scenes":["12","1","8","6","15","2","9"],"campaignAdType":"Video","productId":"","purchaseBit":0,"licenseKey":""},{"campaignID":"98","attribution":0,"priority":"5","appToPromote":{"appToPromoteID":"1937","usesDefaultFrameImage":"0","usesDefaultCloseImage":"0","marketURL":"https:\/\/play.google.com\/store\/apps\/details?id=com.gss.offroad.policetransporttruck","packageID":"com.gss.offroad.policetransporttruck"},"showTemplate":1,"s2s_tracking_url":"https:\/\/play.google.com\/store\/apps\/details?id=com.gss.offroad.policetransporttruck","activeCreativeID":"124","scenes":["12","1","8","6","15","2","9"],"campaignAdType":"Interstitial","productId":"","purchaseBit":0,"licenseKey":""},{"campaignID":"111","attribution":0,"priority":"5","appToPromote":{"appToPromoteID":"1969","usesDefaultFrameImage":"0","usesDefaultCloseImage":"0","marketURL":"https:\/\/play.google.com\/store\/apps\/details?id=com.vg.moto.airplane.transporter.police.plane","packageID":"com.vg.moto.airplane.transporter.police.plane"},"showTemplate":1,"s2s_tracking_url":"https:\/\/play.google.com\/store\/apps\/details?id=com.vg.moto.airplane.transporter.police.plane","activeCreativeID":"143","scenes":["12","1","8","6","15","2","9"],"campaignAdType":"Interstitial","productId":"","purchaseBit":0,"licenseKey":""},{"campaignID":"115","attribution":0,"priority":"5","appToPromote":{"appToPromoteID":"2018","usesDefaultFrameImage":"0","usesDefaultCloseImage":"0","marketURL":"https:\/\/play.google.com\/store\/apps\/details?id=com.tgp.multistorey.car.transporter.truck","packageID":"com.tgp.multistorey.car.transporter.truck"},"showTemplate":1,"s2s_tracking_url":"https:\/\/play.google.com\/store\/apps\/details?id=com.tgp.multistorey.car.transporter.truck","activeCreativeID":"149","scenes":["12","1","8","6","15","2","9"],"campaignAdType":"Interstitial","productId":"","purchaseBit":0,"licenseKey":""},{"campaignID":"139","attribution":0,"priority":"5","appToPromote":{"appToPromoteID":"2150","usesDefaultFrameImage":"0","usesDefaultCloseImage":"0","marketURL":"https:\/\/play.google.com\/store\/apps\/details?id=com.gss.traffic.rush.crazy.bike.rider","packageID":"com.gss.traffic.rush.crazy.bike.rider"},"showTemplate":1,"s2s_tracking_url":"https:\/\/play.google.com\/store\/apps\/details?id=com.gss.traffic.rush.crazy.bike.rider","activeCreativeID":"179","scenes":["12","1","8","6","15","2","9"],"campaignAdType":"Interstitial","productId":"","purchaseBit":0,"licenseKey":""},{"campaignID":"142","attribution":0,"priority":"5","appToPromote":{"appToPromoteID":"2164","usesDefaultFrameImage":"0","usesDefaultCloseImage":"0","marketURL":"https:\/\/play.google.com\/store\/apps\/details?id=com.vg.police.demolition.derby.crash.racing","packageID":"com.vg.police.demolition.derby.crash.racing"},"showTemplate":1,"s2s_tracking_url":"https:\/\/play.google.com\/store\/apps\/details?id=com.vg.police.demolition.derby.crash.racing","activeCreativeID":"182","scenes":["12","1","8","6","15","2","9"],"campaignAdType":"Interstitial","productId":"","purchaseBit":0,"licenseKey":""},{"campaignID":"146","attribution":0,"priority":"5","appToPromote":{"appToPromoteID":"2225","usesDefaultFrameImage":"0","usesDefaultCloseImage":"0","marketURL":"https:\/\/play.google.com\/store\/apps\/details?id=com.gss.offroad.policebiketransport","packageID":"com.gss.offroad.policebiketransport"},"showTemplate":1,"s2s_tracking_url":"https:\/\/play.google.com\/store\/apps\/details?id=com.gss.offroad.policebiketransport","activeCreativeID":"187","scenes":["12","1","8","6","15","2","9"],"campaignAdType":"Interstitial","productId":"","purchaseBit":0,"licenseKey":""},{"campaignID":"149","attribution":0,"priority":"5","appToPromote":{"appToPromoteID":"2224","usesDefaultFrameImage":"0","usesDefaultCloseImage":"0","marketURL":"https:\/\/play.google.com\/store\/apps\/details?id=com.vg.mega.city.construction.building.sim","packageID":"com.vg.mega.city.construction.building.sim"},"showTemplate":1,"s2s_tracking_url":"https:\/\/play.google.com\/store\/apps\/details?id=com.vg.mega.city.construction.building.sim","activeCreativeID":"191","scenes":["12","1","8","6","15","2","9"],"campaignAdType":"Interstitial","productId":"","purchaseBit":0,"licenseKey":""},{"campaignID":"150","attribution":0,"priority":"5","appToPromote":{"appToPromoteID":"2224","usesDefaultFrameImage":"0","usesDefaultCloseImage":"0","marketURL":"https:\/\/play.google.com\/store\/apps\/details?id=com.vg.mega.city.construction.building.sim","packageID":"com.vg.mega.city.construction.building.sim"},"showTemplate":1,"s2s_tracking_url":"https:\/\/play.google.com\/store\/apps\/details?id=com.vg.mega.city.construction.building.sim","activeCreativeID":"191","scenes":["12","1","8","6","15","2","9"],"campaignAdType":"Interstitial","productId":"","purchaseBit":0,"licenseKey":""},{"campaignID":"155","attribution":0,"priority":"5","appToPromote":{"appToPromoteID":"2226","usesDefaultFrameImage":"0","usesDefaultCloseImage":"0","marketURL":"https:\/\/play.google.com\/store\/apps\/details?id=com.gss.garage.workshop.carmehanic","packageID":"com.gss.garage.workshop.carmehanic"},"showTemplate":1,"s2s_tracking_url":"https:\/\/play.google.com\/store\/apps\/details?id=com.gss.garage.workshop.carmehanic","activeCreativeID":"197","scenes":["12","1","8","6","15","2","9"],"campaignAdType":"Interstitial","productId":"","purchaseBit":0,"licenseKey":""},{"campaignID":"156","attribution":0,"priority":"5","appToPromote":{"appToPromoteID":"2227","usesDefaultFrameImage":"0","usesDefaultCloseImage":"0","marketURL":"https:\/\/play.google.com\/store\/apps\/details?id=com.tgp.offroad.extreme.multi.cargotruck","packageID":"com.tgp.offroad.extreme.multi.cargotruck"},"showTemplate":1,"s2s_tracking_url":"https:\/\/play.google.com\/store\/apps\/details?id=com.tgp.offroad.extreme.multi.cargotruck","activeCreativeID":"198","scenes":["12","1","8","6","15","2","9"],"campaignAdType":"Interstitial","productId":"","purchaseBit":0,"licenseKey":""},{"campaignID":"163","attribution":0,"priority":"5","appToPromote":{"appToPromoteID":"2349","usesDefaultFrameImage":"0","usesDefaultCloseImage":"0","marketURL":"https:\/\/play.google.com\/store\/apps\/details?id=com.gss.city.war.survival.robothero","packageID":"com.gss.city.war.survival.robothero"},"showTemplate":1,"s2s_tracking_url":"https:\/\/play.google.com\/store\/apps\/details?id=com.gss.city.war.survival.robothero","activeCreativeID":"207","scenes":["12","1","8","6","15","2","9"],"campaignAdType":"Interstitial","productId":"","purchaseBit":0,"licenseKey":""},{"campaignID":"164","attribution":0,"priority":"5","appToPromote":{"appToPromoteID":"2350","usesDefaultFrameImage":"0","usesDefaultCloseImage":"0","marketURL":"https:\/\/play.google.com\/store\/apps\/details?id=com.tgp.car.robot.transport.truck","packageID":"com.tgp.car.robot.transport.truck"},"showTemplate":1,"s2s_tracking_url":"https:\/\/play.google.com\/store\/apps\/details?id=com.tgp.car.robot.transport.truck","activeCreativeID":"211","scenes":["12","1","8","6","15","2","9"],"campaignAdType":"Interstitial","productId":"","purchaseBit":0,"licenseKey":""},{"campaignID":"166","attribution":0,"priority":"5","appToPromote":{"appToPromoteID":"2273","usesDefaultFrameImage":"0","usesDefaultCloseImage":"0","marketURL":"https:\/\/play.google.com\/store\/apps\/details?id=com.gss.police.automechanic.repair.workshop","packageID":"com.gss.police.automechanic.repair.workshop"},"showTemplate":1,"s2s_tracking_url":"https:\/\/play.google.com\/store\/apps\/details?id=com.gss.police.automechanic.repair.workshop","activeCreativeID":"217","scenes":["12","1","8","6","15","2","9"],"campaignAdType":"Interstitial","productId":"","purchaseBit":0,"licenseKey":""},{"campaignID":"167","attribution":0,"priority":"5","appToPromote":{"appToPromoteID":"2348","usesDefaultFrameImage":"0","usesDefaultCloseImage":"0","marketURL":"https:\/\/play.google.com\/store\/apps\/details?id=com.vg.rollercoaster.crazy.tycoon.tour","packageID":"com.vg.rollercoaster.crazy.tycoon.tour"},"showTemplate":1,"s2s_tracking_url":"https:\/\/play.google.com\/store\/apps\/details?id=com.vg.rollercoaster.crazy.tycoon.tour","activeCreativeID":"218","scenes":["12","1","8","6","15","2","9"],"campaignAdType":"Interstitial","productId":"","purchaseBit":0,"licenseKey":""},{"campaignID":"214","attribution":0,"priority":"5","appToPromote":{"appToPromoteID":"2613","usesDefaultFrameImage":"0","usesDefaultCloseImage":"0","marketURL":"https:\/\/play.google.com\/store\/apps\/details?id=com.gss.robot.bike.transport.truck","packageID":"com.gss.robot.bike.transport.truck"},"showTemplate":1,"s2s_tracking_url":"https:\/\/play.google.com\/store\/apps\/details?id=com.gss.robot.bike.transport.truck","activeCreativeID":"295","scenes":["12","1","8","6","15","2","9"],"campaignAdType":"Interstitial","productId":"","purchaseBit":0,"licenseKey":""},{"campaignID":"303","attribution":0,"priority":"5","appToPromote":{"appToPromoteID":"2642","usesDefaultFrameImage":"0","usesDefaultCloseImage":"0","marketURL":"https:\/\/play.google.com\/store\/apps\/details?id=com.tgp.offroad.robot.transport.truck","packageID":"com.tgp.offroad.robot.transport.truck"},"showTemplate":1,"s2s_tracking_url":"https:\/\/play.google.com\/store\/apps\/details?id=com.tgp.offroad.robot.transport.truck","activeCreativeID":"310","scenes":["12","1","8","6","15","2","9"],"campaignAdType":"Interstitial","productId":"","purchaseBit":0,"licenseKey":""},{"campaignID":"358","attribution":0,"priority":"5","appToPromote":{"appToPromoteID":"2917","usesDefaultFrameImage":"0","usesDefaultCloseImage":"0","marketURL":"https:\/\/play.google.com\/store\/apps\/details?id=com.gamefeast.touristbus.highway.driver.sim","packageID":"com.gamefeast.touristbus.highway.driver.sim"},"showTemplate":1,"s2s_tracking_url":"https:\/\/play.google.com\/store\/apps\/details?id=com.gamefeast.touristbus.highway.driver.sim","activeCreativeID":"377","scenes":["12","1","8","6","15","2","9"],"campaignAdType":"Interstitial","productId":"","purchaseBit":0,"licenseKey":""},{"campaignID":"370","attribution":0,"priority":"5","appToPromote":{"appToPromoteID":"3065","usesDefaultFrameImage":"0","usesDefaultCloseImage":"0","marketURL":"https:\/\/play.google.com\/store\/apps\/details?id=com.gss.raft.survival.island.escape","packageID":"com.gss.raft.survival.island.escape"},"showTemplate":1,"s2s_tracking_url":"https:\/\/play.google.com\/store\/apps\/details?id=com.gss.raft.survival.island.escape","activeCreativeID":"391","scenes":["12","1","8","6","15","2","9"],"campaignAdType":"Interstitial","productId":"","purchaseBit":0,"licenseKey":""},{"campaignID":"371","attribution":0,"priority":"5","appToPromote":{"appToPromoteID":"3117","usesDefaultFrameImage":"0","usesDefaultCloseImage":"0","marketURL":"https:\/\/play.google.com\/store\/apps\/details?id=com.vg.fast.car.driver.furiousracing","packageID":"com.vg.fast.car.driver.furiousracing"},"showTemplate":1,"s2s_tracking_url":"https:\/\/play.google.com\/store\/apps\/details?id=com.vg.fast.car.driver.furiousracing","activeCreativeID":"392","scenes":["12","1","8","6","15","2","9"],"campaignAdType":"Interstitial","productId":"","purchaseBit":0,"licenseKey":""},{"campaignID":"372","attribution":0,"priority":"5","appToPromote":{"appToPromoteID":"2938","usesDefaultFrameImage":"0","usesDefaultCloseImage":"0","marketURL":"https:\/\/play.google.com\/store\/apps\/details?id=com.tgp.offroad.us.army.transport","packageID":"com.tgp.offroad.us.army.transport"},"showTemplate":1,"s2s_tracking_url":"https:\/\/play.google.com\/store\/apps\/details?id=com.tgp.offroad.us.army.transport","activeCreativeID":"393","scenes":["12","1","8","6","15","2","9"],"campaignAdType":"Interstitial","productId":"","purchaseBit":0,"licenseKey":""},{"campaignID":"396","attribution":0,"priority":"5","appToPromote":{"appToPromoteID":"3019","usesDefaultFrameImage":"0","usesDefaultCloseImage":"0","marketURL":"https:\/\/play.google.com\/store\/apps\/details?id=com.gss.robot.car.transport.truck","packageID":"com.gss.robot.car.transport.truck"},"showTemplate":1,"s2s_tracking_url":"https:\/\/play.google.com\/store\/apps\/details?id=com.gss.robot.car.transport.truck","activeCreativeID":"420","scenes":["12","1","8","6","15","2","9"],"campaignAdType":"Interstitial","productId":"","purchaseBit":0,"licenseKey":""}],"refreshAdRate":30,"mode":"Production","aspectRatio":"4_3","cdnPath":"https:\/\/df8ymybeo92md.cloudfront.net\/images\/","sentry_log":0,"local_logging":0,"sentry_dsn":"https:\/\/93ffa1c9a4124f67b8888a53265f751a:bbf998e04584477fa9a145838e9d3b26@sentry.io\/168994","sentry_initialization":1,"sentry_debugging":0,"bannerSizes":["1"],"aspectRatioVideo":"16_9","app_id":"1936","showPreRewardedDialogue":0,"showPostRewardedDialogue":0,"rewardCurrency":"coins","rewardValue":0,"isSkipable":1,"privacyPolicyURL":"https:\/\/www.consoliads.com\/privacy-policy\/","sessionToken":"e6DlOwuZGwpLspkbctR+skihaljX+Ih97dwJtEsL7VM\/yjVIZaFSoBfjnSlSRe1Y8E8h\/pf5zrMMQ6aJISDNqKaG4eSLNt6bDiKJ16xkxv+XcG+ekaRrHpYRTWMtEYLiQyFdIbIRFSOgmTvjtJYLwRi2dC76JMOvZHyektpv9Qg="}
Session token value is set


{"appKey":"b6cf3bbc179e3b767025729170fbb3cf","deviceID":"4639","stats":[{"campaignID":98,"packageID":"com.gss.offroad.policetransporttruck","sceneStats":[{"sceneID":"12","eventStats":"346,246,146,46,46,0,0"}]}],"sdkVersion":"2163","sessionToken":"e6DlOwuZGwpLspkbctR+skihaljX+Ih97dwJtEsL7VM\/yjVIZaFSoBfjnSlSRe1Y8E8h\/pf5zrMMQ6aJISDNqKaG4eSLNt6bDiKJ16xkxv+XcG+ekaRrHpYRTWMtEYLiQyFdIbIRFSOgmTvjtJYLwRi2dC76JMOvZHyektpv9Qg="}
cache_ttl value is correct

Refresh Ad Rate value is correct
mode value is set

 Aspect ratio value is correct
sentry_log value is set
local_logging value is set
sentry_initialization value is set
sentry_debugging value is set
showPreRewardedDialogue value is set
showPostRewardedDialogue value is set
isSkipable value is set
{"cache_ttl":10080,"cache_ttl_rewarded":10080,"cache_ttl_banner":10080,"cache_ttl_native":10080,"cache_ttl_icon":10080,"campaigns":[{"campaignID":"9384","attribution":0,"priority":"5","appToPromote":{"appToPromoteID":"13185","usesDefaultFrameImage":"0","usesDefaultCloseImage":"0","marketURL":"https:\/\/play.google.com\/store\/apps\/details?id=com.gamesarena.flying.bike.tricks.stunts&amp;referrer=utm_source=42matters.com&amp;utm_medium=api","packageID":"com.gamesarena.flying.bike.tricks.stunts"},"showTemplate":1,"s2s_tracking_url":"https:\/\/play.google.com\/store\/apps\/details?id=com.gamesarena.flying.bike.tricks.stunts&amp;referrer=utm_source=42matters.com&amp;utm_medium=api","activeCreativeID":"4829","scenes":["12","1","8","6","15","2"],"campaignAdType":"Interstitial","productId":"","purchaseBit":0,"licenseKey":""},{"campaignID":"9386","attribution":0,"priority":"5","appToPromote":{"appToPromoteID":"17764","usesDefaultFrameImage":"0","usesDefaultCloseImage":"0","marketURL":"https:\/\/play.google.com\/store\/apps\/details?id=com.visiblebody.atlas&amp;referrer=utm_source=42matters.com&amp;utm_medium=api","packageID":"com.gamesarena..test6324"},"showTemplate":1,"s2s_tracking_url":"https:\/\/play.google.com\/store\/apps\/details?id=com.visiblebody.atlas&amp;referrer=utm_source=42matters.com&amp;utm_medium=api","activeCreativeID":"4828","scenes":["12","1","8","6","15","2"],"campaignAdType":"Interstitial","productId":"","purchaseBit":0,"licenseKey":""},{"campaignID":"9389","attribution":0,"priority":"5","appToPromote":{"appToPromoteID":"13185","usesDefaultFrameImage":"0","usesDefaultCloseImage":"0","marketURL":"https:\/\/play.google.com\/store\/apps\/details?id=com.gamesarena.flying.bike.tricks.stunts&amp;referrer=utm_source=42matters.com&amp;utm_medium=api","packageID":"com.gamesarena.flying.bike.tricks.stunts"},"showTemplate":1,"s2s_tracking_url":"https:\/\/play.google.com\/store\/apps\/details?id=com.gamesarena.flying.bike.tricks.stunts&amp;referrer=utm_source=42matters.com&amp;utm_medium=api","activeCreativeID":"4829","scenes":["12","1","8","6","15","2"],"campaignAdType":"Interstitial","productId":"","purchaseBit":0,"licenseKey":""},{"campaignID":"9710","attribution":0,"priority":"5","appToPromote":{"appToPromoteID":"11385","usesDefaultFrameImage":"0","usesDefaultCloseImage":"0","marketURL":"https:\/\/play.google.com\/store\/apps\/details?id=com.play.io.car.mechanic.auto.repair.workshop","packageID":"com.play.io.car.mechanic.auto.repair.workshop"},"showTemplate":1,"s2s_tracking_url":"https:\/\/play.google.com\/store\/apps\/details?id=com.play.io.car.mechanic.auto.repair.workshop","activeCreativeID":"1309","scenes":["12","1","8","6","15","2"],"campaignAdType":"Video","productId":"","purchaseBit":0,"licenseKey":""},{"campaignID":"111","attribution":0,"priority":"5","appToPromote":{"appToPromoteID":"1969","usesDefaultFrameImage":"0","usesDefaultCloseImage":"0","marketURL":"https:\/\/play.google.com\/store\/apps\/details?id=com.vg.moto.airplane.transporter.police.plane","packageID":"com.vg.moto.airplane.transporter.police.plane"},"showTemplate":1,"s2s_tracking_url":"https:\/\/play.google.com\/store\/apps\/details?id=com.vg.moto.airplane.transporter.police.plane","activeCreativeID":"143","scenes":["12","1","8","6","15","2"],"campaignAdType":"Interstitial","productId":"","purchaseBit":0,"licenseKey":""},{"campaignID":"115","attribution":0,"priority":"5","appToPromote":{"appToPromoteID":"2018","usesDefaultFrameImage":"0","usesDefaultCloseImage":"0","marketURL":"https:\/\/play.google.com\/store\/apps\/details?id=com.tgp.multistorey.car.transporter.truck","packageID":"com.tgp.multistorey.car.transporter.truck"},"showTemplate":1,"s2s_tracking_url":"https:\/\/play.google.com\/store\/apps\/details?id=com.tgp.multistorey.car.transporter.truck","activeCreativeID":"149","scenes":["12","1","8","6","15","2"],"campaignAdType":"Interstitial","productId":"","purchaseBit":0,"licenseKey":""},{"campaignID":"139","attribution":0,"priority":"5","appToPromote":{"appToPromoteID":"2150","usesDefaultFrameImage":"0","usesDefaultCloseImage":"0","marketURL":"https:\/\/play.google.com\/store\/apps\/details?id=com.gss.traffic.rush.crazy.bike.rider","packageID":"com.gss.traffic.rush.crazy.bike.rider"},"showTemplate":1,"s2s_tracking_url":"https:\/\/play.google.com\/store\/apps\/details?id=com.gss.traffic.rush.crazy.bike.rider","activeCreativeID":"179","scenes":["12","1","8","6","15","2"],"campaignAdType":"Interstitial","productId":"","purchaseBit":0,"licenseKey":""},{"campaignID":"142","attribution":0,"priority":"5","appToPromote":{"appToPromoteID":"2164","usesDefaultFrameImage":"0","usesDefaultCloseImage":"0","marketURL":"https:\/\/play.google.com\/store\/apps\/details?id=com.vg.police.demolition.derby.crash.racing","packageID":"com.vg.police.demolition.derby.crash.racing"},"showTemplate":1,"s2s_tracking_url":"https:\/\/play.google.com\/store\/apps\/details?id=com.vg.police.demolition.derby.crash.racing","activeCreativeID":"182","scenes":["12","1","8","6","15","2"],"campaignAdType":"Interstitial","productId":"","purchaseBit":0,"licenseKey":""},{"campaignID":"146","attribution":0,"priority":"5","appToPromote":{"appToPromoteID":"2225","usesDefaultFrameImage":"0","usesDefaultCloseImage":"0","marketURL":"https:\/\/play.google.com\/store\/apps\/details?id=com.gss.offroad.policebiketransport","packageID":"com.gss.offroad.policebiketransport"},"showTemplate":1,"s2s_tracking_url":"https:\/\/play.google.com\/store\/apps\/details?id=com.gss.offroad.policebiketransport","activeCreativeID":"187","scenes":["12","1","8","6","15","2"],"campaignAdType":"Interstitial","productId":"","purchaseBit":0,"licenseKey":""},{"campaignID":"149","attribution":0,"priority":"5","appToPromote":{"appToPromoteID":"2224","usesDefaultFrameImage":"0","usesDefaultCloseImage":"0","marketURL":"https:\/\/play.google.com\/store\/apps\/details?id=com.vg.mega.city.construction.building.sim","packageID":"com.vg.mega.city.construction.building.sim"},"showTemplate":1,"s2s_tracking_url":"https:\/\/play.google.com\/store\/apps\/details?id=com.vg.mega.city.construction.building.sim","activeCreativeID":"191","scenes":["12","1","8","6","15","2"],"campaignAdType":"Interstitial","productId":"","purchaseBit":0,"licenseKey":""},{"campaignID":"150","attribution":0,"priority":"5","appToPromote":{"appToPromoteID":"2224","usesDefaultFrameImage":"0","usesDefaultCloseImage":"0","marketURL":"https:\/\/play.google.com\/store\/apps\/details?id=com.vg.mega.city.construction.building.sim","packageID":"com.vg.mega.city.construction.building.sim"},"showTemplate":1,"s2s_tracking_url":"https:\/\/play.google.com\/store\/apps\/details?id=com.vg.mega.city.construction.building.sim","activeCreativeID":"191","scenes":["12","1","8","6","15","2"],"campaignAdType":"Interstitial","productId":"","purchaseBit":0,"licenseKey":""},{"campaignID":"155","attribution":0,"priority":"5","appToPromote":{"appToPromoteID":"2226","usesDefaultFrameImage":"0","usesDefaultCloseImage":"0","marketURL":"https:\/\/play.google.com\/store\/apps\/details?id=com.gss.garage.workshop.carmehanic","packageID":"com.gss.garage.workshop.carmehanic"},"showTemplate":1,"s2s_tracking_url":"https:\/\/play.google.com\/store\/apps\/details?id=com.gss.garage.workshop.carmehanic","activeCreativeID":"197","scenes":["12","1","8","6","15","2"],"campaignAdType":"Interstitial","productId":"","purchaseBit":0,"licenseKey":""},{"campaignID":"156","attribution":0,"priority":"5","appToPromote":{"appToPromoteID":"2227","usesDefaultFrameImage":"0","usesDefaultCloseImage":"0","marketURL":"https:\/\/play.google.com\/store\/apps\/details?id=com.tgp.offroad.extreme.multi.cargotruck","packageID":"com.tgp.offroad.extreme.multi.cargotruck"},"showTemplate":1,"s2s_tracking_url":"https:\/\/play.google.com\/store\/apps\/details?id=com.tgp.offroad.extreme.multi.cargotruck","activeCreativeID":"198","scenes":["12","1","8","6","15","2"],"campaignAdType":"Interstitial","productId":"","purchaseBit":0,"licenseKey":""},{"campaignID":"163","attribution":0,"priority":"5","appToPromote":{"appToPromoteID":"2349","usesDefaultFrameImage":"0","usesDefaultCloseImage":"0","marketURL":"https:\/\/play.google.com\/store\/apps\/details?id=com.gss.city.war.survival.robothero","packageID":"com.gss.city.war.survival.robothero"},"showTemplate":1,"s2s_tracking_url":"https:\/\/play.google.com\/store\/apps\/details?id=com.gss.city.war.survival.robothero","activeCreativeID":"207","scenes":["12","1","8","6","15","2"],"campaignAdType":"Interstitial","productId":"","purchaseBit":0,"licenseKey":""},{"campaignID":"164","attribution":0,"priority":"5","appToPromote":{"appToPromoteID":"2350","usesDefaultFrameImage":"0","usesDefaultCloseImage":"0","marketURL":"https:\/\/play.google.com\/store\/apps\/details?id=com.tgp.car.robot.transport.truck","packageID":"com.tgp.car.robot.transport.truck"},"showTemplate":1,"s2s_tracking_url":"https:\/\/play.google.com\/store\/apps\/details?id=com.tgp.car.robot.transport.truck","activeCreativeID":"211","scenes":["12","1","8","6","15","2"],"campaignAdType":"Interstitial","productId":"","purchaseBit":0,"licenseKey":""},{"campaignID":"166","attribution":0,"priority":"5","appToPromote":{"appToPromoteID":"2273","usesDefaultFrameImage":"0","usesDefaultCloseImage":"0","marketURL":"https:\/\/play.google.com\/store\/apps\/details?id=com.gss.police.automechanic.repair.workshop","packageID":"com.gss.police.automechanic.repair.workshop"},"showTemplate":1,"s2s_tracking_url":"https:\/\/play.google.com\/store\/apps\/details?id=com.gss.police.automechanic.repair.workshop","activeCreativeID":"217","scenes":["12","1","8","6","15","2"],"campaignAdType":"Interstitial","productId":"","purchaseBit":0,"licenseKey":""},{"campaignID":"167","attribution":0,"priority":"5","appToPromote":{"appToPromoteID":"2348","usesDefaultFrameImage":"0","usesDefaultCloseImage":"0","marketURL":"https:\/\/play.google.com\/store\/apps\/details?id=com.vg.rollercoaster.crazy.tycoon.tour","packageID":"com.vg.rollercoaster.crazy.tycoon.tour"},"showTemplate":1,"s2s_tracking_url":"https:\/\/play.google.com\/store\/apps\/details?id=com.vg.rollercoaster.crazy.tycoon.tour","activeCreativeID":"218","scenes":["12","1","8","6","15","2"],"campaignAdType":"Interstitial","productId":"","purchaseBit":0,"licenseKey":""},{"campaignID":"214","attribution":0,"priority":"5","appToPromote":{"appToPromoteID":"2613","usesDefaultFrameImage":"0","usesDefaultCloseImage":"0","marketURL":"https:\/\/play.google.com\/store\/apps\/details?id=com.gss.robot.bike.transport.truck","packageID":"com.gss.robot.bike.transport.truck"},"showTemplate":1,"s2s_tracking_url":"https:\/\/play.google.com\/store\/apps\/details?id=com.gss.robot.bike.transport.truck","activeCreativeID":"295","scenes":["12","1","8","6","15","2"],"campaignAdType":"Interstitial","productId":"","purchaseBit":0,"licenseKey":""},{"campaignID":"303","attribution":0,"priority":"5","appToPromote":{"appToPromoteID":"2642","usesDefaultFrameImage":"0","usesDefaultCloseImage":"0","marketURL":"https:\/\/play.google.com\/store\/apps\/details?id=com.tgp.offroad.robot.transport.truck","packageID":"com.tgp.offroad.robot.transport.truck"},"showTemplate":1,"s2s_tracking_url":"https:\/\/play.google.com\/store\/apps\/details?id=com.tgp.offroad.robot.transport.truck","activeCreativeID":"310","scenes":["12","1","8","6","15","2"],"campaignAdType":"Interstitial","productId":"","purchaseBit":0,"licenseKey":""},{"campaignID":"358","attribution":0,"priority":"5","appToPromote":{"appToPromoteID":"2917","usesDefaultFrameImage":"0","usesDefaultCloseImage":"0","marketURL":"https:\/\/play.google.com\/store\/apps\/details?id=com.gamefeast.touristbus.highway.driver.sim","packageID":"com.gamefeast.touristbus.highway.driver.sim"},"showTemplate":1,"s2s_tracking_url":"https:\/\/play.google.com\/store\/apps\/details?id=com.gamefeast.touristbus.highway.driver.sim","activeCreativeID":"377","scenes":["12","1","8","6","15","2"],"campaignAdType":"Interstitial","productId":"","purchaseBit":0,"licenseKey":""},{"campaignID":"370","attribution":0,"priority":"5","appToPromote":{"appToPromoteID":"3065","usesDefaultFrameImage":"0","usesDefaultCloseImage":"0","marketURL":"https:\/\/play.google.com\/store\/apps\/details?id=com.gss.raft.survival.island.escape","packageID":"com.gss.raft.survival.island.escape"},"showTemplate":1,"s2s_tracking_url":"https:\/\/play.google.com\/store\/apps\/details?id=com.gss.raft.survival.island.escape","activeCreativeID":"391","scenes":["12","1","8","6","15","2"],"campaignAdType":"Interstitial","productId":"","purchaseBit":0,"licenseKey":""},{"campaignID":"371","attribution":0,"priority":"5","appToPromote":{"appToPromoteID":"3117","usesDefaultFrameImage":"0","usesDefaultCloseImage":"0","marketURL":"https:\/\/play.google.com\/store\/apps\/details?id=com.vg.fast.car.driver.furiousracing","packageID":"com.vg.fast.car.driver.furiousracing"},"showTemplate":1,"s2s_tracking_url":"https:\/\/play.google.com\/store\/apps\/details?id=com.vg.fast.car.driver.furiousracing","activeCreativeID":"392","scenes":["12","1","8","6","15","2"],"campaignAdType":"Interstitial","productId":"","purchaseBit":0,"licenseKey":""},{"campaignID":"372","attribution":0,"priority":"5","appToPromote":{"appToPromoteID":"2938","usesDefaultFrameImage":"0","usesDefaultCloseImage":"0","marketURL":"https:\/\/play.google.com\/store\/apps\/details?id=com.tgp.offroad.us.army.transport","packageID":"com.tgp.offroad.us.army.transport"},"showTemplate":1,"s2s_tracking_url":"https:\/\/play.google.com\/store\/apps\/details?id=com.tgp.offroad.us.army.transport","activeCreativeID":"393","scenes":["12","1","8","6","15","2"],"campaignAdType":"Interstitial","productId":"","purchaseBit":0,"licenseKey":""},{"campaignID":"396","attribution":0,"priority":"5","appToPromote":{"appToPromoteID":"3019","usesDefaultFrameImage":"0","usesDefaultCloseImage":"0","marketURL":"https:\/\/play.google.com\/store\/apps\/details?id=com.gss.robot.car.transport.truck","packageID":"com.gss.robot.car.transport.truck"},"showTemplate":1,"s2s_tracking_url":"https:\/\/play.google.com\/store\/apps\/details?id=com.gss.robot.car.transport.truck","activeCreativeID":"420","scenes":["12","1","8","6","15","2"],"campaignAdType":"Interstitial","productId":"","purchaseBit":0,"licenseKey":""},{"campaignID":"397","attribution":0,"priority":"5","appToPromote":{"appToPromoteID":"3108","usesDefaultFrameImage":"0","usesDefaultCloseImage":"0","marketURL":"https:\/\/play.google.com\/store\/apps\/details?id=com.vg.amazing.city.coachbusdriver","packageID":"com.vg.amazing.city.coachbusdriver"},"showTemplate":1,"s2s_tracking_url":"https:\/\/play.google.com\/store\/apps\/details?id=com.vg.amazing.city.coachbusdriver","activeCreativeID":"417","scenes":["12","1","8","6","15","2"],"campaignAdType":"Interstitial","productId":"","purchaseBit":0,"licenseKey":""}],"refreshAdRate":30,"mode":"Production","aspectRatio":"4_3","cdnPath":"https:\/\/df8ymybeo92md.cloudfront.net\/images\/","sentry_log":0,"local_logging":0,"sentry_dsn":"https:\/\/93ffa1c9a4124f67b8888a53265f751a:bbf998e04584477fa9a145838e9d3b26@sentry.io\/168994","sentry_initialization":1,"sentry_debugging":0,"bannerSizes":["1"],"aspectRatioVideo":"16_9","app_id":"1937","showPreRewardedDialogue":0,"showPostRewardedDialogue":0,"rewardCurrency":"coins","rewardValue":0,"isSkipable":0,"privacyPolicyURL":"https:\/\/www.consoliads.com\/privacy-policy\/","sessionToken":"CvVh\/6yxnm6ukIcz\/FyysgZ1YHN\/CaPRdbRGEMj0ydXCbJEPvoCdxZUgXPxCfWZrBZorV3m6A9QQ8Qwma8RqjtHdleHnsC1dH4ldfUD2JDhAkd1CTGKUT9HbPCWPwNl6yuu+TGKr5UiYlIrXwQuO1arJxIO+FHq5bWBveayImBA="}
Session token value is set


{"appKey":"b6cf3bbc179e3b767025729170fbb3cf","deviceID":"1303","stats":[{"campaignID":6770,"packageID":"com.gss.offroad.policetransporttruck","sceneStats":[{"sceneID":"4","eventStats":"313,213,113,13,13,0,0"}]}],"sdkVersion":"2163","sessionToken":"CvVh\/6yxnm6ukIcz\/FyysgZ1YHN\/CaPRdbRGEMj0ydXCbJEPvoCdxZUgXPxCfWZrBZorV3m6A9QQ8Qwma8RqjtHdleHnsC1dH4ldfUD2JDhAkd1CTGKUT9HbPCWPwNl6yuu+TGKr5UiYlIrXwQuO1arJxIO+FHq5bWBveayImBA="}
cache_ttl value is correct

Refresh Ad Rate value is correct
mode value is set

 Aspect ratio value is correct
sentry_log value is set
local_logging value is set
sentry_initialization value is set
sentry_debugging value is set
showPreRewardedDialogue value is set
showPostRewardedDialogue value is set
isSkipable value is set
{"cache_ttl":10080,"cache_ttl_rewarded":10080,"cache_ttl_banner":10080,"cache_ttl_native":10080,"cache_ttl_icon":10080,"campaigns":[{"campaignID":"9384","attribution":0,"priority":"5","appToPromote":{"appToPromoteID":"13185","usesDefaultFrameImage":"0","usesDefaultCloseImage":"0","marketURL":"https:\/\/play.google.com\/store\/apps\/details?id=com.gamesarena.flying.bike.tricks.stunts&amp;referrer=utm_source=42matters.com&amp;utm_medium=api","packageID":"com.gamesarena.flying.bike.tricks.stunts"},"showTemplate":1,"s2s_tracking_url":"https:\/\/play.google.com\/store\/apps\/details?id=com.gamesarena.flying.bike.tricks.stunts&amp;referrer=utm_source=42matters.com&amp;utm_medium=api","activeCreativeID":"4829","scenes":["12","1","8","6","15","2"],"campaignAdType":"Interstitial","productId":"","purchaseBit":0,"licenseKey":""},{"campaignID":"9386","attribution":0,"priority":"5","appToPromote":{"appToPromoteID":"17764","usesDefaultFrameImage":"0","usesDefaultCloseImage":"0","marketURL":"https:\/\/play.google.com\/store\/apps\/details?id=com.visiblebody.atlas&amp;referrer=utm_source=42matters.com&amp;utm_medium=api","packageID":"com.gamesarena..test6324"},"showTemplate":1,"s2s_tracking_url":"https:\/\/play.google.com\/store\/apps\/details?id=com.visiblebody.atlas&amp;referrer=utm_source=42matters.com&amp;utm_medium=api","activeCreativeID":"4828","scenes":["12","1","8","6","15","2"],"campaignAdType":"Interstitial","productId":"","purchaseBit":0,"licenseKey":""},{"campaignID":"9389","attribution":0,"priority":"5","appToPromote":{"appToPromoteID":"13185","usesDefaultFrameImage":"0","usesDefaultCloseImage":"0","marketURL":"https:\/\/play.google.com\/store\/apps\/details?id=com.gamesarena.flying.bike.tricks.stunts&amp;referrer=utm_source=42matters.com&amp;utm_medium=api","packageID":"com.gamesarena.flying.bike.tricks.stunts"},"showTemplate":1,"s2s_tracking_url":"https:\/\/play.google.com\/store\/apps\/details?id=com.gamesarena.flying.bike.tricks.stunts&amp;referrer=utm_source=42matters.com&amp;utm_medium=api","activeCreativeID":"4829","scenes":["12","1","8","6","15","2"],"campaignAdType":"Interstitial","productId":"","purchaseBit":0,"licenseKey":""},{"campaignID":"9710","attribution":0,"priority":"5","appToPromote":{"appToPromoteID":"11385","usesDefaultFrameImage":"0","usesDefaultCloseImage":"0","marketURL":"https:\/\/play.google.com\/store\/apps\/details?id=com.play.io.car.mechanic.auto.repair.workshop","packageID":"com.play.io.car.mechanic.auto.repair.workshop"},"showTemplate":1,"s2s_tracking_url":"https:\/\/play.google.com\/store\/apps\/details?id=com.play.io.car.mechanic.auto.repair.workshop","activeCreativeID":"1309","scenes":["12","1","8","6","15","2"],"campaignAdType":"Video","productId":"","purchaseBit":0,"licenseKey":""},{"campaignID":"111","attribution":0,"priority":"5","appToPromote":{"appToPromoteID":"1969","usesDefaultFrameImage":"0","usesDefaultCloseImage":"0","marketURL":"https:\/\/play.google.com\/store\/apps\/details?id=com.vg.moto.airplane.transporter.police.plane","packageID":"com.vg.moto.airplane.transporter.police.plane"},"showTemplate":1,"s2s_tracking_url":"https:\/\/play.google.com\/store\/apps\/details?id=com.vg.moto.airplane.transporter.police.plane","activeCreativeID":"143","scenes":["12","1","8","6","15","2"],"campaignAdType":"Interstitial","productId":"","purchaseBit":0,"licenseKey":""},{"campaignID":"115","attribution":0,"priority":"5","appToPromote":{"appToPromoteID":"2018","usesDefaultFrameImage":"0","usesDefaultCloseImage":"0","marketURL":"https:\/\/play.google.com\/store\/apps\/details?id=com.tgp.multistorey.car.transporter.truck","packageID":"com.tgp.multistorey.car.transporter.truck"},"showTemplate":1,"s2s_tracking_url":"https:\/\/play.google.com\/store\/apps\/details?id=com.tgp.multistorey.car.transporter.truck","activeCreativeID":"149","scenes":["12","1","8","6","15","2"],"campaignAdType":"Interstitial","productId":"","purchaseBit":0,"licenseKey":""},{"campaignID":"139","attribution":0,"priority":"5","appToPromote":{"appToPromoteID":"2150","usesDefaultFrameImage":"0","usesDefaultCloseImage":"0","marketURL":"https:\/\/play.google.com\/store\/apps\/details?id=com.gss.traffic.rush.crazy.bike.rider","packageID":"com.gss.traffic.rush.crazy.bike.rider"},"showTemplate":1,"s2s_tracking_url":"https:\/\/play.google.com\/store\/apps\/details?id=com.gss.traffic.rush.crazy.bike.rider","activeCreativeID":"179","scenes":["12","1","8","6","15","2"],"campaignAdType":"Interstitial","productId":"","purchaseBit":0,"licenseKey":""},{"campaignID":"142","attribution":0,"priority":"5","appToPromote":{"appToPromoteID":"2164","usesDefaultFrameImage":"0","usesDefaultCloseImage":"0","marketURL":"https:\/\/play.google.com\/store\/apps\/details?id=com.vg.police.demolition.derby.crash.racing","packageID":"com.vg.police.demolition.derby.crash.racing"},"showTemplate":1,"s2s_tracking_url":"https:\/\/play.google.com\/store\/apps\/details?id=com.vg.police.demolition.derby.crash.racing","activeCreativeID":"182","scenes":["12","1","8","6","15","2"],"campaignAdType":"Interstitial","productId":"","purchaseBit":0,"licenseKey":""},{"campaignID":"146","attribution":0,"priority":"5","appToPromote":{"appToPromoteID":"2225","usesDefaultFrameImage":"0","usesDefaultCloseImage":"0","marketURL":"https:\/\/play.google.com\/store\/apps\/details?id=com.gss.offroad.policebiketransport","packageID":"com.gss.offroad.policebiketransport"},"showTemplate":1,"s2s_tracking_url":"https:\/\/play.google.com\/store\/apps\/details?id=com.gss.offroad.policebiketransport","activeCreativeID":"187","scenes":["12","1","8","6","15","2"],"campaignAdType":"Interstitial","productId":"","purchaseBit":0,"licenseKey":""},{"campaignID":"149","attribution":0,"priority":"5","appToPromote":{"appToPromoteID":"2224","usesDefaultFrameImage":"0","usesDefaultCloseImage":"0","marketURL":"https:\/\/play.google.com\/store\/apps\/details?id=com.vg.mega.city.construction.building.sim","packageID":"com.vg.mega.city.construction.building.sim"},"showTemplate":1,"s2s_tracking_url":"https:\/\/play.google.com\/store\/apps\/details?id=com.vg.mega.city.construction.building.sim","activeCreativeID":"191","scenes":["12","1","8","6","15","2"],"campaignAdType":"Interstitial","productId":"","purchaseBit":0,"licenseKey":""},{"campaignID":"150","attribution":0,"priority":"5","appToPromote":{"appToPromoteID":"2224","usesDefaultFrameImage":"0","usesDefaultCloseImage":"0","marketURL":"https:\/\/play.google.com\/store\/apps\/details?id=com.vg.mega.city.construction.building.sim","packageID":"com.vg.mega.city.construction.building.sim"},"showTemplate":1,"s2s_tracking_url":"https:\/\/play.google.com\/store\/apps\/details?id=com.vg.mega.city.construction.building.sim","activeCreativeID":"191","scenes":["12","1","8","6","15","2"],"campaignAdType":"Interstitial","productId":"","purchaseBit":0,"licenseKey":""},{"campaignID":"155","attribution":0,"priority":"5","appToPromote":{"appToPromoteID":"2226","usesDefaultFrameImage":"0","usesDefaultCloseImage":"0","marketURL":"https:\/\/play.google.com\/store\/apps\/details?id=com.gss.garage.workshop.carmehanic","packageID":"com.gss.garage.workshop.carmehanic"},"showTemplate":1,"s2s_tracking_url":"https:\/\/play.google.com\/store\/apps\/details?id=com.gss.garage.workshop.carmehanic","activeCreativeID":"197","scenes":["12","1","8","6","15","2"],"campaignAdType":"Interstitial","productId":"","purchaseBit":0,"licenseKey":""},{"campaignID":"156","attribution":0,"priority":"5","appToPromote":{"appToPromoteID":"2227","usesDefaultFrameImage":"0","usesDefaultCloseImage":"0","marketURL":"https:\/\/play.google.com\/store\/apps\/details?id=com.tgp.offroad.extreme.multi.cargotruck","packageID":"com.tgp.offroad.extreme.multi.cargotruck"},"showTemplate":1,"s2s_tracking_url":"https:\/\/play.google.com\/store\/apps\/details?id=com.tgp.offroad.extreme.multi.cargotruck","activeCreativeID":"198","scenes":["12","1","8","6","15","2"],"campaignAdType":"Interstitial","productId":"","purchaseBit":0,"licenseKey":""},{"campaignID":"163","attribution":0,"priority":"5","appToPromote":{"appToPromoteID":"2349","usesDefaultFrameImage":"0","usesDefaultCloseImage":"0","marketURL":"https:\/\/play.google.com\/store\/apps\/details?id=com.gss.city.war.survival.robothero","packageID":"com.gss.city.war.survival.robothero"},"showTemplate":1,"s2s_tracking_url":"https:\/\/play.google.com\/store\/apps\/details?id=com.gss.city.war.survival.robothero","activeCreativeID":"207","scenes":["12","1","8","6","15","2"],"campaignAdType":"Interstitial","productId":"","purchaseBit":0,"licenseKey":""},{"campaignID":"164","attribution":0,"priority":"5","appToPromote":{"appToPromoteID":"2350","usesDefaultFrameImage":"0","usesDefaultCloseImage":"0","marketURL":"https:\/\/play.google.com\/store\/apps\/details?id=com.tgp.car.robot.transport.truck","packageID":"com.tgp.car.robot.transport.truck"},"showTemplate":1,"s2s_tracking_url":"https:\/\/play.google.com\/store\/apps\/details?id=com.tgp.car.robot.transport.truck","activeCreativeID":"211","scenes":["12","1","8","6","15","2"],"campaignAdType":"Interstitial","productId":"","purchaseBit":0,"licenseKey":""},{"campaignID":"166","attribution":0,"priority":"5","appToPromote":{"appToPromoteID":"2273","usesDefaultFrameImage":"0","usesDefaultCloseImage":"0","marketURL":"https:\/\/play.google.com\/store\/apps\/details?id=com.gss.police.automechanic.repair.workshop","packageID":"com.gss.police.automechanic.repair.workshop"},"showTemplate":1,"s2s_tracking_url":"https:\/\/play.google.com\/store\/apps\/details?id=com.gss.police.automechanic.repair.workshop","activeCreativeID":"217","scenes":["12","1","8","6","15","2"],"campaignAdType":"Interstitial","productId":"","purchaseBit":0,"licenseKey":""},{"campaignID":"167","attribution":0,"priority":"5","appToPromote":{"appToPromoteID":"2348","usesDefaultFrameImage":"0","usesDefaultCloseImage":"0","marketURL":"https:\/\/play.google.com\/store\/apps\/details?id=com.vg.rollercoaster.crazy.tycoon.tour","packageID":"com.vg.rollercoaster.crazy.tycoon.tour"},"showTemplate":1,"s2s_tracking_url":"https:\/\/play.google.com\/store\/apps\/details?id=com.vg.rollercoaster.crazy.tycoon.tour","activeCreativeID":"218","scenes":["12","1","8","6","15","2"],"campaignAdType":"Interstitial","productId":"","purchaseBit":0,"licenseKey":""},{"campaignID":"214","attribution":0,"priority":"5","appToPromote":{"appToPromoteID":"2613","usesDefaultFrameImage":"0","usesDefaultCloseImage":"0","marketURL":"https:\/\/play.google.com\/store\/apps\/details?id=com.gss.robot.bike.transport.truck","packageID":"com.gss.robot.bike.transport.truck"},"showTemplate":1,"s2s_tracking_url":"https:\/\/play.google.com\/store\/apps\/details?id=com.gss.robot.bike.transport.truck","activeCreativeID":"295","scenes":["12","1","8","6","15","2"],"campaignAdType":"Interstitial","productId":"","purchaseBit":0,"licenseKey":""},{"campaignID":"303","attribution":0,"priority":"5","appToPromote":{"appToPromoteID":"2642","usesDefaultFrameImage":"0","usesDefaultCloseImage":"0","marketURL":"https:\/\/play.google.com\/store\/apps\/details?id=com.tgp.offroad.robot.transport.truck","packageID":"com.tgp.offroad.robot.transport.truck"},"showTemplate":1,"s2s_tracking_url":"https:\/\/play.google.com\/store\/apps\/details?id=com.tgp.offroad.robot.transport.truck","activeCreativeID":"310","scenes":["12","1","8","6","15","2"],"campaignAdType":"Interstitial","productId":"","purchaseBit":0,"licenseKey":""},{"campaignID":"358","attribution":0,"priority":"5","appToPromote":{"appToPromoteID":"2917","usesDefaultFrameImage":"0","usesDefaultCloseImage":"0","marketURL":"https:\/\/play.google.com\/store\/apps\/details?id=com.gamefeast.touristbus.highway.driver.sim","packageID":"com.gamefeast.touristbus.highway.driver.sim"},"showTemplate":1,"s2s_tracking_url":"https:\/\/play.google.com\/store\/apps\/details?id=com.gamefeast.touristbus.highway.driver.sim","activeCreativeID":"377","scenes":["12","1","8","6","15","2"],"campaignAdType":"Interstitial","productId":"","purchaseBit":0,"licenseKey":""},{"campaignID":"370","attribution":0,"priority":"5","appToPromote":{"appToPromoteID":"3065","usesDefaultFrameImage":"0","usesDefaultCloseImage":"0","marketURL":"https:\/\/play.google.com\/store\/apps\/details?id=com.gss.raft.survival.island.escape","packageID":"com.gss.raft.survival.island.escape"},"showTemplate":1,"s2s_tracking_url":"https:\/\/play.google.com\/store\/apps\/details?id=com.gss.raft.survival.island.escape","activeCreativeID":"391","scenes":["12","1","8","6","15","2"],"campaignAdType":"Interstitial","productId":"","purchaseBit":0,"licenseKey":""},{"campaignID":"371","attribution":0,"priority":"5","appToPromote":{"appToPromoteID":"3117","usesDefaultFrameImage":"0","usesDefaultCloseImage":"0","marketURL":"https:\/\/play.google.com\/store\/apps\/details?id=com.vg.fast.car.driver.furiousracing","packageID":"com.vg.fast.car.driver.furiousracing"},"showTemplate":1,"s2s_tracking_url":"https:\/\/play.google.com\/store\/apps\/details?id=com.vg.fast.car.driver.furiousracing","activeCreativeID":"392","scenes":["12","1","8","6","15","2"],"campaignAdType":"Interstitial","productId":"","purchaseBit":0,"licenseKey":""},{"campaignID":"372","attribution":0,"priority":"5","appToPromote":{"appToPromoteID":"2938","usesDefaultFrameImage":"0","usesDefaultCloseImage":"0","marketURL":"https:\/\/play.google.com\/store\/apps\/details?id=com.tgp.offroad.us.army.transport","packageID":"com.tgp.offroad.us.army.transport"},"showTemplate":1,"s2s_tracking_url":"https:\/\/play.google.com\/store\/apps\/details?id=com.tgp.offroad.us.army.transport","activeCreativeID":"393","scenes":["12","1","8","6","15","2"],"campaignAdType":"Interstitial","productId":"","purchaseBit":0,"licenseKey":""},{"campaignID":"396","attribution":0,"priority":"5","appToPromote":{"appToPromoteID":"3019","usesDefaultFrameImage":"0","usesDefaultCloseImage":"0","marketURL":"https:\/\/play.google.com\/store\/apps\/details?id=com.gss.robot.car.transport.truck","packageID":"com.gss.robot.car.transport.truck"},"showTemplate":1,"s2s_tracking_url":"https:\/\/play.google.com\/store\/apps\/details?id=com.gss.robot.car.transport.truck","activeCreativeID":"420","scenes":["12","1","8","6","15","2"],"campaignAdType":"Interstitial","productId":"","purchaseBit":0,"licenseKey":""},{"campaignID":"397","attribution":0,"priority":"5","appToPromote":{"appToPromoteID":"3108","usesDefaultFrameImage":"0","usesDefaultCloseImage":"0","marketURL":"https:\/\/play.google.com\/store\/apps\/details?id=com.vg.amazing.city.coachbusdriver","packageID":"com.vg.amazing.city.coachbusdriver"},"showTemplate":1,"s2s_tracking_url":"https:\/\/play.google.com\/store\/apps\/details?id=com.vg.amazing.city.coachbusdriver","activeCreativeID":"417","scenes":["12","1","8","6","15","2"],"campaignAdType":"Interstitial","productId":"","purchaseBit":0,"licenseKey":""}],"refreshAdRate":30,"mode":"Production","aspectRatio":"4_3","cdnPath":"https:\/\/df8ymybeo92md.cloudfront.net\/images\/","sentry_log":0,"local_logging":0,"sentry_dsn":"https:\/\/93ffa1c9a4124f67b8888a53265f751a:bbf998e04584477fa9a145838e9d3b26@sentry.io\/168994","sentry_initialization":1,"sentry_debugging":0,"bannerSizes":["1"],"aspectRatioVideo":"16_9","app_id":"1937","showPreRewardedDialogue":0,"showPostRewardedDialogue":0,"rewardCurrency":"coins","rewardValue":0,"isSkipable":0,"privacyPolicyURL":"https:\/\/www.consoliads.com\/privacy-policy\/","sessionToken":"Ia+O2t2uQc7lI3ZUpTPAWAQ\/Ee3dhE5brlVXQYpNi4iaHC1ygRyDCIGNyh8GQ8TdRb7EiaM8C6fVAMMYYEt5Zq05aDRN1xxx0SP+9Veru6499gIBgYTa7NAerljZNkJINtg4JuQ0\/2STb8q0HamREafOiSym31ADq+7ei8\/DFQk="}
Session token value is set


{"appKey":"7d25f21b1692382e5507c792271446d8","deviceID":"7093","stats":[{"campaignID":123,"packageID":"com.mizo.taxi.driving.simII","sceneStats":[{"sceneID":"18","eventStats":"371,271,171,71,71,0,0"}]}],"sdkVersion":"90","sessionToken":"Ia+O2t2uQc7lI3ZUpTPAWAQ\/Ee3dhE5brlVXQYpNi4iaHC1ygRyDCIGNyh8GQ8TdRb7EiaM8C6fVAMMYYEt5Zq05aDRN1xxx0SP+9Veru6499gIBgYTa7NAerljZNkJINtg4JuQ0\/2STb8q0HamREafOiSym31ADq+7ei8\/DFQk="}
cache_ttl value is correct

Refresh Ad Rate value is correct
mode value is set

 Aspect ratio value is correct
sentry_log value is set
local_logging value is set
sentry_initialization value is set
sentry_debugging value is set
showPreRewardedDialogue value is set
showPostRewardedDialogue value is set
isSkipable value is set
{"cache_ttl":10080,"cache_ttl_rewarded":10080,"cache_ttl_banner":10080,"cache_ttl_native":10080,"cache_ttl_icon":10080,"campaigns":[{"campaignID":"9277","attribution_link":"","attribution":1,"priority":"5","appToPromote":{"appToPromoteID":"17609","usesDefaultFrameImage":"0","usesDefaultCloseImage":"0","marketURL":"https:\/\/smartbear.com\/learn\/automated-testing\/test-automation-frameworks\/","packageID":"com.buntoo.buntooAd"},"showTemplate":1,"s2s_tracking_url":"","activeCreativeID":"4702","scenes":["1","2","6","4"],"campaignAdType":"Interstitial","productId":"","purchaseBit":0,"licenseKey":""},{"campaignID":"9278","attribution":0,"priority":"5","appToPromote":{"appToPromoteID":"17609","usesDefaultFrameImage":"0","usesDefaultCloseImage":"0","marketURL":"https:\/\/smartbear.com\/learn\/automated-testing\/test-automation-frameworks\/","packageID":"com.buntoo.buntooAd"},"showTemplate":1,"s2s_tracking_url":"https:\/\/smartbear.com\/learn\/automated-testing\/test-automation-frameworks\/","activeCreativeID":"4701","scenes":["1","2","6","4"],"campaignAdType":"Interstitial","productId":"","purchaseBit":0,"licenseKey":""},{"campaignID":"9279","attribution":0,"priority":"5","appToPromote":{"appToPromoteID":"17609","usesDefaultFrameImage":"0","usesDefaultCloseImage":"0","marketURL":"https:\/\/smartbear.com\/learn\/automated-testing\/test-automation-frameworks\/","packageID":"com.buntoo.buntooAd"},"showTemplate":1,"s2s_tracking_url":"https:\/\/smartbear.com\/learn\/automated-testing\/test-automation-frameworks\/","activeCreativeID":"4701","scenes":["1","2","6","4"],"campaignAdType":"Interstitial","productId":"","purchaseBit":0,"licenseKey":""},{"campaignID":"9280","attribution":0,"priority":"5","appToPromote":{"appToPromoteID":"17609","usesDefaultFrameImage":"0","usesDefaultCloseImage":"0","marketURL":"https:\/\/smartbear.com\/learn\/automated-testing\/test-automation-frameworks\/","packageID":"com.buntoo.buntooAd"},"showTemplate":1,"s2s_tracking_url":"https:\/\/smartbear.com\/learn\/automated-testing\/test-automation-frameworks\/","activeCreativeID":"4701","scenes":["1","2","6","4"],"campaignAdType":"Interstitial","productId":"","purchaseBit":0,"licenseKey":""},{"campaignID":"9281","attribution":0,"priority":"5","appToPromote":{"appToPromoteID":"17609","usesDefaultFrameImage":"0","usesDefaultCloseImage":"0","marketURL":"https:\/\/smartbear.com\/learn\/automated-testing\/test-automation-frameworks\/","packageID":"com.buntoo.buntooAd"},"showTemplate":1,"s2s_tracking_url":"https:\/\/smartbear.com\/learn\/automated-testing\/test-automation-frameworks\/","activeCreativeID":"4701","scenes":["1","2","6","4"],"campaignAdType":"Interstitial","productId":"","purchaseBit":0,"licenseKey":""},{"campaignID":"9282","attribution":0,"priority":"5","appToPromote":{"appToPromoteID":"17609","usesDefaultFrameImage":"0","usesDefaultCloseImage":"0","marketURL":"https:\/\/smartbear.com\/learn\/automated-testing\/test-automation-frameworks\/","packageID":"com.buntoo.buntooAd"},"showTemplate":1,"s2s_tracking_url":"https:\/\/smartbear.com\/learn\/automated-testing\/test-automation-frameworks\/","activeCreativeID":"4701","scenes":["1","2","6","4"],"campaignAdType":"Interstitial","productId":"","purchaseBit":0,"licenseKey":""},{"campaignID":"9283","attribution":0,"priority":"5","appToPromote":{"appToPromoteID":"17609","usesDefaultFrameImage":"0","usesDefaultCloseImage":"0","marketURL":"https:\/\/smartbear.com\/learn\/automated-testing\/test-automation-frameworks\/","packageID":"com.buntoo.buntooAd"},"showTemplate":1,"s2s_tracking_url":"https:\/\/smartbear.com\/learn\/automated-testing\/test-automation-frameworks\/","activeCreativeID":"4701","scenes":["1","2","6","4"],"campaignAdType":"Interstitial","productId":"","purchaseBit":0,"licenseKey":""},{"campaignID":"9285","attribution":0,"priority":"5","appToPromote":{"appToPromoteID":"14746","usesDefaultFrameImage":"0","usesDefaultCloseImage":"0","marketURL":"https:\/\/play.google.com\/store\/apps\/details?id=com.buntoo.army.bus.parking","packageID":"com.buntoo.army.bus.parking"},"showTemplate":1,"s2s_tracking_url":"https:\/\/play.google.com\/store\/apps\/details?id=com.buntoo.army.bus.parking","activeCreativeID":"4710","scenes":["1","2","6","4"],"campaignAdType":"Interstitial","productId":"","purchaseBit":0,"licenseKey":""},{"campaignID":"9287","attribution":0,"priority":"5","appToPromote":{"appToPromoteID":"14746","usesDefaultFrameImage":"0","usesDefaultCloseImage":"0","marketURL":"https:\/\/play.google.com\/store\/apps\/details?id=com.buntoo.army.bus.parking","packageID":"com.buntoo.army.bus.parking"},"showTemplate":1,"s2s_tracking_url":"https:\/\/play.google.com\/store\/apps\/details?id=com.buntoo.army.bus.parking","activeCreativeID":"4710","scenes":["1","2","6","4"],"campaignAdType":"Interstitial","productId":"","purchaseBit":0,"licenseKey":""},{"campaignID":"9289","attribution":0,"priority":"5","appToPromote":{"appToPromoteID":"17609","usesDefaultFrameImage":"0","usesDefaultCloseImage":"0","marketURL":"https:\/\/smartbear.com\/learn\/automated-testing\/test-automation-frameworks\/","packageID":"com.buntoo.buntooAd"},"showTemplate":1,"s2s_tracking_url":"https:\/\/smartbear.com\/learn\/automated-testing\/test-automation-frameworks\/","activeCreativeID":"4701","scenes":["1","2","6","4"],"campaignAdType":"Interstitial","productId":"","purchaseBit":0,"licenseKey":""},{"campaignID":"9290","attribution":0,"priority":"5","appToPromote":{"appToPromoteID":"17609","usesDefaultFrameImage":"0","usesDefaultCloseImage":"0","marketURL":"https:\/\/smartbear.com\/learn\/automated-testing\/test-automation-frameworks\/","packageID":"com.buntoo.buntooAd"},"showTemplate":1,"s2s_tracking_url":"https:\/\/smartbear.com\/learn\/automated-testing\/test-automation-frameworks\/","activeCreativeID":"4701","scenes":["1","2","6","4"],"campaignAdType":"Interstitial","productId":"","purchaseBit":0,"licenseKey":""},{"campaignID":"9293","attribution":0,"priority":"5","appToPromote":{"appToPromoteID":"17609","usesDefaultFrameImage":"0","usesDefaultCloseImage":"0","marketURL":"https:\/\/smartbear.com\/learn\/automated-testing\/test-automation-frameworks\/","packageID":"com.buntoo.buntooAd"},"showTemplate":1,"s2s_tracking_url":"https:\/\/smartbear.com\/learn\/automated-testing\/test-automation-frameworks\/","activeCreativeID":"4701","scenes":["1","2","6","4"],"campaignAdType":"Interstitial","productId":"","purchaseBit":0,"licenseKey":""},{"campaignID":"9296","attribution":0,"priority":"5","appToPromote":{"appToPromoteID":"17609","usesDefaultFrameImage":"0","usesDefaultCloseImage":"0","marketURL":"https:\/\/smartbear.com\/learn\/automated-testing\/test-automation-frameworks\/","packageID":"com.buntoo.buntooAd"},"showTemplate":1,"s2s_tracking_url":"https:\/\/smartbear.com\/learn\/automated-testing\/test-automation-frameworks\/","activeCreativeID":"4701","scenes":["1","2","6","4"],"campaignAdType":"Interstitial","productId":"","purchaseBit":0,"licenseKey":""},{"campaignID":"9297","attribution":0,"priority":"5","appToPromote":{"appToPromoteID":"17609","usesDefaultFrameImage":"0","usesDefaultCloseImage":"0","marketURL":"https:\/\/smartbear.com\/learn\/automated-testing\/test-automation-frameworks\/","packageID":"com.buntoo.buntooAd"},"showTemplate":1,"s2s_tracking_url":"https:\/\/smartbear.com\/learn\/automated-testing\/test-automation-frameworks\/","activeCreativeID":"4701","scenes":["1","2","6","4"],"campaignAdType":"Interstitial","productId":"","purchaseBit":0,"licenseKey":""},{"campaignID":"9299","attribution":0,"priority":"5","appToPromote":{"appToPromoteID":"17609","usesDefaultFrameImage":"0","usesDefaultCloseImage":"0","marketURL":"https:\/\/smartbear.com\/learn\/automated-testing\/test-automation-frameworks\/","packageID":"com.buntoo.buntooAd"},"showTemplate":1,"s2s_tracking_url":"https:\/\/smartbear.com\/learn\/automated-testing\/test-automation-frameworks\/","activeCreativeID":"4701","scenes":["1","2","6","4"],"campaignAdType":"Interstitial","productId":"","purchaseBit":0,"licenseKey":""},{"campaignID":"9301","attribution":0,"priority":"5","appToPromote":{"appToPromoteID":"17609","usesDefaultFrameImage":"0","usesDefaultCloseImage":"0","marketURL":"https:\/\/smartbear.com\/learn\/automated-testing\/test-automation-frameworks\/","packageID":"com.buntoo.buntooAd"},"showTemplate":1,"s2s_tracking_url":"https:\/\/smartbear.com\/learn\/automated-testing\/test-automation-frameworks\/","activeCreativeID":"4701","scenes":["1","2","6","4"],"campaignAdType":"Interstitial","productId":"","purchaseBit":0,"licenseKey":""},{"campaignID":"9305","attribution":0,"priority":"5","appToPromote":{"appToPromoteID":"14746","usesDefaultFrameImage":"0","usesDefaultCloseImage":"0","marketURL":"https:\/\/play.google.com\/store\/apps\/details?id=com.buntoo.army.bus.parking","packageID":"com.buntoo.army.bus.parking"},"showTemplate":1,"s2s_tracking_url":"https:\/\/play.google.com\/store\/apps\/details?id=com.buntoo.army.bus.parking","activeCreativeID":"4710","scenes":["1","2","6","4"],"campaignAdType":"Interstitial","productId":"","purchaseBit":0,"licenseKey":""},{"campaignID":"48","attribution":0,"priority":"5","appToPromote":{"appToPromoteID":"1074","usesDefaultFrameImage":"1","usesDefaultCloseImage":"1","marketURL":"https:\/\/play.google.com\/store\/apps\/details?id=com.mizo.construction.crane.hill.climb","packageID":"com.mizo.construction.crane.hill.climb"},"showTemplate":1,"s2s_tracking_url":"https:\/\/play.google.com\/store\/apps\/details?id=com.mizo.construction.crane.hill.climb","activeCreativeID":"65","scenes":["1","2","6","4"],"campaignAdType":"Interstitial","productId":"","purchaseBit":0,"licenseKey":""},{"campaignID":"50","attribution":0,"priority":"5","appToPromote":{"appToPromoteID":"1221","usesDefaultFrameImage":"1","usesDefaultCloseImage":"1","marketURL":"https:\/\/play.google.com\/store\/apps\/details?id=com.mizo.offroad.hill.climb","packageID":"com.mizo.offroad.hill.climb"},"showTemplate":1,"s2s_tracking_url":"https:\/\/play.google.com\/store\/apps\/details?id=com.mizo.offroad.hill.climb","activeCreativeID":"67","scenes":["1","2","6","4"],"campaignAdType":"Interstitial","productId":"","purchaseBit":0,"licenseKey":""},{"campaignID":"67","attribution":0,"priority":"5","appToPromote":{"appToPromoteID":"1306","usesDefaultFrameImage":"1","usesDefaultCloseImage":"1","marketURL":"https:\/\/play.google.com\/store\/apps\/details?id=com.mizo.extreme.heavy.truck","packageID":"com.mizo.extreme.heavy.truck"},"showTemplate":1,"s2s_tracking_url":"https:\/\/play.google.com\/store\/apps\/details?id=com.mizo.extreme.heavy.truck","activeCreativeID":"85","scenes":["1","2","6","4"],"campaignAdType":"Interstitial","productId":"","purchaseBit":0,"licenseKey":""},{"campaignID":"78","attribution":0,"priority":"5","appToPromote":{"appToPromoteID":"1632","usesDefaultFrameImage":"1","usesDefaultCloseImage":"1","marketURL":"https:\/\/play.google.com\/store\/apps\/details?id=com.mizo.road.builder.city.construction","packageID":"com.mizo.road.builder.city.construction"},"showTemplate":1,"s2s_tracking_url":"https:\/\/play.google.com\/store\/apps\/details?id=com.mizo.road.builder.city.construction","activeCreativeID":"97","scenes":["1","2","6","4"],"campaignAdType":"Interstitial","productId":"","purchaseBit":0,"licenseKey":""},{"campaignID":"80","attribution":0,"priority":"5","appToPromote":{"appToPromoteID":"1675","usesDefaultFrameImage":"1","usesDefaultCloseImage":"1","marketURL":"https:\/\/play.google.com\/store\/apps\/details?id=com.mizo.flip.bottle.shooting.expert","packageID":"com.mizo.flip.bottle.shooting.expert"},"showTemplate":1,"s2s_tracking_url":"https:\/\/play.google.com\/store\/apps\/details?id=com.mizo.flip.bottle.shooting.expert","activeCreativeID":"100","scenes":["1","2","6","4"],"campaignAdType":"Interstitial","productId":"","purchaseBit":0,"licenseKey":""},{"campaignID":"110","attribution":0,"priority":"5","appToPromote":{"appToPromoteID":"1853","usesDefaultFrameImage":"1","usesDefaultCloseImage":"1","marketURL":"https:\/\/play.google.com\/store\/apps\/details?id=com.mizo.police.airplane.transporter","packageID":"com.mizo.police.airplane.transporter"},"showTemplate":1,"s2s_tracking_url":"https:\/\/play.google.com\/store\/apps\/details?id=com.mizo.police.airplane.transporter","activeCreativeID":"137","scenes":["1","2","6","4"],"campaignAdType":"Interstitial","productId":"","purchaseBit":0,"licenseKey":""},{"campaignID":"143","attribution":0,"priority":"5","appToPromote":{"appToPromoteID":"2089","usesDefaultFrameImage":"0","usesDefaultCloseImage":"0","marketURL":"https:\/\/play.google.com\/store\/apps\/details?id=com.mizo.sports.car.mechanic","packageID":"com.mizo.sports.car.mechanic"},"showTemplate":1,"s2s_tracking_url":"https:\/\/play.google.com\/store\/apps\/details?id=com.mizo.sports.car.mechanic","activeCreativeID":"184","scenes":["1","2","6","4"],"campaignAdType":"Interstitial","productId":"","purchaseBit":0,"licenseKey":""},{"campaignID":"147","attribution":0,"priority":"5","appToPromote":{"appToPromoteID":"2085","usesDefaultFrameImage":"0","usesDefaultCloseImage":"0","marketURL":"https:\/\/play.google.com\/store\/apps\/details?id=com.mizo.robot.gang.mafia","packageID":"com.mizo.robot.gang.mafia"},"showTemplate":1,"s2s_tracking_url":"https:\/\/play.google.com\/store\/apps\/details?id=com.mizo.robot.gang.mafia","activeCreativeID":"188","scenes":["1","2","6","4"],"campaignAdType":"Interstitial","productId":"","purchaseBit":0,"licenseKey":""}],"refreshAdRate":30,"mode":"Production","aspectRatio":"4_3","cdnPath":"https:\/\/df8ymybeo92md.cloudfront.net\/images\/","sentry_log":0,"local_logging":0,"sentry_dsn":"https:\/\/93ffa1c9a4124f67b8888a53265f751a:bbf998e04584477fa9a145838e9d3b26@sentry.io\/168994","sentry_initialization":1,"sentry_debugging":0,"bannerSizes":[],"aspectRatioVideo":"16_9","app_id":"1946","showPreRewardedDialogue":0,"showPostRewardedDialogue":0,"rewardCurrency":"coins","rewardValue":0,"isSkipable":0,"privacyPolicyURL":"https:\/\/www.consoliads.com\/privacy-policy\/","sessionToken":"DCn59V36Q+braadYZFFc4eeCoLKK4aM3zup5nlrJLVIuXusRppDe\/+I8FYxuEEbalgd9xVVxQv86uXRFHGRNM1evXxuztnlRBRHu7MQFIvxXwamFbyAHmpo8OBrTaFZ1VVmN12EoloEqYJ1EbxwZWkuHUeaAwPTj8vk+2PuYmNU="}
Session token value is set


{"appKey":"ab7f3b1fb0164883224066dad230b691","deviceID":"7377","stats":[{"campaignID":6170,"packageID":"com.vg.airportpilot.car.transporter.plane","sceneStats":[{"sceneID":"19","eventStats":"374,274,174,74,74,0,0"}]}],"sdkVersion":"2163","sessionToken":"DCn59V36Q+braadYZFFc4eeCoLKK4aM3zup5nlrJLVIuXusRppDe\/+I8FYxuEEbalgd9xVVxQv86uXRFHGRNM1evXxuztnlRBRHu7MQFIvxXwamFbyAHmpo8OBrTaFZ1VVmN12EoloEqYJ1EbxwZWkuHUeaAwPTj8vk+2PuYmNU="}
cache_ttl value is correct

Refresh Ad Rate value is correct
mode value is set

 Aspect ratio value is correct
sentry_log value is set
local_logging value is set
sentry_initialization value is set
sentry_debugging value is set
showPreRewardedDialogue value is set
showPostRewardedDialogue value is set
isSkipable value is set
{"cache_ttl":10080,"cache_ttl_rewarded":10080,"cache_ttl_banner":10080,"cache_ttl_native":10080,"cache_ttl_icon":10080,"campaigns":[{"campaignID":"9384","attribution":0,"priority":"5","appToPromote":{"appToPromoteID":"13185","usesDefaultFrameImage":"0","usesDefaultCloseImage":"0","marketURL":"https:\/\/play.google.com\/store\/apps\/details?id=com.gamesarena.flying.bike.tricks.stunts&amp;referrer=utm_source=42matters.com&amp;utm_medium=api","packageID":"com.gamesarena.flying.bike.tricks.stunts"},"showTemplate":1,"s2s_tracking_url":"https:\/\/play.google.com\/store\/apps\/details?id=com.gamesarena.flying.bike.tricks.stunts&amp;referrer=utm_source=42matters.com&amp;utm_medium=api","activeCreativeID":"4829","scenes":["12","1","8","6","15","2","9","10","11"],"campaignAdType":"Interstitial","productId":"","purchaseBit":0,"licenseKey":""},{"campaignID":"9386","attribution":0,"priority":"5","appToPromote":{"appToPromoteID":"17764","usesDefaultFrameImage":"0","usesDefaultCloseImage":"0","marketURL":"https:\/\/play.google.com\/store\/apps\/details?id=com.visiblebody.atlas&amp;referrer=utm_source=42matters.com&amp;utm_medium=api","packageID":"com.gamesarena..test6324"},"showTemplate":1,"s2s_tracking_url":"https:\/\/play.google.com\/store\/apps\/details?id=com.visiblebody.atlas&amp;referrer=utm_source=42matters.com&amp;utm_medium=api","activeCreativeID":"4828","scenes":["12","1","8","6","15","2","9","10","11"],"campaignAdType":"Interstitial","productId":"","purchaseBit":0,"licenseKey":""},{"campaignID":"9389","attribution":0,"priority":"5","appToPromote":{"appToPromoteID":"13185","usesDefaultFrameImage":"0","usesDefaultCloseImage":"0","marketURL":"https:\/\/play.google.com\/store\/apps\/details?id=com.gamesarena.flying.bike.tricks.stunts&amp;referrer=utm_source=42matters.com&amp;utm_medium=api","packageID":"com.gamesarena.flying.bike.tricks.stunts"},"showTemplate":1,"s2s_tracking_url":"https:\/\/play.google.com\/store\/apps\/details?id=com.gamesarena.flying.bike.tricks.stunts&amp;referrer=utm_source=42matters.com&amp;utm_medium=api","activeCreativeID":"4829","scenes":["12","1","8","6","15","2","9","10","11"],"campaignAdType":"Interstitial","productId":"","purchaseBit":0,"licenseKey":""},{"campaignID":"98","attribution":0,"priority":"5","appToPromote":{"appToPromoteID":"1937","usesDefaultFrameImage":"0","usesDefaultCloseImage":"0","marketURL":"https:\/\/play.google.com\/store\/apps\/details?id=com.gss.offroad.policetransporttruck","packageID":"com.gss.offroad.policetransporttruck"},"showTemplate":1,"s2s_tracking_url":"https:\/\/play.google.com\/store\/apps\/details?id=com.gss.offroad.policetransporttruck","activeCreativeID":"124","scenes":["12","1","8","6","15","2","9","10","11"],"campaignAdType":"Interstitial","productId":"","purchaseBit":0,"licenseKey":""},{"campaignID":"111","attribution":0,"priority":"5","appToPromote":{"appToPromoteID":"1969","usesDefaultFrameImage":"0","usesDefaultCloseImage":"0","marketURL":"https:\/\/play.google.com\/store\/apps\/details?id=com.vg.moto.airplane.transporter.police.plane","packageID":"com.vg.moto.airplane.transporter.police.plane"},"showTemplate":1,"s2s_tracking_url":"https:\/\/play.google.com\/store\/apps\/details?id=com.vg.moto.airplane.transporter.police.plane","activeCreativeID":"143","scenes":["12","1","8","6","15","2","9","10","11"],"campaignAdType":"Interstitial","productId":"","purchaseBit":0,"licenseKey":""},{"campaignID":"115","attribution":0,"priority":"5","appToPromote":{"appToPromoteID":"2018","usesDefaultFrameImage":"0","usesDefaultCloseImage":"0","marketURL":"https:\/\/play.google.com\/store\/apps\/details?id=com.tgp.multistorey.car.transporter.truck","packageID":"com.tgp.multistorey.car.transporter.truck"},"showTemplate":1,"s2s_tracking_url":"https:\/\/play.google.com\/store\/apps\/details?id=com.tgp.multistorey.car.transporter.truck","activeCreativeID":"149","scenes":["12","1","8","6","15","2","9","10","11"],"campaignAdType":"Interstitial","productId":"","purchaseBit":0,"licenseKey":""},{"campaignID":"519","attribution":0,"priority":"5","appToPromote":{"appToPromoteID":"3675","usesDefaultFrameImage":"0","usesDefaultCloseImage":"0","marketURL":"https:\/\/play.google.com\/store\/apps\/details?id=com.tenlogix.highschool.cafe.cashier.girl","packageID":"com.tenlogix.highschool.cafe.cashier.girl"},"showTemplate":1,"s2s_tracking_url":"https:\/\/play.google.com\/store\/apps\/details?id=com.tenlogix.highschool.cafe.cashier.girl","activeCreativeID":"600","scenes":["8"],"campaignAdType":"Interstitial","productId":"","purchaseBit":0,"licenseKey":""},{"campaignID":"525","attribution":0,"priority":"5","appToPromote":{"appToPromoteID":"3675","usesDefaultFrameImage":"0","usesDefaultCloseImage":"0","marketURL":"https:\/\/play.google.com\/store\/apps\/details?id=com.tenlogix.highschool.cafe.cashier.girl","packageID":"com.tenlogix.highschool.cafe.cashier.girl"},"showTemplate":1,"s2s_tracking_url":"https:\/\/play.google.com\/store\/apps\/details?id=com.tenlogix.highschool.cafe.cashier.girl","activeCreativeID":"600","scenes":["8"],"campaignAdType":"Interstitial","productId":"","purchaseBit":0,"licenseKey":""},{"campaignID":"527","attribution":0,"priority":"5","appToPromote":{"appToPromoteID":"3600","usesDefaultFrameImage":"0","usesDefaultCloseImage":"0","marketURL":"https:\/\/play.google.com\/store\/apps\/details?id=com.ids.little.farm.time.fun","packageID":"com.ids.little.farm.time.fun"},"showTemplate":1,"s2s_tracking_url":"https:\/\/play.google.com\/store\/apps\/details?id=com.ids.little.farm.time.fun","activeCreativeID":"574","scenes":["8"],"campaignAdType":"Interstitial","productId":"","purchaseBit":0,"licenseKey":""},{"campaignID":"1715","attribution":0,"priority":"5","appToPromote":{"appToPromoteID":"9053","usesDefaultFrameImage":"0","usesDefaultCloseImage":"0","marketURL":"https:\/\/play.google.com\/store\/apps\/details?id=com.tgp.us.army.transport.ambulance.driving.game","packageID":"com.tgp.us.army.transport.ambulance.driving.game"},"showTemplate":1,"s2s_tracking_url":"https:\/\/play.google.com\/store\/apps\/details?id=com.tgp.us.army.transport.ambulance.driving.game","activeCreativeID":"1119","scenes":["12","1","8","6","15","2","9","10","11"],"campaignAdType":"Video","productId":"","purchaseBit":0,"licenseKey":""},{"campaignID":"1738","attribution":0,"priority":"5","appToPromote":{"appToPromoteID":"9233","usesDefaultFrameImage":"0","usesDefaultCloseImage":"0","marketURL":"https:\/\/play.google.com\/store\/apps\/details?id=com.vg.airplane.pilot.robot.police.plane.transport.game","packageID":"com.vg.airplane.pilot.robot.police.plane.transport.game"},"showTemplate":1,"s2s_tracking_url":"https:\/\/play.google.com\/store\/apps\/details?id=com.vg.airplane.pilot.robot.police.plane.transport.game","activeCreativeID":"1124","scenes":["12","1","8","6","15","2","9","10","11"],"campaignAdType":"Video","productId":"","purchaseBit":0,"licenseKey":""},{"campaignID":"1741","attribution":0,"priority":"5","appToPromote":{"appToPromoteID":"9235","usesDefaultFrameImage":"0","usesDefaultCloseImage":"0","marketURL":"https:\/\/play.google.com\/store\/apps\/details?id=com.gss.us.fire.truck.driving.rescue.simulator","packageID":"com.gss.us.fire.truck.driving.rescue.simulator"},"showTemplate":1,"s2s_tracking_url":"https:\/\/play.google.com\/store\/apps\/details?id=com.gss.us.fire.truck.driving.rescue.simulator","activeCreativeID":"1129","scenes":["12","1","8","6","15","2","9","10","11"],"campaignAdType":"Video","productId":"","purchaseBit":0,"licenseKey":""},{"campaignID":"1762","attribution":0,"priority":"5","appToPromote":{"appToPromoteID":"9490","usesDefaultFrameImage":"0","usesDefaultCloseImage":"0","marketURL":"https:\/\/play.google.com\/store\/apps\/details?id=com.play.io.city.mobile.taxi.driving.simulator","packageID":"com.play.io.city.mobile.taxi.driving.simulator"},"showTemplate":1,"s2s_tracking_url":"https:\/\/play.google.com\/store\/apps\/details?id=com.play.io.city.mobile.taxi.driving.simulator","activeCreativeID":"1135","scenes":["12","1","8","6","15","2","9","10","11"],"campaignAdType":"Video","productId":"","purchaseBit":0,"licenseKey":""},{"campaignID":"6199","attribution":0,"priority":"5","appToPromote":{"appToPromoteID":"4006","usesDefaultFrameImage":"0","usesDefaultCloseImage":"0","marketURL":"https:\/\/play.google.com\/store\/apps\/details?id=com.vg.car.battle.demolition.derby.wars","packageID":"com.vg.car.battle.demolition.derby.wars"},"showTemplate":1,"s2s_tracking_url":"https:\/\/play.google.com\/store\/apps\/details?id=com.vg.car.battle.demolition.derby.wars","activeCreativeID":"1306","scenes":["12","1","8","6","15","2","9","10","11"],"campaignAdType":"Video","productId":"","purchaseBit":0,"licenseKey":""},{"campaignID":"6257","attribution":0,"priority":"5","appToPromote":{"appToPromoteID":"8549","usesDefaultFrameImage":"0","usesDefaultCloseImage":"0","marketURL":"https:\/\/play.google.com\/store\/apps\/details?id=com.gss.atv.police.bike.transport.cargo.plane","packageID":"com.gss.atv.police.bike.transport.cargo.plane"},"showTemplate":1,"s2s_tracking_url":"https:\/\/play.google.com\/store\/apps\/details?id=com.gss.atv.police.bike.transport.cargo.plane","activeCreativeID":"1076","scenes":["12","1","8","6","15","2","9","10","11"],"campaignAdType":"Video","productId":"","purchaseBit":0,"licenseKey":""},{"campaignID":"6305","attribution":0,"priority":"5","appToPromote":{"appToPromoteID":"12124","usesDefaultFrameImage":"0","usesDefaultCloseImage":"0","marketURL":"https:\/\/play.google.com\/store\/apps\/details?id=com.play.io.truck.car.transporter.trailer","packageID":"com.play.io.truck.car.transporter.trailer"},"showTemplate":1,"s2s_tracking_url":"https:\/\/play.google.com\/store\/apps\/details?id=com.play.io.truck.car.transporter.trailer","activeCreativeID":"1425","scenes":["12","1","8","6","15","2","9","10","11"],"campaignAdType":"Video","productId":"","purchaseBit":0,"licenseKey":""},{"campaignID":"6345","attribution":0,"priority":"5","appToPromote":{"appToPromoteID":"12205","usesDefaultFrameImage":"0","usesDefaultCloseImage":"0","marketURL":"https:\/\/play.google.com\/store\/apps\/details?id=com.vg.bus.derby.destruction.battleground","packageID":"com.vg.bus.derby.destruction.battleground"},"showTemplate":1,"s2s_tracking_url":"https:\/\/play.google.com\/store\/apps\/details?id=com.vg.bus.derby.destruction.battleground","activeCreativeID":"1505","scenes":["12","1","8","6","15","2","9","10","11"],"campaignAdType":"Video","productId":"","purchaseBit":0,"licenseKey":""},{"campaignID":"6381","attribution":0,"priority":"5","appToPromote":{"appToPromoteID":"12081","usesDefaultFrameImage":"0","usesDefaultCloseImage":"0","marketURL":"https:\/\/play.google.com\/store\/apps\/details?id=com.play.io.mega.ramp.bmx.stunts","packageID":"com.play.io.mega.ramp.bmx.stunts"},"showTemplate":1,"s2s_tracking_url":"https:\/\/play.google.com\/store\/apps\/details?id=com.play.io.mega.ramp.bmx.stunts","activeCreativeID":"1422","scenes":["12","1","8","6","15","2","9","10","11"],"campaignAdType":"Video","productId":"","purchaseBit":0,"licenseKey":""},{"campaignID":"6404","attribution":0,"priority":"5","appToPromote":{"appToPromoteID":"12081","usesDefaultFrameImage":"0","usesDefaultCloseImage":"0","marketURL":"https:\/\/play.google.com\/store\/apps\/details?id=com.play.io.mega.ramp.bmx.stunts","packageID":"com.play.io.mega.ramp.bmx.stunts"},"showTemplate":1,"s2s_tracking_url":"https:\/\/play.google.com\/store\/apps\/details?id=com.play.io.mega.ramp.bmx.stunts","activeCreativeID":"1422","scenes":["12","1","8","6","15","2","9","10","11"],"campaignAdType":"Video","productId":"","purchaseBit":0,"licenseKey":""},{"campaignID":"6414","attribution":0,"priority":"5","appToPromote":{"appToPromoteID":"12124","usesDefaultFrameImage":"0","usesDefaultCloseImage":"0","marketURL":"https:\/\/play.google.com\/store\/apps\/details?id=com.play.io.truck.car.transporter.trailer","packageID":"com.play.io.truck.car.transporter.trailer"},"showTemplate":1,"s2s_tracking_url":"https:\/\/play.google.com\/store\/apps\/details?id=com.play.io.truck.car.transporter.trailer","activeCreativeID":"1425","scenes":["12","1","8","6","15","2","9","10","11"],"campaignAdType":"Video","productId":"","purchaseBit":0,"licenseKey":""},{"campaignID":"6425","attribution":0,"priority":"5","appToPromote":{"appToPromoteID":"12081","usesDefaultFrameImage":"0","usesDefaultCloseImage":"0","marketURL":"https:\/\/play.google.com\/store\/apps\/details?id=com.play.io.mega.ramp.bmx.stunts","packageID":"com.play.io.mega.ramp.bmx.stunts"},"showTemplate":1,"s2s_tracking_url":"https:\/\/play.google.com\/store\/apps\/details?id=com.play.io.mega.ramp.bmx.stunts","activeCreativeID":"1422","scenes":["12","1","8","6","15","2","9","10","11"],"campaignAdType":"Video","productId":"","purchaseBit":0,"licenseKey":""},{"campaignID":"6426","attribution":0,"priority":"5","appToPromote":{"appToPromoteID":"12338","usesDefaultFrameImage":"0","usesDefaultCloseImage":"0","marketURL":"https:\/\/play.google.com\/store\/apps\/details?id=com.play.io.police.moto.bike.gangster.chase.games","packageID":"com.play.io.police.moto.bike.gangster.chase.games"},"showTemplate":1,"s2s_tracking_url":"https:\/\/play.google.com\/store\/apps\/details?id=com.play.io.police.moto.bike.gangster.chase.games","activeCreativeID":"1530","scenes":["12","1","8","6","15","2","9","10","11"],"campaignAdType":"Video","productId":"","purchaseBit":0,"licenseKey":""},{"campaignID":"6443","attribution":0,"priority":"5","appToPromote":{"appToPromoteID":"12338","usesDefaultFrameImage":"0","usesDefaultCloseImage":"0","marketURL":"https:\/\/play.google.com\/store\/apps\/details?id=com.play.io.police.moto.bike.gangster.chase.games","packageID":"com.play.io.police.moto.bike.gangster.chase.games"},"showTemplate":1,"s2s_tracking_url":"https:\/\/play.google.com\/store\/apps\/details?id=com.play.io.police.moto.bike.gangster.chase.games","activeCreativeID":"1530","scenes":["12","1","8","6","15","2","9","10","11"],"campaignAdType":"Video","productId":"","purchaseBit":0,"licenseKey":""},{"campaignID":"6444","attribution":0,"priority":"5","appToPromote":{"appToPromoteID":"12486","usesDefaultFrameImage":"0","usesDefaultCloseImage":"0","marketURL":"https:\/\/play.google.com\/store\/apps\/details?id=com.play.io.offroad.police.driver.bus.transport.jail.prisoner","packageID":"com.play.io.offroad.police.driver.bus.transport.jail.prisoner"},"showTemplate":1,"s2s_tracking_url":"https:\/\/play.google.com\/store\/apps\/details?id=com.play.io.offroad.police.driver.bus.transport.jail.prisoner","activeCreativeID":"1571","scenes":["12","1","8","6","15","2","9","10","11"],"campaignAdType":"Video","productId":"","purchaseBit":0,"licenseKey":""},{"campaignID":"6446","attribution":0,"priority":"5","appToPromote":{"appToPromoteID":"12081","usesDefaultFrameImage":"0","usesDefaultCloseImage":"0","marketURL":"https:\/\/play.google.com\/store\/apps\/details?id=com.play.io.mega.ramp.bmx.stunts","packageID":"com.play.io.mega.ramp.bmx.stunts"},"showTemplate":1,"s2s_tracking_url":"https:\/\/play.google.com\/store\/apps\/details?id=com.play.io.mega.ramp.bmx.stunts","activeCreativeID":"1422","scenes":["12","1","8","6","15","2","9","10","11"],"campaignAdType":"Video","productId":"","purchaseBit":0,"licenseKey":""}],"refreshAdRate":30,"mode":"Production","aspectRatio":"4_3","cdnPath":"https:\/\/df8ymybeo92md.cloudfront.net\/images\/","sentry_log":0,"local_logging":0,"sentry_dsn":"https:\/\/93ffa1c9a4124f67b8888a53265f751a:bbf998e04584477fa9a145838e9d3b26@sentry.io\/168994","sentry_initialization":1,"sentry_debugging":0,"bannerSizes":["1"],"aspectRatioVideo":"16_9","app_id":"1991","showPreRewardedDialogue":0,"showPostRewardedDialogue":0,"rewardCurrency":"coins","rewardValue":0,"isSkipable":1,"privacyPolicyURL":"https:\/\/www.consoliads.com\/privacy-policy\/","sessionToken":"IRKB47auZYcaJyEqYekTE\/x\/YWIL4xLBFus217gEY1kXpWDDqqIKc5YqoC\/icwai1mSDtc0+ZyJUhliMZCaTeyV4b1xN7fDb+v1q75FAfzfIo9FJ27tZ7x3T\/hJvKl5sxnW+Y+NnzE8nut+ndPW\/pxVqFy04M9c5nOPGvOmOmiw="}
Session token value is set


{"appKey":"ab7f3b1fb0164883224066dad230b691","deviceID":"9962","stats":[{"campaignID":6790,"packageID":"com.vg.airportpilot.car.transporter.plane","sceneStats":[{"sceneID":"25","eventStats":"399,299,199,99,99,0,0"}]}],"sdkVersion":"2163","sessionToken":"IRKB47auZYcaJyEqYekTE\/x\/YWIL4xLBFus217gEY1kXpWDDqqIKc5YqoC\/icwai1mSDtc0+ZyJUhliMZCaTeyV4b1xN7fDb+v1q75FAfzfIo9FJ27tZ7x3T\/hJvKl5sxnW+Y+NnzE8nut+ndPW\/pxVqFy04M9c5nOPGvOmOmiw="}
cache_ttl value is correct

Refresh Ad Rate value is correct
mode value is set

 Aspect ratio value is correct
sentry_log value is set
local_logging value is set
sentry_initialization value is set
sentry_debugging value is set
showPreRewardedDialogue value is set
showPostRewardedDialogue value is set
isSkipable value is set
{"cache_ttl":10080,"cache_ttl_rewarded":10080,"cache_ttl_banner":10080,"cache_ttl_native":10080,"cache_ttl_icon":10080,"campaigns":[{"campaignID":"9384","attribution":0,"priority":"5","appToPromote":{"appToPromoteID":"13185","usesDefaultFrameImage":"0","usesDefaultCloseImage":"0","marketURL":"https:\/\/play.google.com\/store\/apps\/details?id=com.gamesarena.flying.bike.tricks.stunts&amp;referrer=utm_source=42matters.com&amp;utm_medium=api","packageID":"com.gamesarena.flying.bike.tricks.stunts"},"showTemplate":1,"s2s_tracking_url":"https:\/\/play.google.com\/store\/apps\/details?id=com.gamesarena.flying.bike.tricks.stunts&amp;referrer=utm_source=42matters.com&amp;utm_medium=api","activeCreativeID":"4829","scenes":["12","1","8","6","15","2","9","10","11"],"campaignAdType":"Interstitial","productId":"","purchaseBit":0,"licenseKey":""},{"campaignID":"9386","attribution":0,"priority":"5","appToPromote":{"appToPromoteID":"17764","usesDefaultFrameImage":"0","usesDefaultCloseImage":"0","marketURL":"https:\/\/play.google.com\/store\/apps\/details?id=com.visiblebody.atlas&amp;referrer=utm_source=42matters.com&amp;utm_medium=api","packageID":"com.gamesarena..test6324"},"showTemplate":1,"s2s_tracking_url":"https:\/\/play.google.com\/store\/apps\/details?id=com.visiblebody.atlas&amp;referrer=utm_source=42matters.com&amp;utm_medium=api","activeCreativeID":"4828","scenes":["12","1","8","6","15","2","9","10","11"],"campaignAdType":"Interstitial","productId":"","purchaseBit":0,"licenseKey":""},{"campaignID":"9389","attribution":0,"priority":"5","appToPromote":{"appToPromoteID":"13185","usesDefaultFrameImage":"0","usesDefaultCloseImage":"0","marketURL":"https:\/\/play.google.com\/store\/apps\/details?id=com.gamesarena.flying.bike.tricks.stunts&amp;referrer=utm_source=42matters.com&amp;utm_medium=api","packageID":"com.gamesarena.flying.bike.tricks.stunts"},"showTemplate":1,"s2s_tracking_url":"https:\/\/play.google.com\/store\/apps\/details?id=com.gamesarena.flying.bike.tricks.stunts&amp;referrer=utm_source=42matters.com&amp;utm_medium=api","activeCreativeID":"4829","scenes":["12","1","8","6","15","2","9","10","11"],"campaignAdType":"Interstitial","productId":"","purchaseBit":0,"licenseKey":""},{"campaignID":"98","attribution":0,"priority":"5","appToPromote":{"appToPromoteID":"1937","usesDefaultFrameImage":"0","usesDefaultCloseImage":"0","marketURL":"https:\/\/play.google.com\/store\/apps\/details?id=com.gss.offroad.policetransporttruck","packageID":"com.gss.offroad.policetransporttruck"},"showTemplate":1,"s2s_tracking_url":"https:\/\/play.google.com\/store\/apps\/details?id=com.gss.offroad.policetransporttruck","activeCreativeID":"124","scenes":["12","1","8","6","15","2","9","10","11"],"campaignAdType":"Interstitial","productId":"","purchaseBit":0,"licenseKey":""},{"campaignID":"111","attribution":0,"priority":"5","appToPromote":{"appToPromoteID":"1969","usesDefaultFrameImage":"0","usesDefaultCloseImage":"0","marketURL":"https:\/\/play.google.com\/store\/apps\/details?id=com.vg.moto.airplane.transporter.police.plane","packageID":"com.vg.moto.airplane.transporter.police.plane"},"showTemplate":1,"s2s_tracking_url":"https:\/\/play.google.com\/store\/apps\/details?id=com.vg.moto.airplane.transporter.police.plane","activeCreativeID":"143","scenes":["12","1","8","6","15","2","9","10","11"],"campaignAdType":"Interstitial","productId":"","purchaseBit":0,"licenseKey":""},{"campaignID":"115","attribution":0,"priority":"5","appToPromote":{"appToPromoteID":"2018","usesDefaultFrameImage":"0","usesDefaultCloseImage":"0","marketURL":"https:\/\/play.google.com\/store\/apps\/details?id=com.tgp.multistorey.car.transporter.truck","packageID":"com.tgp.multistorey.car.transporter.truck"},"showTemplate":1,"s2s_tracking_url":"https:\/\/play.google.com\/store\/apps\/details?id=com.tgp.multistorey.car.transporter.truck","activeCreativeID":"149","scenes":["12","1","8","6","15","2","9","10","11"],"campaignAdType":"Interstitial","productId":"","purchaseBit":0,"licenseKey":""},{"campaignID":"519","attribution":0,"priority":"5","appToPromote":{"appToPromoteID":"3675","usesDefaultFrameImage":"0","usesDefaultCloseImage":"0","marketURL":"https:\/\/play.google.com\/store\/apps\/details?id=com.tenlogix.highschool.cafe.cashier.girl","packageID":"com.tenlogix.highschool.cafe.cashier.girl"},"showTemplate":1,"s2s_tracking_url":"https:\/\/play.google.com\/store\/apps\/details?id=com.tenlogix.highschool.cafe.cashier.girl","activeCreativeID":"600","scenes":["8"],"campaignAdType":"Interstitial","productId":"","purchaseBit":0,"licenseKey":""},{"campaignID":"525","attribution":0,"priority":"5","appToPromote":{"appToPromoteID":"3675","usesDefaultFrameImage":"0","usesDefaultCloseImage":"0","marketURL":"https:\/\/play.google.com\/store\/apps\/details?id=com.tenlogix.highschool.cafe.cashier.girl","packageID":"com.tenlogix.highschool.cafe.cashier.girl"},"showTemplate":1,"s2s_tracking_url":"https:\/\/play.google.com\/store\/apps\/details?id=com.tenlogix.highschool.cafe.cashier.girl","activeCreativeID":"600","scenes":["8"],"campaignAdType":"Interstitial","productId":"","purchaseBit":0,"licenseKey":""},{"campaignID":"527","attribution":0,"priority":"5","appToPromote":{"appToPromoteID":"3600","usesDefaultFrameImage":"0","usesDefaultCloseImage":"0","marketURL":"https:\/\/play.google.com\/store\/apps\/details?id=com.ids.little.farm.time.fun","packageID":"com.ids.little.farm.time.fun"},"showTemplate":1,"s2s_tracking_url":"https:\/\/play.google.com\/store\/apps\/details?id=com.ids.little.farm.time.fun","activeCreativeID":"574","scenes":["8"],"campaignAdType":"Interstitial","productId":"","purchaseBit":0,"licenseKey":""},{"campaignID":"1715","attribution":0,"priority":"5","appToPromote":{"appToPromoteID":"9053","usesDefaultFrameImage":"0","usesDefaultCloseImage":"0","marketURL":"https:\/\/play.google.com\/store\/apps\/details?id=com.tgp.us.army.transport.ambulance.driving.game","packageID":"com.tgp.us.army.transport.ambulance.driving.game"},"showTemplate":1,"s2s_tracking_url":"https:\/\/play.google.com\/store\/apps\/details?id=com.tgp.us.army.transport.ambulance.driving.game","activeCreativeID":"1119","scenes":["12","1","8","6","15","2","9","10","11"],"campaignAdType":"Video","productId":"","purchaseBit":0,"licenseKey":""},{"campaignID":"1738","attribution":0,"priority":"5","appToPromote":{"appToPromoteID":"9233","usesDefaultFrameImage":"0","usesDefaultCloseImage":"0","marketURL":"https:\/\/play.google.com\/store\/apps\/details?id=com.vg.airplane.pilot.robot.police.plane.transport.game","packageID":"com.vg.airplane.pilot.robot.police.plane.transport.game"},"showTemplate":1,"s2s_tracking_url":"https:\/\/play.google.com\/store\/apps\/details?id=com.vg.airplane.pilot.robot.police.plane.transport.game","activeCreativeID":"1124","scenes":["12","1","8","6","15","2","9","10","11"],"campaignAdType":"Video","productId":"","purchaseBit":0,"licenseKey":""},{"campaignID":"1741","attribution":0,"priority":"5","appToPromote":{"appToPromoteID":"9235","usesDefaultFrameImage":"0","usesDefaultCloseImage":"0","marketURL":"https:\/\/play.google.com\/store\/apps\/details?id=com.gss.us.fire.truck.driving.rescue.simulator","packageID":"com.gss.us.fire.truck.driving.rescue.simulator"},"showTemplate":1,"s2s_tracking_url":"https:\/\/play.google.com\/store\/apps\/details?id=com.gss.us.fire.truck.driving.rescue.simulator","activeCreativeID":"1129","scenes":["12","1","8","6","15","2","9","10","11"],"campaignAdType":"Video","productId":"","purchaseBit":0,"licenseKey":""},{"campaignID":"1762","attribution":0,"priority":"5","appToPromote":{"appToPromoteID":"9490","usesDefaultFrameImage":"0","usesDefaultCloseImage":"0","marketURL":"https:\/\/play.google.com\/store\/apps\/details?id=com.play.io.city.mobile.taxi.driving.simulator","packageID":"com.play.io.city.mobile.taxi.driving.simulator"},"showTemplate":1,"s2s_tracking_url":"https:\/\/play.google.com\/store\/apps\/details?id=com.play.io.city.mobile.taxi.driving.simulator","activeCreativeID":"1135","scenes":["12","1","8","6","15","2","9","10","11"],"campaignAdType":"Video","productId":"","purchaseBit":0,"licenseKey":""},{"campaignID":"6199","attribution":0,"priority":"5","appToPromote":{"appToPromoteID":"4006","usesDefaultFrameImage":"0","usesDefaultCloseImage":"0","marketURL":"https:\/\/play.google.com\/store\/apps\/details?id=com.vg.car.battle.demolition.derby.wars","packageID":"com.vg.car.battle.demolition.derby.wars"},"showTemplate":1,"s2s_tracking_url":"https:\/\/play.google.com\/store\/apps\/details?id=com.vg.car.battle.demolition.derby.wars","activeCreativeID":"1306","scenes":["12","1","8","6","15","2","9","10","11"],"campaignAdType":"Video","productId":"","purchaseBit":0,"licenseKey":""},{"campaignID":"6257","attribution":0,"priority":"5","appToPromote":{"appToPromoteID":"8549","usesDefaultFrameImage":"0","usesDefaultCloseImage":"0","marketURL":"https:\/\/play.google.com\/store\/apps\/details?id=com.gss.atv.police.bike.transport.cargo.plane","packageID":"com.gss.atv.police.bike.transport.cargo.plane"},"showTemplate":1,"s2s_tracking_url":"https:\/\/play.google.com\/store\/apps\/details?id=com.gss.atv.police.bike.transport.cargo.plane","activeCreativeID":"1076","scenes":["12","1","8","6","15","2","9","10","11"],"campaignAdType":"Video","productId":"","purchaseBit":0,"licenseKey":""},{"campaignID":"6305","attribution":0,"priority":"5","appToPromote":{"appToPromoteID":"12124","usesDefaultFrameImage":"0","usesDefaultCloseImage":"0","marketURL":"https:\/\/play.google.com\/store\/apps\/details?id=com.play.io.truck.car.transporter.trailer","packageID":"com.play.io.truck.car.transporter.trailer"},"showTemplate":1,"s2s_tracking_url":"https:\/\/play.google.com\/store\/apps\/details?id=com.play.io.truck.car.transporter.trailer","activeCreativeID":"1425","scenes":["12","1","8","6","15","2","9","10","11"],"campaignAdType":"Video","productId":"","purchaseBit":0,"licenseKey":""},{"campaignID":"6345","attribution":0,"priority":"5","appToPromote":{"appToPromoteID":"12205","usesDefaultFrameImage":"0","usesDefaultCloseImage":"0","marketURL":"https:\/\/play.google.com\/store\/apps\/details?id=com.vg.bus.derby.destruction.battleground","packageID":"com.vg.bus.derby.destruction.battleground"},"showTemplate":1,"s2s_tracking_url":"https:\/\/play.google.com\/store\/apps\/details?id=com.vg.bus.derby.destruction.battleground","activeCreativeID":"1505","scenes":["12","1","8","6","15","2","9","10","11"],"campaignAdType":"Video","productId":"","purchaseBit":0,"licenseKey":""},{"campaignID":"6381","attribution":0,"priority":"5","appToPromote":{"appToPromoteID":"12081","usesDefaultFrameImage":"0","usesDefaultCloseImage":"0","marketURL":"https:\/\/play.google.com\/store\/apps\/details?id=com.play.io.mega.ramp.bmx.stunts","packageID":"com.play.io.mega.ramp.bmx.stunts"},"showTemplate":1,"s2s_tracking_url":"https:\/\/play.google.com\/store\/apps\/details?id=com.play.io.mega.ramp.bmx.stunts","activeCreativeID":"1422","scenes":["12","1","8","6","15","2","9","10","11"],"campaignAdType":"Video","productId":"","purchaseBit":0,"licenseKey":""},{"campaignID":"6404","attribution":0,"priority":"5","appToPromote":{"appToPromoteID":"12081","usesDefaultFrameImage":"0","usesDefaultCloseImage":"0","marketURL":"https:\/\/play.google.com\/store\/apps\/details?id=com.play.io.mega.ramp.bmx.stunts","packageID":"com.play.io.mega.ramp.bmx.stunts"},"showTemplate":1,"s2s_tracking_url":"https:\/\/play.google.com\/store\/apps\/details?id=com.play.io.mega.ramp.bmx.stunts","activeCreativeID":"1422","scenes":["12","1","8","6","15","2","9","10","11"],"campaignAdType":"Video","productId":"","purchaseBit":0,"licenseKey":""},{"campaignID":"6414","attribution":0,"priority":"5","appToPromote":{"appToPromoteID":"12124","usesDefaultFrameImage":"0","usesDefaultCloseImage":"0","marketURL":"https:\/\/play.google.com\/store\/apps\/details?id=com.play.io.truck.car.transporter.trailer","packageID":"com.play.io.truck.car.transporter.trailer"},"showTemplate":1,"s2s_tracking_url":"https:\/\/play.google.com\/store\/apps\/details?id=com.play.io.truck.car.transporter.trailer","activeCreativeID":"1425","scenes":["12","1","8","6","15","2","9","10","11"],"campaignAdType":"Video","productId":"","purchaseBit":0,"licenseKey":""},{"campaignID":"6425","attribution":0,"priority":"5","appToPromote":{"appToPromoteID":"12081","usesDefaultFrameImage":"0","usesDefaultCloseImage":"0","marketURL":"https:\/\/play.google.com\/store\/apps\/details?id=com.play.io.mega.ramp.bmx.stunts","packageID":"com.play.io.mega.ramp.bmx.stunts"},"showTemplate":1,"s2s_tracking_url":"https:\/\/play.google.com\/store\/apps\/details?id=com.play.io.mega.ramp.bmx.stunts","activeCreativeID":"1422","scenes":["12","1","8","6","15","2","9","10","11"],"campaignAdType":"Video","productId":"","purchaseBit":0,"licenseKey":""},{"campaignID":"6426","attribution":0,"priority":"5","appToPromote":{"appToPromoteID":"12338","usesDefaultFrameImage":"0","usesDefaultCloseImage":"0","marketURL":"https:\/\/play.google.com\/store\/apps\/details?id=com.play.io.police.moto.bike.gangster.chase.games","packageID":"com.play.io.police.moto.bike.gangster.chase.games"},"showTemplate":1,"s2s_tracking_url":"https:\/\/play.google.com\/store\/apps\/details?id=com.play.io.police.moto.bike.gangster.chase.games","activeCreativeID":"1530","scenes":["12","1","8","6","15","2","9","10","11"],"campaignAdType":"Video","productId":"","purchaseBit":0,"licenseKey":""},{"campaignID":"6443","attribution":0,"priority":"5","appToPromote":{"appToPromoteID":"12338","usesDefaultFrameImage":"0","usesDefaultCloseImage":"0","marketURL":"https:\/\/play.google.com\/store\/apps\/details?id=com.play.io.police.moto.bike.gangster.chase.games","packageID":"com.play.io.police.moto.bike.gangster.chase.games"},"showTemplate":1,"s2s_tracking_url":"https:\/\/play.google.com\/store\/apps\/details?id=com.play.io.police.moto.bike.gangster.chase.games","activeCreativeID":"1530","scenes":["12","1","8","6","15","2","9","10","11"],"campaignAdType":"Video","productId":"","purchaseBit":0,"licenseKey":""},{"campaignID":"6444","attribution":0,"priority":"5","appToPromote":{"appToPromoteID":"12486","usesDefaultFrameImage":"0","usesDefaultCloseImage":"0","marketURL":"https:\/\/play.google.com\/store\/apps\/details?id=com.play.io.offroad.police.driver.bus.transport.jail.prisoner","packageID":"com.play.io.offroad.police.driver.bus.transport.jail.prisoner"},"showTemplate":1,"s2s_tracking_url":"https:\/\/play.google.com\/store\/apps\/details?id=com.play.io.offroad.police.driver.bus.transport.jail.prisoner","activeCreativeID":"1571","scenes":["12","1","8","6","15","2","9","10","11"],"campaignAdType":"Video","productId":"","purchaseBit":0,"licenseKey":""},{"campaignID":"6446","attribution":0,"priority":"5","appToPromote":{"appToPromoteID":"12081","usesDefaultFrameImage":"0","usesDefaultCloseImage":"0","marketURL":"https:\/\/play.google.com\/store\/apps\/details?id=com.play.io.mega.ramp.bmx.stunts","packageID":"com.play.io.mega.ramp.bmx.stunts"},"showTemplate":1,"s2s_tracking_url":"https:\/\/play.google.com\/store\/apps\/details?id=com.play.io.mega.ramp.bmx.stunts","activeCreativeID":"1422","scenes":["12","1","8","6","15","2","9","10","11"],"campaignAdType":"Video","productId":"","purchaseBit":0,"licenseKey":""}],"refreshAdRate":30,"mode":"Production","aspectRatio":"4_3","cdnPath":"https:\/\/df8ymybeo92md.cloudfront.net\/images\/","sentry_log":0,"local_logging":0,"sentry_dsn":"https:\/\/93ffa1c9a4124f67b8888a53265f751a:bbf998e04584477fa9a145838e9d3b26@sentry.io\/168994","sentry_initialization":1,"sentry_debugging":0,"bannerSizes":["1"],"aspectRatioVideo":"16_9","app_id":"1991","showPreRewardedDialogue":0,"showPostRewardedDialogue":0,"rewardCurrency":"coins","rewardValue":0,"isSkipable":1,"privacyPolicyURL":"https:\/\/www.consoliads.com\/privacy-policy\/","sessionToken":"bsVvC\/mp9ZhKSlbd4rrXxIDnNHKgbzH79Goww4TP8hwNHU8KOxoCt3IUNd7iaM000NT3+DEBj2zuXMBty0GOhV7d6idW1hMj2HQWMTT8bJrBsK0SliGdcet0rC9BV5l5iPbbZ35+P2WsO4YuTiBYNDAciKMCDyhF9uF0YuZv7u8="}
Session token value is set


{"appKey":"9cb6163f088b7fe1e362a087b80adf18","deviceID":"2232","stats":[{"campaignID":8858,"packageID":"com.vg.prisonerbreakout.HardTime","sceneStats":[{"sceneID":"6","eventStats":"323,223,123,23,23,0,0"}]}],"sdkVersion":"2163","sessionToken":"bsVvC\/mp9ZhKSlbd4rrXxIDnNHKgbzH79Goww4TP8hwNHU8KOxoCt3IUNd7iaM000NT3+DEBj2zuXMBty0GOhV7d6idW1hMj2HQWMTT8bJrBsK0SliGdcet0rC9BV5l5iPbbZ35+P2WsO4YuTiBYNDAciKMCDyhF9uF0YuZv7u8="}
cache_ttl value is correct

Refresh Ad Rate value is correct
mode value is set

 Aspect ratio value is correct
sentry_log value is set
local_logging value is set
sentry_initialization value is set
sentry_debugging value is set
showPreRewardedDialogue value is set
showPostRewardedDialogue value is set
isSkipable value is set
{"cache_ttl":10080,"cache_ttl_rewarded":10080,"cache_ttl_banner":10080,"cache_ttl_native":10080,"cache_ttl_icon":10080,"campaigns":[{"campaignID":"9384","attribution":0,"priority":"5","appToPromote":{"appToPromoteID":"13185","usesDefaultFrameImage":"0","usesDefaultCloseImage":"0","marketURL":"https:\/\/play.google.com\/store\/apps\/details?id=com.gamesarena.flying.bike.tricks.stunts&amp;referrer=utm_source=42matters.com&amp;utm_medium=api","packageID":"com.gamesarena.flying.bike.tricks.stunts"},"showTemplate":1,"s2s_tracking_url":"https:\/\/play.google.com\/store\/apps\/details?id=com.gamesarena.flying.bike.tricks.stunts&amp;referrer=utm_source=42matters.com&amp;utm_medium=api","activeCreativeID":"4829","scenes":["12","1","8","6","15"],"campaignAdType":"Interstitial","productId":"","purchaseBit":0,"licenseKey":""},{"campaignID":"9386","attribution":0,"priority":"5","appToPromote":{"appToPromoteID":"17764","usesDefaultFrameImage":"0","usesDefaultCloseImage":"0","marketURL":"https:\/\/play.google.com\/store\/apps\/details?id=com.visiblebody.atlas&amp;referrer=utm_source=42matters.com&amp;utm_medium=api","packageID":"com.gamesarena..test6324"},"showTemplate":1,"s2s_tracking_url":"https:\/\/play.google.com\/store\/apps\/details?id=com.visiblebody.atlas&amp;referrer=utm_source=42matters.com&amp;utm_medium=api","activeCreativeID":"4828","scenes":["12","1","8","6","15"],"campaignAdType":"Interstitial","productId":"","purchaseBit":0,"licenseKey":""},{"campaignID":"9389","attribution":0,"priority":"5","appToPromote":{"appToPromoteID":"13185","usesDefaultFrameImage":"0","usesDefaultCloseImage":"0","marketURL":"https:\/\/play.google.com\/store\/apps\/details?id=com.gamesarena.flying.bike.tricks.stunts&amp;referrer=utm_source=42matters.com&amp;utm_medium=api","packageID":"com.gamesarena.flying.bike.tricks.stunts"},"showTemplate":1,"s2s_tracking_url":"https:\/\/play.google.com\/store\/apps\/details?id=com.gamesarena.flying.bike.tricks.stunts&amp;referrer=utm_source=42matters.com&amp;utm_medium=api","activeCreativeID":"4829","scenes":["12","1","8","6","15"],"campaignAdType":"Interstitial","productId":"","purchaseBit":0,"licenseKey":""},{"campaignID":"85","attribution":0,"priority":"5","appToPromote":{"appToPromoteID":"1830","usesDefaultFrameImage":"0","usesDefaultCloseImage":"0","marketURL":"https:\/\/play.google.com\/store\/apps\/details?id=com.gss.offroad.uphill.extremetruckdriver","packageID":"com.gss.offroad.uphill.extremetruckdriver"},"showTemplate":1,"s2s_tracking_url":"https:\/\/play.google.com\/store\/apps\/details?id=com.gss.offroad.uphill.extremetruckdriver","activeCreativeID":"106","scenes":["12","1","8","6","15"],"campaignAdType":"Interstitial","productId":"","purchaseBit":0,"licenseKey":""},{"campaignID":"86","attribution":0,"priority":"5","appToPromote":{"appToPromoteID":"1823","usesDefaultFrameImage":"0","usesDefaultCloseImage":"0","marketURL":"https:\/\/play.google.com\/store\/apps\/details?id=com.vg.demolition.derby.extreme.car.stunts","packageID":"com.vg.demolition.derby.extreme.car.stunts"},"showTemplate":1,"s2s_tracking_url":"https:\/\/play.google.com\/store\/apps\/details?id=com.vg.demolition.derby.extreme.car.stunts","activeCreativeID":"109","scenes":["12","1","8","6","15"],"campaignAdType":"Interstitial","productId":"","purchaseBit":0,"licenseKey":""},{"campaignID":"93","attribution":0,"priority":"5","appToPromote":{"appToPromoteID":"1860","usesDefaultFrameImage":"0","usesDefaultCloseImage":"0","marketURL":"https:\/\/play.google.com\/store\/apps\/details?id=com.gss.vendetta.subwaycrime.rescue.mission","packageID":"com.gss.vendetta.subwaycrime.rescue.mission"},"showTemplate":1,"s2s_tracking_url":"https:\/\/play.google.com\/store\/apps\/details?id=com.gss.vendetta.subwaycrime.rescue.mission","activeCreativeID":"117","scenes":["12","1","8","6","15"],"campaignAdType":"Interstitial","productId":"","purchaseBit":0,"licenseKey":""},{"campaignID":"94","attribution":0,"priority":"5","appToPromote":{"appToPromoteID":"1843","usesDefaultFrameImage":"0","usesDefaultCloseImage":"0","marketURL":"https:\/\/play.google.com\/store\/apps\/details?id=com.vg.secret.agent.mafia.gods.criminal.gang","packageID":"com.vg.secret.agent.mafia.gods.criminal.gang"},"showTemplate":1,"s2s_tracking_url":"https:\/\/play.google.com\/store\/apps\/details?id=com.vg.secret.agent.mafia.gods.criminal.gang","activeCreativeID":"120","scenes":["12","1","8","6","15"],"campaignAdType":"Interstitial","productId":"","purchaseBit":0,"licenseKey":""},{"campaignID":"112","attribution":0,"priority":"5","appToPromote":{"appToPromoteID":"1998","usesDefaultFrameImage":"0","usesDefaultCloseImage":"0","marketURL":"https:\/\/play.google.com\/store\/apps\/details?id=com.gss.citygangster.underworldempire.mafia.crime","packageID":"com.gss.citygangster.underworldempire.mafia.crime"},"showTemplate":1,"s2s_tracking_url":"https:\/\/play.google.com\/store\/apps\/details?id=com.gss.citygangster.underworldempire.mafia.crime","activeCreativeID":"146","scenes":["12","1","8","6","15"],"campaignAdType":"Interstitial","productId":"","purchaseBit":0,"licenseKey":""},{"campaignID":"114","attribution":0,"priority":"5","appToPromote":{"appToPromoteID":"2007","usesDefaultFrameImage":"0","usesDefaultCloseImage":"0","marketURL":"https:\/\/play.google.com\/store\/apps\/details?id=com.vg.police.secret.agent.crime.gang","packageID":"com.vg.police.secret.agent.crime.gang"},"showTemplate":1,"s2s_tracking_url":"https:\/\/play.google.com\/store\/apps\/details?id=com.vg.police.secret.agent.crime.gang","activeCreativeID":"148","scenes":["12","1","8","6","15"],"campaignAdType":"Interstitial","productId":"","purchaseBit":0,"licenseKey":""},{"campaignID":"132","attribution":0,"priority":"5","appToPromote":{"appToPromoteID":"2109","usesDefaultFrameImage":"0","usesDefaultCloseImage":"0","marketURL":"https:\/\/play.google.com\/store\/apps\/details?id=com.gss.us.army.commando.survival","packageID":"com.gss.us.army.commando.survival"},"showTemplate":1,"s2s_tracking_url":"https:\/\/play.google.com\/store\/apps\/details?id=com.gss.us.army.commando.survival","activeCreativeID":"171","scenes":["12","1","8","6","15"],"campaignAdType":"Interstitial","productId":"","purchaseBit":0,"licenseKey":""},{"campaignID":"133","attribution":0,"priority":"5","appToPromote":{"appToPromoteID":"2118","usesDefaultFrameImage":"0","usesDefaultCloseImage":"0","marketURL":"https:\/\/play.google.com\/store\/apps\/details?id=com.vg.us.war.mafia.gang.vegas.crime","packageID":"com.vg.us.war.mafia.gang.vegas.crime"},"showTemplate":1,"s2s_tracking_url":"https:\/\/play.google.com\/store\/apps\/details?id=com.vg.us.war.mafia.gang.vegas.crime","activeCreativeID":"172","scenes":["12","1","8","6","15"],"campaignAdType":"Interstitial","productId":"","purchaseBit":0,"licenseKey":""},{"campaignID":"152","attribution":0,"priority":"5","appToPromote":{"appToPromoteID":"1348","usesDefaultFrameImage":"0","usesDefaultCloseImage":"0","marketURL":"https:\/\/play.google.com\/store\/apps\/details?id=com.gss.police.sniper.prison.gaurd","packageID":"com.gss.police.sniper.prison.gaurd"},"showTemplate":1,"s2s_tracking_url":"https:\/\/play.google.com\/store\/apps\/details?id=com.gss.police.sniper.prison.gaurd","activeCreativeID":"192","scenes":["12","1","8","6","15"],"campaignAdType":"Interstitial","productId":"","purchaseBit":0,"licenseKey":""},{"campaignID":"158","attribution":0,"priority":"5","appToPromote":{"appToPromoteID":"2223","usesDefaultFrameImage":"0","usesDefaultCloseImage":"0","marketURL":"https:\/\/play.google.com\/store\/apps\/details?id=com.vg.counter.mafia.squad.army.training","packageID":"com.vg.counter.mafia.squad.army.training"},"showTemplate":1,"s2s_tracking_url":"https:\/\/play.google.com\/store\/apps\/details?id=com.vg.counter.mafia.squad.army.training","activeCreativeID":"204","scenes":["12","1","8","6","15"],"campaignAdType":"Interstitial","productId":"","purchaseBit":0,"licenseKey":""},{"campaignID":"162","attribution":0,"priority":"5","appToPromote":{"appToPromoteID":"2268","usesDefaultFrameImage":"0","usesDefaultCloseImage":"0","marketURL":"https:\/\/play.google.com\/store\/apps\/details?id=com.vg.prisoner.escape.survival.hero","packageID":"com.vg.prisoner.escape.survival.hero"},"showTemplate":1,"s2s_tracking_url":"https:\/\/play.google.com\/store\/apps\/details?id=com.vg.prisoner.escape.survival.hero","activeCreativeID":"206","scenes":["12","1","8","6","15"],"campaignAdType":"Interstitial","productId":"","purchaseBit":0,"licenseKey":""},{"campaignID":"163","attribution":0,"priority":"5","appToPromote":{"appToPromoteID":"2349","usesDefaultFrameImage":"0","usesDefaultCloseImage":"0","marketURL":"https:\/\/play.google.com\/store\/apps\/details?id=com.gss.city.war.survival.robothero","packageID":"com.gss.city.war.survival.robothero"},"showTemplate":1,"s2s_tracking_url":"https:\/\/play.google.com\/store\/apps\/details?id=com.gss.city.war.survival.robothero","activeCreativeID":"207","scenes":["12","1","8","6","15"],"campaignAdType":"Interstitial","productId":"","purchaseBit":0,"licenseKey":""},{"campaignID":"169","attribution":0,"priority":"5","appToPromote":{"appToPromoteID":"2414","usesDefaultFrameImage":"0","usesDefaultCloseImage":"0","marketURL":"https:\/\/play.google.com\/store\/apps\/details?id=com.gamefeast.armyheroes.us.military.training","packageID":"com.gamefeast.armyheroes.us.military.training"},"showTemplate":1,"s2s_tracking_url":"https:\/\/play.google.com\/store\/apps\/details?id=com.gamefeast.armyheroes.us.military.training","activeCreativeID":"220","scenes":["12","1","8","6","15"],"campaignAdType":"Interstitial","productId":"","purchaseBit":0,"licenseKey":""},{"campaignID":"207","attribution":0,"priority":"5","appToPromote":{"appToPromoteID":"2450","usesDefaultFrameImage":"0","usesDefaultCloseImage":"0","marketURL":"https:\/\/play.google.com\/store\/apps\/details?id=com.gss.army.commando.survivalisland","packageID":"com.gss.army.commando.survivalisland"},"showTemplate":1,"s2s_tracking_url":"https:\/\/play.google.com\/store\/apps\/details?id=com.gss.army.commando.survivalisland","activeCreativeID":"281","scenes":["12","1","8","6","15"],"campaignAdType":"Interstitial","productId":"","purchaseBit":0,"licenseKey":""},{"campaignID":"332","attribution":0,"priority":"5","appToPromote":{"appToPromoteID":"2857","usesDefaultFrameImage":"0","usesDefaultCloseImage":"0","marketURL":"https:\/\/play.google.com\/store\/apps\/details?id=com.gss.robot.battle.robbery.squad","packageID":"com.gss.robot.battle.robbery.squad"},"showTemplate":1,"s2s_tracking_url":"https:\/\/play.google.com\/store\/apps\/details?id=com.gss.robot.battle.robbery.squad","activeCreativeID":"343","scenes":["12","1","8","6","15"],"campaignAdType":"Interstitial","productId":"","purchaseBit":0,"licenseKey":""},{"campaignID":"336","attribution":0,"priority":"5","appToPromote":{"appToPromoteID":"2941","usesDefaultFrameImage":"0","usesDefaultCloseImage":"0","marketURL":"https:\/\/play.google.com\/store\/apps\/details?id=com.vg.us.army.war.survival.island","packageID":"com.vg.us.army.war.survival.island"},"showTemplate":1,"s2s_tracking_url":"https:\/\/play.google.com\/store\/apps\/details?id=com.vg.us.army.war.survival.island","activeCreativeID":"347","scenes":["12","1","8","6","15"],"campaignAdType":"Interstitial","productId":"","purchaseBit":0,"licenseKey":""},{"campaignID":"357","attribution":0,"priority":"5","appToPromote":{"appToPromoteID":"2741","usesDefaultFrameImage":"0","usesDefaultCloseImage":"0","marketURL":"https:\/\/play.google.com\/store\/apps\/details?id=com.gss.us.air.jetfighter.warrior","packageID":"com.gss.us.air.jetfighter.warrior"},"showTemplate":1,"s2s_tracking_url":"https:\/\/play.google.com\/store\/apps\/details?id=com.gss.us.air.jetfighter.warrior","activeCreativeID":"376","scenes":["12","1","8","6","15"],"campaignAdType":"Interstitial","productId":"","purchaseBit":0,"licenseKey":""},{"campaignID":"364","attribution":0,"priority":"5","appToPromote":{"appToPromoteID":"2552","usesDefaultFrameImage":"0","usesDefaultCloseImage":"0","marketURL":"https:\/\/play.google.com\/store\/apps\/details?id=com.gss.grand.city.rescue.flyingrobot","packageID":"com.gss.grand.city.rescue.flyingrobot"},"showTemplate":1,"s2s_tracking_url":"https:\/\/play.google.com\/store\/apps\/details?id=com.gss.grand.city.rescue.flyingrobot","activeCreativeID":"309","scenes":["12","1","8","6","15"],"campaignAdType":"Interstitial","productId":"","purchaseBit":0,"licenseKey":""},{"campaignID":"370","attribution":0,"priority":"5","appToPromote":{"appToPromoteID":"3065","usesDefaultFrameImage":"0","usesDefaultCloseImage":"0","marketURL":"https:\/\/play.google.com\/store\/apps\/details?id=com.gss.raft.survival.island.escape","packageID":"com.gss.raft.survival.island.escape"},"showTemplate":1,"s2s_tracking_url":"https:\/\/play.google.com\/store\/apps\/details?id=com.gss.raft.survival.island.escape","activeCreativeID":"391","scenes":["12","1","8","6","15"],"campaignAdType":"Interstitial","productId":"","purchaseBit":0,"licenseKey":""},{"campaignID":"417","attribution":0,"priority":"5","appToPromote":{"appToPromoteID":"3227","usesDefaultFrameImage":"0","usesDefaultCloseImage":"0","marketURL":"https:\/\/play.google.com\/store\/apps\/details?id=com.vg.hero.kids.army.training.school","packageID":"com.vg.hero.kids.army.training.school"},"showTemplate":1,"s2s_tracking_url":"https:\/\/play.google.com\/store\/apps\/details?id=com.vg.hero.kids.army.training.school","activeCreativeID":"454","scenes":["12","1","8","6","15"],"campaignAdType":"Interstitial","productId":"","purchaseBit":0,"licenseKey":""},{"campaignID":"433","attribution":0,"priority":"5","appToPromote":{"appToPromoteID":"3339","usesDefaultFrameImage":"0","usesDefaultCloseImage":"0","marketURL":"https:\/\/play.google.com\/store\/apps\/details?id=com.gss.battle.force.counterterrorist","packageID":"com.gss.battle.force.counterterrorist"},"showTemplate":1,"s2s_tracking_url":"https:\/\/play.google.com\/store\/apps\/details?id=com.gss.battle.force.counterterrorist","activeCreativeID":"477","scenes":["12","1","8","6","15"],"campaignAdType":"Interstitial","productId":"","purchaseBit":0,"licenseKey":""},{"campaignID":"436","attribution":0,"priority":"5","appToPromote":{"appToPromoteID":"3282","usesDefaultFrameImage":"0","usesDefaultCloseImage":"0","marketURL":"https:\/\/play.google.com\/store\/apps\/details?id=com.tgp.city.rescue.survival.flyinghero","packageID":"com.tgp.city.rescue.survival.flyinghero"},"showTemplate":1,"s2s_tracking_url":"https:\/\/play.google.com\/store\/apps\/details?id=com.tgp.city.rescue.survival.flyinghero","activeCreativeID":"478","scenes":["12","1","8","6","15"],"campaignAdType":"Interstitial","productId":"","purchaseBit":0,"licenseKey":""}],"refreshAdRate":30,"mode":"Production","aspectRatio":"4_3","cdnPath":"https:\/\/df8ymybeo92md.cloudfront.net\/images\/","sentry_log":0,"local_logging":0,"sentry_dsn":"https:\/\/93ffa1c9a4124f67b8888a53265f751a:bbf998e04584477fa9a145838e9d3b26@sentry.io\/168994","sentry_initialization":1,"sentry_debugging":0,"bannerSizes":["1"],"aspectRatioVideo":"16_9","app_id":"1992","showPreRewardedDialogue":0,"showPostRewardedDialogue":0,"rewardCurrency":"coins","rewardValue":0,"isSkipable":0,"privacyPolicyURL":"https:\/\/www.consoliads.com\/privacy-policy\/","sessionToken":"mJkFIx2uBeC+4hF\/BAOKY75vGtzrI0d6reqO5fLi42UCea3oixN5bhN17oNtD73oqMvIDVgoCFxGaMRC2ZoItG1BCeCJ94nJAFwrNou\/\/VAcXHnamTlSQ2hRzm\/1ZoLONgGEVXWz\/Cva95Czt7f82HkPgc+gYnmDRctHx3ZRptQ="}
Session token value is set


{"appKey":"ea3a1008bf37134982acf7e675d170bc","deviceID":"356","stats":[{"campaignID":116,"packageID":"com.whitesand.military.academy","sceneStats":[{"sceneID":"1","eventStats":"304,204,104,4,4,0,0"}]}],"sdkVersion":"39","sessionToken":"mJkFIx2uBeC+4hF\/BAOKY75vGtzrI0d6reqO5fLi42UCea3oixN5bhN17oNtD73oqMvIDVgoCFxGaMRC2ZoItG1BCeCJ94nJAFwrNou\/\/VAcXHnamTlSQ2hRzm\/1ZoLONgGEVXWz\/Cva95Czt7f82HkPgc+gYnmDRctHx3ZRptQ="}
cache_ttl value is correct

Refresh Ad Rate value is correct
mode value is set

 Aspect ratio value is correct
sentry_log value is set
local_logging value is set
sentry_initialization value is set
sentry_debugging value is set
showPreRewardedDialogue value is set
showPostRewardedDialogue value is set
isSkipable value is set
{"cache_ttl":10080,"cache_ttl_rewarded":10080,"cache_ttl_banner":10080,"cache_ttl_native":10080,"cache_ttl_icon":10080,"refreshAdRate":30,"mode":"Production","aspectRatio":"4_3","cdnPath":"https:\/\/df8ymybeo92md.cloudfront.net\/images\/","sentry_log":0,"local_logging":0,"sentry_dsn":"https:\/\/93ffa1c9a4124f67b8888a53265f751a:bbf998e04584477fa9a145838e9d3b26@sentry.io\/168994","sentry_initialization":1,"sentry_debugging":0,"bannerSizes":["5"],"aspectRatioVideo":"16_9","app_id":"1999","showPreRewardedDialogue":0,"showPostRewardedDialogue":0,"rewardCurrency":"coins","rewardValue":0,"isSkipable":0,"privacyPolicyURL":"https:\/\/www.consoliads.com\/privacy-policy\/","sessionToken":"pt5n3819dDK\/1jVqvzBktmS+yU6ZkF\/ToJPcfzE+eGzPpC5Sn81EsB9NhdH49LoA8RLl+NKXLtVClZPC9VsneU4sm5\/I+aOJfp3l4r3uFck6TwvFTXpxcS+GxuRd\/uNiWzaf8oZT+yMqAqaxBGhPvUBKR24Q4eI\/LSo4vG9N5WA="}
Session token value is set


{"appKey":"2f239cc63433a12656a3d1e2832fa017","deviceID":"5274","stats":[{"campaignID":114,"packageID":"com.vg.police.secret.agent.crime.gang","sceneStats":[{"sceneID":"14","eventStats":"353,253,153,53,53,0,0"}]}],"sdkVersion":"2163","sessionToken":"pt5n3819dDK\/1jVqvzBktmS+yU6ZkF\/ToJPcfzE+eGzPpC5Sn81EsB9NhdH49LoA8RLl+NKXLtVClZPC9VsneU4sm5\/I+aOJfp3l4r3uFck6TwvFTXpxcS+GxuRd\/uNiWzaf8oZT+yMqAqaxBGhPvUBKR24Q4eI\/LSo4vG9N5WA="}
cache_ttl value is correct

Refresh Ad Rate value is correct
mode value is set

 Aspect ratio value is correct
sentry_log value is set
local_logging value is set
sentry_initialization value is set
sentry_debugging value is set
showPreRewardedDialogue value is set
showPostRewardedDialogue value is set
isSkipable value is set
{"cache_ttl":10080,"cache_ttl_rewarded":10080,"cache_ttl_banner":10080,"cache_ttl_native":10080,"cache_ttl_icon":10080,"campaigns":[{"campaignID":"9384","attribution":0,"priority":"5","appToPromote":{"appToPromoteID":"13185","usesDefaultFrameImage":"0","usesDefaultCloseImage":"0","marketURL":"https:\/\/play.google.com\/store\/apps\/details?id=com.gamesarena.flying.bike.tricks.stunts&amp;referrer=utm_source=42matters.com&amp;utm_medium=api","packageID":"com.gamesarena.flying.bike.tricks.stunts"},"showTemplate":1,"s2s_tracking_url":"https:\/\/play.google.com\/store\/apps\/details?id=com.gamesarena.flying.bike.tricks.stunts&amp;referrer=utm_source=42matters.com&amp;utm_medium=api","activeCreativeID":"4829","scenes":["12","1","8","6","15","2","9"],"campaignAdType":"Interstitial","productId":"","purchaseBit":0,"licenseKey":""},{"campaignID":"9386","attribution":0,"priority":"5","appToPromote":{"appToPromoteID":"17764","usesDefaultFrameImage":"0","usesDefaultCloseImage":"0","marketURL":"https:\/\/play.google.com\/store\/apps\/details?id=com.visiblebody.atlas&amp;referrer=utm_source=42matters.com&amp;utm_medium=api","packageID":"com.gamesarena..test6324"},"showTemplate":1,"s2s_tracking_url":"https:\/\/play.google.com\/store\/apps\/details?id=com.visiblebody.atlas&amp;referrer=utm_source=42matters.com&amp;utm_medium=api","activeCreativeID":"4828","scenes":["12","1","8","6","15","2","9"],"campaignAdType":"Interstitial","productId":"","purchaseBit":0,"licenseKey":""},{"campaignID":"9389","attribution":0,"priority":"5","appToPromote":{"appToPromoteID":"13185","usesDefaultFrameImage":"0","usesDefaultCloseImage":"0","marketURL":"https:\/\/play.google.com\/store\/apps\/details?id=com.gamesarena.flying.bike.tricks.stunts&amp;referrer=utm_source=42matters.com&amp;utm_medium=api","packageID":"com.gamesarena.flying.bike.tricks.stunts"},"showTemplate":1,"s2s_tracking_url":"https:\/\/play.google.com\/store\/apps\/details?id=com.gamesarena.flying.bike.tricks.stunts&amp;referrer=utm_source=42matters.com&amp;utm_medium=api","activeCreativeID":"4829","scenes":["12","1","8","6","15","2","9"],"campaignAdType":"Interstitial","productId":"","purchaseBit":0,"licenseKey":""},{"campaignID":"85","attribution":0,"priority":"5","appToPromote":{"appToPromoteID":"1830","usesDefaultFrameImage":"0","usesDefaultCloseImage":"0","marketURL":"https:\/\/play.google.com\/store\/apps\/details?id=com.gss.offroad.uphill.extremetruckdriver","packageID":"com.gss.offroad.uphill.extremetruckdriver"},"showTemplate":1,"s2s_tracking_url":"https:\/\/play.google.com\/store\/apps\/details?id=com.gss.offroad.uphill.extremetruckdriver","activeCreativeID":"106","scenes":["12","1","8","6","15","2","9"],"campaignAdType":"Interstitial","productId":"","purchaseBit":0,"licenseKey":""},{"campaignID":"86","attribution":0,"priority":"5","appToPromote":{"appToPromoteID":"1823","usesDefaultFrameImage":"0","usesDefaultCloseImage":"0","marketURL":"https:\/\/play.google.com\/store\/apps\/details?id=com.vg.demolition.derby.extreme.car.stunts","packageID":"com.vg.demolition.derby.extreme.car.stunts"},"showTemplate":1,"s2s_tracking_url":"https:\/\/play.google.com\/store\/apps\/details?id=com.vg.demolition.derby.extreme.car.stunts","activeCreativeID":"109","scenes":["12","1","8","6","15","2","9"],"campaignAdType":"Interstitial","productId":"","purchaseBit":0,"licenseKey":""},{"campaignID":"93","attribution":0,"priority":"5","appToPromote":{"appToPromoteID":"1860","usesDefaultFrameImage":"0","usesDefaultCloseImage":"0","marketURL":"https:\/\/play.google.com\/store\/apps\/details?id=com.gss.vendetta.subwaycrime.rescue.mission","packageID":"com.gss.vendetta.subwaycrime.rescue.mission"},"showTemplate":1,"s2s_tracking_url":"https:\/\/play.google.com\/store\/apps\/details?id=com.gss.vendetta.subwaycrime.rescue.mission","activeCreativeID":"117","scenes":["12","1","8","6","15","2","9"],"campaignAdType":"Interstitial","productId":"","purchaseBit":0,"licenseKey":""},{"campaignID":"94","attribution":0,"priority":"5","appToPromote":{"appToPromoteID":"1843","usesDefaultFrameImage":"0","usesDefaultCloseImage":"0","marketURL":"https:\/\/play.google.com\/store\/apps\/details?id=com.vg.secret.agent.mafia.gods.criminal.gang","packageID":"com.vg.secret.agent.mafia.gods.criminal.gang"},"showTemplate":1,"s2s_tracking_url":"https:\/\/play.google.com\/store\/apps\/details?id=com.vg.secret.agent.mafia.gods.criminal.gang","activeCreativeID":"120","scenes":["12","1","8","6","15","2","9"],"campaignAdType":"Interstitial","productId":"","purchaseBit":0,"licenseKey":""},{"campaignID":"112","attribution":0,"priority":"5","appToPromote":{"appToPromoteID":"1998","usesDefaultFrameImage":"0","usesDefaultCloseImage":"0","marketURL":"https:\/\/play.google.com\/store\/apps\/details?id=com.gss.citygangster.underworldempire.mafia.crime","packageID":"com.gss.citygangster.underworldempire.mafia.crime"},"showTemplate":1,"s2s_tracking_url":"https:\/\/play.google.com\/store\/apps\/details?id=com.gss.citygangster.underworldempire.mafia.crime","activeCreativeID":"146","scenes":["12","1","8","6","15","2","9"],"campaignAdType":"Interstitial","productId":"","purchaseBit":0,"licenseKey":""},{"campaignID":"132","attribution":0,"priority":"5","appToPromote":{"appToPromoteID":"2109","usesDefaultFrameImage":"0","usesDefaultCloseImage":"0","marketURL":"https:\/\/play.google.com\/store\/apps\/details?id=com.gss.us.army.commando.survival","packageID":"com.gss.us.army.commando.survival"},"showTemplate":1,"s2s_tracking_url":"https:\/\/play.google.com\/store\/apps\/details?id=com.gss.us.army.commando.survival","activeCreativeID":"171","scenes":["12","1","8","6","15","2","9"],"campaignAdType":"Interstitial","productId":"","purchaseBit":0,"licenseKey":""},{"campaignID":"133","attribution":0,"priority":"5","appToPromote":{"appToPromoteID":"2118","usesDefaultFrameImage":"0","usesDefaultCloseImage":"0","marketURL":"https:\/\/play.google.com\/store\/apps\/details?id=com.vg.us.war.mafia.gang.vegas.crime","packageID":"com.vg.us.war.mafia.gang.vegas.crime"},"showTemplate":1,"s2s_tracking_url":"https:\/\/play.google.com\/store\/apps\/details?id=com.vg.us.war.mafia.gang.vegas.crime","activeCreativeID":"172","scenes":["12","1","8","6","15","2","9"],"campaignAdType":"Interstitial","productId":"","purchaseBit":0,"licenseKey":""},{"campaignID":"152","attribution":0,"priority":"5","appToPromote":{"appToPromoteID":"1348","usesDefaultFrameImage":"0","usesDefaultCloseImage":"0","marketURL":"https:\/\/play.google.com\/store\/apps\/details?id=com.gss.police.sniper.prison.gaurd","packageID":"com.gss.police.sniper.prison.gaurd"},"showTemplate":1,"s2s_tracking_url":"https:\/\/play.google.com\/store\/apps\/details?id=com.gss.police.sniper.prison.gaurd","activeCreativeID":"192","scenes":["12","1","8","6","15","2","9"],"campaignAdType":"Interstitial","productId":"","purchaseBit":0,"licenseKey":""},{"campaignID":"158","attribution":0,"priority":"5","appToPromote":{"appToPromoteID":"2223","usesDefaultFrameImage":"0","usesDefaultCloseImage":"0","marketURL":"https:\/\/play.google.com\/store\/apps\/details?id=com.vg.counter.mafia.squad.army.training","packageID":"com.vg.counter.mafia.squad.army.training"},"showTemplate":1,"s2s_tracking_url":"https:\/\/play.google.com\/store\/apps\/details?id=com.vg.counter.mafia.squad.army.training","activeCreativeID":"204","scenes":["12","1","8","6","15","2","9"],"campaignAdType":"Interstitial","productId":"","purchaseBit":0,"licenseKey":""},{"campaignID":"162","attribution":0,"priority":"5","appToPromote":{"appToPromoteID":"2268","usesDefaultFrameImage":"0","usesDefaultCloseImage":"0","marketURL":"https:\/\/play.google.com\/store\/apps\/details?id=com.vg.prisoner.escape.survival.hero","packageID":"com.vg.prisoner.escape.survival.hero"},"showTemplate":1,"s2s_tracking_url":"https:\/\/play.google.com\/store\/apps\/details?id=com.vg.prisoner.escape.survival.hero","activeCreativeID":"206","scenes":["12","1","8","6","15","2","9"],"campaignAdType":"Interstitial","productId":"","purchaseBit":0,"licenseKey":""},{"campaignID":"163","attribution":0,"priority":"5","appToPromote":{"appToPromoteID":"2349","usesDefaultFrameImage":"0","usesDefaultCloseImage":"0","marketURL":"https:\/\/play.google.com\/store\/apps\/details?id=com.gss.city.war.survival.robothero","packageID":"com.gss.city.war.survival.robothero"},"showTemplate":1,"s2s_tracking_url":"https:\/\/play.google.com\/store\/apps\/details?id=com.gss.city.war.survival.robothero","activeCreativeID":"207","scenes":["12","1","8","6","15","2","9"],"campaignAdType":"Interstitial","productId":"","purchaseBit":0,"licenseKey":""},{"campaignID":"169","attribution":0,"priority":"5","appToPromote":{"appToPromoteID":"2414","usesDefaultFrameImage":"0","usesDefaultCloseImage":"0","marketURL":"https:\/\/play.google.com\/store\/apps\/details?id=com.gamefeast.armyheroes.us.military.training","packageID":"com.gamefeast.armyheroes.us.military.training"},"showTemplate":1,"s2s_tracking_url":"https:\/\/play.google.com\/store\/apps\/details?id=com.gamefeast.armyheroes.us.military.training","activeCreativeID":"220","scenes":["12","1","8","6","15","2","9"],"campaignAdType":"Interstitial","productId":"","purchaseBit":0,"licenseKey":""},{"campaignID":"207","attribution":0,"priority":"5","appToPromote":{"appToPromoteID":"2450","usesDefaultFrameImage":"0","usesDefaultCloseImage":"0","marketURL":"https:\/\/play.google.com\/store\/apps\/details?id=com.gss.army.commando.survivalisland","packageID":"com.gss.army.commando.survivalisland"},"showTemplate":1,"s2s_tracking_url":"https:\/\/play.google.com\/store\/apps\/details?id=com.gss.army.commando.survivalisland","activeCreativeID":"281","scenes":["12","1","8","6","15","2","9"],"campaignAdType":"Interstitial","productId":"","purchaseBit":0,"licenseKey":""},{"campaignID":"332","attribution":0,"priority":"5","appToPromote":{"appToPromoteID":"2857","usesDefaultFrameImage":"0","usesDefaultCloseImage":"0","marketURL":"https:\/\/play.google.com\/store\/apps\/details?id=com.gss.robot.battle.robbery.squad","packageID":"com.gss.robot.battle.robbery.squad"},"showTemplate":1,"s2s_tracking_url":"https:\/\/play.google.com\/store\/apps\/details?id=com.gss.robot.battle.robbery.squad","activeCreativeID":"343","scenes":["12","1","8","6","15","2","9"],"campaignAdType":"Interstitial","productId":"","purchaseBit":0,"licenseKey":""},{"campaignID":"336","attribution":0,"priority":"5","appToPromote":{"appToPromoteID":"2941","usesDefaultFrameImage":"0","usesDefaultCloseImage":"0","marketURL":"https:\/\/play.google.com\/store\/apps\/details?id=com.vg.us.army.war.survival.island","packageID":"com.vg.us.army.war.survival.island"},"showTemplate":1,"s2s_tracking_url":"https:\/\/play.google.com\/store\/apps\/details?id=com.vg.us.army.war.survival.island","activeCreativeID":"347","scenes":["12","1","8","6","15","2","9"],"campaignAdType":"Interstitial","productId":"","purchaseBit":0,"licenseKey":""},{"campaignID":"357","attribution":0,"priority":"5","appToPromote":{"appToPromoteID":"2741","usesDefaultFrameImage":"0","usesDefaultCloseImage":"0","marketURL":"https:\/\/play.google.com\/store\/apps\/details?id=com.gss.us.air.jetfighter.warrior","packageID":"com.gss.us.air.jetfighter.warrior"},"showTemplate":1,"s2s_tracking_url":"https:\/\/play.google.com\/store\/apps\/details?id=com.gss.us.air.jetfighter.warrior","activeCreativeID":"376","scenes":["12","1","8","6","15","2","9"],"campaignAdType":"Interstitial","productId":"","purchaseBit":0,"licenseKey":""},{"campaignID":"364","attribution":0,"priority":"5","appToPromote":{"appToPromoteID":"2552","usesDefaultFrameImage":"0","usesDefaultCloseImage":"0","marketURL":"https:\/\/play.google.com\/store\/apps\/details?id=com.gss.grand.city.rescue.flyingrobot","packageID":"com.gss.grand.city.rescue.flyingrobot"},"showTemplate":1,"s2s_tracking_url":"https:\/\/play.google.com\/store\/apps\/details?id=com.gss.grand.city.rescue.flyingrobot","activeCreativeID":"309","scenes":["12","1","8","6","15","2","9"],"campaignAdType":"Interstitial","productId":"","purchaseBit":0,"licenseKey":""},{"campaignID":"370","attribution":0,"priority":"5","appToPromote":{"appToPromoteID":"3065","usesDefaultFrameImage":"0","usesDefaultCloseImage":"0","marketURL":"https:\/\/play.google.com\/store\/apps\/details?id=com.gss.raft.survival.island.escape","packageID":"com.gss.raft.survival.island.escape"},"showTemplate":1,"s2s_tracking_url":"https:\/\/play.google.com\/store\/apps\/details?id=com.gss.raft.survival.island.escape","activeCreativeID":"391","scenes":["12","1","8","6","15","2","9"],"campaignAdType":"Interstitial","productId":"","purchaseBit":0,"licenseKey":""},{"campaignID":"417","attribution":0,"priority":"5","appToPromote":{"appToPromoteID":"3227","usesDefaultFrameImage":"0","usesDefaultCloseImage":"0","marketURL":"https:\/\/play.google.com\/store\/apps\/details?id=com.vg.hero.kids.army.training.school","packageID":"com.vg.hero.kids.army.training.school"},"showTemplate":1,"s2s_tracking_url":"https:\/\/play.google.com\/store\/apps\/details?id=com.vg.hero.kids.army.training.school","activeCreativeID":"454","scenes":["12","1","8","6","15","2","9"],"campaignAdType":"Interstitial","productId":"","purchaseBit":0,"licenseKey":""},{"campaignID":"433","attribution":0,"priority":"5","appToPromote":{"appToPromoteID":"3339","usesDefaultFrameImage":"0","usesDefaultCloseImage":"0","marketURL":"https:\/\/play.google.com\/store\/apps\/details?id=com.gss.battle.force.counterterrorist","packageID":"com.gss.battle.force.counterterrorist"},"showTemplate":1,"s2s_tracking_url":"https:\/\/play.google.com\/store\/apps\/details?id=com.gss.battle.force.counterterrorist","activeCreativeID":"477","scenes":["12","1","8","6","15","2","9"],"campaignAdType":"Interstitial","productId":"","purchaseBit":0,"licenseKey":""},{"campaignID":"436","attribution":0,"priority":"5","appToPromote":{"appToPromoteID":"3282","usesDefaultFrameImage":"0","usesDefaultCloseImage":"0","marketURL":"https:\/\/play.google.com\/store\/apps\/details?id=com.tgp.city.rescue.survival.flyinghero","packageID":"com.tgp.city.rescue.survival.flyinghero"},"showTemplate":1,"s2s_tracking_url":"https:\/\/play.google.com\/store\/apps\/details?id=com.tgp.city.rescue.survival.flyinghero","activeCreativeID":"478","scenes":["12","1","8","6","15","2","9"],"campaignAdType":"Interstitial","productId":"","purchaseBit":0,"licenseKey":""},{"campaignID":"446","attribution":0,"priority":"5","appToPromote":{"appToPromoteID":"3390","usesDefaultFrameImage":"0","usesDefaultCloseImage":"0","marketURL":"https:\/\/play.google.com\/store\/apps\/details?id=com.gss.flying.spider.superhero.survival","packageID":"com.gss.flying.spider.superhero.survival"},"showTemplate":1,"s2s_tracking_url":"https:\/\/play.google.com\/store\/apps\/details?id=com.gss.flying.spider.superhero.survival","activeCreativeID":"488","scenes":["12","1","8","6","15","2","9"],"campaignAdType":"Interstitial","productId":"","purchaseBit":0,"licenseKey":""}],"refreshAdRate":30,"mode":"Production","aspectRatio":"4_3","cdnPath":"https:\/\/df8ymybeo92md.cloudfront.net\/images\/","sentry_log":0,"local_logging":0,"sentry_dsn":"https:\/\/93ffa1c9a4124f67b8888a53265f751a:bbf998e04584477fa9a145838e9d3b26@sentry.io\/168994","sentry_initialization":1,"sentry_debugging":0,"bannerSizes":["1"],"aspectRatioVideo":"16_9","app_id":"2007","showPreRewardedDialogue":0,"showPostRewardedDialogue":0,"rewardCurrency":"coins","rewardValue":0,"isSkipable":0,"privacyPolicyURL":"https:\/\/www.consoliads.com\/privacy-policy\/","sessionToken":"3jT9nLtMkkMUgpvFzg33KOtz\/zXSpedKqYKSEJLMGTYlbG128HJ6L+Z+7LG1avyKV9I3oaxvJZ5VORmjRXfmxSgDyJbjNoBQy4oGc\/n+5jWQVe+74nDGDhZySl4b9yO\/YO8+aYwDqroYsmitF\/62R7JoOGqTbvOuE2fkgQag+PI="}
Session token value is set


{"appKey":"2f239cc63433a12656a3d1e2832fa017","deviceID":"5035","stats":[{"campaignID":8829,"packageID":"com.vg.police.secret.agent.crime.gang","sceneStats":[{"sceneID":"13","eventStats":"350,250,150,50,50,0,0"}]}],"sdkVersion":"2163","sessionToken":"3jT9nLtMkkMUgpvFzg33KOtz\/zXSpedKqYKSEJLMGTYlbG128HJ6L+Z+7LG1avyKV9I3oaxvJZ5VORmjRXfmxSgDyJbjNoBQy4oGc\/n+5jWQVe+74nDGDhZySl4b9yO\/YO8+aYwDqroYsmitF\/62R7JoOGqTbvOuE2fkgQag+PI="}
cache_ttl value is correct

Refresh Ad Rate value is correct
mode value is set

 Aspect ratio value is correct
sentry_log value is set
local_logging value is set
sentry_initialization value is set
sentry_debugging value is set
showPreRewardedDialogue value is set
showPostRewardedDialogue value is set
isSkipable value is set
{"cache_ttl":10080,"cache_ttl_rewarded":10080,"cache_ttl_banner":10080,"cache_ttl_native":10080,"cache_ttl_icon":10080,"campaigns":[{"campaignID":"9384","attribution":0,"priority":"5","appToPromote":{"appToPromoteID":"13185","usesDefaultFrameImage":"0","usesDefaultCloseImage":"0","marketURL":"https:\/\/play.google.com\/store\/apps\/details?id=com.gamesarena.flying.bike.tricks.stunts&amp;referrer=utm_source=42matters.com&amp;utm_medium=api","packageID":"com.gamesarena.flying.bike.tricks.stunts"},"showTemplate":1,"s2s_tracking_url":"https:\/\/play.google.com\/store\/apps\/details?id=com.gamesarena.flying.bike.tricks.stunts&amp;referrer=utm_source=42matters.com&amp;utm_medium=api","activeCreativeID":"4829","scenes":["12","1","8","6","15","2","9"],"campaignAdType":"Interstitial","productId":"","purchaseBit":0,"licenseKey":""},{"campaignID":"9386","attribution":0,"priority":"5","appToPromote":{"appToPromoteID":"17764","usesDefaultFrameImage":"0","usesDefaultCloseImage":"0","marketURL":"https:\/\/play.google.com\/store\/apps\/details?id=com.visiblebody.atlas&amp;referrer=utm_source=42matters.com&amp;utm_medium=api","packageID":"com.gamesarena..test6324"},"showTemplate":1,"s2s_tracking_url":"https:\/\/play.google.com\/store\/apps\/details?id=com.visiblebody.atlas&amp;referrer=utm_source=42matters.com&amp;utm_medium=api","activeCreativeID":"4828","scenes":["12","1","8","6","15","2","9"],"campaignAdType":"Interstitial","productId":"","purchaseBit":0,"licenseKey":""},{"campaignID":"9389","attribution":0,"priority":"5","appToPromote":{"appToPromoteID":"13185","usesDefaultFrameImage":"0","usesDefaultCloseImage":"0","marketURL":"https:\/\/play.google.com\/store\/apps\/details?id=com.gamesarena.flying.bike.tricks.stunts&amp;referrer=utm_source=42matters.com&amp;utm_medium=api","packageID":"com.gamesarena.flying.bike.tricks.stunts"},"showTemplate":1,"s2s_tracking_url":"https:\/\/play.google.com\/store\/apps\/details?id=com.gamesarena.flying.bike.tricks.stunts&amp;referrer=utm_source=42matters.com&amp;utm_medium=api","activeCreativeID":"4829","scenes":["12","1","8","6","15","2","9"],"campaignAdType":"Interstitial","productId":"","purchaseBit":0,"licenseKey":""},{"campaignID":"85","attribution":0,"priority":"5","appToPromote":{"appToPromoteID":"1830","usesDefaultFrameImage":"0","usesDefaultCloseImage":"0","marketURL":"https:\/\/play.google.com\/store\/apps\/details?id=com.gss.offroad.uphill.extremetruckdriver","packageID":"com.gss.offroad.uphill.extremetruckdriver"},"showTemplate":1,"s2s_tracking_url":"https:\/\/play.google.com\/store\/apps\/details?id=com.gss.offroad.uphill.extremetruckdriver","activeCreativeID":"106","scenes":["12","1","8","6","15","2","9"],"campaignAdType":"Interstitial","productId":"","purchaseBit":0,"licenseKey":""},{"campaignID":"86","attribution":0,"priority":"5","appToPromote":{"appToPromoteID":"1823","usesDefaultFrameImage":"0","usesDefaultCloseImage":"0","marketURL":"https:\/\/play.google.com\/store\/apps\/details?id=com.vg.demolition.derby.extreme.car.stunts","packageID":"com.vg.demolition.derby.extreme.car.stunts"},"showTemplate":1,"s2s_tracking_url":"https:\/\/play.google.com\/store\/apps\/details?id=com.vg.demolition.derby.extreme.car.stunts","activeCreativeID":"109","scenes":["12","1","8","6","15","2","9"],"campaignAdType":"Interstitial","productId":"","purchaseBit":0,"licenseKey":""},{"campaignID":"93","attribution":0,"priority":"5","appToPromote":{"appToPromoteID":"1860","usesDefaultFrameImage":"0","usesDefaultCloseImage":"0","marketURL":"https:\/\/play.google.com\/store\/apps\/details?id=com.gss.vendetta.subwaycrime.rescue.mission","packageID":"com.gss.vendetta.subwaycrime.rescue.mission"},"showTemplate":1,"s2s_tracking_url":"https:\/\/play.google.com\/store\/apps\/details?id=com.gss.vendetta.subwaycrime.rescue.mission","activeCreativeID":"117","scenes":["12","1","8","6","15","2","9"],"campaignAdType":"Interstitial","productId":"","purchaseBit":0,"licenseKey":""},{"campaignID":"94","attribution":0,"priority":"5","appToPromote":{"appToPromoteID":"1843","usesDefaultFrameImage":"0","usesDefaultCloseImage":"0","marketURL":"https:\/\/play.google.com\/store\/apps\/details?id=com.vg.secret.agent.mafia.gods.criminal.gang","packageID":"com.vg.secret.agent.mafia.gods.criminal.gang"},"showTemplate":1,"s2s_tracking_url":"https:\/\/play.google.com\/store\/apps\/details?id=com.vg.secret.agent.mafia.gods.criminal.gang","activeCreativeID":"120","scenes":["12","1","8","6","15","2","9"],"campaignAdType":"Interstitial","productId":"","purchaseBit":0,"licenseKey":""},{"campaignID":"112","attribution":0,"priority":"5","appToPromote":{"appToPromoteID":"1998","usesDefaultFrameImage":"0","usesDefaultCloseImage":"0","marketURL":"https:\/\/play.google.com\/store\/apps\/details?id=com.gss.citygangster.underworldempire.mafia.crime","packageID":"com.gss.citygangster.underworldempire.mafia.crime"},"showTemplate":1,"s2s_tracking_url":"https:\/\/play.google.com\/store\/apps\/details?id=com.gss.citygangster.underworldempire.mafia.crime","activeCreativeID":"146","scenes":["12","1","8","6","15","2","9"],"campaignAdType":"Interstitial","productId":"","purchaseBit":0,"licenseKey":""},{"campaignID":"132","attribution":0,"priority":"5","appToPromote":{"appToPromoteID":"2109","usesDefaultFrameImage":"0","usesDefaultCloseImage":"0","marketURL":"https:\/\/play.google.com\/store\/apps\/details?id=com.gss.us.army.commando.survival","packageID":"com.gss.us.army.commando.survival"},"showTemplate":1,"s2s_tracking_url":"https:\/\/play.google.com\/store\/apps\/details?id=com.gss.us.army.commando.survival","activeCreativeID":"171","scenes":["12","1","8","6","15","2","9"],"campaignAdType":"Interstitial","productId":"","purchaseBit":0,"licenseKey":""},{"campaignID":"133","attribution":0,"priority":"5","appToPromote":{"appToPromoteID":"2118","usesDefaultFrameImage":"0","usesDefaultCloseImage":"0","marketURL":"https:\/\/play.google.com\/store\/apps\/details?id=com.vg.us.war.mafia.gang.vegas.crime","packageID":"com.vg.us.war.mafia.gang.vegas.crime"},"showTemplate":1,"s2s_tracking_url":"https:\/\/play.google.com\/store\/apps\/details?id=com.vg.us.war.mafia.gang.vegas.crime","activeCreativeID":"172","scenes":["12","1","8","6","15","2","9"],"campaignAdType":"Interstitial","productId":"","purchaseBit":0,"licenseKey":""},{"campaignID":"152","attribution":0,"priority":"5","appToPromote":{"appToPromoteID":"1348","usesDefaultFrameImage":"0","usesDefaultCloseImage":"0","marketURL":"https:\/\/play.google.com\/store\/apps\/details?id=com.gss.police.sniper.prison.gaurd","packageID":"com.gss.police.sniper.prison.gaurd"},"showTemplate":1,"s2s_tracking_url":"https:\/\/play.google.com\/store\/apps\/details?id=com.gss.police.sniper.prison.gaurd","activeCreativeID":"192","scenes":["12","1","8","6","15","2","9"],"campaignAdType":"Interstitial","productId":"","purchaseBit":0,"licenseKey":""},{"campaignID":"158","attribution":0,"priority":"5","appToPromote":{"appToPromoteID":"2223","usesDefaultFrameImage":"0","usesDefaultCloseImage":"0","marketURL":"https:\/\/play.google.com\/store\/apps\/details?id=com.vg.counter.mafia.squad.army.training","packageID":"com.vg.counter.mafia.squad.army.training"},"showTemplate":1,"s2s_tracking_url":"https:\/\/play.google.com\/store\/apps\/details?id=com.vg.counter.mafia.squad.army.training","activeCreativeID":"204","scenes":["12","1","8","6","15","2","9"],"campaignAdType":"Interstitial","productId":"","purchaseBit":0,"licenseKey":""},{"campaignID":"162","attribution":0,"priority":"5","appToPromote":{"appToPromoteID":"2268","usesDefaultFrameImage":"0","usesDefaultCloseImage":"0","marketURL":"https:\/\/play.google.com\/store\/apps\/details?id=com.vg.prisoner.escape.survival.hero","packageID":"com.vg.prisoner.escape.survival.hero"},"showTemplate":1,"s2s_tracking_url":"https:\/\/play.google.com\/store\/apps\/details?id=com.vg.prisoner.escape.survival.hero","activeCreativeID":"206","scenes":["12","1","8","6","15","2","9"],"campaignAdType":"Interstitial","productId":"","purchaseBit":0,"licenseKey":""},{"campaignID":"163","attribution":0,"priority":"5","appToPromote":{"appToPromoteID":"2349","usesDefaultFrameImage":"0","usesDefaultCloseImage":"0","marketURL":"https:\/\/play.google.com\/store\/apps\/details?id=com.gss.city.war.survival.robothero","packageID":"com.gss.city.war.survival.robothero"},"showTemplate":1,"s2s_tracking_url":"https:\/\/play.google.com\/store\/apps\/details?id=com.gss.city.war.survival.robothero","activeCreativeID":"207","scenes":["12","1","8","6","15","2","9"],"campaignAdType":"Interstitial","productId":"","purchaseBit":0,"licenseKey":""},{"campaignID":"169","attribution":0,"priority":"5","appToPromote":{"appToPromoteID":"2414","usesDefaultFrameImage":"0","usesDefaultCloseImage":"0","marketURL":"https:\/\/play.google.com\/store\/apps\/details?id=com.gamefeast.armyheroes.us.military.training","packageID":"com.gamefeast.armyheroes.us.military.training"},"showTemplate":1,"s2s_tracking_url":"https:\/\/play.google.com\/store\/apps\/details?id=com.gamefeast.armyheroes.us.military.training","activeCreativeID":"220","scenes":["12","1","8","6","15","2","9"],"campaignAdType":"Interstitial","productId":"","purchaseBit":0,"licenseKey":""},{"campaignID":"207","attribution":0,"priority":"5","appToPromote":{"appToPromoteID":"2450","usesDefaultFrameImage":"0","usesDefaultCloseImage":"0","marketURL":"https:\/\/play.google.com\/store\/apps\/details?id=com.gss.army.commando.survivalisland","packageID":"com.gss.army.commando.survivalisland"},"showTemplate":1,"s2s_tracking_url":"https:\/\/play.google.com\/store\/apps\/details?id=com.gss.army.commando.survivalisland","activeCreativeID":"281","scenes":["12","1","8","6","15","2","9"],"campaignAdType":"Interstitial","productId":"","purchaseBit":0,"licenseKey":""},{"campaignID":"332","attribution":0,"priority":"5","appToPromote":{"appToPromoteID":"2857","usesDefaultFrameImage":"0","usesDefaultCloseImage":"0","marketURL":"https:\/\/play.google.com\/store\/apps\/details?id=com.gss.robot.battle.robbery.squad","packageID":"com.gss.robot.battle.robbery.squad"},"showTemplate":1,"s2s_tracking_url":"https:\/\/play.google.com\/store\/apps\/details?id=com.gss.robot.battle.robbery.squad","activeCreativeID":"343","scenes":["12","1","8","6","15","2","9"],"campaignAdType":"Interstitial","productId":"","purchaseBit":0,"licenseKey":""},{"campaignID":"336","attribution":0,"priority":"5","appToPromote":{"appToPromoteID":"2941","usesDefaultFrameImage":"0","usesDefaultCloseImage":"0","marketURL":"https:\/\/play.google.com\/store\/apps\/details?id=com.vg.us.army.war.survival.island","packageID":"com.vg.us.army.war.survival.island"},"showTemplate":1,"s2s_tracking_url":"https:\/\/play.google.com\/store\/apps\/details?id=com.vg.us.army.war.survival.island","activeCreativeID":"347","scenes":["12","1","8","6","15","2","9"],"campaignAdType":"Interstitial","productId":"","purchaseBit":0,"licenseKey":""},{"campaignID":"357","attribution":0,"priority":"5","appToPromote":{"appToPromoteID":"2741","usesDefaultFrameImage":"0","usesDefaultCloseImage":"0","marketURL":"https:\/\/play.google.com\/store\/apps\/details?id=com.gss.us.air.jetfighter.warrior","packageID":"com.gss.us.air.jetfighter.warrior"},"showTemplate":1,"s2s_tracking_url":"https:\/\/play.google.com\/store\/apps\/details?id=com.gss.us.air.jetfighter.warrior","activeCreativeID":"376","scenes":["12","1","8","6","15","2","9"],"campaignAdType":"Interstitial","productId":"","purchaseBit":0,"licenseKey":""},{"campaignID":"364","attribution":0,"priority":"5","appToPromote":{"appToPromoteID":"2552","usesDefaultFrameImage":"0","usesDefaultCloseImage":"0","marketURL":"https:\/\/play.google.com\/store\/apps\/details?id=com.gss.grand.city.rescue.flyingrobot","packageID":"com.gss.grand.city.rescue.flyingrobot"},"showTemplate":1,"s2s_tracking_url":"https:\/\/play.google.com\/store\/apps\/details?id=com.gss.grand.city.rescue.flyingrobot","activeCreativeID":"309","scenes":["12","1","8","6","15","2","9"],"campaignAdType":"Interstitial","productId":"","purchaseBit":0,"licenseKey":""},{"campaignID":"370","attribution":0,"priority":"5","appToPromote":{"appToPromoteID":"3065","usesDefaultFrameImage":"0","usesDefaultCloseImage":"0","marketURL":"https:\/\/play.google.com\/store\/apps\/details?id=com.gss.raft.survival.island.escape","packageID":"com.gss.raft.survival.island.escape"},"showTemplate":1,"s2s_tracking_url":"https:\/\/play.google.com\/store\/apps\/details?id=com.gss.raft.survival.island.escape","activeCreativeID":"391","scenes":["12","1","8","6","15","2","9"],"campaignAdType":"Interstitial","productId":"","purchaseBit":0,"licenseKey":""},{"campaignID":"417","attribution":0,"priority":"5","appToPromote":{"appToPromoteID":"3227","usesDefaultFrameImage":"0","usesDefaultCloseImage":"0","marketURL":"https:\/\/play.google.com\/store\/apps\/details?id=com.vg.hero.kids.army.training.school","packageID":"com.vg.hero.kids.army.training.school"},"showTemplate":1,"s2s_tracking_url":"https:\/\/play.google.com\/store\/apps\/details?id=com.vg.hero.kids.army.training.school","activeCreativeID":"454","scenes":["12","1","8","6","15","2","9"],"campaignAdType":"Interstitial","productId":"","purchaseBit":0,"licenseKey":""},{"campaignID":"433","attribution":0,"priority":"5","appToPromote":{"appToPromoteID":"3339","usesDefaultFrameImage":"0","usesDefaultCloseImage":"0","marketURL":"https:\/\/play.google.com\/store\/apps\/details?id=com.gss.battle.force.counterterrorist","packageID":"com.gss.battle.force.counterterrorist"},"showTemplate":1,"s2s_tracking_url":"https:\/\/play.google.com\/store\/apps\/details?id=com.gss.battle.force.counterterrorist","activeCreativeID":"477","scenes":["12","1","8","6","15","2","9"],"campaignAdType":"Interstitial","productId":"","purchaseBit":0,"licenseKey":""},{"campaignID":"436","attribution":0,"priority":"5","appToPromote":{"appToPromoteID":"3282","usesDefaultFrameImage":"0","usesDefaultCloseImage":"0","marketURL":"https:\/\/play.google.com\/store\/apps\/details?id=com.tgp.city.rescue.survival.flyinghero","packageID":"com.tgp.city.rescue.survival.flyinghero"},"showTemplate":1,"s2s_tracking_url":"https:\/\/play.google.com\/store\/apps\/details?id=com.tgp.city.rescue.survival.flyinghero","activeCreativeID":"478","scenes":["12","1","8","6","15","2","9"],"campaignAdType":"Interstitial","productId":"","purchaseBit":0,"licenseKey":""},{"campaignID":"446","attribution":0,"priority":"5","appToPromote":{"appToPromoteID":"3390","usesDefaultFrameImage":"0","usesDefaultCloseImage":"0","marketURL":"https:\/\/play.google.com\/store\/apps\/details?id=com.gss.flying.spider.superhero.survival","packageID":"com.gss.flying.spider.superhero.survival"},"showTemplate":1,"s2s_tracking_url":"https:\/\/play.google.com\/store\/apps\/details?id=com.gss.flying.spider.superhero.survival","activeCreativeID":"488","scenes":["12","1","8","6","15","2","9"],"campaignAdType":"Interstitial","productId":"","purchaseBit":0,"licenseKey":""}],"refreshAdRate":30,"mode":"Production","aspectRatio":"4_3","cdnPath":"https:\/\/df8ymybeo92md.cloudfront.net\/images\/","sentry_log":0,"local_logging":0,"sentry_dsn":"https:\/\/93ffa1c9a4124f67b8888a53265f751a:bbf998e04584477fa9a145838e9d3b26@sentry.io\/168994","sentry_initialization":1,"sentry_debugging":0,"bannerSizes":["1"],"aspectRatioVideo":"16_9","app_id":"2007","showPreRewardedDialogue":0,"showPostRewardedDialogue":0,"rewardCurrency":"coins","rewardValue":0,"isSkipable":0,"privacyPolicyURL":"https:\/\/www.consoliads.com\/privacy-policy\/","sessionToken":"6w0r9CY5PtqQoY+BMQqTyTtkEoQT1Dar4jCWMaZqJYW\/p7zXkb4Z8B5chIAKT2Wsv1hHpkCHDtFlE0le1nuaXKCK8E6KEqvpIJaFjVgknKB+\/A9PsndPwiXehBOJzhHSscptLmSsE3j5BepSnlGImkKzRAyZNdTLzr46Whp0Rkg="}
Session token value is set


{"appKey":"4d80502e5e231c73aef56bc16c23e28e","deviceID":"5111","stats":[{"campaignID":115,"packageID":"com.tgp.multistorey.car.transporter.truck","sceneStats":[{"sceneID":"13","eventStats":"351,251,151,51,51,0,0"}]}],"sdkVersion":"2163","sessionToken":"6w0r9CY5PtqQoY+BMQqTyTtkEoQT1Dar4jCWMaZqJYW\/p7zXkb4Z8B5chIAKT2Wsv1hHpkCHDtFlE0le1nuaXKCK8E6KEqvpIJaFjVgknKB+\/A9PsndPwiXehBOJzhHSscptLmSsE3j5BepSnlGImkKzRAyZNdTLzr46Whp0Rkg="}
cache_ttl value is correct

Refresh Ad Rate value is correct
mode value is set

 Aspect ratio value is correct
sentry_log value is set
local_logging value is set
sentry_initialization value is set
sentry_debugging value is set
showPreRewardedDialogue value is set
showPostRewardedDialogue value is set
isSkipable value is set
{"cache_ttl":10080,"cache_ttl_rewarded":10080,"cache_ttl_banner":10080,"cache_ttl_native":10080,"cache_ttl_icon":10080,"campaigns":[{"campaignID":"9384","attribution":0,"priority":"5","appToPromote":{"appToPromoteID":"13185","usesDefaultFrameImage":"0","usesDefaultCloseImage":"0","marketURL":"https:\/\/play.google.com\/store\/apps\/details?id=com.gamesarena.flying.bike.tricks.stunts&amp;referrer=utm_source=42matters.com&amp;utm_medium=api","packageID":"com.gamesarena.flying.bike.tricks.stunts"},"showTemplate":1,"s2s_tracking_url":"https:\/\/play.google.com\/store\/apps\/details?id=com.gamesarena.flying.bike.tricks.stunts&amp;referrer=utm_source=42matters.com&amp;utm_medium=api","activeCreativeID":"4829","scenes":["12","1","8","6","15","2"],"campaignAdType":"Interstitial","productId":"","purchaseBit":0,"licenseKey":""},{"campaignID":"9386","attribution":0,"priority":"5","appToPromote":{"appToPromoteID":"17764","usesDefaultFrameImage":"0","usesDefaultCloseImage":"0","marketURL":"https:\/\/play.google.com\/store\/apps\/details?id=com.visiblebody.atlas&amp;referrer=utm_source=42matters.com&amp;utm_medium=api","packageID":"com.gamesarena..test6324"},"showTemplate":1,"s2s_tracking_url":"https:\/\/play.google.com\/store\/apps\/details?id=com.visiblebody.atlas&amp;referrer=utm_source=42matters.com&amp;utm_medium=api","activeCreativeID":"4828","scenes":["12","1","8","6","15","2"],"campaignAdType":"Interstitial","productId":"","purchaseBit":0,"licenseKey":""},{"campaignID":"9389","attribution":0,"priority":"5","appToPromote":{"appToPromoteID":"13185","usesDefaultFrameImage":"0","usesDefaultCloseImage":"0","marketURL":"https:\/\/play.google.com\/store\/apps\/details?id=com.gamesarena.flying.bike.tricks.stunts&amp;referrer=utm_source=42matters.com&amp;utm_medium=api","packageID":"com.gamesarena.flying.bike.tricks.stunts"},"showTemplate":1,"s2s_tracking_url":"https:\/\/play.google.com\/store\/apps\/details?id=com.gamesarena.flying.bike.tricks.stunts&amp;referrer=utm_source=42matters.com&amp;utm_medium=api","activeCreativeID":"4829","scenes":["12","1","8","6","15","2"],"campaignAdType":"Interstitial","productId":"","purchaseBit":0,"licenseKey":""},{"campaignID":"9710","attribution":0,"priority":"5","appToPromote":{"appToPromoteID":"11385","usesDefaultFrameImage":"0","usesDefaultCloseImage":"0","marketURL":"https:\/\/play.google.com\/store\/apps\/details?id=com.play.io.car.mechanic.auto.repair.workshop","packageID":"com.play.io.car.mechanic.auto.repair.workshop"},"showTemplate":1,"s2s_tracking_url":"https:\/\/play.google.com\/store\/apps\/details?id=com.play.io.car.mechanic.auto.repair.workshop","activeCreativeID":"1309","scenes":["12","1","8","6","15","2"],"campaignAdType":"Video","productId":"","purchaseBit":0,"licenseKey":""},{"campaignID":"98","attribution":0,"priority":"5","appToPromote":{"appToPromoteID":"1937","usesDefaultFrameImage":"0","usesDefaultCloseImage":"0","marketURL":"https:\/\/play.google.com\/store\/apps\/details?id=com.gss.offroad.policetransporttruck","packageID":"com.gss.offroad.policetransporttruck"},"showTemplate":1,"s2s_tracking_url":"https:\/\/play.google.com\/store\/apps\/details?id=com.gss.offroad.policetransporttruck","activeCreativeID":"124","scenes":["12","1","8","6","15","2"],"campaignAdType":"Interstitial","productId":"","purchaseBit":0,"licenseKey":""},{"campaignID":"111","attribution":0,"priority":"5","appToPromote":{"appToPromoteID":"1969","usesDefaultFrameImage":"0","usesDefaultCloseImage":"0","marketURL":"https:\/\/play.google.com\/store\/apps\/details?id=com.vg.moto.airplane.transporter.police.plane","packageID":"com.vg.moto.airplane.transporter.police.plane"},"showTemplate":1,"s2s_tracking_url":"https:\/\/play.google.com\/store\/apps\/details?id=com.vg.moto.airplane.transporter.police.plane","activeCreativeID":"143","scenes":["12","1","8","6","15","2"],"campaignAdType":"Interstitial","productId":"","purchaseBit":0,"licenseKey":""},{"campaignID":"139","attribution":0,"priority":"5","appToPromote":{"appToPromoteID":"2150","usesDefaultFrameImage":"0","usesDefaultCloseImage":"0","marketURL":"https:\/\/play.google.com\/store\/apps\/details?id=com.gss.traffic.rush.crazy.bike.rider","packageID":"com.gss.traffic.rush.crazy.bike.rider"},"showTemplate":1,"s2s_tracking_url":"https:\/\/play.google.com\/store\/apps\/details?id=com.gss.traffic.rush.crazy.bike.rider","activeCreativeID":"179","scenes":["12","1","8","6","15","2"],"campaignAdType":"Interstitial","productId":"","purchaseBit":0,"licenseKey":""},{"campaignID":"142","attribution":0,"priority":"5","appToPromote":{"appToPromoteID":"2164","usesDefaultFrameImage":"0","usesDefaultCloseImage":"0","marketURL":"https:\/\/play.google.com\/store\/apps\/details?id=com.vg.police.demolition.derby.crash.racing","packageID":"com.vg.police.demolition.derby.crash.racing"},"showTemplate":1,"s2s_tracking_url":"https:\/\/play.google.com\/store\/apps\/details?id=com.vg.police.demolition.derby.crash.racing","activeCreativeID":"182","scenes":["12","1","8","6","15","2"],"campaignAdType":"Interstitial","productId":"","purchaseBit":0,"licenseKey":""},{"campaignID":"146","attribution":0,"priority":"5","appToPromote":{"appToPromoteID":"2225","usesDefaultFrameImage":"0","usesDefaultCloseImage":"0","marketURL":"https:\/\/play.google.com\/store\/apps\/details?id=com.gss.offroad.policebiketransport","packageID":"com.gss.offroad.policebiketransport"},"showTemplate":1,"s2s_tracking_url":"https:\/\/play.google.com\/store\/apps\/details?id=com.gss.offroad.policebiketransport","activeCreativeID":"187","scenes":["12","1","8","6","15","2"],"campaignAdType":"Interstitial","productId":"","purchaseBit":0,"licenseKey":""},{"campaignID":"149","attribution":0,"priority":"5","appToPromote":{"appToPromoteID":"2224","usesDefaultFrameImage":"0","usesDefaultCloseImage":"0","marketURL":"https:\/\/play.google.com\/store\/apps\/details?id=com.vg.mega.city.construction.building.sim","packageID":"com.vg.mega.city.construction.building.sim"},"showTemplate":1,"s2s_tracking_url":"https:\/\/play.google.com\/store\/apps\/details?id=com.vg.mega.city.construction.building.sim","activeCreativeID":"191","scenes":["12","1","8","6","15","2"],"campaignAdType":"Interstitial","productId":"","purchaseBit":0,"licenseKey":""},{"campaignID":"150","attribution":0,"priority":"5","appToPromote":{"appToPromoteID":"2224","usesDefaultFrameImage":"0","usesDefaultCloseImage":"0","marketURL":"https:\/\/play.google.com\/store\/apps\/details?id=com.vg.mega.city.construction.building.sim","packageID":"com.vg.mega.city.construction.building.sim"},"showTemplate":1,"s2s_tracking_url":"https:\/\/play.google.com\/store\/apps\/details?id=com.vg.mega.city.construction.building.sim","activeCreativeID":"191","scenes":["12","1","8","6","15","2"],"campaignAdType":"Interstitial","productId":"","purchaseBit":0,"licenseKey":""},{"campaignID":"155","attribution":0,"priority":"5","appToPromote":{"appToPromoteID":"2226","usesDefaultFrameImage":"0","usesDefaultCloseImage":"0","marketURL":"https:\/\/play.google.com\/store\/apps\/details?id=com.gss.garage.workshop.carmehanic","packageID":"com.gss.garage.workshop.carmehanic"},"showTemplate":1,"s2s_tracking_url":"https:\/\/play.google.com\/store\/apps\/details?id=com.gss.garage.workshop.carmehanic","activeCreativeID":"197","scenes":["12","1","8","6","15","2"],"campaignAdType":"Interstitial","productId":"","purchaseBit":0,"licenseKey":""},{"campaignID":"156","attribution":0,"priority":"5","appToPromote":{"appToPromoteID":"2227","usesDefaultFrameImage":"0","usesDefaultCloseImage":"0","marketURL":"https:\/\/play.google.com\/store\/apps\/details?id=com.tgp.offroad.extreme.multi.cargotruck","packageID":"com.tgp.offroad.extreme.multi.cargotruck"},"showTemplate":1,"s2s_tracking_url":"https:\/\/play.google.com\/store\/apps\/details?id=com.tgp.offroad.extreme.multi.cargotruck","activeCreativeID":"198","scenes":["12","1","8","6","15","2"],"campaignAdType":"Interstitial","productId":"","purchaseBit":0,"licenseKey":""},{"campaignID":"163","attribution":0,"priority":"5","appToPromote":{"appToPromoteID":"2349","usesDefaultFrameImage":"0","usesDefaultCloseImage":"0","marketURL":"https:\/\/play.google.com\/store\/apps\/details?id=com.gss.city.war.survival.robothero","packageID":"com.gss.city.war.survival.robothero"},"showTemplate":1,"s2s_tracking_url":"https:\/\/play.google.com\/store\/apps\/details?id=com.gss.city.war.survival.robothero","activeCreativeID":"207","scenes":["12","1","8","6","15","2"],"campaignAdType":"Interstitial","productId":"","purchaseBit":0,"licenseKey":""},{"campaignID":"164","attribution":0,"priority":"5","appToPromote":{"appToPromoteID":"2350","usesDefaultFrameImage":"0","usesDefaultCloseImage":"0","marketURL":"https:\/\/play.google.com\/store\/apps\/details?id=com.tgp.car.robot.transport.truck","packageID":"com.tgp.car.robot.transport.truck"},"showTemplate":1,"s2s_tracking_url":"https:\/\/play.google.com\/store\/apps\/details?id=com.tgp.car.robot.transport.truck","activeCreativeID":"211","scenes":["12","1","8","6","15","2"],"campaignAdType":"Interstitial","productId":"","purchaseBit":0,"licenseKey":""},{"campaignID":"166","attribution":0,"priority":"5","appToPromote":{"appToPromoteID":"2273","usesDefaultFrameImage":"0","usesDefaultCloseImage":"0","marketURL":"https:\/\/play.google.com\/store\/apps\/details?id=com.gss.police.automechanic.repair.workshop","packageID":"com.gss.police.automechanic.repair.workshop"},"showTemplate":1,"s2s_tracking_url":"https:\/\/play.google.com\/store\/apps\/details?id=com.gss.police.automechanic.repair.workshop","activeCreativeID":"217","scenes":["12","1","8","6","15","2"],"campaignAdType":"Interstitial","productId":"","purchaseBit":0,"licenseKey":""},{"campaignID":"167","attribution":0,"priority":"5","appToPromote":{"appToPromoteID":"2348","usesDefaultFrameImage":"0","usesDefaultCloseImage":"0","marketURL":"https:\/\/play.google.com\/store\/apps\/details?id=com.vg.rollercoaster.crazy.tycoon.tour","packageID":"com.vg.rollercoaster.crazy.tycoon.tour"},"showTemplate":1,"s2s_tracking_url":"https:\/\/play.google.com\/store\/apps\/details?id=com.vg.rollercoaster.crazy.tycoon.tour","activeCreativeID":"218","scenes":["12","1","8","6","15","2"],"campaignAdType":"Interstitial","productId":"","purchaseBit":0,"licenseKey":""},{"campaignID":"214","attribution":0,"priority":"5","appToPromote":{"appToPromoteID":"2613","usesDefaultFrameImage":"0","usesDefaultCloseImage":"0","marketURL":"https:\/\/play.google.com\/store\/apps\/details?id=com.gss.robot.bike.transport.truck","packageID":"com.gss.robot.bike.transport.truck"},"showTemplate":1,"s2s_tracking_url":"https:\/\/play.google.com\/store\/apps\/details?id=com.gss.robot.bike.transport.truck","activeCreativeID":"295","scenes":["12","1","8","6","15","2"],"campaignAdType":"Interstitial","productId":"","purchaseBit":0,"licenseKey":""},{"campaignID":"303","attribution":0,"priority":"5","appToPromote":{"appToPromoteID":"2642","usesDefaultFrameImage":"0","usesDefaultCloseImage":"0","marketURL":"https:\/\/play.google.com\/store\/apps\/details?id=com.tgp.offroad.robot.transport.truck","packageID":"com.tgp.offroad.robot.transport.truck"},"showTemplate":1,"s2s_tracking_url":"https:\/\/play.google.com\/store\/apps\/details?id=com.tgp.offroad.robot.transport.truck","activeCreativeID":"310","scenes":["12","1","8","6","15","2"],"campaignAdType":"Interstitial","productId":"","purchaseBit":0,"licenseKey":""},{"campaignID":"358","attribution":0,"priority":"5","appToPromote":{"appToPromoteID":"2917","usesDefaultFrameImage":"0","usesDefaultCloseImage":"0","marketURL":"https:\/\/play.google.com\/store\/apps\/details?id=com.gamefeast.touristbus.highway.driver.sim","packageID":"com.gamefeast.touristbus.highway.driver.sim"},"showTemplate":1,"s2s_tracking_url":"https:\/\/play.google.com\/store\/apps\/details?id=com.gamefeast.touristbus.highway.driver.sim","activeCreativeID":"377","scenes":["12","1","8","6","15","2"],"campaignAdType":"Interstitial","productId":"","purchaseBit":0,"licenseKey":""},{"campaignID":"370","attribution":0,"priority":"5","appToPromote":{"appToPromoteID":"3065","usesDefaultFrameImage":"0","usesDefaultCloseImage":"0","marketURL":"https:\/\/play.google.com\/store\/apps\/details?id=com.gss.raft.survival.island.escape","packageID":"com.gss.raft.survival.island.escape"},"showTemplate":1,"s2s_tracking_url":"https:\/\/play.google.com\/store\/apps\/details?id=com.gss.raft.survival.island.escape","activeCreativeID":"391","scenes":["12","1","8","6","15","2"],"campaignAdType":"Interstitial","productId":"","purchaseBit":0,"licenseKey":""},{"campaignID":"371","attribution":0,"priority":"5","appToPromote":{"appToPromoteID":"3117","usesDefaultFrameImage":"0","usesDefaultCloseImage":"0","marketURL":"https:\/\/play.google.com\/store\/apps\/details?id=com.vg.fast.car.driver.furiousracing","packageID":"com.vg.fast.car.driver.furiousracing"},"showTemplate":1,"s2s_tracking_url":"https:\/\/play.google.com\/store\/apps\/details?id=com.vg.fast.car.driver.furiousracing","activeCreativeID":"392","scenes":["12","1","8","6","15","2"],"campaignAdType":"Interstitial","productId":"","purchaseBit":0,"licenseKey":""},{"campaignID":"372","attribution":0,"priority":"5","appToPromote":{"appToPromoteID":"2938","usesDefaultFrameImage":"0","usesDefaultCloseImage":"0","marketURL":"https:\/\/play.google.com\/store\/apps\/details?id=com.tgp.offroad.us.army.transport","packageID":"com.tgp.offroad.us.army.transport"},"showTemplate":1,"s2s_tracking_url":"https:\/\/play.google.com\/store\/apps\/details?id=com.tgp.offroad.us.army.transport","activeCreativeID":"393","scenes":["12","1","8","6","15","2"],"campaignAdType":"Interstitial","productId":"","purchaseBit":0,"licenseKey":""},{"campaignID":"396","attribution":0,"priority":"5","appToPromote":{"appToPromoteID":"3019","usesDefaultFrameImage":"0","usesDefaultCloseImage":"0","marketURL":"https:\/\/play.google.com\/store\/apps\/details?id=com.gss.robot.car.transport.truck","packageID":"com.gss.robot.car.transport.truck"},"showTemplate":1,"s2s_tracking_url":"https:\/\/play.google.com\/store\/apps\/details?id=com.gss.robot.car.transport.truck","activeCreativeID":"420","scenes":["12","1","8","6","15","2"],"campaignAdType":"Interstitial","productId":"","purchaseBit":0,"licenseKey":""},{"campaignID":"397","attribution":0,"priority":"5","appToPromote":{"appToPromoteID":"3108","usesDefaultFrameImage":"0","usesDefaultCloseImage":"0","marketURL":"https:\/\/play.google.com\/store\/apps\/details?id=com.vg.amazing.city.coachbusdriver","packageID":"com.vg.amazing.city.coachbusdriver"},"showTemplate":1,"s2s_tracking_url":"https:\/\/play.google.com\/store\/apps\/details?id=com.vg.amazing.city.coachbusdriver","activeCreativeID":"417","scenes":["12","1","8","6","15","2"],"campaignAdType":"Interstitial","productId":"","purchaseBit":0,"licenseKey":""}],"refreshAdRate":30,"mode":"Production","aspectRatio":"4_3","cdnPath":"https:\/\/df8ymybeo92md.cloudfront.net\/images\/","sentry_log":0,"local_logging":0,"sentry_dsn":"https:\/\/93ffa1c9a4124f67b8888a53265f751a:bbf998e04584477fa9a145838e9d3b26@sentry.io\/168994","sentry_initialization":1,"sentry_debugging":0,"bannerSizes":["1"],"aspectRatioVideo":"16_9","app_id":"2018","showPreRewardedDialogue":0,"showPostRewardedDialogue":0,"rewardCurrency":"coins","rewardValue":0,"isSkipable":0,"privacyPolicyURL":"https:\/\/www.consoliads.com\/privacy-policy\/","sessionToken":"0z3qTUHhkrileB5QvPTV28F0PyRGVujX78QWu\/q90ncHUIJmTGPqZxK8JR1qmk4Zp7twgTAuC5Nwfr105J0PsSkEWsBkwKmmfHXg\/6zpr9dx37sBCfGdHAsQ4C88mSXSKdJTa\/5wF3qknmOaWqfj4SS3Vz7hQKzc7I84c0eU4SU="}
Session token value is set


{"appKey":"4d80502e5e231c73aef56bc16c23e28e","deviceID":"2364","stats":[{"campaignID":128,"packageID":"com.tgp.multistorey.car.transporter.truck","sceneStats":[{"sceneID":"6","eventStats":"324,224,124,24,24,0,0"}]}],"sdkVersion":"2163","sessionToken":"0z3qTUHhkrileB5QvPTV28F0PyRGVujX78QWu\/q90ncHUIJmTGPqZxK8JR1qmk4Zp7twgTAuC5Nwfr105J0PsSkEWsBkwKmmfHXg\/6zpr9dx37sBCfGdHAsQ4C88mSXSKdJTa\/5wF3qknmOaWqfj4SS3Vz7hQKzc7I84c0eU4SU="}
cache_ttl value is correct

Refresh Ad Rate value is correct
mode value is set

 Aspect ratio value is correct
sentry_log value is set
local_logging value is set
sentry_initialization value is set
sentry_debugging value is set
showPreRewardedDialogue value is set
showPostRewardedDialogue value is set
isSkipable value is set
{"cache_ttl":10080,"cache_ttl_rewarded":10080,"cache_ttl_banner":10080,"cache_ttl_native":10080,"cache_ttl_icon":10080,"campaigns":[{"campaignID":"9384","attribution":0,"priority":"5","appToPromote":{"appToPromoteID":"13185","usesDefaultFrameImage":"0","usesDefaultCloseImage":"0","marketURL":"https:\/\/play.google.com\/store\/apps\/details?id=com.gamesarena.flying.bike.tricks.stunts&amp;referrer=utm_source=42matters.com&amp;utm_medium=api","packageID":"com.gamesarena.flying.bike.tricks.stunts"},"showTemplate":1,"s2s_tracking_url":"https:\/\/play.google.com\/store\/apps\/details?id=com.gamesarena.flying.bike.tricks.stunts&amp;referrer=utm_source=42matters.com&amp;utm_medium=api","activeCreativeID":"4829","scenes":["12","1","8","6","15","2"],"campaignAdType":"Interstitial","productId":"","purchaseBit":0,"licenseKey":""},{"campaignID":"9386","attribution":0,"priority":"5","appToPromote":{"appToPromoteID":"17764","usesDefaultFrameImage":"0","usesDefaultCloseImage":"0","marketURL":"https:\/\/play.google.com\/store\/apps\/details?id=com.visiblebody.atlas&amp;referrer=utm_source=42matters.com&amp;utm_medium=api","packageID":"com.gamesarena..test6324"},"showTemplate":1,"s2s_tracking_url":"https:\/\/play.google.com\/store\/apps\/details?id=com.visiblebody.atlas&amp;referrer=utm_source=42matters.com&amp;utm_medium=api","activeCreativeID":"4828","scenes":["12","1","8","6","15","2"],"campaignAdType":"Interstitial","productId":"","purchaseBit":0,"licenseKey":""},{"campaignID":"9389","attribution":0,"priority":"5","appToPromote":{"appToPromoteID":"13185","usesDefaultFrameImage":"0","usesDefaultCloseImage":"0","marketURL":"https:\/\/play.google.com\/store\/apps\/details?id=com.gamesarena.flying.bike.tricks.stunts&amp;referrer=utm_source=42matters.com&amp;utm_medium=api","packageID":"com.gamesarena.flying.bike.tricks.stunts"},"showTemplate":1,"s2s_tracking_url":"https:\/\/play.google.com\/store\/apps\/details?id=com.gamesarena.flying.bike.tricks.stunts&amp;referrer=utm_source=42matters.com&amp;utm_medium=api","activeCreativeID":"4829","scenes":["12","1","8","6","15","2"],"campaignAdType":"Interstitial","productId":"","purchaseBit":0,"licenseKey":""},{"campaignID":"9710","attribution":0,"priority":"5","appToPromote":{"appToPromoteID":"11385","usesDefaultFrameImage":"0","usesDefaultCloseImage":"0","marketURL":"https:\/\/play.google.com\/store\/apps\/details?id=com.play.io.car.mechanic.auto.repair.workshop","packageID":"com.play.io.car.mechanic.auto.repair.workshop"},"showTemplate":1,"s2s_tracking_url":"https:\/\/play.google.com\/store\/apps\/details?id=com.play.io.car.mechanic.auto.repair.workshop","activeCreativeID":"1309","scenes":["12","1","8","6","15","2"],"campaignAdType":"Video","productId":"","purchaseBit":0,"licenseKey":""},{"campaignID":"98","attribution":0,"priority":"5","appToPromote":{"appToPromoteID":"1937","usesDefaultFrameImage":"0","usesDefaultCloseImage":"0","marketURL":"https:\/\/play.google.com\/store\/apps\/details?id=com.gss.offroad.policetransporttruck","packageID":"com.gss.offroad.policetransporttruck"},"showTemplate":1,"s2s_tracking_url":"https:\/\/play.google.com\/store\/apps\/details?id=com.gss.offroad.policetransporttruck","activeCreativeID":"124","scenes":["12","1","8","6","15","2"],"campaignAdType":"Interstitial","productId":"","purchaseBit":0,"licenseKey":""},{"campaignID":"111","attribution":0,"priority":"5","appToPromote":{"appToPromoteID":"1969","usesDefaultFrameImage":"0","usesDefaultCloseImage":"0","marketURL":"https:\/\/play.google.com\/store\/apps\/details?id=com.vg.moto.airplane.transporter.police.plane","packageID":"com.vg.moto.airplane.transporter.police.plane"},"showTemplate":1,"s2s_tracking_url":"https:\/\/play.google.com\/store\/apps\/details?id=com.vg.moto.airplane.transporter.police.plane","activeCreativeID":"143","scenes":["12","1","8","6","15","2"],"campaignAdType":"Interstitial","productId":"","purchaseBit":0,"licenseKey":""},{"campaignID":"139","attribution":0,"priority":"5","appToPromote":{"appToPromoteID":"2150","usesDefaultFrameImage":"0","usesDefaultCloseImage":"0","marketURL":"https:\/\/play.google.com\/store\/apps\/details?id=com.gss.traffic.rush.crazy.bike.rider","packageID":"com.gss.traffic.rush.crazy.bike.rider"},"showTemplate":1,"s2s_tracking_url":"https:\/\/play.google.com\/store\/apps\/details?id=com.gss.traffic.rush.crazy.bike.rider","activeCreativeID":"179","scenes":["12","1","8","6","15","2"],"campaignAdType":"Interstitial","productId":"","purchaseBit":0,"licenseKey":""},{"campaignID":"142","attribution":0,"priority":"5","appToPromote":{"appToPromoteID":"2164","usesDefaultFrameImage":"0","usesDefaultCloseImage":"0","marketURL":"https:\/\/play.google.com\/store\/apps\/details?id=com.vg.police.demolition.derby.crash.racing","packageID":"com.vg.police.demolition.derby.crash.racing"},"showTemplate":1,"s2s_tracking_url":"https:\/\/play.google.com\/store\/apps\/details?id=com.vg.police.demolition.derby.crash.racing","activeCreativeID":"182","scenes":["12","1","8","6","15","2"],"campaignAdType":"Interstitial","productId":"","purchaseBit":0,"licenseKey":""},{"campaignID":"146","attribution":0,"priority":"5","appToPromote":{"appToPromoteID":"2225","usesDefaultFrameImage":"0","usesDefaultCloseImage":"0","marketURL":"https:\/\/play.google.com\/store\/apps\/details?id=com.gss.offroad.policebiketransport","packageID":"com.gss.offroad.policebiketransport"},"showTemplate":1,"s2s_tracking_url":"https:\/\/play.google.com\/store\/apps\/details?id=com.gss.offroad.policebiketransport","activeCreativeID":"187","scenes":["12","1","8","6","15","2"],"campaignAdType":"Interstitial","productId":"","purchaseBit":0,"licenseKey":""},{"campaignID":"149","attribution":0,"priority":"5","appToPromote":{"appToPromoteID":"2224","usesDefaultFrameImage":"0","usesDefaultCloseImage":"0","marketURL":"https:\/\/play.google.com\/store\/apps\/details?id=com.vg.mega.city.construction.building.sim","packageID":"com.vg.mega.city.construction.building.sim"},"showTemplate":1,"s2s_tracking_url":"https:\/\/play.google.com\/store\/apps\/details?id=com.vg.mega.city.construction.building.sim","activeCreativeID":"191","scenes":["12","1","8","6","15","2"],"campaignAdType":"Interstitial","productId":"","purchaseBit":0,"licenseKey":""},{"campaignID":"150","attribution":0,"priority":"5","appToPromote":{"appToPromoteID":"2224","usesDefaultFrameImage":"0","usesDefaultCloseImage":"0","marketURL":"https:\/\/play.google.com\/store\/apps\/details?id=com.vg.mega.city.construction.building.sim","packageID":"com.vg.mega.city.construction.building.sim"},"showTemplate":1,"s2s_tracking_url":"https:\/\/play.google.com\/store\/apps\/details?id=com.vg.mega.city.construction.building.sim","activeCreativeID":"191","scenes":["12","1","8","6","15","2"],"campaignAdType":"Interstitial","productId":"","purchaseBit":0,"licenseKey":""},{"campaignID":"155","attribution":0,"priority":"5","appToPromote":{"appToPromoteID":"2226","usesDefaultFrameImage":"0","usesDefaultCloseImage":"0","marketURL":"https:\/\/play.google.com\/store\/apps\/details?id=com.gss.garage.workshop.carmehanic","packageID":"com.gss.garage.workshop.carmehanic"},"showTemplate":1,"s2s_tracking_url":"https:\/\/play.google.com\/store\/apps\/details?id=com.gss.garage.workshop.carmehanic","activeCreativeID":"197","scenes":["12","1","8","6","15","2"],"campaignAdType":"Interstitial","productId":"","purchaseBit":0,"licenseKey":""},{"campaignID":"156","attribution":0,"priority":"5","appToPromote":{"appToPromoteID":"2227","usesDefaultFrameImage":"0","usesDefaultCloseImage":"0","marketURL":"https:\/\/play.google.com\/store\/apps\/details?id=com.tgp.offroad.extreme.multi.cargotruck","packageID":"com.tgp.offroad.extreme.multi.cargotruck"},"showTemplate":1,"s2s_tracking_url":"https:\/\/play.google.com\/store\/apps\/details?id=com.tgp.offroad.extreme.multi.cargotruck","activeCreativeID":"198","scenes":["12","1","8","6","15","2"],"campaignAdType":"Interstitial","productId":"","purchaseBit":0,"licenseKey":""},{"campaignID":"163","attribution":0,"priority":"5","appToPromote":{"appToPromoteID":"2349","usesDefaultFrameImage":"0","usesDefaultCloseImage":"0","marketURL":"https:\/\/play.google.com\/store\/apps\/details?id=com.gss.city.war.survival.robothero","packageID":"com.gss.city.war.survival.robothero"},"showTemplate":1,"s2s_tracking_url":"https:\/\/play.google.com\/store\/apps\/details?id=com.gss.city.war.survival.robothero","activeCreativeID":"207","scenes":["12","1","8","6","15","2"],"campaignAdType":"Interstitial","productId":"","purchaseBit":0,"licenseKey":""},{"campaignID":"164","attribution":0,"priority":"5","appToPromote":{"appToPromoteID":"2350","usesDefaultFrameImage":"0","usesDefaultCloseImage":"0","marketURL":"https:\/\/play.google.com\/store\/apps\/details?id=com.tgp.car.robot.transport.truck","packageID":"com.tgp.car.robot.transport.truck"},"showTemplate":1,"s2s_tracking_url":"https:\/\/play.google.com\/store\/apps\/details?id=com.tgp.car.robot.transport.truck","activeCreativeID":"211","scenes":["12","1","8","6","15","2"],"campaignAdType":"Interstitial","productId":"","purchaseBit":0,"licenseKey":""},{"campaignID":"166","attribution":0,"priority":"5","appToPromote":{"appToPromoteID":"2273","usesDefaultFrameImage":"0","usesDefaultCloseImage":"0","marketURL":"https:\/\/play.google.com\/store\/apps\/details?id=com.gss.police.automechanic.repair.workshop","packageID":"com.gss.police.automechanic.repair.workshop"},"showTemplate":1,"s2s_tracking_url":"https:\/\/play.google.com\/store\/apps\/details?id=com.gss.police.automechanic.repair.workshop","activeCreativeID":"217","scenes":["12","1","8","6","15","2"],"campaignAdType":"Interstitial","productId":"","purchaseBit":0,"licenseKey":""},{"campaignID":"167","attribution":0,"priority":"5","appToPromote":{"appToPromoteID":"2348","usesDefaultFrameImage":"0","usesDefaultCloseImage":"0","marketURL":"https:\/\/play.google.com\/store\/apps\/details?id=com.vg.rollercoaster.crazy.tycoon.tour","packageID":"com.vg.rollercoaster.crazy.tycoon.tour"},"showTemplate":1,"s2s_tracking_url":"https:\/\/play.google.com\/store\/apps\/details?id=com.vg.rollercoaster.crazy.tycoon.tour","activeCreativeID":"218","scenes":["12","1","8","6","15","2"],"campaignAdType":"Interstitial","productId":"","purchaseBit":0,"licenseKey":""},{"campaignID":"214","attribution":0,"priority":"5","appToPromote":{"appToPromoteID":"2613","usesDefaultFrameImage":"0","usesDefaultCloseImage":"0","marketURL":"https:\/\/play.google.com\/store\/apps\/details?id=com.gss.robot.bike.transport.truck","packageID":"com.gss.robot.bike.transport.truck"},"showTemplate":1,"s2s_tracking_url":"https:\/\/play.google.com\/store\/apps\/details?id=com.gss.robot.bike.transport.truck","activeCreativeID":"295","scenes":["12","1","8","6","15","2"],"campaignAdType":"Interstitial","productId":"","purchaseBit":0,"licenseKey":""},{"campaignID":"303","attribution":0,"priority":"5","appToPromote":{"appToPromoteID":"2642","usesDefaultFrameImage":"0","usesDefaultCloseImage":"0","marketURL":"https:\/\/play.google.com\/store\/apps\/details?id=com.tgp.offroad.robot.transport.truck","packageID":"com.tgp.offroad.robot.transport.truck"},"showTemplate":1,"s2s_tracking_url":"https:\/\/play.google.com\/store\/apps\/details?id=com.tgp.offroad.robot.transport.truck","activeCreativeID":"310","scenes":["12","1","8","6","15","2"],"campaignAdType":"Interstitial","productId":"","purchaseBit":0,"licenseKey":""},{"campaignID":"358","attribution":0,"priority":"5","appToPromote":{"appToPromoteID":"2917","usesDefaultFrameImage":"0","usesDefaultCloseImage":"0","marketURL":"https:\/\/play.google.com\/store\/apps\/details?id=com.gamefeast.touristbus.highway.driver.sim","packageID":"com.gamefeast.touristbus.highway.driver.sim"},"showTemplate":1,"s2s_tracking_url":"https:\/\/play.google.com\/store\/apps\/details?id=com.gamefeast.touristbus.highway.driver.sim","activeCreativeID":"377","scenes":["12","1","8","6","15","2"],"campaignAdType":"Interstitial","productId":"","purchaseBit":0,"licenseKey":""},{"campaignID":"370","attribution":0,"priority":"5","appToPromote":{"appToPromoteID":"3065","usesDefaultFrameImage":"0","usesDefaultCloseImage":"0","marketURL":"https:\/\/play.google.com\/store\/apps\/details?id=com.gss.raft.survival.island.escape","packageID":"com.gss.raft.survival.island.escape"},"showTemplate":1,"s2s_tracking_url":"https:\/\/play.google.com\/store\/apps\/details?id=com.gss.raft.survival.island.escape","activeCreativeID":"391","scenes":["12","1","8","6","15","2"],"campaignAdType":"Interstitial","productId":"","purchaseBit":0,"licenseKey":""},{"campaignID":"371","attribution":0,"priority":"5","appToPromote":{"appToPromoteID":"3117","usesDefaultFrameImage":"0","usesDefaultCloseImage":"0","marketURL":"https:\/\/play.google.com\/store\/apps\/details?id=com.vg.fast.car.driver.furiousracing","packageID":"com.vg.fast.car.driver.furiousracing"},"showTemplate":1,"s2s_tracking_url":"https:\/\/play.google.com\/store\/apps\/details?id=com.vg.fast.car.driver.furiousracing","activeCreativeID":"392","scenes":["12","1","8","6","15","2"],"campaignAdType":"Interstitial","productId":"","purchaseBit":0,"licenseKey":""},{"campaignID":"372","attribution":0,"priority":"5","appToPromote":{"appToPromoteID":"2938","usesDefaultFrameImage":"0","usesDefaultCloseImage":"0","marketURL":"https:\/\/play.google.com\/store\/apps\/details?id=com.tgp.offroad.us.army.transport","packageID":"com.tgp.offroad.us.army.transport"},"showTemplate":1,"s2s_tracking_url":"https:\/\/play.google.com\/store\/apps\/details?id=com.tgp.offroad.us.army.transport","activeCreativeID":"393","scenes":["12","1","8","6","15","2"],"campaignAdType":"Interstitial","productId":"","purchaseBit":0,"licenseKey":""},{"campaignID":"396","attribution":0,"priority":"5","appToPromote":{"appToPromoteID":"3019","usesDefaultFrameImage":"0","usesDefaultCloseImage":"0","marketURL":"https:\/\/play.google.com\/store\/apps\/details?id=com.gss.robot.car.transport.truck","packageID":"com.gss.robot.car.transport.truck"},"showTemplate":1,"s2s_tracking_url":"https:\/\/play.google.com\/store\/apps\/details?id=com.gss.robot.car.transport.truck","activeCreativeID":"420","scenes":["12","1","8","6","15","2"],"campaignAdType":"Interstitial","productId":"","purchaseBit":0,"licenseKey":""},{"campaignID":"397","attribution":0,"priority":"5","appToPromote":{"appToPromoteID":"3108","usesDefaultFrameImage":"0","usesDefaultCloseImage":"0","marketURL":"https:\/\/play.google.com\/store\/apps\/details?id=com.vg.amazing.city.coachbusdriver","packageID":"com.vg.amazing.city.coachbusdriver"},"showTemplate":1,"s2s_tracking_url":"https:\/\/play.google.com\/store\/apps\/details?id=com.vg.amazing.city.coachbusdriver","activeCreativeID":"417","scenes":["12","1","8","6","15","2"],"campaignAdType":"Interstitial","productId":"","purchaseBit":0,"licenseKey":""}],"refreshAdRate":30,"mode":"Production","aspectRatio":"4_3","cdnPath":"https:\/\/df8ymybeo92md.cloudfront.net\/images\/","sentry_log":0,"local_logging":0,"sentry_dsn":"https:\/\/93ffa1c9a4124f67b8888a53265f751a:bbf998e04584477fa9a145838e9d3b26@sentry.io\/168994","sentry_initialization":1,"sentry_debugging":0,"bannerSizes":["1"],"aspectRatioVideo":"16_9","app_id":"2018","showPreRewardedDialogue":0,"showPostRewardedDialogue":0,"rewardCurrency":"coins","rewardValue":0,"isSkipable":0,"privacyPolicyURL":"https:\/\/www.consoliads.com\/privacy-policy\/","sessionToken":"cq59n6Jz+3FOOJvVgJWFJNHKMzRg7Jnxezeis0g+nVvXmQmprJtRwUPGJY4jqbpPmGTLKvIMaT4n1b6uBG+tjFO64OJifVg79fjyy+xIKa9JsV2\/I1W7Byj5cJXKGf93lxsxl38EOqOqThWHZPkDG3c6JW9jePolB1fEbwBS\/cc="}
Session token value is set


{"appKey":"95784c8196170f224be1193006a3bbea","deviceID":"6900","stats":[{"campaignID":130,"packageID":"com.whitesand.bike.mechanic","sceneStats":[{"sceneID":"18","eventStats":"369,269,169,69,69,0,0"}]}],"sdkVersion":"39","sessionToken":"cq59n6Jz+3FOOJvVgJWFJNHKMzRg7Jnxezeis0g+nVvXmQmprJtRwUPGJY4jqbpPmGTLKvIMaT4n1b6uBG+tjFO64OJifVg79fjyy+xIKa9JsV2\/I1W7Byj5cJXKGf93lxsxl38EOqOqThWHZPkDG3c6JW9jePolB1fEbwBS\/cc="}
cache_ttl value is correct

Refresh Ad Rate value is correct
mode value is set

 Aspect ratio value is correct
sentry_log value is set
local_logging value is set
sentry_initialization value is set
sentry_debugging value is set
showPreRewardedDialogue value is set
showPostRewardedDialogue value is set
isSkipable value is set
{"cache_ttl":10080,"cache_ttl_rewarded":10080,"cache_ttl_banner":10080,"cache_ttl_native":10080,"cache_ttl_icon":10080,"refreshAdRate":30,"mode":"Production","aspectRatio":"4_3","cdnPath":"https:\/\/df8ymybeo92md.cloudfront.net\/images\/","sentry_log":0,"local_logging":0,"sentry_dsn":"https:\/\/93ffa1c9a4124f67b8888a53265f751a:bbf998e04584477fa9a145838e9d3b26@sentry.io\/168994","sentry_initialization":1,"sentry_debugging":0,"bannerSizes":["5"],"aspectRatioVideo":"16_9","app_id":"2030","showPreRewardedDialogue":0,"showPostRewardedDialogue":0,"rewardCurrency":"coins","rewardValue":0,"isSkipable":0,"privacyPolicyURL":"https:\/\/www.consoliads.com\/privacy-policy\/","sessionToken":"lav\/UVsypO3CsSFU1Nytc6mQ8jP6N5Bvd5iQyPCb4rTdvFS8MHQ+kvy2pI0rXBQ\/rVpzU8H5uawIwi6+jUMsQuied2hR869Rz0soTQPkobKOSoOpa8iSvBeTzT80Jnp7rcCpRkU4XnURdq5iCWkwH99+JhzBMVOgUYZ5gj7G9w4="}
Session token value is set


{"appKey":"95784c8196170f224be1193006a3bbea","deviceID":"9169","stats":[{"campaignID":389,"packageID":"com.whitesand.bike.mechanic","sceneStats":[{"sceneID":"23","eventStats":"391,291,191,91,91,0,0"}]}],"sdkVersion":"39","sessionToken":"lav\/UVsypO3CsSFU1Nytc6mQ8jP6N5Bvd5iQyPCb4rTdvFS8MHQ+kvy2pI0rXBQ\/rVpzU8H5uawIwi6+jUMsQuied2hR869Rz0soTQPkobKOSoOpa8iSvBeTzT80Jnp7rcCpRkU4XnURdq5iCWkwH99+JhzBMVOgUYZ5gj7G9w4="}
cache_ttl value is correct

Refresh Ad Rate value is correct
mode value is set

 Aspect ratio value is correct
sentry_log value is set
local_logging value is set
sentry_initialization value is set
sentry_debugging value is set
showPreRewardedDialogue value is set
showPostRewardedDialogue value is set
isSkipable value is set
{"cache_ttl":10080,"cache_ttl_rewarded":10080,"cache_ttl_banner":10080,"cache_ttl_native":10080,"cache_ttl_icon":10080,"refreshAdRate":30,"mode":"Production","aspectRatio":"4_3","cdnPath":"https:\/\/df8ymybeo92md.cloudfront.net\/images\/","sentry_log":0,"local_logging":0,"sentry_dsn":"https:\/\/93ffa1c9a4124f67b8888a53265f751a:bbf998e04584477fa9a145838e9d3b26@sentry.io\/168994","sentry_initialization":1,"sentry_debugging":0,"bannerSizes":["5"],"aspectRatioVideo":"16_9","app_id":"2030","showPreRewardedDialogue":0,"showPostRewardedDialogue":0,"rewardCurrency":"coins","rewardValue":0,"isSkipable":0,"privacyPolicyURL":"https:\/\/www.consoliads.com\/privacy-policy\/","sessionToken":"fVjRQNGGUcsYa2Izr1LOawXHpEX4iizz43vnOAdyEuU4Cfsms2NECdGFpnMETiH1tsf54zZBNigaCEpnoQfHmkC95kJDSyiLEQR\/\/QXt+6roHV6AYsIjETlkBCwwNhinhVnaGGUxLcvMSicm4eNUWvcTK3xPbPfTZVp+C0LspCE="}
Session token value is set


{"appKey":"95784c8196170f224be1193006a3bbea","deviceID":"4088","stats":[{"campaignID":9275,"packageID":"com.whitesand.bike.mechanic","sceneStats":[{"sceneID":"11","eventStats":"341,241,141,41,41,0,0"}]}],"sdkVersion":"39","sessionToken":"fVjRQNGGUcsYa2Izr1LOawXHpEX4iizz43vnOAdyEuU4Cfsms2NECdGFpnMETiH1tsf54zZBNigaCEpnoQfHmkC95kJDSyiLEQR\/\/QXt+6roHV6AYsIjETlkBCwwNhinhVnaGGUxLcvMSicm4eNUWvcTK3xPbPfTZVp+C0LspCE="}
cache_ttl value is correct

Refresh Ad Rate value is correct
mode value is set

 Aspect ratio value is correct
sentry_log value is set
local_logging value is set
sentry_initialization value is set
sentry_debugging value is set
showPreRewardedDialogue value is set
showPostRewardedDialogue value is set
isSkipable value is set
{"cache_ttl":10080,"cache_ttl_rewarded":10080,"cache_ttl_banner":10080,"cache_ttl_native":10080,"cache_ttl_icon":10080,"refreshAdRate":30,"mode":"Production","aspectRatio":"4_3","cdnPath":"https:\/\/df8ymybeo92md.cloudfront.net\/images\/","sentry_log":0,"local_logging":0,"sentry_dsn":"https:\/\/93ffa1c9a4124f67b8888a53265f751a:bbf998e04584477fa9a145838e9d3b26@sentry.io\/168994","sentry_initialization":1,"sentry_debugging":0,"bannerSizes":["5"],"aspectRatioVideo":"16_9","app_id":"2030","showPreRewardedDialogue":0,"showPostRewardedDialogue":0,"rewardCurrency":"coins","rewardValue":0,"isSkipable":0,"privacyPolicyURL":"https:\/\/www.consoliads.com\/privacy-policy\/","sessionToken":"cOjW5PNAkY0jtcpfN3DYDMZQsJznMB7GSUILb9MsB7wRUBx3d\/Sgy0BxuCvCjLP7z3oShBUT8TKfU9JCk25j5MPAb2BJGwhn5ln1grpbWawCQRY+uYg8wFuKhPr44BtbFji5r5Z5IzB+sD8CJ0zBgvZ9EyXZiqCSvrGHoFz00Gc="}
Session token value is set


{"appKey":"95784c8196170f224be1193006a3bbea","deviceID":"7054","stats":[{"campaignID":9276,"packageID":"com.whitesand.bike.mechanic","sceneStats":[{"sceneID":"18","eventStats":"370,270,170,70,70,0,0"}]}],"sdkVersion":"39","sessionToken":"cOjW5PNAkY0jtcpfN3DYDMZQsJznMB7GSUILb9MsB7wRUBx3d\/Sgy0BxuCvCjLP7z3oShBUT8TKfU9JCk25j5MPAb2BJGwhn5ln1grpbWawCQRY+uYg8wFuKhPr44BtbFji5r5Z5IzB+sD8CJ0zBgvZ9EyXZiqCSvrGHoFz00Gc="}
cache_ttl value is correct

Refresh Ad Rate value is correct
mode value is set

 Aspect ratio value is correct
sentry_log value is set
local_logging value is set
sentry_initialization value is set
sentry_debugging value is set
showPreRewardedDialogue value is set
showPostRewardedDialogue value is set
isSkipable value is set
{"cache_ttl":10080,"cache_ttl_rewarded":10080,"cache_ttl_banner":10080,"cache_ttl_native":10080,"cache_ttl_icon":10080,"refreshAdRate":30,"mode":"Production","aspectRatio":"4_3","cdnPath":"https:\/\/df8ymybeo92md.cloudfront.net\/images\/","sentry_log":0,"local_logging":0,"sentry_dsn":"https:\/\/93ffa1c9a4124f67b8888a53265f751a:bbf998e04584477fa9a145838e9d3b26@sentry.io\/168994","sentry_initialization":1,"sentry_debugging":0,"bannerSizes":["5"],"aspectRatioVideo":"16_9","app_id":"2030","showPreRewardedDialogue":0,"showPostRewardedDialogue":0,"rewardCurrency":"coins","rewardValue":0,"isSkipable":0,"privacyPolicyURL":"https:\/\/www.consoliads.com\/privacy-policy\/","sessionToken":"X4UNlo5TVbh83IWTjqTInjyTihuwyFD7vJ8Z24zJOtiLJInjq3free5OJhy0Ja9+evaDWSTljfKGNvSOtySHmzTYiypAx+ozImcoypwwprzPoE2VCw7LiputXXfOWIrMrJmtV9x9bKUHluG3BuTccKcLY84w4jKQYc\/qAWOtflE="}
Session token value is set


{"appKey":"408e2b68db7ae9de1346fe1907578a69","deviceID":"21","stats":[{"campaignID":131,"packageID":"com.threed.army.sniper.shooter","sceneStats":[{"sceneID":"1","eventStats":"301,201,101,1,1,0,0"}]}],"sdkVersion":"39","sessionToken":"X4UNlo5TVbh83IWTjqTInjyTihuwyFD7vJ8Z24zJOtiLJInjq3free5OJhy0Ja9+evaDWSTljfKGNvSOtySHmzTYiypAx+ozImcoypwwprzPoE2VCw7LiputXXfOWIrMrJmtV9x9bKUHluG3BuTccKcLY84w4jKQYc\/qAWOtflE="}
cache_ttl value is correct

Refresh Ad Rate value is correct
mode value is set

 Aspect ratio value is correct
sentry_log value is set
local_logging value is set
sentry_initialization value is set
sentry_debugging value is set
showPreRewardedDialogue value is set
showPostRewardedDialogue value is set
isSkipable value is set
{"cache_ttl":10080,"cache_ttl_rewarded":10080,"cache_ttl_banner":10080,"cache_ttl_native":10080,"cache_ttl_icon":10080,"refreshAdRate":30,"mode":"Production","aspectRatio":"4_3","cdnPath":"https:\/\/df8ymybeo92md.cloudfront.net\/images\/","sentry_log":0,"local_logging":0,"sentry_dsn":"https:\/\/93ffa1c9a4124f67b8888a53265f751a:bbf998e04584477fa9a145838e9d3b26@sentry.io\/168994","sentry_initialization":1,"sentry_debugging":0,"bannerSizes":[],"aspectRatioVideo":"16_9","app_id":"2059","showPreRewardedDialogue":0,"showPostRewardedDialogue":0,"rewardCurrency":"coins","rewardValue":0,"isSkipable":0,"privacyPolicyURL":"https:\/\/www.consoliads.com\/privacy-policy\/","sessionToken":"cmTPz9aQFV1sZYRHpy3xOV9C+Qa\/omA6shskQ+ER1G8xqAEPwQqBRdiJ1lHNlATDPcQDlNQ6zPUquC7wXY8HLvwmyHmedC+zvMFYQONeibsd9wCOlCo0p4Ju3\/z4QCi74\/Hk7Cg9MO4rhpuCbLKZT2uiVCuHjSCUjsjGuKIsPgo="}
Session token value is set


{"appKey":"e6c288ffb04d929a4737a593ce216e8b","deviceID":"8526","stats":[{"campaignID":126,"packageID":"com.gss.clown.robbery.gangster.squad","sceneStats":[{"sceneID":"22","eventStats":"385,285,185,85,85,0,0"}]}],"sdkVersion":"39","sessionToken":"cmTPz9aQFV1sZYRHpy3xOV9C+Qa\/omA6shskQ+ER1G8xqAEPwQqBRdiJ1lHNlATDPcQDlNQ6zPUquC7wXY8HLvwmyHmedC+zvMFYQONeibsd9wCOlCo0p4Ju3\/z4QCi74\/Hk7Cg9MO4rhpuCbLKZT2uiVCuHjSCUjsjGuKIsPgo="}
cache_ttl value is correct

Refresh Ad Rate value is correct
mode value is set

 Aspect ratio value is correct
sentry_log value is set
local_logging value is set
sentry_initialization value is set
sentry_debugging value is set
showPreRewardedDialogue value is set
showPostRewardedDialogue value is set
isSkipable value is set
{"cache_ttl":10080,"cache_ttl_rewarded":10080,"cache_ttl_banner":10080,"cache_ttl_native":10080,"cache_ttl_icon":10080,"campaigns":[{"campaignID":"9384","attribution":0,"priority":"5","appToPromote":{"appToPromoteID":"13185","usesDefaultFrameImage":"0","usesDefaultCloseImage":"0","marketURL":"https:\/\/play.google.com\/store\/apps\/details?id=com.gamesarena.flying.bike.tricks.stunts&amp;referrer=utm_source=42matters.com&amp;utm_medium=api","packageID":"com.gamesarena.flying.bike.tricks.stunts"},"showTemplate":1,"s2s_tracking_url":"https:\/\/play.google.com\/store\/apps\/details?id=com.gamesarena.flying.bike.tricks.stunts&amp;referrer=utm_source=42matters.com&amp;utm_medium=api","activeCreativeID":"4829","scenes":["12","1","8","6","15","2"],"campaignAdType":"Interstitial","productId":"","purchaseBit":0,"licenseKey":""},{"campaignID":"9386","attribution":0,"priority":"5","appToPromote":{"appToPromoteID":"17764","usesDefaultFrameImage":"0","usesDefaultCloseImage":"0","marketURL":"https:\/\/play.google.com\/store\/apps\/details?id=com.visiblebody.atlas&amp;referrer=utm_source=42matters.com&amp;utm_medium=api","packageID":"com.gamesarena..test6324"},"showTemplate":1,"s2s_tracking_url":"https:\/\/play.google.com\/store\/apps\/details?id=com.visiblebody.atlas&amp;referrer=utm_source=42matters.com&amp;utm_medium=api","activeCreativeID":"4828","scenes":["12","1","8","6","15","2"],"campaignAdType":"Interstitial","productId":"","purchaseBit":0,"licenseKey":""},{"campaignID":"9389","attribution":0,"priority":"5","appToPromote":{"appToPromoteID":"13185","usesDefaultFrameImage":"0","usesDefaultCloseImage":"0","marketURL":"https:\/\/play.google.com\/store\/apps\/details?id=com.gamesarena.flying.bike.tricks.stunts&amp;referrer=utm_source=42matters.com&amp;utm_medium=api","packageID":"com.gamesarena.flying.bike.tricks.stunts"},"showTemplate":1,"s2s_tracking_url":"https:\/\/play.google.com\/store\/apps\/details?id=com.gamesarena.flying.bike.tricks.stunts&amp;referrer=utm_source=42matters.com&amp;utm_medium=api","activeCreativeID":"4829","scenes":["12","1","8","6","15","2"],"campaignAdType":"Interstitial","productId":"","purchaseBit":0,"licenseKey":""},{"campaignID":"85","attribution":0,"priority":"5","appToPromote":{"appToPromoteID":"1830","usesDefaultFrameImage":"0","usesDefaultCloseImage":"0","marketURL":"https:\/\/play.google.com\/store\/apps\/details?id=com.gss.offroad.uphill.extremetruckdriver","packageID":"com.gss.offroad.uphill.extremetruckdriver"},"showTemplate":1,"s2s_tracking_url":"https:\/\/play.google.com\/store\/apps\/details?id=com.gss.offroad.uphill.extremetruckdriver","activeCreativeID":"106","scenes":["12","1","8","6","15","2"],"campaignAdType":"Interstitial","productId":"","purchaseBit":0,"licenseKey":""},{"campaignID":"86","attribution":0,"priority":"5","appToPromote":{"appToPromoteID":"1823","usesDefaultFrameImage":"0","usesDefaultCloseImage":"0","marketURL":"https:\/\/play.google.com\/store\/apps\/details?id=com.vg.demolition.derby.extreme.car.stunts","packageID":"com.vg.demolition.derby.extreme.car.stunts"},"showTemplate":1,"s2s_tracking_url":"https:\/\/play.google.com\/store\/apps\/details?id=com.vg.demolition.derby.extreme.car.stunts","activeCreativeID":"109","scenes":["12","1","8","6","15","2"],"campaignAdType":"Interstitial","productId":"","purchaseBit":0,"licenseKey":""},{"campaignID":"93","attribution":0,"priority":"5","appToPromote":{"appToPromoteID":"1860","usesDefaultFrameImage":"0","usesDefaultCloseImage":"0","marketURL":"https:\/\/play.google.com\/store\/apps\/details?id=com.gss.vendetta.subwaycrime.rescue.mission","packageID":"com.gss.vendetta.subwaycrime.rescue.mission"},"showTemplate":1,"s2s_tracking_url":"https:\/\/play.google.com\/store\/apps\/details?id=com.gss.vendetta.subwaycrime.rescue.mission","activeCreativeID":"117","scenes":["12","1","8","6","15","2"],"campaignAdType":"Interstitial","productId":"","purchaseBit":0,"licenseKey":""},{"campaignID":"94","attribution":0,"priority":"5","appToPromote":{"appToPromoteID":"1843","usesDefaultFrameImage":"0","usesDefaultCloseImage":"0","marketURL":"https:\/\/play.google.com\/store\/apps\/details?id=com.vg.secret.agent.mafia.gods.criminal.gang","packageID":"com.vg.secret.agent.mafia.gods.criminal.gang"},"showTemplate":1,"s2s_tracking_url":"https:\/\/play.google.com\/store\/apps\/details?id=com.vg.secret.agent.mafia.gods.criminal.gang","activeCreativeID":"120","scenes":["12","1","8","6","15","2"],"campaignAdType":"Interstitial","productId":"","purchaseBit":0,"licenseKey":""},{"campaignID":"112","attribution":0,"priority":"5","appToPromote":{"appToPromoteID":"1998","usesDefaultFrameImage":"0","usesDefaultCloseImage":"0","marketURL":"https:\/\/play.google.com\/store\/apps\/details?id=com.gss.citygangster.underworldempire.mafia.crime","packageID":"com.gss.citygangster.underworldempire.mafia.crime"},"showTemplate":1,"s2s_tracking_url":"https:\/\/play.google.com\/store\/apps\/details?id=com.gss.citygangster.underworldempire.mafia.crime","activeCreativeID":"146","scenes":["12","1","8","6","15","2"],"campaignAdType":"Interstitial","productId":"","purchaseBit":0,"licenseKey":""},{"campaignID":"114","attribution":0,"priority":"5","appToPromote":{"appToPromoteID":"2007","usesDefaultFrameImage":"0","usesDefaultCloseImage":"0","marketURL":"https:\/\/play.google.com\/store\/apps\/details?id=com.vg.police.secret.agent.crime.gang","packageID":"com.vg.police.secret.agent.crime.gang"},"showTemplate":1,"s2s_tracking_url":"https:\/\/play.google.com\/store\/apps\/details?id=com.vg.police.secret.agent.crime.gang","activeCreativeID":"148","scenes":["12","1","8","6","15","2"],"campaignAdType":"Interstitial","productId":"","purchaseBit":0,"licenseKey":""},{"campaignID":"132","attribution":0,"priority":"5","appToPromote":{"appToPromoteID":"2109","usesDefaultFrameImage":"0","usesDefaultCloseImage":"0","marketURL":"https:\/\/play.google.com\/store\/apps\/details?id=com.gss.us.army.commando.survival","packageID":"com.gss.us.army.commando.survival"},"showTemplate":1,"s2s_tracking_url":"https:\/\/play.google.com\/store\/apps\/details?id=com.gss.us.army.commando.survival","activeCreativeID":"171","scenes":["12","1","8","6","15","2"],"campaignAdType":"Interstitial","productId":"","purchaseBit":0,"licenseKey":""},{"campaignID":"133","attribution":0,"priority":"5","appToPromote":{"appToPromoteID":"2118","usesDefaultFrameImage":"0","usesDefaultCloseImage":"0","marketURL":"https:\/\/play.google.com\/store\/apps\/details?id=com.vg.us.war.mafia.gang.vegas.crime","packageID":"com.vg.us.war.mafia.gang.vegas.crime"},"showTemplate":1,"s2s_tracking_url":"https:\/\/play.google.com\/store\/apps\/details?id=com.vg.us.war.mafia.gang.vegas.crime","activeCreativeID":"172","scenes":["12","1","8","6","15","2"],"campaignAdType":"Interstitial","productId":"","purchaseBit":0,"licenseKey":""},{"campaignID":"152","attribution":0,"priority":"5","appToPromote":{"appToPromoteID":"1348","usesDefaultFrameImage":"0","usesDefaultCloseImage":"0","marketURL":"https:\/\/play.google.com\/store\/apps\/details?id=com.gss.police.sniper.prison.gaurd","packageID":"com.gss.police.sniper.prison.gaurd"},"showTemplate":1,"s2s_tracking_url":"https:\/\/play.google.com\/store\/apps\/details?id=com.gss.police.sniper.prison.gaurd","activeCreativeID":"192","scenes":["12","1","8","6","15","2"],"campaignAdType":"Interstitial","productId":"","purchaseBit":0,"licenseKey":""},{"campaignID":"158","attribution":0,"priority":"5","appToPromote":{"appToPromoteID":"2223","usesDefaultFrameImage":"0","usesDefaultCloseImage":"0","marketURL":"https:\/\/play.google.com\/store\/apps\/details?id=com.vg.counter.mafia.squad.army.training","packageID":"com.vg.counter.mafia.squad.army.training"},"showTemplate":1,"s2s_tracking_url":"https:\/\/play.google.com\/store\/apps\/details?id=com.vg.counter.mafia.squad.army.training","activeCreativeID":"204","scenes":["12","1","8","6","15","2"],"campaignAdType":"Interstitial","productId":"","purchaseBit":0,"licenseKey":""},{"campaignID":"162","attribution":0,"priority":"5","appToPromote":{"appToPromoteID":"2268","usesDefaultFrameImage":"0","usesDefaultCloseImage":"0","marketURL":"https:\/\/play.google.com\/store\/apps\/details?id=com.vg.prisoner.escape.survival.hero","packageID":"com.vg.prisoner.escape.survival.hero"},"showTemplate":1,"s2s_tracking_url":"https:\/\/play.google.com\/store\/apps\/details?id=com.vg.prisoner.escape.survival.hero","activeCreativeID":"206","scenes":["12","1","8","6","15","2"],"campaignAdType":"Interstitial","productId":"","purchaseBit":0,"licenseKey":""},{"campaignID":"163","attribution":0,"priority":"5","appToPromote":{"appToPromoteID":"2349","usesDefaultFrameImage":"0","usesDefaultCloseImage":"0","marketURL":"https:\/\/play.google.com\/store\/apps\/details?id=com.gss.city.war.survival.robothero","packageID":"com.gss.city.war.survival.robothero"},"showTemplate":1,"s2s_tracking_url":"https:\/\/play.google.com\/store\/apps\/details?id=com.gss.city.war.survival.robothero","activeCreativeID":"207","scenes":["12","1","8","6","15","2"],"campaignAdType":"Interstitial","productId":"","purchaseBit":0,"licenseKey":""},{"campaignID":"169","attribution":0,"priority":"5","appToPromote":{"appToPromoteID":"2414","usesDefaultFrameImage":"0","usesDefaultCloseImage":"0","marketURL":"https:\/\/play.google.com\/store\/apps\/details?id=com.gamefeast.armyheroes.us.military.training","packageID":"com.gamefeast.armyheroes.us.military.training"},"showTemplate":1,"s2s_tracking_url":"https:\/\/play.google.com\/store\/apps\/details?id=com.gamefeast.armyheroes.us.military.training","activeCreativeID":"220","scenes":["12","1","8","6","15","2"],"campaignAdType":"Interstitial","productId":"","purchaseBit":0,"licenseKey":""},{"campaignID":"207","attribution":0,"priority":"5","appToPromote":{"appToPromoteID":"2450","usesDefaultFrameImage":"0","usesDefaultCloseImage":"0","marketURL":"https:\/\/play.google.com\/store\/apps\/details?id=com.gss.army.commando.survivalisland","packageID":"com.gss.army.commando.survivalisland"},"showTemplate":1,"s2s_tracking_url":"https:\/\/play.google.com\/store\/apps\/details?id=com.gss.army.commando.survivalisland","activeCreativeID":"281","scenes":["12","1","8","6","15","2"],"campaignAdType":"Interstitial","productId":"","purchaseBit":0,"licenseKey":""},{"campaignID":"332","attribution":0,"priority":"5","appToPromote":{"appToPromoteID":"2857","usesDefaultFrameImage":"0","usesDefaultCloseImage":"0","marketURL":"https:\/\/play.google.com\/store\/apps\/details?id=com.gss.robot.battle.robbery.squad","packageID":"com.gss.robot.battle.robbery.squad"},"showTemplate":1,"s2s_tracking_url":"https:\/\/play.google.com\/store\/apps\/details?id=com.gss.robot.battle.robbery.squad","activeCreativeID":"343","scenes":["12","1","8","6","15","2"],"campaignAdType":"Interstitial","productId":"","purchaseBit":0,"licenseKey":""},{"campaignID":"336","attribution":0,"priority":"5","appToPromote":{"appToPromoteID":"2941","usesDefaultFrameImage":"0","usesDefaultCloseImage":"0","marketURL":"https:\/\/play.google.com\/store\/apps\/details?id=com.vg.us.army.war.survival.island","packageID":"com.vg.us.army.war.survival.island"},"showTemplate":1,"s2s_tracking_url":"https:\/\/play.google.com\/store\/apps\/details?id=com.vg.us.army.war.survival.island","activeCreativeID":"347","scenes":["12","1","8","6","15","2"],"campaignAdType":"Interstitial","productId":"","purchaseBit":0,"licenseKey":""},{"campaignID":"357","attribution":0,"priority":"5","appToPromote":{"appToPromoteID":"2741","usesDefaultFrameImage":"0","usesDefaultCloseImage":"0","marketURL":"https:\/\/play.google.com\/store\/apps\/details?id=com.gss.us.air.jetfighter.warrior","packageID":"com.gss.us.air.jetfighter.warrior"},"showTemplate":1,"s2s_tracking_url":"https:\/\/play.google.com\/store\/apps\/details?id=com.gss.us.air.jetfighter.warrior","activeCreativeID":"376","scenes":["12","1","8","6","15","2"],"campaignAdType":"Interstitial","productId":"","purchaseBit":0,"licenseKey":""},{"campaignID":"364","attribution":0,"priority":"5","appToPromote":{"appToPromoteID":"2552","usesDefaultFrameImage":"0","usesDefaultCloseImage":"0","marketURL":"https:\/\/play.google.com\/store\/apps\/details?id=com.gss.grand.city.rescue.flyingrobot","packageID":"com.gss.grand.city.rescue.flyingrobot"},"showTemplate":1,"s2s_tracking_url":"https:\/\/play.google.com\/store\/apps\/details?id=com.gss.grand.city.rescue.flyingrobot","activeCreativeID":"309","scenes":["12","1","8","6","15","2"],"campaignAdType":"Interstitial","productId":"","purchaseBit":0,"licenseKey":""},{"campaignID":"370","attribution":0,"priority":"5","appToPromote":{"appToPromoteID":"3065","usesDefaultFrameImage":"0","usesDefaultCloseImage":"0","marketURL":"https:\/\/play.google.com\/store\/apps\/details?id=com.gss.raft.survival.island.escape","packageID":"com.gss.raft.survival.island.escape"},"showTemplate":1,"s2s_tracking_url":"https:\/\/play.google.com\/store\/apps\/details?id=com.gss.raft.survival.island.escape","activeCreativeID":"391","scenes":["12","1","8","6","15","2"],"campaignAdType":"Interstitial","productId":"","purchaseBit":0,"licenseKey":""},{"campaignID":"417","attribution":0,"priority":"5","appToPromote":{"appToPromoteID":"3227","usesDefaultFrameImage":"0","usesDefaultCloseImage":"0","marketURL":"https:\/\/play.google.com\/store\/apps\/details?id=com.vg.hero.kids.army.training.school","packageID":"com.vg.hero.kids.army.training.school"},"showTemplate":1,"s2s_tracking_url":"https:\/\/play.google.com\/store\/apps\/details?id=com.vg.hero.kids.army.training.school","activeCreativeID":"454","scenes":["12","1","8","6","15","2"],"campaignAdType":"Interstitial","productId":"","purchaseBit":0,"licenseKey":""},{"campaignID":"433","attribution":0,"priority":"5","appToPromote":{"appToPromoteID":"3339","usesDefaultFrameImage":"0","usesDefaultCloseImage":"0","marketURL":"https:\/\/play.google.com\/store\/apps\/details?id=com.gss.battle.force.counterterrorist","packageID":"com.gss.battle.force.counterterrorist"},"showTemplate":1,"s2s_tracking_url":"https:\/\/play.google.com\/store\/apps\/details?id=com.gss.battle.force.counterterrorist","activeCreativeID":"477","scenes":["12","1","8","6","15","2"],"campaignAdType":"Interstitial","productId":"","purchaseBit":0,"licenseKey":""},{"campaignID":"436","attribution":0,"priority":"5","appToPromote":{"appToPromoteID":"3282","usesDefaultFrameImage":"0","usesDefaultCloseImage":"0","marketURL":"https:\/\/play.google.com\/store\/apps\/details?id=com.tgp.city.rescue.survival.flyinghero","packageID":"com.tgp.city.rescue.survival.flyinghero"},"showTemplate":1,"s2s_tracking_url":"https:\/\/play.google.com\/store\/apps\/details?id=com.tgp.city.rescue.survival.flyinghero","activeCreativeID":"478","scenes":["12","1","8","6","15","2"],"campaignAdType":"Interstitial","productId":"","purchaseBit":0,"licenseKey":""}],"refreshAdRate":30,"mode":"Production","aspectRatio":"4_3","cdnPath":"https:\/\/df8ymybeo92md.cloudfront.net\/images\/","sentry_log":0,"local_logging":0,"sentry_dsn":"https:\/\/93ffa1c9a4124f67b8888a53265f751a:bbf998e04584477fa9a145838e9d3b26@sentry.io\/168994","sentry_initialization":1,"sentry_debugging":0,"bannerSizes":["5"],"aspectRatioVideo":"16_9","app_id":"2081","showPreRewardedDialogue":0,"showPostRewardedDialogue":0,"rewardCurrency":"coins","rewardValue":0,"isSkipable":0,"privacyPolicyURL":"https:\/\/www.consoliads.com\/privacy-policy\/","sessionToken":"DUlm9zl4OSS78PPvsNIdo2gGPGHjW4hsnquH9smYQTKtJOWVrcLTQdfXdT4RArJa4JA72MFxNtXuUXOPBbIPEGGMMWm3Wc9kTNwB+10erF30ckauACKU\/3AF7+I7XyPxKjBXWbA\/gzkx8Pq6q2I59yQEkK7alrbM4Hi2dMe6Kiw="}
Session token value is set


{"appKey":"934628f5152161a94cdb52489ea8b7b5","deviceID":"8287","stats":[{"campaignID":143,"packageID":"com.mizo.sports.car.mechanic","sceneStats":[{"sceneID":"21","eventStats":"383,283,183,83,83,0,0"}]}],"sdkVersion":"2216","sessionToken":"DUlm9zl4OSS78PPvsNIdo2gGPGHjW4hsnquH9smYQTKtJOWVrcLTQdfXdT4RArJa4JA72MFxNtXuUXOPBbIPEGGMMWm3Wc9kTNwB+10erF30ckauACKU\/3AF7+I7XyPxKjBXWbA\/gzkx8Pq6q2I59yQEkK7alrbM4Hi2dMe6Kiw="}
cache_ttl value is correct

Refresh Ad Rate value is correct
mode value is set

 Aspect ratio value is correct
sentry_log value is set
local_logging value is set
sentry_initialization value is set
sentry_debugging value is set
showPreRewardedDialogue value is set
showPostRewardedDialogue value is set
isSkipable value is set
{"cache_ttl":10080,"cache_ttl_rewarded":10080,"cache_ttl_banner":10080,"cache_ttl_native":10080,"cache_ttl_icon":10080,"campaigns":[{"campaignID":"9277","attribution_link":"","attribution":1,"priority":"5","appToPromote":{"appToPromoteID":"17609","usesDefaultFrameImage":"0","usesDefaultCloseImage":"0","marketURL":"https:\/\/smartbear.com\/learn\/automated-testing\/test-automation-frameworks\/","packageID":"com.buntoo.buntooAd"},"showTemplate":1,"s2s_tracking_url":"","activeCreativeID":"4702","scenes":["1","2","6","4","5"],"campaignAdType":"Interstitial","productId":"","purchaseBit":0,"licenseKey":""},{"campaignID":"9278","attribution":0,"priority":"5","appToPromote":{"appToPromoteID":"17609","usesDefaultFrameImage":"0","usesDefaultCloseImage":"0","marketURL":"https:\/\/smartbear.com\/learn\/automated-testing\/test-automation-frameworks\/","packageID":"com.buntoo.buntooAd"},"showTemplate":1,"s2s_tracking_url":"https:\/\/smartbear.com\/learn\/automated-testing\/test-automation-frameworks\/","activeCreativeID":"4701","scenes":["1","2","6","4","5"],"campaignAdType":"Interstitial","productId":"","purchaseBit":0,"licenseKey":""},{"campaignID":"9279","attribution":0,"priority":"5","appToPromote":{"appToPromoteID":"17609","usesDefaultFrameImage":"0","usesDefaultCloseImage":"0","marketURL":"https:\/\/smartbear.com\/learn\/automated-testing\/test-automation-frameworks\/","packageID":"com.buntoo.buntooAd"},"showTemplate":1,"s2s_tracking_url":"https:\/\/smartbear.com\/learn\/automated-testing\/test-automation-frameworks\/","activeCreativeID":"4701","scenes":["1","2","6","4","5"],"campaignAdType":"Interstitial","productId":"","purchaseBit":0,"licenseKey":""},{"campaignID":"9280","attribution":0,"priority":"5","appToPromote":{"appToPromoteID":"17609","usesDefaultFrameImage":"0","usesDefaultCloseImage":"0","marketURL":"https:\/\/smartbear.com\/learn\/automated-testing\/test-automation-frameworks\/","packageID":"com.buntoo.buntooAd"},"showTemplate":1,"s2s_tracking_url":"https:\/\/smartbear.com\/learn\/automated-testing\/test-automation-frameworks\/","activeCreativeID":"4701","scenes":["1","2","6","4","5"],"campaignAdType":"Interstitial","productId":"","purchaseBit":0,"licenseKey":""},{"campaignID":"9281","attribution":0,"priority":"5","appToPromote":{"appToPromoteID":"17609","usesDefaultFrameImage":"0","usesDefaultCloseImage":"0","marketURL":"https:\/\/smartbear.com\/learn\/automated-testing\/test-automation-frameworks\/","packageID":"com.buntoo.buntooAd"},"showTemplate":1,"s2s_tracking_url":"https:\/\/smartbear.com\/learn\/automated-testing\/test-automation-frameworks\/","activeCreativeID":"4701","scenes":["1","2","6","4","5"],"campaignAdType":"Interstitial","productId":"","purchaseBit":0,"licenseKey":""},{"campaignID":"9282","attribution":0,"priority":"5","appToPromote":{"appToPromoteID":"17609","usesDefaultFrameImage":"0","usesDefaultCloseImage":"0","marketURL":"https:\/\/smartbear.com\/learn\/automated-testing\/test-automation-frameworks\/","packageID":"com.buntoo.buntooAd"},"showTemplate":1,"s2s_tracking_url":"https:\/\/smartbear.com\/learn\/automated-testing\/test-automation-frameworks\/","activeCreativeID":"4701","scenes":["1","2","6","4","5"],"campaignAdType":"Interstitial","productId":"","purchaseBit":0,"licenseKey":""},{"campaignID":"9283","attribution":0,"priority":"5","appToPromote":{"appToPromoteID":"17609","usesDefaultFrameImage":"0","usesDefaultCloseImage":"0","marketURL":"https:\/\/smartbear.com\/learn\/automated-testing\/test-automation-frameworks\/","packageID":"com.buntoo.buntooAd"},"showTemplate":1,"s2s_tracking_url":"https:\/\/smartbear.com\/learn\/automated-testing\/test-automation-frameworks\/","activeCreativeID":"4701","scenes":["1","2","6","4","5"],"campaignAdType":"Interstitial","productId":"","purchaseBit":0,"licenseKey":""},{"campaignID":"9285","attribution":0,"priority":"5","appToPromote":{"appToPromoteID":"14746","usesDefaultFrameImage":"0","usesDefaultCloseImage":"0","marketURL":"https:\/\/play.google.com\/store\/apps\/details?id=com.buntoo.army.bus.parking","packageID":"com.buntoo.army.bus.parking"},"showTemplate":1,"s2s_tracking_url":"https:\/\/play.google.com\/store\/apps\/details?id=com.buntoo.army.bus.parking","activeCreativeID":"4710","scenes":["1","2","6","4","5"],"campaignAdType":"Interstitial","productId":"","purchaseBit":0,"licenseKey":""},{"campaignID":"9287","attribution":0,"priority":"5","appToPromote":{"appToPromoteID":"14746","usesDefaultFrameImage":"0","usesDefaultCloseImage":"0","marketURL":"https:\/\/play.google.com\/store\/apps\/details?id=com.buntoo.army.bus.parking","packageID":"com.buntoo.army.bus.parking"},"showTemplate":1,"s2s_tracking_url":"https:\/\/play.google.com\/store\/apps\/details?id=com.buntoo.army.bus.parking","activeCreativeID":"4710","scenes":["1","2","6","4","5"],"campaignAdType":"Interstitial","productId":"","purchaseBit":0,"licenseKey":""},{"campaignID":"9289","attribution":0,"priority":"5","appToPromote":{"appToPromoteID":"17609","usesDefaultFrameImage":"0","usesDefaultCloseImage":"0","marketURL":"https:\/\/smartbear.com\/learn\/automated-testing\/test-automation-frameworks\/","packageID":"com.buntoo.buntooAd"},"showTemplate":1,"s2s_tracking_url":"https:\/\/smartbear.com\/learn\/automated-testing\/test-automation-frameworks\/","activeCreativeID":"4701","scenes":["1","2","6","4","5"],"campaignAdType":"Interstitial","productId":"","purchaseBit":0,"licenseKey":""},{"campaignID":"9290","attribution":0,"priority":"5","appToPromote":{"appToPromoteID":"17609","usesDefaultFrameImage":"0","usesDefaultCloseImage":"0","marketURL":"https:\/\/smartbear.com\/learn\/automated-testing\/test-automation-frameworks\/","packageID":"com.buntoo.buntooAd"},"showTemplate":1,"s2s_tracking_url":"https:\/\/smartbear.com\/learn\/automated-testing\/test-automation-frameworks\/","activeCreativeID":"4701","scenes":["1","2","6","4","5"],"campaignAdType":"Interstitial","productId":"","purchaseBit":0,"licenseKey":""},{"campaignID":"9293","attribution":0,"priority":"5","appToPromote":{"appToPromoteID":"17609","usesDefaultFrameImage":"0","usesDefaultCloseImage":"0","marketURL":"https:\/\/smartbear.com\/learn\/automated-testing\/test-automation-frameworks\/","packageID":"com.buntoo.buntooAd"},"showTemplate":1,"s2s_tracking_url":"https:\/\/smartbear.com\/learn\/automated-testing\/test-automation-frameworks\/","activeCreativeID":"4701","scenes":["1","2","6","4","5"],"campaignAdType":"Interstitial","productId":"","purchaseBit":0,"licenseKey":""},{"campaignID":"9296","attribution":0,"priority":"5","appToPromote":{"appToPromoteID":"17609","usesDefaultFrameImage":"0","usesDefaultCloseImage":"0","marketURL":"https:\/\/smartbear.com\/learn\/automated-testing\/test-automation-frameworks\/","packageID":"com.buntoo.buntooAd"},"showTemplate":1,"s2s_tracking_url":"https:\/\/smartbear.com\/learn\/automated-testing\/test-automation-frameworks\/","activeCreativeID":"4701","scenes":["1","2","6","4","5"],"campaignAdType":"Interstitial","productId":"","purchaseBit":0,"licenseKey":""},{"campaignID":"9297","attribution":0,"priority":"5","appToPromote":{"appToPromoteID":"17609","usesDefaultFrameImage":"0","usesDefaultCloseImage":"0","marketURL":"https:\/\/smartbear.com\/learn\/automated-testing\/test-automation-frameworks\/","packageID":"com.buntoo.buntooAd"},"showTemplate":1,"s2s_tracking_url":"https:\/\/smartbear.com\/learn\/automated-testing\/test-automation-frameworks\/","activeCreativeID":"4701","scenes":["1","2","6","4","5"],"campaignAdType":"Interstitial","productId":"","purchaseBit":0,"licenseKey":""},{"campaignID":"9299","attribution":0,"priority":"5","appToPromote":{"appToPromoteID":"17609","usesDefaultFrameImage":"0","usesDefaultCloseImage":"0","marketURL":"https:\/\/smartbear.com\/learn\/automated-testing\/test-automation-frameworks\/","packageID":"com.buntoo.buntooAd"},"showTemplate":1,"s2s_tracking_url":"https:\/\/smartbear.com\/learn\/automated-testing\/test-automation-frameworks\/","activeCreativeID":"4701","scenes":["1","2","6","4","5"],"campaignAdType":"Interstitial","productId":"","purchaseBit":0,"licenseKey":""},{"campaignID":"9301","attribution":0,"priority":"5","appToPromote":{"appToPromoteID":"17609","usesDefaultFrameImage":"0","usesDefaultCloseImage":"0","marketURL":"https:\/\/smartbear.com\/learn\/automated-testing\/test-automation-frameworks\/","packageID":"com.buntoo.buntooAd"},"showTemplate":1,"s2s_tracking_url":"https:\/\/smartbear.com\/learn\/automated-testing\/test-automation-frameworks\/","activeCreativeID":"4701","scenes":["1","2","6","4","5"],"campaignAdType":"Interstitial","productId":"","purchaseBit":0,"licenseKey":""},{"campaignID":"9305","attribution":0,"priority":"5","appToPromote":{"appToPromoteID":"14746","usesDefaultFrameImage":"0","usesDefaultCloseImage":"0","marketURL":"https:\/\/play.google.com\/store\/apps\/details?id=com.buntoo.army.bus.parking","packageID":"com.buntoo.army.bus.parking"},"showTemplate":1,"s2s_tracking_url":"https:\/\/play.google.com\/store\/apps\/details?id=com.buntoo.army.bus.parking","activeCreativeID":"4710","scenes":["1","2","6","4","5"],"campaignAdType":"Interstitial","productId":"","purchaseBit":0,"licenseKey":""},{"campaignID":"48","attribution":0,"priority":"5","appToPromote":{"appToPromoteID":"1074","usesDefaultFrameImage":"1","usesDefaultCloseImage":"1","marketURL":"https:\/\/play.google.com\/store\/apps\/details?id=com.mizo.construction.crane.hill.climb","packageID":"com.mizo.construction.crane.hill.climb"},"showTemplate":1,"s2s_tracking_url":"https:\/\/play.google.com\/store\/apps\/details?id=com.mizo.construction.crane.hill.climb","activeCreativeID":"65","scenes":["1","2","6","4","5"],"campaignAdType":"Interstitial","productId":"","purchaseBit":0,"licenseKey":""},{"campaignID":"50","attribution":0,"priority":"5","appToPromote":{"appToPromoteID":"1221","usesDefaultFrameImage":"1","usesDefaultCloseImage":"1","marketURL":"https:\/\/play.google.com\/store\/apps\/details?id=com.mizo.offroad.hill.climb","packageID":"com.mizo.offroad.hill.climb"},"showTemplate":1,"s2s_tracking_url":"https:\/\/play.google.com\/store\/apps\/details?id=com.mizo.offroad.hill.climb","activeCreativeID":"67","scenes":["1","2","6","4","5"],"campaignAdType":"Interstitial","productId":"","purchaseBit":0,"licenseKey":""},{"campaignID":"67","attribution":0,"priority":"5","appToPromote":{"appToPromoteID":"1306","usesDefaultFrameImage":"1","usesDefaultCloseImage":"1","marketURL":"https:\/\/play.google.com\/store\/apps\/details?id=com.mizo.extreme.heavy.truck","packageID":"com.mizo.extreme.heavy.truck"},"showTemplate":1,"s2s_tracking_url":"https:\/\/play.google.com\/store\/apps\/details?id=com.mizo.extreme.heavy.truck","activeCreativeID":"85","scenes":["1","2","6","4","5"],"campaignAdType":"Interstitial","productId":"","purchaseBit":0,"licenseKey":""},{"campaignID":"78","attribution":0,"priority":"5","appToPromote":{"appToPromoteID":"1632","usesDefaultFrameImage":"1","usesDefaultCloseImage":"1","marketURL":"https:\/\/play.google.com\/store\/apps\/details?id=com.mizo.road.builder.city.construction","packageID":"com.mizo.road.builder.city.construction"},"showTemplate":1,"s2s_tracking_url":"https:\/\/play.google.com\/store\/apps\/details?id=com.mizo.road.builder.city.construction","activeCreativeID":"97","scenes":["1","2","6","4","5"],"campaignAdType":"Interstitial","productId":"","purchaseBit":0,"licenseKey":""},{"campaignID":"80","attribution":0,"priority":"5","appToPromote":{"appToPromoteID":"1675","usesDefaultFrameImage":"1","usesDefaultCloseImage":"1","marketURL":"https:\/\/play.google.com\/store\/apps\/details?id=com.mizo.flip.bottle.shooting.expert","packageID":"com.mizo.flip.bottle.shooting.expert"},"showTemplate":1,"s2s_tracking_url":"https:\/\/play.google.com\/store\/apps\/details?id=com.mizo.flip.bottle.shooting.expert","activeCreativeID":"100","scenes":["1","2","6","4","5"],"campaignAdType":"Interstitial","productId":"","purchaseBit":0,"licenseKey":""},{"campaignID":"110","attribution":0,"priority":"5","appToPromote":{"appToPromoteID":"1853","usesDefaultFrameImage":"1","usesDefaultCloseImage":"1","marketURL":"https:\/\/play.google.com\/store\/apps\/details?id=com.mizo.police.airplane.transporter","packageID":"com.mizo.police.airplane.transporter"},"showTemplate":1,"s2s_tracking_url":"https:\/\/play.google.com\/store\/apps\/details?id=com.mizo.police.airplane.transporter","activeCreativeID":"137","scenes":["1","2","6","4","5"],"campaignAdType":"Interstitial","productId":"","purchaseBit":0,"licenseKey":""},{"campaignID":"143","attribution":0,"priority":"5","appToPromote":{"appToPromoteID":"2089","usesDefaultFrameImage":"0","usesDefaultCloseImage":"0","marketURL":"https:\/\/play.google.com\/store\/apps\/details?id=com.mizo.sports.car.mechanic","packageID":"com.mizo.sports.car.mechanic"},"showTemplate":1,"s2s_tracking_url":"https:\/\/play.google.com\/store\/apps\/details?id=com.mizo.sports.car.mechanic","activeCreativeID":"184","scenes":["1","2","6","4","5"],"campaignAdType":"Interstitial","productId":"","purchaseBit":0,"licenseKey":""},{"campaignID":"147","attribution":0,"priority":"5","appToPromote":{"appToPromoteID":"2085","usesDefaultFrameImage":"0","usesDefaultCloseImage":"0","marketURL":"https:\/\/play.google.com\/store\/apps\/details?id=com.mizo.robot.gang.mafia","packageID":"com.mizo.robot.gang.mafia"},"showTemplate":1,"s2s_tracking_url":"https:\/\/play.google.com\/store\/apps\/details?id=com.mizo.robot.gang.mafia","activeCreativeID":"188","scenes":["1","2","6","4","5"],"campaignAdType":"Interstitial","productId":"","purchaseBit":0,"licenseKey":""}],"refreshAdRate":30,"mode":"Production","aspectRatio":"4_3","cdnPath":"https:\/\/df8ymybeo92md.cloudfront.net\/images\/","sentry_log":0,"local_logging":0,"sentry_dsn":"https:\/\/93ffa1c9a4124f67b8888a53265f751a:bbf998e04584477fa9a145838e9d3b26@sentry.io\/168994","sentry_initialization":1,"sentry_debugging":0,"bannerSizes":["1"],"aspectRatioVideo":"16_9","app_id":"2089","showPreRewardedDialogue":0,"showPostRewardedDialogue":0,"rewardCurrency":"coins","rewardValue":0,"isSkipable":1,"privacyPolicyURL":"https:\/\/www.consoliads.com\/privacy-policy\/","sessionToken":"90Xlwrc2LfUdu4VNNXDosgTD\/+Dcpavgw1aZERXOucj4v5opCcEVphsaJjmTqD2Ahy3u9gwfnxpIWyLN54epcivkbPS6nWEcsDwrQ5hcxH37sldq07lU01dMVn5wFYn8UosJ\/IwqI+jjg7lNgPX468nJXe1Q12I5I8yXKFfI0ac="}
Session token value is set

mode value is set

 Aspect ratio value is correct
sentry_log value is set
Session token value is set


{"appKey":"9c32e165fd92e18a2d2f8d387cd9e104","deviceID":"459","stats":[{"campaignID":132,"packageID":"com.gss.us.army.commando.survival","sceneStats":[{"sceneID":"2","eventStats":"305,205,105,5,5,0,0"}]}],"sdkVersion":"2216","sessionToken":"3veecFeouL\/lZu0ymdpRCSzCXw1azT34oILOQEMXbWGpQNLOT3m+RYsLVf+9wKbEJS7ojicGP9CktYxWbMqGk1fF4tHhCyFNv2sho0\/bLP9UgyzffuwoLrd3v0arubAuiNOJ6\/52nSTuYGaxm0prXbWaEDoRmX1D\/SX2mDfjy8A="}
cache_ttl value is correct

Refresh Ad Rate value is correct
mode value is set

 Aspect ratio value is correct
sentry_log value is set
local_logging value is set
sentry_initialization value is set
sentry_debugging value is set
showPreRewardedDialogue value is set
showPostRewardedDialogue value is set
isSkipable value is set
{"cache_ttl":10080,"cache_ttl_rewarded":10080,"cache_ttl_banner":10080,"cache_ttl_native":10080,"cache_ttl_icon":10080,"campaigns":[{"campaignID":"9384","attribution":0,"priority":"5","appToPromote":{"appToPromoteID":"13185","usesDefaultFrameImage":"0","usesDefaultCloseImage":"0","marketURL":"https:\/\/play.google.com\/store\/apps\/details?id=com.gamesarena.flying.bike.tricks.stunts&amp;referrer=utm_source=42matters.com&amp;utm_medium=api","packageID":"com.gamesarena.flying.bike.tricks.stunts"},"showTemplate":1,"s2s_tracking_url":"https:\/\/play.google.com\/store\/apps\/details?id=com.gamesarena.flying.bike.tricks.stunts&amp;referrer=utm_source=42matters.com&amp;utm_medium=api","activeCreativeID":"4829","scenes":["12","1","8","6","15","2"],"campaignAdType":"Interstitial","productId":"","purchaseBit":0,"licenseKey":""},{"campaignID":"9386","attribution":0,"priority":"5","appToPromote":{"appToPromoteID":"17764","usesDefaultFrameImage":"0","usesDefaultCloseImage":"0","marketURL":"https:\/\/play.google.com\/store\/apps\/details?id=com.visiblebody.atlas&amp;referrer=utm_source=42matters.com&amp;utm_medium=api","packageID":"com.gamesarena..test6324"},"showTemplate":1,"s2s_tracking_url":"https:\/\/play.google.com\/store\/apps\/details?id=com.visiblebody.atlas&amp;referrer=utm_source=42matters.com&amp;utm_medium=api","activeCreativeID":"4828","scenes":["12","1","8","6","15","2"],"campaignAdType":"Interstitial","productId":"","purchaseBit":0,"licenseKey":""},{"campaignID":"9389","attribution":0,"priority":"5","appToPromote":{"appToPromoteID":"13185","usesDefaultFrameImage":"0","usesDefaultCloseImage":"0","marketURL":"https:\/\/play.google.com\/store\/apps\/details?id=com.gamesarena.flying.bike.tricks.stunts&amp;referrer=utm_source=42matters.com&amp;utm_medium=api","packageID":"com.gamesarena.flying.bike.tricks.stunts"},"showTemplate":1,"s2s_tracking_url":"https:\/\/play.google.com\/store\/apps\/details?id=com.gamesarena.flying.bike.tricks.stunts&amp;referrer=utm_source=42matters.com&amp;utm_medium=api","activeCreativeID":"4829","scenes":["12","1","8","6","15","2"],"campaignAdType":"Interstitial","productId":"","purchaseBit":0,"licenseKey":""},{"campaignID":"85","attribution":0,"priority":"5","appToPromote":{"appToPromoteID":"1830","usesDefaultFrameImage":"0","usesDefaultCloseImage":"0","marketURL":"https:\/\/play.google.com\/store\/apps\/details?id=com.gss.offroad.uphill.extremetruckdriver","packageID":"com.gss.offroad.uphill.extremetruckdriver"},"showTemplate":1,"s2s_tracking_url":"https:\/\/play.google.com\/store\/apps\/details?id=com.gss.offroad.uphill.extremetruckdriver","activeCreativeID":"106","scenes":["12","1","8","6","15","2"],"campaignAdType":"Interstitial","productId":"","purchaseBit":0,"licenseKey":""},{"campaignID":"86","attribution":0,"priority":"5","appToPromote":{"appToPromoteID":"1823","usesDefaultFrameImage":"0","usesDefaultCloseImage":"0","marketURL":"https:\/\/play.google.com\/store\/apps\/details?id=com.vg.demolition.derby.extreme.car.stunts","packageID":"com.vg.demolition.derby.extreme.car.stunts"},"showTemplate":1,"s2s_tracking_url":"https:\/\/play.google.com\/store\/apps\/details?id=com.vg.demolition.derby.extreme.car.stunts","activeCreativeID":"109","scenes":["12","1","8","6","15","2"],"campaignAdType":"Interstitial","productId":"","purchaseBit":0,"licenseKey":""},{"campaignID":"93","attribution":0,"priority":"5","appToPromote":{"appToPromoteID":"1860","usesDefaultFrameImage":"0","usesDefaultCloseImage":"0","marketURL":"https:\/\/play.google.com\/store\/apps\/details?id=com.gss.vendetta.subwaycrime.rescue.mission","packageID":"com.gss.vendetta.subwaycrime.rescue.mission"},"showTemplate":1,"s2s_tracking_url":"https:\/\/play.google.com\/store\/apps\/details?id=com.gss.vendetta.subwaycrime.rescue.mission","activeCreativeID":"117","scenes":["12","1","8","6","15","2"],"campaignAdType":"Interstitial","productId":"","purchaseBit":0,"licenseKey":""},{"campaignID":"94","attribution":0,"priority":"5","appToPromote":{"appToPromoteID":"1843","usesDefaultFrameImage":"0","usesDefaultCloseImage":"0","marketURL":"https:\/\/play.google.com\/store\/apps\/details?id=com.vg.secret.agent.mafia.gods.criminal.gang","packageID":"com.vg.secret.agent.mafia.gods.criminal.gang"},"showTemplate":1,"s2s_tracking_url":"https:\/\/play.google.com\/store\/apps\/details?id=com.vg.secret.agent.mafia.gods.criminal.gang","activeCreativeID":"120","scenes":["12","1","8","6","15","2"],"campaignAdType":"Interstitial","productId":"","purchaseBit":0,"licenseKey":""},{"campaignID":"112","attribution":0,"priority":"5","appToPromote":{"appToPromoteID":"1998","usesDefaultFrameImage":"0","usesDefaultCloseImage":"0","marketURL":"https:\/\/play.google.com\/store\/apps\/details?id=com.gss.citygangster.underworldempire.mafia.crime","packageID":"com.gss.citygangster.underworldempire.mafia.crime"},"showTemplate":1,"s2s_tracking_url":"https:\/\/play.google.com\/store\/apps\/details?id=com.gss.citygangster.underworldempire.mafia.crime","activeCreativeID":"146","scenes":["12","1","8","6","15","2"],"campaignAdType":"Interstitial","productId":"","purchaseBit":0,"licenseKey":""},{"campaignID":"114","attribution":0,"priority":"5","appToPromote":{"appToPromoteID":"2007","usesDefaultFrameImage":"0","usesDefaultCloseImage":"0","marketURL":"https:\/\/play.google.com\/store\/apps\/details?id=com.vg.police.secret.agent.crime.gang","packageID":"com.vg.police.secret.agent.crime.gang"},"showTemplate":1,"s2s_tracking_url":"https:\/\/play.google.com\/store\/apps\/details?id=com.vg.police.secret.agent.crime.gang","activeCreativeID":"148","scenes":["12","1","8","6","15","2"],"campaignAdType":"Interstitial","productId":"","purchaseBit":0,"licenseKey":""},{"campaignID":"133","attribution":0,"priority":"5","appToPromote":{"appToPromoteID":"2118","usesDefaultFrameImage":"0","usesDefaultCloseImage":"0","marketURL":"https:\/\/play.google.com\/store\/apps\/details?id=com.vg.us.war.mafia.gang.vegas.crime","packageID":"com.vg.us.war.mafia.gang.vegas.crime"},"showTemplate":1,"s2s_tracking_url":"https:\/\/play.google.com\/store\/apps\/details?id=com.vg.us.war.mafia.gang.vegas.crime","activeCreativeID":"172","scenes":["12","1","8","6","15","2"],"campaignAdType":"Interstitial","productId":"","purchaseBit":0,"licenseKey":""},{"campaignID":"152","attribution":0,"priority":"5","appToPromote":{"appToPromoteID":"1348","usesDefaultFrameImage":"0","usesDefaultCloseImage":"0","marketURL":"https:\/\/play.google.com\/store\/apps\/details?id=com.gss.police.sniper.prison.gaurd","packageID":"com.gss.police.sniper.prison.gaurd"},"showTemplate":1,"s2s_tracking_url":"https:\/\/play.google.com\/store\/apps\/details?id=com.gss.police.sniper.prison.gaurd","activeCreativeID":"192","scenes":["12","1","8","6","15","2"],"campaignAdType":"Interstitial","productId":"","purchaseBit":0,"licenseKey":""},{"campaignID":"158","attribution":0,"priority":"5","appToPromote":{"appToPromoteID":"2223","usesDefaultFrameImage":"0","usesDefaultCloseImage":"0","marketURL":"https:\/\/play.google.com\/store\/apps\/details?id=com.vg.counter.mafia.squad.army.training","packageID":"com.vg.counter.mafia.squad.army.training"},"showTemplate":1,"s2s_tracking_url":"https:\/\/play.google.com\/store\/apps\/details?id=com.vg.counter.mafia.squad.army.training","activeCreativeID":"204","scenes":["12","1","8","6","15","2"],"campaignAdType":"Interstitial","productId":"","purchaseBit":0,"licenseKey":""},{"campaignID":"162","attribution":0,"priority":"5","appToPromote":{"appToPromoteID":"2268","usesDefaultFrameImage":"0","usesDefaultCloseImage":"0","marketURL":"https:\/\/play.google.com\/store\/apps\/details?id=com.vg.prisoner.escape.survival.hero","packageID":"com.vg.prisoner.escape.survival.hero"},"showTemplate":1,"s2s_tracking_url":"https:\/\/play.google.com\/store\/apps\/details?id=com.vg.prisoner.escape.survival.hero","activeCreativeID":"206","scenes":["12","1","8","6","15","2"],"campaignAdType":"Interstitial","productId":"","purchaseBit":0,"licenseKey":""},{"campaignID":"163","attribution":0,"priority":"5","appToPromote":{"appToPromoteID":"2349","usesDefaultFrameImage":"0","usesDefaultCloseImage":"0","marketURL":"https:\/\/play.google.com\/store\/apps\/details?id=com.gss.city.war.survival.robothero","packageID":"com.gss.city.war.survival.robothero"},"showTemplate":1,"s2s_tracking_url":"https:\/\/play.google.com\/store\/apps\/details?id=com.gss.city.war.survival.robothero","activeCreativeID":"207","scenes":["12","1","8","6","15","2"],"campaignAdType":"Interstitial","productId":"","purchaseBit":0,"licenseKey":""},{"campaignID":"169","attribution":0,"priority":"5","appToPromote":{"appToPromoteID":"2414","usesDefaultFrameImage":"0","usesDefaultCloseImage":"0","marketURL":"https:\/\/play.google.com\/store\/apps\/details?id=com.gamefeast.armyheroes.us.military.training","packageID":"com.gamefeast.armyheroes.us.military.training"},"showTemplate":1,"s2s_tracking_url":"https:\/\/play.google.com\/store\/apps\/details?id=com.gamefeast.armyheroes.us.military.training","activeCreativeID":"220","scenes":["12","1","8","6","15","2"],"campaignAdType":"Interstitial","productId":"","purchaseBit":0,"licenseKey":""},{"campaignID":"207","attribution":0,"priority":"5","appToPromote":{"appToPromoteID":"2450","usesDefaultFrameImage":"0","usesDefaultCloseImage":"0","marketURL":"https:\/\/play.google.com\/store\/apps\/details?id=com.gss.army.commando.survivalisland","packageID":"com.gss.army.commando.survivalisland"},"showTemplate":1,"s2s_tracking_url":"https:\/\/play.google.com\/store\/apps\/details?id=com.gss.army.commando.survivalisland","activeCreativeID":"281","scenes":["12","1","8","6","15","2"],"campaignAdType":"Interstitial","productId":"","purchaseBit":0,"licenseKey":""},{"campaignID":"332","attribution":0,"priority":"5","appToPromote":{"appToPromoteID":"2857","usesDefaultFrameImage":"0","usesDefaultCloseImage":"0","marketURL":"https:\/\/play.google.com\/store\/apps\/details?id=com.gss.robot.battle.robbery.squad","packageID":"com.gss.robot.battle.robbery.squad"},"showTemplate":1,"s2s_tracking_url":"https:\/\/play.google.com\/store\/apps\/details?id=com.gss.robot.battle.robbery.squad","activeCreativeID":"343","scenes":["12","1","8","6","15","2"],"campaignAdType":"Interstitial","productId":"","purchaseBit":0,"licenseKey":""},{"campaignID":"336","attribution":0,"priority":"5","appToPromote":{"appToPromoteID":"2941","usesDefaultFrameImage":"0","usesDefaultCloseImage":"0","marketURL":"https:\/\/play.google.com\/store\/apps\/details?id=com.vg.us.army.war.survival.island","packageID":"com.vg.us.army.war.survival.island"},"showTemplate":1,"s2s_tracking_url":"https:\/\/play.google.com\/store\/apps\/details?id=com.vg.us.army.war.survival.island","activeCreativeID":"347","scenes":["12","1","8","6","15","2"],"campaignAdType":"Interstitial","productId":"","purchaseBit":0,"licenseKey":""},{"campaignID":"357","attribution":0,"priority":"5","appToPromote":{"appToPromoteID":"2741","usesDefaultFrameImage":"0","usesDefaultCloseImage":"0","marketURL":"https:\/\/play.google.com\/store\/apps\/details?id=com.gss.us.air.jetfighter.warrior","packageID":"com.gss.us.air.jetfighter.warrior"},"showTemplate":1,"s2s_tracking_url":"https:\/\/play.google.com\/store\/apps\/details?id=com.gss.us.air.jetfighter.warrior","activeCreativeID":"376","scenes":["12","1","8","6","15","2"],"campaignAdType":"Interstitial","productId":"","purchaseBit":0,"licenseKey":""},{"campaignID":"364","attribution":0,"priority":"5","appToPromote":{"appToPromoteID":"2552","usesDefaultFrameImage":"0","usesDefaultCloseImage":"0","marketURL":"https:\/\/play.google.com\/store\/apps\/details?id=com.gss.grand.city.rescue.flyingrobot","packageID":"com.gss.grand.city.rescue.flyingrobot"},"showTemplate":1,"s2s_tracking_url":"https:\/\/play.google.com\/store\/apps\/details?id=com.gss.grand.city.rescue.flyingrobot","activeCreativeID":"309","scenes":["12","1","8","6","15","2"],"campaignAdType":"Interstitial","productId":"","purchaseBit":0,"licenseKey":""},{"campaignID":"370","attribution":0,"priority":"5","appToPromote":{"appToPromoteID":"3065","usesDefaultFrameImage":"0","usesDefaultCloseImage":"0","marketURL":"https:\/\/play.google.com\/store\/apps\/details?id=com.gss.raft.survival.island.escape","packageID":"com.gss.raft.survival.island.escape"},"showTemplate":1,"s2s_tracking_url":"https:\/\/play.google.com\/store\/apps\/details?id=com.gss.raft.survival.island.escape","activeCreativeID":"391","scenes":["12","1","8","6","15","2"],"campaignAdType":"Interstitial","productId":"","purchaseBit":0,"licenseKey":""},{"campaignID":"417","attribution":0,"priority":"5","appToPromote":{"appToPromoteID":"3227","usesDefaultFrameImage":"0","usesDefaultCloseImage":"0","marketURL":"https:\/\/play.google.com\/store\/apps\/details?id=com.vg.hero.kids.army.training.school","packageID":"com.vg.hero.kids.army.training.school"},"showTemplate":1,"s2s_tracking_url":"https:\/\/play.google.com\/store\/apps\/details?id=com.vg.hero.kids.army.training.school","activeCreativeID":"454","scenes":["12","1","8","6","15","2"],"campaignAdType":"Interstitial","productId":"","purchaseBit":0,"licenseKey":""},{"campaignID":"433","attribution":0,"priority":"5","appToPromote":{"appToPromoteID":"3339","usesDefaultFrameImage":"0","usesDefaultCloseImage":"0","marketURL":"https:\/\/play.google.com\/store\/apps\/details?id=com.gss.battle.force.counterterrorist","packageID":"com.gss.battle.force.counterterrorist"},"showTemplate":1,"s2s_tracking_url":"https:\/\/play.google.com\/store\/apps\/details?id=com.gss.battle.force.counterterrorist","activeCreativeID":"477","scenes":["12","1","8","6","15","2"],"campaignAdType":"Interstitial","productId":"","purchaseBit":0,"licenseKey":""},{"campaignID":"436","attribution":0,"priority":"5","appToPromote":{"appToPromoteID":"3282","usesDefaultFrameImage":"0","usesDefaultCloseImage":"0","marketURL":"https:\/\/play.google.com\/store\/apps\/details?id=com.tgp.city.rescue.survival.flyinghero","packageID":"com.tgp.city.rescue.survival.flyinghero"},"showTemplate":1,"s2s_tracking_url":"https:\/\/play.google.com\/store\/apps\/details?id=com.tgp.city.rescue.survival.flyinghero","activeCreativeID":"478","scenes":["12","1","8","6","15","2"],"campaignAdType":"Interstitial","productId":"","purchaseBit":0,"licenseKey":""},{"campaignID":"446","attribution":0,"priority":"5","appToPromote":{"appToPromoteID":"3390","usesDefaultFrameImage":"0","usesDefaultCloseImage":"0","marketURL":"https:\/\/play.google.com\/store\/apps\/details?id=com.gss.flying.spider.superhero.survival","packageID":"com.gss.flying.spider.superhero.survival"},"showTemplate":1,"s2s_tracking_url":"https:\/\/play.google.com\/store\/apps\/details?id=com.gss.flying.spider.superhero.survival","activeCreativeID":"488","scenes":["12","1","8","6","15","2"],"campaignAdType":"Interstitial","productId":"","purchaseBit":0,"licenseKey":""}],"refreshAdRate":30,"mode":"Production","aspectRatio":"4_3","cdnPath":"https:\/\/df8ymybeo92md.cloudfront.net\/images\/","sentry_log":0,"local_logging":0,"sentry_dsn":"https:\/\/93ffa1c9a4124f67b8888a53265f751a:bbf998e04584477fa9a145838e9d3b26@sentry.io\/168994","sentry_initialization":1,"sentry_debugging":0,"bannerSizes":["1","2"],"aspectRatioVideo":"16_9","app_id":"2109","showPreRewardedDialogue":0,"showPostRewardedDialogue":0,"rewardCurrency":"coins","rewardValue":0,"isSkipable":0,"privacyPolicyURL":"https:\/\/www.consoliads.com\/privacy-policy\/","sessionToken":"efPJc7D54I9GDVtZz7wbfAmEikZp6zVcRaVwIaV9iNp59fU15b3vZJBIz308zcbEZNmGeuyQm3lL2zhR35sezU0R2uMlwZZI\/Ygc8jqZav6Ula5tP3uUsLxCQhqzpNUPgqNiws3iEkeQ7ReC6cp1IGYC\/lgreOwXmElmRUoZOkw="}
Session token value is set


{"appKey":"a3040901882682cf28d8e6242b545b11","deviceID":"4995","stats":[{"campaignID":134,"packageID":"com.tgp.offroad.multi.truck.transport","sceneStats":[{"sceneID":"13","eventStats":"350,250,150,50,50,0,0"}]}],"sdkVersion":"39","sessionToken":"efPJc7D54I9GDVtZz7wbfAmEikZp6zVcRaVwIaV9iNp59fU15b3vZJBIz308zcbEZNmGeuyQm3lL2zhR35sezU0R2uMlwZZI\/Ygc8jqZav6Ula5tP3uUsLxCQhqzpNUPgqNiws3iEkeQ7ReC6cp1IGYC\/lgreOwXmElmRUoZOkw="}
cache_ttl value is correct

Refresh Ad Rate value is correct
mode value is set

 Aspect ratio value is correct
sentry_log value is set
local_logging value is set
sentry_initialization value is set
sentry_debugging value is set
showPreRewardedDialogue value is set
showPostRewardedDialogue value is set
isSkipable value is set
{"cache_ttl":10080,"cache_ttl_rewarded":10080,"cache_ttl_banner":10080,"cache_ttl_native":10080,"cache_ttl_icon":10080,"campaigns":[{"campaignID":"9384","attribution":0,"priority":"5","appToPromote":{"appToPromoteID":"13185","usesDefaultFrameImage":"0","usesDefaultCloseImage":"0","marketURL":"https:\/\/play.google.com\/store\/apps\/details?id=com.gamesarena.flying.bike.tricks.stunts&amp;referrer=utm_source=42matters.com&amp;utm_medium=api","packageID":"com.gamesarena.flying.bike.tricks.stunts"},"showTemplate":1,"s2s_tracking_url":"https:\/\/play.google.com\/store\/apps\/details?id=com.gamesarena.flying.bike.tricks.stunts&amp;referrer=utm_source=42matters.com&amp;utm_medium=api","activeCreativeID":"4829","scenes":["12","1","8","6","15","2"],"campaignAdType":"Interstitial","productId":"","purchaseBit":0,"licenseKey":""},{"campaignID":"9386","attribution":0,"priority":"5","appToPromote":{"appToPromoteID":"17764","usesDefaultFrameImage":"0","usesDefaultCloseImage":"0","marketURL":"https:\/\/play.google.com\/store\/apps\/details?id=com.visiblebody.atlas&amp;referrer=utm_source=42matters.com&amp;utm_medium=api","packageID":"com.gamesarena..test6324"},"showTemplate":1,"s2s_tracking_url":"https:\/\/play.google.com\/store\/apps\/details?id=com.visiblebody.atlas&amp;referrer=utm_source=42matters.com&amp;utm_medium=api","activeCreativeID":"4828","scenes":["12","1","8","6","15","2"],"campaignAdType":"Interstitial","productId":"","purchaseBit":0,"licenseKey":""},{"campaignID":"9389","attribution":0,"priority":"5","appToPromote":{"appToPromoteID":"13185","usesDefaultFrameImage":"0","usesDefaultCloseImage":"0","marketURL":"https:\/\/play.google.com\/store\/apps\/details?id=com.gamesarena.flying.bike.tricks.stunts&amp;referrer=utm_source=42matters.com&amp;utm_medium=api","packageID":"com.gamesarena.flying.bike.tricks.stunts"},"showTemplate":1,"s2s_tracking_url":"https:\/\/play.google.com\/store\/apps\/details?id=com.gamesarena.flying.bike.tricks.stunts&amp;referrer=utm_source=42matters.com&amp;utm_medium=api","activeCreativeID":"4829","scenes":["12","1","8","6","15","2"],"campaignAdType":"Interstitial","productId":"","purchaseBit":0,"licenseKey":""},{"campaignID":"9710","attribution":0,"priority":"5","appToPromote":{"appToPromoteID":"11385","usesDefaultFrameImage":"0","usesDefaultCloseImage":"0","marketURL":"https:\/\/play.google.com\/store\/apps\/details?id=com.play.io.car.mechanic.auto.repair.workshop","packageID":"com.play.io.car.mechanic.auto.repair.workshop"},"showTemplate":1,"s2s_tracking_url":"https:\/\/play.google.com\/store\/apps\/details?id=com.play.io.car.mechanic.auto.repair.workshop","activeCreativeID":"1309","scenes":["12","1","8","6","15","2"],"campaignAdType":"Video","productId":"","purchaseBit":0,"licenseKey":""},{"campaignID":"139","attribution":0,"priority":"5","appToPromote":{"appToPromoteID":"2150","usesDefaultFrameImage":"0","usesDefaultCloseImage":"0","marketURL":"https:\/\/play.google.com\/store\/apps\/details?id=com.gss.traffic.rush.crazy.bike.rider","packageID":"com.gss.traffic.rush.crazy.bike.rider"},"showTemplate":1,"s2s_tracking_url":"https:\/\/play.google.com\/store\/apps\/details?id=com.gss.traffic.rush.crazy.bike.rider","activeCreativeID":"179","scenes":["12","1","8","6","15","2"],"campaignAdType":"Interstitial","productId":"","purchaseBit":0,"licenseKey":""},{"campaignID":"142","attribution":0,"priority":"5","appToPromote":{"appToPromoteID":"2164","usesDefaultFrameImage":"0","usesDefaultCloseImage":"0","marketURL":"https:\/\/play.google.com\/store\/apps\/details?id=com.vg.police.demolition.derby.crash.racing","packageID":"com.vg.police.demolition.derby.crash.racing"},"showTemplate":1,"s2s_tracking_url":"https:\/\/play.google.com\/store\/apps\/details?id=com.vg.police.demolition.derby.crash.racing","activeCreativeID":"182","scenes":["12","1","8","6","15","2"],"campaignAdType":"Interstitial","productId":"","purchaseBit":0,"licenseKey":""},{"campaignID":"146","attribution":0,"priority":"5","appToPromote":{"appToPromoteID":"2225","usesDefaultFrameImage":"0","usesDefaultCloseImage":"0","marketURL":"https:\/\/play.google.com\/store\/apps\/details?id=com.gss.offroad.policebiketransport","packageID":"com.gss.offroad.policebiketransport"},"showTemplate":1,"s2s_tracking_url":"https:\/\/play.google.com\/store\/apps\/details?id=com.gss.offroad.policebiketransport","activeCreativeID":"187","scenes":["12","1","8","6","15","2"],"campaignAdType":"Interstitial","productId":"","purchaseBit":0,"licenseKey":""},{"campaignID":"149","attribution":0,"priority":"5","appToPromote":{"appToPromoteID":"2224","usesDefaultFrameImage":"0","usesDefaultCloseImage":"0","marketURL":"https:\/\/play.google.com\/store\/apps\/details?id=com.vg.mega.city.construction.building.sim","packageID":"com.vg.mega.city.construction.building.sim"},"showTemplate":1,"s2s_tracking_url":"https:\/\/play.google.com\/store\/apps\/details?id=com.vg.mega.city.construction.building.sim","activeCreativeID":"191","scenes":["12","1","8","6","15","2"],"campaignAdType":"Interstitial","productId":"","purchaseBit":0,"licenseKey":""},{"campaignID":"150","attribution":0,"priority":"5","appToPromote":{"appToPromoteID":"2224","usesDefaultFrameImage":"0","usesDefaultCloseImage":"0","marketURL":"https:\/\/play.google.com\/store\/apps\/details?id=com.vg.mega.city.construction.building.sim","packageID":"com.vg.mega.city.construction.building.sim"},"showTemplate":1,"s2s_tracking_url":"https:\/\/play.google.com\/store\/apps\/details?id=com.vg.mega.city.construction.building.sim","activeCreativeID":"191","scenes":["12","1","8","6","15","2"],"campaignAdType":"Interstitial","productId":"","purchaseBit":0,"licenseKey":""},{"campaignID":"155","attribution":0,"priority":"5","appToPromote":{"appToPromoteID":"2226","usesDefaultFrameImage":"0","usesDefaultCloseImage":"0","marketURL":"https:\/\/play.google.com\/store\/apps\/details?id=com.gss.garage.workshop.carmehanic","packageID":"com.gss.garage.workshop.carmehanic"},"showTemplate":1,"s2s_tracking_url":"https:\/\/play.google.com\/store\/apps\/details?id=com.gss.garage.workshop.carmehanic","activeCreativeID":"197","scenes":["12","1","8","6","15","2"],"campaignAdType":"Interstitial","productId":"","purchaseBit":0,"licenseKey":""},{"campaignID":"156","attribution":0,"priority":"5","appToPromote":{"appToPromoteID":"2227","usesDefaultFrameImage":"0","usesDefaultCloseImage":"0","marketURL":"https:\/\/play.google.com\/store\/apps\/details?id=com.tgp.offroad.extreme.multi.cargotruck","packageID":"com.tgp.offroad.extreme.multi.cargotruck"},"showTemplate":1,"s2s_tracking_url":"https:\/\/play.google.com\/store\/apps\/details?id=com.tgp.offroad.extreme.multi.cargotruck","activeCreativeID":"198","scenes":["12","1","8","6","15","2"],"campaignAdType":"Interstitial","productId":"","purchaseBit":0,"licenseKey":""},{"campaignID":"163","attribution":0,"priority":"5","appToPromote":{"appToPromoteID":"2349","usesDefaultFrameImage":"0","usesDefaultCloseImage":"0","marketURL":"https:\/\/play.google.com\/store\/apps\/details?id=com.gss.city.war.survival.robothero","packageID":"com.gss.city.war.survival.robothero"},"showTemplate":1,"s2s_tracking_url":"https:\/\/play.google.com\/store\/apps\/details?id=com.gss.city.war.survival.robothero","activeCreativeID":"207","scenes":["12","1","8","6","15","2"],"campaignAdType":"Interstitial","productId":"","purchaseBit":0,"licenseKey":""},{"campaignID":"164","attribution":0,"priority":"5","appToPromote":{"appToPromoteID":"2350","usesDefaultFrameImage":"0","usesDefaultCloseImage":"0","marketURL":"https:\/\/play.google.com\/store\/apps\/details?id=com.tgp.car.robot.transport.truck","packageID":"com.tgp.car.robot.transport.truck"},"showTemplate":1,"s2s_tracking_url":"https:\/\/play.google.com\/store\/apps\/details?id=com.tgp.car.robot.transport.truck","activeCreativeID":"211","scenes":["12","1","8","6","15","2"],"campaignAdType":"Interstitial","productId":"","purchaseBit":0,"licenseKey":""},{"campaignID":"166","attribution":0,"priority":"5","appToPromote":{"appToPromoteID":"2273","usesDefaultFrameImage":"0","usesDefaultCloseImage":"0","marketURL":"https:\/\/play.google.com\/store\/apps\/details?id=com.gss.police.automechanic.repair.workshop","packageID":"com.gss.police.automechanic.repair.workshop"},"showTemplate":1,"s2s_tracking_url":"https:\/\/play.google.com\/store\/apps\/details?id=com.gss.police.automechanic.repair.workshop","activeCreativeID":"217","scenes":["12","1","8","6","15","2"],"campaignAdType":"Interstitial","productId":"","purchaseBit":0,"licenseKey":""},{"campaignID":"167","attribution":0,"priority":"5","appToPromote":{"appToPromoteID":"2348","usesDefaultFrameImage":"0","usesDefaultCloseImage":"0","marketURL":"https:\/\/play.google.com\/store\/apps\/details?id=com.vg.rollercoaster.crazy.tycoon.tour","packageID":"com.vg.rollercoaster.crazy.tycoon.tour"},"showTemplate":1,"s2s_tracking_url":"https:\/\/play.google.com\/store\/apps\/details?id=com.vg.rollercoaster.crazy.tycoon.tour","activeCreativeID":"218","scenes":["12","1","8","6","15","2"],"campaignAdType":"Interstitial","productId":"","purchaseBit":0,"licenseKey":""},{"campaignID":"214","attribution":0,"priority":"5","appToPromote":{"appToPromoteID":"2613","usesDefaultFrameImage":"0","usesDefaultCloseImage":"0","marketURL":"https:\/\/play.google.com\/store\/apps\/details?id=com.gss.robot.bike.transport.truck","packageID":"com.gss.robot.bike.transport.truck"},"showTemplate":1,"s2s_tracking_url":"https:\/\/play.google.com\/store\/apps\/details?id=com.gss.robot.bike.transport.truck","activeCreativeID":"295","scenes":["12","1","8","6","15","2"],"campaignAdType":"Interstitial","productId":"","purchaseBit":0,"licenseKey":""},{"campaignID":"303","attribution":0,"priority":"5","appToPromote":{"appToPromoteID":"2642","usesDefaultFrameImage":"0","usesDefaultCloseImage":"0","marketURL":"https:\/\/play.google.com\/store\/apps\/details?id=com.tgp.offroad.robot.transport.truck","packageID":"com.tgp.offroad.robot.transport.truck"},"showTemplate":1,"s2s_tracking_url":"https:\/\/play.google.com\/store\/apps\/details?id=com.tgp.offroad.robot.transport.truck","activeCreativeID":"310","scenes":["12","1","8","6","15","2"],"campaignAdType":"Interstitial","productId":"","purchaseBit":0,"licenseKey":""},{"campaignID":"358","attribution":0,"priority":"5","appToPromote":{"appToPromoteID":"2917","usesDefaultFrameImage":"0","usesDefaultCloseImage":"0","marketURL":"https:\/\/play.google.com\/store\/apps\/details?id=com.gamefeast.touristbus.highway.driver.sim","packageID":"com.gamefeast.touristbus.highway.driver.sim"},"showTemplate":1,"s2s_tracking_url":"https:\/\/play.google.com\/store\/apps\/details?id=com.gamefeast.touristbus.highway.driver.sim","activeCreativeID":"377","scenes":["12","1","8","6","15","2"],"campaignAdType":"Interstitial","productId":"","purchaseBit":0,"licenseKey":""},{"campaignID":"370","attribution":0,"priority":"5","appToPromote":{"appToPromoteID":"3065","usesDefaultFrameImage":"0","usesDefaultCloseImage":"0","marketURL":"https:\/\/play.google.com\/store\/apps\/details?id=com.gss.raft.survival.island.escape","packageID":"com.gss.raft.survival.island.escape"},"showTemplate":1,"s2s_tracking_url":"https:\/\/play.google.com\/store\/apps\/details?id=com.gss.raft.survival.island.escape","activeCreativeID":"391","scenes":["12","1","8","6","15","2"],"campaignAdType":"Interstitial","productId":"","purchaseBit":0,"licenseKey":""},{"campaignID":"371","attribution":0,"priority":"5","appToPromote":{"appToPromoteID":"3117","usesDefaultFrameImage":"0","usesDefaultCloseImage":"0","marketURL":"https:\/\/play.google.com\/store\/apps\/details?id=com.vg.fast.car.driver.furiousracing","packageID":"com.vg.fast.car.driver.furiousracing"},"showTemplate":1,"s2s_tracking_url":"https:\/\/play.google.com\/store\/apps\/details?id=com.vg.fast.car.driver.furiousracing","activeCreativeID":"392","scenes":["12","1","8","6","15","2"],"campaignAdType":"Interstitial","productId":"","purchaseBit":0,"licenseKey":""},{"campaignID":"372","attribution":0,"priority":"5","appToPromote":{"appToPromoteID":"2938","usesDefaultFrameImage":"0","usesDefaultCloseImage":"0","marketURL":"https:\/\/play.google.com\/store\/apps\/details?id=com.tgp.offroad.us.army.transport","packageID":"com.tgp.offroad.us.army.transport"},"showTemplate":1,"s2s_tracking_url":"https:\/\/play.google.com\/store\/apps\/details?id=com.tgp.offroad.us.army.transport","activeCreativeID":"393","scenes":["12","1","8","6","15","2"],"campaignAdType":"Interstitial","productId":"","purchaseBit":0,"licenseKey":""},{"campaignID":"396","attribution":0,"priority":"5","appToPromote":{"appToPromoteID":"3019","usesDefaultFrameImage":"0","usesDefaultCloseImage":"0","marketURL":"https:\/\/play.google.com\/store\/apps\/details?id=com.gss.robot.car.transport.truck","packageID":"com.gss.robot.car.transport.truck"},"showTemplate":1,"s2s_tracking_url":"https:\/\/play.google.com\/store\/apps\/details?id=com.gss.robot.car.transport.truck","activeCreativeID":"420","scenes":["12","1","8","6","15","2"],"campaignAdType":"Interstitial","productId":"","purchaseBit":0,"licenseKey":""},{"campaignID":"397","attribution":0,"priority":"5","appToPromote":{"appToPromoteID":"3108","usesDefaultFrameImage":"0","usesDefaultCloseImage":"0","marketURL":"https:\/\/play.google.com\/store\/apps\/details?id=com.vg.amazing.city.coachbusdriver","packageID":"com.vg.amazing.city.coachbusdriver"},"showTemplate":1,"s2s_tracking_url":"https:\/\/play.google.com\/store\/apps\/details?id=com.vg.amazing.city.coachbusdriver","activeCreativeID":"417","scenes":["12","1","8","6","15","2"],"campaignAdType":"Interstitial","productId":"","purchaseBit":0,"licenseKey":""},{"campaignID":"398","attribution":0,"priority":"5","appToPromote":{"appToPromoteID":"3083","usesDefaultFrameImage":"0","usesDefaultCloseImage":"0","marketURL":"https:\/\/play.google.com\/store\/apps\/details?id=com.gamefeast.city.police.prisonbusdriver","packageID":"com.gamefeast.city.police.prisonbusdriver"},"showTemplate":1,"s2s_tracking_url":"https:\/\/play.google.com\/store\/apps\/details?id=com.gamefeast.city.police.prisonbusdriver","activeCreativeID":"418","scenes":["12","1","8","6","15","2"],"campaignAdType":"Interstitial","productId":"","purchaseBit":0,"licenseKey":""},{"campaignID":"399","attribution":0,"priority":"5","appToPromote":{"appToPromoteID":"3151","usesDefaultFrameImage":"0","usesDefaultCloseImage":"0","marketURL":"https:\/\/play.google.com\/store\/apps\/details?id=com.tgp.watersurfer.beach.car.driving","packageID":"com.tgp.watersurfer.beach.car.driving"},"showTemplate":1,"s2s_tracking_url":"https:\/\/play.google.com\/store\/apps\/details?id=com.tgp.watersurfer.beach.car.driving","activeCreativeID":"419","scenes":["12","1","8","6","15","2"],"campaignAdType":"Interstitial","productId":"","purchaseBit":0,"licenseKey":""}],"refreshAdRate":30,"mode":"Production","aspectRatio":"4_3","cdnPath":"https:\/\/df8ymybeo92md.cloudfront.net\/images\/","sentry_log":0,"local_logging":0,"sentry_dsn":"https:\/\/93ffa1c9a4124f67b8888a53265f751a:bbf998e04584477fa9a145838e9d3b26@sentry.io\/168994","sentry_initialization":1,"sentry_debugging":0,"bannerSizes":["5"],"aspectRatioVideo":"16_9","app_id":"2130","showPreRewardedDialogue":0,"showPostRewardedDialogue":0,"rewardCurrency":"coins","rewardValue":0,"isSkipable":0,"privacyPolicyURL":"https:\/\/www.consoliads.com\/privacy-policy\/","sessionToken":"EAGvMRtYQ\/Nk5wLmDa1gNwnx0Gjcdj6UDFxydll2whrMrF9LAQy0wDs1pQRgGft6dRTQ26rG\/7mtrY4Lh8iyPEec7mDosSzXtivlgvDQ2XZzLhEQUy28lzbYQ4yIoFnFuBvgGnqmghhPOdZ5mmTg8lYaOiJMVAVj+HQuk\/SOwO0="}
Session token value is set


{"appKey":"9df632233aa0ab875abe5f3677328817","deviceID":"6707","stats":[{"campaignID":121,"packageID":"com.whitesand.underwater.shark.sniper.hunter","sceneStats":[{"sceneID":"17","eventStats":"367,267,167,67,67,0,0"}]}],"sdkVersion":"90","sessionToken":"EAGvMRtYQ\/Nk5wLmDa1gNwnx0Gjcdj6UDFxydll2whrMrF9LAQy0wDs1pQRgGft6dRTQ26rG\/7mtrY4Lh8iyPEec7mDosSzXtivlgvDQ2XZzLhEQUy28lzbYQ4yIoFnFuBvgGnqmghhPOdZ5mmTg8lYaOiJMVAVj+HQuk\/SOwO0="}
cache_ttl value is correct

Refresh Ad Rate value is correct
mode value is set

 Aspect ratio value is correct
sentry_log value is set
local_logging value is set
sentry_initialization value is set
sentry_debugging value is set
showPreRewardedDialogue value is set
showPostRewardedDialogue value is set
isSkipable value is set
{"cache_ttl":10080,"cache_ttl_rewarded":10080,"cache_ttl_banner":10080,"cache_ttl_native":10080,"cache_ttl_icon":10080,"refreshAdRate":30,"mode":"Production","aspectRatio":"4_3","cdnPath":"https:\/\/df8ymybeo92md.cloudfront.net\/images\/","sentry_log":0,"local_logging":0,"sentry_dsn":"https:\/\/93ffa1c9a4124f67b8888a53265f751a:bbf998e04584477fa9a145838e9d3b26@sentry.io\/168994","sentry_initialization":1,"sentry_debugging":0,"bannerSizes":["5"],"aspectRatioVideo":"16_9","app_id":"2141","showPreRewardedDialogue":0,"showPostRewardedDialogue":0,"rewardCurrency":"coins","rewardValue":0,"isSkipable":0,"privacyPolicyURL":"https:\/\/www.consoliads.com\/privacy-policy\/","sessionToken":"u\/4QcryedPvIAaTCqZqn3xAGm+XnCA0SaT8OBRF5sF02usCUndYkZnWzZ\/jipyb7ngXiaji4soaTHGHzz8UMyNUkiDSB6TIzwa8mxGdwhTImXh+QcK5MC01EAUCoRzJYstBNkG8\/17Dxh9qgHq91aL5DWwMJRIsf\/rZJ7fAt5BY="}
Session token value is set


{"appKey":"9df632233aa0ab875abe5f3677328817","deviceID":"5214","stats":[{"campaignID":153,"packageID":"com.whitesand.underwater.shark.sniper.hunter","sceneStats":[{"sceneID":"14","eventStats":"352,252,152,52,52,0,0"}]}],"sdkVersion":"90","sessionToken":"u\/4QcryedPvIAaTCqZqn3xAGm+XnCA0SaT8OBRF5sF02usCUndYkZnWzZ\/jipyb7ngXiaji4soaTHGHzz8UMyNUkiDSB6TIzwa8mxGdwhTImXh+QcK5MC01EAUCoRzJYstBNkG8\/17Dxh9qgHq91aL5DWwMJRIsf\/rZJ7fAt5BY="}
cache_ttl value is correct

Refresh Ad Rate value is correct
mode value is set

 Aspect ratio value is correct
sentry_log value is set
local_logging value is set
sentry_initialization value is set
sentry_debugging value is set
showPreRewardedDialogue value is set
showPostRewardedDialogue value is set
isSkipable value is set
{"cache_ttl":10080,"cache_ttl_rewarded":10080,"cache_ttl_banner":10080,"cache_ttl_native":10080,"cache_ttl_icon":10080,"refreshAdRate":30,"mode":"Production","aspectRatio":"4_3","cdnPath":"https:\/\/df8ymybeo92md.cloudfront.net\/images\/","sentry_log":0,"local_logging":0,"sentry_dsn":"https:\/\/93ffa1c9a4124f67b8888a53265f751a:bbf998e04584477fa9a145838e9d3b26@sentry.io\/168994","sentry_initialization":1,"sentry_debugging":0,"bannerSizes":["5"],"aspectRatioVideo":"16_9","app_id":"2141","showPreRewardedDialogue":0,"showPostRewardedDialogue":0,"rewardCurrency":"coins","rewardValue":0,"isSkipable":0,"privacyPolicyURL":"https:\/\/www.consoliads.com\/privacy-policy\/","sessionToken":"zbntA3SdiBCOfGOjSBWb+2j3Ff6Ahjwc4gHcu\/LvLT1RACw6RWlL3UEPfP0Q4+tmF7tR9e5c7eG5iYDwm1\/Z83C8wuz40HHq1PAKHJj7eFFqN68qeQc0WlZVluT8DVJC0obOg4O9+k\/ZwZz0GTjCfhLGxp\/REuzQ\/Md+l4lVFMk="}
Session token value is set


{"appKey":"9df632233aa0ab875abe5f3677328817","deviceID":"4592","stats":[{"campaignID":1482,"packageID":"com.whitesand.underwater.shark.sniper.hunter","sceneStats":[{"sceneID":"12","eventStats":"346,246,146,46,46,0,0"}]}],"sdkVersion":"90","sessionToken":"zbntA3SdiBCOfGOjSBWb+2j3Ff6Ahjwc4gHcu\/LvLT1RACw6RWlL3UEPfP0Q4+tmF7tR9e5c7eG5iYDwm1\/Z83C8wuz40HHq1PAKHJj7eFFqN68qeQc0WlZVluT8DVJC0obOg4O9+k\/ZwZz0GTjCfhLGxp\/REuzQ\/Md+l4lVFMk="}
cache_ttl value is correct

Refresh Ad Rate value is correct
mode value is set

 Aspect ratio value is correct
sentry_log value is set
local_logging value is set
sentry_initialization value is set
sentry_debugging value is set
showPreRewardedDialogue value is set
showPostRewardedDialogue value is set
isSkipable value is set
{"cache_ttl":10080,"cache_ttl_rewarded":10080,"cache_ttl_banner":10080,"cache_ttl_native":10080,"cache_ttl_icon":10080,"refreshAdRate":30,"mode":"Production","aspectRatio":"4_3","cdnPath":"https:\/\/df8ymybeo92md.cloudfront.net\/images\/","sentry_log":0,"local_logging":0,"sentry_dsn":"https:\/\/93ffa1c9a4124f67b8888a53265f751a:bbf998e04584477fa9a145838e9d3b26@sentry.io\/168994","sentry_initialization":1,"sentry_debugging":0,"bannerSizes":["5"],"aspectRatioVideo":"16_9","app_id":"2141","showPreRewardedDialogue":0,"showPostRewardedDialogue":0,"rewardCurrency":"coins","rewardValue":0,"isSkipable":0,"privacyPolicyURL":"https:\/\/www.consoliads.com\/privacy-policy\/","sessionToken":"Be6g6Svqf8\/gkHSvJIZKPz+XBmX7qTVKQYXWbBgsKUcxjRC3M\/tk2ryZKzDy+I0Qc0sTKNEHwbXjvylLQ8GpDaAwZMrdd9gB\/r2KKDwrXq2KRu8NXGdb8O5EjYyL7diTllxy08fVe9O\/fDfZebgzG64NDLy3cV\/4CjTn4vtZOys="}
Session token value is set


{"appKey":"081c9f3ed7515bbbefc3fc89101b1944","deviceID":"1147","stats":[{"campaignID":146,"packageID":"com.gss.offroad.policebiketransport","sceneStats":[{"sceneID":"3","eventStats":"312,212,112,12,12,0,0"}]}],"sdkVersion":"39","sessionToken":"Be6g6Svqf8\/gkHSvJIZKPz+XBmX7qTVKQYXWbBgsKUcxjRC3M\/tk2ryZKzDy+I0Qc0sTKNEHwbXjvylLQ8GpDaAwZMrdd9gB\/r2KKDwrXq2KRu8NXGdb8O5EjYyL7diTllxy08fVe9O\/fDfZebgzG64NDLy3cV\/4CjTn4vtZOys="}
cache_ttl value is correct

Refresh Ad Rate value is correct
mode value is set

 Aspect ratio value is correct
sentry_log value is set
local_logging value is set
sentry_initialization value is set
sentry_debugging value is set
showPreRewardedDialogue value is set
showPostRewardedDialogue value is set
isSkipable value is set
{"cache_ttl":10080,"cache_ttl_rewarded":10080,"cache_ttl_banner":10080,"cache_ttl_native":10080,"cache_ttl_icon":10080,"campaigns":[{"campaignID":"9384","attribution":0,"priority":"5","appToPromote":{"appToPromoteID":"13185","usesDefaultFrameImage":"0","usesDefaultCloseImage":"0","marketURL":"https:\/\/play.google.com\/store\/apps\/details?id=com.gamesarena.flying.bike.tricks.stunts&amp;referrer=utm_source=42matters.com&amp;utm_medium=api","packageID":"com.gamesarena.flying.bike.tricks.stunts"},"showTemplate":1,"s2s_tracking_url":"https:\/\/play.google.com\/store\/apps\/details?id=com.gamesarena.flying.bike.tricks.stunts&amp;referrer=utm_source=42matters.com&amp;utm_medium=api","activeCreativeID":"4829","scenes":["12","1","8","6","15","2"],"campaignAdType":"Interstitial","productId":"","purchaseBit":0,"licenseKey":""},{"campaignID":"9386","attribution":0,"priority":"5","appToPromote":{"appToPromoteID":"17764","usesDefaultFrameImage":"0","usesDefaultCloseImage":"0","marketURL":"https:\/\/play.google.com\/store\/apps\/details?id=com.visiblebody.atlas&amp;referrer=utm_source=42matters.com&amp;utm_medium=api","packageID":"com.gamesarena..test6324"},"showTemplate":1,"s2s_tracking_url":"https:\/\/play.google.com\/store\/apps\/details?id=com.visiblebody.atlas&amp;referrer=utm_source=42matters.com&amp;utm_medium=api","activeCreativeID":"4828","scenes":["12","1","8","6","15","2"],"campaignAdType":"Interstitial","productId":"","purchaseBit":0,"licenseKey":""},{"campaignID":"9389","attribution":0,"priority":"5","appToPromote":{"appToPromoteID":"13185","usesDefaultFrameImage":"0","usesDefaultCloseImage":"0","marketURL":"https:\/\/play.google.com\/store\/apps\/details?id=com.gamesarena.flying.bike.tricks.stunts&amp;referrer=utm_source=42matters.com&amp;utm_medium=api","packageID":"com.gamesarena.flying.bike.tricks.stunts"},"showTemplate":1,"s2s_tracking_url":"https:\/\/play.google.com\/store\/apps\/details?id=com.gamesarena.flying.bike.tricks.stunts&amp;referrer=utm_source=42matters.com&amp;utm_medium=api","activeCreativeID":"4829","scenes":["12","1","8","6","15","2"],"campaignAdType":"Interstitial","productId":"","purchaseBit":0,"licenseKey":""},{"campaignID":"9710","attribution":0,"priority":"5","appToPromote":{"appToPromoteID":"11385","usesDefaultFrameImage":"0","usesDefaultCloseImage":"0","marketURL":"https:\/\/play.google.com\/store\/apps\/details?id=com.play.io.car.mechanic.auto.repair.workshop","packageID":"com.play.io.car.mechanic.auto.repair.workshop"},"showTemplate":1,"s2s_tracking_url":"https:\/\/play.google.com\/store\/apps\/details?id=com.play.io.car.mechanic.auto.repair.workshop","activeCreativeID":"1309","scenes":["12","1","8","6","15","2"],"campaignAdType":"Video","productId":"","purchaseBit":0,"licenseKey":""},{"campaignID":"139","attribution":0,"priority":"5","appToPromote":{"appToPromoteID":"2150","usesDefaultFrameImage":"0","usesDefaultCloseImage":"0","marketURL":"https:\/\/play.google.com\/store\/apps\/details?id=com.gss.traffic.rush.crazy.bike.rider","packageID":"com.gss.traffic.rush.crazy.bike.rider"},"showTemplate":1,"s2s_tracking_url":"https:\/\/play.google.com\/store\/apps\/details?id=com.gss.traffic.rush.crazy.bike.rider","activeCreativeID":"179","scenes":["12","1","8","6","15","2"],"campaignAdType":"Interstitial","productId":"","purchaseBit":0,"licenseKey":""},{"campaignID":"142","attribution":0,"priority":"5","appToPromote":{"appToPromoteID":"2164","usesDefaultFrameImage":"0","usesDefaultCloseImage":"0","marketURL":"https:\/\/play.google.com\/store\/apps\/details?id=com.vg.police.demolition.derby.crash.racing","packageID":"com.vg.police.demolition.derby.crash.racing"},"showTemplate":1,"s2s_tracking_url":"https:\/\/play.google.com\/store\/apps\/details?id=com.vg.police.demolition.derby.crash.racing","activeCreativeID":"182","scenes":["12","1","8","6","15","2"],"campaignAdType":"Interstitial","productId":"","purchaseBit":0,"licenseKey":""},{"campaignID":"149","attribution":0,"priority":"5","appToPromote":{"appToPromoteID":"2224","usesDefaultFrameImage":"0","usesDefaultCloseImage":"0","marketURL":"https:\/\/play.google.com\/store\/apps\/details?id=com.vg.mega.city.construction.building.sim","packageID":"com.vg.mega.city.construction.building.sim"},"showTemplate":1,"s2s_tracking_url":"https:\/\/play.google.com\/store\/apps\/details?id=com.vg.mega.city.construction.building.sim","activeCreativeID":"191","scenes":["12","1","8","6","15","2"],"campaignAdType":"Interstitial","productId":"","purchaseBit":0,"licenseKey":""},{"campaignID":"150","attribution":0,"priority":"5","appToPromote":{"appToPromoteID":"2224","usesDefaultFrameImage":"0","usesDefaultCloseImage":"0","marketURL":"https:\/\/play.google.com\/store\/apps\/details?id=com.vg.mega.city.construction.building.sim","packageID":"com.vg.mega.city.construction.building.sim"},"showTemplate":1,"s2s_tracking_url":"https:\/\/play.google.com\/store\/apps\/details?id=com.vg.mega.city.construction.building.sim","activeCreativeID":"191","scenes":["12","1","8","6","15","2"],"campaignAdType":"Interstitial","productId":"","purchaseBit":0,"licenseKey":""},{"campaignID":"155","attribution":0,"priority":"5","appToPromote":{"appToPromoteID":"2226","usesDefaultFrameImage":"0","usesDefaultCloseImage":"0","marketURL":"https:\/\/play.google.com\/store\/apps\/details?id=com.gss.garage.workshop.carmehanic","packageID":"com.gss.garage.workshop.carmehanic"},"showTemplate":1,"s2s_tracking_url":"https:\/\/play.google.com\/store\/apps\/details?id=com.gss.garage.workshop.carmehanic","activeCreativeID":"197","scenes":["12","1","8","6","15","2"],"campaignAdType":"Interstitial","productId":"","purchaseBit":0,"licenseKey":""},{"campaignID":"156","attribution":0,"priority":"5","appToPromote":{"appToPromoteID":"2227","usesDefaultFrameImage":"0","usesDefaultCloseImage":"0","marketURL":"https:\/\/play.google.com\/store\/apps\/details?id=com.tgp.offroad.extreme.multi.cargotruck","packageID":"com.tgp.offroad.extreme.multi.cargotruck"},"showTemplate":1,"s2s_tracking_url":"https:\/\/play.google.com\/store\/apps\/details?id=com.tgp.offroad.extreme.multi.cargotruck","activeCreativeID":"198","scenes":["12","1","8","6","15","2"],"campaignAdType":"Interstitial","productId":"","purchaseBit":0,"licenseKey":""},{"campaignID":"163","attribution":0,"priority":"5","appToPromote":{"appToPromoteID":"2349","usesDefaultFrameImage":"0","usesDefaultCloseImage":"0","marketURL":"https:\/\/play.google.com\/store\/apps\/details?id=com.gss.city.war.survival.robothero","packageID":"com.gss.city.war.survival.robothero"},"showTemplate":1,"s2s_tracking_url":"https:\/\/play.google.com\/store\/apps\/details?id=com.gss.city.war.survival.robothero","activeCreativeID":"207","scenes":["12","1","8","6","15","2"],"campaignAdType":"Interstitial","productId":"","purchaseBit":0,"licenseKey":""},{"campaignID":"164","attribution":0,"priority":"5","appToPromote":{"appToPromoteID":"2350","usesDefaultFrameImage":"0","usesDefaultCloseImage":"0","marketURL":"https:\/\/play.google.com\/store\/apps\/details?id=com.tgp.car.robot.transport.truck","packageID":"com.tgp.car.robot.transport.truck"},"showTemplate":1,"s2s_tracking_url":"https:\/\/play.google.com\/store\/apps\/details?id=com.tgp.car.robot.transport.truck","activeCreativeID":"211","scenes":["12","1","8","6","15","2"],"campaignAdType":"Interstitial","productId":"","purchaseBit":0,"licenseKey":""},{"campaignID":"166","attribution":0,"priority":"5","appToPromote":{"appToPromoteID":"2273","usesDefaultFrameImage":"0","usesDefaultCloseImage":"0","marketURL":"https:\/\/play.google.com\/store\/apps\/details?id=com.gss.police.automechanic.repair.workshop","packageID":"com.gss.police.automechanic.repair.workshop"},"showTemplate":1,"s2s_tracking_url":"https:\/\/play.google.com\/store\/apps\/details?id=com.gss.police.automechanic.repair.workshop","activeCreativeID":"217","scenes":["12","1","8","6","15","2"],"campaignAdType":"Interstitial","productId":"","purchaseBit":0,"licenseKey":""},{"campaignID":"167","attribution":0,"priority":"5","appToPromote":{"appToPromoteID":"2348","usesDefaultFrameImage":"0","usesDefaultCloseImage":"0","marketURL":"https:\/\/play.google.com\/store\/apps\/details?id=com.vg.rollercoaster.crazy.tycoon.tour","packageID":"com.vg.rollercoaster.crazy.tycoon.tour"},"showTemplate":1,"s2s_tracking_url":"https:\/\/play.google.com\/store\/apps\/details?id=com.vg.rollercoaster.crazy.tycoon.tour","activeCreativeID":"218","scenes":["12","1","8","6","15","2"],"campaignAdType":"Interstitial","productId":"","purchaseBit":0,"licenseKey":""},{"campaignID":"214","attribution":0,"priority":"5","appToPromote":{"appToPromoteID":"2613","usesDefaultFrameImage":"0","usesDefaultCloseImage":"0","marketURL":"https:\/\/play.google.com\/store\/apps\/details?id=com.gss.robot.bike.transport.truck","packageID":"com.gss.robot.bike.transport.truck"},"showTemplate":1,"s2s_tracking_url":"https:\/\/play.google.com\/store\/apps\/details?id=com.gss.robot.bike.transport.truck","activeCreativeID":"295","scenes":["12","1","8","6","15","2"],"campaignAdType":"Interstitial","productId":"","purchaseBit":0,"licenseKey":""},{"campaignID":"303","attribution":0,"priority":"5","appToPromote":{"appToPromoteID":"2642","usesDefaultFrameImage":"0","usesDefaultCloseImage":"0","marketURL":"https:\/\/play.google.com\/store\/apps\/details?id=com.tgp.offroad.robot.transport.truck","packageID":"com.tgp.offroad.robot.transport.truck"},"showTemplate":1,"s2s_tracking_url":"https:\/\/play.google.com\/store\/apps\/details?id=com.tgp.offroad.robot.transport.truck","activeCreativeID":"310","scenes":["12","1","8","6","15","2"],"campaignAdType":"Interstitial","productId":"","purchaseBit":0,"licenseKey":""},{"campaignID":"358","attribution":0,"priority":"5","appToPromote":{"appToPromoteID":"2917","usesDefaultFrameImage":"0","usesDefaultCloseImage":"0","marketURL":"https:\/\/play.google.com\/store\/apps\/details?id=com.gamefeast.touristbus.highway.driver.sim","packageID":"com.gamefeast.touristbus.highway.driver.sim"},"showTemplate":1,"s2s_tracking_url":"https:\/\/play.google.com\/store\/apps\/details?id=com.gamefeast.touristbus.highway.driver.sim","activeCreativeID":"377","scenes":["12","1","8","6","15","2"],"campaignAdType":"Interstitial","productId":"","purchaseBit":0,"licenseKey":""},{"campaignID":"370","attribution":0,"priority":"5","appToPromote":{"appToPromoteID":"3065","usesDefaultFrameImage":"0","usesDefaultCloseImage":"0","marketURL":"https:\/\/play.google.com\/store\/apps\/details?id=com.gss.raft.survival.island.escape","packageID":"com.gss.raft.survival.island.escape"},"showTemplate":1,"s2s_tracking_url":"https:\/\/play.google.com\/store\/apps\/details?id=com.gss.raft.survival.island.escape","activeCreativeID":"391","scenes":["12","1","8","6","15","2"],"campaignAdType":"Interstitial","productId":"","purchaseBit":0,"licenseKey":""},{"campaignID":"371","attribution":0,"priority":"5","appToPromote":{"appToPromoteID":"3117","usesDefaultFrameImage":"0","usesDefaultCloseImage":"0","marketURL":"https:\/\/play.google.com\/store\/apps\/details?id=com.vg.fast.car.driver.furiousracing","packageID":"com.vg.fast.car.driver.furiousracing"},"showTemplate":1,"s2s_tracking_url":"https:\/\/play.google.com\/store\/apps\/details?id=com.vg.fast.car.driver.furiousracing","activeCreativeID":"392","scenes":["12","1","8","6","15","2"],"campaignAdType":"Interstitial","productId":"","purchaseBit":0,"licenseKey":""},{"campaignID":"372","attribution":0,"priority":"5","appToPromote":{"appToPromoteID":"2938","usesDefaultFrameImage":"0","usesDefaultCloseImage":"0","marketURL":"https:\/\/play.google.com\/store\/apps\/details?id=com.tgp.offroad.us.army.transport","packageID":"com.tgp.offroad.us.army.transport"},"showTemplate":1,"s2s_tracking_url":"https:\/\/play.google.com\/store\/apps\/details?id=com.tgp.offroad.us.army.transport","activeCreativeID":"393","scenes":["12","1","8","6","15","2"],"campaignAdType":"Interstitial","productId":"","purchaseBit":0,"licenseKey":""},{"campaignID":"396","attribution":0,"priority":"5","appToPromote":{"appToPromoteID":"3019","usesDefaultFrameImage":"0","usesDefaultCloseImage":"0","marketURL":"https:\/\/play.google.com\/store\/apps\/details?id=com.gss.robot.car.transport.truck","packageID":"com.gss.robot.car.transport.truck"},"showTemplate":1,"s2s_tracking_url":"https:\/\/play.google.com\/store\/apps\/details?id=com.gss.robot.car.transport.truck","activeCreativeID":"420","scenes":["12","1","8","6","15","2"],"campaignAdType":"Interstitial","productId":"","purchaseBit":0,"licenseKey":""},{"campaignID":"397","attribution":0,"priority":"5","appToPromote":{"appToPromoteID":"3108","usesDefaultFrameImage":"0","usesDefaultCloseImage":"0","marketURL":"https:\/\/play.google.com\/store\/apps\/details?id=com.vg.amazing.city.coachbusdriver","packageID":"com.vg.amazing.city.coachbusdriver"},"showTemplate":1,"s2s_tracking_url":"https:\/\/play.google.com\/store\/apps\/details?id=com.vg.amazing.city.coachbusdriver","activeCreativeID":"417","scenes":["12","1","8","6","15","2"],"campaignAdType":"Interstitial","productId":"","purchaseBit":0,"licenseKey":""},{"campaignID":"398","attribution":0,"priority":"5","appToPromote":{"appToPromoteID":"3083","usesDefaultFrameImage":"0","usesDefaultCloseImage":"0","marketURL":"https:\/\/play.google.com\/store\/apps\/details?id=com.gamefeast.city.police.prisonbusdriver","packageID":"com.gamefeast.city.police.prisonbusdriver"},"showTemplate":1,"s2s_tracking_url":"https:\/\/play.google.com\/store\/apps\/details?id=com.gamefeast.city.police.prisonbusdriver","activeCreativeID":"418","scenes":["12","1","8","6","15","2"],"campaignAdType":"Interstitial","productId":"","purchaseBit":0,"licenseKey":""},{"campaignID":"399","attribution":0,"priority":"5","appToPromote":{"appToPromoteID":"3151","usesDefaultFrameImage":"0","usesDefaultCloseImage":"0","marketURL":"https:\/\/play.google.com\/store\/apps\/details?id=com.tgp.watersurfer.beach.car.driving","packageID":"com.tgp.watersurfer.beach.car.driving"},"showTemplate":1,"s2s_tracking_url":"https:\/\/play.google.com\/store\/apps\/details?id=com.tgp.watersurfer.beach.car.driving","activeCreativeID":"419","scenes":["12","1","8","6","15","2"],"campaignAdType":"Interstitial","productId":"","purchaseBit":0,"licenseKey":""},{"campaignID":"416","attribution":0,"priority":"5","appToPromote":{"appToPromoteID":"3226","usesDefaultFrameImage":"0","usesDefaultCloseImage":"0","marketURL":"https:\/\/play.google.com\/store\/apps\/details?id=com.gss.city.rooftop.bikestuntsrider","packageID":"com.gss.city.rooftop.bikestuntsrider"},"showTemplate":1,"s2s_tracking_url":"https:\/\/play.google.com\/store\/apps\/details?id=com.gss.city.rooftop.bikestuntsrider","activeCreativeID":"453","scenes":["12","1","8","6","15","2"],"campaignAdType":"Interstitial","productId":"","purchaseBit":0,"licenseKey":""}],"refreshAdRate":30,"mode":"Production","aspectRatio":"4_3","cdnPath":"https:\/\/df8ymybeo92md.cloudfront.net\/images\/","sentry_log":0,"local_logging":0,"sentry_dsn":"https:\/\/93ffa1c9a4124f67b8888a53265f751a:bbf998e04584477fa9a145838e9d3b26@sentry.io\/168994","sentry_initialization":1,"sentry_debugging":0,"bannerSizes":["5"],"aspectRatioVideo":"16_9","app_id":"2225","showPreRewardedDialogue":0,"showPostRewardedDialogue":0,"rewardCurrency":"coins","rewardValue":0,"isSkipable":0,"privacyPolicyURL":"https:\/\/www.consoliads.com\/privacy-policy\/","sessionToken":"XRmxtq99zPNfcFMmGKhC23y8FrBa7i1KVt5FhvmDg31molJTov2OADxTFQ1w\/t5GgR5VtgW+80043K1iU5mGMP2SjnwcG1xfdFsbXDs96o7\/o2Kcl94ui1AVu3Dg7TXzkhRpcKVIVloAkIjSxwbGa+NHh2mSkJtq73zCnKmylW8="}
Session token value is set


{"appKey":"0c2ea59a1926e209c4043dbc64975c4d","deviceID":"6447","stats":[{"campaignID":155,"packageID":"com.gss.garage.workshop.carmehanic","sceneStats":[{"sceneID":"17","eventStats":"364,264,164,64,64,0,0"}]}],"sdkVersion":"2163","sessionToken":"XRmxtq99zPNfcFMmGKhC23y8FrBa7i1KVt5FhvmDg31molJTov2OADxTFQ1w\/t5GgR5VtgW+80043K1iU5mGMP2SjnwcG1xfdFsbXDs96o7\/o2Kcl94ui1AVu3Dg7TXzkhRpcKVIVloAkIjSxwbGa+NHh2mSkJtq73zCnKmylW8="}
cache_ttl value is correct

Refresh Ad Rate value is correct
mode value is set

 Aspect ratio value is correct
sentry_log value is set
local_logging value is set
sentry_initialization value is set
sentry_debugging value is set
showPreRewardedDialogue value is set
showPostRewardedDialogue value is set
isSkipable value is set
{"cache_ttl":10080,"cache_ttl_rewarded":10080,"cache_ttl_banner":10080,"cache_ttl_native":10080,"cache_ttl_icon":10080,"campaigns":[{"campaignID":"9384","attribution":0,"priority":"5","appToPromote":{"appToPromoteID":"13185","usesDefaultFrameImage":"0","usesDefaultCloseImage":"0","marketURL":"https:\/\/play.google.com\/store\/apps\/details?id=com.gamesarena.flying.bike.tricks.stunts&amp;referrer=utm_source=42matters.com&amp;utm_medium=api","packageID":"com.gamesarena.flying.bike.tricks.stunts"},"showTemplate":1,"s2s_tracking_url":"https:\/\/play.google.com\/store\/apps\/details?id=com.gamesarena.flying.bike.tricks.stunts&amp;referrer=utm_source=42matters.com&amp;utm_medium=api","activeCreativeID":"4829","scenes":["12","1","8","6","15","2"],"campaignAdType":"Interstitial","productId":"","purchaseBit":0,"licenseKey":""},{"campaignID":"9386","attribution":0,"priority":"5","appToPromote":{"appToPromoteID":"17764","usesDefaultFrameImage":"0","usesDefaultCloseImage":"0","marketURL":"https:\/\/play.google.com\/store\/apps\/details?id=com.visiblebody.atlas&amp;referrer=utm_source=42matters.com&amp;utm_medium=api","packageID":"com.gamesarena..test6324"},"showTemplate":1,"s2s_tracking_url":"https:\/\/play.google.com\/store\/apps\/details?id=com.visiblebody.atlas&amp;referrer=utm_source=42matters.com&amp;utm_medium=api","activeCreativeID":"4828","scenes":["12","1","8","6","15","2"],"campaignAdType":"Interstitial","productId":"","purchaseBit":0,"licenseKey":""},{"campaignID":"9389","attribution":0,"priority":"5","appToPromote":{"appToPromoteID":"13185","usesDefaultFrameImage":"0","usesDefaultCloseImage":"0","marketURL":"https:\/\/play.google.com\/store\/apps\/details?id=com.gamesarena.flying.bike.tricks.stunts&amp;referrer=utm_source=42matters.com&amp;utm_medium=api","packageID":"com.gamesarena.flying.bike.tricks.stunts"},"showTemplate":1,"s2s_tracking_url":"https:\/\/play.google.com\/store\/apps\/details?id=com.gamesarena.flying.bike.tricks.stunts&amp;referrer=utm_source=42matters.com&amp;utm_medium=api","activeCreativeID":"4829","scenes":["12","1","8","6","15","2"],"campaignAdType":"Interstitial","productId":"","purchaseBit":0,"licenseKey":""},{"campaignID":"9710","attribution":0,"priority":"5","appToPromote":{"appToPromoteID":"11385","usesDefaultFrameImage":"0","usesDefaultCloseImage":"0","marketURL":"https:\/\/play.google.com\/store\/apps\/details?id=com.play.io.car.mechanic.auto.repair.workshop","packageID":"com.play.io.car.mechanic.auto.repair.workshop"},"showTemplate":1,"s2s_tracking_url":"https:\/\/play.google.com\/store\/apps\/details?id=com.play.io.car.mechanic.auto.repair.workshop","activeCreativeID":"1309","scenes":["12","1","8","6","15","2"],"campaignAdType":"Video","productId":"","purchaseBit":0,"licenseKey":""},{"campaignID":"139","attribution":0,"priority":"5","appToPromote":{"appToPromoteID":"2150","usesDefaultFrameImage":"0","usesDefaultCloseImage":"0","marketURL":"https:\/\/play.google.com\/store\/apps\/details?id=com.gss.traffic.rush.crazy.bike.rider","packageID":"com.gss.traffic.rush.crazy.bike.rider"},"showTemplate":1,"s2s_tracking_url":"https:\/\/play.google.com\/store\/apps\/details?id=com.gss.traffic.rush.crazy.bike.rider","activeCreativeID":"179","scenes":["12","1","8","6","15","2"],"campaignAdType":"Interstitial","productId":"","purchaseBit":0,"licenseKey":""},{"campaignID":"142","attribution":0,"priority":"5","appToPromote":{"appToPromoteID":"2164","usesDefaultFrameImage":"0","usesDefaultCloseImage":"0","marketURL":"https:\/\/play.google.com\/store\/apps\/details?id=com.vg.police.demolition.derby.crash.racing","packageID":"com.vg.police.demolition.derby.crash.racing"},"showTemplate":1,"s2s_tracking_url":"https:\/\/play.google.com\/store\/apps\/details?id=com.vg.police.demolition.derby.crash.racing","activeCreativeID":"182","scenes":["12","1","8","6","15","2"],"campaignAdType":"Interstitial","productId":"","purchaseBit":0,"licenseKey":""},{"campaignID":"146","attribution":0,"priority":"5","appToPromote":{"appToPromoteID":"2225","usesDefaultFrameImage":"0","usesDefaultCloseImage":"0","marketURL":"https:\/\/play.google.com\/store\/apps\/details?id=com.gss.offroad.policebiketransport","packageID":"com.gss.offroad.policebiketransport"},"showTemplate":1,"s2s_tracking_url":"https:\/\/play.google.com\/store\/apps\/details?id=com.gss.offroad.policebiketransport","activeCreativeID":"187","scenes":["12","1","8","6","15","2"],"campaignAdType":"Interstitial","productId":"","purchaseBit":0,"licenseKey":""},{"campaignID":"149","attribution":0,"priority":"5","appToPromote":{"appToPromoteID":"2224","usesDefaultFrameImage":"0","usesDefaultCloseImage":"0","marketURL":"https:\/\/play.google.com\/store\/apps\/details?id=com.vg.mega.city.construction.building.sim","packageID":"com.vg.mega.city.construction.building.sim"},"showTemplate":1,"s2s_tracking_url":"https:\/\/play.google.com\/store\/apps\/details?id=com.vg.mega.city.construction.building.sim","activeCreativeID":"191","scenes":["12","1","8","6","15","2"],"campaignAdType":"Interstitial","productId":"","purchaseBit":0,"licenseKey":""},{"campaignID":"150","attribution":0,"priority":"5","appToPromote":{"appToPromoteID":"2224","usesDefaultFrameImage":"0","usesDefaultCloseImage":"0","marketURL":"https:\/\/play.google.com\/store\/apps\/details?id=com.vg.mega.city.construction.building.sim","packageID":"com.vg.mega.city.construction.building.sim"},"showTemplate":1,"s2s_tracking_url":"https:\/\/play.google.com\/store\/apps\/details?id=com.vg.mega.city.construction.building.sim","activeCreativeID":"191","scenes":["12","1","8","6","15","2"],"campaignAdType":"Interstitial","productId":"","purchaseBit":0,"licenseKey":""},{"campaignID":"156","attribution":0,"priority":"5","appToPromote":{"appToPromoteID":"2227","usesDefaultFrameImage":"0","usesDefaultCloseImage":"0","marketURL":"https:\/\/play.google.com\/store\/apps\/details?id=com.tgp.offroad.extreme.multi.cargotruck","packageID":"com.tgp.offroad.extreme.multi.cargotruck"},"showTemplate":1,"s2s_tracking_url":"https:\/\/play.google.com\/store\/apps\/details?id=com.tgp.offroad.extreme.multi.cargotruck","activeCreativeID":"198","scenes":["12","1","8","6","15","2"],"campaignAdType":"Interstitial","productId":"","purchaseBit":0,"licenseKey":""},{"campaignID":"163","attribution":0,"priority":"5","appToPromote":{"appToPromoteID":"2349","usesDefaultFrameImage":"0","usesDefaultCloseImage":"0","marketURL":"https:\/\/play.google.com\/store\/apps\/details?id=com.gss.city.war.survival.robothero","packageID":"com.gss.city.war.survival.robothero"},"showTemplate":1,"s2s_tracking_url":"https:\/\/play.google.com\/store\/apps\/details?id=com.gss.city.war.survival.robothero","activeCreativeID":"207","scenes":["12","1","8","6","15","2"],"campaignAdType":"Interstitial","productId":"","purchaseBit":0,"licenseKey":""},{"campaignID":"164","attribution":0,"priority":"5","appToPromote":{"appToPromoteID":"2350","usesDefaultFrameImage":"0","usesDefaultCloseImage":"0","marketURL":"https:\/\/play.google.com\/store\/apps\/details?id=com.tgp.car.robot.transport.truck","packageID":"com.tgp.car.robot.transport.truck"},"showTemplate":1,"s2s_tracking_url":"https:\/\/play.google.com\/store\/apps\/details?id=com.tgp.car.robot.transport.truck","activeCreativeID":"211","scenes":["12","1","8","6","15","2"],"campaignAdType":"Interstitial","productId":"","purchaseBit":0,"licenseKey":""},{"campaignID":"166","attribution":0,"priority":"5","appToPromote":{"appToPromoteID":"2273","usesDefaultFrameImage":"0","usesDefaultCloseImage":"0","marketURL":"https:\/\/play.google.com\/store\/apps\/details?id=com.gss.police.automechanic.repair.workshop","packageID":"com.gss.police.automechanic.repair.workshop"},"showTemplate":1,"s2s_tracking_url":"https:\/\/play.google.com\/store\/apps\/details?id=com.gss.police.automechanic.repair.workshop","activeCreativeID":"217","scenes":["12","1","8","6","15","2"],"campaignAdType":"Interstitial","productId":"","purchaseBit":0,"licenseKey":""},{"campaignID":"167","attribution":0,"priority":"5","appToPromote":{"appToPromoteID":"2348","usesDefaultFrameImage":"0","usesDefaultCloseImage":"0","marketURL":"https:\/\/play.google.com\/store\/apps\/details?id=com.vg.rollercoaster.crazy.tycoon.tour","packageID":"com.vg.rollercoaster.crazy.tycoon.tour"},"showTemplate":1,"s2s_tracking_url":"https:\/\/play.google.com\/store\/apps\/details?id=com.vg.rollercoaster.crazy.tycoon.tour","activeCreativeID":"218","scenes":["12","1","8","6","15","2"],"campaignAdType":"Interstitial","productId":"","purchaseBit":0,"licenseKey":""},{"campaignID":"214","attribution":0,"priority":"5","appToPromote":{"appToPromoteID":"2613","usesDefaultFrameImage":"0","usesDefaultCloseImage":"0","marketURL":"https:\/\/play.google.com\/store\/apps\/details?id=com.gss.robot.bike.transport.truck","packageID":"com.gss.robot.bike.transport.truck"},"showTemplate":1,"s2s_tracking_url":"https:\/\/play.google.com\/store\/apps\/details?id=com.gss.robot.bike.transport.truck","activeCreativeID":"295","scenes":["12","1","8","6","15","2"],"campaignAdType":"Interstitial","productId":"","purchaseBit":0,"licenseKey":""},{"campaignID":"303","attribution":0,"priority":"5","appToPromote":{"appToPromoteID":"2642","usesDefaultFrameImage":"0","usesDefaultCloseImage":"0","marketURL":"https:\/\/play.google.com\/store\/apps\/details?id=com.tgp.offroad.robot.transport.truck","packageID":"com.tgp.offroad.robot.transport.truck"},"showTemplate":1,"s2s_tracking_url":"https:\/\/play.google.com\/store\/apps\/details?id=com.tgp.offroad.robot.transport.truck","activeCreativeID":"310","scenes":["12","1","8","6","15","2"],"campaignAdType":"Interstitial","productId":"","purchaseBit":0,"licenseKey":""},{"campaignID":"358","attribution":0,"priority":"5","appToPromote":{"appToPromoteID":"2917","usesDefaultFrameImage":"0","usesDefaultCloseImage":"0","marketURL":"https:\/\/play.google.com\/store\/apps\/details?id=com.gamefeast.touristbus.highway.driver.sim","packageID":"com.gamefeast.touristbus.highway.driver.sim"},"showTemplate":1,"s2s_tracking_url":"https:\/\/play.google.com\/store\/apps\/details?id=com.gamefeast.touristbus.highway.driver.sim","activeCreativeID":"377","scenes":["12","1","8","6","15","2"],"campaignAdType":"Interstitial","productId":"","purchaseBit":0,"licenseKey":""},{"campaignID":"370","attribution":0,"priority":"5","appToPromote":{"appToPromoteID":"3065","usesDefaultFrameImage":"0","usesDefaultCloseImage":"0","marketURL":"https:\/\/play.google.com\/store\/apps\/details?id=com.gss.raft.survival.island.escape","packageID":"com.gss.raft.survival.island.escape"},"showTemplate":1,"s2s_tracking_url":"https:\/\/play.google.com\/store\/apps\/details?id=com.gss.raft.survival.island.escape","activeCreativeID":"391","scenes":["12","1","8","6","15","2"],"campaignAdType":"Interstitial","productId":"","purchaseBit":0,"licenseKey":""},{"campaignID":"371","attribution":0,"priority":"5","appToPromote":{"appToPromoteID":"3117","usesDefaultFrameImage":"0","usesDefaultCloseImage":"0","marketURL":"https:\/\/play.google.com\/store\/apps\/details?id=com.vg.fast.car.driver.furiousracing","packageID":"com.vg.fast.car.driver.furiousracing"},"showTemplate":1,"s2s_tracking_url":"https:\/\/play.google.com\/store\/apps\/details?id=com.vg.fast.car.driver.furiousracing","activeCreativeID":"392","scenes":["12","1","8","6","15","2"],"campaignAdType":"Interstitial","productId":"","purchaseBit":0,"licenseKey":""},{"campaignID":"372","attribution":0,"priority":"5","appToPromote":{"appToPromoteID":"2938","usesDefaultFrameImage":"0","usesDefaultCloseImage":"0","marketURL":"https:\/\/play.google.com\/store\/apps\/details?id=com.tgp.offroad.us.army.transport","packageID":"com.tgp.offroad.us.army.transport"},"showTemplate":1,"s2s_tracking_url":"https:\/\/play.google.com\/store\/apps\/details?id=com.tgp.offroad.us.army.transport","activeCreativeID":"393","scenes":["12","1","8","6","15","2"],"campaignAdType":"Interstitial","productId":"","purchaseBit":0,"licenseKey":""},{"campaignID":"396","attribution":0,"priority":"5","appToPromote":{"appToPromoteID":"3019","usesDefaultFrameImage":"0","usesDefaultCloseImage":"0","marketURL":"https:\/\/play.google.com\/store\/apps\/details?id=com.gss.robot.car.transport.truck","packageID":"com.gss.robot.car.transport.truck"},"showTemplate":1,"s2s_tracking_url":"https:\/\/play.google.com\/store\/apps\/details?id=com.gss.robot.car.transport.truck","activeCreativeID":"420","scenes":["12","1","8","6","15","2"],"campaignAdType":"Interstitial","productId":"","purchaseBit":0,"licenseKey":""},{"campaignID":"397","attribution":0,"priority":"5","appToPromote":{"appToPromoteID":"3108","usesDefaultFrameImage":"0","usesDefaultCloseImage":"0","marketURL":"https:\/\/play.google.com\/store\/apps\/details?id=com.vg.amazing.city.coachbusdriver","packageID":"com.vg.amazing.city.coachbusdriver"},"showTemplate":1,"s2s_tracking_url":"https:\/\/play.google.com\/store\/apps\/details?id=com.vg.amazing.city.coachbusdriver","activeCreativeID":"417","scenes":["12","1","8","6","15","2"],"campaignAdType":"Interstitial","productId":"","purchaseBit":0,"licenseKey":""},{"campaignID":"398","attribution":0,"priority":"5","appToPromote":{"appToPromoteID":"3083","usesDefaultFrameImage":"0","usesDefaultCloseImage":"0","marketURL":"https:\/\/play.google.com\/store\/apps\/details?id=com.gamefeast.city.police.prisonbusdriver","packageID":"com.gamefeast.city.police.prisonbusdriver"},"showTemplate":1,"s2s_tracking_url":"https:\/\/play.google.com\/store\/apps\/details?id=com.gamefeast.city.police.prisonbusdriver","activeCreativeID":"418","scenes":["12","1","8","6","15","2"],"campaignAdType":"Interstitial","productId":"","purchaseBit":0,"licenseKey":""},{"campaignID":"399","attribution":0,"priority":"5","appToPromote":{"appToPromoteID":"3151","usesDefaultFrameImage":"0","usesDefaultCloseImage":"0","marketURL":"https:\/\/play.google.com\/store\/apps\/details?id=com.tgp.watersurfer.beach.car.driving","packageID":"com.tgp.watersurfer.beach.car.driving"},"showTemplate":1,"s2s_tracking_url":"https:\/\/play.google.com\/store\/apps\/details?id=com.tgp.watersurfer.beach.car.driving","activeCreativeID":"419","scenes":["12","1","8","6","15","2"],"campaignAdType":"Interstitial","productId":"","purchaseBit":0,"licenseKey":""},{"campaignID":"416","attribution":0,"priority":"5","appToPromote":{"appToPromoteID":"3226","usesDefaultFrameImage":"0","usesDefaultCloseImage":"0","marketURL":"https:\/\/play.google.com\/store\/apps\/details?id=com.gss.city.rooftop.bikestuntsrider","packageID":"com.gss.city.rooftop.bikestuntsrider"},"showTemplate":1,"s2s_tracking_url":"https:\/\/play.google.com\/store\/apps\/details?id=com.gss.city.rooftop.bikestuntsrider","activeCreativeID":"453","scenes":["12","1","8","6","15","2"],"campaignAdType":"Interstitial","productId":"","purchaseBit":0,"licenseKey":""}],"refreshAdRate":30,"mode":"Production","aspectRatio":"4_3","cdnPath":"https:\/\/df8ymybeo92md.cloudfront.net\/images\/","sentry_log":0,"local_logging":0,"sentry_dsn":"https:\/\/93ffa1c9a4124f67b8888a53265f751a:bbf998e04584477fa9a145838e9d3b26@sentry.io\/168994","sentry_initialization":1,"sentry_debugging":0,"bannerSizes":["1"],"aspectRatioVideo":"16_9","app_id":"2226","showPreRewardedDialogue":0,"showPostRewardedDialogue":0,"rewardCurrency":"coins","rewardValue":0,"isSkipable":1,"privacyPolicyURL":"https:\/\/www.consoliads.com\/privacy-policy\/","sessionToken":"J8bRYMpKkKNs3\/QrdBkIl98T35FihGi7kU4A6M5oQTO+MRCc5ouXUJwsSiYu18DhfmdkG8YPr84sSP5tZ1JmDKsrN+GHUe0bUCg2F9nxNJ47qvyZ5TSIfG4FxAa0g3MdKgbqca0xcK2yg7nC8HrfvpCNIKLbf4udjvtE7L3CDrc="}
Session token value is set


{"appKey":"3d3b0ade243bce6da45814386d4ec35f","deviceID":"4572","stats":[{"campaignID":7033,"packageID":"com.gss.police.sniper.reloaded","sceneStats":[{"sceneID":"12","eventStats":"346,246,146,46,46,0,0"}]}],"sdkVersion":"2163","sessionToken":"J8bRYMpKkKNs3\/QrdBkIl98T35FihGi7kU4A6M5oQTO+MRCc5ouXUJwsSiYu18DhfmdkG8YPr84sSP5tZ1JmDKsrN+GHUe0bUCg2F9nxNJ47qvyZ5TSIfG4FxAa0g3MdKgbqca0xcK2yg7nC8HrfvpCNIKLbf4udjvtE7L3CDrc="}
cache_ttl value is correct

Refresh Ad Rate value is correct
mode value is set

 Aspect ratio value is correct
sentry_log value is set
local_logging value is set
sentry_initialization value is set
sentry_debugging value is set
showPreRewardedDialogue value is set
showPostRewardedDialogue value is set
isSkipable value is set
{"cache_ttl":10080,"cache_ttl_rewarded":10080,"cache_ttl_banner":10080,"cache_ttl_native":10080,"cache_ttl_icon":10080,"campaigns":[{"campaignID":"9384","attribution":0,"priority":"5","appToPromote":{"appToPromoteID":"13185","usesDefaultFrameImage":"0","usesDefaultCloseImage":"0","marketURL":"https:\/\/play.google.com\/store\/apps\/details?id=com.gamesarena.flying.bike.tricks.stunts&amp;referrer=utm_source=42matters.com&amp;utm_medium=api","packageID":"com.gamesarena.flying.bike.tricks.stunts"},"showTemplate":1,"s2s_tracking_url":"https:\/\/play.google.com\/store\/apps\/details?id=com.gamesarena.flying.bike.tricks.stunts&amp;referrer=utm_source=42matters.com&amp;utm_medium=api","activeCreativeID":"4829","scenes":["12","1","8","6","15","2"],"campaignAdType":"Interstitial","productId":"","purchaseBit":0,"licenseKey":""},{"campaignID":"9386","attribution":0,"priority":"5","appToPromote":{"appToPromoteID":"17764","usesDefaultFrameImage":"0","usesDefaultCloseImage":"0","marketURL":"https:\/\/play.google.com\/store\/apps\/details?id=com.visiblebody.atlas&amp;referrer=utm_source=42matters.com&amp;utm_medium=api","packageID":"com.gamesarena..test6324"},"showTemplate":1,"s2s_tracking_url":"https:\/\/play.google.com\/store\/apps\/details?id=com.visiblebody.atlas&amp;referrer=utm_source=42matters.com&amp;utm_medium=api","activeCreativeID":"4828","scenes":["12","1","8","6","15","2"],"campaignAdType":"Interstitial","productId":"","purchaseBit":0,"licenseKey":""},{"campaignID":"9389","attribution":0,"priority":"5","appToPromote":{"appToPromoteID":"13185","usesDefaultFrameImage":"0","usesDefaultCloseImage":"0","marketURL":"https:\/\/play.google.com\/store\/apps\/details?id=com.gamesarena.flying.bike.tricks.stunts&amp;referrer=utm_source=42matters.com&amp;utm_medium=api","packageID":"com.gamesarena.flying.bike.tricks.stunts"},"showTemplate":1,"s2s_tracking_url":"https:\/\/play.google.com\/store\/apps\/details?id=com.gamesarena.flying.bike.tricks.stunts&amp;referrer=utm_source=42matters.com&amp;utm_medium=api","activeCreativeID":"4829","scenes":["12","1","8","6","15","2"],"campaignAdType":"Interstitial","productId":"","purchaseBit":0,"licenseKey":""},{"campaignID":"93","attribution":0,"priority":"5","appToPromote":{"appToPromoteID":"1860","usesDefaultFrameImage":"0","usesDefaultCloseImage":"0","marketURL":"https:\/\/play.google.com\/store\/apps\/details?id=com.gss.vendetta.subwaycrime.rescue.mission","packageID":"com.gss.vendetta.subwaycrime.rescue.mission"},"showTemplate":1,"s2s_tracking_url":"https:\/\/play.google.com\/store\/apps\/details?id=com.gss.vendetta.subwaycrime.rescue.mission","activeCreativeID":"117","scenes":["12","1","8","6","15","2"],"campaignAdType":"Interstitial","productId":"","purchaseBit":0,"licenseKey":""},{"campaignID":"94","attribution":0,"priority":"5","appToPromote":{"appToPromoteID":"1843","usesDefaultFrameImage":"0","usesDefaultCloseImage":"0","marketURL":"https:\/\/play.google.com\/store\/apps\/details?id=com.vg.secret.agent.mafia.gods.criminal.gang","packageID":"com.vg.secret.agent.mafia.gods.criminal.gang"},"showTemplate":1,"s2s_tracking_url":"https:\/\/play.google.com\/store\/apps\/details?id=com.vg.secret.agent.mafia.gods.criminal.gang","activeCreativeID":"120","scenes":["12","1","8","6","15","2"],"campaignAdType":"Interstitial","productId":"","purchaseBit":0,"licenseKey":""},{"campaignID":"112","attribution":0,"priority":"5","appToPromote":{"appToPromoteID":"1998","usesDefaultFrameImage":"0","usesDefaultCloseImage":"0","marketURL":"https:\/\/play.google.com\/store\/apps\/details?id=com.gss.citygangster.underworldempire.mafia.crime","packageID":"com.gss.citygangster.underworldempire.mafia.crime"},"showTemplate":1,"s2s_tracking_url":"https:\/\/play.google.com\/store\/apps\/details?id=com.gss.citygangster.underworldempire.mafia.crime","activeCreativeID":"146","scenes":["12","1","8","6","15","2"],"campaignAdType":"Interstitial","productId":"","purchaseBit":0,"licenseKey":""},{"campaignID":"114","attribution":0,"priority":"5","appToPromote":{"appToPromoteID":"2007","usesDefaultFrameImage":"0","usesDefaultCloseImage":"0","marketURL":"https:\/\/play.google.com\/store\/apps\/details?id=com.vg.police.secret.agent.crime.gang","packageID":"com.vg.police.secret.agent.crime.gang"},"showTemplate":1,"s2s_tracking_url":"https:\/\/play.google.com\/store\/apps\/details?id=com.vg.police.secret.agent.crime.gang","activeCreativeID":"148","scenes":["12","1","8","6","15","2"],"campaignAdType":"Interstitial","productId":"","purchaseBit":0,"licenseKey":""},{"campaignID":"132","attribution":0,"priority":"5","appToPromote":{"appToPromoteID":"2109","usesDefaultFrameImage":"0","usesDefaultCloseImage":"0","marketURL":"https:\/\/play.google.com\/store\/apps\/details?id=com.gss.us.army.commando.survival","packageID":"com.gss.us.army.commando.survival"},"showTemplate":1,"s2s_tracking_url":"https:\/\/play.google.com\/store\/apps\/details?id=com.gss.us.army.commando.survival","activeCreativeID":"171","scenes":["12","1","8","6","15","2"],"campaignAdType":"Interstitial","productId":"","purchaseBit":0,"licenseKey":""},{"campaignID":"133","attribution":0,"priority":"5","appToPromote":{"appToPromoteID":"2118","usesDefaultFrameImage":"0","usesDefaultCloseImage":"0","marketURL":"https:\/\/play.google.com\/store\/apps\/details?id=com.vg.us.war.mafia.gang.vegas.crime","packageID":"com.vg.us.war.mafia.gang.vegas.crime"},"showTemplate":1,"s2s_tracking_url":"https:\/\/play.google.com\/store\/apps\/details?id=com.vg.us.war.mafia.gang.vegas.crime","activeCreativeID":"172","scenes":["12","1","8","6","15","2"],"campaignAdType":"Interstitial","productId":"","purchaseBit":0,"licenseKey":""},{"campaignID":"152","attribution":0,"priority":"5","appToPromote":{"appToPromoteID":"1348","usesDefaultFrameImage":"0","usesDefaultCloseImage":"0","marketURL":"https:\/\/play.google.com\/store\/apps\/details?id=com.gss.police.sniper.prison.gaurd","packageID":"com.gss.police.sniper.prison.gaurd"},"showTemplate":1,"s2s_tracking_url":"https:\/\/play.google.com\/store\/apps\/details?id=com.gss.police.sniper.prison.gaurd","activeCreativeID":"192","scenes":["12","1","8","6","15","2"],"campaignAdType":"Interstitial","productId":"","purchaseBit":0,"licenseKey":""},{"campaignID":"158","attribution":0,"priority":"5","appToPromote":{"appToPromoteID":"2223","usesDefaultFrameImage":"0","usesDefaultCloseImage":"0","marketURL":"https:\/\/play.google.com\/store\/apps\/details?id=com.vg.counter.mafia.squad.army.training","packageID":"com.vg.counter.mafia.squad.army.training"},"showTemplate":1,"s2s_tracking_url":"https:\/\/play.google.com\/store\/apps\/details?id=com.vg.counter.mafia.squad.army.training","activeCreativeID":"204","scenes":["12","1","8","6","15","2"],"campaignAdType":"Interstitial","productId":"","purchaseBit":0,"licenseKey":""},{"campaignID":"162","attribution":0,"priority":"5","appToPromote":{"appToPromoteID":"2268","usesDefaultFrameImage":"0","usesDefaultCloseImage":"0","marketURL":"https:\/\/play.google.com\/store\/apps\/details?id=com.vg.prisoner.escape.survival.hero","packageID":"com.vg.prisoner.escape.survival.hero"},"showTemplate":1,"s2s_tracking_url":"https:\/\/play.google.com\/store\/apps\/details?id=com.vg.prisoner.escape.survival.hero","activeCreativeID":"206","scenes":["12","1","8","6","15","2"],"campaignAdType":"Interstitial","productId":"","purchaseBit":0,"licenseKey":""},{"campaignID":"163","attribution":0,"priority":"5","appToPromote":{"appToPromoteID":"2349","usesDefaultFrameImage":"0","usesDefaultCloseImage":"0","marketURL":"https:\/\/play.google.com\/store\/apps\/details?id=com.gss.city.war.survival.robothero","packageID":"com.gss.city.war.survival.robothero"},"showTemplate":1,"s2s_tracking_url":"https:\/\/play.google.com\/store\/apps\/details?id=com.gss.city.war.survival.robothero","activeCreativeID":"207","scenes":["12","1","8","6","15","2"],"campaignAdType":"Interstitial","productId":"","purchaseBit":0,"licenseKey":""},{"campaignID":"169","attribution":0,"priority":"5","appToPromote":{"appToPromoteID":"2414","usesDefaultFrameImage":"0","usesDefaultCloseImage":"0","marketURL":"https:\/\/play.google.com\/store\/apps\/details?id=com.gamefeast.armyheroes.us.military.training","packageID":"com.gamefeast.armyheroes.us.military.training"},"showTemplate":1,"s2s_tracking_url":"https:\/\/play.google.com\/store\/apps\/details?id=com.gamefeast.armyheroes.us.military.training","activeCreativeID":"220","scenes":["12","1","8","6","15","2"],"campaignAdType":"Interstitial","productId":"","purchaseBit":0,"licenseKey":""},{"campaignID":"207","attribution":0,"priority":"5","appToPromote":{"appToPromoteID":"2450","usesDefaultFrameImage":"0","usesDefaultCloseImage":"0","marketURL":"https:\/\/play.google.com\/store\/apps\/details?id=com.gss.army.commando.survivalisland","packageID":"com.gss.army.commando.survivalisland"},"showTemplate":1,"s2s_tracking_url":"https:\/\/play.google.com\/store\/apps\/details?id=com.gss.army.commando.survivalisland","activeCreativeID":"281","scenes":["12","1","8","6","15","2"],"campaignAdType":"Interstitial","productId":"","purchaseBit":0,"licenseKey":""},{"campaignID":"332","attribution":0,"priority":"5","appToPromote":{"appToPromoteID":"2857","usesDefaultFrameImage":"0","usesDefaultCloseImage":"0","marketURL":"https:\/\/play.google.com\/store\/apps\/details?id=com.gss.robot.battle.robbery.squad","packageID":"com.gss.robot.battle.robbery.squad"},"showTemplate":1,"s2s_tracking_url":"https:\/\/play.google.com\/store\/apps\/details?id=com.gss.robot.battle.robbery.squad","activeCreativeID":"343","scenes":["12","1","8","6","15","2"],"campaignAdType":"Interstitial","productId":"","purchaseBit":0,"licenseKey":""},{"campaignID":"336","attribution":0,"priority":"5","appToPromote":{"appToPromoteID":"2941","usesDefaultFrameImage":"0","usesDefaultCloseImage":"0","marketURL":"https:\/\/play.google.com\/store\/apps\/details?id=com.vg.us.army.war.survival.island","packageID":"com.vg.us.army.war.survival.island"},"showTemplate":1,"s2s_tracking_url":"https:\/\/play.google.com\/store\/apps\/details?id=com.vg.us.army.war.survival.island","activeCreativeID":"347","scenes":["12","1","8","6","15","2"],"campaignAdType":"Interstitial","productId":"","purchaseBit":0,"licenseKey":""},{"campaignID":"357","attribution":0,"priority":"5","appToPromote":{"appToPromoteID":"2741","usesDefaultFrameImage":"0","usesDefaultCloseImage":"0","marketURL":"https:\/\/play.google.com\/store\/apps\/details?id=com.gss.us.air.jetfighter.warrior","packageID":"com.gss.us.air.jetfighter.warrior"},"showTemplate":1,"s2s_tracking_url":"https:\/\/play.google.com\/store\/apps\/details?id=com.gss.us.air.jetfighter.warrior","activeCreativeID":"376","scenes":["12","1","8","6","15","2"],"campaignAdType":"Interstitial","productId":"","purchaseBit":0,"licenseKey":""},{"campaignID":"364","attribution":0,"priority":"5","appToPromote":{"appToPromoteID":"2552","usesDefaultFrameImage":"0","usesDefaultCloseImage":"0","marketURL":"https:\/\/play.google.com\/store\/apps\/details?id=com.gss.grand.city.rescue.flyingrobot","packageID":"com.gss.grand.city.rescue.flyingrobot"},"showTemplate":1,"s2s_tracking_url":"https:\/\/play.google.com\/store\/apps\/details?id=com.gss.grand.city.rescue.flyingrobot","activeCreativeID":"309","scenes":["12","1","8","6","15","2"],"campaignAdType":"Interstitial","productId":"","purchaseBit":0,"licenseKey":""},{"campaignID":"370","attribution":0,"priority":"5","appToPromote":{"appToPromoteID":"3065","usesDefaultFrameImage":"0","usesDefaultCloseImage":"0","marketURL":"https:\/\/play.google.com\/store\/apps\/details?id=com.gss.raft.survival.island.escape","packageID":"com.gss.raft.survival.island.escape"},"showTemplate":1,"s2s_tracking_url":"https:\/\/play.google.com\/store\/apps\/details?id=com.gss.raft.survival.island.escape","activeCreativeID":"391","scenes":["12","1","8","6","15","2"],"campaignAdType":"Interstitial","productId":"","purchaseBit":0,"licenseKey":""},{"campaignID":"417","attribution":0,"priority":"5","appToPromote":{"appToPromoteID":"3227","usesDefaultFrameImage":"0","usesDefaultCloseImage":"0","marketURL":"https:\/\/play.google.com\/store\/apps\/details?id=com.vg.hero.kids.army.training.school","packageID":"com.vg.hero.kids.army.training.school"},"showTemplate":1,"s2s_tracking_url":"https:\/\/play.google.com\/store\/apps\/details?id=com.vg.hero.kids.army.training.school","activeCreativeID":"454","scenes":["12","1","8","6","15","2"],"campaignAdType":"Interstitial","productId":"","purchaseBit":0,"licenseKey":""},{"campaignID":"433","attribution":0,"priority":"5","appToPromote":{"appToPromoteID":"3339","usesDefaultFrameImage":"0","usesDefaultCloseImage":"0","marketURL":"https:\/\/play.google.com\/store\/apps\/details?id=com.gss.battle.force.counterterrorist","packageID":"com.gss.battle.force.counterterrorist"},"showTemplate":1,"s2s_tracking_url":"https:\/\/play.google.com\/store\/apps\/details?id=com.gss.battle.force.counterterrorist","activeCreativeID":"477","scenes":["12","1","8","6","15","2"],"campaignAdType":"Interstitial","productId":"","purchaseBit":0,"licenseKey":""},{"campaignID":"436","attribution":0,"priority":"5","appToPromote":{"appToPromoteID":"3282","usesDefaultFrameImage":"0","usesDefaultCloseImage":"0","marketURL":"https:\/\/play.google.com\/store\/apps\/details?id=com.tgp.city.rescue.survival.flyinghero","packageID":"com.tgp.city.rescue.survival.flyinghero"},"showTemplate":1,"s2s_tracking_url":"https:\/\/play.google.com\/store\/apps\/details?id=com.tgp.city.rescue.survival.flyinghero","activeCreativeID":"478","scenes":["12","1","8","6","15","2"],"campaignAdType":"Interstitial","productId":"","purchaseBit":0,"licenseKey":""},{"campaignID":"446","attribution":0,"priority":"5","appToPromote":{"appToPromoteID":"3390","usesDefaultFrameImage":"0","usesDefaultCloseImage":"0","marketURL":"https:\/\/play.google.com\/store\/apps\/details?id=com.gss.flying.spider.superhero.survival","packageID":"com.gss.flying.spider.superhero.survival"},"showTemplate":1,"s2s_tracking_url":"https:\/\/play.google.com\/store\/apps\/details?id=com.gss.flying.spider.superhero.survival","activeCreativeID":"488","scenes":["12","1","8","6","15","2"],"campaignAdType":"Interstitial","productId":"","purchaseBit":0,"licenseKey":""},{"campaignID":"493","attribution":0,"priority":"5","appToPromote":{"appToPromoteID":"3536","usesDefaultFrameImage":"0","usesDefaultCloseImage":"0","marketURL":"https:\/\/play.google.com\/store\/apps\/details?id=com.gss.us.army.secret.stealth.mission","packageID":"com.gss.us.army.secret.stealth.mission"},"showTemplate":1,"s2s_tracking_url":"https:\/\/play.google.com\/store\/apps\/details?id=com.gss.us.army.secret.stealth.mission","activeCreativeID":"556","scenes":["12","1","8","6","15","2"],"campaignAdType":"Interstitial","productId":"","purchaseBit":0,"licenseKey":""}],"refreshAdRate":30,"mode":"Production","aspectRatio":"4_3","cdnPath":"https:\/\/df8ymybeo92md.cloudfront.net\/images\/","sentry_log":0,"local_logging":0,"sentry_dsn":"https:\/\/93ffa1c9a4124f67b8888a53265f751a:bbf998e04584477fa9a145838e9d3b26@sentry.io\/168994","sentry_initialization":1,"sentry_debugging":0,"bannerSizes":["1","2"],"aspectRatioVideo":"16_9","app_id":"2251","showPreRewardedDialogue":0,"showPostRewardedDialogue":0,"rewardCurrency":"coins","rewardValue":0,"isSkipable":1,"privacyPolicyURL":"https:\/\/www.consoliads.com\/privacy-policy\/","sessionToken":"lnuu7HYdgXAWucM\/osmr12bmwYP\/eRLCWGvjU4Th4d3hRvHbdx84WQ\/Bn85ui0NEOIViclUU33ds91eTfrwNdKhgx8ZLsMs3f5haMZbHVd7a95SyNS5U8di5\/UuSB1betaA0NovVoItCU1USpnmvbB7DVUywgqneKXnV7JMi9pQ="}
Session token value is set


{"appKey":"3d3b0ade243bce6da45814386d4ec35f","deviceID":"1061","stats":[{"campaignID":7036,"packageID":"com.gss.police.sniper.reloaded","sceneStats":[{"sceneID":"3","eventStats":"311,211,111,11,11,0,0"}]}],"sdkVersion":"2163","sessionToken":"lnuu7HYdgXAWucM\/osmr12bmwYP\/eRLCWGvjU4Th4d3hRvHbdx84WQ\/Bn85ui0NEOIViclUU33ds91eTfrwNdKhgx8ZLsMs3f5haMZbHVd7a95SyNS5U8di5\/UuSB1betaA0NovVoItCU1USpnmvbB7DVUywgqneKXnV7JMi9pQ="}
cache_ttl value is correct

Refresh Ad Rate value is correct
mode value is set

 Aspect ratio value is correct
sentry_log value is set
local_logging value is set
sentry_initialization value is set
sentry_debugging value is set
showPreRewardedDialogue value is set
showPostRewardedDialogue value is set
isSkipable value is set
{"cache_ttl":10080,"cache_ttl_rewarded":10080,"cache_ttl_banner":10080,"cache_ttl_native":10080,"cache_ttl_icon":10080,"campaigns":[{"campaignID":"9384","attribution":0,"priority":"5","appToPromote":{"appToPromoteID":"13185","usesDefaultFrameImage":"0","usesDefaultCloseImage":"0","marketURL":"https:\/\/play.google.com\/store\/apps\/details?id=com.gamesarena.flying.bike.tricks.stunts&amp;referrer=utm_source=42matters.com&amp;utm_medium=api","packageID":"com.gamesarena.flying.bike.tricks.stunts"},"showTemplate":1,"s2s_tracking_url":"https:\/\/play.google.com\/store\/apps\/details?id=com.gamesarena.flying.bike.tricks.stunts&amp;referrer=utm_source=42matters.com&amp;utm_medium=api","activeCreativeID":"4829","scenes":["12","1","8","6","15","2"],"campaignAdType":"Interstitial","productId":"","purchaseBit":0,"licenseKey":""},{"campaignID":"9386","attribution":0,"priority":"5","appToPromote":{"appToPromoteID":"17764","usesDefaultFrameImage":"0","usesDefaultCloseImage":"0","marketURL":"https:\/\/play.google.com\/store\/apps\/details?id=com.visiblebody.atlas&amp;referrer=utm_source=42matters.com&amp;utm_medium=api","packageID":"com.gamesarena..test6324"},"showTemplate":1,"s2s_tracking_url":"https:\/\/play.google.com\/store\/apps\/details?id=com.visiblebody.atlas&amp;referrer=utm_source=42matters.com&amp;utm_medium=api","activeCreativeID":"4828","scenes":["12","1","8","6","15","2"],"campaignAdType":"Interstitial","productId":"","purchaseBit":0,"licenseKey":""},{"campaignID":"9389","attribution":0,"priority":"5","appToPromote":{"appToPromoteID":"13185","usesDefaultFrameImage":"0","usesDefaultCloseImage":"0","marketURL":"https:\/\/play.google.com\/store\/apps\/details?id=com.gamesarena.flying.bike.tricks.stunts&amp;referrer=utm_source=42matters.com&amp;utm_medium=api","packageID":"com.gamesarena.flying.bike.tricks.stunts"},"showTemplate":1,"s2s_tracking_url":"https:\/\/play.google.com\/store\/apps\/details?id=com.gamesarena.flying.bike.tricks.stunts&amp;referrer=utm_source=42matters.com&amp;utm_medium=api","activeCreativeID":"4829","scenes":["12","1","8","6","15","2"],"campaignAdType":"Interstitial","productId":"","purchaseBit":0,"licenseKey":""},{"campaignID":"93","attribution":0,"priority":"5","appToPromote":{"appToPromoteID":"1860","usesDefaultFrameImage":"0","usesDefaultCloseImage":"0","marketURL":"https:\/\/play.google.com\/store\/apps\/details?id=com.gss.vendetta.subwaycrime.rescue.mission","packageID":"com.gss.vendetta.subwaycrime.rescue.mission"},"showTemplate":1,"s2s_tracking_url":"https:\/\/play.google.com\/store\/apps\/details?id=com.gss.vendetta.subwaycrime.rescue.mission","activeCreativeID":"117","scenes":["12","1","8","6","15","2"],"campaignAdType":"Interstitial","productId":"","purchaseBit":0,"licenseKey":""},{"campaignID":"94","attribution":0,"priority":"5","appToPromote":{"appToPromoteID":"1843","usesDefaultFrameImage":"0","usesDefaultCloseImage":"0","marketURL":"https:\/\/play.google.com\/store\/apps\/details?id=com.vg.secret.agent.mafia.gods.criminal.gang","packageID":"com.vg.secret.agent.mafia.gods.criminal.gang"},"showTemplate":1,"s2s_tracking_url":"https:\/\/play.google.com\/store\/apps\/details?id=com.vg.secret.agent.mafia.gods.criminal.gang","activeCreativeID":"120","scenes":["12","1","8","6","15","2"],"campaignAdType":"Interstitial","productId":"","purchaseBit":0,"licenseKey":""},{"campaignID":"112","attribution":0,"priority":"5","appToPromote":{"appToPromoteID":"1998","usesDefaultFrameImage":"0","usesDefaultCloseImage":"0","marketURL":"https:\/\/play.google.com\/store\/apps\/details?id=com.gss.citygangster.underworldempire.mafia.crime","packageID":"com.gss.citygangster.underworldempire.mafia.crime"},"showTemplate":1,"s2s_tracking_url":"https:\/\/play.google.com\/store\/apps\/details?id=com.gss.citygangster.underworldempire.mafia.crime","activeCreativeID":"146","scenes":["12","1","8","6","15","2"],"campaignAdType":"Interstitial","productId":"","purchaseBit":0,"licenseKey":""},{"campaignID":"114","attribution":0,"priority":"5","appToPromote":{"appToPromoteID":"2007","usesDefaultFrameImage":"0","usesDefaultCloseImage":"0","marketURL":"https:\/\/play.google.com\/store\/apps\/details?id=com.vg.police.secret.agent.crime.gang","packageID":"com.vg.police.secret.agent.crime.gang"},"showTemplate":1,"s2s_tracking_url":"https:\/\/play.google.com\/store\/apps\/details?id=com.vg.police.secret.agent.crime.gang","activeCreativeID":"148","scenes":["12","1","8","6","15","2"],"campaignAdType":"Interstitial","productId":"","purchaseBit":0,"licenseKey":""},{"campaignID":"132","attribution":0,"priority":"5","appToPromote":{"appToPromoteID":"2109","usesDefaultFrameImage":"0","usesDefaultCloseImage":"0","marketURL":"https:\/\/play.google.com\/store\/apps\/details?id=com.gss.us.army.commando.survival","packageID":"com.gss.us.army.commando.survival"},"showTemplate":1,"s2s_tracking_url":"https:\/\/play.google.com\/store\/apps\/details?id=com.gss.us.army.commando.survival","activeCreativeID":"171","scenes":["12","1","8","6","15","2"],"campaignAdType":"Interstitial","productId":"","purchaseBit":0,"licenseKey":""},{"campaignID":"133","attribution":0,"priority":"5","appToPromote":{"appToPromoteID":"2118","usesDefaultFrameImage":"0","usesDefaultCloseImage":"0","marketURL":"https:\/\/play.google.com\/store\/apps\/details?id=com.vg.us.war.mafia.gang.vegas.crime","packageID":"com.vg.us.war.mafia.gang.vegas.crime"},"showTemplate":1,"s2s_tracking_url":"https:\/\/play.google.com\/store\/apps\/details?id=com.vg.us.war.mafia.gang.vegas.crime","activeCreativeID":"172","scenes":["12","1","8","6","15","2"],"campaignAdType":"Interstitial","productId":"","purchaseBit":0,"licenseKey":""},{"campaignID":"152","attribution":0,"priority":"5","appToPromote":{"appToPromoteID":"1348","usesDefaultFrameImage":"0","usesDefaultCloseImage":"0","marketURL":"https:\/\/play.google.com\/store\/apps\/details?id=com.gss.police.sniper.prison.gaurd","packageID":"com.gss.police.sniper.prison.gaurd"},"showTemplate":1,"s2s_tracking_url":"https:\/\/play.google.com\/store\/apps\/details?id=com.gss.police.sniper.prison.gaurd","activeCreativeID":"192","scenes":["12","1","8","6","15","2"],"campaignAdType":"Interstitial","productId":"","purchaseBit":0,"licenseKey":""},{"campaignID":"158","attribution":0,"priority":"5","appToPromote":{"appToPromoteID":"2223","usesDefaultFrameImage":"0","usesDefaultCloseImage":"0","marketURL":"https:\/\/play.google.com\/store\/apps\/details?id=com.vg.counter.mafia.squad.army.training","packageID":"com.vg.counter.mafia.squad.army.training"},"showTemplate":1,"s2s_tracking_url":"https:\/\/play.google.com\/store\/apps\/details?id=com.vg.counter.mafia.squad.army.training","activeCreativeID":"204","scenes":["12","1","8","6","15","2"],"campaignAdType":"Interstitial","productId":"","purchaseBit":0,"licenseKey":""},{"campaignID":"162","attribution":0,"priority":"5","appToPromote":{"appToPromoteID":"2268","usesDefaultFrameImage":"0","usesDefaultCloseImage":"0","marketURL":"https:\/\/play.google.com\/store\/apps\/details?id=com.vg.prisoner.escape.survival.hero","packageID":"com.vg.prisoner.escape.survival.hero"},"showTemplate":1,"s2s_tracking_url":"https:\/\/play.google.com\/store\/apps\/details?id=com.vg.prisoner.escape.survival.hero","activeCreativeID":"206","scenes":["12","1","8","6","15","2"],"campaignAdType":"Interstitial","productId":"","purchaseBit":0,"licenseKey":""},{"campaignID":"163","attribution":0,"priority":"5","appToPromote":{"appToPromoteID":"2349","usesDefaultFrameImage":"0","usesDefaultCloseImage":"0","marketURL":"https:\/\/play.google.com\/store\/apps\/details?id=com.gss.city.war.survival.robothero","packageID":"com.gss.city.war.survival.robothero"},"showTemplate":1,"s2s_tracking_url":"https:\/\/play.google.com\/store\/apps\/details?id=com.gss.city.war.survival.robothero","activeCreativeID":"207","scenes":["12","1","8","6","15","2"],"campaignAdType":"Interstitial","productId":"","purchaseBit":0,"licenseKey":""},{"campaignID":"169","attribution":0,"priority":"5","appToPromote":{"appToPromoteID":"2414","usesDefaultFrameImage":"0","usesDefaultCloseImage":"0","marketURL":"https:\/\/play.google.com\/store\/apps\/details?id=com.gamefeast.armyheroes.us.military.training","packageID":"com.gamefeast.armyheroes.us.military.training"},"showTemplate":1,"s2s_tracking_url":"https:\/\/play.google.com\/store\/apps\/details?id=com.gamefeast.armyheroes.us.military.training","activeCreativeID":"220","scenes":["12","1","8","6","15","2"],"campaignAdType":"Interstitial","productId":"","purchaseBit":0,"licenseKey":""},{"campaignID":"207","attribution":0,"priority":"5","appToPromote":{"appToPromoteID":"2450","usesDefaultFrameImage":"0","usesDefaultCloseImage":"0","marketURL":"https:\/\/play.google.com\/store\/apps\/details?id=com.gss.army.commando.survivalisland","packageID":"com.gss.army.commando.survivalisland"},"showTemplate":1,"s2s_tracking_url":"https:\/\/play.google.com\/store\/apps\/details?id=com.gss.army.commando.survivalisland","activeCreativeID":"281","scenes":["12","1","8","6","15","2"],"campaignAdType":"Interstitial","productId":"","purchaseBit":0,"licenseKey":""},{"campaignID":"332","attribution":0,"priority":"5","appToPromote":{"appToPromoteID":"2857","usesDefaultFrameImage":"0","usesDefaultCloseImage":"0","marketURL":"https:\/\/play.google.com\/store\/apps\/details?id=com.gss.robot.battle.robbery.squad","packageID":"com.gss.robot.battle.robbery.squad"},"showTemplate":1,"s2s_tracking_url":"https:\/\/play.google.com\/store\/apps\/details?id=com.gss.robot.battle.robbery.squad","activeCreativeID":"343","scenes":["12","1","8","6","15","2"],"campaignAdType":"Interstitial","productId":"","purchaseBit":0,"licenseKey":""},{"campaignID":"336","attribution":0,"priority":"5","appToPromote":{"appToPromoteID":"2941","usesDefaultFrameImage":"0","usesDefaultCloseImage":"0","marketURL":"https:\/\/play.google.com\/store\/apps\/details?id=com.vg.us.army.war.survival.island","packageID":"com.vg.us.army.war.survival.island"},"showTemplate":1,"s2s_tracking_url":"https:\/\/play.google.com\/store\/apps\/details?id=com.vg.us.army.war.survival.island","activeCreativeID":"347","scenes":["12","1","8","6","15","2"],"campaignAdType":"Interstitial","productId":"","purchaseBit":0,"licenseKey":""},{"campaignID":"357","attribution":0,"priority":"5","appToPromote":{"appToPromoteID":"2741","usesDefaultFrameImage":"0","usesDefaultCloseImage":"0","marketURL":"https:\/\/play.google.com\/store\/apps\/details?id=com.gss.us.air.jetfighter.warrior","packageID":"com.gss.us.air.jetfighter.warrior"},"showTemplate":1,"s2s_tracking_url":"https:\/\/play.google.com\/store\/apps\/details?id=com.gss.us.air.jetfighter.warrior","activeCreativeID":"376","scenes":["12","1","8","6","15","2"],"campaignAdType":"Interstitial","productId":"","purchaseBit":0,"licenseKey":""},{"campaignID":"364","attribution":0,"priority":"5","appToPromote":{"appToPromoteID":"2552","usesDefaultFrameImage":"0","usesDefaultCloseImage":"0","marketURL":"https:\/\/play.google.com\/store\/apps\/details?id=com.gss.grand.city.rescue.flyingrobot","packageID":"com.gss.grand.city.rescue.flyingrobot"},"showTemplate":1,"s2s_tracking_url":"https:\/\/play.google.com\/store\/apps\/details?id=com.gss.grand.city.rescue.flyingrobot","activeCreativeID":"309","scenes":["12","1","8","6","15","2"],"campaignAdType":"Interstitial","productId":"","purchaseBit":0,"licenseKey":""},{"campaignID":"370","attribution":0,"priority":"5","appToPromote":{"appToPromoteID":"3065","usesDefaultFrameImage":"0","usesDefaultCloseImage":"0","marketURL":"https:\/\/play.google.com\/store\/apps\/details?id=com.gss.raft.survival.island.escape","packageID":"com.gss.raft.survival.island.escape"},"showTemplate":1,"s2s_tracking_url":"https:\/\/play.google.com\/store\/apps\/details?id=com.gss.raft.survival.island.escape","activeCreativeID":"391","scenes":["12","1","8","6","15","2"],"campaignAdType":"Interstitial","productId":"","purchaseBit":0,"licenseKey":""},{"campaignID":"417","attribution":0,"priority":"5","appToPromote":{"appToPromoteID":"3227","usesDefaultFrameImage":"0","usesDefaultCloseImage":"0","marketURL":"https:\/\/play.google.com\/store\/apps\/details?id=com.vg.hero.kids.army.training.school","packageID":"com.vg.hero.kids.army.training.school"},"showTemplate":1,"s2s_tracking_url":"https:\/\/play.google.com\/store\/apps\/details?id=com.vg.hero.kids.army.training.school","activeCreativeID":"454","scenes":["12","1","8","6","15","2"],"campaignAdType":"Interstitial","productId":"","purchaseBit":0,"licenseKey":""},{"campaignID":"433","attribution":0,"priority":"5","appToPromote":{"appToPromoteID":"3339","usesDefaultFrameImage":"0","usesDefaultCloseImage":"0","marketURL":"https:\/\/play.google.com\/store\/apps\/details?id=com.gss.battle.force.counterterrorist","packageID":"com.gss.battle.force.counterterrorist"},"showTemplate":1,"s2s_tracking_url":"https:\/\/play.google.com\/store\/apps\/details?id=com.gss.battle.force.counterterrorist","activeCreativeID":"477","scenes":["12","1","8","6","15","2"],"campaignAdType":"Interstitial","productId":"","purchaseBit":0,"licenseKey":""},{"campaignID":"436","attribution":0,"priority":"5","appToPromote":{"appToPromoteID":"3282","usesDefaultFrameImage":"0","usesDefaultCloseImage":"0","marketURL":"https:\/\/play.google.com\/store\/apps\/details?id=com.tgp.city.rescue.survival.flyinghero","packageID":"com.tgp.city.rescue.survival.flyinghero"},"showTemplate":1,"s2s_tracking_url":"https:\/\/play.google.com\/store\/apps\/details?id=com.tgp.city.rescue.survival.flyinghero","activeCreativeID":"478","scenes":["12","1","8","6","15","2"],"campaignAdType":"Interstitial","productId":"","purchaseBit":0,"licenseKey":""},{"campaignID":"446","attribution":0,"priority":"5","appToPromote":{"appToPromoteID":"3390","usesDefaultFrameImage":"0","usesDefaultCloseImage":"0","marketURL":"https:\/\/play.google.com\/store\/apps\/details?id=com.gss.flying.spider.superhero.survival","packageID":"com.gss.flying.spider.superhero.survival"},"showTemplate":1,"s2s_tracking_url":"https:\/\/play.google.com\/store\/apps\/details?id=com.gss.flying.spider.superhero.survival","activeCreativeID":"488","scenes":["12","1","8","6","15","2"],"campaignAdType":"Interstitial","productId":"","purchaseBit":0,"licenseKey":""},{"campaignID":"493","attribution":0,"priority":"5","appToPromote":{"appToPromoteID":"3536","usesDefaultFrameImage":"0","usesDefaultCloseImage":"0","marketURL":"https:\/\/play.google.com\/store\/apps\/details?id=com.gss.us.army.secret.stealth.mission","packageID":"com.gss.us.army.secret.stealth.mission"},"showTemplate":1,"s2s_tracking_url":"https:\/\/play.google.com\/store\/apps\/details?id=com.gss.us.army.secret.stealth.mission","activeCreativeID":"556","scenes":["12","1","8","6","15","2"],"campaignAdType":"Interstitial","productId":"","purchaseBit":0,"licenseKey":""}],"refreshAdRate":30,"mode":"Production","aspectRatio":"4_3","cdnPath":"https:\/\/df8ymybeo92md.cloudfront.net\/images\/","sentry_log":0,"local_logging":0,"sentry_dsn":"https:\/\/93ffa1c9a4124f67b8888a53265f751a:bbf998e04584477fa9a145838e9d3b26@sentry.io\/168994","sentry_initialization":1,"sentry_debugging":0,"bannerSizes":["1","2"],"aspectRatioVideo":"16_9","app_id":"2251","showPreRewardedDialogue":0,"showPostRewardedDialogue":0,"rewardCurrency":"coins","rewardValue":0,"isSkipable":1,"privacyPolicyURL":"https:\/\/www.consoliads.com\/privacy-policy\/","sessionToken":"i8CRwrL4S9CX75vDmMTpXkJQ3amTAX90azmT5V0JdCnftOKd6NCYHz\/pIxDeSkSyM6ZY+a\/rrgDXc3xAL2pOQ0w3BeKYCLu1vu97X475BZtWr4KGDbo5IftjErrtBR4lsVu3BS+qSO2ydE+llF174Wg6p\/Lq9prcJkrONs47Tz0="}
Session token value is set

</DebugTrace>
      </Output>
    </UnitTestResult>
    <UnitTestResult executionId="ad3f08ff-e908-45ee-9d79-3712246606e9" testId="d249d328-6d44-2c2d-6ed9-e0b5d6f69772" testName="C_RecordClicksFromDeviceMainMethodCodeGenerator" computerName="DESKTOP-5AJ0SB3" duration="00:01:42.7730291" startTime="2021-01-05T13:01:49.5723927+05:00" endTime="2021-01-05T13:03:32.3611677+05:00" testType="13cdc9d9-ddb5-4fa4-a97d-d965ccfc6d4b" outcome="Passed" testListId="8c84fa94-04c1-424b-9868-57a2d4851a1d" relativeResultsDirectory="ad3f08ff-e908-45ee-9d79-3712246606e9">
      <Output>
        <DebugTrace>****************** SELECT campaigns.campaignID,campaigns.appID,apps.sdkID,apps.companyID,apps.osID FROM apps INNER JOIN campaigns ON apps.appID = campaigns.appID WHERE apps.sdkID &gt; 20 AND apps.appKey != '' AND campaigns.campaignID NOT IN (0 ,- 1 ,- 2 ,- 3 ,- 4 ,- 5) LIMIT 50
****************** 
****************** Select appKey , appID from apps where appkey!='' and sdkID &gt; 10 limit  50
****************** 
****************** JJpX85UiVMIIL76SOmx/V38lvKURDRVwbXc8U7kDRoSED310LrcjKfQCfTMxbOWRwnbjSNw8TDXz5pA3iwXrqBhoeqMc8fG7U9JpllMOOwdTpbf6vuddgS2LUhomvidi
****************** JJpX85UiVMIIL76SOmx/V38lvKURDRVwbXc8U7kDRoSED310LrcjKfQCfTMxbOWRwnbjSNw8TDXz5pA3iwXrqBhoeqMc8fG7U9JpllMOOwdTpbf6vuddgS2LUhomvidi
****************** JJpX85UiVMIIL76SOmx/V38lvKURDRVwbXc8U7kDRoSED310LrcjKfQCfTMxbOWRwnbjSNw8TDXz5pA3iwXrqBhoeqMc8fG7U9JpllMOOwdTpbf6vuddgS2LUhomvidi
****************** JJpX85UiVMIIL76SOmx/V38lvKURDRVwbXc8U7kDRoSED310LrcjKfQCfTMxbOWRwnbjSNw8TDXz5pA3iwXrqBhoeqMc8fG7U9JpllMOOwdTpbf6vuddgS2LUhomvidi
****************** JJpX85UiVMIIL76SOmx/V38lvKURDRVwbXc8U7kDRoSED310LrcjKfQCfTMxbOWRwnbjSNw8TDXz5pA3iwXrqBhoeqMc8fG7U9JpllMOOwdTpbf6vuddgS2LUhomvidi
****************** JJpX85UiVMIIL76SOmx/V38lvKURDRVwbXc8U7kDRoSED310LrcjKfQCfTMxbOWRwnbjSNw8TDXz5pA3iwXrqBhoeqMc8fG7U9JpllMOOwdTpbf6vuddgS2LUhomvidi
****************** JJpX85UiVMIIL76SOmx/V38lvKURDRVwbXc8U7kDRoSED310LrcjKfQCfTMxbOWRwnbjSNw8TDXz5pA3iwXrqBhoeqMc8fG7U9JpllMOOwdTpbf6vuddgS2LUhomvidi
****************** JJpX85UiVMIIL76SOmx/V38lvKURDRVwbXc8U7kDRoSED310LrcjKfQCfTMxbOWRwnbjSNw8TDXz5pA3iwXrqBhoeqMc8fG7U9JpllMOOwdTpbf6vuddgS2LUhomvidi
****************** JJpX85UiVMIIL76SOmx/V38lvKURDRVwbXc8U7kDRoSED310LrcjKfQCfTMxbOWRwnbjSNw8TDXz5pA3iwXrqBhoeqMc8fG7U9JpllMOOwdTpbf6vuddgS2LUhomvidi
****************** JJpX85UiVMIIL76SOmx/V38lvKURDRVwbXc8U7kDRoSED310LrcjKfQCfTMxbOWRwnbjSNw8TDXz5pA3iwXrqBhoeqMc8fG7U9JpllMOOwdTpbf6vuddgS2LUhomvidi
****************** JJpX85UiVMIIL76SOmx/V38lvKURDRVwbXc8U7kDRoSED310LrcjKfQCfTMxbOWRwnbjSNw8TDXz5pA3iwXrqBhoeqMc8fG7U9JpllMOOwdTpbf6vuddgS2LUhomvidi
****************** JJpX85UiVMIIL76SOmx/V38lvKURDRVwbXc8U7kDRoSED310LrcjKfQCfTMxbOWRwnbjSNw8TDXz5pA3iwXrqBhoeqMc8fG7U9JpllMOOwdTpbf6vuddgS2LUhomvidi
****************** JJpX85UiVMIIL76SOmx/V38lvKURDRVwbXc8U7kDRoSED310LrcjKfQCfTMxbOWRwnbjSNw8TDXz5pA3iwXrqBhoeqMc8fG7U9JpllMOOwdTpbf6vuddgS2LUhomvidi
****************** JJpX85UiVMIIL76SOmx/V38lvKURDRVwbXc8U7kDRoSED310LrcjKfQCfTMxbOWRwnbjSNw8TDXz5pA3iwXrqBhoeqMc8fG7U9JpllMOOwdTpbf6vuddgS2LUhomvidi
****************** JJpX85UiVMIIL76SOmx/V38lvKURDRVwbXc8U7kDRoSED310LrcjKfQCfTMxbOWRwnbjSNw8TDXz5pA3iwXrqBhoeqMc8fG7U9JpllMOOwdTpbf6vuddgS2LUhomvidi
****************** JJpX85UiVMIIL76SOmx/V38lvKURDRVwbXc8U7kDRoSED310LrcjKfQCfTMxbOWRwnbjSNw8TDXz5pA3iwXrqBhoeqMc8fG7U9JpllMOOwdTpbf6vuddgS2LUhomvidi
****************** JJpX85UiVMIIL76SOmx/V38lvKURDRVwbXc8U7kDRoSED310LrcjKfQCfTMxbOWRwnbjSNw8TDXz5pA3iwXrqBhoeqMc8fG7U9JpllMOOwdTpbf6vuddgS2LUhomvidi
****************** JJpX85UiVMIIL76SOmx/V38lvKURDRVwbXc8U7kDRoSED310LrcjKfQCfTMxbOWRwnbjSNw8TDXz5pA3iwXrqBhoeqMc8fG7U9JpllMOOwdTpbf6vuddgS2LUhomvidi
****************** JJpX85UiVMIIL76SOmx/V38lvKURDRVwbXc8U7kDRoSED310LrcjKfQCfTMxbOWRwnbjSNw8TDXz5pA3iwXrqBhoeqMc8fG7U9JpllMOOwdTpbf6vuddgS2LUhomvidi
****************** JJpX85UiVMIIL76SOmx/V38lvKURDRVwbXc8U7kDRoSED310LrcjKfQCfTMxbOWRwnbjSNw8TDXz5pA3iwXrqBhoeqMc8fG7U9JpllMOOwdTpbf6vuddgS2LUhomvidi
****************** JJpX85UiVMIIL76SOmx/V38lvKURDRVwbXc8U7kDRoSED310LrcjKfQCfTMxbOWRwnbjSNw8TDXz5pA3iwXrqBhoeqMc8fG7U9JpllMOOwdTpbf6vuddgS2LUhomvidi
****************** JJpX85UiVMIIL76SOmx/V38lvKURDRVwbXc8U7kDRoSED310LrcjKfQCfTMxbOWRwnbjSNw8TDXz5pA3iwXrqBhoeqMc8fG7U9JpllMOOwdTpbf6vuddgS2LUhomvidi
****************** JJpX85UiVMIIL76SOmx/V38lvKURDRVwbXc8U7kDRoSED310LrcjKfQCfTMxbOWRwnbjSNw8TDXz5pA3iwXrqBhoeqMc8fG7U9JpllMOOwdTpbf6vuddgS2LUhomvidi
****************** JJpX85UiVMIIL76SOmx/V38lvKURDRVwbXc8U7kDRoSED310LrcjKfQCfTMxbOWRwnbjSNw8TDXz5pA3iwXrqBhoeqMc8fG7U9JpllMOOwdTpbf6vuddgS2LUhomvidi
****************** JJpX85UiVMIIL76SOmx/V38lvKURDRVwbXc8U7kDRoSED310LrcjKfQCfTMxbOWRwnbjSNw8TDXz5pA3iwXrqBhoeqMc8fG7U9JpllMOOwdTpbf6vuddgS2LUhomvidi
****************** JJpX85UiVMIIL76SOmx/V38lvKURDRVwbXc8U7kDRoSED310LrcjKfQCfTMxbOWRwnbjSNw8TDXz5pA3iwXrqBhoeqMc8fG7U9JpllMOOwdTpbf6vuddgS2LUhomvidi
****************** JJpX85UiVMIIL76SOmx/V38lvKURDRVwbXc8U7kDRoSED310LrcjKfQCfTMxbOWRwnbjSNw8TDXz5pA3iwXrqBhoeqMc8fG7U9JpllMOOwdTpbf6vuddgS2LUhomvidi
****************** JJpX85UiVMIIL76SOmx/V38lvKURDRVwbXc8U7kDRoSED310LrcjKfQCfTMxbOWRwnbjSNw8TDXz5pA3iwXrqBhoeqMc8fG7U9JpllMOOwdTpbf6vuddgS2LUhomvidi
****************** JJpX85UiVMIIL76SOmx/V38lvKURDRVwbXc8U7kDRoSED310LrcjKfQCfTMxbOWRwnbjSNw8TDXz5pA3iwXrqBhoeqMc8fG7U9JpllMOOwdTpbf6vuddgS2LUhomvidi
****************** JJpX85UiVMIIL76SOmx/V38lvKURDRVwbXc8U7kDRoSED310LrcjKfQCfTMxbOWRwnbjSNw8TDXz5pA3iwXrqBhoeqMc8fG7U9JpllMOOwdTpbf6vuddgS2LUhomvidi
****************** JJpX85UiVMIIL76SOmx/V38lvKURDRVwbXc8U7kDRoSED310LrcjKfQCfTMxbOWRwnbjSNw8TDXz5pA3iwXrqBhoeqMc8fG7U9JpllMOOwdTpbf6vuddgS2LUhomvidi
****************** JJpX85UiVMIIL76SOmx/V38lvKURDRVwbXc8U7kDRoSED310LrcjKfQCfTMxbOWRwnbjSNw8TDXz5pA3iwXrqBhoeqMc8fG7U9JpllMOOwdTpbf6vuddgS2LUhomvidi
****************** JJpX85UiVMIIL76SOmx/V38lvKURDRVwbXc8U7kDRoSED310LrcjKfQCfTMxbOWRwnbjSNw8TDXz5pA3iwXrqBhoeqMc8fG7U9JpllMOOwdTpbf6vuddgS2LUhomvidi
****************** JJpX85UiVMIIL76SOmx/V38lvKURDRVwbXc8U7kDRoSED310LrcjKfQCfTMxbOWRwnbjSNw8TDXz5pA3iwXrqBhoeqMc8fG7U9JpllMOOwdTpbf6vuddgS2LUhomvidi
****************** JJpX85UiVMIIL76SOmx/V38lvKURDRVwbXc8U7kDRoSED310LrcjKfQCfTMxbOWRwnbjSNw8TDXz5pA3iwXrqBhoeqMc8fG7U9JpllMOOwdTpbf6vuddgS2LUhomvidi
****************** JJpX85UiVMIIL76SOmx/V38lvKURDRVwbXc8U7kDRoSED310LrcjKfQCfTMxbOWRwnbjSNw8TDXz5pA3iwXrqBhoeqMc8fG7U9JpllMOOwdTpbf6vuddgS2LUhomvidi
****************** JJpX85UiVMIIL76SOmx/V38lvKURDRVwbXc8U7kDRoSED310LrcjKfQCfTMxbOWRwnbjSNw8TDXz5pA3iwXrqBhoeqMc8fG7U9JpllMOOwdTpbf6vuddgS2LUhomvidi
****************** JJpX85UiVMIIL76SOmx/V38lvKURDRVwbXc8U7kDRoSED310LrcjKfQCfTMxbOWRwnbjSNw8TDXz5pA3iwXrqBhoeqMc8fG7U9JpllMOOwdTpbf6vuddgS2LUhomvidi
****************** JJpX85UiVMIIL76SOmx/V38lvKURDRVwbXc8U7kDRoSED310LrcjKfQCfTMxbOWRwnbjSNw8TDXz5pA3iwXrqBhoeqMc8fG7U9JpllMOOwdTpbf6vuddgS2LUhomvidi
****************** JJpX85UiVMIIL76SOmx/V38lvKURDRVwbXc8U7kDRoSED310LrcjKfQCfTMxbOWRwnbjSNw8TDXz5pA3iwXrqBhoeqMc8fG7U9JpllMOOwdTpbf6vuddgS2LUhomvidi
****************** JJpX85UiVMIIL76SOmx/V38lvKURDRVwbXc8U7kDRoSED310LrcjKfQCfTMxbOWRwnbjSNw8TDXz5pA3iwXrqBhoeqMc8fG7U9JpllMOOwdTpbf6vuddgS2LUhomvidi
****************** JJpX85UiVMIIL76SOmx/V38lvKURDRVwbXc8U7kDRoSED310LrcjKfQCfTMxbOWRwnbjSNw8TDXz5pA3iwXrqBhoeqMc8fG7U9JpllMOOwdTpbf6vuddgS2LUhomvidi
****************** JJpX85UiVMIIL76SOmx/V38lvKURDRVwbXc8U7kDRoSED310LrcjKfQCfTMxbOWRwnbjSNw8TDXz5pA3iwXrqBhoeqMc8fG7U9JpllMOOwdTpbf6vuddgS2LUhomvidi
****************** JJpX85UiVMIIL76SOmx/V38lvKURDRVwbXc8U7kDRoSED310LrcjKfQCfTMxbOWRwnbjSNw8TDXz5pA3iwXrqBhoeqMc8fG7U9JpllMOOwdTpbf6vuddgS2LUhomvidi
****************** JJpX85UiVMIIL76SOmx/V38lvKURDRVwbXc8U7kDRoSED310LrcjKfQCfTMxbOWRwnbjSNw8TDXz5pA3iwXrqBhoeqMc8fG7U9JpllMOOwdTpbf6vuddgS2LUhomvidi
****************** JJpX85UiVMIIL76SOmx/V38lvKURDRVwbXc8U7kDRoSED310LrcjKfQCfTMxbOWRwnbjSNw8TDXz5pA3iwXrqBhoeqMc8fG7U9JpllMOOwdTpbf6vuddgS2LUhomvidi
****************** JJpX85UiVMIIL76SOmx/V38lvKURDRVwbXc8U7kDRoSED310LrcjKfQCfTMxbOWRwnbjSNw8TDXz5pA3iwXrqBhoeqMc8fG7U9JpllMOOwdTpbf6vuddgS2LUhomvidi
****************** JJpX85UiVMIIL76SOmx/V38lvKURDRVwbXc8U7kDRoSED310LrcjKfQCfTMxbOWRwnbjSNw8TDXz5pA3iwXrqBhoeqMc8fG7U9JpllMOOwdTpbf6vuddgS2LUhomvidi
****************** JJpX85UiVMIIL76SOmx/V38lvKURDRVwbXc8U7kDRoSED310LrcjKfQCfTMxbOWRwnbjSNw8TDXz5pA3iwXrqBhoeqMc8fG7U9JpllMOOwdTpbf6vuddgS2LUhomvidi
****************** JJpX85UiVMIIL76SOmx/V38lvKURDRVwbXc8U7kDRoSED310LrcjKfQCfTMxbOWRwnbjSNw8TDXz5pA3iwXrqBhoeqMc8fG7U9JpllMOOwdTpbf6vuddgS2LUhomvidi
</DebugTrace>
      </Output>
    </UnitTestResult>
    <UnitTestResult executionId="404400a8-7102-483f-a97e-03388ddbe928" testId="20f0da05-06f5-50cc-bee5-9ac7cf561794" testName="D_SaveNetworkrStatsMainMethodCodeGenerator" computerName="DESKTOP-5AJ0SB3" duration="00:01:14.5053777" startTime="2021-01-05T13:03:32.3631662+05:00" endTime="2021-01-05T13:04:46.8774462+05:00" testType="13cdc9d9-ddb5-4fa4-a97d-d965ccfc6d4b" outcome="Passed" testListId="8c84fa94-04c1-424b-9868-57a2d4851a1d" relativeResultsDirectory="404400a8-7102-483f-a97e-03388ddbe928">
      <Output>
        <DebugTrace>****************** http://52.13.174.6/sheeda/admin/analytics/saveNetworkStats
****************** SELECT apps.package, apps.osID, apps.appID, apps.companyID,apps.sdkID,sdk_info.ver from apps INNER JOIN sdk_info ON apps.sdkID = sdk_info.sdkID where apps.sdkID &gt; 20 Limit 50
****************** 
****************** select adID from ads where ad_type != 'analytics';
****************** 
****************** JJpX85UiVMIIL76SOmx/V38lvKURDRVwbXc8U7kDRoSED310LrcjKfQCfTMxbOWRwnbjSNw8TDXz5pA3iwXrqBhoeqMc8fG7U9JpllMOOwdTpbf6vuddgS2LUhomvidi
****************** http://52.13.174.6/sheeda/admin/analytics/saveNetworkStats
message value is correct
Session token value is set

****************** http://52.13.174.6/sheeda/admin/analytics/saveNetworkStats
Message value not appearing correctly
****************** http://52.13.174.6/sheeda/admin/analytics/saveNetworkStats
message value is correct
Session token value is set

****************** http://52.13.174.6/sheeda/admin/analytics/saveNetworkStats
message value is correct
Session token value is set

****************** http://52.13.174.6/sheeda/admin/analytics/saveNetworkStats
{"package":"com.rgs.sand.excavator.truck.simulator","store":"41","uniqueDeviceID":"3869","appID":"","deviceID":"","region":"","adsQueueEventStats":[{"adID":"4","sceneID":"10","request":"387","impression":"387","click":"387"}],"gssdkVersion":"3.2.2","sdkVersionID":"39","sdkVersion":"39","sessionToken":"zhBvkHm5jJe316i8Y5QGX\/oRjiI9jewV+J2CfdhBfI+Es3JdVgoa2Np2ZdrqDp0oC65j26NEPG9RqihRHdCqeOjXRm3x\/i6NrpHDfbd1LAV\/l4D\/rqprQeP4eVWWEX5e"}: http://52.13.174.6/sheeda/admin/analytics/saveNetworkStatsAPI failed as it is not correct json response in content type. A PHP error has encoutered  4
&lt;div style="border:1px solid #990000;padding-left:20px;margin:0 0 10px 0;"&gt;

&lt;h4&gt;A PHP Error was encountered&lt;/h4&gt;

&lt;p&gt;Severity: Notice&lt;/p&gt;
&lt;p&gt;Message:  Undefined offset: 0&lt;/p&gt;
&lt;p&gt;Filename: controllers/Mediation.php&lt;/p&gt;
&lt;p&gt;Line Number: 656&lt;/p&gt;


	&lt;p&gt;Backtrace:&lt;/p&gt;
	
		
	
		
	
		
			&lt;p style="margin-left:10px"&gt;
			File: /var/www/html/sheeda/admin/3.0.1/modules/mediation/controllers/Mediation.php&lt;br /&gt;
			Line: 656&lt;br /&gt;
			Function: _error_handler			&lt;/p&gt;

		
	
		
	
		
			&lt;p style="margin-left:10px"&gt;
			File: /var/www/html/sheeda/admin/3.0.1/libraries/REST_Controller.php&lt;br /&gt;
			Line: 688&lt;br /&gt;
			Function: call_user_func_array			&lt;/p&gt;

		
	
		
	
		
	
		
			&lt;p style="margin-left:10px"&gt;
			File: /var/www/html/sheeda/admin/3.0.1.php&lt;br /&gt;
			Line: 307&lt;br /&gt;
			Function: require_once			&lt;/p&gt;

		
	
		
			&lt;p style="margin-left:10px"&gt;
			File: /var/www/html/sheeda/admin/index.php&lt;br /&gt;
			Line: 69&lt;br /&gt;
			Function: require			&lt;/p&gt;

		
	

&lt;/div&gt;&lt;br /&gt;
&lt;b&gt;Notice&lt;/b&gt;:  Trying to get property of non-object in &lt;b&gt;/var/www/html/sheeda/admin/3.0.1/modules/mediation/controllers/Mediation.php&lt;/b&gt; on line &lt;b&gt;656&lt;/b&gt;&lt;br /&gt;
{"message":"App belongs to an inactive brand."}
****************** http://52.13.174.6/sheeda/admin/analytics/saveNetworkStats
message value is correct
Session token value is set

****************** http://52.13.174.6/sheeda/admin/analytics/saveNetworkStats
Message value not appearing correctly
****************** http://52.13.174.6/sheeda/admin/analytics/saveNetworkStats
Message value not appearing correctly
****************** http://52.13.174.6/sheeda/admin/analytics/saveNetworkStats
Message value not appearing correctly
****************** http://52.13.174.6/sheeda/admin/analytics/saveNetworkStats
message value is correct
Session token value is set

****************** http://52.13.174.6/sheeda/admin/analytics/saveNetworkStats
{"package":"com.threed.sand.excavator.simulator","store":"41","uniqueDeviceID":"5909","appID":"","deviceID":"","region":"","adsQueueEventStats":[{"adID":"10","sceneID":"15","request":"591","impression":"591","click":"591"}],"gssdkVersion":"5.1.3-1","sdkVersionID":"2163","sdkVersion":"2163","sessionToken":"ycruIzWY6jl8eyEUSeO8WqxhTLfsfaR59AEYbB34ex2wK9ykcukPE3IEoJFNKnoZnsJzWgKXLIY2WDM4E2AUHe6RlBDOfGcNoWmgkWIUkMckyol+X+JN21SCwhsAgqbB"}: http://52.13.174.6/sheeda/admin/analytics/saveNetworkStatsAPI failed as it is not correct json response in content type. A PHP error has encoutered  10
&lt;div style="border:1px solid #990000;padding-left:20px;margin:0 0 10px 0;"&gt;

&lt;h4&gt;A PHP Error was encountered&lt;/h4&gt;

&lt;p&gt;Severity: Notice&lt;/p&gt;
&lt;p&gt;Message:  Undefined offset: 0&lt;/p&gt;
&lt;p&gt;Filename: controllers/Mediation.php&lt;/p&gt;
&lt;p&gt;Line Number: 656&lt;/p&gt;


	&lt;p&gt;Backtrace:&lt;/p&gt;
	
		
	
		
	
		
			&lt;p style="margin-left:10px"&gt;
			File: /var/www/html/sheeda/admin/3.0.1/modules/mediation/controllers/Mediation.php&lt;br /&gt;
			Line: 656&lt;br /&gt;
			Function: _error_handler			&lt;/p&gt;

		
	
		
	
		
			&lt;p style="margin-left:10px"&gt;
			File: /var/www/html/sheeda/admin/3.0.1/libraries/REST_Controller.php&lt;br /&gt;
			Line: 688&lt;br /&gt;
			Function: call_user_func_array			&lt;/p&gt;

		
	
		
	
		
	
		
			&lt;p style="margin-left:10px"&gt;
			File: /var/www/html/sheeda/admin/3.0.1.php&lt;br /&gt;
			Line: 307&lt;br /&gt;
			Function: require_once			&lt;/p&gt;

		
	
		
			&lt;p style="margin-left:10px"&gt;
			File: /var/www/html/sheeda/admin/index.php&lt;br /&gt;
			Line: 69&lt;br /&gt;
			Function: require			&lt;/p&gt;

		
	

&lt;/div&gt;&lt;br /&gt;
&lt;b&gt;Notice&lt;/b&gt;:  Trying to get property of non-object in &lt;b&gt;/var/www/html/sheeda/admin/3.0.1/modules/mediation/controllers/Mediation.php&lt;/b&gt; on line &lt;b&gt;656&lt;/b&gt;&lt;br /&gt;
{"message":"App belongs to an inactive brand."}
****************** http://52.13.174.6/sheeda/admin/analytics/saveNetworkStats
{"package":"com.threed.sand.excavator.simulator","store":"43","uniqueDeviceID":"9780","appID":"","deviceID":"","region":"","adsQueueEventStats":[{"adID":"11","sceneID":"25","request":"978","impression":"978","click":"978"}],"gssdkVersion":"5.1.3","sdkVersionID":"2151","sdkVersion":"2151","sessionToken":"ycruIzWY6jl8eyEUSeO8WqxhTLfsfaR59AEYbB34ex2wK9ykcukPE3IEoJFNKnoZnsJzWgKXLIY2WDM4E2AUHe6RlBDOfGcNoWmgkWIUkMckyol+X+JN21SCwhsAgqbB"}: http://52.13.174.6/sheeda/admin/analytics/saveNetworkStatsAPI failed as it is not correct json response in content type. A PHP error has encoutered  11
&lt;div style="border:1px solid #990000;padding-left:20px;margin:0 0 10px 0;"&gt;

&lt;h4&gt;A PHP Error was encountered&lt;/h4&gt;

&lt;p&gt;Severity: Notice&lt;/p&gt;
&lt;p&gt;Message:  Undefined offset: 0&lt;/p&gt;
&lt;p&gt;Filename: controllers/Mediation.php&lt;/p&gt;
&lt;p&gt;Line Number: 656&lt;/p&gt;


	&lt;p&gt;Backtrace:&lt;/p&gt;
	
		
	
		
	
		
			&lt;p style="margin-left:10px"&gt;
			File: /var/www/html/sheeda/admin/3.0.1/modules/mediation/controllers/Mediation.php&lt;br /&gt;
			Line: 656&lt;br /&gt;
			Function: _error_handler			&lt;/p&gt;

		
	
		
	
		
			&lt;p style="margin-left:10px"&gt;
			File: /var/www/html/sheeda/admin/3.0.1/libraries/REST_Controller.php&lt;br /&gt;
			Line: 688&lt;br /&gt;
			Function: call_user_func_array			&lt;/p&gt;

		
	
		
	
		
	
		
			&lt;p style="margin-left:10px"&gt;
			File: /var/www/html/sheeda/admin/3.0.1.php&lt;br /&gt;
			Line: 307&lt;br /&gt;
			Function: require_once			&lt;/p&gt;

		
	
		
			&lt;p style="margin-left:10px"&gt;
			File: /var/www/html/sheeda/admin/index.php&lt;br /&gt;
			Line: 69&lt;br /&gt;
			Function: require			&lt;/p&gt;

		
	

&lt;/div&gt;&lt;br /&gt;
&lt;b&gt;Notice&lt;/b&gt;:  Trying to get property of non-object in &lt;b&gt;/var/www/html/sheeda/admin/3.0.1/modules/mediation/controllers/Mediation.php&lt;/b&gt; on line &lt;b&gt;656&lt;/b&gt;&lt;br /&gt;
{"message":"App belongs to an inactive brand."}
****************** http://52.13.174.6/sheeda/admin/analytics/saveNetworkStats
message value is correct
Session token value is set

****************** http://52.13.174.6/sheeda/admin/analytics/saveNetworkStats
message value is correct
Session token value is set

****************** http://52.13.174.6/sheeda/admin/analytics/saveNetworkStats
{"package":"1.0","store":"42","uniqueDeviceID":"7317","appID":"","deviceID":"","region":"","adsQueueEventStats":[{"adID":"15","sceneID":"19","request":"731","impression":"731","click":"731"}],"gssdkVersion":"3.2.2","sdkVersionID":"39","sdkVersion":"39","sessionToken":"JSafMbsyO7uIi6j7BaH4yRC3BkNdZSIYV56daDUdUVyF80rmrGRqUuvgrL5M\/EUAYZZweezX\/ucHx\/BY\/Rv9\/Gc+TpcuZfs4YHvIbUdt1vicG09oLB411A5aJPRJFHqj"}: http://52.13.174.6/sheeda/admin/analytics/saveNetworkStatsAPI failed as it is not correct json response in content type. A PHP error has encoutered  14
&lt;div style="border:1px solid #990000;padding-left:20px;margin:0 0 10px 0;"&gt;

&lt;h4&gt;A PHP Error was encountered&lt;/h4&gt;

&lt;p&gt;Severity: Notice&lt;/p&gt;
&lt;p&gt;Message:  Undefined offset: 0&lt;/p&gt;
&lt;p&gt;Filename: controllers/Mediation.php&lt;/p&gt;
&lt;p&gt;Line Number: 656&lt;/p&gt;


	&lt;p&gt;Backtrace:&lt;/p&gt;
	
		
	
		
	
		
			&lt;p style="margin-left:10px"&gt;
			File: /var/www/html/sheeda/admin/3.0.1/modules/mediation/controllers/Mediation.php&lt;br /&gt;
			Line: 656&lt;br /&gt;
			Function: _error_handler			&lt;/p&gt;

		
	
		
	
		
			&lt;p style="margin-left:10px"&gt;
			File: /var/www/html/sheeda/admin/3.0.1/libraries/REST_Controller.php&lt;br /&gt;
			Line: 688&lt;br /&gt;
			Function: call_user_func_array			&lt;/p&gt;

		
	
		
	
		
	
		
			&lt;p style="margin-left:10px"&gt;
			File: /var/www/html/sheeda/admin/3.0.1.php&lt;br /&gt;
			Line: 307&lt;br /&gt;
			Function: require_once			&lt;/p&gt;

		
	
		
			&lt;p style="margin-left:10px"&gt;
			File: /var/www/html/sheeda/admin/index.php&lt;br /&gt;
			Line: 69&lt;br /&gt;
			Function: require			&lt;/p&gt;

		
	

&lt;/div&gt;&lt;br /&gt;
&lt;b&gt;Notice&lt;/b&gt;:  Trying to get property of non-object in &lt;b&gt;/var/www/html/sheeda/admin/3.0.1/modules/mediation/controllers/Mediation.php&lt;/b&gt; on line &lt;b&gt;656&lt;/b&gt;&lt;br /&gt;
{"message":"App belongs to an inactive brand."}
****************** http://52.13.174.6/sheeda/admin/analytics/saveNetworkStats
Message value not appearing correctly
****************** http://52.13.174.6/sheeda/admin/analytics/saveNetworkStats
Message value not appearing correctly
****************** http://52.13.174.6/sheeda/admin/analytics/saveNetworkStats
Message value not appearing correctly
****************** http://52.13.174.6/sheeda/admin/analytics/saveNetworkStats
{"package":"com.threed.horse.simulator","store":"41","uniqueDeviceID":"2346","appID":"","deviceID":"","region":"","adsQueueEventStats":[{"adID":"21","sceneID":"6","request":"235","impression":"235","click":"235"}],"gssdkVersion":"4.10.2","sdkVersionID":"2089","sdkVersion":"2089","sessionToken":"JSafMbsyO7uIi6j7BaH4yRC3BkNdZSIYV56daDUdUVyF80rmrGRqUuvgrL5M\/EUAYZZweezX\/ucHx\/BY\/Rv9\/Gc+TpcuZfs4YHvIbUdt1vicG09oLB411A5aJPRJFHqj"}: http://52.13.174.6/sheeda/admin/analytics/saveNetworkStatsAPI failed as it is not correct json response in content type. A PHP error has encoutered  18
&lt;div style="border:1px solid #990000;padding-left:20px;margin:0 0 10px 0;"&gt;

&lt;h4&gt;A PHP Error was encountered&lt;/h4&gt;

&lt;p&gt;Severity: Notice&lt;/p&gt;
&lt;p&gt;Message:  Undefined offset: 0&lt;/p&gt;
&lt;p&gt;Filename: controllers/Mediation.php&lt;/p&gt;
&lt;p&gt;Line Number: 656&lt;/p&gt;


	&lt;p&gt;Backtrace:&lt;/p&gt;
	
		
	
		
	
		
			&lt;p style="margin-left:10px"&gt;
			File: /var/www/html/sheeda/admin/3.0.1/modules/mediation/controllers/Mediation.php&lt;br /&gt;
			Line: 656&lt;br /&gt;
			Function: _error_handler			&lt;/p&gt;

		
	
		
	
		
			&lt;p style="margin-left:10px"&gt;
			File: /var/www/html/sheeda/admin/3.0.1/libraries/REST_Controller.php&lt;br /&gt;
			Line: 688&lt;br /&gt;
			Function: call_user_func_array			&lt;/p&gt;

		
	
		
	
		
	
		
			&lt;p style="margin-left:10px"&gt;
			File: /var/www/html/sheeda/admin/3.0.1.php&lt;br /&gt;
			Line: 307&lt;br /&gt;
			Function: require_once			&lt;/p&gt;

		
	
		
			&lt;p style="margin-left:10px"&gt;
			File: /var/www/html/sheeda/admin/index.php&lt;br /&gt;
			Line: 69&lt;br /&gt;
			Function: require			&lt;/p&gt;

		
	

&lt;/div&gt;&lt;br /&gt;
&lt;b&gt;Notice&lt;/b&gt;:  Trying to get property of non-object in &lt;b&gt;/var/www/html/sheeda/admin/3.0.1/modules/mediation/controllers/Mediation.php&lt;/b&gt; on line &lt;b&gt;656&lt;/b&gt;&lt;br /&gt;
{"message":"App belongs to an inactive brand."}
****************** http://52.13.174.6/sheeda/admin/analytics/saveNetworkStats
message value is correct
Session token value is set

****************** http://52.13.174.6/sheeda/admin/analytics/saveNetworkStats
message value is correct
Session token value is set

****************** http://52.13.174.6/sheeda/admin/analytics/saveNetworkStats
message value is correct
Session token value is set

****************** http://52.13.174.6/sheeda/admin/analytics/saveNetworkStats
message value is correct
Session token value is set

****************** http://52.13.174.6/sheeda/admin/analytics/saveNetworkStats
Message value not appearing correctly
****************** http://52.13.174.6/sheeda/admin/analytics/saveNetworkStats
{"package":"com.threed.wild.hungry.wolves","store":"41","uniqueDeviceID":"4942","appID":"","deviceID":"","region":"","adsQueueEventStats":[{"adID":"27","sceneID":"13","request":"494","impression":"494","click":"494"}],"gssdkVersion":"5.1.3-1","sdkVersionID":"2163","sdkVersion":"2163","sessionToken":"ofqdbqtZonIaagqkMWy7riFxzkGSDhkYGVFnaiHG0I9d+69JmYyliIwOK\/zItJ2FTZCtQA38bmQ94t27RGc2f6weBdb\/9Ufn1g78rzUY1hb3mROO9T79aa9PGrQKhxbi"}: http://52.13.174.6/sheeda/admin/analytics/saveNetworkStatsAPI failed as it is not correct json response in content type. A PHP error has encoutered  24
&lt;div style="border:1px solid #990000;padding-left:20px;margin:0 0 10px 0;"&gt;

&lt;h4&gt;A PHP Error was encountered&lt;/h4&gt;

&lt;p&gt;Severity: Notice&lt;/p&gt;
&lt;p&gt;Message:  Undefined offset: 0&lt;/p&gt;
&lt;p&gt;Filename: controllers/Mediation.php&lt;/p&gt;
&lt;p&gt;Line Number: 656&lt;/p&gt;


	&lt;p&gt;Backtrace:&lt;/p&gt;
	
		
	
		
	
		
			&lt;p style="margin-left:10px"&gt;
			File: /var/www/html/sheeda/admin/3.0.1/modules/mediation/controllers/Mediation.php&lt;br /&gt;
			Line: 656&lt;br /&gt;
			Function: _error_handler			&lt;/p&gt;

		
	
		
	
		
			&lt;p style="margin-left:10px"&gt;
			File: /var/www/html/sheeda/admin/3.0.1/libraries/REST_Controller.php&lt;br /&gt;
			Line: 688&lt;br /&gt;
			Function: call_user_func_array			&lt;/p&gt;

		
	
		
	
		
	
		
			&lt;p style="margin-left:10px"&gt;
			File: /var/www/html/sheeda/admin/3.0.1.php&lt;br /&gt;
			Line: 307&lt;br /&gt;
			Function: require_once			&lt;/p&gt;

		
	
		
			&lt;p style="margin-left:10px"&gt;
			File: /var/www/html/sheeda/admin/index.php&lt;br /&gt;
			Line: 69&lt;br /&gt;
			Function: require			&lt;/p&gt;

		
	

&lt;/div&gt;&lt;br /&gt;
&lt;b&gt;Notice&lt;/b&gt;:  Trying to get property of non-object in &lt;b&gt;/var/www/html/sheeda/admin/3.0.1/modules/mediation/controllers/Mediation.php&lt;/b&gt; on line &lt;b&gt;656&lt;/b&gt;&lt;br /&gt;
{"message":"App belongs to an inactive brand."}
****************** http://52.13.174.6/sheeda/admin/analytics/saveNetworkStats
Message value not appearing correctly
****************** http://52.13.174.6/sheeda/admin/analytics/saveNetworkStats
message value is correct
Session token value is set

****************** http://52.13.174.6/sheeda/admin/analytics/saveNetworkStats
message value is correct
Session token value is set

****************** http://52.13.174.6/sheeda/admin/analytics/saveNetworkStats
message value is correct
Session token value is set

****************** http://52.13.174.6/sheeda/admin/analytics/saveNetworkStats
message value is correct
Session token value is set

****************** http://52.13.174.6/sheeda/admin/analytics/saveNetworkStats
message value is correct
Session token value is set

****************** http://52.13.174.6/sheeda/admin/analytics/saveNetworkStats
message value is correct
****************** http://52.13.174.6/sheeda/admin/analytics/saveNetworkStats
message value is correct
Session token value is set

****************** http://52.13.174.6/sheeda/admin/analytics/saveNetworkStats
message value is correct
Session token value is set

****************** http://52.13.174.6/sheeda/admin/analytics/saveNetworkStats
message value is correct
****************** http://52.13.174.6/sheeda/admin/analytics/saveNetworkStats
message value is correct
Session token value is set

****************** http://52.13.174.6/sheeda/admin/analytics/saveNetworkStats
message value is correct
****************** http://52.13.174.6/sheeda/admin/analytics/saveNetworkStats
message value is correct
Session token value is set

****************** http://52.13.174.6/sheeda/admin/analytics/saveNetworkStats
message value is correct
Session token value is set

****************** http://52.13.174.6/sheeda/admin/analytics/saveNetworkStats
message value is correct
Session token value is set

****************** http://52.13.174.6/sheeda/admin/analytics/saveNetworkStats
message value is correct
Session token value is set

****************** http://52.13.174.6/sheeda/admin/analytics/saveNetworkStats
message value is correct
Session token value is set

****************** http://52.13.174.6/sheeda/admin/analytics/saveNetworkStats
message value is correct
Session token value is set

****************** http://52.13.174.6/sheeda/admin/analytics/saveNetworkStats
message value is correct
Session token value is set

****************** http://52.13.174.6/sheeda/admin/analytics/saveNetworkStats
message value is correct
****************** http://52.13.174.6/sheeda/admin/analytics/saveNetworkStats
message value is correct
Session token value is set

****************** http://52.13.174.6/sheeda/admin/analytics/saveNetworkStats
message value is correct
****************** http://52.13.174.6/sheeda/admin/analytics/saveNetworkStats
message value is correct
****************** http://52.13.174.6/sheeda/admin/analytics/saveNetworkStats
message value is correct
Session token value is set

****************** http://52.13.174.6/sheeda/admin/analytics/saveNetworkStats
message value is correct
Session token value is set

</DebugTrace>
      </Output>
    </UnitTestResult>
    <UnitTestResult executionId="455a5cd9-1f91-491a-8b42-8a8530791d0a" testId="bfc1b289-dbbb-3bad-fc5e-78e601449e19" testName="E_StartNewAdSessionMainInputGenerator" computerName="DESKTOP-5AJ0SB3" duration="00:01:48.0443453" startTime="2021-01-05T13:04:46.8834429+05:00" endTime="2021-01-05T13:06:34.9524866+05:00" testType="13cdc9d9-ddb5-4fa4-a97d-d965ccfc6d4b" outcome="Passed" testListId="8c84fa94-04c1-424b-9868-57a2d4851a1d" relativeResultsDirectory="455a5cd9-1f91-491a-8b42-8a8530791d0a">
      <Output>
        <DebugTrace>****************** Select appKey , sdkID from apps where appkey!='' and sdkID &gt; 20 LIMIT 50
****************** 

{"appKey":"cf9b5e65c71c19e37f7fdec53fc4bd1d","osVersion":"9.0","orientation":"0","is_mac":"0","model":"GT-Nnnn0","deviceID":"824","telco_operator":"","cpu":"0","brand":"HUAWEI","userConsent":"0","internet_connectivity":"0","height":"429","architecture":"","width":"429","resolution":"1280x720","ram":"953,45 MB","sdkVersion":"2001","product":"j7xeltexx","devMode":"0"}
cache_ttl value is correct

Refresh Ad Rate value is correct
mode value is set

 Aspect ratio value is correct
sentry_log value is set
local_logging value is set
sentry_initialization value is set
sentry_debugging value is set
showPreRewardedDialogue value is set
showPostRewardedDialogue value is set
isSkipable value is set
{"cache_ttl":10080,"cache_ttl_rewarded":10080,"cache_ttl_banner":10080,"cache_ttl_native":10080,"cache_ttl_icon":10080,"campaigns":[{"campaignID":"138","attribution":0,"priority":"5","appToPromote":{"appToPromoteID":"1817","usesDefaultFrameImage":"1","usesDefaultCloseImage":"1","marketURL":"https:\/\/play.google.com\/store\/apps\/details?id=com.molev.army.shooting.training.game","packageID":"com.molev.army.shooting.training.game"},"showTemplate":1,"s2s_tracking_url":"https:\/\/play.google.com\/store\/apps\/details?id=com.molev.army.shooting.training.game","activeCreativeID":"130","scenes":["2","1"],"campaignAdType":"Interstitial","productId":"","purchaseBit":0,"licenseKey":""},{"campaignID":"138","attribution":0,"priority":"5","appToPromote":{"appToPromoteID":"1817","usesDefaultFrameImage":"1","usesDefaultCloseImage":"1","marketURL":"https:\/\/play.google.com\/store\/apps\/details?id=com.molev.army.shooting.training.game","packageID":"com.molev.army.shooting.training.game"},"showTemplate":1,"s2s_tracking_url":"https:\/\/play.google.com\/store\/apps\/details?id=com.molev.army.shooting.training.game","activeCreativeID":"130","scenes":["2","1"],"campaignAdType":"Interstitial","productId":"","purchaseBit":0,"licenseKey":""},{"campaignID":"138","attribution":0,"priority":"5","appToPromote":{"appToPromoteID":"1817","usesDefaultFrameImage":"1","usesDefaultCloseImage":"1","marketURL":"https:\/\/play.google.com\/store\/apps\/details?id=com.molev.army.shooting.training.game","packageID":"com.molev.army.shooting.training.game"},"showTemplate":1,"s2s_tracking_url":"https:\/\/play.google.com\/store\/apps\/details?id=com.molev.army.shooting.training.game","activeCreativeID":"130","scenes":["2","1"],"campaignAdType":"Interstitial","productId":"","purchaseBit":0,"licenseKey":""},{"campaignID":"138","attribution":0,"priority":"5","appToPromote":{"appToPromoteID":"1817","usesDefaultFrameImage":"1","usesDefaultCloseImage":"1","marketURL":"https:\/\/play.google.com\/store\/apps\/details?id=com.molev.army.shooting.training.game","packageID":"com.molev.army.shooting.training.game"},"showTemplate":1,"s2s_tracking_url":"https:\/\/play.google.com\/store\/apps\/details?id=com.molev.army.shooting.training.game","activeCreativeID":"130","scenes":["2","1"],"campaignAdType":"Interstitial","productId":"","purchaseBit":0,"licenseKey":""},{"campaignID":"138","attribution":0,"priority":"5","appToPromote":{"appToPromoteID":"1817","usesDefaultFrameImage":"1","usesDefaultCloseImage":"1","marketURL":"https:\/\/play.google.com\/store\/apps\/details?id=com.molev.army.shooting.training.game","packageID":"com.molev.army.shooting.training.game"},"showTemplate":1,"s2s_tracking_url":"https:\/\/play.google.com\/store\/apps\/details?id=com.molev.army.shooting.training.game","activeCreativeID":"130","scenes":["2","1"],"campaignAdType":"Interstitial","productId":"","purchaseBit":0,"licenseKey":""},{"campaignID":"138","attribution":0,"priority":"5","appToPromote":{"appToPromoteID":"1817","usesDefaultFrameImage":"1","usesDefaultCloseImage":"1","marketURL":"https:\/\/play.google.com\/store\/apps\/details?id=com.molev.army.shooting.training.game","packageID":"com.molev.army.shooting.training.game"},"showTemplate":1,"s2s_tracking_url":"https:\/\/play.google.com\/store\/apps\/details?id=com.molev.army.shooting.training.game","activeCreativeID":"130","scenes":["2","1"],"campaignAdType":"Interstitial","productId":"","purchaseBit":0,"licenseKey":""},{"campaignID":"8378","attribution":0,"priority":"8","appToPromote":{"appToPromoteID":"16480","usesDefaultFrameImage":"0","usesDefaultCloseImage":"0","marketURL":"https:\/\/play.google.com\/store\/apps\/details?id=com.nag.home.manager.working.virtual.mom","packageID":"com.GSS317.AmazingFamily"},"showTemplate":1,"s2s_tracking_url":"https:\/\/play.google.com\/store\/apps\/details?id=com.nag.home.manager.working.virtual.mom","activeCreativeID":"3720","scenes":["2","1"],"campaignAdType":"Interstitial","productId":"","purchaseBit":0,"licenseKey":""},{"campaignID":"9092","attribution":0,"priority":"8","appToPromote":{"appToPromoteID":"13421","usesDefaultFrameImage":"0","usesDefaultCloseImage":"0","marketURL":"http:\/\/www.google.com","packageID":"com.appricot2d.testt"},"showTemplate":1,"s2s_tracking_url":"http:\/\/www.google.com","activeCreativeID":"4384","scenes":["2","1"],"campaignAdType":"Interstitial","productId":"","purchaseBit":0,"licenseKey":""},{"campaignID":"9249","attribution_link":"https:\/\/app.appsflyer.com\/com.lgn.gun.strike.war.train.shooting.games?pid=consoliads_int&amp;af_click_lookback=7d&amp;clickid=1_9249_824&amp;android_id={android_id}&amp;sha1_android_id={sha1_android_id}&amp;advertising_id=824&amp;sha1_advertising_id=5fbdc8ab88676c89b2762cdda82d60d30a615164&amp;af_keywords=2","attribution":1,"priority":"8","appToPromote":{"appToPromoteID":"13421","usesDefaultFrameImage":"0","usesDefaultCloseImage":"0","marketURL":"http:\/\/www.google.com","packageID":"com.appricot2d.testt"},"showTemplate":1,"s2s_tracking_url":"https:\/\/app.appsflyer.com\/com.lgn.gun.strike.war.train.shooting.games?pid=consoliads_int&amp;af_click_lookback=7d&amp;clickid=1_9249_824&amp;android_id={android_id}&amp;sha1_android_id={sha1_android_id}&amp;advertising_id=824&amp;sha1_advertising_id=5fbdc8ab88676c89b2762cdda82d60d30a615164&amp;af_keywords=2","activeCreativeID":"4679","scenes":["2","1"],"campaignAdType":"Interstitial","productId":"","purchaseBit":0,"licenseKey":""},{"campaignID":"9250","attribution_link":"https:\/\/app.appsflyer.com\/com.lgn.gun.strike.war.train.shooting.games?pid=consoliads_int&amp;af_click_lookback=7d&amp;clickid=1_9250_824&amp;android_id={android_id}&amp;sha1_android_id={sha1_android_id}&amp;advertising_id=824&amp;sha1_advertising_id=5fbdc8ab88676c89b2762cdda82d60d30a615164&amp;af_keywords=2","attribution":1,"priority":"8","appToPromote":{"appToPromoteID":"13421","usesDefaultFrameImage":"0","usesDefaultCloseImage":"0","marketURL":"http:\/\/www.google.com","packageID":"com.appricot2d.testt"},"showTemplate":1,"s2s_tracking_url":"https:\/\/app.appsflyer.com\/com.lgn.gun.strike.war.train.shooting.games?pid=consoliads_int&amp;af_click_lookback=7d&amp;clickid=1_9250_824&amp;android_id={android_id}&amp;sha1_android_id={sha1_android_id}&amp;advertising_id=824&amp;sha1_advertising_id=5fbdc8ab88676c89b2762cdda82d60d30a615164&amp;af_keywords=2","activeCreativeID":"4680","scenes":["2","1"],"campaignAdType":"Interstitial","productId":"","purchaseBit":0,"licenseKey":""},{"campaignID":"9261","attribution_link":"https:\/\/app.appsflyer.com\/com.lgn.gun.strike.war.train.shooting.games?pid=consoliads_int&amp;af_click_lookback=7d&amp;clickid=1_9261_824&amp;android_id={android_id}&amp;sha1_android_id={sha1_android_id}&amp;advertising_id=824&amp;sha1_advertising_id=5fbdc8ab88676c89b2762cdda82d60d30a615164&amp;af_keywords=2","attribution":1,"priority":"8","appToPromote":{"appToPromoteID":"13421","usesDefaultFrameImage":"0","usesDefaultCloseImage":"0","marketURL":"http:\/\/www.google.com","packageID":"com.appricot2d.testt"},"showTemplate":1,"s2s_tracking_url":"https:\/\/app.appsflyer.com\/com.lgn.gun.strike.war.train.shooting.games?pid=consoliads_int&amp;af_click_lookback=7d&amp;clickid=1_9261_824&amp;android_id={android_id}&amp;sha1_android_id={sha1_android_id}&amp;advertising_id=824&amp;sha1_advertising_id=5fbdc8ab88676c89b2762cdda82d60d30a615164&amp;af_keywords=2","activeCreativeID":"4692","scenes":["2","1"],"campaignAdType":"Interstitial","productId":"","purchaseBit":0,"licenseKey":""},{"campaignID":"9295","attribution":0,"priority":"8","appToPromote":{"appToPromoteID":"1933","usesDefaultFrameImage":"0","usesDefaultCloseImage":"0","marketURL":"https:\/\/play.google.com\/store\/apps\/details?id=com.appricot2d.kids.pony.coloring","packageID":"com.appricot2d.kids.pony.coloring"},"showTemplate":1,"s2s_tracking_url":"https:\/\/play.google.com\/store\/apps\/details?id=com.appricot2d.kids.pony.coloring","activeCreativeID":"4570","scenes":["2","1"],"campaignAdType":"Interstitial","productId":"","purchaseBit":0,"licenseKey":""},{"campaignID":"9334","attribution":0,"priority":"8","appToPromote":{"appToPromoteID":"1933","usesDefaultFrameImage":"0","usesDefaultCloseImage":"0","marketURL":"https:\/\/play.google.com\/store\/apps\/details?id=com.appricot2d.kids.pony.coloring","packageID":"com.appricot2d.kids.pony.coloring"},"showTemplate":1,"s2s_tracking_url":"https:\/\/play.google.com\/store\/apps\/details?id=com.appricot2d.kids.pony.coloring","activeCreativeID":"4570","scenes":["2","1"],"campaignAdType":"Interstitial","productId":"","purchaseBit":0,"licenseKey":""},{"campaignID":"9335","attribution":0,"priority":"8","appToPromote":{"appToPromoteID":"1997","usesDefaultFrameImage":"0","usesDefaultCloseImage":"0","marketURL":"https:\/\/play.google.com\/store\/apps\/details?id=com.appricot2d.anna.coloring.book","packageID":"com.appricot2d.anna.coloring.book"},"showTemplate":1,"s2s_tracking_url":"https:\/\/play.google.com\/store\/apps\/details?id=com.appricot2d.anna.coloring.book","activeCreativeID":"4573","scenes":["2","1"],"campaignAdType":"Interstitial","productId":"","purchaseBit":0,"licenseKey":""},{"campaignID":"9336","attribution":0,"priority":"8","appToPromote":{"appToPromoteID":"1727","usesDefaultFrameImage":"1","usesDefaultCloseImage":"1","marketURL":"https:\/\/play.google.com\/store\/apps\/details?id=com.appricot2d.anna.spasalon","packageID":"com.appricot2d.anna.spasalon"},"showTemplate":1,"s2s_tracking_url":"https:\/\/play.google.com\/store\/apps\/details?id=com.appricot2d.anna.spasalon","activeCreativeID":"133","scenes":["2","1"],"campaignAdType":"Interstitial","productId":"","purchaseBit":0,"licenseKey":""},{"campaignID":"9338","attribution":0,"priority":"8","appToPromote":{"appToPromoteID":"1933","usesDefaultFrameImage":"0","usesDefaultCloseImage":"0","marketURL":"https:\/\/play.google.com\/store\/apps\/details?id=com.appricot2d.kids.pony.coloring","packageID":"com.appricot2d.kids.pony.coloring"},"showTemplate":1,"s2s_tracking_url":"https:\/\/play.google.com\/store\/apps\/details?id=com.appricot2d.kids.pony.coloring","activeCreativeID":"4568","scenes":["2","1"],"campaignAdType":"Interstitial","productId":"","purchaseBit":0,"licenseKey":""},{"campaignID":"9339","attribution_link":"www.favebookk.com","attribution":1,"priority":"8","appToPromote":{"appToPromoteID":"13421","usesDefaultFrameImage":"0","usesDefaultCloseImage":"0","marketURL":"http:\/\/www.google.com","packageID":"com.appricot2d.testt"},"showTemplate":1,"s2s_tracking_url":"www.favebookk.com","activeCreativeID":"4574","scenes":["2","1"],"campaignAdType":"Interstitial","productId":"","purchaseBit":0,"licenseKey":""},{"campaignID":"9407","attribution":0,"priority":"8","appToPromote":{"appToPromoteID":"4514","usesDefaultFrameImage":"0","usesDefaultCloseImage":"0","marketURL":"https:\/\/play.google.com\/store\/apps\/details?id=com.appricot2d.bank.manager.cashier.kids.game","packageID":"com.appricot2d.bank.manager.cashier.kids.game"},"showTemplate":1,"s2s_tracking_url":"https:\/\/play.google.com\/store\/apps\/details?id=com.appricot2d.bank.manager.cashier.kids.game","activeCreativeID":"4845","scenes":["2","1"],"campaignAdType":"Interstitial","productId":"","purchaseBit":0,"licenseKey":""}],"refreshAdRate":30,"mode":"Production","aspectRatio":"9_16","cdnPath":"https:\/\/df8ymybeo92md.cloudfront.net\/images\/","sentry_log":0,"local_logging":0,"sentry_dsn":"https:\/\/93ffa1c9a4124f67b8888a53265f751a:bbf998e04584477fa9a145838e9d3b26@sentry.io\/168994","sentry_initialization":1,"sentry_debugging":0,"bannerSizes":["1"],"aspectRatioVideo":"9_16","app_id":"1","showPreRewardedDialogue":0,"showPostRewardedDialogue":0,"rewardCurrency":"coins","rewardValue":0,"isSkipable":0,"privacyPolicyURL":"https:\/\/www.consoliads.com\/privacy-policy\/","sessionToken":"sONwwhhnUTKQNWb2JEBT7l4ZhRbh5\/3zgx3c6Pe0ONndfJlyCoUQxOozDFEvXg7aQ7bf2mH6wv7tS5\/eWdKh4UBWuTKQXlsnbE946REzqdoB2JjPF+JNO1XO3fvzHlSOVsyDPtJo4bho9Cs9ZBumDMDBcli0CSfq8ZP6k5p1e5E="}
Session token value is set

mode value is set

 Aspect ratio value is correct
sentry_log value is set
Session token value is set


{"appKey":"1babdbf77027233f02631f34358fa4cb","osVersion":"7.0","orientation":"0","is_mac":"0","model":"GT-Snnn0","deviceID":"933","telco_operator":"Oi","cpu":"0","brand":"HONOR","userConsent":"0","internet_connectivity":"0","height":"473","architecture":"aarch64","width":"473","resolution":"1436x720","ram":"1.77 GB","sdkVersion":"39","product":"STK-L21M","devMode":"0"}
cache_ttl value is correct

Refresh Ad Rate value is correct
mode value is set

 Aspect ratio value is correct
sentry_log value is set
local_logging value is set
sentry_initialization value is set
sentry_debugging value is set
showPreRewardedDialogue value is set
showPostRewardedDialogue value is set
isSkipable value is set
{"cache_ttl":10080,"cache_ttl_rewarded":10080,"cache_ttl_banner":10080,"cache_ttl_native":10080,"cache_ttl_icon":10080,"refreshAdRate":30,"mode":"Production","aspectRatio":"9_16","cdnPath":"https:\/\/df8ymybeo92md.cloudfront.net\/images\/","sentry_log":0,"local_logging":0,"sentry_dsn":"https:\/\/93ffa1c9a4124f67b8888a53265f751a:bbf998e04584477fa9a145838e9d3b26@sentry.io\/168994","sentry_initialization":1,"sentry_debugging":0,"bannerSizes":[],"aspectRatioVideo":"9_16","app_id":"17","showPreRewardedDialogue":0,"showPostRewardedDialogue":0,"rewardCurrency":"coins","rewardValue":0,"isSkipable":0,"privacyPolicyURL":"https:\/\/www.consoliads.com\/privacy-policy\/","sessionToken":"2JjXSuPFVwVJr+39Umvm\/DX9hekmASoFNlBFQpDXVPV3fIRaEnJYdgHDu1fRMG4U6yowCvjMP7SM20b88kZhRotHP1zEBh\/GdlxuP0xLYNme1CslxnvGyMUVdZm770Yj8evTZdnDyWoqhsnd7VUk7dj9INwe98KHywV84rhc\/lE="}
Session token value is set


{"appKey":"6ddf0213018740694ee42a85ec9b27b9","osVersion":"6.0","orientation":"0","is_mac":"0","model":"GT-Snnn2","deviceID":"588","telco_operator":"Maroc","cpu":"0","brand":"vivo","userConsent":"0","internet_connectivity":"0","height":"335","architecture":"armv8l","width":"335","resolution":"1344x720","ram":"1.68 GB","sdkVersion":"39","product":"aosp_arm","devMode":"0"}
cache_ttl value is correct

Refresh Ad Rate value is correct
mode value is set

 Aspect ratio value is correct
sentry_log value is set
local_logging value is set
sentry_initialization value is set
sentry_debugging value is set
showPreRewardedDialogue value is set
showPostRewardedDialogue value is set
isSkipable value is set
{"cache_ttl":10080,"cache_ttl_rewarded":10080,"cache_ttl_banner":10080,"cache_ttl_native":10080,"cache_ttl_icon":10080,"refreshAdRate":30,"mode":"Production","aspectRatio":"9_16","cdnPath":"https:\/\/df8ymybeo92md.cloudfront.net\/images\/","sentry_log":0,"local_logging":0,"sentry_dsn":"https:\/\/e6dcd89483ae4d13b0f42ed3810d8d62:078421c4ad3d43f19885b30828ce7ee6@sentry.io\/187776","sentry_initialization":1,"sentry_debugging":0,"bannerSizes":[],"aspectRatioVideo":"9_16","app_id":"21","showPreRewardedDialogue":0,"showPostRewardedDialogue":0,"rewardCurrency":"coins","rewardValue":0,"isSkipable":0,"privacyPolicyURL":"https:\/\/www.consoliads.com\/privacy-policy\/","sessionToken":"gRnDf3aJrr+13ENp4pm83xTUKovwy+h2a990t5+oGuySZMVEIEkNNVtK+iEcBfGZyeUn7H7B2mA1t5HczIFtmqo6wy57N\/xR7T8v3Ul0GH+EncLzUoq1IMgFLchqc1\/z04nd1ZCVdVNXXOWzw1TrrLpHeW1clY6khV18grKy9pE="}
Session token value is set


{"appKey":"17597323e76208165f7473a172878549","osVersion":"5.0","orientation":"0","is_mac":"0","model":"xiaomi Mi 4s","deviceID":"439","telco_operator":"Telecom","cpu":"0","brand":"samsung","userConsent":"0","internet_connectivity":"0","height":"275","architecture":"armv7l,","width":"275","resolution":"1024x552","ram":"3.68 GB","sdkVersion":"39","product":"potter","devMode":"0"}
cache_ttl value is correct

Refresh Ad Rate value is correct
mode value is set

 Aspect ratio value is correct
sentry_log value is set
local_logging value is set
sentry_initialization value is set
sentry_debugging value is set
showPreRewardedDialogue value is set
showPostRewardedDialogue value is set
isSkipable value is set
{"cache_ttl":10080,"cache_ttl_rewarded":10080,"cache_ttl_banner":10080,"cache_ttl_native":10080,"cache_ttl_icon":10080,"refreshAdRate":30,"mode":"Production","aspectRatio":"9_16","cdnPath":"https:\/\/df8ymybeo92md.cloudfront.net\/images\/","sentry_log":0,"local_logging":0,"sentry_dsn":"https:\/\/93ffa1c9a4124f67b8888a53265f751a:bbf998e04584477fa9a145838e9d3b26@sentry.io\/168994","sentry_initialization":1,"sentry_debugging":0,"bannerSizes":[],"aspectRatioVideo":"9_16","app_id":"27","showPreRewardedDialogue":0,"showPostRewardedDialogue":0,"rewardCurrency":"coins","rewardValue":0,"isSkipable":0,"privacyPolicyURL":"https:\/\/www.consoliads.com\/privacy-policy\/","sessionToken":"aCo0Oc+W9kO8XS3KFX+RuIidTJjOmE61qRhKuQnL4atUCfjYAm7RIWiQ8SzOp1Dp+jVrYqJU4kHHBjSlXFCBhwdQXhwgzgEMmLZi+71L\/Iw9aNslMlKAa0QHoddSbc4xYXQxwV6uK\/9K+Q0Sa2YCTOmPI6AJjunEw67SbpNDCZE="}
Session token value is set


{"appKey":"94be501b0931585622effed06f4d6494","osVersion":"4.4","orientation":"0","is_mac":"0","model":"E5673","deviceID":"289","telco_operator":"airtel","cpu":"0","brand":"realme","userConsent":"0","internet_connectivity":"0","height":"215","architecture":"aarch81","width":"215","resolution":"1387x720","ram":"2.75 GB","sdkVersion":"39","product":"iPhone","devMode":"0"}
cache_ttl value is correct

Refresh Ad Rate value is correct
mode value is set

 Aspect ratio value is correct
sentry_log value is set
local_logging value is set
sentry_initialization value is set
sentry_debugging value is set
showPreRewardedDialogue value is set
showPostRewardedDialogue value is set
isSkipable value is set
{"cache_ttl":10080,"cache_ttl_rewarded":10080,"cache_ttl_banner":10080,"cache_ttl_native":10080,"cache_ttl_icon":10080,"refreshAdRate":30,"mode":"Production","aspectRatio":"9_16","cdnPath":"https:\/\/df8ymybeo92md.cloudfront.net\/images\/","sentry_log":0,"local_logging":0,"sentry_dsn":"https:\/\/93ffa1c9a4124f67b8888a53265f751a:bbf998e04584477fa9a145838e9d3b26@sentry.io\/168994","sentry_initialization":1,"sentry_debugging":0,"bannerSizes":[],"aspectRatioVideo":"9_16","app_id":"28","showPreRewardedDialogue":0,"showPostRewardedDialogue":0,"rewardCurrency":"coins","rewardValue":0,"isSkipable":0,"privacyPolicyURL":"https:\/\/www.consoliads.com\/privacy-policy\/","sessionToken":"bHAKiqY2m8Ph4PSiNOKE5FWqjZSRYg+FwrjRjZwBNUz0PHpibmZ5ed3\/JmrE3QGWvOgdmgm5kR3Gmn1QiLLVEWHAgJ4josrGaa2K8qeH94UxYXER0GxLzROA35G9ymC05hUQQiRzHSJgXCaYnB8YkXn1CUZLM+lUeu9E82\/9+xM="}
Session token value is set


{"appKey":"d903ca86d7de5fdc83922b5f4d5edb45","osVersion":"4.3","orientation":"0","is_mac":"0","model":"E3372","deviceID":"945","telco_operator":"Metfone","cpu":"0","brand":"iPhone","userConsent":"0","internet_connectivity":"0","height":"478","architecture":"aarch81","width":"478","resolution":"1080 x 1920","ram":"1,37 GB","sdkVersion":"39","product":"LUA-U22","devMode":"0"}
cache_ttl value is correct

Refresh Ad Rate value is correct
mode value is set

 Aspect ratio value is correct
sentry_log value is set
local_logging value is set
sentry_initialization value is set
sentry_debugging value is set
showPreRewardedDialogue value is set
showPostRewardedDialogue value is set
isSkipable value is set
{"cache_ttl":10080,"cache_ttl_rewarded":10080,"cache_ttl_banner":10080,"cache_ttl_native":10080,"cache_ttl_icon":10080,"refreshAdRate":30,"mode":"Production","aspectRatio":"9_16","cdnPath":"https:\/\/df8ymybeo92md.cloudfront.net\/images\/","sentry_log":0,"local_logging":0,"sentry_dsn":"https:\/\/93ffa1c9a4124f67b8888a53265f751a:bbf998e04584477fa9a145838e9d3b26@sentry.io\/168994","sentry_initialization":1,"sentry_debugging":0,"bannerSizes":[],"aspectRatioVideo":"9_16","app_id":"45","showPreRewardedDialogue":0,"showPostRewardedDialogue":0,"rewardCurrency":"coins","rewardValue":0,"isSkipable":0,"privacyPolicyURL":"https:\/\/www.consoliads.com\/privacy-policy\/","sessionToken":"P89QvWfOrtIm8aMcEyM5PVStgdTGDsAJ6MPkSdhnpr2aRAUNzktBIAX06aoNIinZ4cB\/AN58knUSE0hhDa394xqUDfLbFylVPUXvy3IyJewfVgmCc++KZgZjDkNG8TVK1t81+ROh3DA\/UwN7sRi5dib5qygmaxjdU4L2wHv6zOM="}
Session token value is set


{"appKey":"e5ce34d09f98c0fa3f4ec913d0ef2448","osVersion":"4.2","orientation":"0","is_mac":"0","model":"iphone 3GS","deviceID":"991","telco_operator":" Ooredoo","cpu":"0","brand":"OPPO","userConsent":"0","internet_connectivity":"0","height":"496","architecture":"armv64","width":"496","resolution":"1440 x 2960","ram":"3.69 GB","sdkVersion":"39","product":"BKK-LX2","devMode":"0"}
cache_ttl value is correct

Refresh Ad Rate value is correct
mode value is set

 Aspect ratio value is correct
sentry_log value is set
local_logging value is set
sentry_initialization value is set
sentry_debugging value is set
showPreRewardedDialogue value is set
showPostRewardedDialogue value is set
isSkipable value is set
{"cache_ttl":10080,"cache_ttl_rewarded":10080,"cache_ttl_banner":10080,"cache_ttl_native":10080,"cache_ttl_icon":10080,"refreshAdRate":30,"mode":"Production","aspectRatio":"9_16","cdnPath":"https:\/\/df8ymybeo92md.cloudfront.net\/images\/","sentry_log":0,"local_logging":0,"sentry_dsn":"na","sentry_initialization":1,"sentry_debugging":0,"bannerSizes":[],"aspectRatioVideo":"9_16","app_id":"46","showPreRewardedDialogue":0,"showPostRewardedDialogue":0,"rewardCurrency":"coins","rewardValue":0,"isSkipable":0,"privacyPolicyURL":"https:\/\/www.consoliads.com\/privacy-policy\/","sessionToken":"c1dXoVhdSowqBGoYaVit80d88QfjAU+5Y6+gYoBHuLroh318z9eU97AauMJGsljM5trBy7Px5HrjVZQy9eJvA2BHX\/awEbhRjEHO9\/pt49BmSpP+k5njSkz8FMZJCJD8Nsr9Xcg3gPBBv3bnXlXnWj9+kXzn\/TSKKtnQQj5w3j8="}
Session token value is set


{"appKey":"7692f5bcf81146b852cdf4e82e97faac","osVersion":"9.0","orientation":"0","is_mac":"0","model":"GT-Nnnn0","deviceID":"482","telco_operator":"","cpu":"0","brand":"HUAWEI","userConsent":"0","internet_connectivity":"0","height":"293","architecture":"","width":"293","resolution":"1280x720","ram":"953,45 MB","sdkVersion":"39","product":"j7xeltexx","devMode":"0"}
cache_ttl value is correct

Refresh Ad Rate value is correct
mode value is set

 Aspect ratio value is correct
sentry_log value is set
local_logging value is set
sentry_initialization value is set
sentry_debugging value is set
showPreRewardedDialogue value is set
showPostRewardedDialogue value is set
isSkipable value is set
{"cache_ttl":10080,"cache_ttl_rewarded":10080,"cache_ttl_banner":10080,"cache_ttl_native":10080,"cache_ttl_icon":10080,"refreshAdRate":30,"mode":"Production","aspectRatio":"9_16","cdnPath":"https:\/\/df8ymybeo92md.cloudfront.net\/images\/","sentry_log":0,"local_logging":0,"sentry_dsn":"https:\/\/93ffa1c9a4124f67b8888a53265f751a:bbf998e04584477fa9a145838e9d3b26@sentry.io\/168994","sentry_initialization":1,"sentry_debugging":0,"bannerSizes":[],"aspectRatioVideo":"9_16","app_id":"47","showPreRewardedDialogue":0,"showPostRewardedDialogue":0,"rewardCurrency":"coins","rewardValue":0,"isSkipable":0,"privacyPolicyURL":"https:\/\/www.consoliads.com\/privacy-policy\/","sessionToken":"6zplL3dhArfu2pzrGZ2d3mtaxvYFuGyyb03KBKv7nCq\/h9BXO0HrYIHEXTjog59yV5a3caAraLkWZVBUezUuOpIFUsuvhGDkjMZMpJemEeu\/L+6XjUaPE7mJo\/l\/p99sqWsRo9gjJPAnvQ8ExDP94jvANAXigk5EeTKBlf3hBwk="}
Session token value is set


{"appKey":"b684540d6a47d1b91acb44a95ef0444d","osVersion":"8.0","orientation":"0","is_mac":"0","model":"SM-Nnn0","deviceID":"138","telco_operator":"Azercell","cpu":"0","brand":"Xiaomi","userConsent":"0","internet_connectivity":"0","height":"155","architecture":"0","width":"155","resolution":"1196x720","ram":"3.51 GB ","sdkVersion":"2225","product":"mido","devMode":"0"}
cache_ttl value is correct

Refresh Ad Rate value is correct
mode value is set

 Aspect ratio value is correct
sentry_log value is set
local_logging value is set
sentry_initialization value is set
sentry_debugging value is set
showPreRewardedDialogue value is set
showPostRewardedDialogue value is set
isSkipable value is set
{"cache_ttl":10080,"cache_ttl_rewarded":10080,"cache_ttl_banner":10080,"cache_ttl_native":10080,"cache_ttl_icon":10080,"refreshAdRate":30,"mode":"Production","aspectRatio":"9_16","cdnPath":"https:\/\/df8ymybeo92md.cloudfront.net\/images\/","sentry_log":0,"local_logging":0,"sentry_dsn":"https:\/\/e6dcd89483ae4d13b0f42ed3810d8d62:078421c4ad3d43f19885b30828ce7ee6@sentry.io\/187776","sentry_initialization":1,"sentry_debugging":0,"bannerSizes":["1"],"aspectRatioVideo":"9_16","app_id":"55","showPreRewardedDialogue":0,"showPostRewardedDialogue":0,"rewardCurrency":"coins","rewardValue":0,"isSkipable":0,"privacyPolicyURL":"https:\/\/www.consoliads.com\/privacy-policy\/","sessionToken":"VGqao6qo\/cwEpmB98+23TptHy9LxP0GN1k5FhiWitigHnfevKwv4KxGicQehd0h2P3esudEr3RgV\/qnB++JnckmBxZgg3cq0hKToXHW5xPMC6vYnkGUFibCgKvIHoF87PA9QdZj54Iv4qxdVbLqtMAdArk4RDPg4m5KVARdrXiw="}
Session token value is set


{"appKey":"1cc93b0c9d030fe8c2b04e8b22591ab6","osVersion":"7.0","orientation":"0","is_mac":"0","model":"GT-Snnn0","deviceID":"487","telco_operator":"Oi","cpu":"0","brand":"HONOR","userConsent":"0","internet_connectivity":"0","height":"294","architecture":"aarch64","width":"294","resolution":"1436x720","ram":"1.77 GB","sdkVersion":"2163","product":"STK-L21M","devMode":"0"}
cache_ttl value is correct

Title value is correct

Refresh Ad Rate value is correct
mode value is set

 Aspect ratio value is correct
sentry_log value is set
local_logging value is set
sentry_initialization value is set
sentry_debugging value is set
showPreRewardedDialogue value is set
showPostRewardedDialogue value is set
isSkipable value is set
{"cache_ttl":10080,"cache_ttl_rewarded":10080,"cache_ttl_banner":10080,"cache_ttl_native":10080,"cache_ttl_icon":10080,"campaigns":[{"campaignID":0,"priority":10,"appToPromote":{"appToPromoteID":0,"usesDefaultFrameImage":"1","usesDefaultCloseImage":"1","packageID":"testPackage"},"showTemplate":2,"activeCreativeID":0,"campaignAdType":"Interstitial","scenes":["1","2","6","5","4","7","13","14"]},{"campaignID":0,"priority":10,"appToPromote":{"appToPromoteID":0,"usesDefaultFrameImage":"1","usesDefaultCloseImage":"1","packageID":"testPackage"},"showTemplate":2,"activeCreativeID":0,"campaignAdType":"Video","scenes":["1","2","6","5","4","7","13","14"]},{"campaignID":0,"priority":10,"appToPromote":{"appToPromoteID":0,"usesDefaultFrameImage":"1","usesDefaultCloseImage":"1","packageID":"testPackage"},"showTemplate":2,"activeCreativeID":0,"campaignAdType":"Rewarded Video","scenes":["1","2","6","5","4","7","13","14"]},{"campaignID":0,"priority":10,"appToPromote":{"appToPromoteID":0,"usesDefaultFrameImage":"1","usesDefaultCloseImage":"1","marketURL":"https:\/\/play.google.com","packageID":"testPackage"},"showTemplate":2,"activeCreativeID":0,"campaignAdType":"Banner","scenes":["1","2","6","5","4","7","13","14"]},{"campaignID":0,"priority":10,"appToPromote":{"appToPromoteID":0,"usesDefaultFrameImage":"1","usesDefaultCloseImage":"1","marketURL":"https:\/\/play.google.com","packageID":"testPackage"},"showTemplate":2,"activeCreativeID":0,"campaignAdType":"Native","title":"Test Title","subTitle":"Test Subtitle","description":"This is test description","adChoicesLink":"www.google.com","adClickThroughText":"Open Link","scenes":["1","2","6","5","4","7","13","14"]},{"campaignID":0,"priority":10,"appToPromote":{"appToPromoteID":0,"usesDefaultFrameImage":"1","usesDefaultCloseImage":"1","marketURL":"https:\/\/play.google.com","packageID":"testPackage"},"showTemplate":2,"activeCreativeID":0,"campaignAdType":"Icon","scenes":["1","2","6","5","4","7","13","14"]}],"refreshAdRate":30,"mode":"Production","aspectRatio":"9_16","cdnPath":"https:\/\/df8ymybeo92md.cloudfront.net\/images\/","sentry_log":0,"local_logging":0,"sentry_dsn":"https:\/\/93ffa1c9a4124f67b8888a53265f751a:bbf998e04584477fa9a145838e9d3b26@sentry.io\/168994","sentry_initialization":1,"sentry_debugging":0,"bannerSizes":["1","5"],"aspectRatioVideo":"9_16","app_id":"66","showPreRewardedDialogue":0,"showPostRewardedDialogue":0,"rewardCurrency":"coins","rewardValue":0,"isSkipable":0,"privacyPolicyURL":"https:\/\/www.consoliads.com\/privacy-policy\/","sessionToken":"WrzhsvmYSmA1DQtcIG6U5ReWVJwWDuI1c3Aw3sLINLGWSEHZ0JF5Slu2zhvzzbzDhHnO13wqMNneaT90oFo1gDY0FbTSJ8YowPlRJPQYEuweKe2E6MPDtKl6EnaGaoQ6mbelUN\/eaEFwygHWAqh1r14mX1IMSL+VNuy76tI4OyM="}
Session token value is set


{"appKey":"6c99d6ff09b8e68b5142a8a86b21646b","osVersion":"6.0","orientation":"0","is_mac":"0","model":"GT-Snnn2","deviceID":"338","telco_operator":"Maroc","cpu":"0","brand":"vivo","userConsent":"0","internet_connectivity":"0","height":"235","architecture":"armv8l","width":"235","resolution":"1344x720","ram":"1.68 GB","sdkVersion":"2151","product":"aosp_arm","devMode":"0"}
cache_ttl value is correct

Title value is correct

Refresh Ad Rate value is correct
mode value is set

 Aspect ratio value is correct
sentry_log value is set
local_logging value is set
sentry_initialization value is set
sentry_debugging value is set
showPreRewardedDialogue value is set
showPostRewardedDialogue value is set
isSkipable value is set
{"cache_ttl":10080,"cache_ttl_rewarded":10080,"cache_ttl_banner":10080,"cache_ttl_native":10080,"cache_ttl_icon":10080,"campaigns":[{"campaignID":0,"priority":10,"appToPromote":{"appToPromoteID":0,"usesDefaultFrameImage":"1","usesDefaultCloseImage":"1","packageID":"testPackage"},"showTemplate":2,"activeCreativeID":0,"campaignAdType":"Interstitial","scenes":["12","1","8","6","15","2"]},{"campaignID":0,"priority":10,"appToPromote":{"appToPromoteID":0,"usesDefaultFrameImage":"1","usesDefaultCloseImage":"1","packageID":"testPackage"},"showTemplate":2,"activeCreativeID":0,"campaignAdType":"Video","scenes":["12","1","8","6","15","2"]},{"campaignID":0,"priority":10,"appToPromote":{"appToPromoteID":0,"usesDefaultFrameImage":"1","usesDefaultCloseImage":"1","packageID":"testPackage"},"showTemplate":2,"activeCreativeID":0,"campaignAdType":"Rewarded Video","scenes":["12","1","8","6","15","2"]},{"campaignID":0,"priority":10,"appToPromote":{"appToPromoteID":0,"usesDefaultFrameImage":"1","usesDefaultCloseImage":"1","marketURL":"https:\/\/play.google.com","packageID":"testPackage"},"showTemplate":2,"activeCreativeID":0,"campaignAdType":"Banner","scenes":["12","1","8","6","15","2"]},{"campaignID":0,"priority":10,"appToPromote":{"appToPromoteID":0,"usesDefaultFrameImage":"1","usesDefaultCloseImage":"1","marketURL":"https:\/\/play.google.com","packageID":"testPackage"},"showTemplate":2,"activeCreativeID":0,"campaignAdType":"Native","title":"Test Title","subTitle":"Test Subtitle","description":"This is test description","adChoicesLink":"www.google.com","adClickThroughText":"Open Link","scenes":["12","1","8","6","15","2"]},{"campaignID":0,"priority":10,"appToPromote":{"appToPromoteID":0,"usesDefaultFrameImage":"1","usesDefaultCloseImage":"1","marketURL":"https:\/\/play.google.com","packageID":"testPackage"},"showTemplate":2,"activeCreativeID":0,"campaignAdType":"Icon","scenes":["12","1","8","6","15","2"]}],"refreshAdRate":30,"mode":"Production","aspectRatio":"9_16","cdnPath":"https:\/\/df8ymybeo92md.cloudfront.net\/images\/","sentry_log":0,"local_logging":0,"sentry_dsn":"na","sentry_initialization":1,"sentry_debugging":0,"bannerSizes":["1"],"aspectRatioVideo":"9_16","app_id":"67","showPreRewardedDialogue":0,"showPostRewardedDialogue":0,"rewardCurrency":"coins","rewardValue":0,"isSkipable":0,"privacyPolicyURL":"https:\/\/www.consoliads.com\/privacy-policy\/","sessionToken":"7PPSut5mQdvbdANkYrwhWyBdqeG3aYYJiasKCKUH007f78pu6KHUKSvxJ5acdc+RuwpkhjLjTlsrNAlgeswZT96tUnfkajyO4gIybns8lRJ7SPiYDBx7NEGOAq1V1+2SC2rvq0Uq6LwLTFJpEzn+56hMKQioW6KW09TiHJNH6S8="}
Session token value is set


{"appKey":"c08c0fbb83a078f6c8538e00c3bf31cf","osVersion":"5.0","orientation":"0","is_mac":"0","model":"xiaomi Mi 4s","deviceID":"188","telco_operator":"Telecom","cpu":"0","brand":"samsung","userConsent":"0","internet_connectivity":"0","height":"175","architecture":"armv7l,","width":"175","resolution":"1024x552","ram":"3.68 GB","sdkVersion":"39","product":"potter","devMode":"0"}
cache_ttl value is correct

Refresh Ad Rate value is correct
mode value is set

 Aspect ratio value is correct
sentry_log value is set
local_logging value is set
sentry_initialization value is set
sentry_debugging value is set
showPreRewardedDialogue value is set
showPostRewardedDialogue value is set
isSkipable value is set
{"cache_ttl":10080,"cache_ttl_rewarded":10080,"cache_ttl_banner":10080,"cache_ttl_native":10080,"cache_ttl_icon":10080,"refreshAdRate":30,"mode":"Production","aspectRatio":"9_16","cdnPath":"https:\/\/df8ymybeo92md.cloudfront.net\/images\/","sentry_log":0,"local_logging":0,"sentry_dsn":"https:\/\/93ffa1c9a4124f67b8888a53265f751a:bbf998e04584477fa9a145838e9d3b26@sentry.io\/168994","sentry_initialization":1,"sentry_debugging":0,"bannerSizes":[],"aspectRatioVideo":"9_16","app_id":"73","showPreRewardedDialogue":0,"showPostRewardedDialogue":0,"rewardCurrency":"coins","rewardValue":0,"isSkipable":0,"privacyPolicyURL":"https:\/\/www.consoliads.com\/privacy-policy\/","sessionToken":"G2SYpVAMS2JIwAuIqb3YsnOVD7J1YDEg0nMB1Lw792JKi\/vmNPl4Nj5r4g7axP0XpoAET4UYrW19ojlefaJQ+ibbHtAf5bs9y7iQQw06+pmoHT0Kjtte1U2Eh7OnWEUsQOTu8QMEDkB1QVaAcDT6uyPcTf2avF+OGMs6T\/TKfoM="}
Session token value is set


{"appKey":"f22c5ae41b6e41d09c7785f550581859","osVersion":"4.4","orientation":"0","is_mac":"0","model":"E5673","deviceID":"39","telco_operator":"airtel","cpu":"0","brand":"realme","userConsent":"0","internet_connectivity":"0","height":"115","architecture":"aarch81","width":"115","resolution":"1387x720","ram":"2.75 GB","sdkVersion":"39","product":"iPhone","devMode":"0"}
cache_ttl value is correct

Refresh Ad Rate value is correct
mode value is set

 Aspect ratio value is correct
sentry_log value is set
local_logging value is set
sentry_initialization value is set
sentry_debugging value is set
showPreRewardedDialogue value is set
showPostRewardedDialogue value is set
isSkipable value is set
{"cache_ttl":10080,"cache_ttl_rewarded":10080,"cache_ttl_banner":10080,"cache_ttl_native":10080,"cache_ttl_icon":10080,"refreshAdRate":30,"mode":"Production","aspectRatio":"9_16","cdnPath":"https:\/\/df8ymybeo92md.cloudfront.net\/images\/","sentry_log":0,"local_logging":0,"sentry_dsn":"na","sentry_initialization":1,"sentry_debugging":0,"bannerSizes":[],"aspectRatioVideo":"9_16","app_id":"74","showPreRewardedDialogue":0,"showPostRewardedDialogue":0,"rewardCurrency":"coins","rewardValue":0,"isSkipable":0,"privacyPolicyURL":"https:\/\/www.consoliads.com\/privacy-policy\/","sessionToken":"OApHIY6Nl4\/YqeHEFhnmS+JB2pf1wIc4Ox68z44TjyNIXEIuO8Iq+Xp2It2hP+0YYJu+2zOZfyg45ZbdES+DZ3RtWqXujGBIsWMLdIQ753L741Bicgzj8PjL8+LKMb794Slxfsy4rnqGcBrN3IqbfgOhe8YtXDRPoh19Z\/6XuZM="}
Session token value is set


{"appKey":"8a691a6557421a7f77921449ccfd99ed","osVersion":"4.3","orientation":"0","is_mac":"0","model":"E3372","deviceID":"248","telco_operator":"Metfone","cpu":"0","brand":"iPhone","userConsent":"0","internet_connectivity":"0","height":"199","architecture":"aarch81","width":"199","resolution":"1080 x 1920","ram":"1,37 GB","sdkVersion":"39","product":"LUA-U22","devMode":"0"}
cache_ttl value is correct

Refresh Ad Rate value is correct
mode value is set

 Aspect ratio value is correct
sentry_log value is set
local_logging value is set
sentry_initialization value is set
sentry_debugging value is set
showPreRewardedDialogue value is set
showPostRewardedDialogue value is set
isSkipable value is set
{"cache_ttl":10080,"cache_ttl_rewarded":10080,"cache_ttl_banner":10080,"cache_ttl_native":10080,"cache_ttl_icon":10080,"refreshAdRate":30,"mode":"Production","aspectRatio":"9_16","cdnPath":"https:\/\/df8ymybeo92md.cloudfront.net\/images\/","sentry_log":0,"local_logging":0,"sentry_dsn":"https:\/\/e6dcd89483ae4d13b0f42ed3810d8d62:078421c4ad3d43f19885b30828ce7ee6@sentry.io\/187776","sentry_initialization":1,"sentry_debugging":0,"bannerSizes":[],"aspectRatioVideo":"9_16","app_id":"82","showPreRewardedDialogue":0,"showPostRewardedDialogue":0,"rewardCurrency":"coins","rewardValue":0,"isSkipable":0,"privacyPolicyURL":"https:\/\/www.consoliads.com\/privacy-policy\/","sessionToken":"KbNUSOftMq7RjbTVqBcwdXRsXoQEi3qBCYVdEzi0rZeBi3hsE+\/x5tnCeSkxnlP8kiUJHPyyqciMk7vQFpPYIWMLzBOaEzZxh96okJ1TBsTxpxJn8y32zByJ7fncWKNygK8q0GeKZuSPfaLZWJ06b+1Hpnw69IMcUSrkeSwIFBA="}
Session token value is set


{"appKey":"4d6a786be151e3ecf8b2d8cb2953aad0","osVersion":"4.2","orientation":"0","is_mac":"0","model":"iphone 3GS","deviceID":"740","telco_operator":" Ooredoo","cpu":"0","brand":"OPPO","userConsent":"0","internet_connectivity":"0","height":"396","architecture":"armv64","width":"396","resolution":"1440 x 2960","ram":"3.69 GB","sdkVersion":"39","product":"BKK-LX2","devMode":"0"}
cache_ttl value is correct

Refresh Ad Rate value is correct
mode value is set

 Aspect ratio value is correct
sentry_log value is set
local_logging value is set
sentry_initialization value is set
sentry_debugging value is set
showPreRewardedDialogue value is set
showPostRewardedDialogue value is set
isSkipable value is set
{"cache_ttl":10080,"cache_ttl_rewarded":10080,"cache_ttl_banner":10080,"cache_ttl_native":10080,"cache_ttl_icon":10080,"refreshAdRate":30,"mode":"Production","aspectRatio":"9_16","cdnPath":"https:\/\/df8ymybeo92md.cloudfront.net\/images\/","sentry_log":0,"local_logging":0,"sentry_dsn":"https:\/\/e6dcd89483ae4d13b0f42ed3810d8d62:078421c4ad3d43f19885b30828ce7ee6@sentry.io\/187776","sentry_initialization":1,"sentry_debugging":0,"bannerSizes":["5"],"aspectRatioVideo":"9_16","app_id":"94","showPreRewardedDialogue":0,"showPostRewardedDialogue":0,"rewardCurrency":"coins","rewardValue":0,"isSkipable":0,"privacyPolicyURL":"https:\/\/www.consoliads.com\/privacy-policy\/","sessionToken":"Zz1fZB1olK1U5ldz9tAMerfTecG4MXpkFfzSHO91Efy+mf9t8WmtFfLiMv3YbMfME2XEfCsGczVECKIJzTCFD5VILvnVbGOZs6eyptMmMVlSc+0cA3ckQsqg3dvCh59elr2WRY43rQDxigFnr1sg6wz9JiST4rk87V5pyKyScLI="}
Session token value is set


{"appKey":"62a9758c2e846355e5199bd9292fe189","osVersion":"9.0","orientation":"0","is_mac":"0","model":"GT-Nnnn0","deviceID":"754","telco_operator":"","cpu":"0","brand":"HUAWEI","userConsent":"0","internet_connectivity":"0","height":"401","architecture":"","width":"401","resolution":"1280x720","ram":"953,45 MB","sdkVersion":"39","product":"j7xeltexx","devMode":"0"}
cache_ttl value is correct

Refresh Ad Rate value is correct
mode value is set

 Aspect ratio value is correct
sentry_log value is set
local_logging value is set
sentry_initialization value is set
sentry_debugging value is set
showPreRewardedDialogue value is set
showPostRewardedDialogue value is set
isSkipable value is set
{"cache_ttl":10080,"cache_ttl_rewarded":10080,"cache_ttl_banner":10080,"cache_ttl_native":10080,"cache_ttl_icon":10080,"refreshAdRate":30,"mode":"Production","aspectRatio":"9_16","cdnPath":"https:\/\/df8ymybeo92md.cloudfront.net\/images\/","sentry_log":0,"local_logging":0,"sentry_dsn":"https:\/\/93ffa1c9a4124f67b8888a53265f751a:bbf998e04584477fa9a145838e9d3b26@sentry.io\/168994","sentry_initialization":1,"sentry_debugging":0,"bannerSizes":[],"aspectRatioVideo":"9_16","app_id":"118","showPreRewardedDialogue":0,"showPostRewardedDialogue":0,"rewardCurrency":"coins","rewardValue":0,"isSkipable":0,"privacyPolicyURL":"https:\/\/www.consoliads.com\/privacy-policy\/","sessionToken":"Auu9QQpgEkipl3U3KYIP67TnM1A5bzJvJqcqwa+UJJ1p5zJSEd07fFN+YrjgRWbIZpsoya33z1satgGTOMJbb61+Bkb0RzF7tebSLOe0MAFO4fRIxVDchdlmmr9WOInDems+9mBpDYA22xiIE0bgbsm+ar00QWrmQRizI4Lvm1U="}
Session token value is set


{"appKey":"d6c9c4cc2c1671da1e4c7096b8136782","osVersion":"8.0","orientation":"0","is_mac":"0","model":"SM-Nnn0","deviceID":"246","telco_operator":"Azercell","cpu":"0","brand":"Xiaomi","userConsent":"0","internet_connectivity":"0","height":"198","architecture":"0","width":"198","resolution":"1196x720","ram":"3.51 GB ","sdkVersion":"39","product":"mido","devMode":"0"}
cache_ttl value is correct

Refresh Ad Rate value is correct
mode value is set

 Aspect ratio value is correct
sentry_log value is set
local_logging value is set
sentry_initialization value is set
sentry_debugging value is set
showPreRewardedDialogue value is set
showPostRewardedDialogue value is set
isSkipable value is set
{"cache_ttl":10080,"cache_ttl_rewarded":10080,"cache_ttl_banner":10080,"cache_ttl_native":10080,"cache_ttl_icon":10080,"refreshAdRate":30,"mode":"Production","aspectRatio":"9_16","cdnPath":"https:\/\/df8ymybeo92md.cloudfront.net\/images\/","sentry_log":0,"local_logging":0,"sentry_dsn":"na","sentry_initialization":1,"sentry_debugging":0,"bannerSizes":[],"aspectRatioVideo":"9_16","app_id":"119","showPreRewardedDialogue":0,"showPostRewardedDialogue":0,"rewardCurrency":"coins","rewardValue":0,"isSkipable":0,"privacyPolicyURL":"https:\/\/www.consoliads.com\/privacy-policy\/","sessionToken":"FJIRtSLyBGyNvxjfaLFFj7UvfTDTgQ4pc8kuPO9d+zgM6wnelsdqiYNqxb7e\/mvvOOom1PLc+tUehfpr3xt0efQsZsyxOYjE5J9dWFGGhw7hXSnyCMpjNn6UExe\/0EMAh1cYixA5HOrSUgyGjn0IQD9BEoWRUQ802pYqOCY9+k4="}
Session token value is set


{"appKey":"0673e8a052b5ad1d0763cd47d57a68e2","osVersion":"7.0","orientation":"0","is_mac":"0","model":"GT-Snnn0","deviceID":"97","telco_operator":"Oi","cpu":"0","brand":"HONOR","userConsent":"0","internet_connectivity":"0","height":"138","architecture":"aarch64","width":"138","resolution":"1436x720","ram":"1.77 GB","sdkVersion":"2089","product":"STK-L21M","devMode":"0"}
cache_ttl value is correct

Title value is correct

Refresh Ad Rate value is correct
mode value is set

 Aspect ratio value is correct
sentry_log value is set
local_logging value is set
sentry_initialization value is set
sentry_debugging value is set
showPreRewardedDialogue value is set
showPostRewardedDialogue value is set
isSkipable value is set
{"cache_ttl":10080,"cache_ttl_rewarded":10080,"cache_ttl_banner":10080,"cache_ttl_native":10080,"cache_ttl_icon":10080,"campaigns":[{"campaignID":0,"priority":10,"appToPromote":{"appToPromoteID":0,"usesDefaultFrameImage":"1","usesDefaultCloseImage":"1","packageID":"testPackage"},"showTemplate":2,"activeCreativeID":0,"campaignAdType":"Interstitial","scenes":["12","1","8","6","15","2"]},{"campaignID":0,"priority":10,"appToPromote":{"appToPromoteID":0,"usesDefaultFrameImage":"1","usesDefaultCloseImage":"1","packageID":"testPackage"},"showTemplate":2,"activeCreativeID":0,"campaignAdType":"Video","scenes":["12","1","8","6","15","2"]},{"campaignID":0,"priority":10,"appToPromote":{"appToPromoteID":0,"usesDefaultFrameImage":"1","usesDefaultCloseImage":"1","packageID":"testPackage"},"showTemplate":2,"activeCreativeID":0,"campaignAdType":"Rewarded Video","scenes":["12","1","8","6","15","2"]},{"campaignID":0,"priority":10,"appToPromote":{"appToPromoteID":0,"usesDefaultFrameImage":"1","usesDefaultCloseImage":"1","marketURL":"https:\/\/play.google.com","packageID":"testPackage"},"showTemplate":2,"activeCreativeID":0,"campaignAdType":"Banner","scenes":["12","1","8","6","15","2"]},{"campaignID":0,"priority":10,"appToPromote":{"appToPromoteID":0,"usesDefaultFrameImage":"1","usesDefaultCloseImage":"1","marketURL":"https:\/\/play.google.com","packageID":"testPackage"},"showTemplate":2,"activeCreativeID":0,"campaignAdType":"Native","title":"Test Title","subTitle":"Test Subtitle","description":"This is test description","adChoicesLink":"www.google.com","adClickThroughText":"Open Link","scenes":["12","1","8","6","15","2"]},{"campaignID":0,"priority":10,"appToPromote":{"appToPromoteID":0,"usesDefaultFrameImage":"1","usesDefaultCloseImage":"1","marketURL":"https:\/\/play.google.com","packageID":"testPackage"},"showTemplate":2,"activeCreativeID":0,"campaignAdType":"Icon","scenes":["12","1","8","6","15","2"]}],"refreshAdRate":30,"mode":"Production","aspectRatio":"9_16","cdnPath":"https:\/\/df8ymybeo92md.cloudfront.net\/images\/","sentry_log":0,"local_logging":0,"sentry_dsn":"https:\/\/93ffa1c9a4124f67b8888a53265f751a:bbf998e04584477fa9a145838e9d3b26@sentry.io\/168994","sentry_initialization":1,"sentry_debugging":0,"bannerSizes":["5"],"aspectRatioVideo":"9_16","app_id":"120","showPreRewardedDialogue":0,"showPostRewardedDialogue":0,"rewardCurrency":"coins","rewardValue":0,"isSkipable":0,"privacyPolicyURL":"https:\/\/www.consoliads.com\/privacy-policy\/","sessionToken":"TVN9c12A9Au\/t3ipv8u2QguucQgTBxueQ7N2lsH36GYJlqV5X5mmryYWub2d8OTc+k5ZcE+sXDCeX98WTBM8veD3iCrG+DFM07vqZqnIqWeYpcrS7+XAOwOqFwbhz5BZFerGZ9SxUbQ4mNZfs9zgW8B9FWAl6eVhkGBkzjvVJf4="}
Session token value is set


{"appKey":"4fb9ff67d716777b45c4ed37d403dc7d","osVersion":"6.0","orientation":"0","is_mac":"0","model":"GT-Snnn2","deviceID":"501","telco_operator":"Maroc","cpu":"0","brand":"vivo","userConsent":"0","internet_connectivity":"0","height":"300","architecture":"armv8l","width":"300","resolution":"1344x720","ram":"1.68 GB","sdkVersion":"39","product":"aosp_arm","devMode":"0"}
cache_ttl value is correct

Refresh Ad Rate value is correct
mode value is set

 Aspect ratio value is correct
sentry_log value is set
local_logging value is set
sentry_initialization value is set
sentry_debugging value is set
showPreRewardedDialogue value is set
showPostRewardedDialogue value is set
isSkipable value is set
{"cache_ttl":10080,"cache_ttl_rewarded":10080,"cache_ttl_banner":10080,"cache_ttl_native":10080,"cache_ttl_icon":10080,"refreshAdRate":30,"mode":"Production","aspectRatio":"9_16","cdnPath":"https:\/\/df8ymybeo92md.cloudfront.net\/images\/","sentry_log":0,"local_logging":0,"sentry_dsn":"https:\/\/93ffa1c9a4124f67b8888a53265f751a:bbf998e04584477fa9a145838e9d3b26@sentry.io\/168994","sentry_initialization":1,"sentry_debugging":0,"bannerSizes":[],"aspectRatioVideo":"9_16","app_id":"126","showPreRewardedDialogue":0,"showPostRewardedDialogue":0,"rewardCurrency":"coins","rewardValue":0,"isSkipable":0,"privacyPolicyURL":"https:\/\/www.consoliads.com\/privacy-policy\/","sessionToken":"ZXzGyzgShpLYXOKhFctiUmwqj666KehJSGdRLGIDx4sxUeVwdBiRoApKYblJk45LTUVVI12qfKF\/WlYtHmqnXD7iZvtDQk07m0ElLlQYmNrVulS7bk0zZce5yciZkmggmEGtDFPa+7Frit2Rx3xgq7SfG708hq+bUD\/CjrRdg40="}
Session token value is set


{"appKey":"8c63ea479845ec15664d02424faee3ea","osVersion":"5.0","orientation":"0","is_mac":"0","model":"xiaomi Mi 4s","deviceID":"352","telco_operator":"Telecom","cpu":"0","brand":"samsung","userConsent":"0","internet_connectivity":"0","height":"240","architecture":"armv7l,","width":"240","resolution":"1024x552","ram":"3.68 GB","sdkVersion":"39","product":"potter","devMode":"0"}
cache_ttl value is correct

Refresh Ad Rate value is correct
mode value is set

 Aspect ratio value is correct
sentry_log value is set
local_logging value is set
sentry_initialization value is set
sentry_debugging value is set
showPreRewardedDialogue value is set
showPostRewardedDialogue value is set
isSkipable value is set
{"cache_ttl":10080,"cache_ttl_rewarded":10080,"cache_ttl_banner":10080,"cache_ttl_native":10080,"cache_ttl_icon":10080,"refreshAdRate":30,"mode":"Production","aspectRatio":"9_16","cdnPath":"https:\/\/df8ymybeo92md.cloudfront.net\/images\/","sentry_log":0,"local_logging":0,"sentry_dsn":"na","sentry_initialization":1,"sentry_debugging":0,"bannerSizes":[],"aspectRatioVideo":"9_16","app_id":"127","showPreRewardedDialogue":0,"showPostRewardedDialogue":0,"rewardCurrency":"coins","rewardValue":0,"isSkipable":0,"privacyPolicyURL":"https:\/\/www.consoliads.com\/privacy-policy\/","sessionToken":"1loOBNAfLTFiaQNJIV2bEnS3J5FChpB08CtzfNwviAKrJfN7NPINPBUwpqfAMmq7OYAhcc+ywHTaj2oYDsW77U5Q0uCxaVcc6AW5P+r8khVJnU18aGgz2HVpX2JwNuW5Yoqok\/Dr4m2zBfKvXOjgRm3QUQOg0CWqgQ5NGK1pUsE="}
Session token value is set


{"appKey":"b676e8054b40aa32da52c417ba06d5e7","osVersion":"4.4","orientation":"0","is_mac":"0","model":"E5673","deviceID":"7","telco_operator":"airtel","cpu":"0","brand":"realme","userConsent":"0","internet_connectivity":"0","height":"103","architecture":"aarch81","width":"103","resolution":"1387x720","ram":"2.75 GB","sdkVersion":"39","product":"iPhone","devMode":"0"}
cache_ttl value is correct

Refresh Ad Rate value is correct
mode value is set

 Aspect ratio value is correct
sentry_log value is set
local_logging value is set
sentry_initialization value is set
sentry_debugging value is set
showPreRewardedDialogue value is set
showPostRewardedDialogue value is set
isSkipable value is set
{"cache_ttl":10080,"cache_ttl_rewarded":10080,"cache_ttl_banner":10080,"cache_ttl_native":10080,"cache_ttl_icon":10080,"refreshAdRate":30,"mode":"Production","aspectRatio":"9_16","cdnPath":"https:\/\/df8ymybeo92md.cloudfront.net\/images\/","sentry_log":0,"local_logging":0,"sentry_dsn":"https:\/\/93ffa1c9a4124f67b8888a53265f751a:bbf998e04584477fa9a145838e9d3b26@sentry.io\/168994","sentry_initialization":1,"sentry_debugging":0,"bannerSizes":[],"aspectRatioVideo":"9_16","app_id":"154","showPreRewardedDialogue":0,"showPostRewardedDialogue":0,"rewardCurrency":"coins","rewardValue":0,"isSkipable":0,"privacyPolicyURL":"https:\/\/www.consoliads.com\/privacy-policy\/","sessionToken":"EN4mBTTf1ZNCUy3oWwDMtb+aydST4Q3aOh3G68Muh+NtoWGzWRStB5gkTYYplYm4hxmkWShiCuywmeu3dkA2k7d3KK0rJ7iTL5hwQ4kZK6IzlooV8SYwYqlzolTegULPsg7Pvw9sRlJxDkOwR+hxqAS6M1fsEHWTkA62\/nI7f4s="}
Session token value is set


{"appKey":"db7bf29f5ad35d54f4a7d6ef62a94ee0","osVersion":"4.3","orientation":"0","is_mac":"0","model":"E3372","deviceID":"694","telco_operator":"Metfone","cpu":"0","brand":"iPhone","userConsent":"0","internet_connectivity":"0","height":"377","architecture":"aarch81","width":"377","resolution":"1080 x 1920","ram":"1,37 GB","sdkVersion":"39","product":"LUA-U22","devMode":"0"}
cache_ttl value is correct

Refresh Ad Rate value is correct
mode value is set

 Aspect ratio value is correct
sentry_log value is set
local_logging value is set
sentry_initialization value is set
sentry_debugging value is set
showPreRewardedDialogue value is set
showPostRewardedDialogue value is set
isSkipable value is set
{"cache_ttl":10080,"cache_ttl_rewarded":10080,"cache_ttl_banner":10080,"cache_ttl_native":10080,"cache_ttl_icon":10080,"refreshAdRate":30,"mode":"Production","aspectRatio":"9_16","cdnPath":"https:\/\/df8ymybeo92md.cloudfront.net\/images\/","sentry_log":0,"local_logging":0,"sentry_dsn":"https:\/\/e6dcd89483ae4d13b0f42ed3810d8d62:078421c4ad3d43f19885b30828ce7ee6@sentry.io\/187776","sentry_initialization":1,"sentry_debugging":0,"bannerSizes":["5"],"aspectRatioVideo":"9_16","app_id":"155","showPreRewardedDialogue":0,"showPostRewardedDialogue":0,"rewardCurrency":"coins","rewardValue":0,"isSkipable":0,"privacyPolicyURL":"https:\/\/www.consoliads.com\/privacy-policy\/","sessionToken":"Hb0scjGmXIUEl5XPaMKgZN5cu3a0G2+ADtb4PM5RTTdhrOgjC+zcrQK3x9J1EYDLrBqVMYkLQXnO2Z24PjQh69gDUTx4GRa\/scl6V9ajaiRJhbRVttHCT+gVWe6o6fwgjKl5joImrUlmkmf6NGDeql4noKtlpdNGDS9PPPzjAV8="}
Session token value is set


{"appKey":"53772d696193e95fa1448fc051e2698c","osVersion":"4.2","orientation":"0","is_mac":"0","model":"iphone 3GS","deviceID":"904","telco_operator":" Ooredoo","cpu":"0","brand":"OPPO","userConsent":"0","internet_connectivity":"0","height":"461","architecture":"armv64","width":"461","resolution":"1440 x 2960","ram":"3.69 GB","sdkVersion":"39","product":"BKK-LX2","devMode":"0"}
cache_ttl value is correct

Refresh Ad Rate value is correct
mode value is set

 Aspect ratio value is correct
sentry_log value is set
local_logging value is set
sentry_initialization value is set
sentry_debugging value is set
showPreRewardedDialogue value is set
showPostRewardedDialogue value is set
isSkipable value is set
{"cache_ttl":10080,"cache_ttl_rewarded":10080,"cache_ttl_banner":10080,"cache_ttl_native":10080,"cache_ttl_icon":10080,"refreshAdRate":30,"mode":"Production","aspectRatio":"9_16","cdnPath":"https:\/\/df8ymybeo92md.cloudfront.net\/images\/","sentry_log":0,"local_logging":0,"sentry_dsn":"https:\/\/e6dcd89483ae4d13b0f42ed3810d8d62:078421c4ad3d43f19885b30828ce7ee6@sentry.io\/187776","sentry_initialization":1,"sentry_debugging":0,"bannerSizes":["5"],"aspectRatioVideo":"9_16","app_id":"159","showPreRewardedDialogue":0,"showPostRewardedDialogue":0,"rewardCurrency":"coins","rewardValue":0,"isSkipable":0,"privacyPolicyURL":"https:\/\/www.consoliads.com\/privacy-policy\/","sessionToken":"oPWfxgLJ9YWf\/Ck3Qn1Ne7u8n7lZAMjvJ5dUI1KhdIAprIjHtI\/I+waHSqL\/lszM9p0G7HeOn2q\/3inuc2rb2Jih2kdP63y9wKgVfeXi7uyeG9ZBlOc6eCkM1s2EVOlxerl5nV8qwQIJNlNoDMiwEIdKNg7Q\/BVIYpSpLlGq0Lk="}
Session token value is set


{"appKey":"66be9fb8efaae821f1c2401c99c56f0a","osVersion":"9.0","orientation":"0","is_mac":"0","model":"GT-Nnnn0","deviceID":"113","telco_operator":"","cpu":"0","brand":"HUAWEI","userConsent":"0","internet_connectivity":"0","height":"145","architecture":"","width":"145","resolution":"1280x720","ram":"953,45 MB","sdkVersion":"2163","product":"j7xeltexx","devMode":"0"}
cache_ttl value is correct

Title value is correct

Refresh Ad Rate value is correct
mode value is set

 Aspect ratio value is correct
sentry_log value is set
local_logging value is set
sentry_initialization value is set
sentry_debugging value is set
showPreRewardedDialogue value is set
showPostRewardedDialogue value is set
isSkipable value is set
{"cache_ttl":10080,"cache_ttl_rewarded":10080,"cache_ttl_banner":10080,"cache_ttl_native":10080,"cache_ttl_icon":10080,"campaigns":[{"campaignID":0,"priority":10,"appToPromote":{"appToPromoteID":0,"usesDefaultFrameImage":"1","usesDefaultCloseImage":"1","packageID":"testPackage"},"showTemplate":2,"activeCreativeID":0,"campaignAdType":"Interstitial","scenes":["1","2","6","5","4","13","14","15"]},{"campaignID":0,"priority":10,"appToPromote":{"appToPromoteID":0,"usesDefaultFrameImage":"1","usesDefaultCloseImage":"1","packageID":"testPackage"},"showTemplate":2,"activeCreativeID":0,"campaignAdType":"Video","scenes":["1","2","6","5","4","13","14","15"]},{"campaignID":0,"priority":10,"appToPromote":{"appToPromoteID":0,"usesDefaultFrameImage":"1","usesDefaultCloseImage":"1","packageID":"testPackage"},"showTemplate":2,"activeCreativeID":0,"campaignAdType":"Rewarded Video","scenes":["1","2","6","5","4","13","14","15"]},{"campaignID":0,"priority":10,"appToPromote":{"appToPromoteID":0,"usesDefaultFrameImage":"1","usesDefaultCloseImage":"1","marketURL":"https:\/\/play.google.com","packageID":"testPackage"},"showTemplate":2,"activeCreativeID":0,"campaignAdType":"Banner","scenes":["1","2","6","5","4","13","14","15"]},{"campaignID":0,"priority":10,"appToPromote":{"appToPromoteID":0,"usesDefaultFrameImage":"1","usesDefaultCloseImage":"1","marketURL":"https:\/\/play.google.com","packageID":"testPackage"},"showTemplate":2,"activeCreativeID":0,"campaignAdType":"Native","title":"Test Title","subTitle":"Test Subtitle","description":"This is test description","adChoicesLink":"www.google.com","adClickThroughText":"Open Link","scenes":["1","2","6","5","4","13","14","15"]},{"campaignID":0,"priority":10,"appToPromote":{"appToPromoteID":0,"usesDefaultFrameImage":"1","usesDefaultCloseImage":"1","marketURL":"https:\/\/play.google.com","packageID":"testPackage"},"showTemplate":2,"activeCreativeID":0,"campaignAdType":"Icon","scenes":["1","2","6","5","4","13","14","15"]}],"refreshAdRate":30,"mode":"Production","aspectRatio":"9_16","cdnPath":"https:\/\/df8ymybeo92md.cloudfront.net\/images\/","sentry_log":0,"local_logging":0,"sentry_dsn":"https:\/\/93ffa1c9a4124f67b8888a53265f751a:bbf998e04584477fa9a145838e9d3b26@sentry.io\/168994","sentry_initialization":1,"sentry_debugging":0,"bannerSizes":["5"],"aspectRatioVideo":"9_16","app_id":"165","showPreRewardedDialogue":0,"showPostRewardedDialogue":0,"rewardCurrency":"coins","rewardValue":0,"isSkipable":0,"privacyPolicyURL":"https:\/\/www.consoliads.com\/privacy-policy\/","sessionToken":"v97ur70cfIb\/sgHZKPDu2irLkO\/RUOxlnwCqiGT+fatLzQ5H6ZE1RzwHiacV93w2kZwiKAMoug7pWqAdA0Rh2fSZXt2e865ckK6BSpzSnAnX0PSwR\/OblmhYnwzh1qlsbpCNOOC6ykCXdEiEHea+5rYQYSHAqMLsqst7TS0VskU="}
Session token value is set


{"appKey":"53eca194fbf9bc9fdda6a52308ee3e05","osVersion":"8.0","orientation":"0","is_mac":"0","model":"SM-Nnn0","deviceID":"800","telco_operator":"Azercell","cpu":"0","brand":"Xiaomi","userConsent":"0","internet_connectivity":"0","height":"420","architecture":"0","width":"420","resolution":"1196x720","ram":"3.51 GB ","sdkVersion":"39","product":"mido","devMode":"0"}
cache_ttl value is correct

Refresh Ad Rate value is correct
mode value is set

 Aspect ratio value is correct
sentry_log value is set
local_logging value is set
sentry_initialization value is set
sentry_debugging value is set
showPreRewardedDialogue value is set
showPostRewardedDialogue value is set
isSkipable value is set
{"cache_ttl":10080,"cache_ttl_rewarded":10080,"cache_ttl_banner":10080,"cache_ttl_native":10080,"cache_ttl_icon":10080,"refreshAdRate":30,"mode":"Production","aspectRatio":"9_16","cdnPath":"https:\/\/df8ymybeo92md.cloudfront.net\/images\/","sentry_log":0,"local_logging":0,"sentry_dsn":"https:\/\/93ffa1c9a4124f67b8888a53265f751a:bbf998e04584477fa9a145838e9d3b26@sentry.io\/168994","sentry_initialization":1,"sentry_debugging":0,"bannerSizes":[],"aspectRatioVideo":"9_16","app_id":"168","showPreRewardedDialogue":0,"showPostRewardedDialogue":0,"rewardCurrency":"coins","rewardValue":0,"isSkipable":0,"privacyPolicyURL":"https:\/\/www.consoliads.com\/privacy-policy\/","sessionToken":"kv39hQaMDPD0xD\/mjtVLIv732\/4IxCUdrz3TbH4P6yJLeqIW8UWcX\/RuXE+\/1bIhhMib\/TnhC5Zfw+P9iJ\/48VqT415otvj\/PerVK9ru\/FZCb9wD2Z+o3fLn13UIaiCE+rRfLpcInvEh+bm4Pu\/mNBkwtODi3Ux2RNPCkP+m7MU="}
Session token value is set


{"appKey":"6c43d0e957550be8b6cbf833df6d0419","osVersion":"7.0","orientation":"0","is_mac":"0","model":"GT-Snnn0","deviceID":"10","telco_operator":"Oi","cpu":"0","brand":"HONOR","userConsent":"0","internet_connectivity":"0","height":"104","architecture":"aarch64","width":"104","resolution":"1436x720","ram":"1.77 GB","sdkVersion":"2225","product":"STK-L21M","devMode":"0"}
cache_ttl value is correct

Title value is correct

Title value is correct

Title value is correct

Title value is correct

Title value is correct

Title value is correct

Refresh Ad Rate value is correct
mode value is set

 Aspect ratio value is correct
sentry_log value is set
local_logging value is set
sentry_initialization value is set
sentry_debugging value is set
showPreRewardedDialogue value is set
showPostRewardedDialogue value is set
isSkipable value is set
{"cache_ttl":10080,"cache_ttl_rewarded":10080,"cache_ttl_banner":10080,"cache_ttl_native":10080,"cache_ttl_icon":10080,"campaigns":[{"campaignID":"8226","attribution":0,"priority":"8","appToPromote":{"appToPromoteID":"12623","usesDefaultFrameImage":"0","usesDefaultCloseImage":"0","marketURL":"https:\/\/play.google.com\/store\/apps\/details?id=com.igg.android.lordsmobile&amp;referrer=utm_source=42matters.com&amp;utm_medium=api","packageID":"com.nooribrand.android.lordsmobile"},"showTemplate":1,"s2s_tracking_url":"https:\/\/play.google.com\/store\/apps\/details?id=com.igg.android.lordsmobile&amp;referrer=utm_source=42matters.com&amp;utm_medium=api","activeCreativeID":"3557","scenes":["3","2"],"campaignAdType":"Icon","productId":"","purchaseBit":0,"licenseKey":""},{"campaignID":"8378","attribution":0,"priority":"8","appToPromote":{"appToPromoteID":"16480","usesDefaultFrameImage":"0","usesDefaultCloseImage":"0","marketURL":"https:\/\/play.google.com\/store\/apps\/details?id=com.nag.home.manager.working.virtual.mom","packageID":"com.GSS317.AmazingFamily"},"showTemplate":1,"s2s_tracking_url":"https:\/\/play.google.com\/store\/apps\/details?id=com.nag.home.manager.working.virtual.mom","activeCreativeID":"3720","scenes":["3","2"],"campaignAdType":"Interstitial","productId":"","purchaseBit":0,"licenseKey":""},{"campaignID":"8613","attribution":0,"priority":"8","appToPromote":{"appToPromoteID":"12623","usesDefaultFrameImage":"0","usesDefaultCloseImage":"0","marketURL":"https:\/\/play.google.com\/store\/apps\/details?id=com.igg.android.lordsmobile&amp;referrer=utm_source=42matters.com&amp;utm_medium=api","packageID":"com.nooribrand.android.lordsmobile"},"showTemplate":1,"s2s_tracking_url":"https:\/\/play.google.com\/store\/apps\/details?id=com.igg.android.lordsmobile&amp;referrer=utm_source=42matters.com&amp;utm_medium=api","activeCreativeID":"3557","scenes":["3","2"],"campaignAdType":"Icon","productId":"","purchaseBit":0,"licenseKey":""},{"campaignID":"8907","attribution":0,"priority":"8","appToPromote":{"appToPromoteID":"17121","usesDefaultFrameImage":"0","usesDefaultCloseImage":"0","marketURL":"https:\/\/infopromo188.wixsite.com\/promo188-f1","packageID":"com.188BET6572.Fullbanner"},"showTemplate":1,"s2s_tracking_url":"https:\/\/infopromo188.wixsite.com\/promo188-f1","activeCreativeID":"4244","scenes":["3","2"],"campaignAdType":"Banner","productId":"","purchaseBit":0,"licenseKey":""},{"campaignID":"8908","attribution":0,"priority":"8","appToPromote":{"appToPromoteID":"17121","usesDefaultFrameImage":"0","usesDefaultCloseImage":"0","marketURL":"https:\/\/infopromo188.wixsite.com\/promo188-f1","packageID":"com.188BET6572.Fullbanner"},"showTemplate":1,"s2s_tracking_url":"https:\/\/infopromo188.wixsite.com\/promo188-f1","activeCreativeID":"4243","scenes":["3","2"],"campaignAdType":"Interstitial","productId":"","purchaseBit":0,"licenseKey":""},{"campaignID":"8909","attribution":0,"priority":"8","appToPromote":{"appToPromoteID":"17121","usesDefaultFrameImage":"0","usesDefaultCloseImage":"0","marketURL":"https:\/\/infopromo188.wixsite.com\/promo188-f1","packageID":"com.188BET6572.Fullbanner"},"showTemplate":1,"s2s_tracking_url":"https:\/\/infopromo188.wixsite.com\/promo188-f1","activeCreativeID":"4244","scenes":["3","2"],"campaignAdType":"Banner","productId":"","purchaseBit":0,"licenseKey":""},{"campaignID":"8910","attribution":0,"priority":"8","appToPromote":{"appToPromoteID":"17121","usesDefaultFrameImage":"0","usesDefaultCloseImage":"0","marketURL":"https:\/\/infopromo188.wixsite.com\/promo188-f1","packageID":"com.188BET6572.Fullbanner"},"showTemplate":1,"s2s_tracking_url":"https:\/\/infopromo188.wixsite.com\/promo188-f1","activeCreativeID":"4245","scenes":["3","2"],"campaignAdType":"Native","title":"Ayo Buruan Ikutan Promo F1","subTitle":"Banyak Hadiah Menarik","description":"Dapatkan PS 5 Terbaru","adClickThroughText":"Selengkapnya","productId":"","purchaseBit":0,"licenseKey":""},{"campaignID":"9092","attribution":0,"priority":"8","appToPromote":{"appToPromoteID":"13421","usesDefaultFrameImage":"0","usesDefaultCloseImage":"0","marketURL":"http:\/\/www.google.com","packageID":"com.appricot2d.testt"},"showTemplate":1,"s2s_tracking_url":"http:\/\/www.google.com","activeCreativeID":"4384","scenes":["3","2"],"campaignAdType":"Interstitial","productId":"","purchaseBit":0,"licenseKey":""},{"campaignID":"9249","attribution_link":"https:\/\/app.appsflyer.com\/com.lgn.gun.strike.war.train.shooting.games?pid=consoliads_int&amp;af_click_lookback=7d&amp;clickid=190_9249_10&amp;android_id={android_id}&amp;sha1_android_id={sha1_android_id}&amp;advertising_id=10&amp;sha1_advertising_id=b1d5781111d84f7b3fe45a0852e59758cd7a87e5&amp;af_keywords=2","attribution":1,"priority":"8","appToPromote":{"appToPromoteID":"13421","usesDefaultFrameImage":"0","usesDefaultCloseImage":"0","marketURL":"http:\/\/www.google.com","packageID":"com.appricot2d.testt"},"showTemplate":1,"s2s_tracking_url":"https:\/\/app.appsflyer.com\/com.lgn.gun.strike.war.train.shooting.games?pid=consoliads_int&amp;af_click_lookback=7d&amp;clickid=190_9249_10&amp;android_id={android_id}&amp;sha1_android_id={sha1_android_id}&amp;advertising_id=10&amp;sha1_advertising_id=b1d5781111d84f7b3fe45a0852e59758cd7a87e5&amp;af_keywords=2","activeCreativeID":"4679","scenes":["3","2"],"campaignAdType":"Interstitial","productId":"","purchaseBit":0,"licenseKey":""},{"campaignID":"9250","attribution_link":"https:\/\/app.appsflyer.com\/com.lgn.gun.strike.war.train.shooting.games?pid=consoliads_int&amp;af_click_lookback=7d&amp;clickid=190_9250_10&amp;android_id={android_id}&amp;sha1_android_id={sha1_android_id}&amp;advertising_id=10&amp;sha1_advertising_id=b1d5781111d84f7b3fe45a0852e59758cd7a87e5&amp;af_keywords=2","attribution":1,"priority":"8","appToPromote":{"appToPromoteID":"13421","usesDefaultFrameImage":"0","usesDefaultCloseImage":"0","marketURL":"http:\/\/www.google.com","packageID":"com.appricot2d.testt"},"showTemplate":1,"s2s_tracking_url":"https:\/\/app.appsflyer.com\/com.lgn.gun.strike.war.train.shooting.games?pid=consoliads_int&amp;af_click_lookback=7d&amp;clickid=190_9250_10&amp;android_id={android_id}&amp;sha1_android_id={sha1_android_id}&amp;advertising_id=10&amp;sha1_advertising_id=b1d5781111d84f7b3fe45a0852e59758cd7a87e5&amp;af_keywords=2","activeCreativeID":"4680","scenes":["3","2"],"campaignAdType":"Interstitial","productId":"","purchaseBit":0,"licenseKey":""},{"campaignID":"9252","attribution":0,"priority":"8","appToPromote":{"appToPromoteID":"12315","usesDefaultFrameImage":"0","usesDefaultCloseImage":"0","marketURL":"google.com","packageID":"com.qabrand.plnative"},"showTemplate":1,"s2s_tracking_url":"google.com","activeCreativeID":"4683","scenes":["3","2"],"campaignAdType":"Native","title":"Native first","subTitle":"First ","description":"New description","adClickThroughText":"FIRST Button","productId":"","purchaseBit":0,"licenseKey":""},{"campaignID":"9253","attribution":0,"priority":"8","appToPromote":{"appToPromoteID":"12315","usesDefaultFrameImage":"0","usesDefaultCloseImage":"0","marketURL":"google.com","packageID":"com.qabrand.plnative"},"showTemplate":1,"s2s_tracking_url":"google.com","activeCreativeID":"4683","scenes":["3","2"],"campaignAdType":"Native","title":"Native first","subTitle":"First ","description":"New description","adClickThroughText":"FIRST Button","productId":"","purchaseBit":0,"licenseKey":""},{"campaignID":"9255","attribution":0,"priority":"8","appToPromote":{"appToPromoteID":"13274","usesDefaultFrameImage":"0","usesDefaultCloseImage":"0","marketURL":"https:\/\/play.google.com\/store\/apps\/details?id=com.facebook.katana","packageID":"com.salon.adsalon"},"showTemplate":1,"s2s_tracking_url":"https:\/\/play.google.com\/store\/apps\/details?id=com.facebook.katana","activeCreativeID":"4685","scenes":["3","2"],"campaignAdType":"Native","title":"native NA ","subTitle":"native NA ","description":"native NA added","adClickThroughText":"native NA ","productId":"","purchaseBit":0,"licenseKey":""},{"campaignID":"9257","attribution":0,"priority":"8","appToPromote":{"appToPromoteID":"12286","usesDefaultFrameImage":"0","usesDefaultCloseImage":"0","marketURL":"google.com","packageID":"com.qabrand.Chartboost_Native"},"showTemplate":1,"s2s_tracking_url":"google.com","activeCreativeID":"4688","scenes":["3","2"],"campaignAdType":"Native","title":"Native second updated","subTitle":"Native second ","description":"Native second details","adClickThroughText":"Native second ","productId":"","purchaseBit":0,"licenseKey":""},{"campaignID":"9261","attribution_link":"https:\/\/app.appsflyer.com\/com.lgn.gun.strike.war.train.shooting.games?pid=consoliads_int&amp;af_click_lookback=7d&amp;clickid=190_9261_10&amp;android_id={android_id}&amp;sha1_android_id={sha1_android_id}&amp;advertising_id=10&amp;sha1_advertising_id=b1d5781111d84f7b3fe45a0852e59758cd7a87e5&amp;af_keywords=2","attribution":1,"priority":"8","appToPromote":{"appToPromoteID":"13421","usesDefaultFrameImage":"0","usesDefaultCloseImage":"0","marketURL":"http:\/\/www.google.com","packageID":"com.appricot2d.testt"},"showTemplate":1,"s2s_tracking_url":"https:\/\/app.appsflyer.com\/com.lgn.gun.strike.war.train.shooting.games?pid=consoliads_int&amp;af_click_lookback=7d&amp;clickid=190_9261_10&amp;android_id={android_id}&amp;sha1_android_id={sha1_android_id}&amp;advertising_id=10&amp;sha1_advertising_id=b1d5781111d84f7b3fe45a0852e59758cd7a87e5&amp;af_keywords=2","activeCreativeID":"4692","scenes":["3","2"],"campaignAdType":"Interstitial","productId":"","purchaseBit":0,"licenseKey":""},{"campaignID":"9263","attribution":0,"priority":"8","appToPromote":{"appToPromoteID":"12315","usesDefaultFrameImage":"0","usesDefaultCloseImage":"0","marketURL":"google.com","packageID":"com.qabrand.plnative"},"showTemplate":1,"s2s_tracking_url":"google.com","activeCreativeID":"4694","scenes":["3","2"],"campaignAdType":"Native","title":"test","subTitle":"test","description":" test details update","adClickThroughText":"test","productId":"","purchaseBit":0,"licenseKey":""},{"campaignID":"9270","attribution":0,"priority":"8","appToPromote":{"appToPromoteID":"1727","usesDefaultFrameImage":"1","usesDefaultCloseImage":"1","marketURL":"https:\/\/play.google.com\/store\/apps\/details?id=com.appricot2d.anna.spasalon","packageID":"com.appricot2d.anna.spasalon"},"showTemplate":1,"s2s_tracking_url":"https:\/\/play.google.com\/store\/apps\/details?id=com.appricot2d.anna.spasalon","activeCreativeID":"4696","scenes":["3","2"],"campaignAdType":"Banner","productId":"","purchaseBit":0,"licenseKey":""},{"campaignID":"9295","attribution":0,"priority":"8","appToPromote":{"appToPromoteID":"1933","usesDefaultFrameImage":"0","usesDefaultCloseImage":"0","marketURL":"https:\/\/play.google.com\/store\/apps\/details?id=com.appricot2d.kids.pony.coloring","packageID":"com.appricot2d.kids.pony.coloring"},"showTemplate":1,"s2s_tracking_url":"https:\/\/play.google.com\/store\/apps\/details?id=com.appricot2d.kids.pony.coloring","activeCreativeID":"4570","scenes":["3","2"],"campaignAdType":"Interstitial","productId":"","purchaseBit":0,"licenseKey":""},{"campaignID":"9334","attribution":0,"priority":"8","appToPromote":{"appToPromoteID":"1933","usesDefaultFrameImage":"0","usesDefaultCloseImage":"0","marketURL":"https:\/\/play.google.com\/store\/apps\/details?id=com.appricot2d.kids.pony.coloring","packageID":"com.appricot2d.kids.pony.coloring"},"showTemplate":1,"s2s_tracking_url":"https:\/\/play.google.com\/store\/apps\/details?id=com.appricot2d.kids.pony.coloring","activeCreativeID":"4570","scenes":["3","2"],"campaignAdType":"Interstitial","productId":"","purchaseBit":0,"licenseKey":""},{"campaignID":"9335","attribution":0,"priority":"8","appToPromote":{"appToPromoteID":"1997","usesDefaultFrameImage":"0","usesDefaultCloseImage":"0","marketURL":"https:\/\/play.google.com\/store\/apps\/details?id=com.appricot2d.anna.coloring.book","packageID":"com.appricot2d.anna.coloring.book"},"showTemplate":1,"s2s_tracking_url":"https:\/\/play.google.com\/store\/apps\/details?id=com.appricot2d.anna.coloring.book","activeCreativeID":"4573","scenes":["3","2"],"campaignAdType":"Interstitial","productId":"","purchaseBit":0,"licenseKey":""},{"campaignID":"9336","attribution":0,"priority":"8","appToPromote":{"appToPromoteID":"1727","usesDefaultFrameImage":"1","usesDefaultCloseImage":"1","marketURL":"https:\/\/play.google.com\/store\/apps\/details?id=com.appricot2d.anna.spasalon","packageID":"com.appricot2d.anna.spasalon"},"showTemplate":1,"s2s_tracking_url":"https:\/\/play.google.com\/store\/apps\/details?id=com.appricot2d.anna.spasalon","activeCreativeID":"133","scenes":["3","2"],"campaignAdType":"Interstitial","productId":"","purchaseBit":0,"licenseKey":""},{"campaignID":"9338","attribution":0,"priority":"8","appToPromote":{"appToPromoteID":"1933","usesDefaultFrameImage":"0","usesDefaultCloseImage":"0","marketURL":"https:\/\/play.google.com\/store\/apps\/details?id=com.appricot2d.kids.pony.coloring","packageID":"com.appricot2d.kids.pony.coloring"},"showTemplate":1,"s2s_tracking_url":"https:\/\/play.google.com\/store\/apps\/details?id=com.appricot2d.kids.pony.coloring","activeCreativeID":"4568","scenes":["3","2"],"campaignAdType":"Interstitial","productId":"","purchaseBit":0,"licenseKey":""},{"campaignID":"9339","attribution_link":"www.favebookk.com","attribution":1,"priority":"8","appToPromote":{"appToPromoteID":"13421","usesDefaultFrameImage":"0","usesDefaultCloseImage":"0","marketURL":"http:\/\/www.google.com","packageID":"com.appricot2d.testt"},"showTemplate":1,"s2s_tracking_url":"www.favebookk.com","activeCreativeID":"4574","scenes":["3","2"],"campaignAdType":"Interstitial","productId":"","purchaseBit":0,"licenseKey":""},{"campaignID":"9407","attribution":0,"priority":"8","appToPromote":{"appToPromoteID":"4514","usesDefaultFrameImage":"0","usesDefaultCloseImage":"0","marketURL":"https:\/\/play.google.com\/store\/apps\/details?id=com.appricot2d.bank.manager.cashier.kids.game","packageID":"com.appricot2d.bank.manager.cashier.kids.game"},"showTemplate":1,"s2s_tracking_url":"https:\/\/play.google.com\/store\/apps\/details?id=com.appricot2d.bank.manager.cashier.kids.game","activeCreativeID":"4845","scenes":["3","2"],"campaignAdType":"Interstitial","productId":"","purchaseBit":0,"licenseKey":""},{"campaignID":"9415","attribution":0,"priority":"8","appToPromote":{"appToPromoteID":"13354","usesDefaultFrameImage":"0","usesDefaultCloseImage":"0","marketURL":"https:\/\/play.google.com\/store\/apps\/details?id=com.de.real.heavy.excavator.crane.transform.robot.war","packageID":"com.de.real.heavy.excavator.crane.transform.robot.war"},"showTemplate":1,"s2s_tracking_url":"https:\/\/play.google.com\/store\/apps\/details?id=com.de.real.heavy.excavator.crane.transform.robot.war","activeCreativeID":"2016","scenes":["3","2"],"campaignAdType":"Icon","productId":"","purchaseBit":0,"licenseKey":""}],"refreshAdRate":30,"mode":"Production","aspectRatio":"9_16","cdnPath":"https:\/\/df8ymybeo92md.cloudfront.net\/images\/","sentry_log":0,"local_logging":0,"sentry_dsn":"https:\/\/93ffa1c9a4124f67b8888a53265f751a:bbf998e04584477fa9a145838e9d3b26@sentry.io\/168994","sentry_initialization":1,"sentry_debugging":0,"bannerSizes":["1"],"aspectRatioVideo":"9_16","app_id":"190","showPreRewardedDialogue":0,"showPostRewardedDialogue":0,"rewardCurrency":"coins","rewardValue":0,"isSkipable":0,"privacyPolicyURL":"https:\/\/www.consoliads.com\/privacy-policy\/","sessionToken":"ajp\/K0kWT7TZVKejfm6aVRTOoKMH+ygdjxSCKSNZQwKolPNRry5Wr6J7IRykCV5gey1q85WHjk8ee\/CVcAUqDJGim3xad7e7jYe03EHp3XCX9IN5V\/985DDCmtzzNC4l8c0cdMXHjvavG2naPG8mZ4S4AKf8XQd4LNajpIJIvxA="}
Session token value is set


{"appKey":"363eeeef9479d9af8cfa3d9ee81f42ad","osVersion":"6.0","orientation":"0","is_mac":"0","model":"GT-Snnn2","deviceID":"125","telco_operator":"Maroc","cpu":"0","brand":"vivo","userConsent":"0","internet_connectivity":"0","height":"150","architecture":"armv8l","width":"150","resolution":"1344x720","ram":"1.68 GB","sdkVersion":"39","product":"aosp_arm","devMode":"0"}
cache_ttl value is correct

Refresh Ad Rate value is correct
mode value is set

 Aspect ratio value is correct
sentry_log value is set
local_logging value is set
sentry_initialization value is set
sentry_debugging value is set
showPreRewardedDialogue value is set
showPostRewardedDialogue value is set
isSkipable value is set
{"cache_ttl":10080,"cache_ttl_rewarded":10080,"cache_ttl_banner":10080,"cache_ttl_native":10080,"cache_ttl_icon":10080,"refreshAdRate":30,"mode":"Production","aspectRatio":"9_16","cdnPath":"https:\/\/df8ymybeo92md.cloudfront.net\/images\/","sentry_log":0,"local_logging":0,"sentry_dsn":"https:\/\/e6dcd89483ae4d13b0f42ed3810d8d62:078421c4ad3d43f19885b30828ce7ee6@sentry.io\/187776","sentry_initialization":1,"sentry_debugging":0,"bannerSizes":[],"aspectRatioVideo":"9_16","app_id":"197","showPreRewardedDialogue":0,"showPostRewardedDialogue":0,"rewardCurrency":"coins","rewardValue":0,"isSkipable":0,"privacyPolicyURL":"https:\/\/www.consoliads.com\/privacy-policy\/","sessionToken":"LPcXaQJSAJDktZCtOGQ1mbcA4TepA9Qeu3LVw54dJU4xT75Eb+HxeawL6lO1rKvPmYRQVatjnmwIs225+Fvm\/ZtgWDdjdRnyYhYVRb8M4AdZ50mCxVdNai4UeKHFyuHCbGgjbt\/UEyHchVWKO27EbahfsRpuGIXk7u4TMoIOVm0="}
Session token value is set


{"appKey":"c95886d10c34ffc0029ce07e6830a9c3","osVersion":"5.0","orientation":"0","is_mac":"0","model":"xiaomi Mi 4s","deviceID":"335","telco_operator":"Telecom","cpu":"0","brand":"samsung","userConsent":"0","internet_connectivity":"0","height":"234","architecture":"armv7l,","width":"234","resolution":"1024x552","ram":"3.68 GB","sdkVersion":"39","product":"potter","devMode":"0"}
cache_ttl value is correct

Refresh Ad Rate value is correct
mode value is set

 Aspect ratio value is correct
sentry_log value is set
local_logging value is set
sentry_initialization value is set
sentry_debugging value is set
showPreRewardedDialogue value is set
showPostRewardedDialogue value is set
isSkipable value is set
{"cache_ttl":10080,"cache_ttl_rewarded":10080,"cache_ttl_banner":10080,"cache_ttl_native":10080,"cache_ttl_icon":10080,"refreshAdRate":30,"mode":"Production","aspectRatio":"9_16","cdnPath":"https:\/\/df8ymybeo92md.cloudfront.net\/images\/","sentry_log":0,"local_logging":0,"sentry_dsn":"https:\/\/93ffa1c9a4124f67b8888a53265f751a:bbf998e04584477fa9a145838e9d3b26@sentry.io\/168994","sentry_initialization":1,"sentry_debugging":0,"bannerSizes":[],"aspectRatioVideo":"9_16","app_id":"202","showPreRewardedDialogue":0,"showPostRewardedDialogue":0,"rewardCurrency":"coins","rewardValue":0,"isSkipable":0,"privacyPolicyURL":"https:\/\/www.consoliads.com\/privacy-policy\/","sessionToken":"6Nw7BEh5oWI1dpGQsWpED2LXyOTPl5x8NK64MQEO5gQKqvpid82xPAnUsA3y2fK+UYlE\/y1KsR1MfidmfXvWbGsh9Gz6qwLX+F2jWLP\/ps2E8I08i+em6PkS7clI5nh3EnwDVA4ESIXkhYMcmtJztBOAzlNi4LntGOswQnXGs6o="}
Session token value is set


{"appKey":"8a6b3a437d3e028a8849cf8f819fd919","osVersion":"4.4","orientation":"0","is_mac":"0","model":"E5673","deviceID":"185","telco_operator":"airtel","cpu":"0","brand":"realme","userConsent":"0","internet_connectivity":"0","height":"174","architecture":"aarch81","width":"174","resolution":"1387x720","ram":"2.75 GB","sdkVersion":"39","product":"iPhone","devMode":"0"}
cache_ttl value is correct

Refresh Ad Rate value is correct
mode value is set

 Aspect ratio value is correct
sentry_log value is set
local_logging value is set
sentry_initialization value is set
sentry_debugging value is set
showPreRewardedDialogue value is set
showPostRewardedDialogue value is set
isSkipable value is set
{"cache_ttl":10080,"cache_ttl_rewarded":10080,"cache_ttl_banner":10080,"cache_ttl_native":10080,"cache_ttl_icon":10080,"refreshAdRate":30,"mode":"Production","aspectRatio":"9_16","cdnPath":"https:\/\/df8ymybeo92md.cloudfront.net\/images\/","sentry_log":0,"local_logging":0,"sentry_dsn":"https:\/\/e6dcd89483ae4d13b0f42ed3810d8d62:078421c4ad3d43f19885b30828ce7ee6@sentry.io\/187776","sentry_initialization":1,"sentry_debugging":0,"bannerSizes":["5"],"aspectRatioVideo":"9_16","app_id":"224","showPreRewardedDialogue":0,"showPostRewardedDialogue":0,"rewardCurrency":"coins","rewardValue":0,"isSkipable":0,"privacyPolicyURL":"https:\/\/www.consoliads.com\/privacy-policy\/","sessionToken":"A9z39t\/EWGeUALpGhj\/aaGjb5GVtDd3UQMtSAp1dnaupEoB0xGducGgQ3HWqUyjq9cFtzvljJ34vGq6FsmYOwGiKaINi6LY2bTOTXc1RSSG136uRwFsSukP2NHiWbLu\/QaxsOHZBMEgFhlsIEeSMmyTzIylCpE5S8Y3RM7QmUYs="}
Session token value is set


{"appKey":"f41eecd58fdd226e9d370df3828af01f","osVersion":"4.3","orientation":"0","is_mac":"0","model":"E3372","deviceID":"677","telco_operator":"Metfone","cpu":"0","brand":"iPhone","userConsent":"0","internet_connectivity":"0","height":"371","architecture":"aarch81","width":"371","resolution":"1080 x 1920","ram":"1,37 GB","sdkVersion":"39","product":"LUA-U22","devMode":"0"}
cache_ttl value is correct

Refresh Ad Rate value is correct
mode value is set

 Aspect ratio value is correct
sentry_log value is set
local_logging value is set
sentry_initialization value is set
sentry_debugging value is set
showPreRewardedDialogue value is set
showPostRewardedDialogue value is set
isSkipable value is set
{"cache_ttl":10080,"cache_ttl_rewarded":10080,"cache_ttl_banner":10080,"cache_ttl_native":10080,"cache_ttl_icon":10080,"refreshAdRate":30,"mode":"Production","aspectRatio":"9_16","cdnPath":"https:\/\/df8ymybeo92md.cloudfront.net\/images\/","sentry_log":0,"local_logging":0,"sentry_dsn":"https:\/\/93ffa1c9a4124f67b8888a53265f751a:bbf998e04584477fa9a145838e9d3b26@sentry.io\/168994","sentry_initialization":1,"sentry_debugging":0,"bannerSizes":[],"aspectRatioVideo":"9_16","app_id":"226","showPreRewardedDialogue":0,"showPostRewardedDialogue":0,"rewardCurrency":"coins","rewardValue":0,"isSkipable":0,"privacyPolicyURL":"https:\/\/www.consoliads.com\/privacy-policy\/","sessionToken":"GMLL+TjelsGMrPpeW\/TcxsQTWz5R6GpSKMEptx7U7RFtv\/RMKhL9ZH8lTO1spXx74qbt\/bn17OWJfp+r9ejcGxabMqOv\/mFvSJdm8ctYNfZY4Ptyd9Z6HqzDBstBQdzCUEBoCGUNjvRwZeFU6HtACvqmxshB9GdsE1h7Hy4E7ts="}
Session token value is set

{"appKey":"fdcae9dc671b6823d2c35a6c94131930","osVersion":"4.2","orientation":"0","is_mac":"0","model":"iphone 3GS","deviceID":"887","telco_operator":" Ooredoo","cpu":"0","brand":"OPPO","userConsent":"0","internet_connectivity":"0","height":"454","architecture":"armv64","width":"454","resolution":"1440 x 2960","ram":"3.69 GB","sdkVersion":"22","product":"BKK-LX2","devMode":"0"}: Status code not OK,http://52.13.174.6/sheeda/admin/api/startNewAdSession_2 API has failed at 31 NotFound

{"appKey":"9aec7032e72fc71651e446a6f79e717e","osVersion":"9.0","orientation":"0","is_mac":"0","model":"GT-Nnnn0","deviceID":"379","telco_operator":"","cpu":"0","brand":"HUAWEI","userConsent":"0","internet_connectivity":"0","height":"251","architecture":"","width":"251","resolution":"1280x720","ram":"953,45 MB","sdkVersion":"2124","product":"j7xeltexx","devMode":"0"}
cache_ttl value is correct

Refresh Ad Rate value is correct
mode value is set

 Aspect ratio value is correct
sentry_log value is set
local_logging value is set
sentry_initialization value is set
sentry_debugging value is set
showPreRewardedDialogue value is set
showPostRewardedDialogue value is set
isSkipable value is set
{"cache_ttl":10080,"cache_ttl_rewarded":10080,"cache_ttl_banner":10080,"cache_ttl_native":10080,"cache_ttl_icon":10080,"campaigns":[{"campaignID":"9262","attribution":0,"priority":"8","appToPromote":{"appToPromoteID":"11407","usesDefaultFrameImage":"0","usesDefaultCloseImage":"0","marketURL":"https:\/\/itunes.apple.com\/us\/app\/rooftop-luxury-restaurant\/id1438205050?mt=8","packageID":"com.giga.rooftop.luxury.restaurant"},"showTemplate":1,"s2s_tracking_url":"https:\/\/itunes.apple.com\/us\/app\/rooftop-luxury-restaurant\/id1438205050?mt=8","activeCreativeID":"4693","scenes":["3","2"],"campaignAdType":"Rewarded Video","productId":"","purchaseBit":0,"licenseKey":""},{"campaignID":"9126","attribution":0,"priority":"8","appToPromote":{"appToPromoteID":"17527","usesDefaultFrameImage":"0","usesDefaultCloseImage":"0","marketURL":"https:\/\/itunes.apple.com\/us\/app\/id1196690809","packageID":"id1196690809"},"showTemplate":1,"s2s_tracking_url":"https:\/\/tha.gotrackier.com\/click?campaign_id=68346\\u0026pub_id=75?p1=236_9126_379&amp;source=6841&amp;app_name=BearSimulator&amp;idfa=379","activeCreativeID":"4478","scenes":["3","2"],"campaignAdType":"Banner","productId":"","purchaseBit":0,"licenseKey":""},{"campaignID":"9128","attribution":0,"priority":"8","appToPromote":{"appToPromoteID":"17529","usesDefaultFrameImage":"0","usesDefaultCloseImage":"0","marketURL":"https:\/\/apps.apple.com\/ru\/app\/id1259203065","packageID":"id1259203065"},"showTemplate":1,"s2s_tracking_url":"https:\/\/tha.gotrackier.com\/click?campaign_id=63251\\u0026pub_id=75?p1=236_9128_379&amp;source=6841&amp;app_name=BearSimulator&amp;idfa=379","activeCreativeID":"4480","scenes":["3","2"],"campaignAdType":"Video","productId":"","purchaseBit":0,"licenseKey":""},{"campaignID":"9129","attribution":0,"priority":"8","appToPromote":{"appToPromoteID":"17530","usesDefaultFrameImage":"0","usesDefaultCloseImage":"0","marketURL":"https:\/\/apps.apple.com\/tw\/app\/%E6%BB%BF%E8%B2%AB%E5%A4%A7%E4%BA%A8\/id1007924271","packageID":"id1007924271"},"showTemplate":1,"s2s_tracking_url":"https:\/\/tha.gotrackier.com\/click?campaign_id=63252\\u0026pub_id=75?p1=236_9129_379&amp;source=6841&amp;app_name=BearSimulator&amp;idfa=379","activeCreativeID":"4481","scenes":["3","2"],"campaignAdType":"Banner","productId":"","purchaseBit":0,"licenseKey":""},{"campaignID":"9414","attribution":0,"priority":"6","appToPromote":{"appToPromoteID":"17755","usesDefaultFrameImage":"0","usesDefaultCloseImage":"0","marketURL":"https:\/\/apps.apple.com\/us\/app\/ancient-battle\/id1511642145?uo=4&amp;at=10l9yE","packageID":"com.mandrillvr.AncientBattleioV3"},"showTemplate":1,"s2s_tracking_url":"https:\/\/apps.apple.com\/us\/app\/ancient-battle\/id1511642145?uo=4&amp;at=10l9yE","activeCreativeID":"4831","scenes":["3","2"],"campaignAdType":"Interstitial","productId":"","purchaseBit":0,"licenseKey":""},{"campaignID":"9590","attribution":0,"priority":"6","appToPromote":{"appToPromoteID":"11320","usesDefaultFrameImage":"0","usesDefaultCloseImage":"0","marketURL":"http:\/\/itunes.apple.com\/app\/virtual-airport-police-manager\/id1437518178?uo=5&amp;at=10l9yE","packageID":"com.giga.virtual.airport.police.manager"},"showTemplate":1,"s2s_tracking_url":"http:\/\/itunes.apple.com\/app\/virtual-airport-police-manager\/id1437518178?uo=5&amp;at=10l9yE","activeCreativeID":"4997","scenes":["3","2"],"campaignAdType":"Interstitial","productId":"","purchaseBit":0,"licenseKey":""},{"campaignID":"9591","attribution":0,"priority":"6","appToPromote":{"appToPromoteID":"11320","usesDefaultFrameImage":"0","usesDefaultCloseImage":"0","marketURL":"http:\/\/itunes.apple.com\/app\/virtual-airport-police-manager\/id1437518178?uo=5&amp;at=10l9yE","packageID":"com.giga.virtual.airport.police.manager"},"showTemplate":1,"s2s_tracking_url":"http:\/\/itunes.apple.com\/app\/virtual-airport-police-manager\/id1437518178?uo=5&amp;at=10l9yE","activeCreativeID":"4997","scenes":["3","2"],"campaignAdType":"Interstitial","productId":"","purchaseBit":0,"licenseKey":""},{"campaignID":"1041","attribution":0,"priority":"6","appToPromote":{"appToPromoteID":"5781","usesDefaultFrameImage":"0","usesDefaultCloseImage":"0","marketURL":"https:\/\/itunes.apple.com\/US\/app\/id642727743?","packageID":"id642727743"},"showTemplate":1,"activeCreativeID":null,"scenes":["3","2"],"campaignAdType":"Interstitial","productId":"","purchaseBit":0,"licenseKey":""},{"campaignID":"8628","attribution":0,"priority":"5","appToPromote":{"appToPromoteID":"11082","usesDefaultFrameImage":"0","usesDefaultCloseImage":"0","marketURL":"https:\/\/apps.apple.com\/app\/cooking-day-restaurant-game\/id1427191409?uo=5&amp;at=10l9yE","packageID":"com.NewAge.cooking.day"},"showTemplate":1,"s2s_tracking_url":"https:\/\/apps.apple.com\/app\/cooking-day-restaurant-game\/id1427191409?uo=5&amp;at=10l9yE","activeCreativeID":"2113","scenes":["3","2"],"campaignAdType":"Interstitial","productId":"","purchaseBit":0,"licenseKey":""},{"campaignID":"6761","attribution":0,"priority":"5","appToPromote":{"appToPromoteID":"13201","usesDefaultFrameImage":"0","usesDefaultCloseImage":"0","marketURL":"https:\/\/apps.apple.com\/us\/app\/fury-counter-survival-war\/id1472730597?uo=4&amp;at=10l9yE","packageID":"com.aaqibios.fury.terrorist.survival.war"},"showTemplate":1,"s2s_tracking_url":"https:\/\/apps.apple.com\/us\/app\/fury-counter-survival-war\/id1472730597?uo=4&amp;at=10l9yE","activeCreativeID":"1875","scenes":["3","2"],"campaignAdType":"Interstitial","productId":"","purchaseBit":0,"licenseKey":""},{"campaignID":"1423","attribution":0,"priority":"4","appToPromote":{"appToPromoteID":"5227","usesDefaultFrameImage":"0","usesDefaultCloseImage":"0","marketURL":"https:\/\/itunes.apple.com\/in\/app\/8-ball-pool\/id543186831?mt=8","packageID":"id543186831"},"showTemplate":1,"activeCreativeID":null,"scenes":["3","2"],"campaignAdType":"Interstitial","productId":"","purchaseBit":0,"licenseKey":""}],"refreshAdRate":30,"mode":"Production","aspectRatio":"9_16","cdnPath":"https:\/\/df8ymybeo92md.cloudfront.net\/images\/","sentry_log":0,"local_logging":0,"sentry_dsn":"https:\/\/e6dcd89483ae4d13b0f42ed3810d8d62:078421c4ad3d43f19885b30828ce7ee6@sentry.io\/187776","sentry_initialization":1,"sentry_debugging":0,"bannerSizes":["1"],"aspectRatioVideo":"9_16","app_id":"236","showPreRewardedDialogue":0,"showPostRewardedDialogue":0,"rewardCurrency":"coins","rewardValue":0,"isSkipable":0,"privacyPolicyURL":"https:\/\/www.consoliads.com\/privacy-policy\/","sessionToken":"LR1KYOexlpuQEFiYbXXkeMUY772gZlUHpYwAMGCvgL+IKFQ\/e07Hdxotw3GB7a5AcwCEUbPXMEmnjljAmpcfC8K5nKiWU3LglZwSnzfo\/a8uMMasb+X78ilgpNF3YK491RtH3RXwhFL+RUsjUNrFt\/DluODYN9o7dJyVzmb7hFE="}
Session token value is set


{"appKey":"02d11fd9738d97b70b9d22ec1bd2123f","osVersion":"8.0","orientation":"0","is_mac":"0","model":"SM-Nnn0","deviceID":"194","telco_operator":"Azercell","cpu":"0","brand":"Xiaomi","userConsent":"0","internet_connectivity":"0","height":"177","architecture":"0","width":"177","resolution":"1196x720","ram":"3.51 GB ","sdkVersion":"39","product":"mido","devMode":"0"}
cache_ttl value is correct

Refresh Ad Rate value is correct
mode value is set

 Aspect ratio value is correct
sentry_log value is set
local_logging value is set
sentry_initialization value is set
sentry_debugging value is set
showPreRewardedDialogue value is set
showPostRewardedDialogue value is set
isSkipable value is set
{"cache_ttl":10080,"cache_ttl_rewarded":10080,"cache_ttl_banner":10080,"cache_ttl_native":10080,"cache_ttl_icon":10080,"refreshAdRate":30,"mode":"Production","aspectRatio":"9_16","cdnPath":"https:\/\/df8ymybeo92md.cloudfront.net\/images\/","sentry_log":0,"local_logging":0,"sentry_dsn":"https:\/\/93ffa1c9a4124f67b8888a53265f751a:bbf998e04584477fa9a145838e9d3b26@sentry.io\/168994","sentry_initialization":1,"sentry_debugging":0,"bannerSizes":[],"aspectRatioVideo":"9_16","app_id":"238","showPreRewardedDialogue":0,"showPostRewardedDialogue":0,"rewardCurrency":"coins","rewardValue":0,"isSkipable":0,"privacyPolicyURL":"https:\/\/www.consoliads.com\/privacy-policy\/","sessionToken":"9bpBs4zCHz8A6LEv+a0p6ZaPKnhcX3dvWZg3x940Ryef30egOM+4AftmwtUIBqvsgHLcqwpCWvj5CKS9GrnplLMhknaKAqKUXWHJc6bMf9rEJ84iDq4NuhwDjMk8fKfZuNUitKIMdUpO+UjDQoZXsF84iuQBABh52V3w2s6BrOg="}
Session token value is set

{"appKey":"17cf37d56026573c47a5d84146b15956","osVersion":"7.0","orientation":"0","is_mac":"0","model":"GT-Snnn0","deviceID":"651","telco_operator":"Oi","cpu":"0","brand":"HONOR","userConsent":"0","internet_connectivity":"0","height":"360","architecture":"aarch64","width":"360","resolution":"1436x720","ram":"1.77 GB","sdkVersion":"22","product":"STK-L21M","devMode":"0"}: Status code not OK,http://52.13.174.6/sheeda/admin/api/startNewAdSession_2 API has failed at 34 NotFound

{"appKey":"de6bde2b521a5e5f071c239a72e6a0be","osVersion":"6.0","orientation":"0","is_mac":"0","model":"GT-Snnn2","deviceID":"784","telco_operator":"Maroc","cpu":"0","brand":"vivo","userConsent":"0","internet_connectivity":"0","height":"413","architecture":"armv8l","width":"413","resolution":"1344x720","ram":"1.68 GB","sdkVersion":"2225","product":"aosp_arm","devMode":"0"}
cache_ttl value is correct

Refresh Ad Rate value is correct
mode value is set

 Aspect ratio value is correct
sentry_log value is set
local_logging value is set
sentry_initialization value is set
sentry_debugging value is set
showPreRewardedDialogue value is set
showPostRewardedDialogue value is set
isSkipable value is set
{"cache_ttl":10080,"cache_ttl_rewarded":10080,"cache_ttl_banner":10080,"cache_ttl_native":10080,"cache_ttl_icon":10080,"campaigns":[{"campaignID":"9262","attribution":0,"priority":"8","appToPromote":{"appToPromoteID":"11407","usesDefaultFrameImage":"0","usesDefaultCloseImage":"0","marketURL":"https:\/\/itunes.apple.com\/us\/app\/rooftop-luxury-restaurant\/id1438205050?mt=8","packageID":"com.giga.rooftop.luxury.restaurant"},"showTemplate":1,"s2s_tracking_url":"https:\/\/itunes.apple.com\/us\/app\/rooftop-luxury-restaurant\/id1438205050?mt=8","activeCreativeID":"4693","scenes":["3","2"],"campaignAdType":"Rewarded Video","productId":"","purchaseBit":0,"licenseKey":""},{"campaignID":"9414","attribution":0,"priority":"6","appToPromote":{"appToPromoteID":"17755","usesDefaultFrameImage":"0","usesDefaultCloseImage":"0","marketURL":"https:\/\/apps.apple.com\/us\/app\/ancient-battle\/id1511642145?uo=4&amp;at=10l9yE","packageID":"com.mandrillvr.AncientBattleioV3"},"showTemplate":1,"s2s_tracking_url":"https:\/\/apps.apple.com\/us\/app\/ancient-battle\/id1511642145?uo=4&amp;at=10l9yE","activeCreativeID":"4831","scenes":["3","2"],"campaignAdType":"Interstitial","productId":"","purchaseBit":0,"licenseKey":""},{"campaignID":"9590","attribution":0,"priority":"6","appToPromote":{"appToPromoteID":"11320","usesDefaultFrameImage":"0","usesDefaultCloseImage":"0","marketURL":"http:\/\/itunes.apple.com\/app\/virtual-airport-police-manager\/id1437518178?uo=5&amp;at=10l9yE","packageID":"com.giga.virtual.airport.police.manager"},"showTemplate":1,"s2s_tracking_url":"http:\/\/itunes.apple.com\/app\/virtual-airport-police-manager\/id1437518178?uo=5&amp;at=10l9yE","activeCreativeID":"4997","scenes":["3","2"],"campaignAdType":"Interstitial","productId":"","purchaseBit":0,"licenseKey":""},{"campaignID":"9591","attribution":0,"priority":"6","appToPromote":{"appToPromoteID":"11320","usesDefaultFrameImage":"0","usesDefaultCloseImage":"0","marketURL":"http:\/\/itunes.apple.com\/app\/virtual-airport-police-manager\/id1437518178?uo=5&amp;at=10l9yE","packageID":"com.giga.virtual.airport.police.manager"},"showTemplate":1,"s2s_tracking_url":"http:\/\/itunes.apple.com\/app\/virtual-airport-police-manager\/id1437518178?uo=5&amp;at=10l9yE","activeCreativeID":"4997","scenes":["3","2"],"campaignAdType":"Interstitial","productId":"","purchaseBit":0,"licenseKey":""},{"campaignID":"1041","attribution":0,"priority":"6","appToPromote":{"appToPromoteID":"5781","usesDefaultFrameImage":"0","usesDefaultCloseImage":"0","marketURL":"https:\/\/itunes.apple.com\/US\/app\/id642727743?","packageID":"id642727743"},"showTemplate":1,"activeCreativeID":null,"scenes":["3","2"],"campaignAdType":"Interstitial","productId":"","purchaseBit":0,"licenseKey":""},{"campaignID":"8628","attribution":0,"priority":"5","appToPromote":{"appToPromoteID":"11082","usesDefaultFrameImage":"0","usesDefaultCloseImage":"0","marketURL":"https:\/\/apps.apple.com\/app\/cooking-day-restaurant-game\/id1427191409?uo=5&amp;at=10l9yE","packageID":"com.NewAge.cooking.day"},"showTemplate":1,"s2s_tracking_url":"https:\/\/apps.apple.com\/app\/cooking-day-restaurant-game\/id1427191409?uo=5&amp;at=10l9yE","activeCreativeID":"2113","scenes":["3","2"],"campaignAdType":"Interstitial","productId":"","purchaseBit":0,"licenseKey":""},{"campaignID":"6761","attribution":0,"priority":"5","appToPromote":{"appToPromoteID":"13201","usesDefaultFrameImage":"0","usesDefaultCloseImage":"0","marketURL":"https:\/\/apps.apple.com\/us\/app\/fury-counter-survival-war\/id1472730597?uo=4&amp;at=10l9yE","packageID":"com.aaqibios.fury.terrorist.survival.war"},"showTemplate":1,"s2s_tracking_url":"https:\/\/apps.apple.com\/us\/app\/fury-counter-survival-war\/id1472730597?uo=4&amp;at=10l9yE","activeCreativeID":"1875","scenes":["3","2"],"campaignAdType":"Interstitial","productId":"","purchaseBit":0,"licenseKey":""},{"campaignID":"1423","attribution":0,"priority":"4","appToPromote":{"appToPromoteID":"5227","usesDefaultFrameImage":"0","usesDefaultCloseImage":"0","marketURL":"https:\/\/itunes.apple.com\/in\/app\/8-ball-pool\/id543186831?mt=8","packageID":"id543186831"},"showTemplate":1,"activeCreativeID":null,"scenes":["3","2"],"campaignAdType":"Interstitial","productId":"","purchaseBit":0,"licenseKey":""}],"refreshAdRate":30,"mode":"Production","aspectRatio":"9_16","cdnPath":"https:\/\/df8ymybeo92md.cloudfront.net\/images\/","sentry_log":0,"local_logging":0,"sentry_dsn":"https:\/\/e6dcd89483ae4d13b0f42ed3810d8d62:078421c4ad3d43f19885b30828ce7ee6@sentry.io\/187776","sentry_initialization":1,"sentry_debugging":0,"bannerSizes":["1"],"aspectRatioVideo":"9_16","app_id":"254","showPreRewardedDialogue":0,"showPostRewardedDialogue":0,"rewardCurrency":"coins","rewardValue":0,"isSkipable":0,"privacyPolicyURL":"https:\/\/www.consoliads.com\/privacy-policy\/","sessionToken":"U+Wo+P+42VuP\/NynFtgygIQB458C2nG8eUlYyQ\/F01gtc9w1EGm5pENI+o3q3qphU4VshpO5mlVNTSdcE6Aen8Fq4JXcYuB5j\/a9KJPMFjFfDPMLTsEfXtHFJLwiA78wlNQk66DMjHiKxRchUdHG2eLvLaMz1fwV66eU+WkaV9s="}
Session token value is set

{"appKey":"4a72d27f251a0dd2086fdba76fde4535","osVersion":"5.0","orientation":"0","is_mac":"0","model":"xiaomi Mi 4s","deviceID":"297","telco_operator":"Telecom","cpu":"0","brand":"samsung","userConsent":"0","internet_connectivity":"0","height":"218","architecture":"armv7l,","width":"218","resolution":"1024x552","ram":"3.68 GB","sdkVersion":"22","product":"potter","devMode":"0"}: Status code not OK,http://52.13.174.6/sheeda/admin/api/startNewAdSession_2 API has failed at 36 NotFound

{"appKey":"5d5ac66b8796ce7db05414be2136f2cd","osVersion":"4.4","orientation":"0","is_mac":"0","model":"E5673","deviceID":"593","telco_operator":"airtel","cpu":"0","brand":"realme","userConsent":"0","internet_connectivity":"0","height":"337","architecture":"aarch81","width":"337","resolution":"1387x720","ram":"2.75 GB","sdkVersion":"39","product":"iPhone","devMode":"0"}
cache_ttl value is correct

Refresh Ad Rate value is correct
mode value is set

 Aspect ratio value is correct
sentry_log value is set
local_logging value is set
sentry_initialization value is set
sentry_debugging value is set
showPreRewardedDialogue value is set
showPostRewardedDialogue value is set
isSkipable value is set
{"cache_ttl":10080,"cache_ttl_rewarded":10080,"cache_ttl_banner":10080,"cache_ttl_native":10080,"cache_ttl_icon":10080,"refreshAdRate":30,"mode":"Production","aspectRatio":"9_16","cdnPath":"https:\/\/df8ymybeo92md.cloudfront.net\/images\/","sentry_log":0,"local_logging":0,"sentry_dsn":"https:\/\/93ffa1c9a4124f67b8888a53265f751a:bbf998e04584477fa9a145838e9d3b26@sentry.io\/168994","sentry_initialization":1,"sentry_debugging":0,"bannerSizes":[],"aspectRatioVideo":"9_16","app_id":"262","showPreRewardedDialogue":0,"showPostRewardedDialogue":0,"rewardCurrency":"coins","rewardValue":0,"isSkipable":0,"privacyPolicyURL":"https:\/\/www.consoliads.com\/privacy-policy\/","sessionToken":"axEjmGHiq+bQLU20LCtyCYaR0GUoIP59fECuBsC3sEQBAryMMKUV8C42Qz0sGdZYbn2R+wdru88miyodN5etVyQjKlyskex9h1ZoGDY07cV5AcE2uLXYlbXdBitCOpbPmWqHs4i8Bx3BAvKTy\/hEBUGp3oGukVYSDEpWiEyTvJo="}
Session token value is set


{"appKey":"8e241a59532e953339795dedba3abd02","osVersion":"4.3","orientation":"0","is_mac":"0","model":"E3372","deviceID":"444","telco_operator":"Metfone","cpu":"0","brand":"iPhone","userConsent":"0","internet_connectivity":"0","height":"277","architecture":"aarch81","width":"277","resolution":"1080 x 1920","ram":"1,37 GB","sdkVersion":"39","product":"LUA-U22","devMode":"0"}
cache_ttl value is correct

Refresh Ad Rate value is correct
mode value is set

 Aspect ratio value is correct
sentry_log value is set
local_logging value is set
sentry_initialization value is set
sentry_debugging value is set
showPreRewardedDialogue value is set
showPostRewardedDialogue value is set
isSkipable value is set
{"cache_ttl":10080,"cache_ttl_rewarded":10080,"cache_ttl_banner":10080,"cache_ttl_native":10080,"cache_ttl_icon":10080,"refreshAdRate":30,"mode":"Production","aspectRatio":"9_16","cdnPath":"https:\/\/df8ymybeo92md.cloudfront.net\/images\/","sentry_log":0,"local_logging":0,"sentry_dsn":"na","sentry_initialization":1,"sentry_debugging":0,"bannerSizes":[],"aspectRatioVideo":"9_16","app_id":"264","showPreRewardedDialogue":0,"showPostRewardedDialogue":0,"rewardCurrency":"coins","rewardValue":0,"isSkipable":0,"privacyPolicyURL":"https:\/\/www.consoliads.com\/privacy-policy\/","sessionToken":"JyqNUSeTlzzCulwR35zGh\/v+YVWt1J6UzdTV6B67qgen1OpDg1jtBf3oe\/bJvozA6T3xHT8FZU3W7lRcNqj5pA2PuFsSQtwyVMPhfJDJAbJb0Co5BOJuV+BSV8QjIHCu89WC3pr4kkRkWl0683h+UtrXjyEAp6Z590wREcp9UeQ="}
Session token value is set


{"appKey":"3b7205551216c71dee6bb11fe3abb1bc","osVersion":"4.2","orientation":"0","is_mac":"0","model":"iphone 3GS","deviceID":"936","telco_operator":" Ooredoo","cpu":"0","brand":"OPPO","userConsent":"0","internet_connectivity":"0","height":"474","architecture":"armv64","width":"474","resolution":"1440 x 2960","ram":"3.69 GB","sdkVersion":"60","product":"BKK-LX2","devMode":"0"}
cache_ttl value is correct

Refresh Ad Rate value is correct
mode value is set

 Aspect ratio value is correct
sentry_log value is set
local_logging value is set
sentry_initialization value is set
sentry_debugging value is set
showPreRewardedDialogue value is set
showPostRewardedDialogue value is set
isSkipable value is set
{"cache_ttl":10080,"cache_ttl_rewarded":10080,"cache_ttl_banner":10080,"cache_ttl_native":10080,"cache_ttl_icon":10080,"refreshAdRate":30,"mode":"Production","aspectRatio":"9_16","cdnPath":"https:\/\/df8ymybeo92md.cloudfront.net\/images\/","sentry_log":0,"local_logging":0,"sentry_dsn":"https:\/\/e6dcd89483ae4d13b0f42ed3810d8d62:078421c4ad3d43f19885b30828ce7ee6@sentry.io\/187776","sentry_initialization":1,"sentry_debugging":0,"bannerSizes":[],"aspectRatioVideo":"9_16","app_id":"266","showPreRewardedDialogue":0,"showPostRewardedDialogue":0,"rewardCurrency":"coins","rewardValue":0,"isSkipable":0,"privacyPolicyURL":"https:\/\/www.consoliads.com\/privacy-policy\/","sessionToken":"adzdjxPhc2NspFMX3b2GGNVTaqlssPKhAMnKRXQje0dYwP0AnHgLC5lbYWdfKhrBxUH2QdSTB3qtwNhMfOoEv+pMn+KCihVu5pZ7QQIwmgt0fMSvvDD3nZL7NiBVCLM\/z1T8RFQ+EEDsH\/9tulFM\/GZlfRn2snV92gE2mEwjJ9s="}
Session token value is set


{"appKey":"85c4d47a991c399e517b435dcd008465","osVersion":"9.0","orientation":"0","is_mac":"0","model":"GT-Nnnn0","deviceID":"950","telco_operator":"","cpu":"0","brand":"HUAWEI","userConsent":"0","internet_connectivity":"0","height":"480","architecture":"","width":"480","resolution":"1280x720","ram":"953,45 MB","sdkVersion":"39","product":"j7xeltexx","devMode":"0"}
cache_ttl value is correct

Refresh Ad Rate value is correct
mode value is set

 Aspect ratio value is correct
sentry_log value is set
local_logging value is set
sentry_initialization value is set
sentry_debugging value is set
showPreRewardedDialogue value is set
showPostRewardedDialogue value is set
isSkipable value is set
{"cache_ttl":10080,"cache_ttl_rewarded":10080,"cache_ttl_banner":10080,"cache_ttl_native":10080,"cache_ttl_icon":10080,"refreshAdRate":30,"mode":"Production","aspectRatio":"9_16","cdnPath":"https:\/\/df8ymybeo92md.cloudfront.net\/images\/","sentry_log":0,"local_logging":0,"sentry_dsn":"https:\/\/93ffa1c9a4124f67b8888a53265f751a:bbf998e04584477fa9a145838e9d3b26@sentry.io\/168994","sentry_initialization":1,"sentry_debugging":0,"bannerSizes":[],"aspectRatioVideo":"9_16","app_id":"268","showPreRewardedDialogue":0,"showPostRewardedDialogue":0,"rewardCurrency":"coins","rewardValue":0,"isSkipable":0,"privacyPolicyURL":"https:\/\/www.consoliads.com\/privacy-policy\/","sessionToken":"dLOWC4MbWDnvzozWctdw\/JP4tj3Y7mbIesZcrx5\/yb299dkh89GroIyMpV+MeduhdYuME2RGTkjBKNbyUEK7GcKhCx0GTHyQbVG5v1fLH8Ywqnmv4llsGmfveDlmnEy64yIxLLLg4M04FPK3n+B\/NKmD5++bICK+Gg4tUrxEQkc="}
Session token value is set


{"appKey":"60f88b014c5b906cbedc0f072040fb65","osVersion":"8.0","orientation":"0","is_mac":"0","model":"SM-Nnn0","deviceID":"442","telco_operator":"Azercell","cpu":"0","brand":"Xiaomi","userConsent":"0","internet_connectivity":"0","height":"277","architecture":"0","width":"277","resolution":"1196x720","ram":"3.51 GB ","sdkVersion":"39","product":"mido","devMode":"0"}
cache_ttl value is correct

Refresh Ad Rate value is correct
mode value is set

 Aspect ratio value is correct
sentry_log value is set
local_logging value is set
sentry_initialization value is set
sentry_debugging value is set
showPreRewardedDialogue value is set
showPostRewardedDialogue value is set
isSkipable value is set
{"cache_ttl":10080,"cache_ttl_rewarded":10080,"cache_ttl_banner":10080,"cache_ttl_native":10080,"cache_ttl_icon":10080,"refreshAdRate":30,"mode":"Production","aspectRatio":"9_16","cdnPath":"https:\/\/df8ymybeo92md.cloudfront.net\/images\/","sentry_log":0,"local_logging":0,"sentry_dsn":"https:\/\/93ffa1c9a4124f67b8888a53265f751a:bbf998e04584477fa9a145838e9d3b26@sentry.io\/168994","sentry_initialization":1,"sentry_debugging":0,"bannerSizes":[],"aspectRatioVideo":"9_16","app_id":"271","showPreRewardedDialogue":0,"showPostRewardedDialogue":0,"rewardCurrency":"coins","rewardValue":0,"isSkipable":0,"privacyPolicyURL":"https:\/\/www.consoliads.com\/privacy-policy\/","sessionToken":"wWH8kcHhoDkScqpd2PMI4+gI0SuN+t9B8MKD1qdrPdnCsDxDSRKjdgEPlL\/vXOnW6qcmLumN4+xkVZ2XXzXd5z+HaUuRJMcvw3uI59N1g4wsaQxnyKfDWKJtl6QtXLHTpxzau8KyHAaEA3klwHPfzmTakxN\/lruAKJLzoPdG0E0="}
Session token value is set


{"appKey":"cc7c0dc3617dc403b90811916faee5c0","osVersion":"7.0","orientation":"0","is_mac":"0","model":"GT-Snnn0","deviceID":"293","telco_operator":"Oi","cpu":"0","brand":"HONOR","userConsent":"0","internet_connectivity":"0","height":"217","architecture":"aarch64","width":"217","resolution":"1436x720","ram":"1.77 GB","sdkVersion":"39","product":"STK-L21M","devMode":"0"}
cache_ttl value is correct

Refresh Ad Rate value is correct
mode value is set

 Aspect ratio value is correct
sentry_log value is set
local_logging value is set
sentry_initialization value is set
sentry_debugging value is set
showPreRewardedDialogue value is set
showPostRewardedDialogue value is set
isSkipable value is set
{"cache_ttl":10080,"cache_ttl_rewarded":10080,"cache_ttl_banner":10080,"cache_ttl_native":10080,"cache_ttl_icon":10080,"refreshAdRate":30,"mode":"Production","aspectRatio":"9_16","cdnPath":"https:\/\/df8ymybeo92md.cloudfront.net\/images\/","sentry_log":0,"local_logging":0,"sentry_dsn":"https:\/\/93ffa1c9a4124f67b8888a53265f751a:bbf998e04584477fa9a145838e9d3b26@sentry.io\/168994","sentry_initialization":1,"sentry_debugging":0,"bannerSizes":[],"aspectRatioVideo":"9_16","app_id":"280","showPreRewardedDialogue":0,"showPostRewardedDialogue":0,"rewardCurrency":"coins","rewardValue":0,"isSkipable":0,"privacyPolicyURL":"https:\/\/www.consoliads.com\/privacy-policy\/","sessionToken":"PCRYLHl5IASzI5ptIXazZoDVG+up8vJRmfQIWcawXXjIr6P\/iQ+3wR3PvBxWOJMJgwCQIHbboQJXZFPLiJYbGADWwiygQe9pNSLnnAUqvoAbiyHQYuvxa\/C+HLYpiKvJKDN2kzNOay1gmqseTpHqK4vW2pjtJQfFEnWWIdvpqx4="}
Session token value is set


{"appKey":"096d387c0358e27c2d39b783d06790f4","osVersion":"6.0","orientation":"0","is_mac":"0","model":"GT-Snnn2","deviceID":"948","telco_operator":"Maroc","cpu":"0","brand":"vivo","userConsent":"0","internet_connectivity":"0","height":"479","architecture":"armv8l","width":"479","resolution":"1344x720","ram":"1.68 GB","sdkVersion":"39","product":"aosp_arm","devMode":"0"}
cache_ttl value is correct

Refresh Ad Rate value is correct
mode value is set

 Aspect ratio value is correct
sentry_log value is set
local_logging value is set
sentry_initialization value is set
sentry_debugging value is set
showPreRewardedDialogue value is set
showPostRewardedDialogue value is set
isSkipable value is set
{"cache_ttl":10080,"cache_ttl_rewarded":10080,"cache_ttl_banner":10080,"cache_ttl_native":10080,"cache_ttl_icon":10080,"refreshAdRate":30,"mode":"Production","aspectRatio":"9_16","cdnPath":"https:\/\/df8ymybeo92md.cloudfront.net\/images\/","sentry_log":0,"local_logging":0,"sentry_dsn":"na","sentry_initialization":1,"sentry_debugging":0,"bannerSizes":[],"aspectRatioVideo":"9_16","app_id":"282","showPreRewardedDialogue":0,"showPostRewardedDialogue":0,"rewardCurrency":"coins","rewardValue":0,"isSkipable":0,"privacyPolicyURL":"https:\/\/www.consoliads.com\/privacy-policy\/","sessionToken":"IPK0ewBNIb6d1qxIwm14Rd9Ytz2g5eL\/SGLalUb6VqMN5mt8LHHbKrQUYDOfEHUUl28l3pqu8MDchm2lZ28UoHdasGlp4FXsgIdTTCCSj5YxMowkdt41hK9yJ5W22GUR2LBwej59wpvyjzVSXAO7kNxWCleuMvElYNynTo2TfJs="}
Session token value is set

{"appKey":"b810ee887d6bed36479ac5884904ecad","osVersion":"5.0","orientation":"0","is_mac":"0","model":"xiaomi Mi 4s","deviceID":"440","telco_operator":"Telecom","cpu":"0","brand":"samsung","userConsent":"0","internet_connectivity":"0","height":"276","architecture":"armv7l,","width":"276","resolution":"1024x552","ram":"3.68 GB","sdkVersion":"22","product":"potter","devMode":"0"}: Status code not OK,http://52.13.174.6/sheeda/admin/api/startNewAdSession_2 API has failed at 44 NotFound

{"appKey":"e4f563b27676d79d2981b8bb53fd765b","osVersion":"4.4","orientation":"0","is_mac":"0","model":"E5673","deviceID":"8","telco_operator":"airtel","cpu":"0","brand":"realme","userConsent":"0","internet_connectivity":"0","height":"103","architecture":"aarch81","width":"103","resolution":"1387x720","ram":"2.75 GB","sdkVersion":"39","product":"iPhone","devMode":"0"}
cache_ttl value is correct

Refresh Ad Rate value is correct
mode value is set

 Aspect ratio value is correct
sentry_log value is set
local_logging value is set
sentry_initialization value is set
sentry_debugging value is set
showPreRewardedDialogue value is set
showPostRewardedDialogue value is set
isSkipable value is set
{"cache_ttl":10080,"cache_ttl_rewarded":10080,"cache_ttl_banner":10080,"cache_ttl_native":10080,"cache_ttl_icon":10080,"refreshAdRate":30,"mode":"Production","aspectRatio":"9_16","cdnPath":"https:\/\/df8ymybeo92md.cloudfront.net\/images\/","sentry_log":0,"local_logging":0,"sentry_dsn":"https:\/\/93ffa1c9a4124f67b8888a53265f751a:bbf998e04584477fa9a145838e9d3b26@sentry.io\/168994","sentry_initialization":1,"sentry_debugging":0,"bannerSizes":[],"aspectRatioVideo":"9_16","app_id":"301","showPreRewardedDialogue":0,"showPostRewardedDialogue":0,"rewardCurrency":"coins","rewardValue":0,"isSkipable":0,"privacyPolicyURL":"https:\/\/www.consoliads.com\/privacy-policy\/","sessionToken":"6SGPLJ9ukK9y+HDrxwQJzR1F8lICSZ9SnY7H7QxEotoMMS5IcgUb\/\/gpvh6KBrbWdhCus\/t\/yKQ2nopHmjmLL1duIhuCS5Ore6KR211iJgee3WnEYGXi8SKEPitFawzJihCPOJUw1XwV4xQ8fqmGuoO8O5fbMGgtGBX3uRLxSl0="}
Session token value is set

{"appKey":"eb62767ca2ab6872a737bde125c18e94","osVersion":"4.3","orientation":"0","is_mac":"0","model":"E3372","deviceID":"859","telco_operator":"Metfone","cpu":"0","brand":"iPhone","userConsent":"0","internet_connectivity":"0","height":"443","architecture":"aarch81","width":"443","resolution":"1080 x 1920","ram":"1,37 GB","sdkVersion":"22","product":"LUA-U22","devMode":"0"}: Status code not OK,http://52.13.174.6/sheeda/admin/api/startNewAdSession_2 API has failed at 46 NotFound
{"appKey":"71ee363c926a2d86eba2e0ed056d7667","osVersion":"4.2","orientation":"0","is_mac":"0","model":"iphone 3GS","deviceID":"992","telco_operator":" Ooredoo","cpu":"0","brand":"OPPO","userConsent":"0","internet_connectivity":"0","height":"496","architecture":"armv64","width":"496","resolution":"1440 x 2960","ram":"3.69 GB","sdkVersion":"22","product":"BKK-LX2","devMode":"0"}: Status code not OK,http://52.13.174.6/sheeda/admin/api/startNewAdSession_2 API has failed at 47 NotFound

{"appKey":"a721516b8f46a3bee645d61ef55d0769","osVersion":"9.0","orientation":"0","is_mac":"0","model":"GT-Nnnn0","deviceID":"647","telco_operator":"","cpu":"0","brand":"HUAWEI","userConsent":"0","internet_connectivity":"0","height":"359","architecture":"","width":"359","resolution":"1280x720","ram":"953,45 MB","sdkVersion":"39","product":"j7xeltexx","devMode":"0"}
cache_ttl value is correct

Refresh Ad Rate value is correct
mode value is set

 Aspect ratio value is correct
sentry_log value is set
local_logging value is set
sentry_initialization value is set
sentry_debugging value is set
showPreRewardedDialogue value is set
showPostRewardedDialogue value is set
isSkipable value is set
{"cache_ttl":10080,"cache_ttl_rewarded":10080,"cache_ttl_banner":10080,"cache_ttl_native":10080,"cache_ttl_icon":10080,"refreshAdRate":30,"mode":"Production","aspectRatio":"9_16","cdnPath":"https:\/\/df8ymybeo92md.cloudfront.net\/images\/","sentry_log":0,"local_logging":0,"sentry_dsn":"https:\/\/93ffa1c9a4124f67b8888a53265f751a:bbf998e04584477fa9a145838e9d3b26@sentry.io\/168994","sentry_initialization":1,"sentry_debugging":0,"bannerSizes":[],"aspectRatioVideo":"9_16","app_id":"310","showPreRewardedDialogue":0,"showPostRewardedDialogue":0,"rewardCurrency":"coins","rewardValue":0,"isSkipable":0,"privacyPolicyURL":"https:\/\/www.consoliads.com\/privacy-policy\/","sessionToken":"Nfs\/Z1YjO3dnC67R1du7nANGYD781eLAsFj5ttJAPaVM\/M3tuLs1GmV4Giut\/r+63Bhy40oQ+nSgSQadtc1KaFCvxLhn2WIhKkRNObwJqo2+5esJlS9zN7Y83k0bwMLFY+lQMNrb0+8ZWfeT6PrZX48Po9\/bhuCrJ8HyQU94oaM="}
Session token value is set


{"appKey":"cffdf6d34f1a66b74f85bb6f728ab84c","osVersion":"8.0","orientation":"0","is_mac":"0","model":"SM-Nnn0","deviceID":"857","telco_operator":"Azercell","cpu":"0","brand":"Xiaomi","userConsent":"0","internet_connectivity":"0","height":"442","architecture":"0","width":"442","resolution":"1196x720","ram":"3.51 GB ","sdkVersion":"39","product":"mido","devMode":"0"}
cache_ttl value is correct

Refresh Ad Rate value is correct
mode value is set

 Aspect ratio value is correct
sentry_log value is set
local_logging value is set
sentry_initialization value is set
sentry_debugging value is set
showPreRewardedDialogue value is set
showPostRewardedDialogue value is set
isSkipable value is set
{"cache_ttl":10080,"cache_ttl_rewarded":10080,"cache_ttl_banner":10080,"cache_ttl_native":10080,"cache_ttl_icon":10080,"refreshAdRate":30,"mode":"Production","aspectRatio":"9_16","cdnPath":"https:\/\/df8ymybeo92md.cloudfront.net\/images\/","sentry_log":0,"local_logging":0,"sentry_dsn":"https:\/\/93ffa1c9a4124f67b8888a53265f751a:bbf998e04584477fa9a145838e9d3b26@sentry.io\/168994","sentry_initialization":1,"sentry_debugging":0,"bannerSizes":[],"aspectRatioVideo":"9_16","app_id":"316","showPreRewardedDialogue":0,"showPostRewardedDialogue":0,"rewardCurrency":"coins","rewardValue":0,"isSkipable":0,"privacyPolicyURL":"https:\/\/www.consoliads.com\/privacy-policy\/","sessionToken":"v1pUECTYNfxCBE0kL\/91ppHXa2aXYN4Tm9WOM\/V4KkFYpAWkItlvGXPgUJrwJqraOE\/xGAO6k8EoySU5BzC0nCmGmTyHv12Kw9eyV7E5sfan99SpPzt7Gm6QatCGYFJ2DmMThsixsAUNmtuxJYDAgMtcQxNfy\/BjsUziwJv091Q="}
Session token value is set

</DebugTrace>
      </Output>
    </UnitTestResult>
    <UnitTestResult executionId="54342617-268d-438c-aa53-58e2cad0ffd9" testId="f70c910a-cc07-24cb-0d1c-bc2c00fc396f" testName="G_SyncAppunityMainMethodCodeGenerator" computerName="DESKTOP-5AJ0SB3" duration="00:01:08.9875751" startTime="2021-01-05T13:06:34.9714754+05:00" endTime="2021-01-05T13:07:43.9983144+05:00" testType="13cdc9d9-ddb5-4fa4-a97d-d965ccfc6d4b" outcome="Passed" testListId="8c84fa94-04c1-424b-9868-57a2d4851a1d" relativeResultsDirectory="54342617-268d-438c-aa53-58e2cad0ffd9">
      <Output>
        <DebugTrace>****************** http://52.13.174.6/sheeda/admin/api/startNewAdSession_2
****************** SELECT apps.package,apps.title,apps.companyID, apps.osID , users.userSignature, apps.appVersionCode, apps.appVersionName FROM apps 
 join users ON apps.companyID = users.companyID where apps.app_type = 'app' AND apps.sdkID &gt; 20 And users.isAdmin = 1 AND users.status = 1 ORDER BY companyID ASC
LIMIT 50



****************** 
****************** select adID from ads where ad_type != 'analytics';
****************** select adID from ads where ad_type != 'analytics' and ad_type ='interstitial'
****************** select adID from ads where ad_type != 'analytics' and ad_type ='banner'
****************** select adID from ads where ad_type != 'analytics' and ad_type ='native'
****************** select adID from ads where ad_type != 'analytics' and ad_type ='rewarded_video'
****************** SELECT sdkID, ver FROM `sdk_info` WHERE `description` LIKE '%mediation unity%' AND sdkID &gt; 2173 LIMIT 50
****************** 
****************** http://52.13.174.6/sheeda/admin/json/syncApp
****************** http://52.13.174.6/sheeda/admin/json/syncApp
****************** http://52.13.174.6/sheeda/admin/json/syncApp
****************** http://52.13.174.6/sheeda/admin/json/syncApp
****************** http://52.13.174.6/sheeda/admin/json/syncApp
****************** http://52.13.174.6/sheeda/admin/json/syncApp
****************** http://52.13.174.6/sheeda/admin/json/syncApp
****************** http://52.13.174.6/sheeda/admin/json/syncApp
Ads mediation queue value is set
child directed value is set
Sequences value is set
Is hide ads value is set
****************** http://52.13.174.6/sheeda/admin/json/syncApp
****************** http://52.13.174.6/sheeda/admin/json/syncApp
****************** http://52.13.174.6/sheeda/admin/json/syncApp
****************** http://52.13.174.6/sheeda/admin/json/syncApp
****************** http://52.13.174.6/sheeda/admin/json/syncApp
****************** http://52.13.174.6/sheeda/admin/json/syncApp
****************** http://52.13.174.6/sheeda/admin/json/syncApp
****************** http://52.13.174.6/sheeda/admin/json/syncApp
****************** http://52.13.174.6/sheeda/admin/json/syncApp
****************** http://52.13.174.6/sheeda/admin/json/syncApp
****************** http://52.13.174.6/sheeda/admin/json/syncApp
****************** http://52.13.174.6/sheeda/admin/json/syncApp
Ads mediation queue value is set
child directed value is set
Sequences value is set
Is hide ads value is set
****************** http://52.13.174.6/sheeda/admin/json/syncApp
****************** http://52.13.174.6/sheeda/admin/json/syncApp
Ads mediation queue value is set
child directed value is set
Sequences value is set
Is hide ads value is set
****************** http://52.13.174.6/sheeda/admin/json/syncApp
****************** http://52.13.174.6/sheeda/admin/json/syncApp
Ads mediation queue value is set
child directed value is set
Sequences value is set
Is hide ads value is set
****************** http://52.13.174.6/sheeda/admin/json/syncApp
****************** http://52.13.174.6/sheeda/admin/json/syncApp
****************** http://52.13.174.6/sheeda/admin/json/syncApp
****************** http://52.13.174.6/sheeda/admin/json/syncApp
****************** http://52.13.174.6/sheeda/admin/json/syncApp
****************** http://52.13.174.6/sheeda/admin/json/syncApp
****************** http://52.13.174.6/sheeda/admin/json/syncApp
****************** http://52.13.174.6/sheeda/admin/json/syncApp
****************** http://52.13.174.6/sheeda/admin/json/syncApp
****************** http://52.13.174.6/sheeda/admin/json/syncApp
****************** http://52.13.174.6/sheeda/admin/json/syncApp
****************** http://52.13.174.6/sheeda/admin/json/syncApp
****************** http://52.13.174.6/sheeda/admin/json/syncApp
****************** http://52.13.174.6/sheeda/admin/json/syncApp
****************** http://52.13.174.6/sheeda/admin/json/syncApp
****************** http://52.13.174.6/sheeda/admin/json/syncApp
****************** http://52.13.174.6/sheeda/admin/json/syncApp
****************** http://52.13.174.6/sheeda/admin/json/syncApp
Ads mediation queue value is set
child directed value is set
Sequences value is set
Is hide ads value is set
****************** http://52.13.174.6/sheeda/admin/json/syncApp
****************** http://52.13.174.6/sheeda/admin/json/syncApp
****************** http://52.13.174.6/sheeda/admin/json/syncApp
****************** http://52.13.174.6/sheeda/admin/json/syncApp
****************** http://52.13.174.6/sheeda/admin/json/syncApp
****************** http://52.13.174.6/sheeda/admin/json/syncApp
****************** http://52.13.174.6/sheeda/admin/json/syncApp
****************** http://52.13.174.6/sheeda/admin/json/syncApp
****************** http://52.13.174.6/sheeda/admin/json/syncApp
****************** http://52.13.174.6/sheeda/admin/json/syncApp
Ads mediation queue value is set
child directed value is set
Sequences value is set
Is hide ads value is set
****************** http://52.13.174.6/sheeda/admin/json/syncApp
****************** http://52.13.174.6/sheeda/admin/json/syncApp
Ads mediation queue value is set
child directed value is set
Sequences value is set
Is hide ads value is set
****************** http://52.13.174.6/sheeda/admin/json/syncApp
****************** http://52.13.174.6/sheeda/admin/json/syncApp
****************** http://52.13.174.6/sheeda/admin/json/syncApp
****************** http://52.13.174.6/sheeda/admin/json/syncApp
Ads mediation queue value is set
child directed value is set
Sequences value is set
Is hide ads value is set
****************** http://52.13.174.6/sheeda/admin/json/syncApp
****************** http://52.13.174.6/sheeda/admin/json/syncApp
****************** http://52.13.174.6/sheeda/admin/json/syncApp
****************** http://52.13.174.6/sheeda/admin/json/syncApp
Ads mediation queue value is set
child directed value is set
Sequences value is set
Is hide ads value is set
****************** http://52.13.174.6/sheeda/admin/json/syncApp
****************** http://52.13.174.6/sheeda/admin/json/syncApp
****************** http://52.13.174.6/sheeda/admin/json/syncApp
****************** http://52.13.174.6/sheeda/admin/json/syncApp
****************** http://52.13.174.6/sheeda/admin/json/syncApp
****************** http://52.13.174.6/sheeda/admin/json/syncApp
****************** http://52.13.174.6/sheeda/admin/json/syncApp
****************** http://52.13.174.6/sheeda/admin/json/syncApp
****************** http://52.13.174.6/sheeda/admin/json/syncApp
****************** http://52.13.174.6/sheeda/admin/json/syncApp
****************** http://52.13.174.6/sheeda/admin/json/syncApp
****************** http://52.13.174.6/sheeda/admin/json/syncApp
****************** http://52.13.174.6/sheeda/admin/json/syncApp
****************** http://52.13.174.6/sheeda/admin/json/syncApp
****************** http://52.13.174.6/sheeda/admin/json/syncApp
****************** http://52.13.174.6/sheeda/admin/json/syncApp
****************** http://52.13.174.6/sheeda/admin/json/syncApp
****************** http://52.13.174.6/sheeda/admin/json/syncApp
Ads mediation queue value is set
child directed value is set
Sequences value is set
Is hide ads value is set
****************** http://52.13.174.6/sheeda/admin/json/syncApp
****************** http://52.13.174.6/sheeda/admin/json/syncApp
****************** http://52.13.174.6/sheeda/admin/json/syncApp
****************** http://52.13.174.6/sheeda/admin/json/syncApp
****************** http://52.13.174.6/sheeda/admin/json/syncApp
****************** http://52.13.174.6/sheeda/admin/json/syncApp
****************** http://52.13.174.6/sheeda/admin/json/syncApp
****************** http://52.13.174.6/sheeda/admin/json/syncApp
****************** http://52.13.174.6/sheeda/admin/json/syncApp
****************** http://52.13.174.6/sheeda/admin/json/syncApp
****************** http://52.13.174.6/sheeda/admin/json/syncApp
****************** http://52.13.174.6/sheeda/admin/json/syncApp
****************** http://52.13.174.6/sheeda/admin/json/syncApp
****************** http://52.13.174.6/sheeda/admin/json/syncApp
Ads mediation queue value is set
child directed value is set
Sequences value is set
Is hide ads value is set
****************** http://52.13.174.6/sheeda/admin/json/syncApp
****************** http://52.13.174.6/sheeda/admin/json/syncApp
****************** http://52.13.174.6/sheeda/admin/json/syncApp
****************** http://52.13.174.6/sheeda/admin/json/syncApp
****************** http://52.13.174.6/sheeda/admin/json/syncApp
****************** http://52.13.174.6/sheeda/admin/json/syncApp
</DebugTrace>
      </Output>
    </UnitTestResult>
    <UnitTestResult executionId="d260e575-fa86-4177-8d32-deb5e2a98458" testId="4d0749f1-2acf-bf6d-9151-b617319ecfaf" testName="F_SyncUserDeviceMainMethodCodeGenerator" computerName="DESKTOP-5AJ0SB3" duration="00:01:13.5534511" startTime="2021-01-05T13:07:44.0033109+05:00" endTime="2021-01-05T13:08:57.5657897+05:00" testType="13cdc9d9-ddb5-4fa4-a97d-d965ccfc6d4b" outcome="Passed" testListId="8c84fa94-04c1-424b-9868-57a2d4851a1d" relativeResultsDirectory="d260e575-fa86-4177-8d32-deb5e2a98458">
      <Output>
        <DebugTrace>****************** http://52.13.174.6/sheeda/admin/analytics/syncUserDevice
****************** SELECT apps.package, apps.appID, apps.osID, apps.companyID, apps.sdkID, sdk_info.ver, apps.appVersionCode, apps.appVersionName FROM apps INNER JOIN sdk_info ON apps.sdkID = sdk_info.sdkID WHERE apps.sdkID &gt; 20 LIMIT 50
****************** 
****************** select adID from ads where ad_type != 'analytics';
****************** 
****************** http://52.13.174.6/sheeda/admin/analytics/syncUserDevice
AM mode is working fine
child directed value is set
Sequences value is set
Is hide ads value is set
Mediation mode value is set
Ads mediation queue value is set
Message value is completed
****************** http://52.13.174.6/sheeda/admin/analytics/syncUserDevice
{"package":"com.whitesand.farm.water.supply","appVersionCode":"","appVersionName":"","nativeApp":"0","store":"41","uniqueDeviceID":"8778","appID":"","deviceID":"","region":"","adsQueueEventStats ":[{"adID":"1","sceneID":"22"," request":"878"," impression":"878"," click":"878"}],"gssdkVersion":"2.0.3","sdkVersionID":"21","sdkVersion":"21","devMode":"0"}: message value is other then completed,http://52.13.174.6/sheeda/admin/analytics/syncUserDeviceapi is failed
****************** http://52.13.174.6/sheeda/admin/analytics/syncUserDevice
AM mode is working fine
Message value is completed
****************** http://52.13.174.6/sheeda/admin/analytics/syncUserDevice
AM mode is working fine
Message value is completed
****************** http://52.13.174.6/sheeda/admin/analytics/syncUserDevice
****************** http://52.13.174.6/sheeda/admin/analytics/syncUserDevice
AM mode is working fine
Message value is completed
****************** http://52.13.174.6/sheeda/admin/analytics/syncUserDevice
{"package":"com.amazing.gamez.airplane.car.transporter.pilot","appVersionCode":"","appVersionName":"","nativeApp":"0","store":"41","uniqueDeviceID":"5486","appID":"","deviceID":"","region":"","adsQueueEventStats ":[{"adID":"6","sceneID":"14"," request":"549"," impression":"549"," click":"549"}],"gssdkVersion":"3.2.2","sdkVersionID":"39","sdkVersion":"39","devMode":"0"}: message value is other then completed,http://52.13.174.6/sheeda/admin/analytics/syncUserDeviceapi is failed
****************** http://52.13.174.6/sheeda/admin/analytics/syncUserDevice
{"package":"com.amazing.gamez.airplane.car.transporter.pilot","appVersionCode":"","appVersionName":"","nativeApp":"0","store":"43","uniqueDeviceID":"6882","appID":"","deviceID":"","region":"","adsQueueEventStats ":[{"adID":"7","sceneID":"18"," request":"688"," impression":"688"," click":"688"}],"gssdkVersion":"3.2.2","sdkVersionID":"39","sdkVersion":"39","devMode":"0"}: message value is other then completed,http://52.13.174.6/sheeda/admin/analytics/syncUserDeviceapi is failed
****************** http://52.13.174.6/sheeda/admin/analytics/syncUserDevice
{"package":"com.amazing.gamez.snow.plow.truck.simulator","appVersionCode":"","appVersionName":"","nativeApp":"0","store":"41","uniqueDeviceID":"1103","appID":"","deviceID":"","region":"","adsQueueEventStats ":[{"adID":"8","sceneID":"3"," request":"111"," impression":"111"," click":"111"}],"gssdkVersion":"3.2.2","sdkVersionID":"39","sdkVersion":"39","devMode":"0"}: message value is other then completed,http://52.13.174.6/sheeda/admin/analytics/syncUserDeviceapi is failed
****************** http://52.13.174.6/sheeda/admin/analytics/syncUserDevice
AM mode is working fine
Message value is completed
****************** http://52.13.174.6/sheeda/admin/analytics/syncUserDevice
****************** http://52.13.174.6/sheeda/admin/analytics/syncUserDevice
****************** http://52.13.174.6/sheeda/admin/analytics/syncUserDevice
AM mode is working fine
Message value is completed
****************** http://52.13.174.6/sheeda/admin/analytics/syncUserDevice
AM mode is working fine
Message value is completed
****************** http://52.13.174.6/sheeda/admin/analytics/syncUserDevice
****************** http://52.13.174.6/sheeda/admin/analytics/syncUserDevice
{"package":"com.amazing.gamez.airplane.car.transporter.pilot","appVersionCode":"","appVersionName":"","nativeApp":"0","store":"42","uniqueDeviceID":"8825","appID":"","deviceID":"","region":"","adsQueueEventStats ":[{"adID":"18","sceneID":"23"," request":"882"," impression":"882"," click":"882"}],"gssdkVersion":"3.2.2","sdkVersionID":"39","sdkVersion":"39","devMode":"0"}: message value is other then completed,http://52.13.174.6/sheeda/admin/analytics/syncUserDeviceapi is failed
****************** http://52.13.174.6/sheeda/admin/analytics/syncUserDevice
{"package":"com.amazing.gamez.off.road.hill.climb","appVersionCode":"","appVersionName":"","nativeApp":"0","store":"41","uniqueDeviceID":"222","appID":"","deviceID":"","region":"","adsQueueEventStats ":[{"adID":"19","sceneID":"1"," request":"23"," impression":"23"," click":"23"}],"gssdkVersion":"3.2.2","sdkVersionID":"39","sdkVersion":"39","devMode":"0"}: message value is other then completed,http://52.13.174.6/sheeda/admin/analytics/syncUserDeviceapi is failed
****************** http://52.13.174.6/sheeda/admin/analytics/syncUserDevice
{"package":"com.amazing.gamez.off.road.hill.climb","appVersionCode":"","appVersionName":"","nativeApp":"0","store":"43","uniqueDeviceID":"9981","appID":"","deviceID":"","region":"","adsQueueEventStats ":[{"adID":"20","sceneID":"25"," request":"998"," impression":"998"," click":"998"}],"gssdkVersion":"3.2.2","sdkVersionID":"39","sdkVersion":"39","devMode":"0"}: message value is other then completed,http://52.13.174.6/sheeda/admin/analytics/syncUserDeviceapi is failed
****************** http://52.13.174.6/sheeda/admin/analytics/syncUserDevice
****************** http://52.13.174.6/sheeda/admin/analytics/syncUserDevice
AM mode is working fine
Message value is completed
****************** http://52.13.174.6/sheeda/admin/analytics/syncUserDevice
AM mode is working fine
Message value is completed
****************** http://52.13.174.6/sheeda/admin/analytics/syncUserDevice
AM mode is working fine
Message value is completed
****************** http://52.13.174.6/sheeda/admin/analytics/syncUserDevice
AM mode is working fine
Message value is completed
****************** http://52.13.174.6/sheeda/admin/analytics/syncUserDevice
{"package":"com.amazing.gamez.share.attack.survival.simulator","appVersionCode":"","appVersionName":"","nativeApp":"0","store":"42","uniqueDeviceID":"6308","appID":"","deviceID":"","region":"","adsQueueEventStats ":[{"adID":"26","sceneID":"16"," request":"631"," impression":"631"," click":"631"}],"gssdkVersion":"3.2.2","sdkVersionID":"39","sdkVersion":"39","devMode":"0"}: message value is other then completed,http://52.13.174.6/sheeda/admin/analytics/syncUserDeviceapi is failed
****************** http://52.13.174.6/sheeda/admin/analytics/syncUserDevice
****************** http://52.13.174.6/sheeda/admin/analytics/syncUserDevice
{"package":"com.amazing.gamez.counter.terrorist.force","appVersionCode":"","appVersionName":"","nativeApp":"0","store":"41","uniqueDeviceID":"6036","appID":"","deviceID":"","region":"","adsQueueEventStats ":[{"adID":"28","sceneID":"16"," request":"603"," impression":"603"," click":"603"}],"gssdkVersion":"3.2.2","sdkVersionID":"39","sdkVersion":"39","devMode":"0"}: message value is other then completed,http://52.13.174.6/sheeda/admin/analytics/syncUserDeviceapi is failed
****************** http://52.13.174.6/sheeda/admin/analytics/syncUserDevice
AM mode is working fine
Message value is completed
****************** http://52.13.174.6/sheeda/admin/analytics/syncUserDevice
AM mode is working fine
Message value is completed
****************** http://52.13.174.6/sheeda/admin/analytics/syncUserDevice
AM mode is working fine
Message value is completed
****************** http://52.13.174.6/sheeda/admin/analytics/syncUserDevice
AM mode is working fine
Message value is completed
****************** http://52.13.174.6/sheeda/admin/analytics/syncUserDevice
AM mode is working fine
Message value is completed
****************** http://52.13.174.6/sheeda/admin/analytics/syncUserDevice
AM mode is working fine
Message value is completed
****************** http://52.13.174.6/sheeda/admin/analytics/syncUserDevice
AM mode is working fine
child directed value is set
Sequences value is set
Is hide ads value is set
Mediation mode value is set
Ads mediation queue value is set
Message value is completed
****************** http://52.13.174.6/sheeda/admin/analytics/syncUserDevice
AM mode is working fine
Message value is completed
****************** http://52.13.174.6/sheeda/admin/analytics/syncUserDevice
AM mode is working fine
Message value is completed
****************** http://52.13.174.6/sheeda/admin/analytics/syncUserDevice
AM mode is working fine
Message value is completed
****************** http://52.13.174.6/sheeda/admin/analytics/syncUserDevice
AM mode is working fine
Message value is completed
****************** http://52.13.174.6/sheeda/admin/analytics/syncUserDevice
AM mode is working fine
Message value is completed
****************** http://52.13.174.6/sheeda/admin/analytics/syncUserDevice
AM mode is working fine
Message value is completed
****************** http://52.13.174.6/sheeda/admin/analytics/syncUserDevice
AM mode is working fine
Message value is completed
****************** http://52.13.174.6/sheeda/admin/analytics/syncUserDevice
AM mode is working fine
Message value is completed
****************** http://52.13.174.6/sheeda/admin/analytics/syncUserDevice
AM mode is working fine
Message value is completed
****************** http://52.13.174.6/sheeda/admin/analytics/syncUserDevice
AM mode is working fine
Message value is completed
****************** http://52.13.174.6/sheeda/admin/analytics/syncUserDevice
AM mode is working fine
Message value is completed
****************** http://52.13.174.6/sheeda/admin/analytics/syncUserDevice
AM mode is working fine
Message value is completed
****************** http://52.13.174.6/sheeda/admin/analytics/syncUserDevice
AM mode is working fine
Message value is completed
****************** http://52.13.174.6/sheeda/admin/analytics/syncUserDevice
AM mode is working fine
Message value is completed
****************** http://52.13.174.6/sheeda/admin/analytics/syncUserDevice
AM mode is working fine
Message value is completed
****************** http://52.13.174.6/sheeda/admin/analytics/syncUserDevice
AM mode is working fine
Message value is completed
****************** http://52.13.174.6/sheeda/admin/analytics/syncUserDevice
AM mode is working fine
Message value is completed
</DebugTrace>
      </Output>
    </UnitTestResult>
  </Results>
</TestRun>